[
    {
        "Bao": {
            "Bao prediction": "NaN",
            "Bao recommended hint": "(no hint)"
        }
    },
    {
        "Plan": {
            "Node Type": "Aggregate",
            "Strategy": "Plain",
            "Partial Mode": "Finalize",
            "Parallel Aware": false,
            "Startup Cost": 24799.49,
            "Total Cost": 24799.5,
            "Plan Rows": 1,
            "Plan Width": 8,
            "Actual Startup Time": 68.797,
            "Actual Total Time": 72.473,
            "Actual Rows": 1,
            "Actual Loops": 1,
            "Output": [
                "count(*)"
            ],
            "Plans": [
                {
                    "Node Type": "Gather",
                    "Parent Relationship": "Outer",
                    "Parallel Aware": false,
                    "Startup Cost": 24799.17,
                    "Total Cost": 24799.48,
                    "Plan Rows": 3,
                    "Plan Width": 8,
                    "Actual Startup Time": 68.463,
                    "Actual Total Time": 72.465,
                    "Actual Rows": 4,
                    "Actual Loops": 1,
                    "Output": [
                        "(PARTIAL count(*))"
                    ],
                    "Workers Planned": 3,
                    "Workers Launched": 3,
                    "Single Copy": false,
                    "Plans": [
                        {
                            "Node Type": "Aggregate",
                            "Strategy": "Plain",
                            "Partial Mode": "Partial",
                            "Parent Relationship": "Outer",
                            "Parallel Aware": false,
                            "Startup Cost": 23799.17,
                            "Total Cost": 23799.18,
                            "Plan Rows": 1,
                            "Plan Width": 8,
                            "Actual Startup Time": 59.119,
                            "Actual Total Time": 59.121,
                            "Actual Rows": 1,
                            "Actual Loops": 4,
                            "Output": [
                                "PARTIAL count(*)"
                            ],
                            "Workers": [
                                {
                                    "Worker Number": 0,
                                    "Actual Startup Time": 55.052,
                                    "Actual Total Time": 55.054,
                                    "Actual Rows": 1,
                                    "Actual Loops": 1
                                },
                                {
                                    "Worker Number": 1,
                                    "Actual Startup Time": 56.534,
                                    "Actual Total Time": 56.536,
                                    "Actual Rows": 1,
                                    "Actual Loops": 1
                                },
                                {
                                    "Worker Number": 2,
                                    "Actual Startup Time": 57.05,
                                    "Actual Total Time": 57.051,
                                    "Actual Rows": 1,
                                    "Actual Loops": 1
                                }
                            ],
                            "Plans": [
                                {
                                    "Node Type": "Bitmap Heap Scan",
                                    "Parent Relationship": "Outer",
                                    "Parallel Aware": true,
                                    "Relation Name": "movie_companies",
                                    "Schema": "public",
                                    "Alias": "mc",
                                    "Startup Cost": 4030.18,
                                    "Total Cost": 23725.23,
                                    "Plan Rows": 29575,
                                    "Plan Width": 0,
                                    "Actual Startup Time": 19.145,
                                    "Actual Total Time": 56.009,
                                    "Actual Rows": 36733,
                                    "Actual Loops": 4,
                                    "Recheck Cond": "(mc.company_id < 49)",
                                    "Rows Removed by Index Recheck": 0,
                                    "Filter": "(mc.company_type_id < 2)",
                                    "Rows Removed by Filter": 9778,
                                    "Exact Heap Blocks": 9929,
                                    "Lossy Heap Blocks": 0,
                                    "Workers": [
                                        {
                                            "Worker Number": 0,
                                            "Actual Startup Time": 15.128,
                                            "Actual Total Time": 52.402,
                                            "Actual Rows": 14431,
                                            "Actual Loops": 1
                                        },
                                        {
                                            "Worker Number": 1,
                                            "Actual Startup Time": 16.64,
                                            "Actual Total Time": 53.921,
                                            "Actual Rows": 14999,
                                            "Actual Loops": 1
                                        },
                                        {
                                            "Worker Number": 2,
                                            "Actual Startup Time": 17.138,
                                            "Actual Total Time": 54.336,
                                            "Actual Rows": 14491,
                                            "Actual Loops": 1
                                        }
                                    ],
                                    "Plans": [
                                        {
                                            "Node Type": "Bitmap Index Scan",
                                            "Parent Relationship": "Outer",
                                            "Parallel Aware": false,
                                            "Index Name": "company_id_movie_companies",
                                            "Startup Cost": 0.0,
                                            "Total Cost": 4007.26,
                                            "Plan Rows": 187044,
                                            "Plan Width": 0,
                                            "Actual Startup Time": 23.883,
                                            "Actual Total Time": 23.883,
                                            "Actual Rows": 186044,
                                            "Actual Loops": 1,
                                            "Index Cond": "(mc.company_id < 49)"
                                        }
                                    ]
                                }
                            ]
                        }
                    ]
                }
            ]
        },
        "Planning Time": 230.253,
        "Triggers": [],
        "Execution Time": 72.586
    }
]