{
  "Plan": {
    "Node Type": "Aggregate",
    "Strategy": "Plain",
    "Partial Mode": "Finalize",
    "Parallel Aware": false,
    "Startup Cost": 192645.52,
    "Total Cost": 192645.53,
    "Plan Rows": 1,
    "Plan Width": 8,
    "Actual Startup Time": 1595.417,
    "Actual Total Time": 1617.433,
    "Actual Rows": 1,
    "Actual Loops": 1,
    "Plans": [
      {
        "Node Type": "Gather",
        "Parent Relationship": "Outer",
        "Parallel Aware": false,
        "Startup Cost": 192645.4,
        "Total Cost": 192645.51,
        "Plan Rows": 1,
        "Plan Width": 8,
        "Actual Startup Time": 1591.155,
        "Actual Total Time": 1617.425,
        "Actual Rows": 2,
        "Actual Loops": 1,
        "Workers Planned": 1,
        "Workers Launched": 1,
        "Single Copy": false,
        "Plans": [
          {
            "Node Type": "Aggregate",
            "Strategy": "Plain",
            "Partial Mode": "Partial",
            "Parent Relationship": "Outer",
            "Parallel Aware": false,
            "Startup Cost": 191645.4,
            "Total Cost": 191645.41,
            "Plan Rows": 1,
            "Plan Width": 8,
            "Actual Startup Time": 1582.931,
            "Actual Total Time": 1582.937,
            "Actual Rows": 1,
            "Actual Loops": 2,
            "Plans": [
              {
                "Node Type": "Hash Join",
                "Parent Relationship": "Outer",
                "Parallel Aware": true,
                "Join Type": "Inner",
                "Startup Cost": 114066.5,
                "Total Cost": 188577.56,
                "Plan Rows": 1227137,
                "Plan Width": 0,
                "Actual Startup Time": 1028.815,
                "Actual Total Time": 1543.564,
                "Actual Rows": 711194,
                "Actual Loops": 2,
                "Inner Unique": false,
                "Hash Cond": "(mk.movie_id = t.id)",
                "Plans": [
                  {
                    "Node Type": "Seq Scan",
                    "Parent Relationship": "Outer",
                    "Parallel Aware": true,
                    "Relation Name": "movie_keyword",
                    "Alias": "mk",
                    "Startup Cost": 0.0,
                    "Total Cost": 57718.19,
                    "Plan Rows": 2553179,
                    "Plan Width": 4,
                    "Actual Startup Time": 0.02,
                    "Actual Total Time": 252.896,
                    "Actual Rows": 2172468,
                    "Actual Loops": 2,
                    "Filter": "(keyword_id < 71696)",
                    "Rows Removed by Filter": 89496
                  },
                  {
                    "Node Type": "Hash",
                    "Parent Relationship": "Inner",
                    "Parallel Aware": true,
                    "Startup Cost": 105131.39,
                    "Total Cost": 105131.39,
                    "Plan Rows": 714809,
                    "Plan Width": 8,
                    "Actual Startup Time": 1014.312,
                    "Actual Total Time": 1014.316,
                    "Actual Rows": 292744,
                    "Actual Loops": 2,
                    "Hash Buckets": 2097152,
                    "Original Hash Buckets": 2097152,
                    "Hash Batches": 1,
                    "Original Hash Batches": 1,
                    "Peak Memory Usage": 39328,
                    "Plans": [
                      {
                        "Node Type": "Hash Join",
                        "Parent Relationship": "Outer",
                        "Parallel Aware": true,
                        "Join Type": "Inner",
                        "Startup Cost": 66964.76,
                        "Total Cost": 105131.39,
                        "Plan Rows": 714809,
                        "Plan Width": 8,
                        "Actual Startup Time": 417.478,
                        "Actual Total Time": 912.155,
                        "Actual Rows": 292744,
                        "Actual Loops": 2,
                        "Inner Unique": true,
                        "Hash Cond": "(mc.movie_id = t.id)",
                        "Plans": [
                          {
                            "Node Type": "Seq Scan",
                            "Parent Relationship": "Outer",
                            "Parallel Aware": true,
                            "Relation Name": "movie_companies",
                            "Alias": "mc",
                            "Startup Cost": 0.0,
                            "Total Cost": 34137.82,
                            "Plan Rows": 1534782,
                            "Plan Width": 4,
                            "Actual Startup Time": 0.016,
                            "Actual Total Time": 131.093,
                            "Actual Rows": 1304564,
                            "Actual Loops": 2
                          },
                          {
                            "Node Type": "Hash",
                            "Parent Relationship": "Inner",
                            "Parallel Aware": true,
                            "Startup Cost": 58306.47,
                            "Total Cost": 58306.47,
                            "Plan Rows": 692663,
                            "Plan Width": 4,
                            "Actual Startup Time": 409.136,
                            "Actual Total Time": 409.137,
                            "Actual Rows": 569978,
                            "Actual Loops": 2,
                            "Hash Buckets": 2097152,
                            "Original Hash Buckets": 2097152,
                            "Hash Batches": 1,
                            "Original Hash Batches": 1,
                            "Peak Memory Usage": 60992,
                            "Plans": [
                              {
                                "Node Type": "Seq Scan",
                                "Parent Relationship": "Outer",
                                "Parallel Aware": true,
                                "Relation Name": "title",
                                "Alias": "t",
                                "Startup Cost": 0.0,
                                "Total Cost": 58306.47,
                                "Plan Rows": 692663,
                                "Plan Width": 4,
                                "Actual Startup Time": 0.038,
                                "Actual Total Time": 203.396,
                                "Actual Rows": 569978,
                                "Actual Loops": 2,
                                "Filter": "((kind_id > 4) AND (production_year < 2010))",
                                "Rows Removed by Filter": 694178
                              }
                            ]
                          }
                        ]
                      }
                    ]
                  }
                ]
              }
            ]
          }
        ]
      }
    ]
  },
  "Planning Time": 0.942,
  "Triggers": [],
  "Execution Time": 1617.556
}