{
  "Plan": {
    "Node Type": "Aggregate",
    "Strategy": "Plain",
    "Partial Mode": "Finalize",
    "Parallel Aware": false,
    "Startup Cost": 75225.44,
    "Total Cost": 75225.45,
    "Plan Rows": 1,
    "Plan Width": 8,
    "Actual Startup Time": 231.019,
    "Actual Total Time": 244.189,
    "Actual Rows": 1,
    "Actual Loops": 1,
    "Plans": [
      {
        "Node Type": "Gather",
        "Parent Relationship": "Outer",
        "Parallel Aware": false,
        "Startup Cost": 75225.33,
        "Total Cost": 75225.44,
        "Plan Rows": 1,
        "Plan Width": 8,
        "Actual Startup Time": 230.777,
        "Actual Total Time": 244.182,
        "Actual Rows": 2,
        "Actual Loops": 1,
        "Workers Planned": 1,
        "Workers Launched": 1,
        "Single Copy": false,
        "Plans": [
          {
            "Node Type": "Aggregate",
            "Strategy": "Plain",
            "Partial Mode": "Partial",
            "Parent Relationship": "Outer",
            "Parallel Aware": false,
            "Startup Cost": 74225.33,
            "Total Cost": 74225.34,
            "Plan Rows": 1,
            "Plan Width": 8,
            "Actual Startup Time": 225.197,
            "Actual Total Time": 225.2,
            "Actual Rows": 1,
            "Actual Loops": 2,
            "Plans": [
              {
                "Node Type": "Hash Join",
                "Parent Relationship": "Outer",
                "Parallel Aware": true,
                "Join Type": "Inner",
                "Startup Cost": 54705.5,
                "Total Cost": 74216.75,
                "Plan Rows": 3429,
                "Plan Width": 0,
                "Actual Startup Time": 137.551,
                "Actual Total Time": 225.01,
                "Actual Rows": 3420,
                "Actual Loops": 2,
                "Inner Unique": true,
                "Hash Cond": "(mi_idx.movie_id = t.id)",
                "Plans": [
                  {
                    "Node Type": "Seq Scan",
                    "Parent Relationship": "Outer",
                    "Parallel Aware": true,
                    "Relation Name": "movie_info_idx",
                    "Alias": "mi_idx",
                    "Startup Cost": 0.0,
                    "Total Cost": 18082.32,
                    "Plan Rows": 544356,
                    "Plan Width": 4,
                    "Actual Startup Time": 0.019,
                    "Actual Total Time": 56.069,
                    "Actual Rows": 460055,
                    "Actual Loops": 2,
                    "Filter": "(info_type_id > 99)",
                    "Rows Removed by Filter": 229962
                  },
                  {
                    "Node Type": "Hash",
                    "Parent Relationship": "Inner",
                    "Parallel Aware": true,
                    "Startup Cost": 54588.39,
                    "Total Cost": 54588.39,
                    "Plan Rows": 9369,
                    "Plan Width": 4,
                    "Actual Startup Time": 136.136,
                    "Actual Total Time": 136.137,
                    "Actual Rows": 7019,
                    "Actual Loops": 2,
                    "Hash Buckets": 16384,
                    "Original Hash Buckets": 16384,
                    "Hash Batches": 1,
                    "Original Hash Batches": 1,
                    "Peak Memory Usage": 704,
                    "Plans": [
                      {
                        "Node Type": "Seq Scan",
                        "Parent Relationship": "Outer",
                        "Parallel Aware": true,
                        "Relation Name": "title",
                        "Alias": "t",
                        "Startup Cost": 0.0,
                        "Total Cost": 54588.39,
                        "Plan Rows": 9369,
                        "Plan Width": 4,
                        "Actual Startup Time": 0.171,
                        "Actual Total Time": 133.555,
                        "Actual Rows": 7019,
                        "Actual Loops": 2,
                        "Filter": "(production_year = 1977)",
                        "Rows Removed by Filter": 1257137
                      }
                    ]
                  }
                ]
              }
            ]
          }
        ]
      }
    ]
  },
  "Planning Time": 0.489,
  "Triggers": [],
  "Execution Time": 244.259
}