[
    {
        "Bao": {
            "Bao prediction": "NaN",
            "Bao recommended hint": "(no hint)"
        }
    },
    {
        "Plan": {
            "Node Type": "Aggregate",
            "Strategy": "Plain",
            "Partial Mode": "Simple",
            "Parallel Aware": false,
            "Startup Cost": 27065.23,
            "Total Cost": 27065.24,
            "Plan Rows": 1,
            "Plan Width": 8,
            "Actual Startup Time": 37.235,
            "Actual Total Time": 37.236,
            "Actual Rows": 1,
            "Actual Loops": 1,
            "Output": [
                "count(*)"
            ],
            "Plans": [
                {
                    "Node Type": "Bitmap Heap Scan",
                    "Parent Relationship": "Outer",
                    "Parallel Aware": false,
                    "Relation Name": "movie_keyword",
                    "Schema": "public",
                    "Alias": "mk",
                    "Startup Cost": 1530.7,
                    "Total Cost": 26885.14,
                    "Plan Rows": 72035,
                    "Plan Width": 0,
                    "Actual Startup Time": 8.204,
                    "Actual Total Time": 34.384,
                    "Actual Rows": 68423,
                    "Actual Loops": 1,
                    "Recheck Cond": "(mk.keyword_id > 91829)",
                    "Rows Removed by Index Recheck": 0,
                    "Exact Heap Blocks": 14683,
                    "Lossy Heap Blocks": 0,
                    "Plans": [
                        {
                            "Node Type": "Bitmap Index Scan",
                            "Parent Relationship": "Outer",
                            "Parallel Aware": false,
                            "Index Name": "keyword_id_movie_keyword",
                            "Startup Cost": 0.0,
                            "Total Cost": 1512.69,
                            "Plan Rows": 72035,
                            "Plan Width": 0,
                            "Actual Startup Time": 5.757,
                            "Actual Total Time": 5.758,
                            "Actual Rows": 68423,
                            "Actual Loops": 1,
                            "Index Cond": "(mk.keyword_id > 91829)"
                        }
                    ]
                }
            ]
        },
        "Planning Time": 200.501,
        "Triggers": [],
        "Execution Time": 37.318
    }
]