[
    {
        "Bao": {
            "Bao prediction": "NaN",
            "Bao recommended hint": "(no hint)"
        }
    },
    {
        "Plan": {
            "Node Type": "Aggregate",
            "Strategy": "Plain",
            "Partial Mode": "Finalize",
            "Parallel Aware": false,
            "Startup Cost": 31939.33,
            "Total Cost": 31939.34,
            "Plan Rows": 1,
            "Plan Width": 8,
            "Actual Startup Time": 112.996,
            "Actual Total Time": 118.403,
            "Actual Rows": 1,
            "Actual Loops": 1,
            "Output": [
                "count(*)"
            ],
            "Plans": [
                {
                    "Node Type": "Gather",
                    "Parent Relationship": "Outer",
                    "Parallel Aware": false,
                    "Startup Cost": 31939.01,
                    "Total Cost": 31939.32,
                    "Plan Rows": 3,
                    "Plan Width": 8,
                    "Actual Startup Time": 112.697,
                    "Actual Total Time": 118.394,
                    "Actual Rows": 4,
                    "Actual Loops": 1,
                    "Output": [
                        "(PARTIAL count(*))"
                    ],
                    "Workers Planned": 3,
                    "Workers Launched": 3,
                    "Single Copy": false,
                    "Plans": [
                        {
                            "Node Type": "Aggregate",
                            "Strategy": "Plain",
                            "Partial Mode": "Partial",
                            "Parent Relationship": "Outer",
                            "Parallel Aware": false,
                            "Startup Cost": 30939.01,
                            "Total Cost": 30939.02,
                            "Plan Rows": 1,
                            "Plan Width": 8,
                            "Actual Startup Time": 103.856,
                            "Actual Total Time": 103.857,
                            "Actual Rows": 1,
                            "Actual Loops": 4,
                            "Output": [
                                "PARTIAL count(*)"
                            ],
                            "Workers": [
                                {
                                    "Worker Number": 0,
                                    "Actual Startup Time": 100.831,
                                    "Actual Total Time": 100.832,
                                    "Actual Rows": 1,
                                    "Actual Loops": 1
                                },
                                {
                                    "Worker Number": 1,
                                    "Actual Startup Time": 100.95,
                                    "Actual Total Time": 100.952,
                                    "Actual Rows": 1,
                                    "Actual Loops": 1
                                },
                                {
                                    "Worker Number": 2,
                                    "Actual Startup Time": 101.466,
                                    "Actual Total Time": 101.468,
                                    "Actual Rows": 1,
                                    "Actual Loops": 1
                                }
                            ],
                            "Plans": [
                                {
                                    "Node Type": "Bitmap Heap Scan",
                                    "Parent Relationship": "Outer",
                                    "Parallel Aware": true,
                                    "Relation Name": "movie_companies",
                                    "Schema": "public",
                                    "Alias": "mc",
                                    "Startup Cost": 9774.52,
                                    "Total Cost": 30759.68,
                                    "Plan Rows": 71733,
                                    "Plan Width": 0,
                                    "Actual Startup Time": 40.98,
                                    "Actual Total Time": 97.644,
                                    "Actual Rows": 85034,
                                    "Actual Loops": 4,
                                    "Recheck Cond": "(mc.company_id < 353)",
                                    "Rows Removed by Index Recheck": 0,
                                    "Filter": "(mc.company_type_id = 1)",
                                    "Rows Removed by Filter": 27180,
                                    "Exact Heap Blocks": 8225,
                                    "Lossy Heap Blocks": 0,
                                    "Workers": [
                                        {
                                            "Worker Number": 0,
                                            "Actual Startup Time": 38.039,
                                            "Actual Total Time": 95.265,
                                            "Actual Rows": 48840,
                                            "Actual Loops": 1
                                        },
                                        {
                                            "Worker Number": 1,
                                            "Actual Startup Time": 38.278,
                                            "Actual Total Time": 95.438,
                                            "Actual Rows": 46112,
                                            "Actual Loops": 1
                                        },
                                        {
                                            "Worker Number": 2,
                                            "Actual Startup Time": 38.659,
                                            "Actual Total Time": 95.765,
                                            "Actual Rows": 50244,
                                            "Actual Loops": 1
                                        }
                                    ],
                                    "Plans": [
                                        {
                                            "Node Type": "Bitmap Index Scan",
                                            "Parent Relationship": "Outer",
                                            "Parallel Aware": false,
                                            "Index Name": "company_id_movie_companies",
                                            "Startup Cost": 0.0,
                                            "Total Cost": 9718.92,
                                            "Plan Rows": 453666,
                                            "Plan Width": 0,
                                            "Actual Startup Time": 45.853,
                                            "Actual Total Time": 45.854,
                                            "Actual Rows": 448853,
                                            "Actual Loops": 1,
                                            "Index Cond": "(mc.company_id < 353)"
                                        }
                                    ]
                                }
                            ]
                        }
                    ]
                }
            ]
        },
        "Planning Time": 208.83,
        "Triggers": [],
        "Execution Time": 118.521
    }
]