[
  {
    "Plan": {
      "Node Type": "Aggregate",
      "Strategy": "Plain",
      "Partial Mode": "Finalize",
      "Parallel Aware": false,
      "Startup Cost": 345824.88,
      "Total Cost": 345824.89,
      "Plan Rows": 1,
      "Plan Width": 8,
      "Actual Startup Time": 726.934,
      "Actual Total Time": 776.194,
      "Actual Rows": 1,
      "Actual Loops": 1,
      "Plans": [
        {
          "Node Type": "Gather",
          "Parent Relationship": "Outer",
          "Parallel Aware": false,
          "Startup Cost": 345824.25,
          "Total Cost": 345824.86,
          "Plan Rows": 6,
          "Plan Width": 8,
          "Actual Startup Time": 726.695,
          "Actual Total Time": 776.184,
          "Actual Rows": 7,
          "Actual Loops": 1,
          "Workers Planned": 6,
          "Workers Launched": 6,
          "Single Copy": false,
          "Plans": [
            {
              "Node Type": "Aggregate",
              "Strategy": "Plain",
              "Partial Mode": "Partial",
              "Parent Relationship": "Outer",
              "Parallel Aware": false,
              "Startup Cost": 344824.25,
              "Total Cost": 344824.26,
              "Plan Rows": 1,
              "Plan Width": 8,
              "Actual Startup Time": 717.042,
              "Actual Total Time": 717.045,
              "Actual Rows": 1,
              "Actual Loops": 7,
              "Plans": [
                {
                  "Node Type": "Seq Scan",
                  "Parent Relationship": "Outer",
                  "Parallel Aware": true,
                  "Relation Name": "cast_info",
                  "Alias": "ci",
                  "Startup Cost": 0.0,
                  "Total Cost": 343316.27,
                  "Plan Rows": 603192,
                  "Plan Width": 0,
                  "Actual Startup Time": 278.527,
                  "Actual Total Time": 703.551,
                  "Actual Rows": 226506,
                  "Actual Loops": 7,
                  "Filter": "((person_id < 555432) AND (role_id > 1))",
                  "Rows Removed by Filter": 4951257
                }
              ]
            }
          ]
        }
      ]
    },
    "Planning Time": 0.114,
    "Triggers": [],
    "Execution Time": 776.245
  }
]