[
  {
    "Plan": {
      "Node Type": "Aggregate",
      "Strategy": "Plain",
      "Partial Mode": "Finalize",
      "Parallel Aware": false,
      "Startup Cost": 33018.92,
      "Total Cost": 33018.93,
      "Plan Rows": 1,
      "Plan Width": 8,
      "Actual Startup Time": 90.179,
      "Actual Total Time": 98.282,
      "Actual Rows": 1,
      "Actual Loops": 1,
      "Plans": [
        {
          "Node Type": "Gather",
          "Parent Relationship": "Outer",
          "Parallel Aware": false,
          "Startup Cost": 33018.6,
          "Total Cost": 33018.91,
          "Plan Rows": 3,
          "Plan Width": 8,
          "Actual Startup Time": 90.096,
          "Actual Total Time": 98.276,
          "Actual Rows": 4,
          "Actual Loops": 1,
          "Workers Planned": 3,
          "Workers Launched": 3,
          "Single Copy": false,
          "Plans": [
            {
              "Node Type": "Aggregate",
              "Strategy": "Plain",
              "Partial Mode": "Partial",
              "Parent Relationship": "Outer",
              "Parallel Aware": false,
              "Startup Cost": 32018.6,
              "Total Cost": 32018.61,
              "Plan Rows": 1,
              "Plan Width": 8,
              "Actual Startup Time": 85.453,
              "Actual Total Time": 85.454,
              "Actual Rows": 1,
              "Actual Loops": 4,
              "Plans": [
                {
                  "Node Type": "Seq Scan",
                  "Parent Relationship": "Outer",
                  "Parallel Aware": true,
                  "Relation Name": "movie_companies",
                  "Alias": "mc",
                  "Startup Cost": 0.0,
                  "Total Cost": 31414.82,
                  "Plan Rows": 241514,
                  "Plan Width": 0,
                  "Actual Startup Time": 41.997,
                  "Actual Total Time": 76.03,
                  "Actual Rows": 242050,
                  "Actual Loops": 4,
                  "Filter": "((company_id > 8307) AND (company_type_id = 2))",
                  "Rows Removed by Filter": 410232
                }
              ]
            }
          ]
        }
      ]
    },
    "Planning Time": 0.144,
    "Triggers": [],
    "Execution Time": 98.32
  }
]