[
  {
    "Plan": {
      "Node Type": "Aggregate",
      "Strategy": "Plain",
      "Partial Mode": "Finalize",
      "Parallel Aware": false,
      "Startup Cost": 62788.77,
      "Total Cost": 62788.78,
      "Plan Rows": 1,
      "Plan Width": 8,
      "Actual Startup Time": 238.721,
      "Actual Total Time": 254.015,
      "Actual Rows": 1,
      "Actual Loops": 1,
      "Plans": [
        {
          "Node Type": "Gather",
          "Parent Relationship": "Outer",
          "Parallel Aware": false,
          "Startup Cost": 62788.55,
          "Total Cost": 62788.76,
          "Plan Rows": 2,
          "Plan Width": 8,
          "Actual Startup Time": 236.788,
          "Actual Total Time": 254.007,
          "Actual Rows": 3,
          "Actual Loops": 1,
          "Workers Planned": 2,
          "Workers Launched": 2,
          "Single Copy": false,
          "Plans": [
            {
              "Node Type": "Aggregate",
              "Strategy": "Plain",
              "Partial Mode": "Partial",
              "Parent Relationship": "Outer",
              "Parallel Aware": false,
              "Startup Cost": 61788.55,
              "Total Cost": 61788.56,
              "Plan Rows": 1,
              "Plan Width": 8,
              "Actual Startup Time": 232.782,
              "Actual Total Time": 232.886,
              "Actual Rows": 1,
              "Actual Loops": 3,
              "Plans": [
                {
                  "Node Type": "Hash Join",
                  "Parent Relationship": "Outer",
                  "Parallel Aware": true,
                  "Join Type": "Inner",
                  "Startup Cost": 46128.79,
                  "Total Cost": 61749.58,
                  "Plan Rows": 15591,
                  "Plan Width": 0,
                  "Actual Startup Time": 183.56,
                  "Actual Total Time": 231.391,
                  "Actual Rows": 34562,
                  "Actual Loops": 3,
                  "Inner Unique": true,
                  "Hash Cond": "(mi_idx.movie_id = t.id)",
                  "Plans": [
                    {
                      "Node Type": "Seq Scan",
                      "Parent Relationship": "Outer",
                      "Parallel Aware": true,
                      "Relation Name": "movie_info_idx",
                      "Alias": "mi_idx",
                      "Startup Cost": 0.0,
                      "Total Cost": 15122.68,
                      "Plan Rows": 189755,
                      "Plan Width": 4,
                      "Actual Startup Time": 0.011,
                      "Actual Total Time": 40.55,
                      "Actual Rows": 153308,
                      "Actual Loops": 3,
                      "Filter": "(info_type_id < 100)",
                      "Rows Removed by Filter": 306703
                    },
                    {
                      "Node Type": "Hash",
                      "Parent Relationship": "Inner",
                      "Parallel Aware": true,
                      "Startup Cost": 45479.59,
                      "Total Cost": 45479.59,
                      "Plan Rows": 51936,
                      "Plan Width": 4,
                      "Actual Startup Time": 152.757,
                      "Actual Total Time": 152.758,
                      "Actual Rows": 113875,
                      "Actual Loops": 3,
                      "Hash Buckets": 524288,
                      "Original Hash Buckets": 262144,
                      "Hash Batches": 1,
                      "Original Hash Batches": 1,
                      "Peak Memory Usage": 19552,
                      "Plans": [
                        {
                          "Node Type": "Seq Scan",
                          "Parent Relationship": "Outer",
                          "Parallel Aware": true,
                          "Relation Name": "title",
                          "Alias": "t",
                          "Startup Cost": 0.0,
                          "Total Cost": 45479.59,
                          "Plan Rows": 51936,
                          "Plan Width": 4,
                          "Actual Startup Time": 62.417,
                          "Actual Total Time": 112.731,
                          "Actual Rows": 113875,
                          "Actual Loops": 3,
                          "Filter": "((kind_id < 2) AND (production_year < 1995))",
                          "Rows Removed by Filter": 728895
                        }
                      ]
                    }
                  ]
                }
              ]
            }
          ]
        }
      ]
    },
    "Planning Time": 0.656,
    "Triggers": [],
    "Execution Time": 254.084
  }
]