{
    "Plan": {
        "Node Type": "Aggregate",
        "Strategy": "Plain",
        "Partial Mode": "Finalize",
        "Parallel Aware": false,
        "Startup Cost": 249498.94,
        "Total Cost": 249498.95,
        "Plan Rows": 1,
        "Plan Width": 8,
        "Actual Startup Time": 546.481,
        "Actual Total Time": 589.052,
        "Actual Rows": 1,
        "Actual Loops": 1,
        "Output": [
            "count(*)"
        ],
        "Plans": [
            {
                "Node Type": "Gather",
                "Parent Relationship": "Outer",
                "Parallel Aware": false,
                "Startup Cost": 249498.42,
                "Total Cost": 249498.93,
                "Plan Rows": 5,
                "Plan Width": 8,
                "Actual Startup Time": 545.707,
                "Actual Total Time": 589.04,
                "Actual Rows": 6,
                "Actual Loops": 1,
                "Output": [
                    "(PARTIAL count(*))"
                ],
                "Workers Planned": 5,
                "Workers Launched": 5,
                "Single Copy": false,
                "Plans": [
                    {
                        "Node Type": "Aggregate",
                        "Strategy": "Plain",
                        "Partial Mode": "Partial",
                        "Parent Relationship": "Outer",
                        "Parallel Aware": false,
                        "Startup Cost": 248498.42,
                        "Total Cost": 248498.43,
                        "Plan Rows": 1,
                        "Plan Width": 8,
                        "Actual Startup Time": 535.541,
                        "Actual Total Time": 535.544,
                        "Actual Rows": 1,
                        "Actual Loops": 6,
                        "Output": [
                            "PARTIAL count(*)"
                        ],
                        "Workers": [
                            {
                                "Worker Number": 0,
                                "Actual Startup Time": 532.85,
                                "Actual Total Time": 532.853,
                                "Actual Rows": 1,
                                "Actual Loops": 1
                            },
                            {
                                "Worker Number": 1,
                                "Actual Startup Time": 532.85,
                                "Actual Total Time": 532.853,
                                "Actual Rows": 1,
                                "Actual Loops": 1
                            },
                            {
                                "Worker Number": 2,
                                "Actual Startup Time": 534.165,
                                "Actual Total Time": 534.167,
                                "Actual Rows": 1,
                                "Actual Loops": 1
                            },
                            {
                                "Worker Number": 3,
                                "Actual Startup Time": 534.233,
                                "Actual Total Time": 534.236,
                                "Actual Rows": 1,
                                "Actual Loops": 1
                            },
                            {
                                "Worker Number": 4,
                                "Actual Startup Time": 534.235,
                                "Actual Total Time": 534.238,
                                "Actual Rows": 1,
                                "Actual Loops": 1
                            }
                        ],
                        "Plans": [
                            {
                                "Node Type": "Hash Join",
                                "Parent Relationship": "Outer",
                                "Parallel Aware": true,
                                "Join Type": "Inner",
                                "Startup Cost": 45613.18,
                                "Total Cost": 248434.77,
                                "Plan Rows": 25457,
                                "Plan Width": 0,
                                "Actual Startup Time": 96.461,
                                "Actual Total Time": 533.388,
                                "Actual Rows": 34518,
                                "Actual Loops": 6,
                                "Inner Unique": true,
                                "Hash Cond": "(mi.movie_id = t.id)",
                                "Workers": [
                                    {
                                        "Worker Number": 0,
                                        "Actual Startup Time": 93.902,
                                        "Actual Total Time": 530.604,
                                        "Actual Rows": 23606,
                                        "Actual Loops": 1
                                    },
                                    {
                                        "Worker Number": 1,
                                        "Actual Startup Time": 93.745,
                                        "Actual Total Time": 530.806,
                                        "Actual Rows": 34965,
                                        "Actual Loops": 1
                                    },
                                    {
                                        "Worker Number": 2,
                                        "Actual Startup Time": 95.011,
                                        "Actual Total Time": 531.907,
                                        "Actual Rows": 24062,
                                        "Actual Loops": 1
                                    },
                                    {
                                        "Worker Number": 3,
                                        "Actual Startup Time": 95.095,
                                        "Actual Total Time": 532.142,
                                        "Actual Rows": 37114,
                                        "Actual Loops": 1
                                    },
                                    {
                                        "Worker Number": 4,
                                        "Actual Startup Time": 95.216,
                                        "Actual Total Time": 532.13,
                                        "Actual Rows": 37546,
                                        "Actual Loops": 1
                                    }
                                ],
                                "Plans": [
                                    {
                                        "Node Type": "Seq Scan",
                                        "Parent Relationship": "Outer",
                                        "Parallel Aware": true,
                                        "Relation Name": "movie_info",
                                        "Schema": "public",
                                        "Alias": "mi",
                                        "Startup Cost": 0.0,
                                        "Total Cost": 198880.74,
                                        "Plan Rows": 1501273,
                                        "Plan Width": 4,
                                        "Actual Startup Time": 16.308,
                                        "Actual Total Time": 332.644,
                                        "Actual Rows": 1258142,
                                        "Actual Loops": 6,
                                        "Output": [
                                            "mi.id",
                                            "mi.movie_id",
                                            "mi.info_type_id",
                                            "mi.info",
                                            "mi.note"
                                        ],
                                        "Filter": "(mi.info_type_id > 7)",
                                        "Rows Removed by Filter": 1214478,
                                        "Workers": [
                                            {
                                                "Worker Number": 0,
                                                "Actual Startup Time": 16.28,
                                                "Actual Total Time": 337.793,
                                                "Actual Rows": 843413,
                                                "Actual Loops": 1
                                            },
                                            {
                                                "Worker Number": 1,
                                                "Actual Startup Time": 16.368,
                                                "Actual Total Time": 339.484,
                                                "Actual Rows": 1268182,
                                                "Actual Loops": 1
                                            },
                                            {
                                                "Worker Number": 2,
                                                "Actual Startup Time": 16.254,
                                                "Actual Total Time": 334.293,
                                                "Actual Rows": 875383,
                                                "Actual Loops": 1
                                            },
                                            {
                                                "Worker Number": 3,
                                                "Actual Startup Time": 16.271,
                                                "Actual Total Time": 334.012,
                                                "Actual Rows": 1358796,
                                                "Actual Loops": 1
                                            },
                                            {
                                                "Worker Number": 4,
                                                "Actual Startup Time": 16.255,
                                                "Actual Total Time": 334.697,
                                                "Actual Rows": 1362152,
                                                "Actual Loops": 1
                                            }
                                        ]
                                    },
                                    {
                                        "Node Type": "Hash",
                                        "Parent Relationship": "Inner",
                                        "Parallel Aware": true,
                                        "Startup Cost": 45479.21,
                                        "Total Cost": 45479.21,
                                        "Plan Rows": 10718,
                                        "Plan Width": 4,
                                        "Actual Startup Time": 78.603,
                                        "Actual Total Time": 78.604,
                                        "Actual Rows": 5651,
                                        "Actual Loops": 6,
                                        "Output": [
                                            "t.id"
                                        ],
                                        "Hash Buckets": 65536,
                                        "Original Hash Buckets": 65536,
                                        "Hash Batches": 1,
                                        "Original Hash Batches": 1,
                                        "Peak Memory Usage": 1920,
                                        "Workers": [
                                            {
                                                "Worker Number": 0,
                                                "Actual Startup Time": 76.609,
                                                "Actual Total Time": 76.61,
                                                "Actual Rows": 3940,
                                                "Actual Loops": 1
                                            },
                                            {
                                                "Worker Number": 1,
                                                "Actual Startup Time": 76.618,
                                                "Actual Total Time": 76.619,
                                                "Actual Rows": 5301,
                                                "Actual Loops": 1
                                            },
                                            {
                                                "Worker Number": 2,
                                                "Actual Startup Time": 77.865,
                                                "Actual Total Time": 77.866,
                                                "Actual Rows": 4034,
                                                "Actual Loops": 1
                                            },
                                            {
                                                "Worker Number": 3,
                                                "Actual Startup Time": 77.93,
                                                "Actual Total Time": 77.93,
                                                "Actual Rows": 5982,
                                                "Actual Loops": 1
                                            },
                                            {
                                                "Worker Number": 4,
                                                "Actual Startup Time": 77.925,
                                                "Actual Total Time": 77.926,
                                                "Actual Rows": 6041,
                                                "Actual Loops": 1
                                            }
                                        ],
                                        "Plans": [
                                            {
                                                "Node Type": "Seq Scan",
                                                "Parent Relationship": "Outer",
                                                "Parallel Aware": true,
                                                "Relation Name": "title",
                                                "Schema": "public",
                                                "Alias": "t",
                                                "Startup Cost": 0.0,
                                                "Total Cost": 45479.21,
                                                "Plan Rows": 10718,
                                                "Plan Width": 4,
                                                "Actual Startup Time": 0.511,
                                                "Actual Total Time": 75.988,
                                                "Actual Rows": 5651,
                                                "Actual Loops": 6,
                                                "Output": [
                                                    "t.id"
                                                ],
                                                "Filter": "((t.kind_id < 7) AND (t.production_year = 2006))",
                                                "Rows Removed by Filter": 415734,
                                                "Workers": [
                                                    {
                                                        "Worker Number": 0,
                                                        "Actual Startup Time": 0.953,
                                                        "Actual Total Time": 74.029,
                                                        "Actual Rows": 3940,
                                                        "Actual Loops": 1
                                                    },
                                                    {
                                                        "Worker Number": 1,
                                                        "Actual Startup Time": 0.383,
                                                        "Actual Total Time": 74.046,
                                                        "Actual Rows": 5301,
                                                        "Actual Loops": 1
                                                    },
                                                    {
                                                        "Worker Number": 2,
                                                        "Actual Startup Time": 0.146,
                                                        "Actual Total Time": 75.314,
                                                        "Actual Rows": 4034,
                                                        "Actual Loops": 1
                                                    },
                                                    {
                                                        "Worker Number": 3,
                                                        "Actual Startup Time": 0.925,
                                                        "Actual Total Time": 75.337,
                                                        "Actual Rows": 5982,
                                                        "Actual Loops": 1
                                                    },
                                                    {
                                                        "Worker Number": 4,
                                                        "Actual Startup Time": 0.574,
                                                        "Actual Total Time": 75.342,
                                                        "Actual Rows": 6041,
                                                        "Actual Loops": 1
                                                    }
                                                ]
                                            }
                                        ]
                                    }
                                ]
                            }
                        ]
                    }
                ]
            }
        ]
    },
    "Planning Time": 0.838,
    "Triggers": [],
    "Execution Time": 589.132
}