[
  {
    "Plan": {
      "Node Type": "Aggregate",
      "Strategy": "Plain",
      "Partial Mode": "Finalize",
      "Parallel Aware": false,
      "Startup Cost": 292303.8,
      "Total Cost": 292303.81,
      "Plan Rows": 1,
      "Plan Width": 8,
      "Actual Startup Time": 1526.073,
      "Actual Total Time": 1580.748,
      "Actual Rows": 1,
      "Actual Loops": 1,
      "Plans": [
        {
          "Node Type": "Gather",
          "Parent Relationship": "Outer",
          "Parallel Aware": false,
          "Startup Cost": 292303.27,
          "Total Cost": 292303.78,
          "Plan Rows": 5,
          "Plan Width": 8,
          "Actual Startup Time": 1517.921,
          "Actual Total Time": 1580.736,
          "Actual Rows": 6,
          "Actual Loops": 1,
          "Workers Planned": 5,
          "Workers Launched": 5,
          "Single Copy": false,
          "Plans": [
            {
              "Node Type": "Aggregate",
              "Strategy": "Plain",
              "Partial Mode": "Partial",
              "Parent Relationship": "Outer",
              "Parallel Aware": false,
              "Startup Cost": 291303.27,
              "Total Cost": 291303.28,
              "Plan Rows": 1,
              "Plan Width": 8,
              "Actual Startup Time": 1507.113,
              "Actual Total Time": 1507.227,
              "Actual Rows": 1,
              "Actual Loops": 6,
              "Plans": [
                {
                  "Node Type": "Hash Join",
                  "Parent Relationship": "Outer",
                  "Parallel Aware": true,
                  "Join Type": "Inner",
                  "Startup Cost": 83675.71,
                  "Total Cost": 288813.53,
                  "Plan Rows": 995897,
                  "Plan Width": 0,
                  "Actual Startup Time": 388.97,
                  "Actual Total Time": 1432.361,
                  "Actual Rows": 1209542,
                  "Actual Loops": 6,
                  "Inner Unique": false,
                  "Hash Cond": "(mi.movie_id = t.id)",
                  "Plans": [
                    {
                      "Node Type": "Seq Scan",
                      "Parent Relationship": "Outer",
                      "Parallel Aware": true,
                      "Relation Name": "movie_info",
                      "Alias": "mi",
                      "Startup Cost": 0.0,
                      "Total Cost": 191560.33,
                      "Plan Rows": 2956733,
                      "Plan Width": 4,
                      "Actual Startup Time": 0.032,
                      "Actual Total Time": 387.107,
                      "Actual Rows": 2472620,
                      "Actual Loops": 6
                    },
                    {
                      "Node Type": "Hash",
                      "Parent Relationship": "Inner",
                      "Parallel Aware": true,
                      "Startup Cost": 81014.5,
                      "Total Cost": 81014.5,
                      "Plan Rows": 212897,
                      "Plan Width": 8,
                      "Actual Startup Time": 383.949,
                      "Actual Total Time": 384.059,
                      "Actual Rows": 89628,
                      "Actual Loops": 6,
                      "Hash Buckets": 1048576,
                      "Original Hash Buckets": 1048576,
                      "Hash Batches": 1,
                      "Original Hash Batches": 1,
                      "Peak Memory Usage": 29312,
                      "Plans": [
                        {
                          "Node Type": "Hash Join",
                          "Parent Relationship": "Outer",
                          "Parallel Aware": true,
                          "Join Type": "Inner",
                          "Startup Cost": 34848.64,
                          "Total Cost": 81014.5,
                          "Plan Rows": 212897,
                          "Plan Width": 8,
                          "Actual Startup Time": 127.882,
                          "Actual Total Time": 335.173,
                          "Actual Rows": 89628,
                          "Actual Loops": 6,
                          "Inner Unique": false,
                          "Hash Cond": "(t.id = mc.movie_id)",
                          "Plans": [
                            {
                              "Node Type": "Seq Scan",
                              "Parent Relationship": "Outer",
                              "Parallel Aware": true,
                              "Relation Name": "title",
                              "Alias": "t",
                              "Startup Cost": 0.0,
                              "Total Cost": 42318.73,
                              "Plan Rows": 632073,
                              "Plan Width": 4,
                              "Actual Startup Time": 0.019,
                              "Actual Total Time": 74.944,
                              "Actual Rows": 421385,
                              "Actual Loops": 6
                            },
                            {
                              "Node Type": "Hash",
                              "Parent Relationship": "Inner",
                              "Parallel Aware": true,
                              "Startup Cost": 31414.82,
                              "Total Cost": 31414.82,
                              "Plan Rows": 274706,
                              "Plan Width": 4,
                              "Actual Startup Time": 125.965,
                              "Actual Total Time": 125.966,
                              "Actual Rows": 89628,
                              "Actual Loops": 6,
                              "Hash Buckets": 1048576,
                              "Original Hash Buckets": 1048576,
                              "Hash Batches": 1,
                              "Original Hash Batches": 1,
                              "Peak Memory Usage": 29312,
                              "Plans": [
                                {
                                  "Node Type": "Seq Scan",
                                  "Parent Relationship": "Outer",
                                  "Parallel Aware": true,
                                  "Relation Name": "movie_companies",
                                  "Alias": "mc",
                                  "Startup Cost": 0.0,
                                  "Total Cost": 31414.82,
                                  "Plan Rows": 274706,
                                  "Plan Width": 4,
                                  "Actual Startup Time": 46.075,
                                  "Actual Total Time": 79.911,
                                  "Actual Rows": 89628,
                                  "Actual Loops": 6,
                                  "Filter": "((company_id < 18863) AND (company_type_id = 2))",
                                  "Rows Removed by Filter": 345227
                                }
                              ]
                            }
                          ]
                        }
                      ]
                    }
                  ]
                }
              ]
            }
          ]
        }
      ]
    },
    "Planning Time": 1.457,
    "Triggers": [],
    "Execution Time": 1580.843
  }
]