{
  "Plan": {
    "Node Type": "Aggregate",
    "Strategy": "Plain",
    "Partial Mode": "Finalize",
    "Parallel Aware": false,
    "Startup Cost": 100150.73,
    "Total Cost": 100150.74,
    "Plan Rows": 1,
    "Plan Width": 8,
    "Actual Startup Time": 293.013,
    "Actual Total Time": 306.545,
    "Actual Rows": 1,
    "Actual Loops": 1,
    "Plans": [
      {
        "Node Type": "Gather",
        "Parent Relationship": "Outer",
        "Parallel Aware": false,
        "Startup Cost": 100150.62,
        "Total Cost": 100150.73,
        "Plan Rows": 1,
        "Plan Width": 8,
        "Actual Startup Time": 292.697,
        "Actual Total Time": 306.536,
        "Actual Rows": 2,
        "Actual Loops": 1,
        "Workers Planned": 1,
        "Workers Launched": 1,
        "Single Copy": false,
        "Plans": [
          {
            "Node Type": "Aggregate",
            "Strategy": "Plain",
            "Partial Mode": "Partial",
            "Parent Relationship": "Outer",
            "Parallel Aware": false,
            "Startup Cost": 99150.62,
            "Total Cost": 99150.63,
            "Plan Rows": 1,
            "Plan Width": 8,
            "Actual Startup Time": 286.823,
            "Actual Total Time": 286.828,
            "Actual Rows": 1,
            "Actual Loops": 2,
            "Plans": [
              {
                "Node Type": "Hash Join",
                "Parent Relationship": "Outer",
                "Parallel Aware": true,
                "Join Type": "Inner",
                "Startup Cost": 69890.97,
                "Total Cost": 99144.68,
                "Plan Rows": 2375,
                "Plan Width": 0,
                "Actual Startup Time": 182.581,
                "Actual Total Time": 286.667,
                "Actual Rows": 1712,
                "Actual Loops": 2,
                "Inner Unique": true,
                "Hash Cond": "(mk.movie_id = t.id)",
                "Plans": [
                  {
                    "Node Type": "Bitmap Heap Scan",
                    "Parent Relationship": "Outer",
                    "Parallel Aware": true,
                    "Relation Name": "movie_keyword",
                    "Alias": "mk",
                    "Startup Cost": 11445.34,
                    "Total Cost": 39866.05,
                    "Plan Rows": 317336,
                    "Plan Width": 4,
                    "Actual Startup Time": 30.401,
                    "Actual Total Time": 106.513,
                    "Actual Rows": 277863,
                    "Actual Loops": 2,
                    "Recheck Cond": "(keyword_id < 398)",
                    "Rows Removed by Index Recheck": 0,
                    "Exact Heap Blocks": 14502,
                    "Lossy Heap Blocks": 0,
                    "Plans": [
                      {
                        "Node Type": "Bitmap Index Scan",
                        "Parent Relationship": "Outer",
                        "Parallel Aware": false,
                        "Index Name": "keyword_id_movie_keyword",
                        "Startup Cost": 0.0,
                        "Total Cost": 11310.47,
                        "Plan Rows": 539472,
                        "Plan Width": 0,
                        "Actual Startup Time": 26.763,
                        "Actual Total Time": 26.764,
                        "Actual Rows": 555726,
                        "Actual Loops": 1,
                        "Index Cond": "(keyword_id < 398)"
                      }
                    ]
                  },
                  {
                    "Node Type": "Hash",
                    "Parent Relationship": "Inner",
                    "Parallel Aware": true,
                    "Startup Cost": 58306.47,
                    "Total Cost": 58306.47,
                    "Plan Rows": 11133,
                    "Plan Width": 4,
                    "Actual Startup Time": 150.181,
                    "Actual Total Time": 150.182,
                    "Actual Rows": 9228,
                    "Actual Loops": 2,
                    "Hash Buckets": 32768,
                    "Original Hash Buckets": 32768,
                    "Hash Batches": 1,
                    "Original Hash Batches": 1,
                    "Peak Memory Usage": 992,
                    "Plans": [
                      {
                        "Node Type": "Seq Scan",
                        "Parent Relationship": "Outer",
                        "Parallel Aware": true,
                        "Relation Name": "title",
                        "Alias": "t",
                        "Startup Cost": 0.0,
                        "Total Cost": 58306.47,
                        "Plan Rows": 11133,
                        "Plan Width": 4,
                        "Actual Startup Time": 0.044,
                        "Actual Total Time": 146.388,
                        "Actual Rows": 9228,
                        "Actual Loops": 2,
                        "Filter": "((kind_id > 2) AND (production_year = 1992))",
                        "Rows Removed by Filter": 1254928
                      }
                    ]
                  }
                ]
              }
            ]
          }
        ]
      }
    ]
  },
  "Planning Time": 0.531,
  "Triggers": [],
  "Execution Time": 306.644
}