[
  {
    "Plan": {
      "Node Type": "Aggregate",
      "Strategy": "Plain",
      "Partial Mode": "Finalize",
      "Parallel Aware": false,
      "Startup Cost": 217924.51,
      "Total Cost": 217924.52,
      "Plan Rows": 1,
      "Plan Width": 8,
      "Actual Startup Time": 1866.571,
      "Actual Total Time": 1917.44,
      "Actual Rows": 1,
      "Actual Loops": 1,
      "Plans": [
        {
          "Node Type": "Gather",
          "Parent Relationship": "Outer",
          "Parallel Aware": false,
          "Startup Cost": 217924.19,
          "Total Cost": 217924.5,
          "Plan Rows": 3,
          "Plan Width": 8,
          "Actual Startup Time": 1854.115,
          "Actual Total Time": 1917.431,
          "Actual Rows": 4,
          "Actual Loops": 1,
          "Workers Planned": 3,
          "Workers Launched": 3,
          "Single Copy": false,
          "Plans": [
            {
              "Node Type": "Aggregate",
              "Strategy": "Plain",
              "Partial Mode": "Partial",
              "Parent Relationship": "Outer",
              "Parallel Aware": false,
              "Startup Cost": 216924.19,
              "Total Cost": 216924.2,
              "Plan Rows": 1,
              "Plan Width": 8,
              "Actual Startup Time": 1843.09,
              "Actual Total Time": 1843.096,
              "Actual Rows": 1,
              "Actual Loops": 4,
              "Plans": [
                {
                  "Node Type": "Nested Loop",
                  "Parent Relationship": "Outer",
                  "Parallel Aware": false,
                  "Join Type": "Inner",
                  "Startup Cost": 54897.95,
                  "Total Cost": 215880.18,
                  "Plan Rows": 417604,
                  "Plan Width": 0,
                  "Actual Startup Time": 355.622,
                  "Actual Total Time": 1690.87,
                  "Actual Rows": 3433977,
                  "Actual Loops": 4,
                  "Inner Unique": false,
                  "Plans": [
                    {
                      "Node Type": "Hash Join",
                      "Parent Relationship": "Outer",
                      "Parallel Aware": true,
                      "Join Type": "Inner",
                      "Startup Cost": 54897.51,
                      "Total Cost": 80427.23,
                      "Plan Rows": 71122,
                      "Plan Width": 8,
                      "Actual Startup Time": 355.464,
                      "Actual Total Time": 418.36,
                      "Actual Rows": 56794,
                      "Actual Loops": 4,
                      "Inner Unique": true,
                      "Hash Cond": "(mk.movie_id = t.id)",
                      "Plans": [
                        {
                          "Node Type": "Bitmap Heap Scan",
                          "Parent Relationship": "Outer",
                          "Parallel Aware": true,
                          "Relation Name": "movie_keyword",
                          "Alias": "mk",
                          "Startup Cost": 4677.13,
                          "Total Cost": 30020.15,
                          "Plan Rows": 71122,
                          "Plan Width": 4,
                          "Actual Startup Time": 17.382,
                          "Actual Total Time": 50.314,
                          "Actual Rows": 56794,
                          "Actual Loops": 4,
                          "Recheck Cond": "(keyword_id > 63825)",
                          "Rows Removed by Index Recheck": 0,
                          "Exact Heap Blocks": 5862,
                          "Lossy Heap Blocks": 0,
                          "Plans": [
                            {
                              "Node Type": "Bitmap Index Scan",
                              "Parent Relationship": "Outer",
                              "Parallel Aware": false,
                              "Index Name": "keyword_id_movie_keyword",
                              "Startup Cost": 0.0,
                              "Total Cost": 4622.01,
                              "Plan Rows": 220477,
                              "Plan Width": 0,
                              "Actual Startup Time": 14.185,
                              "Actual Total Time": 14.186,
                              "Actual Rows": 227176,
                              "Actual Loops": 1,
                              "Index Cond": "(keyword_id > 63825)"
                            }
                          ]
                        },
                        {
                          "Node Type": "Hash",
                          "Parent Relationship": "Inner",
                          "Parallel Aware": true,
                          "Startup Cost": 42319.06,
                          "Total Cost": 42319.06,
                          "Plan Rows": 632106,
                          "Plan Width": 4,
                          "Actual Startup Time": 330.354,
                          "Actual Total Time": 330.355,
                          "Actual Rows": 632078,
                          "Actual Loops": 4,
                          "Hash Buckets": 4194304,
                          "Original Hash Buckets": 4194304,
                          "Hash Batches": 1,
                          "Original Hash Batches": 1,
                          "Peak Memory Usage": 131712,
                          "Plans": [
                            {
                              "Node Type": "Seq Scan",
                              "Parent Relationship": "Outer",
                              "Parallel Aware": true,
                              "Relation Name": "title",
                              "Alias": "t",
                              "Startup Cost": 0.0,
                              "Total Cost": 42319.06,
                              "Plan Rows": 632106,
                              "Plan Width": 4,
                              "Actual Startup Time": 0.049,
                              "Actual Total Time": 95.323,
                              "Actual Rows": 632078,
                              "Actual Loops": 4
                            }
                          ]
                        }
                      ]
                    },
                    {
                      "Node Type": "Index Only Scan",
                      "Parent Relationship": "Inner",
                      "Parallel Aware": false,
                      "Scan Direction": "Forward",
                      "Index Name": "movie_id_movie_info",
                      "Relation Name": "movie_info",
                      "Alias": "mi",
                      "Startup Cost": 0.43,
                      "Total Cost": 1.49,
                      "Plan Rows": 41,
                      "Plan Width": 4,
                      "Actual Startup Time": 0.004,
                      "Actual Total Time": 0.018,
                      "Actual Rows": 60,
                      "Actual Loops": 227176,
                      "Index Cond": "(movie_id = t.id)",
                      "Rows Removed by Index Recheck": 0,
                      "Heap Fetches": 13735908
                    }
                  ]
                }
              ]
            }
          ]
        }
      ]
    },
    "Planning Time": 0.503,
    "Triggers": [],
    "Execution Time": 1917.507
  }
]