[
  {
    "Plan": {
      "Node Type": "Aggregate",
      "Strategy": "Plain",
      "Partial Mode": "Finalize",
      "Parallel Aware": false,
      "Startup Cost": 91797.33,
      "Total Cost": 91797.34,
      "Plan Rows": 1,
      "Plan Width": 8,
      "Actual Startup Time": 352.45,
      "Actual Total Time": 376.675,
      "Actual Rows": 1,
      "Actual Loops": 1,
      "Plans": [
        {
          "Node Type": "Gather",
          "Parent Relationship": "Outer",
          "Parallel Aware": false,
          "Startup Cost": 91797.02,
          "Total Cost": 91797.33,
          "Plan Rows": 3,
          "Plan Width": 8,
          "Actual Startup Time": 351.654,
          "Actual Total Time": 376.663,
          "Actual Rows": 4,
          "Actual Loops": 1,
          "Workers Planned": 3,
          "Workers Launched": 3,
          "Single Copy": false,
          "Plans": [
            {
              "Node Type": "Aggregate",
              "Strategy": "Plain",
              "Partial Mode": "Partial",
              "Parent Relationship": "Outer",
              "Parallel Aware": false,
              "Startup Cost": 90797.02,
              "Total Cost": 90797.03,
              "Plan Rows": 1,
              "Plan Width": 8,
              "Actual Startup Time": 343.0,
              "Actual Total Time": 343.005,
              "Actual Rows": 1,
              "Actual Loops": 4,
              "Plans": [
                {
                  "Node Type": "Hash Join",
                  "Parent Relationship": "Outer",
                  "Parallel Aware": true,
                  "Join Type": "Inner",
                  "Startup Cost": 45811.19,
                  "Total Cost": 90709.0,
                  "Plan Rows": 35208,
                  "Plan Width": 0,
                  "Actual Startup Time": 136.283,
                  "Actual Total Time": 342.584,
                  "Actual Rows": 6264,
                  "Actual Loops": 4,
                  "Inner Unique": true,
                  "Hash Cond": "(mk.movie_id = t.id)",
                  "Plans": [
                    {
                      "Node Type": "Seq Scan",
                      "Parent Relationship": "Outer",
                      "Parallel Aware": true,
                      "Relation Name": "movie_keyword",
                      "Alias": "mk",
                      "Startup Cost": 0.0,
                      "Total Cost": 42695.65,
                      "Plan Rows": 838917,
                      "Plan Width": 4,
                      "Actual Startup Time": 0.279,
                      "Actual Total Time": 139.821,
                      "Actual Rows": 649087,
                      "Actual Loops": 4,
                      "Filter": "(keyword_id > 3312)",
                      "Rows Removed by Filter": 481896
                    },
                    {
                      "Node Type": "Hash",
                      "Parent Relationship": "Inner",
                      "Parallel Aware": true,
                      "Startup Cost": 45479.59,
                      "Total Cost": 45479.59,
                      "Plan Rows": 26528,
                      "Plan Width": 4,
                      "Actual Startup Time": 134.006,
                      "Actual Total Time": 134.008,
                      "Actual Rows": 28991,
                      "Actual Loops": 4,
                      "Hash Buckets": 131072,
                      "Original Hash Buckets": 131072,
                      "Hash Batches": 1,
                      "Original Hash Batches": 1,
                      "Peak Memory Usage": 5600,
                      "Plans": [
                        {
                          "Node Type": "Seq Scan",
                          "Parent Relationship": "Outer",
                          "Parallel Aware": true,
                          "Relation Name": "title",
                          "Alias": "t",
                          "Startup Cost": 0.0,
                          "Total Cost": 45479.59,
                          "Plan Rows": 26528,
                          "Plan Width": 4,
                          "Actual Startup Time": 0.057,
                          "Actual Total Time": 120.271,
                          "Actual Rows": 28991,
                          "Actual Loops": 4,
                          "Filter": "((kind_id > 3) AND (production_year = 2012))",
                          "Rows Removed by Filter": 603087
                        }
                      ]
                    }
                  ]
                }
              ]
            }
          ]
        }
      ]
    },
    "Planning Time": 0.29,
    "Triggers": [],
    "Execution Time": 376.718
  }
]