[
  {
    "Plan": {
      "Node Type": "Aggregate",
      "Strategy": "Plain",
      "Partial Mode": "Finalize",
      "Parallel Aware": false,
      "Startup Cost": 350051.18,
      "Total Cost": 350051.2,
      "Plan Rows": 1,
      "Plan Width": 8,
      "Actual Startup Time": 788.805,
      "Actual Total Time": 839.379,
      "Actual Rows": 1,
      "Actual Loops": 1,
      "Plans": [
        {
          "Node Type": "Gather",
          "Parent Relationship": "Outer",
          "Parallel Aware": false,
          "Startup Cost": 350050.56,
          "Total Cost": 350051.17,
          "Plan Rows": 6,
          "Plan Width": 8,
          "Actual Startup Time": 788.608,
          "Actual Total Time": 839.343,
          "Actual Rows": 7,
          "Actual Loops": 1,
          "Workers Planned": 6,
          "Workers Launched": 6,
          "Single Copy": false,
          "Plans": [
            {
              "Node Type": "Aggregate",
              "Strategy": "Plain",
              "Partial Mode": "Partial",
              "Parent Relationship": "Outer",
              "Parallel Aware": false,
              "Startup Cost": 349050.56,
              "Total Cost": 349050.57,
              "Plan Rows": 1,
              "Plan Width": 8,
              "Actual Startup Time": 780.719,
              "Actual Total Time": 780.722,
              "Actual Rows": 1,
              "Actual Loops": 7,
              "Plans": [
                {
                  "Node Type": "Seq Scan",
                  "Parent Relationship": "Outer",
                  "Parallel Aware": true,
                  "Relation Name": "cast_info",
                  "Alias": "ci",
                  "Startup Cost": 0.0,
                  "Total Cost": 343316.27,
                  "Plan Rows": 2293716,
                  "Plan Width": 0,
                  "Actual Startup Time": 0.051,
                  "Actual Total Time": 677.241,
                  "Actual Rows": 2182622,
                  "Actual Loops": 7,
                  "Filter": "((person_id < 1578234) AND (role_id < 10))",
                  "Rows Removed by Filter": 2995141
                }
              ]
            }
          ]
        }
      ]
    },
    "Planning Time": 0.148,
    "Triggers": [],
    "Execution Time": 839.438
  }
]