[
  {
    "Plan": {
      "Node Type": "Aggregate",
      "Strategy": "Plain",
      "Partial Mode": "Finalize",
      "Parallel Aware": false,
      "Startup Cost": 350050.69,
      "Total Cost": 350050.7,
      "Plan Rows": 1,
      "Plan Width": 8,
      "Actual Startup Time": 747.696,
      "Actual Total Time": 805.381,
      "Actual Rows": 1,
      "Actual Loops": 1,
      "Plans": [
        {
          "Node Type": "Gather",
          "Parent Relationship": "Outer",
          "Parallel Aware": false,
          "Startup Cost": 350050.06,
          "Total Cost": 350050.67,
          "Plan Rows": 6,
          "Plan Width": 8,
          "Actual Startup Time": 747.59,
          "Actual Total Time": 805.369,
          "Actual Rows": 7,
          "Actual Loops": 1,
          "Workers Planned": 6,
          "Workers Launched": 6,
          "Single Copy": false,
          "Plans": [
            {
              "Node Type": "Aggregate",
              "Strategy": "Plain",
              "Partial Mode": "Partial",
              "Parent Relationship": "Outer",
              "Parallel Aware": false,
              "Startup Cost": 349050.06,
              "Total Cost": 349050.07,
              "Plan Rows": 1,
              "Plan Width": 8,
              "Actual Startup Time": 737.932,
              "Actual Total Time": 737.933,
              "Actual Rows": 1,
              "Actual Loops": 7,
              "Plans": [
                {
                  "Node Type": "Seq Scan",
                  "Parent Relationship": "Outer",
                  "Parallel Aware": true,
                  "Relation Name": "cast_info",
                  "Alias": "ci",
                  "Startup Cost": 0.0,
                  "Total Cost": 343257.03,
                  "Plan Rows": 2317214,
                  "Plan Width": 0,
                  "Actual Startup Time": 0.056,
                  "Actual Total Time": 644.313,
                  "Actual Rows": 2182622,
                  "Actual Loops": 7,
                  "Filter": "((person_id < 1578234) AND (role_id < 10))",
                  "Rows Removed by Filter": 2995141
                }
              ]
            }
          ]
        }
      ]
    },
    "Planning Time": 0.216,
    "Triggers": [],
    "Execution Time": 805.453
  }
]