[
  {
    "Plan": {
      "Node Type": "Aggregate",
      "Strategy": "Plain",
      "Partial Mode": "Finalize",
      "Parallel Aware": false,
      "Startup Cost": 32191.59,
      "Total Cost": 32191.6,
      "Plan Rows": 1,
      "Plan Width": 8,
      "Actual Startup Time": 116.355,
      "Actual Total Time": 124.489,
      "Actual Rows": 1,
      "Actual Loops": 1,
      "Plans": [
        {
          "Node Type": "Gather",
          "Parent Relationship": "Outer",
          "Parallel Aware": false,
          "Startup Cost": 32191.27,
          "Total Cost": 32191.58,
          "Plan Rows": 3,
          "Plan Width": 8,
          "Actual Startup Time": 116.225,
          "Actual Total Time": 124.481,
          "Actual Rows": 4,
          "Actual Loops": 1,
          "Workers Planned": 3,
          "Workers Launched": 3,
          "Single Copy": false,
          "Plans": [
            {
              "Node Type": "Aggregate",
              "Strategy": "Plain",
              "Partial Mode": "Partial",
              "Parent Relationship": "Outer",
              "Parallel Aware": false,
              "Startup Cost": 31191.27,
              "Total Cost": 31191.28,
              "Plan Rows": 1,
              "Plan Width": 8,
              "Actual Startup Time": 110.227,
              "Actual Total Time": 110.228,
              "Actual Rows": 1,
              "Actual Loops": 4,
              "Plans": [
                {
                  "Node Type": "Seq Scan",
                  "Parent Relationship": "Outer",
                  "Parallel Aware": true,
                  "Relation Name": "movie_companies",
                  "Alias": "mc",
                  "Startup Cost": 0.0,
                  "Total Cost": 29310.68,
                  "Plan Rows": 752235,
                  "Plan Width": 0,
                  "Actual Startup Time": 0.039,
                  "Actual Total Time": 82.551,
                  "Actual Rows": 583576,
                  "Actual Loops": 4,
                  "Filter": "(company_id < 96645)",
                  "Rows Removed by Filter": 68706
                }
              ]
            }
          ]
        }
      ]
    },
    "Planning Time": 0.194,
    "Triggers": [],
    "Execution Time": 124.543
  }
]