[
    {
        "Bao": {
            "Bao prediction": "NaN",
            "Bao recommended hint": "(no hint)"
        }
    },
    {
        "Plan": {
            "Node Type": "Aggregate",
            "Strategy": "Plain",
            "Partial Mode": "Finalize",
            "Parallel Aware": false,
            "Startup Cost": 415398.01,
            "Total Cost": 415398.02,
            "Plan Rows": 1,
            "Plan Width": 8,
            "Actual Startup Time": 845.262,
            "Actual Total Time": 879.265,
            "Actual Rows": 1,
            "Actual Loops": 1,
            "Output": [
                "count(*)"
            ],
            "Plans": [
                {
                    "Node Type": "Gather",
                    "Parent Relationship": "Outer",
                    "Parallel Aware": false,
                    "Startup Cost": 415397.49,
                    "Total Cost": 415398.0,
                    "Plan Rows": 5,
                    "Plan Width": 8,
                    "Actual Startup Time": 834.106,
                    "Actual Total Time": 879.243,
                    "Actual Rows": 6,
                    "Actual Loops": 1,
                    "Output": [
                        "(PARTIAL count(*))"
                    ],
                    "Workers Planned": 5,
                    "Workers Launched": 5,
                    "Single Copy": false,
                    "Plans": [
                        {
                            "Node Type": "Aggregate",
                            "Strategy": "Plain",
                            "Partial Mode": "Partial",
                            "Parent Relationship": "Outer",
                            "Parallel Aware": false,
                            "Startup Cost": 414397.49,
                            "Total Cost": 414397.5,
                            "Plan Rows": 1,
                            "Plan Width": 8,
                            "Actual Startup Time": 822.321,
                            "Actual Total Time": 822.324,
                            "Actual Rows": 1,
                            "Actual Loops": 6,
                            "Output": [
                                "PARTIAL count(*)"
                            ],
                            "Workers": [
                                {
                                    "Worker Number": 0,
                                    "Actual Startup Time": 819.958,
                                    "Actual Total Time": 819.962,
                                    "Actual Rows": 1,
                                    "Actual Loops": 1
                                },
                                {
                                    "Worker Number": 1,
                                    "Actual Startup Time": 819.839,
                                    "Actual Total Time": 819.843,
                                    "Actual Rows": 1,
                                    "Actual Loops": 1
                                },
                                {
                                    "Worker Number": 2,
                                    "Actual Startup Time": 820.57,
                                    "Actual Total Time": 820.572,
                                    "Actual Rows": 1,
                                    "Actual Loops": 1
                                },
                                {
                                    "Worker Number": 3,
                                    "Actual Startup Time": 819.889,
                                    "Actual Total Time": 819.892,
                                    "Actual Rows": 1,
                                    "Actual Loops": 1
                                },
                                {
                                    "Worker Number": 4,
                                    "Actual Startup Time": 820.019,
                                    "Actual Total Time": 820.023,
                                    "Actual Rows": 1,
                                    "Actual Loops": 1
                                }
                            ],
                            "Plans": [
                                {
                                    "Node Type": "Nested Loop",
                                    "Parent Relationship": "Outer",
                                    "Parallel Aware": false,
                                    "Join Type": "Inner",
                                    "Startup Cost": 61657.47,
                                    "Total Cost": 412111.45,
                                    "Plan Rows": 914413,
                                    "Plan Width": 0,
                                    "Actual Startup Time": 215.402,
                                    "Actual Total Time": 789.808,
                                    "Actual Rows": 624059,
                                    "Actual Loops": 6,
                                    "Inner Unique": false,
                                    "Workers": [
                                        {
                                            "Worker Number": 0,
                                            "Actual Startup Time": 213.209,
                                            "Actual Total Time": 788.02,
                                            "Actual Rows": 649489,
                                            "Actual Loops": 1
                                        },
                                        {
                                            "Worker Number": 1,
                                            "Actual Startup Time": 213.046,
                                            "Actual Total Time": 789.031,
                                            "Actual Rows": 614458,
                                            "Actual Loops": 1
                                        },
                                        {
                                            "Worker Number": 2,
                                            "Actual Startup Time": 213.239,
                                            "Actual Total Time": 789.504,
                                            "Actual Rows": 631275,
                                            "Actual Loops": 1
                                        },
                                        {
                                            "Worker Number": 3,
                                            "Actual Startup Time": 212.826,
                                            "Actual Total Time": 789.473,
                                            "Actual Rows": 628960,
                                            "Actual Loops": 1
                                        },
                                        {
                                            "Worker Number": 4,
                                            "Actual Startup Time": 213.371,
                                            "Actual Total Time": 789.399,
                                            "Actual Rows": 619029,
                                            "Actual Loops": 1
                                        }
                                    ],
                                    "Plans": [
                                        {
                                            "Node Type": "Hash Join",
                                            "Parent Relationship": "Outer",
                                            "Parallel Aware": true,
                                            "Join Type": "Inner",
                                            "Startup Cost": 61656.9,
                                            "Total Cost": 225740.27,
                                            "Plan Rows": 63773,
                                            "Plan Width": 8,
                                            "Actual Startup Time": 215.254,
                                            "Actual Total Time": 266.881,
                                            "Actual Rows": 17017,
                                            "Actual Loops": 6,
                                            "Output": [
                                                "t.id",
                                                "mi.movie_id"
                                            ],
                                            "Inner Unique": true,
                                            "Hash Cond": "(mi.movie_id = t.id)",
                                            "Workers": [
                                                {
                                                    "Worker Number": 0,
                                                    "Actual Startup Time": 213.011,
                                                    "Actual Total Time": 263.514,
                                                    "Actual Rows": 17292,
                                                    "Actual Loops": 1
                                                },
                                                {
                                                    "Worker Number": 1,
                                                    "Actual Startup Time": 212.847,
                                                    "Actual Total Time": 261.801,
                                                    "Actual Rows": 16451,
                                                    "Actual Loops": 1
                                                },
                                                {
                                                    "Worker Number": 2,
                                                    "Actual Startup Time": 213.054,
                                                    "Actual Total Time": 265.619,
                                                    "Actual Rows": 17169,
                                                    "Actual Loops": 1
                                                },
                                                {
                                                    "Worker Number": 3,
                                                    "Actual Startup Time": 212.744,
                                                    "Actual Total Time": 264.471,
                                                    "Actual Rows": 17173,
                                                    "Actual Loops": 1
                                                },
                                                {
                                                    "Worker Number": 4,
                                                    "Actual Startup Time": 213.182,
                                                    "Actual Total Time": 263.671,
                                                    "Actual Rows": 16734,
                                                    "Actual Loops": 1
                                                }
                                            ],
                                            "Plans": [
                                                {
                                                    "Node Type": "Bitmap Heap Scan",
                                                    "Parent Relationship": "Outer",
                                                    "Parallel Aware": true,
                                                    "Relation Name": "movie_info",
                                                    "Schema": "public",
                                                    "Alias": "mi",
                                                    "Startup Cost": 12531.92,
                                                    "Total Cost": 176252.49,
                                                    "Plan Rows": 138206,
                                                    "Plan Width": 4,
                                                    "Actual Startup Time": 37.84,
                                                    "Actual Total Time": 54.691,
                                                    "Actual Rows": 110154,
                                                    "Actual Loops": 6,
                                                    "Output": [
                                                        "mi.id",
                                                        "mi.movie_id",
                                                        "mi.info_type_id",
                                                        "mi.info",
                                                        "mi.note"
                                                    ],
                                                    "Recheck Cond": "(mi.info_type_id = 18)",
                                                    "Rows Removed by Index Recheck": 0,
                                                    "Exact Heap Blocks": 1059,
                                                    "Lossy Heap Blocks": 0,
                                                    "Workers": [
                                                        {
                                                            "Worker Number": 0,
                                                            "Actual Startup Time": 37.783,
                                                            "Actual Total Time": 54.595,
                                                            "Actual Rows": 112556,
                                                            "Actual Loops": 1
                                                        },
                                                        {
                                                            "Worker Number": 1,
                                                            "Actual Startup Time": 37.836,
                                                            "Actual Total Time": 54.0,
                                                            "Actual Rows": 108585,
                                                            "Actual Loops": 1
                                                        },
                                                        {
                                                            "Worker Number": 2,
                                                            "Actual Startup Time": 37.91,
                                                            "Actual Total Time": 55.108,
                                                            "Actual Rows": 114908,
                                                            "Actual Loops": 1
                                                        },
                                                        {
                                                            "Worker Number": 3,
                                                            "Actual Startup Time": 37.762,
                                                            "Actual Total Time": 55.017,
                                                            "Actual Rows": 113956,
                                                            "Actual Loops": 1
                                                        },
                                                        {
                                                            "Worker Number": 4,
                                                            "Actual Startup Time": 37.85,
                                                            "Actual Total Time": 54.585,
                                                            "Actual Rows": 111029,
                                                            "Actual Loops": 1
                                                        }
                                                    ],
                                                    "Plans": [
                                                        {
                                                            "Node Type": "Bitmap Index Scan",
                                                            "Parent Relationship": "Outer",
                                                            "Parallel Aware": false,
                                                            "Index Name": "info_type_id_movie_info",
                                                            "Startup Cost": 0.0,
                                                            "Total Cost": 12359.16,
                                                            "Plan Rows": 691030,
                                                            "Plan Width": 0,
                                                            "Actual Startup Time": 36.825,
                                                            "Actual Total Time": 36.826,
                                                            "Actual Rows": 660923,
                                                            "Actual Loops": 1,
                                                            "Index Cond": "(mi.info_type_id = 18)",
                                                            "Workers": [
                                                                {
                                                                    "Worker Number": 3,
                                                                    "Actual Startup Time": 36.825,
                                                                    "Actual Total Time": 36.826,
                                                                    "Actual Rows": 660923,
                                                                    "Actual Loops": 1
                                                                }
                                                            ]
                                                        }
                                                    ]
                                                },
                                                {
                                                    "Node Type": "Hash",
                                                    "Parent Relationship": "Inner",
                                                    "Parallel Aware": true,
                                                    "Startup Cost": 45479.21,
                                                    "Total Cost": 45479.21,
                                                    "Plan Rows": 291662,
                                                    "Plan Width": 4,
                                                    "Actual Startup Time": 173.162,
                                                    "Actual Total Time": 173.163,
                                                    "Actual Rows": 211439,
                                                    "Actual Loops": 6,
                                                    "Output": [
                                                        "t.id"
                                                    ],
                                                    "Hash Buckets": 2097152,
                                                    "Original Hash Buckets": 2097152,
                                                    "Hash Batches": 1,
                                                    "Original Hash Batches": 1,
                                                    "Peak Memory Usage": 66080,
                                                    "Workers": [
                                                        {
                                                            "Worker Number": 0,
                                                            "Actual Startup Time": 174.627,
                                                            "Actual Total Time": 174.628,
                                                            "Actual Rows": 216591,
                                                            "Actual Loops": 1
                                                        },
                                                        {
                                                            "Worker Number": 1,
                                                            "Actual Startup Time": 174.474,
                                                            "Actual Total Time": 174.474,
                                                            "Actual Rows": 197037,
                                                            "Actual Loops": 1
                                                        },
                                                        {
                                                            "Worker Number": 2,
                                                            "Actual Startup Time": 174.527,
                                                            "Actual Total Time": 174.528,
                                                            "Actual Rows": 216443,
                                                            "Actual Loops": 1
                                                        },
                                                        {
                                                            "Worker Number": 3,
                                                            "Actual Startup Time": 174.56,
                                                            "Actual Total Time": 174.561,
                                                            "Actual Rows": 197442,
                                                            "Actual Loops": 1
                                                        },
                                                        {
                                                            "Worker Number": 4,
                                                            "Actual Startup Time": 174.658,
                                                            "Actual Total Time": 174.658,
                                                            "Actual Rows": 216999,
                                                            "Actual Loops": 1
                                                        }
                                                    ],
                                                    "Plans": [
                                                        {
                                                            "Node Type": "Seq Scan",
                                                            "Parent Relationship": "Outer",
                                                            "Parallel Aware": true,
                                                            "Relation Name": "title",
                                                            "Schema": "public",
                                                            "Alias": "t",
                                                            "Startup Cost": 0.0,
                                                            "Total Cost": 45479.21,
                                                            "Plan Rows": 291662,
                                                            "Plan Width": 4,
                                                            "Actual Startup Time": 0.04,
                                                            "Actual Total Time": 80.887,
                                                            "Actual Rows": 211439,
                                                            "Actual Loops": 6,
                                                            "Output": [
                                                                "t.id"
                                                            ],
                                                            "Filter": "((t.kind_id > 6) AND (t.production_year > 1980))",
                                                            "Rows Removed by Filter": 209946,
                                                            "Workers": [
                                                                {
                                                                    "Worker Number": 0,
                                                                    "Actual Startup Time": 0.038,
                                                                    "Actual Total Time": 82.434,
                                                                    "Actual Rows": 216591,
                                                                    "Actual Loops": 1
                                                                },
                                                                {
                                                                    "Worker Number": 1,
                                                                    "Actual Startup Time": 0.052,
                                                                    "Actual Total Time": 80.514,
                                                                    "Actual Rows": 197037,
                                                                    "Actual Loops": 1
                                                                },
                                                                {
                                                                    "Worker Number": 2,
                                                                    "Actual Startup Time": 0.06,
                                                                    "Actual Total Time": 82.381,
                                                                    "Actual Rows": 216443,
                                                                    "Actual Loops": 1
                                                                },
                                                                {
                                                                    "Worker Number": 3,
                                                                    "Actual Startup Time": 0.028,
                                                                    "Actual Total Time": 81.831,
                                                                    "Actual Rows": 197442,
                                                                    "Actual Loops": 1
                                                                },
                                                                {
                                                                    "Worker Number": 4,
                                                                    "Actual Startup Time": 0.048,
                                                                    "Actual Total Time": 82.579,
                                                                    "Actual Rows": 216999,
                                                                    "Actual Loops": 1
                                                                }
                                                            ]
                                                        }
                                                    ]
                                                }
                                            ]
                                        },
                                        {
                                            "Node Type": "Index Only Scan",
                                            "Parent Relationship": "Inner",
                                            "Parallel Aware": false,
                                            "Scan Direction": "Forward",
                                            "Index Name": "movie_id_cast_info",
                                            "Relation Name": "cast_info",
                                            "Schema": "public",
                                            "Alias": "ci",
                                            "Startup Cost": 0.56,
                                            "Total Cost": 2.54,
                                            "Plan Rows": 38,
                                            "Plan Width": 4,
                                            "Actual Startup Time": 0.005,
                                            "Actual Total Time": 0.028,
                                            "Actual Rows": 37,
                                            "Actual Loops": 102102,
                                            "Output": [
                                                "ci.movie_id"
                                            ],
                                            "Index Cond": "(ci.movie_id = t.id)",
                                            "Rows Removed by Index Recheck": 0,
                                            "Heap Fetches": 3744356,
                                            "Workers": [
                                                {
                                                    "Worker Number": 0,
                                                    "Actual Startup Time": 0.005,
                                                    "Actual Total Time": 0.027,
                                                    "Actual Rows": 38,
                                                    "Actual Loops": 17292
                                                },
                                                {
                                                    "Worker Number": 1,
                                                    "Actual Startup Time": 0.005,
                                                    "Actual Total Time": 0.029,
                                                    "Actual Rows": 37,
                                                    "Actual Loops": 16451
                                                },
                                                {
                                                    "Worker Number": 2,
                                                    "Actual Startup Time": 0.005,
                                                    "Actual Total Time": 0.028,
                                                    "Actual Rows": 37,
                                                    "Actual Loops": 17169
                                                },
                                                {
                                                    "Worker Number": 3,
                                                    "Actual Startup Time": 0.005,
                                                    "Actual Total Time": 0.028,
                                                    "Actual Rows": 37,
                                                    "Actual Loops": 17173
                                                },
                                                {
                                                    "Worker Number": 4,
                                                    "Actual Startup Time": 0.005,
                                                    "Actual Total Time": 0.029,
                                                    "Actual Rows": 37,
                                                    "Actual Loops": 16734
                                                }
                                            ]
                                        }
                                    ]
                                }
                            ]
                        }
                    ]
                }
            ]
        },
        "Planning Time": 199.615,
        "Triggers": [],
        "Execution Time": 879.395
    }
]