[
  {
    "Plan": {
      "Node Type": "Aggregate",
      "Strategy": "Plain",
      "Partial Mode": "Finalize",
      "Parallel Aware": false,
      "Startup Cost": 82114.06,
      "Total Cost": 82114.07,
      "Plan Rows": 1,
      "Plan Width": 8,
      "Actual Startup Time": 504.646,
      "Actual Total Time": 522.312,
      "Actual Rows": 1,
      "Actual Loops": 1,
      "Plans": [
        {
          "Node Type": "Gather",
          "Parent Relationship": "Outer",
          "Parallel Aware": false,
          "Startup Cost": 82113.74,
          "Total Cost": 82114.05,
          "Plan Rows": 3,
          "Plan Width": 8,
          "Actual Startup Time": 497.284,
          "Actual Total Time": 522.305,
          "Actual Rows": 4,
          "Actual Loops": 1,
          "Workers Planned": 3,
          "Workers Launched": 3,
          "Single Copy": false,
          "Plans": [
            {
              "Node Type": "Aggregate",
              "Strategy": "Plain",
              "Partial Mode": "Partial",
              "Parent Relationship": "Outer",
              "Parallel Aware": false,
              "Startup Cost": 81113.74,
              "Total Cost": 81113.75,
              "Plan Rows": 1,
              "Plan Width": 8,
              "Actual Startup Time": 482.026,
              "Actual Total Time": 482.031,
              "Actual Rows": 1,
              "Actual Loops": 4,
              "Plans": [
                {
                  "Node Type": "Hash Join",
                  "Parent Relationship": "Outer",
                  "Parallel Aware": true,
                  "Join Type": "Inner",
                  "Startup Cost": 55299.28,
                  "Total Cost": 80920.77,
                  "Plan Rows": 77189,
                  "Plan Width": 0,
                  "Actual Startup Time": 407.733,
                  "Actual Total Time": 478.426,
                  "Actual Rows": 60723,
                  "Actual Loops": 4,
                  "Inner Unique": true,
                  "Hash Cond": "(mk.movie_id = t.id)",
                  "Plans": [
                    {
                      "Node Type": "Bitmap Heap Scan",
                      "Parent Relationship": "Outer",
                      "Parallel Aware": true,
                      "Relation Name": "movie_keyword",
                      "Alias": "mk",
                      "Startup Cost": 5078.9,
                      "Total Cost": 30497.76,
                      "Plan Rows": 77189,
                      "Plan Width": 4,
                      "Actual Startup Time": 16.688,
                      "Actual Total Time": 61.276,
                      "Actual Rows": 60723,
                      "Actual Loops": 4,
                      "Recheck Cond": "(keyword_id > 61470)",
                      "Rows Removed by Index Recheck": 0,
                      "Exact Heap Blocks": 7694,
                      "Lossy Heap Blocks": 0,
                      "Plans": [
                        {
                          "Node Type": "Bitmap Index Scan",
                          "Parent Relationship": "Outer",
                          "Parallel Aware": false,
                          "Index Name": "keyword_id_movie_keyword",
                          "Startup Cost": 0.0,
                          "Total Cost": 5019.08,
                          "Plan Rows": 239286,
                          "Plan Width": 0,
                          "Actual Startup Time": 13.648,
                          "Actual Total Time": 13.649,
                          "Actual Rows": 242892,
                          "Actual Loops": 1,
                          "Index Cond": "(keyword_id > 61470)"
                        }
                      ]
                    },
                    {
                      "Node Type": "Hash",
                      "Parent Relationship": "Inner",
                      "Parallel Aware": true,
                      "Startup Cost": 42319.06,
                      "Total Cost": 42319.06,
                      "Plan Rows": 632106,
                      "Plan Width": 4,
                      "Actual Startup Time": 382.495,
                      "Actual Total Time": 382.497,
                      "Actual Rows": 632078,
                      "Actual Loops": 4,
                      "Hash Buckets": 4194304,
                      "Original Hash Buckets": 4194304,
                      "Hash Batches": 1,
                      "Original Hash Batches": 1,
                      "Peak Memory Usage": 131776,
                      "Plans": [
                        {
                          "Node Type": "Seq Scan",
                          "Parent Relationship": "Outer",
                          "Parallel Aware": true,
                          "Relation Name": "title",
                          "Alias": "t",
                          "Startup Cost": 0.0,
                          "Total Cost": 42319.06,
                          "Plan Rows": 632106,
                          "Plan Width": 4,
                          "Actual Startup Time": 0.04,
                          "Actual Total Time": 114.871,
                          "Actual Rows": 632078,
                          "Actual Loops": 4
                        }
                      ]
                    }
                  ]
                }
              ]
            }
          ]
        }
      ]
    },
    "Planning Time": 0.494,
    "Triggers": [],
    "Execution Time": 522.37
  }
]