[
  {
    "Plan": {
      "Node Type": "Aggregate",
      "Strategy": "Plain",
      "Partial Mode": "Finalize",
      "Parallel Aware": false,
      "Startup Cost": 47273.47,
      "Total Cost": 47273.48,
      "Plan Rows": 1,
      "Plan Width": 8,
      "Actual Startup Time": 189.541,
      "Actual Total Time": 197.919,
      "Actual Rows": 1,
      "Actual Loops": 1,
      "Plans": [
        {
          "Node Type": "Gather",
          "Parent Relationship": "Outer",
          "Parallel Aware": false,
          "Startup Cost": 47273.15,
          "Total Cost": 47273.46,
          "Plan Rows": 3,
          "Plan Width": 8,
          "Actual Startup Time": 189.413,
          "Actual Total Time": 197.91,
          "Actual Rows": 4,
          "Actual Loops": 1,
          "Workers Planned": 3,
          "Workers Launched": 3,
          "Single Copy": false,
          "Plans": [
            {
              "Node Type": "Aggregate",
              "Strategy": "Plain",
              "Partial Mode": "Partial",
              "Parent Relationship": "Outer",
              "Parallel Aware": false,
              "Startup Cost": 46273.15,
              "Total Cost": 46273.16,
              "Plan Rows": 1,
              "Plan Width": 8,
              "Actual Startup Time": 185.689,
              "Actual Total Time": 185.69,
              "Actual Rows": 1,
              "Actual Loops": 4,
              "Plans": [
                {
                  "Node Type": "Seq Scan",
                  "Parent Relationship": "Outer",
                  "Parallel Aware": true,
                  "Relation Name": "movie_keyword",
                  "Alias": "mk",
                  "Startup Cost": 0.0,
                  "Total Cost": 42695.65,
                  "Plan Rows": 1430998,
                  "Plan Width": 0,
                  "Actual Startup Time": 0.029,
                  "Actual Total Time": 129.81,
                  "Actual Rows": 1109395,
                  "Actual Loops": 4,
                  "Filter": "(keyword_id < 85959)",
                  "Rows Removed by Filter": 21588
                }
              ]
            }
          ]
        }
      ]
    },
    "Planning Time": 0.1,
    "Triggers": [],
    "Execution Time": 197.952
  }
]