{
  "Plan": {
    "Node Type": "Aggregate",
    "Strategy": "Plain",
    "Partial Mode": "Finalize",
    "Parallel Aware": false,
    "Startup Cost": 268447.12,
    "Total Cost": 268447.13,
    "Plan Rows": 1,
    "Plan Width": 8,
    "Actual Startup Time": 4013.428,
    "Actual Total Time": 4101.918,
    "Actual Rows": 1,
    "Actual Loops": 1,
    "Plans": [
      {
        "Node Type": "Gather",
        "Parent Relationship": "Outer",
        "Parallel Aware": false,
        "Startup Cost": 268447.0,
        "Total Cost": 268447.11,
        "Plan Rows": 1,
        "Plan Width": 8,
        "Actual Startup Time": 4011.702,
        "Actual Total Time": 4101.909,
        "Actual Rows": 2,
        "Actual Loops": 1,
        "Workers Planned": 1,
        "Workers Launched": 1,
        "Single Copy": false,
        "Plans": [
          {
            "Node Type": "Aggregate",
            "Strategy": "Plain",
            "Partial Mode": "Partial",
            "Parent Relationship": "Outer",
            "Parallel Aware": false,
            "Startup Cost": 267447.0,
            "Total Cost": 267447.01,
            "Plan Rows": 1,
            "Plan Width": 8,
            "Actual Startup Time": 4005.116,
            "Actual Total Time": 4005.121,
            "Actual Rows": 1,
            "Actual Loops": 2,
            "Plans": [
              {
                "Node Type": "Nested Loop",
                "Parent Relationship": "Outer",
                "Parallel Aware": false,
                "Join Type": "Inner",
                "Startup Cost": 68733.29,
                "Total Cost": 266093.96,
                "Plan Rows": 541216,
                "Plan Width": 0,
                "Actual Startup Time": 261.861,
                "Actual Total Time": 3789.492,
                "Actual Rows": 4157162,
                "Actual Loops": 2,
                "Inner Unique": false,
                "Plans": [
                  {
                    "Node Type": "Hash Join",
                    "Parent Relationship": "Outer",
                    "Parallel Aware": true,
                    "Join Type": "Inner",
                    "Startup Cost": 68732.73,
                    "Total Cost": 95943.41,
                    "Plan Rows": 37771,
                    "Plan Width": 8,
                    "Actual Startup Time": 261.786,
                    "Actual Total Time": 398.299,
                    "Actual Rows": 104208,
                    "Actual Loops": 2,
                    "Inner Unique": true,
                    "Hash Cond": "(mk.movie_id = t.id)",
                    "Plans": [
                      {
                        "Node Type": "Bitmap Heap Scan",
                        "Parent Relationship": "Outer",
                        "Parallel Aware": true,
                        "Relation Name": "movie_keyword",
                        "Alias": "mk",
                        "Startup Cost": 6573.71,
                        "Total Cost": 33305.96,
                        "Plan Rows": 182260,
                        "Plan Width": 4,
                        "Actual Startup Time": 19.248,
                        "Actual Total Time": 82.256,
                        "Actual Rows": 163623,
                        "Actual Loops": 2,
                        "Recheck Cond": "(keyword_id < 266)",
                        "Rows Removed by Index Recheck": 0,
                        "Exact Heap Blocks": 11688,
                        "Lossy Heap Blocks": 0,
                        "Plans": [
                          {
                            "Node Type": "Bitmap Index Scan",
                            "Parent Relationship": "Outer",
                            "Parallel Aware": false,
                            "Index Name": "keyword_id_movie_keyword",
                            "Startup Cost": 0.0,
                            "Total Cost": 6496.25,
                            "Plan Rows": 309842,
                            "Plan Width": 0,
                            "Actual Startup Time": 15.683,
                            "Actual Total Time": 15.684,
                            "Actual Rows": 327246,
                            "Actual Loops": 1,
                            "Index Cond": "(keyword_id < 266)"
                          }
                        ]
                      },
                      {
                        "Node Type": "Hash",
                        "Parent Relationship": "Inner",
                        "Parallel Aware": true,
                        "Startup Cost": 58306.47,
                        "Total Cost": 58306.47,
                        "Plan Rows": 308204,
                        "Plan Width": 4,
                        "Actual Startup Time": 236.752,
                        "Actual Total Time": 236.752,
                        "Actual Rows": 304766,
                        "Actual Loops": 2,
                        "Hash Buckets": 1048576,
                        "Original Hash Buckets": 524288,
                        "Hash Batches": 1,
                        "Original Hash Batches": 1,
                        "Peak Memory Usage": 36192,
                        "Plans": [
                          {
                            "Node Type": "Seq Scan",
                            "Parent Relationship": "Outer",
                            "Parallel Aware": true,
                            "Relation Name": "title",
                            "Alias": "t",
                            "Startup Cost": 0.0,
                            "Total Cost": 58306.47,
                            "Plan Rows": 308204,
                            "Plan Width": 4,
                            "Actual Startup Time": 0.034,
                            "Actual Total Time": 158.158,
                            "Actual Rows": 304766,
                            "Actual Loops": 2,
                            "Filter": "((kind_id < 7) AND (production_year < 2005))",
                            "Rows Removed by Filter": 959390
                          }
                        ]
                      }
                    ]
                  },
                  {
                    "Node Type": "Index Only Scan",
                    "Parent Relationship": "Inner",
                    "Parallel Aware": false,
                    "Scan Direction": "Forward",
                    "Index Name": "movie_id_cast_info",
                    "Relation Name": "cast_info",
                    "Alias": "ci",
                    "Startup Cost": 0.56,
                    "Total Cost": 4.13,
                    "Plan Rows": 37,
                    "Plan Width": 4,
                    "Actual Startup Time": 0.004,
                    "Actual Total Time": 0.029,
                    "Actual Rows": 40,
                    "Actual Loops": 208415,
                    "Index Cond": "(movie_id = t.id)",
                    "Rows Removed by Index Recheck": 0,
                    "Heap Fetches": 8314323
                  }
                ]
              }
            ]
          }
        ]
      }
    ]
  },
  "Planning Time": 0.915,
  "Triggers": [],
  "Execution Time": 4102.05
}