[
  {
    "Plan": {
      "Node Type": "Aggregate",
      "Strategy": "Plain",
      "Partial Mode": "Finalize",
      "Parallel Aware": false,
      "Startup Cost": 100312.86,
      "Total Cost": 100312.87,
      "Plan Rows": 1,
      "Plan Width": 8,
      "Actual Startup Time": 951.677,
      "Actual Total Time": 969.771,
      "Actual Rows": 1,
      "Actual Loops": 1,
      "Plans": [
        {
          "Node Type": "Gather",
          "Parent Relationship": "Outer",
          "Parallel Aware": false,
          "Startup Cost": 100312.65,
          "Total Cost": 100312.86,
          "Plan Rows": 2,
          "Plan Width": 8,
          "Actual Startup Time": 941.725,
          "Actual Total Time": 969.762,
          "Actual Rows": 3,
          "Actual Loops": 1,
          "Workers Planned": 2,
          "Workers Launched": 2,
          "Single Copy": false,
          "Plans": [
            {
              "Node Type": "Aggregate",
              "Strategy": "Plain",
              "Partial Mode": "Partial",
              "Parent Relationship": "Outer",
              "Parallel Aware": false,
              "Startup Cost": 99312.65,
              "Total Cost": 99312.66,
              "Plan Rows": 1,
              "Plan Width": 8,
              "Actual Startup Time": 932.912,
              "Actual Total Time": 932.918,
              "Actual Rows": 1,
              "Actual Loops": 3,
              "Plans": [
                {
                  "Node Type": "Hash Join",
                  "Parent Relationship": "Outer",
                  "Parallel Aware": true,
                  "Join Type": "Inner",
                  "Startup Cost": 82649.36,
                  "Total Cost": 98901.73,
                  "Plan Rows": 164367,
                  "Plan Width": 0,
                  "Actual Startup Time": 744.848,
                  "Actual Total Time": 913.435,
                  "Actual Rows": 410123,
                  "Actual Loops": 3,
                  "Inner Unique": false,
                  "Hash Cond": "(mi_idx.movie_id = t.id)",
                  "Plans": [
                    {
                      "Node Type": "Seq Scan",
                      "Parent Relationship": "Outer",
                      "Parallel Aware": true,
                      "Relation Name": "movie_info_idx",
                      "Alias": "mi_idx",
                      "Startup Cost": 0.0,
                      "Total Cost": 13685.15,
                      "Plan Rows": 575015,
                      "Plan Width": 4,
                      "Actual Startup Time": 0.03,
                      "Actual Total Time": 42.281,
                      "Actual Rows": 460012,
                      "Actual Loops": 3
                    },
                    {
                      "Node Type": "Hash",
                      "Parent Relationship": "Inner",
                      "Parallel Aware": true,
                      "Startup Cost": 80390.9,
                      "Total Cost": 80390.9,
                      "Plan Rows": 180677,
                      "Plan Width": 8,
                      "Actual Startup Time": 738.604,
                      "Actual Total Time": 738.608,
                      "Actual Rows": 314087,
                      "Actual Loops": 3,
                      "Hash Buckets": 1048576,
                      "Original Hash Buckets": 1048576,
                      "Hash Batches": 1,
                      "Original Hash Batches": 1,
                      "Peak Memory Usage": 45120,
                      "Plans": [
                        {
                          "Node Type": "Hash Join",
                          "Parent Relationship": "Outer",
                          "Parallel Aware": true,
                          "Join Type": "Inner",
                          "Startup Cost": 34328.97,
                          "Total Cost": 80390.9,
                          "Plan Rows": 180677,
                          "Plan Width": 8,
                          "Actual Startup Time": 219.363,
                          "Actual Total Time": 636.59,
                          "Actual Rows": 314087,
                          "Actual Loops": 3,
                          "Inner Unique": false,
                          "Hash Cond": "(t.id = mc.movie_id)",
                          "Plans": [
                            {
                              "Node Type": "Seq Scan",
                              "Parent Relationship": "Outer",
                              "Parallel Aware": true,
                              "Relation Name": "title",
                              "Alias": "t",
                              "Startup Cost": 0.0,
                              "Total Cost": 42318.73,
                              "Plan Rows": 632073,
                              "Plan Width": 4,
                              "Actual Startup Time": 0.01,
                              "Actual Total Time": 101.687,
                              "Actual Rows": 842771,
                              "Actual Loops": 3
                            },
                            {
                              "Node Type": "Hash",
                              "Parent Relationship": "Inner",
                              "Parallel Aware": true,
                              "Startup Cost": 31414.82,
                              "Total Cost": 31414.82,
                              "Plan Rows": 233132,
                              "Plan Width": 4,
                              "Actual Startup Time": 215.633,
                              "Actual Total Time": 215.634,
                              "Actual Rows": 314087,
                              "Actual Loops": 3,
                              "Hash Buckets": 1048576,
                              "Original Hash Buckets": 1048576,
                              "Hash Batches": 1,
                              "Original Hash Batches": 1,
                              "Peak Memory Usage": 45120,
                              "Plans": [
                                {
                                  "Node Type": "Seq Scan",
                                  "Parent Relationship": "Outer",
                                  "Parallel Aware": true,
                                  "Relation Name": "movie_companies",
                                  "Alias": "mc",
                                  "Startup Cost": 0.0,
                                  "Total Cost": 31414.82,
                                  "Plan Rows": 233132,
                                  "Plan Width": 4,
                                  "Actual Startup Time": 59.988,
                                  "Actual Total Time": 117.353,
                                  "Actual Rows": 314087,
                                  "Actual Loops": 3,
                                  "Filter": "((company_id > 10351) AND (company_type_id > 1))",
                                  "Rows Removed by Filter": 555623
                                }
                              ]
                            }
                          ]
                        }
                      ]
                    }
                  ]
                }
              ]
            }
          ]
        }
      ]
    },
    "Planning Time": 1.13,
    "Triggers": [],
    "Execution Time": 969.853
  }
]