{
  "Plan": {
    "Node Type": "Aggregate",
    "Strategy": "Plain",
    "Partial Mode": "Finalize",
    "Parallel Aware": false,
    "Startup Cost": 59609.47,
    "Total Cost": 59609.48,
    "Plan Rows": 1,
    "Plan Width": 8,
    "Actual Startup Time": 168.19,
    "Actual Total Time": 176.858,
    "Actual Rows": 1,
    "Actual Loops": 1,
    "Plans": [
      {
        "Node Type": "Gather",
        "Parent Relationship": "Outer",
        "Parallel Aware": false,
        "Startup Cost": 59609.36,
        "Total Cost": 59609.47,
        "Plan Rows": 1,
        "Plan Width": 8,
        "Actual Startup Time": 167.636,
        "Actual Total Time": 176.85,
        "Actual Rows": 2,
        "Actual Loops": 1,
        "Workers Planned": 1,
        "Workers Launched": 1,
        "Single Copy": false,
        "Plans": [
          {
            "Node Type": "Aggregate",
            "Strategy": "Plain",
            "Partial Mode": "Partial",
            "Parent Relationship": "Outer",
            "Parallel Aware": false,
            "Startup Cost": 58609.36,
            "Total Cost": 58609.37,
            "Plan Rows": 1,
            "Plan Width": 8,
            "Actual Startup Time": 161.671,
            "Actual Total Time": 161.675,
            "Actual Rows": 1,
            "Actual Loops": 2,
            "Plans": [
              {
                "Node Type": "Hash Join",
                "Parent Relationship": "Outer",
                "Parallel Aware": true,
                "Join Type": "Inner",
                "Startup Cost": 39805.95,
                "Total Cost": 58590.27,
                "Plan Rows": 7635,
                "Plan Width": 0,
                "Actual Startup Time": 105.376,
                "Actual Total Time": 161.118,
                "Actual Rows": 9716,
                "Actual Loops": 2,
                "Inner Unique": true,
                "Hash Cond": "(mi_idx.movie_id = t.id)",
                "Plans": [
                  {
                    "Node Type": "Seq Scan",
                    "Parent Relationship": "Outer",
                    "Parallel Aware": true,
                    "Relation Name": "movie_info_idx",
                    "Alias": "mi_idx",
                    "Startup Cost": 0.0,
                    "Total Cost": 18082.32,
                    "Plan Rows": 267429,
                    "Plan Width": 4,
                    "Actual Startup Time": 0.023,
                    "Actual Total Time": 59.443,
                    "Actual Rows": 229962,
                    "Actual Loops": 2,
                    "Filter": "(info_type_id = 99)",
                    "Rows Removed by Filter": 460055
                  },
                  {
                    "Node Type": "Hash",
                    "Parent Relationship": "Inner",
                    "Parallel Aware": true,
                    "Startup Cost": 39275.23,
                    "Total Cost": 39275.23,
                    "Plan Rows": 42458,
                    "Plan Width": 4,
                    "Actual Startup Time": 66.871,
                    "Actual Total Time": 66.872,
                    "Actual Rows": 47167,
                    "Actual Loops": 2,
                    "Hash Buckets": 131072,
                    "Original Hash Buckets": 131072,
                    "Hash Batches": 1,
                    "Original Hash Batches": 1,
                    "Peak Memory Usage": 4736,
                    "Plans": [
                      {
                        "Node Type": "Bitmap Heap Scan",
                        "Parent Relationship": "Outer",
                        "Parallel Aware": true,
                        "Relation Name": "title",
                        "Alias": "t",
                        "Startup Cost": 2198.98,
                        "Total Cost": 39275.23,
                        "Plan Rows": 42458,
                        "Plan Width": 4,
                        "Actual Startup Time": 16.776,
                        "Actual Total Time": 55.076,
                        "Actual Rows": 47167,
                        "Actual Loops": 2,
                        "Recheck Cond": "(kind_id = 4)",
                        "Rows Removed by Index Recheck": 0,
                        "Filter": "(production_year > 1998)",
                        "Rows Removed by Filter": 11950,
                        "Exact Heap Blocks": 10037,
                        "Lossy Heap Blocks": 0,
                        "Plans": [
                          {
                            "Node Type": "Bitmap Index Scan",
                            "Parent Relationship": "Outer",
                            "Parallel Aware": false,
                            "Index Name": "kind_id_title",
                            "Startup Cost": 0.0,
                            "Total Cost": 2180.94,
                            "Plan Rows": 122201,
                            "Plan Width": 0,
                            "Actual Startup Time": 15.748,
                            "Actual Total Time": 15.749,
                            "Actual Rows": 118234,
                            "Actual Loops": 1,
                            "Index Cond": "(kind_id = 4)"
                          }
                        ]
                      }
                    ]
                  }
                ]
              }
            ]
          }
        ]
      }
    ]
  },
  "Planning Time": 0.463,
  "Triggers": [],
  "Execution Time": 176.95
}