[
  {
    "Plan": {
      "Node Type": "Aggregate",
      "Strategy": "Plain",
      "Partial Mode": "Finalize",
      "Parallel Aware": false,
      "Startup Cost": 340299.15,
      "Total Cost": 340299.16,
      "Plan Rows": 1,
      "Plan Width": 8,
      "Actual Startup Time": 438.076,
      "Actual Total Time": 458.792,
      "Actual Rows": 1,
      "Actual Loops": 1,
      "Plans": [
        {
          "Node Type": "Gather",
          "Parent Relationship": "Outer",
          "Parallel Aware": false,
          "Startup Cost": 340298.52,
          "Total Cost": 340299.13,
          "Plan Rows": 6,
          "Plan Width": 8,
          "Actual Startup Time": 437.995,
          "Actual Total Time": 458.784,
          "Actual Rows": 7,
          "Actual Loops": 1,
          "Workers Planned": 6,
          "Workers Launched": 6,
          "Single Copy": false,
          "Plans": [
            {
              "Node Type": "Aggregate",
              "Strategy": "Plain",
              "Partial Mode": "Partial",
              "Parent Relationship": "Outer",
              "Parallel Aware": false,
              "Startup Cost": 339298.52,
              "Total Cost": 339298.53,
              "Plan Rows": 1,
              "Plan Width": 8,
              "Actual Startup Time": 428.462,
              "Actual Total Time": 428.463,
              "Actual Rows": 1,
              "Actual Loops": 7,
              "Plans": [
                {
                  "Node Type": "Index Scan",
                  "Parent Relationship": "Outer",
                  "Parallel Aware": true,
                  "Scan Direction": "Forward",
                  "Index Name": "role_id_cast_info",
                  "Relation Name": "cast_info",
                  "Alias": "ci",
                  "Startup Cost": 0.56,
                  "Total Cost": 335235.55,
                  "Plan Rows": 1625189,
                  "Plan Width": 0,
                  "Actual Startup Time": 179.013,
                  "Actual Total Time": 382.756,
                  "Actual Rows": 978198,
                  "Actual Loops": 7,
                  "Index Cond": "(role_id = 1)",
                  "Rows Removed by Index Recheck": 0,
                  "Filter": "(person_id > 788964)",
                  "Rows Removed by Filter": 831900
                }
              ]
            }
          ]
        }
      ]
    },
    "Planning Time": 0.201,
    "Triggers": [],
    "Execution Time": 458.854
  }
]