{
  "Plan": {
    "Node Type": "Aggregate",
    "Strategy": "Plain",
    "Partial Mode": "Simple",
    "Parallel Aware": false,
    "Startup Cost": 727.92,
    "Total Cost": 727.93,
    "Plan Rows": 1,
    "Plan Width": 8,
    "Actual Startup Time": 0.864,
    "Actual Total Time": 0.867,
    "Actual Rows": 1,
    "Actual Loops": 1,
    "Plans": [
      {
        "Node Type": "Nested Loop",
        "Parent Relationship": "Outer",
        "Parallel Aware": false,
        "Join Type": "Inner",
        "Startup Cost": 1.29,
        "Total Cost": 727.92,
        "Plan Rows": 1,
        "Plan Width": 0,
        "Actual Startup Time": 0.486,
        "Actual Total Time": 0.857,
        "Actual Rows": 9,
        "Actual Loops": 1,
        "Inner Unique": false,
        "Plans": [
          {
            "Node Type": "Nested Loop",
            "Parent Relationship": "Outer",
            "Parallel Aware": false,
            "Join Type": "Inner",
            "Startup Cost": 0.86,
            "Total Cost": 713.36,
            "Plan Rows": 1,
            "Plan Width": 8,
            "Actual Startup Time": 0.456,
            "Actual Total Time": 0.671,
            "Actual Rows": 7,
            "Actual Loops": 1,
            "Inner Unique": true,
            "Plans": [
              {
                "Node Type": "Index Scan",
                "Parent Relationship": "Outer",
                "Parallel Aware": false,
                "Scan Direction": "Forward",
                "Index Name": "company_id_movie_companies",
                "Relation Name": "movie_companies",
                "Alias": "mc",
                "Startup Cost": 0.43,
                "Total Cost": 273.83,
                "Plan Rows": 52,
                "Plan Width": 4,
                "Actual Startup Time": 0.33,
                "Actual Total Time": 0.387,
                "Actual Rows": 24,
                "Actual Loops": 1,
                "Index Cond": "(company_id = 6574)",
                "Rows Removed by Index Recheck": 0,
                "Filter": "(company_type_id > 1)",
                "Rows Removed by Filter": 82
              },
              {
                "Node Type": "Index Scan",
                "Parent Relationship": "Inner",
                "Parallel Aware": false,
                "Scan Direction": "Forward",
                "Index Name": "title_pkey",
                "Relation Name": "title",
                "Alias": "t",
                "Startup Cost": 0.43,
                "Total Cost": 8.45,
                "Plan Rows": 1,
                "Plan Width": 4,
                "Actual Startup Time": 0.011,
                "Actual Total Time": 0.011,
                "Actual Rows": 0,
                "Actual Loops": 24,
                "Index Cond": "(id = mc.movie_id)",
                "Rows Removed by Index Recheck": 0,
                "Filter": "((production_year > 2011) AND (kind_id = 1))",
                "Rows Removed by Filter": 1
              }
            ]
          },
          {
            "Node Type": "Index Scan",
            "Parent Relationship": "Inner",
            "Parallel Aware": false,
            "Scan Direction": "Forward",
            "Index Name": "movie_id_movie_info",
            "Relation Name": "movie_info",
            "Alias": "mi",
            "Startup Cost": 0.43,
            "Total Cost": 14.48,
            "Plan Rows": 8,
            "Plan Width": 4,
            "Actual Startup Time": 0.016,
            "Actual Total Time": 0.025,
            "Actual Rows": 1,
            "Actual Loops": 7,
            "Index Cond": "(movie_id = t.id)",
            "Rows Removed by Index Recheck": 0,
            "Filter": "(info_type_id = 16)",
            "Rows Removed by Filter": 6
          }
        ]
      }
    ]
  },
  "Planning Time": 0.964,
  "Triggers": [],
  "Execution Time": 0.934
}