[
  {
    "Plan": {
      "Node Type": "Aggregate",
      "Strategy": "Plain",
      "Partial Mode": "Finalize",
      "Parallel Aware": false,
      "Startup Cost": 379953.15,
      "Total Cost": 379953.16,
      "Plan Rows": 1,
      "Plan Width": 8,
      "Actual Startup Time": 860.268,
      "Actual Total Time": 913.537,
      "Actual Rows": 1,
      "Actual Loops": 1,
      "Plans": [
        {
          "Node Type": "Gather",
          "Parent Relationship": "Outer",
          "Parallel Aware": false,
          "Startup Cost": 379952.52,
          "Total Cost": 379953.13,
          "Plan Rows": 6,
          "Plan Width": 8,
          "Actual Startup Time": 854.798,
          "Actual Total Time": 913.528,
          "Actual Rows": 7,
          "Actual Loops": 1,
          "Workers Planned": 6,
          "Workers Launched": 6,
          "Single Copy": false,
          "Plans": [
            {
              "Node Type": "Aggregate",
              "Strategy": "Plain",
              "Partial Mode": "Partial",
              "Parent Relationship": "Outer",
              "Parallel Aware": false,
              "Startup Cost": 378952.52,
              "Total Cost": 378952.53,
              "Plan Rows": 1,
              "Plan Width": 8,
              "Actual Startup Time": 846.559,
              "Actual Total Time": 846.562,
              "Actual Rows": 1,
              "Actual Loops": 7,
              "Plans": [
                {
                  "Node Type": "Hash Join",
                  "Parent Relationship": "Outer",
                  "Parallel Aware": true,
                  "Join Type": "Inner",
                  "Startup Cost": 47941.62,
                  "Total Cost": 378311.86,
                  "Plan Rows": 256264,
                  "Plan Width": 0,
                  "Actual Startup Time": 490.358,
                  "Actual Total Time": 839.203,
                  "Actual Rows": 136701,
                  "Actual Loops": 7,
                  "Inner Unique": true,
                  "Hash Cond": "(ci.movie_id = t.id)",
                  "Plans": [
                    {
                      "Node Type": "Seq Scan",
                      "Parent Relationship": "Outer",
                      "Parallel Aware": true,
                      "Relation Name": "cast_info",
                      "Alias": "ci",
                      "Startup Cost": 0.0,
                      "Total Cost": 328211.39,
                      "Plan Rows": 822417,
                      "Plan Width": 4,
                      "Actual Startup Time": 366.551,
                      "Actual Total Time": 533.731,
                      "Actual Rows": 701059,
                      "Actual Loops": 7,
                      "Filter": "(person_id > 3182522)",
                      "Rows Removed by Filter": 4476705
                    },
                    {
                      "Node Type": "Hash",
                      "Parent Relationship": "Inner",
                      "Parallel Aware": true,
                      "Startup Cost": 45479.59,
                      "Total Cost": 45479.59,
                      "Plan Rows": 196963,
                      "Plan Width": 4,
                      "Actual Startup Time": 121.556,
                      "Actual Total Time": 121.557,
                      "Actual Rows": 98924,
                      "Actual Loops": 7,
                      "Hash Buckets": 1048576,
                      "Original Hash Buckets": 1048576,
                      "Hash Batches": 1,
                      "Original Hash Batches": 1,
                      "Peak Memory Usage": 35328,
                      "Plans": [
                        {
                          "Node Type": "Seq Scan",
                          "Parent Relationship": "Outer",
                          "Parallel Aware": true,
                          "Relation Name": "title",
                          "Alias": "t",
                          "Startup Cost": 0.0,
                          "Total Cost": 45479.59,
                          "Plan Rows": 196963,
                          "Plan Width": 4,
                          "Actual Startup Time": 0.033,
                          "Actual Total Time": 75.819,
                          "Actual Rows": 98924,
                          "Actual Loops": 7,
                          "Filter": "((kind_id > 1) AND (production_year < 2001))",
                          "Rows Removed by Filter": 262263
                        }
                      ]
                    }
                  ]
                }
              ]
            }
          ]
        }
      ]
    },
    "Planning Time": 0.272,
    "Triggers": [],
    "Execution Time": 913.618
  }
]