[
  {
    "Plan": {
      "Node Type": "Aggregate",
      "Strategy": "Plain",
      "Partial Mode": "Finalize",
      "Parallel Aware": false,
      "Startup Cost": 62437.04,
      "Total Cost": 62437.05,
      "Plan Rows": 1,
      "Plan Width": 8,
      "Actual Startup Time": 173.342,
      "Actual Total Time": 189.79,
      "Actual Rows": 1,
      "Actual Loops": 1,
      "Plans": [
        {
          "Node Type": "Gather",
          "Parent Relationship": "Outer",
          "Parallel Aware": false,
          "Startup Cost": 62436.82,
          "Total Cost": 62437.03,
          "Plan Rows": 2,
          "Plan Width": 8,
          "Actual Startup Time": 173.066,
          "Actual Total Time": 189.777,
          "Actual Rows": 3,
          "Actual Loops": 1,
          "Workers Planned": 2,
          "Workers Launched": 2,
          "Single Copy": false,
          "Plans": [
            {
              "Node Type": "Aggregate",
              "Strategy": "Plain",
              "Partial Mode": "Partial",
              "Parent Relationship": "Outer",
              "Parallel Aware": false,
              "Startup Cost": 61436.82,
              "Total Cost": 61436.83,
              "Plan Rows": 1,
              "Plan Width": 8,
              "Actual Startup Time": 169.723,
              "Actual Total Time": 169.726,
              "Actual Rows": 1,
              "Actual Loops": 3,
              "Plans": [
                {
                  "Node Type": "Hash Join",
                  "Parent Relationship": "Outer",
                  "Parallel Aware": true,
                  "Join Type": "Inner",
                  "Startup Cost": 45787.62,
                  "Total Cost": 61417.97,
                  "Plan Rows": 7540,
                  "Plan Width": 0,
                  "Actual Startup Time": 112.8,
                  "Actual Total Time": 169.71,
                  "Actual Rows": 119,
                  "Actual Loops": 3,
                  "Inner Unique": true,
                  "Hash Cond": "(mi_idx.movie_id = t.id)",
                  "Plans": [
                    {
                      "Node Type": "Seq Scan",
                      "Parent Relationship": "Outer",
                      "Parallel Aware": true,
                      "Relation Name": "movie_info_idx",
                      "Alias": "mi_idx",
                      "Startup Cost": 0.0,
                      "Total Cost": 15122.68,
                      "Plan Rows": 193397,
                      "Plan Width": 4,
                      "Actual Startup Time": 0.021,
                      "Actual Total Time": 44.29,
                      "Actual Rows": 153395,
                      "Actual Loops": 3,
                      "Filter": "(info_type_id > 100)",
                      "Rows Removed by Filter": 306617
                    },
                    {
                      "Node Type": "Hash",
                      "Parent Relationship": "Inner",
                      "Parallel Aware": true,
                      "Startup Cost": 45479.59,
                      "Total Cost": 45479.59,
                      "Plan Rows": 24643,
                      "Plan Width": 4,
                      "Actual Startup Time": 109.238,
                      "Actual Total Time": 109.239,
                      "Actual Rows": 2310,
                      "Actual Loops": 3,
                      "Hash Buckets": 131072,
                      "Original Hash Buckets": 131072,
                      "Hash Batches": 1,
                      "Original Hash Batches": 1,
                      "Peak Memory Usage": 1312,
                      "Plans": [
                        {
                          "Node Type": "Seq Scan",
                          "Parent Relationship": "Outer",
                          "Parallel Aware": true,
                          "Relation Name": "title",
                          "Alias": "t",
                          "Startup Cost": 0.0,
                          "Total Cost": 45479.59,
                          "Plan Rows": 24643,
                          "Plan Width": 4,
                          "Actual Startup Time": 0.093,
                          "Actual Total Time": 107.889,
                          "Actual Rows": 2310,
                          "Actual Loops": 3,
                          "Filter": "((kind_id > 4) AND (production_year < 1952))",
                          "Rows Removed by Filter": 840461
                        }
                      ]
                    }
                  ]
                }
              ]
            }
          ]
        }
      ]
    },
    "Planning Time": 0.549,
    "Triggers": [],
    "Execution Time": 189.829
  }
]