[
    {
        "Bao": {
            "Bao prediction": "NaN",
            "Bao recommended hint": "(no hint)"
        }
    },
    {
        "Plan": {
            "Node Type": "Aggregate",
            "Strategy": "Plain",
            "Partial Mode": "Finalize",
            "Parallel Aware": false,
            "Startup Cost": 80415.88,
            "Total Cost": 80415.89,
            "Plan Rows": 1,
            "Plan Width": 8,
            "Actual Startup Time": 251.022,
            "Actual Total Time": 272.548,
            "Actual Rows": 1,
            "Actual Loops": 1,
            "Output": [
                "count(*)"
            ],
            "Plans": [
                {
                    "Node Type": "Gather",
                    "Parent Relationship": "Outer",
                    "Parallel Aware": false,
                    "Startup Cost": 80415.46,
                    "Total Cost": 80415.87,
                    "Plan Rows": 4,
                    "Plan Width": 8,
                    "Actual Startup Time": 250.549,
                    "Actual Total Time": 272.54,
                    "Actual Rows": 5,
                    "Actual Loops": 1,
                    "Output": [
                        "(PARTIAL count(*))"
                    ],
                    "Workers Planned": 4,
                    "Workers Launched": 4,
                    "Single Copy": false,
                    "Plans": [
                        {
                            "Node Type": "Aggregate",
                            "Strategy": "Plain",
                            "Partial Mode": "Partial",
                            "Parent Relationship": "Outer",
                            "Parallel Aware": false,
                            "Startup Cost": 79415.46,
                            "Total Cost": 79415.47,
                            "Plan Rows": 1,
                            "Plan Width": 8,
                            "Actual Startup Time": 238.927,
                            "Actual Total Time": 238.931,
                            "Actual Rows": 1,
                            "Actual Loops": 5,
                            "Output": [
                                "PARTIAL count(*)"
                            ],
                            "Workers": [
                                {
                                    "Worker Number": 0,
                                    "Actual Startup Time": 236.268,
                                    "Actual Total Time": 236.272,
                                    "Actual Rows": 1,
                                    "Actual Loops": 1
                                },
                                {
                                    "Worker Number": 1,
                                    "Actual Startup Time": 235.827,
                                    "Actual Total Time": 235.83,
                                    "Actual Rows": 1,
                                    "Actual Loops": 1
                                },
                                {
                                    "Worker Number": 2,
                                    "Actual Startup Time": 236.463,
                                    "Actual Total Time": 236.466,
                                    "Actual Rows": 1,
                                    "Actual Loops": 1
                                },
                                {
                                    "Worker Number": 3,
                                    "Actual Startup Time": 236.462,
                                    "Actual Total Time": 236.465,
                                    "Actual Rows": 1,
                                    "Actual Loops": 1
                                }
                            ],
                            "Plans": [
                                {
                                    "Node Type": "Nested Loop",
                                    "Parent Relationship": "Outer",
                                    "Parallel Aware": false,
                                    "Join Type": "Inner",
                                    "Startup Cost": 20736.5,
                                    "Total Cost": 79344.39,
                                    "Plan Rows": 28429,
                                    "Plan Width": 0,
                                    "Actual Startup Time": 22.779,
                                    "Actual Total Time": 234.12,
                                    "Actual Rows": 72441,
                                    "Actual Loops": 5,
                                    "Inner Unique": false,
                                    "Workers": [
                                        {
                                            "Worker Number": 0,
                                            "Actual Startup Time": 20.095,
                                            "Actual Total Time": 231.402,
                                            "Actual Rows": 41731,
                                            "Actual Loops": 1
                                        },
                                        {
                                            "Worker Number": 1,
                                            "Actual Startup Time": 19.684,
                                            "Actual Total Time": 231.323,
                                            "Actual Rows": 66880,
                                            "Actual Loops": 1
                                        },
                                        {
                                            "Worker Number": 2,
                                            "Actual Startup Time": 20.442,
                                            "Actual Total Time": 231.94,
                                            "Actual Rows": 66439,
                                            "Actual Loops": 1
                                        },
                                        {
                                            "Worker Number": 3,
                                            "Actual Startup Time": 20.332,
                                            "Actual Total Time": 231.828,
                                            "Actual Rows": 69392,
                                            "Actual Loops": 1
                                        }
                                    ],
                                    "Plans": [
                                        {
                                            "Node Type": "Hash Join",
                                            "Parent Relationship": "Outer",
                                            "Parallel Aware": true,
                                            "Join Type": "Inner",
                                            "Startup Cost": 20735.94,
                                            "Total Cost": 65160.65,
                                            "Plan Rows": 2673,
                                            "Plan Width": 8,
                                            "Actual Startup Time": 22.661,
                                            "Actual Total Time": 97.703,
                                            "Actual Rows": 6261,
                                            "Actual Loops": 5,
                                            "Output": [
                                                "t.id",
                                                "mc.movie_id"
                                            ],
                                            "Inner Unique": false,
                                            "Hash Cond": "(t.id = mc.movie_id)",
                                            "Workers": [
                                                {
                                                    "Worker Number": 0,
                                                    "Actual Startup Time": 19.969,
                                                    "Actual Total Time": 89.78,
                                                    "Actual Rows": 3581,
                                                    "Actual Loops": 1
                                                },
                                                {
                                                    "Worker Number": 1,
                                                    "Actual Startup Time": 19.531,
                                                    "Actual Total Time": 89.521,
                                                    "Actual Rows": 5824,
                                                    "Actual Loops": 1
                                                },
                                                {
                                                    "Worker Number": 2,
                                                    "Actual Startup Time": 20.314,
                                                    "Actual Total Time": 92.383,
                                                    "Actual Rows": 5694,
                                                    "Actual Loops": 1
                                                },
                                                {
                                                    "Worker Number": 3,
                                                    "Actual Startup Time": 20.193,
                                                    "Actual Total Time": 90.609,
                                                    "Actual Rows": 5996,
                                                    "Actual Loops": 1
                                                }
                                            ],
                                            "Plans": [
                                                {
                                                    "Node Type": "Seq Scan",
                                                    "Parent Relationship": "Outer",
                                                    "Parallel Aware": true,
                                                    "Relation Name": "title",
                                                    "Schema": "public",
                                                    "Alias": "t",
                                                    "Startup Cost": 0.0,
                                                    "Total Cost": 43899.01,
                                                    "Plan Rows": 103418,
                                                    "Plan Width": 4,
                                                    "Actual Startup Time": 0.017,
                                                    "Actual Total Time": 58.306,
                                                    "Actual Rows": 81899,
                                                    "Actual Loops": 5,
                                                    "Output": [
                                                        "t.id",
                                                        "t.title",
                                                        "t.imdb_index",
                                                        "t.kind_id",
                                                        "t.production_year",
                                                        "t.imdb_id",
                                                        "t.phonetic_code",
                                                        "t.episode_of_id",
                                                        "t.season_nr",
                                                        "t.episode_nr",
                                                        "t.series_years",
                                                        "t.md5sum"
                                                    ],
                                                    "Filter": "(t.production_year < 1973)",
                                                    "Rows Removed by Filter": 423763,
                                                    "Workers": [
                                                        {
                                                            "Worker Number": 0,
                                                            "Actual Startup Time": 0.011,
                                                            "Actual Total Time": 55.004,
                                                            "Actual Rows": 52227,
                                                            "Actual Loops": 1
                                                        },
                                                        {
                                                            "Worker Number": 1,
                                                            "Actual Startup Time": 0.013,
                                                            "Actual Total Time": 54.429,
                                                            "Actual Rows": 74887,
                                                            "Actual Loops": 1
                                                        },
                                                        {
                                                            "Worker Number": 2,
                                                            "Actual Startup Time": 0.018,
                                                            "Actual Total Time": 56.012,
                                                            "Actual Rows": 78058,
                                                            "Actual Loops": 1
                                                        },
                                                        {
                                                            "Worker Number": 3,
                                                            "Actual Startup Time": 0.035,
                                                            "Actual Total Time": 54.781,
                                                            "Actual Rows": 75734,
                                                            "Actual Loops": 1
                                                        }
                                                    ]
                                                },
                                                {
                                                    "Node Type": "Hash",
                                                    "Parent Relationship": "Inner",
                                                    "Parallel Aware": true,
                                                    "Startup Cost": 20472.42,
                                                    "Total Cost": 20472.42,
                                                    "Plan Rows": 21081,
                                                    "Plan Width": 4,
                                                    "Actual Startup Time": 22.121,
                                                    "Actual Total Time": 22.123,
                                                    "Actual Rows": 13986,
                                                    "Actual Loops": 5,
                                                    "Output": [
                                                        "mc.movie_id"
                                                    ],
                                                    "Hash Buckets": 131072,
                                                    "Original Hash Buckets": 65536,
                                                    "Hash Batches": 1,
                                                    "Original Hash Batches": 1,
                                                    "Peak Memory Usage": 4416,
                                                    "Workers": [
                                                        {
                                                            "Worker Number": 0,
                                                            "Actual Startup Time": 19.474,
                                                            "Actual Total Time": 19.476,
                                                            "Actual Rows": 5762,
                                                            "Actual Loops": 1
                                                        },
                                                        {
                                                            "Worker Number": 1,
                                                            "Actual Startup Time": 19.084,
                                                            "Actual Total Time": 19.085,
                                                            "Actual Rows": 4945,
                                                            "Actual Loops": 1
                                                        },
                                                        {
                                                            "Worker Number": 2,
                                                            "Actual Startup Time": 19.685,
                                                            "Actual Total Time": 19.686,
                                                            "Actual Rows": 4934,
                                                            "Actual Loops": 1
                                                        },
                                                        {
                                                            "Worker Number": 3,
                                                            "Actual Startup Time": 19.685,
                                                            "Actual Total Time": 19.686,
                                                            "Actual Rows": 5753,
                                                            "Actual Loops": 1
                                                        }
                                                    ],
                                                    "Plans": [
                                                        {
                                                            "Node Type": "Bitmap Heap Scan",
                                                            "Parent Relationship": "Outer",
                                                            "Parallel Aware": true,
                                                            "Relation Name": "movie_companies",
                                                            "Schema": "public",
                                                            "Alias": "mc",
                                                            "Startup Cost": 1418.91,
                                                            "Total Cost": 20472.42,
                                                            "Plan Rows": 21081,
                                                            "Plan Width": 4,
                                                            "Actual Startup Time": 1.089,
                                                            "Actual Total Time": 14.228,
                                                            "Actual Rows": 13986,
                                                            "Actual Loops": 5,
                                                            "Output": [
                                                                "mc.movie_id"
                                                            ],
                                                            "Recheck Cond": "(mc.company_id < 11)",
                                                            "Rows Removed by Index Recheck": 0,
                                                            "Exact Heap Blocks": 4765,
                                                            "Lossy Heap Blocks": 0,
                                                            "Workers": [
                                                                {
                                                                    "Worker Number": 0,
                                                                    "Actual Startup Time": 0.131,
                                                                    "Actual Total Time": 13.385,
                                                                    "Actual Rows": 5762,
                                                                    "Actual Loops": 1
                                                                },
                                                                {
                                                                    "Worker Number": 1,
                                                                    "Actual Startup Time": 0.141,
                                                                    "Actual Total Time": 11.966,
                                                                    "Actual Rows": 4945,
                                                                    "Actual Loops": 1
                                                                },
                                                                {
                                                                    "Worker Number": 2,
                                                                    "Actual Startup Time": 0.337,
                                                                    "Actual Total Time": 12.804,
                                                                    "Actual Rows": 4934,
                                                                    "Actual Loops": 1
                                                                },
                                                                {
                                                                    "Worker Number": 3,
                                                                    "Actual Startup Time": 0.153,
                                                                    "Actual Total Time": 13.391,
                                                                    "Actual Rows": 5753,
                                                                    "Actual Loops": 1
                                                                }
                                                            ],
                                                            "Plans": [
                                                                {
                                                                    "Node Type": "Bitmap Index Scan",
                                                                    "Parent Relationship": "Outer",
                                                                    "Parallel Aware": false,
                                                                    "Index Name": "company_id_movie_companies",
                                                                    "Startup Cost": 0.0,
                                                                    "Total Cost": 1402.57,
                                                                    "Plan Rows": 65352,
                                                                    "Plan Width": 0,
                                                                    "Actual Startup Time": 3.749,
                                                                    "Actual Total Time": 3.749,
                                                                    "Actual Rows": 69928,
                                                                    "Actual Loops": 1,
                                                                    "Index Cond": "(mc.company_id < 11)"
                                                                }
                                                            ]
                                                        }
                                                    ]
                                                }
                                            ]
                                        },
                                        {
                                            "Node Type": "Index Scan",
                                            "Parent Relationship": "Inner",
                                            "Parallel Aware": false,
                                            "Scan Direction": "Forward",
                                            "Index Name": "movie_id_cast_info",
                                            "Relation Name": "cast_info",
                                            "Schema": "public",
                                            "Alias": "ci",
                                            "Startup Cost": 0.56,
                                            "Total Cost": 5.03,
                                            "Plan Rows": 28,
                                            "Plan Width": 4,
                                            "Actual Startup Time": 0.006,
                                            "Actual Total Time": 0.021,
                                            "Actual Rows": 12,
                                            "Actual Loops": 31305,
                                            "Output": [
                                                "ci.id",
                                                "ci.person_id",
                                                "ci.movie_id",
                                                "ci.person_role_id",
                                                "ci.note",
                                                "ci.nr_order",
                                                "ci.role_id"
                                            ],
                                            "Index Cond": "(ci.movie_id = t.id)",
                                            "Rows Removed by Index Recheck": 0,
                                            "Filter": "(ci.role_id < 5)",
                                            "Rows Removed by Filter": 2,
                                            "Workers": [
                                                {
                                                    "Worker Number": 0,
                                                    "Actual Startup Time": 0.01,
                                                    "Actual Total Time": 0.037,
                                                    "Actual Rows": 12,
                                                    "Actual Loops": 3581
                                                },
                                                {
                                                    "Worker Number": 1,
                                                    "Actual Startup Time": 0.006,
                                                    "Actual Total Time": 0.023,
                                                    "Actual Rows": 11,
                                                    "Actual Loops": 5824
                                                },
                                                {
                                                    "Worker Number": 2,
                                                    "Actual Startup Time": 0.006,
                                                    "Actual Total Time": 0.023,
                                                    "Actual Rows": 12,
                                                    "Actual Loops": 5694
                                                },
                                                {
                                                    "Worker Number": 3,
                                                    "Actual Startup Time": 0.006,
                                                    "Actual Total Time": 0.022,
                                                    "Actual Rows": 12,
                                                    "Actual Loops": 5996
                                                }
                                            ]
                                        }
                                    ]
                                }
                            ]
                        }
                    ]
                }
            ]
        },
        "Planning Time": 197.051,
        "Triggers": [],
        "Execution Time": 272.734
    }
]