[
  {
    "Plan": {
      "Node Type": "Aggregate",
      "Strategy": "Plain",
      "Partial Mode": "Finalize",
      "Parallel Aware": false,
      "Startup Cost": 91017.76,
      "Total Cost": 91017.77,
      "Plan Rows": 1,
      "Plan Width": 8,
      "Actual Startup Time": 619.009,
      "Actual Total Time": 631.984,
      "Actual Rows": 1,
      "Actual Loops": 1,
      "Plans": [
        {
          "Node Type": "Gather",
          "Parent Relationship": "Outer",
          "Parallel Aware": false,
          "Startup Cost": 91017.54,
          "Total Cost": 91017.75,
          "Plan Rows": 2,
          "Plan Width": 8,
          "Actual Startup Time": 611.394,
          "Actual Total Time": 631.975,
          "Actual Rows": 3,
          "Actual Loops": 1,
          "Workers Planned": 2,
          "Workers Launched": 2,
          "Single Copy": false,
          "Plans": [
            {
              "Node Type": "Aggregate",
              "Strategy": "Plain",
              "Partial Mode": "Partial",
              "Parent Relationship": "Outer",
              "Parallel Aware": false,
              "Startup Cost": 90017.54,
              "Total Cost": 90017.55,
              "Plan Rows": 1,
              "Plan Width": 8,
              "Actual Startup Time": 602.628,
              "Actual Total Time": 602.635,
              "Actual Rows": 1,
              "Actual Loops": 3,
              "Plans": [
                {
                  "Node Type": "Hash Join",
                  "Parent Relationship": "Outer",
                  "Parallel Aware": true,
                  "Join Type": "Inner",
                  "Startup Cost": 73965.2,
                  "Total Cost": 89925.46,
                  "Plan Rows": 36832,
                  "Plan Width": 0,
                  "Actual Startup Time": 548.462,
                  "Actual Total Time": 598.932,
                  "Actual Rows": 76008,
                  "Actual Loops": 3,
                  "Inner Unique": false,
                  "Hash Cond": "(mi_idx.movie_id = t.id)",
                  "Plans": [
                    {
                      "Node Type": "Seq Scan",
                      "Parent Relationship": "Outer",
                      "Parallel Aware": true,
                      "Relation Name": "movie_info_idx",
                      "Alias": "mi_idx",
                      "Startup Cost": 0.0,
                      "Total Cost": 13685.15,
                      "Plan Rows": 575015,
                      "Plan Width": 4,
                      "Actual Startup Time": 0.017,
                      "Actual Total Time": 39.332,
                      "Actual Rows": 460012,
                      "Actual Loops": 3
                    },
                    {
                      "Node Type": "Hash",
                      "Parent Relationship": "Inner",
                      "Parallel Aware": true,
                      "Startup Cost": 73312.15,
                      "Total Cost": 73312.15,
                      "Plan Rows": 52244,
                      "Plan Width": 8,
                      "Actual Startup Time": 502.3,
                      "Actual Total Time": 502.305,
                      "Actual Rows": 52574,
                      "Actual Loops": 3,
                      "Hash Buckets": 262144,
                      "Original Hash Buckets": 262144,
                      "Hash Batches": 1,
                      "Original Hash Batches": 1,
                      "Peak Memory Usage": 8288,
                      "Plans": [
                        {
                          "Node Type": "Hash Join",
                          "Parent Relationship": "Outer",
                          "Parallel Aware": true,
                          "Join Type": "Inner",
                          "Startup Cost": 53731.96,
                          "Total Cost": 73312.15,
                          "Plan Rows": 52244,
                          "Plan Width": 8,
                          "Actual Startup Time": 448.256,
                          "Actual Total Time": 486.791,
                          "Actual Rows": 52574,
                          "Actual Loops": 3,
                          "Inner Unique": true,
                          "Hash Cond": "(mc.movie_id = t.id)",
                          "Plans": [
                            {
                              "Node Type": "Bitmap Heap Scan",
                              "Parent Relationship": "Outer",
                              "Parallel Aware": true,
                              "Relation Name": "movie_companies",
                              "Alias": "mc",
                              "Startup Cost": 3511.58,
                              "Total Cost": 22954.63,
                              "Plan Rows": 52244,
                              "Plan Width": 4,
                              "Actual Startup Time": 6.933,
                              "Actual Total Time": 21.336,
                              "Actual Rows": 52574,
                              "Actual Loops": 3,
                              "Recheck Cond": "(company_id > 128738)",
                              "Rows Removed by Index Recheck": 0,
                              "Exact Heap Blocks": 1561,
                              "Lossy Heap Blocks": 0,
                              "Plans": [
                                {
                                  "Node Type": "Bitmap Index Scan",
                                  "Parent Relationship": "Outer",
                                  "Parallel Aware": false,
                                  "Index Name": "company_id_movie_companies",
                                  "Startup Cost": 0.0,
                                  "Total Cost": 3471.09,
                                  "Plan Rows": 161955,
                                  "Plan Width": 0,
                                  "Actual Startup Time": 6.393,
                                  "Actual Total Time": 6.393,
                                  "Actual Rows": 157723,
                                  "Actual Loops": 1,
                                  "Index Cond": "(company_id > 128738)"
                                }
                              ]
                            },
                            {
                              "Node Type": "Hash",
                              "Parent Relationship": "Inner",
                              "Parallel Aware": true,
                              "Startup Cost": 42319.06,
                              "Total Cost": 42319.06,
                              "Plan Rows": 632106,
                              "Plan Width": 4,
                              "Actual Startup Time": 430.332,
                              "Actual Total Time": 430.333,
                              "Actual Rows": 842771,
                              "Actual Loops": 3,
                              "Hash Buckets": 4194304,
                              "Original Hash Buckets": 4194304,
                              "Hash Batches": 1,
                              "Original Hash Batches": 1,
                              "Peak Memory Usage": 131712,
                              "Plans": [
                                {
                                  "Node Type": "Seq Scan",
                                  "Parent Relationship": "Outer",
                                  "Parallel Aware": true,
                                  "Relation Name": "title",
                                  "Alias": "t",
                                  "Startup Cost": 0.0,
                                  "Total Cost": 42319.06,
                                  "Plan Rows": 632106,
                                  "Plan Width": 4,
                                  "Actual Startup Time": 0.033,
                                  "Actual Total Time": 128.562,
                                  "Actual Rows": 842771,
                                  "Actual Loops": 3
                                }
                              ]
                            }
                          ]
                        }
                      ]
                    }
                  ]
                }
              ]
            }
          ]
        }
      ]
    },
    "Planning Time": 0.808,
    "Triggers": [],
    "Execution Time": 632.056
  }
]