[
  {
    "Plan": {
      "Node Type": "Aggregate",
      "Strategy": "Plain",
      "Partial Mode": "Finalize",
      "Parallel Aware": false,
      "Startup Cost": 86728.62,
      "Total Cost": 86728.63,
      "Plan Rows": 1,
      "Plan Width": 8,
      "Actual Startup Time": 383.008,
      "Actual Total Time": 397.047,
      "Actual Rows": 1,
      "Actual Loops": 1,
      "Plans": [
        {
          "Node Type": "Gather",
          "Parent Relationship": "Outer",
          "Parallel Aware": false,
          "Startup Cost": 86728.41,
          "Total Cost": 86728.62,
          "Plan Rows": 2,
          "Plan Width": 8,
          "Actual Startup Time": 381.378,
          "Actual Total Time": 397.039,
          "Actual Rows": 3,
          "Actual Loops": 1,
          "Workers Planned": 2,
          "Workers Launched": 2,
          "Single Copy": false,
          "Plans": [
            {
              "Node Type": "Aggregate",
              "Strategy": "Plain",
              "Partial Mode": "Partial",
              "Parent Relationship": "Outer",
              "Parallel Aware": false,
              "Startup Cost": 85728.41,
              "Total Cost": 85728.42,
              "Plan Rows": 1,
              "Plan Width": 8,
              "Actual Startup Time": 372.986,
              "Actual Total Time": 373.08,
              "Actual Rows": 1,
              "Actual Loops": 3,
              "Plans": [
                {
                  "Node Type": "Hash Join",
                  "Parent Relationship": "Outer",
                  "Parallel Aware": true,
                  "Join Type": "Inner",
                  "Startup Cost": 69703.48,
                  "Total Cost": 85636.67,
                  "Plan Rows": 36695,
                  "Plan Width": 0,
                  "Actual Startup Time": 324.371,
                  "Actual Total Time": 369.999,
                  "Actual Rows": 76008,
                  "Actual Loops": 3,
                  "Inner Unique": false,
                  "Hash Cond": "(mi_idx.movie_id = t.id)",
                  "Plans": [
                    {
                      "Node Type": "Seq Scan",
                      "Parent Relationship": "Outer",
                      "Parallel Aware": true,
                      "Relation Name": "movie_info_idx",
                      "Alias": "mi_idx",
                      "Startup Cost": 0.0,
                      "Total Cost": 13685.15,
                      "Plan Rows": 575015,
                      "Plan Width": 4,
                      "Actual Startup Time": 0.03,
                      "Actual Total Time": 34.334,
                      "Actual Rows": 460012,
                      "Actual Loops": 3
                    },
                    {
                      "Node Type": "Hash",
                      "Parent Relationship": "Inner",
                      "Parallel Aware": true,
                      "Startup Cost": 69199.27,
                      "Total Cost": 69199.27,
                      "Plan Rows": 40337,
                      "Plan Width": 8,
                      "Actual Startup Time": 281.338,
                      "Actual Total Time": 281.431,
                      "Actual Rows": 52574,
                      "Actual Loops": 3,
                      "Hash Buckets": 262144,
                      "Original Hash Buckets": 262144,
                      "Hash Batches": 1,
                      "Original Hash Batches": 1,
                      "Peak Memory Usage": 8256,
                      "Plans": [
                        {
                          "Node Type": "Hash Join",
                          "Parent Relationship": "Outer",
                          "Parallel Aware": true,
                          "Join Type": "Inner",
                          "Startup Cost": 23590.05,
                          "Total Cost": 69199.27,
                          "Plan Rows": 40337,
                          "Plan Width": 8,
                          "Actual Startup Time": 191.411,
                          "Actual Total Time": 266.228,
                          "Actual Rows": 52574,
                          "Actual Loops": 3,
                          "Inner Unique": false,
                          "Hash Cond": "(t.id = mc.movie_id)",
                          "Plans": [
                            {
                              "Node Type": "Seq Scan",
                              "Parent Relationship": "Outer",
                              "Parallel Aware": true,
                              "Relation Name": "title",
                              "Alias": "t",
                              "Startup Cost": 0.0,
                              "Total Cost": 42318.73,
                              "Plan Rows": 632073,
                              "Plan Width": 4,
                              "Actual Startup Time": 0.009,
                              "Actual Total Time": 88.538,
                              "Actual Rows": 842771,
                              "Actual Loops": 3
                            },
                            {
                              "Node Type": "Hash",
                              "Parent Relationship": "Inner",
                              "Parallel Aware": true,
                              "Startup Cost": 22939.46,
                              "Total Cost": 22939.46,
                              "Plan Rows": 52047,
                              "Plan Width": 4,
                              "Actual Startup Time": 57.419,
                              "Actual Total Time": 57.42,
                              "Actual Rows": 52574,
                              "Actual Loops": 3,
                              "Hash Buckets": 262144,
                              "Original Hash Buckets": 262144,
                              "Hash Batches": 1,
                              "Original Hash Batches": 1,
                              "Peak Memory Usage": 8256,
                              "Plans": [
                                {
                                  "Node Type": "Bitmap Heap Scan",
                                  "Parent Relationship": "Outer",
                                  "Parallel Aware": true,
                                  "Relation Name": "movie_companies",
                                  "Alias": "mc",
                                  "Startup Cost": 3498.87,
                                  "Total Cost": 22939.46,
                                  "Plan Rows": 52047,
                                  "Plan Width": 4,
                                  "Actual Startup Time": 14.331,
                                  "Actual Total Time": 39.451,
                                  "Actual Rows": 52574,
                                  "Actual Loops": 3,
                                  "Recheck Cond": "(company_id > 128738)",
                                  "Rows Removed by Index Recheck": 0,
                                  "Exact Heap Blocks": 2448,
                                  "Lossy Heap Blocks": 0,
                                  "Plans": [
                                    {
                                      "Node Type": "Bitmap Index Scan",
                                      "Parent Relationship": "Outer",
                                      "Parallel Aware": false,
                                      "Index Name": "company_id_movie_companies",
                                      "Startup Cost": 0.0,
                                      "Total Cost": 3458.53,
                                      "Plan Rows": 161347,
                                      "Plan Width": 0,
                                      "Actual Startup Time": 13.804,
                                      "Actual Total Time": 13.804,
                                      "Actual Rows": 157723,
                                      "Actual Loops": 1,
                                      "Index Cond": "(company_id > 128738)"
                                    }
                                  ]
                                }
                              ]
                            }
                          ]
                        }
                      ]
                    }
                  ]
                }
              ]
            }
          ]
        }
      ]
    },
    "Planning Time": 1.392,
    "Triggers": [],
    "Execution Time": 397.15
  }
]