[
  {
    "Plan": {
      "Node Type": "Aggregate",
      "Strategy": "Plain",
      "Partial Mode": "Finalize",
      "Parallel Aware": false,
      "Startup Cost": 32105.29,
      "Total Cost": 32105.3,
      "Plan Rows": 1,
      "Plan Width": 8,
      "Actual Startup Time": 133.986,
      "Actual Total Time": 142.515,
      "Actual Rows": 1,
      "Actual Loops": 1,
      "Plans": [
        {
          "Node Type": "Gather",
          "Parent Relationship": "Outer",
          "Parallel Aware": false,
          "Startup Cost": 32104.98,
          "Total Cost": 32105.29,
          "Plan Rows": 3,
          "Plan Width": 8,
          "Actual Startup Time": 133.909,
          "Actual Total Time": 142.501,
          "Actual Rows": 4,
          "Actual Loops": 1,
          "Workers Planned": 3,
          "Workers Launched": 3,
          "Single Copy": false,
          "Plans": [
            {
              "Node Type": "Aggregate",
              "Strategy": "Plain",
              "Partial Mode": "Partial",
              "Parent Relationship": "Outer",
              "Parallel Aware": false,
              "Startup Cost": 31104.98,
              "Total Cost": 31104.99,
              "Plan Rows": 1,
              "Plan Width": 8,
              "Actual Startup Time": 127.0,
              "Actual Total Time": 127.001,
              "Actual Rows": 1,
              "Actual Loops": 4,
              "Plans": [
                {
                  "Node Type": "Seq Scan",
                  "Parent Relationship": "Outer",
                  "Parallel Aware": true,
                  "Relation Name": "movie_companies",
                  "Alias": "mc",
                  "Startup Cost": 0.0,
                  "Total Cost": 29310.68,
                  "Plan Rows": 717718,
                  "Plan Width": 0,
                  "Actual Startup Time": 0.038,
                  "Actual Total Time": 96.251,
                  "Actual Rows": 554496,
                  "Actual Loops": 4,
                  "Filter": "(company_id < 83193)",
                  "Rows Removed by Filter": 97787
                }
              ]
            }
          ]
        }
      ]
    },
    "Planning Time": 0.11,
    "Triggers": [],
    "Execution Time": 142.545
  }
]