[
  {
    "Plan": {
      "Node Type": "Aggregate",
      "Strategy": "Plain",
      "Partial Mode": "Finalize",
      "Parallel Aware": false,
      "Startup Cost": 334337.27,
      "Total Cost": 334337.28,
      "Plan Rows": 1,
      "Plan Width": 8,
      "Actual Startup Time": 823.379,
      "Actual Total Time": 883.134,
      "Actual Rows": 1,
      "Actual Loops": 1,
      "Plans": [
        {
          "Node Type": "Gather",
          "Parent Relationship": "Outer",
          "Parallel Aware": false,
          "Startup Cost": 334336.65,
          "Total Cost": 334337.26,
          "Plan Rows": 6,
          "Plan Width": 8,
          "Actual Startup Time": 823.151,
          "Actual Total Time": 883.118,
          "Actual Rows": 7,
          "Actual Loops": 1,
          "Workers Planned": 6,
          "Workers Launched": 6,
          "Single Copy": false,
          "Plans": [
            {
              "Node Type": "Aggregate",
              "Strategy": "Plain",
              "Partial Mode": "Partial",
              "Parent Relationship": "Outer",
              "Parallel Aware": false,
              "Startup Cost": 333336.65,
              "Total Cost": 333336.66,
              "Plan Rows": 1,
              "Plan Width": 8,
              "Actual Startup Time": 814.607,
              "Actual Total Time": 814.609,
              "Actual Rows": 1,
              "Actual Loops": 7,
              "Plans": [
                {
                  "Node Type": "Seq Scan",
                  "Parent Relationship": "Outer",
                  "Parallel Aware": true,
                  "Relation Name": "cast_info",
                  "Alias": "ci",
                  "Startup Cost": 0.0,
                  "Total Cost": 328211.39,
                  "Plan Rows": 2050103,
                  "Plan Width": 0,
                  "Actual Startup Time": 327.668,
                  "Actual Total Time": 708.924,
                  "Actual Rows": 1732312,
                  "Actual Loops": 7,
                  "Filter": "(person_id > 2473748)",
                  "Rows Removed by Filter": 3445452
                }
              ]
            }
          ]
        }
      ]
    },
    "Planning Time": 0.08,
    "Triggers": [],
    "Execution Time": 883.178
  }
]