[
  {
    "Plan": {
      "Node Type": "Aggregate",
      "Strategy": "Plain",
      "Partial Mode": "Finalize",
      "Parallel Aware": false,
      "Startup Cost": 72447.38,
      "Total Cost": 72447.39,
      "Plan Rows": 1,
      "Plan Width": 8,
      "Actual Startup Time": 197.976,
      "Actual Total Time": 208.503,
      "Actual Rows": 1,
      "Actual Loops": 1,
      "Plans": [
        {
          "Node Type": "Gather",
          "Parent Relationship": "Outer",
          "Parallel Aware": false,
          "Startup Cost": 72447.07,
          "Total Cost": 72447.38,
          "Plan Rows": 3,
          "Plan Width": 8,
          "Actual Startup Time": 196.982,
          "Actual Total Time": 208.493,
          "Actual Rows": 4,
          "Actual Loops": 1,
          "Workers Planned": 3,
          "Workers Launched": 3,
          "Single Copy": false,
          "Plans": [
            {
              "Node Type": "Aggregate",
              "Strategy": "Plain",
              "Partial Mode": "Partial",
              "Parent Relationship": "Outer",
              "Parallel Aware": false,
              "Startup Cost": 71447.07,
              "Total Cost": 71447.08,
              "Plan Rows": 1,
              "Plan Width": 8,
              "Actual Startup Time": 187.643,
              "Actual Total Time": 187.647,
              "Actual Rows": 1,
              "Actual Loops": 4,
              "Plans": [
                {
                  "Node Type": "Hash Join",
                  "Parent Relationship": "Outer",
                  "Parallel Aware": true,
                  "Join Type": "Inner",
                  "Startup Cost": 51127.18,
                  "Total Cost": 71431.13,
                  "Plan Rows": 6373,
                  "Plan Width": 0,
                  "Actual Startup Time": 148.271,
                  "Actual Total Time": 187.271,
                  "Actual Rows": 3985,
                  "Actual Loops": 4,
                  "Inner Unique": true,
                  "Hash Cond": "(mc.movie_id = t.id)",
                  "Plans": [
                    {
                      "Node Type": "Bitmap Heap Scan",
                      "Parent Relationship": "Outer",
                      "Parallel Aware": true,
                      "Relation Name": "movie_companies",
                      "Alias": "mc",
                      "Startup Cost": 6725.24,
                      "Total Cost": 26766.44,
                      "Plan Rows": 100096,
                      "Plan Width": 4,
                      "Actual Startup Time": 19.068,
                      "Actual Total Time": 38.942,
                      "Actual Rows": 77029,
                      "Actual Loops": 4,
                      "Recheck Cond": "(company_id > 92884)",
                      "Rows Removed by Index Recheck": 0,
                      "Exact Heap Blocks": 1209,
                      "Lossy Heap Blocks": 0,
                      "Plans": [
                        {
                          "Node Type": "Bitmap Index Scan",
                          "Parent Relationship": "Outer",
                          "Parallel Aware": false,
                          "Index Name": "company_id_movie_companies",
                          "Startup Cost": 0.0,
                          "Total Cost": 6647.67,
                          "Plan Rows": 310298,
                          "Plan Width": 0,
                          "Actual Startup Time": 18.002,
                          "Actual Total Time": 18.003,
                          "Actual Rows": 308115,
                          "Actual Loops": 1,
                          "Index Cond": "(company_id > 92884)"
                        }
                      ]
                    },
                    {
                      "Node Type": "Hash",
                      "Parent Relationship": "Inner",
                      "Parallel Aware": true,
                      "Startup Cost": 43898.92,
                      "Total Cost": 43898.92,
                      "Plan Rows": 40242,
                      "Plan Width": 4,
                      "Actual Startup Time": 126.794,
                      "Actual Total Time": 126.795,
                      "Actual Rows": 41077,
                      "Actual Loops": 4,
                      "Hash Buckets": 262144,
                      "Original Hash Buckets": 262144,
                      "Hash Batches": 1,
                      "Original Hash Batches": 1,
                      "Peak Memory Usage": 8512,
                      "Plans": [
                        {
                          "Node Type": "Seq Scan",
                          "Parent Relationship": "Outer",
                          "Parallel Aware": true,
                          "Relation Name": "title",
                          "Alias": "t",
                          "Startup Cost": 0.0,
                          "Total Cost": 43898.92,
                          "Plan Rows": 40242,
                          "Plan Width": 4,
                          "Actual Startup Time": 0.041,
                          "Actual Total Time": 108.52,
                          "Actual Rows": 41077,
                          "Actual Loops": 4,
                          "Filter": "(production_year = 2012)",
                          "Rows Removed by Filter": 591001
                        }
                      ]
                    }
                  ]
                }
              ]
            }
          ]
        }
      ]
    },
    "Planning Time": 0.635,
    "Triggers": [],
    "Execution Time": 208.598
  }
]