[
  {
    "Plan": {
      "Node Type": "Aggregate",
      "Strategy": "Plain",
      "Partial Mode": "Finalize",
      "Parallel Aware": false,
      "Startup Cost": 78495.56,
      "Total Cost": 78495.57,
      "Plan Rows": 1,
      "Plan Width": 8,
      "Actual Startup Time": 252.065,
      "Actual Total Time": 259.208,
      "Actual Rows": 1,
      "Actual Loops": 1,
      "Plans": [
        {
          "Node Type": "Gather",
          "Parent Relationship": "Outer",
          "Parallel Aware": false,
          "Startup Cost": 78495.14,
          "Total Cost": 78495.55,
          "Plan Rows": 4,
          "Plan Width": 8,
          "Actual Startup Time": 248.38,
          "Actual Total Time": 259.199,
          "Actual Rows": 5,
          "Actual Loops": 1,
          "Workers Planned": 4,
          "Workers Launched": 4,
          "Single Copy": false,
          "Plans": [
            {
              "Node Type": "Aggregate",
              "Strategy": "Plain",
              "Partial Mode": "Partial",
              "Parent Relationship": "Outer",
              "Parallel Aware": false,
              "Startup Cost": 77495.14,
              "Total Cost": 77495.15,
              "Plan Rows": 1,
              "Plan Width": 8,
              "Actual Startup Time": 242.733,
              "Actual Total Time": 242.737,
              "Actual Rows": 1,
              "Actual Loops": 5,
              "Plans": [
                {
                  "Node Type": "Hash Join",
                  "Parent Relationship": "Outer",
                  "Parallel Aware": true,
                  "Join Type": "Inner",
                  "Startup Cost": 31307.18,
                  "Total Cost": 77185.69,
                  "Plan Rows": 123783,
                  "Plan Width": 0,
                  "Actual Startup Time": 81.886,
                  "Actual Total Time": 238.171,
                  "Actual Rows": 99194,
                  "Actual Loops": 5,
                  "Inner Unique": false,
                  "Hash Cond": "(t.id = mc.movie_id)",
                  "Plans": [
                    {
                      "Node Type": "Seq Scan",
                      "Parent Relationship": "Outer",
                      "Parallel Aware": true,
                      "Relation Name": "title",
                      "Alias": "t",
                      "Startup Cost": 0.0,
                      "Total Cost": 42318.81,
                      "Plan Rows": 632080,
                      "Plan Width": 4,
                      "Actual Startup Time": 0.009,
                      "Actual Total Time": 54.381,
                      "Actual Rows": 505662,
                      "Actual Loops": 5
                    },
                    {
                      "Node Type": "Hash",
                      "Parent Relationship": "Inner",
                      "Parallel Aware": true,
                      "Startup Cost": 29310.68,
                      "Total Cost": 29310.68,
                      "Plan Rows": 159720,
                      "Plan Width": 4,
                      "Actual Startup Time": 80.334,
                      "Actual Total Time": 80.335,
                      "Actual Rows": 99194,
                      "Actual Loops": 5,
                      "Hash Buckets": 524288,
                      "Original Hash Buckets": 524288,
                      "Hash Batches": 1,
                      "Original Hash Batches": 1,
                      "Peak Memory Usage": 23616,
                      "Plans": [
                        {
                          "Node Type": "Seq Scan",
                          "Parent Relationship": "Outer",
                          "Parallel Aware": true,
                          "Relation Name": "movie_companies",
                          "Alias": "mc",
                          "Startup Cost": 0.0,
                          "Total Cost": 29310.68,
                          "Plan Rows": 159720,
                          "Plan Width": 4,
                          "Actual Startup Time": 27.033,
                          "Actual Total Time": 52.425,
                          "Actual Rows": 99194,
                          "Actual Loops": 5,
                          "Filter": "(company_id > 74403)",
                          "Rows Removed by Filter": 422632
                        }
                      ]
                    }
                  ]
                }
              ]
            }
          ]
        }
      ]
    },
    "Planning Time": 0.229,
    "Triggers": [],
    "Execution Time": 259.237
  }
]