[
    {
        "Bao": {
            "Bao prediction": 456.845,
            "Bao recommended hint": "(no hint)"
        }
    },
    {
        "Plan": {
            "Node Type": "Aggregate",
            "Strategy": "Plain",
            "Partial Mode": "Finalize",
            "Parallel Aware": false,
            "Startup Cost": 33174.62,
            "Total Cost": 33174.63,
            "Plan Rows": 1,
            "Plan Width": 8,
            "Actual Startup Time": 119.431,
            "Actual Total Time": 126.097,
            "Actual Rows": 1,
            "Actual Loops": 1,
            "Output": [
                "count(*)"
            ],
            "Plans": [
                {
                    "Node Type": "Gather",
                    "Parent Relationship": "Outer",
                    "Parallel Aware": false,
                    "Startup Cost": 33174.3,
                    "Total Cost": 33174.61,
                    "Plan Rows": 3,
                    "Plan Width": 8,
                    "Actual Startup Time": 119.303,
                    "Actual Total Time": 126.089,
                    "Actual Rows": 4,
                    "Actual Loops": 1,
                    "Output": [
                        "(PARTIAL count(*))"
                    ],
                    "Workers Planned": 3,
                    "Workers Launched": 3,
                    "Single Copy": false,
                    "Plans": [
                        {
                            "Node Type": "Aggregate",
                            "Strategy": "Plain",
                            "Partial Mode": "Partial",
                            "Parent Relationship": "Outer",
                            "Parallel Aware": false,
                            "Startup Cost": 32174.3,
                            "Total Cost": 32174.31,
                            "Plan Rows": 1,
                            "Plan Width": 8,
                            "Actual Startup Time": 111.43,
                            "Actual Total Time": 111.431,
                            "Actual Rows": 1,
                            "Actual Loops": 4,
                            "Output": [
                                "PARTIAL count(*)"
                            ],
                            "Workers": [
                                {
                                    "Worker Number": 0,
                                    "Actual Startup Time": 108.836,
                                    "Actual Total Time": 108.837,
                                    "Actual Rows": 1,
                                    "Actual Loops": 1
                                },
                                {
                                    "Worker Number": 1,
                                    "Actual Startup Time": 109.077,
                                    "Actual Total Time": 109.078,
                                    "Actual Rows": 1,
                                    "Actual Loops": 1
                                },
                                {
                                    "Worker Number": 2,
                                    "Actual Startup Time": 109.125,
                                    "Actual Total Time": 109.125,
                                    "Actual Rows": 1,
                                    "Actual Loops": 1
                                }
                            ],
                            "Plans": [
                                {
                                    "Node Type": "Seq Scan",
                                    "Parent Relationship": "Outer",
                                    "Parallel Aware": true,
                                    "Relation Name": "movie_companies",
                                    "Schema": "public",
                                    "Alias": "mc",
                                    "Startup Cost": 0.0,
                                    "Total Cost": 31414.82,
                                    "Plan Rows": 303794,
                                    "Plan Width": 0,
                                    "Actual Startup Time": 51.069,
                                    "Actual Total Time": 96.1,
                                    "Actual Rows": 277493,
                                    "Actual Loops": 4,
                                    "Output": [
                                        "id",
                                        "movie_id",
                                        "company_id",
                                        "company_type_id",
                                        "note"
                                    ],
                                    "Filter": "((mc.company_id > 1543) AND (mc.company_type_id > 1))",
                                    "Rows Removed by Filter": 374790,
                                    "Workers": [
                                        {
                                            "Worker Number": 0,
                                            "Actual Startup Time": 48.473,
                                            "Actual Total Time": 93.81,
                                            "Actual Rows": 229891,
                                            "Actual Loops": 1
                                        },
                                        {
                                            "Worker Number": 1,
                                            "Actual Startup Time": 48.727,
                                            "Actual Total Time": 93.941,
                                            "Actual Rows": 230482,
                                            "Actual Loops": 1
                                        },
                                        {
                                            "Worker Number": 2,
                                            "Actual Startup Time": 48.754,
                                            "Actual Total Time": 94.05,
                                            "Actual Rows": 230071,
                                            "Actual Loops": 1
                                        }
                                    ]
                                }
                            ]
                        }
                    ]
                }
            ]
        },
        "Planning Time": 905.684,
        "Triggers": [],
        "Execution Time": 126.196
    }
]