{
  "Plan": {
    "Node Type": "Aggregate",
    "Strategy": "Plain",
    "Partial Mode": "Finalize",
    "Parallel Aware": false,
    "Startup Cost": 101378.19,
    "Total Cost": 101378.2,
    "Plan Rows": 1,
    "Plan Width": 8,
    "Actual Startup Time": 548.691,
    "Actual Total Time": 561.836,
    "Actual Rows": 1,
    "Actual Loops": 1,
    "Plans": [
      {
        "Node Type": "Gather",
        "Parent Relationship": "Outer",
        "Parallel Aware": false,
        "Startup Cost": 101378.08,
        "Total Cost": 101378.19,
        "Plan Rows": 1,
        "Plan Width": 8,
        "Actual Startup Time": 548.042,
        "Actual Total Time": 561.829,
        "Actual Rows": 2,
        "Actual Loops": 1,
        "Workers Planned": 1,
        "Workers Launched": 1,
        "Single Copy": false,
        "Plans": [
          {
            "Node Type": "Aggregate",
            "Strategy": "Plain",
            "Partial Mode": "Partial",
            "Parent Relationship": "Outer",
            "Parallel Aware": false,
            "Startup Cost": 100378.08,
            "Total Cost": 100378.09,
            "Plan Rows": 1,
            "Plan Width": 8,
            "Actual Startup Time": 541.829,
            "Actual Total Time": 541.832,
            "Actual Rows": 1,
            "Actual Loops": 2,
            "Plans": [
              {
                "Node Type": "Hash Join",
                "Parent Relationship": "Outer",
                "Parallel Aware": true,
                "Join Type": "Inner",
                "Startup Cost": 61543.37,
                "Total Cost": 99710.0,
                "Plan Rows": 267231,
                "Plan Width": 0,
                "Actual Startup Time": 213.047,
                "Actual Total Time": 532.865,
                "Actual Rows": 169472,
                "Actual Loops": 2,
                "Inner Unique": true,
                "Hash Cond": "(mc.movie_id = t.id)",
                "Plans": [
                  {
                    "Node Type": "Seq Scan",
                    "Parent Relationship": "Outer",
                    "Parallel Aware": true,
                    "Relation Name": "movie_companies",
                    "Alias": "mc",
                    "Startup Cost": 0.0,
                    "Total Cost": 34137.82,
                    "Plan Rows": 1534782,
                    "Plan Width": 4,
                    "Actual Startup Time": 0.012,
                    "Actual Total Time": 114.307,
                    "Actual Rows": 1304564,
                    "Actual Loops": 2
                  },
                  {
                    "Node Type": "Hash",
                    "Parent Relationship": "Inner",
                    "Parallel Aware": true,
                    "Startup Cost": 58306.47,
                    "Total Cost": 58306.47,
                    "Plan Rows": 258952,
                    "Plan Width": 4,
                    "Actual Startup Time": 206.873,
                    "Actual Total Time": 206.874,
                    "Actual Rows": 153485,
                    "Actual Loops": 2,
                    "Hash Buckets": 524288,
                    "Original Hash Buckets": 524288,
                    "Hash Batches": 1,
                    "Original Hash Batches": 1,
                    "Peak Memory Usage": 16128,
                    "Plans": [
                      {
                        "Node Type": "Seq Scan",
                        "Parent Relationship": "Outer",
                        "Parallel Aware": true,
                        "Relation Name": "title",
                        "Alias": "t",
                        "Startup Cost": 0.0,
                        "Total Cost": 58306.47,
                        "Plan Rows": 258952,
                        "Plan Width": 4,
                        "Actual Startup Time": 0.028,
                        "Actual Total Time": 162.815,
                        "Actual Rows": 153485,
                        "Actual Loops": 2,
                        "Filter": "((kind_id > 1) AND (production_year < 1986))",
                        "Rows Removed by Filter": 1110671
                      }
                    ]
                  }
                ]
              }
            ]
          }
        ]
      }
    ]
  },
  "Planning Time": 0.66,
  "Triggers": [],
  "Execution Time": 561.905
}