[
  {
    "Plan": {
      "Node Type": "Aggregate",
      "Strategy": "Plain",
      "Partial Mode": "Finalize",
      "Parallel Aware": false,
      "Startup Cost": 585083.05,
      "Total Cost": 585083.06,
      "Plan Rows": 1,
      "Plan Width": 8,
      "Actual Startup Time": 1485.631,
      "Actual Total Time": 1513.085,
      "Actual Rows": 1,
      "Actual Loops": 1,
      "Plans": [
        {
          "Node Type": "Gather",
          "Parent Relationship": "Outer",
          "Parallel Aware": false,
          "Startup Cost": 585082.52,
          "Total Cost": 585083.03,
          "Plan Rows": 5,
          "Plan Width": 8,
          "Actual Startup Time": 1460.321,
          "Actual Total Time": 1513.073,
          "Actual Rows": 6,
          "Actual Loops": 1,
          "Workers Planned": 5,
          "Workers Launched": 5,
          "Single Copy": false,
          "Plans": [
            {
              "Node Type": "Aggregate",
              "Strategy": "Plain",
              "Partial Mode": "Partial",
              "Parent Relationship": "Outer",
              "Parallel Aware": false,
              "Startup Cost": 584082.52,
              "Total Cost": 584082.53,
              "Plan Rows": 1,
              "Plan Width": 8,
              "Actual Startup Time": 1452.562,
              "Actual Total Time": 1452.682,
              "Actual Rows": 1,
              "Actual Loops": 6,
              "Plans": [
                {
                  "Node Type": "Hash Join",
                  "Parent Relationship": "Outer",
                  "Parallel Aware": true,
                  "Join Type": "Inner",
                  "Startup Cost": 373051.83,
                  "Total Cost": 579005.82,
                  "Plan Rows": 2030683,
                  "Plan Width": 0,
                  "Actual Startup Time": 551.266,
                  "Actual Total Time": 1373.586,
                  "Actual Rows": 1757164,
                  "Actual Loops": 6,
                  "Inner Unique": false,
                  "Hash Cond": "(mi.movie_id = t.id)",
                  "Plans": [
                    {
                      "Node Type": "Seq Scan",
                      "Parent Relationship": "Outer",
                      "Parallel Aware": true,
                      "Relation Name": "movie_info",
                      "Alias": "mi",
                      "Startup Cost": 0.0,
                      "Total Cost": 191503.19,
                      "Plan Rows": 2951019,
                      "Plan Width": 4,
                      "Actual Startup Time": 0.025,
                      "Actual Total Time": 270.742,
                      "Actual Rows": 2472620,
                      "Actual Loops": 6
                    },
                    {
                      "Node Type": "Hash",
                      "Parent Relationship": "Inner",
                      "Parallel Aware": true,
                      "Startup Cost": 369427.22,
                      "Total Cost": 369427.22,
                      "Plan Rows": 289969,
                      "Plan Width": 8,
                      "Actual Startup Time": 548.396,
                      "Actual Total Time": 548.515,
                      "Actual Rows": 128260,
                      "Actual Loops": 6,
                      "Hash Buckets": 2097152,
                      "Original Hash Buckets": 2097152,
                      "Hash Batches": 1,
                      "Original Hash Batches": 1,
                      "Peak Memory Usage": 46592,
                      "Plans": [
                        {
                          "Node Type": "Hash Join",
                          "Parent Relationship": "Outer",
                          "Parallel Aware": true,
                          "Join Type": "Inner",
                          "Startup Cost": 109266.12,
                          "Total Cost": 369427.22,
                          "Plan Rows": 289969,
                          "Plan Width": 8,
                          "Actual Startup Time": 397.111,
                          "Actual Total Time": 493.576,
                          "Actual Rows": 128260,
                          "Actual Loops": 6,
                          "Inner Unique": true,
                          "Hash Cond": "(ci.movie_id = t.id)",
                          "Plans": [
                            {
                              "Node Type": "Bitmap Heap Scan",
                              "Parent Relationship": "Outer",
                              "Parallel Aware": true,
                              "Relation Name": "cast_info",
                              "Alias": "ci",
                              "Startup Cost": 59046.32,
                              "Total Cost": 318446.25,
                              "Plan Rows": 289969,
                              "Plan Width": 4,
                              "Actual Startup Time": 153.986,
                              "Actual Total Time": 187.233,
                              "Actual Rows": 128260,
                              "Actual Loops": 6,
                              "Recheck Cond": "(person_id < 263022)",
                              "Rows Removed by Index Recheck": 0,
                              "Filter": "(role_id > 1)",
                              "Rows Removed by Filter": 328518,
                              "Exact Heap Blocks": 6719,
                              "Lossy Heap Blocks": 0,
                              "Plans": [
                                {
                                  "Node Type": "Bitmap Index Scan",
                                  "Parent Relationship": "Outer",
                                  "Parallel Aware": false,
                                  "Index Name": "person_id_cast_info",
                                  "Startup Cost": 0.0,
                                  "Total Cost": 58611.36,
                                  "Plan Rows": 2685173,
                                  "Plan Width": 0,
                                  "Actual Startup Time": 86.766,
                                  "Actual Total Time": 86.767,
                                  "Actual Rows": 2740663,
                                  "Actual Loops": 1,
                                  "Index Cond": "(person_id < 263022)"
                                }
                              ]
                            },
                            {
                              "Node Type": "Hash",
                              "Parent Relationship": "Inner",
                              "Parallel Aware": true,
                              "Startup Cost": 42318.81,
                              "Total Cost": 42318.81,
                              "Plan Rows": 632080,
                              "Plan Width": 4,
                              "Actual Startup Time": 239.247,
                              "Actual Total Time": 239.247,
                              "Actual Rows": 421385,
                              "Actual Loops": 6,
                              "Hash Buckets": 4194304,
                              "Original Hash Buckets": 4194304,
                              "Hash Batches": 1,
                              "Original Hash Batches": 1,
                              "Peak Memory Usage": 131808,
                              "Plans": [
                                {
                                  "Node Type": "Seq Scan",
                                  "Parent Relationship": "Outer",
                                  "Parallel Aware": true,
                                  "Relation Name": "title",
                                  "Alias": "t",
                                  "Startup Cost": 0.0,
                                  "Total Cost": 42318.81,
                                  "Plan Rows": 632080,
                                  "Plan Width": 4,
                                  "Actual Startup Time": 0.031,
                                  "Actual Total Time": 69.673,
                                  "Actual Rows": 421385,
                                  "Actual Loops": 6
                                }
                              ]
                            }
                          ]
                        }
                      ]
                    }
                  ]
                }
              ]
            }
          ]
        }
      ]
    },
    "Planning Time": 0.455,
    "Triggers": [],
    "Execution Time": 1513.131
  }
]