[
  {
    "Plan": {
      "Node Type": "Aggregate",
      "Strategy": "Plain",
      "Partial Mode": "Finalize",
      "Parallel Aware": false,
      "Startup Cost": 46996.66,
      "Total Cost": 46996.67,
      "Plan Rows": 1,
      "Plan Width": 8,
      "Actual Startup Time": 102.108,
      "Actual Total Time": 115.677,
      "Actual Rows": 1,
      "Actual Loops": 1,
      "Plans": [
        {
          "Node Type": "Gather",
          "Parent Relationship": "Outer",
          "Parallel Aware": false,
          "Startup Cost": 46996.24,
          "Total Cost": 46996.65,
          "Plan Rows": 4,
          "Plan Width": 8,
          "Actual Startup Time": 101.716,
          "Actual Total Time": 115.662,
          "Actual Rows": 5,
          "Actual Loops": 1,
          "Workers Planned": 4,
          "Workers Launched": 4,
          "Single Copy": false,
          "Plans": [
            {
              "Node Type": "Aggregate",
              "Strategy": "Plain",
              "Partial Mode": "Partial",
              "Parent Relationship": "Outer",
              "Parallel Aware": false,
              "Startup Cost": 45996.24,
              "Total Cost": 45996.25,
              "Plan Rows": 1,
              "Plan Width": 8,
              "Actual Startup Time": 97.487,
              "Actual Total Time": 97.489,
              "Actual Rows": 1,
              "Actual Loops": 5,
              "Plans": [
                {
                  "Node Type": "Seq Scan",
                  "Parent Relationship": "Outer",
                  "Parallel Aware": true,
                  "Relation Name": "title",
                  "Alias": "t",
                  "Startup Cost": 0.0,
                  "Total Cost": 45479.59,
                  "Plan Rows": 206662,
                  "Plan Width": 0,
                  "Actual Startup Time": 0.021,
                  "Actual Total Time": 89.109,
                  "Actual Rows": 149523,
                  "Actual Loops": 5,
                  "Filter": "((kind_id > 4) AND (production_year < 2005))",
                  "Rows Removed by Filter": 356140
                }
              ]
            }
          ]
        }
      ]
    },
    "Planning Time": 0.195,
    "Triggers": [],
    "Execution Time": 115.743
  }
]