[
  {
    "Plan": {
      "Node Type": "Aggregate",
      "Strategy": "Plain",
      "Partial Mode": "Finalize",
      "Parallel Aware": false,
      "Startup Cost": 49183.76,
      "Total Cost": 49183.77,
      "Plan Rows": 1,
      "Plan Width": 8,
      "Actual Startup Time": 84.608,
      "Actual Total Time": 91.899,
      "Actual Rows": 1,
      "Actual Loops": 1,
      "Plans": [
        {
          "Node Type": "Gather",
          "Parent Relationship": "Outer",
          "Parallel Aware": false,
          "Startup Cost": 49183.34,
          "Total Cost": 49183.75,
          "Plan Rows": 4,
          "Plan Width": 8,
          "Actual Startup Time": 84.54,
          "Actual Total Time": 91.891,
          "Actual Rows": 5,
          "Actual Loops": 1,
          "Workers Planned": 4,
          "Workers Launched": 4,
          "Single Copy": false,
          "Plans": [
            {
              "Node Type": "Aggregate",
              "Strategy": "Plain",
              "Partial Mode": "Partial",
              "Parent Relationship": "Outer",
              "Parallel Aware": false,
              "Startup Cost": 48183.34,
              "Total Cost": 48183.35,
              "Plan Rows": 1,
              "Plan Width": 8,
              "Actual Startup Time": 79.433,
              "Actual Total Time": 79.434,
              "Actual Rows": 1,
              "Actual Loops": 5,
              "Plans": [
                {
                  "Node Type": "Index Scan",
                  "Parent Relationship": "Outer",
                  "Parallel Aware": true,
                  "Scan Direction": "Forward",
                  "Index Name": "role_id_cast_info",
                  "Relation Name": "cast_info",
                  "Alias": "ci",
                  "Startup Cost": 0.56,
                  "Total Cost": 47835.41,
                  "Plan Rows": 139172,
                  "Plan Width": 0,
                  "Actual Startup Time": 0.077,
                  "Actual Total Time": 70.827,
                  "Actual Rows": 167555,
                  "Actual Loops": 5,
                  "Index Cond": "(role_id = 8)",
                  "Rows Removed by Index Recheck": 0,
                  "Filter": "(person_id > 2521616)",
                  "Rows Removed by Filter": 173154
                }
              ]
            }
          ]
        }
      ]
    },
    "Planning Time": 0.231,
    "Triggers": [],
    "Execution Time": 91.947
  }
]