[
  {
    "Plan": {
      "Node Type": "Aggregate",
      "Strategy": "Plain",
      "Partial Mode": "Finalize",
      "Parallel Aware": false,
      "Startup Cost": 49556.92,
      "Total Cost": 49556.93,
      "Plan Rows": 1,
      "Plan Width": 8,
      "Actual Startup Time": 61.896,
      "Actual Total Time": 75.15,
      "Actual Rows": 1,
      "Actual Loops": 1,
      "Plans": [
        {
          "Node Type": "Gather",
          "Parent Relationship": "Outer",
          "Parallel Aware": false,
          "Startup Cost": 49556.6,
          "Total Cost": 49556.91,
          "Plan Rows": 3,
          "Plan Width": 8,
          "Actual Startup Time": 61.499,
          "Actual Total Time": 75.144,
          "Actual Rows": 4,
          "Actual Loops": 1,
          "Workers Planned": 3,
          "Workers Launched": 3,
          "Single Copy": false,
          "Plans": [
            {
              "Node Type": "Aggregate",
              "Strategy": "Plain",
              "Partial Mode": "Partial",
              "Parent Relationship": "Outer",
              "Parallel Aware": false,
              "Startup Cost": 48556.6,
              "Total Cost": 48556.61,
              "Plan Rows": 1,
              "Plan Width": 8,
              "Actual Startup Time": 56.256,
              "Actual Total Time": 56.258,
              "Actual Rows": 1,
              "Actual Loops": 4,
              "Plans": [
                {
                  "Node Type": "Nested Loop",
                  "Parent Relationship": "Outer",
                  "Parallel Aware": false,
                  "Join Type": "Inner",
                  "Startup Cost": 270.3,
                  "Total Cost": 48547.5,
                  "Plan Rows": 3641,
                  "Plan Width": 0,
                  "Actual Startup Time": 4.009,
                  "Actual Total Time": 55.972,
                  "Actual Rows": 2630,
                  "Actual Loops": 4,
                  "Inner Unique": false,
                  "Plans": [
                    {
                      "Node Type": "Nested Loop",
                      "Parent Relationship": "Outer",
                      "Parallel Aware": false,
                      "Join Type": "Inner",
                      "Startup Cost": 269.86,
                      "Total Cost": 46198.02,
                      "Plan Rows": 620,
                      "Plan Width": 8,
                      "Actual Startup Time": 3.864,
                      "Actual Total Time": 46.02,
                      "Actual Rows": 131,
                      "Actual Loops": 4,
                      "Inner Unique": true,
                      "Plans": [
                        {
                          "Node Type": "Bitmap Heap Scan",
                          "Parent Relationship": "Outer",
                          "Parallel Aware": true,
                          "Relation Name": "movie_keyword",
                          "Alias": "mk",
                          "Startup Cost": 269.43,
                          "Total Cost": 21097.34,
                          "Plan Rows": 4037,
                          "Plan Width": 4,
                          "Actual Startup Time": 3.215,
                          "Actual Total Time": 16.815,
                          "Actual Rows": 3530,
                          "Actual Loops": 4,
                          "Recheck Cond": "(keyword_id = 1382)",
                          "Rows Removed by Index Recheck": 0,
                          "Exact Heap Blocks": 5225,
                          "Lossy Heap Blocks": 0,
                          "Plans": [
                            {
                              "Node Type": "Bitmap Index Scan",
                              "Parent Relationship": "Outer",
                              "Parallel Aware": false,
                              "Index Name": "keyword_id_movie_keyword",
                              "Startup Cost": 0.0,
                              "Total Cost": 266.3,
                              "Plan Rows": 12516,
                              "Plan Width": 0,
                              "Actual Startup Time": 4.886,
                              "Actual Total Time": 4.886,
                              "Actual Rows": 14120,
                              "Actual Loops": 1,
                              "Index Cond": "(keyword_id = 1382)"
                            }
                          ]
                        },
                        {
                          "Node Type": "Index Scan",
                          "Parent Relationship": "Inner",
                          "Parallel Aware": false,
                          "Scan Direction": "Forward",
                          "Index Name": "title_pkey",
                          "Relation Name": "title",
                          "Alias": "t",
                          "Startup Cost": 0.43,
                          "Total Cost": 6.22,
                          "Plan Rows": 1,
                          "Plan Width": 4,
                          "Actual Startup Time": 0.008,
                          "Actual Total Time": 0.008,
                          "Actual Rows": 0,
                          "Actual Loops": 14120,
                          "Index Cond": "(id = mk.movie_id)",
                          "Rows Removed by Index Recheck": 0,
                          "Filter": "(production_year > 2010)",
                          "Rows Removed by Filter": 1
                        }
                      ]
                    },
                    {
                      "Node Type": "Index Only Scan",
                      "Parent Relationship": "Inner",
                      "Parallel Aware": false,
                      "Scan Direction": "Forward",
                      "Index Name": "movie_id_movie_info",
                      "Relation Name": "movie_info",
                      "Alias": "mi",
                      "Startup Cost": 0.43,
                      "Total Cost": 3.38,
                      "Plan Rows": 41,
                      "Plan Width": 4,
                      "Actual Startup Time": 0.023,
                      "Actual Total Time": 0.073,
                      "Actual Rows": 20,
                      "Actual Loops": 525,
                      "Index Cond": "(movie_id = t.id)",
                      "Rows Removed by Index Recheck": 0,
                      "Heap Fetches": 10519
                    }
                  ]
                }
              ]
            }
          ]
        }
      ]
    },
    "Planning Time": 0.799,
    "Triggers": [],
    "Execution Time": 75.218
  }
]