[
  {
    "Plan": {
      "Node Type": "Aggregate",
      "Strategy": "Plain",
      "Partial Mode": "Finalize",
      "Parallel Aware": false,
      "Startup Cost": 65750.19,
      "Total Cost": 65750.2,
      "Plan Rows": 1,
      "Plan Width": 8,
      "Actual Startup Time": 255.887,
      "Actual Total Time": 280.885,
      "Actual Rows": 1,
      "Actual Loops": 1,
      "Plans": [
        {
          "Node Type": "Gather",
          "Parent Relationship": "Outer",
          "Parallel Aware": false,
          "Startup Cost": 65749.98,
          "Total Cost": 65750.19,
          "Plan Rows": 2,
          "Plan Width": 8,
          "Actual Startup Time": 255.49,
          "Actual Total Time": 280.876,
          "Actual Rows": 3,
          "Actual Loops": 1,
          "Workers Planned": 2,
          "Workers Launched": 2,
          "Single Copy": false,
          "Plans": [
            {
              "Node Type": "Aggregate",
              "Strategy": "Plain",
              "Partial Mode": "Partial",
              "Parent Relationship": "Outer",
              "Parallel Aware": false,
              "Startup Cost": 64749.98,
              "Total Cost": 64749.99,
              "Plan Rows": 1,
              "Plan Width": 8,
              "Actual Startup Time": 247.736,
              "Actual Total Time": 247.744,
              "Actual Rows": 1,
              "Actual Loops": 3,
              "Plans": [
                {
                  "Node Type": "Nested Loop",
                  "Parent Relationship": "Outer",
                  "Parallel Aware": false,
                  "Join Type": "Inner",
                  "Startup Cost": 45546.46,
                  "Total Cost": 64742.64,
                  "Plan Rows": 2933,
                  "Plan Width": 0,
                  "Actual Startup Time": 138.159,
                  "Actual Total Time": 246.002,
                  "Actual Rows": 24688,
                  "Actual Loops": 3,
                  "Inner Unique": false,
                  "Join Filter": "(t.id = mk.movie_id)",
                  "Rows Removed by Join Filter": 0,
                  "Plans": [
                    {
                      "Node Type": "Hash Join",
                      "Parent Relationship": "Outer",
                      "Parallel Aware": true,
                      "Join Type": "Inner",
                      "Startup Cost": 45546.02,
                      "Total Cost": 61176.68,
                      "Plan Rows": 1639,
                      "Plan Width": 8,
                      "Actual Startup Time": 138.006,
                      "Actual Total Time": 210.655,
                      "Actual Rows": 2333,
                      "Actual Loops": 3,
                      "Inner Unique": true,
                      "Hash Cond": "(mi_idx.movie_id = t.id)",
                      "Plans": [
                        {
                          "Node Type": "Seq Scan",
                          "Parent Relationship": "Outer",
                          "Parallel Aware": true,
                          "Relation Name": "movie_info_idx",
                          "Alias": "mi_idx",
                          "Startup Cost": 0.0,
                          "Total Cost": 15122.68,
                          "Plan Rows": 193512,
                          "Plan Width": 4,
                          "Actual Startup Time": 0.027,
                          "Actual Total Time": 51.401,
                          "Actual Rows": 153308,
                          "Actual Loops": 3,
                          "Filter": "(info_type_id = 100)",
                          "Rows Removed by Filter": 306703
                        },
                        {
                          "Node Type": "Hash",
                          "Parent Relationship": "Inner",
                          "Parallel Aware": true,
                          "Startup Cost": 45479.1,
                          "Total Cost": 45479.1,
                          "Plan Rows": 5354,
                          "Plan Width": 4,
                          "Actual Startup Time": 136.844,
                          "Actual Total Time": 136.849,
                          "Actual Rows": 5264,
                          "Actual Loops": 3,
                          "Hash Buckets": 32768,
                          "Original Hash Buckets": 32768,
                          "Hash Batches": 1,
                          "Original Hash Batches": 1,
                          "Peak Memory Usage": 896,
                          "Plans": [
                            {
                              "Node Type": "Seq Scan",
                              "Parent Relationship": "Outer",
                              "Parallel Aware": true,
                              "Relation Name": "title",
                              "Alias": "t",
                              "Startup Cost": 0.0,
                              "Total Cost": 45479.1,
                              "Plan Rows": 5354,
                              "Plan Width": 4,
                              "Actual Startup Time": 0.372,
                              "Actual Total Time": 134.043,
                              "Actual Rows": 5264,
                              "Actual Loops": 3,
                              "Filter": "((kind_id < 7) AND (production_year = 1999))",
                              "Rows Removed by Filter": 837507
                            }
                          ]
                        }
                      ]
                    },
                    {
                      "Node Type": "Index Only Scan",
                      "Parent Relationship": "Inner",
                      "Parallel Aware": false,
                      "Scan Direction": "Forward",
                      "Index Name": "movie_id_movie_keyword",
                      "Relation Name": "movie_keyword",
                      "Alias": "mk",
                      "Startup Cost": 0.43,
                      "Total Cost": 1.61,
                      "Plan Rows": 45,
                      "Plan Width": 4,
                      "Actual Startup Time": 0.011,
                      "Actual Total Time": 0.013,
                      "Actual Rows": 11,
                      "Actual Loops": 6999,
                      "Index Cond": "(movie_id = mi_idx.movie_id)",
                      "Rows Removed by Index Recheck": 0,
                      "Heap Fetches": 74065
                    }
                  ]
                }
              ]
            }
          ]
        }
      ]
    },
    "Planning Time": 1.382,
    "Triggers": [],
    "Execution Time": 280.973
  }
]