{
  "Plan": {
    "Node Type": "Aggregate",
    "Strategy": "Plain",
    "Partial Mode": "Finalize",
    "Parallel Aware": false,
    "Startup Cost": 115524.2,
    "Total Cost": 115524.21,
    "Plan Rows": 1,
    "Plan Width": 8,
    "Actual Startup Time": 378.449,
    "Actual Total Time": 393.335,
    "Actual Rows": 1,
    "Actual Loops": 1,
    "Plans": [
      {
        "Node Type": "Gather",
        "Parent Relationship": "Outer",
        "Parallel Aware": false,
        "Startup Cost": 115524.09,
        "Total Cost": 115524.2,
        "Plan Rows": 1,
        "Plan Width": 8,
        "Actual Startup Time": 378.129,
        "Actual Total Time": 393.328,
        "Actual Rows": 2,
        "Actual Loops": 1,
        "Workers Planned": 1,
        "Workers Launched": 1,
        "Single Copy": false,
        "Plans": [
          {
            "Node Type": "Aggregate",
            "Strategy": "Plain",
            "Partial Mode": "Partial",
            "Parent Relationship": "Outer",
            "Parallel Aware": false,
            "Startup Cost": 114524.09,
            "Total Cost": 114524.1,
            "Plan Rows": 1,
            "Plan Width": 8,
            "Actual Startup Time": 372.164,
            "Actual Total Time": 372.168,
            "Actual Rows": 1,
            "Actual Loops": 2,
            "Plans": [
              {
                "Node Type": "Hash Join",
                "Parent Relationship": "Outer",
                "Parallel Aware": true,
                "Join Type": "Inner",
                "Startup Cost": 80710.7,
                "Total Cost": 114514.85,
                "Plan Rows": 3695,
                "Plan Width": 0,
                "Actual Startup Time": 215.437,
                "Actual Total Time": 372.094,
                "Actual Rows": 709,
                "Actual Loops": 2,
                "Inner Unique": true,
                "Hash Cond": "(mk.movie_id = t.id)",
                "Plans": [
                  {
                    "Node Type": "Bitmap Heap Scan",
                    "Parent Relationship": "Outer",
                    "Parallel Aware": true,
                    "Relation Name": "movie_keyword",
                    "Alias": "mk",
                    "Startup Cost": 22293.11,
                    "Total Cost": 54474.51,
                    "Plan Rows": 618192,
                    "Plan Width": 4,
                    "Actual Startup Time": 66.655,
                    "Actual Total Time": 175.274,
                    "Actual Rows": 530070,
                    "Actual Loops": 2,
                    "Recheck Cond": "(keyword_id < 1059)",
                    "Rows Removed by Index Recheck": 0,
                    "Exact Heap Blocks": 12050,
                    "Lossy Heap Blocks": 0,
                    "Plans": [
                      {
                        "Node Type": "Bitmap Index Scan",
                        "Parent Relationship": "Outer",
                        "Parallel Aware": false,
                        "Index Name": "keyword_id_movie_keyword",
                        "Startup Cost": 0.0,
                        "Total Cost": 22030.38,
                        "Plan Rows": 1050926,
                        "Plan Width": 0,
                        "Actual Startup Time": 62.924,
                        "Actual Total Time": 62.925,
                        "Actual Rows": 1060139,
                        "Actual Loops": 1,
                        "Index Cond": "(keyword_id < 1059)"
                      }
                    ]
                  },
                  {
                    "Node Type": "Hash",
                    "Parent Relationship": "Inner",
                    "Parallel Aware": true,
                    "Startup Cost": 58306.47,
                    "Total Cost": 58306.47,
                    "Plan Rows": 8890,
                    "Plan Width": 4,
                    "Actual Startup Time": 147.321,
                    "Actual Total Time": 147.322,
                    "Actual Rows": 7162,
                    "Actual Loops": 2,
                    "Hash Buckets": 16384,
                    "Original Hash Buckets": 16384,
                    "Hash Batches": 1,
                    "Original Hash Batches": 1,
                    "Peak Memory Usage": 736,
                    "Plans": [
                      {
                        "Node Type": "Seq Scan",
                        "Parent Relationship": "Outer",
                        "Parallel Aware": true,
                        "Relation Name": "title",
                        "Alias": "t",
                        "Startup Cost": 0.0,
                        "Total Cost": 58306.47,
                        "Plan Rows": 8890,
                        "Plan Width": 4,
                        "Actual Startup Time": 0.049,
                        "Actual Total Time": 144.261,
                        "Actual Rows": 7162,
                        "Actual Loops": 2,
                        "Filter": "((kind_id = 7) AND (production_year = 1991))",
                        "Rows Removed by Filter": 1256994
                      }
                    ]
                  }
                ]
              }
            ]
          }
        ]
      }
    ]
  },
  "Planning Time": 0.469,
  "Triggers": [],
  "Execution Time": 393.433
}