[
  {
    "Plan": {
      "Node Type": "Aggregate",
      "Strategy": "Plain",
      "Partial Mode": "Finalize",
      "Parallel Aware": false,
      "Startup Cost": 301255.64,
      "Total Cost": 301255.65,
      "Plan Rows": 1,
      "Plan Width": 8,
      "Actual Startup Time": 2208.049,
      "Actual Total Time": 2261.937,
      "Actual Rows": 1,
      "Actual Loops": 1,
      "Plans": [
        {
          "Node Type": "Gather",
          "Parent Relationship": "Outer",
          "Parallel Aware": false,
          "Startup Cost": 301255.32,
          "Total Cost": 301255.63,
          "Plan Rows": 3,
          "Plan Width": 8,
          "Actual Startup Time": 2188.731,
          "Actual Total Time": 2261.925,
          "Actual Rows": 4,
          "Actual Loops": 1,
          "Workers Planned": 3,
          "Workers Launched": 3,
          "Single Copy": false,
          "Plans": [
            {
              "Node Type": "Aggregate",
              "Strategy": "Plain",
              "Partial Mode": "Partial",
              "Parent Relationship": "Outer",
              "Parallel Aware": false,
              "Startup Cost": 300255.32,
              "Total Cost": 300255.33,
              "Plan Rows": 1,
              "Plan Width": 8,
              "Actual Startup Time": 2174.762,
              "Actual Total Time": 2175.364,
              "Actual Rows": 1,
              "Actual Loops": 4,
              "Plans": [
                {
                  "Node Type": "Hash Join",
                  "Parent Relationship": "Outer",
                  "Parallel Aware": true,
                  "Join Type": "Inner",
                  "Startup Cost": 252045.63,
                  "Total Cost": 299174.4,
                  "Plan Rows": 432369,
                  "Plan Width": 0,
                  "Actual Startup Time": 1242.427,
                  "Actual Total Time": 1907.265,
                  "Actual Rows": 5894623,
                  "Actual Loops": 4,
                  "Inner Unique": false,
                  "Hash Cond": "(mk.movie_id = t.id)",
                  "Plans": [
                    {
                      "Node Type": "Seq Scan",
                      "Parent Relationship": "Outer",
                      "Parallel Aware": true,
                      "Relation Name": "movie_keyword",
                      "Alias": "mk",
                      "Startup Cost": 0.0,
                      "Total Cost": 42695.65,
                      "Plan Rows": 951567,
                      "Plan Width": 4,
                      "Actual Startup Time": 0.218,
                      "Actual Total Time": 126.919,
                      "Actual Rows": 737275,
                      "Actual Loops": 4,
                      "Filter": "(keyword_id > 2375)",
                      "Rows Removed by Filter": 393707
                    },
                    {
                      "Node Type": "Hash",
                      "Parent Relationship": "Inner",
                      "Parallel Aware": true,
                      "Startup Cost": 249173.49,
                      "Total Cost": 249173.49,
                      "Plan Rows": 229771,
                      "Plan Width": 8,
                      "Actual Startup Time": 1233.49,
                      "Actual Total Time": 1234.091,
                      "Actual Rows": 348706,
                      "Actual Loops": 4,
                      "Hash Buckets": 2097152,
                      "Original Hash Buckets": 2097152,
                      "Hash Batches": 1,
                      "Original Hash Batches": 1,
                      "Peak Memory Usage": 71008,
                      "Plans": [
                        {
                          "Node Type": "Hash Join",
                          "Parent Relationship": "Outer",
                          "Parallel Aware": true,
                          "Join Type": "Inner",
                          "Startup Cost": 48473.41,
                          "Total Cost": 249173.49,
                          "Plan Rows": 229771,
                          "Plan Width": 8,
                          "Actual Startup Time": 397.6,
                          "Actual Total Time": 1088.817,
                          "Actual Rows": 348706,
                          "Actual Loops": 4,
                          "Inner Unique": true,
                          "Hash Cond": "(mi.movie_id = t.id)",
                          "Plans": [
                            {
                              "Node Type": "Seq Scan",
                              "Parent Relationship": "Outer",
                              "Parallel Aware": true,
                              "Relation Name": "movie_info",
                              "Alias": "mi",
                              "Startup Cost": 0.0,
                              "Total Cost": 199108.24,
                              "Plan Rows": 606414,
                              "Plan Width": 4,
                              "Actual Startup Time": 135.279,
                              "Actual Total Time": 561.749,
                              "Actual Rows": 759180,
                              "Actual Loops": 4,
                              "Filter": "(info_type_id = 16)",
                              "Rows Removed by Filter": 2949750
                            },
                            {
                              "Node Type": "Hash",
                              "Parent Relationship": "Inner",
                              "Parallel Aware": true,
                              "Startup Cost": 45479.59,
                              "Total Cost": 45479.59,
                              "Plan Rows": 239506,
                              "Plan Width": 4,
                              "Actual Startup Time": 259.57,
                              "Actual Total Time": 259.572,
                              "Actual Rows": 244444,
                              "Actual Loops": 4,
                              "Hash Buckets": 1048576,
                              "Original Hash Buckets": 1048576,
                              "Hash Batches": 1,
                              "Original Hash Batches": 1,
                              "Peak Memory Usage": 46496,
                              "Plans": [
                                {
                                  "Node Type": "Seq Scan",
                                  "Parent Relationship": "Outer",
                                  "Parallel Aware": true,
                                  "Relation Name": "title",
                                  "Alias": "t",
                                  "Startup Cost": 0.0,
                                  "Total Cost": 45479.59,
                                  "Plan Rows": 239506,
                                  "Plan Width": 4,
                                  "Actual Startup Time": 0.056,
                                  "Actual Total Time": 149.213,
                                  "Actual Rows": 244444,
                                  "Actual Loops": 4,
                                  "Filter": "((kind_id < 7) AND (production_year > 0))",
                                  "Rows Removed by Filter": 387634
                                }
                              ]
                            }
                          ]
                        }
                      ]
                    }
                  ]
                }
              ]
            }
          ]
        }
      ]
    },
    "Planning Time": 1.449,
    "Triggers": [],
    "Execution Time": 2262.051
  }
]