[
  {
    "Plan": {
      "Node Type": "Aggregate",
      "Strategy": "Plain",
      "Partial Mode": "Finalize",
      "Parallel Aware": false,
      "Startup Cost": 112420.44,
      "Total Cost": 112420.45,
      "Plan Rows": 1,
      "Plan Width": 8,
      "Actual Startup Time": 410.31,
      "Actual Total Time": 425.21,
      "Actual Rows": 1,
      "Actual Loops": 1,
      "Plans": [
        {
          "Node Type": "Gather",
          "Parent Relationship": "Outer",
          "Parallel Aware": false,
          "Startup Cost": 112420.12,
          "Total Cost": 112420.43,
          "Plan Rows": 3,
          "Plan Width": 8,
          "Actual Startup Time": 408.222,
          "Actual Total Time": 425.204,
          "Actual Rows": 4,
          "Actual Loops": 1,
          "Workers Planned": 3,
          "Workers Launched": 3,
          "Single Copy": false,
          "Plans": [
            {
              "Node Type": "Aggregate",
              "Strategy": "Plain",
              "Partial Mode": "Partial",
              "Parent Relationship": "Outer",
              "Parallel Aware": false,
              "Startup Cost": 111420.12,
              "Total Cost": 111420.13,
              "Plan Rows": 1,
              "Plan Width": 8,
              "Actual Startup Time": 405.118,
              "Actual Total Time": 405.247,
              "Actual Rows": 1,
              "Actual Loops": 4,
              "Plans": [
                {
                  "Node Type": "Hash Join",
                  "Parent Relationship": "Outer",
                  "Parallel Aware": true,
                  "Join Type": "Inner",
                  "Startup Cost": 63261.12,
                  "Total Cost": 111290.34,
                  "Plan Rows": 51913,
                  "Plan Width": 0,
                  "Actual Startup Time": 217.356,
                  "Actual Total Time": 388.117,
                  "Actual Rows": 400070,
                  "Actual Loops": 4,
                  "Inner Unique": false,
                  "Hash Cond": "(mk.movie_id = t.id)",
                  "Plans": [
                    {
                      "Node Type": "Seq Scan",
                      "Parent Relationship": "Outer",
                      "Parallel Aware": true,
                      "Relation Name": "movie_keyword",
                      "Alias": "mk",
                      "Startup Cost": 0.0,
                      "Total Cost": 42695.65,
                      "Plan Rows": 1364602,
                      "Plan Width": 4,
                      "Actual Startup Time": 0.013,
                      "Actual Total Time": 106.224,
                      "Actual Rows": 1057611,
                      "Actual Loops": 4,
                      "Filter": "(keyword_id > 236)",
                      "Rows Removed by Filter": 73371
                    },
                    {
                      "Node Type": "Hash",
                      "Parent Relationship": "Inner",
                      "Parallel Aware": true,
                      "Startup Cost": 62760.16,
                      "Total Cost": 62760.16,
                      "Plan Rows": 40077,
                      "Plan Width": 8,
                      "Actual Startup Time": 183.6,
                      "Actual Total Time": 183.729,
                      "Actual Rows": 36446,
                      "Actual Loops": 4,
                      "Hash Buckets": 262144,
                      "Original Hash Buckets": 131072,
                      "Hash Batches": 1,
                      "Original Hash Batches": 1,
                      "Peak Memory Usage": 8864,
                      "Plans": [
                        {
                          "Node Type": "Hash Join",
                          "Parent Relationship": "Outer",
                          "Parallel Aware": true,
                          "Join Type": "Inner",
                          "Startup Cost": 47135.7,
                          "Total Cost": 62760.16,
                          "Plan Rows": 40077,
                          "Plan Width": 8,
                          "Actual Startup Time": 133.118,
                          "Actual Total Time": 169.64,
                          "Actual Rows": 36446,
                          "Actual Loops": 4,
                          "Inner Unique": true,
                          "Hash Cond": "(mi_idx.movie_id = t.id)",
                          "Plans": [
                            {
                              "Node Type": "Seq Scan",
                              "Parent Relationship": "Outer",
                              "Parallel Aware": true,
                              "Relation Name": "movie_info_idx",
                              "Alias": "mi_idx",
                              "Startup Cost": 0.0,
                              "Total Cost": 15122.68,
                              "Plan Rows": 191154,
                              "Plan Width": 4,
                              "Actual Startup Time": 0.019,
                              "Actual Total Time": 28.948,
                              "Actual Rows": 115046,
                              "Actual Loops": 4,
                              "Filter": "(info_type_id > 100)",
                              "Rows Removed by Filter": 229962
                            },
                            {
                              "Node Type": "Hash",
                              "Parent Relationship": "Inner",
                              "Parallel Aware": true,
                              "Startup Cost": 45479.21,
                              "Total Cost": 45479.21,
                              "Plan Rows": 132519,
                              "Plan Width": 4,
                              "Actual Startup Time": 111.368,
                              "Actual Total Time": 111.369,
                              "Actual Rows": 100932,
                              "Actual Loops": 4,
                              "Hash Buckets": 1048576,
                              "Original Hash Buckets": 1048576,
                              "Hash Batches": 1,
                              "Original Hash Batches": 1,
                              "Peak Memory Usage": 24064,
                              "Plans": [
                                {
                                  "Node Type": "Seq Scan",
                                  "Parent Relationship": "Outer",
                                  "Parallel Aware": true,
                                  "Relation Name": "title",
                                  "Alias": "t",
                                  "Startup Cost": 0.0,
                                  "Total Cost": 45479.21,
                                  "Plan Rows": 132519,
                                  "Plan Width": 4,
                                  "Actual Startup Time": 31.913,
                                  "Actual Total Time": 78.899,
                                  "Actual Rows": 100932,
                                  "Actual Loops": 4,
                                  "Filter": "((production_year > 1975) AND (kind_id = 1))",
                                  "Rows Removed by Filter": 531146
                                }
                              ]
                            }
                          ]
                        }
                      ]
                    }
                  ]
                }
              ]
            }
          ]
        }
      ]
    },
    "Planning Time": 0.368,
    "Triggers": [],
    "Execution Time": 425.243
  }
]