[
  {
    "Plan": {
      "Node Type": "Aggregate",
      "Strategy": "Plain",
      "Partial Mode": "Finalize",
      "Parallel Aware": false,
      "Startup Cost": 46503.71,
      "Total Cost": 46503.72,
      "Plan Rows": 1,
      "Plan Width": 8,
      "Actual Startup Time": 87.126,
      "Actual Total Time": 98.005,
      "Actual Rows": 1,
      "Actual Loops": 1,
      "Plans": [
        {
          "Node Type": "Gather",
          "Parent Relationship": "Outer",
          "Parallel Aware": false,
          "Startup Cost": 46503.29,
          "Total Cost": 46503.7,
          "Plan Rows": 4,
          "Plan Width": 8,
          "Actual Startup Time": 86.981,
          "Actual Total Time": 97.991,
          "Actual Rows": 5,
          "Actual Loops": 1,
          "Workers Planned": 4,
          "Workers Launched": 4,
          "Single Copy": false,
          "Plans": [
            {
              "Node Type": "Aggregate",
              "Strategy": "Plain",
              "Partial Mode": "Partial",
              "Parent Relationship": "Outer",
              "Parallel Aware": false,
              "Startup Cost": 45503.29,
              "Total Cost": 45503.3,
              "Plan Rows": 1,
              "Plan Width": 8,
              "Actual Startup Time": 80.508,
              "Actual Total Time": 80.509,
              "Actual Rows": 1,
              "Actual Loops": 5,
              "Plans": [
                {
                  "Node Type": "Seq Scan",
                  "Parent Relationship": "Outer",
                  "Parallel Aware": true,
                  "Relation Name": "title",
                  "Alias": "t",
                  "Startup Cost": 0.0,
                  "Total Cost": 45479.59,
                  "Plan Rows": 9482,
                  "Plan Width": 0,
                  "Actual Startup Time": 0.049,
                  "Actual Total Time": 79.804,
                  "Actual Rows": 7902,
                  "Actual Loops": 5,
                  "Filter": "((kind_id > 1) AND (production_year = 1998))",
                  "Rows Removed by Filter": 497761
                }
              ]
            }
          ]
        }
      ]
    },
    "Planning Time": 0.196,
    "Triggers": [],
    "Execution Time": 98.065
  }
]