[
  {
    "Plan": {
      "Node Type": "Aggregate",
      "Strategy": "Plain",
      "Partial Mode": "Finalize",
      "Parallel Aware": false,
      "Startup Cost": 46500.03,
      "Total Cost": 46500.04,
      "Plan Rows": 1,
      "Plan Width": 8,
      "Actual Startup Time": 94.482,
      "Actual Total Time": 106.934,
      "Actual Rows": 1,
      "Actual Loops": 1,
      "Plans": [
        {
          "Node Type": "Gather",
          "Parent Relationship": "Outer",
          "Parallel Aware": false,
          "Startup Cost": 46499.61,
          "Total Cost": 46500.02,
          "Plan Rows": 4,
          "Plan Width": 8,
          "Actual Startup Time": 94.229,
          "Actual Total Time": 106.914,
          "Actual Rows": 5,
          "Actual Loops": 1,
          "Workers Planned": 4,
          "Workers Launched": 4,
          "Single Copy": false,
          "Plans": [
            {
              "Node Type": "Aggregate",
              "Strategy": "Plain",
              "Partial Mode": "Partial",
              "Parent Relationship": "Outer",
              "Parallel Aware": false,
              "Startup Cost": 45499.61,
              "Total Cost": 45499.62,
              "Plan Rows": 1,
              "Plan Width": 8,
              "Actual Startup Time": 86.383,
              "Actual Total Time": 86.384,
              "Actual Rows": 1,
              "Actual Loops": 5,
              "Plans": [
                {
                  "Node Type": "Seq Scan",
                  "Parent Relationship": "Outer",
                  "Parallel Aware": true,
                  "Relation Name": "title",
                  "Alias": "t",
                  "Startup Cost": 0.0,
                  "Total Cost": 45479.1,
                  "Plan Rows": 8206,
                  "Plan Width": 0,
                  "Actual Startup Time": 0.045,
                  "Actual Total Time": 85.519,
                  "Actual Rows": 7902,
                  "Actual Loops": 5,
                  "Filter": "((kind_id > 1) AND (production_year = 1998))",
                  "Rows Removed by Filter": 497761
                }
              ]
            }
          ]
        }
      ]
    },
    "Planning Time": 0.155,
    "Triggers": [],
    "Execution Time": 106.994
  }
]