{
  "Plan": {
    "Node Type": "Aggregate",
    "Strategy": "Plain",
    "Partial Mode": "Finalize",
    "Parallel Aware": false,
    "Startup Cost": 143429.56,
    "Total Cost": 143429.57,
    "Plan Rows": 1,
    "Plan Width": 8,
    "Actual Startup Time": 483.507,
    "Actual Total Time": 506.099,
    "Actual Rows": 1,
    "Actual Loops": 1,
    "Plans": [
      {
        "Node Type": "Gather",
        "Parent Relationship": "Outer",
        "Parallel Aware": false,
        "Startup Cost": 143429.44,
        "Total Cost": 143429.55,
        "Plan Rows": 1,
        "Plan Width": 8,
        "Actual Startup Time": 483.174,
        "Actual Total Time": 506.091,
        "Actual Rows": 2,
        "Actual Loops": 1,
        "Workers Planned": 1,
        "Workers Launched": 1,
        "Single Copy": false,
        "Plans": [
          {
            "Node Type": "Aggregate",
            "Strategy": "Plain",
            "Partial Mode": "Partial",
            "Parent Relationship": "Outer",
            "Parallel Aware": false,
            "Startup Cost": 142429.44,
            "Total Cost": 142429.45,
            "Plan Rows": 1,
            "Plan Width": 8,
            "Actual Startup Time": 477.375,
            "Actual Total Time": 477.385,
            "Actual Rows": 1,
            "Actual Loops": 2,
            "Plans": [
              {
                "Node Type": "Nested Loop",
                "Parent Relationship": "Outer",
                "Parallel Aware": false,
                "Join Type": "Inner",
                "Startup Cost": 58470.38,
                "Total Cost": 142270.98,
                "Plan Rows": 63385,
                "Plan Width": 0,
                "Actual Startup Time": 162.653,
                "Actual Total Time": 476.365,
                "Actual Rows": 17008,
                "Actual Loops": 2,
                "Inner Unique": false,
                "Join Filter": "(t.id = mi.movie_id)",
                "Rows Removed by Join Filter": 0,
                "Plans": [
                  {
                    "Node Type": "Hash Join",
                    "Parent Relationship": "Outer",
                    "Parallel Aware": true,
                    "Join Type": "Inner",
                    "Startup Cost": 58469.94,
                    "Total Cost": 119423.95,
                    "Plan Rows": 10840,
                    "Plan Width": 8,
                    "Actual Startup Time": 162.558,
                    "Actual Total Time": 457.876,
                    "Actual Rows": 2068,
                    "Actual Loops": 2,
                    "Inner Unique": true,
                    "Hash Cond": "(mk.movie_id = t.id)",
                    "Plans": [
                      {
                        "Node Type": "Seq Scan",
                        "Parent Relationship": "Outer",
                        "Parallel Aware": true,
                        "Relation Name": "movie_keyword",
                        "Alias": "mk",
                        "Startup Cost": 0.0,
                        "Total Cost": 57718.19,
                        "Plan Rows": 1232692,
                        "Plan Width": 4,
                        "Actual Startup Time": 0.014,
                        "Actual Total Time": 209.813,
                        "Actual Rows": 1048991,
                        "Actual Loops": 2,
                        "Filter": "(keyword_id < 3778)",
                        "Rows Removed by Filter": 1212974
                      },
                      {
                        "Node Type": "Hash",
                        "Parent Relationship": "Inner",
                        "Parallel Aware": true,
                        "Startup Cost": 58306.47,
                        "Total Cost": 58306.47,
                        "Plan Rows": 13078,
                        "Plan Width": 4,
                        "Actual Startup Time": 161.279,
                        "Actual Total Time": 161.28,
                        "Actual Rows": 12150,
                        "Actual Loops": 2,
                        "Hash Buckets": 32768,
                        "Original Hash Buckets": 32768,
                        "Hash Batches": 1,
                        "Original Hash Batches": 1,
                        "Peak Memory Usage": 1248,
                        "Plans": [
                          {
                            "Node Type": "Seq Scan",
                            "Parent Relationship": "Outer",
                            "Parallel Aware": true,
                            "Relation Name": "title",
                            "Alias": "t",
                            "Startup Cost": 0.0,
                            "Total Cost": 58306.47,
                            "Plan Rows": 13078,
                            "Plan Width": 4,
                            "Actual Startup Time": 0.091,
                            "Actual Total Time": 156.681,
                            "Actual Rows": 12150,
                            "Actual Loops": 2,
                            "Filter": "((kind_id = 7) AND (production_year = 1996))",
                            "Rows Removed by Filter": 1252006
                          }
                        ]
                      }
                    ]
                  },
                  {
                    "Node Type": "Index Only Scan",
                    "Parent Relationship": "Inner",
                    "Parallel Aware": false,
                    "Scan Direction": "Forward",
                    "Index Name": "movie_id_movie_info",
                    "Relation Name": "movie_info",
                    "Alias": "mi",
                    "Startup Cost": 0.43,
                    "Total Cost": 1.58,
                    "Plan Rows": 42,
                    "Plan Width": 4,
                    "Actual Startup Time": 0.003,
                    "Actual Total Time": 0.008,
                    "Actual Rows": 8,
                    "Actual Loops": 4136,
                    "Index Cond": "(movie_id = mk.movie_id)",
                    "Rows Removed by Index Recheck": 0,
                    "Heap Fetches": 34015
                  }
                ]
              }
            ]
          }
        ]
      }
    ]
  },
  "Planning Time": 0.494,
  "Triggers": [],
  "Execution Time": 506.152
}