[
  {
    "Plan": {
      "Node Type": "Aggregate",
      "Strategy": "Plain",
      "Partial Mode": "Finalize",
      "Parallel Aware": false,
      "Startup Cost": 347616.07,
      "Total Cost": 347616.08,
      "Plan Rows": 1,
      "Plan Width": 8,
      "Actual Startup Time": 678.227,
      "Actual Total Time": 723.192,
      "Actual Rows": 1,
      "Actual Loops": 1,
      "Plans": [
        {
          "Node Type": "Gather",
          "Parent Relationship": "Outer",
          "Parallel Aware": false,
          "Startup Cost": 347615.44,
          "Total Cost": 347616.05,
          "Plan Rows": 6,
          "Plan Width": 8,
          "Actual Startup Time": 678.058,
          "Actual Total Time": 723.177,
          "Actual Rows": 7,
          "Actual Loops": 1,
          "Workers Planned": 6,
          "Workers Launched": 6,
          "Single Copy": false,
          "Plans": [
            {
              "Node Type": "Aggregate",
              "Strategy": "Plain",
              "Partial Mode": "Partial",
              "Parent Relationship": "Outer",
              "Parallel Aware": false,
              "Startup Cost": 346615.44,
              "Total Cost": 346615.45,
              "Plan Rows": 1,
              "Plan Width": 8,
              "Actual Startup Time": 671.83,
              "Actual Total Time": 671.831,
              "Actual Rows": 1,
              "Actual Loops": 7,
              "Plans": [
                {
                  "Node Type": "Seq Scan",
                  "Parent Relationship": "Outer",
                  "Parallel Aware": true,
                  "Relation Name": "cast_info",
                  "Alias": "ci",
                  "Startup Cost": 0.0,
                  "Total Cost": 343316.27,
                  "Plan Rows": 1319668,
                  "Plan Width": 0,
                  "Actual Startup Time": 311.4,
                  "Actual Total Time": 599.487,
                  "Actual Rows": 1585172,
                  "Actual Loops": 7,
                  "Filter": "((person_id > 1845100) AND (role_id > 2))",
                  "Rows Removed by Filter": 3592591
                }
              ]
            }
          ]
        }
      ]
    },
    "Planning Time": 0.097,
    "Triggers": [],
    "Execution Time": 723.233
  }
]