[
  {
    "Plan": {
      "Node Type": "Aggregate",
      "Strategy": "Plain",
      "Partial Mode": "Finalize",
      "Parallel Aware": false,
      "Startup Cost": 47219.22,
      "Total Cost": 47219.23,
      "Plan Rows": 1,
      "Plan Width": 8,
      "Actual Startup Time": 108.62,
      "Actual Total Time": 120.324,
      "Actual Rows": 1,
      "Actual Loops": 1,
      "Plans": [
        {
          "Node Type": "Gather",
          "Parent Relationship": "Outer",
          "Parallel Aware": false,
          "Startup Cost": 47218.8,
          "Total Cost": 47219.21,
          "Plan Rows": 4,
          "Plan Width": 8,
          "Actual Startup Time": 108.273,
          "Actual Total Time": 120.311,
          "Actual Rows": 5,
          "Actual Loops": 1,
          "Workers Planned": 4,
          "Workers Launched": 4,
          "Single Copy": false,
          "Plans": [
            {
              "Node Type": "Aggregate",
              "Strategy": "Plain",
              "Partial Mode": "Partial",
              "Parent Relationship": "Outer",
              "Parallel Aware": false,
              "Startup Cost": 46218.8,
              "Total Cost": 46218.81,
              "Plan Rows": 1,
              "Plan Width": 8,
              "Actual Startup Time": 101.55,
              "Actual Total Time": 101.551,
              "Actual Rows": 1,
              "Actual Loops": 5,
              "Plans": [
                {
                  "Node Type": "Seq Scan",
                  "Parent Relationship": "Outer",
                  "Parallel Aware": true,
                  "Relation Name": "title",
                  "Alias": "t",
                  "Startup Cost": 0.0,
                  "Total Cost": 45479.59,
                  "Plan Rows": 295685,
                  "Plan Width": 0,
                  "Actual Startup Time": 0.04,
                  "Actual Total Time": 89.883,
                  "Actual Rows": 227991,
                  "Actual Loops": 5,
                  "Filter": "((kind_id > 4) AND (production_year < 2010))",
                  "Rows Removed by Filter": 277671
                }
              ]
            }
          ]
        }
      ]
    },
    "Planning Time": 0.052,
    "Triggers": [],
    "Execution Time": 120.348
  }
]