[
  {
    "Plan": {
      "Node Type": "Aggregate",
      "Strategy": "Plain",
      "Partial Mode": "Simple",
      "Parallel Aware": false,
      "Startup Cost": 4428.47,
      "Total Cost": 4428.48,
      "Plan Rows": 1,
      "Plan Width": 8,
      "Actual Startup Time": 4.551,
      "Actual Total Time": 4.554,
      "Actual Rows": 1,
      "Actual Loops": 1,
      "Plans": [
        {
          "Node Type": "Nested Loop",
          "Parent Relationship": "Outer",
          "Parallel Aware": false,
          "Join Type": "Inner",
          "Startup Cost": 1.43,
          "Total Cost": 4425.4,
          "Plan Rows": 1231,
          "Plan Width": 0,
          "Actual Startup Time": 0.73,
          "Actual Total Time": 4.434,
          "Actual Rows": 558,
          "Actual Loops": 1,
          "Inner Unique": false,
          "Plans": [
            {
              "Node Type": "Nested Loop",
              "Parent Relationship": "Outer",
              "Parallel Aware": false,
              "Join Type": "Inner",
              "Startup Cost": 0.99,
              "Total Cost": 3806.45,
              "Plan Rows": 328,
              "Plan Width": 8,
              "Actual Startup Time": 0.707,
              "Actual Total Time": 1.544,
              "Actual Rows": 62,
              "Actual Loops": 1,
              "Inner Unique": true,
              "Plans": [
                {
                  "Node Type": "Index Scan",
                  "Parent Relationship": "Outer",
                  "Parallel Aware": false,
                  "Scan Direction": "Forward",
                  "Index Name": "person_id_cast_info",
                  "Relation Name": "cast_info",
                  "Alias": "ci",
                  "Startup Cost": 0.56,
                  "Total Cost": 1059.67,
                  "Plan Rows": 328,
                  "Plan Width": 4,
                  "Actual Startup Time": 0.677,
                  "Actual Total Time": 0.73,
                  "Actual Rows": 62,
                  "Actual Loops": 1,
                  "Index Cond": "(person_id = 2596190)",
                  "Rows Removed by Index Recheck": 0,
                  "Filter": "(role_id < 4)",
                  "Rows Removed by Filter": 2
                },
                {
                  "Node Type": "Index Only Scan",
                  "Parent Relationship": "Inner",
                  "Parallel Aware": false,
                  "Scan Direction": "Forward",
                  "Index Name": "title_pkey",
                  "Relation Name": "title",
                  "Alias": "t",
                  "Startup Cost": 0.43,
                  "Total Cost": 8.37,
                  "Plan Rows": 1,
                  "Plan Width": 4,
                  "Actual Startup Time": 0.012,
                  "Actual Total Time": 0.012,
                  "Actual Rows": 1,
                  "Actual Loops": 62,
                  "Index Cond": "(id = ci.movie_id)",
                  "Rows Removed by Index Recheck": 0,
                  "Heap Fetches": 62
                }
              ]
            },
            {
              "Node Type": "Index Scan",
              "Parent Relationship": "Inner",
              "Parallel Aware": false,
              "Scan Direction": "Forward",
              "Index Name": "movie_id_movie_info",
              "Relation Name": "movie_info",
              "Alias": "mi",
              "Startup Cost": 0.43,
              "Total Cost": 1.62,
              "Plan Rows": 27,
              "Plan Width": 4,
              "Actual Startup Time": 0.02,
              "Actual Total Time": 0.043,
              "Actual Rows": 9,
              "Actual Loops": 62,
              "Index Cond": "(movie_id = t.id)",
              "Rows Removed by Index Recheck": 0,
              "Filter": "(info_type_id < 16)",
              "Rows Removed by Filter": 3
            }
          ]
        }
      ]
    },
    "Planning Time": 1.358,
    "Triggers": [],
    "Execution Time": 4.658
  }
]