[
  {
    "Plan": {
      "Node Type": "Aggregate",
      "Strategy": "Plain",
      "Partial Mode": "Finalize",
      "Parallel Aware": false,
      "Startup Cost": 46330.88,
      "Total Cost": 46330.89,
      "Plan Rows": 1,
      "Plan Width": 8,
      "Actual Startup Time": 205.435,
      "Actual Total Time": 215.936,
      "Actual Rows": 1,
      "Actual Loops": 1,
      "Plans": [
        {
          "Node Type": "Gather",
          "Parent Relationship": "Outer",
          "Parallel Aware": false,
          "Startup Cost": 46330.56,
          "Total Cost": 46330.87,
          "Plan Rows": 3,
          "Plan Width": 8,
          "Actual Startup Time": 205.272,
          "Actual Total Time": 215.927,
          "Actual Rows": 4,
          "Actual Loops": 1,
          "Workers Planned": 3,
          "Workers Launched": 3,
          "Single Copy": false,
          "Plans": [
            {
              "Node Type": "Aggregate",
              "Strategy": "Plain",
              "Partial Mode": "Partial",
              "Parent Relationship": "Outer",
              "Parallel Aware": false,
              "Startup Cost": 45330.56,
              "Total Cost": 45330.57,
              "Plan Rows": 1,
              "Plan Width": 8,
              "Actual Startup Time": 197.58,
              "Actual Total Time": 197.582,
              "Actual Rows": 1,
              "Actual Loops": 4,
              "Plans": [
                {
                  "Node Type": "Seq Scan",
                  "Parent Relationship": "Outer",
                  "Parallel Aware": true,
                  "Relation Name": "movie_keyword",
                  "Alias": "mk",
                  "Startup Cost": 0.0,
                  "Total Cost": 42695.65,
                  "Plan Rows": 1053962,
                  "Plan Width": 0,
                  "Actual Startup Time": 0.223,
                  "Actual Total Time": 149.881,
                  "Actual Rows": 816210,
                  "Actual Loops": 4,
                  "Filter": "(keyword_id > 1605)",
                  "Rows Removed by Filter": 314773
                }
              ]
            }
          ]
        }
      ]
    },
    "Planning Time": 0.158,
    "Triggers": [],
    "Execution Time": 215.989
  }
]