[
    {
        "Bao": {
            "Bao prediction": "NaN",
            "Bao recommended hint": "(no hint)"
        }
    },
    {
        "Plan": {
            "Node Type": "Aggregate",
            "Strategy": "Plain",
            "Partial Mode": "Finalize",
            "Parallel Aware": false,
            "Startup Cost": 440439.13,
            "Total Cost": 440439.14,
            "Plan Rows": 1,
            "Plan Width": 8,
            "Actual Startup Time": 2383.041,
            "Actual Total Time": 2425.194,
            "Actual Rows": 1,
            "Actual Loops": 1,
            "Output": [
                "count(*)"
            ],
            "Plans": [
                {
                    "Node Type": "Gather",
                    "Parent Relationship": "Outer",
                    "Parallel Aware": false,
                    "Startup Cost": 440438.51,
                    "Total Cost": 440439.12,
                    "Plan Rows": 6,
                    "Plan Width": 8,
                    "Actual Startup Time": 2355.539,
                    "Actual Total Time": 2425.183,
                    "Actual Rows": 7,
                    "Actual Loops": 1,
                    "Output": [
                        "(PARTIAL count(*))"
                    ],
                    "Workers Planned": 6,
                    "Workers Launched": 6,
                    "Single Copy": false,
                    "Plans": [
                        {
                            "Node Type": "Aggregate",
                            "Strategy": "Plain",
                            "Partial Mode": "Partial",
                            "Parent Relationship": "Outer",
                            "Parallel Aware": false,
                            "Startup Cost": 439438.51,
                            "Total Cost": 439438.52,
                            "Plan Rows": 1,
                            "Plan Width": 8,
                            "Actual Startup Time": 2341.113,
                            "Actual Total Time": 2341.698,
                            "Actual Rows": 1,
                            "Actual Loops": 7,
                            "Output": [
                                "PARTIAL count(*)"
                            ],
                            "Workers": [
                                {
                                    "Worker Number": 0,
                                    "Actual Startup Time": 2340.76,
                                    "Actual Total Time": 2340.766,
                                    "Actual Rows": 1,
                                    "Actual Loops": 1
                                },
                                {
                                    "Worker Number": 1,
                                    "Actual Startup Time": 2338.308,
                                    "Actual Total Time": 2338.312,
                                    "Actual Rows": 1,
                                    "Actual Loops": 1
                                },
                                {
                                    "Worker Number": 2,
                                    "Actual Startup Time": 2338.386,
                                    "Actual Total Time": 2338.39,
                                    "Actual Rows": 1,
                                    "Actual Loops": 1
                                },
                                {
                                    "Worker Number": 3,
                                    "Actual Startup Time": 2338.394,
                                    "Actual Total Time": 2338.399,
                                    "Actual Rows": 1,
                                    "Actual Loops": 1
                                },
                                {
                                    "Worker Number": 4,
                                    "Actual Startup Time": 2338.414,
                                    "Actual Total Time": 2338.418,
                                    "Actual Rows": 1,
                                    "Actual Loops": 1
                                },
                                {
                                    "Worker Number": 5,
                                    "Actual Startup Time": 2338.413,
                                    "Actual Total Time": 2338.419,
                                    "Actual Rows": 1,
                                    "Actual Loops": 1
                                }
                            ],
                            "Plans": [
                                {
                                    "Node Type": "Hash Join",
                                    "Parent Relationship": "Outer",
                                    "Parallel Aware": true,
                                    "Join Type": "Inner",
                                    "Startup Cost": 90156.38,
                                    "Total Cost": 433811.04,
                                    "Plan Rows": 2250989,
                                    "Plan Width": 0,
                                    "Actual Startup Time": 579.518,
                                    "Actual Total Time": 2156.615,
                                    "Actual Rows": 4178162,
                                    "Actual Loops": 7,
                                    "Inner Unique": false,
                                    "Hash Cond": "(ci.movie_id = t.id)",
                                    "Workers": [
                                        {
                                            "Worker Number": 0,
                                            "Actual Startup Time": 577.039,
                                            "Actual Total Time": 2137.881,
                                            "Actual Rows": 3472426,
                                            "Actual Loops": 1
                                        },
                                        {
                                            "Worker Number": 1,
                                            "Actual Startup Time": 577.121,
                                            "Actual Total Time": 2133.014,
                                            "Actual Rows": 3429310,
                                            "Actual Loops": 1
                                        },
                                        {
                                            "Worker Number": 2,
                                            "Actual Startup Time": 577.225,
                                            "Actual Total Time": 2157.632,
                                            "Actual Rows": 4462341,
                                            "Actual Loops": 1
                                        },
                                        {
                                            "Worker Number": 3,
                                            "Actual Startup Time": 577.099,
                                            "Actual Total Time": 2169.002,
                                            "Actual Rows": 4343906,
                                            "Actual Loops": 1
                                        },
                                        {
                                            "Worker Number": 4,
                                            "Actual Startup Time": 577.2,
                                            "Actual Total Time": 2155.134,
                                            "Actual Rows": 4514496,
                                            "Actual Loops": 1
                                        },
                                        {
                                            "Worker Number": 5,
                                            "Actual Startup Time": 577.204,
                                            "Actual Total Time": 2156.997,
                                            "Actual Rows": 4454542,
                                            "Actual Loops": 1
                                        }
                                    ],
                                    "Plans": [
                                        {
                                            "Node Type": "Seq Scan",
                                            "Parent Relationship": "Outer",
                                            "Parallel Aware": true,
                                            "Relation Name": "cast_info",
                                            "Schema": "public",
                                            "Alias": "ci",
                                            "Startup Cost": 0.0,
                                            "Total Cost": 328213.62,
                                            "Plan Rows": 2181274,
                                            "Plan Width": 4,
                                            "Actual Startup Time": 0.028,
                                            "Actual Total Time": 511.001,
                                            "Actual Rows": 1868964,
                                            "Actual Loops": 7,
                                            "Output": [
                                                "ci.id",
                                                "ci.person_id",
                                                "ci.movie_id",
                                                "ci.person_role_id",
                                                "ci.note",
                                                "ci.nr_order",
                                                "ci.role_id"
                                            ],
                                            "Filter": "(ci.person_id < 1291964)",
                                            "Rows Removed by Filter": 3308799,
                                            "Workers": [
                                                {
                                                    "Worker Number": 0,
                                                    "Actual Startup Time": 0.042,
                                                    "Actual Total Time": 533.285,
                                                    "Actual Rows": 1540708,
                                                    "Actual Loops": 1
                                                },
                                                {
                                                    "Worker Number": 1,
                                                    "Actual Startup Time": 0.033,
                                                    "Actual Total Time": 536.446,
                                                    "Actual Rows": 1507959,
                                                    "Actual Loops": 1
                                                },
                                                {
                                                    "Worker Number": 2,
                                                    "Actual Startup Time": 0.03,
                                                    "Actual Total Time": 510.239,
                                                    "Actual Rows": 2017276,
                                                    "Actual Loops": 1
                                                },
                                                {
                                                    "Worker Number": 3,
                                                    "Actual Startup Time": 0.027,
                                                    "Actual Total Time": 514.156,
                                                    "Actual Rows": 1950048,
                                                    "Actual Loops": 1
                                                },
                                                {
                                                    "Worker Number": 4,
                                                    "Actual Startup Time": 0.025,
                                                    "Actual Total Time": 509.275,
                                                    "Actual Rows": 2025209,
                                                    "Actual Loops": 1
                                                },
                                                {
                                                    "Worker Number": 5,
                                                    "Actual Startup Time": 0.025,
                                                    "Actual Total Time": 509.68,
                                                    "Actual Rows": 1993946,
                                                    "Actual Loops": 1
                                                }
                                            ]
                                        },
                                        {
                                            "Node Type": "Hash",
                                            "Parent Relationship": "Inner",
                                            "Parallel Aware": true,
                                            "Startup Cost": 79635.69,
                                            "Total Cost": 79635.69,
                                            "Plan Rows": 841655,
                                            "Plan Width": 8,
                                            "Actual Startup Time": 574.263,
                                            "Actual Total Time": 574.847,
                                            "Actual Rows": 372733,
                                            "Actual Loops": 7,
                                            "Output": [
                                                "t.id",
                                                "mc.movie_id"
                                            ],
                                            "Hash Buckets": 4194304,
                                            "Original Hash Buckets": 4194304,
                                            "Hash Batches": 1,
                                            "Original Hash Batches": 1,
                                            "Peak Memory Usage": 134944,
                                            "Workers": [
                                                {
                                                    "Worker Number": 0,
                                                    "Actual Startup Time": 576.0,
                                                    "Actual Total Time": 576.003,
                                                    "Actual Rows": 299355,
                                                    "Actual Loops": 1
                                                },
                                                {
                                                    "Worker Number": 1,
                                                    "Actual Startup Time": 576.09,
                                                    "Actual Total Time": 576.093,
                                                    "Actual Rows": 300749,
                                                    "Actual Loops": 1
                                                },
                                                {
                                                    "Worker Number": 2,
                                                    "Actual Startup Time": 576.158,
                                                    "Actual Total Time": 576.16,
                                                    "Actual Rows": 401099,
                                                    "Actual Loops": 1
                                                },
                                                {
                                                    "Worker Number": 3,
                                                    "Actual Startup Time": 576.186,
                                                    "Actual Total Time": 576.19,
                                                    "Actual Rows": 394249,
                                                    "Actual Loops": 1
                                                },
                                                {
                                                    "Worker Number": 4,
                                                    "Actual Startup Time": 576.14,
                                                    "Actual Total Time": 576.142,
                                                    "Actual Rows": 403392,
                                                    "Actual Loops": 1
                                                },
                                                {
                                                    "Worker Number": 5,
                                                    "Actual Startup Time": 576.101,
                                                    "Actual Total Time": 576.105,
                                                    "Actual Rows": 399257,
                                                    "Actual Loops": 1
                                                }
                                            ],
                                            "Plans": [
                                                {
                                                    "Node Type": "Hash Join",
                                                    "Parent Relationship": "Outer",
                                                    "Parallel Aware": true,
                                                    "Join Type": "Inner",
                                                    "Startup Cost": 50219.81,
                                                    "Total Cost": 79635.69,
                                                    "Plan Rows": 841655,
                                                    "Plan Width": 8,
                                                    "Actual Startup Time": 247.324,
                                                    "Actual Total Time": 431.614,
                                                    "Actual Rows": 372733,
                                                    "Actual Loops": 7,
                                                    "Output": [
                                                        "t.id",
                                                        "mc.movie_id"
                                                    ],
                                                    "Inner Unique": true,
                                                    "Hash Cond": "(mc.movie_id = t.id)",
                                                    "Workers": [
                                                        {
                                                            "Worker Number": 0,
                                                            "Actual Startup Time": 247.332,
                                                            "Actual Total Time": 432.233,
                                                            "Actual Rows": 299355,
                                                            "Actual Loops": 1
                                                        },
                                                        {
                                                            "Worker Number": 1,
                                                            "Actual Startup Time": 247.244,
                                                            "Actual Total Time": 430.597,
                                                            "Actual Rows": 300749,
                                                            "Actual Loops": 1
                                                        },
                                                        {
                                                            "Worker Number": 2,
                                                            "Actual Startup Time": 247.284,
                                                            "Actual Total Time": 430.869,
                                                            "Actual Rows": 401099,
                                                            "Actual Loops": 1
                                                        },
                                                        {
                                                            "Worker Number": 3,
                                                            "Actual Startup Time": 247.333,
                                                            "Actual Total Time": 431.167,
                                                            "Actual Rows": 394249,
                                                            "Actual Loops": 1
                                                        },
                                                        {
                                                            "Worker Number": 4,
                                                            "Actual Startup Time": 247.316,
                                                            "Actual Total Time": 430.33,
                                                            "Actual Rows": 403392,
                                                            "Actual Loops": 1
                                                        },
                                                        {
                                                            "Worker Number": 5,
                                                            "Actual Startup Time": 247.307,
                                                            "Actual Total Time": 430.65,
                                                            "Actual Rows": 399257,
                                                            "Actual Loops": 1
                                                        }
                                                    ],
                                                    "Plans": [
                                                        {
                                                            "Node Type": "Seq Scan",
                                                            "Parent Relationship": "Outer",
                                                            "Parallel Aware": true,
                                                            "Relation Name": "movie_companies",
                                                            "Schema": "public",
                                                            "Alias": "mc",
                                                            "Startup Cost": 0.0,
                                                            "Total Cost": 27206.55,
                                                            "Plan Rows": 841655,
                                                            "Plan Width": 4,
                                                            "Actual Startup Time": 0.025,
                                                            "Actual Total Time": 39.734,
                                                            "Actual Rows": 372733,
                                                            "Actual Loops": 7,
                                                            "Output": [
                                                                "mc.id",
                                                                "mc.movie_id",
                                                                "mc.company_id",
                                                                "mc.company_type_id",
                                                                "mc.note"
                                                            ],
                                                            "Workers": [
                                                                {
                                                                    "Worker Number": 0,
                                                                    "Actual Startup Time": 0.033,
                                                                    "Actual Total Time": 43.363,
                                                                    "Actual Rows": 299355,
                                                                    "Actual Loops": 1
                                                                },
                                                                {
                                                                    "Worker Number": 1,
                                                                    "Actual Startup Time": 0.026,
                                                                    "Actual Total Time": 43.572,
                                                                    "Actual Rows": 300749,
                                                                    "Actual Loops": 1
                                                                },
                                                                {
                                                                    "Worker Number": 2,
                                                                    "Actual Startup Time": 0.027,
                                                                    "Actual Total Time": 39.465,
                                                                    "Actual Rows": 401099,
                                                                    "Actual Loops": 1
                                                                },
                                                                {
                                                                    "Worker Number": 3,
                                                                    "Actual Startup Time": 0.025,
                                                                    "Actual Total Time": 39.598,
                                                                    "Actual Rows": 394249,
                                                                    "Actual Loops": 1
                                                                },
                                                                {
                                                                    "Worker Number": 4,
                                                                    "Actual Startup Time": 0.027,
                                                                    "Actual Total Time": 39.438,
                                                                    "Actual Rows": 403392,
                                                                    "Actual Loops": 1
                                                                },
                                                                {
                                                                    "Worker Number": 5,
                                                                    "Actual Startup Time": 0.027,
                                                                    "Actual Total Time": 39.33,
                                                                    "Actual Rows": 399257,
                                                                    "Actual Loops": 1
                                                                }
                                                            ]
                                                        },
                                                        {
                                                            "Node Type": "Hash",
                                                            "Parent Relationship": "Inner",
                                                            "Parallel Aware": true,
                                                            "Startup Cost": 42318.81,
                                                            "Total Cost": 42318.81,
                                                            "Plan Rows": 632080,
                                                            "Plan Width": 4,
                                                            "Actual Startup Time": 243.525,
                                                            "Actual Total Time": 243.526,
                                                            "Actual Rows": 361187,
                                                            "Actual Loops": 7,
                                                            "Output": [
                                                                "t.id"
                                                            ],
                                                            "Hash Buckets": 4194304,
                                                            "Original Hash Buckets": 4194304,
                                                            "Hash Batches": 1,
                                                            "Original Hash Batches": 1,
                                                            "Peak Memory Usage": 131776,
                                                            "Workers": [
                                                                {
                                                                    "Worker Number": 0,
                                                                    "Actual Startup Time": 247.003,
                                                                    "Actual Total Time": 247.004,
                                                                    "Actual Rows": 284566,
                                                                    "Actual Loops": 1
                                                                },
                                                                {
                                                                    "Worker Number": 1,
                                                                    "Actual Startup Time": 247.029,
                                                                    "Actual Total Time": 247.03,
                                                                    "Actual Rows": 289083,
                                                                    "Actual Loops": 1
                                                                },
                                                                {
                                                                    "Worker Number": 2,
                                                                    "Actual Startup Time": 246.972,
                                                                    "Actual Total Time": 246.974,
                                                                    "Actual Rows": 369843,
                                                                    "Actual Loops": 1
                                                                },
                                                                {
                                                                    "Worker Number": 3,
                                                                    "Actual Startup Time": 247.13,
                                                                    "Actual Total Time": 247.131,
                                                                    "Actual Rows": 362265,
                                                                    "Actual Loops": 1
                                                                },
                                                                {
                                                                    "Worker Number": 4,
                                                                    "Actual Startup Time": 246.999,
                                                                    "Actual Total Time": 247.0,
                                                                    "Actual Rows": 371770,
                                                                    "Actual Loops": 1
                                                                },
                                                                {
                                                                    "Worker Number": 5,
                                                                    "Actual Startup Time": 246.985,
                                                                    "Actual Total Time": 246.986,
                                                                    "Actual Rows": 362710,
                                                                    "Actual Loops": 1
                                                                }
                                                            ],
                                                            "Plans": [
                                                                {
                                                                    "Node Type": "Seq Scan",
                                                                    "Parent Relationship": "Outer",
                                                                    "Parallel Aware": true,
                                                                    "Relation Name": "title",
                                                                    "Schema": "public",
                                                                    "Alias": "t",
                                                                    "Startup Cost": 0.0,
                                                                    "Total Cost": 42318.81,
                                                                    "Plan Rows": 632080,
                                                                    "Plan Width": 4,
                                                                    "Actual Startup Time": 0.049,
                                                                    "Actual Total Time": 68.034,
                                                                    "Actual Rows": 361187,
                                                                    "Actual Loops": 7,
                                                                    "Output": [
                                                                        "t.id"
                                                                    ],
                                                                    "Workers": [
                                                                        {
                                                                            "Worker Number": 0,
                                                                            "Actual Startup Time": 0.054,
                                                                            "Actual Total Time": 74.246,
                                                                            "Actual Rows": 284566,
                                                                            "Actual Loops": 1
                                                                        },
                                                                        {
                                                                            "Worker Number": 1,
                                                                            "Actual Startup Time": 0.061,
                                                                            "Actual Total Time": 73.861,
                                                                            "Actual Rows": 289083,
                                                                            "Actual Loops": 1
                                                                        },
                                                                        {
                                                                            "Worker Number": 2,
                                                                            "Actual Startup Time": 0.037,
                                                                            "Actual Total Time": 69.167,
                                                                            "Actual Rows": 369843,
                                                                            "Actual Loops": 1
                                                                        },
                                                                        {
                                                                            "Worker Number": 3,
                                                                            "Actual Startup Time": 0.047,
                                                                            "Actual Total Time": 67.33,
                                                                            "Actual Rows": 362265,
                                                                            "Actual Loops": 1
                                                                        },
                                                                        {
                                                                            "Worker Number": 4,
                                                                            "Actual Startup Time": 0.071,
                                                                            "Actual Total Time": 69.537,
                                                                            "Actual Rows": 371770,
                                                                            "Actual Loops": 1
                                                                        },
                                                                        {
                                                                            "Worker Number": 5,
                                                                            "Actual Startup Time": 0.061,
                                                                            "Actual Total Time": 68.955,
                                                                            "Actual Rows": 362710,
                                                                            "Actual Loops": 1
                                                                        }
                                                                    ]
                                                                }
                                                            ]
                                                        }
                                                    ]
                                                }
                                            ]
                                        }
                                    ]
                                }
                            ]
                        }
                    ]
                }
            ]
        },
        "Planning Time": 187.603,
        "Triggers": [],
        "Execution Time": 2425.26
    }
]