{
  "Plan": {
    "Node Type": "Aggregate",
    "Strategy": "Plain",
    "Partial Mode": "Finalize",
    "Parallel Aware": false,
    "Startup Cost": 637802.53,
    "Total Cost": 637802.54,
    "Plan Rows": 1,
    "Plan Width": 8,
    "Actual Startup Time": 4170.342,
    "Actual Total Time": 4229.046,
    "Actual Rows": 1,
    "Actual Loops": 1,
    "Plans": [
      {
        "Node Type": "Gather",
        "Parent Relationship": "Outer",
        "Parallel Aware": false,
        "Startup Cost": 637802.42,
        "Total Cost": 637802.53,
        "Plan Rows": 1,
        "Plan Width": 8,
        "Actual Startup Time": 4169.681,
        "Actual Total Time": 4229.04,
        "Actual Rows": 2,
        "Actual Loops": 1,
        "Workers Planned": 1,
        "Workers Launched": 1,
        "Single Copy": false,
        "Plans": [
          {
            "Node Type": "Aggregate",
            "Strategy": "Plain",
            "Partial Mode": "Partial",
            "Parent Relationship": "Outer",
            "Parallel Aware": false,
            "Startup Cost": 636802.42,
            "Total Cost": 636802.43,
            "Plan Rows": 1,
            "Plan Width": 8,
            "Actual Startup Time": 4166.153,
            "Actual Total Time": 4166.158,
            "Actual Rows": 1,
            "Actual Loops": 2,
            "Plans": [
              {
                "Node Type": "Hash Join",
                "Parent Relationship": "Outer",
                "Parallel Aware": true,
                "Join Type": "Inner",
                "Startup Cost": 85395.95,
                "Total Cost": 635102.78,
                "Plan Rows": 679854,
                "Plan Width": 0,
                "Actual Startup Time": 383.362,
                "Actual Total Time": 4096.009,
                "Actual Rows": 1657822,
                "Actual Loops": 2,
                "Inner Unique": false,
                "Hash Cond": "(ci.movie_id = t.id)",
                "Plans": [
                  {
                    "Node Type": "Seq Scan",
                    "Parent Relationship": "Outer",
                    "Parallel Aware": true,
                    "Relation Name": "cast_info",
                    "Alias": "ci",
                    "Startup Cost": 0.0,
                    "Total Cost": 465792.95,
                    "Plan Rows": 21310595,
                    "Plan Width": 4,
                    "Actual Startup Time": 0.015,
                    "Actual Total Time": 1323.511,
                    "Actual Rows": 18122172,
                    "Actual Loops": 2
                  },
                  {
                    "Node Type": "Hash",
                    "Parent Relationship": "Inner",
                    "Parallel Aware": true,
                    "Startup Cost": 84802.88,
                    "Total Cost": 84802.88,
                    "Plan Rows": 47446,
                    "Plan Width": 8,
                    "Actual Startup Time": 381.725,
                    "Actual Total Time": 381.729,
                    "Actual Rows": 64776,
                    "Actual Loops": 2,
                    "Hash Buckets": 131072,
                    "Original Hash Buckets": 131072,
                    "Hash Batches": 1,
                    "Original Hash Batches": 1,
                    "Peak Memory Usage": 6144,
                    "Plans": [
                      {
                        "Node Type": "Hash Join",
                        "Parent Relationship": "Outer",
                        "Parallel Aware": true,
                        "Join Type": "Inner",
                        "Startup Cost": 24358.28,
                        "Total Cost": 84802.88,
                        "Plan Rows": 47446,
                        "Plan Width": 8,
                        "Actual Startup Time": 70.804,
                        "Actual Total Time": 365.298,
                        "Actual Rows": 64776,
                        "Actual Loops": 2,
                        "Inner Unique": false,
                        "Hash Cond": "(t.id = mc.movie_id)",
                        "Plans": [
                          {
                            "Node Type": "Seq Scan",
                            "Parent Relationship": "Outer",
                            "Parallel Aware": true,
                            "Relation Name": "title",
                            "Alias": "t",
                            "Startup Cost": 0.0,
                            "Total Cost": 50870.31,
                            "Plan Rows": 1487231,
                            "Plan Width": 4,
                            "Actual Startup Time": 0.009,
                            "Actual Total Time": 115.016,
                            "Actual Rows": 1264156,
                            "Actual Loops": 2
                          },
                          {
                            "Node Type": "Hash",
                            "Parent Relationship": "Inner",
                            "Parallel Aware": true,
                            "Startup Cost": 23765.2,
                            "Total Cost": 23765.2,
                            "Plan Rows": 47446,
                            "Plan Width": 4,
                            "Actual Startup Time": 69.79,
                            "Actual Total Time": 69.791,
                            "Actual Rows": 64776,
                            "Actual Loops": 2,
                            "Hash Buckets": 131072,
                            "Original Hash Buckets": 131072,
                            "Hash Batches": 1,
                            "Original Hash Batches": 1,
                            "Peak Memory Usage": 6112,
                            "Plans": [
                              {
                                "Node Type": "Bitmap Heap Scan",
                                "Parent Relationship": "Outer",
                                "Parallel Aware": true,
                                "Relation Name": "movie_companies",
                                "Alias": "mc",
                                "Startup Cost": 3529.47,
                                "Total Cost": 23765.2,
                                "Plan Rows": 47446,
                                "Plan Width": 4,
                                "Actual Startup Time": 18.329,
                                "Actual Total Time": 54.426,
                                "Actual Rows": 64776,
                                "Actual Loops": 2,
                                "Recheck Cond": "(company_id < 34)",
                                "Rows Removed by Index Recheck": 0,
                                "Filter": "(company_type_id = 1)",
                                "Rows Removed by Filter": 19078,
                                "Exact Heap Blocks": 10968,
                                "Lossy Heap Blocks": 0,
                                "Plans": [
                                  {
                                    "Node Type": "Bitmap Index Scan",
                                    "Parent Relationship": "Outer",
                                    "Parallel Aware": false,
                                    "Index Name": "company_id_movie_companies",
                                    "Startup Cost": 0.0,
                                    "Total Cost": 3509.3,
                                    "Plan Rows": 163850,
                                    "Plan Width": 0,
                                    "Actual Startup Time": 15.778,
                                    "Actual Total Time": 15.778,
                                    "Actual Rows": 167708,
                                    "Actual Loops": 1,
                                    "Index Cond": "(company_id < 34)"
                                  }
                                ]
                              }
                            ]
                          }
                        ]
                      }
                    ]
                  }
                ]
              }
            ]
          }
        ]
      }
    ]
  },
  "Planning Time": 0.645,
  "Triggers": [],
  "Execution Time": 4229.135
}