[
  {
    "Plan": {
      "Node Type": "Aggregate",
      "Strategy": "Plain",
      "Partial Mode": "Finalize",
      "Parallel Aware": false,
      "Startup Cost": 385684.23,
      "Total Cost": 385684.24,
      "Plan Rows": 1,
      "Plan Width": 8,
      "Actual Startup Time": 1450.671,
      "Actual Total Time": 1501.171,
      "Actual Rows": 1,
      "Actual Loops": 1,
      "Plans": [
        {
          "Node Type": "Gather",
          "Parent Relationship": "Outer",
          "Parallel Aware": false,
          "Startup Cost": 385683.6,
          "Total Cost": 385684.21,
          "Plan Rows": 6,
          "Plan Width": 8,
          "Actual Startup Time": 1445.432,
          "Actual Total Time": 1501.144,
          "Actual Rows": 7,
          "Actual Loops": 1,
          "Workers Planned": 6,
          "Workers Launched": 6,
          "Single Copy": false,
          "Plans": [
            {
              "Node Type": "Aggregate",
              "Strategy": "Plain",
              "Partial Mode": "Partial",
              "Parent Relationship": "Outer",
              "Parallel Aware": false,
              "Startup Cost": 384683.6,
              "Total Cost": 384683.61,
              "Plan Rows": 1,
              "Plan Width": 8,
              "Actual Startup Time": 1436.11,
              "Actual Total Time": 1436.114,
              "Actual Rows": 1,
              "Actual Loops": 7,
              "Plans": [
                {
                  "Node Type": "Hash Join",
                  "Parent Relationship": "Outer",
                  "Parallel Aware": true,
                  "Join Type": "Inner",
                  "Startup Cost": 46385.75,
                  "Total Cost": 382357.75,
                  "Plan Rows": 930340,
                  "Plan Width": 0,
                  "Actual Startup Time": 342.754,
                  "Actual Total Time": 1404.704,
                  "Actual Rows": 620449,
                  "Actual Loops": 7,
                  "Inner Unique": true,
                  "Hash Cond": "(ci.movie_id = t.id)",
                  "Plans": [
                    {
                      "Node Type": "Seq Scan",
                      "Parent Relationship": "Outer",
                      "Parallel Aware": true,
                      "Relation Name": "cast_info",
                      "Alias": "ci",
                      "Startup Cost": 0.0,
                      "Total Cost": 328211.39,
                      "Plan Rows": 2956420,
                      "Plan Width": 4,
                      "Actual Startup Time": 200.618,
                      "Actual Total Time": 611.442,
                      "Actual Rows": 2505091,
                      "Actual Loops": 7,
                      "Filter": "(person_id > 1864194)",
                      "Rows Removed by Filter": 2672672
                    },
                    {
                      "Node Type": "Hash",
                      "Parent Relationship": "Inner",
                      "Parallel Aware": true,
                      "Startup Cost": 43899.32,
                      "Total Cost": 43899.32,
                      "Plan Rows": 198914,
                      "Plan Width": 4,
                      "Actual Startup Time": 138.796,
                      "Actual Total Time": 138.797,
                      "Actual Rows": 116101,
                      "Actual Loops": 7,
                      "Hash Buckets": 1048576,
                      "Original Hash Buckets": 1048576,
                      "Hash Batches": 1,
                      "Original Hash Batches": 1,
                      "Peak Memory Usage": 40096,
                      "Plans": [
                        {
                          "Node Type": "Seq Scan",
                          "Parent Relationship": "Outer",
                          "Parallel Aware": true,
                          "Relation Name": "title",
                          "Alias": "t",
                          "Startup Cost": 0.0,
                          "Total Cost": 43899.32,
                          "Plan Rows": 198914,
                          "Plan Width": 4,
                          "Actual Startup Time": 0.046,
                          "Actual Total Time": 80.174,
                          "Actual Rows": 116101,
                          "Actual Loops": 7,
                          "Filter": "(production_year < 1995)",
                          "Rows Removed by Filter": 245087
                        }
                      ]
                    }
                  ]
                }
              ]
            }
          ]
        }
      ]
    },
    "Planning Time": 0.666,
    "Triggers": [],
    "Execution Time": 1501.251
  }
]