[
  {
    "Plan": {
      "Node Type": "Aggregate",
      "Strategy": "Plain",
      "Partial Mode": "Finalize",
      "Parallel Aware": false,
      "Startup Cost": 640183.79,
      "Total Cost": 640183.8,
      "Plan Rows": 1,
      "Plan Width": 8,
      "Actual Startup Time": 6379.534,
      "Actual Total Time": 6470.944,
      "Actual Rows": 1,
      "Actual Loops": 1,
      "Plans": [
        {
          "Node Type": "Gather",
          "Parent Relationship": "Outer",
          "Parallel Aware": false,
          "Startup Cost": 640183.26,
          "Total Cost": 640183.77,
          "Plan Rows": 5,
          "Plan Width": 8,
          "Actual Startup Time": 6338.371,
          "Actual Total Time": 6470.927,
          "Actual Rows": 6,
          "Actual Loops": 1,
          "Workers Planned": 5,
          "Workers Launched": 5,
          "Single Copy": false,
          "Plans": [
            {
              "Node Type": "Aggregate",
              "Strategy": "Plain",
              "Partial Mode": "Partial",
              "Parent Relationship": "Outer",
              "Parallel Aware": false,
              "Startup Cost": 639183.26,
              "Total Cost": 639183.27,
              "Plan Rows": 1,
              "Plan Width": 8,
              "Actual Startup Time": 6309.55,
              "Actual Total Time": 6310.858,
              "Actual Rows": 1,
              "Actual Loops": 6,
              "Plans": [
                {
                  "Node Type": "Hash Join",
                  "Parent Relationship": "Outer",
                  "Parallel Aware": true,
                  "Join Type": "Inner",
                  "Startup Cost": 408157.44,
                  "Total Cost": 622156.62,
                  "Plan Rows": 6810659,
                  "Plan Width": 0,
                  "Actual Startup Time": 2334.197,
                  "Actual Total Time": 5598.021,
                  "Actual Rows": 16378164,
                  "Actual Loops": 6,
                  "Inner Unique": false,
                  "Hash Cond": "(mi.movie_id = t.id)",
                  "Plans": [
                    {
                      "Node Type": "Seq Scan",
                      "Parent Relationship": "Outer",
                      "Parallel Aware": true,
                      "Relation Name": "movie_info",
                      "Alias": "mi",
                      "Startup Cost": 0.0,
                      "Total Cost": 191560.33,
                      "Plan Rows": 2956733,
                      "Plan Width": 4,
                      "Actual Startup Time": 0.032,
                      "Actual Total Time": 314.386,
                      "Actual Rows": 2472620,
                      "Actual Loops": 6
                    },
                    {
                      "Node Type": "Hash",
                      "Parent Relationship": "Inner",
                      "Parallel Aware": true,
                      "Startup Cost": 396024.58,
                      "Total Cost": 396024.58,
                      "Plan Rows": 970629,
                      "Plan Width": 8,
                      "Actual Startup Time": 2322.792,
                      "Actual Total Time": 2324.098,
                      "Actual Rows": 1280782,
                      "Actual Loops": 6,
                      "Hash Buckets": 8388608,
                      "Original Hash Buckets": 8388608,
                      "Hash Batches": 1,
                      "Original Hash Batches": 1,
                      "Peak Memory Usage": 366240,
                      "Plans": [
                        {
                          "Node Type": "Hash Join",
                          "Parent Relationship": "Outer",
                          "Parallel Aware": true,
                          "Join Type": "Inner",
                          "Startup Cost": 50219.64,
                          "Total Cost": 396024.58,
                          "Plan Rows": 970629,
                          "Plan Width": 8,
                          "Actual Startup Time": 271.471,
                          "Actual Total Time": 1668.795,
                          "Actual Rows": 1280782,
                          "Actual Loops": 6,
                          "Inner Unique": true,
                          "Hash Cond": "(ci.movie_id = t.id)",
                          "Plans": [
                            {
                              "Node Type": "Seq Scan",
                              "Parent Relationship": "Outer",
                              "Parallel Aware": true,
                              "Relation Name": "cast_info",
                              "Alias": "ci",
                              "Startup Cost": 0.0,
                              "Total Cost": 343257.03,
                              "Plan Rows": 970629,
                              "Plan Width": 4,
                              "Actual Startup Time": 0.028,
                              "Actual Total Time": 731.298,
                              "Actual Rows": 1280782,
                              "Actual Loops": 6,
                              "Filter": "((person_id < 1047126) AND (role_id < 3))",
                              "Rows Removed by Filter": 4759942
                            },
                            {
                              "Node Type": "Hash",
                              "Parent Relationship": "Inner",
                              "Parallel Aware": true,
                              "Startup Cost": 42318.73,
                              "Total Cost": 42318.73,
                              "Plan Rows": 632073,
                              "Plan Width": 4,
                              "Actual Startup Time": 267.464,
                              "Actual Total Time": 267.466,
                              "Actual Rows": 421385,
                              "Actual Loops": 6,
                              "Hash Buckets": 4194304,
                              "Original Hash Buckets": 4194304,
                              "Hash Batches": 1,
                              "Original Hash Batches": 1,
                              "Peak Memory Usage": 131776,
                              "Plans": [
                                {
                                  "Node Type": "Seq Scan",
                                  "Parent Relationship": "Outer",
                                  "Parallel Aware": true,
                                  "Relation Name": "title",
                                  "Alias": "t",
                                  "Startup Cost": 0.0,
                                  "Total Cost": 42318.73,
                                  "Plan Rows": 632073,
                                  "Plan Width": 4,
                                  "Actual Startup Time": 0.057,
                                  "Actual Total Time": 79.745,
                                  "Actual Rows": 421385,
                                  "Actual Loops": 6
                                }
                              ]
                            }
                          ]
                        }
                      ]
                    }
                  ]
                }
              ]
            }
          ]
        }
      ]
    },
    "Planning Time": 1.415,
    "Triggers": [],
    "Execution Time": 6471.047
  }
]