[
  {
    "Plan": {
      "Node Type": "Aggregate",
      "Strategy": "Plain",
      "Partial Mode": "Simple",
      "Parallel Aware": false,
      "Startup Cost": 20761.98,
      "Total Cost": 20761.99,
      "Plan Rows": 1,
      "Plan Width": 8,
      "Actual Startup Time": 20.759,
      "Actual Total Time": 20.761,
      "Actual Rows": 1,
      "Actual Loops": 1,
      "Plans": [
        {
          "Node Type": "Bitmap Heap Scan",
          "Parent Relationship": "Outer",
          "Parallel Aware": false,
          "Relation Name": "movie_companies",
          "Alias": "mc",
          "Startup Cost": 600.72,
          "Total Cost": 20726.42,
          "Plan Rows": 14223,
          "Plan Width": 0,
          "Actual Startup Time": 11.932,
          "Actual Total Time": 19.689,
          "Actual Rows": 14470,
          "Actual Loops": 1,
          "Recheck Cond": "(company_id = 27)",
          "Rows Removed by Index Recheck": 0,
          "Filter": "(company_type_id > 1)",
          "Rows Removed by Filter": 12833,
          "Exact Heap Blocks": 7072,
          "Lossy Heap Blocks": 0,
          "Plans": [
            {
              "Node Type": "Bitmap Index Scan",
              "Parent Relationship": "Outer",
              "Parallel Aware": false,
              "Index Name": "company_id_movie_companies",
              "Startup Cost": 0.0,
              "Total Cost": 597.16,
              "Plan Rows": 27831,
              "Plan Width": 0,
              "Actual Startup Time": 2.61,
              "Actual Total Time": 2.611,
              "Actual Rows": 27303,
              "Actual Loops": 1,
              "Index Cond": "(company_id = 27)"
            }
          ]
        }
      ]
    },
    "Planning Time": 0.109,
    "Triggers": [],
    "Execution Time": 20.794
  }
]