{
  "Plan": {
    "Node Type": "Aggregate",
    "Strategy": "Plain",
    "Partial Mode": "Finalize",
    "Parallel Aware": false,
    "Startup Cost": 866285.05,
    "Total Cost": 866285.06,
    "Plan Rows": 1,
    "Plan Width": 8,
    "Actual Startup Time": 5562.03,
    "Actual Total Time": 5630.072,
    "Actual Rows": 1,
    "Actual Loops": 1,
    "Plans": [
      {
        "Node Type": "Gather",
        "Parent Relationship": "Outer",
        "Parallel Aware": false,
        "Startup Cost": 866284.94,
        "Total Cost": 866285.05,
        "Plan Rows": 1,
        "Plan Width": 8,
        "Actual Startup Time": 5555.816,
        "Actual Total Time": 5630.064,
        "Actual Rows": 2,
        "Actual Loops": 1,
        "Workers Planned": 1,
        "Workers Launched": 1,
        "Single Copy": false,
        "Plans": [
          {
            "Node Type": "Aggregate",
            "Strategy": "Plain",
            "Partial Mode": "Partial",
            "Parent Relationship": "Outer",
            "Parallel Aware": false,
            "Startup Cost": 865284.94,
            "Total Cost": 865284.95,
            "Plan Rows": 1,
            "Plan Width": 8,
            "Actual Startup Time": 5549.378,
            "Actual Total Time": 5549.385,
            "Actual Rows": 1,
            "Actual Loops": 2,
            "Plans": [
              {
                "Node Type": "Hash Join",
                "Parent Relationship": "Outer",
                "Parallel Aware": true,
                "Join Type": "Inner",
                "Startup Cost": 247644.68,
                "Total Cost": 856640.66,
                "Plan Rows": 3457711,
                "Plan Width": 0,
                "Actual Startup Time": 720.566,
                "Actual Total Time": 5381.831,
                "Actual Rows": 4284168,
                "Actual Loops": 2,
                "Inner Unique": false,
                "Hash Cond": "(ci.movie_id = t.id)",
                "Plans": [
                  {
                    "Node Type": "Seq Scan",
                    "Parent Relationship": "Outer",
                    "Parallel Aware": true,
                    "Relation Name": "cast_info",
                    "Alias": "ci",
                    "Startup Cost": 0.0,
                    "Total Cost": 519069.44,
                    "Plan Rows": 18556556,
                    "Plan Width": 4,
                    "Actual Startup Time": 0.023,
                    "Actual Total Time": 1886.91,
                    "Actual Rows": 15802604,
                    "Actual Loops": 2,
                    "Filter": "(role_id < 10)",
                    "Rows Removed by Filter": 2319568
                  },
                  {
                    "Node Type": "Hash",
                    "Parent Relationship": "Inner",
                    "Parallel Aware": true,
                    "Startup Cost": 244180.66,
                    "Total Cost": 244180.66,
                    "Plan Rows": 277121,
                    "Plan Width": 8,
                    "Actual Startup Time": 714.763,
                    "Actual Total Time": 714.768,
                    "Actual Rows": 237222,
                    "Actual Loops": 2,
                    "Hash Buckets": 524288,
                    "Original Hash Buckets": 524288,
                    "Hash Batches": 1,
                    "Original Hash Batches": 1,
                    "Peak Memory Usage": 22688,
                    "Plans": [
                      {
                        "Node Type": "Hash Join",
                        "Parent Relationship": "Outer",
                        "Parallel Aware": true,
                        "Join Type": "Inner",
                        "Startup Cost": 77996.21,
                        "Total Cost": 244180.66,
                        "Plan Rows": 277121,
                        "Plan Width": 8,
                        "Actual Startup Time": 541.948,
                        "Actual Total Time": 665.011,
                        "Actual Rows": 237222,
                        "Actual Loops": 2,
                        "Inner Unique": true,
                        "Hash Cond": "(mi.movie_id = t.id)",
                        "Plans": [
                          {
                            "Node Type": "Bitmap Heap Scan",
                            "Parent Relationship": "Outer",
                            "Parallel Aware": true,
                            "Relation Name": "movie_info",
                            "Alias": "mi",
                            "Startup Cost": 8535.51,
                            "Total Cost": 173992.52,
                            "Plan Rows": 277121,
                            "Plan Width": 4,
                            "Actual Startup Time": 19.87,
                            "Actual Total Time": 41.303,
                            "Actual Rows": 237222,
                            "Actual Loops": 2,
                            "Recheck Cond": "(info_type_id = 6)",
                            "Rows Removed by Index Recheck": 0,
                            "Exact Heap Blocks": 1619,
                            "Lossy Heap Blocks": 0,
                            "Plans": [
                              {
                                "Node Type": "Bitmap Index Scan",
                                "Parent Relationship": "Outer",
                                "Parallel Aware": false,
                                "Index Name": "info_type_id_movie_info",
                                "Startup Cost": 0.0,
                                "Total Cost": 8417.73,
                                "Plan Rows": 471106,
                                "Plan Width": 0,
                                "Actual Startup Time": 19.39,
                                "Actual Total Time": 19.391,
                                "Actual Rows": 474443,
                                "Actual Loops": 1,
                                "Index Cond": "(info_type_id = 6)"
                              }
                            ]
                          },
                          {
                            "Node Type": "Hash",
                            "Parent Relationship": "Inner",
                            "Parallel Aware": true,
                            "Startup Cost": 50870.31,
                            "Total Cost": 50870.31,
                            "Plan Rows": 1487231,
                            "Plan Width": 4,
                            "Actual Startup Time": 504.89,
                            "Actual Total Time": 504.89,
                            "Actual Rows": 1264156,
                            "Actual Loops": 2,
                            "Hash Buckets": 4194304,
                            "Original Hash Buckets": 4194304,
                            "Hash Batches": 1,
                            "Original Hash Batches": 1,
                            "Peak Memory Usage": 131712,
                            "Plans": [
                              {
                                "Node Type": "Seq Scan",
                                "Parent Relationship": "Outer",
                                "Parallel Aware": true,
                                "Relation Name": "title",
                                "Alias": "t",
                                "Startup Cost": 0.0,
                                "Total Cost": 50870.31,
                                "Plan Rows": 1487231,
                                "Plan Width": 4,
                                "Actual Startup Time": 0.04,
                                "Actual Total Time": 148.957,
                                "Actual Rows": 1264156,
                                "Actual Loops": 2
                              }
                            ]
                          }
                        ]
                      }
                    ]
                  }
                ]
              }
            ]
          }
        ]
      }
    ]
  },
  "Planning Time": 0.967,
  "Triggers": [],
  "Execution Time": 5630.187
}