[
  {
    "Plan": {
      "Node Type": "Aggregate",
      "Strategy": "Plain",
      "Partial Mode": "Finalize",
      "Parallel Aware": false,
      "Startup Cost": 44921.61,
      "Total Cost": 44921.62,
      "Plan Rows": 1,
      "Plan Width": 8,
      "Actual Startup Time": 154.548,
      "Actual Total Time": 166.581,
      "Actual Rows": 1,
      "Actual Loops": 1,
      "Plans": [
        {
          "Node Type": "Gather",
          "Parent Relationship": "Outer",
          "Parallel Aware": false,
          "Startup Cost": 44921.29,
          "Total Cost": 44921.6,
          "Plan Rows": 3,
          "Plan Width": 8,
          "Actual Startup Time": 154.396,
          "Actual Total Time": 166.569,
          "Actual Rows": 4,
          "Actual Loops": 1,
          "Workers Planned": 3,
          "Workers Launched": 3,
          "Single Copy": false,
          "Plans": [
            {
              "Node Type": "Aggregate",
              "Strategy": "Plain",
              "Partial Mode": "Partial",
              "Parent Relationship": "Outer",
              "Parallel Aware": false,
              "Startup Cost": 43921.29,
              "Total Cost": 43921.3,
              "Plan Rows": 1,
              "Plan Width": 8,
              "Actual Startup Time": 148.665,
              "Actual Total Time": 148.667,
              "Actual Rows": 1,
              "Actual Loops": 4,
              "Plans": [
                {
                  "Node Type": "Seq Scan",
                  "Parent Relationship": "Outer",
                  "Parallel Aware": true,
                  "Relation Name": "movie_keyword",
                  "Alias": "mk",
                  "Startup Cost": 0.0,
                  "Total Cost": 42695.65,
                  "Plan Rows": 490256,
                  "Plan Width": 0,
                  "Actual Startup Time": 0.182,
                  "Actual Total Time": 126.819,
                  "Actual Rows": 377700,
                  "Actual Loops": 4,
                  "Filter": "(keyword_id < 2190)",
                  "Rows Removed by Filter": 753283
                }
              ]
            }
          ]
        }
      ]
    },
    "Planning Time": 0.191,
    "Triggers": [],
    "Execution Time": 166.641
  }
]