[
  {
    "Plan": {
      "Node Type": "Aggregate",
      "Strategy": "Plain",
      "Partial Mode": "Finalize",
      "Parallel Aware": false,
      "Startup Cost": 91703.62,
      "Total Cost": 91703.63,
      "Plan Rows": 1,
      "Plan Width": 8,
      "Actual Startup Time": 272.842,
      "Actual Total Time": 291.553,
      "Actual Rows": 1,
      "Actual Loops": 1,
      "Plans": [
        {
          "Node Type": "Gather",
          "Parent Relationship": "Outer",
          "Parallel Aware": false,
          "Startup Cost": 91703.3,
          "Total Cost": 91703.61,
          "Plan Rows": 3,
          "Plan Width": 8,
          "Actual Startup Time": 271.358,
          "Actual Total Time": 291.541,
          "Actual Rows": 4,
          "Actual Loops": 1,
          "Workers Planned": 3,
          "Workers Launched": 3,
          "Single Copy": false,
          "Plans": [
            {
              "Node Type": "Aggregate",
              "Strategy": "Plain",
              "Partial Mode": "Partial",
              "Parent Relationship": "Outer",
              "Parallel Aware": false,
              "Startup Cost": 90703.3,
              "Total Cost": 90703.31,
              "Plan Rows": 1,
              "Plan Width": 8,
              "Actual Startup Time": 266.085,
              "Actual Total Time": 266.088,
              "Actual Rows": 1,
              "Actual Loops": 4,
              "Plans": [
                {
                  "Node Type": "Hash Join",
                  "Parent Relationship": "Outer",
                  "Parallel Aware": true,
                  "Join Type": "Inner",
                  "Startup Cost": 46408.67,
                  "Total Cost": 90542.27,
                  "Plan Rows": 64412,
                  "Plan Width": 0,
                  "Actual Startup Time": 122.031,
                  "Actual Total Time": 265.587,
                  "Actual Rows": 10300,
                  "Actual Loops": 4,
                  "Inner Unique": true,
                  "Hash Cond": "(mk.movie_id = t.id)",
                  "Plans": [
                    {
                      "Node Type": "Seq Scan",
                      "Parent Relationship": "Outer",
                      "Parallel Aware": true,
                      "Relation Name": "movie_keyword",
                      "Alias": "mk",
                      "Startup Cost": 0.0,
                      "Total Cost": 42695.65,
                      "Plan Rows": 547787,
                      "Plan Width": 4,
                      "Actual Startup Time": 0.564,
                      "Actual Total Time": 102.95,
                      "Actual Rows": 422238,
                      "Actual Loops": 4,
                      "Filter": "(keyword_id > 8574)",
                      "Rows Removed by Filter": 708745
                    },
                    {
                      "Node Type": "Hash",
                      "Parent Relationship": "Inner",
                      "Parallel Aware": true,
                      "Startup Cost": 45479.59,
                      "Total Cost": 45479.59,
                      "Plan Rows": 74327,
                      "Plan Width": 4,
                      "Actual Startup Time": 118.181,
                      "Actual Total Time": 118.182,
                      "Actual Rows": 44453,
                      "Actual Loops": 4,
                      "Hash Buckets": 524288,
                      "Original Hash Buckets": 524288,
                      "Hash Batches": 1,
                      "Original Hash Batches": 1,
                      "Peak Memory Usage": 11136,
                      "Plans": [
                        {
                          "Node Type": "Seq Scan",
                          "Parent Relationship": "Outer",
                          "Parallel Aware": true,
                          "Relation Name": "title",
                          "Alias": "t",
                          "Startup Cost": 0.0,
                          "Total Cost": 45479.59,
                          "Plan Rows": 74327,
                          "Plan Width": 4,
                          "Actual Startup Time": 0.023,
                          "Actual Total Time": 97.746,
                          "Actual Rows": 44453,
                          "Actual Loops": 4,
                          "Filter": "((kind_id > 3) AND (production_year < 1977))",
                          "Rows Removed by Filter": 587625
                        }
                      ]
                    }
                  ]
                }
              ]
            }
          ]
        }
      ]
    },
    "Planning Time": 0.554,
    "Triggers": [],
    "Execution Time": 291.625
  }
]