{
  "Plan": {
    "Node Type": "Aggregate",
    "Strategy": "Plain",
    "Partial Mode": "Finalize",
    "Parallel Aware": false,
    "Startup Cost": 639106.86,
    "Total Cost": 639106.87,
    "Plan Rows": 1,
    "Plan Width": 8,
    "Actual Startup Time": 5682.264,
    "Actual Total Time": 5750.924,
    "Actual Rows": 1,
    "Actual Loops": 1,
    "Plans": [
      {
        "Node Type": "Gather",
        "Parent Relationship": "Outer",
        "Parallel Aware": false,
        "Startup Cost": 639106.74,
        "Total Cost": 639106.85,
        "Plan Rows": 1,
        "Plan Width": 8,
        "Actual Startup Time": 5680.047,
        "Actual Total Time": 5750.914,
        "Actual Rows": 2,
        "Actual Loops": 1,
        "Workers Planned": 1,
        "Workers Launched": 1,
        "Single Copy": false,
        "Plans": [
          {
            "Node Type": "Aggregate",
            "Strategy": "Plain",
            "Partial Mode": "Partial",
            "Parent Relationship": "Outer",
            "Parallel Aware": false,
            "Startup Cost": 638106.74,
            "Total Cost": 638106.75,
            "Plan Rows": 1,
            "Plan Width": 8,
            "Actual Startup Time": 5675.24,
            "Actual Total Time": 5675.244,
            "Actual Rows": 1,
            "Actual Loops": 2,
            "Plans": [
              {
                "Node Type": "Hash Join",
                "Parent Relationship": "Outer",
                "Parallel Aware": true,
                "Join Type": "Inner",
                "Startup Cost": 60121.13,
                "Total Cost": 625095.46,
                "Plan Rows": 5204515,
                "Plan Width": 0,
                "Actual Startup Time": 480.458,
                "Actual Total Time": 5499.704,
                "Actual Rows": 3823602,
                "Actual Loops": 2,
                "Inner Unique": true,
                "Hash Cond": "(ci.movie_id = t.id)",
                "Plans": [
                  {
                    "Node Type": "Seq Scan",
                    "Parent Relationship": "Outer",
                    "Parallel Aware": true,
                    "Relation Name": "cast_info",
                    "Alias": "ci",
                    "Startup Cost": 0.0,
                    "Total Cost": 519069.44,
                    "Plan Rows": 17487547,
                    "Plan Width": 4,
                    "Actual Startup Time": 180.829,
                    "Actual Total Time": 1743.557,
                    "Actual Rows": 14772284,
                    "Actual Loops": 2,
                    "Filter": "(person_id > 647266)",
                    "Rows Removed by Filter": 3349888
                  },
                  {
                    "Node Type": "Hash",
                    "Parent Relationship": "Inner",
                    "Parallel Aware": true,
                    "Startup Cost": 54588.39,
                    "Total Cost": 54588.39,
                    "Plan Rows": 442619,
                    "Plan Width": 4,
                    "Actual Startup Time": 290.351,
                    "Actual Total Time": 290.352,
                    "Actual Rows": 377951,
                    "Actual Loops": 2,
                    "Hash Buckets": 1048576,
                    "Original Hash Buckets": 1048576,
                    "Hash Batches": 1,
                    "Original Hash Batches": 1,
                    "Peak Memory Usage": 37792,
                    "Plans": [
                      {
                        "Node Type": "Seq Scan",
                        "Parent Relationship": "Outer",
                        "Parallel Aware": true,
                        "Relation Name": "title",
                        "Alias": "t",
                        "Startup Cost": 0.0,
                        "Total Cost": 54588.39,
                        "Plan Rows": 442619,
                        "Plan Width": 4,
                        "Actual Startup Time": 0.029,
                        "Actual Total Time": 175.534,
                        "Actual Rows": 377951,
                        "Actual Loops": 2,
                        "Filter": "(production_year < 1993)",
                        "Rows Removed by Filter": 886205
                      }
                    ]
                  }
                ]
              }
            ]
          }
        ]
      }
    ]
  },
  "Planning Time": 0.568,
  "Triggers": [],
  "Execution Time": 5751.009
}