[
  {
    "Plan": {
      "Node Type": "Aggregate",
      "Strategy": "Plain",
      "Partial Mode": "Simple",
      "Parallel Aware": false,
      "Startup Cost": 22394.28,
      "Total Cost": 22394.29,
      "Plan Rows": 1,
      "Plan Width": 8,
      "Actual Startup Time": 22.822,
      "Actual Total Time": 22.823,
      "Actual Rows": 1,
      "Actual Loops": 1,
      "Plans": [
        {
          "Node Type": "Bitmap Heap Scan",
          "Parent Relationship": "Outer",
          "Parallel Aware": false,
          "Relation Name": "movie_companies",
          "Alias": "mc",
          "Startup Cost": 2130.09,
          "Total Cost": 22148.58,
          "Plan Rows": 98279,
          "Plan Width": 0,
          "Actual Startup Time": 4.363,
          "Actual Total Time": 18.684,
          "Actual Rows": 97889,
          "Actual Loops": 1,
          "Recheck Cond": "(company_id > 158794)",
          "Rows Removed by Index Recheck": 0,
          "Exact Heap Blocks": 3114,
          "Lossy Heap Blocks": 0,
          "Plans": [
            {
              "Node Type": "Bitmap Index Scan",
              "Parent Relationship": "Outer",
              "Parallel Aware": false,
              "Index Name": "company_id_movie_companies",
              "Startup Cost": 0.0,
              "Total Cost": 2105.52,
              "Plan Rows": 98279,
              "Plan Width": 0,
              "Actual Startup Time": 3.966,
              "Actual Total Time": 3.966,
              "Actual Rows": 97889,
              "Actual Loops": 1,
              "Index Cond": "(company_id > 158794)"
            }
          ]
        }
      ]
    },
    "Planning Time": 0.07,
    "Triggers": [],
    "Execution Time": 22.846
  }
]