[
  {
    "Plan": {
      "Node Type": "Aggregate",
      "Strategy": "Plain",
      "Partial Mode": "Finalize",
      "Parallel Aware": false,
      "Startup Cost": 63584.14,
      "Total Cost": 63584.15,
      "Plan Rows": 1,
      "Plan Width": 8,
      "Actual Startup Time": 332.212,
      "Actual Total Time": 348.94,
      "Actual Rows": 1,
      "Actual Loops": 1,
      "Plans": [
        {
          "Node Type": "Gather",
          "Parent Relationship": "Outer",
          "Parallel Aware": false,
          "Startup Cost": 63583.92,
          "Total Cost": 63584.13,
          "Plan Rows": 2,
          "Plan Width": 8,
          "Actual Startup Time": 330.053,
          "Actual Total Time": 348.931,
          "Actual Rows": 3,
          "Actual Loops": 1,
          "Workers Planned": 2,
          "Workers Launched": 2,
          "Single Copy": false,
          "Plans": [
            {
              "Node Type": "Aggregate",
              "Strategy": "Plain",
              "Partial Mode": "Partial",
              "Parent Relationship": "Outer",
              "Parallel Aware": false,
              "Startup Cost": 62583.92,
              "Total Cost": 62583.93,
              "Plan Rows": 1,
              "Plan Width": 8,
              "Actual Startup Time": 322.738,
              "Actual Total Time": 322.742,
              "Actual Rows": 1,
              "Actual Loops": 3,
              "Plans": [
                {
                  "Node Type": "Hash Join",
                  "Parent Relationship": "Outer",
                  "Parallel Aware": true,
                  "Join Type": "Inner",
                  "Startup Cost": 47095.3,
                  "Total Cost": 62289.86,
                  "Plan Rows": 117625,
                  "Plan Width": 0,
                  "Actual Startup Time": 233.227,
                  "Actual Total Time": 315.106,
                  "Actual Rows": 140350,
                  "Actual Loops": 3,
                  "Inner Unique": true,
                  "Hash Cond": "(mi_idx.movie_id = t.id)",
                  "Plans": [
                    {
                      "Node Type": "Seq Scan",
                      "Parent Relationship": "Outer",
                      "Parallel Aware": true,
                      "Relation Name": "movie_info_idx",
                      "Alias": "mi_idx",
                      "Startup Cost": 0.0,
                      "Total Cost": 13685.15,
                      "Plan Rows": 575015,
                      "Plan Width": 4,
                      "Actual Startup Time": 0.027,
                      "Actual Total Time": 44.439,
                      "Actual Rows": 460012,
                      "Actual Loops": 3
                    },
                    {
                      "Node Type": "Hash",
                      "Parent Relationship": "Inner",
                      "Parallel Aware": true,
                      "Startup Cost": 45479.1,
                      "Total Cost": 45479.1,
                      "Plan Rows": 129296,
                      "Plan Width": 4,
                      "Actual Startup Time": 183.84,
                      "Actual Total Time": 183.841,
                      "Actual Rows": 130319,
                      "Actual Loops": 3,
                      "Hash Buckets": 524288,
                      "Original Hash Buckets": 524288,
                      "Hash Batches": 1,
                      "Original Hash Batches": 1,
                      "Peak Memory Usage": 19456,
                      "Plans": [
                        {
                          "Node Type": "Seq Scan",
                          "Parent Relationship": "Outer",
                          "Parallel Aware": true,
                          "Relation Name": "title",
                          "Alias": "t",
                          "Startup Cost": 0.0,
                          "Total Cost": 45479.1,
                          "Plan Rows": 129296,
                          "Plan Width": 4,
                          "Actual Startup Time": 53.842,
                          "Actual Total Time": 138.323,
                          "Actual Rows": 130319,
                          "Actual Loops": 3,
                          "Filter": "((production_year > 1978) AND (kind_id = 1))",
                          "Rows Removed by Filter": 712452
                        }
                      ]
                    }
                  ]
                }
              ]
            }
          ]
        }
      ]
    },
    "Planning Time": 0.546,
    "Triggers": [],
    "Execution Time": 349.005
  }
]