[
  {
    "Plan": {
      "Node Type": "Aggregate",
      "Strategy": "Plain",
      "Partial Mode": "Finalize",
      "Parallel Aware": false,
      "Startup Cost": 698192.83,
      "Total Cost": 698192.84,
      "Plan Rows": 1,
      "Plan Width": 96,
      "Actual Startup Time": 3378.048,
      "Actual Total Time": 3562.912,
      "Actual Rows": 1,
      "Actual Loops": 1,
      "Plans": [
        {
          "Node Type": "Gather",
          "Parent Relationship": "Outer",
          "Parallel Aware": false,
          "Startup Cost": 698192.39,
          "Total Cost": 698192.8,
          "Plan Rows": 4,
          "Plan Width": 96,
          "Actual Startup Time": 3372.837,
          "Actual Total Time": 3562.886,
          "Actual Rows": 5,
          "Actual Loops": 1,
          "Workers Planned": 4,
          "Workers Launched": 4,
          "Single Copy": false,
          "Plans": [
            {
              "Node Type": "Aggregate",
              "Strategy": "Plain",
              "Partial Mode": "Partial",
              "Parent Relationship": "Outer",
              "Parallel Aware": false,
              "Startup Cost": 697192.39,
              "Total Cost": 697192.4,
              "Plan Rows": 1,
              "Plan Width": 96,
              "Actual Startup Time": 3360.032,
              "Actual Total Time": 3360.053,
              "Actual Rows": 1,
              "Actual Loops": 5,
              "Plans": [
                {
                  "Node Type": "Hash Join",
                  "Parent Relationship": "Outer",
                  "Parallel Aware": true,
                  "Join Type": "Inner",
                  "Startup Cost": 627663.23,
                  "Total Cost": 697192.31,
                  "Plan Rows": 10,
                  "Plan Width": 66,
                  "Actual Startup Time": 3198.992,
                  "Actual Total Time": 3357.165,
                  "Actual Rows": 13607,
                  "Actual Loops": 5,
                  "Inner Unique": false,
                  "Hash Cond": "(n.id = ci.person_id)",
                  "Plans": [
                    {
                      "Node Type": "Seq Scan",
                      "Parent Relationship": "Outer",
                      "Parallel Aware": true,
                      "Relation Name": "name",
                      "Alias": "n",
                      "Startup Cost": 0.0,
                      "Total Cost": 68635.58,
                      "Plan Rows": 238261,
                      "Plan Width": 4,
                      "Actual Startup Time": 68.455,
                      "Actual Total Time": 170.283,
                      "Actual Rows": 192311,
                      "Actual Loops": 5,
                      "Filter": "((gender)::text = 'f'::text)",
                      "Rows Removed by Filter": 641187
                    },
                    {
                      "Node Type": "Hash",
                      "Parent Relationship": "Inner",
                      "Parallel Aware": true,
                      "Startup Cost": 627662.87,
                      "Total Cost": 627662.87,
                      "Plan Rows": 29,
                      "Plan Width": 70,
                      "Actual Startup Time": 3129.617,
                      "Actual Total Time": 3129.635,
                      "Actual Rows": 95484,
                      "Actual Loops": 5,
                      "Hash Buckets": 524288,
                      "Original Hash Buckets": 1024,
                      "Hash Batches": 1,
                      "Original Hash Batches": 1,
                      "Peak Memory Usage": 40632,
                      "Plans": [
                        {
                          "Node Type": "Hash Join",
                          "Parent Relationship": "Outer",
                          "Parallel Aware": true,
                          "Join Type": "Inner",
                          "Startup Cost": 274029.16,
                          "Total Cost": 627662.87,
                          "Plan Rows": 29,
                          "Plan Width": 70,
                          "Actual Startup Time": 1420.821,
                          "Actual Total Time": 3026.257,
                          "Actual Rows": 95484,
                          "Actual Loops": 5,
                          "Inner Unique": false,
                          "Hash Cond": "(ci.movie_id = t.id)",
                          "Plans": [
                            {
                              "Node Type": "Seq Scan",
                              "Parent Relationship": "Outer",
                              "Parallel Aware": true,
                              "Relation Name": "cast_info",
                              "Alias": "ci",
                              "Startup Cost": 0.0,
                              "Total Cost": 350807.07,
                              "Plan Rows": 753763,
                              "Plan Width": 8,
                              "Actual Startup Time": 0.037,
                              "Actual Total Time": 1383.751,
                              "Actual Rows": 896875,
                              "Actual Loops": 5,
                              "Filter": "(note = ANY ('{(uncredited),(producer),(voice),(writer),\"(executive producer)\"}'::text[]))",
                              "Rows Removed by Filter": 6351994
                            },
                            {
                              "Node Type": "Hash",
                              "Parent Relationship": "Inner",
                              "Parallel Aware": true,
                              "Startup Cost": 274029.03,
                              "Total Cost": 274029.03,
                              "Plan Rows": 10,
                              "Plan Width": 78,
                              "Actual Startup Time": 1420.584,
                              "Actual Total Time": 1420.599,
                              "Actual Rows": 17531,
                              "Actual Loops": 5,
                              "Hash Buckets": 131072,
                              "Original Hash Buckets": 1024,
                              "Hash Batches": 1,
                              "Original Hash Batches": 1,
                              "Peak Memory Usage": 8888,
                              "Plans": [
                                {
                                  "Node Type": "Hash Join",
                                  "Parent Relationship": "Outer",
                                  "Parallel Aware": true,
                                  "Join Type": "Inner",
                                  "Startup Cost": 229340.32,
                                  "Total Cost": 274029.03,
                                  "Plan Rows": 10,
                                  "Plan Width": 78,
                                  "Actual Startup Time": 1064.78,
                                  "Actual Total Time": 1317.453,
                                  "Actual Rows": 17531,
                                  "Actual Loops": 5,
                                  "Inner Unique": false,
                                  "Hash Cond": "(t.id = mi.movie_id)",
                                  "Plans": [
                                    {
                                      "Node Type": "Seq Scan",
                                      "Parent Relationship": "Outer",
                                      "Parallel Aware": true,
                                      "Relation Name": "title",
                                      "Alias": "t",
                                      "Startup Cost": 0.0,
                                      "Total Cost": 42318.49,
                                      "Plan Rows": 632049,
                                      "Plan Width": 21,
                                      "Actual Startup Time": 0.038,
                                      "Actual Total Time": 135.292,
                                      "Actual Rows": 505662,
                                      "Actual Loops": 5
                                    },
                                    {
                                      "Node Type": "Hash",
                                      "Parent Relationship": "Inner",
                                      "Parallel Aware": true,
                                      "Startup Cost": 229340.1,
                                      "Total Cost": 229340.1,
                                      "Plan Rows": 17,
                                      "Plan Width": 57,
                                      "Actual Startup Time": 1063.475,
                                      "Actual Total Time": 1063.486,
                                      "Actual Rows": 17531,
                                      "Actual Loops": 5,
                                      "Hash Buckets": 131072,
                                      "Original Hash Buckets": 1024,
                                      "Hash Batches": 1,
                                      "Original Hash Batches": 1,
                                      "Peak Memory Usage": 6904,
                                      "Plans": [
                                        {
                                          "Node Type": "Hash Join",
                                          "Parent Relationship": "Outer",
                                          "Parallel Aware": true,
                                          "Join Type": "Inner",
                                          "Startup Cost": 214031.65,
                                          "Total Cost": 229340.1,
                                          "Plan Rows": 17,
                                          "Plan Width": 57,
                                          "Actual Startup Time": 884.829,
                                          "Actual Total Time": 999.703,
                                          "Actual Rows": 17531,
                                          "Actual Loops": 5,
                                          "Inner Unique": false,
                                          "Hash Cond": "(mi_idx.movie_id = mi.movie_id)",
                                          "Plans": [
                                            {
                                              "Node Type": "Hash Join",
                                              "Parent Relationship": "Outer",
                                              "Parallel Aware": false,
                                              "Join Type": "Inner",
                                              "Startup Cost": 2.43,
                                              "Total Cost": 15253.6,
                                              "Plan Rows": 5089,
                                              "Plan Width": 10,
                                              "Actual Startup Time": 0.117,
                                              "Actual Total Time": 86.159,
                                              "Actual Rows": 91985,
                                              "Actual Loops": 5,
                                              "Inner Unique": true,
                                              "Hash Cond": "(mi_idx.info_type_id = it2.id)",
                                              "Plans": [
                                                {
                                                  "Node Type": "Seq Scan",
                                                  "Parent Relationship": "Outer",
                                                  "Parallel Aware": true,
                                                  "Relation Name": "movie_info_idx",
                                                  "Alias": "mi_idx",
                                                  "Startup Cost": 0.0,
                                                  "Total Cost": 13685.15,
                                                  "Plan Rows": 575015,
                                                  "Plan Width": 14,
                                                  "Actual Startup Time": 0.022,
                                                  "Actual Total Time": 39.59,
                                                  "Actual Rows": 276007,
                                                  "Actual Loops": 5
                                                },
                                                {
                                                  "Node Type": "Hash",
                                                  "Parent Relationship": "Inner",
                                                  "Parallel Aware": false,
                                                  "Startup Cost": 2.41,
                                                  "Total Cost": 2.41,
                                                  "Plan Rows": 1,
                                                  "Plan Width": 4,
                                                  "Actual Startup Time": 0.034,
                                                  "Actual Total Time": 0.035,
                                                  "Actual Rows": 1,
                                                  "Actual Loops": 5,
                                                  "Hash Buckets": 1024,
                                                  "Original Hash Buckets": 1024,
                                                  "Hash Batches": 1,
                                                  "Original Hash Batches": 1,
                                                  "Peak Memory Usage": 9,
                                                  "Plans": [
                                                    {
                                                      "Node Type": "Seq Scan",
                                                      "Parent Relationship": "Outer",
                                                      "Parallel Aware": false,
                                                      "Relation Name": "info_type",
                                                      "Alias": "it2",
                                                      "Startup Cost": 0.0,
                                                      "Total Cost": 2.41,
                                                      "Plan Rows": 1,
                                                      "Plan Width": 4,
                                                      "Actual Startup Time": 0.023,
                                                      "Actual Total Time": 0.025,
                                                      "Actual Rows": 1,
                                                      "Actual Loops": 5,
                                                      "Filter": "((info)::text = 'votes'::text)",
                                                      "Rows Removed by Filter": 112
                                                    }
                                                  ]
                                                }
                                              ]
                                            },
                                            {
                                              "Node Type": "Hash",
                                              "Parent Relationship": "Inner",
                                              "Parallel Aware": true,
                                              "Startup Cost": 214025.41,
                                              "Total Cost": 214025.41,
                                              "Plan Rows": 305,
                                              "Plan Width": 47,
                                              "Actual Startup Time": 884.38,
                                              "Actual Total Time": 884.383,
                                              "Actual Rows": 33082,
                                              "Actual Loops": 5,
                                              "Hash Buckets": 262144,
                                              "Original Hash Buckets": 2048,
                                              "Hash Batches": 1,
                                              "Original Hash Batches": 1,
                                              "Peak Memory Usage": 11824,
                                              "Plans": [
                                                {
                                                  "Node Type": "Hash Join",
                                                  "Parent Relationship": "Outer",
                                                  "Parallel Aware": false,
                                                  "Join Type": "Inner",
                                                  "Startup Cost": 2.43,
                                                  "Total Cost": 214025.41,
                                                  "Plan Rows": 305,
                                                  "Plan Width": 47,
                                                  "Actual Startup Time": 757.233,
                                                  "Actual Total Time": 854.555,
                                                  "Actual Rows": 33082,
                                                  "Actual Loops": 5,
                                                  "Inner Unique": true,
                                                  "Hash Cond": "(mi.info_type_id = it1.id)",
                                                  "Plans": [
                                                    {
                                                      "Node Type": "Seq Scan",
                                                      "Parent Relationship": "Outer",
                                                      "Parallel Aware": true,
                                                      "Relation Name": "movie_info",
                                                      "Alias": "mi",
                                                      "Startup Cost": 0.0,
                                                      "Total Cost": 213929.22,
                                                      "Plan Rows": 34426,
                                                      "Plan Width": 51,
                                                      "Actual Startup Time": 539.674,
                                                      "Actual Total Time": 846.969,
                                                      "Actual Rows": 33577,
                                                      "Actual Loops": 5,
                                                      "Filter": "(info = ANY ('{Sci-Fi,Western,Action,Thriller,Horror,War}'::text[]))",
                                                      "Rows Removed by Filter": 2933567
                                                    },
                                                    {
                                                      "Node Type": "Hash",
                                                      "Parent Relationship": "Inner",
                                                      "Parallel Aware": false,
                                                      "Startup Cost": 2.41,
                                                      "Total Cost": 2.41,
                                                      "Plan Rows": 1,
                                                      "Plan Width": 4,
                                                      "Actual Startup Time": 0.072,
                                                      "Actual Total Time": 0.073,
                                                      "Actual Rows": 1,
                                                      "Actual Loops": 5,
                                                      "Hash Buckets": 1024,
                                                      "Original Hash Buckets": 1024,
                                                      "Hash Batches": 1,
                                                      "Original Hash Batches": 1,
                                                      "Peak Memory Usage": 9,
                                                      "Plans": [
                                                        {
                                                          "Node Type": "Seq Scan",
                                                          "Parent Relationship": "Outer",
                                                          "Parallel Aware": false,
                                                          "Relation Name": "info_type",
                                                          "Alias": "it1",
                                                          "Startup Cost": 0.0,
                                                          "Total Cost": 2.41,
                                                          "Plan Rows": 1,
                                                          "Plan Width": 4,
                                                          "Actual Startup Time": 0.047,
                                                          "Actual Total Time": 0.056,
                                                          "Actual Rows": 1,
                                                          "Actual Loops": 5,
                                                          "Filter": "((info)::text = 'genres'::text)",
                                                          "Rows Removed by Filter": 112
                                                        }
                                                      ]
                                                    }
                                                  ]
                                                }
                                              ]
                                            }
                                          ]
                                        }
                                      ]
                                    }
                                  ]
                                }
                              ]
                            }
                          ]
                        }
                      ]
                    }
                  ]
                }
              ]
            }
          ]
        }
      ]
    },
    "Planning Time": 4.601,
    "Triggers": [],
    "Execution Time": 3563.374
  }
]