[
  {
    "Plan": {
      "Node Type": "Aggregate",
      "Strategy": "Plain",
      "Partial Mode": "Finalize",
      "Parallel Aware": false,
      "Startup Cost": 79162.65,
      "Total Cost": 79162.66,
      "Plan Rows": 1,
      "Plan Width": 8,
      "Actual Startup Time": 100.574,
      "Actual Total Time": 108.035,
      "Actual Rows": 1,
      "Actual Loops": 1,
      "Plans": [
        {
          "Node Type": "Gather",
          "Parent Relationship": "Outer",
          "Parallel Aware": false,
          "Startup Cost": 79162.13,
          "Total Cost": 79162.64,
          "Plan Rows": 5,
          "Plan Width": 8,
          "Actual Startup Time": 100.477,
          "Actual Total Time": 108.02,
          "Actual Rows": 6,
          "Actual Loops": 1,
          "Workers Planned": 5,
          "Workers Launched": 5,
          "Single Copy": false,
          "Plans": [
            {
              "Node Type": "Aggregate",
              "Strategy": "Plain",
              "Partial Mode": "Partial",
              "Parent Relationship": "Outer",
              "Parallel Aware": false,
              "Startup Cost": 78162.13,
              "Total Cost": 78162.14,
              "Plan Rows": 1,
              "Plan Width": 8,
              "Actual Startup Time": 94.679,
              "Actual Total Time": 94.68,
              "Actual Rows": 1,
              "Actual Loops": 6,
              "Plans": [
                {
                  "Node Type": "Index Scan",
                  "Parent Relationship": "Outer",
                  "Parallel Aware": true,
                  "Scan Direction": "Forward",
                  "Index Name": "role_id_cast_info",
                  "Relation Name": "cast_info",
                  "Alias": "ci",
                  "Startup Cost": 0.56,
                  "Total Cost": 77740.85,
                  "Plan Rows": 168509,
                  "Plan Width": 0,
                  "Actual Startup Time": 0.089,
                  "Actual Total Time": 88.274,
                  "Actual Rows": 126708,
                  "Actual Loops": 6,
                  "Index Cond": "(role_id = 4)",
                  "Rows Removed by Index Recheck": 0,
                  "Filter": "(person_id < 1054646)",
                  "Rows Removed by Filter": 328116
                }
              ]
            }
          ]
        }
      ]
    },
    "Planning Time": 0.145,
    "Triggers": [],
    "Execution Time": 108.09
  }
]