[
  {
    "Plan": {
      "Node Type": "Aggregate",
      "Strategy": "Plain",
      "Partial Mode": "Finalize",
      "Parallel Aware": false,
      "Startup Cost": 345459.24,
      "Total Cost": 345459.25,
      "Plan Rows": 1,
      "Plan Width": 8,
      "Actual Startup Time": 598.555,
      "Actual Total Time": 645.752,
      "Actual Rows": 1,
      "Actual Loops": 1,
      "Plans": [
        {
          "Node Type": "Gather",
          "Parent Relationship": "Outer",
          "Parallel Aware": false,
          "Startup Cost": 345458.61,
          "Total Cost": 345459.22,
          "Plan Rows": 6,
          "Plan Width": 8,
          "Actual Startup Time": 598.35,
          "Actual Total Time": 645.741,
          "Actual Rows": 7,
          "Actual Loops": 1,
          "Workers Planned": 6,
          "Workers Launched": 6,
          "Single Copy": false,
          "Plans": [
            {
              "Node Type": "Aggregate",
              "Strategy": "Plain",
              "Partial Mode": "Partial",
              "Parent Relationship": "Outer",
              "Parallel Aware": false,
              "Startup Cost": 344458.61,
              "Total Cost": 344458.62,
              "Plan Rows": 1,
              "Plan Width": 8,
              "Actual Startup Time": 588.758,
              "Actual Total Time": 588.761,
              "Actual Rows": 1,
              "Actual Loops": 7,
              "Plans": [
                {
                  "Node Type": "Seq Scan",
                  "Parent Relationship": "Outer",
                  "Parallel Aware": true,
                  "Relation Name": "cast_info",
                  "Alias": "ci",
                  "Startup Cost": 0.0,
                  "Total Cost": 343316.27,
                  "Plan Rows": 456937,
                  "Plan Width": 0,
                  "Actual Startup Time": 326.35,
                  "Actual Total Time": 577.209,
                  "Actual Rows": 253421,
                  "Actual Loops": 7,
                  "Filter": "((person_id < 613413) AND (role_id > 2))",
                  "Rows Removed by Filter": 4924342
                }
              ]
            }
          ]
        }
      ]
    },
    "Planning Time": 0.214,
    "Triggers": [],
    "Execution Time": 645.824
  }
]