[
  {
    "Plan": {
      "Node Type": "Aggregate",
      "Strategy": "Plain",
      "Partial Mode": "Finalize",
      "Parallel Aware": false,
      "Startup Cost": 32951.24,
      "Total Cost": 32951.25,
      "Plan Rows": 1,
      "Plan Width": 8,
      "Actual Startup Time": 113.114,
      "Actual Total Time": 122.065,
      "Actual Rows": 1,
      "Actual Loops": 1,
      "Plans": [
        {
          "Node Type": "Gather",
          "Parent Relationship": "Outer",
          "Parallel Aware": false,
          "Startup Cost": 32950.93,
          "Total Cost": 32951.24,
          "Plan Rows": 3,
          "Plan Width": 8,
          "Actual Startup Time": 113.005,
          "Actual Total Time": 122.055,
          "Actual Rows": 4,
          "Actual Loops": 1,
          "Workers Planned": 3,
          "Workers Launched": 3,
          "Single Copy": false,
          "Plans": [
            {
              "Node Type": "Aggregate",
              "Strategy": "Plain",
              "Partial Mode": "Partial",
              "Parent Relationship": "Outer",
              "Parallel Aware": false,
              "Startup Cost": 31950.93,
              "Total Cost": 31950.94,
              "Plan Rows": 1,
              "Plan Width": 8,
              "Actual Startup Time": 104.579,
              "Actual Total Time": 104.58,
              "Actual Rows": 1,
              "Actual Loops": 4,
              "Plans": [
                {
                  "Node Type": "Seq Scan",
                  "Parent Relationship": "Outer",
                  "Parallel Aware": true,
                  "Relation Name": "movie_companies",
                  "Alias": "mc",
                  "Startup Cost": 0.0,
                  "Total Cost": 31414.82,
                  "Plan Rows": 214443,
                  "Plan Width": 0,
                  "Actual Startup Time": 0.037,
                  "Actual Total Time": 88.633,
                  "Actual Rows": 231274,
                  "Actual Loops": 4,
                  "Filter": "((company_id < 11779) AND (company_type_id < 2))",
                  "Rows Removed by Filter": 421008
                }
              ]
            }
          ]
        }
      ]
    },
    "Planning Time": 0.226,
    "Triggers": [],
    "Execution Time": 122.13
  }
]