[
  {
    "Plan": {
      "Node Type": "Aggregate",
      "Strategy": "Plain",
      "Partial Mode": "Finalize",
      "Parallel Aware": false,
      "Startup Cost": 338082.74,
      "Total Cost": 338082.75,
      "Plan Rows": 1,
      "Plan Width": 8,
      "Actual Startup Time": 736.982,
      "Actual Total Time": 781.615,
      "Actual Rows": 1,
      "Actual Loops": 1,
      "Plans": [
        {
          "Node Type": "Gather",
          "Parent Relationship": "Outer",
          "Parallel Aware": false,
          "Startup Cost": 338082.12,
          "Total Cost": 338082.73,
          "Plan Rows": 6,
          "Plan Width": 8,
          "Actual Startup Time": 736.786,
          "Actual Total Time": 781.597,
          "Actual Rows": 7,
          "Actual Loops": 1,
          "Workers Planned": 6,
          "Workers Launched": 6,
          "Single Copy": false,
          "Plans": [
            {
              "Node Type": "Aggregate",
              "Strategy": "Plain",
              "Partial Mode": "Partial",
              "Parent Relationship": "Outer",
              "Parallel Aware": false,
              "Startup Cost": 337082.12,
              "Total Cost": 337082.13,
              "Plan Rows": 1,
              "Plan Width": 8,
              "Actual Startup Time": 730.446,
              "Actual Total Time": 730.447,
              "Actual Rows": 1,
              "Actual Loops": 7,
              "Plans": [
                {
                  "Node Type": "Seq Scan",
                  "Parent Relationship": "Outer",
                  "Parallel Aware": true,
                  "Relation Name": "cast_info",
                  "Alias": "ci",
                  "Startup Cost": 0.0,
                  "Total Cost": 328211.39,
                  "Plan Rows": 3548290,
                  "Plan Width": 0,
                  "Actual Startup Time": 0.043,
                  "Actual Total Time": 589.547,
                  "Actual Rows": 3078940,
                  "Actual Loops": 7,
                  "Filter": "(person_id < 2186165)",
                  "Rows Removed by Filter": 2098823
                }
              ]
            }
          ]
        }
      ]
    },
    "Planning Time": 0.092,
    "Triggers": [],
    "Execution Time": 781.66
  }
]