{
    "Plan": {
        "Node Type": "Aggregate",
        "Strategy": "Plain",
        "Partial Mode": "Simple",
        "Parallel Aware": false,
        "Startup Cost": 50000339272.58,
        "Total Cost": 50000339272.59,
        "Plan Rows": 1,
        "Plan Width": 64,
        "Actual Startup Time": 1767.226,
        "Actual Total Time": 1820.303,
        "Actual Rows": 1,
        "Actual Loops": 1,
        "Output": [
            "min(mi_idx.info)",
            "min(t.title)"
        ],
        "Plans": [
            {
                "Node Type": "Nested Loop",
                "Parent Relationship": "Outer",
                "Parallel Aware": false,
                "Join Type": "Inner",
                "Startup Cost": 50000339264.26,
                "Total Cost": 50000339272.58,
                "Plan Rows": 1,
                "Plan Width": 22,
                "Actual Startup Time": 1766.593,
                "Actual Total Time": 1820.293,
                "Actual Rows": 2,
                "Actual Loops": 1,
                "Output": [
                    "mi_idx.info",
                    "t.title"
                ],
                "Inner Unique": true,
                "Plans": [
                    {
                        "Node Type": "Hash Join",
                        "Parent Relationship": "Outer",
                        "Parallel Aware": false,
                        "Join Type": "Inner",
                        "Startup Cost": 40000339264.11,
                        "Total Cost": 40000339264.4,
                        "Plan Rows": 1,
                        "Plan Width": 26,
                        "Actual Startup Time": 1766.577,
                        "Actual Total Time": 1820.261,
                        "Actual Rows": 4,
                        "Actual Loops": 1,
                        "Output": [
                            "mi_idx.info",
                            "mi.info_type_id",
                            "t.title"
                        ],
                        "Inner Unique": false,
                        "Hash Cond": "(mk.keyword_id = k.id)",
                        "Plans": [
                            {
                                "Node Type": "Merge Join",
                                "Parent Relationship": "Outer",
                                "Parallel Aware": false,
                                "Join Type": "Inner",
                                "Startup Cost": 30000336637.96,
                                "Total Cost": 30000336638.19,
                                "Plan Rows": 13,
                                "Plan Width": 30,
                                "Actual Startup Time": 1738.789,
                                "Actual Total Time": 1792.396,
                                "Actual Rows": 3605,
                                "Actual Loops": 1,
                                "Output": [
                                    "mi_idx.info",
                                    "mi.info_type_id",
                                    "mk.keyword_id",
                                    "t.title"
                                ],
                                "Inner Unique": true,
                                "Merge Cond": "(mi_idx.info_type_id = it2.id)",
                                "Plans": [
                                    {
                                        "Node Type": "Sort",
                                        "Parent Relationship": "Outer",
                                        "Parallel Aware": false,
                                        "Startup Cost": 30000336623.84,
                                        "Total Cost": 30000336623.95,
                                        "Plan Rows": 43,
                                        "Plan Width": 34,
                                        "Actual Startup Time": 1738.451,
                                        "Actual Total Time": 1791.75,
                                        "Actual Rows": 7043,
                                        "Actual Loops": 1,
                                        "Output": [
                                            "t.title",
                                            "mi.info_type_id",
                                            "mi_idx.info",
                                            "mi_idx.info_type_id",
                                            "mk.keyword_id"
                                        ],
                                        "Sort Key": [
                                            "mi_idx.info_type_id"
                                        ],
                                        "Sort Method": "quicksort",
                                        "Sort Space Used": 781,
                                        "Sort Space Type": "Memory",
                                        "Plans": [
                                            {
                                                "Node Type": "Hash Join",
                                                "Parent Relationship": "Outer",
                                                "Parallel Aware": false,
                                                "Join Type": "Inner",
                                                "Startup Cost": 30000336593.18,
                                                "Total Cost": 30000336622.67,
                                                "Plan Rows": 43,
                                                "Plan Width": 34,
                                                "Actual Startup Time": 1736.805,
                                                "Actual Total Time": 1790.539,
                                                "Actual Rows": 7043,
                                                "Actual Loops": 1,
                                                "Output": [
                                                    "t.title",
                                                    "mi.info_type_id",
                                                    "mi_idx.info",
                                                    "mi_idx.info_type_id",
                                                    "mk.keyword_id"
                                                ],
                                                "Inner Unique": false,
                                                "Hash Cond": "(kt.id = t.kind_id)",
                                                "Plans": [
                                                    {
                                                        "Node Type": "Seq Scan",
                                                        "Parent Relationship": "Outer",
                                                        "Parallel Aware": false,
                                                        "Relation Name": "kind_type",
                                                        "Schema": "public",
                                                        "Alias": "kt",
                                                        "Startup Cost": 10000000000.0,
                                                        "Total Cost": 10000000001.09,
                                                        "Plan Rows": 1,
                                                        "Plan Width": 4,
                                                        "Actual Startup Time": 0.02,
                                                        "Actual Total Time": 0.023,
                                                        "Actual Rows": 1,
                                                        "Actual Loops": 1,
                                                        "Output": [
                                                            "kt.id",
                                                            "kt.kind"
                                                        ],
                                                        "Filter": "((kt.kind)::text = 'episode'::text)",
                                                        "Rows Removed by Filter": 6
                                                    },
                                                    {
                                                        "Node Type": "Hash",
                                                        "Parent Relationship": "Inner",
                                                        "Parallel Aware": false,
                                                        "Startup Cost": 20000336460.65,
                                                        "Total Cost": 20000336460.65,
                                                        "Plan Rows": 10602,
                                                        "Plan Width": 38,
                                                        "Actual Startup Time": 1736.748,
                                                        "Actual Total Time": 1789.813,
                                                        "Actual Rows": 36505,
                                                        "Actual Loops": 1,
                                                        "Output": [
                                                            "mi.info_type_id",
                                                            "mi_idx.info",
                                                            "mi_idx.info_type_id",
                                                            "mk.keyword_id",
                                                            "t.title",
                                                            "t.kind_id"
                                                        ],
                                                        "Hash Buckets": 65536,
                                                        "Original Hash Buckets": 16384,
                                                        "Hash Batches": 1,
                                                        "Original Hash Batches": 1,
                                                        "Peak Memory Usage": 3333,
                                                        "Plans": [
                                                            {
                                                                "Node Type": "Gather",
                                                                "Parent Relationship": "Outer",
                                                                "Parallel Aware": false,
                                                                "Startup Cost": 20000234128.07,
                                                                "Total Cost": 20000336460.65,
                                                                "Plan Rows": 10602,
                                                                "Plan Width": 38,
                                                                "Actual Startup Time": 1197.94,
                                                                "Actual Total Time": 1783.861,
                                                                "Actual Rows": 36505,
                                                                "Actual Loops": 1,
                                                                "Output": [
                                                                    "mi.info_type_id",
                                                                    "mi_idx.info",
                                                                    "mi_idx.info_type_id",
                                                                    "mk.keyword_id",
                                                                    "t.title",
                                                                    "t.kind_id"
                                                                ],
                                                                "Workers Planned": 4,
                                                                "Workers Launched": 4,
                                                                "Single Copy": false,
                                                                "Plans": [
                                                                    {
                                                                        "Node Type": "Hash Join",
                                                                        "Parent Relationship": "Outer",
                                                                        "Parallel Aware": true,
                                                                        "Join Type": "Inner",
                                                                        "Startup Cost": 20000233128.07,
                                                                        "Total Cost": 20000334400.45,
                                                                        "Plan Rows": 2650,
                                                                        "Plan Width": 38,
                                                                        "Actual Startup Time": 1188.059,
                                                                        "Actual Total Time": 1711.657,
                                                                        "Actual Rows": 7301,
                                                                        "Actual Loops": 5,
                                                                        "Output": [
                                                                            "mi.info_type_id",
                                                                            "mi_idx.info",
                                                                            "mi_idx.info_type_id",
                                                                            "mk.keyword_id",
                                                                            "t.title",
                                                                            "t.kind_id"
                                                                        ],
                                                                        "Inner Unique": false,
                                                                        "Hash Cond": "(t.id = mi.movie_id)",
                                                                        "Workers": [
                                                                            {
                                                                                "Worker Number": 0,
                                                                                "Actual Startup Time": 1200.174,
                                                                                "Actual Total Time": 1712.286,
                                                                                "Actual Rows": 2433,
                                                                                "Actual Loops": 1
                                                                            },
                                                                            {
                                                                                "Worker Number": 1,
                                                                                "Actual Startup Time": 1177.644,
                                                                                "Actual Total Time": 1709.915,
                                                                                "Actual Rows": 5390,
                                                                                "Actual Loops": 1
                                                                            },
                                                                            {
                                                                                "Worker Number": 2,
                                                                                "Actual Startup Time": 1181.628,
                                                                                "Actual Total Time": 1713.26,
                                                                                "Actual Rows": 7050,
                                                                                "Actual Loops": 1
                                                                            },
                                                                            {
                                                                                "Worker Number": 3,
                                                                                "Actual Startup Time": 1183.764,
                                                                                "Actual Total Time": 1706.843,
                                                                                "Actual Rows": 4966,
                                                                                "Actual Loops": 1
                                                                            }
                                                                        ],
                                                                        "Plans": [
                                                                            {
                                                                                "Node Type": "Nested Loop",
                                                                                "Parent Relationship": "Outer",
                                                                                "Parallel Aware": false,
                                                                                "Join Type": "Inner",
                                                                                "Startup Cost": 20000000005.58,
                                                                                "Total Cost": 20000100564.44,
                                                                                "Plan Rows": 526,
                                                                                "Plan Width": 46,
                                                                                "Actual Startup Time": 10.692,
                                                                                "Actual Total Time": 537.232,
                                                                                "Actual Rows": 3868,
                                                                                "Actual Loops": 5,
                                                                                "Output": [
                                                                                    "mi_idx.info",
                                                                                    "mi_idx.movie_id",
                                                                                    "mi_idx.info_type_id",
                                                                                    "mk.movie_id",
                                                                                    "mk.keyword_id",
                                                                                    "t.title",
                                                                                    "t.kind_id",
                                                                                    "t.id"
                                                                                ],
                                                                                "Inner Unique": false,
                                                                                "Join Filter": "(t.id = mk.movie_id)",
                                                                                "Rows Removed by Join Filter": 0,
                                                                                "Workers": [
                                                                                    {
                                                                                        "Worker Number": 0,
                                                                                        "Actual Startup Time": 1.358,
                                                                                        "Actual Total Time": 542.256,
                                                                                        "Actual Rows": 1502,
                                                                                        "Actual Loops": 1
                                                                                    },
                                                                                    {
                                                                                        "Worker Number": 1,
                                                                                        "Actual Startup Time": 9.136,
                                                                                        "Actual Total Time": 539.421,
                                                                                        "Actual Rows": 2454,
                                                                                        "Actual Loops": 1
                                                                                    },
                                                                                    {
                                                                                        "Worker Number": 2,
                                                                                        "Actual Startup Time": 12.977,
                                                                                        "Actual Total Time": 538.455,
                                                                                        "Actual Rows": 4061,
                                                                                        "Actual Loops": 1
                                                                                    },
                                                                                    {
                                                                                        "Worker Number": 3,
                                                                                        "Actual Startup Time": 15.11,
                                                                                        "Actual Total Time": 535.925,
                                                                                        "Actual Rows": 2803,
                                                                                        "Actual Loops": 1
                                                                                    }
                                                                                ],
                                                                                "Plans": [
                                                                                    {
                                                                                        "Node Type": "Nested Loop",
                                                                                        "Parent Relationship": "Outer",
                                                                                        "Parallel Aware": false,
                                                                                        "Join Type": "Inner",
                                                                                        "Startup Cost": 10000000004.69,
                                                                                        "Total Cost": 10000100220.65,
                                                                                        "Plan Rows": 57,
                                                                                        "Plan Width": 38,
                                                                                        "Actual Startup Time": 7.838,
                                                                                        "Actual Total Time": 529.877,
                                                                                        "Actual Rows": 520,
                                                                                        "Actual Loops": 5,
                                                                                        "Output": [
                                                                                            "mi_idx.info",
                                                                                            "mi_idx.movie_id",
                                                                                            "mi_idx.info_type_id",
                                                                                            "t.title",
                                                                                            "t.kind_id",
                                                                                            "t.id"
                                                                                        ],
                                                                                        "Inner Unique": false,
                                                                                        "Workers": [
                                                                                            {
                                                                                                "Worker Number": 0,
                                                                                                "Actual Startup Time": 1.234,
                                                                                                "Actual Total Time": 536.274,
                                                                                                "Actual Rows": 258,
                                                                                                "Actual Loops": 1
                                                                                            },
                                                                                            {
                                                                                                "Worker Number": 1,
                                                                                                "Actual Startup Time": 9.024,
                                                                                                "Actual Total Time": 532.436,
                                                                                                "Actual Rows": 405,
                                                                                                "Actual Loops": 1
                                                                                            },
                                                                                            {
                                                                                                "Worker Number": 2,
                                                                                                "Actual Startup Time": 12.886,
                                                                                                "Actual Total Time": 529.758,
                                                                                                "Actual Rows": 579,
                                                                                                "Actual Loops": 1
                                                                                            },
                                                                                            {
                                                                                                "Worker Number": 3,
                                                                                                "Actual Startup Time": 15.025,
                                                                                                "Actual Total Time": 528.248,
                                                                                                "Actual Rows": 545,
                                                                                                "Actual Loops": 1
                                                                                            }
                                                                                        ],
                                                                                        "Plans": [
                                                                                            {
                                                                                                "Node Type": "Index Scan",
                                                                                                "Parent Relationship": "Outer",
                                                                                                "Parallel Aware": true,
                                                                                                "Scan Direction": "Forward",
                                                                                                "Index Name": "title_pkey",
                                                                                                "Relation Name": "title",
                                                                                                "Schema": "public",
                                                                                                "Alias": "t",
                                                                                                "Startup Cost": 0.43,
                                                                                                "Total Cost": 97700.49,
                                                                                                "Plan Rows": 156,
                                                                                                "Plan Width": 25,
                                                                                                "Actual Startup Time": 2.27,
                                                                                                "Actual Total Time": 519.755,
                                                                                                "Actual Rows": 750,
                                                                                                "Actual Loops": 5,
                                                                                                "Output": [
                                                                                                    "t.id",
                                                                                                    "t.title",
                                                                                                    "t.imdb_index",
                                                                                                    "t.kind_id",
                                                                                                    "t.production_year",
                                                                                                    "t.imdb_id",
                                                                                                    "t.phonetic_code",
                                                                                                    "t.episode_of_id",
                                                                                                    "t.season_nr",
                                                                                                    "t.episode_nr",
                                                                                                    "t.series_years",
                                                                                                    "t.md5sum"
                                                                                                ],
                                                                                                "Filter": "((t.production_year > 1956) AND ((t.title ~~ '%murder%'::text) OR (t.title ~~ '%Murder%'::text) OR (t.title ~~ '%Mord%'::text)))",
                                                                                                "Rows Removed by Filter": 504912,
                                                                                                "Workers": [
                                                                                                    {
                                                                                                        "Worker Number": 0,
                                                                                                        "Actual Startup Time": 1.099,
                                                                                                        "Actual Total Time": 525.992,
                                                                                                        "Actual Rows": 696,
                                                                                                        "Actual Loops": 1
                                                                                                    },
                                                                                                    {
                                                                                                        "Worker Number": 1,
                                                                                                        "Actual Startup Time": 5.663,
                                                                                                        "Actual Total Time": 522.354,
                                                                                                        "Actual Rows": 612,
                                                                                                        "Actual Loops": 1
                                                                                                    },
                                                                                                    {
                                                                                                        "Worker Number": 2,
                                                                                                        "Actual Startup Time": 0.288,
                                                                                                        "Actual Total Time": 518.617,
                                                                                                        "Actual Rows": 747,
                                                                                                        "Actual Loops": 1
                                                                                                    },
                                                                                                    {
                                                                                                        "Worker Number": 3,
                                                                                                        "Actual Startup Time": 4.18,
                                                                                                        "Actual Total Time": 518.054,
                                                                                                        "Actual Rows": 654,
                                                                                                        "Actual Loops": 1
                                                                                                    }
                                                                                                ]
                                                                                            },
                                                                                            {
                                                                                                "Node Type": "Bitmap Heap Scan",
                                                                                                "Parent Relationship": "Inner",
                                                                                                "Parallel Aware": false,
                                                                                                "Relation Name": "movie_info_idx",
                                                                                                "Schema": "public",
                                                                                                "Alias": "mi_idx",
                                                                                                "Startup Cost": 4.26,
                                                                                                "Total Cost": 16.13,
                                                                                                "Plan Rows": 2,
                                                                                                "Plan Width": 13,
                                                                                                "Actual Startup Time": 0.01,
                                                                                                "Actual Total Time": 0.01,
                                                                                                "Actual Rows": 1,
                                                                                                "Actual Loops": 3750,
                                                                                                "Output": [
                                                                                                    "mi_idx.id",
                                                                                                    "mi_idx.movie_id",
                                                                                                    "mi_idx.info_type_id",
                                                                                                    "mi_idx.info",
                                                                                                    "mi_idx.note"
                                                                                                ],
                                                                                                "Recheck Cond": "(mi_idx.movie_id = t.id)",
                                                                                                "Rows Removed by Index Recheck": 0,
                                                                                                "Filter": "(mi_idx.info > '12'::text)",
                                                                                                "Rows Removed by Filter": 0,
                                                                                                "Exact Heap Blocks": 414,
                                                                                                "Lossy Heap Blocks": 0,
                                                                                                "Workers": [
                                                                                                    {
                                                                                                        "Worker Number": 0,
                                                                                                        "Actual Startup Time": 0.011,
                                                                                                        "Actual Total Time": 0.012,
                                                                                                        "Actual Rows": 0,
                                                                                                        "Actual Loops": 696
                                                                                                    },
                                                                                                    {
                                                                                                        "Worker Number": 1,
                                                                                                        "Actual Startup Time": 0.013,
                                                                                                        "Actual Total Time": 0.013,
                                                                                                        "Actual Rows": 1,
                                                                                                        "Actual Loops": 612
                                                                                                    },
                                                                                                    {
                                                                                                        "Worker Number": 2,
                                                                                                        "Actual Startup Time": 0.011,
                                                                                                        "Actual Total Time": 0.012,
                                                                                                        "Actual Rows": 1,
                                                                                                        "Actual Loops": 747
                                                                                                    },
                                                                                                    {
                                                                                                        "Worker Number": 3,
                                                                                                        "Actual Startup Time": 0.012,
                                                                                                        "Actual Total Time": 0.012,
                                                                                                        "Actual Rows": 1,
                                                                                                        "Actual Loops": 654
                                                                                                    }
                                                                                                ],
                                                                                                "Plans": [
                                                                                                    {
                                                                                                        "Node Type": "Bitmap Index Scan",
                                                                                                        "Parent Relationship": "Outer",
                                                                                                        "Parallel Aware": false,
                                                                                                        "Index Name": "movie_id_movie_info_idx",
                                                                                                        "Startup Cost": 0.0,
                                                                                                        "Total Cost": 4.26,
                                                                                                        "Plan Rows": 3,
                                                                                                        "Plan Width": 0,
                                                                                                        "Actual Startup Time": 0.008,
                                                                                                        "Actual Total Time": 0.008,
                                                                                                        "Actual Rows": 1,
                                                                                                        "Actual Loops": 3750,
                                                                                                        "Index Cond": "(mi_idx.movie_id = t.id)",
                                                                                                        "Workers": [
                                                                                                            {
                                                                                                                "Worker Number": 0,
                                                                                                                "Actual Startup Time": 0.01,
                                                                                                                "Actual Total Time": 0.01,
                                                                                                                "Actual Rows": 1,
                                                                                                                "Actual Loops": 696
                                                                                                            },
                                                                                                            {
                                                                                                                "Worker Number": 1,
                                                                                                                "Actual Startup Time": 0.01,
                                                                                                                "Actual Total Time": 0.01,
                                                                                                                "Actual Rows": 1,
                                                                                                                "Actual Loops": 612
                                                                                                            },
                                                                                                            {
                                                                                                                "Worker Number": 2,
                                                                                                                "Actual Startup Time": 0.009,
                                                                                                                "Actual Total Time": 0.009,
                                                                                                                "Actual Rows": 1,
                                                                                                                "Actual Loops": 747
                                                                                                            },
                                                                                                            {
                                                                                                                "Worker Number": 3,
                                                                                                                "Actual Startup Time": 0.01,
                                                                                                                "Actual Total Time": 0.01,
                                                                                                                "Actual Rows": 1,
                                                                                                                "Actual Loops": 654
                                                                                                            }
                                                                                                        ]
                                                                                                    }
                                                                                                ]
                                                                                            }
                                                                                        ]
                                                                                    },
                                                                                    {
                                                                                        "Node Type": "Bitmap Heap Scan",
                                                                                        "Parent Relationship": "Inner",
                                                                                        "Parallel Aware": false,
                                                                                        "Relation Name": "movie_keyword",
                                                                                        "Schema": "public",
                                                                                        "Alias": "mk",
                                                                                        "Startup Cost": 0.88,
                                                                                        "Total Cost": 5.46,
                                                                                        "Plan Rows": 46,
                                                                                        "Plan Width": 8,
                                                                                        "Actual Startup Time": 0.01,
                                                                                        "Actual Total Time": 0.01,
                                                                                        "Actual Rows": 7,
                                                                                        "Actual Loops": 2601,
                                                                                        "Output": [
                                                                                            "mk.id",
                                                                                            "mk.movie_id",
                                                                                            "mk.keyword_id"
                                                                                        ],
                                                                                        "Recheck Cond": "(mk.movie_id = mi_idx.movie_id)",
                                                                                        "Rows Removed by Index Recheck": 0,
                                                                                        "Exact Heap Blocks": 485,
                                                                                        "Lossy Heap Blocks": 0,
                                                                                        "Workers": [
                                                                                            {
                                                                                                "Worker Number": 0,
                                                                                                "Actual Startup Time": 0.018,
                                                                                                "Actual Total Time": 0.019,
                                                                                                "Actual Rows": 6,
                                                                                                "Actual Loops": 258
                                                                                            },
                                                                                            {
                                                                                                "Worker Number": 1,
                                                                                                "Actual Startup Time": 0.012,
                                                                                                "Actual Total Time": 0.013,
                                                                                                "Actual Rows": 6,
                                                                                                "Actual Loops": 405
                                                                                            },
                                                                                            {
                                                                                                "Worker Number": 2,
                                                                                                "Actual Startup Time": 0.01,
                                                                                                "Actual Total Time": 0.011,
                                                                                                "Actual Rows": 7,
                                                                                                "Actual Loops": 579
                                                                                            },
                                                                                            {
                                                                                                "Worker Number": 3,
                                                                                                "Actual Startup Time": 0.01,
                                                                                                "Actual Total Time": 0.011,
                                                                                                "Actual Rows": 5,
                                                                                                "Actual Loops": 545
                                                                                            }
                                                                                        ],
                                                                                        "Plans": [
                                                                                            {
                                                                                                "Node Type": "Bitmap Index Scan",
                                                                                                "Parent Relationship": "Outer",
                                                                                                "Parallel Aware": false,
                                                                                                "Index Name": "movie_id_movie_keyword",
                                                                                                "Startup Cost": 0.0,
                                                                                                "Total Cost": 0.87,
                                                                                                "Plan Rows": 46,
                                                                                                "Plan Width": 0,
                                                                                                "Actual Startup Time": 0.007,
                                                                                                "Actual Total Time": 0.007,
                                                                                                "Actual Rows": 7,
                                                                                                "Actual Loops": 2601,
                                                                                                "Index Cond": "(mk.movie_id = mi_idx.movie_id)",
                                                                                                "Workers": [
                                                                                                    {
                                                                                                        "Worker Number": 0,
                                                                                                        "Actual Startup Time": 0.013,
                                                                                                        "Actual Total Time": 0.013,
                                                                                                        "Actual Rows": 6,
                                                                                                        "Actual Loops": 258
                                                                                                    },
                                                                                                    {
                                                                                                        "Worker Number": 1,
                                                                                                        "Actual Startup Time": 0.009,
                                                                                                        "Actual Total Time": 0.009,
                                                                                                        "Actual Rows": 6,
                                                                                                        "Actual Loops": 405
                                                                                                    },
                                                                                                    {
                                                                                                        "Worker Number": 2,
                                                                                                        "Actual Startup Time": 0.007,
                                                                                                        "Actual Total Time": 0.007,
                                                                                                        "Actual Rows": 7,
                                                                                                        "Actual Loops": 579
                                                                                                    },
                                                                                                    {
                                                                                                        "Worker Number": 3,
                                                                                                        "Actual Startup Time": 0.007,
                                                                                                        "Actual Total Time": 0.007,
                                                                                                        "Actual Rows": 5,
                                                                                                        "Actual Loops": 545
                                                                                                    }
                                                                                                ]
                                                                                            }
                                                                                        ]
                                                                                    }
                                                                                ]
                                                                            },
                                                                            {
                                                                                "Node Type": "Hash",
                                                                                "Parent Relationship": "Inner",
                                                                                "Parallel Aware": true,
                                                                                "Startup Cost": 228390.93,
                                                                                "Total Cost": 228390.93,
                                                                                "Plan Rows": 378525,
                                                                                "Plan Width": 8,
                                                                                "Actual Startup Time": 1167.166,
                                                                                "Actual Total Time": 1167.166,
                                                                                "Actual Rows": 283475,
                                                                                "Actual Loops": 5,
                                                                                "Output": [
                                                                                    "mi.movie_id",
                                                                                    "mi.info_type_id"
                                                                                ],
                                                                                "Hash Buckets": 2097152,
                                                                                "Original Hash Buckets": 2097152,
                                                                                "Hash Batches": 1,
                                                                                "Original Hash Batches": 1,
                                                                                "Peak Memory Usage": 71936,
                                                                                "Workers": [
                                                                                    {
                                                                                        "Worker Number": 0,
                                                                                        "Actual Startup Time": 1167.963,
                                                                                        "Actual Total Time": 1167.963,
                                                                                        "Actual Rows": 256936,
                                                                                        "Actual Loops": 1
                                                                                    },
                                                                                    {
                                                                                        "Worker Number": 1,
                                                                                        "Actual Startup Time": 1167.636,
                                                                                        "Actual Total Time": 1167.637,
                                                                                        "Actual Rows": 247956,
                                                                                        "Actual Loops": 1
                                                                                    },
                                                                                    {
                                                                                        "Worker Number": 2,
                                                                                        "Actual Startup Time": 1167.968,
                                                                                        "Actual Total Time": 1167.969,
                                                                                        "Actual Rows": 257440,
                                                                                        "Actual Loops": 1
                                                                                    },
                                                                                    {
                                                                                        "Worker Number": 3,
                                                                                        "Actual Startup Time": 1167.921,
                                                                                        "Actual Total Time": 1167.922,
                                                                                        "Actual Rows": 251412,
                                                                                        "Actual Loops": 1
                                                                                    }
                                                                                ],
                                                                                "Plans": [
                                                                                    {
                                                                                        "Node Type": "Seq Scan",
                                                                                        "Parent Relationship": "Outer",
                                                                                        "Parallel Aware": true,
                                                                                        "Relation Name": "movie_info",
                                                                                        "Schema": "public",
                                                                                        "Alias": "mi",
                                                                                        "Startup Cost": 0.0,
                                                                                        "Total Cost": 228390.93,
                                                                                        "Plan Rows": 378525,
                                                                                        "Plan Width": 8,
                                                                                        "Actual Startup Time": 0.071,
                                                                                        "Actual Total Time": 1023.19,
                                                                                        "Actual Rows": 283475,
                                                                                        "Actual Loops": 5,
                                                                                        "Output": [
                                                                                            "mi.movie_id",
                                                                                            "mi.info_type_id"
                                                                                        ],
                                                                                        "Filter": "(mi.info = ANY ('{Bulgaria,Denmark,American,Norway,English,Norwegian,Danish,USA,Germany,USA}'::text[]))",
                                                                                        "Rows Removed by Filter": 2683669,
                                                                                        "Workers": [
                                                                                            {
                                                                                                "Worker Number": 0,
                                                                                                "Actual Startup Time": 0.09,
                                                                                                "Actual Total Time": 1025.938,
                                                                                                "Actual Rows": 256936,
                                                                                                "Actual Loops": 1
                                                                                            },
                                                                                            {
                                                                                                "Worker Number": 1,
                                                                                                "Actual Startup Time": 0.096,
                                                                                                "Actual Total Time": 1026.055,
                                                                                                "Actual Rows": 247956,
                                                                                                "Actual Loops": 1
                                                                                            },
                                                                                            {
                                                                                                "Worker Number": 2,
                                                                                                "Actual Startup Time": 0.076,
                                                                                                "Actual Total Time": 1025.779,
                                                                                                "Actual Rows": 257440,
                                                                                                "Actual Loops": 1
                                                                                            },
                                                                                            {
                                                                                                "Worker Number": 3,
                                                                                                "Actual Startup Time": 0.074,
                                                                                                "Actual Total Time": 1025.987,
                                                                                                "Actual Rows": 251412,
                                                                                                "Actual Loops": 1
                                                                                            }
                                                                                        ]
                                                                                    }
                                                                                ]
                                                                            }
                                                                        ]
                                                                    }
                                                                ]
                                                            }
                                                        ]
                                                    }
                                                ]
                                            }
                                        ]
                                    },
                                    {
                                        "Node Type": "Index Scan",
                                        "Parent Relationship": "Inner",
                                        "Parallel Aware": false,
                                        "Scan Direction": "Forward",
                                        "Index Name": "info_type_pkey",
                                        "Relation Name": "info_type",
                                        "Schema": "public",
                                        "Alias": "it2",
                                        "Startup Cost": 0.14,
                                        "Total Cost": 14.12,
                                        "Plan Rows": 1,
                                        "Plan Width": 4,
                                        "Actual Startup Time": 0.025,
                                        "Actual Total Time": 0.026,
                                        "Actual Rows": 1,
                                        "Actual Loops": 1,
                                        "Output": [
                                            "it2.id",
                                            "it2.info"
                                        ],
                                        "Filter": "((it2.info)::text = 'rating'::text)",
                                        "Rows Removed by Filter": 100
                                    }
                                ]
                            },
                            {
                                "Node Type": "Hash",
                                "Parent Relationship": "Inner",
                                "Parallel Aware": false,
                                "Startup Cost": 10000002626.12,
                                "Total Cost": 10000002626.12,
                                "Plan Rows": 2,
                                "Plan Width": 4,
                                "Actual Startup Time": 27.667,
                                "Actual Total Time": 27.669,
                                "Actual Rows": 2,
                                "Actual Loops": 1,
                                "Output": [
                                    "k.id"
                                ],
                                "Hash Buckets": 1024,
                                "Original Hash Buckets": 1024,
                                "Hash Batches": 1,
                                "Original Hash Batches": 1,
                                "Peak Memory Usage": 9,
                                "Plans": [
                                    {
                                        "Node Type": "Seq Scan",
                                        "Parent Relationship": "Outer",
                                        "Parallel Aware": false,
                                        "Relation Name": "keyword",
                                        "Schema": "public",
                                        "Alias": "k",
                                        "Startup Cost": 10000000000.0,
                                        "Total Cost": 10000002626.12,
                                        "Plan Rows": 2,
                                        "Plan Width": 4,
                                        "Actual Startup Time": 1.035,
                                        "Actual Total Time": 27.659,
                                        "Actual Rows": 2,
                                        "Actual Loops": 1,
                                        "Output": [
                                            "k.id"
                                        ],
                                        "Filter": "(k.keyword = ANY ('{marvel-cinematic-universe,woman-smoker}'::text[]))",
                                        "Rows Removed by Filter": 134168
                                    }
                                ]
                            }
                        ]
                    },
                    {
                        "Node Type": "Bitmap Heap Scan",
                        "Parent Relationship": "Inner",
                        "Parallel Aware": false,
                        "Relation Name": "info_type",
                        "Schema": "public",
                        "Alias": "it1",
                        "Startup Cost": 0.15,
                        "Total Cost": 4.17,
                        "Plan Rows": 1,
                        "Plan Width": 4,
                        "Actual Startup Time": 0.004,
                        "Actual Total Time": 0.004,
                        "Actual Rows": 0,
                        "Actual Loops": 4,
                        "Output": [
                            "it1.id",
                            "it1.info"
                        ],
                        "Recheck Cond": "(it1.id = mi.info_type_id)",
                        "Rows Removed by Index Recheck": 0,
                        "Filter": "((it1.info)::text = 'countries'::text)",
                        "Rows Removed by Filter": 0,
                        "Exact Heap Blocks": 4,
                        "Lossy Heap Blocks": 0,
                        "Plans": [
                            {
                                "Node Type": "Bitmap Index Scan",
                                "Parent Relationship": "Outer",
                                "Parallel Aware": false,
                                "Index Name": "info_type_pkey",
                                "Startup Cost": 0.0,
                                "Total Cost": 0.15,
                                "Plan Rows": 1,
                                "Plan Width": 0,
                                "Actual Startup Time": 0.002,
                                "Actual Total Time": 0.002,
                                "Actual Rows": 1,
                                "Actual Loops": 4,
                                "Index Cond": "(it1.id = mi.info_type_id)"
                            }
                        ]
                    }
                ]
            }
        ]
    },
    "Planning Time": 6.861,
    "Triggers": [],
    "Execution Time": 1820.596
}