[
  {
    "Plan": {
      "Node Type": "Aggregate",
      "Strategy": "Plain",
      "Partial Mode": "Finalize",
      "Parallel Aware": false,
      "Startup Cost": 343652.45,
      "Total Cost": 343652.46,
      "Plan Rows": 1,
      "Plan Width": 8,
      "Actual Startup Time": 1025.171,
      "Actual Total Time": 1077.224,
      "Actual Rows": 1,
      "Actual Loops": 1,
      "Plans": [
        {
          "Node Type": "Gather",
          "Parent Relationship": "Outer",
          "Parallel Aware": false,
          "Startup Cost": 343651.83,
          "Total Cost": 343652.44,
          "Plan Rows": 6,
          "Plan Width": 8,
          "Actual Startup Time": 1024.939,
          "Actual Total Time": 1077.205,
          "Actual Rows": 7,
          "Actual Loops": 1,
          "Workers Planned": 6,
          "Workers Launched": 6,
          "Single Copy": false,
          "Plans": [
            {
              "Node Type": "Aggregate",
              "Strategy": "Plain",
              "Partial Mode": "Partial",
              "Parent Relationship": "Outer",
              "Parallel Aware": false,
              "Startup Cost": 342651.83,
              "Total Cost": 342651.84,
              "Plan Rows": 1,
              "Plan Width": 8,
              "Actual Startup Time": 1016.038,
              "Actual Total Time": 1016.04,
              "Actual Rows": 1,
              "Actual Loops": 7,
              "Plans": [
                {
                  "Node Type": "Seq Scan",
                  "Parent Relationship": "Outer",
                  "Parallel Aware": true,
                  "Relation Name": "cast_info",
                  "Alias": "ci",
                  "Startup Cost": 0.0,
                  "Total Cost": 328211.39,
                  "Plan Rows": 5776175,
                  "Plan Width": 0,
                  "Actual Startup Time": 0.058,
                  "Actual Total Time": 738.541,
                  "Actual Rows": 4962194,
                  "Actual Loops": 7,
                  "Filter": "(person_id < 3764608)",
                  "Rows Removed by Filter": 215569
                }
              ]
            }
          ]
        }
      ]
    },
    "Planning Time": 0.084,
    "Triggers": [],
    "Execution Time": 1077.271
  }
]