{
    "Plan": {
        "Node Type": "Aggregate",
        "Strategy": "Plain",
        "Partial Mode": "Finalize",
        "Parallel Aware": false,
        "Startup Cost": 45381.31,
        "Total Cost": 45381.32,
        "Plan Rows": 1,
        "Plan Width": 64,
        "Actual Startup Time": 5573.751,
        "Actual Total Time": 5604.074,
        "Actual Rows": 1,
        "Actual Loops": 1,
        "Output": [
            "min(mi.info)",
            "min(t.title)"
        ],
        "Plans": [
            {
                "Node Type": "Gather",
                "Parent Relationship": "Outer",
                "Parallel Aware": false,
                "Startup Cost": 45380.98,
                "Total Cost": 45381.29,
                "Plan Rows": 3,
                "Plan Width": 64,
                "Actual Startup Time": 5572.812,
                "Actual Total Time": 5604.044,
                "Actual Rows": 4,
                "Actual Loops": 1,
                "Output": [
                    "(PARTIAL min(mi.info))",
                    "(PARTIAL min(t.title))"
                ],
                "Workers Planned": 3,
                "Workers Launched": 3,
                "Single Copy": false,
                "Plans": [
                    {
                        "Node Type": "Aggregate",
                        "Strategy": "Plain",
                        "Partial Mode": "Partial",
                        "Parent Relationship": "Outer",
                        "Parallel Aware": false,
                        "Startup Cost": 44380.98,
                        "Total Cost": 44380.99,
                        "Plan Rows": 1,
                        "Plan Width": 64,
                        "Actual Startup Time": 5561.648,
                        "Actual Total Time": 5561.658,
                        "Actual Rows": 1,
                        "Actual Loops": 4,
                        "Output": [
                            "PARTIAL min(mi.info)",
                            "PARTIAL min(t.title)"
                        ],
                        "Workers": [
                            {
                                "Worker Number": 0,
                                "Actual Startup Time": 5557.565,
                                "Actual Total Time": 5557.576,
                                "Actual Rows": 1,
                                "Actual Loops": 1
                            },
                            {
                                "Worker Number": 1,
                                "Actual Startup Time": 5558.115,
                                "Actual Total Time": 5558.122,
                                "Actual Rows": 1,
                                "Actual Loops": 1
                            },
                            {
                                "Worker Number": 2,
                                "Actual Startup Time": 5558.925,
                                "Actual Total Time": 5558.94,
                                "Actual Rows": 1,
                                "Actual Loops": 1
                            }
                        ],
                        "Plans": [
                            {
                                "Node Type": "Nested Loop",
                                "Parent Relationship": "Outer",
                                "Parallel Aware": false,
                                "Join Type": "Inner",
                                "Startup Cost": 5345.19,
                                "Total Cost": 44380.96,
                                "Plan Rows": 5,
                                "Plan Width": 60,
                                "Actual Startup Time": 1484.211,
                                "Actual Total Time": 5561.535,
                                "Actual Rows": 82,
                                "Actual Loops": 4,
                                "Output": [
                                    "mi.info",
                                    "t.title"
                                ],
                                "Inner Unique": true,
                                "Workers": [
                                    {
                                        "Worker Number": 0,
                                        "Actual Startup Time": 1326.14,
                                        "Actual Total Time": 5557.514,
                                        "Actual Rows": 16,
                                        "Actual Loops": 1
                                    },
                                    {
                                        "Worker Number": 1,
                                        "Actual Startup Time": 1099.525,
                                        "Actual Total Time": 5558.003,
                                        "Actual Rows": 48,
                                        "Actual Loops": 1
                                    },
                                    {
                                        "Worker Number": 2,
                                        "Actual Startup Time": 264.118,
                                        "Actual Total Time": 5558.713,
                                        "Actual Rows": 210,
                                        "Actual Loops": 1
                                    }
                                ],
                                "Plans": [
                                    {
                                        "Node Type": "Nested Loop",
                                        "Parent Relationship": "Outer",
                                        "Parallel Aware": false,
                                        "Join Type": "Inner",
                                        "Startup Cost": 5344.77,
                                        "Total Cost": 44378.76,
                                        "Plan Rows": 5,
                                        "Plan Width": 64,
                                        "Actual Startup Time": 1483.763,
                                        "Actual Total Time": 5428.424,
                                        "Actual Rows": 82,
                                        "Actual Loops": 4,
                                        "Output": [
                                            "mi.info",
                                            "mk.keyword_id",
                                            "t.title"
                                        ],
                                        "Inner Unique": false,
                                        "Workers": [
                                            {
                                                "Worker Number": 0,
                                                "Actual Startup Time": 1325.815,
                                                "Actual Total Time": 5554.345,
                                                "Actual Rows": 16,
                                                "Actual Loops": 1
                                            },
                                            {
                                                "Worker Number": 1,
                                                "Actual Startup Time": 1098.849,
                                                "Actual Total Time": 5312.431,
                                                "Actual Rows": 48,
                                                "Actual Loops": 1
                                            },
                                            {
                                                "Worker Number": 2,
                                                "Actual Startup Time": 263.43,
                                                "Actual Total Time": 5356.178,
                                                "Actual Rows": 210,
                                                "Actual Loops": 1
                                            }
                                        ],
                                        "Plans": [
                                            {
                                                "Node Type": "Nested Loop",
                                                "Parent Relationship": "Outer",
                                                "Parallel Aware": false,
                                                "Join Type": "Inner",
                                                "Startup Cost": 5344.34,
                                                "Total Cost": 44376.93,
                                                "Plan Rows": 1,
                                                "Plan Width": 76,
                                                "Actual Startup Time": 684.472,
                                                "Actual Total Time": 5174.314,
                                                "Actual Rows": 14,
                                                "Actual Loops": 4,
                                                "Output": [
                                                    "at.movie_id",
                                                    "mc.movie_id",
                                                    "mi.info",
                                                    "mi.movie_id",
                                                    "t.title",
                                                    "t.id"
                                                ],
                                                "Inner Unique": true,
                                                "Workers": [
                                                    {
                                                        "Worker Number": 0,
                                                        "Actual Startup Time": 1228.615,
                                                        "Actual Total Time": 5266.557,
                                                        "Actual Rows": 8,
                                                        "Actual Loops": 1
                                                    },
                                                    {
                                                        "Worker Number": 1,
                                                        "Actual Startup Time": 1075.3,
                                                        "Actual Total Time": 5024.049,
                                                        "Actual Rows": 21,
                                                        "Actual Loops": 1
                                                    },
                                                    {
                                                        "Worker Number": 2,
                                                        "Actual Startup Time": 232.227,
                                                        "Actual Total Time": 5142.42,
                                                        "Actual Rows": 10,
                                                        "Actual Loops": 1
                                                    }
                                                ],
                                                "Plans": [
                                                    {
                                                        "Node Type": "Nested Loop",
                                                        "Parent Relationship": "Outer",
                                                        "Parallel Aware": false,
                                                        "Join Type": "Inner",
                                                        "Startup Cost": 5344.2,
                                                        "Total Cost": 44376.66,
                                                        "Plan Rows": 1,
                                                        "Plan Width": 80,
                                                        "Actual Startup Time": 684.389,
                                                        "Actual Total Time": 5174.072,
                                                        "Actual Rows": 14,
                                                        "Actual Loops": 4,
                                                        "Output": [
                                                            "at.movie_id",
                                                            "mc.movie_id",
                                                            "mi.info",
                                                            "mi.movie_id",
                                                            "mi.info_type_id",
                                                            "t.title",
                                                            "t.id"
                                                        ],
                                                        "Inner Unique": true,
                                                        "Workers": [
                                                            {
                                                                "Worker Number": 0,
                                                                "Actual Startup Time": 1228.552,
                                                                "Actual Total Time": 5266.39,
                                                                "Actual Rows": 8,
                                                                "Actual Loops": 1
                                                            },
                                                            {
                                                                "Worker Number": 1,
                                                                "Actual Startup Time": 1075.206,
                                                                "Actual Total Time": 5023.763,
                                                                "Actual Rows": 21,
                                                                "Actual Loops": 1
                                                            },
                                                            {
                                                                "Worker Number": 2,
                                                                "Actual Startup Time": 232.121,
                                                                "Actual Total Time": 5142.202,
                                                                "Actual Rows": 10,
                                                                "Actual Loops": 1
                                                            }
                                                        ],
                                                        "Plans": [
                                                            {
                                                                "Node Type": "Nested Loop",
                                                                "Parent Relationship": "Outer",
                                                                "Parallel Aware": false,
                                                                "Join Type": "Inner",
                                                                "Startup Cost": 5344.07,
                                                                "Total Cost": 44376.5,
                                                                "Plan Rows": 1,
                                                                "Plan Width": 84,
                                                                "Actual Startup Time": 684.195,
                                                                "Actual Total Time": 5173.733,
                                                                "Actual Rows": 14,
                                                                "Actual Loops": 4,
                                                                "Output": [
                                                                    "at.movie_id",
                                                                    "mc.movie_id",
                                                                    "mc.company_type_id",
                                                                    "mi.info",
                                                                    "mi.movie_id",
                                                                    "mi.info_type_id",
                                                                    "t.title",
                                                                    "t.id"
                                                                ],
                                                                "Inner Unique": false,
                                                                "Workers": [
                                                                    {
                                                                        "Worker Number": 0,
                                                                        "Actual Startup Time": 1228.398,
                                                                        "Actual Total Time": 5266.124,
                                                                        "Actual Rows": 8,
                                                                        "Actual Loops": 1
                                                                    },
                                                                    {
                                                                        "Worker Number": 1,
                                                                        "Actual Startup Time": 1074.958,
                                                                        "Actual Total Time": 5023.32,
                                                                        "Actual Rows": 21,
                                                                        "Actual Loops": 1
                                                                    },
                                                                    {
                                                                        "Worker Number": 2,
                                                                        "Actual Startup Time": 231.886,
                                                                        "Actual Total Time": 5141.852,
                                                                        "Actual Rows": 10,
                                                                        "Actual Loops": 1
                                                                    }
                                                                ],
                                                                "Plans": [
                                                                    {
                                                                        "Node Type": "Nested Loop",
                                                                        "Parent Relationship": "Outer",
                                                                        "Parallel Aware": false,
                                                                        "Join Type": "Inner",
                                                                        "Startup Cost": 5343.63,
                                                                        "Total Cost": 42731.28,
                                                                        "Plan Rows": 844,
                                                                        "Plan Width": 33,
                                                                        "Actual Startup Time": 60.127,
                                                                        "Actual Total Time": 4173.254,
                                                                        "Actual Rows": 1284,
                                                                        "Actual Loops": 4,
                                                                        "Output": [
                                                                            "at.movie_id",
                                                                            "mc.movie_id",
                                                                            "mc.company_type_id",
                                                                            "t.title",
                                                                            "t.id"
                                                                        ],
                                                                        "Inner Unique": true,
                                                                        "Workers": [
                                                                            {
                                                                                "Worker Number": 0,
                                                                                "Actual Startup Time": 62.081,
                                                                                "Actual Total Time": 4198.569,
                                                                                "Actual Rows": 1322,
                                                                                "Actual Loops": 1
                                                                            },
                                                                            {
                                                                                "Worker Number": 1,
                                                                                "Actual Startup Time": 31.509,
                                                                                "Actual Total Time": 4075.886,
                                                                                "Actual Rows": 1085,
                                                                                "Actual Loops": 1
                                                                            },
                                                                            {
                                                                                "Worker Number": 2,
                                                                                "Actual Startup Time": 70.682,
                                                                                "Actual Total Time": 4184.497,
                                                                                "Actual Rows": 1225,
                                                                                "Actual Loops": 1
                                                                            }
                                                                        ],
                                                                        "Plans": [
                                                                            {
                                                                                "Node Type": "Nested Loop",
                                                                                "Parent Relationship": "Outer",
                                                                                "Parallel Aware": false,
                                                                                "Join Type": "Inner",
                                                                                "Startup Cost": 5343.2,
                                                                                "Total Cost": 41265.71,
                                                                                "Plan Rows": 1546,
                                                                                "Plan Width": 12,
                                                                                "Actual Startup Time": 59.595,
                                                                                "Actual Total Time": 4111.047,
                                                                                "Actual Rows": 3425,
                                                                                "Actual Loops": 4,
                                                                                "Output": [
                                                                                    "at.movie_id",
                                                                                    "mc.movie_id",
                                                                                    "mc.company_type_id"
                                                                                ],
                                                                                "Inner Unique": false,
                                                                                "Workers": [
                                                                                    {
                                                                                        "Worker Number": 0,
                                                                                        "Actual Startup Time": 60.395,
                                                                                        "Actual Total Time": 4128.31,
                                                                                        "Actual Rows": 3569,
                                                                                        "Actual Loops": 1
                                                                                    },
                                                                                    {
                                                                                        "Worker Number": 1,
                                                                                        "Actual Startup Time": 31.38,
                                                                                        "Actual Total Time": 4011.323,
                                                                                        "Actual Rows": 3097,
                                                                                        "Actual Loops": 1
                                                                                    },
                                                                                    {
                                                                                        "Worker Number": 2,
                                                                                        "Actual Startup Time": 70.43,
                                                                                        "Actual Total Time": 4113.11,
                                                                                        "Actual Rows": 3324,
                                                                                        "Actual Loops": 1
                                                                                    }
                                                                                ],
                                                                                "Plans": [
                                                                                    {
                                                                                        "Node Type": "Hash Join",
                                                                                        "Parent Relationship": "Outer",
                                                                                        "Parallel Aware": true,
                                                                                        "Join Type": "Inner",
                                                                                        "Startup Cost": 5342.78,
                                                                                        "Total Cost": 36772.75,
                                                                                        "Plan Rows": 2070,
                                                                                        "Plan Width": 8,
                                                                                        "Actual Startup Time": 30.988,
                                                                                        "Actual Total Time": 301.108,
                                                                                        "Actual Rows": 10959,
                                                                                        "Actual Loops": 4,
                                                                                        "Output": [
                                                                                            "mc.movie_id",
                                                                                            "mc.company_type_id"
                                                                                        ],
                                                                                        "Inner Unique": true,
                                                                                        "Hash Cond": "(mc.company_id = cn.id)",
                                                                                        "Workers": [
                                                                                            {
                                                                                                "Worker Number": 0,
                                                                                                "Actual Startup Time": 27.051,
                                                                                                "Actual Total Time": 314.18,
                                                                                                "Actual Rows": 11682,
                                                                                                "Actual Loops": 1
                                                                                            },
                                                                                            {
                                                                                                "Worker Number": 1,
                                                                                                "Actual Startup Time": 27.577,
                                                                                                "Actual Total Time": 288.143,
                                                                                                "Actual Rows": 8188,
                                                                                                "Actual Loops": 1
                                                                                            },
                                                                                            {
                                                                                                "Worker Number": 2,
                                                                                                "Actual Startup Time": 28.006,
                                                                                                "Actual Total Time": 266.434,
                                                                                                "Actual Rows": 10144,
                                                                                                "Actual Loops": 1
                                                                                            }
                                                                                        ],
                                                                                        "Plans": [
                                                                                            {
                                                                                                "Node Type": "Seq Scan",
                                                                                                "Parent Relationship": "Outer",
                                                                                                "Parallel Aware": true,
                                                                                                "Relation Name": "movie_companies",
                                                                                                "Schema": "public",
                                                                                                "Alias": "mc",
                                                                                                "Startup Cost": 0.0,
                                                                                                "Total Cost": 31414.82,
                                                                                                "Plan Rows": 5771,
                                                                                                "Plan Width": 12,
                                                                                                "Actual Startup Time": 0.034,
                                                                                                "Actual Total Time": 252.312,
                                                                                                "Actual Rows": 15416,
                                                                                                "Actual Loops": 4,
                                                                                                "Output": [
                                                                                                    "mc.id",
                                                                                                    "mc.movie_id",
                                                                                                    "mc.company_id",
                                                                                                    "mc.company_type_id",
                                                                                                    "mc.note"
                                                                                                ],
                                                                                                "Filter": "((mc.note ~~ '%(200%)%'::text) AND (mc.note ~~ '%(worldwide)%'::text))",
                                                                                                "Rows Removed by Filter": 636866,
                                                                                                "Workers": [
                                                                                                    {
                                                                                                        "Worker Number": 0,
                                                                                                        "Actual Startup Time": 0.059,
                                                                                                        "Actual Total Time": 268.118,
                                                                                                        "Actual Rows": 16156,
                                                                                                        "Actual Loops": 1
                                                                                                    },
                                                                                                    {
                                                                                                        "Worker Number": 1,
                                                                                                        "Actual Startup Time": 0.039,
                                                                                                        "Actual Total Time": 245.905,
                                                                                                        "Actual Rows": 12040,
                                                                                                        "Actual Loops": 1
                                                                                                    },
                                                                                                    {
                                                                                                        "Worker Number": 2,
                                                                                                        "Actual Startup Time": 0.025,
                                                                                                        "Actual Total Time": 220.082,
                                                                                                        "Actual Rows": 14796,
                                                                                                        "Actual Loops": 1
                                                                                                    }
                                                                                                ]
                                                                                            },
                                                                                            {
                                                                                                "Node Type": "Hash",
                                                                                                "Parent Relationship": "Inner",
                                                                                                "Parallel Aware": true,
                                                                                                "Startup Cost": 4722.92,
                                                                                                "Total Cost": 4722.92,
                                                                                                "Plan Rows": 49589,
                                                                                                "Plan Width": 4,
                                                                                                "Actual Startup Time": 29.614,
                                                                                                "Actual Total Time": 29.616,
                                                                                                "Actual Rows": 21211,
                                                                                                "Actual Loops": 4,
                                                                                                "Output": [
                                                                                                    "cn.id"
                                                                                                ],
                                                                                                "Hash Buckets": 131072,
                                                                                                "Original Hash Buckets": 131072,
                                                                                                "Hash Batches": 1,
                                                                                                "Original Hash Batches": 1,
                                                                                                "Peak Memory Usage": 4448,
                                                                                                "Workers": [
                                                                                                    {
                                                                                                        "Worker Number": 0,
                                                                                                        "Actual Startup Time": 26.375,
                                                                                                        "Actual Total Time": 26.376,
                                                                                                        "Actual Rows": 12285,
                                                                                                        "Actual Loops": 1
                                                                                                    },
                                                                                                    {
                                                                                                        "Worker Number": 1,
                                                                                                        "Actual Startup Time": 26.995,
                                                                                                        "Actual Total Time": 26.996,
                                                                                                        "Actual Rows": 13964,
                                                                                                        "Actual Loops": 1
                                                                                                    },
                                                                                                    {
                                                                                                        "Worker Number": 2,
                                                                                                        "Actual Startup Time": 27.574,
                                                                                                        "Actual Total Time": 27.576,
                                                                                                        "Actual Rows": 14308,
                                                                                                        "Actual Loops": 1
                                                                                                    }
                                                                                                ],
                                                                                                "Plans": [
                                                                                                    {
                                                                                                        "Node Type": "Seq Scan",
                                                                                                        "Parent Relationship": "Outer",
                                                                                                        "Parallel Aware": true,
                                                                                                        "Relation Name": "company_name",
                                                                                                        "Schema": "public",
                                                                                                        "Alias": "cn",
                                                                                                        "Startup Cost": 0.0,
                                                                                                        "Total Cost": 4722.92,
                                                                                                        "Plan Rows": 49589,
                                                                                                        "Plan Width": 4,
                                                                                                        "Actual Startup Time": 0.05,
                                                                                                        "Actual Total Time": 16.852,
                                                                                                        "Actual Rows": 21211,
                                                                                                        "Actual Loops": 4,
                                                                                                        "Output": [
                                                                                                            "cn.id"
                                                                                                        ],
                                                                                                        "Filter": "((cn.country_code)::text = '[us]'::text)",
                                                                                                        "Rows Removed by Filter": 37538,
                                                                                                        "Workers": [
                                                                                                            {
                                                                                                                "Worker Number": 0,
                                                                                                                "Actual Startup Time": 0.072,
                                                                                                                "Actual Total Time": 14.844,
                                                                                                                "Actual Rows": 12285,
                                                                                                                "Actual Loops": 1
                                                                                                            },
                                                                                                            {
                                                                                                                "Worker Number": 1,
                                                                                                                "Actual Startup Time": 0.056,
                                                                                                                "Actual Total Time": 15.666,
                                                                                                                "Actual Rows": 13964,
                                                                                                                "Actual Loops": 1
                                                                                                            },
                                                                                                            {
                                                                                                                "Worker Number": 2,
                                                                                                                "Actual Startup Time": 0.058,
                                                                                                                "Actual Total Time": 16.341,
                                                                                                                "Actual Rows": 14308,
                                                                                                                "Actual Loops": 1
                                                                                                            }
                                                                                                        ]
                                                                                                    }
                                                                                                ]
                                                                                            }
                                                                                        ]
                                                                                    },
                                                                                    {
                                                                                        "Node Type": "Index Only Scan",
                                                                                        "Parent Relationship": "Inner",
                                                                                        "Parallel Aware": false,
                                                                                        "Scan Direction": "Forward",
                                                                                        "Index Name": "movie_id_aka_title",
                                                                                        "Relation Name": "aka_title",
                                                                                        "Schema": "public",
                                                                                        "Alias": "at",
                                                                                        "Startup Cost": 0.42,
                                                                                        "Total Cost": 2.14,
                                                                                        "Plan Rows": 3,
                                                                                        "Plan Width": 4,
                                                                                        "Actual Startup Time": 0.202,
                                                                                        "Actual Total Time": 0.347,
                                                                                        "Actual Rows": 0,
                                                                                        "Actual Loops": 43837,
                                                                                        "Output": [
                                                                                            "at.movie_id"
                                                                                        ],
                                                                                        "Index Cond": "(at.movie_id = mc.movie_id)",
                                                                                        "Rows Removed by Index Recheck": 0,
                                                                                        "Heap Fetches": 13699,
                                                                                        "Workers": [
                                                                                            {
                                                                                                "Worker Number": 0,
                                                                                                "Actual Startup Time": 0.198,
                                                                                                "Actual Total Time": 0.325,
                                                                                                "Actual Rows": 0,
                                                                                                "Actual Loops": 11682
                                                                                            },
                                                                                            {
                                                                                                "Worker Number": 1,
                                                                                                "Actual Startup Time": 0.274,
                                                                                                "Actual Total Time": 0.453,
                                                                                                "Actual Rows": 0,
                                                                                                "Actual Loops": 8188
                                                                                            },
                                                                                            {
                                                                                                "Worker Number": 2,
                                                                                                "Actual Startup Time": 0.209,
                                                                                                "Actual Total Time": 0.378,
                                                                                                "Actual Rows": 0,
                                                                                                "Actual Loops": 10144
                                                                                            }
                                                                                        ]
                                                                                    }
                                                                                ]
                                                                            },
                                                                            {
                                                                                "Node Type": "Index Scan",
                                                                                "Parent Relationship": "Inner",
                                                                                "Parallel Aware": false,
                                                                                "Scan Direction": "Forward",
                                                                                "Index Name": "title_pkey",
                                                                                "Relation Name": "title",
                                                                                "Schema": "public",
                                                                                "Alias": "t",
                                                                                "Startup Cost": 0.43,
                                                                                "Total Cost": 0.95,
                                                                                "Plan Rows": 1,
                                                                                "Plan Width": 21,
                                                                                "Actual Startup Time": 0.016,
                                                                                "Actual Total Time": 0.016,
                                                                                "Actual Rows": 0,
                                                                                "Actual Loops": 13699,
                                                                                "Output": [
                                                                                    "t.id",
                                                                                    "t.title",
                                                                                    "t.imdb_index",
                                                                                    "t.kind_id",
                                                                                    "t.production_year",
                                                                                    "t.imdb_id",
                                                                                    "t.phonetic_code",
                                                                                    "t.episode_of_id",
                                                                                    "t.season_nr",
                                                                                    "t.episode_nr",
                                                                                    "t.series_years",
                                                                                    "t.md5sum"
                                                                                ],
                                                                                "Index Cond": "(t.id = at.movie_id)",
                                                                                "Rows Removed by Index Recheck": 0,
                                                                                "Filter": "(t.production_year > 2000)",
                                                                                "Rows Removed by Filter": 1,
                                                                                "Workers": [
                                                                                    {
                                                                                        "Worker Number": 0,
                                                                                        "Actual Startup Time": 0.018,
                                                                                        "Actual Total Time": 0.018,
                                                                                        "Actual Rows": 0,
                                                                                        "Actual Loops": 3569
                                                                                    },
                                                                                    {
                                                                                        "Worker Number": 1,
                                                                                        "Actual Startup Time": 0.019,
                                                                                        "Actual Total Time": 0.019,
                                                                                        "Actual Rows": 0,
                                                                                        "Actual Loops": 3097
                                                                                    },
                                                                                    {
                                                                                        "Worker Number": 2,
                                                                                        "Actual Startup Time": 0.019,
                                                                                        "Actual Total Time": 0.019,
                                                                                        "Actual Rows": 0,
                                                                                        "Actual Loops": 3324
                                                                                    }
                                                                                ]
                                                                            }
                                                                        ]
                                                                    },
                                                                    {
                                                                        "Node Type": "Index Scan",
                                                                        "Parent Relationship": "Inner",
                                                                        "Parallel Aware": false,
                                                                        "Scan Direction": "Forward",
                                                                        "Index Name": "movie_id_movie_info",
                                                                        "Relation Name": "movie_info",
                                                                        "Schema": "public",
                                                                        "Alias": "mi",
                                                                        "Startup Cost": 0.43,
                                                                        "Total Cost": 1.94,
                                                                        "Plan Rows": 1,
                                                                        "Plan Width": 51,
                                                                        "Actual Startup Time": 0.777,
                                                                        "Actual Total Time": 0.778,
                                                                        "Actual Rows": 0,
                                                                        "Actual Loops": 5134,
                                                                        "Output": [
                                                                            "mi.id",
                                                                            "mi.movie_id",
                                                                            "mi.info_type_id",
                                                                            "mi.info",
                                                                            "mi.note"
                                                                        ],
                                                                        "Index Cond": "(mi.movie_id = t.id)",
                                                                        "Rows Removed by Index Recheck": 0,
                                                                        "Filter": "((mi.note ~~ '%internet%'::text) AND (mi.info ~~ 'USA:% 200%'::text))",
                                                                        "Rows Removed by Filter": 72,
                                                                        "Workers": [
                                                                            {
                                                                                "Worker Number": 0,
                                                                                "Actual Startup Time": 0.805,
                                                                                "Actual Total Time": 0.806,
                                                                                "Actual Rows": 0,
                                                                                "Actual Loops": 1322
                                                                            },
                                                                            {
                                                                                "Worker Number": 1,
                                                                                "Actual Startup Time": 0.871,
                                                                                "Actual Total Time": 0.871,
                                                                                "Actual Rows": 0,
                                                                                "Actual Loops": 1085
                                                                            },
                                                                            {
                                                                                "Worker Number": 2,
                                                                                "Actual Startup Time": 0.779,
                                                                                "Actual Total Time": 0.78,
                                                                                "Actual Rows": 0,
                                                                                "Actual Loops": 1225
                                                                            }
                                                                        ]
                                                                    }
                                                                ]
                                                            },
                                                            {
                                                                "Node Type": "Index Only Scan",
                                                                "Parent Relationship": "Inner",
                                                                "Parallel Aware": false,
                                                                "Scan Direction": "Forward",
                                                                "Index Name": "company_type_pkey",
                                                                "Relation Name": "company_type",
                                                                "Schema": "public",
                                                                "Alias": "ct",
                                                                "Startup Cost": 0.13,
                                                                "Total Cost": 0.15,
                                                                "Plan Rows": 1,
                                                                "Plan Width": 4,
                                                                "Actual Startup Time": 0.019,
                                                                "Actual Total Time": 0.019,
                                                                "Actual Rows": 1,
                                                                "Actual Loops": 57,
                                                                "Output": [
                                                                    "ct.id"
                                                                ],
                                                                "Index Cond": "(ct.id = mc.company_type_id)",
                                                                "Rows Removed by Index Recheck": 0,
                                                                "Heap Fetches": 57,
                                                                "Workers": [
                                                                    {
                                                                        "Worker Number": 0,
                                                                        "Actual Startup Time": 0.027,
                                                                        "Actual Total Time": 0.027,
                                                                        "Actual Rows": 1,
                                                                        "Actual Loops": 8
                                                                    },
                                                                    {
                                                                        "Worker Number": 1,
                                                                        "Actual Startup Time": 0.017,
                                                                        "Actual Total Time": 0.017,
                                                                        "Actual Rows": 1,
                                                                        "Actual Loops": 21
                                                                    },
                                                                    {
                                                                        "Worker Number": 2,
                                                                        "Actual Startup Time": 0.03,
                                                                        "Actual Total Time": 0.03,
                                                                        "Actual Rows": 1,
                                                                        "Actual Loops": 10
                                                                    }
                                                                ]
                                                            }
                                                        ]
                                                    },
                                                    {
                                                        "Node Type": "Index Scan",
                                                        "Parent Relationship": "Inner",
                                                        "Parallel Aware": false,
                                                        "Scan Direction": "Forward",
                                                        "Index Name": "info_type_pkey",
                                                        "Relation Name": "info_type",
                                                        "Schema": "public",
                                                        "Alias": "it1",
                                                        "Startup Cost": 0.14,
                                                        "Total Cost": 0.21,
                                                        "Plan Rows": 1,
                                                        "Plan Width": 4,
                                                        "Actual Startup Time": 0.012,
                                                        "Actual Total Time": 0.013,
                                                        "Actual Rows": 1,
                                                        "Actual Loops": 57,
                                                        "Output": [
                                                            "it1.id",
                                                            "it1.info"
                                                        ],
                                                        "Index Cond": "(it1.id = mi.info_type_id)",
                                                        "Rows Removed by Index Recheck": 0,
                                                        "Filter": "((it1.info)::text = 'release dates'::text)",
                                                        "Rows Removed by Filter": 0,
                                                        "Workers": [
                                                            {
                                                                "Worker Number": 0,
                                                                "Actual Startup Time": 0.016,
                                                                "Actual Total Time": 0.016,
                                                                "Actual Rows": 1,
                                                                "Actual Loops": 8
                                                            },
                                                            {
                                                                "Worker Number": 1,
                                                                "Actual Startup Time": 0.01,
                                                                "Actual Total Time": 0.01,
                                                                "Actual Rows": 1,
                                                                "Actual Loops": 21
                                                            },
                                                            {
                                                                "Worker Number": 2,
                                                                "Actual Startup Time": 0.017,
                                                                "Actual Total Time": 0.017,
                                                                "Actual Rows": 1,
                                                                "Actual Loops": 10
                                                            }
                                                        ]
                                                    }
                                                ]
                                            },
                                            {
                                                "Node Type": "Index Scan",
                                                "Parent Relationship": "Inner",
                                                "Parallel Aware": false,
                                                "Scan Direction": "Forward",
                                                "Index Name": "movie_id_movie_keyword",
                                                "Relation Name": "movie_keyword",
                                                "Schema": "public",
                                                "Alias": "mk",
                                                "Startup Cost": 0.43,
                                                "Total Cost": 1.37,
                                                "Plan Rows": 46,
                                                "Plan Width": 8,
                                                "Actual Startup Time": 17.819,
                                                "Actual Total Time": 17.825,
                                                "Actual Rows": 6,
                                                "Actual Loops": 57,
                                                "Output": [
                                                    "mk.id",
                                                    "mk.movie_id",
                                                    "mk.keyword_id"
                                                ],
                                                "Index Cond": "(mk.movie_id = t.id)",
                                                "Rows Removed by Index Recheck": 0,
                                                "Workers": [
                                                    {
                                                        "Worker Number": 0,
                                                        "Actual Startup Time": 35.965,
                                                        "Actual Total Time": 35.968,
                                                        "Actual Rows": 2,
                                                        "Actual Loops": 8
                                                    },
                                                    {
                                                        "Worker Number": 1,
                                                        "Actual Startup Time": 13.725,
                                                        "Actual Total Time": 13.728,
                                                        "Actual Rows": 2,
                                                        "Actual Loops": 21
                                                    },
                                                    {
                                                        "Worker Number": 2,
                                                        "Actual Startup Time": 21.345,
                                                        "Actual Total Time": 21.363,
                                                        "Actual Rows": 21,
                                                        "Actual Loops": 10
                                                    }
                                                ]
                                            }
                                        ]
                                    },
                                    {
                                        "Node Type": "Index Only Scan",
                                        "Parent Relationship": "Inner",
                                        "Parallel Aware": false,
                                        "Scan Direction": "Forward",
                                        "Index Name": "keyword_pkey",
                                        "Relation Name": "keyword",
                                        "Schema": "public",
                                        "Alias": "k",
                                        "Startup Cost": 0.42,
                                        "Total Cost": 0.44,
                                        "Plan Rows": 1,
                                        "Plan Width": 4,
                                        "Actual Startup Time": 1.621,
                                        "Actual Total Time": 1.621,
                                        "Actual Rows": 1,
                                        "Actual Loops": 328,
                                        "Output": [
                                            "k.id"
                                        ],
                                        "Index Cond": "(k.id = mk.keyword_id)",
                                        "Rows Removed by Index Recheck": 0,
                                        "Heap Fetches": 328,
                                        "Workers": [
                                            {
                                                "Worker Number": 0,
                                                "Actual Startup Time": 0.195,
                                                "Actual Total Time": 0.195,
                                                "Actual Rows": 1,
                                                "Actual Loops": 16
                                            },
                                            {
                                                "Worker Number": 1,
                                                "Actual Startup Time": 5.113,
                                                "Actual Total Time": 5.113,
                                                "Actual Rows": 1,
                                                "Actual Loops": 48
                                            },
                                            {
                                                "Worker Number": 2,
                                                "Actual Startup Time": 0.963,
                                                "Actual Total Time": 0.963,
                                                "Actual Rows": 1,
                                                "Actual Loops": 210
                                            }
                                        ]
                                    }
                                ]
                            }
                        ]
                    }
                ]
            }
        ]
    },
    "Planning Time": 87.978,
    "Triggers": [],
    "Execution Time": 5604.331
}