[
  {
    "Plan": {
      "Node Type": "Aggregate",
      "Strategy": "Plain",
      "Partial Mode": "Finalize",
      "Parallel Aware": false,
      "Startup Cost": 276130.38,
      "Total Cost": 276130.39,
      "Plan Rows": 1,
      "Plan Width": 8,
      "Actual Startup Time": 615.934,
      "Actual Total Time": 644.726,
      "Actual Rows": 1,
      "Actual Loops": 1,
      "Plans": [
        {
          "Node Type": "Gather",
          "Parent Relationship": "Outer",
          "Parallel Aware": false,
          "Startup Cost": 276129.96,
          "Total Cost": 276130.37,
          "Plan Rows": 4,
          "Plan Width": 8,
          "Actual Startup Time": 608.185,
          "Actual Total Time": 644.715,
          "Actual Rows": 5,
          "Actual Loops": 1,
          "Workers Planned": 4,
          "Workers Launched": 4,
          "Single Copy": false,
          "Plans": [
            {
              "Node Type": "Aggregate",
              "Strategy": "Plain",
              "Partial Mode": "Partial",
              "Parent Relationship": "Outer",
              "Parallel Aware": false,
              "Startup Cost": 275129.96,
              "Total Cost": 275129.97,
              "Plan Rows": 1,
              "Plan Width": 8,
              "Actual Startup Time": 597.233,
              "Actual Total Time": 597.237,
              "Actual Rows": 1,
              "Actual Loops": 5,
              "Plans": [
                {
                  "Node Type": "Nested Loop",
                  "Parent Relationship": "Outer",
                  "Parallel Aware": false,
                  "Join Type": "Inner",
                  "Startup Cost": 34062.3,
                  "Total Cost": 274268.74,
                  "Plan Rows": 344491,
                  "Plan Width": 0,
                  "Actual Startup Time": 141.415,
                  "Actual Total Time": 586.561,
                  "Actual Rows": 222034,
                  "Actual Loops": 5,
                  "Inner Unique": false,
                  "Plans": [
                    {
                      "Node Type": "Hash Join",
                      "Parent Relationship": "Outer",
                      "Parallel Aware": true,
                      "Join Type": "Inner",
                      "Startup Cost": 34061.87,
                      "Total Cost": 81516.25,
                      "Plan Rows": 87858,
                      "Plan Width": 8,
                      "Actual Startup Time": 141.341,
                      "Actual Total Time": 319.962,
                      "Actual Rows": 34682,
                      "Actual Loops": 5,
                      "Inner Unique": false,
                      "Hash Cond": "(t.id = mc.movie_id)",
                      "Plans": [
                        {
                          "Node Type": "Seq Scan",
                          "Parent Relationship": "Outer",
                          "Parallel Aware": true,
                          "Relation Name": "title",
                          "Alias": "t",
                          "Startup Cost": 0.0,
                          "Total Cost": 45479.1,
                          "Plan Rows": 338374,
                          "Plan Width": 4,
                          "Actual Startup Time": 0.012,
                          "Actual Total Time": 76.527,
                          "Actual Rows": 265556,
                          "Actual Loops": 5,
                          "Filter": "((production_year < 2012) AND (kind_id = 7))",
                          "Rows Removed by Filter": 240106
                        },
                        {
                          "Node Type": "Hash",
                          "Parent Relationship": "Inner",
                          "Parallel Aware": true,
                          "Startup Cost": 31414.82,
                          "Total Cost": 31414.82,
                          "Plan Rows": 211764,
                          "Plan Width": 4,
                          "Actual Startup Time": 137.17,
                          "Actual Total Time": 137.171,
                          "Actual Rows": 181305,
                          "Actual Loops": 5,
                          "Hash Buckets": 1048576,
                          "Original Hash Buckets": 1048576,
                          "Hash Batches": 1,
                          "Original Hash Batches": 1,
                          "Peak Memory Usage": 43776,
                          "Plans": [
                            {
                              "Node Type": "Seq Scan",
                              "Parent Relationship": "Outer",
                              "Parallel Aware": true,
                              "Relation Name": "movie_companies",
                              "Alias": "mc",
                              "Startup Cost": 0.0,
                              "Total Cost": 31414.82,
                              "Plan Rows": 211764,
                              "Plan Width": 4,
                              "Actual Startup Time": 44.733,
                              "Actual Total Time": 77.068,
                              "Actual Rows": 181305,
                              "Actual Loops": 5,
                              "Filter": "((company_id > 11339) AND (company_type_id > 1))",
                              "Rows Removed by Filter": 340521
                            }
                          ]
                        }
                      ]
                    },
                    {
                      "Node Type": "Index Scan",
                      "Parent Relationship": "Inner",
                      "Parallel Aware": false,
                      "Scan Direction": "Forward",
                      "Index Name": "movie_id_movie_info",
                      "Relation Name": "movie_info",
                      "Alias": "mi",
                      "Startup Cost": 0.43,
                      "Total Cost": 1.91,
                      "Plan Rows": 28,
                      "Plan Width": 4,
                      "Actual Startup Time": 0.003,
                      "Actual Total Time": 0.007,
                      "Actual Rows": 6,
                      "Actual Loops": 173411,
                      "Index Cond": "(movie_id = t.id)",
                      "Rows Removed by Index Recheck": 0,
                      "Filter": "(info_type_id > 4)",
                      "Rows Removed by Filter": 2
                    }
                  ]
                }
              ]
            }
          ]
        }
      ]
    },
    "Planning Time": 1.482,
    "Triggers": [],
    "Execution Time": 644.823
  }
]