[
  {
    "Plan": {
      "Node Type": "Aggregate",
      "Strategy": "Plain",
      "Partial Mode": "Finalize",
      "Parallel Aware": false,
      "Startup Cost": 17756.72,
      "Total Cost": 17756.73,
      "Plan Rows": 1,
      "Plan Width": 8,
      "Actual Startup Time": 12.809,
      "Actual Total Time": 15.275,
      "Actual Rows": 1,
      "Actual Loops": 1,
      "Plans": [
        {
          "Node Type": "Gather",
          "Parent Relationship": "Outer",
          "Parallel Aware": false,
          "Startup Cost": 17756.5,
          "Total Cost": 17756.71,
          "Plan Rows": 2,
          "Plan Width": 8,
          "Actual Startup Time": 12.698,
          "Actual Total Time": 15.267,
          "Actual Rows": 3,
          "Actual Loops": 1,
          "Workers Planned": 2,
          "Workers Launched": 2,
          "Single Copy": false,
          "Plans": [
            {
              "Node Type": "Aggregate",
              "Strategy": "Plain",
              "Partial Mode": "Partial",
              "Parent Relationship": "Outer",
              "Parallel Aware": false,
              "Startup Cost": 16756.5,
              "Total Cost": 16756.51,
              "Plan Rows": 1,
              "Plan Width": 8,
              "Actual Startup Time": 9.624,
              "Actual Total Time": 9.626,
              "Actual Rows": 1,
              "Actual Loops": 3,
              "Plans": [
                {
                  "Node Type": "Nested Loop",
                  "Parent Relationship": "Outer",
                  "Parallel Aware": false,
                  "Join Type": "Inner",
                  "Startup Cost": 85.8,
                  "Total Cost": 16754.46,
                  "Plan Rows": 818,
                  "Plan Width": 0,
                  "Actual Startup Time": 1.572,
                  "Actual Total Time": 9.55,
                  "Actual Rows": 594,
                  "Actual Loops": 3,
                  "Inner Unique": false,
                  "Plans": [
                    {
                      "Node Type": "Nested Loop",
                      "Parent Relationship": "Outer",
                      "Parallel Aware": false,
                      "Join Type": "Inner",
                      "Startup Cost": 85.37,
                      "Total Cost": 15455.46,
                      "Plan Rows": 762,
                      "Plan Width": 8,
                      "Actual Startup Time": 1.11,
                      "Actual Total Time": 7.176,
                      "Actual Rows": 113,
                      "Actual Loops": 3,
                      "Inner Unique": true,
                      "Plans": [
                        {
                          "Node Type": "Bitmap Heap Scan",
                          "Parent Relationship": "Outer",
                          "Parallel Aware": true,
                          "Relation Name": "movie_companies",
                          "Alias": "mc",
                          "Startup Cost": 84.94,
                          "Total Cost": 9373.62,
                          "Plan Rows": 762,
                          "Plan Width": 4,
                          "Actual Startup Time": 1.03,
                          "Actual Total Time": 5.063,
                          "Actual Rows": 113,
                          "Actual Loops": 3,
                          "Recheck Cond": "(company_id = 677)",
                          "Rows Removed by Index Recheck": 0,
                          "Filter": "(company_type_id < 2)",
                          "Rows Removed by Filter": 862,
                          "Exact Heap Blocks": 1058,
                          "Lossy Heap Blocks": 0,
                          "Plans": [
                            {
                              "Node Type": "Bitmap Index Scan",
                              "Parent Relationship": "Outer",
                              "Parallel Aware": false,
                              "Index Name": "company_id_movie_companies",
                              "Startup Cost": 0.0,
                              "Total Cost": 84.48,
                              "Plan Rows": 3740,
                              "Plan Width": 0,
                              "Actual Startup Time": 2.382,
                              "Actual Total Time": 2.383,
                              "Actual Rows": 2926,
                              "Actual Loops": 1,
                              "Index Cond": "(company_id = 677)"
                            }
                          ]
                        },
                        {
                          "Node Type": "Index Only Scan",
                          "Parent Relationship": "Inner",
                          "Parallel Aware": false,
                          "Scan Direction": "Forward",
                          "Index Name": "title_pkey",
                          "Relation Name": "title",
                          "Alias": "t",
                          "Startup Cost": 0.43,
                          "Total Cost": 7.98,
                          "Plan Rows": 1,
                          "Plan Width": 4,
                          "Actual Startup Time": 0.018,
                          "Actual Total Time": 0.018,
                          "Actual Rows": 1,
                          "Actual Loops": 340,
                          "Index Cond": "(id = mc.movie_id)",
                          "Rows Removed by Index Recheck": 0,
                          "Heap Fetches": 340
                        }
                      ]
                    },
                    {
                      "Node Type": "Index Scan",
                      "Parent Relationship": "Inner",
                      "Parallel Aware": false,
                      "Scan Direction": "Forward",
                      "Index Name": "movie_id_movie_keyword",
                      "Relation Name": "movie_keyword",
                      "Alias": "mk",
                      "Startup Cost": 0.43,
                      "Total Cost": 1.42,
                      "Plan Rows": 28,
                      "Plan Width": 4,
                      "Actual Startup Time": 0.017,
                      "Actual Total Time": 0.019,
                      "Actual Rows": 5,
                      "Actual Loops": 340,
                      "Index Cond": "(movie_id = t.id)",
                      "Rows Removed by Index Recheck": 0,
                      "Filter": "(keyword_id > 2935)",
                      "Rows Removed by Filter": 4
                    }
                  ]
                }
              ]
            }
          ]
        }
      ]
    },
    "Planning Time": 0.845,
    "Triggers": [],
    "Execution Time": 15.345
  }
]