[
  {
    "Plan": {
      "Node Type": "Aggregate",
      "Strategy": "Plain",
      "Partial Mode": "Finalize",
      "Parallel Aware": false,
      "Startup Cost": 342884.28,
      "Total Cost": 342884.29,
      "Plan Rows": 1,
      "Plan Width": 8,
      "Actual Startup Time": 455.463,
      "Actual Total Time": 485.61,
      "Actual Rows": 1,
      "Actual Loops": 1,
      "Plans": [
        {
          "Node Type": "Gather",
          "Parent Relationship": "Outer",
          "Parallel Aware": false,
          "Startup Cost": 342883.65,
          "Total Cost": 342884.26,
          "Plan Rows": 6,
          "Plan Width": 8,
          "Actual Startup Time": 455.327,
          "Actual Total Time": 485.597,
          "Actual Rows": 7,
          "Actual Loops": 1,
          "Workers Planned": 6,
          "Workers Launched": 6,
          "Single Copy": false,
          "Plans": [
            {
              "Node Type": "Aggregate",
              "Strategy": "Plain",
              "Partial Mode": "Partial",
              "Parent Relationship": "Outer",
              "Parallel Aware": false,
              "Startup Cost": 341883.65,
              "Total Cost": 341883.66,
              "Plan Rows": 1,
              "Plan Width": 8,
              "Actual Startup Time": 447.305,
              "Actual Total Time": 447.306,
              "Actual Rows": 1,
              "Actual Loops": 7,
              "Plans": [
                {
                  "Node Type": "Index Scan",
                  "Parent Relationship": "Outer",
                  "Parallel Aware": true,
                  "Scan Direction": "Forward",
                  "Index Name": "role_id_cast_info",
                  "Relation Name": "cast_info",
                  "Alias": "ci",
                  "Startup Cost": 0.56,
                  "Total Cost": 341155.22,
                  "Plan Rows": 291374,
                  "Plan Width": 0,
                  "Actual Startup Time": 0.165,
                  "Actual Total Time": 417.508,
                  "Actual Rows": 532725,
                  "Actual Loops": 7,
                  "Index Cond": "(role_id = 1)",
                  "Rows Removed by Index Recheck": 0,
                  "Filter": "(person_id < 499109)",
                  "Rows Removed by Filter": 1277374
                }
              ]
            }
          ]
        }
      ]
    },
    "Planning Time": 0.114,
    "Triggers": [],
    "Execution Time": 485.661
  }
]