[
  {
    "Plan": {
      "Node Type": "Aggregate",
      "Strategy": "Plain",
      "Partial Mode": "Finalize",
      "Parallel Aware": false,
      "Startup Cost": 447525.79,
      "Total Cost": 447525.8,
      "Plan Rows": 1,
      "Plan Width": 8,
      "Actual Startup Time": 2001.332,
      "Actual Total Time": 2063.696,
      "Actual Rows": 1,
      "Actual Loops": 1,
      "Plans": [
        {
          "Node Type": "Gather",
          "Parent Relationship": "Outer",
          "Parallel Aware": false,
          "Startup Cost": 447525.16,
          "Total Cost": 447525.77,
          "Plan Rows": 6,
          "Plan Width": 8,
          "Actual Startup Time": 1978.206,
          "Actual Total Time": 2063.682,
          "Actual Rows": 7,
          "Actual Loops": 1,
          "Workers Planned": 6,
          "Workers Launched": 6,
          "Single Copy": false,
          "Plans": [
            {
              "Node Type": "Aggregate",
              "Strategy": "Plain",
              "Partial Mode": "Partial",
              "Parent Relationship": "Outer",
              "Parallel Aware": false,
              "Startup Cost": 446525.16,
              "Total Cost": 446525.17,
              "Plan Rows": 1,
              "Plan Width": 8,
              "Actual Startup Time": 1966.853,
              "Actual Total Time": 1967.211,
              "Actual Rows": 1,
              "Actual Loops": 7,
              "Plans": [
                {
                  "Node Type": "Hash Join",
                  "Parent Relationship": "Outer",
                  "Parallel Aware": true,
                  "Join Type": "Inner",
                  "Startup Cost": 96443.14,
                  "Total Cost": 443616.19,
                  "Plan Rows": 1163590,
                  "Plan Width": 0,
                  "Actual Startup Time": 394.544,
                  "Actual Total Time": 1831.652,
                  "Actual Rows": 3252971,
                  "Actual Loops": 7,
                  "Inner Unique": false,
                  "Hash Cond": "(ci.movie_id = t.id)",
                  "Plans": [
                    {
                      "Node Type": "Seq Scan",
                      "Parent Relationship": "Outer",
                      "Parallel Aware": true,
                      "Relation Name": "cast_info",
                      "Alias": "ci",
                      "Startup Cost": 0.0,
                      "Total Cost": 328162.03,
                      "Plan Rows": 4068666,
                      "Plan Width": 4,
                      "Actual Startup Time": 0.023,
                      "Actual Total Time": 585.015,
                      "Actual Rows": 3497236,
                      "Actual Loops": 7,
                      "Filter": "(person_id < 2515817)",
                      "Rows Removed by Filter": 1680527
                    },
                    {
                      "Node Type": "Hash",
                      "Parent Relationship": "Inner",
                      "Parallel Aware": true,
                      "Startup Cost": 93527.57,
                      "Total Cost": 93527.57,
                      "Plan Rows": 233246,
                      "Plan Width": 8,
                      "Actual Startup Time": 390.997,
                      "Actual Total Time": 391.353,
                      "Actual Rows": 102105,
                      "Actual Loops": 7,
                      "Hash Buckets": 1048576,
                      "Original Hash Buckets": 1048576,
                      "Hash Batches": 1,
                      "Original Hash Batches": 1,
                      "Peak Memory Usage": 36256,
                      "Plans": [
                        {
                          "Node Type": "Hash Join",
                          "Parent Relationship": "Outer",
                          "Parallel Aware": true,
                          "Join Type": "Inner",
                          "Startup Cost": 50219.64,
                          "Total Cost": 93527.57,
                          "Plan Rows": 233246,
                          "Plan Width": 8,
                          "Actual Startup Time": 252.975,
                          "Actual Total Time": 343.922,
                          "Actual Rows": 102105,
                          "Actual Loops": 7,
                          "Inner Unique": true,
                          "Hash Cond": "(mk.movie_id = t.id)",
                          "Plans": [
                            {
                              "Node Type": "Seq Scan",
                              "Parent Relationship": "Outer",
                              "Parallel Aware": true,
                              "Relation Name": "movie_keyword",
                              "Alias": "mk",
                              "Startup Cost": 0.0,
                              "Total Cost": 42695.65,
                              "Plan Rows": 233246,
                              "Plan Width": 4,
                              "Actual Startup Time": 1.519,
                              "Actual Total Time": 60.849,
                              "Actual Rows": 102105,
                              "Actual Loops": 7,
                              "Filter": "(keyword_id > 26380)",
                              "Rows Removed by Filter": 544171
                            },
                            {
                              "Node Type": "Hash",
                              "Parent Relationship": "Inner",
                              "Parallel Aware": true,
                              "Startup Cost": 42318.73,
                              "Total Cost": 42318.73,
                              "Plan Rows": 632073,
                              "Plan Width": 4,
                              "Actual Startup Time": 246.747,
                              "Actual Total Time": 246.749,
                              "Actual Rows": 361187,
                              "Actual Loops": 7,
                              "Hash Buckets": 4194304,
                              "Original Hash Buckets": 4194304,
                              "Hash Batches": 1,
                              "Original Hash Batches": 1,
                              "Peak Memory Usage": 131776,
                              "Plans": [
                                {
                                  "Node Type": "Seq Scan",
                                  "Parent Relationship": "Outer",
                                  "Parallel Aware": true,
                                  "Relation Name": "title",
                                  "Alias": "t",
                                  "Startup Cost": 0.0,
                                  "Total Cost": 42318.73,
                                  "Plan Rows": 632073,
                                  "Plan Width": 4,
                                  "Actual Startup Time": 0.047,
                                  "Actual Total Time": 69.565,
                                  "Actual Rows": 361187,
                                  "Actual Loops": 7
                                }
                              ]
                            }
                          ]
                        }
                      ]
                    }
                  ]
                }
              ]
            }
          ]
        }
      ]
    },
    "Planning Time": 1.266,
    "Triggers": [],
    "Execution Time": 2063.813
  }
]