[
  {
    "Plan": {
      "Node Type": "Aggregate",
      "Strategy": "Plain",
      "Partial Mode": "Finalize",
      "Parallel Aware": false,
      "Startup Cost": 36604.57,
      "Total Cost": 36604.58,
      "Plan Rows": 1,
      "Plan Width": 8,
      "Actual Startup Time": 36.118,
      "Actual Total Time": 42.509,
      "Actual Rows": 1,
      "Actual Loops": 1,
      "Plans": [
        {
          "Node Type": "Gather",
          "Parent Relationship": "Outer",
          "Parallel Aware": false,
          "Startup Cost": 36604.35,
          "Total Cost": 36604.56,
          "Plan Rows": 2,
          "Plan Width": 8,
          "Actual Startup Time": 35.996,
          "Actual Total Time": 42.504,
          "Actual Rows": 3,
          "Actual Loops": 1,
          "Workers Planned": 2,
          "Workers Launched": 2,
          "Single Copy": false,
          "Plans": [
            {
              "Node Type": "Aggregate",
              "Strategy": "Plain",
              "Partial Mode": "Partial",
              "Parent Relationship": "Outer",
              "Parallel Aware": false,
              "Startup Cost": 35604.35,
              "Total Cost": 35604.36,
              "Plan Rows": 1,
              "Plan Width": 8,
              "Actual Startup Time": 33.103,
              "Actual Total Time": 33.104,
              "Actual Rows": 1,
              "Actual Loops": 3,
              "Plans": [
                {
                  "Node Type": "Nested Loop",
                  "Parent Relationship": "Outer",
                  "Parallel Aware": false,
                  "Join Type": "Inner",
                  "Startup Cost": 150.62,
                  "Total Cost": 35602.65,
                  "Plan Rows": 679,
                  "Plan Width": 0,
                  "Actual Startup Time": 1.393,
                  "Actual Total Time": 33.072,
                  "Actual Rows": 152,
                  "Actual Loops": 3,
                  "Inner Unique": true,
                  "Plans": [
                    {
                      "Node Type": "Bitmap Heap Scan",
                      "Parent Relationship": "Outer",
                      "Parallel Aware": true,
                      "Relation Name": "movie_keyword",
                      "Alias": "mk",
                      "Startup Cost": 150.19,
                      "Total Cost": 15404.32,
                      "Plan Rows": 2890,
                      "Plan Width": 4,
                      "Actual Startup Time": 1.314,
                      "Actual Total Time": 10.502,
                      "Actual Rows": 2473,
                      "Actual Loops": 3,
                      "Recheck Cond": "(keyword_id = 373)",
                      "Rows Removed by Index Recheck": 0,
                      "Exact Heap Blocks": 3447,
                      "Lossy Heap Blocks": 0,
                      "Plans": [
                        {
                          "Node Type": "Bitmap Index Scan",
                          "Parent Relationship": "Outer",
                          "Parallel Aware": false,
                          "Index Name": "keyword_id_movie_keyword",
                          "Startup Cost": 0.0,
                          "Total Cost": 148.46,
                          "Plan Rows": 6937,
                          "Plan Width": 0,
                          "Actual Startup Time": 2.35,
                          "Actual Total Time": 2.351,
                          "Actual Rows": 7419,
                          "Actual Loops": 1,
                          "Index Cond": "(keyword_id = 373)"
                        }
                      ]
                    },
                    {
                      "Node Type": "Index Scan",
                      "Parent Relationship": "Inner",
                      "Parallel Aware": false,
                      "Scan Direction": "Forward",
                      "Index Name": "title_pkey",
                      "Relation Name": "title",
                      "Alias": "t",
                      "Startup Cost": 0.43,
                      "Total Cost": 6.99,
                      "Plan Rows": 1,
                      "Plan Width": 4,
                      "Actual Startup Time": 0.009,
                      "Actual Total Time": 0.009,
                      "Actual Rows": 0,
                      "Actual Loops": 7419,
                      "Index Cond": "(id = mk.movie_id)",
                      "Rows Removed by Index Recheck": 0,
                      "Filter": "((kind_id > 3) AND (production_year > 2006))",
                      "Rows Removed by Filter": 1
                    }
                  ]
                }
              ]
            }
          ]
        }
      ]
    },
    "Planning Time": 0.322,
    "Triggers": [],
    "Execution Time": 42.553
  }
]