[
  {
    "Plan": {
      "Node Type": "Aggregate",
      "Strategy": "Plain",
      "Partial Mode": "Finalize",
      "Parallel Aware": false,
      "Startup Cost": 109686.47,
      "Total Cost": 109686.48,
      "Plan Rows": 1,
      "Plan Width": 8,
      "Actual Startup Time": 538.478,
      "Actual Total Time": 556.708,
      "Actual Rows": 1,
      "Actual Loops": 1,
      "Plans": [
        {
          "Node Type": "Gather",
          "Parent Relationship": "Outer",
          "Parallel Aware": false,
          "Startup Cost": 109686.16,
          "Total Cost": 109686.47,
          "Plan Rows": 3,
          "Plan Width": 8,
          "Actual Startup Time": 534.7,
          "Actual Total Time": 556.697,
          "Actual Rows": 4,
          "Actual Loops": 1,
          "Workers Planned": 3,
          "Workers Launched": 3,
          "Single Copy": false,
          "Plans": [
            {
              "Node Type": "Aggregate",
              "Strategy": "Plain",
              "Partial Mode": "Partial",
              "Parent Relationship": "Outer",
              "Parallel Aware": false,
              "Startup Cost": 108686.16,
              "Total Cost": 108686.17,
              "Plan Rows": 1,
              "Plan Width": 8,
              "Actual Startup Time": 527.079,
              "Actual Total Time": 527.208,
              "Actual Rows": 1,
              "Actual Loops": 4,
              "Plans": [
                {
                  "Node Type": "Hash Join",
                  "Parent Relationship": "Outer",
                  "Parallel Aware": true,
                  "Join Type": "Inner",
                  "Startup Cost": 63204.43,
                  "Total Cost": 108539.95,
                  "Plan Rows": 58484,
                  "Plan Width": 0,
                  "Actual Startup Time": 306.862,
                  "Actual Total Time": 499.868,
                  "Actual Rows": 679759,
                  "Actual Loops": 4,
                  "Inner Unique": false,
                  "Hash Cond": "(mk.movie_id = t.id)",
                  "Plans": [
                    {
                      "Node Type": "Seq Scan",
                      "Parent Relationship": "Outer",
                      "Parallel Aware": true,
                      "Relation Name": "movie_keyword",
                      "Alias": "mk",
                      "Startup Cost": 0.0,
                      "Total Cost": 42695.65,
                      "Plan Rows": 638981,
                      "Plan Width": 4,
                      "Actual Startup Time": 0.03,
                      "Actual Total Time": 95.457,
                      "Actual Rows": 496178,
                      "Actual Loops": 4,
                      "Filter": "(keyword_id < 3511)",
                      "Rows Removed by Filter": 634804
                    },
                    {
                      "Node Type": "Hash",
                      "Parent Relationship": "Inner",
                      "Parallel Aware": true,
                      "Startup Cost": 61999.12,
                      "Total Cost": 61999.12,
                      "Plan Rows": 96425,
                      "Plan Width": 8,
                      "Actual Startup Time": 304.684,
                      "Actual Total Time": 304.813,
                      "Actual Rows": 136941,
                      "Actual Loops": 4,
                      "Hash Buckets": 1048576,
                      "Original Hash Buckets": 262144,
                      "Hash Batches": 1,
                      "Original Hash Batches": 1,
                      "Peak Memory Usage": 35808,
                      "Plans": [
                        {
                          "Node Type": "Hash Join",
                          "Parent Relationship": "Outer",
                          "Parallel Aware": true,
                          "Join Type": "Inner",
                          "Startup Cost": 46804.56,
                          "Total Cost": 61999.12,
                          "Plan Rows": 96425,
                          "Plan Width": 8,
                          "Actual Startup Time": 161.598,
                          "Actual Total Time": 249.111,
                          "Actual Rows": 136941,
                          "Actual Loops": 4,
                          "Inner Unique": true,
                          "Hash Cond": "(mi_idx.movie_id = t.id)",
                          "Plans": [
                            {
                              "Node Type": "Seq Scan",
                              "Parent Relationship": "Outer",
                              "Parallel Aware": true,
                              "Relation Name": "movie_info_idx",
                              "Alias": "mi_idx",
                              "Startup Cost": 0.0,
                              "Total Cost": 13685.15,
                              "Plan Rows": 575015,
                              "Plan Width": 4,
                              "Actual Startup Time": 0.012,
                              "Actual Total Time": 29.817,
                              "Actual Rows": 345009,
                              "Actual Loops": 4
                            },
                            {
                              "Node Type": "Hash",
                              "Parent Relationship": "Inner",
                              "Parallel Aware": true,
                              "Startup Cost": 45479.59,
                              "Total Cost": 45479.59,
                              "Plan Rows": 105998,
                              "Plan Width": 4,
                              "Actual Startup Time": 159.403,
                              "Actual Total Time": 159.404,
                              "Actual Rows": 131836,
                              "Actual Loops": 4,
                              "Hash Buckets": 1048576,
                              "Original Hash Buckets": 524288,
                              "Hash Batches": 1,
                              "Original Hash Batches": 1,
                              "Peak Memory Usage": 33024,
                              "Plans": [
                                {
                                  "Node Type": "Seq Scan",
                                  "Parent Relationship": "Outer",
                                  "Parallel Aware": true,
                                  "Relation Name": "title",
                                  "Alias": "t",
                                  "Startup Cost": 0.0,
                                  "Total Cost": 45479.59,
                                  "Plan Rows": 105998,
                                  "Plan Width": 4,
                                  "Actual Startup Time": 0.038,
                                  "Actual Total Time": 99.942,
                                  "Actual Rows": 131836,
                                  "Actual Loops": 4,
                                  "Filter": "((kind_id < 4) AND (production_year < 2004))",
                                  "Rows Removed by Filter": 500242
                                }
                              ]
                            }
                          ]
                        }
                      ]
                    }
                  ]
                }
              ]
            }
          ]
        }
      ]
    },
    "Planning Time": 1.228,
    "Triggers": [],
    "Execution Time": 556.782
  }
]