[
  {
    "Plan": {
      "Node Type": "Aggregate",
      "Strategy": "Plain",
      "Partial Mode": "Finalize",
      "Parallel Aware": false,
      "Startup Cost": 109675.91,
      "Total Cost": 109675.92,
      "Plan Rows": 1,
      "Plan Width": 8,
      "Actual Startup Time": 531.342,
      "Actual Total Time": 549.875,
      "Actual Rows": 1,
      "Actual Loops": 1,
      "Plans": [
        {
          "Node Type": "Gather",
          "Parent Relationship": "Outer",
          "Parallel Aware": false,
          "Startup Cost": 109675.6,
          "Total Cost": 109675.91,
          "Plan Rows": 3,
          "Plan Width": 8,
          "Actual Startup Time": 526.127,
          "Actual Total Time": 549.866,
          "Actual Rows": 4,
          "Actual Loops": 1,
          "Workers Planned": 3,
          "Workers Launched": 3,
          "Single Copy": false,
          "Plans": [
            {
              "Node Type": "Aggregate",
              "Strategy": "Plain",
              "Partial Mode": "Partial",
              "Parent Relationship": "Outer",
              "Parallel Aware": false,
              "Startup Cost": 108675.6,
              "Total Cost": 108675.61,
              "Plan Rows": 1,
              "Plan Width": 8,
              "Actual Startup Time": 515.85,
              "Actual Total Time": 515.973,
              "Actual Rows": 1,
              "Actual Loops": 4,
              "Plans": [
                {
                  "Node Type": "Hash Join",
                  "Parent Relationship": "Outer",
                  "Parallel Aware": true,
                  "Join Type": "Inner",
                  "Startup Cost": 63201.32,
                  "Total Cost": 108529.9,
                  "Plan Rows": 58280,
                  "Plan Width": 0,
                  "Actual Startup Time": 293.993,
                  "Actual Total Time": 489.601,
                  "Actual Rows": 679759,
                  "Actual Loops": 4,
                  "Inner Unique": false,
                  "Hash Cond": "(mk.movie_id = t.id)",
                  "Plans": [
                    {
                      "Node Type": "Seq Scan",
                      "Parent Relationship": "Outer",
                      "Parallel Aware": true,
                      "Relation Name": "movie_keyword",
                      "Alias": "mk",
                      "Startup Cost": 0.0,
                      "Total Cost": 42695.65,
                      "Plan Rows": 637358,
                      "Plan Width": 4,
                      "Actual Startup Time": 0.024,
                      "Actual Total Time": 99.308,
                      "Actual Rows": 496178,
                      "Actual Loops": 4,
                      "Filter": "(keyword_id < 3511)",
                      "Rows Removed by Filter": 634804
                    },
                    {
                      "Node Type": "Hash",
                      "Parent Relationship": "Inner",
                      "Parallel Aware": true,
                      "Startup Cost": 61997.23,
                      "Total Cost": 61997.23,
                      "Plan Rows": 96327,
                      "Plan Width": 8,
                      "Actual Startup Time": 291.494,
                      "Actual Total Time": 291.613,
                      "Actual Rows": 136941,
                      "Actual Loops": 4,
                      "Hash Buckets": 1048576,
                      "Original Hash Buckets": 262144,
                      "Hash Batches": 1,
                      "Original Hash Batches": 1,
                      "Peak Memory Usage": 35840,
                      "Plans": [
                        {
                          "Node Type": "Hash Join",
                          "Parent Relationship": "Outer",
                          "Parallel Aware": true,
                          "Join Type": "Inner",
                          "Startup Cost": 46802.67,
                          "Total Cost": 61997.23,
                          "Plan Rows": 96327,
                          "Plan Width": 8,
                          "Actual Startup Time": 154.511,
                          "Actual Total Time": 239.334,
                          "Actual Rows": 136941,
                          "Actual Loops": 4,
                          "Inner Unique": true,
                          "Hash Cond": "(mi_idx.movie_id = t.id)",
                          "Plans": [
                            {
                              "Node Type": "Seq Scan",
                              "Parent Relationship": "Outer",
                              "Parallel Aware": true,
                              "Relation Name": "movie_info_idx",
                              "Alias": "mi_idx",
                              "Startup Cost": 0.0,
                              "Total Cost": 13685.15,
                              "Plan Rows": 575015,
                              "Plan Width": 4,
                              "Actual Startup Time": 0.024,
                              "Actual Total Time": 29.002,
                              "Actual Rows": 345009,
                              "Actual Loops": 4
                            },
                            {
                              "Node Type": "Hash",
                              "Parent Relationship": "Inner",
                              "Parallel Aware": true,
                              "Startup Cost": 45479.1,
                              "Total Cost": 45479.1,
                              "Plan Rows": 105886,
                              "Plan Width": 4,
                              "Actual Startup Time": 152.424,
                              "Actual Total Time": 152.424,
                              "Actual Rows": 131836,
                              "Actual Loops": 4,
                              "Hash Buckets": 1048576,
                              "Original Hash Buckets": 524288,
                              "Hash Batches": 1,
                              "Original Hash Batches": 1,
                              "Peak Memory Usage": 33024,
                              "Plans": [
                                {
                                  "Node Type": "Seq Scan",
                                  "Parent Relationship": "Outer",
                                  "Parallel Aware": true,
                                  "Relation Name": "title",
                                  "Alias": "t",
                                  "Startup Cost": 0.0,
                                  "Total Cost": 45479.1,
                                  "Plan Rows": 105886,
                                  "Plan Width": 4,
                                  "Actual Startup Time": 0.053,
                                  "Actual Total Time": 99.516,
                                  "Actual Rows": 131836,
                                  "Actual Loops": 4,
                                  "Filter": "((kind_id < 4) AND (production_year < 2004))",
                                  "Rows Removed by Filter": 500242
                                }
                              ]
                            }
                          ]
                        }
                      ]
                    }
                  ]
                }
              ]
            }
          ]
        }
      ]
    },
    "Planning Time": 1.368,
    "Triggers": [],
    "Execution Time": 549.952
  }
]