[
  {
    "Plan": {
      "Node Type": "Aggregate",
      "Strategy": "Plain",
      "Partial Mode": "Finalize",
      "Parallel Aware": false,
      "Startup Cost": 27114.47,
      "Total Cost": 27114.48,
      "Plan Rows": 1,
      "Plan Width": 8,
      "Actual Startup Time": 85.013,
      "Actual Total Time": 91.214,
      "Actual Rows": 1,
      "Actual Loops": 1,
      "Plans": [
        {
          "Node Type": "Gather",
          "Parent Relationship": "Outer",
          "Parallel Aware": false,
          "Startup Cost": 27114.15,
          "Total Cost": 27114.46,
          "Plan Rows": 3,
          "Plan Width": 8,
          "Actual Startup Time": 84.785,
          "Actual Total Time": 91.207,
          "Actual Rows": 4,
          "Actual Loops": 1,
          "Workers Planned": 3,
          "Workers Launched": 3,
          "Single Copy": false,
          "Plans": [
            {
              "Node Type": "Aggregate",
              "Strategy": "Plain",
              "Partial Mode": "Partial",
              "Parent Relationship": "Outer",
              "Parallel Aware": false,
              "Startup Cost": 26114.15,
              "Total Cost": 26114.16,
              "Plan Rows": 1,
              "Plan Width": 8,
              "Actual Startup Time": 76.979,
              "Actual Total Time": 76.98,
              "Actual Rows": 1,
              "Actual Loops": 4,
              "Plans": [
                {
                  "Node Type": "Bitmap Heap Scan",
                  "Parent Relationship": "Outer",
                  "Parallel Aware": true,
                  "Relation Name": "movie_companies",
                  "Alias": "mc",
                  "Startup Cost": 5889.44,
                  "Total Cost": 26002.21,
                  "Plan Rows": 44775,
                  "Plan Width": 0,
                  "Actual Startup Time": 63.299,
                  "Actual Total Time": 76.026,
                  "Actual Rows": 16002,
                  "Actual Loops": 4,
                  "Recheck Cond": "(company_id < 145)",
                  "Rows Removed by Index Recheck": 0,
                  "Filter": "(company_type_id > 1)",
                  "Rows Removed by Filter": 51856,
                  "Exact Heap Blocks": 11149,
                  "Lossy Heap Blocks": 0,
                  "Plans": [
                    {
                      "Node Type": "Bitmap Index Scan",
                      "Parent Relationship": "Outer",
                      "Parallel Aware": false,
                      "Index Name": "company_id_movie_companies",
                      "Startup Cost": 0.0,
                      "Total Cost": 5854.74,
                      "Plan Rows": 273374,
                      "Plan Width": 0,
                      "Actual Startup Time": 33.444,
                      "Actual Total Time": 33.444,
                      "Actual Rows": 271432,
                      "Actual Loops": 1,
                      "Index Cond": "(company_id < 145)"
                    }
                  ]
                }
              ]
            }
          ]
        }
      ]
    },
    "Planning Time": 0.213,
    "Triggers": [],
    "Execution Time": 91.288
  }
]