[
  {
    "Plan": {
      "Node Type": "Aggregate",
      "Strategy": "Plain",
      "Partial Mode": "Finalize",
      "Parallel Aware": false,
      "Startup Cost": 453080.61,
      "Total Cost": 453080.62,
      "Plan Rows": 1,
      "Plan Width": 8,
      "Actual Startup Time": 2188.036,
      "Actual Total Time": 2256.578,
      "Actual Rows": 1,
      "Actual Loops": 1,
      "Plans": [
        {
          "Node Type": "Gather",
          "Parent Relationship": "Outer",
          "Parallel Aware": false,
          "Startup Cost": 453079.99,
          "Total Cost": 453080.6,
          "Plan Rows": 6,
          "Plan Width": 8,
          "Actual Startup Time": 2149.127,
          "Actual Total Time": 2256.555,
          "Actual Rows": 7,
          "Actual Loops": 1,
          "Workers Planned": 6,
          "Workers Launched": 6,
          "Single Copy": false,
          "Plans": [
            {
              "Node Type": "Aggregate",
              "Strategy": "Plain",
              "Partial Mode": "Partial",
              "Parent Relationship": "Outer",
              "Parallel Aware": false,
              "Startup Cost": 452079.99,
              "Total Cost": 452080.0,
              "Plan Rows": 1,
              "Plan Width": 8,
              "Actual Startup Time": 2135.889,
              "Actual Total Time": 2137.142,
              "Actual Rows": 1,
              "Actual Loops": 7,
              "Plans": [
                {
                  "Node Type": "Hash Join",
                  "Parent Relationship": "Outer",
                  "Parallel Aware": true,
                  "Join Type": "Inner",
                  "Startup Cost": 96153.65,
                  "Total Cost": 449596.43,
                  "Plan Rows": 993424,
                  "Plan Width": 0,
                  "Actual Startup Time": 702.921,
                  "Actual Total Time": 1905.614,
                  "Actual Rows": 4971838,
                  "Actual Loops": 7,
                  "Inner Unique": false,
                  "Hash Cond": "(ci.movie_id = t.id)",
                  "Plans": [
                    {
                      "Node Type": "Seq Scan",
                      "Parent Relationship": "Outer",
                      "Parallel Aware": true,
                      "Relation Name": "cast_info",
                      "Alias": "ci",
                      "Startup Cost": 0.0,
                      "Total Cost": 343257.03,
                      "Plan Rows": 1861641,
                      "Plan Width": 4,
                      "Actual Startup Time": 180.752,
                      "Actual Total Time": 650.493,
                      "Actual Rows": 1247365,
                      "Actual Loops": 7,
                      "Filter": "((person_id > 1561915) AND (role_id < 3))",
                      "Rows Removed by Filter": 3930399
                    },
                    {
                      "Node Type": "Hash",
                      "Parent Relationship": "Inner",
                      "Parallel Aware": true,
                      "Startup Cost": 90713.47,
                      "Total Cost": 90713.47,
                      "Plan Rows": 435215,
                      "Plan Width": 8,
                      "Actual Startup Time": 517.31,
                      "Actual Total Time": 518.56,
                      "Actual Rows": 459044,
                      "Actual Loops": 7,
                      "Hash Buckets": 4194304,
                      "Original Hash Buckets": 2097152,
                      "Hash Batches": 1,
                      "Original Hash Batches": 1,
                      "Peak Memory Usage": 174976,
                      "Plans": [
                        {
                          "Node Type": "Hash Join",
                          "Parent Relationship": "Outer",
                          "Parallel Aware": true,
                          "Join Type": "Inner",
                          "Startup Cost": 47835.39,
                          "Total Cost": 90713.47,
                          "Plan Rows": 435215,
                          "Plan Width": 8,
                          "Actual Startup Time": 130.607,
                          "Actual Total Time": 312.695,
                          "Actual Rows": 459044,
                          "Actual Loops": 7,
                          "Inner Unique": true,
                          "Hash Cond": "(mk.movie_id = t.id)",
                          "Plans": [
                            {
                              "Node Type": "Seq Scan",
                              "Parent Relationship": "Outer",
                              "Parallel Aware": true,
                              "Relation Name": "movie_keyword",
                              "Alias": "mk",
                              "Startup Cost": 0.0,
                              "Total Cost": 39047.32,
                              "Plan Rows": 1459332,
                              "Plan Width": 4,
                              "Actual Startup Time": 0.03,
                              "Actual Total Time": 65.027,
                              "Actual Rows": 646276,
                              "Actual Loops": 7
                            },
                            {
                              "Node Type": "Hash",
                              "Parent Relationship": "Inner",
                              "Parallel Aware": true,
                              "Startup Cost": 45479.1,
                              "Total Cost": 45479.1,
                              "Plan Rows": 188503,
                              "Plan Width": 4,
                              "Actual Startup Time": 129.312,
                              "Actual Total Time": 129.314,
                              "Actual Rows": 110471,
                              "Actual Loops": 7,
                              "Hash Buckets": 1048576,
                              "Original Hash Buckets": 1048576,
                              "Hash Batches": 1,
                              "Original Hash Batches": 1,
                              "Peak Memory Usage": 38528,
                              "Plans": [
                                {
                                  "Node Type": "Seq Scan",
                                  "Parent Relationship": "Outer",
                                  "Parallel Aware": true,
                                  "Relation Name": "title",
                                  "Alias": "t",
                                  "Startup Cost": 0.0,
                                  "Total Cost": 45479.1,
                                  "Plan Rows": 188503,
                                  "Plan Width": 4,
                                  "Actual Startup Time": 0.044,
                                  "Actual Total Time": 79.76,
                                  "Actual Rows": 110471,
                                  "Actual Loops": 7,
                                  "Filter": "((kind_id < 4) AND (production_year < 2012))",
                                  "Rows Removed by Filter": 250716
                                }
                              ]
                            }
                          ]
                        }
                      ]
                    }
                  ]
                }
              ]
            }
          ]
        }
      ]
    },
    "Planning Time": 1.337,
    "Triggers": [],
    "Execution Time": 2256.723
  }
]