{
  "Plan": {
    "Node Type": "Aggregate",
    "Strategy": "Plain",
    "Partial Mode": "Finalize",
    "Parallel Aware": false,
    "Startup Cost": 126940.28,
    "Total Cost": 126940.29,
    "Plan Rows": 1,
    "Plan Width": 8,
    "Actual Startup Time": 843.799,
    "Actual Total Time": 864.244,
    "Actual Rows": 1,
    "Actual Loops": 1,
    "Plans": [
      {
        "Node Type": "Gather",
        "Parent Relationship": "Outer",
        "Parallel Aware": false,
        "Startup Cost": 126940.16,
        "Total Cost": 126940.27,
        "Plan Rows": 1,
        "Plan Width": 8,
        "Actual Startup Time": 839.13,
        "Actual Total Time": 864.237,
        "Actual Rows": 2,
        "Actual Loops": 1,
        "Workers Planned": 1,
        "Workers Launched": 1,
        "Single Copy": false,
        "Plans": [
          {
            "Node Type": "Aggregate",
            "Strategy": "Plain",
            "Partial Mode": "Partial",
            "Parent Relationship": "Outer",
            "Parallel Aware": false,
            "Startup Cost": 125940.16,
            "Total Cost": 125940.17,
            "Plan Rows": 1,
            "Plan Width": 8,
            "Actual Startup Time": 826.421,
            "Actual Total Time": 826.425,
            "Actual Rows": 1,
            "Actual Loops": 2,
            "Plans": [
              {
                "Node Type": "Hash Join",
                "Parent Relationship": "Outer",
                "Parallel Aware": true,
                "Join Type": "Inner",
                "Startup Cost": 90972.38,
                "Total Cost": 124448.85,
                "Plan Rows": 596527,
                "Plan Width": 0,
                "Actual Startup Time": 586.483,
                "Actual Total Time": 804.491,
                "Actual Rows": 507734,
                "Actual Loops": 2,
                "Inner Unique": true,
                "Hash Cond": "(mk.movie_id = t.id)",
                "Plans": [
                  {
                    "Node Type": "Bitmap Heap Scan",
                    "Parent Relationship": "Outer",
                    "Parallel Aware": true,
                    "Relation Name": "movie_keyword",
                    "Alias": "mk",
                    "Startup Cost": 21511.68,
                    "Total Cost": 53422.26,
                    "Plan Rows": 596527,
                    "Plan Width": 4,
                    "Actual Startup Time": 67.052,
                    "Actual Total Time": 156.44,
                    "Actual Rows": 507734,
                    "Actual Loops": 2,
                    "Recheck Cond": "(keyword_id < 991)",
                    "Rows Removed by Index Recheck": 0,
                    "Exact Heap Blocks": 13386,
                    "Lossy Heap Blocks": 0,
                    "Plans": [
                      {
                        "Node Type": "Bitmap Index Scan",
                        "Parent Relationship": "Outer",
                        "Parallel Aware": false,
                        "Index Name": "keyword_id_movie_keyword",
                        "Startup Cost": 0.0,
                        "Total Cost": 21258.15,
                        "Plan Rows": 1014096,
                        "Plan Width": 0,
                        "Actual Startup Time": 63.437,
                        "Actual Total Time": 63.437,
                        "Actual Rows": 1015468,
                        "Actual Loops": 1,
                        "Index Cond": "(keyword_id < 991)"
                      }
                    ]
                  },
                  {
                    "Node Type": "Hash",
                    "Parent Relationship": "Inner",
                    "Parallel Aware": true,
                    "Startup Cost": 50870.31,
                    "Total Cost": 50870.31,
                    "Plan Rows": 1487231,
                    "Plan Width": 4,
                    "Actual Startup Time": 497.921,
                    "Actual Total Time": 497.922,
                    "Actual Rows": 1264156,
                    "Actual Loops": 2,
                    "Hash Buckets": 4194304,
                    "Original Hash Buckets": 4194304,
                    "Hash Batches": 1,
                    "Original Hash Batches": 1,
                    "Peak Memory Usage": 131712,
                    "Plans": [
                      {
                        "Node Type": "Seq Scan",
                        "Parent Relationship": "Outer",
                        "Parallel Aware": true,
                        "Relation Name": "title",
                        "Alias": "t",
                        "Startup Cost": 0.0,
                        "Total Cost": 50870.31,
                        "Plan Rows": 1487231,
                        "Plan Width": 4,
                        "Actual Startup Time": 0.021,
                        "Actual Total Time": 151.885,
                        "Actual Rows": 1264156,
                        "Actual Loops": 2
                      }
                    ]
                  }
                ]
              }
            ]
          }
        ]
      }
    ]
  },
  "Planning Time": 0.665,
  "Triggers": [],
  "Execution Time": 864.334
}