[
  {
    "Plan": {
      "Node Type": "Aggregate",
      "Strategy": "Plain",
      "Partial Mode": "Simple",
      "Parallel Aware": false,
      "Startup Cost": 5846.63,
      "Total Cost": 5846.64,
      "Plan Rows": 1,
      "Plan Width": 8,
      "Actual Startup Time": 3.891,
      "Actual Total Time": 3.893,
      "Actual Rows": 1,
      "Actual Loops": 1,
      "Plans": [
        {
          "Node Type": "Index Scan",
          "Parent Relationship": "Outer",
          "Parallel Aware": false,
          "Scan Direction": "Forward",
          "Index Name": "company_id_movie_companies",
          "Relation Name": "movie_companies",
          "Alias": "mc",
          "Startup Cost": 0.43,
          "Total Cost": 5843.76,
          "Plan Rows": 1148,
          "Plan Width": 0,
          "Actual Startup Time": 0.226,
          "Actual Total Time": 3.629,
          "Actual Rows": 1448,
          "Actual Loops": 1,
          "Index Cond": "(company_id = 554)",
          "Rows Removed by Index Recheck": 0,
          "Filter": "(company_type_id < 2)",
          "Rows Removed by Filter": 658
        }
      ]
    },
    "Planning Time": 0.234,
    "Triggers": [],
    "Execution Time": 3.946
  }
]