{
  "Plan": {
    "Node Type": "Aggregate",
    "Strategy": "Plain",
    "Partial Mode": "Finalize",
    "Parallel Aware": false,
    "Startup Cost": 214128.59,
    "Total Cost": 214128.6,
    "Plan Rows": 1,
    "Plan Width": 8,
    "Actual Startup Time": 1185.323,
    "Actual Total Time": 1211.343,
    "Actual Rows": 1,
    "Actual Loops": 1,
    "Plans": [
      {
        "Node Type": "Gather",
        "Parent Relationship": "Outer",
        "Parallel Aware": false,
        "Startup Cost": 214128.48,
        "Total Cost": 214128.59,
        "Plan Rows": 1,
        "Plan Width": 8,
        "Actual Startup Time": 1180.395,
        "Actual Total Time": 1211.334,
        "Actual Rows": 2,
        "Actual Loops": 1,
        "Workers Planned": 1,
        "Workers Launched": 1,
        "Single Copy": false,
        "Plans": [
          {
            "Node Type": "Aggregate",
            "Strategy": "Plain",
            "Partial Mode": "Partial",
            "Parent Relationship": "Outer",
            "Parallel Aware": false,
            "Startup Cost": 213128.48,
            "Total Cost": 213128.49,
            "Plan Rows": 1,
            "Plan Width": 8,
            "Actual Startup Time": 1167.992,
            "Actual Total Time": 1167.998,
            "Actual Rows": 1,
            "Actual Loops": 2,
            "Plans": [
              {
                "Node Type": "Hash Join",
                "Parent Relationship": "Outer",
                "Parallel Aware": true,
                "Join Type": "Inner",
                "Startup Cost": 151792.57,
                "Total Cost": 213041.6,
                "Plan Rows": 34752,
                "Plan Width": 0,
                "Actual Startup Time": 629.781,
                "Actual Total Time": 1102.483,
                "Actual Rows": 1306930,
                "Actual Loops": 2,
                "Inner Unique": false,
                "Hash Cond": "(mk.movie_id = t.id)",
                "Plans": [
                  {
                    "Node Type": "Seq Scan",
                    "Parent Relationship": "Outer",
                    "Parallel Aware": true,
                    "Relation Name": "movie_keyword",
                    "Alias": "mk",
                    "Startup Cost": 0.0,
                    "Total Cost": 51065.35,
                    "Plan Rows": 2661135,
                    "Plan Width": 4,
                    "Actual Startup Time": 0.019,
                    "Actual Total Time": 184.094,
                    "Actual Rows": 2261965,
                    "Actual Loops": 2
                  },
                  {
                    "Node Type": "Hash",
                    "Parent Relationship": "Inner",
                    "Parallel Aware": true,
                    "Startup Cost": 151549.79,
                    "Total Cost": 151549.79,
                    "Plan Rows": 19422,
                    "Plan Width": 8,
                    "Actual Startup Time": 626.471,
                    "Actual Total Time": 626.475,
                    "Actual Rows": 16026,
                    "Actual Loops": 2,
                    "Hash Buckets": 65536,
                    "Original Hash Buckets": 65536,
                    "Hash Batches": 1,
                    "Original Hash Batches": 1,
                    "Peak Memory Usage": 1792,
                    "Plans": [
                      {
                        "Node Type": "Hash Join",
                        "Parent Relationship": "Outer",
                        "Parallel Aware": true,
                        "Join Type": "Inner",
                        "Startup Cost": 70061.02,
                        "Total Cost": 151549.79,
                        "Plan Rows": 19422,
                        "Plan Width": 8,
                        "Actual Startup Time": 606.695,
                        "Actual Total Time": 622.457,
                        "Actual Rows": 16026,
                        "Actual Loops": 2,
                        "Inner Unique": true,
                        "Hash Cond": "(mi.movie_id = t.id)",
                        "Plans": [
                          {
                            "Node Type": "Bitmap Heap Scan",
                            "Parent Relationship": "Outer",
                            "Parallel Aware": true,
                            "Relation Name": "movie_info",
                            "Alias": "mi",
                            "Startup Cost": 600.32,
                            "Total Cost": 82038.11,
                            "Plan Rows": 19422,
                            "Plan Width": 4,
                            "Actual Startup Time": 3.052,
                            "Actual Total Time": 10.963,
                            "Actual Rows": 16026,
                            "Actual Loops": 2,
                            "Recheck Cond": "(info_type_id > 108)",
                            "Rows Removed by Index Recheck": 0,
                            "Exact Heap Blocks": 1794,
                            "Lossy Heap Blocks": 0,
                            "Plans": [
                              {
                                "Node Type": "Bitmap Index Scan",
                                "Parent Relationship": "Outer",
                                "Parallel Aware": false,
                                "Index Name": "info_type_id_movie_info",
                                "Startup Cost": 0.0,
                                "Total Cost": 592.06,
                                "Plan Rows": 33017,
                                "Plan Width": 0,
                                "Actual Startup Time": 2.219,
                                "Actual Total Time": 2.219,
                                "Actual Rows": 32053,
                                "Actual Loops": 1,
                                "Index Cond": "(info_type_id > 108)"
                              }
                            ]
                          },
                          {
                            "Node Type": "Hash",
                            "Parent Relationship": "Inner",
                            "Parallel Aware": true,
                            "Startup Cost": 50870.31,
                            "Total Cost": 50870.31,
                            "Plan Rows": 1487231,
                            "Plan Width": 4,
                            "Actual Startup Time": 582.549,
                            "Actual Total Time": 582.55,
                            "Actual Rows": 1264156,
                            "Actual Loops": 2,
                            "Hash Buckets": 4194304,
                            "Original Hash Buckets": 4194304,
                            "Hash Batches": 1,
                            "Original Hash Batches": 1,
                            "Peak Memory Usage": 131712,
                            "Plans": [
                              {
                                "Node Type": "Seq Scan",
                                "Parent Relationship": "Outer",
                                "Parallel Aware": true,
                                "Relation Name": "title",
                                "Alias": "t",
                                "Startup Cost": 0.0,
                                "Total Cost": 50870.31,
                                "Plan Rows": 1487231,
                                "Plan Width": 4,
                                "Actual Startup Time": 0.032,
                                "Actual Total Time": 179.182,
                                "Actual Rows": 1264156,
                                "Actual Loops": 2
                              }
                            ]
                          }
                        ]
                      }
                    ]
                  }
                ]
              }
            ]
          }
        ]
      }
    ]
  },
  "Planning Time": 1.049,
  "Triggers": [],
  "Execution Time": 1211.447
}