{
  "Plan": {
    "Node Type": "Aggregate",
    "Strategy": "Plain",
    "Partial Mode": "Finalize",
    "Parallel Aware": false,
    "Startup Cost": 124536.25,
    "Total Cost": 124536.26,
    "Plan Rows": 1,
    "Plan Width": 8,
    "Actual Startup Time": 643.904,
    "Actual Total Time": 660.719,
    "Actual Rows": 1,
    "Actual Loops": 1,
    "Plans": [
      {
        "Node Type": "Gather",
        "Parent Relationship": "Outer",
        "Parallel Aware": false,
        "Startup Cost": 124536.14,
        "Total Cost": 124536.25,
        "Plan Rows": 1,
        "Plan Width": 8,
        "Actual Startup Time": 643.452,
        "Actual Total Time": 660.71,
        "Actual Rows": 2,
        "Actual Loops": 1,
        "Workers Planned": 1,
        "Workers Launched": 1,
        "Single Copy": false,
        "Plans": [
          {
            "Node Type": "Aggregate",
            "Strategy": "Plain",
            "Partial Mode": "Partial",
            "Parent Relationship": "Outer",
            "Parallel Aware": false,
            "Startup Cost": 123536.14,
            "Total Cost": 123536.15,
            "Plan Rows": 1,
            "Plan Width": 8,
            "Actual Startup Time": 639.475,
            "Actual Total Time": 639.479,
            "Actual Rows": 1,
            "Actual Loops": 2,
            "Plans": [
              {
                "Node Type": "Hash Join",
                "Parent Relationship": "Outer",
                "Parallel Aware": true,
                "Join Type": "Inner",
                "Startup Cost": 58810.78,
                "Total Cost": 123359.66,
                "Plan Rows": 70591,
                "Plan Width": 0,
                "Actual Startup Time": 191.901,
                "Actual Total Time": 625.871,
                "Actual Rows": 279338,
                "Actual Loops": 2,
                "Inner Unique": true,
                "Hash Cond": "(mk.movie_id = t.id)",
                "Plans": [
                  {
                    "Node Type": "Seq Scan",
                    "Parent Relationship": "Outer",
                    "Parallel Aware": true,
                    "Relation Name": "movie_keyword",
                    "Alias": "mk",
                    "Startup Cost": 0.0,
                    "Total Cost": 57718.19,
                    "Plan Rows": 2602164,
                    "Plan Width": 4,
                    "Actual Startup Time": 0.019,
                    "Actual Total Time": 242.153,
                    "Actual Rows": 2207034,
                    "Actual Loops": 2,
                    "Filter": "(keyword_id > 107)",
                    "Rows Removed by Filter": 54930
                  },
                  {
                    "Node Type": "Hash",
                    "Parent Relationship": "Inner",
                    "Parallel Aware": true,
                    "Startup Cost": 58306.47,
                    "Total Cost": 58306.47,
                    "Plan Rows": 40345,
                    "Plan Width": 4,
                    "Actual Startup Time": 188.075,
                    "Actual Total Time": 188.076,
                    "Actual Rows": 85362,
                    "Actual Loops": 2,
                    "Hash Buckets": 262144,
                    "Original Hash Buckets": 131072,
                    "Hash Batches": 1,
                    "Original Hash Batches": 1,
                    "Peak Memory Usage": 9792,
                    "Plans": [
                      {
                        "Node Type": "Seq Scan",
                        "Parent Relationship": "Outer",
                        "Parallel Aware": true,
                        "Relation Name": "title",
                        "Alias": "t",
                        "Startup Cost": 0.0,
                        "Total Cost": 58306.47,
                        "Plan Rows": 40345,
                        "Plan Width": 4,
                        "Actual Startup Time": 0.293,
                        "Actual Total Time": 160.517,
                        "Actual Rows": 85362,
                        "Actual Loops": 2,
                        "Filter": "((kind_id < 7) AND (production_year < 1953))",
                        "Rows Removed by Filter": 1178794
                      }
                    ]
                  }
                ]
              }
            ]
          }
        ]
      }
    ]
  },
  "Planning Time": 0.511,
  "Triggers": [],
  "Execution Time": 660.791
}