[
    {
        "Bao": {
            "Bao prediction": "NaN",
            "Bao recommended hint": "(no hint)"
        }
    },
    {
        "Plan": {
            "Node Type": "Aggregate",
            "Strategy": "Plain",
            "Partial Mode": "Finalize",
            "Parallel Aware": false,
            "Startup Cost": 32692.24,
            "Total Cost": 32692.25,
            "Plan Rows": 1,
            "Plan Width": 8,
            "Actual Startup Time": 94.415,
            "Actual Total Time": 99.408,
            "Actual Rows": 1,
            "Actual Loops": 1,
            "Output": [
                "count(*)"
            ],
            "Plans": [
                {
                    "Node Type": "Gather",
                    "Parent Relationship": "Outer",
                    "Parallel Aware": false,
                    "Startup Cost": 32691.93,
                    "Total Cost": 32692.24,
                    "Plan Rows": 3,
                    "Plan Width": 8,
                    "Actual Startup Time": 94.339,
                    "Actual Total Time": 99.402,
                    "Actual Rows": 4,
                    "Actual Loops": 1,
                    "Output": [
                        "(PARTIAL count(*))"
                    ],
                    "Workers Planned": 3,
                    "Workers Launched": 3,
                    "Single Copy": false,
                    "Plans": [
                        {
                            "Node Type": "Aggregate",
                            "Strategy": "Plain",
                            "Partial Mode": "Partial",
                            "Parent Relationship": "Outer",
                            "Parallel Aware": false,
                            "Startup Cost": 31691.93,
                            "Total Cost": 31691.94,
                            "Plan Rows": 1,
                            "Plan Width": 8,
                            "Actual Startup Time": 85.438,
                            "Actual Total Time": 85.439,
                            "Actual Rows": 1,
                            "Actual Loops": 4,
                            "Output": [
                                "PARTIAL count(*)"
                            ],
                            "Workers": [
                                {
                                    "Worker Number": 0,
                                    "Actual Startup Time": 82.577,
                                    "Actual Total Time": 82.578,
                                    "Actual Rows": 1,
                                    "Actual Loops": 1
                                },
                                {
                                    "Worker Number": 1,
                                    "Actual Startup Time": 82.657,
                                    "Actual Total Time": 82.658,
                                    "Actual Rows": 1,
                                    "Actual Loops": 1
                                },
                                {
                                    "Worker Number": 2,
                                    "Actual Startup Time": 82.605,
                                    "Actual Total Time": 82.606,
                                    "Actual Rows": 1,
                                    "Actual Loops": 1
                                }
                            ],
                            "Plans": [
                                {
                                    "Node Type": "Seq Scan",
                                    "Parent Relationship": "Outer",
                                    "Parallel Aware": true,
                                    "Relation Name": "movie_companies",
                                    "Schema": "public",
                                    "Alias": "mc",
                                    "Startup Cost": 0.0,
                                    "Total Cost": 31414.82,
                                    "Plan Rows": 110843,
                                    "Plan Width": 0,
                                    "Actual Startup Time": 44.264,
                                    "Actual Total Time": 78.208,
                                    "Actual Rows": 161268,
                                    "Actual Loops": 4,
                                    "Output": [
                                        "id",
                                        "movie_id",
                                        "company_id",
                                        "company_type_id",
                                        "note"
                                    ],
                                    "Filter": "((mc.company_id > 50468) AND (mc.company_type_id > 1))",
                                    "Rows Removed by Filter": 491014,
                                    "Workers": [
                                        {
                                            "Worker Number": 0,
                                            "Actual Startup Time": 41.405,
                                            "Actual Total Time": 75.661,
                                            "Actual Rows": 168193,
                                            "Actual Loops": 1
                                        },
                                        {
                                            "Worker Number": 1,
                                            "Actual Startup Time": 41.472,
                                            "Actual Total Time": 75.603,
                                            "Actual Rows": 105733,
                                            "Actual Loops": 1
                                        },
                                        {
                                            "Worker Number": 2,
                                            "Actual Startup Time": 41.441,
                                            "Actual Total Time": 75.65,
                                            "Actual Rows": 169812,
                                            "Actual Loops": 1
                                        }
                                    ]
                                }
                            ]
                        }
                    ]
                }
            ]
        },
        "Planning Time": 188.222,
        "Triggers": [],
        "Execution Time": 99.466
    }
]