[
  {
    "Plan": {
      "Node Type": "Aggregate",
      "Strategy": "Plain",
      "Partial Mode": "Finalize",
      "Parallel Aware": false,
      "Startup Cost": 353513.9,
      "Total Cost": 353513.91,
      "Plan Rows": 1,
      "Plan Width": 8,
      "Actual Startup Time": 869.85,
      "Actual Total Time": 926.907,
      "Actual Rows": 1,
      "Actual Loops": 1,
      "Plans": [
        {
          "Node Type": "Gather",
          "Parent Relationship": "Outer",
          "Parallel Aware": false,
          "Startup Cost": 353513.28,
          "Total Cost": 353513.89,
          "Plan Rows": 6,
          "Plan Width": 8,
          "Actual Startup Time": 869.722,
          "Actual Total Time": 926.898,
          "Actual Rows": 7,
          "Actual Loops": 1,
          "Workers Planned": 6,
          "Workers Launched": 6,
          "Single Copy": false,
          "Plans": [
            {
              "Node Type": "Aggregate",
              "Strategy": "Plain",
              "Partial Mode": "Partial",
              "Parent Relationship": "Outer",
              "Parallel Aware": false,
              "Startup Cost": 352513.28,
              "Total Cost": 352513.29,
              "Plan Rows": 1,
              "Plan Width": 8,
              "Actual Startup Time": 859.295,
              "Actual Total Time": 859.296,
              "Actual Rows": 1,
              "Actual Loops": 7,
              "Plans": [
                {
                  "Node Type": "Seq Scan",
                  "Parent Relationship": "Outer",
                  "Parallel Aware": true,
                  "Relation Name": "cast_info",
                  "Alias": "ci",
                  "Startup Cost": 0.0,
                  "Total Cost": 343257.03,
                  "Plan Rows": 3702499,
                  "Plan Width": 0,
                  "Actual Startup Time": 47.505,
                  "Actual Total Time": 721.794,
                  "Actual Rows": 3155224,
                  "Actual Loops": 7,
                  "Filter": "((person_id > 247675) AND (role_id < 4))",
                  "Rows Removed by Filter": 2022539
                }
              ]
            }
          ]
        }
      ]
    },
    "Planning Time": 0.204,
    "Triggers": [],
    "Execution Time": 926.975
  }
]