{
  "Plan": {
    "Node Type": "Aggregate",
    "Strategy": "Plain",
    "Partial Mode": "Finalize",
    "Parallel Aware": false,
    "Startup Cost": 164677.17,
    "Total Cost": 164677.18,
    "Plan Rows": 1,
    "Plan Width": 8,
    "Actual Startup Time": 1484.691,
    "Actual Total Time": 1503.984,
    "Actual Rows": 1,
    "Actual Loops": 1,
    "Plans": [
      {
        "Node Type": "Gather",
        "Parent Relationship": "Outer",
        "Parallel Aware": false,
        "Startup Cost": 164677.06,
        "Total Cost": 164677.17,
        "Plan Rows": 1,
        "Plan Width": 8,
        "Actual Startup Time": 1482.091,
        "Actual Total Time": 1503.974,
        "Actual Rows": 2,
        "Actual Loops": 1,
        "Workers Planned": 1,
        "Workers Launched": 1,
        "Single Copy": false,
        "Plans": [
          {
            "Node Type": "Aggregate",
            "Strategy": "Plain",
            "Partial Mode": "Partial",
            "Parent Relationship": "Outer",
            "Parallel Aware": false,
            "Startup Cost": 163677.06,
            "Total Cost": 163677.07,
            "Plan Rows": 1,
            "Plan Width": 8,
            "Actual Startup Time": 1476.154,
            "Actual Total Time": 1476.787,
            "Actual Rows": 1,
            "Actual Loops": 2,
            "Plans": [
              {
                "Node Type": "Hash Join",
                "Parent Relationship": "Outer",
                "Parallel Aware": true,
                "Join Type": "Inner",
                "Startup Cost": 95999.71,
                "Total Cost": 163395.47,
                "Plan Rows": 112635,
                "Plan Width": 0,
                "Actual Startup Time": 642.034,
                "Actual Total Time": 1332.295,
                "Actual Rows": 2984756,
                "Actual Loops": 2,
                "Inner Unique": false,
                "Hash Cond": "(mk.movie_id = t.id)",
                "Plans": [
                  {
                    "Node Type": "Seq Scan",
                    "Parent Relationship": "Outer",
                    "Parallel Aware": true,
                    "Relation Name": "movie_keyword",
                    "Alias": "mk",
                    "Startup Cost": 0.0,
                    "Total Cost": 57718.19,
                    "Plan Rows": 2404003,
                    "Plan Width": 4,
                    "Actual Startup Time": 0.038,
                    "Actual Total Time": 238.918,
                    "Actual Rows": 2035300,
                    "Actual Loops": 2,
                    "Filter": "(keyword_id > 347)",
                    "Rows Removed by Filter": 226665
                  },
                  {
                    "Node Type": "Hash",
                    "Parent Relationship": "Inner",
                    "Parallel Aware": true,
                    "Startup Cost": 95128.7,
                    "Total Cost": 95128.7,
                    "Plan Rows": 69681,
                    "Plan Width": 8,
                    "Actual Startup Time": 639.311,
                    "Actual Total Time": 639.942,
                    "Actual Rows": 257834,
                    "Actual Loops": 2,
                    "Hash Buckets": 524288,
                    "Original Hash Buckets": 131072,
                    "Hash Batches": 1,
                    "Original Hash Batches": 1,
                    "Peak Memory Usage": 27360,
                    "Plans": [
                      {
                        "Node Type": "Hash Join",
                        "Parent Relationship": "Outer",
                        "Parallel Aware": true,
                        "Join Type": "Inner",
                        "Startup Cost": 56962.06,
                        "Total Cost": 95128.7,
                        "Plan Rows": 69681,
                        "Plan Width": 8,
                        "Actual Startup Time": 197.938,
                        "Actual Total Time": 553.251,
                        "Actual Rows": 257834,
                        "Actual Loops": 2,
                        "Inner Unique": true,
                        "Hash Cond": "(mc.movie_id = t.id)",
                        "Plans": [
                          {
                            "Node Type": "Seq Scan",
                            "Parent Relationship": "Outer",
                            "Parallel Aware": true,
                            "Relation Name": "movie_companies",
                            "Alias": "mc",
                            "Startup Cost": 0.0,
                            "Total Cost": 34137.82,
                            "Plan Rows": 1534782,
                            "Plan Width": 4,
                            "Actual Startup Time": 0.016,
                            "Actual Total Time": 119.352,
                            "Actual Rows": 1304564,
                            "Actual Loops": 2
                          },
                          {
                            "Node Type": "Hash",
                            "Parent Relationship": "Inner",
                            "Parallel Aware": true,
                            "Startup Cost": 56118.04,
                            "Total Cost": 56118.04,
                            "Plan Rows": 67522,
                            "Plan Width": 4,
                            "Actual Startup Time": 196.475,
                            "Actual Total Time": 196.477,
                            "Actual Rows": 122292,
                            "Actual Loops": 2,
                            "Hash Buckets": 262144,
                            "Original Hash Buckets": 131072,
                            "Hash Batches": 1,
                            "Original Hash Batches": 1,
                            "Peak Memory Usage": 12672,
                            "Plans": [
                              {
                                "Node Type": "Bitmap Heap Scan",
                                "Parent Relationship": "Outer",
                                "Parallel Aware": true,
                                "Relation Name": "title",
                                "Alias": "t",
                                "Startup Cost": 13467.65,
                                "Total Cost": 56118.04,
                                "Plan Rows": 67522,
                                "Plan Width": 4,
                                "Actual Startup Time": 47.882,
                                "Actual Total Time": 158.543,
                                "Actual Rows": 122292,
                                "Actual Loops": 2,
                                "Recheck Cond": "(kind_id < 3)",
                                "Rows Removed by Index Recheck": 0,
                                "Filter": "(production_year < 1972)",
                                "Rows Removed by Filter": 254547,
                                "Exact Heap Blocks": 28865,
                                "Lossy Heap Blocks": 0,
                                "Plans": [
                                  {
                                    "Node Type": "Bitmap Index Scan",
                                    "Parent Relationship": "Outer",
                                    "Parallel Aware": false,
                                    "Index Name": "kind_id_title",
                                    "Startup Cost": 0.0,
                                    "Total Cost": 13438.96,
                                    "Plan Rows": 753937,
                                    "Plan Width": 0,
                                    "Actual Startup Time": 44.807,
                                    "Actual Total Time": 44.808,
                                    "Actual Rows": 753677,
                                    "Actual Loops": 1,
                                    "Index Cond": "(kind_id < 3)"
                                  }
                                ]
                              }
                            ]
                          }
                        ]
                      }
                    ]
                  }
                ]
              }
            ]
          }
        ]
      }
    ]
  },
  "Planning Time": 1.033,
  "Triggers": [],
  "Execution Time": 1504.088
}