[
  {
    "Plan": {
      "Node Type": "Aggregate",
      "Strategy": "Plain",
      "Partial Mode": "Finalize",
      "Parallel Aware": false,
      "Startup Cost": 45759.21,
      "Total Cost": 45759.22,
      "Plan Rows": 1,
      "Plan Width": 8,
      "Actual Startup Time": 140.924,
      "Actual Total Time": 150.812,
      "Actual Rows": 1,
      "Actual Loops": 1,
      "Plans": [
        {
          "Node Type": "Gather",
          "Parent Relationship": "Outer",
          "Parallel Aware": false,
          "Startup Cost": 45758.89,
          "Total Cost": 45759.2,
          "Plan Rows": 3,
          "Plan Width": 8,
          "Actual Startup Time": 140.756,
          "Actual Total Time": 150.802,
          "Actual Rows": 4,
          "Actual Loops": 1,
          "Workers Planned": 3,
          "Workers Launched": 3,
          "Single Copy": false,
          "Plans": [
            {
              "Node Type": "Aggregate",
              "Strategy": "Plain",
              "Partial Mode": "Partial",
              "Parent Relationship": "Outer",
              "Parallel Aware": false,
              "Startup Cost": 44758.89,
              "Total Cost": 44758.9,
              "Plan Rows": 1,
              "Plan Width": 8,
              "Actual Startup Time": 136.263,
              "Actual Total Time": 136.265,
              "Actual Rows": 1,
              "Actual Loops": 4,
              "Plans": [
                {
                  "Node Type": "Seq Scan",
                  "Parent Relationship": "Outer",
                  "Parallel Aware": true,
                  "Relation Name": "movie_keyword",
                  "Alias": "mk",
                  "Startup Cost": 0.0,
                  "Total Cost": 42695.65,
                  "Plan Rows": 825296,
                  "Plan Width": 0,
                  "Actual Startup Time": 0.542,
                  "Actual Total Time": 108.764,
                  "Actual Rows": 637868,
                  "Actual Loops": 4,
                  "Filter": "(keyword_id > 3452)",
                  "Rows Removed by Filter": 493114
                }
              ]
            }
          ]
        }
      ]
    },
    "Planning Time": 0.146,
    "Triggers": [],
    "Execution Time": 150.861
  }
]