[
  {
    "Plan": {
      "Node Type": "Aggregate",
      "Strategy": "Plain",
      "Partial Mode": "Finalize",
      "Parallel Aware": false,
      "Startup Cost": 285231.28,
      "Total Cost": 285231.29,
      "Plan Rows": 1,
      "Plan Width": 8,
      "Actual Startup Time": 3333.615,
      "Actual Total Time": 3428.189,
      "Actual Rows": 1,
      "Actual Loops": 1,
      "Plans": [
        {
          "Node Type": "Gather",
          "Parent Relationship": "Outer",
          "Parallel Aware": false,
          "Startup Cost": 285230.96,
          "Total Cost": 285231.27,
          "Plan Rows": 3,
          "Plan Width": 8,
          "Actual Startup Time": 3332.154,
          "Actual Total Time": 3428.176,
          "Actual Rows": 4,
          "Actual Loops": 1,
          "Workers Planned": 3,
          "Workers Launched": 3,
          "Single Copy": false,
          "Plans": [
            {
              "Node Type": "Aggregate",
              "Strategy": "Plain",
              "Partial Mode": "Partial",
              "Parent Relationship": "Outer",
              "Parallel Aware": false,
              "Startup Cost": 284230.96,
              "Total Cost": 284230.97,
              "Plan Rows": 1,
              "Plan Width": 8,
              "Actual Startup Time": 3322.691,
              "Actual Total Time": 3322.695,
              "Actual Rows": 1,
              "Actual Loops": 4,
              "Plans": [
                {
                  "Node Type": "Nested Loop",
                  "Parent Relationship": "Outer",
                  "Parallel Aware": false,
                  "Join Type": "Inner",
                  "Startup Cost": 46432.94,
                  "Total Cost": 283702.15,
                  "Plan Rows": 211527,
                  "Plan Width": 0,
                  "Actual Startup Time": 121.067,
                  "Actual Total Time": 3291.509,
                  "Actual Rows": 625258,
                  "Actual Loops": 4,
                  "Inner Unique": false,
                  "Join Filter": "(t.id = ci.movie_id)",
                  "Rows Removed by Join Filter": 0,
                  "Plans": [
                    {
                      "Node Type": "Hash Join",
                      "Parent Relationship": "Outer",
                      "Parallel Aware": true,
                      "Join Type": "Inner",
                      "Startup Cost": 46432.37,
                      "Total Cost": 75848.26,
                      "Plan Rows": 101549,
                      "Plan Width": 8,
                      "Actual Startup Time": 120.908,
                      "Actual Total Time": 350.773,
                      "Actual Rows": 106084,
                      "Actual Loops": 4,
                      "Inner Unique": true,
                      "Hash Cond": "(mc.movie_id = t.id)",
                      "Plans": [
                        {
                          "Node Type": "Seq Scan",
                          "Parent Relationship": "Outer",
                          "Parallel Aware": true,
                          "Relation Name": "movie_companies",
                          "Alias": "mc",
                          "Startup Cost": 0.0,
                          "Total Cost": 27206.55,
                          "Plan Rows": 841655,
                          "Plan Width": 4,
                          "Actual Startup Time": 0.018,
                          "Actual Total Time": 59.75,
                          "Actual Rows": 652282,
                          "Actual Loops": 4
                        },
                        {
                          "Node Type": "Hash",
                          "Parent Relationship": "Inner",
                          "Parallel Aware": true,
                          "Startup Cost": 45479.1,
                          "Total Cost": 45479.1,
                          "Plan Rows": 76262,
                          "Plan Width": 4,
                          "Actual Startup Time": 117.33,
                          "Actual Total Time": 117.331,
                          "Actual Rows": 62550,
                          "Actual Loops": 4,
                          "Hash Buckets": 524288,
                          "Original Hash Buckets": 524288,
                          "Hash Batches": 1,
                          "Original Hash Batches": 1,
                          "Peak Memory Usage": 13952,
                          "Plans": [
                            {
                              "Node Type": "Seq Scan",
                              "Parent Relationship": "Outer",
                              "Parallel Aware": true,
                              "Relation Name": "title",
                              "Alias": "t",
                              "Startup Cost": 0.0,
                              "Total Cost": 45479.1,
                              "Plan Rows": 76262,
                              "Plan Width": 4,
                              "Actual Startup Time": 0.086,
                              "Actual Total Time": 95.573,
                              "Actual Rows": 62550,
                              "Actual Loops": 4,
                              "Filter": "((kind_id < 3) AND (production_year > 2005))",
                              "Rows Removed by Filter": 569528
                            }
                          ]
                        }
                      ]
                    },
                    {
                      "Node Type": "Index Scan",
                      "Parent Relationship": "Inner",
                      "Parallel Aware": false,
                      "Scan Direction": "Forward",
                      "Index Name": "movie_id_cast_info",
                      "Relation Name": "cast_info",
                      "Alias": "ci",
                      "Startup Cost": 0.56,
                      "Total Cost": 1.98,
                      "Plan Rows": 5,
                      "Plan Width": 4,
                      "Actual Startup Time": 0.006,
                      "Actual Total Time": 0.027,
                      "Actual Rows": 6,
                      "Actual Loops": 424335,
                      "Index Cond": "(movie_id = mc.movie_id)",
                      "Rows Removed by Index Recheck": 0,
                      "Filter": "((person_id < 684199) AND (role_id < 6))",
                      "Rows Removed by Filter": 35
                    }
                  ]
                }
              ]
            }
          ]
        }
      ]
    },
    "Planning Time": 1.386,
    "Triggers": [],
    "Execution Time": 3428.306
  }
]