[
  {
    "Plan": {
      "Node Type": "Aggregate",
      "Strategy": "Plain",
      "Partial Mode": "Finalize",
      "Parallel Aware": false,
      "Startup Cost": 109774.13,
      "Total Cost": 109774.14,
      "Plan Rows": 1,
      "Plan Width": 8,
      "Actual Startup Time": 350.792,
      "Actual Total Time": 368.289,
      "Actual Rows": 1,
      "Actual Loops": 1,
      "Plans": [
        {
          "Node Type": "Gather",
          "Parent Relationship": "Outer",
          "Parallel Aware": false,
          "Startup Cost": 109773.81,
          "Total Cost": 109774.12,
          "Plan Rows": 3,
          "Plan Width": 8,
          "Actual Startup Time": 349.697,
          "Actual Total Time": 368.278,
          "Actual Rows": 4,
          "Actual Loops": 1,
          "Workers Planned": 3,
          "Workers Launched": 3,
          "Single Copy": false,
          "Plans": [
            {
              "Node Type": "Aggregate",
              "Strategy": "Plain",
              "Partial Mode": "Partial",
              "Parent Relationship": "Outer",
              "Parallel Aware": false,
              "Startup Cost": 108773.81,
              "Total Cost": 108773.82,
              "Plan Rows": 1,
              "Plan Width": 8,
              "Actual Startup Time": 341.416,
              "Actual Total Time": 341.491,
              "Actual Rows": 1,
              "Actual Loops": 4,
              "Plans": [
                {
                  "Node Type": "Hash Join",
                  "Parent Relationship": "Outer",
                  "Parallel Aware": true,
                  "Join Type": "Inner",
                  "Startup Cost": 62748.92,
                  "Total Cost": 108626.81,
                  "Plan Rows": 58802,
                  "Plan Width": 0,
                  "Actual Startup Time": 195.511,
                  "Actual Total Time": 339.799,
                  "Actual Rows": 41356,
                  "Actual Loops": 4,
                  "Inner Unique": false,
                  "Hash Cond": "(mk.movie_id = t.id)",
                  "Plans": [
                    {
                      "Node Type": "Seq Scan",
                      "Parent Relationship": "Outer",
                      "Parallel Aware": true,
                      "Relation Name": "movie_keyword",
                      "Alias": "mk",
                      "Startup Cost": 0.0,
                      "Total Cost": 42695.65,
                      "Plan Rows": 783260,
                      "Plan Width": 4,
                      "Actual Startup Time": 0.227,
                      "Actual Total Time": 101.162,
                      "Actual Rows": 606273,
                      "Actual Loops": 4,
                      "Filter": "(keyword_id > 3778)",
                      "Rows Removed by Filter": 524710
                    },
                    {
                      "Node Type": "Hash",
                      "Parent Relationship": "Inner",
                      "Parallel Aware": true,
                      "Startup Cost": 61760.33,
                      "Total Cost": 61760.33,
                      "Plan Rows": 79087,
                      "Plan Width": 8,
                      "Actual Startup Time": 193.081,
                      "Actual Total Time": 193.154,
                      "Actual Rows": 23056,
                      "Actual Loops": 4,
                      "Hash Buckets": 262144,
                      "Original Hash Buckets": 262144,
                      "Hash Batches": 1,
                      "Original Hash Batches": 1,
                      "Peak Memory Usage": 5696,
                      "Plans": [
                        {
                          "Node Type": "Hash Join",
                          "Parent Relationship": "Outer",
                          "Parallel Aware": true,
                          "Join Type": "Inner",
                          "Startup Cost": 46565.77,
                          "Total Cost": 61760.33,
                          "Plan Rows": 79087,
                          "Plan Width": 8,
                          "Actual Startup Time": 119.525,
                          "Actual Total Time": 187.822,
                          "Actual Rows": 23056,
                          "Actual Loops": 4,
                          "Inner Unique": true,
                          "Hash Cond": "(mi_idx.movie_id = t.id)",
                          "Plans": [
                            {
                              "Node Type": "Seq Scan",
                              "Parent Relationship": "Outer",
                              "Parallel Aware": true,
                              "Relation Name": "movie_info_idx",
                              "Alias": "mi_idx",
                              "Startup Cost": 0.0,
                              "Total Cost": 13685.15,
                              "Plan Rows": 575015,
                              "Plan Width": 4,
                              "Actual Startup Time": 0.025,
                              "Actual Total Time": 28.529,
                              "Actual Rows": 345009,
                              "Actual Loops": 4
                            },
                            {
                              "Node Type": "Hash",
                              "Parent Relationship": "Inner",
                              "Parallel Aware": true,
                              "Startup Cost": 45479.1,
                              "Total Cost": 45479.1,
                              "Plan Rows": 86934,
                              "Plan Width": 4,
                              "Actual Startup Time": 117.72,
                              "Actual Total Time": 117.721,
                              "Actual Rows": 54632,
                              "Actual Loops": 4,
                              "Hash Buckets": 524288,
                              "Original Hash Buckets": 524288,
                              "Hash Batches": 1,
                              "Original Hash Batches": 1,
                              "Peak Memory Usage": 12704,
                              "Plans": [
                                {
                                  "Node Type": "Seq Scan",
                                  "Parent Relationship": "Outer",
                                  "Parallel Aware": true,
                                  "Relation Name": "title",
                                  "Alias": "t",
                                  "Startup Cost": 0.0,
                                  "Total Cost": 45479.1,
                                  "Plan Rows": 86934,
                                  "Plan Width": 4,
                                  "Actual Startup Time": 0.042,
                                  "Actual Total Time": 95.812,
                                  "Actual Rows": 54632,
                                  "Actual Loops": 4,
                                  "Filter": "((kind_id > 1) AND (production_year < 1978))",
                                  "Rows Removed by Filter": 577446
                                }
                              ]
                            }
                          ]
                        }
                      ]
                    }
                  ]
                }
              ]
            }
          ]
        }
      ]
    },
    "Planning Time": 1.027,
    "Triggers": [],
    "Execution Time": 368.356
  }
]