{
  "Plan": {
    "Node Type": "Aggregate",
    "Strategy": "Plain",
    "Partial Mode": "Finalize",
    "Parallel Aware": false,
    "Startup Cost": 441658.17,
    "Total Cost": 441658.18,
    "Plan Rows": 1,
    "Plan Width": 8,
    "Actual Startup Time": 4680.53,
    "Actual Total Time": 4793.507,
    "Actual Rows": 1,
    "Actual Loops": 1,
    "Plans": [
      {
        "Node Type": "Gather",
        "Parent Relationship": "Outer",
        "Parallel Aware": false,
        "Startup Cost": 441658.05,
        "Total Cost": 441658.16,
        "Plan Rows": 1,
        "Plan Width": 8,
        "Actual Startup Time": 4680.378,
        "Actual Total Time": 4793.499,
        "Actual Rows": 2,
        "Actual Loops": 1,
        "Workers Planned": 1,
        "Workers Launched": 1,
        "Single Copy": false,
        "Plans": [
          {
            "Node Type": "Aggregate",
            "Strategy": "Plain",
            "Partial Mode": "Partial",
            "Parent Relationship": "Outer",
            "Parallel Aware": false,
            "Startup Cost": 440658.05,
            "Total Cost": 440658.06,
            "Plan Rows": 1,
            "Plan Width": 8,
            "Actual Startup Time": 4674.506,
            "Actual Total Time": 4674.509,
            "Actual Rows": 1,
            "Actual Loops": 2,
            "Plans": [
              {
                "Node Type": "Nested Loop",
                "Parent Relationship": "Outer",
                "Parallel Aware": false,
                "Join Type": "Inner",
                "Startup Cost": 58435.33,
                "Total Cost": 438763.12,
                "Plan Rows": 757974,
                "Plan Width": 0,
                "Actual Startup Time": 138.893,
                "Actual Total Time": 4517.77,
                "Actual Rows": 3341303,
                "Actual Loops": 2,
                "Inner Unique": false,
                "Join Filter": "(t.id = ci.movie_id)",
                "Rows Removed by Join Filter": 0,
                "Plans": [
                  {
                    "Node Type": "Hash Join",
                    "Parent Relationship": "Outer",
                    "Parallel Aware": true,
                    "Join Type": "Inner",
                    "Startup Cost": 58434.77,
                    "Total Cost": 330218.26,
                    "Plan Rows": 60017,
                    "Plan Width": 8,
                    "Actual Startup Time": 138.823,
                    "Actual Total Time": 1437.856,
                    "Actual Rows": 84466,
                    "Actual Loops": 2,
                    "Inner Unique": true,
                    "Hash Cond": "(mi.movie_id = t.id)",
                    "Plans": [
                      {
                        "Node Type": "Seq Scan",
                        "Parent Relationship": "Outer",
                        "Parallel Aware": true,
                        "Relation Name": "movie_info",
                        "Alias": "mi",
                        "Startup Cost": 0.0,
                        "Total Cost": 248955.74,
                        "Plan Rows": 8696274,
                        "Plan Width": 4,
                        "Actual Startup Time": 0.017,
                        "Actual Total Time": 631.648,
                        "Actual Rows": 7417860,
                        "Actual Loops": 2
                      },
                      {
                        "Node Type": "Hash",
                        "Parent Relationship": "Inner",
                        "Parallel Aware": true,
                        "Startup Cost": 58306.47,
                        "Total Cost": 58306.47,
                        "Plan Rows": 10264,
                        "Plan Width": 4,
                        "Actual Startup Time": 137.079,
                        "Actual Total Time": 137.08,
                        "Actual Rows": 7224,
                        "Actual Loops": 2,
                        "Hash Buckets": 32768,
                        "Original Hash Buckets": 32768,
                        "Hash Batches": 1,
                        "Original Hash Batches": 1,
                        "Peak Memory Usage": 864,
                        "Plans": [
                          {
                            "Node Type": "Seq Scan",
                            "Parent Relationship": "Outer",
                            "Parallel Aware": true,
                            "Relation Name": "title",
                            "Alias": "t",
                            "Startup Cost": 0.0,
                            "Total Cost": 58306.47,
                            "Plan Rows": 10264,
                            "Plan Width": 4,
                            "Actual Startup Time": 1.279,
                            "Actual Total Time": 134.841,
                            "Actual Rows": 7224,
                            "Actual Loops": 2,
                            "Filter": "((kind_id < 7) AND (production_year = 1998))",
                            "Rows Removed by Filter": 1256932
                          }
                        ]
                      }
                    ]
                  },
                  {
                    "Node Type": "Index Scan",
                    "Parent Relationship": "Inner",
                    "Parallel Aware": false,
                    "Scan Direction": "Forward",
                    "Index Name": "movie_id_cast_info",
                    "Relation Name": "cast_info",
                    "Alias": "ci",
                    "Startup Cost": 0.56,
                    "Total Cost": 1.41,
                    "Plan Rows": 32,
                    "Plan Width": 4,
                    "Actual Startup Time": 0.004,
                    "Actual Total Time": 0.032,
                    "Actual Rows": 40,
                    "Actual Loops": 168931,
                    "Index Cond": "(movie_id = mi.movie_id)",
                    "Rows Removed by Index Recheck": 0,
                    "Filter": "(person_id < 3306672)",
                    "Rows Removed by Filter": 12
                  }
                ]
              }
            ]
          }
        ]
      }
    ]
  },
  "Planning Time": 0.939,
  "Triggers": [],
  "Execution Time": 4793.608
}