[
  {
    "Plan": {
      "Node Type": "Aggregate",
      "Strategy": "Plain",
      "Partial Mode": "Simple",
      "Parallel Aware": false,
      "Startup Cost": 477990.11,
      "Total Cost": 477990.12,
      "Plan Rows": 1,
      "Plan Width": 64,
      "Actual Startup Time": 3347.616,
      "Actual Total Time": 3347.621,
      "Actual Rows": 1,
      "Actual Loops": 1,
      "Output": [
        "min(mi_idx.info)",
        "min(t.title)"
      ],
      "Plans": [
        {
          "Node Type": "Hash Join",
          "Parent Relationship": "Outer",
          "Parallel Aware": false,
          "Join Type": "Inner",
          "Startup Cost": 105144.53,
          "Total Cost": 476455.87,
          "Plan Rows": 306847,
          "Plan Width": 22,
          "Actual Startup Time": 1578.116,
          "Actual Total Time": 3340.032,
          "Actual Rows": 80057,
          "Actual Loops": 1,
          "Output": [
            "mi_idx.info",
            "t.title"
          ],
          "Inner Unique": false,
          "Hash Cond": "(t.id = mc.movie_id)",
          "Plans": [
            {
              "Node Type": "Nested Loop",
              "Parent Relationship": "Outer",
              "Parallel Aware": false,
              "Join Type": "Inner",
              "Startup Cost": 27649.12,
              "Total Cost": 290038.01,
              "Plan Rows": 5711800,
              "Plan Width": 34,
              "Actual Startup Time": 266.648,
              "Actual Total Time": 2003.782,
              "Actual Rows": 15961,
              "Actual Loops": 1,
              "Output": [
                "mi.movie_id",
                "mi_idx.info",
                "mi_idx.movie_id",
                "t.title",
                "t.id"
              ],
              "Inner Unique": false,
              "Plans": [
                {
                  "Node Type": "Hash Join",
                  "Parent Relationship": "Outer",
                  "Parallel Aware": false,
                  "Join Type": "Inner",
                  "Startup Cost": 27648.69,
                  "Total Cost": 108947.66,
                  "Plan Rows": 81791,
                  "Plan Width": 30,
                  "Actual Startup Time": 264.482,
                  "Actual Total Time": 902.245,
                  "Actual Rows": 82267,
                  "Actual Loops": 1,
                  "Output": [
                    "mi_idx.info",
                    "mi_idx.movie_id",
                    "t.title",
                    "t.id"
                  ],
                  "Inner Unique": false,
                  "Hash Cond": "(t.id = mi_idx.movie_id)",
                  "Plans": [
                    {
                      "Node Type": "Seq Scan",
                      "Parent Relationship": "Outer",
                      "Parallel Aware": false,
                      "Relation Name": "title",
                      "Schema": "public",
                      "Alias": "t",
                      "Startup Cost": 0.0,
                      "Total Cost": 73922.39,
                      "Plan Rows": 1049387,
                      "Plan Width": 21,
                      "Actual Startup Time": 0.079,
                      "Actual Total Time": 345.458,
                      "Actual Rows": 1042800,
                      "Actual Loops": 1,
                      "Output": [
                        "t.id",
                        "t.title",
                        "t.imdb_index",
                        "t.kind_id",
                        "t.production_year",
                        "t.imdb_id",
                        "t.phonetic_code",
                        "t.episode_of_id",
                        "t.season_nr",
                        "t.episode_nr",
                        "t.series_years",
                        "t.md5sum"
                      ],
                      "Filter": "((t.production_year >= 2000) AND (t.production_year <= 2010))",
                      "Rows Removed by Filter": 1485512
                    },
                    {
                      "Node Type": "Hash",
                      "Parent Relationship": "Inner",
                      "Parallel Aware": false,
                      "Startup Cost": 25185.44,
                      "Total Cost": 25185.44,
                      "Plan Rows": 197060,
                      "Plan Width": 9,
                      "Actual Startup Time": 260.927,
                      "Actual Total Time": 260.928,
                      "Actual Rows": 192839,
                      "Actual Loops": 1,
                      "Output": [
                        "mi_idx.info",
                        "mi_idx.movie_id"
                      ],
                      "Hash Buckets": 262144,
                      "Original Hash Buckets": 262144,
                      "Hash Batches": 1,
                      "Original Hash Batches": 1,
                      "Peak Memory Usage": 9602,
                      "Plans": [
                        {
                          "Node Type": "Seq Scan",
                          "Parent Relationship": "Outer",
                          "Parallel Aware": false,
                          "Relation Name": "movie_info_idx",
                          "Schema": "public",
                          "Alias": "mi_idx",
                          "Startup Cost": 0.0,
                          "Total Cost": 25185.44,
                          "Plan Rows": 197060,
                          "Plan Width": 9,
                          "Actual Startup Time": 0.056,
                          "Actual Total Time": 207.592,
                          "Actual Rows": 192839,
                          "Actual Loops": 1,
                          "Output": [
                            "mi_idx.info",
                            "mi_idx.movie_id"
                          ],
                          "Filter": "(mi_idx.info > '7.0'::text)",
                          "Rows Removed by Filter": 1187196
                        }
                      ]
                    }
                  ]
                },
                {
                  "Node Type": "Index Scan",
                  "Parent Relationship": "Inner",
                  "Parallel Aware": false,
                  "Scan Direction": "Forward",
                  "Index Name": "movie_id_movie_info",
                  "Relation Name": "movie_info",
                  "Schema": "public",
                  "Alias": "mi",
                  "Startup Cost": 0.43,
                  "Total Cost": 2.2,
                  "Plan Rows": 1,
                  "Plan Width": 4,
                  "Actual Startup Time": 0.013,
                  "Actual Total Time": 0.013,
                  "Actual Rows": 0,
                  "Actual Loops": 82267,
                  "Output": [
                    "mi.id",
                    "mi.movie_id",
                    "mi.info_type_id",
                    "mi.info",
                    "mi.note"
                  ],
                  "Index Cond": "(mi.movie_id = t.id)",
                  "Rows Removed by Index Recheck": 0,
                  "Filter": "(mi.info = ANY ('{Drama,Horror,Western,Family}'::text[]))",
                  "Rows Removed by Filter": 15
                }
              ]
            },
            {
              "Node Type": "Hash",
              "Parent Relationship": "Inner",
              "Parallel Aware": false,
              "Startup Cost": 44881.29,
              "Total Cost": 44881.29,
              "Plan Rows": 2609129,
              "Plan Width": 4,
              "Actual Startup Time": 1289.019,
              "Actual Total Time": 1289.02,
              "Actual Rows": 2609129,
              "Actual Loops": 1,
              "Output": [
                "mc.movie_id"
              ],
              "Hash Buckets": 4194304,
              "Original Hash Buckets": 4194304,
              "Hash Batches": 1,
              "Original Hash Batches": 1,
              "Peak Memory Usage": 124496,
              "Plans": [
                {
                  "Node Type": "Seq Scan",
                  "Parent Relationship": "Outer",
                  "Parallel Aware": false,
                  "Relation Name": "movie_companies",
                  "Schema": "public",
                  "Alias": "mc",
                  "Startup Cost": 0.0,
                  "Total Cost": 44881.29,
                  "Plan Rows": 2609129,
                  "Plan Width": 4,
                  "Actual Startup Time": 0.049,
                  "Actual Total Time": 425.172,
                  "Actual Rows": 2609129,
                  "Actual Loops": 1,
                  "Output": [
                    "mc.movie_id"
                  ]
                }
              ]
            }
          ]
        }
      ]
    },
    "Planning Time": 7211.185,
    "Triggers": [],
    "Execution Time": 3350.835
  }
]