[
    {
        "Bao": {
            "Bao prediction": "NaN",
            "Bao recommended hint": "(no hint)"
        }
    },
    {
        "Plan": {
            "Node Type": "Aggregate",
            "Strategy": "Plain",
            "Partial Mode": "Finalize",
            "Parallel Aware": false,
            "Startup Cost": 319128.25,
            "Total Cost": 319128.26,
            "Plan Rows": 1,
            "Plan Width": 8,
            "Actual Startup Time": 251.887,
            "Actual Total Time": 259.486,
            "Actual Rows": 1,
            "Actual Loops": 1,
            "Output": [
                "count(*)"
            ],
            "Plans": [
                {
                    "Node Type": "Gather",
                    "Parent Relationship": "Outer",
                    "Parallel Aware": false,
                    "Startup Cost": 319127.62,
                    "Total Cost": 319128.23,
                    "Plan Rows": 6,
                    "Plan Width": 8,
                    "Actual Startup Time": 251.053,
                    "Actual Total Time": 259.477,
                    "Actual Rows": 7,
                    "Actual Loops": 1,
                    "Output": [
                        "(PARTIAL count(*))"
                    ],
                    "Workers Planned": 6,
                    "Workers Launched": 6,
                    "Single Copy": false,
                    "Plans": [
                        {
                            "Node Type": "Aggregate",
                            "Strategy": "Plain",
                            "Partial Mode": "Partial",
                            "Parent Relationship": "Outer",
                            "Parallel Aware": false,
                            "Startup Cost": 318127.62,
                            "Total Cost": 318127.63,
                            "Plan Rows": 1,
                            "Plan Width": 8,
                            "Actual Startup Time": 240.607,
                            "Actual Total Time": 240.608,
                            "Actual Rows": 1,
                            "Actual Loops": 7,
                            "Output": [
                                "PARTIAL count(*)"
                            ],
                            "Workers": [
                                {
                                    "Worker Number": 0,
                                    "Actual Startup Time": 237.642,
                                    "Actual Total Time": 237.643,
                                    "Actual Rows": 1,
                                    "Actual Loops": 1
                                },
                                {
                                    "Worker Number": 1,
                                    "Actual Startup Time": 238.813,
                                    "Actual Total Time": 238.815,
                                    "Actual Rows": 1,
                                    "Actual Loops": 1
                                },
                                {
                                    "Worker Number": 2,
                                    "Actual Startup Time": 239.194,
                                    "Actual Total Time": 239.196,
                                    "Actual Rows": 1,
                                    "Actual Loops": 1
                                },
                                {
                                    "Worker Number": 3,
                                    "Actual Startup Time": 239.279,
                                    "Actual Total Time": 239.281,
                                    "Actual Rows": 1,
                                    "Actual Loops": 1
                                },
                                {
                                    "Worker Number": 4,
                                    "Actual Startup Time": 239.321,
                                    "Actual Total Time": 239.322,
                                    "Actual Rows": 1,
                                    "Actual Loops": 1
                                },
                                {
                                    "Worker Number": 5,
                                    "Actual Startup Time": 239.791,
                                    "Actual Total Time": 239.792,
                                    "Actual Rows": 1,
                                    "Actual Loops": 1
                                }
                            ],
                            "Plans": [
                                {
                                    "Node Type": "Bitmap Heap Scan",
                                    "Parent Relationship": "Outer",
                                    "Parallel Aware": true,
                                    "Relation Name": "cast_info",
                                    "Schema": "public",
                                    "Alias": "ci",
                                    "Startup Cost": 58784.03,
                                    "Total Cost": 317018.19,
                                    "Plan Rows": 443773,
                                    "Plan Width": 0,
                                    "Actual Startup Time": 103.792,
                                    "Actual Total Time": 218.742,
                                    "Actual Rows": 388582,
                                    "Actual Loops": 7,
                                    "Recheck Cond": "(ci.person_id > 3541243)",
                                    "Rows Removed by Index Recheck": 0,
                                    "Exact Heap Blocks": 9662,
                                    "Lossy Heap Blocks": 0,
                                    "Workers": [
                                        {
                                            "Worker Number": 0,
                                            "Actual Startup Time": 100.719,
                                            "Actual Total Time": 216.472,
                                            "Actual Rows": 275549,
                                            "Actual Loops": 1
                                        },
                                        {
                                            "Worker Number": 1,
                                            "Actual Startup Time": 101.895,
                                            "Actual Total Time": 216.995,
                                            "Actual Rows": 288457,
                                            "Actual Loops": 1
                                        },
                                        {
                                            "Worker Number": 2,
                                            "Actual Startup Time": 102.87,
                                            "Actual Total Time": 218.294,
                                            "Actual Rows": 402397,
                                            "Actual Loops": 1
                                        },
                                        {
                                            "Worker Number": 3,
                                            "Actual Startup Time": 102.449,
                                            "Actual Total Time": 218.3,
                                            "Actual Rows": 402019,
                                            "Actual Loops": 1
                                        },
                                        {
                                            "Worker Number": 4,
                                            "Actual Startup Time": 102.808,
                                            "Actual Total Time": 218.225,
                                            "Actual Rows": 401845,
                                            "Actual Loops": 1
                                        },
                                        {
                                            "Worker Number": 5,
                                            "Actual Startup Time": 102.881,
                                            "Actual Total Time": 218.399,
                                            "Actual Rows": 281433,
                                            "Actual Loops": 1
                                        }
                                    ],
                                    "Plans": [
                                        {
                                            "Node Type": "Bitmap Index Scan",
                                            "Parent Relationship": "Outer",
                                            "Parallel Aware": false,
                                            "Index Name": "person_id_cast_info",
                                            "Startup Cost": 0.0,
                                            "Total Cost": 58118.37,
                                            "Plan Rows": 2662640,
                                            "Plan Width": 0,
                                            "Actual Startup Time": 106.739,
                                            "Actual Total Time": 106.739,
                                            "Actual Rows": 2720076,
                                            "Actual Loops": 1,
                                            "Index Cond": "(ci.person_id > 3541243)"
                                        }
                                    ]
                                }
                            ]
                        }
                    ]
                }
            ]
        },
        "Planning Time": 215.152,
        "Triggers": [],
        "Execution Time": 259.586
    }
]