{
  "Plan": {
    "Node Type": "Aggregate",
    "Strategy": "Plain",
    "Partial Mode": "Finalize",
    "Parallel Aware": false,
    "Startup Cost": 121188.5,
    "Total Cost": 121188.51,
    "Plan Rows": 1,
    "Plan Width": 8,
    "Actual Startup Time": 410.366,
    "Actual Total Time": 423.451,
    "Actual Rows": 1,
    "Actual Loops": 1,
    "Plans": [
      {
        "Node Type": "Gather",
        "Parent Relationship": "Outer",
        "Parallel Aware": false,
        "Startup Cost": 121188.39,
        "Total Cost": 121188.5,
        "Plan Rows": 1,
        "Plan Width": 8,
        "Actual Startup Time": 410.022,
        "Actual Total Time": 423.446,
        "Actual Rows": 2,
        "Actual Loops": 1,
        "Workers Planned": 1,
        "Workers Launched": 1,
        "Single Copy": false,
        "Plans": [
          {
            "Node Type": "Aggregate",
            "Strategy": "Plain",
            "Partial Mode": "Partial",
            "Parent Relationship": "Outer",
            "Parallel Aware": false,
            "Startup Cost": 120188.39,
            "Total Cost": 120188.4,
            "Plan Rows": 1,
            "Plan Width": 8,
            "Actual Startup Time": 407.634,
            "Actual Total Time": 407.637,
            "Actual Rows": 1,
            "Actual Loops": 2,
            "Plans": [
              {
                "Node Type": "Hash Join",
                "Parent Relationship": "Outer",
                "Parallel Aware": true,
                "Join Type": "Inner",
                "Startup Cost": 58597.69,
                "Total Cost": 120131.46,
                "Plan Rows": 22771,
                "Plan Width": 0,
                "Actual Startup Time": 187.075,
                "Actual Total Time": 406.326,
                "Actual Rows": 28526,
                "Actual Loops": 2,
                "Inner Unique": true,
                "Hash Cond": "(mk.movie_id = t.id)",
                "Plans": [
                  {
                    "Node Type": "Seq Scan",
                    "Parent Relationship": "Outer",
                    "Parallel Aware": true,
                    "Relation Name": "movie_keyword",
                    "Alias": "mk",
                    "Startup Cost": 0.0,
                    "Total Cost": 57718.19,
                    "Plan Rows": 1453549,
                    "Plan Width": 4,
                    "Actual Startup Time": 0.325,
                    "Actual Total Time": 178.732,
                    "Actual Rows": 1236606,
                    "Actual Loops": 2,
                    "Filter": "(keyword_id > 3658)",
                    "Rows Removed by Filter": 1025358
                  },
                  {
                    "Node Type": "Hash",
                    "Parent Relationship": "Inner",
                    "Parallel Aware": true,
                    "Startup Cost": 58306.47,
                    "Total Cost": 58306.47,
                    "Plan Rows": 23298,
                    "Plan Width": 4,
                    "Actual Startup Time": 137.356,
                    "Actual Total Time": 137.357,
                    "Actual Rows": 58927,
                    "Actual Loops": 2,
                    "Hash Buckets": 131072,
                    "Original Hash Buckets": 65536,
                    "Hash Batches": 1,
                    "Original Hash Batches": 1,
                    "Peak Memory Usage": 6176,
                    "Plans": [
                      {
                        "Node Type": "Seq Scan",
                        "Parent Relationship": "Outer",
                        "Parallel Aware": true,
                        "Relation Name": "title",
                        "Alias": "t",
                        "Startup Cost": 0.0,
                        "Total Cost": 58306.47,
                        "Plan Rows": 23298,
                        "Plan Width": 4,
                        "Actual Startup Time": 70.865,
                        "Actual Total Time": 124.028,
                        "Actual Rows": 58927,
                        "Actual Loops": 2,
                        "Filter": "((kind_id < 4) AND (production_year < 1931))",
                        "Rows Removed by Filter": 1205229
                      }
                    ]
                  }
                ]
              }
            ]
          }
        ]
      }
    ]
  },
  "Planning Time": 0.228,
  "Triggers": [],
  "Execution Time": 423.492
}