[
  {
    "Plan": {
      "Node Type": "Aggregate",
      "Strategy": "Plain",
      "Partial Mode": "Finalize",
      "Parallel Aware": false,
      "Startup Cost": 45754.91,
      "Total Cost": 45754.92,
      "Plan Rows": 1,
      "Plan Width": 8,
      "Actual Startup Time": 162.446,
      "Actual Total Time": 171.725,
      "Actual Rows": 1,
      "Actual Loops": 1,
      "Plans": [
        {
          "Node Type": "Gather",
          "Parent Relationship": "Outer",
          "Parallel Aware": false,
          "Startup Cost": 45754.59,
          "Total Cost": 45754.9,
          "Plan Rows": 3,
          "Plan Width": 8,
          "Actual Startup Time": 162.335,
          "Actual Total Time": 171.716,
          "Actual Rows": 4,
          "Actual Loops": 1,
          "Workers Planned": 3,
          "Workers Launched": 3,
          "Single Copy": false,
          "Plans": [
            {
              "Node Type": "Aggregate",
              "Strategy": "Plain",
              "Partial Mode": "Partial",
              "Parent Relationship": "Outer",
              "Parallel Aware": false,
              "Startup Cost": 44754.59,
              "Total Cost": 44754.6,
              "Plan Rows": 1,
              "Plan Width": 8,
              "Actual Startup Time": 155.505,
              "Actual Total Time": 155.507,
              "Actual Rows": 1,
              "Actual Loops": 4,
              "Plans": [
                {
                  "Node Type": "Seq Scan",
                  "Parent Relationship": "Outer",
                  "Parallel Aware": true,
                  "Relation Name": "movie_keyword",
                  "Alias": "mk",
                  "Startup Cost": 0.0,
                  "Total Cost": 42695.65,
                  "Plan Rows": 823576,
                  "Plan Width": 0,
                  "Actual Startup Time": 0.556,
                  "Actual Total Time": 124.228,
                  "Actual Rows": 636024,
                  "Actual Loops": 4,
                  "Filter": "(keyword_id > 3493)",
                  "Rows Removed by Filter": 494959
                }
              ]
            }
          ]
        }
      ]
    },
    "Planning Time": 0.186,
    "Triggers": [],
    "Execution Time": 171.782
  }
]