[
  {
    "Plan": {
      "Node Type": "Aggregate",
      "Strategy": "Plain",
      "Partial Mode": "Finalize",
      "Parallel Aware": false,
      "Startup Cost": 312524.25,
      "Total Cost": 312524.26,
      "Plan Rows": 1,
      "Plan Width": 8,
      "Actual Startup Time": 1743.693,
      "Actual Total Time": 1789.241,
      "Actual Rows": 1,
      "Actual Loops": 1,
      "Plans": [
        {
          "Node Type": "Gather",
          "Parent Relationship": "Outer",
          "Parallel Aware": false,
          "Startup Cost": 312523.93,
          "Total Cost": 312524.24,
          "Plan Rows": 3,
          "Plan Width": 8,
          "Actual Startup Time": 1723.882,
          "Actual Total Time": 1789.226,
          "Actual Rows": 4,
          "Actual Loops": 1,
          "Workers Planned": 3,
          "Workers Launched": 3,
          "Single Copy": false,
          "Plans": [
            {
              "Node Type": "Aggregate",
              "Strategy": "Plain",
              "Partial Mode": "Partial",
              "Parent Relationship": "Outer",
              "Parallel Aware": false,
              "Startup Cost": 311523.93,
              "Total Cost": 311523.94,
              "Plan Rows": 1,
              "Plan Width": 8,
              "Actual Startup Time": 1702.848,
              "Actual Total Time": 1703.585,
              "Actual Rows": 1,
              "Actual Loops": 4,
              "Plans": [
                {
                  "Node Type": "Hash Join",
                  "Parent Relationship": "Outer",
                  "Parallel Aware": true,
                  "Join Type": "Inner",
                  "Startup Cost": 258651.66,
                  "Total Cost": 306883.68,
                  "Plan Rows": 1856101,
                  "Plan Width": 0,
                  "Actual Startup Time": 1395.493,
                  "Actual Total Time": 1668.826,
                  "Actual Rows": 752223,
                  "Actual Loops": 4,
                  "Inner Unique": false,
                  "Hash Cond": "(mk.movie_id = t.id)",
                  "Plans": [
                    {
                      "Node Type": "Seq Scan",
                      "Parent Relationship": "Outer",
                      "Parallel Aware": true,
                      "Relation Name": "movie_keyword",
                      "Alias": "mk",
                      "Startup Cost": 0.0,
                      "Total Cost": 39047.32,
                      "Plan Rows": 1459332,
                      "Plan Width": 4,
                      "Actual Startup Time": 0.037,
                      "Actual Total Time": 91.017,
                      "Actual Rows": 1130982,
                      "Actual Loops": 4
                    },
                    {
                      "Node Type": "Hash",
                      "Parent Relationship": "Inner",
                      "Parallel Aware": true,
                      "Startup Cost": 250612.01,
                      "Total Cost": 250612.01,
                      "Plan Rows": 643172,
                      "Plan Width": 8,
                      "Actual Startup Time": 1381.948,
                      "Actual Total Time": 1382.683,
                      "Actual Rows": 510003,
                      "Actual Loops": 4,
                      "Hash Buckets": 4194304,
                      "Original Hash Buckets": 4194304,
                      "Hash Batches": 1,
                      "Original Hash Batches": 1,
                      "Peak Memory Usage": 112672,
                      "Plans": [
                        {
                          "Node Type": "Hash Join",
                          "Parent Relationship": "Outer",
                          "Parallel Aware": true,
                          "Join Type": "Inner",
                          "Startup Cost": 48758.37,
                          "Total Cost": 250612.01,
                          "Plan Rows": 643172,
                          "Plan Width": 8,
                          "Actual Startup Time": 309.382,
                          "Actual Total Time": 1159.372,
                          "Actual Rows": 510003,
                          "Actual Loops": 4,
                          "Inner Unique": true,
                          "Hash Cond": "(mi.movie_id = t.id)",
                          "Plans": [
                            {
                              "Node Type": "Seq Scan",
                              "Parent Relationship": "Outer",
                              "Parallel Aware": true,
                              "Relation Name": "movie_info",
                              "Alias": "mi",
                              "Startup Cost": 0.0,
                              "Total Cost": 199108.24,
                              "Plan Rows": 1045865,
                              "Plan Width": 4,
                              "Actual Startup Time": 24.657,
                              "Actual Total Time": 464.952,
                              "Actual Rows": 1317642,
                              "Actual Loops": 4,
                              "Filter": "(info_type_id > 15)",
                              "Rows Removed by Filter": 2391288
                            },
                            {
                              "Node Type": "Hash",
                              "Parent Relationship": "Inner",
                              "Parallel Aware": true,
                              "Startup Cost": 43899.32,
                              "Total Cost": 43899.32,
                              "Plan Rows": 388724,
                              "Plan Width": 4,
                              "Actual Startup Time": 279.899,
                              "Actual Total Time": 279.9,
                              "Actual Rows": 388966,
                              "Actual Loops": 4,
                              "Hash Buckets": 2097152,
                              "Original Hash Buckets": 2097152,
                              "Hash Batches": 1,
                              "Original Hash Batches": 1,
                              "Peak Memory Usage": 77312,
                              "Plans": [
                                {
                                  "Node Type": "Seq Scan",
                                  "Parent Relationship": "Outer",
                                  "Parallel Aware": true,
                                  "Relation Name": "title",
                                  "Alias": "t",
                                  "Startup Cost": 0.0,
                                  "Total Cost": 43899.32,
                                  "Plan Rows": 388724,
                                  "Plan Width": 4,
                                  "Actual Startup Time": 0.068,
                                  "Actual Total Time": 115.674,
                                  "Actual Rows": 388966,
                                  "Actual Loops": 4,
                                  "Filter": "(kind_id > 4)",
                                  "Rows Removed by Filter": 243112
                                }
                              ]
                            }
                          ]
                        }
                      ]
                    }
                  ]
                }
              ]
            }
          ]
        }
      ]
    },
    "Planning Time": 1.517,
    "Triggers": [],
    "Execution Time": 1789.332
  }
]