{
  "Plan": {
    "Node Type": "Aggregate",
    "Strategy": "Plain",
    "Partial Mode": "Finalize",
    "Parallel Aware": false,
    "Startup Cost": 88575.22,
    "Total Cost": 88575.23,
    "Plan Rows": 1,
    "Plan Width": 8,
    "Actual Startup Time": 245.632,
    "Actual Total Time": 261.834,
    "Actual Rows": 1,
    "Actual Loops": 1,
    "Plans": [
      {
        "Node Type": "Gather",
        "Parent Relationship": "Outer",
        "Parallel Aware": false,
        "Startup Cost": 88575.11,
        "Total Cost": 88575.22,
        "Plan Rows": 1,
        "Plan Width": 8,
        "Actual Startup Time": 245.344,
        "Actual Total Time": 261.827,
        "Actual Rows": 2,
        "Actual Loops": 1,
        "Workers Planned": 1,
        "Workers Launched": 1,
        "Single Copy": false,
        "Plans": [
          {
            "Node Type": "Aggregate",
            "Strategy": "Plain",
            "Partial Mode": "Partial",
            "Parent Relationship": "Outer",
            "Parallel Aware": false,
            "Startup Cost": 87575.11,
            "Total Cost": 87575.12,
            "Plan Rows": 1,
            "Plan Width": 8,
            "Actual Startup Time": 241.724,
            "Actual Total Time": 241.728,
            "Actual Rows": 1,
            "Actual Loops": 2,
            "Plans": [
              {
                "Node Type": "Hash Join",
                "Parent Relationship": "Outer",
                "Parallel Aware": true,
                "Join Type": "Inner",
                "Startup Cost": 64681.21,
                "Total Cost": 87571.13,
                "Plan Rows": 1591,
                "Plan Width": 0,
                "Actual Startup Time": 165.796,
                "Actual Total Time": 241.555,
                "Actual Rows": 2231,
                "Actual Loops": 2,
                "Inner Unique": true,
                "Hash Cond": "(mc.movie_id = t.id)",
                "Plans": [
                  {
                    "Node Type": "Bitmap Heap Scan",
                    "Parent Relationship": "Outer",
                    "Parallel Aware": true,
                    "Relation Name": "movie_companies",
                    "Alias": "mc",
                    "Startup Cost": 9983.76,
                    "Total Cost": 32162.12,
                    "Plan Rows": 271069,
                    "Plan Width": 4,
                    "Actual Startup Time": 27.157,
                    "Actual Total Time": 76.92,
                    "Actual Rows": 227602,
                    "Actual Loops": 2,
                    "Recheck Cond": "(company_id < 385)",
                    "Rows Removed by Index Recheck": 0,
                    "Exact Heap Blocks": 10336,
                    "Lossy Heap Blocks": 0,
                    "Plans": [
                      {
                        "Node Type": "Bitmap Index Scan",
                        "Parent Relationship": "Outer",
                        "Parallel Aware": false,
                        "Index Name": "company_id_movie_companies",
                        "Startup Cost": 0.0,
                        "Total Cost": 9868.56,
                        "Plan Rows": 460817,
                        "Plan Width": 0,
                        "Actual Startup Time": 24.37,
                        "Actual Total Time": 24.37,
                        "Actual Rows": 455205,
                        "Actual Loops": 1,
                        "Index Cond": "(company_id < 385)"
                      }
                    ]
                  },
                  {
                    "Node Type": "Hash",
                    "Parent Relationship": "Inner",
                    "Parallel Aware": true,
                    "Startup Cost": 54588.39,
                    "Total Cost": 54588.39,
                    "Plan Rows": 8725,
                    "Plan Width": 4,
                    "Actual Startup Time": 137.698,
                    "Actual Total Time": 137.699,
                    "Actual Rows": 7385,
                    "Actual Loops": 2,
                    "Hash Buckets": 16384,
                    "Original Hash Buckets": 16384,
                    "Hash Batches": 1,
                    "Original Hash Batches": 1,
                    "Peak Memory Usage": 736,
                    "Plans": [
                      {
                        "Node Type": "Seq Scan",
                        "Parent Relationship": "Outer",
                        "Parallel Aware": true,
                        "Relation Name": "title",
                        "Alias": "t",
                        "Startup Cost": 0.0,
                        "Total Cost": 54588.39,
                        "Plan Rows": 8725,
                        "Plan Width": 4,
                        "Actual Startup Time": 0.031,
                        "Actual Total Time": 134.975,
                        "Actual Rows": 7385,
                        "Actual Loops": 2,
                        "Filter": "(production_year = 1982)",
                        "Rows Removed by Filter": 1256771
                      }
                    ]
                  }
                ]
              }
            ]
          }
        ]
      }
    ]
  },
  "Planning Time": 0.454,
  "Triggers": [],
  "Execution Time": 261.93
}