{
  "Plan": {
    "Node Type": "Aggregate",
    "Strategy": "Plain",
    "Partial Mode": "Finalize",
    "Parallel Aware": false,
    "Startup Cost": 438184.71,
    "Total Cost": 438184.72,
    "Plan Rows": 1,
    "Plan Width": 8,
    "Actual Startup Time": 2882.323,
    "Actual Total Time": 2921.21,
    "Actual Rows": 1,
    "Actual Loops": 1,
    "Plans": [
      {
        "Node Type": "Gather",
        "Parent Relationship": "Outer",
        "Parallel Aware": false,
        "Startup Cost": 438184.6,
        "Total Cost": 438184.71,
        "Plan Rows": 1,
        "Plan Width": 8,
        "Actual Startup Time": 2875.024,
        "Actual Total Time": 2921.202,
        "Actual Rows": 2,
        "Actual Loops": 1,
        "Workers Planned": 1,
        "Workers Launched": 1,
        "Single Copy": false,
        "Plans": [
          {
            "Node Type": "Aggregate",
            "Strategy": "Plain",
            "Partial Mode": "Partial",
            "Parent Relationship": "Outer",
            "Parallel Aware": false,
            "Startup Cost": 437184.6,
            "Total Cost": 437184.61,
            "Plan Rows": 1,
            "Plan Width": 8,
            "Actual Startup Time": 2863.589,
            "Actual Total Time": 2863.595,
            "Actual Rows": 1,
            "Actual Loops": 2,
            "Plans": [
              {
                "Node Type": "Hash Join",
                "Parent Relationship": "Outer",
                "Parallel Aware": true,
                "Join Type": "Inner",
                "Startup Cost": 354888.66,
                "Total Cost": 432021.97,
                "Plan Rows": 2065053,
                "Plan Width": 0,
                "Actual Startup Time": 1987.109,
                "Actual Total Time": 2666.913,
                "Actual Rows": 4911052,
                "Actual Loops": 2,
                "Inner Unique": false,
                "Hash Cond": "(mk.movie_id = t.id)",
                "Plans": [
                  {
                    "Node Type": "Seq Scan",
                    "Parent Relationship": "Outer",
                    "Parallel Aware": true,
                    "Relation Name": "movie_keyword",
                    "Alias": "mk",
                    "Startup Cost": 0.0,
                    "Total Cost": 57718.19,
                    "Plan Rows": 1453549,
                    "Plan Width": 4,
                    "Actual Startup Time": 0.344,
                    "Actual Total Time": 183.111,
                    "Actual Rows": 1236606,
                    "Actual Loops": 2,
                    "Filter": "(keyword_id > 3658)",
                    "Rows Removed by Filter": 1025358
                  },
                  {
                    "Node Type": "Hash",
                    "Parent Relationship": "Inner",
                    "Parallel Aware": true,
                    "Startup Cost": 328477.35,
                    "Total Cost": 328477.35,
                    "Plan Rows": 2112905,
                    "Plan Width": 8,
                    "Actual Startup Time": 1967.245,
                    "Actual Total Time": 1967.249,
                    "Actual Rows": 1812488,
                    "Actual Loops": 2,
                    "Hash Buckets": 4194304,
                    "Original Hash Buckets": 4194304,
                    "Hash Batches": 1,
                    "Original Hash Batches": 1,
                    "Peak Memory Usage": 174592,
                    "Plans": [
                      {
                        "Node Type": "Hash Join",
                        "Parent Relationship": "Outer",
                        "Parallel Aware": true,
                        "Join Type": "Inner",
                        "Startup Cost": 134526.65,
                        "Total Cost": 328477.35,
                        "Plan Rows": 2112905,
                        "Plan Width": 8,
                        "Actual Startup Time": 625.244,
                        "Actual Total Time": 1458.391,
                        "Actual Rows": 1812488,
                        "Actual Loops": 2,
                        "Inner Unique": true,
                        "Hash Cond": "(mi.movie_id = t.id)",
                        "Plans": [
                          {
                            "Node Type": "Bitmap Heap Scan",
                            "Parent Relationship": "Outer",
                            "Parallel Aware": true,
                            "Relation Name": "movie_info",
                            "Alias": "mi",
                            "Startup Cost": 65065.95,
                            "Total Cost": 253470.26,
                            "Plan Rows": 2112905,
                            "Plan Width": 4,
                            "Actual Startup Time": 102.151,
                            "Actual Total Time": 261.479,
                            "Actual Rows": 1812488,
                            "Actual Loops": 2,
                            "Recheck Cond": "(info_type_id < 4)",
                            "Rows Removed by Index Recheck": 0,
                            "Exact Heap Blocks": 11786,
                            "Lossy Heap Blocks": 0,
                            "Plans": [
                              {
                                "Node Type": "Bitmap Index Scan",
                                "Parent Relationship": "Outer",
                                "Parallel Aware": false,
                                "Index Name": "info_type_id_movie_info",
                                "Startup Cost": 0.0,
                                "Total Cost": 64167.97,
                                "Plan Rows": 3591938,
                                "Plan Width": 0,
                                "Actual Startup Time": 98.656,
                                "Actual Total Time": 98.656,
                                "Actual Rows": 3624977,
                                "Actual Loops": 1,
                                "Index Cond": "(info_type_id < 4)"
                              }
                            ]
                          },
                          {
                            "Node Type": "Hash",
                            "Parent Relationship": "Inner",
                            "Parallel Aware": true,
                            "Startup Cost": 50870.31,
                            "Total Cost": 50870.31,
                            "Plan Rows": 1487231,
                            "Plan Width": 4,
                            "Actual Startup Time": 511.423,
                            "Actual Total Time": 511.423,
                            "Actual Rows": 1264156,
                            "Actual Loops": 2,
                            "Hash Buckets": 4194304,
                            "Original Hash Buckets": 4194304,
                            "Hash Batches": 1,
                            "Original Hash Batches": 1,
                            "Peak Memory Usage": 131712,
                            "Plans": [
                              {
                                "Node Type": "Seq Scan",
                                "Parent Relationship": "Outer",
                                "Parallel Aware": true,
                                "Relation Name": "title",
                                "Alias": "t",
                                "Startup Cost": 0.0,
                                "Total Cost": 50870.31,
                                "Plan Rows": 1487231,
                                "Plan Width": 4,
                                "Actual Startup Time": 0.029,
                                "Actual Total Time": 148.845,
                                "Actual Rows": 1264156,
                                "Actual Loops": 2
                              }
                            ]
                          }
                        ]
                      }
                    ]
                  }
                ]
              }
            ]
          }
        ]
      }
    ]
  },
  "Planning Time": 0.84,
  "Triggers": [],
  "Execution Time": 2921.298
}