{
  "Plan": {
    "Node Type": "Aggregate",
    "Strategy": "Plain",
    "Partial Mode": "Simple",
    "Parallel Aware": false,
    "Startup Cost": 773536.58,
    "Total Cost": 773536.59,
    "Plan Rows": 1,
    "Plan Width": 64,
    "Actual Startup Time": 4241.231,
    "Actual Total Time": 4330.166,
    "Actual Rows": 1,
    "Actual Loops": 1,
    "Plans": [
      {
        "Node Type": "Nested Loop",
        "Parent Relationship": "Outer",
        "Parallel Aware": false,
        "Join Type": "Inner",
        "Startup Cost": 573679.97,
        "Total Cost": 773536.33,
        "Plan Rows": 51,
        "Plan Width": 38,
        "Actual Startup Time": 4241.187,
        "Actual Total Time": 4330.12,
        "Actual Rows": 0,
        "Actual Loops": 1,
        "Inner Unique": true,
        "Plans": [
          {
            "Node Type": "Nested Loop",
            "Parent Relationship": "Outer",
            "Parallel Aware": false,
            "Join Type": "Inner",
            "Startup Cost": 573679.55,
            "Total Cost": 773513.95,
            "Plan Rows": 51,
            "Plan Width": 42,
            "Actual Startup Time": 4241.186,
            "Actual Total Time": 4330.116,
            "Actual Rows": 0,
            "Actual Loops": 1,
            "Inner Unique": false,
            "Join Filter": "(mi.info_type_id = it1.id)",
            "Rows Removed by Join Filter": 0,
            "Plans": [
              {
                "Node Type": "Seq Scan",
                "Parent Relationship": "Outer",
                "Parallel Aware": false,
                "Relation Name": "info_type",
                "Alias": "it1",
                "Startup Cost": 0.0,
                "Total Cost": 2.41,
                "Plan Rows": 1,
                "Plan Width": 4,
                "Actual Startup Time": 0.037,
                "Actual Total Time": 0.23,
                "Actual Rows": 1,
                "Actual Loops": 1,
                "Filter": "((info)::text = 'release dates'::text)",
                "Rows Removed by Filter": 112
              },
              {
                "Node Type": "Gather",
                "Parent Relationship": "Inner",
                "Parallel Aware": false,
                "Startup Cost": 573679.55,
                "Total Cost": 773439.0,
                "Plan Rows": 5803,
                "Plan Width": 46,
                "Actual Startup Time": 4240.95,
                "Actual Total Time": 4329.874,
                "Actual Rows": 0,
                "Actual Loops": 1,
                "Workers Planned": 5,
                "Workers Launched": 5,
                "Single Copy": false,
                "Plans": [
                  {
                    "Node Type": "Hash Join",
                    "Parent Relationship": "Outer",
                    "Parallel Aware": true,
                    "Join Type": "Inner",
                    "Startup Cost": 572679.55,
                    "Total Cost": 771858.7,
                    "Plan Rows": 1161,
                    "Plan Width": 46,
                    "Actual Startup Time": 4113.923,
                    "Actual Total Time": 4114.028,
                    "Actual Rows": 0,
                    "Actual Loops": 6,
                    "Inner Unique": false,
                    "Hash Cond": "(mi.movie_id = t.id)",
                    "Plans": [
                      {
                        "Node Type": "Seq Scan",
                        "Parent Relationship": "Outer",
                        "Parallel Aware": true,
                        "Relation Name": "movie_info",
                        "Alias": "mi",
                        "Startup Cost": 0.0,
                        "Total Cost": 199164.27,
                        "Plan Rows": 2297,
                        "Plan Width": 8,
                        "Actual Startup Time": 32.755,
                        "Actual Total Time": 593.168,
                        "Actual Rows": 1802,
                        "Actual Loops": 6,
                        "Filter": "(note ~~ '%internet%'::text)",
                        "Rows Removed by Filter": 2470818
                      },
                      {
                        "Node Type": "Hash",
                        "Parent Relationship": "Inner",
                        "Parallel Aware": true,
                        "Startup Cost": 571943.99,
                        "Total Cost": 571943.99,
                        "Plan Rows": 58845,
                        "Plan Width": 58,
                        "Actual Startup Time": 3517.971,
                        "Actual Total Time": 3518.067,
                        "Actual Rows": 2074,
                        "Actual Loops": 6,
                        "Hash Buckets": 262144,
                        "Original Hash Buckets": 262144,
                        "Hash Batches": 1,
                        "Original Hash Batches": 1,
                        "Peak Memory Usage": 3392,
                        "Plans": [
                          {
                            "Node Type": "Hash Join",
                            "Parent Relationship": "Outer",
                            "Parallel Aware": true,
                            "Join Type": "Inner",
                            "Startup Cost": 527416.02,
                            "Total Cost": 571943.99,
                            "Plan Rows": 58845,
                            "Plan Width": 58,
                            "Actual Startup Time": 3406.496,
                            "Actual Total Time": 3514.024,
                            "Actual Rows": 2074,
                            "Actual Loops": 6,
                            "Inner Unique": false,
                            "Hash Cond": "(mk.movie_id = t.id)",
                            "Plans": [
                              {
                                "Node Type": "Seq Scan",
                                "Parent Relationship": "Outer",
                                "Parallel Aware": true,
                                "Relation Name": "movie_keyword",
                                "Alias": "mk",
                                "Startup Cost": 0.0,
                                "Total Cost": 39047.32,
                                "Plan Rows": 1459332,
                                "Plan Width": 8,
                                "Actual Startup Time": 0.089,
                                "Actual Total Time": 89.506,
                                "Actual Rows": 753988,
                                "Actual Loops": 6
                              },
                              {
                                "Node Type": "Hash",
                                "Parent Relationship": "Inner",
                                "Parallel Aware": true,
                                "Startup Cost": 527398.37,
                                "Total Cost": 527398.37,
                                "Plan Rows": 1412,
                                "Plan Width": 50,
                                "Actual Startup Time": 3361.463,
                                "Actual Total Time": 3361.539,
                                "Actual Rows": 1281,
                                "Actual Loops": 6,
                                "Hash Buckets": 8192,
                                "Original Hash Buckets": 8192,
                                "Hash Batches": 1,
                                "Original Hash Batches": 1,
                                "Peak Memory Usage": 896,
                                "Plans": [
                                  {
                                    "Node Type": "Hash Join",
                                    "Parent Relationship": "Outer",
                                    "Parallel Aware": false,
                                    "Join Type": "Inner",
                                    "Startup Cost": 482282.94,
                                    "Total Cost": 527398.37,
                                    "Plan Rows": 1412,
                                    "Plan Width": 50,
                                    "Actual Startup Time": 2979.076,
                                    "Actual Total Time": 3011.941,
                                    "Actual Rows": 1281,
                                    "Actual Loops": 6,
                                    "Inner Unique": false,
                                    "Hash Cond": "(t.id = at.movie_id)",
                                    "Plans": [
                                      {
                                        "Node Type": "Seq Scan",
                                        "Parent Relationship": "Outer",
                                        "Parallel Aware": true,
                                        "Relation Name": "title",
                                        "Alias": "t",
                                        "Startup Cost": 0.0,
                                        "Total Cost": 43899.59,
                                        "Plan Rows": 5401,
                                        "Plan Width": 21,
                                        "Actual Startup Time": 79.722,
                                        "Actual Total Time": 109.832,
                                        "Actual Rows": 4085,
                                        "Actual Loops": 6,
                                        "Filter": "(production_year < 1910)",
                                        "Rows Removed by Filter": 417301
                                      },
                                      {
                                        "Node Type": "Hash",
                                        "Parent Relationship": "Inner",
                                        "Parallel Aware": false,
                                        "Startup Cost": 474018.84,
                                        "Total Cost": 474018.84,
                                        "Plan Rows": 661128,
                                        "Plan Width": 29,
                                        "Actual Startup Time": 2889.292,
                                        "Actual Total Time": 2889.337,
                                        "Actual Rows": 627946,
                                        "Actual Loops": 6,
                                        "Hash Buckets": 1048576,
                                        "Original Hash Buckets": 1048576,
                                        "Hash Batches": 1,
                                        "Original Hash Batches": 1,
                                        "Peak Memory Usage": 47369,
                                        "Plans": [
                                          {
                                            "Node Type": "Hash Join",
                                            "Parent Relationship": "Outer",
                                            "Parallel Aware": false,
                                            "Join Type": "Inner",
                                            "Startup Cost": 98827.12,
                                            "Total Cost": 474018.84,
                                            "Plan Rows": 661128,
                                            "Plan Width": 29,
                                            "Actual Startup Time": 1184.958,
                                            "Actual Total Time": 2681.601,
                                            "Actual Rows": 627946,
                                            "Actual Loops": 6,
                                            "Inner Unique": true,
                                            "Hash Cond": "(mc.company_id = cn.id)",
                                            "Plans": [
                                              {
                                                "Node Type": "Hash Join",
                                                "Parent Relationship": "Outer",
                                                "Parallel Aware": false,
                                                "Join Type": "Inner",
                                                "Startup Cost": 91820.52,
                                                "Total Cost": 462266.15,
                                                "Plan Rows": 1807997,
                                                "Plan Width": 33,
                                                "Actual Startup Time": 1115.101,
                                                "Actual Total Time": 2311.857,
                                                "Actual Rows": 1946320,
                                                "Actual Loops": 6,
                                                "Inner Unique": false,
                                                "Hash Cond": "(mc.movie_id = at.movie_id)",
                                                "Plans": [
                                                  {
                                                    "Node Type": "Hash Join",
                                                    "Parent Relationship": "Outer",
                                                    "Parallel Aware": false,
                                                    "Join Type": "Inner",
                                                    "Startup Cost": 77495.4,
                                                    "Total Cost": 110242.76,
                                                    "Plan Rows": 2609129,
                                                    "Plan Width": 8,
                                                    "Actual Startup Time": 923.438,
                                                    "Actual Total Time": 1182.532,
                                                    "Actual Rows": 2609129,
                                                    "Actual Loops": 6,
                                                    "Inner Unique": false,
                                                    "Hash Cond": "(ct.id = mc.company_type_id)",
                                                    "Plans": [
                                                      {
                                                        "Node Type": "Seq Scan",
                                                        "Parent Relationship": "Outer",
                                                        "Parallel Aware": false,
                                                        "Relation Name": "company_type",
                                                        "Alias": "ct",
                                                        "Startup Cost": 0.0,
                                                        "Total Cost": 1.04,
                                                        "Plan Rows": 4,
                                                        "Plan Width": 4,
                                                        "Actual Startup Time": 0.055,
                                                        "Actual Total Time": 0.067,
                                                        "Actual Rows": 4,
                                                        "Actual Loops": 6
                                                      },
                                                      {
                                                        "Node Type": "Hash",
                                                        "Parent Relationship": "Inner",
                                                        "Parallel Aware": false,
                                                        "Startup Cost": 44881.29,
                                                        "Total Cost": 44881.29,
                                                        "Plan Rows": 2609129,
                                                        "Plan Width": 12,
                                                        "Actual Startup Time": 891.364,
                                                        "Actual Total Time": 891.37,
                                                        "Actual Rows": 2609129,
                                                        "Actual Loops": 6,
                                                        "Hash Buckets": 4194304,
                                                        "Original Hash Buckets": 4194304,
                                                        "Hash Batches": 1,
                                                        "Original Hash Batches": 1,
                                                        "Peak Memory Usage": 144880,
                                                        "Plans": [
                                                          {
                                                            "Node Type": "Seq Scan",
                                                            "Parent Relationship": "Outer",
                                                            "Parallel Aware": false,
                                                            "Relation Name": "movie_companies",
                                                            "Alias": "mc",
                                                            "Startup Cost": 0.0,
                                                            "Total Cost": 44881.29,
                                                            "Plan Rows": 2609129,
                                                            "Plan Width": 12,
                                                            "Actual Startup Time": 0.05,
                                                            "Actual Total Time": 396.475,
                                                            "Actual Rows": 2609129,
                                                            "Actual Loops": 6
                                                          }
                                                        ]
                                                      }
                                                    ]
                                                  },
                                                  {
                                                    "Node Type": "Hash",
                                                    "Parent Relationship": "Inner",
                                                    "Parallel Aware": false,
                                                    "Startup Cost": 9806.72,
                                                    "Total Cost": 9806.72,
                                                    "Plan Rows": 361472,
                                                    "Plan Width": 25,
                                                    "Actual Startup Time": 187.905,
                                                    "Actual Total Time": 187.911,
                                                    "Actual Rows": 361472,
                                                    "Actual Loops": 6,
                                                    "Hash Buckets": 524288,
                                                    "Original Hash Buckets": 524288,
                                                    "Hash Batches": 1,
                                                    "Original Hash Batches": 1,
                                                    "Peak Memory Usage": 25054,
                                                    "Plans": [
                                                      {
                                                        "Node Type": "Seq Scan",
                                                        "Parent Relationship": "Outer",
                                                        "Parallel Aware": false,
                                                        "Relation Name": "aka_title",
                                                        "Alias": "at",
                                                        "Startup Cost": 0.0,
                                                        "Total Cost": 9806.72,
                                                        "Plan Rows": 361472,
                                                        "Plan Width": 25,
                                                        "Actual Startup Time": 0.06,
                                                        "Actual Total Time": 69.437,
                                                        "Actual Rows": 361472,
                                                        "Actual Loops": 6
                                                      }
                                                    ]
                                                  }
                                                ]
                                              },
                                              {
                                                "Node Type": "Hash",
                                                "Parent Relationship": "Inner",
                                                "Parallel Aware": false,
                                                "Startup Cost": 5932.46,
                                                "Total Cost": 5932.46,
                                                "Plan Rows": 85931,
                                                "Plan Width": 4,
                                                "Actual Startup Time": 68.765,
                                                "Actual Total Time": 68.773,
                                                "Actual Rows": 84843,
                                                "Actual Loops": 6,
                                                "Hash Buckets": 131072,
                                                "Original Hash Buckets": 131072,
                                                "Hash Batches": 1,
                                                "Original Hash Batches": 1,
                                                "Peak Memory Usage": 4007,
                                                "Plans": [
                                                  {
                                                    "Node Type": "Seq Scan",
                                                    "Parent Relationship": "Outer",
                                                    "Parallel Aware": false,
                                                    "Relation Name": "company_name",
                                                    "Alias": "cn",
                                                    "Startup Cost": 0.0,
                                                    "Total Cost": 5932.46,
                                                    "Plan Rows": 85931,
                                                    "Plan Width": 4,
                                                    "Actual Startup Time": 0.084,
                                                    "Actual Total Time": 46.187,
                                                    "Actual Rows": 84843,
                                                    "Actual Loops": 6,
                                                    "Filter": "((country_code)::text = '[us]'::text)",
                                                    "Rows Removed by Filter": 150154
                                                  }
                                                ]
                                              }
                                            ]
                                          }
                                        ]
                                      }
                                    ]
                                  }
                                ]
                              }
                            ]
                          }
                        ]
                      }
                    ]
                  }
                ]
              }
            ]
          },
          {
            "Node Type": "Index Only Scan",
            "Parent Relationship": "Inner",
            "Parallel Aware": false,
            "Scan Direction": "Forward",
            "Index Name": "keyword_pkey",
            "Relation Name": "keyword",
            "Alias": "k",
            "Startup Cost": 0.42,
            "Total Cost": 0.44,
            "Plan Rows": 1,
            "Plan Width": 4,
            "Actual Startup Time": 0.0,
            "Actual Total Time": 0.0,
            "Actual Rows": 0,
            "Actual Loops": 0,
            "Index Cond": "(id = mk.keyword_id)",
            "Rows Removed by Index Recheck": 0,
            "Heap Fetches": 0
          }
        ]
      }
    ]
  },
  "Planning Time": 24.54,
  "Triggers": [],
  "Execution Time": 4349.38
}