[
  {
    "Plan": {
      "Node Type": "Aggregate",
      "Strategy": "Plain",
      "Partial Mode": "Finalize",
      "Parallel Aware": false,
      "Startup Cost": 45049.2,
      "Total Cost": 45049.21,
      "Plan Rows": 1,
      "Plan Width": 8,
      "Actual Startup Time": 165.421,
      "Actual Total Time": 178.46,
      "Actual Rows": 1,
      "Actual Loops": 1,
      "Plans": [
        {
          "Node Type": "Gather",
          "Parent Relationship": "Outer",
          "Parallel Aware": false,
          "Startup Cost": 45048.89,
          "Total Cost": 45049.2,
          "Plan Rows": 3,
          "Plan Width": 8,
          "Actual Startup Time": 165.289,
          "Actual Total Time": 178.451,
          "Actual Rows": 4,
          "Actual Loops": 1,
          "Workers Planned": 3,
          "Workers Launched": 3,
          "Single Copy": false,
          "Plans": [
            {
              "Node Type": "Aggregate",
              "Strategy": "Plain",
              "Partial Mode": "Partial",
              "Parent Relationship": "Outer",
              "Parallel Aware": false,
              "Startup Cost": 44048.89,
              "Total Cost": 44048.9,
              "Plan Rows": 1,
              "Plan Width": 8,
              "Actual Startup Time": 159.101,
              "Actual Total Time": 159.102,
              "Actual Rows": 1,
              "Actual Loops": 4,
              "Plans": [
                {
                  "Node Type": "Seq Scan",
                  "Parent Relationship": "Outer",
                  "Parallel Aware": true,
                  "Relation Name": "movie_keyword",
                  "Alias": "mk",
                  "Startup Cost": 0.0,
                  "Total Cost": 42695.65,
                  "Plan Rows": 541293,
                  "Plan Width": 0,
                  "Actual Startup Time": 0.052,
                  "Actual Total Time": 133.404,
                  "Actual Rows": 424769,
                  "Actual Loops": 4,
                  "Filter": "(keyword_id < 2650)",
                  "Rows Removed by Filter": 706213
                }
              ]
            }
          ]
        }
      ]
    },
    "Planning Time": 0.125,
    "Triggers": [],
    "Execution Time": 178.499
  }
]