[
  {
    "Plan": {
      "Node Type": "Aggregate",
      "Strategy": "Plain",
      "Partial Mode": "Finalize",
      "Parallel Aware": false,
      "Startup Cost": 46672.99,
      "Total Cost": 46673.0,
      "Plan Rows": 1,
      "Plan Width": 8,
      "Actual Startup Time": 201.064,
      "Actual Total Time": 211.72,
      "Actual Rows": 1,
      "Actual Loops": 1,
      "Plans": [
        {
          "Node Type": "Gather",
          "Parent Relationship": "Outer",
          "Parallel Aware": false,
          "Startup Cost": 46672.67,
          "Total Cost": 46672.98,
          "Plan Rows": 3,
          "Plan Width": 8,
          "Actual Startup Time": 200.91,
          "Actual Total Time": 211.71,
          "Actual Rows": 4,
          "Actual Loops": 1,
          "Workers Planned": 3,
          "Workers Launched": 3,
          "Single Copy": false,
          "Plans": [
            {
              "Node Type": "Aggregate",
              "Strategy": "Plain",
              "Partial Mode": "Partial",
              "Parent Relationship": "Outer",
              "Parallel Aware": false,
              "Startup Cost": 45672.67,
              "Total Cost": 45672.68,
              "Plan Rows": 1,
              "Plan Width": 8,
              "Actual Startup Time": 193.84,
              "Actual Total Time": 193.842,
              "Actual Rows": 1,
              "Actual Loops": 4,
              "Plans": [
                {
                  "Node Type": "Seq Scan",
                  "Parent Relationship": "Outer",
                  "Parallel Aware": true,
                  "Relation Name": "movie_keyword",
                  "Alias": "mk",
                  "Startup Cost": 0.0,
                  "Total Cost": 42695.65,
                  "Plan Rows": 1190808,
                  "Plan Width": 0,
                  "Actual Startup Time": 0.057,
                  "Actual Total Time": 144.046,
                  "Actual Rows": 927024,
                  "Actual Loops": 4,
                  "Filter": "(keyword_id < 22434)",
                  "Rows Removed by Filter": 203959
                }
              ]
            }
          ]
        }
      ]
    },
    "Planning Time": 0.163,
    "Triggers": [],
    "Execution Time": 211.765
  }
]