{
  "Plan": {
    "Node Type": "Aggregate",
    "Strategy": "Plain",
    "Partial Mode": "Finalize",
    "Parallel Aware": false,
    "Startup Cost": 395681.32,
    "Total Cost": 395681.33,
    "Plan Rows": 1,
    "Plan Width": 8,
    "Actual Startup Time": 1349.923,
    "Actual Total Time": 1366.557,
    "Actual Rows": 1,
    "Actual Loops": 1,
    "Plans": [
      {
        "Node Type": "Gather",
        "Parent Relationship": "Outer",
        "Parallel Aware": false,
        "Startup Cost": 395681.21,
        "Total Cost": 395681.32,
        "Plan Rows": 1,
        "Plan Width": 8,
        "Actual Startup Time": 1333.824,
        "Actual Total Time": 1366.548,
        "Actual Rows": 2,
        "Actual Loops": 1,
        "Workers Planned": 1,
        "Workers Launched": 1,
        "Single Copy": false,
        "Plans": [
          {
            "Node Type": "Aggregate",
            "Strategy": "Plain",
            "Partial Mode": "Partial",
            "Parent Relationship": "Outer",
            "Parallel Aware": false,
            "Startup Cost": 394681.21,
            "Total Cost": 394681.22,
            "Plan Rows": 1,
            "Plan Width": 8,
            "Actual Startup Time": 1331.494,
            "Actual Total Time": 1331.501,
            "Actual Rows": 1,
            "Actual Loops": 2,
            "Plans": [
              {
                "Node Type": "Merge Join",
                "Parent Relationship": "Outer",
                "Parallel Aware": false,
                "Join Type": "Inner",
                "Startup Cost": 388941.76,
                "Total Cost": 394481.0,
                "Plan Rows": 80084,
                "Plan Width": 0,
                "Actual Startup Time": 1184.956,
                "Actual Total Time": 1322.869,
                "Actual Rows": 220662,
                "Actual Loops": 2,
                "Inner Unique": false,
                "Merge Cond": "(ci.movie_id = t.id)",
                "Plans": [
                  {
                    "Node Type": "Sort",
                    "Parent Relationship": "Outer",
                    "Parallel Aware": false,
                    "Startup Cost": 92445.53,
                    "Total Cost": 94002.98,
                    "Plan Rows": 622980,
                    "Plan Width": 4,
                    "Actual Startup Time": 256.15,
                    "Actual Total Time": 307.85,
                    "Actual Rows": 546647,
                    "Actual Loops": 2,
                    "Sort Key": [
                      "ci.movie_id"
                    ],
                    "Sort Method": "quicksort",
                    "Sort Space Used": 50390,
                    "Sort Space Type": "Memory",
                    "Workers": [
                      {
                        "Worker Number": 0,
                        "Sort Method": "quicksort",
                        "Sort Space Used": 50024,
                        "Sort Space Type": "Memory"
                      }
                    ],
                    "Plans": [
                      {
                        "Node Type": "Index Scan",
                        "Parent Relationship": "Outer",
                        "Parallel Aware": true,
                        "Scan Direction": "Forward",
                        "Index Name": "role_id_cast_info",
                        "Relation Name": "cast_info",
                        "Alias": "ci",
                        "Startup Cost": 0.56,
                        "Total Cost": 32487.36,
                        "Plan Rows": 622980,
                        "Plan Width": 4,
                        "Actual Startup Time": 0.141,
                        "Actual Total Time": 108.783,
                        "Actual Rows": 546779,
                        "Actual Loops": 2,
                        "Index Cond": "(role_id = 9)",
                        "Rows Removed by Index Recheck": 0
                      }
                    ]
                  },
                  {
                    "Node Type": "Sort",
                    "Parent Relationship": "Inner",
                    "Parallel Aware": false,
                    "Startup Cost": 296496.16,
                    "Total Cost": 297308.69,
                    "Plan Rows": 325013,
                    "Plan Width": 8,
                    "Actual Startup Time": 928.768,
                    "Actual Total Time": 947.076,
                    "Actual Rows": 450976,
                    "Actual Loops": 2,
                    "Sort Key": [
                      "t.id"
                    ],
                    "Sort Method": "quicksort",
                    "Sort Space Used": 31926,
                    "Sort Space Type": "Memory",
                    "Workers": [
                      {
                        "Worker Number": 0,
                        "Sort Method": "quicksort",
                        "Sort Space Used": 31926,
                        "Sort Space Type": "Memory"
                      }
                    ],
                    "Plans": [
                      {
                        "Node Type": "Hash Join",
                        "Parent Relationship": "Outer",
                        "Parallel Aware": false,
                        "Join Type": "Inner",
                        "Startup Cost": 95446.12,
                        "Total Cost": 266741.0,
                        "Plan Rows": 325013,
                        "Plan Width": 8,
                        "Actual Startup Time": 637.435,
                        "Actual Total Time": 843.463,
                        "Actual Rows": 418928,
                        "Actual Loops": 2,
                        "Inner Unique": true,
                        "Hash Cond": "(mi.movie_id = t.id)",
                        "Plans": [
                          {
                            "Node Type": "Bitmap Heap Scan",
                            "Parent Relationship": "Outer",
                            "Parallel Aware": false,
                            "Relation Name": "movie_info",
                            "Alias": "mi",
                            "Startup Cost": 11142.68,
                            "Total Cost": 180823.18,
                            "Plan Rows": 615000,
                            "Plan Width": 4,
                            "Actual Startup Time": 39.608,
                            "Actual Total Time": 138.696,
                            "Actual Rows": 598457,
                            "Actual Loops": 2,
                            "Recheck Cond": "(info_type_id = 15)",
                            "Rows Removed by Index Recheck": 0,
                            "Exact Heap Blocks": 21085,
                            "Lossy Heap Blocks": 0,
                            "Plans": [
                              {
                                "Node Type": "Bitmap Index Scan",
                                "Parent Relationship": "Outer",
                                "Parallel Aware": false,
                                "Index Name": "info_type_id_movie_info",
                                "Startup Cost": 0.0,
                                "Total Cost": 10988.93,
                                "Plan Rows": 615000,
                                "Plan Width": 0,
                                "Actual Startup Time": 36.951,
                                "Actual Total Time": 36.952,
                                "Actual Rows": 598457,
                                "Actual Loops": 2,
                                "Index Cond": "(info_type_id = 15)"
                              }
                            ]
                          },
                          {
                            "Node Type": "Hash",
                            "Parent Relationship": "Inner",
                            "Parallel Aware": false,
                            "Startup Cost": 67601.66,
                            "Total Cost": 67601.66,
                            "Plan Rows": 1336142,
                            "Plan Width": 4,
                            "Actual Startup Time": 589.737,
                            "Actual Total Time": 589.738,
                            "Actual Rows": 1348293,
                            "Actual Loops": 2,
                            "Hash Buckets": 2097152,
                            "Original Hash Buckets": 2097152,
                            "Hash Batches": 1,
                            "Original Hash Batches": 1,
                            "Peak Memory Usage": 63785,
                            "Plans": [
                              {
                                "Node Type": "Seq Scan",
                                "Parent Relationship": "Outer",
                                "Parallel Aware": false,
                                "Relation Name": "title",
                                "Alias": "t",
                                "Startup Cost": 0.0,
                                "Total Cost": 67601.66,
                                "Plan Rows": 1336142,
                                "Plan Width": 4,
                                "Actual Startup Time": 0.032,
                                "Actual Total Time": 290.472,
                                "Actual Rows": 1348293,
                                "Actual Loops": 2,
                                "Filter": "(production_year < 2005)",
                                "Rows Removed by Filter": 1180019
                              }
                            ]
                          }
                        ]
                      }
                    ]
                  }
                ]
              }
            ]
          }
        ]
      }
    ]
  },
  "Planning Time": 1.098,
  "Triggers": [],
  "Execution Time": 1382.544
}