[
  {
    "Plan": {
      "Node Type": "Aggregate",
      "Strategy": "Plain",
      "Partial Mode": "Finalize",
      "Parallel Aware": false,
      "Startup Cost": 44963.03,
      "Total Cost": 44963.04,
      "Plan Rows": 1,
      "Plan Width": 8,
      "Actual Startup Time": 132.515,
      "Actual Total Time": 145.999,
      "Actual Rows": 1,
      "Actual Loops": 1,
      "Plans": [
        {
          "Node Type": "Gather",
          "Parent Relationship": "Outer",
          "Parallel Aware": false,
          "Startup Cost": 44962.71,
          "Total Cost": 44963.02,
          "Plan Rows": 3,
          "Plan Width": 8,
          "Actual Startup Time": 132.177,
          "Actual Total Time": 145.977,
          "Actual Rows": 4,
          "Actual Loops": 1,
          "Workers Planned": 3,
          "Workers Launched": 3,
          "Single Copy": false,
          "Plans": [
            {
              "Node Type": "Aggregate",
              "Strategy": "Plain",
              "Partial Mode": "Partial",
              "Parent Relationship": "Outer",
              "Parallel Aware": false,
              "Startup Cost": 43962.71,
              "Total Cost": 43962.72,
              "Plan Rows": 1,
              "Plan Width": 8,
              "Actual Startup Time": 128.456,
              "Actual Total Time": 128.458,
              "Actual Rows": 1,
              "Actual Loops": 4,
              "Plans": [
                {
                  "Node Type": "Seq Scan",
                  "Parent Relationship": "Outer",
                  "Parallel Aware": true,
                  "Relation Name": "movie_keyword",
                  "Alias": "mk",
                  "Startup Cost": 0.0,
                  "Total Cost": 42695.65,
                  "Plan Rows": 506824,
                  "Plan Width": 0,
                  "Actual Startup Time": 0.031,
                  "Actual Total Time": 111.69,
                  "Actual Rows": 392401,
                  "Actual Loops": 4,
                  "Filter": "(keyword_id < 2363)",
                  "Rows Removed by Filter": 738582
                }
              ]
            }
          ]
        }
      ]
    },
    "Planning Time": 0.092,
    "Triggers": [],
    "Execution Time": 146.031
  }
]