{
  "Plan": {
    "Node Type": "Aggregate",
    "Strategy": "Plain",
    "Partial Mode": "Finalize",
    "Parallel Aware": false,
    "Startup Cost": 213158.34,
    "Total Cost": 213158.35,
    "Plan Rows": 1,
    "Plan Width": 8,
    "Actual Startup Time": 848.177,
    "Actual Total Time": 848.522,
    "Actual Rows": 1,
    "Actual Loops": 1,
    "Plans": [
      {
        "Node Type": "Gather",
        "Parent Relationship": "Outer",
        "Parallel Aware": false,
        "Startup Cost": 213158.22,
        "Total Cost": 213158.33,
        "Plan Rows": 1,
        "Plan Width": 8,
        "Actual Startup Time": 848.166,
        "Actual Total Time": 848.517,
        "Actual Rows": 2,
        "Actual Loops": 1,
        "Workers Planned": 1,
        "Workers Launched": 1,
        "Single Copy": false,
        "Plans": [
          {
            "Node Type": "Aggregate",
            "Strategy": "Plain",
            "Partial Mode": "Partial",
            "Parent Relationship": "Outer",
            "Parallel Aware": false,
            "Startup Cost": 212158.22,
            "Total Cost": 212158.23,
            "Plan Rows": 1,
            "Plan Width": 8,
            "Actual Startup Time": 750.637,
            "Actual Total Time": 750.641,
            "Actual Rows": 1,
            "Actual Loops": 2,
            "Plans": [
              {
                "Node Type": "Nested Loop",
                "Parent Relationship": "Outer",
                "Parallel Aware": false,
                "Join Type": "Inner",
                "Startup Cost": 154495.91,
                "Total Cost": 211974.7,
                "Plan Rows": 73409,
                "Plan Width": 0,
                "Actual Startup Time": 348.409,
                "Actual Total Time": 734.381,
                "Actual Rows": 390756,
                "Actual Loops": 2,
                "Inner Unique": false,
                "Plans": [
                  {
                    "Node Type": "Merge Join",
                    "Parent Relationship": "Outer",
                    "Parallel Aware": false,
                    "Join Type": "Inner",
                    "Startup Cost": 154495.48,
                    "Total Cost": 159460.46,
                    "Plan Rows": 71135,
                    "Plan Width": 8,
                    "Actual Startup Time": 348.33,
                    "Actual Total Time": 460.841,
                    "Actual Rows": 105070,
                    "Actual Loops": 2,
                    "Inner Unique": false,
                    "Merge Cond": "(t.id = mi_idx.movie_id)",
                    "Plans": [
                      {
                        "Node Type": "Sort",
                        "Parent Relationship": "Outer",
                        "Parallel Aware": false,
                        "Startup Cost": 89096.23,
                        "Total Cost": 90071.61,
                        "Plan Rows": 390151,
                        "Plan Width": 4,
                        "Actual Startup Time": 171.395,
                        "Actual Total Time": 214.074,
                        "Actual Rows": 330829,
                        "Actual Loops": 2,
                        "Sort Key": [
                          "t.id"
                        ],
                        "Sort Method": "quicksort",
                        "Sort Space Used": 32689,
                        "Sort Space Type": "Memory",
                        "Workers": [
                          {
                            "Worker Number": 0,
                            "Sort Method": "quicksort",
                            "Sort Space Used": 16814,
                            "Sort Space Type": "Memory"
                          }
                        ],
                        "Plans": [
                          {
                            "Node Type": "Bitmap Heap Scan",
                            "Parent Relationship": "Outer",
                            "Parallel Aware": true,
                            "Relation Name": "title",
                            "Alias": "t",
                            "Startup Cost": 11988.66,
                            "Total Cost": 52863.55,
                            "Plan Rows": 390151,
                            "Plan Width": 4,
                            "Actual Startup Time": 34.563,
                            "Actual Total Time": 95.277,
                            "Actual Rows": 331412,
                            "Actual Loops": 2,
                            "Recheck Cond": "(kind_id < 2)",
                            "Rows Removed by Index Recheck": 0,
                            "Exact Heap Blocks": 8663,
                            "Lossy Heap Blocks": 0,
                            "Plans": [
                              {
                                "Node Type": "Bitmap Index Scan",
                                "Parent Relationship": "Outer",
                                "Parallel Aware": false,
                                "Index Name": "kind_id_title",
                                "Startup Cost": 0.0,
                                "Total Cost": 11822.85,
                                "Plan Rows": 663256,
                                "Plan Width": 0,
                                "Actual Startup Time": 35.935,
                                "Actual Total Time": 35.936,
                                "Actual Rows": 662825,
                                "Actual Loops": 1,
                                "Index Cond": "(kind_id < 2)"
                              }
                            ]
                          }
                        ]
                      },
                      {
                        "Node Type": "Sort",
                        "Parent Relationship": "Inner",
                        "Parallel Aware": false,
                        "Startup Cost": 65399.21,
                        "Total Cost": 66551.66,
                        "Plan Rows": 460978,
                        "Plan Width": 4,
                        "Actual Startup Time": 162.616,
                        "Actual Total Time": 184.21,
                        "Actual Rows": 460185,
                        "Actual Loops": 2,
                        "Sort Key": [
                          "mi_idx.movie_id"
                        ],
                        "Sort Method": "quicksort",
                        "Sort Space Used": 33860,
                        "Sort Space Type": "Memory",
                        "Workers": [
                          {
                            "Worker Number": 0,
                            "Sort Method": "quicksort",
                            "Sort Space Used": 33860,
                            "Sort Space Type": "Memory"
                          }
                        ],
                        "Plans": [
                          {
                            "Node Type": "Bitmap Heap Scan",
                            "Parent Relationship": "Outer",
                            "Parallel Aware": false,
                            "Relation Name": "movie_info_idx",
                            "Alias": "mi_idx",
                            "Startup Cost": 8337.01,
                            "Total Cost": 22034.23,
                            "Plan Rows": 460978,
                            "Plan Width": 4,
                            "Actual Startup Time": 18.849,
                            "Actual Total Time": 74.06,
                            "Actual Rows": 460185,
                            "Actual Loops": 2,
                            "Recheck Cond": "(info_type_id > 100)",
                            "Rows Removed by Index Recheck": 0,
                            "Exact Heap Blocks": 7935,
                            "Lossy Heap Blocks": 0,
                            "Plans": [
                              {
                                "Node Type": "Bitmap Index Scan",
                                "Parent Relationship": "Outer",
                                "Parallel Aware": false,
                                "Index Name": "info_type_id_movie_info_idx",
                                "Startup Cost": 0.0,
                                "Total Cost": 8221.76,
                                "Plan Rows": 460978,
                                "Plan Width": 0,
                                "Actual Startup Time": 17.929,
                                "Actual Total Time": 17.929,
                                "Actual Rows": 460185,
                                "Actual Loops": 2,
                                "Index Cond": "(info_type_id > 100)"
                              }
                            ]
                          }
                        ]
                      }
                    ]
                  },
                  {
                    "Node Type": "Index Only Scan",
                    "Parent Relationship": "Inner",
                    "Parallel Aware": false,
                    "Scan Direction": "Forward",
                    "Index Name": "movie_id_movie_companies",
                    "Relation Name": "movie_companies",
                    "Alias": "mc",
                    "Startup Cost": 0.43,
                    "Total Cost": 0.69,
                    "Plan Rows": 5,
                    "Plan Width": 4,
                    "Actual Startup Time": 0.001,
                    "Actual Total Time": 0.002,
                    "Actual Rows": 4,
                    "Actual Loops": 210140,
                    "Index Cond": "(movie_id = t.id)",
                    "Rows Removed by Index Recheck": 0,
                    "Heap Fetches": 781513
                  }
                ]
              }
            ]
          }
        ]
      }
    ]
  },
  "Planning Time": 0.655,
  "Triggers": [],
  "Execution Time": 848.628
}