{
  "Plan": {
    "Node Type": "Aggregate",
    "Strategy": "Plain",
    "Partial Mode": "Finalize",
    "Parallel Aware": false,
    "Startup Cost": 152742.84,
    "Total Cost": 152742.85,
    "Plan Rows": 1,
    "Plan Width": 8,
    "Actual Startup Time": 756.215,
    "Actual Total Time": 773.628,
    "Actual Rows": 1,
    "Actual Loops": 1,
    "Plans": [
      {
        "Node Type": "Gather",
        "Parent Relationship": "Outer",
        "Parallel Aware": false,
        "Startup Cost": 152742.73,
        "Total Cost": 152742.84,
        "Plan Rows": 1,
        "Plan Width": 8,
        "Actual Startup Time": 755.498,
        "Actual Total Time": 773.618,
        "Actual Rows": 2,
        "Actual Loops": 1,
        "Workers Planned": 1,
        "Workers Launched": 1,
        "Single Copy": false,
        "Plans": [
          {
            "Node Type": "Aggregate",
            "Strategy": "Plain",
            "Partial Mode": "Partial",
            "Parent Relationship": "Outer",
            "Parallel Aware": false,
            "Startup Cost": 151742.73,
            "Total Cost": 151742.74,
            "Plan Rows": 1,
            "Plan Width": 8,
            "Actual Startup Time": 749.287,
            "Actual Total Time": 749.476,
            "Actual Rows": 1,
            "Actual Loops": 2,
            "Plans": [
              {
                "Node Type": "Hash Join",
                "Parent Relationship": "Outer",
                "Parallel Aware": true,
                "Join Type": "Inner",
                "Startup Cost": 85039.77,
                "Total Cost": 151468.62,
                "Plan Rows": 109644,
                "Plan Width": 0,
                "Actual Startup Time": 504.66,
                "Actual Total Time": 732.811,
                "Actual Rows": 412006,
                "Actual Loops": 2,
                "Inner Unique": false,
                "Hash Cond": "(mk.movie_id = t.id)",
                "Plans": [
                  {
                    "Node Type": "Seq Scan",
                    "Parent Relationship": "Outer",
                    "Parallel Aware": true,
                    "Relation Name": "movie_keyword",
                    "Alias": "mk",
                    "Startup Cost": 0.0,
                    "Total Cost": 57718.19,
                    "Plan Rows": 2150851,
                    "Plan Width": 4,
                    "Actual Startup Time": 0.03,
                    "Actual Total Time": 200.071,
                    "Actual Rows": 1830826,
                    "Actual Loops": 2,
                    "Filter": "(keyword_id < 21346)",
                    "Rows Removed by Filter": 431139
                  },
                  {
                    "Node Type": "Hash",
                    "Parent Relationship": "Inner",
                    "Parallel Aware": true,
                    "Startup Cost": 84092.1,
                    "Total Cost": 84092.1,
                    "Plan Rows": 75814,
                    "Plan Width": 8,
                    "Actual Startup Time": 373.11,
                    "Actual Total Time": 373.297,
                    "Actual Rows": 62347,
                    "Actual Loops": 2,
                    "Hash Buckets": 131072,
                    "Original Hash Buckets": 131072,
                    "Hash Batches": 1,
                    "Original Hash Batches": 1,
                    "Peak Memory Usage": 5920,
                    "Plans": [
                      {
                        "Node Type": "Hash Join",
                        "Parent Relationship": "Outer",
                        "Parallel Aware": true,
                        "Join Type": "Inner",
                        "Startup Cost": 23480.63,
                        "Total Cost": 84092.1,
                        "Plan Rows": 75814,
                        "Plan Width": 8,
                        "Actual Startup Time": 245.536,
                        "Actual Total Time": 355.892,
                        "Actual Rows": 62347,
                        "Actual Loops": 2,
                        "Inner Unique": false,
                        "Hash Cond": "(t.id = mc.movie_id)",
                        "Plans": [
                          {
                            "Node Type": "Seq Scan",
                            "Parent Relationship": "Outer",
                            "Parallel Aware": true,
                            "Relation Name": "title",
                            "Alias": "t",
                            "Startup Cost": 0.0,
                            "Total Cost": 50870.31,
                            "Plan Rows": 1487231,
                            "Plan Width": 4,
                            "Actual Startup Time": 0.014,
                            "Actual Total Time": 123.392,
                            "Actual Rows": 1264156,
                            "Actual Loops": 2
                          },
                          {
                            "Node Type": "Hash",
                            "Parent Relationship": "Inner",
                            "Parallel Aware": true,
                            "Startup Cost": 22532.96,
                            "Total Cost": 22532.96,
                            "Plan Rows": 75814,
                            "Plan Width": 4,
                            "Actual Startup Time": 55.935,
                            "Actual Total Time": 55.937,
                            "Actual Rows": 62347,
                            "Actual Loops": 2,
                            "Hash Buckets": 131072,
                            "Original Hash Buckets": 131072,
                            "Hash Batches": 1,
                            "Original Hash Batches": 1,
                            "Peak Memory Usage": 5952,
                            "Plans": [
                              {
                                "Node Type": "Bitmap Heap Scan",
                                "Parent Relationship": "Outer",
                                "Parallel Aware": true,
                                "Relation Name": "movie_companies",
                                "Alias": "mc",
                                "Startup Cost": 2795.28,
                                "Total Cost": 22532.96,
                                "Plan Rows": 75814,
                                "Plan Width": 4,
                                "Actual Startup Time": 11.9,
                                "Actual Total Time": 36.509,
                                "Actual Rows": 62347,
                                "Actual Loops": 2,
                                "Recheck Cond": "(company_id > 143949)",
                                "Rows Removed by Index Recheck": 0,
                                "Exact Heap Blocks": 2736,
                                "Lossy Heap Blocks": 0,
                                "Plans": [
                                  {
                                    "Node Type": "Bitmap Index Scan",
                                    "Parent Relationship": "Outer",
                                    "Parallel Aware": false,
                                    "Index Name": "company_id_movie_companies",
                                    "Startup Cost": 0.0,
                                    "Total Cost": 2763.06,
                                    "Plan Rows": 128884,
                                    "Plan Width": 0,
                                    "Actual Startup Time": 13.501,
                                    "Actual Total Time": 13.501,
                                    "Actual Rows": 124694,
                                    "Actual Loops": 1,
                                    "Index Cond": "(company_id > 143949)"
                                  }
                                ]
                              }
                            ]
                          }
                        ]
                      }
                    ]
                  }
                ]
              }
            ]
          }
        ]
      }
    ]
  },
  "Planning Time": 0.748,
  "Triggers": [],
  "Execution Time": 773.717
}