[
  {
    "Plan": {
      "Node Type": "Aggregate",
      "Strategy": "Plain",
      "Partial Mode": "Finalize",
      "Parallel Aware": false,
      "Startup Cost": 251582.66,
      "Total Cost": 251582.67,
      "Plan Rows": 1,
      "Plan Width": 8,
      "Actual Startup Time": 3648.194,
      "Actual Total Time": 3731.071,
      "Actual Rows": 1,
      "Actual Loops": 1,
      "Plans": [
        {
          "Node Type": "Gather",
          "Parent Relationship": "Outer",
          "Parallel Aware": false,
          "Startup Cost": 251582.34,
          "Total Cost": 251582.65,
          "Plan Rows": 3,
          "Plan Width": 8,
          "Actual Startup Time": 3646.39,
          "Actual Total Time": 3731.06,
          "Actual Rows": 4,
          "Actual Loops": 1,
          "Workers Planned": 3,
          "Workers Launched": 3,
          "Single Copy": false,
          "Plans": [
            {
              "Node Type": "Aggregate",
              "Strategy": "Plain",
              "Partial Mode": "Partial",
              "Parent Relationship": "Outer",
              "Parallel Aware": false,
              "Startup Cost": 250582.34,
              "Total Cost": 250582.35,
              "Plan Rows": 1,
              "Plan Width": 8,
              "Actual Startup Time": 3637.092,
              "Actual Total Time": 3637.096,
              "Actual Rows": 1,
              "Actual Loops": 4,
              "Plans": [
                {
                  "Node Type": "Nested Loop",
                  "Parent Relationship": "Outer",
                  "Parallel Aware": false,
                  "Join Type": "Inner",
                  "Startup Cost": 46659.91,
                  "Total Cost": 248536.11,
                  "Plan Rows": 818493,
                  "Plan Width": 0,
                  "Actual Startup Time": 160.456,
                  "Actual Total Time": 3443.61,
                  "Actual Rows": 3882050,
                  "Actual Loops": 4,
                  "Inner Unique": false,
                  "Join Filter": "(t.id = ci.movie_id)",
                  "Rows Removed by Join Filter": 0,
                  "Plans": [
                    {
                      "Node Type": "Hash Join",
                      "Parent Relationship": "Outer",
                      "Parallel Aware": true,
                      "Join Type": "Inner",
                      "Startup Cost": 46659.35,
                      "Total Cost": 79077.93,
                      "Plan Rows": 57121,
                      "Plan Width": 8,
                      "Actual Startup Time": 160.366,
                      "Actual Total Time": 340.862,
                      "Actual Rows": 125245,
                      "Actual Loops": 4,
                      "Inner Unique": true,
                      "Hash Cond": "(mc.movie_id = t.id)",
                      "Plans": [
                        {
                          "Node Type": "Seq Scan",
                          "Parent Relationship": "Outer",
                          "Parallel Aware": true,
                          "Relation Name": "movie_companies",
                          "Alias": "mc",
                          "Startup Cost": 0.0,
                          "Total Cost": 31414.82,
                          "Plan Rows": 382387,
                          "Plan Width": 4,
                          "Actual Startup Time": 0.029,
                          "Actual Total Time": 74.937,
                          "Actual Rows": 278872,
                          "Actual Loops": 4,
                          "Filter": "((company_id > 59) AND (company_type_id < 2))",
                          "Rows Removed by Filter": 373411
                        },
                        {
                          "Node Type": "Hash",
                          "Parent Relationship": "Inner",
                          "Parallel Aware": true,
                          "Startup Cost": 45479.1,
                          "Total Cost": 45479.1,
                          "Plan Rows": 94420,
                          "Plan Width": 4,
                          "Actual Startup Time": 157.059,
                          "Actual Total Time": 157.06,
                          "Actual Rows": 121205,
                          "Actual Loops": 4,
                          "Hash Buckets": 524288,
                          "Original Hash Buckets": 524288,
                          "Hash Batches": 1,
                          "Original Hash Batches": 1,
                          "Peak Memory Usage": 23136,
                          "Plans": [
                            {
                              "Node Type": "Seq Scan",
                              "Parent Relationship": "Outer",
                              "Parallel Aware": true,
                              "Relation Name": "title",
                              "Alias": "t",
                              "Startup Cost": 0.0,
                              "Total Cost": 45479.1,
                              "Plan Rows": 94420,
                              "Plan Width": 4,
                              "Actual Startup Time": 0.039,
                              "Actual Total Time": 112.089,
                              "Actual Rows": 121205,
                              "Actual Loops": 4,
                              "Filter": "((kind_id < 7) AND (production_year < 1999))",
                              "Rows Removed by Filter": 510873
                            }
                          ]
                        }
                      ]
                    },
                    {
                      "Node Type": "Index Only Scan",
                      "Parent Relationship": "Inner",
                      "Parallel Aware": false,
                      "Scan Direction": "Forward",
                      "Index Name": "movie_id_cast_info",
                      "Relation Name": "cast_info",
                      "Alias": "ci",
                      "Startup Cost": 0.56,
                      "Total Cost": 2.5,
                      "Plan Rows": 37,
                      "Plan Width": 4,
                      "Actual Startup Time": 0.004,
                      "Actual Total Time": 0.022,
                      "Actual Rows": 31,
                      "Actual Loops": 500979,
                      "Index Cond": "(movie_id = mc.movie_id)",
                      "Rows Removed by Index Recheck": 0,
                      "Heap Fetches": 15528200
                    }
                  ]
                }
              ]
            }
          ]
        }
      ]
    },
    "Planning Time": 1.431,
    "Triggers": [],
    "Execution Time": 3731.184
  }
]