[
  {
    "Plan": {
      "Node Type": "Aggregate",
      "Strategy": "Plain",
      "Partial Mode": "Finalize",
      "Parallel Aware": false,
      "Startup Cost": 45022.95,
      "Total Cost": 45022.96,
      "Plan Rows": 1,
      "Plan Width": 8,
      "Actual Startup Time": 170.762,
      "Actual Total Time": 182.328,
      "Actual Rows": 1,
      "Actual Loops": 1,
      "Plans": [
        {
          "Node Type": "Gather",
          "Parent Relationship": "Outer",
          "Parallel Aware": false,
          "Startup Cost": 45022.63,
          "Total Cost": 45022.94,
          "Plan Rows": 3,
          "Plan Width": 8,
          "Actual Startup Time": 170.589,
          "Actual Total Time": 182.316,
          "Actual Rows": 4,
          "Actual Loops": 1,
          "Workers Planned": 3,
          "Workers Launched": 3,
          "Single Copy": false,
          "Plans": [
            {
              "Node Type": "Aggregate",
              "Strategy": "Plain",
              "Partial Mode": "Partial",
              "Parent Relationship": "Outer",
              "Parallel Aware": false,
              "Startup Cost": 44022.63,
              "Total Cost": 44022.64,
              "Plan Rows": 1,
              "Plan Width": 8,
              "Actual Startup Time": 161.872,
              "Actual Total Time": 161.874,
              "Actual Rows": 1,
              "Actual Loops": 4,
              "Plans": [
                {
                  "Node Type": "Seq Scan",
                  "Parent Relationship": "Outer",
                  "Parallel Aware": true,
                  "Relation Name": "movie_keyword",
                  "Alias": "mk",
                  "Startup Cost": 0.0,
                  "Total Cost": 42695.65,
                  "Plan Rows": 530791,
                  "Plan Width": 0,
                  "Actual Startup Time": 0.06,
                  "Actual Total Time": 136.014,
                  "Actual Rows": 410225,
                  "Actual Loops": 4,
                  "Filter": "(keyword_id < 2489)",
                  "Rows Removed by Filter": 720758
                }
              ]
            }
          ]
        }
      ]
    },
    "Planning Time": 0.183,
    "Triggers": [],
    "Execution Time": 182.383
  }
]