[
  {
    "Plan": {
      "Node Type": "Aggregate",
      "Strategy": "Plain",
      "Partial Mode": "Finalize",
      "Parallel Aware": false,
      "Startup Cost": 45007.92,
      "Total Cost": 45007.93,
      "Plan Rows": 1,
      "Plan Width": 8,
      "Actual Startup Time": 158.925,
      "Actual Total Time": 167.744,
      "Actual Rows": 1,
      "Actual Loops": 1,
      "Plans": [
        {
          "Node Type": "Gather",
          "Parent Relationship": "Outer",
          "Parallel Aware": false,
          "Startup Cost": 45007.6,
          "Total Cost": 45007.91,
          "Plan Rows": 3,
          "Plan Width": 8,
          "Actual Startup Time": 158.81,
          "Actual Total Time": 167.733,
          "Actual Rows": 4,
          "Actual Loops": 1,
          "Workers Planned": 3,
          "Workers Launched": 3,
          "Single Copy": false,
          "Plans": [
            {
              "Node Type": "Aggregate",
              "Strategy": "Plain",
              "Partial Mode": "Partial",
              "Parent Relationship": "Outer",
              "Parallel Aware": false,
              "Startup Cost": 44007.6,
              "Total Cost": 44007.61,
              "Plan Rows": 1,
              "Plan Width": 8,
              "Actual Startup Time": 141.534,
              "Actual Total Time": 141.535,
              "Actual Rows": 1,
              "Actual Loops": 4,
              "Plans": [
                {
                  "Node Type": "Seq Scan",
                  "Parent Relationship": "Outer",
                  "Parallel Aware": true,
                  "Relation Name": "movie_keyword",
                  "Alias": "mk",
                  "Startup Cost": 0.0,
                  "Total Cost": 42695.65,
                  "Plan Rows": 524779,
                  "Plan Width": 0,
                  "Actual Startup Time": 0.06,
                  "Actual Total Time": 119.297,
                  "Actual Rows": 410225,
                  "Actual Loops": 4,
                  "Filter": "(keyword_id < 2489)",
                  "Rows Removed by Filter": 720758
                }
              ]
            }
          ]
        }
      ]
    },
    "Planning Time": 0.184,
    "Triggers": [],
    "Execution Time": 167.801
  }
]