{
  "Plan": {
    "Node Type": "Aggregate",
    "Strategy": "Plain",
    "Partial Mode": "Finalize",
    "Parallel Aware": false,
    "Startup Cost": 745673.85,
    "Total Cost": 745673.86,
    "Plan Rows": 1,
    "Plan Width": 8,
    "Actual Startup Time": 8349.754,
    "Actual Total Time": 8409.07,
    "Actual Rows": 1,
    "Actual Loops": 1,
    "Plans": [
      {
        "Node Type": "Gather",
        "Parent Relationship": "Outer",
        "Parallel Aware": false,
        "Startup Cost": 745673.74,
        "Total Cost": 745673.85,
        "Plan Rows": 1,
        "Plan Width": 8,
        "Actual Startup Time": 8345.428,
        "Actual Total Time": 8409.062,
        "Actual Rows": 2,
        "Actual Loops": 1,
        "Workers Planned": 1,
        "Workers Launched": 1,
        "Single Copy": false,
        "Plans": [
          {
            "Node Type": "Aggregate",
            "Strategy": "Plain",
            "Partial Mode": "Partial",
            "Parent Relationship": "Outer",
            "Parallel Aware": false,
            "Startup Cost": 744673.74,
            "Total Cost": 744673.75,
            "Plan Rows": 1,
            "Plan Width": 8,
            "Actual Startup Time": 8339.13,
            "Actual Total Time": 8339.136,
            "Actual Rows": 1,
            "Actual Loops": 2,
            "Plans": [
              {
                "Node Type": "Hash Join",
                "Parent Relationship": "Outer",
                "Parallel Aware": true,
                "Join Type": "Inner",
                "Startup Cost": 130243.77,
                "Total Cost": 724177.61,
                "Plan Rows": 8198453,
                "Plan Width": 0,
                "Actual Startup Time": 807.396,
                "Actual Total Time": 7304.583,
                "Actual Rows": 25225344,
                "Actual Loops": 2,
                "Inner Unique": false,
                "Hash Cond": "(ci.movie_id = t.id)",
                "Plans": [
                  {
                    "Node Type": "Seq Scan",
                    "Parent Relationship": "Outer",
                    "Parallel Aware": true,
                    "Relation Name": "cast_info",
                    "Alias": "ci",
                    "Startup Cost": 0.0,
                    "Total Cost": 465792.95,
                    "Plan Rows": 21310595,
                    "Plan Width": 4,
                    "Actual Startup Time": 0.014,
                    "Actual Total Time": 1308.636,
                    "Actual Rows": 18122172,
                    "Actual Loops": 2
                  },
                  {
                    "Node Type": "Hash",
                    "Parent Relationship": "Inner",
                    "Parallel Aware": true,
                    "Startup Cost": 123091.82,
                    "Total Cost": 123091.82,
                    "Plan Rows": 572156,
                    "Plan Width": 8,
                    "Actual Startup Time": 798.505,
                    "Actual Total Time": 798.509,
                    "Actual Rows": 667446,
                    "Actual Loops": 2,
                    "Hash Buckets": 2097152,
                    "Original Hash Buckets": 1048576,
                    "Hash Batches": 1,
                    "Original Hash Batches": 1,
                    "Peak Memory Usage": 76832,
                    "Plans": [
                      {
                        "Node Type": "Hash Join",
                        "Parent Relationship": "Outer",
                        "Parallel Aware": true,
                        "Join Type": "Inner",
                        "Startup Cost": 61057.65,
                        "Total Cost": 123091.82,
                        "Plan Rows": 572156,
                        "Plan Width": 8,
                        "Actual Startup Time": 267.932,
                        "Actual Total Time": 657.498,
                        "Actual Rows": 667446,
                        "Actual Loops": 2,
                        "Inner Unique": true,
                        "Hash Cond": "(mk.movie_id = t.id)",
                        "Plans": [
                          {
                            "Node Type": "Seq Scan",
                            "Parent Relationship": "Outer",
                            "Parallel Aware": true,
                            "Relation Name": "movie_keyword",
                            "Alias": "mk",
                            "Startup Cost": 0.0,
                            "Total Cost": 57718.19,
                            "Plan Rows": 1644178,
                            "Plan Width": 4,
                            "Actual Startup Time": 0.017,
                            "Actual Total Time": 193.05,
                            "Actual Rows": 1393852,
                            "Actual Loops": 2,
                            "Filter": "(keyword_id < 8107)",
                            "Rows Removed by Filter": 868114
                          },
                          {
                            "Node Type": "Hash",
                            "Parent Relationship": "Inner",
                            "Parallel Aware": true,
                            "Startup Cost": 54588.39,
                            "Total Cost": 54588.39,
                            "Plan Rows": 517541,
                            "Plan Width": 4,
                            "Actual Startup Time": 262.673,
                            "Actual Total Time": 262.674,
                            "Actual Rows": 442825,
                            "Actual Loops": 2,
                            "Hash Buckets": 1048576,
                            "Original Hash Buckets": 1048576,
                            "Hash Batches": 1,
                            "Original Hash Batches": 1,
                            "Peak Memory Usage": 42880,
                            "Plans": [
                              {
                                "Node Type": "Seq Scan",
                                "Parent Relationship": "Outer",
                                "Parallel Aware": true,
                                "Relation Name": "title",
                                "Alias": "t",
                                "Startup Cost": 0.0,
                                "Total Cost": 54588.39,
                                "Plan Rows": 517541,
                                "Plan Width": 4,
                                "Actual Startup Time": 0.034,
                                "Actual Total Time": 151.272,
                                "Actual Rows": 442825,
                                "Actual Loops": 2,
                                "Filter": "(production_year < 1997)",
                                "Rows Removed by Filter": 821331
                              }
                            ]
                          }
                        ]
                      }
                    ]
                  }
                ]
              }
            ]
          }
        ]
      }
    ]
  },
  "Planning Time": 0.905,
  "Triggers": [],
  "Execution Time": 8409.187
}