[
  {
    "Plan": {
      "Node Type": "Aggregate",
      "Strategy": "Plain",
      "Partial Mode": "Finalize",
      "Parallel Aware": false,
      "Startup Cost": 267747.39,
      "Total Cost": 267747.4,
      "Plan Rows": 1,
      "Plan Width": 8,
      "Actual Startup Time": 601.01,
      "Actual Total Time": 631.181,
      "Actual Rows": 1,
      "Actual Loops": 1,
      "Plans": [
        {
          "Node Type": "Gather",
          "Parent Relationship": "Outer",
          "Parallel Aware": false,
          "Startup Cost": 267747.17,
          "Total Cost": 267747.38,
          "Plan Rows": 2,
          "Plan Width": 8,
          "Actual Startup Time": 600.143,
          "Actual Total Time": 631.173,
          "Actual Rows": 3,
          "Actual Loops": 1,
          "Workers Planned": 2,
          "Workers Launched": 2,
          "Single Copy": false,
          "Plans": [
            {
              "Node Type": "Aggregate",
              "Strategy": "Plain",
              "Partial Mode": "Partial",
              "Parent Relationship": "Outer",
              "Parallel Aware": false,
              "Startup Cost": 266747.17,
              "Total Cost": 266747.18,
              "Plan Rows": 1,
              "Plan Width": 8,
              "Actual Startup Time": 591.874,
              "Actual Total Time": 591.879,
              "Actual Rows": 1,
              "Actual Loops": 3,
              "Plans": [
                {
                  "Node Type": "Hash Join",
                  "Parent Relationship": "Outer",
                  "Parallel Aware": true,
                  "Join Type": "Inner",
                  "Startup Cost": 250167.72,
                  "Total Cost": 266378.17,
                  "Plan Rows": 147599,
                  "Plan Width": 0,
                  "Actual Startup Time": 522.448,
                  "Actual Total Time": 591.843,
                  "Actual Rows": 439,
                  "Actual Loops": 3,
                  "Inner Unique": false,
                  "Hash Cond": "(mi_idx.movie_id = t.id)",
                  "Plans": [
                    {
                      "Node Type": "Seq Scan",
                      "Parent Relationship": "Outer",
                      "Parallel Aware": true,
                      "Relation Name": "movie_info_idx",
                      "Alias": "mi_idx",
                      "Startup Cost": 0.0,
                      "Total Cost": 13685.15,
                      "Plan Rows": 575015,
                      "Plan Width": 4,
                      "Actual Startup Time": 0.018,
                      "Actual Total Time": 32.07,
                      "Actual Rows": 460012,
                      "Actual Loops": 3
                    },
                    {
                      "Node Type": "Hash",
                      "Parent Relationship": "Inner",
                      "Parallel Aware": true,
                      "Startup Cost": 248139.65,
                      "Total Cost": 248139.65,
                      "Plan Rows": 162246,
                      "Plan Width": 8,
                      "Actual Startup Time": 515.249,
                      "Actual Total Time": 515.253,
                      "Actual Rows": 290,
                      "Actual Loops": 3,
                      "Hash Buckets": 1048576,
                      "Original Hash Buckets": 1048576,
                      "Hash Batches": 1,
                      "Original Hash Batches": 1,
                      "Peak Memory Usage": 8288,
                      "Plans": [
                        {
                          "Node Type": "Hash Join",
                          "Parent Relationship": "Outer",
                          "Parallel Aware": true,
                          "Join Type": "Inner",
                          "Startup Cost": 199229.77,
                          "Total Cost": 248139.65,
                          "Plan Rows": 162246,
                          "Plan Width": 8,
                          "Actual Startup Time": 339.985,
                          "Actual Total Time": 510.49,
                          "Actual Rows": 290,
                          "Actual Loops": 3,
                          "Inner Unique": false,
                          "Hash Cond": "(t.id = ci.movie_id)",
                          "Plans": [
                            {
                              "Node Type": "Seq Scan",
                              "Parent Relationship": "Outer",
                              "Parallel Aware": true,
                              "Relation Name": "title",
                              "Alias": "t",
                              "Startup Cost": 0.0,
                              "Total Cost": 42318.73,
                              "Plan Rows": 632073,
                              "Plan Width": 4,
                              "Actual Startup Time": 0.011,
                              "Actual Total Time": 83.262,
                              "Actual Rows": 842771,
                              "Actual Loops": 3
                            },
                            {
                              "Node Type": "Hash",
                              "Parent Relationship": "Inner",
                              "Parallel Aware": true,
                              "Startup Cost": 197877.72,
                              "Total Cost": 197877.72,
                              "Plan Rows": 108164,
                              "Plan Width": 4,
                              "Actual Startup Time": 334.983,
                              "Actual Total Time": 334.984,
                              "Actual Rows": 290,
                              "Actual Loops": 3,
                              "Hash Buckets": 1048576,
                              "Original Hash Buckets": 1048576,
                              "Hash Batches": 1,
                              "Original Hash Batches": 1,
                              "Peak Memory Usage": 8288,
                              "Plans": [
                                {
                                  "Node Type": "Index Scan",
                                  "Parent Relationship": "Outer",
                                  "Parallel Aware": true,
                                  "Scan Direction": "Forward",
                                  "Index Name": "role_id_cast_info",
                                  "Relation Name": "cast_info",
                                  "Alias": "ci",
                                  "Startup Cost": 0.56,
                                  "Total Cost": 197877.72,
                                  "Plan Rows": 108164,
                                  "Plan Width": 4,
                                  "Actual Startup Time": 1.808,
                                  "Actual Total Time": 327.732,
                                  "Actual Rows": 290,
                                  "Actual Loops": 3,
                                  "Index Cond": "(role_id = 2)",
                                  "Rows Removed by Index Recheck": 0,
                                  "Filter": "(person_id < 316177)",
                                  "Rows Removed by Filter": 2483701
                                }
                              ]
                            }
                          ]
                        }
                      ]
                    }
                  ]
                }
              ]
            }
          ]
        }
      ]
    },
    "Planning Time": 1.347,
    "Triggers": [],
    "Execution Time": 631.288
  }
]