[
  {
    "Plan": {
      "Node Type": "Aggregate",
      "Strategy": "Plain",
      "Partial Mode": "Finalize",
      "Parallel Aware": false,
      "Startup Cost": 339840.93,
      "Total Cost": 339840.94,
      "Plan Rows": 1,
      "Plan Width": 8,
      "Actual Startup Time": 128.319,
      "Actual Total Time": 144.313,
      "Actual Rows": 1,
      "Actual Loops": 1,
      "Plans": [
        {
          "Node Type": "Gather",
          "Parent Relationship": "Outer",
          "Parallel Aware": false,
          "Startup Cost": 339840.51,
          "Total Cost": 339840.92,
          "Plan Rows": 4,
          "Plan Width": 8,
          "Actual Startup Time": 128.099,
          "Actual Total Time": 144.306,
          "Actual Rows": 5,
          "Actual Loops": 1,
          "Workers Planned": 4,
          "Workers Launched": 4,
          "Single Copy": false,
          "Plans": [
            {
              "Node Type": "Aggregate",
              "Strategy": "Plain",
              "Partial Mode": "Partial",
              "Parent Relationship": "Outer",
              "Parallel Aware": false,
              "Startup Cost": 338840.51,
              "Total Cost": 338840.52,
              "Plan Rows": 1,
              "Plan Width": 8,
              "Actual Startup Time": 119.089,
              "Actual Total Time": 119.09,
              "Actual Rows": 1,
              "Actual Loops": 5,
              "Plans": [
                {
                  "Node Type": "Nested Loop",
                  "Parent Relationship": "Outer",
                  "Parallel Aware": false,
                  "Join Type": "Inner",
                  "Startup Cost": 2116.67,
                  "Total Cost": 338683.84,
                  "Plan Rows": 62668,
                  "Plan Width": 0,
                  "Actual Startup Time": 15.096,
                  "Actual Total Time": 117.843,
                  "Actual Rows": 14497,
                  "Actual Loops": 5,
                  "Inner Unique": false,
                  "Plans": [
                    {
                      "Node Type": "Bitmap Heap Scan",
                      "Parent Relationship": "Outer",
                      "Parallel Aware": true,
                      "Relation Name": "title",
                      "Alias": "t",
                      "Startup Cost": 2116.1,
                      "Total Cost": 38557.19,
                      "Plan Rows": 9494,
                      "Plan Width": 4,
                      "Actual Startup Time": 14.876,
                      "Actual Total Time": 28.43,
                      "Actual Rows": 2777,
                      "Actual Loops": 5,
                      "Recheck Cond": "(kind_id = 4)",
                      "Rows Removed by Index Recheck": 0,
                      "Filter": "(production_year < 1995)",
                      "Rows Removed by Filter": 20869,
                      "Exact Heap Blocks": 6660,
                      "Lossy Heap Blocks": 0,
                      "Plans": [
                        {
                          "Node Type": "Bitmap Index Scan",
                          "Parent Relationship": "Outer",
                          "Parallel Aware": false,
                          "Index Name": "kind_id_title",
                          "Startup Cost": 0.0,
                          "Total Cost": 2106.61,
                          "Plan Rows": 118157,
                          "Plan Width": 0,
                          "Actual Startup Time": 18.359,
                          "Actual Total Time": 18.36,
                          "Actual Rows": 118234,
                          "Actual Loops": 1,
                          "Index Cond": "(kind_id = 4)"
                        }
                      ]
                    },
                    {
                      "Node Type": "Index Scan",
                      "Parent Relationship": "Inner",
                      "Parallel Aware": false,
                      "Scan Direction": "Forward",
                      "Index Name": "movie_id_cast_info",
                      "Relation Name": "cast_info",
                      "Alias": "ci",
                      "Startup Cost": 0.56,
                      "Total Cost": 31.43,
                      "Plan Rows": 18,
                      "Plan Width": 4,
                      "Actual Startup Time": 0.011,
                      "Actual Total Time": 0.031,
                      "Actual Rows": 5,
                      "Actual Loops": 13887,
                      "Index Cond": "(movie_id = t.id)",
                      "Rows Removed by Index Recheck": 0,
                      "Filter": "(person_id < 1646544)",
                      "Rows Removed by Filter": 6
                    }
                  ]
                }
              ]
            }
          ]
        }
      ]
    },
    "Planning Time": 0.589,
    "Triggers": [],
    "Execution Time": 144.398
  }
]