[
  {
    "Plan": {
      "Node Type": "Aggregate",
      "Strategy": "Plain",
      "Partial Mode": "Finalize",
      "Parallel Aware": false,
      "Startup Cost": 238272.25,
      "Total Cost": 238272.26,
      "Plan Rows": 1,
      "Plan Width": 8,
      "Actual Startup Time": 767.523,
      "Actual Total Time": 791.485,
      "Actual Rows": 1,
      "Actual Loops": 1,
      "Plans": [
        {
          "Node Type": "Gather",
          "Parent Relationship": "Outer",
          "Parallel Aware": false,
          "Startup Cost": 238272.03,
          "Total Cost": 238272.24,
          "Plan Rows": 2,
          "Plan Width": 8,
          "Actual Startup Time": 758.136,
          "Actual Total Time": 791.473,
          "Actual Rows": 3,
          "Actual Loops": 1,
          "Workers Planned": 2,
          "Workers Launched": 2,
          "Single Copy": false,
          "Plans": [
            {
              "Node Type": "Aggregate",
              "Strategy": "Plain",
              "Partial Mode": "Partial",
              "Parent Relationship": "Outer",
              "Parallel Aware": false,
              "Startup Cost": 237272.03,
              "Total Cost": 237272.04,
              "Plan Rows": 1,
              "Plan Width": 8,
              "Actual Startup Time": 749.703,
              "Actual Total Time": 749.915,
              "Actual Rows": 1,
              "Actual Loops": 3,
              "Plans": [
                {
                  "Node Type": "Hash Join",
                  "Parent Relationship": "Outer",
                  "Parallel Aware": true,
                  "Join Type": "Inner",
                  "Startup Cost": 220475.19,
                  "Total Cost": 237139.73,
                  "Plan Rows": 52919,
                  "Plan Width": 0,
                  "Actual Startup Time": 640.884,
                  "Actual Total Time": 744.07,
                  "Actual Rows": 125502,
                  "Actual Loops": 3,
                  "Inner Unique": false,
                  "Hash Cond": "(mi_idx.movie_id = t.id)",
                  "Plans": [
                    {
                      "Node Type": "Seq Scan",
                      "Parent Relationship": "Outer",
                      "Parallel Aware": true,
                      "Relation Name": "movie_info_idx",
                      "Alias": "mi_idx",
                      "Startup Cost": 0.0,
                      "Total Cost": 15122.68,
                      "Plan Rows": 382940,
                      "Plan Width": 4,
                      "Actual Startup Time": 0.054,
                      "Actual Total Time": 47.559,
                      "Actual Rows": 306617,
                      "Actual Loops": 3,
                      "Filter": "(info_type_id < 101)",
                      "Rows Removed by Filter": 153395
                    },
                    {
                      "Node Type": "Hash",
                      "Parent Relationship": "Inner",
                      "Parallel Aware": true,
                      "Startup Cost": 219601.72,
                      "Total Cost": 219601.72,
                      "Plan Rows": 69877,
                      "Plan Width": 8,
                      "Actual Startup Time": 636.68,
                      "Actual Total Time": 636.891,
                      "Actual Rows": 109619,
                      "Actual Loops": 3,
                      "Hash Buckets": 524288,
                      "Original Hash Buckets": 524288,
                      "Hash Batches": 1,
                      "Original Hash Batches": 1,
                      "Peak Memory Usage": 16992,
                      "Plans": [
                        {
                          "Node Type": "Hash Join",
                          "Parent Relationship": "Outer",
                          "Parallel Aware": true,
                          "Join Type": "Inner",
                          "Startup Cost": 56551.83,
                          "Total Cost": 219601.72,
                          "Plan Rows": 69877,
                          "Plan Width": 8,
                          "Actual Startup Time": 479.891,
                          "Actual Total Time": 597.722,
                          "Actual Rows": 109619,
                          "Actual Loops": 3,
                          "Inner Unique": true,
                          "Hash Cond": "(mi.movie_id = t.id)",
                          "Plans": [
                            {
                              "Node Type": "Bitmap Heap Scan",
                              "Parent Relationship": "Outer",
                              "Parallel Aware": true,
                              "Relation Name": "movie_info",
                              "Alias": "mi",
                              "Startup Cost": 6332.18,
                              "Total Cost": 169198.65,
                              "Plan Rows": 69877,
                              "Plan Width": 4,
                              "Actual Startup Time": 16.925,
                              "Actual Total Time": 70.399,
                              "Actual Rows": 109619,
                              "Actual Loops": 3,
                              "Recheck Cond": "(info_type_id = 98)",
                              "Rows Removed by Index Recheck": 0,
                              "Exact Heap Blocks": 7893,
                              "Lossy Heap Blocks": 0,
                              "Plans": [
                                {
                                  "Node Type": "Bitmap Index Scan",
                                  "Parent Relationship": "Outer",
                                  "Parallel Aware": false,
                                  "Index Name": "info_type_id_movie_info",
                                  "Startup Cost": 0.0,
                                  "Total Cost": 6244.84,
                                  "Plan Rows": 349387,
                                  "Plan Width": 0,
                                  "Actual Startup Time": 13.241,
                                  "Actual Total Time": 13.241,
                                  "Actual Rows": 328857,
                                  "Actual Loops": 1,
                                  "Index Cond": "(info_type_id = 98)"
                                }
                              ]
                            },
                            {
                              "Node Type": "Hash",
                              "Parent Relationship": "Inner",
                              "Parallel Aware": true,
                              "Startup Cost": 42318.73,
                              "Total Cost": 42318.73,
                              "Plan Rows": 632073,
                              "Plan Width": 4,
                              "Actual Startup Time": 450.46,
                              "Actual Total Time": 450.461,
                              "Actual Rows": 842771,
                              "Actual Loops": 3,
                              "Hash Buckets": 4194304,
                              "Original Hash Buckets": 4194304,
                              "Hash Batches": 1,
                              "Original Hash Batches": 1,
                              "Peak Memory Usage": 131712,
                              "Plans": [
                                {
                                  "Node Type": "Seq Scan",
                                  "Parent Relationship": "Outer",
                                  "Parallel Aware": true,
                                  "Relation Name": "title",
                                  "Alias": "t",
                                  "Startup Cost": 0.0,
                                  "Total Cost": 42318.73,
                                  "Plan Rows": 632073,
                                  "Plan Width": 4,
                                  "Actual Startup Time": 0.048,
                                  "Actual Total Time": 130.843,
                                  "Actual Rows": 842771,
                                  "Actual Loops": 3
                                }
                              ]
                            }
                          ]
                        }
                      ]
                    }
                  ]
                }
              ]
            }
          ]
        }
      ]
    },
    "Planning Time": 1.336,
    "Triggers": [],
    "Execution Time": 791.592
  }
]