[
  {
    "Plan": {
      "Node Type": "Aggregate",
      "Strategy": "Plain",
      "Partial Mode": "Finalize",
      "Parallel Aware": false,
      "Startup Cost": 43545.42,
      "Total Cost": 43545.43,
      "Plan Rows": 1,
      "Plan Width": 8,
      "Actual Startup Time": 135.587,
      "Actual Total Time": 145.19,
      "Actual Rows": 1,
      "Actual Loops": 1,
      "Plans": [
        {
          "Node Type": "Gather",
          "Parent Relationship": "Outer",
          "Parallel Aware": false,
          "Startup Cost": 43545.1,
          "Total Cost": 43545.41,
          "Plan Rows": 3,
          "Plan Width": 8,
          "Actual Startup Time": 135.027,
          "Actual Total Time": 145.18,
          "Actual Rows": 4,
          "Actual Loops": 1,
          "Workers Planned": 3,
          "Workers Launched": 3,
          "Single Copy": false,
          "Plans": [
            {
              "Node Type": "Aggregate",
              "Strategy": "Plain",
              "Partial Mode": "Partial",
              "Parent Relationship": "Outer",
              "Parallel Aware": false,
              "Startup Cost": 42545.1,
              "Total Cost": 42545.11,
              "Plan Rows": 1,
              "Plan Width": 8,
              "Actual Startup Time": 127.79,
              "Actual Total Time": 127.793,
              "Actual Rows": 1,
              "Actual Loops": 4,
              "Plans": [
                {
                  "Node Type": "Bitmap Heap Scan",
                  "Parent Relationship": "Outer",
                  "Parallel Aware": true,
                  "Relation Name": "movie_keyword",
                  "Alias": "mk",
                  "Startup Cost": 14730.69,
                  "Total Cost": 41985.03,
                  "Plan Rows": 224027,
                  "Plan Width": 0,
                  "Actual Startup Time": 32.651,
                  "Actual Total Time": 117.593,
                  "Actual Rows": 174868,
                  "Actual Loops": 4,
                  "Recheck Cond": "(keyword_id < 585)",
                  "Rows Removed by Index Recheck": 0,
                  "Exact Heap Blocks": 11334,
                  "Lossy Heap Blocks": 0,
                  "Plans": [
                    {
                      "Node Type": "Bitmap Index Scan",
                      "Parent Relationship": "Outer",
                      "Parallel Aware": false,
                      "Index Name": "keyword_id_movie_keyword",
                      "Startup Cost": 0.0,
                      "Total Cost": 14557.07,
                      "Plan Rows": 694485,
                      "Plan Width": 0,
                      "Actual Startup Time": 35.977,
                      "Actual Total Time": 35.978,
                      "Actual Rows": 699472,
                      "Actual Loops": 1,
                      "Index Cond": "(keyword_id < 585)"
                    }
                  ]
                }
              ]
            }
          ]
        }
      ]
    },
    "Planning Time": 0.062,
    "Triggers": [],
    "Execution Time": 145.233
  }
]