[
  {
    "Plan": {
      "Node Type": "Aggregate",
      "Strategy": "Plain",
      "Partial Mode": "Finalize",
      "Parallel Aware": false,
      "Startup Cost": 395489.56,
      "Total Cost": 395489.57,
      "Plan Rows": 1,
      "Plan Width": 8,
      "Actual Startup Time": 2050.061,
      "Actual Total Time": 2099.761,
      "Actual Rows": 1,
      "Actual Loops": 1,
      "Plans": [
        {
          "Node Type": "Gather",
          "Parent Relationship": "Outer",
          "Parallel Aware": false,
          "Startup Cost": 395488.93,
          "Total Cost": 395489.54,
          "Plan Rows": 6,
          "Plan Width": 8,
          "Actual Startup Time": 2036.608,
          "Actual Total Time": 2099.752,
          "Actual Rows": 7,
          "Actual Loops": 1,
          "Workers Planned": 6,
          "Workers Launched": 6,
          "Single Copy": false,
          "Plans": [
            {
              "Node Type": "Aggregate",
              "Strategy": "Plain",
              "Partial Mode": "Partial",
              "Parent Relationship": "Outer",
              "Parallel Aware": false,
              "Startup Cost": 394488.93,
              "Total Cost": 394488.94,
              "Plan Rows": 1,
              "Plan Width": 8,
              "Actual Startup Time": 2020.616,
              "Actual Total Time": 2020.619,
              "Actual Rows": 1,
              "Actual Loops": 7,
              "Plans": [
                {
                  "Node Type": "Hash Join",
                  "Parent Relationship": "Outer",
                  "Parallel Aware": true,
                  "Join Type": "Inner",
                  "Startup Cost": 51067.0,
                  "Total Cost": 387438.77,
                  "Plan Rows": 2820064,
                  "Plan Width": 0,
                  "Actual Startup Time": 410.551,
                  "Actual Total Time": 1903.4,
                  "Actual Rows": 2521689,
                  "Actual Loops": 7,
                  "Inner Unique": true,
                  "Hash Cond": "(ci.movie_id = t.id)",
                  "Plans": [
                    {
                      "Node Type": "Seq Scan",
                      "Parent Relationship": "Outer",
                      "Parallel Aware": true,
                      "Relation Name": "cast_info",
                      "Alias": "ci",
                      "Startup Cost": 0.0,
                      "Total Cost": 328211.39,
                      "Plan Rows": 3108713,
                      "Plan Width": 4,
                      "Actual Startup Time": 174.554,
                      "Actual Total Time": 585.64,
                      "Actual Rows": 2644387,
                      "Actual Loops": 7,
                      "Filter": "(person_id > 1756173)",
                      "Rows Removed by Filter": 2533377
                    },
                    {
                      "Node Type": "Hash",
                      "Parent Relationship": "Inner",
                      "Parallel Aware": true,
                      "Startup Cost": 43899.32,
                      "Total Cost": 43899.32,
                      "Plan Rows": 573414,
                      "Plan Width": 4,
                      "Actual Startup Time": 230.87,
                      "Actual Total Time": 230.871,
                      "Actual Rows": 325944,
                      "Actual Loops": 7,
                      "Hash Buckets": 4194304,
                      "Original Hash Buckets": 4194304,
                      "Hash Batches": 1,
                      "Original Hash Batches": 1,
                      "Peak Memory Usage": 122176,
                      "Plans": [
                        {
                          "Node Type": "Seq Scan",
                          "Parent Relationship": "Outer",
                          "Parallel Aware": true,
                          "Relation Name": "title",
                          "Alias": "t",
                          "Startup Cost": 0.0,
                          "Total Cost": 43899.32,
                          "Plan Rows": 573414,
                          "Plan Width": 4,
                          "Actual Startup Time": 0.044,
                          "Actual Total Time": 81.394,
                          "Actual Rows": 325944,
                          "Actual Loops": 7,
                          "Filter": "(production_year > 1951)",
                          "Rows Removed by Filter": 35243
                        }
                      ]
                    }
                  ]
                }
              ]
            }
          ]
        }
      ]
    },
    "Planning Time": 0.44,
    "Triggers": [],
    "Execution Time": 2099.81
  }
]