[
  {
    "Plan": {
      "Node Type": "Aggregate",
      "Strategy": "Plain",
      "Partial Mode": "Finalize",
      "Parallel Aware": false,
      "Startup Cost": 395313.21,
      "Total Cost": 395313.22,
      "Plan Rows": 1,
      "Plan Width": 8,
      "Actual Startup Time": 2081.661,
      "Actual Total Time": 2146.281,
      "Actual Rows": 1,
      "Actual Loops": 1,
      "Plans": [
        {
          "Node Type": "Gather",
          "Parent Relationship": "Outer",
          "Parallel Aware": false,
          "Startup Cost": 395312.58,
          "Total Cost": 395313.19,
          "Plan Rows": 6,
          "Plan Width": 8,
          "Actual Startup Time": 2074.098,
          "Actual Total Time": 2146.27,
          "Actual Rows": 7,
          "Actual Loops": 1,
          "Workers Planned": 6,
          "Workers Launched": 6,
          "Single Copy": false,
          "Plans": [
            {
              "Node Type": "Aggregate",
              "Strategy": "Plain",
              "Partial Mode": "Partial",
              "Parent Relationship": "Outer",
              "Parallel Aware": false,
              "Startup Cost": 394312.58,
              "Total Cost": 394312.59,
              "Plan Rows": 1,
              "Plan Width": 8,
              "Actual Startup Time": 2051.685,
              "Actual Total Time": 2051.688,
              "Actual Rows": 1,
              "Actual Loops": 7,
              "Plans": [
                {
                  "Node Type": "Hash Join",
                  "Parent Relationship": "Outer",
                  "Parallel Aware": true,
                  "Join Type": "Inner",
                  "Startup Cost": 51048.14,
                  "Total Cost": 387322.03,
                  "Plan Rows": 2796223,
                  "Plan Width": 0,
                  "Actual Startup Time": 407.913,
                  "Actual Total Time": 1940.512,
                  "Actual Rows": 2521689,
                  "Actual Loops": 7,
                  "Inner Unique": true,
                  "Hash Cond": "(ci.movie_id = t.id)",
                  "Plans": [
                    {
                      "Node Type": "Seq Scan",
                      "Parent Relationship": "Outer",
                      "Parallel Aware": true,
                      "Relation Name": "cast_info",
                      "Alias": "ci",
                      "Startup Cost": 0.0,
                      "Total Cost": 328162.03,
                      "Plan Rows": 3090228,
                      "Plan Width": 4,
                      "Actual Startup Time": 169.244,
                      "Actual Total Time": 578.383,
                      "Actual Rows": 2644387,
                      "Actual Loops": 7,
                      "Filter": "(person_id > 1756173)",
                      "Rows Removed by Filter": 2533377
                    },
                    {
                      "Node Type": "Hash",
                      "Parent Relationship": "Inner",
                      "Parallel Aware": true,
                      "Startup Cost": 43898.92,
                      "Total Cost": 43898.92,
                      "Plan Rows": 571938,
                      "Plan Width": 4,
                      "Actual Startup Time": 231.495,
                      "Actual Total Time": 231.496,
                      "Actual Rows": 325944,
                      "Actual Loops": 7,
                      "Hash Buckets": 4194304,
                      "Original Hash Buckets": 4194304,
                      "Hash Batches": 1,
                      "Original Hash Batches": 1,
                      "Peak Memory Usage": 122144,
                      "Plans": [
                        {
                          "Node Type": "Seq Scan",
                          "Parent Relationship": "Outer",
                          "Parallel Aware": true,
                          "Relation Name": "title",
                          "Alias": "t",
                          "Startup Cost": 0.0,
                          "Total Cost": 43898.92,
                          "Plan Rows": 571938,
                          "Plan Width": 4,
                          "Actual Startup Time": 0.041,
                          "Actual Total Time": 79.121,
                          "Actual Rows": 325944,
                          "Actual Loops": 7,
                          "Filter": "(production_year > 1951)",
                          "Rows Removed by Filter": 35243
                        }
                      ]
                    }
                  ]
                }
              ]
            }
          ]
        }
      ]
    },
    "Planning Time": 0.531,
    "Triggers": [],
    "Execution Time": 2146.36
  }
]