{
  "Plan": {
    "Node Type": "Aggregate",
    "Strategy": "Plain",
    "Partial Mode": "Finalize",
    "Parallel Aware": false,
    "Startup Cost": 951907.33,
    "Total Cost": 951907.34,
    "Plan Rows": 1,
    "Plan Width": 128,
    "Actual Startup Time": 3345.858,
    "Actual Total Time": 3368.424,
    "Actual Rows": 1,
    "Actual Loops": 1,
    "Plans": [
      {
        "Node Type": "Gather",
        "Parent Relationship": "Outer",
        "Parallel Aware": false,
        "Startup Cost": 951907.21,
        "Total Cost": 951907.32,
        "Plan Rows": 1,
        "Plan Width": 128,
        "Actual Startup Time": 3345.846,
        "Actual Total Time": 3368.417,
        "Actual Rows": 2,
        "Actual Loops": 1,
        "Workers Planned": 1,
        "Workers Launched": 1,
        "Single Copy": false,
        "Plans": [
          {
            "Node Type": "Aggregate",
            "Strategy": "Plain",
            "Partial Mode": "Partial",
            "Parent Relationship": "Outer",
            "Parallel Aware": false,
            "Startup Cost": 950907.21,
            "Total Cost": 950907.22,
            "Plan Rows": 1,
            "Plan Width": 128,
            "Actual Startup Time": 3298.551,
            "Actual Total Time": 3298.555,
            "Actual Rows": 1,
            "Actual Loops": 2,
            "Plans": [
              {
                "Node Type": "Nested Loop",
                "Parent Relationship": "Outer",
                "Parallel Aware": false,
                "Join Type": "Inner",
                "Startup Cost": 909135.36,
                "Total Cost": 950905.93,
                "Plan Rows": 128,
                "Plan Width": 64,
                "Actual Startup Time": 3000.867,
                "Actual Total Time": 3295.47,
                "Actual Rows": 17147,
                "Actual Loops": 2,
                "Inner Unique": true,
                "Plans": [
                  {
                    "Node Type": "Nested Loop",
                    "Parent Relationship": "Outer",
                    "Parallel Aware": false,
                    "Join Type": "Inner",
                    "Startup Cost": 909134.93,
                    "Total Cost": 950841.67,
                    "Plan Rows": 128,
                    "Plan Width": 52,
                    "Actual Startup Time": 3000.563,
                    "Actual Total Time": 3265.678,
                    "Actual Rows": 17706,
                    "Actual Loops": 2,
                    "Inner Unique": false,
                    "Join Filter": "(n.id = an.person_id)",
                    "Rows Removed by Join Filter": 0,
                    "Plans": [
                      {
                        "Node Type": "Nested Loop",
                        "Parent Relationship": "Outer",
                        "Parallel Aware": false,
                        "Join Type": "Inner",
                        "Startup Cost": 909134.5,
                        "Total Cost": 950544.14,
                        "Plan Rows": 593,
                        "Plan Width": 44,
                        "Actual Startup Time": 2999.169,
                        "Actual Total Time": 3240.709,
                        "Actual Rows": 13462,
                        "Actual Loops": 2,
                        "Inner Unique": true,
                        "Plans": [
                          {
                            "Node Type": "Nested Loop",
                            "Parent Relationship": "Outer",
                            "Parallel Aware": false,
                            "Join Type": "Inner",
                            "Startup Cost": 909134.37,
                            "Total Cost": 949435.2,
                            "Plan Rows": 7116,
                            "Plan Width": 48,
                            "Actual Startup Time": 2998.836,
                            "Actual Total Time": 3226.066,
                            "Actual Rows": 15596,
                            "Actual Loops": 2,
                            "Inner Unique": true,
                            "Plans": [
                              {
                                "Node Type": "Nested Loop",
                                "Parent Relationship": "Outer",
                                "Parallel Aware": false,
                                "Join Type": "Inner",
                                "Startup Cost": 909133.95,
                                "Total Cost": 940686.2,
                                "Plan Rows": 19619,
                                "Plan Width": 52,
                                "Actual Startup Time": 2998.792,
                                "Actual Total Time": 3151.52,
                                "Actual Rows": 37026,
                                "Actual Loops": 2,
                                "Inner Unique": false,
                                "Plans": [
                                  {
                                    "Node Type": "Nested Loop",
                                    "Parent Relationship": "Outer",
                                    "Parallel Aware": false,
                                    "Join Type": "Inner",
                                    "Startup Cost": 909133.52,
                                    "Total Cost": 929282.5,
                                    "Plan Rows": 19010,
                                    "Plan Width": 56,
                                    "Actual Startup Time": 2998.75,
                                    "Actual Total Time": 3095.528,
                                    "Actual Rows": 11092,
                                    "Actual Loops": 2,
                                    "Inner Unique": true,
                                    "Plans": [
                                      {
                                        "Node Type": "Merge Join",
                                        "Parent Relationship": "Outer",
                                        "Parallel Aware": false,
                                        "Join Type": "Inner",
                                        "Startup Cost": 909133.09,
                                        "Total Cost": 919797.09,
                                        "Plan Rows": 19010,
                                        "Plan Width": 35,
                                        "Actual Startup Time": 2998.673,
                                        "Actual Total Time": 3040.465,
                                        "Actual Rows": 11092,
                                        "Actual Loops": 2,
                                        "Inner Unique": true,
                                        "Merge Cond": "(ci.person_id = n.id)",
                                        "Plans": [
                                          {
                                            "Node Type": "Sort",
                                            "Parent Relationship": "Outer",
                                            "Parallel Aware": false,
                                            "Startup Cost": 788078.79,
                                            "Total Cost": 793221.88,
                                            "Plan Rows": 2057236,
                                            "Plan Width": 16,
                                            "Actual Startup Time": 2411.53,
                                            "Actual Total Time": 2463.044,
                                            "Actual Rows": 1181832,
                                            "Actual Loops": 2,
                                            "Sort Key": [
                                              "ci.person_id"
                                            ],
                                            "Sort Method": "quicksort",
                                            "Sort Space Used": 200145,
                                            "Sort Space Type": "Memory",
                                            "Workers": [
                                              {
                                                "Worker Number": 0,
                                                "Sort Method": "quicksort",
                                                "Sort Space Used": 110177,
                                                "Sort Space Type": "Memory"
                                              }
                                            ],
                                            "Plans": [
                                              {
                                                "Node Type": "Seq Scan",
                                                "Parent Relationship": "Outer",
                                                "Parallel Aware": true,
                                                "Relation Name": "cast_info",
                                                "Alias": "ci",
                                                "Startup Cost": 0.0,
                                                "Total Cost": 572354.19,
                                                "Plan Rows": 2057236,
                                                "Plan Width": 16,
                                                "Actual Startup Time": 0.052,
                                                "Actual Total Time": 2009.366,
                                                "Actual Rows": 1737230,
                                                "Actual Loops": 2,
                                                "Filter": "(note = ANY ('{(uncredited),(writer),(voice),(producer)}'::text[]))",
                                                "Rows Removed by Filter": 16384942
                                              }
                                            ]
                                          },
                                          {
                                            "Node Type": "Sort",
                                            "Parent Relationship": "Inner",
                                            "Parallel Aware": false,
                                            "Startup Cost": 121054.26,
                                            "Total Cost": 121150.53,
                                            "Plan Rows": 38507,
                                            "Plan Width": 19,
                                            "Actual Startup Time": 507.357,
                                            "Actual Total Time": 512.528,
                                            "Actual Rows": 50011,
                                            "Actual Loops": 2,
                                            "Sort Key": [
                                              "n.id"
                                            ],
                                            "Sort Method": "quicksort",
                                            "Sort Space Used": 5246,
                                            "Sort Space Type": "Memory",
                                            "Workers": [
                                              {
                                                "Worker Number": 0,
                                                "Sort Method": "quicksort",
                                                "Sort Space Used": 5246,
                                                "Sort Space Type": "Memory"
                                              }
                                            ],
                                            "Plans": [
                                              {
                                                "Node Type": "Seq Scan",
                                                "Parent Relationship": "Outer",
                                                "Parallel Aware": false,
                                                "Relation Name": "name",
                                                "Alias": "n",
                                                "Startup Cost": 0.0,
                                                "Total Cost": 118121.4,
                                                "Plan Rows": 38507,
                                                "Plan Width": 19,
                                                "Actual Startup Time": 210.164,
                                                "Actual Total Time": 494.469,
                                                "Actual Rows": 50011,
                                                "Actual Loops": 2,
                                                "Filter": "((name ~~ '%An%'::text) AND ((gender)::text = 'f'::text))",
                                                "Rows Removed by Filter": 4117480
                                              }
                                            ]
                                          }
                                        ]
                                      },
                                      {
                                        "Node Type": "Index Scan",
                                        "Parent Relationship": "Inner",
                                        "Parallel Aware": false,
                                        "Scan Direction": "Forward",
                                        "Index Name": "title_pkey",
                                        "Relation Name": "title",
                                        "Alias": "t",
                                        "Startup Cost": 0.43,
                                        "Total Cost": 0.5,
                                        "Plan Rows": 1,
                                        "Plan Width": 21,
                                        "Actual Startup Time": 0.005,
                                        "Actual Total Time": 0.005,
                                        "Actual Rows": 1,
                                        "Actual Loops": 22183,
                                        "Index Cond": "(id = ci.movie_id)",
                                        "Rows Removed by Index Recheck": 0
                                      }
                                    ]
                                  },
                                  {
                                    "Node Type": "Index Scan",
                                    "Parent Relationship": "Inner",
                                    "Parallel Aware": false,
                                    "Scan Direction": "Forward",
                                    "Index Name": "movie_id_movie_companies",
                                    "Relation Name": "movie_companies",
                                    "Alias": "mc",
                                    "Startup Cost": 0.43,
                                    "Total Cost": 0.55,
                                    "Plan Rows": 5,
                                    "Plan Width": 8,
                                    "Actual Startup Time": 0.003,
                                    "Actual Total Time": 0.004,
                                    "Actual Rows": 3,
                                    "Actual Loops": 22183,
                                    "Index Cond": "(movie_id = ci.movie_id)",
                                    "Rows Removed by Index Recheck": 0
                                  }
                                ]
                              },
                              {
                                "Node Type": "Index Scan",
                                "Parent Relationship": "Inner",
                                "Parallel Aware": false,
                                "Scan Direction": "Forward",
                                "Index Name": "company_name_pkey",
                                "Relation Name": "company_name",
                                "Alias": "cn",
                                "Startup Cost": 0.42,
                                "Total Cost": 0.45,
                                "Plan Rows": 1,
                                "Plan Width": 4,
                                "Actual Startup Time": 0.002,
                                "Actual Total Time": 0.002,
                                "Actual Rows": 0,
                                "Actual Loops": 74052,
                                "Index Cond": "(id = mc.company_id)",
                                "Rows Removed by Index Recheck": 0,
                                "Filter": "((country_code)::text = '[us]'::text)",
                                "Rows Removed by Filter": 1
                              }
                            ]
                          },
                          {
                            "Node Type": "Index Scan",
                            "Parent Relationship": "Inner",
                            "Parallel Aware": false,
                            "Scan Direction": "Forward",
                            "Index Name": "role_type_pkey",
                            "Relation Name": "role_type",
                            "Alias": "rt",
                            "Startup Cost": 0.14,
                            "Total Cost": 0.16,
                            "Plan Rows": 1,
                            "Plan Width": 4,
                            "Actual Startup Time": 0.001,
                            "Actual Total Time": 0.001,
                            "Actual Rows": 1,
                            "Actual Loops": 31191,
                            "Index Cond": "(id = ci.role_id)",
                            "Rows Removed by Index Recheck": 0,
                            "Filter": "((role)::text = 'actress'::text)",
                            "Rows Removed by Filter": 0
                          }
                        ]
                      },
                      {
                        "Node Type": "Index Scan",
                        "Parent Relationship": "Inner",
                        "Parallel Aware": false,
                        "Scan Direction": "Forward",
                        "Index Name": "person_id_aka_name",
                        "Relation Name": "aka_name",
                        "Alias": "an",
                        "Startup Cost": 0.42,
                        "Total Cost": 0.48,
                        "Plan Rows": 2,
                        "Plan Width": 20,
                        "Actual Startup Time": 0.001,
                        "Actual Total Time": 0.002,
                        "Actual Rows": 1,
                        "Actual Loops": 26924,
                        "Index Cond": "(person_id = ci.person_id)",
                        "Rows Removed by Index Recheck": 0
                      }
                    ]
                  },
                  {
                    "Node Type": "Index Scan",
                    "Parent Relationship": "Inner",
                    "Parallel Aware": false,
                    "Scan Direction": "Forward",
                    "Index Name": "char_name_pkey",
                    "Relation Name": "char_name",
                    "Alias": "chn",
                    "Startup Cost": 0.43,
                    "Total Cost": 0.5,
                    "Plan Rows": 1,
                    "Plan Width": 20,
                    "Actual Startup Time": 0.001,
                    "Actual Total Time": 0.001,
                    "Actual Rows": 1,
                    "Actual Loops": 35411,
                    "Index Cond": "(id = ci.person_role_id)",
                    "Rows Removed by Index Recheck": 0
                  }
                ]
              }
            ]
          }
        ]
      }
    ]
  },
  "Planning Time": 2.403,
  "Triggers": [],
  "Execution Time": 3368.638
}