[
  {
    "Plan": {
      "Node Type": "Aggregate",
      "Strategy": "Plain",
      "Partial Mode": "Finalize",
      "Parallel Aware": false,
      "Startup Cost": 46780.4,
      "Total Cost": 46780.41,
      "Plan Rows": 1,
      "Plan Width": 8,
      "Actual Startup Time": 109.143,
      "Actual Total Time": 121.223,
      "Actual Rows": 1,
      "Actual Loops": 1,
      "Plans": [
        {
          "Node Type": "Gather",
          "Parent Relationship": "Outer",
          "Parallel Aware": false,
          "Startup Cost": 46779.98,
          "Total Cost": 46780.39,
          "Plan Rows": 4,
          "Plan Width": 8,
          "Actual Startup Time": 108.829,
          "Actual Total Time": 121.215,
          "Actual Rows": 5,
          "Actual Loops": 1,
          "Workers Planned": 4,
          "Workers Launched": 4,
          "Single Copy": false,
          "Plans": [
            {
              "Node Type": "Aggregate",
              "Strategy": "Plain",
              "Partial Mode": "Partial",
              "Parent Relationship": "Outer",
              "Parallel Aware": false,
              "Startup Cost": 45779.98,
              "Total Cost": 45779.99,
              "Plan Rows": 1,
              "Plan Width": 8,
              "Actual Startup Time": 99.186,
              "Actual Total Time": 99.188,
              "Actual Rows": 1,
              "Actual Loops": 5,
              "Plans": [
                {
                  "Node Type": "Seq Scan",
                  "Parent Relationship": "Outer",
                  "Parallel Aware": true,
                  "Relation Name": "title",
                  "Alias": "t",
                  "Startup Cost": 0.0,
                  "Total Cost": 45479.59,
                  "Plan Rows": 120157,
                  "Plan Width": 0,
                  "Actual Startup Time": 0.056,
                  "Actual Total Time": 92.645,
                  "Actual Rows": 104117,
                  "Actual Loops": 5,
                  "Filter": "((kind_id > 4) AND (production_year > 2007))",
                  "Rows Removed by Filter": 401546
                }
              ]
            }
          ]
        }
      ]
    },
    "Planning Time": 0.136,
    "Triggers": [],
    "Execution Time": 121.269
  }
]