[
  {
    "Plan": {
      "Node Type": "Aggregate",
      "Strategy": "Plain",
      "Partial Mode": "Finalize",
      "Parallel Aware": false,
      "Startup Cost": 346548.49,
      "Total Cost": 346548.5,
      "Plan Rows": 1,
      "Plan Width": 8,
      "Actual Startup Time": 697.581,
      "Actual Total Time": 756.913,
      "Actual Rows": 1,
      "Actual Loops": 1,
      "Plans": [
        {
          "Node Type": "Gather",
          "Parent Relationship": "Outer",
          "Parallel Aware": false,
          "Startup Cost": 346547.86,
          "Total Cost": 346548.47,
          "Plan Rows": 6,
          "Plan Width": 8,
          "Actual Startup Time": 697.45,
          "Actual Total Time": 756.902,
          "Actual Rows": 7,
          "Actual Loops": 1,
          "Workers Planned": 6,
          "Workers Launched": 6,
          "Single Copy": false,
          "Plans": [
            {
              "Node Type": "Aggregate",
              "Strategy": "Plain",
              "Partial Mode": "Partial",
              "Parent Relationship": "Outer",
              "Parallel Aware": false,
              "Startup Cost": 345547.86,
              "Total Cost": 345547.87,
              "Plan Rows": 1,
              "Plan Width": 8,
              "Actual Startup Time": 687.3,
              "Actual Total Time": 687.301,
              "Actual Rows": 1,
              "Actual Loops": 7,
              "Plans": [
                {
                  "Node Type": "Seq Scan",
                  "Parent Relationship": "Outer",
                  "Parallel Aware": true,
                  "Relation Name": "cast_info",
                  "Alias": "ci",
                  "Startup Cost": 0.0,
                  "Total Cost": 343257.03,
                  "Plan Rows": 916333,
                  "Plan Width": 0,
                  "Actual Startup Time": 331.801,
                  "Actual Total Time": 625.569,
                  "Actual Rows": 1485157,
                  "Actual Loops": 7,
                  "Filter": "((person_id > 2474530) AND (role_id > 2))",
                  "Rows Removed by Filter": 3692607
                }
              ]
            }
          ]
        }
      ]
    },
    "Planning Time": 0.213,
    "Triggers": [],
    "Execution Time": 756.986
  }
]