[
  {
    "Plan": {
      "Node Type": "Aggregate",
      "Strategy": "Plain",
      "Partial Mode": "Finalize",
      "Parallel Aware": false,
      "Startup Cost": 104586.73,
      "Total Cost": 104586.74,
      "Plan Rows": 1,
      "Plan Width": 8,
      "Actual Startup Time": 304.168,
      "Actual Total Time": 334.039,
      "Actual Rows": 1,
      "Actual Loops": 1,
      "Plans": [
        {
          "Node Type": "Gather",
          "Parent Relationship": "Outer",
          "Parallel Aware": false,
          "Startup Cost": 104586.51,
          "Total Cost": 104586.72,
          "Plan Rows": 2,
          "Plan Width": 8,
          "Actual Startup Time": 303.781,
          "Actual Total Time": 334.032,
          "Actual Rows": 3,
          "Actual Loops": 1,
          "Workers Planned": 2,
          "Workers Launched": 2,
          "Single Copy": false,
          "Plans": [
            {
              "Node Type": "Aggregate",
              "Strategy": "Plain",
              "Partial Mode": "Partial",
              "Parent Relationship": "Outer",
              "Parallel Aware": false,
              "Startup Cost": 103586.51,
              "Total Cost": 103586.52,
              "Plan Rows": 1,
              "Plan Width": 8,
              "Actual Startup Time": 295.59,
              "Actual Total Time": 295.594,
              "Actual Rows": 1,
              "Actual Loops": 3,
              "Plans": [
                {
                  "Node Type": "Nested Loop",
                  "Parent Relationship": "Outer",
                  "Parallel Aware": false,
                  "Join Type": "Inner",
                  "Startup Cost": 45808.72,
                  "Total Cost": 103353.48,
                  "Plan Rows": 93215,
                  "Plan Width": 0,
                  "Actual Startup Time": 131.596,
                  "Actual Total Time": 292.243,
                  "Actual Rows": 68133,
                  "Actual Loops": 3,
                  "Inner Unique": false,
                  "Join Filter": "(t.id = mi.movie_id)",
                  "Rows Removed by Join Filter": 0,
                  "Plans": [
                    {
                      "Node Type": "Hash Join",
                      "Parent Relationship": "Outer",
                      "Parallel Aware": true,
                      "Join Type": "Inner",
                      "Startup Cost": 45808.29,
                      "Total Cost": 61932.72,
                      "Plan Rows": 15875,
                      "Plan Width": 8,
                      "Actual Startup Time": 131.507,
                      "Actual Total Time": 210.415,
                      "Actual Rows": 7589,
                      "Actual Loops": 3,
                      "Inner Unique": true,
                      "Hash Cond": "(mi_idx.movie_id = t.id)",
                      "Plans": [
                        {
                          "Node Type": "Seq Scan",
                          "Parent Relationship": "Outer",
                          "Parallel Aware": true,
                          "Relation Name": "movie_info_idx",
                          "Alias": "mi_idx",
                          "Startup Cost": 0.0,
                          "Total Cost": 15122.68,
                          "Plan Rows": 381618,
                          "Plan Width": 4,
                          "Actual Startup Time": 0.013,
                          "Actual Total Time": 44.937,
                          "Actual Rows": 306617,
                          "Actual Loops": 3,
                          "Filter": "(info_type_id < 101)",
                          "Rows Removed by Filter": 153395
                        },
                        {
                          "Node Type": "Hash",
                          "Parent Relationship": "Inner",
                          "Parallel Aware": true,
                          "Startup Cost": 45479.59,
                          "Total Cost": 45479.59,
                          "Plan Rows": 26296,
                          "Plan Width": 4,
                          "Actual Startup Time": 129.554,
                          "Actual Total Time": 129.555,
                          "Actual Rows": 36171,
                          "Actual Loops": 3,
                          "Hash Buckets": 131072,
                          "Original Hash Buckets": 131072,
                          "Hash Batches": 1,
                          "Original Hash Batches": 1,
                          "Peak Memory Usage": 5280,
                          "Plans": [
                            {
                              "Node Type": "Seq Scan",
                              "Parent Relationship": "Outer",
                              "Parallel Aware": true,
                              "Relation Name": "title",
                              "Alias": "t",
                              "Startup Cost": 0.0,
                              "Total Cost": 45479.59,
                              "Plan Rows": 26296,
                              "Plan Width": 4,
                              "Actual Startup Time": 0.05,
                              "Actual Total Time": 117.262,
                              "Actual Rows": 36171,
                              "Actual Loops": 3,
                              "Filter": "((kind_id > 1) AND (production_year = 2010))",
                              "Rows Removed by Filter": 806600
                            }
                          ]
                        }
                      ]
                    },
                    {
                      "Node Type": "Index Only Scan",
                      "Parent Relationship": "Inner",
                      "Parallel Aware": false,
                      "Scan Direction": "Forward",
                      "Index Name": "movie_id_movie_info",
                      "Relation Name": "movie_info",
                      "Alias": "mi",
                      "Startup Cost": 0.43,
                      "Total Cost": 2.1,
                      "Plan Rows": 41,
                      "Plan Width": 4,
                      "Actual Startup Time": 0.004,
                      "Actual Total Time": 0.01,
                      "Actual Rows": 9,
                      "Actual Loops": 22768,
                      "Index Cond": "(movie_id = mi_idx.movie_id)",
                      "Rows Removed by Index Recheck": 0,
                      "Heap Fetches": 204398
                    }
                  ]
                }
              ]
            }
          ]
        }
      ]
    },
    "Planning Time": 1.393,
    "Triggers": [],
    "Execution Time": 334.139
  }
]