[
  {
    "Plan": {
      "Node Type": "Aggregate",
      "Strategy": "Plain",
      "Partial Mode": "Finalize",
      "Parallel Aware": false,
      "Startup Cost": 248316.2,
      "Total Cost": 248316.21,
      "Plan Rows": 1,
      "Plan Width": 8,
      "Actual Startup Time": 668.128,
      "Actual Total Time": 693.213,
      "Actual Rows": 1,
      "Actual Loops": 1,
      "Plans": [
        {
          "Node Type": "Gather",
          "Parent Relationship": "Outer",
          "Parallel Aware": false,
          "Startup Cost": 248315.68,
          "Total Cost": 248316.19,
          "Plan Rows": 5,
          "Plan Width": 8,
          "Actual Startup Time": 663.917,
          "Actual Total Time": 693.205,
          "Actual Rows": 6,
          "Actual Loops": 1,
          "Workers Planned": 5,
          "Workers Launched": 5,
          "Single Copy": false,
          "Plans": [
            {
              "Node Type": "Aggregate",
              "Strategy": "Plain",
              "Partial Mode": "Partial",
              "Parent Relationship": "Outer",
              "Parallel Aware": false,
              "Startup Cost": 247315.68,
              "Total Cost": 247315.69,
              "Plan Rows": 1,
              "Plan Width": 8,
              "Actual Startup Time": 657.93,
              "Actual Total Time": 657.933,
              "Actual Rows": 1,
              "Actual Loops": 6,
              "Plans": [
                {
                  "Node Type": "Hash Join",
                  "Parent Relationship": "Outer",
                  "Parallel Aware": true,
                  "Join Type": "Inner",
                  "Startup Cost": 44830.93,
                  "Total Cost": 246951.71,
                  "Plan Rows": 145586,
                  "Plan Width": 0,
                  "Actual Startup Time": 123.565,
                  "Actual Total Time": 648.991,
                  "Actual Rows": 131344,
                  "Actual Loops": 6,
                  "Inner Unique": true,
                  "Hash Cond": "(mi.movie_id = t.id)",
                  "Plans": [
                    {
                      "Node Type": "Seq Scan",
                      "Parent Relationship": "Outer",
                      "Parallel Aware": true,
                      "Relation Name": "movie_info",
                      "Alias": "mi",
                      "Startup Cost": 0.0,
                      "Total Cost": 198880.74,
                      "Plan Rows": 1234303,
                      "Plan Width": 4,
                      "Actual Startup Time": 19.184,
                      "Actual Total Time": 384.939,
                      "Actual Rows": 1037249,
                      "Actual Loops": 6,
                      "Filter": "(info_type_id > 8)",
                      "Rows Removed by Filter": 1435371
                    },
                    {
                      "Node Type": "Hash",
                      "Parent Relationship": "Inner",
                      "Parallel Aware": true,
                      "Startup Cost": 43899.01,
                      "Total Cost": 43899.01,
                      "Plan Rows": 74554,
                      "Plan Width": 4,
                      "Actual Startup Time": 102.602,
                      "Actual Total Time": 102.603,
                      "Actual Rows": 49412,
                      "Actual Loops": 6,
                      "Hash Buckets": 524288,
                      "Original Hash Buckets": 524288,
                      "Hash Batches": 1,
                      "Original Hash Batches": 1,
                      "Peak Memory Usage": 15776,
                      "Plans": [
                        {
                          "Node Type": "Seq Scan",
                          "Parent Relationship": "Outer",
                          "Parallel Aware": true,
                          "Relation Name": "title",
                          "Alias": "t",
                          "Startup Cost": 0.0,
                          "Total Cost": 43899.01,
                          "Plan Rows": 74554,
                          "Plan Width": 4,
                          "Actual Startup Time": 0.036,
                          "Actual Total Time": 81.384,
                          "Actual Rows": 49412,
                          "Actual Loops": 6,
                          "Filter": "(production_year < 1965)",
                          "Rows Removed by Filter": 371974
                        }
                      ]
                    }
                  ]
                }
              ]
            }
          ]
        }
      ]
    },
    "Planning Time": 0.256,
    "Triggers": [],
    "Execution Time": 693.268
  }
]