[
  {
    "Plan": {
      "Node Type": "Aggregate",
      "Strategy": "Plain",
      "Partial Mode": "Finalize",
      "Parallel Aware": false,
      "Startup Cost": 485066.93,
      "Total Cost": 485066.94,
      "Plan Rows": 1,
      "Plan Width": 8,
      "Actual Startup Time": 1506.134,
      "Actual Total Time": 1566.684,
      "Actual Rows": 1,
      "Actual Loops": 1,
      "Plans": [
        {
          "Node Type": "Gather",
          "Parent Relationship": "Outer",
          "Parallel Aware": false,
          "Startup Cost": 485066.41,
          "Total Cost": 485066.92,
          "Plan Rows": 5,
          "Plan Width": 8,
          "Actual Startup Time": 1486.537,
          "Actual Total Time": 1566.676,
          "Actual Rows": 6,
          "Actual Loops": 1,
          "Workers Planned": 5,
          "Workers Launched": 5,
          "Single Copy": false,
          "Plans": [
            {
              "Node Type": "Aggregate",
              "Strategy": "Plain",
              "Partial Mode": "Partial",
              "Parent Relationship": "Outer",
              "Parallel Aware": false,
              "Startup Cost": 484066.41,
              "Total Cost": 484066.42,
              "Plan Rows": 1,
              "Plan Width": 8,
              "Actual Startup Time": 1468.698,
              "Actual Total Time": 1468.703,
              "Actual Rows": 1,
              "Actual Loops": 6,
              "Plans": [
                {
                  "Node Type": "Nested Loop",
                  "Parent Relationship": "Outer",
                  "Parallel Aware": false,
                  "Join Type": "Inner",
                  "Startup Cost": 59509.25,
                  "Total Cost": 482831.51,
                  "Plan Rows": 493959,
                  "Plan Width": 0,
                  "Actual Startup Time": 311.77,
                  "Actual Total Time": 1402.934,
                  "Actual Rows": 1218170,
                  "Actual Loops": 6,
                  "Inner Unique": false,
                  "Plans": [
                    {
                      "Node Type": "Hash Join",
                      "Parent Relationship": "Outer",
                      "Parallel Aware": true,
                      "Join Type": "Inner",
                      "Startup Cost": 59508.81,
                      "Total Cost": 322612.24,
                      "Plan Rows": 84126,
                      "Plan Width": 8,
                      "Actual Startup Time": 311.602,
                      "Actual Total Time": 394.545,
                      "Actual Rows": 63506,
                      "Actual Loops": 6,
                      "Inner Unique": true,
                      "Hash Cond": "(ci.movie_id = t.id)",
                      "Plans": [
                        {
                          "Node Type": "Bitmap Heap Scan",
                          "Parent Relationship": "Outer",
                          "Parallel Aware": true,
                          "Relation Name": "cast_info",
                          "Alias": "ci",
                          "Startup Cost": 9288.43,
                          "Total Cost": 272171.03,
                          "Plan Rows": 84126,
                          "Plan Width": 4,
                          "Actual Startup Time": 13.052,
                          "Actual Total Time": 30.127,
                          "Actual Rows": 63506,
                          "Actual Loops": 6,
                          "Recheck Cond": "(person_id > 3991040)",
                          "Rows Removed by Index Recheck": 0,
                          "Exact Heap Blocks": 1108,
                          "Lossy Heap Blocks": 0,
                          "Plans": [
                            {
                              "Node Type": "Bitmap Index Scan",
                              "Parent Relationship": "Outer",
                              "Parallel Aware": false,
                              "Index Name": "person_id_cast_info",
                              "Startup Cost": 0.0,
                              "Total Cost": 9183.27,
                              "Plan Rows": 420628,
                              "Plan Width": 0,
                              "Actual Startup Time": 12.247,
                              "Actual Total Time": 12.248,
                              "Actual Rows": 381035,
                              "Actual Loops": 1,
                              "Index Cond": "(person_id > 3991040)"
                            }
                          ]
                        },
                        {
                          "Node Type": "Hash",
                          "Parent Relationship": "Inner",
                          "Parallel Aware": true,
                          "Startup Cost": 42319.06,
                          "Total Cost": 42319.06,
                          "Plan Rows": 632106,
                          "Plan Width": 4,
                          "Actual Startup Time": 292.734,
                          "Actual Total Time": 292.735,
                          "Actual Rows": 421385,
                          "Actual Loops": 6,
                          "Hash Buckets": 4194304,
                          "Original Hash Buckets": 4194304,
                          "Hash Batches": 1,
                          "Original Hash Batches": 1,
                          "Peak Memory Usage": 131776,
                          "Plans": [
                            {
                              "Node Type": "Seq Scan",
                              "Parent Relationship": "Outer",
                              "Parallel Aware": true,
                              "Relation Name": "title",
                              "Alias": "t",
                              "Startup Cost": 0.0,
                              "Total Cost": 42319.06,
                              "Plan Rows": 632106,
                              "Plan Width": 4,
                              "Actual Startup Time": 0.041,
                              "Actual Total Time": 88.036,
                              "Actual Rows": 421385,
                              "Actual Loops": 6
                            }
                          ]
                        }
                      ]
                    },
                    {
                      "Node Type": "Index Only Scan",
                      "Parent Relationship": "Inner",
                      "Parallel Aware": false,
                      "Scan Direction": "Forward",
                      "Index Name": "movie_id_movie_info",
                      "Relation Name": "movie_info",
                      "Alias": "mi",
                      "Startup Cost": 0.43,
                      "Total Cost": 1.49,
                      "Plan Rows": 41,
                      "Plan Width": 4,
                      "Actual Startup Time": 0.005,
                      "Actual Total Time": 0.014,
                      "Actual Rows": 19,
                      "Actual Loops": 381035,
                      "Index Cond": "(movie_id = t.id)",
                      "Rows Removed by Index Recheck": 0,
                      "Heap Fetches": 7309021
                    }
                  ]
                }
              ]
            }
          ]
        }
      ]
    },
    "Planning Time": 0.513,
    "Triggers": [],
    "Execution Time": 1566.759
  }
]