[
  {
    "Plan": {
      "Node Type": "Aggregate",
      "Strategy": "Plain",
      "Partial Mode": "Finalize",
      "Parallel Aware": false,
      "Startup Cost": 344758.88,
      "Total Cost": 344758.89,
      "Plan Rows": 1,
      "Plan Width": 8,
      "Actual Startup Time": 683.133,
      "Actual Total Time": 742.756,
      "Actual Rows": 1,
      "Actual Loops": 1,
      "Plans": [
        {
          "Node Type": "Gather",
          "Parent Relationship": "Outer",
          "Parallel Aware": false,
          "Startup Cost": 344758.35,
          "Total Cost": 344758.86,
          "Plan Rows": 5,
          "Plan Width": 8,
          "Actual Startup Time": 682.92,
          "Actual Total Time": 742.747,
          "Actual Rows": 6,
          "Actual Loops": 1,
          "Workers Planned": 5,
          "Workers Launched": 5,
          "Single Copy": false,
          "Plans": [
            {
              "Node Type": "Aggregate",
              "Strategy": "Plain",
              "Partial Mode": "Partial",
              "Parent Relationship": "Outer",
              "Parallel Aware": false,
              "Startup Cost": 343758.35,
              "Total Cost": 343758.36,
              "Plan Rows": 1,
              "Plan Width": 8,
              "Actual Startup Time": 672.153,
              "Actual Total Time": 672.156,
              "Actual Rows": 1,
              "Actual Loops": 6,
              "Plans": [
                {
                  "Node Type": "Nested Loop",
                  "Parent Relationship": "Outer",
                  "Parallel Aware": false,
                  "Join Type": "Inner",
                  "Startup Cost": 5450.98,
                  "Total Cost": 343508.11,
                  "Plan Rows": 100099,
                  "Plan Width": 0,
                  "Actual Startup Time": 17.411,
                  "Actual Total Time": 651.296,
                  "Actual Rows": 371948,
                  "Actual Loops": 6,
                  "Inner Unique": false,
                  "Plans": [
                    {
                      "Node Type": "Nested Loop",
                      "Parent Relationship": "Outer",
                      "Parallel Aware": false,
                      "Join Type": "Inner",
                      "Startup Cost": 5450.55,
                      "Total Cost": 310433.63,
                      "Plan Rows": 17119,
                      "Plan Width": 8,
                      "Actual Startup Time": 17.191,
                      "Actual Total Time": 181.057,
                      "Actual Rows": 30877,
                      "Actual Loops": 6,
                      "Inner Unique": true,
                      "Plans": [
                        {
                          "Node Type": "Bitmap Heap Scan",
                          "Parent Relationship": "Outer",
                          "Parallel Aware": true,
                          "Relation Name": "cast_info",
                          "Alias": "ci",
                          "Startup Cost": 5450.12,
                          "Total Cost": 266771.66,
                          "Plan Rows": 17119,
                          "Plan Width": 4,
                          "Actual Startup Time": 16.959,
                          "Actual Total Time": 26.287,
                          "Actual Rows": 30877,
                          "Actual Loops": 6,
                          "Recheck Cond": "(person_id < 29061)",
                          "Rows Removed by Index Recheck": 0,
                          "Filter": "(role_id < 2)",
                          "Rows Removed by Filter": 10117,
                          "Exact Heap Blocks": 700,
                          "Lossy Heap Blocks": 0,
                          "Plans": [
                            {
                              "Node Type": "Bitmap Index Scan",
                              "Parent Relationship": "Outer",
                              "Parallel Aware": false,
                              "Index Name": "person_id_cast_info",
                              "Startup Cost": 0.0,
                              "Total Cost": 5428.72,
                              "Plan Rows": 248554,
                              "Plan Width": 0,
                              "Actual Startup Time": 25.804,
                              "Actual Total Time": 25.804,
                              "Actual Rows": 245966,
                              "Actual Loops": 1,
                              "Index Cond": "(person_id < 29061)"
                            }
                          ]
                        },
                        {
                          "Node Type": "Index Only Scan",
                          "Parent Relationship": "Inner",
                          "Parallel Aware": false,
                          "Scan Direction": "Forward",
                          "Index Name": "title_pkey",
                          "Relation Name": "title",
                          "Alias": "t",
                          "Startup Cost": 0.43,
                          "Total Cost": 2.55,
                          "Plan Rows": 1,
                          "Plan Width": 4,
                          "Actual Startup Time": 0.005,
                          "Actual Total Time": 0.005,
                          "Actual Rows": 1,
                          "Actual Loops": 185264,
                          "Index Cond": "(id = ci.movie_id)",
                          "Rows Removed by Index Recheck": 0,
                          "Heap Fetches": 185264
                        }
                      ]
                    },
                    {
                      "Node Type": "Index Only Scan",
                      "Parent Relationship": "Inner",
                      "Parallel Aware": false,
                      "Scan Direction": "Forward",
                      "Index Name": "movie_id_movie_info",
                      "Relation Name": "movie_info",
                      "Alias": "mi",
                      "Startup Cost": 0.43,
                      "Total Cost": 1.51,
                      "Plan Rows": 42,
                      "Plan Width": 4,
                      "Actual Startup Time": 0.005,
                      "Actual Total Time": 0.014,
                      "Actual Rows": 12,
                      "Actual Loops": 185264,
                      "Index Cond": "(movie_id = t.id)",
                      "Rows Removed by Index Recheck": 0,
                      "Heap Fetches": 2231687
                    }
                  ]
                }
              ]
            }
          ]
        }
      ]
    },
    "Planning Time": 1.446,
    "Triggers": [],
    "Execution Time": 742.874
  }
]