[
    {
        "Bao": {
            "Bao prediction": "NaN",
            "Bao recommended hint": "(no hint)"
        }
    },
    {
        "Plan": {
            "Node Type": "Aggregate",
            "Strategy": "Plain",
            "Partial Mode": "Finalize",
            "Parallel Aware": false,
            "Startup Cost": 334797.48,
            "Total Cost": 334797.49,
            "Plan Rows": 1,
            "Plan Width": 8,
            "Actual Startup Time": 652.175,
            "Actual Total Time": 681.953,
            "Actual Rows": 1,
            "Actual Loops": 1,
            "Output": [
                "count(*)"
            ],
            "Plans": [
                {
                    "Node Type": "Gather",
                    "Parent Relationship": "Outer",
                    "Parallel Aware": false,
                    "Startup Cost": 334796.86,
                    "Total Cost": 334797.47,
                    "Plan Rows": 6,
                    "Plan Width": 8,
                    "Actual Startup Time": 652.071,
                    "Actual Total Time": 681.945,
                    "Actual Rows": 7,
                    "Actual Loops": 1,
                    "Output": [
                        "(PARTIAL count(*))"
                    ],
                    "Workers Planned": 6,
                    "Workers Launched": 6,
                    "Single Copy": false,
                    "Plans": [
                        {
                            "Node Type": "Aggregate",
                            "Strategy": "Plain",
                            "Partial Mode": "Partial",
                            "Parent Relationship": "Outer",
                            "Parallel Aware": false,
                            "Startup Cost": 333796.86,
                            "Total Cost": 333796.87,
                            "Plan Rows": 1,
                            "Plan Width": 8,
                            "Actual Startup Time": 642.389,
                            "Actual Total Time": 642.391,
                            "Actual Rows": 1,
                            "Actual Loops": 7,
                            "Output": [
                                "PARTIAL count(*)"
                            ],
                            "Workers": [
                                {
                                    "Worker Number": 0,
                                    "Actual Startup Time": 640.183,
                                    "Actual Total Time": 640.184,
                                    "Actual Rows": 1,
                                    "Actual Loops": 1
                                },
                                {
                                    "Worker Number": 1,
                                    "Actual Startup Time": 640.488,
                                    "Actual Total Time": 640.489,
                                    "Actual Rows": 1,
                                    "Actual Loops": 1
                                },
                                {
                                    "Worker Number": 2,
                                    "Actual Startup Time": 640.811,
                                    "Actual Total Time": 640.812,
                                    "Actual Rows": 1,
                                    "Actual Loops": 1
                                },
                                {
                                    "Worker Number": 3,
                                    "Actual Startup Time": 640.974,
                                    "Actual Total Time": 640.976,
                                    "Actual Rows": 1,
                                    "Actual Loops": 1
                                },
                                {
                                    "Worker Number": 4,
                                    "Actual Startup Time": 641.133,
                                    "Actual Total Time": 641.134,
                                    "Actual Rows": 1,
                                    "Actual Loops": 1
                                },
                                {
                                    "Worker Number": 5,
                                    "Actual Startup Time": 641.399,
                                    "Actual Total Time": 641.4,
                                    "Actual Rows": 1,
                                    "Actual Loops": 1
                                }
                            ],
                            "Plans": [
                                {
                                    "Node Type": "Seq Scan",
                                    "Parent Relationship": "Outer",
                                    "Parallel Aware": true,
                                    "Relation Name": "cast_info",
                                    "Schema": "public",
                                    "Alias": "ci",
                                    "Startup Cost": 0.0,
                                    "Total Cost": 328213.62,
                                    "Plan Rows": 2233297,
                                    "Plan Width": 0,
                                    "Actual Startup Time": 243.975,
                                    "Actual Total Time": 554.079,
                                    "Actual Rows": 1930088,
                                    "Actual Loops": 7,
                                    "Output": [
                                        "id",
                                        "person_id",
                                        "movie_id",
                                        "person_role_id",
                                        "note",
                                        "nr_order",
                                        "role_id"
                                    ],
                                    "Filter": "(ci.person_id > 2320966)",
                                    "Rows Removed by Filter": 3247675,
                                    "Workers": [
                                        {
                                            "Worker Number": 0,
                                            "Actual Startup Time": 241.747,
                                            "Actual Total Time": 551.881,
                                            "Actual Rows": 1333059,
                                            "Actual Loops": 1
                                        },
                                        {
                                            "Worker Number": 1,
                                            "Actual Startup Time": 242.084,
                                            "Actual Total Time": 555.766,
                                            "Actual Rows": 2075305,
                                            "Actual Loops": 1
                                        },
                                        {
                                            "Worker Number": 2,
                                            "Actual Startup Time": 242.4,
                                            "Actual Total Time": 554.973,
                                            "Actual Rows": 2035699,
                                            "Actual Loops": 1
                                        },
                                        {
                                            "Worker Number": 3,
                                            "Actual Startup Time": 242.577,
                                            "Actual Total Time": 555.446,
                                            "Actual Rows": 2024429,
                                            "Actual Loops": 1
                                        },
                                        {
                                            "Worker Number": 4,
                                            "Actual Startup Time": 242.728,
                                            "Actual Total Time": 555.599,
                                            "Actual Rows": 2015246,
                                            "Actual Loops": 1
                                        },
                                        {
                                            "Worker Number": 5,
                                            "Actual Startup Time": 242.975,
                                            "Actual Total Time": 553.291,
                                            "Actual Rows": 1329182,
                                            "Actual Loops": 1
                                        }
                                    ]
                                }
                            ]
                        }
                    ]
                }
            ]
        },
        "Planning Time": 186.147,
        "Triggers": [],
        "Execution Time": 682.001
    }
]