{
  "Plan": {
    "Node Type": "Aggregate",
    "Strategy": "Plain",
    "Partial Mode": "Finalize",
    "Parallel Aware": false,
    "Startup Cost": 145924.6,
    "Total Cost": 145924.61,
    "Plan Rows": 1,
    "Plan Width": 8,
    "Actual Startup Time": 821.524,
    "Actual Total Time": 835.578,
    "Actual Rows": 1,
    "Actual Loops": 1,
    "Plans": [
      {
        "Node Type": "Gather",
        "Parent Relationship": "Outer",
        "Parallel Aware": false,
        "Startup Cost": 145924.49,
        "Total Cost": 145924.6,
        "Plan Rows": 1,
        "Plan Width": 8,
        "Actual Startup Time": 820.091,
        "Actual Total Time": 835.572,
        "Actual Rows": 2,
        "Actual Loops": 1,
        "Workers Planned": 1,
        "Workers Launched": 1,
        "Single Copy": false,
        "Plans": [
          {
            "Node Type": "Aggregate",
            "Strategy": "Plain",
            "Partial Mode": "Partial",
            "Parent Relationship": "Outer",
            "Parallel Aware": false,
            "Startup Cost": 144924.49,
            "Total Cost": 144924.5,
            "Plan Rows": 1,
            "Plan Width": 8,
            "Actual Startup Time": 814.274,
            "Actual Total Time": 814.276,
            "Actual Rows": 1,
            "Actual Loops": 2,
            "Plans": [
              {
                "Node Type": "Merge Join",
                "Parent Relationship": "Outer",
                "Parallel Aware": false,
                "Join Type": "Inner",
                "Startup Cost": 37503.64,
                "Total Cost": 144747.91,
                "Plan Rows": 70631,
                "Plan Width": 0,
                "Actual Startup Time": 138.614,
                "Actual Total Time": 810.848,
                "Actual Rows": 66931,
                "Actual Loops": 2,
                "Inner Unique": false,
                "Merge Cond": "(t.id = ci.movie_id)",
                "Plans": [
                  {
                    "Node Type": "Index Scan",
                    "Parent Relationship": "Outer",
                    "Parallel Aware": true,
                    "Scan Direction": "Forward",
                    "Index Name": "title_pkey",
                    "Relation Name": "title",
                    "Alias": "t",
                    "Startup Cost": 0.43,
                    "Total Cost": 103647.43,
                    "Plan Rows": 598692,
                    "Plan Width": 4,
                    "Actual Startup Time": 0.079,
                    "Actual Total Time": 580.335,
                    "Actual Rows": 510475,
                    "Actual Loops": 2,
                    "Filter": "(production_year < 2000)",
                    "Rows Removed by Filter": 752628
                  },
                  {
                    "Node Type": "Sort",
                    "Parent Relationship": "Inner",
                    "Parallel Aware": false,
                    "Startup Cost": 37503.18,
                    "Total Cost": 38248.87,
                    "Plan Rows": 298277,
                    "Plan Width": 4,
                    "Actual Startup Time": 138.444,
                    "Actual Total Time": 176.507,
                    "Actual Rows": 316118,
                    "Actual Loops": 2,
                    "Sort Key": [
                      "ci.movie_id"
                    ],
                    "Sort Method": "quicksort",
                    "Sort Space Used": 27107,
                    "Sort Space Type": "Memory",
                    "Workers": [
                      {
                        "Worker Number": 0,
                        "Sort Method": "quicksort",
                        "Sort Space Used": 27107,
                        "Sort Space Type": "Memory"
                      }
                    ],
                    "Plans": [
                      {
                        "Node Type": "Index Scan",
                        "Parent Relationship": "Outer",
                        "Parallel Aware": false,
                        "Scan Direction": "Forward",
                        "Index Name": "role_id_cast_info",
                        "Relation Name": "cast_info",
                        "Alias": "ci",
                        "Startup Cost": 0.56,
                        "Total Cost": 10380.41,
                        "Plan Rows": 298277,
                        "Plan Width": 4,
                        "Actual Startup Time": 0.223,
                        "Actual Total Time": 62.572,
                        "Actual Rows": 316118,
                        "Actual Loops": 2,
                        "Index Cond": "(role_id > 10)",
                        "Rows Removed by Index Recheck": 0
                      }
                    ]
                  }
                ]
              }
            ]
          }
        ]
      }
    ]
  },
  "Planning Time": 0.656,
  "Triggers": [],
  "Execution Time": 835.66
}