[
    {
        "Bao": {
            "Bao prediction": "NaN",
            "Bao recommended hint": "(no hint)"
        }
    },
    {
        "Plan": {
            "Node Type": "Aggregate",
            "Strategy": "Plain",
            "Partial Mode": "Finalize",
            "Parallel Aware": false,
            "Startup Cost": 402517.33,
            "Total Cost": 402517.34,
            "Plan Rows": 1,
            "Plan Width": 8,
            "Actual Startup Time": 2001.344,
            "Actual Total Time": 2036.502,
            "Actual Rows": 1,
            "Actual Loops": 1,
            "Output": [
                "count(*)"
            ],
            "Plans": [
                {
                    "Node Type": "Gather",
                    "Parent Relationship": "Outer",
                    "Parallel Aware": false,
                    "Startup Cost": 402516.7,
                    "Total Cost": 402517.31,
                    "Plan Rows": 6,
                    "Plan Width": 8,
                    "Actual Startup Time": 1994.166,
                    "Actual Total Time": 2036.491,
                    "Actual Rows": 7,
                    "Actual Loops": 1,
                    "Output": [
                        "(PARTIAL count(*))"
                    ],
                    "Workers Planned": 6,
                    "Workers Launched": 6,
                    "Single Copy": false,
                    "Plans": [
                        {
                            "Node Type": "Aggregate",
                            "Strategy": "Plain",
                            "Partial Mode": "Partial",
                            "Parent Relationship": "Outer",
                            "Parallel Aware": false,
                            "Startup Cost": 401516.7,
                            "Total Cost": 401516.71,
                            "Plan Rows": 1,
                            "Plan Width": 8,
                            "Actual Startup Time": 1984.057,
                            "Actual Total Time": 1984.059,
                            "Actual Rows": 1,
                            "Actual Loops": 7,
                            "Output": [
                                "PARTIAL count(*)"
                            ],
                            "Workers": [
                                {
                                    "Worker Number": 0,
                                    "Actual Startup Time": 1981.689,
                                    "Actual Total Time": 1981.691,
                                    "Actual Rows": 1,
                                    "Actual Loops": 1
                                },
                                {
                                    "Worker Number": 1,
                                    "Actual Startup Time": 1982.414,
                                    "Actual Total Time": 1982.417,
                                    "Actual Rows": 1,
                                    "Actual Loops": 1
                                },
                                {
                                    "Worker Number": 2,
                                    "Actual Startup Time": 1981.295,
                                    "Actual Total Time": 1981.297,
                                    "Actual Rows": 1,
                                    "Actual Loops": 1
                                },
                                {
                                    "Worker Number": 3,
                                    "Actual Startup Time": 1982.807,
                                    "Actual Total Time": 1982.81,
                                    "Actual Rows": 1,
                                    "Actual Loops": 1
                                },
                                {
                                    "Worker Number": 4,
                                    "Actual Startup Time": 1983.135,
                                    "Actual Total Time": 1983.138,
                                    "Actual Rows": 1,
                                    "Actual Loops": 1
                                },
                                {
                                    "Worker Number": 5,
                                    "Actual Startup Time": 1983.345,
                                    "Actual Total Time": 1983.347,
                                    "Actual Rows": 1,
                                    "Actual Loops": 1
                                }
                            ],
                            "Plans": [
                                {
                                    "Node Type": "Hash Join",
                                    "Parent Relationship": "Outer",
                                    "Parallel Aware": true,
                                    "Join Type": "Inner",
                                    "Startup Cost": 47060.67,
                                    "Total Cost": 398443.51,
                                    "Plan Rows": 1229275,
                                    "Plan Width": 0,
                                    "Actual Startup Time": 368.812,
                                    "Actual Total Time": 1899.477,
                                    "Actual Rows": 1453370,
                                    "Actual Loops": 7,
                                    "Inner Unique": true,
                                    "Hash Cond": "(ci.movie_id = t.id)",
                                    "Workers": [
                                        {
                                            "Worker Number": 0,
                                            "Actual Startup Time": 366.543,
                                            "Actual Total Time": 1902.239,
                                            "Actual Rows": 1776597,
                                            "Actual Loops": 1
                                        },
                                        {
                                            "Worker Number": 1,
                                            "Actual Startup Time": 366.357,
                                            "Actual Total Time": 1902.368,
                                            "Actual Rows": 1096076,
                                            "Actual Loops": 1
                                        },
                                        {
                                            "Worker Number": 2,
                                            "Actual Startup Time": 366.133,
                                            "Actual Total Time": 1892.852,
                                            "Actual Rows": 1318729,
                                            "Actual Loops": 1
                                        },
                                        {
                                            "Worker Number": 3,
                                            "Actual Startup Time": 367.788,
                                            "Actual Total Time": 1895.106,
                                            "Actual Rows": 1308562,
                                            "Actual Loops": 1
                                        },
                                        {
                                            "Worker Number": 4,
                                            "Actual Startup Time": 368.0,
                                            "Actual Total Time": 1893.044,
                                            "Actual Rows": 1235994,
                                            "Actual Loops": 1
                                        },
                                        {
                                            "Worker Number": 5,
                                            "Actual Startup Time": 368.151,
                                            "Actual Total Time": 1904.824,
                                            "Actual Rows": 1753943,
                                            "Actual Loops": 1
                                        }
                                    ],
                                    "Plans": [
                                        {
                                            "Node Type": "Seq Scan",
                                            "Parent Relationship": "Outer",
                                            "Parallel Aware": true,
                                            "Relation Name": "cast_info",
                                            "Schema": "public",
                                            "Alias": "ci",
                                            "Startup Cost": 0.0,
                                            "Total Cost": 343318.94,
                                            "Plan Rows": 3071960,
                                            "Plan Width": 4,
                                            "Actual Startup Time": 221.298,
                                            "Actual Total Time": 750.037,
                                            "Actual Rows": 3050781,
                                            "Actual Loops": 7,
                                            "Output": [
                                                "ci.id",
                                                "ci.person_id",
                                                "ci.movie_id",
                                                "ci.person_role_id",
                                                "ci.note",
                                                "ci.nr_order",
                                                "ci.role_id"
                                            ],
                                            "Filter": "((ci.person_id > 781759) AND (ci.role_id > 1))",
                                            "Rows Removed by Filter": 2126983,
                                            "Workers": [
                                                {
                                                    "Worker Number": 0,
                                                    "Actual Startup Time": 221.23,
                                                    "Actual Total Time": 727.255,
                                                    "Actual Rows": 3750660,
                                                    "Actual Loops": 1
                                                },
                                                {
                                                    "Worker Number": 1,
                                                    "Actual Startup Time": 221.285,
                                                    "Actual Total Time": 752.394,
                                                    "Actual Rows": 2306604,
                                                    "Actual Loops": 1
                                                },
                                                {
                                                    "Worker Number": 2,
                                                    "Actual Startup Time": 221.231,
                                                    "Actual Total Time": 778.007,
                                                    "Actual Rows": 2768866,
                                                    "Actual Loops": 1
                                                },
                                                {
                                                    "Worker Number": 3,
                                                    "Actual Startup Time": 221.361,
                                                    "Actual Total Time": 774.087,
                                                    "Actual Rows": 2730967,
                                                    "Actual Loops": 1
                                                },
                                                {
                                                    "Worker Number": 4,
                                                    "Actual Startup Time": 221.391,
                                                    "Actual Total Time": 783.906,
                                                    "Actual Rows": 2591667,
                                                    "Actual Loops": 1
                                                },
                                                {
                                                    "Worker Number": 5,
                                                    "Actual Startup Time": 221.249,
                                                    "Actual Total Time": 720.702,
                                                    "Actual Rows": 3681254,
                                                    "Actual Loops": 1
                                                }
                                            ]
                                        },
                                        {
                                            "Node Type": "Hash",
                                            "Parent Relationship": "Inner",
                                            "Parallel Aware": true,
                                            "Startup Cost": 43899.01,
                                            "Total Cost": 43899.01,
                                            "Plan Rows": 252933,
                                            "Plan Width": 4,
                                            "Actual Startup Time": 145.033,
                                            "Actual Total Time": 145.034,
                                            "Actual Rows": 144703,
                                            "Actual Loops": 7,
                                            "Output": [
                                                "t.id"
                                            ],
                                            "Hash Buckets": 1048576,
                                            "Original Hash Buckets": 1048576,
                                            "Hash Batches": 1,
                                            "Original Hash Batches": 1,
                                            "Peak Memory Usage": 47936,
                                            "Workers": [
                                                {
                                                    "Worker Number": 0,
                                                    "Actual Startup Time": 144.36,
                                                    "Actual Total Time": 144.361,
                                                    "Actual Rows": 172461,
                                                    "Actual Loops": 1
                                                },
                                                {
                                                    "Worker Number": 1,
                                                    "Actual Startup Time": 144.128,
                                                    "Actual Total Time": 144.129,
                                                    "Actual Rows": 110346,
                                                    "Actual Loops": 1
                                                },
                                                {
                                                    "Worker Number": 2,
                                                    "Actual Startup Time": 143.878,
                                                    "Actual Total Time": 143.878,
                                                    "Actual Rows": 122100,
                                                    "Actual Loops": 1
                                                },
                                                {
                                                    "Worker Number": 3,
                                                    "Actual Startup Time": 145.523,
                                                    "Actual Total Time": 145.524,
                                                    "Actual Rows": 122198,
                                                    "Actual Loops": 1
                                                },
                                                {
                                                    "Worker Number": 4,
                                                    "Actual Startup Time": 145.854,
                                                    "Actual Total Time": 145.855,
                                                    "Actual Rows": 124951,
                                                    "Actual Loops": 1
                                                },
                                                {
                                                    "Worker Number": 5,
                                                    "Actual Startup Time": 145.956,
                                                    "Actual Total Time": 145.957,
                                                    "Actual Rows": 172644,
                                                    "Actual Loops": 1
                                                }
                                            ],
                                            "Plans": [
                                                {
                                                    "Node Type": "Seq Scan",
                                                    "Parent Relationship": "Outer",
                                                    "Parallel Aware": true,
                                                    "Relation Name": "title",
                                                    "Schema": "public",
                                                    "Alias": "t",
                                                    "Startup Cost": 0.0,
                                                    "Total Cost": 43899.01,
                                                    "Plan Rows": 252933,
                                                    "Plan Width": 4,
                                                    "Actual Startup Time": 0.041,
                                                    "Actual Total Time": 80.37,
                                                    "Actual Rows": 144703,
                                                    "Actual Loops": 7,
                                                    "Output": [
                                                        "t.id"
                                                    ],
                                                    "Filter": "(t.production_year > 2005)",
                                                    "Rows Removed by Filter": 216485,
                                                    "Workers": [
                                                        {
                                                            "Worker Number": 0,
                                                            "Actual Startup Time": 0.049,
                                                            "Actual Total Time": 79.831,
                                                            "Actual Rows": 172461,
                                                            "Actual Loops": 1
                                                        },
                                                        {
                                                            "Worker Number": 1,
                                                            "Actual Startup Time": 0.039,
                                                            "Actual Total Time": 79.954,
                                                            "Actual Rows": 110346,
                                                            "Actual Loops": 1
                                                        },
                                                        {
                                                            "Worker Number": 2,
                                                            "Actual Startup Time": 0.043,
                                                            "Actual Total Time": 82.592,
                                                            "Actual Rows": 122100,
                                                            "Actual Loops": 1
                                                        },
                                                        {
                                                            "Worker Number": 3,
                                                            "Actual Startup Time": 0.048,
                                                            "Actual Total Time": 83.511,
                                                            "Actual Rows": 122198,
                                                            "Actual Loops": 1
                                                        },
                                                        {
                                                            "Worker Number": 4,
                                                            "Actual Startup Time": 0.046,
                                                            "Actual Total Time": 83.989,
                                                            "Actual Rows": 124951,
                                                            "Actual Loops": 1
                                                        },
                                                        {
                                                            "Worker Number": 5,
                                                            "Actual Startup Time": 0.047,
                                                            "Actual Total Time": 80.685,
                                                            "Actual Rows": 172644,
                                                            "Actual Loops": 1
                                                        }
                                                    ]
                                                }
                                            ]
                                        }
                                    ]
                                }
                            ]
                        }
                    ]
                }
            ]
        },
        "Planning Time": 282.532,
        "Triggers": [],
        "Execution Time": 2036.6
    }
]