[
  {
    "Plan": {
      "Node Type": "Aggregate",
      "Strategy": "Plain",
      "Partial Mode": "Finalize",
      "Parallel Aware": false,
      "Startup Cost": 346101.11,
      "Total Cost": 346101.12,
      "Plan Rows": 1,
      "Plan Width": 8,
      "Actual Startup Time": 423.662,
      "Actual Total Time": 453.474,
      "Actual Rows": 1,
      "Actual Loops": 1,
      "Plans": [
        {
          "Node Type": "Gather",
          "Parent Relationship": "Outer",
          "Parallel Aware": false,
          "Startup Cost": 346100.49,
          "Total Cost": 346101.1,
          "Plan Rows": 6,
          "Plan Width": 8,
          "Actual Startup Time": 423.512,
          "Actual Total Time": 453.463,
          "Actual Rows": 7,
          "Actual Loops": 1,
          "Workers Planned": 6,
          "Workers Launched": 6,
          "Single Copy": false,
          "Plans": [
            {
              "Node Type": "Aggregate",
              "Strategy": "Plain",
              "Partial Mode": "Partial",
              "Parent Relationship": "Outer",
              "Parallel Aware": false,
              "Startup Cost": 345100.49,
              "Total Cost": 345100.5,
              "Plan Rows": 1,
              "Plan Width": 8,
              "Actual Startup Time": 415.548,
              "Actual Total Time": 415.549,
              "Actual Rows": 1,
              "Actual Loops": 7,
              "Plans": [
                {
                  "Node Type": "Index Scan",
                  "Parent Relationship": "Outer",
                  "Parallel Aware": true,
                  "Scan Direction": "Forward",
                  "Index Name": "role_id_cast_info",
                  "Relation Name": "cast_info",
                  "Alias": "ci",
                  "Startup Cost": 0.56,
                  "Total Cost": 341155.22,
                  "Plan Rows": 1578107,
                  "Plan Width": 0,
                  "Actual Startup Time": 196.964,
                  "Actual Total Time": 375.622,
                  "Actual Rows": 858278,
                  "Actual Loops": 7,
                  "Index Cond": "(role_id = 1)",
                  "Rows Removed by Index Recheck": 0,
                  "Filter": "(person_id > 912335)",
                  "Rows Removed by Filter": 951820
                }
              ]
            }
          ]
        }
      ]
    },
    "Planning Time": 0.233,
    "Triggers": [],
    "Execution Time": 453.551
  }
]