{
  "Plan": {
    "Node Type": "Aggregate",
    "Strategy": "Plain",
    "Partial Mode": "Finalize",
    "Parallel Aware": false,
    "Startup Cost": 745294.28,
    "Total Cost": 745294.29,
    "Plan Rows": 1,
    "Plan Width": 8,
    "Actual Startup Time": 5197.7,
    "Actual Total Time": 5300.405,
    "Actual Rows": 1,
    "Actual Loops": 1,
    "Plans": [
      {
        "Node Type": "Gather",
        "Parent Relationship": "Outer",
        "Parallel Aware": false,
        "Startup Cost": 745294.17,
        "Total Cost": 745294.28,
        "Plan Rows": 1,
        "Plan Width": 8,
        "Actual Startup Time": 5197.622,
        "Actual Total Time": 5300.396,
        "Actual Rows": 2,
        "Actual Loops": 1,
        "Workers Planned": 1,
        "Workers Launched": 1,
        "Single Copy": false,
        "Plans": [
          {
            "Node Type": "Aggregate",
            "Strategy": "Plain",
            "Partial Mode": "Partial",
            "Parent Relationship": "Outer",
            "Parallel Aware": false,
            "Startup Cost": 744294.17,
            "Total Cost": 744294.18,
            "Plan Rows": 1,
            "Plan Width": 8,
            "Actual Startup Time": 5191.393,
            "Actual Total Time": 5191.396,
            "Actual Rows": 1,
            "Actual Loops": 2,
            "Plans": [
              {
                "Node Type": "Nested Loop",
                "Parent Relationship": "Outer",
                "Parallel Aware": false,
                "Join Type": "Inner",
                "Startup Cost": 58389.52,
                "Total Cost": 742909.73,
                "Plan Rows": 553776,
                "Plan Width": 0,
                "Actual Startup Time": 149.414,
                "Actual Total Time": 5066.24,
                "Actual Rows": 2834558,
                "Actual Loops": 2,
                "Inner Unique": false,
                "Join Filter": "(t.id = mi.movie_id)",
                "Rows Removed by Join Filter": 0,
                "Plans": [
                  {
                    "Node Type": "Hash Join",
                    "Parent Relationship": "Outer",
                    "Parallel Aware": true,
                    "Join Type": "Inner",
                    "Startup Cost": 58389.08,
                    "Total Cost": 580122.43,
                    "Plan Rows": 94706,
                    "Plan Width": 8,
                    "Actual Startup Time": 149.338,
                    "Actual Total Time": 3132.696,
                    "Actual Rows": 91470,
                    "Actual Loops": 2,
                    "Inner Unique": true,
                    "Hash Cond": "(ci.movie_id = t.id)",
                    "Plans": [
                      {
                        "Node Type": "Seq Scan",
                        "Parent Relationship": "Outer",
                        "Parallel Aware": true,
                        "Relation Name": "cast_info",
                        "Alias": "ci",
                        "Startup Cost": 0.0,
                        "Total Cost": 465792.95,
                        "Plan Rows": 21310595,
                        "Plan Width": 4,
                        "Actual Startup Time": 0.015,
                        "Actual Total Time": 1353.972,
                        "Actual Rows": 18122172,
                        "Actual Loops": 2
                      },
                      {
                        "Node Type": "Hash",
                        "Parent Relationship": "Inner",
                        "Parallel Aware": true,
                        "Startup Cost": 58306.47,
                        "Total Cost": 58306.47,
                        "Plan Rows": 6609,
                        "Plan Width": 4,
                        "Actual Startup Time": 148.124,
                        "Actual Total Time": 148.125,
                        "Actual Rows": 5570,
                        "Actual Loops": 2,
                        "Hash Buckets": 16384,
                        "Original Hash Buckets": 16384,
                        "Hash Batches": 1,
                        "Original Hash Batches": 1,
                        "Peak Memory Usage": 608,
                        "Plans": [
                          {
                            "Node Type": "Seq Scan",
                            "Parent Relationship": "Outer",
                            "Parallel Aware": true,
                            "Relation Name": "title",
                            "Alias": "t",
                            "Startup Cost": 0.0,
                            "Total Cost": 58306.47,
                            "Plan Rows": 6609,
                            "Plan Width": 4,
                            "Actual Startup Time": 0.323,
                            "Actual Total Time": 145.959,
                            "Actual Rows": 5570,
                            "Actual Loops": 2,
                            "Filter": "((kind_id < 7) AND (production_year = 1994))",
                            "Rows Removed by Filter": 1258586
                          }
                        ]
                      }
                    ]
                  },
                  {
                    "Node Type": "Index Only Scan",
                    "Parent Relationship": "Inner",
                    "Parallel Aware": false,
                    "Scan Direction": "Forward",
                    "Index Name": "movie_id_movie_info",
                    "Relation Name": "movie_info",
                    "Alias": "mi",
                    "Startup Cost": 0.43,
                    "Total Cost": 1.19,
                    "Plan Rows": 42,
                    "Plan Width": 4,
                    "Actual Startup Time": 0.006,
                    "Actual Total Time": 0.018,
                    "Actual Rows": 31,
                    "Actual Loops": 182939,
                    "Index Cond": "(movie_id = ci.movie_id)",
                    "Rows Removed by Index Recheck": 0,
                    "Heap Fetches": 5669116
                  }
                ]
              }
            ]
          }
        ]
      }
    ]
  },
  "Planning Time": 1.032,
  "Triggers": [],
  "Execution Time": 5300.515
}