[
  {
    "Plan": {
      "Node Type": "Aggregate",
      "Strategy": "Plain",
      "Partial Mode": "Finalize",
      "Parallel Aware": false,
      "Startup Cost": 44315.13,
      "Total Cost": 44315.14,
      "Plan Rows": 1,
      "Plan Width": 8,
      "Actual Startup Time": 119.115,
      "Actual Total Time": 129.461,
      "Actual Rows": 1,
      "Actual Loops": 1,
      "Plans": [
        {
          "Node Type": "Gather",
          "Parent Relationship": "Outer",
          "Parallel Aware": false,
          "Startup Cost": 44314.82,
          "Total Cost": 44315.13,
          "Plan Rows": 3,
          "Plan Width": 8,
          "Actual Startup Time": 118.993,
          "Actual Total Time": 129.45,
          "Actual Rows": 4,
          "Actual Loops": 1,
          "Workers Planned": 3,
          "Workers Launched": 3,
          "Single Copy": false,
          "Plans": [
            {
              "Node Type": "Aggregate",
              "Strategy": "Plain",
              "Partial Mode": "Partial",
              "Parent Relationship": "Outer",
              "Parallel Aware": false,
              "Startup Cost": 43314.82,
              "Total Cost": 43314.83,
              "Plan Rows": 1,
              "Plan Width": 8,
              "Actual Startup Time": 113.154,
              "Actual Total Time": 113.157,
              "Actual Rows": 1,
              "Actual Loops": 4,
              "Plans": [
                {
                  "Node Type": "Seq Scan",
                  "Parent Relationship": "Outer",
                  "Parallel Aware": true,
                  "Relation Name": "movie_keyword",
                  "Alias": "mk",
                  "Startup Cost": 0.0,
                  "Total Cost": 42695.65,
                  "Plan Rows": 247665,
                  "Plan Width": 0,
                  "Actual Startup Time": 0.041,
                  "Actual Total Time": 103.165,
                  "Actual Rows": 192311,
                  "Actual Loops": 4,
                  "Filter": "(keyword_id < 724)",
                  "Rows Removed by Filter": 938672
                }
              ]
            }
          ]
        }
      ]
    },
    "Planning Time": 0.193,
    "Triggers": [],
    "Execution Time": 129.517
  }
]