[
    {
        "Bao": {
            "Bao prediction": 641.847,
            "Bao recommended hint": "(no hint)"
        }
    },
    {
        "Plan": {
            "Node Type": "Aggregate",
            "Strategy": "Plain",
            "Partial Mode": "Finalize",
            "Parallel Aware": false,
            "Startup Cost": 24678.58,
            "Total Cost": 24678.59,
            "Plan Rows": 1,
            "Plan Width": 8,
            "Actual Startup Time": 62.337,
            "Actual Total Time": 65.221,
            "Actual Rows": 1,
            "Actual Loops": 1,
            "Output": [
                "count(*)"
            ],
            "Plans": [
                {
                    "Node Type": "Gather",
                    "Parent Relationship": "Outer",
                    "Parallel Aware": false,
                    "Startup Cost": 24678.26,
                    "Total Cost": 24678.57,
                    "Plan Rows": 3,
                    "Plan Width": 8,
                    "Actual Startup Time": 62.187,
                    "Actual Total Time": 65.213,
                    "Actual Rows": 4,
                    "Actual Loops": 1,
                    "Output": [
                        "(PARTIAL count(*))"
                    ],
                    "Workers Planned": 3,
                    "Workers Launched": 3,
                    "Single Copy": false,
                    "Plans": [
                        {
                            "Node Type": "Aggregate",
                            "Strategy": "Plain",
                            "Partial Mode": "Partial",
                            "Parent Relationship": "Outer",
                            "Parallel Aware": false,
                            "Startup Cost": 23678.26,
                            "Total Cost": 23678.27,
                            "Plan Rows": 1,
                            "Plan Width": 8,
                            "Actual Startup Time": 54.242,
                            "Actual Total Time": 54.243,
                            "Actual Rows": 1,
                            "Actual Loops": 4,
                            "Output": [
                                "PARTIAL count(*)"
                            ],
                            "Workers": [
                                {
                                    "Worker Number": 0,
                                    "Actual Startup Time": 51.565,
                                    "Actual Total Time": 51.567,
                                    "Actual Rows": 1,
                                    "Actual Loops": 1
                                },
                                {
                                    "Worker Number": 1,
                                    "Actual Startup Time": 51.837,
                                    "Actual Total Time": 51.838,
                                    "Actual Rows": 1,
                                    "Actual Loops": 1
                                },
                                {
                                    "Worker Number": 2,
                                    "Actual Startup Time": 51.962,
                                    "Actual Total Time": 51.964,
                                    "Actual Rows": 1,
                                    "Actual Loops": 1
                                }
                            ],
                            "Plans": [
                                {
                                    "Node Type": "Bitmap Heap Scan",
                                    "Parent Relationship": "Outer",
                                    "Parallel Aware": true,
                                    "Relation Name": "movie_companies",
                                    "Schema": "public",
                                    "Alias": "mc",
                                    "Startup Cost": 3931.09,
                                    "Total Cost": 23603.3,
                                    "Plan Rows": 29985,
                                    "Plan Width": 0,
                                    "Actual Startup Time": 18.245,
                                    "Actual Total Time": 49.523,
                                    "Actual Rows": 46374,
                                    "Actual Loops": 4,
                                    "Recheck Cond": "(mc.company_id > 118370)",
                                    "Rows Removed by Index Recheck": 0,
                                    "Filter": "(mc.company_type_id > 1)",
                                    "Rows Removed by Filter": 0,
                                    "Exact Heap Blocks": 2076,
                                    "Lossy Heap Blocks": 0,
                                    "Workers": [
                                        {
                                            "Worker Number": 0,
                                            "Actual Startup Time": 15.585,
                                            "Actual Total Time": 47.502,
                                            "Actual Rows": 31440,
                                            "Actual Loops": 1
                                        },
                                        {
                                            "Worker Number": 1,
                                            "Actual Startup Time": 15.839,
                                            "Actual Total Time": 47.568,
                                            "Actual Rows": 31901,
                                            "Actual Loops": 1
                                        },
                                        {
                                            "Worker Number": 2,
                                            "Actual Startup Time": 16.131,
                                            "Actual Total Time": 47.716,
                                            "Actual Rows": 32275,
                                            "Actual Loops": 1
                                        }
                                    ],
                                    "Plans": [
                                        {
                                            "Node Type": "Bitmap Index Scan",
                                            "Parent Relationship": "Outer",
                                            "Parallel Aware": false,
                                            "Index Name": "company_id_movie_companies",
                                            "Startup Cost": 0.0,
                                            "Total Cost": 3907.85,
                                            "Plan Rows": 182323,
                                            "Plan Width": 0,
                                            "Actual Startup Time": 24.251,
                                            "Actual Total Time": 24.252,
                                            "Actual Rows": 185495,
                                            "Actual Loops": 1,
                                            "Index Cond": "(mc.company_id > 118370)"
                                        }
                                    ]
                                }
                            ]
                        }
                    ]
                }
            ]
        },
        "Planning Time": 4365.133,
        "Triggers": [],
        "Execution Time": 65.339
    }
]