{
  "Plan": {
    "Node Type": "Aggregate",
    "Strategy": "Plain",
    "Partial Mode": "Finalize",
    "Parallel Aware": false,
    "Startup Cost": 348313.0,
    "Total Cost": 348313.01,
    "Plan Rows": 1,
    "Plan Width": 8,
    "Actual Startup Time": 828.256,
    "Actual Total Time": 845.873,
    "Actual Rows": 1,
    "Actual Loops": 1,
    "Plans": [
      {
        "Node Type": "Gather",
        "Parent Relationship": "Outer",
        "Parallel Aware": false,
        "Startup Cost": 348312.89,
        "Total Cost": 348313.0,
        "Plan Rows": 1,
        "Plan Width": 8,
        "Actual Startup Time": 824.343,
        "Actual Total Time": 845.865,
        "Actual Rows": 2,
        "Actual Loops": 1,
        "Workers Planned": 1,
        "Workers Launched": 1,
        "Single Copy": false,
        "Plans": [
          {
            "Node Type": "Aggregate",
            "Strategy": "Plain",
            "Partial Mode": "Partial",
            "Parent Relationship": "Outer",
            "Parallel Aware": false,
            "Startup Cost": 347312.89,
            "Total Cost": 347312.9,
            "Plan Rows": 1,
            "Plan Width": 8,
            "Actual Startup Time": 811.507,
            "Actual Total Time": 811.512,
            "Actual Rows": 1,
            "Actual Loops": 2,
            "Plans": [
              {
                "Node Type": "Hash Join",
                "Parent Relationship": "Outer",
                "Parallel Aware": true,
                "Join Type": "Inner",
                "Startup Cost": 87315.45,
                "Total Cost": 346980.23,
                "Plan Rows": 133062,
                "Plan Width": 0,
                "Actual Startup Time": 618.318,
                "Actual Total Time": 800.953,
                "Actual Rows": 240953,
                "Actual Loops": 2,
                "Inner Unique": true,
                "Hash Cond": "(ci.movie_id = t.id)",
                "Plans": [
                  {
                    "Node Type": "Bitmap Heap Scan",
                    "Parent Relationship": "Outer",
                    "Parallel Aware": true,
                    "Relation Name": "cast_info",
                    "Alias": "ci",
                    "Startup Cost": 16354.78,
                    "Total Cost": 275622.96,
                    "Plan Rows": 151089,
                    "Plan Width": 4,
                    "Actual Startup Time": 41.869,
                    "Actual Total Time": 95.801,
                    "Actual Rows": 266524,
                    "Actual Loops": 2,
                    "Recheck Cond": "(person_id < 76709)",
                    "Rows Removed by Index Recheck": 0,
                    "Filter": "(role_id = 1)",
                    "Rows Removed by Filter": 92676,
                    "Exact Heap Blocks": 3694,
                    "Lossy Heap Blocks": 0,
                    "Plans": [
                      {
                        "Node Type": "Bitmap Index Scan",
                        "Parent Relationship": "Outer",
                        "Parallel Aware": false,
                        "Index Name": "person_id_cast_info",
                        "Startup Cost": 0.0,
                        "Total Cost": 16290.57,
                        "Plan Rows": 745867,
                        "Plan Width": 0,
                        "Actual Startup Time": 40.674,
                        "Actual Total Time": 40.675,
                        "Actual Rows": 718399,
                        "Actual Loops": 1,
                        "Index Cond": "(person_id < 76709)"
                      }
                    ]
                  },
                  {
                    "Node Type": "Hash",
                    "Parent Relationship": "Inner",
                    "Parallel Aware": true,
                    "Startup Cost": 54588.39,
                    "Total Cost": 54588.39,
                    "Plan Rows": 1309782,
                    "Plan Width": 4,
                    "Actual Startup Time": 554.381,
                    "Actual Total Time": 554.382,
                    "Actual Rows": 1112284,
                    "Actual Loops": 2,
                    "Hash Buckets": 4194304,
                    "Original Hash Buckets": 4194304,
                    "Hash Batches": 1,
                    "Original Hash Batches": 1,
                    "Peak Memory Usage": 119840,
                    "Plans": [
                      {
                        "Node Type": "Seq Scan",
                        "Parent Relationship": "Outer",
                        "Parallel Aware": true,
                        "Relation Name": "title",
                        "Alias": "t",
                        "Startup Cost": 0.0,
                        "Total Cost": 54588.39,
                        "Plan Rows": 1309782,
                        "Plan Width": 4,
                        "Actual Startup Time": 0.029,
                        "Actual Total Time": 191.269,
                        "Actual Rows": 1112284,
                        "Actual Loops": 2,
                        "Filter": "(production_year < 2012)",
                        "Rows Removed by Filter": 151872
                      }
                    ]
                  }
                ]
              }
            ]
          }
        ]
      }
    ]
  },
  "Planning Time": 0.759,
  "Triggers": [],
  "Execution Time": 845.971
}