[
  {
    "Plan": {
      "Node Type": "Aggregate",
      "Strategy": "Plain",
      "Partial Mode": "Finalize",
      "Parallel Aware": false,
      "Startup Cost": 31960.97,
      "Total Cost": 31960.98,
      "Plan Rows": 1,
      "Plan Width": 8,
      "Actual Startup Time": 103.344,
      "Actual Total Time": 110.93,
      "Actual Rows": 1,
      "Actual Loops": 1,
      "Plans": [
        {
          "Node Type": "Gather",
          "Parent Relationship": "Outer",
          "Parallel Aware": false,
          "Startup Cost": 31960.65,
          "Total Cost": 31960.96,
          "Plan Rows": 3,
          "Plan Width": 8,
          "Actual Startup Time": 103.227,
          "Actual Total Time": 110.92,
          "Actual Rows": 4,
          "Actual Loops": 1,
          "Workers Planned": 3,
          "Workers Launched": 3,
          "Single Copy": false,
          "Plans": [
            {
              "Node Type": "Aggregate",
              "Strategy": "Plain",
              "Partial Mode": "Partial",
              "Parent Relationship": "Outer",
              "Parallel Aware": false,
              "Startup Cost": 30960.65,
              "Total Cost": 30960.66,
              "Plan Rows": 1,
              "Plan Width": 8,
              "Actual Startup Time": 98.137,
              "Actual Total Time": 98.138,
              "Actual Rows": 1,
              "Actual Loops": 4,
              "Plans": [
                {
                  "Node Type": "Seq Scan",
                  "Parent Relationship": "Outer",
                  "Parallel Aware": true,
                  "Relation Name": "movie_companies",
                  "Alias": "mc",
                  "Startup Cost": 0.0,
                  "Total Cost": 29310.68,
                  "Plan Rows": 659989,
                  "Plan Width": 0,
                  "Actual Startup Time": 0.027,
                  "Actual Total Time": 74.894,
                  "Actual Rows": 512662,
                  "Actual Loops": 4,
                  "Filter": "(company_id < 71670)",
                  "Rows Removed by Filter": 139620
                }
              ]
            }
          ]
        }
      ]
    },
    "Planning Time": 0.195,
    "Triggers": [],
    "Execution Time": 110.984
  }
]