[
    {
        "Bao": {
            "Bao prediction": "NaN",
            "Bao recommended hint": "(no hint)"
        }
    },
    {
        "Plan": {
            "Node Type": "Aggregate",
            "Strategy": "Plain",
            "Partial Mode": "Finalize",
            "Parallel Aware": false,
            "Startup Cost": 32760.36,
            "Total Cost": 32760.37,
            "Plan Rows": 1,
            "Plan Width": 8,
            "Actual Startup Time": 91.618,
            "Actual Total Time": 96.535,
            "Actual Rows": 1,
            "Actual Loops": 1,
            "Output": [
                "count(*)"
            ],
            "Plans": [
                {
                    "Node Type": "Gather",
                    "Parent Relationship": "Outer",
                    "Parallel Aware": false,
                    "Startup Cost": 32760.05,
                    "Total Cost": 32760.36,
                    "Plan Rows": 3,
                    "Plan Width": 8,
                    "Actual Startup Time": 91.534,
                    "Actual Total Time": 96.527,
                    "Actual Rows": 4,
                    "Actual Loops": 1,
                    "Output": [
                        "(PARTIAL count(*))"
                    ],
                    "Workers Planned": 3,
                    "Workers Launched": 3,
                    "Single Copy": false,
                    "Plans": [
                        {
                            "Node Type": "Aggregate",
                            "Strategy": "Plain",
                            "Partial Mode": "Partial",
                            "Parent Relationship": "Outer",
                            "Parallel Aware": false,
                            "Startup Cost": 31760.05,
                            "Total Cost": 31760.06,
                            "Plan Rows": 1,
                            "Plan Width": 8,
                            "Actual Startup Time": 83.584,
                            "Actual Total Time": 83.585,
                            "Actual Rows": 1,
                            "Actual Loops": 4,
                            "Output": [
                                "PARTIAL count(*)"
                            ],
                            "Workers": [
                                {
                                    "Worker Number": 0,
                                    "Actual Startup Time": 80.807,
                                    "Actual Total Time": 80.808,
                                    "Actual Rows": 1,
                                    "Actual Loops": 1
                                },
                                {
                                    "Worker Number": 1,
                                    "Actual Startup Time": 81.041,
                                    "Actual Total Time": 81.041,
                                    "Actual Rows": 1,
                                    "Actual Loops": 1
                                },
                                {
                                    "Worker Number": 2,
                                    "Actual Startup Time": 81.247,
                                    "Actual Total Time": 81.248,
                                    "Actual Rows": 1,
                                    "Actual Loops": 1
                                }
                            ],
                            "Plans": [
                                {
                                    "Node Type": "Seq Scan",
                                    "Parent Relationship": "Outer",
                                    "Parallel Aware": true,
                                    "Relation Name": "movie_companies",
                                    "Schema": "public",
                                    "Alias": "mc",
                                    "Startup Cost": 0.0,
                                    "Total Cost": 31414.82,
                                    "Plan Rows": 138091,
                                    "Plan Width": 0,
                                    "Actual Startup Time": 40.813,
                                    "Actual Total Time": 75.326,
                                    "Actual Rows": 187836,
                                    "Actual Loops": 4,
                                    "Output": [
                                        "id",
                                        "movie_id",
                                        "company_id",
                                        "company_type_id",
                                        "note"
                                    ],
                                    "Filter": "((mc.company_id > 25967) AND (mc.company_type_id > 1))",
                                    "Rows Removed by Filter": 464446,
                                    "Workers": [
                                        {
                                            "Worker Number": 0,
                                            "Actual Startup Time": 38.038,
                                            "Actual Total Time": 72.82,
                                            "Actual Rows": 195398,
                                            "Actual Loops": 1
                                        },
                                        {
                                            "Worker Number": 1,
                                            "Actual Startup Time": 38.269,
                                            "Actual Total Time": 72.995,
                                            "Actual Rows": 197450,
                                            "Actual Loops": 1
                                        },
                                        {
                                            "Worker Number": 2,
                                            "Actual Startup Time": 38.471,
                                            "Actual Total Time": 73.152,
                                            "Actual Rows": 122351,
                                            "Actual Loops": 1
                                        }
                                    ]
                                }
                            ]
                        }
                    ]
                }
            ]
        },
        "Planning Time": 203.528,
        "Triggers": [],
        "Execution Time": 96.576
    }
]