[
    {
        "Bao": {
            "Bao prediction": "NaN",
            "Bao recommended hint": "(no hint)"
        }
    },
    {
        "Plan": {
            "Node Type": "Aggregate",
            "Strategy": "Plain",
            "Partial Mode": "Finalize",
            "Parallel Aware": false,
            "Startup Cost": 81567.61,
            "Total Cost": 81567.62,
            "Plan Rows": 1,
            "Plan Width": 8,
            "Actual Startup Time": 281.5,
            "Actual Total Time": 288.909,
            "Actual Rows": 1,
            "Actual Loops": 1,
            "Output": [
                "count(*)"
            ],
            "Plans": [
                {
                    "Node Type": "Gather",
                    "Parent Relationship": "Outer",
                    "Parallel Aware": false,
                    "Startup Cost": 81567.29,
                    "Total Cost": 81567.6,
                    "Plan Rows": 3,
                    "Plan Width": 8,
                    "Actual Startup Time": 278.854,
                    "Actual Total Time": 288.901,
                    "Actual Rows": 4,
                    "Actual Loops": 1,
                    "Output": [
                        "(PARTIAL count(*))"
                    ],
                    "Workers Planned": 3,
                    "Workers Launched": 3,
                    "Single Copy": false,
                    "Plans": [
                        {
                            "Node Type": "Aggregate",
                            "Strategy": "Plain",
                            "Partial Mode": "Partial",
                            "Parent Relationship": "Outer",
                            "Parallel Aware": false,
                            "Startup Cost": 80567.29,
                            "Total Cost": 80567.3,
                            "Plan Rows": 1,
                            "Plan Width": 8,
                            "Actual Startup Time": 270.496,
                            "Actual Total Time": 270.5,
                            "Actual Rows": 1,
                            "Actual Loops": 4,
                            "Output": [
                                "PARTIAL count(*)"
                            ],
                            "Workers": [
                                {
                                    "Worker Number": 0,
                                    "Actual Startup Time": 268.006,
                                    "Actual Total Time": 268.009,
                                    "Actual Rows": 1,
                                    "Actual Loops": 1
                                },
                                {
                                    "Worker Number": 1,
                                    "Actual Startup Time": 267.6,
                                    "Actual Total Time": 267.604,
                                    "Actual Rows": 1,
                                    "Actual Loops": 1
                                },
                                {
                                    "Worker Number": 2,
                                    "Actual Startup Time": 267.78,
                                    "Actual Total Time": 267.784,
                                    "Actual Rows": 1,
                                    "Actual Loops": 1
                                }
                            ],
                            "Plans": [
                                {
                                    "Node Type": "Hash Join",
                                    "Parent Relationship": "Outer",
                                    "Parallel Aware": true,
                                    "Join Type": "Inner",
                                    "Startup Cost": 54254.16,
                                    "Total Cost": 80467.76,
                                    "Plan Rows": 39811,
                                    "Plan Width": 0,
                                    "Actual Startup Time": 184.721,
                                    "Actual Total Time": 266.806,
                                    "Actual Rows": 71097,
                                    "Actual Loops": 4,
                                    "Inner Unique": true,
                                    "Hash Cond": "(mk.movie_id = t.id)",
                                    "Workers": [
                                        {
                                            "Worker Number": 0,
                                            "Actual Startup Time": 181.946,
                                            "Actual Total Time": 264.357,
                                            "Actual Rows": 65171,
                                            "Actual Loops": 1
                                        },
                                        {
                                            "Worker Number": 1,
                                            "Actual Startup Time": 181.964,
                                            "Actual Total Time": 263.973,
                                            "Actual Rows": 64155,
                                            "Actual Loops": 1
                                        },
                                        {
                                            "Worker Number": 2,
                                            "Actual Startup Time": 182.214,
                                            "Actual Total Time": 264.201,
                                            "Actual Rows": 63908,
                                            "Actual Loops": 1
                                        }
                                    ],
                                    "Plans": [
                                        {
                                            "Node Type": "Bitmap Heap Scan",
                                            "Parent Relationship": "Outer",
                                            "Parallel Aware": true,
                                            "Relation Name": "movie_keyword",
                                            "Schema": "public",
                                            "Alias": "mk",
                                            "Startup Cost": 7651.43,
                                            "Total Cost": 33559.64,
                                            "Plan Rows": 116337,
                                            "Plan Width": 4,
                                            "Actual Startup Time": 32.407,
                                            "Actual Total Time": 80.784,
                                            "Actual Rows": 90923,
                                            "Actual Loops": 4,
                                            "Output": [
                                                "mk.id",
                                                "mk.movie_id",
                                                "mk.keyword_id"
                                            ],
                                            "Recheck Cond": "(mk.keyword_id < 335)",
                                            "Rows Removed by Index Recheck": 0,
                                            "Exact Heap Blocks": 8109,
                                            "Lossy Heap Blocks": 0,
                                            "Workers": [
                                                {
                                                    "Worker Number": 0,
                                                    "Actual Startup Time": 32.455,
                                                    "Actual Total Time": 81.957,
                                                    "Actual Rows": 81709,
                                                    "Actual Loops": 1
                                                },
                                                {
                                                    "Worker Number": 1,
                                                    "Actual Startup Time": 32.422,
                                                    "Actual Total Time": 81.888,
                                                    "Actual Rows": 80255,
                                                    "Actual Loops": 1
                                                },
                                                {
                                                    "Worker Number": 2,
                                                    "Actual Startup Time": 32.492,
                                                    "Actual Total Time": 82.182,
                                                    "Actual Rows": 79860,
                                                    "Actual Loops": 1
                                                }
                                            ],
                                            "Plans": [
                                                {
                                                    "Node Type": "Bitmap Index Scan",
                                                    "Parent Relationship": "Outer",
                                                    "Parallel Aware": false,
                                                    "Index Name": "keyword_id_movie_keyword",
                                                    "Startup Cost": 0.0,
                                                    "Total Cost": 7561.27,
                                                    "Plan Rows": 360645,
                                                    "Plan Width": 0,
                                                    "Actual Startup Time": 28.487,
                                                    "Actual Total Time": 28.488,
                                                    "Actual Rows": 363692,
                                                    "Actual Loops": 1,
                                                    "Index Cond": "(mk.keyword_id < 335)"
                                                }
                                            ]
                                        },
                                        {
                                            "Node Type": "Hash",
                                            "Parent Relationship": "Inner",
                                            "Parallel Aware": true,
                                            "Startup Cost": 43899.01,
                                            "Total Cost": 43899.01,
                                            "Plan Rows": 216298,
                                            "Plan Width": 4,
                                            "Actual Startup Time": 149.679,
                                            "Actual Total Time": 149.68,
                                            "Actual Rows": 213554,
                                            "Actual Loops": 4,
                                            "Output": [
                                                "t.id"
                                            ],
                                            "Hash Buckets": 1048576,
                                            "Original Hash Buckets": 1048576,
                                            "Hash Batches": 1,
                                            "Original Hash Batches": 1,
                                            "Peak Memory Usage": 41696,
                                            "Workers": [
                                                {
                                                    "Worker Number": 0,
                                                    "Actual Startup Time": 149.01,
                                                    "Actual Total Time": 149.011,
                                                    "Actual Rows": 212925,
                                                    "Actual Loops": 1
                                                },
                                                {
                                                    "Worker Number": 1,
                                                    "Actual Startup Time": 149.058,
                                                    "Actual Total Time": 149.06,
                                                    "Actual Rows": 209488,
                                                    "Actual Loops": 1
                                                },
                                                {
                                                    "Worker Number": 2,
                                                    "Actual Startup Time": 149.259,
                                                    "Actual Total Time": 149.26,
                                                    "Actual Rows": 210359,
                                                    "Actual Loops": 1
                                                }
                                            ],
                                            "Plans": [
                                                {
                                                    "Node Type": "Seq Scan",
                                                    "Parent Relationship": "Outer",
                                                    "Parallel Aware": true,
                                                    "Relation Name": "title",
                                                    "Schema": "public",
                                                    "Alias": "t",
                                                    "Startup Cost": 0.0,
                                                    "Total Cost": 43899.01,
                                                    "Plan Rows": 216298,
                                                    "Plan Width": 4,
                                                    "Actual Startup Time": 0.04,
                                                    "Actual Total Time": 85.684,
                                                    "Actual Rows": 213554,
                                                    "Actual Loops": 4,
                                                    "Output": [
                                                        "t.id"
                                                    ],
                                                    "Filter": "(t.kind_id < 4)",
                                                    "Rows Removed by Filter": 418524,
                                                    "Workers": [
                                                        {
                                                            "Worker Number": 0,
                                                            "Actual Startup Time": 0.048,
                                                            "Actual Total Time": 86.793,
                                                            "Actual Rows": 212925,
                                                            "Actual Loops": 1
                                                        },
                                                        {
                                                            "Worker Number": 1,
                                                            "Actual Startup Time": 0.048,
                                                            "Actual Total Time": 85.901,
                                                            "Actual Rows": 209488,
                                                            "Actual Loops": 1
                                                        },
                                                        {
                                                            "Worker Number": 2,
                                                            "Actual Startup Time": 0.048,
                                                            "Actual Total Time": 86.006,
                                                            "Actual Rows": 210359,
                                                            "Actual Loops": 1
                                                        }
                                                    ]
                                                }
                                            ]
                                        }
                                    ]
                                }
                            ]
                        }
                    ]
                }
            ]
        },
        "Planning Time": 221.329,
        "Triggers": [],
        "Execution Time": 288.984
    }
]