{
    "Plan": {
        "Node Type": "Aggregate",
        "Strategy": "Plain",
        "Partial Mode": "Simple",
        "Parallel Aware": false,
        "Startup Cost": 20000275751.72,
        "Total Cost": 20000275751.73,
        "Plan Rows": 1,
        "Plan Width": 8,
        "Actual Startup Time": 2021.378,
        "Actual Total Time": 2021.38,
        "Actual Rows": 1,
        "Actual Loops": 1,
        "Output": [
            "count(*)"
        ],
        "Plans": [
            {
                "Node Type": "Nested Loop",
                "Parent Relationship": "Outer",
                "Parallel Aware": false,
                "Join Type": "Inner",
                "Startup Cost": 20000000004.5,
                "Total Cost": 20000275709.87,
                "Plan Rows": 16739,
                "Plan Width": 0,
                "Actual Startup Time": 48.445,
                "Actual Total Time": 2019.711,
                "Actual Rows": 18311,
                "Actual Loops": 1,
                "Inner Unique": false,
                "Plans": [
                    {
                        "Node Type": "Index Scan",
                        "Parent Relationship": "Outer",
                        "Parallel Aware": false,
                        "Scan Direction": "Forward",
                        "Index Name": "title_pkey",
                        "Relation Name": "title",
                        "Schema": "public",
                        "Alias": "t",
                        "Startup Cost": 10000000000.43,
                        "Total Cost": 10000116662.9,
                        "Plan Rows": 9355,
                        "Plan Width": 4,
                        "Actual Startup Time": 19.017,
                        "Actual Total Time": 1908.291,
                        "Actual Rows": 10308,
                        "Actual Loops": 1,
                        "Output": [
                            "t.id",
                            "t.title",
                            "t.imdb_index",
                            "t.kind_id",
                            "t.production_year",
                            "t.imdb_id",
                            "t.phonetic_code",
                            "t.episode_of_id",
                            "t.season_nr",
                            "t.episode_nr",
                            "t.series_years",
                            "t.md5sum"
                        ],
                        "Filter": "(t.production_year = 1962)",
                        "Rows Removed by Filter": 2518004
                    },
                    {
                        "Node Type": "Bitmap Heap Scan",
                        "Parent Relationship": "Inner",
                        "Parallel Aware": false,
                        "Relation Name": "movie_keyword",
                        "Schema": "public",
                        "Alias": "mk",
                        "Startup Cost": 4.07,
                        "Total Cost": 16.54,
                        "Plan Rows": 46,
                        "Plan Width": 4,
                        "Actual Startup Time": 0.008,
                        "Actual Total Time": 0.008,
                        "Actual Rows": 2,
                        "Actual Loops": 10308,
                        "Output": [
                            "mk.id",
                            "mk.movie_id",
                            "mk.keyword_id"
                        ],
                        "Recheck Cond": "(mk.movie_id = t.id)",
                        "Rows Removed by Index Recheck": 0,
                        "Exact Heap Blocks": 2482,
                        "Lossy Heap Blocks": 0,
                        "Plans": [
                            {
                                "Node Type": "Bitmap Index Scan",
                                "Parent Relationship": "Outer",
                                "Parallel Aware": false,
                                "Index Name": "movie_id_movie_keyword",
                                "Startup Cost": 0.0,
                                "Total Cost": 4.05,
                                "Plan Rows": 46,
                                "Plan Width": 0,
                                "Actual Startup Time": 0.006,
                                "Actual Total Time": 0.006,
                                "Actual Rows": 2,
                                "Actual Loops": 10308,
                                "Index Cond": "(mk.movie_id = t.id)"
                            }
                        ]
                    }
                ]
            }
        ]
    },
    "Planning Time": 2.757,
    "Triggers": [],
    "Execution Time": 2021.77
}