[
  {
    "Plan": {
      "Node Type": "Aggregate",
      "Strategy": "Plain",
      "Partial Mode": "Finalize",
      "Parallel Aware": false,
      "Startup Cost": 219574.84,
      "Total Cost": 219574.85,
      "Plan Rows": 1,
      "Plan Width": 8,
      "Actual Startup Time": 119.387,
      "Actual Total Time": 125.729,
      "Actual Rows": 1,
      "Actual Loops": 1,
      "Plans": [
        {
          "Node Type": "Gather",
          "Parent Relationship": "Outer",
          "Parallel Aware": false,
          "Startup Cost": 219574.31,
          "Total Cost": 219574.82,
          "Plan Rows": 5,
          "Plan Width": 8,
          "Actual Startup Time": 118.937,
          "Actual Total Time": 125.723,
          "Actual Rows": 6,
          "Actual Loops": 1,
          "Workers Planned": 5,
          "Workers Launched": 5,
          "Single Copy": false,
          "Plans": [
            {
              "Node Type": "Aggregate",
              "Strategy": "Plain",
              "Partial Mode": "Partial",
              "Parent Relationship": "Outer",
              "Parallel Aware": false,
              "Startup Cost": 218574.31,
              "Total Cost": 218574.32,
              "Plan Rows": 1,
              "Plan Width": 8,
              "Actual Startup Time": 112.106,
              "Actual Total Time": 112.109,
              "Actual Rows": 1,
              "Actual Loops": 6,
              "Plans": [
                {
                  "Node Type": "Hash Join",
                  "Parent Relationship": "Outer",
                  "Parallel Aware": true,
                  "Join Type": "Inner",
                  "Startup Cost": 55003.52,
                  "Total Cost": 218571.67,
                  "Plan Rows": 1059,
                  "Plan Width": 0,
                  "Actual Startup Time": 90.777,
                  "Actual Total Time": 111.794,
                  "Actual Rows": 4350,
                  "Actual Loops": 6,
                  "Inner Unique": true,
                  "Hash Cond": "(mi.movie_id = t.id)",
                  "Plans": [
                    {
                      "Node Type": "Bitmap Heap Scan",
                      "Parent Relationship": "Outer",
                      "Parallel Aware": true,
                      "Relation Name": "movie_info",
                      "Alias": "mi",
                      "Startup Cost": 9443.95,
                      "Total Cost": 172738.72,
                      "Plan Rows": 104142,
                      "Plan Width": 4,
                      "Actual Startup Time": 16.624,
                      "Actual Total Time": 34.69,
                      "Actual Rows": 90561,
                      "Actual Loops": 6,
                      "Recheck Cond": "(info_type_id > 98)",
                      "Rows Removed by Index Recheck": 0,
                      "Exact Heap Blocks": 1494,
                      "Lossy Heap Blocks": 0,
                      "Plans": [
                        {
                          "Node Type": "Bitmap Index Scan",
                          "Parent Relationship": "Outer",
                          "Parallel Aware": false,
                          "Index Name": "info_type_id_movie_info",
                          "Startup Cost": 0.0,
                          "Total Cost": 9313.77,
                          "Plan Rows": 520711,
                          "Plan Width": 0,
                          "Actual Startup Time": 15.743,
                          "Actual Total Time": 15.744,
                          "Actual Rows": 543367,
                          "Actual Loops": 1,
                          "Index Cond": "(info_type_id > 98)"
                        }
                      ]
                    },
                    {
                      "Node Type": "Hash",
                      "Parent Relationship": "Inner",
                      "Parallel Aware": true,
                      "Startup Cost": 45479.21,
                      "Total Cost": 45479.21,
                      "Plan Rows": 6429,
                      "Plan Width": 4,
                      "Actual Startup Time": 66.29,
                      "Actual Total Time": 66.29,
                      "Actual Rows": 3988,
                      "Actual Loops": 6,
                      "Hash Buckets": 32768,
                      "Original Hash Buckets": 32768,
                      "Hash Batches": 1,
                      "Original Hash Batches": 1,
                      "Peak Memory Usage": 1280,
                      "Plans": [
                        {
                          "Node Type": "Seq Scan",
                          "Parent Relationship": "Outer",
                          "Parallel Aware": true,
                          "Relation Name": "title",
                          "Alias": "t",
                          "Startup Cost": 0.0,
                          "Total Cost": 45479.21,
                          "Plan Rows": 6429,
                          "Plan Width": 4,
                          "Actual Startup Time": 0.221,
                          "Actual Total Time": 64.631,
                          "Actual Rows": 3988,
                          "Actual Loops": 6,
                          "Filter": "((kind_id < 7) AND (production_year = 2003))",
                          "Rows Removed by Filter": 417398
                        }
                      ]
                    }
                  ]
                }
              ]
            }
          ]
        }
      ]
    },
    "Planning Time": 0.276,
    "Triggers": [],
    "Execution Time": 125.77
  }
]