[
  {
    "Plan": {
      "Node Type": "Aggregate",
      "Strategy": "Plain",
      "Partial Mode": "Finalize",
      "Parallel Aware": false,
      "Startup Cost": 117870.96,
      "Total Cost": 117870.97,
      "Plan Rows": 1,
      "Plan Width": 8,
      "Actual Startup Time": 699.091,
      "Actual Total Time": 726.376,
      "Actual Rows": 1,
      "Actual Loops": 1,
      "Plans": [
        {
          "Node Type": "Gather",
          "Parent Relationship": "Outer",
          "Parallel Aware": false,
          "Startup Cost": 117870.64,
          "Total Cost": 117870.95,
          "Plan Rows": 3,
          "Plan Width": 8,
          "Actual Startup Time": 689.787,
          "Actual Total Time": 726.355,
          "Actual Rows": 4,
          "Actual Loops": 1,
          "Workers Planned": 3,
          "Workers Launched": 3,
          "Single Copy": false,
          "Plans": [
            {
              "Node Type": "Aggregate",
              "Strategy": "Plain",
              "Partial Mode": "Partial",
              "Parent Relationship": "Outer",
              "Parallel Aware": false,
              "Startup Cost": 116870.64,
              "Total Cost": 116870.65,
              "Plan Rows": 1,
              "Plan Width": 8,
              "Actual Startup Time": 684.181,
              "Actual Total Time": 684.543,
              "Actual Rows": 1,
              "Actual Loops": 4,
              "Plans": [
                {
                  "Node Type": "Hash Join",
                  "Parent Relationship": "Outer",
                  "Parallel Aware": true,
                  "Join Type": "Inner",
                  "Startup Cost": 68225.88,
                  "Total Cost": 116141.39,
                  "Plan Rows": 291700,
                  "Plan Width": 0,
                  "Actual Startup Time": 429.818,
                  "Actual Total Time": 666.612,
                  "Actual Rows": 359839,
                  "Actual Loops": 4,
                  "Inner Unique": false,
                  "Hash Cond": "(mk.movie_id = t.id)",
                  "Plans": [
                    {
                      "Node Type": "Seq Scan",
                      "Parent Relationship": "Outer",
                      "Parallel Aware": true,
                      "Relation Name": "movie_keyword",
                      "Alias": "mk",
                      "Startup Cost": 0.0,
                      "Total Cost": 42695.65,
                      "Plan Rows": 1067850,
                      "Plan Width": 4,
                      "Actual Startup Time": 0.051,
                      "Actual Total Time": 125.939,
                      "Actual Rows": 826593,
                      "Actual Loops": 4,
                      "Filter": "(keyword_id < 14997)",
                      "Rows Removed by Filter": 304390
                    },
                    {
                      "Node Type": "Hash",
                      "Parent Relationship": "Inner",
                      "Parallel Aware": true,
                      "Startup Cost": 64628.6,
                      "Total Cost": 64628.6,
                      "Plan Rows": 287783,
                      "Plan Width": 8,
                      "Actual Startup Time": 426.295,
                      "Actual Total Time": 426.656,
                      "Actual Rows": 124315,
                      "Actual Loops": 4,
                      "Hash Buckets": 1048576,
                      "Original Hash Buckets": 1048576,
                      "Hash Batches": 1,
                      "Original Hash Batches": 1,
                      "Peak Memory Usage": 27712,
                      "Plans": [
                        {
                          "Node Type": "Hash Join",
                          "Parent Relationship": "Outer",
                          "Parallel Aware": true,
                          "Join Type": "Inner",
                          "Startup Cost": 49434.04,
                          "Total Cost": 64628.6,
                          "Plan Rows": 287783,
                          "Plan Width": 8,
                          "Actual Startup Time": 270.125,
                          "Actual Total Time": 388.133,
                          "Actual Rows": 124315,
                          "Actual Loops": 4,
                          "Inner Unique": true,
                          "Hash Cond": "(mi_idx.movie_id = t.id)",
                          "Plans": [
                            {
                              "Node Type": "Seq Scan",
                              "Parent Relationship": "Outer",
                              "Parallel Aware": true,
                              "Relation Name": "movie_info_idx",
                              "Alias": "mi_idx",
                              "Startup Cost": 0.0,
                              "Total Cost": 13685.15,
                              "Plan Rows": 575015,
                              "Plan Width": 4,
                              "Actual Startup Time": 0.012,
                              "Actual Total Time": 37.174,
                              "Actual Rows": 345009,
                              "Actual Loops": 4
                            },
                            {
                              "Node Type": "Hash",
                              "Parent Relationship": "Inner",
                              "Parallel Aware": true,
                              "Startup Cost": 45479.59,
                              "Total Cost": 45479.59,
                              "Plan Rows": 316356,
                              "Plan Width": 4,
                              "Actual Startup Time": 266.475,
                              "Actual Total Time": 266.476,
                              "Actual Rows": 344810,
                              "Actual Loops": 4,
                              "Hash Buckets": 2097152,
                              "Original Hash Buckets": 2097152,
                              "Hash Batches": 1,
                              "Original Hash Batches": 1,
                              "Peak Memory Usage": 70400,
                              "Plans": [
                                {
                                  "Node Type": "Seq Scan",
                                  "Parent Relationship": "Outer",
                                  "Parallel Aware": true,
                                  "Relation Name": "title",
                                  "Alias": "t",
                                  "Startup Cost": 0.0,
                                  "Total Cost": 45479.59,
                                  "Plan Rows": 316356,
                                  "Plan Width": 4,
                                  "Actual Startup Time": 0.032,
                                  "Actual Total Time": 124.061,
                                  "Actual Rows": 344810,
                                  "Actual Loops": 4,
                                  "Filter": "((kind_id > 2) AND (production_year > 1988))",
                                  "Rows Removed by Filter": 287268
                                }
                              ]
                            }
                          ]
                        }
                      ]
                    }
                  ]
                }
              ]
            }
          ]
        }
      ]
    },
    "Planning Time": 0.501,
    "Triggers": [],
    "Execution Time": 726.423
  }
]