[
  {
    "Plan": {
      "Node Type": "Aggregate",
      "Strategy": "Plain",
      "Partial Mode": "Finalize",
      "Parallel Aware": false,
      "Startup Cost": 45933.14,
      "Total Cost": 45933.15,
      "Plan Rows": 1,
      "Plan Width": 8,
      "Actual Startup Time": 152.971,
      "Actual Total Time": 162.106,
      "Actual Rows": 1,
      "Actual Loops": 1,
      "Plans": [
        {
          "Node Type": "Gather",
          "Parent Relationship": "Outer",
          "Parallel Aware": false,
          "Startup Cost": 45932.82,
          "Total Cost": 45933.13,
          "Plan Rows": 3,
          "Plan Width": 8,
          "Actual Startup Time": 152.698,
          "Actual Total Time": 162.094,
          "Actual Rows": 4,
          "Actual Loops": 1,
          "Workers Planned": 3,
          "Workers Launched": 3,
          "Single Copy": false,
          "Plans": [
            {
              "Node Type": "Aggregate",
              "Strategy": "Plain",
              "Partial Mode": "Partial",
              "Parent Relationship": "Outer",
              "Parallel Aware": false,
              "Startup Cost": 44932.82,
              "Total Cost": 44932.83,
              "Plan Rows": 1,
              "Plan Width": 8,
              "Actual Startup Time": 147.558,
              "Actual Total Time": 147.559,
              "Actual Rows": 1,
              "Actual Loops": 4,
              "Plans": [
                {
                  "Node Type": "Seq Scan",
                  "Parent Relationship": "Outer",
                  "Parallel Aware": true,
                  "Relation Name": "movie_keyword",
                  "Alias": "mk",
                  "Startup Cost": 0.0,
                  "Total Cost": 42695.65,
                  "Plan Rows": 894866,
                  "Plan Width": 0,
                  "Actual Startup Time": 0.036,
                  "Actual Total Time": 116.337,
                  "Actual Rows": 696526,
                  "Actual Loops": 4,
                  "Filter": "(keyword_id < 8088)",
                  "Rows Removed by Filter": 434457
                }
              ]
            }
          ]
        }
      ]
    },
    "Planning Time": 0.1,
    "Triggers": [],
    "Execution Time": 162.136
  }
]