[
  {
    "Plan": {
      "Node Type": "Aggregate",
      "Strategy": "Plain",
      "Partial Mode": "Finalize",
      "Parallel Aware": false,
      "Startup Cost": 440610.03,
      "Total Cost": 440610.04,
      "Plan Rows": 1,
      "Plan Width": 8,
      "Actual Startup Time": 1771.756,
      "Actual Total Time": 1824.836,
      "Actual Rows": 1,
      "Actual Loops": 1,
      "Plans": [
        {
          "Node Type": "Gather",
          "Parent Relationship": "Outer",
          "Parallel Aware": false,
          "Startup Cost": 440609.4,
          "Total Cost": 440610.01,
          "Plan Rows": 6,
          "Plan Width": 8,
          "Actual Startup Time": 1752.508,
          "Actual Total Time": 1824.825,
          "Actual Rows": 7,
          "Actual Loops": 1,
          "Workers Planned": 6,
          "Workers Launched": 6,
          "Single Copy": false,
          "Plans": [
            {
              "Node Type": "Aggregate",
              "Strategy": "Plain",
              "Partial Mode": "Partial",
              "Parent Relationship": "Outer",
              "Parallel Aware": false,
              "Startup Cost": 439609.4,
              "Total Cost": 439609.41,
              "Plan Rows": 1,
              "Plan Width": 8,
              "Actual Startup Time": 1741.146,
              "Actual Total Time": 1741.246,
              "Actual Rows": 1,
              "Actual Loops": 7,
              "Plans": [
                {
                  "Node Type": "Hash Join",
                  "Parent Relationship": "Outer",
                  "Parallel Aware": true,
                  "Join Type": "Inner",
                  "Startup Cost": 96057.59,
                  "Total Cost": 437599.73,
                  "Plan Rows": 803869,
                  "Plan Width": 0,
                  "Actual Startup Time": 664.689,
                  "Actual Total Time": 1641.912,
                  "Actual Rows": 2188212,
                  "Actual Loops": 7,
                  "Inner Unique": false,
                  "Hash Cond": "(ci.movie_id = t.id)",
                  "Plans": [
                    {
                      "Node Type": "Seq Scan",
                      "Parent Relationship": "Outer",
                      "Parallel Aware": true,
                      "Relation Name": "cast_info",
                      "Alias": "ci",
                      "Startup Cost": 0.0,
                      "Total Cost": 328211.39,
                      "Plan Rows": 2863367,
                      "Plan Width": 4,
                      "Actual Startup Time": 203.274,
                      "Actual Total Time": 593.75,
                      "Actual Rows": 2424312,
                      "Actual Loops": 7,
                      "Filter": "(person_id > 1926093)",
                      "Rows Removed by Filter": 2753451
                    },
                    {
                      "Node Type": "Hash",
                      "Parent Relationship": "Inner",
                      "Parallel Aware": true,
                      "Startup Cost": 93195.36,
                      "Total Cost": 93195.36,
                      "Plan Rows": 228979,
                      "Plan Width": 8,
                      "Actual Startup Time": 459.357,
                      "Actual Total Time": 459.455,
                      "Actual Rows": 101072,
                      "Actual Loops": 7,
                      "Hash Buckets": 1048576,
                      "Original Hash Buckets": 1048576,
                      "Hash Batches": 1,
                      "Original Hash Batches": 1,
                      "Peak Memory Usage": 36000,
                      "Plans": [
                        {
                          "Node Type": "Hash Join",
                          "Parent Relationship": "Outer",
                          "Parallel Aware": true,
                          "Join Type": "Inner",
                          "Startup Cost": 65278.04,
                          "Total Cost": 93195.36,
                          "Plan Rows": 228979,
                          "Plan Width": 8,
                          "Actual Startup Time": 316.949,
                          "Actual Total Time": 412.115,
                          "Actual Rows": 101072,
                          "Actual Loops": 7,
                          "Inner Unique": true,
                          "Hash Cond": "(mk.movie_id = t.id)",
                          "Plans": [
                            {
                              "Node Type": "Bitmap Heap Scan",
                              "Parent Relationship": "Outer",
                              "Parallel Aware": true,
                              "Relation Name": "movie_keyword",
                              "Alias": "mk",
                              "Startup Cost": 15057.66,
                              "Total Cost": 42373.9,
                              "Plan Rows": 228979,
                              "Plan Width": 4,
                              "Actual Startup Time": 47.877,
                              "Actual Total Time": 100.548,
                              "Actual Rows": 101072,
                              "Actual Loops": 7,
                              "Recheck Cond": "(keyword_id > 26695)",
                              "Rows Removed by Index Recheck": 0,
                              "Exact Heap Blocks": 3990,
                              "Lossy Heap Blocks": 0,
                              "Plans": [
                                {
                                  "Node Type": "Bitmap Index Scan",
                                  "Parent Relationship": "Outer",
                                  "Parallel Aware": false,
                                  "Index Name": "keyword_id_movie_keyword",
                                  "Startup Cost": 0.0,
                                  "Total Cost": 14880.2,
                                  "Plan Rows": 709836,
                                  "Plan Width": 0,
                                  "Actual Startup Time": 44.133,
                                  "Actual Total Time": 44.134,
                                  "Actual Rows": 707504,
                                  "Actual Loops": 1,
                                  "Index Cond": "(keyword_id > 26695)"
                                }
                              ]
                            },
                            {
                              "Node Type": "Hash",
                              "Parent Relationship": "Inner",
                              "Parallel Aware": true,
                              "Startup Cost": 42319.06,
                              "Total Cost": 42319.06,
                              "Plan Rows": 632106,
                              "Plan Width": 4,
                              "Actual Startup Time": 264.771,
                              "Actual Total Time": 264.772,
                              "Actual Rows": 361187,
                              "Actual Loops": 7,
                              "Hash Buckets": 4194304,
                              "Original Hash Buckets": 4194304,
                              "Hash Batches": 1,
                              "Original Hash Batches": 1,
                              "Peak Memory Usage": 131808,
                              "Plans": [
                                {
                                  "Node Type": "Seq Scan",
                                  "Parent Relationship": "Outer",
                                  "Parallel Aware": true,
                                  "Relation Name": "title",
                                  "Alias": "t",
                                  "Startup Cost": 0.0,
                                  "Total Cost": 42319.06,
                                  "Plan Rows": 632106,
                                  "Plan Width": 4,
                                  "Actual Startup Time": 0.061,
                                  "Actual Total Time": 76.431,
                                  "Actual Rows": 361187,
                                  "Actual Loops": 7
                                }
                              ]
                            }
                          ]
                        }
                      ]
                    }
                  ]
                }
              ]
            }
          ]
        }
      ]
    },
    "Planning Time": 0.593,
    "Triggers": [],
    "Execution Time": 1824.894
  }
]