{
  "Plan": {
    "Node Type": "Aggregate",
    "Strategy": "Plain",
    "Partial Mode": "Finalize",
    "Parallel Aware": false,
    "Startup Cost": 686905.3,
    "Total Cost": 686905.31,
    "Plan Rows": 1,
    "Plan Width": 8,
    "Actual Startup Time": 3999.948,
    "Actual Total Time": 4053.213,
    "Actual Rows": 1,
    "Actual Loops": 1,
    "Plans": [
      {
        "Node Type": "Gather",
        "Parent Relationship": "Outer",
        "Parallel Aware": false,
        "Startup Cost": 686905.19,
        "Total Cost": 686905.3,
        "Plan Rows": 1,
        "Plan Width": 8,
        "Actual Startup Time": 3997.109,
        "Actual Total Time": 4053.205,
        "Actual Rows": 2,
        "Actual Loops": 1,
        "Workers Planned": 1,
        "Workers Launched": 1,
        "Single Copy": false,
        "Plans": [
          {
            "Node Type": "Aggregate",
            "Strategy": "Plain",
            "Partial Mode": "Partial",
            "Parent Relationship": "Outer",
            "Parallel Aware": false,
            "Startup Cost": 685905.19,
            "Total Cost": 685905.2,
            "Plan Rows": 1,
            "Plan Width": 8,
            "Actual Startup Time": 3987.688,
            "Actual Total Time": 3987.695,
            "Actual Rows": 1,
            "Actual Loops": 2,
            "Plans": [
              {
                "Node Type": "Hash Join",
                "Parent Relationship": "Outer",
                "Parallel Aware": true,
                "Join Type": "Inner",
                "Startup Cost": 115333.21,
                "Total Cost": 678489.53,
                "Plan Rows": 2966263,
                "Plan Width": 0,
                "Actual Startup Time": 544.658,
                "Actual Total Time": 3894.025,
                "Actual Rows": 2262050,
                "Actual Loops": 2,
                "Inner Unique": false,
                "Hash Cond": "(ci.movie_id = t.id)",
                "Plans": [
                  {
                    "Node Type": "Seq Scan",
                    "Parent Relationship": "Outer",
                    "Parallel Aware": true,
                    "Relation Name": "cast_info",
                    "Alias": "ci",
                    "Startup Cost": 0.0,
                    "Total Cost": 465792.95,
                    "Plan Rows": 21310595,
                    "Plan Width": 4,
                    "Actual Startup Time": 0.015,
                    "Actual Total Time": 1335.67,
                    "Actual Rows": 18122172,
                    "Actual Loops": 2
                  },
                  {
                    "Node Type": "Hash",
                    "Parent Relationship": "Inner",
                    "Parallel Aware": true,
                    "Startup Cost": 112745.57,
                    "Total Cost": 112745.57,
                    "Plan Rows": 207011,
                    "Plan Width": 8,
                    "Actual Startup Time": 540.296,
                    "Actual Total Time": 540.301,
                    "Actual Rows": 86119,
                    "Actual Loops": 2,
                    "Hash Buckets": 524288,
                    "Original Hash Buckets": 524288,
                    "Hash Batches": 1,
                    "Original Hash Batches": 1,
                    "Peak Memory Usage": 10880,
                    "Plans": [
                      {
                        "Node Type": "Hash Join",
                        "Parent Relationship": "Outer",
                        "Parallel Aware": true,
                        "Join Type": "Inner",
                        "Startup Cost": 82303.42,
                        "Total Cost": 112745.57,
                        "Plan Rows": 207011,
                        "Plan Width": 8,
                        "Actual Startup Time": 385.232,
                        "Actual Total Time": 517.797,
                        "Actual Rows": 86119,
                        "Actual Loops": 2,
                        "Inner Unique": true,
                        "Hash Cond": "(mk.movie_id = t.id)",
                        "Plans": [
                          {
                            "Node Type": "Bitmap Heap Scan",
                            "Parent Relationship": "Outer",
                            "Parallel Aware": true,
                            "Relation Name": "movie_keyword",
                            "Alias": "mk",
                            "Startup Cost": 14276.55,
                            "Total Cost": 43679.44,
                            "Plan Rows": 395911,
                            "Plan Width": 4,
                            "Actual Startup Time": 41.304,
                            "Actual Total Time": 111.756,
                            "Actual Rows": 331038,
                            "Actual Loops": 2,
                            "Recheck Cond": "(keyword_id > 28392)",
                            "Rows Removed by Index Recheck": 0,
                            "Exact Heap Blocks": 12178,
                            "Lossy Heap Blocks": 0,
                            "Plans": [
                              {
                                "Node Type": "Bitmap Index Scan",
                                "Parent Relationship": "Outer",
                                "Parallel Aware": false,
                                "Index Name": "keyword_id_movie_keyword",
                                "Startup Cost": 0.0,
                                "Total Cost": 14108.29,
                                "Plan Rows": 673048,
                                "Plan Width": 0,
                                "Actual Startup Time": 37.807,
                                "Actual Total Time": 37.807,
                                "Actual Rows": 662076,
                                "Actual Loops": 1,
                                "Index Cond": "(keyword_id > 28392)"
                              }
                            ]
                          },
                          {
                            "Node Type": "Hash",
                            "Parent Relationship": "Inner",
                            "Parallel Aware": true,
                            "Startup Cost": 58306.47,
                            "Total Cost": 58306.47,
                            "Plan Rows": 777632,
                            "Plan Width": 4,
                            "Actual Startup Time": 334.409,
                            "Actual Total Time": 334.409,
                            "Actual Rows": 649064,
                            "Actual Loops": 2,
                            "Hash Buckets": 2097152,
                            "Original Hash Buckets": 2097152,
                            "Hash Batches": 1,
                            "Original Hash Batches": 1,
                            "Peak Memory Usage": 67200,
                            "Plans": [
                              {
                                "Node Type": "Seq Scan",
                                "Parent Relationship": "Outer",
                                "Parallel Aware": true,
                                "Relation Name": "title",
                                "Alias": "t",
                                "Startup Cost": 0.0,
                                "Total Cost": 58306.47,
                                "Plan Rows": 777632,
                                "Plan Width": 4,
                                "Actual Startup Time": 0.027,
                                "Actual Total Time": 165.402,
                                "Actual Rows": 649064,
                                "Actual Loops": 2,
                                "Filter": "((kind_id > 1) AND (production_year < 2009))",
                                "Rows Removed by Filter": 615092
                              }
                            ]
                          }
                        ]
                      }
                    ]
                  }
                ]
              }
            ]
          }
        ]
      }
    ]
  },
  "Planning Time": 0.535,
  "Triggers": [],
  "Execution Time": 4053.29
}