{
  "Plan": {
    "Node Type": "Aggregate",
    "Strategy": "Plain",
    "Partial Mode": "Finalize",
    "Parallel Aware": false,
    "Startup Cost": 644834.35,
    "Total Cost": 644834.36,
    "Plan Rows": 1,
    "Plan Width": 8,
    "Actual Startup Time": 3512.606,
    "Actual Total Time": 3583.981,
    "Actual Rows": 1,
    "Actual Loops": 1,
    "Plans": [
      {
        "Node Type": "Gather",
        "Parent Relationship": "Outer",
        "Parallel Aware": false,
        "Startup Cost": 644834.23,
        "Total Cost": 644834.34,
        "Plan Rows": 1,
        "Plan Width": 8,
        "Actual Startup Time": 3511.95,
        "Actual Total Time": 3583.97,
        "Actual Rows": 2,
        "Actual Loops": 1,
        "Workers Planned": 1,
        "Workers Launched": 1,
        "Single Copy": false,
        "Plans": [
          {
            "Node Type": "Aggregate",
            "Strategy": "Plain",
            "Partial Mode": "Partial",
            "Parent Relationship": "Outer",
            "Parallel Aware": false,
            "Startup Cost": 643834.23,
            "Total Cost": 643834.24,
            "Plan Rows": 1,
            "Plan Width": 8,
            "Actual Startup Time": 3505.68,
            "Actual Total Time": 3505.685,
            "Actual Rows": 1,
            "Actual Loops": 2,
            "Plans": [
              {
                "Node Type": "Hash Join",
                "Parent Relationship": "Outer",
                "Parallel Aware": true,
                "Join Type": "Inner",
                "Startup Cost": 89013.83,
                "Total Cost": 641116.39,
                "Plan Rows": 1087136,
                "Plan Width": 0,
                "Actual Startup Time": 346.997,
                "Actual Total Time": 3477.947,
                "Actual Rows": 646737,
                "Actual Loops": 2,
                "Inner Unique": false,
                "Hash Cond": "(ci.movie_id = t.id)",
                "Plans": [
                  {
                    "Node Type": "Seq Scan",
                    "Parent Relationship": "Outer",
                    "Parallel Aware": true,
                    "Relation Name": "cast_info",
                    "Alias": "ci",
                    "Startup Cost": 0.0,
                    "Total Cost": 465792.95,
                    "Plan Rows": 21310595,
                    "Plan Width": 4,
                    "Actual Startup Time": 0.011,
                    "Actual Total Time": 1300.694,
                    "Actual Rows": 18122172,
                    "Actual Loops": 2
                  },
                  {
                    "Node Type": "Hash",
                    "Parent Relationship": "Inner",
                    "Parallel Aware": true,
                    "Startup Cost": 88065.47,
                    "Total Cost": 88065.47,
                    "Plan Rows": 75869,
                    "Plan Width": 8,
                    "Actual Startup Time": 344.574,
                    "Actual Total Time": 344.577,
                    "Actual Rows": 29796,
                    "Actual Loops": 2,
                    "Hash Buckets": 131072,
                    "Original Hash Buckets": 131072,
                    "Hash Batches": 1,
                    "Original Hash Batches": 1,
                    "Peak Memory Usage": 3392,
                    "Plans": [
                      {
                        "Node Type": "Hash Join",
                        "Parent Relationship": "Outer",
                        "Parallel Aware": true,
                        "Join Type": "Inner",
                        "Startup Cost": 27453.67,
                        "Total Cost": 88065.47,
                        "Plan Rows": 75869,
                        "Plan Width": 8,
                        "Actual Startup Time": 80.892,
                        "Actual Total Time": 335.865,
                        "Actual Rows": 29796,
                        "Actual Loops": 2,
                        "Inner Unique": false,
                        "Hash Cond": "(t.id = mc.movie_id)",
                        "Plans": [
                          {
                            "Node Type": "Seq Scan",
                            "Parent Relationship": "Outer",
                            "Parallel Aware": true,
                            "Relation Name": "title",
                            "Alias": "t",
                            "Startup Cost": 0.0,
                            "Total Cost": 50870.31,
                            "Plan Rows": 1487231,
                            "Plan Width": 4,
                            "Actual Startup Time": 0.01,
                            "Actual Total Time": 119.733,
                            "Actual Rows": 1264156,
                            "Actual Loops": 2
                          },
                          {
                            "Node Type": "Hash",
                            "Parent Relationship": "Inner",
                            "Parallel Aware": true,
                            "Startup Cost": 26505.31,
                            "Total Cost": 26505.31,
                            "Plan Rows": 75869,
                            "Plan Width": 4,
                            "Actual Startup Time": 79.655,
                            "Actual Total Time": 79.656,
                            "Actual Rows": 29796,
                            "Actual Loops": 2,
                            "Hash Buckets": 131072,
                            "Original Hash Buckets": 131072,
                            "Hash Batches": 1,
                            "Original Hash Batches": 1,
                            "Peak Memory Usage": 3392,
                            "Plans": [
                              {
                                "Node Type": "Bitmap Heap Scan",
                                "Parent Relationship": "Outer",
                                "Parallel Aware": true,
                                "Relation Name": "movie_companies",
                                "Alias": "mc",
                                "Startup Cost": 5473.88,
                                "Total Cost": 26505.31,
                                "Plan Rows": 75869,
                                "Plan Width": 4,
                                "Actual Startup Time": 59.945,
                                "Actual Total Time": 74.096,
                                "Actual Rows": 29796,
                                "Actual Loops": 2,
                                "Recheck Cond": "(company_id < 122)",
                                "Rows Removed by Index Recheck": 0,
                                "Filter": "(company_type_id = 2)",
                                "Rows Removed by Filter": 96182,
                                "Exact Heap Blocks": 14109,
                                "Lossy Heap Blocks": 0,
                                "Plans": [
                                  {
                                    "Node Type": "Bitmap Index Scan",
                                    "Parent Relationship": "Outer",
                                    "Parallel Aware": false,
                                    "Index Name": "company_id_movie_companies",
                                    "Startup Cost": 0.0,
                                    "Total Cost": 5441.64,
                                    "Plan Rows": 254028,
                                    "Plan Width": 0,
                                    "Actual Startup Time": 25.612,
                                    "Actual Total Time": 25.613,
                                    "Actual Rows": 251956,
                                    "Actual Loops": 1,
                                    "Index Cond": "(company_id < 122)"
                                  }
                                ]
                              }
                            ]
                          }
                        ]
                      }
                    ]
                  }
                ]
              }
            ]
          }
        ]
      }
    ]
  },
  "Planning Time": 0.943,
  "Triggers": [],
  "Execution Time": 3584.127
}