{
  "Plan": {
    "Node Type": "Aggregate",
    "Strategy": "Plain",
    "Partial Mode": "Finalize",
    "Parallel Aware": false,
    "Startup Cost": 43462.79,
    "Total Cost": 43462.8,
    "Plan Rows": 1,
    "Plan Width": 8,
    "Actual Startup Time": 43.23,
    "Actual Total Time": 49.249,
    "Actual Rows": 1,
    "Actual Loops": 1,
    "Plans": [
      {
        "Node Type": "Gather",
        "Parent Relationship": "Outer",
        "Parallel Aware": false,
        "Startup Cost": 43462.68,
        "Total Cost": 43462.79,
        "Plan Rows": 1,
        "Plan Width": 8,
        "Actual Startup Time": 43.111,
        "Actual Total Time": 49.241,
        "Actual Rows": 2,
        "Actual Loops": 1,
        "Workers Planned": 1,
        "Workers Launched": 1,
        "Single Copy": false,
        "Plans": [
          {
            "Node Type": "Aggregate",
            "Strategy": "Plain",
            "Partial Mode": "Partial",
            "Parent Relationship": "Outer",
            "Parallel Aware": false,
            "Startup Cost": 42462.68,
            "Total Cost": 42462.69,
            "Plan Rows": 1,
            "Plan Width": 8,
            "Actual Startup Time": 36.876,
            "Actual Total Time": 36.878,
            "Actual Rows": 1,
            "Actual Loops": 2,
            "Plans": [
              {
                "Node Type": "Nested Loop",
                "Parent Relationship": "Outer",
                "Parallel Aware": false,
                "Join Type": "Inner",
                "Startup Cost": 144.28,
                "Total Cost": 42458.85,
                "Plan Rows": 1531,
                "Plan Width": 0,
                "Actual Startup Time": 3.816,
                "Actual Total Time": 36.458,
                "Actual Rows": 2445,
                "Actual Loops": 2,
                "Inner Unique": true,
                "Plans": [
                  {
                    "Node Type": "Bitmap Heap Scan",
                    "Parent Relationship": "Outer",
                    "Parallel Aware": true,
                    "Relation Name": "movie_keyword",
                    "Alias": "mk",
                    "Startup Cost": 143.85,
                    "Total Cost": 14996.23,
                    "Plan Rows": 3903,
                    "Plan Width": 4,
                    "Actual Startup Time": 3.674,
                    "Actual Total Time": 12.978,
                    "Actual Rows": 2866,
                    "Actual Loops": 2,
                    "Recheck Cond": "(keyword_id = 249)",
                    "Rows Removed by Index Recheck": 0,
                    "Exact Heap Blocks": 4132,
                    "Lossy Heap Blocks": 0,
                    "Plans": [
                      {
                        "Node Type": "Bitmap Index Scan",
                        "Parent Relationship": "Outer",
                        "Parallel Aware": false,
                        "Index Name": "keyword_id_movie_keyword",
                        "Startup Cost": 0.0,
                        "Total Cost": 142.19,
                        "Plan Rows": 6635,
                        "Plan Width": 0,
                        "Actual Startup Time": 4.57,
                        "Actual Total Time": 4.571,
                        "Actual Rows": 5733,
                        "Actual Loops": 1,
                        "Index Cond": "(keyword_id = 249)"
                      }
                    ]
                  },
                  {
                    "Node Type": "Index Scan",
                    "Parent Relationship": "Inner",
                    "Parallel Aware": false,
                    "Scan Direction": "Forward",
                    "Index Name": "title_pkey",
                    "Relation Name": "title",
                    "Alias": "t",
                    "Startup Cost": 0.43,
                    "Total Cost": 7.04,
                    "Plan Rows": 1,
                    "Plan Width": 4,
                    "Actual Startup Time": 0.008,
                    "Actual Total Time": 0.008,
                    "Actual Rows": 1,
                    "Actual Loops": 5733,
                    "Index Cond": "(id = mk.movie_id)",
                    "Rows Removed by Index Recheck": 0,
                    "Filter": "(kind_id < 7)",
                    "Rows Removed by Filter": 0
                  }
                ]
              }
            ]
          }
        ]
      }
    ]
  },
  "Planning Time": 0.51,
  "Triggers": [],
  "Execution Time": 49.35
}