[
  {
    "Plan": {
      "Node Type": "Aggregate",
      "Strategy": "Plain",
      "Partial Mode": "Finalize",
      "Parallel Aware": false,
      "Startup Cost": 32750.98,
      "Total Cost": 32750.99,
      "Plan Rows": 1,
      "Plan Width": 8,
      "Actual Startup Time": 92.469,
      "Actual Total Time": 100.795,
      "Actual Rows": 1,
      "Actual Loops": 1,
      "Plans": [
        {
          "Node Type": "Gather",
          "Parent Relationship": "Outer",
          "Parallel Aware": false,
          "Startup Cost": 32750.67,
          "Total Cost": 32750.98,
          "Plan Rows": 3,
          "Plan Width": 8,
          "Actual Startup Time": 92.357,
          "Actual Total Time": 100.787,
          "Actual Rows": 4,
          "Actual Loops": 1,
          "Workers Planned": 3,
          "Workers Launched": 3,
          "Single Copy": false,
          "Plans": [
            {
              "Node Type": "Aggregate",
              "Strategy": "Plain",
              "Partial Mode": "Partial",
              "Parent Relationship": "Outer",
              "Parallel Aware": false,
              "Startup Cost": 31750.67,
              "Total Cost": 31750.68,
              "Plan Rows": 1,
              "Plan Width": 8,
              "Actual Startup Time": 84.196,
              "Actual Total Time": 84.197,
              "Actual Rows": 1,
              "Actual Loops": 4,
              "Plans": [
                {
                  "Node Type": "Seq Scan",
                  "Parent Relationship": "Outer",
                  "Parallel Aware": true,
                  "Relation Name": "movie_companies",
                  "Alias": "mc",
                  "Startup Cost": 0.0,
                  "Total Cost": 31414.82,
                  "Plan Rows": 134339,
                  "Plan Width": 0,
                  "Actual Startup Time": 44.601,
                  "Actual Total Time": 77.033,
                  "Actual Rows": 186929,
                  "Actual Loops": 4,
                  "Filter": "((company_id > 26911) AND (company_type_id > 1))",
                  "Rows Removed by Filter": 465354
                }
              ]
            }
          ]
        }
      ]
    },
    "Planning Time": 0.214,
    "Triggers": [],
    "Execution Time": 100.851
  }
]