[
  {
    "Plan": {
      "Node Type": "Aggregate",
      "Strategy": "Plain",
      "Partial Mode": "Finalize",
      "Parallel Aware": false,
      "Startup Cost": 73564.53,
      "Total Cost": 73564.54,
      "Plan Rows": 1,
      "Plan Width": 8,
      "Actual Startup Time": 400.093,
      "Actual Total Time": 451.099,
      "Actual Rows": 1,
      "Actual Loops": 1,
      "Plans": [
        {
          "Node Type": "Gather",
          "Parent Relationship": "Outer",
          "Parallel Aware": false,
          "Startup Cost": 73564.31,
          "Total Cost": 73564.52,
          "Plan Rows": 2,
          "Plan Width": 8,
          "Actual Startup Time": 400.082,
          "Actual Total Time": 451.092,
          "Actual Rows": 3,
          "Actual Loops": 1,
          "Workers Planned": 2,
          "Workers Launched": 2,
          "Single Copy": false,
          "Plans": [
            {
              "Node Type": "Aggregate",
              "Strategy": "Plain",
              "Partial Mode": "Partial",
              "Parent Relationship": "Outer",
              "Parallel Aware": false,
              "Startup Cost": 72564.31,
              "Total Cost": 72564.32,
              "Plan Rows": 1,
              "Plan Width": 8,
              "Actual Startup Time": 390.272,
              "Actual Total Time": 390.275,
              "Actual Rows": 1,
              "Actual Loops": 3,
              "Plans": [
                {
                  "Node Type": "Nested Loop",
                  "Parent Relationship": "Outer",
                  "Parallel Aware": false,
                  "Join Type": "Inner",
                  "Startup Cost": 43970.59,
                  "Total Cost": 72500.47,
                  "Plan Rows": 25537,
                  "Plan Width": 0,
                  "Actual Startup Time": 123.428,
                  "Actual Total Time": 386.956,
                  "Actual Rows": 61188,
                  "Actual Loops": 3,
                  "Inner Unique": false,
                  "Join Filter": "(t.id = ci.movie_id)",
                  "Rows Removed by Join Filter": 0,
                  "Plans": [
                    {
                      "Node Type": "Hash Join",
                      "Parent Relationship": "Outer",
                      "Parallel Aware": true,
                      "Join Type": "Inner",
                      "Startup Cost": 43970.03,
                      "Total Cost": 59164.59,
                      "Plan Rows": 5175,
                      "Plan Width": 8,
                      "Actual Startup Time": 123.358,
                      "Actual Total Time": 195.158,
                      "Actual Rows": 5654,
                      "Actual Loops": 3,
                      "Inner Unique": true,
                      "Hash Cond": "(mi_idx.movie_id = t.id)",
                      "Plans": [
                        {
                          "Node Type": "Seq Scan",
                          "Parent Relationship": "Outer",
                          "Parallel Aware": true,
                          "Relation Name": "movie_info_idx",
                          "Alias": "mi_idx",
                          "Startup Cost": 0.0,
                          "Total Cost": 13685.15,
                          "Plan Rows": 575015,
                          "Plan Width": 4,
                          "Actual Startup Time": 0.027,
                          "Actual Total Time": 33.67,
                          "Actual Rows": 460012,
                          "Actual Loops": 3
                        },
                        {
                          "Node Type": "Hash",
                          "Parent Relationship": "Inner",
                          "Parallel Aware": true,
                          "Startup Cost": 43898.92,
                          "Total Cost": 43898.92,
                          "Plan Rows": 5689,
                          "Plan Width": 4,
                          "Actual Startup Time": 122.037,
                          "Actual Total Time": 122.037,
                          "Actual Rows": 7680,
                          "Actual Loops": 3,
                          "Hash Buckets": 32768,
                          "Original Hash Buckets": 32768,
                          "Hash Batches": 1,
                          "Original Hash Batches": 1,
                          "Peak Memory Usage": 1184,
                          "Plans": [
                            {
                              "Node Type": "Seq Scan",
                              "Parent Relationship": "Outer",
                              "Parallel Aware": true,
                              "Relation Name": "title",
                              "Alias": "t",
                              "Startup Cost": 0.0,
                              "Total Cost": 43898.92,
                              "Plan Rows": 5689,
                              "Plan Width": 4,
                              "Actual Startup Time": 0.051,
                              "Actual Total Time": 117.987,
                              "Actual Rows": 7680,
                              "Actual Loops": 3,
                              "Filter": "(production_year = 1990)",
                              "Rows Removed by Filter": 835091
                            }
                          ]
                        }
                      ]
                    },
                    {
                      "Node Type": "Index Scan",
                      "Parent Relationship": "Inner",
                      "Parallel Aware": false,
                      "Scan Direction": "Forward",
                      "Index Name": "movie_id_cast_info",
                      "Relation Name": "cast_info",
                      "Alias": "ci",
                      "Startup Cost": 0.56,
                      "Total Cost": 2.41,
                      "Plan Rows": 13,
                      "Plan Width": 4,
                      "Actual Startup Time": 0.005,
                      "Actual Total Time": 0.033,
                      "Actual Rows": 11,
                      "Actual Loops": 16963,
                      "Index Cond": "(movie_id = mi_idx.movie_id)",
                      "Rows Removed by Index Recheck": 0,
                      "Filter": "(role_id < 2)",
                      "Rows Removed by Filter": 19
                    }
                  ]
                }
              ]
            }
          ]
        }
      ]
    },
    "Planning Time": 1.466,
    "Triggers": [],
    "Execution Time": 451.227
  }
]