[
  {
    "Plan": {
      "Node Type": "Aggregate",
      "Strategy": "Plain",
      "Partial Mode": "Finalize",
      "Parallel Aware": false,
      "Startup Cost": 565322.21,
      "Total Cost": 565322.22,
      "Plan Rows": 1,
      "Plan Width": 8,
      "Actual Startup Time": 2810.057,
      "Actual Total Time": 2862.386,
      "Actual Rows": 1,
      "Actual Loops": 1,
      "Plans": [
        {
          "Node Type": "Gather",
          "Parent Relationship": "Outer",
          "Parallel Aware": false,
          "Startup Cost": 565321.69,
          "Total Cost": 565322.2,
          "Plan Rows": 5,
          "Plan Width": 8,
          "Actual Startup Time": 2786.046,
          "Actual Total Time": 2862.359,
          "Actual Rows": 6,
          "Actual Loops": 1,
          "Workers Planned": 5,
          "Workers Launched": 5,
          "Single Copy": false,
          "Plans": [
            {
              "Node Type": "Aggregate",
              "Strategy": "Plain",
              "Partial Mode": "Partial",
              "Parent Relationship": "Outer",
              "Parallel Aware": false,
              "Startup Cost": 564321.69,
              "Total Cost": 564321.7,
              "Plan Rows": 1,
              "Plan Width": 8,
              "Actual Startup Time": 2774.636,
              "Actual Total Time": 2774.644,
              "Actual Rows": 1,
              "Actual Loops": 6,
              "Plans": [
                {
                  "Node Type": "Hash Join",
                  "Parent Relationship": "Outer",
                  "Parallel Aware": true,
                  "Join Type": "Inner",
                  "Startup Cost": 352421.77,
                  "Total Cost": 558873.6,
                  "Plan Rows": 2179235,
                  "Plan Width": 0,
                  "Actual Startup Time": 766.233,
                  "Actual Total Time": 2447.619,
                  "Actual Rows": 7407478,
                  "Actual Loops": 6,
                  "Inner Unique": false,
                  "Hash Cond": "(mi.movie_id = t.id)",
                  "Plans": [
                    {
                      "Node Type": "Seq Scan",
                      "Parent Relationship": "Outer",
                      "Parallel Aware": true,
                      "Relation Name": "movie_info",
                      "Alias": "mi",
                      "Startup Cost": 0.0,
                      "Total Cost": 191685.19,
                      "Plan Rows": 2969219,
                      "Plan Width": 4,
                      "Actual Startup Time": 0.026,
                      "Actual Total Time": 310.325,
                      "Actual Rows": 2472620,
                      "Actual Loops": 6
                    },
                    {
                      "Node Type": "Hash",
                      "Parent Relationship": "Inner",
                      "Parallel Aware": true,
                      "Startup Cost": 348555.7,
                      "Total Cost": 348555.7,
                      "Plan Rows": 309286,
                      "Plan Width": 8,
                      "Actual Startup Time": 762.42,
                      "Actual Total Time": 762.426,
                      "Actual Rows": 296454,
                      "Actual Loops": 6,
                      "Hash Buckets": 2097152,
                      "Original Hash Buckets": 2097152,
                      "Hash Batches": 1,
                      "Original Hash Batches": 1,
                      "Peak Memory Usage": 86080,
                      "Plans": [
                        {
                          "Node Type": "Hash Join",
                          "Parent Relationship": "Outer",
                          "Parallel Aware": true,
                          "Join Type": "Inner",
                          "Startup Cost": 91190.75,
                          "Total Cost": 348555.7,
                          "Plan Rows": 309286,
                          "Plan Width": 8,
                          "Actual Startup Time": 383.703,
                          "Actual Total Time": 627.953,
                          "Actual Rows": 296454,
                          "Actual Loops": 6,
                          "Inner Unique": true,
                          "Hash Cond": "(ci.movie_id = t.id)",
                          "Plans": [
                            {
                              "Node Type": "Bitmap Heap Scan",
                              "Parent Relationship": "Outer",
                              "Parallel Aware": true,
                              "Relation Name": "cast_info",
                              "Alias": "ci",
                              "Startup Cost": 40970.36,
                              "Total Cost": 297523.44,
                              "Plan Rows": 309286,
                              "Plan Width": 4,
                              "Actual Startup Time": 71.22,
                              "Actual Total Time": 143.8,
                              "Actual Rows": 296454,
                              "Actual Loops": 6,
                              "Recheck Cond": "(person_id > 3710206)",
                              "Rows Removed by Index Recheck": 0,
                              "Exact Heap Blocks": 4353,
                              "Lossy Heap Blocks": 0,
                              "Plans": [
                                {
                                  "Node Type": "Bitmap Index Scan",
                                  "Parent Relationship": "Outer",
                                  "Parallel Aware": false,
                                  "Index Name": "person_id_cast_info",
                                  "Startup Cost": 0.0,
                                  "Total Cost": 40506.43,
                                  "Plan Rows": 1855716,
                                  "Plan Width": 0,
                                  "Actual Startup Time": 66.254,
                                  "Actual Total Time": 66.255,
                                  "Actual Rows": 1778721,
                                  "Actual Loops": 1,
                                  "Index Cond": "(person_id > 3710206)"
                                }
                              ]
                            },
                            {
                              "Node Type": "Hash",
                              "Parent Relationship": "Inner",
                              "Parallel Aware": true,
                              "Startup Cost": 42319.06,
                              "Total Cost": 42319.06,
                              "Plan Rows": 632106,
                              "Plan Width": 4,
                              "Actual Startup Time": 307.421,
                              "Actual Total Time": 307.422,
                              "Actual Rows": 421385,
                              "Actual Loops": 6,
                              "Hash Buckets": 4194304,
                              "Original Hash Buckets": 4194304,
                              "Hash Batches": 1,
                              "Original Hash Batches": 1,
                              "Peak Memory Usage": 131776,
                              "Plans": [
                                {
                                  "Node Type": "Seq Scan",
                                  "Parent Relationship": "Outer",
                                  "Parallel Aware": true,
                                  "Relation Name": "title",
                                  "Alias": "t",
                                  "Startup Cost": 0.0,
                                  "Total Cost": 42319.06,
                                  "Plan Rows": 632106,
                                  "Plan Width": 4,
                                  "Actual Startup Time": 0.05,
                                  "Actual Total Time": 88.579,
                                  "Actual Rows": 421385,
                                  "Actual Loops": 6
                                }
                              ]
                            }
                          ]
                        }
                      ]
                    }
                  ]
                }
              ]
            }
          ]
        }
      ]
    },
    "Planning Time": 0.417,
    "Triggers": [],
    "Execution Time": 2862.47
  }
]