[
  {
    "Plan": {
      "Node Type": "Aggregate",
      "Strategy": "Plain",
      "Partial Mode": "Finalize",
      "Parallel Aware": false,
      "Startup Cost": 32990.35,
      "Total Cost": 32990.36,
      "Plan Rows": 1,
      "Plan Width": 8,
      "Actual Startup Time": 106.923,
      "Actual Total Time": 117.699,
      "Actual Rows": 1,
      "Actual Loops": 1,
      "Plans": [
        {
          "Node Type": "Gather",
          "Parent Relationship": "Outer",
          "Parallel Aware": false,
          "Startup Cost": 32990.03,
          "Total Cost": 32990.34,
          "Plan Rows": 3,
          "Plan Width": 8,
          "Actual Startup Time": 106.68,
          "Actual Total Time": 117.689,
          "Actual Rows": 4,
          "Actual Loops": 1,
          "Workers Planned": 3,
          "Workers Launched": 3,
          "Single Copy": false,
          "Plans": [
            {
              "Node Type": "Aggregate",
              "Strategy": "Plain",
              "Partial Mode": "Partial",
              "Parent Relationship": "Outer",
              "Parallel Aware": false,
              "Startup Cost": 31990.03,
              "Total Cost": 31990.04,
              "Plan Rows": 1,
              "Plan Width": 8,
              "Actual Startup Time": 99.34,
              "Actual Total Time": 99.341,
              "Actual Rows": 1,
              "Actual Loops": 4,
              "Plans": [
                {
                  "Node Type": "Seq Scan",
                  "Parent Relationship": "Outer",
                  "Parallel Aware": true,
                  "Relation Name": "movie_companies",
                  "Alias": "mc",
                  "Startup Cost": 0.0,
                  "Total Cost": 31414.82,
                  "Plan Rows": 230085,
                  "Plan Width": 0,
                  "Actual Startup Time": 17.313,
                  "Actual Total Time": 92.132,
                  "Actual Rows": 123780,
                  "Actual Loops": 4,
                  "Filter": "((company_id > 9316) AND (company_type_id < 2))",
                  "Rows Removed by Filter": 528502
                }
              ]
            }
          ]
        }
      ]
    },
    "Planning Time": 0.219,
    "Triggers": [],
    "Execution Time": 117.757
  }
]