[
  {
    "Plan": {
      "Node Type": "Aggregate",
      "Strategy": "Plain",
      "Partial Mode": "Finalize",
      "Parallel Aware": false,
      "Startup Cost": 586167.83,
      "Total Cost": 586167.84,
      "Plan Rows": 1,
      "Plan Width": 8,
      "Actual Startup Time": 2661.752,
      "Actual Total Time": 2746.831,
      "Actual Rows": 1,
      "Actual Loops": 1,
      "Plans": [
        {
          "Node Type": "Gather",
          "Parent Relationship": "Outer",
          "Parallel Aware": false,
          "Startup Cost": 586167.31,
          "Total Cost": 586167.82,
          "Plan Rows": 5,
          "Plan Width": 8,
          "Actual Startup Time": 2650.695,
          "Actual Total Time": 2746.816,
          "Actual Rows": 6,
          "Actual Loops": 1,
          "Workers Planned": 5,
          "Workers Launched": 5,
          "Single Copy": false,
          "Plans": [
            {
              "Node Type": "Aggregate",
              "Strategy": "Plain",
              "Partial Mode": "Partial",
              "Parent Relationship": "Outer",
              "Parallel Aware": false,
              "Startup Cost": 585167.31,
              "Total Cost": 585167.32,
              "Plan Rows": 1,
              "Plan Width": 8,
              "Actual Startup Time": 2642.908,
              "Actual Total Time": 2643.028,
              "Actual Rows": 1,
              "Actual Loops": 6,
              "Plans": [
                {
                  "Node Type": "Hash Join",
                  "Parent Relationship": "Outer",
                  "Parallel Aware": true,
                  "Join Type": "Inner",
                  "Startup Cost": 378713.7,
                  "Total Cost": 582987.0,
                  "Plan Rows": 872123,
                  "Plan Width": 0,
                  "Actual Startup Time": 1056.001,
                  "Actual Total Time": 2419.11,
                  "Actual Rows": 4478953,
                  "Actual Loops": 6,
                  "Inner Unique": false,
                  "Hash Cond": "(mi.movie_id = t.id)",
                  "Plans": [
                    {
                      "Node Type": "Seq Scan",
                      "Parent Relationship": "Outer",
                      "Parallel Aware": true,
                      "Relation Name": "movie_info",
                      "Alias": "mi",
                      "Startup Cost": 0.0,
                      "Total Cost": 191685.19,
                      "Plan Rows": 2969219,
                      "Plan Width": 4,
                      "Actual Startup Time": 0.041,
                      "Actual Total Time": 334.271,
                      "Actual Rows": 2472620,
                      "Actual Loops": 6
                    },
                    {
                      "Node Type": "Hash",
                      "Parent Relationship": "Inner",
                      "Parallel Aware": true,
                      "Startup Cost": 377166.52,
                      "Total Cost": 377166.52,
                      "Plan Rows": 123775,
                      "Plan Width": 8,
                      "Actual Startup Time": 1051.436,
                      "Actual Total Time": 1051.554,
                      "Actual Rows": 156964,
                      "Actual Loops": 6,
                      "Hash Buckets": 1048576,
                      "Original Hash Buckets": 1048576,
                      "Hash Batches": 1,
                      "Original Hash Batches": 1,
                      "Peak Memory Usage": 45152,
                      "Plans": [
                        {
                          "Node Type": "Hash Join",
                          "Parent Relationship": "Outer",
                          "Parallel Aware": true,
                          "Join Type": "Inner",
                          "Startup Cost": 46544.59,
                          "Total Cost": 377166.52,
                          "Plan Rows": 123775,
                          "Plan Width": 8,
                          "Actual Startup Time": 534.493,
                          "Actual Total Time": 982.237,
                          "Actual Rows": 156964,
                          "Actual Loops": 6,
                          "Inner Unique": true,
                          "Hash Cond": "(ci.movie_id = t.id)",
                          "Plans": [
                            {
                              "Node Type": "Seq Scan",
                              "Parent Relationship": "Outer",
                              "Parallel Aware": true,
                              "Relation Name": "cast_info",
                              "Alias": "ci",
                              "Startup Cost": 0.0,
                              "Total Cost": 328211.39,
                              "Plan Rows": 918300,
                              "Plan Width": 4,
                              "Actual Startup Time": 415.116,
                              "Actual Total Time": 639.906,
                              "Actual Rows": 908903,
                              "Actual Loops": 6,
                              "Filter": "(person_id > 3110331)",
                              "Rows Removed by Filter": 5131821
                            },
                            {
                              "Node Type": "Hash",
                              "Parent Relationship": "Inner",
                              "Parallel Aware": true,
                              "Startup Cost": 45479.59,
                              "Total Cost": 45479.59,
                              "Plan Rows": 85200,
                              "Plan Width": 4,
                              "Actual Startup Time": 118.471,
                              "Actual Total Time": 118.473,
                              "Actual Rows": 77870,
                              "Actual Loops": 6,
                              "Hash Buckets": 524288,
                              "Original Hash Buckets": 524288,
                              "Hash Batches": 1,
                              "Original Hash Batches": 1,
                              "Peak Memory Usage": 22496,
                              "Plans": [
                                {
                                  "Node Type": "Seq Scan",
                                  "Parent Relationship": "Outer",
                                  "Parallel Aware": true,
                                  "Relation Name": "title",
                                  "Alias": "t",
                                  "Startup Cost": 0.0,
                                  "Total Cost": 45479.59,
                                  "Plan Rows": 85200,
                                  "Plan Width": 4,
                                  "Actual Startup Time": 0.038,
                                  "Actual Total Time": 83.277,
                                  "Actual Rows": 77870,
                                  "Actual Loops": 6,
                                  "Filter": "((kind_id < 4) AND (production_year < 2000))",
                                  "Rows Removed by Filter": 343515
                                }
                              ]
                            }
                          ]
                        }
                      ]
                    }
                  ]
                }
              ]
            }
          ]
        }
      ]
    },
    "Planning Time": 0.669,
    "Triggers": [],
    "Execution Time": 2746.897
  }
]