[
  {
    "Plan": {
      "Node Type": "Aggregate",
      "Strategy": "Plain",
      "Partial Mode": "Finalize",
      "Parallel Aware": false,
      "Startup Cost": 348145.72,
      "Total Cost": 348145.73,
      "Plan Rows": 1,
      "Plan Width": 8,
      "Actual Startup Time": 657.762,
      "Actual Total Time": 712.611,
      "Actual Rows": 1,
      "Actual Loops": 1,
      "Plans": [
        {
          "Node Type": "Gather",
          "Parent Relationship": "Outer",
          "Parallel Aware": false,
          "Startup Cost": 348145.1,
          "Total Cost": 348145.71,
          "Plan Rows": 6,
          "Plan Width": 8,
          "Actual Startup Time": 657.639,
          "Actual Total Time": 712.602,
          "Actual Rows": 7,
          "Actual Loops": 1,
          "Workers Planned": 6,
          "Workers Launched": 6,
          "Single Copy": false,
          "Plans": [
            {
              "Node Type": "Aggregate",
              "Strategy": "Plain",
              "Partial Mode": "Partial",
              "Parent Relationship": "Outer",
              "Parallel Aware": false,
              "Startup Cost": 347145.1,
              "Total Cost": 347145.11,
              "Plan Rows": 1,
              "Plan Width": 8,
              "Actual Startup Time": 649.258,
              "Actual Total Time": 649.259,
              "Actual Rows": 1,
              "Actual Loops": 7,
              "Plans": [
                {
                  "Node Type": "Seq Scan",
                  "Parent Relationship": "Outer",
                  "Parallel Aware": true,
                  "Relation Name": "cast_info",
                  "Alias": "ci",
                  "Startup Cost": 0.0,
                  "Total Cost": 343257.03,
                  "Plan Rows": 1555228,
                  "Plan Width": 0,
                  "Actual Startup Time": 231.173,
                  "Actual Total Time": 623.799,
                  "Actual Rows": 564991,
                  "Actual Loops": 7,
                  "Filter": "((person_id < 1401037) AND (role_id > 1))",
                  "Rows Removed by Filter": 4612773
                }
              ]
            }
          ]
        }
      ]
    },
    "Planning Time": 0.214,
    "Triggers": [],
    "Execution Time": 712.677
  }
]