[
    {
        "Bao": {
            "Bao prediction": "NaN",
            "Bao recommended hint": "(no hint)"
        }
    },
    {
        "Plan": {
            "Node Type": "Aggregate",
            "Strategy": "Plain",
            "Partial Mode": "Finalize",
            "Parallel Aware": false,
            "Startup Cost": 347964.16,
            "Total Cost": 347964.17,
            "Plan Rows": 1,
            "Plan Width": 8,
            "Actual Startup Time": 641.82,
            "Actual Total Time": 672.962,
            "Actual Rows": 1,
            "Actual Loops": 1,
            "Output": [
                "count(*)"
            ],
            "Plans": [
                {
                    "Node Type": "Gather",
                    "Parent Relationship": "Outer",
                    "Parallel Aware": false,
                    "Startup Cost": 347963.53,
                    "Total Cost": 347964.14,
                    "Plan Rows": 6,
                    "Plan Width": 8,
                    "Actual Startup Time": 641.713,
                    "Actual Total Time": 672.953,
                    "Actual Rows": 7,
                    "Actual Loops": 1,
                    "Output": [
                        "(PARTIAL count(*))"
                    ],
                    "Workers Planned": 6,
                    "Workers Launched": 6,
                    "Single Copy": false,
                    "Plans": [
                        {
                            "Node Type": "Aggregate",
                            "Strategy": "Plain",
                            "Partial Mode": "Partial",
                            "Parent Relationship": "Outer",
                            "Parallel Aware": false,
                            "Startup Cost": 346963.53,
                            "Total Cost": 346963.54,
                            "Plan Rows": 1,
                            "Plan Width": 8,
                            "Actual Startup Time": 631.431,
                            "Actual Total Time": 631.432,
                            "Actual Rows": 1,
                            "Actual Loops": 7,
                            "Output": [
                                "PARTIAL count(*)"
                            ],
                            "Workers": [
                                {
                                    "Worker Number": 0,
                                    "Actual Startup Time": 628.804,
                                    "Actual Total Time": 628.806,
                                    "Actual Rows": 1,
                                    "Actual Loops": 1
                                },
                                {
                                    "Worker Number": 1,
                                    "Actual Startup Time": 629.112,
                                    "Actual Total Time": 629.113,
                                    "Actual Rows": 1,
                                    "Actual Loops": 1
                                },
                                {
                                    "Worker Number": 2,
                                    "Actual Startup Time": 629.642,
                                    "Actual Total Time": 629.644,
                                    "Actual Rows": 1,
                                    "Actual Loops": 1
                                },
                                {
                                    "Worker Number": 3,
                                    "Actual Startup Time": 630.296,
                                    "Actual Total Time": 630.297,
                                    "Actual Rows": 1,
                                    "Actual Loops": 1
                                },
                                {
                                    "Worker Number": 4,
                                    "Actual Startup Time": 630.676,
                                    "Actual Total Time": 630.677,
                                    "Actual Rows": 1,
                                    "Actual Loops": 1
                                },
                                {
                                    "Worker Number": 5,
                                    "Actual Startup Time": 630.676,
                                    "Actual Total Time": 630.677,
                                    "Actual Rows": 1,
                                    "Actual Loops": 1
                                }
                            ],
                            "Plans": [
                                {
                                    "Node Type": "Seq Scan",
                                    "Parent Relationship": "Outer",
                                    "Parallel Aware": true,
                                    "Relation Name": "cast_info",
                                    "Schema": "public",
                                    "Alias": "ci",
                                    "Startup Cost": 0.0,
                                    "Total Cost": 343318.94,
                                    "Plan Rows": 1457837,
                                    "Plan Width": 0,
                                    "Actual Startup Time": 315.602,
                                    "Actual Total Time": 588.242,
                                    "Actual Rows": 928343,
                                    "Actual Loops": 7,
                                    "Output": [
                                        "id",
                                        "person_id",
                                        "movie_id",
                                        "person_role_id",
                                        "note",
                                        "nr_order",
                                        "role_id"
                                    ],
                                    "Filter": "((ci.person_id > 2712269) AND (ci.role_id < 10))",
                                    "Rows Removed by Filter": 4249420,
                                    "Workers": [
                                        {
                                            "Worker Number": 0,
                                            "Actual Startup Time": 312.973,
                                            "Actual Total Time": 585.278,
                                            "Actual Rows": 650161,
                                            "Actual Loops": 1
                                        },
                                        {
                                            "Worker Number": 1,
                                            "Actual Startup Time": 313.287,
                                            "Actual Total Time": 586.573,
                                            "Actual Rows": 636935,
                                            "Actual Loops": 1
                                        },
                                        {
                                            "Worker Number": 2,
                                            "Actual Startup Time": 313.819,
                                            "Actual Total Time": 588.968,
                                            "Actual Rows": 987848,
                                            "Actual Loops": 1
                                        },
                                        {
                                            "Worker Number": 3,
                                            "Actual Startup Time": 314.461,
                                            "Actual Total Time": 587.957,
                                            "Actual Rows": 988890,
                                            "Actual Loops": 1
                                        },
                                        {
                                            "Worker Number": 4,
                                            "Actual Startup Time": 314.844,
                                            "Actual Total Time": 588.242,
                                            "Actual Rows": 992526,
                                            "Actual Loops": 1
                                        },
                                        {
                                            "Worker Number": 5,
                                            "Actual Startup Time": 314.843,
                                            "Actual Total Time": 588.218,
                                            "Actual Rows": 991277,
                                            "Actual Loops": 1
                                        }
                                    ]
                                }
                            ]
                        }
                    ]
                }
            ]
        },
        "Planning Time": 263.486,
        "Triggers": [],
        "Execution Time": 673.065
    }
]