[
  {
    "Plan": {
      "Node Type": "Aggregate",
      "Strategy": "Plain",
      "Partial Mode": "Finalize",
      "Parallel Aware": false,
      "Startup Cost": 26176.9,
      "Total Cost": 26176.91,
      "Plan Rows": 1,
      "Plan Width": 8,
      "Actual Startup Time": 59.884,
      "Actual Total Time": 68.682,
      "Actual Rows": 1,
      "Actual Loops": 1,
      "Plans": [
        {
          "Node Type": "Gather",
          "Parent Relationship": "Outer",
          "Parallel Aware": false,
          "Startup Cost": 26176.58,
          "Total Cost": 26176.89,
          "Plan Rows": 3,
          "Plan Width": 8,
          "Actual Startup Time": 59.611,
          "Actual Total Time": 68.675,
          "Actual Rows": 4,
          "Actual Loops": 1,
          "Workers Planned": 3,
          "Workers Launched": 3,
          "Single Copy": false,
          "Plans": [
            {
              "Node Type": "Aggregate",
              "Strategy": "Plain",
              "Partial Mode": "Partial",
              "Parent Relationship": "Outer",
              "Parallel Aware": false,
              "Startup Cost": 25176.58,
              "Total Cost": 25176.59,
              "Plan Rows": 1,
              "Plan Width": 8,
              "Actual Startup Time": 53.767,
              "Actual Total Time": 53.769,
              "Actual Rows": 1,
              "Actual Loops": 4,
              "Plans": [
                {
                  "Node Type": "Bitmap Heap Scan",
                  "Parent Relationship": "Outer",
                  "Parallel Aware": true,
                  "Relation Name": "movie_companies",
                  "Alias": "mc",
                  "Startup Cost": 5138.44,
                  "Total Cost": 25082.54,
                  "Plan Rows": 37618,
                  "Plan Width": 0,
                  "Actual Startup Time": 9.075,
                  "Actual Total Time": 50.744,
                  "Actual Rows": 44569,
                  "Actual Loops": 4,
                  "Recheck Cond": "(company_id < 93)",
                  "Rows Removed by Index Recheck": 0,
                  "Filter": "(company_type_id = 1)",
                  "Rows Removed by Filter": 13598,
                  "Exact Heap Blocks": 9218,
                  "Lossy Heap Blocks": 0,
                  "Plans": [
                    {
                      "Node Type": "Bitmap Index Scan",
                      "Parent Relationship": "Outer",
                      "Parallel Aware": false,
                      "Index Name": "company_id_movie_companies",
                      "Startup Cost": 0.0,
                      "Total Cost": 5109.28,
                      "Plan Rows": 238514,
                      "Plan Width": 0,
                      "Actual Startup Time": 12.162,
                      "Actual Total Time": 12.163,
                      "Actual Rows": 232665,
                      "Actual Loops": 1,
                      "Index Cond": "(company_id < 93)"
                    }
                  ]
                }
              ]
            }
          ]
        }
      ]
    },
    "Planning Time": 0.099,
    "Triggers": [],
    "Execution Time": 68.719
  }
]