[
  {
    "Plan": {
      "Node Type": "Aggregate",
      "Strategy": "Plain",
      "Partial Mode": "Finalize",
      "Parallel Aware": false,
      "Startup Cost": 26045.49,
      "Total Cost": 26045.5,
      "Plan Rows": 1,
      "Plan Width": 8,
      "Actual Startup Time": 90.294,
      "Actual Total Time": 97.973,
      "Actual Rows": 1,
      "Actual Loops": 1,
      "Plans": [
        {
          "Node Type": "Gather",
          "Parent Relationship": "Outer",
          "Parallel Aware": false,
          "Startup Cost": 26045.17,
          "Total Cost": 26045.48,
          "Plan Rows": 3,
          "Plan Width": 8,
          "Actual Startup Time": 90.016,
          "Actual Total Time": 97.962,
          "Actual Rows": 4,
          "Actual Loops": 1,
          "Workers Planned": 3,
          "Workers Launched": 3,
          "Single Copy": false,
          "Plans": [
            {
              "Node Type": "Aggregate",
              "Strategy": "Plain",
              "Partial Mode": "Partial",
              "Parent Relationship": "Outer",
              "Parallel Aware": false,
              "Startup Cost": 25045.17,
              "Total Cost": 25045.18,
              "Plan Rows": 1,
              "Plan Width": 8,
              "Actual Startup Time": 82.377,
              "Actual Total Time": 82.379,
              "Actual Rows": 1,
              "Actual Loops": 4,
              "Plans": [
                {
                  "Node Type": "Bitmap Heap Scan",
                  "Parent Relationship": "Outer",
                  "Parallel Aware": true,
                  "Relation Name": "movie_companies",
                  "Alias": "mc",
                  "Startup Cost": 5032.55,
                  "Total Cost": 24952.47,
                  "Plan Rows": 37082,
                  "Plan Width": 0,
                  "Actual Startup Time": 29.7,
                  "Actual Total Time": 77.995,
                  "Actual Rows": 44569,
                  "Actual Loops": 4,
                  "Recheck Cond": "(company_id < 93)",
                  "Rows Removed by Index Recheck": 0,
                  "Filter": "(company_type_id = 1)",
                  "Rows Removed by Filter": 13598,
                  "Exact Heap Blocks": 9458,
                  "Lossy Heap Blocks": 0,
                  "Plans": [
                    {
                      "Node Type": "Bitmap Index Scan",
                      "Parent Relationship": "Outer",
                      "Parallel Aware": false,
                      "Index Name": "company_id_movie_companies",
                      "Startup Cost": 0.0,
                      "Total Cost": 5003.81,
                      "Plan Rows": 233517,
                      "Plan Width": 0,
                      "Actual Startup Time": 29.399,
                      "Actual Total Time": 29.399,
                      "Actual Rows": 232665,
                      "Actual Loops": 1,
                      "Index Cond": "(company_id < 93)"
                    }
                  ]
                }
              ]
            }
          ]
        }
      ]
    },
    "Planning Time": 0.226,
    "Triggers": [],
    "Execution Time": 98.053
  }
]