[
  {
    "Plan": {
      "Node Type": "Aggregate",
      "Strategy": "Plain",
      "Partial Mode": "Finalize",
      "Parallel Aware": false,
      "Startup Cost": 32592.17,
      "Total Cost": 32592.18,
      "Plan Rows": 1,
      "Plan Width": 8,
      "Actual Startup Time": 36.958,
      "Actual Total Time": 40.993,
      "Actual Rows": 1,
      "Actual Loops": 1,
      "Plans": [
        {
          "Node Type": "Gather",
          "Parent Relationship": "Outer",
          "Parallel Aware": false,
          "Startup Cost": 32591.96,
          "Total Cost": 32592.17,
          "Plan Rows": 2,
          "Plan Width": 8,
          "Actual Startup Time": 36.775,
          "Actual Total Time": 40.986,
          "Actual Rows": 3,
          "Actual Loops": 1,
          "Workers Planned": 2,
          "Workers Launched": 2,
          "Single Copy": false,
          "Plans": [
            {
              "Node Type": "Aggregate",
              "Strategy": "Plain",
              "Partial Mode": "Partial",
              "Parent Relationship": "Outer",
              "Parallel Aware": false,
              "Startup Cost": 31591.96,
              "Total Cost": 31591.97,
              "Plan Rows": 1,
              "Plan Width": 8,
              "Actual Startup Time": 28.716,
              "Actual Total Time": 28.717,
              "Actual Rows": 1,
              "Actual Loops": 3,
              "Plans": [
                {
                  "Node Type": "Nested Loop",
                  "Parent Relationship": "Outer",
                  "Parallel Aware": false,
                  "Join Type": "Inner",
                  "Startup Cost": 132.04,
                  "Total Cost": 31590.8,
                  "Plan Rows": 461,
                  "Plan Width": 0,
                  "Actual Startup Time": 1.093,
                  "Actual Total Time": 28.548,
                  "Actual Rows": 1115,
                  "Actual Loops": 3,
                  "Inner Unique": true,
                  "Plans": [
                    {
                      "Node Type": "Nested Loop",
                      "Parent Relationship": "Outer",
                      "Parallel Aware": false,
                      "Join Type": "Inner",
                      "Startup Cost": 131.61,
                      "Total Cost": 29410.64,
                      "Plan Rows": 2610,
                      "Plan Width": 8,
                      "Actual Startup Time": 0.9,
                      "Actual Total Time": 19.36,
                      "Actual Rows": 1115,
                      "Actual Loops": 3,
                      "Inner Unique": false,
                      "Plans": [
                        {
                          "Node Type": "Bitmap Heap Scan",
                          "Parent Relationship": "Outer",
                          "Parallel Aware": true,
                          "Relation Name": "movie_keyword",
                          "Alias": "mk",
                          "Startup Cost": 131.18,
                          "Total Cost": 14093.28,
                          "Plan Rows": 2513,
                          "Plan Width": 4,
                          "Actual Startup Time": 0.654,
                          "Actual Total Time": 6.82,
                          "Actual Rows": 2172,
                          "Actual Loops": 3,
                          "Recheck Cond": "(keyword_id = 196)",
                          "Rows Removed by Index Recheck": 0,
                          "Exact Heap Blocks": 3352,
                          "Lossy Heap Blocks": 0,
                          "Plans": [
                            {
                              "Node Type": "Bitmap Index Scan",
                              "Parent Relationship": "Outer",
                              "Parallel Aware": false,
                              "Index Name": "keyword_id_movie_keyword",
                              "Startup Cost": 0.0,
                              "Total Cost": 129.67,
                              "Plan Rows": 6032,
                              "Plan Width": 0,
                              "Actual Startup Time": 1.144,
                              "Actual Total Time": 1.144,
                              "Actual Rows": 6516,
                              "Actual Loops": 1,
                              "Index Cond": "(keyword_id = 196)"
                            }
                          ]
                        },
                        {
                          "Node Type": "Index Scan",
                          "Parent Relationship": "Inner",
                          "Parallel Aware": false,
                          "Scan Direction": "Forward",
                          "Index Name": "movie_id_movie_info_idx",
                          "Relation Name": "movie_info_idx",
                          "Alias": "mi_idx",
                          "Startup Cost": 0.43,
                          "Total Cost": 6.09,
                          "Plan Rows": 1,
                          "Plan Width": 4,
                          "Actual Startup Time": 0.005,
                          "Actual Total Time": 0.005,
                          "Actual Rows": 1,
                          "Actual Loops": 6516,
                          "Index Cond": "(movie_id = mk.movie_id)",
                          "Rows Removed by Index Recheck": 0,
                          "Filter": "(info_type_id > 100)",
                          "Rows Removed by Filter": 1
                        }
                      ]
                    },
                    {
                      "Node Type": "Index Only Scan",
                      "Parent Relationship": "Inner",
                      "Parallel Aware": false,
                      "Scan Direction": "Forward",
                      "Index Name": "title_pkey",
                      "Relation Name": "title",
                      "Alias": "t",
                      "Startup Cost": 0.43,
                      "Total Cost": 0.84,
                      "Plan Rows": 1,
                      "Plan Width": 4,
                      "Actual Startup Time": 0.008,
                      "Actual Total Time": 0.008,
                      "Actual Rows": 1,
                      "Actual Loops": 3346,
                      "Index Cond": "(id = mi_idx.movie_id)",
                      "Rows Removed by Index Recheck": 0,
                      "Heap Fetches": 3346
                    }
                  ]
                }
              ]
            }
          ]
        }
      ]
    },
    "Planning Time": 0.567,
    "Triggers": [],
    "Execution Time": 41.045
  }
]