[
  {
    "Plan": {
      "Node Type": "Aggregate",
      "Strategy": "Plain",
      "Partial Mode": "Finalize",
      "Parallel Aware": false,
      "Startup Cost": 77678.31,
      "Total Cost": 77678.32,
      "Plan Rows": 1,
      "Plan Width": 8,
      "Actual Startup Time": 223.765,
      "Actual Total Time": 240.368,
      "Actual Rows": 1,
      "Actual Loops": 1,
      "Plans": [
        {
          "Node Type": "Gather",
          "Parent Relationship": "Outer",
          "Parallel Aware": false,
          "Startup Cost": 77677.99,
          "Total Cost": 77678.3,
          "Plan Rows": 3,
          "Plan Width": 8,
          "Actual Startup Time": 222.935,
          "Actual Total Time": 240.358,
          "Actual Rows": 4,
          "Actual Loops": 1,
          "Workers Planned": 3,
          "Workers Launched": 3,
          "Single Copy": false,
          "Plans": [
            {
              "Node Type": "Aggregate",
              "Strategy": "Plain",
              "Partial Mode": "Partial",
              "Parent Relationship": "Outer",
              "Parallel Aware": false,
              "Startup Cost": 76677.99,
              "Total Cost": 76678.0,
              "Plan Rows": 1,
              "Plan Width": 8,
              "Actual Startup Time": 214.554,
              "Actual Total Time": 214.557,
              "Actual Rows": 1,
              "Actual Loops": 4,
              "Plans": [
                {
                  "Node Type": "Hash Join",
                  "Parent Relationship": "Outer",
                  "Parallel Aware": true,
                  "Join Type": "Inner",
                  "Startup Cost": 44617.19,
                  "Total Cost": 76626.52,
                  "Plan Rows": 20589,
                  "Plan Width": 0,
                  "Actual Startup Time": 158.998,
                  "Actual Total Time": 214.17,
                  "Actual Rows": 7224,
                  "Actual Loops": 4,
                  "Inner Unique": true,
                  "Hash Cond": "(mc.movie_id = t.id)",
                  "Plans": [
                    {
                      "Node Type": "Seq Scan",
                      "Parent Relationship": "Outer",
                      "Parallel Aware": true,
                      "Relation Name": "movie_companies",
                      "Alias": "mc",
                      "Startup Cost": 0.0,
                      "Total Cost": 31414.82,
                      "Plan Rows": 226481,
                      "Plan Width": 4,
                      "Actual Startup Time": 32.765,
                      "Actual Total Time": 65.537,
                      "Actual Rows": 111484,
                      "Actual Loops": 4,
                      "Filter": "((company_id < 11930) AND (company_type_id = 2))",
                      "Rows Removed by Filter": 540798
                    },
                    {
                      "Node Type": "Hash",
                      "Parent Relationship": "Inner",
                      "Parallel Aware": true,
                      "Startup Cost": 43898.92,
                      "Total Cost": 43898.92,
                      "Plan Rows": 57462,
                      "Plan Width": 4,
                      "Actual Startup Time": 123.525,
                      "Actual Total Time": 123.526,
                      "Actual Rows": 57912,
                      "Actual Loops": 4,
                      "Hash Buckets": 262144,
                      "Original Hash Buckets": 262144,
                      "Hash Batches": 1,
                      "Original Hash Batches": 1,
                      "Peak Memory Usage": 11168,
                      "Plans": [
                        {
                          "Node Type": "Seq Scan",
                          "Parent Relationship": "Outer",
                          "Parallel Aware": true,
                          "Relation Name": "title",
                          "Alias": "t",
                          "Startup Cost": 0.0,
                          "Total Cost": 43898.92,
                          "Plan Rows": 57462,
                          "Plan Width": 4,
                          "Actual Startup Time": 0.042,
                          "Actual Total Time": 102.703,
                          "Actual Rows": 57912,
                          "Actual Loops": 4,
                          "Filter": "(production_year > 2011)",
                          "Rows Removed by Filter": 574166
                        }
                      ]
                    }
                  ]
                }
              ]
            }
          ]
        }
      ]
    },
    "Planning Time": 0.945,
    "Triggers": [],
    "Execution Time": 240.438
  }
]