[
  {
    "Plan": {
      "Node Type": "Aggregate",
      "Strategy": "Plain",
      "Partial Mode": "Finalize",
      "Parallel Aware": false,
      "Startup Cost": 107333.9,
      "Total Cost": 107333.91,
      "Plan Rows": 1,
      "Plan Width": 8,
      "Actual Startup Time": 751.56,
      "Actual Total Time": 770.518,
      "Actual Rows": 1,
      "Actual Loops": 1,
      "Plans": [
        {
          "Node Type": "Gather",
          "Parent Relationship": "Outer",
          "Parallel Aware": false,
          "Startup Cost": 107333.68,
          "Total Cost": 107333.89,
          "Plan Rows": 2,
          "Plan Width": 8,
          "Actual Startup Time": 744.4,
          "Actual Total Time": 770.506,
          "Actual Rows": 3,
          "Actual Loops": 1,
          "Workers Planned": 2,
          "Workers Launched": 2,
          "Single Copy": false,
          "Plans": [
            {
              "Node Type": "Aggregate",
              "Strategy": "Plain",
              "Partial Mode": "Partial",
              "Parent Relationship": "Outer",
              "Parallel Aware": false,
              "Startup Cost": 106333.68,
              "Total Cost": 106333.69,
              "Plan Rows": 1,
              "Plan Width": 8,
              "Actual Startup Time": 736.71,
              "Actual Total Time": 736.877,
              "Actual Rows": 1,
              "Actual Loops": 3,
              "Plans": [
                {
                  "Node Type": "Hash Join",
                  "Parent Relationship": "Outer",
                  "Parallel Aware": true,
                  "Join Type": "Inner",
                  "Startup Cost": 89836.74,
                  "Total Cost": 106047.48,
                  "Plan Rows": 114480,
                  "Plan Width": 0,
                  "Actual Startup Time": 610.479,
                  "Actual Total Time": 719.191,
                  "Actual Rows": 384379,
                  "Actual Loops": 3,
                  "Inner Unique": false,
                  "Hash Cond": "(mi_idx.movie_id = t.id)",
                  "Plans": [
                    {
                      "Node Type": "Seq Scan",
                      "Parent Relationship": "Outer",
                      "Parallel Aware": true,
                      "Relation Name": "movie_info_idx",
                      "Alias": "mi_idx",
                      "Startup Cost": 0.0,
                      "Total Cost": 13685.15,
                      "Plan Rows": 575015,
                      "Plan Width": 4,
                      "Actual Startup Time": 0.028,
                      "Actual Total Time": 36.263,
                      "Actual Rows": 460012,
                      "Actual Loops": 3
                    },
                    {
                      "Node Type": "Hash",
                      "Parent Relationship": "Inner",
                      "Parallel Aware": true,
                      "Startup Cost": 87807.05,
                      "Total Cost": 87807.05,
                      "Plan Rows": 162375,
                      "Plan Width": 8,
                      "Actual Startup Time": 596.161,
                      "Actual Total Time": 596.326,
                      "Actual Rows": 163579,
                      "Actual Loops": 3,
                      "Hash Buckets": 524288,
                      "Original Hash Buckets": 524288,
                      "Hash Batches": 1,
                      "Original Hash Batches": 1,
                      "Peak Memory Usage": 23328,
                      "Plans": [
                        {
                          "Node Type": "Hash Join",
                          "Parent Relationship": "Outer",
                          "Parallel Aware": true,
                          "Join Type": "Inner",
                          "Startup Cost": 60897.13,
                          "Total Cost": 87807.05,
                          "Plan Rows": 162375,
                          "Plan Width": 8,
                          "Actual Startup Time": 443.25,
                          "Actual Total Time": 556.545,
                          "Actual Rows": 163579,
                          "Actual Loops": 3,
                          "Inner Unique": true,
                          "Hash Cond": "(mk.movie_id = t.id)",
                          "Plans": [
                            {
                              "Node Type": "Bitmap Heap Scan",
                              "Parent Relationship": "Outer",
                              "Parallel Aware": true,
                              "Relation Name": "movie_keyword",
                              "Alias": "mk",
                              "Startup Cost": 10677.49,
                              "Total Cost": 37161.17,
                              "Plan Rows": 162375,
                              "Plan Width": 4,
                              "Actual Startup Time": 42.921,
                              "Actual Total Time": 99.983,
                              "Actual Rows": 163579,
                              "Actual Loops": 3,
                              "Recheck Cond": "(keyword_id > 36672)",
                              "Rows Removed by Index Recheck": 0,
                              "Exact Heap Blocks": 7296,
                              "Lossy Heap Blocks": 0,
                              "Plans": [
                                {
                                  "Node Type": "Bitmap Index Scan",
                                  "Parent Relationship": "Outer",
                                  "Parallel Aware": false,
                                  "Index Name": "keyword_id_movie_keyword",
                                  "Startup Cost": 0.0,
                                  "Total Cost": 10551.65,
                                  "Plan Rows": 503362,
                                  "Plan Width": 0,
                                  "Actual Startup Time": 37.483,
                                  "Actual Total Time": 37.483,
                                  "Actual Rows": 490736,
                                  "Actual Loops": 1,
                                  "Index Cond": "(keyword_id > 36672)"
                                }
                              ]
                            },
                            {
                              "Node Type": "Hash",
                              "Parent Relationship": "Inner",
                              "Parallel Aware": true,
                              "Startup Cost": 42318.73,
                              "Total Cost": 42318.73,
                              "Plan Rows": 632073,
                              "Plan Width": 4,
                              "Actual Startup Time": 388.504,
                              "Actual Total Time": 388.505,
                              "Actual Rows": 842771,
                              "Actual Loops": 3,
                              "Hash Buckets": 4194304,
                              "Original Hash Buckets": 4194304,
                              "Hash Batches": 1,
                              "Original Hash Batches": 1,
                              "Peak Memory Usage": 131712,
                              "Plans": [
                                {
                                  "Node Type": "Seq Scan",
                                  "Parent Relationship": "Outer",
                                  "Parallel Aware": true,
                                  "Relation Name": "title",
                                  "Alias": "t",
                                  "Startup Cost": 0.0,
                                  "Total Cost": 42318.73,
                                  "Plan Rows": 632073,
                                  "Plan Width": 4,
                                  "Actual Startup Time": 0.05,
                                  "Actual Total Time": 119.984,
                                  "Actual Rows": 842771,
                                  "Actual Loops": 3
                                }
                              ]
                            }
                          ]
                        }
                      ]
                    }
                  ]
                }
              ]
            }
          ]
        }
      ]
    },
    "Planning Time": 1.331,
    "Triggers": [],
    "Execution Time": 770.623
  }
]