[
  {
    "Plan": {
      "Node Type": "Aggregate",
      "Strategy": "Plain",
      "Partial Mode": "Finalize",
      "Parallel Aware": false,
      "Startup Cost": 150819.87,
      "Total Cost": 150819.88,
      "Plan Rows": 1,
      "Plan Width": 8,
      "Actual Startup Time": 1327.665,
      "Actual Total Time": 1412.408,
      "Actual Rows": 1,
      "Actual Loops": 1,
      "Plans": [
        {
          "Node Type": "Gather",
          "Parent Relationship": "Outer",
          "Parallel Aware": false,
          "Startup Cost": 150819.45,
          "Total Cost": 150819.86,
          "Plan Rows": 4,
          "Plan Width": 8,
          "Actual Startup Time": 1325.948,
          "Actual Total Time": 1412.391,
          "Actual Rows": 5,
          "Actual Loops": 1,
          "Workers Planned": 4,
          "Workers Launched": 4,
          "Single Copy": false,
          "Plans": [
            {
              "Node Type": "Aggregate",
              "Strategy": "Plain",
              "Partial Mode": "Partial",
              "Parent Relationship": "Outer",
              "Parallel Aware": false,
              "Startup Cost": 149819.45,
              "Total Cost": 149819.46,
              "Plan Rows": 1,
              "Plan Width": 8,
              "Actual Startup Time": 1315.278,
              "Actual Total Time": 1315.282,
              "Actual Rows": 1,
              "Actual Loops": 5,
              "Plans": [
                {
                  "Node Type": "Nested Loop",
                  "Parent Relationship": "Outer",
                  "Parallel Aware": false,
                  "Join Type": "Inner",
                  "Startup Cost": 23641.61,
                  "Total Cost": 149581.01,
                  "Plan Rows": 95376,
                  "Plan Width": 0,
                  "Actual Startup Time": 65.732,
                  "Actual Total Time": 1304.743,
                  "Actual Rows": 146360,
                  "Actual Loops": 5,
                  "Inner Unique": false,
                  "Plans": [
                    {
                      "Node Type": "Hash Join",
                      "Parent Relationship": "Outer",
                      "Parallel Aware": true,
                      "Join Type": "Inner",
                      "Startup Cost": 23641.05,
                      "Total Cost": 69251.64,
                      "Plan Rows": 40764,
                      "Plan Width": 8,
                      "Actual Startup Time": 65.634,
                      "Actual Total Time": 265.945,
                      "Actual Rows": 33127,
                      "Actual Loops": 5,
                      "Inner Unique": false,
                      "Hash Cond": "(t.id = mc.movie_id)",
                      "Plans": [
                        {
                          "Node Type": "Seq Scan",
                          "Parent Relationship": "Outer",
                          "Parallel Aware": true,
                          "Relation Name": "title",
                          "Alias": "t",
                          "Startup Cost": 0.0,
                          "Total Cost": 42318.73,
                          "Plan Rows": 632073,
                          "Plan Width": 4,
                          "Actual Startup Time": 0.011,
                          "Actual Total Time": 67.613,
                          "Actual Rows": 505662,
                          "Actual Loops": 5
                        },
                        {
                          "Node Type": "Hash",
                          "Parent Relationship": "Inner",
                          "Parallel Aware": true,
                          "Startup Cost": 22983.57,
                          "Total Cost": 22983.57,
                          "Plan Rows": 52598,
                          "Plan Width": 4,
                          "Actual Startup Time": 63.693,
                          "Actual Total Time": 63.694,
                          "Actual Rows": 33127,
                          "Actual Loops": 5,
                          "Hash Buckets": 262144,
                          "Original Hash Buckets": 262144,
                          "Hash Batches": 1,
                          "Original Hash Batches": 1,
                          "Peak Memory Usage": 8608,
                          "Plans": [
                            {
                              "Node Type": "Bitmap Heap Scan",
                              "Parent Relationship": "Outer",
                              "Parallel Aware": true,
                              "Relation Name": "movie_companies",
                              "Alias": "mc",
                              "Startup Cost": 3536.1,
                              "Total Cost": 22983.57,
                              "Plan Rows": 52598,
                              "Plan Width": 4,
                              "Actual Startup Time": 15.527,
                              "Actual Total Time": 47.985,
                              "Actual Rows": 33127,
                              "Actual Loops": 5,
                              "Recheck Cond": "(company_id < 32)",
                              "Rows Removed by Index Recheck": 0,
                              "Exact Heap Blocks": 7033,
                              "Lossy Heap Blocks": 0,
                              "Plans": [
                                {
                                  "Node Type": "Bitmap Index Scan",
                                  "Parent Relationship": "Outer",
                                  "Parallel Aware": false,
                                  "Index Name": "company_id_movie_companies",
                                  "Startup Cost": 0.0,
                                  "Total Cost": 3495.33,
                                  "Plan Rows": 163054,
                                  "Plan Width": 0,
                                  "Actual Startup Time": 15.509,
                                  "Actual Total Time": 15.51,
                                  "Actual Rows": 165636,
                                  "Actual Loops": 1,
                                  "Index Cond": "(company_id < 32)"
                                }
                              ]
                            }
                          ]
                        }
                      ]
                    },
                    {
                      "Node Type": "Index Scan",
                      "Parent Relationship": "Inner",
                      "Parallel Aware": false,
                      "Scan Direction": "Forward",
                      "Index Name": "movie_id_cast_info",
                      "Relation Name": "cast_info",
                      "Alias": "ci",
                      "Startup Cost": 0.56,
                      "Total Cost": 1.91,
                      "Plan Rows": 6,
                      "Plan Width": 4,
                      "Actual Startup Time": 0.007,
                      "Actual Total Time": 0.031,
                      "Actual Rows": 4,
                      "Actual Loops": 165636,
                      "Index Cond": "(movie_id = t.id)",
                      "Rows Removed by Index Recheck": 0,
                      "Filter": "(person_id < 587722)",
                      "Rows Removed by Filter": 20
                    }
                  ]
                }
              ]
            }
          ]
        }
      ]
    },
    "Planning Time": 1.417,
    "Triggers": [],
    "Execution Time": 1412.538
  }
]