[
  {
    "Plan": {
      "Node Type": "Aggregate",
      "Strategy": "Plain",
      "Partial Mode": "Finalize",
      "Parallel Aware": false,
      "Startup Cost": 335906.7,
      "Total Cost": 335906.71,
      "Plan Rows": 1,
      "Plan Width": 8,
      "Actual Startup Time": 700.878,
      "Actual Total Time": 745.227,
      "Actual Rows": 1,
      "Actual Loops": 1,
      "Plans": [
        {
          "Node Type": "Gather",
          "Parent Relationship": "Outer",
          "Parallel Aware": false,
          "Startup Cost": 335906.07,
          "Total Cost": 335906.68,
          "Plan Rows": 6,
          "Plan Width": 8,
          "Actual Startup Time": 700.725,
          "Actual Total Time": 745.213,
          "Actual Rows": 7,
          "Actual Loops": 1,
          "Workers Planned": 6,
          "Workers Launched": 6,
          "Single Copy": false,
          "Plans": [
            {
              "Node Type": "Aggregate",
              "Strategy": "Plain",
              "Partial Mode": "Partial",
              "Parent Relationship": "Outer",
              "Parallel Aware": false,
              "Startup Cost": 334906.07,
              "Total Cost": 334906.08,
              "Plan Rows": 1,
              "Plan Width": 8,
              "Actual Startup Time": 691.653,
              "Actual Total Time": 691.654,
              "Actual Rows": 1,
              "Actual Loops": 7,
              "Plans": [
                {
                  "Node Type": "Seq Scan",
                  "Parent Relationship": "Outer",
                  "Parallel Aware": true,
                  "Relation Name": "cast_info",
                  "Alias": "ci",
                  "Startup Cost": 0.0,
                  "Total Cost": 328211.39,
                  "Plan Rows": 2677873,
                  "Plan Width": 0,
                  "Actual Startup Time": 228.506,
                  "Actual Total Time": 584.24,
                  "Actual Rows": 2255515,
                  "Actual Loops": 7,
                  "Filter": "(person_id > 2057912)",
                  "Rows Removed by Filter": 2922248
                }
              ]
            }
          ]
        }
      ]
    },
    "Planning Time": 0.086,
    "Triggers": [],
    "Execution Time": 745.267
  }
]