{
  "Plan": {
    "Node Type": "Aggregate",
    "Strategy": "Plain",
    "Partial Mode": "Finalize",
    "Parallel Aware": false,
    "Startup Cost": 267906.17,
    "Total Cost": 267906.18,
    "Plan Rows": 1,
    "Plan Width": 8,
    "Actual Startup Time": 846.135,
    "Actual Total Time": 861.585,
    "Actual Rows": 1,
    "Actual Loops": 1,
    "Plans": [
      {
        "Node Type": "Gather",
        "Parent Relationship": "Outer",
        "Parallel Aware": false,
        "Startup Cost": 267906.06,
        "Total Cost": 267906.17,
        "Plan Rows": 1,
        "Plan Width": 8,
        "Actual Startup Time": 840.705,
        "Actual Total Time": 861.576,
        "Actual Rows": 2,
        "Actual Loops": 1,
        "Workers Planned": 1,
        "Workers Launched": 1,
        "Single Copy": false,
        "Plans": [
          {
            "Node Type": "Aggregate",
            "Strategy": "Plain",
            "Partial Mode": "Partial",
            "Parent Relationship": "Outer",
            "Parallel Aware": false,
            "Startup Cost": 266906.06,
            "Total Cost": 266906.07,
            "Plan Rows": 1,
            "Plan Width": 8,
            "Actual Startup Time": 833.39,
            "Actual Total Time": 833.394,
            "Actual Rows": 1,
            "Actual Loops": 2,
            "Plans": [
              {
                "Node Type": "Hash Join",
                "Parent Relationship": "Outer",
                "Parallel Aware": true,
                "Join Type": "Inner",
                "Startup Cost": 91752.01,
                "Total Cost": 265525.82,
                "Plan Rows": 552097,
                "Plan Width": 0,
                "Actual Startup Time": 489.104,
                "Actual Total Time": 807.11,
                "Actual Rows": 509356,
                "Actual Loops": 2,
                "Inner Unique": true,
                "Hash Cond": "(mi.movie_id = t.id)",
                "Plans": [
                  {
                    "Node Type": "Bitmap Heap Scan",
                    "Parent Relationship": "Outer",
                    "Parallel Aware": true,
                    "Relation Name": "movie_info",
                    "Alias": "mi",
                    "Startup Cost": 23986.4,
                    "Total Cost": 195715.6,
                    "Plan Rows": 778896,
                    "Plan Width": 4,
                    "Actual Startup Time": 42.465,
                    "Actual Total Time": 111.016,
                    "Actual Rows": 662680,
                    "Actual Loops": 2,
                    "Recheck Cond": "(info_type_id = 8)",
                    "Rows Removed by Index Recheck": 0,
                    "Exact Heap Blocks": 4692,
                    "Lossy Heap Blocks": 0,
                    "Plans": [
                      {
                        "Node Type": "Bitmap Index Scan",
                        "Parent Relationship": "Outer",
                        "Parallel Aware": false,
                        "Index Name": "info_type_id_movie_info",
                        "Startup Cost": 0.0,
                        "Total Cost": 23655.37,
                        "Plan Rows": 1324124,
                        "Plan Width": 0,
                        "Actual Startup Time": 41.242,
                        "Actual Total Time": 41.243,
                        "Actual Rows": 1325361,
                        "Actual Loops": 1,
                        "Index Cond": "(info_type_id = 8)"
                      }
                    ]
                  },
                  {
                    "Node Type": "Hash",
                    "Parent Relationship": "Inner",
                    "Parallel Aware": true,
                    "Startup Cost": 54588.39,
                    "Total Cost": 54588.39,
                    "Plan Rows": 1054178,
                    "Plan Width": 4,
                    "Actual Startup Time": 431.879,
                    "Actual Total Time": 431.879,
                    "Actual Rows": 897076,
                    "Actual Loops": 2,
                    "Hash Buckets": 2097152,
                    "Original Hash Buckets": 2097152,
                    "Hash Batches": 1,
                    "Original Hash Batches": 1,
                    "Peak Memory Usage": 86592,
                    "Plans": [
                      {
                        "Node Type": "Seq Scan",
                        "Parent Relationship": "Outer",
                        "Parallel Aware": true,
                        "Relation Name": "title",
                        "Alias": "t",
                        "Startup Cost": 0.0,
                        "Total Cost": 54588.39,
                        "Plan Rows": 1054178,
                        "Plan Width": 4,
                        "Actual Startup Time": 0.028,
                        "Actual Total Time": 186.332,
                        "Actual Rows": 897076,
                        "Actual Loops": 2,
                        "Filter": "(production_year < 2009)",
                        "Rows Removed by Filter": 367080
                      }
                    ]
                  }
                ]
              }
            ]
          }
        ]
      }
    ]
  },
  "Planning Time": 0.691,
  "Triggers": [],
  "Execution Time": 861.676
}