[
  {
    "Plan": {
      "Node Type": "Aggregate",
      "Strategy": "Plain",
      "Partial Mode": "Finalize",
      "Parallel Aware": false,
      "Startup Cost": 23239.08,
      "Total Cost": 23239.09,
      "Plan Rows": 1,
      "Plan Width": 8,
      "Actual Startup Time": 47.382,
      "Actual Total Time": 51.27,
      "Actual Rows": 1,
      "Actual Loops": 1,
      "Plans": [
        {
          "Node Type": "Gather",
          "Parent Relationship": "Outer",
          "Parallel Aware": false,
          "Startup Cost": 23238.76,
          "Total Cost": 23239.07,
          "Plan Rows": 3,
          "Plan Width": 8,
          "Actual Startup Time": 47.136,
          "Actual Total Time": 51.264,
          "Actual Rows": 4,
          "Actual Loops": 1,
          "Workers Planned": 3,
          "Workers Launched": 3,
          "Single Copy": false,
          "Plans": [
            {
              "Node Type": "Aggregate",
              "Strategy": "Plain",
              "Partial Mode": "Partial",
              "Parent Relationship": "Outer",
              "Parallel Aware": false,
              "Startup Cost": 22238.76,
              "Total Cost": 22238.77,
              "Plan Rows": 1,
              "Plan Width": 8,
              "Actual Startup Time": 38.144,
              "Actual Total Time": 38.147,
              "Actual Rows": 1,
              "Actual Loops": 4,
              "Plans": [
                {
                  "Node Type": "Bitmap Heap Scan",
                  "Parent Relationship": "Outer",
                  "Parallel Aware": true,
                  "Relation Name": "movie_companies",
                  "Alias": "mc",
                  "Startup Cost": 2819.81,
                  "Total Cost": 22133.94,
                  "Plan Rows": 41930,
                  "Plan Width": 0,
                  "Actual Startup Time": 12.176,
                  "Actual Total Time": 35.05,
                  "Actual Rows": 31463,
                  "Actual Loops": 4,
                  "Recheck Cond": "(company_id > 143338)",
                  "Rows Removed by Index Recheck": 0,
                  "Exact Heap Blocks": 2091,
                  "Lossy Heap Blocks": 0,
                  "Plans": [
                    {
                      "Node Type": "Bitmap Index Scan",
                      "Parent Relationship": "Outer",
                      "Parallel Aware": false,
                      "Index Name": "company_id_movie_companies",
                      "Startup Cost": 0.0,
                      "Total Cost": 2787.31,
                      "Plan Rows": 129984,
                      "Plan Width": 0,
                      "Actual Startup Time": 18.929,
                      "Actual Total Time": 18.93,
                      "Actual Rows": 125853,
                      "Actual Loops": 1,
                      "Index Cond": "(company_id > 143338)"
                    }
                  ]
                }
              ]
            }
          ]
        }
      ]
    },
    "Planning Time": 0.168,
    "Triggers": [],
    "Execution Time": 51.339
  }
]