[
  {
    "Plan": {
      "Node Type": "Aggregate",
      "Strategy": "Plain",
      "Partial Mode": "Simple",
      "Parallel Aware": false,
      "Startup Cost": 6252.07,
      "Total Cost": 6252.08,
      "Plan Rows": 1,
      "Plan Width": 8,
      "Actual Startup Time": 6.143,
      "Actual Total Time": 6.145,
      "Actual Rows": 1,
      "Actual Loops": 1,
      "Plans": [
        {
          "Node Type": "Index Scan",
          "Parent Relationship": "Outer",
          "Parallel Aware": false,
          "Scan Direction": "Forward",
          "Index Name": "company_id_movie_companies",
          "Relation Name": "movie_companies",
          "Alias": "mc",
          "Startup Cost": 0.43,
          "Total Cost": 6248.85,
          "Plan Rows": 1289,
          "Plan Width": 0,
          "Actual Startup Time": 1.77,
          "Actual Total Time": 5.762,
          "Actual Rows": 1809,
          "Actual Loops": 1,
          "Index Cond": "(company_id = 708)",
          "Rows Removed by Index Recheck": 0,
          "Filter": "(company_type_id = 2)",
          "Rows Removed by Filter": 602
        }
      ]
    },
    "Planning Time": 0.222,
    "Triggers": [],
    "Execution Time": 6.199
  }
]