[
  {
    "Plan": {
      "Node Type": "Aggregate",
      "Strategy": "Plain",
      "Partial Mode": "Finalize",
      "Parallel Aware": false,
      "Startup Cost": 270348.6,
      "Total Cost": 270348.61,
      "Plan Rows": 1,
      "Plan Width": 8,
      "Actual Startup Time": 1496.133,
      "Actual Total Time": 1547.854,
      "Actual Rows": 1,
      "Actual Loops": 1,
      "Plans": [
        {
          "Node Type": "Gather",
          "Parent Relationship": "Outer",
          "Parallel Aware": false,
          "Startup Cost": 270348.18,
          "Total Cost": 270348.59,
          "Plan Rows": 4,
          "Plan Width": 8,
          "Actual Startup Time": 1477.949,
          "Actual Total Time": 1547.844,
          "Actual Rows": 5,
          "Actual Loops": 1,
          "Workers Planned": 4,
          "Workers Launched": 4,
          "Single Copy": false,
          "Plans": [
            {
              "Node Type": "Aggregate",
              "Strategy": "Plain",
              "Partial Mode": "Partial",
              "Parent Relationship": "Outer",
              "Parallel Aware": false,
              "Startup Cost": 269348.18,
              "Total Cost": 269348.19,
              "Plan Rows": 1,
              "Plan Width": 8,
              "Actual Startup Time": 1471.851,
              "Actual Total Time": 1471.853,
              "Actual Rows": 1,
              "Actual Loops": 5,
              "Plans": [
                {
                  "Node Type": "Nested Loop",
                  "Parent Relationship": "Outer",
                  "Parallel Aware": false,
                  "Join Type": "Inner",
                  "Startup Cost": 1.0,
                  "Total Cost": 268491.46,
                  "Plan Rows": 342685,
                  "Plan Width": 0,
                  "Actual Startup Time": 58.648,
                  "Actual Total Time": 1364.835,
                  "Actual Rows": 2217350,
                  "Actual Loops": 5,
                  "Inner Unique": false,
                  "Join Filter": "(t.id = ci.movie_id)",
                  "Rows Removed by Join Filter": 0,
                  "Plans": [
                    {
                      "Node Type": "Nested Loop",
                      "Parent Relationship": "Outer",
                      "Parallel Aware": false,
                      "Join Type": "Inner",
                      "Startup Cost": 0.43,
                      "Total Cost": 225955.22,
                      "Plan Rows": 23916,
                      "Plan Width": 8,
                      "Actual Startup Time": 58.559,
                      "Actual Total Time": 154.245,
                      "Actual Rows": 33340,
                      "Actual Loops": 5,
                      "Inner Unique": false,
                      "Plans": [
                        {
                          "Node Type": "Seq Scan",
                          "Parent Relationship": "Outer",
                          "Parallel Aware": true,
                          "Relation Name": "title",
                          "Alias": "t",
                          "Startup Cost": 0.0,
                          "Total Cost": 45479.1,
                          "Plan Rows": 4090,
                          "Plan Width": 4,
                          "Actual Startup Time": 58.446,
                          "Actual Total Time": 81.573,
                          "Actual Rows": 1941,
                          "Actual Loops": 5,
                          "Filter": "((kind_id = 1) AND (production_year = 2002))",
                          "Rows Removed by Filter": 503722
                        },
                        {
                          "Node Type": "Index Only Scan",
                          "Parent Relationship": "Inner",
                          "Parallel Aware": false,
                          "Scan Direction": "Forward",
                          "Index Name": "movie_id_movie_info",
                          "Relation Name": "movie_info",
                          "Alias": "mi",
                          "Startup Cost": 0.43,
                          "Total Cost": 43.71,
                          "Plan Rows": 42,
                          "Plan Width": 4,
                          "Actual Startup Time": 0.011,
                          "Actual Total Time": 0.035,
                          "Actual Rows": 17,
                          "Actual Loops": 9704,
                          "Index Cond": "(movie_id = t.id)",
                          "Rows Removed by Index Recheck": 0,
                          "Heap Fetches": 166700
                        }
                      ]
                    },
                    {
                      "Node Type": "Index Only Scan",
                      "Parent Relationship": "Inner",
                      "Parallel Aware": false,
                      "Scan Direction": "Forward",
                      "Index Name": "movie_id_cast_info",
                      "Relation Name": "cast_info",
                      "Alias": "ci",
                      "Startup Cost": 0.56,
                      "Total Cost": 1.32,
                      "Plan Rows": 37,
                      "Plan Width": 4,
                      "Actual Startup Time": 0.004,
                      "Actual Total Time": 0.03,
                      "Actual Rows": 67,
                      "Actual Loops": 166700,
                      "Index Cond": "(movie_id = mi.movie_id)",
                      "Rows Removed by Index Recheck": 0,
                      "Heap Fetches": 11086752
                    }
                  ]
                }
              ]
            }
          ]
        }
      ]
    },
    "Planning Time": 1.285,
    "Triggers": [],
    "Execution Time": 1547.987
  }
]