{
  "Plan": {
    "Node Type": "Aggregate",
    "Strategy": "Plain",
    "Partial Mode": "Finalize",
    "Parallel Aware": false,
    "Startup Cost": 391757.8,
    "Total Cost": 391757.81,
    "Plan Rows": 1,
    "Plan Width": 8,
    "Actual Startup Time": 5731.785,
    "Actual Total Time": 5799.194,
    "Actual Rows": 1,
    "Actual Loops": 1,
    "Plans": [
      {
        "Node Type": "Gather",
        "Parent Relationship": "Outer",
        "Parallel Aware": false,
        "Startup Cost": 391757.69,
        "Total Cost": 391757.8,
        "Plan Rows": 1,
        "Plan Width": 8,
        "Actual Startup Time": 5730.636,
        "Actual Total Time": 5799.185,
        "Actual Rows": 2,
        "Actual Loops": 1,
        "Workers Planned": 1,
        "Workers Launched": 1,
        "Single Copy": false,
        "Plans": [
          {
            "Node Type": "Aggregate",
            "Strategy": "Plain",
            "Partial Mode": "Partial",
            "Parent Relationship": "Outer",
            "Parallel Aware": false,
            "Startup Cost": 390757.69,
            "Total Cost": 390757.7,
            "Plan Rows": 1,
            "Plan Width": 8,
            "Actual Startup Time": 5724.611,
            "Actual Total Time": 5724.615,
            "Actual Rows": 1,
            "Actual Loops": 2,
            "Plans": [
              {
                "Node Type": "Nested Loop",
                "Parent Relationship": "Outer",
                "Parallel Aware": false,
                "Join Type": "Inner",
                "Startup Cost": 21472.43,
                "Total Cost": 390023.34,
                "Plan Rows": 293739,
                "Plan Width": 0,
                "Actual Startup Time": 119.778,
                "Actual Total Time": 5683.45,
                "Actual Rows": 823595,
                "Actual Loops": 2,
                "Inner Unique": false,
                "Plans": [
                  {
                    "Node Type": "Hash Join",
                    "Parent Relationship": "Outer",
                    "Parallel Aware": true,
                    "Join Type": "Inner",
                    "Startup Cost": 21471.87,
                    "Total Cost": 79601.71,
                    "Plan Rows": 106332,
                    "Plan Width": 8,
                    "Actual Startup Time": 119.682,
                    "Actual Total Time": 512.748,
                    "Actual Rows": 159140,
                    "Actual Loops": 2,
                    "Inner Unique": false,
                    "Hash Cond": "(t.id = mi_idx.movie_id)",
                    "Plans": [
                      {
                        "Node Type": "Seq Scan",
                        "Parent Relationship": "Outer",
                        "Parallel Aware": true,
                        "Relation Name": "title",
                        "Alias": "t",
                        "Startup Cost": 0.0,
                        "Total Cost": 54588.39,
                        "Plan Rows": 583193,
                        "Plan Width": 4,
                        "Actual Startup Time": 0.01,
                        "Actual Total Time": 132.739,
                        "Actual Rows": 492524,
                        "Actual Loops": 2,
                        "Filter": "(kind_id < 7)",
                        "Rows Removed by Filter": 771632
                      },
                      {
                        "Node Type": "Hash",
                        "Parent Relationship": "Inner",
                        "Parallel Aware": true,
                        "Startup Cost": 18082.32,
                        "Total Cost": 18082.32,
                        "Plan Rows": 271164,
                        "Plan Width": 4,
                        "Actual Startup Time": 114.3,
                        "Actual Total Time": 114.301,
                        "Actual Rows": 230092,
                        "Actual Loops": 2,
                        "Hash Buckets": 524288,
                        "Original Hash Buckets": 524288,
                        "Hash Batches": 1,
                        "Original Hash Batches": 1,
                        "Peak Memory Usage": 22112,
                        "Plans": [
                          {
                            "Node Type": "Seq Scan",
                            "Parent Relationship": "Outer",
                            "Parallel Aware": true,
                            "Relation Name": "movie_info_idx",
                            "Alias": "mi_idx",
                            "Startup Cost": 0.0,
                            "Total Cost": 18082.32,
                            "Plan Rows": 271164,
                            "Plan Width": 4,
                            "Actual Startup Time": 0.059,
                            "Actual Total Time": 65.559,
                            "Actual Rows": 230092,
                            "Actual Loops": 2,
                            "Filter": "(info_type_id > 100)",
                            "Rows Removed by Filter": 459925
                          }
                        ]
                      }
                    ]
                  },
                  {
                    "Node Type": "Index Scan",
                    "Parent Relationship": "Inner",
                    "Parallel Aware": false,
                    "Scan Direction": "Forward",
                    "Index Name": "movie_id_cast_info",
                    "Relation Name": "cast_info",
                    "Alias": "ci",
                    "Startup Cost": 0.56,
                    "Total Cost": 2.85,
                    "Plan Rows": 7,
                    "Plan Width": 4,
                    "Actual Startup Time": 0.024,
                    "Actual Total Time": 0.032,
                    "Actual Rows": 5,
                    "Actual Loops": 318279,
                    "Index Cond": "(movie_id = t.id)",
                    "Rows Removed by Index Recheck": 0,
                    "Filter": "(person_id > 2978915)",
                    "Rows Removed by Filter": 22
                  }
                ]
              }
            ]
          }
        ]
      }
    ]
  },
  "Planning Time": 1.075,
  "Triggers": [],
  "Execution Time": 5799.303
}