[
  {
    "Plan": {
      "Node Type": "Aggregate",
      "Strategy": "Plain",
      "Partial Mode": "Finalize",
      "Parallel Aware": false,
      "Startup Cost": 46163.46,
      "Total Cost": 46163.47,
      "Plan Rows": 1,
      "Plan Width": 8,
      "Actual Startup Time": 164.383,
      "Actual Total Time": 175.106,
      "Actual Rows": 1,
      "Actual Loops": 1,
      "Plans": [
        {
          "Node Type": "Gather",
          "Parent Relationship": "Outer",
          "Parallel Aware": false,
          "Startup Cost": 46163.14,
          "Total Cost": 46163.45,
          "Plan Rows": 3,
          "Plan Width": 8,
          "Actual Startup Time": 164.244,
          "Actual Total Time": 175.096,
          "Actual Rows": 4,
          "Actual Loops": 1,
          "Workers Planned": 3,
          "Workers Launched": 3,
          "Single Copy": false,
          "Plans": [
            {
              "Node Type": "Aggregate",
              "Strategy": "Plain",
              "Partial Mode": "Partial",
              "Parent Relationship": "Outer",
              "Parallel Aware": false,
              "Startup Cost": 45163.14,
              "Total Cost": 45163.15,
              "Plan Rows": 1,
              "Plan Width": 8,
              "Actual Startup Time": 159.648,
              "Actual Total Time": 159.649,
              "Actual Rows": 1,
              "Actual Loops": 4,
              "Plans": [
                {
                  "Node Type": "Seq Scan",
                  "Parent Relationship": "Outer",
                  "Parallel Aware": true,
                  "Relation Name": "movie_keyword",
                  "Alias": "mk",
                  "Startup Cost": 0.0,
                  "Total Cost": 42695.65,
                  "Plan Rows": 986996,
                  "Plan Width": 0,
                  "Actual Startup Time": 0.27,
                  "Actual Total Time": 124.302,
                  "Actual Rows": 760868,
                  "Actual Loops": 4,
                  "Filter": "(keyword_id > 2109)",
                  "Rows Removed by Filter": 370115
                }
              ]
            }
          ]
        }
      ]
    },
    "Planning Time": 0.136,
    "Triggers": [],
    "Execution Time": 175.341
  }
]