{
  "Plan": {
    "Node Type": "Aggregate",
    "Strategy": "Plain",
    "Partial Mode": "Finalize",
    "Parallel Aware": false,
    "Startup Cost": 206500.01,
    "Total Cost": 206500.02,
    "Plan Rows": 1,
    "Plan Width": 8,
    "Actual Startup Time": 665.88,
    "Actual Total Time": 682.644,
    "Actual Rows": 1,
    "Actual Loops": 1,
    "Plans": [
      {
        "Node Type": "Gather",
        "Parent Relationship": "Outer",
        "Parallel Aware": false,
        "Startup Cost": 206499.9,
        "Total Cost": 206500.01,
        "Plan Rows": 1,
        "Plan Width": 8,
        "Actual Startup Time": 665.812,
        "Actual Total Time": 682.638,
        "Actual Rows": 2,
        "Actual Loops": 1,
        "Workers Planned": 1,
        "Workers Launched": 1,
        "Single Copy": false,
        "Plans": [
          {
            "Node Type": "Aggregate",
            "Strategy": "Plain",
            "Partial Mode": "Partial",
            "Parent Relationship": "Outer",
            "Parallel Aware": false,
            "Startup Cost": 205499.9,
            "Total Cost": 205499.91,
            "Plan Rows": 1,
            "Plan Width": 8,
            "Actual Startup Time": 660.02,
            "Actual Total Time": 660.023,
            "Actual Rows": 1,
            "Actual Loops": 2,
            "Plans": [
              {
                "Node Type": "Hash Join",
                "Parent Relationship": "Outer",
                "Parallel Aware": true,
                "Join Type": "Inner",
                "Startup Cost": 58418.81,
                "Total Cost": 205464.69,
                "Plan Rows": 14086,
                "Plan Width": 0,
                "Actual Startup Time": 134.566,
                "Actual Total Time": 658.921,
                "Actual Rows": 16736,
                "Actual Loops": 2,
                "Inner Unique": true,
                "Hash Cond": "(ci.movie_id = t.id)",
                "Plans": [
                  {
                    "Node Type": "Index Scan",
                    "Parent Relationship": "Outer",
                    "Parallel Aware": true,
                    "Scan Direction": "Forward",
                    "Index Name": "role_id_cast_info",
                    "Relation Name": "cast_info",
                    "Alias": "ci",
                    "Startup Cost": 0.56,
                    "Total Cost": 140896.75,
                    "Plan Rows": 2342734,
                    "Plan Width": 4,
                    "Actual Startup Time": 0.104,
                    "Actual Total Time": 337.728,
                    "Actual Rows": 2093564,
                    "Actual Loops": 2,
                    "Index Cond": "(role_id = 10)",
                    "Rows Removed by Index Recheck": 0,
                    "Filter": "(person_id > 328174)",
                    "Rows Removed by Filter": 67946
                  },
                  {
                    "Node Type": "Hash",
                    "Parent Relationship": "Inner",
                    "Parallel Aware": true,
                    "Startup Cost": 58306.47,
                    "Total Cost": 58306.47,
                    "Plan Rows": 8942,
                    "Plan Width": 4,
                    "Actual Startup Time": 133.384,
                    "Actual Total Time": 133.385,
                    "Actual Rows": 6484,
                    "Actual Loops": 2,
                    "Hash Buckets": 16384,
                    "Original Hash Buckets": 16384,
                    "Hash Batches": 1,
                    "Original Hash Batches": 1,
                    "Peak Memory Usage": 640,
                    "Plans": [
                      {
                        "Node Type": "Seq Scan",
                        "Parent Relationship": "Outer",
                        "Parallel Aware": true,
                        "Relation Name": "title",
                        "Alias": "t",
                        "Startup Cost": 0.0,
                        "Total Cost": 58306.47,
                        "Plan Rows": 8942,
                        "Plan Width": 4,
                        "Actual Startup Time": 0.36,
                        "Actual Total Time": 131.369,
                        "Actual Rows": 6484,
                        "Actual Loops": 2,
                        "Filter": "((kind_id < 7) AND (production_year = 1997))",
                        "Rows Removed by Filter": 1257672
                      }
                    ]
                  }
                ]
              }
            ]
          }
        ]
      }
    ]
  },
  "Planning Time": 0.532,
  "Triggers": [],
  "Execution Time": 682.722
}