[
  {
    "Plan": {
      "Node Type": "Aggregate",
      "Strategy": "Plain",
      "Partial Mode": "Finalize",
      "Parallel Aware": false,
      "Startup Cost": 349641.73,
      "Total Cost": 349641.74,
      "Plan Rows": 1,
      "Plan Width": 8,
      "Actual Startup Time": 665.246,
      "Actual Total Time": 719.639,
      "Actual Rows": 1,
      "Actual Loops": 1,
      "Plans": [
        {
          "Node Type": "Gather",
          "Parent Relationship": "Outer",
          "Parallel Aware": false,
          "Startup Cost": 349641.1,
          "Total Cost": 349641.71,
          "Plan Rows": 6,
          "Plan Width": 8,
          "Actual Startup Time": 665.11,
          "Actual Total Time": 719.627,
          "Actual Rows": 7,
          "Actual Loops": 1,
          "Workers Planned": 6,
          "Workers Launched": 6,
          "Single Copy": false,
          "Plans": [
            {
              "Node Type": "Aggregate",
              "Strategy": "Plain",
              "Partial Mode": "Partial",
              "Parent Relationship": "Outer",
              "Parallel Aware": false,
              "Startup Cost": 348641.1,
              "Total Cost": 348641.11,
              "Plan Rows": 1,
              "Plan Width": 8,
              "Actual Startup Time": 656.28,
              "Actual Total Time": 656.282,
              "Actual Rows": 1,
              "Actual Loops": 7,
              "Plans": [
                {
                  "Node Type": "Seq Scan",
                  "Parent Relationship": "Outer",
                  "Parallel Aware": true,
                  "Relation Name": "cast_info",
                  "Alias": "ci",
                  "Startup Cost": 0.0,
                  "Total Cost": 343257.03,
                  "Plan Rows": 2153630,
                  "Plan Width": 0,
                  "Actual Startup Time": 221.489,
                  "Actual Total Time": 613.625,
                  "Actual Rows": 1014464,
                  "Actual Loops": 7,
                  "Filter": "((person_id < 1982710) AND (role_id > 1))",
                  "Rows Removed by Filter": 4163299
                }
              ]
            }
          ]
        }
      ]
    },
    "Planning Time": 0.22,
    "Triggers": [],
    "Execution Time": 719.712
  }
]