[
  {
    "Plan": {
      "Node Type": "Aggregate",
      "Strategy": "Plain",
      "Partial Mode": "Finalize",
      "Parallel Aware": false,
      "Startup Cost": 353286.09,
      "Total Cost": 353286.1,
      "Plan Rows": 1,
      "Plan Width": 8,
      "Actual Startup Time": 879.244,
      "Actual Total Time": 946.266,
      "Actual Rows": 1,
      "Actual Loops": 1,
      "Plans": [
        {
          "Node Type": "Gather",
          "Parent Relationship": "Outer",
          "Parallel Aware": false,
          "Startup Cost": 353285.46,
          "Total Cost": 353286.07,
          "Plan Rows": 6,
          "Plan Width": 8,
          "Actual Startup Time": 879.103,
          "Actual Total Time": 946.254,
          "Actual Rows": 7,
          "Actual Loops": 1,
          "Workers Planned": 6,
          "Workers Launched": 6,
          "Single Copy": false,
          "Plans": [
            {
              "Node Type": "Aggregate",
              "Strategy": "Plain",
              "Partial Mode": "Partial",
              "Parent Relationship": "Outer",
              "Parallel Aware": false,
              "Startup Cost": 352285.46,
              "Total Cost": 352285.47,
              "Plan Rows": 1,
              "Plan Width": 8,
              "Actual Startup Time": 869.976,
              "Actual Total Time": 869.977,
              "Actual Rows": 1,
              "Actual Loops": 7,
              "Plans": [
                {
                  "Node Type": "Seq Scan",
                  "Parent Relationship": "Outer",
                  "Parallel Aware": true,
                  "Relation Name": "cast_info",
                  "Alias": "ci",
                  "Startup Cost": 0.0,
                  "Total Cost": 343257.03,
                  "Plan Rows": 3611374,
                  "Plan Width": 0,
                  "Actual Startup Time": 0.051,
                  "Actual Total Time": 715.555,
                  "Actual Rows": 3637926,
                  "Actual Loops": 7,
                  "Filter": "((person_id < 2989743) AND (role_id < 5))",
                  "Rows Removed by Filter": 1539838
                }
              ]
            }
          ]
        }
      ]
    },
    "Planning Time": 0.225,
    "Triggers": [],
    "Execution Time": 946.343
  }
]