[
  {
    "Plan": {
      "Node Type": "Aggregate",
      "Strategy": "Plain",
      "Partial Mode": "Finalize",
      "Parallel Aware": false,
      "Startup Cost": 72675.8,
      "Total Cost": 72675.81,
      "Plan Rows": 1,
      "Plan Width": 8,
      "Actual Startup Time": 378.292,
      "Actual Total Time": 396.164,
      "Actual Rows": 1,
      "Actual Loops": 1,
      "Plans": [
        {
          "Node Type": "Gather",
          "Parent Relationship": "Outer",
          "Parallel Aware": false,
          "Startup Cost": 72675.48,
          "Total Cost": 72675.79,
          "Plan Rows": 3,
          "Plan Width": 8,
          "Actual Startup Time": 368.667,
          "Actual Total Time": 396.156,
          "Actual Rows": 4,
          "Actual Loops": 1,
          "Workers Planned": 3,
          "Workers Launched": 3,
          "Single Copy": false,
          "Plans": [
            {
              "Node Type": "Aggregate",
              "Strategy": "Plain",
              "Partial Mode": "Partial",
              "Parent Relationship": "Outer",
              "Parallel Aware": false,
              "Startup Cost": 71675.48,
              "Total Cost": 71675.49,
              "Plan Rows": 1,
              "Plan Width": 8,
              "Actual Startup Time": 355.628,
              "Actual Total Time": 355.632,
              "Actual Rows": 1,
              "Actual Loops": 4,
              "Plans": [
                {
                  "Node Type": "Hash Join",
                  "Parent Relationship": "Outer",
                  "Parallel Aware": true,
                  "Join Type": "Inner",
                  "Startup Cost": 52331.69,
                  "Total Cost": 71596.93,
                  "Plan Rows": 31421,
                  "Plan Width": 0,
                  "Actual Startup Time": 335.16,
                  "Actual Total Time": 354.57,
                  "Actual Rows": 24257,
                  "Actual Loops": 4,
                  "Inner Unique": true,
                  "Hash Cond": "(mc.movie_id = t.id)",
                  "Plans": [
                    {
                      "Node Type": "Bitmap Heap Scan",
                      "Parent Relationship": "Outer",
                      "Parallel Aware": true,
                      "Relation Name": "movie_companies",
                      "Alias": "mc",
                      "Startup Cost": 2111.31,
                      "Total Cost": 21294.07,
                      "Plan Rows": 31421,
                      "Plan Width": 4,
                      "Actual Startup Time": 4.934,
                      "Actual Total Time": 13.192,
                      "Actual Rows": 24257,
                      "Actual Loops": 4,
                      "Recheck Cond": "(company_id > 159336)",
                      "Rows Removed by Index Recheck": 0,
                      "Exact Heap Blocks": 879,
                      "Lossy Heap Blocks": 0,
                      "Plans": [
                        {
                          "Node Type": "Bitmap Index Scan",
                          "Parent Relationship": "Outer",
                          "Parallel Aware": false,
                          "Index Name": "company_id_movie_companies",
                          "Startup Cost": 0.0,
                          "Total Cost": 2086.96,
                          "Plan Rows": 97404,
                          "Plan Width": 0,
                          "Actual Startup Time": 4.489,
                          "Actual Total Time": 4.489,
                          "Actual Rows": 97027,
                          "Actual Loops": 1,
                          "Index Cond": "(company_id > 159336)"
                        }
                      ]
                    },
                    {
                      "Node Type": "Hash",
                      "Parent Relationship": "Inner",
                      "Parallel Aware": true,
                      "Startup Cost": 42319.06,
                      "Total Cost": 42319.06,
                      "Plan Rows": 632106,
                      "Plan Width": 4,
                      "Actual Startup Time": 321.237,
                      "Actual Total Time": 321.239,
                      "Actual Rows": 632078,
                      "Actual Loops": 4,
                      "Hash Buckets": 4194304,
                      "Original Hash Buckets": 4194304,
                      "Hash Batches": 1,
                      "Original Hash Batches": 1,
                      "Peak Memory Usage": 131744,
                      "Plans": [
                        {
                          "Node Type": "Seq Scan",
                          "Parent Relationship": "Outer",
                          "Parallel Aware": true,
                          "Relation Name": "title",
                          "Alias": "t",
                          "Startup Cost": 0.0,
                          "Total Cost": 42319.06,
                          "Plan Rows": 632106,
                          "Plan Width": 4,
                          "Actual Startup Time": 0.044,
                          "Actual Total Time": 95.837,
                          "Actual Rows": 632078,
                          "Actual Loops": 4
                        }
                      ]
                    }
                  ]
                }
              ]
            }
          ]
        }
      ]
    },
    "Planning Time": 0.695,
    "Triggers": [],
    "Execution Time": 396.249
  }
]