[
  {
    "Plan": {
      "Node Type": "Aggregate",
      "Strategy": "Plain",
      "Partial Mode": "Finalize",
      "Parallel Aware": false,
      "Startup Cost": 46721.36,
      "Total Cost": 46721.37,
      "Plan Rows": 1,
      "Plan Width": 8,
      "Actual Startup Time": 129.13,
      "Actual Total Time": 147.5,
      "Actual Rows": 1,
      "Actual Loops": 1,
      "Plans": [
        {
          "Node Type": "Gather",
          "Parent Relationship": "Outer",
          "Parallel Aware": false,
          "Startup Cost": 46720.94,
          "Total Cost": 46721.35,
          "Plan Rows": 4,
          "Plan Width": 8,
          "Actual Startup Time": 128.775,
          "Actual Total Time": 147.487,
          "Actual Rows": 5,
          "Actual Loops": 1,
          "Workers Planned": 4,
          "Workers Launched": 4,
          "Single Copy": false,
          "Plans": [
            {
              "Node Type": "Aggregate",
              "Strategy": "Plain",
              "Partial Mode": "Partial",
              "Parent Relationship": "Outer",
              "Parallel Aware": false,
              "Startup Cost": 45720.94,
              "Total Cost": 45720.95,
              "Plan Rows": 1,
              "Plan Width": 8,
              "Actual Startup Time": 120.507,
              "Actual Total Time": 120.509,
              "Actual Rows": 1,
              "Actual Loops": 5,
              "Plans": [
                {
                  "Node Type": "Seq Scan",
                  "Parent Relationship": "Outer",
                  "Parallel Aware": true,
                  "Relation Name": "title",
                  "Alias": "t",
                  "Startup Cost": 0.0,
                  "Total Cost": 45479.59,
                  "Plan Rows": 96542,
                  "Plan Width": 0,
                  "Actual Startup Time": 0.05,
                  "Actual Total Time": 116.063,
                  "Actual Rows": 51960,
                  "Actual Loops": 5,
                  "Filter": "((kind_id > 1) AND (production_year < 1982))",
                  "Rows Removed by Filter": 453703
                }
              ]
            }
          ]
        }
      ]
    },
    "Planning Time": 0.215,
    "Triggers": [],
    "Execution Time": 147.563
  }
]