[
  {
    "Plan": {
      "Node Type": "Aggregate",
      "Strategy": "Plain",
      "Partial Mode": "Finalize",
      "Parallel Aware": false,
      "Startup Cost": 46722.12,
      "Total Cost": 46722.13,
      "Plan Rows": 1,
      "Plan Width": 8,
      "Actual Startup Time": 95.691,
      "Actual Total Time": 106.754,
      "Actual Rows": 1,
      "Actual Loops": 1,
      "Plans": [
        {
          "Node Type": "Gather",
          "Parent Relationship": "Outer",
          "Parallel Aware": false,
          "Startup Cost": 46721.7,
          "Total Cost": 46722.11,
          "Plan Rows": 4,
          "Plan Width": 8,
          "Actual Startup Time": 95.474,
          "Actual Total Time": 106.745,
          "Actual Rows": 5,
          "Actual Loops": 1,
          "Workers Planned": 4,
          "Workers Launched": 4,
          "Single Copy": false,
          "Plans": [
            {
              "Node Type": "Aggregate",
              "Strategy": "Plain",
              "Partial Mode": "Partial",
              "Parent Relationship": "Outer",
              "Parallel Aware": false,
              "Startup Cost": 45721.7,
              "Total Cost": 45721.71,
              "Plan Rows": 1,
              "Plan Width": 8,
              "Actual Startup Time": 89.474,
              "Actual Total Time": 89.475,
              "Actual Rows": 1,
              "Actual Loops": 5,
              "Plans": [
                {
                  "Node Type": "Seq Scan",
                  "Parent Relationship": "Outer",
                  "Parallel Aware": true,
                  "Relation Name": "title",
                  "Alias": "t",
                  "Startup Cost": 0.0,
                  "Total Cost": 45479.1,
                  "Plan Rows": 97041,
                  "Plan Width": 0,
                  "Actual Startup Time": 0.038,
                  "Actual Total Time": 86.106,
                  "Actual Rows": 51960,
                  "Actual Loops": 5,
                  "Filter": "((kind_id > 1) AND (production_year < 1982))",
                  "Rows Removed by Filter": 453703
                }
              ]
            }
          ]
        }
      ]
    },
    "Planning Time": 0.123,
    "Triggers": [],
    "Execution Time": 106.797
  }
]