[
  {
    "Plan": {
      "Node Type": "Aggregate",
      "Strategy": "Plain",
      "Partial Mode": "Finalize",
      "Parallel Aware": false,
      "Startup Cost": 44967.7,
      "Total Cost": 44967.71,
      "Plan Rows": 1,
      "Plan Width": 8,
      "Actual Startup Time": 127.208,
      "Actual Total Time": 136.058,
      "Actual Rows": 1,
      "Actual Loops": 1,
      "Plans": [
        {
          "Node Type": "Gather",
          "Parent Relationship": "Outer",
          "Parallel Aware": false,
          "Startup Cost": 44967.38,
          "Total Cost": 44967.69,
          "Plan Rows": 3,
          "Plan Width": 8,
          "Actual Startup Time": 127.062,
          "Actual Total Time": 136.047,
          "Actual Rows": 4,
          "Actual Loops": 1,
          "Workers Planned": 3,
          "Workers Launched": 3,
          "Single Copy": false,
          "Plans": [
            {
              "Node Type": "Aggregate",
              "Strategy": "Plain",
              "Partial Mode": "Partial",
              "Parent Relationship": "Outer",
              "Parallel Aware": false,
              "Startup Cost": 43967.38,
              "Total Cost": 43967.39,
              "Plan Rows": 1,
              "Plan Width": 8,
              "Actual Startup Time": 123.699,
              "Actual Total Time": 123.7,
              "Actual Rows": 1,
              "Actual Loops": 4,
              "Plans": [
                {
                  "Node Type": "Seq Scan",
                  "Parent Relationship": "Outer",
                  "Parallel Aware": true,
                  "Relation Name": "movie_keyword",
                  "Alias": "mk",
                  "Startup Cost": 0.0,
                  "Total Cost": 42695.65,
                  "Plan Rows": 508690,
                  "Plan Width": 0,
                  "Actual Startup Time": 0.025,
                  "Actual Total Time": 104.449,
                  "Actual Rows": 394272,
                  "Actual Loops": 4,
                  "Filter": "(keyword_id < 2388)",
                  "Rows Removed by Filter": 736710
                }
              ]
            }
          ]
        }
      ]
    },
    "Planning Time": 0.086,
    "Triggers": [],
    "Execution Time": 136.091
  }
]