[
  {
    "Plan": {
      "Node Type": "Aggregate",
      "Strategy": "Plain",
      "Partial Mode": "Finalize",
      "Parallel Aware": false,
      "Startup Cost": 46317.54,
      "Total Cost": 46317.55,
      "Plan Rows": 1,
      "Plan Width": 8,
      "Actual Startup Time": 119.916,
      "Actual Total Time": 133.432,
      "Actual Rows": 1,
      "Actual Loops": 1,
      "Plans": [
        {
          "Node Type": "Gather",
          "Parent Relationship": "Outer",
          "Parallel Aware": false,
          "Startup Cost": 46317.12,
          "Total Cost": 46317.53,
          "Plan Rows": 4,
          "Plan Width": 8,
          "Actual Startup Time": 119.687,
          "Actual Total Time": 133.424,
          "Actual Rows": 5,
          "Actual Loops": 1,
          "Workers Planned": 4,
          "Workers Launched": 4,
          "Single Copy": false,
          "Plans": [
            {
              "Node Type": "Aggregate",
              "Strategy": "Plain",
              "Partial Mode": "Partial",
              "Parent Relationship": "Outer",
              "Parallel Aware": false,
              "Startup Cost": 45317.12,
              "Total Cost": 45317.13,
              "Plan Rows": 1,
              "Plan Width": 8,
              "Actual Startup Time": 113.699,
              "Actual Total Time": 113.7,
              "Actual Rows": 1,
              "Actual Loops": 5,
              "Plans": [
                {
                  "Node Type": "Seq Scan",
                  "Parent Relationship": "Outer",
                  "Parallel Aware": true,
                  "Relation Name": "title",
                  "Alias": "t",
                  "Startup Cost": 0.0,
                  "Total Cost": 43898.92,
                  "Plan Rows": 567282,
                  "Plan Width": 0,
                  "Actual Startup Time": 0.029,
                  "Actual Total Time": 91.492,
                  "Actual Rows": 452246,
                  "Actual Loops": 5,
                  "Filter": "(production_year > 1954)",
                  "Rows Removed by Filter": 53417
                }
              ]
            }
          ]
        }
      ]
    },
    "Planning Time": 0.148,
    "Triggers": [],
    "Execution Time": 133.489
  }
]