[
    {
        "Bao": {
            "Bao prediction": "NaN",
            "Bao recommended hint": "(no hint)"
        }
    },
    {
        "Plan": {
            "Node Type": "Aggregate",
            "Strategy": "Plain",
            "Partial Mode": "Finalize",
            "Parallel Aware": false,
            "Startup Cost": 82742.78,
            "Total Cost": 82742.79,
            "Plan Rows": 1,
            "Plan Width": 8,
            "Actual Startup Time": 176.864,
            "Actual Total Time": 191.861,
            "Actual Rows": 1,
            "Actual Loops": 1,
            "Output": [
                "count(*)"
            ],
            "Plans": [
                {
                    "Node Type": "Gather",
                    "Parent Relationship": "Outer",
                    "Parallel Aware": false,
                    "Startup Cost": 82742.46,
                    "Total Cost": 82742.77,
                    "Plan Rows": 3,
                    "Plan Width": 8,
                    "Actual Startup Time": 176.48,
                    "Actual Total Time": 191.854,
                    "Actual Rows": 4,
                    "Actual Loops": 1,
                    "Output": [
                        "(PARTIAL count(*))"
                    ],
                    "Workers Planned": 3,
                    "Workers Launched": 3,
                    "Single Copy": false,
                    "Plans": [
                        {
                            "Node Type": "Aggregate",
                            "Strategy": "Plain",
                            "Partial Mode": "Partial",
                            "Parent Relationship": "Outer",
                            "Parallel Aware": false,
                            "Startup Cost": 81742.46,
                            "Total Cost": 81742.47,
                            "Plan Rows": 1,
                            "Plan Width": 8,
                            "Actual Startup Time": 167.435,
                            "Actual Total Time": 167.439,
                            "Actual Rows": 1,
                            "Actual Loops": 4,
                            "Output": [
                                "PARTIAL count(*)"
                            ],
                            "Workers": [
                                {
                                    "Worker Number": 0,
                                    "Actual Startup Time": 164.204,
                                    "Actual Total Time": 164.207,
                                    "Actual Rows": 1,
                                    "Actual Loops": 1
                                },
                                {
                                    "Worker Number": 1,
                                    "Actual Startup Time": 164.365,
                                    "Actual Total Time": 164.368,
                                    "Actual Rows": 1,
                                    "Actual Loops": 1
                                },
                                {
                                    "Worker Number": 2,
                                    "Actual Startup Time": 164.993,
                                    "Actual Total Time": 164.995,
                                    "Actual Rows": 1,
                                    "Actual Loops": 1
                                }
                            ],
                            "Plans": [
                                {
                                    "Node Type": "Nested Loop",
                                    "Parent Relationship": "Outer",
                                    "Parallel Aware": false,
                                    "Join Type": "Inner",
                                    "Startup Cost": 50166.82,
                                    "Total Cost": 81741.06,
                                    "Plan Rows": 559,
                                    "Plan Width": 0,
                                    "Actual Startup Time": 113.22,
                                    "Actual Total Time": 167.345,
                                    "Actual Rows": 779,
                                    "Actual Loops": 4,
                                    "Inner Unique": false,
                                    "Join Filter": "(t.id = mi.movie_id)",
                                    "Rows Removed by Join Filter": 0,
                                    "Workers": [
                                        {
                                            "Worker Number": 0,
                                            "Actual Startup Time": 110.03,
                                            "Actual Total Time": 164.128,
                                            "Actual Rows": 623,
                                            "Actual Loops": 1
                                        },
                                        {
                                            "Worker Number": 1,
                                            "Actual Startup Time": 110.275,
                                            "Actual Total Time": 164.274,
                                            "Actual Rows": 592,
                                            "Actual Loops": 1
                                        },
                                        {
                                            "Worker Number": 2,
                                            "Actual Startup Time": 110.695,
                                            "Actual Total Time": 164.919,
                                            "Actual Rows": 543,
                                            "Actual Loops": 1
                                        }
                                    ],
                                    "Plans": [
                                        {
                                            "Node Type": "Hash Join",
                                            "Parent Relationship": "Outer",
                                            "Parallel Aware": true,
                                            "Join Type": "Inner",
                                            "Startup Cost": 50166.38,
                                            "Total Cost": 75667.5,
                                            "Plan Rows": 1152,
                                            "Plan Width": 8,
                                            "Actual Startup Time": 113.15,
                                            "Actual Total Time": 143.282,
                                            "Actual Rows": 578,
                                            "Actual Loops": 4,
                                            "Output": [
                                                "t.id",
                                                "mk.movie_id"
                                            ],
                                            "Inner Unique": true,
                                            "Hash Cond": "(mk.movie_id = t.id)",
                                            "Workers": [
                                                {
                                                    "Worker Number": 0,
                                                    "Actual Startup Time": 109.96,
                                                    "Actual Total Time": 138.45,
                                                    "Actual Rows": 430,
                                                    "Actual Loops": 1
                                                },
                                                {
                                                    "Worker Number": 1,
                                                    "Actual Startup Time": 110.186,
                                                    "Actual Total Time": 137.597,
                                                    "Actual Rows": 466,
                                                    "Actual Loops": 1
                                                },
                                                {
                                                    "Worker Number": 2,
                                                    "Actual Startup Time": 110.598,
                                                    "Actual Total Time": 138.806,
                                                    "Actual Rows": 426,
                                                    "Actual Loops": 1
                                                }
                                            ],
                                            "Plans": [
                                                {
                                                    "Node Type": "Bitmap Heap Scan",
                                                    "Parent Relationship": "Outer",
                                                    "Parallel Aware": true,
                                                    "Relation Name": "movie_keyword",
                                                    "Schema": "public",
                                                    "Alias": "mk",
                                                    "Startup Cost": 4555.7,
                                                    "Total Cost": 29875.08,
                                                    "Plan Rows": 69231,
                                                    "Plan Width": 4,
                                                    "Actual Startup Time": 16.939,
                                                    "Actual Total Time": 50.804,
                                                    "Actual Rows": 53004,
                                                    "Actual Loops": 4,
                                                    "Output": [
                                                        "mk.id",
                                                        "mk.movie_id",
                                                        "mk.keyword_id"
                                                    ],
                                                    "Recheck Cond": "(mk.keyword_id < 141)",
                                                    "Rows Removed by Index Recheck": 0,
                                                    "Exact Heap Blocks": 10133,
                                                    "Lossy Heap Blocks": 0,
                                                    "Workers": [
                                                        {
                                                            "Worker Number": 0,
                                                            "Actual Startup Time": 16.915,
                                                            "Actual Total Time": 50.106,
                                                            "Actual Rows": 40901,
                                                            "Actual Loops": 1
                                                        },
                                                        {
                                                            "Worker Number": 1,
                                                            "Actual Startup Time": 17.013,
                                                            "Actual Total Time": 49.544,
                                                            "Actual Rows": 41301,
                                                            "Actual Loops": 1
                                                        },
                                                        {
                                                            "Worker Number": 2,
                                                            "Actual Startup Time": 16.99,
                                                            "Actual Total Time": 49.814,
                                                            "Actual Rows": 40969,
                                                            "Actual Loops": 1
                                                        }
                                                    ],
                                                    "Plans": [
                                                        {
                                                            "Node Type": "Bitmap Index Scan",
                                                            "Parent Relationship": "Outer",
                                                            "Parallel Aware": false,
                                                            "Index Name": "keyword_id_movie_keyword",
                                                            "Startup Cost": 0.0,
                                                            "Total Cost": 4502.05,
                                                            "Plan Rows": 214615,
                                                            "Plan Width": 0,
                                                            "Actual Startup Time": 13.401,
                                                            "Actual Total Time": 13.401,
                                                            "Actual Rows": 212018,
                                                            "Actual Loops": 1,
                                                            "Index Cond": "(mk.keyword_id < 141)"
                                                        }
                                                    ]
                                                },
                                                {
                                                    "Node Type": "Hash",
                                                    "Parent Relationship": "Inner",
                                                    "Parallel Aware": true,
                                                    "Startup Cost": 45479.21,
                                                    "Total Cost": 45479.21,
                                                    "Plan Rows": 10518,
                                                    "Plan Width": 4,
                                                    "Actual Startup Time": 83.54,
                                                    "Actual Total Time": 83.541,
                                                    "Actual Rows": 9353,
                                                    "Actual Loops": 4,
                                                    "Output": [
                                                        "t.id"
                                                    ],
                                                    "Hash Buckets": 65536,
                                                    "Original Hash Buckets": 65536,
                                                    "Hash Batches": 1,
                                                    "Original Hash Batches": 1,
                                                    "Peak Memory Usage": 2016,
                                                    "Workers": [
                                                        {
                                                            "Worker Number": 0,
                                                            "Actual Startup Time": 80.346,
                                                            "Actual Total Time": 80.347,
                                                            "Actual Rows": 8163,
                                                            "Actual Loops": 1
                                                        },
                                                        {
                                                            "Worker Number": 1,
                                                            "Actual Startup Time": 80.489,
                                                            "Actual Total Time": 80.49,
                                                            "Actual Rows": 8616,
                                                            "Actual Loops": 1
                                                        },
                                                        {
                                                            "Worker Number": 2,
                                                            "Actual Startup Time": 81.065,
                                                            "Actual Total Time": 81.065,
                                                            "Actual Rows": 8376,
                                                            "Actual Loops": 1
                                                        }
                                                    ],
                                                    "Plans": [
                                                        {
                                                            "Node Type": "Seq Scan",
                                                            "Parent Relationship": "Outer",
                                                            "Parallel Aware": true,
                                                            "Relation Name": "title",
                                                            "Schema": "public",
                                                            "Alias": "t",
                                                            "Startup Cost": 0.0,
                                                            "Total Cost": 45479.21,
                                                            "Plan Rows": 10518,
                                                            "Plan Width": 4,
                                                            "Actual Startup Time": 49.516,
                                                            "Actual Total Time": 80.372,
                                                            "Actual Rows": 9353,
                                                            "Actual Loops": 4,
                                                            "Output": [
                                                                "t.id"
                                                            ],
                                                            "Filter": "((t.kind_id = 1) AND (t.production_year = 2011))",
                                                            "Rows Removed by Filter": 622725,
                                                            "Workers": [
                                                                {
                                                                    "Worker Number": 0,
                                                                    "Actual Startup Time": 44.719,
                                                                    "Actual Total Time": 77.442,
                                                                    "Actual Rows": 8163,
                                                                    "Actual Loops": 1
                                                                },
                                                                {
                                                                    "Worker Number": 1,
                                                                    "Actual Startup Time": 49.669,
                                                                    "Actual Total Time": 77.56,
                                                                    "Actual Rows": 8616,
                                                                    "Actual Loops": 1
                                                                },
                                                                {
                                                                    "Worker Number": 2,
                                                                    "Actual Startup Time": 47.108,
                                                                    "Actual Total Time": 78.07,
                                                                    "Actual Rows": 8376,
                                                                    "Actual Loops": 1
                                                                }
                                                            ]
                                                        }
                                                    ]
                                                }
                                            ]
                                        },
                                        {
                                            "Node Type": "Index Scan",
                                            "Parent Relationship": "Inner",
                                            "Parallel Aware": false,
                                            "Scan Direction": "Forward",
                                            "Index Name": "movie_id_movie_info",
                                            "Relation Name": "movie_info",
                                            "Schema": "public",
                                            "Alias": "mi",
                                            "Startup Cost": 0.43,
                                            "Total Cost": 5.23,
                                            "Plan Rows": 3,
                                            "Plan Width": 4,
                                            "Actual Startup Time": 0.011,
                                            "Actual Total Time": 0.041,
                                            "Actual Rows": 1,
                                            "Actual Loops": 2314,
                                            "Output": [
                                                "mi.id",
                                                "mi.movie_id",
                                                "mi.info_type_id",
                                                "mi.info",
                                                "mi.note"
                                            ],
                                            "Index Cond": "(mi.movie_id = mk.movie_id)",
                                            "Rows Removed by Index Recheck": 0,
                                            "Filter": "(mi.info_type_id = 4)",
                                            "Rows Removed by Filter": 60,
                                            "Workers": [
                                                {
                                                    "Worker Number": 0,
                                                    "Actual Startup Time": 0.016,
                                                    "Actual Total Time": 0.059,
                                                    "Actual Rows": 1,
                                                    "Actual Loops": 430
                                                },
                                                {
                                                    "Worker Number": 1,
                                                    "Actual Startup Time": 0.016,
                                                    "Actual Total Time": 0.057,
                                                    "Actual Rows": 1,
                                                    "Actual Loops": 466
                                                },
                                                {
                                                    "Worker Number": 2,
                                                    "Actual Startup Time": 0.017,
                                                    "Actual Total Time": 0.061,
                                                    "Actual Rows": 1,
                                                    "Actual Loops": 426
                                                }
                                            ]
                                        }
                                    ]
                                }
                            ]
                        }
                    ]
                }
            ]
        },
        "Planning Time": 175.776,
        "Triggers": [],
        "Execution Time": 191.956
    }
]