[
  {
    "Plan": {
      "Node Type": "Aggregate",
      "Strategy": "Plain",
      "Partial Mode": "Finalize",
      "Parallel Aware": false,
      "Startup Cost": 44939.17,
      "Total Cost": 44939.18,
      "Plan Rows": 1,
      "Plan Width": 8,
      "Actual Startup Time": 94.063,
      "Actual Total Time": 106.088,
      "Actual Rows": 1,
      "Actual Loops": 1,
      "Plans": [
        {
          "Node Type": "Gather",
          "Parent Relationship": "Outer",
          "Parallel Aware": false,
          "Startup Cost": 44938.75,
          "Total Cost": 44939.16,
          "Plan Rows": 4,
          "Plan Width": 8,
          "Actual Startup Time": 93.903,
          "Actual Total Time": 106.081,
          "Actual Rows": 5,
          "Actual Loops": 1,
          "Workers Planned": 4,
          "Workers Launched": 4,
          "Single Copy": false,
          "Plans": [
            {
              "Node Type": "Aggregate",
              "Strategy": "Plain",
              "Partial Mode": "Partial",
              "Parent Relationship": "Outer",
              "Parallel Aware": false,
              "Startup Cost": 43938.75,
              "Total Cost": 43938.76,
              "Plan Rows": 1,
              "Plan Width": 8,
              "Actual Startup Time": 84.553,
              "Actual Total Time": 84.555,
              "Actual Rows": 1,
              "Actual Loops": 5,
              "Plans": [
                {
                  "Node Type": "Seq Scan",
                  "Parent Relationship": "Outer",
                  "Parallel Aware": true,
                  "Relation Name": "title",
                  "Alias": "t",
                  "Startup Cost": 0.0,
                  "Total Cost": 43898.92,
                  "Plan Rows": 15932,
                  "Plan Width": 0,
                  "Actual Startup Time": 54.347,
                  "Actual Total Time": 83.846,
                  "Actual Rows": 13503,
                  "Actual Loops": 5,
                  "Filter": "(production_year < 1916)",
                  "Rows Removed by Filter": 492159
                }
              ]
            }
          ]
        }
      ]
    },
    "Planning Time": 0.131,
    "Triggers": [],
    "Execution Time": 106.146
  }
]