[
  {
    "Plan": {
      "Node Type": "Aggregate",
      "Strategy": "Plain",
      "Partial Mode": "Finalize",
      "Parallel Aware": false,
      "Startup Cost": 81920.24,
      "Total Cost": 81920.25,
      "Plan Rows": 1,
      "Plan Width": 8,
      "Actual Startup Time": 139.722,
      "Actual Total Time": 162.862,
      "Actual Rows": 1,
      "Actual Loops": 1,
      "Plans": [
        {
          "Node Type": "Gather",
          "Parent Relationship": "Outer",
          "Parallel Aware": false,
          "Startup Cost": 81919.82,
          "Total Cost": 81920.23,
          "Plan Rows": 4,
          "Plan Width": 8,
          "Actual Startup Time": 139.603,
          "Actual Total Time": 162.854,
          "Actual Rows": 5,
          "Actual Loops": 1,
          "Workers Planned": 4,
          "Workers Launched": 4,
          "Single Copy": false,
          "Plans": [
            {
              "Node Type": "Aggregate",
              "Strategy": "Plain",
              "Partial Mode": "Partial",
              "Parent Relationship": "Outer",
              "Parallel Aware": false,
              "Startup Cost": 80919.82,
              "Total Cost": 80919.83,
              "Plan Rows": 1,
              "Plan Width": 8,
              "Actual Startup Time": 129.503,
              "Actual Total Time": 129.504,
              "Actual Rows": 1,
              "Actual Loops": 5,
              "Plans": [
                {
                  "Node Type": "Nested Loop",
                  "Parent Relationship": "Outer",
                  "Parallel Aware": false,
                  "Join Type": "Inner",
                  "Startup Cost": 0.56,
                  "Total Cost": 80915.81,
                  "Plan Rows": 1603,
                  "Plan Width": 0,
                  "Actual Startup Time": 7.36,
                  "Actual Total Time": 128.951,
                  "Actual Rows": 5049,
                  "Actual Loops": 5,
                  "Inner Unique": false,
                  "Plans": [
                    {
                      "Node Type": "Seq Scan",
                      "Parent Relationship": "Outer",
                      "Parallel Aware": true,
                      "Relation Name": "title",
                      "Alias": "t",
                      "Startup Cost": 0.0,
                      "Total Cost": 45479.1,
                      "Plan Rows": 247,
                      "Plan Width": 4,
                      "Actual Startup Time": 3.805,
                      "Actual Total Time": 81.009,
                      "Actual Rows": 672,
                      "Actual Loops": 5,
                      "Filter": "((kind_id < 4) AND (production_year > 2013))",
                      "Rows Removed by Filter": 504991
                    },
                    {
                      "Node Type": "Index Scan",
                      "Parent Relationship": "Inner",
                      "Parallel Aware": false,
                      "Scan Direction": "Forward",
                      "Index Name": "movie_id_cast_info",
                      "Relation Name": "cast_info",
                      "Alias": "ci",
                      "Startup Cost": 0.56,
                      "Total Cost": 143.3,
                      "Plan Rows": 17,
                      "Plan Width": 4,
                      "Actual Startup Time": 0.039,
                      "Actual Total Time": 0.07,
                      "Actual Rows": 8,
                      "Actual Loops": 3358,
                      "Index Cond": "(movie_id = t.id)",
                      "Rows Removed by Index Recheck": 0,
                      "Filter": "(role_id > 2)",
                      "Rows Removed by Filter": 4
                    }
                  ]
                }
              ]
            }
          ]
        }
      ]
    },
    "Planning Time": 0.572,
    "Triggers": [],
    "Execution Time": 162.939
  }
]