[
  {
    "Plan": {
      "Node Type": "Aggregate",
      "Strategy": "Plain",
      "Partial Mode": "Finalize",
      "Parallel Aware": false,
      "Startup Cost": 351304.33,
      "Total Cost": 351304.34,
      "Plan Rows": 1,
      "Plan Width": 8,
      "Actual Startup Time": 839.868,
      "Actual Total Time": 896.971,
      "Actual Rows": 1,
      "Actual Loops": 1,
      "Plans": [
        {
          "Node Type": "Gather",
          "Parent Relationship": "Outer",
          "Parallel Aware": false,
          "Startup Cost": 351303.71,
          "Total Cost": 351304.32,
          "Plan Rows": 6,
          "Plan Width": 8,
          "Actual Startup Time": 839.725,
          "Actual Total Time": 896.961,
          "Actual Rows": 7,
          "Actual Loops": 1,
          "Workers Planned": 6,
          "Workers Launched": 6,
          "Single Copy": false,
          "Plans": [
            {
              "Node Type": "Aggregate",
              "Strategy": "Plain",
              "Partial Mode": "Partial",
              "Parent Relationship": "Outer",
              "Parallel Aware": false,
              "Startup Cost": 350303.71,
              "Total Cost": 350303.72,
              "Plan Rows": 1,
              "Plan Width": 8,
              "Actual Startup Time": 830.763,
              "Actual Total Time": 830.764,
              "Actual Rows": 1,
              "Actual Loops": 7,
              "Plans": [
                {
                  "Node Type": "Seq Scan",
                  "Parent Relationship": "Outer",
                  "Parallel Aware": true,
                  "Relation Name": "cast_info",
                  "Alias": "ci",
                  "Startup Cost": 0.0,
                  "Total Cost": 343257.03,
                  "Plan Rows": 2818671,
                  "Plan Width": 0,
                  "Actual Startup Time": 224.702,
                  "Actual Total Time": 701.512,
                  "Actual Rows": 2948608,
                  "Actual Loops": 7,
                  "Filter": "((person_id > 1029116) AND (role_id > 1))",
                  "Rows Removed by Filter": 2229155
                }
              ]
            }
          ]
        }
      ]
    },
    "Planning Time": 0.235,
    "Triggers": [],
    "Execution Time": 897.044
  }
]