[
  {
    "Plan": {
      "Node Type": "Aggregate",
      "Strategy": "Plain",
      "Partial Mode": "Finalize",
      "Parallel Aware": false,
      "Startup Cost": 246421.79,
      "Total Cost": 246421.8,
      "Plan Rows": 1,
      "Plan Width": 8,
      "Actual Startup Time": 681.601,
      "Actual Total Time": 725.52,
      "Actual Rows": 1,
      "Actual Loops": 1,
      "Plans": [
        {
          "Node Type": "Gather",
          "Parent Relationship": "Outer",
          "Parallel Aware": false,
          "Startup Cost": 246421.27,
          "Total Cost": 246421.78,
          "Plan Rows": 5,
          "Plan Width": 8,
          "Actual Startup Time": 680.888,
          "Actual Total Time": 725.485,
          "Actual Rows": 6,
          "Actual Loops": 1,
          "Workers Planned": 5,
          "Workers Launched": 5,
          "Single Copy": false,
          "Plans": [
            {
              "Node Type": "Aggregate",
              "Strategy": "Plain",
              "Partial Mode": "Partial",
              "Parent Relationship": "Outer",
              "Parallel Aware": false,
              "Startup Cost": 245421.27,
              "Total Cost": 245421.28,
              "Plan Rows": 1,
              "Plan Width": 8,
              "Actual Startup Time": 672.808,
              "Actual Total Time": 672.812,
              "Actual Rows": 1,
              "Actual Loops": 6,
              "Plans": [
                {
                  "Node Type": "Hash Join",
                  "Parent Relationship": "Outer",
                  "Parallel Aware": true,
                  "Join Type": "Inner",
                  "Startup Cost": 45717.94,
                  "Total Cost": 245197.34,
                  "Plan Rows": 89570,
                  "Plan Width": 0,
                  "Actual Startup Time": 89.417,
                  "Actual Total Time": 671.176,
                  "Actual Rows": 31249,
                  "Actual Loops": 6,
                  "Inner Unique": true,
                  "Hash Cond": "(mi.movie_id = t.id)",
                  "Plans": [
                    {
                      "Node Type": "Seq Scan",
                      "Parent Relationship": "Outer",
                      "Parallel Aware": true,
                      "Relation Name": "movie_info",
                      "Alias": "mi",
                      "Startup Cost": 0.0,
                      "Total Cost": 191685.19,
                      "Plan Rows": 2969219,
                      "Plan Width": 4,
                      "Actual Startup Time": 0.032,
                      "Actual Total Time": 304.023,
                      "Actual Rows": 2472620,
                      "Actual Loops": 6
                    },
                    {
                      "Node Type": "Hash",
                      "Parent Relationship": "Inner",
                      "Parallel Aware": true,
                      "Startup Cost": 45479.59,
                      "Total Cost": 45479.59,
                      "Plan Rows": 19068,
                      "Plan Width": 4,
                      "Actual Startup Time": 87.092,
                      "Actual Total Time": 87.093,
                      "Actual Rows": 14018,
                      "Actual Loops": 6,
                      "Hash Buckets": 131072,
                      "Original Hash Buckets": 131072,
                      "Hash Batches": 1,
                      "Original Hash Batches": 1,
                      "Peak Memory Usage": 4416,
                      "Plans": [
                        {
                          "Node Type": "Seq Scan",
                          "Parent Relationship": "Outer",
                          "Parallel Aware": true,
                          "Relation Name": "title",
                          "Alias": "t",
                          "Startup Cost": 0.0,
                          "Total Cost": 45479.59,
                          "Plan Rows": 19068,
                          "Plan Width": 4,
                          "Actual Startup Time": 0.051,
                          "Actual Total Time": 80.321,
                          "Actual Rows": 14018,
                          "Actual Loops": 6,
                          "Filter": "((kind_id = 7) AND (production_year = 2008))",
                          "Rows Removed by Filter": 407367
                        }
                      ]
                    }
                  ]
                }
              ]
            }
          ]
        }
      ]
    },
    "Planning Time": 0.528,
    "Triggers": [],
    "Execution Time": 725.591
  }
]