[
  {
    "Plan": {
      "Node Type": "Aggregate",
      "Strategy": "Plain",
      "Partial Mode": "Finalize",
      "Parallel Aware": false,
      "Startup Cost": 246251.31,
      "Total Cost": 246251.32,
      "Plan Rows": 1,
      "Plan Width": 8,
      "Actual Startup Time": 638.461,
      "Actual Total Time": 687.971,
      "Actual Rows": 1,
      "Actual Loops": 1,
      "Plans": [
        {
          "Node Type": "Gather",
          "Parent Relationship": "Outer",
          "Parallel Aware": false,
          "Startup Cost": 246250.79,
          "Total Cost": 246251.3,
          "Plan Rows": 5,
          "Plan Width": 8,
          "Actual Startup Time": 637.604,
          "Actual Total Time": 687.96,
          "Actual Rows": 6,
          "Actual Loops": 1,
          "Workers Planned": 5,
          "Workers Launched": 5,
          "Single Copy": false,
          "Plans": [
            {
              "Node Type": "Aggregate",
              "Strategy": "Plain",
              "Partial Mode": "Partial",
              "Parent Relationship": "Outer",
              "Parallel Aware": false,
              "Startup Cost": 245250.79,
              "Total Cost": 245250.8,
              "Plan Rows": 1,
              "Plan Width": 8,
              "Actual Startup Time": 628.007,
              "Actual Total Time": 628.01,
              "Actual Rows": 1,
              "Actual Loops": 6,
              "Plans": [
                {
                  "Node Type": "Hash Join",
                  "Parent Relationship": "Outer",
                  "Parallel Aware": true,
                  "Join Type": "Inner",
                  "Startup Cost": 45711.55,
                  "Total Cost": 245033.31,
                  "Plan Rows": 86989,
                  "Plan Width": 0,
                  "Actual Startup Time": 86.657,
                  "Actual Total Time": 626.496,
                  "Actual Rows": 31249,
                  "Actual Loops": 6,
                  "Inner Unique": true,
                  "Hash Cond": "(mi.movie_id = t.id)",
                  "Plans": [
                    {
                      "Node Type": "Seq Scan",
                      "Parent Relationship": "Outer",
                      "Parallel Aware": true,
                      "Relation Name": "movie_info",
                      "Alias": "mi",
                      "Startup Cost": 0.0,
                      "Total Cost": 191560.33,
                      "Plan Rows": 2956733,
                      "Plan Width": 4,
                      "Actual Startup Time": 0.027,
                      "Actual Total Time": 282.768,
                      "Actual Rows": 2472620,
                      "Actual Loops": 6
                    },
                    {
                      "Node Type": "Hash",
                      "Parent Relationship": "Inner",
                      "Parallel Aware": true,
                      "Startup Cost": 45479.1,
                      "Total Cost": 45479.1,
                      "Plan Rows": 18596,
                      "Plan Width": 4,
                      "Actual Startup Time": 84.414,
                      "Actual Total Time": 84.415,
                      "Actual Rows": 14018,
                      "Actual Loops": 6,
                      "Hash Buckets": 131072,
                      "Original Hash Buckets": 131072,
                      "Hash Batches": 1,
                      "Original Hash Batches": 1,
                      "Peak Memory Usage": 4416,
                      "Plans": [
                        {
                          "Node Type": "Seq Scan",
                          "Parent Relationship": "Outer",
                          "Parallel Aware": true,
                          "Relation Name": "title",
                          "Alias": "t",
                          "Startup Cost": 0.0,
                          "Total Cost": 45479.1,
                          "Plan Rows": 18596,
                          "Plan Width": 4,
                          "Actual Startup Time": 0.046,
                          "Actual Total Time": 77.924,
                          "Actual Rows": 14018,
                          "Actual Loops": 6,
                          "Filter": "((kind_id = 7) AND (production_year = 2008))",
                          "Rows Removed by Filter": 407367
                        }
                      ]
                    }
                  ]
                }
              ]
            }
          ]
        }
      ]
    },
    "Planning Time": 0.591,
    "Triggers": [],
    "Execution Time": 688.05
  }
]