{
  "Plan": {
    "Node Type": "Aggregate",
    "Strategy": "Plain",
    "Partial Mode": "Finalize",
    "Parallel Aware": false,
    "Startup Cost": 29416.91,
    "Total Cost": 29416.92,
    "Plan Rows": 1,
    "Plan Width": 8,
    "Actual Startup Time": 153.268,
    "Actual Total Time": 184.514,
    "Actual Rows": 1,
    "Actual Loops": 1,
    "Plans": [
      {
        "Node Type": "Gather",
        "Parent Relationship": "Outer",
        "Parallel Aware": false,
        "Startup Cost": 29416.79,
        "Total Cost": 29416.9,
        "Plan Rows": 1,
        "Plan Width": 8,
        "Actual Startup Time": 153.131,
        "Actual Total Time": 184.506,
        "Actual Rows": 2,
        "Actual Loops": 1,
        "Workers Planned": 1,
        "Workers Launched": 1,
        "Single Copy": false,
        "Plans": [
          {
            "Node Type": "Aggregate",
            "Strategy": "Plain",
            "Partial Mode": "Partial",
            "Parent Relationship": "Outer",
            "Parallel Aware": false,
            "Startup Cost": 28416.79,
            "Total Cost": 28416.8,
            "Plan Rows": 1,
            "Plan Width": 8,
            "Actual Startup Time": 147.073,
            "Actual Total Time": 147.075,
            "Actual Rows": 1,
            "Actual Loops": 2,
            "Plans": [
              {
                "Node Type": "Nested Loop",
                "Parent Relationship": "Outer",
                "Parallel Aware": false,
                "Join Type": "Inner",
                "Startup Cost": 75.71,
                "Total Cost": 28345.32,
                "Plan Rows": 28591,
                "Plan Width": 0,
                "Actual Startup Time": 1.51,
                "Actual Total Time": 141.642,
                "Actual Rows": 89304,
                "Actual Loops": 2,
                "Inner Unique": false,
                "Plans": [
                  {
                    "Node Type": "Nested Loop",
                    "Parent Relationship": "Outer",
                    "Parallel Aware": false,
                    "Join Type": "Inner",
                    "Startup Cost": 75.15,
                    "Total Cost": 23980.06,
                    "Plan Rows": 1995,
                    "Plan Width": 8,
                    "Actual Startup Time": 1.348,
                    "Actual Total Time": 11.487,
                    "Actual Rows": 1526,
                    "Actual Loops": 2,
                    "Inner Unique": true,
                    "Plans": [
                      {
                        "Node Type": "Bitmap Heap Scan",
                        "Parent Relationship": "Outer",
                        "Parallel Aware": true,
                        "Relation Name": "movie_companies",
                        "Alias": "mc",
                        "Startup Cost": 74.72,
                        "Total Cost": 8748.24,
                        "Plan Rows": 1995,
                        "Plan Width": 4,
                        "Actual Startup Time": 1.221,
                        "Actual Total Time": 2.804,
                        "Actual Rows": 1526,
                        "Actual Loops": 2,
                        "Recheck Cond": "(company_id = 531)",
                        "Rows Removed by Index Recheck": 0,
                        "Exact Heap Blocks": 597,
                        "Lossy Heap Blocks": 0,
                        "Plans": [
                          {
                            "Node Type": "Bitmap Index Scan",
                            "Parent Relationship": "Outer",
                            "Parallel Aware": false,
                            "Index Name": "company_id_movie_companies",
                            "Startup Cost": 0.0,
                            "Total Cost": 73.87,
                            "Plan Rows": 3392,
                            "Plan Width": 0,
                            "Actual Startup Time": 1.968,
                            "Actual Total Time": 1.968,
                            "Actual Rows": 3053,
                            "Actual Loops": 1,
                            "Index Cond": "(company_id = 531)"
                          }
                        ]
                      },
                      {
                        "Node Type": "Index Only Scan",
                        "Parent Relationship": "Inner",
                        "Parallel Aware": false,
                        "Scan Direction": "Forward",
                        "Index Name": "title_pkey",
                        "Relation Name": "title",
                        "Alias": "t",
                        "Startup Cost": 0.43,
                        "Total Cost": 7.63,
                        "Plan Rows": 1,
                        "Plan Width": 4,
                        "Actual Startup Time": 0.005,
                        "Actual Total Time": 0.005,
                        "Actual Rows": 1,
                        "Actual Loops": 3053,
                        "Index Cond": "(id = mc.movie_id)",
                        "Rows Removed by Index Recheck": 0,
                        "Heap Fetches": 3053
                      }
                    ]
                  },
                  {
                    "Node Type": "Index Only Scan",
                    "Parent Relationship": "Inner",
                    "Parallel Aware": false,
                    "Scan Direction": "Forward",
                    "Index Name": "movie_id_cast_info",
                    "Relation Name": "cast_info",
                    "Alias": "ci",
                    "Startup Cost": 0.56,
                    "Total Cost": 1.82,
                    "Plan Rows": 37,
                    "Plan Width": 4,
                    "Actual Startup Time": 0.008,
                    "Actual Total Time": 0.08,
                    "Actual Rows": 59,
                    "Actual Loops": 3053,
                    "Index Cond": "(movie_id = t.id)",
                    "Rows Removed by Index Recheck": 0,
                    "Heap Fetches": 178607
                  }
                ]
              }
            ]
          }
        ]
      }
    ]
  },
  "Planning Time": 0.934,
  "Triggers": [],
  "Execution Time": 184.622
}