{
  "Plan": {
    "Node Type": "Aggregate",
    "Strategy": "Plain",
    "Partial Mode": "Finalize",
    "Parallel Aware": false,
    "Startup Cost": 77594.89,
    "Total Cost": 77594.9,
    "Plan Rows": 1,
    "Plan Width": 8,
    "Actual Startup Time": 157.593,
    "Actual Total Time": 164.721,
    "Actual Rows": 1,
    "Actual Loops": 1,
    "Plans": [
      {
        "Node Type": "Gather",
        "Parent Relationship": "Outer",
        "Parallel Aware": false,
        "Startup Cost": 77594.78,
        "Total Cost": 77594.89,
        "Plan Rows": 1,
        "Plan Width": 8,
        "Actual Startup Time": 157.22,
        "Actual Total Time": 164.714,
        "Actual Rows": 2,
        "Actual Loops": 1,
        "Workers Planned": 1,
        "Workers Launched": 1,
        "Single Copy": false,
        "Plans": [
          {
            "Node Type": "Aggregate",
            "Strategy": "Plain",
            "Partial Mode": "Partial",
            "Parent Relationship": "Outer",
            "Parallel Aware": false,
            "Startup Cost": 76594.78,
            "Total Cost": 76594.79,
            "Plan Rows": 1,
            "Plan Width": 8,
            "Actual Startup Time": 151.213,
            "Actual Total Time": 151.217,
            "Actual Rows": 1,
            "Actual Loops": 2,
            "Plans": [
              {
                "Node Type": "Hash Join",
                "Parent Relationship": "Outer",
                "Parallel Aware": true,
                "Join Type": "Inner",
                "Startup Cost": 33309.5,
                "Total Cost": 76579.13,
                "Plan Rows": 6258,
                "Plan Width": 0,
                "Actual Startup Time": 80.67,
                "Actual Total Time": 150.506,
                "Actual Rows": 14844,
                "Actual Loops": 2,
                "Inner Unique": false,
                "Hash Cond": "(t.id = mc.movie_id)",
                "Plans": [
                  {
                    "Node Type": "Bitmap Heap Scan",
                    "Parent Relationship": "Outer",
                    "Parallel Aware": true,
                    "Relation Name": "title",
                    "Alias": "t",
                    "Startup Cost": 11916.86,
                    "Total Cost": 53767.12,
                    "Plan Rows": 221210,
                    "Plan Width": 4,
                    "Actual Startup Time": 27.743,
                    "Actual Total Time": 85.035,
                    "Actual Rows": 220014,
                    "Actual Loops": 2,
                    "Recheck Cond": "(kind_id = 1)",
                    "Rows Removed by Index Recheck": 0,
                    "Filter": "(production_year < 2006)",
                    "Rows Removed by Filter": 111398,
                    "Exact Heap Blocks": 6432,
                    "Lossy Heap Blocks": 0,
                    "Plans": [
                      {
                        "Node Type": "Bitmap Index Scan",
                        "Parent Relationship": "Outer",
                        "Parallel Aware": false,
                        "Index Name": "kind_id_title",
                        "Startup Cost": 0.0,
                        "Total Cost": 11822.85,
                        "Plan Rows": 663256,
                        "Plan Width": 0,
                        "Actual Startup Time": 25.872,
                        "Actual Total Time": 25.873,
                        "Actual Rows": 662825,
                        "Actual Loops": 1,
                        "Index Cond": "(kind_id = 1)"
                      }
                    ]
                  },
                  {
                    "Node Type": "Hash",
                    "Parent Relationship": "Inner",
                    "Parallel Aware": true,
                    "Startup Cost": 20866.7,
                    "Total Cost": 20866.7,
                    "Plan Rows": 42075,
                    "Plan Width": 4,
                    "Actual Startup Time": 34.878,
                    "Actual Total Time": 34.879,
                    "Actual Rows": 34332,
                    "Actual Loops": 2,
                    "Hash Buckets": 131072,
                    "Original Hash Buckets": 131072,
                    "Hash Batches": 1,
                    "Original Hash Batches": 1,
                    "Peak Memory Usage": 3744,
                    "Plans": [
                      {
                        "Node Type": "Bitmap Heap Scan",
                        "Parent Relationship": "Outer",
                        "Parallel Aware": true,
                        "Relation Name": "movie_companies",
                        "Alias": "mc",
                        "Startup Cost": 1550.76,
                        "Total Cost": 20866.7,
                        "Plan Rows": 42075,
                        "Plan Width": 4,
                        "Actual Startup Time": 6.75,
                        "Actual Total Time": 23.963,
                        "Actual Rows": 34332,
                        "Actual Loops": 2,
                        "Recheck Cond": "(company_id > 177739)",
                        "Rows Removed by Index Recheck": 0,
                        "Exact Heap Blocks": 1647,
                        "Lossy Heap Blocks": 0,
                        "Plans": [
                          {
                            "Node Type": "Bitmap Index Scan",
                            "Parent Relationship": "Outer",
                            "Parallel Aware": false,
                            "Index Name": "company_id_movie_companies",
                            "Startup Cost": 0.0,
                            "Total Cost": 1532.88,
                            "Plan Rows": 71527,
                            "Plan Width": 0,
                            "Actual Startup Time": 9.406,
                            "Actual Total Time": 9.406,
                            "Actual Rows": 68665,
                            "Actual Loops": 1,
                            "Index Cond": "(company_id > 177739)"
                          }
                        ]
                      }
                    ]
                  }
                ]
              }
            ]
          }
        ]
      }
    ]
  },
  "Planning Time": 0.714,
  "Triggers": [],
  "Execution Time": 164.827
}