[
  {
    "Plan": {
      "Node Type": "Aggregate",
      "Strategy": "Plain",
      "Partial Mode": "Finalize",
      "Parallel Aware": false,
      "Startup Cost": 247685.76,
      "Total Cost": 247685.77,
      "Plan Rows": 1,
      "Plan Width": 8,
      "Actual Startup Time": 546.192,
      "Actual Total Time": 596.437,
      "Actual Rows": 1,
      "Actual Loops": 1,
      "Plans": [
        {
          "Node Type": "Gather",
          "Parent Relationship": "Outer",
          "Parallel Aware": false,
          "Startup Cost": 247685.24,
          "Total Cost": 247685.75,
          "Plan Rows": 5,
          "Plan Width": 8,
          "Actual Startup Time": 545.818,
          "Actual Total Time": 596.42,
          "Actual Rows": 6,
          "Actual Loops": 1,
          "Workers Planned": 5,
          "Workers Launched": 5,
          "Single Copy": false,
          "Plans": [
            {
              "Node Type": "Aggregate",
              "Strategy": "Plain",
              "Partial Mode": "Partial",
              "Parent Relationship": "Outer",
              "Parallel Aware": false,
              "Startup Cost": 246685.24,
              "Total Cost": 246685.25,
              "Plan Rows": 1,
              "Plan Width": 8,
              "Actual Startup Time": 538.716,
              "Actual Total Time": 538.721,
              "Actual Rows": 1,
              "Actual Loops": 6,
              "Plans": [
                {
                  "Node Type": "Hash Join",
                  "Parent Relationship": "Outer",
                  "Parallel Aware": true,
                  "Join Type": "Inner",
                  "Startup Cost": 45610.17,
                  "Total Cost": 246654.76,
                  "Plan Rows": 12192,
                  "Plan Width": 0,
                  "Actual Startup Time": 132.332,
                  "Actual Total Time": 537.016,
                  "Actual Rows": 27414,
                  "Actual Loops": 6,
                  "Inner Unique": true,
                  "Hash Cond": "(mi.movie_id = t.id)",
                  "Plans": [
                    {
                      "Node Type": "Seq Scan",
                      "Parent Relationship": "Outer",
                      "Parallel Aware": true,
                      "Relation Name": "movie_info",
                      "Alias": "mi",
                      "Startup Cost": 0.0,
                      "Total Cost": 199108.24,
                      "Plan Rows": 737655,
                      "Plan Width": 4,
                      "Actual Startup Time": 34.98,
                      "Actual Total Time": 375.406,
                      "Actual Rows": 604163,
                      "Actual Loops": 6,
                      "Filter": "(info_type_id < 4)",
                      "Rows Removed by Filter": 1868457
                    },
                    {
                      "Node Type": "Hash",
                      "Parent Relationship": "Inner",
                      "Parallel Aware": true,
                      "Startup Cost": 45479.59,
                      "Total Cost": 45479.59,
                      "Plan Rows": 10447,
                      "Plan Width": 4,
                      "Actual Startup Time": 86.548,
                      "Actual Total Time": 86.55,
                      "Actual Rows": 6593,
                      "Actual Loops": 6,
                      "Hash Buckets": 65536,
                      "Original Hash Buckets": 65536,
                      "Hash Batches": 1,
                      "Original Hash Batches": 1,
                      "Peak Memory Usage": 2144,
                      "Plans": [
                        {
                          "Node Type": "Seq Scan",
                          "Parent Relationship": "Outer",
                          "Parallel Aware": true,
                          "Relation Name": "title",
                          "Alias": "t",
                          "Startup Cost": 0.0,
                          "Total Cost": 45479.59,
                          "Plan Rows": 10447,
                          "Plan Width": 4,
                          "Actual Startup Time": 41.887,
                          "Actual Total Time": 83.268,
                          "Actual Rows": 6593,
                          "Actual Loops": 6,
                          "Filter": "((kind_id = 1) AND (production_year = 2012))",
                          "Rows Removed by Filter": 414792
                        }
                      ]
                    }
                  ]
                }
              ]
            }
          ]
        }
      ]
    },
    "Planning Time": 0.426,
    "Triggers": [],
    "Execution Time": 596.497
  }
]