[
  {
    "Plan": {
      "Node Type": "Aggregate",
      "Strategy": "Plain",
      "Partial Mode": "Finalize",
      "Parallel Aware": false,
      "Startup Cost": 80269.45,
      "Total Cost": 80269.46,
      "Plan Rows": 1,
      "Plan Width": 8,
      "Actual Startup Time": 190.299,
      "Actual Total Time": 214.691,
      "Actual Rows": 1,
      "Actual Loops": 1,
      "Plans": [
        {
          "Node Type": "Gather",
          "Parent Relationship": "Outer",
          "Parallel Aware": false,
          "Startup Cost": 80269.14,
          "Total Cost": 80269.45,
          "Plan Rows": 3,
          "Plan Width": 8,
          "Actual Startup Time": 189.751,
          "Actual Total Time": 214.684,
          "Actual Rows": 4,
          "Actual Loops": 1,
          "Workers Planned": 3,
          "Workers Launched": 3,
          "Single Copy": false,
          "Plans": [
            {
              "Node Type": "Aggregate",
              "Strategy": "Plain",
              "Partial Mode": "Partial",
              "Parent Relationship": "Outer",
              "Parallel Aware": false,
              "Startup Cost": 79269.14,
              "Total Cost": 79269.15,
              "Plan Rows": 1,
              "Plan Width": 8,
              "Actual Startup Time": 183.99,
              "Actual Total Time": 183.995,
              "Actual Rows": 1,
              "Actual Loops": 4,
              "Plans": [
                {
                  "Node Type": "Nested Loop",
                  "Parent Relationship": "Outer",
                  "Parallel Aware": false,
                  "Join Type": "Inner",
                  "Startup Cost": 46633.46,
                  "Total Cost": 79248.38,
                  "Plan Rows": 8301,
                  "Plan Width": 0,
                  "Actual Startup Time": 72.339,
                  "Actual Total Time": 182.068,
                  "Actual Rows": 25914,
                  "Actual Loops": 4,
                  "Inner Unique": false,
                  "Join Filter": "(t.id = mi.movie_id)",
                  "Rows Removed by Join Filter": 0,
                  "Plans": [
                    {
                      "Node Type": "Hash Join",
                      "Parent Relationship": "Outer",
                      "Parallel Aware": true,
                      "Join Type": "Inner",
                      "Startup Cost": 46633.03,
                      "Total Cost": 67317.13,
                      "Plan Rows": 1882,
                      "Plan Width": 8,
                      "Actual Startup Time": 72.238,
                      "Actual Total Time": 104.268,
                      "Actual Rows": 4027,
                      "Actual Loops": 4,
                      "Inner Unique": true,
                      "Hash Cond": "(mc.movie_id = t.id)",
                      "Plans": [
                        {
                          "Node Type": "Bitmap Heap Scan",
                          "Parent Relationship": "Outer",
                          "Parallel Aware": true,
                          "Relation Name": "movie_companies",
                          "Alias": "mc",
                          "Startup Cost": 7741.18,
                          "Total Cost": 28269.78,
                          "Plan Rows": 59236,
                          "Plan Width": 4,
                          "Actual Startup Time": 17.518,
                          "Actual Total Time": 37.696,
                          "Actual Rows": 89472,
                          "Actual Loops": 4,
                          "Recheck Cond": "(company_id > 87314)",
                          "Rows Removed by Index Recheck": 0,
                          "Filter": "(company_type_id > 1)",
                          "Rows Removed by Filter": 0,
                          "Exact Heap Blocks": 2239,
                          "Lossy Heap Blocks": 0,
                          "Plans": [
                            {
                              "Node Type": "Bitmap Index Scan",
                              "Parent Relationship": "Outer",
                              "Parallel Aware": false,
                              "Index Name": "company_id_movie_companies",
                              "Startup Cost": 0.0,
                              "Total Cost": 7695.27,
                              "Plan Rows": 359312,
                              "Plan Width": 0,
                              "Actual Startup Time": 16.779,
                              "Actual Total Time": 16.78,
                              "Actual Rows": 357887,
                              "Actual Loops": 1,
                              "Index Cond": "(company_id > 87314)"
                            }
                          ]
                        },
                        {
                          "Node Type": "Hash",
                          "Parent Relationship": "Inner",
                          "Parallel Aware": true,
                          "Startup Cost": 38640.81,
                          "Total Cost": 38640.81,
                          "Plan Rows": 20083,
                          "Plan Width": 4,
                          "Actual Startup Time": 50.239,
                          "Actual Total Time": 50.241,
                          "Actual Rows": 20141,
                          "Actual Loops": 4,
                          "Hash Buckets": 131072,
                          "Original Hash Buckets": 131072,
                          "Hash Batches": 1,
                          "Original Hash Batches": 1,
                          "Peak Memory Usage": 4256,
                          "Plans": [
                            {
                              "Node Type": "Bitmap Heap Scan",
                              "Parent Relationship": "Outer",
                              "Parallel Aware": true,
                              "Relation Name": "title",
                              "Alias": "t",
                              "Startup Cost": 2187.38,
                              "Total Cost": 38640.81,
                              "Plan Rows": 20083,
                              "Plan Width": 4,
                              "Actual Startup Time": 10.356,
                              "Actual Total Time": 41.987,
                              "Actual Rows": 20141,
                              "Actual Loops": 4,
                              "Recheck Cond": "(kind_id = 4)",
                              "Rows Removed by Index Recheck": 0,
                              "Filter": "(production_year < 2008)",
                              "Rows Removed by Filter": 9418,
                              "Exact Heap Blocks": 6160,
                              "Lossy Heap Blocks": 0,
                              "Plans": [
                                {
                                  "Node Type": "Bitmap Index Scan",
                                  "Parent Relationship": "Outer",
                                  "Parallel Aware": false,
                                  "Index Name": "kind_id_title",
                                  "Startup Cost": 0.0,
                                  "Total Cost": 2167.3,
                                  "Plan Rows": 121449,
                                  "Plan Width": 0,
                                  "Actual Startup Time": 11.056,
                                  "Actual Total Time": 11.057,
                                  "Actual Rows": 118234,
                                  "Actual Loops": 1,
                                  "Index Cond": "(kind_id = 4)"
                                }
                              ]
                            }
                          ]
                        }
                      ]
                    },
                    {
                      "Node Type": "Index Scan",
                      "Parent Relationship": "Inner",
                      "Parallel Aware": false,
                      "Scan Direction": "Forward",
                      "Index Name": "movie_id_movie_info",
                      "Relation Name": "movie_info",
                      "Alias": "mi",
                      "Startup Cost": 0.43,
                      "Total Cost": 5.95,
                      "Plan Rows": 31,
                      "Plan Width": 4,
                      "Actual Startup Time": 0.006,
                      "Actual Total Time": 0.018,
                      "Actual Rows": 6,
                      "Actual Loops": 16109,
                      "Index Cond": "(movie_id = mc.movie_id)",
                      "Rows Removed by Index Recheck": 0,
                      "Filter": "(info_type_id > 3)",
                      "Rows Removed by Filter": 3
                    }
                  ]
                }
              ]
            }
          ]
        }
      ]
    },
    "Planning Time": 0.786,
    "Triggers": [],
    "Execution Time": 214.762
  }
]