[
  {
    "Plan": {
      "Node Type": "Aggregate",
      "Strategy": "Plain",
      "Partial Mode": "Finalize",
      "Parallel Aware": false,
      "Startup Cost": 80252.61,
      "Total Cost": 80252.62,
      "Plan Rows": 1,
      "Plan Width": 8,
      "Actual Startup Time": 191.495,
      "Actual Total Time": 212.783,
      "Actual Rows": 1,
      "Actual Loops": 1,
      "Plans": [
        {
          "Node Type": "Gather",
          "Parent Relationship": "Outer",
          "Parallel Aware": false,
          "Startup Cost": 80252.3,
          "Total Cost": 80252.61,
          "Plan Rows": 3,
          "Plan Width": 8,
          "Actual Startup Time": 190.944,
          "Actual Total Time": 212.774,
          "Actual Rows": 4,
          "Actual Loops": 1,
          "Workers Planned": 3,
          "Workers Launched": 3,
          "Single Copy": false,
          "Plans": [
            {
              "Node Type": "Aggregate",
              "Strategy": "Plain",
              "Partial Mode": "Partial",
              "Parent Relationship": "Outer",
              "Parallel Aware": false,
              "Startup Cost": 79252.3,
              "Total Cost": 79252.31,
              "Plan Rows": 1,
              "Plan Width": 8,
              "Actual Startup Time": 181.265,
              "Actual Total Time": 181.269,
              "Actual Rows": 1,
              "Actual Loops": 4,
              "Plans": [
                {
                  "Node Type": "Nested Loop",
                  "Parent Relationship": "Outer",
                  "Parallel Aware": false,
                  "Join Type": "Inner",
                  "Startup Cost": 46575.27,
                  "Total Cost": 79231.72,
                  "Plan Rows": 8232,
                  "Plan Width": 0,
                  "Actual Startup Time": 78.761,
                  "Actual Total Time": 179.502,
                  "Actual Rows": 25914,
                  "Actual Loops": 4,
                  "Inner Unique": false,
                  "Join Filter": "(t.id = mi.movie_id)",
                  "Rows Removed by Join Filter": 0,
                  "Plans": [
                    {
                      "Node Type": "Hash Join",
                      "Parent Relationship": "Outer",
                      "Parallel Aware": true,
                      "Join Type": "Inner",
                      "Startup Cost": 46574.84,
                      "Total Cost": 67238.85,
                      "Plan Rows": 1860,
                      "Plan Width": 8,
                      "Actual Startup Time": 78.669,
                      "Actual Total Time": 107.917,
                      "Actual Rows": 4027,
                      "Actual Loops": 4,
                      "Inner Unique": true,
                      "Hash Cond": "(mc.movie_id = t.id)",
                      "Plans": [
                        {
                          "Node Type": "Bitmap Heap Scan",
                          "Parent Relationship": "Outer",
                          "Parallel Aware": true,
                          "Relation Name": "movie_companies",
                          "Alias": "mc",
                          "Startup Cost": 7665.27,
                          "Total Cost": 28176.36,
                          "Plan Rows": 58257,
                          "Plan Width": 4,
                          "Actual Startup Time": 15.551,
                          "Actual Total Time": 34.328,
                          "Actual Rows": 89472,
                          "Actual Loops": 4,
                          "Recheck Cond": "(company_id > 87314)",
                          "Rows Removed by Index Recheck": 0,
                          "Filter": "(company_type_id > 1)",
                          "Rows Removed by Filter": 0,
                          "Exact Heap Blocks": 2342,
                          "Lossy Heap Blocks": 0,
                          "Plans": [
                            {
                              "Node Type": "Bitmap Index Scan",
                              "Parent Relationship": "Outer",
                              "Parallel Aware": false,
                              "Index Name": "company_id_movie_companies",
                              "Startup Cost": 0.0,
                              "Total Cost": 7620.12,
                              "Plan Rows": 355692,
                              "Plan Width": 0,
                              "Actual Startup Time": 14.719,
                              "Actual Total Time": 14.72,
                              "Actual Rows": 357887,
                              "Actual Loops": 1,
                              "Index Cond": "(company_id > 87314)"
                            }
                          ]
                        },
                        {
                          "Node Type": "Hash",
                          "Parent Relationship": "Inner",
                          "Parallel Aware": true,
                          "Startup Cost": 38657.37,
                          "Total Cost": 38657.37,
                          "Plan Rows": 20176,
                          "Plan Width": 4,
                          "Actual Startup Time": 57.496,
                          "Actual Total Time": 57.497,
                          "Actual Rows": 20141,
                          "Actual Loops": 4,
                          "Hash Buckets": 131072,
                          "Original Hash Buckets": 131072,
                          "Hash Batches": 1,
                          "Original Hash Batches": 1,
                          "Peak Memory Usage": 4256,
                          "Plans": [
                            {
                              "Node Type": "Bitmap Heap Scan",
                              "Parent Relationship": "Outer",
                              "Parallel Aware": true,
                              "Relation Name": "title",
                              "Alias": "t",
                              "Startup Cost": 2201.11,
                              "Total Cost": 38657.37,
                              "Plan Rows": 20176,
                              "Plan Width": 4,
                              "Actual Startup Time": 14.262,
                              "Actual Total Time": 50.041,
                              "Actual Rows": 20141,
                              "Actual Loops": 4,
                              "Recheck Cond": "(kind_id = 4)",
                              "Rows Removed by Index Recheck": 0,
                              "Filter": "(production_year < 2008)",
                              "Rows Removed by Filter": 9418,
                              "Exact Heap Blocks": 7674,
                              "Lossy Heap Blocks": 0,
                              "Plans": [
                                {
                                  "Node Type": "Bitmap Index Scan",
                                  "Parent Relationship": "Outer",
                                  "Parallel Aware": false,
                                  "Index Name": "kind_id_title",
                                  "Startup Cost": 0.0,
                                  "Total Cost": 2180.94,
                                  "Plan Rows": 122201,
                                  "Plan Width": 0,
                                  "Actual Startup Time": 14.504,
                                  "Actual Total Time": 14.504,
                                  "Actual Rows": 118234,
                                  "Actual Loops": 1,
                                  "Index Cond": "(kind_id = 4)"
                                }
                              ]
                            }
                          ]
                        }
                      ]
                    },
                    {
                      "Node Type": "Index Scan",
                      "Parent Relationship": "Inner",
                      "Parallel Aware": false,
                      "Scan Direction": "Forward",
                      "Index Name": "movie_id_movie_info",
                      "Relation Name": "movie_info",
                      "Alias": "mi",
                      "Startup Cost": 0.43,
                      "Total Cost": 6.05,
                      "Plan Rows": 32,
                      "Plan Width": 4,
                      "Actual Startup Time": 0.006,
                      "Actual Total Time": 0.017,
                      "Actual Rows": 6,
                      "Actual Loops": 16109,
                      "Index Cond": "(movie_id = mc.movie_id)",
                      "Rows Removed by Index Recheck": 0,
                      "Filter": "(info_type_id > 3)",
                      "Rows Removed by Filter": 3
                    }
                  ]
                }
              ]
            }
          ]
        }
      ]
    },
    "Planning Time": 1.568,
    "Triggers": [],
    "Execution Time": 212.907
  }
]