[
  {
    "Plan": {
      "Node Type": "Aggregate",
      "Strategy": "Plain",
      "Partial Mode": "Finalize",
      "Parallel Aware": false,
      "Startup Cost": 31630.11,
      "Total Cost": 31630.12,
      "Plan Rows": 1,
      "Plan Width": 8,
      "Actual Startup Time": 101.828,
      "Actual Total Time": 107.343,
      "Actual Rows": 1,
      "Actual Loops": 1,
      "Plans": [
        {
          "Node Type": "Gather",
          "Parent Relationship": "Outer",
          "Parallel Aware": false,
          "Startup Cost": 31629.8,
          "Total Cost": 31630.11,
          "Plan Rows": 3,
          "Plan Width": 8,
          "Actual Startup Time": 101.694,
          "Actual Total Time": 107.334,
          "Actual Rows": 4,
          "Actual Loops": 1,
          "Workers Planned": 3,
          "Workers Launched": 3,
          "Single Copy": false,
          "Plans": [
            {
              "Node Type": "Aggregate",
              "Strategy": "Plain",
              "Partial Mode": "Partial",
              "Parent Relationship": "Outer",
              "Parallel Aware": false,
              "Startup Cost": 30629.8,
              "Total Cost": 30629.81,
              "Plan Rows": 1,
              "Plan Width": 8,
              "Actual Startup Time": 95.244,
              "Actual Total Time": 95.245,
              "Actual Rows": 1,
              "Actual Loops": 4,
              "Plans": [
                {
                  "Node Type": "Seq Scan",
                  "Parent Relationship": "Outer",
                  "Parallel Aware": true,
                  "Relation Name": "movie_companies",
                  "Alias": "mc",
                  "Startup Cost": 0.0,
                  "Total Cost": 29310.68,
                  "Plan Rows": 527646,
                  "Plan Width": 0,
                  "Actual Startup Time": 0.031,
                  "Actual Total Time": 74.732,
                  "Actual Rows": 411450,
                  "Actual Loops": 4,
                  "Filter": "(company_id < 17985)",
                  "Rows Removed by Filter": 240832
                }
              ]
            }
          ]
        }
      ]
    },
    "Planning Time": 0.124,
    "Triggers": [],
    "Execution Time": 107.379
  }
]