[
  {
    "Plan": {
      "Node Type": "Aggregate",
      "Strategy": "Plain",
      "Partial Mode": "Finalize",
      "Parallel Aware": false,
      "Startup Cost": 54267.17,
      "Total Cost": 54267.18,
      "Plan Rows": 1,
      "Plan Width": 8,
      "Actual Startup Time": 70.152,
      "Actual Total Time": 78.81,
      "Actual Rows": 1,
      "Actual Loops": 1,
      "Plans": [
        {
          "Node Type": "Gather",
          "Parent Relationship": "Outer",
          "Parallel Aware": false,
          "Startup Cost": 54266.86,
          "Total Cost": 54267.17,
          "Plan Rows": 3,
          "Plan Width": 8,
          "Actual Startup Time": 69.79,
          "Actual Total Time": 78.802,
          "Actual Rows": 4,
          "Actual Loops": 1,
          "Workers Planned": 3,
          "Workers Launched": 3,
          "Single Copy": false,
          "Plans": [
            {
              "Node Type": "Aggregate",
              "Strategy": "Plain",
              "Partial Mode": "Partial",
              "Parent Relationship": "Outer",
              "Parallel Aware": false,
              "Startup Cost": 53266.86,
              "Total Cost": 53266.87,
              "Plan Rows": 1,
              "Plan Width": 8,
              "Actual Startup Time": 60.122,
              "Actual Total Time": 60.124,
              "Actual Rows": 1,
              "Actual Loops": 4,
              "Plans": [
                {
                  "Node Type": "Nested Loop",
                  "Parent Relationship": "Outer",
                  "Parallel Aware": false,
                  "Join Type": "Inner",
                  "Startup Cost": 290.48,
                  "Total Cost": 53237.38,
                  "Plan Rows": 11789,
                  "Plan Width": 0,
                  "Actual Startup Time": 4.885,
                  "Actual Total Time": 59.53,
                  "Actual Rows": 4375,
                  "Actual Loops": 4,
                  "Inner Unique": false,
                  "Plans": [
                    {
                      "Node Type": "Nested Loop",
                      "Parent Relationship": "Outer",
                      "Parallel Aware": false,
                      "Join Type": "Inner",
                      "Startup Cost": 290.05,
                      "Total Cost": 48534.62,
                      "Plan Rows": 2016,
                      "Plan Width": 8,
                      "Actual Startup Time": 4.748,
                      "Actual Total Time": 46.003,
                      "Actual Rows": 611,
                      "Actual Loops": 4,
                      "Inner Unique": true,
                      "Plans": [
                        {
                          "Node Type": "Bitmap Heap Scan",
                          "Parent Relationship": "Outer",
                          "Parallel Aware": true,
                          "Relation Name": "movie_keyword",
                          "Alias": "mk",
                          "Startup Cost": 289.62,
                          "Total Cost": 21832.65,
                          "Plan Rows": 4378,
                          "Plan Width": 4,
                          "Actual Startup Time": 4.491,
                          "Actual Total Time": 16.561,
                          "Actual Rows": 3161,
                          "Actual Loops": 4,
                          "Recheck Cond": "(keyword_id = 245)",
                          "Rows Removed by Index Recheck": 0,
                          "Exact Heap Blocks": 4718,
                          "Lossy Heap Blocks": 0,
                          "Plans": [
                            {
                              "Node Type": "Bitmap Index Scan",
                              "Parent Relationship": "Outer",
                              "Parallel Aware": false,
                              "Index Name": "keyword_id_movie_keyword",
                              "Startup Cost": 0.0,
                              "Total Cost": 286.22,
                              "Plan Rows": 13572,
                              "Plan Width": 0,
                              "Actual Startup Time": 9.155,
                              "Actual Total Time": 9.156,
                              "Actual Rows": 12645,
                              "Actual Loops": 1,
                              "Index Cond": "(keyword_id = 245)"
                            }
                          ]
                        },
                        {
                          "Node Type": "Index Scan",
                          "Parent Relationship": "Inner",
                          "Parallel Aware": false,
                          "Scan Direction": "Forward",
                          "Index Name": "title_pkey",
                          "Relation Name": "title",
                          "Alias": "t",
                          "Startup Cost": 0.43,
                          "Total Cost": 6.1,
                          "Plan Rows": 1,
                          "Plan Width": 4,
                          "Actual Startup Time": 0.009,
                          "Actual Total Time": 0.009,
                          "Actual Rows": 0,
                          "Actual Loops": 12645,
                          "Index Cond": "(id = mk.movie_id)",
                          "Rows Removed by Index Recheck": 0,
                          "Filter": "((production_year > 1982) AND (kind_id = 7))",
                          "Rows Removed by Filter": 1
                        }
                      ]
                    },
                    {
                      "Node Type": "Index Only Scan",
                      "Parent Relationship": "Inner",
                      "Parallel Aware": false,
                      "Scan Direction": "Forward",
                      "Index Name": "movie_id_movie_info",
                      "Relation Name": "movie_info",
                      "Alias": "mi",
                      "Startup Cost": 0.43,
                      "Total Cost": 1.91,
                      "Plan Rows": 42,
                      "Plan Width": 4,
                      "Actual Startup Time": 0.009,
                      "Actual Total Time": 0.02,
                      "Actual Rows": 7,
                      "Actual Loops": 2445,
                      "Index Cond": "(movie_id = t.id)",
                      "Rows Removed by Index Recheck": 0,
                      "Heap Fetches": 17499
                    }
                  ]
                }
              ]
            }
          ]
        }
      ]
    },
    "Planning Time": 1.421,
    "Triggers": [],
    "Execution Time": 78.917
  }
]