{
  "Plan": {
    "Node Type": "Aggregate",
    "Strategy": "Plain",
    "Partial Mode": "Simple",
    "Parallel Aware": false,
    "Startup Cost": 4938.89,
    "Total Cost": 4938.9,
    "Plan Rows": 1,
    "Plan Width": 64,
    "Actual Startup Time": 111.197,
    "Actual Total Time": 111.202,
    "Actual Rows": 1,
    "Actual Loops": 1,
    "Plans": [
      {
        "Node Type": "Nested Loop",
        "Parent Relationship": "Outer",
        "Parallel Aware": false,
        "Join Type": "Inner",
        "Startup Cost": 12.11,
        "Total Cost": 4938.89,
        "Plan Rows": 1,
        "Plan Width": 23,
        "Actual Startup Time": 87.11,
        "Actual Total Time": 111.19,
        "Actual Rows": 2,
        "Actual Loops": 1,
        "Inner Unique": true,
        "Join Filter": "(mi_idx.info_type_id = it2.id)",
        "Rows Removed by Join Filter": 1,
        "Plans": [
          {
            "Node Type": "Nested Loop",
            "Parent Relationship": "Outer",
            "Parallel Aware": false,
            "Join Type": "Inner",
            "Startup Cost": 12.11,
            "Total Cost": 4936.46,
            "Plan Rows": 1,
            "Plan Width": 27,
            "Actual Startup Time": 87.089,
            "Actual Total Time": 111.13,
            "Actual Rows": 3,
            "Actual Loops": 1,
            "Inner Unique": true,
            "Join Filter": "(mi.info_type_id = it1.id)",
            "Rows Removed by Join Filter": 3,
            "Plans": [
              {
                "Node Type": "Nested Loop",
                "Parent Relationship": "Outer",
                "Parallel Aware": false,
                "Join Type": "Inner",
                "Startup Cost": 12.11,
                "Total Cost": 4934.04,
                "Plan Rows": 1,
                "Plan Width": 31,
                "Actual Startup Time": 87.072,
                "Actual Total Time": 111.031,
                "Actual Rows": 6,
                "Actual Loops": 1,
                "Inner Unique": false,
                "Join Filter": "(t.id = mi.movie_id)",
                "Rows Removed by Join Filter": 0,
                "Plans": [
                  {
                    "Node Type": "Nested Loop",
                    "Parent Relationship": "Outer",
                    "Parallel Aware": false,
                    "Join Type": "Inner",
                    "Startup Cost": 11.68,
                    "Total Cost": 4932.18,
                    "Plan Rows": 1,
                    "Plan Width": 39,
                    "Actual Startup Time": 10.152,
                    "Actual Total Time": 110.749,
                    "Actual Rows": 4,
                    "Actual Loops": 1,
                    "Inner Unique": true,
                    "Join Filter": "(t.kind_id = kt.id)",
                    "Rows Removed by Join Filter": 2,
                    "Plans": [
                      {
                        "Node Type": "Nested Loop",
                        "Parent Relationship": "Outer",
                        "Parallel Aware": false,
                        "Join Type": "Inner",
                        "Startup Cost": 11.68,
                        "Total Cost": 4931.08,
                        "Plan Rows": 1,
                        "Plan Width": 43,
                        "Actual Startup Time": 10.133,
                        "Actual Total Time": 110.677,
                        "Actual Rows": 6,
                        "Actual Loops": 1,
                        "Inner Unique": false,
                        "Join Filter": "(t.id = mi_idx.movie_id)",
                        "Rows Removed by Join Filter": 0,
                        "Plans": [
                          {
                            "Node Type": "Nested Loop",
                            "Parent Relationship": "Outer",
                            "Parallel Aware": false,
                            "Join Type": "Inner",
                            "Startup Cost": 11.25,
                            "Total Cost": 4930.57,
                            "Plan Rows": 1,
                            "Plan Width": 29,
                            "Actual Startup Time": 10.108,
                            "Actual Total Time": 110.571,
                            "Actual Rows": 8,
                            "Actual Loops": 1,
                            "Inner Unique": true,
                            "Plans": [
                              {
                                "Node Type": "Nested Loop",
                                "Parent Relationship": "Outer",
                                "Parallel Aware": false,
                                "Join Type": "Inner",
                                "Startup Cost": 10.82,
                                "Total Cost": 4897.25,
                                "Plan Rows": 67,
                                "Plan Width": 4,
                                "Actual Startup Time": 8.076,
                                "Actual Total Time": 71.048,
                                "Actual Rows": 10188,
                                "Actual Loops": 1,
                                "Inner Unique": false,
                                "Plans": [
                                  {
                                    "Node Type": "Seq Scan",
                                    "Parent Relationship": "Outer",
                                    "Parallel Aware": false,
                                    "Relation Name": "keyword",
                                    "Alias": "k",
                                    "Startup Cost": 0.0,
                                    "Total Cost": 2626.12,
                                    "Plan Rows": 2,
                                    "Plan Width": 4,
                                    "Actual Startup Time": 1.945,
                                    "Actual Total Time": 18.803,
                                    "Actual Rows": 2,
                                    "Actual Loops": 1,
                                    "Filter": "(keyword = ANY ('{violence,stabbed-in-the-chest}'::text[]))",
                                    "Rows Removed by Filter": 134168
                                  },
                                  {
                                    "Node Type": "Bitmap Heap Scan",
                                    "Parent Relationship": "Inner",
                                    "Parallel Aware": false,
                                    "Relation Name": "movie_keyword",
                                    "Alias": "mk",
                                    "Startup Cost": 10.82,
                                    "Total Cost": 1132.48,
                                    "Plan Rows": 308,
                                    "Plan Width": 8,
                                    "Actual Startup Time": 18.527,
                                    "Actual Total Time": 25.412,
                                    "Actual Rows": 5094,
                                    "Actual Loops": 2,
                                    "Recheck Cond": "(keyword_id = k.id)",
                                    "Rows Removed by Index Recheck": 0,
                                    "Exact Heap Blocks": 8098,
                                    "Lossy Heap Blocks": 0,
                                    "Plans": [
                                      {
                                        "Node Type": "Bitmap Index Scan",
                                        "Parent Relationship": "Outer",
                                        "Parallel Aware": false,
                                        "Index Name": "keyword_id_movie_keyword",
                                        "Startup Cost": 0.0,
                                        "Total Cost": 10.74,
                                        "Plan Rows": 308,
                                        "Plan Width": 0,
                                        "Actual Startup Time": 16.913,
                                        "Actual Total Time": 16.913,
                                        "Actual Rows": 5094,
                                        "Actual Loops": 2,
                                        "Index Cond": "(keyword_id = k.id)"
                                      }
                                    ]
                                  }
                                ]
                              },
                              {
                                "Node Type": "Index Scan",
                                "Parent Relationship": "Inner",
                                "Parallel Aware": false,
                                "Scan Direction": "Forward",
                                "Index Name": "title_pkey",
                                "Relation Name": "title",
                                "Alias": "t",
                                "Startup Cost": 0.43,
                                "Total Cost": 0.5,
                                "Plan Rows": 1,
                                "Plan Width": 25,
                                "Actual Startup Time": 0.004,
                                "Actual Total Time": 0.004,
                                "Actual Rows": 0,
                                "Actual Loops": 10188,
                                "Index Cond": "(id = mk.movie_id)",
                                "Rows Removed by Index Recheck": 0,
                                "Filter": "((production_year > 2008) AND ((title ~~ '%murder%'::text) OR (title ~~ '%Murder%'::text) OR (title ~~ '%Mord%'::text)))",
                                "Rows Removed by Filter": 1
                              }
                            ]
                          },
                          {
                            "Node Type": "Index Scan",
                            "Parent Relationship": "Inner",
                            "Parallel Aware": false,
                            "Scan Direction": "Forward",
                            "Index Name": "movie_id_movie_info_idx",
                            "Relation Name": "movie_info_idx",
                            "Alias": "mi_idx",
                            "Startup Cost": 0.43,
                            "Total Cost": 0.5,
                            "Plan Rows": 1,
                            "Plan Width": 14,
                            "Actual Startup Time": 0.011,
                            "Actual Total Time": 0.011,
                            "Actual Rows": 1,
                            "Actual Loops": 8,
                            "Index Cond": "(movie_id = mk.movie_id)",
                            "Rows Removed by Index Recheck": 0,
                            "Filter": "(info > '6.3'::text)",
                            "Rows Removed by Filter": 2
                          }
                        ]
                      },
                      {
                        "Node Type": "Seq Scan",
                        "Parent Relationship": "Inner",
                        "Parallel Aware": false,
                        "Relation Name": "kind_type",
                        "Alias": "kt",
                        "Startup Cost": 0.0,
                        "Total Cost": 1.09,
                        "Plan Rows": 1,
                        "Plan Width": 4,
                        "Actual Startup Time": 0.006,
                        "Actual Total Time": 0.006,
                        "Actual Rows": 1,
                        "Actual Loops": 6,
                        "Filter": "((kind)::text = 'episode'::text)",
                        "Rows Removed by Filter": 6
                      }
                    ]
                  },
                  {
                    "Node Type": "Index Scan",
                    "Parent Relationship": "Inner",
                    "Parallel Aware": false,
                    "Scan Direction": "Forward",
                    "Index Name": "movie_id_movie_info",
                    "Relation Name": "movie_info",
                    "Alias": "mi",
                    "Startup Cost": 0.43,
                    "Total Cost": 1.8,
                    "Plan Rows": 5,
                    "Plan Width": 8,
                    "Actual Startup Time": 0.063,
                    "Actual Total Time": 0.067,
                    "Actual Rows": 2,
                    "Actual Loops": 4,
                    "Index Cond": "(movie_id = mk.movie_id)",
                    "Rows Removed by Index Recheck": 0,
                    "Filter": "(info = ANY ('{Bulgaria,Germany,USA,English,Norwegian,American,Swedish,Norway,German,USA}'::text[]))",
                    "Rows Removed by Filter": 29
                  }
                ]
              },
              {
                "Node Type": "Seq Scan",
                "Parent Relationship": "Inner",
                "Parallel Aware": false,
                "Relation Name": "info_type",
                "Alias": "it1",
                "Startup Cost": 0.0,
                "Total Cost": 2.41,
                "Plan Rows": 1,
                "Plan Width": 4,
                "Actual Startup Time": 0.007,
                "Actual Total Time": 0.013,
                "Actual Rows": 1,
                "Actual Loops": 6,
                "Filter": "((info)::text = 'countries'::text)",
                "Rows Removed by Filter": 60
              }
            ]
          },
          {
            "Node Type": "Seq Scan",
            "Parent Relationship": "Inner",
            "Parallel Aware": false,
            "Relation Name": "info_type",
            "Alias": "it2",
            "Startup Cost": 0.0,
            "Total Cost": 2.41,
            "Plan Rows": 1,
            "Plan Width": 4,
            "Actual Startup Time": 0.016,
            "Actual Total Time": 0.017,
            "Actual Rows": 1,
            "Actual Loops": 3,
            "Filter": "((info)::text = 'rating'::text)",
            "Rows Removed by Filter": 104
          }
        ]
      }
    ]
  },
  "Planning Time": 2.536,
  "Triggers": [],
  "Execution Time": 111.351
}