[
  {
    "Plan": {
      "Node Type": "Aggregate",
      "Strategy": "Plain",
      "Partial Mode": "Finalize",
      "Parallel Aware": false,
      "Startup Cost": 440326.96,
      "Total Cost": 440326.97,
      "Plan Rows": 1,
      "Plan Width": 8,
      "Actual Startup Time": 4538.347,
      "Actual Total Time": 4601.381,
      "Actual Rows": 1,
      "Actual Loops": 1,
      "Plans": [
        {
          "Node Type": "Gather",
          "Parent Relationship": "Outer",
          "Parallel Aware": false,
          "Startup Cost": 440326.33,
          "Total Cost": 440326.94,
          "Plan Rows": 6,
          "Plan Width": 8,
          "Actual Startup Time": 4519.154,
          "Actual Total Time": 4601.368,
          "Actual Rows": 7,
          "Actual Loops": 1,
          "Workers Planned": 6,
          "Workers Launched": 6,
          "Single Copy": false,
          "Plans": [
            {
              "Node Type": "Aggregate",
              "Strategy": "Plain",
              "Partial Mode": "Partial",
              "Parent Relationship": "Outer",
              "Parallel Aware": false,
              "Startup Cost": 439326.33,
              "Total Cost": 439326.34,
              "Plan Rows": 1,
              "Plan Width": 8,
              "Actual Startup Time": 4507.724,
              "Actual Total Time": 4507.808,
              "Actual Rows": 1,
              "Actual Loops": 7,
              "Plans": [
                {
                  "Node Type": "Hash Join",
                  "Parent Relationship": "Outer",
                  "Parallel Aware": true,
                  "Join Type": "Inner",
                  "Startup Cost": 92872.58,
                  "Total Cost": 434658.9,
                  "Plan Rows": 1866973,
                  "Plan Width": 0,
                  "Actual Startup Time": 504.232,
                  "Actual Total Time": 3684.781,
                  "Actual Rows": 18763091,
                  "Actual Loops": 7,
                  "Inner Unique": false,
                  "Hash Cond": "(ci.movie_id = t.id)",
                  "Plans": [
                    {
                      "Node Type": "Seq Scan",
                      "Parent Relationship": "Outer",
                      "Parallel Aware": true,
                      "Relation Name": "cast_info",
                      "Alias": "ci",
                      "Startup Cost": 0.0,
                      "Total Cost": 313106.51,
                      "Plan Rows": 6041951,
                      "Plan Width": 4,
                      "Actual Startup Time": 0.043,
                      "Actual Total Time": 562.944,
                      "Actual Rows": 5177763,
                      "Actual Loops": 7
                    },
                    {
                      "Node Type": "Hash",
                      "Parent Relationship": "Inner",
                      "Parallel Aware": true,
                      "Startup Cost": 89722.23,
                      "Total Cost": 89722.23,
                      "Plan Rows": 252028,
                      "Plan Width": 8,
                      "Actual Startup Time": 500.697,
                      "Actual Total Time": 500.78,
                      "Actual Rows": 341132,
                      "Actual Loops": 7,
                      "Hash Buckets": 4194304,
                      "Original Hash Buckets": 1048576,
                      "Hash Batches": 1,
                      "Original Hash Batches": 1,
                      "Peak Memory Usage": 150880,
                      "Plans": [
                        {
                          "Node Type": "Hash Join",
                          "Parent Relationship": "Outer",
                          "Parallel Aware": true,
                          "Join Type": "Inner",
                          "Startup Cost": 46844.15,
                          "Total Cost": 89722.23,
                          "Plan Rows": 252028,
                          "Plan Width": 8,
                          "Actual Startup Time": 151.223,
                          "Actual Total Time": 298.597,
                          "Actual Rows": 341132,
                          "Actual Loops": 7,
                          "Inner Unique": true,
                          "Hash Cond": "(mk.movie_id = t.id)",
                          "Plans": [
                            {
                              "Node Type": "Seq Scan",
                              "Parent Relationship": "Outer",
                              "Parallel Aware": true,
                              "Relation Name": "movie_keyword",
                              "Alias": "mk",
                              "Startup Cost": 0.0,
                              "Total Cost": 39047.32,
                              "Plan Rows": 1459332,
                              "Plan Width": 4,
                              "Actual Startup Time": 0.017,
                              "Actual Total Time": 70.016,
                              "Actual Rows": 646276,
                              "Actual Loops": 7
                            },
                            {
                              "Node Type": "Hash",
                              "Parent Relationship": "Inner",
                              "Parallel Aware": true,
                              "Startup Cost": 45479.59,
                              "Total Cost": 45479.59,
                              "Plan Rows": 109165,
                              "Plan Width": 4,
                              "Actual Startup Time": 122.322,
                              "Actual Total Time": 122.324,
                              "Actual Rows": 67703,
                              "Actual Loops": 7,
                              "Hash Buckets": 524288,
                              "Original Hash Buckets": 524288,
                              "Hash Batches": 1,
                              "Original Hash Batches": 1,
                              "Peak Memory Usage": 22752,
                              "Plans": [
                                {
                                  "Node Type": "Seq Scan",
                                  "Parent Relationship": "Outer",
                                  "Parallel Aware": true,
                                  "Relation Name": "title",
                                  "Alias": "t",
                                  "Startup Cost": 0.0,
                                  "Total Cost": 45479.59,
                                  "Plan Rows": 109165,
                                  "Plan Width": 4,
                                  "Actual Startup Time": 56.817,
                                  "Actual Total Time": 88.898,
                                  "Actual Rows": 67703,
                                  "Actual Loops": 7,
                                  "Filter": "((production_year < 2008) AND (kind_id = 1))",
                                  "Rows Removed by Filter": 293485
                                }
                              ]
                            }
                          ]
                        }
                      ]
                    }
                  ]
                }
              ]
            }
          ]
        }
      ]
    },
    "Planning Time": 1.314,
    "Triggers": [],
    "Execution Time": 4601.476
  }
]