{
  "Plan": {
    "Node Type": "Aggregate",
    "Strategy": "Plain",
    "Partial Mode": "Finalize",
    "Parallel Aware": false,
    "Startup Cost": 102034.43,
    "Total Cost": 102034.44,
    "Plan Rows": 1,
    "Plan Width": 8,
    "Actual Startup Time": 262.352,
    "Actual Total Time": 274.336,
    "Actual Rows": 1,
    "Actual Loops": 1,
    "Plans": [
      {
        "Node Type": "Gather",
        "Parent Relationship": "Outer",
        "Parallel Aware": false,
        "Startup Cost": 102034.31,
        "Total Cost": 102034.42,
        "Plan Rows": 1,
        "Plan Width": 8,
        "Actual Startup Time": 262.085,
        "Actual Total Time": 274.329,
        "Actual Rows": 2,
        "Actual Loops": 1,
        "Workers Planned": 1,
        "Workers Launched": 1,
        "Single Copy": false,
        "Plans": [
          {
            "Node Type": "Aggregate",
            "Strategy": "Plain",
            "Partial Mode": "Partial",
            "Parent Relationship": "Outer",
            "Parallel Aware": false,
            "Startup Cost": 101034.31,
            "Total Cost": 101034.32,
            "Plan Rows": 1,
            "Plan Width": 8,
            "Actual Startup Time": 256.154,
            "Actual Total Time": 256.157,
            "Actual Rows": 1,
            "Actual Loops": 2,
            "Plans": [
              {
                "Node Type": "Hash Join",
                "Parent Relationship": "Outer",
                "Parallel Aware": true,
                "Join Type": "Inner",
                "Startup Cost": 58666.79,
                "Total Cost": 101019.95,
                "Plan Rows": 5746,
                "Plan Width": 0,
                "Actual Startup Time": 178.662,
                "Actual Total Time": 255.925,
                "Actual Rows": 3584,
                "Actual Loops": 2,
                "Inner Unique": true,
                "Hash Cond": "(mc.movie_id = t.id)",
                "Plans": [
                  {
                    "Node Type": "Index Scan",
                    "Parent Relationship": "Outer",
                    "Parallel Aware": true,
                    "Scan Direction": "Forward",
                    "Index Name": "company_type_id_movie_companies",
                    "Relation Name": "movie_companies",
                    "Alias": "mc",
                    "Startup Cost": 0.43,
                    "Total Cost": 41574.35,
                    "Plan Rows": 296853,
                    "Plan Width": 4,
                    "Actual Startup Time": 28.496,
                    "Actual Total Time": 91.671,
                    "Actual Rows": 102338,
                    "Actual Loops": 2,
                    "Index Cond": "(company_type_id = 1)",
                    "Rows Removed by Index Recheck": 0,
                    "Filter": "(company_id > 15338)",
                    "Rows Removed by Filter": 534785
                  },
                  {
                    "Node Type": "Hash",
                    "Parent Relationship": "Inner",
                    "Parallel Aware": true,
                    "Startup Cost": 58306.47,
                    "Total Cost": 58306.47,
                    "Plan Rows": 28791,
                    "Plan Width": 4,
                    "Actual Startup Time": 149.065,
                    "Actual Total Time": 149.067,
                    "Actual Rows": 20450,
                    "Actual Loops": 2,
                    "Hash Buckets": 65536,
                    "Original Hash Buckets": 65536,
                    "Hash Batches": 1,
                    "Original Hash Batches": 1,
                    "Peak Memory Usage": 2144,
                    "Plans": [
                      {
                        "Node Type": "Seq Scan",
                        "Parent Relationship": "Outer",
                        "Parallel Aware": true,
                        "Relation Name": "title",
                        "Alias": "t",
                        "Startup Cost": 0.0,
                        "Total Cost": 58306.47,
                        "Plan Rows": 28791,
                        "Plan Width": 4,
                        "Actual Startup Time": 0.18,
                        "Actual Total Time": 142.184,
                        "Actual Rows": 20450,
                        "Actual Loops": 2,
                        "Filter": "((kind_id < 4) AND (production_year = 2010))",
                        "Rows Removed by Filter": 1243706
                      }
                    ]
                  }
                ]
              }
            ]
          }
        ]
      }
    ]
  },
  "Planning Time": 0.46,
  "Triggers": [],
  "Execution Time": 274.407
}