[
  {
    "Plan": {
      "Node Type": "Aggregate",
      "Strategy": "Plain",
      "Partial Mode": "Finalize",
      "Parallel Aware": false,
      "Startup Cost": 248846.07,
      "Total Cost": 248846.08,
      "Plan Rows": 1,
      "Plan Width": 8,
      "Actual Startup Time": 402.608,
      "Actual Total Time": 428.146,
      "Actual Rows": 1,
      "Actual Loops": 1,
      "Plans": [
        {
          "Node Type": "Gather",
          "Parent Relationship": "Outer",
          "Parallel Aware": false,
          "Startup Cost": 248845.76,
          "Total Cost": 248846.07,
          "Plan Rows": 3,
          "Plan Width": 8,
          "Actual Startup Time": 396.671,
          "Actual Total Time": 428.139,
          "Actual Rows": 4,
          "Actual Loops": 1,
          "Workers Planned": 3,
          "Workers Launched": 3,
          "Single Copy": false,
          "Plans": [
            {
              "Node Type": "Aggregate",
              "Strategy": "Plain",
              "Partial Mode": "Partial",
              "Parent Relationship": "Outer",
              "Parallel Aware": false,
              "Startup Cost": 247845.76,
              "Total Cost": 247845.77,
              "Plan Rows": 1,
              "Plan Width": 8,
              "Actual Startup Time": 388.909,
              "Actual Total Time": 388.914,
              "Actual Rows": 1,
              "Actual Loops": 4,
              "Plans": [
                {
                  "Node Type": "Nested Loop",
                  "Parent Relationship": "Outer",
                  "Parallel Aware": false,
                  "Join Type": "Inner",
                  "Startup Cost": 61409.04,
                  "Total Cost": 247755.1,
                  "Plan Rows": 36262,
                  "Plan Width": 0,
                  "Actual Startup Time": 207.935,
                  "Actual Total Time": 388.176,
                  "Actual Rows": 6617,
                  "Actual Loops": 4,
                  "Inner Unique": false,
                  "Plans": [
                    {
                      "Node Type": "Hash Join",
                      "Parent Relationship": "Outer",
                      "Parallel Aware": true,
                      "Join Type": "Inner",
                      "Startup Cost": 61408.61,
                      "Total Cost": 88893.14,
                      "Plan Rows": 69756,
                      "Plan Width": 8,
                      "Actual Startup Time": 207.688,
                      "Actual Total Time": 305.28,
                      "Actual Rows": 10286,
                      "Actual Loops": 4,
                      "Inner Unique": true,
                      "Hash Cond": "(mk.movie_id = t.id)",
                      "Plans": [
                        {
                          "Node Type": "Bitmap Heap Scan",
                          "Parent Relationship": "Outer",
                          "Parallel Aware": true,
                          "Relation Name": "movie_keyword",
                          "Alias": "mk",
                          "Startup Cost": 13178.22,
                          "Total Cost": 40136.79,
                          "Plan Rows": 200366,
                          "Plan Width": 4,
                          "Actual Startup Time": 39.073,
                          "Actual Total Time": 94.792,
                          "Actual Rows": 157838,
                          "Actual Loops": 4,
                          "Recheck Cond": "(keyword_id < 493)",
                          "Rows Removed by Index Recheck": 0,
                          "Exact Heap Blocks": 8087,
                          "Lossy Heap Blocks": 0,
                          "Plans": [
                            {
                              "Node Type": "Bitmap Index Scan",
                              "Parent Relationship": "Outer",
                              "Parallel Aware": false,
                              "Index Name": "keyword_id_movie_keyword",
                              "Startup Cost": 0.0,
                              "Total Cost": 13022.94,
                              "Plan Rows": 621134,
                              "Plan Width": 0,
                              "Actual Startup Time": 35.375,
                              "Actual Total Time": 35.376,
                              "Actual Rows": 631354,
                              "Actual Loops": 1,
                              "Index Cond": "(keyword_id < 493)"
                            }
                          ]
                        },
                        {
                          "Node Type": "Hash",
                          "Parent Relationship": "Inner",
                          "Parallel Aware": true,
                          "Startup Cost": 45479.59,
                          "Total Cost": 45479.59,
                          "Plan Rows": 220064,
                          "Plan Width": 4,
                          "Actual Startup Time": 165.875,
                          "Actual Total Time": 165.876,
                          "Actual Rows": 200378,
                          "Actual Loops": 4,
                          "Hash Buckets": 1048576,
                          "Original Hash Buckets": 1048576,
                          "Hash Batches": 1,
                          "Original Hash Batches": 1,
                          "Peak Memory Usage": 39616,
                          "Plans": [
                            {
                              "Node Type": "Seq Scan",
                              "Parent Relationship": "Outer",
                              "Parallel Aware": true,
                              "Relation Name": "title",
                              "Alias": "t",
                              "Startup Cost": 0.0,
                              "Total Cost": 45479.59,
                              "Plan Rows": 220064,
                              "Plan Width": 4,
                              "Actual Startup Time": 0.036,
                              "Actual Total Time": 102.316,
                              "Actual Rows": 200378,
                              "Actual Loops": 4,
                              "Filter": "((production_year < 2006) AND (kind_id = 7))",
                              "Rows Removed by Filter": 431700
                            }
                          ]
                        }
                      ]
                    },
                    {
                      "Node Type": "Index Scan",
                      "Parent Relationship": "Inner",
                      "Parallel Aware": false,
                      "Scan Direction": "Forward",
                      "Index Name": "movie_id_movie_info",
                      "Relation Name": "movie_info",
                      "Alias": "mi",
                      "Startup Cost": 0.43,
                      "Total Cost": 2.24,
                      "Plan Rows": 4,
                      "Plan Width": 4,
                      "Actual Startup Time": 0.007,
                      "Actual Total Time": 0.008,
                      "Actual Rows": 1,
                      "Actual Loops": 41144,
                      "Index Cond": "(movie_id = t.id)",
                      "Rows Removed by Index Recheck": 0,
                      "Filter": "(info_type_id = 2)",
                      "Rows Removed by Filter": 8
                    }
                  ]
                }
              ]
            }
          ]
        }
      ]
    },
    "Planning Time": 0.628,
    "Triggers": [],
    "Execution Time": 428.203
  }
]