[
  {
    "Plan": {
      "Node Type": "Aggregate",
      "Strategy": "Plain",
      "Partial Mode": "Finalize",
      "Parallel Aware": false,
      "Startup Cost": 332571.77,
      "Total Cost": 332571.78,
      "Plan Rows": 1,
      "Plan Width": 8,
      "Actual Startup Time": 561.025,
      "Actual Total Time": 586.447,
      "Actual Rows": 1,
      "Actual Loops": 1,
      "Plans": [
        {
          "Node Type": "Gather",
          "Parent Relationship": "Outer",
          "Parallel Aware": false,
          "Startup Cost": 332571.15,
          "Total Cost": 332571.76,
          "Plan Rows": 6,
          "Plan Width": 8,
          "Actual Startup Time": 560.93,
          "Actual Total Time": 586.44,
          "Actual Rows": 7,
          "Actual Loops": 1,
          "Workers Planned": 6,
          "Workers Launched": 6,
          "Single Copy": false,
          "Plans": [
            {
              "Node Type": "Aggregate",
              "Strategy": "Plain",
              "Partial Mode": "Partial",
              "Parent Relationship": "Outer",
              "Parallel Aware": false,
              "Startup Cost": 331571.15,
              "Total Cost": 331571.16,
              "Plan Rows": 1,
              "Plan Width": 8,
              "Actual Startup Time": 555.088,
              "Actual Total Time": 555.089,
              "Actual Rows": 1,
              "Actual Loops": 7,
              "Plans": [
                {
                  "Node Type": "Seq Scan",
                  "Parent Relationship": "Outer",
                  "Parallel Aware": true,
                  "Relation Name": "cast_info",
                  "Alias": "ci",
                  "Startup Cost": 0.0,
                  "Total Cost": 328213.62,
                  "Plan Rows": 1343013,
                  "Plan Width": 0,
                  "Actual Startup Time": 290.078,
                  "Actual Total Time": 503.896,
                  "Actual Rows": 1148834,
                  "Actual Loops": 7,
                  "Filter": "(person_id > 2876166)",
                  "Rows Removed by Filter": 4028929
                }
              ]
            }
          ]
        }
      ]
    },
    "Planning Time": 0.075,
    "Triggers": [],
    "Execution Time": 586.477
  }
]