[
  {
    "Plan": {
      "Node Type": "Aggregate",
      "Strategy": "Plain",
      "Partial Mode": "Finalize",
      "Parallel Aware": false,
      "Startup Cost": 347291.15,
      "Total Cost": 347291.16,
      "Plan Rows": 1,
      "Plan Width": 8,
      "Actual Startup Time": 601.869,
      "Actual Total Time": 644.992,
      "Actual Rows": 1,
      "Actual Loops": 1,
      "Plans": [
        {
          "Node Type": "Gather",
          "Parent Relationship": "Outer",
          "Parallel Aware": false,
          "Startup Cost": 347290.53,
          "Total Cost": 347291.14,
          "Plan Rows": 6,
          "Plan Width": 8,
          "Actual Startup Time": 601.765,
          "Actual Total Time": 644.975,
          "Actual Rows": 7,
          "Actual Loops": 1,
          "Workers Planned": 6,
          "Workers Launched": 6,
          "Single Copy": false,
          "Plans": [
            {
              "Node Type": "Aggregate",
              "Strategy": "Plain",
              "Partial Mode": "Partial",
              "Parent Relationship": "Outer",
              "Parallel Aware": false,
              "Startup Cost": 346290.53,
              "Total Cost": 346290.54,
              "Plan Rows": 1,
              "Plan Width": 8,
              "Actual Startup Time": 593.828,
              "Actual Total Time": 593.83,
              "Actual Rows": 1,
              "Actual Loops": 7,
              "Plans": [
                {
                  "Node Type": "Index Scan",
                  "Parent Relationship": "Outer",
                  "Parallel Aware": true,
                  "Scan Direction": "Forward",
                  "Index Name": "role_id_cast_info",
                  "Relation Name": "cast_info",
                  "Alias": "ci",
                  "Startup Cost": 0.56,
                  "Total Cost": 341155.22,
                  "Plan Rows": 2054123,
                  "Plan Width": 0,
                  "Actual Startup Time": 40.031,
                  "Actual Total Time": 490.131,
                  "Actual Rows": 1694496,
                  "Actual Loops": 7,
                  "Index Cond": "(role_id = 1)",
                  "Rows Removed by Index Recheck": 0,
                  "Filter": "(person_id > 113740)",
                  "Rows Removed by Filter": 115602
                }
              ]
            }
          ]
        }
      ]
    },
    "Planning Time": 0.093,
    "Triggers": [],
    "Execution Time": 645.042
  }
]