[
  {
    "Plan": {
      "Node Type": "Aggregate",
      "Strategy": "Plain",
      "Partial Mode": "Finalize",
      "Parallel Aware": false,
      "Startup Cost": 392268.3,
      "Total Cost": 392268.31,
      "Plan Rows": 1,
      "Plan Width": 8,
      "Actual Startup Time": 825.54,
      "Actual Total Time": 890.948,
      "Actual Rows": 1,
      "Actual Loops": 1,
      "Plans": [
        {
          "Node Type": "Gather",
          "Parent Relationship": "Outer",
          "Parallel Aware": false,
          "Startup Cost": 392267.68,
          "Total Cost": 392268.29,
          "Plan Rows": 6,
          "Plan Width": 8,
          "Actual Startup Time": 819.512,
          "Actual Total Time": 890.935,
          "Actual Rows": 7,
          "Actual Loops": 1,
          "Workers Planned": 6,
          "Workers Launched": 6,
          "Single Copy": false,
          "Plans": [
            {
              "Node Type": "Aggregate",
              "Strategy": "Plain",
              "Partial Mode": "Partial",
              "Parent Relationship": "Outer",
              "Parallel Aware": false,
              "Startup Cost": 391267.68,
              "Total Cost": 391267.69,
              "Plan Rows": 1,
              "Plan Width": 8,
              "Actual Startup Time": 808.313,
              "Actual Total Time": 808.316,
              "Actual Rows": 1,
              "Actual Loops": 7,
              "Plans": [
                {
                  "Node Type": "Hash Join",
                  "Parent Relationship": "Outer",
                  "Parallel Aware": true,
                  "Join Type": "Inner",
                  "Startup Cost": 46533.97,
                  "Total Cost": 390911.71,
                  "Plan Rows": 142389,
                  "Plan Width": 0,
                  "Actual Startup Time": 461.85,
                  "Actual Total Time": 804.944,
                  "Actual Rows": 74848,
                  "Actual Loops": 7,
                  "Inner Unique": true,
                  "Hash Cond": "(ci.movie_id = t.id)",
                  "Plans": [
                    {
                      "Node Type": "Seq Scan",
                      "Parent Relationship": "Outer",
                      "Parallel Aware": true,
                      "Relation Name": "cast_info",
                      "Alias": "ci",
                      "Startup Cost": 0.0,
                      "Total Cost": 343257.03,
                      "Plan Rows": 426937,
                      "Plan Width": 4,
                      "Actual Startup Time": 320.029,
                      "Actual Total Time": 580.582,
                      "Actual Rows": 228896,
                      "Actual Loops": 7,
                      "Filter": "((person_id < 561784) AND (role_id > 2))",
                      "Rows Removed by Filter": 4948868
                    },
                    {
                      "Node Type": "Hash",
                      "Parent Relationship": "Inner",
                      "Parallel Aware": true,
                      "Startup Cost": 43898.92,
                      "Total Cost": 43898.92,
                      "Plan Rows": 210804,
                      "Plan Width": 4,
                      "Actual Startup Time": 138.269,
                      "Actual Total Time": 138.27,
                      "Actual Rows": 121306,
                      "Actual Loops": 7,
                      "Hash Buckets": 1048576,
                      "Original Hash Buckets": 1048576,
                      "Hash Batches": 1,
                      "Original Hash Batches": 1,
                      "Peak Memory Usage": 41568,
                      "Plans": [
                        {
                          "Node Type": "Seq Scan",
                          "Parent Relationship": "Outer",
                          "Parallel Aware": true,
                          "Relation Name": "title",
                          "Alias": "t",
                          "Startup Cost": 0.0,
                          "Total Cost": 43898.92,
                          "Plan Rows": 210804,
                          "Plan Width": 4,
                          "Actual Startup Time": 0.042,
                          "Actual Total Time": 80.658,
                          "Actual Rows": 121306,
                          "Actual Loops": 7,
                          "Filter": "(production_year < 1996)",
                          "Rows Removed by Filter": 239882
                        }
                      ]
                    }
                  ]
                }
              ]
            }
          ]
        }
      ]
    },
    "Planning Time": 0.634,
    "Triggers": [],
    "Execution Time": 891.035
  }
]