[
  {
    "Plan": {
      "Node Type": "Aggregate",
      "Strategy": "Plain",
      "Partial Mode": "Finalize",
      "Parallel Aware": false,
      "Startup Cost": 45650.58,
      "Total Cost": 45650.59,
      "Plan Rows": 1,
      "Plan Width": 8,
      "Actual Startup Time": 155.041,
      "Actual Total Time": 164.795,
      "Actual Rows": 1,
      "Actual Loops": 1,
      "Plans": [
        {
          "Node Type": "Gather",
          "Parent Relationship": "Outer",
          "Parallel Aware": false,
          "Startup Cost": 45650.26,
          "Total Cost": 45650.57,
          "Plan Rows": 3,
          "Plan Width": 8,
          "Actual Startup Time": 154.887,
          "Actual Total Time": 164.785,
          "Actual Rows": 4,
          "Actual Loops": 1,
          "Workers Planned": 3,
          "Workers Launched": 3,
          "Single Copy": false,
          "Plans": [
            {
              "Node Type": "Aggregate",
              "Strategy": "Plain",
              "Partial Mode": "Partial",
              "Parent Relationship": "Outer",
              "Parallel Aware": false,
              "Startup Cost": 44650.26,
              "Total Cost": 44650.27,
              "Plan Rows": 1,
              "Plan Width": 8,
              "Actual Startup Time": 149.466,
              "Actual Total Time": 149.467,
              "Actual Rows": 1,
              "Actual Loops": 4,
              "Plans": [
                {
                  "Node Type": "Seq Scan",
                  "Parent Relationship": "Outer",
                  "Parallel Aware": true,
                  "Relation Name": "movie_keyword",
                  "Alias": "mk",
                  "Startup Cost": 0.0,
                  "Total Cost": 42695.65,
                  "Plan Rows": 781842,
                  "Plan Width": 0,
                  "Actual Startup Time": 0.494,
                  "Actual Total Time": 120.37,
                  "Actual Rows": 603405,
                  "Actual Loops": 4,
                  "Filter": "(keyword_id > 3818)",
                  "Rows Removed by Filter": 527577
                }
              ]
            }
          ]
        }
      ]
    },
    "Planning Time": 0.16,
    "Triggers": [],
    "Execution Time": 164.843
  }
]