[
  {
    "Plan": {
      "Node Type": "Aggregate",
      "Strategy": "Plain",
      "Partial Mode": "Finalize",
      "Parallel Aware": false,
      "Startup Cost": 90218.66,
      "Total Cost": 90218.67,
      "Plan Rows": 1,
      "Plan Width": 8,
      "Actual Startup Time": 361.464,
      "Actual Total Time": 384.524,
      "Actual Rows": 1,
      "Actual Loops": 1,
      "Plans": [
        {
          "Node Type": "Gather",
          "Parent Relationship": "Outer",
          "Parallel Aware": false,
          "Startup Cost": 90218.35,
          "Total Cost": 90218.66,
          "Plan Rows": 3,
          "Plan Width": 8,
          "Actual Startup Time": 361.189,
          "Actual Total Time": 384.512,
          "Actual Rows": 4,
          "Actual Loops": 1,
          "Workers Planned": 3,
          "Workers Launched": 3,
          "Single Copy": false,
          "Plans": [
            {
              "Node Type": "Aggregate",
              "Strategy": "Plain",
              "Partial Mode": "Partial",
              "Parent Relationship": "Outer",
              "Parallel Aware": false,
              "Startup Cost": 89218.35,
              "Total Cost": 89218.36,
              "Plan Rows": 1,
              "Plan Width": 8,
              "Actual Startup Time": 353.214,
              "Actual Total Time": 353.217,
              "Actual Rows": 1,
              "Actual Loops": 4,
              "Plans": [
                {
                  "Node Type": "Nested Loop",
                  "Parent Relationship": "Outer",
                  "Parallel Aware": false,
                  "Join Type": "Inner",
                  "Startup Cost": 1474.55,
                  "Total Cost": 89052.97,
                  "Plan Rows": 66151,
                  "Plan Width": 0,
                  "Actual Startup Time": 6.446,
                  "Actual Total Time": 333.419,
                  "Actual Rows": 296894,
                  "Actual Loops": 4,
                  "Inner Unique": false,
                  "Plans": [
                    {
                      "Node Type": "Nested Loop",
                      "Parent Relationship": "Outer",
                      "Parallel Aware": false,
                      "Join Type": "Inner",
                      "Startup Cost": 1474.12,
                      "Total Cost": 67596.7,
                      "Plan Rows": 11266,
                      "Plan Width": 8,
                      "Actual Startup Time": 6.281,
                      "Actual Total Time": 73.614,
                      "Actual Rows": 16844,
                      "Actual Loops": 4,
                      "Inner Unique": true,
                      "Plans": [
                        {
                          "Node Type": "Bitmap Heap Scan",
                          "Parent Relationship": "Outer",
                          "Parallel Aware": true,
                          "Relation Name": "movie_companies",
                          "Alias": "mc",
                          "Startup Cost": 1473.69,
                          "Total Cost": 20594.35,
                          "Plan Rows": 11266,
                          "Plan Width": 4,
                          "Actual Startup Time": 6.129,
                          "Actual Total Time": 14.351,
                          "Actual Rows": 16844,
                          "Actual Loops": 4,
                          "Recheck Cond": "(company_id > 178429)",
                          "Rows Removed by Index Recheck": 0,
                          "Filter": "(company_type_id > 1)",
                          "Rows Removed by Filter": 0,
                          "Exact Heap Blocks": 936,
                          "Lossy Heap Blocks": 0,
                          "Plans": [
                            {
                              "Node Type": "Bitmap Index Scan",
                              "Parent Relationship": "Outer",
                              "Parallel Aware": false,
                              "Index Name": "company_id_movie_companies",
                              "Startup Cost": 0.0,
                              "Total Cost": 1464.96,
                              "Plan Rows": 68337,
                              "Plan Width": 0,
                              "Actual Startup Time": 12.332,
                              "Actual Total Time": 12.333,
                              "Actual Rows": 67377,
                              "Actual Loops": 1,
                              "Index Cond": "(company_id > 178429)"
                            }
                          ]
                        },
                        {
                          "Node Type": "Index Only Scan",
                          "Parent Relationship": "Inner",
                          "Parallel Aware": false,
                          "Scan Direction": "Forward",
                          "Index Name": "title_pkey",
                          "Relation Name": "title",
                          "Alias": "t",
                          "Startup Cost": 0.43,
                          "Total Cost": 4.17,
                          "Plan Rows": 1,
                          "Plan Width": 4,
                          "Actual Startup Time": 0.003,
                          "Actual Total Time": 0.003,
                          "Actual Rows": 1,
                          "Actual Loops": 67377,
                          "Index Cond": "(id = mc.movie_id)",
                          "Rows Removed by Index Recheck": 0,
                          "Heap Fetches": 67377
                        }
                      ]
                    },
                    {
                      "Node Type": "Index Only Scan",
                      "Parent Relationship": "Inner",
                      "Parallel Aware": false,
                      "Scan Direction": "Forward",
                      "Index Name": "movie_id_movie_info",
                      "Relation Name": "movie_info",
                      "Alias": "mi",
                      "Startup Cost": 0.43,
                      "Total Cost": 1.49,
                      "Plan Rows": 41,
                      "Plan Width": 4,
                      "Actual Startup Time": 0.005,
                      "Actual Total Time": 0.013,
                      "Actual Rows": 18,
                      "Actual Loops": 67377,
                      "Index Cond": "(movie_id = t.id)",
                      "Rows Removed by Index Recheck": 0,
                      "Heap Fetches": 1187574
                    }
                  ]
                }
              ]
            }
          ]
        }
      ]
    },
    "Planning Time": 1.656,
    "Triggers": [],
    "Execution Time": 384.647
  }
]