[
  {
    "Plan": {
      "Node Type": "Aggregate",
      "Strategy": "Plain",
      "Partial Mode": "Finalize",
      "Parallel Aware": false,
      "Startup Cost": 84728.72,
      "Total Cost": 84728.73,
      "Plan Rows": 1,
      "Plan Width": 8,
      "Actual Startup Time": 427.477,
      "Actual Total Time": 459.846,
      "Actual Rows": 1,
      "Actual Loops": 1,
      "Plans": [
        {
          "Node Type": "Gather",
          "Parent Relationship": "Outer",
          "Parallel Aware": false,
          "Startup Cost": 84728.3,
          "Total Cost": 84728.71,
          "Plan Rows": 4,
          "Plan Width": 8,
          "Actual Startup Time": 426.882,
          "Actual Total Time": 459.831,
          "Actual Rows": 5,
          "Actual Loops": 1,
          "Workers Planned": 4,
          "Workers Launched": 4,
          "Single Copy": false,
          "Plans": [
            {
              "Node Type": "Aggregate",
              "Strategy": "Plain",
              "Partial Mode": "Partial",
              "Parent Relationship": "Outer",
              "Parallel Aware": false,
              "Startup Cost": 83728.3,
              "Total Cost": 83728.31,
              "Plan Rows": 1,
              "Plan Width": 8,
              "Actual Startup Time": 416.529,
              "Actual Total Time": 416.533,
              "Actual Rows": 1,
              "Actual Loops": 5,
              "Plans": [
                {
                  "Node Type": "Nested Loop",
                  "Parent Relationship": "Outer",
                  "Parallel Aware": false,
                  "Join Type": "Inner",
                  "Startup Cost": 20798.23,
                  "Total Cost": 83597.46,
                  "Plan Rows": 52336,
                  "Plan Width": 0,
                  "Actual Startup Time": 127.098,
                  "Actual Total Time": 404.044,
                  "Actual Rows": 237515,
                  "Actual Loops": 5,
                  "Inner Unique": false,
                  "Plans": [
                    {
                      "Node Type": "Hash Join",
                      "Parent Relationship": "Outer",
                      "Parallel Aware": true,
                      "Join Type": "Inner",
                      "Startup Cost": 20797.79,
                      "Total Cost": 66305.76,
                      "Plan Rows": 8950,
                      "Plan Width": 8,
                      "Actual Startup Time": 126.997,
                      "Actual Total Time": 180.313,
                      "Actual Rows": 13475,
                      "Actual Loops": 5,
                      "Inner Unique": false,
                      "Hash Cond": "(t.id = mc.movie_id)",
                      "Plans": [
                        {
                          "Node Type": "Seq Scan",
                          "Parent Relationship": "Outer",
                          "Parallel Aware": true,
                          "Relation Name": "title",
                          "Alias": "t",
                          "Startup Cost": 0.0,
                          "Total Cost": 42318.73,
                          "Plan Rows": 632073,
                          "Plan Width": 4,
                          "Actual Startup Time": 0.016,
                          "Actual Total Time": 69.764,
                          "Actual Rows": 505662,
                          "Actual Loops": 5
                        },
                        {
                          "Node Type": "Hash",
                          "Parent Relationship": "Inner",
                          "Parallel Aware": true,
                          "Startup Cost": 20653.43,
                          "Total Cost": 20653.43,
                          "Plan Rows": 11549,
                          "Plan Width": 4,
                          "Actual Startup Time": 25.855,
                          "Actual Total Time": 25.857,
                          "Actual Rows": 13475,
                          "Actual Loops": 5,
                          "Hash Buckets": 65536,
                          "Original Hash Buckets": 65536,
                          "Hash Batches": 1,
                          "Original Hash Batches": 1,
                          "Peak Memory Usage": 3232,
                          "Plans": [
                            {
                              "Node Type": "Bitmap Heap Scan",
                              "Parent Relationship": "Outer",
                              "Parallel Aware": true,
                              "Relation Name": "movie_companies",
                              "Alias": "mc",
                              "Startup Cost": 1522.24,
                              "Total Cost": 20653.43,
                              "Plan Rows": 11549,
                              "Plan Width": 4,
                              "Actual Startup Time": 3.698,
                              "Actual Total Time": 17.852,
                              "Actual Rows": 13475,
                              "Actual Loops": 5,
                              "Recheck Cond": "(company_id > 178429)",
                              "Rows Removed by Index Recheck": 0,
                              "Filter": "(company_type_id > 1)",
                              "Rows Removed by Filter": 0,
                              "Exact Heap Blocks": 893,
                              "Lossy Heap Blocks": 0,
                              "Plans": [
                                {
                                  "Node Type": "Bitmap Index Scan",
                                  "Parent Relationship": "Outer",
                                  "Parallel Aware": false,
                                  "Index Name": "company_id_movie_companies",
                                  "Startup Cost": 0.0,
                                  "Total Cost": 1513.29,
                                  "Plan Rows": 70514,
                                  "Plan Width": 0,
                                  "Actual Startup Time": 8.504,
                                  "Actual Total Time": 8.505,
                                  "Actual Rows": 67377,
                                  "Actual Loops": 1,
                                  "Index Cond": "(company_id > 178429)"
                                }
                              ]
                            }
                          ]
                        }
                      ]
                    },
                    {
                      "Node Type": "Index Only Scan",
                      "Parent Relationship": "Inner",
                      "Parallel Aware": false,
                      "Scan Direction": "Forward",
                      "Index Name": "movie_id_movie_info",
                      "Relation Name": "movie_info",
                      "Alias": "mi",
                      "Startup Cost": 0.43,
                      "Total Cost": 1.51,
                      "Plan Rows": 42,
                      "Plan Width": 4,
                      "Actual Startup Time": 0.005,
                      "Actual Total Time": 0.015,
                      "Actual Rows": 18,
                      "Actual Loops": 67377,
                      "Index Cond": "(movie_id = t.id)",
                      "Rows Removed by Index Recheck": 0,
                      "Heap Fetches": 1187574
                    }
                  ]
                }
              ]
            }
          ]
        }
      ]
    },
    "Planning Time": 1.41,
    "Triggers": [],
    "Execution Time": 459.971
  }
]