[
  {
    "Plan": {
      "Node Type": "Aggregate",
      "Strategy": "Plain",
      "Partial Mode": "Finalize",
      "Parallel Aware": false,
      "Startup Cost": 155827.47,
      "Total Cost": 155827.48,
      "Plan Rows": 1,
      "Plan Width": 8,
      "Actual Startup Time": 94.733,
      "Actual Total Time": 105.897,
      "Actual Rows": 1,
      "Actual Loops": 1,
      "Plans": [
        {
          "Node Type": "Gather",
          "Parent Relationship": "Outer",
          "Parallel Aware": false,
          "Startup Cost": 155827.05,
          "Total Cost": 155827.46,
          "Plan Rows": 4,
          "Plan Width": 8,
          "Actual Startup Time": 94.617,
          "Actual Total Time": 105.888,
          "Actual Rows": 5,
          "Actual Loops": 1,
          "Workers Planned": 4,
          "Workers Launched": 4,
          "Single Copy": false,
          "Plans": [
            {
              "Node Type": "Aggregate",
              "Strategy": "Plain",
              "Partial Mode": "Partial",
              "Parent Relationship": "Outer",
              "Parallel Aware": false,
              "Startup Cost": 154827.05,
              "Total Cost": 154827.06,
              "Plan Rows": 1,
              "Plan Width": 8,
              "Actual Startup Time": 86.796,
              "Actual Total Time": 86.798,
              "Actual Rows": 1,
              "Actual Loops": 5,
              "Plans": [
                {
                  "Node Type": "Nested Loop",
                  "Parent Relationship": "Outer",
                  "Parallel Aware": false,
                  "Join Type": "Inner",
                  "Startup Cost": 0.43,
                  "Total Cost": 154813.39,
                  "Plan Rows": 5467,
                  "Plan Width": 0,
                  "Actual Startup Time": 0.604,
                  "Actual Total Time": 86.458,
                  "Actual Rows": 3500,
                  "Actual Loops": 5,
                  "Inner Unique": false,
                  "Plans": [
                    {
                      "Node Type": "Seq Scan",
                      "Parent Relationship": "Outer",
                      "Parallel Aware": true,
                      "Relation Name": "title",
                      "Alias": "t",
                      "Startup Cost": 0.0,
                      "Total Cost": 45479.1,
                      "Plan Rows": 935,
                      "Plan Width": 4,
                      "Actual Startup Time": 0.413,
                      "Actual Total Time": 73.964,
                      "Actual Rows": 661,
                      "Actual Loops": 5,
                      "Filter": "((kind_id = 7) AND (production_year = 1952))",
                      "Rows Removed by Filter": 505002
                    },
                    {
                      "Node Type": "Index Only Scan",
                      "Parent Relationship": "Inner",
                      "Parallel Aware": false,
                      "Scan Direction": "Forward",
                      "Index Name": "movie_id_movie_info",
                      "Relation Name": "movie_info",
                      "Alias": "mi",
                      "Startup Cost": 0.43,
                      "Total Cost": 116.52,
                      "Plan Rows": 42,
                      "Plan Width": 4,
                      "Actual Startup Time": 0.009,
                      "Actual Total Time": 0.018,
                      "Actual Rows": 5,
                      "Actual Loops": 3303,
                      "Index Cond": "(movie_id = t.id)",
                      "Rows Removed by Index Recheck": 0,
                      "Heap Fetches": 17501
                    }
                  ]
                }
              ]
            }
          ]
        }
      ]
    },
    "Planning Time": 0.486,
    "Triggers": [],
    "Execution Time": 105.959
  }
]