[
  {
    "Plan": {
      "Node Type": "Aggregate",
      "Strategy": "Plain",
      "Partial Mode": "Finalize",
      "Parallel Aware": false,
      "Startup Cost": 132553.01,
      "Total Cost": 132553.02,
      "Plan Rows": 1,
      "Plan Width": 8,
      "Actual Startup Time": 680.137,
      "Actual Total Time": 698.026,
      "Actual Rows": 1,
      "Actual Loops": 1,
      "Plans": [
        {
          "Node Type": "Gather",
          "Parent Relationship": "Outer",
          "Parallel Aware": false,
          "Startup Cost": 132552.69,
          "Total Cost": 132553.0,
          "Plan Rows": 3,
          "Plan Width": 8,
          "Actual Startup Time": 676.344,
          "Actual Total Time": 698.016,
          "Actual Rows": 4,
          "Actual Loops": 1,
          "Workers Planned": 3,
          "Workers Launched": 3,
          "Single Copy": false,
          "Plans": [
            {
              "Node Type": "Aggregate",
              "Strategy": "Plain",
              "Partial Mode": "Partial",
              "Parent Relationship": "Outer",
              "Parallel Aware": false,
              "Startup Cost": 131552.69,
              "Total Cost": 131552.7,
              "Plan Rows": 1,
              "Plan Width": 8,
              "Actual Startup Time": 667.102,
              "Actual Total Time": 667.222,
              "Actual Rows": 1,
              "Actual Loops": 4,
              "Plans": [
                {
                  "Node Type": "Hash Join",
                  "Parent Relationship": "Outer",
                  "Parallel Aware": true,
                  "Join Type": "Inner",
                  "Startup Cost": 81809.02,
                  "Total Cost": 130687.34,
                  "Plan Rows": 346139,
                  "Plan Width": 0,
                  "Actual Startup Time": 392.406,
                  "Actual Total Time": 644.031,
                  "Actual Rows": 520061,
                  "Actual Loops": 4,
                  "Inner Unique": false,
                  "Hash Cond": "(mk.movie_id = t.id)",
                  "Plans": [
                    {
                      "Node Type": "Seq Scan",
                      "Parent Relationship": "Outer",
                      "Parallel Aware": true,
                      "Relation Name": "movie_keyword",
                      "Alias": "mk",
                      "Startup Cost": 0.0,
                      "Total Cost": 42695.65,
                      "Plan Rows": 1417952,
                      "Plan Width": 4,
                      "Actual Startup Time": 0.04,
                      "Actual Total Time": 120.715,
                      "Actual Rows": 1099872,
                      "Actual Loops": 4,
                      "Filter": "(keyword_id < 77261)",
                      "Rows Removed by Filter": 31110
                    },
                    {
                      "Node Type": "Hash",
                      "Parent Relationship": "Inner",
                      "Parallel Aware": true,
                      "Startup Cost": 79880.31,
                      "Total Cost": 79880.31,
                      "Plan Rows": 154297,
                      "Plan Width": 8,
                      "Actual Startup Time": 387.09,
                      "Actual Total Time": 387.209,
                      "Actual Rows": 99824,
                      "Actual Loops": 4,
                      "Hash Buckets": 1048576,
                      "Original Hash Buckets": 1048576,
                      "Hash Batches": 1,
                      "Original Hash Batches": 1,
                      "Peak Memory Usage": 23872,
                      "Plans": [
                        {
                          "Node Type": "Hash Join",
                          "Parent Relationship": "Outer",
                          "Parallel Aware": true,
                          "Join Type": "Inner",
                          "Startup Cost": 33903.48,
                          "Total Cost": 79880.31,
                          "Plan Rows": 154297,
                          "Plan Width": 8,
                          "Actual Startup Time": 124.988,
                          "Actual Total Time": 346.486,
                          "Actual Rows": 99824,
                          "Actual Loops": 4,
                          "Inner Unique": false,
                          "Hash Cond": "(t.id = mc.movie_id)",
                          "Plans": [
                            {
                              "Node Type": "Seq Scan",
                              "Parent Relationship": "Outer",
                              "Parallel Aware": true,
                              "Relation Name": "title",
                              "Alias": "t",
                              "Startup Cost": 0.0,
                              "Total Cost": 42318.73,
                              "Plan Rows": 632073,
                              "Plan Width": 4,
                              "Actual Startup Time": 0.013,
                              "Actual Total Time": 81.2,
                              "Actual Rows": 632078,
                              "Actual Loops": 4
                            },
                            {
                              "Node Type": "Hash",
                              "Parent Relationship": "Inner",
                              "Parallel Aware": true,
                              "Startup Cost": 31414.82,
                              "Total Cost": 31414.82,
                              "Plan Rows": 199093,
                              "Plan Width": 4,
                              "Actual Startup Time": 122.322,
                              "Actual Total Time": 122.323,
                              "Actual Rows": 99824,
                              "Actual Loops": 4,
                              "Hash Buckets": 1048576,
                              "Original Hash Buckets": 1048576,
                              "Hash Batches": 1,
                              "Original Hash Batches": 1,
                              "Peak Memory Usage": 23872,
                              "Plans": [
                                {
                                  "Node Type": "Seq Scan",
                                  "Parent Relationship": "Outer",
                                  "Parallel Aware": true,
                                  "Relation Name": "movie_companies",
                                  "Alias": "mc",
                                  "Startup Cost": 0.0,
                                  "Total Cost": 31414.82,
                                  "Plan Rows": 199093,
                                  "Plan Width": 4,
                                  "Actual Startup Time": 49.359,
                                  "Actual Total Time": 84.965,
                                  "Actual Rows": 99824,
                                  "Actual Loops": 4,
                                  "Filter": "((company_id < 11137) AND (company_type_id > 1))",
                                  "Rows Removed by Filter": 552458
                                }
                              ]
                            }
                          ]
                        }
                      ]
                    }
                  ]
                }
              ]
            }
          ]
        }
      ]
    },
    "Planning Time": 1.526,
    "Triggers": [],
    "Execution Time": 698.117
  }
]