{
  "Plan": {
    "Node Type": "Aggregate",
    "Strategy": "Plain",
    "Partial Mode": "Finalize",
    "Parallel Aware": false,
    "Startup Cost": 633275.81,
    "Total Cost": 633275.82,
    "Plan Rows": 1,
    "Plan Width": 8,
    "Actual Startup Time": 5660.438,
    "Actual Total Time": 5728.491,
    "Actual Rows": 1,
    "Actual Loops": 1,
    "Plans": [
      {
        "Node Type": "Gather",
        "Parent Relationship": "Outer",
        "Parallel Aware": false,
        "Startup Cost": 633275.69,
        "Total Cost": 633275.8,
        "Plan Rows": 1,
        "Plan Width": 8,
        "Actual Startup Time": 5657.366,
        "Actual Total Time": 5728.477,
        "Actual Rows": 2,
        "Actual Loops": 1,
        "Workers Planned": 1,
        "Workers Launched": 1,
        "Single Copy": false,
        "Plans": [
          {
            "Node Type": "Aggregate",
            "Strategy": "Plain",
            "Partial Mode": "Partial",
            "Parent Relationship": "Outer",
            "Parallel Aware": false,
            "Startup Cost": 632275.69,
            "Total Cost": 632275.7,
            "Plan Rows": 1,
            "Plan Width": 8,
            "Actual Startup Time": 5652.001,
            "Actual Total Time": 5652.005,
            "Actual Rows": 1,
            "Actual Loops": 2,
            "Plans": [
              {
                "Node Type": "Hash Join",
                "Parent Relationship": "Outer",
                "Parallel Aware": true,
                "Join Type": "Inner",
                "Startup Cost": 62110.21,
                "Total Cost": 618063.04,
                "Plan Rows": 5685063,
                "Plan Width": 0,
                "Actual Startup Time": 332.788,
                "Actual Total Time": 5431.658,
                "Actual Rows": 5124602,
                "Actual Loops": 2,
                "Inner Unique": true,
                "Hash Cond": "(ci.movie_id = t.id)",
                "Plans": [
                  {
                    "Node Type": "Seq Scan",
                    "Parent Relationship": "Outer",
                    "Parallel Aware": true,
                    "Relation Name": "cast_info",
                    "Alias": "ci",
                    "Startup Cost": 0.0,
                    "Total Cost": 519069.44,
                    "Plan Rows": 14050786,
                    "Plan Width": 4,
                    "Actual Startup Time": 0.02,
                    "Actual Total Time": 1873.142,
                    "Actual Rows": 12065349,
                    "Actual Loops": 2,
                    "Filter": "(role_id < 4)",
                    "Rows Removed by Filter": 6056823
                  },
                  {
                    "Node Type": "Hash",
                    "Parent Relationship": "Inner",
                    "Parallel Aware": true,
                    "Startup Cost": 54588.39,
                    "Total Cost": 54588.39,
                    "Plan Rows": 601746,
                    "Plan Width": 4,
                    "Actual Startup Time": 323.653,
                    "Actual Total Time": 323.654,
                    "Actual Rows": 506460,
                    "Actual Loops": 2,
                    "Hash Buckets": 1048576,
                    "Original Hash Buckets": 1048576,
                    "Hash Batches": 1,
                    "Original Hash Batches": 1,
                    "Peak Memory Usage": 47872,
                    "Plans": [
                      {
                        "Node Type": "Seq Scan",
                        "Parent Relationship": "Outer",
                        "Parallel Aware": true,
                        "Relation Name": "title",
                        "Alias": "t",
                        "Startup Cost": 0.0,
                        "Total Cost": 54588.39,
                        "Plan Rows": 601746,
                        "Plan Width": 4,
                        "Actual Startup Time": 0.035,
                        "Actual Total Time": 184.731,
                        "Actual Rows": 506460,
                        "Actual Loops": 2,
                        "Filter": "(production_year > 2005)",
                        "Rows Removed by Filter": 757696
                      }
                    ]
                  }
                ]
              }
            ]
          }
        ]
      }
    ]
  },
  "Planning Time": 0.581,
  "Triggers": [],
  "Execution Time": 5728.574
}