{
  "Plan": {
    "Node Type": "Aggregate",
    "Strategy": "Plain",
    "Partial Mode": "Finalize",
    "Parallel Aware": false,
    "Startup Cost": 564306.76,
    "Total Cost": 564306.77,
    "Plan Rows": 1,
    "Plan Width": 8,
    "Actual Startup Time": 3867.24,
    "Actual Total Time": 3929.76,
    "Actual Rows": 1,
    "Actual Loops": 1,
    "Plans": [
      {
        "Node Type": "Gather",
        "Parent Relationship": "Outer",
        "Parallel Aware": false,
        "Startup Cost": 564306.65,
        "Total Cost": 564306.76,
        "Plan Rows": 1,
        "Plan Width": 8,
        "Actual Startup Time": 3866.798,
        "Actual Total Time": 3929.749,
        "Actual Rows": 2,
        "Actual Loops": 1,
        "Workers Planned": 1,
        "Workers Launched": 1,
        "Single Copy": false,
        "Plans": [
          {
            "Node Type": "Aggregate",
            "Strategy": "Plain",
            "Partial Mode": "Partial",
            "Parent Relationship": "Outer",
            "Parallel Aware": false,
            "Startup Cost": 563306.65,
            "Total Cost": 563306.66,
            "Plan Rows": 1,
            "Plan Width": 8,
            "Actual Startup Time": 3860.887,
            "Actual Total Time": 3860.891,
            "Actual Rows": 1,
            "Actual Loops": 2,
            "Plans": [
              {
                "Node Type": "Hash Join",
                "Parent Relationship": "Outer",
                "Parallel Aware": true,
                "Join Type": "Inner",
                "Startup Cost": 39478.83,
                "Total Cost": 561212.19,
                "Plan Rows": 837785,
                "Plan Width": 0,
                "Actual Startup Time": 65.018,
                "Actual Total Time": 3814.524,
                "Actual Rows": 974528,
                "Actual Loops": 2,
                "Inner Unique": true,
                "Hash Cond": "(ci.movie_id = t.id)",
                "Plans": [
                  {
                    "Node Type": "Seq Scan",
                    "Parent Relationship": "Outer",
                    "Parallel Aware": true,
                    "Relation Name": "cast_info",
                    "Alias": "ci",
                    "Startup Cost": 0.0,
                    "Total Cost": 465792.95,
                    "Plan Rows": 21310595,
                    "Plan Width": 4,
                    "Actual Startup Time": 0.013,
                    "Actual Total Time": 1434.106,
                    "Actual Rows": 18122172,
                    "Actual Loops": 2
                  },
                  {
                    "Node Type": "Hash",
                    "Parent Relationship": "Inner",
                    "Parallel Aware": true,
                    "Startup Cost": 38747.98,
                    "Total Cost": 38747.98,
                    "Plan Rows": 58468,
                    "Plan Width": 4,
                    "Actual Startup Time": 62.688,
                    "Actual Total Time": 62.689,
                    "Actual Rows": 50229,
                    "Actual Loops": 2,
                    "Hash Buckets": 131072,
                    "Original Hash Buckets": 131072,
                    "Hash Batches": 1,
                    "Original Hash Batches": 1,
                    "Peak Memory Usage": 4992,
                    "Plans": [
                      {
                        "Node Type": "Bitmap Heap Scan",
                        "Parent Relationship": "Outer",
                        "Parallel Aware": true,
                        "Relation Name": "title",
                        "Alias": "t",
                        "Startup Cost": 1847.98,
                        "Total Cost": 38747.98,
                        "Plan Rows": 58468,
                        "Plan Width": 4,
                        "Actual Startup Time": 14.08,
                        "Actual Total Time": 49.972,
                        "Actual Rows": 50229,
                        "Actual Loops": 2,
                        "Recheck Cond": "(kind_id = 3)",
                        "Rows Removed by Index Recheck": 0,
                        "Filter": "(production_year > 0)",
                        "Rows Removed by Filter": 40,
                        "Exact Heap Blocks": 10213,
                        "Lossy Heap Blocks": 0,
                        "Plans": [
                          {
                            "Node Type": "Bitmap Index Scan",
                            "Parent Relationship": "Outer",
                            "Parallel Aware": false,
                            "Index Name": "kind_id_title",
                            "Startup Cost": 0.0,
                            "Total Cost": 1823.13,
                            "Plan Rows": 102227,
                            "Plan Width": 0,
                            "Actual Startup Time": 13.4,
                            "Actual Total Time": 13.4,
                            "Actual Rows": 100537,
                            "Actual Loops": 1,
                            "Index Cond": "(kind_id = 3)"
                          }
                        ]
                      }
                    ]
                  }
                ]
              }
            ]
          }
        ]
      }
    ]
  },
  "Planning Time": 0.684,
  "Triggers": [],
  "Execution Time": 3929.869
}