[
  {
    "Plan": {
      "Node Type": "Aggregate",
      "Strategy": "Plain",
      "Partial Mode": "Finalize",
      "Parallel Aware": false,
      "Startup Cost": 75947.07,
      "Total Cost": 75947.08,
      "Plan Rows": 1,
      "Plan Width": 8,
      "Actual Startup Time": 137.43,
      "Actual Total Time": 153.743,
      "Actual Rows": 1,
      "Actual Loops": 1,
      "Plans": [
        {
          "Node Type": "Gather",
          "Parent Relationship": "Outer",
          "Parallel Aware": false,
          "Startup Cost": 75946.76,
          "Total Cost": 75947.07,
          "Plan Rows": 3,
          "Plan Width": 8,
          "Actual Startup Time": 137.02,
          "Actual Total Time": 153.735,
          "Actual Rows": 4,
          "Actual Loops": 1,
          "Workers Planned": 3,
          "Workers Launched": 3,
          "Single Copy": false,
          "Plans": [
            {
              "Node Type": "Aggregate",
              "Strategy": "Plain",
              "Partial Mode": "Partial",
              "Parent Relationship": "Outer",
              "Parallel Aware": false,
              "Startup Cost": 74946.76,
              "Total Cost": 74946.77,
              "Plan Rows": 1,
              "Plan Width": 8,
              "Actual Startup Time": 127.515,
              "Actual Total Time": 127.518,
              "Actual Rows": 1,
              "Actual Loops": 4,
              "Plans": [
                {
                  "Node Type": "Nested Loop",
                  "Parent Relationship": "Outer",
                  "Parallel Aware": false,
                  "Join Type": "Inner",
                  "Startup Cost": 46287.79,
                  "Total Cost": 74945.04,
                  "Plan Rows": 685,
                  "Plan Width": 0,
                  "Actual Startup Time": 106.547,
                  "Actual Total Time": 127.399,
                  "Actual Rows": 1148,
                  "Actual Loops": 4,
                  "Inner Unique": false,
                  "Join Filter": "(t.id = mi.movie_id)",
                  "Rows Removed by Join Filter": 0,
                  "Plans": [
                    {
                      "Node Type": "Hash Join",
                      "Parent Relationship": "Outer",
                      "Parallel Aware": true,
                      "Join Type": "Inner",
                      "Startup Cost": 46287.35,
                      "Total Cost": 72187.78,
                      "Plan Rows": 117,
                      "Plan Width": 8,
                      "Actual Startup Time": 106.48,
                      "Actual Total Time": 121.099,
                      "Actual Rows": 125,
                      "Actual Loops": 4,
                      "Inner Unique": true,
                      "Hash Cond": "(mk.movie_id = t.id)",
                      "Plans": [
                        {
                          "Node Type": "Bitmap Heap Scan",
                          "Parent Relationship": "Outer",
                          "Parallel Aware": true,
                          "Relation Name": "movie_keyword",
                          "Alias": "mk",
                          "Startup Cost": 723.88,
                          "Total Cost": 26595.53,
                          "Plan Rows": 10965,
                          "Plan Width": 4,
                          "Actual Startup Time": 4.562,
                          "Actual Total Time": 17.345,
                          "Actual Rows": 6877,
                          "Actual Loops": 4,
                          "Recheck Cond": "(keyword_id < 28)",
                          "Rows Removed by Index Recheck": 0,
                          "Exact Heap Blocks": 4494,
                          "Lossy Heap Blocks": 0,
                          "Plans": [
                            {
                              "Node Type": "Bitmap Index Scan",
                              "Parent Relationship": "Outer",
                              "Parallel Aware": false,
                              "Index Name": "keyword_id_movie_keyword",
                              "Startup Cost": 0.0,
                              "Total Cost": 715.38,
                              "Plan Rows": 33993,
                              "Plan Width": 0,
                              "Actual Startup Time": 3.181,
                              "Actual Total Time": 3.182,
                              "Actual Rows": 27507,
                              "Actual Loops": 1,
                              "Index Cond": "(keyword_id < 28)"
                            }
                          ]
                        },
                        {
                          "Node Type": "Hash",
                          "Parent Relationship": "Inner",
                          "Parallel Aware": true,
                          "Startup Cost": 45479.1,
                          "Total Cost": 45479.1,
                          "Plan Rows": 6750,
                          "Plan Width": 4,
                          "Actual Startup Time": 100.426,
                          "Actual Total Time": 100.427,
                          "Actual Rows": 6771,
                          "Actual Loops": 4,
                          "Hash Buckets": 32768,
                          "Original Hash Buckets": 32768,
                          "Hash Batches": 1,
                          "Original Hash Batches": 1,
                          "Peak Memory Usage": 1376,
                          "Plans": [
                            {
                              "Node Type": "Seq Scan",
                              "Parent Relationship": "Outer",
                              "Parallel Aware": true,
                              "Relation Name": "title",
                              "Alias": "t",
                              "Startup Cost": 0.0,
                              "Total Cost": 45479.1,
                              "Plan Rows": 6750,
                              "Plan Width": 4,
                              "Actual Startup Time": 0.446,
                              "Actual Total Time": 97.52,
                              "Actual Rows": 6771,
                              "Actual Loops": 4,
                              "Filter": "((kind_id < 7) AND (production_year > 2012))",
                              "Rows Removed by Filter": 625307
                            }
                          ]
                        }
                      ]
                    },
                    {
                      "Node Type": "Index Only Scan",
                      "Parent Relationship": "Inner",
                      "Parallel Aware": false,
                      "Scan Direction": "Forward",
                      "Index Name": "movie_id_movie_info",
                      "Relation Name": "movie_info",
                      "Alias": "mi",
                      "Startup Cost": 0.43,
                      "Total Cost": 23.04,
                      "Plan Rows": 42,
                      "Plan Width": 4,
                      "Actual Startup Time": 0.02,
                      "Actual Total Time": 0.048,
                      "Actual Rows": 9,
                      "Actual Loops": 499,
                      "Index Cond": "(movie_id = mk.movie_id)",
                      "Rows Removed by Index Recheck": 0,
                      "Heap Fetches": 4592
                    }
                  ]
                }
              ]
            }
          ]
        }
      ]
    },
    "Planning Time": 1.436,
    "Triggers": [],
    "Execution Time": 153.885
  }
]