{
    "Plan": {
        "Node Type": "Aggregate",
        "Strategy": "Plain",
        "Partial Mode": "Finalize",
        "Parallel Aware": false,
        "Startup Cost": 437358.35,
        "Total Cost": 437358.36,
        "Plan Rows": 1,
        "Plan Width": 8,
        "Actual Startup Time": 1764.016,
        "Actual Total Time": 1819.279,
        "Actual Rows": 1,
        "Actual Loops": 1,
        "Output": [
            "count(*)"
        ],
        "Plans": [
            {
                "Node Type": "Gather",
                "Parent Relationship": "Outer",
                "Parallel Aware": false,
                "Startup Cost": 437357.73,
                "Total Cost": 437358.34,
                "Plan Rows": 6,
                "Plan Width": 8,
                "Actual Startup Time": 1739.989,
                "Actual Total Time": 1819.268,
                "Actual Rows": 7,
                "Actual Loops": 1,
                "Output": [
                    "(PARTIAL count(*))"
                ],
                "Workers Planned": 6,
                "Workers Launched": 6,
                "Single Copy": false,
                "Plans": [
                    {
                        "Node Type": "Aggregate",
                        "Strategy": "Plain",
                        "Partial Mode": "Partial",
                        "Parent Relationship": "Outer",
                        "Parallel Aware": false,
                        "Startup Cost": 436357.73,
                        "Total Cost": 436357.74,
                        "Plan Rows": 1,
                        "Plan Width": 8,
                        "Actual Startup Time": 1728.599,
                        "Actual Total Time": 1728.91,
                        "Actual Rows": 1,
                        "Actual Loops": 7,
                        "Output": [
                            "PARTIAL count(*)"
                        ],
                        "Workers": [
                            {
                                "Worker Number": 0,
                                "Actual Startup Time": 1725.728,
                                "Actual Total Time": 1725.735,
                                "Actual Rows": 1,
                                "Actual Loops": 1
                            },
                            {
                                "Worker Number": 1,
                                "Actual Startup Time": 1726.747,
                                "Actual Total Time": 1726.752,
                                "Actual Rows": 1,
                                "Actual Loops": 1
                            },
                            {
                                "Worker Number": 2,
                                "Actual Startup Time": 1728.094,
                                "Actual Total Time": 1728.099,
                                "Actual Rows": 1,
                                "Actual Loops": 1
                            },
                            {
                                "Worker Number": 3,
                                "Actual Startup Time": 1726.897,
                                "Actual Total Time": 1726.903,
                                "Actual Rows": 1,
                                "Actual Loops": 1
                            },
                            {
                                "Worker Number": 4,
                                "Actual Startup Time": 1726.894,
                                "Actual Total Time": 1726.899,
                                "Actual Rows": 1,
                                "Actual Loops": 1
                            },
                            {
                                "Worker Number": 5,
                                "Actual Startup Time": 1726.892,
                                "Actual Total Time": 1726.897,
                                "Actual Rows": 1,
                                "Actual Loops": 1
                            }
                        ],
                        "Plans": [
                            {
                                "Node Type": "Hash Join",
                                "Parent Relationship": "Outer",
                                "Parallel Aware": true,
                                "Join Type": "Inner",
                                "Startup Cost": 97335.32,
                                "Total Cost": 434688.88,
                                "Plan Rows": 667539,
                                "Plan Width": 0,
                                "Actual Startup Time": 473.018,
                                "Actual Total Time": 1627.032,
                                "Actual Rows": 2018983,
                                "Actual Loops": 7,
                                "Inner Unique": false,
                                "Hash Cond": "(ci.movie_id = t.id)",
                                "Workers": [
                                    {
                                        "Worker Number": 0,
                                        "Actual Startup Time": 470.372,
                                        "Actual Total Time": 1625.342,
                                        "Actual Rows": 1610753,
                                        "Actual Loops": 1
                                    },
                                    {
                                        "Worker Number": 1,
                                        "Actual Startup Time": 471.339,
                                        "Actual Total Time": 1630.029,
                                        "Actual Rows": 2439538,
                                        "Actual Loops": 1
                                    },
                                    {
                                        "Worker Number": 2,
                                        "Actual Startup Time": 471.457,
                                        "Actual Total Time": 1623.118,
                                        "Actual Rows": 1683244,
                                        "Actual Loops": 1
                                    },
                                    {
                                        "Worker Number": 3,
                                        "Actual Startup Time": 471.49,
                                        "Actual Total Time": 1624.52,
                                        "Actual Rows": 1643472,
                                        "Actual Loops": 1
                                    },
                                    {
                                        "Worker Number": 4,
                                        "Actual Startup Time": 471.459,
                                        "Actual Total Time": 1631.26,
                                        "Actual Rows": 2406535,
                                        "Actual Loops": 1
                                    },
                                    {
                                        "Worker Number": 5,
                                        "Actual Startup Time": 471.442,
                                        "Actual Total Time": 1630.428,
                                        "Actual Rows": 2434070,
                                        "Actual Loops": 1
                                    }
                                ],
                                "Plans": [
                                    {
                                        "Node Type": "Seq Scan",
                                        "Parent Relationship": "Outer",
                                        "Parallel Aware": true,
                                        "Relation Name": "cast_info",
                                        "Schema": "public",
                                        "Alias": "ci",
                                        "Startup Cost": 0.0,
                                        "Total Cost": 328213.62,
                                        "Plan Rows": 1863092,
                                        "Plan Width": 4,
                                        "Actual Startup Time": 0.029,
                                        "Actual Total Time": 607.31,
                                        "Actual Rows": 1602579,
                                        "Actual Loops": 7,
                                        "Output": [
                                            "ci.id",
                                            "ci.person_id",
                                            "ci.movie_id",
                                            "ci.person_role_id",
                                            "ci.note",
                                            "ci.nr_order",
                                            "ci.role_id"
                                        ],
                                        "Filter": "(ci.person_id < 1101122)",
                                        "Rows Removed by Filter": 3575184,
                                        "Workers": [
                                            {
                                                "Worker Number": 0,
                                                "Actual Startup Time": 0.034,
                                                "Actual Total Time": 613.118,
                                                "Actual Rows": 1276035,
                                                "Actual Loops": 1
                                            },
                                            {
                                                "Worker Number": 1,
                                                "Actual Startup Time": 0.022,
                                                "Actual Total Time": 613.886,
                                                "Actual Rows": 1939809,
                                                "Actual Loops": 1
                                            },
                                            {
                                                "Worker Number": 2,
                                                "Actual Startup Time": 0.031,
                                                "Actual Total Time": 620.551,
                                                "Actual Rows": 1352586,
                                                "Actual Loops": 1
                                            },
                                            {
                                                "Worker Number": 3,
                                                "Actual Startup Time": 0.048,
                                                "Actual Total Time": 612.44,
                                                "Actual Rows": 1272442,
                                                "Actual Loops": 1
                                            },
                                            {
                                                "Worker Number": 4,
                                                "Actual Startup Time": 0.022,
                                                "Actual Total Time": 614.142,
                                                "Actual Rows": 1933511,
                                                "Actual Loops": 1
                                            },
                                            {
                                                "Worker Number": 5,
                                                "Actual Startup Time": 0.03,
                                                "Actual Total Time": 612.021,
                                                "Actual Rows": 1929297,
                                                "Actual Loops": 1
                                            }
                                        ]
                                    },
                                    {
                                        "Node Type": "Hash",
                                        "Parent Relationship": "Inner",
                                        "Parallel Aware": true,
                                        "Startup Cost": 93682.54,
                                        "Total Cost": 93682.54,
                                        "Plan Rows": 292222,
                                        "Plan Width": 8,
                                        "Actual Startup Time": 469.659,
                                        "Actual Total Time": 469.968,
                                        "Actual Rows": 126112,
                                        "Actual Loops": 7,
                                        "Output": [
                                            "t.id",
                                            "mk.movie_id"
                                        ],
                                        "Hash Buckets": 1048576,
                                        "Original Hash Buckets": 1048576,
                                        "Hash Batches": 1,
                                        "Original Hash Batches": 1,
                                        "Peak Memory Usage": 42880,
                                        "Workers": [
                                            {
                                                "Worker Number": 0,
                                                "Actual Startup Time": 469.585,
                                                "Actual Total Time": 469.59,
                                                "Actual Rows": 96613,
                                                "Actual Loops": 1
                                            },
                                            {
                                                "Worker Number": 1,
                                                "Actual Startup Time": 470.653,
                                                "Actual Total Time": 470.656,
                                                "Actual Rows": 154635,
                                                "Actual Loops": 1
                                            },
                                            {
                                                "Worker Number": 2,
                                                "Actual Startup Time": 470.76,
                                                "Actual Total Time": 470.763,
                                                "Actual Rows": 101686,
                                                "Actual Loops": 1
                                            },
                                            {
                                                "Worker Number": 3,
                                                "Actual Startup Time": 470.757,
                                                "Actual Total Time": 470.761,
                                                "Actual Rows": 98004,
                                                "Actual Loops": 1
                                            },
                                            {
                                                "Worker Number": 4,
                                                "Actual Startup Time": 470.751,
                                                "Actual Total Time": 470.755,
                                                "Actual Rows": 153410,
                                                "Actual Loops": 1
                                            },
                                            {
                                                "Worker Number": 5,
                                                "Actual Startup Time": 470.748,
                                                "Actual Total Time": 470.752,
                                                "Actual Rows": 153276,
                                                "Actual Loops": 1
                                            }
                                        ],
                                        "Plans": [
                                            {
                                                "Node Type": "Hash Join",
                                                "Parent Relationship": "Outer",
                                                "Parallel Aware": true,
                                                "Join Type": "Inner",
                                                "Startup Cost": 50219.81,
                                                "Total Cost": 93682.54,
                                                "Plan Rows": 292222,
                                                "Plan Width": 8,
                                                "Actual Startup Time": 305.15,
                                                "Actual Total Time": 421.231,
                                                "Actual Rows": 126112,
                                                "Actual Loops": 7,
                                                "Output": [
                                                    "t.id",
                                                    "mk.movie_id"
                                                ],
                                                "Inner Unique": true,
                                                "Hash Cond": "(mk.movie_id = t.id)",
                                                "Workers": [
                                                    {
                                                        "Worker Number": 0,
                                                        "Actual Startup Time": 305.145,
                                                        "Actual Total Time": 423.257,
                                                        "Actual Rows": 96613,
                                                        "Actual Loops": 1
                                                    },
                                                    {
                                                        "Worker Number": 1,
                                                        "Actual Startup Time": 305.157,
                                                        "Actual Total Time": 421.298,
                                                        "Actual Rows": 154635,
                                                        "Actual Loops": 1
                                                    },
                                                    {
                                                        "Worker Number": 2,
                                                        "Actual Startup Time": 305.151,
                                                        "Actual Total Time": 420.952,
                                                        "Actual Rows": 101686,
                                                        "Actual Loops": 1
                                                    },
                                                    {
                                                        "Worker Number": 3,
                                                        "Actual Startup Time": 305.147,
                                                        "Actual Total Time": 421.613,
                                                        "Actual Rows": 98004,
                                                        "Actual Loops": 1
                                                    },
                                                    {
                                                        "Worker Number": 4,
                                                        "Actual Startup Time": 305.118,
                                                        "Actual Total Time": 420.944,
                                                        "Actual Rows": 153410,
                                                        "Actual Loops": 1
                                                    },
                                                    {
                                                        "Worker Number": 5,
                                                        "Actual Startup Time": 305.096,
                                                        "Actual Total Time": 420.978,
                                                        "Actual Rows": 153276,
                                                        "Actual Loops": 1
                                                    }
                                                ],
                                                "Plans": [
                                                    {
                                                        "Node Type": "Seq Scan",
                                                        "Parent Relationship": "Outer",
                                                        "Parallel Aware": true,
                                                        "Relation Name": "movie_keyword",
                                                        "Schema": "public",
                                                        "Alias": "mk",
                                                        "Startup Cost": 0.0,
                                                        "Total Cost": 42695.65,
                                                        "Plan Rows": 292222,
                                                        "Plan Width": 4,
                                                        "Actual Startup Time": 1.081,
                                                        "Actual Total Time": 76.878,
                                                        "Actual Rows": 126112,
                                                        "Actual Loops": 7,
                                                        "Output": [
                                                            "mk.id",
                                                            "mk.movie_id",
                                                            "mk.keyword_id"
                                                        ],
                                                        "Filter": "(mk.keyword_id > 20889)",
                                                        "Rows Removed by Filter": 520164,
                                                        "Workers": [
                                                            {
                                                                "Worker Number": 0,
                                                                "Actual Startup Time": 1.087,
                                                                "Actual Total Time": 78.173,
                                                                "Actual Rows": 96613,
                                                                "Actual Loops": 1
                                                            },
                                                            {
                                                                "Worker Number": 1,
                                                                "Actual Startup Time": 1.098,
                                                                "Actual Total Time": 78.765,
                                                                "Actual Rows": 154635,
                                                                "Actual Loops": 1
                                                            },
                                                            {
                                                                "Worker Number": 2,
                                                                "Actual Startup Time": 1.093,
                                                                "Actual Total Time": 77.649,
                                                                "Actual Rows": 101686,
                                                                "Actual Loops": 1
                                                            },
                                                            {
                                                                "Worker Number": 3,
                                                                "Actual Startup Time": 1.035,
                                                                "Actual Total Time": 78.403,
                                                                "Actual Rows": 98004,
                                                                "Actual Loops": 1
                                                            },
                                                            {
                                                                "Worker Number": 4,
                                                                "Actual Startup Time": 1.086,
                                                                "Actual Total Time": 78.413,
                                                                "Actual Rows": 153410,
                                                                "Actual Loops": 1
                                                            },
                                                            {
                                                                "Worker Number": 5,
                                                                "Actual Startup Time": 1.095,
                                                                "Actual Total Time": 78.581,
                                                                "Actual Rows": 153276,
                                                                "Actual Loops": 1
                                                            }
                                                        ]
                                                    },
                                                    {
                                                        "Node Type": "Hash",
                                                        "Parent Relationship": "Inner",
                                                        "Parallel Aware": true,
                                                        "Startup Cost": 42318.81,
                                                        "Total Cost": 42318.81,
                                                        "Plan Rows": 632080,
                                                        "Plan Width": 4,
                                                        "Actual Startup Time": 295.833,
                                                        "Actual Total Time": 295.834,
                                                        "Actual Rows": 361187,
                                                        "Actual Loops": 7,
                                                        "Output": [
                                                            "t.id"
                                                        ],
                                                        "Hash Buckets": 4194304,
                                                        "Original Hash Buckets": 4194304,
                                                        "Hash Batches": 1,
                                                        "Original Hash Batches": 1,
                                                        "Peak Memory Usage": 131776,
                                                        "Workers": [
                                                            {
                                                                "Worker Number": 0,
                                                                "Actual Startup Time": 303.932,
                                                                "Actual Total Time": 303.933,
                                                                "Actual Rows": 293142,
                                                                "Actual Loops": 1
                                                            },
                                                            {
                                                                "Worker Number": 1,
                                                                "Actual Startup Time": 303.96,
                                                                "Actual Total Time": 303.96,
                                                                "Actual Rows": 433893,
                                                                "Actual Loops": 1
                                                            },
                                                            {
                                                                "Worker Number": 2,
                                                                "Actual Startup Time": 303.971,
                                                                "Actual Total Time": 303.972,
                                                                "Actual Rows": 295994,
                                                                "Actual Loops": 1
                                                            },
                                                            {
                                                                "Worker Number": 3,
                                                                "Actual Startup Time": 303.798,
                                                                "Actual Total Time": 303.799,
                                                                "Actual Rows": 268371,
                                                                "Actual Loops": 1
                                                            },
                                                            {
                                                                "Worker Number": 4,
                                                                "Actual Startup Time": 303.931,
                                                                "Actual Total Time": 303.932,
                                                                "Actual Rows": 393312,
                                                                "Actual Loops": 1
                                                            },
                                                            {
                                                                "Worker Number": 5,
                                                                "Actual Startup Time": 303.924,
                                                                "Actual Total Time": 303.925,
                                                                "Actual Rows": 432319,
                                                                "Actual Loops": 1
                                                            }
                                                        ],
                                                        "Plans": [
                                                            {
                                                                "Node Type": "Seq Scan",
                                                                "Parent Relationship": "Outer",
                                                                "Parallel Aware": true,
                                                                "Relation Name": "title",
                                                                "Schema": "public",
                                                                "Alias": "t",
                                                                "Startup Cost": 0.0,
                                                                "Total Cost": 42318.81,
                                                                "Plan Rows": 632080,
                                                                "Plan Width": 4,
                                                                "Actual Startup Time": 0.08,
                                                                "Actual Total Time": 79.108,
                                                                "Actual Rows": 361187,
                                                                "Actual Loops": 7,
                                                                "Output": [
                                                                    "t.id"
                                                                ],
                                                                "Workers": [
                                                                    {
                                                                        "Worker Number": 0,
                                                                        "Actual Startup Time": 0.096,
                                                                        "Actual Total Time": 82.498,
                                                                        "Actual Rows": 293142,
                                                                        "Actual Loops": 1
                                                                    },
                                                                    {
                                                                        "Worker Number": 1,
                                                                        "Actual Startup Time": 0.084,
                                                                        "Actual Total Time": 79.886,
                                                                        "Actual Rows": 433893,
                                                                        "Actual Loops": 1
                                                                    },
                                                                    {
                                                                        "Worker Number": 2,
                                                                        "Actual Startup Time": 0.091,
                                                                        "Actual Total Time": 79.734,
                                                                        "Actual Rows": 295994,
                                                                        "Actual Loops": 1
                                                                    },
                                                                    {
                                                                        "Worker Number": 3,
                                                                        "Actual Startup Time": 0.087,
                                                                        "Actual Total Time": 82.883,
                                                                        "Actual Rows": 268371,
                                                                        "Actual Loops": 1
                                                                    },
                                                                    {
                                                                        "Worker Number": 4,
                                                                        "Actual Startup Time": 0.091,
                                                                        "Actual Total Time": 82.515,
                                                                        "Actual Rows": 393312,
                                                                        "Actual Loops": 1
                                                                    },
                                                                    {
                                                                        "Worker Number": 5,
                                                                        "Actual Startup Time": 0.091,
                                                                        "Actual Total Time": 79.824,
                                                                        "Actual Rows": 432319,
                                                                        "Actual Loops": 1
                                                                    }
                                                                ]
                                                            }
                                                        ]
                                                    }
                                                ]
                                            }
                                        ]
                                    }
                                ]
                            }
                        ]
                    }
                ]
            }
        ]
    },
    "Planning Time": 1.602,
    "Triggers": [],
    "Execution Time": 1819.397
}