{
  "Plan": {
    "Node Type": "Aggregate",
    "Strategy": "Plain",
    "Partial Mode": "Finalize",
    "Parallel Aware": false,
    "Startup Cost": 557571.61,
    "Total Cost": 557571.62,
    "Plan Rows": 1,
    "Plan Width": 8,
    "Actual Startup Time": 1490.964,
    "Actual Total Time": 1521.737,
    "Actual Rows": 1,
    "Actual Loops": 1,
    "Plans": [
      {
        "Node Type": "Gather",
        "Parent Relationship": "Outer",
        "Parallel Aware": false,
        "Startup Cost": 557571.5,
        "Total Cost": 557571.61,
        "Plan Rows": 1,
        "Plan Width": 8,
        "Actual Startup Time": 1488.609,
        "Actual Total Time": 1521.727,
        "Actual Rows": 2,
        "Actual Loops": 1,
        "Workers Planned": 1,
        "Workers Launched": 1,
        "Single Copy": false,
        "Plans": [
          {
            "Node Type": "Aggregate",
            "Strategy": "Plain",
            "Partial Mode": "Partial",
            "Parent Relationship": "Outer",
            "Parallel Aware": false,
            "Startup Cost": 556571.5,
            "Total Cost": 556571.51,
            "Plan Rows": 1,
            "Plan Width": 8,
            "Actual Startup Time": 1482.867,
            "Actual Total Time": 1482.871,
            "Actual Rows": 1,
            "Actual Loops": 2,
            "Plans": [
              {
                "Node Type": "Hash Join",
                "Parent Relationship": "Outer",
                "Parallel Aware": true,
                "Join Type": "Inner",
                "Startup Cost": 226222.75,
                "Total Cost": 553944.94,
                "Plan Rows": 1050624,
                "Plan Width": 0,
                "Actual Startup Time": 516.807,
                "Actual Total Time": 1452.691,
                "Actual Rows": 710937,
                "Actual Loops": 2,
                "Inner Unique": true,
                "Hash Cond": "(ci.movie_id = t.id)",
                "Plans": [
                  {
                    "Node Type": "Bitmap Heap Scan",
                    "Parent Relationship": "Outer",
                    "Parallel Aware": true,
                    "Relation Name": "cast_info",
                    "Alias": "ci",
                    "Startup Cost": 162749.05,
                    "Total Cost": 480549.04,
                    "Plan Rows": 3779882,
                    "Plan Width": 4,
                    "Actual Startup Time": 268.548,
                    "Actual Total Time": 720.832,
                    "Actual Rows": 2104094,
                    "Actual Loops": 2,
                    "Recheck Cond": "(person_id > 2941498)",
                    "Rows Removed by Index Recheck": 0,
                    "Filter": "(role_id < 10)",
                    "Rows Removed by Filter": 1534143,
                    "Exact Heap Blocks": 48126,
                    "Lossy Heap Blocks": 0,
                    "Plans": [
                      {
                        "Node Type": "Bitmap Index Scan",
                        "Parent Relationship": "Outer",
                        "Parallel Aware": false,
                        "Index Name": "person_id_cast_info",
                        "Startup Cost": 0.0,
                        "Total Cost": 161142.61,
                        "Plan Rows": 7379472,
                        "Plan Width": 0,
                        "Actual Startup Time": 253.129,
                        "Actual Total Time": 253.13,
                        "Actual Rows": 7276475,
                        "Actual Loops": 1,
                        "Index Cond": "(person_id > 2941498)"
                      }
                    ]
                  },
                  {
                    "Node Type": "Hash",
                    "Parent Relationship": "Inner",
                    "Parallel Aware": true,
                    "Startup Cost": 58306.47,
                    "Total Cost": 58306.47,
                    "Plan Rows": 413378,
                    "Plan Width": 4,
                    "Actual Startup Time": 239.417,
                    "Actual Total Time": 239.418,
                    "Actual Rows": 374966,
                    "Actual Loops": 2,
                    "Hash Buckets": 1048576,
                    "Original Hash Buckets": 1048576,
                    "Hash Batches": 1,
                    "Original Hash Batches": 1,
                    "Peak Memory Usage": 37568,
                    "Plans": [
                      {
                        "Node Type": "Seq Scan",
                        "Parent Relationship": "Outer",
                        "Parallel Aware": true,
                        "Relation Name": "title",
                        "Alias": "t",
                        "Startup Cost": 0.0,
                        "Total Cost": 58306.47,
                        "Plan Rows": 413378,
                        "Plan Width": 4,
                        "Actual Startup Time": 0.045,
                        "Actual Total Time": 153.039,
                        "Actual Rows": 374966,
                        "Actual Loops": 2,
                        "Filter": "((kind_id < 7) AND (production_year < 2009))",
                        "Rows Removed by Filter": 889190
                      }
                    ]
                  }
                ]
              }
            ]
          }
        ]
      }
    ]
  },
  "Planning Time": 0.654,
  "Triggers": [],
  "Execution Time": 1521.827
}