[
  {
    "Plan": {
      "Node Type": "Aggregate",
      "Strategy": "Plain",
      "Partial Mode": "Simple",
      "Parallel Aware": false,
      "Startup Cost": 170991.0,
      "Total Cost": 170991.01,
      "Plan Rows": 1,
      "Plan Width": 64,
      "Actual Startup Time": 2608.47,
      "Actual Total Time": 2608.479,
      "Actual Rows": 1,
      "Actual Loops": 1,
      "Output": [
        "min(n.name)",
        "min(t.title)"
      ],
      "Plans": [
        {
          "Node Type": "Nested Loop",
          "Parent Relationship": "Outer",
          "Parallel Aware": false,
          "Join Type": "Inner",
          "Startup Cost": 118252.99,
          "Total Cost": 170990.99,
          "Plan Rows": 1,
          "Plan Width": 32,
          "Actual Startup Time": 1904.165,
          "Actual Total Time": 2607.992,
          "Actual Rows": 1597,
          "Actual Loops": 1,
          "Output": [
            "n.name",
            "t.title"
          ],
          "Inner Unique": true,
          "Join Filter": "(mi.movie_id = t.id)",
          "Rows Removed by Join Filter": 0,
          "Plans": [
            {
              "Node Type": "Nested Loop",
              "Parent Relationship": "Outer",
              "Parallel Aware": false,
              "Join Type": "Inner",
              "Startup Cost": 118252.56,
              "Total Cost": 170990.45,
              "Plan Rows": 1,
              "Plan Width": 27,
              "Actual Startup Time": 1904.085,
              "Actual Total Time": 2598.832,
              "Actual Rows": 1713,
              "Actual Loops": 1,
              "Output": [
                "ci.movie_id",
                "mc.movie_id",
                "mi.movie_id",
                "n.name"
              ],
              "Inner Unique": true,
              "Plans": [
                {
                  "Node Type": "Nested Loop",
                  "Parent Relationship": "Outer",
                  "Parallel Aware": false,
                  "Join Type": "Inner",
                  "Startup Cost": 118252.13,
                  "Total Cost": 170989.92,
                  "Plan Rows": 1,
                  "Plan Width": 31,
                  "Actual Startup Time": 1903.942,
                  "Actual Total Time": 2586.438,
                  "Actual Rows": 1948,
                  "Actual Loops": 1,
                  "Output": [
                    "ci.movie_id",
                    "ci.person_role_id",
                    "mc.movie_id",
                    "mi.movie_id",
                    "n.name"
                  ],
                  "Inner Unique": true,
                  "Plans": [
                    {
                      "Node Type": "Hash Join",
                      "Parent Relationship": "Outer",
                      "Parallel Aware": false,
                      "Join Type": "Inner",
                      "Startup Cost": 118251.71,
                      "Total Cost": 170987.92,
                      "Plan Rows": 4,
                      "Plan Width": 35,
                      "Actual Startup Time": 1903.898,
                      "Actual Total Time": 2578.111,
                      "Actual Rows": 2051,
                      "Actual Loops": 1,
                      "Output": [
                        "ci.movie_id",
                        "ci.person_role_id",
                        "mc.movie_id",
                        "mc.company_id",
                        "mi.movie_id",
                        "n.name"
                      ],
                      "Inner Unique": true,
                      "Hash Cond": "(mi.info_type_id = it.id)",
                      "Plans": [
                        {
                          "Node Type": "Nested Loop",
                          "Parent Relationship": "Outer",
                          "Parallel Aware": false,
                          "Join Type": "Inner",
                          "Startup Cost": 118249.28,
                          "Total Cost": 170865.4,
                          "Plan Rows": 44100,
                          "Plan Width": 39,
                          "Actual Startup Time": 1903.785,
                          "Actual Total Time": 2577.204,
                          "Actual Rows": 2051,
                          "Actual Loops": 1,
                          "Output": [
                            "ci.movie_id",
                            "ci.person_role_id",
                            "mc.movie_id",
                            "mc.company_id",
                            "mi.movie_id",
                            "mi.info_type_id",
                            "n.name"
                          ],
                          "Inner Unique": false,
                          "Join Filter": "(mc.movie_id = mi.movie_id)",
                          "Rows Removed by Join Filter": 0,
                          "Plans": [
                            {
                              "Node Type": "Nested Loop",
                              "Parent Relationship": "Outer",
                              "Parallel Aware": false,
                              "Join Type": "Inner",
                              "Startup Cost": 118248.85,
                              "Total Cost": 170377.83,
                              "Plan Rows": 275,
                              "Plan Width": 31,
                              "Actual Startup Time": 1903.613,
                              "Actual Total Time": 2385.066,
                              "Actual Rows": 3040,
                              "Actual Loops": 1,
                              "Output": [
                                "ci.movie_id",
                                "ci.person_role_id",
                                "mc.movie_id",
                                "mc.company_id",
                                "n.name"
                              ],
                              "Inner Unique": false,
                              "Plans": [
                                {
                                  "Node Type": "Hash Join",
                                  "Parent Relationship": "Outer",
                                  "Parallel Aware": false,
                                  "Join Type": "Inner",
                                  "Startup Cost": 118248.42,
                                  "Total Cost": 169752.51,
                                  "Plan Rows": 1041,
                                  "Plan Width": 23,
                                  "Actual Startup Time": 1903.542,
                                  "Actual Total Time": 2341.266,
                                  "Actual Rows": 3905,
                                  "Actual Loops": 1,
                                  "Output": [
                                    "ci.movie_id",
                                    "ci.person_role_id",
                                    "n.name"
                                  ],
                                  "Inner Unique": true,
                                  "Hash Cond": "(ci.role_id = rt.id)",
                                  "Plans": [
                                    {
                                      "Node Type": "Nested Loop",
                                      "Parent Relationship": "Outer",
                                      "Parallel Aware": false,
                                      "Join Type": "Inner",
                                      "Startup Cost": 118247.26,
                                      "Total Cost": 169706.98,
                                      "Plan Rows": 12489,
                                      "Plan Width": 27,
                                      "Actual Startup Time": 1903.513,
                                      "Actual Total Time": 2339.833,
                                      "Actual Rows": 4139,
                                      "Actual Loops": 1,
                                      "Output": [
                                        "ci.movie_id",
                                        "ci.role_id",
                                        "ci.person_role_id",
                                        "n.name"
                                      ],
                                      "Inner Unique": false,
                                      "Join Filter": "(n.id = ci.person_id)",
                                      "Rows Removed by Join Filter": 0,
                                      "Plans": [
                                        {
                                          "Node Type": "Hash Join",
                                          "Parent Relationship": "Outer",
                                          "Parallel Aware": false,
                                          "Join Type": "Inner",
                                          "Startup Cost": 118246.69,
                                          "Total Cost": 141022.15,
                                          "Plan Rows": 2050,
                                          "Plan Width": 23,
                                          "Actual Startup Time": 1902.184,
                                          "Actual Total Time": 2247.173,
                                          "Actual Rows": 1463,
                                          "Actual Loops": 1,
                                          "Output": [
                                            "an.person_id",
                                            "n.name",
                                            "n.id"
                                          ],
                                          "Inner Unique": true,
                                          "Hash Cond": "(an.person_id = n.id)",
                                          "Plans": [
                                            {
                                              "Node Type": "Seq Scan",
                                              "Parent Relationship": "Outer",
                                              "Parallel Aware": false,
                                              "Relation Name": "aka_name",
                                              "Schema": "public",
                                              "Alias": "an",
                                              "Startup Cost": 0.0,
                                              "Total Cost": 20409.43,
                                              "Plan Rows": 901343,
                                              "Plan Width": 4,
                                              "Actual Startup Time": 0.032,
                                              "Actual Total Time": 225.962,
                                              "Actual Rows": 901343,
                                              "Actual Loops": 1,
                                              "Output": [
                                                "an.id",
                                                "an.person_id",
                                                "an.name",
                                                "an.imdb_index",
                                                "an.name_pcode_cf",
                                                "an.name_pcode_nf",
                                                "an.surname_pcode",
                                                "an.md5sum"
                                              ]
                                            },
                                            {
                                              "Node Type": "Hash",
                                              "Parent Relationship": "Inner",
                                              "Parallel Aware": false,
                                              "Startup Cost": 118128.21,
                                              "Total Cost": 118128.21,
                                              "Plan Rows": 9478,
                                              "Plan Width": 19,
                                              "Actual Startup Time": 1901.475,
                                              "Actual Total Time": 1901.476,
                                              "Actual Rows": 9543,
                                              "Actual Loops": 1,
                                              "Output": [
                                                "n.name",
                                                "n.id"
                                              ],
                                              "Hash Buckets": 16384,
                                              "Original Hash Buckets": 16384,
                                              "Hash Batches": 1,
                                              "Original Hash Batches": 1,
                                              "Peak Memory Usage": 618,
                                              "Plans": [
                                                {
                                                  "Node Type": "Seq Scan",
                                                  "Parent Relationship": "Outer",
                                                  "Parallel Aware": false,
                                                  "Relation Name": "name",
                                                  "Schema": "public",
                                                  "Alias": "n",
                                                  "Startup Cost": 0.0,
                                                  "Total Cost": 118128.21,
                                                  "Plan Rows": 9478,
                                                  "Plan Width": 19,
                                                  "Actual Startup Time": 895.484,
                                                  "Actual Total Time": 1895.189,
                                                  "Actual Rows": 9543,
                                                  "Actual Loops": 1,
                                                  "Output": [
                                                    "n.name",
                                                    "n.id"
                                                  ],
                                                  "Filter": "((n.name ~~ '%Sara%'::text) AND ((n.gender)::text = 'f'::text))",
                                                  "Rows Removed by Filter": 4157948
                                                }
                                              ]
                                            }
                                          ]
                                        },
                                        {
                                          "Node Type": "Index Scan",
                                          "Parent Relationship": "Inner",
                                          "Parallel Aware": false,
                                          "Scan Direction": "Forward",
                                          "Index Name": "person_id_cast_info",
                                          "Relation Name": "cast_info",
                                          "Schema": "public",
                                          "Alias": "ci",
                                          "Startup Cost": 0.56,
                                          "Total Cost": 13.58,
                                          "Plan Rows": 33,
                                          "Plan Width": 16,
                                          "Actual Startup Time": 0.05,
                                          "Actual Total Time": 0.062,
                                          "Actual Rows": 3,
                                          "Actual Loops": 1463,
                                          "Output": [
                                            "ci.id",
                                            "ci.person_id",
                                            "ci.movie_id",
                                            "ci.person_role_id",
                                            "ci.note",
                                            "ci.nr_order",
                                            "ci.role_id"
                                          ],
                                          "Index Cond": "(ci.person_id = an.person_id)",
                                          "Rows Removed by Index Recheck": 0,
                                          "Filter": "(ci.note = ANY ('{(uncredited),(voice),(writer),\"(archive footage)\"}'::text[]))",
                                          "Rows Removed by Filter": 47
                                        }
                                      ]
                                    },
                                    {
                                      "Node Type": "Hash",
                                      "Parent Relationship": "Inner",
                                      "Parallel Aware": false,
                                      "Startup Cost": 1.15,
                                      "Total Cost": 1.15,
                                      "Plan Rows": 1,
                                      "Plan Width": 4,
                                      "Actual Startup Time": 0.021,
                                      "Actual Total Time": 0.021,
                                      "Actual Rows": 1,
                                      "Actual Loops": 1,
                                      "Output": [
                                        "rt.id"
                                      ],
                                      "Hash Buckets": 1024,
                                      "Original Hash Buckets": 1024,
                                      "Hash Batches": 1,
                                      "Original Hash Batches": 1,
                                      "Peak Memory Usage": 9,
                                      "Plans": [
                                        {
                                          "Node Type": "Seq Scan",
                                          "Parent Relationship": "Outer",
                                          "Parallel Aware": false,
                                          "Relation Name": "role_type",
                                          "Schema": "public",
                                          "Alias": "rt",
                                          "Startup Cost": 0.0,
                                          "Total Cost": 1.15,
                                          "Plan Rows": 1,
                                          "Plan Width": 4,
                                          "Actual Startup Time": 0.015,
                                          "Actual Total Time": 0.018,
                                          "Actual Rows": 1,
                                          "Actual Loops": 1,
                                          "Output": [
                                            "rt.id"
                                          ],
                                          "Filter": "((rt.role)::text = 'actress'::text)",
                                          "Rows Removed by Filter": 11
                                        }
                                      ]
                                    }
                                  ]
                                },
                                {
                                  "Node Type": "Index Scan",
                                  "Parent Relationship": "Inner",
                                  "Parallel Aware": false,
                                  "Scan Direction": "Forward",
                                  "Index Name": "movie_id_movie_companies",
                                  "Relation Name": "movie_companies",
                                  "Schema": "public",
                                  "Alias": "mc",
                                  "Startup Cost": 0.43,
                                  "Total Cost": 0.59,
                                  "Plan Rows": 1,
                                  "Plan Width": 8,
                                  "Actual Startup Time": 0.008,
                                  "Actual Total Time": 0.011,
                                  "Actual Rows": 1,
                                  "Actual Loops": 3905,
                                  "Output": [
                                    "mc.id",
                                    "mc.movie_id",
                                    "mc.company_id",
                                    "mc.company_type_id",
                                    "mc.note"
                                  ],
                                  "Index Cond": "(mc.movie_id = ci.movie_id)",
                                  "Rows Removed by Index Recheck": 0,
                                  "Filter": "((mc.note IS NOT NULL) AND ((mc.note ~~ '%(USA)%'::text) OR (mc.note ~~ '%(worldwide)%'::text)))",
                                  "Rows Removed by Filter": 2
                                }
                              ]
                            },
                            {
                              "Node Type": "Index Scan",
                              "Parent Relationship": "Inner",
                              "Parallel Aware": false,
                              "Scan Direction": "Forward",
                              "Index Name": "movie_id_movie_info",
                              "Relation Name": "movie_info",
                              "Schema": "public",
                              "Alias": "mi",
                              "Startup Cost": 0.43,
                              "Total Cost": 1.75,
                              "Plan Rows": 2,
                              "Plan Width": 8,
                              "Actual Startup Time": 0.048,
                              "Actual Total Time": 0.063,
                              "Actual Rows": 1,
                              "Actual Loops": 3040,
                              "Output": [
                                "mi.id",
                                "mi.movie_id",
                                "mi.info_type_id",
                                "mi.info",
                                "mi.note"
                              ],
                              "Index Cond": "(mi.movie_id = ci.movie_id)",
                              "Rows Removed by Index Recheck": 0,
                              "Filter": "((mi.info IS NOT NULL) AND ((mi.info ~~ 'Japan:%200%'::text) OR (mi.info ~~ 'USA:%200%'::text)))",
                              "Rows Removed by Filter": 76
                            }
                          ]
                        },
                        {
                          "Node Type": "Hash",
                          "Parent Relationship": "Inner",
                          "Parallel Aware": false,
                          "Startup Cost": 2.41,
                          "Total Cost": 2.41,
                          "Plan Rows": 1,
                          "Plan Width": 4,
                          "Actual Startup Time": 0.06,
                          "Actual Total Time": 0.061,
                          "Actual Rows": 1,
                          "Actual Loops": 1,
                          "Output": [
                            "it.id"
                          ],
                          "Hash Buckets": 1024,
                          "Original Hash Buckets": 1024,
                          "Hash Batches": 1,
                          "Original Hash Batches": 1,
                          "Peak Memory Usage": 9,
                          "Plans": [
                            {
                              "Node Type": "Seq Scan",
                              "Parent Relationship": "Outer",
                              "Parallel Aware": false,
                              "Relation Name": "info_type",
                              "Schema": "public",
                              "Alias": "it",
                              "Startup Cost": 0.0,
                              "Total Cost": 2.41,
                              "Plan Rows": 1,
                              "Plan Width": 4,
                              "Actual Startup Time": 0.035,
                              "Actual Total Time": 0.054,
                              "Actual Rows": 1,
                              "Actual Loops": 1,
                              "Output": [
                                "it.id"
                              ],
                              "Filter": "((it.info)::text = 'release dates'::text)",
                              "Rows Removed by Filter": 112
                            }
                          ]
                        }
                      ]
                    },
                    {
                      "Node Type": "Index Scan",
                      "Parent Relationship": "Inner",
                      "Parallel Aware": false,
                      "Scan Direction": "Forward",
                      "Index Name": "company_name_pkey",
                      "Relation Name": "company_name",
                      "Schema": "public",
                      "Alias": "cn",
                      "Startup Cost": 0.42,
                      "Total Cost": 0.5,
                      "Plan Rows": 1,
                      "Plan Width": 4,
                      "Actual Startup Time": 0.003,
                      "Actual Total Time": 0.003,
                      "Actual Rows": 1,
                      "Actual Loops": 2051,
                      "Output": [
                        "cn.id",
                        "cn.name",
                        "cn.country_code",
                        "cn.imdb_id",
                        "cn.name_pcode_nf",
                        "cn.name_pcode_sf",
                        "cn.md5sum"
                      ],
                      "Index Cond": "(cn.id = mc.company_id)",
                      "Rows Removed by Index Recheck": 0,
                      "Filter": "((cn.country_code)::text = '[us]'::text)",
                      "Rows Removed by Filter": 0
                    }
                  ]
                },
                {
                  "Node Type": "Index Only Scan",
                  "Parent Relationship": "Inner",
                  "Parallel Aware": false,
                  "Scan Direction": "Forward",
                  "Index Name": "char_name_pkey",
                  "Relation Name": "char_name",
                  "Schema": "public",
                  "Alias": "chn",
                  "Startup Cost": 0.43,
                  "Total Cost": 0.53,
                  "Plan Rows": 1,
                  "Plan Width": 4,
                  "Actual Startup Time": 0.006,
                  "Actual Total Time": 0.006,
                  "Actual Rows": 1,
                  "Actual Loops": 1948,
                  "Output": [
                    "chn.id"
                  ],
                  "Index Cond": "(chn.id = ci.person_role_id)",
                  "Rows Removed by Index Recheck": 0,
                  "Heap Fetches": 1713
                }
              ]
            },
            {
              "Node Type": "Index Scan",
              "Parent Relationship": "Inner",
              "Parallel Aware": false,
              "Scan Direction": "Forward",
              "Index Name": "title_pkey",
              "Relation Name": "title",
              "Schema": "public",
              "Alias": "t",
              "Startup Cost": 0.43,
              "Total Cost": 0.53,
              "Plan Rows": 1,
              "Plan Width": 21,
              "Actual Startup Time": 0.005,
              "Actual Total Time": 0.005,
              "Actual Rows": 1,
              "Actual Loops": 1713,
              "Output": [
                "t.id",
                "t.title",
                "t.imdb_index",
                "t.kind_id",
                "t.production_year",
                "t.imdb_id",
                "t.phonetic_code",
                "t.episode_of_id",
                "t.season_nr",
                "t.episode_nr",
                "t.series_years",
                "t.md5sum"
              ],
              "Index Cond": "(t.id = ci.movie_id)",
              "Rows Removed by Index Recheck": 0,
              "Filter": "((t.production_year >= 1997) AND (t.production_year <= 2013))",
              "Rows Removed by Filter": 0
            }
          ]
        }
      ]
    },
    "Planning Time": 48607.557,
    "Triggers": [],
    "Execution Time": 2609.013
  }
]