[
  {
    "Plan": {
      "Node Type": "Aggregate",
      "Strategy": "Plain",
      "Partial Mode": "Finalize",
      "Parallel Aware": false,
      "Startup Cost": 376287.76,
      "Total Cost": 376287.77,
      "Plan Rows": 1,
      "Plan Width": 8,
      "Actual Startup Time": 1471.084,
      "Actual Total Time": 1522.412,
      "Actual Rows": 1,
      "Actual Loops": 1,
      "Plans": [
        {
          "Node Type": "Gather",
          "Parent Relationship": "Outer",
          "Parallel Aware": false,
          "Startup Cost": 376287.14,
          "Total Cost": 376287.75,
          "Plan Rows": 6,
          "Plan Width": 8,
          "Actual Startup Time": 1470.363,
          "Actual Total Time": 1522.391,
          "Actual Rows": 7,
          "Actual Loops": 1,
          "Workers Planned": 6,
          "Workers Launched": 6,
          "Single Copy": false,
          "Plans": [
            {
              "Node Type": "Aggregate",
              "Strategy": "Plain",
              "Partial Mode": "Partial",
              "Parent Relationship": "Outer",
              "Parallel Aware": false,
              "Startup Cost": 375287.14,
              "Total Cost": 375287.15,
              "Plan Rows": 1,
              "Plan Width": 8,
              "Actual Startup Time": 1463.565,
              "Actual Total Time": 1463.568,
              "Actual Rows": 1,
              "Actual Loops": 7,
              "Plans": [
                {
                  "Node Type": "Hash Join",
                  "Parent Relationship": "Outer",
                  "Parallel Aware": true,
                  "Join Type": "Inner",
                  "Startup Cost": 45768.39,
                  "Total Cost": 374735.04,
                  "Plan Rows": 220838,
                  "Plan Width": 0,
                  "Actual Startup Time": 83.232,
                  "Actual Total Time": 1449.814,
                  "Actual Rows": 232078,
                  "Actual Loops": 7,
                  "Inner Unique": true,
                  "Hash Cond": "(ci.movie_id = t.id)",
                  "Plans": [
                    {
                      "Node Type": "Seq Scan",
                      "Parent Relationship": "Outer",
                      "Parallel Aware": true,
                      "Relation Name": "cast_info",
                      "Alias": "ci",
                      "Startup Cost": 0.0,
                      "Total Cost": 313106.51,
                      "Plan Rows": 6041951,
                      "Plan Width": 4,
                      "Actual Startup Time": 0.034,
                      "Actual Total Time": 573.067,
                      "Actual Rows": 5177763,
                      "Actual Loops": 7
                    },
                    {
                      "Node Type": "Hash",
                      "Parent Relationship": "Inner",
                      "Parallel Aware": true,
                      "Startup Cost": 45479.59,
                      "Total Cost": 45479.59,
                      "Plan Rows": 23104,
                      "Plan Width": 4,
                      "Actual Startup Time": 81.915,
                      "Actual Total Time": 81.917,
                      "Actual Rows": 14393,
                      "Actual Loops": 7,
                      "Hash Buckets": 131072,
                      "Original Hash Buckets": 131072,
                      "Hash Batches": 1,
                      "Original Hash Batches": 1,
                      "Peak Memory Usage": 5088,
                      "Plans": [
                        {
                          "Node Type": "Seq Scan",
                          "Parent Relationship": "Outer",
                          "Parallel Aware": true,
                          "Relation Name": "title",
                          "Alias": "t",
                          "Startup Cost": 0.0,
                          "Total Cost": 45479.59,
                          "Plan Rows": 23104,
                          "Plan Width": 4,
                          "Actual Startup Time": 0.034,
                          "Actual Total Time": 74.408,
                          "Actual Rows": 14393,
                          "Actual Loops": 7,
                          "Filter": "((kind_id > 1) AND (production_year = 2008))",
                          "Rows Removed by Filter": 346794
                        }
                      ]
                    }
                  ]
                }
              ]
            }
          ]
        }
      ]
    },
    "Planning Time": 0.415,
    "Triggers": [],
    "Execution Time": 1522.476
  }
]