{
  "Plan": {
    "Node Type": "Aggregate",
    "Strategy": "Plain",
    "Partial Mode": "Finalize",
    "Parallel Aware": false,
    "Startup Cost": 124301.61,
    "Total Cost": 124301.62,
    "Plan Rows": 1,
    "Plan Width": 8,
    "Actual Startup Time": 910.786,
    "Actual Total Time": 931.278,
    "Actual Rows": 1,
    "Actual Loops": 1,
    "Plans": [
      {
        "Node Type": "Gather",
        "Parent Relationship": "Outer",
        "Parallel Aware": false,
        "Startup Cost": 124301.5,
        "Total Cost": 124301.61,
        "Plan Rows": 1,
        "Plan Width": 8,
        "Actual Startup Time": 907.044,
        "Actual Total Time": 931.269,
        "Actual Rows": 2,
        "Actual Loops": 1,
        "Workers Planned": 1,
        "Workers Launched": 1,
        "Single Copy": false,
        "Plans": [
          {
            "Node Type": "Aggregate",
            "Strategy": "Plain",
            "Partial Mode": "Partial",
            "Parent Relationship": "Outer",
            "Parallel Aware": false,
            "Startup Cost": 123301.5,
            "Total Cost": 123301.51,
            "Plan Rows": 1,
            "Plan Width": 8,
            "Actual Startup Time": 900.787,
            "Actual Total Time": 901.388,
            "Actual Rows": 1,
            "Actual Loops": 2,
            "Plans": [
              {
                "Node Type": "Hash Join",
                "Parent Relationship": "Outer",
                "Parallel Aware": true,
                "Join Type": "Inner",
                "Startup Cost": 103730.33,
                "Total Cost": 123160.73,
                "Plan Rows": 56308,
                "Plan Width": 0,
                "Actual Startup Time": 758.919,
                "Actual Total Time": 894.586,
                "Actual Rows": 132133,
                "Actual Loops": 2,
                "Inner Unique": false,
                "Hash Cond": "(mi_idx.movie_id = t.id)",
                "Plans": [
                  {
                    "Node Type": "Seq Scan",
                    "Parent Relationship": "Outer",
                    "Parallel Aware": true,
                    "Relation Name": "movie_info_idx",
                    "Alias": "mi_idx",
                    "Startup Cost": 0.0,
                    "Total Cost": 18082.32,
                    "Plan Rows": 271164,
                    "Plan Width": 4,
                    "Actual Startup Time": 0.031,
                    "Actual Total Time": 62.144,
                    "Actual Rows": 230092,
                    "Actual Loops": 2,
                    "Filter": "(info_type_id > 100)",
                    "Rows Removed by Filter": 459925
                  },
                  {
                    "Node Type": "Hash",
                    "Parent Relationship": "Inner",
                    "Parallel Aware": true,
                    "Startup Cost": 99870.0,
                    "Total Cost": 99870.0,
                    "Plan Rows": 308826,
                    "Plan Width": 8,
                    "Actual Startup Time": 749.024,
                    "Actual Total Time": 749.623,
                    "Actual Rows": 261868,
                    "Actual Loops": 2,
                    "Hash Buckets": 1048576,
                    "Original Hash Buckets": 1048576,
                    "Hash Batches": 1,
                    "Original Hash Batches": 1,
                    "Peak Memory Usage": 28736,
                    "Plans": [
                      {
                        "Node Type": "Hash Join",
                        "Parent Relationship": "Outer",
                        "Parallel Aware": true,
                        "Join Type": "Inner",
                        "Startup Cost": 37887.87,
                        "Total Cost": 99870.0,
                        "Plan Rows": 308826,
                        "Plan Width": 8,
                        "Actual Startup Time": 190.992,
                        "Actual Total Time": 667.074,
                        "Actual Rows": 261868,
                        "Actual Loops": 2,
                        "Inner Unique": false,
                        "Hash Cond": "(t.id = mc.movie_id)",
                        "Plans": [
                          {
                            "Node Type": "Seq Scan",
                            "Parent Relationship": "Outer",
                            "Parallel Aware": true,
                            "Relation Name": "title",
                            "Alias": "t",
                            "Startup Cost": 0.0,
                            "Total Cost": 50870.31,
                            "Plan Rows": 1487231,
                            "Plan Width": 4,
                            "Actual Startup Time": 0.011,
                            "Actual Total Time": 144.728,
                            "Actual Rows": 1264156,
                            "Actual Loops": 2
                          },
                          {
                            "Node Type": "Hash",
                            "Parent Relationship": "Inner",
                            "Parallel Aware": true,
                            "Startup Cost": 34027.55,
                            "Total Cost": 34027.55,
                            "Plan Rows": 308826,
                            "Plan Width": 4,
                            "Actual Startup Time": 184.968,
                            "Actual Total Time": 184.969,
                            "Actual Rows": 261868,
                            "Actual Loops": 2,
                            "Hash Buckets": 1048576,
                            "Original Hash Buckets": 1048576,
                            "Hash Batches": 1,
                            "Original Hash Batches": 1,
                            "Peak Memory Usage": 28704,
                            "Plans": [
                              {
                                "Node Type": "Bitmap Heap Scan",
                                "Parent Relationship": "Outer",
                                "Parallel Aware": true,
                                "Relation Name": "movie_companies",
                                "Alias": "mc",
                                "Startup Cost": 11377.22,
                                "Total Cost": 34027.55,
                                "Plan Rows": 308826,
                                "Plan Width": 4,
                                "Actual Startup Time": 35.674,
                                "Actual Total Time": 109.912,
                                "Actual Rows": 261868,
                                "Actual Loops": 2,
                                "Recheck Cond": "(company_id < 483)",
                                "Rows Removed by Index Recheck": 0,
                                "Exact Heap Blocks": 12594,
                                "Lossy Heap Blocks": 0,
                                "Plans": [
                                  {
                                    "Node Type": "Bitmap Index Scan",
                                    "Parent Relationship": "Outer",
                                    "Parallel Aware": false,
                                    "Index Name": "company_id_movie_companies",
                                    "Startup Cost": 0.0,
                                    "Total Cost": 11245.97,
                                    "Plan Rows": 525005,
                                    "Plan Width": 0,
                                    "Actual Startup Time": 32.641,
                                    "Actual Total Time": 32.641,
                                    "Actual Rows": 523736,
                                    "Actual Loops": 1,
                                    "Index Cond": "(company_id < 483)"
                                  }
                                ]
                              }
                            ]
                          }
                        ]
                      }
                    ]
                  }
                ]
              }
            ]
          }
        ]
      }
    ]
  },
  "Planning Time": 0.922,
  "Triggers": [],
  "Execution Time": 931.383
}