[
    {
        "Bao": {
            "Bao prediction": "NaN",
            "Bao recommended hint": "(no hint)"
        }
    },
    {
        "Plan": {
            "Node Type": "Aggregate",
            "Strategy": "Plain",
            "Partial Mode": "Finalize",
            "Parallel Aware": false,
            "Startup Cost": 133645.08,
            "Total Cost": 133645.09,
            "Plan Rows": 1,
            "Plan Width": 8,
            "Actual Startup Time": 715.107,
            "Actual Total Time": 752.651,
            "Actual Rows": 1,
            "Actual Loops": 1,
            "Output": [
                "count(*)"
            ],
            "Plans": [
                {
                    "Node Type": "Gather",
                    "Parent Relationship": "Outer",
                    "Parallel Aware": false,
                    "Startup Cost": 133644.66,
                    "Total Cost": 133645.07,
                    "Plan Rows": 4,
                    "Plan Width": 8,
                    "Actual Startup Time": 714.305,
                    "Actual Total Time": 752.643,
                    "Actual Rows": 5,
                    "Actual Loops": 1,
                    "Output": [
                        "(PARTIAL count(*))"
                    ],
                    "Workers Planned": 4,
                    "Workers Launched": 4,
                    "Single Copy": false,
                    "Plans": [
                        {
                            "Node Type": "Aggregate",
                            "Strategy": "Plain",
                            "Partial Mode": "Partial",
                            "Parent Relationship": "Outer",
                            "Parallel Aware": false,
                            "Startup Cost": 132644.66,
                            "Total Cost": 132644.67,
                            "Plan Rows": 1,
                            "Plan Width": 8,
                            "Actual Startup Time": 704.741,
                            "Actual Total Time": 704.745,
                            "Actual Rows": 1,
                            "Actual Loops": 5,
                            "Output": [
                                "PARTIAL count(*)"
                            ],
                            "Workers": [
                                {
                                    "Worker Number": 0,
                                    "Actual Startup Time": 702.341,
                                    "Actual Total Time": 702.345,
                                    "Actual Rows": 1,
                                    "Actual Loops": 1
                                },
                                {
                                    "Worker Number": 1,
                                    "Actual Startup Time": 702.332,
                                    "Actual Total Time": 702.335,
                                    "Actual Rows": 1,
                                    "Actual Loops": 1
                                },
                                {
                                    "Worker Number": 2,
                                    "Actual Startup Time": 702.4,
                                    "Actual Total Time": 702.404,
                                    "Actual Rows": 1,
                                    "Actual Loops": 1
                                },
                                {
                                    "Worker Number": 3,
                                    "Actual Startup Time": 702.614,
                                    "Actual Total Time": 702.619,
                                    "Actual Rows": 1,
                                    "Actual Loops": 1
                                }
                            ],
                            "Plans": [
                                {
                                    "Node Type": "Nested Loop",
                                    "Parent Relationship": "Outer",
                                    "Parallel Aware": false,
                                    "Join Type": "Inner",
                                    "Startup Cost": 22884.42,
                                    "Total Cost": 132142.43,
                                    "Plan Rows": 200893,
                                    "Plan Width": 0,
                                    "Actual Startup Time": 136.303,
                                    "Actual Total Time": 677.965,
                                    "Actual Rows": 484277,
                                    "Actual Loops": 5,
                                    "Inner Unique": false,
                                    "Workers": [
                                        {
                                            "Worker Number": 0,
                                            "Actual Startup Time": 132.002,
                                            "Actual Total Time": 674.173,
                                            "Actual Rows": 351160,
                                            "Actual Loops": 1
                                        },
                                        {
                                            "Worker Number": 1,
                                            "Actual Startup Time": 133.016,
                                            "Actual Total Time": 677.437,
                                            "Actual Rows": 523425,
                                            "Actual Loops": 1
                                        },
                                        {
                                            "Worker Number": 2,
                                            "Actual Startup Time": 134.181,
                                            "Actual Total Time": 677.52,
                                            "Actual Rows": 525698,
                                            "Actual Loops": 1
                                        },
                                        {
                                            "Worker Number": 3,
                                            "Actual Startup Time": 140.315,
                                            "Actual Total Time": 675.895,
                                            "Actual Rows": 330331,
                                            "Actual Loops": 1
                                        }
                                    ],
                                    "Plans": [
                                        {
                                            "Node Type": "Hash Join",
                                            "Parent Relationship": "Outer",
                                            "Parallel Aware": true,
                                            "Join Type": "Inner",
                                            "Startup Cost": 22883.99,
                                            "Total Cost": 68474.23,
                                            "Plan Rows": 34424,
                                            "Plan Width": 8,
                                            "Actual Startup Time": 136.211,
                                            "Actual Total Time": 208.216,
                                            "Actual Rows": 28034,
                                            "Actual Loops": 5,
                                            "Output": [
                                                "t.id",
                                                "mc.movie_id"
                                            ],
                                            "Inner Unique": false,
                                            "Hash Cond": "(t.id = mc.movie_id)",
                                            "Workers": [
                                                {
                                                    "Worker Number": 0,
                                                    "Actual Startup Time": 131.875,
                                                    "Actual Total Time": 201.406,
                                                    "Actual Rows": 20071,
                                                    "Actual Loops": 1
                                                },
                                                {
                                                    "Worker Number": 1,
                                                    "Actual Startup Time": 132.906,
                                                    "Actual Total Time": 205.913,
                                                    "Actual Rows": 30525,
                                                    "Actual Loops": 1
                                                },
                                                {
                                                    "Worker Number": 2,
                                                    "Actual Startup Time": 134.105,
                                                    "Actual Total Time": 205.603,
                                                    "Actual Rows": 30734,
                                                    "Actual Loops": 1
                                                },
                                                {
                                                    "Worker Number": 3,
                                                    "Actual Startup Time": 140.198,
                                                    "Actual Total Time": 204.912,
                                                    "Actual Rows": 18898,
                                                    "Actual Loops": 1
                                                }
                                            ],
                                            "Plans": [
                                                {
                                                    "Node Type": "Seq Scan",
                                                    "Parent Relationship": "Outer",
                                                    "Parallel Aware": true,
                                                    "Relation Name": "title",
                                                    "Schema": "public",
                                                    "Alias": "t",
                                                    "Startup Cost": 0.0,
                                                    "Total Cost": 42318.81,
                                                    "Plan Rows": 632080,
                                                    "Plan Width": 4,
                                                    "Actual Startup Time": 0.013,
                                                    "Actual Total Time": 66.004,
                                                    "Actual Rows": 505662,
                                                    "Actual Loops": 5,
                                                    "Output": [
                                                        "t.id",
                                                        "t.title",
                                                        "t.imdb_index",
                                                        "t.kind_id",
                                                        "t.production_year",
                                                        "t.imdb_id",
                                                        "t.phonetic_code",
                                                        "t.episode_of_id",
                                                        "t.season_nr",
                                                        "t.episode_nr",
                                                        "t.series_years",
                                                        "t.md5sum"
                                                    ],
                                                    "Workers": [
                                                        {
                                                            "Worker Number": 0,
                                                            "Actual Startup Time": 0.014,
                                                            "Actual Total Time": 69.464,
                                                            "Actual Rows": 355017,
                                                            "Actual Loops": 1
                                                        },
                                                        {
                                                            "Worker Number": 1,
                                                            "Actual Startup Time": 0.012,
                                                            "Actual Total Time": 66.722,
                                                            "Actual Rows": 547362,
                                                            "Actual Loops": 1
                                                        },
                                                        {
                                                            "Worker Number": 2,
                                                            "Actual Startup Time": 0.018,
                                                            "Actual Total Time": 66.995,
                                                            "Actual Rows": 552930,
                                                            "Actual Loops": 1
                                                        },
                                                        {
                                                            "Worker Number": 3,
                                                            "Actual Startup Time": 0.016,
                                                            "Actual Total Time": 67.374,
                                                            "Actual Rows": 327906,
                                                            "Actual Loops": 1
                                                        }
                                                    ]
                                                },
                                                {
                                                    "Node Type": "Hash",
                                                    "Parent Relationship": "Inner",
                                                    "Parallel Aware": true,
                                                    "Startup Cost": 22328.78,
                                                    "Total Cost": 22328.78,
                                                    "Plan Rows": 44417,
                                                    "Plan Width": 4,
                                                    "Actual Startup Time": 40.532,
                                                    "Actual Total Time": 40.534,
                                                    "Actual Rows": 28034,
                                                    "Actual Loops": 5,
                                                    "Output": [
                                                        "mc.movie_id"
                                                    ],
                                                    "Hash Buckets": 262144,
                                                    "Original Hash Buckets": 262144,
                                                    "Hash Batches": 1,
                                                    "Original Hash Batches": 1,
                                                    "Peak Memory Usage": 7648,
                                                    "Workers": [
                                                        {
                                                            "Worker Number": 0,
                                                            "Actual Startup Time": 38.48,
                                                            "Actual Total Time": 38.481,
                                                            "Actual Rows": 17358,
                                                            "Actual Loops": 1
                                                        },
                                                        {
                                                            "Worker Number": 1,
                                                            "Actual Startup Time": 38.88,
                                                            "Actual Total Time": 38.881,
                                                            "Actual Rows": 15953,
                                                            "Actual Loops": 1
                                                        },
                                                        {
                                                            "Worker Number": 2,
                                                            "Actual Startup Time": 38.853,
                                                            "Actual Total Time": 38.855,
                                                            "Actual Rows": 18019,
                                                            "Actual Loops": 1
                                                        },
                                                        {
                                                            "Worker Number": 3,
                                                            "Actual Startup Time": 39.015,
                                                            "Actual Total Time": 39.017,
                                                            "Actual Rows": 16400,
                                                            "Actual Loops": 1
                                                        }
                                                    ],
                                                    "Plans": [
                                                        {
                                                            "Node Type": "Bitmap Heap Scan",
                                                            "Parent Relationship": "Outer",
                                                            "Parallel Aware": true,
                                                            "Relation Name": "movie_companies",
                                                            "Schema": "public",
                                                            "Alias": "mc",
                                                            "Startup Cost": 2983.56,
                                                            "Total Cost": 22328.78,
                                                            "Plan Rows": 44417,
                                                            "Plan Width": 4,
                                                            "Actual Startup Time": 8.192,
                                                            "Actual Total Time": 28.851,
                                                            "Actual Rows": 28034,
                                                            "Actual Loops": 5,
                                                            "Output": [
                                                                "mc.movie_id"
                                                            ],
                                                            "Recheck Cond": "(mc.company_id > 136290)",
                                                            "Rows Removed by Index Recheck": 0,
                                                            "Exact Heap Blocks": 1975,
                                                            "Lossy Heap Blocks": 0,
                                                            "Workers": [
                                                                {
                                                                    "Worker Number": 0,
                                                                    "Actual Startup Time": 6.246,
                                                                    "Actual Total Time": 27.945,
                                                                    "Actual Rows": 17358,
                                                                    "Actual Loops": 1
                                                                },
                                                                {
                                                                    "Worker Number": 1,
                                                                    "Actual Startup Time": 6.54,
                                                                    "Actual Total Time": 27.727,
                                                                    "Actual Rows": 15953,
                                                                    "Actual Loops": 1
                                                                },
                                                                {
                                                                    "Worker Number": 2,
                                                                    "Actual Startup Time": 6.502,
                                                                    "Actual Total Time": 28.189,
                                                                    "Actual Rows": 18019,
                                                                    "Actual Loops": 1
                                                                },
                                                                {
                                                                    "Worker Number": 3,
                                                                    "Actual Startup Time": 6.656,
                                                                    "Actual Total Time": 27.902,
                                                                    "Actual Rows": 16400,
                                                                    "Actual Loops": 1
                                                                }
                                                            ],
                                                            "Plans": [
                                                                {
                                                                    "Node Type": "Bitmap Index Scan",
                                                                    "Parent Relationship": "Outer",
                                                                    "Parallel Aware": false,
                                                                    "Index Name": "company_id_movie_companies",
                                                                    "Startup Cost": 0.0,
                                                                    "Total Cost": 2949.13,
                                                                    "Plan Rows": 137694,
                                                                    "Plan Width": 0,
                                                                    "Actual Startup Time": 14.493,
                                                                    "Actual Total Time": 14.494,
                                                                    "Actual Rows": 140169,
                                                                    "Actual Loops": 1,
                                                                    "Index Cond": "(mc.company_id > 136290)"
                                                                }
                                                            ]
                                                        }
                                                    ]
                                                }
                                            ]
                                        },
                                        {
                                            "Node Type": "Index Only Scan",
                                            "Parent Relationship": "Inner",
                                            "Parallel Aware": false,
                                            "Scan Direction": "Forward",
                                            "Index Name": "movie_id_movie_info",
                                            "Relation Name": "movie_info",
                                            "Schema": "public",
                                            "Alias": "mi",
                                            "Startup Cost": 0.43,
                                            "Total Cost": 1.46,
                                            "Plan Rows": 39,
                                            "Plan Width": 4,
                                            "Actual Startup Time": 0.007,
                                            "Actual Total Time": 0.015,
                                            "Actual Rows": 17,
                                            "Actual Loops": 140169,
                                            "Output": [
                                                "mi.movie_id"
                                            ],
                                            "Index Cond": "(mi.movie_id = t.id)",
                                            "Rows Removed by Index Recheck": 0,
                                            "Heap Fetches": 2421386,
                                            "Workers": [
                                                {
                                                    "Worker Number": 0,
                                                    "Actual Startup Time": 0.009,
                                                    "Actual Total Time": 0.021,
                                                    "Actual Rows": 17,
                                                    "Actual Loops": 20071
                                                },
                                                {
                                                    "Worker Number": 1,
                                                    "Actual Startup Time": 0.006,
                                                    "Actual Total Time": 0.014,
                                                    "Actual Rows": 17,
                                                    "Actual Loops": 30525
                                                },
                                                {
                                                    "Worker Number": 2,
                                                    "Actual Startup Time": 0.006,
                                                    "Actual Total Time": 0.014,
                                                    "Actual Rows": 17,
                                                    "Actual Loops": 30734
                                                },
                                                {
                                                    "Worker Number": 3,
                                                    "Actual Startup Time": 0.01,
                                                    "Actual Total Time": 0.022,
                                                    "Actual Rows": 17,
                                                    "Actual Loops": 18898
                                                }
                                            ]
                                        }
                                    ]
                                }
                            ]
                        }
                    ]
                }
            ]
        },
        "Planning Time": 182.976,
        "Triggers": [],
        "Execution Time": 752.745
    }
]