{
    "Plan": {
        "Node Type": "Aggregate",
        "Strategy": "Plain",
        "Partial Mode": "Simple",
        "Parallel Aware": false,
        "Startup Cost": 80000278875.86,
        "Total Cost": 80000278875.87,
        "Plan Rows": 1,
        "Plan Width": 96,
        "Actual Startup Time": 236.736,
        "Actual Total Time": 236.742,
        "Actual Rows": 1,
        "Actual Loops": 1,
        "Output": [
            "min(cn.name)",
            "min(mc.note)",
            "min(t.title)"
        ],
        "Plans": [
            {
                "Node Type": "Nested Loop",
                "Parent Relationship": "Outer",
                "Parallel Aware": false,
                "Join Type": "Inner",
                "Startup Cost": 80000000004.46,
                "Total Cost": 80000278875.85,
                "Plan Rows": 1,
                "Plan Width": 60,
                "Actual Startup Time": 60.344,
                "Actual Total Time": 236.725,
                "Actual Rows": 14,
                "Actual Loops": 1,
                "Output": [
                    "cn.name",
                    "mc.note",
                    "t.title"
                ],
                "Inner Unique": true,
                "Plans": [
                    {
                        "Node Type": "Nested Loop",
                        "Parent Relationship": "Outer",
                        "Parallel Aware": false,
                        "Join Type": "Inner",
                        "Startup Cost": 70000000004.31,
                        "Total Cost": 70000278871.27,
                        "Plan Rows": 1,
                        "Plan Width": 64,
                        "Actual Startup Time": 60.329,
                        "Actual Total Time": 236.662,
                        "Actual Rows": 14,
                        "Actual Loops": 1,
                        "Output": [
                            "cn.name",
                            "mc.note",
                            "ml.link_type_id",
                            "t.title"
                        ],
                        "Inner Unique": true,
                        "Plans": [
                            {
                                "Node Type": "Nested Loop",
                                "Parent Relationship": "Outer",
                                "Parallel Aware": false,
                                "Join Type": "Inner",
                                "Startup Cost": 60000000003.89,
                                "Total Cost": 60000278393.71,
                                "Plan Rows": 107,
                                "Plan Width": 68,
                                "Actual Startup Time": 60.11,
                                "Actual Total Time": 213.324,
                                "Actual Rows": 5324,
                                "Actual Loops": 1,
                                "Output": [
                                    "cn.name",
                                    "mc.note",
                                    "mk.keyword_id",
                                    "ml.link_type_id",
                                    "t.title"
                                ],
                                "Inner Unique": false,
                                "Join Filter": "(ml.movie_id = mk.movie_id)",
                                "Rows Removed by Join Filter": 0,
                                "Plans": [
                                    {
                                        "Node Type": "Nested Loop",
                                        "Parent Relationship": "Outer",
                                        "Parallel Aware": false,
                                        "Join Type": "Inner",
                                        "Startup Cost": 50000000003.03,
                                        "Total Cost": 50000278381.7,
                                        "Plan Rows": 2,
                                        "Plan Width": 76,
                                        "Actual Startup Time": 7.083,
                                        "Actual Total Time": 210.655,
                                        "Actual Rows": 161,
                                        "Actual Loops": 1,
                                        "Output": [
                                            "cn.name",
                                            "mc.note",
                                            "mc.movie_id",
                                            "ml.link_type_id",
                                            "ml.movie_id",
                                            "t.title",
                                            "t.id"
                                        ],
                                        "Inner Unique": true,
                                        "Plans": [
                                            {
                                                "Node Type": "Nested Loop",
                                                "Parent Relationship": "Outer",
                                                "Parallel Aware": false,
                                                "Join Type": "Inner",
                                                "Startup Cost": 40000000002.9,
                                                "Total Cost": 40000278371.25,
                                                "Plan Rows": 3,
                                                "Plan Width": 80,
                                                "Actual Startup Time": 7.059,
                                                "Actual Total Time": 210.041,
                                                "Actual Rows": 161,
                                                "Actual Loops": 1,
                                                "Output": [
                                                    "cn.name",
                                                    "mc.note",
                                                    "mc.movie_id",
                                                    "mc.company_type_id",
                                                    "ml.link_type_id",
                                                    "ml.movie_id",
                                                    "t.title",
                                                    "t.id"
                                                ],
                                                "Inner Unique": true,
                                                "Plans": [
                                                    {
                                                        "Node Type": "Nested Loop",
                                                        "Parent Relationship": "Outer",
                                                        "Parallel Aware": false,
                                                        "Join Type": "Inner",
                                                        "Startup Cost": 30000000002.47,
                                                        "Total Cost": 30000200320.32,
                                                        "Plan Rows": 17538,
                                                        "Plan Width": 65,
                                                        "Actual Startup Time": 0.728,
                                                        "Actual Total Time": 182.658,
                                                        "Actual Rows": 5292,
                                                        "Actual Loops": 1,
                                                        "Output": [
                                                            "mc.note",
                                                            "mc.movie_id",
                                                            "mc.company_type_id",
                                                            "mc.company_id",
                                                            "ml.link_type_id",
                                                            "ml.movie_id",
                                                            "t.title",
                                                            "t.id"
                                                        ],
                                                        "Inner Unique": false,
                                                        "Join Filter": "(ml.movie_id = mc.movie_id)",
                                                        "Rows Removed by Join Filter": 0,
                                                        "Plans": [
                                                            {
                                                                "Node Type": "Nested Loop",
                                                                "Parent Relationship": "Outer",
                                                                "Parallel Aware": false,
                                                                "Join Type": "Inner",
                                                                "Startup Cost": 20000000001.93,
                                                                "Total Cost": 20000171006.3,
                                                                "Plan Rows": 6318,
                                                                "Plan Width": 29,
                                                                "Actual Startup Time": 0.561,
                                                                "Actual Total Time": 148.404,
                                                                "Actual Rows": 6667,
                                                                "Actual Loops": 1,
                                                                "Output": [
                                                                    "ml.link_type_id",
                                                                    "ml.movie_id",
                                                                    "t.title",
                                                                    "t.id"
                                                                ],
                                                                "Inner Unique": true,
                                                                "Plans": [
                                                                    {
                                                                        "Node Type": "Index Scan",
                                                                        "Parent Relationship": "Outer",
                                                                        "Parallel Aware": false,
                                                                        "Scan Direction": "Forward",
                                                                        "Index Name": "link_type_id_movie_link",
                                                                        "Relation Name": "movie_link",
                                                                        "Schema": "public",
                                                                        "Alias": "ml",
                                                                        "Startup Cost": 10000000000.29,
                                                                        "Total Cost": 10000001425.16,
                                                                        "Plan Rows": 29997,
                                                                        "Plan Width": 8,
                                                                        "Actual Startup Time": 0.07,
                                                                        "Actual Total Time": 9.217,
                                                                        "Actual Rows": 29997,
                                                                        "Actual Loops": 1,
                                                                        "Output": [
                                                                            "ml.id",
                                                                            "ml.movie_id",
                                                                            "ml.linked_movie_id",
                                                                            "ml.link_type_id"
                                                                        ]
                                                                    },
                                                                    {
                                                                        "Node Type": "Bitmap Heap Scan",
                                                                        "Parent Relationship": "Inner",
                                                                        "Parallel Aware": false,
                                                                        "Relation Name": "title",
                                                                        "Schema": "public",
                                                                        "Alias": "t",
                                                                        "Startup Cost": 1.64,
                                                                        "Total Cost": 5.65,
                                                                        "Plan Rows": 1,
                                                                        "Plan Width": 21,
                                                                        "Actual Startup Time": 0.003,
                                                                        "Actual Total Time": 0.003,
                                                                        "Actual Rows": 0,
                                                                        "Actual Loops": 29997,
                                                                        "Output": [
                                                                            "t.id",
                                                                            "t.title",
                                                                            "t.imdb_index",
                                                                            "t.kind_id",
                                                                            "t.production_year",
                                                                            "t.imdb_id",
                                                                            "t.phonetic_code",
                                                                            "t.episode_of_id",
                                                                            "t.season_nr",
                                                                            "t.episode_nr",
                                                                            "t.series_years",
                                                                            "t.md5sum"
                                                                        ],
                                                                        "Recheck Cond": "(t.id = ml.movie_id)",
                                                                        "Rows Removed by Index Recheck": 0,
                                                                        "Filter": "(t.production_year > 2009)",
                                                                        "Rows Removed by Filter": 1,
                                                                        "Exact Heap Blocks": 29997,
                                                                        "Lossy Heap Blocks": 0,
                                                                        "Plans": [
                                                                            {
                                                                                "Node Type": "Bitmap Index Scan",
                                                                                "Parent Relationship": "Outer",
                                                                                "Parallel Aware": false,
                                                                                "Index Name": "title_pkey",
                                                                                "Startup Cost": 0.0,
                                                                                "Total Cost": 1.64,
                                                                                "Plan Rows": 1,
                                                                                "Plan Width": 0,
                                                                                "Actual Startup Time": 0.002,
                                                                                "Actual Total Time": 0.002,
                                                                                "Actual Rows": 1,
                                                                                "Actual Loops": 29997,
                                                                                "Index Cond": "(t.id = ml.movie_id)"
                                                                            }
                                                                        ]
                                                                    }
                                                                ]
                                                            },
                                                            {
                                                                "Node Type": "Bitmap Heap Scan",
                                                                "Parent Relationship": "Inner",
                                                                "Parallel Aware": false,
                                                                "Relation Name": "movie_companies",
                                                                "Schema": "public",
                                                                "Alias": "mc",
                                                                "Startup Cost": 0.54,
                                                                "Total Cost": 4.6,
                                                                "Plan Rows": 3,
                                                                "Plan Width": 36,
                                                                "Actual Startup Time": 0.003,
                                                                "Actual Total Time": 0.003,
                                                                "Actual Rows": 1,
                                                                "Actual Loops": 6667,
                                                                "Output": [
                                                                    "mc.id",
                                                                    "mc.movie_id",
                                                                    "mc.company_id",
                                                                    "mc.company_type_id",
                                                                    "mc.note"
                                                                ],
                                                                "Recheck Cond": "(mc.movie_id = t.id)",
                                                                "Rows Removed by Index Recheck": 0,
                                                                "Filter": "(mc.note IS NOT NULL)",
                                                                "Rows Removed by Filter": 1,
                                                                "Exact Heap Blocks": 4791,
                                                                "Lossy Heap Blocks": 0,
                                                                "Plans": [
                                                                    {
                                                                        "Node Type": "Bitmap Index Scan",
                                                                        "Parent Relationship": "Outer",
                                                                        "Parallel Aware": false,
                                                                        "Index Name": "movie_id_movie_companies",
                                                                        "Startup Cost": 0.0,
                                                                        "Total Cost": 0.54,
                                                                        "Plan Rows": 5,
                                                                        "Plan Width": 0,
                                                                        "Actual Startup Time": 0.002,
                                                                        "Actual Total Time": 0.002,
                                                                        "Actual Rows": 1,
                                                                        "Actual Loops": 6667,
                                                                        "Index Cond": "(mc.movie_id = t.id)"
                                                                    }
                                                                ]
                                                            }
                                                        ]
                                                    },
                                                    {
                                                        "Node Type": "Bitmap Heap Scan",
                                                        "Parent Relationship": "Inner",
                                                        "Parallel Aware": false,
                                                        "Relation Name": "company_name",
                                                        "Schema": "public",
                                                        "Alias": "cn",
                                                        "Startup Cost": 0.43,
                                                        "Total Cost": 4.45,
                                                        "Plan Rows": 1,
                                                        "Plan Width": 23,
                                                        "Actual Startup Time": 0.004,
                                                        "Actual Total Time": 0.004,
                                                        "Actual Rows": 0,
                                                        "Actual Loops": 5292,
                                                        "Output": [
                                                            "cn.id",
                                                            "cn.name",
                                                            "cn.country_code",
                                                            "cn.imdb_id",
                                                            "cn.name_pcode_nf",
                                                            "cn.name_pcode_sf",
                                                            "cn.md5sum"
                                                        ],
                                                        "Recheck Cond": "(cn.id = mc.company_id)",
                                                        "Rows Removed by Index Recheck": 0,
                                                        "Filter": "(((cn.country_code)::text <> '[pl]'::text) AND ((cn.name ~~ '20th Century Fox%'::text) OR (cn.name ~~ 'Twentieth Century Fox%'::text)))",
                                                        "Rows Removed by Filter": 1,
                                                        "Exact Heap Blocks": 5292,
                                                        "Lossy Heap Blocks": 0,
                                                        "Plans": [
                                                            {
                                                                "Node Type": "Bitmap Index Scan",
                                                                "Parent Relationship": "Outer",
                                                                "Parallel Aware": false,
                                                                "Index Name": "company_name_pkey",
                                                                "Startup Cost": 0.0,
                                                                "Total Cost": 0.43,
                                                                "Plan Rows": 1,
                                                                "Plan Width": 0,
                                                                "Actual Startup Time": 0.002,
                                                                "Actual Total Time": 0.002,
                                                                "Actual Rows": 1,
                                                                "Actual Loops": 5292,
                                                                "Index Cond": "(cn.id = mc.company_id)"
                                                            }
                                                        ]
                                                    }
                                                ]
                                            },
                                            {
                                                "Node Type": "Bitmap Heap Scan",
                                                "Parent Relationship": "Inner",
                                                "Parallel Aware": false,
                                                "Relation Name": "company_type",
                                                "Schema": "public",
                                                "Alias": "ct",
                                                "Startup Cost": 0.14,
                                                "Total Cost": 4.15,
                                                "Plan Rows": 1,
                                                "Plan Width": 4,
                                                "Actual Startup Time": 0.002,
                                                "Actual Total Time": 0.002,
                                                "Actual Rows": 1,
                                                "Actual Loops": 161,
                                                "Output": [
                                                    "ct.id",
                                                    "ct.kind"
                                                ],
                                                "Recheck Cond": "(ct.id = mc.company_type_id)",
                                                "Rows Removed by Index Recheck": 0,
                                                "Filter": "((ct.kind IS NOT NULL) AND ((ct.kind)::text <> 'miscellaneous companies'::text))",
                                                "Rows Removed by Filter": 0,
                                                "Exact Heap Blocks": 161,
                                                "Lossy Heap Blocks": 0,
                                                "Plans": [
                                                    {
                                                        "Node Type": "Bitmap Index Scan",
                                                        "Parent Relationship": "Outer",
                                                        "Parallel Aware": false,
                                                        "Index Name": "company_type_pkey",
                                                        "Startup Cost": 0.0,
                                                        "Total Cost": 0.14,
                                                        "Plan Rows": 1,
                                                        "Plan Width": 0,
                                                        "Actual Startup Time": 0.001,
                                                        "Actual Total Time": 0.001,
                                                        "Actual Rows": 1,
                                                        "Actual Loops": 161,
                                                        "Index Cond": "(ct.id = mc.company_type_id)"
                                                    }
                                                ]
                                            }
                                        ]
                                    },
                                    {
                                        "Node Type": "Bitmap Heap Scan",
                                        "Parent Relationship": "Inner",
                                        "Parallel Aware": false,
                                        "Relation Name": "movie_keyword",
                                        "Schema": "public",
                                        "Alias": "mk",
                                        "Startup Cost": 0.85,
                                        "Total Cost": 5.43,
                                        "Plan Rows": 46,
                                        "Plan Width": 8,
                                        "Actual Startup Time": 0.005,
                                        "Actual Total Time": 0.009,
                                        "Actual Rows": 33,
                                        "Actual Loops": 161,
                                        "Output": [
                                            "mk.id",
                                            "mk.movie_id",
                                            "mk.keyword_id"
                                        ],
                                        "Recheck Cond": "(mk.movie_id = mc.movie_id)",
                                        "Rows Removed by Index Recheck": 0,
                                        "Exact Heap Blocks": 188,
                                        "Lossy Heap Blocks": 0,
                                        "Plans": [
                                            {
                                                "Node Type": "Bitmap Index Scan",
                                                "Parent Relationship": "Outer",
                                                "Parallel Aware": false,
                                                "Index Name": "movie_id_movie_keyword",
                                                "Startup Cost": 0.0,
                                                "Total Cost": 0.84,
                                                "Plan Rows": 46,
                                                "Plan Width": 0,
                                                "Actual Startup Time": 0.003,
                                                "Actual Total Time": 0.003,
                                                "Actual Rows": 33,
                                                "Actual Loops": 161,
                                                "Index Cond": "(mk.movie_id = mc.movie_id)"
                                            }
                                        ]
                                    }
                                ]
                            },
                            {
                                "Node Type": "Bitmap Heap Scan",
                                "Parent Relationship": "Inner",
                                "Parallel Aware": false,
                                "Relation Name": "keyword",
                                "Schema": "public",
                                "Alias": "k",
                                "Startup Cost": 0.43,
                                "Total Cost": 4.44,
                                "Plan Rows": 1,
                                "Plan Width": 4,
                                "Actual Startup Time": 0.003,
                                "Actual Total Time": 0.003,
                                "Actual Rows": 0,
                                "Actual Loops": 5324,
                                "Output": [
                                    "k.id",
                                    "k.keyword",
                                    "k.phonetic_code"
                                ],
                                "Recheck Cond": "(k.id = mk.keyword_id)",
                                "Rows Removed by Index Recheck": 0,
                                "Filter": "(k.keyword = ANY ('{claw,fight,christmas-tree}'::text[]))",
                                "Rows Removed by Filter": 1,
                                "Exact Heap Blocks": 5324,
                                "Lossy Heap Blocks": 0,
                                "Plans": [
                                    {
                                        "Node Type": "Bitmap Index Scan",
                                        "Parent Relationship": "Outer",
                                        "Parallel Aware": false,
                                        "Index Name": "keyword_pkey",
                                        "Startup Cost": 0.0,
                                        "Total Cost": 0.43,
                                        "Plan Rows": 1,
                                        "Plan Width": 0,
                                        "Actual Startup Time": 0.002,
                                        "Actual Total Time": 0.002,
                                        "Actual Rows": 1,
                                        "Actual Loops": 5324,
                                        "Index Cond": "(k.id = mk.keyword_id)"
                                    }
                                ]
                            }
                        ]
                    },
                    {
                        "Node Type": "Bitmap Heap Scan",
                        "Parent Relationship": "Inner",
                        "Parallel Aware": false,
                        "Relation Name": "link_type",
                        "Schema": "public",
                        "Alias": "lt",
                        "Startup Cost": 0.15,
                        "Total Cost": 4.16,
                        "Plan Rows": 1,
                        "Plan Width": 4,
                        "Actual Startup Time": 0.002,
                        "Actual Total Time": 0.002,
                        "Actual Rows": 1,
                        "Actual Loops": 14,
                        "Output": [
                            "lt.id",
                            "lt.link"
                        ],
                        "Recheck Cond": "(lt.id = ml.link_type_id)",
                        "Rows Removed by Index Recheck": 0,
                        "Exact Heap Blocks": 14,
                        "Lossy Heap Blocks": 0,
                        "Plans": [
                            {
                                "Node Type": "Bitmap Index Scan",
                                "Parent Relationship": "Outer",
                                "Parallel Aware": false,
                                "Index Name": "link_type_pkey",
                                "Startup Cost": 0.0,
                                "Total Cost": 0.15,
                                "Plan Rows": 1,
                                "Plan Width": 0,
                                "Actual Startup Time": 0.001,
                                "Actual Total Time": 0.001,
                                "Actual Rows": 1,
                                "Actual Loops": 14,
                                "Index Cond": "(lt.id = ml.link_type_id)"
                            }
                        ]
                    }
                ]
            }
        ]
    },
    "Planning Time": 12.244,
    "Triggers": [],
    "Execution Time": 237.461
}