{
  "Plan": {
    "Node Type": "Aggregate",
    "Strategy": "Plain",
    "Partial Mode": "Finalize",
    "Parallel Aware": false,
    "Startup Cost": 523358.9,
    "Total Cost": 523358.91,
    "Plan Rows": 1,
    "Plan Width": 8,
    "Actual Startup Time": 1253.805,
    "Actual Total Time": 1312.942,
    "Actual Rows": 1,
    "Actual Loops": 1,
    "Plans": [
      {
        "Node Type": "Gather",
        "Parent Relationship": "Outer",
        "Parallel Aware": false,
        "Startup Cost": 523358.79,
        "Total Cost": 523358.9,
        "Plan Rows": 1,
        "Plan Width": 8,
        "Actual Startup Time": 1246.924,
        "Actual Total Time": 1312.932,
        "Actual Rows": 2,
        "Actual Loops": 1,
        "Workers Planned": 1,
        "Workers Launched": 1,
        "Single Copy": false,
        "Plans": [
          {
            "Node Type": "Aggregate",
            "Strategy": "Plain",
            "Partial Mode": "Partial",
            "Parent Relationship": "Outer",
            "Parallel Aware": false,
            "Startup Cost": 522358.79,
            "Total Cost": 522358.8,
            "Plan Rows": 1,
            "Plan Width": 8,
            "Actual Startup Time": 1235.172,
            "Actual Total Time": 1235.178,
            "Actual Rows": 1,
            "Actual Loops": 2,
            "Plans": [
              {
                "Node Type": "Nested Loop",
                "Parent Relationship": "Outer",
                "Parallel Aware": false,
                "Join Type": "Inner",
                "Startup Cost": 82262.8,
                "Total Cost": 521123.57,
                "Plan Rows": 494088,
                "Plan Width": 0,
                "Actual Startup Time": 606.246,
                "Actual Total Time": 1211.692,
                "Actual Rows": 526393,
                "Actual Loops": 2,
                "Inner Unique": false,
                "Plans": [
                  {
                    "Node Type": "Hash Join",
                    "Parent Relationship": "Outer",
                    "Parallel Aware": true,
                    "Join Type": "Inner",
                    "Startup Cost": 82262.37,
                    "Total Cost": 340342.07,
                    "Plan Rows": 90074,
                    "Plan Width": 8,
                    "Actual Startup Time": 606.185,
                    "Actual Total Time": 653.561,
                    "Actual Rows": 36908,
                    "Actual Loops": 2,
                    "Inner Unique": true,
                    "Hash Cond": "(ci.movie_id = t.id)",
                    "Plans": [
                      {
                        "Node Type": "Bitmap Heap Scan",
                        "Parent Relationship": "Outer",
                        "Parallel Aware": true,
                        "Relation Name": "cast_info",
                        "Alias": "ci",
                        "Startup Cost": 12801.67,
                        "Total Cost": 270644.93,
                        "Plan Rows": 90074,
                        "Plan Width": 4,
                        "Actual Startup Time": 49.702,
                        "Actual Total Time": 57.832,
                        "Actual Rows": 36908,
                        "Actual Loops": 2,
                        "Recheck Cond": "(person_id < 61848)",
                        "Rows Removed by Index Recheck": 0,
                        "Filter": "(role_id > 4)",
                        "Rows Removed by Filter": 249598,
                        "Exact Heap Blocks": 3734,
                        "Lossy Heap Blocks": 0,
                        "Plans": [
                          {
                            "Node Type": "Bitmap Index Scan",
                            "Parent Relationship": "Outer",
                            "Parallel Aware": false,
                            "Index Name": "person_id_cast_info",
                            "Startup Cost": 0.0,
                            "Total Cost": 12763.39,
                            "Plan Rows": 584376,
                            "Plan Width": 0,
                            "Actual Startup Time": 20.849,
                            "Actual Total Time": 20.849,
                            "Actual Rows": 573011,
                            "Actual Loops": 1,
                            "Index Cond": "(person_id < 61848)"
                          }
                        ]
                      },
                      {
                        "Node Type": "Hash",
                        "Parent Relationship": "Inner",
                        "Parallel Aware": true,
                        "Startup Cost": 50870.31,
                        "Total Cost": 50870.31,
                        "Plan Rows": 1487231,
                        "Plan Width": 4,
                        "Actual Startup Time": 534.836,
                        "Actual Total Time": 534.837,
                        "Actual Rows": 1264156,
                        "Actual Loops": 2,
                        "Hash Buckets": 4194304,
                        "Original Hash Buckets": 4194304,
                        "Hash Batches": 1,
                        "Original Hash Batches": 1,
                        "Peak Memory Usage": 131680,
                        "Plans": [
                          {
                            "Node Type": "Seq Scan",
                            "Parent Relationship": "Outer",
                            "Parallel Aware": true,
                            "Relation Name": "title",
                            "Alias": "t",
                            "Startup Cost": 0.0,
                            "Total Cost": 50870.31,
                            "Plan Rows": 1487231,
                            "Plan Width": 4,
                            "Actual Startup Time": 0.026,
                            "Actual Total Time": 152.964,
                            "Actual Rows": 1264156,
                            "Actual Loops": 2
                          }
                        ]
                      }
                    ]
                  },
                  {
                    "Node Type": "Index Scan",
                    "Parent Relationship": "Inner",
                    "Parallel Aware": false,
                    "Scan Direction": "Forward",
                    "Index Name": "movie_id_movie_info",
                    "Relation Name": "movie_info",
                    "Alias": "mi",
                    "Startup Cost": 0.43,
                    "Total Cost": 1.62,
                    "Plan Rows": 39,
                    "Plan Width": 4,
                    "Actual Startup Time": 0.005,
                    "Actual Total Time": 0.014,
                    "Actual Rows": 14,
                    "Actual Loops": 73815,
                    "Index Cond": "(movie_id = t.id)",
                    "Rows Removed by Index Recheck": 0,
                    "Filter": "(info_type_id < 98)",
                    "Rows Removed by Filter": 2
                  }
                ]
              }
            ]
          }
        ]
      }
    ]
  },
  "Planning Time": 1.093,
  "Triggers": [],
  "Execution Time": 1313.061
}