[
  {
    "Plan": {
      "Node Type": "Aggregate",
      "Strategy": "Plain",
      "Partial Mode": "Finalize",
      "Parallel Aware": false,
      "Startup Cost": 340100.28,
      "Total Cost": 340100.29,
      "Plan Rows": 1,
      "Plan Width": 8,
      "Actual Startup Time": 886.761,
      "Actual Total Time": 946.697,
      "Actual Rows": 1,
      "Actual Loops": 1,
      "Plans": [
        {
          "Node Type": "Gather",
          "Parent Relationship": "Outer",
          "Parallel Aware": false,
          "Startup Cost": 340099.65,
          "Total Cost": 340100.26,
          "Plan Rows": 6,
          "Plan Width": 8,
          "Actual Startup Time": 886.616,
          "Actual Total Time": 946.687,
          "Actual Rows": 7,
          "Actual Loops": 1,
          "Workers Planned": 6,
          "Workers Launched": 6,
          "Single Copy": false,
          "Plans": [
            {
              "Node Type": "Aggregate",
              "Strategy": "Plain",
              "Partial Mode": "Partial",
              "Parent Relationship": "Outer",
              "Parallel Aware": false,
              "Startup Cost": 339099.65,
              "Total Cost": 339099.66,
              "Plan Rows": 1,
              "Plan Width": 8,
              "Actual Startup Time": 878.17,
              "Actual Total Time": 878.171,
              "Actual Rows": 1,
              "Actual Loops": 7,
              "Plans": [
                {
                  "Node Type": "Seq Scan",
                  "Parent Relationship": "Outer",
                  "Parallel Aware": true,
                  "Relation Name": "cast_info",
                  "Alias": "ci",
                  "Startup Cost": 0.0,
                  "Total Cost": 328162.03,
                  "Plan Rows": 4375051,
                  "Plan Width": 0,
                  "Actual Startup Time": 0.048,
                  "Actual Total Time": 691.609,
                  "Actual Rows": 3767914,
                  "Actual Loops": 7,
                  "Filter": "(person_id < 2725217)",
                  "Rows Removed by Filter": 1409849
                }
              ]
            }
          ]
        }
      ]
    },
    "Planning Time": 0.207,
    "Triggers": [],
    "Execution Time": 946.772
  }
]