[
    {
        "Bao": {
            "Bao prediction": "NaN",
            "Bao recommended hint": "(no hint)"
        }
    },
    {
        "Plan": {
            "Node Type": "Aggregate",
            "Strategy": "Plain",
            "Partial Mode": "Finalize",
            "Parallel Aware": false,
            "Startup Cost": 32683.18,
            "Total Cost": 32683.19,
            "Plan Rows": 1,
            "Plan Width": 8,
            "Actual Startup Time": 76.186,
            "Actual Total Time": 82.38,
            "Actual Rows": 1,
            "Actual Loops": 1,
            "Output": [
                "count(*)"
            ],
            "Plans": [
                {
                    "Node Type": "Gather",
                    "Parent Relationship": "Outer",
                    "Parallel Aware": false,
                    "Startup Cost": 32682.86,
                    "Total Cost": 32683.17,
                    "Plan Rows": 3,
                    "Plan Width": 8,
                    "Actual Startup Time": 76.093,
                    "Actual Total Time": 82.373,
                    "Actual Rows": 4,
                    "Actual Loops": 1,
                    "Output": [
                        "(PARTIAL count(*))"
                    ],
                    "Workers Planned": 3,
                    "Workers Launched": 3,
                    "Single Copy": false,
                    "Plans": [
                        {
                            "Node Type": "Aggregate",
                            "Strategy": "Plain",
                            "Partial Mode": "Partial",
                            "Parent Relationship": "Outer",
                            "Parallel Aware": false,
                            "Startup Cost": 31682.86,
                            "Total Cost": 31682.87,
                            "Plan Rows": 1,
                            "Plan Width": 8,
                            "Actual Startup Time": 68.222,
                            "Actual Total Time": 68.223,
                            "Actual Rows": 1,
                            "Actual Loops": 4,
                            "Output": [
                                "PARTIAL count(*)"
                            ],
                            "Workers": [
                                {
                                    "Worker Number": 0,
                                    "Actual Startup Time": 65.418,
                                    "Actual Total Time": 65.419,
                                    "Actual Rows": 1,
                                    "Actual Loops": 1
                                },
                                {
                                    "Worker Number": 1,
                                    "Actual Startup Time": 65.539,
                                    "Actual Total Time": 65.54,
                                    "Actual Rows": 1,
                                    "Actual Loops": 1
                                },
                                {
                                    "Worker Number": 2,
                                    "Actual Startup Time": 66.089,
                                    "Actual Total Time": 66.09,
                                    "Actual Rows": 1,
                                    "Actual Loops": 1
                                }
                            ],
                            "Plans": [
                                {
                                    "Node Type": "Seq Scan",
                                    "Parent Relationship": "Outer",
                                    "Parallel Aware": true,
                                    "Relation Name": "movie_companies",
                                    "Schema": "public",
                                    "Alias": "mc",
                                    "Startup Cost": 0.0,
                                    "Total Cost": 31414.82,
                                    "Plan Rows": 107217,
                                    "Plan Width": 0,
                                    "Actual Startup Time": 40.094,
                                    "Actual Total Time": 66.294,
                                    "Actual Rows": 45781,
                                    "Actual Loops": 4,
                                    "Output": [
                                        "id",
                                        "movie_id",
                                        "company_id",
                                        "company_type_id",
                                        "note"
                                    ],
                                    "Filter": "((mc.company_id < 888) AND (mc.company_type_id = 2))",
                                    "Rows Removed by Filter": 606502,
                                    "Workers": [
                                        {
                                            "Worker Number": 0,
                                            "Actual Startup Time": 37.292,
                                            "Actual Total Time": 63.499,
                                            "Actual Rows": 44614,
                                            "Actual Loops": 1
                                        },
                                        {
                                            "Worker Number": 1,
                                            "Actual Startup Time": 37.416,
                                            "Actual Total Time": 63.671,
                                            "Actual Rows": 43188,
                                            "Actual Loops": 1
                                        },
                                        {
                                            "Worker Number": 2,
                                            "Actual Startup Time": 37.95,
                                            "Actual Total Time": 64.212,
                                            "Actual Rows": 43566,
                                            "Actual Loops": 1
                                        }
                                    ]
                                }
                            ]
                        }
                    ]
                }
            ]
        },
        "Planning Time": 175.282,
        "Triggers": [],
        "Execution Time": 82.438
    }
]