[
  {
    "Plan": {
      "Node Type": "Aggregate",
      "Strategy": "Plain",
      "Partial Mode": "Finalize",
      "Parallel Aware": false,
      "Startup Cost": 95981.53,
      "Total Cost": 95981.54,
      "Plan Rows": 1,
      "Plan Width": 8,
      "Actual Startup Time": 318.696,
      "Actual Total Time": 352.571,
      "Actual Rows": 1,
      "Actual Loops": 1,
      "Plans": [
        {
          "Node Type": "Gather",
          "Parent Relationship": "Outer",
          "Parallel Aware": false,
          "Startup Cost": 95981.21,
          "Total Cost": 95981.52,
          "Plan Rows": 3,
          "Plan Width": 8,
          "Actual Startup Time": 318.177,
          "Actual Total Time": 352.56,
          "Actual Rows": 4,
          "Actual Loops": 1,
          "Workers Planned": 3,
          "Workers Launched": 3,
          "Single Copy": false,
          "Plans": [
            {
              "Node Type": "Aggregate",
              "Strategy": "Plain",
              "Partial Mode": "Partial",
              "Parent Relationship": "Outer",
              "Parallel Aware": false,
              "Startup Cost": 94981.21,
              "Total Cost": 94981.22,
              "Plan Rows": 1,
              "Plan Width": 8,
              "Actual Startup Time": 308.78,
              "Actual Total Time": 308.784,
              "Actual Rows": 1,
              "Actual Loops": 4,
              "Plans": [
                {
                  "Node Type": "Nested Loop",
                  "Parent Relationship": "Outer",
                  "Parallel Aware": false,
                  "Join Type": "Inner",
                  "Startup Cost": 44166.14,
                  "Total Cost": 94914.51,
                  "Plan Rows": 26679,
                  "Plan Width": 0,
                  "Actual Startup Time": 111.187,
                  "Actual Total Time": 305.009,
                  "Actual Rows": 67255,
                  "Actual Loops": 4,
                  "Inner Unique": false,
                  "Join Filter": "(t.id = mi.movie_id)",
                  "Rows Removed by Join Filter": 0,
                  "Plans": [
                    {
                      "Node Type": "Hash Join",
                      "Parent Relationship": "Outer",
                      "Parallel Aware": true,
                      "Join Type": "Inner",
                      "Startup Cost": 44165.7,
                      "Total Cost": 74029.22,
                      "Plan Rows": 7111,
                      "Plan Width": 8,
                      "Actual Startup Time": 111.106,
                      "Actual Total Time": 197.659,
                      "Actual Rows": 4650,
                      "Actual Loops": 4,
                      "Inner Unique": true,
                      "Hash Cond": "(mc.movie_id = t.id)",
                      "Plans": [
                        {
                          "Node Type": "Seq Scan",
                          "Parent Relationship": "Outer",
                          "Parallel Aware": true,
                          "Relation Name": "movie_companies",
                          "Alias": "mc",
                          "Startup Cost": 0.0,
                          "Total Cost": 29310.68,
                          "Plan Rows": 210605,
                          "Plan Width": 4,
                          "Actual Startup Time": 0.018,
                          "Actual Total Time": 61.859,
                          "Actual Rows": 162756,
                          "Actual Loops": 4,
                          "Filter": "(company_id < 888)",
                          "Rows Removed by Filter": 489526
                        },
                        {
                          "Node Type": "Hash",
                          "Parent Relationship": "Inner",
                          "Parallel Aware": true,
                          "Startup Cost": 43898.92,
                          "Total Cost": 43898.92,
                          "Plan Rows": 21343,
                          "Plan Width": 4,
                          "Actual Startup Time": 109.212,
                          "Actual Total Time": 109.213,
                          "Actual Rows": 21148,
                          "Actual Loops": 4,
                          "Hash Buckets": 131072,
                          "Original Hash Buckets": 131072,
                          "Hash Batches": 1,
                          "Original Hash Batches": 1,
                          "Peak Memory Usage": 4384,
                          "Plans": [
                            {
                              "Node Type": "Seq Scan",
                              "Parent Relationship": "Outer",
                              "Parallel Aware": true,
                              "Relation Name": "title",
                              "Alias": "t",
                              "Startup Cost": 0.0,
                              "Total Cost": 43898.92,
                              "Plan Rows": 21343,
                              "Plan Width": 4,
                              "Actual Startup Time": 0.042,
                              "Actual Total Time": 99.516,
                              "Actual Rows": 21148,
                              "Actual Loops": 4,
                              "Filter": "(production_year = 2004)",
                              "Rows Removed by Filter": 610930
                            }
                          ]
                        }
                      ]
                    },
                    {
                      "Node Type": "Index Scan",
                      "Parent Relationship": "Inner",
                      "Parallel Aware": false,
                      "Scan Direction": "Forward",
                      "Index Name": "movie_id_movie_info",
                      "Relation Name": "movie_info",
                      "Alias": "mi",
                      "Startup Cost": 0.43,
                      "Total Cost": 2.6,
                      "Plan Rows": 27,
                      "Plan Width": 4,
                      "Actual Startup Time": 0.007,
                      "Actual Total Time": 0.021,
                      "Actual Rows": 14,
                      "Actual Loops": 18602,
                      "Index Cond": "(movie_id = mc.movie_id)",
                      "Rows Removed by Index Recheck": 0,
                      "Filter": "(info_type_id < 16)",
                      "Rows Removed by Filter": 14
                    }
                  ]
                }
              ]
            }
          ]
        }
      ]
    },
    "Planning Time": 1.366,
    "Triggers": [],
    "Execution Time": 352.66
  }
]