[
  {
    "Plan": {
      "Node Type": "Aggregate",
      "Strategy": "Plain",
      "Partial Mode": "Finalize",
      "Parallel Aware": false,
      "Startup Cost": 46224.15,
      "Total Cost": 46224.16,
      "Plan Rows": 1,
      "Plan Width": 8,
      "Actual Startup Time": 201.969,
      "Actual Total Time": 212.581,
      "Actual Rows": 1,
      "Actual Loops": 1,
      "Plans": [
        {
          "Node Type": "Gather",
          "Parent Relationship": "Outer",
          "Parallel Aware": false,
          "Startup Cost": 46223.83,
          "Total Cost": 46224.14,
          "Plan Rows": 3,
          "Plan Width": 8,
          "Actual Startup Time": 201.828,
          "Actual Total Time": 212.573,
          "Actual Rows": 4,
          "Actual Loops": 1,
          "Workers Planned": 3,
          "Workers Launched": 3,
          "Single Copy": false,
          "Plans": [
            {
              "Node Type": "Aggregate",
              "Strategy": "Plain",
              "Partial Mode": "Partial",
              "Parent Relationship": "Outer",
              "Parallel Aware": false,
              "Startup Cost": 45223.83,
              "Total Cost": 45223.84,
              "Plan Rows": 1,
              "Plan Width": 8,
              "Actual Startup Time": 193.215,
              "Actual Total Time": 193.216,
              "Actual Rows": 1,
              "Actual Loops": 4,
              "Plans": [
                {
                  "Node Type": "Seq Scan",
                  "Parent Relationship": "Outer",
                  "Parallel Aware": true,
                  "Relation Name": "movie_keyword",
                  "Alias": "mk",
                  "Startup Cost": 0.0,
                  "Total Cost": 42695.65,
                  "Plan Rows": 1011272,
                  "Plan Width": 0,
                  "Actual Startup Time": 0.309,
                  "Actual Total Time": 148.316,
                  "Actual Rows": 781059,
                  "Actual Loops": 4,
                  "Filter": "(keyword_id > 1893)",
                  "Rows Removed by Filter": 349924
                }
              ]
            }
          ]
        }
      ]
    },
    "Planning Time": 0.178,
    "Triggers": [],
    "Execution Time": 212.636
  }
]