[
  {
    "Plan": {
      "Node Type": "Aggregate",
      "Strategy": "Plain",
      "Partial Mode": "Finalize",
      "Parallel Aware": false,
      "Startup Cost": 32940.01,
      "Total Cost": 32940.02,
      "Plan Rows": 1,
      "Plan Width": 8,
      "Actual Startup Time": 99.354,
      "Actual Total Time": 107.031,
      "Actual Rows": 1,
      "Actual Loops": 1,
      "Plans": [
        {
          "Node Type": "Gather",
          "Parent Relationship": "Outer",
          "Parallel Aware": false,
          "Startup Cost": 32939.69,
          "Total Cost": 32940.0,
          "Plan Rows": 3,
          "Plan Width": 8,
          "Actual Startup Time": 99.224,
          "Actual Total Time": 107.023,
          "Actual Rows": 4,
          "Actual Loops": 1,
          "Workers Planned": 3,
          "Workers Launched": 3,
          "Single Copy": false,
          "Plans": [
            {
              "Node Type": "Aggregate",
              "Strategy": "Plain",
              "Partial Mode": "Partial",
              "Parent Relationship": "Outer",
              "Parallel Aware": false,
              "Startup Cost": 31939.69,
              "Total Cost": 31939.7,
              "Plan Rows": 1,
              "Plan Width": 8,
              "Actual Startup Time": 90.653,
              "Actual Total Time": 90.654,
              "Actual Rows": 1,
              "Actual Loops": 4,
              "Plans": [
                {
                  "Node Type": "Seq Scan",
                  "Parent Relationship": "Outer",
                  "Parallel Aware": true,
                  "Relation Name": "movie_companies",
                  "Alias": "mc",
                  "Startup Cost": 0.0,
                  "Total Cost": 31414.82,
                  "Plan Rows": 209949,
                  "Plan Width": 0,
                  "Actual Startup Time": 48.587,
                  "Actual Total Time": 81.957,
                  "Actual Rows": 225685,
                  "Actual Loops": 4,
                  "Filter": "((company_id > 11385) AND (company_type_id = 2))",
                  "Rows Removed by Filter": 426597
                }
              ]
            }
          ]
        }
      ]
    },
    "Planning Time": 0.19,
    "Triggers": [],
    "Execution Time": 107.082
  }
]