[
  {
    "Plan": {
      "Node Type": "Aggregate",
      "Strategy": "Plain",
      "Partial Mode": "Finalize",
      "Parallel Aware": false,
      "Startup Cost": 156005.1,
      "Total Cost": 156005.11,
      "Plan Rows": 1,
      "Plan Width": 8,
      "Actual Startup Time": 242.357,
      "Actual Total Time": 252.921,
      "Actual Rows": 1,
      "Actual Loops": 1,
      "Plans": [
        {
          "Node Type": "Gather",
          "Parent Relationship": "Outer",
          "Parallel Aware": false,
          "Startup Cost": 156004.57,
          "Total Cost": 156005.08,
          "Plan Rows": 5,
          "Plan Width": 8,
          "Actual Startup Time": 242.247,
          "Actual Total Time": 252.914,
          "Actual Rows": 6,
          "Actual Loops": 1,
          "Workers Planned": 5,
          "Workers Launched": 5,
          "Single Copy": false,
          "Plans": [
            {
              "Node Type": "Aggregate",
              "Strategy": "Plain",
              "Partial Mode": "Partial",
              "Parent Relationship": "Outer",
              "Parallel Aware": false,
              "Startup Cost": 155004.57,
              "Total Cost": 155004.58,
              "Plan Rows": 1,
              "Plan Width": 8,
              "Actual Startup Time": 235.758,
              "Actual Total Time": 235.759,
              "Actual Rows": 1,
              "Actual Loops": 6,
              "Plans": [
                {
                  "Node Type": "Index Scan",
                  "Parent Relationship": "Outer",
                  "Parallel Aware": true,
                  "Scan Direction": "Forward",
                  "Index Name": "role_id_cast_info",
                  "Relation Name": "cast_info",
                  "Alias": "ci",
                  "Startup Cost": 0.56,
                  "Total Cost": 154655.9,
                  "Plan Rows": 139467,
                  "Plan Width": 0,
                  "Actual Startup Time": 0.104,
                  "Actual Total Time": 206.085,
                  "Actual Rows": 536858,
                  "Actual Loops": 6,
                  "Index Cond": "(role_id > 8)",
                  "Rows Removed by Index Recheck": 0,
                  "Filter": "(person_id > 3250762)",
                  "Rows Removed by Filter": 418591
                }
              ]
            }
          ]
        }
      ]
    },
    "Planning Time": 0.087,
    "Triggers": [],
    "Execution Time": 252.95
  }
]