[
    {
        "Bao": {
            "Bao prediction": "NaN",
            "Bao recommended hint": "(no hint)"
        }
    },
    {
        "Plan": {
            "Node Type": "Aggregate",
            "Strategy": "Plain",
            "Partial Mode": "Finalize",
            "Parallel Aware": false,
            "Startup Cost": 337951.65,
            "Total Cost": 337951.66,
            "Plan Rows": 1,
            "Plan Width": 8,
            "Actual Startup Time": 685.074,
            "Actual Total Time": 717.858,
            "Actual Rows": 1,
            "Actual Loops": 1,
            "Output": [
                "count(*)"
            ],
            "Plans": [
                {
                    "Node Type": "Gather",
                    "Parent Relationship": "Outer",
                    "Parallel Aware": false,
                    "Startup Cost": 337951.03,
                    "Total Cost": 337951.64,
                    "Plan Rows": 6,
                    "Plan Width": 8,
                    "Actual Startup Time": 684.951,
                    "Actual Total Time": 717.85,
                    "Actual Rows": 7,
                    "Actual Loops": 1,
                    "Output": [
                        "(PARTIAL count(*))"
                    ],
                    "Workers Planned": 6,
                    "Workers Launched": 6,
                    "Single Copy": false,
                    "Plans": [
                        {
                            "Node Type": "Aggregate",
                            "Strategy": "Plain",
                            "Partial Mode": "Partial",
                            "Parent Relationship": "Outer",
                            "Parallel Aware": false,
                            "Startup Cost": 336951.03,
                            "Total Cost": 336951.04,
                            "Plan Rows": 1,
                            "Plan Width": 8,
                            "Actual Startup Time": 675.448,
                            "Actual Total Time": 675.449,
                            "Actual Rows": 1,
                            "Actual Loops": 7,
                            "Output": [
                                "PARTIAL count(*)"
                            ],
                            "Workers": [
                                {
                                    "Worker Number": 0,
                                    "Actual Startup Time": 672.992,
                                    "Actual Total Time": 672.993,
                                    "Actual Rows": 1,
                                    "Actual Loops": 1
                                },
                                {
                                    "Worker Number": 1,
                                    "Actual Startup Time": 673.575,
                                    "Actual Total Time": 673.575,
                                    "Actual Rows": 1,
                                    "Actual Loops": 1
                                },
                                {
                                    "Worker Number": 2,
                                    "Actual Startup Time": 673.902,
                                    "Actual Total Time": 673.903,
                                    "Actual Rows": 1,
                                    "Actual Loops": 1
                                },
                                {
                                    "Worker Number": 3,
                                    "Actual Startup Time": 673.769,
                                    "Actual Total Time": 673.771,
                                    "Actual Rows": 1,
                                    "Actual Loops": 1
                                },
                                {
                                    "Worker Number": 4,
                                    "Actual Startup Time": 674.471,
                                    "Actual Total Time": 674.472,
                                    "Actual Rows": 1,
                                    "Actual Loops": 1
                                },
                                {
                                    "Worker Number": 5,
                                    "Actual Startup Time": 674.849,
                                    "Actual Total Time": 674.849,
                                    "Actual Rows": 1,
                                    "Actual Loops": 1
                                }
                            ],
                            "Plans": [
                                {
                                    "Node Type": "Seq Scan",
                                    "Parent Relationship": "Outer",
                                    "Parallel Aware": true,
                                    "Relation Name": "cast_info",
                                    "Schema": "public",
                                    "Alias": "ci",
                                    "Startup Cost": 0.0,
                                    "Total Cost": 328213.62,
                                    "Plan Rows": 3494964,
                                    "Plan Width": 0,
                                    "Actual Startup Time": 155.143,
                                    "Actual Total Time": 547.634,
                                    "Actual Rows": 2999788,
                                    "Actual Loops": 7,
                                    "Output": [
                                        "id",
                                        "person_id",
                                        "movie_id",
                                        "person_role_id",
                                        "note",
                                        "nr_order",
                                        "role_id"
                                    ],
                                    "Filter": "(ci.person_id > 1501418)",
                                    "Rows Removed by Filter": 2177975,
                                    "Workers": [
                                        {
                                            "Worker Number": 0,
                                            "Actual Startup Time": 152.665,
                                            "Actual Total Time": 548.414,
                                            "Actual Rows": 3044469,
                                            "Actual Loops": 1
                                        },
                                        {
                                            "Worker Number": 1,
                                            "Actual Startup Time": 153.276,
                                            "Actual Total Time": 551.115,
                                            "Actual Rows": 3016321,
                                            "Actual Loops": 1
                                        },
                                        {
                                            "Worker Number": 2,
                                            "Actual Startup Time": 153.609,
                                            "Actual Total Time": 551.441,
                                            "Actual Rows": 3018320,
                                            "Actual Loops": 1
                                        },
                                        {
                                            "Worker Number": 3,
                                            "Actual Startup Time": 153.476,
                                            "Actual Total Time": 544.703,
                                            "Actual Rows": 1956928,
                                            "Actual Loops": 1
                                        },
                                        {
                                            "Worker Number": 4,
                                            "Actual Startup Time": 154.162,
                                            "Actual Total Time": 552.194,
                                            "Actual Rows": 3015012,
                                            "Actual Loops": 1
                                        },
                                        {
                                            "Worker Number": 5,
                                            "Actual Startup Time": 154.547,
                                            "Actual Total Time": 552.653,
                                            "Actual Rows": 3012927,
                                            "Actual Loops": 1
                                        }
                                    ]
                                }
                            ]
                        }
                    ]
                }
            ]
        },
        "Planning Time": 179.699,
        "Triggers": [],
        "Execution Time": 717.914
    }
]