[
  {
    "Plan": {
      "Node Type": "Aggregate",
      "Strategy": "Plain",
      "Partial Mode": "Finalize",
      "Parallel Aware": false,
      "Startup Cost": 643609.4,
      "Total Cost": 643609.41,
      "Plan Rows": 1,
      "Plan Width": 8,
      "Actual Startup Time": 4035.655,
      "Actual Total Time": 4106.762,
      "Actual Rows": 1,
      "Actual Loops": 1,
      "Plans": [
        {
          "Node Type": "Gather",
          "Parent Relationship": "Outer",
          "Parallel Aware": false,
          "Startup Cost": 643608.78,
          "Total Cost": 643609.39,
          "Plan Rows": 6,
          "Plan Width": 8,
          "Actual Startup Time": 4020.159,
          "Actual Total Time": 4106.694,
          "Actual Rows": 7,
          "Actual Loops": 1,
          "Workers Planned": 6,
          "Workers Launched": 6,
          "Single Copy": false,
          "Plans": [
            {
              "Node Type": "Aggregate",
              "Strategy": "Plain",
              "Partial Mode": "Partial",
              "Parent Relationship": "Outer",
              "Parallel Aware": false,
              "Startup Cost": 642608.78,
              "Total Cost": 642608.79,
              "Plan Rows": 1,
              "Plan Width": 8,
              "Actual Startup Time": 4005.533,
              "Actual Total Time": 4005.756,
              "Actual Rows": 1,
              "Actual Loops": 7,
              "Plans": [
                {
                  "Node Type": "Hash Join",
                  "Parent Relationship": "Outer",
                  "Parallel Aware": true,
                  "Join Type": "Inner",
                  "Startup Cost": 264050.06,
                  "Total Cost": 618833.84,
                  "Plan Rows": 9509976,
                  "Plan Width": 0,
                  "Actual Startup Time": 1034.011,
                  "Actual Total Time": 3730.654,
                  "Actual Rows": 6030937,
                  "Actual Loops": 7,
                  "Inner Unique": false,
                  "Hash Cond": "(ci.movie_id = t.id)",
                  "Plans": [
                    {
                      "Node Type": "Seq Scan",
                      "Parent Relationship": "Outer",
                      "Parallel Aware": true,
                      "Relation Name": "cast_info",
                      "Alias": "ci",
                      "Startup Cost": 0.0,
                      "Total Cost": 313106.51,
                      "Plan Rows": 6041951,
                      "Plan Width": 4,
                      "Actual Startup Time": 0.033,
                      "Actual Total Time": 565.848,
                      "Actual Rows": 5177763,
                      "Actual Loops": 7
                    },
                    {
                      "Node Type": "Hash",
                      "Parent Relationship": "Inner",
                      "Parallel Aware": true,
                      "Startup Cost": 254100.77,
                      "Total Cost": 254100.77,
                      "Plan Rows": 795943,
                      "Plan Width": 8,
                      "Actual Startup Time": 1028.779,
                      "Actual Total Time": 1029.0,
                      "Actual Rows": 307225,
                      "Actual Loops": 7,
                      "Hash Buckets": 4194304,
                      "Original Hash Buckets": 4194304,
                      "Hash Batches": 1,
                      "Original Hash Batches": 1,
                      "Peak Memory Usage": 117024,
                      "Plans": [
                        {
                          "Node Type": "Hash Join",
                          "Parent Relationship": "Outer",
                          "Parallel Aware": true,
                          "Join Type": "Inner",
                          "Startup Cost": 47763.14,
                          "Total Cost": 254100.77,
                          "Plan Rows": 795943,
                          "Plan Width": 8,
                          "Actual Startup Time": 132.261,
                          "Actual Total Time": 882.163,
                          "Actual Rows": 307225,
                          "Actual Loops": 7,
                          "Inner Unique": true,
                          "Hash Cond": "(mi.movie_id = t.id)",
                          "Plans": [
                            {
                              "Node Type": "Seq Scan",
                              "Parent Relationship": "Outer",
                              "Parallel Aware": true,
                              "Relation Name": "movie_info",
                              "Alias": "mi",
                              "Startup Cost": 0.0,
                              "Total Cost": 199108.24,
                              "Plan Rows": 2754050,
                              "Plan Width": 4,
                              "Actual Startup Time": 0.041,
                              "Actual Total Time": 358.19,
                              "Actual Rows": 1966159,
                              "Actual Loops": 7,
                              "Filter": "(info_type_id < 75)",
                              "Rows Removed by Filter": 153230
                            },
                            {
                              "Node Type": "Hash",
                              "Parent Relationship": "Inner",
                              "Parallel Aware": true,
                              "Startup Cost": 45479.59,
                              "Total Cost": 45479.59,
                              "Plan Rows": 182684,
                              "Plan Width": 4,
                              "Actual Startup Time": 130.98,
                              "Actual Total Time": 130.982,
                              "Actual Rows": 92349,
                              "Actual Loops": 7,
                              "Hash Buckets": 1048576,
                              "Original Hash Buckets": 1048576,
                              "Hash Batches": 1,
                              "Original Hash Batches": 1,
                              "Peak Memory Usage": 33600,
                              "Plans": [
                                {
                                  "Node Type": "Seq Scan",
                                  "Parent Relationship": "Outer",
                                  "Parallel Aware": true,
                                  "Relation Name": "title",
                                  "Alias": "t",
                                  "Startup Cost": 0.0,
                                  "Total Cost": 45479.59,
                                  "Plan Rows": 182684,
                                  "Plan Width": 4,
                                  "Actual Startup Time": 0.046,
                                  "Actual Total Time": 84.172,
                                  "Actual Rows": 92349,
                                  "Actual Loops": 7,
                                  "Filter": "((kind_id > 4) AND (production_year < 2003))",
                                  "Rows Removed by Filter": 268838
                                }
                              ]
                            }
                          ]
                        }
                      ]
                    }
                  ]
                }
              ]
            }
          ]
        }
      ]
    },
    "Planning Time": 0.527,
    "Triggers": [],
    "Execution Time": 4106.824
  }
]