[
  {
    "Plan": {
      "Node Type": "Aggregate",
      "Strategy": "Plain",
      "Partial Mode": "Finalize",
      "Parallel Aware": false,
      "Startup Cost": 100061.22,
      "Total Cost": 100061.23,
      "Plan Rows": 1,
      "Plan Width": 8,
      "Actual Startup Time": 340.278,
      "Actual Total Time": 360.559,
      "Actual Rows": 1,
      "Actual Loops": 1,
      "Plans": [
        {
          "Node Type": "Gather",
          "Parent Relationship": "Outer",
          "Parallel Aware": false,
          "Startup Cost": 100060.9,
          "Total Cost": 100061.21,
          "Plan Rows": 3,
          "Plan Width": 8,
          "Actual Startup Time": 337.164,
          "Actual Total Time": 360.549,
          "Actual Rows": 4,
          "Actual Loops": 1,
          "Workers Planned": 3,
          "Workers Launched": 3,
          "Single Copy": false,
          "Plans": [
            {
              "Node Type": "Aggregate",
              "Strategy": "Plain",
              "Partial Mode": "Partial",
              "Parent Relationship": "Outer",
              "Parallel Aware": false,
              "Startup Cost": 99060.9,
              "Total Cost": 99060.91,
              "Plan Rows": 1,
              "Plan Width": 8,
              "Actual Startup Time": 331.094,
              "Actual Total Time": 331.098,
              "Actual Rows": 1,
              "Actual Loops": 4,
              "Plans": [
                {
                  "Node Type": "Nested Loop",
                  "Parent Relationship": "Outer",
                  "Parallel Aware": false,
                  "Join Type": "Inner",
                  "Startup Cost": 51792.15,
                  "Total Cost": 99015.07,
                  "Plan Rows": 18332,
                  "Plan Width": 0,
                  "Actual Startup Time": 171.143,
                  "Actual Total Time": 321.901,
                  "Actual Rows": 171551,
                  "Actual Loops": 4,
                  "Inner Unique": false,
                  "Plans": [
                    {
                      "Node Type": "Hash Join",
                      "Parent Relationship": "Outer",
                      "Parallel Aware": true,
                      "Join Type": "Inner",
                      "Startup Cost": 51791.72,
                      "Total Cost": 71692.76,
                      "Plan Rows": 12782,
                      "Plan Width": 8,
                      "Actual Startup Time": 170.759,
                      "Actual Total Time": 215.134,
                      "Actual Rows": 11419,
                      "Actual Loops": 4,
                      "Inner Unique": true,
                      "Hash Cond": "(mc.movie_id = t.id)",
                      "Plans": [
                        {
                          "Node Type": "Bitmap Heap Scan",
                          "Parent Relationship": "Outer",
                          "Parallel Aware": true,
                          "Relation Name": "movie_companies",
                          "Alias": "mc",
                          "Startup Cost": 4937.24,
                          "Total Cost": 24645.46,
                          "Plan Rows": 73457,
                          "Plan Width": 4,
                          "Actual Startup Time": 14.156,
                          "Actual Total Time": 39.393,
                          "Actual Rows": 55947,
                          "Actual Loops": 4,
                          "Recheck Cond": "(company_id < 81)",
                          "Rows Removed by Index Recheck": 0,
                          "Exact Heap Blocks": 6217,
                          "Lossy Heap Blocks": 0,
                          "Plans": [
                            {
                              "Node Type": "Bitmap Index Scan",
                              "Parent Relationship": "Outer",
                              "Parallel Aware": false,
                              "Index Name": "company_id_movie_companies",
                              "Startup Cost": 0.0,
                              "Total Cost": 4880.32,
                              "Plan Rows": 227718,
                              "Plan Width": 0,
                              "Actual Startup Time": 11.68,
                              "Actual Total Time": 11.68,
                              "Actual Rows": 223788,
                              "Actual Loops": 1,
                              "Index Cond": "(company_id < 81)"
                            }
                          ]
                        },
                        {
                          "Node Type": "Hash",
                          "Parent Relationship": "Inner",
                          "Parallel Aware": true,
                          "Startup Cost": 45479.59,
                          "Total Cost": 45479.59,
                          "Plan Rows": 109991,
                          "Plan Width": 4,
                          "Actual Startup Time": 154.389,
                          "Actual Total Time": 154.39,
                          "Actual Rows": 134215,
                          "Actual Loops": 4,
                          "Hash Buckets": 1048576,
                          "Original Hash Buckets": 524288,
                          "Hash Batches": 1,
                          "Original Hash Batches": 1,
                          "Peak Memory Usage": 33376,
                          "Plans": [
                            {
                              "Node Type": "Seq Scan",
                              "Parent Relationship": "Outer",
                              "Parallel Aware": true,
                              "Relation Name": "title",
                              "Alias": "t",
                              "Startup Cost": 0.0,
                              "Total Cost": 45479.59,
                              "Plan Rows": 109991,
                              "Plan Width": 4,
                              "Actual Startup Time": 0.034,
                              "Actual Total Time": 103.829,
                              "Actual Rows": 134215,
                              "Actual Loops": 4,
                              "Filter": "((kind_id < 7) AND (production_year < 2002))",
                              "Rows Removed by Filter": 497863
                            }
                          ]
                        }
                      ]
                    },
                    {
                      "Node Type": "Index Scan",
                      "Parent Relationship": "Inner",
                      "Parallel Aware": false,
                      "Scan Direction": "Forward",
                      "Index Name": "movie_id_movie_keyword",
                      "Relation Name": "movie_keyword",
                      "Alias": "mk",
                      "Startup Cost": 0.43,
                      "Total Cost": 1.77,
                      "Plan Rows": 37,
                      "Plan Width": 4,
                      "Actual Startup Time": 0.005,
                      "Actual Total Time": 0.008,
                      "Actual Rows": 15,
                      "Actual Loops": 45677,
                      "Index Cond": "(movie_id = t.id)",
                      "Rows Removed by Index Recheck": 0,
                      "Filter": "(keyword_id > 861)",
                      "Rows Removed by Filter": 3
                    }
                  ]
                }
              ]
            }
          ]
        }
      ]
    },
    "Planning Time": 0.786,
    "Triggers": [],
    "Execution Time": 360.632
  }
]