[
    {
        "Bao": {
            "Bao prediction": "NaN",
            "Bao recommended hint": "(no hint)"
        }
    },
    {
        "Plan": {
            "Node Type": "Aggregate",
            "Strategy": "Plain",
            "Partial Mode": "Finalize",
            "Parallel Aware": false,
            "Startup Cost": 32804.42,
            "Total Cost": 32804.43,
            "Plan Rows": 1,
            "Plan Width": 8,
            "Actual Startup Time": 81.272,
            "Actual Total Time": 86.916,
            "Actual Rows": 1,
            "Actual Loops": 1,
            "Output": [
                "count(*)"
            ],
            "Plans": [
                {
                    "Node Type": "Gather",
                    "Parent Relationship": "Outer",
                    "Parallel Aware": false,
                    "Startup Cost": 32804.1,
                    "Total Cost": 32804.41,
                    "Plan Rows": 3,
                    "Plan Width": 8,
                    "Actual Startup Time": 81.179,
                    "Actual Total Time": 86.907,
                    "Actual Rows": 4,
                    "Actual Loops": 1,
                    "Output": [
                        "(PARTIAL count(*))"
                    ],
                    "Workers Planned": 3,
                    "Workers Launched": 3,
                    "Single Copy": false,
                    "Plans": [
                        {
                            "Node Type": "Aggregate",
                            "Strategy": "Plain",
                            "Partial Mode": "Partial",
                            "Parent Relationship": "Outer",
                            "Parallel Aware": false,
                            "Startup Cost": 31804.1,
                            "Total Cost": 31804.11,
                            "Plan Rows": 1,
                            "Plan Width": 8,
                            "Actual Startup Time": 72.91,
                            "Actual Total Time": 72.911,
                            "Actual Rows": 1,
                            "Actual Loops": 4,
                            "Output": [
                                "PARTIAL count(*)"
                            ],
                            "Workers": [
                                {
                                    "Worker Number": 0,
                                    "Actual Startup Time": 70.165,
                                    "Actual Total Time": 70.166,
                                    "Actual Rows": 1,
                                    "Actual Loops": 1
                                },
                                {
                                    "Worker Number": 1,
                                    "Actual Startup Time": 69.935,
                                    "Actual Total Time": 69.936,
                                    "Actual Rows": 1,
                                    "Actual Loops": 1
                                },
                                {
                                    "Worker Number": 2,
                                    "Actual Startup Time": 70.664,
                                    "Actual Total Time": 70.665,
                                    "Actual Rows": 1,
                                    "Actual Loops": 1
                                }
                            ],
                            "Plans": [
                                {
                                    "Node Type": "Seq Scan",
                                    "Parent Relationship": "Outer",
                                    "Parallel Aware": true,
                                    "Relation Name": "movie_companies",
                                    "Schema": "public",
                                    "Alias": "mc",
                                    "Startup Cost": 0.0,
                                    "Total Cost": 31414.82,
                                    "Plan Rows": 155713,
                                    "Plan Width": 0,
                                    "Actual Startup Time": 18.091,
                                    "Actual Total Time": 70.405,
                                    "Actual Rows": 43443,
                                    "Actual Loops": 4,
                                    "Output": [
                                        "id",
                                        "movie_id",
                                        "company_id",
                                        "company_type_id",
                                        "note"
                                    ],
                                    "Filter": "((mc.company_id > 17137) AND (mc.company_type_id < 2))",
                                    "Rows Removed by Filter": 608839,
                                    "Workers": [
                                        {
                                            "Worker Number": 0,
                                            "Actual Startup Time": 15.358,
                                            "Actual Total Time": 67.839,
                                            "Actual Rows": 36503,
                                            "Actual Loops": 1
                                        },
                                        {
                                            "Worker Number": 1,
                                            "Actual Startup Time": 15.121,
                                            "Actual Total Time": 67.605,
                                            "Actual Rows": 34894,
                                            "Actual Loops": 1
                                        },
                                        {
                                            "Worker Number": 2,
                                            "Actual Startup Time": 15.843,
                                            "Actual Total Time": 68.401,
                                            "Actual Rows": 36309,
                                            "Actual Loops": 1
                                        }
                                    ]
                                }
                            ]
                        }
                    ]
                }
            ]
        },
        "Planning Time": 234.294,
        "Triggers": [],
        "Execution Time": 86.976
    }
]