{
  "Plan": {
    "Node Type": "Aggregate",
    "Strategy": "Plain",
    "Partial Mode": "Finalize",
    "Parallel Aware": false,
    "Startup Cost": 9627.31,
    "Total Cost": 9627.32,
    "Plan Rows": 1,
    "Plan Width": 64,
    "Actual Startup Time": 1513.573,
    "Actual Total Time": 1592.684,
    "Actual Rows": 1,
    "Actual Loops": 1,
    "Plans": [
      {
        "Node Type": "Gather",
        "Parent Relationship": "Outer",
        "Parallel Aware": false,
        "Startup Cost": 9627.19,
        "Total Cost": 9627.3,
        "Plan Rows": 1,
        "Plan Width": 64,
        "Actual Startup Time": 1512.53,
        "Actual Total Time": 1592.671,
        "Actual Rows": 2,
        "Actual Loops": 1,
        "Workers Planned": 1,
        "Workers Launched": 1,
        "Single Copy": false,
        "Plans": [
          {
            "Node Type": "Aggregate",
            "Strategy": "Plain",
            "Partial Mode": "Partial",
            "Parent Relationship": "Outer",
            "Parallel Aware": false,
            "Startup Cost": 8627.19,
            "Total Cost": 8627.2,
            "Plan Rows": 1,
            "Plan Width": 64,
            "Actual Startup Time": 1504.438,
            "Actual Total Time": 1504.448,
            "Actual Rows": 1,
            "Actual Loops": 2,
            "Plans": [
              {
                "Node Type": "Nested Loop",
                "Parent Relationship": "Outer",
                "Parallel Aware": false,
                "Join Type": "Inner",
                "Startup Cost": 3807.68,
                "Total Cost": 8627.18,
                "Plan Rows": 2,
                "Plan Width": 33,
                "Actual Startup Time": 415.832,
                "Actual Total Time": 1491.431,
                "Actual Rows": 112458,
                "Actual Loops": 2,
                "Inner Unique": false,
                "Join Filter": "(n.id = an.person_id)",
                "Rows Removed by Join Filter": 0,
                "Plans": [
                  {
                    "Node Type": "Nested Loop",
                    "Parent Relationship": "Outer",
                    "Parallel Aware": false,
                    "Join Type": "Inner",
                    "Startup Cost": 3807.25,
                    "Total Cost": 8623.29,
                    "Plan Rows": 8,
                    "Plan Width": 25,
                    "Actual Startup Time": 415.696,
                    "Actual Total Time": 1149.982,
                    "Actual Rows": 114866,
                    "Actual Loops": 2,
                    "Inner Unique": true,
                    "Plans": [
                      {
                        "Node Type": "Nested Loop",
                        "Parent Relationship": "Outer",
                        "Parallel Aware": false,
                        "Join Type": "Inner",
                        "Startup Cost": 3806.82,
                        "Total Cost": 8619.65,
                        "Plan Rows": 8,
                        "Plan Width": 21,
                        "Actual Startup Time": 415.633,
                        "Actual Total Time": 670.501,
                        "Actual Rows": 114866,
                        "Actual Loops": 2,
                        "Inner Unique": false,
                        "Join Filter": "(t.id = ci.movie_id)",
                        "Rows Removed by Join Filter": 0,
                        "Plans": [
                          {
                            "Node Type": "Hash Join",
                            "Parent Relationship": "Outer",
                            "Parallel Aware": false,
                            "Join Type": "Inner",
                            "Startup Cost": 3806.26,
                            "Total Cost": 8617.72,
                            "Plan Rows": 1,
                            "Plan Width": 29,
                            "Actual Startup Time": 415.566,
                            "Actual Total Time": 430.549,
                            "Actual Rows": 2242,
                            "Actual Loops": 2,
                            "Inner Unique": false,
                            "Hash Cond": "(cn.id = mc.company_id)",
                            "Plans": [
                              {
                                "Node Type": "Seq Scan",
                                "Parent Relationship": "Outer",
                                "Parallel Aware": true,
                                "Relation Name": "company_name",
                                "Alias": "cn",
                                "Startup Cost": 0.0,
                                "Total Cost": 4722.92,
                                "Plan Rows": 3935,
                                "Plan Width": 4,
                                "Actual Startup Time": 0.039,
                                "Actual Total Time": 12.168,
                                "Actual Rows": 3376,
                                "Actual Loops": 2,
                                "Filter": "((country_code)::text = '[jp]'::text)",
                                "Rows Removed by Filter": 114122
                              },
                              {
                                "Node Type": "Hash",
                                "Parent Relationship": "Inner",
                                "Parallel Aware": false,
                                "Startup Cost": 3805.82,
                                "Total Cost": 3805.82,
                                "Plan Rows": 35,
                                "Plan Width": 33,
                                "Actual Startup Time": 415.295,
                                "Actual Total Time": 415.301,
                                "Actual Rows": 148552,
                                "Actual Loops": 2,
                                "Hash Buckets": 262144,
                                "Original Hash Buckets": 1024,
                                "Hash Batches": 1,
                                "Original Hash Batches": 1,
                                "Peak Memory Usage": 12304,
                                "Plans": [
                                  {
                                    "Node Type": "Nested Loop",
                                    "Parent Relationship": "Outer",
                                    "Parallel Aware": false,
                                    "Join Type": "Inner",
                                    "Startup Cost": 11.68,
                                    "Total Cost": 3805.82,
                                    "Plan Rows": 35,
                                    "Plan Width": 33,
                                    "Actual Startup Time": 13.908,
                                    "Actual Total Time": 370.67,
                                    "Actual Rows": 148552,
                                    "Actual Loops": 2,
                                    "Inner Unique": false,
                                    "Join Filter": "(t.id = mc.movie_id)",
                                    "Rows Removed by Join Filter": 0,
                                    "Plans": [
                                      {
                                        "Node Type": "Nested Loop",
                                        "Parent Relationship": "Outer",
                                        "Parallel Aware": false,
                                        "Join Type": "Inner",
                                        "Startup Cost": 11.25,
                                        "Total Cost": 3785.25,
                                        "Plan Rows": 34,
                                        "Plan Width": 25,
                                        "Actual Startup Time": 13.783,
                                        "Actual Total Time": 200.584,
                                        "Actual Rows": 41840,
                                        "Actual Loops": 2,
                                        "Inner Unique": true,
                                        "Plans": [
                                          {
                                            "Node Type": "Nested Loop",
                                            "Parent Relationship": "Outer",
                                            "Parallel Aware": false,
                                            "Join Type": "Inner",
                                            "Startup Cost": 10.82,
                                            "Total Cost": 3768.68,
                                            "Plan Rows": 34,
                                            "Plan Width": 4,
                                            "Actual Startup Time": 13.71,
                                            "Actual Total Time": 56.189,
                                            "Actual Rows": 41840,
                                            "Actual Loops": 2,
                                            "Inner Unique": false,
                                            "Plans": [
                                              {
                                                "Node Type": "Seq Scan",
                                                "Parent Relationship": "Outer",
                                                "Parallel Aware": false,
                                                "Relation Name": "keyword",
                                                "Alias": "k",
                                                "Startup Cost": 0.0,
                                                "Total Cost": 2626.12,
                                                "Plan Rows": 1,
                                                "Plan Width": 4,
                                                "Actual Startup Time": 1.591,
                                                "Actual Total Time": 10.601,
                                                "Actual Rows": 1,
                                                "Actual Loops": 2,
                                                "Filter": "(keyword = 'character-name-in-title'::text)",
                                                "Rows Removed by Filter": 134169
                                              },
                                              {
                                                "Node Type": "Bitmap Heap Scan",
                                                "Parent Relationship": "Inner",
                                                "Parallel Aware": false,
                                                "Relation Name": "movie_keyword",
                                                "Alias": "mk",
                                                "Startup Cost": 10.82,
                                                "Total Cost": 1139.48,
                                                "Plan Rows": 308,
                                                "Plan Width": 8,
                                                "Actual Startup Time": 12.104,
                                                "Actual Total Time": 41.521,
                                                "Actual Rows": 41840,
                                                "Actual Loops": 2,
                                                "Recheck Cond": "(keyword_id = k.id)",
                                                "Rows Removed by Index Recheck": 0,
                                                "Exact Heap Blocks": 11541,
                                                "Lossy Heap Blocks": 0,
                                                "Plans": [
                                                  {
                                                    "Node Type": "Bitmap Index Scan",
                                                    "Parent Relationship": "Outer",
                                                    "Parallel Aware": false,
                                                    "Index Name": "keyword_id_movie_keyword",
                                                    "Startup Cost": 0.0,
                                                    "Total Cost": 10.74,
                                                    "Plan Rows": 308,
                                                    "Plan Width": 0,
                                                    "Actual Startup Time": 8.76,
                                                    "Actual Total Time": 8.76,
                                                    "Actual Rows": 41840,
                                                    "Actual Loops": 2,
                                                    "Index Cond": "(keyword_id = k.id)"
                                                  }
                                                ]
                                              }
                                            ]
                                          },
                                          {
                                            "Node Type": "Index Scan",
                                            "Parent Relationship": "Inner",
                                            "Parallel Aware": false,
                                            "Scan Direction": "Forward",
                                            "Index Name": "title_pkey",
                                            "Relation Name": "title",
                                            "Alias": "t",
                                            "Startup Cost": 0.43,
                                            "Total Cost": 0.49,
                                            "Plan Rows": 1,
                                            "Plan Width": 21,
                                            "Actual Startup Time": 0.003,
                                            "Actual Total Time": 0.003,
                                            "Actual Rows": 1,
                                            "Actual Loops": 83680,
                                            "Index Cond": "(id = mk.movie_id)",
                                            "Rows Removed by Index Recheck": 0
                                          }
                                        ]
                                      },
                                      {
                                        "Node Type": "Index Scan",
                                        "Parent Relationship": "Inner",
                                        "Parallel Aware": false,
                                        "Scan Direction": "Forward",
                                        "Index Name": "movie_id_movie_companies",
                                        "Relation Name": "movie_companies",
                                        "Alias": "mc",
                                        "Startup Cost": 0.43,
                                        "Total Cost": 0.54,
                                        "Plan Rows": 5,
                                        "Plan Width": 8,
                                        "Actual Startup Time": 0.002,
                                        "Actual Total Time": 0.003,
                                        "Actual Rows": 4,
                                        "Actual Loops": 83680,
                                        "Index Cond": "(movie_id = mk.movie_id)",
                                        "Rows Removed by Index Recheck": 0
                                      }
                                    ]
                                  }
                                ]
                              }
                            ]
                          },
                          {
                            "Node Type": "Index Scan",
                            "Parent Relationship": "Inner",
                            "Parallel Aware": false,
                            "Scan Direction": "Forward",
                            "Index Name": "movie_id_cast_info",
                            "Relation Name": "cast_info",
                            "Alias": "ci",
                            "Startup Cost": 0.56,
                            "Total Cost": 1.5,
                            "Plan Rows": 34,
                            "Plan Width": 8,
                            "Actual Startup Time": 0.009,
                            "Actual Total Time": 0.1,
                            "Actual Rows": 51,
                            "Actual Loops": 4485,
                            "Index Cond": "(movie_id = mk.movie_id)",
                            "Rows Removed by Index Recheck": 0
                          }
                        ]
                      },
                      {
                        "Node Type": "Index Only Scan",
                        "Parent Relationship": "Inner",
                        "Parallel Aware": false,
                        "Scan Direction": "Forward",
                        "Index Name": "name_pkey",
                        "Relation Name": "name",
                        "Alias": "n",
                        "Startup Cost": 0.43,
                        "Total Cost": 0.46,
                        "Plan Rows": 1,
                        "Plan Width": 4,
                        "Actual Startup Time": 0.004,
                        "Actual Total Time": 0.004,
                        "Actual Rows": 1,
                        "Actual Loops": 229732,
                        "Index Cond": "(id = ci.person_id)",
                        "Rows Removed by Index Recheck": 0,
                        "Heap Fetches": 229732
                      }
                    ]
                  },
                  {
                    "Node Type": "Index Scan",
                    "Parent Relationship": "Inner",
                    "Parallel Aware": false,
                    "Scan Direction": "Forward",
                    "Index Name": "person_id_aka_name",
                    "Relation Name": "aka_name",
                    "Alias": "an",
                    "Startup Cost": 0.42,
                    "Total Cost": 0.46,
                    "Plan Rows": 2,
                    "Plan Width": 20,
                    "Actual Startup Time": 0.002,
                    "Actual Total Time": 0.003,
                    "Actual Rows": 1,
                    "Actual Loops": 229732,
                    "Index Cond": "(person_id = ci.person_id)",
                    "Rows Removed by Index Recheck": 0
                  }
                ]
              }
            ]
          }
        ]
      }
    ]
  },
  "Planning Time": 2.649,
  "Triggers": [],
  "Execution Time": 1593.096
}