{
  "Plan": {
    "Node Type": "Aggregate",
    "Strategy": "Plain",
    "Partial Mode": "Finalize",
    "Parallel Aware": false,
    "Startup Cost": 98620.26,
    "Total Cost": 98620.27,
    "Plan Rows": 1,
    "Plan Width": 8,
    "Actual Startup Time": 249.028,
    "Actual Total Time": 267.978,
    "Actual Rows": 1,
    "Actual Loops": 1,
    "Plans": [
      {
        "Node Type": "Gather",
        "Parent Relationship": "Outer",
        "Parallel Aware": false,
        "Startup Cost": 98620.15,
        "Total Cost": 98620.26,
        "Plan Rows": 1,
        "Plan Width": 8,
        "Actual Startup Time": 248.666,
        "Actual Total Time": 267.97,
        "Actual Rows": 2,
        "Actual Loops": 1,
        "Workers Planned": 1,
        "Workers Launched": 1,
        "Single Copy": false,
        "Plans": [
          {
            "Node Type": "Aggregate",
            "Strategy": "Plain",
            "Partial Mode": "Partial",
            "Parent Relationship": "Outer",
            "Parallel Aware": false,
            "Startup Cost": 97620.15,
            "Total Cost": 97620.16,
            "Plan Rows": 1,
            "Plan Width": 8,
            "Actual Startup Time": 242.626,
            "Actual Total Time": 242.631,
            "Actual Rows": 1,
            "Actual Loops": 2,
            "Plans": [
              {
                "Node Type": "Nested Loop",
                "Parent Relationship": "Outer",
                "Parallel Aware": false,
                "Join Type": "Inner",
                "Startup Cost": 65744.34,
                "Total Cost": 97605.06,
                "Plan Rows": 6033,
                "Plan Width": 0,
                "Actual Startup Time": 167.322,
                "Actual Total Time": 242.555,
                "Actual Rows": 773,
                "Actual Loops": 2,
                "Inner Unique": false,
                "Join Filter": "(t.id = mi.movie_id)",
                "Rows Removed by Join Filter": 0,
                "Plans": [
                  {
                    "Node Type": "Hash Join",
                    "Parent Relationship": "Outer",
                    "Parallel Aware": true,
                    "Join Type": "Inner",
                    "Startup Cost": 65743.91,
                    "Total Cost": 93277.82,
                    "Plan Rows": 1032,
                    "Plan Width": 8,
                    "Actual Startup Time": 167.239,
                    "Actual Total Time": 240.51,
                    "Actual Rows": 80,
                    "Actual Loops": 2,
                    "Inner Unique": true,
                    "Hash Cond": "(mk.movie_id = t.id)",
                    "Plans": [
                      {
                        "Node Type": "Bitmap Heap Scan",
                        "Parent Relationship": "Outer",
                        "Parallel Aware": true,
                        "Relation Name": "movie_keyword",
                        "Alias": "mk",
                        "Startup Cost": 7343.27,
                        "Total Cost": 34342.65,
                        "Plan Rows": 203631,
                        "Plan Width": 4,
                        "Actual Startup Time": 29.772,
                        "Actual Total Time": 86.228,
                        "Actual Rows": 167964,
                        "Actual Loops": 2,
                        "Recheck Cond": "(keyword_id > 49136)",
                        "Rows Removed by Index Recheck": 0,
                        "Exact Heap Blocks": 11934,
                        "Lossy Heap Blocks": 0,
                        "Plans": [
                          {
                            "Node Type": "Bitmap Index Scan",
                            "Parent Relationship": "Outer",
                            "Parallel Aware": false,
                            "Index Name": "keyword_id_movie_keyword",
                            "Startup Cost": 0.0,
                            "Total Cost": 7256.72,
                            "Plan Rows": 346172,
                            "Plan Width": 0,
                            "Actual Startup Time": 26.518,
                            "Actual Total Time": 26.518,
                            "Actual Rows": 335929,
                            "Actual Loops": 1,
                            "Index Cond": "(keyword_id > 49136)"
                          }
                        ]
                      },
                      {
                        "Node Type": "Hash",
                        "Parent Relationship": "Inner",
                        "Parallel Aware": true,
                        "Startup Cost": 58306.47,
                        "Total Cost": 58306.47,
                        "Plan Rows": 7534,
                        "Plan Width": 4,
                        "Actual Startup Time": 136.224,
                        "Actual Total Time": 136.225,
                        "Actual Rows": 5794,
                        "Actual Loops": 2,
                        "Hash Buckets": 16384,
                        "Original Hash Buckets": 16384,
                        "Hash Batches": 1,
                        "Original Hash Batches": 1,
                        "Peak Memory Usage": 608,
                        "Plans": [
                          {
                            "Node Type": "Seq Scan",
                            "Parent Relationship": "Outer",
                            "Parallel Aware": true,
                            "Relation Name": "title",
                            "Alias": "t",
                            "Startup Cost": 0.0,
                            "Total Cost": 58306.47,
                            "Plan Rows": 7534,
                            "Plan Width": 4,
                            "Actual Startup Time": 0.086,
                            "Actual Total Time": 134.191,
                            "Actual Rows": 5794,
                            "Actual Loops": 2,
                            "Filter": "((kind_id = 7) AND (production_year = 1986))",
                            "Rows Removed by Filter": 1258362
                          }
                        ]
                      }
                    ]
                  },
                  {
                    "Node Type": "Index Only Scan",
                    "Parent Relationship": "Inner",
                    "Parallel Aware": false,
                    "Scan Direction": "Forward",
                    "Index Name": "movie_id_movie_info",
                    "Relation Name": "movie_info",
                    "Alias": "mi",
                    "Startup Cost": 0.43,
                    "Total Cost": 3.67,
                    "Plan Rows": 42,
                    "Plan Width": 4,
                    "Actual Startup Time": 0.011,
                    "Actual Total Time": 0.023,
                    "Actual Rows": 10,
                    "Actual Loops": 161,
                    "Index Cond": "(movie_id = mk.movie_id)",
                    "Rows Removed by Index Recheck": 0,
                    "Heap Fetches": 1546
                  }
                ]
              }
            ]
          }
        ]
      }
    ]
  },
  "Planning Time": 0.959,
  "Triggers": [],
  "Execution Time": 268.086
}