[
  {
    "Plan": {
      "Node Type": "Aggregate",
      "Strategy": "Plain",
      "Partial Mode": "Finalize",
      "Parallel Aware": false,
      "Startup Cost": 337256.38,
      "Total Cost": 337256.39,
      "Plan Rows": 1,
      "Plan Width": 8,
      "Actual Startup Time": 720.307,
      "Actual Total Time": 770.396,
      "Actual Rows": 1,
      "Actual Loops": 1,
      "Plans": [
        {
          "Node Type": "Gather",
          "Parent Relationship": "Outer",
          "Parallel Aware": false,
          "Startup Cost": 337255.75,
          "Total Cost": 337256.36,
          "Plan Rows": 6,
          "Plan Width": 8,
          "Actual Startup Time": 720.17,
          "Actual Total Time": 770.385,
          "Actual Rows": 7,
          "Actual Loops": 1,
          "Workers Planned": 6,
          "Workers Launched": 6,
          "Single Copy": false,
          "Plans": [
            {
              "Node Type": "Aggregate",
              "Strategy": "Plain",
              "Partial Mode": "Partial",
              "Parent Relationship": "Outer",
              "Parallel Aware": false,
              "Startup Cost": 336255.75,
              "Total Cost": 336255.76,
              "Plan Rows": 1,
              "Plan Width": 8,
              "Actual Startup Time": 712.528,
              "Actual Total Time": 712.529,
              "Actual Rows": 1,
              "Actual Loops": 7,
              "Plans": [
                {
                  "Node Type": "Seq Scan",
                  "Parent Relationship": "Outer",
                  "Parallel Aware": true,
                  "Relation Name": "cast_info",
                  "Alias": "ci",
                  "Startup Cost": 0.0,
                  "Total Cost": 328211.39,
                  "Plan Rows": 3217744,
                  "Plan Width": 0,
                  "Actual Startup Time": 184.346,
                  "Actual Total Time": 583.646,
                  "Actual Rows": 2732526,
                  "Actual Loops": 7,
                  "Filter": "(person_id > 1691310)",
                  "Rows Removed by Filter": 2445238
                }
              ]
            }
          ]
        }
      ]
    },
    "Planning Time": 0.099,
    "Triggers": [],
    "Execution Time": 770.443
  }
]