[
  {
    "Plan": {
      "Node Type": "Aggregate",
      "Strategy": "Plain",
      "Partial Mode": "Finalize",
      "Parallel Aware": false,
      "Startup Cost": 25858.35,
      "Total Cost": 25858.36,
      "Plan Rows": 1,
      "Plan Width": 8,
      "Actual Startup Time": 86.392,
      "Actual Total Time": 91.756,
      "Actual Rows": 1,
      "Actual Loops": 1,
      "Plans": [
        {
          "Node Type": "Gather",
          "Parent Relationship": "Outer",
          "Parallel Aware": false,
          "Startup Cost": 25858.14,
          "Total Cost": 25858.35,
          "Plan Rows": 2,
          "Plan Width": 8,
          "Actual Startup Time": 86.212,
          "Actual Total Time": 91.748,
          "Actual Rows": 3,
          "Actual Loops": 1,
          "Workers Planned": 2,
          "Workers Launched": 2,
          "Single Copy": false,
          "Plans": [
            {
              "Node Type": "Aggregate",
              "Strategy": "Plain",
              "Partial Mode": "Partial",
              "Parent Relationship": "Outer",
              "Parallel Aware": false,
              "Startup Cost": 24858.14,
              "Total Cost": 24858.15,
              "Plan Rows": 1,
              "Plan Width": 8,
              "Actual Startup Time": 77.951,
              "Actual Total Time": 77.953,
              "Actual Rows": 1,
              "Actual Loops": 3,
              "Plans": [
                {
                  "Node Type": "Nested Loop",
                  "Parent Relationship": "Outer",
                  "Parallel Aware": false,
                  "Join Type": "Inner",
                  "Startup Cost": 94.75,
                  "Total Cost": 24857.02,
                  "Plan Rows": 446,
                  "Plan Width": 0,
                  "Actual Startup Time": 53.287,
                  "Actual Total Time": 77.731,
                  "Actual Rows": 687,
                  "Actual Loops": 3,
                  "Inner Unique": true,
                  "Plans": [
                    {
                      "Node Type": "Bitmap Heap Scan",
                      "Parent Relationship": "Outer",
                      "Parallel Aware": true,
                      "Relation Name": "movie_keyword",
                      "Alias": "mk",
                      "Startup Cost": 94.32,
                      "Total Cost": 11296.48,
                      "Plan Rows": 1822,
                      "Plan Width": 4,
                      "Actual Startup Time": 52.128,
                      "Actual Total Time": 59.464,
                      "Actual Rows": 1172,
                      "Actual Loops": 3,
                      "Recheck Cond": "(keyword_id = 2440)",
                      "Rows Removed by Index Recheck": 0,
                      "Exact Heap Blocks": 2006,
                      "Lossy Heap Blocks": 0,
                      "Plans": [
                        {
                          "Node Type": "Bitmap Index Scan",
                          "Parent Relationship": "Outer",
                          "Parallel Aware": false,
                          "Index Name": "keyword_id_movie_keyword",
                          "Startup Cost": 0.0,
                          "Total Cost": 93.23,
                          "Plan Rows": 4373,
                          "Plan Width": 0,
                          "Actual Startup Time": 58.142,
                          "Actual Total Time": 58.142,
                          "Actual Rows": 3515,
                          "Actual Loops": 1,
                          "Index Cond": "(keyword_id = 2440)"
                        }
                      ]
                    },
                    {
                      "Node Type": "Index Scan",
                      "Parent Relationship": "Inner",
                      "Parallel Aware": false,
                      "Scan Direction": "Forward",
                      "Index Name": "title_pkey",
                      "Relation Name": "title",
                      "Alias": "t",
                      "Startup Cost": 0.43,
                      "Total Cost": 7.44,
                      "Plan Rows": 1,
                      "Plan Width": 4,
                      "Actual Startup Time": 0.014,
                      "Actual Total Time": 0.014,
                      "Actual Rows": 1,
                      "Actual Loops": 3515,
                      "Index Cond": "(id = mk.movie_id)",
                      "Rows Removed by Index Recheck": 0,
                      "Filter": "((kind_id < 7) AND (production_year > 1996))",
                      "Rows Removed by Filter": 0
                    }
                  ]
                }
              ]
            }
          ]
        }
      ]
    },
    "Planning Time": 0.675,
    "Triggers": [],
    "Execution Time": 91.849
  }
]