[
  {
    "Plan": {
      "Node Type": "Aggregate",
      "Strategy": "Plain",
      "Partial Mode": "Finalize",
      "Parallel Aware": false,
      "Startup Cost": 249405.06,
      "Total Cost": 249405.07,
      "Plan Rows": 1,
      "Plan Width": 8,
      "Actual Startup Time": 637.802,
      "Actual Total Time": 682.787,
      "Actual Rows": 1,
      "Actual Loops": 1,
      "Plans": [
        {
          "Node Type": "Gather",
          "Parent Relationship": "Outer",
          "Parallel Aware": false,
          "Startup Cost": 249404.54,
          "Total Cost": 249405.05,
          "Plan Rows": 5,
          "Plan Width": 8,
          "Actual Startup Time": 635.804,
          "Actual Total Time": 682.773,
          "Actual Rows": 6,
          "Actual Loops": 1,
          "Workers Planned": 5,
          "Workers Launched": 5,
          "Single Copy": false,
          "Plans": [
            {
              "Node Type": "Aggregate",
              "Strategy": "Plain",
              "Partial Mode": "Partial",
              "Parent Relationship": "Outer",
              "Parallel Aware": false,
              "Startup Cost": 248404.54,
              "Total Cost": 248404.55,
              "Plan Rows": 1,
              "Plan Width": 8,
              "Actual Startup Time": 626.056,
              "Actual Total Time": 626.059,
              "Actual Rows": 1,
              "Actual Loops": 6,
              "Plans": [
                {
                  "Node Type": "Hash Join",
                  "Parent Relationship": "Outer",
                  "Parallel Aware": true,
                  "Join Type": "Inner",
                  "Startup Cost": 45622.49,
                  "Total Cost": 248339.47,
                  "Plan Rows": 26028,
                  "Plan Width": 0,
                  "Actual Startup Time": 112.222,
                  "Actual Total Time": 615.349,
                  "Actual Rows": 230326,
                  "Actual Loops": 6,
                  "Inner Unique": true,
                  "Hash Cond": "(mi.movie_id = t.id)",
                  "Plans": [
                    {
                      "Node Type": "Seq Scan",
                      "Parent Relationship": "Outer",
                      "Parallel Aware": true,
                      "Relation Name": "movie_info",
                      "Alias": "mi",
                      "Startup Cost": 0.0,
                      "Total Cost": 198952.16,
                      "Plan Rows": 1434213,
                      "Plan Width": 4,
                      "Actual Startup Time": 0.026,
                      "Actual Total Time": 342.164,
                      "Actual Rows": 1214478,
                      "Actual Loops": 6,
                      "Filter": "(info_type_id < 8)",
                      "Rows Removed by Filter": 1258142
                    },
                    {
                      "Node Type": "Hash",
                      "Parent Relationship": "Inner",
                      "Parallel Aware": true,
                      "Startup Cost": 45479.1,
                      "Total Cost": 45479.1,
                      "Plan Rows": 11471,
                      "Plan Width": 4,
                      "Actual Startup Time": 99.377,
                      "Actual Total Time": 99.378,
                      "Actual Rows": 28158,
                      "Actual Loops": 6,
                      "Hash Buckets": 262144,
                      "Original Hash Buckets": 65536,
                      "Hash Batches": 1,
                      "Original Hash Batches": 1,
                      "Peak Memory Usage": 10272,
                      "Plans": [
                        {
                          "Node Type": "Seq Scan",
                          "Parent Relationship": "Outer",
                          "Parallel Aware": true,
                          "Relation Name": "title",
                          "Alias": "t",
                          "Startup Cost": 0.0,
                          "Total Cost": 45479.1,
                          "Plan Rows": 11471,
                          "Plan Width": 4,
                          "Actual Startup Time": 54.215,
                          "Actual Total Time": 83.348,
                          "Actual Rows": 28158,
                          "Actual Loops": 6,
                          "Filter": "((production_year < 1953) AND (kind_id = 1))",
                          "Rows Removed by Filter": 393227
                        }
                      ]
                    }
                  ]
                }
              ]
            }
          ]
        }
      ]
    },
    "Planning Time": 0.665,
    "Triggers": [],
    "Execution Time": 682.871
  }
]