{
    "Plan": {
        "Node Type": "Aggregate",
        "Strategy": "Plain",
        "Partial Mode": "Simple",
        "Parallel Aware": false,
        "Startup Cost": 10000215203.43,
        "Total Cost": 10000215203.44,
        "Plan Rows": 1,
        "Plan Width": 8,
        "Actual Startup Time": 1611.103,
        "Actual Total Time": 1611.107,
        "Actual Rows": 1,
        "Actual Loops": 1,
        "Output": [
            "count(*)"
        ],
        "Plans": [
            {
                "Node Type": "Hash Join",
                "Parent Relationship": "Outer",
                "Parallel Aware": false,
                "Join Type": "Inner",
                "Startup Cost": 10000151904.89,
                "Total Cost": 10000214696.22,
                "Plan Rows": 202883,
                "Plan Width": 0,
                "Actual Startup Time": 941.365,
                "Actual Total Time": 1565.042,
                "Actual Rows": 1200902,
                "Actual Loops": 1,
                "Inner Unique": false,
                "Hash Cond": "(t.id = mc.movie_id)",
                "Plans": [
                    {
                        "Node Type": "Hash Join",
                        "Parent Relationship": "Outer",
                        "Parallel Aware": false,
                        "Join Type": "Inner",
                        "Startup Cost": 10000078042.23,
                        "Total Cost": 10000135295.22,
                        "Plan Rows": 401087,
                        "Plan Width": 8,
                        "Actual Startup Time": 449.727,
                        "Actual Total Time": 888.888,
                        "Actual Rows": 666451,
                        "Actual Loops": 1,
                        "Output": [
                            "t.id",
                            "mi_idx.movie_id"
                        ],
                        "Inner Unique": true,
                        "Hash Cond": "(mi_idx.movie_id = t.id)",
                        "Plans": [
                            {
                                "Node Type": "Index Scan",
                                "Parent Relationship": "Outer",
                                "Parallel Aware": false,
                                "Scan Direction": "Forward",
                                "Index Name": "movie_id_movie_info_idx",
                                "Relation Name": "movie_info_idx",
                                "Schema": "public",
                                "Alias": "mi_idx",
                                "Startup Cost": 10000000000.43,
                                "Total Cost": 10000053630.81,
                                "Plan Rows": 1380035,
                                "Plan Width": 4,
                                "Actual Startup Time": 0.029,
                                "Actual Total Time": 182.04,
                                "Actual Rows": 1380035,
                                "Actual Loops": 1,
                                "Output": [
                                    "mi_idx.id",
                                    "mi_idx.movie_id",
                                    "mi_idx.info_type_id",
                                    "mi_idx.info",
                                    "mi_idx.note"
                                ]
                            },
                            {
                                "Node Type": "Hash",
                                "Parent Relationship": "Inner",
                                "Parallel Aware": false,
                                "Startup Cost": 68856.55,
                                "Total Cost": 68856.55,
                                "Plan Rows": 734820,
                                "Plan Width": 4,
                                "Actual Startup Time": 446.073,
                                "Actual Total Time": 446.074,
                                "Actual Rows": 635910,
                                "Actual Loops": 1,
                                "Output": [
                                    "t.id"
                                ],
                                "Hash Buckets": 1048576,
                                "Original Hash Buckets": 1048576,
                                "Hash Batches": 1,
                                "Original Hash Batches": 1,
                                "Peak Memory Usage": 30549,
                                "Plans": [
                                    {
                                        "Node Type": "Bitmap Heap Scan",
                                        "Parent Relationship": "Outer",
                                        "Parallel Aware": false,
                                        "Relation Name": "title",
                                        "Schema": "public",
                                        "Alias": "t",
                                        "Startup Cost": 17926.27,
                                        "Total Cost": 68856.55,
                                        "Plan Rows": 734820,
                                        "Plan Width": 4,
                                        "Actual Startup Time": 40.992,
                                        "Actual Total Time": 301.503,
                                        "Actual Rows": 635910,
                                        "Actual Loops": 1,
                                        "Output": [
                                            "t.id"
                                        ],
                                        "Recheck Cond": "(t.kind_id < 7)",
                                        "Rows Removed by Index Recheck": 0,
                                        "Filter": "(t.production_year > 1984)",
                                        "Rows Removed by Filter": 349138,
                                        "Exact Heap Blocks": 35472,
                                        "Lossy Heap Blocks": 0,
                                        "Plans": [
                                            {
                                                "Node Type": "Bitmap Index Scan",
                                                "Parent Relationship": "Outer",
                                                "Parallel Aware": false,
                                                "Index Name": "kind_id_title",
                                                "Startup Cost": 0.0,
                                                "Total Cost": 17742.57,
                                                "Plan Rows": 995485,
                                                "Plan Width": 0,
                                                "Actual Startup Time": 36.061,
                                                "Actual Total Time": 36.061,
                                                "Actual Rows": 985048,
                                                "Actual Loops": 1,
                                                "Index Cond": "(t.kind_id < 7)"
                                            }
                                        ]
                                    }
                                ]
                            }
                        ]
                    },
                    {
                        "Node Type": "Hash",
                        "Parent Relationship": "Inner",
                        "Parallel Aware": false,
                        "Startup Cost": 57876.32,
                        "Total Cost": 57876.32,
                        "Plan Rows": 1278908,
                        "Plan Width": 4,
                        "Actual Startup Time": 478.336,
                        "Actual Total Time": 478.337,
                        "Actual Rows": 1274246,
                        "Actual Loops": 1,
                        "Output": [
                            "mc.movie_id"
                        ],
                        "Hash Buckets": 2097152,
                        "Original Hash Buckets": 2097152,
                        "Hash Batches": 1,
                        "Original Hash Batches": 1,
                        "Peak Memory Usage": 61182,
                        "Plans": [
                            {
                                "Node Type": "Bitmap Heap Scan",
                                "Parent Relationship": "Outer",
                                "Parallel Aware": false,
                                "Relation Name": "movie_companies",
                                "Schema": "public",
                                "Alias": "mc",
                                "Startup Cost": 23099.97,
                                "Total Cost": 57876.32,
                                "Plan Rows": 1278908,
                                "Plan Width": 4,
                                "Actual Startup Time": 58.515,
                                "Actual Total Time": 232.653,
                                "Actual Rows": 1274246,
                                "Actual Loops": 1,
                                "Output": [
                                    "mc.movie_id"
                                ],
                                "Recheck Cond": "(mc.company_type_id = 1)",
                                "Rows Removed by Index Recheck": 0,
                                "Exact Heap Blocks": 11177,
                                "Lossy Heap Blocks": 0,
                                "Plans": [
                                    {
                                        "Node Type": "Bitmap Index Scan",
                                        "Parent Relationship": "Outer",
                                        "Parallel Aware": false,
                                        "Index Name": "company_type_id_movie_companies",
                                        "Startup Cost": 0.0,
                                        "Total Cost": 22780.24,
                                        "Plan Rows": 1278908,
                                        "Plan Width": 0,
                                        "Actual Startup Time": 57.209,
                                        "Actual Total Time": 57.209,
                                        "Actual Rows": 1274246,
                                        "Actual Loops": 1,
                                        "Index Cond": "(mc.company_type_id = 1)"
                                    }
                                ]
                            }
                        ]
                    }
                ]
            }
        ]
    },
    "Planning Time": 1.732,
    "Triggers": [],
    "Execution Time": 1613.447
}