[
  {
    "Plan": {
      "Node Type": "Aggregate",
      "Strategy": "Plain",
      "Partial Mode": "Finalize",
      "Parallel Aware": false,
      "Startup Cost": 46935.14,
      "Total Cost": 46935.15,
      "Plan Rows": 1,
      "Plan Width": 8,
      "Actual Startup Time": 94.837,
      "Actual Total Time": 106.271,
      "Actual Rows": 1,
      "Actual Loops": 1,
      "Plans": [
        {
          "Node Type": "Gather",
          "Parent Relationship": "Outer",
          "Parallel Aware": false,
          "Startup Cost": 46934.72,
          "Total Cost": 46935.13,
          "Plan Rows": 4,
          "Plan Width": 8,
          "Actual Startup Time": 94.682,
          "Actual Total Time": 106.26,
          "Actual Rows": 5,
          "Actual Loops": 1,
          "Workers Planned": 4,
          "Workers Launched": 4,
          "Single Copy": false,
          "Plans": [
            {
              "Node Type": "Aggregate",
              "Strategy": "Plain",
              "Partial Mode": "Partial",
              "Parent Relationship": "Outer",
              "Parallel Aware": false,
              "Startup Cost": 45934.72,
              "Total Cost": 45934.73,
              "Plan Rows": 1,
              "Plan Width": 8,
              "Actual Startup Time": 89.303,
              "Actual Total Time": 89.304,
              "Actual Rows": 1,
              "Actual Loops": 5,
              "Plans": [
                {
                  "Node Type": "Seq Scan",
                  "Parent Relationship": "Outer",
                  "Parallel Aware": true,
                  "Relation Name": "title",
                  "Alias": "t",
                  "Startup Cost": 0.0,
                  "Total Cost": 45479.59,
                  "Plan Rows": 182053,
                  "Plan Width": 0,
                  "Actual Startup Time": 0.043,
                  "Actual Total Time": 82.804,
                  "Actual Rows": 125627,
                  "Actual Loops": 5,
                  "Filter": "((kind_id < 7) AND (production_year > 1985))",
                  "Rows Removed by Filter": 380036
                }
              ]
            }
          ]
        }
      ]
    },
    "Planning Time": 0.095,
    "Triggers": [],
    "Execution Time": 106.306
  }
]