{
    "Plan": {
        "Node Type": "Aggregate",
        "Strategy": "Plain",
        "Partial Mode": "Finalize",
        "Parallel Aware": false,
        "Startup Cost": 442774.2,
        "Total Cost": 442774.21,
        "Plan Rows": 1,
        "Plan Width": 8,
        "Actual Startup Time": 2619.063,
        "Actual Total Time": 2672.896,
        "Actual Rows": 1,
        "Actual Loops": 1,
        "Output": [
            "count(*)"
        ],
        "Plans": [
            {
                "Node Type": "Gather",
                "Parent Relationship": "Outer",
                "Parallel Aware": false,
                "Startup Cost": 442773.57,
                "Total Cost": 442774.18,
                "Plan Rows": 6,
                "Plan Width": 8,
                "Actual Startup Time": 2601.342,
                "Actual Total Time": 2672.887,
                "Actual Rows": 7,
                "Actual Loops": 1,
                "Output": [
                    "(PARTIAL count(*))"
                ],
                "Workers Planned": 6,
                "Workers Launched": 6,
                "Single Copy": false,
                "Plans": [
                    {
                        "Node Type": "Aggregate",
                        "Strategy": "Plain",
                        "Partial Mode": "Partial",
                        "Parent Relationship": "Outer",
                        "Parallel Aware": false,
                        "Startup Cost": 441773.57,
                        "Total Cost": 441773.58,
                        "Plan Rows": 1,
                        "Plan Width": 8,
                        "Actual Startup Time": 2587.704,
                        "Actual Total Time": 2587.709,
                        "Actual Rows": 1,
                        "Actual Loops": 7,
                        "Output": [
                            "PARTIAL count(*)"
                        ],
                        "Workers": [
                            {
                                "Worker Number": 0,
                                "Actual Startup Time": 2586.361,
                                "Actual Total Time": 2586.365,
                                "Actual Rows": 1,
                                "Actual Loops": 1
                            },
                            {
                                "Worker Number": 1,
                                "Actual Startup Time": 2586.121,
                                "Actual Total Time": 2586.127,
                                "Actual Rows": 1,
                                "Actual Loops": 1
                            },
                            {
                                "Worker Number": 2,
                                "Actual Startup Time": 2586.127,
                                "Actual Total Time": 2586.134,
                                "Actual Rows": 1,
                                "Actual Loops": 1
                            },
                            {
                                "Worker Number": 3,
                                "Actual Startup Time": 2586.042,
                                "Actual Total Time": 2586.046,
                                "Actual Rows": 1,
                                "Actual Loops": 1
                            },
                            {
                                "Worker Number": 4,
                                "Actual Startup Time": 2586.055,
                                "Actual Total Time": 2586.06,
                                "Actual Rows": 1,
                                "Actual Loops": 1
                            },
                            {
                                "Worker Number": 5,
                                "Actual Startup Time": 2585.659,
                                "Actual Total Time": 2585.665,
                                "Actual Rows": 1,
                                "Actual Loops": 1
                            }
                        ],
                        "Plans": [
                            {
                                "Node Type": "Hash Join",
                                "Parent Relationship": "Outer",
                                "Parallel Aware": true,
                                "Join Type": "Inner",
                                "Startup Cost": 95232.47,
                                "Total Cost": 437069.07,
                                "Plan Rows": 1881800,
                                "Plan Width": 0,
                                "Actual Startup Time": 365.638,
                                "Actual Total Time": 2343.281,
                                "Actual Rows": 5823383,
                                "Actual Loops": 7,
                                "Inner Unique": false,
                                "Hash Cond": "(ci.movie_id = t.id)",
                                "Workers": [
                                    {
                                        "Worker Number": 0,
                                        "Actual Startup Time": 364.468,
                                        "Actual Total Time": 2341.917,
                                        "Actual Rows": 6390093,
                                        "Actual Loops": 1
                                    },
                                    {
                                        "Worker Number": 1,
                                        "Actual Startup Time": 364.259,
                                        "Actual Total Time": 2362.523,
                                        "Actual Rows": 5768139,
                                        "Actual Loops": 1
                                    },
                                    {
                                        "Worker Number": 2,
                                        "Actual Startup Time": 364.32,
                                        "Actual Total Time": 2360.812,
                                        "Actual Rows": 5809134,
                                        "Actual Loops": 1
                                    },
                                    {
                                        "Worker Number": 3,
                                        "Actual Startup Time": 364.191,
                                        "Actual Total Time": 2346.016,
                                        "Actual Rows": 6268676,
                                        "Actual Loops": 1
                                    },
                                    {
                                        "Worker Number": 4,
                                        "Actual Startup Time": 364.201,
                                        "Actual Total Time": 2344.212,
                                        "Actual Rows": 6321567,
                                        "Actual Loops": 1
                                    },
                                    {
                                        "Worker Number": 5,
                                        "Actual Startup Time": 363.794,
                                        "Actual Total Time": 2338.449,
                                        "Actual Rows": 4625656,
                                        "Actual Loops": 1
                                    }
                                ],
                                "Plans": [
                                    {
                                        "Node Type": "Seq Scan",
                                        "Parent Relationship": "Outer",
                                        "Parallel Aware": true,
                                        "Relation Name": "cast_info",
                                        "Schema": "public",
                                        "Alias": "ci",
                                        "Startup Cost": 0.0,
                                        "Total Cost": 313108.29,
                                        "Plan Rows": 6042129,
                                        "Plan Width": 4,
                                        "Actual Startup Time": 0.016,
                                        "Actual Total Time": 534.599,
                                        "Actual Rows": 5177763,
                                        "Actual Loops": 7,
                                        "Output": [
                                            "ci.id",
                                            "ci.person_id",
                                            "ci.movie_id",
                                            "ci.person_role_id",
                                            "ci.note",
                                            "ci.nr_order",
                                            "ci.role_id"
                                        ],
                                        "Workers": [
                                            {
                                                "Worker Number": 0,
                                                "Actual Startup Time": 0.019,
                                                "Actual Total Time": 552.293,
                                                "Actual Rows": 5691737,
                                                "Actual Loops": 1
                                            },
                                            {
                                                "Worker Number": 1,
                                                "Actual Startup Time": 0.017,
                                                "Actual Total Time": 542.712,
                                                "Actual Rows": 5103989,
                                                "Actual Loops": 1
                                            },
                                            {
                                                "Worker Number": 2,
                                                "Actual Startup Time": 0.015,
                                                "Actual Total Time": 545.265,
                                                "Actual Rows": 5150770,
                                                "Actual Loops": 1
                                            },
                                            {
                                                "Worker Number": 3,
                                                "Actual Startup Time": 0.013,
                                                "Actual Total Time": 556.243,
                                                "Actual Rows": 5628831,
                                                "Actual Loops": 1
                                            },
                                            {
                                                "Worker Number": 4,
                                                "Actual Startup Time": 0.014,
                                                "Actual Total Time": 551.77,
                                                "Actual Rows": 5645470,
                                                "Actual Loops": 1
                                            },
                                            {
                                                "Worker Number": 5,
                                                "Actual Startup Time": 0.025,
                                                "Actual Total Time": 547.518,
                                                "Actual Rows": 3980953,
                                                "Actual Loops": 1
                                            }
                                        ]
                                    },
                                    {
                                        "Node Type": "Hash",
                                        "Parent Relationship": "Inner",
                                        "Parallel Aware": true,
                                        "Startup Cost": 92057.32,
                                        "Total Cost": 92057.32,
                                        "Plan Rows": 254012,
                                        "Plan Width": 8,
                                        "Actual Startup Time": 362.444,
                                        "Actual Total Time": 362.448,
                                        "Actual Rows": 138341,
                                        "Actual Loops": 7,
                                        "Output": [
                                            "t.id",
                                            "mk.movie_id"
                                        ],
                                        "Hash Buckets": 1048576,
                                        "Original Hash Buckets": 1048576,
                                        "Hash Batches": 1,
                                        "Original Hash Batches": 1,
                                        "Peak Memory Usage": 46208,
                                        "Workers": [
                                            {
                                                "Worker Number": 0,
                                                "Actual Startup Time": 363.771,
                                                "Actual Total Time": 363.774,
                                                "Actual Rows": 153168,
                                                "Actual Loops": 1
                                            },
                                            {
                                                "Worker Number": 1,
                                                "Actual Startup Time": 363.391,
                                                "Actual Total Time": 363.395,
                                                "Actual Rows": 142018,
                                                "Actual Loops": 1
                                            },
                                            {
                                                "Worker Number": 2,
                                                "Actual Startup Time": 363.385,
                                                "Actual Total Time": 363.39,
                                                "Actual Rows": 143344,
                                                "Actual Loops": 1
                                            },
                                            {
                                                "Worker Number": 3,
                                                "Actual Startup Time": 363.409,
                                                "Actual Total Time": 363.412,
                                                "Actual Rows": 152414,
                                                "Actual Loops": 1
                                            },
                                            {
                                                "Worker Number": 4,
                                                "Actual Startup Time": 363.411,
                                                "Actual Total Time": 363.414,
                                                "Actual Rows": 151531,
                                                "Actual Loops": 1
                                            },
                                            {
                                                "Worker Number": 5,
                                                "Actual Startup Time": 363.12,
                                                "Actual Total Time": 363.124,
                                                "Actual Rows": 100286,
                                                "Actual Loops": 1
                                            }
                                        ],
                                        "Plans": [
                                            {
                                                "Node Type": "Hash Join",
                                                "Parent Relationship": "Outer",
                                                "Parallel Aware": true,
                                                "Join Type": "Inner",
                                                "Startup Cost": 48110.86,
                                                "Total Cost": 92057.32,
                                                "Plan Rows": 254012,
                                                "Plan Width": 8,
                                                "Actual Startup Time": 189.339,
                                                "Actual Total Time": 310.961,
                                                "Actual Rows": 138341,
                                                "Actual Loops": 7,
                                                "Output": [
                                                    "t.id",
                                                    "mk.movie_id"
                                                ],
                                                "Inner Unique": true,
                                                "Hash Cond": "(mk.movie_id = t.id)",
                                                "Workers": [
                                                    {
                                                        "Worker Number": 0,
                                                        "Actual Startup Time": 189.287,
                                                        "Actual Total Time": 312.223,
                                                        "Actual Rows": 153168,
                                                        "Actual Loops": 1
                                                    },
                                                    {
                                                        "Worker Number": 1,
                                                        "Actual Startup Time": 189.267,
                                                        "Actual Total Time": 311.369,
                                                        "Actual Rows": 142018,
                                                        "Actual Loops": 1
                                                    },
                                                    {
                                                        "Worker Number": 2,
                                                        "Actual Startup Time": 189.295,
                                                        "Actual Total Time": 311.157,
                                                        "Actual Rows": 143344,
                                                        "Actual Loops": 1
                                                    },
                                                    {
                                                        "Worker Number": 3,
                                                        "Actual Startup Time": 189.332,
                                                        "Actual Total Time": 311.349,
                                                        "Actual Rows": 152414,
                                                        "Actual Loops": 1
                                                    },
                                                    {
                                                        "Worker Number": 4,
                                                        "Actual Startup Time": 189.256,
                                                        "Actual Total Time": 311.467,
                                                        "Actual Rows": 151531,
                                                        "Actual Loops": 1
                                                    },
                                                    {
                                                        "Worker Number": 5,
                                                        "Actual Startup Time": 189.43,
                                                        "Actual Total Time": 311.174,
                                                        "Actual Rows": 100286,
                                                        "Actual Loops": 1
                                                    }
                                                ],
                                                "Plans": [
                                                    {
                                                        "Node Type": "Seq Scan",
                                                        "Parent Relationship": "Outer",
                                                        "Parallel Aware": true,
                                                        "Relation Name": "movie_keyword",
                                                        "Schema": "public",
                                                        "Alias": "mk",
                                                        "Startup Cost": 0.0,
                                                        "Total Cost": 42695.65,
                                                        "Plan Rows": 476501,
                                                        "Plan Width": 4,
                                                        "Actual Startup Time": 0.464,
                                                        "Actual Total Time": 75.704,
                                                        "Actual Rows": 208213,
                                                        "Actual Loops": 7,
                                                        "Output": [
                                                            "mk.id",
                                                            "mk.movie_id",
                                                            "mk.keyword_id"
                                                        ],
                                                        "Filter": "(mk.keyword_id > 11414)",
                                                        "Rows Removed by Filter": 438063,
                                                        "Workers": [
                                                            {
                                                                "Worker Number": 0,
                                                                "Actual Startup Time": 0.451,
                                                                "Actual Total Time": 77.609,
                                                                "Actual Rows": 232038,
                                                                "Actual Loops": 1
                                                            },
                                                            {
                                                                "Worker Number": 1,
                                                                "Actual Startup Time": 0.474,
                                                                "Actual Total Time": 76.895,
                                                                "Actual Rows": 213236,
                                                                "Actual Loops": 1
                                                            },
                                                            {
                                                                "Worker Number": 2,
                                                                "Actual Startup Time": 0.473,
                                                                "Actual Total Time": 76.425,
                                                                "Actual Rows": 213990,
                                                                "Actual Loops": 1
                                                            },
                                                            {
                                                                "Worker Number": 3,
                                                                "Actual Startup Time": 0.474,
                                                                "Actual Total Time": 77.321,
                                                                "Actual Rows": 229628,
                                                                "Actual Loops": 1
                                                            },
                                                            {
                                                                "Worker Number": 4,
                                                                "Actual Startup Time": 0.456,
                                                                "Actual Total Time": 77.612,
                                                                "Actual Rows": 228448,
                                                                "Actual Loops": 1
                                                            },
                                                            {
                                                                "Worker Number": 5,
                                                                "Actual Startup Time": 0.47,
                                                                "Actual Total Time": 76.861,
                                                                "Actual Rows": 150386,
                                                                "Actual Loops": 1
                                                            }
                                                        ]
                                                    },
                                                    {
                                                        "Node Type": "Hash",
                                                        "Parent Relationship": "Inner",
                                                        "Parallel Aware": true,
                                                        "Startup Cost": 43899.01,
                                                        "Total Cost": 43899.01,
                                                        "Plan Rows": 336948,
                                                        "Plan Width": 4,
                                                        "Actual Startup Time": 186.032,
                                                        "Actual Total Time": 186.033,
                                                        "Actual Rows": 192613,
                                                        "Actual Loops": 7,
                                                        "Output": [
                                                            "t.id"
                                                        ],
                                                        "Hash Buckets": 2097152,
                                                        "Original Hash Buckets": 2097152,
                                                        "Hash Batches": 1,
                                                        "Original Hash Batches": 1,
                                                        "Peak Memory Usage": 69216,
                                                        "Workers": [
                                                            {
                                                                "Worker Number": 0,
                                                                "Actual Startup Time": 188.676,
                                                                "Actual Total Time": 188.677,
                                                                "Actual Rows": 205551,
                                                                "Actual Loops": 1
                                                            },
                                                            {
                                                                "Worker Number": 1,
                                                                "Actual Startup Time": 188.654,
                                                                "Actual Total Time": 188.655,
                                                                "Actual Rows": 185496,
                                                                "Actual Loops": 1
                                                            },
                                                            {
                                                                "Worker Number": 2,
                                                                "Actual Startup Time": 188.647,
                                                                "Actual Total Time": 188.648,
                                                                "Actual Rows": 185534,
                                                                "Actual Loops": 1
                                                            },
                                                            {
                                                                "Worker Number": 3,
                                                                "Actual Startup Time": 188.7,
                                                                "Actual Total Time": 188.701,
                                                                "Actual Rows": 207944,
                                                                "Actual Loops": 1
                                                            },
                                                            {
                                                                "Worker Number": 4,
                                                                "Actual Startup Time": 188.7,
                                                                "Actual Total Time": 188.701,
                                                                "Actual Rows": 203532,
                                                                "Actual Loops": 1
                                                            },
                                                            {
                                                                "Worker Number": 5,
                                                                "Actual Startup Time": 188.568,
                                                                "Actual Total Time": 188.57,
                                                                "Actual Rows": 141061,
                                                                "Actual Loops": 1
                                                            }
                                                        ],
                                                        "Plans": [
                                                            {
                                                                "Node Type": "Seq Scan",
                                                                "Parent Relationship": "Outer",
                                                                "Parallel Aware": true,
                                                                "Relation Name": "title",
                                                                "Schema": "public",
                                                                "Alias": "t",
                                                                "Startup Cost": 0.0,
                                                                "Total Cost": 43899.01,
                                                                "Plan Rows": 336948,
                                                                "Plan Width": 4,
                                                                "Actual Startup Time": 0.067,
                                                                "Actual Total Time": 80.317,
                                                                "Actual Rows": 192613,
                                                                "Actual Loops": 7,
                                                                "Output": [
                                                                    "t.id"
                                                                ],
                                                                "Filter": "(t.production_year < 2005)",
                                                                "Rows Removed by Filter": 168574,
                                                                "Workers": [
                                                                    {
                                                                        "Worker Number": 0,
                                                                        "Actual Startup Time": 0.065,
                                                                        "Actual Total Time": 82.036,
                                                                        "Actual Rows": 205551,
                                                                        "Actual Loops": 1
                                                                    },
                                                                    {
                                                                        "Worker Number": 1,
                                                                        "Actual Startup Time": 0.076,
                                                                        "Actual Total Time": 80.116,
                                                                        "Actual Rows": 185496,
                                                                        "Actual Loops": 1
                                                                    },
                                                                    {
                                                                        "Worker Number": 2,
                                                                        "Actual Startup Time": 0.08,
                                                                        "Actual Total Time": 80.338,
                                                                        "Actual Rows": 185534,
                                                                        "Actual Loops": 1
                                                                    },
                                                                    {
                                                                        "Worker Number": 3,
                                                                        "Actual Startup Time": 0.073,
                                                                        "Actual Total Time": 81.213,
                                                                        "Actual Rows": 207944,
                                                                        "Actual Loops": 1
                                                                    },
                                                                    {
                                                                        "Worker Number": 4,
                                                                        "Actual Startup Time": 0.076,
                                                                        "Actual Total Time": 81.856,
                                                                        "Actual Rows": 203532,
                                                                        "Actual Loops": 1
                                                                    },
                                                                    {
                                                                        "Worker Number": 5,
                                                                        "Actual Startup Time": 0.084,
                                                                        "Actual Total Time": 83.161,
                                                                        "Actual Rows": 141061,
                                                                        "Actual Loops": 1
                                                                    }
                                                                ]
                                                            }
                                                        ]
                                                    }
                                                ]
                                            }
                                        ]
                                    }
                                ]
                            }
                        ]
                    }
                ]
            }
        ]
    },
    "Planning Time": 1.396,
    "Triggers": [],
    "Execution Time": 2672.992
}