[
  {
    "Plan": {
      "Node Type": "Aggregate",
      "Strategy": "Plain",
      "Partial Mode": "Finalize",
      "Parallel Aware": false,
      "Startup Cost": 377091.86,
      "Total Cost": 377091.87,
      "Plan Rows": 1,
      "Plan Width": 8,
      "Actual Startup Time": 1551.278,
      "Actual Total Time": 1637.487,
      "Actual Rows": 1,
      "Actual Loops": 1,
      "Plans": [
        {
          "Node Type": "Gather",
          "Parent Relationship": "Outer",
          "Parallel Aware": false,
          "Startup Cost": 377091.23,
          "Total Cost": 377091.84,
          "Plan Rows": 6,
          "Plan Width": 8,
          "Actual Startup Time": 1547.268,
          "Actual Total Time": 1637.471,
          "Actual Rows": 7,
          "Actual Loops": 1,
          "Workers Planned": 6,
          "Workers Launched": 6,
          "Single Copy": false,
          "Plans": [
            {
              "Node Type": "Aggregate",
              "Strategy": "Plain",
              "Partial Mode": "Partial",
              "Parent Relationship": "Outer",
              "Parallel Aware": false,
              "Startup Cost": 376091.23,
              "Total Cost": 376091.24,
              "Plan Rows": 1,
              "Plan Width": 8,
              "Actual Startup Time": 1539.444,
              "Actual Total Time": 1539.489,
              "Actual Rows": 1,
              "Actual Loops": 7,
              "Plans": [
                {
                  "Node Type": "Hash Join",
                  "Parent Relationship": "Outer",
                  "Parallel Aware": true,
                  "Join Type": "Inner",
                  "Startup Cost": 46044.55,
                  "Total Cost": 375011.21,
                  "Plan Rows": 432011,
                  "Plan Width": 0,
                  "Actual Startup Time": 104.354,
                  "Actual Total Time": 1510.54,
                  "Actual Rows": 603910,
                  "Actual Loops": 7,
                  "Inner Unique": true,
                  "Hash Cond": "(ci.movie_id = t.id)",
                  "Plans": [
                    {
                      "Node Type": "Seq Scan",
                      "Parent Relationship": "Outer",
                      "Parallel Aware": true,
                      "Relation Name": "cast_info",
                      "Alias": "ci",
                      "Startup Cost": 0.0,
                      "Total Cost": 313106.51,
                      "Plan Rows": 6041951,
                      "Plan Width": 4,
                      "Actual Startup Time": 0.013,
                      "Actual Total Time": 550.143,
                      "Actual Rows": 5177763,
                      "Actual Loops": 7
                    },
                    {
                      "Node Type": "Hash",
                      "Parent Relationship": "Inner",
                      "Parallel Aware": true,
                      "Startup Cost": 45479.59,
                      "Total Cost": 45479.59,
                      "Plan Rows": 45197,
                      "Plan Width": 4,
                      "Actual Startup Time": 103.019,
                      "Actual Total Time": 103.021,
                      "Actual Rows": 45861,
                      "Actual Loops": 7,
                      "Hash Buckets": 524288,
                      "Original Hash Buckets": 262144,
                      "Hash Batches": 1,
                      "Original Hash Batches": 1,
                      "Peak Memory Usage": 18816,
                      "Plans": [
                        {
                          "Node Type": "Seq Scan",
                          "Parent Relationship": "Outer",
                          "Parallel Aware": true,
                          "Relation Name": "title",
                          "Alias": "t",
                          "Startup Cost": 0.0,
                          "Total Cost": 45479.59,
                          "Plan Rows": 45197,
                          "Plan Width": 4,
                          "Actual Startup Time": 45.428,
                          "Actual Total Time": 76.702,
                          "Actual Rows": 45861,
                          "Actual Loops": 7,
                          "Filter": "((production_year < 1991) AND (kind_id = 1))",
                          "Rows Removed by Filter": 315327
                        }
                      ]
                    }
                  ]
                }
              ]
            }
          ]
        }
      ]
    },
    "Planning Time": 0.284,
    "Triggers": [],
    "Execution Time": 1637.546
  }
]