[
  {
    "Plan": {
      "Node Type": "Aggregate",
      "Strategy": "Plain",
      "Partial Mode": "Finalize",
      "Parallel Aware": false,
      "Startup Cost": 247991.21,
      "Total Cost": 247991.22,
      "Plan Rows": 1,
      "Plan Width": 8,
      "Actual Startup Time": 555.712,
      "Actual Total Time": 603.372,
      "Actual Rows": 1,
      "Actual Loops": 1,
      "Plans": [
        {
          "Node Type": "Gather",
          "Parent Relationship": "Outer",
          "Parallel Aware": false,
          "Startup Cost": 247990.69,
          "Total Cost": 247991.2,
          "Plan Rows": 5,
          "Plan Width": 8,
          "Actual Startup Time": 551.605,
          "Actual Total Time": 603.355,
          "Actual Rows": 6,
          "Actual Loops": 1,
          "Workers Planned": 5,
          "Workers Launched": 5,
          "Single Copy": false,
          "Plans": [
            {
              "Node Type": "Aggregate",
              "Strategy": "Plain",
              "Partial Mode": "Partial",
              "Parent Relationship": "Outer",
              "Parallel Aware": false,
              "Startup Cost": 246990.69,
              "Total Cost": 246990.7,
              "Plan Rows": 1,
              "Plan Width": 8,
              "Actual Startup Time": 544.391,
              "Actual Total Time": 544.396,
              "Actual Rows": 1,
              "Actual Loops": 6,
              "Plans": [
                {
                  "Node Type": "Hash Join",
                  "Parent Relationship": "Outer",
                  "Parallel Aware": true,
                  "Join Type": "Inner",
                  "Startup Cost": 46576.39,
                  "Total Cost": 246838.18,
                  "Plan Rows": 61001,
                  "Plan Width": 0,
                  "Actual Startup Time": 143.396,
                  "Actual Total Time": 536.574,
                  "Actual Rows": 162872,
                  "Actual Loops": 6,
                  "Inner Unique": true,
                  "Hash Cond": "(mi.movie_id = t.id)",
                  "Plans": [
                    {
                      "Node Type": "Seq Scan",
                      "Parent Relationship": "Outer",
                      "Parallel Aware": true,
                      "Relation Name": "movie_info",
                      "Alias": "mi",
                      "Startup Cost": 0.0,
                      "Total Cost": 199108.24,
                      "Plan Rows": 439450,
                      "Plan Width": 4,
                      "Actual Startup Time": 17.985,
                      "Actual Total Time": 350.617,
                      "Actual Rows": 372308,
                      "Actual Loops": 6,
                      "Filter": "(info_type_id > 16)",
                      "Rows Removed by Filter": 2100312
                    },
                    {
                      "Node Type": "Hash",
                      "Parent Relationship": "Inner",
                      "Parallel Aware": true,
                      "Startup Cost": 45479.59,
                      "Total Cost": 45479.59,
                      "Plan Rows": 87744,
                      "Plan Width": 4,
                      "Actual Startup Time": 108.699,
                      "Actual Total Time": 108.7,
                      "Actual Rows": 70762,
                      "Actual Loops": 6,
                      "Hash Buckets": 524288,
                      "Original Hash Buckets": 524288,
                      "Hash Batches": 1,
                      "Original Hash Batches": 1,
                      "Peak Memory Usage": 20768,
                      "Plans": [
                        {
                          "Node Type": "Seq Scan",
                          "Parent Relationship": "Outer",
                          "Parallel Aware": true,
                          "Relation Name": "title",
                          "Alias": "t",
                          "Startup Cost": 0.0,
                          "Total Cost": 45479.59,
                          "Plan Rows": 87744,
                          "Plan Width": 4,
                          "Actual Startup Time": 44.788,
                          "Actual Total Time": 80.226,
                          "Actual Rows": 70762,
                          "Actual Loops": 6,
                          "Filter": "((kind_id < 2) AND (production_year < 2005))",
                          "Rows Removed by Filter": 350623
                        }
                      ]
                    }
                  ]
                }
              ]
            }
          ]
        }
      ]
    },
    "Planning Time": 0.317,
    "Triggers": [],
    "Execution Time": 603.421
  }
]