[
  {
    "Plan": {
      "Node Type": "Aggregate",
      "Strategy": "Plain",
      "Partial Mode": "Finalize",
      "Parallel Aware": false,
      "Startup Cost": 349059.8,
      "Total Cost": 349059.81,
      "Plan Rows": 1,
      "Plan Width": 8,
      "Actual Startup Time": 632.269,
      "Actual Total Time": 686.648,
      "Actual Rows": 1,
      "Actual Loops": 1,
      "Plans": [
        {
          "Node Type": "Gather",
          "Parent Relationship": "Outer",
          "Parallel Aware": false,
          "Startup Cost": 349059.17,
          "Total Cost": 349059.78,
          "Plan Rows": 6,
          "Plan Width": 8,
          "Actual Startup Time": 632.164,
          "Actual Total Time": 686.638,
          "Actual Rows": 7,
          "Actual Loops": 1,
          "Workers Planned": 6,
          "Workers Launched": 6,
          "Single Copy": false,
          "Plans": [
            {
              "Node Type": "Aggregate",
              "Strategy": "Plain",
              "Partial Mode": "Partial",
              "Parent Relationship": "Outer",
              "Parallel Aware": false,
              "Startup Cost": 348059.17,
              "Total Cost": 348059.18,
              "Plan Rows": 1,
              "Plan Width": 8,
              "Actual Startup Time": 621.95,
              "Actual Total Time": 621.952,
              "Actual Rows": 1,
              "Actual Loops": 7,
              "Plans": [
                {
                  "Node Type": "Seq Scan",
                  "Parent Relationship": "Outer",
                  "Parallel Aware": true,
                  "Relation Name": "cast_info",
                  "Alias": "ci",
                  "Startup Cost": 0.0,
                  "Total Cost": 343257.03,
                  "Plan Rows": 1920858,
                  "Plan Width": 0,
                  "Actual Startup Time": 218.877,
                  "Actual Total Time": 592.136,
                  "Actual Rows": 708142,
                  "Actual Loops": 7,
                  "Filter": "((person_id < 1744984) AND (role_id > 1))",
                  "Rows Removed by Filter": 4469621
                }
              ]
            }
          ]
        }
      ]
    },
    "Planning Time": 0.251,
    "Triggers": [],
    "Execution Time": 686.721
  }
]