[
  {
    "Plan": {
      "Node Type": "Aggregate",
      "Strategy": "Plain",
      "Partial Mode": "Finalize",
      "Parallel Aware": false,
      "Startup Cost": 101194.06,
      "Total Cost": 101194.07,
      "Plan Rows": 1,
      "Plan Width": 8,
      "Actual Startup Time": 974.827,
      "Actual Total Time": 997.377,
      "Actual Rows": 1,
      "Actual Loops": 1,
      "Plans": [
        {
          "Node Type": "Gather",
          "Parent Relationship": "Outer",
          "Parallel Aware": false,
          "Startup Cost": 101193.85,
          "Total Cost": 101194.06,
          "Plan Rows": 2,
          "Plan Width": 8,
          "Actual Startup Time": 967.299,
          "Actual Total Time": 997.367,
          "Actual Rows": 3,
          "Actual Loops": 1,
          "Workers Planned": 2,
          "Workers Launched": 2,
          "Single Copy": false,
          "Plans": [
            {
              "Node Type": "Aggregate",
              "Strategy": "Plain",
              "Partial Mode": "Partial",
              "Parent Relationship": "Outer",
              "Parallel Aware": false,
              "Startup Cost": 100193.85,
              "Total Cost": 100193.86,
              "Plan Rows": 1,
              "Plan Width": 8,
              "Actual Startup Time": 955.457,
              "Actual Total Time": 956.291,
              "Actual Rows": 1,
              "Actual Loops": 3,
              "Plans": [
                {
                  "Node Type": "Hash Join",
                  "Parent Relationship": "Outer",
                  "Parallel Aware": true,
                  "Join Type": "Inner",
                  "Startup Cost": 83157.54,
                  "Total Cost": 99596.42,
                  "Plan Rows": 238971,
                  "Plan Width": 0,
                  "Actual Startup Time": 780.381,
                  "Actual Total Time": 936.102,
                  "Actual Rows": 508136,
                  "Actual Loops": 3,
                  "Inner Unique": false,
                  "Hash Cond": "(mi_idx.movie_id = t.id)",
                  "Plans": [
                    {
                      "Node Type": "Seq Scan",
                      "Parent Relationship": "Outer",
                      "Parallel Aware": true,
                      "Relation Name": "movie_info_idx",
                      "Alias": "mi_idx",
                      "Startup Cost": 0.0,
                      "Total Cost": 13685.15,
                      "Plan Rows": 575015,
                      "Plan Width": 4,
                      "Actual Startup Time": 0.031,
                      "Actual Total Time": 36.473,
                      "Actual Rows": 460012,
                      "Actual Loops": 3
                    },
                    {
                      "Node Type": "Hash",
                      "Parent Relationship": "Inner",
                      "Parallel Aware": true,
                      "Startup Cost": 79873.99,
                      "Total Cost": 79873.99,
                      "Plan Rows": 262684,
                      "Plan Width": 8,
                      "Actual Startup Time": 769.455,
                      "Actual Total Time": 770.286,
                      "Actual Rows": 353434,
                      "Actual Loops": 3,
                      "Hash Buckets": 2097152,
                      "Original Hash Buckets": 2097152,
                      "Hash Batches": 1,
                      "Original Hash Batches": 1,
                      "Peak Memory Usage": 57920,
                      "Plans": [
                        {
                          "Node Type": "Hash Join",
                          "Parent Relationship": "Outer",
                          "Parallel Aware": true,
                          "Join Type": "Inner",
                          "Startup Cost": 33547.52,
                          "Total Cost": 79873.99,
                          "Plan Rows": 262684,
                          "Plan Width": 8,
                          "Actual Startup Time": 234.838,
                          "Actual Total Time": 656.56,
                          "Actual Rows": 353434,
                          "Actual Loops": 3,
                          "Inner Unique": false,
                          "Hash Cond": "(t.id = mc.movie_id)",
                          "Plans": [
                            {
                              "Node Type": "Seq Scan",
                              "Parent Relationship": "Outer",
                              "Parallel Aware": true,
                              "Relation Name": "title",
                              "Alias": "t",
                              "Startup Cost": 0.0,
                              "Total Cost": 42318.73,
                              "Plan Rows": 632073,
                              "Plan Width": 4,
                              "Actual Startup Time": 0.011,
                              "Actual Total Time": 97.547,
                              "Actual Rows": 842771,
                              "Actual Loops": 3
                            },
                            {
                              "Node Type": "Hash",
                              "Parent Relationship": "Inner",
                              "Parallel Aware": true,
                              "Startup Cost": 29310.68,
                              "Total Cost": 29310.68,
                              "Plan Rows": 338947,
                              "Plan Width": 4,
                              "Actual Startup Time": 229.29,
                              "Actual Total Time": 229.291,
                              "Actual Rows": 353434,
                              "Actual Loops": 3,
                              "Hash Buckets": 2097152,
                              "Original Hash Buckets": 2097152,
                              "Hash Batches": 1,
                              "Original Hash Batches": 1,
                              "Peak Memory Usage": 57920,
                              "Plans": [
                                {
                                  "Node Type": "Seq Scan",
                                  "Parent Relationship": "Outer",
                                  "Parallel Aware": true,
                                  "Relation Name": "movie_companies",
                                  "Alias": "mc",
                                  "Startup Cost": 0.0,
                                  "Total Cost": 29310.68,
                                  "Plan Rows": 338947,
                                  "Plan Width": 4,
                                  "Actual Startup Time": 24.148,
                                  "Actual Total Time": 112.434,
                                  "Actual Rows": 353434,
                                  "Actual Loops": 3,
                                  "Filter": "(company_id > 14724)",
                                  "Rows Removed by Filter": 516276
                                }
                              ]
                            }
                          ]
                        }
                      ]
                    }
                  ]
                }
              ]
            }
          ]
        }
      ]
    },
    "Planning Time": 1.512,
    "Triggers": [],
    "Execution Time": 997.476
  }
]