[
  {
    "Plan": {
      "Node Type": "Aggregate",
      "Strategy": "Plain",
      "Partial Mode": "Finalize",
      "Parallel Aware": false,
      "Startup Cost": 353498.44,
      "Total Cost": 353498.45,
      "Plan Rows": 1,
      "Plan Width": 8,
      "Actual Startup Time": 903.839,
      "Actual Total Time": 963.099,
      "Actual Rows": 1,
      "Actual Loops": 1,
      "Plans": [
        {
          "Node Type": "Gather",
          "Parent Relationship": "Outer",
          "Parallel Aware": false,
          "Startup Cost": 353497.81,
          "Total Cost": 353498.42,
          "Plan Rows": 6,
          "Plan Width": 8,
          "Actual Startup Time": 903.709,
          "Actual Total Time": 963.087,
          "Actual Rows": 7,
          "Actual Loops": 1,
          "Workers Planned": 6,
          "Workers Launched": 6,
          "Single Copy": false,
          "Plans": [
            {
              "Node Type": "Aggregate",
              "Strategy": "Plain",
              "Partial Mode": "Partial",
              "Parent Relationship": "Outer",
              "Parallel Aware": false,
              "Startup Cost": 352497.81,
              "Total Cost": 352497.82,
              "Plan Rows": 1,
              "Plan Width": 8,
              "Actual Startup Time": 893.4,
              "Actual Total Time": 893.401,
              "Actual Rows": 1,
              "Actual Loops": 7,
              "Plans": [
                {
                  "Node Type": "Seq Scan",
                  "Parent Relationship": "Outer",
                  "Parallel Aware": true,
                  "Relation Name": "cast_info",
                  "Alias": "ci",
                  "Startup Cost": 0.0,
                  "Total Cost": 343257.03,
                  "Plan Rows": 3696314,
                  "Plan Width": 0,
                  "Actual Startup Time": 0.053,
                  "Actual Total Time": 731.371,
                  "Actual Rows": 3598886,
                  "Actual Loops": 7,
                  "Filter": "((person_id < 2860887) AND (role_id < 8))",
                  "Rows Removed by Filter": 1578878
                }
              ]
            }
          ]
        }
      ]
    },
    "Planning Time": 0.196,
    "Triggers": [],
    "Execution Time": 963.166
  }
]