[
  {
    "Plan": {
      "Node Type": "Aggregate",
      "Strategy": "Plain",
      "Partial Mode": "Finalize",
      "Parallel Aware": false,
      "Startup Cost": 248073.48,
      "Total Cost": 248073.49,
      "Plan Rows": 1,
      "Plan Width": 8,
      "Actual Startup Time": 478.712,
      "Actual Total Time": 501.862,
      "Actual Rows": 1,
      "Actual Loops": 1,
      "Plans": [
        {
          "Node Type": "Gather",
          "Parent Relationship": "Outer",
          "Parallel Aware": false,
          "Startup Cost": 248072.96,
          "Total Cost": 248073.47,
          "Plan Rows": 5,
          "Plan Width": 8,
          "Actual Startup Time": 475.416,
          "Actual Total Time": 501.854,
          "Actual Rows": 6,
          "Actual Loops": 1,
          "Workers Planned": 5,
          "Workers Launched": 5,
          "Single Copy": false,
          "Plans": [
            {
              "Node Type": "Aggregate",
              "Strategy": "Plain",
              "Partial Mode": "Partial",
              "Parent Relationship": "Outer",
              "Parallel Aware": false,
              "Startup Cost": 247072.96,
              "Total Cost": 247072.97,
              "Plan Rows": 1,
              "Plan Width": 8,
              "Actual Startup Time": 468.431,
              "Actual Total Time": 468.434,
              "Actual Rows": 1,
              "Actual Loops": 6,
              "Plans": [
                {
                  "Node Type": "Hash Join",
                  "Parent Relationship": "Outer",
                  "Parallel Aware": true,
                  "Join Type": "Inner",
                  "Startup Cost": 46923.73,
                  "Total Cost": 246884.84,
                  "Plan Rows": 75247,
                  "Plan Width": 0,
                  "Actual Startup Time": 121.535,
                  "Actual Total Time": 463.158,
                  "Actual Rows": 104534,
                  "Actual Loops": 6,
                  "Inner Unique": true,
                  "Hash Cond": "(mi.movie_id = t.id)",
                  "Plans": [
                    {
                      "Node Type": "Seq Scan",
                      "Parent Relationship": "Outer",
                      "Parallel Aware": true,
                      "Relation Name": "movie_info",
                      "Alias": "mi",
                      "Startup Cost": 0.0,
                      "Total Cost": 198880.74,
                      "Plan Rows": 411570,
                      "Plan Width": 4,
                      "Actual Startup Time": 27.527,
                      "Actual Total Time": 297.319,
                      "Actual Rows": 348511,
                      "Actual Loops": 6,
                      "Filter": "(info_type_id < 3)",
                      "Rows Removed by Filter": 2124109
                    },
                    {
                      "Node Type": "Hash",
                      "Parent Relationship": "Inner",
                      "Parallel Aware": true,
                      "Startup Cost": 45479.21,
                      "Total Cost": 45479.21,
                      "Plan Rows": 115562,
                      "Plan Width": 4,
                      "Actual Startup Time": 92.726,
                      "Actual Total Time": 92.727,
                      "Actual Rows": 58764,
                      "Actual Loops": 6,
                      "Hash Buckets": 524288,
                      "Original Hash Buckets": 524288,
                      "Hash Batches": 1,
                      "Original Hash Batches": 1,
                      "Peak Memory Usage": 17984,
                      "Plans": [
                        {
                          "Node Type": "Seq Scan",
                          "Parent Relationship": "Outer",
                          "Parallel Aware": true,
                          "Relation Name": "title",
                          "Alias": "t",
                          "Startup Cost": 0.0,
                          "Total Cost": 45479.21,
                          "Plan Rows": 115562,
                          "Plan Width": 4,
                          "Actual Startup Time": 0.044,
                          "Actual Total Time": 71.919,
                          "Actual Rows": 58764,
                          "Actual Loops": 6,
                          "Filter": "((kind_id < 3) AND (production_year > 1997))",
                          "Rows Removed by Filter": 362622
                        }
                      ]
                    }
                  ]
                }
              ]
            }
          ]
        }
      ]
    },
    "Planning Time": 0.251,
    "Triggers": [],
    "Execution Time": 501.898
  }
]