[
  {
    "Plan": {
      "Node Type": "Aggregate",
      "Strategy": "Plain",
      "Partial Mode": "Finalize",
      "Parallel Aware": false,
      "Startup Cost": 82789.55,
      "Total Cost": 82789.56,
      "Plan Rows": 1,
      "Plan Width": 8,
      "Actual Startup Time": 521.148,
      "Actual Total Time": 540.369,
      "Actual Rows": 1,
      "Actual Loops": 1,
      "Plans": [
        {
          "Node Type": "Gather",
          "Parent Relationship": "Outer",
          "Parallel Aware": false,
          "Startup Cost": 82789.24,
          "Total Cost": 82789.55,
          "Plan Rows": 3,
          "Plan Width": 8,
          "Actual Startup Time": 515.181,
          "Actual Total Time": 540.36,
          "Actual Rows": 4,
          "Actual Loops": 1,
          "Workers Planned": 3,
          "Workers Launched": 3,
          "Single Copy": false,
          "Plans": [
            {
              "Node Type": "Aggregate",
              "Strategy": "Plain",
              "Partial Mode": "Partial",
              "Parent Relationship": "Outer",
              "Parallel Aware": false,
              "Startup Cost": 81789.24,
              "Total Cost": 81789.25,
              "Plan Rows": 1,
              "Plan Width": 8,
              "Actual Startup Time": 502.424,
              "Actual Total Time": 502.427,
              "Actual Rows": 1,
              "Actual Loops": 4,
              "Plans": [
                {
                  "Node Type": "Hash Join",
                  "Parent Relationship": "Outer",
                  "Parallel Aware": true,
                  "Join Type": "Inner",
                  "Startup Cost": 49627.21,
                  "Total Cost": 80838.77,
                  "Plan Rows": 380187,
                  "Plan Width": 0,
                  "Actual Startup Time": 258.971,
                  "Actual Total Time": 492.053,
                  "Actual Rows": 212272,
                  "Actual Loops": 4,
                  "Inner Unique": true,
                  "Hash Cond": "(mc.movie_id = t.id)",
                  "Plans": [
                    {
                      "Node Type": "Seq Scan",
                      "Parent Relationship": "Outer",
                      "Parallel Aware": true,
                      "Relation Name": "movie_companies",
                      "Alias": "mc",
                      "Startup Cost": 0.0,
                      "Total Cost": 29310.68,
                      "Plan Rows": 724143,
                      "Plan Width": 4,
                      "Actual Startup Time": 0.02,
                      "Actual Total Time": 81.259,
                      "Actual Rows": 560948,
                      "Actual Loops": 4,
                      "Filter": "(company_id < 86128)",
                      "Rows Removed by Filter": 91334
                    },
                    {
                      "Node Type": "Hash",
                      "Parent Relationship": "Inner",
                      "Parallel Aware": true,
                      "Startup Cost": 45479.1,
                      "Total Cost": 45479.1,
                      "Plan Rows": 331849,
                      "Plan Width": 4,
                      "Actual Startup Time": 250.915,
                      "Actual Total Time": 250.916,
                      "Actual Rows": 361925,
                      "Actual Loops": 4,
                      "Hash Buckets": 2097152,
                      "Original Hash Buckets": 2097152,
                      "Hash Batches": 1,
                      "Original Hash Batches": 1,
                      "Peak Memory Usage": 73088,
                      "Plans": [
                        {
                          "Node Type": "Seq Scan",
                          "Parent Relationship": "Outer",
                          "Parallel Aware": true,
                          "Relation Name": "title",
                          "Alias": "t",
                          "Startup Cost": 0.0,
                          "Total Cost": 45479.1,
                          "Plan Rows": 331849,
                          "Plan Width": 4,
                          "Actual Startup Time": 0.034,
                          "Actual Total Time": 118.22,
                          "Actual Rows": 361925,
                          "Actual Loops": 4,
                          "Filter": "((kind_id > 1) AND (production_year > 1988))",
                          "Rows Removed by Filter": 270153
                        }
                      ]
                    }
                  ]
                }
              ]
            }
          ]
        }
      ]
    },
    "Planning Time": 0.591,
    "Triggers": [],
    "Execution Time": 540.434
  }
]