[
  {
    "Plan": {
      "Node Type": "Aggregate",
      "Strategy": "Plain",
      "Partial Mode": "Finalize",
      "Parallel Aware": false,
      "Startup Cost": 72830.73,
      "Total Cost": 72830.74,
      "Plan Rows": 1,
      "Plan Width": 8,
      "Actual Startup Time": 127.87,
      "Actual Total Time": 144.675,
      "Actual Rows": 1,
      "Actual Loops": 1,
      "Plans": [
        {
          "Node Type": "Gather",
          "Parent Relationship": "Outer",
          "Parallel Aware": false,
          "Startup Cost": 72830.31,
          "Total Cost": 72830.72,
          "Plan Rows": 4,
          "Plan Width": 8,
          "Actual Startup Time": 127.701,
          "Actual Total Time": 144.666,
          "Actual Rows": 5,
          "Actual Loops": 1,
          "Workers Planned": 4,
          "Workers Launched": 4,
          "Single Copy": false,
          "Plans": [
            {
              "Node Type": "Aggregate",
              "Strategy": "Plain",
              "Partial Mode": "Partial",
              "Parent Relationship": "Outer",
              "Parallel Aware": false,
              "Startup Cost": 71830.31,
              "Total Cost": 71830.32,
              "Plan Rows": 1,
              "Plan Width": 8,
              "Actual Startup Time": 119.616,
              "Actual Total Time": 119.618,
              "Actual Rows": 1,
              "Actual Loops": 5,
              "Plans": [
                {
                  "Node Type": "Nested Loop",
                  "Parent Relationship": "Outer",
                  "Parallel Aware": false,
                  "Join Type": "Inner",
                  "Startup Cost": 0.43,
                  "Total Cost": 71815.38,
                  "Plan Rows": 5975,
                  "Plan Width": 0,
                  "Actual Startup Time": 58.037,
                  "Actual Total Time": 119.39,
                  "Actual Rows": 2844,
                  "Actual Loops": 5,
                  "Inner Unique": false,
                  "Plans": [
                    {
                      "Node Type": "Seq Scan",
                      "Parent Relationship": "Outer",
                      "Parallel Aware": true,
                      "Relation Name": "title",
                      "Alias": "t",
                      "Startup Cost": 0.0,
                      "Total Cost": 45479.59,
                      "Plan Rows": 3340,
                      "Plan Width": 4,
                      "Actual Startup Time": 57.737,
                      "Actual Total Time": 82.184,
                      "Actual Rows": 10344,
                      "Actual Loops": 5,
                      "Filter": "((production_year < 1914) AND (kind_id = 1))",
                      "Rows Removed by Filter": 495318
                    },
                    {
                      "Node Type": "Index Only Scan",
                      "Parent Relationship": "Inner",
                      "Parallel Aware": false,
                      "Scan Direction": "Forward",
                      "Index Name": "movie_id_movie_keyword",
                      "Relation Name": "movie_keyword",
                      "Alias": "mk",
                      "Startup Cost": 0.43,
                      "Total Cost": 7.42,
                      "Plan Rows": 46,
                      "Plan Width": 4,
                      "Actual Startup Time": 0.003,
                      "Actual Total Time": 0.003,
                      "Actual Rows": 0,
                      "Actual Loops": 51721,
                      "Index Cond": "(movie_id = t.id)",
                      "Rows Removed by Index Recheck": 0,
                      "Heap Fetches": 14221
                    }
                  ]
                }
              ]
            }
          ]
        }
      ]
    },
    "Planning Time": 0.305,
    "Triggers": [],
    "Execution Time": 144.728
  }
]