[
  {
    "Plan": {
      "Node Type": "Aggregate",
      "Strategy": "Plain",
      "Partial Mode": "Finalize",
      "Parallel Aware": false,
      "Startup Cost": 31478.8,
      "Total Cost": 31478.81,
      "Plan Rows": 1,
      "Plan Width": 8,
      "Actual Startup Time": 80.615,
      "Actual Total Time": 87.111,
      "Actual Rows": 1,
      "Actual Loops": 1,
      "Plans": [
        {
          "Node Type": "Gather",
          "Parent Relationship": "Outer",
          "Parallel Aware": false,
          "Startup Cost": 31478.48,
          "Total Cost": 31478.79,
          "Plan Rows": 3,
          "Plan Width": 8,
          "Actual Startup Time": 80.546,
          "Actual Total Time": 87.106,
          "Actual Rows": 4,
          "Actual Loops": 1,
          "Workers Planned": 3,
          "Workers Launched": 3,
          "Single Copy": false,
          "Plans": [
            {
              "Node Type": "Aggregate",
              "Strategy": "Plain",
              "Partial Mode": "Partial",
              "Parent Relationship": "Outer",
              "Parallel Aware": false,
              "Startup Cost": 30478.48,
              "Total Cost": 30478.49,
              "Plan Rows": 1,
              "Plan Width": 8,
              "Actual Startup Time": 77.951,
              "Actual Total Time": 77.952,
              "Actual Rows": 1,
              "Actual Loops": 4,
              "Plans": [
                {
                  "Node Type": "Seq Scan",
                  "Parent Relationship": "Outer",
                  "Parallel Aware": true,
                  "Relation Name": "movie_companies",
                  "Alias": "mc",
                  "Startup Cost": 0.0,
                  "Total Cost": 29310.68,
                  "Plan Rows": 467121,
                  "Plan Width": 0,
                  "Actual Startup Time": 6.35,
                  "Actual Total Time": 62.756,
                  "Actual Rows": 362620,
                  "Actual Loops": 4,
                  "Filter": "(company_id > 9396)",
                  "Rows Removed by Filter": 289662
                }
              ]
            }
          ]
        }
      ]
    },
    "Planning Time": 0.076,
    "Triggers": [],
    "Execution Time": 87.137
  }
]