[
  {
    "Plan": {
      "Node Type": "Aggregate",
      "Strategy": "Plain",
      "Partial Mode": "Finalize",
      "Parallel Aware": false,
      "Startup Cost": 31477.89,
      "Total Cost": 31477.9,
      "Plan Rows": 1,
      "Plan Width": 8,
      "Actual Startup Time": 101.923,
      "Actual Total Time": 109.553,
      "Actual Rows": 1,
      "Actual Loops": 1,
      "Plans": [
        {
          "Node Type": "Gather",
          "Parent Relationship": "Outer",
          "Parallel Aware": false,
          "Startup Cost": 31477.58,
          "Total Cost": 31477.89,
          "Plan Rows": 3,
          "Plan Width": 8,
          "Actual Startup Time": 101.721,
          "Actual Total Time": 109.472,
          "Actual Rows": 4,
          "Actual Loops": 1,
          "Workers Planned": 3,
          "Workers Launched": 3,
          "Single Copy": false,
          "Plans": [
            {
              "Node Type": "Aggregate",
              "Strategy": "Plain",
              "Partial Mode": "Partial",
              "Parent Relationship": "Outer",
              "Parallel Aware": false,
              "Startup Cost": 30477.58,
              "Total Cost": 30477.59,
              "Plan Rows": 1,
              "Plan Width": 8,
              "Actual Startup Time": 95.031,
              "Actual Total Time": 95.032,
              "Actual Rows": 1,
              "Actual Loops": 4,
              "Plans": [
                {
                  "Node Type": "Seq Scan",
                  "Parent Relationship": "Outer",
                  "Parallel Aware": true,
                  "Relation Name": "movie_companies",
                  "Alias": "mc",
                  "Startup Cost": 0.0,
                  "Total Cost": 29310.68,
                  "Plan Rows": 466758,
                  "Plan Width": 0,
                  "Actual Startup Time": 15.512,
                  "Actual Total Time": 79.621,
                  "Actual Rows": 362620,
                  "Actual Loops": 4,
                  "Filter": "(company_id > 9396)",
                  "Rows Removed by Filter": 289662
                }
              ]
            }
          ]
        }
      ]
    },
    "Planning Time": 0.189,
    "Triggers": [],
    "Execution Time": 109.608
  }
]