[
    {
        "Bao": {
            "Bao prediction": 403.882,
            "Bao recommended hint": "(no hint)"
        }
    },
    {
        "Plan": {
            "Node Type": "Aggregate",
            "Strategy": "Plain",
            "Partial Mode": "Simple",
            "Parallel Aware": false,
            "Startup Cost": 274.23,
            "Total Cost": 274.24,
            "Plan Rows": 1,
            "Plan Width": 8,
            "Actual Startup Time": 0.446,
            "Actual Total Time": 0.447,
            "Actual Rows": 1,
            "Actual Loops": 1,
            "Output": [
                "count(*)"
            ],
            "Plans": [
                {
                    "Node Type": "Index Scan",
                    "Parent Relationship": "Outer",
                    "Parallel Aware": false,
                    "Scan Direction": "Forward",
                    "Index Name": "company_id_movie_companies",
                    "Relation Name": "movie_companies",
                    "Schema": "public",
                    "Alias": "mc",
                    "Startup Cost": 0.43,
                    "Total Cost": 274.1,
                    "Plan Rows": 52,
                    "Plan Width": 0,
                    "Actual Startup Time": 0.224,
                    "Actual Total Time": 0.428,
                    "Actual Rows": 129,
                    "Actual Loops": 1,
                    "Output": [
                        "id",
                        "movie_id",
                        "company_id",
                        "company_type_id",
                        "note"
                    ],
                    "Index Cond": "(mc.company_id = 19176)",
                    "Rows Removed by Index Recheck": 0,
                    "Filter": "(mc.company_type_id > 1)",
                    "Rows Removed by Filter": 125
                }
            ]
        },
        "Planning Time": 599.296,
        "Triggers": [],
        "Execution Time": 0.549
    }
]