[
  {
    "Plan": {
      "Node Type": "Aggregate",
      "Strategy": "Plain",
      "Partial Mode": "Finalize",
      "Parallel Aware": false,
      "Startup Cost": 46678.18,
      "Total Cost": 46678.19,
      "Plan Rows": 1,
      "Plan Width": 8,
      "Actual Startup Time": 172.216,
      "Actual Total Time": 182.864,
      "Actual Rows": 1,
      "Actual Loops": 1,
      "Plans": [
        {
          "Node Type": "Gather",
          "Parent Relationship": "Outer",
          "Parallel Aware": false,
          "Startup Cost": 46677.86,
          "Total Cost": 46678.17,
          "Plan Rows": 3,
          "Plan Width": 8,
          "Actual Startup Time": 172.083,
          "Actual Total Time": 182.855,
          "Actual Rows": 4,
          "Actual Loops": 1,
          "Workers Planned": 3,
          "Workers Launched": 3,
          "Single Copy": false,
          "Plans": [
            {
              "Node Type": "Aggregate",
              "Strategy": "Plain",
              "Partial Mode": "Partial",
              "Parent Relationship": "Outer",
              "Parallel Aware": false,
              "Startup Cost": 45677.86,
              "Total Cost": 45677.87,
              "Plan Rows": 1,
              "Plan Width": 8,
              "Actual Startup Time": 163.612,
              "Actual Total Time": 163.613,
              "Actual Rows": 1,
              "Actual Loops": 4,
              "Plans": [
                {
                  "Node Type": "Seq Scan",
                  "Parent Relationship": "Outer",
                  "Parallel Aware": true,
                  "Relation Name": "movie_keyword",
                  "Alias": "mk",
                  "Startup Cost": 0.0,
                  "Total Cost": 42695.65,
                  "Plan Rows": 1192883,
                  "Plan Width": 0,
                  "Actual Startup Time": 0.149,
                  "Actual Total Time": 122.064,
                  "Actual Rows": 924428,
                  "Actual Loops": 4,
                  "Filter": "(keyword_id > 788)",
                  "Rows Removed by Filter": 206555
                }
              ]
            }
          ]
        }
      ]
    },
    "Planning Time": 0.19,
    "Triggers": [],
    "Execution Time": 182.924
  }
]