[
  {
    "Plan": {
      "Node Type": "Aggregate",
      "Strategy": "Plain",
      "Partial Mode": "Finalize",
      "Parallel Aware": false,
      "Startup Cost": 100842.21,
      "Total Cost": 100842.22,
      "Plan Rows": 1,
      "Plan Width": 8,
      "Actual Startup Time": 475.394,
      "Actual Total Time": 535.25,
      "Actual Rows": 1,
      "Actual Loops": 1,
      "Plans": [
        {
          "Node Type": "Gather",
          "Parent Relationship": "Outer",
          "Parallel Aware": false,
          "Startup Cost": 100841.89,
          "Total Cost": 100842.2,
          "Plan Rows": 3,
          "Plan Width": 8,
          "Actual Startup Time": 474.997,
          "Actual Total Time": 535.237,
          "Actual Rows": 4,
          "Actual Loops": 1,
          "Workers Planned": 3,
          "Workers Launched": 3,
          "Single Copy": false,
          "Plans": [
            {
              "Node Type": "Aggregate",
              "Strategy": "Plain",
              "Partial Mode": "Partial",
              "Parent Relationship": "Outer",
              "Parallel Aware": false,
              "Startup Cost": 99841.89,
              "Total Cost": 99841.9,
              "Plan Rows": 1,
              "Plan Width": 8,
              "Actual Startup Time": 468.965,
              "Actual Total Time": 468.969,
              "Actual Rows": 1,
              "Actual Loops": 4,
              "Plans": [
                {
                  "Node Type": "Nested Loop",
                  "Parent Relationship": "Outer",
                  "Parallel Aware": false,
                  "Join Type": "Inner",
                  "Startup Cost": 45602.36,
                  "Total Cost": 99501.47,
                  "Plan Rows": 136166,
                  "Plan Width": 0,
                  "Actual Startup Time": 106.423,
                  "Actual Total Time": 461.493,
                  "Actual Rows": 122648,
                  "Actual Loops": 4,
                  "Inner Unique": false,
                  "Join Filter": "(t.id = ci.movie_id)",
                  "Rows Removed by Join Filter": 0,
                  "Plans": [
                    {
                      "Node Type": "Hash Join",
                      "Parent Relationship": "Outer",
                      "Parallel Aware": true,
                      "Join Type": "Inner",
                      "Startup Cost": 45601.8,
                      "Total Cost": 76524.21,
                      "Plan Rows": 9497,
                      "Plan Width": 8,
                      "Actual Startup Time": 106.318,
                      "Actual Total Time": 225.89,
                      "Actual Rows": 4673,
                      "Actual Loops": 4,
                      "Inner Unique": true,
                      "Hash Cond": "(mc.movie_id = t.id)",
                      "Plans": [
                        {
                          "Node Type": "Seq Scan",
                          "Parent Relationship": "Outer",
                          "Parallel Aware": true,
                          "Relation Name": "movie_companies",
                          "Alias": "mc",
                          "Startup Cost": 0.0,
                          "Total Cost": 29310.68,
                          "Plan Rows": 613994,
                          "Plan Width": 4,
                          "Actual Startup Time": 0.012,
                          "Actual Total Time": 69.887,
                          "Actual Rows": 477367,
                          "Actual Loops": 4,
                          "Filter": "(company_id < 45648)",
                          "Rows Removed by Filter": 174915
                        },
                        {
                          "Node Type": "Hash",
                          "Parent Relationship": "Inner",
                          "Parallel Aware": true,
                          "Startup Cost": 45479.59,
                          "Total Cost": 45479.59,
                          "Plan Rows": 9777,
                          "Plan Width": 4,
                          "Actual Startup Time": 104.995,
                          "Actual Total Time": 104.997,
                          "Actual Rows": 10746,
                          "Actual Loops": 4,
                          "Hash Buckets": 65536,
                          "Original Hash Buckets": 65536,
                          "Hash Batches": 1,
                          "Original Hash Batches": 1,
                          "Peak Memory Usage": 2240,
                          "Plans": [
                            {
                              "Node Type": "Seq Scan",
                              "Parent Relationship": "Outer",
                              "Parallel Aware": true,
                              "Relation Name": "title",
                              "Alias": "t",
                              "Startup Cost": 0.0,
                              "Total Cost": 45479.59,
                              "Plan Rows": 9777,
                              "Plan Width": 4,
                              "Actual Startup Time": 0.037,
                              "Actual Total Time": 99.676,
                              "Actual Rows": 10746,
                              "Actual Loops": 4,
                              "Filter": "((kind_id > 1) AND (production_year = 1999))",
                              "Rows Removed by Filter": 621332
                            }
                          ]
                        }
                      ]
                    },
                    {
                      "Node Type": "Index Only Scan",
                      "Parent Relationship": "Inner",
                      "Parallel Aware": false,
                      "Scan Direction": "Forward",
                      "Index Name": "movie_id_cast_info",
                      "Relation Name": "cast_info",
                      "Alias": "ci",
                      "Startup Cost": 0.56,
                      "Total Cost": 1.98,
                      "Plan Rows": 35,
                      "Plan Width": 4,
                      "Actual Startup Time": 0.008,
                      "Actual Total Time": 0.047,
                      "Actual Rows": 26,
                      "Actual Loops": 18693,
                      "Index Cond": "(movie_id = mc.movie_id)",
                      "Rows Removed by Index Recheck": 0,
                      "Heap Fetches": 490592
                    }
                  ]
                }
              ]
            }
          ]
        }
      ]
    },
    "Planning Time": 1.55,
    "Triggers": [],
    "Execution Time": 535.386
  }
]