{
    "Plan": {
        "Node Type": "Aggregate",
        "Strategy": "Plain",
        "Partial Mode": "Finalize",
        "Parallel Aware": false,
        "Startup Cost": 514053.56,
        "Total Cost": 514053.57,
        "Plan Rows": 1,
        "Plan Width": 8,
        "Actual Startup Time": 1982.778,
        "Actual Total Time": 2038.198,
        "Actual Rows": 1,
        "Actual Loops": 1,
        "Output": [
            "count(*)"
        ],
        "Plans": [
            {
                "Node Type": "Gather",
                "Parent Relationship": "Outer",
                "Parallel Aware": false,
                "Startup Cost": 514053.03,
                "Total Cost": 514053.54,
                "Plan Rows": 5,
                "Plan Width": 8,
                "Actual Startup Time": 1963.636,
                "Actual Total Time": 2038.182,
                "Actual Rows": 6,
                "Actual Loops": 1,
                "Output": [
                    "(PARTIAL count(*))"
                ],
                "Workers Planned": 5,
                "Workers Launched": 5,
                "Single Copy": false,
                "Plans": [
                    {
                        "Node Type": "Aggregate",
                        "Strategy": "Plain",
                        "Partial Mode": "Partial",
                        "Parent Relationship": "Outer",
                        "Parallel Aware": false,
                        "Startup Cost": 513053.03,
                        "Total Cost": 513053.04,
                        "Plan Rows": 1,
                        "Plan Width": 8,
                        "Actual Startup Time": 1950.534,
                        "Actual Total Time": 1950.635,
                        "Actual Rows": 1,
                        "Actual Loops": 6,
                        "Output": [
                            "PARTIAL count(*)"
                        ],
                        "Workers": [
                            {
                                "Worker Number": 0,
                                "Actual Startup Time": 1947.775,
                                "Actual Total Time": 1947.78,
                                "Actual Rows": 1,
                                "Actual Loops": 1
                            },
                            {
                                "Worker Number": 1,
                                "Actual Startup Time": 1947.786,
                                "Actual Total Time": 1947.792,
                                "Actual Rows": 1,
                                "Actual Loops": 1
                            },
                            {
                                "Worker Number": 2,
                                "Actual Startup Time": 1948.594,
                                "Actual Total Time": 1948.599,
                                "Actual Rows": 1,
                                "Actual Loops": 1
                            },
                            {
                                "Worker Number": 3,
                                "Actual Startup Time": 1948.126,
                                "Actual Total Time": 1948.131,
                                "Actual Rows": 1,
                                "Actual Loops": 1
                            },
                            {
                                "Worker Number": 4,
                                "Actual Startup Time": 1948.259,
                                "Actual Total Time": 1948.265,
                                "Actual Rows": 1,
                                "Actual Loops": 1
                            }
                        ],
                        "Plans": [
                            {
                                "Node Type": "Hash Join",
                                "Parent Relationship": "Outer",
                                "Parallel Aware": true,
                                "Join Type": "Inner",
                                "Startup Cost": 304156.1,
                                "Total Cost": 510421.19,
                                "Plan Rows": 1052739,
                                "Plan Width": 0,
                                "Actual Startup Time": 786.416,
                                "Actual Total Time": 1753.934,
                                "Actual Rows": 4732648,
                                "Actual Loops": 6,
                                "Inner Unique": false,
                                "Hash Cond": "(mi.movie_id = t.id)",
                                "Workers": [
                                    {
                                        "Worker Number": 0,
                                        "Actual Startup Time": 783.792,
                                        "Actual Total Time": 1756.01,
                                        "Actual Rows": 5064901,
                                        "Actual Loops": 1
                                    },
                                    {
                                        "Worker Number": 1,
                                        "Actual Startup Time": 783.823,
                                        "Actual Total Time": 1756.792,
                                        "Actual Rows": 4920377,
                                        "Actual Loops": 1
                                    },
                                    {
                                        "Worker Number": 2,
                                        "Actual Startup Time": 783.8,
                                        "Actual Total Time": 1755.734,
                                        "Actual Rows": 5093739,
                                        "Actual Loops": 1
                                    },
                                    {
                                        "Worker Number": 3,
                                        "Actual Startup Time": 784.124,
                                        "Actual Total Time": 1757.7,
                                        "Actual Rows": 4849107,
                                        "Actual Loops": 1
                                    },
                                    {
                                        "Worker Number": 4,
                                        "Actual Startup Time": 784.254,
                                        "Actual Total Time": 1757.412,
                                        "Actual Rows": 4923334,
                                        "Actual Loops": 1
                                    }
                                ],
                                "Plans": [
                                    {
                                        "Node Type": "Seq Scan",
                                        "Parent Relationship": "Outer",
                                        "Parallel Aware": true,
                                        "Relation Name": "movie_info",
                                        "Schema": "public",
                                        "Alias": "mi",
                                        "Startup Cost": 0.0,
                                        "Total Cost": 198880.74,
                                        "Plan Rows": 1501273,
                                        "Plan Width": 4,
                                        "Actual Startup Time": 16.231,
                                        "Actual Total Time": 331.807,
                                        "Actual Rows": 1258142,
                                        "Actual Loops": 6,
                                        "Output": [
                                            "mi.id",
                                            "mi.movie_id",
                                            "mi.info_type_id",
                                            "mi.info",
                                            "mi.note"
                                        ],
                                        "Filter": "(mi.info_type_id > 7)",
                                        "Rows Removed by Filter": 1214478,
                                        "Workers": [
                                            {
                                                "Worker Number": 0,
                                                "Actual Startup Time": 16.252,
                                                "Actual Total Time": 339.485,
                                                "Actual Rows": 1346925,
                                                "Actual Loops": 1
                                            },
                                            {
                                                "Worker Number": 1,
                                                "Actual Startup Time": 16.257,
                                                "Actual Total Time": 341.397,
                                                "Actual Rows": 1278781,
                                                "Actual Loops": 1
                                            },
                                            {
                                                "Worker Number": 2,
                                                "Actual Startup Time": 16.242,
                                                "Actual Total Time": 339.701,
                                                "Actual Rows": 1355301,
                                                "Actual Loops": 1
                                            },
                                            {
                                                "Worker Number": 3,
                                                "Actual Startup Time": 16.242,
                                                "Actual Total Time": 341.092,
                                                "Actual Rows": 1247668,
                                                "Actual Loops": 1
                                            },
                                            {
                                                "Worker Number": 4,
                                                "Actual Startup Time": 16.243,
                                                "Actual Total Time": 341.251,
                                                "Actual Rows": 1272485,
                                                "Actual Loops": 1
                                            }
                                        ]
                                    },
                                    {
                                        "Node Type": "Hash",
                                        "Parent Relationship": "Inner",
                                        "Parallel Aware": true,
                                        "Startup Cost": 300462.48,
                                        "Total Cost": 300462.48,
                                        "Plan Rows": 295490,
                                        "Plan Width": 8,
                                        "Actual Startup Time": 749.783,
                                        "Actual Total Time": 749.882,
                                        "Actual Rows": 174526,
                                        "Actual Loops": 6,
                                        "Output": [
                                            "t.id",
                                            "ci.movie_id"
                                        ],
                                        "Hash Buckets": 2097152,
                                        "Original Hash Buckets": 2097152,
                                        "Hash Batches": 1,
                                        "Original Hash Batches": 1,
                                        "Peak Memory Usage": 57472,
                                        "Workers": [
                                            {
                                                "Worker Number": 0,
                                                "Actual Startup Time": 751.664,
                                                "Actual Total Time": 751.667,
                                                "Actual Rows": 182008,
                                                "Actual Loops": 1
                                            },
                                            {
                                                "Worker Number": 1,
                                                "Actual Startup Time": 751.625,
                                                "Actual Total Time": 751.629,
                                                "Actual Rows": 175837,
                                                "Actual Loops": 1
                                            },
                                            {
                                                "Worker Number": 2,
                                                "Actual Startup Time": 751.642,
                                                "Actual Total Time": 751.645,
                                                "Actual Rows": 188300,
                                                "Actual Loops": 1
                                            },
                                            {
                                                "Worker Number": 3,
                                                "Actual Startup Time": 751.999,
                                                "Actual Total Time": 752.003,
                                                "Actual Rows": 167928,
                                                "Actual Loops": 1
                                            },
                                            {
                                                "Worker Number": 4,
                                                "Actual Startup Time": 752.162,
                                                "Actual Total Time": 752.166,
                                                "Actual Rows": 171081,
                                                "Actual Loops": 1
                                            }
                                        ],
                                        "Plans": [
                                            {
                                                "Node Type": "Hash Join",
                                                "Parent Relationship": "Outer",
                                                "Parallel Aware": true,
                                                "Join Type": "Inner",
                                                "Startup Cost": 45997.55,
                                                "Total Cost": 300462.48,
                                                "Plan Rows": 295490,
                                                "Plan Width": 8,
                                                "Actual Startup Time": 131.424,
                                                "Actual Total Time": 634.471,
                                                "Actual Rows": 174526,
                                                "Actual Loops": 6,
                                                "Output": [
                                                    "t.id",
                                                    "ci.movie_id"
                                                ],
                                                "Inner Unique": true,
                                                "Hash Cond": "(ci.movie_id = t.id)",
                                                "Workers": [
                                                    {
                                                        "Worker Number": 0,
                                                        "Actual Startup Time": 131.399,
                                                        "Actual Total Time": 634.584,
                                                        "Actual Rows": 182008,
                                                        "Actual Loops": 1
                                                    },
                                                    {
                                                        "Worker Number": 1,
                                                        "Actual Startup Time": 131.474,
                                                        "Actual Total Time": 635.621,
                                                        "Actual Rows": 175837,
                                                        "Actual Loops": 1
                                                    },
                                                    {
                                                        "Worker Number": 2,
                                                        "Actual Startup Time": 131.328,
                                                        "Actual Total Time": 633.937,
                                                        "Actual Rows": 188300,
                                                        "Actual Loops": 1
                                                    },
                                                    {
                                                        "Worker Number": 3,
                                                        "Actual Startup Time": 131.296,
                                                        "Actual Total Time": 636.227,
                                                        "Actual Rows": 167928,
                                                        "Actual Loops": 1
                                                    },
                                                    {
                                                        "Worker Number": 4,
                                                        "Actual Startup Time": 131.482,
                                                        "Actual Total Time": 634.61,
                                                        "Actual Rows": 171081,
                                                        "Actual Loops": 1
                                                    }
                                                ],
                                                "Plans": [
                                                    {
                                                        "Node Type": "Index Scan",
                                                        "Parent Relationship": "Outer",
                                                        "Parallel Aware": true,
                                                        "Scan Direction": "Forward",
                                                        "Index Name": "role_id_cast_info",
                                                        "Relation Name": "cast_info",
                                                        "Schema": "public",
                                                        "Alias": "ci",
                                                        "Startup Cost": 0.56,
                                                        "Total Cost": 251544.36,
                                                        "Plan Rows": 1112816,
                                                        "Plan Width": 4,
                                                        "Actual Startup Time": 0.249,
                                                        "Actual Total Time": 332.463,
                                                        "Actual Rows": 473131,
                                                        "Actual Loops": 6,
                                                        "Output": [
                                                            "ci.id",
                                                            "ci.person_id",
                                                            "ci.movie_id",
                                                            "ci.person_role_id",
                                                            "ci.note",
                                                            "ci.nr_order",
                                                            "ci.role_id"
                                                        ],
                                                        "Index Cond": "(ci.role_id > 4)",
                                                        "Rows Removed by Index Recheck": 0,
                                                        "Filter": "(ci.person_id < 2665307)",
                                                        "Rows Removed by Filter": 1090986,
                                                        "Workers": [
                                                            {
                                                                "Worker Number": 0,
                                                                "Actual Startup Time": 0.223,
                                                                "Actual Total Time": 337.702,
                                                                "Actual Rows": 492434,
                                                                "Actual Loops": 1
                                                            },
                                                            {
                                                                "Worker Number": 1,
                                                                "Actual Startup Time": 0.313,
                                                                "Actual Total Time": 333.719,
                                                                "Actual Rows": 468377,
                                                                "Actual Loops": 1
                                                            },
                                                            {
                                                                "Worker Number": 2,
                                                                "Actual Startup Time": 0.186,
                                                                "Actual Total Time": 337.189,
                                                                "Actual Rows": 511307,
                                                                "Actual Loops": 1
                                                            },
                                                            {
                                                                "Worker Number": 3,
                                                                "Actual Startup Time": 0.146,
                                                                "Actual Total Time": 332.637,
                                                                "Actual Rows": 464493,
                                                                "Actual Loops": 1
                                                            },
                                                            {
                                                                "Worker Number": 4,
                                                                "Actual Startup Time": 0.346,
                                                                "Actual Total Time": 333.786,
                                                                "Actual Rows": 467377,
                                                                "Actual Loops": 1
                                                            }
                                                        ]
                                                    },
                                                    {
                                                        "Node Type": "Hash",
                                                        "Parent Relationship": "Inner",
                                                        "Parallel Aware": true,
                                                        "Startup Cost": 43899.01,
                                                        "Total Cost": 43899.01,
                                                        "Plan Rows": 167838,
                                                        "Plan Width": 4,
                                                        "Actual Startup Time": 129.806,
                                                        "Actual Total Time": 129.807,
                                                        "Actual Rows": 110471,
                                                        "Actual Loops": 6,
                                                        "Output": [
                                                            "t.id"
                                                        ],
                                                        "Hash Buckets": 1048576,
                                                        "Original Hash Buckets": 1048576,
                                                        "Hash Batches": 1,
                                                        "Original Hash Batches": 1,
                                                        "Peak Memory Usage": 34240,
                                                        "Workers": [
                                                            {
                                                                "Worker Number": 0,
                                                                "Actual Startup Time": 131.087,
                                                                "Actual Total Time": 131.088,
                                                                "Actual Rows": 116821,
                                                                "Actual Loops": 1
                                                            },
                                                            {
                                                                "Worker Number": 1,
                                                                "Actual Startup Time": 131.09,
                                                                "Actual Total Time": 131.092,
                                                                "Actual Rows": 110824,
                                                                "Actual Loops": 1
                                                            },
                                                            {
                                                                "Worker Number": 2,
                                                                "Actual Startup Time": 130.928,
                                                                "Actual Total Time": 130.93,
                                                                "Actual Rows": 118888,
                                                                "Actual Loops": 1
                                                            },
                                                            {
                                                                "Worker Number": 3,
                                                                "Actual Startup Time": 131.031,
                                                                "Actual Total Time": 131.032,
                                                                "Actual Rows": 108258,
                                                                "Actual Loops": 1
                                                            },
                                                            {
                                                                "Worker Number": 4,
                                                                "Actual Startup Time": 131.048,
                                                                "Actual Total Time": 131.05,
                                                                "Actual Rows": 109650,
                                                                "Actual Loops": 1
                                                            }
                                                        ],
                                                        "Plans": [
                                                            {
                                                                "Node Type": "Seq Scan",
                                                                "Parent Relationship": "Outer",
                                                                "Parallel Aware": true,
                                                                "Relation Name": "title",
                                                                "Schema": "public",
                                                                "Alias": "t",
                                                                "Startup Cost": 0.0,
                                                                "Total Cost": 43899.01,
                                                                "Plan Rows": 167838,
                                                                "Plan Width": 4,
                                                                "Actual Startup Time": 44.517,
                                                                "Actual Total Time": 83.777,
                                                                "Actual Rows": 110471,
                                                                "Actual Loops": 6,
                                                                "Output": [
                                                                    "t.id"
                                                                ],
                                                                "Filter": "(t.kind_id = 1)",
                                                                "Rows Removed by Filter": 310914,
                                                                "Workers": [
                                                                    {
                                                                        "Worker Number": 0,
                                                                        "Actual Startup Time": 52.303,
                                                                        "Actual Total Time": 83.848,
                                                                        "Actual Rows": 116821,
                                                                        "Actual Loops": 1
                                                                    },
                                                                    {
                                                                        "Worker Number": 1,
                                                                        "Actual Startup Time": 52.463,
                                                                        "Actual Total Time": 84.66,
                                                                        "Actual Rows": 110824,
                                                                        "Actual Loops": 1
                                                                    },
                                                                    {
                                                                        "Worker Number": 2,
                                                                        "Actual Startup Time": 52.254,
                                                                        "Actual Total Time": 83.859,
                                                                        "Actual Rows": 118888,
                                                                        "Actual Loops": 1
                                                                    },
                                                                    {
                                                                        "Worker Number": 3,
                                                                        "Actual Startup Time": 52.217,
                                                                        "Actual Total Time": 84.39,
                                                                        "Actual Rows": 108258,
                                                                        "Actual Loops": 1
                                                                    },
                                                                    {
                                                                        "Worker Number": 4,
                                                                        "Actual Startup Time": 52.202,
                                                                        "Actual Total Time": 84.21,
                                                                        "Actual Rows": 109650,
                                                                        "Actual Loops": 1
                                                                    }
                                                                ]
                                                            }
                                                        ]
                                                    }
                                                ]
                                            }
                                        ]
                                    }
                                ]
                            }
                        ]
                    }
                ]
            }
        ]
    },
    "Planning Time": 1.56,
    "Triggers": [],
    "Execution Time": 2038.309
}