[
  {
    "Plan": {
      "Node Type": "Aggregate",
      "Strategy": "Plain",
      "Partial Mode": "Finalize",
      "Parallel Aware": false,
      "Startup Cost": 333807.06,
      "Total Cost": 333807.07,
      "Plan Rows": 1,
      "Plan Width": 8,
      "Actual Startup Time": 661.577,
      "Actual Total Time": 723.215,
      "Actual Rows": 1,
      "Actual Loops": 1,
      "Plans": [
        {
          "Node Type": "Gather",
          "Parent Relationship": "Outer",
          "Parallel Aware": false,
          "Startup Cost": 333806.43,
          "Total Cost": 333807.04,
          "Plan Rows": 6,
          "Plan Width": 8,
          "Actual Startup Time": 661.44,
          "Actual Total Time": 723.203,
          "Actual Rows": 7,
          "Actual Loops": 1,
          "Workers Planned": 6,
          "Workers Launched": 6,
          "Single Copy": false,
          "Plans": [
            {
              "Node Type": "Aggregate",
              "Strategy": "Plain",
              "Partial Mode": "Partial",
              "Parent Relationship": "Outer",
              "Parallel Aware": false,
              "Startup Cost": 332806.43,
              "Total Cost": 332806.44,
              "Plan Rows": 1,
              "Plan Width": 8,
              "Actual Startup Time": 651.007,
              "Actual Total Time": 651.008,
              "Actual Rows": 1,
              "Actual Loops": 7,
              "Plans": [
                {
                  "Node Type": "Seq Scan",
                  "Parent Relationship": "Outer",
                  "Parallel Aware": true,
                  "Relation Name": "cast_info",
                  "Alias": "ci",
                  "Startup Cost": 0.0,
                  "Total Cost": 328162.03,
                  "Plan Rows": 1857762,
                  "Plan Width": 0,
                  "Actual Startup Time": 288.572,
                  "Actual Total Time": 581.236,
                  "Actual Rows": 1578695,
                  "Actual Loops": 7,
                  "Filter": "(person_id > 2598348)",
                  "Rows Removed by Filter": 3599068
                }
              ]
            }
          ]
        }
      ]
    },
    "Planning Time": 0.176,
    "Triggers": [],
    "Execution Time": 723.285
  }
]