[
  {
    "Plan": {
      "Node Type": "Aggregate",
      "Strategy": "Plain",
      "Partial Mode": "Finalize",
      "Parallel Aware": false,
      "Startup Cost": 189612.91,
      "Total Cost": 189612.92,
      "Plan Rows": 1,
      "Plan Width": 8,
      "Actual Startup Time": 118.811,
      "Actual Total Time": 123.547,
      "Actual Rows": 1,
      "Actual Loops": 1,
      "Plans": [
        {
          "Node Type": "Gather",
          "Parent Relationship": "Outer",
          "Parallel Aware": false,
          "Startup Cost": 189612.39,
          "Total Cost": 189612.9,
          "Plan Rows": 5,
          "Plan Width": 8,
          "Actual Startup Time": 118.536,
          "Actual Total Time": 123.538,
          "Actual Rows": 6,
          "Actual Loops": 1,
          "Workers Planned": 5,
          "Workers Launched": 5,
          "Single Copy": false,
          "Plans": [
            {
              "Node Type": "Aggregate",
              "Strategy": "Plain",
              "Partial Mode": "Partial",
              "Parent Relationship": "Outer",
              "Parallel Aware": false,
              "Startup Cost": 188612.39,
              "Total Cost": 188612.4,
              "Plan Rows": 1,
              "Plan Width": 8,
              "Actual Startup Time": 110.886,
              "Actual Total Time": 110.887,
              "Actual Rows": 1,
              "Actual Loops": 6,
              "Plans": [
                {
                  "Node Type": "Bitmap Heap Scan",
                  "Parent Relationship": "Outer",
                  "Parallel Aware": true,
                  "Relation Name": "movie_info",
                  "Alias": "mi",
                  "Startup Cost": 22837.73,
                  "Total Cost": 187982.11,
                  "Plan Rows": 252111,
                  "Plan Width": 0,
                  "Actual Startup Time": 50.25,
                  "Actual Total Time": 97.179,
                  "Actual Rows": 214821,
                  "Actual Loops": 6,
                  "Recheck Cond": "(info_type_id = 2)",
                  "Rows Removed by Index Recheck": 0,
                  "Exact Heap Blocks": 2574,
                  "Lossy Heap Blocks": 0,
                  "Plans": [
                    {
                      "Node Type": "Bitmap Index Scan",
                      "Parent Relationship": "Outer",
                      "Parallel Aware": false,
                      "Index Name": "info_type_id_movie_info",
                      "Startup Cost": 0.0,
                      "Total Cost": 22522.59,
                      "Plan Rows": 1260554,
                      "Plan Width": 0,
                      "Actual Startup Time": 55.695,
                      "Actual Total Time": 55.696,
                      "Actual Rows": 1288928,
                      "Actual Loops": 1,
                      "Index Cond": "(info_type_id = 2)"
                    }
                  ]
                }
              ]
            }
          ]
        }
      ]
    },
    "Planning Time": 0.12,
    "Triggers": [],
    "Execution Time": 123.6
  }
]