[
  {
    "Plan": {
      "Node Type": "Aggregate",
      "Strategy": "Plain",
      "Partial Mode": "Finalize",
      "Parallel Aware": false,
      "Startup Cost": 399269.51,
      "Total Cost": 399269.52,
      "Plan Rows": 1,
      "Plan Width": 8,
      "Actual Startup Time": 1125.938,
      "Actual Total Time": 1184.248,
      "Actual Rows": 1,
      "Actual Loops": 1,
      "Plans": [
        {
          "Node Type": "Gather",
          "Parent Relationship": "Outer",
          "Parallel Aware": false,
          "Startup Cost": 399268.88,
          "Total Cost": 399269.49,
          "Plan Rows": 6,
          "Plan Width": 8,
          "Actual Startup Time": 1115.285,
          "Actual Total Time": 1184.22,
          "Actual Rows": 7,
          "Actual Loops": 1,
          "Workers Planned": 6,
          "Workers Launched": 6,
          "Single Copy": false,
          "Plans": [
            {
              "Node Type": "Aggregate",
              "Strategy": "Plain",
              "Partial Mode": "Partial",
              "Parent Relationship": "Outer",
              "Parallel Aware": false,
              "Startup Cost": 398268.88,
              "Total Cost": 398268.89,
              "Plan Rows": 1,
              "Plan Width": 8,
              "Actual Startup Time": 1107.22,
              "Actual Total Time": 1107.455,
              "Actual Rows": 1,
              "Actual Loops": 7,
              "Plans": [
                {
                  "Node Type": "Hash Join",
                  "Parent Relationship": "Outer",
                  "Parallel Aware": true,
                  "Join Type": "Inner",
                  "Startup Cost": 65784.55,
                  "Total Cost": 397872.54,
                  "Plan Rows": 158535,
                  "Plan Width": 0,
                  "Actual Startup Time": 259.306,
                  "Actual Total Time": 1084.152,
                  "Actual Rows": 482976,
                  "Actual Loops": 7,
                  "Inner Unique": false,
                  "Hash Cond": "(ci.movie_id = t.id)",
                  "Plans": [
                    {
                      "Node Type": "Seq Scan",
                      "Parent Relationship": "Outer",
                      "Parallel Aware": true,
                      "Relation Name": "cast_info",
                      "Alias": "ci",
                      "Startup Cost": 0.0,
                      "Total Cost": 328211.39,
                      "Plan Rows": 857612,
                      "Plan Width": 4,
                      "Actual Startup Time": 0.039,
                      "Actual Total Time": 607.209,
                      "Actual Rows": 758768,
                      "Actual Loops": 7,
                      "Filter": "(person_id < 513347)",
                      "Rows Removed by Filter": 4418995
                    },
                    {
                      "Node Type": "Hash",
                      "Parent Relationship": "Inner",
                      "Parallel Aware": true,
                      "Startup Cost": 63350.2,
                      "Total Cost": 63350.2,
                      "Plan Rows": 194748,
                      "Plan Width": 8,
                      "Actual Startup Time": 257.577,
                      "Actual Total Time": 257.811,
                      "Actual Rows": 117131,
                      "Actual Loops": 7,
                      "Hash Buckets": 1048576,
                      "Original Hash Buckets": 524288,
                      "Hash Batches": 1,
                      "Original Hash Batches": 1,
                      "Peak Memory Usage": 44480,
                      "Plans": [
                        {
                          "Node Type": "Hash Join",
                          "Parent Relationship": "Outer",
                          "Parallel Aware": true,
                          "Join Type": "Inner",
                          "Startup Cost": 48155.64,
                          "Total Cost": 63350.2,
                          "Plan Rows": 194748,
                          "Plan Width": 8,
                          "Actual Startup Time": 130.806,
                          "Actual Total Time": 201.914,
                          "Actual Rows": 117131,
                          "Actual Loops": 7,
                          "Inner Unique": true,
                          "Hash Cond": "(mi_idx.movie_id = t.id)",
                          "Plans": [
                            {
                              "Node Type": "Seq Scan",
                              "Parent Relationship": "Outer",
                              "Parallel Aware": true,
                              "Relation Name": "movie_info_idx",
                              "Alias": "mi_idx",
                              "Startup Cost": 0.0,
                              "Total Cost": 13685.15,
                              "Plan Rows": 575015,
                              "Plan Width": 4,
                              "Actual Startup Time": 0.016,
                              "Actual Total Time": 22.755,
                              "Actual Rows": 197148,
                              "Actual Loops": 7
                            },
                            {
                              "Node Type": "Hash",
                              "Parent Relationship": "Inner",
                              "Parallel Aware": true,
                              "Startup Cost": 45479.59,
                              "Total Cost": 45479.59,
                              "Plan Rows": 214084,
                              "Plan Width": 4,
                              "Actual Startup Time": 129.543,
                              "Actual Total Time": 129.545,
                              "Actual Rows": 109993,
                              "Actual Loops": 7,
                              "Hash Buckets": 1048576,
                              "Original Hash Buckets": 1048576,
                              "Hash Batches": 1,
                              "Original Hash Batches": 1,
                              "Peak Memory Usage": 38432,
                              "Plans": [
                                {
                                  "Node Type": "Seq Scan",
                                  "Parent Relationship": "Outer",
                                  "Parallel Aware": true,
                                  "Relation Name": "title",
                                  "Alias": "t",
                                  "Startup Cost": 0.0,
                                  "Total Cost": 45479.59,
                                  "Plan Rows": 214084,
                                  "Plan Width": 4,
                                  "Actual Startup Time": 0.047,
                                  "Actual Total Time": 78.457,
                                  "Actual Rows": 109993,
                                  "Actual Loops": 7,
                                  "Filter": "((kind_id < 7) AND (production_year > 1962))",
                                  "Rows Removed by Filter": 251194
                                }
                              ]
                            }
                          ]
                        }
                      ]
                    }
                  ]
                }
              ]
            }
          ]
        }
      ]
    },
    "Planning Time": 0.542,
    "Triggers": [],
    "Execution Time": 1184.308
  }
]