[
  {
    "Plan": {
      "Node Type": "Aggregate",
      "Strategy": "Plain",
      "Partial Mode": "Finalize",
      "Parallel Aware": false,
      "Startup Cost": 103087.9,
      "Total Cost": 103087.91,
      "Plan Rows": 1,
      "Plan Width": 8,
      "Actual Startup Time": 687.535,
      "Actual Total Time": 706.225,
      "Actual Rows": 1,
      "Actual Loops": 1,
      "Plans": [
        {
          "Node Type": "Gather",
          "Parent Relationship": "Outer",
          "Parallel Aware": false,
          "Startup Cost": 103087.69,
          "Total Cost": 103087.9,
          "Plan Rows": 2,
          "Plan Width": 8,
          "Actual Startup Time": 678.008,
          "Actual Total Time": 706.216,
          "Actual Rows": 3,
          "Actual Loops": 1,
          "Workers Planned": 2,
          "Workers Launched": 2,
          "Single Copy": false,
          "Plans": [
            {
              "Node Type": "Aggregate",
              "Strategy": "Plain",
              "Partial Mode": "Partial",
              "Parent Relationship": "Outer",
              "Parallel Aware": false,
              "Startup Cost": 102087.69,
              "Total Cost": 102087.7,
              "Plan Rows": 1,
              "Plan Width": 8,
              "Actual Startup Time": 671.001,
              "Actual Total Time": 671.006,
              "Actual Rows": 1,
              "Actual Loops": 3,
              "Plans": [
                {
                  "Node Type": "Hash Join",
                  "Parent Relationship": "Outer",
                  "Parallel Aware": true,
                  "Join Type": "Inner",
                  "Startup Cost": 85215.09,
                  "Total Cost": 101954.44,
                  "Plan Rows": 53301,
                  "Plan Width": 0,
                  "Actual Startup Time": 586.181,
                  "Actual Total Time": 663.562,
                  "Actual Rows": 180398,
                  "Actual Loops": 3,
                  "Inner Unique": false,
                  "Hash Cond": "(mi_idx.movie_id = t.id)",
                  "Plans": [
                    {
                      "Node Type": "Seq Scan",
                      "Parent Relationship": "Outer",
                      "Parallel Aware": true,
                      "Relation Name": "movie_info_idx",
                      "Alias": "mi_idx",
                      "Startup Cost": 0.0,
                      "Total Cost": 15122.68,
                      "Plan Rows": 385260,
                      "Plan Width": 4,
                      "Actual Startup Time": 0.035,
                      "Actual Total Time": 45.109,
                      "Actual Rows": 306703,
                      "Actual Loops": 3,
                      "Filter": "(info_type_id > 99)",
                      "Rows Removed by Filter": 153308
                    },
                    {
                      "Node Type": "Hash",
                      "Parent Relationship": "Inner",
                      "Parallel Aware": true,
                      "Startup Cost": 83804.57,
                      "Total Cost": 83804.57,
                      "Plan Rows": 112842,
                      "Plan Width": 8,
                      "Actual Startup Time": 566.313,
                      "Actual Total Time": 566.317,
                      "Actual Rows": 116308,
                      "Actual Loops": 3,
                      "Hash Buckets": 524288,
                      "Original Hash Buckets": 524288,
                      "Hash Batches": 1,
                      "Original Hash Batches": 1,
                      "Peak Memory Usage": 17760,
                      "Plans": [
                        {
                          "Node Type": "Hash Join",
                          "Parent Relationship": "Outer",
                          "Parallel Aware": true,
                          "Join Type": "Inner",
                          "Startup Cost": 57643.83,
                          "Total Cost": 83804.57,
                          "Plan Rows": 112842,
                          "Plan Width": 8,
                          "Actual Startup Time": 449.679,
                          "Actual Total Time": 536.496,
                          "Actual Rows": 116308,
                          "Actual Loops": 3,
                          "Inner Unique": true,
                          "Hash Cond": "(mk.movie_id = t.id)",
                          "Plans": [
                            {
                              "Node Type": "Bitmap Heap Scan",
                              "Parent Relationship": "Outer",
                              "Parallel Aware": true,
                              "Relation Name": "movie_keyword",
                              "Alias": "mk",
                              "Startup Cost": 7423.45,
                              "Total Cost": 33287.97,
                              "Plan Rows": 112842,
                              "Plan Width": 4,
                              "Actual Startup Time": 21.515,
                              "Actual Total Time": 71.318,
                              "Actual Rows": 116308,
                              "Actual Loops": 3,
                              "Recheck Cond": "(keyword_id > 47730)",
                              "Rows Removed by Index Recheck": 0,
                              "Exact Heap Blocks": 9106,
                              "Lossy Heap Blocks": 0,
                              "Plans": [
                                {
                                  "Node Type": "Bitmap Index Scan",
                                  "Parent Relationship": "Outer",
                                  "Parallel Aware": false,
                                  "Index Name": "keyword_id_movie_keyword",
                                  "Startup Cost": 0.0,
                                  "Total Cost": 7336.0,
                                  "Plan Rows": 349809,
                                  "Plan Width": 0,
                                  "Actual Startup Time": 18.321,
                                  "Actual Total Time": 18.322,
                                  "Actual Rows": 348923,
                                  "Actual Loops": 1,
                                  "Index Cond": "(keyword_id > 47730)"
                                }
                              ]
                            },
                            {
                              "Node Type": "Hash",
                              "Parent Relationship": "Inner",
                              "Parallel Aware": true,
                              "Startup Cost": 42319.06,
                              "Total Cost": 42319.06,
                              "Plan Rows": 632106,
                              "Plan Width": 4,
                              "Actual Startup Time": 416.346,
                              "Actual Total Time": 416.347,
                              "Actual Rows": 842771,
                              "Actual Loops": 3,
                              "Hash Buckets": 4194304,
                              "Original Hash Buckets": 4194304,
                              "Hash Batches": 1,
                              "Original Hash Batches": 1,
                              "Peak Memory Usage": 131744,
                              "Plans": [
                                {
                                  "Node Type": "Seq Scan",
                                  "Parent Relationship": "Outer",
                                  "Parallel Aware": true,
                                  "Relation Name": "title",
                                  "Alias": "t",
                                  "Startup Cost": 0.0,
                                  "Total Cost": 42319.06,
                                  "Plan Rows": 632106,
                                  "Plan Width": 4,
                                  "Actual Startup Time": 0.05,
                                  "Actual Total Time": 119.571,
                                  "Actual Rows": 842771,
                                  "Actual Loops": 3
                                }
                              ]
                            }
                          ]
                        }
                      ]
                    }
                  ]
                }
              ]
            }
          ]
        }
      ]
    },
    "Planning Time": 1.253,
    "Triggers": [],
    "Execution Time": 706.322
  }
]