[
    {
        "Bao": {
            "Bao prediction": "NaN",
            "Bao recommended hint": "(no hint)"
        }
    },
    {
        "Plan": {
            "Node Type": "Aggregate",
            "Strategy": "Plain",
            "Partial Mode": "Finalize",
            "Parallel Aware": false,
            "Startup Cost": 375341.48,
            "Total Cost": 375341.49,
            "Plan Rows": 1,
            "Plan Width": 8,
            "Actual Startup Time": 755.649,
            "Actual Total Time": 776.497,
            "Actual Rows": 1,
            "Actual Loops": 1,
            "Output": [
                "count(*)"
            ],
            "Plans": [
                {
                    "Node Type": "Gather",
                    "Parent Relationship": "Outer",
                    "Parallel Aware": false,
                    "Startup Cost": 375341.16,
                    "Total Cost": 375341.47,
                    "Plan Rows": 3,
                    "Plan Width": 8,
                    "Actual Startup Time": 738.252,
                    "Actual Total Time": 776.487,
                    "Actual Rows": 4,
                    "Actual Loops": 1,
                    "Output": [
                        "(PARTIAL count(*))"
                    ],
                    "Workers Planned": 3,
                    "Workers Launched": 3,
                    "Single Copy": false,
                    "Plans": [
                        {
                            "Node Type": "Aggregate",
                            "Strategy": "Plain",
                            "Partial Mode": "Partial",
                            "Parent Relationship": "Outer",
                            "Parallel Aware": false,
                            "Startup Cost": 374341.16,
                            "Total Cost": 374341.17,
                            "Plan Rows": 1,
                            "Plan Width": 8,
                            "Actual Startup Time": 719.385,
                            "Actual Total Time": 719.391,
                            "Actual Rows": 1,
                            "Actual Loops": 4,
                            "Output": [
                                "PARTIAL count(*)"
                            ],
                            "Workers": [
                                {
                                    "Worker Number": 0,
                                    "Actual Startup Time": 713.164,
                                    "Actual Total Time": 713.169,
                                    "Actual Rows": 1,
                                    "Actual Loops": 1
                                },
                                {
                                    "Worker Number": 1,
                                    "Actual Startup Time": 713.127,
                                    "Actual Total Time": 713.133,
                                    "Actual Rows": 1,
                                    "Actual Loops": 1
                                },
                                {
                                    "Worker Number": 2,
                                    "Actual Startup Time": 713.34,
                                    "Actual Total Time": 713.344,
                                    "Actual Rows": 1,
                                    "Actual Loops": 1
                                }
                            ],
                            "Plans": [
                                {
                                    "Node Type": "Hash Join",
                                    "Parent Relationship": "Outer",
                                    "Parallel Aware": true,
                                    "Join Type": "Inner",
                                    "Startup Cost": 325683.64,
                                    "Total Cost": 373885.37,
                                    "Plan Rows": 182316,
                                    "Plan Width": 0,
                                    "Actual Startup Time": 445.498,
                                    "Actual Total Time": 687.687,
                                    "Actual Rows": 795078,
                                    "Actual Loops": 4,
                                    "Inner Unique": false,
                                    "Hash Cond": "(mk.movie_id = t.id)",
                                    "Workers": [
                                        {
                                            "Worker Number": 0,
                                            "Actual Startup Time": 439.464,
                                            "Actual Total Time": 681.753,
                                            "Actual Rows": 772849,
                                            "Actual Loops": 1
                                        },
                                        {
                                            "Worker Number": 1,
                                            "Actual Startup Time": 439.282,
                                            "Actual Total Time": 681.105,
                                            "Actual Rows": 801996,
                                            "Actual Loops": 1
                                        },
                                        {
                                            "Worker Number": 2,
                                            "Actual Startup Time": 439.193,
                                            "Actual Total Time": 682.344,
                                            "Actual Rows": 776305,
                                            "Actual Loops": 1
                                        }
                                    ],
                                    "Plans": [
                                        {
                                            "Node Type": "Seq Scan",
                                            "Parent Relationship": "Outer",
                                            "Parallel Aware": true,
                                            "Relation Name": "movie_keyword",
                                            "Schema": "public",
                                            "Alias": "mk",
                                            "Startup Cost": 0.0,
                                            "Total Cost": 42695.65,
                                            "Plan Rows": 1371053,
                                            "Plan Width": 4,
                                            "Actual Startup Time": 0.023,
                                            "Actual Total Time": 105.379,
                                            "Actual Rows": 1063917,
                                            "Actual Loops": 4,
                                            "Output": [
                                                "mk.id",
                                                "mk.movie_id",
                                                "mk.keyword_id"
                                            ],
                                            "Filter": "(mk.keyword_id > 229)",
                                            "Rows Removed by Filter": 67065,
                                            "Workers": [
                                                {
                                                    "Worker Number": 0,
                                                    "Actual Startup Time": 0.025,
                                                    "Actual Total Time": 106.68,
                                                    "Actual Rows": 1010411,
                                                    "Actual Loops": 1
                                                },
                                                {
                                                    "Worker Number": 1,
                                                    "Actual Startup Time": 0.036,
                                                    "Actual Total Time": 106.288,
                                                    "Actual Rows": 1048877,
                                                    "Actual Loops": 1
                                                },
                                                {
                                                    "Worker Number": 2,
                                                    "Actual Startup Time": 0.019,
                                                    "Actual Total Time": 107.754,
                                                    "Actual Rows": 1063097,
                                                    "Actual Loops": 1
                                                }
                                            ]
                                        },
                                        {
                                            "Node Type": "Hash",
                                            "Parent Relationship": "Inner",
                                            "Parallel Aware": true,
                                            "Startup Cost": 324843.13,
                                            "Total Cost": 324843.13,
                                            "Plan Rows": 67241,
                                            "Plan Width": 8,
                                            "Actual Startup Time": 443.206,
                                            "Actual Total Time": 443.21,
                                            "Actual Rows": 90074,
                                            "Actual Loops": 4,
                                            "Output": [
                                                "t.id",
                                                "ci.movie_id"
                                            ],
                                            "Hash Buckets": 524288,
                                            "Original Hash Buckets": 524288,
                                            "Hash Batches": 1,
                                            "Original Hash Batches": 1,
                                            "Peak Memory Usage": 18240,
                                            "Workers": [
                                                {
                                                    "Worker Number": 0,
                                                    "Actual Startup Time": 438.721,
                                                    "Actual Total Time": 438.725,
                                                    "Actual Rows": 81710,
                                                    "Actual Loops": 1
                                                },
                                                {
                                                    "Worker Number": 1,
                                                    "Actual Startup Time": 438.631,
                                                    "Actual Total Time": 438.635,
                                                    "Actual Rows": 88346,
                                                    "Actual Loops": 1
                                                },
                                                {
                                                    "Worker Number": 2,
                                                    "Actual Startup Time": 438.593,
                                                    "Actual Total Time": 438.595,
                                                    "Actual Rows": 92085,
                                                    "Actual Loops": 1
                                                }
                                            ],
                                            "Plans": [
                                                {
                                                    "Node Type": "Hash Join",
                                                    "Parent Relationship": "Outer",
                                                    "Parallel Aware": true,
                                                    "Join Type": "Inner",
                                                    "Startup Cost": 57645.96,
                                                    "Total Cost": 324843.13,
                                                    "Plan Rows": 67241,
                                                    "Plan Width": 8,
                                                    "Actual Startup Time": 347.166,
                                                    "Actual Total Time": 412.005,
                                                    "Actual Rows": 90074,
                                                    "Actual Loops": 4,
                                                    "Output": [
                                                        "t.id",
                                                        "ci.movie_id"
                                                    ],
                                                    "Inner Unique": true,
                                                    "Hash Cond": "(ci.movie_id = t.id)",
                                                    "Workers": [
                                                        {
                                                            "Worker Number": 0,
                                                            "Actual Startup Time": 342.627,
                                                            "Actual Total Time": 405.921,
                                                            "Actual Rows": 81710,
                                                            "Actual Loops": 1
                                                        },
                                                        {
                                                            "Worker Number": 1,
                                                            "Actual Startup Time": 342.596,
                                                            "Actual Total Time": 407.879,
                                                            "Actual Rows": 88346,
                                                            "Actual Loops": 1
                                                        },
                                                        {
                                                            "Worker Number": 2,
                                                            "Actual Startup Time": 342.56,
                                                            "Actual Total Time": 407.773,
                                                            "Actual Rows": 92085,
                                                            "Actual Loops": 1
                                                        }
                                                    ],
                                                    "Plans": [
                                                        {
                                                            "Node Type": "Bitmap Heap Scan",
                                                            "Parent Relationship": "Outer",
                                                            "Parallel Aware": true,
                                                            "Relation Name": "cast_info",
                                                            "Schema": "public",
                                                            "Alias": "ci",
                                                            "Startup Cost": 7426.15,
                                                            "Total Cost": 274446.81,
                                                            "Plan Rows": 67241,
                                                            "Plan Width": 4,
                                                            "Actual Startup Time": 12.805,
                                                            "Actual Total Time": 27.527,
                                                            "Actual Rows": 90074,
                                                            "Actual Loops": 4,
                                                            "Output": [
                                                                "ci.id",
                                                                "ci.person_id",
                                                                "ci.movie_id",
                                                                "ci.person_role_id",
                                                                "ci.note",
                                                                "ci.nr_order",
                                                                "ci.role_id"
                                                            ],
                                                            "Recheck Cond": "(ci.person_id > 3995666)",
                                                            "Rows Removed by Index Recheck": 0,
                                                            "Exact Heap Blocks": 1269,
                                                            "Lossy Heap Blocks": 0,
                                                            "Workers": [
                                                                {
                                                                    "Worker Number": 0,
                                                                    "Actual Startup Time": 12.787,
                                                                    "Actual Total Time": 28.173,
                                                                    "Actual Rows": 81710,
                                                                    "Actual Loops": 1
                                                                },
                                                                {
                                                                    "Worker Number": 1,
                                                                    "Actual Startup Time": 12.859,
                                                                    "Actual Total Time": 28.448,
                                                                    "Actual Rows": 88346,
                                                                    "Actual Loops": 1
                                                                },
                                                                {
                                                                    "Worker Number": 2,
                                                                    "Actual Startup Time": 12.858,
                                                                    "Actual Total Time": 28.415,
                                                                    "Actual Rows": 92085,
                                                                    "Actual Loops": 1
                                                                }
                                                            ],
                                                            "Plans": [
                                                                {
                                                                    "Node Type": "Bitmap Index Scan",
                                                                    "Parent Relationship": "Outer",
                                                                    "Parallel Aware": false,
                                                                    "Index Name": "person_id_cast_info",
                                                                    "Startup Cost": 0.0,
                                                                    "Total Cost": 7342.1,
                                                                    "Plan Rows": 336205,
                                                                    "Plan Width": 0,
                                                                    "Actual Startup Time": 12.086,
                                                                    "Actual Total Time": 12.087,
                                                                    "Actual Rows": 360297,
                                                                    "Actual Loops": 1,
                                                                    "Index Cond": "(ci.person_id > 3995666)"
                                                                }
                                                            ]
                                                        },
                                                        {
                                                            "Node Type": "Hash",
                                                            "Parent Relationship": "Inner",
                                                            "Parallel Aware": true,
                                                            "Startup Cost": 42318.81,
                                                            "Total Cost": 42318.81,
                                                            "Plan Rows": 632080,
                                                            "Plan Width": 4,
                                                            "Actual Startup Time": 327.041,
                                                            "Actual Total Time": 327.042,
                                                            "Actual Rows": 632078,
                                                            "Actual Loops": 4,
                                                            "Output": [
                                                                "t.id"
                                                            ],
                                                            "Hash Buckets": 4194304,
                                                            "Original Hash Buckets": 4194304,
                                                            "Hash Batches": 1,
                                                            "Original Hash Batches": 1,
                                                            "Peak Memory Usage": 131744,
                                                            "Workers": [
                                                                {
                                                                    "Worker Number": 0,
                                                                    "Actual Startup Time": 329.772,
                                                                    "Actual Total Time": 329.773,
                                                                    "Actual Rows": 566622,
                                                                    "Actual Loops": 1
                                                                },
                                                                {
                                                                    "Worker Number": 1,
                                                                    "Actual Startup Time": 329.622,
                                                                    "Actual Total Time": 329.623,
                                                                    "Actual Rows": 614786,
                                                                    "Actual Loops": 1
                                                                },
                                                                {
                                                                    "Worker Number": 2,
                                                                    "Actual Startup Time": 329.633,
                                                                    "Actual Total Time": 329.634,
                                                                    "Actual Rows": 608203,
                                                                    "Actual Loops": 1
                                                                }
                                                            ],
                                                            "Plans": [
                                                                {
                                                                    "Node Type": "Seq Scan",
                                                                    "Parent Relationship": "Outer",
                                                                    "Parallel Aware": true,
                                                                    "Relation Name": "title",
                                                                    "Schema": "public",
                                                                    "Alias": "t",
                                                                    "Startup Cost": 0.0,
                                                                    "Total Cost": 42318.81,
                                                                    "Plan Rows": 632080,
                                                                    "Plan Width": 4,
                                                                    "Actual Startup Time": 0.031,
                                                                    "Actual Total Time": 89.89,
                                                                    "Actual Rows": 632078,
                                                                    "Actual Loops": 4,
                                                                    "Output": [
                                                                        "t.id"
                                                                    ],
                                                                    "Workers": [
                                                                        {
                                                                            "Worker Number": 0,
                                                                            "Actual Startup Time": 0.032,
                                                                            "Actual Total Time": 92.535,
                                                                            "Actual Rows": 566622,
                                                                            "Actual Loops": 1
                                                                        },
                                                                        {
                                                                            "Worker Number": 1,
                                                                            "Actual Startup Time": 0.038,
                                                                            "Actual Total Time": 94.279,
                                                                            "Actual Rows": 614786,
                                                                            "Actual Loops": 1
                                                                        },
                                                                        {
                                                                            "Worker Number": 2,
                                                                            "Actual Startup Time": 0.039,
                                                                            "Actual Total Time": 93.034,
                                                                            "Actual Rows": 608203,
                                                                            "Actual Loops": 1
                                                                        }
                                                                    ]
                                                                }
                                                            ]
                                                        }
                                                    ]
                                                }
                                            ]
                                        }
                                    ]
                                }
                            ]
                        }
                    ]
                }
            ]
        },
        "Planning Time": 195.666,
        "Triggers": [],
        "Execution Time": 776.579
    }
]