[
  {
    "Plan": {
      "Node Type": "Aggregate",
      "Strategy": "Plain",
      "Partial Mode": "Finalize",
      "Parallel Aware": false,
      "Startup Cost": 285068.35,
      "Total Cost": 285068.36,
      "Plan Rows": 1,
      "Plan Width": 8,
      "Actual Startup Time": 1154.309,
      "Actual Total Time": 1207.51,
      "Actual Rows": 1,
      "Actual Loops": 1,
      "Plans": [
        {
          "Node Type": "Gather",
          "Parent Relationship": "Outer",
          "Parallel Aware": false,
          "Startup Cost": 285067.82,
          "Total Cost": 285068.33,
          "Plan Rows": 5,
          "Plan Width": 8,
          "Actual Startup Time": 1148.144,
          "Actual Total Time": 1207.499,
          "Actual Rows": 6,
          "Actual Loops": 1,
          "Workers Planned": 5,
          "Workers Launched": 5,
          "Single Copy": false,
          "Plans": [
            {
              "Node Type": "Aggregate",
              "Strategy": "Plain",
              "Partial Mode": "Partial",
              "Parent Relationship": "Outer",
              "Parallel Aware": false,
              "Startup Cost": 284067.82,
              "Total Cost": 284067.83,
              "Plan Rows": 1,
              "Plan Width": 8,
              "Actual Startup Time": 1137.418,
              "Actual Total Time": 1137.424,
              "Actual Rows": 1,
              "Actual Loops": 6,
              "Plans": [
                {
                  "Node Type": "Hash Join",
                  "Parent Relationship": "Outer",
                  "Parallel Aware": true,
                  "Join Type": "Inner",
                  "Startup Cost": 68295.66,
                  "Total Cost": 281744.73,
                  "Plan Rows": 929236,
                  "Plan Width": 0,
                  "Actual Startup Time": 354.351,
                  "Actual Total Time": 1107.358,
                  "Actual Rows": 567010,
                  "Actual Loops": 6,
                  "Inner Unique": false,
                  "Hash Cond": "(mi.movie_id = t.id)",
                  "Plans": [
                    {
                      "Node Type": "Seq Scan",
                      "Parent Relationship": "Outer",
                      "Parallel Aware": true,
                      "Relation Name": "movie_info",
                      "Alias": "mi",
                      "Startup Cost": 0.0,
                      "Total Cost": 199108.24,
                      "Plan Rows": 2791737,
                      "Plan Width": 4,
                      "Actual Startup Time": 0.068,
                      "Actual Total Time": 413.19,
                      "Actual Rows": 2327249,
                      "Actual Loops": 6,
                      "Filter": "(info_type_id < 98)",
                      "Rows Removed by Filter": 145371
                    },
                    {
                      "Node Type": "Hash",
                      "Parent Relationship": "Inner",
                      "Parallel Aware": true,
                      "Startup Cost": 63912.37,
                      "Total Cost": 63912.37,
                      "Plan Rows": 350663,
                      "Plan Width": 8,
                      "Actual Startup Time": 349.613,
                      "Actual Total Time": 349.617,
                      "Actual Rows": 70953,
                      "Actual Loops": 6,
                      "Hash Buckets": 1048576,
                      "Original Hash Buckets": 1048576,
                      "Hash Batches": 1,
                      "Original Hash Batches": 1,
                      "Peak Memory Usage": 24960,
                      "Plans": [
                        {
                          "Node Type": "Hash Join",
                          "Parent Relationship": "Outer",
                          "Parallel Aware": true,
                          "Join Type": "Inner",
                          "Startup Cost": 48717.81,
                          "Total Cost": 63912.37,
                          "Plan Rows": 350663,
                          "Plan Width": 8,
                          "Actual Startup Time": 237.075,
                          "Actual Total Time": 318.924,
                          "Actual Rows": 70953,
                          "Actual Loops": 6,
                          "Inner Unique": true,
                          "Hash Cond": "(mi_idx.movie_id = t.id)",
                          "Plans": [
                            {
                              "Node Type": "Seq Scan",
                              "Parent Relationship": "Outer",
                              "Parallel Aware": true,
                              "Relation Name": "movie_info_idx",
                              "Alias": "mi_idx",
                              "Startup Cost": 0.0,
                              "Total Cost": 13685.15,
                              "Plan Rows": 575015,
                              "Plan Width": 4,
                              "Actual Startup Time": 0.014,
                              "Actual Total Time": 25.832,
                              "Actual Rows": 230006,
                              "Actual Loops": 6
                            },
                            {
                              "Node Type": "Hash",
                              "Parent Relationship": "Inner",
                              "Parallel Aware": true,
                              "Startup Cost": 43899.32,
                              "Total Cost": 43899.32,
                              "Plan Rows": 385479,
                              "Plan Width": 4,
                              "Actual Startup Time": 233.378,
                              "Actual Total Time": 233.379,
                              "Actual Rows": 257211,
                              "Actual Loops": 6,
                              "Hash Buckets": 2097152,
                              "Original Hash Buckets": 2097152,
                              "Hash Batches": 1,
                              "Original Hash Batches": 1,
                              "Peak Memory Usage": 76832,
                              "Plans": [
                                {
                                  "Node Type": "Seq Scan",
                                  "Parent Relationship": "Outer",
                                  "Parallel Aware": true,
                                  "Relation Name": "title",
                                  "Alias": "t",
                                  "Startup Cost": 0.0,
                                  "Total Cost": 43899.32,
                                  "Plan Rows": 385479,
                                  "Plan Width": 4,
                                  "Actual Startup Time": 0.065,
                                  "Actual Total Time": 95.206,
                                  "Actual Rows": 257211,
                                  "Actual Loops": 6,
                                  "Filter": "(kind_id = 7)",
                                  "Rows Removed by Filter": 164175
                                }
                              ]
                            }
                          ]
                        }
                      ]
                    }
                  ]
                }
              ]
            }
          ]
        }
      ]
    },
    "Planning Time": 1.401,
    "Triggers": [],
    "Execution Time": 1207.605
  }
]