[
  {
    "Plan": {
      "Node Type": "Aggregate",
      "Strategy": "Plain",
      "Partial Mode": "Finalize",
      "Parallel Aware": false,
      "Startup Cost": 291621.51,
      "Total Cost": 291621.52,
      "Plan Rows": 1,
      "Plan Width": 8,
      "Actual Startup Time": 867.999,
      "Actual Total Time": 955.49,
      "Actual Rows": 1,
      "Actual Loops": 1,
      "Plans": [
        {
          "Node Type": "Gather",
          "Parent Relationship": "Outer",
          "Parallel Aware": false,
          "Startup Cost": 291620.98,
          "Total Cost": 291621.49,
          "Plan Rows": 5,
          "Plan Width": 8,
          "Actual Startup Time": 866.834,
          "Actual Total Time": 955.478,
          "Actual Rows": 6,
          "Actual Loops": 1,
          "Workers Planned": 5,
          "Workers Launched": 5,
          "Single Copy": false,
          "Plans": [
            {
              "Node Type": "Aggregate",
              "Strategy": "Plain",
              "Partial Mode": "Partial",
              "Parent Relationship": "Outer",
              "Parallel Aware": false,
              "Startup Cost": 290620.98,
              "Total Cost": 290620.99,
              "Plan Rows": 1,
              "Plan Width": 8,
              "Actual Startup Time": 856.013,
              "Actual Total Time": 856.017,
              "Actual Rows": 1,
              "Actual Loops": 6,
              "Plans": [
                {
                  "Node Type": "Nested Loop",
                  "Parent Relationship": "Outer",
                  "Parallel Aware": false,
                  "Join Type": "Inner",
                  "Startup Cost": 38966.67,
                  "Total Cost": 289797.37,
                  "Plan Rows": 329446,
                  "Plan Width": 0,
                  "Actual Startup Time": 200.859,
                  "Actual Total Time": 841.391,
                  "Actual Rows": 255408,
                  "Actual Loops": 6,
                  "Inner Unique": false,
                  "Join Filter": "(t.id = ci.movie_id)",
                  "Rows Removed by Join Filter": 0,
                  "Plans": [
                    {
                      "Node Type": "Hash Join",
                      "Parent Relationship": "Outer",
                      "Parallel Aware": true,
                      "Join Type": "Inner",
                      "Startup Cost": 38966.11,
                      "Total Cost": 239484.01,
                      "Plan Rows": 22991,
                      "Plan Width": 8,
                      "Actual Startup Time": 200.732,
                      "Actual Total Time": 422.768,
                      "Actual Rows": 16139,
                      "Actual Loops": 6,
                      "Inner Unique": true,
                      "Hash Cond": "(mi.movie_id = t.id)",
                      "Plans": [
                        {
                          "Node Type": "Seq Scan",
                          "Parent Relationship": "Outer",
                          "Parallel Aware": true,
                          "Relation Name": "movie_info",
                          "Alias": "mi",
                          "Startup Cost": 0.0,
                          "Total Cost": 198952.16,
                          "Plan Rows": 596472,
                          "Plan Width": 4,
                          "Actual Startup Time": 69.438,
                          "Actual Total Time": 291.858,
                          "Actual Rows": 506120,
                          "Actual Loops": 6,
                          "Filter": "(info_type_id = 16)",
                          "Rows Removed by Filter": 1966500
                        },
                        {
                          "Node Type": "Hash",
                          "Parent Relationship": "Inner",
                          "Parallel Aware": true,
                          "Startup Cost": 38661.56,
                          "Total Cost": 38661.56,
                          "Plan Rows": 24364,
                          "Plan Width": 4,
                          "Actual Startup Time": 56.803,
                          "Actual Total Time": 56.805,
                          "Actual Rows": 19646,
                          "Actual Loops": 6,
                          "Hash Buckets": 131072,
                          "Original Hash Buckets": 131072,
                          "Hash Batches": 1,
                          "Original Hash Batches": 1,
                          "Peak Memory Usage": 5728,
                          "Plans": [
                            {
                              "Node Type": "Bitmap Heap Scan",
                              "Parent Relationship": "Outer",
                              "Parallel Aware": true,
                              "Relation Name": "title",
                              "Alias": "t",
                              "Startup Cost": 2205.3,
                              "Total Cost": 38661.56,
                              "Plan Rows": 24364,
                              "Plan Width": 4,
                              "Actual Startup Time": 14.396,
                              "Actual Total Time": 47.697,
                              "Actual Rows": 19646,
                              "Actual Loops": 6,
                              "Recheck Cond": "(kind_id = 4)",
                              "Rows Removed by Index Recheck": 0,
                              "Filter": "(production_year > 1975)",
                              "Rows Removed by Filter": 60,
                              "Exact Heap Blocks": 5780,
                              "Lossy Heap Blocks": 0,
                              "Plans": [
                                {
                                  "Node Type": "Bitmap Index Scan",
                                  "Parent Relationship": "Outer",
                                  "Parallel Aware": false,
                                  "Index Name": "kind_id_title",
                                  "Startup Cost": 0.0,
                                  "Total Cost": 2180.94,
                                  "Plan Rows": 122201,
                                  "Plan Width": 0,
                                  "Actual Startup Time": 15.483,
                                  "Actual Total Time": 15.484,
                                  "Actual Rows": 118234,
                                  "Actual Loops": 1,
                                  "Index Cond": "(kind_id = 4)"
                                }
                              ]
                            }
                          ]
                        }
                      ]
                    },
                    {
                      "Node Type": "Index Only Scan",
                      "Parent Relationship": "Inner",
                      "Parallel Aware": false,
                      "Scan Direction": "Forward",
                      "Index Name": "movie_id_cast_info",
                      "Relation Name": "cast_info",
                      "Alias": "ci",
                      "Startup Cost": 0.56,
                      "Total Cost": 1.73,
                      "Plan Rows": 37,
                      "Plan Width": 4,
                      "Actual Startup Time": 0.005,
                      "Actual Total Time": 0.024,
                      "Actual Rows": 16,
                      "Actual Loops": 96832,
                      "Index Cond": "(movie_id = mi.movie_id)",
                      "Rows Removed by Index Recheck": 0,
                      "Heap Fetches": 1532447
                    }
                  ]
                }
              ]
            }
          ]
        }
      ]
    },
    "Planning Time": 1.334,
    "Triggers": [],
    "Execution Time": 955.625
  }
]