{
  "Plan": {
    "Node Type": "Aggregate",
    "Strategy": "Plain",
    "Partial Mode": "Finalize",
    "Parallel Aware": false,
    "Startup Cost": 96932.12,
    "Total Cost": 96932.13,
    "Plan Rows": 1,
    "Plan Width": 8,
    "Actual Startup Time": 232.718,
    "Actual Total Time": 246.677,
    "Actual Rows": 1,
    "Actual Loops": 1,
    "Plans": [
      {
        "Node Type": "Gather",
        "Parent Relationship": "Outer",
        "Parallel Aware": false,
        "Startup Cost": 96932.01,
        "Total Cost": 96932.12,
        "Plan Rows": 1,
        "Plan Width": 8,
        "Actual Startup Time": 232.418,
        "Actual Total Time": 246.668,
        "Actual Rows": 2,
        "Actual Loops": 1,
        "Workers Planned": 1,
        "Workers Launched": 1,
        "Single Copy": false,
        "Plans": [
          {
            "Node Type": "Aggregate",
            "Strategy": "Plain",
            "Partial Mode": "Partial",
            "Parent Relationship": "Outer",
            "Parallel Aware": false,
            "Startup Cost": 95932.01,
            "Total Cost": 95932.02,
            "Plan Rows": 1,
            "Plan Width": 8,
            "Actual Startup Time": 226.544,
            "Actual Total Time": 226.548,
            "Actual Rows": 1,
            "Actual Loops": 2,
            "Plans": [
              {
                "Node Type": "Nested Loop",
                "Parent Relationship": "Outer",
                "Parallel Aware": false,
                "Join Type": "Inner",
                "Startup Cost": 58588.13,
                "Total Cost": 95926.4,
                "Plan Rows": 2245,
                "Plan Width": 0,
                "Actual Startup Time": 136.739,
                "Actual Total Time": 226.227,
                "Actual Rows": 4569,
                "Actual Loops": 2,
                "Inner Unique": false,
                "Join Filter": "(t.id = mc.movie_id)",
                "Rows Removed by Join Filter": 0,
                "Plans": [
                  {
                    "Node Type": "Hash Join",
                    "Parent Relationship": "Outer",
                    "Parallel Aware": true,
                    "Join Type": "Inner",
                    "Startup Cost": 58587.7,
                    "Total Cost": 93159.77,
                    "Plan Rows": 3036,
                    "Plan Width": 8,
                    "Actual Startup Time": 136.679,
                    "Actual Total Time": 210.637,
                    "Actual Rows": 1978,
                    "Actual Loops": 2,
                    "Inner Unique": true,
                    "Hash Cond": "(ci.movie_id = t.id)",
                    "Plans": [
                      {
                        "Node Type": "Index Scan",
                        "Parent Relationship": "Outer",
                        "Parallel Aware": true,
                        "Scan Direction": "Forward",
                        "Index Name": "role_id_cast_info",
                        "Relation Name": "cast_info",
                        "Alias": "ci",
                        "Startup Cost": 0.56,
                        "Total Cost": 34044.81,
                        "Plan Rows": 201078,
                        "Plan Width": 4,
                        "Actual Startup Time": 0.17,
                        "Actual Total Time": 64.257,
                        "Actual Rows": 73438,
                        "Actual Loops": 2,
                        "Index Cond": "(role_id = 9)",
                        "Rows Removed by Index Recheck": 0,
                        "Filter": "(person_id < 1150044)",
                        "Rows Removed by Filter": 473341
                      },
                      {
                        "Node Type": "Hash",
                        "Parent Relationship": "Inner",
                        "Parallel Aware": true,
                        "Startup Cost": 58306.47,
                        "Total Cost": 58306.47,
                        "Plan Rows": 22453,
                        "Plan Width": 4,
                        "Actual Startup Time": 135.146,
                        "Actual Total Time": 135.147,
                        "Actual Rows": 16126,
                        "Actual Loops": 2,
                        "Hash Buckets": 65536,
                        "Original Hash Buckets": 65536,
                        "Hash Batches": 1,
                        "Original Hash Batches": 1,
                        "Peak Memory Usage": 1824,
                        "Plans": [
                          {
                            "Node Type": "Seq Scan",
                            "Parent Relationship": "Outer",
                            "Parallel Aware": true,
                            "Relation Name": "title",
                            "Alias": "t",
                            "Startup Cost": 0.0,
                            "Total Cost": 58306.47,
                            "Plan Rows": 22453,
                            "Plan Width": 4,
                            "Actual Startup Time": 0.118,
                            "Actual Total Time": 130.613,
                            "Actual Rows": 16126,
                            "Actual Loops": 2,
                            "Filter": "((kind_id < 7) AND (production_year = 2005))",
                            "Rows Removed by Filter": 1248030
                          }
                        ]
                      }
                    ]
                  },
                  {
                    "Node Type": "Index Scan",
                    "Parent Relationship": "Inner",
                    "Parallel Aware": false,
                    "Scan Direction": "Forward",
                    "Index Name": "movie_id_movie_companies",
                    "Relation Name": "movie_companies",
                    "Alias": "mc",
                    "Startup Cost": 0.43,
                    "Total Cost": 0.86,
                    "Plan Rows": 4,
                    "Plan Width": 4,
                    "Actual Startup Time": 0.006,
                    "Actual Total Time": 0.007,
                    "Actual Rows": 2,
                    "Actual Loops": 3957,
                    "Index Cond": "(movie_id = ci.movie_id)",
                    "Rows Removed by Index Recheck": 0,
                    "Filter": "(company_id > 1434)",
                    "Rows Removed by Filter": 0
                  }
                ]
              }
            ]
          }
        ]
      }
    ]
  },
  "Planning Time": 1.047,
  "Triggers": [],
  "Execution Time": 246.765
}