[
  {
    "Plan": {
      "Node Type": "Aggregate",
      "Strategy": "Plain",
      "Partial Mode": "Finalize",
      "Parallel Aware": false,
      "Startup Cost": 268078.77,
      "Total Cost": 268078.78,
      "Plan Rows": 1,
      "Plan Width": 8,
      "Actual Startup Time": 190.789,
      "Actual Total Time": 224.7,
      "Actual Rows": 1,
      "Actual Loops": 1,
      "Plans": [
        {
          "Node Type": "Gather",
          "Parent Relationship": "Outer",
          "Parallel Aware": false,
          "Startup Cost": 268078.35,
          "Total Cost": 268078.76,
          "Plan Rows": 4,
          "Plan Width": 8,
          "Actual Startup Time": 190.404,
          "Actual Total Time": 224.69,
          "Actual Rows": 5,
          "Actual Loops": 1,
          "Workers Planned": 4,
          "Workers Launched": 4,
          "Single Copy": false,
          "Plans": [
            {
              "Node Type": "Aggregate",
              "Strategy": "Plain",
              "Partial Mode": "Partial",
              "Parent Relationship": "Outer",
              "Parallel Aware": false,
              "Startup Cost": 267078.35,
              "Total Cost": 267078.36,
              "Plan Rows": 1,
              "Plan Width": 8,
              "Actual Startup Time": 180.53,
              "Actual Total Time": 180.532,
              "Actual Rows": 1,
              "Actual Loops": 5,
              "Plans": [
                {
                  "Node Type": "Nested Loop",
                  "Parent Relationship": "Outer",
                  "Parallel Aware": false,
                  "Join Type": "Inner",
                  "Startup Cost": 0.56,
                  "Total Cost": 267038.55,
                  "Plan Rows": 15919,
                  "Plan Width": 0,
                  "Actual Startup Time": 59.981,
                  "Actual Total Time": 179.73,
                  "Actual Rows": 8142,
                  "Actual Loops": 5,
                  "Inner Unique": false,
                  "Plans": [
                    {
                      "Node Type": "Seq Scan",
                      "Parent Relationship": "Outer",
                      "Parallel Aware": true,
                      "Relation Name": "title",
                      "Alias": "t",
                      "Startup Cost": 0.0,
                      "Total Cost": 45479.1,
                      "Plan Rows": 2399,
                      "Plan Width": 4,
                      "Actual Startup Time": 58.426,
                      "Actual Total Time": 82.104,
                      "Actual Rows": 1172,
                      "Actual Loops": 5,
                      "Filter": "((kind_id < 2) AND (production_year = 1996))",
                      "Rows Removed by Filter": 504490
                    },
                    {
                      "Node Type": "Index Scan",
                      "Parent Relationship": "Inner",
                      "Parallel Aware": false,
                      "Scan Direction": "Forward",
                      "Index Name": "movie_id_cast_info",
                      "Relation Name": "cast_info",
                      "Alias": "ci",
                      "Startup Cost": 0.56,
                      "Total Cost": 92.18,
                      "Plan Rows": 17,
                      "Plan Width": 4,
                      "Actual Startup Time": 0.039,
                      "Actual Total Time": 0.082,
                      "Actual Rows": 7,
                      "Actual Loops": 5862,
                      "Index Cond": "(movie_id = t.id)",
                      "Rows Removed by Index Recheck": 0,
                      "Filter": "((person_id < 2656992) AND (role_id > 1))",
                      "Rows Removed by Filter": 13
                    }
                  ]
                }
              ]
            }
          ]
        }
      ]
    },
    "Planning Time": 0.667,
    "Triggers": [],
    "Execution Time": 224.783
  }
]