[
  {
    "Plan": {
      "Node Type": "Aggregate",
      "Strategy": "Plain",
      "Partial Mode": "Finalize",
      "Parallel Aware": false,
      "Startup Cost": 353461.73,
      "Total Cost": 353461.74,
      "Plan Rows": 1,
      "Plan Width": 8,
      "Actual Startup Time": 853.464,
      "Actual Total Time": 899.79,
      "Actual Rows": 1,
      "Actual Loops": 1,
      "Plans": [
        {
          "Node Type": "Gather",
          "Parent Relationship": "Outer",
          "Parallel Aware": false,
          "Startup Cost": 353461.1,
          "Total Cost": 353461.71,
          "Plan Rows": 6,
          "Plan Width": 8,
          "Actual Startup Time": 853.29,
          "Actual Total Time": 899.775,
          "Actual Rows": 7,
          "Actual Loops": 1,
          "Workers Planned": 6,
          "Workers Launched": 6,
          "Single Copy": false,
          "Plans": [
            {
              "Node Type": "Aggregate",
              "Strategy": "Plain",
              "Partial Mode": "Partial",
              "Parent Relationship": "Outer",
              "Parallel Aware": false,
              "Startup Cost": 352461.1,
              "Total Cost": 352461.11,
              "Plan Rows": 1,
              "Plan Width": 8,
              "Actual Startup Time": 844.415,
              "Actual Total Time": 844.416,
              "Actual Rows": 1,
              "Actual Loops": 7,
              "Plans": [
                {
                  "Node Type": "Seq Scan",
                  "Parent Relationship": "Outer",
                  "Parallel Aware": true,
                  "Relation Name": "cast_info",
                  "Alias": "ci",
                  "Startup Cost": 0.0,
                  "Total Cost": 343316.27,
                  "Plan Rows": 3657933,
                  "Plan Width": 0,
                  "Actual Startup Time": 226.04,
                  "Actual Total Time": 700.734,
                  "Actual Rows": 3025313,
                  "Actual Loops": 7,
                  "Filter": "((person_id < 3594411) AND (role_id > 1))",
                  "Rows Removed by Filter": 2152451
                }
              ]
            }
          ]
        }
      ]
    },
    "Planning Time": 0.125,
    "Triggers": [],
    "Execution Time": 899.834
  }
]