[
  {
    "Plan": {
      "Node Type": "Aggregate",
      "Strategy": "Plain",
      "Partial Mode": "Finalize",
      "Parallel Aware": false,
      "Startup Cost": 289534.55,
      "Total Cost": 289534.56,
      "Plan Rows": 1,
      "Plan Width": 8,
      "Actual Startup Time": 1030.478,
      "Actual Total Time": 1058.374,
      "Actual Rows": 1,
      "Actual Loops": 1,
      "Plans": [
        {
          "Node Type": "Gather",
          "Parent Relationship": "Outer",
          "Parallel Aware": false,
          "Startup Cost": 289534.03,
          "Total Cost": 289534.54,
          "Plan Rows": 5,
          "Plan Width": 8,
          "Actual Startup Time": 1020.464,
          "Actual Total Time": 1058.368,
          "Actual Rows": 6,
          "Actual Loops": 1,
          "Workers Planned": 5,
          "Workers Launched": 5,
          "Single Copy": false,
          "Plans": [
            {
              "Node Type": "Aggregate",
              "Strategy": "Plain",
              "Partial Mode": "Partial",
              "Parent Relationship": "Outer",
              "Parallel Aware": false,
              "Startup Cost": 288534.03,
              "Total Cost": 288534.04,
              "Plan Rows": 1,
              "Plan Width": 8,
              "Actual Startup Time": 1013.488,
              "Actual Total Time": 1013.493,
              "Actual Rows": 1,
              "Actual Loops": 6,
              "Plans": [
                {
                  "Node Type": "Hash Join",
                  "Parent Relationship": "Outer",
                  "Parallel Aware": true,
                  "Join Type": "Inner",
                  "Startup Cost": 82778.52,
                  "Total Cost": 286941.03,
                  "Plan Rows": 637201,
                  "Plan Width": 0,
                  "Actual Startup Time": 309.452,
                  "Actual Total Time": 983.612,
                  "Actual Rows": 586615,
                  "Actual Loops": 6,
                  "Inner Unique": false,
                  "Hash Cond": "(mi.movie_id = t.id)",
                  "Plans": [
                    {
                      "Node Type": "Seq Scan",
                      "Parent Relationship": "Outer",
                      "Parallel Aware": true,
                      "Relation Name": "movie_info",
                      "Alias": "mi",
                      "Startup Cost": 0.0,
                      "Total Cost": 191503.19,
                      "Plan Rows": 2951019,
                      "Plan Width": 4,
                      "Actual Startup Time": 0.016,
                      "Actual Total Time": 287.951,
                      "Actual Rows": 2472620,
                      "Actual Loops": 6
                    },
                    {
                      "Node Type": "Hash",
                      "Parent Relationship": "Inner",
                      "Parallel Aware": true,
                      "Startup Cost": 81072.49,
                      "Total Cost": 81072.49,
                      "Plan Rows": 136482,
                      "Plan Width": 8,
                      "Actual Startup Time": 306.612,
                      "Actual Total Time": 306.616,
                      "Actual Rows": 65199,
                      "Actual Loops": 6,
                      "Hash Buckets": 1048576,
                      "Original Hash Buckets": 1048576,
                      "Hash Batches": 1,
                      "Original Hash Batches": 1,
                      "Peak Memory Usage": 23616,
                      "Plans": [
                        {
                          "Node Type": "Hash Join",
                          "Parent Relationship": "Outer",
                          "Parallel Aware": true,
                          "Join Type": "Inner",
                          "Startup Cost": 34412.01,
                          "Total Cost": 81072.49,
                          "Plan Rows": 136482,
                          "Plan Width": 8,
                          "Actual Startup Time": 122.467,
                          "Actual Total Time": 281.889,
                          "Actual Rows": 65199,
                          "Actual Loops": 6,
                          "Inner Unique": false,
                          "Hash Cond": "(t.id = mc.movie_id)",
                          "Plans": [
                            {
                              "Node Type": "Seq Scan",
                              "Parent Relationship": "Outer",
                              "Parallel Aware": true,
                              "Relation Name": "title",
                              "Alias": "t",
                              "Startup Cost": 0.0,
                              "Total Cost": 43899.01,
                              "Plan Rows": 464242,
                              "Plan Width": 4,
                              "Actual Startup Time": 0.014,
                              "Actual Total Time": 67.798,
                              "Actual Rows": 310914,
                              "Actual Loops": 6,
                              "Filter": "(kind_id > 1)",
                              "Rows Removed by Filter": 110471
                            },
                            {
                              "Node Type": "Hash",
                              "Parent Relationship": "Inner",
                              "Parallel Aware": true,
                              "Startup Cost": 31414.82,
                              "Total Cost": 31414.82,
                              "Plan Rows": 239775,
                              "Plan Width": 4,
                              "Actual Startup Time": 121.305,
                              "Actual Total Time": 121.306,
                              "Actual Rows": 160133,
                              "Actual Loops": 6,
                              "Hash Buckets": 1048576,
                              "Original Hash Buckets": 1048576,
                              "Hash Batches": 1,
                              "Original Hash Batches": 1,
                              "Peak Memory Usage": 45856,
                              "Plans": [
                                {
                                  "Node Type": "Seq Scan",
                                  "Parent Relationship": "Outer",
                                  "Parallel Aware": true,
                                  "Relation Name": "movie_companies",
                                  "Alias": "mc",
                                  "Startup Cost": 0.0,
                                  "Total Cost": 31414.82,
                                  "Plan Rows": 239775,
                                  "Plan Width": 4,
                                  "Actual Startup Time": 36.943,
                                  "Actual Total Time": 67.423,
                                  "Actual Rows": 160133,
                                  "Actual Loops": 6,
                                  "Filter": "((company_id > 8943) AND (company_type_id > 1))",
                                  "Rows Removed by Filter": 274722
                                }
                              ]
                            }
                          ]
                        }
                      ]
                    }
                  ]
                }
              ]
            }
          ]
        }
      ]
    },
    "Planning Time": 0.478,
    "Triggers": [],
    "Execution Time": 1058.42
  }
]