[
  {
    "Plan": {
      "Node Type": "Aggregate",
      "Strategy": "Plain",
      "Partial Mode": "Finalize",
      "Parallel Aware": false,
      "Startup Cost": 45038.1,
      "Total Cost": 45038.11,
      "Plan Rows": 1,
      "Plan Width": 8,
      "Actual Startup Time": 146.152,
      "Actual Total Time": 155.352,
      "Actual Rows": 1,
      "Actual Loops": 1,
      "Plans": [
        {
          "Node Type": "Gather",
          "Parent Relationship": "Outer",
          "Parallel Aware": false,
          "Startup Cost": 45037.78,
          "Total Cost": 45038.09,
          "Plan Rows": 3,
          "Plan Width": 8,
          "Actual Startup Time": 145.988,
          "Actual Total Time": 155.34,
          "Actual Rows": 4,
          "Actual Loops": 1,
          "Workers Planned": 3,
          "Workers Launched": 3,
          "Single Copy": false,
          "Plans": [
            {
              "Node Type": "Aggregate",
              "Strategy": "Plain",
              "Partial Mode": "Partial",
              "Parent Relationship": "Outer",
              "Parallel Aware": false,
              "Startup Cost": 44037.78,
              "Total Cost": 44037.79,
              "Plan Rows": 1,
              "Plan Width": 8,
              "Actual Startup Time": 140.436,
              "Actual Total Time": 140.437,
              "Actual Rows": 1,
              "Actual Loops": 4,
              "Plans": [
                {
                  "Node Type": "Seq Scan",
                  "Parent Relationship": "Outer",
                  "Parallel Aware": true,
                  "Relation Name": "movie_keyword",
                  "Alias": "mk",
                  "Startup Cost": 0.0,
                  "Total Cost": 42695.65,
                  "Plan Rows": 536850,
                  "Plan Width": 0,
                  "Actual Startup Time": 0.592,
                  "Actual Total Time": 117.74,
                  "Actual Rows": 412260,
                  "Actual Loops": 4,
                  "Filter": "(keyword_id > 8903)",
                  "Rows Removed by Filter": 718722
                }
              ]
            }
          ]
        }
      ]
    },
    "Planning Time": 0.189,
    "Triggers": [],
    "Execution Time": 155.416
  }
]