[
  {
    "Plan": {
      "Node Type": "Aggregate",
      "Strategy": "Plain",
      "Partial Mode": "Finalize",
      "Parallel Aware": false,
      "Startup Cost": 45260.65,
      "Total Cost": 45260.66,
      "Plan Rows": 1,
      "Plan Width": 8,
      "Actual Startup Time": 141.447,
      "Actual Total Time": 150.567,
      "Actual Rows": 1,
      "Actual Loops": 1,
      "Plans": [
        {
          "Node Type": "Gather",
          "Parent Relationship": "Outer",
          "Parallel Aware": false,
          "Startup Cost": 45260.34,
          "Total Cost": 45260.65,
          "Plan Rows": 3,
          "Plan Width": 8,
          "Actual Startup Time": 141.355,
          "Actual Total Time": 150.56,
          "Actual Rows": 4,
          "Actual Loops": 1,
          "Workers Planned": 3,
          "Workers Launched": 3,
          "Single Copy": false,
          "Plans": [
            {
              "Node Type": "Aggregate",
              "Strategy": "Plain",
              "Partial Mode": "Partial",
              "Parent Relationship": "Outer",
              "Parallel Aware": false,
              "Startup Cost": 44260.34,
              "Total Cost": 44260.35,
              "Plan Rows": 1,
              "Plan Width": 8,
              "Actual Startup Time": 132.801,
              "Actual Total Time": 132.802,
              "Actual Rows": 1,
              "Actual Loops": 4,
              "Plans": [
                {
                  "Node Type": "Seq Scan",
                  "Parent Relationship": "Outer",
                  "Parallel Aware": true,
                  "Relation Name": "movie_keyword",
                  "Alias": "mk",
                  "Startup Cost": 0.0,
                  "Total Cost": 42695.65,
                  "Plan Rows": 625873,
                  "Plan Width": 0,
                  "Actual Startup Time": 0.059,
                  "Actual Total Time": 110.021,
                  "Actual Rows": 486822,
                  "Actual Loops": 4,
                  "Filter": "(keyword_id < 3366)",
                  "Rows Removed by Filter": 644160
                }
              ]
            }
          ]
        }
      ]
    },
    "Planning Time": 0.101,
    "Triggers": [],
    "Execution Time": 150.602
  }
]