[
  {
    "Plan": {
      "Node Type": "Aggregate",
      "Strategy": "Plain",
      "Partial Mode": "Finalize",
      "Parallel Aware": false,
      "Startup Cost": 685167.23,
      "Total Cost": 685167.24,
      "Plan Rows": 1,
      "Plan Width": 96,
      "Actual Startup Time": 2570.427,
      "Actual Total Time": 2716.76,
      "Actual Rows": 1,
      "Actual Loops": 1,
      "Plans": [
        {
          "Node Type": "Gather",
          "Parent Relationship": "Outer",
          "Parallel Aware": false,
          "Startup Cost": 685166.79,
          "Total Cost": 685167.2,
          "Plan Rows": 4,
          "Plan Width": 96,
          "Actual Startup Time": 2568.451,
          "Actual Total Time": 2716.743,
          "Actual Rows": 5,
          "Actual Loops": 1,
          "Workers Planned": 4,
          "Workers Launched": 4,
          "Single Copy": false,
          "Plans": [
            {
              "Node Type": "Aggregate",
              "Strategy": "Plain",
              "Partial Mode": "Partial",
              "Parent Relationship": "Outer",
              "Parallel Aware": false,
              "Startup Cost": 684166.79,
              "Total Cost": 684166.8,
              "Plan Rows": 1,
              "Plan Width": 96,
              "Actual Startup Time": 2557.419,
              "Actual Total Time": 2557.437,
              "Actual Rows": 1,
              "Actual Loops": 5,
              "Plans": [
                {
                  "Node Type": "Hash Join",
                  "Parent Relationship": "Outer",
                  "Parallel Aware": true,
                  "Join Type": "Inner",
                  "Startup Cost": 614948.37,
                  "Total Cost": 684166.78,
                  "Plan Rows": 1,
                  "Plan Width": 66,
                  "Actual Startup Time": 2436.513,
                  "Actual Total Time": 2556.898,
                  "Actual Rows": 1755,
                  "Actual Loops": 5,
                  "Inner Unique": false,
                  "Hash Cond": "(n.id = ci.person_id)",
                  "Plans": [
                    {
                      "Node Type": "Seq Scan",
                      "Parent Relationship": "Outer",
                      "Parallel Aware": true,
                      "Relation Name": "name",
                      "Alias": "n",
                      "Startup Cost": 0.0,
                      "Total Cost": 68635.58,
                      "Plan Rows": 155418,
                      "Plan Width": 4,
                      "Actual Startup Time": 61.874,
                      "Actual Total Time": 151.011,
                      "Actual Rows": 192311,
                      "Actual Loops": 5,
                      "Filter": "((gender IS NOT NULL) AND ((gender)::text = 'f'::text))",
                      "Rows Removed by Filter": 641187
                    },
                    {
                      "Node Type": "Hash",
                      "Parent Relationship": "Inner",
                      "Parallel Aware": true,
                      "Startup Cost": 614948.31,
                      "Total Cost": 614948.31,
                      "Plan Rows": 5,
                      "Plan Width": 70,
                      "Actual Startup Time": 2372.111,
                      "Actual Total Time": 2372.126,
                      "Actual Rows": 11411,
                      "Actual Loops": 5,
                      "Hash Buckets": 65536,
                      "Original Hash Buckets": 1024,
                      "Hash Batches": 1,
                      "Original Hash Batches": 1,
                      "Peak Memory Usage": 4824,
                      "Plans": [
                        {
                          "Node Type": "Hash Join",
                          "Parent Relationship": "Outer",
                          "Parallel Aware": true,
                          "Join Type": "Inner",
                          "Startup Cost": 261314.62,
                          "Total Cost": 614948.31,
                          "Plan Rows": 5,
                          "Plan Width": 70,
                          "Actual Startup Time": 896.549,
                          "Actual Total Time": 2221.343,
                          "Actual Rows": 11411,
                          "Actual Loops": 5,
                          "Inner Unique": false,
                          "Hash Cond": "(ci.movie_id = t.id)",
                          "Plans": [
                            {
                              "Node Type": "Seq Scan",
                              "Parent Relationship": "Outer",
                              "Parallel Aware": true,
                              "Relation Name": "cast_info",
                              "Alias": "ci",
                              "Startup Cost": 0.0,
                              "Total Cost": 350807.07,
                              "Plan Rows": 753763,
                              "Plan Width": 8,
                              "Actual Startup Time": 0.036,
                              "Actual Total Time": 1178.352,
                              "Actual Rows": 896875,
                              "Actual Loops": 5,
                              "Filter": "(note = ANY ('{(voice),\"(executive producer)\",(producer),(uncredited),(writer)}'::text[]))",
                              "Rows Removed by Filter": 6351994
                            },
                            {
                              "Node Type": "Hash",
                              "Parent Relationship": "Inner",
                              "Parallel Aware": true,
                              "Startup Cost": 261314.59,
                              "Total Cost": 261314.59,
                              "Plan Rows": 2,
                              "Plan Width": 78,
                              "Actual Startup Time": 896.199,
                              "Actual Total Time": 896.212,
                              "Actual Rows": 3326,
                              "Actual Loops": 5,
                              "Hash Buckets": 16384,
                              "Original Hash Buckets": 1024,
                              "Hash Batches": 1,
                              "Original Hash Batches": 1,
                              "Peak Memory Usage": 1560,
                              "Plans": [
                                {
                                  "Node Type": "Hash Join",
                                  "Parent Relationship": "Outer",
                                  "Parallel Aware": true,
                                  "Join Type": "Inner",
                                  "Startup Cost": 215433.46,
                                  "Total Cost": 261314.59,
                                  "Plan Rows": 2,
                                  "Plan Width": 78,
                                  "Actual Startup Time": 746.046,
                                  "Actual Total Time": 877.646,
                                  "Actual Rows": 3326,
                                  "Actual Loops": 5,
                                  "Inner Unique": false,
                                  "Hash Cond": "(t.id = mi.movie_id)",
                                  "Plans": [
                                    {
                                      "Node Type": "Seq Scan",
                                      "Parent Relationship": "Outer",
                                      "Parallel Aware": true,
                                      "Relation Name": "title",
                                      "Alias": "t",
                                      "Startup Cost": 0.0,
                                      "Total Cost": 45478.74,
                                      "Plan Rows": 107302,
                                      "Plan Width": 21,
                                      "Actual Startup Time": 0.029,
                                      "Actual Total Time": 107.288,
                                      "Actual Rows": 84738,
                                      "Actual Loops": 5,
                                      "Filter": "((production_year >= 1998) AND (production_year <= 2004))",
                                      "Rows Removed by Filter": 420925
                                    },
                                    {
                                      "Node Type": "Hash",
                                      "Parent Relationship": "Inner",
                                      "Parallel Aware": true,
                                      "Startup Cost": 215433.26,
                                      "Total Cost": 215433.26,
                                      "Plan Rows": 16,
                                      "Plan Width": 57,
                                      "Actual Startup Time": 744.929,
                                      "Actual Total Time": 744.939,
                                      "Actual Rows": 20871,
                                      "Actual Loops": 5,
                                      "Hash Buckets": 131072,
                                      "Original Hash Buckets": 1024,
                                      "Hash Batches": 1,
                                      "Original Hash Batches": 1,
                                      "Peak Memory Usage": 7832,
                                      "Plans": [
                                        {
                                          "Node Type": "Hash Join",
                                          "Parent Relationship": "Outer",
                                          "Parallel Aware": true,
                                          "Join Type": "Inner",
                                          "Startup Cost": 199235.77,
                                          "Total Cost": 215433.26,
                                          "Plan Rows": 16,
                                          "Plan Width": 57,
                                          "Actual Startup Time": 617.45,
                                          "Actual Total Time": 712.532,
                                          "Actual Rows": 20871,
                                          "Actual Loops": 5,
                                          "Inner Unique": false,
                                          "Hash Cond": "(mi_idx.movie_id = mi.movie_id)",
                                          "Plans": [
                                            {
                                              "Node Type": "Hash Join",
                                              "Parent Relationship": "Outer",
                                              "Parallel Aware": false,
                                              "Join Type": "Inner",
                                              "Startup Cost": 2.43,
                                              "Total Cost": 16161.98,
                                              "Plan Rows": 3369,
                                              "Plan Width": 10,
                                              "Actual Startup Time": 0.113,
                                              "Actual Total Time": 67.35,
                                              "Actual Rows": 90058,
                                              "Actual Loops": 5,
                                              "Inner Unique": true,
                                              "Hash Cond": "(mi_idx.info_type_id = it2.id)",
                                              "Plans": [
                                                {
                                                  "Node Type": "Seq Scan",
                                                  "Parent Relationship": "Outer",
                                                  "Parallel Aware": true,
                                                  "Relation Name": "movie_info_idx",
                                                  "Alias": "mi_idx",
                                                  "Startup Cost": 0.0,
                                                  "Total Cost": 15122.68,
                                                  "Plan Rows": 380722,
                                                  "Plan Width": 14,
                                                  "Actual Startup Time": 0.02,
                                                  "Actual Total Time": 45.548,
                                                  "Actual Rows": 183291,
                                                  "Actual Loops": 5,
                                                  "Filter": "(info > '12'::text)",
                                                  "Rows Removed by Filter": 92716
                                                },
                                                {
                                                  "Node Type": "Hash",
                                                  "Parent Relationship": "Inner",
                                                  "Parallel Aware": false,
                                                  "Startup Cost": 2.41,
                                                  "Total Cost": 2.41,
                                                  "Plan Rows": 1,
                                                  "Plan Width": 4,
                                                  "Actual Startup Time": 0.043,
                                                  "Actual Total Time": 0.044,
                                                  "Actual Rows": 1,
                                                  "Actual Loops": 5,
                                                  "Hash Buckets": 1024,
                                                  "Original Hash Buckets": 1024,
                                                  "Hash Batches": 1,
                                                  "Original Hash Batches": 1,
                                                  "Peak Memory Usage": 9,
                                                  "Plans": [
                                                    {
                                                      "Node Type": "Seq Scan",
                                                      "Parent Relationship": "Outer",
                                                      "Parallel Aware": false,
                                                      "Relation Name": "info_type",
                                                      "Alias": "it2",
                                                      "Startup Cost": 0.0,
                                                      "Total Cost": 2.41,
                                                      "Plan Rows": 1,
                                                      "Plan Width": 4,
                                                      "Actual Startup Time": 0.031,
                                                      "Actual Total Time": 0.033,
                                                      "Actual Rows": 1,
                                                      "Actual Loops": 5,
                                                      "Filter": "((info)::text = 'rating'::text)",
                                                      "Rows Removed by Filter": 112
                                                    }
                                                  ]
                                                }
                                              ]
                                            },
                                            {
                                              "Node Type": "Hash",
                                              "Parent Relationship": "Inner",
                                              "Parallel Aware": true,
                                              "Startup Cost": 199227.86,
                                              "Total Cost": 199227.86,
                                              "Plan Rows": 439,
                                              "Plan Width": 47,
                                              "Actual Startup Time": 617.124,
                                              "Actual Total Time": 617.127,
                                              "Actual Rows": 51156,
                                              "Actual Loops": 5,
                                              "Hash Buckets": 262144,
                                              "Original Hash Buckets": 4096,
                                              "Hash Batches": 1,
                                              "Original Hash Batches": 1,
                                              "Peak Memory Usage": 16128,
                                              "Plans": [
                                                {
                                                  "Node Type": "Hash Join",
                                                  "Parent Relationship": "Outer",
                                                  "Parallel Aware": false,
                                                  "Join Type": "Inner",
                                                  "Startup Cost": 2.43,
                                                  "Total Cost": 199227.86,
                                                  "Plan Rows": 439,
                                                  "Plan Width": 47,
                                                  "Actual Startup Time": 519.917,
                                                  "Actual Total Time": 587.682,
                                                  "Actual Rows": 51156,
                                                  "Actual Loops": 5,
                                                  "Inner Unique": true,
                                                  "Hash Cond": "(mi.info_type_id = it1.id)",
                                                  "Plans": [
                                                    {
                                                      "Node Type": "Seq Scan",
                                                      "Parent Relationship": "Outer",
                                                      "Parallel Aware": true,
                                                      "Relation Name": "movie_info",
                                                      "Alias": "mi",
                                                      "Startup Cost": 0.0,
                                                      "Total Cost": 199090.3,
                                                      "Plan Rows": 49618,
                                                      "Plan Width": 51,
                                                      "Actual Startup Time": 377.434,
                                                      "Actual Total Time": 578.629,
                                                      "Actual Rows": 51490,
                                                      "Actual Loops": 5,
                                                      "Filter": "((note IS NULL) AND (info = ANY ('{Drama,Western}'::text[])))",
                                                      "Rows Removed by Filter": 2915654
                                                    },
                                                    {
                                                      "Node Type": "Hash",
                                                      "Parent Relationship": "Inner",
                                                      "Parallel Aware": false,
                                                      "Startup Cost": 2.41,
                                                      "Total Cost": 2.41,
                                                      "Plan Rows": 1,
                                                      "Plan Width": 4,
                                                      "Actual Startup Time": 0.058,
                                                      "Actual Total Time": 0.059,
                                                      "Actual Rows": 1,
                                                      "Actual Loops": 5,
                                                      "Hash Buckets": 1024,
                                                      "Original Hash Buckets": 1024,
                                                      "Hash Batches": 1,
                                                      "Original Hash Batches": 1,
                                                      "Peak Memory Usage": 9,
                                                      "Plans": [
                                                        {
                                                          "Node Type": "Seq Scan",
                                                          "Parent Relationship": "Outer",
                                                          "Parallel Aware": false,
                                                          "Relation Name": "info_type",
                                                          "Alias": "it1",
                                                          "Startup Cost": 0.0,
                                                          "Total Cost": 2.41,
                                                          "Plan Rows": 1,
                                                          "Plan Width": 4,
                                                          "Actual Startup Time": 0.036,
                                                          "Actual Total Time": 0.044,
                                                          "Actual Rows": 1,
                                                          "Actual Loops": 5,
                                                          "Filter": "((info)::text = 'genres'::text)",
                                                          "Rows Removed by Filter": 112
                                                        }
                                                      ]
                                                    }
                                                  ]
                                                }
                                              ]
                                            }
                                          ]
                                        }
                                      ]
                                    }
                                  ]
                                }
                              ]
                            }
                          ]
                        }
                      ]
                    }
                  ]
                }
              ]
            }
          ]
        }
      ]
    },
    "Planning Time": 9.531,
    "Triggers": [],
    "Execution Time": 2717.398
  }
]