[
  {
    "Plan": {
      "Node Type": "Aggregate",
      "Strategy": "Plain",
      "Partial Mode": "Simple",
      "Parallel Aware": false,
      "Startup Cost": 35768.78,
      "Total Cost": 35768.79,
      "Plan Rows": 1,
      "Plan Width": 8,
      "Actual Startup Time": 12.936,
      "Actual Total Time": 12.939,
      "Actual Rows": 1,
      "Actual Loops": 1,
      "Plans": [
        {
          "Node Type": "Bitmap Heap Scan",
          "Parent Relationship": "Outer",
          "Parallel Aware": false,
          "Relation Name": "movie_info",
          "Alias": "mi",
          "Startup Cost": 208.65,
          "Total Cost": 35740.33,
          "Plan Rows": 11382,
          "Plan Width": 0,
          "Actual Startup Time": 3.951,
          "Actual Total Time": 10.371,
          "Actual Rows": 16086,
          "Actual Loops": 1,
          "Recheck Cond": "(info_type_id = 12)",
          "Rows Removed by Index Recheck": 0,
          "Exact Heap Blocks": 641,
          "Lossy Heap Blocks": 0,
          "Plans": [
            {
              "Node Type": "Bitmap Index Scan",
              "Parent Relationship": "Outer",
              "Parallel Aware": false,
              "Index Name": "info_type_id_movie_info",
              "Startup Cost": 0.0,
              "Total Cost": 205.8,
              "Plan Rows": 11382,
              "Plan Width": 0,
              "Actual Startup Time": 3.71,
              "Actual Total Time": 3.711,
              "Actual Rows": 16086,
              "Actual Loops": 1,
              "Index Cond": "(info_type_id = 12)"
            }
          ]
        }
      ]
    },
    "Planning Time": 0.18,
    "Triggers": [],
    "Execution Time": 13.01
  }
]