[
  {
    "Plan": {
      "Node Type": "Aggregate",
      "Strategy": "Plain",
      "Partial Mode": "Simple",
      "Parallel Aware": false,
      "Startup Cost": 56104.46,
      "Total Cost": 56104.47,
      "Plan Rows": 1,
      "Plan Width": 8,
      "Actual Startup Time": 12.031,
      "Actual Total Time": 12.033,
      "Actual Rows": 1,
      "Actual Loops": 1,
      "Plans": [
        {
          "Node Type": "Bitmap Heap Scan",
          "Parent Relationship": "Outer",
          "Parallel Aware": false,
          "Relation Name": "movie_info",
          "Alias": "mi",
          "Startup Cost": 361.2,
          "Total Cost": 56055.18,
          "Plan Rows": 19712,
          "Plan Width": 0,
          "Actual Startup Time": 3.349,
          "Actual Total Time": 9.599,
          "Actual Rows": 16086,
          "Actual Loops": 1,
          "Recheck Cond": "(info_type_id = 12)",
          "Rows Removed by Index Recheck": 0,
          "Exact Heap Blocks": 641,
          "Lossy Heap Blocks": 0,
          "Plans": [
            {
              "Node Type": "Bitmap Index Scan",
              "Parent Relationship": "Outer",
              "Parallel Aware": false,
              "Index Name": "info_type_id_movie_info",
              "Startup Cost": 0.0,
              "Total Cost": 356.28,
              "Plan Rows": 19712,
              "Plan Width": 0,
              "Actual Startup Time": 3.105,
              "Actual Total Time": 3.105,
              "Actual Rows": 16086,
              "Actual Loops": 1,
              "Index Cond": "(info_type_id = 12)"
            }
          ]
        }
      ]
    },
    "Planning Time": 0.162,
    "Triggers": [],
    "Execution Time": 12.096
  }
]