[
  {
    "Plan": {
      "Node Type": "Aggregate",
      "Strategy": "Plain",
      "Partial Mode": "Finalize",
      "Parallel Aware": false,
      "Startup Cost": 286591.35,
      "Total Cost": 286591.36,
      "Plan Rows": 1,
      "Plan Width": 8,
      "Actual Startup Time": 3109.434,
      "Actual Total Time": 3138.598,
      "Actual Rows": 1,
      "Actual Loops": 1,
      "Plans": [
        {
          "Node Type": "Gather",
          "Parent Relationship": "Outer",
          "Parallel Aware": false,
          "Startup Cost": 286591.03,
          "Total Cost": 286591.34,
          "Plan Rows": 3,
          "Plan Width": 8,
          "Actual Startup Time": 3093.69,
          "Actual Total Time": 3138.586,
          "Actual Rows": 4,
          "Actual Loops": 1,
          "Workers Planned": 3,
          "Workers Launched": 3,
          "Single Copy": false,
          "Plans": [
            {
              "Node Type": "Aggregate",
              "Strategy": "Plain",
              "Partial Mode": "Partial",
              "Parent Relationship": "Outer",
              "Parallel Aware": false,
              "Startup Cost": 285591.03,
              "Total Cost": 285591.04,
              "Plan Rows": 1,
              "Plan Width": 8,
              "Actual Startup Time": 3081.108,
              "Actual Total Time": 3081.252,
              "Actual Rows": 1,
              "Actual Loops": 4,
              "Plans": [
                {
                  "Node Type": "Hash Join",
                  "Parent Relationship": "Outer",
                  "Parallel Aware": true,
                  "Join Type": "Inner",
                  "Startup Cost": 238214.32,
                  "Total Cost": 284003.87,
                  "Plan Rows": 634866,
                  "Plan Width": 0,
                  "Actual Startup Time": 856.693,
                  "Actual Total Time": 2363.899,
                  "Actual Rows": 11395161,
                  "Actual Loops": 4,
                  "Inner Unique": false,
                  "Hash Cond": "(mk.movie_id = t.id)",
                  "Plans": [
                    {
                      "Node Type": "Seq Scan",
                      "Parent Relationship": "Outer",
                      "Parallel Aware": true,
                      "Relation Name": "movie_keyword",
                      "Alias": "mk",
                      "Startup Cost": 0.0,
                      "Total Cost": 39047.32,
                      "Plan Rows": 1459332,
                      "Plan Width": 4,
                      "Actual Startup Time": 0.03,
                      "Actual Total Time": 123.052,
                      "Actual Rows": 1130982,
                      "Actual Loops": 4
                    },
                    {
                      "Node Type": "Hash",
                      "Parent Relationship": "Inner",
                      "Parallel Aware": true,
                      "Startup Cost": 235464.56,
                      "Total Cost": 235464.56,
                      "Plan Rows": 219981,
                      "Plan Width": 8,
                      "Actual Startup Time": 849.185,
                      "Actual Total Time": 849.328,
                      "Actual Rows": 261579,
                      "Actual Loops": 4,
                      "Hash Buckets": 2097152,
                      "Original Hash Buckets": 2097152,
                      "Hash Batches": 1,
                      "Original Hash Batches": 1,
                      "Peak Memory Usage": 57408,
                      "Plans": [
                        {
                          "Node Type": "Hash Join",
                          "Parent Relationship": "Outer",
                          "Parallel Aware": true,
                          "Join Type": "Inner",
                          "Startup Cost": 70144.34,
                          "Total Cost": 235464.56,
                          "Plan Rows": 219981,
                          "Plan Width": 8,
                          "Actual Startup Time": 503.833,
                          "Actual Total Time": 733.4,
                          "Actual Rows": 261579,
                          "Actual Loops": 4,
                          "Inner Unique": true,
                          "Hash Cond": "(mi.movie_id = t.id)",
                          "Plans": [
                            {
                              "Node Type": "Bitmap Heap Scan",
                              "Parent Relationship": "Outer",
                              "Parallel Aware": true,
                              "Relation Name": "movie_info",
                              "Alias": "mi",
                              "Startup Cost": 19924.7,
                              "Total Cost": 184667.46,
                              "Plan Rows": 219981,
                              "Plan Width": 4,
                              "Actual Startup Time": 66.359,
                              "Actual Total Time": 160.974,
                              "Actual Rows": 261579,
                              "Actual Loops": 4,
                              "Recheck Cond": "(info_type_id > 78)",
                              "Rows Removed by Index Recheck": 0,
                              "Exact Heap Blocks": 9425,
                              "Lossy Heap Blocks": 0,
                              "Plans": [
                                {
                                  "Node Type": "Bitmap Index Scan",
                                  "Parent Relationship": "Outer",
                                  "Parallel Aware": false,
                                  "Index Name": "info_type_id_movie_info",
                                  "Startup Cost": 0.0,
                                  "Total Cost": 19649.72,
                                  "Plan Rows": 1099905,
                                  "Plan Width": 0,
                                  "Actual Startup Time": 57.467,
                                  "Actual Total Time": 57.467,
                                  "Actual Rows": 1046316,
                                  "Actual Loops": 1,
                                  "Index Cond": "(info_type_id > 78)"
                                }
                              ]
                            },
                            {
                              "Node Type": "Hash",
                              "Parent Relationship": "Inner",
                              "Parallel Aware": true,
                              "Startup Cost": 42318.73,
                              "Total Cost": 42318.73,
                              "Plan Rows": 632073,
                              "Plan Width": 4,
                              "Actual Startup Time": 428.493,
                              "Actual Total Time": 428.494,
                              "Actual Rows": 632078,
                              "Actual Loops": 4,
                              "Hash Buckets": 4194304,
                              "Original Hash Buckets": 4194304,
                              "Hash Batches": 1,
                              "Original Hash Batches": 1,
                              "Peak Memory Usage": 131744,
                              "Plans": [
                                {
                                  "Node Type": "Seq Scan",
                                  "Parent Relationship": "Outer",
                                  "Parallel Aware": true,
                                  "Relation Name": "title",
                                  "Alias": "t",
                                  "Startup Cost": 0.0,
                                  "Total Cost": 42318.73,
                                  "Plan Rows": 632073,
                                  "Plan Width": 4,
                                  "Actual Startup Time": 0.041,
                                  "Actual Total Time": 127.485,
                                  "Actual Rows": 632078,
                                  "Actual Loops": 4
                                }
                              ]
                            }
                          ]
                        }
                      ]
                    }
                  ]
                }
              ]
            }
          ]
        }
      ]
    },
    "Planning Time": 1.384,
    "Triggers": [],
    "Execution Time": 3138.722
  }
]