[
  {
    "Plan": {
      "Node Type": "Aggregate",
      "Strategy": "Plain",
      "Partial Mode": "Finalize",
      "Parallel Aware": false,
      "Startup Cost": 44951.82,
      "Total Cost": 44951.83,
      "Plan Rows": 1,
      "Plan Width": 8,
      "Actual Startup Time": 136.995,
      "Actual Total Time": 146.559,
      "Actual Rows": 1,
      "Actual Loops": 1,
      "Plans": [
        {
          "Node Type": "Gather",
          "Parent Relationship": "Outer",
          "Parallel Aware": false,
          "Startup Cost": 44951.5,
          "Total Cost": 44951.81,
          "Plan Rows": 3,
          "Plan Width": 8,
          "Actual Startup Time": 136.865,
          "Actual Total Time": 146.55,
          "Actual Rows": 4,
          "Actual Loops": 1,
          "Workers Planned": 3,
          "Workers Launched": 3,
          "Single Copy": false,
          "Plans": [
            {
              "Node Type": "Aggregate",
              "Strategy": "Plain",
              "Partial Mode": "Partial",
              "Parent Relationship": "Outer",
              "Parallel Aware": false,
              "Startup Cost": 43951.5,
              "Total Cost": 43951.51,
              "Plan Rows": 1,
              "Plan Width": 8,
              "Actual Startup Time": 130.33,
              "Actual Total Time": 130.331,
              "Actual Rows": 1,
              "Actual Loops": 4,
              "Plans": [
                {
                  "Node Type": "Seq Scan",
                  "Parent Relationship": "Outer",
                  "Parallel Aware": true,
                  "Relation Name": "movie_keyword",
                  "Alias": "mk",
                  "Startup Cost": 0.0,
                  "Total Cost": 42695.65,
                  "Plan Rows": 502339,
                  "Plan Width": 0,
                  "Actual Startup Time": 1.516,
                  "Actual Total Time": 111.461,
                  "Actual Rows": 391042,
                  "Actual Loops": 4,
                  "Filter": "(keyword_id > 10032)",
                  "Rows Removed by Filter": 739941
                }
              ]
            }
          ]
        }
      ]
    },
    "Planning Time": 0.185,
    "Triggers": [],
    "Execution Time": 146.616
  }
]