[
  {
    "Plan": {
      "Node Type": "Aggregate",
      "Strategy": "Plain",
      "Partial Mode": "Finalize",
      "Parallel Aware": false,
      "Startup Cost": 91763.11,
      "Total Cost": 91763.12,
      "Plan Rows": 1,
      "Plan Width": 8,
      "Actual Startup Time": 264.109,
      "Actual Total Time": 274.273,
      "Actual Rows": 1,
      "Actual Loops": 1,
      "Plans": [
        {
          "Node Type": "Gather",
          "Parent Relationship": "Outer",
          "Parallel Aware": false,
          "Startup Cost": 91762.79,
          "Total Cost": 91763.1,
          "Plan Rows": 3,
          "Plan Width": 8,
          "Actual Startup Time": 263.186,
          "Actual Total Time": 274.266,
          "Actual Rows": 4,
          "Actual Loops": 1,
          "Workers Planned": 3,
          "Workers Launched": 3,
          "Single Copy": false,
          "Plans": [
            {
              "Node Type": "Aggregate",
              "Strategy": "Plain",
              "Partial Mode": "Partial",
              "Parent Relationship": "Outer",
              "Parallel Aware": false,
              "Startup Cost": 90762.79,
              "Total Cost": 90762.8,
              "Plan Rows": 1,
              "Plan Width": 8,
              "Actual Startup Time": 260.313,
              "Actual Total Time": 260.315,
              "Actual Rows": 1,
              "Actual Loops": 4,
              "Plans": [
                {
                  "Node Type": "Hash Join",
                  "Parent Relationship": "Outer",
                  "Parallel Aware": true,
                  "Join Type": "Inner",
                  "Startup Cost": 44341.46,
                  "Total Cost": 90574.15,
                  "Plan Rows": 75456,
                  "Plan Width": 0,
                  "Actual Startup Time": 86.219,
                  "Actual Total Time": 258.475,
                  "Actual Rows": 40220,
                  "Actual Loops": 4,
                  "Inner Unique": true,
                  "Hash Cond": "(mk.movie_id = t.id)",
                  "Plans": [
                    {
                      "Node Type": "Seq Scan",
                      "Parent Relationship": "Outer",
                      "Parallel Aware": true,
                      "Relation Name": "movie_keyword",
                      "Alias": "mk",
                      "Startup Cost": 0.0,
                      "Total Cost": 42695.65,
                      "Plan Rows": 1347440,
                      "Plan Width": 4,
                      "Actual Startup Time": 0.011,
                      "Actual Total Time": 104.088,
                      "Actual Rows": 1044720,
                      "Actual Loops": 4,
                      "Filter": "(keyword_id < 48248)",
                      "Rows Removed by Filter": 86262
                    },
                    {
                      "Node Type": "Hash",
                      "Parent Relationship": "Inner",
                      "Parallel Aware": true,
                      "Startup Cost": 43899.01,
                      "Total Cost": 43899.01,
                      "Plan Rows": 35396,
                      "Plan Width": 4,
                      "Actual Startup Time": 85.234,
                      "Actual Total Time": 85.234,
                      "Actual Rows": 35426,
                      "Actual Loops": 4,
                      "Hash Buckets": 262144,
                      "Original Hash Buckets": 262144,
                      "Hash Batches": 1,
                      "Original Hash Batches": 1,
                      "Peak Memory Usage": 7648,
                      "Plans": [
                        {
                          "Node Type": "Seq Scan",
                          "Parent Relationship": "Outer",
                          "Parallel Aware": true,
                          "Relation Name": "title",
                          "Alias": "t",
                          "Startup Cost": 0.0,
                          "Total Cost": 43899.01,
                          "Plan Rows": 35396,
                          "Plan Width": 4,
                          "Actual Startup Time": 0.014,
                          "Actual Total Time": 74.818,
                          "Actual Rows": 35426,
                          "Actual Loops": 4,
                          "Filter": "(production_year = 2010)",
                          "Rows Removed by Filter": 596652
                        }
                      ]
                    }
                  ]
                }
              ]
            }
          ]
        }
      ]
    },
    "Planning Time": 0.241,
    "Triggers": [],
    "Execution Time": 274.307
  }
]