[
  {
    "Plan": {
      "Node Type": "Aggregate",
      "Strategy": "Plain",
      "Partial Mode": "Finalize",
      "Parallel Aware": false,
      "Startup Cost": 33052.7,
      "Total Cost": 33052.71,
      "Plan Rows": 1,
      "Plan Width": 8,
      "Actual Startup Time": 86.958,
      "Actual Total Time": 93.54,
      "Actual Rows": 1,
      "Actual Loops": 1,
      "Plans": [
        {
          "Node Type": "Gather",
          "Parent Relationship": "Outer",
          "Parallel Aware": false,
          "Startup Cost": 33052.38,
          "Total Cost": 33052.69,
          "Plan Rows": 3,
          "Plan Width": 8,
          "Actual Startup Time": 86.822,
          "Actual Total Time": 93.532,
          "Actual Rows": 4,
          "Actual Loops": 1,
          "Workers Planned": 3,
          "Workers Launched": 3,
          "Single Copy": false,
          "Plans": [
            {
              "Node Type": "Aggregate",
              "Strategy": "Plain",
              "Partial Mode": "Partial",
              "Parent Relationship": "Outer",
              "Parallel Aware": false,
              "Startup Cost": 32052.38,
              "Total Cost": 32052.39,
              "Plan Rows": 1,
              "Plan Width": 8,
              "Actual Startup Time": 79.986,
              "Actual Total Time": 79.987,
              "Actual Rows": 1,
              "Actual Loops": 4,
              "Plans": [
                {
                  "Node Type": "Seq Scan",
                  "Parent Relationship": "Outer",
                  "Parallel Aware": true,
                  "Relation Name": "movie_companies",
                  "Alias": "mc",
                  "Startup Cost": 0.0,
                  "Total Cost": 31414.82,
                  "Plan Rows": 255025,
                  "Plan Width": 0,
                  "Actual Startup Time": 44.826,
                  "Actual Total Time": 74.626,
                  "Actual Rows": 124528,
                  "Actual Loops": 4,
                  "Filter": "((company_id < 14853) AND (company_type_id > 1))",
                  "Rows Removed by Filter": 527754
                }
              ]
            }
          ]
        }
      ]
    },
    "Planning Time": 0.196,
    "Triggers": [],
    "Execution Time": 93.591
  }
]