[
  {
    "Plan": {
      "Node Type": "Aggregate",
      "Strategy": "Plain",
      "Partial Mode": "Finalize",
      "Parallel Aware": false,
      "Startup Cost": 148255.91,
      "Total Cost": 148255.92,
      "Plan Rows": 1,
      "Plan Width": 8,
      "Actual Startup Time": 151.911,
      "Actual Total Time": 178.606,
      "Actual Rows": 1,
      "Actual Loops": 1,
      "Plans": [
        {
          "Node Type": "Gather",
          "Parent Relationship": "Outer",
          "Parallel Aware": false,
          "Startup Cost": 148255.49,
          "Total Cost": 148255.9,
          "Plan Rows": 4,
          "Plan Width": 8,
          "Actual Startup Time": 151.733,
          "Actual Total Time": 178.59,
          "Actual Rows": 5,
          "Actual Loops": 1,
          "Workers Planned": 4,
          "Workers Launched": 4,
          "Single Copy": false,
          "Plans": [
            {
              "Node Type": "Aggregate",
              "Strategy": "Plain",
              "Partial Mode": "Partial",
              "Parent Relationship": "Outer",
              "Parallel Aware": false,
              "Startup Cost": 147255.49,
              "Total Cost": 147255.5,
              "Plan Rows": 1,
              "Plan Width": 8,
              "Actual Startup Time": 144.664,
              "Actual Total Time": 144.666,
              "Actual Rows": 1,
              "Actual Loops": 5,
              "Plans": [
                {
                  "Node Type": "Nested Loop",
                  "Parent Relationship": "Outer",
                  "Parallel Aware": false,
                  "Join Type": "Inner",
                  "Startup Cost": 0.56,
                  "Total Cost": 147224.73,
                  "Plan Rows": 12305,
                  "Plan Width": 0,
                  "Actual Startup Time": 50.241,
                  "Actual Total Time": 143.177,
                  "Actual Rows": 13624,
                  "Actual Loops": 5,
                  "Inner Unique": false,
                  "Plans": [
                    {
                      "Node Type": "Seq Scan",
                      "Parent Relationship": "Outer",
                      "Parallel Aware": true,
                      "Relation Name": "title",
                      "Alias": "t",
                      "Startup Cost": 0.0,
                      "Total Cost": 45479.59,
                      "Plan Rows": 858,
                      "Plan Width": 4,
                      "Actual Startup Time": 50.109,
                      "Actual Total Time": 75.809,
                      "Actual Rows": 860,
                      "Actual Loops": 5,
                      "Filter": "((kind_id = 1) AND (production_year = 1969))",
                      "Rows Removed by Filter": 504802
                    },
                    {
                      "Node Type": "Index Only Scan",
                      "Parent Relationship": "Inner",
                      "Parallel Aware": false,
                      "Scan Direction": "Forward",
                      "Index Name": "movie_id_cast_info",
                      "Relation Name": "cast_info",
                      "Alias": "ci",
                      "Startup Cost": 0.56,
                      "Total Cost": 118.23,
                      "Plan Rows": 35,
                      "Plan Width": 4,
                      "Actual Startup Time": 0.014,
                      "Actual Total Time": 0.076,
                      "Actual Rows": 16,
                      "Actual Loops": 4302,
                      "Index Cond": "(movie_id = t.id)",
                      "Rows Removed by Index Recheck": 0,
                      "Heap Fetches": 68120
                    }
                  ]
                }
              ]
            }
          ]
        }
      ]
    },
    "Planning Time": 0.618,
    "Triggers": [],
    "Execution Time": 178.683
  }
]