{
  "Plan": {
    "Node Type": "Aggregate",
    "Strategy": "Plain",
    "Partial Mode": "Finalize",
    "Parallel Aware": false,
    "Startup Cost": 674551.57,
    "Total Cost": 674551.58,
    "Plan Rows": 1,
    "Plan Width": 8,
    "Actual Startup Time": 3915.573,
    "Actual Total Time": 3987.895,
    "Actual Rows": 1,
    "Actual Loops": 1,
    "Plans": [
      {
        "Node Type": "Gather",
        "Parent Relationship": "Outer",
        "Parallel Aware": false,
        "Startup Cost": 674551.46,
        "Total Cost": 674551.57,
        "Plan Rows": 1,
        "Plan Width": 8,
        "Actual Startup Time": 3913.617,
        "Actual Total Time": 3987.885,
        "Actual Rows": 2,
        "Actual Loops": 1,
        "Workers Planned": 1,
        "Workers Launched": 1,
        "Single Copy": false,
        "Plans": [
          {
            "Node Type": "Aggregate",
            "Strategy": "Plain",
            "Partial Mode": "Partial",
            "Parent Relationship": "Outer",
            "Parallel Aware": false,
            "Startup Cost": 673551.46,
            "Total Cost": 673551.47,
            "Plan Rows": 1,
            "Plan Width": 8,
            "Actual Startup Time": 3908.065,
            "Actual Total Time": 3908.071,
            "Actual Rows": 1,
            "Actual Loops": 2,
            "Plans": [
              {
                "Node Type": "Hash Join",
                "Parent Relationship": "Outer",
                "Parallel Aware": true,
                "Join Type": "Inner",
                "Startup Cost": 584710.45,
                "Total Cost": 672288.52,
                "Plan Rows": 505175,
                "Plan Width": 0,
                "Actual Startup Time": 3149.455,
                "Actual Total Time": 3753.494,
                "Actual Rows": 3852215,
                "Actual Loops": 2,
                "Inner Unique": false,
                "Hash Cond": "(mk.movie_id = t.id)",
                "Plans": [
                  {
                    "Node Type": "Seq Scan",
                    "Parent Relationship": "Outer",
                    "Parallel Aware": true,
                    "Relation Name": "movie_keyword",
                    "Alias": "mk",
                    "Startup Cost": 0.0,
                    "Total Cost": 57718.19,
                    "Plan Rows": 2151061,
                    "Plan Width": 4,
                    "Actual Startup Time": 0.048,
                    "Actual Total Time": 189.54,
                    "Actual Rows": 1822832,
                    "Actual Loops": 2,
                    "Filter": "(keyword_id > 831)",
                    "Rows Removed by Filter": 439134
                  },
                  {
                    "Node Type": "Hash",
                    "Parent Relationship": "Inner",
                    "Parallel Aware": true,
                    "Startup Cost": 580344.51,
                    "Total Cost": 580344.51,
                    "Plan Rows": 349275,
                    "Plan Width": 8,
                    "Actual Startup Time": 3141.02,
                    "Actual Total Time": 3141.024,
                    "Actual Rows": 257720,
                    "Actual Loops": 2,
                    "Hash Buckets": 1048576,
                    "Original Hash Buckets": 1048576,
                    "Hash Batches": 1,
                    "Original Hash Batches": 1,
                    "Peak Memory Usage": 28384,
                    "Plans": [
                      {
                        "Node Type": "Hash Join",
                        "Parent Relationship": "Outer",
                        "Parallel Aware": true,
                        "Join Type": "Inner",
                        "Startup Cost": 58611.16,
                        "Total Cost": 580344.51,
                        "Plan Rows": 349275,
                        "Plan Width": 8,
                        "Actual Startup Time": 134.469,
                        "Actual Total Time": 3057.604,
                        "Actual Rows": 257720,
                        "Actual Loops": 2,
                        "Inner Unique": true,
                        "Hash Cond": "(ci.movie_id = t.id)",
                        "Plans": [
                          {
                            "Node Type": "Seq Scan",
                            "Parent Relationship": "Outer",
                            "Parallel Aware": true,
                            "Relation Name": "cast_info",
                            "Alias": "ci",
                            "Startup Cost": 0.0,
                            "Total Cost": 465792.95,
                            "Plan Rows": 21310595,
                            "Plan Width": 4,
                            "Actual Startup Time": 0.013,
                            "Actual Total Time": 1274.05,
                            "Actual Rows": 18122172,
                            "Actual Loops": 2
                          },
                          {
                            "Node Type": "Hash",
                            "Parent Relationship": "Inner",
                            "Parallel Aware": true,
                            "Startup Cost": 58306.47,
                            "Total Cost": 58306.47,
                            "Plan Rows": 24375,
                            "Plan Width": 4,
                            "Actual Startup Time": 134.13,
                            "Actual Total Time": 134.131,
                            "Actual Rows": 14890,
                            "Actual Loops": 2,
                            "Hash Buckets": 65536,
                            "Original Hash Buckets": 65536,
                            "Hash Batches": 1,
                            "Original Hash Batches": 1,
                            "Peak Memory Usage": 1696,
                            "Plans": [
                              {
                                "Node Type": "Seq Scan",
                                "Parent Relationship": "Outer",
                                "Parallel Aware": true,
                                "Relation Name": "title",
                                "Alias": "t",
                                "Startup Cost": 0.0,
                                "Total Cost": 58306.47,
                                "Plan Rows": 24375,
                                "Plan Width": 4,
                                "Actual Startup Time": 0.133,
                                "Actual Total Time": 129.751,
                                "Actual Rows": 14890,
                                "Actual Loops": 2,
                                "Filter": "((kind_id < 4) AND (production_year = 2008))",
                                "Rows Removed by Filter": 1249266
                              }
                            ]
                          }
                        ]
                      }
                    ]
                  }
                ]
              }
            ]
          }
        ]
      }
    ]
  },
  "Planning Time": 0.634,
  "Triggers": [],
  "Execution Time": 3987.973
}