{
    "Plan": {
        "Node Type": "Aggregate",
        "Strategy": "Plain",
        "Partial Mode": "Finalize",
        "Parallel Aware": false,
        "Startup Cost": 272555.54,
        "Total Cost": 272555.55,
        "Plan Rows": 1,
        "Plan Width": 8,
        "Actual Startup Time": 449.259,
        "Actual Total Time": 487.991,
        "Actual Rows": 1,
        "Actual Loops": 1,
        "Output": [
            "count(*)"
        ],
        "Plans": [
            {
                "Node Type": "Gather",
                "Parent Relationship": "Outer",
                "Parallel Aware": false,
                "Startup Cost": 272555.02,
                "Total Cost": 272555.53,
                "Plan Rows": 5,
                "Plan Width": 8,
                "Actual Startup Time": 443.246,
                "Actual Total Time": 487.98,
                "Actual Rows": 6,
                "Actual Loops": 1,
                "Output": [
                    "(PARTIAL count(*))"
                ],
                "Workers Planned": 5,
                "Workers Launched": 5,
                "Single Copy": false,
                "Plans": [
                    {
                        "Node Type": "Aggregate",
                        "Strategy": "Plain",
                        "Partial Mode": "Partial",
                        "Parent Relationship": "Outer",
                        "Parallel Aware": false,
                        "Startup Cost": 271555.02,
                        "Total Cost": 271555.03,
                        "Plan Rows": 1,
                        "Plan Width": 8,
                        "Actual Startup Time": 433.223,
                        "Actual Total Time": 433.228,
                        "Actual Rows": 1,
                        "Actual Loops": 6,
                        "Output": [
                            "PARTIAL count(*)"
                        ],
                        "Workers": [
                            {
                                "Worker Number": 0,
                                "Actual Startup Time": 429.458,
                                "Actual Total Time": 429.462,
                                "Actual Rows": 1,
                                "Actual Loops": 1
                            },
                            {
                                "Worker Number": 1,
                                "Actual Startup Time": 433.767,
                                "Actual Total Time": 433.771,
                                "Actual Rows": 1,
                                "Actual Loops": 1
                            },
                            {
                                "Worker Number": 2,
                                "Actual Startup Time": 430.914,
                                "Actual Total Time": 430.918,
                                "Actual Rows": 1,
                                "Actual Loops": 1
                            },
                            {
                                "Worker Number": 3,
                                "Actual Startup Time": 431.39,
                                "Actual Total Time": 431.394,
                                "Actual Rows": 1,
                                "Actual Loops": 1
                            },
                            {
                                "Worker Number": 4,
                                "Actual Startup Time": 431.477,
                                "Actual Total Time": 431.481,
                                "Actual Rows": 1,
                                "Actual Loops": 1
                            }
                        ],
                        "Plans": [
                            {
                                "Node Type": "Nested Loop",
                                "Parent Relationship": "Outer",
                                "Parallel Aware": false,
                                "Join Type": "Inner",
                                "Startup Cost": 48416.46,
                                "Total Cost": 271465.31,
                                "Plan Rows": 35883,
                                "Plan Width": 0,
                                "Actual Startup Time": 326.744,
                                "Actual Total Time": 432.498,
                                "Actual Rows": 16002,
                                "Actual Loops": 6,
                                "Inner Unique": false,
                                "Workers": [
                                    {
                                        "Worker Number": 0,
                                        "Actual Startup Time": 323.055,
                                        "Actual Total Time": 428.811,
                                        "Actual Rows": 13606,
                                        "Actual Loops": 1
                                    },
                                    {
                                        "Worker Number": 1,
                                        "Actual Startup Time": 326.832,
                                        "Actual Total Time": 433.094,
                                        "Actual Rows": 14325,
                                        "Actual Loops": 1
                                    },
                                    {
                                        "Worker Number": 2,
                                        "Actual Startup Time": 324.574,
                                        "Actual Total Time": 430.146,
                                        "Actual Rows": 16936,
                                        "Actual Loops": 1
                                    },
                                    {
                                        "Worker Number": 3,
                                        "Actual Startup Time": 324.968,
                                        "Actual Total Time": 430.65,
                                        "Actual Rows": 15729,
                                        "Actual Loops": 1
                                    },
                                    {
                                        "Worker Number": 4,
                                        "Actual Startup Time": 325.082,
                                        "Actual Total Time": 430.795,
                                        "Actual Rows": 14660,
                                        "Actual Loops": 1
                                    }
                                ],
                                "Plans": [
                                    {
                                        "Node Type": "Hash Join",
                                        "Parent Relationship": "Outer",
                                        "Parallel Aware": true,
                                        "Join Type": "Inner",
                                        "Startup Cost": 48416.03,
                                        "Total Cost": 247542.33,
                                        "Plan Rows": 34772,
                                        "Plan Width": 8,
                                        "Actual Startup Time": 326.622,
                                        "Actual Total Time": 413.4,
                                        "Actual Rows": 6431,
                                        "Actual Loops": 6,
                                        "Output": [
                                            "t.id",
                                            "mi.movie_id"
                                        ],
                                        "Inner Unique": true,
                                        "Hash Cond": "(mi.movie_id = t.id)",
                                        "Workers": [
                                            {
                                                "Worker Number": 0,
                                                "Actual Startup Time": 322.963,
                                                "Actual Total Time": 409.354,
                                                "Actual Rows": 5491,
                                                "Actual Loops": 1
                                            },
                                            {
                                                "Worker Number": 1,
                                                "Actual Startup Time": 326.694,
                                                "Actual Total Time": 414.189,
                                                "Actual Rows": 6564,
                                                "Actual Loops": 1
                                            },
                                            {
                                                "Worker Number": 2,
                                                "Actual Startup Time": 324.404,
                                                "Actual Total Time": 411.093,
                                                "Actual Rows": 6245,
                                                "Actual Loops": 1
                                            },
                                            {
                                                "Worker Number": 3,
                                                "Actual Startup Time": 324.885,
                                                "Actual Total Time": 411.516,
                                                "Actual Rows": 6529,
                                                "Actual Loops": 1
                                            },
                                            {
                                                "Worker Number": 4,
                                                "Actual Startup Time": 324.967,
                                                "Actual Total Time": 411.874,
                                                "Actual Rows": 6246,
                                                "Actual Loops": 1
                                            }
                                        ],
                                        "Plans": [
                                            {
                                                "Node Type": "Seq Scan",
                                                "Parent Relationship": "Outer",
                                                "Parallel Aware": true,
                                                "Relation Name": "movie_info",
                                                "Schema": "public",
                                                "Alias": "mi",
                                                "Startup Cost": 0.0,
                                                "Total Cost": 198880.74,
                                                "Plan Rows": 93547,
                                                "Plan Width": 4,
                                                "Actual Startup Time": 194.128,
                                                "Actual Total Time": 264.6,
                                                "Actual Rows": 81092,
                                                "Actual Loops": 6,
                                                "Output": [
                                                    "mi.id",
                                                    "mi.movie_id",
                                                    "mi.info_type_id",
                                                    "mi.info",
                                                    "mi.note"
                                                ],
                                                "Filter": "(mi.info_type_id = 5)",
                                                "Rows Removed by Filter": 2391528,
                                                "Workers": [
                                                    {
                                                        "Worker Number": 0,
                                                        "Actual Startup Time": 194.12,
                                                        "Actual Total Time": 264.839,
                                                        "Actual Rows": 71756,
                                                        "Actual Loops": 1
                                                    },
                                                    {
                                                        "Worker Number": 1,
                                                        "Actual Startup Time": 194.116,
                                                        "Actual Total Time": 264.835,
                                                        "Actual Rows": 80831,
                                                        "Actual Loops": 1
                                                    },
                                                    {
                                                        "Worker Number": 2,
                                                        "Actual Startup Time": 194.127,
                                                        "Actual Total Time": 264.783,
                                                        "Actual Rows": 79581,
                                                        "Actual Loops": 1
                                                    },
                                                    {
                                                        "Worker Number": 3,
                                                        "Actual Startup Time": 194.159,
                                                        "Actual Total Time": 264.879,
                                                        "Actual Rows": 81138,
                                                        "Actual Loops": 1
                                                    },
                                                    {
                                                        "Worker Number": 4,
                                                        "Actual Startup Time": 194.155,
                                                        "Actual Total Time": 264.964,
                                                        "Actual Rows": 82153,
                                                        "Actual Loops": 1
                                                    }
                                                ]
                                            },
                                            {
                                                "Node Type": "Hash",
                                                "Parent Relationship": "Inner",
                                                "Parallel Aware": true,
                                                "Startup Cost": 45479.21,
                                                "Total Cost": 45479.21,
                                                "Plan Rows": 234946,
                                                "Plan Width": 4,
                                                "Actual Startup Time": 129.216,
                                                "Actual Total Time": 129.218,
                                                "Actual Rows": 146006,
                                                "Actual Loops": 6,
                                                "Output": [
                                                    "t.id"
                                                ],
                                                "Hash Buckets": 1048576,
                                                "Original Hash Buckets": 1048576,
                                                "Hash Batches": 1,
                                                "Original Hash Batches": 1,
                                                "Peak Memory Usage": 42528,
                                                "Workers": [
                                                    {
                                                        "Worker Number": 0,
                                                        "Actual Startup Time": 128.415,
                                                        "Actual Total Time": 128.416,
                                                        "Actual Rows": 112657,
                                                        "Actual Loops": 1
                                                    },
                                                    {
                                                        "Worker Number": 1,
                                                        "Actual Startup Time": 132.385,
                                                        "Actual Total Time": 132.387,
                                                        "Actual Rows": 169025,
                                                        "Actual Loops": 1
                                                    },
                                                    {
                                                        "Worker Number": 2,
                                                        "Actual Startup Time": 129.879,
                                                        "Actual Total Time": 129.88,
                                                        "Actual Rows": 131791,
                                                        "Actual Loops": 1
                                                    },
                                                    {
                                                        "Worker Number": 3,
                                                        "Actual Startup Time": 130.33,
                                                        "Actual Total Time": 130.331,
                                                        "Actual Rows": 132417,
                                                        "Actual Loops": 1
                                                    },
                                                    {
                                                        "Worker Number": 4,
                                                        "Actual Startup Time": 130.438,
                                                        "Actual Total Time": 130.439,
                                                        "Actual Rows": 129184,
                                                        "Actual Loops": 1
                                                    }
                                                ],
                                                "Plans": [
                                                    {
                                                        "Node Type": "Seq Scan",
                                                        "Parent Relationship": "Outer",
                                                        "Parallel Aware": true,
                                                        "Relation Name": "title",
                                                        "Schema": "public",
                                                        "Alias": "t",
                                                        "Startup Cost": 0.0,
                                                        "Total Cost": 45479.21,
                                                        "Plan Rows": 234946,
                                                        "Plan Width": 4,
                                                        "Actual Startup Time": 0.059,
                                                        "Actual Total Time": 75.406,
                                                        "Actual Rows": 146006,
                                                        "Actual Loops": 6,
                                                        "Output": [
                                                            "t.id"
                                                        ],
                                                        "Filter": "((t.production_year < 2007) AND (t.kind_id = 7))",
                                                        "Rows Removed by Filter": 275379,
                                                        "Workers": [
                                                            {
                                                                "Worker Number": 0,
                                                                "Actual Startup Time": 0.075,
                                                                "Actual Total Time": 75.329,
                                                                "Actual Rows": 112657,
                                                                "Actual Loops": 1
                                                            },
                                                            {
                                                                "Worker Number": 1,
                                                                "Actual Startup Time": 0.028,
                                                                "Actual Total Time": 76.787,
                                                                "Actual Rows": 169025,
                                                                "Actual Loops": 1
                                                            },
                                                            {
                                                                "Worker Number": 2,
                                                                "Actual Startup Time": 0.086,
                                                                "Actual Total Time": 76.902,
                                                                "Actual Rows": 131791,
                                                                "Actual Loops": 1
                                                            },
                                                            {
                                                                "Worker Number": 3,
                                                                "Actual Startup Time": 0.074,
                                                                "Actual Total Time": 76.953,
                                                                "Actual Rows": 132417,
                                                                "Actual Loops": 1
                                                            },
                                                            {
                                                                "Worker Number": 4,
                                                                "Actual Startup Time": 0.069,
                                                                "Actual Total Time": 77.352,
                                                                "Actual Rows": 129184,
                                                                "Actual Loops": 1
                                                            }
                                                        ]
                                                    }
                                                ]
                                            }
                                        ]
                                    },
                                    {
                                        "Node Type": "Index Only Scan",
                                        "Parent Relationship": "Inner",
                                        "Parallel Aware": false,
                                        "Scan Direction": "Forward",
                                        "Index Name": "movie_id_movie_companies",
                                        "Relation Name": "movie_companies",
                                        "Schema": "public",
                                        "Alias": "mc",
                                        "Startup Cost": 0.43,
                                        "Total Cost": 0.64,
                                        "Plan Rows": 5,
                                        "Plan Width": 4,
                                        "Actual Startup Time": 0.002,
                                        "Actual Total Time": 0.003,
                                        "Actual Rows": 2,
                                        "Actual Loops": 38587,
                                        "Output": [
                                            "mc.movie_id"
                                        ],
                                        "Index Cond": "(mc.movie_id = t.id)",
                                        "Rows Removed by Index Recheck": 0,
                                        "Heap Fetches": 96013,
                                        "Workers": [
                                            {
                                                "Worker Number": 0,
                                                "Actual Startup Time": 0.003,
                                                "Actual Total Time": 0.003,
                                                "Actual Rows": 2,
                                                "Actual Loops": 5491
                                            },
                                            {
                                                "Worker Number": 1,
                                                "Actual Startup Time": 0.002,
                                                "Actual Total Time": 0.003,
                                                "Actual Rows": 2,
                                                "Actual Loops": 6564
                                            },
                                            {
                                                "Worker Number": 2,
                                                "Actual Startup Time": 0.002,
                                                "Actual Total Time": 0.003,
                                                "Actual Rows": 3,
                                                "Actual Loops": 6245
                                            },
                                            {
                                                "Worker Number": 3,
                                                "Actual Startup Time": 0.002,
                                                "Actual Total Time": 0.003,
                                                "Actual Rows": 2,
                                                "Actual Loops": 6529
                                            },
                                            {
                                                "Worker Number": 4,
                                                "Actual Startup Time": 0.002,
                                                "Actual Total Time": 0.003,
                                                "Actual Rows": 2,
                                                "Actual Loops": 6246
                                            }
                                        ]
                                    }
                                ]
                            }
                        ]
                    }
                ]
            }
        ]
    },
    "Planning Time": 1.584,
    "Triggers": [],
    "Execution Time": 488.093
}