[
  {
    "Plan": {
      "Node Type": "Aggregate",
      "Strategy": "Plain",
      "Partial Mode": "Finalize",
      "Parallel Aware": false,
      "Startup Cost": 46711.95,
      "Total Cost": 46711.96,
      "Plan Rows": 1,
      "Plan Width": 8,
      "Actual Startup Time": 172.122,
      "Actual Total Time": 182.027,
      "Actual Rows": 1,
      "Actual Loops": 1,
      "Plans": [
        {
          "Node Type": "Gather",
          "Parent Relationship": "Outer",
          "Parallel Aware": false,
          "Startup Cost": 46711.64,
          "Total Cost": 46711.95,
          "Plan Rows": 3,
          "Plan Width": 8,
          "Actual Startup Time": 172.002,
          "Actual Total Time": 182.017,
          "Actual Rows": 4,
          "Actual Loops": 1,
          "Workers Planned": 3,
          "Workers Launched": 3,
          "Single Copy": false,
          "Plans": [
            {
              "Node Type": "Aggregate",
              "Strategy": "Plain",
              "Partial Mode": "Partial",
              "Parent Relationship": "Outer",
              "Parallel Aware": false,
              "Startup Cost": 45711.64,
              "Total Cost": 45711.65,
              "Plan Rows": 1,
              "Plan Width": 8,
              "Actual Startup Time": 165.985,
              "Actual Total Time": 165.986,
              "Actual Rows": 1,
              "Actual Loops": 4,
              "Plans": [
                {
                  "Node Type": "Seq Scan",
                  "Parent Relationship": "Outer",
                  "Parallel Aware": true,
                  "Relation Name": "movie_keyword",
                  "Alias": "mk",
                  "Startup Cost": 0.0,
                  "Total Cost": 42695.65,
                  "Plan Rows": 1206393,
                  "Plan Width": 0,
                  "Actual Startup Time": 0.045,
                  "Actual Total Time": 122.93,
                  "Actual Rows": 936070,
                  "Actual Loops": 4,
                  "Filter": "(keyword_id < 24179)",
                  "Rows Removed by Filter": 194912
                }
              ]
            }
          ]
        }
      ]
    },
    "Planning Time": 0.106,
    "Triggers": [],
    "Execution Time": 182.072
  }
]