[
  {
    "Plan": {
      "Node Type": "Aggregate",
      "Strategy": "Plain",
      "Partial Mode": "Finalize",
      "Parallel Aware": false,
      "Startup Cost": 299606.2,
      "Total Cost": 299606.21,
      "Plan Rows": 1,
      "Plan Width": 8,
      "Actual Startup Time": 2879.442,
      "Actual Total Time": 2926.882,
      "Actual Rows": 1,
      "Actual Loops": 1,
      "Plans": [
        {
          "Node Type": "Gather",
          "Parent Relationship": "Outer",
          "Parallel Aware": false,
          "Startup Cost": 299605.68,
          "Total Cost": 299606.19,
          "Plan Rows": 5,
          "Plan Width": 8,
          "Actual Startup Time": 2872.937,
          "Actual Total Time": 2926.871,
          "Actual Rows": 6,
          "Actual Loops": 1,
          "Workers Planned": 5,
          "Workers Launched": 5,
          "Single Copy": false,
          "Plans": [
            {
              "Node Type": "Aggregate",
              "Strategy": "Plain",
              "Partial Mode": "Partial",
              "Parent Relationship": "Outer",
              "Parallel Aware": false,
              "Startup Cost": 298605.68,
              "Total Cost": 298605.69,
              "Plan Rows": 1,
              "Plan Width": 8,
              "Actual Startup Time": 2862.72,
              "Actual Total Time": 2862.915,
              "Actual Rows": 1,
              "Actual Loops": 6,
              "Plans": [
                {
                  "Node Type": "Hash Join",
                  "Parent Relationship": "Outer",
                  "Parallel Aware": true,
                  "Join Type": "Inner",
                  "Startup Cost": 93180.47,
                  "Total Cost": 297393.13,
                  "Plan Rows": 485020,
                  "Plan Width": 0,
                  "Actual Startup Time": 361.925,
                  "Actual Total Time": 2200.859,
                  "Actual Rows": 13160552,
                  "Actual Loops": 6,
                  "Inner Unique": false,
                  "Hash Cond": "(mi.movie_id = t.id)",
                  "Plans": [
                    {
                      "Node Type": "Seq Scan",
                      "Parent Relationship": "Outer",
                      "Parallel Aware": true,
                      "Relation Name": "movie_info",
                      "Alias": "mi",
                      "Startup Cost": 0.0,
                      "Total Cost": 191560.33,
                      "Plan Rows": 2956733,
                      "Plan Width": 4,
                      "Actual Startup Time": 0.032,
                      "Actual Total Time": 330.873,
                      "Actual Rows": 2472620,
                      "Actual Loops": 6
                    },
                    {
                      "Node Type": "Hash",
                      "Parent Relationship": "Inner",
                      "Parallel Aware": true,
                      "Startup Cost": 91508.14,
                      "Total Cost": 91508.14,
                      "Plan Rows": 133787,
                      "Plan Width": 8,
                      "Actual Startup Time": 345.418,
                      "Actual Total Time": 345.611,
                      "Actual Rows": 140631,
                      "Actual Loops": 6,
                      "Hash Buckets": 1048576,
                      "Original Hash Buckets": 524288,
                      "Hash Batches": 1,
                      "Original Hash Batches": 1,
                      "Peak Memory Usage": 45376,
                      "Plans": [
                        {
                          "Node Type": "Hash Join",
                          "Parent Relationship": "Outer",
                          "Parallel Aware": true,
                          "Join Type": "Inner",
                          "Startup Cost": 47201.76,
                          "Total Cost": 91508.14,
                          "Plan Rows": 133787,
                          "Plan Width": 8,
                          "Actual Startup Time": 159.514,
                          "Actual Total Time": 285.838,
                          "Actual Rows": 140631,
                          "Actual Loops": 6,
                          "Inner Unique": true,
                          "Hash Cond": "(mk.movie_id = t.id)",
                          "Plans": [
                            {
                              "Node Type": "Seq Scan",
                              "Parent Relationship": "Outer",
                              "Parallel Aware": true,
                              "Relation Name": "movie_keyword",
                              "Alias": "mk",
                              "Startup Cost": 0.0,
                              "Total Cost": 42695.65,
                              "Plan Rows": 613608,
                              "Plan Width": 4,
                              "Actual Startup Time": 0.383,
                              "Actual Total Time": 95.921,
                              "Actual Rows": 318008,
                              "Actual Loops": 6,
                              "Filter": "(keyword_id > 7078)",
                              "Rows Removed by Filter": 435980
                            },
                            {
                              "Node Type": "Hash",
                              "Parent Relationship": "Inner",
                              "Parallel Aware": true,
                              "Startup Cost": 45479.1,
                              "Total Cost": 45479.1,
                              "Plan Rows": 137813,
                              "Plan Width": 4,
                              "Actual Startup Time": 132.608,
                              "Actual Total Time": 132.609,
                              "Actual Rows": 71642,
                              "Actual Loops": 6,
                              "Hash Buckets": 1048576,
                              "Original Hash Buckets": 1048576,
                              "Hash Batches": 1,
                              "Original Hash Batches": 1,
                              "Peak Memory Usage": 25088,
                              "Plans": [
                                {
                                  "Node Type": "Seq Scan",
                                  "Parent Relationship": "Outer",
                                  "Parallel Aware": true,
                                  "Relation Name": "title",
                                  "Alias": "t",
                                  "Startup Cost": 0.0,
                                  "Total Cost": 45479.1,
                                  "Plan Rows": 137813,
                                  "Plan Width": 4,
                                  "Actual Startup Time": 46.658,
                                  "Actual Total Time": 93.076,
                                  "Actual Rows": 71642,
                                  "Actual Loops": 6,
                                  "Filter": "((production_year > 1969) AND (kind_id = 1))",
                                  "Rows Removed by Filter": 349743
                                }
                              ]
                            }
                          ]
                        }
                      ]
                    }
                  ]
                }
              ]
            }
          ]
        }
      ]
    },
    "Planning Time": 1.359,
    "Triggers": [],
    "Execution Time": 2926.975
  }
]