[
  {
    "Plan": {
      "Node Type": "Aggregate",
      "Strategy": "Plain",
      "Partial Mode": "Finalize",
      "Parallel Aware": false,
      "Startup Cost": 328353.08,
      "Total Cost": 328353.09,
      "Plan Rows": 1,
      "Plan Width": 8,
      "Actual Startup Time": 464.29,
      "Actual Total Time": 488.14,
      "Actual Rows": 1,
      "Actual Loops": 1,
      "Plans": [
        {
          "Node Type": "Gather",
          "Parent Relationship": "Outer",
          "Parallel Aware": false,
          "Startup Cost": 328352.45,
          "Total Cost": 328353.06,
          "Plan Rows": 6,
          "Plan Width": 8,
          "Actual Startup Time": 464.17,
          "Actual Total Time": 488.123,
          "Actual Rows": 7,
          "Actual Loops": 1,
          "Workers Planned": 6,
          "Workers Launched": 6,
          "Single Copy": false,
          "Plans": [
            {
              "Node Type": "Aggregate",
              "Strategy": "Plain",
              "Partial Mode": "Partial",
              "Parent Relationship": "Outer",
              "Parallel Aware": false,
              "Startup Cost": 327352.45,
              "Total Cost": 327352.46,
              "Plan Rows": 1,
              "Plan Width": 8,
              "Actual Startup Time": 454.05,
              "Actual Total Time": 454.051,
              "Actual Rows": 1,
              "Actual Loops": 7,
              "Plans": [
                {
                  "Node Type": "Index Scan",
                  "Parent Relationship": "Outer",
                  "Parallel Aware": true,
                  "Scan Direction": "Forward",
                  "Index Name": "role_id_cast_info",
                  "Relation Name": "cast_info",
                  "Alias": "ci",
                  "Startup Cost": 0.56,
                  "Total Cost": 325153.08,
                  "Plan Rows": 879748,
                  "Plan Width": 0,
                  "Actual Startup Time": 0.331,
                  "Actual Total Time": 392.293,
                  "Actual Rows": 1183689,
                  "Actual Loops": 7,
                  "Index Cond": "(role_id > 3)",
                  "Rows Removed by Index Recheck": 0,
                  "Filter": "(person_id > 2088739)",
                  "Rows Removed by Filter": 546832
                }
              ]
            }
          ]
        }
      ]
    },
    "Planning Time": 0.129,
    "Triggers": [],
    "Execution Time": 488.221
  }
]