{
  "Plan": {
    "Node Type": "Aggregate",
    "Strategy": "Plain",
    "Partial Mode": "Finalize",
    "Parallel Aware": false,
    "Startup Cost": 141722.71,
    "Total Cost": 141722.72,
    "Plan Rows": 1,
    "Plan Width": 8,
    "Actual Startup Time": 1315.673,
    "Actual Total Time": 1345.664,
    "Actual Rows": 1,
    "Actual Loops": 1,
    "Plans": [
      {
        "Node Type": "Gather",
        "Parent Relationship": "Outer",
        "Parallel Aware": false,
        "Startup Cost": 141722.6,
        "Total Cost": 141722.71,
        "Plan Rows": 1,
        "Plan Width": 8,
        "Actual Startup Time": 1308.329,
        "Actual Total Time": 1345.656,
        "Actual Rows": 2,
        "Actual Loops": 1,
        "Workers Planned": 1,
        "Workers Launched": 1,
        "Single Copy": false,
        "Plans": [
          {
            "Node Type": "Aggregate",
            "Strategy": "Plain",
            "Partial Mode": "Partial",
            "Parent Relationship": "Outer",
            "Parallel Aware": false,
            "Startup Cost": 140722.6,
            "Total Cost": 140722.61,
            "Plan Rows": 1,
            "Plan Width": 8,
            "Actual Startup Time": 1302.515,
            "Actual Total Time": 1302.522,
            "Actual Rows": 1,
            "Actual Loops": 2,
            "Plans": [
              {
                "Node Type": "Hash Join",
                "Parent Relationship": "Outer",
                "Parallel Aware": true,
                "Join Type": "Inner",
                "Startup Cost": 119768.35,
                "Total Cost": 140168.7,
                "Plan Rows": 221562,
                "Plan Width": 0,
                "Actual Startup Time": 1029.663,
                "Actual Total Time": 1264.529,
                "Actual Rows": 720382,
                "Actual Loops": 2,
                "Inner Unique": false,
                "Hash Cond": "(mi_idx.movie_id = t.id)",
                "Plans": [
                  {
                    "Node Type": "Seq Scan",
                    "Parent Relationship": "Outer",
                    "Parallel Aware": true,
                    "Relation Name": "movie_info_idx",
                    "Alias": "mi_idx",
                    "Startup Cost": 0.0,
                    "Total Cost": 16052.85,
                    "Plan Rows": 811785,
                    "Plan Width": 4,
                    "Actual Startup Time": 0.024,
                    "Actual Total Time": 63.118,
                    "Actual Rows": 690018,
                    "Actual Loops": 2
                  },
                  {
                    "Node Type": "Hash",
                    "Parent Relationship": "Inner",
                    "Parallel Aware": true,
                    "Startup Cost": 114694.45,
                    "Total Cost": 114694.45,
                    "Plan Rows": 405912,
                    "Plan Width": 8,
                    "Actual Startup Time": 1024.333,
                    "Actual Total Time": 1024.338,
                    "Actual Rows": 348056,
                    "Actual Loops": 2,
                    "Hash Buckets": 1048576,
                    "Original Hash Buckets": 1048576,
                    "Hash Batches": 1,
                    "Original Hash Batches": 1,
                    "Peak Memory Usage": 35456,
                    "Plans": [
                      {
                        "Node Type": "Hash Join",
                        "Parent Relationship": "Outer",
                        "Parallel Aware": true,
                        "Join Type": "Inner",
                        "Startup Cost": 84101.03,
                        "Total Cost": 114694.45,
                        "Plan Rows": 405912,
                        "Plan Width": 8,
                        "Actual Startup Time": 694.092,
                        "Actual Total Time": 926.969,
                        "Actual Rows": 348056,
                        "Actual Loops": 2,
                        "Inner Unique": true,
                        "Hash Cond": "(mk.movie_id = t.id)",
                        "Plans": [
                          {
                            "Node Type": "Bitmap Heap Scan",
                            "Parent Relationship": "Outer",
                            "Parallel Aware": true,
                            "Relation Name": "movie_keyword",
                            "Alias": "mk",
                            "Startup Cost": 14640.33,
                            "Total Cost": 44168.23,
                            "Plan Rows": 405912,
                            "Plan Width": 4,
                            "Actual Startup Time": 59.61,
                            "Actual Total Time": 158.814,
                            "Actual Rows": 348056,
                            "Actual Loops": 2,
                            "Recheck Cond": "(keyword_id < 580)",
                            "Rows Removed by Index Recheck": 0,
                            "Exact Heap Blocks": 14403,
                            "Lossy Heap Blocks": 0,
                            "Plans": [
                              {
                                "Node Type": "Bitmap Index Scan",
                                "Parent Relationship": "Outer",
                                "Parallel Aware": false,
                                "Index Name": "keyword_id_movie_keyword",
                                "Startup Cost": 0.0,
                                "Total Cost": 14467.82,
                                "Plan Rows": 690051,
                                "Plan Width": 0,
                                "Actual Startup Time": 53.99,
                                "Actual Total Time": 53.991,
                                "Actual Rows": 696113,
                                "Actual Loops": 1,
                                "Index Cond": "(keyword_id < 580)"
                              }
                            ]
                          },
                          {
                            "Node Type": "Hash",
                            "Parent Relationship": "Inner",
                            "Parallel Aware": true,
                            "Startup Cost": 50870.31,
                            "Total Cost": 50870.31,
                            "Plan Rows": 1487231,
                            "Plan Width": 4,
                            "Actual Startup Time": 621.945,
                            "Actual Total Time": 621.946,
                            "Actual Rows": 1264156,
                            "Actual Loops": 2,
                            "Hash Buckets": 4194304,
                            "Original Hash Buckets": 4194304,
                            "Hash Batches": 1,
                            "Original Hash Batches": 1,
                            "Peak Memory Usage": 131712,
                            "Plans": [
                              {
                                "Node Type": "Seq Scan",
                                "Parent Relationship": "Outer",
                                "Parallel Aware": true,
                                "Relation Name": "title",
                                "Alias": "t",
                                "Startup Cost": 0.0,
                                "Total Cost": 50870.31,
                                "Plan Rows": 1487231,
                                "Plan Width": 4,
                                "Actual Startup Time": 0.037,
                                "Actual Total Time": 179.644,
                                "Actual Rows": 1264156,
                                "Actual Loops": 2
                              }
                            ]
                          }
                        ]
                      }
                    ]
                  }
                ]
              }
            ]
          }
        ]
      }
    ]
  },
  "Planning Time": 0.487,
  "Triggers": [],
  "Execution Time": 1345.726
}