{
  "Plan": {
    "Node Type": "Aggregate",
    "Strategy": "Plain",
    "Partial Mode": "Simple",
    "Parallel Aware": false,
    "Startup Cost": 6434.62,
    "Total Cost": 6434.63,
    "Plan Rows": 1,
    "Plan Width": 96,
    "Actual Startup Time": 36.075,
    "Actual Total Time": 39.766,
    "Actual Rows": 1,
    "Actual Loops": 1,
    "Plans": [
      {
        "Node Type": "Gather",
        "Parent Relationship": "Outer",
        "Parallel Aware": false,
        "Startup Cost": 1006.56,
        "Total Cost": 6434.61,
        "Plan Rows": 1,
        "Plan Width": 48,
        "Actual Startup Time": 36.071,
        "Actual Total Time": 39.761,
        "Actual Rows": 0,
        "Actual Loops": 1,
        "Workers Planned": 1,
        "Workers Launched": 1,
        "Single Copy": false,
        "Plans": [
          {
            "Node Type": "Nested Loop",
            "Parent Relationship": "Outer",
            "Parallel Aware": false,
            "Join Type": "Inner",
            "Startup Cost": 6.56,
            "Total Cost": 5434.51,
            "Plan Rows": 1,
            "Plan Width": 48,
            "Actual Startup Time": 27.405,
            "Actual Total Time": 27.411,
            "Actual Rows": 0,
            "Actual Loops": 2,
            "Inner Unique": false,
            "Join Filter": "(n.id = an.person_id)",
            "Rows Removed by Join Filter": 0,
            "Plans": [
              {
                "Node Type": "Hash Join",
                "Parent Relationship": "Outer",
                "Parallel Aware": false,
                "Join Type": "Inner",
                "Startup Cost": 6.13,
                "Total Cost": 5433.96,
                "Plan Rows": 1,
                "Plan Width": 56,
                "Actual Startup Time": 27.405,
                "Actual Total Time": 27.41,
                "Actual Rows": 0,
                "Actual Loops": 2,
                "Inner Unique": true,
                "Hash Cond": "(mi.info_type_id = it.id)",
                "Plans": [
                  {
                    "Node Type": "Nested Loop",
                    "Parent Relationship": "Outer",
                    "Parallel Aware": false,
                    "Join Type": "Inner",
                    "Startup Cost": 3.71,
                    "Total Cost": 5431.53,
                    "Plan Rows": 1,
                    "Plan Width": 60,
                    "Actual Startup Time": 27.058,
                    "Actual Total Time": 27.062,
                    "Actual Rows": 0,
                    "Actual Loops": 2,
                    "Inner Unique": false,
                    "Join Filter": "(t.id = mi.movie_id)",
                    "Rows Removed by Join Filter": 0,
                    "Plans": [
                      {
                        "Node Type": "Nested Loop",
                        "Parent Relationship": "Outer",
                        "Parallel Aware": false,
                        "Join Type": "Inner",
                        "Startup Cost": 3.27,
                        "Total Cost": 5429.95,
                        "Plan Rows": 1,
                        "Plan Width": 72,
                        "Actual Startup Time": 27.057,
                        "Actual Total Time": 27.061,
                        "Actual Rows": 0,
                        "Actual Loops": 2,
                        "Inner Unique": true,
                        "Plans": [
                          {
                            "Node Type": "Nested Loop",
                            "Parent Relationship": "Outer",
                            "Parallel Aware": false,
                            "Join Type": "Inner",
                            "Startup Cost": 2.84,
                            "Total Cost": 5429.17,
                            "Plan Rows": 1,
                            "Plan Width": 53,
                            "Actual Startup Time": 27.057,
                            "Actual Total Time": 27.06,
                            "Actual Rows": 0,
                            "Actual Loops": 2,
                            "Inner Unique": true,
                            "Plans": [
                              {
                                "Node Type": "Nested Loop",
                                "Parent Relationship": "Outer",
                                "Parallel Aware": false,
                                "Join Type": "Inner",
                                "Startup Cost": 2.71,
                                "Total Cost": 5428.99,
                                "Plan Rows": 1,
                                "Plan Width": 57,
                                "Actual Startup Time": 27.056,
                                "Actual Total Time": 27.059,
                                "Actual Rows": 0,
                                "Actual Loops": 2,
                                "Inner Unique": true,
                                "Plans": [
                                  {
                                    "Node Type": "Nested Loop",
                                    "Parent Relationship": "Outer",
                                    "Parallel Aware": false,
                                    "Join Type": "Inner",
                                    "Startup Cost": 2.28,
                                    "Total Cost": 5428.33,
                                    "Plan Rows": 1,
                                    "Plan Width": 45,
                                    "Actual Startup Time": 27.056,
                                    "Actual Total Time": 27.058,
                                    "Actual Rows": 0,
                                    "Actual Loops": 2,
                                    "Inner Unique": false,
                                    "Join Filter": "(t.id = ci.movie_id)",
                                    "Rows Removed by Join Filter": 0,
                                    "Plans": [
                                      {
                                        "Node Type": "Nested Loop",
                                        "Parent Relationship": "Outer",
                                        "Parallel Aware": false,
                                        "Join Type": "Inner",
                                        "Startup Cost": 1.71,
                                        "Total Cost": 5426.62,
                                        "Plan Rows": 1,
                                        "Plan Width": 29,
                                        "Actual Startup Time": 27.055,
                                        "Actual Total Time": 27.057,
                                        "Actual Rows": 0,
                                        "Actual Loops": 2,
                                        "Inner Unique": true,
                                        "Plans": [
                                          {
                                            "Node Type": "Nested Loop",
                                            "Parent Relationship": "Outer",
                                            "Parallel Aware": false,
                                            "Join Type": "Inner",
                                            "Startup Cost": 1.29,
                                            "Total Cost": 5426.17,
                                            "Plan Rows": 1,
                                            "Plan Width": 33,
                                            "Actual Startup Time": 27.054,
                                            "Actual Total Time": 27.056,
                                            "Actual Rows": 0,
                                            "Actual Loops": 2,
                                            "Inner Unique": false,
                                            "Join Filter": "(t.id = mk.movie_id)",
                                            "Rows Removed by Join Filter": 0,
                                            "Plans": [
                                              {
                                                "Node Type": "Nested Loop",
                                                "Parent Relationship": "Outer",
                                                "Parallel Aware": false,
                                                "Join Type": "Inner",
                                                "Startup Cost": 0.86,
                                                "Total Cost": 5424.26,
                                                "Plan Rows": 1,
                                                "Plan Width": 25,
                                                "Actual Startup Time": 27.054,
                                                "Actual Total Time": 27.055,
                                                "Actual Rows": 0,
                                                "Actual Loops": 2,
                                                "Inner Unique": true,
                                                "Plans": [
                                                  {
                                                    "Node Type": "Nested Loop",
                                                    "Parent Relationship": "Outer",
                                                    "Parallel Aware": false,
                                                    "Join Type": "Inner",
                                                    "Startup Cost": 0.43,
                                                    "Total Cost": 5421.12,
                                                    "Plan Rows": 6,
                                                    "Plan Width": 4,
                                                    "Actual Startup Time": 17.739,
                                                    "Actual Total Time": 26.712,
                                                    "Actual Rows": 50,
                                                    "Actual Loops": 2,
                                                    "Inner Unique": false,
                                                    "Plans": [
                                                      {
                                                        "Node Type": "Seq Scan",
                                                        "Parent Relationship": "Outer",
                                                        "Parallel Aware": true,
                                                        "Relation Name": "company_name",
                                                        "Alias": "cn",
                                                        "Startup Cost": 0.0,
                                                        "Total Cost": 5068.5,
                                                        "Plan Rows": 1,
                                                        "Plan Width": 4,
                                                        "Actual Startup Time": 17.724,
                                                        "Actual Total Time": 26.598,
                                                        "Actual Rows": 0,
                                                        "Actual Loops": 2,
                                                        "Filter": "(((country_code)::text = '[us]'::text) AND (name = 'DreamWorks Animation'::text))",
                                                        "Rows Removed by Filter": 117498
                                                      },
                                                      {
                                                        "Node Type": "Index Scan",
                                                        "Parent Relationship": "Inner",
                                                        "Parallel Aware": false,
                                                        "Scan Direction": "Forward",
                                                        "Index Name": "company_id_movie_companies",
                                                        "Relation Name": "movie_companies",
                                                        "Alias": "mc",
                                                        "Startup Cost": 0.43,
                                                        "Total Cost": 351.29,
                                                        "Plan Rows": 133,
                                                        "Plan Width": 8,
                                                        "Actual Startup Time": 0.024,
                                                        "Actual Total Time": 0.201,
                                                        "Actual Rows": 99,
                                                        "Actual Loops": 1,
                                                        "Index Cond": "(company_id = cn.id)",
                                                        "Rows Removed by Index Recheck": 0
                                                      }
                                                    ]
                                                  },
                                                  {
                                                    "Node Type": "Index Scan",
                                                    "Parent Relationship": "Inner",
                                                    "Parallel Aware": false,
                                                    "Scan Direction": "Forward",
                                                    "Index Name": "title_pkey",
                                                    "Relation Name": "title",
                                                    "Alias": "t",
                                                    "Startup Cost": 0.43,
                                                    "Total Cost": 0.52,
                                                    "Plan Rows": 1,
                                                    "Plan Width": 21,
                                                    "Actual Startup Time": 0.007,
                                                    "Actual Total Time": 0.007,
                                                    "Actual Rows": 0,
                                                    "Actual Loops": 99,
                                                    "Index Cond": "(id = mc.movie_id)",
                                                    "Rows Removed by Index Recheck": 0,
                                                    "Filter": "((production_year < 1978) AND (title ~~ 'Kung Fu Panda%'::text))",
                                                    "Rows Removed by Filter": 1
                                                  }
                                                ]
                                              },
                                              {
                                                "Node Type": "Index Scan",
                                                "Parent Relationship": "Inner",
                                                "Parallel Aware": false,
                                                "Scan Direction": "Forward",
                                                "Index Name": "movie_id_movie_keyword",
                                                "Relation Name": "movie_keyword",
                                                "Alias": "mk",
                                                "Startup Cost": 0.43,
                                                "Total Cost": 1.32,
                                                "Plan Rows": 47,
                                                "Plan Width": 8,
                                                "Actual Startup Time": 0.0,
                                                "Actual Total Time": 0.0,
                                                "Actual Rows": 0,
                                                "Actual Loops": 0,
                                                "Index Cond": "(movie_id = mc.movie_id)",
                                                "Rows Removed by Index Recheck": 0
                                              }
                                            ]
                                          },
                                          {
                                            "Node Type": "Index Scan",
                                            "Parent Relationship": "Inner",
                                            "Parallel Aware": false,
                                            "Scan Direction": "Forward",
                                            "Index Name": "keyword_pkey",
                                            "Relation Name": "keyword",
                                            "Alias": "k",
                                            "Startup Cost": 0.42,
                                            "Total Cost": 0.44,
                                            "Plan Rows": 1,
                                            "Plan Width": 4,
                                            "Actual Startup Time": 0.0,
                                            "Actual Total Time": 0.0,
                                            "Actual Rows": 0,
                                            "Actual Loops": 0,
                                            "Index Cond": "(id = mk.keyword_id)",
                                            "Rows Removed by Index Recheck": 0,
                                            "Filter": "(keyword = ANY ('{hero,martial-arts,hand-to-hand-combat,computer-animated-movie}'::text[]))",
                                            "Rows Removed by Filter": 0
                                          }
                                        ]
                                      },
                                      {
                                        "Node Type": "Index Scan",
                                        "Parent Relationship": "Inner",
                                        "Parallel Aware": false,
                                        "Scan Direction": "Forward",
                                        "Index Name": "movie_id_cast_info",
                                        "Relation Name": "cast_info",
                                        "Alias": "ci",
                                        "Startup Cost": 0.56,
                                        "Total Cost": 1.69,
                                        "Plan Rows": 1,
                                        "Plan Width": 16,
                                        "Actual Startup Time": 0.0,
                                        "Actual Total Time": 0.0,
                                        "Actual Rows": 0,
                                        "Actual Loops": 0,
                                        "Index Cond": "(movie_id = mk.movie_id)",
                                        "Rows Removed by Index Recheck": 0,
                                        "Filter": "(note = ANY ('{(voice),\"(voice: Japanese version)\",\"(voice) (uncredited)\",\"(voice: English version)\"}'::text[]))",
                                        "Rows Removed by Filter": 0
                                      }
                                    ]
                                  },
                                  {
                                    "Node Type": "Index Scan",
                                    "Parent Relationship": "Inner",
                                    "Parallel Aware": false,
                                    "Scan Direction": "Forward",
                                    "Index Name": "char_name_pkey",
                                    "Relation Name": "char_name",
                                    "Alias": "chn",
                                    "Startup Cost": 0.43,
                                    "Total Cost": 0.67,
                                    "Plan Rows": 1,
                                    "Plan Width": 20,
                                    "Actual Startup Time": 0.0,
                                    "Actual Total Time": 0.0,
                                    "Actual Rows": 0,
                                    "Actual Loops": 0,
                                    "Index Cond": "(id = ci.person_role_id)",
                                    "Rows Removed by Index Recheck": 0
                                  }
                                ]
                              },
                              {
                                "Node Type": "Index Scan",
                                "Parent Relationship": "Inner",
                                "Parallel Aware": false,
                                "Scan Direction": "Forward",
                                "Index Name": "role_type_pkey",
                                "Relation Name": "role_type",
                                "Alias": "rt",
                                "Startup Cost": 0.14,
                                "Total Cost": 0.16,
                                "Plan Rows": 1,
                                "Plan Width": 4,
                                "Actual Startup Time": 0.0,
                                "Actual Total Time": 0.0,
                                "Actual Rows": 0,
                                "Actual Loops": 0,
                                "Index Cond": "(id = ci.role_id)",
                                "Rows Removed by Index Recheck": 0,
                                "Filter": "((role)::text = 'actress'::text)",
                                "Rows Removed by Filter": 0
                              }
                            ]
                          },
                          {
                            "Node Type": "Index Scan",
                            "Parent Relationship": "Inner",
                            "Parallel Aware": false,
                            "Scan Direction": "Forward",
                            "Index Name": "name_pkey",
                            "Relation Name": "name",
                            "Alias": "n",
                            "Startup Cost": 0.43,
                            "Total Cost": 0.78,
                            "Plan Rows": 1,
                            "Plan Width": 19,
                            "Actual Startup Time": 0.0,
                            "Actual Total Time": 0.0,
                            "Actual Rows": 0,
                            "Actual Loops": 0,
                            "Index Cond": "(id = ci.person_id)",
                            "Rows Removed by Index Recheck": 0,
                            "Filter": "((name ~~ '%An%'::text) AND ((gender)::text = 'f'::text))",
                            "Rows Removed by Filter": 0
                          }
                        ]
                      },
                      {
                        "Node Type": "Index Scan",
                        "Parent Relationship": "Inner",
                        "Parallel Aware": false,
                        "Scan Direction": "Forward",
                        "Index Name": "movie_id_movie_info",
                        "Relation Name": "movie_info",
                        "Alias": "mi",
                        "Startup Cost": 0.43,
                        "Total Cost": 1.57,
                        "Plan Rows": 1,
                        "Plan Width": 8,
                        "Actual Startup Time": 0.0,
                        "Actual Total Time": 0.0,
                        "Actual Rows": 0,
                        "Actual Loops": 0,
                        "Index Cond": "(movie_id = mk.movie_id)",
                        "Rows Removed by Index Recheck": 0,
                        "Filter": "((info IS NOT NULL) AND ((info ~~ 'Japan:%201%'::text) OR (info ~~ 'USA:%201%'::text)))",
                        "Rows Removed by Filter": 0
                      }
                    ]
                  },
                  {
                    "Node Type": "Hash",
                    "Parent Relationship": "Inner",
                    "Parallel Aware": false,
                    "Startup Cost": 2.41,
                    "Total Cost": 2.41,
                    "Plan Rows": 1,
                    "Plan Width": 4,
                    "Actual Startup Time": 0.078,
                    "Actual Total Time": 0.078,
                    "Actual Rows": 1,
                    "Actual Loops": 2,
                    "Hash Buckets": 1024,
                    "Original Hash Buckets": 1024,
                    "Hash Batches": 1,
                    "Original Hash Batches": 1,
                    "Peak Memory Usage": 9,
                    "Plans": [
                      {
                        "Node Type": "Seq Scan",
                        "Parent Relationship": "Outer",
                        "Parallel Aware": false,
                        "Relation Name": "info_type",
                        "Alias": "it",
                        "Startup Cost": 0.0,
                        "Total Cost": 2.41,
                        "Plan Rows": 1,
                        "Plan Width": 4,
                        "Actual Startup Time": 0.045,
                        "Actual Total Time": 0.061,
                        "Actual Rows": 1,
                        "Actual Loops": 2,
                        "Filter": "((info)::text = 'release dates'::text)",
                        "Rows Removed by Filter": 112
                      }
                    ]
                  }
                ]
              },
              {
                "Node Type": "Index Only Scan",
                "Parent Relationship": "Inner",
                "Parallel Aware": false,
                "Scan Direction": "Forward",
                "Index Name": "person_id_aka_name",
                "Relation Name": "aka_name",
                "Alias": "an",
                "Startup Cost": 0.42,
                "Total Cost": 0.53,
                "Plan Rows": 2,
                "Plan Width": 4,
                "Actual Startup Time": 0.0,
                "Actual Total Time": 0.0,
                "Actual Rows": 0,
                "Actual Loops": 0,
                "Index Cond": "(person_id = ci.person_id)",
                "Rows Removed by Index Recheck": 0,
                "Heap Fetches": 0
              }
            ]
          }
        ]
      }
    ]
  },
  "Planning Time": 4.313,
  "Triggers": [],
  "Execution Time": 40.004
}