[
  {
    "Plan": {
      "Node Type": "Aggregate",
      "Strategy": "Plain",
      "Partial Mode": "Simple",
      "Parallel Aware": false,
      "Startup Cost": 39170.55,
      "Total Cost": 39170.56,
      "Plan Rows": 1,
      "Plan Width": 8,
      "Actual Startup Time": 83.966,
      "Actual Total Time": 83.967,
      "Actual Rows": 1,
      "Actual Loops": 1,
      "Plans": [
        {
          "Node Type": "Bitmap Heap Scan",
          "Parent Relationship": "Outer",
          "Parallel Aware": false,
          "Relation Name": "title",
          "Alias": "t",
          "Startup Cost": 1634.34,
          "Total Cost": 38992.55,
          "Plan Rows": 71198,
          "Plan Width": 0,
          "Actual Startup Time": 22.773,
          "Actual Total Time": 78.894,
          "Actual Rows": 77795,
          "Actual Loops": 1,
          "Recheck Cond": "(kind_id = 2)",
          "Rows Removed by Index Recheck": 0,
          "Filter": "(production_year > 1977)",
          "Rows Removed by Filter": 13057,
          "Exact Heap Blocks": 23872,
          "Lossy Heap Blocks": 0,
          "Plans": [
            {
              "Node Type": "Bitmap Index Scan",
              "Parent Relationship": "Outer",
              "Parallel Aware": false,
              "Index Name": "kind_id_title",
              "Startup Cost": 0.0,
              "Total Cost": 1616.54,
              "Plan Rows": 90681,
              "Plan Width": 0,
              "Actual Startup Time": 14.715,
              "Actual Total Time": 14.716,
              "Actual Rows": 90852,
              "Actual Loops": 1,
              "Index Cond": "(kind_id = 2)"
            }
          ]
        }
      ]
    },
    "Planning Time": 0.182,
    "Triggers": [],
    "Execution Time": 84.031
  }
]