[
  {
    "Plan": {
      "Node Type": "Aggregate",
      "Strategy": "Plain",
      "Partial Mode": "Finalize",
      "Parallel Aware": false,
      "Startup Cost": 98163.97,
      "Total Cost": 98163.98,
      "Plan Rows": 1,
      "Plan Width": 8,
      "Actual Startup Time": 741.138,
      "Actual Total Time": 756.692,
      "Actual Rows": 1,
      "Actual Loops": 1,
      "Plans": [
        {
          "Node Type": "Gather",
          "Parent Relationship": "Outer",
          "Parallel Aware": false,
          "Startup Cost": 98163.75,
          "Total Cost": 98163.96,
          "Plan Rows": 2,
          "Plan Width": 8,
          "Actual Startup Time": 736.117,
          "Actual Total Time": 756.682,
          "Actual Rows": 3,
          "Actual Loops": 1,
          "Workers Planned": 2,
          "Workers Launched": 2,
          "Single Copy": false,
          "Plans": [
            {
              "Node Type": "Aggregate",
              "Strategy": "Plain",
              "Partial Mode": "Partial",
              "Parent Relationship": "Outer",
              "Parallel Aware": false,
              "Startup Cost": 97163.75,
              "Total Cost": 97163.76,
              "Plan Rows": 1,
              "Plan Width": 8,
              "Actual Startup Time": 727.455,
              "Actual Total Time": 727.461,
              "Actual Rows": 1,
              "Actual Loops": 3,
              "Plans": [
                {
                  "Node Type": "Hash Join",
                  "Parent Relationship": "Outer",
                  "Parallel Aware": true,
                  "Join Type": "Inner",
                  "Startup Cost": 80271.7,
                  "Total Cost": 97002.04,
                  "Plan Rows": 64686,
                  "Plan Width": 0,
                  "Actual Startup Time": 599.051,
                  "Actual Total Time": 718.379,
                  "Actual Rows": 230768,
                  "Actual Loops": 3,
                  "Inner Unique": false,
                  "Hash Cond": "(mi_idx.movie_id = t.id)",
                  "Plans": [
                    {
                      "Node Type": "Seq Scan",
                      "Parent Relationship": "Outer",
                      "Parallel Aware": true,
                      "Relation Name": "movie_info_idx",
                      "Alias": "mi_idx",
                      "Startup Cost": 0.0,
                      "Total Cost": 15122.68,
                      "Plan Rows": 385585,
                      "Plan Width": 4,
                      "Actual Startup Time": 0.045,
                      "Actual Total Time": 42.808,
                      "Actual Rows": 306703,
                      "Actual Loops": 3,
                      "Filter": "(info_type_id > 99)",
                      "Rows Removed by Filter": 153308
                    },
                    {
                      "Node Type": "Hash",
                      "Parent Relationship": "Inner",
                      "Parallel Aware": true,
                      "Startup Cost": 78946.24,
                      "Total Cost": 78946.24,
                      "Plan Rows": 106037,
                      "Plan Width": 8,
                      "Actual Startup Time": 593.894,
                      "Actual Total Time": 593.899,
                      "Actual Rows": 251546,
                      "Actual Loops": 3,
                      "Hash Buckets": 1048576,
                      "Original Hash Buckets": 524288,
                      "Hash Batches": 1,
                      "Original Hash Batches": 1,
                      "Peak Memory Usage": 41856,
                      "Plans": [
                        {
                          "Node Type": "Hash Join",
                          "Parent Relationship": "Outer",
                          "Parallel Aware": true,
                          "Join Type": "Inner",
                          "Startup Cost": 33125.09,
                          "Total Cost": 78946.24,
                          "Plan Rows": 106037,
                          "Plan Width": 8,
                          "Actual Startup Time": 184.126,
                          "Actual Total Time": 513.517,
                          "Actual Rows": 251546,
                          "Actual Loops": 3,
                          "Inner Unique": false,
                          "Hash Cond": "(t.id = mc.movie_id)",
                          "Plans": [
                            {
                              "Node Type": "Seq Scan",
                              "Parent Relationship": "Outer",
                              "Parallel Aware": true,
                              "Relation Name": "title",
                              "Alias": "t",
                              "Startup Cost": 0.0,
                              "Total Cost": 42318.73,
                              "Plan Rows": 632073,
                              "Plan Width": 4,
                              "Actual Startup Time": 0.008,
                              "Actual Total Time": 89.648,
                              "Actual Rows": 842771,
                              "Actual Loops": 3
                            },
                            {
                              "Node Type": "Hash",
                              "Parent Relationship": "Inner",
                              "Parallel Aware": true,
                              "Startup Cost": 31414.82,
                              "Total Cost": 31414.82,
                              "Plan Rows": 136822,
                              "Plan Width": 4,
                              "Actual Startup Time": 181.535,
                              "Actual Total Time": 181.536,
                              "Actual Rows": 251546,
                              "Actual Loops": 3,
                              "Hash Buckets": 1048576,
                              "Original Hash Buckets": 524288,
                              "Hash Batches": 1,
                              "Original Hash Batches": 1,
                              "Peak Memory Usage": 41856,
                              "Plans": [
                                {
                                  "Node Type": "Seq Scan",
                                  "Parent Relationship": "Outer",
                                  "Parallel Aware": true,
                                  "Relation Name": "movie_companies",
                                  "Alias": "mc",
                                  "Startup Cost": 0.0,
                                  "Total Cost": 31414.82,
                                  "Plan Rows": 136822,
                                  "Plan Width": 4,
                                  "Actual Startup Time": 53.66,
                                  "Actual Total Time": 100.876,
                                  "Actual Rows": 251546,
                                  "Actual Loops": 3,
                                  "Filter": "((company_id > 25397) AND (company_type_id > 1))",
                                  "Rows Removed by Filter": 618163
                                }
                              ]
                            }
                          ]
                        }
                      ]
                    }
                  ]
                }
              ]
            }
          ]
        }
      ]
    },
    "Planning Time": 1.486,
    "Triggers": [],
    "Execution Time": 756.784
  }
]