[
  {
    "Plan": {
      "Node Type": "Aggregate",
      "Strategy": "Plain",
      "Partial Mode": "Finalize",
      "Parallel Aware": false,
      "Startup Cost": 84762.35,
      "Total Cost": 84762.36,
      "Plan Rows": 1,
      "Plan Width": 8,
      "Actual Startup Time": 770.452,
      "Actual Total Time": 792.261,
      "Actual Rows": 1,
      "Actual Loops": 1,
      "Plans": [
        {
          "Node Type": "Gather",
          "Parent Relationship": "Outer",
          "Parallel Aware": false,
          "Startup Cost": 84762.03,
          "Total Cost": 84762.34,
          "Plan Rows": 3,
          "Plan Width": 8,
          "Actual Startup Time": 759.656,
          "Actual Total Time": 792.251,
          "Actual Rows": 4,
          "Actual Loops": 1,
          "Workers Planned": 3,
          "Workers Launched": 3,
          "Single Copy": false,
          "Plans": [
            {
              "Node Type": "Aggregate",
              "Strategy": "Plain",
              "Partial Mode": "Partial",
              "Parent Relationship": "Outer",
              "Parallel Aware": false,
              "Startup Cost": 83762.03,
              "Total Cost": 83762.04,
              "Plan Rows": 1,
              "Plan Width": 8,
              "Actual Startup Time": 742.143,
              "Actual Total Time": 742.147,
              "Actual Rows": 1,
              "Actual Loops": 4,
              "Plans": [
                {
                  "Node Type": "Hash Join",
                  "Parent Relationship": "Outer",
                  "Parallel Aware": true,
                  "Join Type": "Inner",
                  "Startup Cost": 51580.92,
                  "Total Cost": 82381.96,
                  "Plan Rows": 552028,
                  "Plan Width": 0,
                  "Actual Startup Time": 444.616,
                  "Actual Total Time": 718.142,
                  "Actual Rows": 434022,
                  "Actual Loops": 4,
                  "Inner Unique": true,
                  "Hash Cond": "(mc.movie_id = t.id)",
                  "Plans": [
                    {
                      "Node Type": "Seq Scan",
                      "Parent Relationship": "Outer",
                      "Parallel Aware": true,
                      "Relation Name": "movie_companies",
                      "Alias": "mc",
                      "Startup Cost": 0.0,
                      "Total Cost": 29310.68,
                      "Plan Rows": 567759,
                      "Plan Width": 4,
                      "Actual Startup Time": 0.026,
                      "Actual Total Time": 91.128,
                      "Actual Rows": 436908,
                      "Actual Loops": 4,
                      "Filter": "(company_id < 24148)",
                      "Rows Removed by Filter": 215374
                    },
                    {
                      "Node Type": "Hash",
                      "Parent Relationship": "Inner",
                      "Parallel Aware": true,
                      "Startup Cost": 43898.92,
                      "Total Cost": 43898.92,
                      "Plan Rows": 614560,
                      "Plan Width": 4,
                      "Actual Startup Time": 433.316,
                      "Actual Total Time": 433.317,
                      "Actual Rows": 614054,
                      "Actual Loops": 4,
                      "Hash Buckets": 4194304,
                      "Original Hash Buckets": 4194304,
                      "Hash Batches": 1,
                      "Original Hash Batches": 1,
                      "Peak Memory Usage": 128928,
                      "Plans": [
                        {
                          "Node Type": "Seq Scan",
                          "Parent Relationship": "Outer",
                          "Parallel Aware": true,
                          "Relation Name": "title",
                          "Alias": "t",
                          "Startup Cost": 0.0,
                          "Total Cost": 43898.92,
                          "Plan Rows": 614560,
                          "Plan Width": 4,
                          "Actual Startup Time": 0.038,
                          "Actual Total Time": 145.246,
                          "Actual Rows": 614054,
                          "Actual Loops": 4,
                          "Filter": "(production_year > 0)",
                          "Rows Removed by Filter": 18024
                        }
                      ]
                    }
                  ]
                }
              ]
            }
          ]
        }
      ]
    },
    "Planning Time": 0.78,
    "Triggers": [],
    "Execution Time": 792.338
  }
]