[
    {
        "Bao": {
            "Bao prediction": "NaN",
            "Bao recommended hint": "(no hint)"
        }
    },
    {
        "Plan": {
            "Node Type": "Aggregate",
            "Strategy": "Plain",
            "Partial Mode": "Finalize",
            "Parallel Aware": false,
            "Startup Cost": 324090.3,
            "Total Cost": 324090.31,
            "Plan Rows": 1,
            "Plan Width": 8,
            "Actual Startup Time": 404.373,
            "Actual Total Time": 422.071,
            "Actual Rows": 1,
            "Actual Loops": 1,
            "Output": [
                "count(*)"
            ],
            "Plans": [
                {
                    "Node Type": "Gather",
                    "Parent Relationship": "Outer",
                    "Parallel Aware": false,
                    "Startup Cost": 324089.67,
                    "Total Cost": 324090.28,
                    "Plan Rows": 6,
                    "Plan Width": 8,
                    "Actual Startup Time": 404.279,
                    "Actual Total Time": 422.056,
                    "Actual Rows": 7,
                    "Actual Loops": 1,
                    "Output": [
                        "(PARTIAL count(*))"
                    ],
                    "Workers Planned": 6,
                    "Workers Launched": 6,
                    "Single Copy": false,
                    "Plans": [
                        {
                            "Node Type": "Aggregate",
                            "Strategy": "Plain",
                            "Partial Mode": "Partial",
                            "Parent Relationship": "Outer",
                            "Parallel Aware": false,
                            "Startup Cost": 323089.67,
                            "Total Cost": 323089.68,
                            "Plan Rows": 1,
                            "Plan Width": 8,
                            "Actual Startup Time": 394.21,
                            "Actual Total Time": 394.211,
                            "Actual Rows": 1,
                            "Actual Loops": 7,
                            "Output": [
                                "PARTIAL count(*)"
                            ],
                            "Workers": [
                                {
                                    "Worker Number": 0,
                                    "Actual Startup Time": 391.789,
                                    "Actual Total Time": 391.79,
                                    "Actual Rows": 1,
                                    "Actual Loops": 1
                                },
                                {
                                    "Worker Number": 1,
                                    "Actual Startup Time": 392.254,
                                    "Actual Total Time": 392.255,
                                    "Actual Rows": 1,
                                    "Actual Loops": 1
                                },
                                {
                                    "Worker Number": 2,
                                    "Actual Startup Time": 392.375,
                                    "Actual Total Time": 392.376,
                                    "Actual Rows": 1,
                                    "Actual Loops": 1
                                },
                                {
                                    "Worker Number": 3,
                                    "Actual Startup Time": 392.529,
                                    "Actual Total Time": 392.53,
                                    "Actual Rows": 1,
                                    "Actual Loops": 1
                                },
                                {
                                    "Worker Number": 4,
                                    "Actual Startup Time": 393.213,
                                    "Actual Total Time": 393.215,
                                    "Actual Rows": 1,
                                    "Actual Loops": 1
                                },
                                {
                                    "Worker Number": 5,
                                    "Actual Startup Time": 393.373,
                                    "Actual Total Time": 393.374,
                                    "Actual Rows": 1,
                                    "Actual Loops": 1
                                }
                            ],
                            "Plans": [
                                {
                                    "Node Type": "Index Scan",
                                    "Parent Relationship": "Outer",
                                    "Parallel Aware": true,
                                    "Scan Direction": "Forward",
                                    "Index Name": "role_id_cast_info",
                                    "Relation Name": "cast_info",
                                    "Schema": "public",
                                    "Alias": "ci",
                                    "Startup Cost": 0.56,
                                    "Total Cost": 322560.04,
                                    "Plan Rows": 211855,
                                    "Plan Width": 0,
                                    "Actual Startup Time": 0.168,
                                    "Actual Total Time": 387.537,
                                    "Actual Rows": 112632,
                                    "Actual Loops": 7,
                                    "Output": [
                                        "id",
                                        "person_id",
                                        "movie_id",
                                        "person_role_id",
                                        "note",
                                        "nr_order",
                                        "role_id"
                                    ],
                                    "Index Cond": "(ci.role_id > 3)",
                                    "Rows Removed by Index Recheck": 0,
                                    "Filter": "(ci.person_id < 372983)",
                                    "Rows Removed by Filter": 1617889,
                                    "Workers": [
                                        {
                                            "Worker Number": 0,
                                            "Actual Startup Time": 0.174,
                                            "Actual Total Time": 385.089,
                                            "Actual Rows": 81028,
                                            "Actual Loops": 1
                                        },
                                        {
                                            "Worker Number": 1,
                                            "Actual Startup Time": 0.157,
                                            "Actual Total Time": 385.684,
                                            "Actual Rows": 106008,
                                            "Actual Loops": 1
                                        },
                                        {
                                            "Worker Number": 2,
                                            "Actual Startup Time": 0.24,
                                            "Actual Total Time": 385.886,
                                            "Actual Rows": 104899,
                                            "Actual Loops": 1
                                        },
                                        {
                                            "Worker Number": 3,
                                            "Actual Startup Time": 0.163,
                                            "Actual Total Time": 386.066,
                                            "Actual Rows": 103055,
                                            "Actual Loops": 1
                                        },
                                        {
                                            "Worker Number": 4,
                                            "Actual Startup Time": 0.145,
                                            "Actual Total Time": 386.742,
                                            "Actual Rows": 108287,
                                            "Actual Loops": 1
                                        },
                                        {
                                            "Worker Number": 5,
                                            "Actual Startup Time": 0.262,
                                            "Actual Total Time": 386.733,
                                            "Actual Rows": 111211,
                                            "Actual Loops": 1
                                        }
                                    ]
                                }
                            ]
                        }
                    ]
                }
            ]
        },
        "Planning Time": 190.693,
        "Triggers": [],
        "Execution Time": 422.125
    }
]