[
  {
    "Plan": {
      "Node Type": "Aggregate",
      "Strategy": "Plain",
      "Partial Mode": "Finalize",
      "Parallel Aware": false,
      "Startup Cost": 124320.1,
      "Total Cost": 124320.11,
      "Plan Rows": 1,
      "Plan Width": 8,
      "Actual Startup Time": 452.688,
      "Actual Total Time": 474.856,
      "Actual Rows": 1,
      "Actual Loops": 1,
      "Plans": [
        {
          "Node Type": "Gather",
          "Parent Relationship": "Outer",
          "Parallel Aware": false,
          "Startup Cost": 124319.78,
          "Total Cost": 124320.09,
          "Plan Rows": 3,
          "Plan Width": 8,
          "Actual Startup Time": 445.392,
          "Actual Total Time": 474.848,
          "Actual Rows": 4,
          "Actual Loops": 1,
          "Workers Planned": 3,
          "Workers Launched": 3,
          "Single Copy": false,
          "Plans": [
            {
              "Node Type": "Aggregate",
              "Strategy": "Plain",
              "Partial Mode": "Partial",
              "Parent Relationship": "Outer",
              "Parallel Aware": false,
              "Startup Cost": 123319.78,
              "Total Cost": 123319.79,
              "Plan Rows": 1,
              "Plan Width": 8,
              "Actual Startup Time": 437.731,
              "Actual Total Time": 437.739,
              "Actual Rows": 1,
              "Actual Loops": 4,
              "Plans": [
                {
                  "Node Type": "Hash Join",
                  "Parent Relationship": "Outer",
                  "Parallel Aware": true,
                  "Join Type": "Inner",
                  "Startup Cost": 78580.74,
                  "Total Cost": 123253.91,
                  "Plan Rows": 26348,
                  "Plan Width": 0,
                  "Actual Startup Time": 282.421,
                  "Actual Total Time": 433.977,
                  "Actual Rows": 71806,
                  "Actual Loops": 4,
                  "Inner Unique": false,
                  "Hash Cond": "(mk.movie_id = t.id)",
                  "Plans": [
                    {
                      "Node Type": "Seq Scan",
                      "Parent Relationship": "Outer",
                      "Parallel Aware": true,
                      "Relation Name": "movie_keyword",
                      "Alias": "mk",
                      "Startup Cost": 0.0,
                      "Total Cost": 42695.65,
                      "Plan Rows": 504676,
                      "Plan Width": 4,
                      "Actual Startup Time": 1.025,
                      "Actual Total Time": 110.264,
                      "Actual Rows": 389083,
                      "Actual Loops": 4,
                      "Filter": "(keyword_id > 10113)",
                      "Rows Removed by Filter": 741900
                    },
                    {
                      "Node Type": "Hash",
                      "Parent Relationship": "Inner",
                      "Parallel Aware": true,
                      "Startup Cost": 78048.47,
                      "Total Cost": 78048.47,
                      "Plan Rows": 42581,
                      "Plan Width": 8,
                      "Actual Startup Time": 279.776,
                      "Actual Total Time": 279.782,
                      "Actual Rows": 19377,
                      "Actual Loops": 4,
                      "Hash Buckets": 262144,
                      "Original Hash Buckets": 262144,
                      "Hash Batches": 1,
                      "Original Hash Batches": 1,
                      "Peak Memory Usage": 5184,
                      "Plans": [
                        {
                          "Node Type": "Hash Join",
                          "Parent Relationship": "Outer",
                          "Parallel Aware": true,
                          "Join Type": "Inner",
                          "Startup Cost": 46259.45,
                          "Total Cost": 78048.47,
                          "Plan Rows": 42581,
                          "Plan Width": 8,
                          "Actual Startup Time": 212.563,
                          "Actual Total Time": 272.835,
                          "Actual Rows": 19377,
                          "Actual Loops": 4,
                          "Inner Unique": true,
                          "Hash Cond": "(mc.movie_id = t.id)",
                          "Plans": [
                            {
                              "Node Type": "Seq Scan",
                              "Parent Relationship": "Outer",
                              "Parallel Aware": true,
                              "Relation Name": "movie_companies",
                              "Alias": "mc",
                              "Startup Cost": 0.0,
                              "Total Cost": 31414.82,
                              "Plan Rows": 142556,
                              "Plan Width": 4,
                              "Actual Startup Time": 34.655,
                              "Actual Total Time": 68.972,
                              "Actual Rows": 63240,
                              "Actual Loops": 4,
                              "Filter": "((company_id < 2561) AND (company_type_id = 2))",
                              "Rows Removed by Filter": 589042
                            },
                            {
                              "Node Type": "Hash",
                              "Parent Relationship": "Inner",
                              "Parallel Aware": true,
                              "Startup Cost": 43899.32,
                              "Total Cost": 43899.32,
                              "Plan Rows": 188810,
                              "Plan Width": 4,
                              "Actual Startup Time": 175.718,
                              "Actual Total Time": 175.72,
                              "Actual Rows": 188419,
                              "Actual Loops": 4,
                              "Hash Buckets": 1048576,
                              "Original Hash Buckets": 1048576,
                              "Hash Batches": 1,
                              "Original Hash Batches": 1,
                              "Peak Memory Usage": 37728,
                              "Plans": [
                                {
                                  "Node Type": "Seq Scan",
                                  "Parent Relationship": "Outer",
                                  "Parallel Aware": true,
                                  "Relation Name": "title",
                                  "Alias": "t",
                                  "Startup Cost": 0.0,
                                  "Total Cost": 43899.32,
                                  "Plan Rows": 188810,
                                  "Plan Width": 4,
                                  "Actual Startup Time": 0.042,
                                  "Actual Total Time": 105.363,
                                  "Actual Rows": 188419,
                                  "Actual Loops": 4,
                                  "Filter": "(kind_id < 3)",
                                  "Rows Removed by Filter": 443659
                                }
                              ]
                            }
                          ]
                        }
                      ]
                    }
                  ]
                }
              ]
            }
          ]
        }
      ]
    },
    "Planning Time": 0.465,
    "Triggers": [],
    "Execution Time": 474.911
  }
]