{
  "Plan": {
    "Node Type": "Aggregate",
    "Strategy": "Plain",
    "Partial Mode": "Finalize",
    "Parallel Aware": false,
    "Startup Cost": 96322.88,
    "Total Cost": 96322.89,
    "Plan Rows": 1,
    "Plan Width": 8,
    "Actual Startup Time": 327.468,
    "Actual Total Time": 343.012,
    "Actual Rows": 1,
    "Actual Loops": 1,
    "Plans": [
      {
        "Node Type": "Gather",
        "Parent Relationship": "Outer",
        "Parallel Aware": false,
        "Startup Cost": 96322.77,
        "Total Cost": 96322.88,
        "Plan Rows": 1,
        "Plan Width": 8,
        "Actual Startup Time": 326.968,
        "Actual Total Time": 343.005,
        "Actual Rows": 2,
        "Actual Loops": 1,
        "Workers Planned": 1,
        "Workers Launched": 1,
        "Single Copy": false,
        "Plans": [
          {
            "Node Type": "Aggregate",
            "Strategy": "Plain",
            "Partial Mode": "Partial",
            "Parent Relationship": "Outer",
            "Parallel Aware": false,
            "Startup Cost": 95322.77,
            "Total Cost": 95322.78,
            "Plan Rows": 1,
            "Plan Width": 8,
            "Actual Startup Time": 321.313,
            "Actual Total Time": 321.316,
            "Actual Rows": 1,
            "Actual Loops": 2,
            "Plans": [
              {
                "Node Type": "Hash Join",
                "Parent Relationship": "Outer",
                "Parallel Aware": true,
                "Join Type": "Inner",
                "Startup Cost": 55651.14,
                "Total Cost": 95235.15,
                "Plan Rows": 35046,
                "Plan Width": 0,
                "Actual Startup Time": 170.546,
                "Actual Total Time": 320.152,
                "Actual Rows": 25538,
                "Actual Loops": 2,
                "Inner Unique": true,
                "Hash Cond": "(mc.movie_id = t.id)",
                "Plans": [
                  {
                    "Node Type": "Seq Scan",
                    "Parent Relationship": "Outer",
                    "Parallel Aware": true,
                    "Relation Name": "movie_companies",
                    "Alias": "mc",
                    "Startup Cost": 0.0,
                    "Total Cost": 37974.77,
                    "Plan Rows": 613044,
                    "Plan Width": 4,
                    "Actual Startup Time": 14.617,
                    "Actual Total Time": 105.851,
                    "Actual Rows": 525958,
                    "Actual Loops": 2,
                    "Filter": "(company_id > 14915)",
                    "Rows Removed by Filter": 778606
                  },
                  {
                    "Node Type": "Hash",
                    "Parent Relationship": "Inner",
                    "Parallel Aware": true,
                    "Startup Cost": 54588.39,
                    "Total Cost": 54588.39,
                    "Plan Rows": 85020,
                    "Plan Width": 4,
                    "Actual Startup Time": 153.346,
                    "Actual Total Time": 153.346,
                    "Actual Rows": 70852,
                    "Actual Loops": 2,
                    "Hash Buckets": 262144,
                    "Original Hash Buckets": 262144,
                    "Hash Batches": 1,
                    "Original Hash Batches": 1,
                    "Peak Memory Usage": 7616,
                    "Plans": [
                      {
                        "Node Type": "Seq Scan",
                        "Parent Relationship": "Outer",
                        "Parallel Aware": true,
                        "Relation Name": "title",
                        "Alias": "t",
                        "Startup Cost": 0.0,
                        "Total Cost": 54588.39,
                        "Plan Rows": 85020,
                        "Plan Width": 4,
                        "Actual Startup Time": 0.032,
                        "Actual Total Time": 134.53,
                        "Actual Rows": 70852,
                        "Actual Loops": 2,
                        "Filter": "(production_year = 2010)",
                        "Rows Removed by Filter": 1193304
                      }
                    ]
                  }
                ]
              }
            ]
          }
        ]
      }
    ]
  },
  "Planning Time": 0.411,
  "Triggers": [],
  "Execution Time": 343.07
}