[
  {
    "Plan": {
      "Node Type": "Aggregate",
      "Strategy": "Plain",
      "Partial Mode": "Finalize",
      "Parallel Aware": false,
      "Startup Cost": 74996.06,
      "Total Cost": 74996.07,
      "Plan Rows": 1,
      "Plan Width": 8,
      "Actual Startup Time": 143.901,
      "Actual Total Time": 155.105,
      "Actual Rows": 1,
      "Actual Loops": 1,
      "Plans": [
        {
          "Node Type": "Gather",
          "Parent Relationship": "Outer",
          "Parallel Aware": false,
          "Startup Cost": 74995.53,
          "Total Cost": 74996.04,
          "Plan Rows": 5,
          "Plan Width": 8,
          "Actual Startup Time": 143.804,
          "Actual Total Time": 155.094,
          "Actual Rows": 6,
          "Actual Loops": 1,
          "Workers Planned": 5,
          "Workers Launched": 5,
          "Single Copy": false,
          "Plans": [
            {
              "Node Type": "Aggregate",
              "Strategy": "Plain",
              "Partial Mode": "Partial",
              "Parent Relationship": "Outer",
              "Parallel Aware": false,
              "Startup Cost": 73995.53,
              "Total Cost": 73995.54,
              "Plan Rows": 1,
              "Plan Width": 8,
              "Actual Startup Time": 138.2,
              "Actual Total Time": 138.202,
              "Actual Rows": 1,
              "Actual Loops": 6,
              "Plans": [
                {
                  "Node Type": "Index Scan",
                  "Parent Relationship": "Outer",
                  "Parallel Aware": true,
                  "Scan Direction": "Forward",
                  "Index Name": "role_id_cast_info",
                  "Relation Name": "cast_info",
                  "Alias": "ci",
                  "Startup Cost": 0.56,
                  "Total Cost": 72913.16,
                  "Plan Rows": 432951,
                  "Plan Width": 0,
                  "Actual Startup Time": 0.107,
                  "Actual Total Time": 118.829,
                  "Actual Rows": 301934,
                  "Actual Loops": 6,
                  "Index Cond": "(role_id = 4)",
                  "Rows Removed by Index Recheck": 0,
                  "Filter": "(person_id < 2981458)",
                  "Rows Removed by Filter": 152890
                }
              ]
            }
          ]
        }
      ]
    },
    "Planning Time": 0.106,
    "Triggers": [],
    "Execution Time": 155.141
  }
]