[
  {
    "Plan": {
      "Node Type": "Aggregate",
      "Strategy": "Plain",
      "Partial Mode": "Finalize",
      "Parallel Aware": false,
      "Startup Cost": 250021.06,
      "Total Cost": 250021.07,
      "Plan Rows": 1,
      "Plan Width": 8,
      "Actual Startup Time": 2088.6,
      "Actual Total Time": 2177.962,
      "Actual Rows": 1,
      "Actual Loops": 1,
      "Plans": [
        {
          "Node Type": "Gather",
          "Parent Relationship": "Outer",
          "Parallel Aware": false,
          "Startup Cost": 250020.74,
          "Total Cost": 250021.05,
          "Plan Rows": 3,
          "Plan Width": 8,
          "Actual Startup Time": 2083.307,
          "Actual Total Time": 2177.947,
          "Actual Rows": 4,
          "Actual Loops": 1,
          "Workers Planned": 3,
          "Workers Launched": 3,
          "Single Copy": false,
          "Plans": [
            {
              "Node Type": "Aggregate",
              "Strategy": "Plain",
              "Partial Mode": "Partial",
              "Parent Relationship": "Outer",
              "Parallel Aware": false,
              "Startup Cost": 249020.74,
              "Total Cost": 249020.75,
              "Plan Rows": 1,
              "Plan Width": 8,
              "Actual Startup Time": 2071.696,
              "Actual Total Time": 2071.701,
              "Actual Rows": 1,
              "Actual Loops": 4,
              "Plans": [
                {
                  "Node Type": "Nested Loop",
                  "Parent Relationship": "Outer",
                  "Parallel Aware": false,
                  "Join Type": "Inner",
                  "Startup Cost": 48999.08,
                  "Total Cost": 247885.9,
                  "Plan Rows": 453938,
                  "Plan Width": 0,
                  "Actual Startup Time": 287.693,
                  "Actual Total Time": 1988.865,
                  "Actual Rows": 1332764,
                  "Actual Loops": 4,
                  "Inner Unique": false,
                  "Plans": [
                    {
                      "Node Type": "Hash Join",
                      "Parent Relationship": "Outer",
                      "Parallel Aware": true,
                      "Join Type": "Inner",
                      "Startup Cost": 48998.51,
                      "Total Cost": 80752.76,
                      "Plan Rows": 57588,
                      "Plan Width": 8,
                      "Actual Startup Time": 287.484,
                      "Actual Total Time": 428.199,
                      "Actual Rows": 44249,
                      "Actual Loops": 4,
                      "Inner Unique": true,
                      "Hash Cond": "(mc.movie_id = t.id)",
                      "Plans": [
                        {
                          "Node Type": "Seq Scan",
                          "Parent Relationship": "Outer",
                          "Parallel Aware": true,
                          "Relation Name": "movie_companies",
                          "Alias": "mc",
                          "Startup Cost": 0.0,
                          "Total Cost": 31414.82,
                          "Plan Rows": 129307,
                          "Plan Width": 4,
                          "Actual Startup Time": 0.012,
                          "Actual Total Time": 77.745,
                          "Actual Rows": 145534,
                          "Actual Loops": 4,
                          "Filter": "((company_id < 1961) AND (company_type_id = 1))",
                          "Rows Removed by Filter": 506749
                        },
                        {
                          "Node Type": "Hash",
                          "Parent Relationship": "Inner",
                          "Parallel Aware": true,
                          "Startup Cost": 45479.59,
                          "Total Cost": 45479.59,
                          "Plan Rows": 281514,
                          "Plan Width": 4,
                          "Actual Startup Time": 279.838,
                          "Actual Total Time": 279.839,
                          "Actual Rows": 303272,
                          "Actual Loops": 4,
                          "Hash Buckets": 2097152,
                          "Original Hash Buckets": 2097152,
                          "Hash Batches": 1,
                          "Original Hash Batches": 1,
                          "Peak Memory Usage": 63904,
                          "Plans": [
                            {
                              "Node Type": "Seq Scan",
                              "Parent Relationship": "Outer",
                              "Parallel Aware": true,
                              "Relation Name": "title",
                              "Alias": "t",
                              "Startup Cost": 0.0,
                              "Total Cost": 45479.59,
                              "Plan Rows": 281514,
                              "Plan Width": 4,
                              "Actual Startup Time": 0.049,
                              "Actual Total Time": 135.757,
                              "Actual Rows": 303272,
                              "Actual Loops": 4,
                              "Filter": "((production_year > 1986) AND (kind_id = 7))",
                              "Rows Removed by Filter": 328806
                            }
                          ]
                        }
                      ]
                    },
                    {
                      "Node Type": "Index Scan",
                      "Parent Relationship": "Inner",
                      "Parallel Aware": false,
                      "Scan Direction": "Forward",
                      "Index Name": "movie_id_cast_info",
                      "Relation Name": "cast_info",
                      "Alias": "ci",
                      "Startup Cost": 0.56,
                      "Total Cost": 2.71,
                      "Plan Rows": 19,
                      "Plan Width": 4,
                      "Actual Startup Time": 0.012,
                      "Actual Total Time": 0.032,
                      "Actual Rows": 30,
                      "Actual Loops": 176997,
                      "Index Cond": "(movie_id = t.id)",
                      "Rows Removed by Index Recheck": 0,
                      "Filter": "((person_id > 555527) AND (role_id > 1))",
                      "Rows Removed by Filter": 13
                    }
                  ]
                }
              ]
            }
          ]
        }
      ]
    },
    "Planning Time": 1.49,
    "Triggers": [],
    "Execution Time": 2178.077
  }
]