{
  "Plan": {
    "Node Type": "Aggregate",
    "Strategy": "Plain",
    "Partial Mode": "Finalize",
    "Parallel Aware": false,
    "Startup Cost": 69033.19,
    "Total Cost": 69033.2,
    "Plan Rows": 1,
    "Plan Width": 8,
    "Actual Startup Time": 273.256,
    "Actual Total Time": 282.419,
    "Actual Rows": 1,
    "Actual Loops": 1,
    "Plans": [
      {
        "Node Type": "Gather",
        "Parent Relationship": "Outer",
        "Parallel Aware": false,
        "Startup Cost": 69033.07,
        "Total Cost": 69033.18,
        "Plan Rows": 1,
        "Plan Width": 8,
        "Actual Startup Time": 272.982,
        "Actual Total Time": 282.409,
        "Actual Rows": 2,
        "Actual Loops": 1,
        "Workers Planned": 1,
        "Workers Launched": 1,
        "Single Copy": false,
        "Plans": [
          {
            "Node Type": "Aggregate",
            "Strategy": "Plain",
            "Partial Mode": "Partial",
            "Parent Relationship": "Outer",
            "Parallel Aware": false,
            "Startup Cost": 68033.07,
            "Total Cost": 68033.08,
            "Plan Rows": 1,
            "Plan Width": 8,
            "Actual Startup Time": 266.831,
            "Actual Total Time": 266.835,
            "Actual Rows": 1,
            "Actual Loops": 2,
            "Plans": [
              {
                "Node Type": "Hash Join",
                "Parent Relationship": "Outer",
                "Parallel Aware": true,
                "Join Type": "Inner",
                "Startup Cost": 7853.19,
                "Total Cost": 68028.79,
                "Plan Rows": 1715,
                "Plan Width": 0,
                "Actual Startup Time": 186.779,
                "Actual Total Time": 266.751,
                "Actual Rows": 1300,
                "Actual Loops": 2,
                "Inner Unique": false,
                "Hash Cond": "(t.id = mc.movie_id)",
                "Plans": [
                  {
                    "Node Type": "Seq Scan",
                    "Parent Relationship": "Outer",
                    "Parallel Aware": true,
                    "Relation Name": "title",
                    "Alias": "t",
                    "Startup Cost": 0.0,
                    "Total Cost": 50870.31,
                    "Plan Rows": 1487231,
                    "Plan Width": 4,
                    "Actual Startup Time": 0.022,
                    "Actual Total Time": 138.958,
                    "Actual Rows": 1264156,
                    "Actual Loops": 2
                  },
                  {
                    "Node Type": "Hash",
                    "Parent Relationship": "Inner",
                    "Parallel Aware": true,
                    "Startup Cost": 7831.75,
                    "Total Cost": 7831.75,
                    "Plan Rows": 1715,
                    "Plan Width": 4,
                    "Actual Startup Time": 1.749,
                    "Actual Total Time": 1.75,
                    "Actual Rows": 1300,
                    "Actual Loops": 2,
                    "Hash Buckets": 4096,
                    "Original Hash Buckets": 4096,
                    "Hash Batches": 1,
                    "Original Hash Batches": 1,
                    "Peak Memory Usage": 160,
                    "Plans": [
                      {
                        "Node Type": "Bitmap Heap Scan",
                        "Parent Relationship": "Outer",
                        "Parallel Aware": true,
                        "Relation Name": "movie_companies",
                        "Alias": "mc",
                        "Startup Cost": 67.02,
                        "Total Cost": 7831.75,
                        "Plan Rows": 1715,
                        "Plan Width": 4,
                        "Actual Startup Time": 0.423,
                        "Actual Total Time": 2.13,
                        "Actual Rows": 2601,
                        "Actual Loops": 1,
                        "Recheck Cond": "(company_id > 232476)",
                        "Rows Removed by Index Recheck": 0,
                        "Exact Heap Blocks": 117,
                        "Lossy Heap Blocks": 0,
                        "Plans": [
                          {
                            "Node Type": "Bitmap Index Scan",
                            "Parent Relationship": "Outer",
                            "Parallel Aware": false,
                            "Index Name": "company_id_movie_companies",
                            "Startup Cost": 0.0,
                            "Total Cost": 66.29,
                            "Plan Rows": 2915,
                            "Plan Width": 0,
                            "Actual Startup Time": 0.34,
                            "Actual Total Time": 0.34,
                            "Actual Rows": 2601,
                            "Actual Loops": 1,
                            "Index Cond": "(company_id > 232476)"
                          }
                        ]
                      }
                    ]
                  }
                ]
              }
            ]
          }
        ]
      }
    ]
  },
  "Planning Time": 0.771,
  "Triggers": [],
  "Execution Time": 282.511
}