[
    {
        "Bao": {
            "Bao prediction": "NaN",
            "Bao recommended hint": "(no hint)"
        }
    },
    {
        "Plan": {
            "Node Type": "Aggregate",
            "Strategy": "Plain",
            "Partial Mode": "Finalize",
            "Parallel Aware": false,
            "Startup Cost": 266717.0,
            "Total Cost": 266717.01,
            "Plan Rows": 1,
            "Plan Width": 8,
            "Actual Startup Time": 554.868,
            "Actual Total Time": 567.881,
            "Actual Rows": 1,
            "Actual Loops": 1,
            "Output": [
                "count(*)"
            ],
            "Plans": [
                {
                    "Node Type": "Gather",
                    "Parent Relationship": "Outer",
                    "Parallel Aware": false,
                    "Startup Cost": 266716.48,
                    "Total Cost": 266716.99,
                    "Plan Rows": 5,
                    "Plan Width": 8,
                    "Actual Startup Time": 547.367,
                    "Actual Total Time": 567.856,
                    "Actual Rows": 6,
                    "Actual Loops": 1,
                    "Output": [
                        "(PARTIAL count(*))"
                    ],
                    "Workers Planned": 5,
                    "Workers Launched": 5,
                    "Single Copy": false,
                    "Plans": [
                        {
                            "Node Type": "Aggregate",
                            "Strategy": "Plain",
                            "Partial Mode": "Partial",
                            "Parent Relationship": "Outer",
                            "Parallel Aware": false,
                            "Startup Cost": 265716.48,
                            "Total Cost": 265716.49,
                            "Plan Rows": 1,
                            "Plan Width": 8,
                            "Actual Startup Time": 536.728,
                            "Actual Total Time": 536.838,
                            "Actual Rows": 1,
                            "Actual Loops": 6,
                            "Output": [
                                "PARTIAL count(*)"
                            ],
                            "Workers": [
                                {
                                    "Worker Number": 0,
                                    "Actual Startup Time": 534.654,
                                    "Actual Total Time": 534.66,
                                    "Actual Rows": 1,
                                    "Actual Loops": 1
                                },
                                {
                                    "Worker Number": 1,
                                    "Actual Startup Time": 534.531,
                                    "Actual Total Time": 534.536,
                                    "Actual Rows": 1,
                                    "Actual Loops": 1
                                },
                                {
                                    "Worker Number": 2,
                                    "Actual Startup Time": 534.567,
                                    "Actual Total Time": 534.572,
                                    "Actual Rows": 1,
                                    "Actual Loops": 1
                                },
                                {
                                    "Worker Number": 3,
                                    "Actual Startup Time": 535.046,
                                    "Actual Total Time": 535.052,
                                    "Actual Rows": 1,
                                    "Actual Loops": 1
                                },
                                {
                                    "Worker Number": 4,
                                    "Actual Startup Time": 535.016,
                                    "Actual Total Time": 535.022,
                                    "Actual Rows": 1,
                                    "Actual Loops": 1
                                }
                            ],
                            "Plans": [
                                {
                                    "Node Type": "Hash Join",
                                    "Parent Relationship": "Outer",
                                    "Parallel Aware": true,
                                    "Join Type": "Inner",
                                    "Startup Cost": 100027.4,
                                    "Total Cost": 265601.06,
                                    "Plan Rows": 46166,
                                    "Plan Width": 0,
                                    "Actual Startup Time": 404.439,
                                    "Actual Total Time": 523.263,
                                    "Actual Rows": 225541,
                                    "Actual Loops": 6,
                                    "Inner Unique": false,
                                    "Hash Cond": "(mi.movie_id = t.id)",
                                    "Workers": [
                                        {
                                            "Worker Number": 0,
                                            "Actual Startup Time": 397.96,
                                            "Actual Total Time": 521.598,
                                            "Actual Rows": 241816,
                                            "Actual Loops": 1
                                        },
                                        {
                                            "Worker Number": 1,
                                            "Actual Startup Time": 405.12,
                                            "Actual Total Time": 521.232,
                                            "Actual Rows": 235249,
                                            "Actual Loops": 1
                                        },
                                        {
                                            "Worker Number": 2,
                                            "Actual Startup Time": 400.27,
                                            "Actual Total Time": 521.348,
                                            "Actual Rows": 236079,
                                            "Actual Loops": 1
                                        },
                                        {
                                            "Worker Number": 3,
                                            "Actual Startup Time": 405.108,
                                            "Actual Total Time": 522.138,
                                            "Actual Rows": 232203,
                                            "Actual Loops": 1
                                        },
                                        {
                                            "Worker Number": 4,
                                            "Actual Startup Time": 403.152,
                                            "Actual Total Time": 521.091,
                                            "Actual Rows": 176984,
                                            "Actual Loops": 1
                                        }
                                    ],
                                    "Plans": [
                                        {
                                            "Node Type": "Bitmap Heap Scan",
                                            "Parent Relationship": "Outer",
                                            "Parallel Aware": true,
                                            "Relation Name": "movie_info",
                                            "Schema": "public",
                                            "Alias": "mi",
                                            "Startup Cost": 19335.7,
                                            "Total Cost": 183994.27,
                                            "Plan Rows": 213246,
                                            "Plan Width": 4,
                                            "Actual Startup Time": 65.482,
                                            "Actual Total Time": 130.274,
                                            "Actual Rows": 180528,
                                            "Actual Loops": 6,
                                            "Output": [
                                                "mi.id",
                                                "mi.movie_id",
                                                "mi.info_type_id",
                                                "mi.info",
                                                "mi.note"
                                            ],
                                            "Recheck Cond": "(mi.info_type_id > 70)",
                                            "Rows Removed by Index Recheck": 0,
                                            "Exact Heap Blocks": 6724,
                                            "Lossy Heap Blocks": 0,
                                            "Workers": [
                                                {
                                                    "Worker Number": 0,
                                                    "Actual Startup Time": 65.328,
                                                    "Actual Total Time": 132.315,
                                                    "Actual Rows": 187843,
                                                    "Actual Loops": 1
                                                },
                                                {
                                                    "Worker Number": 1,
                                                    "Actual Startup Time": 65.558,
                                                    "Actual Total Time": 131.198,
                                                    "Actual Rows": 186038,
                                                    "Actual Loops": 1
                                                },
                                                {
                                                    "Worker Number": 2,
                                                    "Actual Startup Time": 65.745,
                                                    "Actual Total Time": 131.348,
                                                    "Actual Rows": 188168,
                                                    "Actual Loops": 1
                                                },
                                                {
                                                    "Worker Number": 3,
                                                    "Actual Startup Time": 65.246,
                                                    "Actual Total Time": 132.703,
                                                    "Actual Rows": 186023,
                                                    "Actual Loops": 1
                                                },
                                                {
                                                    "Worker Number": 4,
                                                    "Actual Startup Time": 66.087,
                                                    "Actual Total Time": 133.407,
                                                    "Actual Rows": 134553,
                                                    "Actual Loops": 1
                                                }
                                            ],
                                            "Plans": [
                                                {
                                                    "Node Type": "Bitmap Index Scan",
                                                    "Parent Relationship": "Outer",
                                                    "Parallel Aware": false,
                                                    "Index Name": "info_type_id_movie_info",
                                                    "Startup Cost": 0.0,
                                                    "Total Cost": 19069.15,
                                                    "Plan Rows": 1066228,
                                                    "Plan Width": 0,
                                                    "Actual Startup Time": 56.19,
                                                    "Actual Total Time": 56.191,
                                                    "Actual Rows": 1083166,
                                                    "Actual Loops": 1,
                                                    "Index Cond": "(mi.info_type_id > 70)"
                                                }
                                            ]
                                        },
                                        {
                                            "Node Type": "Hash",
                                            "Parent Relationship": "Inner",
                                            "Parallel Aware": true,
                                            "Startup Cost": 78981.18,
                                            "Total Cost": 78981.18,
                                            "Plan Rows": 136842,
                                            "Plan Width": 8,
                                            "Actual Startup Time": 323.536,
                                            "Actual Total Time": 323.644,
                                            "Actual Rows": 85465,
                                            "Actual Loops": 6,
                                            "Output": [
                                                "t.id",
                                                "mc.movie_id"
                                            ],
                                            "Hash Buckets": 1048576,
                                            "Original Hash Buckets": 1048576,
                                            "Hash Batches": 1,
                                            "Original Hash Batches": 1,
                                            "Peak Memory Usage": 28320,
                                            "Workers": [
                                                {
                                                    "Worker Number": 0,
                                                    "Actual Startup Time": 324.22,
                                                    "Actual Total Time": 324.224,
                                                    "Actual Rows": 92170,
                                                    "Actual Loops": 1
                                                },
                                                {
                                                    "Worker Number": 1,
                                                    "Actual Startup Time": 324.635,
                                                    "Actual Total Time": 324.639,
                                                    "Actual Rows": 92251,
                                                    "Actual Loops": 1
                                                },
                                                {
                                                    "Worker Number": 2,
                                                    "Actual Startup Time": 324.625,
                                                    "Actual Total Time": 324.628,
                                                    "Actual Rows": 92764,
                                                    "Actual Loops": 1
                                                },
                                                {
                                                    "Worker Number": 3,
                                                    "Actual Startup Time": 325.044,
                                                    "Actual Total Time": 325.048,
                                                    "Actual Rows": 92363,
                                                    "Actual Loops": 1
                                                },
                                                {
                                                    "Worker Number": 4,
                                                    "Actual Startup Time": 324.93,
                                                    "Actual Total Time": 324.934,
                                                    "Actual Rows": 64320,
                                                    "Actual Loops": 1
                                                }
                                            ],
                                            "Plans": [
                                                {
                                                    "Node Type": "Hash Join",
                                                    "Parent Relationship": "Outer",
                                                    "Parallel Aware": true,
                                                    "Join Type": "Inner",
                                                    "Startup Cost": 32332.04,
                                                    "Total Cost": 78981.18,
                                                    "Plan Rows": 136842,
                                                    "Plan Width": 8,
                                                    "Actual Startup Time": 126.851,
                                                    "Actual Total Time": 287.397,
                                                    "Actual Rows": 85465,
                                                    "Actual Loops": 6,
                                                    "Output": [
                                                        "t.id",
                                                        "mc.movie_id"
                                                    ],
                                                    "Inner Unique": false,
                                                    "Hash Cond": "(t.id = mc.movie_id)",
                                                    "Workers": [
                                                        {
                                                            "Worker Number": 0,
                                                            "Actual Startup Time": 126.843,
                                                            "Actual Total Time": 287.176,
                                                            "Actual Rows": 92170,
                                                            "Actual Loops": 1
                                                        },
                                                        {
                                                            "Worker Number": 1,
                                                            "Actual Startup Time": 126.758,
                                                            "Actual Total Time": 287.02,
                                                            "Actual Rows": 92251,
                                                            "Actual Loops": 1
                                                        },
                                                        {
                                                            "Worker Number": 2,
                                                            "Actual Startup Time": 126.788,
                                                            "Actual Total Time": 287.108,
                                                            "Actual Rows": 92764,
                                                            "Actual Loops": 1
                                                        },
                                                        {
                                                            "Worker Number": 3,
                                                            "Actual Startup Time": 126.859,
                                                            "Actual Total Time": 287.182,
                                                            "Actual Rows": 92363,
                                                            "Actual Loops": 1
                                                        },
                                                        {
                                                            "Worker Number": 4,
                                                            "Actual Startup Time": 126.848,
                                                            "Actual Total Time": 287.782,
                                                            "Actual Rows": 64320,
                                                            "Actual Loops": 1
                                                        }
                                                    ],
                                                    "Plans": [
                                                        {
                                                            "Node Type": "Seq Scan",
                                                            "Parent Relationship": "Outer",
                                                            "Parallel Aware": true,
                                                            "Relation Name": "title",
                                                            "Schema": "public",
                                                            "Alias": "t",
                                                            "Startup Cost": 0.0,
                                                            "Total Cost": 43899.01,
                                                            "Plan Rows": 461739,
                                                            "Plan Width": 4,
                                                            "Actual Startup Time": 0.011,
                                                            "Actual Total Time": 70.786,
                                                            "Actual Rows": 308801,
                                                            "Actual Loops": 6,
                                                            "Output": [
                                                                "t.id",
                                                                "t.title",
                                                                "t.imdb_index",
                                                                "t.kind_id",
                                                                "t.production_year",
                                                                "t.imdb_id",
                                                                "t.phonetic_code",
                                                                "t.episode_of_id",
                                                                "t.season_nr",
                                                                "t.episode_nr",
                                                                "t.series_years",
                                                                "t.md5sum"
                                                            ],
                                                            "Filter": "(t.production_year > 1985)",
                                                            "Rows Removed by Filter": 112584,
                                                            "Workers": [
                                                                {
                                                                    "Worker Number": 0,
                                                                    "Actual Startup Time": 0.006,
                                                                    "Actual Total Time": 71.223,
                                                                    "Actual Rows": 335042,
                                                                    "Actual Loops": 1
                                                                },
                                                                {
                                                                    "Worker Number": 1,
                                                                    "Actual Startup Time": 0.007,
                                                                    "Actual Total Time": 70.805,
                                                                    "Actual Rows": 331705,
                                                                    "Actual Loops": 1
                                                                },
                                                                {
                                                                    "Worker Number": 2,
                                                                    "Actual Startup Time": 0.014,
                                                                    "Actual Total Time": 70.738,
                                                                    "Actual Rows": 333152,
                                                                    "Actual Loops": 1
                                                                },
                                                                {
                                                                    "Worker Number": 3,
                                                                    "Actual Startup Time": 0.011,
                                                                    "Actual Total Time": 70.869,
                                                                    "Actual Rows": 333173,
                                                                    "Actual Loops": 1
                                                                },
                                                                {
                                                                    "Worker Number": 4,
                                                                    "Actual Startup Time": 0.017,
                                                                    "Actual Total Time": 77.037,
                                                                    "Actual Rows": 229640,
                                                                    "Actual Loops": 1
                                                                }
                                                            ]
                                                        },
                                                        {
                                                            "Node Type": "Hash",
                                                            "Parent Relationship": "Inner",
                                                            "Parallel Aware": true,
                                                            "Startup Cost": 29310.68,
                                                            "Total Cost": 29310.68,
                                                            "Plan Rows": 241709,
                                                            "Plan Width": 4,
                                                            "Actual Startup Time": 124.862,
                                                            "Actual Total Time": 124.863,
                                                            "Actual Rows": 125175,
                                                            "Actual Loops": 6,
                                                            "Output": [
                                                                "mc.movie_id"
                                                            ],
                                                            "Hash Buckets": 1048576,
                                                            "Original Hash Buckets": 1048576,
                                                            "Hash Batches": 1,
                                                            "Original Hash Batches": 1,
                                                            "Peak Memory Usage": 37664,
                                                            "Workers": [
                                                                {
                                                                    "Worker Number": 0,
                                                                    "Actual Startup Time": 126.733,
                                                                    "Actual Total Time": 126.734,
                                                                    "Actual Rows": 133800,
                                                                    "Actual Loops": 1
                                                                },
                                                                {
                                                                    "Worker Number": 1,
                                                                    "Actual Startup Time": 126.651,
                                                                    "Actual Total Time": 126.653,
                                                                    "Actual Rows": 136529,
                                                                    "Actual Loops": 1
                                                                },
                                                                {
                                                                    "Worker Number": 2,
                                                                    "Actual Startup Time": 126.636,
                                                                    "Actual Total Time": 126.637,
                                                                    "Actual Rows": 138569,
                                                                    "Actual Loops": 1
                                                                },
                                                                {
                                                                    "Worker Number": 3,
                                                                    "Actual Startup Time": 126.707,
                                                                    "Actual Total Time": 126.708,
                                                                    "Actual Rows": 133523,
                                                                    "Actual Loops": 1
                                                                },
                                                                {
                                                                    "Worker Number": 4,
                                                                    "Actual Startup Time": 126.716,
                                                                    "Actual Total Time": 126.717,
                                                                    "Actual Rows": 92126,
                                                                    "Actual Loops": 1
                                                                }
                                                            ],
                                                            "Plans": [
                                                                {
                                                                    "Node Type": "Seq Scan",
                                                                    "Parent Relationship": "Outer",
                                                                    "Parallel Aware": true,
                                                                    "Relation Name": "movie_companies",
                                                                    "Schema": "public",
                                                                    "Alias": "mc",
                                                                    "Startup Cost": 0.0,
                                                                    "Total Cost": 29310.68,
                                                                    "Plan Rows": 241709,
                                                                    "Plan Width": 4,
                                                                    "Actual Startup Time": 26.331,
                                                                    "Actual Total Time": 70.647,
                                                                    "Actual Rows": 125175,
                                                                    "Actual Loops": 6,
                                                                    "Output": [
                                                                        "mc.movie_id"
                                                                    ],
                                                                    "Filter": "(mc.company_id > 36908)",
                                                                    "Rows Removed by Filter": 309680,
                                                                    "Workers": [
                                                                        {
                                                                            "Worker Number": 0,
                                                                            "Actual Startup Time": 26.387,
                                                                            "Actual Total Time": 70.96,
                                                                            "Actual Rows": 133800,
                                                                            "Actual Loops": 1
                                                                        },
                                                                        {
                                                                            "Worker Number": 1,
                                                                            "Actual Startup Time": 26.247,
                                                                            "Actual Total Time": 70.061,
                                                                            "Actual Rows": 136529,
                                                                            "Actual Loops": 1
                                                                        },
                                                                        {
                                                                            "Worker Number": 2,
                                                                            "Actual Startup Time": 26.19,
                                                                            "Actual Total Time": 70.368,
                                                                            "Actual Rows": 138569,
                                                                            "Actual Loops": 1
                                                                        },
                                                                        {
                                                                            "Worker Number": 3,
                                                                            "Actual Startup Time": 26.38,
                                                                            "Actual Total Time": 70.757,
                                                                            "Actual Rows": 133523,
                                                                            "Actual Loops": 1
                                                                        },
                                                                        {
                                                                            "Worker Number": 4,
                                                                            "Actual Startup Time": 26.372,
                                                                            "Actual Total Time": 71.901,
                                                                            "Actual Rows": 92126,
                                                                            "Actual Loops": 1
                                                                        }
                                                                    ]
                                                                }
                                                            ]
                                                        }
                                                    ]
                                                }
                                            ]
                                        }
                                    ]
                                }
                            ]
                        }
                    ]
                }
            ]
        },
        "Planning Time": 292.896,
        "Triggers": [],
        "Execution Time": 568.003
    }
]