[
  {
    "Plan": {
      "Node Type": "Aggregate",
      "Strategy": "Plain",
      "Partial Mode": "Finalize",
      "Parallel Aware": false,
      "Startup Cost": 23727.61,
      "Total Cost": 23727.62,
      "Plan Rows": 1,
      "Plan Width": 8,
      "Actual Startup Time": 32.682,
      "Actual Total Time": 36.983,
      "Actual Rows": 1,
      "Actual Loops": 1,
      "Plans": [
        {
          "Node Type": "Gather",
          "Parent Relationship": "Outer",
          "Parallel Aware": false,
          "Startup Cost": 23727.39,
          "Total Cost": 23727.6,
          "Plan Rows": 2,
          "Plan Width": 8,
          "Actual Startup Time": 32.283,
          "Actual Total Time": 36.975,
          "Actual Rows": 3,
          "Actual Loops": 1,
          "Workers Planned": 2,
          "Workers Launched": 2,
          "Single Copy": false,
          "Plans": [
            {
              "Node Type": "Aggregate",
              "Strategy": "Plain",
              "Partial Mode": "Partial",
              "Parent Relationship": "Outer",
              "Parallel Aware": false,
              "Startup Cost": 22727.39,
              "Total Cost": 22727.4,
              "Plan Rows": 1,
              "Plan Width": 8,
              "Actual Startup Time": 24.267,
              "Actual Total Time": 24.269,
              "Actual Rows": 1,
              "Actual Loops": 3,
              "Plans": [
                {
                  "Node Type": "Nested Loop",
                  "Parent Relationship": "Outer",
                  "Parallel Aware": false,
                  "Join Type": "Inner",
                  "Startup Cost": 92.54,
                  "Total Cost": 22723.14,
                  "Plan Rows": 1703,
                  "Plan Width": 0,
                  "Actual Startup Time": 1.833,
                  "Actual Total Time": 23.993,
                  "Actual Rows": 1428,
                  "Actual Loops": 3,
                  "Inner Unique": true,
                  "Plans": [
                    {
                      "Node Type": "Bitmap Heap Scan",
                      "Parent Relationship": "Outer",
                      "Parallel Aware": true,
                      "Relation Name": "movie_companies",
                      "Alias": "mc",
                      "Startup Cost": 92.11,
                      "Total Cost": 9961.73,
                      "Plan Rows": 1703,
                      "Plan Width": 4,
                      "Actual Startup Time": 1.624,
                      "Actual Total Time": 6.97,
                      "Actual Rows": 1428,
                      "Actual Loops": 3,
                      "Recheck Cond": "(company_id = 258)",
                      "Rows Removed by Index Recheck": 0,
                      "Exact Heap Blocks": 1561,
                      "Lossy Heap Blocks": 0,
                      "Plans": [
                        {
                          "Node Type": "Bitmap Index Scan",
                          "Parent Relationship": "Outer",
                          "Parallel Aware": false,
                          "Index Name": "company_id_movie_companies",
                          "Startup Cost": 0.0,
                          "Total Cost": 91.09,
                          "Plan Rows": 4088,
                          "Plan Width": 0,
                          "Actual Startup Time": 3.509,
                          "Actual Total Time": 3.509,
                          "Actual Rows": 4285,
                          "Actual Loops": 1,
                          "Index Cond": "(company_id = 258)"
                        }
                      ]
                    },
                    {
                      "Node Type": "Index Only Scan",
                      "Parent Relationship": "Inner",
                      "Parallel Aware": false,
                      "Scan Direction": "Forward",
                      "Index Name": "title_pkey",
                      "Relation Name": "title",
                      "Alias": "t",
                      "Startup Cost": 0.43,
                      "Total Cost": 7.49,
                      "Plan Rows": 1,
                      "Plan Width": 4,
                      "Actual Startup Time": 0.011,
                      "Actual Total Time": 0.011,
                      "Actual Rows": 1,
                      "Actual Loops": 4285,
                      "Index Cond": "(id = mc.movie_id)",
                      "Rows Removed by Index Recheck": 0,
                      "Heap Fetches": 4285
                    }
                  ]
                }
              ]
            }
          ]
        }
      ]
    },
    "Planning Time": 0.602,
    "Triggers": [],
    "Execution Time": 37.061
  }
]