[
  {
    "Plan": {
      "Node Type": "Aggregate",
      "Strategy": "Plain",
      "Partial Mode": "Finalize",
      "Parallel Aware": false,
      "Startup Cost": 45550.41,
      "Total Cost": 45550.42,
      "Plan Rows": 1,
      "Plan Width": 8,
      "Actual Startup Time": 142.162,
      "Actual Total Time": 152.049,
      "Actual Rows": 1,
      "Actual Loops": 1,
      "Plans": [
        {
          "Node Type": "Gather",
          "Parent Relationship": "Outer",
          "Parallel Aware": false,
          "Startup Cost": 45550.1,
          "Total Cost": 45550.41,
          "Plan Rows": 3,
          "Plan Width": 8,
          "Actual Startup Time": 142.039,
          "Actual Total Time": 152.041,
          "Actual Rows": 4,
          "Actual Loops": 1,
          "Workers Planned": 3,
          "Workers Launched": 3,
          "Single Copy": false,
          "Plans": [
            {
              "Node Type": "Aggregate",
              "Strategy": "Plain",
              "Partial Mode": "Partial",
              "Parent Relationship": "Outer",
              "Parallel Aware": false,
              "Startup Cost": 44550.1,
              "Total Cost": 44550.11,
              "Plan Rows": 1,
              "Plan Width": 8,
              "Actual Startup Time": 136.542,
              "Actual Total Time": 136.543,
              "Actual Rows": 1,
              "Actual Loops": 4,
              "Plans": [
                {
                  "Node Type": "Seq Scan",
                  "Parent Relationship": "Outer",
                  "Parallel Aware": true,
                  "Relation Name": "movie_keyword",
                  "Alias": "mk",
                  "Startup Cost": 0.0,
                  "Total Cost": 42695.65,
                  "Plan Rows": 741777,
                  "Plan Width": 0,
                  "Actual Startup Time": 0.442,
                  "Actual Total Time": 111.382,
                  "Actual Rows": 573979,
                  "Actual Loops": 4,
                  "Filter": "(keyword_id > 4577)",
                  "Rows Removed by Filter": 557004
                }
              ]
            }
          ]
        }
      ]
    },
    "Planning Time": 0.219,
    "Triggers": [],
    "Execution Time": 152.103
  }
]