[
  {
    "Plan": {
      "Node Type": "Aggregate",
      "Strategy": "Plain",
      "Partial Mode": "Finalize",
      "Parallel Aware": false,
      "Startup Cost": 47329.85,
      "Total Cost": 47329.86,
      "Plan Rows": 1,
      "Plan Width": 8,
      "Actual Startup Time": 167.812,
      "Actual Total Time": 178.013,
      "Actual Rows": 1,
      "Actual Loops": 1,
      "Plans": [
        {
          "Node Type": "Gather",
          "Parent Relationship": "Outer",
          "Parallel Aware": false,
          "Startup Cost": 47329.53,
          "Total Cost": 47329.84,
          "Plan Rows": 3,
          "Plan Width": 8,
          "Actual Startup Time": 167.654,
          "Actual Total Time": 178.005,
          "Actual Rows": 4,
          "Actual Loops": 1,
          "Workers Planned": 3,
          "Workers Launched": 3,
          "Single Copy": false,
          "Plans": [
            {
              "Node Type": "Aggregate",
              "Strategy": "Plain",
              "Partial Mode": "Partial",
              "Parent Relationship": "Outer",
              "Parallel Aware": false,
              "Startup Cost": 46329.53,
              "Total Cost": 46329.54,
              "Plan Rows": 1,
              "Plan Width": 8,
              "Actual Startup Time": 164.293,
              "Actual Total Time": 164.294,
              "Actual Rows": 1,
              "Actual Loops": 4,
              "Plans": [
                {
                  "Node Type": "Seq Scan",
                  "Parent Relationship": "Outer",
                  "Parallel Aware": true,
                  "Relation Name": "movie_keyword",
                  "Alias": "mk",
                  "Startup Cost": 0.0,
                  "Total Cost": 42695.65,
                  "Plan Rows": 1453551,
                  "Plan Width": 0,
                  "Actual Startup Time": 0.025,
                  "Actual Total Time": 117.0,
                  "Actual Rows": 1126900,
                  "Actual Loops": 4,
                  "Filter": "(keyword_id < 120110)",
                  "Rows Removed by Filter": 4082
                }
              ]
            }
          ]
        }
      ]
    },
    "Planning Time": 0.086,
    "Triggers": [],
    "Execution Time": 178.039
  }
]