[
  {
    "Plan": {
      "Node Type": "Aggregate",
      "Strategy": "Plain",
      "Partial Mode": "Finalize",
      "Parallel Aware": false,
      "Startup Cost": 47329.45,
      "Total Cost": 47329.46,
      "Plan Rows": 1,
      "Plan Width": 8,
      "Actual Startup Time": 196.758,
      "Actual Total Time": 206.171,
      "Actual Rows": 1,
      "Actual Loops": 1,
      "Plans": [
        {
          "Node Type": "Gather",
          "Parent Relationship": "Outer",
          "Parallel Aware": false,
          "Startup Cost": 47329.13,
          "Total Cost": 47329.44,
          "Plan Rows": 3,
          "Plan Width": 8,
          "Actual Startup Time": 196.522,
          "Actual Total Time": 206.161,
          "Actual Rows": 4,
          "Actual Loops": 1,
          "Workers Planned": 3,
          "Workers Launched": 3,
          "Single Copy": false,
          "Plans": [
            {
              "Node Type": "Aggregate",
              "Strategy": "Plain",
              "Partial Mode": "Partial",
              "Parent Relationship": "Outer",
              "Parallel Aware": false,
              "Startup Cost": 46329.13,
              "Total Cost": 46329.14,
              "Plan Rows": 1,
              "Plan Width": 8,
              "Actual Startup Time": 187.88,
              "Actual Total Time": 187.881,
              "Actual Rows": 1,
              "Actual Loops": 4,
              "Plans": [
                {
                  "Node Type": "Seq Scan",
                  "Parent Relationship": "Outer",
                  "Parallel Aware": true,
                  "Relation Name": "movie_keyword",
                  "Alias": "mk",
                  "Startup Cost": 0.0,
                  "Total Cost": 42695.65,
                  "Plan Rows": 1453390,
                  "Plan Width": 0,
                  "Actual Startup Time": 0.073,
                  "Actual Total Time": 133.252,
                  "Actual Rows": 1126900,
                  "Actual Loops": 4,
                  "Filter": "(keyword_id < 120110)",
                  "Rows Removed by Filter": 4082
                }
              ]
            }
          ]
        }
      ]
    },
    "Planning Time": 0.259,
    "Triggers": [],
    "Execution Time": 206.222
  }
]