[
  {
    "Plan": {
      "Node Type": "Aggregate",
      "Strategy": "Plain",
      "Partial Mode": "Finalize",
      "Parallel Aware": false,
      "Startup Cost": 49237.96,
      "Total Cost": 49237.97,
      "Plan Rows": 1,
      "Plan Width": 8,
      "Actual Startup Time": 96.484,
      "Actual Total Time": 103.548,
      "Actual Rows": 1,
      "Actual Loops": 1,
      "Plans": [
        {
          "Node Type": "Gather",
          "Parent Relationship": "Outer",
          "Parallel Aware": false,
          "Startup Cost": 49237.54,
          "Total Cost": 49237.95,
          "Plan Rows": 4,
          "Plan Width": 8,
          "Actual Startup Time": 96.379,
          "Actual Total Time": 103.537,
          "Actual Rows": 5,
          "Actual Loops": 1,
          "Workers Planned": 4,
          "Workers Launched": 4,
          "Single Copy": false,
          "Plans": [
            {
              "Node Type": "Aggregate",
              "Strategy": "Plain",
              "Partial Mode": "Partial",
              "Parent Relationship": "Outer",
              "Parallel Aware": false,
              "Startup Cost": 48237.54,
              "Total Cost": 48237.55,
              "Plan Rows": 1,
              "Plan Width": 8,
              "Actual Startup Time": 87.708,
              "Actual Total Time": 87.709,
              "Actual Rows": 1,
              "Actual Loops": 5,
              "Plans": [
                {
                  "Node Type": "Index Scan",
                  "Parent Relationship": "Outer",
                  "Parallel Aware": true,
                  "Scan Direction": "Forward",
                  "Index Name": "role_id_cast_info",
                  "Relation Name": "cast_info",
                  "Alias": "ci",
                  "Startup Cost": 0.56,
                  "Total Cost": 47835.41,
                  "Plan Rows": 160855,
                  "Plan Width": 0,
                  "Actual Startup Time": 0.17,
                  "Actual Total Time": 78.469,
                  "Actual Rows": 171767,
                  "Actual Loops": 5,
                  "Index Cond": "(role_id = 8)",
                  "Rows Removed by Index Recheck": 0,
                  "Filter": "(person_id > 2313593)",
                  "Rows Removed by Filter": 168942
                }
              ]
            }
          ]
        }
      ]
    },
    "Planning Time": 0.24,
    "Triggers": [],
    "Execution Time": 103.618
  }
]