{
  "Plan": {
    "Node Type": "Aggregate",
    "Strategy": "Plain",
    "Partial Mode": "Finalize",
    "Parallel Aware": false,
    "Startup Cost": 117110.5,
    "Total Cost": 117110.51,
    "Plan Rows": 1,
    "Plan Width": 8,
    "Actual Startup Time": 540.957,
    "Actual Total Time": 554.839,
    "Actual Rows": 1,
    "Actual Loops": 1,
    "Plans": [
      {
        "Node Type": "Gather",
        "Parent Relationship": "Outer",
        "Parallel Aware": false,
        "Startup Cost": 117110.38,
        "Total Cost": 117110.49,
        "Plan Rows": 1,
        "Plan Width": 8,
        "Actual Startup Time": 538.189,
        "Actual Total Time": 554.83,
        "Actual Rows": 2,
        "Actual Loops": 1,
        "Workers Planned": 1,
        "Workers Launched": 1,
        "Single Copy": false,
        "Plans": [
          {
            "Node Type": "Aggregate",
            "Strategy": "Plain",
            "Partial Mode": "Partial",
            "Parent Relationship": "Outer",
            "Parallel Aware": false,
            "Startup Cost": 116110.38,
            "Total Cost": 116110.39,
            "Plan Rows": 1,
            "Plan Width": 8,
            "Actual Startup Time": 531.582,
            "Actual Total Time": 531.589,
            "Actual Rows": 1,
            "Actual Loops": 2,
            "Plans": [
              {
                "Node Type": "Merge Join",
                "Parent Relationship": "Outer",
                "Parallel Aware": false,
                "Join Type": "Inner",
                "Startup Cost": 114645.81,
                "Total Cost": 116110.24,
                "Plan Rows": 58,
                "Plan Width": 0,
                "Actual Startup Time": 506.01,
                "Actual Total Time": 531.001,
                "Actual Rows": 14116,
                "Actual Loops": 2,
                "Inner Unique": false,
                "Merge Cond": "(t.id = ci.movie_id)",
                "Plans": [
                  {
                    "Node Type": "Sort",
                    "Parent Relationship": "Outer",
                    "Parallel Aware": false,
                    "Startup Cost": 106031.4,
                    "Total Cost": 106762.75,
                    "Plan Rows": 292538,
                    "Plan Width": 8,
                    "Actual Startup Time": 471.822,
                    "Actual Total Time": 478.45,
                    "Actual Rows": 184586,
                    "Actual Loops": 2,
                    "Sort Key": [
                      "t.id"
                    ],
                    "Sort Method": "quicksort",
                    "Sort Space Used": 15030,
                    "Sort Space Type": "Memory",
                    "Workers": [
                      {
                        "Worker Number": 0,
                        "Sort Method": "quicksort",
                        "Sort Space Used": 14564,
                        "Sort Space Type": "Memory"
                      }
                    ],
                    "Plans": [
                      {
                        "Node Type": "Hash Join",
                        "Parent Relationship": "Outer",
                        "Parallel Aware": true,
                        "Join Type": "Inner",
                        "Startup Cost": 61287.7,
                        "Total Cost": 79471.49,
                        "Plan Rows": 292538,
                        "Plan Width": 8,
                        "Actual Startup Time": 279.097,
                        "Actual Total Time": 439.147,
                        "Actual Rows": 184586,
                        "Actual Loops": 2,
                        "Inner Unique": true,
                        "Hash Cond": "(mi_idx.movie_id = t.id)",
                        "Plans": [
                          {
                            "Node Type": "Seq Scan",
                            "Parent Relationship": "Outer",
                            "Parallel Aware": true,
                            "Relation Name": "movie_info_idx",
                            "Alias": "mi_idx",
                            "Startup Cost": 0.0,
                            "Total Cost": 16052.85,
                            "Plan Rows": 811785,
                            "Plan Width": 4,
                            "Actual Startup Time": 0.019,
                            "Actual Total Time": 48.205,
                            "Actual Rows": 690018,
                            "Actual Loops": 2
                          },
                          {
                            "Node Type": "Hash",
                            "Parent Relationship": "Inner",
                            "Parallel Aware": true,
                            "Startup Cost": 54588.39,
                            "Total Cost": 54588.39,
                            "Plan Rows": 535945,
                            "Plan Width": 4,
                            "Actual Startup Time": 269.58,
                            "Actual Total Time": 269.581,
                            "Actual Rows": 452246,
                            "Actual Loops": 2,
                            "Hash Buckets": 1048576,
                            "Original Hash Buckets": 1048576,
                            "Hash Batches": 1,
                            "Original Hash Batches": 1,
                            "Peak Memory Usage": 43584,
                            "Plans": [
                              {
                                "Node Type": "Seq Scan",
                                "Parent Relationship": "Outer",
                                "Parallel Aware": true,
                                "Relation Name": "title",
                                "Alias": "t",
                                "Startup Cost": 0.0,
                                "Total Cost": 54588.39,
                                "Plan Rows": 535945,
                                "Plan Width": 4,
                                "Actual Startup Time": 0.032,
                                "Actual Total Time": 157.268,
                                "Actual Rows": 452246,
                                "Actual Loops": 2,
                                "Filter": "(production_year > 2006)",
                                "Rows Removed by Filter": 811910
                              }
                            ]
                          }
                        ]
                      }
                    ]
                  },
                  {
                    "Node Type": "Sort",
                    "Parent Relationship": "Inner",
                    "Parallel Aware": false,
                    "Startup Cost": 8614.41,
                    "Total Cost": 8615.66,
                    "Plan Rows": 501,
                    "Plan Width": 4,
                    "Actual Startup Time": 34.171,
                    "Actual Total Time": 38.141,
                    "Actual Rows": 80740,
                    "Actual Loops": 2,
                    "Sort Key": [
                      "ci.movie_id"
                    ],
                    "Sort Method": "quicksort",
                    "Sort Space Used": 6417,
                    "Sort Space Type": "Memory",
                    "Workers": [
                      {
                        "Worker Number": 0,
                        "Sort Method": "quicksort",
                        "Sort Space Used": 6417,
                        "Sort Space Type": "Memory"
                      }
                    ],
                    "Plans": [
                      {
                        "Node Type": "Bitmap Heap Scan",
                        "Parent Relationship": "Outer",
                        "Parallel Aware": false,
                        "Relation Name": "cast_info",
                        "Alias": "ci",
                        "Startup Cost": 6647.35,
                        "Total Cost": 8591.94,
                        "Plan Rows": 501,
                        "Plan Width": 4,
                        "Actual Startup Time": 11.274,
                        "Actual Total Time": 19.156,
                        "Actual Rows": 71353,
                        "Actual Loops": 2,
                        "Recheck Cond": "((person_id > 4050950) AND (role_id > 10))",
                        "Rows Removed by Index Recheck": 0,
                        "Exact Heap Blocks": 720,
                        "Lossy Heap Blocks": 0,
                        "Plans": [
                          {
                            "Node Type": "BitmapAnd",
                            "Parent Relationship": "Outer",
                            "Parallel Aware": false,
                            "Startup Cost": 6647.35,
                            "Total Cost": 6647.35,
                            "Plan Rows": 501,
                            "Plan Width": 0,
                            "Actual Startup Time": 11.197,
                            "Actual Total Time": 11.199,
                            "Actual Rows": 0,
                            "Actual Loops": 2,
                            "Plans": [
                              {
                                "Node Type": "Bitmap Index Scan",
                                "Parent Relationship": "Member",
                                "Parallel Aware": false,
                                "Index Name": "person_id_cast_info",
                                "Startup Cost": 0.0,
                                "Total Cost": 1333.21,
                                "Plan Rows": 60886,
                                "Plan Width": 0,
                                "Actual Startup Time": 2.256,
                                "Actual Total Time": 2.256,
                                "Actual Rows": 71353,
                                "Actual Loops": 2,
                                "Index Cond": "(person_id > 4050950)"
                              },
                              {
                                "Node Type": "Bitmap Index Scan",
                                "Parent Relationship": "Member",
                                "Parallel Aware": false,
                                "Index Name": "role_id_cast_info",
                                "Startup Cost": 0.0,
                                "Total Cost": 5313.64,
                                "Plan Rows": 298277,
                                "Plan Width": 0,
                                "Actual Startup Time": 8.906,
                                "Actual Total Time": 8.906,
                                "Actual Rows": 316118,
                                "Actual Loops": 2,
                                "Index Cond": "(role_id > 10)"
                              }
                            ]
                          }
                        ]
                      }
                    ]
                  }
                ]
              }
            ]
          }
        ]
      }
    ]
  },
  "Planning Time": 1.088,
  "Triggers": [],
  "Execution Time": 554.984
}