[
  {
    "Plan": {
      "Node Type": "Aggregate",
      "Strategy": "Plain",
      "Partial Mode": "Finalize",
      "Parallel Aware": false,
      "Startup Cost": 33211.76,
      "Total Cost": 33211.77,
      "Plan Rows": 1,
      "Plan Width": 8,
      "Actual Startup Time": 107.705,
      "Actual Total Time": 116.098,
      "Actual Rows": 1,
      "Actual Loops": 1,
      "Plans": [
        {
          "Node Type": "Gather",
          "Parent Relationship": "Outer",
          "Parallel Aware": false,
          "Startup Cost": 33211.44,
          "Total Cost": 33211.75,
          "Plan Rows": 3,
          "Plan Width": 8,
          "Actual Startup Time": 107.578,
          "Actual Total Time": 116.09,
          "Actual Rows": 4,
          "Actual Loops": 1,
          "Workers Planned": 3,
          "Workers Launched": 3,
          "Single Copy": false,
          "Plans": [
            {
              "Node Type": "Aggregate",
              "Strategy": "Plain",
              "Partial Mode": "Partial",
              "Parent Relationship": "Outer",
              "Parallel Aware": false,
              "Startup Cost": 32211.44,
              "Total Cost": 32211.45,
              "Plan Rows": 1,
              "Plan Width": 8,
              "Actual Startup Time": 100.865,
              "Actual Total Time": 100.866,
              "Actual Rows": 1,
              "Actual Loops": 4,
              "Plans": [
                {
                  "Node Type": "Seq Scan",
                  "Parent Relationship": "Outer",
                  "Parallel Aware": true,
                  "Relation Name": "movie_companies",
                  "Alias": "mc",
                  "Startup Cost": 0.0,
                  "Total Cost": 31414.82,
                  "Plan Rows": 318650,
                  "Plan Width": 0,
                  "Actual Startup Time": 0.041,
                  "Actual Total Time": 83.19,
                  "Actual Rows": 316417,
                  "Actual Loops": 4,
                  "Filter": "((company_id < 63230) AND (company_type_id < 2))",
                  "Rows Removed by Filter": 335865
                }
              ]
            }
          ]
        }
      ]
    },
    "Planning Time": 0.214,
    "Triggers": [],
    "Execution Time": 116.157
  }
]