[
  {
    "Plan": {
      "Node Type": "Aggregate",
      "Strategy": "Plain",
      "Partial Mode": "Finalize",
      "Parallel Aware": false,
      "Startup Cost": 45786.72,
      "Total Cost": 45786.73,
      "Plan Rows": 1,
      "Plan Width": 8,
      "Actual Startup Time": 161.115,
      "Actual Total Time": 171.022,
      "Actual Rows": 1,
      "Actual Loops": 1,
      "Plans": [
        {
          "Node Type": "Gather",
          "Parent Relationship": "Outer",
          "Parallel Aware": false,
          "Startup Cost": 45786.4,
          "Total Cost": 45786.71,
          "Plan Rows": 3,
          "Plan Width": 8,
          "Actual Startup Time": 160.962,
          "Actual Total Time": 171.013,
          "Actual Rows": 4,
          "Actual Loops": 1,
          "Workers Planned": 3,
          "Workers Launched": 3,
          "Single Copy": false,
          "Plans": [
            {
              "Node Type": "Aggregate",
              "Strategy": "Plain",
              "Partial Mode": "Partial",
              "Parent Relationship": "Outer",
              "Parallel Aware": false,
              "Startup Cost": 44786.4,
              "Total Cost": 44786.41,
              "Plan Rows": 1,
              "Plan Width": 8,
              "Actual Startup Time": 153.651,
              "Actual Total Time": 153.652,
              "Actual Rows": 1,
              "Actual Loops": 4,
              "Plans": [
                {
                  "Node Type": "Seq Scan",
                  "Parent Relationship": "Outer",
                  "Parallel Aware": true,
                  "Relation Name": "movie_keyword",
                  "Alias": "mk",
                  "Startup Cost": 0.0,
                  "Total Cost": 42695.65,
                  "Plan Rows": 836300,
                  "Plan Width": 0,
                  "Actual Startup Time": 0.326,
                  "Actual Total Time": 122.14,
                  "Actual Rows": 645590,
                  "Actual Loops": 4,
                  "Filter": "(keyword_id > 3338)",
                  "Rows Removed by Filter": 485392
                }
              ]
            }
          ]
        }
      ]
    },
    "Planning Time": 0.159,
    "Triggers": [],
    "Execution Time": 171.08
  }
]