[
  {
    "Plan": {
      "Node Type": "Aggregate",
      "Strategy": "Plain",
      "Partial Mode": "Finalize",
      "Parallel Aware": false,
      "Startup Cost": 257825.02,
      "Total Cost": 257825.03,
      "Plan Rows": 1,
      "Plan Width": 8,
      "Actual Startup Time": 2820.378,
      "Actual Total Time": 2917.114,
      "Actual Rows": 1,
      "Actual Loops": 1,
      "Plans": [
        {
          "Node Type": "Gather",
          "Parent Relationship": "Outer",
          "Parallel Aware": false,
          "Startup Cost": 257824.7,
          "Total Cost": 257825.01,
          "Plan Rows": 3,
          "Plan Width": 8,
          "Actual Startup Time": 2811.196,
          "Actual Total Time": 2917.09,
          "Actual Rows": 4,
          "Actual Loops": 1,
          "Workers Planned": 3,
          "Workers Launched": 3,
          "Single Copy": false,
          "Plans": [
            {
              "Node Type": "Aggregate",
              "Strategy": "Plain",
              "Partial Mode": "Partial",
              "Parent Relationship": "Outer",
              "Parallel Aware": false,
              "Startup Cost": 256824.7,
              "Total Cost": 256824.71,
              "Plan Rows": 1,
              "Plan Width": 8,
              "Actual Startup Time": 2799.08,
              "Actual Total Time": 2799.084,
              "Actual Rows": 1,
              "Actual Loops": 4,
              "Plans": [
                {
                  "Node Type": "Nested Loop",
                  "Parent Relationship": "Outer",
                  "Parallel Aware": false,
                  "Join Type": "Inner",
                  "Startup Cost": 55880.72,
                  "Total Cost": 255505.26,
                  "Plan Rows": 527776,
                  "Plan Width": 0,
                  "Actual Startup Time": 370.099,
                  "Actual Total Time": 2741.251,
                  "Actual Rows": 1164840,
                  "Actual Loops": 4,
                  "Inner Unique": false,
                  "Plans": [
                    {
                      "Node Type": "Hash Join",
                      "Parent Relationship": "Outer",
                      "Parallel Aware": true,
                      "Join Type": "Inner",
                      "Startup Cost": 55880.16,
                      "Total Cost": 81635.66,
                      "Plan Rows": 86050,
                      "Plan Width": 8,
                      "Actual Startup Time": 369.965,
                      "Actual Total Time": 455.805,
                      "Actual Rows": 65233,
                      "Actual Loops": 4,
                      "Inner Unique": true,
                      "Hash Cond": "(mk.movie_id = t.id)",
                      "Plans": [
                        {
                          "Node Type": "Bitmap Heap Scan",
                          "Parent Relationship": "Outer",
                          "Parallel Aware": true,
                          "Relation Name": "movie_keyword",
                          "Alias": "mk",
                          "Startup Cost": 5659.78,
                          "Total Cost": 31189.4,
                          "Plan Rows": 86050,
                          "Plan Width": 4,
                          "Actual Startup Time": 19.786,
                          "Actual Total Time": 58.203,
                          "Actual Rows": 65233,
                          "Actual Loops": 4,
                          "Recheck Cond": "(keyword_id < 229)",
                          "Rows Removed by Index Recheck": 0,
                          "Exact Heap Blocks": 7029,
                          "Lossy Heap Blocks": 0,
                          "Plans": [
                            {
                              "Node Type": "Bitmap Index Scan",
                              "Parent Relationship": "Outer",
                              "Parallel Aware": false,
                              "Index Name": "keyword_id_movie_keyword",
                              "Startup Cost": 0.0,
                              "Total Cost": 5593.09,
                              "Plan Rows": 266754,
                              "Plan Width": 0,
                              "Actual Startup Time": 16.22,
                              "Actual Total Time": 16.221,
                              "Actual Rows": 260933,
                              "Actual Loops": 1,
                              "Index Cond": "(keyword_id < 229)"
                            }
                          ]
                        },
                        {
                          "Node Type": "Hash",
                          "Parent Relationship": "Inner",
                          "Parallel Aware": true,
                          "Startup Cost": 42319.06,
                          "Total Cost": 42319.06,
                          "Plan Rows": 632106,
                          "Plan Width": 4,
                          "Actual Startup Time": 341.966,
                          "Actual Total Time": 341.968,
                          "Actual Rows": 632078,
                          "Actual Loops": 4,
                          "Hash Buckets": 4194304,
                          "Original Hash Buckets": 4194304,
                          "Hash Batches": 1,
                          "Original Hash Batches": 1,
                          "Peak Memory Usage": 131712,
                          "Plans": [
                            {
                              "Node Type": "Seq Scan",
                              "Parent Relationship": "Outer",
                              "Parallel Aware": true,
                              "Relation Name": "title",
                              "Alias": "t",
                              "Startup Cost": 0.0,
                              "Total Cost": 42319.06,
                              "Plan Rows": 632106,
                              "Plan Width": 4,
                              "Actual Startup Time": 0.026,
                              "Actual Total Time": 99.967,
                              "Actual Rows": 632078,
                              "Actual Loops": 4
                            }
                          ]
                        }
                      ]
                    },
                    {
                      "Node Type": "Index Scan",
                      "Parent Relationship": "Inner",
                      "Parallel Aware": false,
                      "Scan Direction": "Forward",
                      "Index Name": "movie_id_cast_info",
                      "Relation Name": "cast_info",
                      "Alias": "ci",
                      "Startup Cost": 0.56,
                      "Total Cost": 1.87,
                      "Plan Rows": 15,
                      "Plan Width": 4,
                      "Actual Startup Time": 0.005,
                      "Actual Total Time": 0.033,
                      "Actual Rows": 18,
                      "Actual Loops": 260933,
                      "Index Cond": "(movie_id = t.id)",
                      "Rows Removed by Index Recheck": 0,
                      "Filter": "(person_id < 1545964)",
                      "Rows Removed by Filter": 22
                    }
                  ]
                }
              ]
            }
          ]
        }
      ]
    },
    "Planning Time": 0.53,
    "Triggers": [],
    "Execution Time": 2917.191
  }
]