[
  {
    "Plan": {
      "Node Type": "Aggregate",
      "Strategy": "Plain",
      "Partial Mode": "Finalize",
      "Parallel Aware": false,
      "Startup Cost": 46796.92,
      "Total Cost": 46796.93,
      "Plan Rows": 1,
      "Plan Width": 8,
      "Actual Startup Time": 92.183,
      "Actual Total Time": 103.83,
      "Actual Rows": 1,
      "Actual Loops": 1,
      "Plans": [
        {
          "Node Type": "Gather",
          "Parent Relationship": "Outer",
          "Parallel Aware": false,
          "Startup Cost": 46796.5,
          "Total Cost": 46796.91,
          "Plan Rows": 4,
          "Plan Width": 8,
          "Actual Startup Time": 91.981,
          "Actual Total Time": 103.814,
          "Actual Rows": 5,
          "Actual Loops": 1,
          "Workers Planned": 4,
          "Workers Launched": 4,
          "Single Copy": false,
          "Plans": [
            {
              "Node Type": "Aggregate",
              "Strategy": "Plain",
              "Partial Mode": "Partial",
              "Parent Relationship": "Outer",
              "Parallel Aware": false,
              "Startup Cost": 45796.5,
              "Total Cost": 45796.51,
              "Plan Rows": 1,
              "Plan Width": 8,
              "Actual Startup Time": 86.819,
              "Actual Total Time": 86.821,
              "Actual Rows": 1,
              "Actual Loops": 5,
              "Plans": [
                {
                  "Node Type": "Seq Scan",
                  "Parent Relationship": "Outer",
                  "Parallel Aware": true,
                  "Relation Name": "title",
                  "Alias": "t",
                  "Startup Cost": 0.0,
                  "Total Cost": 45479.59,
                  "Plan Rows": 126764,
                  "Plan Width": 0,
                  "Actual Startup Time": 0.029,
                  "Actual Total Time": 82.778,
                  "Actual Rows": 75354,
                  "Actual Loops": 5,
                  "Filter": "((kind_id > 3) AND (production_year < 1994))",
                  "Rows Removed by Filter": 430308
                }
              ]
            }
          ]
        }
      ]
    },
    "Planning Time": 0.084,
    "Triggers": [],
    "Execution Time": 103.858
  }
]