[
  {
    "Plan": {
      "Node Type": "Aggregate",
      "Strategy": "Plain",
      "Partial Mode": "Finalize",
      "Parallel Aware": false,
      "Startup Cost": 45800.73,
      "Total Cost": 45800.74,
      "Plan Rows": 1,
      "Plan Width": 8,
      "Actual Startup Time": 179.446,
      "Actual Total Time": 190.31,
      "Actual Rows": 1,
      "Actual Loops": 1,
      "Plans": [
        {
          "Node Type": "Gather",
          "Parent Relationship": "Outer",
          "Parallel Aware": false,
          "Startup Cost": 45800.41,
          "Total Cost": 45800.72,
          "Plan Rows": 3,
          "Plan Width": 8,
          "Actual Startup Time": 179.335,
          "Actual Total Time": 190.299,
          "Actual Rows": 4,
          "Actual Loops": 1,
          "Workers Planned": 3,
          "Workers Launched": 3,
          "Single Copy": false,
          "Plans": [
            {
              "Node Type": "Aggregate",
              "Strategy": "Plain",
              "Partial Mode": "Partial",
              "Parent Relationship": "Outer",
              "Parallel Aware": false,
              "Startup Cost": 44800.41,
              "Total Cost": 44800.42,
              "Plan Rows": 1,
              "Plan Width": 8,
              "Actual Startup Time": 170.545,
              "Actual Total Time": 170.546,
              "Actual Rows": 1,
              "Actual Loops": 4,
              "Plans": [
                {
                  "Node Type": "Seq Scan",
                  "Parent Relationship": "Outer",
                  "Parallel Aware": true,
                  "Relation Name": "movie_keyword",
                  "Alias": "mk",
                  "Startup Cost": 0.0,
                  "Total Cost": 42695.65,
                  "Plan Rows": 841903,
                  "Plan Width": 0,
                  "Actual Startup Time": 0.07,
                  "Actual Total Time": 135.275,
                  "Actual Rows": 651210,
                  "Actual Loops": 4,
                  "Filter": "(keyword_id < 7040)",
                  "Rows Removed by Filter": 479773
                }
              ]
            }
          ]
        }
      ]
    },
    "Planning Time": 0.194,
    "Triggers": [],
    "Execution Time": 190.376
  }
]