{
    "Plan": {
        "Node Type": "Aggregate",
        "Strategy": "Plain",
        "Partial Mode": "Simple",
        "Parallel Aware": false,
        "Startup Cost": 70007669463.69,
        "Total Cost": 70007669463.7,
        "Plan Rows": 1,
        "Plan Width": 96,
        "Actual Startup Time": 8235.911,
        "Actual Total Time": 8236.119,
        "Actual Rows": 1,
        "Actual Loops": 1,
        "Output": [
            "min(cn.name)",
            "min(mi_idx.info)",
            "min(t.title)"
        ],
        "Plans": [
            {
                "Node Type": "Nested Loop",
                "Parent Relationship": "Outer",
                "Parallel Aware": false,
                "Join Type": "Inner",
                "Startup Cost": 70007656590.66,
                "Total Cost": 70007669463.68,
                "Plan Rows": 1,
                "Plan Width": 41,
                "Actual Startup Time": 7859.351,
                "Actual Total Time": 8234.168,
                "Actual Rows": 5793,
                "Actual Loops": 1,
                "Output": [
                    "cn.name",
                    "mi_idx.info",
                    "t.title"
                ],
                "Inner Unique": true,
                "Plans": [
                    {
                        "Node Type": "Nested Loop",
                        "Parent Relationship": "Outer",
                        "Parallel Aware": false,
                        "Join Type": "Inner",
                        "Startup Cost": 60007656590.52,
                        "Total Cost": 60007669456.85,
                        "Plan Rows": 1,
                        "Plan Width": 45,
                        "Actual Startup Time": 7859.338,
                        "Actual Total Time": 8211.742,
                        "Actual Rows": 5968,
                        "Actual Loops": 1,
                        "Output": [
                            "cn.name",
                            "mi_idx.info",
                            "t.title",
                            "t.kind_id"
                        ],
                        "Inner Unique": true,
                        "Plans": [
                            {
                                "Node Type": "Nested Loop",
                                "Parent Relationship": "Outer",
                                "Parallel Aware": false,
                                "Join Type": "Inner",
                                "Startup Cost": 50007656590.37,
                                "Total Cost": 50007669448.67,
                                "Plan Rows": 1,
                                "Plan Width": 49,
                                "Actual Startup Time": 7859.115,
                                "Actual Total Time": 8140.416,
                                "Actual Rows": 18552,
                                "Actual Loops": 1,
                                "Output": [
                                    "cn.name",
                                    "mi_idx.info",
                                    "mi_idx.info_type_id",
                                    "t.title",
                                    "t.kind_id"
                                ],
                                "Inner Unique": true,
                                "Plans": [
                                    {
                                        "Node Type": "Hash Join",
                                        "Parent Relationship": "Outer",
                                        "Parallel Aware": false,
                                        "Join Type": "Inner",
                                        "Startup Cost": 50007656590.24,
                                        "Total Cost": 50007669448.51,
                                        "Plan Rows": 1,
                                        "Plan Width": 53,
                                        "Actual Startup Time": 7859.094,
                                        "Actual Total Time": 8111.428,
                                        "Actual Rows": 26400,
                                        "Actual Loops": 1,
                                        "Output": [
                                            "cc.status_id",
                                            "cn.name",
                                            "mi_idx.info",
                                            "mi_idx.info_type_id",
                                            "t.title",
                                            "t.kind_id"
                                        ],
                                        "Inner Unique": false,
                                        "Hash Cond": "(t.id = mk.movie_id)",
                                        "Plans": [
                                            {
                                                "Node Type": "Hash Join",
                                                "Parent Relationship": "Outer",
                                                "Parallel Aware": false,
                                                "Join Type": "Inner",
                                                "Startup Cost": 20000612247.53,
                                                "Total Cost": 20000625092.63,
                                                "Plan Rows": 3509,
                                                "Plan Width": 65,
                                                "Actual Startup Time": 3363.941,
                                                "Actual Total Time": 3591.177,
                                                "Actual Rows": 269156,
                                                "Actual Loops": 1,
                                                "Output": [
                                                    "cn.name",
                                                    "mc.movie_id",
                                                    "mi.movie_id",
                                                    "mi_idx.info",
                                                    "mi_idx.movie_id",
                                                    "mi_idx.info_type_id",
                                                    "t.title",
                                                    "t.kind_id",
                                                    "t.id"
                                                ],
                                                "Inner Unique": true,
                                                "Hash Cond": "(mc.company_type_id = ct.id)",
                                                "Plans": [
                                                    {
                                                        "Node Type": "Merge Join",
                                                        "Parent Relationship": "Outer",
                                                        "Parallel Aware": false,
                                                        "Join Type": "Inner",
                                                        "Startup Cost": 20000612235.29,
                                                        "Total Cost": 20000625061.42,
                                                        "Plan Rows": 3509,
                                                        "Plan Width": 69,
                                                        "Actual Startup Time": 3363.902,
                                                        "Actual Total Time": 3555.981,
                                                        "Actual Rows": 269156,
                                                        "Actual Loops": 1,
                                                        "Output": [
                                                            "cn.name",
                                                            "mc.movie_id",
                                                            "mc.company_type_id",
                                                            "mi.movie_id",
                                                            "mi_idx.info",
                                                            "mi_idx.movie_id",
                                                            "mi_idx.info_type_id",
                                                            "t.title",
                                                            "t.kind_id",
                                                            "t.id"
                                                        ],
                                                        "Inner Unique": true,
                                                        "Merge Cond": "(mc.company_id = cn.id)",
                                                        "Plans": [
                                                            {
                                                                "Node Type": "Sort",
                                                                "Parent Relationship": "Outer",
                                                                "Parallel Aware": false,
                                                                "Startup Cost": 20000612234.07,
                                                                "Total Cost": 20000612250.41,
                                                                "Plan Rows": 6537,
                                                                "Plan Width": 54,
                                                                "Actual Startup Time": 3363.781,
                                                                "Actual Total Time": 3406.467,
                                                                "Actual Rows": 314605,
                                                                "Actual Loops": 1,
                                                                "Output": [
                                                                    "mi.movie_id",
                                                                    "mc.movie_id",
                                                                    "mc.company_type_id",
                                                                    "mc.company_id",
                                                                    "mi_idx.info",
                                                                    "mi_idx.movie_id",
                                                                    "mi_idx.info_type_id",
                                                                    "t.title",
                                                                    "t.kind_id",
                                                                    "t.id"
                                                                ],
                                                                "Sort Key": [
                                                                    "mc.company_id"
                                                                ],
                                                                "Sort Method": "quicksort",
                                                                "Sort Space Used": 52894,
                                                                "Sort Space Type": "Memory",
                                                                "Plans": [
                                                                    {
                                                                        "Node Type": "Hash Join",
                                                                        "Parent Relationship": "Outer",
                                                                        "Parallel Aware": false,
                                                                        "Join Type": "Inner",
                                                                        "Startup Cost": 20000549704.84,
                                                                        "Total Cost": 20000611819.81,
                                                                        "Plan Rows": 6537,
                                                                        "Plan Width": 54,
                                                                        "Actual Startup Time": 2884.132,
                                                                        "Actual Total Time": 3279.601,
                                                                        "Actual Rows": 314605,
                                                                        "Actual Loops": 1,
                                                                        "Output": [
                                                                            "mi.movie_id",
                                                                            "mc.movie_id",
                                                                            "mc.company_type_id",
                                                                            "mc.company_id",
                                                                            "mi_idx.info",
                                                                            "mi_idx.movie_id",
                                                                            "mi_idx.info_type_id",
                                                                            "t.title",
                                                                            "t.kind_id",
                                                                            "t.id"
                                                                        ],
                                                                        "Inner Unique": false,
                                                                        "Hash Cond": "(mi_idx.movie_id = t.id)",
                                                                        "Plans": [
                                                                            {
                                                                                "Node Type": "Index Scan",
                                                                                "Parent Relationship": "Outer",
                                                                                "Parallel Aware": false,
                                                                                "Scan Direction": "Forward",
                                                                                "Index Name": "movie_id_movie_info_idx",
                                                                                "Relation Name": "movie_info_idx",
                                                                                "Schema": "public",
                                                                                "Alias": "mi_idx",
                                                                                "Startup Cost": 0.43,
                                                                                "Total Cost": 57080.9,
                                                                                "Plan Rows": 1339166,
                                                                                "Plan Width": 13,
                                                                                "Actual Startup Time": 0.028,
                                                                                "Actual Total Time": 247.908,
                                                                                "Actual Rows": 1337634,
                                                                                "Actual Loops": 1,
                                                                                "Output": [
                                                                                    "mi_idx.id",
                                                                                    "mi_idx.movie_id",
                                                                                    "mi_idx.info_type_id",
                                                                                    "mi_idx.info",
                                                                                    "mi_idx.note"
                                                                                ],
                                                                                "Filter": "(mi_idx.info < '8.5'::text)",
                                                                                "Rows Removed by Filter": 42401
                                                                            },
                                                                            {
                                                                                "Node Type": "Hash",
                                                                                "Parent Relationship": "Inner",
                                                                                "Parallel Aware": false,
                                                                                "Startup Cost": 20000549674.64,
                                                                                "Total Cost": 20000549674.64,
                                                                                "Plan Rows": 2382,
                                                                                "Plan Width": 41,
                                                                                "Actual Startup Time": 2884.086,
                                                                                "Actual Total Time": 2884.279,
                                                                                "Actual Rows": 143613,
                                                                                "Actual Loops": 1,
                                                                                "Output": [
                                                                                    "mi.movie_id",
                                                                                    "mc.movie_id",
                                                                                    "mc.company_type_id",
                                                                                    "mc.company_id",
                                                                                    "t.title",
                                                                                    "t.kind_id",
                                                                                    "t.id"
                                                                                ],
                                                                                "Hash Buckets": 262144,
                                                                                "Original Hash Buckets": 4096,
                                                                                "Hash Batches": 1,
                                                                                "Original Hash Batches": 1,
                                                                                "Peak Memory Usage": 12714,
                                                                                "Plans": [
                                                                                    {
                                                                                        "Node Type": "Merge Join",
                                                                                        "Parent Relationship": "Outer",
                                                                                        "Parallel Aware": false,
                                                                                        "Join Type": "Inner",
                                                                                        "Startup Cost": 20000548887.11,
                                                                                        "Total Cost": 20000549674.64,
                                                                                        "Plan Rows": 2382,
                                                                                        "Plan Width": 41,
                                                                                        "Actual Startup Time": 2766.887,
                                                                                        "Actual Total Time": 2856.783,
                                                                                        "Actual Rows": 143613,
                                                                                        "Actual Loops": 1,
                                                                                        "Output": [
                                                                                            "mi.movie_id",
                                                                                            "mc.movie_id",
                                                                                            "mc.company_type_id",
                                                                                            "mc.company_id",
                                                                                            "t.title",
                                                                                            "t.kind_id",
                                                                                            "t.id"
                                                                                        ],
                                                                                        "Inner Unique": false,
                                                                                        "Merge Cond": "(mc.movie_id = t.id)",
                                                                                        "Plans": [
                                                                                            {
                                                                                                "Node Type": "Sort",
                                                                                                "Parent Relationship": "Outer",
                                                                                                "Parallel Aware": false,
                                                                                                "Startup Cost": 10000070716.41,
                                                                                                "Total Cost": 10000071088.55,
                                                                                                "Plan Rows": 148857,
                                                                                                "Plan Width": 12,
                                                                                                "Actual Startup Time": 592.587,
                                                                                                "Actual Total Time": 603.867,
                                                                                                "Actual Rows": 303271,
                                                                                                "Actual Loops": 1,
                                                                                                "Output": [
                                                                                                    "mc.movie_id",
                                                                                                    "mc.company_type_id",
                                                                                                    "mc.company_id"
                                                                                                ],
                                                                                                "Sort Key": [
                                                                                                    "mc.movie_id"
                                                                                                ],
                                                                                                "Sort Method": "quicksort",
                                                                                                "Sort Space Used": 26504,
                                                                                                "Sort Space Type": "Memory",
                                                                                                "Plans": [
                                                                                                    {
                                                                                                        "Node Type": "Seq Scan",
                                                                                                        "Parent Relationship": "Outer",
                                                                                                        "Parallel Aware": false,
                                                                                                        "Relation Name": "movie_companies",
                                                                                                        "Schema": "public",
                                                                                                        "Alias": "mc",
                                                                                                        "Startup Cost": 10000000000.0,
                                                                                                        "Total Cost": 10000057926.93,
                                                                                                        "Plan Rows": 148857,
                                                                                                        "Plan Width": 12,
                                                                                                        "Actual Startup Time": 0.015,
                                                                                                        "Actual Total Time": 511.692,
                                                                                                        "Actual Rows": 303271,
                                                                                                        "Actual Loops": 1,
                                                                                                        "Output": [
                                                                                                            "mc.movie_id",
                                                                                                            "mc.company_type_id",
                                                                                                            "mc.company_id"
                                                                                                        ],
                                                                                                        "Filter": "((mc.note !~~ '%(USA)%'::text) AND (mc.note ~~ '%(200%)%'::text))",
                                                                                                        "Rows Removed by Filter": 2305858
                                                                                                    }
                                                                                                ]
                                                                                            },
                                                                                            {
                                                                                                "Node Type": "Sort",
                                                                                                "Parent Relationship": "Inner",
                                                                                                "Parallel Aware": false,
                                                                                                "Startup Cost": 10000478170.7,
                                                                                                "Total Cost": 10000478190.06,
                                                                                                "Plan Rows": 7745,
                                                                                                "Plan Width": 29,
                                                                                                "Actual Startup Time": 2174.288,
                                                                                                "Actual Total Time": 2195.885,
                                                                                                "Actual Rows": 447680,
                                                                                                "Actual Loops": 1,
                                                                                                "Output": [
                                                                                                    "mi.movie_id",
                                                                                                    "t.title",
                                                                                                    "t.kind_id",
                                                                                                    "t.id"
                                                                                                ],
                                                                                                "Sort Key": [
                                                                                                    "mi.movie_id"
                                                                                                ],
                                                                                                "Sort Method": "quicksort",
                                                                                                "Sort Space Used": 43274,
                                                                                                "Sort Space Type": "Memory",
                                                                                                "Plans": [
                                                                                                    {
                                                                                                        "Node Type": "Hash Join",
                                                                                                        "Parent Relationship": "Outer",
                                                                                                        "Parallel Aware": false,
                                                                                                        "Join Type": "Inner",
                                                                                                        "Startup Cost": 10000475635.25,
                                                                                                        "Total Cost": 10000477670.41,
                                                                                                        "Plan Rows": 7745,
                                                                                                        "Plan Width": 29,
                                                                                                        "Actual Startup Time": 1794.002,
                                                                                                        "Actual Total Time": 2085.413,
                                                                                                        "Actual Rows": 373121,
                                                                                                        "Actual Loops": 1,
                                                                                                        "Output": [
                                                                                                            "mi.movie_id",
                                                                                                            "t.title",
                                                                                                            "t.kind_id",
                                                                                                            "t.id"
                                                                                                        ],
                                                                                                        "Inner Unique": false,
                                                                                                        "Hash Cond": "(mi.movie_id = t.id)",
                                                                                                        "Plans": [
                                                                                                            {
                                                                                                                "Node Type": "Hash Join",
                                                                                                                "Parent Relationship": "Outer",
                                                                                                                "Parallel Aware": false,
                                                                                                                "Join Type": "Inner",
                                                                                                                "Startup Cost": 388473.35,
                                                                                                                "Total Cost": 390368.49,
                                                                                                                "Plan Rows": 12514,
                                                                                                                "Plan Width": 4,
                                                                                                                "Actual Startup Time": 1080.578,
                                                                                                                "Actual Total Time": 1128.594,
                                                                                                                "Actual Rows": 604698,
                                                                                                                "Actual Loops": 1,
                                                                                                                "Output": [
                                                                                                                    "mi.movie_id"
                                                                                                                ],
                                                                                                                "Inner Unique": false,
                                                                                                                "Hash Cond": "(it1.id = mi.info_type_id)",
                                                                                                                "Plans": [
                                                                                                                    {
                                                                                                                        "Node Type": "Seq Scan",
                                                                                                                        "Parent Relationship": "Outer",
                                                                                                                        "Parallel Aware": false,
                                                                                                                        "Relation Name": "info_type",
                                                                                                                        "Schema": "public",
                                                                                                                        "Alias": "it1",
                                                                                                                        "Startup Cost": 0.0,
                                                                                                                        "Total Cost": 2.41,
                                                                                                                        "Plan Rows": 1,
                                                                                                                        "Plan Width": 4,
                                                                                                                        "Actual Startup Time": 0.02,
                                                                                                                        "Actual Total Time": 0.032,
                                                                                                                        "Actual Rows": 1,
                                                                                                                        "Actual Loops": 1,
                                                                                                                        "Output": [
                                                                                                                            "it1.id",
                                                                                                                            "it1.info"
                                                                                                                        ],
                                                                                                                        "Filter": "((it1.info)::text = 'countries'::text)",
                                                                                                                        "Rows Removed by Filter": 112
                                                                                                                    },
                                                                                                                    {
                                                                                                                        "Node Type": "Hash",
                                                                                                                        "Parent Relationship": "Inner",
                                                                                                                        "Parallel Aware": false,
                                                                                                                        "Startup Cost": 370797.53,
                                                                                                                        "Total Cost": 370797.53,
                                                                                                                        "Plan Rows": 1414066,
                                                                                                                        "Plan Width": 8,
                                                                                                                        "Actual Startup Time": 1078.222,
                                                                                                                        "Actual Total Time": 1078.407,
                                                                                                                        "Actual Rows": 1480856,
                                                                                                                        "Actual Loops": 1,
                                                                                                                        "Output": [
                                                                                                                            "mi.movie_id",
                                                                                                                            "mi.info_type_id"
                                                                                                                        ],
                                                                                                                        "Hash Buckets": 2097152,
                                                                                                                        "Original Hash Buckets": 2097152,
                                                                                                                        "Hash Batches": 1,
                                                                                                                        "Original Hash Batches": 1,
                                                                                                                        "Peak Memory Usage": 74230,
                                                                                                                        "Plans": [
                                                                                                                            {
                                                                                                                                "Node Type": "Gather",
                                                                                                                                "Parent Relationship": "Outer",
                                                                                                                                "Parallel Aware": false,
                                                                                                                                "Startup Cost": 1000.0,
                                                                                                                                "Total Cost": 370797.53,
                                                                                                                                "Plan Rows": 1414066,
                                                                                                                                "Plan Width": 8,
                                                                                                                                "Actual Startup Time": 0.497,
                                                                                                                                "Actual Total Time": 928.37,
                                                                                                                                "Actual Rows": 1480856,
                                                                                                                                "Actual Loops": 1,
                                                                                                                                "Output": [
                                                                                                                                    "mi.movie_id",
                                                                                                                                    "mi.info_type_id"
                                                                                                                                ],
                                                                                                                                "Workers Planned": 5,
                                                                                                                                "Workers Launched": 5,
                                                                                                                                "Single Copy": false,
                                                                                                                                "Plans": [
                                                                                                                                    {
                                                                                                                                        "Node Type": "Seq Scan",
                                                                                                                                        "Parent Relationship": "Outer",
                                                                                                                                        "Parallel Aware": true,
                                                                                                                                        "Relation Name": "movie_info",
                                                                                                                                        "Schema": "public",
                                                                                                                                        "Alias": "mi",
                                                                                                                                        "Startup Cost": 0.0,
                                                                                                                                        "Total Cost": 228390.93,
                                                                                                                                        "Plan Rows": 282813,
                                                                                                                                        "Plan Width": 8,
                                                                                                                                        "Actual Startup Time": 0.115,
                                                                                                                                        "Actual Total Time": 912.019,
                                                                                                                                        "Actual Rows": 246809,
                                                                                                                                        "Actual Loops": 6,
                                                                                                                                        "Output": [
                                                                                                                                            "mi.movie_id",
                                                                                                                                            "mi.info_type_id"
                                                                                                                                        ],
                                                                                                                                        "Filter": "(mi.info = ANY ('{Denish,German,English,Norway,Denmark,Danish,America,Germany,Norwegian,USA}'::text[]))",
                                                                                                                                        "Rows Removed by Filter": 2225811,
                                                                                                                                        "Workers": [
                                                                                                                                            {
                                                                                                                                                "Worker Number": 0,
                                                                                                                                                "Actual Startup Time": 0.111,
                                                                                                                                                "Actual Total Time": 945.092,
                                                                                                                                                "Actual Rows": 289837,
                                                                                                                                                "Actual Loops": 1
                                                                                                                                            },
                                                                                                                                            {
                                                                                                                                                "Worker Number": 1,
                                                                                                                                                "Actual Startup Time": 0.117,
                                                                                                                                                "Actual Total Time": 943.926,
                                                                                                                                                "Actual Rows": 291247,
                                                                                                                                                "Actual Loops": 1
                                                                                                                                            },
                                                                                                                                            {
                                                                                                                                                "Worker Number": 2,
                                                                                                                                                "Actual Startup Time": 0.114,
                                                                                                                                                "Actual Total Time": 939.873,
                                                                                                                                                "Actual Rows": 293181,
                                                                                                                                                "Actual Loops": 1
                                                                                                                                            },
                                                                                                                                            {
                                                                                                                                                "Worker Number": 3,
                                                                                                                                                "Actual Startup Time": 0.21,
                                                                                                                                                "Actual Total Time": 943.111,
                                                                                                                                                "Actual Rows": 285614,
                                                                                                                                                "Actual Loops": 1
                                                                                                                                            },
                                                                                                                                            {
                                                                                                                                                "Worker Number": 4,
                                                                                                                                                "Actual Startup Time": 0.113,
                                                                                                                                                "Actual Total Time": 942.051,
                                                                                                                                                "Actual Rows": 290699,
                                                                                                                                                "Actual Loops": 1
                                                                                                                                            }
                                                                                                                                        ]
                                                                                                                                    }
                                                                                                                                ]
                                                                                                                            }
                                                                                                                        ]
                                                                                                                    }
                                                                                                                ]
                                                                                                            },
                                                                                                            {
                                                                                                                "Node Type": "Hash",
                                                                                                                "Parent Relationship": "Inner",
                                                                                                                "Parallel Aware": false,
                                                                                                                "Startup Cost": 10000067602.02,
                                                                                                                "Total Cost": 10000067602.02,
                                                                                                                "Plan Rows": 1564790,
                                                                                                                "Plan Width": 25,
                                                                                                                "Actual Startup Time": 711.37,
                                                                                                                "Actual Total Time": 711.371,
                                                                                                                "Actual Rows": 1570568,
                                                                                                                "Actual Loops": 1,
                                                                                                                "Output": [
                                                                                                                    "t.title",
                                                                                                                    "t.kind_id",
                                                                                                                    "t.id"
                                                                                                                ],
                                                                                                                "Hash Buckets": 2097152,
                                                                                                                "Original Hash Buckets": 2097152,
                                                                                                                "Hash Batches": 1,
                                                                                                                "Original Hash Batches": 1,
                                                                                                                "Peak Memory Usage": 106585,
                                                                                                                "Plans": [
                                                                                                                    {
                                                                                                                        "Node Type": "Seq Scan",
                                                                                                                        "Parent Relationship": "Outer",
                                                                                                                        "Parallel Aware": false,
                                                                                                                        "Relation Name": "title",
                                                                                                                        "Schema": "public",
                                                                                                                        "Alias": "t",
                                                                                                                        "Startup Cost": 10000000000.0,
                                                                                                                        "Total Cost": 10000067602.02,
                                                                                                                        "Plan Rows": 1564790,
                                                                                                                        "Plan Width": 25,
                                                                                                                        "Actual Startup Time": 0.015,
                                                                                                                        "Actual Total Time": 318.913,
                                                                                                                        "Actual Rows": 1570568,
                                                                                                                        "Actual Loops": 1,
                                                                                                                        "Output": [
                                                                                                                            "t.title",
                                                                                                                            "t.kind_id",
                                                                                                                            "t.id"
                                                                                                                        ],
                                                                                                                        "Filter": "(t.production_year > 1996)",
                                                                                                                        "Rows Removed by Filter": 957744
                                                                                                                    }
                                                                                                                ]
                                                                                                            }
                                                                                                        ]
                                                                                                    }
                                                                                                ]
                                                                                            }
                                                                                        ]
                                                                                    }
                                                                                ]
                                                                            }
                                                                        ]
                                                                    }
                                                                ]
                                                            },
                                                            {
                                                                "Node Type": "Index Scan",
                                                                "Parent Relationship": "Inner",
                                                                "Parallel Aware": false,
                                                                "Scan Direction": "Forward",
                                                                "Index Name": "company_name_pkey",
                                                                "Relation Name": "company_name",
                                                                "Schema": "public",
                                                                "Alias": "cn",
                                                                "Startup Cost": 0.42,
                                                                "Total Cost": 12454.44,
                                                                "Plan Rows": 126107,
                                                                "Plan Width": 23,
                                                                "Actual Startup Time": 0.032,
                                                                "Actual Total Time": 89.931,
                                                                "Actual Rows": 114205,
                                                                "Actual Loops": 1,
                                                                "Output": [
                                                                    "cn.id",
                                                                    "cn.name",
                                                                    "cn.country_code",
                                                                    "cn.imdb_id",
                                                                    "cn.name_pcode_nf",
                                                                    "cn.name_pcode_sf",
                                                                    "cn.md5sum"
                                                                ],
                                                                "Filter": "((cn.country_code)::text <> '[us]'::text)",
                                                                "Rows Removed by Filter": 93432
                                                            }
                                                        ]
                                                    },
                                                    {
                                                        "Node Type": "Hash",
                                                        "Parent Relationship": "Inner",
                                                        "Parallel Aware": false,
                                                        "Startup Cost": 12.19,
                                                        "Total Cost": 12.19,
                                                        "Plan Rows": 4,
                                                        "Plan Width": 4,
                                                        "Actual Startup Time": 0.022,
                                                        "Actual Total Time": 0.022,
                                                        "Actual Rows": 4,
                                                        "Actual Loops": 1,
                                                        "Output": [
                                                            "ct.id"
                                                        ],
                                                        "Hash Buckets": 1024,
                                                        "Original Hash Buckets": 1024,
                                                        "Hash Batches": 1,
                                                        "Original Hash Batches": 1,
                                                        "Peak Memory Usage": 9,
                                                        "Plans": [
                                                            {
                                                                "Node Type": "Index Scan",
                                                                "Parent Relationship": "Outer",
                                                                "Parallel Aware": false,
                                                                "Scan Direction": "Forward",
                                                                "Index Name": "company_type_pkey",
                                                                "Relation Name": "company_type",
                                                                "Schema": "public",
                                                                "Alias": "ct",
                                                                "Startup Cost": 0.13,
                                                                "Total Cost": 12.19,
                                                                "Plan Rows": 4,
                                                                "Plan Width": 4,
                                                                "Actual Startup Time": 0.016,
                                                                "Actual Total Time": 0.019,
                                                                "Actual Rows": 4,
                                                                "Actual Loops": 1,
                                                                "Output": [
                                                                    "ct.id"
                                                                ]
                                                            }
                                                        ]
                                                    }
                                                ]
                                            },
                                            {
                                                "Node Type": "Hash",
                                                "Parent Relationship": "Inner",
                                                "Parallel Aware": false,
                                                "Startup Cost": 30007044342.14,
                                                "Total Cost": 30007044342.14,
                                                "Plan Rows": 46,
                                                "Plan Width": 12,
                                                "Actual Startup Time": 4495.053,
                                                "Actual Total Time": 4495.059,
                                                "Actual Rows": 6216,
                                                "Actual Loops": 1,
                                                "Output": [
                                                    "cc.movie_id",
                                                    "cc.status_id",
                                                    "mk.movie_id"
                                                ],
                                                "Hash Buckets": 8192,
                                                "Original Hash Buckets": 1024,
                                                "Hash Batches": 1,
                                                "Original Hash Batches": 1,
                                                "Peak Memory Usage": 332,
                                                "Plans": [
                                                    {
                                                        "Node Type": "Nested Loop",
                                                        "Parent Relationship": "Outer",
                                                        "Parallel Aware": false,
                                                        "Join Type": "Inner",
                                                        "Startup Cost": 30000008841.28,
                                                        "Total Cost": 30007044342.14,
                                                        "Plan Rows": 46,
                                                        "Plan Width": 12,
                                                        "Actual Startup Time": 51.886,
                                                        "Actual Total Time": 4492.368,
                                                        "Actual Rows": 6216,
                                                        "Actual Loops": 1,
                                                        "Output": [
                                                            "cc.movie_id",
                                                            "cc.status_id",
                                                            "mk.movie_id"
                                                        ],
                                                        "Inner Unique": true,
                                                        "Plans": [
                                                            {
                                                                "Node Type": "Merge Join",
                                                                "Parent Relationship": "Outer",
                                                                "Parallel Aware": false,
                                                                "Join Type": "Inner",
                                                                "Startup Cost": 20000008840.85,
                                                                "Total Cost": 20000212860.66,
                                                                "Plan Rows": 1536657,
                                                                "Plan Width": 16,
                                                                "Actual Startup Time": 48.454,
                                                                "Actual Total Time": 1067.781,
                                                                "Actual Rows": 734720,
                                                                "Actual Loops": 1,
                                                                "Output": [
                                                                    "cc.movie_id",
                                                                    "cc.status_id",
                                                                    "mk.movie_id",
                                                                    "mk.keyword_id"
                                                                ],
                                                                "Inner Unique": false,
                                                                "Merge Cond": "(cc.movie_id = mk.movie_id)",
                                                                "Plans": [
                                                                    {
                                                                        "Node Type": "Sort",
                                                                        "Parent Relationship": "Outer",
                                                                        "Parallel Aware": false,
                                                                        "Startup Cost": 10000008840.4,
                                                                        "Total Cost": 10000008924.83,
                                                                        "Plan Rows": 33772,
                                                                        "Plan Width": 8,
                                                                        "Actual Startup Time": 48.407,
                                                                        "Actual Total Time": 56.274,
                                                                        "Actual Rows": 48275,
                                                                        "Actual Loops": 1,
                                                                        "Output": [
                                                                            "cc.movie_id",
                                                                            "cc.status_id"
                                                                        ],
                                                                        "Sort Key": [
                                                                            "cc.movie_id"
                                                                        ],
                                                                        "Sort Method": "quicksort",
                                                                        "Sort Space Used": 3840,
                                                                        "Sort Space Type": "Memory",
                                                                        "Plans": [
                                                                            {
                                                                                "Node Type": "Hash Join",
                                                                                "Parent Relationship": "Outer",
                                                                                "Parallel Aware": false,
                                                                                "Join Type": "Inner",
                                                                                "Startup Cost": 10000005853.28,
                                                                                "Total Cost": 10000006300.15,
                                                                                "Plan Rows": 33772,
                                                                                "Plan Width": 8,
                                                                                "Actual Startup Time": 36.786,
                                                                                "Actual Total Time": 40.68,
                                                                                "Actual Rows": 49145,
                                                                                "Actual Loops": 1,
                                                                                "Output": [
                                                                                    "cc.movie_id",
                                                                                    "cc.status_id"
                                                                                ],
                                                                                "Inner Unique": false,
                                                                                "Hash Cond": "(cct1.id = cc.subject_id)",
                                                                                "Plans": [
                                                                                    {
                                                                                        "Node Type": "Seq Scan",
                                                                                        "Parent Relationship": "Outer",
                                                                                        "Parallel Aware": false,
                                                                                        "Relation Name": "comp_cast_type",
                                                                                        "Schema": "public",
                                                                                        "Alias": "cct1",
                                                                                        "Startup Cost": 10000000000.0,
                                                                                        "Total Cost": 10000000001.05,
                                                                                        "Plan Rows": 1,
                                                                                        "Plan Width": 4,
                                                                                        "Actual Startup Time": 0.014,
                                                                                        "Actual Total Time": 0.016,
                                                                                        "Actual Rows": 1,
                                                                                        "Actual Loops": 1,
                                                                                        "Output": [
                                                                                            "cct1.id",
                                                                                            "cct1.kind"
                                                                                        ],
                                                                                        "Filter": "((cct1.kind)::text = 'crew'::text)",
                                                                                        "Rows Removed by Filter": 3
                                                                                    },
                                                                                    {
                                                                                        "Node Type": "Hash",
                                                                                        "Parent Relationship": "Inner",
                                                                                        "Parallel Aware": false,
                                                                                        "Startup Cost": 4164.71,
                                                                                        "Total Cost": 4164.71,
                                                                                        "Plan Rows": 135086,
                                                                                        "Plan Width": 12,
                                                                                        "Actual Startup Time": 36.553,
                                                                                        "Actual Total Time": 36.554,
                                                                                        "Actual Rows": 135086,
                                                                                        "Actual Loops": 1,
                                                                                        "Output": [
                                                                                            "cc.movie_id",
                                                                                            "cc.subject_id",
                                                                                            "cc.status_id"
                                                                                        ],
                                                                                        "Hash Buckets": 262144,
                                                                                        "Original Hash Buckets": 262144,
                                                                                        "Hash Batches": 1,
                                                                                        "Original Hash Batches": 1,
                                                                                        "Peak Memory Usage": 7853,
                                                                                        "Plans": [
                                                                                            {
                                                                                                "Node Type": "Index Scan",
                                                                                                "Parent Relationship": "Outer",
                                                                                                "Parallel Aware": false,
                                                                                                "Scan Direction": "Forward",
                                                                                                "Index Name": "subject_id_complete_cast",
                                                                                                "Relation Name": "complete_cast",
                                                                                                "Schema": "public",
                                                                                                "Alias": "cc",
                                                                                                "Startup Cost": 0.42,
                                                                                                "Total Cost": 4164.71,
                                                                                                "Plan Rows": 135086,
                                                                                                "Plan Width": 12,
                                                                                                "Actual Startup Time": 0.029,
                                                                                                "Actual Total Time": 22.701,
                                                                                                "Actual Rows": 135086,
                                                                                                "Actual Loops": 1,
                                                                                                "Output": [
                                                                                                    "cc.movie_id",
                                                                                                    "cc.subject_id",
                                                                                                    "cc.status_id"
                                                                                                ]
                                                                                            }
                                                                                        ]
                                                                                    }
                                                                                ]
                                                                            }
                                                                        ]
                                                                    },
                                                                    {
                                                                        "Node Type": "Index Scan",
                                                                        "Parent Relationship": "Inner",
                                                                        "Parallel Aware": false,
                                                                        "Scan Direction": "Forward",
                                                                        "Index Name": "movie_id_movie_keyword",
                                                                        "Relation Name": "movie_keyword",
                                                                        "Schema": "public",
                                                                        "Alias": "mk",
                                                                        "Startup Cost": 10000000000.43,
                                                                        "Total Cost": 10000177177.46,
                                                                        "Plan Rows": 4523930,
                                                                        "Plan Width": 8,
                                                                        "Actual Startup Time": 0.018,
                                                                        "Actual Total Time": 630.147,
                                                                        "Actual Rows": 4523930,
                                                                        "Actual Loops": 1,
                                                                        "Output": [
                                                                            "mk.id",
                                                                            "mk.movie_id",
                                                                            "mk.keyword_id"
                                                                        ]
                                                                    }
                                                                ]
                                                            },
                                                            {
                                                                "Node Type": "Bitmap Heap Scan",
                                                                "Parent Relationship": "Inner",
                                                                "Parallel Aware": false,
                                                                "Relation Name": "keyword",
                                                                "Schema": "public",
                                                                "Alias": "k",
                                                                "Startup Cost": 0.43,
                                                                "Total Cost": 4.45,
                                                                "Plan Rows": 1,
                                                                "Plan Width": 4,
                                                                "Actual Startup Time": 0.003,
                                                                "Actual Total Time": 0.003,
                                                                "Actual Rows": 0,
                                                                "Actual Loops": 734720,
                                                                "Output": [
                                                                    "k.id",
                                                                    "k.keyword",
                                                                    "k.phonetic_code"
                                                                ],
                                                                "Recheck Cond": "(k.id = mk.keyword_id)",
                                                                "Rows Removed by Index Recheck": 0,
                                                                "Filter": "(k.keyword = ANY ('{murder,murder-in-title,blood,violence}'::text[]))",
                                                                "Rows Removed by Filter": 1,
                                                                "Exact Heap Blocks": 734720,
                                                                "Lossy Heap Blocks": 0,
                                                                "Plans": [
                                                                    {
                                                                        "Node Type": "Bitmap Index Scan",
                                                                        "Parent Relationship": "Outer",
                                                                        "Parallel Aware": false,
                                                                        "Index Name": "keyword_pkey",
                                                                        "Startup Cost": 0.0,
                                                                        "Total Cost": 0.43,
                                                                        "Plan Rows": 1,
                                                                        "Plan Width": 0,
                                                                        "Actual Startup Time": 0.002,
                                                                        "Actual Total Time": 0.002,
                                                                        "Actual Rows": 1,
                                                                        "Actual Loops": 734720,
                                                                        "Index Cond": "(k.id = mk.keyword_id)"
                                                                    }
                                                                ]
                                                            }
                                                        ]
                                                    }
                                                ]
                                            }
                                        ]
                                    },
                                    {
                                        "Node Type": "Index Scan",
                                        "Parent Relationship": "Inner",
                                        "Parallel Aware": false,
                                        "Scan Direction": "Forward",
                                        "Index Name": "comp_cast_type_pkey",
                                        "Relation Name": "comp_cast_type",
                                        "Schema": "public",
                                        "Alias": "cct2",
                                        "Startup Cost": 0.13,
                                        "Total Cost": 0.15,
                                        "Plan Rows": 1,
                                        "Plan Width": 4,
                                        "Actual Startup Time": 0.001,
                                        "Actual Total Time": 0.001,
                                        "Actual Rows": 1,
                                        "Actual Loops": 26400,
                                        "Output": [
                                            "cct2.id",
                                            "cct2.kind"
                                        ],
                                        "Index Cond": "(cct2.id = cc.status_id)",
                                        "Rows Removed by Index Recheck": 0,
                                        "Filter": "((cct2.kind)::text <> 'complete+verified'::text)",
                                        "Rows Removed by Filter": 0
                                    }
                                ]
                            },
                            {
                                "Node Type": "Bitmap Heap Scan",
                                "Parent Relationship": "Inner",
                                "Parallel Aware": false,
                                "Relation Name": "info_type",
                                "Schema": "public",
                                "Alias": "it2",
                                "Startup Cost": 0.15,
                                "Total Cost": 4.17,
                                "Plan Rows": 1,
                                "Plan Width": 4,
                                "Actual Startup Time": 0.002,
                                "Actual Total Time": 0.002,
                                "Actual Rows": 0,
                                "Actual Loops": 18552,
                                "Output": [
                                    "it2.id",
                                    "it2.info"
                                ],
                                "Recheck Cond": "(it2.id = mi_idx.info_type_id)",
                                "Rows Removed by Index Recheck": 0,
                                "Filter": "((it2.info)::text = 'rating'::text)",
                                "Rows Removed by Filter": 1,
                                "Exact Heap Blocks": 18552,
                                "Lossy Heap Blocks": 0,
                                "Plans": [
                                    {
                                        "Node Type": "Bitmap Index Scan",
                                        "Parent Relationship": "Outer",
                                        "Parallel Aware": false,
                                        "Index Name": "info_type_pkey",
                                        "Startup Cost": 0.0,
                                        "Total Cost": 0.15,
                                        "Plan Rows": 1,
                                        "Plan Width": 0,
                                        "Actual Startup Time": 0.001,
                                        "Actual Total Time": 0.001,
                                        "Actual Rows": 1,
                                        "Actual Loops": 18552,
                                        "Index Cond": "(it2.id = mi_idx.info_type_id)"
                                    }
                                ]
                            }
                        ]
                    },
                    {
                        "Node Type": "Bitmap Heap Scan",
                        "Parent Relationship": "Inner",
                        "Parallel Aware": false,
                        "Relation Name": "kind_type",
                        "Schema": "public",
                        "Alias": "kt",
                        "Startup Cost": 0.14,
                        "Total Cost": 4.16,
                        "Plan Rows": 1,
                        "Plan Width": 4,
                        "Actual Startup Time": 0.002,
                        "Actual Total Time": 0.002,
                        "Actual Rows": 1,
                        "Actual Loops": 5968,
                        "Output": [
                            "kt.id",
                            "kt.kind"
                        ],
                        "Recheck Cond": "(kt.id = t.kind_id)",
                        "Rows Removed by Index Recheck": 0,
                        "Filter": "((kt.kind)::text = ANY ('{movie,episode}'::text[]))",
                        "Rows Removed by Filter": 0,
                        "Exact Heap Blocks": 5968,
                        "Lossy Heap Blocks": 0,
                        "Plans": [
                            {
                                "Node Type": "Bitmap Index Scan",
                                "Parent Relationship": "Outer",
                                "Parallel Aware": false,
                                "Index Name": "kind_type_pkey",
                                "Startup Cost": 0.0,
                                "Total Cost": 0.14,
                                "Plan Rows": 1,
                                "Plan Width": 0,
                                "Actual Startup Time": 0.001,
                                "Actual Total Time": 0.001,
                                "Actual Rows": 1,
                                "Actual Loops": 5968,
                                "Index Cond": "(kt.id = t.kind_id)"
                            }
                        ]
                    }
                ]
            }
        ]
    },
    "Planning Time": 142.015,
    "Triggers": [],
    "Execution Time": 8237.859
}