[
  {
    "Plan": {
      "Node Type": "Aggregate",
      "Strategy": "Plain",
      "Partial Mode": "Finalize",
      "Parallel Aware": false,
      "Startup Cost": 46498.11,
      "Total Cost": 46498.12,
      "Plan Rows": 1,
      "Plan Width": 8,
      "Actual Startup Time": 96.29,
      "Actual Total Time": 108.727,
      "Actual Rows": 1,
      "Actual Loops": 1,
      "Plans": [
        {
          "Node Type": "Gather",
          "Parent Relationship": "Outer",
          "Parallel Aware": false,
          "Startup Cost": 46497.69,
          "Total Cost": 46498.1,
          "Plan Rows": 4,
          "Plan Width": 8,
          "Actual Startup Time": 95.963,
          "Actual Total Time": 108.718,
          "Actual Rows": 5,
          "Actual Loops": 1,
          "Workers Planned": 4,
          "Workers Launched": 4,
          "Single Copy": false,
          "Plans": [
            {
              "Node Type": "Aggregate",
              "Strategy": "Plain",
              "Partial Mode": "Partial",
              "Parent Relationship": "Outer",
              "Parallel Aware": false,
              "Startup Cost": 45497.69,
              "Total Cost": 45497.7,
              "Plan Rows": 1,
              "Plan Width": 8,
              "Actual Startup Time": 87.343,
              "Actual Total Time": 87.344,
              "Actual Rows": 1,
              "Actual Loops": 5,
              "Plans": [
                {
                  "Node Type": "Seq Scan",
                  "Parent Relationship": "Outer",
                  "Parallel Aware": true,
                  "Relation Name": "title",
                  "Alias": "t",
                  "Startup Cost": 0.0,
                  "Total Cost": 45479.1,
                  "Plan Rows": 7438,
                  "Plan Width": 0,
                  "Actual Startup Time": 77.625,
                  "Actual Total Time": 87.337,
                  "Actual Rows": 0,
                  "Actual Loops": 5,
                  "Filter": "((production_year < 1914) AND (kind_id = 7))",
                  "Rows Removed by Filter": 505662
                }
              ]
            }
          ]
        }
      ]
    },
    "Planning Time": 0.192,
    "Triggers": [],
    "Execution Time": 108.785
  }
]