[
  {
    "Plan": {
      "Node Type": "Aggregate",
      "Strategy": "Plain",
      "Partial Mode": "Finalize",
      "Parallel Aware": false,
      "Startup Cost": 153675.12,
      "Total Cost": 153675.13,
      "Plan Rows": 1,
      "Plan Width": 8,
      "Actual Startup Time": 1767.505,
      "Actual Total Time": 1804.73,
      "Actual Rows": 1,
      "Actual Loops": 1,
      "Plans": [
        {
          "Node Type": "Gather",
          "Parent Relationship": "Outer",
          "Parallel Aware": false,
          "Startup Cost": 153674.81,
          "Total Cost": 153675.12,
          "Plan Rows": 3,
          "Plan Width": 8,
          "Actual Startup Time": 1766.145,
          "Actual Total Time": 1804.721,
          "Actual Rows": 4,
          "Actual Loops": 1,
          "Workers Planned": 3,
          "Workers Launched": 3,
          "Single Copy": false,
          "Plans": [
            {
              "Node Type": "Aggregate",
              "Strategy": "Plain",
              "Partial Mode": "Partial",
              "Parent Relationship": "Outer",
              "Parallel Aware": false,
              "Startup Cost": 152674.81,
              "Total Cost": 152674.82,
              "Plan Rows": 1,
              "Plan Width": 8,
              "Actual Startup Time": 1760.802,
              "Actual Total Time": 1760.9,
              "Actual Rows": 1,
              "Actual Loops": 4,
              "Plans": [
                {
                  "Node Type": "Nested Loop",
                  "Parent Relationship": "Outer",
                  "Parallel Aware": false,
                  "Join Type": "Inner",
                  "Startup Cost": 46044.98,
                  "Total Cost": 152632.29,
                  "Plan Rows": 17008,
                  "Plan Width": 0,
                  "Actual Startup Time": 164.373,
                  "Actual Total Time": 1749.847,
                  "Actual Rows": 121720,
                  "Actual Loops": 4,
                  "Inner Unique": false,
                  "Join Filter": "(t.id = mi.movie_id)",
                  "Rows Removed by Join Filter": 0,
                  "Plans": [
                    {
                      "Node Type": "Hash Join",
                      "Parent Relationship": "Outer",
                      "Parallel Aware": true,
                      "Join Type": "Inner",
                      "Startup Cost": 46044.55,
                      "Total Cost": 89942.69,
                      "Plan Rows": 32754,
                      "Plan Width": 8,
                      "Actual Startup Time": 164.196,
                      "Actual Total Time": 318.388,
                      "Actual Rows": 108298,
                      "Actual Loops": 4,
                      "Inner Unique": true,
                      "Hash Cond": "(mk.movie_id = t.id)",
                      "Plans": [
                        {
                          "Node Type": "Seq Scan",
                          "Parent Relationship": "Outer",
                          "Parallel Aware": true,
                          "Relation Name": "movie_keyword",
                          "Alias": "mk",
                          "Startup Cost": 0.0,
                          "Total Cost": 42695.65,
                          "Plan Rows": 458090,
                          "Plan Width": 4,
                          "Actual Startup Time": 0.021,
                          "Actual Total Time": 111.232,
                          "Actual Rows": 355982,
                          "Actual Loops": 4,
                          "Filter": "(keyword_id < 1962)",
                          "Rows Removed by Filter": 775001
                        },
                        {
                          "Node Type": "Hash",
                          "Parent Relationship": "Inner",
                          "Parallel Aware": true,
                          "Startup Cost": 45479.59,
                          "Total Cost": 45479.59,
                          "Plan Rows": 45197,
                          "Plan Width": 4,
                          "Actual Startup Time": 133.276,
                          "Actual Total Time": 133.277,
                          "Actual Rows": 80256,
                          "Actual Loops": 4,
                          "Hash Buckets": 524288,
                          "Original Hash Buckets": 262144,
                          "Hash Batches": 1,
                          "Original Hash Batches": 1,
                          "Peak Memory Usage": 18720,
                          "Plans": [
                            {
                              "Node Type": "Seq Scan",
                              "Parent Relationship": "Outer",
                              "Parallel Aware": true,
                              "Relation Name": "title",
                              "Alias": "t",
                              "Startup Cost": 0.0,
                              "Total Cost": 45479.59,
                              "Plan Rows": 45197,
                              "Plan Width": 4,
                              "Actual Startup Time": 50.679,
                              "Actual Total Time": 96.662,
                              "Actual Rows": 80256,
                              "Actual Loops": 4,
                              "Filter": "((kind_id < 2) AND (production_year < 1991))",
                              "Rows Removed by Filter": 551822
                            }
                          ]
                        }
                      ]
                    },
                    {
                      "Node Type": "Index Scan",
                      "Parent Relationship": "Inner",
                      "Parallel Aware": false,
                      "Scan Direction": "Forward",
                      "Index Name": "movie_id_movie_info",
                      "Relation Name": "movie_info",
                      "Alias": "mi",
                      "Startup Cost": 0.43,
                      "Total Cost": 1.86,
                      "Plan Rows": 4,
                      "Plan Width": 4,
                      "Actual Startup Time": 0.012,
                      "Actual Total Time": 0.013,
                      "Actual Rows": 1,
                      "Actual Loops": 433192,
                      "Index Cond": "(movie_id = mk.movie_id)",
                      "Rows Removed by Index Recheck": 0,
                      "Filter": "(info_type_id = 8)",
                      "Rows Removed by Filter": 46
                    }
                  ]
                }
              ]
            }
          ]
        }
      ]
    },
    "Planning Time": 0.475,
    "Triggers": [],
    "Execution Time": 1804.79
  }
]