{
    "Plan": {
        "Node Type": "Aggregate",
        "Strategy": "Plain",
        "Partial Mode": "Finalize",
        "Parallel Aware": false,
        "Startup Cost": 2437244.16,
        "Total Cost": 2437244.17,
        "Plan Rows": 1,
        "Plan Width": 8,
        "Actual Startup Time": 5552.483,
        "Actual Total Time": 5633.072,
        "Actual Rows": 1,
        "Actual Loops": 1,
        "Output": [
            "count(*)"
        ],
        "Plans": [
            {
                "Node Type": "Gather",
                "Parent Relationship": "Outer",
                "Parallel Aware": false,
                "Startup Cost": 2437243.54,
                "Total Cost": 2437244.15,
                "Plan Rows": 6,
                "Plan Width": 8,
                "Actual Startup Time": 5520.386,
                "Actual Total Time": 5633.058,
                "Actual Rows": 7,
                "Actual Loops": 1,
                "Output": [
                    "(PARTIAL count(*))"
                ],
                "Workers Planned": 6,
                "Workers Launched": 6,
                "Single Copy": false,
                "Plans": [
                    {
                        "Node Type": "Aggregate",
                        "Strategy": "Plain",
                        "Partial Mode": "Partial",
                        "Parent Relationship": "Outer",
                        "Parallel Aware": false,
                        "Startup Cost": 2436243.54,
                        "Total Cost": 2436243.55,
                        "Plan Rows": 1,
                        "Plan Width": 8,
                        "Actual Startup Time": 5505.059,
                        "Actual Total Time": 5505.065,
                        "Actual Rows": 1,
                        "Actual Loops": 7,
                        "Output": [
                            "PARTIAL count(*)"
                        ],
                        "Workers": [
                            {
                                "Worker Number": 0,
                                "Actual Startup Time": 5502.483,
                                "Actual Total Time": 5502.487,
                                "Actual Rows": 1,
                                "Actual Loops": 1
                            },
                            {
                                "Worker Number": 1,
                                "Actual Startup Time": 5502.314,
                                "Actual Total Time": 5502.319,
                                "Actual Rows": 1,
                                "Actual Loops": 1
                            },
                            {
                                "Worker Number": 2,
                                "Actual Startup Time": 5502.362,
                                "Actual Total Time": 5502.367,
                                "Actual Rows": 1,
                                "Actual Loops": 1
                            },
                            {
                                "Worker Number": 3,
                                "Actual Startup Time": 5502.411,
                                "Actual Total Time": 5502.418,
                                "Actual Rows": 1,
                                "Actual Loops": 1
                            },
                            {
                                "Worker Number": 4,
                                "Actual Startup Time": 5504.506,
                                "Actual Total Time": 5504.512,
                                "Actual Rows": 1,
                                "Actual Loops": 1
                            },
                            {
                                "Worker Number": 5,
                                "Actual Startup Time": 5502.371,
                                "Actual Total Time": 5502.375,
                                "Actual Rows": 1,
                                "Actual Loops": 1
                            }
                        ],
                        "Plans": [
                            {
                                "Node Type": "Hash Join",
                                "Parent Relationship": "Outer",
                                "Parallel Aware": true,
                                "Join Type": "Inner",
                                "Startup Cost": 670039.68,
                                "Total Cost": 2431329.4,
                                "Plan Rows": 1965656,
                                "Plan Width": 0,
                                "Actual Startup Time": 2130.722,
                                "Actual Total Time": 5455.2,
                                "Actual Rows": 888289,
                                "Actual Loops": 7,
                                "Inner Unique": false,
                                "Hash Cond": "(t.id = mk.movie_id)",
                                "Workers": [
                                    {
                                        "Worker Number": 0,
                                        "Actual Startup Time": 2128.492,
                                        "Actual Total Time": 5451.191,
                                        "Actual Rows": 912901,
                                        "Actual Loops": 1
                                    },
                                    {
                                        "Worker Number": 1,
                                        "Actual Startup Time": 2128.053,
                                        "Actual Total Time": 5455.76,
                                        "Actual Rows": 1029216,
                                        "Actual Loops": 1
                                    },
                                    {
                                        "Worker Number": 2,
                                        "Actual Startup Time": 2127.652,
                                        "Actual Total Time": 5451.853,
                                        "Actual Rows": 944896,
                                        "Actual Loops": 1
                                    },
                                    {
                                        "Worker Number": 3,
                                        "Actual Startup Time": 2128.288,
                                        "Actual Total Time": 5450.807,
                                        "Actual Rows": 772386,
                                        "Actual Loops": 1
                                    },
                                    {
                                        "Worker Number": 4,
                                        "Actual Startup Time": 2127.502,
                                        "Actual Total Time": 5458.031,
                                        "Actual Rows": 848399,
                                        "Actual Loops": 1
                                    },
                                    {
                                        "Worker Number": 5,
                                        "Actual Startup Time": 2129.846,
                                        "Actual Total Time": 5452.226,
                                        "Actual Rows": 916741,
                                        "Actual Loops": 1
                                    }
                                ],
                                "Plans": [
                                    {
                                        "Node Type": "Hash Join",
                                        "Parent Relationship": "Outer",
                                        "Parallel Aware": true,
                                        "Join Type": "Inner",
                                        "Startup Cost": 595833.66,
                                        "Total Cost": 921478.14,
                                        "Plan Rows": 2924408,
                                        "Plan Width": 8,
                                        "Actual Startup Time": 1750.985,
                                        "Actual Total Time": 4286.46,
                                        "Actual Rows": 2430635,
                                        "Actual Loops": 7,
                                        "Output": [
                                            "t.id",
                                            "ci.movie_id"
                                        ],
                                        "Inner Unique": true,
                                        "Hash Cond": "(ci.movie_id = t.id)",
                                        "Workers": [
                                            {
                                                "Worker Number": 0,
                                                "Actual Startup Time": 1750.839,
                                                "Actual Total Time": 4285.005,
                                                "Actual Rows": 2448025,
                                                "Actual Loops": 1
                                            },
                                            {
                                                "Worker Number": 1,
                                                "Actual Startup Time": 1750.659,
                                                "Actual Total Time": 4278.688,
                                                "Actual Rows": 2842514,
                                                "Actual Loops": 1
                                            },
                                            {
                                                "Worker Number": 2,
                                                "Actual Startup Time": 1751.198,
                                                "Actual Total Time": 4285.597,
                                                "Actual Rows": 2593327,
                                                "Actual Loops": 1
                                            },
                                            {
                                                "Worker Number": 3,
                                                "Actual Startup Time": 1750.959,
                                                "Actual Total Time": 4291.964,
                                                "Actual Rows": 2171867,
                                                "Actual Loops": 1
                                            },
                                            {
                                                "Worker Number": 4,
                                                "Actual Startup Time": 1750.871,
                                                "Actual Total Time": 4284.838,
                                                "Actual Rows": 2252854,
                                                "Actual Loops": 1
                                            },
                                            {
                                                "Worker Number": 5,
                                                "Actual Startup Time": 1751.154,
                                                "Actual Total Time": 4292.276,
                                                "Actual Rows": 2526011,
                                                "Actual Loops": 1
                                            }
                                        ],
                                        "Plans": [
                                            {
                                                "Node Type": "Bitmap Heap Scan",
                                                "Parent Relationship": "Outer",
                                                "Parallel Aware": true,
                                                "Relation Name": "cast_info",
                                                "Schema": "public",
                                                "Alias": "ci",
                                                "Startup Cost": 522551.52,
                                                "Total Cost": 835533.93,
                                                "Plan Rows": 4823633,
                                                "Plan Width": 4,
                                                "Actual Startup Time": 1460.379,
                                                "Actual Total Time": 2207.01,
                                                "Actual Rows": 4115444,
                                                "Actual Loops": 7,
                                                "Output": [
                                                    "ci.id",
                                                    "ci.person_id",
                                                    "ci.movie_id",
                                                    "ci.person_role_id",
                                                    "ci.note",
                                                    "ci.nr_order",
                                                    "ci.role_id"
                                                ],
                                                "Recheck Cond": "(ci.role_id < 8)",
                                                "Rows Removed by Index Recheck": 0,
                                                "Exact Heap Blocks": 25172,
                                                "Lossy Heap Blocks": 0,
                                                "Workers": [
                                                    {
                                                        "Worker Number": 0,
                                                        "Actual Startup Time": 1460.218,
                                                        "Actual Total Time": 2207.836,
                                                        "Actual Rows": 4128120,
                                                        "Actual Loops": 1
                                                    },
                                                    {
                                                        "Worker Number": 1,
                                                        "Actual Startup Time": 1460.132,
                                                        "Actual Total Time": 2183.031,
                                                        "Actual Rows": 4830204,
                                                        "Actual Loops": 1
                                                    },
                                                    {
                                                        "Worker Number": 2,
                                                        "Actual Startup Time": 1460.406,
                                                        "Actual Total Time": 2205.027,
                                                        "Actual Rows": 4381542,
                                                        "Actual Loops": 1
                                                    },
                                                    {
                                                        "Worker Number": 3,
                                                        "Actual Startup Time": 1460.324,
                                                        "Actual Total Time": 2217.727,
                                                        "Actual Rows": 3692460,
                                                        "Actual Loops": 1
                                                    },
                                                    {
                                                        "Worker Number": 4,
                                                        "Actual Startup Time": 1460.435,
                                                        "Actual Total Time": 2203.862,
                                                        "Actual Rows": 3807919,
                                                        "Actual Loops": 1
                                                    },
                                                    {
                                                        "Worker Number": 5,
                                                        "Actual Startup Time": 1460.551,
                                                        "Actual Total Time": 2214.023,
                                                        "Actual Rows": 4280198,
                                                        "Actual Loops": 1
                                                    }
                                                ],
                                                "Plans": [
                                                    {
                                                        "Node Type": "Bitmap Index Scan",
                                                        "Parent Relationship": "Outer",
                                                        "Parallel Aware": false,
                                                        "Index Name": "role_id_cast_info",
                                                        "Startup Cost": 0.0,
                                                        "Total Cost": 515316.07,
                                                        "Plan Rows": 28941800,
                                                        "Plan Width": 0,
                                                        "Actual Startup Time": 1393.357,
                                                        "Actual Total Time": 1393.358,
                                                        "Actual Rows": 28808107,
                                                        "Actual Loops": 1,
                                                        "Index Cond": "(ci.role_id < 8)",
                                                        "Workers": [
                                                            {
                                                                "Worker Number": 1,
                                                                "Actual Startup Time": 1393.357,
                                                                "Actual Total Time": 1393.358,
                                                                "Actual Rows": 28808107,
                                                                "Actual Loops": 1
                                                            }
                                                        ]
                                                    }
                                                ]
                                            },
                                            {
                                                "Node Type": "Hash",
                                                "Parent Relationship": "Inner",
                                                "Parallel Aware": true,
                                                "Startup Cost": 68492.03,
                                                "Total Cost": 68492.03,
                                                "Plan Rows": 383209,
                                                "Plan Width": 4,
                                                "Actual Startup Time": 288.097,
                                                "Actual Total Time": 288.098,
                                                "Actual Rows": 220466,
                                                "Actual Loops": 7,
                                                "Output": [
                                                    "t.id"
                                                ],
                                                "Hash Buckets": 2097152,
                                                "Original Hash Buckets": 2097152,
                                                "Hash Batches": 1,
                                                "Original Hash Batches": 1,
                                                "Peak Memory Usage": 76896,
                                                "Workers": [
                                                    {
                                                        "Worker Number": 0,
                                                        "Actual Startup Time": 290.338,
                                                        "Actual Total Time": 290.339,
                                                        "Actual Rows": 221938,
                                                        "Actual Loops": 1
                                                    },
                                                    {
                                                        "Worker Number": 1,
                                                        "Actual Startup Time": 290.348,
                                                        "Actual Total Time": 290.349,
                                                        "Actual Rows": 223326,
                                                        "Actual Loops": 1
                                                    },
                                                    {
                                                        "Worker Number": 2,
                                                        "Actual Startup Time": 274.573,
                                                        "Actual Total Time": 274.575,
                                                        "Actual Rows": 254721,
                                                        "Actual Loops": 1
                                                    },
                                                    {
                                                        "Worker Number": 3,
                                                        "Actual Startup Time": 290.351,
                                                        "Actual Total Time": 290.352,
                                                        "Actual Rows": 225959,
                                                        "Actual Loops": 1
                                                    },
                                                    {
                                                        "Worker Number": 4,
                                                        "Actual Startup Time": 290.319,
                                                        "Actual Total Time": 290.32,
                                                        "Actual Rows": 199320,
                                                        "Actual Loops": 1
                                                    },
                                                    {
                                                        "Worker Number": 5,
                                                        "Actual Startup Time": 290.309,
                                                        "Actual Total Time": 290.311,
                                                        "Actual Rows": 222027,
                                                        "Actual Loops": 1
                                                    }
                                                ],
                                                "Plans": [
                                                    {
                                                        "Node Type": "Bitmap Heap Scan",
                                                        "Parent Relationship": "Outer",
                                                        "Parallel Aware": true,
                                                        "Relation Name": "title",
                                                        "Schema": "public",
                                                        "Alias": "t",
                                                        "Startup Cost": 27703.92,
                                                        "Total Cost": 68492.03,
                                                        "Plan Rows": 383209,
                                                        "Plan Width": 4,
                                                        "Actual Startup Time": 80.403,
                                                        "Actual Total Time": 167.423,
                                                        "Actual Rows": 220466,
                                                        "Actual Loops": 7,
                                                        "Output": [
                                                            "t.id"
                                                        ],
                                                        "Recheck Cond": "(t.kind_id = 7)",
                                                        "Rows Removed by Index Recheck": 0,
                                                        "Exact Heap Blocks": 3147,
                                                        "Lossy Heap Blocks": 0,
                                                        "Workers": [
                                                            {
                                                                "Worker Number": 0,
                                                                "Actual Startup Time": 80.303,
                                                                "Actual Total Time": 167.258,
                                                                "Actual Rows": 221938,
                                                                "Actual Loops": 1
                                                            },
                                                            {
                                                                "Worker Number": 1,
                                                                "Actual Startup Time": 80.515,
                                                                "Actual Total Time": 167.896,
                                                                "Actual Rows": 223326,
                                                                "Actual Loops": 1
                                                            },
                                                            {
                                                                "Worker Number": 2,
                                                                "Actual Startup Time": 80.244,
                                                                "Actual Total Time": 169.62,
                                                                "Actual Rows": 254721,
                                                                "Actual Loops": 1
                                                            },
                                                            {
                                                                "Worker Number": 3,
                                                                "Actual Startup Time": 80.615,
                                                                "Actual Total Time": 167.878,
                                                                "Actual Rows": 225959,
                                                                "Actual Loops": 1
                                                            },
                                                            {
                                                                "Worker Number": 4,
                                                                "Actual Startup Time": 80.363,
                                                                "Actual Total Time": 166.789,
                                                                "Actual Rows": 199320,
                                                                "Actual Loops": 1
                                                            },
                                                            {
                                                                "Worker Number": 5,
                                                                "Actual Startup Time": 80.428,
                                                                "Actual Total Time": 167.679,
                                                                "Actual Rows": 222027,
                                                                "Actual Loops": 1
                                                            }
                                                        ],
                                                        "Plans": [
                                                            {
                                                                "Node Type": "Bitmap Index Scan",
                                                                "Parent Relationship": "Outer",
                                                                "Parallel Aware": false,
                                                                "Index Name": "kind_id_title",
                                                                "Startup Cost": 0.0,
                                                                "Total Cost": 27320.71,
                                                                "Plan Rows": 1532837,
                                                                "Plan Width": 0,
                                                                "Actual Startup Time": 74.402,
                                                                "Actual Total Time": 74.402,
                                                                "Actual Rows": 1543264,
                                                                "Actual Loops": 1,
                                                                "Index Cond": "(t.kind_id = 7)",
                                                                "Workers": [
                                                                    {
                                                                        "Worker Number": 2,
                                                                        "Actual Startup Time": 74.402,
                                                                        "Actual Total Time": 74.402,
                                                                        "Actual Rows": 1543264,
                                                                        "Actual Loops": 1
                                                                    }
                                                                ]
                                                            }
                                                        ]
                                                    }
                                                ]
                                            }
                                        ]
                                    },
                                    {
                                        "Node Type": "Hash",
                                        "Parent Relationship": "Inner",
                                        "Parallel Aware": true,
                                        "Startup Cost": 67353.5,
                                        "Total Cost": 67353.5,
                                        "Plan Rows": 548202,
                                        "Plan Width": 4,
                                        "Actual Startup Time": 374.669,
                                        "Actual Total Time": 374.67,
                                        "Actual Rows": 239929,
                                        "Actual Loops": 7,
                                        "Output": [
                                            "mk.movie_id"
                                        ],
                                        "Hash Buckets": 2097152,
                                        "Original Hash Buckets": 2097152,
                                        "Hash Batches": 1,
                                        "Original Hash Batches": 1,
                                        "Peak Memory Usage": 82144,
                                        "Workers": [
                                            {
                                                "Worker Number": 0,
                                                "Actual Startup Time": 376.009,
                                                "Actual Total Time": 376.01,
                                                "Actual Rows": 232154,
                                                "Actual Loops": 1
                                            },
                                            {
                                                "Worker Number": 1,
                                                "Actual Startup Time": 375.854,
                                                "Actual Total Time": 375.855,
                                                "Actual Rows": 239574,
                                                "Actual Loops": 1
                                            },
                                            {
                                                "Worker Number": 2,
                                                "Actual Startup Time": 375.924,
                                                "Actual Total Time": 375.924,
                                                "Actual Rows": 238793,
                                                "Actual Loops": 1
                                            },
                                            {
                                                "Worker Number": 3,
                                                "Actual Startup Time": 375.893,
                                                "Actual Total Time": 375.894,
                                                "Actual Rows": 236337,
                                                "Actual Loops": 1
                                            },
                                            {
                                                "Worker Number": 4,
                                                "Actual Startup Time": 375.906,
                                                "Actual Total Time": 375.907,
                                                "Actual Rows": 226322,
                                                "Actual Loops": 1
                                            },
                                            {
                                                "Worker Number": 5,
                                                "Actual Startup Time": 375.958,
                                                "Actual Total Time": 375.959,
                                                "Actual Rows": 239388,
                                                "Actual Loops": 1
                                            }
                                        ],
                                        "Plans": [
                                            {
                                                "Node Type": "Bitmap Heap Scan",
                                                "Parent Relationship": "Outer",
                                                "Parallel Aware": true,
                                                "Relation Name": "movie_keyword",
                                                "Schema": "public",
                                                "Alias": "mk",
                                                "Startup Cost": 36046.98,
                                                "Total Cost": 67353.5,
                                                "Plan Rows": 548202,
                                                "Plan Width": 4,
                                                "Actual Startup Time": 165.075,
                                                "Actual Total Time": 273.766,
                                                "Actual Rows": 239929,
                                                "Actual Loops": 7,
                                                "Output": [
                                                    "mk.movie_id"
                                                ],
                                                "Recheck Cond": "(mk.keyword_id > 8654)",
                                                "Rows Removed by Index Recheck": 0,
                                                "Exact Heap Blocks": 3852,
                                                "Lossy Heap Blocks": 0,
                                                "Workers": [
                                                    {
                                                        "Worker Number": 0,
                                                        "Actual Startup Time": 164.881,
                                                        "Actual Total Time": 273.376,
                                                        "Actual Rows": 232154,
                                                        "Actual Loops": 1
                                                    },
                                                    {
                                                        "Worker Number": 1,
                                                        "Actual Startup Time": 165.064,
                                                        "Actual Total Time": 273.43,
                                                        "Actual Rows": 239574,
                                                        "Actual Loops": 1
                                                    },
                                                    {
                                                        "Worker Number": 2,
                                                        "Actual Startup Time": 165.226,
                                                        "Actual Total Time": 274.354,
                                                        "Actual Rows": 238793,
                                                        "Actual Loops": 1
                                                    },
                                                    {
                                                        "Worker Number": 3,
                                                        "Actual Startup Time": 165.131,
                                                        "Actual Total Time": 274.018,
                                                        "Actual Rows": 236337,
                                                        "Actual Loops": 1
                                                    },
                                                    {
                                                        "Worker Number": 4,
                                                        "Actual Startup Time": 165.348,
                                                        "Actual Total Time": 274.373,
                                                        "Actual Rows": 226322,
                                                        "Actual Loops": 1
                                                    },
                                                    {
                                                        "Worker Number": 5,
                                                        "Actual Startup Time": 165.079,
                                                        "Actual Total Time": 273.861,
                                                        "Actual Rows": 239388,
                                                        "Actual Loops": 1
                                                    }
                                                ],
                                                "Plans": [
                                                    {
                                                        "Node Type": "Bitmap Index Scan",
                                                        "Parent Relationship": "Outer",
                                                        "Parallel Aware": false,
                                                        "Index Name": "keyword_id_movie_keyword",
                                                        "Startup Cost": 0.0,
                                                        "Total Cost": 35622.12,
                                                        "Plan Rows": 1699425,
                                                        "Plan Width": 0,
                                                        "Actual Startup Time": 159.045,
                                                        "Actual Total Time": 159.046,
                                                        "Actual Rows": 1679501,
                                                        "Actual Loops": 1,
                                                        "Index Cond": "(mk.keyword_id > 8654)"
                                                    }
                                                ]
                                            }
                                        ]
                                    }
                                ]
                            }
                        ]
                    }
                ]
            }
        ]
    },
    "Planning Time": 3.854,
    "Triggers": [],
    "Execution Time": 5633.623
}