{
  "Plan": {
    "Node Type": "Aggregate",
    "Strategy": "Plain",
    "Partial Mode": "Finalize",
    "Parallel Aware": false,
    "Startup Cost": 344364.38,
    "Total Cost": 344364.39,
    "Plan Rows": 1,
    "Plan Width": 8,
    "Actual Startup Time": 4193.92,
    "Actual Total Time": 4225.188,
    "Actual Rows": 1,
    "Actual Loops": 1,
    "Plans": [
      {
        "Node Type": "Gather",
        "Parent Relationship": "Outer",
        "Parallel Aware": false,
        "Startup Cost": 344364.26,
        "Total Cost": 344364.37,
        "Plan Rows": 1,
        "Plan Width": 8,
        "Actual Startup Time": 4186.851,
        "Actual Total Time": 4225.181,
        "Actual Rows": 2,
        "Actual Loops": 1,
        "Workers Planned": 1,
        "Workers Launched": 1,
        "Single Copy": false,
        "Plans": [
          {
            "Node Type": "Aggregate",
            "Strategy": "Plain",
            "Partial Mode": "Partial",
            "Parent Relationship": "Outer",
            "Parallel Aware": false,
            "Startup Cost": 343364.26,
            "Total Cost": 343364.27,
            "Plan Rows": 1,
            "Plan Width": 8,
            "Actual Startup Time": 4180.633,
            "Actual Total Time": 4180.64,
            "Actual Rows": 1,
            "Actual Loops": 2,
            "Plans": [
              {
                "Node Type": "Hash Join",
                "Parent Relationship": "Outer",
                "Parallel Aware": true,
                "Join Type": "Inner",
                "Startup Cost": 271928.5,
                "Total Cost": 340265.14,
                "Plan Rows": 1239648,
                "Plan Width": 0,
                "Actual Startup Time": 1019.802,
                "Actual Total Time": 3144.356,
                "Actual Rows": 26230134,
                "Actual Loops": 2,
                "Inner Unique": false,
                "Hash Cond": "(mk.movie_id = t.id)",
                "Plans": [
                  {
                    "Node Type": "Seq Scan",
                    "Parent Relationship": "Outer",
                    "Parallel Aware": true,
                    "Relation Name": "movie_keyword",
                    "Alias": "mk",
                    "Startup Cost": 0.0,
                    "Total Cost": 51065.35,
                    "Plan Rows": 2661135,
                    "Plan Width": 4,
                    "Actual Startup Time": 0.015,
                    "Actual Total Time": 161.076,
                    "Actual Rows": 2261965,
                    "Actual Loops": 2
                  },
                  {
                    "Node Type": "Hash",
                    "Parent Relationship": "Inner",
                    "Parallel Aware": true,
                    "Startup Cost": 263268.46,
                    "Total Cost": 263268.46,
                    "Plan Rows": 692803,
                    "Plan Width": 8,
                    "Actual Startup Time": 1008.125,
                    "Actual Total Time": 1008.129,
                    "Actual Rows": 567600,
                    "Actual Loops": 2,
                    "Hash Buckets": 2097152,
                    "Original Hash Buckets": 2097152,
                    "Hash Batches": 1,
                    "Original Hash Batches": 1,
                    "Peak Memory Usage": 60832,
                    "Plans": [
                      {
                        "Node Type": "Hash Join",
                        "Parent Relationship": "Outer",
                        "Parallel Aware": true,
                        "Join Type": "Inner",
                        "Startup Cost": 90796.81,
                        "Total Cost": 263268.46,
                        "Plan Rows": 692803,
                        "Plan Width": 8,
                        "Actual Startup Time": 580.442,
                        "Actual Total Time": 868.213,
                        "Actual Rows": 567600,
                        "Actual Loops": 2,
                        "Inner Unique": true,
                        "Hash Cond": "(mi.movie_id = t.id)",
                        "Plans": [
                          {
                            "Node Type": "Bitmap Heap Scan",
                            "Parent Relationship": "Outer",
                            "Parallel Aware": true,
                            "Relation Name": "movie_info",
                            "Alias": "mi",
                            "Startup Cost": 21336.11,
                            "Total Cost": 191989.15,
                            "Plan Rows": 692803,
                            "Plan Width": 4,
                            "Actual Startup Time": 45.421,
                            "Actual Total Time": 139.504,
                            "Actual Rows": 567600,
                            "Actual Loops": 2,
                            "Recheck Cond": "(info_type_id > 57)",
                            "Rows Removed by Index Recheck": 0,
                            "Exact Heap Blocks": 17863,
                            "Lossy Heap Blocks": 0,
                            "Plans": [
                              {
                                "Node Type": "Bitmap Index Scan",
                                "Parent Relationship": "Outer",
                                "Parallel Aware": false,
                                "Index Name": "info_type_id_movie_info",
                                "Startup Cost": 0.0,
                                "Total Cost": 21041.67,
                                "Plan Rows": 1177765,
                                "Plan Width": 0,
                                "Actual Startup Time": 39.709,
                                "Actual Total Time": 39.709,
                                "Actual Rows": 1135201,
                                "Actual Loops": 1,
                                "Index Cond": "(info_type_id > 57)"
                              }
                            ]
                          },
                          {
                            "Node Type": "Hash",
                            "Parent Relationship": "Inner",
                            "Parallel Aware": true,
                            "Startup Cost": 50870.31,
                            "Total Cost": 50870.31,
                            "Plan Rows": 1487231,
                            "Plan Width": 4,
                            "Actual Startup Time": 521.923,
                            "Actual Total Time": 521.924,
                            "Actual Rows": 1264156,
                            "Actual Loops": 2,
                            "Hash Buckets": 4194304,
                            "Original Hash Buckets": 4194304,
                            "Hash Batches": 1,
                            "Original Hash Batches": 1,
                            "Peak Memory Usage": 131680,
                            "Plans": [
                              {
                                "Node Type": "Seq Scan",
                                "Parent Relationship": "Outer",
                                "Parallel Aware": true,
                                "Relation Name": "title",
                                "Alias": "t",
                                "Startup Cost": 0.0,
                                "Total Cost": 50870.31,
                                "Plan Rows": 1487231,
                                "Plan Width": 4,
                                "Actual Startup Time": 0.025,
                                "Actual Total Time": 150.174,
                                "Actual Rows": 1264156,
                                "Actual Loops": 2
                              }
                            ]
                          }
                        ]
                      }
                    ]
                  }
                ]
              }
            ]
          }
        ]
      }
    ]
  },
  "Planning Time": 0.543,
  "Triggers": [],
  "Execution Time": 4225.262
}