[
  {
    "Plan": {
      "Node Type": "Aggregate",
      "Strategy": "Plain",
      "Partial Mode": "Finalize",
      "Parallel Aware": false,
      "Startup Cost": 113692.17,
      "Total Cost": 113692.18,
      "Plan Rows": 1,
      "Plan Width": 8,
      "Actual Startup Time": 560.124,
      "Actual Total Time": 620.819,
      "Actual Rows": 1,
      "Actual Loops": 1,
      "Plans": [
        {
          "Node Type": "Gather",
          "Parent Relationship": "Outer",
          "Parallel Aware": false,
          "Startup Cost": 113691.86,
          "Total Cost": 113692.17,
          "Plan Rows": 3,
          "Plan Width": 8,
          "Actual Startup Time": 559.029,
          "Actual Total Time": 620.805,
          "Actual Rows": 4,
          "Actual Loops": 1,
          "Workers Planned": 3,
          "Workers Launched": 3,
          "Single Copy": false,
          "Plans": [
            {
              "Node Type": "Aggregate",
              "Strategy": "Plain",
              "Partial Mode": "Partial",
              "Parent Relationship": "Outer",
              "Parallel Aware": false,
              "Startup Cost": 112691.86,
              "Total Cost": 112691.87,
              "Plan Rows": 1,
              "Plan Width": 8,
              "Actual Startup Time": 549.513,
              "Actual Total Time": 549.518,
              "Actual Rows": 1,
              "Actual Loops": 4,
              "Plans": [
                {
                  "Node Type": "Nested Loop",
                  "Parent Relationship": "Outer",
                  "Parallel Aware": false,
                  "Join Type": "Inner",
                  "Startup Cost": 54533.89,
                  "Total Cost": 112656.51,
                  "Plan Rows": 14137,
                  "Plan Width": 0,
                  "Actual Startup Time": 173.317,
                  "Actual Total Time": 544.828,
                  "Actual Rows": 62532,
                  "Actual Loops": 4,
                  "Inner Unique": false,
                  "Join Filter": "(t.id = ci.movie_id)",
                  "Rows Removed by Join Filter": 0,
                  "Plans": [
                    {
                      "Node Type": "Hash Join",
                      "Parent Relationship": "Outer",
                      "Parallel Aware": true,
                      "Join Type": "Inner",
                      "Startup Cost": 54533.32,
                      "Total Cost": 81352.23,
                      "Plan Rows": 6916,
                      "Plan Width": 8,
                      "Actual Startup Time": 172.162,
                      "Actual Total Time": 241.848,
                      "Actual Rows": 4382,
                      "Actual Loops": 4,
                      "Inner Unique": true,
                      "Hash Cond": "(mk.movie_id = t.id)",
                      "Plans": [
                        {
                          "Node Type": "Bitmap Heap Scan",
                          "Parent Relationship": "Outer",
                          "Parallel Aware": true,
                          "Relation Name": "movie_keyword",
                          "Alias": "mk",
                          "Startup Cost": 10284.92,
                          "Total Cost": 36693.39,
                          "Plan Rows": 156357,
                          "Plan Width": 4,
                          "Actual Startup Time": 46.996,
                          "Actual Total Time": 92.635,
                          "Actual Rows": 117765,
                          "Actual Loops": 4,
                          "Recheck Cond": "(keyword_id > 37767)",
                          "Rows Removed by Index Recheck": 0,
                          "Exact Heap Blocks": 8295,
                          "Lossy Heap Blocks": 0,
                          "Plans": [
                            {
                              "Node Type": "Bitmap Index Scan",
                              "Parent Relationship": "Outer",
                              "Parallel Aware": false,
                              "Index Name": "keyword_id_movie_keyword",
                              "Startup Cost": 0.0,
                              "Total Cost": 10163.74,
                              "Plan Rows": 484708,
                              "Plan Width": 0,
                              "Actual Startup Time": 41.316,
                              "Actual Total Time": 41.316,
                              "Actual Rows": 471060,
                              "Actual Loops": 1,
                              "Index Cond": "(keyword_id > 37767)"
                            }
                          ]
                        },
                        {
                          "Node Type": "Hash",
                          "Parent Relationship": "Inner",
                          "Parallel Aware": true,
                          "Startup Cost": 43898.92,
                          "Total Cost": 43898.92,
                          "Plan Rows": 27959,
                          "Plan Width": 4,
                          "Actual Startup Time": 123.147,
                          "Actual Total Time": 123.148,
                          "Actual Rows": 27107,
                          "Actual Loops": 4,
                          "Hash Buckets": 131072,
                          "Original Hash Buckets": 131072,
                          "Hash Batches": 1,
                          "Original Hash Batches": 1,
                          "Peak Memory Usage": 5312,
                          "Plans": [
                            {
                              "Node Type": "Seq Scan",
                              "Parent Relationship": "Outer",
                              "Parallel Aware": true,
                              "Relation Name": "title",
                              "Alias": "t",
                              "Startup Cost": 0.0,
                              "Total Cost": 43898.92,
                              "Plan Rows": 27959,
                              "Plan Width": 4,
                              "Actual Startup Time": 0.045,
                              "Actual Total Time": 110.181,
                              "Actual Rows": 27107,
                              "Actual Loops": 4,
                              "Filter": "(production_year = 2006)",
                              "Rows Removed by Filter": 604971
                            }
                          ]
                        }
                      ]
                    },
                    {
                      "Node Type": "Index Scan",
                      "Parent Relationship": "Inner",
                      "Parallel Aware": false,
                      "Scan Direction": "Forward",
                      "Index Name": "movie_id_cast_info",
                      "Relation Name": "cast_info",
                      "Alias": "ci",
                      "Startup Cost": 0.56,
                      "Total Cost": 4.46,
                      "Plan Rows": 5,
                      "Plan Width": 4,
                      "Actual Startup Time": 0.047,
                      "Actual Total Time": 0.067,
                      "Actual Rows": 14,
                      "Actual Loops": 17530,
                      "Index Cond": "(movie_id = mk.movie_id)",
                      "Rows Removed by Index Recheck": 0,
                      "Filter": "(person_id > 3169040)",
                      "Rows Removed by Filter": 47
                    }
                  ]
                }
              ]
            }
          ]
        }
      ]
    },
    "Planning Time": 1.333,
    "Triggers": [],
    "Execution Time": 620.99
  }
]