[
  {
    "Plan": {
      "Node Type": "Aggregate",
      "Strategy": "Plain",
      "Partial Mode": "Finalize",
      "Parallel Aware": false,
      "Startup Cost": 46538.99,
      "Total Cost": 46539.0,
      "Plan Rows": 1,
      "Plan Width": 8,
      "Actual Startup Time": 177.288,
      "Actual Total Time": 184.911,
      "Actual Rows": 1,
      "Actual Loops": 1,
      "Plans": [
        {
          "Node Type": "Gather",
          "Parent Relationship": "Outer",
          "Parallel Aware": false,
          "Startup Cost": 46538.67,
          "Total Cost": 46538.98,
          "Plan Rows": 3,
          "Plan Width": 8,
          "Actual Startup Time": 177.17,
          "Actual Total Time": 184.897,
          "Actual Rows": 4,
          "Actual Loops": 1,
          "Workers Planned": 3,
          "Workers Launched": 3,
          "Single Copy": false,
          "Plans": [
            {
              "Node Type": "Aggregate",
              "Strategy": "Plain",
              "Partial Mode": "Partial",
              "Parent Relationship": "Outer",
              "Parallel Aware": false,
              "Startup Cost": 45538.67,
              "Total Cost": 45538.68,
              "Plan Rows": 1,
              "Plan Width": 8,
              "Actual Startup Time": 172.302,
              "Actual Total Time": 172.303,
              "Actual Rows": 1,
              "Actual Loops": 4,
              "Plans": [
                {
                  "Node Type": "Seq Scan",
                  "Parent Relationship": "Outer",
                  "Parallel Aware": true,
                  "Relation Name": "movie_keyword",
                  "Alias": "mk",
                  "Startup Cost": 0.0,
                  "Total Cost": 42695.65,
                  "Plan Rows": 1137207,
                  "Plan Width": 0,
                  "Actual Startup Time": 0.039,
                  "Actual Total Time": 128.323,
                  "Actual Rows": 880750,
                  "Actual Loops": 4,
                  "Filter": "(keyword_id < 18542)",
                  "Rows Removed by Filter": 250232
                }
              ]
            }
          ]
        }
      ]
    },
    "Planning Time": 0.11,
    "Triggers": [],
    "Execution Time": 184.955
  }
]