[
  {
    "Plan": {
      "Node Type": "Aggregate",
      "Strategy": "Plain",
      "Partial Mode": "Finalize",
      "Parallel Aware": false,
      "Startup Cost": 349140.62,
      "Total Cost": 349140.63,
      "Plan Rows": 1,
      "Plan Width": 8,
      "Actual Startup Time": 794.254,
      "Actual Total Time": 840.565,
      "Actual Rows": 1,
      "Actual Loops": 1,
      "Plans": [
        {
          "Node Type": "Gather",
          "Parent Relationship": "Outer",
          "Parallel Aware": false,
          "Startup Cost": 349139.99,
          "Total Cost": 349140.6,
          "Plan Rows": 6,
          "Plan Width": 8,
          "Actual Startup Time": 794.046,
          "Actual Total Time": 840.552,
          "Actual Rows": 7,
          "Actual Loops": 1,
          "Workers Planned": 6,
          "Workers Launched": 6,
          "Single Copy": false,
          "Plans": [
            {
              "Node Type": "Aggregate",
              "Strategy": "Plain",
              "Partial Mode": "Partial",
              "Parent Relationship": "Outer",
              "Parallel Aware": false,
              "Startup Cost": 348139.99,
              "Total Cost": 348140.01,
              "Plan Rows": 1,
              "Plan Width": 8,
              "Actual Startup Time": 786.609,
              "Actual Total Time": 786.61,
              "Actual Rows": 1,
              "Actual Loops": 7,
              "Plans": [
                {
                  "Node Type": "Seq Scan",
                  "Parent Relationship": "Outer",
                  "Parallel Aware": true,
                  "Relation Name": "cast_info",
                  "Alias": "ci",
                  "Startup Cost": 0.0,
                  "Total Cost": 343316.27,
                  "Plan Rows": 1929490,
                  "Plan Width": 0,
                  "Actual Startup Time": 354.761,
                  "Actual Total Time": 689.128,
                  "Actual Rows": 1898665,
                  "Actual Loops": 7,
                  "Filter": "((person_id > 994608) AND (role_id > 2))",
                  "Rows Removed by Filter": 3279098
                }
              ]
            }
          ]
        }
      ]
    },
    "Planning Time": 0.097,
    "Triggers": [],
    "Execution Time": 840.616
  }
]