[
  {
    "Plan": {
      "Node Type": "Aggregate",
      "Strategy": "Plain",
      "Partial Mode": "Finalize",
      "Parallel Aware": false,
      "Startup Cost": 88722.73,
      "Total Cost": 88722.74,
      "Plan Rows": 1,
      "Plan Width": 8,
      "Actual Startup Time": 219.452,
      "Actual Total Time": 236.719,
      "Actual Rows": 1,
      "Actual Loops": 1,
      "Plans": [
        {
          "Node Type": "Gather",
          "Parent Relationship": "Outer",
          "Parallel Aware": false,
          "Startup Cost": 88722.41,
          "Total Cost": 88722.72,
          "Plan Rows": 3,
          "Plan Width": 8,
          "Actual Startup Time": 218.974,
          "Actual Total Time": 236.713,
          "Actual Rows": 4,
          "Actual Loops": 1,
          "Workers Planned": 3,
          "Workers Launched": 3,
          "Single Copy": false,
          "Plans": [
            {
              "Node Type": "Aggregate",
              "Strategy": "Plain",
              "Partial Mode": "Partial",
              "Parent Relationship": "Outer",
              "Parallel Aware": false,
              "Startup Cost": 87722.41,
              "Total Cost": 87722.42,
              "Plan Rows": 1,
              "Plan Width": 8,
              "Actual Startup Time": 213.726,
              "Actual Total Time": 213.729,
              "Actual Rows": 1,
              "Actual Loops": 4,
              "Plans": [
                {
                  "Node Type": "Hash Join",
                  "Parent Relationship": "Outer",
                  "Parallel Aware": true,
                  "Join Type": "Inner",
                  "Startup Cost": 59953.19,
                  "Total Cost": 87716.56,
                  "Plan Rows": 2339,
                  "Plan Width": 0,
                  "Actual Startup Time": 124.663,
                  "Actual Total Time": 213.559,
                  "Actual Rows": 1442,
                  "Actual Loops": 4,
                  "Inner Unique": true,
                  "Hash Cond": "(mk.movie_id = t.id)",
                  "Plans": [
                    {
                      "Node Type": "Bitmap Heap Scan",
                      "Parent Relationship": "Outer",
                      "Parallel Aware": true,
                      "Relation Name": "movie_keyword",
                      "Alias": "mk",
                      "Startup Cost": 14389.15,
                      "Total Cost": 41578.17,
                      "Plan Rows": 218802,
                      "Plan Width": 4,
                      "Actual Startup Time": 36.203,
                      "Actual Total Time": 103.886,
                      "Actual Rows": 170413,
                      "Actual Loops": 4,
                      "Recheck Cond": "(keyword_id < 562)",
                      "Rows Removed by Index Recheck": 0,
                      "Exact Heap Blocks": 8826,
                      "Lossy Heap Blocks": 0,
                      "Plans": [
                        {
                          "Node Type": "Bitmap Index Scan",
                          "Parent Relationship": "Outer",
                          "Parallel Aware": false,
                          "Index Name": "keyword_id_movie_keyword",
                          "Startup Cost": 0.0,
                          "Total Cost": 14219.58,
                          "Plan Rows": 678286,
                          "Plan Width": 0,
                          "Actual Startup Time": 32.507,
                          "Actual Total Time": 32.508,
                          "Actual Rows": 681653,
                          "Actual Loops": 1,
                          "Index Cond": "(keyword_id < 562)"
                        }
                      ]
                    },
                    {
                      "Node Type": "Hash",
                      "Parent Relationship": "Inner",
                      "Parallel Aware": true,
                      "Startup Cost": 45479.59,
                      "Total Cost": 45479.59,
                      "Plan Rows": 6756,
                      "Plan Width": 4,
                      "Actual Startup Time": 87.383,
                      "Actual Total Time": 87.384,
                      "Actual Rows": 6771,
                      "Actual Loops": 4,
                      "Hash Buckets": 32768,
                      "Original Hash Buckets": 32768,
                      "Hash Batches": 1,
                      "Original Hash Batches": 1,
                      "Peak Memory Usage": 1376,
                      "Plans": [
                        {
                          "Node Type": "Seq Scan",
                          "Parent Relationship": "Outer",
                          "Parallel Aware": true,
                          "Relation Name": "title",
                          "Alias": "t",
                          "Startup Cost": 0.0,
                          "Total Cost": 45479.59,
                          "Plan Rows": 6756,
                          "Plan Width": 4,
                          "Actual Startup Time": 0.299,
                          "Actual Total Time": 84.641,
                          "Actual Rows": 6771,
                          "Actual Loops": 4,
                          "Filter": "((kind_id < 7) AND (production_year > 2012))",
                          "Rows Removed by Filter": 625307
                        }
                      ]
                    }
                  ]
                }
              ]
            }
          ]
        }
      ]
    },
    "Planning Time": 0.219,
    "Triggers": [],
    "Execution Time": 236.765
  }
]