[
  {
    "Plan": {
      "Node Type": "Aggregate",
      "Strategy": "Plain",
      "Partial Mode": "Finalize",
      "Parallel Aware": false,
      "Startup Cost": 88658.98,
      "Total Cost": 88658.99,
      "Plan Rows": 1,
      "Plan Width": 8,
      "Actual Startup Time": 229.899,
      "Actual Total Time": 248.23,
      "Actual Rows": 1,
      "Actual Loops": 1,
      "Plans": [
        {
          "Node Type": "Gather",
          "Parent Relationship": "Outer",
          "Parallel Aware": false,
          "Startup Cost": 88658.67,
          "Total Cost": 88658.98,
          "Plan Rows": 3,
          "Plan Width": 8,
          "Actual Startup Time": 229.526,
          "Actual Total Time": 248.223,
          "Actual Rows": 4,
          "Actual Loops": 1,
          "Workers Planned": 3,
          "Workers Launched": 3,
          "Single Copy": false,
          "Plans": [
            {
              "Node Type": "Aggregate",
              "Strategy": "Plain",
              "Partial Mode": "Partial",
              "Parent Relationship": "Outer",
              "Parallel Aware": false,
              "Startup Cost": 87658.67,
              "Total Cost": 87658.68,
              "Plan Rows": 1,
              "Plan Width": 8,
              "Actual Startup Time": 220.481,
              "Actual Total Time": 220.485,
              "Actual Rows": 1,
              "Actual Loops": 4,
              "Plans": [
                {
                  "Node Type": "Hash Join",
                  "Parent Relationship": "Outer",
                  "Parallel Aware": true,
                  "Join Type": "Inner",
                  "Startup Cost": 59901.5,
                  "Total Cost": 87652.85,
                  "Plan Rows": 2328,
                  "Plan Width": 0,
                  "Actual Startup Time": 133.996,
                  "Actual Total Time": 220.331,
                  "Actual Rows": 1442,
                  "Actual Loops": 4,
                  "Inner Unique": true,
                  "Hash Cond": "(mk.movie_id = t.id)",
                  "Plans": [
                    {
                      "Node Type": "Bitmap Heap Scan",
                      "Parent Relationship": "Outer",
                      "Parallel Aware": true,
                      "Relation Name": "movie_keyword",
                      "Alias": "mk",
                      "Startup Cost": 14338.03,
                      "Total Cost": 41517.11,
                      "Plan Rows": 218006,
                      "Plan Width": 4,
                      "Actual Startup Time": 36.016,
                      "Actual Total Time": 102.502,
                      "Actual Rows": 170413,
                      "Actual Loops": 4,
                      "Recheck Cond": "(keyword_id < 562)",
                      "Rows Removed by Index Recheck": 0,
                      "Exact Heap Blocks": 8641,
                      "Lossy Heap Blocks": 0,
                      "Plans": [
                        {
                          "Node Type": "Bitmap Index Scan",
                          "Parent Relationship": "Outer",
                          "Parallel Aware": false,
                          "Index Name": "keyword_id_movie_keyword",
                          "Startup Cost": 0.0,
                          "Total Cost": 14169.08,
                          "Plan Rows": 675819,
                          "Plan Width": 0,
                          "Actual Startup Time": 32.173,
                          "Actual Total Time": 32.174,
                          "Actual Rows": 681653,
                          "Actual Loops": 1,
                          "Index Cond": "(keyword_id < 562)"
                        }
                      ]
                    },
                    {
                      "Node Type": "Hash",
                      "Parent Relationship": "Inner",
                      "Parallel Aware": true,
                      "Startup Cost": 45479.1,
                      "Total Cost": 45479.1,
                      "Plan Rows": 6750,
                      "Plan Width": 4,
                      "Actual Startup Time": 96.265,
                      "Actual Total Time": 96.266,
                      "Actual Rows": 6771,
                      "Actual Loops": 4,
                      "Hash Buckets": 32768,
                      "Original Hash Buckets": 32768,
                      "Hash Batches": 1,
                      "Original Hash Batches": 1,
                      "Peak Memory Usage": 1408,
                      "Plans": [
                        {
                          "Node Type": "Seq Scan",
                          "Parent Relationship": "Outer",
                          "Parallel Aware": true,
                          "Relation Name": "title",
                          "Alias": "t",
                          "Startup Cost": 0.0,
                          "Total Cost": 45479.1,
                          "Plan Rows": 6750,
                          "Plan Width": 4,
                          "Actual Startup Time": 0.18,
                          "Actual Total Time": 93.538,
                          "Actual Rows": 6771,
                          "Actual Loops": 4,
                          "Filter": "((kind_id < 7) AND (production_year > 2012))",
                          "Rows Removed by Filter": 625307
                        }
                      ]
                    }
                  ]
                }
              ]
            }
          ]
        }
      ]
    },
    "Planning Time": 0.483,
    "Triggers": [],
    "Execution Time": 248.307
  }
]