[
  {
    "Plan": {
      "Node Type": "Aggregate",
      "Strategy": "Plain",
      "Partial Mode": "Finalize",
      "Parallel Aware": false,
      "Startup Cost": 331122.48,
      "Total Cost": 331122.49,
      "Plan Rows": 1,
      "Plan Width": 8,
      "Actual Startup Time": 621.987,
      "Actual Total Time": 665.044,
      "Actual Rows": 1,
      "Actual Loops": 1,
      "Plans": [
        {
          "Node Type": "Gather",
          "Parent Relationship": "Outer",
          "Parallel Aware": false,
          "Startup Cost": 331121.85,
          "Total Cost": 331122.46,
          "Plan Rows": 6,
          "Plan Width": 8,
          "Actual Startup Time": 621.836,
          "Actual Total Time": 665.032,
          "Actual Rows": 7,
          "Actual Loops": 1,
          "Workers Planned": 6,
          "Workers Launched": 6,
          "Single Copy": false,
          "Plans": [
            {
              "Node Type": "Aggregate",
              "Strategy": "Plain",
              "Partial Mode": "Partial",
              "Parent Relationship": "Outer",
              "Parallel Aware": false,
              "Startup Cost": 330121.85,
              "Total Cost": 330121.86,
              "Plan Rows": 1,
              "Plan Width": 8,
              "Actual Startup Time": 613.988,
              "Actual Total Time": 613.989,
              "Actual Rows": 1,
              "Actual Loops": 7,
              "Plans": [
                {
                  "Node Type": "Seq Scan",
                  "Parent Relationship": "Outer",
                  "Parallel Aware": true,
                  "Relation Name": "cast_info",
                  "Alias": "ci",
                  "Startup Cost": 0.0,
                  "Total Cost": 328211.39,
                  "Plan Rows": 764185,
                  "Plan Width": 0,
                  "Actual Startup Time": 421.035,
                  "Actual Total Time": 578.664,
                  "Actual Rows": 648132,
                  "Actual Loops": 7,
                  "Filter": "(person_id > 3233900)",
                  "Rows Removed by Filter": 4529631
                }
              ]
            }
          ]
        }
      ]
    },
    "Planning Time": 0.179,
    "Triggers": [],
    "Execution Time": 665.108
  }
]