[
    {
        "Bao": {
            "Bao prediction": "NaN",
            "Bao recommended hint": "(no hint)"
        }
    },
    {
        "Plan": {
            "Node Type": "Aggregate",
            "Strategy": "Plain",
            "Partial Mode": "Finalize",
            "Parallel Aware": false,
            "Startup Cost": 320280.07,
            "Total Cost": 320280.08,
            "Plan Rows": 1,
            "Plan Width": 8,
            "Actual Startup Time": 225.131,
            "Actual Total Time": 230.55,
            "Actual Rows": 1,
            "Actual Loops": 1,
            "Output": [
                "count(*)"
            ],
            "Plans": [
                {
                    "Node Type": "Gather",
                    "Parent Relationship": "Outer",
                    "Parallel Aware": false,
                    "Startup Cost": 320279.45,
                    "Total Cost": 320280.06,
                    "Plan Rows": 6,
                    "Plan Width": 8,
                    "Actual Startup Time": 224.379,
                    "Actual Total Time": 230.543,
                    "Actual Rows": 7,
                    "Actual Loops": 1,
                    "Output": [
                        "(PARTIAL count(*))"
                    ],
                    "Workers Planned": 6,
                    "Workers Launched": 6,
                    "Single Copy": false,
                    "Plans": [
                        {
                            "Node Type": "Aggregate",
                            "Strategy": "Plain",
                            "Partial Mode": "Partial",
                            "Parent Relationship": "Outer",
                            "Parallel Aware": false,
                            "Startup Cost": 319279.45,
                            "Total Cost": 319279.46,
                            "Plan Rows": 1,
                            "Plan Width": 8,
                            "Actual Startup Time": 213.993,
                            "Actual Total Time": 213.995,
                            "Actual Rows": 1,
                            "Actual Loops": 7,
                            "Output": [
                                "PARTIAL count(*)"
                            ],
                            "Workers": [
                                {
                                    "Worker Number": 0,
                                    "Actual Startup Time": 211.898,
                                    "Actual Total Time": 211.9,
                                    "Actual Rows": 1,
                                    "Actual Loops": 1
                                },
                                {
                                    "Worker Number": 1,
                                    "Actual Startup Time": 212.133,
                                    "Actual Total Time": 212.134,
                                    "Actual Rows": 1,
                                    "Actual Loops": 1
                                },
                                {
                                    "Worker Number": 2,
                                    "Actual Startup Time": 212.282,
                                    "Actual Total Time": 212.283,
                                    "Actual Rows": 1,
                                    "Actual Loops": 1
                                },
                                {
                                    "Worker Number": 3,
                                    "Actual Startup Time": 212.532,
                                    "Actual Total Time": 212.534,
                                    "Actual Rows": 1,
                                    "Actual Loops": 1
                                },
                                {
                                    "Worker Number": 4,
                                    "Actual Startup Time": 212.646,
                                    "Actual Total Time": 212.649,
                                    "Actual Rows": 1,
                                    "Actual Loops": 1
                                },
                                {
                                    "Worker Number": 5,
                                    "Actual Startup Time": 212.554,
                                    "Actual Total Time": 212.556,
                                    "Actual Rows": 1,
                                    "Actual Loops": 1
                                }
                            ],
                            "Plans": [
                                {
                                    "Node Type": "Bitmap Heap Scan",
                                    "Parent Relationship": "Outer",
                                    "Parallel Aware": true,
                                    "Relation Name": "cast_info",
                                    "Schema": "public",
                                    "Alias": "ci",
                                    "Startup Cost": 59818.82,
                                    "Total Cost": 318150.51,
                                    "Plan Rows": 451575,
                                    "Plan Width": 0,
                                    "Actual Startup Time": 110.335,
                                    "Actual Total Time": 192.358,
                                    "Actual Rows": 395217,
                                    "Actual Loops": 7,
                                    "Recheck Cond": "(ci.person_id < 265761)",
                                    "Rows Removed by Index Recheck": 0,
                                    "Exact Heap Blocks": 6648,
                                    "Lossy Heap Blocks": 0,
                                    "Workers": [
                                        {
                                            "Worker Number": 0,
                                            "Actual Startup Time": 108.323,
                                            "Actual Total Time": 190.525,
                                            "Actual Rows": 267112,
                                            "Actual Loops": 1
                                        },
                                        {
                                            "Worker Number": 1,
                                            "Actual Startup Time": 108.506,
                                            "Actual Total Time": 191.062,
                                            "Actual Rows": 380176,
                                            "Actual Loops": 1
                                        },
                                        {
                                            "Worker Number": 2,
                                            "Actual Startup Time": 108.98,
                                            "Actual Total Time": 191.259,
                                            "Actual Rows": 378182,
                                            "Actual Loops": 1
                                        },
                                        {
                                            "Worker Number": 3,
                                            "Actual Startup Time": 108.919,
                                            "Actual Total Time": 191.394,
                                            "Actual Rows": 370919,
                                            "Actual Loops": 1
                                        },
                                        {
                                            "Worker Number": 4,
                                            "Actual Startup Time": 108.934,
                                            "Actual Total Time": 191.395,
                                            "Actual Rows": 384531,
                                            "Actual Loops": 1
                                        },
                                        {
                                            "Worker Number": 5,
                                            "Actual Startup Time": 108.851,
                                            "Actual Total Time": 193.65,
                                            "Actual Rows": 332006,
                                            "Actual Loops": 1
                                        }
                                    ],
                                    "Plans": [
                                        {
                                            "Node Type": "Bitmap Index Scan",
                                            "Parent Relationship": "Outer",
                                            "Parallel Aware": false,
                                            "Index Name": "person_id_cast_info",
                                            "Startup Cost": 0.0,
                                            "Total Cost": 59141.46,
                                            "Plan Rows": 2709452,
                                            "Plan Width": 0,
                                            "Actual Startup Time": 115.215,
                                            "Actual Total Time": 115.216,
                                            "Actual Rows": 2766519,
                                            "Actual Loops": 1,
                                            "Index Cond": "(ci.person_id < 265761)"
                                        }
                                    ]
                                }
                            ]
                        }
                    ]
                }
            ]
        },
        "Planning Time": 180.026,
        "Triggers": [],
        "Execution Time": 230.622
    }
]