{
    "Plan": {
        "Node Type": "Aggregate",
        "Strategy": "Plain",
        "Partial Mode": "Finalize",
        "Parallel Aware": false,
        "Startup Cost": 479894.05,
        "Total Cost": 479894.06,
        "Plan Rows": 1,
        "Plan Width": 8,
        "Actual Startup Time": 2993.379,
        "Actual Total Time": 3055.202,
        "Actual Rows": 1,
        "Actual Loops": 1,
        "Output": [
            "count(*)"
        ],
        "Plans": [
            {
                "Node Type": "Gather",
                "Parent Relationship": "Outer",
                "Parallel Aware": false,
                "Startup Cost": 479893.43,
                "Total Cost": 479894.04,
                "Plan Rows": 6,
                "Plan Width": 8,
                "Actual Startup Time": 2956.722,
                "Actual Total Time": 3055.186,
                "Actual Rows": 7,
                "Actual Loops": 1,
                "Output": [
                    "(PARTIAL count(*))"
                ],
                "Workers Planned": 6,
                "Workers Launched": 6,
                "Single Copy": false,
                "Plans": [
                    {
                        "Node Type": "Aggregate",
                        "Strategy": "Plain",
                        "Partial Mode": "Partial",
                        "Parent Relationship": "Outer",
                        "Parallel Aware": false,
                        "Startup Cost": 478893.43,
                        "Total Cost": 478893.44,
                        "Plan Rows": 1,
                        "Plan Width": 8,
                        "Actual Startup Time": 2922.164,
                        "Actual Total Time": 2923.023,
                        "Actual Rows": 1,
                        "Actual Loops": 7,
                        "Output": [
                            "PARTIAL count(*)"
                        ],
                        "Workers": [
                            {
                                "Worker Number": 0,
                                "Actual Startup Time": 2915.714,
                                "Actual Total Time": 2915.719,
                                "Actual Rows": 1,
                                "Actual Loops": 1
                            },
                            {
                                "Worker Number": 1,
                                "Actual Startup Time": 2915.972,
                                "Actual Total Time": 2915.978,
                                "Actual Rows": 1,
                                "Actual Loops": 1
                            },
                            {
                                "Worker Number": 2,
                                "Actual Startup Time": 2915.77,
                                "Actual Total Time": 2915.775,
                                "Actual Rows": 1,
                                "Actual Loops": 1
                            },
                            {
                                "Worker Number": 3,
                                "Actual Startup Time": 2915.973,
                                "Actual Total Time": 2915.977,
                                "Actual Rows": 1,
                                "Actual Loops": 1
                            },
                            {
                                "Worker Number": 4,
                                "Actual Startup Time": 2920.029,
                                "Actual Total Time": 2920.034,
                                "Actual Rows": 1,
                                "Actual Loops": 1
                            },
                            {
                                "Worker Number": 5,
                                "Actual Startup Time": 2916.109,
                                "Actual Total Time": 2916.114,
                                "Actual Rows": 1,
                                "Actual Loops": 1
                            }
                        ],
                        "Plans": [
                            {
                                "Node Type": "Hash Join",
                                "Parent Relationship": "Outer",
                                "Parallel Aware": true,
                                "Join Type": "Inner",
                                "Startup Cost": 264922.21,
                                "Total Cost": 472449.24,
                                "Plan Rows": 2577674,
                                "Plan Width": 0,
                                "Actual Startup Time": 1305.552,
                                "Actual Total Time": 2675.394,
                                "Actual Rows": 4773410,
                                "Actual Loops": 7,
                                "Inner Unique": false,
                                "Hash Cond": "(ci.movie_id = t.id)",
                                "Workers": [
                                    {
                                        "Worker Number": 0,
                                        "Actual Startup Time": 1299.718,
                                        "Actual Total Time": 2658.488,
                                        "Actual Rows": 4425858,
                                        "Actual Loops": 1
                                    },
                                    {
                                        "Worker Number": 1,
                                        "Actual Startup Time": 1300.024,
                                        "Actual Total Time": 2655.166,
                                        "Actual Rows": 4255072,
                                        "Actual Loops": 1
                                    },
                                    {
                                        "Worker Number": 2,
                                        "Actual Startup Time": 1299.772,
                                        "Actual Total Time": 2656.241,
                                        "Actual Rows": 4250990,
                                        "Actual Loops": 1
                                    },
                                    {
                                        "Worker Number": 3,
                                        "Actual Startup Time": 1299.933,
                                        "Actual Total Time": 2665.773,
                                        "Actual Rows": 4664135,
                                        "Actual Loops": 1
                                    },
                                    {
                                        "Worker Number": 4,
                                        "Actual Startup Time": 1300.019,
                                        "Actual Total Time": 2662.24,
                                        "Actual Rows": 4332832,
                                        "Actual Loops": 1
                                    },
                                    {
                                        "Worker Number": 5,
                                        "Actual Startup Time": 1299.809,
                                        "Actual Total Time": 2690.889,
                                        "Actual Rows": 5915467,
                                        "Actual Loops": 1
                                    }
                                ],
                                "Plans": [
                                    {
                                        "Node Type": "Index Scan",
                                        "Parent Relationship": "Outer",
                                        "Parallel Aware": true,
                                        "Scan Direction": "Forward",
                                        "Index Name": "role_id_cast_info",
                                        "Relation Name": "cast_info",
                                        "Schema": "public",
                                        "Alias": "ci",
                                        "Startup Cost": 0.56,
                                        "Total Cost": 197699.43,
                                        "Plan Rows": 1246088,
                                        "Plan Width": 4,
                                        "Actual Startup Time": 0.26,
                                        "Actual Total Time": 253.988,
                                        "Actual Rows": 1064568,
                                        "Actual Loops": 7,
                                        "Output": [
                                            "ci.id",
                                            "ci.person_id",
                                            "ci.movie_id",
                                            "ci.person_role_id",
                                            "ci.note",
                                            "ci.nr_order",
                                            "ci.role_id"
                                        ],
                                        "Index Cond": "(ci.role_id = 2)",
                                        "Rows Removed by Index Recheck": 0,
                                        "Workers": [
                                            {
                                                "Worker Number": 0,
                                                "Actual Startup Time": 0.089,
                                                "Actual Total Time": 265.812,
                                                "Actual Rows": 975000,
                                                "Actual Loops": 1
                                            },
                                            {
                                                "Worker Number": 1,
                                                "Actual Startup Time": 0.392,
                                                "Actual Total Time": 269.357,
                                                "Actual Rows": 945360,
                                                "Actual Loops": 1
                                            },
                                            {
                                                "Worker Number": 2,
                                                "Actual Startup Time": 0.213,
                                                "Actual Total Time": 268.028,
                                                "Actual Rows": 941460,
                                                "Actual Loops": 1
                                            },
                                            {
                                                "Worker Number": 3,
                                                "Actual Startup Time": 0.269,
                                                "Actual Total Time": 264.255,
                                                "Actual Rows": 1046371,
                                                "Actual Loops": 1
                                            },
                                            {
                                                "Worker Number": 4,
                                                "Actual Startup Time": 0.325,
                                                "Actual Total Time": 267.543,
                                                "Actual Rows": 959790,
                                                "Actual Loops": 1
                                            },
                                            {
                                                "Worker Number": 5,
                                                "Actual Startup Time": 0.123,
                                                "Actual Total Time": 253.569,
                                                "Actual Rows": 1343161,
                                                "Actual Loops": 1
                                            }
                                        ]
                                    },
                                    {
                                        "Node Type": "Hash",
                                        "Parent Relationship": "Inner",
                                        "Parallel Aware": true,
                                        "Startup Cost": 251846.35,
                                        "Total Cost": 251846.35,
                                        "Plan Rows": 1046023,
                                        "Plan Width": 8,
                                        "Actual Startup Time": 1294.899,
                                        "Actual Total Time": 1295.756,
                                        "Actual Rows": 752938,
                                        "Actual Loops": 7,
                                        "Output": [
                                            "t.id",
                                            "mi.movie_id"
                                        ],
                                        "Hash Buckets": 8388608,
                                        "Original Hash Buckets": 8388608,
                                        "Hash Batches": 1,
                                        "Original Hash Batches": 1,
                                        "Peak Memory Usage": 271840,
                                        "Workers": [
                                            {
                                                "Worker Number": 0,
                                                "Actual Startup Time": 1299.02,
                                                "Actual Total Time": 1299.023,
                                                "Actual Rows": 683160,
                                                "Actual Loops": 1
                                            },
                                            {
                                                "Worker Number": 1,
                                                "Actual Startup Time": 1299.233,
                                                "Actual Total Time": 1299.237,
                                                "Actual Rows": 682934,
                                                "Actual Loops": 1
                                            },
                                            {
                                                "Worker Number": 2,
                                                "Actual Startup Time": 1299.18,
                                                "Actual Total Time": 1299.183,
                                                "Actual Rows": 677807,
                                                "Actual Loops": 1
                                            },
                                            {
                                                "Worker Number": 3,
                                                "Actual Startup Time": 1299.242,
                                                "Actual Total Time": 1299.245,
                                                "Actual Rows": 684064,
                                                "Actual Loops": 1
                                            },
                                            {
                                                "Worker Number": 4,
                                                "Actual Startup Time": 1299.261,
                                                "Actual Total Time": 1299.264,
                                                "Actual Rows": 680610,
                                                "Actual Loops": 1
                                            },
                                            {
                                                "Worker Number": 5,
                                                "Actual Startup Time": 1299.228,
                                                "Actual Total Time": 1299.232,
                                                "Actual Rows": 962468,
                                                "Actual Loops": 1
                                            }
                                        ],
                                        "Plans": [
                                            {
                                                "Node Type": "Hash Join",
                                                "Parent Relationship": "Outer",
                                                "Parallel Aware": true,
                                                "Join Type": "Inner",
                                                "Startup Cost": 50219.81,
                                                "Total Cost": 251846.35,
                                                "Plan Rows": 1046023,
                                                "Plan Width": 8,
                                                "Actual Startup Time": 299.52,
                                                "Actual Total Time": 946.063,
                                                "Actual Rows": 752938,
                                                "Actual Loops": 7,
                                                "Output": [
                                                    "t.id",
                                                    "mi.movie_id"
                                                ],
                                                "Inner Unique": true,
                                                "Hash Cond": "(mi.movie_id = t.id)",
                                                "Workers": [
                                                    {
                                                        "Worker Number": 0,
                                                        "Actual Startup Time": 299.596,
                                                        "Actual Total Time": 949.615,
                                                        "Actual Rows": 683160,
                                                        "Actual Loops": 1
                                                    },
                                                    {
                                                        "Worker Number": 1,
                                                        "Actual Startup Time": 299.577,
                                                        "Actual Total Time": 947.737,
                                                        "Actual Rows": 682934,
                                                        "Actual Loops": 1
                                                    },
                                                    {
                                                        "Worker Number": 2,
                                                        "Actual Startup Time": 299.57,
                                                        "Actual Total Time": 947.554,
                                                        "Actual Rows": 677807,
                                                        "Actual Loops": 1
                                                    },
                                                    {
                                                        "Worker Number": 3,
                                                        "Actual Startup Time": 299.421,
                                                        "Actual Total Time": 946.746,
                                                        "Actual Rows": 684064,
                                                        "Actual Loops": 1
                                                    },
                                                    {
                                                        "Worker Number": 4,
                                                        "Actual Startup Time": 299.382,
                                                        "Actual Total Time": 946.721,
                                                        "Actual Rows": 680610,
                                                        "Actual Loops": 1
                                                    },
                                                    {
                                                        "Worker Number": 5,
                                                        "Actual Startup Time": 299.387,
                                                        "Actual Total Time": 942.824,
                                                        "Actual Rows": 962468,
                                                        "Actual Loops": 1
                                                    }
                                                ],
                                                "Plans": [
                                                    {
                                                        "Node Type": "Seq Scan",
                                                        "Parent Relationship": "Outer",
                                                        "Parallel Aware": true,
                                                        "Relation Name": "movie_info",
                                                        "Schema": "public",
                                                        "Alias": "mi",
                                                        "Startup Cost": 0.0,
                                                        "Total Cost": 198880.74,
                                                        "Plan Rows": 1046023,
                                                        "Plan Width": 4,
                                                        "Actual Startup Time": 16.509,
                                                        "Actual Total Time": 337.491,
                                                        "Actual Rows": 752938,
                                                        "Actual Loops": 7,
                                                        "Output": [
                                                            "mi.id",
                                                            "mi.movie_id",
                                                            "mi.info_type_id",
                                                            "mi.info",
                                                            "mi.note"
                                                        ],
                                                        "Filter": "(mi.info_type_id > 15)",
                                                        "Rows Removed by Filter": 1366450,
                                                        "Workers": [
                                                            {
                                                                "Worker Number": 0,
                                                                "Actual Startup Time": 16.596,
                                                                "Actual Total Time": 347.553,
                                                                "Actual Rows": 683160,
                                                                "Actual Loops": 1
                                                            },
                                                            {
                                                                "Worker Number": 1,
                                                                "Actual Startup Time": 16.445,
                                                                "Actual Total Time": 347.477,
                                                                "Actual Rows": 682934,
                                                                "Actual Loops": 1
                                                            },
                                                            {
                                                                "Worker Number": 2,
                                                                "Actual Startup Time": 16.442,
                                                                "Actual Total Time": 346.708,
                                                                "Actual Rows": 677807,
                                                                "Actual Loops": 1
                                                            },
                                                            {
                                                                "Worker Number": 3,
                                                                "Actual Startup Time": 16.559,
                                                                "Actual Total Time": 347.452,
                                                                "Actual Rows": 684064,
                                                                "Actual Loops": 1
                                                            },
                                                            {
                                                                "Worker Number": 4,
                                                                "Actual Startup Time": 16.434,
                                                                "Actual Total Time": 346.518,
                                                                "Actual Rows": 680610,
                                                                "Actual Loops": 1
                                                            },
                                                            {
                                                                "Worker Number": 5,
                                                                "Actual Startup Time": 16.614,
                                                                "Actual Total Time": 328.602,
                                                                "Actual Rows": 962468,
                                                                "Actual Loops": 1
                                                            }
                                                        ]
                                                    },
                                                    {
                                                        "Node Type": "Hash",
                                                        "Parent Relationship": "Inner",
                                                        "Parallel Aware": true,
                                                        "Startup Cost": 42318.81,
                                                        "Total Cost": 42318.81,
                                                        "Plan Rows": 632080,
                                                        "Plan Width": 4,
                                                        "Actual Startup Time": 279.177,
                                                        "Actual Total Time": 279.178,
                                                        "Actual Rows": 361187,
                                                        "Actual Loops": 7,
                                                        "Output": [
                                                            "t.id"
                                                        ],
                                                        "Hash Buckets": 4194304,
                                                        "Original Hash Buckets": 4194304,
                                                        "Hash Batches": 1,
                                                        "Original Hash Batches": 1,
                                                        "Peak Memory Usage": 131776,
                                                        "Workers": [
                                                            {
                                                                "Worker Number": 0,
                                                                "Actual Startup Time": 282.912,
                                                                "Actual Total Time": 282.913,
                                                                "Actual Rows": 317204,
                                                                "Actual Loops": 1
                                                            },
                                                            {
                                                                "Worker Number": 1,
                                                                "Actual Startup Time": 282.879,
                                                                "Actual Total Time": 282.88,
                                                                "Actual Rows": 326706,
                                                                "Actual Loops": 1
                                                            },
                                                            {
                                                                "Worker Number": 2,
                                                                "Actual Startup Time": 282.86,
                                                                "Actual Total Time": 282.861,
                                                                "Actual Rows": 329174,
                                                                "Actual Loops": 1
                                                            },
                                                            {
                                                                "Worker Number": 3,
                                                                "Actual Startup Time": 282.737,
                                                                "Actual Total Time": 282.738,
                                                                "Actual Rows": 318770,
                                                                "Actual Loops": 1
                                                            },
                                                            {
                                                                "Worker Number": 4,
                                                                "Actual Startup Time": 282.651,
                                                                "Actual Total Time": 282.652,
                                                                "Actual Rows": 323183,
                                                                "Actual Loops": 1
                                                            },
                                                            {
                                                                "Worker Number": 5,
                                                                "Actual Startup Time": 282.645,
                                                                "Actual Total Time": 282.646,
                                                                "Actual Rows": 417736,
                                                                "Actual Loops": 1
                                                            }
                                                        ],
                                                        "Plans": [
                                                            {
                                                                "Node Type": "Seq Scan",
                                                                "Parent Relationship": "Outer",
                                                                "Parallel Aware": true,
                                                                "Relation Name": "title",
                                                                "Schema": "public",
                                                                "Alias": "t",
                                                                "Startup Cost": 0.0,
                                                                "Total Cost": 42318.81,
                                                                "Plan Rows": 632080,
                                                                "Plan Width": 4,
                                                                "Actual Startup Time": 0.074,
                                                                "Actual Total Time": 79.393,
                                                                "Actual Rows": 361187,
                                                                "Actual Loops": 7,
                                                                "Output": [
                                                                    "t.id"
                                                                ],
                                                                "Workers": [
                                                                    {
                                                                        "Worker Number": 0,
                                                                        "Actual Startup Time": 0.081,
                                                                        "Actual Total Time": 82.782,
                                                                        "Actual Rows": 317204,
                                                                        "Actual Loops": 1
                                                                    },
                                                                    {
                                                                        "Worker Number": 1,
                                                                        "Actual Startup Time": 0.086,
                                                                        "Actual Total Time": 82.745,
                                                                        "Actual Rows": 326706,
                                                                        "Actual Loops": 1
                                                                    },
                                                                    {
                                                                        "Worker Number": 2,
                                                                        "Actual Startup Time": 0.069,
                                                                        "Actual Total Time": 83.377,
                                                                        "Actual Rows": 329174,
                                                                        "Actual Loops": 1
                                                                    },
                                                                    {
                                                                        "Worker Number": 3,
                                                                        "Actual Startup Time": 0.091,
                                                                        "Actual Total Time": 82.963,
                                                                        "Actual Rows": 318770,
                                                                        "Actual Loops": 1
                                                                    },
                                                                    {
                                                                        "Worker Number": 4,
                                                                        "Actual Startup Time": 0.081,
                                                                        "Actual Total Time": 82.629,
                                                                        "Actual Rows": 323183,
                                                                        "Actual Loops": 1
                                                                    },
                                                                    {
                                                                        "Worker Number": 5,
                                                                        "Actual Startup Time": 0.09,
                                                                        "Actual Total Time": 78.543,
                                                                        "Actual Rows": 417736,
                                                                        "Actual Loops": 1
                                                                    }
                                                                ]
                                                            }
                                                        ]
                                                    }
                                                ]
                                            }
                                        ]
                                    }
                                ]
                            }
                        ]
                    }
                ]
            }
        ]
    },
    "Planning Time": 1.528,
    "Triggers": [],
    "Execution Time": 3055.308
}