[
    {
        "Bao": {
            "Bao prediction": 832.058,
            "Bao recommended hint": "(no hint)"
        }
    },
    {
        "Plan": {
            "Node Type": "Aggregate",
            "Strategy": "Plain",
            "Partial Mode": "Finalize",
            "Parallel Aware": false,
            "Startup Cost": 69547.81,
            "Total Cost": 69547.82,
            "Plan Rows": 1,
            "Plan Width": 8,
            "Actual Startup Time": 205.954,
            "Actual Total Time": 214.104,
            "Actual Rows": 1,
            "Actual Loops": 1,
            "Output": [
                "count(*)"
            ],
            "Plans": [
                {
                    "Node Type": "Gather",
                    "Parent Relationship": "Outer",
                    "Parallel Aware": false,
                    "Startup Cost": 69547.39,
                    "Total Cost": 69547.8,
                    "Plan Rows": 4,
                    "Plan Width": 8,
                    "Actual Startup Time": 204.889,
                    "Actual Total Time": 214.085,
                    "Actual Rows": 5,
                    "Actual Loops": 1,
                    "Output": [
                        "(PARTIAL count(*))"
                    ],
                    "Workers Planned": 4,
                    "Workers Launched": 4,
                    "Single Copy": false,
                    "Plans": [
                        {
                            "Node Type": "Aggregate",
                            "Strategy": "Plain",
                            "Partial Mode": "Partial",
                            "Parent Relationship": "Outer",
                            "Parallel Aware": false,
                            "Startup Cost": 68547.39,
                            "Total Cost": 68547.4,
                            "Plan Rows": 1,
                            "Plan Width": 8,
                            "Actual Startup Time": 195.269,
                            "Actual Total Time": 195.273,
                            "Actual Rows": 1,
                            "Actual Loops": 5,
                            "Output": [
                                "PARTIAL count(*)"
                            ],
                            "Workers": [
                                {
                                    "Worker Number": 0,
                                    "Actual Startup Time": 192.961,
                                    "Actual Total Time": 192.964,
                                    "Actual Rows": 1,
                                    "Actual Loops": 1
                                },
                                {
                                    "Worker Number": 1,
                                    "Actual Startup Time": 193.206,
                                    "Actual Total Time": 193.209,
                                    "Actual Rows": 1,
                                    "Actual Loops": 1
                                },
                                {
                                    "Worker Number": 2,
                                    "Actual Startup Time": 193.212,
                                    "Actual Total Time": 193.216,
                                    "Actual Rows": 1,
                                    "Actual Loops": 1
                                },
                                {
                                    "Worker Number": 3,
                                    "Actual Startup Time": 192.951,
                                    "Actual Total Time": 192.954,
                                    "Actual Rows": 1,
                                    "Actual Loops": 1
                                }
                            ],
                            "Plans": [
                                {
                                    "Node Type": "Hash Join",
                                    "Parent Relationship": "Outer",
                                    "Parallel Aware": true,
                                    "Join Type": "Inner",
                                    "Startup Cost": 22453.55,
                                    "Total Cost": 68496.77,
                                    "Plan Rows": 20248,
                                    "Plan Width": 0,
                                    "Actual Startup Time": 166.859,
                                    "Actual Total Time": 195.032,
                                    "Actual Rows": 2195,
                                    "Actual Loops": 5,
                                    "Inner Unique": false,
                                    "Hash Cond": "(t.id = mc.movie_id)",
                                    "Workers": [
                                        {
                                            "Worker Number": 0,
                                            "Actual Startup Time": 165.126,
                                            "Actual Total Time": 192.705,
                                            "Actual Rows": 1817,
                                            "Actual Loops": 1
                                        },
                                        {
                                            "Worker Number": 1,
                                            "Actual Startup Time": 165.369,
                                            "Actual Total Time": 192.948,
                                            "Actual Rows": 1780,
                                            "Actual Loops": 1
                                        },
                                        {
                                            "Worker Number": 2,
                                            "Actual Startup Time": 165.248,
                                            "Actual Total Time": 192.967,
                                            "Actual Rows": 1726,
                                            "Actual Loops": 1
                                        },
                                        {
                                            "Worker Number": 3,
                                            "Actual Startup Time": 165.11,
                                            "Actual Total Time": 192.695,
                                            "Actual Rows": 1797,
                                            "Actual Loops": 1
                                        }
                                    ],
                                    "Plans": [
                                        {
                                            "Node Type": "Seq Scan",
                                            "Parent Relationship": "Outer",
                                            "Parallel Aware": true,
                                            "Relation Name": "title",
                                            "Schema": "public",
                                            "Alias": "t",
                                            "Startup Cost": 0.0,
                                            "Total Cost": 43899.01,
                                            "Plan Rows": 415782,
                                            "Plan Width": 4,
                                            "Actual Startup Time": 0.013,
                                            "Actual Total Time": 89.52,
                                            "Actual Rows": 334820,
                                            "Actual Loops": 5,
                                            "Output": [
                                                "t.id",
                                                "t.title",
                                                "t.imdb_index",
                                                "t.kind_id",
                                                "t.production_year",
                                                "t.imdb_id",
                                                "t.phonetic_code",
                                                "t.episode_of_id",
                                                "t.season_nr",
                                                "t.episode_nr",
                                                "t.series_years",
                                                "t.md5sum"
                                            ],
                                            "Filter": "(t.kind_id > 3)",
                                            "Rows Removed by Filter": 170843,
                                            "Workers": [
                                                {
                                                    "Worker Number": 0,
                                                    "Actual Startup Time": 0.015,
                                                    "Actual Total Time": 91.192,
                                                    "Actual Rows": 283480,
                                                    "Actual Loops": 1
                                                },
                                                {
                                                    "Worker Number": 1,
                                                    "Actual Startup Time": 0.01,
                                                    "Actual Total Time": 91.122,
                                                    "Actual Rows": 284051,
                                                    "Actual Loops": 1
                                                },
                                                {
                                                    "Worker Number": 2,
                                                    "Actual Startup Time": 0.019,
                                                    "Actual Total Time": 90.568,
                                                    "Actual Rows": 279851,
                                                    "Actual Loops": 1
                                                },
                                                {
                                                    "Worker Number": 3,
                                                    "Actual Startup Time": 0.015,
                                                    "Actual Total Time": 90.524,
                                                    "Actual Rows": 282817,
                                                    "Actual Loops": 1
                                                }
                                            ]
                                        },
                                        {
                                            "Node Type": "Hash",
                                            "Parent Relationship": "Inner",
                                            "Parallel Aware": true,
                                            "Startup Cost": 21957.09,
                                            "Total Cost": 21957.09,
                                            "Plan Rows": 39717,
                                            "Plan Width": 4,
                                            "Actual Startup Time": 45.898,
                                            "Actual Total Time": 45.899,
                                            "Actual Rows": 25179,
                                            "Actual Loops": 5,
                                            "Output": [
                                                "mc.movie_id"
                                            ],
                                            "Hash Buckets": 131072,
                                            "Original Hash Buckets": 131072,
                                            "Hash Batches": 1,
                                            "Original Hash Batches": 1,
                                            "Peak Memory Usage": 6048,
                                            "Workers": [
                                                {
                                                    "Worker Number": 0,
                                                    "Actual Startup Time": 44.626,
                                                    "Actual Total Time": 44.627,
                                                    "Actual Rows": 17181,
                                                    "Actual Loops": 1
                                                },
                                                {
                                                    "Worker Number": 1,
                                                    "Actual Startup Time": 44.936,
                                                    "Actual Total Time": 44.937,
                                                    "Actual Rows": 17908,
                                                    "Actual Loops": 1
                                                },
                                                {
                                                    "Worker Number": 2,
                                                    "Actual Startup Time": 44.728,
                                                    "Actual Total Time": 44.729,
                                                    "Actual Rows": 19687,
                                                    "Actual Loops": 1
                                                },
                                                {
                                                    "Worker Number": 3,
                                                    "Actual Startup Time": 44.585,
                                                    "Actual Total Time": 44.586,
                                                    "Actual Rows": 17416,
                                                    "Actual Loops": 1
                                                }
                                            ],
                                            "Plans": [
                                                {
                                                    "Node Type": "Bitmap Heap Scan",
                                                    "Parent Relationship": "Outer",
                                                    "Parallel Aware": true,
                                                    "Relation Name": "movie_companies",
                                                    "Schema": "public",
                                                    "Alias": "mc",
                                                    "Startup Cost": 2670.63,
                                                    "Total Cost": 21957.09,
                                                    "Plan Rows": 39717,
                                                    "Plan Width": 4,
                                                    "Actual Startup Time": 12.559,
                                                    "Actual Total Time": 33.805,
                                                    "Actual Rows": 25179,
                                                    "Actual Loops": 5,
                                                    "Output": [
                                                        "mc.movie_id"
                                                    ],
                                                    "Recheck Cond": "(mc.company_id > 143313)",
                                                    "Rows Removed by Index Recheck": 0,
                                                    "Exact Heap Blocks": 1544,
                                                    "Lossy Heap Blocks": 0,
                                                    "Workers": [
                                                        {
                                                            "Worker Number": 0,
                                                            "Actual Startup Time": 11.515,
                                                            "Actual Total Time": 33.147,
                                                            "Actual Rows": 17181,
                                                            "Actual Loops": 1
                                                        },
                                                        {
                                                            "Worker Number": 1,
                                                            "Actual Startup Time": 11.536,
                                                            "Actual Total Time": 33.947,
                                                            "Actual Rows": 17908,
                                                            "Actual Loops": 1
                                                        },
                                                        {
                                                            "Worker Number": 2,
                                                            "Actual Startup Time": 11.329,
                                                            "Actual Total Time": 33.766,
                                                            "Actual Rows": 19687,
                                                            "Actual Loops": 1
                                                        },
                                                        {
                                                            "Worker Number": 3,
                                                            "Actual Startup Time": 11.251,
                                                            "Actual Total Time": 33.081,
                                                            "Actual Rows": 17416,
                                                            "Actual Loops": 1
                                                        }
                                                    ],
                                                    "Plans": [
                                                        {
                                                            "Node Type": "Bitmap Index Scan",
                                                            "Parent Relationship": "Outer",
                                                            "Parallel Aware": false,
                                                            "Index Name": "company_id_movie_companies",
                                                            "Startup Cost": 0.0,
                                                            "Total Cost": 2639.84,
                                                            "Plan Rows": 123122,
                                                            "Plan Width": 0,
                                                            "Actual Startup Time": 15.699,
                                                            "Actual Total Time": 15.699,
                                                            "Actual Rows": 125897,
                                                            "Actual Loops": 1,
                                                            "Index Cond": "(mc.company_id > 143313)"
                                                        }
                                                    ]
                                                }
                                            ]
                                        }
                                    ]
                                }
                            ]
                        }
                    ]
                }
            ]
        },
        "Planning Time": 1247.834,
        "Triggers": [],
        "Execution Time": 214.271
    }
]