[
  {
    "Plan": {
      "Node Type": "Aggregate",
      "Strategy": "Plain",
      "Partial Mode": "Finalize",
      "Parallel Aware": false,
      "Startup Cost": 100815.64,
      "Total Cost": 100815.65,
      "Plan Rows": 1,
      "Plan Width": 8,
      "Actual Startup Time": 294.71,
      "Actual Total Time": 308.252,
      "Actual Rows": 1,
      "Actual Loops": 1,
      "Plans": [
        {
          "Node Type": "Gather",
          "Parent Relationship": "Outer",
          "Parallel Aware": false,
          "Startup Cost": 100815.32,
          "Total Cost": 100815.63,
          "Plan Rows": 3,
          "Plan Width": 8,
          "Actual Startup Time": 289.546,
          "Actual Total Time": 308.245,
          "Actual Rows": 4,
          "Actual Loops": 1,
          "Workers Planned": 3,
          "Workers Launched": 3,
          "Single Copy": false,
          "Plans": [
            {
              "Node Type": "Aggregate",
              "Strategy": "Plain",
              "Partial Mode": "Partial",
              "Parent Relationship": "Outer",
              "Parallel Aware": false,
              "Startup Cost": 99815.32,
              "Total Cost": 99815.33,
              "Plan Rows": 1,
              "Plan Width": 8,
              "Actual Startup Time": 276.962,
              "Actual Total Time": 276.966,
              "Actual Rows": 1,
              "Actual Loops": 4,
              "Plans": [
                {
                  "Node Type": "Nested Loop",
                  "Parent Relationship": "Outer",
                  "Parallel Aware": false,
                  "Join Type": "Inner",
                  "Startup Cost": 49989.92,
                  "Total Cost": 99645.75,
                  "Plan Rows": 67830,
                  "Plan Width": 0,
                  "Actual Startup Time": 260.589,
                  "Actual Total Time": 276.956,
                  "Actual Rows": 29,
                  "Actual Loops": 4,
                  "Inner Unique": false,
                  "Plans": [
                    {
                      "Node Type": "Hash Join",
                      "Parent Relationship": "Outer",
                      "Parallel Aware": true,
                      "Join Type": "Inner",
                      "Startup Cost": 49989.49,
                      "Total Cost": 74729.69,
                      "Plan Rows": 11600,
                      "Plan Width": 8,
                      "Actual Startup Time": 260.504,
                      "Actual Total Time": 276.627,
                      "Actual Rows": 4,
                      "Actual Loops": 4,
                      "Inner Unique": true,
                      "Hash Cond": "(mk.movie_id = t.id)",
                      "Plans": [
                        {
                          "Node Type": "Bitmap Heap Scan",
                          "Parent Relationship": "Outer",
                          "Parallel Aware": true,
                          "Relation Name": "movie_keyword",
                          "Alias": "mk",
                          "Startup Cost": 1247.05,
                          "Total Cost": 25937.58,
                          "Plan Rows": 18923,
                          "Plan Width": 4,
                          "Actual Startup Time": 5.387,
                          "Actual Total Time": 21.534,
                          "Actual Rows": 14612,
                          "Actual Loops": 4,
                          "Recheck Cond": "(keyword_id = 16264)",
                          "Rows Removed by Index Recheck": 0,
                          "Exact Heap Blocks": 5145,
                          "Lossy Heap Blocks": 0,
                          "Plans": [
                            {
                              "Node Type": "Bitmap Index Scan",
                              "Parent Relationship": "Outer",
                              "Parallel Aware": false,
                              "Index Name": "keyword_id_movie_keyword",
                              "Startup Cost": 0.0,
                              "Total Cost": 1232.38,
                              "Plan Rows": 58660,
                              "Plan Width": 0,
                              "Actual Startup Time": 3.865,
                              "Actual Total Time": 3.866,
                              "Actual Rows": 58448,
                              "Actual Loops": 1,
                              "Index Cond": "(keyword_id = 16264)"
                            }
                          ]
                        },
                        {
                          "Node Type": "Hash",
                          "Parent Relationship": "Inner",
                          "Parallel Aware": true,
                          "Startup Cost": 43898.92,
                          "Total Cost": 43898.92,
                          "Plan Rows": 387482,
                          "Plan Width": 4,
                          "Actual Startup Time": 238.107,
                          "Actual Total Time": 238.107,
                          "Actual Rows": 388966,
                          "Actual Loops": 4,
                          "Hash Buckets": 2097152,
                          "Original Hash Buckets": 2097152,
                          "Hash Batches": 1,
                          "Original Hash Batches": 1,
                          "Peak Memory Usage": 77344,
                          "Plans": [
                            {
                              "Node Type": "Seq Scan",
                              "Parent Relationship": "Outer",
                              "Parallel Aware": true,
                              "Relation Name": "title",
                              "Alias": "t",
                              "Startup Cost": 0.0,
                              "Total Cost": 43898.92,
                              "Plan Rows": 387482,
                              "Plan Width": 4,
                              "Actual Startup Time": 0.036,
                              "Actual Total Time": 99.003,
                              "Actual Rows": 388966,
                              "Actual Loops": 4,
                              "Filter": "(kind_id > 4)",
                              "Rows Removed by Filter": 243112
                            }
                          ]
                        }
                      ]
                    },
                    {
                      "Node Type": "Index Only Scan",
                      "Parent Relationship": "Inner",
                      "Parallel Aware": false,
                      "Scan Direction": "Forward",
                      "Index Name": "movie_id_movie_info",
                      "Relation Name": "movie_info",
                      "Alias": "mi",
                      "Startup Cost": 0.43,
                      "Total Cost": 1.73,
                      "Plan Rows": 42,
                      "Plan Width": 4,
                      "Actual Startup Time": 0.039,
                      "Actual Total Time": 0.07,
                      "Actual Rows": 6,
                      "Actual Loops": 18,
                      "Index Cond": "(movie_id = t.id)",
                      "Rows Removed by Index Recheck": 0,
                      "Heap Fetches": 117
                    }
                  ]
                }
              ]
            }
          ]
        }
      ]
    },
    "Planning Time": 1.412,
    "Triggers": [],
    "Execution Time": 308.359
  }
]