{
  "Plan": {
    "Node Type": "Aggregate",
    "Strategy": "Plain",
    "Partial Mode": "Finalize",
    "Parallel Aware": false,
    "Startup Cost": 75407.88,
    "Total Cost": 75407.89,
    "Plan Rows": 1,
    "Plan Width": 68,
    "Actual Startup Time": 174.684,
    "Actual Total Time": 199.571,
    "Actual Rows": 1,
    "Actual Loops": 1,
    "Plans": [
      {
        "Node Type": "Gather",
        "Parent Relationship": "Outer",
        "Parallel Aware": false,
        "Startup Cost": 75407.44,
        "Total Cost": 75407.85,
        "Plan Rows": 4,
        "Plan Width": 68,
        "Actual Startup Time": 174.461,
        "Actual Total Time": 199.557,
        "Actual Rows": 5,
        "Actual Loops": 1,
        "Workers Planned": 4,
        "Workers Launched": 4,
        "Single Copy": false,
        "Plans": [
          {
            "Node Type": "Aggregate",
            "Strategy": "Plain",
            "Partial Mode": "Partial",
            "Parent Relationship": "Outer",
            "Parallel Aware": false,
            "Startup Cost": 74407.44,
            "Total Cost": 74407.45,
            "Plan Rows": 1,
            "Plan Width": 68,
            "Actual Startup Time": 162.593,
            "Actual Total Time": 162.606,
            "Actual Rows": 1,
            "Actual Loops": 5,
            "Plans": [
              {
                "Node Type": "Hash Join",
                "Parent Relationship": "Outer",
                "Parallel Aware": false,
                "Join Type": "Inner",
                "Startup Cost": 30052.33,
                "Total Cost": 74404.66,
                "Plan Rows": 371,
                "Plan Width": 45,
                "Actual Startup Time": 157.126,
                "Actual Total Time": 162.595,
                "Actual Rows": 0,
                "Actual Loops": 5,
                "Inner Unique": false,
                "Hash Cond": "(t.id = mc.movie_id)",
                "Plans": [
                  {
                    "Node Type": "Seq Scan",
                    "Parent Relationship": "Outer",
                    "Parallel Aware": true,
                    "Relation Name": "title",
                    "Alias": "t",
                    "Startup Cost": 0.0,
                    "Total Cost": 43899.59,
                    "Plan Rows": 119740,
                    "Plan Width": 25,
                    "Actual Startup Time": 0.077,
                    "Actual Total Time": 146.488,
                    "Actual Rows": 95920,
                    "Actual Loops": 5,
                    "Filter": "(production_year < 1978)",
                    "Rows Removed by Filter": 409742
                  },
                  {
                    "Node Type": "Hash",
                    "Parent Relationship": "Inner",
                    "Parallel Aware": false,
                    "Startup Cost": 29954.36,
                    "Total Cost": 29954.36,
                    "Plan Rows": 7838,
                    "Plan Width": 32,
                    "Actual Startup Time": 2.375,
                    "Actual Total Time": 2.385,
                    "Actual Rows": 5,
                    "Actual Loops": 5,
                    "Hash Buckets": 8192,
                    "Original Hash Buckets": 8192,
                    "Hash Batches": 1,
                    "Original Hash Batches": 1,
                    "Peak Memory Usage": 65,
                    "Plans": [
                      {
                        "Node Type": "Hash Join",
                        "Parent Relationship": "Outer",
                        "Parallel Aware": false,
                        "Join Type": "Inner",
                        "Startup Cost": 6243.74,
                        "Total Cost": 29954.36,
                        "Plan Rows": 7838,
                        "Plan Width": 32,
                        "Actual Startup Time": 1.481,
                        "Actual Total Time": 2.361,
                        "Actual Rows": 5,
                        "Actual Loops": 5,
                        "Inner Unique": true,
                        "Hash Cond": "(mc.company_type_id = ct.id)",
                        "Plans": [
                          {
                            "Node Type": "Nested Loop",
                            "Parent Relationship": "Outer",
                            "Parallel Aware": false,
                            "Join Type": "Inner",
                            "Startup Cost": 6242.68,
                            "Total Cost": 29783.79,
                            "Plan Rows": 31354,
                            "Plan Width": 36,
                            "Actual Startup Time": 0.543,
                            "Actual Total Time": 2.135,
                            "Actual Rows": 100,
                            "Actual Loops": 5,
                            "Inner Unique": false,
                            "Plans": [
                              {
                                "Node Type": "Nested Loop",
                                "Parent Relationship": "Outer",
                                "Parallel Aware": false,
                                "Join Type": "Inner",
                                "Startup Cost": 6242.25,
                                "Total Cost": 21942.36,
                                "Plan Rows": 12213,
                                "Plan Width": 4,
                                "Actual Startup Time": 0.326,
                                "Actual Total Time": 0.343,
                                "Actual Rows": 10,
                                "Actual Loops": 5,
                                "Inner Unique": false,
                                "Plans": [
                                  {
                                    "Node Type": "Seq Scan",
                                    "Parent Relationship": "Outer",
                                    "Parallel Aware": false,
                                    "Relation Name": "info_type",
                                    "Alias": "it",
                                    "Startup Cost": 0.0,
                                    "Total Cost": 2.41,
                                    "Plan Rows": 1,
                                    "Plan Width": 4,
                                    "Actual Startup Time": 0.062,
                                    "Actual Total Time": 0.064,
                                    "Actual Rows": 1,
                                    "Actual Loops": 5,
                                    "Filter": "((info)::text = 'bottom 10 rank'::text)",
                                    "Rows Removed by Filter": 112
                                  },
                                  {
                                    "Node Type": "Bitmap Heap Scan",
                                    "Parent Relationship": "Inner",
                                    "Parallel Aware": false,
                                    "Relation Name": "movie_info_idx",
                                    "Alias": "mi_idx",
                                    "Startup Cost": 6242.25,
                                    "Total Cost": 18489.86,
                                    "Plan Rows": 345009,
                                    "Plan Width": 8,
                                    "Actual Startup Time": 0.252,
                                    "Actual Total Time": 0.26,
                                    "Actual Rows": 10,
                                    "Actual Loops": 5,
                                    "Recheck Cond": "(info_type_id = it.id)",
                                    "Rows Removed by Index Recheck": 0,
                                    "Exact Heap Blocks": 1,
                                    "Lossy Heap Blocks": 0,
                                    "Plans": [
                                      {
                                        "Node Type": "Bitmap Index Scan",
                                        "Parent Relationship": "Outer",
                                        "Parallel Aware": false,
                                        "Index Name": "info_type_id_movie_info_idx",
                                        "Startup Cost": 0.0,
                                        "Total Cost": 6155.99,
                                        "Plan Rows": 345009,
                                        "Plan Width": 0,
                                        "Actual Startup Time": 0.189,
                                        "Actual Total Time": 0.189,
                                        "Actual Rows": 10,
                                        "Actual Loops": 5,
                                        "Index Cond": "(info_type_id = it.id)"
                                      }
                                    ]
                                  }
                                ]
                              },
                              {
                                "Node Type": "Index Scan",
                                "Parent Relationship": "Inner",
                                "Parallel Aware": false,
                                "Scan Direction": "Forward",
                                "Index Name": "movie_id_movie_companies",
                                "Relation Name": "movie_companies",
                                "Alias": "mc",
                                "Startup Cost": 0.43,
                                "Total Cost": 0.61,
                                "Plan Rows": 3,
                                "Plan Width": 32,
                                "Actual Startup Time": 0.133,
                                "Actual Total Time": 0.174,
                                "Actual Rows": 10,
                                "Actual Loops": 50,
                                "Index Cond": "(movie_id = mi_idx.movie_id)",
                                "Rows Removed by Index Recheck": 0,
                                "Filter": "(note !~~ '%(as Metro-Goldwyn-Mayer Pictures)%'::text)",
                                "Rows Removed by Filter": 2
                              }
                            ]
                          },
                          {
                            "Node Type": "Hash",
                            "Parent Relationship": "Inner",
                            "Parallel Aware": false,
                            "Startup Cost": 1.05,
                            "Total Cost": 1.05,
                            "Plan Rows": 1,
                            "Plan Width": 4,
                            "Actual Startup Time": 0.112,
                            "Actual Total Time": 0.113,
                            "Actual Rows": 1,
                            "Actual Loops": 5,
                            "Hash Buckets": 1024,
                            "Original Hash Buckets": 1024,
                            "Hash Batches": 1,
                            "Original Hash Batches": 1,
                            "Peak Memory Usage": 9,
                            "Plans": [
                              {
                                "Node Type": "Seq Scan",
                                "Parent Relationship": "Outer",
                                "Parallel Aware": false,
                                "Relation Name": "company_type",
                                "Alias": "ct",
                                "Startup Cost": 0.0,
                                "Total Cost": 1.05,
                                "Plan Rows": 1,
                                "Plan Width": 4,
                                "Actual Startup Time": 0.08,
                                "Actual Total Time": 0.084,
                                "Actual Rows": 1,
                                "Actual Loops": 5,
                                "Filter": "((kind)::text = 'production companies'::text)",
                                "Rows Removed by Filter": 3
                              }
                            ]
                          }
                        ]
                      }
                    ]
                  }
                ]
              }
            ]
          }
        ]
      }
    ]
  },
  "Planning Time": 7.15,
  "Triggers": [],
  "Execution Time": 200.242
}