[
    {
        "Bao": {
            "Bao prediction": 742.542,
            "Bao recommended hint": "(no hint)"
        }
    },
    {
        "Plan": {
            "Node Type": "Aggregate",
            "Strategy": "Plain",
            "Partial Mode": "Simple",
            "Parallel Aware": false,
            "Startup Cost": 7489.52,
            "Total Cost": 7489.53,
            "Plan Rows": 1,
            "Plan Width": 64,
            "Actual Startup Time": 158.68,
            "Actual Total Time": 158.687,
            "Actual Rows": 1,
            "Actual Loops": 1,
            "Output": [
                "min(mi_idx.info)",
                "min(t.title)"
            ],
            "Plans": [
                {
                    "Node Type": "Nested Loop",
                    "Parent Relationship": "Outer",
                    "Parallel Aware": false,
                    "Join Type": "Inner",
                    "Startup Cost": 12.09,
                    "Total Cost": 7489.51,
                    "Plan Rows": 1,
                    "Plan Width": 22,
                    "Actual Startup Time": 24.418,
                    "Actual Total Time": 158.667,
                    "Actual Rows": 6,
                    "Actual Loops": 1,
                    "Output": [
                        "mi_idx.info",
                        "t.title"
                    ],
                    "Inner Unique": true,
                    "Join Filter": "(mi.info_type_id = it1.id)",
                    "Rows Removed by Join Filter": 55,
                    "Plans": [
                        {
                            "Node Type": "Nested Loop",
                            "Parent Relationship": "Outer",
                            "Parallel Aware": false,
                            "Join Type": "Inner",
                            "Startup Cost": 12.09,
                            "Total Cost": 7487.09,
                            "Plan Rows": 1,
                            "Plan Width": 26,
                            "Actual Startup Time": 3.204,
                            "Actual Total Time": 157.583,
                            "Actual Rows": 61,
                            "Actual Loops": 1,
                            "Output": [
                                "mi_idx.info",
                                "mi.info_type_id",
                                "t.title"
                            ],
                            "Inner Unique": false,
                            "Join Filter": "(t.id = mi.movie_id)",
                            "Rows Removed by Join Filter": 0,
                            "Plans": [
                                {
                                    "Node Type": "Nested Loop",
                                    "Parent Relationship": "Outer",
                                    "Parallel Aware": false,
                                    "Join Type": "Inner",
                                    "Startup Cost": 11.65,
                                    "Total Cost": 7485.19,
                                    "Plan Rows": 1,
                                    "Plan Width": 34,
                                    "Actual Startup Time": 2.789,
                                    "Actual Total Time": 147.591,
                                    "Actual Rows": 81,
                                    "Actual Loops": 1,
                                    "Output": [
                                        "mi_idx.info",
                                        "mi_idx.movie_id",
                                        "mk.movie_id",
                                        "t.title",
                                        "t.id"
                                    ],
                                    "Inner Unique": false,
                                    "Join Filter": "(mi_idx.info_type_id = it2.id)",
                                    "Rows Removed by Join Filter": 198,
                                    "Plans": [
                                        {
                                            "Node Type": "Seq Scan",
                                            "Parent Relationship": "Outer",
                                            "Parallel Aware": false,
                                            "Relation Name": "info_type",
                                            "Schema": "public",
                                            "Alias": "it2",
                                            "Startup Cost": 0.0,
                                            "Total Cost": 2.41,
                                            "Plan Rows": 1,
                                            "Plan Width": 4,
                                            "Actual Startup Time": 0.042,
                                            "Actual Total Time": 0.045,
                                            "Actual Rows": 1,
                                            "Actual Loops": 1,
                                            "Output": [
                                                "it2.id",
                                                "it2.info"
                                            ],
                                            "Filter": "((it2.info)::text = 'rating'::text)",
                                            "Rows Removed by Filter": 112
                                        },
                                        {
                                            "Node Type": "Nested Loop",
                                            "Parent Relationship": "Inner",
                                            "Parallel Aware": false,
                                            "Join Type": "Inner",
                                            "Startup Cost": 11.65,
                                            "Total Cost": 7482.24,
                                            "Plan Rows": 43,
                                            "Plan Width": 38,
                                            "Actual Startup Time": 2.737,
                                            "Actual Total Time": 147.475,
                                            "Actual Rows": 279,
                                            "Actual Loops": 1,
                                            "Output": [
                                                "mk.movie_id",
                                                "mi_idx.info",
                                                "mi_idx.movie_id",
                                                "mi_idx.info_type_id",
                                                "t.title",
                                                "t.id"
                                            ],
                                            "Inner Unique": false,
                                            "Join Filter": "(t.id = mi_idx.movie_id)",
                                            "Rows Removed by Join Filter": 0,
                                            "Plans": [
                                                {
                                                    "Node Type": "Nested Loop",
                                                    "Parent Relationship": "Outer",
                                                    "Parallel Aware": false,
                                                    "Join Type": "Inner",
                                                    "Startup Cost": 11.23,
                                                    "Total Cost": 7474.18,
                                                    "Plan Rows": 15,
                                                    "Plan Width": 25,
                                                    "Actual Startup Time": 2.457,
                                                    "Actual Total Time": 143.29,
                                                    "Actual Rows": 143,
                                                    "Actual Loops": 1,
                                                    "Output": [
                                                        "mk.movie_id",
                                                        "t.title",
                                                        "t.id"
                                                    ],
                                                    "Inner Unique": true,
                                                    "Join Filter": "(t.kind_id = kt.id)",
                                                    "Rows Removed by Join Filter": 3659,
                                                    "Plans": [
                                                        {
                                                            "Node Type": "Nested Loop",
                                                            "Parent Relationship": "Outer",
                                                            "Parallel Aware": false,
                                                            "Join Type": "Inner",
                                                            "Startup Cost": 11.23,
                                                            "Total Cost": 7471.55,
                                                            "Plan Rows": 54,
                                                            "Plan Width": 29,
                                                            "Actual Startup Time": 2.384,
                                                            "Actual Total Time": 141.969,
                                                            "Actual Rows": 1962,
                                                            "Actual Loops": 1,
                                                            "Output": [
                                                                "mk.movie_id",
                                                                "t.title",
                                                                "t.kind_id",
                                                                "t.id"
                                                            ],
                                                            "Inner Unique": true,
                                                            "Plans": [
                                                                {
                                                                    "Node Type": "Nested Loop",
                                                                    "Parent Relationship": "Outer",
                                                                    "Parallel Aware": false,
                                                                    "Join Type": "Inner",
                                                                    "Startup Cost": 10.8,
                                                                    "Total Cost": 7405.43,
                                                                    "Plan Rows": 135,
                                                                    "Plan Width": 4,
                                                                    "Actual Startup Time": 2.138,
                                                                    "Actual Total Time": 62.817,
                                                                    "Actual Rows": 12946,
                                                                    "Actual Loops": 1,
                                                                    "Output": [
                                                                        "mk.movie_id"
                                                                    ],
                                                                    "Inner Unique": false,
                                                                    "Plans": [
                                                                        {
                                                                            "Node Type": "Seq Scan",
                                                                            "Parent Relationship": "Outer",
                                                                            "Parallel Aware": false,
                                                                            "Relation Name": "keyword",
                                                                            "Schema": "public",
                                                                            "Alias": "k",
                                                                            "Startup Cost": 0.0,
                                                                            "Total Cost": 2961.55,
                                                                            "Plan Rows": 4,
                                                                            "Plan Width": 4,
                                                                            "Actual Startup Time": 0.244,
                                                                            "Actual Total Time": 22.633,
                                                                            "Actual Rows": 4,
                                                                            "Actual Loops": 1,
                                                                            "Output": [
                                                                                "k.id",
                                                                                "k.keyword",
                                                                                "k.phonetic_code"
                                                                            ],
                                                                            "Filter": "((k.keyword IS NOT NULL) AND (k.keyword = ANY ('{marvel-comics,based-on-comic,sequel,carribean-canadian}'::text[])))",
                                                                            "Rows Removed by Filter": 134166
                                                                        },
                                                                        {
                                                                            "Node Type": "Bitmap Heap Scan",
                                                                            "Parent Relationship": "Inner",
                                                                            "Parallel Aware": false,
                                                                            "Relation Name": "movie_keyword",
                                                                            "Schema": "public",
                                                                            "Alias": "mk",
                                                                            "Startup Cost": 10.8,
                                                                            "Total Cost": 1107.92,
                                                                            "Plan Rows": 305,
                                                                            "Plan Width": 8,
                                                                            "Actual Startup Time": 1.145,
                                                                            "Actual Total Time": 9.378,
                                                                            "Actual Rows": 3236,
                                                                            "Actual Loops": 4,
                                                                            "Output": [
                                                                                "mk.id",
                                                                                "mk.movie_id",
                                                                                "mk.keyword_id"
                                                                            ],
                                                                            "Recheck Cond": "(mk.keyword_id = k.id)",
                                                                            "Rows Removed by Index Recheck": 0,
                                                                            "Exact Heap Blocks": 7276,
                                                                            "Lossy Heap Blocks": 0,
                                                                            "Plans": [
                                                                                {
                                                                                    "Node Type": "Bitmap Index Scan",
                                                                                    "Parent Relationship": "Outer",
                                                                                    "Parallel Aware": false,
                                                                                    "Index Name": "keyword_id_movie_keyword",
                                                                                    "Startup Cost": 0.0,
                                                                                    "Total Cost": 10.72,
                                                                                    "Plan Rows": 305,
                                                                                    "Plan Width": 0,
                                                                                    "Actual Startup Time": 0.763,
                                                                                    "Actual Total Time": 0.763,
                                                                                    "Actual Rows": 3236,
                                                                                    "Actual Loops": 4,
                                                                                    "Index Cond": "(mk.keyword_id = k.id)"
                                                                                }
                                                                            ]
                                                                        }
                                                                    ]
                                                                },
                                                                {
                                                                    "Node Type": "Index Scan",
                                                                    "Parent Relationship": "Inner",
                                                                    "Parallel Aware": false,
                                                                    "Scan Direction": "Forward",
                                                                    "Index Name": "title_pkey",
                                                                    "Relation Name": "title",
                                                                    "Schema": "public",
                                                                    "Alias": "t",
                                                                    "Startup Cost": 0.43,
                                                                    "Total Cost": 0.49,
                                                                    "Plan Rows": 1,
                                                                    "Plan Width": 25,
                                                                    "Actual Startup Time": 0.006,
                                                                    "Actual Total Time": 0.006,
                                                                    "Actual Rows": 0,
                                                                    "Actual Loops": 12946,
                                                                    "Output": [
                                                                        "t.id",
                                                                        "t.title",
                                                                        "t.imdb_index",
                                                                        "t.kind_id",
                                                                        "t.production_year",
                                                                        "t.imdb_id",
                                                                        "t.phonetic_code",
                                                                        "t.episode_of_id",
                                                                        "t.season_nr",
                                                                        "t.episode_nr",
                                                                        "t.series_years",
                                                                        "t.md5sum"
                                                                    ],
                                                                    "Index Cond": "(t.id = mk.movie_id)",
                                                                    "Rows Removed by Index Recheck": 0,
                                                                    "Filter": "(t.production_year > 2005)",
                                                                    "Rows Removed by Filter": 1
                                                                }
                                                            ]
                                                        },
                                                        {
                                                            "Node Type": "Materialize",
                                                            "Parent Relationship": "Inner",
                                                            "Parallel Aware": false,
                                                            "Startup Cost": 0.0,
                                                            "Total Cost": 1.1,
                                                            "Plan Rows": 2,
                                                            "Plan Width": 4,
                                                            "Actual Startup Time": 0.0,
                                                            "Actual Total Time": 0.0,
                                                            "Actual Rows": 2,
                                                            "Actual Loops": 1962,
                                                            "Output": [
                                                                "kt.id"
                                                            ],
                                                            "Plans": [
                                                                {
                                                                    "Node Type": "Seq Scan",
                                                                    "Parent Relationship": "Outer",
                                                                    "Parallel Aware": false,
                                                                    "Relation Name": "kind_type",
                                                                    "Schema": "public",
                                                                    "Alias": "kt",
                                                                    "Startup Cost": 0.0,
                                                                    "Total Cost": 1.09,
                                                                    "Plan Rows": 2,
                                                                    "Plan Width": 4,
                                                                    "Actual Startup Time": 0.058,
                                                                    "Actual Total Time": 0.062,
                                                                    "Actual Rows": 2,
                                                                    "Actual Loops": 1,
                                                                    "Output": [
                                                                        "kt.id"
                                                                    ],
                                                                    "Filter": "((kt.kind)::text = ANY ('{episode,\"tv series\"}'::text[]))",
                                                                    "Rows Removed by Filter": 5
                                                                }
                                                            ]
                                                        }
                                                    ]
                                                },
                                                {
                                                    "Node Type": "Index Scan",
                                                    "Parent Relationship": "Inner",
                                                    "Parallel Aware": false,
                                                    "Scan Direction": "Forward",
                                                    "Index Name": "movie_id_movie_info_idx",
                                                    "Relation Name": "movie_info_idx",
                                                    "Schema": "public",
                                                    "Alias": "mi_idx",
                                                    "Startup Cost": 0.43,
                                                    "Total Cost": 0.5,
                                                    "Plan Rows": 3,
                                                    "Plan Width": 13,
                                                    "Actual Startup Time": 0.026,
                                                    "Actual Total Time": 0.027,
                                                    "Actual Rows": 2,
                                                    "Actual Loops": 143,
                                                    "Output": [
                                                        "mi_idx.id",
                                                        "mi_idx.movie_id",
                                                        "mi_idx.info_type_id",
                                                        "mi_idx.info",
                                                        "mi_idx.note"
                                                    ],
                                                    "Index Cond": "(mi_idx.movie_id = mk.movie_id)",
                                                    "Rows Removed by Index Recheck": 0,
                                                    "Filter": "(mi_idx.info < '7.6'::text)",
                                                    "Rows Removed by Filter": 0
                                                }
                                            ]
                                        }
                                    ]
                                },
                                {
                                    "Node Type": "Index Scan",
                                    "Parent Relationship": "Inner",
                                    "Parallel Aware": false,
                                    "Scan Direction": "Forward",
                                    "Index Name": "movie_id_movie_info",
                                    "Relation Name": "movie_info",
                                    "Schema": "public",
                                    "Alias": "mi",
                                    "Startup Cost": 0.43,
                                    "Total Cost": 1.86,
                                    "Plan Rows": 3,
                                    "Plan Width": 8,
                                    "Actual Startup Time": 0.103,
                                    "Actual Total Time": 0.122,
                                    "Actual Rows": 1,
                                    "Actual Loops": 81,
                                    "Output": [
                                        "mi.id",
                                        "mi.movie_id",
                                        "mi.info_type_id",
                                        "mi.info",
                                        "mi.note"
                                    ],
                                    "Index Cond": "(mi.movie_id = mk.movie_id)",
                                    "Rows Removed by Index Recheck": 0,
                                    "Filter": "(mi.info = ANY ('{Denish,German,English,Swedish,American,Denmark,Norway,Bulgaria,Danish,Canada}'::text[]))",
                                    "Rows Removed by Filter": 11
                                }
                            ]
                        },
                        {
                            "Node Type": "Seq Scan",
                            "Parent Relationship": "Inner",
                            "Parallel Aware": false,
                            "Relation Name": "info_type",
                            "Schema": "public",
                            "Alias": "it1",
                            "Startup Cost": 0.0,
                            "Total Cost": 2.41,
                            "Plan Rows": 1,
                            "Plan Width": 4,
                            "Actual Startup Time": 0.006,
                            "Actual Total Time": 0.014,
                            "Actual Rows": 1,
                            "Actual Loops": 61,
                            "Output": [
                                "it1.id",
                                "it1.info"
                            ],
                            "Filter": "((it1.info)::text = 'countries'::text)",
                            "Rows Removed by Filter": 102
                        }
                    ]
                }
            ]
        },
        "Planning Time": 467.003,
        "Triggers": [],
        "Execution Time": 159.419
    }
]