[
    {
        "Bao": {
            "Bao prediction": "NaN",
            "Bao recommended hint": "(no hint)"
        }
    },
    {
        "Plan": {
            "Node Type": "Aggregate",
            "Strategy": "Plain",
            "Partial Mode": "Finalize",
            "Parallel Aware": false,
            "Startup Cost": 250159.93,
            "Total Cost": 250159.94,
            "Plan Rows": 1,
            "Plan Width": 8,
            "Actual Startup Time": 930.534,
            "Actual Total Time": 959.631,
            "Actual Rows": 1,
            "Actual Loops": 1,
            "Output": [
                "count(*)"
            ],
            "Plans": [
                {
                    "Node Type": "Gather",
                    "Parent Relationship": "Outer",
                    "Parallel Aware": false,
                    "Startup Cost": 250159.4,
                    "Total Cost": 250159.91,
                    "Plan Rows": 5,
                    "Plan Width": 8,
                    "Actual Startup Time": 926.977,
                    "Actual Total Time": 959.62,
                    "Actual Rows": 6,
                    "Actual Loops": 1,
                    "Output": [
                        "(PARTIAL count(*))"
                    ],
                    "Workers Planned": 5,
                    "Workers Launched": 5,
                    "Single Copy": false,
                    "Plans": [
                        {
                            "Node Type": "Aggregate",
                            "Strategy": "Plain",
                            "Partial Mode": "Partial",
                            "Parent Relationship": "Outer",
                            "Parallel Aware": false,
                            "Startup Cost": 249159.4,
                            "Total Cost": 249159.41,
                            "Plan Rows": 1,
                            "Plan Width": 8,
                            "Actual Startup Time": 916.901,
                            "Actual Total Time": 916.903,
                            "Actual Rows": 1,
                            "Actual Loops": 6,
                            "Output": [
                                "PARTIAL count(*)"
                            ],
                            "Workers": [
                                {
                                    "Worker Number": 0,
                                    "Actual Startup Time": 914.935,
                                    "Actual Total Time": 914.937,
                                    "Actual Rows": 1,
                                    "Actual Loops": 1
                                },
                                {
                                    "Worker Number": 1,
                                    "Actual Startup Time": 915.013,
                                    "Actual Total Time": 915.015,
                                    "Actual Rows": 1,
                                    "Actual Loops": 1
                                },
                                {
                                    "Worker Number": 2,
                                    "Actual Startup Time": 915.121,
                                    "Actual Total Time": 915.123,
                                    "Actual Rows": 1,
                                    "Actual Loops": 1
                                },
                                {
                                    "Worker Number": 3,
                                    "Actual Startup Time": 915.052,
                                    "Actual Total Time": 915.055,
                                    "Actual Rows": 1,
                                    "Actual Loops": 1
                                },
                                {
                                    "Worker Number": 4,
                                    "Actual Startup Time": 915.023,
                                    "Actual Total Time": 915.026,
                                    "Actual Rows": 1,
                                    "Actual Loops": 1
                                }
                            ],
                            "Plans": [
                                {
                                    "Node Type": "Nested Loop",
                                    "Parent Relationship": "Outer",
                                    "Parallel Aware": false,
                                    "Join Type": "Inner",
                                    "Startup Cost": 103464.26,
                                    "Total Cost": 247896.08,
                                    "Plan Rows": 505328,
                                    "Plan Width": 0,
                                    "Actual Startup Time": 342.815,
                                    "Actual Total Time": 888.878,
                                    "Actual Rows": 536626,
                                    "Actual Loops": 6,
                                    "Inner Unique": false,
                                    "Join Filter": "(t.id = ci.movie_id)",
                                    "Rows Removed by Join Filter": 0,
                                    "Workers": [
                                        {
                                            "Worker Number": 0,
                                            "Actual Startup Time": 323.946,
                                            "Actual Total Time": 885.579,
                                            "Actual Rows": 583242,
                                            "Actual Loops": 1
                                        },
                                        {
                                            "Worker Number": 1,
                                            "Actual Startup Time": 324.006,
                                            "Actual Total Time": 885.817,
                                            "Actual Rows": 564174,
                                            "Actual Loops": 1
                                        },
                                        {
                                            "Worker Number": 2,
                                            "Actual Startup Time": 324.026,
                                            "Actual Total Time": 886.11,
                                            "Actual Rows": 571638,
                                            "Actual Loops": 1
                                        },
                                        {
                                            "Worker Number": 3,
                                            "Actual Startup Time": 323.863,
                                            "Actual Total Time": 888.116,
                                            "Actual Rows": 548823,
                                            "Actual Loops": 1
                                        },
                                        {
                                            "Worker Number": 4,
                                            "Actual Startup Time": 323.771,
                                            "Actual Total Time": 887.345,
                                            "Actual Rows": 555927,
                                            "Actual Loops": 1
                                        }
                                    ],
                                    "Plans": [
                                        {
                                            "Node Type": "Merge Join",
                                            "Parent Relationship": "Outer",
                                            "Parallel Aware": false,
                                            "Join Type": "Inner",
                                            "Startup Cost": 103463.7,
                                            "Total Cost": 148708.11,
                                            "Plan Rows": 35242,
                                            "Plan Width": 8,
                                            "Actual Startup Time": 342.735,
                                            "Actual Total Time": 494.966,
                                            "Actual Rows": 12708,
                                            "Actual Loops": 6,
                                            "Output": [
                                                "t.id",
                                                "mi_idx.movie_id"
                                            ],
                                            "Inner Unique": true,
                                            "Merge Cond": "(mi_idx.movie_id = t.id)",
                                            "Workers": [
                                                {
                                                    "Worker Number": 0,
                                                    "Actual Startup Time": 323.865,
                                                    "Actual Total Time": 472.009,
                                                    "Actual Rows": 14013,
                                                    "Actual Loops": 1
                                                },
                                                {
                                                    "Worker Number": 1,
                                                    "Actual Startup Time": 323.915,
                                                    "Actual Total Time": 474.571,
                                                    "Actual Rows": 13629,
                                                    "Actual Loops": 1
                                                },
                                                {
                                                    "Worker Number": 2,
                                                    "Actual Startup Time": 323.92,
                                                    "Actual Total Time": 475.692,
                                                    "Actual Rows": 13698,
                                                    "Actual Loops": 1
                                                },
                                                {
                                                    "Worker Number": 3,
                                                    "Actual Startup Time": 323.787,
                                                    "Actual Total Time": 476.059,
                                                    "Actual Rows": 12417,
                                                    "Actual Loops": 1
                                                },
                                                {
                                                    "Worker Number": 4,
                                                    "Actual Startup Time": 323.671,
                                                    "Actual Total Time": 474.531,
                                                    "Actual Rows": 13209,
                                                    "Actual Loops": 1
                                                }
                                            ],
                                            "Plans": [
                                                {
                                                    "Node Type": "Index Only Scan",
                                                    "Parent Relationship": "Outer",
                                                    "Parallel Aware": true,
                                                    "Scan Direction": "Forward",
                                                    "Index Name": "movie_id_movie_info_idx",
                                                    "Relation Name": "movie_info_idx",
                                                    "Schema": "public",
                                                    "Alias": "mi_idx",
                                                    "Startup Cost": 0.43,
                                                    "Total Cost": 42590.53,
                                                    "Plan Rows": 276007,
                                                    "Plan Width": 4,
                                                    "Actual Startup Time": 0.122,
                                                    "Actual Total Time": 64.675,
                                                    "Actual Rows": 230006,
                                                    "Actual Loops": 6,
                                                    "Output": [
                                                        "mi_idx.movie_id"
                                                    ],
                                                    "Heap Fetches": 1380035,
                                                    "Workers": [
                                                        {
                                                            "Worker Number": 0,
                                                            "Actual Startup Time": 0.139,
                                                            "Actual Total Time": 64.249,
                                                            "Actual Rows": 236782,
                                                            "Actual Loops": 1
                                                        },
                                                        {
                                                            "Worker Number": 1,
                                                            "Actual Startup Time": 0.132,
                                                            "Actual Total Time": 64.541,
                                                            "Actual Rows": 238627,
                                                            "Actual Loops": 1
                                                        },
                                                        {
                                                            "Worker Number": 2,
                                                            "Actual Startup Time": 0.141,
                                                            "Actual Total Time": 66.507,
                                                            "Actual Rows": 246842,
                                                            "Actual Loops": 1
                                                        },
                                                        {
                                                            "Worker Number": 3,
                                                            "Actual Startup Time": 0.139,
                                                            "Actual Total Time": 67.344,
                                                            "Actual Rows": 242877,
                                                            "Actual Loops": 1
                                                        },
                                                        {
                                                            "Worker Number": 4,
                                                            "Actual Startup Time": 0.147,
                                                            "Actual Total Time": 65.511,
                                                            "Actual Rows": 234065,
                                                            "Actual Loops": 1
                                                        }
                                                    ]
                                                },
                                                {
                                                    "Node Type": "Sort",
                                                    "Parent Relationship": "Inner",
                                                    "Parallel Aware": false,
                                                    "Startup Cost": 103462.64,
                                                    "Total Cost": 104269.72,
                                                    "Plan Rows": 322832,
                                                    "Plan Width": 4,
                                                    "Actual Startup Time": 342.401,
                                                    "Actual Total Time": 390.601,
                                                    "Actual Rows": 349527,
                                                    "Actual Loops": 6,
                                                    "Output": [
                                                        "t.id"
                                                    ],
                                                    "Sort Key": [
                                                        "t.id"
                                                    ],
                                                    "Sort Method": "quicksort",
                                                    "Sort Space Used": 28673,
                                                    "Sort Space Type": "Memory",
                                                    "Workers": [
                                                        {
                                                            "Worker Number": 0,
                                                            "Actual Startup Time": 323.442,
                                                            "Actual Total Time": 370.243,
                                                            "Actual Rows": 349528,
                                                            "Actual Loops": 1
                                                        },
                                                        {
                                                            "Worker Number": 1,
                                                            "Actual Startup Time": 323.525,
                                                            "Actual Total Time": 371.38,
                                                            "Actual Rows": 349527,
                                                            "Actual Loops": 1
                                                        },
                                                        {
                                                            "Worker Number": 2,
                                                            "Actual Startup Time": 323.701,
                                                            "Actual Total Time": 371.184,
                                                            "Actual Rows": 349527,
                                                            "Actual Loops": 1
                                                        },
                                                        {
                                                            "Worker Number": 3,
                                                            "Actual Startup Time": 323.204,
                                                            "Actual Total Time": 371.339,
                                                            "Actual Rows": 349527,
                                                            "Actual Loops": 1
                                                        },
                                                        {
                                                            "Worker Number": 4,
                                                            "Actual Startup Time": 323.351,
                                                            "Actual Total Time": 371.687,
                                                            "Actual Rows": 349527,
                                                            "Actual Loops": 1
                                                        }
                                                    ],
                                                    "Plans": [
                                                        {
                                                            "Node Type": "Seq Scan",
                                                            "Parent Relationship": "Outer",
                                                            "Parallel Aware": false,
                                                            "Relation Name": "title",
                                                            "Schema": "public",
                                                            "Alias": "t",
                                                            "Startup Cost": 0.0,
                                                            "Total Cost": 73922.83,
                                                            "Plan Rows": 322832,
                                                            "Plan Width": 4,
                                                            "Actual Startup Time": 0.062,
                                                            "Actual Total Time": 246.812,
                                                            "Actual Rows": 349534,
                                                            "Actual Loops": 6,
                                                            "Output": [
                                                                "t.id"
                                                            ],
                                                            "Filter": "((t.production_year > 2009) AND (t.kind_id = 7))",
                                                            "Rows Removed by Filter": 2178778,
                                                            "Workers": [
                                                                {
                                                                    "Worker Number": 0,
                                                                    "Actual Startup Time": 0.069,
                                                                    "Actual Total Time": 235.125,
                                                                    "Actual Rows": 349534,
                                                                    "Actual Loops": 1
                                                                },
                                                                {
                                                                    "Worker Number": 1,
                                                                    "Actual Startup Time": 0.071,
                                                                    "Actual Total Time": 235.023,
                                                                    "Actual Rows": 349534,
                                                                    "Actual Loops": 1
                                                                },
                                                                {
                                                                    "Worker Number": 2,
                                                                    "Actual Startup Time": 0.072,
                                                                    "Actual Total Time": 236.194,
                                                                    "Actual Rows": 349534,
                                                                    "Actual Loops": 1
                                                                },
                                                                {
                                                                    "Worker Number": 3,
                                                                    "Actual Startup Time": 0.072,
                                                                    "Actual Total Time": 237.153,
                                                                    "Actual Rows": 349534,
                                                                    "Actual Loops": 1
                                                                },
                                                                {
                                                                    "Worker Number": 4,
                                                                    "Actual Startup Time": 0.072,
                                                                    "Actual Total Time": 236.69,
                                                                    "Actual Rows": 349534,
                                                                    "Actual Loops": 1
                                                                }
                                                            ]
                                                        }
                                                    ]
                                                }
                                            ]
                                        },
                                        {
                                            "Node Type": "Index Only Scan",
                                            "Parent Relationship": "Inner",
                                            "Parallel Aware": false,
                                            "Scan Direction": "Forward",
                                            "Index Name": "movie_id_cast_info",
                                            "Relation Name": "cast_info",
                                            "Schema": "public",
                                            "Alias": "ci",
                                            "Startup Cost": 0.56,
                                            "Total Cost": 2.34,
                                            "Plan Rows": 38,
                                            "Plan Width": 4,
                                            "Actual Startup Time": 0.005,
                                            "Actual Total Time": 0.027,
                                            "Actual Rows": 42,
                                            "Actual Loops": 76248,
                                            "Output": [
                                                "ci.movie_id"
                                            ],
                                            "Index Cond": "(ci.movie_id = mi_idx.movie_id)",
                                            "Rows Removed by Index Recheck": 0,
                                            "Heap Fetches": 3219759,
                                            "Workers": [
                                                {
                                                    "Worker Number": 0,
                                                    "Actual Startup Time": 0.004,
                                                    "Actual Total Time": 0.026,
                                                    "Actual Rows": 42,
                                                    "Actual Loops": 14013
                                                },
                                                {
                                                    "Worker Number": 1,
                                                    "Actual Startup Time": 0.005,
                                                    "Actual Total Time": 0.026,
                                                    "Actual Rows": 41,
                                                    "Actual Loops": 13629
                                                },
                                                {
                                                    "Worker Number": 2,
                                                    "Actual Startup Time": 0.004,
                                                    "Actual Total Time": 0.026,
                                                    "Actual Rows": 42,
                                                    "Actual Loops": 13698
                                                },
                                                {
                                                    "Worker Number": 3,
                                                    "Actual Startup Time": 0.005,
                                                    "Actual Total Time": 0.029,
                                                    "Actual Rows": 44,
                                                    "Actual Loops": 12417
                                                },
                                                {
                                                    "Worker Number": 4,
                                                    "Actual Startup Time": 0.005,
                                                    "Actual Total Time": 0.027,
                                                    "Actual Rows": 42,
                                                    "Actual Loops": 13209
                                                }
                                            ]
                                        }
                                    ]
                                }
                            ]
                        }
                    ]
                }
            ]
        },
        "Planning Time": 296.104,
        "Triggers": [],
        "Execution Time": 963.352
    }
]