[
  {
    "Plan": {
      "Node Type": "Aggregate",
      "Strategy": "Plain",
      "Partial Mode": "Finalize",
      "Parallel Aware": false,
      "Startup Cost": 73915.7,
      "Total Cost": 73915.71,
      "Plan Rows": 1,
      "Plan Width": 8,
      "Actual Startup Time": 407.142,
      "Actual Total Time": 425.077,
      "Actual Rows": 1,
      "Actual Loops": 1,
      "Plans": [
        {
          "Node Type": "Gather",
          "Parent Relationship": "Outer",
          "Parallel Aware": false,
          "Startup Cost": 73915.38,
          "Total Cost": 73915.69,
          "Plan Rows": 3,
          "Plan Width": 8,
          "Actual Startup Time": 396.384,
          "Actual Total Time": 425.069,
          "Actual Rows": 4,
          "Actual Loops": 1,
          "Workers Planned": 3,
          "Workers Launched": 3,
          "Single Copy": false,
          "Plans": [
            {
              "Node Type": "Aggregate",
              "Strategy": "Plain",
              "Partial Mode": "Partial",
              "Parent Relationship": "Outer",
              "Parallel Aware": false,
              "Startup Cost": 72915.38,
              "Total Cost": 72915.39,
              "Plan Rows": 1,
              "Plan Width": 8,
              "Actual Startup Time": 383.904,
              "Actual Total Time": 383.908,
              "Actual Rows": 1,
              "Actual Loops": 4,
              "Plans": [
                {
                  "Node Type": "Hash Join",
                  "Parent Relationship": "Outer",
                  "Parallel Aware": true,
                  "Join Type": "Inner",
                  "Startup Cost": 53314.35,
                  "Total Cost": 72800.34,
                  "Plan Rows": 46016,
                  "Plan Width": 0,
                  "Actual Startup Time": 355.236,
                  "Actual Total Time": 382.339,
                  "Actual Rows": 34864,
                  "Actual Loops": 4,
                  "Inner Unique": true,
                  "Hash Cond": "(mc.movie_id = t.id)",
                  "Plans": [
                    {
                      "Node Type": "Bitmap Heap Scan",
                      "Parent Relationship": "Outer",
                      "Parallel Aware": true,
                      "Relation Name": "movie_companies",
                      "Alias": "mc",
                      "Startup Cost": 3093.97,
                      "Total Cost": 22459.17,
                      "Plan Rows": 46016,
                      "Plan Width": 4,
                      "Actual Startup Time": 5.848,
                      "Actual Total Time": 16.155,
                      "Actual Rows": 34864,
                      "Actual Loops": 4,
                      "Recheck Cond": "(company_id > 136631)",
                      "Rows Removed by Index Recheck": 0,
                      "Exact Heap Blocks": 1012,
                      "Lossy Heap Blocks": 0,
                      "Plans": [
                        {
                          "Node Type": "Bitmap Index Scan",
                          "Parent Relationship": "Outer",
                          "Parallel Aware": false,
                          "Index Name": "company_id_movie_companies",
                          "Startup Cost": 0.0,
                          "Total Cost": 3058.3,
                          "Plan Rows": 142650,
                          "Plan Width": 0,
                          "Actual Startup Time": 5.318,
                          "Actual Total Time": 5.319,
                          "Actual Rows": 139456,
                          "Actual Loops": 1,
                          "Index Cond": "(company_id > 136631)"
                        }
                      ]
                    },
                    {
                      "Node Type": "Hash",
                      "Parent Relationship": "Inner",
                      "Parallel Aware": true,
                      "Startup Cost": 42319.06,
                      "Total Cost": 42319.06,
                      "Plan Rows": 632106,
                      "Plan Width": 4,
                      "Actual Startup Time": 340.912,
                      "Actual Total Time": 340.912,
                      "Actual Rows": 632078,
                      "Actual Loops": 4,
                      "Hash Buckets": 4194304,
                      "Original Hash Buckets": 4194304,
                      "Hash Batches": 1,
                      "Original Hash Batches": 1,
                      "Peak Memory Usage": 131744,
                      "Plans": [
                        {
                          "Node Type": "Seq Scan",
                          "Parent Relationship": "Outer",
                          "Parallel Aware": true,
                          "Relation Name": "title",
                          "Alias": "t",
                          "Startup Cost": 0.0,
                          "Total Cost": 42319.06,
                          "Plan Rows": 632106,
                          "Plan Width": 4,
                          "Actual Startup Time": 0.046,
                          "Actual Total Time": 98.792,
                          "Actual Rows": 632078,
                          "Actual Loops": 4
                        }
                      ]
                    }
                  ]
                }
              ]
            }
          ]
        }
      ]
    },
    "Planning Time": 0.26,
    "Triggers": [],
    "Execution Time": 425.125
  }
]