[
  {
    "Plan": {
      "Node Type": "Aggregate",
      "Strategy": "Plain",
      "Partial Mode": "Finalize",
      "Parallel Aware": false,
      "Startup Cost": 45180.37,
      "Total Cost": 45180.38,
      "Plan Rows": 1,
      "Plan Width": 8,
      "Actual Startup Time": 172.628,
      "Actual Total Time": 185.749,
      "Actual Rows": 1,
      "Actual Loops": 1,
      "Plans": [
        {
          "Node Type": "Gather",
          "Parent Relationship": "Outer",
          "Parallel Aware": false,
          "Startup Cost": 45180.05,
          "Total Cost": 45180.36,
          "Plan Rows": 3,
          "Plan Width": 8,
          "Actual Startup Time": 172.48,
          "Actual Total Time": 185.735,
          "Actual Rows": 4,
          "Actual Loops": 1,
          "Workers Planned": 3,
          "Workers Launched": 3,
          "Single Copy": false,
          "Plans": [
            {
              "Node Type": "Aggregate",
              "Strategy": "Plain",
              "Partial Mode": "Partial",
              "Parent Relationship": "Outer",
              "Parallel Aware": false,
              "Startup Cost": 44180.05,
              "Total Cost": 44180.06,
              "Plan Rows": 1,
              "Plan Width": 8,
              "Actual Startup Time": 163.635,
              "Actual Total Time": 163.636,
              "Actual Rows": 1,
              "Actual Loops": 4,
              "Plans": [
                {
                  "Node Type": "Seq Scan",
                  "Parent Relationship": "Outer",
                  "Parallel Aware": true,
                  "Relation Name": "movie_keyword",
                  "Alias": "mk",
                  "Startup Cost": 0.0,
                  "Total Cost": 42695.65,
                  "Plan Rows": 593760,
                  "Plan Width": 0,
                  "Actual Startup Time": 1.15,
                  "Actual Total Time": 136.747,
                  "Actual Rows": 458970,
                  "Actual Loops": 4,
                  "Filter": "(keyword_id > 7592)",
                  "Rows Removed by Filter": 672012
                }
              ]
            }
          ]
        }
      ]
    },
    "Planning Time": 0.185,
    "Triggers": [],
    "Execution Time": 185.804
  }
]