[
  {
    "Plan": {
      "Node Type": "Aggregate",
      "Strategy": "Plain",
      "Partial Mode": "Finalize",
      "Parallel Aware": false,
      "Startup Cost": 84084.73,
      "Total Cost": 84084.74,
      "Plan Rows": 1,
      "Plan Width": 8,
      "Actual Startup Time": 452.125,
      "Actual Total Time": 463.289,
      "Actual Rows": 1,
      "Actual Loops": 1,
      "Plans": [
        {
          "Node Type": "Gather",
          "Parent Relationship": "Outer",
          "Parallel Aware": false,
          "Startup Cost": 84084.41,
          "Total Cost": 84084.72,
          "Plan Rows": 3,
          "Plan Width": 8,
          "Actual Startup Time": 443.039,
          "Actual Total Time": 463.279,
          "Actual Rows": 4,
          "Actual Loops": 1,
          "Workers Planned": 3,
          "Workers Launched": 3,
          "Single Copy": false,
          "Plans": [
            {
              "Node Type": "Aggregate",
              "Strategy": "Plain",
              "Partial Mode": "Partial",
              "Parent Relationship": "Outer",
              "Parallel Aware": false,
              "Startup Cost": 83084.41,
              "Total Cost": 83084.42,
              "Plan Rows": 1,
              "Plan Width": 8,
              "Actual Startup Time": 438.453,
              "Actual Total Time": 438.455,
              "Actual Rows": 1,
              "Actual Loops": 4,
              "Plans": [
                {
                  "Node Type": "Hash Join",
                  "Parent Relationship": "Outer",
                  "Parallel Aware": true,
                  "Join Type": "Inner",
                  "Startup Cost": 51099.56,
                  "Total Cost": 82004.41,
                  "Plan Rows": 432002,
                  "Plan Width": 0,
                  "Actual Startup Time": 237.358,
                  "Actual Total Time": 427.928,
                  "Actual Rows": 243430,
                  "Actual Loops": 4,
                  "Inner Unique": true,
                  "Hash Cond": "(mc.movie_id = t.id)",
                  "Plans": [
                    {
                      "Node Type": "Seq Scan",
                      "Parent Relationship": "Outer",
                      "Parallel Aware": true,
                      "Relation Name": "movie_companies",
                      "Alias": "mc",
                      "Startup Cost": 0.0,
                      "Total Cost": 29310.68,
                      "Plan Rows": 607303,
                      "Plan Width": 4,
                      "Actual Startup Time": 0.017,
                      "Actual Total Time": 64.599,
                      "Actual Rows": 470690,
                      "Actual Loops": 4,
                      "Filter": "(company_id < 41178)",
                      "Rows Removed by Filter": 181593
                    },
                    {
                      "Node Type": "Hash",
                      "Parent Relationship": "Inner",
                      "Parallel Aware": true,
                      "Startup Cost": 45479.21,
                      "Total Cost": 45479.21,
                      "Plan Rows": 449628,
                      "Plan Width": 4,
                      "Actual Startup Time": 234.029,
                      "Actual Total Time": 234.029,
                      "Actual Rows": 449977,
                      "Actual Loops": 4,
                      "Hash Buckets": 2097152,
                      "Original Hash Buckets": 2097152,
                      "Hash Batches": 1,
                      "Original Hash Batches": 1,
                      "Peak Memory Usage": 86880,
                      "Plans": [
                        {
                          "Node Type": "Seq Scan",
                          "Parent Relationship": "Outer",
                          "Parallel Aware": true,
                          "Relation Name": "title",
                          "Alias": "t",
                          "Startup Cost": 0.0,
                          "Total Cost": 45479.21,
                          "Plan Rows": 449628,
                          "Plan Width": 4,
                          "Actual Startup Time": 0.021,
                          "Actual Total Time": 96.365,
                          "Actual Rows": 449977,
                          "Actual Loops": 4,
                          "Filter": "((kind_id > 1) AND (production_year > 1899))",
                          "Rows Removed by Filter": 182101
                        }
                      ]
                    }
                  ]
                }
              ]
            }
          ]
        }
      ]
    },
    "Planning Time": 0.232,
    "Triggers": [],
    "Execution Time": 463.317
  }
]