[
  {
    "Plan": {
      "Node Type": "Aggregate",
      "Strategy": "Plain",
      "Partial Mode": "Finalize",
      "Parallel Aware": false,
      "Startup Cost": 211678.09,
      "Total Cost": 211678.1,
      "Plan Rows": 1,
      "Plan Width": 8,
      "Actual Startup Time": 334.81,
      "Actual Total Time": 363.957,
      "Actual Rows": 1,
      "Actual Loops": 1,
      "Plans": [
        {
          "Node Type": "Gather",
          "Parent Relationship": "Outer",
          "Parallel Aware": false,
          "Startup Cost": 211677.67,
          "Total Cost": 211678.08,
          "Plan Rows": 4,
          "Plan Width": 8,
          "Actual Startup Time": 334.369,
          "Actual Total Time": 363.946,
          "Actual Rows": 5,
          "Actual Loops": 1,
          "Workers Planned": 4,
          "Workers Launched": 4,
          "Single Copy": false,
          "Plans": [
            {
              "Node Type": "Aggregate",
              "Strategy": "Plain",
              "Partial Mode": "Partial",
              "Parent Relationship": "Outer",
              "Parallel Aware": false,
              "Startup Cost": 210677.67,
              "Total Cost": 210677.68,
              "Plan Rows": 1,
              "Plan Width": 8,
              "Actual Startup Time": 324.173,
              "Actual Total Time": 324.177,
              "Actual Rows": 1,
              "Actual Loops": 5,
              "Plans": [
                {
                  "Node Type": "Nested Loop",
                  "Parent Relationship": "Outer",
                  "Parallel Aware": false,
                  "Join Type": "Inner",
                  "Startup Cost": 120055.53,
                  "Total Cost": 210675.49,
                  "Plan Rows": 873,
                  "Plan Width": 0,
                  "Actual Startup Time": 291.912,
                  "Actual Total Time": 324.171,
                  "Actual Rows": 4,
                  "Actual Loops": 5,
                  "Inner Unique": false,
                  "Plans": [
                    {
                      "Node Type": "Hash Join",
                      "Parent Relationship": "Outer",
                      "Parallel Aware": true,
                      "Join Type": "Inner",
                      "Startup Cost": 120055.09,
                      "Total Cost": 169023.18,
                      "Plan Rows": 20925,
                      "Plan Width": 8,
                      "Actual Startup Time": 158.481,
                      "Actual Total Time": 266.145,
                      "Actual Rows": 6613,
                      "Actual Loops": 5,
                      "Inner Unique": false,
                      "Hash Cond": "(t.id = ci.movie_id)",
                      "Plans": [
                        {
                          "Node Type": "Seq Scan",
                          "Parent Relationship": "Outer",
                          "Parallel Aware": true,
                          "Relation Name": "title",
                          "Alias": "t",
                          "Startup Cost": 0.0,
                          "Total Cost": 45479.1,
                          "Plan Rows": 306412,
                          "Plan Width": 4,
                          "Actual Startup Time": 0.015,
                          "Actual Total Time": 75.47,
                          "Actual Rows": 261779,
                          "Actual Loops": 5,
                          "Filter": "((production_year > 1975) AND (kind_id = 7))",
                          "Rows Removed by Filter": 243883
                        },
                        {
                          "Node Type": "Hash",
                          "Parent Relationship": "Inner",
                          "Parallel Aware": true,
                          "Startup Cost": 119623.46,
                          "Total Cost": 119623.46,
                          "Plan Rows": 34531,
                          "Plan Width": 4,
                          "Actual Startup Time": 156.466,
                          "Actual Total Time": 156.467,
                          "Actual Rows": 10943,
                          "Actual Loops": 5,
                          "Hash Buckets": 262144,
                          "Original Hash Buckets": 262144,
                          "Hash Batches": 1,
                          "Original Hash Batches": 1,
                          "Peak Memory Usage": 4288,
                          "Plans": [
                            {
                              "Node Type": "Index Scan",
                              "Parent Relationship": "Outer",
                              "Parallel Aware": true,
                              "Scan Direction": "Forward",
                              "Index Name": "role_id_cast_info",
                              "Relation Name": "cast_info",
                              "Alias": "ci",
                              "Startup Cost": 0.56,
                              "Total Cost": 119623.46,
                              "Plan Rows": 34531,
                              "Plan Width": 4,
                              "Actual Startup Time": 0.235,
                              "Actual Total Time": 150.56,
                              "Actual Rows": 10943,
                              "Actual Loops": 5,
                              "Index Cond": "(role_id = 10)",
                              "Rows Removed by Index Recheck": 0,
                              "Filter": "(person_id < 147479)",
                              "Rows Removed by Filter": 853660
                            }
                          ]
                        }
                      ]
                    },
                    {
                      "Node Type": "Index Scan",
                      "Parent Relationship": "Inner",
                      "Parallel Aware": false,
                      "Scan Direction": "Forward",
                      "Index Name": "movie_id_movie_info",
                      "Relation Name": "movie_info",
                      "Alias": "mi",
                      "Startup Cost": 0.43,
                      "Total Cost": 1.98,
                      "Plan Rows": 1,
                      "Plan Width": 4,
                      "Actual Startup Time": 0.008,
                      "Actual Total Time": 0.008,
                      "Actual Rows": 0,
                      "Actual Loops": 33063,
                      "Index Cond": "(movie_id = t.id)",
                      "Rows Removed by Index Recheck": 0,
                      "Filter": "(info_type_id = 106)",
                      "Rows Removed by Filter": 6
                    }
                  ]
                }
              ]
            }
          ]
        }
      ]
    },
    "Planning Time": 1.403,
    "Triggers": [],
    "Execution Time": 364.055
  }
]