{
  "Plan": {
    "Node Type": "Aggregate",
    "Strategy": "Plain",
    "Partial Mode": "Simple",
    "Parallel Aware": false,
    "Startup Cost": 17423.03,
    "Total Cost": 17423.04,
    "Plan Rows": 1,
    "Plan Width": 96,
    "Actual Startup Time": 675.56,
    "Actual Total Time": 675.57,
    "Actual Rows": 1,
    "Actual Loops": 1,
    "Plans": [
      {
        "Node Type": "Nested Loop",
        "Parent Relationship": "Outer",
        "Parallel Aware": false,
        "Join Type": "Inner",
        "Startup Cost": 14826.61,
        "Total Cost": 17423.02,
        "Plan Rows": 1,
        "Plan Width": 39,
        "Actual Startup Time": 148.886,
        "Actual Total Time": 674.404,
        "Actual Rows": 5400,
        "Actual Loops": 1,
        "Inner Unique": true,
        "Plans": [
          {
            "Node Type": "Nested Loop",
            "Parent Relationship": "Outer",
            "Parallel Aware": false,
            "Join Type": "Inner",
            "Startup Cost": 14826.18,
            "Total Cost": 17422.56,
            "Plan Rows": 1,
            "Plan Width": 43,
            "Actual Startup Time": 148.871,
            "Actual Total Time": 647.598,
            "Actual Rows": 5400,
            "Actual Loops": 1,
            "Inner Unique": true,
            "Plans": [
              {
                "Node Type": "Nested Loop",
                "Parent Relationship": "Outer",
                "Parallel Aware": false,
                "Join Type": "Inner",
                "Startup Cost": 14825.75,
                "Total Cost": 17416.16,
                "Plan Rows": 14,
                "Plan Width": 31,
                "Actual Startup Time": 147.615,
                "Actual Total Time": 387.372,
                "Actual Rows": 189738,
                "Actual Loops": 1,
                "Inner Unique": false,
                "Join Filter": "(t.id = ci.movie_id)",
                "Rows Removed by Join Filter": 0,
                "Plans": [
                  {
                    "Node Type": "Nested Loop",
                    "Parent Relationship": "Outer",
                    "Parallel Aware": false,
                    "Join Type": "Inner",
                    "Startup Cost": 14825.19,
                    "Total Cost": 17414.14,
                    "Plan Rows": 1,
                    "Plan Width": 39,
                    "Actual Startup Time": 147.597,
                    "Actual Total Time": 186.642,
                    "Actual Rows": 1261,
                    "Actual Loops": 1,
                    "Inner Unique": true,
                    "Plans": [
                      {
                        "Node Type": "Nested Loop",
                        "Parent Relationship": "Outer",
                        "Parallel Aware": false,
                        "Join Type": "Inner",
                        "Startup Cost": 14825.04,
                        "Total Cost": 17413.96,
                        "Plan Rows": 1,
                        "Plan Width": 43,
                        "Actual Startup Time": 147.586,
                        "Actual Total Time": 182.967,
                        "Actual Rows": 3831,
                        "Actual Loops": 1,
                        "Inner Unique": false,
                        "Join Filter": "(t.id = mi_idx.movie_id)",
                        "Rows Removed by Join Filter": 0,
                        "Plans": [
                          {
                            "Node Type": "Nested Loop",
                            "Parent Relationship": "Outer",
                            "Parallel Aware": false,
                            "Join Type": "Inner",
                            "Startup Cost": 14824.62,
                            "Total Cost": 17413.43,
                            "Plan Rows": 1,
                            "Plan Width": 29,
                            "Actual Startup Time": 147.574,
                            "Actual Total Time": 176.903,
                            "Actual Rows": 1267,
                            "Actual Loops": 1,
                            "Inner Unique": true,
                            "Plans": [
                              {
                                "Node Type": "Nested Loop",
                                "Parent Relationship": "Outer",
                                "Parallel Aware": false,
                                "Join Type": "Inner",
                                "Startup Cost": 14824.49,
                                "Total Cost": 17413.26,
                                "Plan Rows": 1,
                                "Plan Width": 33,
                                "Actual Startup Time": 147.568,
                                "Actual Total Time": 175.281,
                                "Actual Rows": 1485,
                                "Actual Loops": 1,
                                "Inner Unique": true,
                                "Plans": [
                                  {
                                    "Node Type": "Hash Join",
                                    "Parent Relationship": "Outer",
                                    "Parallel Aware": false,
                                    "Join Type": "Inner",
                                    "Startup Cost": 14824.35,
                                    "Total Cost": 17412.93,
                                    "Plan Rows": 2,
                                    "Plan Width": 37,
                                    "Actual Startup Time": 147.558,
                                    "Actual Total Time": 172.787,
                                    "Actual Rows": 2052,
                                    "Actual Loops": 1,
                                    "Inner Unique": true,
                                    "Hash Cond": "(cc.status_id = cct2.id)",
                                    "Plans": [
                                      {
                                        "Node Type": "Hash Join",
                                        "Parent Relationship": "Outer",
                                        "Parallel Aware": false,
                                        "Join Type": "Inner",
                                        "Startup Cost": 14823.29,
                                        "Total Cost": 17411.82,
                                        "Plan Rows": 10,
                                        "Plan Width": 41,
                                        "Actual Startup Time": 147.516,
                                        "Actual Total Time": 172.248,
                                        "Actual Rows": 2052,
                                        "Actual Loops": 1,
                                        "Inner Unique": false,
                                        "Hash Cond": "(cc.movie_id = t.id)",
                                        "Plans": [
                                          {
                                            "Node Type": "Seq Scan",
                                            "Parent Relationship": "Outer",
                                            "Parallel Aware": false,
                                            "Relation Name": "complete_cast",
                                            "Alias": "cc",
                                            "Startup Cost": 0.0,
                                            "Total Cost": 2081.86,
                                            "Plan Rows": 135086,
                                            "Plan Width": 12,
                                            "Actual Startup Time": 0.018,
                                            "Actual Total Time": 8.733,
                                            "Actual Rows": 135086,
                                            "Actual Loops": 1
                                          },
                                          {
                                            "Node Type": "Hash",
                                            "Parent Relationship": "Inner",
                                            "Parallel Aware": false,
                                            "Startup Cost": 14820.98,
                                            "Total Cost": 14820.98,
                                            "Plan Rows": 185,
                                            "Plan Width": 29,
                                            "Actual Startup Time": 147.483,
                                            "Actual Total Time": 147.487,
                                            "Actual Rows": 10613,
                                            "Actual Loops": 1,
                                            "Hash Buckets": 16384,
                                            "Original Hash Buckets": 1024,
                                            "Hash Batches": 1,
                                            "Original Hash Batches": 1,
                                            "Peak Memory Usage": 806,
                                            "Plans": [
                                              {
                                                "Node Type": "Nested Loop",
                                                "Parent Relationship": "Outer",
                                                "Parallel Aware": false,
                                                "Join Type": "Inner",
                                                "Startup Cost": 11.21,
                                                "Total Cost": 14820.98,
                                                "Plan Rows": 185,
                                                "Plan Width": 29,
                                                "Actual Startup Time": 1.552,
                                                "Actual Total Time": 144.275,
                                                "Actual Rows": 10613,
                                                "Actual Loops": 1,
                                                "Inner Unique": true,
                                                "Plans": [
                                                  {
                                                    "Node Type": "Nested Loop",
                                                    "Parent Relationship": "Outer",
                                                    "Parallel Aware": false,
                                                    "Join Type": "Inner",
                                                    "Startup Cost": 10.78,
                                                    "Total Cost": 14655.92,
                                                    "Plan Rows": 337,
                                                    "Plan Width": 4,
                                                    "Actual Startup Time": 1.528,
                                                    "Actual Total Time": 65.076,
                                                    "Actual Rows": 24091,
                                                    "Actual Loops": 1,
                                                    "Inner Unique": false,
                                                    "Plans": [
                                                      {
                                                        "Node Type": "Seq Scan",
                                                        "Parent Relationship": "Outer",
                                                        "Parallel Aware": false,
                                                        "Relation Name": "keyword",
                                                        "Alias": "k",
                                                        "Startup Cost": 0.0,
                                                        "Total Cost": 3967.82,
                                                        "Plan Rows": 10,
                                                        "Plan Width": 4,
                                                        "Actual Startup Time": 0.362,
                                                        "Actual Total Time": 25.426,
                                                        "Actual Rows": 10,
                                                        "Actual Loops": 1,
                                                        "Filter": "(keyword = ANY ('{superhero,marvel-comics,based-on-comic,tv-special,fight,violence,magnet,web,claw,laser}'::text[]))",
                                                        "Rows Removed by Filter": 134160
                                                      },
                                                      {
                                                        "Node Type": "Bitmap Heap Scan",
                                                        "Parent Relationship": "Inner",
                                                        "Parallel Aware": false,
                                                        "Relation Name": "movie_keyword",
                                                        "Alias": "mk",
                                                        "Startup Cost": 10.78,
                                                        "Total Cost": 1065.78,
                                                        "Plan Rows": 303,
                                                        "Plan Width": 8,
                                                        "Actual Startup Time": 0.527,
                                                        "Actual Total Time": 3.697,
                                                        "Actual Rows": 2409,
                                                        "Actual Loops": 10,
                                                        "Recheck Cond": "(keyword_id = k.id)",
                                                        "Rows Removed by Index Recheck": 0,
                                                        "Exact Heap Blocks": 17127,
                                                        "Lossy Heap Blocks": 0,
                                                        "Plans": [
                                                          {
                                                            "Node Type": "Bitmap Index Scan",
                                                            "Parent Relationship": "Outer",
                                                            "Parallel Aware": false,
                                                            "Index Name": "keyword_id_movie_keyword",
                                                            "Startup Cost": 0.0,
                                                            "Total Cost": 10.71,
                                                            "Plan Rows": 303,
                                                            "Plan Width": 0,
                                                            "Actual Startup Time": 0.294,
                                                            "Actual Total Time": 0.294,
                                                            "Actual Rows": 2409,
                                                            "Actual Loops": 10,
                                                            "Index Cond": "(keyword_id = k.id)"
                                                          }
                                                        ]
                                                      }
                                                    ]
                                                  },
                                                  {
                                                    "Node Type": "Index Scan",
                                                    "Parent Relationship": "Inner",
                                                    "Parallel Aware": false,
                                                    "Scan Direction": "Forward",
                                                    "Index Name": "title_pkey",
                                                    "Relation Name": "title",
                                                    "Alias": "t",
                                                    "Startup Cost": 0.43,
                                                    "Total Cost": 0.49,
                                                    "Plan Rows": 1,
                                                    "Plan Width": 25,
                                                    "Actual Startup Time": 0.003,
                                                    "Actual Total Time": 0.003,
                                                    "Actual Rows": 0,
                                                    "Actual Loops": 24091,
                                                    "Index Cond": "(id = mk.movie_id)",
                                                    "Rows Removed by Index Recheck": 0,
                                                    "Filter": "(production_year > 2000)",
                                                    "Rows Removed by Filter": 1
                                                  }
                                                ]
                                              }
                                            ]
                                          }
                                        ]
                                      },
                                      {
                                        "Node Type": "Hash",
                                        "Parent Relationship": "Inner",
                                        "Parallel Aware": false,
                                        "Startup Cost": 1.05,
                                        "Total Cost": 1.05,
                                        "Plan Rows": 1,
                                        "Plan Width": 4,
                                        "Actual Startup Time": 0.031,
                                        "Actual Total Time": 0.032,
                                        "Actual Rows": 2,
                                        "Actual Loops": 1,
                                        "Hash Buckets": 1024,
                                        "Original Hash Buckets": 1024,
                                        "Hash Batches": 1,
                                        "Original Hash Batches": 1,
                                        "Peak Memory Usage": 9,
                                        "Plans": [
                                          {
                                            "Node Type": "Seq Scan",
                                            "Parent Relationship": "Outer",
                                            "Parallel Aware": false,
                                            "Relation Name": "comp_cast_type",
                                            "Alias": "cct2",
                                            "Startup Cost": 0.0,
                                            "Total Cost": 1.05,
                                            "Plan Rows": 1,
                                            "Plan Width": 4,
                                            "Actual Startup Time": 0.022,
                                            "Actual Total Time": 0.025,
                                            "Actual Rows": 2,
                                            "Actual Loops": 1,
                                            "Filter": "((kind)::text ~~ '%complete%'::text)",
                                            "Rows Removed by Filter": 2
                                          }
                                        ]
                                      }
                                    ]
                                  },
                                  {
                                    "Node Type": "Index Scan",
                                    "Parent Relationship": "Inner",
                                    "Parallel Aware": false,
                                    "Scan Direction": "Forward",
                                    "Index Name": "kind_type_pkey",
                                    "Relation Name": "kind_type",
                                    "Alias": "kt",
                                    "Startup Cost": 0.13,
                                    "Total Cost": 0.15,
                                    "Plan Rows": 1,
                                    "Plan Width": 4,
                                    "Actual Startup Time": 0.001,
                                    "Actual Total Time": 0.001,
                                    "Actual Rows": 1,
                                    "Actual Loops": 2052,
                                    "Index Cond": "(id = t.kind_id)",
                                    "Rows Removed by Index Recheck": 0,
                                    "Filter": "((kind)::text = 'movie'::text)",
                                    "Rows Removed by Filter": 0
                                  }
                                ]
                              },
                              {
                                "Node Type": "Index Scan",
                                "Parent Relationship": "Inner",
                                "Parallel Aware": false,
                                "Scan Direction": "Forward",
                                "Index Name": "comp_cast_type_pkey",
                                "Relation Name": "comp_cast_type",
                                "Alias": "cct1",
                                "Startup Cost": 0.13,
                                "Total Cost": 0.15,
                                "Plan Rows": 1,
                                "Plan Width": 4,
                                "Actual Startup Time": 0.001,
                                "Actual Total Time": 0.001,
                                "Actual Rows": 1,
                                "Actual Loops": 1485,
                                "Index Cond": "(id = cc.subject_id)",
                                "Rows Removed by Index Recheck": 0,
                                "Filter": "((kind)::text = 'cast'::text)",
                                "Rows Removed by Filter": 0
                              }
                            ]
                          },
                          {
                            "Node Type": "Index Scan",
                            "Parent Relationship": "Inner",
                            "Parallel Aware": false,
                            "Scan Direction": "Forward",
                            "Index Name": "movie_id_movie_info_idx",
                            "Relation Name": "movie_info_idx",
                            "Alias": "mi_idx",
                            "Startup Cost": 0.43,
                            "Total Cost": 0.49,
                            "Plan Rows": 3,
                            "Plan Width": 14,
                            "Actual Startup Time": 0.004,
                            "Actual Total Time": 0.004,
                            "Actual Rows": 3,
                            "Actual Loops": 1267,
                            "Index Cond": "(movie_id = mk.movie_id)",
                            "Rows Removed by Index Recheck": 0
                          }
                        ]
                      },
                      {
                        "Node Type": "Index Scan",
                        "Parent Relationship": "Inner",
                        "Parallel Aware": false,
                        "Scan Direction": "Forward",
                        "Index Name": "info_type_pkey",
                        "Relation Name": "info_type",
                        "Alias": "it2",
                        "Startup Cost": 0.14,
                        "Total Cost": 0.16,
                        "Plan Rows": 1,
                        "Plan Width": 4,
                        "Actual Startup Time": 0.001,
                        "Actual Total Time": 0.001,
                        "Actual Rows": 0,
                        "Actual Loops": 3831,
                        "Index Cond": "(id = mi_idx.info_type_id)",
                        "Rows Removed by Index Recheck": 0,
                        "Filter": "((info)::text = 'rating'::text)",
                        "Rows Removed by Filter": 1
                      }
                    ]
                  },
                  {
                    "Node Type": "Index Scan",
                    "Parent Relationship": "Inner",
                    "Parallel Aware": false,
                    "Scan Direction": "Forward",
                    "Index Name": "movie_id_cast_info",
                    "Relation Name": "cast_info",
                    "Alias": "ci",
                    "Startup Cost": 0.56,
                    "Total Cost": 1.55,
                    "Plan Rows": 37,
                    "Plan Width": 12,
                    "Actual Startup Time": 0.007,
                    "Actual Total Time": 0.141,
                    "Actual Rows": 150,
                    "Actual Loops": 1261,
                    "Index Cond": "(movie_id = mk.movie_id)",
                    "Rows Removed by Index Recheck": 0
                  }
                ]
              },
              {
                "Node Type": "Index Scan",
                "Parent Relationship": "Inner",
                "Parallel Aware": false,
                "Scan Direction": "Forward",
                "Index Name": "char_name_pkey",
                "Relation Name": "char_name",
                "Alias": "chn",
                "Startup Cost": 0.43,
                "Total Cost": 0.46,
                "Plan Rows": 1,
                "Plan Width": 20,
                "Actual Startup Time": 0.001,
                "Actual Total Time": 0.001,
                "Actual Rows": 0,
                "Actual Loops": 189738,
                "Index Cond": "(id = ci.person_role_id)",
                "Rows Removed by Index Recheck": 0,
                "Filter": "((name IS NOT NULL) AND ((name ~~ '%man%'::text) OR (name ~~ '%Man%'::text)))",
                "Rows Removed by Filter": 0
              }
            ]
          },
          {
            "Node Type": "Index Only Scan",
            "Parent Relationship": "Inner",
            "Parallel Aware": false,
            "Scan Direction": "Forward",
            "Index Name": "name_pkey",
            "Relation Name": "name",
            "Alias": "n",
            "Startup Cost": 0.43,
            "Total Cost": 0.46,
            "Plan Rows": 1,
            "Plan Width": 4,
            "Actual Startup Time": 0.005,
            "Actual Total Time": 0.005,
            "Actual Rows": 1,
            "Actual Loops": 5400,
            "Index Cond": "(id = ci.person_id)",
            "Rows Removed by Index Recheck": 0,
            "Heap Fetches": 5400
          }
        ]
      }
    ]
  },
  "Planning Time": 2.952,
  "Triggers": [],
  "Execution Time": 675.767
}