[
    {
        "Bao": {
            "Bao prediction": 657.898,
            "Bao recommended hint": "(no hint)"
        }
    },
    {
        "Plan": {
            "Node Type": "Aggregate",
            "Strategy": "Plain",
            "Partial Mode": "Finalize",
            "Parallel Aware": false,
            "Startup Cost": 35253.49,
            "Total Cost": 35253.5,
            "Plan Rows": 1,
            "Plan Width": 8,
            "Actual Startup Time": 121.625,
            "Actual Total Time": 130.518,
            "Actual Rows": 1,
            "Actual Loops": 1,
            "Output": [
                "count(*)"
            ],
            "Plans": [
                {
                    "Node Type": "Gather",
                    "Parent Relationship": "Outer",
                    "Parallel Aware": false,
                    "Startup Cost": 35253.17,
                    "Total Cost": 35253.48,
                    "Plan Rows": 3,
                    "Plan Width": 8,
                    "Actual Startup Time": 121.373,
                    "Actual Total Time": 130.51,
                    "Actual Rows": 4,
                    "Actual Loops": 1,
                    "Output": [
                        "(PARTIAL count(*))"
                    ],
                    "Workers Planned": 3,
                    "Workers Launched": 3,
                    "Single Copy": false,
                    "Plans": [
                        {
                            "Node Type": "Aggregate",
                            "Strategy": "Plain",
                            "Partial Mode": "Partial",
                            "Parent Relationship": "Outer",
                            "Parallel Aware": false,
                            "Startup Cost": 34253.17,
                            "Total Cost": 34253.18,
                            "Plan Rows": 1,
                            "Plan Width": 8,
                            "Actual Startup Time": 113.052,
                            "Actual Total Time": 113.053,
                            "Actual Rows": 1,
                            "Actual Loops": 4,
                            "Output": [
                                "PARTIAL count(*)"
                            ],
                            "Workers": [
                                {
                                    "Worker Number": 0,
                                    "Actual Startup Time": 109.72,
                                    "Actual Total Time": 109.722,
                                    "Actual Rows": 1,
                                    "Actual Loops": 1
                                },
                                {
                                    "Worker Number": 1,
                                    "Actual Startup Time": 110.664,
                                    "Actual Total Time": 110.665,
                                    "Actual Rows": 1,
                                    "Actual Loops": 1
                                },
                                {
                                    "Worker Number": 2,
                                    "Actual Startup Time": 110.996,
                                    "Actual Total Time": 110.998,
                                    "Actual Rows": 1,
                                    "Actual Loops": 1
                                }
                            ],
                            "Plans": [
                                {
                                    "Node Type": "Bitmap Heap Scan",
                                    "Parent Relationship": "Outer",
                                    "Parallel Aware": true,
                                    "Relation Name": "movie_keyword",
                                    "Schema": "public",
                                    "Alias": "mk",
                                    "Startup Cost": 7979.28,
                                    "Total Cost": 33949.86,
                                    "Plan Rows": 121326,
                                    "Plan Width": 0,
                                    "Actual Startup Time": 41.984,
                                    "Actual Total Time": 107.034,
                                    "Actual Rows": 93209,
                                    "Actual Loops": 4,
                                    "Recheck Cond": "(mk.keyword_id > 45428)",
                                    "Rows Removed by Index Recheck": 0,
                                    "Exact Heap Blocks": 11419,
                                    "Lossy Heap Blocks": 0,
                                    "Workers": [
                                        {
                                            "Worker Number": 0,
                                            "Actual Startup Time": 38.757,
                                            "Actual Total Time": 104.28,
                                            "Actual Rows": 57154,
                                            "Actual Loops": 1
                                        },
                                        {
                                            "Worker Number": 1,
                                            "Actual Startup Time": 39.673,
                                            "Actual Total Time": 105.116,
                                            "Actual Rows": 58491,
                                            "Actual Loops": 1
                                        },
                                        {
                                            "Worker Number": 2,
                                            "Actual Startup Time": 40.029,
                                            "Actual Total Time": 106.213,
                                            "Actual Rows": 67366,
                                            "Actual Loops": 1
                                        }
                                    ],
                                    "Plans": [
                                        {
                                            "Node Type": "Bitmap Index Scan",
                                            "Parent Relationship": "Outer",
                                            "Parallel Aware": false,
                                            "Index Name": "keyword_id_movie_keyword",
                                            "Startup Cost": 0.0,
                                            "Total Cost": 7885.26,
                                            "Plan Rows": 376110,
                                            "Plan Width": 0,
                                            "Actual Startup Time": 45.933,
                                            "Actual Total Time": 45.933,
                                            "Actual Rows": 372835,
                                            "Actual Loops": 1,
                                            "Index Cond": "(mk.keyword_id > 45428)"
                                        }
                                    ]
                                }
                            ]
                        }
                    ]
                }
            ]
        },
        "Planning Time": 794.075,
        "Triggers": [],
        "Execution Time": 130.623
    }
]