[
  {
    "Plan": {
      "Node Type": "Aggregate",
      "Strategy": "Plain",
      "Partial Mode": "Finalize",
      "Parallel Aware": false,
      "Startup Cost": 276604.0,
      "Total Cost": 276604.01,
      "Plan Rows": 1,
      "Plan Width": 8,
      "Actual Startup Time": 491.562,
      "Actual Total Time": 519.135,
      "Actual Rows": 1,
      "Actual Loops": 1,
      "Plans": [
        {
          "Node Type": "Gather",
          "Parent Relationship": "Outer",
          "Parallel Aware": false,
          "Startup Cost": 276603.38,
          "Total Cost": 276603.99,
          "Plan Rows": 6,
          "Plan Width": 8,
          "Actual Startup Time": 487.892,
          "Actual Total Time": 519.122,
          "Actual Rows": 7,
          "Actual Loops": 1,
          "Workers Planned": 6,
          "Workers Launched": 6,
          "Single Copy": false,
          "Plans": [
            {
              "Node Type": "Aggregate",
              "Strategy": "Plain",
              "Partial Mode": "Partial",
              "Parent Relationship": "Outer",
              "Parallel Aware": false,
              "Startup Cost": 275603.38,
              "Total Cost": 275603.39,
              "Plan Rows": 1,
              "Plan Width": 8,
              "Actual Startup Time": 479.08,
              "Actual Total Time": 479.084,
              "Actual Rows": 1,
              "Actual Loops": 7,
              "Plans": [
                {
                  "Node Type": "Hash Join",
                  "Parent Relationship": "Outer",
                  "Parallel Aware": true,
                  "Join Type": "Inner",
                  "Startup Cost": 47128.51,
                  "Total Cost": 275526.38,
                  "Plan Rows": 30797,
                  "Plan Width": 0,
                  "Actual Startup Time": 114.581,
                  "Actual Total Time": 473.35,
                  "Actual Rows": 117841,
                  "Actual Loops": 7,
                  "Inner Unique": true,
                  "Hash Cond": "(ci.movie_id = t.id)",
                  "Plans": [
                    {
                      "Node Type": "Index Scan",
                      "Parent Relationship": "Outer",
                      "Parallel Aware": true,
                      "Scan Direction": "Forward",
                      "Index Name": "role_id_cast_info",
                      "Relation Name": "cast_info",
                      "Alias": "ci",
                      "Startup Cost": 0.56,
                      "Total Cost": 228010.93,
                      "Plan Rows": 147623,
                      "Plan Width": 4,
                      "Actual Startup Time": 15.011,
                      "Actual Total Time": 248.345,
                      "Actual Rows": 537583,
                      "Actual Loops": 7,
                      "Index Cond": "(role_id > 5)",
                      "Rows Removed by Index Recheck": 0,
                      "Filter": "(person_id > 3374333)",
                      "Rows Removed by Filter": 674747
                    },
                    {
                      "Node Type": "Hash",
                      "Parent Relationship": "Inner",
                      "Parallel Aware": true,
                      "Startup Cost": 45479.59,
                      "Total Cost": 45479.59,
                      "Plan Rows": 131869,
                      "Plan Width": 4,
                      "Actual Startup Time": 97.455,
                      "Actual Total Time": 97.457,
                      "Actual Rows": 57676,
                      "Actual Loops": 7,
                      "Hash Buckets": 1048576,
                      "Original Hash Buckets": 1048576,
                      "Hash Batches": 1,
                      "Original Hash Batches": 1,
                      "Peak Memory Usage": 24096,
                      "Plans": [
                        {
                          "Node Type": "Seq Scan",
                          "Parent Relationship": "Outer",
                          "Parallel Aware": true,
                          "Relation Name": "title",
                          "Alias": "t",
                          "Startup Cost": 0.0,
                          "Total Cost": 45479.59,
                          "Plan Rows": 131869,
                          "Plan Width": 4,
                          "Actual Startup Time": 37.279,
                          "Actual Total Time": 72.114,
                          "Actual Rows": 57676,
                          "Actual Loops": 7,
                          "Filter": "((production_year > 1975) AND (kind_id = 1))",
                          "Rows Removed by Filter": 303512
                        }
                      ]
                    }
                  ]
                }
              ]
            }
          ]
        }
      ]
    },
    "Planning Time": 0.226,
    "Triggers": [],
    "Execution Time": 519.18
  }
]