[
  {
    "Plan": {
      "Node Type": "Aggregate",
      "Strategy": "Plain",
      "Partial Mode": "Finalize",
      "Parallel Aware": false,
      "Startup Cost": 121258.0,
      "Total Cost": 121258.01,
      "Plan Rows": 1,
      "Plan Width": 8,
      "Actual Startup Time": 650.707,
      "Actual Total Time": 669.718,
      "Actual Rows": 1,
      "Actual Loops": 1,
      "Plans": [
        {
          "Node Type": "Gather",
          "Parent Relationship": "Outer",
          "Parallel Aware": false,
          "Startup Cost": 121257.68,
          "Total Cost": 121257.99,
          "Plan Rows": 3,
          "Plan Width": 8,
          "Actual Startup Time": 640.871,
          "Actual Total Time": 669.706,
          "Actual Rows": 4,
          "Actual Loops": 1,
          "Workers Planned": 3,
          "Workers Launched": 3,
          "Single Copy": false,
          "Plans": [
            {
              "Node Type": "Aggregate",
              "Strategy": "Plain",
              "Partial Mode": "Partial",
              "Parent Relationship": "Outer",
              "Parallel Aware": false,
              "Startup Cost": 120257.68,
              "Total Cost": 120257.69,
              "Plan Rows": 1,
              "Plan Width": 8,
              "Actual Startup Time": 629.925,
              "Actual Total Time": 629.931,
              "Actual Rows": 1,
              "Actual Loops": 4,
              "Plans": [
                {
                  "Node Type": "Hash Join",
                  "Parent Relationship": "Outer",
                  "Parallel Aware": true,
                  "Join Type": "Inner",
                  "Startup Cost": 73871.36,
                  "Total Cost": 120116.54,
                  "Plan Rows": 56456,
                  "Plan Width": 0,
                  "Actual Startup Time": 493.29,
                  "Actual Total Time": 621.302,
                  "Actual Rows": 193287,
                  "Actual Loops": 4,
                  "Inner Unique": false,
                  "Hash Cond": "(mk.movie_id = t.id)",
                  "Plans": [
                    {
                      "Node Type": "Seq Scan",
                      "Parent Relationship": "Outer",
                      "Parallel Aware": true,
                      "Relation Name": "movie_keyword",
                      "Alias": "mk",
                      "Startup Cost": 0.0,
                      "Total Cost": 42695.65,
                      "Plan Rows": 897974,
                      "Plan Width": 4,
                      "Actual Startup Time": 0.195,
                      "Actual Total Time": 114.253,
                      "Actual Rows": 695457,
                      "Actual Loops": 4,
                      "Filter": "(keyword_id > 2847)",
                      "Rows Removed by Filter": 435526
                    },
                    {
                      "Node Type": "Hash",
                      "Parent Relationship": "Inner",
                      "Parallel Aware": true,
                      "Startup Cost": 73230.37,
                      "Total Cost": 73230.37,
                      "Plan Rows": 51279,
                      "Plan Width": 8,
                      "Actual Startup Time": 433.889,
                      "Actual Total Time": 433.894,
                      "Actual Rows": 38732,
                      "Actual Loops": 4,
                      "Hash Buckets": 262144,
                      "Original Hash Buckets": 262144,
                      "Hash Batches": 1,
                      "Original Hash Batches": 1,
                      "Peak Memory Usage": 8192,
                      "Plans": [
                        {
                          "Node Type": "Hash Join",
                          "Parent Relationship": "Outer",
                          "Parallel Aware": true,
                          "Join Type": "Inner",
                          "Startup Cost": 53664.78,
                          "Total Cost": 73230.37,
                          "Plan Rows": 51279,
                          "Plan Width": 8,
                          "Actual Startup Time": 387.748,
                          "Actual Total Time": 419.7,
                          "Actual Rows": 38732,
                          "Actual Loops": 4,
                          "Inner Unique": true,
                          "Hash Cond": "(mc.movie_id = t.id)",
                          "Plans": [
                            {
                              "Node Type": "Bitmap Heap Scan",
                              "Parent Relationship": "Outer",
                              "Parallel Aware": true,
                              "Relation Name": "movie_companies",
                              "Alias": "mc",
                              "Startup Cost": 3444.4,
                              "Total Cost": 22875.38,
                              "Plan Rows": 51279,
                              "Plan Width": 4,
                              "Actual Startup Time": 10.897,
                              "Actual Total Time": 22.558,
                              "Actual Rows": 38732,
                              "Actual Loops": 4,
                              "Recheck Cond": "(company_id > 129956)",
                              "Rows Removed by Index Recheck": 0,
                              "Exact Heap Blocks": 1088,
                              "Lossy Heap Blocks": 0,
                              "Plans": [
                                {
                                  "Node Type": "Bitmap Index Scan",
                                  "Parent Relationship": "Outer",
                                  "Parallel Aware": false,
                                  "Index Name": "company_id_movie_companies",
                                  "Startup Cost": 0.0,
                                  "Total Cost": 3404.66,
                                  "Plan Rows": 158964,
                                  "Plan Width": 0,
                                  "Actual Startup Time": 10.009,
                                  "Actual Total Time": 10.01,
                                  "Actual Rows": 154929,
                                  "Actual Loops": 1,
                                  "Index Cond": "(company_id > 129956)"
                                }
                              ]
                            },
                            {
                              "Node Type": "Hash",
                              "Parent Relationship": "Inner",
                              "Parallel Aware": true,
                              "Startup Cost": 42319.06,
                              "Total Cost": 42319.06,
                              "Plan Rows": 632106,
                              "Plan Width": 4,
                              "Actual Startup Time": 367.019,
                              "Actual Total Time": 367.02,
                              "Actual Rows": 632078,
                              "Actual Loops": 4,
                              "Hash Buckets": 4194304,
                              "Original Hash Buckets": 4194304,
                              "Hash Batches": 1,
                              "Original Hash Batches": 1,
                              "Peak Memory Usage": 131744,
                              "Plans": [
                                {
                                  "Node Type": "Seq Scan",
                                  "Parent Relationship": "Outer",
                                  "Parallel Aware": true,
                                  "Relation Name": "title",
                                  "Alias": "t",
                                  "Startup Cost": 0.0,
                                  "Total Cost": 42319.06,
                                  "Plan Rows": 632106,
                                  "Plan Width": 4,
                                  "Actual Startup Time": 0.044,
                                  "Actual Total Time": 103.652,
                                  "Actual Rows": 632078,
                                  "Actual Loops": 4
                                }
                              ]
                            }
                          ]
                        }
                      ]
                    }
                  ]
                }
              ]
            }
          ]
        }
      ]
    },
    "Planning Time": 1.404,
    "Triggers": [],
    "Execution Time": 669.814
  }
]