[
  {
    "Plan": {
      "Node Type": "Aggregate",
      "Strategy": "Plain",
      "Partial Mode": "Finalize",
      "Parallel Aware": false,
      "Startup Cost": 40936.19,
      "Total Cost": 40936.2,
      "Plan Rows": 1,
      "Plan Width": 8,
      "Actual Startup Time": 131.967,
      "Actual Total Time": 138.399,
      "Actual Rows": 1,
      "Actual Loops": 1,
      "Plans": [
        {
          "Node Type": "Gather",
          "Parent Relationship": "Outer",
          "Parallel Aware": false,
          "Startup Cost": 40935.88,
          "Total Cost": 40936.19,
          "Plan Rows": 3,
          "Plan Width": 8,
          "Actual Startup Time": 131.759,
          "Actual Total Time": 138.39,
          "Actual Rows": 4,
          "Actual Loops": 1,
          "Workers Planned": 3,
          "Workers Launched": 3,
          "Single Copy": false,
          "Plans": [
            {
              "Node Type": "Aggregate",
              "Strategy": "Plain",
              "Partial Mode": "Partial",
              "Parent Relationship": "Outer",
              "Parallel Aware": false,
              "Startup Cost": 39935.88,
              "Total Cost": 39935.89,
              "Plan Rows": 1,
              "Plan Width": 8,
              "Actual Startup Time": 126.13,
              "Actual Total Time": 126.131,
              "Actual Rows": 1,
              "Actual Loops": 4,
              "Plans": [
                {
                  "Node Type": "Bitmap Heap Scan",
                  "Parent Relationship": "Outer",
                  "Parallel Aware": true,
                  "Relation Name": "movie_keyword",
                  "Alias": "mk",
                  "Startup Cost": 12606.24,
                  "Total Cost": 39456.6,
                  "Plan Rows": 191709,
                  "Plan Width": 0,
                  "Actual Startup Time": 46.415,
                  "Actual Total Time": 118.188,
                  "Actual Rows": 145435,
                  "Actual Loops": 4,
                  "Recheck Cond": "(keyword_id > 31507)",
                  "Rows Removed by Index Recheck": 0,
                  "Exact Heap Blocks": 9935,
                  "Lossy Heap Blocks": 0,
                  "Plans": [
                    {
                      "Node Type": "Bitmap Index Scan",
                      "Parent Relationship": "Outer",
                      "Parallel Aware": false,
                      "Index Name": "keyword_id_movie_keyword",
                      "Startup Cost": 0.0,
                      "Total Cost": 12457.67,
                      "Plan Rows": 594298,
                      "Plan Width": 0,
                      "Actual Startup Time": 47.955,
                      "Actual Total Time": 47.955,
                      "Actual Rows": 581740,
                      "Actual Loops": 1,
                      "Index Cond": "(keyword_id > 31507)"
                    }
                  ]
                }
              ]
            }
          ]
        }
      ]
    },
    "Planning Time": 0.18,
    "Triggers": [],
    "Execution Time": 138.484
  }
]