[
  {
    "Plan": {
      "Node Type": "Aggregate",
      "Strategy": "Plain",
      "Partial Mode": "Simple",
      "Parallel Aware": false,
      "Startup Cost": 3822.38,
      "Total Cost": 3822.39,
      "Plan Rows": 1,
      "Plan Width": 96,
      "Actual Startup Time": 243.679,
      "Actual Total Time": 243.689,
      "Actual Rows": 1,
      "Actual Loops": 1,
      "Plans": [
        {
          "Node Type": "Nested Loop",
          "Parent Relationship": "Outer",
          "Parallel Aware": false,
          "Join Type": "Inner",
          "Startup Cost": 11.94,
          "Total Cost": 3822.3,
          "Plan Rows": 10,
          "Plan Width": 46,
          "Actual Startup Time": 14.55,
          "Actual Total Time": 241.937,
          "Actual Rows": 4388,
          "Actual Loops": 1,
          "Inner Unique": true,
          "Plans": [
            {
              "Node Type": "Nested Loop",
              "Parent Relationship": "Outer",
              "Parallel Aware": false,
              "Join Type": "Inner",
              "Startup Cost": 11.51,
              "Total Cost": 3777.58,
              "Plan Rows": 10,
              "Plan Width": 33,
              "Actual Startup Time": 14.454,
              "Actual Total Time": 178.604,
              "Actual Rows": 4388,
              "Actual Loops": 1,
              "Inner Unique": true,
              "Plans": [
                {
                  "Node Type": "Nested Loop",
                  "Parent Relationship": "Outer",
                  "Parallel Aware": false,
                  "Join Type": "Inner",
                  "Startup Cost": 11.08,
                  "Total Cost": 3772.71,
                  "Plan Rows": 10,
                  "Plan Width": 24,
                  "Actual Startup Time": 14.339,
                  "Actual Total Time": 163.018,
                  "Actual Rows": 4388,
                  "Actual Loops": 1,
                  "Inner Unique": true,
                  "Join Filter": "(ml.link_type_id = lt.id)",
                  "Rows Removed by Join Filter": 30206,
                  "Plans": [
                    {
                      "Node Type": "Nested Loop",
                      "Parent Relationship": "Outer",
                      "Parallel Aware": false,
                      "Join Type": "Inner",
                      "Startup Cost": 11.08,
                      "Total Cost": 3769.03,
                      "Plan Rows": 10,
                      "Plan Width": 16,
                      "Actual Startup Time": 14.289,
                      "Actual Total Time": 158.575,
                      "Actual Rows": 4388,
                      "Actual Loops": 1,
                      "Inner Unique": false,
                      "Plans": [
                        {
                          "Node Type": "Nested Loop",
                          "Parent Relationship": "Outer",
                          "Parallel Aware": false,
                          "Join Type": "Inner",
                          "Startup Cost": 10.79,
                          "Total Cost": 3754.57,
                          "Plan Rows": 34,
                          "Plan Width": 4,
                          "Actual Startup Time": 13.982,
                          "Actual Total Time": 115.023,
                          "Actual Rows": 41840,
                          "Actual Loops": 1,
                          "Inner Unique": false,
                          "Plans": [
                            {
                              "Node Type": "Seq Scan",
                              "Parent Relationship": "Outer",
                              "Parallel Aware": false,
                              "Relation Name": "keyword",
                              "Alias": "k",
                              "Startup Cost": 0.0,
                              "Total Cost": 2626.12,
                              "Plan Rows": 1,
                              "Plan Width": 4,
                              "Actual Startup Time": 2.135,
                              "Actual Total Time": 15.385,
                              "Actual Rows": 1,
                              "Actual Loops": 1,
                              "Filter": "(keyword = 'character-name-in-title'::text)",
                              "Rows Removed by Filter": 134169
                            },
                            {
                              "Node Type": "Bitmap Heap Scan",
                              "Parent Relationship": "Inner",
                              "Parallel Aware": false,
                              "Relation Name": "movie_keyword",
                              "Alias": "mk",
                              "Startup Cost": 10.79,
                              "Total Cost": 1125.4,
                              "Plan Rows": 304,
                              "Plan Width": 8,
                              "Actual Startup Time": 11.833,
                              "Actual Total Time": 94.542,
                              "Actual Rows": 41840,
                              "Actual Loops": 1,
                              "Recheck Cond": "(keyword_id = k.id)",
                              "Rows Removed by Index Recheck": 0,
                              "Exact Heap Blocks": 11541,
                              "Lossy Heap Blocks": 0,
                              "Plans": [
                                {
                                  "Node Type": "Bitmap Index Scan",
                                  "Parent Relationship": "Outer",
                                  "Parallel Aware": false,
                                  "Index Name": "keyword_id_movie_keyword",
                                  "Startup Cost": 0.0,
                                  "Total Cost": 10.71,
                                  "Plan Rows": 304,
                                  "Plan Width": 0,
                                  "Actual Startup Time": 8.871,
                                  "Actual Total Time": 8.872,
                                  "Actual Rows": 41840,
                                  "Actual Loops": 1,
                                  "Index Cond": "(keyword_id = k.id)"
                                }
                              ]
                            }
                          ]
                        },
                        {
                          "Node Type": "Index Scan",
                          "Parent Relationship": "Inner",
                          "Parallel Aware": false,
                          "Scan Direction": "Forward",
                          "Index Name": "movie_id_movie_link",
                          "Relation Name": "movie_link",
                          "Alias": "ml",
                          "Startup Cost": 0.29,
                          "Total Cost": 0.38,
                          "Plan Rows": 5,
                          "Plan Width": 12,
                          "Actual Startup Time": 0.001,
                          "Actual Total Time": 0.001,
                          "Actual Rows": 0,
                          "Actual Loops": 41840,
                          "Index Cond": "(movie_id = mk.movie_id)",
                          "Rows Removed by Index Recheck": 0
                        }
                      ]
                    },
                    {
                      "Node Type": "Materialize",
                      "Parent Relationship": "Inner",
                      "Parallel Aware": false,
                      "Startup Cost": 0.0,
                      "Total Cost": 1.27,
                      "Plan Rows": 18,
                      "Plan Width": 16,
                      "Actual Startup Time": 0.0,
                      "Actual Total Time": 0.0,
                      "Actual Rows": 8,
                      "Actual Loops": 4388,
                      "Plans": [
                        {
                          "Node Type": "Seq Scan",
                          "Parent Relationship": "Outer",
                          "Parallel Aware": false,
                          "Relation Name": "link_type",
                          "Alias": "lt",
                          "Startup Cost": 0.0,
                          "Total Cost": 1.18,
                          "Plan Rows": 18,
                          "Plan Width": 16,
                          "Actual Startup Time": 0.027,
                          "Actual Total Time": 0.039,
                          "Actual Rows": 17,
                          "Actual Loops": 1
                        }
                      ]
                    }
                  ]
                },
                {
                  "Node Type": "Index Scan",
                  "Parent Relationship": "Inner",
                  "Parallel Aware": false,
                  "Scan Direction": "Forward",
                  "Index Name": "title_pkey",
                  "Relation Name": "title",
                  "Alias": "t1",
                  "Startup Cost": 0.43,
                  "Total Cost": 0.49,
                  "Plan Rows": 1,
                  "Plan Width": 21,
                  "Actual Startup Time": 0.003,
                  "Actual Total Time": 0.003,
                  "Actual Rows": 1,
                  "Actual Loops": 4388,
                  "Index Cond": "(id = mk.movie_id)",
                  "Rows Removed by Index Recheck": 0
                }
              ]
            },
            {
              "Node Type": "Index Scan",
              "Parent Relationship": "Inner",
              "Parallel Aware": false,
              "Scan Direction": "Forward",
              "Index Name": "title_pkey",
              "Relation Name": "title",
              "Alias": "t2",
              "Startup Cost": 0.43,
              "Total Cost": 4.47,
              "Plan Rows": 1,
              "Plan Width": 21,
              "Actual Startup Time": 0.014,
              "Actual Total Time": 0.014,
              "Actual Rows": 1,
              "Actual Loops": 4388,
              "Index Cond": "(id = ml.linked_movie_id)",
              "Rows Removed by Index Recheck": 0
            }
          ]
        }
      ]
    },
    "Planning Time": 5.305,
    "Triggers": [],
    "Execution Time": 244.318
  }
]