{
  "Plan": {
    "Node Type": "Aggregate",
    "Strategy": "Plain",
    "Partial Mode": "Finalize",
    "Parallel Aware": false,
    "Startup Cost": 34583.47,
    "Total Cost": 34583.48,
    "Plan Rows": 1,
    "Plan Width": 8,
    "Actual Startup Time": 11.908,
    "Actual Total Time": 13.452,
    "Actual Rows": 1,
    "Actual Loops": 1,
    "Plans": [
      {
        "Node Type": "Gather",
        "Parent Relationship": "Outer",
        "Parallel Aware": false,
        "Startup Cost": 34583.36,
        "Total Cost": 34583.47,
        "Plan Rows": 1,
        "Plan Width": 8,
        "Actual Startup Time": 10.381,
        "Actual Total Time": 13.438,
        "Actual Rows": 2,
        "Actual Loops": 1,
        "Workers Planned": 1,
        "Workers Launched": 1,
        "Single Copy": false,
        "Plans": [
          {
            "Node Type": "Aggregate",
            "Strategy": "Plain",
            "Partial Mode": "Partial",
            "Parent Relationship": "Outer",
            "Parallel Aware": false,
            "Startup Cost": 33583.36,
            "Total Cost": 33583.37,
            "Plan Rows": 1,
            "Plan Width": 8,
            "Actual Startup Time": 4.889,
            "Actual Total Time": 4.893,
            "Actual Rows": 1,
            "Actual Loops": 2,
            "Plans": [
              {
                "Node Type": "Nested Loop",
                "Parent Relationship": "Outer",
                "Parallel Aware": false,
                "Join Type": "Inner",
                "Startup Cost": 184.93,
                "Total Cost": 33583.19,
                "Plan Rows": 66,
                "Plan Width": 0,
                "Actual Startup Time": 2.51,
                "Actual Total Time": 4.884,
                "Actual Rows": 1,
                "Actual Loops": 2,
                "Inner Unique": false,
                "Plans": [
                  {
                    "Node Type": "Nested Loop",
                    "Parent Relationship": "Outer",
                    "Parallel Aware": false,
                    "Join Type": "Inner",
                    "Startup Cost": 184.51,
                    "Total Cost": 33349.36,
                    "Plan Rows": 361,
                    "Plan Width": 8,
                    "Actual Startup Time": 2.379,
                    "Actual Total Time": 4.853,
                    "Actual Rows": 2,
                    "Actual Loops": 2,
                    "Inner Unique": true,
                    "Plans": [
                      {
                        "Node Type": "Bitmap Heap Scan",
                        "Parent Relationship": "Outer",
                        "Parallel Aware": true,
                        "Relation Name": "movie_companies",
                        "Alias": "mc",
                        "Startup Cost": 184.08,
                        "Total Cost": 15226.85,
                        "Plan Rows": 2418,
                        "Plan Width": 4,
                        "Actual Startup Time": 1.694,
                        "Actual Total Time": 4.077,
                        "Actual Rows": 48,
                        "Actual Loops": 2,
                        "Recheck Cond": "(company_id = 596)",
                        "Rows Removed by Index Recheck": 0,
                        "Filter": "(company_type_id < 2)",
                        "Rows Removed by Filter": 4303,
                        "Exact Heap Blocks": 821,
                        "Lossy Heap Blocks": 0,
                        "Plans": [
                          {
                            "Node Type": "Bitmap Index Scan",
                            "Parent Relationship": "Outer",
                            "Parallel Aware": false,
                            "Index Name": "company_id_movie_companies",
                            "Startup Cost": 0.0,
                            "Total Cost": 183.05,
                            "Plan Rows": 8349,
                            "Plan Width": 0,
                            "Actual Startup Time": 2.953,
                            "Actual Total Time": 2.953,
                            "Actual Rows": 8702,
                            "Actual Loops": 1,
                            "Index Cond": "(company_id = 596)"
                          }
                        ]
                      },
                      {
                        "Node Type": "Index Scan",
                        "Parent Relationship": "Inner",
                        "Parallel Aware": false,
                        "Scan Direction": "Forward",
                        "Index Name": "title_pkey",
                        "Relation Name": "title",
                        "Alias": "t",
                        "Startup Cost": 0.43,
                        "Total Cost": 7.49,
                        "Plan Rows": 1,
                        "Plan Width": 4,
                        "Actual Startup Time": 0.015,
                        "Actual Total Time": 0.015,
                        "Actual Rows": 0,
                        "Actual Loops": 96,
                        "Index Cond": "(id = mc.movie_id)",
                        "Rows Removed by Index Recheck": 0,
                        "Filter": "((production_year > 1999) AND (kind_id = 1))",
                        "Rows Removed by Filter": 1
                      }
                    ]
                  },
                  {
                    "Node Type": "Index Scan",
                    "Parent Relationship": "Inner",
                    "Parallel Aware": false,
                    "Scan Direction": "Forward",
                    "Index Name": "movie_id_movie_info_idx",
                    "Relation Name": "movie_info_idx",
                    "Alias": "mi_idx",
                    "Startup Cost": 0.43,
                    "Total Cost": 0.64,
                    "Plan Rows": 1,
                    "Plan Width": 4,
                    "Actual Startup Time": 0.013,
                    "Actual Total Time": 0.014,
                    "Actual Rows": 0,
                    "Actual Loops": 4,
                    "Index Cond": "(movie_id = t.id)",
                    "Rows Removed by Index Recheck": 0,
                    "Filter": "(info_type_id = 101)",
                    "Rows Removed by Filter": 1
                  }
                ]
              }
            ]
          }
        ]
      }
    ]
  },
  "Planning Time": 1.026,
  "Triggers": [],
  "Execution Time": 13.567
}