[
  {
    "Plan": {
      "Node Type": "Aggregate",
      "Strategy": "Plain",
      "Partial Mode": "Finalize",
      "Parallel Aware": false,
      "Startup Cost": 99665.16,
      "Total Cost": 99665.17,
      "Plan Rows": 1,
      "Plan Width": 8,
      "Actual Startup Time": 239.824,
      "Actual Total Time": 255.093,
      "Actual Rows": 1,
      "Actual Loops": 1,
      "Plans": [
        {
          "Node Type": "Gather",
          "Parent Relationship": "Outer",
          "Parallel Aware": false,
          "Startup Cost": 99664.84,
          "Total Cost": 99665.15,
          "Plan Rows": 3,
          "Plan Width": 8,
          "Actual Startup Time": 239.106,
          "Actual Total Time": 255.086,
          "Actual Rows": 4,
          "Actual Loops": 1,
          "Workers Planned": 3,
          "Workers Launched": 3,
          "Single Copy": false,
          "Plans": [
            {
              "Node Type": "Aggregate",
              "Strategy": "Plain",
              "Partial Mode": "Partial",
              "Parent Relationship": "Outer",
              "Parallel Aware": false,
              "Startup Cost": 98664.84,
              "Total Cost": 98664.85,
              "Plan Rows": 1,
              "Plan Width": 8,
              "Actual Startup Time": 233.427,
              "Actual Total Time": 233.431,
              "Actual Rows": 1,
              "Actual Loops": 4,
              "Plans": [
                {
                  "Node Type": "Nested Loop",
                  "Parent Relationship": "Outer",
                  "Parallel Aware": false,
                  "Join Type": "Inner",
                  "Startup Cost": 51329.2,
                  "Total Cost": 98651.2,
                  "Plan Rows": 5459,
                  "Plan Width": 0,
                  "Actual Startup Time": 132.2,
                  "Actual Total Time": 231.912,
                  "Actual Rows": 31233,
                  "Actual Loops": 4,
                  "Inner Unique": false,
                  "Join Filter": "(t.id = mi.movie_id)",
                  "Rows Removed by Join Filter": 0,
                  "Plans": [
                    {
                      "Node Type": "Hash Join",
                      "Parent Relationship": "Outer",
                      "Parallel Aware": true,
                      "Join Type": "Inner",
                      "Startup Cost": 51328.76,
                      "Total Cost": 77026.3,
                      "Plan Rows": 4598,
                      "Plan Width": 8,
                      "Actual Startup Time": 132.031,
                      "Actual Total Time": 164.045,
                      "Actual Rows": 2366,
                      "Actual Loops": 4,
                      "Inner Unique": true,
                      "Hash Cond": "(mk.movie_id = t.id)",
                      "Plans": [
                        {
                          "Node Type": "Bitmap Heap Scan",
                          "Parent Relationship": "Outer",
                          "Parallel Aware": true,
                          "Relation Name": "movie_keyword",
                          "Alias": "mk",
                          "Startup Cost": 5407.71,
                          "Total Cost": 30889.42,
                          "Plan Rows": 82217,
                          "Plan Width": 4,
                          "Actual Startup Time": 26.416,
                          "Actual Total Time": 60.67,
                          "Actual Rows": 61621,
                          "Actual Loops": 4,
                          "Recheck Cond": "(keyword_id < 213)",
                          "Rows Removed by Index Recheck": 0,
                          "Exact Heap Blocks": 9505,
                          "Lossy Heap Blocks": 0,
                          "Plans": [
                            {
                              "Node Type": "Bitmap Index Scan",
                              "Parent Relationship": "Outer",
                              "Parallel Aware": false,
                              "Index Name": "keyword_id_movie_keyword",
                              "Startup Cost": 0.0,
                              "Total Cost": 5343.99,
                              "Plan Rows": 254874,
                              "Plan Width": 0,
                              "Actual Startup Time": 21.092,
                              "Actual Total Time": 21.093,
                              "Actual Rows": 246484,
                              "Actual Loops": 1,
                              "Index Cond": "(keyword_id < 213)"
                            }
                          ]
                        },
                        {
                          "Node Type": "Hash",
                          "Parent Relationship": "Inner",
                          "Parallel Aware": true,
                          "Startup Cost": 45479.21,
                          "Total Cost": 45479.21,
                          "Plan Rows": 35348,
                          "Plan Width": 4,
                          "Actual Startup Time": 87.919,
                          "Actual Total Time": 87.92,
                          "Actual Rows": 33046,
                          "Actual Loops": 4,
                          "Hash Buckets": 262144,
                          "Original Hash Buckets": 262144,
                          "Hash Batches": 1,
                          "Original Hash Batches": 1,
                          "Peak Memory Usage": 7296,
                          "Plans": [
                            {
                              "Node Type": "Seq Scan",
                              "Parent Relationship": "Outer",
                              "Parallel Aware": true,
                              "Relation Name": "title",
                              "Alias": "t",
                              "Startup Cost": 0.0,
                              "Total Cost": 45479.21,
                              "Plan Rows": 35348,
                              "Plan Width": 4,
                              "Actual Startup Time": 36.035,
                              "Actual Total Time": 77.709,
                              "Actual Rows": 33046,
                              "Actual Loops": 4,
                              "Filter": "((production_year > 2009) AND (kind_id = 1))",
                              "Rows Removed by Filter": 599032
                            }
                          ]
                        }
                      ]
                    },
                    {
                      "Node Type": "Index Scan",
                      "Parent Relationship": "Inner",
                      "Parallel Aware": false,
                      "Scan Direction": "Forward",
                      "Index Name": "movie_id_movie_info",
                      "Relation Name": "movie_info",
                      "Alias": "mi",
                      "Startup Cost": 0.43,
                      "Total Cost": 4.6,
                      "Plan Rows": 8,
                      "Plan Width": 4,
                      "Actual Startup Time": 0.013,
                      "Actual Total Time": 0.027,
                      "Actual Rows": 13,
                      "Actual Loops": 9465,
                      "Index Cond": "(movie_id = mk.movie_id)",
                      "Rows Removed by Index Recheck": 0,
                      "Filter": "(info_type_id = 16)",
                      "Rows Removed by Filter": 45
                    }
                  ]
                }
              ]
            }
          ]
        }
      ]
    },
    "Planning Time": 1.353,
    "Triggers": [],
    "Execution Time": 255.191
  }
]