[
  {
    "Plan": {
      "Node Type": "Aggregate",
      "Strategy": "Plain",
      "Partial Mode": "Finalize",
      "Parallel Aware": false,
      "Startup Cost": 268273.13,
      "Total Cost": 268273.14,
      "Plan Rows": 1,
      "Plan Width": 8,
      "Actual Startup Time": 722.352,
      "Actual Total Time": 752.543,
      "Actual Rows": 1,
      "Actual Loops": 1,
      "Plans": [
        {
          "Node Type": "Gather",
          "Parent Relationship": "Outer",
          "Parallel Aware": false,
          "Startup Cost": 268272.92,
          "Total Cost": 268273.13,
          "Plan Rows": 2,
          "Plan Width": 8,
          "Actual Startup Time": 717.424,
          "Actual Total Time": 752.532,
          "Actual Rows": 3,
          "Actual Loops": 1,
          "Workers Planned": 2,
          "Workers Launched": 2,
          "Single Copy": false,
          "Plans": [
            {
              "Node Type": "Aggregate",
              "Strategy": "Plain",
              "Partial Mode": "Partial",
              "Parent Relationship": "Outer",
              "Parallel Aware": false,
              "Startup Cost": 267272.92,
              "Total Cost": 267272.93,
              "Plan Rows": 1,
              "Plan Width": 8,
              "Actual Startup Time": 712.886,
              "Actual Total Time": 712.894,
              "Actual Rows": 1,
              "Actual Loops": 3,
              "Plans": [
                {
                  "Node Type": "Hash Join",
                  "Parent Relationship": "Outer",
                  "Parallel Aware": true,
                  "Join Type": "Inner",
                  "Startup Cost": 250860.07,
                  "Total Cost": 266930.08,
                  "Plan Rows": 137133,
                  "Plan Width": 0,
                  "Actual Startup Time": 626.652,
                  "Actual Total Time": 712.866,
                  "Actual Rows": 181,
                  "Actual Loops": 3,
                  "Inner Unique": false,
                  "Hash Cond": "(mi_idx.movie_id = t.id)",
                  "Plans": [
                    {
                      "Node Type": "Seq Scan",
                      "Parent Relationship": "Outer",
                      "Parallel Aware": true,
                      "Relation Name": "movie_info_idx",
                      "Alias": "mi_idx",
                      "Startup Cost": 0.0,
                      "Total Cost": 13685.15,
                      "Plan Rows": 575015,
                      "Plan Width": 4,
                      "Actual Startup Time": 0.036,
                      "Actual Total Time": 40.381,
                      "Actual Rows": 460012,
                      "Actual Loops": 3
                    },
                    {
                      "Node Type": "Hash",
                      "Parent Relationship": "Inner",
                      "Parallel Aware": true,
                      "Startup Cost": 249603.83,
                      "Total Cost": 249603.83,
                      "Plan Rows": 100499,
                      "Plan Width": 8,
                      "Actual Startup Time": 621.047,
                      "Actual Total Time": 621.053,
                      "Actual Rows": 106,
                      "Actual Loops": 3,
                      "Hash Buckets": 1048576,
                      "Original Hash Buckets": 1048576,
                      "Hash Batches": 1,
                      "Original Hash Batches": 1,
                      "Peak Memory Usage": 8288,
                      "Plans": [
                        {
                          "Node Type": "Hash Join",
                          "Parent Relationship": "Outer",
                          "Parallel Aware": true,
                          "Join Type": "Inner",
                          "Startup Cost": 47060.12,
                          "Total Cost": 249603.83,
                          "Plan Rows": 100499,
                          "Plan Width": 8,
                          "Actual Startup Time": 284.918,
                          "Actual Total Time": 616.556,
                          "Actual Rows": 106,
                          "Actual Loops": 3,
                          "Inner Unique": true,
                          "Hash Cond": "(ci.movie_id = t.id)",
                          "Plans": [
                            {
                              "Node Type": "Index Scan",
                              "Parent Relationship": "Outer",
                              "Parallel Aware": true,
                              "Scan Direction": "Forward",
                              "Index Name": "role_id_cast_info",
                              "Relation Name": "cast_info",
                              "Alias": "ci",
                              "Startup Cost": 0.56,
                              "Total Cost": 201884.69,
                              "Plan Rows": 251270,
                              "Plan Width": 4,
                              "Actual Startup Time": 2.443,
                              "Actual Total Time": 368.424,
                              "Actual Rows": 467,
                              "Actual Loops": 3,
                              "Index Cond": "(role_id = 2)",
                              "Rows Removed by Index Recheck": 0,
                              "Filter": "(person_id < 716585)",
                              "Rows Removed by Filter": 2483524
                            },
                            {
                              "Node Type": "Hash",
                              "Parent Relationship": "Inner",
                              "Parallel Aware": true,
                              "Startup Cost": 43899.32,
                              "Total Cost": 43899.32,
                              "Plan Rows": 252819,
                              "Plan Width": 4,
                              "Actual Startup Time": 243.372,
                              "Actual Total Time": 243.374,
                              "Actual Rows": 340584,
                              "Actual Loops": 3,
                              "Hash Buckets": 1048576,
                              "Original Hash Buckets": 1048576,
                              "Hash Batches": 1,
                              "Original Hash Batches": 1,
                              "Peak Memory Usage": 48224,
                              "Plans": [
                                {
                                  "Node Type": "Seq Scan",
                                  "Parent Relationship": "Outer",
                                  "Parallel Aware": true,
                                  "Relation Name": "title",
                                  "Alias": "t",
                                  "Startup Cost": 0.0,
                                  "Total Cost": 43899.32,
                                  "Plan Rows": 252819,
                                  "Plan Width": 4,
                                  "Actual Startup Time": 0.04,
                                  "Actual Total Time": 129.191,
                                  "Actual Rows": 340584,
                                  "Actual Loops": 3,
                                  "Filter": "(production_year < 2000)",
                                  "Rows Removed by Filter": 502187
                                }
                              ]
                            }
                          ]
                        }
                      ]
                    }
                  ]
                }
              ]
            }
          ]
        }
      ]
    },
    "Planning Time": 0.82,
    "Triggers": [],
    "Execution Time": 752.607
  }
]