[
    {
        "Bao": {
            "Bao prediction": "NaN",
            "Bao recommended hint": "(no hint)"
        }
    },
    {
        "Plan": {
            "Node Type": "Aggregate",
            "Strategy": "Plain",
            "Partial Mode": "Finalize",
            "Parallel Aware": false,
            "Startup Cost": 126022.07,
            "Total Cost": 126022.08,
            "Plan Rows": 1,
            "Plan Width": 8,
            "Actual Startup Time": 732.37,
            "Actual Total Time": 747.058,
            "Actual Rows": 1,
            "Actual Loops": 1,
            "Output": [
                "count(*)"
            ],
            "Plans": [
                {
                    "Node Type": "Gather",
                    "Parent Relationship": "Outer",
                    "Parallel Aware": false,
                    "Startup Cost": 126021.75,
                    "Total Cost": 126022.06,
                    "Plan Rows": 3,
                    "Plan Width": 8,
                    "Actual Startup Time": 727.623,
                    "Actual Total Time": 747.047,
                    "Actual Rows": 4,
                    "Actual Loops": 1,
                    "Output": [
                        "(PARTIAL count(*))"
                    ],
                    "Workers Planned": 3,
                    "Workers Launched": 3,
                    "Single Copy": false,
                    "Plans": [
                        {
                            "Node Type": "Aggregate",
                            "Strategy": "Plain",
                            "Partial Mode": "Partial",
                            "Parent Relationship": "Outer",
                            "Parallel Aware": false,
                            "Startup Cost": 125021.75,
                            "Total Cost": 125021.76,
                            "Plan Rows": 1,
                            "Plan Width": 8,
                            "Actual Startup Time": 718.802,
                            "Actual Total Time": 719.08,
                            "Actual Rows": 1,
                            "Actual Loops": 4,
                            "Output": [
                                "PARTIAL count(*)"
                            ],
                            "Workers": [
                                {
                                    "Worker Number": 0,
                                    "Actual Startup Time": 715.831,
                                    "Actual Total Time": 715.836,
                                    "Actual Rows": 1,
                                    "Actual Loops": 1
                                },
                                {
                                    "Worker Number": 1,
                                    "Actual Startup Time": 715.833,
                                    "Actual Total Time": 715.84,
                                    "Actual Rows": 1,
                                    "Actual Loops": 1
                                },
                                {
                                    "Worker Number": 2,
                                    "Actual Startup Time": 716.331,
                                    "Actual Total Time": 716.337,
                                    "Actual Rows": 1,
                                    "Actual Loops": 1
                                }
                            ],
                            "Plans": [
                                {
                                    "Node Type": "Hash Join",
                                    "Parent Relationship": "Outer",
                                    "Parallel Aware": true,
                                    "Join Type": "Inner",
                                    "Startup Cost": 79336.28,
                                    "Total Cost": 124438.93,
                                    "Plan Rows": 233130,
                                    "Plan Width": 0,
                                    "Actual Startup Time": 426.97,
                                    "Actual Total Time": 707.438,
                                    "Actual Rows": 177832,
                                    "Actual Loops": 4,
                                    "Inner Unique": false,
                                    "Hash Cond": "(mk.movie_id = t.id)",
                                    "Workers": [
                                        {
                                            "Worker Number": 0,
                                            "Actual Startup Time": 424.133,
                                            "Actual Total Time": 704.276,
                                            "Actual Rows": 176370,
                                            "Actual Loops": 1
                                        },
                                        {
                                            "Worker Number": 1,
                                            "Actual Startup Time": 424.135,
                                            "Actual Total Time": 704.436,
                                            "Actual Rows": 169160,
                                            "Actual Loops": 1
                                        },
                                        {
                                            "Worker Number": 2,
                                            "Actual Startup Time": 424.116,
                                            "Actual Total Time": 704.564,
                                            "Actual Rows": 179449,
                                            "Actual Loops": 1
                                        }
                                    ],
                                    "Plans": [
                                        {
                                            "Node Type": "Seq Scan",
                                            "Parent Relationship": "Outer",
                                            "Parallel Aware": true,
                                            "Relation Name": "movie_keyword",
                                            "Schema": "public",
                                            "Alias": "mk",
                                            "Startup Cost": 0.0,
                                            "Total Cost": 39047.32,
                                            "Plan Rows": 1459332,
                                            "Plan Width": 4,
                                            "Actual Startup Time": 0.021,
                                            "Actual Total Time": 125.437,
                                            "Actual Rows": 1130982,
                                            "Actual Loops": 4,
                                            "Output": [
                                                "mk.id",
                                                "mk.movie_id",
                                                "mk.keyword_id"
                                            ],
                                            "Workers": [
                                                {
                                                    "Worker Number": 0,
                                                    "Actual Startup Time": 0.023,
                                                    "Actual Total Time": 127.927,
                                                    "Actual Rows": 1117155,
                                                    "Actual Loops": 1
                                                },
                                                {
                                                    "Worker Number": 1,
                                                    "Actual Startup Time": 0.029,
                                                    "Actual Total Time": 130.395,
                                                    "Actual Rows": 1043585,
                                                    "Actual Loops": 1
                                                },
                                                {
                                                    "Worker Number": 2,
                                                    "Actual Startup Time": 0.021,
                                                    "Actual Total Time": 127.528,
                                                    "Actual Rows": 1121655,
                                                    "Actual Loops": 1
                                                }
                                            ]
                                        },
                                        {
                                            "Node Type": "Hash",
                                            "Parent Relationship": "Inner",
                                            "Parallel Aware": true,
                                            "Startup Cost": 78074.08,
                                            "Total Cost": 78074.08,
                                            "Plan Rows": 100976,
                                            "Plan Width": 8,
                                            "Actual Startup Time": 422.741,
                                            "Actual Total Time": 423.016,
                                            "Actual Rows": 58931,
                                            "Actual Loops": 4,
                                            "Output": [
                                                "t.id",
                                                "mc.movie_id"
                                            ],
                                            "Hash Buckets": 524288,
                                            "Original Hash Buckets": 524288,
                                            "Hash Batches": 1,
                                            "Original Hash Batches": 1,
                                            "Peak Memory Usage": 13376,
                                            "Workers": [
                                                {
                                                    "Worker Number": 0,
                                                    "Actual Startup Time": 421.334,
                                                    "Actual Total Time": 421.338,
                                                    "Actual Rows": 56369,
                                                    "Actual Loops": 1
                                                },
                                                {
                                                    "Worker Number": 1,
                                                    "Actual Startup Time": 421.217,
                                                    "Actual Total Time": 421.222,
                                                    "Actual Rows": 55671,
                                                    "Actual Loops": 1
                                                },
                                                {
                                                    "Worker Number": 2,
                                                    "Actual Startup Time": 421.479,
                                                    "Actual Total Time": 421.483,
                                                    "Actual Rows": 57810,
                                                    "Actual Loops": 1
                                                }
                                            ],
                                            "Plans": [
                                                {
                                                    "Node Type": "Hash Join",
                                                    "Parent Relationship": "Outer",
                                                    "Parallel Aware": true,
                                                    "Join Type": "Inner",
                                                    "Startup Cost": 31528.13,
                                                    "Total Cost": 78074.08,
                                                    "Plan Rows": 100976,
                                                    "Plan Width": 8,
                                                    "Actual Startup Time": 147.632,
                                                    "Actual Total Time": 398.796,
                                                    "Actual Rows": 58931,
                                                    "Actual Loops": 4,
                                                    "Output": [
                                                        "t.id",
                                                        "mc.movie_id"
                                                    ],
                                                    "Inner Unique": false,
                                                    "Hash Cond": "(t.id = mc.movie_id)",
                                                    "Workers": [
                                                        {
                                                            "Worker Number": 0,
                                                            "Actual Startup Time": 146.189,
                                                            "Actual Total Time": 397.077,
                                                            "Actual Rows": 56369,
                                                            "Actual Loops": 1
                                                        },
                                                        {
                                                            "Worker Number": 1,
                                                            "Actual Startup Time": 146.174,
                                                            "Actual Total Time": 396.399,
                                                            "Actual Rows": 55671,
                                                            "Actual Loops": 1
                                                        },
                                                        {
                                                            "Worker Number": 2,
                                                            "Actual Startup Time": 146.327,
                                                            "Actual Total Time": 398.21,
                                                            "Actual Rows": 57810,
                                                            "Actual Loops": 1
                                                        }
                                                    ],
                                                    "Plans": [
                                                        {
                                                            "Node Type": "Seq Scan",
                                                            "Parent Relationship": "Outer",
                                                            "Parallel Aware": true,
                                                            "Relation Name": "title",
                                                            "Schema": "public",
                                                            "Alias": "t",
                                                            "Startup Cost": 0.0,
                                                            "Total Cost": 43899.01,
                                                            "Plan Rows": 464242,
                                                            "Plan Width": 4,
                                                            "Actual Startup Time": 0.015,
                                                            "Actual Total Time": 117.453,
                                                            "Actual Rows": 466372,
                                                            "Actual Loops": 4,
                                                            "Output": [
                                                                "t.id",
                                                                "t.title",
                                                                "t.imdb_index",
                                                                "t.kind_id",
                                                                "t.production_year",
                                                                "t.imdb_id",
                                                                "t.phonetic_code",
                                                                "t.episode_of_id",
                                                                "t.season_nr",
                                                                "t.episode_nr",
                                                                "t.series_years",
                                                                "t.md5sum"
                                                            ],
                                                            "Filter": "(t.kind_id > 1)",
                                                            "Rows Removed by Filter": 165706,
                                                            "Workers": [
                                                                {
                                                                    "Worker Number": 0,
                                                                    "Actual Startup Time": 0.014,
                                                                    "Actual Total Time": 119.723,
                                                                    "Actual Rows": 446194,
                                                                    "Actual Loops": 1
                                                                },
                                                                {
                                                                    "Worker Number": 1,
                                                                    "Actual Startup Time": 0.02,
                                                                    "Actual Total Time": 120.995,
                                                                    "Actual Rows": 444810,
                                                                    "Actual Loops": 1
                                                                },
                                                                {
                                                                    "Worker Number": 2,
                                                                    "Actual Startup Time": 0.017,
                                                                    "Actual Total Time": 121.107,
                                                                    "Actual Rows": 457439,
                                                                    "Actual Loops": 1
                                                                }
                                                            ]
                                                        },
                                                        {
                                                            "Node Type": "Hash",
                                                            "Parent Relationship": "Inner",
                                                            "Parallel Aware": true,
                                                            "Startup Cost": 29310.68,
                                                            "Total Cost": 29310.68,
                                                            "Plan Rows": 177396,
                                                            "Plan Width": 4,
                                                            "Actual Startup Time": 145.605,
                                                            "Actual Total Time": 145.606,
                                                            "Actual Rows": 137156,
                                                            "Actual Loops": 4,
                                                            "Output": [
                                                                "mc.movie_id"
                                                            ],
                                                            "Hash Buckets": 1048576,
                                                            "Original Hash Buckets": 1048576,
                                                            "Hash Batches": 1,
                                                            "Original Hash Batches": 1,
                                                            "Peak Memory Usage": 29696,
                                                            "Workers": [
                                                                {
                                                                    "Worker Number": 0,
                                                                    "Actual Startup Time": 146.07,
                                                                    "Actual Total Time": 146.071,
                                                                    "Actual Rows": 132198,
                                                                    "Actual Loops": 1
                                                                },
                                                                {
                                                                    "Worker Number": 1,
                                                                    "Actual Startup Time": 146.067,
                                                                    "Actual Total Time": 146.068,
                                                                    "Actual Rows": 133259,
                                                                    "Actual Loops": 1
                                                                },
                                                                {
                                                                    "Worker Number": 2,
                                                                    "Actual Startup Time": 146.193,
                                                                    "Actual Total Time": 146.194,
                                                                    "Actual Rows": 135155,
                                                                    "Actual Loops": 1
                                                                }
                                                            ],
                                                            "Plans": [
                                                                {
                                                                    "Node Type": "Seq Scan",
                                                                    "Parent Relationship": "Outer",
                                                                    "Parallel Aware": true,
                                                                    "Relation Name": "movie_companies",
                                                                    "Schema": "public",
                                                                    "Alias": "mc",
                                                                    "Startup Cost": 0.0,
                                                                    "Total Cost": 29310.68,
                                                                    "Plan Rows": 177396,
                                                                    "Plan Width": 4,
                                                                    "Actual Startup Time": 46.488,
                                                                    "Actual Total Time": 94.383,
                                                                    "Actual Rows": 137156,
                                                                    "Actual Loops": 4,
                                                                    "Output": [
                                                                        "mc.movie_id"
                                                                    ],
                                                                    "Filter": "(mc.company_id > 71905)",
                                                                    "Rows Removed by Filter": 515126,
                                                                    "Workers": [
                                                                        {
                                                                            "Worker Number": 0,
                                                                            "Actual Startup Time": 46.473,
                                                                            "Actual Total Time": 95.086,
                                                                            "Actual Rows": 132198,
                                                                            "Actual Loops": 1
                                                                        },
                                                                        {
                                                                            "Worker Number": 1,
                                                                            "Actual Startup Time": 46.456,
                                                                            "Actual Total Time": 95.045,
                                                                            "Actual Rows": 133259,
                                                                            "Actual Loops": 1
                                                                        },
                                                                        {
                                                                            "Worker Number": 2,
                                                                            "Actual Startup Time": 46.475,
                                                                            "Actual Total Time": 95.427,
                                                                            "Actual Rows": 135155,
                                                                            "Actual Loops": 1
                                                                        }
                                                                    ]
                                                                }
                                                            ]
                                                        }
                                                    ]
                                                }
                                            ]
                                        }
                                    ]
                                }
                            ]
                        }
                    ]
                }
            ]
        },
        "Planning Time": 281.11,
        "Triggers": [],
        "Execution Time": 747.133
    }
]