[
  {
    "Plan": {
      "Node Type": "Aggregate",
      "Strategy": "Plain",
      "Partial Mode": "Finalize",
      "Parallel Aware": false,
      "Startup Cost": 83719.57,
      "Total Cost": 83719.58,
      "Plan Rows": 1,
      "Plan Width": 8,
      "Actual Startup Time": 455.096,
      "Actual Total Time": 474.011,
      "Actual Rows": 1,
      "Actual Loops": 1,
      "Plans": [
        {
          "Node Type": "Gather",
          "Parent Relationship": "Outer",
          "Parallel Aware": false,
          "Startup Cost": 83719.25,
          "Total Cost": 83719.56,
          "Plan Rows": 3,
          "Plan Width": 8,
          "Actual Startup Time": 444.915,
          "Actual Total Time": 474.0,
          "Actual Rows": 4,
          "Actual Loops": 1,
          "Workers Planned": 3,
          "Workers Launched": 3,
          "Single Copy": false,
          "Plans": [
            {
              "Node Type": "Aggregate",
              "Strategy": "Plain",
              "Partial Mode": "Partial",
              "Parent Relationship": "Outer",
              "Parallel Aware": false,
              "Startup Cost": 82719.25,
              "Total Cost": 82719.26,
              "Plan Rows": 1,
              "Plan Width": 8,
              "Actual Startup Time": 431.415,
              "Actual Total Time": 431.419,
              "Actual Rows": 1,
              "Actual Loops": 4,
              "Plans": [
                {
                  "Node Type": "Hash Join",
                  "Parent Relationship": "Outer",
                  "Parallel Aware": true,
                  "Join Type": "Inner",
                  "Startup Cost": 56333.85,
                  "Total Cost": 82542.91,
                  "Plan Rows": 70535,
                  "Plan Width": 0,
                  "Actual Startup Time": 337.802,
                  "Actual Total Time": 430.484,
                  "Actual Rows": 8472,
                  "Actual Loops": 4,
                  "Inner Unique": true,
                  "Hash Cond": "(mk.movie_id = t.id)",
                  "Plans": [
                    {
                      "Node Type": "Bitmap Heap Scan",
                      "Parent Relationship": "Outer",
                      "Parallel Aware": true,
                      "Relation Name": "movie_keyword",
                      "Alias": "mk",
                      "Startup Cost": 7632.23,
                      "Total Cost": 33536.7,
                      "Plan Rows": 116037,
                      "Plan Width": 4,
                      "Actual Startup Time": 35.754,
                      "Actual Total Time": 96.996,
                      "Actual Rows": 87174,
                      "Actual Loops": 4,
                      "Recheck Cond": "(keyword_id > 47750)",
                      "Rows Removed by Index Recheck": 0,
                      "Exact Heap Blocks": 8075,
                      "Lossy Heap Blocks": 0,
                      "Plans": [
                        {
                          "Node Type": "Bitmap Index Scan",
                          "Parent Relationship": "Outer",
                          "Parallel Aware": false,
                          "Index Name": "keyword_id_movie_keyword",
                          "Startup Cost": 0.0,
                          "Total Cost": 7542.3,
                          "Plan Rows": 359716,
                          "Plan Width": 0,
                          "Actual Startup Time": 30.508,
                          "Actual Total Time": 30.508,
                          "Actual Rows": 348694,
                          "Actual Loops": 1,
                          "Index Cond": "(keyword_id > 47750)"
                        }
                      ]
                    },
                    {
                      "Node Type": "Hash",
                      "Parent Relationship": "Inner",
                      "Parallel Aware": true,
                      "Startup Cost": 43898.92,
                      "Total Cost": 43898.92,
                      "Plan Rows": 384216,
                      "Plan Width": 4,
                      "Actual Startup Time": 294.137,
                      "Actual Total Time": 294.137,
                      "Actual Rows": 385816,
                      "Actual Loops": 4,
                      "Hash Buckets": 2097152,
                      "Original Hash Buckets": 2097152,
                      "Hash Batches": 1,
                      "Original Hash Batches": 1,
                      "Peak Memory Usage": 76832,
                      "Plans": [
                        {
                          "Node Type": "Seq Scan",
                          "Parent Relationship": "Outer",
                          "Parallel Aware": true,
                          "Relation Name": "title",
                          "Alias": "t",
                          "Startup Cost": 0.0,
                          "Total Cost": 43898.92,
                          "Plan Rows": 384216,
                          "Plan Width": 4,
                          "Actual Startup Time": 0.043,
                          "Actual Total Time": 127.876,
                          "Actual Rows": 385816,
                          "Actual Loops": 4,
                          "Filter": "(kind_id = 7)",
                          "Rows Removed by Filter": 246262
                        }
                      ]
                    }
                  ]
                }
              ]
            }
          ]
        }
      ]
    },
    "Planning Time": 0.665,
    "Triggers": [],
    "Execution Time": 474.105
  }
]