[
  {
    "Plan": {
      "Node Type": "Aggregate",
      "Strategy": "Plain",
      "Partial Mode": "Finalize",
      "Parallel Aware": false,
      "Startup Cost": 79075.0,
      "Total Cost": 79075.01,
      "Plan Rows": 1,
      "Plan Width": 8,
      "Actual Startup Time": 313.739,
      "Actual Total Time": 334.876,
      "Actual Rows": 1,
      "Actual Loops": 1,
      "Plans": [
        {
          "Node Type": "Gather",
          "Parent Relationship": "Outer",
          "Parallel Aware": false,
          "Startup Cost": 79074.58,
          "Total Cost": 79074.99,
          "Plan Rows": 4,
          "Plan Width": 8,
          "Actual Startup Time": 309.904,
          "Actual Total Time": 334.866,
          "Actual Rows": 5,
          "Actual Loops": 1,
          "Workers Planned": 4,
          "Workers Launched": 4,
          "Single Copy": false,
          "Plans": [
            {
              "Node Type": "Aggregate",
              "Strategy": "Plain",
              "Partial Mode": "Partial",
              "Parent Relationship": "Outer",
              "Parallel Aware": false,
              "Startup Cost": 78074.58,
              "Total Cost": 78074.59,
              "Plan Rows": 1,
              "Plan Width": 8,
              "Actual Startup Time": 300.711,
              "Actual Total Time": 300.714,
              "Actual Rows": 1,
              "Actual Loops": 5,
              "Plans": [
                {
                  "Node Type": "Hash Join",
                  "Parent Relationship": "Outer",
                  "Parallel Aware": true,
                  "Join Type": "Inner",
                  "Startup Cost": 31732.07,
                  "Total Cost": 77846.44,
                  "Plan Rows": 91256,
                  "Plan Width": 0,
                  "Actual Startup Time": 132.087,
                  "Actual Total Time": 298.634,
                  "Actual Rows": 34140,
                  "Actual Loops": 5,
                  "Inner Unique": false,
                  "Hash Cond": "(t.id = mc.movie_id)",
                  "Plans": [
                    {
                      "Node Type": "Seq Scan",
                      "Parent Relationship": "Outer",
                      "Parallel Aware": true,
                      "Relation Name": "title",
                      "Alias": "t",
                      "Startup Cost": 0.0,
                      "Total Cost": 43898.92,
                      "Plan Rows": 384216,
                      "Plan Width": 4,
                      "Actual Startup Time": 0.014,
                      "Actual Total Time": 87.364,
                      "Actual Rows": 308653,
                      "Actual Loops": 5,
                      "Filter": "(kind_id = 7)",
                      "Rows Removed by Filter": 197010
                    },
                    {
                      "Node Type": "Hash",
                      "Parent Relationship": "Inner",
                      "Parallel Aware": true,
                      "Startup Cost": 29310.68,
                      "Total Cost": 29310.68,
                      "Plan Rows": 193711,
                      "Plan Width": 4,
                      "Actual Startup Time": 127.798,
                      "Actual Total Time": 127.799,
                      "Actual Rows": 122860,
                      "Actual Loops": 5,
                      "Hash Buckets": 1048576,
                      "Original Hash Buckets": 1048576,
                      "Hash Batches": 1,
                      "Original Hash Batches": 1,
                      "Peak Memory Usage": 32320,
                      "Plans": [
                        {
                          "Node Type": "Seq Scan",
                          "Parent Relationship": "Outer",
                          "Parallel Aware": true,
                          "Relation Name": "movie_companies",
                          "Alias": "mc",
                          "Startup Cost": 0.0,
                          "Total Cost": 29310.68,
                          "Plan Rows": 193711,
                          "Plan Width": 4,
                          "Actual Startup Time": 39.061,
                          "Actual Total Time": 79.276,
                          "Actual Rows": 122860,
                          "Actual Loops": 5,
                          "Filter": "(company_id > 63666)",
                          "Rows Removed by Filter": 398966
                        }
                      ]
                    }
                  ]
                }
              ]
            }
          ]
        }
      ]
    },
    "Planning Time": 0.74,
    "Triggers": [],
    "Execution Time": 334.951
  }
]