{
  "Plan": {
    "Node Type": "Aggregate",
    "Strategy": "Plain",
    "Partial Mode": "Finalize",
    "Parallel Aware": false,
    "Startup Cost": 36228.96,
    "Total Cost": 36228.97,
    "Plan Rows": 1,
    "Plan Width": 8,
    "Actual Startup Time": 110.469,
    "Actual Total Time": 131.425,
    "Actual Rows": 1,
    "Actual Loops": 1,
    "Plans": [
      {
        "Node Type": "Gather",
        "Parent Relationship": "Outer",
        "Parallel Aware": false,
        "Startup Cost": 36228.85,
        "Total Cost": 36228.96,
        "Plan Rows": 1,
        "Plan Width": 8,
        "Actual Startup Time": 110.282,
        "Actual Total Time": 131.417,
        "Actual Rows": 2,
        "Actual Loops": 1,
        "Workers Planned": 1,
        "Workers Launched": 1,
        "Single Copy": false,
        "Plans": [
          {
            "Node Type": "Aggregate",
            "Strategy": "Plain",
            "Partial Mode": "Partial",
            "Parent Relationship": "Outer",
            "Parallel Aware": false,
            "Startup Cost": 35228.85,
            "Total Cost": 35228.86,
            "Plan Rows": 1,
            "Plan Width": 8,
            "Actual Startup Time": 103.903,
            "Actual Total Time": 103.905,
            "Actual Rows": 1,
            "Actual Loops": 2,
            "Plans": [
              {
                "Node Type": "Nested Loop",
                "Parent Relationship": "Outer",
                "Parallel Aware": false,
                "Join Type": "Inner",
                "Startup Cost": 113.06,
                "Total Cost": 35228.26,
                "Plan Rows": 236,
                "Plan Width": 0,
                "Actual Startup Time": 3.705,
                "Actual Total Time": 103.597,
                "Actual Rows": 2213,
                "Actual Loops": 2,
                "Inner Unique": false,
                "Plans": [
                  {
                    "Node Type": "Nested Loop",
                    "Parent Relationship": "Outer",
                    "Parallel Aware": false,
                    "Join Type": "Inner",
                    "Startup Cost": 112.63,
                    "Total Cost": 33602.55,
                    "Plan Rows": 451,
                    "Plan Width": 8,
                    "Actual Startup Time": 3.429,
                    "Actual Total Time": 25.193,
                    "Actual Rows": 2090,
                    "Actual Loops": 2,
                    "Inner Unique": true,
                    "Plans": [
                      {
                        "Node Type": "Bitmap Heap Scan",
                        "Parent Relationship": "Outer",
                        "Parallel Aware": true,
                        "Relation Name": "movie_companies",
                        "Alias": "mc",
                        "Startup Cost": 112.2,
                        "Total Cost": 11570.28,
                        "Plan Rows": 3018,
                        "Plan Width": 4,
                        "Actual Startup Time": 3.283,
                        "Actual Total Time": 9.47,
                        "Actual Rows": 2540,
                        "Actual Loops": 2,
                        "Recheck Cond": "(company_id = 475)",
                        "Rows Removed by Index Recheck": 0,
                        "Exact Heap Blocks": 2783,
                        "Lossy Heap Blocks": 0,
                        "Plans": [
                          {
                            "Node Type": "Bitmap Index Scan",
                            "Parent Relationship": "Outer",
                            "Parallel Aware": false,
                            "Index Name": "company_id_movie_companies",
                            "Startup Cost": 0.0,
                            "Total Cost": 110.91,
                            "Plan Rows": 5131,
                            "Plan Width": 0,
                            "Actual Startup Time": 4.401,
                            "Actual Total Time": 4.401,
                            "Actual Rows": 5080,
                            "Actual Loops": 1,
                            "Index Cond": "(company_id = 475)"
                          }
                        ]
                      },
                      {
                        "Node Type": "Index Scan",
                        "Parent Relationship": "Inner",
                        "Parallel Aware": false,
                        "Scan Direction": "Forward",
                        "Index Name": "title_pkey",
                        "Relation Name": "title",
                        "Alias": "t",
                        "Startup Cost": 0.43,
                        "Total Cost": 7.3,
                        "Plan Rows": 1,
                        "Plan Width": 4,
                        "Actual Startup Time": 0.006,
                        "Actual Total Time": 0.006,
                        "Actual Rows": 1,
                        "Actual Loops": 5080,
                        "Index Cond": "(id = mc.movie_id)",
                        "Rows Removed by Index Recheck": 0,
                        "Filter": "((kind_id < 7) AND (production_year < 1999))",
                        "Rows Removed by Filter": 0
                      }
                    ]
                  },
                  {
                    "Node Type": "Index Scan",
                    "Parent Relationship": "Inner",
                    "Parallel Aware": false,
                    "Scan Direction": "Forward",
                    "Index Name": "movie_id_movie_info",
                    "Relation Name": "movie_info",
                    "Alias": "mi",
                    "Startup Cost": 0.43,
                    "Total Cost": 3.56,
                    "Plan Rows": 4,
                    "Plan Width": 4,
                    "Actual Startup Time": 0.035,
                    "Actual Total Time": 0.037,
                    "Actual Rows": 1,
                    "Actual Loops": 4180,
                    "Index Cond": "(movie_id = t.id)",
                    "Rows Removed by Index Recheck": 0,
                    "Filter": "(info_type_id = 8)",
                    "Rows Removed by Filter": 52
                  }
                ]
              }
            ]
          }
        ]
      }
    ]
  },
  "Planning Time": 1.036,
  "Triggers": [],
  "Execution Time": 131.53
}