{
  "Plan": {
    "Node Type": "Aggregate",
    "Strategy": "Plain",
    "Partial Mode": "Finalize",
    "Parallel Aware": false,
    "Startup Cost": 101230.37,
    "Total Cost": 101230.38,
    "Plan Rows": 1,
    "Plan Width": 8,
    "Actual Startup Time": 611.069,
    "Actual Total Time": 627.358,
    "Actual Rows": 1,
    "Actual Loops": 1,
    "Plans": [
      {
        "Node Type": "Gather",
        "Parent Relationship": "Outer",
        "Parallel Aware": false,
        "Startup Cost": 101230.26,
        "Total Cost": 101230.37,
        "Plan Rows": 1,
        "Plan Width": 8,
        "Actual Startup Time": 605.989,
        "Actual Total Time": 627.349,
        "Actual Rows": 2,
        "Actual Loops": 1,
        "Workers Planned": 1,
        "Workers Launched": 1,
        "Single Copy": false,
        "Plans": [
          {
            "Node Type": "Aggregate",
            "Strategy": "Plain",
            "Partial Mode": "Partial",
            "Parent Relationship": "Outer",
            "Parallel Aware": false,
            "Startup Cost": 100230.26,
            "Total Cost": 100230.27,
            "Plan Rows": 1,
            "Plan Width": 8,
            "Actual Startup Time": 598.556,
            "Actual Total Time": 598.56,
            "Actual Rows": 1,
            "Actual Loops": 2,
            "Plans": [
              {
                "Node Type": "Hash Join",
                "Parent Relationship": "Outer",
                "Parallel Aware": true,
                "Join Type": "Inner",
                "Startup Cost": 73702.96,
                "Total Cost": 99936.18,
                "Plan Rows": 117634,
                "Plan Width": 0,
                "Actual Startup Time": 525.036,
                "Actual Total Time": 593.959,
                "Actual Rows": 98972,
                "Actual Loops": 2,
                "Inner Unique": true,
                "Hash Cond": "(mk.movie_id = t.id)",
                "Plans": [
                  {
                    "Node Type": "Bitmap Heap Scan",
                    "Parent Relationship": "Outer",
                    "Parallel Aware": true,
                    "Relation Name": "movie_keyword",
                    "Alias": "mk",
                    "Startup Cost": 4242.26,
                    "Total Cost": 30166.69,
                    "Plan Rows": 117634,
                    "Plan Width": 4,
                    "Actual Startup Time": 15.619,
                    "Actual Total Time": 55.232,
                    "Actual Rows": 98972,
                    "Actual Loops": 2,
                    "Recheck Cond": "(keyword_id > 69201)",
                    "Rows Removed by Index Recheck": 0,
                    "Exact Heap Blocks": 11918,
                    "Lossy Heap Blocks": 0,
                    "Plans": [
                      {
                        "Node Type": "Bitmap Index Scan",
                        "Parent Relationship": "Outer",
                        "Parallel Aware": false,
                        "Index Name": "keyword_id_movie_keyword",
                        "Startup Cost": 0.0,
                        "Total Cost": 4192.27,
                        "Plan Rows": 199978,
                        "Plan Width": 0,
                        "Actual Startup Time": 12.622,
                        "Actual Total Time": 12.623,
                        "Actual Rows": 197943,
                        "Actual Loops": 1,
                        "Index Cond": "(keyword_id > 69201)"
                      }
                    ]
                  },
                  {
                    "Node Type": "Hash",
                    "Parent Relationship": "Inner",
                    "Parallel Aware": true,
                    "Startup Cost": 50870.31,
                    "Total Cost": 50870.31,
                    "Plan Rows": 1487231,
                    "Plan Width": 4,
                    "Actual Startup Time": 494.606,
                    "Actual Total Time": 494.607,
                    "Actual Rows": 1264156,
                    "Actual Loops": 2,
                    "Hash Buckets": 4194304,
                    "Original Hash Buckets": 4194304,
                    "Hash Batches": 1,
                    "Original Hash Batches": 1,
                    "Peak Memory Usage": 131712,
                    "Plans": [
                      {
                        "Node Type": "Seq Scan",
                        "Parent Relationship": "Outer",
                        "Parallel Aware": true,
                        "Relation Name": "title",
                        "Alias": "t",
                        "Startup Cost": 0.0,
                        "Total Cost": 50870.31,
                        "Plan Rows": 1487231,
                        "Plan Width": 4,
                        "Actual Startup Time": 0.023,
                        "Actual Total Time": 146.246,
                        "Actual Rows": 1264156,
                        "Actual Loops": 2
                      }
                    ]
                  }
                ]
              }
            ]
          }
        ]
      }
    ]
  },
  "Planning Time": 0.306,
  "Triggers": [],
  "Execution Time": 627.405
}