[
  {
    "Plan": {
      "Node Type": "Aggregate",
      "Strategy": "Plain",
      "Partial Mode": "Finalize",
      "Parallel Aware": false,
      "Startup Cost": 33461.74,
      "Total Cost": 33461.75,
      "Plan Rows": 1,
      "Plan Width": 8,
      "Actual Startup Time": 83.711,
      "Actual Total Time": 89.666,
      "Actual Rows": 1,
      "Actual Loops": 1,
      "Plans": [
        {
          "Node Type": "Gather",
          "Parent Relationship": "Outer",
          "Parallel Aware": false,
          "Startup Cost": 33461.42,
          "Total Cost": 33461.73,
          "Plan Rows": 3,
          "Plan Width": 8,
          "Actual Startup Time": 83.621,
          "Actual Total Time": 89.66,
          "Actual Rows": 4,
          "Actual Loops": 1,
          "Workers Planned": 3,
          "Workers Launched": 3,
          "Single Copy": false,
          "Plans": [
            {
              "Node Type": "Aggregate",
              "Strategy": "Plain",
              "Partial Mode": "Partial",
              "Parent Relationship": "Outer",
              "Parallel Aware": false,
              "Startup Cost": 32461.42,
              "Total Cost": 32461.43,
              "Plan Rows": 1,
              "Plan Width": 8,
              "Actual Startup Time": 80.626,
              "Actual Total Time": 80.627,
              "Actual Rows": 1,
              "Actual Loops": 4,
              "Plans": [
                {
                  "Node Type": "Seq Scan",
                  "Parent Relationship": "Outer",
                  "Parallel Aware": true,
                  "Relation Name": "movie_companies",
                  "Alias": "mc",
                  "Startup Cost": 0.0,
                  "Total Cost": 31414.82,
                  "Plan Rows": 418642,
                  "Plan Width": 0,
                  "Actual Startup Time": 31.598,
                  "Actual Total Time": 67.065,
                  "Actual Rows": 331890,
                  "Actual Loops": 4,
                  "Filter": "((company_id > 6) AND (company_type_id = 2))",
                  "Rows Removed by Filter": 320392
                }
              ]
            }
          ]
        }
      ]
    },
    "Planning Time": 0.081,
    "Triggers": [],
    "Execution Time": 89.686
  }
]