[
  {
    "Plan": {
      "Node Type": "Aggregate",
      "Strategy": "Plain",
      "Partial Mode": "Finalize",
      "Parallel Aware": false,
      "Startup Cost": 280944.68,
      "Total Cost": 280944.69,
      "Plan Rows": 1,
      "Plan Width": 8,
      "Actual Startup Time": 1012.91,
      "Actual Total Time": 1058.776,
      "Actual Rows": 1,
      "Actual Loops": 1,
      "Plans": [
        {
          "Node Type": "Gather",
          "Parent Relationship": "Outer",
          "Parallel Aware": false,
          "Startup Cost": 280944.16,
          "Total Cost": 280944.67,
          "Plan Rows": 5,
          "Plan Width": 8,
          "Actual Startup Time": 1003.249,
          "Actual Total Time": 1058.766,
          "Actual Rows": 6,
          "Actual Loops": 1,
          "Workers Planned": 5,
          "Workers Launched": 5,
          "Single Copy": false,
          "Plans": [
            {
              "Node Type": "Aggregate",
              "Strategy": "Plain",
              "Partial Mode": "Partial",
              "Parent Relationship": "Outer",
              "Parallel Aware": false,
              "Startup Cost": 279944.16,
              "Total Cost": 279944.17,
              "Plan Rows": 1,
              "Plan Width": 8,
              "Actual Startup Time": 991.987,
              "Actual Total Time": 991.993,
              "Actual Rows": 1,
              "Actual Loops": 6,
              "Plans": [
                {
                  "Node Type": "Hash Join",
                  "Parent Relationship": "Outer",
                  "Parallel Aware": true,
                  "Join Type": "Inner",
                  "Startup Cost": 70138.15,
                  "Total Cost": 278426.38,
                  "Plan Rows": 607112,
                  "Plan Width": 0,
                  "Actual Startup Time": 368.359,
                  "Actual Total Time": 960.226,
                  "Actual Rows": 713239,
                  "Actual Loops": 6,
                  "Inner Unique": false,
                  "Hash Cond": "(mi.movie_id = t.id)",
                  "Plans": [
                    {
                      "Node Type": "Seq Scan",
                      "Parent Relationship": "Outer",
                      "Parallel Aware": true,
                      "Relation Name": "movie_info",
                      "Alias": "mi",
                      "Startup Cost": 0.0,
                      "Total Cost": 199108.24,
                      "Plan Rows": 1773429,
                      "Plan Width": 4,
                      "Actual Startup Time": 16.486,
                      "Actual Total Time": 341.837,
                      "Actual Rows": 1491793,
                      "Actual Loops": 6,
                      "Filter": "(info_type_id > 6)",
                      "Rows Removed by Filter": 980827
                    },
                    {
                      "Node Type": "Hash",
                      "Parent Relationship": "Inner",
                      "Parallel Aware": true,
                      "Startup Cost": 65629.95,
                      "Total Cost": 65629.95,
                      "Plan Rows": 360656,
                      "Plan Width": 8,
                      "Actual Startup Time": 348.114,
                      "Actual Total Time": 348.118,
                      "Actual Rows": 117597,
                      "Actual Loops": 6,
                      "Hash Buckets": 1048576,
                      "Original Hash Buckets": 1048576,
                      "Hash Batches": 1,
                      "Original Hash Batches": 1,
                      "Peak Memory Usage": 35872,
                      "Plans": [
                        {
                          "Node Type": "Hash Join",
                          "Parent Relationship": "Outer",
                          "Parallel Aware": true,
                          "Join Type": "Inner",
                          "Startup Cost": 50435.39,
                          "Total Cost": 65629.95,
                          "Plan Rows": 360656,
                          "Plan Width": 8,
                          "Actual Startup Time": 224.663,
                          "Actual Total Time": 305.662,
                          "Actual Rows": 117597,
                          "Actual Loops": 6,
                          "Inner Unique": true,
                          "Hash Cond": "(mi_idx.movie_id = t.id)",
                          "Plans": [
                            {
                              "Node Type": "Seq Scan",
                              "Parent Relationship": "Outer",
                              "Parallel Aware": true,
                              "Relation Name": "movie_info_idx",
                              "Alias": "mi_idx",
                              "Startup Cost": 0.0,
                              "Total Cost": 13685.15,
                              "Plan Rows": 575015,
                              "Plan Width": 4,
                              "Actual Startup Time": 0.017,
                              "Actual Total Time": 23.362,
                              "Actual Rows": 230006,
                              "Actual Loops": 6
                            },
                            {
                              "Node Type": "Hash",
                              "Parent Relationship": "Inner",
                              "Parallel Aware": true,
                              "Startup Cost": 45479.59,
                              "Total Cost": 45479.59,
                              "Plan Rows": 396464,
                              "Plan Width": 4,
                              "Actual Startup Time": 221.308,
                              "Actual Total Time": 221.309,
                              "Actual Rows": 281701,
                              "Actual Loops": 6,
                              "Hash Buckets": 2097152,
                              "Original Hash Buckets": 2097152,
                              "Hash Batches": 1,
                              "Original Hash Batches": 1,
                              "Peak Memory Usage": 82624,
                              "Plans": [
                                {
                                  "Node Type": "Seq Scan",
                                  "Parent Relationship": "Outer",
                                  "Parallel Aware": true,
                                  "Relation Name": "title",
                                  "Alias": "t",
                                  "Startup Cost": 0.0,
                                  "Total Cost": 45479.59,
                                  "Plan Rows": 396464,
                                  "Plan Width": 4,
                                  "Actual Startup Time": 0.049,
                                  "Actual Total Time": 91.557,
                                  "Actual Rows": 281701,
                                  "Actual Loops": 6,
                                  "Filter": "((kind_id > 1) AND (production_year > 1966))",
                                  "Rows Removed by Filter": 139684
                                }
                              ]
                            }
                          ]
                        }
                      ]
                    }
                  ]
                }
              ]
            }
          ]
        }
      ]
    },
    "Planning Time": 1.467,
    "Triggers": [],
    "Execution Time": 1058.871
  }
]