[
    {
        "Bao": {
            "Bao prediction": "NaN",
            "Bao recommended hint": "(no hint)"
        }
    },
    {
        "Plan": {
            "Node Type": "Aggregate",
            "Strategy": "Plain",
            "Partial Mode": "Finalize",
            "Parallel Aware": false,
            "Startup Cost": 244760.87,
            "Total Cost": 244760.88,
            "Plan Rows": 1,
            "Plan Width": 8,
            "Actual Startup Time": 693.988,
            "Actual Total Time": 717.643,
            "Actual Rows": 1,
            "Actual Loops": 1,
            "Output": [
                "count(*)"
            ],
            "Plans": [
                {
                    "Node Type": "Gather",
                    "Parent Relationship": "Outer",
                    "Parallel Aware": false,
                    "Startup Cost": 244760.35,
                    "Total Cost": 244760.86,
                    "Plan Rows": 5,
                    "Plan Width": 8,
                    "Actual Startup Time": 693.17,
                    "Actual Total Time": 717.627,
                    "Actual Rows": 6,
                    "Actual Loops": 1,
                    "Output": [
                        "(PARTIAL count(*))"
                    ],
                    "Workers Planned": 5,
                    "Workers Launched": 5,
                    "Single Copy": false,
                    "Plans": [
                        {
                            "Node Type": "Aggregate",
                            "Strategy": "Plain",
                            "Partial Mode": "Partial",
                            "Parent Relationship": "Outer",
                            "Parallel Aware": false,
                            "Startup Cost": 243760.35,
                            "Total Cost": 243760.36,
                            "Plan Rows": 1,
                            "Plan Width": 8,
                            "Actual Startup Time": 683.547,
                            "Actual Total Time": 683.55,
                            "Actual Rows": 1,
                            "Actual Loops": 6,
                            "Output": [
                                "PARTIAL count(*)"
                            ],
                            "Workers": [
                                {
                                    "Worker Number": 0,
                                    "Actual Startup Time": 681.278,
                                    "Actual Total Time": 681.282,
                                    "Actual Rows": 1,
                                    "Actual Loops": 1
                                },
                                {
                                    "Worker Number": 1,
                                    "Actual Startup Time": 681.45,
                                    "Actual Total Time": 681.453,
                                    "Actual Rows": 1,
                                    "Actual Loops": 1
                                },
                                {
                                    "Worker Number": 2,
                                    "Actual Startup Time": 681.607,
                                    "Actual Total Time": 681.609,
                                    "Actual Rows": 1,
                                    "Actual Loops": 1
                                },
                                {
                                    "Worker Number": 3,
                                    "Actual Startup Time": 682.095,
                                    "Actual Total Time": 682.097,
                                    "Actual Rows": 1,
                                    "Actual Loops": 1
                                },
                                {
                                    "Worker Number": 4,
                                    "Actual Startup Time": 682.063,
                                    "Actual Total Time": 682.066,
                                    "Actual Rows": 1,
                                    "Actual Loops": 1
                                }
                            ],
                            "Plans": [
                                {
                                    "Node Type": "Hash Join",
                                    "Parent Relationship": "Outer",
                                    "Parallel Aware": true,
                                    "Join Type": "Inner",
                                    "Startup Cost": 44215.34,
                                    "Total Cost": 243464.97,
                                    "Plan Rows": 118153,
                                    "Plan Width": 0,
                                    "Actual Startup Time": 84.636,
                                    "Actual Total Time": 674.365,
                                    "Actual Rows": 176977,
                                    "Actual Loops": 6,
                                    "Inner Unique": true,
                                    "Hash Cond": "(mi.movie_id = t.id)",
                                    "Workers": [
                                        {
                                            "Worker Number": 0,
                                            "Actual Startup Time": 82.433,
                                            "Actual Total Time": 671.916,
                                            "Actual Rows": 121038,
                                            "Actual Loops": 1
                                        },
                                        {
                                            "Worker Number": 1,
                                            "Actual Startup Time": 82.553,
                                            "Actual Total Time": 672.486,
                                            "Actual Rows": 192879,
                                            "Actual Loops": 1
                                        },
                                        {
                                            "Worker Number": 2,
                                            "Actual Startup Time": 82.705,
                                            "Actual Total Time": 672.64,
                                            "Actual Rows": 194670,
                                            "Actual Loops": 1
                                        },
                                        {
                                            "Worker Number": 3,
                                            "Actual Startup Time": 83.094,
                                            "Actual Total Time": 672.947,
                                            "Actual Rows": 199284,
                                            "Actual Loops": 1
                                        },
                                        {
                                            "Worker Number": 4,
                                            "Actual Startup Time": 83.168,
                                            "Actual Total Time": 673.019,
                                            "Actual Rows": 117544,
                                            "Actual Loops": 1
                                        }
                                    ],
                                    "Plans": [
                                        {
                                            "Node Type": "Seq Scan",
                                            "Parent Relationship": "Outer",
                                            "Parallel Aware": true,
                                            "Relation Name": "movie_info",
                                            "Schema": "public",
                                            "Alias": "mi",
                                            "Startup Cost": 0.0,
                                            "Total Cost": 191503.19,
                                            "Plan Rows": 2951019,
                                            "Plan Width": 4,
                                            "Actual Startup Time": 0.028,
                                            "Actual Total Time": 280.476,
                                            "Actual Rows": 2472620,
                                            "Actual Loops": 6,
                                            "Output": [
                                                "mi.id",
                                                "mi.movie_id",
                                                "mi.info_type_id",
                                                "mi.info",
                                                "mi.note"
                                            ],
                                            "Workers": [
                                                {
                                                    "Worker Number": 0,
                                                    "Actual Startup Time": 0.031,
                                                    "Actual Total Time": 286.616,
                                                    "Actual Rows": 1710799,
                                                    "Actual Loops": 1
                                                },
                                                {
                                                    "Worker Number": 1,
                                                    "Actual Startup Time": 0.028,
                                                    "Actual Total Time": 281.319,
                                                    "Actual Rows": 2650043,
                                                    "Actual Loops": 1
                                                },
                                                {
                                                    "Worker Number": 2,
                                                    "Actual Startup Time": 0.029,
                                                    "Actual Total Time": 282.382,
                                                    "Actual Rows": 2698186,
                                                    "Actual Loops": 1
                                                },
                                                {
                                                    "Worker Number": 3,
                                                    "Actual Startup Time": 0.031,
                                                    "Actual Total Time": 282.072,
                                                    "Actual Rows": 2702908,
                                                    "Actual Loops": 1
                                                },
                                                {
                                                    "Worker Number": 4,
                                                    "Actual Startup Time": 0.041,
                                                    "Actual Total Time": 292.553,
                                                    "Actual Rows": 1597442,
                                                    "Actual Loops": 1
                                                }
                                            ]
                                        },
                                        {
                                            "Node Type": "Hash",
                                            "Parent Relationship": "Inner",
                                            "Parallel Aware": true,
                                            "Startup Cost": 43899.01,
                                            "Total Cost": 43899.01,
                                            "Plan Rows": 25307,
                                            "Plan Width": 4,
                                            "Actual Startup Time": 74.246,
                                            "Actual Total Time": 74.247,
                                            "Actual Rows": 16430,
                                            "Actual Loops": 6,
                                            "Output": [
                                                "t.id"
                                            ],
                                            "Hash Buckets": 131072,
                                            "Original Hash Buckets": 131072,
                                            "Hash Batches": 1,
                                            "Original Hash Batches": 1,
                                            "Peak Memory Usage": 4960,
                                            "Workers": [
                                                {
                                                    "Worker Number": 0,
                                                    "Actual Startup Time": 72.14,
                                                    "Actual Total Time": 72.141,
                                                    "Actual Rows": 11188,
                                                    "Actual Loops": 1
                                                },
                                                {
                                                    "Worker Number": 1,
                                                    "Actual Startup Time": 72.309,
                                                    "Actual Total Time": 72.31,
                                                    "Actual Rows": 16942,
                                                    "Actual Loops": 1
                                                },
                                                {
                                                    "Worker Number": 2,
                                                    "Actual Startup Time": 72.468,
                                                    "Actual Total Time": 72.469,
                                                    "Actual Rows": 16906,
                                                    "Actual Loops": 1
                                                },
                                                {
                                                    "Worker Number": 3,
                                                    "Actual Startup Time": 72.828,
                                                    "Actual Total Time": 72.828,
                                                    "Actual Rows": 17598,
                                                    "Actual Loops": 1
                                                },
                                                {
                                                    "Worker Number": 4,
                                                    "Actual Startup Time": 72.88,
                                                    "Actual Total Time": 72.881,
                                                    "Actual Rows": 9690,
                                                    "Actual Loops": 1
                                                }
                                            ],
                                            "Plans": [
                                                {
                                                    "Node Type": "Seq Scan",
                                                    "Parent Relationship": "Outer",
                                                    "Parallel Aware": true,
                                                    "Relation Name": "title",
                                                    "Schema": "public",
                                                    "Alias": "t",
                                                    "Startup Cost": 0.0,
                                                    "Total Cost": 43899.01,
                                                    "Plan Rows": 25307,
                                                    "Plan Width": 4,
                                                    "Actual Startup Time": 37.549,
                                                    "Actual Total Time": 68.615,
                                                    "Actual Rows": 16430,
                                                    "Actual Loops": 6,
                                                    "Output": [
                                                        "t.id"
                                                    ],
                                                    "Filter": "(t.production_year < 1924)",
                                                    "Rows Removed by Filter": 404956,
                                                    "Workers": [
                                                        {
                                                            "Worker Number": 0,
                                                            "Actual Startup Time": 44.556,
                                                            "Actual Total Time": 66.719,
                                                            "Actual Rows": 11188,
                                                            "Actual Loops": 1
                                                        },
                                                        {
                                                            "Worker Number": 1,
                                                            "Actual Startup Time": 26.649,
                                                            "Actual Total Time": 66.344,
                                                            "Actual Rows": 16942,
                                                            "Actual Loops": 1
                                                        },
                                                        {
                                                            "Worker Number": 2,
                                                            "Actual Startup Time": 41.809,
                                                            "Actual Total Time": 66.55,
                                                            "Actual Rows": 16906,
                                                            "Actual Loops": 1
                                                        },
                                                        {
                                                            "Worker Number": 3,
                                                            "Actual Startup Time": 28.815,
                                                            "Actual Total Time": 67.673,
                                                            "Actual Rows": 17598,
                                                            "Actual Loops": 1
                                                        },
                                                        {
                                                            "Worker Number": 4,
                                                            "Actual Startup Time": 45.292,
                                                            "Actual Total Time": 67.756,
                                                            "Actual Rows": 9690,
                                                            "Actual Loops": 1
                                                        }
                                                    ]
                                                }
                                            ]
                                        }
                                    ]
                                }
                            ]
                        }
                    ]
                }
            ]
        },
        "Planning Time": 208.312,
        "Triggers": [],
        "Execution Time": 717.705
    }
]