[
  {
    "Plan": {
      "Node Type": "Aggregate",
      "Strategy": "Plain",
      "Partial Mode": "Finalize",
      "Parallel Aware": false,
      "Startup Cost": 447317.05,
      "Total Cost": 447317.06,
      "Plan Rows": 1,
      "Plan Width": 8,
      "Actual Startup Time": 1569.917,
      "Actual Total Time": 1628.339,
      "Actual Rows": 1,
      "Actual Loops": 1,
      "Plans": [
        {
          "Node Type": "Gather",
          "Parent Relationship": "Outer",
          "Parallel Aware": false,
          "Startup Cost": 447316.42,
          "Total Cost": 447317.03,
          "Plan Rows": 6,
          "Plan Width": 8,
          "Actual Startup Time": 1558.807,
          "Actual Total Time": 1628.322,
          "Actual Rows": 7,
          "Actual Loops": 1,
          "Workers Planned": 6,
          "Workers Launched": 6,
          "Single Copy": false,
          "Plans": [
            {
              "Node Type": "Aggregate",
              "Strategy": "Plain",
              "Partial Mode": "Partial",
              "Parent Relationship": "Outer",
              "Parallel Aware": false,
              "Startup Cost": 446316.42,
              "Total Cost": 446316.43,
              "Plan Rows": 1,
              "Plan Width": 8,
              "Actual Startup Time": 1549.696,
              "Actual Total Time": 1549.837,
              "Actual Rows": 1,
              "Actual Loops": 7,
              "Plans": [
                {
                  "Node Type": "Hash Join",
                  "Parent Relationship": "Outer",
                  "Parallel Aware": true,
                  "Join Type": "Inner",
                  "Startup Cost": 83317.96,
                  "Total Cost": 444065.65,
                  "Plan Rows": 900311,
                  "Plan Width": 0,
                  "Actual Startup Time": 540.178,
                  "Actual Total Time": 1512.163,
                  "Actual Rows": 826516,
                  "Actual Loops": 7,
                  "Inner Unique": false,
                  "Hash Cond": "(ci.movie_id = t.id)",
                  "Plans": [
                    {
                      "Node Type": "Seq Scan",
                      "Parent Relationship": "Outer",
                      "Parallel Aware": true,
                      "Relation Name": "cast_info",
                      "Alias": "ci",
                      "Startup Cost": 0.0,
                      "Total Cost": 343316.27,
                      "Plan Rows": 3873916,
                      "Plan Width": 4,
                      "Actual Startup Time": 214.25,
                      "Actual Total Time": 700.652,
                      "Actual Rows": 3306358,
                      "Actual Loops": 7,
                      "Filter": "((person_id < 3981204) AND (role_id > 1))",
                      "Rows Removed by Filter": 1871406
                    },
                    {
                      "Node Type": "Hash",
                      "Parent Relationship": "Inner",
                      "Parallel Aware": true,
                      "Startup Cost": 80948.55,
                      "Total Cost": 80948.55,
                      "Plan Rows": 189553,
                      "Plan Width": 8,
                      "Actual Startup Time": 323.57,
                      "Actual Total Time": 323.71,
                      "Actual Rows": 41847,
                      "Actual Loops": 7,
                      "Hash Buckets": 1048576,
                      "Original Hash Buckets": 1048576,
                      "Hash Batches": 1,
                      "Original Hash Batches": 1,
                      "Peak Memory Usage": 19776,
                      "Plans": [
                        {
                          "Node Type": "Hash Join",
                          "Parent Relationship": "Outer",
                          "Parallel Aware": true,
                          "Join Type": "Inner",
                          "Startup Cost": 48717.81,
                          "Total Cost": 80948.55,
                          "Plan Rows": 189553,
                          "Plan Width": 8,
                          "Actual Startup Time": 226.358,
                          "Actual Total Time": 308.046,
                          "Actual Rows": 41847,
                          "Actual Loops": 7,
                          "Inner Unique": true,
                          "Hash Cond": "(mc.movie_id = t.id)",
                          "Plans": [
                            {
                              "Node Type": "Seq Scan",
                              "Parent Relationship": "Outer",
                              "Parallel Aware": true,
                              "Relation Name": "movie_companies",
                              "Alias": "mc",
                              "Startup Cost": 0.0,
                              "Total Cost": 31414.82,
                              "Plan Rows": 310827,
                              "Plan Width": 4,
                              "Actual Startup Time": 23.374,
                              "Actual Total Time": 49.671,
                              "Actual Rows": 160713,
                              "Actual Loops": 7,
                              "Filter": "((company_id > 1402) AND (company_type_id > 1))",
                              "Rows Removed by Filter": 212019
                            },
                            {
                              "Node Type": "Hash",
                              "Parent Relationship": "Inner",
                              "Parallel Aware": true,
                              "Startup Cost": 43899.32,
                              "Total Cost": 43899.32,
                              "Plan Rows": 385479,
                              "Plan Width": 4,
                              "Actual Startup Time": 200.175,
                              "Actual Total Time": 200.177,
                              "Actual Rows": 220466,
                              "Actual Loops": 7,
                              "Hash Buckets": 2097152,
                              "Original Hash Buckets": 2097152,
                              "Hash Batches": 1,
                              "Original Hash Batches": 1,
                              "Peak Memory Usage": 76864,
                              "Plans": [
                                {
                                  "Node Type": "Seq Scan",
                                  "Parent Relationship": "Outer",
                                  "Parallel Aware": true,
                                  "Relation Name": "title",
                                  "Alias": "t",
                                  "Startup Cost": 0.0,
                                  "Total Cost": 43899.32,
                                  "Plan Rows": 385479,
                                  "Plan Width": 4,
                                  "Actual Startup Time": 0.064,
                                  "Actual Total Time": 80.244,
                                  "Actual Rows": 220466,
                                  "Actual Loops": 7,
                                  "Filter": "(kind_id = 7)",
                                  "Rows Removed by Filter": 140721
                                }
                              ]
                            }
                          ]
                        }
                      ]
                    }
                  ]
                }
              ]
            }
          ]
        }
      ]
    },
    "Planning Time": 0.657,
    "Triggers": [],
    "Execution Time": 1628.406
  }
]