[
  {
    "Plan": {
      "Node Type": "Aggregate",
      "Strategy": "Plain",
      "Partial Mode": "Finalize",
      "Parallel Aware": false,
      "Startup Cost": 447332.79,
      "Total Cost": 447332.8,
      "Plan Rows": 1,
      "Plan Width": 8,
      "Actual Startup Time": 1645.886,
      "Actual Total Time": 1713.768,
      "Actual Rows": 1,
      "Actual Loops": 1,
      "Plans": [
        {
          "Node Type": "Gather",
          "Parent Relationship": "Outer",
          "Parallel Aware": false,
          "Startup Cost": 447332.16,
          "Total Cost": 447332.77,
          "Plan Rows": 6,
          "Plan Width": 8,
          "Actual Startup Time": 1638.412,
          "Actual Total Time": 1713.756,
          "Actual Rows": 7,
          "Actual Loops": 1,
          "Workers Planned": 6,
          "Workers Launched": 6,
          "Single Copy": false,
          "Plans": [
            {
              "Node Type": "Aggregate",
              "Strategy": "Plain",
              "Partial Mode": "Partial",
              "Parent Relationship": "Outer",
              "Parallel Aware": false,
              "Startup Cost": 446332.16,
              "Total Cost": 446332.17,
              "Plan Rows": 1,
              "Plan Width": 8,
              "Actual Startup Time": 1627.161,
              "Actual Total Time": 1627.288,
              "Actual Rows": 1,
              "Actual Loops": 7,
              "Plans": [
                {
                  "Node Type": "Hash Join",
                  "Parent Relationship": "Outer",
                  "Parallel Aware": true,
                  "Join Type": "Inner",
                  "Startup Cost": 83268.27,
                  "Total Cost": 444086.05,
                  "Plan Rows": 898445,
                  "Plan Width": 0,
                  "Actual Startup Time": 534.252,
                  "Actual Total Time": 1588.375,
                  "Actual Rows": 826516,
                  "Actual Loops": 7,
                  "Inner Unique": false,
                  "Hash Cond": "(ci.movie_id = t.id)",
                  "Plans": [
                    {
                      "Node Type": "Seq Scan",
                      "Parent Relationship": "Outer",
                      "Parallel Aware": true,
                      "Relation Name": "cast_info",
                      "Alias": "ci",
                      "Startup Cost": 0.0,
                      "Total Cost": 343257.03,
                      "Plan Rows": 3910012,
                      "Plan Width": 4,
                      "Actual Startup Time": 208.913,
                      "Actual Total Time": 730.015,
                      "Actual Rows": 3306358,
                      "Actual Loops": 7,
                      "Filter": "((person_id < 3981204) AND (role_id > 1))",
                      "Rows Removed by Filter": 1871406
                    },
                    {
                      "Node Type": "Hash",
                      "Parent Relationship": "Inner",
                      "Parallel Aware": true,
                      "Startup Cost": 80925.72,
                      "Total Cost": 80925.72,
                      "Plan Rows": 187404,
                      "Plan Width": 8,
                      "Actual Startup Time": 321.932,
                      "Actual Total Time": 322.057,
                      "Actual Rows": 41847,
                      "Actual Loops": 7,
                      "Hash Buckets": 1048576,
                      "Original Hash Buckets": 1048576,
                      "Hash Batches": 1,
                      "Original Hash Batches": 1,
                      "Peak Memory Usage": 19776,
                      "Plans": [
                        {
                          "Node Type": "Hash Join",
                          "Parent Relationship": "Outer",
                          "Parallel Aware": true,
                          "Join Type": "Inner",
                          "Startup Cost": 48701.62,
                          "Total Cost": 80925.72,
                          "Plan Rows": 187404,
                          "Plan Width": 8,
                          "Actual Startup Time": 223.945,
                          "Actual Total Time": 302.445,
                          "Actual Rows": 41847,
                          "Actual Loops": 7,
                          "Inner Unique": true,
                          "Hash Cond": "(mc.movie_id = t.id)",
                          "Plans": [
                            {
                              "Node Type": "Seq Scan",
                              "Parent Relationship": "Outer",
                              "Parallel Aware": true,
                              "Relation Name": "movie_companies",
                              "Alias": "mc",
                              "Startup Cost": 0.0,
                              "Total Cost": 31414.82,
                              "Plan Rows": 308298,
                              "Plan Width": 4,
                              "Actual Startup Time": 22.791,
                              "Actual Total Time": 48.687,
                              "Actual Rows": 160713,
                              "Actual Loops": 7,
                              "Filter": "((company_id > 1402) AND (company_type_id > 1))",
                              "Rows Removed by Filter": 212019
                            },
                            {
                              "Node Type": "Hash",
                              "Parent Relationship": "Inner",
                              "Parallel Aware": true,
                              "Startup Cost": 43898.92,
                              "Total Cost": 43898.92,
                              "Plan Rows": 384216,
                              "Plan Width": 4,
                              "Actual Startup Time": 198.228,
                              "Actual Total Time": 198.229,
                              "Actual Rows": 220466,
                              "Actual Loops": 7,
                              "Hash Buckets": 2097152,
                              "Original Hash Buckets": 2097152,
                              "Hash Batches": 1,
                              "Original Hash Batches": 1,
                              "Peak Memory Usage": 76864,
                              "Plans": [
                                {
                                  "Node Type": "Seq Scan",
                                  "Parent Relationship": "Outer",
                                  "Parallel Aware": true,
                                  "Relation Name": "title",
                                  "Alias": "t",
                                  "Startup Cost": 0.0,
                                  "Total Cost": 43898.92,
                                  "Plan Rows": 384216,
                                  "Plan Width": 4,
                                  "Actual Startup Time": 0.056,
                                  "Actual Total Time": 80.341,
                                  "Actual Rows": 220466,
                                  "Actual Loops": 7,
                                  "Filter": "(kind_id = 7)",
                                  "Rows Removed by Filter": 140721
                                }
                              ]
                            }
                          ]
                        }
                      ]
                    }
                  ]
                }
              ]
            }
          ]
        }
      ]
    },
    "Planning Time": 1.548,
    "Triggers": [],
    "Execution Time": 1713.871
  }
]