[
  {
    "Plan": {
      "Node Type": "Aggregate",
      "Strategy": "Plain",
      "Partial Mode": "Finalize",
      "Parallel Aware": false,
      "Startup Cost": 152466.79,
      "Total Cost": 152466.8,
      "Plan Rows": 1,
      "Plan Width": 8,
      "Actual Startup Time": 1255.251,
      "Actual Total Time": 1323.532,
      "Actual Rows": 1,
      "Actual Loops": 1,
      "Plans": [
        {
          "Node Type": "Gather",
          "Parent Relationship": "Outer",
          "Parallel Aware": false,
          "Startup Cost": 152466.47,
          "Total Cost": 152466.78,
          "Plan Rows": 3,
          "Plan Width": 8,
          "Actual Startup Time": 1250.949,
          "Actual Total Time": 1323.521,
          "Actual Rows": 4,
          "Actual Loops": 1,
          "Workers Planned": 3,
          "Workers Launched": 3,
          "Single Copy": false,
          "Plans": [
            {
              "Node Type": "Aggregate",
              "Strategy": "Plain",
              "Partial Mode": "Partial",
              "Parent Relationship": "Outer",
              "Parallel Aware": false,
              "Startup Cost": 151466.47,
              "Total Cost": 151466.48,
              "Plan Rows": 1,
              "Plan Width": 8,
              "Actual Startup Time": 1241.881,
              "Actual Total Time": 1241.885,
              "Actual Rows": 1,
              "Actual Loops": 4,
              "Plans": [
                {
                  "Node Type": "Nested Loop",
                  "Parent Relationship": "Outer",
                  "Parallel Aware": false,
                  "Join Type": "Inner",
                  "Startup Cost": 52555.4,
                  "Total Cost": 151399.1,
                  "Plan Rows": 26948,
                  "Plan Width": 0,
                  "Actual Startup Time": 231.384,
                  "Actual Total Time": 1231.112,
                  "Actual Rows": 117254,
                  "Actual Loops": 4,
                  "Inner Unique": false,
                  "Plans": [
                    {
                      "Node Type": "Hash Join",
                      "Parent Relationship": "Outer",
                      "Parallel Aware": true,
                      "Join Type": "Inner",
                      "Startup Cost": 52554.97,
                      "Total Cost": 78286.59,
                      "Plan Rows": 33124,
                      "Plan Width": 8,
                      "Actual Startup Time": 231.283,
                      "Actual Total Time": 315.712,
                      "Actual Rows": 58018,
                      "Actual Loops": 4,
                      "Inner Unique": true,
                      "Hash Cond": "(mk.movie_id = t.id)",
                      "Plans": [
                        {
                          "Node Type": "Bitmap Heap Scan",
                          "Parent Relationship": "Outer",
                          "Parallel Aware": true,
                          "Relation Name": "movie_keyword",
                          "Alias": "mk",
                          "Startup Cost": 5557.84,
                          "Total Cost": 31067.72,
                          "Plan Rows": 84471,
                          "Plan Width": 4,
                          "Actual Startup Time": 28.18,
                          "Actual Total Time": 69.654,
                          "Actual Rows": 68112,
                          "Actual Loops": 4,
                          "Recheck Cond": "(keyword_id < 231)",
                          "Rows Removed by Index Recheck": 0,
                          "Exact Heap Blocks": 9410,
                          "Lossy Heap Blocks": 0,
                          "Plans": [
                            {
                              "Node Type": "Bitmap Index Scan",
                              "Parent Relationship": "Outer",
                              "Parallel Aware": false,
                              "Index Name": "keyword_id_movie_keyword",
                              "Startup Cost": 0.0,
                              "Total Cost": 5492.38,
                              "Plan Rows": 261859,
                              "Plan Width": 0,
                              "Actual Startup Time": 22.321,
                              "Actual Total Time": 22.322,
                              "Actual Rows": 272446,
                              "Actual Loops": 1,
                              "Index Cond": "(keyword_id < 231)"
                            }
                          ]
                        },
                        {
                          "Node Type": "Hash",
                          "Parent Relationship": "Inner",
                          "Parallel Aware": true,
                          "Startup Cost": 43898.92,
                          "Total Cost": 43898.92,
                          "Plan Rows": 247857,
                          "Plan Width": 4,
                          "Actual Startup Time": 198.108,
                          "Actual Total Time": 198.109,
                          "Actual Rows": 246262,
                          "Actual Loops": 4,
                          "Hash Buckets": 1048576,
                          "Original Hash Buckets": 1048576,
                          "Hash Batches": 1,
                          "Original Hash Batches": 1,
                          "Peak Memory Usage": 46816,
                          "Plans": [
                            {
                              "Node Type": "Seq Scan",
                              "Parent Relationship": "Outer",
                              "Parallel Aware": true,
                              "Relation Name": "title",
                              "Alias": "t",
                              "Startup Cost": 0.0,
                              "Total Cost": 43898.92,
                              "Plan Rows": 247857,
                              "Plan Width": 4,
                              "Actual Startup Time": 0.036,
                              "Actual Total Time": 113.443,
                              "Actual Rows": 246262,
                              "Actual Loops": 4,
                              "Filter": "(kind_id < 7)",
                              "Rows Removed by Filter": 385816
                            }
                          ]
                        }
                      ]
                    },
                    {
                      "Node Type": "Index Scan",
                      "Parent Relationship": "Inner",
                      "Parallel Aware": false,
                      "Scan Direction": "Forward",
                      "Index Name": "movie_id_movie_info",
                      "Relation Name": "movie_info",
                      "Alias": "mi",
                      "Startup Cost": 0.43,
                      "Total Cost": 2.15,
                      "Plan Rows": 6,
                      "Plan Width": 4,
                      "Actual Startup Time": 0.005,
                      "Actual Total Time": 0.015,
                      "Actual Rows": 2,
                      "Actual Loops": 232074,
                      "Index Cond": "(movie_id = t.id)",
                      "Rows Removed by Index Recheck": 0,
                      "Filter": "(info_type_id < 3)",
                      "Rows Removed by Filter": 43
                    }
                  ]
                }
              ]
            }
          ]
        }
      ]
    },
    "Planning Time": 1.379,
    "Triggers": [],
    "Execution Time": 1323.67
  }
]