[
  {
    "Plan": {
      "Node Type": "Aggregate",
      "Strategy": "Plain",
      "Partial Mode": "Finalize",
      "Parallel Aware": false,
      "Startup Cost": 385207.64,
      "Total Cost": 385207.65,
      "Plan Rows": 1,
      "Plan Width": 8,
      "Actual Startup Time": 581.649,
      "Actual Total Time": 600.685,
      "Actual Rows": 1,
      "Actual Loops": 1,
      "Plans": [
        {
          "Node Type": "Gather",
          "Parent Relationship": "Outer",
          "Parallel Aware": false,
          "Startup Cost": 385207.02,
          "Total Cost": 385207.63,
          "Plan Rows": 6,
          "Plan Width": 8,
          "Actual Startup Time": 576.094,
          "Actual Total Time": 600.676,
          "Actual Rows": 7,
          "Actual Loops": 1,
          "Workers Planned": 6,
          "Workers Launched": 6,
          "Single Copy": false,
          "Plans": [
            {
              "Node Type": "Aggregate",
              "Strategy": "Plain",
              "Partial Mode": "Partial",
              "Parent Relationship": "Outer",
              "Parallel Aware": false,
              "Startup Cost": 384207.02,
              "Total Cost": 384207.03,
              "Plan Rows": 1,
              "Plan Width": 8,
              "Actual Startup Time": 564.821,
              "Actual Total Time": 564.825,
              "Actual Rows": 1,
              "Actual Loops": 7,
              "Plans": [
                {
                  "Node Type": "Hash Join",
                  "Parent Relationship": "Outer",
                  "Parallel Aware": true,
                  "Join Type": "Inner",
                  "Startup Cost": 121686.96,
                  "Total Cost": 383915.95,
                  "Plan Rows": 116428,
                  "Plan Width": 0,
                  "Actual Startup Time": 288.366,
                  "Actual Total Time": 554.093,
                  "Actual Rows": 204134,
                  "Actual Loops": 7,
                  "Inner Unique": true,
                  "Hash Cond": "(ci.movie_id = t.id)",
                  "Plans": [
                    {
                      "Node Type": "Bitmap Heap Scan",
                      "Parent Relationship": "Outer",
                      "Parallel Aware": true,
                      "Relation Name": "cast_info",
                      "Alias": "ci",
                      "Startup Cost": 75329.38,
                      "Total Cost": 336576.25,
                      "Plan Rows": 374142,
                      "Plan Width": 4,
                      "Actual Startup Time": 151.8,
                      "Actual Total Time": 279.286,
                      "Actual Rows": 467993,
                      "Actual Loops": 7,
                      "Recheck Cond": "(person_id > 3458600)",
                      "Rows Removed by Index Recheck": 0,
                      "Filter": "(role_id > 1)",
                      "Rows Removed by Filter": 0,
                      "Exact Heap Blocks": 9200,
                      "Lossy Heap Blocks": 0,
                      "Plans": [
                        {
                          "Node Type": "Bitmap Index Scan",
                          "Parent Relationship": "Outer",
                          "Parallel Aware": false,
                          "Index Name": "person_id_cast_info",
                          "Startup Cost": 0.0,
                          "Total Cost": 74768.17,
                          "Plan Rows": 3423947,
                          "Plan Width": 0,
                          "Actual Startup Time": 143.788,
                          "Actual Total Time": 143.789,
                          "Actual Rows": 3275954,
                          "Actual Loops": 1,
                          "Index Cond": "(person_id > 3458600)"
                        }
                      ]
                    },
                    {
                      "Node Type": "Hash",
                      "Parent Relationship": "Inner",
                      "Parallel Aware": true,
                      "Startup Cost": 43898.92,
                      "Total Cost": 43898.92,
                      "Plan Rows": 196693,
                      "Plan Width": 4,
                      "Actual Startup Time": 133.206,
                      "Actual Total Time": 133.207,
                      "Actual Rows": 112132,
                      "Actual Loops": 7,
                      "Hash Buckets": 1048576,
                      "Original Hash Buckets": 1048576,
                      "Hash Batches": 1,
                      "Original Hash Batches": 1,
                      "Peak Memory Usage": 39008,
                      "Plans": [
                        {
                          "Node Type": "Seq Scan",
                          "Parent Relationship": "Outer",
                          "Parallel Aware": true,
                          "Relation Name": "title",
                          "Alias": "t",
                          "Startup Cost": 0.0,
                          "Total Cost": 43898.92,
                          "Plan Rows": 196693,
                          "Plan Width": 4,
                          "Actual Startup Time": 0.044,
                          "Actual Total Time": 78.931,
                          "Actual Rows": 112132,
                          "Actual Loops": 7,
                          "Filter": "(production_year > 2007)",
                          "Rows Removed by Filter": 249055
                        }
                      ]
                    }
                  ]
                }
              ]
            }
          ]
        }
      ]
    },
    "Planning Time": 0.571,
    "Triggers": [],
    "Execution Time": 600.777
  }
]