[
  {
    "Plan": {
      "Node Type": "Aggregate",
      "Strategy": "Plain",
      "Partial Mode": "Finalize",
      "Parallel Aware": false,
      "Startup Cost": 339989.26,
      "Total Cost": 339989.27,
      "Plan Rows": 1,
      "Plan Width": 8,
      "Actual Startup Time": 947.53,
      "Actual Total Time": 1010.005,
      "Actual Rows": 1,
      "Actual Loops": 1,
      "Plans": [
        {
          "Node Type": "Gather",
          "Parent Relationship": "Outer",
          "Parallel Aware": false,
          "Startup Cost": 339988.64,
          "Total Cost": 339989.25,
          "Plan Rows": 6,
          "Plan Width": 8,
          "Actual Startup Time": 947.365,
          "Actual Total Time": 1009.992,
          "Actual Rows": 7,
          "Actual Loops": 1,
          "Workers Planned": 6,
          "Workers Launched": 6,
          "Single Copy": false,
          "Plans": [
            {
              "Node Type": "Aggregate",
              "Strategy": "Plain",
              "Partial Mode": "Partial",
              "Parent Relationship": "Outer",
              "Parallel Aware": false,
              "Startup Cost": 338988.64,
              "Total Cost": 338988.65,
              "Plan Rows": 1,
              "Plan Width": 8,
              "Actual Startup Time": 938.668,
              "Actual Total Time": 938.669,
              "Actual Rows": 1,
              "Actual Loops": 7,
              "Plans": [
                {
                  "Node Type": "Seq Scan",
                  "Parent Relationship": "Outer",
                  "Parallel Aware": true,
                  "Relation Name": "cast_info",
                  "Alias": "ci",
                  "Startup Cost": 0.0,
                  "Total Cost": 328162.03,
                  "Plan Rows": 4330645,
                  "Plan Width": 0,
                  "Actual Startup Time": 0.046,
                  "Actual Total Time": 735.143,
                  "Actual Rows": 3726249,
                  "Actual Loops": 7,
                  "Filter": "(person_id < 2700029)",
                  "Rows Removed by Filter": 1451514
                }
              ]
            }
          ]
        }
      ]
    },
    "Planning Time": 0.151,
    "Triggers": [],
    "Execution Time": 1010.085
  }
]