{
  "Plan": {
    "Node Type": "Aggregate",
    "Strategy": "Plain",
    "Partial Mode": "Simple",
    "Parallel Aware": false,
    "Startup Cost": 2769225.59,
    "Total Cost": 2769225.6,
    "Plan Rows": 1,
    "Plan Width": 64,
    "Actual Startup Time": 30922.551,
    "Actual Total Time": 30922.652,
    "Actual Rows": 1,
    "Actual Loops": 1,
    "Plans": [
      {
        "Node Type": "Merge Join",
        "Parent Relationship": "Outer",
        "Parallel Aware": false,
        "Join Type": "Inner",
        "Startup Cost": 2756764.41,
        "Total Cost": 2769225.58,
        "Plan Rows": 1,
        "Plan Width": 15,
        "Actual Startup Time": 30808.436,
        "Actual Total Time": 30922.469,
        "Actual Rows": 1918,
        "Actual Loops": 1,
        "Inner Unique": false,
        "Merge Cond": "(cn.id = mc.company_id)",
        "Plans": [
          {
            "Node Type": "Index Only Scan",
            "Parent Relationship": "Outer",
            "Parallel Aware": false,
            "Scan Direction": "Forward",
            "Index Name": "company_name_pkey",
            "Relation Name": "company_name",
            "Alias": "cn",
            "Startup Cost": 0.42,
            "Total Cost": 11881.93,
            "Plan Rows": 234997,
            "Plan Width": 4,
            "Actual Startup Time": 0.03,
            "Actual Total Time": 102.508,
            "Actual Rows": 233281,
            "Actual Loops": 1,
            "Heap Fetches": 233281
          },
          {
            "Node Type": "Sort",
            "Parent Relationship": "Inner",
            "Parallel Aware": false,
            "Startup Cost": 2756763.99,
            "Total Cost": 2756764.0,
            "Plan Rows": 1,
            "Plan Width": 19,
            "Actual Startup Time": 30808.372,
            "Actual Total Time": 30808.724,
            "Actual Rows": 1918,
            "Actual Loops": 1,
            "Sort Key": [
              "mc.company_id"
            ],
            "Sort Method": "quicksort",
            "Sort Space Used": 175,
            "Sort Space Type": "Memory",
            "Plans": [
              {
                "Node Type": "Merge Join",
                "Parent Relationship": "Outer",
                "Parallel Aware": false,
                "Join Type": "Inner",
                "Startup Cost": 2609836.81,
                "Total Cost": 2756763.98,
                "Plan Rows": 1,
                "Plan Width": 19,
                "Actual Startup Time": 30113.208,
                "Actual Total Time": 30807.95,
                "Actual Rows": 1918,
                "Actual Loops": 1,
                "Inner Unique": false,
                "Merge Cond": "(mc.movie_id = t.id)",
                "Plans": [
                  {
                    "Node Type": "Index Scan",
                    "Parent Relationship": "Outer",
                    "Parallel Aware": false,
                    "Scan Direction": "Forward",
                    "Index Name": "movie_id_movie_companies",
                    "Relation Name": "movie_companies",
                    "Alias": "mc",
                    "Startup Cost": 0.43,
                    "Total Cost": 140404.76,
                    "Plan Rows": 2609129,
                    "Plan Width": 8,
                    "Actual Startup Time": 0.013,
                    "Actual Total Time": 532.374,
                    "Actual Rows": 2596778,
                    "Actual Loops": 1
                  },
                  {
                    "Node Type": "Sort",
                    "Parent Relationship": "Inner",
                    "Parallel Aware": false,
                    "Startup Cost": 2609836.38,
                    "Total Cost": 2609836.38,
                    "Plan Rows": 1,
                    "Plan Width": 27,
                    "Actual Startup Time": 30107.363,
                    "Actual Total Time": 30107.627,
                    "Actual Rows": 1924,
                    "Actual Loops": 1,
                    "Sort Key": [
                      "mk.movie_id"
                    ],
                    "Sort Method": "quicksort",
                    "Sort Space Used": 44,
                    "Sort Space Type": "Memory",
                    "Plans": [
                      {
                        "Node Type": "Merge Join",
                        "Parent Relationship": "Outer",
                        "Parallel Aware": false,
                        "Join Type": "Inner",
                        "Startup Cost": 2609831.89,
                        "Total Cost": 2609836.37,
                        "Plan Rows": 1,
                        "Plan Width": 27,
                        "Actual Startup Time": 30028.576,
                        "Actual Total Time": 30107.394,
                        "Actual Rows": 250,
                        "Actual Loops": 1,
                        "Inner Unique": true,
                        "Merge Cond": "(ci.person_id = n.id)",
                        "Plans": [
                          {
                            "Node Type": "Sort",
                            "Parent Relationship": "Outer",
                            "Parallel Aware": false,
                            "Startup Cost": 2522516.56,
                            "Total Cost": 2522517.78,
                            "Plan Rows": 488,
                            "Plan Width": 16,
                            "Actual Startup Time": 29703.72,
                            "Actual Total Time": 29807.278,
                            "Actual Rows": 1038393,
                            "Actual Loops": 1,
                            "Sort Key": [
                              "ci.person_id"
                            ],
                            "Sort Method": "quicksort",
                            "Sort Space Used": 73251,
                            "Sort Space Type": "Memory",
                            "Plans": [
                              {
                                "Node Type": "Merge Join",
                                "Parent Relationship": "Outer",
                                "Parallel Aware": false,
                                "Join Type": "Inner",
                                "Startup Cost": 240502.06,
                                "Total Cost": 2522494.77,
                                "Plan Rows": 488,
                                "Plan Width": 16,
                                "Actual Startup Time": 180.557,
                                "Actual Total Time": 29448.751,
                                "Actual Rows": 1038393,
                                "Actual Loops": 1,
                                "Inner Unique": false,
                                "Merge Cond": "(t.id = ci.movie_id)",
                                "Plans": [
                                  {
                                    "Node Type": "Merge Join",
                                    "Parent Relationship": "Outer",
                                    "Parallel Aware": false,
                                    "Join Type": "Inner",
                                    "Startup Cost": 240501.5,
                                    "Total Cost": 357042.78,
                                    "Plan Rows": 34,
                                    "Plan Width": 8,
                                    "Actual Startup Time": 176.705,
                                    "Actual Total Time": 1916.338,
                                    "Actual Rows": 41840,
                                    "Actual Loops": 1,
                                    "Inner Unique": false,
                                    "Merge Cond": "(t.id = mk.movie_id)",
                                    "Plans": [
                                      {
                                        "Node Type": "Index Only Scan",
                                        "Parent Relationship": "Outer",
                                        "Parallel Aware": false,
                                        "Scan Direction": "Forward",
                                        "Index Name": "title_pkey",
                                        "Relation Name": "title",
                                        "Alias": "t",
                                        "Startup Cost": 0.43,
                                        "Total Cost": 110359.06,
                                        "Plan Rows": 2528509,
                                        "Plan Width": 4,
                                        "Actual Startup Time": 0.034,
                                        "Actual Total Time": 1599.532,
                                        "Actual Rows": 2525772,
                                        "Actual Loops": 1,
                                        "Heap Fetches": 2525772
                                      },
                                      {
                                        "Node Type": "Sort",
                                        "Parent Relationship": "Inner",
                                        "Parallel Aware": false,
                                        "Startup Cost": 240487.87,
                                        "Total Cost": 240487.95,
                                        "Plan Rows": 34,
                                        "Plan Width": 4,
                                        "Actual Startup Time": 176.11,
                                        "Actual Total Time": 183.951,
                                        "Actual Rows": 41840,
                                        "Actual Loops": 1,
                                        "Sort Key": [
                                          "mk.movie_id"
                                        ],
                                        "Sort Method": "quicksort",
                                        "Sort Space Used": 3498,
                                        "Sort Space Type": "Memory",
                                        "Plans": [
                                          {
                                            "Node Type": "Merge Join",
                                            "Parent Relationship": "Outer",
                                            "Parallel Aware": false,
                                            "Join Type": "Inner",
                                            "Startup Cost": 3468.34,
                                            "Total Cost": 240487.0,
                                            "Plan Rows": 34,
                                            "Plan Width": 4,
                                            "Actual Startup Time": 138.043,
                                            "Actual Total Time": 166.629,
                                            "Actual Rows": 41840,
                                            "Actual Loops": 1,
                                            "Inner Unique": true,
                                            "Merge Cond": "(mk.keyword_id = k.id)",
                                            "Plans": [
                                              {
                                                "Node Type": "Index Scan",
                                                "Parent Relationship": "Outer",
                                                "Parallel Aware": false,
                                                "Scan Direction": "Forward",
                                                "Index Name": "keyword_id_movie_keyword",
                                                "Relation Name": "movie_keyword",
                                                "Alias": "mk",
                                                "Startup Cost": 0.43,
                                                "Total Cost": 226550.7,
                                                "Plan Rows": 4523930,
                                                "Plan Width": 8,
                                                "Actual Startup Time": 0.018,
                                                "Actual Total Time": 121.626,
                                                "Actual Rows": 163762,
                                                "Actual Loops": 1
                                              },
                                              {
                                                "Node Type": "Sort",
                                                "Parent Relationship": "Inner",
                                                "Parallel Aware": false,
                                                "Startup Cost": 2626.14,
                                                "Total Cost": 2626.14,
                                                "Plan Rows": 1,
                                                "Plan Width": 4,
                                                "Actual Startup Time": 24.42,
                                                "Actual Total Time": 24.422,
                                                "Actual Rows": 1,
                                                "Actual Loops": 1,
                                                "Sort Key": [
                                                  "k.id"
                                                ],
                                                "Sort Method": "quicksort",
                                                "Sort Space Used": 25,
                                                "Sort Space Type": "Memory",
                                                "Plans": [
                                                  {
                                                    "Node Type": "Seq Scan",
                                                    "Parent Relationship": "Outer",
                                                    "Parallel Aware": false,
                                                    "Relation Name": "keyword",
                                                    "Alias": "k",
                                                    "Startup Cost": 0.0,
                                                    "Total Cost": 2626.12,
                                                    "Plan Rows": 1,
                                                    "Plan Width": 4,
                                                    "Actual Startup Time": 1.35,
                                                    "Actual Total Time": 24.413,
                                                    "Actual Rows": 1,
                                                    "Actual Loops": 1,
                                                    "Filter": "(keyword = 'character-name-in-title'::text)",
                                                    "Rows Removed by Filter": 134169
                                                  }
                                                ]
                                              }
                                            ]
                                          }
                                        ]
                                      }
                                    ]
                                  },
                                  {
                                    "Node Type": "Index Scan",
                                    "Parent Relationship": "Inner",
                                    "Parallel Aware": false,
                                    "Scan Direction": "Forward",
                                    "Index Name": "movie_id_cast_info",
                                    "Relation Name": "cast_info",
                                    "Alias": "ci",
                                    "Startup Cost": 0.56,
                                    "Total Cost": 2074802.47,
                                    "Plan Rows": 36257824,
                                    "Plan Width": 8,
                                    "Actual Startup Time": 0.027,
                                    "Actual Total Time": 25040.12,
                                    "Actual Rows": 36243485,
                                    "Actual Loops": 1
                                  }
                                ]
                              }
                            ]
                          },
                          {
                            "Node Type": "Sort",
                            "Parent Relationship": "Inner",
                            "Parallel Aware": false,
                            "Startup Cost": 87315.33,
                            "Total Cost": 87316.37,
                            "Plan Rows": 417,
                            "Plan Width": 19,
                            "Actual Startup Time": 228.754,
                            "Actual Total Time": 229.037,
                            "Actual Rows": 2609,
                            "Actual Loops": 1,
                            "Sort Key": [
                              "n.id"
                            ],
                            "Sort Method": "quicksort",
                            "Sort Space Used": 265,
                            "Sort Space Type": "Memory",
                            "Plans": [
                              {
                                "Node Type": "Gather",
                                "Parent Relationship": "Outer",
                                "Parallel Aware": false,
                                "Startup Cost": 1000.0,
                                "Total Cost": 87297.18,
                                "Plan Rows": 417,
                                "Plan Width": 19,
                                "Actual Startup Time": 98.933,
                                "Actual Total Time": 228.28,
                                "Actual Rows": 2664,
                                "Actual Loops": 1,
                                "Workers Planned": 1,
                                "Workers Launched": 1,
                                "Single Copy": false,
                                "Plans": [
                                  {
                                    "Node Type": "Seq Scan",
                                    "Parent Relationship": "Outer",
                                    "Parallel Aware": true,
                                    "Relation Name": "name",
                                    "Alias": "n",
                                    "Startup Cost": 0.0,
                                    "Total Cost": 86255.48,
                                    "Plan Rows": 245,
                                    "Plan Width": 19,
                                    "Actual Startup Time": 92.852,
                                    "Actual Total Time": 221.568,
                                    "Actual Rows": 1332,
                                    "Actual Loops": 2,
                                    "Filter": "(name ~~ 'X%'::text)",
                                    "Rows Removed by Filter": 2082414
                                  }
                                ]
                              }
                            ]
                          }
                        ]
                      }
                    ]
                  }
                ]
              }
            ]
          }
        ]
      }
    ]
  },
  "Planning Time": 2.565,
  "Triggers": [],
  "Execution Time": 30922.835
}