[
  {
    "Plan": {
      "Node Type": "Aggregate",
      "Strategy": "Plain",
      "Partial Mode": "Finalize",
      "Parallel Aware": false,
      "Startup Cost": 348646.54,
      "Total Cost": 348646.55,
      "Plan Rows": 1,
      "Plan Width": 8,
      "Actual Startup Time": 1013.107,
      "Actual Total Time": 1110.856,
      "Actual Rows": 1,
      "Actual Loops": 1,
      "Plans": [
        {
          "Node Type": "Gather",
          "Parent Relationship": "Outer",
          "Parallel Aware": false,
          "Startup Cost": 348645.91,
          "Total Cost": 348646.52,
          "Plan Rows": 6,
          "Plan Width": 8,
          "Actual Startup Time": 1012.833,
          "Actual Total Time": 1110.841,
          "Actual Rows": 7,
          "Actual Loops": 1,
          "Workers Planned": 6,
          "Workers Launched": 6,
          "Single Copy": false,
          "Plans": [
            {
              "Node Type": "Aggregate",
              "Strategy": "Plain",
              "Partial Mode": "Partial",
              "Parent Relationship": "Outer",
              "Parallel Aware": false,
              "Startup Cost": 347645.91,
              "Total Cost": 347645.92,
              "Plan Rows": 1,
              "Plan Width": 8,
              "Actual Startup Time": 1004.072,
              "Actual Total Time": 1004.076,
              "Actual Rows": 1,
              "Actual Loops": 7,
              "Plans": [
                {
                  "Node Type": "Seq Scan",
                  "Parent Relationship": "Outer",
                  "Parallel Aware": true,
                  "Relation Name": "cast_info",
                  "Alias": "ci",
                  "Startup Cost": 0.0,
                  "Total Cost": 343316.27,
                  "Plan Rows": 1731856,
                  "Plan Width": 0,
                  "Actual Startup Time": 351.079,
                  "Actual Total Time": 875.356,
                  "Actual Rows": 2243151,
                  "Actual Loops": 7,
                  "Filter": "((person_id > 2067088) AND (role_id > 1))",
                  "Rows Removed by Filter": 2934612
                }
              ]
            }
          ]
        }
      ]
    },
    "Planning Time": 0.164,
    "Triggers": [],
    "Execution Time": 1110.911
  }
]