{
  "Plan": {
    "Node Type": "Aggregate",
    "Strategy": "Plain",
    "Partial Mode": "Simple",
    "Parallel Aware": false,
    "Startup Cost": 826948.64,
    "Total Cost": 826948.65,
    "Plan Rows": 1,
    "Plan Width": 32,
    "Actual Startup Time": 3111.693,
    "Actual Total Time": 3146.832,
    "Actual Rows": 1,
    "Actual Loops": 1,
    "Plans": [
      {
        "Node Type": "Hash Join",
        "Parent Relationship": "Outer",
        "Parallel Aware": false,
        "Join Type": "Inner",
        "Startup Cost": 823870.18,
        "Total Cost": 826948.23,
        "Plan Rows": 163,
        "Plan Width": 17,
        "Actual Startup Time": 3096.713,
        "Actual Total Time": 3146.677,
        "Actual Rows": 1758,
        "Actual Loops": 1,
        "Inner Unique": false,
        "Hash Cond": "(k.id = mk.keyword_id)",
        "Plans": [
          {
            "Node Type": "Seq Scan",
            "Parent Relationship": "Outer",
            "Parallel Aware": false,
            "Relation Name": "keyword",
            "Alias": "k",
            "Startup Cost": 0.0,
            "Total Cost": 2626.12,
            "Plan Rows": 13,
            "Plan Width": 4,
            "Actual Startup Time": 2.971,
            "Actual Total Time": 17.301,
            "Actual Rows": 30,
            "Actual Loops": 1,
            "Filter": "(keyword ~~ '%sequel%'::text)",
            "Rows Removed by Filter": 134140
          },
          {
            "Node Type": "Hash",
            "Parent Relationship": "Inner",
            "Parallel Aware": false,
            "Startup Cost": 802751.34,
            "Total Cost": 802751.34,
            "Plan Rows": 1689507,
            "Plan Width": 21,
            "Actual Startup Time": 3075.806,
            "Actual Total Time": 3110.943,
            "Actual Rows": 605400,
            "Actual Loops": 1,
            "Hash Buckets": 2097152,
            "Original Hash Buckets": 2097152,
            "Hash Batches": 1,
            "Original Hash Batches": 1,
            "Peak Memory Usage": 48873,
            "Plans": [
              {
                "Node Type": "Merge Join",
                "Parent Relationship": "Outer",
                "Parallel Aware": false,
                "Join Type": "Inner",
                "Startup Cost": 654399.75,
                "Total Cost": 802751.34,
                "Plan Rows": 1689507,
                "Plan Width": 21,
                "Actual Startup Time": 1377.34,
                "Actual Total Time": 2976.484,
                "Actual Rows": 605400,
                "Actual Loops": 1,
                "Inner Unique": false,
                "Merge Cond": "(t.id = mi.movie_id)",
                "Plans": [
                  {
                    "Node Type": "Index Scan",
                    "Parent Relationship": "Outer",
                    "Parallel Aware": false,
                    "Scan Direction": "Forward",
                    "Index Name": "title_pkey",
                    "Relation Name": "title",
                    "Alias": "t",
                    "Startup Cost": 0.43,
                    "Total Cost": 116680.33,
                    "Plan Rows": 2398376,
                    "Plan Width": 21,
                    "Actual Startup Time": 0.023,
                    "Actual Total Time": 1350.54,
                    "Actual Rows": 2387538,
                    "Actual Loops": 1,
                    "Filter": "(production_year < 2013)",
                    "Rows Removed by Filter": 137965
                  },
                  {
                    "Node Type": "Sort",
                    "Parent Relationship": "Inner",
                    "Parallel Aware": false,
                    "Startup Cost": 654396.05,
                    "Total Cost": 658848.99,
                    "Plan Rows": 1781178,
                    "Plan Width": 12,
                    "Actual Startup Time": 1372.374,
                    "Actual Total Time": 1441.84,
                    "Actual Rows": 612026,
                    "Actual Loops": 1,
                    "Sort Key": [
                      "mi.movie_id"
                    ],
                    "Sort Method": "quicksort",
                    "Sort Space Used": 53265,
                    "Sort Space Type": "Memory",
                    "Plans": [
                      {
                        "Node Type": "Gather",
                        "Parent Relationship": "Outer",
                        "Parallel Aware": false,
                        "Startup Cost": 58288.97,
                        "Total Cost": 469470.58,
                        "Plan Rows": 1781178,
                        "Plan Width": 12,
                        "Actual Startup Time": 452.919,
                        "Actual Total Time": 1292.518,
                        "Actual Rows": 612026,
                        "Actual Loops": 1,
                        "Workers Planned": 5,
                        "Workers Launched": 5,
                        "Single Copy": false,
                        "Plans": [
                          {
                            "Node Type": "Hash Join",
                            "Parent Relationship": "Outer",
                            "Parallel Aware": true,
                            "Join Type": "Inner",
                            "Startup Cost": 57288.97,
                            "Total Cost": 290352.78,
                            "Plan Rows": 356236,
                            "Plan Width": 12,
                            "Actual Startup Time": 428.48,
                            "Actual Total Time": 1215.058,
                            "Actual Rows": 102004,
                            "Actual Loops": 6,
                            "Inner Unique": false,
                            "Hash Cond": "(mi.movie_id = mk.movie_id)",
                            "Plans": [
                              {
                                "Node Type": "Seq Scan",
                                "Parent Relationship": "Outer",
                                "Parallel Aware": true,
                                "Relation Name": "movie_info",
                                "Alias": "mi",
                                "Startup Cost": 0.0,
                                "Total Cost": 221467.02,
                                "Plan Rows": 28429,
                                "Plan Width": 4,
                                "Actual Startup Time": 0.392,
                                "Actual Total Time": 748.338,
                                "Actual Rows": 25650,
                                "Actual Loops": 6,
                                "Filter": "(info = ANY ('{Sweden,Norway,Germany,Denmark,Swedish,Denish,Norwegian,German}'::text[]))",
                                "Rows Removed by Filter": 2446970
                              },
                              {
                                "Node Type": "Hash",
                                "Parent Relationship": "Inner",
                                "Parallel Aware": true,
                                "Startup Cost": 39047.32,
                                "Total Cost": 39047.32,
                                "Plan Rows": 1459332,
                                "Plan Width": 8,
                                "Actual Startup Time": 416.779,
                                "Actual Total Time": 416.78,
                                "Actual Rows": 753988,
                                "Actual Loops": 6,
                                "Hash Buckets": 8388608,
                                "Original Hash Buckets": 8388608,
                                "Hash Batches": 1,
                                "Original Hash Batches": 1,
                                "Peak Memory Usage": 242624,
                                "Plans": [
                                  {
                                    "Node Type": "Seq Scan",
                                    "Parent Relationship": "Outer",
                                    "Parallel Aware": true,
                                    "Relation Name": "movie_keyword",
                                    "Alias": "mk",
                                    "Startup Cost": 0.0,
                                    "Total Cost": 39047.32,
                                    "Plan Rows": 1459332,
                                    "Plan Width": 8,
                                    "Actual Startup Time": 0.078,
                                    "Actual Total Time": 130.591,
                                    "Actual Rows": 753988,
                                    "Actual Loops": 6
                                  }
                                ]
                              }
                            ]
                          }
                        ]
                      }
                    ]
                  }
                ]
              }
            ]
          }
        ]
      }
    ]
  },
  "Planning Time": 6.689,
  "Triggers": [],
  "Execution Time": 3160.391
}