[
  {
    "Plan": {
      "Node Type": "Aggregate",
      "Strategy": "Plain",
      "Partial Mode": "Finalize",
      "Parallel Aware": false,
      "Startup Cost": 28445.87,
      "Total Cost": 28445.88,
      "Plan Rows": 1,
      "Plan Width": 8,
      "Actual Startup Time": 48.335,
      "Actual Total Time": 51.367,
      "Actual Rows": 1,
      "Actual Loops": 1,
      "Plans": [
        {
          "Node Type": "Gather",
          "Parent Relationship": "Outer",
          "Parallel Aware": false,
          "Startup Cost": 28445.55,
          "Total Cost": 28445.86,
          "Plan Rows": 3,
          "Plan Width": 8,
          "Actual Startup Time": 48.235,
          "Actual Total Time": 51.363,
          "Actual Rows": 4,
          "Actual Loops": 1,
          "Workers Planned": 3,
          "Workers Launched": 3,
          "Single Copy": false,
          "Plans": [
            {
              "Node Type": "Aggregate",
              "Strategy": "Plain",
              "Partial Mode": "Partial",
              "Parent Relationship": "Outer",
              "Parallel Aware": false,
              "Startup Cost": 27445.55,
              "Total Cost": 27445.56,
              "Plan Rows": 1,
              "Plan Width": 8,
              "Actual Startup Time": 43.288,
              "Actual Total Time": 43.289,
              "Actual Rows": 1,
              "Actual Loops": 4,
              "Plans": [
                {
                  "Node Type": "Bitmap Heap Scan",
                  "Parent Relationship": "Outer",
                  "Parallel Aware": true,
                  "Relation Name": "movie_companies",
                  "Alias": "mc",
                  "Startup Cost": 6959.95,
                  "Total Cost": 27312.75,
                  "Plan Rows": 53118,
                  "Plan Width": 0,
                  "Actual Startup Time": 9.424,
                  "Actual Total Time": 38.155,
                  "Actual Rows": 82151,
                  "Actual Loops": 4,
                  "Recheck Cond": "(company_id > 90994)",
                  "Rows Removed by Index Recheck": 0,
                  "Filter": "(company_type_id = 2)",
                  "Rows Removed by Filter": 0,
                  "Exact Heap Blocks": 2389,
                  "Lossy Heap Blocks": 0,
                  "Plans": [
                    {
                      "Node Type": "Bitmap Index Scan",
                      "Parent Relationship": "Outer",
                      "Parallel Aware": false,
                      "Index Name": "company_id_movie_companies",
                      "Startup Cost": 0.0,
                      "Total Cost": 6918.78,
                      "Plan Rows": 322980,
                      "Plan Width": 0,
                      "Actual Startup Time": 13.439,
                      "Actual Total Time": 13.439,
                      "Actual Rows": 328605,
                      "Actual Loops": 1,
                      "Index Cond": "(company_id > 90994)"
                    }
                  ]
                }
              ]
            }
          ]
        }
      ]
    },
    "Planning Time": 0.069,
    "Triggers": [],
    "Execution Time": 51.392
  }
]