[
  {
    "Plan": {
      "Node Type": "Aggregate",
      "Strategy": "Plain",
      "Partial Mode": "Finalize",
      "Parallel Aware": false,
      "Startup Cost": 28498.73,
      "Total Cost": 28498.74,
      "Plan Rows": 1,
      "Plan Width": 8,
      "Actual Startup Time": 77.649,
      "Actual Total Time": 81.449,
      "Actual Rows": 1,
      "Actual Loops": 1,
      "Plans": [
        {
          "Node Type": "Gather",
          "Parent Relationship": "Outer",
          "Parallel Aware": false,
          "Startup Cost": 28498.42,
          "Total Cost": 28498.73,
          "Plan Rows": 3,
          "Plan Width": 8,
          "Actual Startup Time": 77.47,
          "Actual Total Time": 81.44,
          "Actual Rows": 4,
          "Actual Loops": 1,
          "Workers Planned": 3,
          "Workers Launched": 3,
          "Single Copy": false,
          "Plans": [
            {
              "Node Type": "Aggregate",
              "Strategy": "Plain",
              "Partial Mode": "Partial",
              "Parent Relationship": "Outer",
              "Parallel Aware": false,
              "Startup Cost": 27498.42,
              "Total Cost": 27498.43,
              "Plan Rows": 1,
              "Plan Width": 8,
              "Actual Startup Time": 68.539,
              "Actual Total Time": 68.54,
              "Actual Rows": 1,
              "Actual Loops": 4,
              "Plans": [
                {
                  "Node Type": "Bitmap Heap Scan",
                  "Parent Relationship": "Outer",
                  "Parallel Aware": true,
                  "Relation Name": "movie_companies",
                  "Alias": "mc",
                  "Startup Cost": 7002.93,
                  "Total Cost": 27365.35,
                  "Plan Rows": 53225,
                  "Plan Width": 0,
                  "Actual Startup Time": 27.587,
                  "Actual Total Time": 62.92,
                  "Actual Rows": 82151,
                  "Actual Loops": 4,
                  "Recheck Cond": "(company_id > 90994)",
                  "Rows Removed by Index Recheck": 0,
                  "Filter": "(company_type_id = 2)",
                  "Rows Removed by Filter": 0,
                  "Exact Heap Blocks": 2484,
                  "Lossy Heap Blocks": 0,
                  "Plans": [
                    {
                      "Node Type": "Bitmap Index Scan",
                      "Parent Relationship": "Outer",
                      "Parallel Aware": false,
                      "Index Name": "company_id_movie_companies",
                      "Startup Cost": 0.0,
                      "Total Cost": 6961.68,
                      "Plan Rows": 324967,
                      "Plan Width": 0,
                      "Actual Startup Time": 34.589,
                      "Actual Total Time": 34.589,
                      "Actual Rows": 328605,
                      "Actual Loops": 1,
                      "Index Cond": "(company_id > 90994)"
                    }
                  ]
                }
              ]
            }
          ]
        }
      ]
    },
    "Planning Time": 0.237,
    "Triggers": [],
    "Execution Time": 81.53
  }
]