{
  "Plan": {
    "Node Type": "Aggregate",
    "Strategy": "Plain",
    "Partial Mode": "Finalize",
    "Parallel Aware": false,
    "Startup Cost": 442818.99,
    "Total Cost": 442819.0,
    "Plan Rows": 1,
    "Plan Width": 8,
    "Actual Startup Time": 3606.855,
    "Actual Total Time": 3669.924,
    "Actual Rows": 1,
    "Actual Loops": 1,
    "Plans": [
      {
        "Node Type": "Gather",
        "Parent Relationship": "Outer",
        "Parallel Aware": false,
        "Startup Cost": 442818.88,
        "Total Cost": 442818.99,
        "Plan Rows": 1,
        "Plan Width": 8,
        "Actual Startup Time": 3593.379,
        "Actual Total Time": 3669.917,
        "Actual Rows": 2,
        "Actual Loops": 1,
        "Workers Planned": 1,
        "Workers Launched": 1,
        "Single Copy": false,
        "Plans": [
          {
            "Node Type": "Aggregate",
            "Strategy": "Plain",
            "Partial Mode": "Partial",
            "Parent Relationship": "Outer",
            "Parallel Aware": false,
            "Startup Cost": 441818.88,
            "Total Cost": 441818.89,
            "Plan Rows": 1,
            "Plan Width": 8,
            "Actual Startup Time": 3571.936,
            "Actual Total Time": 3571.942,
            "Actual Rows": 1,
            "Actual Loops": 2,
            "Plans": [
              {
                "Node Type": "Hash Join",
                "Parent Relationship": "Outer",
                "Parallel Aware": true,
                "Join Type": "Inner",
                "Startup Cost": 404335.38,
                "Total Cost": 439847.05,
                "Plan Rows": 788730,
                "Plan Width": 0,
                "Actual Startup Time": 3102.895,
                "Actual Total Time": 3466.634,
                "Actual Rows": 2598400,
                "Actual Loops": 2,
                "Inner Unique": false,
                "Hash Cond": "(mk.movie_id = t.id)",
                "Plans": [
                  {
                    "Node Type": "Bitmap Heap Scan",
                    "Parent Relationship": "Outer",
                    "Parallel Aware": true,
                    "Relation Name": "movie_keyword",
                    "Alias": "mk",
                    "Startup Cost": 12346.2,
                    "Total Cost": 41078.92,
                    "Plan Rows": 342298,
                    "Plan Width": 4,
                    "Actual Startup Time": 33.184,
                    "Actual Total Time": 104.902,
                    "Actual Rows": 296460,
                    "Actual Loops": 2,
                    "Recheck Cond": "(keyword_id < 432)",
                    "Rows Removed by Index Recheck": 0,
                    "Exact Heap Blocks": 12235,
                    "Lossy Heap Blocks": 0,
                    "Plans": [
                      {
                        "Node Type": "Bitmap Index Scan",
                        "Parent Relationship": "Outer",
                        "Parallel Aware": false,
                        "Index Name": "keyword_id_movie_keyword",
                        "Startup Cost": 0.0,
                        "Total Cost": 12200.73,
                        "Plan Rows": 581906,
                        "Plan Width": 0,
                        "Actual Startup Time": 29.622,
                        "Actual Total Time": 29.622,
                        "Actual Rows": 592921,
                        "Actual Loops": 1,
                        "Index Cond": "(keyword_id < 432)"
                      }
                    ]
                  },
                  {
                    "Node Type": "Hash",
                    "Parent Relationship": "Inner",
                    "Parallel Aware": true,
                    "Startup Cost": 349152.77,
                    "Total Cost": 349152.77,
                    "Plan Rows": 3426912,
                    "Plan Width": 8,
                    "Actual Startup Time": 3035.505,
                    "Actual Total Time": 3035.509,
                    "Actual Rows": 2942482,
                    "Actual Loops": 2,
                    "Hash Buckets": 8388608,
                    "Original Hash Buckets": 8388608,
                    "Hash Batches": 1,
                    "Original Hash Batches": 1,
                    "Peak Memory Usage": 295776,
                    "Plans": [
                      {
                        "Node Type": "Hash Join",
                        "Parent Relationship": "Outer",
                        "Parallel Aware": true,
                        "Join Type": "Inner",
                        "Startup Cost": 69460.7,
                        "Total Cost": 349152.77,
                        "Plan Rows": 3426912,
                        "Plan Width": 8,
                        "Actual Startup Time": 502.416,
                        "Actual Total Time": 2171.426,
                        "Actual Rows": 2942482,
                        "Actual Loops": 2,
                        "Inner Unique": true,
                        "Hash Cond": "(mi.movie_id = t.id)",
                        "Plans": [
                          {
                            "Node Type": "Seq Scan",
                            "Parent Relationship": "Outer",
                            "Parallel Aware": true,
                            "Relation Name": "movie_info",
                            "Alias": "mi",
                            "Startup Cost": 0.0,
                            "Total Cost": 270696.42,
                            "Plan Rows": 3426912,
                            "Plan Width": 4,
                            "Actual Startup Time": 0.014,
                            "Actual Total Time": 681.924,
                            "Actual Rows": 2942482,
                            "Actual Loops": 2,
                            "Filter": "(info_type_id < 7)",
                            "Rows Removed by Filter": 4475378
                          },
                          {
                            "Node Type": "Hash",
                            "Parent Relationship": "Inner",
                            "Parallel Aware": true,
                            "Startup Cost": 50870.31,
                            "Total Cost": 50870.31,
                            "Plan Rows": 1487231,
                            "Plan Width": 4,
                            "Actual Startup Time": 490.667,
                            "Actual Total Time": 490.668,
                            "Actual Rows": 1264156,
                            "Actual Loops": 2,
                            "Hash Buckets": 4194304,
                            "Original Hash Buckets": 4194304,
                            "Hash Batches": 1,
                            "Original Hash Batches": 1,
                            "Peak Memory Usage": 131680,
                            "Plans": [
                              {
                                "Node Type": "Seq Scan",
                                "Parent Relationship": "Outer",
                                "Parallel Aware": true,
                                "Relation Name": "title",
                                "Alias": "t",
                                "Startup Cost": 0.0,
                                "Total Cost": 50870.31,
                                "Plan Rows": 1487231,
                                "Plan Width": 4,
                                "Actual Startup Time": 0.04,
                                "Actual Total Time": 150.595,
                                "Actual Rows": 1264156,
                                "Actual Loops": 2
                              }
                            ]
                          }
                        ]
                      }
                    ]
                  }
                ]
              }
            ]
          }
        ]
      }
    ]
  },
  "Planning Time": 0.895,
  "Triggers": [],
  "Execution Time": 3670.032
}