[
  {
    "Plan": {
      "Node Type": "Aggregate",
      "Strategy": "Plain",
      "Partial Mode": "Finalize",
      "Parallel Aware": false,
      "Startup Cost": 18624.71,
      "Total Cost": 18624.72,
      "Plan Rows": 1,
      "Plan Width": 8,
      "Actual Startup Time": 84.013,
      "Actual Total Time": 94.999,
      "Actual Rows": 1,
      "Actual Loops": 1,
      "Plans": [
        {
          "Node Type": "Gather",
          "Parent Relationship": "Outer",
          "Parallel Aware": false,
          "Startup Cost": 18624.49,
          "Total Cost": 18624.7,
          "Plan Rows": 2,
          "Plan Width": 8,
          "Actual Startup Time": 83.64,
          "Actual Total Time": 94.992,
          "Actual Rows": 3,
          "Actual Loops": 1,
          "Workers Planned": 2,
          "Workers Launched": 2,
          "Single Copy": false,
          "Plans": [
            {
              "Node Type": "Aggregate",
              "Strategy": "Plain",
              "Partial Mode": "Partial",
              "Parent Relationship": "Outer",
              "Parallel Aware": false,
              "Startup Cost": 17624.49,
              "Total Cost": 17624.5,
              "Plan Rows": 1,
              "Plan Width": 8,
              "Actual Startup Time": 75.581,
              "Actual Total Time": 75.583,
              "Actual Rows": 1,
              "Actual Loops": 3,
              "Plans": [
                {
                  "Node Type": "Nested Loop",
                  "Parent Relationship": "Outer",
                  "Parallel Aware": false,
                  "Join Type": "Inner",
                  "Startup Cost": 87.13,
                  "Total Cost": 17612.76,
                  "Plan Rows": 4695,
                  "Plan Width": 0,
                  "Actual Startup Time": 1.582,
                  "Actual Total Time": 70.382,
                  "Actual Rows": 86588,
                  "Actual Loops": 3,
                  "Inner Unique": false,
                  "Plans": [
                    {
                      "Node Type": "Nested Loop",
                      "Parent Relationship": "Outer",
                      "Parallel Aware": false,
                      "Join Type": "Inner",
                      "Startup Cost": 86.7,
                      "Total Cost": 16061.33,
                      "Plan Rows": 803,
                      "Plan Width": 8,
                      "Actual Startup Time": 1.386,
                      "Actual Total Time": 13.261,
                      "Actual Rows": 993,
                      "Actual Loops": 3,
                      "Inner Unique": true,
                      "Plans": [
                        {
                          "Node Type": "Bitmap Heap Scan",
                          "Parent Relationship": "Outer",
                          "Parallel Aware": true,
                          "Relation Name": "movie_companies",
                          "Alias": "mc",
                          "Startup Cost": 86.27,
                          "Total Cost": 9671.36,
                          "Plan Rows": 803,
                          "Plan Width": 4,
                          "Actual Startup Time": 1.219,
                          "Actual Total Time": 3.558,
                          "Actual Rows": 993,
                          "Actual Loops": 3,
                          "Recheck Cond": "(company_id = 1402)",
                          "Rows Removed by Index Recheck": 0,
                          "Filter": "(company_type_id = 1)",
                          "Rows Removed by Filter": 10,
                          "Exact Heap Blocks": 598,
                          "Lossy Heap Blocks": 0,
                          "Plans": [
                            {
                              "Node Type": "Bitmap Index Scan",
                              "Parent Relationship": "Outer",
                              "Parallel Aware": false,
                              "Index Name": "company_id_movie_companies",
                              "Startup Cost": 0.0,
                              "Total Cost": 85.79,
                              "Plan Rows": 3914,
                              "Plan Width": 0,
                              "Actual Startup Time": 2.882,
                              "Actual Total Time": 2.882,
                              "Actual Rows": 3009,
                              "Actual Loops": 1,
                              "Index Cond": "(company_id = 1402)"
                            }
                          ]
                        },
                        {
                          "Node Type": "Index Only Scan",
                          "Parent Relationship": "Inner",
                          "Parallel Aware": false,
                          "Scan Direction": "Forward",
                          "Index Name": "title_pkey",
                          "Relation Name": "title",
                          "Alias": "t",
                          "Startup Cost": 0.43,
                          "Total Cost": 7.96,
                          "Plan Rows": 1,
                          "Plan Width": 4,
                          "Actual Startup Time": 0.009,
                          "Actual Total Time": 0.009,
                          "Actual Rows": 1,
                          "Actual Loops": 2979,
                          "Index Cond": "(id = mc.movie_id)",
                          "Rows Removed by Index Recheck": 0,
                          "Heap Fetches": 2979
                        }
                      ]
                    },
                    {
                      "Node Type": "Index Only Scan",
                      "Parent Relationship": "Inner",
                      "Parallel Aware": false,
                      "Scan Direction": "Forward",
                      "Index Name": "movie_id_movie_info",
                      "Relation Name": "movie_info",
                      "Alias": "mi",
                      "Startup Cost": 0.43,
                      "Total Cost": 1.51,
                      "Plan Rows": 42,
                      "Plan Width": 4,
                      "Actual Startup Time": 0.01,
                      "Actual Total Time": 0.05,
                      "Actual Rows": 87,
                      "Actual Loops": 2979,
                      "Index Cond": "(movie_id = t.id)",
                      "Rows Removed by Index Recheck": 0,
                      "Heap Fetches": 259764
                    }
                  ]
                }
              ]
            }
          ]
        }
      ]
    },
    "Planning Time": 1.402,
    "Triggers": [],
    "Execution Time": 95.093
  }
]