[
  {
    "Plan": {
      "Node Type": "Aggregate",
      "Strategy": "Plain",
      "Partial Mode": "Simple",
      "Parallel Aware": false,
      "Startup Cost": 3006.58,
      "Total Cost": 3006.59,
      "Plan Rows": 1,
      "Plan Width": 8,
      "Actual Startup Time": 3.323,
      "Actual Total Time": 3.325,
      "Actual Rows": 1,
      "Actual Loops": 1,
      "Plans": [
        {
          "Node Type": "Nested Loop",
          "Parent Relationship": "Outer",
          "Parallel Aware": false,
          "Join Type": "Inner",
          "Startup Cost": 6.78,
          "Total Cost": 3005.96,
          "Plan Rows": 248,
          "Plan Width": 0,
          "Actual Startup Time": 0.712,
          "Actual Total Time": 3.288,
          "Actual Rows": 229,
          "Actual Loops": 1,
          "Inner Unique": true,
          "Plans": [
            {
              "Node Type": "Bitmap Heap Scan",
              "Parent Relationship": "Outer",
              "Parallel Aware": false,
              "Relation Name": "movie_keyword",
              "Alias": "mk",
              "Startup Cost": 6.35,
              "Total Cost": 922.98,
              "Plan Rows": 248,
              "Plan Width": 4,
              "Actual Startup Time": 0.692,
              "Actual Total Time": 1.318,
              "Actual Rows": 229,
              "Actual Loops": 1,
              "Recheck Cond": "(keyword_id = 4056)",
              "Rows Removed by Index Recheck": 0,
              "Exact Heap Blocks": 217,
              "Lossy Heap Blocks": 0,
              "Plans": [
                {
                  "Node Type": "Bitmap Index Scan",
                  "Parent Relationship": "Outer",
                  "Parallel Aware": false,
                  "Index Name": "keyword_id_movie_keyword",
                  "Startup Cost": 0.0,
                  "Total Cost": 6.29,
                  "Plan Rows": 248,
                  "Plan Width": 0,
                  "Actual Startup Time": 0.647,
                  "Actual Total Time": 0.648,
                  "Actual Rows": 229,
                  "Actual Loops": 1,
                  "Index Cond": "(keyword_id = 4056)"
                }
              ]
            },
            {
              "Node Type": "Index Only Scan",
              "Parent Relationship": "Inner",
              "Parallel Aware": false,
              "Scan Direction": "Forward",
              "Index Name": "title_pkey",
              "Relation Name": "title",
              "Alias": "t",
              "Startup Cost": 0.43,
              "Total Cost": 8.4,
              "Plan Rows": 1,
              "Plan Width": 4,
              "Actual Startup Time": 0.008,
              "Actual Total Time": 0.008,
              "Actual Rows": 1,
              "Actual Loops": 229,
              "Index Cond": "(id = mk.movie_id)",
              "Rows Removed by Index Recheck": 0,
              "Heap Fetches": 229
            }
          ]
        }
      ]
    },
    "Planning Time": 0.466,
    "Triggers": [],
    "Execution Time": 3.377
  }
]