[
  {
    "Plan": {
      "Node Type": "Aggregate",
      "Strategy": "Plain",
      "Partial Mode": "Finalize",
      "Parallel Aware": false,
      "Startup Cost": 133125.77,
      "Total Cost": 133125.78,
      "Plan Rows": 1,
      "Plan Width": 8,
      "Actual Startup Time": 886.044,
      "Actual Total Time": 906.169,
      "Actual Rows": 1,
      "Actual Loops": 1,
      "Plans": [
        {
          "Node Type": "Gather",
          "Parent Relationship": "Outer",
          "Parallel Aware": false,
          "Startup Cost": 133125.45,
          "Total Cost": 133125.76,
          "Plan Rows": 3,
          "Plan Width": 8,
          "Actual Startup Time": 876.507,
          "Actual Total Time": 906.157,
          "Actual Rows": 4,
          "Actual Loops": 1,
          "Workers Planned": 3,
          "Workers Launched": 3,
          "Single Copy": false,
          "Plans": [
            {
              "Node Type": "Aggregate",
              "Strategy": "Plain",
              "Partial Mode": "Partial",
              "Parent Relationship": "Outer",
              "Parallel Aware": false,
              "Startup Cost": 132125.45,
              "Total Cost": 132125.46,
              "Plan Rows": 1,
              "Plan Width": 8,
              "Actual Startup Time": 863.88,
              "Actual Total Time": 864.574,
              "Actual Rows": 1,
              "Actual Loops": 4,
              "Plans": [
                {
                  "Node Type": "Hash Join",
                  "Parent Relationship": "Outer",
                  "Parallel Aware": true,
                  "Join Type": "Inner",
                  "Startup Cost": 85985.95,
                  "Total Cost": 131478.33,
                  "Plan Rows": 258849,
                  "Plan Width": 0,
                  "Actual Startup Time": 619.018,
                  "Actual Total Time": 834.01,
                  "Actual Rows": 800196,
                  "Actual Loops": 4,
                  "Inner Unique": false,
                  "Hash Cond": "(mk.movie_id = t.id)",
                  "Plans": [
                    {
                      "Node Type": "Seq Scan",
                      "Parent Relationship": "Outer",
                      "Parallel Aware": true,
                      "Relation Name": "movie_keyword",
                      "Alias": "mk",
                      "Startup Cost": 0.0,
                      "Total Cost": 42695.65,
                      "Plan Rows": 573228,
                      "Plan Width": 4,
                      "Actual Startup Time": 0.602,
                      "Actual Total Time": 98.467,
                      "Actual Rows": 447892,
                      "Actual Loops": 4,
                      "Filter": "(keyword_id > 7765)",
                      "Rows Removed by Filter": 683090
                    },
                    {
                      "Node Type": "Hash",
                      "Parent Relationship": "Inner",
                      "Parallel Aware": true,
                      "Startup Cost": 82418.19,
                      "Total Cost": 82418.19,
                      "Plan Rows": 285421,
                      "Plan Width": 8,
                      "Actual Startup Time": 610.423,
                      "Actual Total Time": 611.114,
                      "Actual Rows": 313838,
                      "Actual Loops": 4,
                      "Hash Buckets": 2097152,
                      "Original Hash Buckets": 2097152,
                      "Hash Batches": 1,
                      "Original Hash Batches": 1,
                      "Peak Memory Usage": 65568,
                      "Plans": [
                        {
                          "Node Type": "Hash Join",
                          "Parent Relationship": "Outer",
                          "Parallel Aware": true,
                          "Join Type": "Inner",
                          "Startup Cost": 36018.38,
                          "Total Cost": 82418.19,
                          "Plan Rows": 285421,
                          "Plan Width": 8,
                          "Actual Startup Time": 191.723,
                          "Actual Total Time": 503.74,
                          "Actual Rows": 313838,
                          "Actual Loops": 4,
                          "Inner Unique": false,
                          "Hash Cond": "(t.id = mc.movie_id)",
                          "Plans": [
                            {
                              "Node Type": "Seq Scan",
                              "Parent Relationship": "Outer",
                              "Parallel Aware": true,
                              "Relation Name": "title",
                              "Alias": "t",
                              "Startup Cost": 0.0,
                              "Total Cost": 42318.73,
                              "Plan Rows": 632073,
                              "Plan Width": 4,
                              "Actual Startup Time": 0.011,
                              "Actual Total Time": 76.641,
                              "Actual Rows": 632078,
                              "Actual Loops": 4
                            },
                            {
                              "Node Type": "Hash",
                              "Parent Relationship": "Inner",
                              "Parallel Aware": true,
                              "Startup Cost": 31414.82,
                              "Total Cost": 31414.82,
                              "Plan Rows": 368285,
                              "Plan Width": 4,
                              "Actual Startup Time": 187.844,
                              "Actual Total Time": 187.845,
                              "Actual Rows": 313838,
                              "Actual Loops": 4,
                              "Hash Buckets": 2097152,
                              "Original Hash Buckets": 2097152,
                              "Hash Batches": 1,
                              "Original Hash Batches": 1,
                              "Peak Memory Usage": 65536,
                              "Plans": [
                                {
                                  "Node Type": "Seq Scan",
                                  "Parent Relationship": "Outer",
                                  "Parallel Aware": true,
                                  "Relation Name": "movie_companies",
                                  "Alias": "mc",
                                  "Startup Cost": 0.0,
                                  "Total Cost": 31414.82,
                                  "Plan Rows": 368285,
                                  "Plan Width": 4,
                                  "Actual Startup Time": 47.35,
                                  "Actual Total Time": 90.312,
                                  "Actual Rows": 313838,
                                  "Actual Loops": 4,
                                  "Filter": "((company_id > 179) AND (company_type_id = 2))",
                                  "Rows Removed by Filter": 338444
                                }
                              ]
                            }
                          ]
                        }
                      ]
                    }
                  ]
                }
              ]
            }
          ]
        }
      ]
    },
    "Planning Time": 1.435,
    "Triggers": [],
    "Execution Time": 906.254
  }
]