[
  {
    "Plan": {
      "Node Type": "Aggregate",
      "Strategy": "Plain",
      "Partial Mode": "Finalize",
      "Parallel Aware": false,
      "Startup Cost": 31744.87,
      "Total Cost": 31744.88,
      "Plan Rows": 1,
      "Plan Width": 8,
      "Actual Startup Time": 118.196,
      "Actual Total Time": 126.906,
      "Actual Rows": 1,
      "Actual Loops": 1,
      "Plans": [
        {
          "Node Type": "Gather",
          "Parent Relationship": "Outer",
          "Parallel Aware": false,
          "Startup Cost": 31744.56,
          "Total Cost": 31744.87,
          "Plan Rows": 3,
          "Plan Width": 8,
          "Actual Startup Time": 118.057,
          "Actual Total Time": 126.896,
          "Actual Rows": 4,
          "Actual Loops": 1,
          "Workers Planned": 3,
          "Workers Launched": 3,
          "Single Copy": false,
          "Plans": [
            {
              "Node Type": "Aggregate",
              "Strategy": "Plain",
              "Partial Mode": "Partial",
              "Parent Relationship": "Outer",
              "Parallel Aware": false,
              "Startup Cost": 30744.56,
              "Total Cost": 30744.57,
              "Plan Rows": 1,
              "Plan Width": 8,
              "Actual Startup Time": 112.674,
              "Actual Total Time": 112.676,
              "Actual Rows": 1,
              "Actual Loops": 4,
              "Plans": [
                {
                  "Node Type": "Seq Scan",
                  "Parent Relationship": "Outer",
                  "Parallel Aware": true,
                  "Relation Name": "movie_companies",
                  "Alias": "mc",
                  "Startup Cost": 0.0,
                  "Total Cost": 29310.68,
                  "Plan Rows": 573550,
                  "Plan Width": 0,
                  "Actual Startup Time": 0.035,
                  "Actual Total Time": 88.184,
                  "Actual Rows": 441342,
                  "Actual Loops": 4,
                  "Filter": "(company_id < 25828)",
                  "Rows Removed by Filter": 210940
                }
              ]
            }
          ]
        }
      ]
    },
    "Planning Time": 0.188,
    "Triggers": [],
    "Execution Time": 126.962
  }
]