{
  "Plan": {
    "Node Type": "Aggregate",
    "Strategy": "Plain",
    "Partial Mode": "Finalize",
    "Parallel Aware": false,
    "Startup Cost": 393284.16,
    "Total Cost": 393284.17,
    "Plan Rows": 1,
    "Plan Width": 8,
    "Actual Startup Time": 1713.333,
    "Actual Total Time": 1754.623,
    "Actual Rows": 1,
    "Actual Loops": 1,
    "Plans": [
      {
        "Node Type": "Gather",
        "Parent Relationship": "Outer",
        "Parallel Aware": false,
        "Startup Cost": 393284.05,
        "Total Cost": 393284.16,
        "Plan Rows": 1,
        "Plan Width": 8,
        "Actual Startup Time": 1712.456,
        "Actual Total Time": 1754.614,
        "Actual Rows": 2,
        "Actual Loops": 1,
        "Workers Planned": 1,
        "Workers Launched": 1,
        "Single Copy": false,
        "Plans": [
          {
            "Node Type": "Aggregate",
            "Strategy": "Plain",
            "Partial Mode": "Partial",
            "Parent Relationship": "Outer",
            "Parallel Aware": false,
            "Startup Cost": 392284.05,
            "Total Cost": 392284.06,
            "Plan Rows": 1,
            "Plan Width": 8,
            "Actual Startup Time": 1709.843,
            "Actual Total Time": 1710.003,
            "Actual Rows": 1,
            "Actual Loops": 2,
            "Plans": [
              {
                "Node Type": "Hash Join",
                "Parent Relationship": "Outer",
                "Parallel Aware": true,
                "Join Type": "Inner",
                "Startup Cost": 103529.82,
                "Total Cost": 390140.43,
                "Plan Rows": 857450,
                "Plan Width": 0,
                "Actual Startup Time": 399.394,
                "Actual Total Time": 1690.771,
                "Actual Rows": 462978,
                "Actual Loops": 2,
                "Inner Unique": false,
                "Hash Cond": "(mi.movie_id = t.id)",
                "Plans": [
                  {
                    "Node Type": "Seq Scan",
                    "Parent Relationship": "Outer",
                    "Parallel Aware": true,
                    "Relation Name": "movie_info",
                    "Alias": "mi",
                    "Startup Cost": 0.0,
                    "Total Cost": 248955.74,
                    "Plan Rows": 8696274,
                    "Plan Width": 4,
                    "Actual Startup Time": 0.015,
                    "Actual Total Time": 585.966,
                    "Actual Rows": 7417860,
                    "Actual Loops": 2
                  },
                  {
                    "Node Type": "Hash",
                    "Parent Relationship": "Inner",
                    "Parallel Aware": true,
                    "Startup Cost": 101696.81,
                    "Total Cost": 101696.81,
                    "Plan Rows": 146641,
                    "Plan Width": 8,
                    "Actual Startup Time": 396.024,
                    "Actual Total Time": 396.182,
                    "Actual Rows": 49368,
                    "Actual Loops": 2,
                    "Hash Buckets": 262144,
                    "Original Hash Buckets": 262144,
                    "Hash Batches": 1,
                    "Original Hash Batches": 1,
                    "Peak Memory Usage": 5952,
                    "Plans": [
                      {
                        "Node Type": "Hash Join",
                        "Parent Relationship": "Outer",
                        "Parallel Aware": true,
                        "Join Type": "Inner",
                        "Startup Cost": 60594.62,
                        "Total Cost": 101696.81,
                        "Plan Rows": 146641,
                        "Plan Width": 8,
                        "Actual Startup Time": 161.747,
                        "Actual Total Time": 385.187,
                        "Actual Rows": 49368,
                        "Actual Loops": 2,
                        "Inner Unique": true,
                        "Hash Cond": "(mc.movie_id = t.id)",
                        "Plans": [
                          {
                            "Node Type": "Seq Scan",
                            "Parent Relationship": "Outer",
                            "Parallel Aware": true,
                            "Relation Name": "movie_companies",
                            "Alias": "mc",
                            "Startup Cost": 0.0,
                            "Total Cost": 37974.77,
                            "Plan Rows": 1191399,
                            "Plan Width": 4,
                            "Actual Startup Time": 0.211,
                            "Actual Total Time": 115.701,
                            "Actual Rows": 1016022,
                            "Actual Loops": 2,
                            "Filter": "(company_id > 637)",
                            "Rows Removed by Filter": 288543
                          },
                          {
                            "Node Type": "Hash",
                            "Parent Relationship": "Inner",
                            "Parallel Aware": true,
                            "Startup Cost": 58306.47,
                            "Total Cost": 58306.47,
                            "Plan Rows": 183052,
                            "Plan Width": 4,
                            "Actual Startup Time": 158.475,
                            "Actual Total Time": 158.476,
                            "Actual Rows": 104902,
                            "Actual Loops": 2,
                            "Hash Buckets": 524288,
                            "Original Hash Buckets": 524288,
                            "Hash Batches": 1,
                            "Original Hash Batches": 1,
                            "Peak Memory Usage": 12320,
                            "Plans": [
                              {
                                "Node Type": "Seq Scan",
                                "Parent Relationship": "Outer",
                                "Parallel Aware": true,
                                "Relation Name": "title",
                                "Alias": "t",
                                "Startup Cost": 0.0,
                                "Total Cost": 58306.47,
                                "Plan Rows": 183052,
                                "Plan Width": 4,
                                "Actual Startup Time": 0.021,
                                "Actual Total Time": 129.917,
                                "Actual Rows": 104902,
                                "Actual Loops": 2,
                                "Filter": "((production_year < 1981) AND (kind_id = 7))",
                                "Rows Removed by Filter": 1159254
                              }
                            ]
                          }
                        ]
                      }
                    ]
                  }
                ]
              }
            ]
          }
        ]
      }
    ]
  },
  "Planning Time": 0.584,
  "Triggers": [],
  "Execution Time": 1754.686
}