[
  {
    "Plan": {
      "Node Type": "Aggregate",
      "Strategy": "Plain",
      "Partial Mode": "Finalize",
      "Parallel Aware": false,
      "Startup Cost": 217778.05,
      "Total Cost": 217778.06,
      "Plan Rows": 1,
      "Plan Width": 8,
      "Actual Startup Time": 152.465,
      "Actual Total Time": 158.864,
      "Actual Rows": 1,
      "Actual Loops": 1,
      "Plans": [
        {
          "Node Type": "Gather",
          "Parent Relationship": "Outer",
          "Parallel Aware": false,
          "Startup Cost": 217777.52,
          "Total Cost": 217778.03,
          "Plan Rows": 5,
          "Plan Width": 8,
          "Actual Startup Time": 151.405,
          "Actual Total Time": 158.858,
          "Actual Rows": 6,
          "Actual Loops": 1,
          "Workers Planned": 5,
          "Workers Launched": 5,
          "Single Copy": false,
          "Plans": [
            {
              "Node Type": "Aggregate",
              "Strategy": "Plain",
              "Partial Mode": "Partial",
              "Parent Relationship": "Outer",
              "Parallel Aware": false,
              "Startup Cost": 216777.52,
              "Total Cost": 216777.53,
              "Plan Rows": 1,
              "Plan Width": 8,
              "Actual Startup Time": 142.064,
              "Actual Total Time": 142.068,
              "Actual Rows": 1,
              "Actual Loops": 6,
              "Plans": [
                {
                  "Node Type": "Hash Join",
                  "Parent Relationship": "Outer",
                  "Parallel Aware": true,
                  "Join Type": "Inner",
                  "Startup Cost": 52502.39,
                  "Total Cost": 216761.33,
                  "Plan Rows": 6478,
                  "Plan Width": 0,
                  "Actual Startup Time": 109.92,
                  "Actual Total Time": 141.277,
                  "Actual Rows": 12352,
                  "Actual Loops": 6,
                  "Inner Unique": true,
                  "Hash Cond": "(mi.movie_id = t.id)",
                  "Plans": [
                    {
                      "Node Type": "Bitmap Heap Scan",
                      "Parent Relationship": "Outer",
                      "Parallel Aware": true,
                      "Relation Name": "movie_info",
                      "Alias": "mi",
                      "Startup Cost": 13585.73,
                      "Total Cost": 177451.4,
                      "Plan Rows": 149814,
                      "Plan Width": 4,
                      "Actual Startup Time": 32.485,
                      "Actual Total Time": 55.461,
                      "Actual Rows": 133690,
                      "Actual Loops": 6,
                      "Recheck Cond": "(info_type_id < 2)",
                      "Rows Removed by Index Recheck": 0,
                      "Exact Heap Blocks": 892,
                      "Lossy Heap Blocks": 0,
                      "Plans": [
                        {
                          "Node Type": "Bitmap Index Scan",
                          "Parent Relationship": "Outer",
                          "Parallel Aware": false,
                          "Index Name": "info_type_id_movie_info",
                          "Startup Cost": 0.0,
                          "Total Cost": 13398.46,
                          "Plan Rows": 749070,
                          "Plan Width": 0,
                          "Actual Startup Time": 31.631,
                          "Actual Total Time": 31.632,
                          "Actual Rows": 802140,
                          "Actual Loops": 1,
                          "Index Cond": "(info_type_id < 2)"
                        }
                      ]
                    },
                    {
                      "Node Type": "Hash",
                      "Parent Relationship": "Inner",
                      "Parallel Aware": true,
                      "Startup Cost": 38575.03,
                      "Total Cost": 38575.03,
                      "Plan Rows": 27331,
                      "Plan Width": 4,
                      "Actual Startup Time": 55.726,
                      "Actual Total Time": 55.727,
                      "Actual Rows": 19653,
                      "Actual Loops": 6,
                      "Hash Buckets": 131072,
                      "Original Hash Buckets": 131072,
                      "Hash Batches": 1,
                      "Original Hash Batches": 1,
                      "Peak Memory Usage": 5728,
                      "Plans": [
                        {
                          "Node Type": "Bitmap Heap Scan",
                          "Parent Relationship": "Outer",
                          "Parallel Aware": true,
                          "Relation Name": "title",
                          "Alias": "t",
                          "Startup Cost": 2133.94,
                          "Total Cost": 38575.03,
                          "Plan Rows": 27331,
                          "Plan Width": 4,
                          "Actual Startup Time": 12.574,
                          "Actual Total Time": 46.158,
                          "Actual Rows": 19653,
                          "Actual Loops": 6,
                          "Recheck Cond": "(kind_id = 4)",
                          "Rows Removed by Index Recheck": 0,
                          "Filter": "(production_year > 1929)",
                          "Rows Removed by Filter": 52,
                          "Exact Heap Blocks": 5579,
                          "Lossy Heap Blocks": 0,
                          "Plans": [
                            {
                              "Node Type": "Bitmap Index Scan",
                              "Parent Relationship": "Outer",
                              "Parallel Aware": false,
                              "Index Name": "kind_id_title",
                              "Startup Cost": 0.0,
                              "Total Cost": 2106.61,
                              "Plan Rows": 118157,
                              "Plan Width": 0,
                              "Actual Startup Time": 13.03,
                              "Actual Total Time": 13.03,
                              "Actual Rows": 118234,
                              "Actual Loops": 1,
                              "Index Cond": "(kind_id = 4)"
                            }
                          ]
                        }
                      ]
                    }
                  ]
                }
              ]
            }
          ]
        }
      ]
    },
    "Planning Time": 0.489,
    "Triggers": [],
    "Execution Time": 158.93
  }
]