[
    {
        "Bao": {
            "Bao prediction": "NaN",
            "Bao recommended hint": "(no hint)"
        }
    },
    {
        "Plan": {
            "Node Type": "Aggregate",
            "Strategy": "Plain",
            "Partial Mode": "Finalize",
            "Parallel Aware": false,
            "Startup Cost": 345876.76,
            "Total Cost": 345876.77,
            "Plan Rows": 1,
            "Plan Width": 8,
            "Actual Startup Time": 593.423,
            "Actual Total Time": 622.639,
            "Actual Rows": 1,
            "Actual Loops": 1,
            "Output": [
                "count(*)"
            ],
            "Plans": [
                {
                    "Node Type": "Gather",
                    "Parent Relationship": "Outer",
                    "Parallel Aware": false,
                    "Startup Cost": 345876.14,
                    "Total Cost": 345876.74,
                    "Plan Rows": 6,
                    "Plan Width": 8,
                    "Actual Startup Time": 593.326,
                    "Actual Total Time": 622.611,
                    "Actual Rows": 7,
                    "Actual Loops": 1,
                    "Output": [
                        "(PARTIAL count(*))"
                    ],
                    "Workers Planned": 6,
                    "Workers Launched": 6,
                    "Single Copy": false,
                    "Plans": [
                        {
                            "Node Type": "Aggregate",
                            "Strategy": "Plain",
                            "Partial Mode": "Partial",
                            "Parent Relationship": "Outer",
                            "Parallel Aware": false,
                            "Startup Cost": 344876.14,
                            "Total Cost": 344876.15,
                            "Plan Rows": 1,
                            "Plan Width": 8,
                            "Actual Startup Time": 583.526,
                            "Actual Total Time": 583.527,
                            "Actual Rows": 1,
                            "Actual Loops": 7,
                            "Output": [
                                "PARTIAL count(*)"
                            ],
                            "Workers": [
                                {
                                    "Worker Number": 0,
                                    "Actual Startup Time": 581.19,
                                    "Actual Total Time": 581.191,
                                    "Actual Rows": 1,
                                    "Actual Loops": 1
                                },
                                {
                                    "Worker Number": 1,
                                    "Actual Startup Time": 581.571,
                                    "Actual Total Time": 581.572,
                                    "Actual Rows": 1,
                                    "Actual Loops": 1
                                },
                                {
                                    "Worker Number": 2,
                                    "Actual Startup Time": 581.912,
                                    "Actual Total Time": 581.913,
                                    "Actual Rows": 1,
                                    "Actual Loops": 1
                                },
                                {
                                    "Worker Number": 3,
                                    "Actual Startup Time": 581.975,
                                    "Actual Total Time": 581.976,
                                    "Actual Rows": 1,
                                    "Actual Loops": 1
                                },
                                {
                                    "Worker Number": 4,
                                    "Actual Startup Time": 582.23,
                                    "Actual Total Time": 582.231,
                                    "Actual Rows": 1,
                                    "Actual Loops": 1
                                },
                                {
                                    "Worker Number": 5,
                                    "Actual Startup Time": 582.824,
                                    "Actual Total Time": 582.825,
                                    "Actual Rows": 1,
                                    "Actual Loops": 1
                                }
                            ],
                            "Plans": [
                                {
                                    "Node Type": "Seq Scan",
                                    "Parent Relationship": "Outer",
                                    "Parallel Aware": true,
                                    "Relation Name": "cast_info",
                                    "Schema": "public",
                                    "Alias": "ci",
                                    "Startup Cost": 0.0,
                                    "Total Cost": 343318.94,
                                    "Plan Rows": 622878,
                                    "Plan Width": 0,
                                    "Actual Startup Time": 209.202,
                                    "Actual Total Time": 571.448,
                                    "Actual Rows": 235605,
                                    "Actual Loops": 7,
                                    "Output": [
                                        "id",
                                        "person_id",
                                        "movie_id",
                                        "person_role_id",
                                        "note",
                                        "nr_order",
                                        "role_id"
                                    ],
                                    "Filter": "((ci.person_id < 576357) AND (ci.role_id > 1))",
                                    "Rows Removed by Filter": 4942158,
                                    "Workers": [
                                        {
                                            "Worker Number": 0,
                                            "Actual Startup Time": 206.506,
                                            "Actual Total Time": 569.288,
                                            "Actual Rows": 173817,
                                            "Actual Loops": 1
                                        },
                                        {
                                            "Worker Number": 1,
                                            "Actual Startup Time": 212.051,
                                            "Actual Total Time": 569.646,
                                            "Actual Rows": 173344,
                                            "Actual Loops": 1
                                        },
                                        {
                                            "Worker Number": 2,
                                            "Actual Startup Time": 206.318,
                                            "Actual Total Time": 570.011,
                                            "Actual Rows": 174002,
                                            "Actual Loops": 1
                                        },
                                        {
                                            "Worker Number": 3,
                                            "Actual Startup Time": 207.46,
                                            "Actual Total Time": 569.995,
                                            "Actual Rows": 265802,
                                            "Actual Loops": 1
                                        },
                                        {
                                            "Worker Number": 4,
                                            "Actual Startup Time": 206.902,
                                            "Actual Total Time": 571.29,
                                            "Actual Rows": 259691,
                                            "Actual Loops": 1
                                        },
                                        {
                                            "Worker Number": 5,
                                            "Actual Startup Time": 207.385,
                                            "Actual Total Time": 570.852,
                                            "Actual Rows": 266147,
                                            "Actual Loops": 1
                                        }
                                    ]
                                }
                            ]
                        }
                    ]
                }
            ]
        },
        "Planning Time": 186.693,
        "Triggers": [],
        "Execution Time": 622.694
    }
]