[
  {
    "Plan": {
      "Node Type": "Aggregate",
      "Strategy": "Plain",
      "Partial Mode": "Finalize",
      "Parallel Aware": false,
      "Startup Cost": 301104.33,
      "Total Cost": 301104.34,
      "Plan Rows": 1,
      "Plan Width": 8,
      "Actual Startup Time": 196.504,
      "Actual Total Time": 206.39,
      "Actual Rows": 1,
      "Actual Loops": 1,
      "Plans": [
        {
          "Node Type": "Gather",
          "Parent Relationship": "Outer",
          "Parallel Aware": false,
          "Startup Cost": 301103.7,
          "Total Cost": 301104.31,
          "Plan Rows": 6,
          "Plan Width": 8,
          "Actual Startup Time": 195.911,
          "Actual Total Time": 206.382,
          "Actual Rows": 7,
          "Actual Loops": 1,
          "Workers Planned": 6,
          "Workers Launched": 6,
          "Single Copy": false,
          "Plans": [
            {
              "Node Type": "Aggregate",
              "Strategy": "Plain",
              "Partial Mode": "Partial",
              "Parent Relationship": "Outer",
              "Parallel Aware": false,
              "Startup Cost": 300103.7,
              "Total Cost": 300103.71,
              "Plan Rows": 1,
              "Plan Width": 8,
              "Actual Startup Time": 185.016,
              "Actual Total Time": 185.018,
              "Actual Rows": 1,
              "Actual Loops": 7,
              "Plans": [
                {
                  "Node Type": "Bitmap Heap Scan",
                  "Parent Relationship": "Outer",
                  "Parallel Aware": true,
                  "Relation Name": "cast_info",
                  "Alias": "ci",
                  "Startup Cost": 42108.96,
                  "Total Cost": 299580.85,
                  "Plan Rows": 209142,
                  "Plan Width": 0,
                  "Actual Startup Time": 78.34,
                  "Actual Total Time": 170.955,
                  "Actual Rows": 263748,
                  "Actual Loops": 7,
                  "Recheck Cond": "(person_id > 3697309)",
                  "Rows Removed by Index Recheck": 0,
                  "Filter": "(role_id > 1)",
                  "Rows Removed by Filter": 0,
                  "Exact Heap Blocks": 6681,
                  "Lossy Heap Blocks": 0,
                  "Plans": [
                    {
                      "Node Type": "Bitmap Index Scan",
                      "Parent Relationship": "Outer",
                      "Parallel Aware": false,
                      "Index Name": "person_id_cast_info",
                      "Startup Cost": 0.0,
                      "Total Cost": 41795.24,
                      "Plan Rows": 1913957,
                      "Plan Width": 0,
                      "Actual Startup Time": 83.941,
                      "Actual Total Time": 83.942,
                      "Actual Rows": 1846237,
                      "Actual Loops": 1,
                      "Index Cond": "(person_id > 3697309)"
                    }
                  ]
                }
              ]
            }
          ]
        }
      ]
    },
    "Planning Time": 0.223,
    "Triggers": [],
    "Execution Time": 206.467
  }
]