{
  "Plan": {
    "Node Type": "Aggregate",
    "Strategy": "Plain",
    "Partial Mode": "Finalize",
    "Parallel Aware": false,
    "Startup Cost": 110701.79,
    "Total Cost": 110701.8,
    "Plan Rows": 1,
    "Plan Width": 8,
    "Actual Startup Time": 362.238,
    "Actual Total Time": 381.192,
    "Actual Rows": 1,
    "Actual Loops": 1,
    "Plans": [
      {
        "Node Type": "Gather",
        "Parent Relationship": "Outer",
        "Parallel Aware": false,
        "Startup Cost": 110701.68,
        "Total Cost": 110701.79,
        "Plan Rows": 1,
        "Plan Width": 8,
        "Actual Startup Time": 361.973,
        "Actual Total Time": 381.185,
        "Actual Rows": 2,
        "Actual Loops": 1,
        "Workers Planned": 1,
        "Workers Launched": 1,
        "Single Copy": false,
        "Plans": [
          {
            "Node Type": "Aggregate",
            "Strategy": "Plain",
            "Partial Mode": "Partial",
            "Parent Relationship": "Outer",
            "Parallel Aware": false,
            "Startup Cost": 109701.68,
            "Total Cost": 109701.69,
            "Plan Rows": 1,
            "Plan Width": 8,
            "Actual Startup Time": 356.004,
            "Actual Total Time": 356.009,
            "Actual Rows": 1,
            "Actual Loops": 2,
            "Plans": [
              {
                "Node Type": "Hash Join",
                "Parent Relationship": "Outer",
                "Parallel Aware": true,
                "Join Type": "Inner",
                "Startup Cost": 76210.33,
                "Total Cost": 109694.32,
                "Plan Rows": 2945,
                "Plan Width": 0,
                "Actual Startup Time": 212.686,
                "Actual Total Time": 355.814,
                "Actual Rows": 2788,
                "Actual Loops": 2,
                "Inner Unique": true,
                "Hash Cond": "(mk.movie_id = t.id)",
                "Plans": [
                  {
                    "Node Type": "Bitmap Heap Scan",
                    "Parent Relationship": "Outer",
                    "Parallel Aware": true,
                    "Relation Name": "movie_keyword",
                    "Alias": "mk",
                    "Startup Cost": 21530.23,
                    "Total Cost": 53447.03,
                    "Plan Rows": 597024,
                    "Plan Width": 4,
                    "Actual Startup Time": 66.178,
                    "Actual Total Time": 171.638,
                    "Actual Rows": 505439,
                    "Actual Loops": 2,
                    "Recheck Cond": "(keyword_id > 18021)",
                    "Rows Removed by Index Recheck": 0,
                    "Exact Heap Blocks": 14352,
                    "Lossy Heap Blocks": 0,
                    "Plans": [
                      {
                        "Node Type": "Bitmap Index Scan",
                        "Parent Relationship": "Outer",
                        "Parallel Aware": false,
                        "Index Name": "keyword_id_movie_keyword",
                        "Startup Cost": 0.0,
                        "Total Cost": 21276.49,
                        "Plan Rows": 1014941,
                        "Plan Width": 0,
                        "Actual Startup Time": 62.498,
                        "Actual Total Time": 62.499,
                        "Actual Rows": 1010878,
                        "Actual Loops": 1,
                        "Index Cond": "(keyword_id > 18021)"
                      }
                    ]
                  },
                  {
                    "Node Type": "Hash",
                    "Parent Relationship": "Inner",
                    "Parallel Aware": true,
                    "Startup Cost": 54588.39,
                    "Total Cost": 54588.39,
                    "Plan Rows": 7337,
                    "Plan Width": 4,
                    "Actual Startup Time": 140.744,
                    "Actual Total Time": 140.745,
                    "Actual Rows": 6856,
                    "Actual Loops": 2,
                    "Hash Buckets": 16384,
                    "Original Hash Buckets": 16384,
                    "Hash Batches": 1,
                    "Original Hash Batches": 1,
                    "Peak Memory Usage": 704,
                    "Plans": [
                      {
                        "Node Type": "Seq Scan",
                        "Parent Relationship": "Outer",
                        "Parallel Aware": true,
                        "Relation Name": "title",
                        "Alias": "t",
                        "Startup Cost": 0.0,
                        "Total Cost": 54588.39,
                        "Plan Rows": 7337,
                        "Plan Width": 4,
                        "Actual Startup Time": 0.094,
                        "Actual Total Time": 138.218,
                        "Actual Rows": 6856,
                        "Actual Loops": 2,
                        "Filter": "(production_year = 1966)",
                        "Rows Removed by Filter": 1257300
                      }
                    ]
                  }
                ]
              }
            ]
          }
        ]
      }
    ]
  },
  "Planning Time": 0.5,
  "Triggers": [],
  "Execution Time": 381.287
}