[
    {
        "Bao": {
            "Bao prediction": "NaN",
            "Bao recommended hint": "(no hint)"
        }
    },
    {
        "Plan": {
            "Node Type": "Aggregate",
            "Strategy": "Plain",
            "Partial Mode": "Finalize",
            "Parallel Aware": false,
            "Startup Cost": 32700.16,
            "Total Cost": 32700.17,
            "Plan Rows": 1,
            "Plan Width": 8,
            "Actual Startup Time": 82.78,
            "Actual Total Time": 89.815,
            "Actual Rows": 1,
            "Actual Loops": 1,
            "Output": [
                "count(*)"
            ],
            "Plans": [
                {
                    "Node Type": "Gather",
                    "Parent Relationship": "Outer",
                    "Parallel Aware": false,
                    "Startup Cost": 32699.84,
                    "Total Cost": 32700.15,
                    "Plan Rows": 3,
                    "Plan Width": 8,
                    "Actual Startup Time": 82.694,
                    "Actual Total Time": 89.807,
                    "Actual Rows": 4,
                    "Actual Loops": 1,
                    "Output": [
                        "(PARTIAL count(*))"
                    ],
                    "Workers Planned": 3,
                    "Workers Launched": 3,
                    "Single Copy": false,
                    "Plans": [
                        {
                            "Node Type": "Aggregate",
                            "Strategy": "Plain",
                            "Partial Mode": "Partial",
                            "Parent Relationship": "Outer",
                            "Parallel Aware": false,
                            "Startup Cost": 31699.84,
                            "Total Cost": 31699.85,
                            "Plan Rows": 1,
                            "Plan Width": 8,
                            "Actual Startup Time": 74.66,
                            "Actual Total Time": 74.661,
                            "Actual Rows": 1,
                            "Actual Loops": 4,
                            "Output": [
                                "PARTIAL count(*)"
                            ],
                            "Workers": [
                                {
                                    "Worker Number": 0,
                                    "Actual Startup Time": 71.667,
                                    "Actual Total Time": 71.668,
                                    "Actual Rows": 1,
                                    "Actual Loops": 1
                                },
                                {
                                    "Worker Number": 1,
                                    "Actual Startup Time": 72.164,
                                    "Actual Total Time": 72.166,
                                    "Actual Rows": 1,
                                    "Actual Loops": 1
                                },
                                {
                                    "Worker Number": 2,
                                    "Actual Startup Time": 72.42,
                                    "Actual Total Time": 72.421,
                                    "Actual Rows": 1,
                                    "Actual Loops": 1
                                }
                            ],
                            "Plans": [
                                {
                                    "Node Type": "Seq Scan",
                                    "Parent Relationship": "Outer",
                                    "Parallel Aware": true,
                                    "Relation Name": "movie_companies",
                                    "Schema": "public",
                                    "Alias": "mc",
                                    "Startup Cost": 0.0,
                                    "Total Cost": 31414.82,
                                    "Plan Rows": 114008,
                                    "Plan Width": 0,
                                    "Actual Startup Time": 43.083,
                                    "Actual Total Time": 72.328,
                                    "Actual Rows": 49622,
                                    "Actual Loops": 4,
                                    "Output": [
                                        "id",
                                        "movie_id",
                                        "company_id",
                                        "company_type_id",
                                        "note"
                                    ],
                                    "Filter": "((mc.company_id < 1284) AND (mc.company_type_id > 1))",
                                    "Rows Removed by Filter": 602660,
                                    "Workers": [
                                        {
                                            "Worker Number": 0,
                                            "Actual Startup Time": 40.087,
                                            "Actual Total Time": 69.384,
                                            "Actual Rows": 32436,
                                            "Actual Loops": 1
                                        },
                                        {
                                            "Worker Number": 1,
                                            "Actual Startup Time": 40.585,
                                            "Actual Total Time": 69.946,
                                            "Actual Rows": 51866,
                                            "Actual Loops": 1
                                        },
                                        {
                                            "Worker Number": 2,
                                            "Actual Startup Time": 40.846,
                                            "Actual Total Time": 70.208,
                                            "Actual Rows": 51665,
                                            "Actual Loops": 1
                                        }
                                    ]
                                }
                            ]
                        }
                    ]
                }
            ]
        },
        "Planning Time": 226.743,
        "Triggers": [],
        "Execution Time": 89.872
    }
]