[
  {
    "Plan": {
      "Node Type": "Aggregate",
      "Strategy": "Plain",
      "Partial Mode": "Finalize",
      "Parallel Aware": false,
      "Startup Cost": 81532.64,
      "Total Cost": 81532.65,
      "Plan Rows": 1,
      "Plan Width": 8,
      "Actual Startup Time": 402.142,
      "Actual Total Time": 420.912,
      "Actual Rows": 1,
      "Actual Loops": 1,
      "Plans": [
        {
          "Node Type": "Gather",
          "Parent Relationship": "Outer",
          "Parallel Aware": false,
          "Startup Cost": 81532.32,
          "Total Cost": 81532.63,
          "Plan Rows": 3,
          "Plan Width": 8,
          "Actual Startup Time": 389.451,
          "Actual Total Time": 420.895,
          "Actual Rows": 4,
          "Actual Loops": 1,
          "Workers Planned": 3,
          "Workers Launched": 3,
          "Single Copy": false,
          "Plans": [
            {
              "Node Type": "Aggregate",
              "Strategy": "Plain",
              "Partial Mode": "Partial",
              "Parent Relationship": "Outer",
              "Parallel Aware": false,
              "Startup Cost": 80532.32,
              "Total Cost": 80532.33,
              "Plan Rows": 1,
              "Plan Width": 8,
              "Actual Startup Time": 376.755,
              "Actual Total Time": 376.759,
              "Actual Rows": 1,
              "Actual Loops": 4,
              "Plans": [
                {
                  "Node Type": "Hash Join",
                  "Parent Relationship": "Outer",
                  "Parallel Aware": true,
                  "Join Type": "Inner",
                  "Startup Cost": 54591.58,
                  "Total Cost": 80396.18,
                  "Plan Rows": 54456,
                  "Plan Width": 0,
                  "Actual Startup Time": 297.553,
                  "Actual Total Time": 376.086,
                  "Actual Rows": 10049,
                  "Actual Loops": 4,
                  "Inner Unique": true,
                  "Hash Cond": "(mk.movie_id = t.id)",
                  "Plans": [
                    {
                      "Node Type": "Bitmap Heap Scan",
                      "Parent Relationship": "Outer",
                      "Parallel Aware": true,
                      "Relation Name": "movie_keyword",
                      "Alias": "mk",
                      "Startup Cost": 5873.77,
                      "Total Cost": 31443.97,
                      "Plan Rows": 89296,
                      "Plan Width": 4,
                      "Actual Startup Time": 19.422,
                      "Actual Total Time": 69.782,
                      "Actual Rows": 67065,
                      "Actual Loops": 4,
                      "Recheck Cond": "(keyword_id < 230)",
                      "Rows Removed by Index Recheck": 0,
                      "Exact Heap Blocks": 7531,
                      "Lossy Heap Blocks": 0,
                      "Plans": [
                        {
                          "Node Type": "Bitmap Index Scan",
                          "Parent Relationship": "Outer",
                          "Parallel Aware": false,
                          "Index Name": "keyword_id_movie_keyword",
                          "Startup Cost": 0.0,
                          "Total Cost": 5804.57,
                          "Plan Rows": 276818,
                          "Plan Width": 0,
                          "Actual Startup Time": 15.934,
                          "Actual Total Time": 15.935,
                          "Actual Rows": 268261,
                          "Actual Loops": 1,
                          "Index Cond": "(keyword_id < 230)"
                        }
                      ]
                    },
                    {
                      "Node Type": "Hash",
                      "Parent Relationship": "Inner",
                      "Parallel Aware": true,
                      "Startup Cost": 43899.32,
                      "Total Cost": 43899.32,
                      "Plan Rows": 385479,
                      "Plan Width": 4,
                      "Actual Startup Time": 270.131,
                      "Actual Total Time": 270.132,
                      "Actual Rows": 385816,
                      "Actual Loops": 4,
                      "Hash Buckets": 2097152,
                      "Original Hash Buckets": 2097152,
                      "Hash Batches": 1,
                      "Original Hash Batches": 1,
                      "Peak Memory Usage": 76864,
                      "Plans": [
                        {
                          "Node Type": "Seq Scan",
                          "Parent Relationship": "Outer",
                          "Parallel Aware": true,
                          "Relation Name": "title",
                          "Alias": "t",
                          "Startup Cost": 0.0,
                          "Total Cost": 43899.32,
                          "Plan Rows": 385479,
                          "Plan Width": 4,
                          "Actual Startup Time": 0.047,
                          "Actual Total Time": 113.895,
                          "Actual Rows": 385816,
                          "Actual Loops": 4,
                          "Filter": "(kind_id = 7)",
                          "Rows Removed by Filter": 246262
                        }
                      ]
                    }
                  ]
                }
              ]
            }
          ]
        }
      ]
    },
    "Planning Time": 0.673,
    "Triggers": [],
    "Execution Time": 421.01
  }
]