{
  "Plan": {
    "Node Type": "Aggregate",
    "Strategy": "Plain",
    "Partial Mode": "Finalize",
    "Parallel Aware": false,
    "Startup Cost": 121069.31,
    "Total Cost": 121069.32,
    "Plan Rows": 1,
    "Plan Width": 8,
    "Actual Startup Time": 607.854,
    "Actual Total Time": 619.631,
    "Actual Rows": 1,
    "Actual Loops": 1,
    "Plans": [
      {
        "Node Type": "Gather",
        "Parent Relationship": "Outer",
        "Parallel Aware": false,
        "Startup Cost": 121069.2,
        "Total Cost": 121069.31,
        "Plan Rows": 1,
        "Plan Width": 8,
        "Actual Startup Time": 606.622,
        "Actual Total Time": 619.619,
        "Actual Rows": 2,
        "Actual Loops": 1,
        "Workers Planned": 1,
        "Workers Launched": 1,
        "Single Copy": false,
        "Plans": [
          {
            "Node Type": "Aggregate",
            "Strategy": "Plain",
            "Partial Mode": "Partial",
            "Parent Relationship": "Outer",
            "Parallel Aware": false,
            "Startup Cost": 120069.2,
            "Total Cost": 120069.21,
            "Plan Rows": 1,
            "Plan Width": 8,
            "Actual Startup Time": 601.681,
            "Actual Total Time": 601.686,
            "Actual Rows": 1,
            "Actual Loops": 2,
            "Plans": [
              {
                "Node Type": "Hash Join",
                "Parent Relationship": "Outer",
                "Parallel Aware": true,
                "Join Type": "Inner",
                "Startup Cost": 57340.23,
                "Total Cost": 119298.78,
                "Plan Rows": 308168,
                "Plan Width": 0,
                "Actual Startup Time": 237.12,
                "Actual Total Time": 577.622,
                "Actual Rows": 489397,
                "Actual Loops": 2,
                "Inner Unique": true,
                "Hash Cond": "(mk.movie_id = t.id)",
                "Plans": [
                  {
                    "Node Type": "Seq Scan",
                    "Parent Relationship": "Outer",
                    "Parallel Aware": true,
                    "Relation Name": "movie_keyword",
                    "Alias": "mk",
                    "Startup Cost": 0.0,
                    "Total Cost": 57718.19,
                    "Plan Rows": 1615370,
                    "Plan Width": 4,
                    "Actual Startup Time": 0.019,
                    "Actual Total Time": 232.819,
                    "Actual Rows": 1363559,
                    "Actual Loops": 2,
                    "Filter": "(keyword_id < 7763)",
                    "Rows Removed by Filter": 898406
                  },
                  {
                    "Node Type": "Hash",
                    "Parent Relationship": "Inner",
                    "Parallel Aware": true,
                    "Startup Cost": 53793.69,
                    "Total Cost": 53793.69,
                    "Plan Rows": 283723,
                    "Plan Width": 4,
                    "Actual Startup Time": 160.705,
                    "Actual Total Time": 160.707,
                    "Actual Rows": 177614,
                    "Actual Loops": 2,
                    "Hash Buckets": 524288,
                    "Original Hash Buckets": 524288,
                    "Hash Batches": 1,
                    "Original Hash Batches": 1,
                    "Peak Memory Usage": 18016,
                    "Plans": [
                      {
                        "Node Type": "Bitmap Heap Scan",
                        "Parent Relationship": "Outer",
                        "Parallel Aware": true,
                        "Relation Name": "title",
                        "Alias": "t",
                        "Startup Cost": 11943.43,
                        "Total Cost": 53793.69,
                        "Plan Rows": 283723,
                        "Plan Width": 4,
                        "Actual Startup Time": 38.704,
                        "Actual Total Time": 114.572,
                        "Actual Rows": 177614,
                        "Actual Loops": 2,
                        "Recheck Cond": "(kind_id = 1)",
                        "Rows Removed by Index Recheck": 0,
                        "Filter": "(production_year > 1986)",
                        "Rows Removed by Filter": 153799,
                        "Exact Heap Blocks": 8862,
                        "Lossy Heap Blocks": 0,
                        "Plans": [
                          {
                            "Node Type": "Bitmap Index Scan",
                            "Parent Relationship": "Outer",
                            "Parallel Aware": false,
                            "Index Name": "kind_id_title",
                            "Startup Cost": 0.0,
                            "Total Cost": 11822.85,
                            "Plan Rows": 663256,
                            "Plan Width": 0,
                            "Actual Startup Time": 36.461,
                            "Actual Total Time": 36.461,
                            "Actual Rows": 662825,
                            "Actual Loops": 1,
                            "Index Cond": "(kind_id = 1)"
                          }
                        ]
                      }
                    ]
                  }
                ]
              }
            ]
          }
        ]
      }
    ]
  },
  "Planning Time": 0.697,
  "Triggers": [],
  "Execution Time": 619.741
}