[
  {
    "Plan": {
      "Node Type": "Aggregate",
      "Strategy": "Plain",
      "Partial Mode": "Finalize",
      "Parallel Aware": false,
      "Startup Cost": 355973.41,
      "Total Cost": 355973.42,
      "Plan Rows": 1,
      "Plan Width": 8,
      "Actual Startup Time": 879.27,
      "Actual Total Time": 940.94,
      "Actual Rows": 1,
      "Actual Loops": 1,
      "Plans": [
        {
          "Node Type": "Gather",
          "Parent Relationship": "Outer",
          "Parallel Aware": false,
          "Startup Cost": 355972.78,
          "Total Cost": 355973.39,
          "Plan Rows": 6,
          "Plan Width": 8,
          "Actual Startup Time": 879.149,
          "Actual Total Time": 940.93,
          "Actual Rows": 7,
          "Actual Loops": 1,
          "Workers Planned": 6,
          "Workers Launched": 6,
          "Single Copy": false,
          "Plans": [
            {
              "Node Type": "Aggregate",
              "Strategy": "Plain",
              "Partial Mode": "Partial",
              "Parent Relationship": "Outer",
              "Parallel Aware": false,
              "Startup Cost": 354972.78,
              "Total Cost": 354972.79,
              "Plan Rows": 1,
              "Plan Width": 8,
              "Actual Startup Time": 868.72,
              "Actual Total Time": 868.721,
              "Actual Rows": 1,
              "Actual Loops": 7,
              "Plans": [
                {
                  "Node Type": "Seq Scan",
                  "Parent Relationship": "Outer",
                  "Parallel Aware": true,
                  "Relation Name": "cast_info",
                  "Alias": "ci",
                  "Startup Cost": 0.0,
                  "Total Cost": 343257.03,
                  "Plan Rows": 4686301,
                  "Plan Width": 0,
                  "Actual Startup Time": 0.055,
                  "Actual Total Time": 698.488,
                  "Actual Rows": 4358807,
                  "Actual Loops": 7,
                  "Filter": "((person_id < 3544543) AND (role_id < 9))",
                  "Rows Removed by Filter": 818956
                }
              ]
            }
          ]
        }
      ]
    },
    "Planning Time": 0.222,
    "Triggers": [],
    "Execution Time": 941.013
  }
]