[
  {
    "Plan": {
      "Node Type": "Aggregate",
      "Strategy": "Plain",
      "Partial Mode": "Finalize",
      "Parallel Aware": false,
      "Startup Cost": 308432.56,
      "Total Cost": 308432.57,
      "Plan Rows": 1,
      "Plan Width": 8,
      "Actual Startup Time": 310.169,
      "Actual Total Time": 330.05,
      "Actual Rows": 1,
      "Actual Loops": 1,
      "Plans": [
        {
          "Node Type": "Gather",
          "Parent Relationship": "Outer",
          "Parallel Aware": false,
          "Startup Cost": 308432.03,
          "Total Cost": 308432.54,
          "Plan Rows": 5,
          "Plan Width": 8,
          "Actual Startup Time": 289.505,
          "Actual Total Time": 330.042,
          "Actual Rows": 6,
          "Actual Loops": 1,
          "Workers Planned": 5,
          "Workers Launched": 5,
          "Single Copy": false,
          "Plans": [
            {
              "Node Type": "Aggregate",
              "Strategy": "Plain",
              "Partial Mode": "Partial",
              "Parent Relationship": "Outer",
              "Parallel Aware": false,
              "Startup Cost": 307432.03,
              "Total Cost": 307432.04,
              "Plan Rows": 1,
              "Plan Width": 8,
              "Actual Startup Time": 277.442,
              "Actual Total Time": 277.445,
              "Actual Rows": 1,
              "Actual Loops": 6,
              "Plans": [
                {
                  "Node Type": "Hash Join",
                  "Parent Relationship": "Outer",
                  "Parallel Aware": true,
                  "Join Type": "Inner",
                  "Startup Cost": 54817.52,
                  "Total Cost": 307327.96,
                  "Plan Rows": 41630,
                  "Plan Width": 0,
                  "Actual Startup Time": 249.464,
                  "Actual Total Time": 275.633,
                  "Actual Rows": 34664,
                  "Actual Loops": 6,
                  "Inner Unique": true,
                  "Hash Cond": "(ci.movie_id = t.id)",
                  "Plans": [
                    {
                      "Node Type": "Bitmap Heap Scan",
                      "Parent Relationship": "Outer",
                      "Parallel Aware": true,
                      "Relation Name": "cast_info",
                      "Alias": "ci",
                      "Startup Cost": 4597.71,
                      "Total Cost": 256998.87,
                      "Plan Rows": 41630,
                      "Plan Width": 4,
                      "Actual Startup Time": 6.864,
                      "Actual Total Time": 12.416,
                      "Actual Rows": 34664,
                      "Actual Loops": 6,
                      "Recheck Cond": "(person_id < 24399)",
                      "Rows Removed by Index Recheck": 0,
                      "Exact Heap Blocks": 488,
                      "Lossy Heap Blocks": 0,
                      "Plans": [
                        {
                          "Node Type": "Bitmap Index Scan",
                          "Parent Relationship": "Outer",
                          "Parallel Aware": false,
                          "Index Name": "person_id_cast_info",
                          "Startup Cost": 0.0,
                          "Total Cost": 4545.67,
                          "Plan Rows": 208148,
                          "Plan Width": 0,
                          "Actual Startup Time": 6.587,
                          "Actual Total Time": 6.588,
                          "Actual Rows": 207983,
                          "Actual Loops": 1,
                          "Index Cond": "(person_id < 24399)"
                        }
                      ]
                    },
                    {
                      "Node Type": "Hash",
                      "Parent Relationship": "Inner",
                      "Parallel Aware": true,
                      "Startup Cost": 42318.81,
                      "Total Cost": 42318.81,
                      "Plan Rows": 632080,
                      "Plan Width": 4,
                      "Actual Startup Time": 237.664,
                      "Actual Total Time": 237.665,
                      "Actual Rows": 421385,
                      "Actual Loops": 6,
                      "Hash Buckets": 4194304,
                      "Original Hash Buckets": 4194304,
                      "Hash Batches": 1,
                      "Original Hash Batches": 1,
                      "Peak Memory Usage": 131776,
                      "Plans": [
                        {
                          "Node Type": "Seq Scan",
                          "Parent Relationship": "Outer",
                          "Parallel Aware": true,
                          "Relation Name": "title",
                          "Alias": "t",
                          "Startup Cost": 0.0,
                          "Total Cost": 42318.81,
                          "Plan Rows": 632080,
                          "Plan Width": 4,
                          "Actual Startup Time": 0.032,
                          "Actual Total Time": 71.974,
                          "Actual Rows": 421385,
                          "Actual Loops": 6
                        }
                      ]
                    }
                  ]
                }
              ]
            }
          ]
        }
      ]
    },
    "Planning Time": 0.212,
    "Triggers": [],
    "Execution Time": 330.086
  }
]