[
  {
    "Plan": {
      "Node Type": "Aggregate",
      "Strategy": "Plain",
      "Partial Mode": "Finalize",
      "Parallel Aware": false,
      "Startup Cost": 64754.08,
      "Total Cost": 64754.09,
      "Plan Rows": 1,
      "Plan Width": 8,
      "Actual Startup Time": 302.977,
      "Actual Total Time": 314.516,
      "Actual Rows": 1,
      "Actual Loops": 1,
      "Plans": [
        {
          "Node Type": "Gather",
          "Parent Relationship": "Outer",
          "Parallel Aware": false,
          "Startup Cost": 64753.87,
          "Total Cost": 64754.08,
          "Plan Rows": 2,
          "Plan Width": 8,
          "Actual Startup Time": 299.997,
          "Actual Total Time": 314.508,
          "Actual Rows": 3,
          "Actual Loops": 1,
          "Workers Planned": 2,
          "Workers Launched": 2,
          "Single Copy": false,
          "Plans": [
            {
              "Node Type": "Aggregate",
              "Strategy": "Plain",
              "Partial Mode": "Partial",
              "Parent Relationship": "Outer",
              "Parallel Aware": false,
              "Startup Cost": 63753.87,
              "Total Cost": 63753.88,
              "Plan Rows": 1,
              "Plan Width": 8,
              "Actual Startup Time": 293.007,
              "Actual Total Time": 293.01,
              "Actual Rows": 1,
              "Actual Loops": 3,
              "Plans": [
                {
                  "Node Type": "Hash Join",
                  "Parent Relationship": "Outer",
                  "Parallel Aware": true,
                  "Join Type": "Inner",
                  "Startup Cost": 47393.95,
                  "Total Cost": 63521.85,
                  "Plan Rows": 92808,
                  "Plan Width": 0,
                  "Actual Startup Time": 219.662,
                  "Actual Total Time": 287.217,
                  "Actual Rows": 132455,
                  "Actual Loops": 3,
                  "Inner Unique": true,
                  "Hash Cond": "(mi_idx.movie_id = t.id)",
                  "Plans": [
                    {
                      "Node Type": "Seq Scan",
                      "Parent Relationship": "Outer",
                      "Parallel Aware": true,
                      "Relation Name": "movie_info_idx",
                      "Alias": "mi_idx",
                      "Startup Cost": 0.0,
                      "Total Cost": 15122.68,
                      "Plan Rows": 382940,
                      "Plan Width": 4,
                      "Actual Startup Time": 0.024,
                      "Actual Total Time": 46.06,
                      "Actual Rows": 306617,
                      "Actual Loops": 3,
                      "Filter": "(info_type_id < 101)",
                      "Rows Removed by Filter": 153395
                    },
                    {
                      "Node Type": "Hash",
                      "Parent Relationship": "Inner",
                      "Parallel Aware": true,
                      "Startup Cost": 45479.1,
                      "Total Cost": 45479.1,
                      "Plan Rows": 153188,
                      "Plan Width": 4,
                      "Actual Startup Time": 178.857,
                      "Actual Total Time": 178.858,
                      "Actual Rows": 177796,
                      "Actual Loops": 3,
                      "Hash Buckets": 1048576,
                      "Original Hash Buckets": 1048576,
                      "Hash Batches": 1,
                      "Original Hash Batches": 1,
                      "Peak Memory Usage": 29120,
                      "Plans": [
                        {
                          "Node Type": "Seq Scan",
                          "Parent Relationship": "Outer",
                          "Parallel Aware": true,
                          "Relation Name": "title",
                          "Alias": "t",
                          "Startup Cost": 0.0,
                          "Total Cost": 45479.1,
                          "Plan Rows": 153188,
                          "Plan Width": 4,
                          "Actual Startup Time": 50.199,
                          "Actual Total Time": 126.704,
                          "Actual Rows": 177796,
                          "Actual Loops": 3,
                          "Filter": "((production_year > 1932) AND (kind_id = 1))",
                          "Rows Removed by Filter": 664975
                        }
                      ]
                    }
                  ]
                }
              ]
            }
          ]
        }
      ]
    },
    "Planning Time": 0.595,
    "Triggers": [],
    "Execution Time": 314.584
  }
]