[
  {
    "Plan": {
      "Node Type": "Aggregate",
      "Strategy": "Plain",
      "Partial Mode": "Finalize",
      "Parallel Aware": false,
      "Startup Cost": 290337.01,
      "Total Cost": 290337.02,
      "Plan Rows": 1,
      "Plan Width": 8,
      "Actual Startup Time": 154.693,
      "Actual Total Time": 160.976,
      "Actual Rows": 1,
      "Actual Loops": 1,
      "Plans": [
        {
          "Node Type": "Gather",
          "Parent Relationship": "Outer",
          "Parallel Aware": false,
          "Startup Cost": 290336.39,
          "Total Cost": 290337.0,
          "Plan Rows": 6,
          "Plan Width": 8,
          "Actual Startup Time": 154.205,
          "Actual Total Time": 160.968,
          "Actual Rows": 7,
          "Actual Loops": 1,
          "Workers Planned": 6,
          "Workers Launched": 6,
          "Single Copy": false,
          "Plans": [
            {
              "Node Type": "Aggregate",
              "Strategy": "Plain",
              "Partial Mode": "Partial",
              "Parent Relationship": "Outer",
              "Parallel Aware": false,
              "Startup Cost": 289336.39,
              "Total Cost": 289336.4,
              "Plan Rows": 1,
              "Plan Width": 8,
              "Actual Startup Time": 144.251,
              "Actual Total Time": 144.252,
              "Actual Rows": 1,
              "Actual Loops": 7,
              "Plans": [
                {
                  "Node Type": "Bitmap Heap Scan",
                  "Parent Relationship": "Outer",
                  "Parallel Aware": true,
                  "Relation Name": "cast_info",
                  "Alias": "ci",
                  "Startup Cost": 32705.75,
                  "Total Cost": 289122.33,
                  "Plan Rows": 85623,
                  "Plan Width": 0,
                  "Actual Startup Time": 66.457,
                  "Actual Total Time": 133.942,
                  "Actual Rows": 158293,
                  "Actual Loops": 7,
                  "Recheck Cond": "(person_id < 154320)",
                  "Rows Removed by Index Recheck": 0,
                  "Filter": "(role_id = 1)",
                  "Rows Removed by Filter": 62153,
                  "Exact Heap Blocks": 4331,
                  "Lossy Heap Blocks": 0,
                  "Plans": [
                    {
                      "Node Type": "Bitmap Index Scan",
                      "Parent Relationship": "Outer",
                      "Parallel Aware": false,
                      "Index Name": "person_id_cast_info",
                      "Startup Cost": 0.0,
                      "Total Cost": 32577.31,
                      "Plan Rows": 1491833,
                      "Plan Width": 0,
                      "Actual Startup Time": 72.797,
                      "Actual Total Time": 72.798,
                      "Actual Rows": 1543123,
                      "Actual Loops": 1,
                      "Index Cond": "(person_id < 154320)"
                    }
                  ]
                }
              ]
            }
          ]
        }
      ]
    },
    "Planning Time": 0.228,
    "Triggers": [],
    "Execution Time": 161.05
  }
]