{
  "Plan": {
    "Node Type": "Aggregate",
    "Strategy": "Plain",
    "Partial Mode": "Finalize",
    "Parallel Aware": false,
    "Startup Cost": 737252.76,
    "Total Cost": 737252.77,
    "Plan Rows": 1,
    "Plan Width": 8,
    "Actual Startup Time": 7349.126,
    "Actual Total Time": 7421.124,
    "Actual Rows": 1,
    "Actual Loops": 1,
    "Plans": [
      {
        "Node Type": "Gather",
        "Parent Relationship": "Outer",
        "Parallel Aware": false,
        "Startup Cost": 737252.64,
        "Total Cost": 737252.75,
        "Plan Rows": 1,
        "Plan Width": 8,
        "Actual Startup Time": 7341.704,
        "Actual Total Time": 7421.115,
        "Actual Rows": 2,
        "Actual Loops": 1,
        "Workers Planned": 1,
        "Workers Launched": 1,
        "Single Copy": false,
        "Plans": [
          {
            "Node Type": "Aggregate",
            "Strategy": "Plain",
            "Partial Mode": "Partial",
            "Parent Relationship": "Outer",
            "Parallel Aware": false,
            "Startup Cost": 736252.64,
            "Total Cost": 736252.65,
            "Plan Rows": 1,
            "Plan Width": 8,
            "Actual Startup Time": 7328.157,
            "Actual Total Time": 7328.162,
            "Actual Rows": 1,
            "Actual Loops": 2,
            "Plans": [
              {
                "Node Type": "Hash Join",
                "Parent Relationship": "Outer",
                "Parallel Aware": true,
                "Join Type": "Inner",
                "Startup Cost": 123097.62,
                "Total Cost": 722852.05,
                "Plan Rows": 5360237,
                "Plan Width": 0,
                "Actual Startup Time": 1483.24,
                "Actual Total Time": 6874.97,
                "Actual Rows": 10805877,
                "Actual Loops": 2,
                "Inner Unique": false,
                "Hash Cond": "(t.id = mc.movie_id)",
                "Plans": [
                  {
                    "Node Type": "Hash Join",
                    "Parent Relationship": "Outer",
                    "Parallel Aware": true,
                    "Join Type": "Inner",
                    "Startup Cost": 69775.03,
                    "Total Cost": 605535.11,
                    "Plan Rows": 5194166,
                    "Plan Width": 8,
                    "Actual Startup Time": 1025.571,
                    "Actual Total Time": 4007.64,
                    "Actual Rows": 4206236,
                    "Actual Loops": 2,
                    "Inner Unique": true,
                    "Hash Cond": "(ci.movie_id = t.id)",
                    "Plans": [
                      {
                        "Node Type": "Seq Scan",
                        "Parent Relationship": "Outer",
                        "Parallel Aware": true,
                        "Relation Name": "cast_info",
                        "Alias": "ci",
                        "Startup Cost": 0.0,
                        "Total Cost": 519069.44,
                        "Plan Rows": 6358327,
                        "Plan Width": 4,
                        "Actual Startup Time": 610.293,
                        "Actual Total Time": 1318.785,
                        "Actual Rows": 5342918,
                        "Actual Loops": 2,
                        "Filter": "(person_id > 2639004)",
                        "Rows Removed by Filter": 12779254
                      },
                      {
                        "Node Type": "Hash",
                        "Parent Relationship": "Inner",
                        "Parallel Aware": true,
                        "Startup Cost": 54588.39,
                        "Total Cost": 54588.39,
                        "Plan Rows": 1214931,
                        "Plan Width": 4,
                        "Actual Startup Time": 409.673,
                        "Actual Total Time": 409.673,
                        "Actual Rows": 1032276,
                        "Actual Loops": 2,
                        "Hash Buckets": 2097152,
                        "Original Hash Buckets": 2097152,
                        "Hash Batches": 1,
                        "Original Hash Batches": 1,
                        "Peak Memory Usage": 97184,
                        "Plans": [
                          {
                            "Node Type": "Seq Scan",
                            "Parent Relationship": "Outer",
                            "Parallel Aware": true,
                            "Relation Name": "title",
                            "Alias": "t",
                            "Startup Cost": 0.0,
                            "Total Cost": 54588.39,
                            "Plan Rows": 1214931,
                            "Plan Width": 4,
                            "Actual Startup Time": 0.017,
                            "Actual Total Time": 173.746,
                            "Actual Rows": 1032276,
                            "Actual Loops": 2,
                            "Filter": "(production_year < 2011)",
                            "Rows Removed by Filter": 231880
                          }
                        ]
                      }
                    ]
                  },
                  {
                    "Node Type": "Hash",
                    "Parent Relationship": "Inner",
                    "Parallel Aware": true,
                    "Startup Cost": 34137.82,
                    "Total Cost": 34137.82,
                    "Plan Rows": 1534782,
                    "Plan Width": 4,
                    "Actual Startup Time": 435.346,
                    "Actual Total Time": 435.347,
                    "Actual Rows": 1304564,
                    "Actual Loops": 2,
                    "Hash Buckets": 4194304,
                    "Original Hash Buckets": 4194304,
                    "Hash Batches": 1,
                    "Original Hash Batches": 1,
                    "Peak Memory Usage": 134880,
                    "Plans": [
                      {
                        "Node Type": "Seq Scan",
                        "Parent Relationship": "Outer",
                        "Parallel Aware": true,
                        "Relation Name": "movie_companies",
                        "Alias": "mc",
                        "Startup Cost": 0.0,
                        "Total Cost": 34137.82,
                        "Plan Rows": 1534782,
                        "Plan Width": 4,
                        "Actual Startup Time": 0.041,
                        "Actual Total Time": 134.213,
                        "Actual Rows": 1304564,
                        "Actual Loops": 2
                      }
                    ]
                  }
                ]
              }
            ]
          }
        ]
      }
    ]
  },
  "Planning Time": 0.902,
  "Triggers": [],
  "Execution Time": 7421.217
}