[
  {
    "Plan": {
      "Node Type": "Aggregate",
      "Strategy": "Plain",
      "Partial Mode": "Finalize",
      "Parallel Aware": false,
      "Startup Cost": 319513.83,
      "Total Cost": 319513.84,
      "Plan Rows": 1,
      "Plan Width": 8,
      "Actual Startup Time": 167.275,
      "Actual Total Time": 182.782,
      "Actual Rows": 1,
      "Actual Loops": 1,
      "Plans": [
        {
          "Node Type": "Gather",
          "Parent Relationship": "Outer",
          "Parallel Aware": false,
          "Startup Cost": 319513.21,
          "Total Cost": 319513.82,
          "Plan Rows": 6,
          "Plan Width": 8,
          "Actual Startup Time": 164.424,
          "Actual Total Time": 182.774,
          "Actual Rows": 7,
          "Actual Loops": 1,
          "Workers Planned": 6,
          "Workers Launched": 6,
          "Single Copy": false,
          "Plans": [
            {
              "Node Type": "Aggregate",
              "Strategy": "Plain",
              "Partial Mode": "Partial",
              "Parent Relationship": "Outer",
              "Parallel Aware": false,
              "Startup Cost": 318513.21,
              "Total Cost": 318513.22,
              "Plan Rows": 1,
              "Plan Width": 8,
              "Actual Startup Time": 156.764,
              "Actual Total Time": 156.767,
              "Actual Rows": 1,
              "Actual Loops": 7,
              "Plans": [
                {
                  "Node Type": "Hash Join",
                  "Parent Relationship": "Outer",
                  "Parallel Aware": true,
                  "Join Type": "Inner",
                  "Startup Cost": 63605.26,
                  "Total Cost": 318493.17,
                  "Plan Rows": 8016,
                  "Plan Width": 0,
                  "Actual Startup Time": 136.445,
                  "Actual Total Time": 156.581,
                  "Actual Rows": 3377,
                  "Actual Loops": 7,
                  "Inner Unique": true,
                  "Hash Cond": "(ci.movie_id = t.id)",
                  "Plans": [
                    {
                      "Node Type": "Bitmap Heap Scan",
                      "Parent Relationship": "Outer",
                      "Parallel Aware": true,
                      "Relation Name": "cast_info",
                      "Alias": "ci",
                      "Startup Cost": 17385.65,
                      "Total Cost": 272048.89,
                      "Plan Rows": 85588,
                      "Plan Width": 4,
                      "Actual Startup Time": 52.764,
                      "Actual Total Time": 63.918,
                      "Actual Rows": 30395,
                      "Actual Loops": 7,
                      "Recheck Cond": "(person_id < 85617)",
                      "Rows Removed by Index Recheck": 0,
                      "Filter": "(role_id > 1)",
                      "Rows Removed by Filter": 85763,
                      "Exact Heap Blocks": 1593,
                      "Lossy Heap Blocks": 0,
                      "Plans": [
                        {
                          "Node Type": "Bitmap Index Scan",
                          "Parent Relationship": "Outer",
                          "Parallel Aware": false,
                          "Index Name": "person_id_cast_info",
                          "Startup Cost": 0.0,
                          "Total Cost": 17257.27,
                          "Plan Rows": 790494,
                          "Plan Width": 0,
                          "Actual Startup Time": 28.419,
                          "Actual Total Time": 28.42,
                          "Actual Rows": 813102,
                          "Actual Loops": 1,
                          "Index Cond": "(person_id < 85617)"
                        }
                      ]
                    },
                    {
                      "Node Type": "Hash",
                      "Parent Relationship": "Inner",
                      "Parallel Aware": true,
                      "Startup Cost": 45479.59,
                      "Total Cost": 45479.59,
                      "Plan Rows": 59202,
                      "Plan Width": 4,
                      "Actual Startup Time": 82.545,
                      "Actual Total Time": 82.546,
                      "Actual Rows": 36701,
                      "Actual Loops": 7,
                      "Hash Buckets": 262144,
                      "Original Hash Buckets": 262144,
                      "Hash Batches": 1,
                      "Original Hash Batches": 1,
                      "Peak Memory Usage": 12256,
                      "Plans": [
                        {
                          "Node Type": "Seq Scan",
                          "Parent Relationship": "Outer",
                          "Parallel Aware": true,
                          "Relation Name": "title",
                          "Alias": "t",
                          "Startup Cost": 0.0,
                          "Total Cost": 45479.59,
                          "Plan Rows": 59202,
                          "Plan Width": 4,
                          "Actual Startup Time": 0.035,
                          "Actual Total Time": 67.198,
                          "Actual Rows": 36701,
                          "Actual Loops": 7,
                          "Filter": "((production_year > 2010) AND (kind_id = 7))",
                          "Rows Removed by Filter": 324487
                        }
                      ]
                    }
                  ]
                }
              ]
            }
          ]
        }
      ]
    },
    "Planning Time": 0.475,
    "Triggers": [],
    "Execution Time": 182.844
  }
]