[
  {
    "Plan": {
      "Node Type": "Aggregate",
      "Strategy": "Plain",
      "Partial Mode": "Finalize",
      "Parallel Aware": false,
      "Startup Cost": 45757.18,
      "Total Cost": 45757.19,
      "Plan Rows": 1,
      "Plan Width": 8,
      "Actual Startup Time": 153.977,
      "Actual Total Time": 164.027,
      "Actual Rows": 1,
      "Actual Loops": 1,
      "Plans": [
        {
          "Node Type": "Gather",
          "Parent Relationship": "Outer",
          "Parallel Aware": false,
          "Startup Cost": 45756.86,
          "Total Cost": 45757.17,
          "Plan Rows": 3,
          "Plan Width": 8,
          "Actual Startup Time": 153.868,
          "Actual Total Time": 164.018,
          "Actual Rows": 4,
          "Actual Loops": 1,
          "Workers Planned": 3,
          "Workers Launched": 3,
          "Single Copy": false,
          "Plans": [
            {
              "Node Type": "Aggregate",
              "Strategy": "Plain",
              "Partial Mode": "Partial",
              "Parent Relationship": "Outer",
              "Parallel Aware": false,
              "Startup Cost": 44756.86,
              "Total Cost": 44756.87,
              "Plan Rows": 1,
              "Plan Width": 8,
              "Actual Startup Time": 146.527,
              "Actual Total Time": 146.528,
              "Actual Rows": 1,
              "Actual Loops": 4,
              "Plans": [
                {
                  "Node Type": "Seq Scan",
                  "Parent Relationship": "Outer",
                  "Parallel Aware": true,
                  "Relation Name": "movie_keyword",
                  "Alias": "mk",
                  "Startup Cost": 0.0,
                  "Total Cost": 42695.65,
                  "Plan Rows": 824484,
                  "Plan Width": 0,
                  "Actual Startup Time": 0.051,
                  "Actual Total Time": 117.311,
                  "Actual Rows": 639865,
                  "Actual Loops": 4,
                  "Filter": "(keyword_id < 6453)",
                  "Rows Removed by Filter": 491118
                }
              ]
            }
          ]
        }
      ]
    },
    "Planning Time": 0.161,
    "Triggers": [],
    "Execution Time": 164.077
  }
]