[
    {
        "Bao": {
            "Bao prediction": 397.008,
            "Bao recommended hint": "(no hint)"
        }
    },
    {
        "Plan": {
            "Node Type": "Aggregate",
            "Strategy": "Plain",
            "Partial Mode": "Finalize",
            "Parallel Aware": false,
            "Startup Cost": 72621.45,
            "Total Cost": 72621.46,
            "Plan Rows": 1,
            "Plan Width": 128,
            "Actual Startup Time": 388.959,
            "Actual Total Time": 389.119,
            "Actual Rows": 1,
            "Actual Loops": 1,
            "Output": [
                "min(an.name)",
                "min(chn.name)",
                "min(n.name)",
                "min(t.title)"
            ],
            "Plans": [
                {
                    "Node Type": "Gather",
                    "Parent Relationship": "Outer",
                    "Parallel Aware": false,
                    "Startup Cost": 72621.0,
                    "Total Cost": 72621.41,
                    "Plan Rows": 4,
                    "Plan Width": 128,
                    "Actual Startup Time": 388.93,
                    "Actual Total Time": 389.107,
                    "Actual Rows": 5,
                    "Actual Loops": 1,
                    "Output": [
                        "(PARTIAL min(an.name))",
                        "(PARTIAL min(chn.name))",
                        "(PARTIAL min(n.name))",
                        "(PARTIAL min(t.title))"
                    ],
                    "Workers Planned": 4,
                    "Workers Launched": 4,
                    "Single Copy": false,
                    "Plans": [
                        {
                            "Node Type": "Aggregate",
                            "Strategy": "Plain",
                            "Partial Mode": "Partial",
                            "Parent Relationship": "Outer",
                            "Parallel Aware": false,
                            "Startup Cost": 71621.0,
                            "Total Cost": 71621.01,
                            "Plan Rows": 1,
                            "Plan Width": 128,
                            "Actual Startup Time": 270.918,
                            "Actual Total Time": 270.927,
                            "Actual Rows": 1,
                            "Actual Loops": 5,
                            "Output": [
                                "PARTIAL min(an.name)",
                                "PARTIAL min(chn.name)",
                                "PARTIAL min(n.name)",
                                "PARTIAL min(t.title)"
                            ],
                            "Workers": [
                                {
                                    "Worker Number": 0,
                                    "Actual Startup Time": 241.667,
                                    "Actual Total Time": 241.677,
                                    "Actual Rows": 1,
                                    "Actual Loops": 1
                                },
                                {
                                    "Worker Number": 1,
                                    "Actual Startup Time": 241.909,
                                    "Actual Total Time": 241.919,
                                    "Actual Rows": 1,
                                    "Actual Loops": 1
                                },
                                {
                                    "Worker Number": 2,
                                    "Actual Startup Time": 241.956,
                                    "Actual Total Time": 241.964,
                                    "Actual Rows": 1,
                                    "Actual Loops": 1
                                },
                                {
                                    "Worker Number": 3,
                                    "Actual Startup Time": 242.222,
                                    "Actual Total Time": 242.232,
                                    "Actual Rows": 1,
                                    "Actual Loops": 1
                                }
                            ],
                            "Plans": [
                                {
                                    "Node Type": "Nested Loop",
                                    "Parent Relationship": "Outer",
                                    "Parallel Aware": false,
                                    "Join Type": "Inner",
                                    "Startup Cost": 3.86,
                                    "Total Cost": 71620.96,
                                    "Plan Rows": 4,
                                    "Plan Width": 64,
                                    "Actual Startup Time": 117.185,
                                    "Actual Total Time": 268.766,
                                    "Actual Rows": 6674,
                                    "Actual Loops": 5,
                                    "Output": [
                                        "an.name",
                                        "chn.name",
                                        "n.name",
                                        "t.title"
                                    ],
                                    "Inner Unique": true,
                                    "Workers": [
                                        {
                                            "Worker Number": 0,
                                            "Actual Startup Time": 133.651,
                                            "Actual Total Time": 241.406,
                                            "Actual Rows": 530,
                                            "Actual Loops": 1
                                        },
                                        {
                                            "Worker Number": 1,
                                            "Actual Startup Time": 104.298,
                                            "Actual Total Time": 241.046,
                                            "Actual Rows": 2557,
                                            "Actual Loops": 1
                                        },
                                        {
                                            "Worker Number": 2,
                                            "Actual Startup Time": 126.188,
                                            "Actual Total Time": 241.586,
                                            "Actual Rows": 811,
                                            "Actual Loops": 1
                                        },
                                        {
                                            "Worker Number": 3,
                                            "Actual Startup Time": 101.592,
                                            "Actual Total Time": 241.95,
                                            "Actual Rows": 655,
                                            "Actual Loops": 1
                                        }
                                    ],
                                    "Plans": [
                                        {
                                            "Node Type": "Nested Loop",
                                            "Parent Relationship": "Outer",
                                            "Parallel Aware": false,
                                            "Join Type": "Inner",
                                            "Startup Cost": 3.43,
                                            "Total Cost": 71618.98,
                                            "Plan Rows": 4,
                                            "Plan Width": 55,
                                            "Actual Startup Time": 117.112,
                                            "Actual Total Time": 253.181,
                                            "Actual Rows": 6674,
                                            "Actual Loops": 5,
                                            "Output": [
                                                "an.name",
                                                "ci.movie_id",
                                                "chn.name",
                                                "mc.movie_id",
                                                "n.name"
                                            ],
                                            "Inner Unique": true,
                                            "Workers": [
                                                {
                                                    "Worker Number": 0,
                                                    "Actual Startup Time": 133.581,
                                                    "Actual Total Time": 238.102,
                                                    "Actual Rows": 530,
                                                    "Actual Loops": 1
                                                },
                                                {
                                                    "Worker Number": 1,
                                                    "Actual Startup Time": 104.21,
                                                    "Actual Total Time": 233.446,
                                                    "Actual Rows": 2557,
                                                    "Actual Loops": 1
                                                },
                                                {
                                                    "Worker Number": 2,
                                                    "Actual Startup Time": 126.114,
                                                    "Actual Total Time": 237.709,
                                                    "Actual Rows": 811,
                                                    "Actual Loops": 1
                                                },
                                                {
                                                    "Worker Number": 3,
                                                    "Actual Startup Time": 101.506,
                                                    "Actual Total Time": 238.852,
                                                    "Actual Rows": 655,
                                                    "Actual Loops": 1
                                                }
                                            ],
                                            "Plans": [
                                                {
                                                    "Node Type": "Nested Loop",
                                                    "Parent Relationship": "Outer",
                                                    "Parallel Aware": false,
                                                    "Join Type": "Inner",
                                                    "Startup Cost": 3.01,
                                                    "Total Cost": 71614.07,
                                                    "Plan Rows": 11,
                                                    "Plan Width": 59,
                                                    "Actual Startup Time": 116.986,
                                                    "Actual Total Time": 228.636,
                                                    "Actual Rows": 10404,
                                                    "Actual Loops": 5,
                                                    "Output": [
                                                        "an.name",
                                                        "ci.movie_id",
                                                        "chn.name",
                                                        "mc.movie_id",
                                                        "mc.company_id",
                                                        "n.name"
                                                    ],
                                                    "Inner Unique": false,
                                                    "Workers": [
                                                        {
                                                            "Worker Number": 0,
                                                            "Actual Startup Time": 133.466,
                                                            "Actual Total Time": 232.072,
                                                            "Actual Rows": 1103,
                                                            "Actual Loops": 1
                                                        },
                                                        {
                                                            "Worker Number": 1,
                                                            "Actual Startup Time": 104.043,
                                                            "Actual Total Time": 222.328,
                                                            "Actual Rows": 3450,
                                                            "Actual Loops": 1
                                                        },
                                                        {
                                                            "Worker Number": 2,
                                                            "Actual Startup Time": 126.036,
                                                            "Actual Total Time": 227.878,
                                                            "Actual Rows": 2268,
                                                            "Actual Loops": 1
                                                        },
                                                        {
                                                            "Worker Number": 3,
                                                            "Actual Startup Time": 101.38,
                                                            "Actual Total Time": 232.172,
                                                            "Actual Rows": 1414,
                                                            "Actual Loops": 1
                                                        }
                                                    ],
                                                    "Plans": [
                                                        {
                                                            "Node Type": "Nested Loop",
                                                            "Parent Relationship": "Outer",
                                                            "Parallel Aware": false,
                                                            "Join Type": "Inner",
                                                            "Startup Cost": 2.58,
                                                            "Total Cost": 71611.68,
                                                            "Plan Rows": 4,
                                                            "Plan Width": 51,
                                                            "Actual Startup Time": 116.292,
                                                            "Actual Total Time": 215.779,
                                                            "Actual Rows": 2735,
                                                            "Actual Loops": 5,
                                                            "Output": [
                                                                "an.name",
                                                                "ci.movie_id",
                                                                "chn.name",
                                                                "n.name"
                                                            ],
                                                            "Inner Unique": true,
                                                            "Workers": [
                                                                {
                                                                    "Worker Number": 0,
                                                                    "Actual Startup Time": 133.367,
                                                                    "Actual Total Time": 227.42,
                                                                    "Actual Rows": 268,
                                                                    "Actual Loops": 1
                                                                },
                                                                {
                                                                    "Worker Number": 1,
                                                                    "Actual Startup Time": 100.949,
                                                                    "Actual Total Time": 215.959,
                                                                    "Actual Rows": 940,
                                                                    "Actual Loops": 1
                                                                },
                                                                {
                                                                    "Worker Number": 2,
                                                                    "Actual Startup Time": 125.928,
                                                                    "Actual Total Time": 223.323,
                                                                    "Actual Rows": 218,
                                                                    "Actual Loops": 1
                                                                },
                                                                {
                                                                    "Worker Number": 3,
                                                                    "Actual Startup Time": 101.258,
                                                                    "Actual Total Time": 227.064,
                                                                    "Actual Rows": 606,
                                                                    "Actual Loops": 1
                                                                }
                                                            ],
                                                            "Plans": [
                                                                {
                                                                    "Node Type": "Hash Join",
                                                                    "Parent Relationship": "Outer",
                                                                    "Parallel Aware": false,
                                                                    "Join Type": "Inner",
                                                                    "Startup Cost": 2.15,
                                                                    "Total Cost": 71609.68,
                                                                    "Plan Rows": 4,
                                                                    "Plan Width": 39,
                                                                    "Actual Startup Time": 108.544,
                                                                    "Actual Total Time": 207.638,
                                                                    "Actual Rows": 2756,
                                                                    "Actual Loops": 5,
                                                                    "Output": [
                                                                        "an.name",
                                                                        "ci.movie_id",
                                                                        "ci.person_role_id",
                                                                        "n.name"
                                                                    ],
                                                                    "Inner Unique": true,
                                                                    "Hash Cond": "(ci.role_id = rt.id)",
                                                                    "Workers": [
                                                                        {
                                                                            "Worker Number": 0,
                                                                            "Actual Startup Time": 95.068,
                                                                            "Actual Total Time": 224.45,
                                                                            "Actual Rows": 291,
                                                                            "Actual Loops": 1
                                                                        },
                                                                        {
                                                                            "Worker Number": 1,
                                                                            "Actual Startup Time": 100.808,
                                                                            "Actual Total Time": 211.448,
                                                                            "Actual Rows": 982,
                                                                            "Actual Loops": 1
                                                                        },
                                                                        {
                                                                            "Worker Number": 2,
                                                                            "Actual Startup Time": 125.804,
                                                                            "Actual Total Time": 220.557,
                                                                            "Actual Rows": 225,
                                                                            "Actual Loops": 1
                                                                        },
                                                                        {
                                                                            "Worker Number": 3,
                                                                            "Actual Startup Time": 101.148,
                                                                            "Actual Total Time": 223.486,
                                                                            "Actual Rows": 635,
                                                                            "Actual Loops": 1
                                                                        }
                                                                    ],
                                                                    "Plans": [
                                                                        {
                                                                            "Node Type": "Nested Loop",
                                                                            "Parent Relationship": "Outer",
                                                                            "Parallel Aware": false,
                                                                            "Join Type": "Inner",
                                                                            "Startup Cost": 0.99,
                                                                            "Total Cost": 71608.34,
                                                                            "Plan Rows": 51,
                                                                            "Plan Width": 43,
                                                                            "Actual Startup Time": 104.611,
                                                                            "Actual Total Time": 206.687,
                                                                            "Actual Rows": 2900,
                                                                            "Actual Loops": 5,
                                                                            "Output": [
                                                                                "an.name",
                                                                                "ci.movie_id",
                                                                                "ci.role_id",
                                                                                "ci.person_role_id",
                                                                                "n.name"
                                                                            ],
                                                                            "Inner Unique": false,
                                                                            "Join Filter": "(n.id = ci.person_id)",
                                                                            "Rows Removed by Join Filter": 0,
                                                                            "Workers": [
                                                                                {
                                                                                    "Worker Number": 0,
                                                                                    "Actual Startup Time": 94.859,
                                                                                    "Actual Total Time": 224.099,
                                                                                    "Actual Rows": 356,
                                                                                    "Actual Loops": 1
                                                                                },
                                                                                {
                                                                                    "Worker Number": 1,
                                                                                    "Actual Startup Time": 100.604,
                                                                                    "Actual Total Time": 210.924,
                                                                                    "Actual Rows": 1031,
                                                                                    "Actual Loops": 1
                                                                                },
                                                                                {
                                                                                    "Worker Number": 2,
                                                                                    "Actual Startup Time": 125.579,
                                                                                    "Actual Total Time": 220.175,
                                                                                    "Actual Rows": 692,
                                                                                    "Actual Loops": 1
                                                                                },
                                                                                {
                                                                                    "Worker Number": 3,
                                                                                    "Actual Startup Time": 93.762,
                                                                                    "Actual Total Time": 223.02,
                                                                                    "Actual Rows": 704,
                                                                                    "Actual Loops": 1
                                                                                }
                                                                            ],
                                                                            "Plans": [
                                                                                {
                                                                                    "Node Type": "Nested Loop",
                                                                                    "Parent Relationship": "Outer",
                                                                                    "Parallel Aware": false,
                                                                                    "Join Type": "Inner",
                                                                                    "Startup Cost": 0.42,
                                                                                    "Total Cost": 71538.77,
                                                                                    "Plan Rows": 5,
                                                                                    "Plan Width": 39,
                                                                                    "Actual Startup Time": 95.484,
                                                                                    "Actual Total Time": 199.925,
                                                                                    "Actual Rows": 203,
                                                                                    "Actual Loops": 5,
                                                                                    "Output": [
                                                                                        "an.name",
                                                                                        "an.person_id",
                                                                                        "n.name",
                                                                                        "n.id"
                                                                                    ],
                                                                                    "Inner Unique": false,
                                                                                    "Workers": [
                                                                                        {
                                                                                            "Worker Number": 0,
                                                                                            "Actual Startup Time": 91.332,
                                                                                            "Actual Total Time": 218.52,
                                                                                            "Actual Rows": 207,
                                                                                            "Actual Loops": 1
                                                                                        },
                                                                                        {
                                                                                            "Worker Number": 1,
                                                                                            "Actual Startup Time": 98.23,
                                                                                            "Actual Total Time": 206.138,
                                                                                            "Actual Rows": 147,
                                                                                            "Actual Loops": 1
                                                                                        },
                                                                                        {
                                                                                            "Worker Number": 2,
                                                                                            "Actual Startup Time": 90.782,
                                                                                            "Actual Total Time": 214.282,
                                                                                            "Actual Rows": 231,
                                                                                            "Actual Loops": 1
                                                                                        },
                                                                                        {
                                                                                            "Worker Number": 3,
                                                                                            "Actual Startup Time": 92.793,
                                                                                            "Actual Total Time": 216.235,
                                                                                            "Actual Rows": 278,
                                                                                            "Actual Loops": 1
                                                                                        }
                                                                                    ],
                                                                                    "Plans": [
                                                                                        {
                                                                                            "Node Type": "Seq Scan",
                                                                                            "Parent Relationship": "Outer",
                                                                                            "Parallel Aware": true,
                                                                                            "Relation Name": "name",
                                                                                            "Schema": "public",
                                                                                            "Alias": "n",
                                                                                            "Startup Cost": 0.0,
                                                                                            "Total Cost": 71241.41,
                                                                                            "Plan Rows": 24,
                                                                                            "Plan Width": 19,
                                                                                            "Actual Startup Time": 93.207,
                                                                                            "Actual Total Time": 196.223,
                                                                                            "Actual Rows": 986,
                                                                                            "Actual Loops": 5,
                                                                                            "Output": [
                                                                                                "n.id",
                                                                                                "n.name",
                                                                                                "n.imdb_index",
                                                                                                "n.imdb_id",
                                                                                                "n.gender",
                                                                                                "n.name_pcode_cf",
                                                                                                "n.name_pcode_nf",
                                                                                                "n.surname_pcode",
                                                                                                "n.md5sum"
                                                                                            ],
                                                                                            "Filter": "((n.name ~~ '%Sm%'::text) AND ((n.gender)::text = 'f'::text))",
                                                                                            "Rows Removed by Filter": 832512,
                                                                                            "Workers": [
                                                                                                {
                                                                                                    "Worker Number": 0,
                                                                                                    "Actual Startup Time": 90.13,
                                                                                                    "Actual Total Time": 214.475,
                                                                                                    "Actual Rows": 893,
                                                                                                    "Actual Loops": 1
                                                                                                },
                                                                                                {
                                                                                                    "Worker Number": 1,
                                                                                                    "Actual Startup Time": 90.683,
                                                                                                    "Actual Total Time": 203.216,
                                                                                                    "Actual Rows": 701,
                                                                                                    "Actual Loops": 1
                                                                                                },
                                                                                                {
                                                                                                    "Worker Number": 2,
                                                                                                    "Actual Startup Time": 90.042,
                                                                                                    "Actual Total Time": 210.048,
                                                                                                    "Actual Rows": 1215,
                                                                                                    "Actual Loops": 1
                                                                                                },
                                                                                                {
                                                                                                    "Worker Number": 3,
                                                                                                    "Actual Startup Time": 90.998,
                                                                                                    "Actual Total Time": 211.906,
                                                                                                    "Actual Rows": 1373,
                                                                                                    "Actual Loops": 1
                                                                                                }
                                                                                            ]
                                                                                        },
                                                                                        {
                                                                                            "Node Type": "Index Scan",
                                                                                            "Parent Relationship": "Inner",
                                                                                            "Parallel Aware": false,
                                                                                            "Scan Direction": "Forward",
                                                                                            "Index Name": "person_id_aka_name",
                                                                                            "Relation Name": "aka_name",
                                                                                            "Schema": "public",
                                                                                            "Alias": "an",
                                                                                            "Startup Cost": 0.42,
                                                                                            "Total Cost": 12.37,
                                                                                            "Plan Rows": 2,
                                                                                            "Plan Width": 20,
                                                                                            "Actual Startup Time": 0.003,
                                                                                            "Actual Total Time": 0.003,
                                                                                            "Actual Rows": 0,
                                                                                            "Actual Loops": 4931,
                                                                                            "Output": [
                                                                                                "an.id",
                                                                                                "an.person_id",
                                                                                                "an.name",
                                                                                                "an.imdb_index",
                                                                                                "an.name_pcode_cf",
                                                                                                "an.name_pcode_nf",
                                                                                                "an.surname_pcode",
                                                                                                "an.md5sum"
                                                                                            ],
                                                                                            "Index Cond": "(an.person_id = n.id)",
                                                                                            "Rows Removed by Index Recheck": 0,
                                                                                            "Workers": [
                                                                                                {
                                                                                                    "Worker Number": 0,
                                                                                                    "Actual Startup Time": 0.004,
                                                                                                    "Actual Total Time": 0.004,
                                                                                                    "Actual Rows": 0,
                                                                                                    "Actual Loops": 893
                                                                                                },
                                                                                                {
                                                                                                    "Worker Number": 1,
                                                                                                    "Actual Startup Time": 0.004,
                                                                                                    "Actual Total Time": 0.004,
                                                                                                    "Actual Rows": 0,
                                                                                                    "Actual Loops": 701
                                                                                                },
                                                                                                {
                                                                                                    "Worker Number": 2,
                                                                                                    "Actual Startup Time": 0.003,
                                                                                                    "Actual Total Time": 0.003,
                                                                                                    "Actual Rows": 0,
                                                                                                    "Actual Loops": 1215
                                                                                                },
                                                                                                {
                                                                                                    "Worker Number": 3,
                                                                                                    "Actual Startup Time": 0.003,
                                                                                                    "Actual Total Time": 0.003,
                                                                                                    "Actual Rows": 0,
                                                                                                    "Actual Loops": 1373
                                                                                                }
                                                                                            ]
                                                                                        }
                                                                                    ]
                                                                                },
                                                                                {
                                                                                    "Node Type": "Index Scan",
                                                                                    "Parent Relationship": "Inner",
                                                                                    "Parallel Aware": false,
                                                                                    "Scan Direction": "Forward",
                                                                                    "Index Name": "person_id_cast_info",
                                                                                    "Relation Name": "cast_info",
                                                                                    "Schema": "public",
                                                                                    "Alias": "ci",
                                                                                    "Startup Cost": 0.56,
                                                                                    "Total Cost": 13.29,
                                                                                    "Plan Rows": 50,
                                                                                    "Plan Width": 16,
                                                                                    "Actual Startup Time": 0.019,
                                                                                    "Actual Total Time": 0.03,
                                                                                    "Actual Rows": 14,
                                                                                    "Actual Loops": 1017,
                                                                                    "Output": [
                                                                                        "ci.id",
                                                                                        "ci.person_id",
                                                                                        "ci.movie_id",
                                                                                        "ci.person_role_id",
                                                                                        "ci.note",
                                                                                        "ci.nr_order",
                                                                                        "ci.role_id"
                                                                                    ],
                                                                                    "Index Cond": "(ci.person_id = an.person_id)",
                                                                                    "Rows Removed by Index Recheck": 0,
                                                                                    "Filter": "(ci.note = ANY ('{(producer),(voice),\"(executive producer)\",(uncredited)}'::text[]))",
                                                                                    "Rows Removed by Filter": 42,
                                                                                    "Workers": [
                                                                                        {
                                                                                            "Worker Number": 0,
                                                                                            "Actual Startup Time": 0.019,
                                                                                            "Actual Total Time": 0.026,
                                                                                            "Actual Rows": 2,
                                                                                            "Actual Loops": 207
                                                                                        },
                                                                                        {
                                                                                            "Worker Number": 1,
                                                                                            "Actual Startup Time": 0.019,
                                                                                            "Actual Total Time": 0.031,
                                                                                            "Actual Rows": 7,
                                                                                            "Actual Loops": 147
                                                                                        },
                                                                                        {
                                                                                            "Worker Number": 2,
                                                                                            "Actual Startup Time": 0.017,
                                                                                            "Actual Total Time": 0.024,
                                                                                            "Actual Rows": 3,
                                                                                            "Actual Loops": 231
                                                                                        },
                                                                                        {
                                                                                            "Worker Number": 3,
                                                                                            "Actual Startup Time": 0.019,
                                                                                            "Actual Total Time": 0.023,
                                                                                            "Actual Rows": 3,
                                                                                            "Actual Loops": 278
                                                                                        }
                                                                                    ]
                                                                                }
                                                                            ]
                                                                        },
                                                                        {
                                                                            "Node Type": "Hash",
                                                                            "Parent Relationship": "Inner",
                                                                            "Parallel Aware": false,
                                                                            "Startup Cost": 1.15,
                                                                            "Total Cost": 1.15,
                                                                            "Plan Rows": 1,
                                                                            "Plan Width": 4,
                                                                            "Actual Startup Time": 0.048,
                                                                            "Actual Total Time": 0.05,
                                                                            "Actual Rows": 1,
                                                                            "Actual Loops": 5,
                                                                            "Output": [
                                                                                "rt.id"
                                                                            ],
                                                                            "Hash Buckets": 1024,
                                                                            "Original Hash Buckets": 1024,
                                                                            "Hash Batches": 1,
                                                                            "Original Hash Batches": 1,
                                                                            "Peak Memory Usage": 9,
                                                                            "Workers": [
                                                                                {
                                                                                    "Worker Number": 0,
                                                                                    "Actual Startup Time": 0.051,
                                                                                    "Actual Total Time": 0.053,
                                                                                    "Actual Rows": 1,
                                                                                    "Actual Loops": 1
                                                                                },
                                                                                {
                                                                                    "Worker Number": 1,
                                                                                    "Actual Startup Time": 0.049,
                                                                                    "Actual Total Time": 0.05,
                                                                                    "Actual Rows": 1,
                                                                                    "Actual Loops": 1
                                                                                },
                                                                                {
                                                                                    "Worker Number": 2,
                                                                                    "Actual Startup Time": 0.052,
                                                                                    "Actual Total Time": 0.054,
                                                                                    "Actual Rows": 1,
                                                                                    "Actual Loops": 1
                                                                                },
                                                                                {
                                                                                    "Worker Number": 3,
                                                                                    "Actual Startup Time": 0.064,
                                                                                    "Actual Total Time": 0.066,
                                                                                    "Actual Rows": 1,
                                                                                    "Actual Loops": 1
                                                                                }
                                                                            ],
                                                                            "Plans": [
                                                                                {
                                                                                    "Node Type": "Seq Scan",
                                                                                    "Parent Relationship": "Outer",
                                                                                    "Parallel Aware": false,
                                                                                    "Relation Name": "role_type",
                                                                                    "Schema": "public",
                                                                                    "Alias": "rt",
                                                                                    "Startup Cost": 0.0,
                                                                                    "Total Cost": 1.15,
                                                                                    "Plan Rows": 1,
                                                                                    "Plan Width": 4,
                                                                                    "Actual Startup Time": 0.035,
                                                                                    "Actual Total Time": 0.038,
                                                                                    "Actual Rows": 1,
                                                                                    "Actual Loops": 5,
                                                                                    "Output": [
                                                                                        "rt.id"
                                                                                    ],
                                                                                    "Filter": "((rt.role)::text = 'actress'::text)",
                                                                                    "Rows Removed by Filter": 11,
                                                                                    "Workers": [
                                                                                        {
                                                                                            "Worker Number": 0,
                                                                                            "Actual Startup Time": 0.038,
                                                                                            "Actual Total Time": 0.04,
                                                                                            "Actual Rows": 1,
                                                                                            "Actual Loops": 1
                                                                                        },
                                                                                        {
                                                                                            "Worker Number": 1,
                                                                                            "Actual Startup Time": 0.036,
                                                                                            "Actual Total Time": 0.038,
                                                                                            "Actual Rows": 1,
                                                                                            "Actual Loops": 1
                                                                                        },
                                                                                        {
                                                                                            "Worker Number": 2,
                                                                                            "Actual Startup Time": 0.04,
                                                                                            "Actual Total Time": 0.042,
                                                                                            "Actual Rows": 1,
                                                                                            "Actual Loops": 1
                                                                                        },
                                                                                        {
                                                                                            "Worker Number": 3,
                                                                                            "Actual Startup Time": 0.049,
                                                                                            "Actual Total Time": 0.052,
                                                                                            "Actual Rows": 1,
                                                                                            "Actual Loops": 1
                                                                                        }
                                                                                    ]
                                                                                }
                                                                            ]
                                                                        }
                                                                    ]
                                                                },
                                                                {
                                                                    "Node Type": "Index Scan",
                                                                    "Parent Relationship": "Inner",
                                                                    "Parallel Aware": false,
                                                                    "Scan Direction": "Forward",
                                                                    "Index Name": "char_name_pkey",
                                                                    "Relation Name": "char_name",
                                                                    "Schema": "public",
                                                                    "Alias": "chn",
                                                                    "Startup Cost": 0.43,
                                                                    "Total Cost": 0.5,
                                                                    "Plan Rows": 1,
                                                                    "Plan Width": 20,
                                                                    "Actual Startup Time": 0.002,
                                                                    "Actual Total Time": 0.002,
                                                                    "Actual Rows": 1,
                                                                    "Actual Loops": 13780,
                                                                    "Output": [
                                                                        "chn.id",
                                                                        "chn.name",
                                                                        "chn.imdb_index",
                                                                        "chn.imdb_id",
                                                                        "chn.name_pcode_nf",
                                                                        "chn.surname_pcode",
                                                                        "chn.md5sum"
                                                                    ],
                                                                    "Index Cond": "(chn.id = ci.person_role_id)",
                                                                    "Rows Removed by Index Recheck": 0,
                                                                    "Workers": [
                                                                        {
                                                                            "Worker Number": 0,
                                                                            "Actual Startup Time": 0.01,
                                                                            "Actual Total Time": 0.01,
                                                                            "Actual Rows": 1,
                                                                            "Actual Loops": 291
                                                                        },
                                                                        {
                                                                            "Worker Number": 1,
                                                                            "Actual Startup Time": 0.004,
                                                                            "Actual Total Time": 0.004,
                                                                            "Actual Rows": 1,
                                                                            "Actual Loops": 982
                                                                        },
                                                                        {
                                                                            "Worker Number": 2,
                                                                            "Actual Startup Time": 0.012,
                                                                            "Actual Total Time": 0.012,
                                                                            "Actual Rows": 1,
                                                                            "Actual Loops": 225
                                                                        },
                                                                        {
                                                                            "Worker Number": 3,
                                                                            "Actual Startup Time": 0.005,
                                                                            "Actual Total Time": 0.005,
                                                                            "Actual Rows": 1,
                                                                            "Actual Loops": 635
                                                                        }
                                                                    ]
                                                                }
                                                            ]
                                                        },
                                                        {
                                                            "Node Type": "Index Scan",
                                                            "Parent Relationship": "Inner",
                                                            "Parallel Aware": false,
                                                            "Scan Direction": "Forward",
                                                            "Index Name": "movie_id_movie_companies",
                                                            "Relation Name": "movie_companies",
                                                            "Schema": "public",
                                                            "Alias": "mc",
                                                            "Startup Cost": 0.43,
                                                            "Total Cost": 0.55,
                                                            "Plan Rows": 5,
                                                            "Plan Width": 8,
                                                            "Actual Startup Time": 0.003,
                                                            "Actual Total Time": 0.004,
                                                            "Actual Rows": 4,
                                                            "Actual Loops": 13675,
                                                            "Output": [
                                                                "mc.id",
                                                                "mc.movie_id",
                                                                "mc.company_id",
                                                                "mc.company_type_id",
                                                                "mc.note"
                                                            ],
                                                            "Index Cond": "(mc.movie_id = ci.movie_id)",
                                                            "Rows Removed by Index Recheck": 0,
                                                            "Workers": [
                                                                {
                                                                    "Worker Number": 0,
                                                                    "Actual Startup Time": 0.012,
                                                                    "Actual Total Time": 0.016,
                                                                    "Actual Rows": 4,
                                                                    "Actual Loops": 268
                                                                },
                                                                {
                                                                    "Worker Number": 1,
                                                                    "Actual Startup Time": 0.004,
                                                                    "Actual Total Time": 0.006,
                                                                    "Actual Rows": 4,
                                                                    "Actual Loops": 940
                                                                },
                                                                {
                                                                    "Worker Number": 2,
                                                                    "Actual Startup Time": 0.012,
                                                                    "Actual Total Time": 0.018,
                                                                    "Actual Rows": 10,
                                                                    "Actual Loops": 218
                                                                },
                                                                {
                                                                    "Worker Number": 3,
                                                                    "Actual Startup Time": 0.006,
                                                                    "Actual Total Time": 0.008,
                                                                    "Actual Rows": 2,
                                                                    "Actual Loops": 606
                                                                }
                                                            ]
                                                        }
                                                    ]
                                                },
                                                {
                                                    "Node Type": "Index Scan",
                                                    "Parent Relationship": "Inner",
                                                    "Parallel Aware": false,
                                                    "Scan Direction": "Forward",
                                                    "Index Name": "company_name_pkey",
                                                    "Relation Name": "company_name",
                                                    "Schema": "public",
                                                    "Alias": "cn",
                                                    "Startup Cost": 0.42,
                                                    "Total Cost": 0.45,
                                                    "Plan Rows": 1,
                                                    "Plan Width": 4,
                                                    "Actual Startup Time": 0.002,
                                                    "Actual Total Time": 0.002,
                                                    "Actual Rows": 1,
                                                    "Actual Loops": 52019,
                                                    "Output": [
                                                        "cn.id",
                                                        "cn.name",
                                                        "cn.country_code",
                                                        "cn.imdb_id",
                                                        "cn.name_pcode_nf",
                                                        "cn.name_pcode_sf",
                                                        "cn.md5sum"
                                                    ],
                                                    "Index Cond": "(cn.id = mc.company_id)",
                                                    "Rows Removed by Index Recheck": 0,
                                                    "Filter": "((cn.country_code)::text = '[us]'::text)",
                                                    "Rows Removed by Filter": 0,
                                                    "Workers": [
                                                        {
                                                            "Worker Number": 0,
                                                            "Actual Startup Time": 0.005,
                                                            "Actual Total Time": 0.005,
                                                            "Actual Rows": 0,
                                                            "Actual Loops": 1103
                                                        },
                                                        {
                                                            "Worker Number": 1,
                                                            "Actual Startup Time": 0.003,
                                                            "Actual Total Time": 0.003,
                                                            "Actual Rows": 1,
                                                            "Actual Loops": 3450
                                                        },
                                                        {
                                                            "Worker Number": 2,
                                                            "Actual Startup Time": 0.004,
                                                            "Actual Total Time": 0.004,
                                                            "Actual Rows": 0,
                                                            "Actual Loops": 2268
                                                        },
                                                        {
                                                            "Worker Number": 3,
                                                            "Actual Startup Time": 0.004,
                                                            "Actual Total Time": 0.004,
                                                            "Actual Rows": 0,
                                                            "Actual Loops": 1414
                                                        }
                                                    ]
                                                }
                                            ]
                                        },
                                        {
                                            "Node Type": "Index Scan",
                                            "Parent Relationship": "Inner",
                                            "Parallel Aware": false,
                                            "Scan Direction": "Forward",
                                            "Index Name": "title_pkey",
                                            "Relation Name": "title",
                                            "Schema": "public",
                                            "Alias": "t",
                                            "Startup Cost": 0.43,
                                            "Total Cost": 0.5,
                                            "Plan Rows": 1,
                                            "Plan Width": 21,
                                            "Actual Startup Time": 0.002,
                                            "Actual Total Time": 0.002,
                                            "Actual Rows": 1,
                                            "Actual Loops": 33371,
                                            "Output": [
                                                "t.id",
                                                "t.title",
                                                "t.imdb_index",
                                                "t.kind_id",
                                                "t.production_year",
                                                "t.imdb_id",
                                                "t.phonetic_code",
                                                "t.episode_of_id",
                                                "t.season_nr",
                                                "t.episode_nr",
                                                "t.series_years",
                                                "t.md5sum"
                                            ],
                                            "Index Cond": "(t.id = ci.movie_id)",
                                            "Rows Removed by Index Recheck": 0,
                                            "Workers": [
                                                {
                                                    "Worker Number": 0,
                                                    "Actual Startup Time": 0.006,
                                                    "Actual Total Time": 0.006,
                                                    "Actual Rows": 1,
                                                    "Actual Loops": 530
                                                },
                                                {
                                                    "Worker Number": 1,
                                                    "Actual Startup Time": 0.003,
                                                    "Actual Total Time": 0.003,
                                                    "Actual Rows": 1,
                                                    "Actual Loops": 2557
                                                },
                                                {
                                                    "Worker Number": 2,
                                                    "Actual Startup Time": 0.004,
                                                    "Actual Total Time": 0.004,
                                                    "Actual Rows": 1,
                                                    "Actual Loops": 811
                                                },
                                                {
                                                    "Worker Number": 3,
                                                    "Actual Startup Time": 0.004,
                                                    "Actual Total Time": 0.004,
                                                    "Actual Rows": 1,
                                                    "Actual Loops": 655
                                                }
                                            ]
                                        }
                                    ]
                                }
                            ]
                        }
                    ]
                }
            ]
        },
        "Planning Time": 2098.727,
        "Triggers": [],
        "Execution Time": 390.077
    }
]