[
  {
    "Plan": {
      "Node Type": "Aggregate",
      "Strategy": "Plain",
      "Partial Mode": "Finalize",
      "Parallel Aware": false,
      "Startup Cost": 109852.72,
      "Total Cost": 109852.73,
      "Plan Rows": 1,
      "Plan Width": 8,
      "Actual Startup Time": 624.896,
      "Actual Total Time": 641.946,
      "Actual Rows": 1,
      "Actual Loops": 1,
      "Plans": [
        {
          "Node Type": "Gather",
          "Parent Relationship": "Outer",
          "Parallel Aware": false,
          "Startup Cost": 109852.5,
          "Total Cost": 109852.71,
          "Plan Rows": 2,
          "Plan Width": 8,
          "Actual Startup Time": 620.322,
          "Actual Total Time": 641.935,
          "Actual Rows": 3,
          "Actual Loops": 1,
          "Workers Planned": 2,
          "Workers Launched": 2,
          "Single Copy": false,
          "Plans": [
            {
              "Node Type": "Aggregate",
              "Strategy": "Plain",
              "Partial Mode": "Partial",
              "Parent Relationship": "Outer",
              "Parallel Aware": false,
              "Startup Cost": 108852.5,
              "Total Cost": 108852.51,
              "Plan Rows": 1,
              "Plan Width": 8,
              "Actual Startup Time": 612.221,
              "Actual Total Time": 612.23,
              "Actual Rows": 1,
              "Actual Loops": 3,
              "Plans": [
                {
                  "Node Type": "Hash Join",
                  "Parent Relationship": "Outer",
                  "Parallel Aware": true,
                  "Join Type": "Inner",
                  "Startup Cost": 92553.44,
                  "Total Cost": 108652.7,
                  "Plan Rows": 79920,
                  "Plan Width": 0,
                  "Actual Startup Time": 524.463,
                  "Actual Total Time": 610.658,
                  "Actual Rows": 34004,
                  "Actual Loops": 3,
                  "Inner Unique": false,
                  "Hash Cond": "(mi_idx.movie_id = t.id)",
                  "Plans": [
                    {
                      "Node Type": "Seq Scan",
                      "Parent Relationship": "Outer",
                      "Parallel Aware": true,
                      "Relation Name": "movie_info_idx",
                      "Alias": "mi_idx",
                      "Startup Cost": 0.0,
                      "Total Cost": 13685.15,
                      "Plan Rows": 575015,
                      "Plan Width": 4,
                      "Actual Startup Time": 0.029,
                      "Actual Total Time": 38.994,
                      "Actual Rows": 460012,
                      "Actual Loops": 3
                    },
                    {
                      "Node Type": "Hash",
                      "Parent Relationship": "Inner",
                      "Parallel Aware": true,
                      "Startup Cost": 91136.51,
                      "Total Cost": 91136.51,
                      "Plan Rows": 113355,
                      "Plan Width": 8,
                      "Actual Startup Time": 520.64,
                      "Actual Total Time": 520.645,
                      "Actual Rows": 23522,
                      "Actual Loops": 3,
                      "Hash Buckets": 524288,
                      "Original Hash Buckets": 524288,
                      "Hash Batches": 1,
                      "Original Hash Batches": 1,
                      "Peak Memory Usage": 6944,
                      "Plans": [
                        {
                          "Node Type": "Hash Join",
                          "Parent Relationship": "Outer",
                          "Parallel Aware": true,
                          "Join Type": "Inner",
                          "Startup Cost": 63518.62,
                          "Total Cost": 91136.51,
                          "Plan Rows": 113355,
                          "Plan Width": 8,
                          "Actual Startup Time": 373.765,
                          "Actual Total Time": 510.877,
                          "Actual Rows": 23522,
                          "Actual Loops": 3,
                          "Inner Unique": true,
                          "Hash Cond": "(mk.movie_id = t.id)",
                          "Plans": [
                            {
                              "Node Type": "Bitmap Heap Scan",
                              "Parent Relationship": "Outer",
                              "Parallel Aware": true,
                              "Relation Name": "movie_keyword",
                              "Alias": "mk",
                              "Startup Cost": 13758.04,
                              "Total Cost": 40826.83,
                              "Plan Rows": 209183,
                              "Plan Width": 4,
                              "Actual Startup Time": 56.898,
                              "Actual Total Time": 132.477,
                              "Actual Rows": 218644,
                              "Actual Loops": 3,
                              "Recheck Cond": "(keyword_id < 508)",
                              "Rows Removed by Index Recheck": 0,
                              "Exact Heap Blocks": 8063,
                              "Lossy Heap Blocks": 0,
                              "Plans": [
                                {
                                  "Node Type": "Bitmap Index Scan",
                                  "Parent Relationship": "Outer",
                                  "Parallel Aware": false,
                                  "Index Name": "keyword_id_movie_keyword",
                                  "Startup Cost": 0.0,
                                  "Total Cost": 13595.93,
                                  "Plan Rows": 648466,
                                  "Plan Width": 0,
                                  "Actual Startup Time": 50.956,
                                  "Actual Total Time": 50.957,
                                  "Actual Rows": 655932,
                                  "Actual Loops": 1,
                                  "Index Cond": "(keyword_id < 508)"
                                }
                              ]
                            },
                            {
                              "Node Type": "Hash",
                              "Parent Relationship": "Inner",
                              "Parallel Aware": true,
                              "Startup Cost": 45479.1,
                              "Total Cost": 45479.1,
                              "Plan Rows": 342518,
                              "Plan Width": 4,
                              "Actual Startup Time": 309.769,
                              "Actual Total Time": 309.77,
                              "Actual Rows": 483544,
                              "Actual Loops": 3,
                              "Hash Buckets": 2097152,
                              "Original Hash Buckets": 2097152,
                              "Hash Batches": 1,
                              "Original Hash Batches": 1,
                              "Peak Memory Usage": 73184,
                              "Plans": [
                                {
                                  "Node Type": "Seq Scan",
                                  "Parent Relationship": "Outer",
                                  "Parallel Aware": true,
                                  "Relation Name": "title",
                                  "Alias": "t",
                                  "Startup Cost": 0.0,
                                  "Total Cost": 45479.1,
                                  "Plan Rows": 342518,
                                  "Plan Width": 4,
                                  "Actual Startup Time": 0.044,
                                  "Actual Total Time": 142.284,
                                  "Actual Rows": 483544,
                                  "Actual Loops": 3,
                                  "Filter": "((production_year > 1956) AND (kind_id = 7))",
                                  "Rows Removed by Filter": 359227
                                }
                              ]
                            }
                          ]
                        }
                      ]
                    }
                  ]
                }
              ]
            }
          ]
        }
      ]
    },
    "Planning Time": 1.39,
    "Triggers": [],
    "Execution Time": 642.057
  }
]