[
  {
    "Plan": {
      "Node Type": "Aggregate",
      "Strategy": "Plain",
      "Partial Mode": "Finalize",
      "Parallel Aware": false,
      "Startup Cost": 89604.36,
      "Total Cost": 89604.37,
      "Plan Rows": 1,
      "Plan Width": 8,
      "Actual Startup Time": 273.902,
      "Actual Total Time": 292.565,
      "Actual Rows": 1,
      "Actual Loops": 1,
      "Plans": [
        {
          "Node Type": "Gather",
          "Parent Relationship": "Outer",
          "Parallel Aware": false,
          "Startup Cost": 89604.04,
          "Total Cost": 89604.35,
          "Plan Rows": 3,
          "Plan Width": 8,
          "Actual Startup Time": 273.514,
          "Actual Total Time": 292.558,
          "Actual Rows": 4,
          "Actual Loops": 1,
          "Workers Planned": 3,
          "Workers Launched": 3,
          "Single Copy": false,
          "Plans": [
            {
              "Node Type": "Aggregate",
              "Strategy": "Plain",
              "Partial Mode": "Partial",
              "Parent Relationship": "Outer",
              "Parallel Aware": false,
              "Startup Cost": 88604.04,
              "Total Cost": 88604.05,
              "Plan Rows": 1,
              "Plan Width": 8,
              "Actual Startup Time": 265.289,
              "Actual Total Time": 265.293,
              "Actual Rows": 1,
              "Actual Loops": 4,
              "Plans": [
                {
                  "Node Type": "Hash Join",
                  "Parent Relationship": "Outer",
                  "Parallel Aware": true,
                  "Join Type": "Inner",
                  "Startup Cost": 45648.14,
                  "Total Cost": 88526.22,
                  "Plan Rows": 31131,
                  "Plan Width": 0,
                  "Actual Startup Time": 101.441,
                  "Actual Total Time": 264.527,
                  "Actual Rows": 16507,
                  "Actual Loops": 4,
                  "Inner Unique": true,
                  "Hash Cond": "(mk.movie_id = t.id)",
                  "Plans": [
                    {
                      "Node Type": "Seq Scan",
                      "Parent Relationship": "Outer",
                      "Parallel Aware": true,
                      "Relation Name": "movie_keyword",
                      "Alias": "mk",
                      "Startup Cost": 0.0,
                      "Total Cost": 39047.32,
                      "Plan Rows": 1459332,
                      "Plan Width": 4,
                      "Actual Startup Time": 0.028,
                      "Actual Total Time": 83.193,
                      "Actual Rows": 1130982,
                      "Actual Loops": 4
                    },
                    {
                      "Node Type": "Hash",
                      "Parent Relationship": "Inner",
                      "Parallel Aware": true,
                      "Startup Cost": 45479.59,
                      "Total Cost": 45479.59,
                      "Plan Rows": 13484,
                      "Plan Width": 4,
                      "Actual Startup Time": 99.912,
                      "Actual Total Time": 99.913,
                      "Actual Rows": 12086,
                      "Actual Loops": 4,
                      "Hash Buckets": 65536,
                      "Original Hash Buckets": 65536,
                      "Hash Batches": 1,
                      "Original Hash Batches": 1,
                      "Peak Memory Usage": 2464,
                      "Plans": [
                        {
                          "Node Type": "Seq Scan",
                          "Parent Relationship": "Outer",
                          "Parallel Aware": true,
                          "Relation Name": "title",
                          "Alias": "t",
                          "Startup Cost": 0.0,
                          "Total Cost": 45479.59,
                          "Plan Rows": 13484,
                          "Plan Width": 4,
                          "Actual Startup Time": 0.325,
                          "Actual Total Time": 95.484,
                          "Actual Rows": 12086,
                          "Actual Loops": 4,
                          "Filter": "((kind_id < 4) AND (production_year = 2012))",
                          "Rows Removed by Filter": 619992
                        }
                      ]
                    }
                  ]
                }
              ]
            }
          ]
        }
      ]
    },
    "Planning Time": 0.46,
    "Triggers": [],
    "Execution Time": 292.626
  }
]