{
  "Plan": {
    "Node Type": "Aggregate",
    "Strategy": "Plain",
    "Partial Mode": "Finalize",
    "Parallel Aware": false,
    "Startup Cost": 90411.39,
    "Total Cost": 90411.4,
    "Plan Rows": 1,
    "Plan Width": 8,
    "Actual Startup Time": 331.371,
    "Actual Total Time": 346.942,
    "Actual Rows": 1,
    "Actual Loops": 1,
    "Plans": [
      {
        "Node Type": "Gather",
        "Parent Relationship": "Outer",
        "Parallel Aware": false,
        "Startup Cost": 90411.28,
        "Total Cost": 90411.39,
        "Plan Rows": 1,
        "Plan Width": 8,
        "Actual Startup Time": 330.912,
        "Actual Total Time": 346.936,
        "Actual Rows": 2,
        "Actual Loops": 1,
        "Workers Planned": 1,
        "Workers Launched": 1,
        "Single Copy": false,
        "Plans": [
          {
            "Node Type": "Aggregate",
            "Strategy": "Plain",
            "Partial Mode": "Partial",
            "Parent Relationship": "Outer",
            "Parallel Aware": false,
            "Startup Cost": 89411.28,
            "Total Cost": 89411.29,
            "Plan Rows": 1,
            "Plan Width": 8,
            "Actual Startup Time": 324.997,
            "Actual Total Time": 325.001,
            "Actual Rows": 1,
            "Actual Loops": 2,
            "Plans": [
              {
                "Node Type": "Hash Join",
                "Parent Relationship": "Outer",
                "Parallel Aware": true,
                "Join Type": "Inner",
                "Startup Cost": 28530.78,
                "Total Cost": 89198.04,
                "Plan Rows": 85297,
                "Plan Width": 0,
                "Actual Startup Time": 79.472,
                "Actual Total Time": 323.324,
                "Actual Rows": 32237,
                "Actual Loops": 2,
                "Inner Unique": false,
                "Hash Cond": "(t.id = mc.movie_id)",
                "Plans": [
                  {
                    "Node Type": "Seq Scan",
                    "Parent Relationship": "Outer",
                    "Parallel Aware": true,
                    "Relation Name": "title",
                    "Alias": "t",
                    "Startup Cost": 0.0,
                    "Total Cost": 50870.31,
                    "Plan Rows": 1487231,
                    "Plan Width": 4,
                    "Actual Startup Time": 0.009,
                    "Actual Total Time": 116.718,
                    "Actual Rows": 1264156,
                    "Actual Loops": 2
                  },
                  {
                    "Node Type": "Hash",
                    "Parent Relationship": "Inner",
                    "Parallel Aware": true,
                    "Startup Cost": 27464.57,
                    "Total Cost": 27464.57,
                    "Plan Rows": 85297,
                    "Plan Width": 4,
                    "Actual Startup Time": 76.812,
                    "Actual Total Time": 76.813,
                    "Actual Rows": 32237,
                    "Actual Loops": 2,
                    "Hash Buckets": 262144,
                    "Original Hash Buckets": 262144,
                    "Hash Batches": 1,
                    "Original Hash Batches": 1,
                    "Peak Memory Usage": 4608,
                    "Plans": [
                      {
                        "Node Type": "Bitmap Heap Scan",
                        "Parent Relationship": "Outer",
                        "Parallel Aware": true,
                        "Relation Name": "movie_companies",
                        "Alias": "mc",
                        "Startup Cost": 6154.63,
                        "Total Cost": 27464.57,
                        "Plan Rows": 85297,
                        "Plan Width": 4,
                        "Actual Startup Time": 54.603,
                        "Actual Total Time": 69.48,
                        "Actual Rows": 32237,
                        "Actual Loops": 2,
                        "Recheck Cond": "(company_id < 155)",
                        "Rows Removed by Index Recheck": 0,
                        "Filter": "(company_type_id = 2)",
                        "Rows Removed by Filter": 109640,
                        "Exact Heap Blocks": 13832,
                        "Lossy Heap Blocks": 0,
                        "Plans": [
                          {
                            "Node Type": "Bitmap Index Scan",
                            "Parent Relationship": "Outer",
                            "Parallel Aware": false,
                            "Index Name": "company_id_movie_companies",
                            "Startup Cost": 0.0,
                            "Total Cost": 6118.38,
                            "Plan Rows": 285593,
                            "Plan Width": 0,
                            "Actual Startup Time": 20.777,
                            "Actual Total Time": 20.778,
                            "Actual Rows": 283753,
                            "Actual Loops": 1,
                            "Index Cond": "(company_id < 155)"
                          }
                        ]
                      }
                    ]
                  }
                ]
              }
            ]
          }
        ]
      }
    ]
  },
  "Planning Time": 0.453,
  "Triggers": [],
  "Execution Time": 347.005
}