[
    {
        "Bao": {
            "Bao prediction": "NaN",
            "Bao recommended hint": "(no hint)"
        }
    },
    {
        "Plan": {
            "Node Type": "Aggregate",
            "Strategy": "Plain",
            "Partial Mode": "Finalize",
            "Parallel Aware": false,
            "Startup Cost": 86386.71,
            "Total Cost": 86386.72,
            "Plan Rows": 1,
            "Plan Width": 8,
            "Actual Startup Time": 308.668,
            "Actual Total Time": 320.676,
            "Actual Rows": 1,
            "Actual Loops": 1,
            "Output": [
                "count(*)"
            ],
            "Plans": [
                {
                    "Node Type": "Gather",
                    "Parent Relationship": "Outer",
                    "Parallel Aware": false,
                    "Startup Cost": 86386.39,
                    "Total Cost": 86386.7,
                    "Plan Rows": 3,
                    "Plan Width": 8,
                    "Actual Startup Time": 305.736,
                    "Actual Total Time": 320.667,
                    "Actual Rows": 4,
                    "Actual Loops": 1,
                    "Output": [
                        "(PARTIAL count(*))"
                    ],
                    "Workers Planned": 3,
                    "Workers Launched": 3,
                    "Single Copy": false,
                    "Plans": [
                        {
                            "Node Type": "Aggregate",
                            "Strategy": "Plain",
                            "Partial Mode": "Partial",
                            "Parent Relationship": "Outer",
                            "Parallel Aware": false,
                            "Startup Cost": 85386.39,
                            "Total Cost": 85386.4,
                            "Plan Rows": 1,
                            "Plan Width": 8,
                            "Actual Startup Time": 297.082,
                            "Actual Total Time": 297.085,
                            "Actual Rows": 1,
                            "Actual Loops": 4,
                            "Output": [
                                "PARTIAL count(*)"
                            ],
                            "Workers": [
                                {
                                    "Worker Number": 0,
                                    "Actual Startup Time": 293.833,
                                    "Actual Total Time": 293.836,
                                    "Actual Rows": 1,
                                    "Actual Loops": 1
                                },
                                {
                                    "Worker Number": 1,
                                    "Actual Startup Time": 294.409,
                                    "Actual Total Time": 294.412,
                                    "Actual Rows": 1,
                                    "Actual Loops": 1
                                },
                                {
                                    "Worker Number": 2,
                                    "Actual Startup Time": 294.747,
                                    "Actual Total Time": 294.75,
                                    "Actual Rows": 1,
                                    "Actual Loops": 1
                                }
                            ],
                            "Plans": [
                                {
                                    "Node Type": "Hash Join",
                                    "Parent Relationship": "Outer",
                                    "Parallel Aware": true,
                                    "Join Type": "Inner",
                                    "Startup Cost": 58041.03,
                                    "Total Cost": 85264.83,
                                    "Plan Rows": 48626,
                                    "Plan Width": 0,
                                    "Actual Startup Time": 219.366,
                                    "Actual Total Time": 293.22,
                                    "Actual Rows": 80646,
                                    "Actual Loops": 4,
                                    "Inner Unique": true,
                                    "Hash Cond": "(mk.movie_id = t.id)",
                                    "Workers": [
                                        {
                                            "Worker Number": 0,
                                            "Actual Startup Time": 216.201,
                                            "Actual Total Time": 289.96,
                                            "Actual Rows": 76475,
                                            "Actual Loops": 1
                                        },
                                        {
                                            "Worker Number": 1,
                                            "Actual Startup Time": 216.435,
                                            "Actual Total Time": 290.745,
                                            "Actual Rows": 79940,
                                            "Actual Loops": 1
                                        },
                                        {
                                            "Worker Number": 2,
                                            "Actual Startup Time": 217.111,
                                            "Actual Total Time": 290.888,
                                            "Actual Rows": 75600,
                                            "Actual Loops": 1
                                        }
                                    ],
                                    "Plans": [
                                        {
                                            "Node Type": "Bitmap Heap Scan",
                                            "Parent Relationship": "Outer",
                                            "Parallel Aware": true,
                                            "Relation Name": "movie_keyword",
                                            "Schema": "public",
                                            "Alias": "mk",
                                            "Startup Cost": 12044.05,
                                            "Total Cost": 38787.14,
                                            "Plan Rows": 183127,
                                            "Plan Width": 4,
                                            "Actual Startup Time": 45.887,
                                            "Actual Total Time": 105.524,
                                            "Actual Rows": 142574,
                                            "Actual Loops": 4,
                                            "Output": [
                                                "mk.id",
                                                "mk.movie_id",
                                                "mk.keyword_id"
                                            ],
                                            "Recheck Cond": "(mk.keyword_id < 405)",
                                            "Rows Removed by Index Recheck": 0,
                                            "Exact Heap Blocks": 6604,
                                            "Lossy Heap Blocks": 0,
                                            "Workers": [
                                                {
                                                    "Worker Number": 0,
                                                    "Actual Startup Time": 46.003,
                                                    "Actual Total Time": 107.44,
                                                    "Actual Rows": 127724,
                                                    "Actual Loops": 1
                                                },
                                                {
                                                    "Worker Number": 1,
                                                    "Actual Startup Time": 45.703,
                                                    "Actual Total Time": 106.708,
                                                    "Actual Rows": 163324,
                                                    "Actual Loops": 1
                                                },
                                                {
                                                    "Worker Number": 2,
                                                    "Actual Startup Time": 46.082,
                                                    "Actual Total Time": 107.708,
                                                    "Actual Rows": 126413,
                                                    "Actual Loops": 1
                                                }
                                            ],
                                            "Plans": [
                                                {
                                                    "Node Type": "Bitmap Index Scan",
                                                    "Parent Relationship": "Outer",
                                                    "Parallel Aware": false,
                                                    "Index Name": "keyword_id_movie_keyword",
                                                    "Startup Cost": 0.0,
                                                    "Total Cost": 11902.13,
                                                    "Plan Rows": 567693,
                                                    "Plan Width": 0,
                                                    "Actual Startup Time": 42.184,
                                                    "Actual Total Time": 42.185,
                                                    "Actual Rows": 570298,
                                                    "Actual Loops": 1,
                                                    "Index Cond": "(mk.keyword_id < 405)",
                                                    "Workers": [
                                                        {
                                                            "Worker Number": 1,
                                                            "Actual Startup Time": 42.184,
                                                            "Actual Total Time": 42.185,
                                                            "Actual Rows": 570298,
                                                            "Actual Loops": 1
                                                        }
                                                    ]
                                                }
                                            ]
                                        },
                                        {
                                            "Node Type": "Hash",
                                            "Parent Relationship": "Inner",
                                            "Parallel Aware": true,
                                            "Startup Cost": 43899.01,
                                            "Total Cost": 43899.01,
                                            "Plan Rows": 167838,
                                            "Plan Width": 4,
                                            "Actual Startup Time": 140.619,
                                            "Actual Total Time": 140.62,
                                            "Actual Rows": 165706,
                                            "Actual Loops": 4,
                                            "Output": [
                                                "t.id"
                                            ],
                                            "Hash Buckets": 1048576,
                                            "Original Hash Buckets": 1048576,
                                            "Hash Batches": 1,
                                            "Original Hash Batches": 1,
                                            "Peak Memory Usage": 34208,
                                            "Workers": [
                                                {
                                                    "Worker Number": 0,
                                                    "Actual Startup Time": 140.759,
                                                    "Actual Total Time": 140.76,
                                                    "Actual Rows": 163322,
                                                    "Actual Loops": 1
                                                },
                                                {
                                                    "Worker Number": 1,
                                                    "Actual Startup Time": 141.041,
                                                    "Actual Total Time": 141.042,
                                                    "Actual Rows": 159575,
                                                    "Actual Loops": 1
                                                },
                                                {
                                                    "Worker Number": 2,
                                                    "Actual Startup Time": 141.652,
                                                    "Actual Total Time": 141.653,
                                                    "Actual Rows": 162097,
                                                    "Actual Loops": 1
                                                }
                                            ],
                                            "Plans": [
                                                {
                                                    "Node Type": "Seq Scan",
                                                    "Parent Relationship": "Outer",
                                                    "Parallel Aware": true,
                                                    "Relation Name": "title",
                                                    "Schema": "public",
                                                    "Alias": "t",
                                                    "Startup Cost": 0.0,
                                                    "Total Cost": 43899.01,
                                                    "Plan Rows": 167838,
                                                    "Plan Width": 4,
                                                    "Actual Startup Time": 40.369,
                                                    "Actual Total Time": 89.713,
                                                    "Actual Rows": 165706,
                                                    "Actual Loops": 4,
                                                    "Output": [
                                                        "t.id"
                                                    ],
                                                    "Filter": "(t.kind_id = 1)",
                                                    "Rows Removed by Filter": 466372,
                                                    "Workers": [
                                                        {
                                                            "Worker Number": 0,
                                                            "Actual Startup Time": 51.819,
                                                            "Actual Total Time": 90.545,
                                                            "Actual Rows": 163322,
                                                            "Actual Loops": 1
                                                        },
                                                        {
                                                            "Worker Number": 1,
                                                            "Actual Startup Time": 51.684,
                                                            "Actual Total Time": 91.191,
                                                            "Actual Rows": 159575,
                                                            "Actual Loops": 1
                                                        },
                                                        {
                                                            "Worker Number": 2,
                                                            "Actual Startup Time": 51.77,
                                                            "Actual Total Time": 90.297,
                                                            "Actual Rows": 162097,
                                                            "Actual Loops": 1
                                                        }
                                                    ]
                                                }
                                            ]
                                        }
                                    ]
                                }
                            ]
                        }
                    ]
                }
            ]
        },
        "Planning Time": 173.81,
        "Triggers": [],
        "Execution Time": 320.755
    }
]