[
    {
        "Bao": {
            "Bao prediction": "NaN",
            "Bao recommended hint": "(no hint)"
        }
    },
    {
        "Plan": {
            "Node Type": "Aggregate",
            "Strategy": "Plain",
            "Partial Mode": "Finalize",
            "Parallel Aware": false,
            "Startup Cost": 67594.81,
            "Total Cost": 67594.82,
            "Plan Rows": 1,
            "Plan Width": 8,
            "Actual Startup Time": 113.999,
            "Actual Total Time": 119.445,
            "Actual Rows": 1,
            "Actual Loops": 1,
            "Output": [
                "count(*)"
            ],
            "Plans": [
                {
                    "Node Type": "Gather",
                    "Parent Relationship": "Outer",
                    "Parallel Aware": false,
                    "Startup Cost": 67594.39,
                    "Total Cost": 67594.8,
                    "Plan Rows": 4,
                    "Plan Width": 8,
                    "Actual Startup Time": 113.446,
                    "Actual Total Time": 119.438,
                    "Actual Rows": 5,
                    "Actual Loops": 1,
                    "Output": [
                        "(PARTIAL count(*))"
                    ],
                    "Workers Planned": 4,
                    "Workers Launched": 4,
                    "Single Copy": false,
                    "Plans": [
                        {
                            "Node Type": "Aggregate",
                            "Strategy": "Plain",
                            "Partial Mode": "Partial",
                            "Parent Relationship": "Outer",
                            "Parallel Aware": false,
                            "Startup Cost": 66594.39,
                            "Total Cost": 66594.4,
                            "Plan Rows": 1,
                            "Plan Width": 8,
                            "Actual Startup Time": 103.843,
                            "Actual Total Time": 103.846,
                            "Actual Rows": 1,
                            "Actual Loops": 5,
                            "Output": [
                                "PARTIAL count(*)"
                            ],
                            "Workers": [
                                {
                                    "Worker Number": 0,
                                    "Actual Startup Time": 100.983,
                                    "Actual Total Time": 100.986,
                                    "Actual Rows": 1,
                                    "Actual Loops": 1
                                },
                                {
                                    "Worker Number": 1,
                                    "Actual Startup Time": 100.979,
                                    "Actual Total Time": 100.982,
                                    "Actual Rows": 1,
                                    "Actual Loops": 1
                                },
                                {
                                    "Worker Number": 2,
                                    "Actual Startup Time": 101.813,
                                    "Actual Total Time": 101.816,
                                    "Actual Rows": 1,
                                    "Actual Loops": 1
                                },
                                {
                                    "Worker Number": 3,
                                    "Actual Startup Time": 102.31,
                                    "Actual Total Time": 102.313,
                                    "Actual Rows": 1,
                                    "Actual Loops": 1
                                }
                            ],
                            "Plans": [
                                {
                                    "Node Type": "Hash Join",
                                    "Parent Relationship": "Outer",
                                    "Parallel Aware": true,
                                    "Join Type": "Inner",
                                    "Startup Cost": 20148.52,
                                    "Total Cost": 66585.84,
                                    "Plan Rows": 3421,
                                    "Plan Width": 0,
                                    "Actual Startup Time": 14.914,
                                    "Actual Total Time": 103.763,
                                    "Actual Rows": 664,
                                    "Actual Loops": 5,
                                    "Inner Unique": false,
                                    "Hash Cond": "(t.id = mc.movie_id)",
                                    "Workers": [
                                        {
                                            "Worker Number": 0,
                                            "Actual Startup Time": 11.968,
                                            "Actual Total Time": 100.89,
                                            "Actual Rows": 594,
                                            "Actual Loops": 1
                                        },
                                        {
                                            "Worker Number": 1,
                                            "Actual Startup Time": 11.957,
                                            "Actual Total Time": 100.898,
                                            "Actual Rows": 565,
                                            "Actual Loops": 1
                                        },
                                        {
                                            "Worker Number": 2,
                                            "Actual Startup Time": 13.284,
                                            "Actual Total Time": 101.728,
                                            "Actual Rows": 625,
                                            "Actual Loops": 1
                                        },
                                        {
                                            "Worker Number": 3,
                                            "Actual Startup Time": 13.459,
                                            "Actual Total Time": 102.224,
                                            "Actual Rows": 633,
                                            "Actual Loops": 1
                                        }
                                    ],
                                    "Plans": [
                                        {
                                            "Node Type": "Seq Scan",
                                            "Parent Relationship": "Outer",
                                            "Parallel Aware": true,
                                            "Relation Name": "title",
                                            "Schema": "public",
                                            "Alias": "t",
                                            "Startup Cost": 0.0,
                                            "Total Cost": 45479.21,
                                            "Plan Rows": 189416,
                                            "Plan Width": 4,
                                            "Actual Startup Time": 0.026,
                                            "Actual Total Time": 72.252,
                                            "Actual Rows": 132770,
                                            "Actual Loops": 5,
                                            "Output": [
                                                "t.id",
                                                "t.title",
                                                "t.imdb_index",
                                                "t.kind_id",
                                                "t.production_year",
                                                "t.imdb_id",
                                                "t.phonetic_code",
                                                "t.episode_of_id",
                                                "t.season_nr",
                                                "t.episode_nr",
                                                "t.series_years",
                                                "t.md5sum"
                                            ],
                                            "Filter": "((t.kind_id < 7) AND (t.production_year > 1980))",
                                            "Rows Removed by Filter": 372893,
                                            "Workers": [
                                                {
                                                    "Worker Number": 0,
                                                    "Actual Startup Time": 0.026,
                                                    "Actual Total Time": 72.611,
                                                    "Actual Rows": 123169,
                                                    "Actual Loops": 1
                                                },
                                                {
                                                    "Worker Number": 1,
                                                    "Actual Startup Time": 0.029,
                                                    "Actual Total Time": 72.617,
                                                    "Actual Rows": 123938,
                                                    "Actual Loops": 1
                                                },
                                                {
                                                    "Worker Number": 2,
                                                    "Actual Startup Time": 0.032,
                                                    "Actual Total Time": 72.688,
                                                    "Actual Rows": 121338,
                                                    "Actual Loops": 1
                                                },
                                                {
                                                    "Worker Number": 3,
                                                    "Actual Startup Time": 0.035,
                                                    "Actual Total Time": 72.74,
                                                    "Actual Rows": 124245,
                                                    "Actual Loops": 1
                                                }
                                            ]
                                        },
                                        {
                                            "Node Type": "Hash",
                                            "Parent Relationship": "Inner",
                                            "Parallel Aware": true,
                                            "Startup Cost": 19964.41,
                                            "Total Cost": 19964.41,
                                            "Plan Rows": 14729,
                                            "Plan Width": 4,
                                            "Actual Startup Time": 13.913,
                                            "Actual Total Time": 13.914,
                                            "Actual Rows": 9450,
                                            "Actual Loops": 5,
                                            "Output": [
                                                "mc.movie_id"
                                            ],
                                            "Hash Buckets": 65536,
                                            "Original Hash Buckets": 65536,
                                            "Hash Batches": 1,
                                            "Original Hash Batches": 1,
                                            "Peak Memory Usage": 2464,
                                            "Workers": [
                                                {
                                                    "Worker Number": 0,
                                                    "Actual Startup Time": 11.022,
                                                    "Actual Total Time": 11.024,
                                                    "Actual Rows": 2055,
                                                    "Actual Loops": 1
                                                },
                                                {
                                                    "Worker Number": 1,
                                                    "Actual Startup Time": 11.029,
                                                    "Actual Total Time": 11.031,
                                                    "Actual Rows": 2079,
                                                    "Actual Loops": 1
                                                },
                                                {
                                                    "Worker Number": 2,
                                                    "Actual Startup Time": 11.955,
                                                    "Actual Total Time": 11.957,
                                                    "Actual Rows": 2472,
                                                    "Actual Loops": 1
                                                },
                                                {
                                                    "Worker Number": 3,
                                                    "Actual Startup Time": 12.454,
                                                    "Actual Total Time": 12.455,
                                                    "Actual Rows": 2591,
                                                    "Actual Loops": 1
                                                }
                                            ],
                                            "Plans": [
                                                {
                                                    "Node Type": "Bitmap Heap Scan",
                                                    "Parent Relationship": "Outer",
                                                    "Parallel Aware": true,
                                                    "Relation Name": "movie_companies",
                                                    "Schema": "public",
                                                    "Alias": "mc",
                                                    "Startup Cost": 990.29,
                                                    "Total Cost": 19964.41,
                                                    "Plan Rows": 14729,
                                                    "Plan Width": 4,
                                                    "Actual Startup Time": 0.832,
                                                    "Actual Total Time": 10.884,
                                                    "Actual Rows": 9450,
                                                    "Actual Loops": 5,
                                                    "Output": [
                                                        "mc.movie_id"
                                                    ],
                                                    "Recheck Cond": "(mc.company_id = 19)",
                                                    "Rows Removed by Index Recheck": 0,
                                                    "Exact Heap Blocks": 3861,
                                                    "Lossy Heap Blocks": 0,
                                                    "Workers": [
                                                        {
                                                            "Worker Number": 0,
                                                            "Actual Startup Time": 0.224,
                                                            "Actual Total Time": 9.133,
                                                            "Actual Rows": 2055,
                                                            "Actual Loops": 1
                                                        },
                                                        {
                                                            "Worker Number": 1,
                                                            "Actual Startup Time": 0.156,
                                                            "Actual Total Time": 9.142,
                                                            "Actual Rows": 2079,
                                                            "Actual Loops": 1
                                                        },
                                                        {
                                                            "Worker Number": 2,
                                                            "Actual Startup Time": 0.185,
                                                            "Actual Total Time": 10.109,
                                                            "Actual Rows": 2472,
                                                            "Actual Loops": 1
                                                        },
                                                        {
                                                            "Worker Number": 3,
                                                            "Actual Startup Time": 0.159,
                                                            "Actual Total Time": 10.157,
                                                            "Actual Rows": 2591,
                                                            "Actual Loops": 1
                                                        }
                                                    ],
                                                    "Plans": [
                                                        {
                                                            "Node Type": "Bitmap Index Scan",
                                                            "Parent Relationship": "Outer",
                                                            "Parallel Aware": false,
                                                            "Index Name": "company_id_movie_companies",
                                                            "Startup Cost": 0.0,
                                                            "Total Cost": 978.88,
                                                            "Plan Rows": 45660,
                                                            "Plan Width": 0,
                                                            "Actual Startup Time": 2.598,
                                                            "Actual Total Time": 2.598,
                                                            "Actual Rows": 47252,
                                                            "Actual Loops": 1,
                                                            "Index Cond": "(mc.company_id = 19)"
                                                        }
                                                    ]
                                                }
                                            ]
                                        }
                                    ]
                                }
                            ]
                        }
                    ]
                }
            ]
        },
        "Planning Time": 184.486,
        "Triggers": [],
        "Execution Time": 119.502
    }
]