{
  "Plan": {
    "Node Type": "Aggregate",
    "Strategy": "Plain",
    "Partial Mode": "Finalize",
    "Parallel Aware": false,
    "Startup Cost": 124236.96,
    "Total Cost": 124236.97,
    "Plan Rows": 1,
    "Plan Width": 8,
    "Actual Startup Time": 519.736,
    "Actual Total Time": 533.601,
    "Actual Rows": 1,
    "Actual Loops": 1,
    "Plans": [
      {
        "Node Type": "Gather",
        "Parent Relationship": "Outer",
        "Parallel Aware": false,
        "Startup Cost": 124236.85,
        "Total Cost": 124236.96,
        "Plan Rows": 1,
        "Plan Width": 8,
        "Actual Startup Time": 519.306,
        "Actual Total Time": 533.593,
        "Actual Rows": 2,
        "Actual Loops": 1,
        "Workers Planned": 1,
        "Workers Launched": 1,
        "Single Copy": false,
        "Plans": [
          {
            "Node Type": "Aggregate",
            "Strategy": "Plain",
            "Partial Mode": "Partial",
            "Parent Relationship": "Outer",
            "Parallel Aware": false,
            "Startup Cost": 123236.85,
            "Total Cost": 123236.86,
            "Plan Rows": 1,
            "Plan Width": 8,
            "Actual Startup Time": 516.306,
            "Actual Total Time": 516.31,
            "Actual Rows": 1,
            "Actual Loops": 2,
            "Plans": [
              {
                "Node Type": "Hash Join",
                "Parent Relationship": "Outer",
                "Parallel Aware": true,
                "Join Type": "Inner",
                "Startup Cost": 58969.19,
                "Total Cost": 123021.79,
                "Plan Rows": 86025,
                "Plan Width": 0,
                "Actual Startup Time": 159.552,
                "Actual Total Time": 513.959,
                "Actual Rows": 51066,
                "Actual Loops": 2,
                "Inner Unique": true,
                "Hash Cond": "(mk.movie_id = t.id)",
                "Plans": [
                  {
                    "Node Type": "Seq Scan",
                    "Parent Relationship": "Outer",
                    "Parallel Aware": true,
                    "Relation Name": "movie_keyword",
                    "Alias": "mk",
                    "Startup Cost": 0.0,
                    "Total Cost": 57718.19,
                    "Plan Rows": 2413102,
                    "Plan Width": 4,
                    "Actual Startup Time": 0.026,
                    "Actual Total Time": 214.894,
                    "Actual Rows": 2043871,
                    "Actual Loops": 2,
                    "Filter": "(keyword_id > 335)",
                    "Rows Removed by Filter": 218094
                  },
                  {
                    "Node Type": "Hash",
                    "Parent Relationship": "Inner",
                    "Parallel Aware": true,
                    "Startup Cost": 58306.47,
                    "Total Cost": 58306.47,
                    "Plan Rows": 53018,
                    "Plan Width": 4,
                    "Actual Startup Time": 157.519,
                    "Actual Total Time": 157.52,
                    "Actual Rows": 40495,
                    "Actual Loops": 2,
                    "Hash Buckets": 131072,
                    "Original Hash Buckets": 131072,
                    "Hash Batches": 1,
                    "Original Hash Batches": 1,
                    "Peak Memory Usage": 4224,
                    "Plans": [
                      {
                        "Node Type": "Seq Scan",
                        "Parent Relationship": "Outer",
                        "Parallel Aware": true,
                        "Relation Name": "title",
                        "Alias": "t",
                        "Startup Cost": 0.0,
                        "Total Cost": 58306.47,
                        "Plan Rows": 53018,
                        "Plan Width": 4,
                        "Actual Startup Time": 0.077,
                        "Actual Total Time": 144.588,
                        "Actual Rows": 40495,
                        "Actual Loops": 2,
                        "Filter": "((kind_id < 7) AND (production_year > 2011))",
                        "Rows Removed by Filter": 1223661
                      }
                    ]
                  }
                ]
              }
            ]
          }
        ]
      }
    ]
  },
  "Planning Time": 0.383,
  "Triggers": [],
  "Execution Time": 533.667
}