[
  {
    "Plan": {
      "Node Type": "Aggregate",
      "Strategy": "Plain",
      "Partial Mode": "Finalize",
      "Parallel Aware": false,
      "Startup Cost": 463112.73,
      "Total Cost": 463112.74,
      "Plan Rows": 1,
      "Plan Width": 8,
      "Actual Startup Time": 2359.865,
      "Actual Total Time": 2412.446,
      "Actual Rows": 1,
      "Actual Loops": 1,
      "Plans": [
        {
          "Node Type": "Gather",
          "Parent Relationship": "Outer",
          "Parallel Aware": false,
          "Startup Cost": 463112.1,
          "Total Cost": 463112.71,
          "Plan Rows": 6,
          "Plan Width": 8,
          "Actual Startup Time": 2321.081,
          "Actual Total Time": 2412.43,
          "Actual Rows": 7,
          "Actual Loops": 1,
          "Workers Planned": 6,
          "Workers Launched": 6,
          "Single Copy": false,
          "Plans": [
            {
              "Node Type": "Aggregate",
              "Strategy": "Plain",
              "Partial Mode": "Partial",
              "Parent Relationship": "Outer",
              "Parallel Aware": false,
              "Startup Cost": 462112.1,
              "Total Cost": 462112.11,
              "Plan Rows": 1,
              "Plan Width": 8,
              "Actual Startup Time": 2300.621,
              "Actual Total Time": 2301.535,
              "Actual Rows": 1,
              "Actual Loops": 7,
              "Plans": [
                {
                  "Node Type": "Hash Join",
                  "Parent Relationship": "Outer",
                  "Parallel Aware": true,
                  "Join Type": "Inner",
                  "Startup Cost": 107222.95,
                  "Total Cost": 456627.67,
                  "Plan Rows": 2193774,
                  "Plan Width": 0,
                  "Actual Startup Time": 690.059,
                  "Actual Total Time": 2007.062,
                  "Actual Rows": 5913996,
                  "Actual Loops": 7,
                  "Inner Unique": false,
                  "Hash Cond": "(ci.movie_id = t.id)",
                  "Plans": [
                    {
                      "Node Type": "Index Scan",
                      "Parent Relationship": "Outer",
                      "Parallel Aware": true,
                      "Scan Direction": "Forward",
                      "Index Name": "role_id_cast_info",
                      "Relation Name": "cast_info",
                      "Alias": "ci",
                      "Startup Cost": 0.56,
                      "Total Cost": 335235.55,
                      "Plan Rows": 1891479,
                      "Plan Width": 4,
                      "Actual Startup Time": 76.83,
                      "Actual Total Time": 410.128,
                      "Actual Rows": 1463572,
                      "Actual Loops": 7,
                      "Index Cond": "(role_id < 2)",
                      "Rows Removed by Index Recheck": 0,
                      "Filter": "(person_id > 324050)",
                      "Rows Removed by Filter": 346527
                    },
                    {
                      "Node Type": "Hash",
                      "Parent Relationship": "Inner",
                      "Parallel Aware": true,
                      "Startup Cost": 95398.35,
                      "Total Cost": 95398.35,
                      "Plan Rows": 945923,
                      "Plan Width": 8,
                      "Actual Startup Time": 606.422,
                      "Actual Total Time": 607.334,
                      "Actual Rows": 416820,
                      "Actual Loops": 7,
                      "Hash Buckets": 4194304,
                      "Original Hash Buckets": 4194304,
                      "Hash Batches": 1,
                      "Original Hash Batches": 1,
                      "Peak Memory Usage": 147040,
                      "Plans": [
                        {
                          "Node Type": "Hash Join",
                          "Parent Relationship": "Outer",
                          "Parallel Aware": true,
                          "Join Type": "Inner",
                          "Startup Cost": 50219.64,
                          "Total Cost": 95398.35,
                          "Plan Rows": 945923,
                          "Plan Width": 8,
                          "Actual Startup Time": 277.792,
                          "Actual Total Time": 467.956,
                          "Actual Rows": 416820,
                          "Actual Loops": 7,
                          "Inner Unique": true,
                          "Hash Cond": "(mk.movie_id = t.id)",
                          "Plans": [
                            {
                              "Node Type": "Seq Scan",
                              "Parent Relationship": "Outer",
                              "Parallel Aware": true,
                              "Relation Name": "movie_keyword",
                              "Alias": "mk",
                              "Startup Cost": 0.0,
                              "Total Cost": 42695.65,
                              "Plan Rows": 945923,
                              "Plan Width": 4,
                              "Actual Startup Time": 0.153,
                              "Actual Total Time": 89.493,
                              "Actual Rows": 416820,
                              "Actual Loops": 7,
                              "Filter": "(keyword_id > 2487)",
                              "Rows Removed by Filter": 229456
                            },
                            {
                              "Node Type": "Hash",
                              "Parent Relationship": "Inner",
                              "Parallel Aware": true,
                              "Startup Cost": 42318.73,
                              "Total Cost": 42318.73,
                              "Plan Rows": 632073,
                              "Plan Width": 4,
                              "Actual Startup Time": 272.562,
                              "Actual Total Time": 272.585,
                              "Actual Rows": 361187,
                              "Actual Loops": 7,
                              "Hash Buckets": 4194304,
                              "Original Hash Buckets": 4194304,
                              "Hash Batches": 1,
                              "Original Hash Batches": 1,
                              "Peak Memory Usage": 131744,
                              "Plans": [
                                {
                                  "Node Type": "Seq Scan",
                                  "Parent Relationship": "Outer",
                                  "Parallel Aware": true,
                                  "Relation Name": "title",
                                  "Alias": "t",
                                  "Startup Cost": 0.0,
                                  "Total Cost": 42318.73,
                                  "Plan Rows": 632073,
                                  "Plan Width": 4,
                                  "Actual Startup Time": 0.067,
                                  "Actual Total Time": 78.613,
                                  "Actual Rows": 361187,
                                  "Actual Loops": 7
                                }
                              ]
                            }
                          ]
                        }
                      ]
                    }
                  ]
                }
              ]
            }
          ]
        }
      ]
    },
    "Planning Time": 1.365,
    "Triggers": [],
    "Execution Time": 2412.546
  }
]