{
  "Plan": {
    "Node Type": "Aggregate",
    "Strategy": "Plain",
    "Partial Mode": "Simple",
    "Parallel Aware": false,
    "Startup Cost": 7463.99,
    "Total Cost": 7464.0,
    "Plan Rows": 1,
    "Plan Width": 96,
    "Actual Startup Time": 1752.322,
    "Actual Total Time": 1752.331,
    "Actual Rows": 1,
    "Actual Loops": 1,
    "Plans": [
      {
        "Node Type": "Nested Loop",
        "Parent Relationship": "Outer",
        "Parallel Aware": false,
        "Join Type": "Inner",
        "Startup Cost": 12.92,
        "Total Cost": 7463.98,
        "Plan Rows": 1,
        "Plan Width": 42,
        "Actual Startup Time": 12.611,
        "Actual Total Time": 1725.796,
        "Actual Rows": 46281,
        "Actual Loops": 1,
        "Inner Unique": true,
        "Join Filter": "(mc.company_type_id = ct.id)",
        "Rows Removed by Join Filter": 4783,
        "Plans": [
          {
            "Node Type": "Nested Loop",
            "Parent Relationship": "Outer",
            "Parallel Aware": false,
            "Join Type": "Inner",
            "Startup Cost": 12.92,
            "Total Cost": 7462.89,
            "Plan Rows": 1,
            "Plan Width": 46,
            "Actual Startup Time": 12.599,
            "Actual Total Time": 1535.403,
            "Actual Rows": 46281,
            "Actual Loops": 1,
            "Inner Unique": true,
            "Plans": [
              {
                "Node Type": "Nested Loop",
                "Parent Relationship": "Outer",
                "Parallel Aware": false,
                "Join Type": "Inner",
                "Startup Cost": 12.5,
                "Total Cost": 7462.45,
                "Plan Rows": 1,
                "Plan Width": 31,
                "Actual Startup Time": 7.247,
                "Actual Total Time": 1222.261,
                "Actual Rows": 64848,
                "Actual Loops": 1,
                "Inner Unique": false,
                "Join Filter": "(t.id = mc.movie_id)",
                "Rows Removed by Join Filter": 0,
                "Plans": [
                  {
                    "Node Type": "Nested Loop",
                    "Parent Relationship": "Outer",
                    "Parallel Aware": false,
                    "Join Type": "Inner",
                    "Startup Cost": 12.07,
                    "Total Cost": 7461.84,
                    "Plan Rows": 1,
                    "Plan Width": 39,
                    "Actual Startup Time": 7.15,
                    "Actual Total Time": 1111.071,
                    "Actual Rows": 4115,
                    "Actual Loops": 1,
                    "Inner Unique": true,
                    "Join Filter": "(mi.info_type_id = it1.id)",
                    "Rows Removed by Join Filter": 594,
                    "Plans": [
                      {
                        "Node Type": "Nested Loop",
                        "Parent Relationship": "Outer",
                        "Parallel Aware": false,
                        "Join Type": "Inner",
                        "Startup Cost": 12.07,
                        "Total Cost": 7459.42,
                        "Plan Rows": 1,
                        "Plan Width": 43,
                        "Actual Startup Time": 7.132,
                        "Actual Total Time": 1075.337,
                        "Actual Rows": 4709,
                        "Actual Loops": 1,
                        "Inner Unique": false,
                        "Join Filter": "(t.id = mi.movie_id)",
                        "Rows Removed by Join Filter": 0,
                        "Plans": [
                          {
                            "Node Type": "Nested Loop",
                            "Parent Relationship": "Outer",
                            "Parallel Aware": false,
                            "Join Type": "Inner",
                            "Startup Cost": 11.64,
                            "Total Cost": 7457.54,
                            "Plan Rows": 1,
                            "Plan Width": 35,
                            "Actual Startup Time": 6.794,
                            "Actual Total Time": 526.144,
                            "Actual Rows": 5949,
                            "Actual Loops": 1,
                            "Inner Unique": false,
                            "Join Filter": "(mi_idx.info_type_id = it2.id)",
                            "Rows Removed by Join Filter": 11839,
                            "Plans": [
                              {
                                "Node Type": "Seq Scan",
                                "Parent Relationship": "Outer",
                                "Parallel Aware": false,
                                "Relation Name": "info_type",
                                "Alias": "it2",
                                "Startup Cost": 0.0,
                                "Total Cost": 2.41,
                                "Plan Rows": 1,
                                "Plan Width": 4,
                                "Actual Startup Time": 0.032,
                                "Actual Total Time": 0.036,
                                "Actual Rows": 1,
                                "Actual Loops": 1,
                                "Filter": "((info)::text = 'rating'::text)",
                                "Rows Removed by Filter": 112
                              },
                              {
                                "Node Type": "Nested Loop",
                                "Parent Relationship": "Inner",
                                "Parallel Aware": false,
                                "Join Type": "Inner",
                                "Startup Cost": 11.64,
                                "Total Cost": 7454.54,
                                "Plan Rows": 47,
                                "Plan Width": 39,
                                "Actual Startup Time": 6.756,
                                "Actual Total Time": 523.328,
                                "Actual Rows": 17788,
                                "Actual Loops": 1,
                                "Inner Unique": false,
                                "Join Filter": "(t.id = mi_idx.movie_id)",
                                "Rows Removed by Join Filter": 0,
                                "Plans": [
                                  {
                                    "Node Type": "Nested Loop",
                                    "Parent Relationship": "Outer",
                                    "Parallel Aware": false,
                                    "Join Type": "Inner",
                                    "Startup Cost": 11.21,
                                    "Total Cost": 7445.94,
                                    "Plan Rows": 16,
                                    "Plan Width": 25,
                                    "Actual Startup Time": 6.673,
                                    "Actual Total Time": 445.892,
                                    "Actual Rows": 8073,
                                    "Actual Loops": 1,
                                    "Inner Unique": true,
                                    "Join Filter": "(t.kind_id = kt.id)",
                                    "Rows Removed by Join Filter": 4332,
                                    "Plans": [
                                      {
                                        "Node Type": "Nested Loop",
                                        "Parent Relationship": "Outer",
                                        "Parallel Aware": false,
                                        "Join Type": "Inner",
                                        "Startup Cost": 11.21,
                                        "Total Cost": 7443.27,
                                        "Plan Rows": 55,
                                        "Plan Width": 29,
                                        "Actual Startup Time": 6.329,
                                        "Actual Total Time": 440.224,
                                        "Actual Rows": 9739,
                                        "Actual Loops": 1,
                                        "Inner Unique": true,
                                        "Plans": [
                                          {
                                            "Node Type": "Nested Loop",
                                            "Parent Relationship": "Outer",
                                            "Parallel Aware": false,
                                            "Join Type": "Inner",
                                            "Startup Cost": 10.78,
                                            "Total Cost": 7377.15,
                                            "Plan Rows": 135,
                                            "Plan Width": 4,
                                            "Actual Startup Time": 6.214,
                                            "Actual Total Time": 147.256,
                                            "Actual Rows": 37091,
                                            "Actual Loops": 1,
                                            "Inner Unique": false,
                                            "Plans": [
                                              {
                                                "Node Type": "Seq Scan",
                                                "Parent Relationship": "Outer",
                                                "Parallel Aware": false,
                                                "Relation Name": "keyword",
                                                "Alias": "k",
                                                "Startup Cost": 0.0,
                                                "Total Cost": 2961.55,
                                                "Plan Rows": 4,
                                                "Plan Width": 4,
                                                "Actual Startup Time": 1.574,
                                                "Actual Total Time": 23.346,
                                                "Actual Rows": 3,
                                                "Actual Loops": 1,
                                                "Filter": "(keyword = ANY ('{murder,murder-in-title,blood,violence}'::text[]))",
                                                "Rows Removed by Filter": 134167
                                              },
                                              {
                                                "Node Type": "Bitmap Heap Scan",
                                                "Parent Relationship": "Inner",
                                                "Parallel Aware": false,
                                                "Relation Name": "movie_keyword",
                                                "Alias": "mk",
                                                "Startup Cost": 10.78,
                                                "Total Cost": 1100.87,
                                                "Plan Rows": 303,
                                                "Plan Width": 8,
                                                "Actual Startup Time": 4.307,
                                                "Actual Total Time": 39.045,
                                                "Actual Rows": 12364,
                                                "Actual Loops": 3,
                                                "Recheck Cond": "(keyword_id = k.id)",
                                                "Rows Removed by Index Recheck": 0,
                                                "Exact Heap Blocks": 26312,
                                                "Lossy Heap Blocks": 0,
                                                "Plans": [
                                                  {
                                                    "Node Type": "Bitmap Index Scan",
                                                    "Parent Relationship": "Outer",
                                                    "Parallel Aware": false,
                                                    "Index Name": "keyword_id_movie_keyword",
                                                    "Startup Cost": 0.0,
                                                    "Total Cost": 10.71,
                                                    "Plan Rows": 303,
                                                    "Plan Width": 0,
                                                    "Actual Startup Time": 2.714,
                                                    "Actual Total Time": 2.714,
                                                    "Actual Rows": 12364,
                                                    "Actual Loops": 3,
                                                    "Index Cond": "(keyword_id = k.id)"
                                                  }
                                                ]
                                              }
                                            ]
                                          },
                                          {
                                            "Node Type": "Index Scan",
                                            "Parent Relationship": "Inner",
                                            "Parallel Aware": false,
                                            "Scan Direction": "Forward",
                                            "Index Name": "title_pkey",
                                            "Relation Name": "title",
                                            "Alias": "t",
                                            "Startup Cost": 0.43,
                                            "Total Cost": 0.49,
                                            "Plan Rows": 1,
                                            "Plan Width": 25,
                                            "Actual Startup Time": 0.007,
                                            "Actual Total Time": 0.007,
                                            "Actual Rows": 0,
                                            "Actual Loops": 37091,
                                            "Index Cond": "(id = mk.movie_id)",
                                            "Rows Removed by Index Recheck": 0,
                                            "Filter": "(production_year > 2005)",
                                            "Rows Removed by Filter": 1
                                          }
                                        ]
                                      },
                                      {
                                        "Node Type": "Materialize",
                                        "Parent Relationship": "Inner",
                                        "Parallel Aware": false,
                                        "Startup Cost": 0.0,
                                        "Total Cost": 1.1,
                                        "Plan Rows": 2,
                                        "Plan Width": 4,
                                        "Actual Startup Time": 0.0,
                                        "Actual Total Time": 0.0,
                                        "Actual Rows": 1,
                                        "Actual Loops": 9739,
                                        "Plans": [
                                          {
                                            "Node Type": "Seq Scan",
                                            "Parent Relationship": "Outer",
                                            "Parallel Aware": false,
                                            "Relation Name": "kind_type",
                                            "Alias": "kt",
                                            "Startup Cost": 0.0,
                                            "Total Cost": 1.09,
                                            "Plan Rows": 2,
                                            "Plan Width": 4,
                                            "Actual Startup Time": 0.017,
                                            "Actual Total Time": 0.019,
                                            "Actual Rows": 2,
                                            "Actual Loops": 1,
                                            "Filter": "((kind)::text = ANY ('{movie,episode}'::text[]))",
                                            "Rows Removed by Filter": 5
                                          }
                                        ]
                                      }
                                    ]
                                  },
                                  {
                                    "Node Type": "Index Scan",
                                    "Parent Relationship": "Inner",
                                    "Parallel Aware": false,
                                    "Scan Direction": "Forward",
                                    "Index Name": "movie_id_movie_info_idx",
                                    "Relation Name": "movie_info_idx",
                                    "Alias": "mi_idx",
                                    "Startup Cost": 0.43,
                                    "Total Cost": 0.5,
                                    "Plan Rows": 3,
                                    "Plan Width": 14,
                                    "Actual Startup Time": 0.008,
                                    "Actual Total Time": 0.009,
                                    "Actual Rows": 2,
                                    "Actual Loops": 8073,
                                    "Index Cond": "(movie_id = mk.movie_id)",
                                    "Rows Removed by Index Recheck": 0,
                                    "Filter": "(info < '8.5'::text)",
                                    "Rows Removed by Filter": 0
                                  }
                                ]
                              }
                            ]
                          },
                          {
                            "Node Type": "Index Scan",
                            "Parent Relationship": "Inner",
                            "Parallel Aware": false,
                            "Scan Direction": "Forward",
                            "Index Name": "movie_id_movie_info",
                            "Relation Name": "movie_info",
                            "Alias": "mi",
                            "Startup Cost": 0.43,
                            "Total Cost": 1.86,
                            "Plan Rows": 2,
                            "Plan Width": 8,
                            "Actual Startup Time": 0.08,
                            "Actual Total Time": 0.092,
                            "Actual Rows": 1,
                            "Actual Loops": 5949,
                            "Index Cond": "(movie_id = mk.movie_id)",
                            "Rows Removed by Index Recheck": 0,
                            "Filter": "(info = ANY ('{Sweden,Norway,Germany,Denmark,Swedish,Danish,Norwegian,German,USA,American}'::text[]))",
                            "Rows Removed by Filter": 71
                          }
                        ]
                      },
                      {
                        "Node Type": "Seq Scan",
                        "Parent Relationship": "Inner",
                        "Parallel Aware": false,
                        "Relation Name": "info_type",
                        "Alias": "it1",
                        "Startup Cost": 0.0,
                        "Total Cost": 2.41,
                        "Plan Rows": 1,
                        "Plan Width": 4,
                        "Actual Startup Time": 0.004,
                        "Actual Total Time": 0.005,
                        "Actual Rows": 1,
                        "Actual Loops": 4709,
                        "Filter": "((info)::text = 'countries'::text)",
                        "Rows Removed by Filter": 20
                      }
                    ]
                  },
                  {
                    "Node Type": "Index Scan",
                    "Parent Relationship": "Inner",
                    "Parallel Aware": false,
                    "Scan Direction": "Forward",
                    "Index Name": "movie_id_movie_companies",
                    "Relation Name": "movie_companies",
                    "Alias": "mc",
                    "Startup Cost": 0.43,
                    "Total Cost": 0.54,
                    "Plan Rows": 5,
                    "Plan Width": 12,
                    "Actual Startup Time": 0.012,
                    "Actual Total Time": 0.022,
                    "Actual Rows": 16,
                    "Actual Loops": 4115,
                    "Index Cond": "(movie_id = mk.movie_id)",
                    "Rows Removed by Index Recheck": 0
                  }
                ]
              },
              {
                "Node Type": "Index Scan",
                "Parent Relationship": "Inner",
                "Parallel Aware": false,
                "Scan Direction": "Forward",
                "Index Name": "company_name_pkey",
                "Relation Name": "company_name",
                "Alias": "cn",
                "Startup Cost": 0.42,
                "Total Cost": 0.45,
                "Plan Rows": 1,
                "Plan Width": 23,
                "Actual Startup Time": 0.004,
                "Actual Total Time": 0.004,
                "Actual Rows": 1,
                "Actual Loops": 64848,
                "Index Cond": "(id = mc.company_id)",
                "Rows Removed by Index Recheck": 0,
                "Filter": "((country_code)::text <> '[us]'::text)",
                "Rows Removed by Filter": 0
              }
            ]
          },
          {
            "Node Type": "Seq Scan",
            "Parent Relationship": "Inner",
            "Parallel Aware": false,
            "Relation Name": "company_type",
            "Alias": "ct",
            "Startup Cost": 0.0,
            "Total Cost": 1.04,
            "Plan Rows": 4,
            "Plan Width": 4,
            "Actual Startup Time": 0.001,
            "Actual Total Time": 0.001,
            "Actual Rows": 1,
            "Actual Loops": 46281
          }
        ]
      }
    ]
  },
  "Planning Time": 70.766,
  "Triggers": [],
  "Execution Time": 1752.898
}