[
  {
    "Plan": {
      "Node Type": "Aggregate",
      "Strategy": "Plain",
      "Partial Mode": "Finalize",
      "Parallel Aware": false,
      "Startup Cost": 384771.47,
      "Total Cost": 384771.48,
      "Plan Rows": 1,
      "Plan Width": 8,
      "Actual Startup Time": 1192.523,
      "Actual Total Time": 1256.506,
      "Actual Rows": 1,
      "Actual Loops": 1,
      "Plans": [
        {
          "Node Type": "Gather",
          "Parent Relationship": "Outer",
          "Parallel Aware": false,
          "Startup Cost": 384770.84,
          "Total Cost": 384771.45,
          "Plan Rows": 6,
          "Plan Width": 8,
          "Actual Startup Time": 1186.585,
          "Actual Total Time": 1256.496,
          "Actual Rows": 7,
          "Actual Loops": 1,
          "Workers Planned": 6,
          "Workers Launched": 6,
          "Single Copy": false,
          "Plans": [
            {
              "Node Type": "Aggregate",
              "Strategy": "Plain",
              "Partial Mode": "Partial",
              "Parent Relationship": "Outer",
              "Parallel Aware": false,
              "Startup Cost": 383770.84,
              "Total Cost": 383770.85,
              "Plan Rows": 1,
              "Plan Width": 8,
              "Actual Startup Time": 1176.084,
              "Actual Total Time": 1176.086,
              "Actual Rows": 1,
              "Actual Loops": 7,
              "Plans": [
                {
                  "Node Type": "Hash Join",
                  "Parent Relationship": "Outer",
                  "Parallel Aware": true,
                  "Join Type": "Inner",
                  "Startup Cost": 47732.16,
                  "Total Cost": 382088.55,
                  "Plan Rows": 672918,
                  "Plan Width": 0,
                  "Actual Startup Time": 125.396,
                  "Actual Total Time": 1151.93,
                  "Actual Rows": 553797,
                  "Actual Loops": 7,
                  "Inner Unique": true,
                  "Hash Cond": "(ci.movie_id = t.id)",
                  "Plans": [
                    {
                      "Node Type": "Seq Scan",
                      "Parent Relationship": "Outer",
                      "Parallel Aware": true,
                      "Relation Name": "cast_info",
                      "Alias": "ci",
                      "Startup Cost": 0.0,
                      "Total Cost": 328162.03,
                      "Plan Rows": 2359752,
                      "Plan Width": 4,
                      "Actual Startup Time": 0.023,
                      "Actual Total Time": 542.566,
                      "Actual Rows": 2022219,
                      "Actual Loops": 7,
                      "Filter": "(person_id < 1393819)",
                      "Rows Removed by Filter": 3155545
                    },
                    {
                      "Node Type": "Hash",
                      "Parent Relationship": "Inner",
                      "Parallel Aware": true,
                      "Startup Cost": 45479.1,
                      "Total Cost": 45479.1,
                      "Plan Rows": 180245,
                      "Plan Width": 4,
                      "Actual Startup Time": 122.043,
                      "Actual Total Time": 122.044,
                      "Actual Rows": 88612,
                      "Actual Loops": 7,
                      "Hash Buckets": 1048576,
                      "Original Hash Buckets": 1048576,
                      "Hash Batches": 1,
                      "Original Hash Batches": 1,
                      "Peak Memory Usage": 32576,
                      "Plans": [
                        {
                          "Node Type": "Seq Scan",
                          "Parent Relationship": "Outer",
                          "Parallel Aware": true,
                          "Relation Name": "title",
                          "Alias": "t",
                          "Startup Cost": 0.0,
                          "Total Cost": 45479.1,
                          "Plan Rows": 180245,
                          "Plan Width": 4,
                          "Actual Startup Time": 0.04,
                          "Actual Total Time": 78.853,
                          "Actual Rows": 88612,
                          "Actual Loops": 7,
                          "Filter": "((kind_id < 7) AND (production_year > 1986))",
                          "Rows Removed by Filter": 272576
                        }
                      ]
                    }
                  ]
                }
              ]
            }
          ]
        }
      ]
    },
    "Planning Time": 0.605,
    "Triggers": [],
    "Execution Time": 1256.592
  }
]