[
  {
    "Plan": {
      "Node Type": "Aggregate",
      "Strategy": "Plain",
      "Partial Mode": "Finalize",
      "Parallel Aware": false,
      "Startup Cost": 341096.75,
      "Total Cost": 341096.76,
      "Plan Rows": 1,
      "Plan Width": 8,
      "Actual Startup Time": 830.781,
      "Actual Total Time": 890.97,
      "Actual Rows": 1,
      "Actual Loops": 1,
      "Plans": [
        {
          "Node Type": "Gather",
          "Parent Relationship": "Outer",
          "Parallel Aware": false,
          "Startup Cost": 341096.12,
          "Total Cost": 341096.73,
          "Plan Rows": 6,
          "Plan Width": 8,
          "Actual Startup Time": 830.66,
          "Actual Total Time": 890.958,
          "Actual Rows": 7,
          "Actual Loops": 1,
          "Workers Planned": 6,
          "Workers Launched": 6,
          "Single Copy": false,
          "Plans": [
            {
              "Node Type": "Aggregate",
              "Strategy": "Plain",
              "Partial Mode": "Partial",
              "Parent Relationship": "Outer",
              "Parallel Aware": false,
              "Startup Cost": 340096.12,
              "Total Cost": 340096.14,
              "Plan Rows": 1,
              "Plan Width": 8,
              "Actual Startup Time": 822.132,
              "Actual Total Time": 822.133,
              "Actual Rows": 1,
              "Actual Loops": 7,
              "Plans": [
                {
                  "Node Type": "Seq Scan",
                  "Parent Relationship": "Outer",
                  "Parallel Aware": true,
                  "Relation Name": "cast_info",
                  "Alias": "ci",
                  "Startup Cost": 0.0,
                  "Total Cost": 328162.03,
                  "Plan Rows": 4773640,
                  "Plan Width": 0,
                  "Actual Startup Time": 0.051,
                  "Actual Total Time": 639.131,
                  "Actual Rows": 4106173,
                  "Actual Loops": 7,
                  "Filter": "(person_id < 2922184)",
                  "Rows Removed by Filter": 1071591
                }
              ]
            }
          ]
        }
      ]
    },
    "Planning Time": 0.191,
    "Triggers": [],
    "Execution Time": 891.037
  }
]