{
  "Plan": {
    "Node Type": "Aggregate",
    "Strategy": "Plain",
    "Partial Mode": "Finalize",
    "Parallel Aware": false,
    "Startup Cost": 233376.28,
    "Total Cost": 233376.29,
    "Plan Rows": 1,
    "Plan Width": 8,
    "Actual Startup Time": 1177.813,
    "Actual Total Time": 1204.537,
    "Actual Rows": 1,
    "Actual Loops": 1,
    "Plans": [
      {
        "Node Type": "Gather",
        "Parent Relationship": "Outer",
        "Parallel Aware": false,
        "Startup Cost": 233376.16,
        "Total Cost": 233376.27,
        "Plan Rows": 1,
        "Plan Width": 8,
        "Actual Startup Time": 1177.546,
        "Actual Total Time": 1204.528,
        "Actual Rows": 2,
        "Actual Loops": 1,
        "Workers Planned": 1,
        "Workers Launched": 1,
        "Single Copy": false,
        "Plans": [
          {
            "Node Type": "Aggregate",
            "Strategy": "Plain",
            "Partial Mode": "Partial",
            "Parent Relationship": "Outer",
            "Parallel Aware": false,
            "Startup Cost": 232376.16,
            "Total Cost": 232376.17,
            "Plan Rows": 1,
            "Plan Width": 8,
            "Actual Startup Time": 1171.566,
            "Actual Total Time": 1171.568,
            "Actual Rows": 1,
            "Actual Loops": 2,
            "Plans": [
              {
                "Node Type": "Nested Loop",
                "Parent Relationship": "Outer",
                "Parallel Aware": false,
                "Join Type": "Inner",
                "Startup Cost": 3.42,
                "Total Cost": 232122.11,
                "Plan Rows": 101622,
                "Plan Width": 0,
                "Actual Startup Time": 5.521,
                "Actual Total Time": 1157.375,
                "Actual Rows": 313138,
                "Actual Loops": 2,
                "Inner Unique": false,
                "Plans": [
                  {
                    "Node Type": "Merge Join",
                    "Parent Relationship": "Outer",
                    "Parallel Aware": false,
                    "Join Type": "Inner",
                    "Startup Cost": 2.99,
                    "Total Cost": 164098.96,
                    "Plan Rows": 98474,
                    "Plan Width": 8,
                    "Actual Startup Time": 5.41,
                    "Actual Total Time": 893.387,
                    "Actual Rows": 103486,
                    "Actual Loops": 2,
                    "Inner Unique": false,
                    "Merge Cond": "(t.id = mi_idx.movie_id)",
                    "Plans": [
                      {
                        "Node Type": "Index Scan",
                        "Parent Relationship": "Outer",
                        "Parallel Aware": true,
                        "Scan Direction": "Forward",
                        "Index Name": "title_pkey",
                        "Relation Name": "title",
                        "Alias": "t",
                        "Startup Cost": 0.43,
                        "Total Cost": 103647.43,
                        "Plan Rows": 540361,
                        "Plan Width": 4,
                        "Actual Startup Time": 1.369,
                        "Actual Total Time": 636.169,
                        "Actual Rows": 461920,
                        "Actual Loops": 2,
                        "Filter": "(production_year < 1998)",
                        "Rows Removed by Filter": 801048
                      },
                      {
                        "Node Type": "Index Scan",
                        "Parent Relationship": "Inner",
                        "Parallel Aware": false,
                        "Scan Direction": "Forward",
                        "Index Name": "movie_id_movie_info_idx",
                        "Relation Name": "movie_info_idx",
                        "Alias": "mi_idx",
                        "Startup Cost": 0.43,
                        "Total Cost": 57070.31,
                        "Plan Rows": 460748,
                        "Plan Width": 4,
                        "Actual Startup Time": 0.123,
                        "Actual Total Time": 198.252,
                        "Actual Rows": 459925,
                        "Actual Loops": 2,
                        "Filter": "(info_type_id = 101)",
                        "Rows Removed by Filter": 920110
                      }
                    ]
                  },
                  {
                    "Node Type": "Index Only Scan",
                    "Parent Relationship": "Inner",
                    "Parallel Aware": false,
                    "Scan Direction": "Forward",
                    "Index Name": "movie_id_movie_companies",
                    "Relation Name": "movie_companies",
                    "Alias": "mc",
                    "Startup Cost": 0.43,
                    "Total Cost": 0.64,
                    "Plan Rows": 5,
                    "Plan Width": 4,
                    "Actual Startup Time": 0.002,
                    "Actual Total Time": 0.002,
                    "Actual Rows": 3,
                    "Actual Loops": 206972,
                    "Index Cond": "(movie_id = t.id)",
                    "Rows Removed by Index Recheck": 0,
                    "Heap Fetches": 626275
                  }
                ]
              }
            ]
          }
        ]
      }
    ]
  },
  "Planning Time": 1.166,
  "Triggers": [],
  "Execution Time": 1204.647
}