[
  {
    "Plan": {
      "Node Type": "Aggregate",
      "Strategy": "Plain",
      "Partial Mode": "Finalize",
      "Parallel Aware": false,
      "Startup Cost": 34098.3,
      "Total Cost": 34098.31,
      "Plan Rows": 1,
      "Plan Width": 8,
      "Actual Startup Time": 97.295,
      "Actual Total Time": 105.299,
      "Actual Rows": 1,
      "Actual Loops": 1,
      "Plans": [
        {
          "Node Type": "Gather",
          "Parent Relationship": "Outer",
          "Parallel Aware": false,
          "Startup Cost": 34097.98,
          "Total Cost": 34098.29,
          "Plan Rows": 3,
          "Plan Width": 8,
          "Actual Startup Time": 96.98,
          "Actual Total Time": 105.29,
          "Actual Rows": 4,
          "Actual Loops": 1,
          "Workers Planned": 3,
          "Workers Launched": 3,
          "Single Copy": false,
          "Plans": [
            {
              "Node Type": "Aggregate",
              "Strategy": "Plain",
              "Partial Mode": "Partial",
              "Parent Relationship": "Outer",
              "Parallel Aware": false,
              "Startup Cost": 33097.98,
              "Total Cost": 33097.99,
              "Plan Rows": 1,
              "Plan Width": 8,
              "Actual Startup Time": 91.034,
              "Actual Total Time": 91.036,
              "Actual Rows": 1,
              "Actual Loops": 4,
              "Plans": [
                {
                  "Node Type": "Bitmap Heap Scan",
                  "Parent Relationship": "Outer",
                  "Parallel Aware": true,
                  "Relation Name": "movie_keyword",
                  "Alias": "mk",
                  "Startup Cost": 7039.03,
                  "Total Cost": 32830.49,
                  "Plan Rows": 106997,
                  "Plan Width": 0,
                  "Actual Startup Time": 23.773,
                  "Actual Total Time": 85.911,
                  "Actual Rows": 83055,
                  "Actual Loops": 4,
                  "Recheck Cond": "(keyword_id > 49694)",
                  "Rows Removed by Index Recheck": 0,
                  "Exact Heap Blocks": 10167,
                  "Lossy Heap Blocks": 0,
                  "Plans": [
                    {
                      "Node Type": "Bitmap Index Scan",
                      "Parent Relationship": "Outer",
                      "Parallel Aware": false,
                      "Index Name": "keyword_id_movie_keyword",
                      "Startup Cost": 0.0,
                      "Total Cost": 6956.11,
                      "Plan Rows": 331690,
                      "Plan Width": 0,
                      "Actual Startup Time": 26.075,
                      "Actual Total Time": 26.076,
                      "Actual Rows": 332220,
                      "Actual Loops": 1,
                      "Index Cond": "(keyword_id > 49694)"
                    }
                  ]
                }
              ]
            }
          ]
        }
      ]
    },
    "Planning Time": 0.098,
    "Triggers": [],
    "Execution Time": 105.344
  }
]