[
  {
    "Plan": {
      "Node Type": "Aggregate",
      "Strategy": "Plain",
      "Partial Mode": "Finalize",
      "Parallel Aware": false,
      "Startup Cost": 628580.96,
      "Total Cost": 628580.97,
      "Plan Rows": 1,
      "Plan Width": 8,
      "Actual Startup Time": 11320.037,
      "Actual Total Time": 11401.203,
      "Actual Rows": 1,
      "Actual Loops": 1,
      "Plans": [
        {
          "Node Type": "Gather",
          "Parent Relationship": "Outer",
          "Parallel Aware": false,
          "Startup Cost": 628580.33,
          "Total Cost": 628580.94,
          "Plan Rows": 6,
          "Plan Width": 8,
          "Actual Startup Time": 11287.696,
          "Actual Total Time": 11401.19,
          "Actual Rows": 7,
          "Actual Loops": 1,
          "Workers Planned": 6,
          "Workers Launched": 6,
          "Single Copy": false,
          "Plans": [
            {
              "Node Type": "Aggregate",
              "Strategy": "Plain",
              "Partial Mode": "Partial",
              "Parent Relationship": "Outer",
              "Parallel Aware": false,
              "Startup Cost": 627580.33,
              "Total Cost": 627580.34,
              "Plan Rows": 1,
              "Plan Width": 8,
              "Actual Startup Time": 11266.916,
              "Actual Total Time": 11267.58,
              "Actual Rows": 1,
              "Actual Loops": 7,
              "Plans": [
                {
                  "Node Type": "Hash Join",
                  "Parent Relationship": "Outer",
                  "Parallel Aware": true,
                  "Join Type": "Inner",
                  "Startup Cost": 255165.03,
                  "Total Cost": 607188.23,
                  "Plan Rows": 8156840,
                  "Plan Width": 0,
                  "Actual Startup Time": 1530.777,
                  "Actual Total Time": 9557.22,
                  "Actual Rows": 42849476,
                  "Actual Loops": 7,
                  "Inner Unique": false,
                  "Hash Cond": "(ci.movie_id = t.id)",
                  "Plans": [
                    {
                      "Node Type": "Seq Scan",
                      "Parent Relationship": "Outer",
                      "Parallel Aware": true,
                      "Relation Name": "cast_info",
                      "Alias": "ci",
                      "Startup Cost": 0.0,
                      "Total Cost": 313067.02,
                      "Plan Rows": 6038002,
                      "Plan Width": 4,
                      "Actual Startup Time": 0.021,
                      "Actual Total Time": 521.09,
                      "Actual Rows": 5177763,
                      "Actual Loops": 7
                    },
                    {
                      "Node Type": "Hash",
                      "Parent Relationship": "Inner",
                      "Parallel Aware": true,
                      "Startup Cost": 246626.24,
                      "Total Cost": 246626.24,
                      "Plan Rows": 683103,
                      "Plan Width": 8,
                      "Actual Startup Time": 1523.964,
                      "Actual Total Time": 1524.626,
                      "Actual Rows": 1096133,
                      "Actual Loops": 7,
                      "Hash Buckets": 8388608,
                      "Original Hash Buckets": 4194304,
                      "Hash Batches": 1,
                      "Original Hash Batches": 1,
                      "Peak Memory Usage": 398560,
                      "Plans": [
                        {
                          "Node Type": "Hash Join",
                          "Parent Relationship": "Outer",
                          "Parallel Aware": true,
                          "Join Type": "Inner",
                          "Startup Cost": 47304.47,
                          "Total Cost": 246626.24,
                          "Plan Rows": 683103,
                          "Plan Width": 8,
                          "Actual Startup Time": 132.304,
                          "Actual Total Time": 980.496,
                          "Actual Rows": 1096133,
                          "Actual Loops": 7,
                          "Inner Unique": true,
                          "Hash Cond": "(mi.movie_id = t.id)",
                          "Plans": [
                            {
                              "Node Type": "Seq Scan",
                              "Parent Relationship": "Outer",
                              "Parallel Aware": true,
                              "Relation Name": "movie_info",
                              "Alias": "mi",
                              "Startup Cost": 0.0,
                              "Total Cost": 191560.33,
                              "Plan Rows": 2956733,
                              "Plan Width": 4,
                              "Actual Startup Time": 0.027,
                              "Actual Total Time": 297.349,
                              "Actual Rows": 2119389,
                              "Actual Loops": 7
                            },
                            {
                              "Node Type": "Hash",
                              "Parent Relationship": "Inner",
                              "Parallel Aware": true,
                              "Startup Cost": 45479.1,
                              "Total Cost": 45479.1,
                              "Plan Rows": 146030,
                              "Plan Width": 4,
                              "Actual Startup Time": 118.684,
                              "Actual Total Time": 118.685,
                              "Actual Rows": 84961,
                              "Actual Loops": 7,
                              "Hash Buckets": 1048576,
                              "Original Hash Buckets": 1048576,
                              "Hash Batches": 1,
                              "Original Hash Batches": 1,
                              "Peak Memory Usage": 31552,
                              "Plans": [
                                {
                                  "Node Type": "Seq Scan",
                                  "Parent Relationship": "Outer",
                                  "Parallel Aware": true,
                                  "Relation Name": "title",
                                  "Alias": "t",
                                  "Startup Cost": 0.0,
                                  "Total Cost": 45479.1,
                                  "Plan Rows": 146030,
                                  "Plan Width": 4,
                                  "Actual Startup Time": 47.565,
                                  "Actual Total Time": 79.16,
                                  "Actual Rows": 84961,
                                  "Actual Loops": 7,
                                  "Filter": "((production_year < 2012) AND (kind_id = 1))",
                                  "Rows Removed by Filter": 276226
                                }
                              ]
                            }
                          ]
                        }
                      ]
                    }
                  ]
                }
              ]
            }
          ]
        }
      ]
    },
    "Planning Time": 1.323,
    "Triggers": [],
    "Execution Time": 11401.315
  }
]