[
  {
    "Plan": {
      "Node Type": "Aggregate",
      "Strategy": "Plain",
      "Partial Mode": "Finalize",
      "Parallel Aware": false,
      "Startup Cost": 224838.59,
      "Total Cost": 224838.6,
      "Plan Rows": 1,
      "Plan Width": 8,
      "Actual Startup Time": 1142.888,
      "Actual Total Time": 1219.799,
      "Actual Rows": 1,
      "Actual Loops": 1,
      "Plans": [
        {
          "Node Type": "Gather",
          "Parent Relationship": "Outer",
          "Parallel Aware": false,
          "Startup Cost": 224838.27,
          "Total Cost": 224838.58,
          "Plan Rows": 3,
          "Plan Width": 8,
          "Actual Startup Time": 1141.326,
          "Actual Total Time": 1219.792,
          "Actual Rows": 4,
          "Actual Loops": 1,
          "Workers Planned": 3,
          "Workers Launched": 3,
          "Single Copy": false,
          "Plans": [
            {
              "Node Type": "Aggregate",
              "Strategy": "Plain",
              "Partial Mode": "Partial",
              "Parent Relationship": "Outer",
              "Parallel Aware": false,
              "Startup Cost": 223838.27,
              "Total Cost": 223838.28,
              "Plan Rows": 1,
              "Plan Width": 8,
              "Actual Startup Time": 1131.632,
              "Actual Total Time": 1131.635,
              "Actual Rows": 1,
              "Actual Loops": 4,
              "Plans": [
                {
                  "Node Type": "Nested Loop",
                  "Parent Relationship": "Outer",
                  "Parallel Aware": false,
                  "Join Type": "Inner",
                  "Startup Cost": 47293.34,
                  "Total Cost": 222620.11,
                  "Plan Rows": 487266,
                  "Plan Width": 0,
                  "Actual Startup Time": 208.046,
                  "Actual Total Time": 1094.93,
                  "Actual Rows": 703537,
                  "Actual Loops": 4,
                  "Inner Unique": false,
                  "Plans": [
                    {
                      "Node Type": "Hash Join",
                      "Parent Relationship": "Outer",
                      "Parallel Aware": true,
                      "Join Type": "Inner",
                      "Startup Cost": 47292.77,
                      "Total Cost": 79096.45,
                      "Plan Rows": 34005,
                      "Plan Width": 8,
                      "Actual Startup Time": 207.945,
                      "Actual Total Time": 312.797,
                      "Actual Rows": 26186,
                      "Actual Loops": 4,
                      "Inner Unique": true,
                      "Hash Cond": "(mc.movie_id = t.id)",
                      "Plans": [
                        {
                          "Node Type": "Seq Scan",
                          "Parent Relationship": "Outer",
                          "Parallel Aware": true,
                          "Relation Name": "movie_companies",
                          "Alias": "mc",
                          "Startup Cost": 0.0,
                          "Total Cost": 31414.82,
                          "Plan Rows": 148138,
                          "Plan Width": 4,
                          "Actual Startup Time": 30.658,
                          "Actual Total Time": 68.55,
                          "Actual Rows": 196742,
                          "Actual Loops": 4,
                          "Filter": "((company_id > 20392) AND (company_type_id > 1))",
                          "Rows Removed by Filter": 455541
                        },
                        {
                          "Node Type": "Hash",
                          "Parent Relationship": "Inner",
                          "Parallel Aware": true,
                          "Startup Cost": 45479.1,
                          "Total Cost": 45479.1,
                          "Plan Rows": 145094,
                          "Plan Width": 4,
                          "Actual Startup Time": 172.056,
                          "Actual Total Time": 172.057,
                          "Actual Rows": 150633,
                          "Actual Loops": 4,
                          "Hash Buckets": 1048576,
                          "Original Hash Buckets": 1048576,
                          "Hash Batches": 1,
                          "Original Hash Batches": 1,
                          "Peak Memory Usage": 31808,
                          "Plans": [
                            {
                              "Node Type": "Seq Scan",
                              "Parent Relationship": "Outer",
                              "Parallel Aware": true,
                              "Relation Name": "title",
                              "Alias": "t",
                              "Startup Cost": 0.0,
                              "Total Cost": 45479.1,
                              "Plan Rows": 145094,
                              "Plan Width": 4,
                              "Actual Startup Time": 0.045,
                              "Actual Total Time": 106.514,
                              "Actual Rows": 150633,
                              "Actual Loops": 4,
                              "Filter": "((kind_id > 1) AND (production_year > 2007))",
                              "Rows Removed by Filter": 481445
                            }
                          ]
                        }
                      ]
                    },
                    {
                      "Node Type": "Index Only Scan",
                      "Parent Relationship": "Inner",
                      "Parallel Aware": false,
                      "Scan Direction": "Forward",
                      "Index Name": "movie_id_cast_info",
                      "Relation Name": "cast_info",
                      "Alias": "ci",
                      "Startup Cost": 0.56,
                      "Total Cost": 3.85,
                      "Plan Rows": 37,
                      "Plan Width": 4,
                      "Actual Startup Time": 0.005,
                      "Actual Total Time": 0.028,
                      "Actual Rows": 27,
                      "Actual Loops": 104743,
                      "Index Cond": "(movie_id = t.id)",
                      "Rows Removed by Index Recheck": 0,
                      "Heap Fetches": 2814149
                    }
                  ]
                }
              ]
            }
          ]
        }
      ]
    },
    "Planning Time": 1.439,
    "Triggers": [],
    "Execution Time": 1219.901
  }
]