[
  {
    "Plan": {
      "Node Type": "Aggregate",
      "Strategy": "Plain",
      "Partial Mode": "Finalize",
      "Parallel Aware": false,
      "Startup Cost": 93341.91,
      "Total Cost": 93341.92,
      "Plan Rows": 1,
      "Plan Width": 8,
      "Actual Startup Time": 349.816,
      "Actual Total Time": 370.301,
      "Actual Rows": 1,
      "Actual Loops": 1,
      "Plans": [
        {
          "Node Type": "Gather",
          "Parent Relationship": "Outer",
          "Parallel Aware": false,
          "Startup Cost": 93341.59,
          "Total Cost": 93341.9,
          "Plan Rows": 3,
          "Plan Width": 8,
          "Actual Startup Time": 347.898,
          "Actual Total Time": 370.292,
          "Actual Rows": 4,
          "Actual Loops": 1,
          "Workers Planned": 3,
          "Workers Launched": 3,
          "Single Copy": false,
          "Plans": [
            {
              "Node Type": "Aggregate",
              "Strategy": "Plain",
              "Partial Mode": "Partial",
              "Parent Relationship": "Outer",
              "Parallel Aware": false,
              "Startup Cost": 92341.59,
              "Total Cost": 92341.6,
              "Plan Rows": 1,
              "Plan Width": 8,
              "Actual Startup Time": 340.645,
              "Actual Total Time": 340.651,
              "Actual Rows": 1,
              "Actual Loops": 4,
              "Plans": [
                {
                  "Node Type": "Hash Join",
                  "Parent Relationship": "Outer",
                  "Parallel Aware": true,
                  "Join Type": "Inner",
                  "Startup Cost": 47025.8,
                  "Total Cost": 91929.99,
                  "Plan Rows": 164643,
                  "Plan Width": 0,
                  "Actual Startup Time": 149.502,
                  "Actual Total Time": 338.169,
                  "Actual Rows": 47507,
                  "Actual Loops": 4,
                  "Inner Unique": true,
                  "Hash Cond": "(mk.movie_id = t.id)",
                  "Plans": [
                    {
                      "Node Type": "Seq Scan",
                      "Parent Relationship": "Outer",
                      "Parallel Aware": true,
                      "Relation Name": "movie_keyword",
                      "Alias": "mk",
                      "Startup Cost": 0.0,
                      "Total Cost": 42695.65,
                      "Plan Rows": 841346,
                      "Plan Width": 4,
                      "Actual Startup Time": 0.236,
                      "Actual Total Time": 121.616,
                      "Actual Rows": 651268,
                      "Actual Loops": 4,
                      "Filter": "(keyword_id > 3305)",
                      "Rows Removed by Filter": 479714
                    },
                    {
                      "Node Type": "Hash",
                      "Parent Relationship": "Inner",
                      "Parallel Aware": true,
                      "Startup Cost": 45479.59,
                      "Total Cost": 45479.59,
                      "Plan Rows": 123697,
                      "Plan Width": 4,
                      "Actual Startup Time": 146.244,
                      "Actual Total Time": 146.245,
                      "Actual Rows": 92145,
                      "Actual Loops": 4,
                      "Hash Buckets": 524288,
                      "Original Hash Buckets": 524288,
                      "Hash Batches": 1,
                      "Original Hash Batches": 1,
                      "Peak Memory Usage": 18560,
                      "Plans": [
                        {
                          "Node Type": "Seq Scan",
                          "Parent Relationship": "Outer",
                          "Parallel Aware": true,
                          "Relation Name": "title",
                          "Alias": "t",
                          "Startup Cost": 0.0,
                          "Total Cost": 45479.59,
                          "Plan Rows": 123697,
                          "Plan Width": 4,
                          "Actual Startup Time": 0.032,
                          "Actual Total Time": 111.253,
                          "Actual Rows": 92145,
                          "Actual Loops": 4,
                          "Filter": "((kind_id > 1) AND (production_year < 1990))",
                          "Rows Removed by Filter": 539933
                        }
                      ]
                    }
                  ]
                }
              ]
            }
          ]
        }
      ]
    },
    "Planning Time": 0.389,
    "Triggers": [],
    "Execution Time": 370.35
  }
]