[
  {
    "Plan": {
      "Node Type": "Aggregate",
      "Strategy": "Plain",
      "Partial Mode": "Finalize",
      "Parallel Aware": false,
      "Startup Cost": 549259.41,
      "Total Cost": 549259.42,
      "Plan Rows": 1,
      "Plan Width": 64,
      "Actual Startup Time": 2782.091,
      "Actual Total Time": 2911.021,
      "Actual Rows": 1,
      "Actual Loops": 1,
      "Plans": [
        {
          "Node Type": "Gather",
          "Parent Relationship": "Outer",
          "Parallel Aware": false,
          "Startup Cost": 549259.08,
          "Total Cost": 549259.39,
          "Plan Rows": 3,
          "Plan Width": 64,
          "Actual Startup Time": 2778.095,
          "Actual Total Time": 2911.003,
          "Actual Rows": 4,
          "Actual Loops": 1,
          "Workers Planned": 3,
          "Workers Launched": 3,
          "Single Copy": false,
          "Plans": [
            {
              "Node Type": "Aggregate",
              "Strategy": "Plain",
              "Partial Mode": "Partial",
              "Parent Relationship": "Outer",
              "Parallel Aware": false,
              "Startup Cost": 548259.08,
              "Total Cost": 548259.09,
              "Plan Rows": 1,
              "Plan Width": 64,
              "Actual Startup Time": 2767.672,
              "Actual Total Time": 2767.752,
              "Actual Rows": 1,
              "Actual Loops": 4,
              "Plans": [
                {
                  "Node Type": "Hash Join",
                  "Parent Relationship": "Outer",
                  "Parallel Aware": true,
                  "Join Type": "Inner",
                  "Startup Cost": 532864.19,
                  "Total Cost": 548258.12,
                  "Plan Rows": 192,
                  "Plan Width": 33,
                  "Actual Startup Time": 2693.191,
                  "Actual Total Time": 2763.531,
                  "Actual Rows": 54009,
                  "Actual Loops": 4,
                  "Inner Unique": false,
                  "Hash Cond": "(an.person_id = n.id)",
                  "Plans": [
                    {
                      "Node Type": "Seq Scan",
                      "Parent Relationship": "Outer",
                      "Parallel Aware": true,
                      "Relation Name": "aka_name",
                      "Alias": "an",
                      "Startup Cost": 0.0,
                      "Total Cost": 14303.56,
                      "Plan Rows": 290756,
                      "Plan Width": 20,
                      "Actual Startup Time": 0.022,
                      "Actual Total Time": 35.029,
                      "Actual Rows": 225336,
                      "Actual Loops": 4
                    },
                    {
                      "Node Type": "Hash",
                      "Parent Relationship": "Inner",
                      "Parallel Aware": true,
                      "Startup Cost": 532863.4,
                      "Total Cost": 532863.4,
                      "Plan Rows": 63,
                      "Plan Width": 25,
                      "Actual Startup Time": 2692.416,
                      "Actual Total Time": 2692.494,
                      "Actual Rows": 38588,
                      "Actual Loops": 4,
                      "Hash Buckets": 262144,
                      "Original Hash Buckets": 1024,
                      "Hash Batches": 1,
                      "Original Hash Batches": 1,
                      "Peak Memory Usage": 14200,
                      "Plans": [
                        {
                          "Node Type": "Hash Join",
                          "Parent Relationship": "Outer",
                          "Parallel Aware": true,
                          "Join Type": "Inner",
                          "Startup Cost": 462925.45,
                          "Total Cost": 532863.4,
                          "Plan Rows": 63,
                          "Plan Width": 25,
                          "Actual Startup Time": 2371.821,
                          "Actual Total Time": 2653.3,
                          "Actual Rows": 38588,
                          "Actual Loops": 4,
                          "Inner Unique": false,
                          "Hash Cond": "(n.id = ci.person_id)",
                          "Plans": [
                            {
                              "Node Type": "Seq Scan",
                              "Parent Relationship": "Outer",
                              "Parallel Aware": true,
                              "Relation Name": "name",
                              "Alias": "n",
                              "Startup Cost": 0.0,
                              "Total Cost": 66031.07,
                              "Plan Rows": 1041807,
                              "Plan Width": 4,
                              "Actual Startup Time": 0.016,
                              "Actual Total Time": 143.047,
                              "Actual Rows": 1041873,
                              "Actual Loops": 4
                            },
                            {
                              "Node Type": "Hash",
                              "Parent Relationship": "Inner",
                              "Parallel Aware": true,
                              "Startup Cost": 462924.92,
                              "Total Cost": 462924.92,
                              "Plan Rows": 42,
                              "Plan Width": 21,
                              "Actual Startup Time": 2371.668,
                              "Actual Total Time": 2371.745,
                              "Actual Rows": 38588,
                              "Actual Loops": 4,
                              "Hash Buckets": 262144,
                              "Original Hash Buckets": 1024,
                              "Hash Batches": 1,
                              "Original Hash Batches": 1,
                              "Peak Memory Usage": 13624,
                              "Plans": [
                                {
                                  "Node Type": "Hash Join",
                                  "Parent Relationship": "Outer",
                                  "Parallel Aware": true,
                                  "Join Type": "Inner",
                                  "Startup Cost": 127213.04,
                                  "Total Cost": 462924.92,
                                  "Plan Rows": 42,
                                  "Plan Width": 21,
                                  "Actual Startup Time": 608.332,
                                  "Actual Total Time": 2295.254,
                                  "Actual Rows": 38588,
                                  "Actual Loops": 4,
                                  "Inner Unique": false,
                                  "Hash Cond": "(ci.movie_id = t.id)",
                                  "Plans": [
                                    {
                                      "Node Type": "Seq Scan",
                                      "Parent Relationship": "Outer",
                                      "Parallel Aware": true,
                                      "Relation Name": "cast_info",
                                      "Alias": "ci",
                                      "Startup Cost": 0.0,
                                      "Total Cost": 313068.58,
                                      "Plan Rows": 6038158,
                                      "Plan Width": 8,
                                      "Actual Startup Time": 0.024,
                                      "Actual Total Time": 925.34,
                                      "Actual Rows": 9061086,
                                      "Actual Loops": 4
                                    },
                                    {
                                      "Node Type": "Hash",
                                      "Parent Relationship": "Inner",
                                      "Parallel Aware": true,
                                      "Startup Cost": 127212.93,
                                      "Total Cost": 127212.93,
                                      "Plan Rows": 9,
                                      "Plan Width": 29,
                                      "Actual Startup Time": 607.979,
                                      "Actual Total Time": 608.052,
                                      "Actual Rows": 1349,
                                      "Actual Loops": 4,
                                      "Hash Buckets": 8192,
                                      "Original Hash Buckets": 1024,
                                      "Hash Batches": 1,
                                      "Original Hash Batches": 1,
                                      "Peak Memory Usage": 568,
                                      "Plans": [
                                        {
                                          "Node Type": "Hash Join",
                                          "Parent Relationship": "Outer",
                                          "Parallel Aware": true,
                                          "Join Type": "Inner",
                                          "Startup Cost": 121925.94,
                                          "Total Cost": 127212.93,
                                          "Plan Rows": 9,
                                          "Plan Width": 29,
                                          "Actual Startup Time": 586.5,
                                          "Actual Total Time": 597.413,
                                          "Actual Rows": 1349,
                                          "Actual Loops": 4,
                                          "Inner Unique": false,
                                          "Hash Cond": "(cn.id = mc.company_id)",
                                          "Plans": [
                                            {
                                              "Node Type": "Seq Scan",
                                              "Parent Relationship": "Outer",
                                              "Parallel Aware": true,
                                              "Relation Name": "company_name",
                                              "Alias": "cn",
                                              "Startup Cost": 0.0,
                                              "Total Cost": 4722.92,
                                              "Plan Rows": 50137,
                                              "Plan Width": 4,
                                              "Actual Startup Time": 0.023,
                                              "Actual Total Time": 8.746,
                                              "Actual Rows": 21211,
                                              "Actual Loops": 4,
                                              "Filter": "((country_code)::text = '[us]'::text)",
                                              "Rows Removed by Filter": 37538
                                            },
                                            {
                                              "Node Type": "Hash",
                                              "Parent Relationship": "Inner",
                                              "Parallel Aware": true,
                                              "Startup Cost": 121925.75,
                                              "Total Cost": 121925.75,
                                              "Plan Rows": 15,
                                              "Plan Width": 33,
                                              "Actual Startup Time": 586.196,
                                              "Actual Total Time": 586.266,
                                              "Actual Rows": 1871,
                                              "Actual Loops": 4,
                                              "Hash Buckets": 8192,
                                              "Original Hash Buckets": 1024,
                                              "Hash Batches": 1,
                                              "Original Hash Batches": 1,
                                              "Peak Memory Usage": 696,
                                              "Plans": [
                                                {
                                                  "Node Type": "Hash Join",
                                                  "Parent Relationship": "Outer",
                                                  "Parallel Aware": true,
                                                  "Join Type": "Inner",
                                                  "Startup Cost": 91562.99,
                                                  "Total Cost": 121925.75,
                                                  "Plan Rows": 15,
                                                  "Plan Width": 33,
                                                  "Actual Startup Time": 441.662,
                                                  "Actual Total Time": 565.48,
                                                  "Actual Rows": 1871,
                                                  "Actual Loops": 4,
                                                  "Inner Unique": false,
                                                  "Hash Cond": "(mc.movie_id = t.id)",
                                                  "Plans": [
                                                    {
                                                      "Node Type": "Seq Scan",
                                                      "Parent Relationship": "Outer",
                                                      "Parallel Aware": true,
                                                      "Relation Name": "movie_companies",
                                                      "Alias": "mc",
                                                      "Startup Cost": 0.0,
                                                      "Total Cost": 27206.55,
                                                      "Plan Rows": 841655,
                                                      "Plan Width": 8,
                                                      "Actual Startup Time": 0.019,
                                                      "Actual Total Time": 67.474,
                                                      "Actual Rows": 652282,
                                                      "Actual Loops": 4
                                                    },
                                                    {
                                                      "Node Type": "Hash",
                                                      "Parent Relationship": "Inner",
                                                      "Parallel Aware": true,
                                                      "Startup Cost": 91562.96,
                                                      "Total Cost": 91562.96,
                                                      "Plan Rows": 2,
                                                      "Plan Width": 25,
                                                      "Actual Startup Time": 441.232,
                                                      "Actual Total Time": 441.298,
                                                      "Actual Rows": 1140,
                                                      "Actual Loops": 4,
                                                      "Hash Buckets": 4096,
                                                      "Original Hash Buckets": 1024,
                                                      "Hash Batches": 1,
                                                      "Original Hash Batches": 1,
                                                      "Peak Memory Usage": 440,
                                                      "Plans": [
                                                        {
                                                          "Node Type": "Hash Join",
                                                          "Parent Relationship": "Outer",
                                                          "Parallel Aware": true,
                                                          "Join Type": "Inner",
                                                          "Startup Cost": 45504.47,
                                                          "Total Cost": 91562.96,
                                                          "Plan Rows": 2,
                                                          "Plan Width": 25,
                                                          "Actual Startup Time": 245.961,
                                                          "Actual Total Time": 395.895,
                                                          "Actual Rows": 1140,
                                                          "Actual Loops": 4,
                                                          "Inner Unique": false,
                                                          "Hash Cond": "(t.id = mk.movie_id)",
                                                          "Plans": [
                                                            {
                                                              "Node Type": "Seq Scan",
                                                              "Parent Relationship": "Outer",
                                                              "Parallel Aware": true,
                                                              "Relation Name": "title",
                                                              "Alias": "t",
                                                              "Startup Cost": 0.0,
                                                              "Total Cost": 45478.74,
                                                              "Plan Rows": 154599,
                                                              "Plan Width": 21,
                                                              "Actual Startup Time": 0.033,
                                                              "Actual Total Time": 128.204,
                                                              "Actual Rows": 155821,
                                                              "Actual Loops": 4,
                                                              "Filter": "((episode_nr >= 2) AND (episode_nr <= 18))",
                                                              "Rows Removed by Filter": 476257
                                                            },
                                                            {
                                                              "Node Type": "Hash",
                                                              "Parent Relationship": "Inner",
                                                              "Parallel Aware": true,
                                                              "Startup Cost": 45504.33,
                                                              "Total Cost": 45504.33,
                                                              "Plan Rows": 11,
                                                              "Plan Width": 4,
                                                              "Actual Startup Time": 245.771,
                                                              "Actual Total Time": 245.778,
                                                              "Actual Rows": 10460,
                                                              "Actual Loops": 4,
                                                              "Hash Buckets": 65536,
                                                              "Original Hash Buckets": 1024,
                                                              "Hash Batches": 1,
                                                              "Original Hash Batches": 1,
                                                              "Peak Memory Usage": 2680,
                                                              "Plans": [
                                                                {
                                                                  "Node Type": "Hash Join",
                                                                  "Parent Relationship": "Outer",
                                                                  "Parallel Aware": false,
                                                                  "Join Type": "Inner",
                                                                  "Startup Cost": 2626.14,
                                                                  "Total Cost": 45504.33,
                                                                  "Plan Rows": 11,
                                                                  "Plan Width": 4,
                                                                  "Actual Startup Time": 25.656,
                                                                  "Actual Total Time": 218.48,
                                                                  "Actual Rows": 10460,
                                                                  "Actual Loops": 4,
                                                                  "Inner Unique": true,
                                                                  "Hash Cond": "(mk.keyword_id = k.id)",
                                                                  "Plans": [
                                                                    {
                                                                      "Node Type": "Seq Scan",
                                                                      "Parent Relationship": "Outer",
                                                                      "Parallel Aware": true,
                                                                      "Relation Name": "movie_keyword",
                                                                      "Alias": "mk",
                                                                      "Startup Cost": 0.0,
                                                                      "Total Cost": 39047.32,
                                                                      "Plan Rows": 1459332,
                                                                      "Plan Width": 8,
                                                                      "Actual Startup Time": 0.051,
                                                                      "Actual Total Time": 119.066,
                                                                      "Actual Rows": 1130982,
                                                                      "Actual Loops": 4
                                                                    },
                                                                    {
                                                                      "Node Type": "Hash",
                                                                      "Parent Relationship": "Inner",
                                                                      "Parallel Aware": false,
                                                                      "Startup Cost": 2626.12,
                                                                      "Total Cost": 2626.12,
                                                                      "Plan Rows": 1,
                                                                      "Plan Width": 4,
                                                                      "Actual Startup Time": 25.539,
                                                                      "Actual Total Time": 25.54,
                                                                      "Actual Rows": 1,
                                                                      "Actual Loops": 4,
                                                                      "Hash Buckets": 1024,
                                                                      "Original Hash Buckets": 1024,
                                                                      "Hash Batches": 1,
                                                                      "Original Hash Batches": 1,
                                                                      "Peak Memory Usage": 9,
                                                                      "Plans": [
                                                                        {
                                                                          "Node Type": "Seq Scan",
                                                                          "Parent Relationship": "Outer",
                                                                          "Parallel Aware": false,
                                                                          "Relation Name": "keyword",
                                                                          "Alias": "k",
                                                                          "Startup Cost": 0.0,
                                                                          "Total Cost": 2626.12,
                                                                          "Plan Rows": 1,
                                                                          "Plan Width": 4,
                                                                          "Actual Startup Time": 1.838,
                                                                          "Actual Total Time": 25.517,
                                                                          "Actual Rows": 1,
                                                                          "Actual Loops": 4,
                                                                          "Filter": "(keyword = 'character-name-in-title'::text)",
                                                                          "Rows Removed by Filter": 134169
                                                                        }
                                                                      ]
                                                                    }
                                                                  ]
                                                                }
                                                              ]
                                                            }
                                                          ]
                                                        }
                                                      ]
                                                    }
                                                  ]
                                                }
                                              ]
                                            }
                                          ]
                                        }
                                      ]
                                    }
                                  ]
                                }
                              ]
                            }
                          ]
                        }
                      ]
                    }
                  ]
                }
              ]
            }
          ]
        }
      ]
    },
    "Planning Time": 10.794,
    "Triggers": [],
    "Execution Time": 2911.426
  }
]