[
  {
    "Plan": {
      "Node Type": "Aggregate",
      "Strategy": "Plain",
      "Partial Mode": "Finalize",
      "Parallel Aware": false,
      "Startup Cost": 285161.98,
      "Total Cost": 285161.99,
      "Plan Rows": 1,
      "Plan Width": 8,
      "Actual Startup Time": 132.235,
      "Actual Total Time": 141.038,
      "Actual Rows": 1,
      "Actual Loops": 1,
      "Plans": [
        {
          "Node Type": "Gather",
          "Parent Relationship": "Outer",
          "Parallel Aware": false,
          "Startup Cost": 285161.35,
          "Total Cost": 285161.96,
          "Plan Rows": 6,
          "Plan Width": 8,
          "Actual Startup Time": 131.444,
          "Actual Total Time": 141.027,
          "Actual Rows": 7,
          "Actual Loops": 1,
          "Workers Planned": 6,
          "Workers Launched": 6,
          "Single Copy": false,
          "Plans": [
            {
              "Node Type": "Aggregate",
              "Strategy": "Plain",
              "Partial Mode": "Partial",
              "Parent Relationship": "Outer",
              "Parallel Aware": false,
              "Startup Cost": 284161.35,
              "Total Cost": 284161.36,
              "Plan Rows": 1,
              "Plan Width": 8,
              "Actual Startup Time": 122.701,
              "Actual Total Time": 122.704,
              "Actual Rows": 1,
              "Actual Loops": 7,
              "Plans": [
                {
                  "Node Type": "Bitmap Heap Scan",
                  "Parent Relationship": "Outer",
                  "Parallel Aware": true,
                  "Relation Name": "cast_info",
                  "Alias": "ci",
                  "Startup Cost": 28083.66,
                  "Total Cost": 283974.28,
                  "Plan Rows": 74829,
                  "Plan Width": 0,
                  "Actual Startup Time": 45.234,
                  "Actual Total Time": 113.285,
                  "Actual Rows": 136700,
                  "Actual Loops": 7,
                  "Recheck Cond": "(person_id < 132926)",
                  "Rows Removed by Index Recheck": 0,
                  "Filter": "(role_id < 2)",
                  "Rows Removed by Filter": 53551,
                  "Exact Heap Blocks": 3923,
                  "Lossy Heap Blocks": 0,
                  "Plans": [
                    {
                      "Node Type": "Bitmap Index Scan",
                      "Parent Relationship": "Outer",
                      "Parallel Aware": false,
                      "Index Name": "person_id_cast_info",
                      "Startup Cost": 0.0,
                      "Total Cost": 27971.42,
                      "Plan Rows": 1281447,
                      "Plan Width": 0,
                      "Actual Startup Time": 51.086,
                      "Actual Total Time": 51.086,
                      "Actual Rows": 1331761,
                      "Actual Loops": 1,
                      "Index Cond": "(person_id < 132926)"
                    }
                  ]
                }
              ]
            }
          ]
        }
      ]
    },
    "Planning Time": 0.237,
    "Triggers": [],
    "Execution Time": 141.094
  }
]