[
  {
    "Plan": {
      "Node Type": "Aggregate",
      "Strategy": "Plain",
      "Partial Mode": "Finalize",
      "Parallel Aware": false,
      "Startup Cost": 46161.55,
      "Total Cost": 46161.56,
      "Plan Rows": 1,
      "Plan Width": 8,
      "Actual Startup Time": 236.37,
      "Actual Total Time": 243.768,
      "Actual Rows": 1,
      "Actual Loops": 1,
      "Plans": [
        {
          "Node Type": "Gather",
          "Parent Relationship": "Outer",
          "Parallel Aware": false,
          "Startup Cost": 46161.24,
          "Total Cost": 46161.55,
          "Plan Rows": 3,
          "Plan Width": 8,
          "Actual Startup Time": 236.101,
          "Actual Total Time": 243.757,
          "Actual Rows": 4,
          "Actual Loops": 1,
          "Workers Planned": 3,
          "Workers Launched": 3,
          "Single Copy": false,
          "Plans": [
            {
              "Node Type": "Aggregate",
              "Strategy": "Plain",
              "Partial Mode": "Partial",
              "Parent Relationship": "Outer",
              "Parallel Aware": false,
              "Startup Cost": 45161.24,
              "Total Cost": 45161.25,
              "Plan Rows": 1,
              "Plan Width": 8,
              "Actual Startup Time": 228.931,
              "Actual Total Time": 228.933,
              "Actual Rows": 1,
              "Actual Loops": 4,
              "Plans": [
                {
                  "Node Type": "Nested Loop",
                  "Parent Relationship": "Outer",
                  "Parallel Aware": false,
                  "Join Type": "Inner",
                  "Startup Cost": 258.36,
                  "Total Cost": 45161.21,
                  "Plan Rows": 11,
                  "Plan Width": 0,
                  "Actual Startup Time": 198.858,
                  "Actual Total Time": 228.919,
                  "Actual Rows": 7,
                  "Actual Loops": 4,
                  "Inner Unique": true,
                  "Plans": [
                    {
                      "Node Type": "Bitmap Heap Scan",
                      "Parent Relationship": "Outer",
                      "Parallel Aware": true,
                      "Relation Name": "movie_keyword",
                      "Alias": "mk",
                      "Startup Cost": 257.93,
                      "Total Cost": 20753.36,
                      "Plan Rows": 3892,
                      "Plan Width": 4,
                      "Actual Startup Time": 186.148,
                      "Actual Total Time": 198.757,
                      "Actual Rows": 2308,
                      "Actual Loops": 4,
                      "Recheck Cond": "(keyword_id = 784)",
                      "Rows Removed by Index Recheck": 0,
                      "Exact Heap Blocks": 4724,
                      "Lossy Heap Blocks": 0,
                      "Plans": [
                        {
                          "Node Type": "Bitmap Index Scan",
                          "Parent Relationship": "Outer",
                          "Parallel Aware": false,
                          "Index Name": "keyword_id_movie_keyword",
                          "Startup Cost": 0.0,
                          "Total Cost": 254.91,
                          "Plan Rows": 12064,
                          "Plan Width": 0,
                          "Actual Startup Time": 188.711,
                          "Actual Total Time": 188.711,
                          "Actual Rows": 9234,
                          "Actual Loops": 1,
                          "Index Cond": "(keyword_id = 784)"
                        }
                      ]
                    },
                    {
                      "Node Type": "Index Scan",
                      "Parent Relationship": "Inner",
                      "Parallel Aware": false,
                      "Scan Direction": "Forward",
                      "Index Name": "title_pkey",
                      "Relation Name": "title",
                      "Alias": "t",
                      "Startup Cost": 0.43,
                      "Total Cost": 6.27,
                      "Plan Rows": 1,
                      "Plan Width": 4,
                      "Actual Startup Time": 0.012,
                      "Actual Total Time": 0.012,
                      "Actual Rows": 0,
                      "Actual Loops": 9234,
                      "Index Cond": "(id = mk.movie_id)",
                      "Rows Removed by Index Recheck": 0,
                      "Filter": "(production_year = 1953)",
                      "Rows Removed by Filter": 1
                    }
                  ]
                }
              ]
            }
          ]
        }
      ]
    },
    "Planning Time": 0.265,
    "Triggers": [],
    "Execution Time": 243.821
  }
]