[
  {
    "Plan": {
      "Node Type": "Aggregate",
      "Strategy": "Plain",
      "Partial Mode": "Finalize",
      "Parallel Aware": false,
      "Startup Cost": 41548.31,
      "Total Cost": 41548.32,
      "Plan Rows": 1,
      "Plan Width": 8,
      "Actual Startup Time": 55.71,
      "Actual Total Time": 61.76,
      "Actual Rows": 1,
      "Actual Loops": 1,
      "Plans": [
        {
          "Node Type": "Gather",
          "Parent Relationship": "Outer",
          "Parallel Aware": false,
          "Startup Cost": 41548.1,
          "Total Cost": 41548.31,
          "Plan Rows": 2,
          "Plan Width": 8,
          "Actual Startup Time": 55.569,
          "Actual Total Time": 61.753,
          "Actual Rows": 3,
          "Actual Loops": 1,
          "Workers Planned": 2,
          "Workers Launched": 2,
          "Single Copy": false,
          "Plans": [
            {
              "Node Type": "Aggregate",
              "Strategy": "Plain",
              "Partial Mode": "Partial",
              "Parent Relationship": "Outer",
              "Parallel Aware": false,
              "Startup Cost": 40548.1,
              "Total Cost": 40548.11,
              "Plan Rows": 1,
              "Plan Width": 8,
              "Actual Startup Time": 47.47,
              "Actual Total Time": 47.472,
              "Actual Rows": 1,
              "Actual Loops": 3,
              "Plans": [
                {
                  "Node Type": "Nested Loop",
                  "Parent Relationship": "Outer",
                  "Parallel Aware": false,
                  "Join Type": "Inner",
                  "Startup Cost": 177.14,
                  "Total Cost": 40548.08,
                  "Plan Rows": 7,
                  "Plan Width": 0,
                  "Actual Startup Time": 19.912,
                  "Actual Total Time": 47.461,
                  "Actual Rows": 9,
                  "Actual Loops": 3,
                  "Inner Unique": true,
                  "Plans": [
                    {
                      "Node Type": "Bitmap Heap Scan",
                      "Parent Relationship": "Outer",
                      "Parallel Aware": true,
                      "Relation Name": "movie_keyword",
                      "Alias": "mk",
                      "Startup Cost": 176.71,
                      "Total Cost": 17130.16,
                      "Plan Rows": 3456,
                      "Plan Width": 4,
                      "Actual Startup Time": 5.381,
                      "Actual Total Time": 17.343,
                      "Actual Rows": 3078,
                      "Actual Loops": 3,
                      "Recheck Cond": "(keyword_id = 784)",
                      "Rows Removed by Index Recheck": 0,
                      "Exact Heap Blocks": 5044,
                      "Lossy Heap Blocks": 0,
                      "Plans": [
                        {
                          "Node Type": "Bitmap Index Scan",
                          "Parent Relationship": "Outer",
                          "Parallel Aware": false,
                          "Index Name": "keyword_id_movie_keyword",
                          "Startup Cost": 0.0,
                          "Total Cost": 174.64,
                          "Plan Rows": 8294,
                          "Plan Width": 0,
                          "Actual Startup Time": 8.516,
                          "Actual Total Time": 8.517,
                          "Actual Rows": 9234,
                          "Actual Loops": 1,
                          "Index Cond": "(keyword_id = 784)"
                        }
                      ]
                    },
                    {
                      "Node Type": "Index Scan",
                      "Parent Relationship": "Inner",
                      "Parallel Aware": false,
                      "Scan Direction": "Forward",
                      "Index Name": "title_pkey",
                      "Relation Name": "title",
                      "Alias": "t",
                      "Startup Cost": 0.43,
                      "Total Cost": 6.78,
                      "Plan Rows": 1,
                      "Plan Width": 4,
                      "Actual Startup Time": 0.009,
                      "Actual Total Time": 0.009,
                      "Actual Rows": 0,
                      "Actual Loops": 9234,
                      "Index Cond": "(id = mk.movie_id)",
                      "Rows Removed by Index Recheck": 0,
                      "Filter": "(production_year = 1953)",
                      "Rows Removed by Filter": 1
                    }
                  ]
                }
              ]
            }
          ]
        }
      ]
    },
    "Planning Time": 0.616,
    "Triggers": [],
    "Execution Time": 61.846
  }
]