{
    "Plan": {
        "Node Type": "Sort",
        "Parallel Aware": false,
        "Startup Cost": 60001370742.54,
        "Total Cost": 60001370742.66,
        "Plan Rows": 48,
        "Plan Width": 23,
        "Actual Startup Time": 200817.295,
        "Actual Total Time": 200817.399,
        "Actual Rows": 219,
        "Actual Loops": 1,
        "Output": [
            "n.name",
            "(count(*))"
        ],
        "Sort Key": [
            "(count(*)) DESC"
        ],
        "Sort Method": "quicksort",
        "Sort Space Used": 41,
        "Sort Space Type": "Memory",
        "Plans": [
            {
                "Node Type": "Aggregate",
                "Strategy": "Sorted",
                "Partial Mode": "Simple",
                "Parent Relationship": "Outer",
                "Parallel Aware": false,
                "Startup Cost": 60001370740.36,
                "Total Cost": 60001370741.2,
                "Plan Rows": 48,
                "Plan Width": 23,
                "Actual Startup Time": 200816.331,
                "Actual Total Time": 200816.705,
                "Actual Rows": 219,
                "Actual Loops": 1,
                "Output": [
                    "n.name",
                    "count(*)"
                ],
                "Group Key": [
                    "n.name"
                ],
                "Plans": [
                    {
                        "Node Type": "Sort",
                        "Parent Relationship": "Outer",
                        "Parallel Aware": false,
                        "Startup Cost": 60001370740.36,
                        "Total Cost": 60001370740.48,
                        "Plan Rows": 48,
                        "Plan Width": 15,
                        "Actual Startup Time": 200816.276,
                        "Actual Total Time": 200816.423,
                        "Actual Rows": 995,
                        "Actual Loops": 1,
                        "Output": [
                            "n.name"
                        ],
                        "Sort Key": [
                            "n.name COLLATE \"C\""
                        ],
                        "Sort Method": "quicksort",
                        "Sort Space Used": 81,
                        "Sort Space Type": "Memory",
                        "Plans": [
                            {
                                "Node Type": "Hash Join",
                                "Parent Relationship": "Outer",
                                "Parallel Aware": false,
                                "Join Type": "Inner",
                                "Startup Cost": 60000543448.36,
                                "Total Cost": 60001370739.02,
                                "Plan Rows": 48,
                                "Plan Width": 15,
                                "Actual Startup Time": 96965.72,
                                "Actual Total Time": 200708.9,
                                "Actual Rows": 995,
                                "Actual Loops": 1,
                                "Output": [
                                    "n.name"
                                ],
                                "Inner Unique": true,
                                "Hash Cond": "(pi.info_type_id = it2.id)",
                                "Plans": [
                                    {
                                        "Node Type": "Hash Join",
                                        "Parent Relationship": "Outer",
                                        "Parallel Aware": false,
                                        "Join Type": "Inner",
                                        "Startup Cost": 50000543434.21,
                                        "Total Cost": 50001370717.54,
                                        "Plan Rows": 2690,
                                        "Plan Width": 19,
                                        "Actual Startup Time": 96965.057,
                                        "Actual Total Time": 200611.9,
                                        "Actual Rows": 8468,
                                        "Actual Loops": 1,
                                        "Output": [
                                            "n.name",
                                            "pi.info_type_id"
                                        ],
                                        "Inner Unique": false,
                                        "Hash Cond": "(ci.person_id = pi.person_id)",
                                        "Plans": [
                                            {
                                                "Node Type": "Hash Join",
                                                "Parent Relationship": "Outer",
                                                "Parallel Aware": false,
                                                "Join Type": "Inner",
                                                "Startup Cost": 40000257724.95,
                                                "Total Cost": 40000618157.63,
                                                "Plan Rows": 198361,
                                                "Plan Width": 23,
                                                "Actual Startup Time": 53557.48,
                                                "Actual Total Time": 153735.164,
                                                "Actual Rows": 626004,
                                                "Actual Loops": 1,
                                                "Output": [
                                                    "ci.person_id",
                                                    "n.name",
                                                    "n.id"
                                                ],
                                                "Inner Unique": true,
                                                "Hash Cond": "(ci.person_id = n.id)",
                                                "Plans": [
                                                    {
                                                        "Node Type": "Nested Loop",
                                                        "Parent Relationship": "Outer",
                                                        "Parallel Aware": false,
                                                        "Join Type": "Inner",
                                                        "Startup Cost": 30000027456.78,
                                                        "Total Cost": 30000387368.77,
                                                        "Plan Rows": 198361,
                                                        "Plan Width": 4,
                                                        "Actual Startup Time": 382.654,
                                                        "Actual Total Time": 77687.885,
                                                        "Actual Rows": 626004,
                                                        "Actual Loops": 1,
                                                        "Output": [
                                                            "ci.person_id"
                                                        ],
                                                        "Inner Unique": false,
                                                        "Plans": [
                                                            {
                                                                "Node Type": "Nested Loop",
                                                                "Parent Relationship": "Outer",
                                                                "Parallel Aware": false,
                                                                "Join Type": "Inner",
                                                                "Startup Cost": 20000027455.72,
                                                                "Total Cost": 20000305467.08,
                                                                "Plan Rows": 13834,
                                                                "Plan Width": 8,
                                                                "Actual Startup Time": 382.048,
                                                                "Actual Total Time": 11215.431,
                                                                "Actual Rows": 59533,
                                                                "Actual Loops": 1,
                                                                "Output": [
                                                                    "t.id",
                                                                    "mi.movie_id"
                                                                ],
                                                                "Inner Unique": false,
                                                                "Plans": [
                                                                    {
                                                                        "Node Type": "Bitmap Heap Scan",
                                                                        "Parent Relationship": "Outer",
                                                                        "Parallel Aware": false,
                                                                        "Relation Name": "info_type",
                                                                        "Schema": "public",
                                                                        "Alias": "it1",
                                                                        "Startup Cost": 4.15,
                                                                        "Total Cost": 8.16,
                                                                        "Plan Rows": 1,
                                                                        "Plan Width": 4,
                                                                        "Actual Startup Time": 0.092,
                                                                        "Actual Total Time": 0.174,
                                                                        "Actual Rows": 1,
                                                                        "Actual Loops": 1,
                                                                        "Output": [
                                                                            "it1.id",
                                                                            "it1.info"
                                                                        ],
                                                                        "Recheck Cond": "(it1.id = 3)",
                                                                        "Rows Removed by Index Recheck": 0,
                                                                        "Exact Heap Blocks": 1,
                                                                        "Lossy Heap Blocks": 0,
                                                                        "Plans": [
                                                                            {
                                                                                "Node Type": "Bitmap Index Scan",
                                                                                "Parent Relationship": "Outer",
                                                                                "Parallel Aware": false,
                                                                                "Index Name": "info_type_pkey",
                                                                                "Startup Cost": 0.0,
                                                                                "Total Cost": 4.15,
                                                                                "Plan Rows": 1,
                                                                                "Plan Width": 0,
                                                                                "Actual Startup Time": 0.074,
                                                                                "Actual Total Time": 0.096,
                                                                                "Actual Rows": 1,
                                                                                "Actual Loops": 1,
                                                                                "Index Cond": "(it1.id = 3)"
                                                                            }
                                                                        ]
                                                                    },
                                                                    {
                                                                        "Node Type": "Nested Loop",
                                                                        "Parent Relationship": "Inner",
                                                                        "Parallel Aware": false,
                                                                        "Join Type": "Inner",
                                                                        "Startup Cost": 10000027451.57,
                                                                        "Total Cost": 10000305320.58,
                                                                        "Plan Rows": 13834,
                                                                        "Plan Width": 12,
                                                                        "Actual Startup Time": 381.493,
                                                                        "Actual Total Time": 11162.321,
                                                                        "Actual Rows": 59533,
                                                                        "Actual Loops": 1,
                                                                        "Output": [
                                                                            "t.id",
                                                                            "mi.movie_id",
                                                                            "mi.info_type_id"
                                                                        ],
                                                                        "Inner Unique": true,
                                                                        "Plans": [
                                                                            {
                                                                                "Node Type": "Bitmap Heap Scan",
                                                                                "Parent Relationship": "Outer",
                                                                                "Parallel Aware": false,
                                                                                "Relation Name": "movie_info",
                                                                                "Schema": "public",
                                                                                "Alias": "mi",
                                                                                "Startup Cost": 27448.87,
                                                                                "Total Cost": 212459.82,
                                                                                "Plan Rows": 13834,
                                                                                "Plan Width": 8,
                                                                                "Actual Startup Time": 380.948,
                                                                                "Actual Total Time": 3454.428,
                                                                                "Actual Rows": 59533,
                                                                                "Actual Loops": 1,
                                                                                "Output": [
                                                                                    "mi.id",
                                                                                    "mi.movie_id",
                                                                                    "mi.info_type_id",
                                                                                    "mi.info",
                                                                                    "mi.note"
                                                                                ],
                                                                                "Recheck Cond": "(mi.info_type_id = 3)",
                                                                                "Rows Removed by Index Recheck": 0,
                                                                                "Filter": "(mi.info ~~* '%adult%'::text)",
                                                                                "Rows Removed by Filter": 1474376,
                                                                                "Exact Heap Blocks": 9770,
                                                                                "Lossy Heap Blocks": 0,
                                                                                "Plans": [
                                                                                    {
                                                                                        "Node Type": "Bitmap Index Scan",
                                                                                        "Parent Relationship": "Outer",
                                                                                        "Parallel Aware": false,
                                                                                        "Index Name": "info_type_id_movie_info",
                                                                                        "Startup Cost": 0.0,
                                                                                        "Total Cost": 27445.41,
                                                                                        "Plan Rows": 1534530,
                                                                                        "Plan Width": 0,
                                                                                        "Actual Startup Time": 375.379,
                                                                                        "Actual Total Time": 375.389,
                                                                                        "Actual Rows": 1533909,
                                                                                        "Actual Loops": 1,
                                                                                        "Index Cond": "(mi.info_type_id = 3)"
                                                                                    }
                                                                                ]
                                                                            },
                                                                            {
                                                                                "Node Type": "Bitmap Heap Scan",
                                                                                "Parent Relationship": "Inner",
                                                                                "Parallel Aware": false,
                                                                                "Relation Name": "title",
                                                                                "Schema": "public",
                                                                                "Alias": "t",
                                                                                "Startup Cost": 2.7,
                                                                                "Total Cost": 6.71,
                                                                                "Plan Rows": 1,
                                                                                "Plan Width": 4,
                                                                                "Actual Startup Time": 0.116,
                                                                                "Actual Total Time": 0.116,
                                                                                "Actual Rows": 1,
                                                                                "Actual Loops": 59533,
                                                                                "Output": [
                                                                                    "t.id",
                                                                                    "t.title",
                                                                                    "t.imdb_index",
                                                                                    "t.kind_id",
                                                                                    "t.production_year",
                                                                                    "t.imdb_id",
                                                                                    "t.phonetic_code",
                                                                                    "t.episode_of_id",
                                                                                    "t.season_nr",
                                                                                    "t.episode_nr",
                                                                                    "t.series_years",
                                                                                    "t.md5sum"
                                                                                ],
                                                                                "Recheck Cond": "(t.id = mi.movie_id)",
                                                                                "Rows Removed by Index Recheck": 0,
                                                                                "Exact Heap Blocks": 59533,
                                                                                "Lossy Heap Blocks": 0,
                                                                                "Plans": [
                                                                                    {
                                                                                        "Node Type": "Bitmap Index Scan",
                                                                                        "Parent Relationship": "Outer",
                                                                                        "Parallel Aware": false,
                                                                                        "Index Name": "title_pkey",
                                                                                        "Startup Cost": 0.0,
                                                                                        "Total Cost": 2.7,
                                                                                        "Plan Rows": 1,
                                                                                        "Plan Width": 0,
                                                                                        "Actual Startup Time": 0.022,
                                                                                        "Actual Total Time": 0.022,
                                                                                        "Actual Rows": 1,
                                                                                        "Actual Loops": 59533,
                                                                                        "Index Cond": "(t.id = mi.movie_id)"
                                                                                    }
                                                                                ]
                                                                            }
                                                                        ]
                                                                    }
                                                                ]
                                                            },
                                                            {
                                                                "Node Type": "Bitmap Heap Scan",
                                                                "Parent Relationship": "Inner",
                                                                "Parallel Aware": false,
                                                                "Relation Name": "cast_info",
                                                                "Schema": "public",
                                                                "Alias": "ci",
                                                                "Startup Cost": 1.07,
                                                                "Total Cost": 5.54,
                                                                "Plan Rows": 38,
                                                                "Plan Width": 8,
                                                                "Actual Startup Time": 0.403,
                                                                "Actual Total Time": 1.102,
                                                                "Actual Rows": 11,
                                                                "Actual Loops": 59533,
                                                                "Output": [
                                                                    "ci.id",
                                                                    "ci.person_id",
                                                                    "ci.movie_id",
                                                                    "ci.person_role_id",
                                                                    "ci.note",
                                                                    "ci.nr_order",
                                                                    "ci.role_id"
                                                                ],
                                                                "Recheck Cond": "(ci.movie_id = t.id)",
                                                                "Rows Removed by Index Recheck": 0,
                                                                "Exact Heap Blocks": 623273,
                                                                "Lossy Heap Blocks": 0,
                                                                "Plans": [
                                                                    {
                                                                        "Node Type": "Bitmap Index Scan",
                                                                        "Parent Relationship": "Outer",
                                                                        "Parallel Aware": false,
                                                                        "Index Name": "movie_id_cast_info",
                                                                        "Startup Cost": 0.0,
                                                                        "Total Cost": 1.06,
                                                                        "Plan Rows": 38,
                                                                        "Plan Width": 0,
                                                                        "Actual Startup Time": 0.331,
                                                                        "Actual Total Time": 0.331,
                                                                        "Actual Rows": 11,
                                                                        "Actual Loops": 59533,
                                                                        "Index Cond": "(ci.movie_id = t.id)"
                                                                    }
                                                                ]
                                                            }
                                                        ]
                                                    },
                                                    {
                                                        "Node Type": "Hash",
                                                        "Parent Relationship": "Inner",
                                                        "Parallel Aware": false,
                                                        "Startup Cost": 10000178173.8,
                                                        "Total Cost": 10000178173.8,
                                                        "Plan Rows": 4167549,
                                                        "Plan Width": 19,
                                                        "Actual Startup Time": 53008.118,
                                                        "Actual Total Time": 53008.119,
                                                        "Actual Rows": 4167491,
                                                        "Actual Loops": 1,
                                                        "Output": [
                                                            "n.name",
                                                            "n.id"
                                                        ],
                                                        "Hash Buckets": 4194304,
                                                        "Original Hash Buckets": 4194304,
                                                        "Hash Batches": 1,
                                                        "Original Hash Batches": 1,
                                                        "Peak Memory Usage": 248744,
                                                        "Plans": [
                                                            {
                                                                "Node Type": "Index Scan",
                                                                "Parent Relationship": "Outer",
                                                                "Parallel Aware": false,
                                                                "Scan Direction": "Forward",
                                                                "Index Name": "name_pkey",
                                                                "Relation Name": "name",
                                                                "Schema": "public",
                                                                "Alias": "n",
                                                                "Startup Cost": 10000000000.43,
                                                                "Total Cost": 10000178173.8,
                                                                "Plan Rows": 4167549,
                                                                "Plan Width": 19,
                                                                "Actual Startup Time": 0.61,
                                                                "Actual Total Time": 14064.009,
                                                                "Actual Rows": 4167491,
                                                                "Actual Loops": 1,
                                                                "Output": [
                                                                    "n.name",
                                                                    "n.id"
                                                                ]
                                                            }
                                                        ]
                                                    }
                                                ]
                                            },
                                            {
                                                "Node Type": "Hash",
                                                "Parent Relationship": "Inner",
                                                "Parallel Aware": false,
                                                "Startup Cost": 10000285002.84,
                                                "Total Cost": 10000285002.84,
                                                "Plan Rows": 56514,
                                                "Plan Width": 8,
                                                "Actual Startup Time": 43222.304,
                                                "Actual Total Time": 43222.305,
                                                "Actual Rows": 14714,
                                                "Actual Loops": 1,
                                                "Output": [
                                                    "pi.person_id",
                                                    "pi.info_type_id"
                                                ],
                                                "Hash Buckets": 65536,
                                                "Original Hash Buckets": 65536,
                                                "Hash Batches": 1,
                                                "Original Hash Batches": 1,
                                                "Peak Memory Usage": 1087,
                                                "Plans": [
                                                    {
                                                        "Node Type": "Index Scan",
                                                        "Parent Relationship": "Outer",
                                                        "Parallel Aware": false,
                                                        "Scan Direction": "Forward",
                                                        "Index Name": "info_type_id_person_info",
                                                        "Relation Name": "person_info",
                                                        "Schema": "public",
                                                        "Alias": "pi",
                                                        "Startup Cost": 10000000000.43,
                                                        "Total Cost": 10000285002.84,
                                                        "Plan Rows": 56514,
                                                        "Plan Width": 8,
                                                        "Actual Startup Time": 8.501,
                                                        "Actual Total Time": 42958.311,
                                                        "Actual Rows": 14714,
                                                        "Actual Loops": 1,
                                                        "Output": [
                                                            "pi.person_id",
                                                            "pi.info_type_id"
                                                        ],
                                                        "Filter": "(pi.info ~~* '%japan%'::text)",
                                                        "Rows Removed by Filter": 2948950
                                                    }
                                                ]
                                            }
                                        ]
                                    },
                                    {
                                        "Node Type": "Hash",
                                        "Parent Relationship": "Inner",
                                        "Parallel Aware": false,
                                        "Startup Cost": 10000000014.12,
                                        "Total Cost": 10000000014.12,
                                        "Plan Rows": 2,
                                        "Plan Width": 4,
                                        "Actual Startup Time": 0.129,
                                        "Actual Total Time": 0.129,
                                        "Actual Rows": 3,
                                        "Actual Loops": 1,
                                        "Output": [
                                            "it2.id"
                                        ],
                                        "Hash Buckets": 1024,
                                        "Original Hash Buckets": 1024,
                                        "Hash Batches": 1,
                                        "Original Hash Batches": 1,
                                        "Peak Memory Usage": 9,
                                        "Plans": [
                                            {
                                                "Node Type": "Index Scan",
                                                "Parent Relationship": "Outer",
                                                "Parallel Aware": false,
                                                "Scan Direction": "Forward",
                                                "Index Name": "info_type_pkey",
                                                "Relation Name": "info_type",
                                                "Schema": "public",
                                                "Alias": "it2",
                                                "Startup Cost": 10000000000.14,
                                                "Total Cost": 10000000014.12,
                                                "Plan Rows": 2,
                                                "Plan Width": 4,
                                                "Actual Startup Time": 0.072,
                                                "Actual Total Time": 0.113,
                                                "Actual Rows": 3,
                                                "Actual Loops": 1,
                                                "Output": [
                                                    "it2.id"
                                                ],
                                                "Filter": "((it2.info)::text ~~* '%birth%'::text)",
                                                "Rows Removed by Filter": 110
                                            }
                                        ]
                                    }
                                ]
                            }
                        ]
                    }
                ]
            }
        ]
    },
    "Planning Time": 16.68,
    "Triggers": [],
    "Execution Time": 200983.206
}