[
  {
    "Plan": {
      "Node Type": "Aggregate",
      "Strategy": "Plain",
      "Partial Mode": "Finalize",
      "Parallel Aware": false,
      "Startup Cost": 44622.16,
      "Total Cost": 44622.17,
      "Plan Rows": 1,
      "Plan Width": 8,
      "Actual Startup Time": 121.453,
      "Actual Total Time": 129.116,
      "Actual Rows": 1,
      "Actual Loops": 1,
      "Plans": [
        {
          "Node Type": "Gather",
          "Parent Relationship": "Outer",
          "Parallel Aware": false,
          "Startup Cost": 44621.84,
          "Total Cost": 44622.15,
          "Plan Rows": 3,
          "Plan Width": 8,
          "Actual Startup Time": 121.353,
          "Actual Total Time": 129.108,
          "Actual Rows": 4,
          "Actual Loops": 1,
          "Workers Planned": 3,
          "Workers Launched": 3,
          "Single Copy": false,
          "Plans": [
            {
              "Node Type": "Aggregate",
              "Strategy": "Plain",
              "Partial Mode": "Partial",
              "Parent Relationship": "Outer",
              "Parallel Aware": false,
              "Startup Cost": 43621.84,
              "Total Cost": 43621.85,
              "Plan Rows": 1,
              "Plan Width": 8,
              "Actual Startup Time": 115.385,
              "Actual Total Time": 115.386,
              "Actual Rows": 1,
              "Actual Loops": 4,
              "Plans": [
                {
                  "Node Type": "Seq Scan",
                  "Parent Relationship": "Outer",
                  "Parallel Aware": true,
                  "Relation Name": "movie_keyword",
                  "Alias": "mk",
                  "Startup Cost": 0.0,
                  "Total Cost": 42695.65,
                  "Plan Rows": 370474,
                  "Plan Width": 0,
                  "Actual Startup Time": 0.045,
                  "Actual Total Time": 101.318,
                  "Actual Rows": 289145,
                  "Actual Loops": 4,
                  "Filter": "(keyword_id < 1370)",
                  "Rows Removed by Filter": 841838
                }
              ]
            }
          ]
        }
      ]
    },
    "Planning Time": 0.185,
    "Triggers": [],
    "Execution Time": 129.179
  }
]