[
  {
    "Plan": {
      "Node Type": "Aggregate",
      "Strategy": "Plain",
      "Partial Mode": "Finalize",
      "Parallel Aware": false,
      "Startup Cost": 84399.05,
      "Total Cost": 84399.06,
      "Plan Rows": 1,
      "Plan Width": 8,
      "Actual Startup Time": 254.212,
      "Actual Total Time": 271.329,
      "Actual Rows": 1,
      "Actual Loops": 1,
      "Plans": [
        {
          "Node Type": "Gather",
          "Parent Relationship": "Outer",
          "Parallel Aware": false,
          "Startup Cost": 84398.73,
          "Total Cost": 84399.04,
          "Plan Rows": 3,
          "Plan Width": 8,
          "Actual Startup Time": 252.637,
          "Actual Total Time": 271.32,
          "Actual Rows": 4,
          "Actual Loops": 1,
          "Workers Planned": 3,
          "Workers Launched": 3,
          "Single Copy": false,
          "Plans": [
            {
              "Node Type": "Aggregate",
              "Strategy": "Plain",
              "Partial Mode": "Partial",
              "Parent Relationship": "Outer",
              "Parallel Aware": false,
              "Startup Cost": 83398.73,
              "Total Cost": 83398.74,
              "Plan Rows": 1,
              "Plan Width": 8,
              "Actual Startup Time": 243.067,
              "Actual Total Time": 243.071,
              "Actual Rows": 1,
              "Actual Loops": 4,
              "Plans": [
                {
                  "Node Type": "Hash Join",
                  "Parent Relationship": "Outer",
                  "Parallel Aware": true,
                  "Join Type": "Inner",
                  "Startup Cost": 56233.1,
                  "Total Cost": 83358.59,
                  "Plan Rows": 16057,
                  "Plan Width": 0,
                  "Actual Startup Time": 160.102,
                  "Actual Total Time": 242.586,
                  "Actual Rows": 5689,
                  "Actual Loops": 4,
                  "Inner Unique": true,
                  "Hash Cond": "(mk.movie_id = t.id)",
                  "Plans": [
                    {
                      "Node Type": "Bitmap Heap Scan",
                      "Parent Relationship": "Outer",
                      "Parallel Aware": true,
                      "Relation Name": "movie_keyword",
                      "Alias": "mk",
                      "Startup Cost": 11615.91,
                      "Total Cost": 38277.75,
                      "Plan Rows": 176627,
                      "Plan Width": 4,
                      "Actual Startup Time": 34.547,
                      "Actual Total Time": 93.473,
                      "Actual Rows": 133616,
                      "Actual Loops": 4,
                      "Recheck Cond": "(keyword_id > 34311)",
                      "Rows Removed by Index Recheck": 0,
                      "Exact Heap Blocks": 6357,
                      "Lossy Heap Blocks": 0,
                      "Plans": [
                        {
                          "Node Type": "Bitmap Index Scan",
                          "Parent Relationship": "Outer",
                          "Parallel Aware": false,
                          "Index Name": "keyword_id_movie_keyword",
                          "Startup Cost": 0.0,
                          "Total Cost": 11479.02,
                          "Plan Rows": 547545,
                          "Plan Width": 0,
                          "Actual Startup Time": 30.983,
                          "Actual Total Time": 30.983,
                          "Actual Rows": 534465,
                          "Actual Loops": 1,
                          "Index Cond": "(keyword_id > 34311)"
                        }
                      ]
                    },
                    {
                      "Node Type": "Hash",
                      "Parent Relationship": "Inner",
                      "Parallel Aware": true,
                      "Startup Cost": 43898.92,
                      "Total Cost": 43898.92,
                      "Plan Rows": 57462,
                      "Plan Width": 4,
                      "Actual Startup Time": 123.205,
                      "Actual Total Time": 123.206,
                      "Actual Rows": 57912,
                      "Actual Loops": 4,
                      "Hash Buckets": 262144,
                      "Original Hash Buckets": 262144,
                      "Hash Batches": 1,
                      "Original Hash Batches": 1,
                      "Peak Memory Usage": 11200,
                      "Plans": [
                        {
                          "Node Type": "Seq Scan",
                          "Parent Relationship": "Outer",
                          "Parallel Aware": true,
                          "Relation Name": "title",
                          "Alias": "t",
                          "Startup Cost": 0.0,
                          "Total Cost": 43898.92,
                          "Plan Rows": 57462,
                          "Plan Width": 4,
                          "Actual Startup Time": 0.043,
                          "Actual Total Time": 101.818,
                          "Actual Rows": 57912,
                          "Actual Loops": 4,
                          "Filter": "(production_year > 2011)",
                          "Rows Removed by Filter": 574166
                        }
                      ]
                    }
                  ]
                }
              ]
            }
          ]
        }
      ]
    },
    "Planning Time": 0.537,
    "Triggers": [],
    "Execution Time": 271.413
  }
]