[
  {
    "Plan": {
      "Node Type": "Aggregate",
      "Strategy": "Plain",
      "Partial Mode": "Finalize",
      "Parallel Aware": false,
      "Startup Cost": 341790.92,
      "Total Cost": 341790.93,
      "Plan Rows": 1,
      "Plan Width": 8,
      "Actual Startup Time": 839.856,
      "Actual Total Time": 900.086,
      "Actual Rows": 1,
      "Actual Loops": 1,
      "Plans": [
        {
          "Node Type": "Gather",
          "Parent Relationship": "Outer",
          "Parallel Aware": false,
          "Startup Cost": 341790.3,
          "Total Cost": 341790.91,
          "Plan Rows": 6,
          "Plan Width": 8,
          "Actual Startup Time": 839.713,
          "Actual Total Time": 900.074,
          "Actual Rows": 7,
          "Actual Loops": 1,
          "Workers Planned": 6,
          "Workers Launched": 6,
          "Single Copy": false,
          "Plans": [
            {
              "Node Type": "Aggregate",
              "Strategy": "Plain",
              "Partial Mode": "Partial",
              "Parent Relationship": "Outer",
              "Parallel Aware": false,
              "Startup Cost": 340790.3,
              "Total Cost": 340790.31,
              "Plan Rows": 1,
              "Plan Width": 8,
              "Actual Startup Time": 831.296,
              "Actual Total Time": 831.297,
              "Actual Rows": 1,
              "Actual Loops": 7,
              "Plans": [
                {
                  "Node Type": "Seq Scan",
                  "Parent Relationship": "Outer",
                  "Parallel Aware": true,
                  "Relation Name": "cast_info",
                  "Alias": "ci",
                  "Startup Cost": 0.0,
                  "Total Cost": 328162.03,
                  "Plan Rows": 5051308,
                  "Plan Width": 0,
                  "Actual Startup Time": 0.052,
                  "Actual Total Time": 638.754,
                  "Actual Rows": 4359895,
                  "Actual Loops": 7,
                  "Filter": "(person_id < 3074854)",
                  "Rows Removed by Filter": 817869
                }
              ]
            }
          ]
        }
      ]
    },
    "Planning Time": 0.199,
    "Triggers": [],
    "Execution Time": 900.16
  }
]