{
    "Plan": {
        "Node Type": "Aggregate",
        "Strategy": "Plain",
        "Partial Mode": "Finalize",
        "Parallel Aware": false,
        "Startup Cost": 133755.35,
        "Total Cost": 133755.36,
        "Plan Rows": 1,
        "Plan Width": 8,
        "Actual Startup Time": 2011.039,
        "Actual Total Time": 2040.881,
        "Actual Rows": 1,
        "Actual Loops": 1,
        "Output": [
            "count(*)"
        ],
        "Plans": [
            {
                "Node Type": "Gather",
                "Parent Relationship": "Outer",
                "Parallel Aware": false,
                "Startup Cost": 133755.04,
                "Total Cost": 133755.35,
                "Plan Rows": 3,
                "Plan Width": 8,
                "Actual Startup Time": 2003.244,
                "Actual Total Time": 2040.872,
                "Actual Rows": 4,
                "Actual Loops": 1,
                "Output": [
                    "(PARTIAL count(*))"
                ],
                "Workers Planned": 3,
                "Workers Launched": 3,
                "Single Copy": false,
                "Plans": [
                    {
                        "Node Type": "Aggregate",
                        "Strategy": "Plain",
                        "Partial Mode": "Partial",
                        "Parent Relationship": "Outer",
                        "Parallel Aware": false,
                        "Startup Cost": 132755.04,
                        "Total Cost": 132755.05,
                        "Plan Rows": 1,
                        "Plan Width": 8,
                        "Actual Startup Time": 1992.483,
                        "Actual Total Time": 1992.489,
                        "Actual Rows": 1,
                        "Actual Loops": 4,
                        "Output": [
                            "PARTIAL count(*)"
                        ],
                        "Workers": [
                            {
                                "Worker Number": 0,
                                "Actual Startup Time": 1988.697,
                                "Actual Total Time": 1988.703,
                                "Actual Rows": 1,
                                "Actual Loops": 1
                            },
                            {
                                "Worker Number": 1,
                                "Actual Startup Time": 1988.808,
                                "Actual Total Time": 1988.814,
                                "Actual Rows": 1,
                                "Actual Loops": 1
                            },
                            {
                                "Worker Number": 2,
                                "Actual Startup Time": 1990.016,
                                "Actual Total Time": 1990.022,
                                "Actual Rows": 1,
                                "Actual Loops": 1
                            }
                        ],
                        "Plans": [
                            {
                                "Node Type": "Hash Join",
                                "Parent Relationship": "Outer",
                                "Parallel Aware": true,
                                "Join Type": "Inner",
                                "Startup Cost": 85218.5,
                                "Total Cost": 131246.68,
                                "Plan Rows": 603342,
                                "Plan Width": 0,
                                "Actual Startup Time": 677.254,
                                "Actual Total Time": 1628.425,
                                "Actual Rows": 5934250,
                                "Actual Loops": 4,
                                "Inner Unique": false,
                                "Hash Cond": "(mk.movie_id = t.id)",
                                "Workers": [
                                    {
                                        "Worker Number": 0,
                                        "Actual Startup Time": 674.013,
                                        "Actual Total Time": 1630.169,
                                        "Actual Rows": 5886997,
                                        "Actual Loops": 1
                                    },
                                    {
                                        "Worker Number": 1,
                                        "Actual Startup Time": 673.924,
                                        "Actual Total Time": 1630.095,
                                        "Actual Rows": 5889543,
                                        "Actual Loops": 1
                                    },
                                    {
                                        "Worker Number": 2,
                                        "Actual Startup Time": 674.993,
                                        "Actual Total Time": 1628.93,
                                        "Actual Rows": 5933541,
                                        "Actual Loops": 1
                                    }
                                ],
                                "Plans": [
                                    {
                                        "Node Type": "Seq Scan",
                                        "Parent Relationship": "Outer",
                                        "Parallel Aware": true,
                                        "Relation Name": "movie_keyword",
                                        "Schema": "public",
                                        "Alias": "mk",
                                        "Startup Cost": 0.0,
                                        "Total Cost": 39047.32,
                                        "Plan Rows": 1459332,
                                        "Plan Width": 4,
                                        "Actual Startup Time": 0.023,
                                        "Actual Total Time": 145.463,
                                        "Actual Rows": 1130982,
                                        "Actual Loops": 4,
                                        "Output": [
                                            "mk.id",
                                            "mk.movie_id",
                                            "mk.keyword_id"
                                        ],
                                        "Workers": [
                                            {
                                                "Worker Number": 0,
                                                "Actual Startup Time": 0.025,
                                                "Actual Total Time": 156.372,
                                                "Actual Rows": 1129425,
                                                "Actual Loops": 1
                                            },
                                            {
                                                "Worker Number": 1,
                                                "Actual Startup Time": 0.029,
                                                "Actual Total Time": 155.673,
                                                "Actual Rows": 1116475,
                                                "Actual Loops": 1
                                            },
                                            {
                                                "Worker Number": 2,
                                                "Actual Startup Time": 0.026,
                                                "Actual Total Time": 154.275,
                                                "Actual Rows": 1116970,
                                                "Actual Loops": 1
                                            }
                                        ]
                                    },
                                    {
                                        "Node Type": "Hash",
                                        "Parent Relationship": "Inner",
                                        "Parallel Aware": true,
                                        "Startup Cost": 81951.93,
                                        "Total Cost": 81951.93,
                                        "Plan Rows": 261326,
                                        "Plan Width": 8,
                                        "Actual Startup Time": 671.479,
                                        "Actual Total Time": 671.483,
                                        "Actual Rows": 231511,
                                        "Actual Loops": 4,
                                        "Output": [
                                            "t.id",
                                            "mc.movie_id"
                                        ],
                                        "Hash Buckets": 1048576,
                                        "Original Hash Buckets": 1048576,
                                        "Hash Batches": 1,
                                        "Original Hash Batches": 1,
                                        "Peak Memory Usage": 44448,
                                        "Workers": [
                                            {
                                                "Worker Number": 0,
                                                "Actual Startup Time": 672.591,
                                                "Actual Total Time": 672.595,
                                                "Actual Rows": 225730,
                                                "Actual Loops": 1
                                            },
                                            {
                                                "Worker Number": 1,
                                                "Actual Startup Time": 672.689,
                                                "Actual Total Time": 672.693,
                                                "Actual Rows": 224652,
                                                "Actual Loops": 1
                                            },
                                            {
                                                "Worker Number": 2,
                                                "Actual Startup Time": 673.666,
                                                "Actual Total Time": 673.67,
                                                "Actual Rows": 229025,
                                                "Actual Loops": 1
                                            }
                                        ],
                                        "Plans": [
                                            {
                                                "Node Type": "Hash Join",
                                                "Parent Relationship": "Outer",
                                                "Parallel Aware": true,
                                                "Join Type": "Inner",
                                                "Startup Cost": 35629.74,
                                                "Total Cost": 81951.93,
                                                "Plan Rows": 261326,
                                                "Plan Width": 8,
                                                "Actual Startup Time": 204.815,
                                                "Actual Total Time": 582.226,
                                                "Actual Rows": 231511,
                                                "Actual Loops": 4,
                                                "Output": [
                                                    "t.id",
                                                    "mc.movie_id"
                                                ],
                                                "Inner Unique": false,
                                                "Hash Cond": "(t.id = mc.movie_id)",
                                                "Workers": [
                                                    {
                                                        "Worker Number": 0,
                                                        "Actual Startup Time": 204.831,
                                                        "Actual Total Time": 584.269,
                                                        "Actual Rows": 225730,
                                                        "Actual Loops": 1
                                                    },
                                                    {
                                                        "Worker Number": 1,
                                                        "Actual Startup Time": 204.665,
                                                        "Actual Total Time": 584.546,
                                                        "Actual Rows": 224652,
                                                        "Actual Loops": 1
                                                    },
                                                    {
                                                        "Worker Number": 2,
                                                        "Actual Startup Time": 204.84,
                                                        "Actual Total Time": 581.243,
                                                        "Actual Rows": 229025,
                                                        "Actual Loops": 1
                                                    }
                                                ],
                                                "Plans": [
                                                    {
                                                        "Node Type": "Seq Scan",
                                                        "Parent Relationship": "Outer",
                                                        "Parallel Aware": true,
                                                        "Relation Name": "title",
                                                        "Schema": "public",
                                                        "Alias": "t",
                                                        "Startup Cost": 0.0,
                                                        "Total Cost": 42318.81,
                                                        "Plan Rows": 632080,
                                                        "Plan Width": 4,
                                                        "Actual Startup Time": 0.024,
                                                        "Actual Total Time": 108.165,
                                                        "Actual Rows": 632078,
                                                        "Actual Loops": 4,
                                                        "Output": [
                                                            "t.id",
                                                            "t.title",
                                                            "t.imdb_index",
                                                            "t.kind_id",
                                                            "t.production_year",
                                                            "t.imdb_id",
                                                            "t.phonetic_code",
                                                            "t.episode_of_id",
                                                            "t.season_nr",
                                                            "t.episode_nr",
                                                            "t.series_years",
                                                            "t.md5sum"
                                                        ],
                                                        "Workers": [
                                                            {
                                                                "Worker Number": 0,
                                                                "Actual Startup Time": 0.031,
                                                                "Actual Total Time": 114.351,
                                                                "Actual Rows": 610500,
                                                                "Actual Loops": 1
                                                            },
                                                            {
                                                                "Worker Number": 1,
                                                                "Actual Startup Time": 0.033,
                                                                "Actual Total Time": 114.528,
                                                                "Actual Rows": 604438,
                                                                "Actual Loops": 1
                                                            },
                                                            {
                                                                "Worker Number": 2,
                                                                "Actual Startup Time": 0.027,
                                                                "Actual Total Time": 114.41,
                                                                "Actual Rows": 618793,
                                                                "Actual Loops": 1
                                                            }
                                                        ]
                                                    },
                                                    {
                                                        "Node Type": "Hash",
                                                        "Parent Relationship": "Inner",
                                                        "Parallel Aware": true,
                                                        "Startup Cost": 31414.82,
                                                        "Total Cost": 31414.82,
                                                        "Plan Rows": 337194,
                                                        "Plan Width": 4,
                                                        "Actual Startup Time": 202.019,
                                                        "Actual Total Time": 202.021,
                                                        "Actual Rows": 231511,
                                                        "Actual Loops": 4,
                                                        "Output": [
                                                            "mc.movie_id"
                                                        ],
                                                        "Hash Buckets": 1048576,
                                                        "Original Hash Buckets": 1048576,
                                                        "Hash Batches": 1,
                                                        "Original Hash Batches": 1,
                                                        "Peak Memory Usage": 44448,
                                                        "Workers": [
                                                            {
                                                                "Worker Number": 0,
                                                                "Actual Startup Time": 204.542,
                                                                "Actual Total Time": 204.543,
                                                                "Actual Rows": 219798,
                                                                "Actual Loops": 1
                                                            },
                                                            {
                                                                "Worker Number": 1,
                                                                "Actual Startup Time": 204.507,
                                                                "Actual Total Time": 204.508,
                                                                "Actual Rows": 215876,
                                                                "Actual Loops": 1
                                                            },
                                                            {
                                                                "Worker Number": 2,
                                                                "Actual Startup Time": 204.603,
                                                                "Actual Total Time": 204.604,
                                                                "Actual Rows": 218057,
                                                                "Actual Loops": 1
                                                            }
                                                        ],
                                                        "Plans": [
                                                            {
                                                                "Node Type": "Seq Scan",
                                                                "Parent Relationship": "Outer",
                                                                "Parallel Aware": true,
                                                                "Relation Name": "movie_companies",
                                                                "Schema": "public",
                                                                "Alias": "mc",
                                                                "Startup Cost": 0.0,
                                                                "Total Cost": 31414.82,
                                                                "Plan Rows": 337194,
                                                                "Plan Width": 4,
                                                                "Actual Startup Time": 0.223,
                                                                "Actual Total Time": 110.34,
                                                                "Actual Rows": 231511,
                                                                "Actual Loops": 4,
                                                                "Output": [
                                                                    "mc.movie_id"
                                                                ],
                                                                "Filter": "((mc.company_id > 401) AND (mc.company_type_id < 2))",
                                                                "Rows Removed by Filter": 420772,
                                                                "Workers": [
                                                                    {
                                                                        "Worker Number": 0,
                                                                        "Actual Startup Time": 0.205,
                                                                        "Actual Total Time": 111.95,
                                                                        "Actual Rows": 219798,
                                                                        "Actual Loops": 1
                                                                    },
                                                                    {
                                                                        "Worker Number": 1,
                                                                        "Actual Startup Time": 0.207,
                                                                        "Actual Total Time": 110.632,
                                                                        "Actual Rows": 215876,
                                                                        "Actual Loops": 1
                                                                    },
                                                                    {
                                                                        "Worker Number": 2,
                                                                        "Actual Startup Time": 0.238,
                                                                        "Actual Total Time": 112.332,
                                                                        "Actual Rows": 218057,
                                                                        "Actual Loops": 1
                                                                    }
                                                                ]
                                                            }
                                                        ]
                                                    }
                                                ]
                                            }
                                        ]
                                    }
                                ]
                            }
                        ]
                    }
                ]
            }
        ]
    },
    "Planning Time": 1.537,
    "Triggers": [],
    "Execution Time": 2040.971
}