[
  {
    "Plan": {
      "Node Type": "Aggregate",
      "Strategy": "Plain",
      "Partial Mode": "Finalize",
      "Parallel Aware": false,
      "Startup Cost": 82337.58,
      "Total Cost": 82337.59,
      "Plan Rows": 1,
      "Plan Width": 8,
      "Actual Startup Time": 469.858,
      "Actual Total Time": 484.558,
      "Actual Rows": 1,
      "Actual Loops": 1,
      "Plans": [
        {
          "Node Type": "Gather",
          "Parent Relationship": "Outer",
          "Parallel Aware": false,
          "Startup Cost": 82337.26,
          "Total Cost": 82337.57,
          "Plan Rows": 3,
          "Plan Width": 8,
          "Actual Startup Time": 463.717,
          "Actual Total Time": 484.55,
          "Actual Rows": 4,
          "Actual Loops": 1,
          "Workers Planned": 3,
          "Workers Launched": 3,
          "Single Copy": false,
          "Plans": [
            {
              "Node Type": "Aggregate",
              "Strategy": "Plain",
              "Partial Mode": "Partial",
              "Parent Relationship": "Outer",
              "Parallel Aware": false,
              "Startup Cost": 81337.26,
              "Total Cost": 81337.27,
              "Plan Rows": 1,
              "Plan Width": 8,
              "Actual Startup Time": 452.274,
              "Actual Total Time": 452.277,
              "Actual Rows": 1,
              "Actual Loops": 4,
              "Plans": [
                {
                  "Node Type": "Hash Join",
                  "Parent Relationship": "Outer",
                  "Parallel Aware": true,
                  "Join Type": "Inner",
                  "Startup Cost": 51162.36,
                  "Total Cost": 80933.85,
                  "Plan Rows": 161365,
                  "Plan Width": 0,
                  "Actual Startup Time": 359.002,
                  "Actual Total Time": 446.741,
                  "Actual Rows": 122220,
                  "Actual Loops": 4,
                  "Inner Unique": true,
                  "Hash Cond": "(mc.movie_id = t.id)",
                  "Plans": [
                    {
                      "Node Type": "Seq Scan",
                      "Parent Relationship": "Outer",
                      "Parallel Aware": true,
                      "Relation Name": "movie_companies",
                      "Alias": "mc",
                      "Startup Cost": 0.0,
                      "Total Cost": 29310.68,
                      "Plan Rows": 175546,
                      "Plan Width": 4,
                      "Actual Startup Time": 29.366,
                      "Actual Total Time": 60.901,
                      "Actual Rows": 135351,
                      "Actual Loops": 4,
                      "Filter": "(company_id > 72135)",
                      "Rows Removed by Filter": 516931
                    },
                    {
                      "Node Type": "Hash",
                      "Parent Relationship": "Inner",
                      "Parallel Aware": true,
                      "Startup Cost": 43899.32,
                      "Total Cost": 43899.32,
                      "Plan Rows": 581043,
                      "Plan Width": 4,
                      "Actual Startup Time": 322.185,
                      "Actual Total Time": 322.186,
                      "Actual Rows": 579392,
                      "Actual Loops": 4,
                      "Hash Buckets": 4194304,
                      "Original Hash Buckets": 4194304,
                      "Hash Batches": 1,
                      "Original Hash Batches": 1,
                      "Peak Memory Usage": 123488,
                      "Plans": [
                        {
                          "Node Type": "Seq Scan",
                          "Parent Relationship": "Outer",
                          "Parallel Aware": true,
                          "Relation Name": "title",
                          "Alias": "t",
                          "Startup Cost": 0.0,
                          "Total Cost": 43899.32,
                          "Plan Rows": 581043,
                          "Plan Width": 4,
                          "Actual Startup Time": 0.03,
                          "Actual Total Time": 112.734,
                          "Actual Rows": 579392,
                          "Actual Loops": 4,
                          "Filter": "(production_year > 1938)",
                          "Rows Removed by Filter": 52686
                        }
                      ]
                    }
                  ]
                }
              ]
            }
          ]
        }
      ]
    },
    "Planning Time": 0.226,
    "Triggers": [],
    "Execution Time": 484.591
  }
]