[
  {
    "Plan": {
      "Node Type": "Aggregate",
      "Strategy": "Plain",
      "Partial Mode": "Finalize",
      "Parallel Aware": false,
      "Startup Cost": 350988.77,
      "Total Cost": 350988.78,
      "Plan Rows": 1,
      "Plan Width": 8,
      "Actual Startup Time": 821.718,
      "Actual Total Time": 871.055,
      "Actual Rows": 1,
      "Actual Loops": 1,
      "Plans": [
        {
          "Node Type": "Gather",
          "Parent Relationship": "Outer",
          "Parallel Aware": false,
          "Startup Cost": 350988.14,
          "Total Cost": 350988.75,
          "Plan Rows": 6,
          "Plan Width": 8,
          "Actual Startup Time": 821.559,
          "Actual Total Time": 871.042,
          "Actual Rows": 7,
          "Actual Loops": 1,
          "Workers Planned": 6,
          "Workers Launched": 6,
          "Single Copy": false,
          "Plans": [
            {
              "Node Type": "Aggregate",
              "Strategy": "Plain",
              "Partial Mode": "Partial",
              "Parent Relationship": "Outer",
              "Parallel Aware": false,
              "Startup Cost": 349988.14,
              "Total Cost": 349988.15,
              "Plan Rows": 1,
              "Plan Width": 8,
              "Actual Startup Time": 812.496,
              "Actual Total Time": 812.498,
              "Actual Rows": 1,
              "Actual Loops": 7,
              "Plans": [
                {
                  "Node Type": "Seq Scan",
                  "Parent Relationship": "Outer",
                  "Parallel Aware": true,
                  "Relation Name": "cast_info",
                  "Alias": "ci",
                  "Startup Cost": 0.0,
                  "Total Cost": 343316.27,
                  "Plan Rows": 2668748,
                  "Plan Width": 0,
                  "Actual Startup Time": 166.595,
                  "Actual Total Time": 707.943,
                  "Actual Rows": 2038886,
                  "Actual Loops": 7,
                  "Filter": "((person_id > 1215308) AND (role_id < 4))",
                  "Rows Removed by Filter": 3138878
                }
              ]
            }
          ]
        }
      ]
    },
    "Planning Time": 0.145,
    "Triggers": [],
    "Execution Time": 871.108
  }
]