[
  {
    "Plan": {
      "Node Type": "Aggregate",
      "Strategy": "Plain",
      "Partial Mode": "Finalize",
      "Parallel Aware": false,
      "Startup Cost": 350815.7,
      "Total Cost": 350815.71,
      "Plan Rows": 1,
      "Plan Width": 8,
      "Actual Startup Time": 910.981,
      "Actual Total Time": 979.79,
      "Actual Rows": 1,
      "Actual Loops": 1,
      "Plans": [
        {
          "Node Type": "Gather",
          "Parent Relationship": "Outer",
          "Parallel Aware": false,
          "Startup Cost": 350815.07,
          "Total Cost": 350815.68,
          "Plan Rows": 6,
          "Plan Width": 8,
          "Actual Startup Time": 910.649,
          "Actual Total Time": 979.778,
          "Actual Rows": 7,
          "Actual Loops": 1,
          "Workers Planned": 6,
          "Workers Launched": 6,
          "Single Copy": false,
          "Plans": [
            {
              "Node Type": "Aggregate",
              "Strategy": "Plain",
              "Partial Mode": "Partial",
              "Parent Relationship": "Outer",
              "Parallel Aware": false,
              "Startup Cost": 349815.07,
              "Total Cost": 349815.08,
              "Plan Rows": 1,
              "Plan Width": 8,
              "Actual Startup Time": 900.613,
              "Actual Total Time": 900.614,
              "Actual Rows": 1,
              "Actual Loops": 7,
              "Plans": [
                {
                  "Node Type": "Seq Scan",
                  "Parent Relationship": "Outer",
                  "Parallel Aware": true,
                  "Relation Name": "cast_info",
                  "Alias": "ci",
                  "Startup Cost": 0.0,
                  "Total Cost": 343257.03,
                  "Plan Rows": 2623218,
                  "Plan Width": 0,
                  "Actual Startup Time": 179.76,
                  "Actual Total Time": 792.58,
                  "Actual Rows": 2038886,
                  "Actual Loops": 7,
                  "Filter": "((person_id > 1215308) AND (role_id < 4))",
                  "Rows Removed by Filter": 3138878
                }
              ]
            }
          ]
        }
      ]
    },
    "Planning Time": 0.221,
    "Triggers": [],
    "Execution Time": 979.865
  }
]