{
  "Plan": {
    "Node Type": "Aggregate",
    "Strategy": "Plain",
    "Partial Mode": "Finalize",
    "Parallel Aware": false,
    "Startup Cost": 795404.35,
    "Total Cost": 795404.36,
    "Plan Rows": 1,
    "Plan Width": 64,
    "Actual Startup Time": 4603.059,
    "Actual Total Time": 4678.827,
    "Actual Rows": 1,
    "Actual Loops": 1,
    "Plans": [
      {
        "Node Type": "Gather",
        "Parent Relationship": "Outer",
        "Parallel Aware": false,
        "Startup Cost": 795404.23,
        "Total Cost": 795404.34,
        "Plan Rows": 1,
        "Plan Width": 32,
        "Actual Startup Time": 4599.33,
        "Actual Total Time": 4678.813,
        "Actual Rows": 2,
        "Actual Loops": 1,
        "Workers Planned": 1,
        "Workers Launched": 1,
        "Single Copy": false,
        "Plans": [
          {
            "Node Type": "Aggregate",
            "Strategy": "Plain",
            "Partial Mode": "Partial",
            "Parent Relationship": "Outer",
            "Parallel Aware": false,
            "Startup Cost": 794404.23,
            "Total Cost": 794404.24,
            "Plan Rows": 1,
            "Plan Width": 32,
            "Actual Startup Time": 4591.958,
            "Actual Total Time": 4592.089,
            "Actual Rows": 1,
            "Actual Loops": 2,
            "Plans": [
              {
                "Node Type": "Hash Join",
                "Parent Relationship": "Outer",
                "Parallel Aware": true,
                "Join Type": "Inner",
                "Startup Cost": 789508.49,
                "Total Cost": 794404.23,
                "Plan Rows": 3,
                "Plan Width": 15,
                "Actual Startup Time": 4561.922,
                "Actual Total Time": 4590.541,
                "Actual Rows": 26153,
                "Actual Loops": 2,
                "Inner Unique": false,
                "Hash Cond": "(cn.id = mc.company_id)",
                "Plans": [
                  {
                    "Node Type": "Seq Scan",
                    "Parent Relationship": "Outer",
                    "Parallel Aware": true,
                    "Relation Name": "company_name",
                    "Alias": "cn",
                    "Startup Cost": 0.0,
                    "Total Cost": 4377.34,
                    "Plan Rows": 138234,
                    "Plan Width": 4,
                    "Actual Startup Time": 0.021,
                    "Actual Total Time": 12.195,
                    "Actual Rows": 117498,
                    "Actual Loops": 2
                  },
                  {
                    "Node Type": "Hash",
                    "Parent Relationship": "Inner",
                    "Parallel Aware": true,
                    "Startup Cost": 789508.46,
                    "Total Cost": 789508.46,
                    "Plan Rows": 3,
                    "Plan Width": 19,
                    "Actual Startup Time": 4560.126,
                    "Actual Total Time": 4560.255,
                    "Actual Rows": 26153,
                    "Actual Loops": 2,
                    "Hash Buckets": 65536,
                    "Original Hash Buckets": 1024,
                    "Hash Batches": 1,
                    "Original Hash Batches": 1,
                    "Peak Memory Usage": 3864,
                    "Plans": [
                      {
                        "Node Type": "Hash Join",
                        "Parent Relationship": "Outer",
                        "Parallel Aware": true,
                        "Join Type": "Inner",
                        "Startup Cost": 749615.19,
                        "Total Cost": 789508.46,
                        "Plan Rows": 3,
                        "Plan Width": 19,
                        "Actual Startup Time": 4332.739,
                        "Actual Total Time": 4541.191,
                        "Actual Rows": 26153,
                        "Actual Loops": 2,
                        "Inner Unique": false,
                        "Hash Cond": "(mc.movie_id = t.id)",
                        "Plans": [
                          {
                            "Node Type": "Seq Scan",
                            "Parent Relationship": "Outer",
                            "Parallel Aware": true,
                            "Relation Name": "movie_companies",
                            "Alias": "mc",
                            "Startup Cost": 0.0,
                            "Total Cost": 34137.82,
                            "Plan Rows": 1534782,
                            "Plan Width": 8,
                            "Actual Startup Time": 0.021,
                            "Actual Total Time": 99.176,
                            "Actual Rows": 1304564,
                            "Actual Loops": 2
                          },
                          {
                            "Node Type": "Hash",
                            "Parent Relationship": "Inner",
                            "Parallel Aware": true,
                            "Startup Cost": 749615.15,
                            "Total Cost": 749615.15,
                            "Plan Rows": 3,
                            "Plan Width": 27,
                            "Actual Startup Time": 4331.624,
                            "Actual Total Time": 4331.751,
                            "Actual Rows": 3321,
                            "Actual Loops": 2,
                            "Hash Buckets": 8192,
                            "Original Hash Buckets": 1024,
                            "Hash Batches": 1,
                            "Original Hash Batches": 1,
                            "Peak Memory Usage": 568,
                            "Plans": [
                              {
                                "Node Type": "Hash Join",
                                "Parent Relationship": "Outer",
                                "Parallel Aware": true,
                                "Join Type": "Inner",
                                "Startup Cost": 663081.08,
                                "Total Cost": 749615.15,
                                "Plan Rows": 3,
                                "Plan Width": 27,
                                "Actual Startup Time": 4200.626,
                                "Actual Total Time": 4328.298,
                                "Actual Rows": 3321,
                                "Actual Loops": 2,
                                "Inner Unique": false,
                                "Hash Cond": "(n.id = ci.person_id)",
                                "Plans": [
                                  {
                                    "Node Type": "Seq Scan",
                                    "Parent Relationship": "Outer",
                                    "Parallel Aware": true,
                                    "Relation Name": "name",
                                    "Alias": "n",
                                    "Startup Cost": 0.0,
                                    "Total Cost": 86255.48,
                                    "Plan Rows": 24762,
                                    "Plan Width": 19,
                                    "Actual Startup Time": 81.641,
                                    "Actual Total Time": 196.984,
                                    "Actual Rows": 18087,
                                    "Actual Loops": 2,
                                    "Filter": "(name ~~ 'Z%'::text)",
                                    "Rows Removed by Filter": 2065658
                                  },
                                  {
                                    "Node Type": "Hash",
                                    "Parent Relationship": "Inner",
                                    "Parallel Aware": true,
                                    "Startup Cost": 663077.49,
                                    "Total Cost": 663077.49,
                                    "Plan Rows": 287,
                                    "Plan Width": 16,
                                    "Actual Startup Time": 4118.818,
                                    "Actual Total Time": 4118.942,
                                    "Actual Rows": 519196,
                                    "Actual Loops": 2,
                                    "Hash Buckets": 1048576,
                                    "Original Hash Buckets": 1024,
                                    "Hash Batches": 1,
                                    "Original Hash Batches": 1,
                                    "Peak Memory Usage": 65144,
                                    "Plans": [
                                      {
                                        "Node Type": "Hash Join",
                                        "Parent Relationship": "Outer",
                                        "Parallel Aware": true,
                                        "Join Type": "Inner",
                                        "Startup Cost": 117126.99,
                                        "Total Cost": 663077.49,
                                        "Plan Rows": 287,
                                        "Plan Width": 16,
                                        "Actual Startup Time": 650.515,
                                        "Actual Total Time": 3923.634,
                                        "Actual Rows": 519196,
                                        "Actual Loops": 2,
                                        "Inner Unique": false,
                                        "Hash Cond": "(ci.movie_id = t.id)",
                                        "Plans": [
                                          {
                                            "Node Type": "Seq Scan",
                                            "Parent Relationship": "Outer",
                                            "Parallel Aware": true,
                                            "Relation Name": "cast_info",
                                            "Alias": "ci",
                                            "Startup Cost": 0.0,
                                            "Total Cost": 465968.32,
                                            "Plan Rows": 21328132,
                                            "Plan Width": 8,
                                            "Actual Startup Time": 0.015,
                                            "Actual Total Time": 1368.424,
                                            "Actual Rows": 18122172,
                                            "Actual Loops": 2
                                          },
                                          {
                                            "Node Type": "Hash",
                                            "Parent Relationship": "Inner",
                                            "Parallel Aware": true,
                                            "Startup Cost": 117126.74,
                                            "Total Cost": 117126.74,
                                            "Plan Rows": 20,
                                            "Plan Width": 8,
                                            "Actual Startup Time": 650.427,
                                            "Actual Total Time": 650.547,
                                            "Actual Rows": 20920,
                                            "Actual Loops": 2,
                                            "Hash Buckets": 65536,
                                            "Original Hash Buckets": 1024,
                                            "Hash Batches": 1,
                                            "Original Hash Batches": 1,
                                            "Peak Memory Usage": 2712,
                                            "Plans": [
                                              {
                                                "Node Type": "Hash Join",
                                                "Parent Relationship": "Outer",
                                                "Parallel Aware": true,
                                                "Join Type": "Inner",
                                                "Startup Cost": 60677.44,
                                                "Total Cost": 117126.74,
                                                "Plan Rows": 20,
                                                "Plan Width": 8,
                                                "Actual Startup Time": 345.886,
                                                "Actual Total Time": 606.553,
                                                "Actual Rows": 20920,
                                                "Actual Loops": 2,
                                                "Inner Unique": false,
                                                "Hash Cond": "(t.id = mk.movie_id)",
                                                "Plans": [
                                                  {
                                                    "Node Type": "Seq Scan",
                                                    "Parent Relationship": "Outer",
                                                    "Parallel Aware": true,
                                                    "Relation Name": "title",
                                                    "Alias": "t",
                                                    "Startup Cost": 0.0,
                                                    "Total Cost": 50871.58,
                                                    "Plan Rows": 1487358,
                                                    "Plan Width": 4,
                                                    "Actual Startup Time": 0.007,
                                                    "Actual Total Time": 119.922,
                                                    "Actual Rows": 1264156,
                                                    "Actual Loops": 2
                                                  },
                                                  {
                                                    "Node Type": "Hash",
                                                    "Parent Relationship": "Inner",
                                                    "Parallel Aware": true,
                                                    "Startup Cost": 60677.19,
                                                    "Total Cost": 60677.19,
                                                    "Plan Rows": 20,
                                                    "Plan Width": 4,
                                                    "Actual Startup Time": 345.743,
                                                    "Actual Total Time": 345.747,
                                                    "Actual Rows": 20920,
                                                    "Actual Loops": 2,
                                                    "Hash Buckets": 65536,
                                                    "Original Hash Buckets": 1024,
                                                    "Hash Batches": 1,
                                                    "Original Hash Batches": 1,
                                                    "Peak Memory Usage": 2680,
                                                    "Plans": [
                                                      {
                                                        "Node Type": "Hash Join",
                                                        "Parent Relationship": "Outer",
                                                        "Parallel Aware": false,
                                                        "Join Type": "Inner",
                                                        "Startup Cost": 2626.14,
                                                        "Total Cost": 60677.19,
                                                        "Plan Rows": 20,
                                                        "Plan Width": 4,
                                                        "Actual Startup Time": 24.165,
                                                        "Actual Total Time": 326.555,
                                                        "Actual Rows": 20920,
                                                        "Actual Loops": 2,
                                                        "Inner Unique": true,
                                                        "Hash Cond": "(mk.keyword_id = k.id)",
                                                        "Plans": [
                                                          {
                                                            "Node Type": "Seq Scan",
                                                            "Parent Relationship": "Outer",
                                                            "Parallel Aware": true,
                                                            "Relation Name": "movie_keyword",
                                                            "Alias": "mk",
                                                            "Startup Cost": 0.0,
                                                            "Total Cost": 51065.35,
                                                            "Plan Rows": 2661135,
                                                            "Plan Width": 8,
                                                            "Actual Startup Time": 0.029,
                                                            "Actual Total Time": 161.079,
                                                            "Actual Rows": 2261965,
                                                            "Actual Loops": 2
                                                          },
                                                          {
                                                            "Node Type": "Hash",
                                                            "Parent Relationship": "Inner",
                                                            "Parallel Aware": false,
                                                            "Startup Cost": 2626.12,
                                                            "Total Cost": 2626.12,
                                                            "Plan Rows": 1,
                                                            "Plan Width": 4,
                                                            "Actual Startup Time": 24.056,
                                                            "Actual Total Time": 24.057,
                                                            "Actual Rows": 1,
                                                            "Actual Loops": 2,
                                                            "Hash Buckets": 1024,
                                                            "Original Hash Buckets": 1024,
                                                            "Hash Batches": 1,
                                                            "Original Hash Batches": 1,
                                                            "Peak Memory Usage": 9,
                                                            "Plans": [
                                                              {
                                                                "Node Type": "Seq Scan",
                                                                "Parent Relationship": "Outer",
                                                                "Parallel Aware": false,
                                                                "Relation Name": "keyword",
                                                                "Alias": "k",
                                                                "Startup Cost": 0.0,
                                                                "Total Cost": 2626.12,
                                                                "Plan Rows": 1,
                                                                "Plan Width": 4,
                                                                "Actual Startup Time": 1.437,
                                                                "Actual Total Time": 24.039,
                                                                "Actual Rows": 1,
                                                                "Actual Loops": 2,
                                                                "Filter": "(keyword = 'character-name-in-title'::text)",
                                                                "Rows Removed by Filter": 134169
                                                              }
                                                            ]
                                                          }
                                                        ]
                                                      }
                                                    ]
                                                  }
                                                ]
                                              }
                                            ]
                                          }
                                        ]
                                      }
                                    ]
                                  }
                                ]
                              }
                            ]
                          }
                        ]
                      }
                    ]
                  }
                ]
              }
            ]
          }
        ]
      }
    ]
  },
  "Planning Time": 1.535,
  "Triggers": [],
  "Execution Time": 4679.0
}