[
  {
    "Plan": {
      "Node Type": "Aggregate",
      "Strategy": "Plain",
      "Partial Mode": "Finalize",
      "Parallel Aware": false,
      "Startup Cost": 81813.26,
      "Total Cost": 81813.27,
      "Plan Rows": 1,
      "Plan Width": 8,
      "Actual Startup Time": 462.96,
      "Actual Total Time": 477.155,
      "Actual Rows": 1,
      "Actual Loops": 1,
      "Plans": [
        {
          "Node Type": "Gather",
          "Parent Relationship": "Outer",
          "Parallel Aware": false,
          "Startup Cost": 81812.94,
          "Total Cost": 81813.25,
          "Plan Rows": 3,
          "Plan Width": 8,
          "Actual Startup Time": 459.187,
          "Actual Total Time": 477.143,
          "Actual Rows": 4,
          "Actual Loops": 1,
          "Workers Planned": 3,
          "Workers Launched": 3,
          "Single Copy": false,
          "Plans": [
            {
              "Node Type": "Aggregate",
              "Strategy": "Plain",
              "Partial Mode": "Partial",
              "Parent Relationship": "Outer",
              "Parallel Aware": false,
              "Startup Cost": 80812.94,
              "Total Cost": 80812.95,
              "Plan Rows": 1,
              "Plan Width": 8,
              "Actual Startup Time": 446.494,
              "Actual Total Time": 446.497,
              "Actual Rows": 1,
              "Actual Loops": 4,
              "Plans": [
                {
                  "Node Type": "Hash Join",
                  "Parent Relationship": "Outer",
                  "Parallel Aware": true,
                  "Join Type": "Inner",
                  "Startup Cost": 47807.49,
                  "Total Cost": 80303.53,
                  "Plan Rows": 203764,
                  "Plan Width": 0,
                  "Actual Startup Time": 292.521,
                  "Actual Total Time": 437.24,
                  "Actual Rows": 185547,
                  "Actual Loops": 4,
                  "Inner Unique": true,
                  "Hash Cond": "(mc.movie_id = t.id)",
                  "Plans": [
                    {
                      "Node Type": "Seq Scan",
                      "Parent Relationship": "Outer",
                      "Parallel Aware": true,
                      "Relation Name": "movie_companies",
                      "Alias": "mc",
                      "Startup Cost": 0.0,
                      "Total Cost": 31414.82,
                      "Plan Rows": 411895,
                      "Plan Width": 4,
                      "Actual Startup Time": 34.522,
                      "Actual Total Time": 78.689,
                      "Actual Rows": 311379,
                      "Actual Loops": 4,
                      "Filter": "((company_id < 164079) AND (company_type_id > 1))",
                      "Rows Removed by Filter": 340903
                    },
                    {
                      "Node Type": "Hash",
                      "Parent Relationship": "Inner",
                      "Parallel Aware": true,
                      "Startup Cost": 43898.92,
                      "Total Cost": 43898.92,
                      "Plan Rows": 312686,
                      "Plan Width": 4,
                      "Actual Startup Time": 249.816,
                      "Actual Total Time": 249.817,
                      "Actual Rows": 315925,
                      "Actual Loops": 4,
                      "Hash Buckets": 2097152,
                      "Original Hash Buckets": 2097152,
                      "Hash Batches": 1,
                      "Original Hash Batches": 1,
                      "Peak Memory Usage": 65888,
                      "Plans": [
                        {
                          "Node Type": "Seq Scan",
                          "Parent Relationship": "Outer",
                          "Parallel Aware": true,
                          "Relation Name": "title",
                          "Alias": "t",
                          "Startup Cost": 0.0,
                          "Total Cost": 43898.92,
                          "Plan Rows": 312686,
                          "Plan Width": 4,
                          "Actual Startup Time": 0.039,
                          "Actual Total Time": 118.444,
                          "Actual Rows": 315925,
                          "Actual Loops": 4,
                          "Filter": "(production_year < 2004)",
                          "Rows Removed by Filter": 316153
                        }
                      ]
                    }
                  ]
                }
              ]
            }
          ]
        }
      ]
    },
    "Planning Time": 0.646,
    "Triggers": [],
    "Execution Time": 477.224
  }
]