[
  {
    "Plan": {
      "Node Type": "Hash Join",
      "Parallel Aware": false,
      "Join Type": "Inner",
      "Startup Cost": 8282.86,
      "Total Cost": 76584.4,
      "Plan Rows": 525543,
      "Plan Width": 40,
      "Actual Startup Time": 122.978,
      "Actual Total Time": 556.164,
      "Actual Rows": 521808,
      "Actual Loops": 1,
      "Inner Unique": true,
      "Hash Cond": "(mc.company_id = cn.id)",
      "Plans": [
        {
          "Node Type": "Index Scan",
          "Parent Relationship": "Outer",
          "Parallel Aware": false,
          "Scan Direction": "Forward",
          "Index Name": "company_id_movie_companies",
          "Relation Name": "movie_companies",
          "Alias": "mc",
          "Startup Cost": 0.43,
          "Total Cost": 66922.39,
          "Plan Rows": 525543,
          "Plan Width": 40,
          "Actual Startup Time": 0.045,
          "Actual Total Time": 300.393,
          "Actual Rows": 521808,
          "Actual Loops": 1,
          "Index Cond": "(company_id < 476)",
          "Rows Removed by Index Recheck": 0
        },
        {
          "Node Type": "Hash",
          "Parent Relationship": "Inner",
          "Parallel Aware": false,
          "Startup Cost": 5344.97,
          "Total Cost": 5344.97,
          "Plan Rows": 234997,
          "Plan Width": 4,
          "Actual Startup Time": 119.081,
          "Actual Total Time": 119.083,
          "Actual Rows": 234997,
          "Actual Loops": 1,
          "Hash Buckets": 262144,
          "Original Hash Buckets": 262144,
          "Hash Batches": 1,
          "Original Hash Batches": 1,
          "Peak Memory Usage": 10310,
          "Plans": [
            {
              "Node Type": "Seq Scan",
              "Parent Relationship": "Outer",
              "Parallel Aware": false,
              "Relation Name": "company_name",
              "Alias": "cn",
              "Startup Cost": 0.0,
              "Total Cost": 5344.97,
              "Plan Rows": 234997,
              "Plan Width": 4,
              "Actual Startup Time": 0.088,
              "Actual Total Time": 55.702,
              "Actual Rows": 234997,
              "Actual Loops": 1
            }
          ]
        }
      ]
    },
    "Planning Time": 3.885,
    "Triggers": [],
    "Execution Time": 581.272
  }
]