[
  {
    "Plan": {
      "Node Type": "Hash Join",
      "Parallel Aware": false,
      "Join Type": "Inner",
      "Startup Cost": 8282.43,
      "Total Cost": 61066.12,
      "Plan Rows": 525543,
      "Plan Width": 40,
      "Actual Startup Time": 140.246,
      "Actual Total Time": 579.29,
      "Actual Rows": 521808,
      "Actual Loops": 1,
      "Inner Unique": true,
      "Hash Cond": "(mc.company_id = cn.id)",
      "Plans": [
        {
          "Node Type": "Seq Scan",
          "Parent Relationship": "Outer",
          "Parallel Aware": false,
          "Relation Name": "movie_companies",
          "Alias": "mc",
          "Startup Cost": 0.0,
          "Total Cost": 51404.11,
          "Plan Rows": 525543,
          "Plan Width": 40,
          "Actual Startup Time": 0.034,
          "Actual Total Time": 309.989,
          "Actual Rows": 521808,
          "Actual Loops": 1,
          "Filter": "(company_id < 476)",
          "Rows Removed by Filter": 2087321
        },
        {
          "Node Type": "Hash",
          "Parent Relationship": "Inner",
          "Parallel Aware": false,
          "Startup Cost": 5344.97,
          "Total Cost": 5344.97,
          "Plan Rows": 234997,
          "Plan Width": 4,
          "Actual Startup Time": 137.57,
          "Actual Total Time": 137.571,
          "Actual Rows": 234997,
          "Actual Loops": 1,
          "Hash Buckets": 262144,
          "Original Hash Buckets": 262144,
          "Hash Batches": 1,
          "Original Hash Batches": 1,
          "Peak Memory Usage": 10310,
          "Plans": [
            {
              "Node Type": "Seq Scan",
              "Parent Relationship": "Outer",
              "Parallel Aware": false,
              "Relation Name": "company_name",
              "Alias": "cn",
              "Startup Cost": 0.0,
              "Total Cost": 5344.97,
              "Plan Rows": 234997,
              "Plan Width": 4,
              "Actual Startup Time": 0.061,
              "Actual Total Time": 60.811,
              "Actual Rows": 234997,
              "Actual Loops": 1
            }
          ]
        }
      ]
    },
    "Planning Time": 2.327,
    "Triggers": [],
    "Execution Time": 604.782
  }
]