{
    "Plan": {
        "Node Type": "Aggregate",
        "Strategy": "Plain",
        "Partial Mode": "Finalize",
        "Parallel Aware": false,
        "Startup Cost": 387940.07,
        "Total Cost": 387940.08,
        "Plan Rows": 1,
        "Plan Width": 8,
        "Actual Startup Time": 1627.938,
        "Actual Total Time": 1683.541,
        "Actual Rows": 1,
        "Actual Loops": 1,
        "Output": [
            "count(*)"
        ],
        "Plans": [
            {
                "Node Type": "Gather",
                "Parent Relationship": "Outer",
                "Parallel Aware": false,
                "Startup Cost": 387939.44,
                "Total Cost": 387940.05,
                "Plan Rows": 6,
                "Plan Width": 8,
                "Actual Startup Time": 1623.446,
                "Actual Total Time": 1683.53,
                "Actual Rows": 7,
                "Actual Loops": 1,
                "Output": [
                    "(PARTIAL count(*))"
                ],
                "Workers Planned": 6,
                "Workers Launched": 6,
                "Single Copy": false,
                "Plans": [
                    {
                        "Node Type": "Aggregate",
                        "Strategy": "Plain",
                        "Partial Mode": "Partial",
                        "Parent Relationship": "Outer",
                        "Parallel Aware": false,
                        "Startup Cost": 386939.44,
                        "Total Cost": 386939.45,
                        "Plan Rows": 1,
                        "Plan Width": 8,
                        "Actual Startup Time": 1612.783,
                        "Actual Total Time": 1612.786,
                        "Actual Rows": 1,
                        "Actual Loops": 7,
                        "Output": [
                            "PARTIAL count(*)"
                        ],
                        "Workers": [
                            {
                                "Worker Number": 0,
                                "Actual Startup Time": 1610.903,
                                "Actual Total Time": 1610.906,
                                "Actual Rows": 1,
                                "Actual Loops": 1
                            },
                            {
                                "Worker Number": 1,
                                "Actual Startup Time": 1610.834,
                                "Actual Total Time": 1610.837,
                                "Actual Rows": 1,
                                "Actual Loops": 1
                            },
                            {
                                "Worker Number": 2,
                                "Actual Startup Time": 1610.828,
                                "Actual Total Time": 1610.831,
                                "Actual Rows": 1,
                                "Actual Loops": 1
                            },
                            {
                                "Worker Number": 3,
                                "Actual Startup Time": 1611.049,
                                "Actual Total Time": 1611.052,
                                "Actual Rows": 1,
                                "Actual Loops": 1
                            },
                            {
                                "Worker Number": 4,
                                "Actual Startup Time": 1611.59,
                                "Actual Total Time": 1611.593,
                                "Actual Rows": 1,
                                "Actual Loops": 1
                            },
                            {
                                "Worker Number": 5,
                                "Actual Startup Time": 1611.82,
                                "Actual Total Time": 1611.823,
                                "Actual Rows": 1,
                                "Actual Loops": 1
                            }
                        ],
                        "Plans": [
                            {
                                "Node Type": "Hash Join",
                                "Parent Relationship": "Outer",
                                "Parallel Aware": true,
                                "Join Type": "Inner",
                                "Startup Cost": 46980.28,
                                "Total Cost": 385139.85,
                                "Plan Rows": 719838,
                                "Plan Width": 0,
                                "Actual Startup Time": 272.66,
                                "Actual Total Time": 1576.508,
                                "Actual Rows": 585508,
                                "Actual Loops": 7,
                                "Inner Unique": true,
                                "Hash Cond": "(ci.movie_id = t.id)",
                                "Workers": [
                                    {
                                        "Worker Number": 0,
                                        "Actual Startup Time": 270.341,
                                        "Actual Total Time": 1574.383,
                                        "Actual Rows": 542066,
                                        "Actual Loops": 1
                                    },
                                    {
                                        "Worker Number": 1,
                                        "Actual Startup Time": 270.622,
                                        "Actual Total Time": 1574.092,
                                        "Actual Rows": 545261,
                                        "Actual Loops": 1
                                    },
                                    {
                                        "Worker Number": 2,
                                        "Actual Startup Time": 270.819,
                                        "Actual Total Time": 1574.172,
                                        "Actual Rows": 542352,
                                        "Actual Loops": 1
                                    },
                                    {
                                        "Worker Number": 3,
                                        "Actual Startup Time": 270.796,
                                        "Actual Total Time": 1575.199,
                                        "Actual Rows": 531652,
                                        "Actual Loops": 1
                                    },
                                    {
                                        "Worker Number": 4,
                                        "Actual Startup Time": 272.224,
                                        "Actual Total Time": 1576.588,
                                        "Actual Rows": 516241,
                                        "Actual Loops": 1
                                    },
                                    {
                                        "Worker Number": 5,
                                        "Actual Startup Time": 271.6,
                                        "Actual Total Time": 1577.101,
                                        "Actual Rows": 515899,
                                        "Actual Loops": 1
                                    }
                                ],
                                "Plans": [
                                    {
                                        "Node Type": "Seq Scan",
                                        "Parent Relationship": "Outer",
                                        "Parallel Aware": true,
                                        "Relation Name": "cast_info",
                                        "Schema": "public",
                                        "Alias": "ci",
                                        "Startup Cost": 0.0,
                                        "Total Cost": 328213.62,
                                        "Plan Rows": 3788928,
                                        "Plan Width": 4,
                                        "Actual Startup Time": 165.034,
                                        "Actual Total Time": 739.439,
                                        "Actual Rows": 3248936,
                                        "Actual Loops": 7,
                                        "Output": [
                                            "ci.id",
                                            "ci.person_id",
                                            "ci.movie_id",
                                            "ci.person_role_id",
                                            "ci.note",
                                            "ci.nr_order",
                                            "ci.role_id"
                                        ],
                                        "Filter": "(ci.person_id > 1331016)",
                                        "Rows Removed by Filter": 1928828,
                                        "Workers": [
                                            {
                                                "Worker Number": 0,
                                                "Actual Startup Time": 164.987,
                                                "Actual Total Time": 745.764,
                                                "Actual Rows": 2991110,
                                                "Actual Loops": 1
                                            },
                                            {
                                                "Worker Number": 1,
                                                "Actual Startup Time": 165.131,
                                                "Actual Total Time": 747.452,
                                                "Actual Rows": 3000728,
                                                "Actual Loops": 1
                                            },
                                            {
                                                "Worker Number": 2,
                                                "Actual Startup Time": 164.981,
                                                "Actual Total Time": 746.119,
                                                "Actual Rows": 2987792,
                                                "Actual Loops": 1
                                            },
                                            {
                                                "Worker Number": 3,
                                                "Actual Startup Time": 164.967,
                                                "Actual Total Time": 746.39,
                                                "Actual Rows": 2977101,
                                                "Actual Loops": 1
                                            },
                                            {
                                                "Worker Number": 4,
                                                "Actual Startup Time": 165.011,
                                                "Actual Total Time": 748.53,
                                                "Actual Rows": 2885780,
                                                "Actual Loops": 1
                                            },
                                            {
                                                "Worker Number": 5,
                                                "Actual Startup Time": 165.026,
                                                "Actual Total Time": 745.976,
                                                "Actual Rows": 2867756,
                                                "Actual Loops": 1
                                            }
                                        ]
                                    },
                                    {
                                        "Node Type": "Hash",
                                        "Parent Relationship": "Inner",
                                        "Parallel Aware": true,
                                        "Startup Cost": 45479.21,
                                        "Total Cost": 45479.21,
                                        "Plan Rows": 120086,
                                        "Plan Width": 4,
                                        "Actual Startup Time": 104.913,
                                        "Actual Total Time": 104.914,
                                        "Actual Rows": 50078,
                                        "Actual Loops": 7,
                                        "Output": [
                                            "t.id"
                                        ],
                                        "Hash Buckets": 524288,
                                        "Original Hash Buckets": 524288,
                                        "Hash Batches": 1,
                                        "Original Hash Batches": 1,
                                        "Peak Memory Usage": 17920,
                                        "Workers": [
                                            {
                                                "Worker Number": 0,
                                                "Actual Startup Time": 104.557,
                                                "Actual Total Time": 104.558,
                                                "Actual Rows": 46120,
                                                "Actual Loops": 1
                                            },
                                            {
                                                "Worker Number": 1,
                                                "Actual Startup Time": 104.879,
                                                "Actual Total Time": 104.88,
                                                "Actual Rows": 46358,
                                                "Actual Loops": 1
                                            },
                                            {
                                                "Worker Number": 2,
                                                "Actual Startup Time": 104.865,
                                                "Actual Total Time": 104.866,
                                                "Actual Rows": 46778,
                                                "Actual Loops": 1
                                            },
                                            {
                                                "Worker Number": 3,
                                                "Actual Startup Time": 105.021,
                                                "Actual Total Time": 105.022,
                                                "Actual Rows": 46261,
                                                "Actual Loops": 1
                                            },
                                            {
                                                "Worker Number": 4,
                                                "Actual Startup Time": 105.543,
                                                "Actual Total Time": 105.544,
                                                "Actual Rows": 43346,
                                                "Actual Loops": 1
                                            },
                                            {
                                                "Worker Number": 5,
                                                "Actual Startup Time": 105.703,
                                                "Actual Total Time": 105.704,
                                                "Actual Rows": 43001,
                                                "Actual Loops": 1
                                            }
                                        ],
                                        "Plans": [
                                            {
                                                "Node Type": "Seq Scan",
                                                "Parent Relationship": "Outer",
                                                "Parallel Aware": true,
                                                "Relation Name": "title",
                                                "Schema": "public",
                                                "Alias": "t",
                                                "Startup Cost": 0.0,
                                                "Total Cost": 45479.21,
                                                "Plan Rows": 120086,
                                                "Plan Width": 4,
                                                "Actual Startup Time": 43.134,
                                                "Actual Total Time": 83.2,
                                                "Actual Rows": 50078,
                                                "Actual Loops": 7,
                                                "Output": [
                                                    "t.id"
                                                ],
                                                "Filter": "((t.production_year > 1987) AND (t.kind_id = 1))",
                                                "Rows Removed by Filter": 311110,
                                                "Workers": [
                                                    {
                                                        "Worker Number": 0,
                                                        "Actual Startup Time": 49.168,
                                                        "Actual Total Time": 83.506,
                                                        "Actual Rows": 46120,
                                                        "Actual Loops": 1
                                                    },
                                                    {
                                                        "Worker Number": 1,
                                                        "Actual Startup Time": 49.23,
                                                        "Actual Total Time": 83.768,
                                                        "Actual Rows": 46358,
                                                        "Actual Loops": 1
                                                    },
                                                    {
                                                        "Worker Number": 2,
                                                        "Actual Startup Time": 49.418,
                                                        "Actual Total Time": 84.307,
                                                        "Actual Rows": 46778,
                                                        "Actual Loops": 1
                                                    },
                                                    {
                                                        "Worker Number": 3,
                                                        "Actual Startup Time": 49.375,
                                                        "Actual Total Time": 83.935,
                                                        "Actual Rows": 46261,
                                                        "Actual Loops": 1
                                                    },
                                                    {
                                                        "Worker Number": 4,
                                                        "Actual Startup Time": 49.308,
                                                        "Actual Total Time": 83.38,
                                                        "Actual Rows": 43346,
                                                        "Actual Loops": 1
                                                    },
                                                    {
                                                        "Worker Number": 5,
                                                        "Actual Startup Time": 49.065,
                                                        "Actual Total Time": 83.006,
                                                        "Actual Rows": 43001,
                                                        "Actual Loops": 1
                                                    }
                                                ]
                                            }
                                        ]
                                    }
                                ]
                            }
                        ]
                    }
                ]
            }
        ]
    },
    "Planning Time": 0.765,
    "Triggers": [],
    "Execution Time": 1683.642
}