[
  {
    "Plan": {
      "Node Type": "Aggregate",
      "Strategy": "Plain",
      "Partial Mode": "Finalize",
      "Parallel Aware": false,
      "Startup Cost": 33001.97,
      "Total Cost": 33001.98,
      "Plan Rows": 1,
      "Plan Width": 8,
      "Actual Startup Time": 91.816,
      "Actual Total Time": 99.516,
      "Actual Rows": 1,
      "Actual Loops": 1,
      "Plans": [
        {
          "Node Type": "Gather",
          "Parent Relationship": "Outer",
          "Parallel Aware": false,
          "Startup Cost": 33001.65,
          "Total Cost": 33001.96,
          "Plan Rows": 3,
          "Plan Width": 8,
          "Actual Startup Time": 91.722,
          "Actual Total Time": 99.509,
          "Actual Rows": 4,
          "Actual Loops": 1,
          "Workers Planned": 3,
          "Workers Launched": 3,
          "Single Copy": false,
          "Plans": [
            {
              "Node Type": "Aggregate",
              "Strategy": "Plain",
              "Partial Mode": "Partial",
              "Parent Relationship": "Outer",
              "Parallel Aware": false,
              "Startup Cost": 32001.65,
              "Total Cost": 32001.66,
              "Plan Rows": 1,
              "Plan Width": 8,
              "Actual Startup Time": 85.144,
              "Actual Total Time": 85.145,
              "Actual Rows": 1,
              "Actual Loops": 4,
              "Plans": [
                {
                  "Node Type": "Seq Scan",
                  "Parent Relationship": "Outer",
                  "Parallel Aware": true,
                  "Relation Name": "movie_companies",
                  "Alias": "mc",
                  "Startup Cost": 0.0,
                  "Total Cost": 31414.82,
                  "Plan Rows": 234734,
                  "Plan Width": 0,
                  "Actual Startup Time": 13.696,
                  "Actual Total Time": 78.8,
                  "Actual Rows": 127612,
                  "Actual Loops": 4,
                  "Filter": "((company_id > 8185) AND (company_type_id < 2))",
                  "Rows Removed by Filter": 524670
                }
              ]
            }
          ]
        }
      ]
    },
    "Planning Time": 0.173,
    "Triggers": [],
    "Execution Time": 99.57
  }
]