{
  "Plan": {
    "Node Type": "Aggregate",
    "Strategy": "Plain",
    "Partial Mode": "Finalize",
    "Parallel Aware": false,
    "Startup Cost": 120294.35,
    "Total Cost": 120294.36,
    "Plan Rows": 1,
    "Plan Width": 8,
    "Actual Startup Time": 397.411,
    "Actual Total Time": 414.253,
    "Actual Rows": 1,
    "Actual Loops": 1,
    "Plans": [
      {
        "Node Type": "Gather",
        "Parent Relationship": "Outer",
        "Parallel Aware": false,
        "Startup Cost": 120294.24,
        "Total Cost": 120294.35,
        "Plan Rows": 1,
        "Plan Width": 8,
        "Actual Startup Time": 396.899,
        "Actual Total Time": 414.243,
        "Actual Rows": 2,
        "Actual Loops": 1,
        "Workers Planned": 1,
        "Workers Launched": 1,
        "Single Copy": false,
        "Plans": [
          {
            "Node Type": "Aggregate",
            "Strategy": "Plain",
            "Partial Mode": "Partial",
            "Parent Relationship": "Outer",
            "Parallel Aware": false,
            "Startup Cost": 119294.24,
            "Total Cost": 119294.25,
            "Plan Rows": 1,
            "Plan Width": 8,
            "Actual Startup Time": 391.238,
            "Actual Total Time": 391.241,
            "Actual Rows": 1,
            "Actual Loops": 2,
            "Plans": [
              {
                "Node Type": "Hash Join",
                "Parent Relationship": "Outer",
                "Parallel Aware": true,
                "Join Type": "Inner",
                "Startup Cost": 59089.26,
                "Total Cost": 119198.36,
                "Plan Rows": 38352,
                "Plan Width": 0,
                "Actual Startup Time": 160.35,
                "Actual Total Time": 390.815,
                "Actual Rows": 8537,
                "Actual Loops": 2,
                "Inner Unique": true,
                "Hash Cond": "(mk.movie_id = t.id)",
                "Plans": [
                  {
                    "Node Type": "Seq Scan",
                    "Parent Relationship": "Outer",
                    "Parallel Aware": true,
                    "Relation Name": "movie_keyword",
                    "Alias": "mk",
                    "Startup Cost": 0.0,
                    "Total Cost": 57718.19,
                    "Plan Rows": 910823,
                    "Plan Width": 4,
                    "Actual Startup Time": 0.913,
                    "Actual Total Time": 166.997,
                    "Actual Rows": 777038,
                    "Actual Loops": 2,
                    "Filter": "(keyword_id > 10143)",
                    "Rows Removed by Filter": 1484926
                  },
                  {
                    "Node Type": "Hash",
                    "Parent Relationship": "Inner",
                    "Parallel Aware": true,
                    "Startup Cost": 58306.47,
                    "Total Cost": 58306.47,
                    "Plan Rows": 62623,
                    "Plan Width": 4,
                    "Actual Startup Time": 156.713,
                    "Actual Total Time": 156.714,
                    "Actual Rows": 57982,
                    "Actual Loops": 2,
                    "Hash Buckets": 131072,
                    "Original Hash Buckets": 131072,
                    "Hash Batches": 1,
                    "Original Hash Batches": 1,
                    "Peak Memory Usage": 5600,
                    "Plans": [
                      {
                        "Node Type": "Seq Scan",
                        "Parent Relationship": "Outer",
                        "Parallel Aware": true,
                        "Relation Name": "title",
                        "Alias": "t",
                        "Startup Cost": 0.0,
                        "Total Cost": 58306.47,
                        "Plan Rows": 62623,
                        "Plan Width": 4,
                        "Actual Startup Time": 0.037,
                        "Actual Total Time": 140.868,
                        "Actual Rows": 57982,
                        "Actual Loops": 2,
                        "Filter": "((kind_id > 3) AND (production_year = 2012))",
                        "Rows Removed by Filter": 1206174
                      }
                    ]
                  }
                ]
              }
            ]
          }
        ]
      }
    ]
  },
  "Planning Time": 0.465,
  "Triggers": [],
  "Execution Time": 414.324
}