[
  {
    "Plan": {
      "Node Type": "Aggregate",
      "Strategy": "Plain",
      "Partial Mode": "Finalize",
      "Parallel Aware": false,
      "Startup Cost": 419615.32,
      "Total Cost": 419615.33,
      "Plan Rows": 1,
      "Plan Width": 8,
      "Actual Startup Time": 924.659,
      "Actual Total Time": 954.942,
      "Actual Rows": 1,
      "Actual Loops": 1,
      "Plans": [
        {
          "Node Type": "Gather",
          "Parent Relationship": "Outer",
          "Parallel Aware": false,
          "Startup Cost": 419615.0,
          "Total Cost": 419615.31,
          "Plan Rows": 3,
          "Plan Width": 8,
          "Actual Startup Time": 919.289,
          "Actual Total Time": 954.934,
          "Actual Rows": 4,
          "Actual Loops": 1,
          "Workers Planned": 3,
          "Workers Launched": 3,
          "Single Copy": false,
          "Plans": [
            {
              "Node Type": "Aggregate",
              "Strategy": "Plain",
              "Partial Mode": "Partial",
              "Parent Relationship": "Outer",
              "Parallel Aware": false,
              "Startup Cost": 418615.0,
              "Total Cost": 418615.01,
              "Plan Rows": 1,
              "Plan Width": 8,
              "Actual Startup Time": 910.165,
              "Actual Total Time": 910.172,
              "Actual Rows": 1,
              "Actual Loops": 4,
              "Plans": [
                {
                  "Node Type": "Hash Join",
                  "Parent Relationship": "Outer",
                  "Parallel Aware": true,
                  "Join Type": "Inner",
                  "Startup Cost": 372890.03,
                  "Total Cost": 417891.9,
                  "Plan Rows": 289239,
                  "Plan Width": 0,
                  "Actual Startup Time": 599.769,
                  "Actual Total Time": 860.385,
                  "Actual Rows": 1000486,
                  "Actual Loops": 4,
                  "Inner Unique": false,
                  "Hash Cond": "(mk.movie_id = t.id)",
                  "Plans": [
                    {
                      "Node Type": "Seq Scan",
                      "Parent Relationship": "Outer",
                      "Parallel Aware": true,
                      "Relation Name": "movie_keyword",
                      "Alias": "mk",
                      "Startup Cost": 0.0,
                      "Total Cost": 39047.32,
                      "Plan Rows": 1459332,
                      "Plan Width": 4,
                      "Actual Startup Time": 0.029,
                      "Actual Total Time": 101.432,
                      "Actual Rows": 1130982,
                      "Actual Loops": 4
                    },
                    {
                      "Node Type": "Hash",
                      "Parent Relationship": "Inner",
                      "Parallel Aware": true,
                      "Startup Cost": 371846.0,
                      "Total Cost": 371846.0,
                      "Plan Rows": 83522,
                      "Plan Width": 8,
                      "Actual Startup Time": 556.556,
                      "Actual Total Time": 556.561,
                      "Actual Rows": 64688,
                      "Actual Loops": 4,
                      "Hash Buckets": 524288,
                      "Original Hash Buckets": 524288,
                      "Hash Batches": 1,
                      "Original Hash Batches": 1,
                      "Peak Memory Usage": 14304,
                      "Plans": [
                        {
                          "Node Type": "Hash Join",
                          "Parent Relationship": "Outer",
                          "Parallel Aware": true,
                          "Join Type": "Inner",
                          "Startup Cost": 110933.16,
                          "Total Cost": 371846.0,
                          "Plan Rows": 83522,
                          "Plan Width": 8,
                          "Actual Startup Time": 398.185,
                          "Actual Total Time": 532.242,
                          "Actual Rows": 64688,
                          "Actual Loops": 4,
                          "Inner Unique": true,
                          "Hash Cond": "(ci.movie_id = t.id)",
                          "Plans": [
                            {
                              "Node Type": "Bitmap Heap Scan",
                              "Parent Relationship": "Outer",
                              "Parallel Aware": true,
                              "Relation Name": "cast_info",
                              "Alias": "ci",
                              "Startup Cost": 64970.81,
                              "Total Cost": 325043.94,
                              "Plan Rows": 319885,
                              "Plan Width": 4,
                              "Actual Startup Time": 210.681,
                              "Actual Total Time": 275.094,
                              "Actual Rows": 213622,
                              "Actual Loops": 4,
                              "Recheck Cond": "(person_id < 296236)",
                              "Rows Removed by Index Recheck": 0,
                              "Filter": "(role_id > 1)",
                              "Rows Removed by Filter": 549470,
                              "Exact Heap Blocks": 12142,
                              "Lossy Heap Blocks": 0,
                              "Plans": [
                                {
                                  "Node Type": "Bitmap Index Scan",
                                  "Parent Relationship": "Outer",
                                  "Parallel Aware": false,
                                  "Index Name": "person_id_cast_info",
                                  "Startup Cost": 0.0,
                                  "Total Cost": 64490.98,
                                  "Plan Rows": 2954455,
                                  "Plan Width": 0,
                                  "Actual Startup Time": 108.049,
                                  "Actual Total Time": 108.05,
                                  "Actual Rows": 3052367,
                                  "Actual Loops": 1,
                                  "Index Cond": "(person_id < 296236)"
                                }
                              ]
                            },
                            {
                              "Node Type": "Hash",
                              "Parent Relationship": "Inner",
                              "Parallel Aware": true,
                              "Startup Cost": 43899.32,
                              "Total Cost": 43899.32,
                              "Plan Rows": 165043,
                              "Plan Width": 4,
                              "Actual Startup Time": 185.215,
                              "Actual Total Time": 185.215,
                              "Actual Rows": 165706,
                              "Actual Loops": 4,
                              "Hash Buckets": 1048576,
                              "Original Hash Buckets": 1048576,
                              "Hash Batches": 1,
                              "Original Hash Batches": 1,
                              "Peak Memory Usage": 34176,
                              "Plans": [
                                {
                                  "Node Type": "Seq Scan",
                                  "Parent Relationship": "Outer",
                                  "Parallel Aware": true,
                                  "Relation Name": "title",
                                  "Alias": "t",
                                  "Startup Cost": 0.0,
                                  "Total Cost": 43899.32,
                                  "Plan Rows": 165043,
                                  "Plan Width": 4,
                                  "Actual Startup Time": 46.781,
                                  "Actual Total Time": 113.227,
                                  "Actual Rows": 165706,
                                  "Actual Loops": 4,
                                  "Filter": "(kind_id = 1)",
                                  "Rows Removed by Filter": 466372
                                }
                              ]
                            }
                          ]
                        }
                      ]
                    }
                  ]
                }
              ]
            }
          ]
        }
      ]
    },
    "Planning Time": 0.564,
    "Triggers": [],
    "Execution Time": 955.004
  }
]