[
  {
    "Plan": {
      "Node Type": "Aggregate",
      "Strategy": "Plain",
      "Partial Mode": "Finalize",
      "Parallel Aware": false,
      "Startup Cost": 393580.37,
      "Total Cost": 393580.38,
      "Plan Rows": 1,
      "Plan Width": 8,
      "Actual Startup Time": 818.381,
      "Actual Total Time": 856.676,
      "Actual Rows": 1,
      "Actual Loops": 1,
      "Plans": [
        {
          "Node Type": "Gather",
          "Parent Relationship": "Outer",
          "Parallel Aware": false,
          "Startup Cost": 393579.75,
          "Total Cost": 393580.36,
          "Plan Rows": 6,
          "Plan Width": 8,
          "Actual Startup Time": 816.181,
          "Actual Total Time": 856.664,
          "Actual Rows": 7,
          "Actual Loops": 1,
          "Workers Planned": 6,
          "Workers Launched": 6,
          "Single Copy": false,
          "Plans": [
            {
              "Node Type": "Aggregate",
              "Strategy": "Plain",
              "Partial Mode": "Partial",
              "Parent Relationship": "Outer",
              "Parallel Aware": false,
              "Startup Cost": 392579.75,
              "Total Cost": 392579.76,
              "Plan Rows": 1,
              "Plan Width": 8,
              "Actual Startup Time": 804.555,
              "Actual Total Time": 804.597,
              "Actual Rows": 1,
              "Actual Loops": 7,
              "Plans": [
                {
                  "Node Type": "Hash Join",
                  "Parent Relationship": "Outer",
                  "Parallel Aware": true,
                  "Join Type": "Inner",
                  "Startup Cost": 46065.35,
                  "Total Cost": 392226.6,
                  "Plan Rows": 141258,
                  "Plan Width": 0,
                  "Actual Startup Time": 206.728,
                  "Actual Total Time": 793.681,
                  "Actual Rows": 215891,
                  "Actual Loops": 7,
                  "Inner Unique": true,
                  "Hash Cond": "(ci.movie_id = t.id)",
                  "Plans": [
                    {
                      "Node Type": "Index Scan",
                      "Parent Relationship": "Outer",
                      "Parallel Aware": true,
                      "Scan Direction": "Forward",
                      "Index Name": "role_id_cast_info",
                      "Relation Name": "cast_info",
                      "Alias": "ci",
                      "Startup Cost": 0.56,
                      "Total Cost": 341155.22,
                      "Plan Rows": 1907270,
                      "Plan Width": 4,
                      "Actual Startup Time": 92.069,
                      "Actual Total Time": 415.146,
                      "Actual Rows": 1427714,
                      "Actual Loops": 7,
                      "Index Cond": "(role_id = 1)",
                      "Rows Removed by Index Recheck": 0,
                      "Filter": "(person_id > 356441)",
                      "Rows Removed by Filter": 382384
                    },
                    {
                      "Node Type": "Hash",
                      "Parent Relationship": "Inner",
                      "Parallel Aware": true,
                      "Startup Cost": 45479.59,
                      "Total Cost": 45479.59,
                      "Plan Rows": 46816,
                      "Plan Width": 4,
                      "Actual Startup Time": 112.163,
                      "Actual Total Time": 112.164,
                      "Actual Rows": 46576,
                      "Actual Loops": 7,
                      "Hash Buckets": 524288,
                      "Original Hash Buckets": 262144,
                      "Hash Batches": 1,
                      "Original Hash Batches": 1,
                      "Peak Memory Usage": 19040,
                      "Plans": [
                        {
                          "Node Type": "Seq Scan",
                          "Parent Relationship": "Outer",
                          "Parallel Aware": true,
                          "Relation Name": "title",
                          "Alias": "t",
                          "Startup Cost": 0.0,
                          "Total Cost": 45479.59,
                          "Plan Rows": 46816,
                          "Plan Width": 4,
                          "Actual Startup Time": 49.91,
                          "Actual Total Time": 82.906,
                          "Actual Rows": 46576,
                          "Actual Loops": 7,
                          "Filter": "((production_year < 1992) AND (kind_id = 1))",
                          "Rows Removed by Filter": 314611
                        }
                      ]
                    }
                  ]
                }
              ]
            }
          ]
        }
      ]
    },
    "Planning Time": 0.695,
    "Triggers": [],
    "Execution Time": 856.772
  }
]