[
  {
    "Plan": {
      "Node Type": "Aggregate",
      "Strategy": "Plain",
      "Partial Mode": "Finalize",
      "Parallel Aware": false,
      "Startup Cost": 387578.55,
      "Total Cost": 387578.56,
      "Plan Rows": 1,
      "Plan Width": 8,
      "Actual Startup Time": 793.826,
      "Actual Total Time": 823.074,
      "Actual Rows": 1,
      "Actual Loops": 1,
      "Plans": [
        {
          "Node Type": "Gather",
          "Parent Relationship": "Outer",
          "Parallel Aware": false,
          "Startup Cost": 387577.92,
          "Total Cost": 387578.53,
          "Plan Rows": 6,
          "Plan Width": 8,
          "Actual Startup Time": 791.178,
          "Actual Total Time": 823.066,
          "Actual Rows": 7,
          "Actual Loops": 1,
          "Workers Planned": 6,
          "Workers Launched": 6,
          "Single Copy": false,
          "Plans": [
            {
              "Node Type": "Aggregate",
              "Strategy": "Plain",
              "Partial Mode": "Partial",
              "Parent Relationship": "Outer",
              "Parallel Aware": false,
              "Startup Cost": 386577.92,
              "Total Cost": 386577.93,
              "Plan Rows": 1,
              "Plan Width": 8,
              "Actual Startup Time": 780.076,
              "Actual Total Time": 780.115,
              "Actual Rows": 1,
              "Actual Loops": 7,
              "Plans": [
                {
                  "Node Type": "Hash Join",
                  "Parent Relationship": "Outer",
                  "Parallel Aware": true,
                  "Join Type": "Inner",
                  "Startup Cost": 46074.39,
                  "Total Cost": 386225.49,
                  "Plan Rows": 140971,
                  "Plan Width": 0,
                  "Actual Startup Time": 187.565,
                  "Actual Total Time": 769.472,
                  "Actual Rows": 215891,
                  "Actual Loops": 7,
                  "Inner Unique": true,
                  "Hash Cond": "(ci.movie_id = t.id)",
                  "Plans": [
                    {
                      "Node Type": "Index Scan",
                      "Parent Relationship": "Outer",
                      "Parallel Aware": true,
                      "Scan Direction": "Forward",
                      "Index Name": "role_id_cast_info",
                      "Relation Name": "cast_info",
                      "Alias": "ci",
                      "Startup Cost": 0.56,
                      "Total Cost": 335235.55,
                      "Plan Rows": 1872804,
                      "Plan Width": 4,
                      "Actual Startup Time": 79.93,
                      "Actual Total Time": 391.192,
                      "Actual Rows": 1427714,
                      "Actual Loops": 7,
                      "Index Cond": "(role_id = 1)",
                      "Rows Removed by Index Recheck": 0,
                      "Filter": "(person_id > 356441)",
                      "Rows Removed by Filter": 382384
                    },
                    {
                      "Node Type": "Hash",
                      "Parent Relationship": "Inner",
                      "Parallel Aware": true,
                      "Startup Cost": 45479.1,
                      "Total Cost": 45479.1,
                      "Plan Rows": 47578,
                      "Plan Width": 4,
                      "Actual Startup Time": 105.297,
                      "Actual Total Time": 105.298,
                      "Actual Rows": 46576,
                      "Actual Loops": 7,
                      "Hash Buckets": 524288,
                      "Original Hash Buckets": 262144,
                      "Hash Batches": 1,
                      "Original Hash Batches": 1,
                      "Peak Memory Usage": 19008,
                      "Plans": [
                        {
                          "Node Type": "Seq Scan",
                          "Parent Relationship": "Outer",
                          "Parallel Aware": true,
                          "Relation Name": "title",
                          "Alias": "t",
                          "Startup Cost": 0.0,
                          "Total Cost": 45479.1,
                          "Plan Rows": 47578,
                          "Plan Width": 4,
                          "Actual Startup Time": 49.09,
                          "Actual Total Time": 79.508,
                          "Actual Rows": 46576,
                          "Actual Loops": 7,
                          "Filter": "((production_year < 1992) AND (kind_id = 1))",
                          "Rows Removed by Filter": 314611
                        }
                      ]
                    }
                  ]
                }
              ]
            }
          ]
        }
      ]
    },
    "Planning Time": 0.675,
    "Triggers": [],
    "Execution Time": 823.153
  }
]