[
  {
    "Plan": {
      "Node Type": "Aggregate",
      "Strategy": "Plain",
      "Partial Mode": "Finalize",
      "Parallel Aware": false,
      "Startup Cost": 33084.25,
      "Total Cost": 33084.26,
      "Plan Rows": 1,
      "Plan Width": 8,
      "Actual Startup Time": 99.414,
      "Actual Total Time": 107.043,
      "Actual Rows": 1,
      "Actual Loops": 1,
      "Plans": [
        {
          "Node Type": "Gather",
          "Parent Relationship": "Outer",
          "Parallel Aware": false,
          "Startup Cost": 33083.93,
          "Total Cost": 33084.24,
          "Plan Rows": 3,
          "Plan Width": 8,
          "Actual Startup Time": 99.317,
          "Actual Total Time": 107.034,
          "Actual Rows": 4,
          "Actual Loops": 1,
          "Workers Planned": 3,
          "Workers Launched": 3,
          "Single Copy": false,
          "Plans": [
            {
              "Node Type": "Aggregate",
              "Strategy": "Plain",
              "Partial Mode": "Partial",
              "Parent Relationship": "Outer",
              "Parallel Aware": false,
              "Startup Cost": 32083.93,
              "Total Cost": 32083.94,
              "Plan Rows": 1,
              "Plan Width": 8,
              "Actual Startup Time": 92.365,
              "Actual Total Time": 92.366,
              "Actual Rows": 1,
              "Actual Loops": 4,
              "Plans": [
                {
                  "Node Type": "Seq Scan",
                  "Parent Relationship": "Outer",
                  "Parallel Aware": true,
                  "Relation Name": "movie_companies",
                  "Alias": "mc",
                  "Startup Cost": 0.0,
                  "Total Cost": 31414.82,
                  "Plan Rows": 267645,
                  "Plan Width": 0,
                  "Actual Startup Time": 46.581,
                  "Actual Total Time": 81.815,
                  "Actual Rows": 261040,
                  "Actual Loops": 4,
                  "Filter": "((company_id > 4242) AND (company_type_id > 1))",
                  "Rows Removed by Filter": 391242
                }
              ]
            }
          ]
        }
      ]
    },
    "Planning Time": 0.244,
    "Triggers": [],
    "Execution Time": 107.101
  }
]