[
  {
    "Plan": {
      "Node Type": "Aggregate",
      "Strategy": "Plain",
      "Partial Mode": "Simple",
      "Parallel Aware": false,
      "Startup Cost": 1059.82,
      "Total Cost": 1059.83,
      "Plan Rows": 1,
      "Plan Width": 8,
      "Actual Startup Time": 0.135,
      "Actual Total Time": 0.136,
      "Actual Rows": 1,
      "Actual Loops": 1,
      "Plans": [
        {
          "Node Type": "Index Scan",
          "Parent Relationship": "Outer",
          "Parallel Aware": false,
          "Scan Direction": "Forward",
          "Index Name": "person_id_cast_info",
          "Relation Name": "cast_info",
          "Alias": "ci",
          "Startup Cost": 0.56,
          "Total Cost": 1059.67,
          "Plan Rows": 60,
          "Plan Width": 0,
          "Actual Startup Time": 0.1,
          "Actual Total Time": 0.123,
          "Actual Rows": 35,
          "Actual Loops": 1,
          "Index Cond": "(person_id = 3959613)",
          "Rows Removed by Index Recheck": 0,
          "Filter": "(role_id = 10)",
          "Rows Removed by Filter": 0
        }
      ]
    },
    "Planning Time": 0.23,
    "Triggers": [],
    "Execution Time": 0.183
  }
]