{
  "Plan": {
    "Node Type": "Aggregate",
    "Strategy": "Plain",
    "Partial Mode": "Finalize",
    "Parallel Aware": false,
    "Startup Cost": 585763.74,
    "Total Cost": 585763.75,
    "Plan Rows": 1,
    "Plan Width": 8,
    "Actual Startup Time": 2097.144,
    "Actual Total Time": 2140.18,
    "Actual Rows": 1,
    "Actual Loops": 1,
    "Plans": [
      {
        "Node Type": "Gather",
        "Parent Relationship": "Outer",
        "Parallel Aware": false,
        "Startup Cost": 585763.63,
        "Total Cost": 585763.74,
        "Plan Rows": 1,
        "Plan Width": 8,
        "Actual Startup Time": 2096.693,
        "Actual Total Time": 2140.17,
        "Actual Rows": 2,
        "Actual Loops": 1,
        "Workers Planned": 1,
        "Workers Launched": 1,
        "Single Copy": false,
        "Plans": [
          {
            "Node Type": "Aggregate",
            "Strategy": "Plain",
            "Partial Mode": "Partial",
            "Parent Relationship": "Outer",
            "Parallel Aware": false,
            "Startup Cost": 584763.63,
            "Total Cost": 584763.64,
            "Plan Rows": 1,
            "Plan Width": 8,
            "Actual Startup Time": 2090.616,
            "Actual Total Time": 2090.62,
            "Actual Rows": 1,
            "Actual Loops": 2,
            "Plans": [
              {
                "Node Type": "Hash Join",
                "Parent Relationship": "Outer",
                "Parallel Aware": true,
                "Join Type": "Inner",
                "Startup Cost": 56417.6,
                "Total Cost": 584352.79,
                "Plan Rows": 164337,
                "Plan Width": 0,
                "Actual Startup Time": 144.157,
                "Actual Total Time": 2082.435,
                "Actual Rows": 159272,
                "Actual Loops": 2,
                "Inner Unique": true,
                "Hash Cond": "(ci.movie_id = t.id)",
                "Plans": [
                  {
                    "Node Type": "Index Scan",
                    "Parent Relationship": "Outer",
                    "Parallel Aware": true,
                    "Scan Direction": "Forward",
                    "Index Name": "role_id_cast_info",
                    "Relation Name": "cast_info",
                    "Alias": "ci",
                    "Startup Cost": 0.56,
                    "Total Cost": 502630.18,
                    "Plan Rows": 9640203,
                    "Plan Width": 4,
                    "Actual Startup Time": 0.207,
                    "Actual Total Time": 1066.663,
                    "Actual Rows": 8060842,
                    "Actual Loops": 2,
                    "Index Cond": "(role_id > 2)",
                    "Rows Removed by Index Recheck": 0
                  },
                  {
                    "Node Type": "Hash",
                    "Parent Relationship": "Inner",
                    "Parallel Aware": true,
                    "Startup Cost": 56100.12,
                    "Total Cost": 56100.12,
                    "Plan Rows": 25353,
                    "Plan Width": 4,
                    "Actual Startup Time": 142.61,
                    "Actual Total Time": 142.611,
                    "Actual Rows": 18805,
                    "Actual Loops": 2,
                    "Hash Buckets": 65536,
                    "Original Hash Buckets": 65536,
                    "Hash Batches": 1,
                    "Original Hash Batches": 1,
                    "Peak Memory Usage": 2016,
                    "Plans": [
                      {
                        "Node Type": "Bitmap Heap Scan",
                        "Parent Relationship": "Outer",
                        "Parallel Aware": true,
                        "Relation Name": "title",
                        "Alias": "t",
                        "Startup Cost": 13449.73,
                        "Total Cost": 56100.12,
                        "Plan Rows": 25353,
                        "Plan Width": 4,
                        "Actual Startup Time": 51.657,
                        "Actual Total Time": 137.919,
                        "Actual Rows": 18805,
                        "Actual Loops": 2,
                        "Recheck Cond": "(kind_id < 3)",
                        "Rows Removed by Index Recheck": 0,
                        "Filter": "(production_year = 2010)",
                        "Rows Removed by Filter": 358034,
                        "Exact Heap Blocks": 27587,
                        "Lossy Heap Blocks": 0,
                        "Plans": [
                          {
                            "Node Type": "Bitmap Index Scan",
                            "Parent Relationship": "Outer",
                            "Parallel Aware": false,
                            "Index Name": "kind_id_title",
                            "Startup Cost": 0.0,
                            "Total Cost": 13438.96,
                            "Plan Rows": 753937,
                            "Plan Width": 0,
                            "Actual Startup Time": 50.357,
                            "Actual Total Time": 50.358,
                            "Actual Rows": 753677,
                            "Actual Loops": 1,
                            "Index Cond": "(kind_id < 3)"
                          }
                        ]
                      }
                    ]
                  }
                ]
              }
            ]
          }
        ]
      }
    ]
  },
  "Planning Time": 0.532,
  "Triggers": [],
  "Execution Time": 2140.284
}