[
  {
    "Plan": {
      "Node Type": "Aggregate",
      "Strategy": "Plain",
      "Partial Mode": "Finalize",
      "Parallel Aware": false,
      "Startup Cost": 51451.15,
      "Total Cost": 51451.16,
      "Plan Rows": 1,
      "Plan Width": 8,
      "Actual Startup Time": 83.054,
      "Actual Total Time": 94.874,
      "Actual Rows": 1,
      "Actual Loops": 1,
      "Plans": [
        {
          "Node Type": "Gather",
          "Parent Relationship": "Outer",
          "Parallel Aware": false,
          "Startup Cost": 51450.73,
          "Total Cost": 51451.14,
          "Plan Rows": 4,
          "Plan Width": 8,
          "Actual Startup Time": 82.857,
          "Actual Total Time": 94.864,
          "Actual Rows": 5,
          "Actual Loops": 1,
          "Workers Planned": 4,
          "Workers Launched": 4,
          "Single Copy": false,
          "Plans": [
            {
              "Node Type": "Aggregate",
              "Strategy": "Plain",
              "Partial Mode": "Partial",
              "Parent Relationship": "Outer",
              "Parallel Aware": false,
              "Startup Cost": 50450.73,
              "Total Cost": 50450.74,
              "Plan Rows": 1,
              "Plan Width": 8,
              "Actual Startup Time": 77.495,
              "Actual Total Time": 77.497,
              "Actual Rows": 1,
              "Actual Loops": 5,
              "Plans": [
                {
                  "Node Type": "Nested Loop",
                  "Parent Relationship": "Outer",
                  "Parallel Aware": false,
                  "Join Type": "Inner",
                  "Startup Cost": 0.43,
                  "Total Cost": 50449.61,
                  "Plan Rows": 447,
                  "Plan Width": 0,
                  "Actual Startup Time": 75.29,
                  "Actual Total Time": 77.489,
                  "Actual Rows": 1,
                  "Actual Loops": 5,
                  "Inner Unique": false,
                  "Plans": [
                    {
                      "Node Type": "Seq Scan",
                      "Parent Relationship": "Outer",
                      "Parallel Aware": true,
                      "Relation Name": "title",
                      "Alias": "t",
                      "Startup Cost": 0.0,
                      "Total Cost": 45479.59,
                      "Plan Rows": 538,
                      "Plan Width": 4,
                      "Actual Startup Time": 0.994,
                      "Actual Total Time": 76.937,
                      "Actual Rows": 29,
                      "Actual Loops": 5,
                      "Filter": "((kind_id > 4) AND (production_year > 2013))",
                      "Rows Removed by Filter": 505633
                    },
                    {
                      "Node Type": "Index Scan",
                      "Parent Relationship": "Inner",
                      "Parallel Aware": false,
                      "Scan Direction": "Forward",
                      "Index Name": "movie_id_movie_keyword",
                      "Relation Name": "movie_keyword",
                      "Alias": "mk",
                      "Startup Cost": 0.43,
                      "Total Cost": 9.03,
                      "Plan Rows": 21,
                      "Plan Width": 4,
                      "Actual Startup Time": 0.018,
                      "Actual Total Time": 0.018,
                      "Actual Rows": 0,
                      "Actual Loops": 145,
                      "Index Cond": "(movie_id = t.id)",
                      "Rows Removed by Index Recheck": 0,
                      "Filter": "(keyword_id > 5817)",
                      "Rows Removed by Filter": 0
                    }
                  ]
                }
              ]
            }
          ]
        }
      ]
    },
    "Planning Time": 0.314,
    "Triggers": [],
    "Execution Time": 94.93
  }
]