{
  "Plan": {
    "Node Type": "Aggregate",
    "Strategy": "Plain",
    "Partial Mode": "Finalize",
    "Parallel Aware": false,
    "Startup Cost": 847404.42,
    "Total Cost": 847404.43,
    "Plan Rows": 1,
    "Plan Width": 8,
    "Actual Startup Time": 3840.867,
    "Actual Total Time": 3947.077,
    "Actual Rows": 1,
    "Actual Loops": 1,
    "Plans": [
      {
        "Node Type": "Gather",
        "Parent Relationship": "Outer",
        "Parallel Aware": false,
        "Startup Cost": 847404.31,
        "Total Cost": 847404.42,
        "Plan Rows": 1,
        "Plan Width": 8,
        "Actual Startup Time": 3840.538,
        "Actual Total Time": 3947.068,
        "Actual Rows": 2,
        "Actual Loops": 1,
        "Workers Planned": 1,
        "Workers Launched": 1,
        "Single Copy": false,
        "Plans": [
          {
            "Node Type": "Aggregate",
            "Strategy": "Plain",
            "Partial Mode": "Partial",
            "Parent Relationship": "Outer",
            "Parallel Aware": false,
            "Startup Cost": 846404.31,
            "Total Cost": 846404.32,
            "Plan Rows": 1,
            "Plan Width": 8,
            "Actual Startup Time": 3834.42,
            "Actual Total Time": 3834.424,
            "Actual Rows": 1,
            "Actual Loops": 2,
            "Plans": [
              {
                "Node Type": "Nested Loop",
                "Parent Relationship": "Outer",
                "Parallel Aware": false,
                "Join Type": "Inner",
                "Startup Cost": 54857.76,
                "Total Cost": 844354.9,
                "Plan Rows": 819763,
                "Plan Width": 0,
                "Actual Startup Time": 593.233,
                "Actual Total Time": 3748.264,
                "Actual Rows": 2014348,
                "Actual Loops": 2,
                "Inner Unique": false,
                "Join Filter": "(t.id = mi.movie_id)",
                "Rows Removed by Join Filter": 0,
                "Plans": [
                  {
                    "Node Type": "Hash Join",
                    "Parent Relationship": "Outer",
                    "Parallel Aware": true,
                    "Join Type": "Inner",
                    "Startup Cost": 54857.33,
                    "Total Cost": 599365.45,
                    "Plan Rows": 140195,
                    "Plan Width": 8,
                    "Actual Startup Time": 593.163,
                    "Actual Total Time": 2310.212,
                    "Actual Rows": 121334,
                    "Actual Loops": 2,
                    "Inner Unique": true,
                    "Hash Cond": "(ci.movie_id = t.id)",
                    "Plans": [
                      {
                        "Node Type": "Seq Scan",
                        "Parent Relationship": "Outer",
                        "Parallel Aware": true,
                        "Relation Name": "cast_info",
                        "Alias": "ci",
                        "Startup Cost": 0.0,
                        "Total Cost": 519069.44,
                        "Plan Rows": 9690908,
                        "Plan Width": 4,
                        "Actual Startup Time": 453.308,
                        "Actual Total Time": 1364.461,
                        "Actual Rows": 8218134,
                        "Actual Loops": 2,
                        "Filter": "(person_id > 1987437)",
                        "Rows Removed by Filter": 9904038
                      },
                      {
                        "Node Type": "Hash",
                        "Parent Relationship": "Inner",
                        "Parallel Aware": true,
                        "Startup Cost": 54588.39,
                        "Total Cost": 54588.39,
                        "Plan Rows": 21515,
                        "Plan Width": 4,
                        "Actual Startup Time": 138.453,
                        "Actual Total Time": 138.454,
                        "Actual Rows": 18254,
                        "Actual Loops": 2,
                        "Hash Buckets": 65536,
                        "Original Hash Buckets": 65536,
                        "Hash Batches": 1,
                        "Original Hash Batches": 1,
                        "Peak Memory Usage": 1984,
                        "Plans": [
                          {
                            "Node Type": "Seq Scan",
                            "Parent Relationship": "Outer",
                            "Parallel Aware": true,
                            "Relation Name": "title",
                            "Alias": "t",
                            "Startup Cost": 0.0,
                            "Total Cost": 54588.39,
                            "Plan Rows": 21515,
                            "Plan Width": 4,
                            "Actual Startup Time": 0.064,
                            "Actual Total Time": 132.289,
                            "Actual Rows": 18254,
                            "Actual Loops": 2,
                            "Filter": "(production_year = 1996)",
                            "Rows Removed by Filter": 1245902
                          }
                        ]
                      }
                    ]
                  },
                  {
                    "Node Type": "Index Only Scan",
                    "Parent Relationship": "Inner",
                    "Parallel Aware": false,
                    "Scan Direction": "Forward",
                    "Index Name": "movie_id_movie_info",
                    "Relation Name": "movie_info",
                    "Alias": "mi",
                    "Startup Cost": 0.43,
                    "Total Cost": 1.22,
                    "Plan Rows": 42,
                    "Plan Width": 4,
                    "Actual Startup Time": 0.004,
                    "Actual Total Time": 0.01,
                    "Actual Rows": 17,
                    "Actual Loops": 242669,
                    "Index Cond": "(movie_id = ci.movie_id)",
                    "Rows Removed by Index Recheck": 0,
                    "Heap Fetches": 4028695
                  }
                ]
              }
            ]
          }
        ]
      }
    ]
  },
  "Planning Time": 1.136,
  "Triggers": [],
  "Execution Time": 3947.185
}