{
  "Plan": {
    "Node Type": "Aggregate",
    "Strategy": "Plain",
    "Partial Mode": "Simple",
    "Parallel Aware": false,
    "Startup Cost": 6241.59,
    "Total Cost": 6241.6,
    "Plan Rows": 1,
    "Plan Width": 96,
    "Actual Startup Time": 76.326,
    "Actual Total Time": 76.336,
    "Actual Rows": 1,
    "Actual Loops": 1,
    "Plans": [
      {
        "Node Type": "Nested Loop",
        "Parent Relationship": "Outer",
        "Parallel Aware": false,
        "Join Type": "Inner",
        "Startup Cost": 12.39,
        "Total Cost": 6241.58,
        "Plan Rows": 1,
        "Plan Width": 60,
        "Actual Startup Time": 8.116,
        "Actual Total Time": 76.283,
        "Actual Rows": 16,
        "Actual Loops": 1,
        "Inner Unique": true,
        "Join Filter": "(ml.link_type_id = lt.id)",
        "Rows Removed by Join Filter": 70,
        "Plans": [
          {
            "Node Type": "Nested Loop",
            "Parent Relationship": "Outer",
            "Parallel Aware": false,
            "Join Type": "Inner",
            "Startup Cost": 12.39,
            "Total Cost": 6240.18,
            "Plan Rows": 1,
            "Plan Width": 64,
            "Actual Startup Time": 8.094,
            "Actual Total Time": 76.096,
            "Actual Rows": 16,
            "Actual Loops": 1,
            "Inner Unique": true,
            "Join Filter": "(mc.company_type_id = ct.id)",
            "Rows Removed by Join Filter": 0,
            "Plans": [
              {
                "Node Type": "Nested Loop",
                "Parent Relationship": "Outer",
                "Parallel Aware": false,
                "Join Type": "Inner",
                "Startup Cost": 12.39,
                "Total Cost": 6239.09,
                "Plan Rows": 1,
                "Plan Width": 68,
                "Actual Startup Time": 8.073,
                "Actual Total Time": 75.91,
                "Actual Rows": 16,
                "Actual Loops": 1,
                "Inner Unique": true,
                "Plans": [
                  {
                    "Node Type": "Nested Loop",
                    "Parent Relationship": "Outer",
                    "Parallel Aware": false,
                    "Join Type": "Inner",
                    "Startup Cost": 11.97,
                    "Total Cost": 6238.64,
                    "Plan Rows": 1,
                    "Plan Width": 53,
                    "Actual Startup Time": 8.038,
                    "Actual Total Time": 75.709,
                    "Actual Rows": 16,
                    "Actual Loops": 1,
                    "Inner Unique": false,
                    "Join Filter": "(ml.movie_id = mc.movie_id)",
                    "Rows Removed by Join Filter": 0,
                    "Plans": [
                      {
                        "Node Type": "Nested Loop",
                        "Parent Relationship": "Outer",
                        "Parallel Aware": false,
                        "Join Type": "Inner",
                        "Startup Cost": 11.54,
                        "Total Cost": 6238.06,
                        "Plan Rows": 1,
                        "Plan Width": 33,
                        "Actual Startup Time": 8.008,
                        "Actual Total Time": 75.601,
                        "Actual Rows": 4,
                        "Actual Loops": 1,
                        "Inner Unique": true,
                        "Join Filter": "(ml.movie_id = t.id)",
                        "Rows Removed by Join Filter": 0,
                        "Plans": [
                          {
                            "Node Type": "Nested Loop",
                            "Parent Relationship": "Outer",
                            "Parallel Aware": false,
                            "Join Type": "Inner",
                            "Startup Cost": 11.11,
                            "Total Cost": 6222.49,
                            "Plan Rows": 31,
                            "Plan Width": 12,
                            "Actual Startup Time": 5.476,
                            "Actual Total Time": 70.916,
                            "Actual Rows": 1699,
                            "Actual Loops": 1,
                            "Inner Unique": false,
                            "Plans": [
                              {
                                "Node Type": "Nested Loop",
                                "Parent Relationship": "Outer",
                                "Parallel Aware": false,
                                "Join Type": "Inner",
                                "Startup Cost": 10.82,
                                "Total Cost": 6179.54,
                                "Plan Rows": 101,
                                "Plan Width": 4,
                                "Actual Startup Time": 5.43,
                                "Actual Total Time": 53.893,
                                "Actual Rows": 15485,
                                "Actual Loops": 1,
                                "Inner Unique": false,
                                "Plans": [
                                  {
                                    "Node Type": "Seq Scan",
                                    "Parent Relationship": "Outer",
                                    "Parallel Aware": false,
                                    "Relation Name": "keyword",
                                    "Alias": "k",
                                    "Startup Cost": 0.0,
                                    "Total Cost": 2793.84,
                                    "Plan Rows": 3,
                                    "Plan Width": 4,
                                    "Actual Startup Time": 1.172,
                                    "Actual Total Time": 14.766,
                                    "Actual Rows": 3,
                                    "Actual Loops": 1,
                                    "Filter": "(keyword = ANY ('{violence,fight,marvel-comics}'::text[]))",
                                    "Rows Removed by Filter": 134167
                                  },
                                  {
                                    "Node Type": "Bitmap Heap Scan",
                                    "Parent Relationship": "Inner",
                                    "Parallel Aware": false,
                                    "Relation Name": "movie_keyword",
                                    "Alias": "mk",
                                    "Startup Cost": 10.82,
                                    "Total Cost": 1125.49,
                                    "Plan Rows": 308,
                                    "Plan Width": 8,
                                    "Actual Startup Time": 2.195,
                                    "Actual Total Time": 12.396,
                                    "Actual Rows": 5162,
                                    "Actual Loops": 3,
                                    "Recheck Cond": "(keyword_id = k.id)",
                                    "Rows Removed by Index Recheck": 0,
                                    "Exact Heap Blocks": 12236,
                                    "Lossy Heap Blocks": 0,
                                    "Plans": [
                                      {
                                        "Node Type": "Bitmap Index Scan",
                                        "Parent Relationship": "Outer",
                                        "Parallel Aware": false,
                                        "Index Name": "keyword_id_movie_keyword",
                                        "Startup Cost": 0.0,
                                        "Total Cost": 10.74,
                                        "Plan Rows": 308,
                                        "Plan Width": 0,
                                        "Actual Startup Time": 1.11,
                                        "Actual Total Time": 1.11,
                                        "Actual Rows": 5162,
                                        "Actual Loops": 3,
                                        "Index Cond": "(keyword_id = k.id)"
                                      }
                                    ]
                                  }
                                ]
                              },
                              {
                                "Node Type": "Index Scan",
                                "Parent Relationship": "Inner",
                                "Parallel Aware": false,
                                "Scan Direction": "Forward",
                                "Index Name": "movie_id_movie_link",
                                "Relation Name": "movie_link",
                                "Alias": "ml",
                                "Startup Cost": 0.29,
                                "Total Cost": 0.38,
                                "Plan Rows": 5,
                                "Plan Width": 8,
                                "Actual Startup Time": 0.001,
                                "Actual Total Time": 0.001,
                                "Actual Rows": 0,
                                "Actual Loops": 15485,
                                "Index Cond": "(movie_id = mk.movie_id)",
                                "Rows Removed by Index Recheck": 0
                              }
                            ]
                          },
                          {
                            "Node Type": "Index Scan",
                            "Parent Relationship": "Inner",
                            "Parallel Aware": false,
                            "Scan Direction": "Forward",
                            "Index Name": "title_pkey",
                            "Relation Name": "title",
                            "Alias": "t",
                            "Startup Cost": 0.43,
                            "Total Cost": 0.49,
                            "Plan Rows": 1,
                            "Plan Width": 21,
                            "Actual Startup Time": 0.002,
                            "Actual Total Time": 0.002,
                            "Actual Rows": 0,
                            "Actual Loops": 1699,
                            "Index Cond": "(id = mk.movie_id)",
                            "Rows Removed by Index Recheck": 0,
                            "Filter": "(production_year > 2012)",
                            "Rows Removed by Filter": 1
                          }
                        ]
                      },
                      {
                        "Node Type": "Index Scan",
                        "Parent Relationship": "Inner",
                        "Parallel Aware": false,
                        "Scan Direction": "Forward",
                        "Index Name": "movie_id_movie_companies",
                        "Relation Name": "movie_companies",
                        "Alias": "mc",
                        "Startup Cost": 0.43,
                        "Total Cost": 0.54,
                        "Plan Rows": 3,
                        "Plan Width": 36,
                        "Actual Startup Time": 0.012,
                        "Actual Total Time": 0.023,
                        "Actual Rows": 4,
                        "Actual Loops": 4,
                        "Index Cond": "(movie_id = mk.movie_id)",
                        "Rows Removed by Index Recheck": 0,
                        "Filter": "(note IS NOT NULL)",
                        "Rows Removed by Filter": 2
                      }
                    ]
                  },
                  {
                    "Node Type": "Index Scan",
                    "Parent Relationship": "Inner",
                    "Parallel Aware": false,
                    "Scan Direction": "Forward",
                    "Index Name": "company_name_pkey",
                    "Relation Name": "company_name",
                    "Alias": "cn",
                    "Startup Cost": 0.42,
                    "Total Cost": 0.45,
                    "Plan Rows": 1,
                    "Plan Width": 23,
                    "Actual Startup Time": 0.01,
                    "Actual Total Time": 0.01,
                    "Actual Rows": 1,
                    "Actual Loops": 16,
                    "Index Cond": "(id = mc.company_id)",
                    "Rows Removed by Index Recheck": 0,
                    "Filter": "((country_code)::text <> '[pl]'::text)",
                    "Rows Removed by Filter": 0
                  }
                ]
              },
              {
                "Node Type": "Seq Scan",
                "Parent Relationship": "Inner",
                "Parallel Aware": false,
                "Relation Name": "company_type",
                "Alias": "ct",
                "Startup Cost": 0.0,
                "Total Cost": 1.05,
                "Plan Rows": 3,
                "Plan Width": 4,
                "Actual Startup Time": 0.005,
                "Actual Total Time": 0.005,
                "Actual Rows": 1,
                "Actual Loops": 16,
                "Filter": "((kind IS NOT NULL) AND ((kind)::text <> 'miscellaneous companies'::text))",
                "Rows Removed by Filter": 0
              }
            ]
          },
          {
            "Node Type": "Seq Scan",
            "Parent Relationship": "Inner",
            "Parallel Aware": false,
            "Relation Name": "link_type",
            "Alias": "lt",
            "Startup Cost": 0.0,
            "Total Cost": 1.18,
            "Plan Rows": 18,
            "Plan Width": 4,
            "Actual Startup Time": 0.004,
            "Actual Total Time": 0.005,
            "Actual Rows": 5,
            "Actual Loops": 16
          }
        ]
      }
    ]
  },
  "Planning Time": 2.316,
  "Triggers": [],
  "Execution Time": 76.509
}