[
  {
    "Plan": {
      "Node Type": "Aggregate",
      "Strategy": "Plain",
      "Partial Mode": "Finalize",
      "Parallel Aware": false,
      "Startup Cost": 335872.23,
      "Total Cost": 335872.24,
      "Plan Rows": 1,
      "Plan Width": 8,
      "Actual Startup Time": 760.637,
      "Actual Total Time": 803.915,
      "Actual Rows": 1,
      "Actual Loops": 1,
      "Plans": [
        {
          "Node Type": "Gather",
          "Parent Relationship": "Outer",
          "Parallel Aware": false,
          "Startup Cost": 335871.6,
          "Total Cost": 335872.21,
          "Plan Rows": 6,
          "Plan Width": 8,
          "Actual Startup Time": 760.301,
          "Actual Total Time": 803.898,
          "Actual Rows": 7,
          "Actual Loops": 1,
          "Workers Planned": 6,
          "Workers Launched": 6,
          "Single Copy": false,
          "Plans": [
            {
              "Node Type": "Aggregate",
              "Strategy": "Plain",
              "Partial Mode": "Partial",
              "Parent Relationship": "Outer",
              "Parallel Aware": false,
              "Startup Cost": 334871.6,
              "Total Cost": 334871.61,
              "Plan Rows": 1,
              "Plan Width": 8,
              "Actual Startup Time": 751.122,
              "Actual Total Time": 751.123,
              "Actual Rows": 1,
              "Actual Loops": 7,
              "Plans": [
                {
                  "Node Type": "Seq Scan",
                  "Parent Relationship": "Outer",
                  "Parallel Aware": true,
                  "Relation Name": "cast_info",
                  "Alias": "ci",
                  "Startup Cost": 0.0,
                  "Total Cost": 328211.39,
                  "Plan Rows": 2664084,
                  "Plan Width": 0,
                  "Actual Startup Time": 0.062,
                  "Actual Total Time": 629.562,
                  "Actual Rows": 2309075,
                  "Actual Loops": 7,
                  "Filter": "(person_id < 1601207)",
                  "Rows Removed by Filter": 2868688
                }
              ]
            }
          ]
        }
      ]
    },
    "Planning Time": 0.108,
    "Triggers": [],
    "Execution Time": 803.965
  }
]