[
  {
    "Plan": {
      "Node Type": "Aggregate",
      "Strategy": "Plain",
      "Partial Mode": "Finalize",
      "Parallel Aware": false,
      "Startup Cost": 44712.53,
      "Total Cost": 44712.54,
      "Plan Rows": 1,
      "Plan Width": 8,
      "Actual Startup Time": 160.569,
      "Actual Total Time": 173.755,
      "Actual Rows": 1,
      "Actual Loops": 1,
      "Plans": [
        {
          "Node Type": "Gather",
          "Parent Relationship": "Outer",
          "Parallel Aware": false,
          "Startup Cost": 44712.21,
          "Total Cost": 44712.52,
          "Plan Rows": 3,
          "Plan Width": 8,
          "Actual Startup Time": 160.396,
          "Actual Total Time": 173.746,
          "Actual Rows": 4,
          "Actual Loops": 1,
          "Workers Planned": 3,
          "Workers Launched": 3,
          "Single Copy": false,
          "Plans": [
            {
              "Node Type": "Aggregate",
              "Strategy": "Plain",
              "Partial Mode": "Partial",
              "Parent Relationship": "Outer",
              "Parallel Aware": false,
              "Startup Cost": 43712.21,
              "Total Cost": 43712.22,
              "Plan Rows": 1,
              "Plan Width": 8,
              "Actual Startup Time": 153.29,
              "Actual Total Time": 153.292,
              "Actual Rows": 1,
              "Actual Loops": 4,
              "Plans": [
                {
                  "Node Type": "Seq Scan",
                  "Parent Relationship": "Outer",
                  "Parallel Aware": true,
                  "Relation Name": "movie_keyword",
                  "Alias": "mk",
                  "Startup Cost": 0.0,
                  "Total Cost": 42695.65,
                  "Plan Rows": 406624,
                  "Plan Width": 0,
                  "Actual Startup Time": 2.017,
                  "Actual Total Time": 132.678,
                  "Actual Rows": 315375,
                  "Actual Loops": 4,
                  "Filter": "(keyword_id > 14203)",
                  "Rows Removed by Filter": 815608
                }
              ]
            }
          ]
        }
      ]
    },
    "Planning Time": 0.124,
    "Triggers": [],
    "Execution Time": 173.801
  }
]