[
  {
    "Plan": {
      "Node Type": "Aggregate",
      "Strategy": "Plain",
      "Partial Mode": "Finalize",
      "Parallel Aware": false,
      "Startup Cost": 374689.31,
      "Total Cost": 374689.32,
      "Plan Rows": 1,
      "Plan Width": 8,
      "Actual Startup Time": 1258.031,
      "Actual Total Time": 1297.166,
      "Actual Rows": 1,
      "Actual Loops": 1,
      "Plans": [
        {
          "Node Type": "Gather",
          "Parent Relationship": "Outer",
          "Parallel Aware": false,
          "Startup Cost": 374688.68,
          "Total Cost": 374689.29,
          "Plan Rows": 6,
          "Plan Width": 8,
          "Actual Startup Time": 1254.054,
          "Actual Total Time": 1297.151,
          "Actual Rows": 7,
          "Actual Loops": 1,
          "Workers Planned": 6,
          "Workers Launched": 6,
          "Single Copy": false,
          "Plans": [
            {
              "Node Type": "Aggregate",
              "Strategy": "Plain",
              "Partial Mode": "Partial",
              "Parent Relationship": "Outer",
              "Parallel Aware": false,
              "Startup Cost": 373688.68,
              "Total Cost": 373688.69,
              "Plan Rows": 1,
              "Plan Width": 8,
              "Actual Startup Time": 1242.561,
              "Actual Total Time": 1242.565,
              "Actual Rows": 1,
              "Actual Loops": 7,
              "Plans": [
                {
                  "Node Type": "Hash Join",
                  "Parent Relationship": "Outer",
                  "Parallel Aware": true,
                  "Join Type": "Inner",
                  "Startup Cost": 46746.01,
                  "Total Cost": 373451.7,
                  "Plan Rows": 94793,
                  "Plan Width": 0,
                  "Actual Startup Time": 316.416,
                  "Actual Total Time": 1227.959,
                  "Actual Rows": 211473,
                  "Actual Loops": 7,
                  "Inner Unique": true,
                  "Hash Cond": "(ci.movie_id = t.id)",
                  "Plans": [
                    {
                      "Node Type": "Index Scan",
                      "Parent Relationship": "Outer",
                      "Parallel Aware": true,
                      "Scan Direction": "Forward",
                      "Index Name": "role_id_cast_info",
                      "Relation Name": "cast_info",
                      "Alias": "ci",
                      "Startup Cost": 0.56,
                      "Total Cost": 325153.08,
                      "Plan Rows": 591684,
                      "Plan Width": 4,
                      "Actual Startup Time": 0.412,
                      "Actual Total Time": 525.462,
                      "Actual Rows": 1121500,
                      "Actual Loops": 7,
                      "Index Cond": "(role_id > 3)",
                      "Rows Removed by Index Recheck": 0,
                      "Filter": "(person_id > 2658697)",
                      "Rows Removed by Filter": 609021
                    },
                    {
                      "Node Type": "Hash",
                      "Parent Relationship": "Inner",
                      "Parallel Aware": true,
                      "Startup Cost": 45479.59,
                      "Total Cost": 45479.59,
                      "Plan Rows": 101269,
                      "Plan Width": 4,
                      "Actual Startup Time": 313.075,
                      "Actual Total Time": 313.076,
                      "Actual Rows": 65164,
                      "Actual Loops": 7,
                      "Hash Buckets": 524288,
                      "Original Hash Buckets": 524288,
                      "Hash Batches": 1,
                      "Original Hash Batches": 1,
                      "Peak Memory Usage": 22048,
                      "Plans": [
                        {
                          "Node Type": "Seq Scan",
                          "Parent Relationship": "Outer",
                          "Parallel Aware": true,
                          "Relation Name": "title",
                          "Alias": "t",
                          "Startup Cost": 0.0,
                          "Total Cost": 45479.59,
                          "Plan Rows": 101269,
                          "Plan Width": 4,
                          "Actual Startup Time": 98.888,
                          "Actual Total Time": 182.137,
                          "Actual Rows": 65164,
                          "Actual Loops": 7,
                          "Filter": "((production_year < 2007) AND (kind_id = 1))",
                          "Rows Removed by Filter": 296024
                        }
                      ]
                    }
                  ]
                }
              ]
            }
          ]
        }
      ]
    },
    "Planning Time": 0.536,
    "Triggers": [],
    "Execution Time": 1297.247
  }
]