[
  {
    "Plan": {
      "Node Type": "Aggregate",
      "Strategy": "Plain",
      "Partial Mode": "Finalize",
      "Parallel Aware": false,
      "Startup Cost": 246498.83,
      "Total Cost": 246498.84,
      "Plan Rows": 1,
      "Plan Width": 8,
      "Actual Startup Time": 812.794,
      "Actual Total Time": 864.694,
      "Actual Rows": 1,
      "Actual Loops": 1,
      "Plans": [
        {
          "Node Type": "Gather",
          "Parent Relationship": "Outer",
          "Parallel Aware": false,
          "Startup Cost": 246498.31,
          "Total Cost": 246498.82,
          "Plan Rows": 5,
          "Plan Width": 8,
          "Actual Startup Time": 811.408,
          "Actual Total Time": 864.677,
          "Actual Rows": 6,
          "Actual Loops": 1,
          "Workers Planned": 5,
          "Workers Launched": 5,
          "Single Copy": false,
          "Plans": [
            {
              "Node Type": "Aggregate",
              "Strategy": "Plain",
              "Partial Mode": "Partial",
              "Parent Relationship": "Outer",
              "Parallel Aware": false,
              "Startup Cost": 245498.31,
              "Total Cost": 245498.32,
              "Plan Rows": 1,
              "Plan Width": 8,
              "Actual Startup Time": 805.25,
              "Actual Total Time": 805.253,
              "Actual Rows": 1,
              "Actual Loops": 6,
              "Plans": [
                {
                  "Node Type": "Hash Join",
                  "Parent Relationship": "Outer",
                  "Parallel Aware": true,
                  "Join Type": "Inner",
                  "Startup Cost": 45757.66,
                  "Total Cost": 245237.07,
                  "Plan Rows": 104496,
                  "Plan Width": 0,
                  "Actual Startup Time": 100.248,
                  "Actual Total Time": 784.742,
                  "Actual Rows": 386140,
                  "Actual Loops": 6,
                  "Inner Unique": true,
                  "Hash Cond": "(mi.movie_id = t.id)",
                  "Plans": [
                    {
                      "Node Type": "Seq Scan",
                      "Parent Relationship": "Outer",
                      "Parallel Aware": true,
                      "Relation Name": "movie_info",
                      "Alias": "mi",
                      "Startup Cost": 0.0,
                      "Total Cost": 191685.19,
                      "Plan Rows": 2969219,
                      "Plan Width": 4,
                      "Actual Startup Time": 0.028,
                      "Actual Total Time": 319.726,
                      "Actual Rows": 2472620,
                      "Actual Loops": 6
                    },
                    {
                      "Node Type": "Hash",
                      "Parent Relationship": "Inner",
                      "Parallel Aware": true,
                      "Startup Cost": 45479.59,
                      "Total Cost": 45479.59,
                      "Plan Rows": 22246,
                      "Plan Width": 4,
                      "Actual Startup Time": 98.153,
                      "Actual Total Time": 98.154,
                      "Actual Rows": 32496,
                      "Actual Loops": 6,
                      "Hash Buckets": 262144,
                      "Original Hash Buckets": 131072,
                      "Hash Batches": 1,
                      "Original Hash Batches": 1,
                      "Peak Memory Usage": 10816,
                      "Plans": [
                        {
                          "Node Type": "Seq Scan",
                          "Parent Relationship": "Outer",
                          "Parallel Aware": true,
                          "Relation Name": "title",
                          "Alias": "t",
                          "Startup Cost": 0.0,
                          "Total Cost": 45479.59,
                          "Plan Rows": 22246,
                          "Plan Width": 4,
                          "Actual Startup Time": 0.161,
                          "Actual Total Time": 81.587,
                          "Actual Rows": 32496,
                          "Actual Loops": 6,
                          "Filter": "((kind_id < 7) AND (production_year < 1960))",
                          "Rows Removed by Filter": 388890
                        }
                      ]
                    }
                  ]
                }
              ]
            }
          ]
        }
      ]
    },
    "Planning Time": 0.642,
    "Triggers": [],
    "Execution Time": 864.789
  }
]