[
  {
    "Plan": {
      "Node Type": "Aggregate",
      "Strategy": "Plain",
      "Partial Mode": "Finalize",
      "Parallel Aware": false,
      "Startup Cost": 246347.43,
      "Total Cost": 246347.44,
      "Plan Rows": 1,
      "Plan Width": 8,
      "Actual Startup Time": 796.821,
      "Actual Total Time": 840.669,
      "Actual Rows": 1,
      "Actual Loops": 1,
      "Plans": [
        {
          "Node Type": "Gather",
          "Parent Relationship": "Outer",
          "Parallel Aware": false,
          "Startup Cost": 246346.91,
          "Total Cost": 246347.42,
          "Plan Rows": 5,
          "Plan Width": 8,
          "Actual Startup Time": 795.354,
          "Actual Total Time": 840.655,
          "Actual Rows": 6,
          "Actual Loops": 1,
          "Workers Planned": 5,
          "Workers Launched": 5,
          "Single Copy": false,
          "Plans": [
            {
              "Node Type": "Aggregate",
              "Strategy": "Plain",
              "Partial Mode": "Partial",
              "Parent Relationship": "Outer",
              "Parallel Aware": false,
              "Startup Cost": 245346.91,
              "Total Cost": 245346.92,
              "Plan Rows": 1,
              "Plan Width": 8,
              "Actual Startup Time": 784.798,
              "Actual Total Time": 784.872,
              "Actual Rows": 1,
              "Actual Loops": 6,
              "Plans": [
                {
                  "Node Type": "Hash Join",
                  "Parent Relationship": "Outer",
                  "Parallel Aware": true,
                  "Join Type": "Inner",
                  "Startup Cost": 45761.21,
                  "Total Cost": 245082.98,
                  "Plan Rows": 105573,
                  "Plan Width": 0,
                  "Actual Startup Time": 102.66,
                  "Actual Total Time": 766.04,
                  "Actual Rows": 386140,
                  "Actual Loops": 6,
                  "Inner Unique": true,
                  "Hash Cond": "(mi.movie_id = t.id)",
                  "Plans": [
                    {
                      "Node Type": "Seq Scan",
                      "Parent Relationship": "Outer",
                      "Parallel Aware": true,
                      "Relation Name": "movie_info",
                      "Alias": "mi",
                      "Startup Cost": 0.0,
                      "Total Cost": 191560.33,
                      "Plan Rows": 2956733,
                      "Plan Width": 4,
                      "Actual Startup Time": 0.029,
                      "Actual Total Time": 310.498,
                      "Actual Rows": 2472620,
                      "Actual Loops": 6
                    },
                    {
                      "Node Type": "Hash",
                      "Parent Relationship": "Inner",
                      "Parallel Aware": true,
                      "Startup Cost": 45479.1,
                      "Total Cost": 45479.1,
                      "Plan Rows": 22569,
                      "Plan Width": 4,
                      "Actual Startup Time": 100.191,
                      "Actual Total Time": 100.192,
                      "Actual Rows": 32496,
                      "Actual Loops": 6,
                      "Hash Buckets": 262144,
                      "Original Hash Buckets": 131072,
                      "Hash Batches": 1,
                      "Original Hash Batches": 1,
                      "Peak Memory Usage": 10848,
                      "Plans": [
                        {
                          "Node Type": "Seq Scan",
                          "Parent Relationship": "Outer",
                          "Parallel Aware": true,
                          "Relation Name": "title",
                          "Alias": "t",
                          "Startup Cost": 0.0,
                          "Total Cost": 45479.1,
                          "Plan Rows": 22569,
                          "Plan Width": 4,
                          "Actual Startup Time": 0.203,
                          "Actual Total Time": 84.512,
                          "Actual Rows": 32496,
                          "Actual Loops": 6,
                          "Filter": "((kind_id < 7) AND (production_year < 1960))",
                          "Rows Removed by Filter": 388890
                        }
                      ]
                    }
                  ]
                }
              ]
            }
          ]
        }
      ]
    },
    "Planning Time": 0.592,
    "Triggers": [],
    "Execution Time": 840.749
  }
]