[
  {
    "Plan": {
      "Node Type": "Aggregate",
      "Strategy": "Plain",
      "Partial Mode": "Simple",
      "Parallel Aware": false,
      "Startup Cost": 31461.5,
      "Total Cost": 31461.51,
      "Plan Rows": 1,
      "Plan Width": 64,
      "Actual Startup Time": 2421.938,
      "Actual Total Time": 2421.944,
      "Actual Rows": 1,
      "Actual Loops": 1,
      "Plans": [
        {
          "Node Type": "Nested Loop",
          "Parent Relationship": "Outer",
          "Parallel Aware": false,
          "Join Type": "Inner",
          "Startup Cost": 41.24,
          "Total Cost": 31461.49,
          "Plan Rows": 1,
          "Plan Width": 32,
          "Actual Startup Time": 560.311,
          "Actual Total Time": 2421.905,
          "Actual Rows": 36,
          "Actual Loops": 1,
          "Inner Unique": true,
          "Plans": [
            {
              "Node Type": "Nested Loop",
              "Parent Relationship": "Outer",
              "Parallel Aware": false,
              "Join Type": "Inner",
              "Startup Cost": 41.1,
              "Total Cost": 31460.51,
              "Plan Rows": 1,
              "Plan Width": 36,
              "Actual Startup Time": 560.287,
              "Actual Total Time": 2421.8,
              "Actual Rows": 36,
              "Actual Loops": 1,
              "Inner Unique": false,
              "Join Filter": "(n.id = an.person_id)",
              "Rows Removed by Join Filter": 0,
              "Plans": [
                {
                  "Node Type": "Nested Loop",
                  "Parent Relationship": "Outer",
                  "Parallel Aware": false,
                  "Join Type": "Inner",
                  "Startup Cost": 40.67,
                  "Total Cost": 31460.02,
                  "Plan Rows": 1,
                  "Plan Width": 48,
                  "Actual Startup Time": 560.244,
                  "Actual Total Time": 2421.625,
                  "Actual Rows": 18,
                  "Actual Loops": 1,
                  "Inner Unique": false,
                  "Join Filter": "(n.id = pi.person_id)",
                  "Rows Removed by Join Filter": 0,
                  "Plans": [
                    {
                      "Node Type": "Nested Loop",
                      "Parent Relationship": "Outer",
                      "Parallel Aware": false,
                      "Join Type": "Inner",
                      "Startup Cost": 40.24,
                      "Total Cost": 30584.37,
                      "Plan Rows": 922,
                      "Plan Width": 40,
                      "Actual Startup Time": 2.707,
                      "Actual Total Time": 2344.822,
                      "Actual Rows": 9071,
                      "Actual Loops": 1,
                      "Inner Unique": true,
                      "Plans": [
                        {
                          "Node Type": "Nested Loop",
                          "Parent Relationship": "Outer",
                          "Parallel Aware": false,
                          "Join Type": "Inner",
                          "Startup Cost": 39.81,
                          "Total Cost": 10609.51,
                          "Plan Rows": 43396,
                          "Plan Width": 21,
                          "Actual Startup Time": 0.706,
                          "Actual Total Time": 818.632,
                          "Actual Rows": 336023,
                          "Actual Loops": 1,
                          "Inner Unique": false,
                          "Plans": [
                            {
                              "Node Type": "Nested Loop",
                              "Parent Relationship": "Outer",
                              "Parallel Aware": false,
                              "Join Type": "Inner",
                              "Startup Cost": 39.25,
                              "Total Cost": 7703.31,
                              "Plan Rows": 1242,
                              "Plan Width": 25,
                              "Actual Startup Time": 0.611,
                              "Actual Total Time": 58.991,
                              "Actual Rows": 4159,
                              "Actual Loops": 1,
                              "Inner Unique": true,
                              "Plans": [
                                {
                                  "Node Type": "Nested Loop",
                                  "Parent Relationship": "Outer",
                                  "Parallel Aware": false,
                                  "Join Type": "Inner",
                                  "Startup Cost": 38.82,
                                  "Total Cost": 245.23,
                                  "Plan Rows": 1666,
                                  "Plan Width": 4,
                                  "Actual Startup Time": 0.522,
                                  "Actual Total Time": 5.839,
                                  "Actual Rows": 5186,
                                  "Actual Loops": 1,
                                  "Inner Unique": false,
                                  "Plans": [
                                    {
                                      "Node Type": "Seq Scan",
                                      "Parent Relationship": "Outer",
                                      "Parallel Aware": false,
                                      "Relation Name": "link_type",
                                      "Alias": "lt",
                                      "Startup Cost": 0.0,
                                      "Total Cost": 1.23,
                                      "Plan Rows": 1,
                                      "Plan Width": 4,
                                      "Actual Startup Time": 0.01,
                                      "Actual Total Time": 0.015,
                                      "Actual Rows": 1,
                                      "Actual Loops": 1,
                                      "Filter": "((link)::text = 'features'::text)",
                                      "Rows Removed by Filter": 17
                                    },
                                    {
                                      "Node Type": "Bitmap Heap Scan",
                                      "Parent Relationship": "Inner",
                                      "Parallel Aware": false,
                                      "Relation Name": "movie_link",
                                      "Alias": "ml",
                                      "Startup Cost": 38.82,
                                      "Total Cost": 225.26,
                                      "Plan Rows": 1875,
                                      "Plan Width": 8,
                                      "Actual Startup Time": 0.506,
                                      "Actual Total Time": 4.727,
                                      "Actual Rows": 5186,
                                      "Actual Loops": 1,
                                      "Recheck Cond": "(link_type_id = lt.id)",
                                      "Rows Removed by Index Recheck": 0,
                                      "Exact Heap Blocks": 132,
                                      "Lossy Heap Blocks": 0,
                                      "Plans": [
                                        {
                                          "Node Type": "Bitmap Index Scan",
                                          "Parent Relationship": "Outer",
                                          "Parallel Aware": false,
                                          "Index Name": "link_type_id_movie_link",
                                          "Startup Cost": 0.0,
                                          "Total Cost": 38.35,
                                          "Plan Rows": 1875,
                                          "Plan Width": 0,
                                          "Actual Startup Time": 0.461,
                                          "Actual Total Time": 0.462,
                                          "Actual Rows": 5186,
                                          "Actual Loops": 1,
                                          "Index Cond": "(link_type_id = lt.id)"
                                        }
                                      ]
                                    }
                                  ]
                                },
                                {
                                  "Node Type": "Index Scan",
                                  "Parent Relationship": "Inner",
                                  "Parallel Aware": false,
                                  "Scan Direction": "Forward",
                                  "Index Name": "title_pkey",
                                  "Relation Name": "title",
                                  "Alias": "t",
                                  "Startup Cost": 0.43,
                                  "Total Cost": 4.48,
                                  "Plan Rows": 1,
                                  "Plan Width": 21,
                                  "Actual Startup Time": 0.01,
                                  "Actual Total Time": 0.01,
                                  "Actual Rows": 1,
                                  "Actual Loops": 5186,
                                  "Index Cond": "(id = ml.linked_movie_id)",
                                  "Rows Removed by Index Recheck": 0,
                                  "Filter": "((production_year >= 1955) AND (production_year <= 2010))",
                                  "Rows Removed by Filter": 0
                                }
                              ]
                            },
                            {
                              "Node Type": "Index Scan",
                              "Parent Relationship": "Inner",
                              "Parallel Aware": false,
                              "Scan Direction": "Forward",
                              "Index Name": "movie_id_cast_info",
                              "Relation Name": "cast_info",
                              "Alias": "ci",
                              "Startup Cost": 0.56,
                              "Total Cost": 1.99,
                              "Plan Rows": 35,
                              "Plan Width": 8,
                              "Actual Startup Time": 0.015,
                              "Actual Total Time": 0.17,
                              "Actual Rows": 81,
                              "Actual Loops": 4159,
                              "Index Cond": "(movie_id = t.id)",
                              "Rows Removed by Index Recheck": 0
                            }
                          ]
                        },
                        {
                          "Node Type": "Index Scan",
                          "Parent Relationship": "Inner",
                          "Parallel Aware": false,
                          "Scan Direction": "Forward",
                          "Index Name": "name_pkey",
                          "Relation Name": "name",
                          "Alias": "n",
                          "Startup Cost": 0.43,
                          "Total Cost": 0.46,
                          "Plan Rows": 1,
                          "Plan Width": 19,
                          "Actual Startup Time": 0.004,
                          "Actual Total Time": 0.004,
                          "Actual Rows": 0,
                          "Actual Loops": 336023,
                          "Index Cond": "(id = ci.person_id)",
                          "Rows Removed by Index Recheck": 0,
                          "Filter": "(((name_pcode_cf)::text ~~ 'R%'::text) AND ((gender)::text = 'm'::text))",
                          "Rows Removed by Filter": 1
                        }
                      ]
                    },
                    {
                      "Node Type": "Index Scan",
                      "Parent Relationship": "Inner",
                      "Parallel Aware": false,
                      "Scan Direction": "Forward",
                      "Index Name": "person_id_person_info",
                      "Relation Name": "person_info",
                      "Alias": "pi",
                      "Startup Cost": 0.43,
                      "Total Cost": 0.94,
                      "Plan Rows": 1,
                      "Plan Width": 8,
                      "Actual Startup Time": 0.008,
                      "Actual Total Time": 0.008,
                      "Actual Rows": 0,
                      "Actual Loops": 9071,
                      "Index Cond": "(person_id = ci.person_id)",
                      "Rows Removed by Index Recheck": 0,
                      "Filter": "(note = 'Volker Boehm'::text)",
                      "Rows Removed by Filter": 16
                    }
                  ]
                },
                {
                  "Node Type": "Index Scan",
                  "Parent Relationship": "Inner",
                  "Parallel Aware": false,
                  "Scan Direction": "Forward",
                  "Index Name": "person_id_aka_name",
                  "Relation Name": "aka_name",
                  "Alias": "an",
                  "Startup Cost": 0.42,
                  "Total Cost": 0.47,
                  "Plan Rows": 2,
                  "Plan Width": 4,
                  "Actual Startup Time": 0.006,
                  "Actual Total Time": 0.008,
                  "Actual Rows": 2,
                  "Actual Loops": 18,
                  "Index Cond": "(person_id = ci.person_id)",
                  "Rows Removed by Index Recheck": 0,
                  "Filter": "(name ~~ '%a%'::text)",
                  "Rows Removed by Filter": 1
                }
              ]
            },
            {
              "Node Type": "Index Scan",
              "Parent Relationship": "Inner",
              "Parallel Aware": false,
              "Scan Direction": "Forward",
              "Index Name": "info_type_pkey",
              "Relation Name": "info_type",
              "Alias": "it",
              "Startup Cost": 0.14,
              "Total Cost": 0.56,
              "Plan Rows": 1,
              "Plan Width": 4,
              "Actual Startup Time": 0.002,
              "Actual Total Time": 0.002,
              "Actual Rows": 1,
              "Actual Loops": 36,
              "Index Cond": "(id = pi.info_type_id)",
              "Rows Removed by Index Recheck": 0,
              "Filter": "((info)::text = 'mini biography'::text)",
              "Rows Removed by Filter": 0
            }
          ]
        }
      ]
    },
    "Planning Time": 12.395,
    "Triggers": [],
    "Execution Time": 2422.301
  }
]