[
  {
    "Plan": {
      "Node Type": "Aggregate",
      "Strategy": "Plain",
      "Partial Mode": "Finalize",
      "Parallel Aware": false,
      "Startup Cost": 29844.98,
      "Total Cost": 29844.99,
      "Plan Rows": 1,
      "Plan Width": 8,
      "Actual Startup Time": 92.222,
      "Actual Total Time": 98.546,
      "Actual Rows": 1,
      "Actual Loops": 1,
      "Plans": [
        {
          "Node Type": "Gather",
          "Parent Relationship": "Outer",
          "Parallel Aware": false,
          "Startup Cost": 29844.66,
          "Total Cost": 29844.97,
          "Plan Rows": 3,
          "Plan Width": 8,
          "Actual Startup Time": 91.959,
          "Actual Total Time": 98.539,
          "Actual Rows": 4,
          "Actual Loops": 1,
          "Workers Planned": 3,
          "Workers Launched": 3,
          "Single Copy": false,
          "Plans": [
            {
              "Node Type": "Aggregate",
              "Strategy": "Plain",
              "Partial Mode": "Partial",
              "Parent Relationship": "Outer",
              "Parallel Aware": false,
              "Startup Cost": 28844.66,
              "Total Cost": 28844.67,
              "Plan Rows": 1,
              "Plan Width": 8,
              "Actual Startup Time": 85.871,
              "Actual Total Time": 85.872,
              "Actual Rows": 1,
              "Actual Loops": 4,
              "Plans": [
                {
                  "Node Type": "Bitmap Heap Scan",
                  "Parent Relationship": "Outer",
                  "Parallel Aware": true,
                  "Relation Name": "movie_companies",
                  "Alias": "mc",
                  "Startup Cost": 8219.59,
                  "Total Cost": 28538.82,
                  "Plan Rows": 122338,
                  "Plan Width": 0,
                  "Actual Startup Time": 30.633,
                  "Actual Total Time": 79.697,
                  "Actual Rows": 94156,
                  "Actual Loops": 4,
                  "Recheck Cond": "(company_id < 225)",
                  "Rows Removed by Index Recheck": 0,
                  "Exact Heap Blocks": 9619,
                  "Lossy Heap Blocks": 0,
                  "Plans": [
                    {
                      "Node Type": "Bitmap Index Scan",
                      "Parent Relationship": "Outer",
                      "Parallel Aware": false,
                      "Index Name": "company_id_movie_companies",
                      "Startup Cost": 0.0,
                      "Total Cost": 8124.78,
                      "Plan Rows": 379247,
                      "Plan Width": 0,
                      "Actual Startup Time": 32.128,
                      "Actual Total Time": 32.129,
                      "Actual Rows": 376622,
                      "Actual Loops": 1,
                      "Index Cond": "(company_id < 225)"
                    }
                  ]
                }
              ]
            }
          ]
        }
      ]
    },
    "Planning Time": 0.187,
    "Triggers": [],
    "Execution Time": 98.619
  }
]