[
  {
    "Plan": {
      "Node Type": "Aggregate",
      "Strategy": "Plain",
      "Partial Mode": "Finalize",
      "Parallel Aware": false,
      "Startup Cost": 270569.99,
      "Total Cost": 270570.0,
      "Plan Rows": 1,
      "Plan Width": 8,
      "Actual Startup Time": 683.937,
      "Actual Total Time": 711.134,
      "Actual Rows": 1,
      "Actual Loops": 1,
      "Plans": [
        {
          "Node Type": "Gather",
          "Parent Relationship": "Outer",
          "Parallel Aware": false,
          "Startup Cost": 270569.68,
          "Total Cost": 270569.99,
          "Plan Rows": 3,
          "Plan Width": 8,
          "Actual Startup Time": 667.587,
          "Actual Total Time": 711.124,
          "Actual Rows": 4,
          "Actual Loops": 1,
          "Workers Planned": 3,
          "Workers Launched": 3,
          "Single Copy": false,
          "Plans": [
            {
              "Node Type": "Aggregate",
              "Strategy": "Plain",
              "Partial Mode": "Partial",
              "Parent Relationship": "Outer",
              "Parallel Aware": false,
              "Startup Cost": 269569.68,
              "Total Cost": 269569.69,
              "Plan Rows": 1,
              "Plan Width": 8,
              "Actual Startup Time": 664.284,
              "Actual Total Time": 664.412,
              "Actual Rows": 1,
              "Actual Loops": 4,
              "Plans": [
                {
                  "Node Type": "Hash Join",
                  "Parent Relationship": "Outer",
                  "Parallel Aware": true,
                  "Join Type": "Inner",
                  "Startup Cost": 241913.23,
                  "Total Cost": 269434.78,
                  "Plan Rows": 53960,
                  "Plan Width": 0,
                  "Actual Startup Time": 554.147,
                  "Actual Total Time": 657.899,
                  "Actual Rows": 127590,
                  "Actual Loops": 4,
                  "Inner Unique": false,
                  "Hash Cond": "(mk.movie_id = t.id)",
                  "Plans": [
                    {
                      "Node Type": "Bitmap Heap Scan",
                      "Parent Relationship": "Outer",
                      "Parallel Aware": true,
                      "Relation Name": "movie_keyword",
                      "Alias": "mk",
                      "Startup Cost": 11976.13,
                      "Total Cost": 38706.77,
                      "Plan Rows": 182131,
                      "Plan Width": 4,
                      "Actual Startup Time": 43.647,
                      "Actual Total Time": 99.817,
                      "Actual Rows": 141568,
                      "Actual Loops": 4,
                      "Recheck Cond": "(keyword_id < 399)",
                      "Rows Removed by Index Recheck": 0,
                      "Exact Heap Blocks": 6461,
                      "Lossy Heap Blocks": 0,
                      "Plans": [
                        {
                          "Node Type": "Bitmap Index Scan",
                          "Parent Relationship": "Outer",
                          "Parallel Aware": false,
                          "Index Name": "keyword_id_movie_keyword",
                          "Startup Cost": 0.0,
                          "Total Cost": 11834.98,
                          "Plan Rows": 564606,
                          "Plan Width": 0,
                          "Actual Startup Time": 39.974,
                          "Actual Total Time": 39.975,
                          "Actual Rows": 566270,
                          "Actual Loops": 1,
                          "Index Cond": "(keyword_id < 399)"
                        }
                      ]
                    },
                    {
                      "Node Type": "Hash",
                      "Parent Relationship": "Inner",
                      "Parallel Aware": true,
                      "Startup Cost": 228064.44,
                      "Total Cost": 228064.44,
                      "Plan Rows": 149813,
                      "Plan Width": 8,
                      "Actual Startup Time": 508.34,
                      "Actual Total Time": 508.466,
                      "Actual Rows": 200535,
                      "Actual Loops": 4,
                      "Hash Buckets": 1048576,
                      "Original Hash Buckets": 1048576,
                      "Hash Batches": 1,
                      "Original Hash Batches": 1,
                      "Peak Memory Usage": 39648,
                      "Plans": [
                        {
                          "Node Type": "Hash Join",
                          "Parent Relationship": "Outer",
                          "Parallel Aware": true,
                          "Join Type": "Inner",
                          "Startup Cost": 63805.51,
                          "Total Cost": 228064.44,
                          "Plan Rows": 149813,
                          "Plan Width": 8,
                          "Actual Startup Time": 334.887,
                          "Actual Total Time": 444.758,
                          "Actual Rows": 200535,
                          "Actual Loops": 4,
                          "Inner Unique": true,
                          "Hash Cond": "(mi.movie_id = t.id)",
                          "Plans": [
                            {
                              "Node Type": "Bitmap Heap Scan",
                              "Parent Relationship": "Outer",
                              "Parallel Aware": true,
                              "Relation Name": "movie_info",
                              "Alias": "mi",
                              "Startup Cost": 13585.7,
                              "Total Cost": 177451.37,
                              "Plan Rows": 149813,
                              "Plan Width": 4,
                              "Actual Startup Time": 32.347,
                              "Actual Total Time": 53.557,
                              "Actual Rows": 200535,
                              "Actual Loops": 4,
                              "Recheck Cond": "(info_type_id = 1)",
                              "Rows Removed by Index Recheck": 0,
                              "Exact Heap Blocks": 1250,
                              "Lossy Heap Blocks": 0,
                              "Plans": [
                                {
                                  "Node Type": "Bitmap Index Scan",
                                  "Parent Relationship": "Outer",
                                  "Parallel Aware": false,
                                  "Index Name": "info_type_id_movie_info",
                                  "Startup Cost": 0.0,
                                  "Total Cost": 13398.44,
                                  "Plan Rows": 749067,
                                  "Plan Width": 0,
                                  "Actual Startup Time": 31.551,
                                  "Actual Total Time": 31.551,
                                  "Actual Rows": 802140,
                                  "Actual Loops": 1,
                                  "Index Cond": "(info_type_id = 1)"
                                }
                              ]
                            },
                            {
                              "Node Type": "Hash",
                              "Parent Relationship": "Inner",
                              "Parallel Aware": true,
                              "Startup Cost": 42318.81,
                              "Total Cost": 42318.81,
                              "Plan Rows": 632080,
                              "Plan Width": 4,
                              "Actual Startup Time": 296.442,
                              "Actual Total Time": 296.443,
                              "Actual Rows": 632078,
                              "Actual Loops": 4,
                              "Hash Buckets": 4194304,
                              "Original Hash Buckets": 4194304,
                              "Hash Batches": 1,
                              "Original Hash Batches": 1,
                              "Peak Memory Usage": 131744,
                              "Plans": [
                                {
                                  "Node Type": "Seq Scan",
                                  "Parent Relationship": "Outer",
                                  "Parallel Aware": true,
                                  "Relation Name": "title",
                                  "Alias": "t",
                                  "Startup Cost": 0.0,
                                  "Total Cost": 42318.81,
                                  "Plan Rows": 632080,
                                  "Plan Width": 4,
                                  "Actual Startup Time": 0.022,
                                  "Actual Total Time": 85.995,
                                  "Actual Rows": 632078,
                                  "Actual Loops": 4
                                }
                              ]
                            }
                          ]
                        }
                      ]
                    }
                  ]
                }
              ]
            }
          ]
        }
      ]
    },
    "Planning Time": 0.46,
    "Triggers": [],
    "Execution Time": 711.184
  }
]