[
  {
    "Plan": {
      "Node Type": "Aggregate",
      "Strategy": "Plain",
      "Partial Mode": "Simple",
      "Parallel Aware": false,
      "Startup Cost": 4567.28,
      "Total Cost": 4567.29,
      "Plan Rows": 1,
      "Plan Width": 8,
      "Actual Startup Time": 1.055,
      "Actual Total Time": 1.057,
      "Actual Rows": 1,
      "Actual Loops": 1,
      "Plans": [
        {
          "Node Type": "Nested Loop",
          "Parent Relationship": "Outer",
          "Parallel Aware": false,
          "Join Type": "Inner",
          "Startup Cost": 1.42,
          "Total Cost": 4566.74,
          "Plan Rows": 216,
          "Plan Width": 0,
          "Actual Startup Time": 0.759,
          "Actual Total Time": 1.046,
          "Actual Rows": 12,
          "Actual Loops": 1,
          "Inner Unique": false,
          "Plans": [
            {
              "Node Type": "Nested Loop",
              "Parent Relationship": "Outer",
              "Parallel Aware": false,
              "Join Type": "Inner",
              "Startup Cost": 0.99,
              "Total Cost": 4356.43,
              "Plan Rows": 395,
              "Plan Width": 8,
              "Actual Startup Time": 0.737,
              "Actual Total Time": 0.882,
              "Actual Rows": 10,
              "Actual Loops": 1,
              "Inner Unique": true,
              "Plans": [
                {
                  "Node Type": "Index Scan",
                  "Parent Relationship": "Outer",
                  "Parallel Aware": false,
                  "Scan Direction": "Forward",
                  "Index Name": "person_id_cast_info",
                  "Relation Name": "cast_info",
                  "Alias": "ci",
                  "Startup Cost": 0.56,
                  "Total Cost": 1059.67,
                  "Plan Rows": 395,
                  "Plan Width": 4,
                  "Actual Startup Time": 0.704,
                  "Actual Total Time": 0.713,
                  "Actual Rows": 10,
                  "Actual Loops": 1,
                  "Index Cond": "(person_id = 1454441)",
                  "Rows Removed by Index Recheck": 0,
                  "Filter": "(role_id < 8)",
                  "Rows Removed by Filter": 0
                },
                {
                  "Node Type": "Index Only Scan",
                  "Parent Relationship": "Inner",
                  "Parallel Aware": false,
                  "Scan Direction": "Forward",
                  "Index Name": "title_pkey",
                  "Relation Name": "title",
                  "Alias": "t",
                  "Startup Cost": 0.43,
                  "Total Cost": 8.35,
                  "Plan Rows": 1,
                  "Plan Width": 4,
                  "Actual Startup Time": 0.015,
                  "Actual Total Time": 0.015,
                  "Actual Rows": 1,
                  "Actual Loops": 10,
                  "Index Cond": "(id = ci.movie_id)",
                  "Rows Removed by Index Recheck": 0,
                  "Heap Fetches": 10
                }
              ]
            },
            {
              "Node Type": "Index Only Scan",
              "Parent Relationship": "Inner",
              "Parallel Aware": false,
              "Scan Direction": "Forward",
              "Index Name": "movie_id_movie_info_idx",
              "Relation Name": "movie_info_idx",
              "Alias": "mi_idx",
              "Startup Cost": 0.43,
              "Total Cost": 0.5,
              "Plan Rows": 3,
              "Plan Width": 4,
              "Actual Startup Time": 0.014,
              "Actual Total Time": 0.015,
              "Actual Rows": 1,
              "Actual Loops": 10,
              "Index Cond": "(movie_id = t.id)",
              "Rows Removed by Index Recheck": 0,
              "Heap Fetches": 12
            }
          ]
        }
      ]
    },
    "Planning Time": 1.303,
    "Triggers": [],
    "Execution Time": 1.131
  }
]