{
  "Plan": {
    "Node Type": "Aggregate",
    "Strategy": "Plain",
    "Partial Mode": "Finalize",
    "Parallel Aware": false,
    "Startup Cost": 74358.51,
    "Total Cost": 74358.52,
    "Plan Rows": 1,
    "Plan Width": 8,
    "Actual Startup Time": 163.204,
    "Actual Total Time": 174.696,
    "Actual Rows": 1,
    "Actual Loops": 1,
    "Plans": [
      {
        "Node Type": "Gather",
        "Parent Relationship": "Outer",
        "Parallel Aware": false,
        "Startup Cost": 74358.4,
        "Total Cost": 74358.51,
        "Plan Rows": 1,
        "Plan Width": 8,
        "Actual Startup Time": 163.064,
        "Actual Total Time": 174.688,
        "Actual Rows": 2,
        "Actual Loops": 1,
        "Workers Planned": 1,
        "Workers Launched": 1,
        "Single Copy": false,
        "Plans": [
          {
            "Node Type": "Aggregate",
            "Strategy": "Plain",
            "Partial Mode": "Partial",
            "Parent Relationship": "Outer",
            "Parallel Aware": false,
            "Startup Cost": 73358.4,
            "Total Cost": 73358.41,
            "Plan Rows": 1,
            "Plan Width": 8,
            "Actual Startup Time": 157.095,
            "Actual Total Time": 157.097,
            "Actual Rows": 1,
            "Actual Loops": 2,
            "Plans": [
              {
                "Node Type": "Nested Loop",
                "Parent Relationship": "Outer",
                "Parallel Aware": false,
                "Join Type": "Inner",
                "Startup Cost": 0.43,
                "Total Cost": 73357.78,
                "Plan Rows": 245,
                "Plan Width": 0,
                "Actual Startup Time": 103.338,
                "Actual Total Time": 157.045,
                "Actual Rows": 378,
                "Actual Loops": 2,
                "Inner Unique": false,
                "Plans": [
                  {
                    "Node Type": "Seq Scan",
                    "Parent Relationship": "Outer",
                    "Parallel Aware": true,
                    "Relation Name": "title",
                    "Alias": "t",
                    "Startup Cost": 0.0,
                    "Total Cost": 54588.39,
                    "Plan Rows": 1065,
                    "Plan Width": 4,
                    "Actual Startup Time": 96.262,
                    "Actual Total Time": 146.35,
                    "Actual Rows": 1101,
                    "Actual Loops": 2,
                    "Filter": "(production_year = 1940)",
                    "Rows Removed by Filter": 1263055
                  },
                  {
                    "Node Type": "Index Scan",
                    "Parent Relationship": "Inner",
                    "Parallel Aware": false,
                    "Scan Direction": "Forward",
                    "Index Name": "movie_id_movie_companies",
                    "Relation Name": "movie_companies",
                    "Alias": "mc",
                    "Startup Cost": 0.43,
                    "Total Cost": 17.61,
                    "Plan Rows": 1,
                    "Plan Width": 4,
                    "Actual Startup Time": 0.009,
                    "Actual Total Time": 0.009,
                    "Actual Rows": 0,
                    "Actual Loops": 2202,
                    "Index Cond": "(movie_id = t.id)",
                    "Rows Removed by Index Recheck": 0,
                    "Filter": "(company_id > 68731)",
                    "Rows Removed by Filter": 3
                  }
                ]
              }
            ]
          }
        ]
      }
    ]
  },
  "Planning Time": 0.492,
  "Triggers": [],
  "Execution Time": 174.769
}