[
  {
    "Plan": {
      "Node Type": "Aggregate",
      "Strategy": "Plain",
      "Partial Mode": "Finalize",
      "Parallel Aware": false,
      "Startup Cost": 46480.21,
      "Total Cost": 46480.22,
      "Plan Rows": 1,
      "Plan Width": 8,
      "Actual Startup Time": 101.149,
      "Actual Total Time": 112.622,
      "Actual Rows": 1,
      "Actual Loops": 1,
      "Plans": [
        {
          "Node Type": "Gather",
          "Parent Relationship": "Outer",
          "Parallel Aware": false,
          "Startup Cost": 46479.79,
          "Total Cost": 46480.2,
          "Plan Rows": 4,
          "Plan Width": 8,
          "Actual Startup Time": 100.974,
          "Actual Total Time": 112.612,
          "Actual Rows": 5,
          "Actual Loops": 1,
          "Workers Planned": 4,
          "Workers Launched": 4,
          "Single Copy": false,
          "Plans": [
            {
              "Node Type": "Aggregate",
              "Strategy": "Plain",
              "Partial Mode": "Partial",
              "Parent Relationship": "Outer",
              "Parallel Aware": false,
              "Startup Cost": 45479.79,
              "Total Cost": 45479.8,
              "Plan Rows": 1,
              "Plan Width": 8,
              "Actual Startup Time": 91.996,
              "Actual Total Time": 91.997,
              "Actual Rows": 1,
              "Actual Loops": 5,
              "Plans": [
                {
                  "Node Type": "Seq Scan",
                  "Parent Relationship": "Outer",
                  "Parallel Aware": true,
                  "Relation Name": "title",
                  "Alias": "t",
                  "Startup Cost": 0.0,
                  "Total Cost": 45479.1,
                  "Plan Rows": 275,
                  "Plan Width": 0,
                  "Actual Startup Time": 38.422,
                  "Actual Total Time": 91.985,
                  "Actual Rows": 6,
                  "Actual Loops": 5,
                  "Filter": "((kind_id = 7) AND (production_year = 1946))",
                  "Rows Removed by Filter": 505657
                }
              ]
            }
          ]
        }
      ]
    },
    "Planning Time": 0.128,
    "Triggers": [],
    "Execution Time": 112.666
  }
]