[
  {
    "Plan": {
      "Node Type": "Aggregate",
      "Strategy": "Plain",
      "Partial Mode": "Finalize",
      "Parallel Aware": false,
      "Startup Cost": 92749.53,
      "Total Cost": 92749.54,
      "Plan Rows": 1,
      "Plan Width": 8,
      "Actual Startup Time": 245.029,
      "Actual Total Time": 272.192,
      "Actual Rows": 1,
      "Actual Loops": 1,
      "Plans": [
        {
          "Node Type": "Gather",
          "Parent Relationship": "Outer",
          "Parallel Aware": false,
          "Startup Cost": 92749.21,
          "Total Cost": 92749.52,
          "Plan Rows": 3,
          "Plan Width": 8,
          "Actual Startup Time": 244.279,
          "Actual Total Time": 272.183,
          "Actual Rows": 4,
          "Actual Loops": 1,
          "Workers Planned": 3,
          "Workers Launched": 3,
          "Single Copy": false,
          "Plans": [
            {
              "Node Type": "Aggregate",
              "Strategy": "Plain",
              "Partial Mode": "Partial",
              "Parent Relationship": "Outer",
              "Parallel Aware": false,
              "Startup Cost": 91749.21,
              "Total Cost": 91749.22,
              "Plan Rows": 1,
              "Plan Width": 8,
              "Actual Startup Time": 234.54,
              "Actual Total Time": 234.544,
              "Actual Rows": 1,
              "Actual Loops": 4,
              "Plans": [
                {
                  "Node Type": "Nested Loop",
                  "Parent Relationship": "Outer",
                  "Parallel Aware": false,
                  "Join Type": "Inner",
                  "Startup Cost": 53381.16,
                  "Total Cost": 91739.15,
                  "Plan Rows": 4026,
                  "Plan Width": 0,
                  "Actual Startup Time": 131.087,
                  "Actual Total Time": 233.88,
                  "Actual Rows": 9950,
                  "Actual Loops": 4,
                  "Inner Unique": false,
                  "Join Filter": "(t.id = ci.movie_id)",
                  "Rows Removed by Join Filter": 0,
                  "Plans": [
                    {
                      "Node Type": "Hash Join",
                      "Parent Relationship": "Outer",
                      "Parallel Aware": true,
                      "Join Type": "Inner",
                      "Startup Cost": 53380.59,
                      "Total Cost": 79618.3,
                      "Plan Rows": 2146,
                      "Plan Width": 8,
                      "Actual Startup Time": 130.661,
                      "Actual Total Time": 181.461,
                      "Actual Rows": 786,
                      "Actual Loops": 4,
                      "Inner Unique": true,
                      "Hash Cond": "(mk.movie_id = t.id)",
                      "Plans": [
                        {
                          "Node Type": "Bitmap Heap Scan",
                          "Parent Relationship": "Outer",
                          "Parallel Aware": true,
                          "Relation Name": "movie_keyword",
                          "Alias": "mk",
                          "Startup Cost": 7757.73,
                          "Total Cost": 33685.87,
                          "Plan Rows": 117931,
                          "Plan Width": 4,
                          "Actual Startup Time": 22.81,
                          "Actual Total Time": 61.027,
                          "Actual Rows": 88462,
                          "Actual Loops": 4,
                          "Recheck Cond": "(keyword_id > 47158)",
                          "Rows Removed by Index Recheck": 0,
                          "Exact Heap Blocks": 9460,
                          "Lossy Heap Blocks": 0,
                          "Plans": [
                            {
                              "Node Type": "Bitmap Index Scan",
                              "Parent Relationship": "Outer",
                              "Parallel Aware": false,
                              "Index Name": "keyword_id_movie_keyword",
                              "Startup Cost": 0.0,
                              "Total Cost": 7666.34,
                              "Plan Rows": 365587,
                              "Plan Width": 0,
                              "Actual Startup Time": 19.495,
                              "Actual Total Time": 19.496,
                              "Actual Rows": 353848,
                              "Actual Loops": 1,
                              "Index Cond": "(keyword_id > 47158)"
                            }
                          ]
                        },
                        {
                          "Node Type": "Hash",
                          "Parent Relationship": "Inner",
                          "Parallel Aware": true,
                          "Startup Cost": 45479.1,
                          "Total Cost": 45479.1,
                          "Plan Rows": 11501,
                          "Plan Width": 4,
                          "Actual Startup Time": 105.992,
                          "Actual Total Time": 105.992,
                          "Actual Rows": 13216,
                          "Actual Loops": 4,
                          "Hash Buckets": 65536,
                          "Original Hash Buckets": 65536,
                          "Hash Batches": 1,
                          "Original Hash Batches": 1,
                          "Peak Memory Usage": 2624,
                          "Plans": [
                            {
                              "Node Type": "Seq Scan",
                              "Parent Relationship": "Outer",
                              "Parallel Aware": true,
                              "Relation Name": "title",
                              "Alias": "t",
                              "Startup Cost": 0.0,
                              "Total Cost": 45479.1,
                              "Plan Rows": 11501,
                              "Plan Width": 4,
                              "Actual Startup Time": 0.042,
                              "Actual Total Time": 99.512,
                              "Actual Rows": 13216,
                              "Actual Loops": 4,
                              "Filter": "((kind_id > 1) AND (production_year = 2002))",
                              "Rows Removed by Filter": 618862
                            }
                          ]
                        }
                      ]
                    },
                    {
                      "Node Type": "Index Scan",
                      "Parent Relationship": "Inner",
                      "Parallel Aware": false,
                      "Scan Direction": "Forward",
                      "Index Name": "movie_id_cast_info",
                      "Relation Name": "cast_info",
                      "Alias": "ci",
                      "Startup Cost": 0.56,
                      "Total Cost": 5.59,
                      "Plan Rows": 5,
                      "Plan Width": 4,
                      "Actual Startup Time": 0.047,
                      "Actual Total Time": 0.065,
                      "Actual Rows": 13,
                      "Actual Loops": 3143,
                      "Index Cond": "(movie_id = mk.movie_id)",
                      "Rows Removed by Index Recheck": 0,
                      "Filter": "((person_id > 1799654) AND (role_id > 4))",
                      "Rows Removed by Filter": 24
                    }
                  ]
                }
              ]
            }
          ]
        }
      ]
    },
    "Planning Time": 1.451,
    "Triggers": [],
    "Execution Time": 272.31
  }
]