{
  "Plan": {
    "Node Type": "Aggregate",
    "Strategy": "Plain",
    "Partial Mode": "Simple",
    "Parallel Aware": false,
    "Startup Cost": 2500822.47,
    "Total Cost": 2500822.48,
    "Plan Rows": 1,
    "Plan Width": 64,
    "Actual Startup Time": 10399.694,
    "Actual Total Time": 10399.901,
    "Actual Rows": 1,
    "Actual Loops": 1,
    "Plans": [
      {
        "Node Type": "Merge Join",
        "Parent Relationship": "Outer",
        "Parallel Aware": false,
        "Join Type": "Inner",
        "Startup Cost": 2500819.3,
        "Total Cost": 2500822.44,
        "Plan Rows": 6,
        "Plan Width": 112,
        "Actual Startup Time": 10228.501,
        "Actual Total Time": 10242.05,
        "Actual Rows": 68185,
        "Actual Loops": 1,
        "Inner Unique": false,
        "Merge Cond": "(it.id = pi.info_type_id)",
        "Plans": [
          {
            "Node Type": "Sort",
            "Parent Relationship": "Outer",
            "Parallel Aware": false,
            "Startup Cost": 2.42,
            "Total Cost": 2.43,
            "Plan Rows": 1,
            "Plan Width": 4,
            "Actual Startup Time": 0.121,
            "Actual Total Time": 0.123,
            "Actual Rows": 1,
            "Actual Loops": 1,
            "Sort Key": [
              "it.id"
            ],
            "Sort Method": "quicksort",
            "Sort Space Used": 25,
            "Sort Space Type": "Memory",
            "Plans": [
              {
                "Node Type": "Seq Scan",
                "Parent Relationship": "Outer",
                "Parallel Aware": false,
                "Relation Name": "info_type",
                "Alias": "it",
                "Startup Cost": 0.0,
                "Total Cost": 2.41,
                "Plan Rows": 1,
                "Plan Width": 4,
                "Actual Startup Time": 0.047,
                "Actual Total Time": 0.062,
                "Actual Rows": 1,
                "Actual Loops": 1,
                "Filter": "((info)::text = 'mini biography'::text)",
                "Rows Removed by Filter": 112
              }
            ]
          },
          {
            "Node Type": "Sort",
            "Parent Relationship": "Inner",
            "Parallel Aware": false,
            "Startup Cost": 2500816.88,
            "Total Cost": 2500818.42,
            "Plan Rows": 616,
            "Plan Width": 116,
            "Actual Startup Time": 10228.374,
            "Actual Total Time": 10232.285,
            "Actual Rows": 68185,
            "Actual Loops": 1,
            "Sort Key": [
              "pi.info_type_id"
            ],
            "Sort Method": "quicksort",
            "Sort Space Used": 69595,
            "Sort Space Type": "Memory",
            "Plans": [
              {
                "Node Type": "Merge Join",
                "Parent Relationship": "Outer",
                "Parallel Aware": false,
                "Join Type": "Inner",
                "Startup Cost": 2500199.74,
                "Total Cost": 2500788.34,
                "Plan Rows": 616,
                "Plan Width": 116,
                "Actual Startup Time": 10106.289,
                "Actual Total Time": 10172.71,
                "Actual Rows": 68185,
                "Actual Loops": 1,
                "Inner Unique": false,
                "Merge Cond": "(n.id = pi.person_id)",
                "Plans": [
                  {
                    "Node Type": "Sort",
                    "Parent Relationship": "Outer",
                    "Parallel Aware": false,
                    "Startup Cost": 2424896.19,
                    "Total Cost": 2424969.92,
                    "Plan Rows": 29492,
                    "Plan Width": 27,
                    "Actual Startup Time": 9932.718,
                    "Actual Total Time": 9952.61,
                    "Actual Rows": 184511,
                    "Actual Loops": 1,
                    "Sort Key": [
                      "an.person_id"
                    ],
                    "Sort Method": "quicksort",
                    "Sort Space Used": 20558,
                    "Sort Space Type": "Memory",
                    "Plans": [
                      {
                        "Node Type": "Merge Join",
                        "Parent Relationship": "Outer",
                        "Parallel Aware": false,
                        "Join Type": "Inner",
                        "Startup Cost": 2421748.19,
                        "Total Cost": 2422706.7,
                        "Plan Rows": 29492,
                        "Plan Width": 27,
                        "Actual Startup Time": 9841.345,
                        "Actual Total Time": 9880.48,
                        "Actual Rows": 184511,
                        "Actual Loops": 1,
                        "Inner Unique": false,
                        "Merge Cond": "(lt.id = ml.link_type_id)",
                        "Plans": [
                          {
                            "Node Type": "Sort",
                            "Parent Relationship": "Outer",
                            "Parallel Aware": false,
                            "Startup Cost": 1.31,
                            "Total Cost": 1.32,
                            "Plan Rows": 4,
                            "Plan Width": 4,
                            "Actual Startup Time": 0.046,
                            "Actual Total Time": 0.055,
                            "Actual Rows": 4,
                            "Actual Loops": 1,
                            "Sort Key": [
                              "lt.id"
                            ],
                            "Sort Method": "quicksort",
                            "Sort Space Used": 25,
                            "Sort Space Type": "Memory",
                            "Plans": [
                              {
                                "Node Type": "Seq Scan",
                                "Parent Relationship": "Outer",
                                "Parallel Aware": false,
                                "Relation Name": "link_type",
                                "Alias": "lt",
                                "Startup Cost": 0.0,
                                "Total Cost": 1.27,
                                "Plan Rows": 4,
                                "Plan Width": 4,
                                "Actual Startup Time": 0.014,
                                "Actual Total Time": 0.026,
                                "Actual Rows": 4,
                                "Actual Loops": 1,
                                "Filter": "((link)::text = ANY ('{references,\"referenced in\",features,\"featured in\"}'::text[]))",
                                "Rows Removed by Filter": 14
                              }
                            ]
                          },
                          {
                            "Node Type": "Sort",
                            "Parent Relationship": "Inner",
                            "Parallel Aware": false,
                            "Startup Cost": 2421746.88,
                            "Total Cost": 2422078.66,
                            "Plan Rows": 132714,
                            "Plan Width": 31,
                            "Actual Startup Time": 9839.334,
                            "Actual Total Time": 9853.869,
                            "Actual Rows": 212213,
                            "Actual Loops": 1,
                            "Sort Key": [
                              "ml.link_type_id"
                            ],
                            "Sort Method": "quicksort",
                            "Sort Space Used": 23465,
                            "Sort Space Type": "Memory",
                            "Plans": [
                              {
                                "Node Type": "Gather",
                                "Parent Relationship": "Outer",
                                "Parallel Aware": false,
                                "Startup Cost": 2388804.45,
                                "Total Cost": 2410454.27,
                                "Plan Rows": 132714,
                                "Plan Width": 31,
                                "Actual Startup Time": 8977.922,
                                "Actual Total Time": 9778.47,
                                "Actual Rows": 221689,
                                "Actual Loops": 1,
                                "Workers Planned": 4,
                                "Workers Launched": 4,
                                "Single Copy": false,
                                "Plans": [
                                  {
                                    "Node Type": "Merge Join",
                                    "Parent Relationship": "Outer",
                                    "Parallel Aware": false,
                                    "Join Type": "Inner",
                                    "Startup Cost": 2387804.45,
                                    "Total Cost": 2396182.87,
                                    "Plan Rows": 33178,
                                    "Plan Width": 31,
                                    "Actual Startup Time": 9050.001,
                                    "Actual Total Time": 9359.587,
                                    "Actual Rows": 44338,
                                    "Actual Loops": 5,
                                    "Inner Unique": true,
                                    "Merge Cond": "(ci.movie_id = t.id)",
                                    "Plans": [
                                      {
                                        "Node Type": "Sort",
                                        "Parent Relationship": "Outer",
                                        "Parallel Aware": false,
                                        "Startup Cost": 2153733.93,
                                        "Total Cost": 2153868.63,
                                        "Plan Rows": 53879,
                                        "Plan Width": 39,
                                        "Actual Startup Time": 8287.417,
                                        "Actual Total Time": 8293.836,
                                        "Actual Rows": 65095,
                                        "Actual Loops": 5,
                                        "Sort Key": [
                                          "ci.movie_id"
                                        ],
                                        "Sort Method": "quicksort",
                                        "Sort Space Used": 5404,
                                        "Sort Space Type": "Memory",
                                        "Workers": [
                                          {
                                            "Worker Number": 0,
                                            "Sort Method": "quicksort",
                                            "Sort Space Used": 5272,
                                            "Sort Space Type": "Memory"
                                          },
                                          {
                                            "Worker Number": 1,
                                            "Sort Method": "quicksort",
                                            "Sort Space Used": 5451,
                                            "Sort Space Type": "Memory"
                                          },
                                          {
                                            "Worker Number": 2,
                                            "Sort Method": "quicksort",
                                            "Sort Space Used": 4859,
                                            "Sort Space Type": "Memory"
                                          },
                                          {
                                            "Worker Number": 3,
                                            "Sort Method": "quicksort",
                                            "Sort Space Used": 16860,
                                            "Sort Space Type": "Memory"
                                          }
                                        ],
                                        "Plans": [
                                          {
                                            "Node Type": "Merge Join",
                                            "Parent Relationship": "Outer",
                                            "Parallel Aware": false,
                                            "Join Type": "Inner",
                                            "Startup Cost": 2146098.88,
                                            "Total Cost": 2149499.73,
                                            "Plan Rows": 53879,
                                            "Plan Width": 39,
                                            "Actual Startup Time": 8220.319,
                                            "Actual Total Time": 8268.977,
                                            "Actual Rows": 65095,
                                            "Actual Loops": 5,
                                            "Inner Unique": false,
                                            "Merge Cond": "(n.id = an.person_id)",
                                            "Plans": [
                                              {
                                                "Node Type": "Sort",
                                                "Parent Relationship": "Outer",
                                                "Parallel Aware": false,
                                                "Startup Cost": 2059627.04,
                                                "Total Cost": 2059706.97,
                                                "Plan Rows": 31970,
                                                "Plan Width": 35,
                                                "Actual Startup Time": 7863.202,
                                                "Actual Total Time": 7869.081,
                                                "Actual Rows": 53968,
                                                "Actual Loops": 5,
                                                "Sort Key": [
                                                  "ci.person_id"
                                                ],
                                                "Sort Method": "quicksort",
                                                "Sort Space Used": 4846,
                                                "Sort Space Type": "Memory",
                                                "Workers": [
                                                  {
                                                    "Worker Number": 0,
                                                    "Sort Method": "quicksort",
                                                    "Sort Space Used": 4765,
                                                    "Sort Space Type": "Memory"
                                                  },
                                                  {
                                                    "Worker Number": 1,
                                                    "Sort Method": "quicksort",
                                                    "Sort Space Used": 5028,
                                                    "Sort Space Type": "Memory"
                                                  },
                                                  {
                                                    "Worker Number": 2,
                                                    "Sort Method": "quicksort",
                                                    "Sort Space Used": 4770,
                                                    "Sort Space Type": "Memory"
                                                  },
                                                  {
                                                    "Worker Number": 3,
                                                    "Sort Method": "quicksort",
                                                    "Sort Space Used": 10904,
                                                    "Sort Space Type": "Memory"
                                                  }
                                                ],
                                                "Plans": [
                                                  {
                                                    "Node Type": "Merge Join",
                                                    "Parent Relationship": "Outer",
                                                    "Parallel Aware": false,
                                                    "Join Type": "Inner",
                                                    "Startup Cost": 2051590.29,
                                                    "Total Cost": 2057234.98,
                                                    "Plan Rows": 31970,
                                                    "Plan Width": 35,
                                                    "Actual Startup Time": 7621.879,
                                                    "Actual Total Time": 7845.504,
                                                    "Actual Rows": 53968,
                                                    "Actual Loops": 5,
                                                    "Inner Unique": false,
                                                    "Merge Cond": "(ci.movie_id = ml.linked_movie_id)",
                                                    "Plans": [
                                                      {
                                                        "Node Type": "Sort",
                                                        "Parent Relationship": "Outer",
                                                        "Parallel Aware": false,
                                                        "Startup Cost": 2048896.11,
                                                        "Total Cost": 2051480.09,
                                                        "Plan Rows": 1033590,
                                                        "Plan Width": 27,
                                                        "Actual Startup Time": 7611.952,
                                                        "Actual Total Time": 7746.079,
                                                        "Actual Rows": 1035463,
                                                        "Actual Loops": 5,
                                                        "Sort Key": [
                                                          "ci.movie_id"
                                                        ],
                                                        "Sort Method": "quicksort",
                                                        "Sort Space Used": 91778,
                                                        "Sort Space Type": "Memory",
                                                        "Workers": [
                                                          {
                                                            "Worker Number": 0,
                                                            "Sort Method": "quicksort",
                                                            "Sort Space Used": 89022,
                                                            "Sort Space Type": "Memory"
                                                          },
                                                          {
                                                            "Worker Number": 1,
                                                            "Sort Method": "quicksort",
                                                            "Sort Space Used": 87411,
                                                            "Sort Space Type": "Memory"
                                                          },
                                                          {
                                                            "Worker Number": 2,
                                                            "Sort Method": "quicksort",
                                                            "Sort Space Used": 89130,
                                                            "Sort Space Type": "Memory"
                                                          },
                                                          {
                                                            "Worker Number": 3,
                                                            "Sort Method": "quicksort",
                                                            "Sort Space Used": 194767,
                                                            "Sort Space Type": "Memory"
                                                          }
                                                        ],
                                                        "Plans": [
                                                          {
                                                            "Node Type": "Merge Join",
                                                            "Parent Relationship": "Outer",
                                                            "Parallel Aware": false,
                                                            "Join Type": "Inner",
                                                            "Startup Cost": 35.69,
                                                            "Total Cost": 1945644.44,
                                                            "Plan Rows": 1033590,
                                                            "Plan Width": 27,
                                                            "Actual Startup Time": 9.362,
                                                            "Actual Total Time": 7177.407,
                                                            "Actual Rows": 1035783,
                                                            "Actual Loops": 5,
                                                            "Inner Unique": false,
                                                            "Merge Cond": "(n.id = ci.person_id)",
                                                            "Plans": [
                                                              {
                                                                "Node Type": "Index Scan",
                                                                "Parent Relationship": "Outer",
                                                                "Parallel Aware": true,
                                                                "Scan Direction": "Forward",
                                                                "Index Name": "name_pkey",
                                                                "Relation Name": "name",
                                                                "Alias": "n",
                                                                "Startup Cost": 0.43,
                                                                "Total Cost": 159938.95,
                                                                "Plan Rows": 118798,
                                                                "Plan Width": 19,
                                                                "Actual Startup Time": 0.076,
                                                                "Actual Total Time": 470.051,
                                                                "Actual Rows": 101524,
                                                                "Actual Loops": 5,
                                                                "Filter": "(((name_pcode_cf)::text >= 'A'::text) AND ((name_pcode_cf)::text <= 'F'::text) AND (((gender)::text = 'm'::text) OR (((gender)::text = 'f'::text) AND (name ~~ 'A%'::text))))",
                                                                "Rows Removed by Filter": 731974
                                                              },
                                                              {
                                                                "Node Type": "Index Scan",
                                                                "Parent Relationship": "Inner",
                                                                "Parallel Aware": false,
                                                                "Scan Direction": "Forward",
                                                                "Index Name": "person_id_cast_info",
                                                                "Relation Name": "cast_info",
                                                                "Alias": "ci",
                                                                "Startup Cost": 0.56,
                                                                "Total Cost": 1688532.46,
                                                                "Plan Rows": 36257824,
                                                                "Plan Width": 8,
                                                                "Actual Startup Time": 0.122,
                                                                "Actual Total Time": 5415.241,
                                                                "Actual Rows": 17964055,
                                                                "Actual Loops": 5
                                                              }
                                                            ]
                                                          }
                                                        ]
                                                      },
                                                      {
                                                        "Node Type": "Sort",
                                                        "Parent Relationship": "Inner",
                                                        "Parallel Aware": false,
                                                        "Startup Cost": 2693.63,
                                                        "Total Cost": 2768.62,
                                                        "Plan Rows": 29997,
                                                        "Plan Width": 8,
                                                        "Actual Startup Time": 9.882,
                                                        "Actual Total Time": 15.973,
                                                        "Actual Rows": 67040,
                                                        "Actual Loops": 5,
                                                        "Sort Key": [
                                                          "ml.linked_movie_id"
                                                        ],
                                                        "Sort Method": "quicksort",
                                                        "Sort Space Used": 2175,
                                                        "Sort Space Type": "Memory",
                                                        "Workers": [
                                                          {
                                                            "Worker Number": 0,
                                                            "Sort Method": "quicksort",
                                                            "Sort Space Used": 2175,
                                                            "Sort Space Type": "Memory"
                                                          },
                                                          {
                                                            "Worker Number": 1,
                                                            "Sort Method": "quicksort",
                                                            "Sort Space Used": 2175,
                                                            "Sort Space Type": "Memory"
                                                          },
                                                          {
                                                            "Worker Number": 2,
                                                            "Sort Method": "quicksort",
                                                            "Sort Space Used": 2175,
                                                            "Sort Space Type": "Memory"
                                                          },
                                                          {
                                                            "Worker Number": 3,
                                                            "Sort Method": "quicksort",
                                                            "Sort Space Used": 2175,
                                                            "Sort Space Type": "Memory"
                                                          }
                                                        ],
                                                        "Plans": [
                                                          {
                                                            "Node Type": "Seq Scan",
                                                            "Parent Relationship": "Outer",
                                                            "Parallel Aware": false,
                                                            "Relation Name": "movie_link",
                                                            "Alias": "ml",
                                                            "Startup Cost": 0.0,
                                                            "Total Cost": 462.97,
                                                            "Plan Rows": 29997,
                                                            "Plan Width": 8,
                                                            "Actual Startup Time": 0.061,
                                                            "Actual Total Time": 3.174,
                                                            "Actual Rows": 29997,
                                                            "Actual Loops": 5
                                                          }
                                                        ]
                                                      }
                                                    ]
                                                  }
                                                ]
                                              },
                                              {
                                                "Node Type": "Sort",
                                                "Parent Relationship": "Inner",
                                                "Parallel Aware": false,
                                                "Startup Cost": 86471.82,
                                                "Total Cost": 88067.84,
                                                "Plan Rows": 638408,
                                                "Plan Width": 4,
                                                "Actual Startup Time": 357.073,
                                                "Actual Total Time": 373.159,
                                                "Actual Rows": 348800,
                                                "Actual Loops": 5,
                                                "Sort Key": [
                                                  "an.person_id"
                                                ],
                                                "Sort Method": "quicksort",
                                                "Sort Space Used": 56737,
                                                "Sort Space Type": "Memory",
                                                "Workers": [
                                                  {
                                                    "Worker Number": 0,
                                                    "Sort Method": "quicksort",
                                                    "Sort Space Used": 56737,
                                                    "Sort Space Type": "Memory"
                                                  },
                                                  {
                                                    "Worker Number": 1,
                                                    "Sort Method": "quicksort",
                                                    "Sort Space Used": 56737,
                                                    "Sort Space Type": "Memory"
                                                  },
                                                  {
                                                    "Worker Number": 2,
                                                    "Sort Method": "quicksort",
                                                    "Sort Space Used": 56737,
                                                    "Sort Space Type": "Memory"
                                                  },
                                                  {
                                                    "Worker Number": 3,
                                                    "Sort Method": "quicksort",
                                                    "Sort Space Used": 56737,
                                                    "Sort Space Type": "Memory"
                                                  }
                                                ],
                                                "Plans": [
                                                  {
                                                    "Node Type": "Seq Scan",
                                                    "Parent Relationship": "Outer",
                                                    "Parallel Aware": false,
                                                    "Relation Name": "aka_name",
                                                    "Alias": "an",
                                                    "Startup Cost": 0.0,
                                                    "Total Cost": 24916.14,
                                                    "Plan Rows": 638408,
                                                    "Plan Width": 4,
                                                    "Actual Startup Time": 0.047,
                                                    "Actual Total Time": 169.855,
                                                    "Actual Rows": 686095,
                                                    "Actual Loops": 5,
                                                    "Filter": "((name IS NOT NULL) AND ((name ~~ '%a%'::text) OR (name ~~ 'A%'::text)))",
                                                    "Rows Removed by Filter": 215248
                                                  }
                                                ]
                                              }
                                            ]
                                          }
                                        ]
                                      },
                                      {
                                        "Node Type": "Sort",
                                        "Parent Relationship": "Inner",
                                        "Parallel Aware": false,
                                        "Startup Cost": 234070.34,
                                        "Total Cost": 237962.94,
                                        "Plan Rows": 1557042,
                                        "Plan Width": 4,
                                        "Actual Startup Time": 762.31,
                                        "Actual Total Time": 951.618,
                                        "Actual Rows": 1554342,
                                        "Actual Loops": 5,
                                        "Sort Key": [
                                          "t.id"
                                        ],
                                        "Sort Method": "quicksort",
                                        "Sort Space Used": 122071,
                                        "Sort Space Type": "Memory",
                                        "Workers": [
                                          {
                                            "Worker Number": 0,
                                            "Sort Method": "quicksort",
                                            "Sort Space Used": 122071,
                                            "Sort Space Type": "Memory"
                                          },
                                          {
                                            "Worker Number": 1,
                                            "Sort Method": "quicksort",
                                            "Sort Space Used": 122071,
                                            "Sort Space Type": "Memory"
                                          },
                                          {
                                            "Worker Number": 2,
                                            "Sort Method": "quicksort",
                                            "Sort Space Used": 122071,
                                            "Sort Space Type": "Memory"
                                          },
                                          {
                                            "Worker Number": 3,
                                            "Sort Method": "quicksort",
                                            "Sort Space Used": 122071,
                                            "Sort Space Type": "Memory"
                                          }
                                        ],
                                        "Plans": [
                                          {
                                            "Node Type": "Seq Scan",
                                            "Parent Relationship": "Outer",
                                            "Parallel Aware": false,
                                            "Relation Name": "title",
                                            "Alias": "t",
                                            "Startup Cost": 0.0,
                                            "Total Cost": 73925.64,
                                            "Plan Rows": 1557042,
                                            "Plan Width": 4,
                                            "Actual Startup Time": 0.032,
                                            "Actual Total Time": 318.788,
                                            "Actual Rows": 1555597,
                                            "Actual Loops": 5,
                                            "Filter": "((production_year >= 1980) AND (production_year <= 2010))",
                                            "Rows Removed by Filter": 972715
                                          }
                                        ]
                                      }
                                    ]
                                  }
                                ]
                              }
                            ]
                          }
                        ]
                      }
                    ]
                  },
                  {
                    "Node Type": "Sort",
                    "Parent Relationship": "Inner",
                    "Parallel Aware": false,
                    "Startup Cost": 75303.54,
                    "Total Cost": 75521.04,
                    "Plan Rows": 87000,
                    "Plan Width": 105,
                    "Actual Startup Time": 173.54,
                    "Actual Total Time": 185.446,
                    "Actual Rows": 110248,
                    "Actual Loops": 1,
                    "Sort Key": [
                      "pi.person_id"
                    ],
                    "Sort Method": "quicksort",
                    "Sort Space Used": 97770,
                    "Sort Space Type": "Memory",
                    "Plans": [
                      {
                        "Node Type": "Gather",
                        "Parent Relationship": "Outer",
                        "Parallel Aware": false,
                        "Startup Cost": 1000.0,
                        "Total Cost": 68165.74,
                        "Plan Rows": 87000,
                        "Plan Width": 105,
                        "Actual Startup Time": 0.41,
                        "Actual Total Time": 76.096,
                        "Actual Rows": 84183,
                        "Actual Loops": 1,
                        "Workers Planned": 4,
                        "Workers Launched": 4,
                        "Single Copy": false,
                        "Plans": [
                          {
                            "Node Type": "Seq Scan",
                            "Parent Relationship": "Outer",
                            "Parallel Aware": true,
                            "Relation Name": "person_info",
                            "Alias": "pi",
                            "Startup Cost": 0.0,
                            "Total Cost": 58465.74,
                            "Plan Rows": 21750,
                            "Plan Width": 105,
                            "Actual Startup Time": 0.075,
                            "Actual Total Time": 122.083,
                            "Actual Rows": 16837,
                            "Actual Loops": 5,
                            "Filter": "(note IS NOT NULL)",
                            "Rows Removed by Filter": 575896
                          }
                        ]
                      }
                    ]
                  }
                ]
              }
            ]
          }
        ]
      }
    ]
  },
  "Planning Time": 15.705,
  "Triggers": [],
  "Execution Time": 10433.939
}