{
    "Plan": {
        "Node Type": "Aggregate",
        "Strategy": "Plain",
        "Partial Mode": "Finalize",
        "Parallel Aware": false,
        "Startup Cost": 337083.17,
        "Total Cost": 337083.18,
        "Plan Rows": 1,
        "Plan Width": 8,
        "Actual Startup Time": 1042.452,
        "Actual Total Time": 1109.782,
        "Actual Rows": 1,
        "Actual Loops": 1,
        "Output": [
            "count(*)"
        ],
        "Plans": [
            {
                "Node Type": "Gather",
                "Parent Relationship": "Outer",
                "Parallel Aware": false,
                "Startup Cost": 337082.55,
                "Total Cost": 337083.16,
                "Plan Rows": 6,
                "Plan Width": 8,
                "Actual Startup Time": 1042.299,
                "Actual Total Time": 1109.769,
                "Actual Rows": 7,
                "Actual Loops": 1,
                "Output": [
                    "(PARTIAL count(*))"
                ],
                "Workers Planned": 6,
                "Workers Launched": 6,
                "Single Copy": false,
                "Plans": [
                    {
                        "Node Type": "Aggregate",
                        "Strategy": "Plain",
                        "Partial Mode": "Partial",
                        "Parent Relationship": "Outer",
                        "Parallel Aware": false,
                        "Startup Cost": 336082.55,
                        "Total Cost": 336082.56,
                        "Plan Rows": 1,
                        "Plan Width": 8,
                        "Actual Startup Time": 1031.392,
                        "Actual Total Time": 1031.393,
                        "Actual Rows": 1,
                        "Actual Loops": 7,
                        "Output": [
                            "PARTIAL count(*)"
                        ],
                        "Workers": [
                            {
                                "Worker Number": 0,
                                "Actual Startup Time": 1029.282,
                                "Actual Total Time": 1029.283,
                                "Actual Rows": 1,
                                "Actual Loops": 1
                            },
                            {
                                "Worker Number": 1,
                                "Actual Startup Time": 1029.271,
                                "Actual Total Time": 1029.271,
                                "Actual Rows": 1,
                                "Actual Loops": 1
                            },
                            {
                                "Worker Number": 2,
                                "Actual Startup Time": 1029.261,
                                "Actual Total Time": 1029.262,
                                "Actual Rows": 1,
                                "Actual Loops": 1
                            },
                            {
                                "Worker Number": 3,
                                "Actual Startup Time": 1029.967,
                                "Actual Total Time": 1029.969,
                                "Actual Rows": 1,
                                "Actual Loops": 1
                            },
                            {
                                "Worker Number": 4,
                                "Actual Startup Time": 1030.061,
                                "Actual Total Time": 1030.062,
                                "Actual Rows": 1,
                                "Actual Loops": 1
                            },
                            {
                                "Worker Number": 5,
                                "Actual Startup Time": 1030.767,
                                "Actual Total Time": 1030.769,
                                "Actual Rows": 1,
                                "Actual Loops": 1
                            }
                        ],
                        "Plans": [
                            {
                                "Node Type": "Seq Scan",
                                "Parent Relationship": "Outer",
                                "Parallel Aware": true,
                                "Relation Name": "cast_info",
                                "Schema": "public",
                                "Alias": "ci",
                                "Startup Cost": 0.0,
                                "Total Cost": 328213.62,
                                "Plan Rows": 3147573,
                                "Plan Width": 0,
                                "Actual Startup Time": 0.074,
                                "Actual Total Time": 860.416,
                                "Actual Rows": 2682996,
                                "Actual Loops": 7,
                                "Output": [
                                    "id",
                                    "person_id",
                                    "movie_id",
                                    "person_role_id",
                                    "note",
                                    "nr_order",
                                    "role_id"
                                ],
                                "Filter": "(ci.person_id < 1871851)",
                                "Rows Removed by Filter": 2494768,
                                "Workers": [
                                    {
                                        "Worker Number": 0,
                                        "Actual Startup Time": 0.069,
                                        "Actual Total Time": 858.154,
                                        "Actual Rows": 2728248,
                                        "Actual Loops": 1
                                    },
                                    {
                                        "Worker Number": 1,
                                        "Actual Startup Time": 0.063,
                                        "Actual Total Time": 858.266,
                                        "Actual Rows": 2729228,
                                        "Actual Loops": 1
                                    },
                                    {
                                        "Worker Number": 2,
                                        "Actual Startup Time": 0.101,
                                        "Actual Total Time": 858.058,
                                        "Actual Rows": 2707821,
                                        "Actual Loops": 1
                                    },
                                    {
                                        "Worker Number": 3,
                                        "Actual Startup Time": 0.073,
                                        "Actual Total Time": 863.662,
                                        "Actual Rows": 2627242,
                                        "Actual Loops": 1
                                    },
                                    {
                                        "Worker Number": 4,
                                        "Actual Startup Time": 0.072,
                                        "Actual Total Time": 859.036,
                                        "Actual Rows": 2725371,
                                        "Actual Loops": 1
                                    },
                                    {
                                        "Worker Number": 5,
                                        "Actual Startup Time": 0.104,
                                        "Actual Total Time": 863.702,
                                        "Actual Rows": 2617790,
                                        "Actual Loops": 1
                                    }
                                ]
                            }
                        ]
                    }
                ]
            }
        ]
    },
    "Planning Time": 2.152,
    "Triggers": [],
    "Execution Time": 1110.18
}