[
  {
    "Plan": {
      "Node Type": "Aggregate",
      "Strategy": "Plain",
      "Partial Mode": "Finalize",
      "Parallel Aware": false,
      "Startup Cost": 403826.47,
      "Total Cost": 403826.48,
      "Plan Rows": 1,
      "Plan Width": 8,
      "Actual Startup Time": 1782.422,
      "Actual Total Time": 1847.915,
      "Actual Rows": 1,
      "Actual Loops": 1,
      "Plans": [
        {
          "Node Type": "Gather",
          "Parent Relationship": "Outer",
          "Parallel Aware": false,
          "Startup Cost": 403825.85,
          "Total Cost": 403826.46,
          "Plan Rows": 6,
          "Plan Width": 8,
          "Actual Startup Time": 1774.853,
          "Actual Total Time": 1847.905,
          "Actual Rows": 7,
          "Actual Loops": 1,
          "Workers Planned": 6,
          "Workers Launched": 6,
          "Single Copy": false,
          "Plans": [
            {
              "Node Type": "Aggregate",
              "Strategy": "Plain",
              "Partial Mode": "Partial",
              "Parent Relationship": "Outer",
              "Parallel Aware": false,
              "Startup Cost": 402825.85,
              "Total Cost": 402825.86,
              "Plan Rows": 1,
              "Plan Width": 8,
              "Actual Startup Time": 1762.961,
              "Actual Total Time": 1762.964,
              "Actual Rows": 1,
              "Actual Loops": 7,
              "Plans": [
                {
                  "Node Type": "Hash Join",
                  "Parent Relationship": "Outer",
                  "Parallel Aware": true,
                  "Join Type": "Inner",
                  "Startup Cost": 47675.17,
                  "Total Cost": 400336.41,
                  "Plan Rows": 995775,
                  "Plan Width": 0,
                  "Actual Startup Time": 372.922,
                  "Actual Total Time": 1716.111,
                  "Actual Rows": 939645,
                  "Actual Loops": 7,
                  "Inner Unique": true,
                  "Hash Cond": "(ci.movie_id = t.id)",
                  "Plans": [
                    {
                      "Node Type": "Seq Scan",
                      "Parent Relationship": "Outer",
                      "Parallel Aware": true,
                      "Relation Name": "cast_info",
                      "Alias": "ci",
                      "Startup Cost": 0.0,
                      "Total Cost": 343257.03,
                      "Plan Rows": 3582550,
                      "Plan Width": 4,
                      "Actual Startup Time": 229.818,
                      "Actual Total Time": 776.021,
                      "Actual Rows": 3224441,
                      "Actual Loops": 7,
                      "Filter": "((person_id > 341337) AND (role_id > 1))",
                      "Rows Removed by Filter": 1953323
                    },
                    {
                      "Node Type": "Hash",
                      "Parent Relationship": "Inner",
                      "Parallel Aware": true,
                      "Startup Cost": 45479.1,
                      "Total Cost": 45479.1,
                      "Plan Rows": 175686,
                      "Plan Width": 4,
                      "Actual Startup Time": 139.437,
                      "Actual Total Time": 139.439,
                      "Actual Rows": 107133,
                      "Actual Loops": 7,
                      "Hash Buckets": 1048576,
                      "Original Hash Buckets": 1048576,
                      "Hash Batches": 1,
                      "Original Hash Batches": 1,
                      "Peak Memory Usage": 37632,
                      "Plans": [
                        {
                          "Node Type": "Seq Scan",
                          "Parent Relationship": "Outer",
                          "Parallel Aware": true,
                          "Relation Name": "title",
                          "Alias": "t",
                          "Startup Cost": 0.0,
                          "Total Cost": 45479.1,
                          "Plan Rows": 175686,
                          "Plan Width": 4,
                          "Actual Startup Time": 0.042,
                          "Actual Total Time": 84.542,
                          "Actual Rows": 107133,
                          "Actual Loops": 7,
                          "Filter": "((kind_id < 7) AND (production_year < 2009))",
                          "Rows Removed by Filter": 254054
                        }
                      ]
                    }
                  ]
                }
              ]
            }
          ]
        }
      ]
    },
    "Planning Time": 0.616,
    "Triggers": [],
    "Execution Time": 1848.001
  }
]