[
  {
    "Plan": {
      "Node Type": "Aggregate",
      "Strategy": "Plain",
      "Partial Mode": "Finalize",
      "Parallel Aware": false,
      "Startup Cost": 64476.37,
      "Total Cost": 64476.38,
      "Plan Rows": 1,
      "Plan Width": 8,
      "Actual Startup Time": 284.368,
      "Actual Total Time": 299.187,
      "Actual Rows": 1,
      "Actual Loops": 1,
      "Plans": [
        {
          "Node Type": "Gather",
          "Parent Relationship": "Outer",
          "Parallel Aware": false,
          "Startup Cost": 64476.15,
          "Total Cost": 64476.36,
          "Plan Rows": 2,
          "Plan Width": 8,
          "Actual Startup Time": 282.07,
          "Actual Total Time": 299.178,
          "Actual Rows": 3,
          "Actual Loops": 1,
          "Workers Planned": 2,
          "Workers Launched": 2,
          "Single Copy": false,
          "Plans": [
            {
              "Node Type": "Aggregate",
              "Strategy": "Plain",
              "Partial Mode": "Partial",
              "Parent Relationship": "Outer",
              "Parallel Aware": false,
              "Startup Cost": 63476.15,
              "Total Cost": 63476.16,
              "Plan Rows": 1,
              "Plan Width": 8,
              "Actual Startup Time": 274.466,
              "Actual Total Time": 274.469,
              "Actual Rows": 1,
              "Actual Loops": 3,
              "Plans": [
                {
                  "Node Type": "Hash Join",
                  "Parent Relationship": "Outer",
                  "Parallel Aware": true,
                  "Join Type": "Inner",
                  "Startup Cost": 47139.79,
                  "Total Cost": 63273.78,
                  "Plan Rows": 80950,
                  "Plan Width": 0,
                  "Actual Startup Time": 209.044,
                  "Actual Total Time": 270.438,
                  "Actual Rows": 98271,
                  "Actual Loops": 3,
                  "Inner Unique": true,
                  "Hash Cond": "(mi_idx.movie_id = t.id)",
                  "Plans": [
                    {
                      "Node Type": "Seq Scan",
                      "Parent Relationship": "Outer",
                      "Parallel Aware": true,
                      "Relation Name": "movie_info_idx",
                      "Alias": "mi_idx",
                      "Startup Cost": 0.0,
                      "Total Cost": 15122.68,
                      "Plan Rows": 385260,
                      "Plan Width": 4,
                      "Actual Startup Time": 0.012,
                      "Actual Total Time": 45.357,
                      "Actual Rows": 306703,
                      "Actual Loops": 3,
                      "Filter": "(info_type_id > 99)",
                      "Rows Removed by Filter": 153308
                    },
                    {
                      "Node Type": "Hash",
                      "Parent Relationship": "Inner",
                      "Parallel Aware": true,
                      "Startup Cost": 45479.59,
                      "Total Cost": 45479.59,
                      "Plan Rows": 132816,
                      "Plan Width": 4,
                      "Actual Startup Time": 170.003,
                      "Actual Total Time": 170.004,
                      "Actual Rows": 136034,
                      "Actual Loops": 3,
                      "Hash Buckets": 1048576,
                      "Original Hash Buckets": 1048576,
                      "Hash Batches": 1,
                      "Original Hash Batches": 1,
                      "Peak Memory Usage": 24224,
                      "Plans": [
                        {
                          "Node Type": "Seq Scan",
                          "Parent Relationship": "Outer",
                          "Parallel Aware": true,
                          "Relation Name": "title",
                          "Alias": "t",
                          "Startup Cost": 0.0,
                          "Total Cost": 45479.59,
                          "Plan Rows": 132816,
                          "Plan Width": 4,
                          "Actual Startup Time": 50.397,
                          "Actual Total Time": 122.817,
                          "Actual Rows": 136034,
                          "Actual Loops": 3,
                          "Filter": "((production_year > 1974) AND (kind_id = 1))",
                          "Rows Removed by Filter": 706737
                        }
                      ]
                    }
                  ]
                }
              ]
            }
          ]
        }
      ]
    },
    "Planning Time": 0.556,
    "Triggers": [],
    "Execution Time": 299.264
  }
]