{
  "Plan": {
    "Node Type": "Aggregate",
    "Strategy": "Plain",
    "Partial Mode": "Finalize",
    "Parallel Aware": false,
    "Startup Cost": 338700.9,
    "Total Cost": 338700.91,
    "Plan Rows": 1,
    "Plan Width": 8,
    "Actual Startup Time": 1106.385,
    "Actual Total Time": 1143.28,
    "Actual Rows": 1,
    "Actual Loops": 1,
    "Plans": [
      {
        "Node Type": "Gather",
        "Parent Relationship": "Outer",
        "Parallel Aware": false,
        "Startup Cost": 338700.79,
        "Total Cost": 338700.9,
        "Plan Rows": 1,
        "Plan Width": 8,
        "Actual Startup Time": 1106.125,
        "Actual Total Time": 1143.272,
        "Actual Rows": 2,
        "Actual Loops": 1,
        "Workers Planned": 1,
        "Workers Launched": 1,
        "Single Copy": false,
        "Plans": [
          {
            "Node Type": "Aggregate",
            "Strategy": "Plain",
            "Partial Mode": "Partial",
            "Parent Relationship": "Outer",
            "Parallel Aware": false,
            "Startup Cost": 337700.79,
            "Total Cost": 337700.8,
            "Plan Rows": 1,
            "Plan Width": 8,
            "Actual Startup Time": 1103.49,
            "Actual Total Time": 1103.494,
            "Actual Rows": 1,
            "Actual Loops": 2,
            "Plans": [
              {
                "Node Type": "Hash Join",
                "Parent Relationship": "Outer",
                "Parallel Aware": true,
                "Join Type": "Inner",
                "Startup Cost": 55001.08,
                "Total Cost": 337452.27,
                "Plan Rows": 99408,
                "Plan Width": 0,
                "Actual Startup Time": 180.757,
                "Actual Total Time": 1100.019,
                "Actual Rows": 74643,
                "Actual Loops": 2,
                "Inner Unique": true,
                "Hash Cond": "(mi.movie_id = t.id)",
                "Plans": [
                  {
                    "Node Type": "Seq Scan",
                    "Parent Relationship": "Outer",
                    "Parallel Aware": true,
                    "Relation Name": "movie_info",
                    "Alias": "mi",
                    "Startup Cost": 0.0,
                    "Total Cost": 270696.42,
                    "Plan Rows": 4478001,
                    "Plan Width": 4,
                    "Actual Startup Time": 32.211,
                    "Actual Total Time": 636.55,
                    "Actual Rows": 3774428,
                    "Actual Loops": 2,
                    "Filter": "(info_type_id > 7)",
                    "Rows Removed by Filter": 3643432
                  },
                  {
                    "Node Type": "Hash",
                    "Parent Relationship": "Inner",
                    "Parallel Aware": true,
                    "Startup Cost": 54588.39,
                    "Total Cost": 54588.39,
                    "Plan Rows": 33015,
                    "Plan Width": 4,
                    "Actual Startup Time": 125.104,
                    "Actual Total Time": 125.105,
                    "Actual Rows": 29924,
                    "Actual Loops": 2,
                    "Hash Buckets": 65536,
                    "Original Hash Buckets": 65536,
                    "Hash Batches": 1,
                    "Original Hash Batches": 1,
                    "Peak Memory Usage": 2880,
                    "Plans": [
                      {
                        "Node Type": "Seq Scan",
                        "Parent Relationship": "Outer",
                        "Parallel Aware": true,
                        "Relation Name": "title",
                        "Alias": "t",
                        "Startup Cost": 0.0,
                        "Total Cost": 54588.39,
                        "Plan Rows": 33015,
                        "Plan Width": 4,
                        "Actual Startup Time": 61.152,
                        "Actual Total Time": 118.999,
                        "Actual Rows": 29924,
                        "Actual Loops": 2,
                        "Filter": "(production_year < 1915)",
                        "Rows Removed by Filter": 1234232
                      }
                    ]
                  }
                ]
              }
            ]
          }
        ]
      }
    ]
  },
  "Planning Time": 0.234,
  "Triggers": [],
  "Execution Time": 1143.328
}