[
  {
    "Plan": {
      "Node Type": "Aggregate",
      "Strategy": "Plain",
      "Partial Mode": "Finalize",
      "Parallel Aware": false,
      "Startup Cost": 45250.82,
      "Total Cost": 45250.83,
      "Plan Rows": 1,
      "Plan Width": 8,
      "Actual Startup Time": 134.433,
      "Actual Total Time": 142.831,
      "Actual Rows": 1,
      "Actual Loops": 1,
      "Plans": [
        {
          "Node Type": "Gather",
          "Parent Relationship": "Outer",
          "Parallel Aware": false,
          "Startup Cost": 45250.5,
          "Total Cost": 45250.81,
          "Plan Rows": 3,
          "Plan Width": 8,
          "Actual Startup Time": 134.29,
          "Actual Total Time": 142.818,
          "Actual Rows": 4,
          "Actual Loops": 1,
          "Workers Planned": 3,
          "Workers Launched": 3,
          "Single Copy": false,
          "Plans": [
            {
              "Node Type": "Aggregate",
              "Strategy": "Plain",
              "Partial Mode": "Partial",
              "Parent Relationship": "Outer",
              "Parallel Aware": false,
              "Startup Cost": 44250.5,
              "Total Cost": 44250.51,
              "Plan Rows": 1,
              "Plan Width": 8,
              "Actual Startup Time": 129.382,
              "Actual Total Time": 129.383,
              "Actual Rows": 1,
              "Actual Loops": 4,
              "Plans": [
                {
                  "Node Type": "Seq Scan",
                  "Parent Relationship": "Outer",
                  "Parallel Aware": true,
                  "Relation Name": "movie_keyword",
                  "Alias": "mk",
                  "Startup Cost": 0.0,
                  "Total Cost": 42695.65,
                  "Plan Rows": 621940,
                  "Plan Width": 0,
                  "Actual Startup Time": 0.365,
                  "Actual Total Time": 106.754,
                  "Actual Rows": 479592,
                  "Actual Loops": 4,
                  "Filter": "(keyword_id > 7054)",
                  "Rows Removed by Filter": 651390
                }
              ]
            }
          ]
        }
      ]
    },
    "Planning Time": 0.176,
    "Triggers": [],
    "Execution Time": 142.884
  }
]