{
  "Plan": {
    "Node Type": "Aggregate",
    "Strategy": "Plain",
    "Partial Mode": "Finalize",
    "Parallel Aware": false,
    "Startup Cost": 86807.87,
    "Total Cost": 86807.88,
    "Plan Rows": 1,
    "Plan Width": 8,
    "Actual Startup Time": 254.479,
    "Actual Total Time": 266.313,
    "Actual Rows": 1,
    "Actual Loops": 1,
    "Plans": [
      {
        "Node Type": "Gather",
        "Parent Relationship": "Outer",
        "Parallel Aware": false,
        "Startup Cost": 86807.75,
        "Total Cost": 86807.86,
        "Plan Rows": 1,
        "Plan Width": 8,
        "Actual Startup Time": 254.306,
        "Actual Total Time": 266.306,
        "Actual Rows": 2,
        "Actual Loops": 1,
        "Workers Planned": 1,
        "Workers Launched": 1,
        "Single Copy": false,
        "Plans": [
          {
            "Node Type": "Aggregate",
            "Strategy": "Plain",
            "Partial Mode": "Partial",
            "Parent Relationship": "Outer",
            "Parallel Aware": false,
            "Startup Cost": 85807.75,
            "Total Cost": 85807.76,
            "Plan Rows": 1,
            "Plan Width": 8,
            "Actual Startup Time": 250.384,
            "Actual Total Time": 250.388,
            "Actual Rows": 1,
            "Actual Loops": 2,
            "Plans": [
              {
                "Node Type": "Nested Loop",
                "Parent Relationship": "Outer",
                "Parallel Aware": false,
                "Join Type": "Inner",
                "Startup Cost": 58617.25,
                "Total Cost": 85772.79,
                "Plan Rows": 13986,
                "Plan Width": 0,
                "Actual Startup Time": 140.291,
                "Actual Total Time": 249.984,
                "Actual Rows": 8154,
                "Actual Loops": 2,
                "Inner Unique": false,
                "Join Filter": "(t.id = mc.movie_id)",
                "Rows Removed by Join Filter": 0,
                "Plans": [
                  {
                    "Node Type": "Hash Join",
                    "Parent Relationship": "Outer",
                    "Parallel Aware": true,
                    "Join Type": "Inner",
                    "Startup Cost": 58616.82,
                    "Total Cost": 76800.61,
                    "Plan Rows": 13552,
                    "Plan Width": 8,
                    "Actual Startup Time": 140.207,
                    "Actual Total Time": 239.829,
                    "Actual Rows": 4176,
                    "Actual Loops": 2,
                    "Inner Unique": true,
                    "Hash Cond": "(mi_idx.movie_id = t.id)",
                    "Plans": [
                      {
                        "Node Type": "Seq Scan",
                        "Parent Relationship": "Outer",
                        "Parallel Aware": true,
                        "Relation Name": "movie_info_idx",
                        "Alias": "mi_idx",
                        "Startup Cost": 0.0,
                        "Total Cost": 16052.85,
                        "Plan Rows": 811785,
                        "Plan Width": 4,
                        "Actual Startup Time": 0.016,
                        "Actual Total Time": 45.416,
                        "Actual Rows": 690018,
                        "Actual Loops": 2
                      },
                      {
                        "Node Type": "Hash",
                        "Parent Relationship": "Inner",
                        "Parallel Aware": true,
                        "Startup Cost": 58306.47,
                        "Total Cost": 58306.47,
                        "Plan Rows": 24828,
                        "Plan Width": 4,
                        "Actual Startup Time": 138.635,
                        "Actual Total Time": 138.635,
                        "Actual Rows": 20204,
                        "Actual Loops": 2,
                        "Hash Buckets": 65536,
                        "Original Hash Buckets": 65536,
                        "Hash Batches": 1,
                        "Original Hash Batches": 1,
                        "Peak Memory Usage": 2112,
                        "Plans": [
                          {
                            "Node Type": "Seq Scan",
                            "Parent Relationship": "Outer",
                            "Parallel Aware": true,
                            "Relation Name": "title",
                            "Alias": "t",
                            "Startup Cost": 0.0,
                            "Total Cost": 58306.47,
                            "Plan Rows": 24828,
                            "Plan Width": 4,
                            "Actual Startup Time": 0.049,
                            "Actual Total Time": 132.316,
                            "Actual Rows": 20204,
                            "Actual Loops": 2,
                            "Filter": "((kind_id > 4) AND (production_year > 2012))",
                            "Rows Removed by Filter": 1243952
                          }
                        ]
                      }
                    ]
                  },
                  {
                    "Node Type": "Index Only Scan",
                    "Parent Relationship": "Inner",
                    "Parallel Aware": false,
                    "Scan Direction": "Forward",
                    "Index Name": "movie_id_movie_companies",
                    "Relation Name": "movie_companies",
                    "Alias": "mc",
                    "Startup Cost": 0.43,
                    "Total Cost": 0.6,
                    "Plan Rows": 5,
                    "Plan Width": 4,
                    "Actual Startup Time": 0.002,
                    "Actual Total Time": 0.002,
                    "Actual Rows": 2,
                    "Actual Loops": 8352,
                    "Index Cond": "(movie_id = mi_idx.movie_id)",
                    "Rows Removed by Index Recheck": 0,
                    "Heap Fetches": 16308
                  }
                ]
              }
            ]
          }
        ]
      }
    ]
  },
  "Planning Time": 0.742,
  "Triggers": [],
  "Execution Time": 266.43
}