[
  {
    "Plan": {
      "Node Type": "Aggregate",
      "Strategy": "Plain",
      "Partial Mode": "Finalize",
      "Parallel Aware": false,
      "Startup Cost": 629188.21,
      "Total Cost": 629188.22,
      "Plan Rows": 1,
      "Plan Width": 8,
      "Actual Startup Time": 3181.153,
      "Actual Total Time": 3231.774,
      "Actual Rows": 1,
      "Actual Loops": 1,
      "Plans": [
        {
          "Node Type": "Gather",
          "Parent Relationship": "Outer",
          "Parallel Aware": false,
          "Startup Cost": 629187.68,
          "Total Cost": 629188.19,
          "Plan Rows": 5,
          "Plan Width": 8,
          "Actual Startup Time": 3150.541,
          "Actual Total Time": 3231.765,
          "Actual Rows": 6,
          "Actual Loops": 1,
          "Workers Planned": 5,
          "Workers Launched": 5,
          "Single Copy": false,
          "Plans": [
            {
              "Node Type": "Aggregate",
              "Strategy": "Plain",
              "Partial Mode": "Partial",
              "Parent Relationship": "Outer",
              "Parallel Aware": false,
              "Startup Cost": 628187.68,
              "Total Cost": 628187.69,
              "Plan Rows": 1,
              "Plan Width": 8,
              "Actual Startup Time": 3139.519,
              "Actual Total Time": 3141.183,
              "Actual Rows": 1,
              "Actual Loops": 6,
              "Plans": [
                {
                  "Node Type": "Hash Join",
                  "Parent Relationship": "Outer",
                  "Parallel Aware": true,
                  "Join Type": "Inner",
                  "Startup Cost": 405384.35,
                  "Total Cost": 616047.39,
                  "Plan Rows": 4856117,
                  "Plan Width": 0,
                  "Actual Startup Time": 1569.84,
                  "Actual Total Time": 2959.3,
                  "Actual Rows": 4619274,
                  "Actual Loops": 6,
                  "Inner Unique": false,
                  "Hash Cond": "(mi.movie_id = t.id)",
                  "Plans": [
                    {
                      "Node Type": "Seq Scan",
                      "Parent Relationship": "Outer",
                      "Parallel Aware": true,
                      "Relation Name": "movie_info",
                      "Alias": "mi",
                      "Startup Cost": 0.0,
                      "Total Cost": 191503.19,
                      "Plan Rows": 2951019,
                      "Plan Width": 4,
                      "Actual Startup Time": 0.025,
                      "Actual Total Time": 249.928,
                      "Actual Rows": 2472620,
                      "Actual Loops": 6
                    },
                    {
                      "Node Type": "Hash",
                      "Parent Relationship": "Inner",
                      "Parallel Aware": true,
                      "Startup Cost": 396716.56,
                      "Total Cost": 396716.56,
                      "Plan Rows": 693423,
                      "Plan Width": 8,
                      "Actual Startup Time": 1564.703,
                      "Actual Total Time": 1566.366,
                      "Actual Rows": 804490,
                      "Actual Loops": 6,
                      "Hash Buckets": 8388608,
                      "Original Hash Buckets": 4194304,
                      "Hash Batches": 1,
                      "Original Hash Batches": 1,
                      "Peak Memory Usage": 287232,
                      "Plans": [
                        {
                          "Node Type": "Hash Join",
                          "Parent Relationship": "Outer",
                          "Parallel Aware": true,
                          "Join Type": "Inner",
                          "Startup Cost": 50575.8,
                          "Total Cost": 396716.56,
                          "Plan Rows": 693423,
                          "Plan Width": 8,
                          "Actual Startup Time": 179.958,
                          "Actual Total Time": 1197.415,
                          "Actual Rows": 804490,
                          "Actual Loops": 6,
                          "Inner Unique": true,
                          "Hash Cond": "(ci.movie_id = t.id)",
                          "Plans": [
                            {
                              "Node Type": "Seq Scan",
                              "Parent Relationship": "Outer",
                              "Parallel Aware": true,
                              "Relation Name": "cast_info",
                              "Alias": "ci",
                              "Startup Cost": 0.0,
                              "Total Cost": 343318.94,
                              "Plan Rows": 1074982,
                              "Plan Width": 4,
                              "Actual Startup Time": 0.022,
                              "Actual Total Time": 593.25,
                              "Actual Rows": 1259173,
                              "Actual Loops": 6,
                              "Filter": "((person_id < 842165) AND (role_id < 6))",
                              "Rows Removed by Filter": 4781551
                            },
                            {
                              "Node Type": "Hash",
                              "Parent Relationship": "Inner",
                              "Parallel Aware": true,
                              "Startup Cost": 45479.21,
                              "Total Cost": 45479.21,
                              "Plan Rows": 407727,
                              "Plan Width": 4,
                              "Actual Startup Time": 177.89,
                              "Actual Total Time": 177.891,
                              "Actual Rows": 271640,
                              "Actual Loops": 6,
                              "Hash Buckets": 2097152,
                              "Original Hash Buckets": 2097152,
                              "Hash Batches": 1,
                              "Original Hash Batches": 1,
                              "Peak Memory Usage": 80256,
                              "Plans": [
                                {
                                  "Node Type": "Seq Scan",
                                  "Parent Relationship": "Outer",
                                  "Parallel Aware": true,
                                  "Relation Name": "title",
                                  "Alias": "t",
                                  "Startup Cost": 0.0,
                                  "Total Cost": 45479.21,
                                  "Plan Rows": 407727,
                                  "Plan Width": 4,
                                  "Actual Startup Time": 0.034,
                                  "Actual Total Time": 77.439,
                                  "Actual Rows": 271640,
                                  "Actual Loops": 6,
                                  "Filter": "((kind_id > 1) AND (production_year < 2012))",
                                  "Rows Removed by Filter": 149746
                                }
                              ]
                            }
                          ]
                        }
                      ]
                    }
                  ]
                }
              ]
            }
          ]
        }
      ]
    },
    "Planning Time": 0.501,
    "Triggers": [],
    "Execution Time": 3231.821
  }
]