[
  {
    "Plan": {
      "Node Type": "Aggregate",
      "Strategy": "Plain",
      "Partial Mode": "Finalize",
      "Parallel Aware": false,
      "Startup Cost": 350967.91,
      "Total Cost": 350967.92,
      "Plan Rows": 1,
      "Plan Width": 8,
      "Actual Startup Time": 731.703,
      "Actual Total Time": 797.72,
      "Actual Rows": 1,
      "Actual Loops": 1,
      "Plans": [
        {
          "Node Type": "Gather",
          "Parent Relationship": "Outer",
          "Parallel Aware": false,
          "Startup Cost": 350967.29,
          "Total Cost": 350967.9,
          "Plan Rows": 6,
          "Plan Width": 8,
          "Actual Startup Time": 731.558,
          "Actual Total Time": 797.709,
          "Actual Rows": 7,
          "Actual Loops": 1,
          "Workers Planned": 6,
          "Workers Launched": 6,
          "Single Copy": false,
          "Plans": [
            {
              "Node Type": "Aggregate",
              "Strategy": "Plain",
              "Partial Mode": "Partial",
              "Parent Relationship": "Outer",
              "Parallel Aware": false,
              "Startup Cost": 349967.29,
              "Total Cost": 349967.3,
              "Plan Rows": 1,
              "Plan Width": 8,
              "Actual Startup Time": 721.222,
              "Actual Total Time": 721.223,
              "Actual Rows": 1,
              "Actual Loops": 7,
              "Plans": [
                {
                  "Node Type": "Seq Scan",
                  "Parent Relationship": "Outer",
                  "Parallel Aware": true,
                  "Relation Name": "cast_info",
                  "Alias": "ci",
                  "Startup Cost": 0.0,
                  "Total Cost": 343257.03,
                  "Plan Rows": 2684104,
                  "Plan Width": 0,
                  "Actual Startup Time": 194.775,
                  "Actual Total Time": 640.67,
                  "Actual Rows": 2067180,
                  "Actual Loops": 7,
                  "Filter": "((person_id > 1576293) AND (role_id < 8))",
                  "Rows Removed by Filter": 3110584
                }
              ]
            }
          ]
        }
      ]
    },
    "Planning Time": 0.2,
    "Triggers": [],
    "Execution Time": 797.791
  }
]