{
  "Plan": {
    "Node Type": "Aggregate",
    "Strategy": "Plain",
    "Partial Mode": "Finalize",
    "Parallel Aware": false,
    "Startup Cost": 258774.95,
    "Total Cost": 258774.96,
    "Plan Rows": 1,
    "Plan Width": 8,
    "Actual Startup Time": 1413.575,
    "Actual Total Time": 1463.021,
    "Actual Rows": 1,
    "Actual Loops": 1,
    "Plans": [
      {
        "Node Type": "Gather",
        "Parent Relationship": "Outer",
        "Parallel Aware": false,
        "Startup Cost": 258774.84,
        "Total Cost": 258774.95,
        "Plan Rows": 1,
        "Plan Width": 8,
        "Actual Startup Time": 1413.039,
        "Actual Total Time": 1463.013,
        "Actual Rows": 2,
        "Actual Loops": 1,
        "Workers Planned": 1,
        "Workers Launched": 1,
        "Single Copy": false,
        "Plans": [
          {
            "Node Type": "Aggregate",
            "Strategy": "Plain",
            "Partial Mode": "Partial",
            "Parent Relationship": "Outer",
            "Parallel Aware": false,
            "Startup Cost": 257774.84,
            "Total Cost": 257774.85,
            "Plan Rows": 1,
            "Plan Width": 8,
            "Actual Startup Time": 1407.082,
            "Actual Total Time": 1407.086,
            "Actual Rows": 1,
            "Actual Loops": 2,
            "Plans": [
              {
                "Node Type": "Nested Loop",
                "Parent Relationship": "Outer",
                "Parallel Aware": false,
                "Join Type": "Inner",
                "Startup Cost": 58969.63,
                "Total Cost": 256766.92,
                "Plan Rows": 403167,
                "Plan Width": 0,
                "Actual Startup Time": 167.056,
                "Actual Total Time": 1309.685,
                "Actual Rows": 1817158,
                "Actual Loops": 2,
                "Inner Unique": false,
                "Join Filter": "(t.id = mi.movie_id)",
                "Rows Removed by Join Filter": 0,
                "Plans": [
                  {
                    "Node Type": "Hash Join",
                    "Parent Relationship": "Outer",
                    "Parallel Aware": true,
                    "Join Type": "Inner",
                    "Startup Cost": 58969.19,
                    "Total Cost": 121764.46,
                    "Plan Rows": 68949,
                    "Plan Width": 8,
                    "Actual Startup Time": 166.941,
                    "Actual Total Time": 534.994,
                    "Actual Rows": 38959,
                    "Actual Loops": 2,
                    "Inner Unique": true,
                    "Hash Cond": "(mk.movie_id = t.id)",
                    "Plans": [
                      {
                        "Node Type": "Seq Scan",
                        "Parent Relationship": "Outer",
                        "Parallel Aware": true,
                        "Relation Name": "movie_keyword",
                        "Alias": "mk",
                        "Startup Cost": 0.0,
                        "Total Cost": 57718.19,
                        "Plan Rows": 1934119,
                        "Plan Width": 4,
                        "Actual Startup Time": 0.016,
                        "Actual Total Time": 220.612,
                        "Actual Rows": 1640304,
                        "Actual Loops": 2,
                        "Filter": "(keyword_id < 14540)",
                        "Rows Removed by Filter": 621661
                      },
                      {
                        "Node Type": "Hash",
                        "Parent Relationship": "Inner",
                        "Parallel Aware": true,
                        "Startup Cost": 58306.47,
                        "Total Cost": 58306.47,
                        "Plan Rows": 53018,
                        "Plan Width": 4,
                        "Actual Startup Time": 164.581,
                        "Actual Total Time": 164.582,
                        "Actual Rows": 40495,
                        "Actual Loops": 2,
                        "Hash Buckets": 131072,
                        "Original Hash Buckets": 131072,
                        "Hash Batches": 1,
                        "Original Hash Batches": 1,
                        "Peak Memory Usage": 4224,
                        "Plans": [
                          {
                            "Node Type": "Seq Scan",
                            "Parent Relationship": "Outer",
                            "Parallel Aware": true,
                            "Relation Name": "title",
                            "Alias": "t",
                            "Startup Cost": 0.0,
                            "Total Cost": 58306.47,
                            "Plan Rows": 53018,
                            "Plan Width": 4,
                            "Actual Startup Time": 0.061,
                            "Actual Total Time": 152.224,
                            "Actual Rows": 40495,
                            "Actual Loops": 2,
                            "Filter": "((kind_id < 7) AND (production_year > 2011))",
                            "Rows Removed by Filter": 1223661
                          }
                        ]
                      }
                    ]
                  },
                  {
                    "Node Type": "Index Only Scan",
                    "Parent Relationship": "Inner",
                    "Parallel Aware": false,
                    "Scan Direction": "Forward",
                    "Index Name": "movie_id_movie_info",
                    "Relation Name": "movie_info",
                    "Alias": "mi",
                    "Startup Cost": 0.43,
                    "Total Cost": 1.43,
                    "Plan Rows": 42,
                    "Plan Width": 4,
                    "Actual Startup Time": 0.004,
                    "Actual Total Time": 0.015,
                    "Actual Rows": 47,
                    "Actual Loops": 77918,
                    "Index Cond": "(movie_id = mk.movie_id)",
                    "Rows Removed by Index Recheck": 0,
                    "Heap Fetches": 3634316
                  }
                ]
              }
            ]
          }
        ]
      }
    ]
  },
  "Planning Time": 0.94,
  "Triggers": [],
  "Execution Time": 1463.121
}