{
  "Plan": {
    "Node Type": "Aggregate",
    "Strategy": "Plain",
    "Partial Mode": "Finalize",
    "Parallel Aware": false,
    "Startup Cost": 102578.4,
    "Total Cost": 102578.41,
    "Plan Rows": 1,
    "Plan Width": 8,
    "Actual Startup Time": 576.171,
    "Actual Total Time": 588.213,
    "Actual Rows": 1,
    "Actual Loops": 1,
    "Plans": [
      {
        "Node Type": "Gather",
        "Parent Relationship": "Outer",
        "Parallel Aware": false,
        "Startup Cost": 102578.29,
        "Total Cost": 102578.4,
        "Plan Rows": 1,
        "Plan Width": 8,
        "Actual Startup Time": 575.107,
        "Actual Total Time": 588.205,
        "Actual Rows": 2,
        "Actual Loops": 1,
        "Workers Planned": 1,
        "Workers Launched": 1,
        "Single Copy": false,
        "Plans": [
          {
            "Node Type": "Aggregate",
            "Strategy": "Plain",
            "Partial Mode": "Partial",
            "Parent Relationship": "Outer",
            "Parallel Aware": false,
            "Startup Cost": 101578.29,
            "Total Cost": 101578.3,
            "Plan Rows": 1,
            "Plan Width": 8,
            "Actual Startup Time": 568.998,
            "Actual Total Time": 569.002,
            "Actual Rows": 1,
            "Actual Loops": 2,
            "Plans": [
              {
                "Node Type": "Hash Join",
                "Parent Relationship": "Outer",
                "Parallel Aware": true,
                "Join Type": "Inner",
                "Startup Cost": 38712.42,
                "Total Cost": 100772.92,
                "Plan Rows": 322148,
                "Plan Width": 0,
                "Actual Startup Time": 173.441,
                "Actual Total Time": 557.923,
                "Actual Rows": 271794,
                "Actual Loops": 2,
                "Inner Unique": false,
                "Hash Cond": "(t.id = mc.movie_id)",
                "Plans": [
                  {
                    "Node Type": "Seq Scan",
                    "Parent Relationship": "Outer",
                    "Parallel Aware": true,
                    "Relation Name": "title",
                    "Alias": "t",
                    "Startup Cost": 0.0,
                    "Total Cost": 50870.31,
                    "Plan Rows": 1487231,
                    "Plan Width": 4,
                    "Actual Startup Time": 0.01,
                    "Actual Total Time": 115.32,
                    "Actual Rows": 1264156,
                    "Actual Loops": 2
                  },
                  {
                    "Node Type": "Hash",
                    "Parent Relationship": "Inner",
                    "Parallel Aware": true,
                    "Startup Cost": 34685.57,
                    "Total Cost": 34685.57,
                    "Plan Rows": 322148,
                    "Plan Width": 4,
                    "Actual Startup Time": 164.6,
                    "Actual Total Time": 164.602,
                    "Actual Rows": 271794,
                    "Actual Loops": 2,
                    "Hash Buckets": 1048576,
                    "Original Hash Buckets": 1048576,
                    "Hash Batches": 1,
                    "Original Hash Batches": 1,
                    "Peak Memory Usage": 29504,
                    "Plans": [
                      {
                        "Node Type": "Bitmap Heap Scan",
                        "Parent Relationship": "Outer",
                        "Parallel Aware": true,
                        "Relation Name": "movie_companies",
                        "Alias": "mc",
                        "Startup Cost": 11868.73,
                        "Total Cost": 34685.57,
                        "Plan Rows": 322148,
                        "Plan Width": 4,
                        "Actual Startup Time": 34.807,
                        "Actual Total Time": 99.987,
                        "Actual Rows": 271794,
                        "Actual Loops": 2,
                        "Recheck Cond": "(company_id < 533)",
                        "Rows Removed by Index Recheck": 0,
                        "Exact Heap Blocks": 10770,
                        "Lossy Heap Blocks": 0,
                        "Plans": [
                          {
                            "Node Type": "Bitmap Index Scan",
                            "Parent Relationship": "Outer",
                            "Parallel Aware": false,
                            "Index Name": "company_id_movie_companies",
                            "Startup Cost": 0.0,
                            "Total Cost": 11731.81,
                            "Plan Rows": 547651,
                            "Plan Width": 0,
                            "Actual Startup Time": 32.01,
                            "Actual Total Time": 32.011,
                            "Actual Rows": 543589,
                            "Actual Loops": 1,
                            "Index Cond": "(company_id < 533)"
                          }
                        ]
                      }
                    ]
                  }
                ]
              }
            ]
          }
        ]
      }
    ]
  },
  "Planning Time": 0.572,
  "Triggers": [],
  "Execution Time": 588.298
}