{
    "Plan": {
        "Node Type": "Aggregate",
        "Strategy": "Plain",
        "Partial Mode": "Finalize",
        "Parallel Aware": false,
        "Startup Cost": 246518.38,
        "Total Cost": 246518.39,
        "Plan Rows": 1,
        "Plan Width": 8,
        "Actual Startup Time": 439.783,
        "Actual Total Time": 480.681,
        "Actual Rows": 1,
        "Actual Loops": 1,
        "Output": [
            "count(*)"
        ],
        "Plans": [
            {
                "Node Type": "Gather",
                "Parent Relationship": "Outer",
                "Parallel Aware": false,
                "Startup Cost": 246517.85,
                "Total Cost": 246518.36,
                "Plan Rows": 5,
                "Plan Width": 8,
                "Actual Startup Time": 439.282,
                "Actual Total Time": 480.67,
                "Actual Rows": 6,
                "Actual Loops": 1,
                "Output": [
                    "(PARTIAL count(*))"
                ],
                "Workers Planned": 5,
                "Workers Launched": 5,
                "Single Copy": false,
                "Plans": [
                    {
                        "Node Type": "Aggregate",
                        "Strategy": "Plain",
                        "Partial Mode": "Partial",
                        "Parent Relationship": "Outer",
                        "Parallel Aware": false,
                        "Startup Cost": 245517.85,
                        "Total Cost": 245517.86,
                        "Plan Rows": 1,
                        "Plan Width": 8,
                        "Actual Startup Time": 428.903,
                        "Actual Total Time": 428.906,
                        "Actual Rows": 1,
                        "Actual Loops": 6,
                        "Output": [
                            "PARTIAL count(*)"
                        ],
                        "Workers": [
                            {
                                "Worker Number": 0,
                                "Actual Startup Time": 426.593,
                                "Actual Total Time": 426.596,
                                "Actual Rows": 1,
                                "Actual Loops": 1
                            },
                            {
                                "Worker Number": 1,
                                "Actual Startup Time": 426.648,
                                "Actual Total Time": 426.651,
                                "Actual Rows": 1,
                                "Actual Loops": 1
                            },
                            {
                                "Worker Number": 2,
                                "Actual Startup Time": 426.579,
                                "Actual Total Time": 426.582,
                                "Actual Rows": 1,
                                "Actual Loops": 1
                            },
                            {
                                "Worker Number": 3,
                                "Actual Startup Time": 427.38,
                                "Actual Total Time": 427.383,
                                "Actual Rows": 1,
                                "Actual Loops": 1
                            },
                            {
                                "Worker Number": 4,
                                "Actual Startup Time": 427.779,
                                "Actual Total Time": 427.782,
                                "Actual Rows": 1,
                                "Actual Loops": 1
                            }
                        ],
                        "Plans": [
                            {
                                "Node Type": "Hash Join",
                                "Parent Relationship": "Outer",
                                "Parallel Aware": true,
                                "Join Type": "Inner",
                                "Startup Cost": 45628.32,
                                "Total Cost": 245500.04,
                                "Plan Rows": 7125,
                                "Plan Width": 0,
                                "Actual Startup Time": 100.643,
                                "Actual Total Time": 428.115,
                                "Actual Rows": 12605,
                                "Actual Loops": 6,
                                "Inner Unique": true,
                                "Hash Cond": "(mi.movie_id = t.id)",
                                "Workers": [
                                    {
                                        "Worker Number": 0,
                                        "Actual Startup Time": 98.253,
                                        "Actual Total Time": 425.763,
                                        "Actual Rows": 8957,
                                        "Actual Loops": 1
                                    },
                                    {
                                        "Worker Number": 1,
                                        "Actual Startup Time": 98.416,
                                        "Actual Total Time": 425.826,
                                        "Actual Rows": 8677,
                                        "Actual Loops": 1
                                    },
                                    {
                                        "Worker Number": 2,
                                        "Actual Startup Time": 98.333,
                                        "Actual Total Time": 425.836,
                                        "Actual Rows": 12465,
                                        "Actual Loops": 1
                                    },
                                    {
                                        "Worker Number": 3,
                                        "Actual Startup Time": 99.322,
                                        "Actual Total Time": 426.632,
                                        "Actual Rows": 13579,
                                        "Actual Loops": 1
                                    },
                                    {
                                        "Worker Number": 4,
                                        "Actual Startup Time": 99.439,
                                        "Actual Total Time": 427.055,
                                        "Actual Rows": 12064,
                                        "Actual Loops": 1
                                    }
                                ],
                                "Plans": [
                                    {
                                        "Node Type": "Seq Scan",
                                        "Parent Relationship": "Outer",
                                        "Parallel Aware": true,
                                        "Relation Name": "movie_info",
                                        "Schema": "public",
                                        "Alias": "mi",
                                        "Startup Cost": 0.0,
                                        "Total Cost": 198880.74,
                                        "Plan Rows": 377518,
                                        "Plan Width": 4,
                                        "Actual Startup Time": 16.773,
                                        "Actual Total Time": 311.489,
                                        "Actual Rows": 310939,
                                        "Actual Loops": 6,
                                        "Output": [
                                            "mi.id",
                                            "mi.movie_id",
                                            "mi.info_type_id",
                                            "mi.info",
                                            "mi.note"
                                        ],
                                        "Filter": "(mi.info_type_id > 17)",
                                        "Rows Removed by Filter": 2161681,
                                        "Workers": [
                                            {
                                                "Worker Number": 0,
                                                "Actual Startup Time": 16.751,
                                                "Actual Total Time": 312.267,
                                                "Actual Rows": 216835,
                                                "Actual Loops": 1
                                            },
                                            {
                                                "Worker Number": 1,
                                                "Actual Startup Time": 16.767,
                                                "Actual Total Time": 312.47,
                                                "Actual Rows": 211943,
                                                "Actual Loops": 1
                                            },
                                            {
                                                "Worker Number": 2,
                                                "Actual Startup Time": 16.768,
                                                "Actual Total Time": 313.201,
                                                "Actual Rows": 307089,
                                                "Actual Loops": 1
                                            },
                                            {
                                                "Worker Number": 3,
                                                "Actual Startup Time": 16.779,
                                                "Actual Total Time": 312.213,
                                                "Actual Rows": 343865,
                                                "Actual Loops": 1
                                            },
                                            {
                                                "Worker Number": 4,
                                                "Actual Startup Time": 16.774,
                                                "Actual Total Time": 313.147,
                                                "Actual Rows": 309547,
                                                "Actual Loops": 1
                                            }
                                        ]
                                    },
                                    {
                                        "Node Type": "Hash",
                                        "Parent Relationship": "Inner",
                                        "Parallel Aware": true,
                                        "Startup Cost": 45479.21,
                                        "Total Cost": 45479.21,
                                        "Plan Rows": 11929,
                                        "Plan Width": 4,
                                        "Actual Startup Time": 82.33,
                                        "Actual Total Time": 82.331,
                                        "Actual Rows": 6459,
                                        "Actual Loops": 6,
                                        "Output": [
                                            "t.id"
                                        ],
                                        "Hash Buckets": 65536,
                                        "Original Hash Buckets": 65536,
                                        "Hash Batches": 1,
                                        "Original Hash Batches": 1,
                                        "Peak Memory Usage": 2112,
                                        "Workers": [
                                            {
                                                "Worker Number": 0,
                                                "Actual Startup Time": 80.703,
                                                "Actual Total Time": 80.704,
                                                "Actual Rows": 4935,
                                                "Actual Loops": 1
                                            },
                                            {
                                                "Worker Number": 1,
                                                "Actual Startup Time": 80.721,
                                                "Actual Total Time": 80.722,
                                                "Actual Rows": 4821,
                                                "Actual Loops": 1
                                            },
                                            {
                                                "Worker Number": 2,
                                                "Actual Startup Time": 80.711,
                                                "Actual Total Time": 80.712,
                                                "Actual Rows": 6359,
                                                "Actual Loops": 1
                                            },
                                            {
                                                "Worker Number": 3,
                                                "Actual Startup Time": 81.55,
                                                "Actual Total Time": 81.551,
                                                "Actual Rows": 7201,
                                                "Actual Loops": 1
                                            },
                                            {
                                                "Worker Number": 4,
                                                "Actual Startup Time": 82.007,
                                                "Actual Total Time": 82.008,
                                                "Actual Rows": 6298,
                                                "Actual Loops": 1
                                            }
                                        ],
                                        "Plans": [
                                            {
                                                "Node Type": "Seq Scan",
                                                "Parent Relationship": "Outer",
                                                "Parallel Aware": true,
                                                "Relation Name": "title",
                                                "Schema": "public",
                                                "Alias": "t",
                                                "Startup Cost": 0.0,
                                                "Total Cost": 45479.21,
                                                "Plan Rows": 11929,
                                                "Plan Width": 4,
                                                "Actual Startup Time": 0.324,
                                                "Actual Total Time": 79.284,
                                                "Actual Rows": 6459,
                                                "Actual Loops": 6,
                                                "Output": [
                                                    "t.id"
                                                ],
                                                "Filter": "((t.kind_id < 7) AND (t.production_year = 2008))",
                                                "Rows Removed by Filter": 414927,
                                                "Workers": [
                                                    {
                                                        "Worker Number": 0,
                                                        "Actual Startup Time": 0.223,
                                                        "Actual Total Time": 77.685,
                                                        "Actual Rows": 4935,
                                                        "Actual Loops": 1
                                                    },
                                                    {
                                                        "Worker Number": 1,
                                                        "Actual Startup Time": 0.873,
                                                        "Actual Total Time": 77.752,
                                                        "Actual Rows": 4821,
                                                        "Actual Loops": 1
                                                    },
                                                    {
                                                        "Worker Number": 2,
                                                        "Actual Startup Time": 0.087,
                                                        "Actual Total Time": 77.854,
                                                        "Actual Rows": 6359,
                                                        "Actual Loops": 1
                                                    },
                                                    {
                                                        "Worker Number": 3,
                                                        "Actual Startup Time": 0.494,
                                                        "Actual Total Time": 78.495,
                                                        "Actual Rows": 7201,
                                                        "Actual Loops": 1
                                                    },
                                                    {
                                                        "Worker Number": 4,
                                                        "Actual Startup Time": 0.131,
                                                        "Actual Total Time": 79.2,
                                                        "Actual Rows": 6298,
                                                        "Actual Loops": 1
                                                    }
                                                ]
                                            }
                                        ]
                                    }
                                ]
                            }
                        ]
                    }
                ]
            }
        ]
    },
    "Planning Time": 0.744,
    "Triggers": [],
    "Execution Time": 480.763
}