{
  "Plan": {
    "Node Type": "Aggregate",
    "Strategy": "Plain",
    "Partial Mode": "Finalize",
    "Parallel Aware": false,
    "Startup Cost": 104548.39,
    "Total Cost": 104548.4,
    "Plan Rows": 1,
    "Plan Width": 8,
    "Actual Startup Time": 770.991,
    "Actual Total Time": 793.079,
    "Actual Rows": 1,
    "Actual Loops": 1,
    "Plans": [
      {
        "Node Type": "Gather",
        "Parent Relationship": "Outer",
        "Parallel Aware": false,
        "Startup Cost": 104548.27,
        "Total Cost": 104548.38,
        "Plan Rows": 1,
        "Plan Width": 8,
        "Actual Startup Time": 762.448,
        "Actual Total Time": 793.07,
        "Actual Rows": 2,
        "Actual Loops": 1,
        "Workers Planned": 1,
        "Workers Launched": 1,
        "Single Copy": false,
        "Plans": [
          {
            "Node Type": "Aggregate",
            "Strategy": "Plain",
            "Partial Mode": "Partial",
            "Parent Relationship": "Outer",
            "Parallel Aware": false,
            "Startup Cost": 103548.27,
            "Total Cost": 103548.28,
            "Plan Rows": 1,
            "Plan Width": 8,
            "Actual Startup Time": 754.915,
            "Actual Total Time": 754.919,
            "Actual Rows": 1,
            "Actual Loops": 2,
            "Plans": [
              {
                "Node Type": "Hash Join",
                "Parent Relationship": "Outer",
                "Parallel Aware": true,
                "Join Type": "Inner",
                "Startup Cost": 75932.56,
                "Total Cost": 103099.8,
                "Plan Rows": 179388,
                "Plan Width": 0,
                "Actual Startup Time": 636.989,
                "Actual Total Time": 746.316,
                "Actual Rows": 149908,
                "Actual Loops": 2,
                "Inner Unique": true,
                "Hash Cond": "(mk.movie_id = t.id)",
                "Plans": [
                  {
                    "Node Type": "Bitmap Heap Scan",
                    "Parent Relationship": "Outer",
                    "Parallel Aware": true,
                    "Relation Name": "movie_keyword",
                    "Alias": "mk",
                    "Startup Cost": 6471.86,
                    "Total Cost": 33168.21,
                    "Plan Rows": 179388,
                    "Plan Width": 4,
                    "Actual Startup Time": 30.778,
                    "Actual Total Time": 89.285,
                    "Actual Rows": 149908,
                    "Actual Loops": 2,
                    "Recheck Cond": "(keyword_id > 53924)",
                    "Rows Removed by Index Recheck": 0,
                    "Exact Heap Blocks": 13758,
                    "Lossy Heap Blocks": 0,
                    "Plans": [
                      {
                        "Node Type": "Bitmap Index Scan",
                        "Parent Relationship": "Outer",
                        "Parallel Aware": false,
                        "Index Name": "keyword_id_movie_keyword",
                        "Startup Cost": 0.0,
                        "Total Cost": 6395.62,
                        "Plan Rows": 304959,
                        "Plan Width": 0,
                        "Actual Startup Time": 25.618,
                        "Actual Total Time": 25.618,
                        "Actual Rows": 299815,
                        "Actual Loops": 1,
                        "Index Cond": "(keyword_id > 53924)"
                      }
                    ]
                  },
                  {
                    "Node Type": "Hash",
                    "Parent Relationship": "Inner",
                    "Parallel Aware": true,
                    "Startup Cost": 50870.31,
                    "Total Cost": 50870.31,
                    "Plan Rows": 1487231,
                    "Plan Width": 4,
                    "Actual Startup Time": 589.436,
                    "Actual Total Time": 589.437,
                    "Actual Rows": 1264156,
                    "Actual Loops": 2,
                    "Hash Buckets": 4194304,
                    "Original Hash Buckets": 4194304,
                    "Hash Batches": 1,
                    "Original Hash Batches": 1,
                    "Peak Memory Usage": 131680,
                    "Plans": [
                      {
                        "Node Type": "Seq Scan",
                        "Parent Relationship": "Outer",
                        "Parallel Aware": true,
                        "Relation Name": "title",
                        "Alias": "t",
                        "Startup Cost": 0.0,
                        "Total Cost": 50870.31,
                        "Plan Rows": 1487231,
                        "Plan Width": 4,
                        "Actual Startup Time": 0.024,
                        "Actual Total Time": 179.016,
                        "Actual Rows": 1264156,
                        "Actual Loops": 2
                      }
                    ]
                  }
                ]
              }
            ]
          }
        ]
      }
    ]
  },
  "Planning Time": 0.351,
  "Triggers": [],
  "Execution Time": 793.13
}