{
    "Plan": {
        "Node Type": "Aggregate",
        "Strategy": "Plain",
        "Partial Mode": "Finalize",
        "Parallel Aware": false,
        "Startup Cost": 418487.93,
        "Total Cost": 418487.94,
        "Plan Rows": 1,
        "Plan Width": 8,
        "Actual Startup Time": 1507.644,
        "Actual Total Time": 1567.431,
        "Actual Rows": 1,
        "Actual Loops": 1,
        "Output": [
            "count(*)"
        ],
        "Plans": [
            {
                "Node Type": "Gather",
                "Parent Relationship": "Outer",
                "Parallel Aware": false,
                "Startup Cost": 418487.41,
                "Total Cost": 418487.92,
                "Plan Rows": 5,
                "Plan Width": 8,
                "Actual Startup Time": 1484.016,
                "Actual Total Time": 1567.42,
                "Actual Rows": 6,
                "Actual Loops": 1,
                "Output": [
                    "(PARTIAL count(*))"
                ],
                "Workers Planned": 5,
                "Workers Launched": 5,
                "Single Copy": false,
                "Plans": [
                    {
                        "Node Type": "Aggregate",
                        "Strategy": "Plain",
                        "Partial Mode": "Partial",
                        "Parent Relationship": "Outer",
                        "Parallel Aware": false,
                        "Startup Cost": 417487.41,
                        "Total Cost": 417487.42,
                        "Plan Rows": 1,
                        "Plan Width": 8,
                        "Actual Startup Time": 1468.946,
                        "Actual Total Time": 1469.555,
                        "Actual Rows": 1,
                        "Actual Loops": 6,
                        "Output": [
                            "PARTIAL count(*)"
                        ],
                        "Workers": [
                            {
                                "Worker Number": 0,
                                "Actual Startup Time": 1465.439,
                                "Actual Total Time": 1465.446,
                                "Actual Rows": 1,
                                "Actual Loops": 1
                            },
                            {
                                "Worker Number": 1,
                                "Actual Startup Time": 1468.293,
                                "Actual Total Time": 1468.299,
                                "Actual Rows": 1,
                                "Actual Loops": 1
                            },
                            {
                                "Worker Number": 2,
                                "Actual Startup Time": 1465.584,
                                "Actual Total Time": 1465.589,
                                "Actual Rows": 1,
                                "Actual Loops": 1
                            },
                            {
                                "Worker Number": 3,
                                "Actual Startup Time": 1465.61,
                                "Actual Total Time": 1465.621,
                                "Actual Rows": 1,
                                "Actual Loops": 1
                            },
                            {
                                "Worker Number": 4,
                                "Actual Startup Time": 1465.697,
                                "Actual Total Time": 1465.701,
                                "Actual Rows": 1,
                                "Actual Loops": 1
                            }
                        ],
                        "Plans": [
                            {
                                "Node Type": "Hash Join",
                                "Parent Relationship": "Outer",
                                "Parallel Aware": true,
                                "Join Type": "Inner",
                                "Startup Cost": 255326.1,
                                "Total Cost": 415426.99,
                                "Plan Rows": 824167,
                                "Plan Width": 0,
                                "Actual Startup Time": 945.65,
                                "Actual Total Time": 1446.206,
                                "Actual Rows": 486936,
                                "Actual Loops": 6,
                                "Inner Unique": false,
                                "Hash Cond": "(ci.movie_id = t.id)",
                                "Workers": [
                                    {
                                        "Worker Number": 0,
                                        "Actual Startup Time": 942.722,
                                        "Actual Total Time": 1444.616,
                                        "Actual Rows": 506604,
                                        "Actual Loops": 1
                                    },
                                    {
                                        "Worker Number": 1,
                                        "Actual Startup Time": 942.81,
                                        "Actual Total Time": 1443.288,
                                        "Actual Rows": 378901,
                                        "Actual Loops": 1
                                    },
                                    {
                                        "Worker Number": 2,
                                        "Actual Startup Time": 942.806,
                                        "Actual Total Time": 1439.642,
                                        "Actual Rows": 391940,
                                        "Actual Loops": 1
                                    },
                                    {
                                        "Worker Number": 3,
                                        "Actual Startup Time": 942.516,
                                        "Actual Total Time": 1444.824,
                                        "Actual Rows": 506875,
                                        "Actual Loops": 1
                                    },
                                    {
                                        "Worker Number": 4,
                                        "Actual Startup Time": 942.964,
                                        "Actual Total Time": 1443.507,
                                        "Actual Rows": 531688,
                                        "Actual Loops": 1
                                    }
                                ],
                                "Plans": [
                                    {
                                        "Node Type": "Index Scan",
                                        "Parent Relationship": "Outer",
                                        "Parallel Aware": true,
                                        "Scan Direction": "Forward",
                                        "Index Name": "role_id_cast_info",
                                        "Relation Name": "cast_info",
                                        "Schema": "public",
                                        "Alias": "ci",
                                        "Startup Cost": 0.56,
                                        "Total Cost": 154655.9,
                                        "Plan Rows": 1012591,
                                        "Plan Width": 4,
                                        "Actual Startup Time": 0.261,
                                        "Actual Total Time": 221.969,
                                        "Actual Rows": 425626,
                                        "Actual Loops": 6,
                                        "Output": [
                                            "ci.id",
                                            "ci.person_id",
                                            "ci.movie_id",
                                            "ci.person_role_id",
                                            "ci.note",
                                            "ci.nr_order",
                                            "ci.role_id"
                                        ],
                                        "Index Cond": "(ci.role_id > 8)",
                                        "Rows Removed by Index Recheck": 0,
                                        "Filter": "(ci.person_id < 3348499)",
                                        "Rows Removed by Filter": 529823,
                                        "Workers": [
                                            {
                                                "Worker Number": 0,
                                                "Actual Startup Time": 0.367,
                                                "Actual Total Time": 219.321,
                                                "Actual Rows": 451993,
                                                "Actual Loops": 1
                                            },
                                            {
                                                "Worker Number": 1,
                                                "Actual Startup Time": 0.242,
                                                "Actual Total Time": 235.127,
                                                "Actual Rows": 329185,
                                                "Actual Loops": 1
                                            },
                                            {
                                                "Worker Number": 2,
                                                "Actual Startup Time": 0.285,
                                                "Actual Total Time": 239.388,
                                                "Actual Rows": 338877,
                                                "Actual Loops": 1
                                            },
                                            {
                                                "Worker Number": 3,
                                                "Actual Startup Time": 0.141,
                                                "Actual Total Time": 220.949,
                                                "Actual Rows": 445968,
                                                "Actual Loops": 1
                                            },
                                            {
                                                "Worker Number": 4,
                                                "Actual Startup Time": 0.385,
                                                "Actual Total Time": 226.13,
                                                "Actual Rows": 464723,
                                                "Actual Loops": 1
                                            }
                                        ]
                                    },
                                    {
                                        "Node Type": "Hash",
                                        "Parent Relationship": "Inner",
                                        "Parallel Aware": true,
                                        "Startup Cost": 250180.91,
                                        "Total Cost": 250180.91,
                                        "Plan Rows": 411570,
                                        "Plan Width": 8,
                                        "Actual Startup Time": 939.989,
                                        "Actual Total Time": 940.595,
                                        "Actual Rows": 348511,
                                        "Actual Loops": 6,
                                        "Output": [
                                            "t.id",
                                            "mi.movie_id"
                                        ],
                                        "Hash Buckets": 2097152,
                                        "Original Hash Buckets": 2097152,
                                        "Hash Batches": 1,
                                        "Original Hash Batches": 1,
                                        "Peak Memory Usage": 98272,
                                        "Workers": [
                                            {
                                                "Worker Number": 0,
                                                "Actual Startup Time": 941.964,
                                                "Actual Total Time": 941.969,
                                                "Actual Rows": 359044,
                                                "Actual Loops": 1
                                            },
                                            {
                                                "Worker Number": 1,
                                                "Actual Startup Time": 941.971,
                                                "Actual Total Time": 941.976,
                                                "Actual Rows": 284721,
                                                "Actual Loops": 1
                                            },
                                            {
                                                "Worker Number": 2,
                                                "Actual Startup Time": 942.118,
                                                "Actual Total Time": 942.121,
                                                "Actual Rows": 297630,
                                                "Actual Loops": 1
                                            },
                                            {
                                                "Worker Number": 3,
                                                "Actual Startup Time": 942.002,
                                                "Actual Total Time": 942.012,
                                                "Actual Rows": 359091,
                                                "Actual Loops": 1
                                            },
                                            {
                                                "Worker Number": 4,
                                                "Actual Startup Time": 942.154,
                                                "Actual Total Time": 942.157,
                                                "Actual Rows": 389479,
                                                "Actual Loops": 1
                                            }
                                        ],
                                        "Plans": [
                                            {
                                                "Node Type": "Hash Join",
                                                "Parent Relationship": "Outer",
                                                "Parallel Aware": true,
                                                "Join Type": "Inner",
                                                "Startup Cost": 50219.81,
                                                "Total Cost": 250180.91,
                                                "Plan Rows": 411570,
                                                "Plan Width": 8,
                                                "Actual Startup Time": 316.913,
                                                "Actual Total Time": 785.458,
                                                "Actual Rows": 348511,
                                                "Actual Loops": 6,
                                                "Output": [
                                                    "t.id",
                                                    "mi.movie_id"
                                                ],
                                                "Inner Unique": true,
                                                "Hash Cond": "(mi.movie_id = t.id)",
                                                "Workers": [
                                                    {
                                                        "Worker Number": 0,
                                                        "Actual Startup Time": 316.911,
                                                        "Actual Total Time": 785.856,
                                                        "Actual Rows": 359044,
                                                        "Actual Loops": 1
                                                    },
                                                    {
                                                        "Worker Number": 1,
                                                        "Actual Startup Time": 316.906,
                                                        "Actual Total Time": 788.084,
                                                        "Actual Rows": 284721,
                                                        "Actual Loops": 1
                                                    },
                                                    {
                                                        "Worker Number": 2,
                                                        "Actual Startup Time": 316.907,
                                                        "Actual Total Time": 784.386,
                                                        "Actual Rows": 297630,
                                                        "Actual Loops": 1
                                                    },
                                                    {
                                                        "Worker Number": 3,
                                                        "Actual Startup Time": 316.876,
                                                        "Actual Total Time": 785.752,
                                                        "Actual Rows": 359091,
                                                        "Actual Loops": 1
                                                    },
                                                    {
                                                        "Worker Number": 4,
                                                        "Actual Startup Time": 316.871,
                                                        "Actual Total Time": 783.34,
                                                        "Actual Rows": 389479,
                                                        "Actual Loops": 1
                                                    }
                                                ],
                                                "Plans": [
                                                    {
                                                        "Node Type": "Seq Scan",
                                                        "Parent Relationship": "Outer",
                                                        "Parallel Aware": true,
                                                        "Relation Name": "movie_info",
                                                        "Schema": "public",
                                                        "Alias": "mi",
                                                        "Startup Cost": 0.0,
                                                        "Total Cost": 198880.74,
                                                        "Plan Rows": 411570,
                                                        "Plan Width": 4,
                                                        "Actual Startup Time": 30.974,
                                                        "Actual Total Time": 316.391,
                                                        "Actual Rows": 348511,
                                                        "Actual Loops": 6,
                                                        "Output": [
                                                            "mi.id",
                                                            "mi.movie_id",
                                                            "mi.info_type_id",
                                                            "mi.info",
                                                            "mi.note"
                                                        ],
                                                        "Filter": "(mi.info_type_id < 3)",
                                                        "Rows Removed by Filter": 2124109,
                                                        "Workers": [
                                                            {
                                                                "Worker Number": 0,
                                                                "Actual Startup Time": 30.926,
                                                                "Actual Total Time": 315.032,
                                                                "Actual Rows": 359044,
                                                                "Actual Loops": 1
                                                            },
                                                            {
                                                                "Worker Number": 1,
                                                                "Actual Startup Time": 30.987,
                                                                "Actual Total Time": 321.536,
                                                                "Actual Rows": 284721,
                                                                "Actual Loops": 1
                                                            },
                                                            {
                                                                "Worker Number": 2,
                                                                "Actual Startup Time": 30.954,
                                                                "Actual Total Time": 322.816,
                                                                "Actual Rows": 297630,
                                                                "Actual Loops": 1
                                                            },
                                                            {
                                                                "Worker Number": 3,
                                                                "Actual Startup Time": 30.92,
                                                                "Actual Total Time": 314.778,
                                                                "Actual Rows": 359091,
                                                                "Actual Loops": 1
                                                            },
                                                            {
                                                                "Worker Number": 4,
                                                                "Actual Startup Time": 31.029,
                                                                "Actual Total Time": 315.455,
                                                                "Actual Rows": 389479,
                                                                "Actual Loops": 1
                                                            }
                                                        ]
                                                    },
                                                    {
                                                        "Node Type": "Hash",
                                                        "Parent Relationship": "Inner",
                                                        "Parallel Aware": true,
                                                        "Startup Cost": 42318.81,
                                                        "Total Cost": 42318.81,
                                                        "Plan Rows": 632080,
                                                        "Plan Width": 4,
                                                        "Actual Startup Time": 281.184,
                                                        "Actual Total Time": 281.186,
                                                        "Actual Rows": 421385,
                                                        "Actual Loops": 6,
                                                        "Output": [
                                                            "t.id"
                                                        ],
                                                        "Hash Buckets": 4194304,
                                                        "Original Hash Buckets": 4194304,
                                                        "Hash Batches": 1,
                                                        "Original Hash Batches": 1,
                                                        "Peak Memory Usage": 131744,
                                                        "Workers": [
                                                            {
                                                                "Worker Number": 0,
                                                                "Actual Startup Time": 285.667,
                                                                "Actual Total Time": 285.668,
                                                                "Actual Rows": 395894,
                                                                "Actual Loops": 1
                                                            },
                                                            {
                                                                "Worker Number": 1,
                                                                "Actual Startup Time": 285.704,
                                                                "Actual Total Time": 285.705,
                                                                "Actual Rows": 416255,
                                                                "Actual Loops": 1
                                                            },
                                                            {
                                                                "Worker Number": 2,
                                                                "Actual Startup Time": 285.635,
                                                                "Actual Total Time": 285.636,
                                                                "Actual Rows": 332677,
                                                                "Actual Loops": 1
                                                            },
                                                            {
                                                                "Worker Number": 3,
                                                                "Actual Startup Time": 285.634,
                                                                "Actual Total Time": 285.635,
                                                                "Actual Rows": 391885,
                                                                "Actual Loops": 1
                                                            },
                                                            {
                                                                "Worker Number": 4,
                                                                "Actual Startup Time": 285.767,
                                                                "Actual Total Time": 285.768,
                                                                "Actual Rows": 428054,
                                                                "Actual Loops": 1
                                                            }
                                                        ],
                                                        "Plans": [
                                                            {
                                                                "Node Type": "Seq Scan",
                                                                "Parent Relationship": "Outer",
                                                                "Parallel Aware": true,
                                                                "Relation Name": "title",
                                                                "Schema": "public",
                                                                "Alias": "t",
                                                                "Startup Cost": 0.0,
                                                                "Total Cost": 42318.81,
                                                                "Plan Rows": 632080,
                                                                "Plan Width": 4,
                                                                "Actual Startup Time": 0.062,
                                                                "Actual Total Time": 78.224,
                                                                "Actual Rows": 421385,
                                                                "Actual Loops": 6,
                                                                "Output": [
                                                                    "t.id"
                                                                ],
                                                                "Workers": [
                                                                    {
                                                                        "Worker Number": 0,
                                                                        "Actual Startup Time": 0.073,
                                                                        "Actual Total Time": 79.687,
                                                                        "Actual Rows": 395894,
                                                                        "Actual Loops": 1
                                                                    },
                                                                    {
                                                                        "Worker Number": 1,
                                                                        "Actual Startup Time": 0.078,
                                                                        "Actual Total Time": 80.633,
                                                                        "Actual Rows": 416255,
                                                                        "Actual Loops": 1
                                                                    },
                                                                    {
                                                                        "Worker Number": 2,
                                                                        "Actual Startup Time": 0.066,
                                                                        "Actual Total Time": 85.195,
                                                                        "Actual Rows": 332677,
                                                                        "Actual Loops": 1
                                                                    },
                                                                    {
                                                                        "Worker Number": 3,
                                                                        "Actual Startup Time": 0.075,
                                                                        "Actual Total Time": 79.687,
                                                                        "Actual Rows": 391885,
                                                                        "Actual Loops": 1
                                                                    },
                                                                    {
                                                                        "Worker Number": 4,
                                                                        "Actual Startup Time": 0.062,
                                                                        "Actual Total Time": 80.501,
                                                                        "Actual Rows": 428054,
                                                                        "Actual Loops": 1
                                                                    }
                                                                ]
                                                            }
                                                        ]
                                                    }
                                                ]
                                            }
                                        ]
                                    }
                                ]
                            }
                        ]
                    }
                ]
            }
        ]
    },
    "Planning Time": 1.604,
    "Triggers": [],
    "Execution Time": 1567.531
}