[
    {
        "Bao": {
            "Bao prediction": 464.406,
            "Bao recommended hint": "(no hint)"
        }
    },
    {
        "Plan": {
            "Node Type": "Aggregate",
            "Strategy": "Plain",
            "Partial Mode": "Simple",
            "Parallel Aware": false,
            "Startup Cost": 72615.19,
            "Total Cost": 72615.2,
            "Plan Rows": 1,
            "Plan Width": 64,
            "Actual Startup Time": 344.985,
            "Actual Total Time": 354.951,
            "Actual Rows": 1,
            "Actual Loops": 1,
            "Output": [
                "min(n.name)",
                "min(t.title)"
            ],
            "Plans": [
                {
                    "Node Type": "Nested Loop",
                    "Parent Relationship": "Outer",
                    "Parallel Aware": false,
                    "Join Type": "Inner",
                    "Startup Cost": 1004.44,
                    "Total Cost": 72615.18,
                    "Plan Rows": 1,
                    "Plan Width": 32,
                    "Actual Startup Time": 187.255,
                    "Actual Total Time": 353.745,
                    "Actual Rows": 4335,
                    "Actual Loops": 1,
                    "Output": [
                        "n.name",
                        "t.title"
                    ],
                    "Inner Unique": true,
                    "Join Filter": "(mi.movie_id = t.id)",
                    "Rows Removed by Join Filter": 0,
                    "Plans": [
                        {
                            "Node Type": "Nested Loop",
                            "Parent Relationship": "Outer",
                            "Parallel Aware": false,
                            "Join Type": "Inner",
                            "Startup Cost": 1004.01,
                            "Total Cost": 72614.66,
                            "Plan Rows": 1,
                            "Plan Width": 27,
                            "Actual Startup Time": 187.192,
                            "Actual Total Time": 343.101,
                            "Actual Rows": 4335,
                            "Actual Loops": 1,
                            "Output": [
                                "ci.movie_id",
                                "mc.movie_id",
                                "mi.movie_id",
                                "n.name"
                            ],
                            "Inner Unique": true,
                            "Plans": [
                                {
                                    "Node Type": "Nested Loop",
                                    "Parent Relationship": "Outer",
                                    "Parallel Aware": false,
                                    "Join Type": "Inner",
                                    "Startup Cost": 1003.87,
                                    "Total Cost": 72614.48,
                                    "Plan Rows": 1,
                                    "Plan Width": 31,
                                    "Actual Startup Time": 187.154,
                                    "Actual Total Time": 336.427,
                                    "Actual Rows": 4335,
                                    "Actual Loops": 1,
                                    "Output": [
                                        "ci.movie_id",
                                        "mc.movie_id",
                                        "mi.movie_id",
                                        "mi.info_type_id",
                                        "n.name"
                                    ],
                                    "Inner Unique": true,
                                    "Plans": [
                                        {
                                            "Node Type": "Gather",
                                            "Parent Relationship": "Outer",
                                            "Parallel Aware": false,
                                            "Startup Cost": 1003.44,
                                            "Total Cost": 72613.98,
                                            "Plan Rows": 1,
                                            "Plan Width": 35,
                                            "Actual Startup Time": 187.043,
                                            "Actual Total Time": 322.424,
                                            "Actual Rows": 4335,
                                            "Actual Loops": 1,
                                            "Output": [
                                                "ci.movie_id",
                                                "ci.person_role_id",
                                                "mc.movie_id",
                                                "mi.movie_id",
                                                "mi.info_type_id",
                                                "n.name"
                                            ],
                                            "Workers Planned": 4,
                                            "Workers Launched": 4,
                                            "Single Copy": false,
                                            "Plans": [
                                                {
                                                    "Node Type": "Nested Loop",
                                                    "Parent Relationship": "Outer",
                                                    "Parallel Aware": false,
                                                    "Join Type": "Inner",
                                                    "Startup Cost": 3.44,
                                                    "Total Cost": 71613.88,
                                                    "Plan Rows": 1,
                                                    "Plan Width": 35,
                                                    "Actual Startup Time": 160.44,
                                                    "Actual Total Time": 194.172,
                                                    "Actual Rows": 867,
                                                    "Actual Loops": 5,
                                                    "Output": [
                                                        "ci.movie_id",
                                                        "ci.person_role_id",
                                                        "mc.movie_id",
                                                        "mi.movie_id",
                                                        "mi.info_type_id",
                                                        "n.name"
                                                    ],
                                                    "Inner Unique": false,
                                                    "Join Filter": "(mc.movie_id = mi.movie_id)",
                                                    "Rows Removed by Join Filter": 0,
                                                    "Workers": [
                                                        {
                                                            "Worker Number": 0,
                                                            "Actual Startup Time": 171.947,
                                                            "Actual Total Time": 171.952,
                                                            "Actual Rows": 0,
                                                            "Actual Loops": 1
                                                        },
                                                        {
                                                            "Worker Number": 1,
                                                            "Actual Startup Time": 176.659,
                                                            "Actual Total Time": 176.665,
                                                            "Actual Rows": 0,
                                                            "Actual Loops": 1
                                                        },
                                                        {
                                                            "Worker Number": 2,
                                                            "Actual Startup Time": 95.991,
                                                            "Actual Total Time": 264.619,
                                                            "Actual Rows": 4335,
                                                            "Actual Loops": 1
                                                        },
                                                        {
                                                            "Worker Number": 3,
                                                            "Actual Startup Time": 172.682,
                                                            "Actual Total Time": 172.689,
                                                            "Actual Rows": 0,
                                                            "Actual Loops": 1
                                                        }
                                                    ],
                                                    "Plans": [
                                                        {
                                                            "Node Type": "Nested Loop",
                                                            "Parent Relationship": "Outer",
                                                            "Parallel Aware": false,
                                                            "Join Type": "Inner",
                                                            "Startup Cost": 3.0,
                                                            "Total Cost": 71612.25,
                                                            "Plan Rows": 1,
                                                            "Plan Width": 27,
                                                            "Actual Startup Time": 160.402,
                                                            "Actual Total Time": 172.887,
                                                            "Actual Rows": 1716,
                                                            "Actual Loops": 5,
                                                            "Output": [
                                                                "ci.movie_id",
                                                                "ci.person_role_id",
                                                                "mc.movie_id",
                                                                "n.name"
                                                            ],
                                                            "Inner Unique": true,
                                                            "Workers": [
                                                                {
                                                                    "Worker Number": 0,
                                                                    "Actual Startup Time": 171.946,
                                                                    "Actual Total Time": 171.95,
                                                                    "Actual Rows": 0,
                                                                    "Actual Loops": 1
                                                                },
                                                                {
                                                                    "Worker Number": 1,
                                                                    "Actual Startup Time": 176.658,
                                                                    "Actual Total Time": 176.663,
                                                                    "Actual Rows": 0,
                                                                    "Actual Loops": 1
                                                                },
                                                                {
                                                                    "Worker Number": 2,
                                                                    "Actual Startup Time": 95.803,
                                                                    "Actual Total Time": 158.201,
                                                                    "Actual Rows": 8580,
                                                                    "Actual Loops": 1
                                                                },
                                                                {
                                                                    "Worker Number": 3,
                                                                    "Actual Startup Time": 172.681,
                                                                    "Actual Total Time": 172.687,
                                                                    "Actual Rows": 0,
                                                                    "Actual Loops": 1
                                                                }
                                                            ],
                                                            "Plans": [
                                                                {
                                                                    "Node Type": "Nested Loop",
                                                                    "Parent Relationship": "Outer",
                                                                    "Parallel Aware": false,
                                                                    "Join Type": "Inner",
                                                                    "Startup Cost": 2.58,
                                                                    "Total Cost": 71611.76,
                                                                    "Plan Rows": 1,
                                                                    "Plan Width": 31,
                                                                    "Actual Startup Time": 160.384,
                                                                    "Actual Total Time": 169.994,
                                                                    "Actual Rows": 1716,
                                                                    "Actual Loops": 5,
                                                                    "Output": [
                                                                        "ci.movie_id",
                                                                        "ci.person_role_id",
                                                                        "mc.movie_id",
                                                                        "mc.company_id",
                                                                        "n.name"
                                                                    ],
                                                                    "Inner Unique": false,
                                                                    "Workers": [
                                                                        {
                                                                            "Worker Number": 0,
                                                                            "Actual Startup Time": 171.945,
                                                                            "Actual Total Time": 171.948,
                                                                            "Actual Rows": 0,
                                                                            "Actual Loops": 1
                                                                        },
                                                                        {
                                                                            "Worker Number": 1,
                                                                            "Actual Startup Time": 176.657,
                                                                            "Actual Total Time": 176.662,
                                                                            "Actual Rows": 0,
                                                                            "Actual Loops": 1
                                                                        },
                                                                        {
                                                                            "Worker Number": 2,
                                                                            "Actual Startup Time": 95.719,
                                                                            "Actual Total Time": 143.742,
                                                                            "Actual Rows": 8580,
                                                                            "Actual Loops": 1
                                                                        },
                                                                        {
                                                                            "Worker Number": 3,
                                                                            "Actual Startup Time": 172.68,
                                                                            "Actual Total Time": 172.685,
                                                                            "Actual Rows": 0,
                                                                            "Actual Loops": 1
                                                                        }
                                                                    ],
                                                                    "Plans": [
                                                                        {
                                                                            "Node Type": "Hash Join",
                                                                            "Parent Relationship": "Outer",
                                                                            "Parallel Aware": false,
                                                                            "Join Type": "Inner",
                                                                            "Startup Cost": 2.15,
                                                                            "Total Cost": 71609.42,
                                                                            "Plan Rows": 4,
                                                                            "Plan Width": 23,
                                                                            "Actual Startup Time": 160.364,
                                                                            "Actual Total Time": 162.324,
                                                                            "Actual Rows": 2580,
                                                                            "Actual Loops": 5,
                                                                            "Output": [
                                                                                "ci.movie_id",
                                                                                "ci.person_role_id",
                                                                                "n.name"
                                                                            ],
                                                                            "Inner Unique": true,
                                                                            "Hash Cond": "(ci.role_id = rt.id)",
                                                                            "Workers": [
                                                                                {
                                                                                    "Worker Number": 0,
                                                                                    "Actual Startup Time": 171.944,
                                                                                    "Actual Total Time": 171.947,
                                                                                    "Actual Rows": 0,
                                                                                    "Actual Loops": 1
                                                                                },
                                                                                {
                                                                                    "Worker Number": 1,
                                                                                    "Actual Startup Time": 176.657,
                                                                                    "Actual Total Time": 176.661,
                                                                                    "Actual Rows": 0,
                                                                                    "Actual Loops": 1
                                                                                },
                                                                                {
                                                                                    "Worker Number": 2,
                                                                                    "Actual Startup Time": 95.622,
                                                                                    "Actual Total Time": 105.399,
                                                                                    "Actual Rows": 12900,
                                                                                    "Actual Loops": 1
                                                                                },
                                                                                {
                                                                                    "Worker Number": 3,
                                                                                    "Actual Startup Time": 172.679,
                                                                                    "Actual Total Time": 172.682,
                                                                                    "Actual Rows": 0,
                                                                                    "Actual Loops": 1
                                                                                }
                                                                            ],
                                                                            "Plans": [
                                                                                {
                                                                                    "Node Type": "Nested Loop",
                                                                                    "Parent Relationship": "Outer",
                                                                                    "Parallel Aware": false,
                                                                                    "Join Type": "Inner",
                                                                                    "Startup Cost": 0.99,
                                                                                    "Total Cost": 71608.09,
                                                                                    "Plan Rows": 48,
                                                                                    "Plan Width": 27,
                                                                                    "Actual Startup Time": 160.31,
                                                                                    "Actual Total Time": 161.687,
                                                                                    "Actual Rows": 2580,
                                                                                    "Actual Loops": 5,
                                                                                    "Output": [
                                                                                        "ci.movie_id",
                                                                                        "ci.role_id",
                                                                                        "ci.person_role_id",
                                                                                        "n.name"
                                                                                    ],
                                                                                    "Inner Unique": false,
                                                                                    "Join Filter": "(n.id = ci.person_id)",
                                                                                    "Rows Removed by Join Filter": 0,
                                                                                    "Workers": [
                                                                                        {
                                                                                            "Worker Number": 0,
                                                                                            "Actual Startup Time": 171.943,
                                                                                            "Actual Total Time": 171.945,
                                                                                            "Actual Rows": 0,
                                                                                            "Actual Loops": 1
                                                                                        },
                                                                                        {
                                                                                            "Worker Number": 1,
                                                                                            "Actual Startup Time": 176.655,
                                                                                            "Actual Total Time": 176.656,
                                                                                            "Actual Rows": 0,
                                                                                            "Actual Loops": 1
                                                                                        },
                                                                                        {
                                                                                            "Worker Number": 2,
                                                                                            "Actual Startup Time": 95.361,
                                                                                            "Actual Total Time": 102.229,
                                                                                            "Actual Rows": 12900,
                                                                                            "Actual Loops": 1
                                                                                        },
                                                                                        {
                                                                                            "Worker Number": 3,
                                                                                            "Actual Startup Time": 172.677,
                                                                                            "Actual Total Time": 172.679,
                                                                                            "Actual Rows": 0,
                                                                                            "Actual Loops": 1
                                                                                        }
                                                                                    ],
                                                                                    "Plans": [
                                                                                        {
                                                                                            "Node Type": "Nested Loop",
                                                                                            "Parent Relationship": "Outer",
                                                                                            "Parallel Aware": false,
                                                                                            "Join Type": "Inner",
                                                                                            "Startup Cost": 0.42,
                                                                                            "Total Cost": 71538.77,
                                                                                            "Plan Rows": 5,
                                                                                            "Plan Width": 23,
                                                                                            "Actual Startup Time": 160.286,
                                                                                            "Actual Total Time": 160.297,
                                                                                            "Actual Rows": 3,
                                                                                            "Actual Loops": 5,
                                                                                            "Output": [
                                                                                                "an.person_id",
                                                                                                "n.name",
                                                                                                "n.id"
                                                                                            ],
                                                                                            "Inner Unique": false,
                                                                                            "Workers": [
                                                                                                {
                                                                                                    "Worker Number": 0,
                                                                                                    "Actual Startup Time": 171.942,
                                                                                                    "Actual Total Time": 171.944,
                                                                                                    "Actual Rows": 0,
                                                                                                    "Actual Loops": 1
                                                                                                },
                                                                                                {
                                                                                                    "Worker Number": 1,
                                                                                                    "Actual Startup Time": 176.654,
                                                                                                    "Actual Total Time": 176.655,
                                                                                                    "Actual Rows": 0,
                                                                                                    "Actual Loops": 1
                                                                                                },
                                                                                                {
                                                                                                    "Worker Number": 2,
                                                                                                    "Actual Startup Time": 95.241,
                                                                                                    "Actual Total Time": 95.293,
                                                                                                    "Actual Rows": 15,
                                                                                                    "Actual Loops": 1
                                                                                                },
                                                                                                {
                                                                                                    "Worker Number": 3,
                                                                                                    "Actual Startup Time": 172.677,
                                                                                                    "Actual Total Time": 172.678,
                                                                                                    "Actual Rows": 0,
                                                                                                    "Actual Loops": 1
                                                                                                }
                                                                                            ],
                                                                                            "Plans": [
                                                                                                {
                                                                                                    "Node Type": "Seq Scan",
                                                                                                    "Parent Relationship": "Outer",
                                                                                                    "Parallel Aware": true,
                                                                                                    "Relation Name": "name",
                                                                                                    "Schema": "public",
                                                                                                    "Alias": "n",
                                                                                                    "Startup Cost": 0.0,
                                                                                                    "Total Cost": 71241.41,
                                                                                                    "Plan Rows": 24,
                                                                                                    "Plan Width": 19,
                                                                                                    "Actual Startup Time": 160.256,
                                                                                                    "Actual Total Time": 160.258,
                                                                                                    "Actual Rows": 0,
                                                                                                    "Actual Loops": 5,
                                                                                                    "Output": [
                                                                                                        "n.id",
                                                                                                        "n.name",
                                                                                                        "n.imdb_index",
                                                                                                        "n.imdb_id",
                                                                                                        "n.gender",
                                                                                                        "n.name_pcode_cf",
                                                                                                        "n.name_pcode_nf",
                                                                                                        "n.surname_pcode",
                                                                                                        "n.md5sum"
                                                                                                    ],
                                                                                                    "Filter": "((n.name ~~ '%Kavner,%'::text) AND ((n.gender)::text = 'f'::text))",
                                                                                                    "Rows Removed by Filter": 833498,
                                                                                                    "Workers": [
                                                                                                        {
                                                                                                            "Worker Number": 0,
                                                                                                            "Actual Startup Time": 171.941,
                                                                                                            "Actual Total Time": 171.942,
                                                                                                            "Actual Rows": 0,
                                                                                                            "Actual Loops": 1
                                                                                                        },
                                                                                                        {
                                                                                                            "Worker Number": 1,
                                                                                                            "Actual Startup Time": 176.652,
                                                                                                            "Actual Total Time": 176.653,
                                                                                                            "Actual Rows": 0,
                                                                                                            "Actual Loops": 1
                                                                                                        },
                                                                                                        {
                                                                                                            "Worker Number": 2,
                                                                                                            "Actual Startup Time": 95.097,
                                                                                                            "Actual Total Time": 95.103,
                                                                                                            "Actual Rows": 1,
                                                                                                            "Actual Loops": 1
                                                                                                        },
                                                                                                        {
                                                                                                            "Worker Number": 3,
                                                                                                            "Actual Startup Time": 172.675,
                                                                                                            "Actual Total Time": 172.676,
                                                                                                            "Actual Rows": 0,
                                                                                                            "Actual Loops": 1
                                                                                                        }
                                                                                                    ]
                                                                                                },
                                                                                                {
                                                                                                    "Node Type": "Index Only Scan",
                                                                                                    "Parent Relationship": "Inner",
                                                                                                    "Parallel Aware": false,
                                                                                                    "Scan Direction": "Forward",
                                                                                                    "Index Name": "person_id_aka_name",
                                                                                                    "Relation Name": "aka_name",
                                                                                                    "Schema": "public",
                                                                                                    "Alias": "an",
                                                                                                    "Startup Cost": 0.42,
                                                                                                    "Total Cost": 12.37,
                                                                                                    "Plan Rows": 2,
                                                                                                    "Plan Width": 4,
                                                                                                    "Actual Startup Time": 0.137,
                                                                                                    "Actual Total Time": 0.177,
                                                                                                    "Actual Rows": 15,
                                                                                                    "Actual Loops": 1,
                                                                                                    "Output": [
                                                                                                        "an.person_id"
                                                                                                    ],
                                                                                                    "Index Cond": "(an.person_id = n.id)",
                                                                                                    "Rows Removed by Index Recheck": 0,
                                                                                                    "Heap Fetches": 15,
                                                                                                    "Workers": [
                                                                                                        {
                                                                                                            "Worker Number": 2,
                                                                                                            "Actual Startup Time": 0.137,
                                                                                                            "Actual Total Time": 0.177,
                                                                                                            "Actual Rows": 15,
                                                                                                            "Actual Loops": 1
                                                                                                        }
                                                                                                    ]
                                                                                                }
                                                                                            ]
                                                                                        },
                                                                                        {
                                                                                            "Node Type": "Index Scan",
                                                                                            "Parent Relationship": "Inner",
                                                                                            "Parallel Aware": false,
                                                                                            "Scan Direction": "Forward",
                                                                                            "Index Name": "person_id_cast_info",
                                                                                            "Relation Name": "cast_info",
                                                                                            "Schema": "public",
                                                                                            "Alias": "ci",
                                                                                            "Startup Cost": 0.56,
                                                                                            "Total Cost": 13.29,
                                                                                            "Plan Rows": 46,
                                                                                            "Plan Width": 16,
                                                                                            "Actual Startup Time": 0.017,
                                                                                            "Actual Total Time": 0.336,
                                                                                            "Actual Rows": 860,
                                                                                            "Actual Loops": 15,
                                                                                            "Output": [
                                                                                                "ci.id",
                                                                                                "ci.person_id",
                                                                                                "ci.movie_id",
                                                                                                "ci.person_role_id",
                                                                                                "ci.note",
                                                                                                "ci.nr_order",
                                                                                                "ci.role_id"
                                                                                            ],
                                                                                            "Index Cond": "(ci.person_id = an.person_id)",
                                                                                            "Rows Removed by Index Recheck": 0,
                                                                                            "Filter": "(ci.note = ANY ('{(producer),(writer),(voice),(voice)}'::text[]))",
                                                                                            "Rows Removed by Filter": 258,
                                                                                            "Workers": [
                                                                                                {
                                                                                                    "Worker Number": 2,
                                                                                                    "Actual Startup Time": 0.017,
                                                                                                    "Actual Total Time": 0.336,
                                                                                                    "Actual Rows": 860,
                                                                                                    "Actual Loops": 15
                                                                                                }
                                                                                            ]
                                                                                        }
                                                                                    ]
                                                                                },
                                                                                {
                                                                                    "Node Type": "Hash",
                                                                                    "Parent Relationship": "Inner",
                                                                                    "Parallel Aware": false,
                                                                                    "Startup Cost": 1.15,
                                                                                    "Total Cost": 1.15,
                                                                                    "Plan Rows": 1,
                                                                                    "Plan Width": 4,
                                                                                    "Actual Startup Time": 0.051,
                                                                                    "Actual Total Time": 0.052,
                                                                                    "Actual Rows": 1,
                                                                                    "Actual Loops": 1,
                                                                                    "Output": [
                                                                                        "rt.id"
                                                                                    ],
                                                                                    "Hash Buckets": 1024,
                                                                                    "Original Hash Buckets": 1024,
                                                                                    "Hash Batches": 1,
                                                                                    "Original Hash Batches": 1,
                                                                                    "Peak Memory Usage": 9,
                                                                                    "Workers": [
                                                                                        {
                                                                                            "Worker Number": 2,
                                                                                            "Actual Startup Time": 0.051,
                                                                                            "Actual Total Time": 0.052,
                                                                                            "Actual Rows": 1,
                                                                                            "Actual Loops": 1
                                                                                        }
                                                                                    ],
                                                                                    "Plans": [
                                                                                        {
                                                                                            "Node Type": "Seq Scan",
                                                                                            "Parent Relationship": "Outer",
                                                                                            "Parallel Aware": false,
                                                                                            "Relation Name": "role_type",
                                                                                            "Schema": "public",
                                                                                            "Alias": "rt",
                                                                                            "Startup Cost": 0.0,
                                                                                            "Total Cost": 1.15,
                                                                                            "Plan Rows": 1,
                                                                                            "Plan Width": 4,
                                                                                            "Actual Startup Time": 0.038,
                                                                                            "Actual Total Time": 0.04,
                                                                                            "Actual Rows": 1,
                                                                                            "Actual Loops": 1,
                                                                                            "Output": [
                                                                                                "rt.id"
                                                                                            ],
                                                                                            "Filter": "((rt.role)::text = 'actress'::text)",
                                                                                            "Rows Removed by Filter": 11,
                                                                                            "Workers": [
                                                                                                {
                                                                                                    "Worker Number": 2,
                                                                                                    "Actual Startup Time": 0.038,
                                                                                                    "Actual Total Time": 0.04,
                                                                                                    "Actual Rows": 1,
                                                                                                    "Actual Loops": 1
                                                                                                }
                                                                                            ]
                                                                                        }
                                                                                    ]
                                                                                }
                                                                            ]
                                                                        },
                                                                        {
                                                                            "Node Type": "Index Scan",
                                                                            "Parent Relationship": "Inner",
                                                                            "Parallel Aware": false,
                                                                            "Scan Direction": "Forward",
                                                                            "Index Name": "movie_id_movie_companies",
                                                                            "Relation Name": "movie_companies",
                                                                            "Schema": "public",
                                                                            "Alias": "mc",
                                                                            "Startup Cost": 0.43,
                                                                            "Total Cost": 0.58,
                                                                            "Plan Rows": 1,
                                                                            "Plan Width": 8,
                                                                            "Actual Startup Time": 0.002,
                                                                            "Actual Total Time": 0.003,
                                                                            "Actual Rows": 1,
                                                                            "Actual Loops": 12900,
                                                                            "Output": [
                                                                                "mc.id",
                                                                                "mc.movie_id",
                                                                                "mc.company_id",
                                                                                "mc.company_type_id",
                                                                                "mc.note"
                                                                            ],
                                                                            "Index Cond": "(mc.movie_id = ci.movie_id)",
                                                                            "Rows Removed by Index Recheck": 0,
                                                                            "Filter": "((mc.note IS NOT NULL) AND ((mc.note ~~ '%(USA)%'::text) OR (mc.note ~~ '%(worldwide)%'::text)))",
                                                                            "Rows Removed by Filter": 3,
                                                                            "Workers": [
                                                                                {
                                                                                    "Worker Number": 2,
                                                                                    "Actual Startup Time": 0.002,
                                                                                    "Actual Total Time": 0.003,
                                                                                    "Actual Rows": 1,
                                                                                    "Actual Loops": 12900
                                                                                }
                                                                            ]
                                                                        }
                                                                    ]
                                                                },
                                                                {
                                                                    "Node Type": "Index Scan",
                                                                    "Parent Relationship": "Inner",
                                                                    "Parallel Aware": false,
                                                                    "Scan Direction": "Forward",
                                                                    "Index Name": "company_name_pkey",
                                                                    "Relation Name": "company_name",
                                                                    "Schema": "public",
                                                                    "Alias": "cn",
                                                                    "Startup Cost": 0.42,
                                                                    "Total Cost": 0.49,
                                                                    "Plan Rows": 1,
                                                                    "Plan Width": 4,
                                                                    "Actual Startup Time": 0.001,
                                                                    "Actual Total Time": 0.001,
                                                                    "Actual Rows": 1,
                                                                    "Actual Loops": 8580,
                                                                    "Output": [
                                                                        "cn.id",
                                                                        "cn.name",
                                                                        "cn.country_code",
                                                                        "cn.imdb_id",
                                                                        "cn.name_pcode_nf",
                                                                        "cn.name_pcode_sf",
                                                                        "cn.md5sum"
                                                                    ],
                                                                    "Index Cond": "(cn.id = mc.company_id)",
                                                                    "Rows Removed by Index Recheck": 0,
                                                                    "Filter": "((cn.country_code)::text = '[us]'::text)",
                                                                    "Rows Removed by Filter": 0,
                                                                    "Workers": [
                                                                        {
                                                                            "Worker Number": 2,
                                                                            "Actual Startup Time": 0.001,
                                                                            "Actual Total Time": 0.001,
                                                                            "Actual Rows": 1,
                                                                            "Actual Loops": 8580
                                                                        }
                                                                    ]
                                                                }
                                                            ]
                                                        },
                                                        {
                                                            "Node Type": "Index Scan",
                                                            "Parent Relationship": "Inner",
                                                            "Parallel Aware": false,
                                                            "Scan Direction": "Forward",
                                                            "Index Name": "movie_id_movie_info",
                                                            "Relation Name": "movie_info",
                                                            "Schema": "public",
                                                            "Alias": "mi",
                                                            "Startup Cost": 0.43,
                                                            "Total Cost": 1.61,
                                                            "Plan Rows": 1,
                                                            "Plan Width": 8,
                                                            "Actual Startup Time": 0.007,
                                                            "Actual Total Time": 0.012,
                                                            "Actual Rows": 1,
                                                            "Actual Loops": 8580,
                                                            "Output": [
                                                                "mi.id",
                                                                "mi.movie_id",
                                                                "mi.info_type_id",
                                                                "mi.info",
                                                                "mi.note"
                                                            ],
                                                            "Index Cond": "(mi.movie_id = ci.movie_id)",
                                                            "Rows Removed by Index Recheck": 0,
                                                            "Filter": "((mi.info IS NOT NULL) AND ((mi.info ~~ 'Japan:%200%'::text) OR (mi.info ~~ 'USA:%200%'::text)))",
                                                            "Rows Removed by Filter": 38,
                                                            "Workers": [
                                                                {
                                                                    "Worker Number": 2,
                                                                    "Actual Startup Time": 0.007,
                                                                    "Actual Total Time": 0.012,
                                                                    "Actual Rows": 1,
                                                                    "Actual Loops": 8580
                                                                }
                                                            ]
                                                        }
                                                    ]
                                                }
                                            ]
                                        },
                                        {
                                            "Node Type": "Index Only Scan",
                                            "Parent Relationship": "Inner",
                                            "Parallel Aware": false,
                                            "Scan Direction": "Forward",
                                            "Index Name": "char_name_pkey",
                                            "Relation Name": "char_name",
                                            "Schema": "public",
                                            "Alias": "chn",
                                            "Startup Cost": 0.43,
                                            "Total Cost": 0.5,
                                            "Plan Rows": 1,
                                            "Plan Width": 4,
                                            "Actual Startup Time": 0.002,
                                            "Actual Total Time": 0.002,
                                            "Actual Rows": 1,
                                            "Actual Loops": 4335,
                                            "Output": [
                                                "chn.id"
                                            ],
                                            "Index Cond": "(chn.id = ci.person_role_id)",
                                            "Rows Removed by Index Recheck": 0,
                                            "Heap Fetches": 4335
                                        }
                                    ]
                                },
                                {
                                    "Node Type": "Index Scan",
                                    "Parent Relationship": "Inner",
                                    "Parallel Aware": false,
                                    "Scan Direction": "Forward",
                                    "Index Name": "info_type_pkey",
                                    "Relation Name": "info_type",
                                    "Schema": "public",
                                    "Alias": "it",
                                    "Startup Cost": 0.14,
                                    "Total Cost": 0.16,
                                    "Plan Rows": 1,
                                    "Plan Width": 4,
                                    "Actual Startup Time": 0.001,
                                    "Actual Total Time": 0.001,
                                    "Actual Rows": 1,
                                    "Actual Loops": 4335,
                                    "Output": [
                                        "it.id",
                                        "it.info"
                                    ],
                                    "Index Cond": "(it.id = mi.info_type_id)",
                                    "Rows Removed by Index Recheck": 0,
                                    "Filter": "((it.info)::text = 'release dates'::text)",
                                    "Rows Removed by Filter": 0
                                }
                            ]
                        },
                        {
                            "Node Type": "Index Scan",
                            "Parent Relationship": "Inner",
                            "Parallel Aware": false,
                            "Scan Direction": "Forward",
                            "Index Name": "title_pkey",
                            "Relation Name": "title",
                            "Schema": "public",
                            "Alias": "t",
                            "Startup Cost": 0.43,
                            "Total Cost": 0.51,
                            "Plan Rows": 1,
                            "Plan Width": 21,
                            "Actual Startup Time": 0.002,
                            "Actual Total Time": 0.002,
                            "Actual Rows": 1,
                            "Actual Loops": 4335,
                            "Output": [
                                "t.id",
                                "t.title",
                                "t.imdb_index",
                                "t.kind_id",
                                "t.production_year",
                                "t.imdb_id",
                                "t.phonetic_code",
                                "t.episode_of_id",
                                "t.season_nr",
                                "t.episode_nr",
                                "t.series_years",
                                "t.md5sum"
                            ],
                            "Index Cond": "(t.id = ci.movie_id)",
                            "Rows Removed by Index Recheck": 0,
                            "Filter": "((t.production_year >= 1998) AND (t.production_year <= 2013))",
                            "Rows Removed by Filter": 0
                        }
                    ]
                }
            ]
        },
        "Planning Time": 632.449,
        "Triggers": [],
        "Execution Time": 355.971
    }
]