[
  {
    "Plan": {
      "Node Type": "Aggregate",
      "Strategy": "Plain",
      "Partial Mode": "Finalize",
      "Parallel Aware": false,
      "Startup Cost": 608608.55,
      "Total Cost": 608608.56,
      "Plan Rows": 1,
      "Plan Width": 8,
      "Actual Startup Time": 2481.569,
      "Actual Total Time": 2534.434,
      "Actual Rows": 1,
      "Actual Loops": 1,
      "Plans": [
        {
          "Node Type": "Gather",
          "Parent Relationship": "Outer",
          "Parallel Aware": false,
          "Startup Cost": 608607.92,
          "Total Cost": 608608.53,
          "Plan Rows": 6,
          "Plan Width": 8,
          "Actual Startup Time": 2460.505,
          "Actual Total Time": 2534.411,
          "Actual Rows": 7,
          "Actual Loops": 1,
          "Workers Planned": 6,
          "Workers Launched": 6,
          "Single Copy": false,
          "Plans": [
            {
              "Node Type": "Aggregate",
              "Strategy": "Plain",
              "Partial Mode": "Partial",
              "Parent Relationship": "Outer",
              "Parallel Aware": false,
              "Startup Cost": 607607.92,
              "Total Cost": 607607.93,
              "Plan Rows": 1,
              "Plan Width": 8,
              "Actual Startup Time": 2448.405,
              "Actual Total Time": 2448.511,
              "Actual Rows": 1,
              "Actual Loops": 7,
              "Plans": [
                {
                  "Node Type": "Hash Join",
                  "Parent Relationship": "Outer",
                  "Parallel Aware": true,
                  "Join Type": "Inner",
                  "Startup Cost": 242727.71,
                  "Total Cost": 603566.69,
                  "Plan Rows": 1616493,
                  "Plan Width": 0,
                  "Actual Startup Time": 620.551,
                  "Actual Total Time": 2362.24,
                  "Actual Rows": 1710496,
                  "Actual Loops": 7,
                  "Inner Unique": false,
                  "Hash Cond": "(ci.movie_id = t.id)",
                  "Plans": [
                    {
                      "Node Type": "Seq Scan",
                      "Parent Relationship": "Outer",
                      "Parallel Aware": true,
                      "Relation Name": "cast_info",
                      "Alias": "ci",
                      "Startup Cost": 0.0,
                      "Total Cost": 343316.27,
                      "Plan Rows": 3810592,
                      "Plan Width": 4,
                      "Actual Startup Time": 85.737,
                      "Actual Total Time": 766.094,
                      "Actual Rows": 3143290,
                      "Actual Loops": 7,
                      "Filter": "((person_id > 631192) AND (role_id < 6))",
                      "Rows Removed by Filter": 2034473
                    },
                    {
                      "Node Type": "Hash",
                      "Parent Relationship": "Inner",
                      "Parallel Aware": true,
                      "Startup Cost": 240046.25,
                      "Total Cost": 240046.25,
                      "Plan Rows": 214517,
                      "Plan Width": 8,
                      "Actual Startup Time": 531.088,
                      "Actual Total Time": 531.191,
                      "Actual Rows": 164094,
                      "Actual Loops": 7,
                      "Hash Buckets": 2097152,
                      "Original Hash Buckets": 2097152,
                      "Hash Batches": 1,
                      "Original Hash Batches": 1,
                      "Peak Memory Usage": 61408,
                      "Plans": [
                        {
                          "Node Type": "Hash Join",
                          "Parent Relationship": "Outer",
                          "Parallel Aware": true,
                          "Join Type": "Inner",
                          "Startup Cost": 74081.75,
                          "Total Cost": 240046.25,
                          "Plan Rows": 214517,
                          "Plan Width": 8,
                          "Actual Startup Time": 303.847,
                          "Actual Total Time": 437.005,
                          "Actual Rows": 164094,
                          "Actual Loops": 7,
                          "Inner Unique": true,
                          "Hash Cond": "(mi.movie_id = t.id)",
                          "Plans": [
                            {
                              "Node Type": "Bitmap Heap Scan",
                              "Parent Relationship": "Outer",
                              "Parallel Aware": true,
                              "Relation Name": "movie_info",
                              "Alias": "mi",
                              "Startup Cost": 23727.33,
                              "Total Cost": 189002.56,
                              "Plan Rows": 262578,
                              "Plan Width": 4,
                              "Actual Startup Time": 58.813,
                              "Actual Total Time": 87.281,
                              "Actual Rows": 189337,
                              "Actual Loops": 7,
                              "Recheck Cond": "(info_type_id = 8)",
                              "Rows Removed by Index Recheck": 0,
                              "Exact Heap Blocks": 1115,
                              "Lossy Heap Blocks": 0,
                              "Plans": [
                                {
                                  "Node Type": "Bitmap Index Scan",
                                  "Parent Relationship": "Outer",
                                  "Parallel Aware": false,
                                  "Index Name": "info_type_id_movie_info",
                                  "Startup Cost": 0.0,
                                  "Total Cost": 23399.11,
                                  "Plan Rows": 1312890,
                                  "Plan Width": 0,
                                  "Actual Startup Time": 56.745,
                                  "Actual Total Time": 56.746,
                                  "Actual Rows": 1325361,
                                  "Actual Loops": 1,
                                  "Index Cond": "(info_type_id = 8)"
                                }
                              ]
                            },
                            {
                              "Node Type": "Hash",
                              "Parent Relationship": "Inner",
                              "Parallel Aware": true,
                              "Startup Cost": 43899.32,
                              "Total Cost": 43899.32,
                              "Plan Rows": 516408,
                              "Plan Width": 4,
                              "Actual Startup Time": 242.235,
                              "Actual Total Time": 242.237,
                              "Actual Rows": 294936,
                              "Actual Loops": 7,
                              "Hash Buckets": 2097152,
                              "Original Hash Buckets": 2097152,
                              "Hash Batches": 1,
                              "Original Hash Batches": 1,
                              "Peak Memory Usage": 97248,
                              "Plans": [
                                {
                                  "Node Type": "Seq Scan",
                                  "Parent Relationship": "Outer",
                                  "Parallel Aware": true,
                                  "Relation Name": "title",
                                  "Alias": "t",
                                  "Startup Cost": 0.0,
                                  "Total Cost": 43899.32,
                                  "Plan Rows": 516408,
                                  "Plan Width": 4,
                                  "Actual Startup Time": 0.07,
                                  "Actual Total Time": 90.795,
                                  "Actual Rows": 294936,
                                  "Actual Loops": 7,
                                  "Filter": "(production_year < 2011)",
                                  "Rows Removed by Filter": 66251
                                }
                              ]
                            }
                          ]
                        }
                      ]
                    }
                  ]
                }
              ]
            }
          ]
        }
      ]
    },
    "Planning Time": 0.619,
    "Triggers": [],
    "Execution Time": 2534.503
  }
]