[
  {
    "Plan": {
      "Node Type": "Aggregate",
      "Strategy": "Plain",
      "Partial Mode": "Finalize",
      "Parallel Aware": false,
      "Startup Cost": 35531.4,
      "Total Cost": 35531.41,
      "Plan Rows": 1,
      "Plan Width": 8,
      "Actual Startup Time": 110.006,
      "Actual Total Time": 117.722,
      "Actual Rows": 1,
      "Actual Loops": 1,
      "Plans": [
        {
          "Node Type": "Gather",
          "Parent Relationship": "Outer",
          "Parallel Aware": false,
          "Startup Cost": 35531.08,
          "Total Cost": 35531.39,
          "Plan Rows": 3,
          "Plan Width": 8,
          "Actual Startup Time": 109.772,
          "Actual Total Time": 117.714,
          "Actual Rows": 4,
          "Actual Loops": 1,
          "Workers Planned": 3,
          "Workers Launched": 3,
          "Single Copy": false,
          "Plans": [
            {
              "Node Type": "Aggregate",
              "Strategy": "Plain",
              "Partial Mode": "Partial",
              "Parent Relationship": "Outer",
              "Parallel Aware": false,
              "Startup Cost": 34531.08,
              "Total Cost": 34531.09,
              "Plan Rows": 1,
              "Plan Width": 8,
              "Actual Startup Time": 104.28,
              "Actual Total Time": 104.282,
              "Actual Rows": 1,
              "Actual Loops": 4,
              "Plans": [
                {
                  "Node Type": "Bitmap Heap Scan",
                  "Parent Relationship": "Outer",
                  "Parallel Aware": true,
                  "Relation Name": "movie_keyword",
                  "Alias": "mk",
                  "Startup Cost": 8205.72,
                  "Total Cost": 34219.19,
                  "Plan Rows": 124757,
                  "Plan Width": 0,
                  "Actual Startup Time": 36.821,
                  "Actual Total Time": 98.816,
                  "Actual Rows": 96948,
                  "Actual Loops": 4,
                  "Recheck Cond": "(keyword_id > 44351)",
                  "Rows Removed by Index Recheck": 0,
                  "Exact Heap Blocks": 10066,
                  "Lossy Heap Blocks": 0,
                  "Plans": [
                    {
                      "Node Type": "Bitmap Index Scan",
                      "Parent Relationship": "Outer",
                      "Parallel Aware": false,
                      "Index Name": "keyword_id_movie_keyword",
                      "Startup Cost": 0.0,
                      "Total Cost": 8109.03,
                      "Plan Rows": 386747,
                      "Plan Width": 0,
                      "Actual Startup Time": 38.098,
                      "Actual Total Time": 38.099,
                      "Actual Rows": 387793,
                      "Actual Loops": 1,
                      "Index Cond": "(keyword_id > 44351)"
                    }
                  ]
                }
              ]
            }
          ]
        }
      ]
    },
    "Planning Time": 0.139,
    "Triggers": [],
    "Execution Time": 117.779
  }
]