[
  {
    "Plan": {
      "Node Type": "Aggregate",
      "Strategy": "Plain",
      "Partial Mode": "Finalize",
      "Parallel Aware": false,
      "Startup Cost": 33311.05,
      "Total Cost": 33311.06,
      "Plan Rows": 1,
      "Plan Width": 8,
      "Actual Startup Time": 103.133,
      "Actual Total Time": 110.651,
      "Actual Rows": 1,
      "Actual Loops": 1,
      "Plans": [
        {
          "Node Type": "Gather",
          "Parent Relationship": "Outer",
          "Parallel Aware": false,
          "Startup Cost": 33310.73,
          "Total Cost": 33311.04,
          "Plan Rows": 3,
          "Plan Width": 8,
          "Actual Startup Time": 102.992,
          "Actual Total Time": 110.642,
          "Actual Rows": 4,
          "Actual Loops": 1,
          "Workers Planned": 3,
          "Workers Launched": 3,
          "Single Copy": false,
          "Plans": [
            {
              "Node Type": "Aggregate",
              "Strategy": "Plain",
              "Partial Mode": "Partial",
              "Parent Relationship": "Outer",
              "Parallel Aware": false,
              "Startup Cost": 32310.73,
              "Total Cost": 32310.74,
              "Plan Rows": 1,
              "Plan Width": 8,
              "Actual Startup Time": 95.775,
              "Actual Total Time": 95.776,
              "Actual Rows": 1,
              "Actual Loops": 4,
              "Plans": [
                {
                  "Node Type": "Seq Scan",
                  "Parent Relationship": "Outer",
                  "Parallel Aware": true,
                  "Relation Name": "movie_companies",
                  "Alias": "mc",
                  "Startup Cost": 0.0,
                  "Total Cost": 31414.82,
                  "Plan Rows": 358366,
                  "Plan Width": 0,
                  "Actual Startup Time": 46.893,
                  "Actual Total Time": 83.847,
                  "Actual Rows": 309045,
                  "Actual Loops": 4,
                  "Filter": "((company_id > 292) AND (company_type_id > 1))",
                  "Rows Removed by Filter": 343237
                }
              ]
            }
          ]
        }
      ]
    },
    "Planning Time": 0.223,
    "Triggers": [],
    "Execution Time": 110.709
  }
]