[
    {
        "Bao": {
            "Bao prediction": "NaN",
            "Bao recommended hint": "(no hint)"
        }
    },
    {
        "Plan": {
            "Node Type": "Aggregate",
            "Strategy": "Plain",
            "Partial Mode": "Finalize",
            "Parallel Aware": false,
            "Startup Cost": 320463.95,
            "Total Cost": 320463.96,
            "Plan Rows": 1,
            "Plan Width": 8,
            "Actual Startup Time": 411.799,
            "Actual Total Time": 422.17,
            "Actual Rows": 1,
            "Actual Loops": 1,
            "Output": [
                "count(*)"
            ],
            "Plans": [
                {
                    "Node Type": "Gather",
                    "Parent Relationship": "Outer",
                    "Parallel Aware": false,
                    "Startup Cost": 320463.53,
                    "Total Cost": 320463.94,
                    "Plan Rows": 4,
                    "Plan Width": 8,
                    "Actual Startup Time": 407.872,
                    "Actual Total Time": 422.158,
                    "Actual Rows": 5,
                    "Actual Loops": 1,
                    "Output": [
                        "(PARTIAL count(*))"
                    ],
                    "Workers Planned": 4,
                    "Workers Launched": 4,
                    "Single Copy": false,
                    "Plans": [
                        {
                            "Node Type": "Aggregate",
                            "Strategy": "Plain",
                            "Partial Mode": "Partial",
                            "Parent Relationship": "Outer",
                            "Parallel Aware": false,
                            "Startup Cost": 319463.53,
                            "Total Cost": 319463.54,
                            "Plan Rows": 1,
                            "Plan Width": 8,
                            "Actual Startup Time": 397.609,
                            "Actual Total Time": 397.614,
                            "Actual Rows": 1,
                            "Actual Loops": 5,
                            "Output": [
                                "PARTIAL count(*)"
                            ],
                            "Workers": [
                                {
                                    "Worker Number": 0,
                                    "Actual Startup Time": 394.87,
                                    "Actual Total Time": 394.875,
                                    "Actual Rows": 1,
                                    "Actual Loops": 1
                                },
                                {
                                    "Worker Number": 1,
                                    "Actual Startup Time": 395.314,
                                    "Actual Total Time": 395.318,
                                    "Actual Rows": 1,
                                    "Actual Loops": 1
                                },
                                {
                                    "Worker Number": 2,
                                    "Actual Startup Time": 395.545,
                                    "Actual Total Time": 395.549,
                                    "Actual Rows": 1,
                                    "Actual Loops": 1
                                },
                                {
                                    "Worker Number": 3,
                                    "Actual Startup Time": 395.29,
                                    "Actual Total Time": 395.294,
                                    "Actual Rows": 1,
                                    "Actual Loops": 1
                                }
                            ],
                            "Plans": [
                                {
                                    "Node Type": "Hash Join",
                                    "Parent Relationship": "Outer",
                                    "Parallel Aware": true,
                                    "Join Type": "Inner",
                                    "Startup Cost": 270131.62,
                                    "Total Cost": 319048.15,
                                    "Plan Rows": 166155,
                                    "Plan Width": 0,
                                    "Actual Startup Time": 149.373,
                                    "Actual Total Time": 388.362,
                                    "Actual Rows": 144194,
                                    "Actual Loops": 5,
                                    "Inner Unique": false,
                                    "Hash Cond": "(t.id = ci.movie_id)",
                                    "Workers": [
                                        {
                                            "Worker Number": 0,
                                            "Actual Startup Time": 146.865,
                                            "Actual Total Time": 385.493,
                                            "Actual Rows": 126429,
                                            "Actual Loops": 1
                                        },
                                        {
                                            "Worker Number": 1,
                                            "Actual Startup Time": 147.167,
                                            "Actual Total Time": 385.572,
                                            "Actual Rows": 130825,
                                            "Actual Loops": 1
                                        },
                                        {
                                            "Worker Number": 2,
                                            "Actual Startup Time": 146.776,
                                            "Actual Total Time": 386.204,
                                            "Actual Rows": 126498,
                                            "Actual Loops": 1
                                        },
                                        {
                                            "Worker Number": 3,
                                            "Actual Startup Time": 147.147,
                                            "Actual Total Time": 385.527,
                                            "Actual Rows": 130394,
                                            "Actual Loops": 1
                                        }
                                    ],
                                    "Plans": [
                                        {
                                            "Node Type": "Seq Scan",
                                            "Parent Relationship": "Outer",
                                            "Parallel Aware": true,
                                            "Relation Name": "title",
                                            "Schema": "public",
                                            "Alias": "t",
                                            "Startup Cost": 0.0,
                                            "Total Cost": 42318.81,
                                            "Plan Rows": 632080,
                                            "Plan Width": 4,
                                            "Actual Startup Time": 0.01,
                                            "Actual Total Time": 76.024,
                                            "Actual Rows": 505662,
                                            "Actual Loops": 5,
                                            "Output": [
                                                "t.id",
                                                "t.title",
                                                "t.imdb_index",
                                                "t.kind_id",
                                                "t.production_year",
                                                "t.imdb_id",
                                                "t.phonetic_code",
                                                "t.episode_of_id",
                                                "t.season_nr",
                                                "t.episode_nr",
                                                "t.series_years",
                                                "t.md5sum"
                                            ],
                                            "Workers": [
                                                {
                                                    "Worker Number": 0,
                                                    "Actual Startup Time": 0.019,
                                                    "Actual Total Time": 79.692,
                                                    "Actual Rows": 441272,
                                                    "Actual Loops": 1
                                                },
                                                {
                                                    "Worker Number": 1,
                                                    "Actual Startup Time": 0.008,
                                                    "Actual Total Time": 80.67,
                                                    "Actual Rows": 456904,
                                                    "Actual Loops": 1
                                                },
                                                {
                                                    "Worker Number": 2,
                                                    "Actual Startup Time": 0.01,
                                                    "Actual Total Time": 80.818,
                                                    "Actual Rows": 442290,
                                                    "Actual Loops": 1
                                                },
                                                {
                                                    "Worker Number": 3,
                                                    "Actual Startup Time": 0.008,
                                                    "Actual Total Time": 80.399,
                                                    "Actual Rows": 459836,
                                                    "Actual Loops": 1
                                                }
                                            ]
                                        },
                                        {
                                            "Node Type": "Hash",
                                            "Parent Relationship": "Inner",
                                            "Parallel Aware": true,
                                            "Startup Cost": 268746.99,
                                            "Total Cost": 268746.99,
                                            "Plan Rows": 110770,
                                            "Plan Width": 4,
                                            "Actual Startup Time": 144.863,
                                            "Actual Total Time": 144.865,
                                            "Actual Rows": 144194,
                                            "Actual Loops": 5,
                                            "Output": [
                                                "ci.movie_id"
                                            ],
                                            "Hash Buckets": 1048576,
                                            "Original Hash Buckets": 1048576,
                                            "Hash Batches": 1,
                                            "Original Hash Batches": 1,
                                            "Peak Memory Usage": 36448,
                                            "Workers": [
                                                {
                                                    "Worker Number": 0,
                                                    "Actual Startup Time": 146.268,
                                                    "Actual Total Time": 146.27,
                                                    "Actual Rows": 111189,
                                                    "Actual Loops": 1
                                                },
                                                {
                                                    "Worker Number": 1,
                                                    "Actual Startup Time": 146.668,
                                                    "Actual Total Time": 146.669,
                                                    "Actual Rows": 122055,
                                                    "Actual Loops": 1
                                                },
                                                {
                                                    "Worker Number": 2,
                                                    "Actual Startup Time": 146.428,
                                                    "Actual Total Time": 146.43,
                                                    "Actual Rows": 109418,
                                                    "Actual Loops": 1
                                                },
                                                {
                                                    "Worker Number": 3,
                                                    "Actual Startup Time": 146.662,
                                                    "Actual Total Time": 146.664,
                                                    "Actual Rows": 120719,
                                                    "Actual Loops": 1
                                                }
                                            ],
                                            "Plans": [
                                                {
                                                    "Node Type": "Bitmap Heap Scan",
                                                    "Parent Relationship": "Outer",
                                                    "Parallel Aware": true,
                                                    "Relation Name": "cast_info",
                                                    "Schema": "public",
                                                    "Alias": "ci",
                                                    "Startup Cost": 14675.37,
                                                    "Total Cost": 268746.99,
                                                    "Plan Rows": 110770,
                                                    "Plan Width": 4,
                                                    "Actual Startup Time": 34.628,
                                                    "Actual Total Time": 78.755,
                                                    "Actual Rows": 144194,
                                                    "Actual Loops": 5,
                                                    "Output": [
                                                        "ci.movie_id"
                                                    ],
                                                    "Recheck Cond": "(ci.person_id > 3923487)",
                                                    "Rows Removed by Index Recheck": 0,
                                                    "Exact Heap Blocks": 3625,
                                                    "Lossy Heap Blocks": 0,
                                                    "Workers": [
                                                        {
                                                            "Worker Number": 0,
                                                            "Actual Startup Time": 34.77,
                                                            "Actual Total Time": 80.079,
                                                            "Actual Rows": 111189,
                                                            "Actual Loops": 1
                                                        },
                                                        {
                                                            "Worker Number": 1,
                                                            "Actual Startup Time": 34.532,
                                                            "Actual Total Time": 81.388,
                                                            "Actual Rows": 122055,
                                                            "Actual Loops": 1
                                                        },
                                                        {
                                                            "Worker Number": 2,
                                                            "Actual Startup Time": 34.973,
                                                            "Actual Total Time": 80.02,
                                                            "Actual Rows": 109418,
                                                            "Actual Loops": 1
                                                        },
                                                        {
                                                            "Worker Number": 3,
                                                            "Actual Startup Time": 34.546,
                                                            "Actual Total Time": 80.758,
                                                            "Actual Rows": 120719,
                                                            "Actual Loops": 1
                                                        }
                                                    ],
                                                    "Plans": [
                                                        {
                                                            "Node Type": "Bitmap Index Scan",
                                                            "Parent Relationship": "Outer",
                                                            "Parallel Aware": false,
                                                            "Index Name": "person_id_cast_info",
                                                            "Startup Cost": 0.0,
                                                            "Total Cost": 14509.22,
                                                            "Plan Rows": 664620,
                                                            "Plan Width": 0,
                                                            "Actual Startup Time": 32.873,
                                                            "Actual Total Time": 32.873,
                                                            "Actual Rows": 720969,
                                                            "Actual Loops": 1,
                                                            "Index Cond": "(ci.person_id > 3923487)"
                                                        }
                                                    ]
                                                }
                                            ]
                                        }
                                    ]
                                }
                            ]
                        }
                    ]
                }
            ]
        },
        "Planning Time": 201.338,
        "Triggers": [],
        "Execution Time": 422.287
    }
]