[
  {
    "Plan": {
      "Node Type": "Aggregate",
      "Strategy": "Plain",
      "Partial Mode": "Finalize",
      "Parallel Aware": false,
      "Startup Cost": 339889.87,
      "Total Cost": 339889.88,
      "Plan Rows": 1,
      "Plan Width": 8,
      "Actual Startup Time": 729.428,
      "Actual Total Time": 785.958,
      "Actual Rows": 1,
      "Actual Loops": 1,
      "Plans": [
        {
          "Node Type": "Gather",
          "Parent Relationship": "Outer",
          "Parallel Aware": false,
          "Startup Cost": 339889.24,
          "Total Cost": 339889.85,
          "Plan Rows": 6,
          "Plan Width": 8,
          "Actual Startup Time": 729.291,
          "Actual Total Time": 785.948,
          "Actual Rows": 7,
          "Actual Loops": 1,
          "Workers Planned": 6,
          "Workers Launched": 6,
          "Single Copy": false,
          "Plans": [
            {
              "Node Type": "Aggregate",
              "Strategy": "Plain",
              "Partial Mode": "Partial",
              "Parent Relationship": "Outer",
              "Parallel Aware": false,
              "Startup Cost": 338889.24,
              "Total Cost": 338889.25,
              "Plan Rows": 1,
              "Plan Width": 8,
              "Actual Startup Time": 721.362,
              "Actual Total Time": 721.363,
              "Actual Rows": 1,
              "Actual Loops": 7,
              "Plans": [
                {
                  "Node Type": "Seq Scan",
                  "Parent Relationship": "Outer",
                  "Parallel Aware": true,
                  "Relation Name": "cast_info",
                  "Alias": "ci",
                  "Startup Cost": 0.0,
                  "Total Cost": 328162.03,
                  "Plan Rows": 4290886,
                  "Plan Width": 0,
                  "Actual Startup Time": 114.435,
                  "Actual Total Time": 581.824,
                  "Actual Rows": 3673359,
                  "Actual Loops": 7,
                  "Filter": "(person_id > 1033481)",
                  "Rows Removed by Filter": 1504405
                }
              ]
            }
          ]
        }
      ]
    },
    "Planning Time": 0.196,
    "Triggers": [],
    "Execution Time": 786.034
  }
]