[
    {
        "Bao": {
            "Bao prediction": "NaN",
            "Bao recommended hint": "(no hint)"
        }
    },
    {
        "Plan": {
            "Node Type": "Aggregate",
            "Strategy": "Plain",
            "Partial Mode": "Finalize",
            "Parallel Aware": false,
            "Startup Cost": 33298.9,
            "Total Cost": 33298.91,
            "Plan Rows": 1,
            "Plan Width": 8,
            "Actual Startup Time": 108.739,
            "Actual Total Time": 115.441,
            "Actual Rows": 1,
            "Actual Loops": 1,
            "Output": [
                "count(*)"
            ],
            "Plans": [
                {
                    "Node Type": "Gather",
                    "Parent Relationship": "Outer",
                    "Parallel Aware": false,
                    "Startup Cost": 33298.58,
                    "Total Cost": 33298.89,
                    "Plan Rows": 3,
                    "Plan Width": 8,
                    "Actual Startup Time": 108.497,
                    "Actual Total Time": 115.433,
                    "Actual Rows": 4,
                    "Actual Loops": 1,
                    "Output": [
                        "(PARTIAL count(*))"
                    ],
                    "Workers Planned": 3,
                    "Workers Launched": 3,
                    "Single Copy": false,
                    "Plans": [
                        {
                            "Node Type": "Aggregate",
                            "Strategy": "Plain",
                            "Partial Mode": "Partial",
                            "Parent Relationship": "Outer",
                            "Parallel Aware": false,
                            "Startup Cost": 32298.58,
                            "Total Cost": 32298.59,
                            "Plan Rows": 1,
                            "Plan Width": 8,
                            "Actual Startup Time": 100.356,
                            "Actual Total Time": 100.357,
                            "Actual Rows": 1,
                            "Actual Loops": 4,
                            "Output": [
                                "PARTIAL count(*)"
                            ],
                            "Workers": [
                                {
                                    "Worker Number": 0,
                                    "Actual Startup Time": 97.24,
                                    "Actual Total Time": 97.242,
                                    "Actual Rows": 1,
                                    "Actual Loops": 1
                                },
                                {
                                    "Worker Number": 1,
                                    "Actual Startup Time": 97.966,
                                    "Actual Total Time": 97.968,
                                    "Actual Rows": 1,
                                    "Actual Loops": 1
                                },
                                {
                                    "Worker Number": 2,
                                    "Actual Startup Time": 97.969,
                                    "Actual Total Time": 97.97,
                                    "Actual Rows": 1,
                                    "Actual Loops": 1
                                }
                            ],
                            "Plans": [
                                {
                                    "Node Type": "Seq Scan",
                                    "Parent Relationship": "Outer",
                                    "Parallel Aware": true,
                                    "Relation Name": "movie_companies",
                                    "Schema": "public",
                                    "Alias": "mc",
                                    "Startup Cost": 0.0,
                                    "Total Cost": 31414.82,
                                    "Plan Rows": 353504,
                                    "Plan Width": 0,
                                    "Actual Startup Time": 43.143,
                                    "Actual Total Time": 87.856,
                                    "Actual Rows": 218008,
                                    "Actual Loops": 4,
                                    "Output": [
                                        "id",
                                        "movie_id",
                                        "company_id",
                                        "company_type_id",
                                        "note"
                                    ],
                                    "Filter": "((mc.company_id < 76395) AND (mc.company_type_id > 1))",
                                    "Rows Removed by Filter": 434275,
                                    "Workers": [
                                        {
                                            "Worker Number": 0,
                                            "Actual Startup Time": 40.021,
                                            "Actual Total Time": 85.299,
                                            "Actual Rows": 179557,
                                            "Actual Loops": 1
                                        },
                                        {
                                            "Worker Number": 1,
                                            "Actual Startup Time": 40.758,
                                            "Actual Total Time": 85.873,
                                            "Actual Rows": 183306,
                                            "Actual Loops": 1
                                        },
                                        {
                                            "Worker Number": 2,
                                            "Actual Startup Time": 40.757,
                                            "Actual Total Time": 85.845,
                                            "Actual Rows": 183187,
                                            "Actual Loops": 1
                                        }
                                    ]
                                }
                            ]
                        }
                    ]
                }
            ]
        },
        "Planning Time": 190.858,
        "Triggers": [],
        "Execution Time": 115.482
    }
]