[
  {
    "Plan": {
      "Node Type": "Aggregate",
      "Strategy": "Plain",
      "Partial Mode": "Finalize",
      "Parallel Aware": false,
      "Startup Cost": 336785.63,
      "Total Cost": 336785.64,
      "Plan Rows": 1,
      "Plan Width": 8,
      "Actual Startup Time": 784.641,
      "Actual Total Time": 834.445,
      "Actual Rows": 1,
      "Actual Loops": 1,
      "Plans": [
        {
          "Node Type": "Gather",
          "Parent Relationship": "Outer",
          "Parallel Aware": false,
          "Startup Cost": 336785.01,
          "Total Cost": 336785.62,
          "Plan Rows": 6,
          "Plan Width": 8,
          "Actual Startup Time": 784.415,
          "Actual Total Time": 834.43,
          "Actual Rows": 7,
          "Actual Loops": 1,
          "Workers Planned": 6,
          "Workers Launched": 6,
          "Single Copy": false,
          "Plans": [
            {
              "Node Type": "Aggregate",
              "Strategy": "Plain",
              "Partial Mode": "Partial",
              "Parent Relationship": "Outer",
              "Parallel Aware": false,
              "Startup Cost": 335785.01,
              "Total Cost": 335785.02,
              "Plan Rows": 1,
              "Plan Width": 8,
              "Actual Startup Time": 775.098,
              "Actual Total Time": 775.1,
              "Actual Rows": 1,
              "Actual Loops": 7,
              "Plans": [
                {
                  "Node Type": "Seq Scan",
                  "Parent Relationship": "Outer",
                  "Parallel Aware": true,
                  "Relation Name": "cast_info",
                  "Alias": "ci",
                  "Startup Cost": 0.0,
                  "Total Cost": 328211.39,
                  "Plan Rows": 3029447,
                  "Plan Width": 0,
                  "Actual Startup Time": 0.059,
                  "Actual Total Time": 640.303,
                  "Actual Rows": 2625769,
                  "Actual Loops": 7,
                  "Filter": "(person_id < 1826750)",
                  "Rows Removed by Filter": 2551994
                }
              ]
            }
          ]
        }
      ]
    },
    "Planning Time": 0.172,
    "Triggers": [],
    "Execution Time": 834.511
  }
]