[
  {
    "Plan": {
      "Node Type": "Aggregate",
      "Strategy": "Plain",
      "Partial Mode": "Finalize",
      "Parallel Aware": false,
      "Startup Cost": 242507.43,
      "Total Cost": 242507.44,
      "Plan Rows": 1,
      "Plan Width": 128,
      "Actual Startup Time": 3760.137,
      "Actual Total Time": 3817.176,
      "Actual Rows": 1,
      "Actual Loops": 1,
      "Plans": [
        {
          "Node Type": "Gather",
          "Parent Relationship": "Outer",
          "Parallel Aware": false,
          "Startup Cost": 242507.09,
          "Total Cost": 242507.4,
          "Plan Rows": 3,
          "Plan Width": 128,
          "Actual Startup Time": 3759.738,
          "Actual Total Time": 3817.166,
          "Actual Rows": 4,
          "Actual Loops": 1,
          "Workers Planned": 3,
          "Workers Launched": 3,
          "Single Copy": false,
          "Plans": [
            {
              "Node Type": "Aggregate",
              "Strategy": "Plain",
              "Partial Mode": "Partial",
              "Parent Relationship": "Outer",
              "Parallel Aware": false,
              "Startup Cost": 241507.09,
              "Total Cost": 241507.1,
              "Plan Rows": 1,
              "Plan Width": 128,
              "Actual Startup Time": 3748.196,
              "Actual Total Time": 3748.203,
              "Actual Rows": 1,
              "Actual Loops": 4,
              "Plans": [
                {
                  "Node Type": "Nested Loop",
                  "Parent Relationship": "Outer",
                  "Parallel Aware": false,
                  "Join Type": "Inner",
                  "Startup Cost": 142344.94,
                  "Total Cost": 241092.51,
                  "Plan Rows": 41458,
                  "Plan Width": 64,
                  "Actual Startup Time": 1890.612,
                  "Actual Total Time": 3711.046,
                  "Actual Rows": 224408,
                  "Actual Loops": 4,
                  "Inner Unique": false,
                  "Join Filter": "(n.id = an.person_id)",
                  "Rows Removed by Join Filter": 0,
                  "Plans": [
                    {
                      "Node Type": "Nested Loop",
                      "Parent Relationship": "Outer",
                      "Parallel Aware": false,
                      "Join Type": "Inner",
                      "Startup Cost": 142344.51,
                      "Total Cost": 232378.27,
                      "Plan Rows": 17278,
                      "Plan Width": 56,
                      "Actual Startup Time": 1890.305,
                      "Actual Total Time": 3349.012,
                      "Actual Rows": 154109,
                      "Actual Loops": 4,
                      "Inner Unique": true,
                      "Plans": [
                        {
                          "Node Type": "Nested Loop",
                          "Parent Relationship": "Outer",
                          "Parallel Aware": false,
                          "Join Type": "Inner",
                          "Startup Cost": 142344.08,
                          "Total Cost": 223618.09,
                          "Plan Rows": 17278,
                          "Plan Width": 47,
                          "Actual Startup Time": 1890.251,
                          "Actual Total Time": 3041.083,
                          "Actual Rows": 154109,
                          "Actual Loops": 4,
                          "Inner Unique": true,
                          "Plans": [
                            {
                              "Node Type": "Nested Loop",
                              "Parent Relationship": "Outer",
                              "Parallel Aware": false,
                              "Join Type": "Inner",
                              "Startup Cost": 142343.65,
                              "Total Cost": 214796.61,
                              "Plan Rows": 17278,
                              "Plan Width": 35,
                              "Actual Startup Time": 1890.175,
                              "Actual Total Time": 2632.743,
                              "Actual Rows": 162537,
                              "Actual Loops": 4,
                              "Inner Unique": true,
                              "Plans": [
                                {
                                  "Node Type": "Hash Join",
                                  "Parent Relationship": "Outer",
                                  "Parallel Aware": false,
                                  "Join Type": "Inner",
                                  "Startup Cost": 142343.22,
                                  "Total Cost": 174414.42,
                                  "Plan Rows": 74314,
                                  "Plan Width": 16,
                                  "Actual Startup Time": 1890.073,
                                  "Actual Total Time": 2207.34,
                                  "Actual Rows": 162579,
                                  "Actual Loops": 4,
                                  "Inner Unique": false,
                                  "Hash Cond": "(mc.movie_id = ci.movie_id)",
                                  "Plans": [
                                    {
                                      "Node Type": "Hash Join",
                                      "Parent Relationship": "Outer",
                                      "Parallel Aware": true,
                                      "Join Type": "Inner",
                                      "Startup Cost": 5351.02,
                                      "Total Cost": 34766.95,
                                      "Plan Rows": 305940,
                                      "Plan Width": 4,
                                      "Actual Startup Time": 25.494,
                                      "Actual Total Time": 215.899,
                                      "Actual Rows": 288450,
                                      "Actual Loops": 4,
                                      "Inner Unique": true,
                                      "Hash Cond": "(mc.company_id = cn.id)",
                                      "Plans": [
                                        {
                                          "Node Type": "Seq Scan",
                                          "Parent Relationship": "Outer",
                                          "Parallel Aware": true,
                                          "Relation Name": "movie_companies",
                                          "Alias": "mc",
                                          "Startup Cost": 0.0,
                                          "Total Cost": 27206.55,
                                          "Plan Rows": 841655,
                                          "Plan Width": 8,
                                          "Actual Startup Time": 0.023,
                                          "Actual Total Time": 57.954,
                                          "Actual Rows": 652282,
                                          "Actual Loops": 4
                                        },
                                        {
                                          "Node Type": "Hash",
                                          "Parent Relationship": "Inner",
                                          "Parallel Aware": true,
                                          "Startup Cost": 4722.92,
                                          "Total Cost": 4722.92,
                                          "Plan Rows": 50248,
                                          "Plan Width": 4,
                                          "Actual Startup Time": 24.573,
                                          "Actual Total Time": 24.574,
                                          "Actual Rows": 21211,
                                          "Actual Loops": 4,
                                          "Hash Buckets": 131072,
                                          "Original Hash Buckets": 131072,
                                          "Hash Batches": 1,
                                          "Original Hash Batches": 1,
                                          "Peak Memory Usage": 4384,
                                          "Plans": [
                                            {
                                              "Node Type": "Seq Scan",
                                              "Parent Relationship": "Outer",
                                              "Parallel Aware": true,
                                              "Relation Name": "company_name",
                                              "Alias": "cn",
                                              "Startup Cost": 0.0,
                                              "Total Cost": 4722.92,
                                              "Plan Rows": 50248,
                                              "Plan Width": 4,
                                              "Actual Startup Time": 0.051,
                                              "Actual Total Time": 16.036,
                                              "Actual Rows": 21211,
                                              "Actual Loops": 4,
                                              "Filter": "((country_code)::text = '[us]'::text)",
                                              "Rows Removed by Filter": 37538
                                            }
                                          ]
                                        }
                                      ]
                                    },
                                    {
                                      "Node Type": "Hash",
                                      "Parent Relationship": "Inner",
                                      "Parallel Aware": false,
                                      "Startup Cost": 133841.58,
                                      "Total Cost": 133841.58,
                                      "Plan Rows": 252050,
                                      "Plan Width": 12,
                                      "Actual Startup Time": 1862.618,
                                      "Actual Total Time": 1862.619,
                                      "Actual Rows": 390497,
                                      "Actual Loops": 4,
                                      "Hash Buckets": 524288,
                                      "Original Hash Buckets": 262144,
                                      "Hash Batches": 1,
                                      "Original Hash Batches": 1,
                                      "Peak Memory Usage": 20763,
                                      "Plans": [
                                        {
                                          "Node Type": "Nested Loop",
                                          "Parent Relationship": "Outer",
                                          "Parallel Aware": false,
                                          "Join Type": "Inner",
                                          "Startup Cost": 0.56,
                                          "Total Cost": 133841.58,
                                          "Plan Rows": 252050,
                                          "Plan Width": 12,
                                          "Actual Startup Time": 0.183,
                                          "Actual Total Time": 1737.238,
                                          "Actual Rows": 390497,
                                          "Actual Loops": 4,
                                          "Inner Unique": false,
                                          "Plans": [
                                            {
                                              "Node Type": "Seq Scan",
                                              "Parent Relationship": "Outer",
                                              "Parallel Aware": false,
                                              "Relation Name": "role_type",
                                              "Alias": "rt",
                                              "Startup Cost": 0.0,
                                              "Total Cost": 1.15,
                                              "Plan Rows": 1,
                                              "Plan Width": 4,
                                              "Actual Startup Time": 0.042,
                                              "Actual Total Time": 0.046,
                                              "Actual Rows": 1,
                                              "Actual Loops": 4,
                                              "Filter": "((role)::text = 'actress'::text)",
                                              "Rows Removed by Filter": 11
                                            },
                                            {
                                              "Node Type": "Index Scan",
                                              "Parent Relationship": "Inner",
                                              "Parallel Aware": false,
                                              "Scan Direction": "Forward",
                                              "Index Name": "role_id_cast_info",
                                              "Relation Name": "cast_info",
                                              "Alias": "ci",
                                              "Startup Cost": 0.56,
                                              "Total Cost": 131090.79,
                                              "Plan Rows": 274964,
                                              "Plan Width": 16,
                                              "Actual Startup Time": 0.134,
                                              "Actual Total Time": 1699.402,
                                              "Actual Rows": 390497,
                                              "Actual Loops": 4,
                                              "Index Cond": "(role_id = rt.id)",
                                              "Rows Removed by Index Recheck": 0,
                                              "Filter": "(note = ANY ('{(voice),\"(executive producer)\",(writer),(uncredited)}'::text[]))",
                                              "Rows Removed by Filter": 7061476
                                            }
                                          ]
                                        }
                                      ]
                                    }
                                  ]
                                },
                                {
                                  "Node Type": "Index Scan",
                                  "Parent Relationship": "Inner",
                                  "Parallel Aware": false,
                                  "Scan Direction": "Forward",
                                  "Index Name": "name_pkey",
                                  "Relation Name": "name",
                                  "Alias": "n",
                                  "Startup Cost": 0.43,
                                  "Total Cost": 0.54,
                                  "Plan Rows": 1,
                                  "Plan Width": 19,
                                  "Actual Startup Time": 0.002,
                                  "Actual Total Time": 0.002,
                                  "Actual Rows": 1,
                                  "Actual Loops": 650316,
                                  "Index Cond": "(id = ci.person_id)",
                                  "Rows Removed by Index Recheck": 0,
                                  "Filter": "((gender)::text = 'f'::text)",
                                  "Rows Removed by Filter": 0
                                }
                              ]
                            },
                            {
                              "Node Type": "Index Scan",
                              "Parent Relationship": "Inner",
                              "Parallel Aware": false,
                              "Scan Direction": "Forward",
                              "Index Name": "char_name_pkey",
                              "Relation Name": "char_name",
                              "Alias": "chn",
                              "Startup Cost": 0.43,
                              "Total Cost": 0.51,
                              "Plan Rows": 1,
                              "Plan Width": 20,
                              "Actual Startup Time": 0.002,
                              "Actual Total Time": 0.002,
                              "Actual Rows": 1,
                              "Actual Loops": 650148,
                              "Index Cond": "(id = ci.person_role_id)",
                              "Rows Removed by Index Recheck": 0
                            }
                          ]
                        },
                        {
                          "Node Type": "Index Scan",
                          "Parent Relationship": "Inner",
                          "Parallel Aware": false,
                          "Scan Direction": "Forward",
                          "Index Name": "title_pkey",
                          "Relation Name": "title",
                          "Alias": "t",
                          "Startup Cost": 0.43,
                          "Total Cost": 0.51,
                          "Plan Rows": 1,
                          "Plan Width": 21,
                          "Actual Startup Time": 0.002,
                          "Actual Total Time": 0.002,
                          "Actual Rows": 1,
                          "Actual Loops": 616435,
                          "Index Cond": "(id = ci.movie_id)",
                          "Rows Removed by Index Recheck": 0
                        }
                      ]
                    },
                    {
                      "Node Type": "Index Scan",
                      "Parent Relationship": "Inner",
                      "Parallel Aware": false,
                      "Scan Direction": "Forward",
                      "Index Name": "person_id_aka_name",
                      "Relation Name": "aka_name",
                      "Alias": "an",
                      "Startup Cost": 0.42,
                      "Total Cost": 0.48,
                      "Plan Rows": 2,
                      "Plan Width": 20,
                      "Actual Startup Time": 0.002,
                      "Actual Total Time": 0.002,
                      "Actual Rows": 1,
                      "Actual Loops": 616435,
                      "Index Cond": "(person_id = ci.person_id)",
                      "Rows Removed by Index Recheck": 0
                    }
                  ]
                }
              ]
            }
          ]
        }
      ]
    },
    "Planning Time": 19.401,
    "Triggers": [],
    "Execution Time": 3818.858
  }
]