[
  {
    "Plan": {
      "Node Type": "Aggregate",
      "Strategy": "Plain",
      "Partial Mode": "Finalize",
      "Parallel Aware": false,
      "Startup Cost": 47212.49,
      "Total Cost": 47212.5,
      "Plan Rows": 1,
      "Plan Width": 8,
      "Actual Startup Time": 67.116,
      "Actual Total Time": 75.969,
      "Actual Rows": 1,
      "Actual Loops": 1,
      "Plans": [
        {
          "Node Type": "Gather",
          "Parent Relationship": "Outer",
          "Parallel Aware": false,
          "Startup Cost": 47212.17,
          "Total Cost": 47212.48,
          "Plan Rows": 3,
          "Plan Width": 8,
          "Actual Startup Time": 66.883,
          "Actual Total Time": 75.962,
          "Actual Rows": 4,
          "Actual Loops": 1,
          "Workers Planned": 3,
          "Workers Launched": 3,
          "Single Copy": false,
          "Plans": [
            {
              "Node Type": "Aggregate",
              "Strategy": "Plain",
              "Partial Mode": "Partial",
              "Parent Relationship": "Outer",
              "Parallel Aware": false,
              "Startup Cost": 46212.17,
              "Total Cost": 46212.18,
              "Plan Rows": 1,
              "Plan Width": 8,
              "Actual Startup Time": 57.582,
              "Actual Total Time": 57.584,
              "Actual Rows": 1,
              "Actual Loops": 4,
              "Plans": [
                {
                  "Node Type": "Nested Loop",
                  "Parent Relationship": "Outer",
                  "Parallel Aware": false,
                  "Join Type": "Inner",
                  "Startup Cost": 269.86,
                  "Total Cost": 46208.12,
                  "Plan Rows": 1621,
                  "Plan Width": 0,
                  "Actual Startup Time": 7.69,
                  "Actual Total Time": 57.562,
                  "Actual Rows": 44,
                  "Actual Loops": 4,
                  "Inner Unique": true,
                  "Plans": [
                    {
                      "Node Type": "Bitmap Heap Scan",
                      "Parent Relationship": "Outer",
                      "Parallel Aware": true,
                      "Relation Name": "movie_keyword",
                      "Alias": "mk",
                      "Startup Cost": 269.43,
                      "Total Cost": 21097.34,
                      "Plan Rows": 4037,
                      "Plan Width": 4,
                      "Actual Startup Time": 6.623,
                      "Actual Total Time": 21.885,
                      "Actual Rows": 3530,
                      "Actual Loops": 4,
                      "Recheck Cond": "(keyword_id = 1382)",
                      "Rows Removed by Index Recheck": 0,
                      "Exact Heap Blocks": 5425,
                      "Lossy Heap Blocks": 0,
                      "Plans": [
                        {
                          "Node Type": "Bitmap Index Scan",
                          "Parent Relationship": "Outer",
                          "Parallel Aware": false,
                          "Index Name": "keyword_id_movie_keyword",
                          "Startup Cost": 0.0,
                          "Total Cost": 266.3,
                          "Plan Rows": 12516,
                          "Plan Width": 0,
                          "Actual Startup Time": 10.226,
                          "Actual Total Time": 10.226,
                          "Actual Rows": 14120,
                          "Actual Loops": 1,
                          "Index Cond": "(keyword_id = 1382)"
                        }
                      ]
                    },
                    {
                      "Node Type": "Index Scan",
                      "Parent Relationship": "Inner",
                      "Parallel Aware": false,
                      "Scan Direction": "Forward",
                      "Index Name": "title_pkey",
                      "Relation Name": "title",
                      "Alias": "t",
                      "Startup Cost": 0.43,
                      "Total Cost": 6.22,
                      "Plan Rows": 1,
                      "Plan Width": 4,
                      "Actual Startup Time": 0.01,
                      "Actual Total Time": 0.01,
                      "Actual Rows": 0,
                      "Actual Loops": 14120,
                      "Index Cond": "(id = mk.movie_id)",
                      "Rows Removed by Index Recheck": 0,
                      "Filter": "((production_year < 2008) AND (kind_id = 7))",
                      "Rows Removed by Filter": 1
                    }
                  ]
                }
              ]
            }
          ]
        }
      ]
    },
    "Planning Time": 0.683,
    "Triggers": [],
    "Execution Time": 76.058
  }
]