{
  "Plan": {
    "Node Type": "Aggregate",
    "Strategy": "Plain",
    "Partial Mode": "Simple",
    "Parallel Aware": false,
    "Startup Cost": 105281.52,
    "Total Cost": 105281.53,
    "Plan Rows": 1,
    "Plan Width": 8,
    "Actual Startup Time": 620.496,
    "Actual Total Time": 620.501,
    "Actual Rows": 1,
    "Actual Loops": 1,
    "Plans": [
      {
        "Node Type": "Hash Join",
        "Parent Relationship": "Outer",
        "Parallel Aware": false,
        "Join Type": "Inner",
        "Startup Cost": 104363.74,
        "Total Cost": 105281.48,
        "Plan Rows": 18,
        "Plan Width": 0,
        "Actual Startup Time": 619.796,
        "Actual Total Time": 620.483,
        "Actual Rows": 226,
        "Actual Loops": 1,
        "Inner Unique": false,
        "Hash Cond": "(mk.movie_id = t.id)",
        "Plans": [
          {
            "Node Type": "Bitmap Heap Scan",
            "Parent Relationship": "Outer",
            "Parallel Aware": false,
            "Relation Name": "movie_keyword",
            "Alias": "mk",
            "Startup Cost": 6.35,
            "Total Cost": 922.98,
            "Plan Rows": 248,
            "Plan Width": 4,
            "Actual Startup Time": 0.344,
            "Actual Total Time": 0.919,
            "Actual Rows": 319,
            "Actual Loops": 1,
            "Recheck Cond": "(keyword_id = 2619)",
            "Rows Removed by Index Recheck": 0,
            "Exact Heap Blocks": 289,
            "Lossy Heap Blocks": 0,
            "Plans": [
              {
                "Node Type": "Bitmap Index Scan",
                "Parent Relationship": "Outer",
                "Parallel Aware": false,
                "Index Name": "keyword_id_movie_keyword",
                "Startup Cost": 0.0,
                "Total Cost": 6.29,
                "Plan Rows": 248,
                "Plan Width": 0,
                "Actual Startup Time": 0.24,
                "Actual Total Time": 0.241,
                "Actual Rows": 319,
                "Actual Loops": 1,
                "Index Cond": "(keyword_id = 2619)"
              }
            ]
          },
          {
            "Node Type": "Hash",
            "Parent Relationship": "Inner",
            "Parallel Aware": false,
            "Startup Cost": 102098.95,
            "Total Cost": 102098.95,
            "Plan Rows": 180675,
            "Plan Width": 8,
            "Actual Startup Time": 618.645,
            "Actual Total Time": 618.648,
            "Actual Rows": 318019,
            "Actual Loops": 1,
            "Hash Buckets": 524288,
            "Original Hash Buckets": 262144,
            "Hash Batches": 1,
            "Original Hash Batches": 1,
            "Peak Memory Usage": 16519,
            "Plans": [
              {
                "Node Type": "Hash Join",
                "Parent Relationship": "Outer",
                "Parallel Aware": false,
                "Join Type": "Inner",
                "Startup Cost": 45704.92,
                "Total Cost": 102098.95,
                "Plan Rows": 180675,
                "Plan Width": 8,
                "Actual Startup Time": 196.805,
                "Actual Total Time": 552.744,
                "Actual Rows": 318019,
                "Actual Loops": 1,
                "Inner Unique": false,
                "Hash Cond": "(t.id = mi_idx.movie_id)",
                "Plans": [
                  {
                    "Node Type": "Bitmap Heap Scan",
                    "Parent Relationship": "Outer",
                    "Parallel Aware": false,
                    "Relation Name": "title",
                    "Alias": "t",
                    "Startup Cost": 17920.0,
                    "Total Cost": 66310.85,
                    "Plan Rows": 991428,
                    "Plan Width": 4,
                    "Actual Startup Time": 59.497,
                    "Actual Total Time": 186.515,
                    "Actual Rows": 985048,
                    "Actual Loops": 1,
                    "Recheck Cond": "(kind_id < 7)",
                    "Rows Removed by Index Recheck": 0,
                    "Exact Heap Blocks": 35472,
                    "Lossy Heap Blocks": 0,
                    "Plans": [
                      {
                        "Node Type": "Bitmap Index Scan",
                        "Parent Relationship": "Outer",
                        "Parallel Aware": false,
                        "Index Name": "kind_id_title",
                        "Startup Cost": 0.0,
                        "Total Cost": 17672.14,
                        "Plan Rows": 991428,
                        "Plan Width": 0,
                        "Actual Startup Time": 54.686,
                        "Actual Total Time": 54.686,
                        "Actual Rows": 985048,
                        "Actual Loops": 1,
                        "Index Cond": "(kind_id < 7)"
                      }
                    ]
                  },
                  {
                    "Node Type": "Hash",
                    "Parent Relationship": "Inner",
                    "Parallel Aware": false,
                    "Startup Cost": 22025.57,
                    "Total Cost": 22025.57,
                    "Plan Rows": 460748,
                    "Plan Width": 4,
                    "Actual Startup Time": 136.504,
                    "Actual Total Time": 136.505,
                    "Actual Rows": 459925,
                    "Actual Loops": 1,
                    "Hash Buckets": 524288,
                    "Original Hash Buckets": 524288,
                    "Hash Batches": 1,
                    "Original Hash Batches": 1,
                    "Peak Memory Usage": 20266,
                    "Plans": [
                      {
                        "Node Type": "Bitmap Heap Scan",
                        "Parent Relationship": "Outer",
                        "Parallel Aware": false,
                        "Relation Name": "movie_info_idx",
                        "Alias": "mi_idx",
                        "Startup Cost": 8331.22,
                        "Total Cost": 22025.57,
                        "Plan Rows": 460748,
                        "Plan Width": 4,
                        "Actual Startup Time": 23.395,
                        "Actual Total Time": 81.075,
                        "Actual Rows": 459925,
                        "Actual Loops": 1,
                        "Recheck Cond": "(info_type_id = 101)",
                        "Rows Removed by Index Recheck": 0,
                        "Exact Heap Blocks": 7934,
                        "Lossy Heap Blocks": 0,
                        "Plans": [
                          {
                            "Node Type": "Bitmap Index Scan",
                            "Parent Relationship": "Outer",
                            "Parallel Aware": false,
                            "Index Name": "info_type_id_movie_info_idx",
                            "Startup Cost": 0.0,
                            "Total Cost": 8216.04,
                            "Plan Rows": 460748,
                            "Plan Width": 0,
                            "Actual Startup Time": 22.495,
                            "Actual Total Time": 22.495,
                            "Actual Rows": 459925,
                            "Actual Loops": 1,
                            "Index Cond": "(info_type_id = 101)"
                          }
                        ]
                      }
                    ]
                  }
                ]
              }
            ]
          }
        ]
      }
    ]
  },
  "Planning Time": 0.899,
  "Triggers": [],
  "Execution Time": 620.747
}