{
    "Plan": {
        "Node Type": "Aggregate",
        "Strategy": "Plain",
        "Partial Mode": "Finalize",
        "Parallel Aware": false,
        "Startup Cost": 33149.31,
        "Total Cost": 33149.32,
        "Plan Rows": 1,
        "Plan Width": 8,
        "Actual Startup Time": 158.836,
        "Actual Total Time": 170.98,
        "Actual Rows": 1,
        "Actual Loops": 1,
        "Output": [
            "count(*)"
        ],
        "Plans": [
            {
                "Node Type": "Gather",
                "Parent Relationship": "Outer",
                "Parallel Aware": false,
                "Startup Cost": 33148.99,
                "Total Cost": 33149.3,
                "Plan Rows": 3,
                "Plan Width": 8,
                "Actual Startup Time": 158.738,
                "Actual Total Time": 170.971,
                "Actual Rows": 4,
                "Actual Loops": 1,
                "Output": [
                    "(PARTIAL count(*))"
                ],
                "Workers Planned": 3,
                "Workers Launched": 3,
                "Single Copy": false,
                "Plans": [
                    {
                        "Node Type": "Aggregate",
                        "Strategy": "Plain",
                        "Partial Mode": "Partial",
                        "Parent Relationship": "Outer",
                        "Parallel Aware": false,
                        "Startup Cost": 32148.99,
                        "Total Cost": 32149.0,
                        "Plan Rows": 1,
                        "Plan Width": 8,
                        "Actual Startup Time": 149.528,
                        "Actual Total Time": 149.529,
                        "Actual Rows": 1,
                        "Actual Loops": 4,
                        "Output": [
                            "PARTIAL count(*)"
                        ],
                        "Workers": [
                            {
                                "Worker Number": 0,
                                "Actual Startup Time": 146.085,
                                "Actual Total Time": 146.086,
                                "Actual Rows": 1,
                                "Actual Loops": 1
                            },
                            {
                                "Worker Number": 1,
                                "Actual Startup Time": 147.153,
                                "Actual Total Time": 147.154,
                                "Actual Rows": 1,
                                "Actual Loops": 1
                            },
                            {
                                "Worker Number": 2,
                                "Actual Startup Time": 147.269,
                                "Actual Total Time": 147.271,
                                "Actual Rows": 1,
                                "Actual Loops": 1
                            }
                        ],
                        "Plans": [
                            {
                                "Node Type": "Seq Scan",
                                "Parent Relationship": "Outer",
                                "Parallel Aware": true,
                                "Relation Name": "movie_companies",
                                "Schema": "public",
                                "Alias": "mc",
                                "Startup Cost": 0.0,
                                "Total Cost": 31414.82,
                                "Plan Rows": 293670,
                                "Plan Width": 0,
                                "Actual Startup Time": 75.602,
                                "Actual Total Time": 132.85,
                                "Actual Rows": 273982,
                                "Actual Loops": 4,
                                "Output": [
                                    "id",
                                    "movie_id",
                                    "company_id",
                                    "company_type_id",
                                    "note"
                                ],
                                "Filter": "((mc.company_id > 1972) AND (mc.company_type_id > 1))",
                                "Rows Removed by Filter": 378300,
                                "Workers": [
                                    {
                                        "Worker Number": 0,
                                        "Actual Startup Time": 72.164,
                                        "Actual Total Time": 129.886,
                                        "Actual Rows": 264923,
                                        "Actual Loops": 1
                                    },
                                    {
                                        "Worker Number": 1,
                                        "Actual Startup Time": 73.249,
                                        "Actual Total Time": 130.498,
                                        "Actual Rows": 274149,
                                        "Actual Loops": 1
                                    },
                                    {
                                        "Worker Number": 2,
                                        "Actual Startup Time": 73.354,
                                        "Actual Total Time": 130.429,
                                        "Actual Rows": 276660,
                                        "Actual Loops": 1
                                    }
                                ]
                            }
                        ]
                    }
                ]
            }
        ]
    },
    "Planning Time": 2.189,
    "Triggers": [],
    "Execution Time": 171.32
}