[
    {
        "Bao": {
            "Bao prediction": "NaN",
            "Bao recommended hint": "(no hint)"
        }
    },
    {
        "Plan": {
            "Node Type": "Aggregate",
            "Strategy": "Plain",
            "Partial Mode": "Finalize",
            "Parallel Aware": false,
            "Startup Cost": 124928.56,
            "Total Cost": 124928.57,
            "Plan Rows": 1,
            "Plan Width": 8,
            "Actual Startup Time": 421.654,
            "Actual Total Time": 435.209,
            "Actual Rows": 1,
            "Actual Loops": 1,
            "Output": [
                "count(*)"
            ],
            "Plans": [
                {
                    "Node Type": "Gather",
                    "Parent Relationship": "Outer",
                    "Parallel Aware": false,
                    "Startup Cost": 124928.24,
                    "Total Cost": 124928.55,
                    "Plan Rows": 3,
                    "Plan Width": 8,
                    "Actual Startup Time": 420.322,
                    "Actual Total Time": 435.186,
                    "Actual Rows": 4,
                    "Actual Loops": 1,
                    "Output": [
                        "(PARTIAL count(*))"
                    ],
                    "Workers Planned": 3,
                    "Workers Launched": 3,
                    "Single Copy": false,
                    "Plans": [
                        {
                            "Node Type": "Aggregate",
                            "Strategy": "Plain",
                            "Partial Mode": "Partial",
                            "Parent Relationship": "Outer",
                            "Parallel Aware": false,
                            "Startup Cost": 123928.24,
                            "Total Cost": 123928.25,
                            "Plan Rows": 1,
                            "Plan Width": 8,
                            "Actual Startup Time": 410.918,
                            "Actual Total Time": 411.02,
                            "Actual Rows": 1,
                            "Actual Loops": 4,
                            "Output": [
                                "PARTIAL count(*)"
                            ],
                            "Workers": [
                                {
                                    "Worker Number": 0,
                                    "Actual Startup Time": 407.754,
                                    "Actual Total Time": 407.76,
                                    "Actual Rows": 1,
                                    "Actual Loops": 1
                                },
                                {
                                    "Worker Number": 1,
                                    "Actual Startup Time": 407.957,
                                    "Actual Total Time": 407.962,
                                    "Actual Rows": 1,
                                    "Actual Loops": 1
                                },
                                {
                                    "Worker Number": 2,
                                    "Actual Startup Time": 408.053,
                                    "Actual Total Time": 408.058,
                                    "Actual Rows": 1,
                                    "Actual Loops": 1
                                }
                            ],
                            "Plans": [
                                {
                                    "Node Type": "Hash Join",
                                    "Parent Relationship": "Outer",
                                    "Parallel Aware": true,
                                    "Join Type": "Inner",
                                    "Startup Cost": 78475.87,
                                    "Total Cost": 123839.89,
                                    "Plan Rows": 35339,
                                    "Plan Width": 0,
                                    "Actual Startup Time": 240.003,
                                    "Actual Total Time": 408.846,
                                    "Actual Rows": 39356,
                                    "Actual Loops": 4,
                                    "Inner Unique": false,
                                    "Hash Cond": "(mk.movie_id = t.id)",
                                    "Workers": [
                                        {
                                            "Worker Number": 0,
                                            "Actual Startup Time": 236.702,
                                            "Actual Total Time": 405.514,
                                            "Actual Rows": 30167,
                                            "Actual Loops": 1
                                        },
                                        {
                                            "Worker Number": 1,
                                            "Actual Startup Time": 237.042,
                                            "Actual Total Time": 405.883,
                                            "Actual Rows": 45806,
                                            "Actual Loops": 1
                                        },
                                        {
                                            "Worker Number": 2,
                                            "Actual Startup Time": 237.159,
                                            "Actual Total Time": 405.852,
                                            "Actual Rows": 48757,
                                            "Actual Loops": 1
                                        }
                                    ],
                                    "Plans": [
                                        {
                                            "Node Type": "Seq Scan",
                                            "Parent Relationship": "Outer",
                                            "Parallel Aware": true,
                                            "Relation Name": "movie_keyword",
                                            "Schema": "public",
                                            "Alias": "mk",
                                            "Startup Cost": 0.0,
                                            "Total Cost": 42695.65,
                                            "Plan Rows": 688006,
                                            "Plan Width": 4,
                                            "Actual Startup Time": 0.022,
                                            "Actual Total Time": 116.905,
                                            "Actual Rows": 532974,
                                            "Actual Loops": 4,
                                            "Output": [
                                                "mk.id",
                                                "mk.movie_id",
                                                "mk.keyword_id"
                                            ],
                                            "Filter": "(mk.keyword_id < 3939)",
                                            "Rows Removed by Filter": 598008,
                                            "Workers": [
                                                {
                                                    "Worker Number": 0,
                                                    "Actual Startup Time": 0.024,
                                                    "Actual Total Time": 118.313,
                                                    "Actual Rows": 409951,
                                                    "Actual Loops": 1
                                                },
                                                {
                                                    "Worker Number": 1,
                                                    "Actual Startup Time": 0.021,
                                                    "Actual Total Time": 115.338,
                                                    "Actual Rows": 615848,
                                                    "Actual Loops": 1
                                                },
                                                {
                                                    "Worker Number": 2,
                                                    "Actual Startup Time": 0.02,
                                                    "Actual Total Time": 117.973,
                                                    "Actual Rows": 649633,
                                                    "Actual Loops": 1
                                                }
                                            ]
                                        },
                                        {
                                            "Node Type": "Hash",
                                            "Parent Relationship": "Inner",
                                            "Parallel Aware": true,
                                            "Startup Cost": 78070.03,
                                            "Total Cost": 78070.03,
                                            "Plan Rows": 32467,
                                            "Plan Width": 8,
                                            "Actual Startup Time": 239.175,
                                            "Actual Total Time": 239.276,
                                            "Actual Rows": 20284,
                                            "Actual Loops": 4,
                                            "Output": [
                                                "t.id",
                                                "mc.movie_id"
                                            ],
                                            "Hash Buckets": 131072,
                                            "Original Hash Buckets": 131072,
                                            "Hash Batches": 1,
                                            "Original Hash Batches": 1,
                                            "Peak Memory Usage": 4256,
                                            "Workers": [
                                                {
                                                    "Worker Number": 0,
                                                    "Actual Startup Time": 235.939,
                                                    "Actual Total Time": 235.943,
                                                    "Actual Rows": 13902,
                                                    "Actual Loops": 1
                                                },
                                                {
                                                    "Worker Number": 1,
                                                    "Actual Startup Time": 236.479,
                                                    "Actual Total Time": 236.483,
                                                    "Actual Rows": 21376,
                                                    "Actual Loops": 1
                                                },
                                                {
                                                    "Worker Number": 2,
                                                    "Actual Startup Time": 236.599,
                                                    "Actual Total Time": 236.603,
                                                    "Actual Rows": 21417,
                                                    "Actual Loops": 1
                                                }
                                            ],
                                            "Plans": [
                                                {
                                                    "Node Type": "Hash Join",
                                                    "Parent Relationship": "Outer",
                                                    "Parallel Aware": true,
                                                    "Join Type": "Inner",
                                                    "Startup Cost": 32381.55,
                                                    "Total Cost": 78070.03,
                                                    "Plan Rows": 32467,
                                                    "Plan Width": 8,
                                                    "Actual Startup Time": 84.386,
                                                    "Actual Total Time": 231.17,
                                                    "Actual Rows": 20284,
                                                    "Actual Loops": 4,
                                                    "Output": [
                                                        "t.id",
                                                        "mc.movie_id"
                                                    ],
                                                    "Inner Unique": false,
                                                    "Hash Cond": "(t.id = mc.movie_id)",
                                                    "Workers": [
                                                        {
                                                            "Worker Number": 0,
                                                            "Actual Startup Time": 81.265,
                                                            "Actual Total Time": 227.412,
                                                            "Actual Rows": 13902,
                                                            "Actual Loops": 1
                                                        },
                                                        {
                                                            "Worker Number": 1,
                                                            "Actual Startup Time": 81.627,
                                                            "Actual Total Time": 228.173,
                                                            "Actual Rows": 21376,
                                                            "Actual Loops": 1
                                                        },
                                                        {
                                                            "Worker Number": 2,
                                                            "Actual Startup Time": 81.779,
                                                            "Actual Total Time": 228.985,
                                                            "Actual Rows": 21417,
                                                            "Actual Loops": 1
                                                        }
                                                    ],
                                                    "Plans": [
                                                        {
                                                            "Node Type": "Seq Scan",
                                                            "Parent Relationship": "Outer",
                                                            "Parallel Aware": true,
                                                            "Relation Name": "title",
                                                            "Schema": "public",
                                                            "Alias": "t",
                                                            "Startup Cost": 0.0,
                                                            "Total Cost": 43899.01,
                                                            "Plan Rows": 336948,
                                                            "Plan Width": 4,
                                                            "Actual Startup Time": 0.009,
                                                            "Actual Total Time": 92.09,
                                                            "Actual Rows": 337073,
                                                            "Actual Loops": 4,
                                                            "Output": [
                                                                "t.id",
                                                                "t.title",
                                                                "t.imdb_index",
                                                                "t.kind_id",
                                                                "t.production_year",
                                                                "t.imdb_id",
                                                                "t.phonetic_code",
                                                                "t.episode_of_id",
                                                                "t.season_nr",
                                                                "t.episode_nr",
                                                                "t.series_years",
                                                                "t.md5sum"
                                                            ],
                                                            "Filter": "(t.production_year < 2005)",
                                                            "Rows Removed by Filter": 295005,
                                                            "Workers": [
                                                                {
                                                                    "Worker Number": 0,
                                                                    "Actual Startup Time": 0.01,
                                                                    "Actual Total Time": 94.985,
                                                                    "Actual Rows": 231895,
                                                                    "Actual Loops": 1
                                                                },
                                                                {
                                                                    "Worker Number": 1,
                                                                    "Actual Startup Time": 0.009,
                                                                    "Actual Total Time": 92.937,
                                                                    "Actual Rows": 356714,
                                                                    "Actual Loops": 1
                                                                },
                                                                {
                                                                    "Worker Number": 2,
                                                                    "Actual Startup Time": 0.01,
                                                                    "Actual Total Time": 92.704,
                                                                    "Actual Rows": 360836,
                                                                    "Actual Loops": 1
                                                                }
                                                            ]
                                                        },
                                                        {
                                                            "Node Type": "Hash",
                                                            "Parent Relationship": "Inner",
                                                            "Parallel Aware": true,
                                                            "Startup Cost": 31399.23,
                                                            "Total Cost": 31399.23,
                                                            "Plan Rows": 78586,
                                                            "Plan Width": 4,
                                                            "Actual Startup Time": 83.478,
                                                            "Actual Total Time": 83.48,
                                                            "Actual Rows": 30397,
                                                            "Actual Loops": 4,
                                                            "Output": [
                                                                "mc.movie_id"
                                                            ],
                                                            "Hash Buckets": 262144,
                                                            "Original Hash Buckets": 262144,
                                                            "Hash Batches": 1,
                                                            "Original Hash Batches": 1,
                                                            "Peak Memory Usage": 6848,
                                                            "Workers": [
                                                                {
                                                                    "Worker Number": 0,
                                                                    "Actual Startup Time": 81.171,
                                                                    "Actual Total Time": 81.174,
                                                                    "Actual Rows": 21036,
                                                                    "Actual Loops": 1
                                                                },
                                                                {
                                                                    "Worker Number": 1,
                                                                    "Actual Startup Time": 81.546,
                                                                    "Actual Total Time": 81.548,
                                                                    "Actual Rows": 29109,
                                                                    "Actual Loops": 1
                                                                },
                                                                {
                                                                    "Worker Number": 2,
                                                                    "Actual Startup Time": 81.693,
                                                                    "Actual Total Time": 81.695,
                                                                    "Actual Rows": 30029,
                                                                    "Actual Loops": 1
                                                                }
                                                            ],
                                                            "Plans": [
                                                                {
                                                                    "Node Type": "Bitmap Heap Scan",
                                                                    "Parent Relationship": "Outer",
                                                                    "Parallel Aware": true,
                                                                    "Relation Name": "movie_companies",
                                                                    "Schema": "public",
                                                                    "Alias": "mc",
                                                                    "Startup Cost": 10297.11,
                                                                    "Total Cost": 31399.23,
                                                                    "Plan Rows": 78586,
                                                                    "Plan Width": 4,
                                                                    "Actual Startup Time": 58.574,
                                                                    "Actual Total Time": 74.371,
                                                                    "Actual Rows": 30397,
                                                                    "Actual Loops": 4,
                                                                    "Output": [
                                                                        "mc.movie_id"
                                                                    ],
                                                                    "Recheck Cond": "(mc.company_id < 406)",
                                                                    "Rows Removed by Index Recheck": 0,
                                                                    "Filter": "(mc.company_type_id > 1)",
                                                                    "Rows Removed by Filter": 87108,
                                                                    "Exact Heap Blocks": 9472,
                                                                    "Lossy Heap Blocks": 0,
                                                                    "Workers": [
                                                                        {
                                                                            "Worker Number": 0,
                                                                            "Actual Startup Time": 56.263,
                                                                            "Actual Total Time": 72.723,
                                                                            "Actual Rows": 21036,
                                                                            "Actual Loops": 1
                                                                        },
                                                                        {
                                                                            "Worker Number": 1,
                                                                            "Actual Startup Time": 56.632,
                                                                            "Actual Total Time": 72.913,
                                                                            "Actual Rows": 29109,
                                                                            "Actual Loops": 1
                                                                        },
                                                                        {
                                                                            "Worker Number": 2,
                                                                            "Actual Startup Time": 56.791,
                                                                            "Actual Total Time": 72.915,
                                                                            "Actual Rows": 30029,
                                                                            "Actual Loops": 1
                                                                        }
                                                                    ],
                                                                    "Plans": [
                                                                        {
                                                                            "Node Type": "Bitmap Index Scan",
                                                                            "Parent Relationship": "Outer",
                                                                            "Parallel Aware": false,
                                                                            "Index Name": "company_id_movie_companies",
                                                                            "Startup Cost": 0.0,
                                                                            "Total Cost": 10236.21,
                                                                            "Plan Rows": 477837,
                                                                            "Plan Width": 0,
                                                                            "Actual Startup Time": 22.018,
                                                                            "Actual Total Time": 22.019,
                                                                            "Actual Rows": 470019,
                                                                            "Actual Loops": 1,
                                                                            "Index Cond": "(mc.company_id < 406)"
                                                                        }
                                                                    ]
                                                                }
                                                            ]
                                                        }
                                                    ]
                                                }
                                            ]
                                        }
                                    ]
                                }
                            ]
                        }
                    ]
                }
            ]
        },
        "Planning Time": 185.171,
        "Triggers": [],
        "Execution Time": 435.288
    }
]