[
  {
    "Plan": {
      "Node Type": "Aggregate",
      "Strategy": "Plain",
      "Partial Mode": "Finalize",
      "Parallel Aware": false,
      "Startup Cost": 391824.12,
      "Total Cost": 391824.13,
      "Plan Rows": 1,
      "Plan Width": 8,
      "Actual Startup Time": 1030.376,
      "Actual Total Time": 1057.409,
      "Actual Rows": 1,
      "Actual Loops": 1,
      "Plans": [
        {
          "Node Type": "Gather",
          "Parent Relationship": "Outer",
          "Parallel Aware": false,
          "Startup Cost": 391823.5,
          "Total Cost": 391824.11,
          "Plan Rows": 6,
          "Plan Width": 8,
          "Actual Startup Time": 1020.966,
          "Actual Total Time": 1057.397,
          "Actual Rows": 7,
          "Actual Loops": 1,
          "Workers Planned": 6,
          "Workers Launched": 6,
          "Single Copy": false,
          "Plans": [
            {
              "Node Type": "Aggregate",
              "Strategy": "Plain",
              "Partial Mode": "Partial",
              "Parent Relationship": "Outer",
              "Parallel Aware": false,
              "Startup Cost": 390823.5,
              "Total Cost": 390823.51,
              "Plan Rows": 1,
              "Plan Width": 8,
              "Actual Startup Time": 1006.586,
              "Actual Total Time": 1006.595,
              "Actual Rows": 1,
              "Actual Loops": 7,
              "Plans": [
                {
                  "Node Type": "Hash Join",
                  "Parent Relationship": "Outer",
                  "Parallel Aware": true,
                  "Join Type": "Inner",
                  "Startup Cost": 47876.59,
                  "Total Cost": 388324.44,
                  "Plan Rows": 999624,
                  "Plan Width": 0,
                  "Actual Startup Time": 187.664,
                  "Actual Total Time": 973.625,
                  "Actual Rows": 782966,
                  "Actual Loops": 7,
                  "Inner Unique": true,
                  "Hash Cond": "(ci.movie_id = t.id)",
                  "Plans": [
                    {
                      "Node Type": "Index Scan",
                      "Parent Relationship": "Outer",
                      "Parallel Aware": true,
                      "Scan Direction": "Forward",
                      "Index Name": "role_id_cast_info",
                      "Relation Name": "cast_info",
                      "Alias": "ci",
                      "Startup Cost": 0.56,
                      "Total Cost": 335235.55,
                      "Plan Rows": 1985848,
                      "Plan Width": 4,
                      "Actual Startup Time": 29.928,
                      "Actual Total Time": 345.984,
                      "Actual Rows": 1639698,
                      "Actual Loops": 7,
                      "Index Cond": "(role_id = 1)",
                      "Rows Removed by Index Recheck": 0,
                      "Filter": "(person_id > 165710)",
                      "Rows Removed by Filter": 170401
                    },
                    {
                      "Node Type": "Hash",
                      "Parent Relationship": "Inner",
                      "Parallel Aware": true,
                      "Startup Cost": 43898.92,
                      "Total Cost": 43898.92,
                      "Plan Rows": 318169,
                      "Plan Width": 4,
                      "Actual Startup Time": 153.198,
                      "Actual Total Time": 153.206,
                      "Actual Rows": 180042,
                      "Actual Loops": 7,
                      "Hash Buckets": 2097152,
                      "Original Hash Buckets": 2097152,
                      "Hash Batches": 1,
                      "Original Hash Batches": 1,
                      "Peak Memory Usage": 65792,
                      "Plans": [
                        {
                          "Node Type": "Seq Scan",
                          "Parent Relationship": "Outer",
                          "Parallel Aware": true,
                          "Relation Name": "title",
                          "Alias": "t",
                          "Startup Cost": 0.0,
                          "Total Cost": 43898.92,
                          "Plan Rows": 318169,
                          "Plan Width": 4,
                          "Actual Startup Time": 0.038,
                          "Actual Total Time": 75.33,
                          "Actual Rows": 180042,
                          "Actual Loops": 7,
                          "Filter": "(production_year > 2002)",
                          "Rows Removed by Filter": 181145
                        }
                      ]
                    }
                  ]
                }
              ]
            }
          ]
        }
      ]
    },
    "Planning Time": 0.579,
    "Triggers": [],
    "Execution Time": 1057.5
  }
]