[
  {
    "Plan": {
      "Node Type": "Aggregate",
      "Strategy": "Plain",
      "Partial Mode": "Finalize",
      "Parallel Aware": false,
      "Startup Cost": 409591.99,
      "Total Cost": 409592.0,
      "Plan Rows": 1,
      "Plan Width": 8,
      "Actual Startup Time": 3237.806,
      "Actual Total Time": 3318.112,
      "Actual Rows": 1,
      "Actual Loops": 1,
      "Plans": [
        {
          "Node Type": "Gather",
          "Parent Relationship": "Outer",
          "Parallel Aware": false,
          "Startup Cost": 409591.47,
          "Total Cost": 409591.98,
          "Plan Rows": 5,
          "Plan Width": 8,
          "Actual Startup Time": 3232.956,
          "Actual Total Time": 3318.101,
          "Actual Rows": 6,
          "Actual Loops": 1,
          "Workers Planned": 5,
          "Workers Launched": 5,
          "Single Copy": false,
          "Plans": [
            {
              "Node Type": "Aggregate",
              "Strategy": "Plain",
              "Partial Mode": "Partial",
              "Parent Relationship": "Outer",
              "Parallel Aware": false,
              "Startup Cost": 408591.47,
              "Total Cost": 408591.48,
              "Plan Rows": 1,
              "Plan Width": 8,
              "Actual Startup Time": 3208.453,
              "Actual Total Time": 3208.456,
              "Actual Rows": 1,
              "Actual Loops": 6,
              "Plans": [
                {
                  "Node Type": "Nested Loop",
                  "Parent Relationship": "Outer",
                  "Parallel Aware": false,
                  "Join Type": "Inner",
                  "Startup Cost": 58998.83,
                  "Total Cost": 408527.78,
                  "Plan Rows": 25473,
                  "Plan Width": 0,
                  "Actual Startup Time": 304.63,
                  "Actual Total Time": 3196.115,
                  "Actual Rows": 176130,
                  "Actual Loops": 6,
                  "Inner Unique": false,
                  "Plans": [
                    {
                      "Node Type": "Hash Join",
                      "Parent Relationship": "Outer",
                      "Parallel Aware": true,
                      "Join Type": "Inner",
                      "Startup Cost": 58998.27,
                      "Total Cost": 222456.61,
                      "Plan Rows": 96882,
                      "Plan Width": 8,
                      "Actual Startup Time": 303.828,
                      "Actual Total Time": 373.627,
                      "Actual Rows": 81092,
                      "Actual Loops": 6,
                      "Inner Unique": true,
                      "Hash Cond": "(mi.movie_id = t.id)",
                      "Plans": [
                        {
                          "Node Type": "Bitmap Heap Scan",
                          "Parent Relationship": "Outer",
                          "Parallel Aware": true,
                          "Relation Name": "movie_info",
                          "Alias": "mi",
                          "Startup Cost": 8778.62,
                          "Total Cost": 171982.65,
                          "Plan Rows": 96882,
                          "Plan Width": 4,
                          "Actual Startup Time": 22.158,
                          "Actual Total Time": 38.844,
                          "Actual Rows": 81092,
                          "Actual Loops": 6,
                          "Recheck Cond": "(info_type_id = 5)",
                          "Rows Removed by Index Recheck": 0,
                          "Exact Heap Blocks": 1246,
                          "Lossy Heap Blocks": 0,
                          "Plans": [
                            {
                              "Node Type": "Bitmap Index Scan",
                              "Parent Relationship": "Outer",
                              "Parallel Aware": false,
                              "Index Name": "info_type_id_movie_info",
                              "Startup Cost": 0.0,
                              "Total Cost": 8657.52,
                              "Plan Rows": 484411,
                              "Plan Width": 0,
                              "Actual Startup Time": 21.434,
                              "Actual Total Time": 21.434,
                              "Actual Rows": 486554,
                              "Actual Loops": 1,
                              "Index Cond": "(info_type_id = 5)"
                            }
                          ]
                        },
                        {
                          "Node Type": "Hash",
                          "Parent Relationship": "Inner",
                          "Parallel Aware": true,
                          "Startup Cost": 42318.73,
                          "Total Cost": 42318.73,
                          "Plan Rows": 632073,
                          "Plan Width": 4,
                          "Actual Startup Time": 273.858,
                          "Actual Total Time": 273.859,
                          "Actual Rows": 421385,
                          "Actual Loops": 6,
                          "Hash Buckets": 4194304,
                          "Original Hash Buckets": 4194304,
                          "Hash Batches": 1,
                          "Original Hash Batches": 1,
                          "Peak Memory Usage": 131776,
                          "Plans": [
                            {
                              "Node Type": "Seq Scan",
                              "Parent Relationship": "Outer",
                              "Parallel Aware": true,
                              "Relation Name": "title",
                              "Alias": "t",
                              "Startup Cost": 0.0,
                              "Total Cost": 42318.73,
                              "Plan Rows": 632073,
                              "Plan Width": 4,
                              "Actual Startup Time": 0.036,
                              "Actual Total Time": 83.211,
                              "Actual Rows": 421385,
                              "Actual Loops": 6
                            }
                          ]
                        }
                      ]
                    },
                    {
                      "Node Type": "Index Scan",
                      "Parent Relationship": "Inner",
                      "Parallel Aware": false,
                      "Scan Direction": "Forward",
                      "Index Name": "movie_id_cast_info",
                      "Relation Name": "cast_info",
                      "Alias": "ci",
                      "Startup Cost": 0.56,
                      "Total Cost": 1.91,
                      "Plan Rows": 1,
                      "Plan Width": 4,
                      "Actual Startup Time": 0.033,
                      "Actual Total Time": 0.034,
                      "Actual Rows": 2,
                      "Actual Loops": 486554,
                      "Index Cond": "(movie_id = t.id)",
                      "Rows Removed by Index Recheck": 0,
                      "Filter": "(person_id > 3940460)",
                      "Rows Removed by Filter": 56
                    }
                  ]
                }
              ]
            }
          ]
        }
      ]
    },
    "Planning Time": 1.444,
    "Triggers": [],
    "Execution Time": 3318.246
  }
]