[
  {
    "Plan": {
      "Node Type": "Aggregate",
      "Strategy": "Plain",
      "Partial Mode": "Finalize",
      "Parallel Aware": false,
      "Startup Cost": 627663.99,
      "Total Cost": 627664.0,
      "Plan Rows": 1,
      "Plan Width": 8,
      "Actual Startup Time": 5303.725,
      "Actual Total Time": 5385.527,
      "Actual Rows": 1,
      "Actual Loops": 1,
      "Plans": [
        {
          "Node Type": "Gather",
          "Parent Relationship": "Outer",
          "Parallel Aware": false,
          "Startup Cost": 627663.36,
          "Total Cost": 627663.97,
          "Plan Rows": 6,
          "Plan Width": 8,
          "Actual Startup Time": 5275.345,
          "Actual Total Time": 5385.514,
          "Actual Rows": 7,
          "Actual Loops": 1,
          "Workers Planned": 6,
          "Workers Launched": 6,
          "Single Copy": false,
          "Plans": [
            {
              "Node Type": "Aggregate",
              "Strategy": "Plain",
              "Partial Mode": "Partial",
              "Parent Relationship": "Outer",
              "Parallel Aware": false,
              "Startup Cost": 626663.36,
              "Total Cost": 626663.37,
              "Plan Rows": 1,
              "Plan Width": 8,
              "Actual Startup Time": 5265.86,
              "Actual Total Time": 5266.87,
              "Actual Rows": 1,
              "Actual Loops": 7,
              "Plans": [
                {
                  "Node Type": "Hash Join",
                  "Parent Relationship": "Outer",
                  "Parallel Aware": true,
                  "Join Type": "Inner",
                  "Startup Cost": 255508.54,
                  "Total Cost": 615122.65,
                  "Plan Rows": 4616284,
                  "Plan Width": 0,
                  "Actual Startup Time": 939.058,
                  "Actual Total Time": 4798.483,
                  "Actual Rows": 11378526,
                  "Actual Loops": 7,
                  "Inner Unique": false,
                  "Hash Cond": "(ci.movie_id = t.id)",
                  "Plans": [
                    {
                      "Node Type": "Seq Scan",
                      "Parent Relationship": "Outer",
                      "Parallel Aware": true,
                      "Relation Name": "cast_info",
                      "Alias": "ci",
                      "Startup Cost": 0.0,
                      "Total Cost": 328211.39,
                      "Plan Rows": 5912044,
                      "Plan Width": 4,
                      "Actual Startup Time": 9.564,
                      "Actual Total Time": 635.992,
                      "Actual Rows": 5062896,
                      "Actual Loops": 7,
                      "Filter": "(person_id > 84475)",
                      "Rows Removed by Filter": 114868
                    },
                    {
                      "Node Type": "Hash",
                      "Parent Relationship": "Inner",
                      "Parallel Aware": true,
                      "Startup Cost": 250572.89,
                      "Total Cost": 250572.89,
                      "Plan Rows": 394852,
                      "Plan Width": 8,
                      "Actual Startup Time": 926.204,
                      "Actual Total Time": 927.212,
                      "Actual Rows": 455257,
                      "Actual Loops": 7,
                      "Hash Buckets": 4194304,
                      "Original Hash Buckets": 2097152,
                      "Hash Batches": 1,
                      "Original Hash Batches": 1,
                      "Peak Memory Usage": 173920,
                      "Plans": [
                        {
                          "Node Type": "Hash Join",
                          "Parent Relationship": "Outer",
                          "Parallel Aware": true,
                          "Join Type": "Inner",
                          "Startup Cost": 47597.14,
                          "Total Cost": 250572.89,
                          "Plan Rows": 394852,
                          "Plan Width": 8,
                          "Actual Startup Time": 120.191,
                          "Actual Total Time": 678.387,
                          "Actual Rows": 455257,
                          "Actual Loops": 7,
                          "Inner Unique": true,
                          "Hash Cond": "(mi.movie_id = t.id)",
                          "Plans": [
                            {
                              "Node Type": "Seq Scan",
                              "Parent Relationship": "Outer",
                              "Parallel Aware": true,
                              "Relation Name": "movie_info",
                              "Alias": "mi",
                              "Startup Cost": 0.0,
                              "Total Cost": 199108.24,
                              "Plan Rows": 1473332,
                              "Plan Width": 4,
                              "Actual Startup Time": 0.035,
                              "Actual Total Time": 323.29,
                              "Actual Rows": 1040981,
                              "Actual Loops": 7,
                              "Filter": "(info_type_id < 8)",
                              "Rows Removed by Filter": 1078408
                            },
                            {
                              "Node Type": "Hash",
                              "Parent Relationship": "Inner",
                              "Parallel Aware": true,
                              "Startup Cost": 45479.59,
                              "Total Cost": 45479.59,
                              "Plan Rows": 169404,
                              "Plan Width": 4,
                              "Actual Startup Time": 117.938,
                              "Actual Total Time": 117.941,
                              "Actual Rows": 82326,
                              "Actual Loops": 7,
                              "Hash Buckets": 1048576,
                              "Original Hash Buckets": 1048576,
                              "Hash Batches": 1,
                              "Original Hash Batches": 1,
                              "Peak Memory Usage": 30848,
                              "Plans": [
                                {
                                  "Node Type": "Seq Scan",
                                  "Parent Relationship": "Outer",
                                  "Parallel Aware": true,
                                  "Relation Name": "title",
                                  "Alias": "t",
                                  "Startup Cost": 0.0,
                                  "Total Cost": 45479.59,
                                  "Plan Rows": 169404,
                                  "Plan Width": 4,
                                  "Actual Startup Time": 0.047,
                                  "Actual Total Time": 76.044,
                                  "Actual Rows": 82326,
                                  "Actual Loops": 7,
                                  "Filter": "((kind_id < 7) AND (production_year > 1991))",
                                  "Rows Removed by Filter": 278861
                                }
                              ]
                            }
                          ]
                        }
                      ]
                    }
                  ]
                }
              ]
            }
          ]
        }
      ]
    },
    "Planning Time": 0.529,
    "Triggers": [],
    "Execution Time": 5385.587
  }
]