{
  "Plan": {
    "Node Type": "Aggregate",
    "Strategy": "Plain",
    "Partial Mode": "Finalize",
    "Parallel Aware": false,
    "Startup Cost": 1922545.75,
    "Total Cost": 1922545.76,
    "Plan Rows": 1,
    "Plan Width": 8,
    "Actual Startup Time": 8788.226,
    "Actual Total Time": 8793.522,
    "Actual Rows": 1,
    "Actual Loops": 1,
    "Plans": [
      {
        "Node Type": "Gather",
        "Parent Relationship": "Outer",
        "Parallel Aware": false,
        "Startup Cost": 1922545.64,
        "Total Cost": 1922545.75,
        "Plan Rows": 1,
        "Plan Width": 8,
        "Actual Startup Time": 8788.215,
        "Actual Total Time": 8793.515,
        "Actual Rows": 2,
        "Actual Loops": 1,
        "Workers Planned": 1,
        "Workers Launched": 1,
        "Single Copy": false,
        "Plans": [
          {
            "Node Type": "Aggregate",
            "Strategy": "Plain",
            "Partial Mode": "Partial",
            "Parent Relationship": "Outer",
            "Parallel Aware": false,
            "Startup Cost": 1921545.64,
            "Total Cost": 1921545.65,
            "Plan Rows": 1,
            "Plan Width": 8,
            "Actual Startup Time": 8718.771,
            "Actual Total Time": 8718.778,
            "Actual Rows": 1,
            "Actual Loops": 2,
            "Plans": [
              {
                "Node Type": "Merge Join",
                "Parent Relationship": "Outer",
                "Parallel Aware": false,
                "Join Type": "Inner",
                "Startup Cost": 1820732.9,
                "Total Cost": 1909328.09,
                "Plan Rows": 4887018,
                "Plan Width": 0,
                "Actual Startup Time": 5564.825,
                "Actual Total Time": 8172.944,
                "Actual Rows": 13965644,
                "Actual Loops": 2,
                "Inner Unique": false,
                "Merge Cond": "(t.id = mi.movie_id)",
                "Plans": [
                  {
                    "Node Type": "Sort",
                    "Parent Relationship": "Outer",
                    "Parallel Aware": false,
                    "Startup Cost": 825747.92,
                    "Total Cost": 831050.16,
                    "Plan Rows": 2120896,
                    "Plan Width": 8,
                    "Actual Startup Time": 3530.014,
                    "Actual Total Time": 3888.692,
                    "Actual Rows": 1889489,
                    "Actual Loops": 2,
                    "Sort Key": [
                      "t.id"
                    ],
                    "Sort Method": "quicksort",
                    "Sort Space Used": 138888,
                    "Sort Space Type": "Memory",
                    "Workers": [
                      {
                        "Worker Number": 0,
                        "Sort Method": "quicksort",
                        "Sort Space Used": 136557,
                        "Sort Space Type": "Memory"
                      }
                    ],
                    "Plans": [
                      {
                        "Node Type": "Hash Join",
                        "Parent Relationship": "Outer",
                        "Parallel Aware": true,
                        "Join Type": "Inner",
                        "Startup Cost": 63369.34,
                        "Total Cost": 602881.6,
                        "Plan Rows": 2120896,
                        "Plan Width": 8,
                        "Actual Startup Time": 780.182,
                        "Actual Total Time": 3021.614,
                        "Actual Rows": 1889489,
                        "Actual Loops": 2,
                        "Inner Unique": true,
                        "Hash Cond": "(ci.movie_id = t.id)",
                        "Plans": [
                          {
                            "Node Type": "Seq Scan",
                            "Parent Relationship": "Outer",
                            "Parallel Aware": true,
                            "Relation Name": "cast_info",
                            "Alias": "ci",
                            "Startup Cost": 0.0,
                            "Total Cost": 519069.44,
                            "Plan Rows": 7787727,
                            "Plan Width": 4,
                            "Actual Startup Time": 545.578,
                            "Actual Total Time": 1380.284,
                            "Actual Rows": 6601030,
                            "Actual Loops": 2,
                            "Filter": "(person_id > 2354244)",
                            "Rows Removed by Filter": 11521142
                          },
                          {
                            "Node Type": "Hash",
                            "Parent Relationship": "Inner",
                            "Parallel Aware": true,
                            "Startup Cost": 58306.47,
                            "Total Cost": 58306.47,
                            "Plan Rows": 405030,
                            "Plan Width": 4,
                            "Actual Startup Time": 225.661,
                            "Actual Total Time": 225.663,
                            "Actual Rows": 292880,
                            "Actual Loops": 2,
                            "Hash Buckets": 1048576,
                            "Original Hash Buckets": 1048576,
                            "Hash Batches": 1,
                            "Original Hash Batches": 1,
                            "Peak Memory Usage": 31136,
                            "Plans": [
                              {
                                "Node Type": "Seq Scan",
                                "Parent Relationship": "Outer",
                                "Parallel Aware": true,
                                "Relation Name": "title",
                                "Alias": "t",
                                "Startup Cost": 0.0,
                                "Total Cost": 58306.47,
                                "Plan Rows": 405030,
                                "Plan Width": 4,
                                "Actual Startup Time": 0.035,
                                "Actual Total Time": 152.467,
                                "Actual Rows": 292880,
                                "Actual Loops": 2,
                                "Filter": "((kind_id < 7) AND (production_year > 1990))",
                                "Rows Removed by Filter": 971276
                              }
                            ]
                          }
                        ]
                      }
                    ]
                  },
                  {
                    "Node Type": "Sort",
                    "Parent Relationship": "Inner",
                    "Parallel Aware": false,
                    "Startup Cost": 994984.76,
                    "Total Cost": 1009549.14,
                    "Plan Rows": 5825750,
                    "Plan Width": 4,
                    "Actual Startup Time": 2034.797,
                    "Actual Total Time": 2699.4,
                    "Actual Rows": 17468444,
                    "Actual Loops": 2,
                    "Sort Key": [
                      "mi.movie_id"
                    ],
                    "Sort Method": "quicksort",
                    "Sort Space Used": 472466,
                    "Sort Space Type": "Memory",
                    "Workers": [
                      {
                        "Worker Number": 0,
                        "Sort Method": "quicksort",
                        "Sort Space Used": 472466,
                        "Sort Space Type": "Memory"
                      }
                    ],
                    "Plans": [
                      {
                        "Node Type": "Bitmap Heap Scan",
                        "Parent Relationship": "Outer",
                        "Parallel Aware": false,
                        "Relation Name": "movie_info",
                        "Alias": "mi",
                        "Startup Cost": 105530.0,
                        "Total Cost": 340344.87,
                        "Plan Rows": 5825750,
                        "Plan Width": 4,
                        "Actual Startup Time": 204.229,
                        "Actual Total Time": 804.423,
                        "Actual Rows": 5884963,
                        "Actual Loops": 2,
                        "Recheck Cond": "(info_type_id < 7)",
                        "Rows Removed by Index Recheck": 0,
                        "Exact Heap Blocks": 39951,
                        "Lossy Heap Blocks": 0,
                        "Plans": [
                          {
                            "Node Type": "Bitmap Index Scan",
                            "Parent Relationship": "Outer",
                            "Parallel Aware": false,
                            "Index Name": "info_type_id_movie_info",
                            "Startup Cost": 0.0,
                            "Total Cost": 104073.56,
                            "Plan Rows": 5825750,
                            "Plan Width": 0,
                            "Actual Startup Time": 198.766,
                            "Actual Total Time": 198.766,
                            "Actual Rows": 5884963,
                            "Actual Loops": 2,
                            "Index Cond": "(info_type_id < 7)"
                          }
                        ]
                      }
                    ]
                  }
                ]
              }
            ]
          }
        ]
      }
    ]
  },
  "Planning Time": 1.08,
  "Triggers": [],
  "Execution Time": 8822.788
}