{
  "Plan": {
    "Node Type": "Aggregate",
    "Strategy": "Plain",
    "Partial Mode": "Finalize",
    "Parallel Aware": false,
    "Startup Cost": 99331.86,
    "Total Cost": 99331.87,
    "Plan Rows": 1,
    "Plan Width": 8,
    "Actual Startup Time": 404.949,
    "Actual Total Time": 415.211,
    "Actual Rows": 1,
    "Actual Loops": 1,
    "Plans": [
      {
        "Node Type": "Gather",
        "Parent Relationship": "Outer",
        "Parallel Aware": false,
        "Startup Cost": 99331.75,
        "Total Cost": 99331.86,
        "Plan Rows": 1,
        "Plan Width": 8,
        "Actual Startup Time": 404.055,
        "Actual Total Time": 415.205,
        "Actual Rows": 2,
        "Actual Loops": 1,
        "Workers Planned": 1,
        "Workers Launched": 1,
        "Single Copy": false,
        "Plans": [
          {
            "Node Type": "Aggregate",
            "Strategy": "Plain",
            "Partial Mode": "Partial",
            "Parent Relationship": "Outer",
            "Parallel Aware": false,
            "Startup Cost": 98331.75,
            "Total Cost": 98331.76,
            "Plan Rows": 1,
            "Plan Width": 8,
            "Actual Startup Time": 397.906,
            "Actual Total Time": 397.91,
            "Actual Rows": 1,
            "Actual Loops": 2,
            "Plans": [
              {
                "Node Type": "Hash Join",
                "Parent Relationship": "Outer",
                "Parallel Aware": true,
                "Join Type": "Inner",
                "Startup Cost": 57071.8,
                "Total Cost": 97858.29,
                "Plan Rows": 189384,
                "Plan Width": 0,
                "Actual Startup Time": 163.118,
                "Actual Total Time": 387.011,
                "Actual Rows": 269504,
                "Actual Loops": 2,
                "Inner Unique": true,
                "Hash Cond": "(mc.movie_id = t.id)",
                "Plans": [
                  {
                    "Node Type": "Seq Scan",
                    "Parent Relationship": "Outer",
                    "Parallel Aware": true,
                    "Relation Name": "movie_companies",
                    "Alias": "mc",
                    "Startup Cost": 0.0,
                    "Total Cost": 37974.77,
                    "Plan Rows": 1071128,
                    "Plan Width": 4,
                    "Actual Startup Time": 0.733,
                    "Actual Total Time": 119.084,
                    "Actual Rows": 916968,
                    "Actual Loops": 2,
                    "Filter": "(company_id > 1680)",
                    "Rows Removed by Filter": 387596
                  },
                  {
                    "Node Type": "Hash",
                    "Parent Relationship": "Inner",
                    "Parallel Aware": true,
                    "Startup Cost": 53784.86,
                    "Total Cost": 53784.86,
                    "Plan Rows": 262955,
                    "Plan Width": 4,
                    "Actual Startup Time": 136.201,
                    "Actual Total Time": 136.202,
                    "Actual Rows": 162544,
                    "Actual Loops": 2,
                    "Hash Buckets": 524288,
                    "Original Hash Buckets": 524288,
                    "Hash Batches": 1,
                    "Original Hash Batches": 1,
                    "Peak Memory Usage": 16832,
                    "Plans": [
                      {
                        "Node Type": "Bitmap Heap Scan",
                        "Parent Relationship": "Outer",
                        "Parallel Aware": true,
                        "Relation Name": "title",
                        "Alias": "t",
                        "Startup Cost": 11934.61,
                        "Total Cost": 53784.86,
                        "Plan Rows": 262955,
                        "Plan Width": 4,
                        "Actual Startup Time": 36.158,
                        "Actual Total Time": 101.018,
                        "Actual Rows": 162544,
                        "Actual Loops": 2,
                        "Recheck Cond": "(kind_id = 1)",
                        "Rows Removed by Index Recheck": 0,
                        "Filter": "(production_year > 1992)",
                        "Rows Removed by Filter": 168868,
                        "Exact Heap Blocks": 8218,
                        "Lossy Heap Blocks": 0,
                        "Plans": [
                          {
                            "Node Type": "Bitmap Index Scan",
                            "Parent Relationship": "Outer",
                            "Parallel Aware": false,
                            "Index Name": "kind_id_title",
                            "Startup Cost": 0.0,
                            "Total Cost": 11822.85,
                            "Plan Rows": 663256,
                            "Plan Width": 0,
                            "Actual Startup Time": 34.398,
                            "Actual Total Time": 34.398,
                            "Actual Rows": 662825,
                            "Actual Loops": 1,
                            "Index Cond": "(kind_id = 1)"
                          }
                        ]
                      }
                    ]
                  }
                ]
              }
            ]
          }
        ]
      }
    ]
  },
  "Planning Time": 0.671,
  "Triggers": [],
  "Execution Time": 415.3
}