[
  {
    "Plan": {
      "Node Type": "Aggregate",
      "Strategy": "Plain",
      "Partial Mode": "Simple",
      "Parallel Aware": false,
      "Startup Cost": 23841.13,
      "Total Cost": 23841.14,
      "Plan Rows": 1,
      "Plan Width": 8,
      "Actual Startup Time": 9.106,
      "Actual Total Time": 9.107,
      "Actual Rows": 1,
      "Actual Loops": 1,
      "Plans": [
        {
          "Node Type": "Index Only Scan",
          "Parent Relationship": "Outer",
          "Parallel Aware": false,
          "Scan Direction": "Forward",
          "Index Name": "person_id_cast_info",
          "Relation Name": "cast_info",
          "Alias": "ci",
          "Startup Cost": 0.56,
          "Total Cost": 23811.12,
          "Plan Rows": 12003,
          "Plan Width": 0,
          "Actual Startup Time": 0.054,
          "Actual Total Time": 7.3,
          "Actual Rows": 11821,
          "Actual Loops": 1,
          "Index Cond": "(person_id > 4059953)",
          "Rows Removed by Index Recheck": 0,
          "Heap Fetches": 11821
        }
      ]
    },
    "Planning Time": 0.254,
    "Triggers": [],
    "Execution Time": 9.15
  }
]