[
  {
    "Plan": {
      "Node Type": "Aggregate",
      "Strategy": "Plain",
      "Partial Mode": "Finalize",
      "Parallel Aware": false,
      "Startup Cost": 60972.26,
      "Total Cost": 60972.27,
      "Plan Rows": 1,
      "Plan Width": 8,
      "Actual Startup Time": 180.146,
      "Actual Total Time": 187.327,
      "Actual Rows": 1,
      "Actual Loops": 1,
      "Plans": [
        {
          "Node Type": "Gather",
          "Parent Relationship": "Outer",
          "Parallel Aware": false,
          "Startup Cost": 60972.04,
          "Total Cost": 60972.25,
          "Plan Rows": 2,
          "Plan Width": 8,
          "Actual Startup Time": 179.765,
          "Actual Total Time": 187.321,
          "Actual Rows": 3,
          "Actual Loops": 1,
          "Workers Planned": 2,
          "Workers Launched": 2,
          "Single Copy": false,
          "Plans": [
            {
              "Node Type": "Aggregate",
              "Strategy": "Plain",
              "Partial Mode": "Partial",
              "Parent Relationship": "Outer",
              "Parallel Aware": false,
              "Startup Cost": 59972.04,
              "Total Cost": 59972.05,
              "Plan Rows": 1,
              "Plan Width": 8,
              "Actual Startup Time": 173.398,
              "Actual Total Time": 173.401,
              "Actual Rows": 1,
              "Actual Loops": 3,
              "Plans": [
                {
                  "Node Type": "Hash Join",
                  "Parent Relationship": "Outer",
                  "Parallel Aware": true,
                  "Join Type": "Inner",
                  "Startup Cost": 44321.99,
                  "Total Cost": 59946.46,
                  "Plan Rows": 10234,
                  "Plan Width": 0,
                  "Actual Startup Time": 128.202,
                  "Actual Total Time": 173.06,
                  "Actual Rows": 5408,
                  "Actual Loops": 3,
                  "Inner Unique": true,
                  "Hash Cond": "(mi_idx.movie_id = t.id)",
                  "Plans": [
                    {
                      "Node Type": "Seq Scan",
                      "Parent Relationship": "Outer",
                      "Parallel Aware": true,
                      "Relation Name": "movie_info_idx",
                      "Alias": "mi_idx",
                      "Startup Cost": 0.0,
                      "Total Cost": 15122.68,
                      "Plan Rows": 191154,
                      "Plan Width": 4,
                      "Actual Startup Time": 0.017,
                      "Actual Total Time": 39.796,
                      "Actual Rows": 153395,
                      "Actual Loops": 3,
                      "Filter": "(info_type_id > 100)",
                      "Rows Removed by Filter": 306617
                    },
                    {
                      "Node Type": "Hash",
                      "Parent Relationship": "Inner",
                      "Parallel Aware": true,
                      "Startup Cost": 43899.01,
                      "Total Cost": 43899.01,
                      "Plan Rows": 33839,
                      "Plan Width": 4,
                      "Actual Startup Time": 110.036,
                      "Actual Total Time": 110.037,
                      "Actual Rows": 45306,
                      "Actual Loops": 3,
                      "Hash Buckets": 262144,
                      "Original Hash Buckets": 262144,
                      "Hash Batches": 1,
                      "Original Hash Batches": 1,
                      "Peak Memory Usage": 7392,
                      "Plans": [
                        {
                          "Node Type": "Seq Scan",
                          "Parent Relationship": "Outer",
                          "Parallel Aware": true,
                          "Relation Name": "title",
                          "Alias": "t",
                          "Startup Cost": 0.0,
                          "Total Cost": 43899.01,
                          "Plan Rows": 33839,
                          "Plan Width": 4,
                          "Actual Startup Time": 27.863,
                          "Actual Total Time": 99.353,
                          "Actual Rows": 45306,
                          "Actual Loops": 3,
                          "Filter": "(production_year < 1938)",
                          "Rows Removed by Filter": 797465
                        }
                      ]
                    }
                  ]
                }
              ]
            }
          ]
        }
      ]
    },
    "Planning Time": 0.2,
    "Triggers": [],
    "Execution Time": 187.36
  }
]