[
    {
        "Bao": {
            "Bao prediction": "NaN",
            "Bao recommended hint": "(no hint)"
        }
    },
    {
        "Plan": {
            "Node Type": "Aggregate",
            "Strategy": "Plain",
            "Partial Mode": "Simple",
            "Parallel Aware": false,
            "Startup Cost": 18651.37,
            "Total Cost": 18651.38,
            "Plan Rows": 1,
            "Plan Width": 8,
            "Actual Startup Time": 4.3,
            "Actual Total Time": 4.302,
            "Actual Rows": 1,
            "Actual Loops": 1,
            "Output": [
                "count(*)"
            ],
            "Plans": [
                {
                    "Node Type": "Bitmap Heap Scan",
                    "Parent Relationship": "Outer",
                    "Parallel Aware": false,
                    "Relation Name": "movie_info",
                    "Schema": "public",
                    "Alias": "mi",
                    "Startup Cost": 102.55,
                    "Total Cost": 18637.78,
                    "Plan Rows": 5434,
                    "Plan Width": 0,
                    "Actual Startup Time": 0.652,
                    "Actual Total Time": 3.897,
                    "Actual Rows": 6034,
                    "Actual Loops": 1,
                    "Recheck Cond": "(mi.info_type_id = 57)",
                    "Rows Removed by Index Recheck": 0,
                    "Exact Heap Blocks": 1304,
                    "Lossy Heap Blocks": 0,
                    "Plans": [
                        {
                            "Node Type": "Bitmap Index Scan",
                            "Parent Relationship": "Outer",
                            "Parallel Aware": false,
                            "Index Name": "info_type_id_movie_info",
                            "Startup Cost": 0.0,
                            "Total Cost": 101.19,
                            "Plan Rows": 5434,
                            "Plan Width": 0,
                            "Actual Startup Time": 0.457,
                            "Actual Total Time": 0.458,
                            "Actual Rows": 6034,
                            "Actual Loops": 1,
                            "Index Cond": "(mi.info_type_id = 57)"
                        }
                    ]
                }
            ]
        },
        "Planning Time": 288.297,
        "Triggers": [],
        "Execution Time": 4.351
    }
]