[
  {
    "Plan": {
      "Node Type": "Aggregate",
      "Strategy": "Plain",
      "Partial Mode": "Finalize",
      "Parallel Aware": false,
      "Startup Cost": 443435.11,
      "Total Cost": 443435.12,
      "Plan Rows": 1,
      "Plan Width": 8,
      "Actual Startup Time": 2233.508,
      "Actual Total Time": 2302.837,
      "Actual Rows": 1,
      "Actual Loops": 1,
      "Plans": [
        {
          "Node Type": "Gather",
          "Parent Relationship": "Outer",
          "Parallel Aware": false,
          "Startup Cost": 443434.49,
          "Total Cost": 443435.1,
          "Plan Rows": 6,
          "Plan Width": 8,
          "Actual Startup Time": 2221.798,
          "Actual Total Time": 2302.825,
          "Actual Rows": 7,
          "Actual Loops": 1,
          "Workers Planned": 6,
          "Workers Launched": 6,
          "Single Copy": false,
          "Plans": [
            {
              "Node Type": "Aggregate",
              "Strategy": "Plain",
              "Partial Mode": "Partial",
              "Parent Relationship": "Outer",
              "Parallel Aware": false,
              "Startup Cost": 442434.49,
              "Total Cost": 442434.5,
              "Plan Rows": 1,
              "Plan Width": 8,
              "Actual Startup Time": 2210.779,
              "Actual Total Time": 2211.034,
              "Actual Rows": 1,
              "Actual Loops": 7,
              "Plans": [
                {
                  "Node Type": "Hash Join",
                  "Parent Relationship": "Outer",
                  "Parallel Aware": true,
                  "Join Type": "Inner",
                  "Startup Cost": 84650.76,
                  "Total Cost": 438310.74,
                  "Plan Rows": 1649500,
                  "Plan Width": 0,
                  "Actual Startup Time": 391.705,
                  "Actual Total Time": 2119.266,
                  "Actual Rows": 2163199,
                  "Actual Loops": 7,
                  "Inner Unique": false,
                  "Hash Cond": "(ci.movie_id = t.id)",
                  "Plans": [
                    {
                      "Node Type": "Seq Scan",
                      "Parent Relationship": "Outer",
                      "Parallel Aware": true,
                      "Relation Name": "cast_info",
                      "Alias": "ci",
                      "Startup Cost": 0.0,
                      "Total Cost": 328162.03,
                      "Plan Rows": 5380532,
                      "Plan Width": 4,
                      "Actual Startup Time": 40.194,
                      "Actual Total Time": 636.477,
                      "Actual Rows": 4596081,
                      "Actual Loops": 7,
                      "Filter": "(person_id > 391065)",
                      "Rows Removed by Filter": 581682
                    },
                    {
                      "Node Type": "Hash",
                      "Parent Relationship": "Inner",
                      "Parallel Aware": true,
                      "Startup Cost": 81525.38,
                      "Total Cost": 81525.38,
                      "Plan Rows": 250030,
                      "Plan Width": 8,
                      "Actual Startup Time": 348.062,
                      "Actual Total Time": 348.315,
                      "Actual Rows": 107723,
                      "Actual Loops": 7,
                      "Hash Buckets": 1048576,
                      "Original Hash Buckets": 1048576,
                      "Hash Batches": 1,
                      "Original Hash Batches": 1,
                      "Peak Memory Usage": 37760,
                      "Plans": [
                        {
                          "Node Type": "Hash Join",
                          "Parent Relationship": "Outer",
                          "Parallel Aware": true,
                          "Join Type": "Inner",
                          "Startup Cost": 49116.74,
                          "Total Cost": 81525.38,
                          "Plan Rows": 250030,
                          "Plan Width": 8,
                          "Actual Startup Time": 222.049,
                          "Actual Total Time": 303.742,
                          "Actual Rows": 107723,
                          "Actual Loops": 7,
                          "Inner Unique": true,
                          "Hash Cond": "(mc.movie_id = t.id)",
                          "Plans": [
                            {
                              "Node Type": "Seq Scan",
                              "Parent Relationship": "Outer",
                              "Parallel Aware": true,
                              "Relation Name": "movie_companies",
                              "Alias": "mc",
                              "Startup Cost": 0.0,
                              "Total Cost": 31414.82,
                              "Plan Rows": 378599,
                              "Plan Width": 4,
                              "Actual Startup Time": 21.4,
                              "Actual Total Time": 46.59,
                              "Actual Rows": 147962,
                              "Actual Loops": 7,
                              "Filter": "((company_id < 94484) AND (company_type_id > 1))",
                              "Rows Removed by Filter": 224771
                            },
                            {
                              "Node Type": "Hash",
                              "Parent Relationship": "Inner",
                              "Parallel Aware": true,
                              "Startup Cost": 43898.92,
                              "Total Cost": 43898.92,
                              "Plan Rows": 417426,
                              "Plan Width": 4,
                              "Actual Startup Time": 197.867,
                              "Actual Total Time": 197.869,
                              "Actual Rows": 238756,
                              "Actual Loops": 7,
                              "Hash Buckets": 2097152,
                              "Original Hash Buckets": 2097152,
                              "Hash Batches": 1,
                              "Original Hash Batches": 1,
                              "Peak Memory Usage": 81888,
                              "Plans": [
                                {
                                  "Node Type": "Seq Scan",
                                  "Parent Relationship": "Outer",
                                  "Parallel Aware": true,
                                  "Relation Name": "title",
                                  "Alias": "t",
                                  "Startup Cost": 0.0,
                                  "Total Cost": 43898.92,
                                  "Plan Rows": 417426,
                                  "Plan Width": 4,
                                  "Actual Startup Time": 0.052,
                                  "Actual Total Time": 80.91,
                                  "Actual Rows": 238756,
                                  "Actual Loops": 7,
                                  "Filter": "(production_year < 2008)",
                                  "Rows Removed by Filter": 122431
                                }
                              ]
                            }
                          ]
                        }
                      ]
                    }
                  ]
                }
              ]
            }
          ]
        }
      ]
    },
    "Planning Time": 1.376,
    "Triggers": [],
    "Execution Time": 2302.939
  }
]