[
  {
    "Plan": {
      "Node Type": "Aggregate",
      "Strategy": "Plain",
      "Partial Mode": "Finalize",
      "Parallel Aware": false,
      "Startup Cost": 90377.96,
      "Total Cost": 90377.97,
      "Plan Rows": 1,
      "Plan Width": 8,
      "Actual Startup Time": 240.091,
      "Actual Total Time": 259.412,
      "Actual Rows": 1,
      "Actual Loops": 1,
      "Plans": [
        {
          "Node Type": "Gather",
          "Parent Relationship": "Outer",
          "Parallel Aware": false,
          "Startup Cost": 90377.64,
          "Total Cost": 90377.95,
          "Plan Rows": 3,
          "Plan Width": 8,
          "Actual Startup Time": 239.511,
          "Actual Total Time": 259.403,
          "Actual Rows": 4,
          "Actual Loops": 1,
          "Workers Planned": 3,
          "Workers Launched": 3,
          "Single Copy": false,
          "Plans": [
            {
              "Node Type": "Aggregate",
              "Strategy": "Plain",
              "Partial Mode": "Partial",
              "Parent Relationship": "Outer",
              "Parallel Aware": false,
              "Startup Cost": 89377.64,
              "Total Cost": 89377.65,
              "Plan Rows": 1,
              "Plan Width": 8,
              "Actual Startup Time": 230.631,
              "Actual Total Time": 230.634,
              "Actual Rows": 1,
              "Actual Loops": 4,
              "Plans": [
                {
                  "Node Type": "Hash Join",
                  "Parent Relationship": "Outer",
                  "Parallel Aware": true,
                  "Join Type": "Inner",
                  "Startup Cost": 45580.42,
                  "Total Cost": 89364.35,
                  "Plan Rows": 5317,
                  "Plan Width": 0,
                  "Actual Startup Time": 131.533,
                  "Actual Total Time": 230.358,
                  "Actual Rows": 4388,
                  "Actual Loops": 4,
                  "Inner Unique": true,
                  "Hash Cond": "(mk.movie_id = t.id)",
                  "Plans": [
                    {
                      "Node Type": "Seq Scan",
                      "Parent Relationship": "Outer",
                      "Parallel Aware": true,
                      "Relation Name": "movie_keyword",
                      "Alias": "mk",
                      "Startup Cost": 0.0,
                      "Total Cost": 42695.65,
                      "Plan Rows": 414581,
                      "Plan Width": 4,
                      "Actual Startup Time": 0.025,
                      "Actual Total Time": 93.398,
                      "Actual Rows": 324260,
                      "Actual Loops": 4,
                      "Filter": "(keyword_id < 1684)",
                      "Rows Removed by Filter": 806722
                    },
                    {
                      "Node Type": "Hash",
                      "Parent Relationship": "Inner",
                      "Parallel Aware": true,
                      "Startup Cost": 45479.1,
                      "Total Cost": 45479.1,
                      "Plan Rows": 8106,
                      "Plan Width": 4,
                      "Actual Startup Time": 105.615,
                      "Actual Total Time": 105.616,
                      "Actual Rows": 21314,
                      "Actual Loops": 4,
                      "Hash Buckets": 131072,
                      "Original Hash Buckets": 32768,
                      "Hash Batches": 1,
                      "Original Hash Batches": 1,
                      "Peak Memory Usage": 5184,
                      "Plans": [
                        {
                          "Node Type": "Seq Scan",
                          "Parent Relationship": "Outer",
                          "Parallel Aware": true,
                          "Relation Name": "title",
                          "Alias": "t",
                          "Startup Cost": 0.0,
                          "Total Cost": 45479.1,
                          "Plan Rows": 8106,
                          "Plan Width": 4,
                          "Actual Startup Time": 63.654,
                          "Actual Total Time": 96.333,
                          "Actual Rows": 21314,
                          "Actual Loops": 4,
                          "Filter": "((kind_id < 7) AND (production_year < 1920))",
                          "Rows Removed by Filter": 610764
                        }
                      ]
                    }
                  ]
                }
              ]
            }
          ]
        }
      ]
    },
    "Planning Time": 0.625,
    "Triggers": [],
    "Execution Time": 259.483
  }
]