[
  {
    "Plan": {
      "Node Type": "Aggregate",
      "Strategy": "Plain",
      "Partial Mode": "Finalize",
      "Parallel Aware": false,
      "Startup Cost": 236803.4,
      "Total Cost": 236803.41,
      "Plan Rows": 1,
      "Plan Width": 8,
      "Actual Startup Time": 355.75,
      "Actual Total Time": 374.445,
      "Actual Rows": 1,
      "Actual Loops": 1,
      "Plans": [
        {
          "Node Type": "Gather",
          "Parent Relationship": "Outer",
          "Parallel Aware": false,
          "Startup Cost": 236802.88,
          "Total Cost": 236803.39,
          "Plan Rows": 5,
          "Plan Width": 8,
          "Actual Startup Time": 350.489,
          "Actual Total Time": 374.437,
          "Actual Rows": 6,
          "Actual Loops": 1,
          "Workers Planned": 5,
          "Workers Launched": 5,
          "Single Copy": false,
          "Plans": [
            {
              "Node Type": "Aggregate",
              "Strategy": "Plain",
              "Partial Mode": "Partial",
              "Parent Relationship": "Outer",
              "Parallel Aware": false,
              "Startup Cost": 235802.88,
              "Total Cost": 235802.89,
              "Plan Rows": 1,
              "Plan Width": 8,
              "Actual Startup Time": 339.759,
              "Actual Total Time": 339.888,
              "Actual Rows": 1,
              "Actual Loops": 6,
              "Plans": [
                {
                  "Node Type": "Hash Join",
                  "Parent Relationship": "Outer",
                  "Parallel Aware": true,
                  "Join Type": "Inner",
                  "Startup Cost": 72268.99,
                  "Total Cost": 235761.95,
                  "Plan Rows": 16371,
                  "Plan Width": 0,
                  "Actual Startup Time": 298.54,
                  "Actual Total Time": 336.502,
                  "Actual Rows": 60686,
                  "Actual Loops": 6,
                  "Inner Unique": false,
                  "Hash Cond": "(mi.movie_id = t.id)",
                  "Plans": [
                    {
                      "Node Type": "Bitmap Heap Scan",
                      "Parent Relationship": "Outer",
                      "Parallel Aware": true,
                      "Relation Name": "movie_info",
                      "Alias": "mi",
                      "Startup Cost": 8135.65,
                      "Total Cost": 171250.98,
                      "Plan Rows": 89786,
                      "Plan Width": 4,
                      "Actual Startup Time": 15.233,
                      "Actual Total Time": 31.844,
                      "Actual Rows": 71442,
                      "Actual Loops": 6,
                      "Recheck Cond": "(info_type_id > 104)",
                      "Rows Removed by Index Recheck": 0,
                      "Exact Heap Blocks": 1081,
                      "Lossy Heap Blocks": 0,
                      "Plans": [
                        {
                          "Node Type": "Bitmap Index Scan",
                          "Parent Relationship": "Outer",
                          "Parallel Aware": false,
                          "Index Name": "info_type_id_movie_info",
                          "Startup Cost": 0.0,
                          "Total Cost": 8023.42,
                          "Plan Rows": 448931,
                          "Plan Width": 0,
                          "Actual Startup Time": 14.173,
                          "Actual Total Time": 14.173,
                          "Actual Rows": 428651,
                          "Actual Loops": 1,
                          "Index Cond": "(info_type_id > 104)"
                        }
                      ]
                    },
                    {
                      "Node Type": "Hash",
                      "Parent Relationship": "Inner",
                      "Parallel Aware": true,
                      "Startup Cost": 62692.79,
                      "Total Cost": 62692.79,
                      "Plan Rows": 115244,
                      "Plan Width": 8,
                      "Actual Startup Time": 280.79,
                      "Actual Total Time": 280.917,
                      "Actual Rows": 76698,
                      "Actual Loops": 6,
                      "Hash Buckets": 524288,
                      "Original Hash Buckets": 524288,
                      "Hash Batches": 1,
                      "Original Hash Batches": 1,
                      "Peak Memory Usage": 22240,
                      "Plans": [
                        {
                          "Node Type": "Hash Join",
                          "Parent Relationship": "Outer",
                          "Parallel Aware": true,
                          "Join Type": "Inner",
                          "Startup Cost": 17523.61,
                          "Total Cost": 62692.79,
                          "Plan Rows": 115244,
                          "Plan Width": 8,
                          "Actual Startup Time": 76.044,
                          "Actual Total Time": 248.742,
                          "Actual Rows": 76698,
                          "Actual Loops": 6,
                          "Inner Unique": false,
                          "Hash Cond": "(t.id = mi_idx.movie_id)",
                          "Plans": [
                            {
                              "Node Type": "Seq Scan",
                              "Parent Relationship": "Outer",
                              "Parallel Aware": true,
                              "Relation Name": "title",
                              "Alias": "t",
                              "Startup Cost": 0.0,
                              "Total Cost": 42318.73,
                              "Plan Rows": 632073,
                              "Plan Width": 4,
                              "Actual Startup Time": 0.012,
                              "Actual Total Time": 63.492,
                              "Actual Rows": 421385,
                              "Actual Loops": 6
                            },
                            {
                              "Node Type": "Hash",
                              "Parent Relationship": "Inner",
                              "Parallel Aware": true,
                              "Startup Cost": 15122.68,
                              "Total Cost": 15122.68,
                              "Plan Rows": 192074,
                              "Plan Width": 4,
                              "Actual Startup Time": 74.88,
                              "Actual Total Time": 74.881,
                              "Actual Rows": 76698,
                              "Actual Loops": 6,
                              "Hash Buckets": 524288,
                              "Original Hash Buckets": 524288,
                              "Hash Batches": 1,
                              "Original Hash Batches": 1,
                              "Peak Memory Usage": 22208,
                              "Plans": [
                                {
                                  "Node Type": "Seq Scan",
                                  "Parent Relationship": "Outer",
                                  "Parallel Aware": true,
                                  "Relation Name": "movie_info_idx",
                                  "Alias": "mi_idx",
                                  "Startup Cost": 0.0,
                                  "Total Cost": 15122.68,
                                  "Plan Rows": 192074,
                                  "Plan Width": 4,
                                  "Actual Startup Time": 0.072,
                                  "Actual Total Time": 37.333,
                                  "Actual Rows": 76698,
                                  "Actual Loops": 6,
                                  "Filter": "(info_type_id > 100)",
                                  "Rows Removed by Filter": 153308
                                }
                              ]
                            }
                          ]
                        }
                      ]
                    }
                  ]
                }
              ]
            }
          ]
        }
      ]
    },
    "Planning Time": 1.357,
    "Triggers": [],
    "Execution Time": 374.549
  }
]