[
  {
    "Plan": {
      "Node Type": "Aggregate",
      "Strategy": "Plain",
      "Partial Mode": "Finalize",
      "Parallel Aware": false,
      "Startup Cost": 47325.31,
      "Total Cost": 47325.32,
      "Plan Rows": 1,
      "Plan Width": 8,
      "Actual Startup Time": 117.999,
      "Actual Total Time": 130.308,
      "Actual Rows": 1,
      "Actual Loops": 1,
      "Plans": [
        {
          "Node Type": "Gather",
          "Parent Relationship": "Outer",
          "Parallel Aware": false,
          "Startup Cost": 47324.89,
          "Total Cost": 47325.3,
          "Plan Rows": 4,
          "Plan Width": 8,
          "Actual Startup Time": 117.748,
          "Actual Total Time": 130.3,
          "Actual Rows": 5,
          "Actual Loops": 1,
          "Workers Planned": 4,
          "Workers Launched": 4,
          "Single Copy": false,
          "Plans": [
            {
              "Node Type": "Aggregate",
              "Strategy": "Plain",
              "Partial Mode": "Partial",
              "Parent Relationship": "Outer",
              "Parallel Aware": false,
              "Startup Cost": 46324.89,
              "Total Cost": 46324.9,
              "Plan Rows": 1,
              "Plan Width": 8,
              "Actual Startup Time": 108.348,
              "Actual Total Time": 108.349,
              "Actual Rows": 1,
              "Actual Loops": 5,
              "Plans": [
                {
                  "Node Type": "Seq Scan",
                  "Parent Relationship": "Outer",
                  "Parallel Aware": true,
                  "Relation Name": "title",
                  "Alias": "t",
                  "Startup Cost": 0.0,
                  "Total Cost": 45479.1,
                  "Plan Rows": 338318,
                  "Plan Width": 0,
                  "Actual Startup Time": 0.043,
                  "Actual Total Time": 93.051,
                  "Actual Rows": 286403,
                  "Actual Loops": 5,
                  "Filter": "((production_year > 1959) AND (kind_id = 7))",
                  "Rows Removed by Filter": 219260
                }
              ]
            }
          ]
        }
      ]
    },
    "Planning Time": 0.191,
    "Triggers": [],
    "Execution Time": 130.369
  }
]