{
    "Plan": {
        "Node Type": "Aggregate",
        "Strategy": "Plain",
        "Partial Mode": "Finalize",
        "Parallel Aware": false,
        "Startup Cost": 108474.26,
        "Total Cost": 108474.27,
        "Plan Rows": 1,
        "Plan Width": 8,
        "Actual Startup Time": 688.005,
        "Actual Total Time": 715.771,
        "Actual Rows": 1,
        "Actual Loops": 1,
        "Output": [
            "count(*)"
        ],
        "Plans": [
            {
                "Node Type": "Gather",
                "Parent Relationship": "Outer",
                "Parallel Aware": false,
                "Startup Cost": 108473.94,
                "Total Cost": 108474.25,
                "Plan Rows": 3,
                "Plan Width": 8,
                "Actual Startup Time": 685.054,
                "Actual Total Time": 715.756,
                "Actual Rows": 4,
                "Actual Loops": 1,
                "Output": [
                    "(PARTIAL count(*))"
                ],
                "Workers Planned": 3,
                "Workers Launched": 3,
                "Single Copy": false,
                "Plans": [
                    {
                        "Node Type": "Aggregate",
                        "Strategy": "Plain",
                        "Partial Mode": "Partial",
                        "Parent Relationship": "Outer",
                        "Parallel Aware": false,
                        "Startup Cost": 107473.94,
                        "Total Cost": 107473.95,
                        "Plan Rows": 1,
                        "Plan Width": 8,
                        "Actual Startup Time": 675.849,
                        "Actual Total Time": 676.152,
                        "Actual Rows": 1,
                        "Actual Loops": 4,
                        "Output": [
                            "PARTIAL count(*)"
                        ],
                        "Workers": [
                            {
                                "Worker Number": 0,
                                "Actual Startup Time": 673.008,
                                "Actual Total Time": 673.015,
                                "Actual Rows": 1,
                                "Actual Loops": 1
                            },
                            {
                                "Worker Number": 1,
                                "Actual Startup Time": 673.082,
                                "Actual Total Time": 673.086,
                                "Actual Rows": 1,
                                "Actual Loops": 1
                            },
                            {
                                "Worker Number": 2,
                                "Actual Startup Time": 673.043,
                                "Actual Total Time": 673.047,
                                "Actual Rows": 1,
                                "Actual Loops": 1
                            }
                        ],
                        "Plans": [
                            {
                                "Node Type": "Hash Join",
                                "Parent Relationship": "Outer",
                                "Parallel Aware": true,
                                "Join Type": "Inner",
                                "Startup Cost": 64112.74,
                                "Total Cost": 107409.12,
                                "Plan Rows": 25930,
                                "Plan Width": 0,
                                "Actual Startup Time": 514.115,
                                "Actual Total Time": 671.819,
                                "Actual Rows": 73783,
                                "Actual Loops": 4,
                                "Inner Unique": false,
                                "Hash Cond": "(mk.movie_id = t.id)",
                                "Workers": [
                                    {
                                        "Worker Number": 0,
                                        "Actual Startup Time": 510.876,
                                        "Actual Total Time": 668.653,
                                        "Actual Rows": 54856,
                                        "Actual Loops": 1
                                    },
                                    {
                                        "Worker Number": 1,
                                        "Actual Startup Time": 511.465,
                                        "Actual Total Time": 668.988,
                                        "Actual Rows": 83350,
                                        "Actual Loops": 1
                                    },
                                    {
                                        "Worker Number": 2,
                                        "Actual Startup Time": 511.423,
                                        "Actual Total Time": 668.957,
                                        "Actual Rows": 83158,
                                        "Actual Loops": 1
                                    }
                                ],
                                "Plans": [
                                    {
                                        "Node Type": "Seq Scan",
                                        "Parent Relationship": "Outer",
                                        "Parallel Aware": true,
                                        "Relation Name": "movie_keyword",
                                        "Schema": "public",
                                        "Alias": "mk",
                                        "Startup Cost": 0.0,
                                        "Total Cost": 42695.65,
                                        "Plan Rows": 142904,
                                        "Plan Width": 4,
                                        "Actual Startup Time": 0.018,
                                        "Actual Total Time": 115.703,
                                        "Actual Rows": 110633,
                                        "Actual Loops": 4,
                                        "Output": [
                                            "mk.id",
                                            "mk.movie_id",
                                            "mk.keyword_id"
                                        ],
                                        "Filter": "(mk.keyword_id < 347)",
                                        "Rows Removed by Filter": 1020350,
                                        "Workers": [
                                            {
                                                "Worker Number": 0,
                                                "Actual Startup Time": 0.018,
                                                "Actual Total Time": 118.546,
                                                "Actual Rows": 82949,
                                                "Actual Loops": 1
                                            },
                                            {
                                                "Worker Number": 1,
                                                "Actual Startup Time": 0.015,
                                                "Actual Total Time": 116.947,
                                                "Actual Rows": 124640,
                                                "Actual Loops": 1
                                            },
                                            {
                                                "Worker Number": 2,
                                                "Actual Startup Time": 0.022,
                                                "Actual Total Time": 116.757,
                                                "Actual Rows": 123540,
                                                "Actual Loops": 1
                                            }
                                        ]
                                    },
                                    {
                                        "Node Type": "Hash",
                                        "Parent Relationship": "Inner",
                                        "Parallel Aware": true,
                                        "Startup Cost": 62679.09,
                                        "Total Cost": 62679.09,
                                        "Plan Rows": 114692,
                                        "Plan Width": 8,
                                        "Actual Startup Time": 510.549,
                                        "Actual Total Time": 510.849,
                                        "Actual Rows": 114981,
                                        "Actual Loops": 4,
                                        "Output": [
                                            "t.id",
                                            "mi_idx.movie_id"
                                        ],
                                        "Hash Buckets": 524288,
                                        "Original Hash Buckets": 524288,
                                        "Hash Batches": 1,
                                        "Original Hash Batches": 1,
                                        "Peak Memory Usage": 22144,
                                        "Workers": [
                                            {
                                                "Worker Number": 0,
                                                "Actual Startup Time": 510.034,
                                                "Actual Total Time": 510.038,
                                                "Actual Rows": 89333,
                                                "Actual Loops": 1
                                            },
                                            {
                                                "Worker Number": 1,
                                                "Actual Startup Time": 510.836,
                                                "Actual Total Time": 510.839,
                                                "Actual Rows": 134092,
                                                "Actual Loops": 1
                                            },
                                            {
                                                "Worker Number": 2,
                                                "Actual Startup Time": 510.79,
                                                "Actual Total Time": 510.794,
                                                "Actual Rows": 132258,
                                                "Actual Loops": 1
                                            }
                                        ],
                                        "Plans": [
                                            {
                                                "Node Type": "Hash Join",
                                                "Parent Relationship": "Outer",
                                                "Parallel Aware": true,
                                                "Join Type": "Inner",
                                                "Startup Cost": 17512.11,
                                                "Total Cost": 62679.09,
                                                "Plan Rows": 114692,
                                                "Plan Width": 8,
                                                "Actual Startup Time": 150.652,
                                                "Actual Total Time": 434.696,
                                                "Actual Rows": 114981,
                                                "Actual Loops": 4,
                                                "Output": [
                                                    "t.id",
                                                    "mi_idx.movie_id"
                                                ],
                                                "Inner Unique": false,
                                                "Hash Cond": "(t.id = mi_idx.movie_id)",
                                                "Workers": [
                                                    {
                                                        "Worker Number": 0,
                                                        "Actual Startup Time": 150.39,
                                                        "Actual Total Time": 435.194,
                                                        "Actual Rows": 89333,
                                                        "Actual Loops": 1
                                                    },
                                                    {
                                                        "Worker Number": 1,
                                                        "Actual Startup Time": 150.622,
                                                        "Actual Total Time": 434.619,
                                                        "Actual Rows": 134092,
                                                        "Actual Loops": 1
                                                    },
                                                    {
                                                        "Worker Number": 2,
                                                        "Actual Startup Time": 150.765,
                                                        "Actual Total Time": 434.271,
                                                        "Actual Rows": 132258,
                                                        "Actual Loops": 1
                                                    }
                                                ],
                                                "Plans": [
                                                    {
                                                        "Node Type": "Seq Scan",
                                                        "Parent Relationship": "Outer",
                                                        "Parallel Aware": true,
                                                        "Relation Name": "title",
                                                        "Schema": "public",
                                                        "Alias": "t",
                                                        "Startup Cost": 0.0,
                                                        "Total Cost": 42318.81,
                                                        "Plan Rows": 632080,
                                                        "Plan Width": 4,
                                                        "Actual Startup Time": 0.025,
                                                        "Actual Total Time": 93.399,
                                                        "Actual Rows": 632078,
                                                        "Actual Loops": 4,
                                                        "Output": [
                                                            "t.id",
                                                            "t.title",
                                                            "t.imdb_index",
                                                            "t.kind_id",
                                                            "t.production_year",
                                                            "t.imdb_id",
                                                            "t.phonetic_code",
                                                            "t.episode_of_id",
                                                            "t.season_nr",
                                                            "t.episode_nr",
                                                            "t.series_years",
                                                            "t.md5sum"
                                                        ],
                                                        "Workers": [
                                                            {
                                                                "Worker Number": 0,
                                                                "Actual Startup Time": 0.035,
                                                                "Actual Total Time": 100.843,
                                                                "Actual Rows": 477208,
                                                                "Actual Loops": 1
                                                            },
                                                            {
                                                                "Worker Number": 1,
                                                                "Actual Startup Time": 0.025,
                                                                "Actual Total Time": 97.519,
                                                                "Actual Rows": 739161,
                                                                "Actual Loops": 1
                                                            },
                                                            {
                                                                "Worker Number": 2,
                                                                "Actual Startup Time": 0.031,
                                                                "Actual Total Time": 97.073,
                                                                "Actual Rows": 731343,
                                                                "Actual Loops": 1
                                                            }
                                                        ]
                                                    },
                                                    {
                                                        "Node Type": "Hash",
                                                        "Parent Relationship": "Inner",
                                                        "Parallel Aware": true,
                                                        "Startup Cost": 15122.68,
                                                        "Total Cost": 15122.68,
                                                        "Plan Rows": 191154,
                                                        "Plan Width": 4,
                                                        "Actual Startup Time": 146.714,
                                                        "Actual Total Time": 146.716,
                                                        "Actual Rows": 114981,
                                                        "Actual Loops": 4,
                                                        "Output": [
                                                            "mi_idx.movie_id"
                                                        ],
                                                        "Hash Buckets": 524288,
                                                        "Original Hash Buckets": 524288,
                                                        "Hash Batches": 1,
                                                        "Original Hash Batches": 1,
                                                        "Peak Memory Usage": 22176,
                                                        "Workers": [
                                                            {
                                                                "Worker Number": 0,
                                                                "Actual Startup Time": 150.261,
                                                                "Actual Total Time": 150.263,
                                                                "Actual Rows": 72407,
                                                                "Actual Loops": 1
                                                            },
                                                            {
                                                                "Worker Number": 1,
                                                                "Actual Startup Time": 150.477,
                                                                "Actual Total Time": 150.478,
                                                                "Actual Rows": 124648,
                                                                "Actual Loops": 1
                                                            },
                                                            {
                                                                "Worker Number": 2,
                                                                "Actual Startup Time": 150.566,
                                                                "Actual Total Time": 150.567,
                                                                "Actual Rows": 122161,
                                                                "Actual Loops": 1
                                                            }
                                                        ],
                                                        "Plans": [
                                                            {
                                                                "Node Type": "Seq Scan",
                                                                "Parent Relationship": "Outer",
                                                                "Parallel Aware": true,
                                                                "Relation Name": "movie_info_idx",
                                                                "Schema": "public",
                                                                "Alias": "mi_idx",
                                                                "Startup Cost": 0.0,
                                                                "Total Cost": 15122.68,
                                                                "Plan Rows": 191154,
                                                                "Plan Width": 4,
                                                                "Actual Startup Time": 0.041,
                                                                "Actual Total Time": 53.992,
                                                                "Actual Rows": 114981,
                                                                "Actual Loops": 4,
                                                                "Output": [
                                                                    "mi_idx.movie_id"
                                                                ],
                                                                "Filter": "(mi_idx.info_type_id < 100)",
                                                                "Rows Removed by Filter": 230028,
                                                                "Workers": [
                                                                    {
                                                                        "Worker Number": 0,
                                                                        "Actual Startup Time": 0.064,
                                                                        "Actual Total Time": 58.367,
                                                                        "Actual Rows": 72407,
                                                                        "Actual Loops": 1
                                                                    },
                                                                    {
                                                                        "Worker Number": 1,
                                                                        "Actual Startup Time": 0.045,
                                                                        "Actual Total Time": 53.354,
                                                                        "Actual Rows": 124648,
                                                                        "Actual Loops": 1
                                                                    },
                                                                    {
                                                                        "Worker Number": 2,
                                                                        "Actual Startup Time": 0.038,
                                                                        "Actual Total Time": 53.628,
                                                                        "Actual Rows": 122161,
                                                                        "Actual Loops": 1
                                                                    }
                                                                ]
                                                            }
                                                        ]
                                                    }
                                                ]
                                            }
                                        ]
                                    }
                                ]
                            }
                        ]
                    }
                ]
            }
        ]
    },
    "Planning Time": 1.476,
    "Triggers": [],
    "Execution Time": 715.936
}