[
  {
    "Plan": {
      "Node Type": "Aggregate",
      "Strategy": "Plain",
      "Partial Mode": "Finalize",
      "Parallel Aware": false,
      "Startup Cost": 27339.74,
      "Total Cost": 27339.75,
      "Plan Rows": 1,
      "Plan Width": 8,
      "Actual Startup Time": 39.765,
      "Actual Total Time": 45.409,
      "Actual Rows": 1,
      "Actual Loops": 1,
      "Plans": [
        {
          "Node Type": "Gather",
          "Parent Relationship": "Outer",
          "Parallel Aware": false,
          "Startup Cost": 27339.52,
          "Total Cost": 27339.73,
          "Plan Rows": 2,
          "Plan Width": 8,
          "Actual Startup Time": 39.595,
          "Actual Total Time": 45.401,
          "Actual Rows": 3,
          "Actual Loops": 1,
          "Workers Planned": 2,
          "Workers Launched": 2,
          "Single Copy": false,
          "Plans": [
            {
              "Node Type": "Aggregate",
              "Strategy": "Plain",
              "Partial Mode": "Partial",
              "Parent Relationship": "Outer",
              "Parallel Aware": false,
              "Startup Cost": 26339.52,
              "Total Cost": 26339.53,
              "Plan Rows": 1,
              "Plan Width": 8,
              "Actual Startup Time": 30.934,
              "Actual Total Time": 30.935,
              "Actual Rows": 1,
              "Actual Loops": 3,
              "Plans": [
                {
                  "Node Type": "Nested Loop",
                  "Parent Relationship": "Outer",
                  "Parallel Aware": false,
                  "Join Type": "Inner",
                  "Startup Cost": 75.98,
                  "Total Cost": 26339.48,
                  "Plan Rows": 15,
                  "Plan Width": 0,
                  "Actual Startup Time": 5.927,
                  "Actual Total Time": 30.851,
                  "Actual Rows": 358,
                  "Actual Loops": 3,
                  "Inner Unique": false,
                  "Join Filter": "(t.id = ci.movie_id)",
                  "Rows Removed by Join Filter": 0,
                  "Plans": [
                    {
                      "Node Type": "Nested Loop",
                      "Parent Relationship": "Outer",
                      "Parallel Aware": false,
                      "Join Type": "Inner",
                      "Startup Cost": 75.42,
                      "Total Cost": 26218.99,
                      "Plan Rows": 1,
                      "Plan Width": 8,
                      "Actual Startup Time": 5.534,
                      "Actual Total Time": 26.193,
                      "Actual Rows": 14,
                      "Actual Loops": 3,
                      "Inner Unique": true,
                      "Plans": [
                        {
                          "Node Type": "Bitmap Heap Scan",
                          "Parent Relationship": "Outer",
                          "Parallel Aware": true,
                          "Relation Name": "movie_info",
                          "Alias": "mi",
                          "Startup Cost": 74.99,
                          "Total Cost": 13863.62,
                          "Plan Rows": 1642,
                          "Plan Width": 4,
                          "Actual Startup Time": 1.384,
                          "Actual Total Time": 5.166,
                          "Actual Rows": 2204,
                          "Actual Loops": 3,
                          "Recheck Cond": "(info_type_id = 62)",
                          "Rows Removed by Index Recheck": 0,
                          "Exact Heap Blocks": 1027,
                          "Lossy Heap Blocks": 0,
                          "Plans": [
                            {
                              "Node Type": "Bitmap Index Scan",
                              "Parent Relationship": "Outer",
                              "Parallel Aware": false,
                              "Index Name": "info_type_id_movie_info",
                              "Startup Cost": 0.0,
                              "Total Cost": 74.0,
                              "Plan Rows": 3942,
                              "Plan Width": 0,
                              "Actual Startup Time": 3.177,
                              "Actual Total Time": 3.178,
                              "Actual Rows": 6613,
                              "Actual Loops": 1,
                              "Index Cond": "(info_type_id = 62)"
                            }
                          ]
                        },
                        {
                          "Node Type": "Index Scan",
                          "Parent Relationship": "Inner",
                          "Parallel Aware": false,
                          "Scan Direction": "Forward",
                          "Index Name": "title_pkey",
                          "Relation Name": "title",
                          "Alias": "t",
                          "Startup Cost": 0.43,
                          "Total Cost": 7.52,
                          "Plan Rows": 1,
                          "Plan Width": 4,
                          "Actual Startup Time": 0.009,
                          "Actual Total Time": 0.009,
                          "Actual Rows": 0,
                          "Actual Loops": 6613,
                          "Index Cond": "(id = mi.movie_id)",
                          "Rows Removed by Index Recheck": 0,
                          "Filter": "(production_year = 1935)",
                          "Rows Removed by Filter": 1
                        }
                      ]
                    },
                    {
                      "Node Type": "Index Scan",
                      "Parent Relationship": "Inner",
                      "Parallel Aware": false,
                      "Scan Direction": "Forward",
                      "Index Name": "movie_id_cast_info",
                      "Relation Name": "cast_info",
                      "Alias": "ci",
                      "Startup Cost": 0.56,
                      "Total Cost": 120.1,
                      "Plan Rows": 32,
                      "Plan Width": 4,
                      "Actual Startup Time": 0.082,
                      "Actual Total Time": 0.317,
                      "Actual Rows": 25,
                      "Actual Loops": 43,
                      "Index Cond": "(movie_id = mi.movie_id)",
                      "Rows Removed by Index Recheck": 0,
                      "Filter": "(person_id > 454040)",
                      "Rows Removed by Filter": 7
                    }
                  ]
                }
              ]
            }
          ]
        }
      ]
    },
    "Planning Time": 1.387,
    "Triggers": [],
    "Execution Time": 45.522
  }
]