[
  {
    "Plan": {
      "Node Type": "Aggregate",
      "Strategy": "Plain",
      "Partial Mode": "Finalize",
      "Parallel Aware": false,
      "Startup Cost": 337728.81,
      "Total Cost": 337728.82,
      "Plan Rows": 1,
      "Plan Width": 8,
      "Actual Startup Time": 777.336,
      "Actual Total Time": 840.943,
      "Actual Rows": 1,
      "Actual Loops": 1,
      "Plans": [
        {
          "Node Type": "Gather",
          "Parent Relationship": "Outer",
          "Parallel Aware": false,
          "Startup Cost": 337728.18,
          "Total Cost": 337728.79,
          "Plan Rows": 6,
          "Plan Width": 8,
          "Actual Startup Time": 777.059,
          "Actual Total Time": 840.933,
          "Actual Rows": 7,
          "Actual Loops": 1,
          "Workers Planned": 6,
          "Workers Launched": 6,
          "Single Copy": false,
          "Plans": [
            {
              "Node Type": "Aggregate",
              "Strategy": "Plain",
              "Partial Mode": "Partial",
              "Parent Relationship": "Outer",
              "Parallel Aware": false,
              "Startup Cost": 336728.18,
              "Total Cost": 336728.19,
              "Plan Rows": 1,
              "Plan Width": 8,
              "Actual Startup Time": 768.403,
              "Actual Total Time": 768.405,
              "Actual Rows": 1,
              "Actual Loops": 7,
              "Plans": [
                {
                  "Node Type": "Seq Scan",
                  "Parent Relationship": "Outer",
                  "Parallel Aware": true,
                  "Relation Name": "cast_info",
                  "Alias": "ci",
                  "Startup Cost": 0.0,
                  "Total Cost": 328162.03,
                  "Plan Rows": 3426463,
                  "Plan Width": 0,
                  "Actual Startup Time": 0.049,
                  "Actual Total Time": 630.927,
                  "Actual Rows": 2941031,
                  "Actual Loops": 7,
                  "Filter": "(person_id < 2072275)",
                  "Rows Removed by Filter": 2236733
                }
              ]
            }
          ]
        }
      ]
    },
    "Planning Time": 0.158,
    "Triggers": [],
    "Execution Time": 841.006
  }
]