{
    "Plan": {
        "Node Type": "Aggregate",
        "Strategy": "Plain",
        "Partial Mode": "Finalize",
        "Parallel Aware": false,
        "Startup Cost": 250579.09,
        "Total Cost": 250579.1,
        "Plan Rows": 1,
        "Plan Width": 8,
        "Actual Startup Time": 404.904,
        "Actual Total Time": 435.339,
        "Actual Rows": 1,
        "Actual Loops": 1,
        "Output": [
            "count(*)"
        ],
        "Plans": [
            {
                "Node Type": "Gather",
                "Parent Relationship": "Outer",
                "Parallel Aware": false,
                "Startup Cost": 250578.46,
                "Total Cost": 250579.07,
                "Plan Rows": 6,
                "Plan Width": 8,
                "Actual Startup Time": 400.541,
                "Actual Total Time": 435.326,
                "Actual Rows": 7,
                "Actual Loops": 1,
                "Output": [
                    "(PARTIAL count(*))"
                ],
                "Workers Planned": 6,
                "Workers Launched": 6,
                "Single Copy": false,
                "Plans": [
                    {
                        "Node Type": "Aggregate",
                        "Strategy": "Plain",
                        "Partial Mode": "Partial",
                        "Parent Relationship": "Outer",
                        "Parallel Aware": false,
                        "Startup Cost": 249578.46,
                        "Total Cost": 249578.47,
                        "Plan Rows": 1,
                        "Plan Width": 8,
                        "Actual Startup Time": 389.53,
                        "Actual Total Time": 389.537,
                        "Actual Rows": 1,
                        "Actual Loops": 7,
                        "Output": [
                            "PARTIAL count(*)"
                        ],
                        "Workers": [
                            {
                                "Worker Number": 0,
                                "Actual Startup Time": 387.076,
                                "Actual Total Time": 387.08,
                                "Actual Rows": 1,
                                "Actual Loops": 1
                            },
                            {
                                "Worker Number": 1,
                                "Actual Startup Time": 387.199,
                                "Actual Total Time": 387.203,
                                "Actual Rows": 1,
                                "Actual Loops": 1
                            },
                            {
                                "Worker Number": 2,
                                "Actual Startup Time": 387.854,
                                "Actual Total Time": 387.857,
                                "Actual Rows": 1,
                                "Actual Loops": 1
                            },
                            {
                                "Worker Number": 3,
                                "Actual Startup Time": 387.787,
                                "Actual Total Time": 387.79,
                                "Actual Rows": 1,
                                "Actual Loops": 1
                            },
                            {
                                "Worker Number": 4,
                                "Actual Startup Time": 389.233,
                                "Actual Total Time": 389.236,
                                "Actual Rows": 1,
                                "Actual Loops": 1
                            },
                            {
                                "Worker Number": 5,
                                "Actual Startup Time": 387.933,
                                "Actual Total Time": 387.936,
                                "Actual Rows": 1,
                                "Actual Loops": 1
                            }
                        ],
                        "Plans": [
                            {
                                "Node Type": "Hash Join",
                                "Parent Relationship": "Outer",
                                "Parallel Aware": true,
                                "Join Type": "Inner",
                                "Startup Cost": 47450.12,
                                "Total Cost": 249326.23,
                                "Plan Rows": 100894,
                                "Plan Width": 0,
                                "Actual Startup Time": 141.299,
                                "Actual Total Time": 389.513,
                                "Actual Rows": 70,
                                "Actual Loops": 7,
                                "Inner Unique": true,
                                "Hash Cond": "(ci.movie_id = t.id)",
                                "Workers": [
                                    {
                                        "Worker Number": 0,
                                        "Actual Startup Time": 147.162,
                                        "Actual Total Time": 387.06,
                                        "Actual Rows": 32,
                                        "Actual Loops": 1
                                    },
                                    {
                                        "Worker Number": 1,
                                        "Actual Startup Time": 131.911,
                                        "Actual Total Time": 387.178,
                                        "Actual Rows": 34,
                                        "Actual Loops": 1
                                    },
                                    {
                                        "Worker Number": 2,
                                        "Actual Startup Time": 141.865,
                                        "Actual Total Time": 387.839,
                                        "Actual Rows": 19,
                                        "Actual Loops": 1
                                    },
                                    {
                                        "Worker Number": 3,
                                        "Actual Startup Time": 136.33,
                                        "Actual Total Time": 387.759,
                                        "Actual Rows": 186,
                                        "Actual Loops": 1
                                    },
                                    {
                                        "Worker Number": 4,
                                        "Actual Startup Time": 148.489,
                                        "Actual Total Time": 389.217,
                                        "Actual Rows": 35,
                                        "Actual Loops": 1
                                    },
                                    {
                                        "Worker Number": 5,
                                        "Actual Startup Time": 135.052,
                                        "Actual Total Time": 387.912,
                                        "Actual Rows": 98,
                                        "Actual Loops": 1
                                    }
                                ],
                                "Plans": [
                                    {
                                        "Node Type": "Index Scan",
                                        "Parent Relationship": "Outer",
                                        "Parallel Aware": true,
                                        "Scan Direction": "Forward",
                                        "Index Name": "role_id_cast_info",
                                        "Relation Name": "cast_info",
                                        "Schema": "public",
                                        "Alias": "ci",
                                        "Startup Cost": 0.56,
                                        "Total Cost": 200814.65,
                                        "Plan Rows": 404578,
                                        "Plan Width": 4,
                                        "Actual Startup Time": 5.09,
                                        "Actual Total Time": 255.629,
                                        "Actual Rows": 274,
                                        "Actual Loops": 7,
                                        "Output": [
                                            "ci.id",
                                            "ci.person_id",
                                            "ci.movie_id",
                                            "ci.person_role_id",
                                            "ci.note",
                                            "ci.nr_order",
                                            "ci.role_id"
                                        ],
                                        "Index Cond": "(ci.role_id = 2)",
                                        "Rows Removed by Index Recheck": 0,
                                        "Filter": "(ci.person_id < 1162472)",
                                        "Rows Removed by Filter": 1064294,
                                        "Workers": [
                                            {
                                                "Worker Number": 0,
                                                "Actual Startup Time": 1.883,
                                                "Actual Total Time": 255.698,
                                                "Actual Rows": 205,
                                                "Actual Loops": 1
                                            },
                                            {
                                                "Worker Number": 1,
                                                "Actual Startup Time": 1.007,
                                                "Actual Total Time": 255.838,
                                                "Actual Rows": 116,
                                                "Actual Loops": 1
                                            },
                                            {
                                                "Worker Number": 2,
                                                "Actual Startup Time": 10.3,
                                                "Actual Total Time": 255.961,
                                                "Actual Rows": 77,
                                                "Actual Loops": 1
                                            },
                                            {
                                                "Worker Number": 3,
                                                "Actual Startup Time": 3.836,
                                                "Actual Total Time": 255.133,
                                                "Actual Rows": 717,
                                                "Actual Loops": 1
                                            },
                                            {
                                                "Worker Number": 4,
                                                "Actual Startup Time": 16.935,
                                                "Actual Total Time": 255.987,
                                                "Actual Rows": 81,
                                                "Actual Loops": 1
                                            },
                                            {
                                                "Worker Number": 5,
                                                "Actual Startup Time": 0.311,
                                                "Actual Total Time": 255.548,
                                                "Actual Rows": 289,
                                                "Actual Loops": 1
                                            }
                                        ]
                                    },
                                    {
                                        "Node Type": "Hash",
                                        "Parent Relationship": "Inner",
                                        "Parallel Aware": true,
                                        "Startup Cost": 45479.21,
                                        "Total Cost": 45479.21,
                                        "Plan Rows": 157628,
                                        "Plan Width": 4,
                                        "Actual Startup Time": 129.81,
                                        "Actual Total Time": 129.812,
                                        "Actual Rows": 82635,
                                        "Actual Loops": 7,
                                        "Output": [
                                            "t.id"
                                        ],
                                        "Hash Buckets": 1048576,
                                        "Original Hash Buckets": 1048576,
                                        "Hash Batches": 1,
                                        "Original Hash Batches": 1,
                                        "Peak Memory Usage": 30976,
                                        "Workers": [
                                            {
                                                "Worker Number": 0,
                                                "Actual Startup Time": 130.34,
                                                "Actual Total Time": 130.341,
                                                "Actual Rows": 74733,
                                                "Actual Loops": 1
                                            },
                                            {
                                                "Worker Number": 1,
                                                "Actual Startup Time": 130.468,
                                                "Actual Total Time": 130.469,
                                                "Actual Rows": 69537,
                                                "Actual Loops": 1
                                            },
                                            {
                                                "Worker Number": 2,
                                                "Actual Startup Time": 131.119,
                                                "Actual Total Time": 131.12,
                                                "Actual Rows": 72918,
                                                "Actual Loops": 1
                                            },
                                            {
                                                "Worker Number": 3,
                                                "Actual Startup Time": 131.033,
                                                "Actual Total Time": 131.034,
                                                "Actual Rows": 101723,
                                                "Actual Loops": 1
                                            },
                                            {
                                                "Worker Number": 4,
                                                "Actual Startup Time": 131.133,
                                                "Actual Total Time": 131.134,
                                                "Actual Rows": 75193,
                                                "Actual Loops": 1
                                            },
                                            {
                                                "Worker Number": 5,
                                                "Actual Startup Time": 131.227,
                                                "Actual Total Time": 131.228,
                                                "Actual Rows": 95912,
                                                "Actual Loops": 1
                                            }
                                        ],
                                        "Plans": [
                                            {
                                                "Node Type": "Seq Scan",
                                                "Parent Relationship": "Outer",
                                                "Parallel Aware": true,
                                                "Relation Name": "title",
                                                "Schema": "public",
                                                "Alias": "t",
                                                "Startup Cost": 0.0,
                                                "Total Cost": 45479.21,
                                                "Plan Rows": 157628,
                                                "Plan Width": 4,
                                                "Actual Startup Time": 46.829,
                                                "Actual Total Time": 87.961,
                                                "Actual Rows": 82635,
                                                "Actual Loops": 7,
                                                "Output": [
                                                    "t.id"
                                                ],
                                                "Filter": "((t.production_year > 1917) AND (t.kind_id = 1))",
                                                "Rows Removed by Filter": 278552,
                                                "Workers": [
                                                    {
                                                        "Worker Number": 0,
                                                        "Actual Startup Time": 53.543,
                                                        "Actual Total Time": 88.991,
                                                        "Actual Rows": 74733,
                                                        "Actual Loops": 1
                                                    },
                                                    {
                                                        "Worker Number": 1,
                                                        "Actual Startup Time": 53.585,
                                                        "Actual Total Time": 88.239,
                                                        "Actual Rows": 69537,
                                                        "Actual Loops": 1
                                                    },
                                                    {
                                                        "Worker Number": 2,
                                                        "Actual Startup Time": 53.47,
                                                        "Actual Total Time": 88.794,
                                                        "Actual Rows": 72918,
                                                        "Actual Loops": 1
                                                    },
                                                    {
                                                        "Worker Number": 3,
                                                        "Actual Startup Time": 53.557,
                                                        "Actual Total Time": 87.906,
                                                        "Actual Rows": 101723,
                                                        "Actual Loops": 1
                                                    },
                                                    {
                                                        "Worker Number": 4,
                                                        "Actual Startup Time": 53.582,
                                                        "Actual Total Time": 89.123,
                                                        "Actual Rows": 75193,
                                                        "Actual Loops": 1
                                                    },
                                                    {
                                                        "Worker Number": 5,
                                                        "Actual Startup Time": 53.607,
                                                        "Actual Total Time": 86.799,
                                                        "Actual Rows": 95912,
                                                        "Actual Loops": 1
                                                    }
                                                ]
                                            }
                                        ]
                                    }
                                ]
                            }
                        ]
                    }
                ]
            }
        ]
    },
    "Planning Time": 0.756,
    "Triggers": [],
    "Execution Time": 435.427
}