[
  {
    "Plan": {
      "Node Type": "Aggregate",
      "Strategy": "Plain",
      "Partial Mode": "Finalize",
      "Parallel Aware": false,
      "Startup Cost": 44664.76,
      "Total Cost": 44664.77,
      "Plan Rows": 1,
      "Plan Width": 8,
      "Actual Startup Time": 142.07,
      "Actual Total Time": 151.775,
      "Actual Rows": 1,
      "Actual Loops": 1,
      "Plans": [
        {
          "Node Type": "Gather",
          "Parent Relationship": "Outer",
          "Parallel Aware": false,
          "Startup Cost": 44664.44,
          "Total Cost": 44664.75,
          "Plan Rows": 3,
          "Plan Width": 8,
          "Actual Startup Time": 141.906,
          "Actual Total Time": 151.763,
          "Actual Rows": 4,
          "Actual Loops": 1,
          "Workers Planned": 3,
          "Workers Launched": 3,
          "Single Copy": false,
          "Plans": [
            {
              "Node Type": "Aggregate",
              "Strategy": "Plain",
              "Partial Mode": "Partial",
              "Parent Relationship": "Outer",
              "Parallel Aware": false,
              "Startup Cost": 43664.44,
              "Total Cost": 43664.45,
              "Plan Rows": 1,
              "Plan Width": 8,
              "Actual Startup Time": 135.638,
              "Actual Total Time": 135.639,
              "Actual Rows": 1,
              "Actual Loops": 4,
              "Plans": [
                {
                  "Node Type": "Seq Scan",
                  "Parent Relationship": "Outer",
                  "Parallel Aware": true,
                  "Relation Name": "movie_keyword",
                  "Alias": "mk",
                  "Startup Cost": 0.0,
                  "Total Cost": 42695.65,
                  "Plan Rows": 387516,
                  "Plan Width": 0,
                  "Actual Startup Time": 2.536,
                  "Actual Total Time": 118.353,
                  "Actual Rows": 301212,
                  "Actual Loops": 4,
                  "Filter": "(keyword_id > 15234)",
                  "Rows Removed by Filter": 829771
                }
              ]
            }
          ]
        }
      ]
    },
    "Planning Time": 0.192,
    "Triggers": [],
    "Execution Time": 151.831
  }
]