[
  {
    "Plan": {
      "Node Type": "Aggregate",
      "Strategy": "Plain",
      "Partial Mode": "Finalize",
      "Parallel Aware": false,
      "Startup Cost": 44664.17,
      "Total Cost": 44664.18,
      "Plan Rows": 1,
      "Plan Width": 8,
      "Actual Startup Time": 130.921,
      "Actual Total Time": 140.844,
      "Actual Rows": 1,
      "Actual Loops": 1,
      "Plans": [
        {
          "Node Type": "Gather",
          "Parent Relationship": "Outer",
          "Parallel Aware": false,
          "Startup Cost": 44663.86,
          "Total Cost": 44664.17,
          "Plan Rows": 3,
          "Plan Width": 8,
          "Actual Startup Time": 130.8,
          "Actual Total Time": 140.836,
          "Actual Rows": 4,
          "Actual Loops": 1,
          "Workers Planned": 3,
          "Workers Launched": 3,
          "Single Copy": false,
          "Plans": [
            {
              "Node Type": "Aggregate",
              "Strategy": "Plain",
              "Partial Mode": "Partial",
              "Parent Relationship": "Outer",
              "Parallel Aware": false,
              "Startup Cost": 43663.86,
              "Total Cost": 43663.87,
              "Plan Rows": 1,
              "Plan Width": 8,
              "Actual Startup Time": 122.133,
              "Actual Total Time": 122.134,
              "Actual Rows": 1,
              "Actual Loops": 4,
              "Plans": [
                {
                  "Node Type": "Seq Scan",
                  "Parent Relationship": "Outer",
                  "Parallel Aware": true,
                  "Relation Name": "movie_keyword",
                  "Alias": "mk",
                  "Startup Cost": 0.0,
                  "Total Cost": 42695.65,
                  "Plan Rows": 387281,
                  "Plan Width": 0,
                  "Actual Startup Time": 2.851,
                  "Actual Total Time": 107.425,
                  "Actual Rows": 301212,
                  "Actual Loops": 4,
                  "Filter": "(keyword_id > 15234)",
                  "Rows Removed by Filter": 829771
                }
              ]
            }
          ]
        }
      ]
    },
    "Planning Time": 0.16,
    "Triggers": [],
    "Execution Time": 140.893
  }
]