[
  {
    "Plan": {
      "Node Type": "Aggregate",
      "Strategy": "Plain",
      "Partial Mode": "Finalize",
      "Parallel Aware": false,
      "Startup Cost": 335204.71,
      "Total Cost": 335204.72,
      "Plan Rows": 1,
      "Plan Width": 8,
      "Actual Startup Time": 731.545,
      "Actual Total Time": 775.675,
      "Actual Rows": 1,
      "Actual Loops": 1,
      "Plans": [
        {
          "Node Type": "Gather",
          "Parent Relationship": "Outer",
          "Parallel Aware": false,
          "Startup Cost": 335204.09,
          "Total Cost": 335204.7,
          "Plan Rows": 6,
          "Plan Width": 8,
          "Actual Startup Time": 731.374,
          "Actual Total Time": 775.663,
          "Actual Rows": 7,
          "Actual Loops": 1,
          "Workers Planned": 6,
          "Workers Launched": 6,
          "Single Copy": false,
          "Plans": [
            {
              "Node Type": "Aggregate",
              "Strategy": "Plain",
              "Partial Mode": "Partial",
              "Parent Relationship": "Outer",
              "Parallel Aware": false,
              "Startup Cost": 334204.09,
              "Total Cost": 334204.1,
              "Plan Rows": 1,
              "Plan Width": 8,
              "Actual Startup Time": 723.536,
              "Actual Total Time": 723.538,
              "Actual Rows": 1,
              "Actual Loops": 7,
              "Plans": [
                {
                  "Node Type": "Seq Scan",
                  "Parent Relationship": "Outer",
                  "Parallel Aware": true,
                  "Relation Name": "cast_info",
                  "Alias": "ci",
                  "Startup Cost": 0.0,
                  "Total Cost": 328211.39,
                  "Plan Rows": 2397079,
                  "Plan Width": 0,
                  "Actual Startup Time": 258.654,
                  "Actual Total Time": 616.706,
                  "Actual Rows": 2014436,
                  "Actual Loops": 7,
                  "Filter": "(person_id > 2255424)",
                  "Rows Removed by Filter": 3163328
                }
              ]
            }
          ]
        }
      ]
    },
    "Planning Time": 0.091,
    "Triggers": [],
    "Execution Time": 775.722
  }
]