{
    "Plan": {
        "Node Type": "Aggregate",
        "Strategy": "Plain",
        "Partial Mode": "Finalize",
        "Parallel Aware": false,
        "Startup Cost": 76940.44,
        "Total Cost": 76940.45,
        "Plan Rows": 1,
        "Plan Width": 8,
        "Actual Startup Time": 171.766,
        "Actual Total Time": 187.266,
        "Actual Rows": 1,
        "Actual Loops": 1,
        "Output": [
            "count(*)"
        ],
        "Plans": [
            {
                "Node Type": "Gather",
                "Parent Relationship": "Outer",
                "Parallel Aware": false,
                "Startup Cost": 76940.12,
                "Total Cost": 76940.43,
                "Plan Rows": 3,
                "Plan Width": 8,
                "Actual Startup Time": 171.181,
                "Actual Total Time": 187.258,
                "Actual Rows": 4,
                "Actual Loops": 1,
                "Output": [
                    "(PARTIAL count(*))"
                ],
                "Workers Planned": 3,
                "Workers Launched": 3,
                "Single Copy": false,
                "Plans": [
                    {
                        "Node Type": "Aggregate",
                        "Strategy": "Plain",
                        "Partial Mode": "Partial",
                        "Parent Relationship": "Outer",
                        "Parallel Aware": false,
                        "Startup Cost": 75940.12,
                        "Total Cost": 75940.13,
                        "Plan Rows": 1,
                        "Plan Width": 8,
                        "Actual Startup Time": 165.245,
                        "Actual Total Time": 165.248,
                        "Actual Rows": 1,
                        "Actual Loops": 4,
                        "Output": [
                            "PARTIAL count(*)"
                        ],
                        "Workers": [
                            {
                                "Worker Number": 0,
                                "Actual Startup Time": 163.112,
                                "Actual Total Time": 163.116,
                                "Actual Rows": 1,
                                "Actual Loops": 1
                            },
                            {
                                "Worker Number": 1,
                                "Actual Startup Time": 163.108,
                                "Actual Total Time": 163.111,
                                "Actual Rows": 1,
                                "Actual Loops": 1
                            },
                            {
                                "Worker Number": 2,
                                "Actual Startup Time": 164.153,
                                "Actual Total Time": 164.155,
                                "Actual Rows": 1,
                                "Actual Loops": 1
                            }
                        ],
                        "Plans": [
                            {
                                "Node Type": "Hash Join",
                                "Parent Relationship": "Outer",
                                "Parallel Aware": true,
                                "Join Type": "Inner",
                                "Startup Cost": 44247.56,
                                "Total Cost": 75928.92,
                                "Plan Rows": 4480,
                                "Plan Width": 0,
                                "Actual Startup Time": 146.348,
                                "Actual Total Time": 165.208,
                                "Actual Rows": 368,
                                "Actual Loops": 4,
                                "Inner Unique": true,
                                "Hash Cond": "(mc.movie_id = t.id)",
                                "Workers": [
                                    {
                                        "Worker Number": 0,
                                        "Actual Startup Time": 144.163,
                                        "Actual Total Time": 163.07,
                                        "Actual Rows": 367,
                                        "Actual Loops": 1
                                    },
                                    {
                                        "Worker Number": 1,
                                        "Actual Startup Time": 144.239,
                                        "Actual Total Time": 163.07,
                                        "Actual Rows": 316,
                                        "Actual Loops": 1
                                    },
                                    {
                                        "Worker Number": 2,
                                        "Actual Startup Time": 145.267,
                                        "Actual Total Time": 164.111,
                                        "Actual Rows": 356,
                                        "Actual Loops": 1
                                    }
                                ],
                                "Plans": [
                                    {
                                        "Node Type": "Seq Scan",
                                        "Parent Relationship": "Outer",
                                        "Parallel Aware": true,
                                        "Relation Name": "movie_companies",
                                        "Schema": "public",
                                        "Alias": "mc",
                                        "Startup Cost": 0.0,
                                        "Total Cost": 31414.82,
                                        "Plan Rows": 101542,
                                        "Plan Width": 4,
                                        "Actual Startup Time": 28.731,
                                        "Actual Total Time": 55.451,
                                        "Actual Rows": 43243,
                                        "Actual Loops": 4,
                                        "Output": [
                                            "mc.id",
                                            "mc.movie_id",
                                            "mc.company_id",
                                            "mc.company_type_id",
                                            "mc.note"
                                        ],
                                        "Filter": "((mc.company_id < 756) AND (mc.company_type_id = 2))",
                                        "Rows Removed by Filter": 609039,
                                        "Workers": [
                                            {
                                                "Worker Number": 0,
                                                "Actual Startup Time": 28.715,
                                                "Actual Total Time": 55.467,
                                                "Actual Rows": 40151,
                                                "Actual Loops": 1
                                            },
                                            {
                                                "Worker Number": 1,
                                                "Actual Startup Time": 28.735,
                                                "Actual Total Time": 55.433,
                                                "Actual Rows": 40520,
                                                "Actual Loops": 1
                                            },
                                            {
                                                "Worker Number": 2,
                                                "Actual Startup Time": 28.728,
                                                "Actual Total Time": 55.607,
                                                "Actual Rows": 42477,
                                                "Actual Loops": 1
                                            }
                                        ]
                                    },
                                    {
                                        "Node Type": "Hash",
                                        "Parent Relationship": "Inner",
                                        "Parallel Aware": true,
                                        "Startup Cost": 43899.01,
                                        "Total Cost": 43899.01,
                                        "Plan Rows": 27884,
                                        "Plan Width": 4,
                                        "Actual Startup Time": 99.028,
                                        "Actual Total Time": 99.029,
                                        "Actual Rows": 27436,
                                        "Actual Loops": 4,
                                        "Output": [
                                            "t.id"
                                        ],
                                        "Hash Buckets": 131072,
                                        "Original Hash Buckets": 131072,
                                        "Hash Batches": 1,
                                        "Original Hash Batches": 1,
                                        "Peak Memory Usage": 5376,
                                        "Workers": [
                                            {
                                                "Worker Number": 0,
                                                "Actual Startup Time": 97.834,
                                                "Actual Total Time": 97.835,
                                                "Actual Rows": 24951,
                                                "Actual Loops": 1
                                            },
                                            {
                                                "Worker Number": 1,
                                                "Actual Startup Time": 97.833,
                                                "Actual Total Time": 97.834,
                                                "Actual Rows": 24868,
                                                "Actual Loops": 1
                                            },
                                            {
                                                "Worker Number": 2,
                                                "Actual Startup Time": 98.928,
                                                "Actual Total Time": 98.929,
                                                "Actual Rows": 26887,
                                                "Actual Loops": 1
                                            }
                                        ],
                                        "Plans": [
                                            {
                                                "Node Type": "Seq Scan",
                                                "Parent Relationship": "Outer",
                                                "Parallel Aware": true,
                                                "Relation Name": "title",
                                                "Schema": "public",
                                                "Alias": "t",
                                                "Startup Cost": 0.0,
                                                "Total Cost": 43899.01,
                                                "Plan Rows": 27884,
                                                "Plan Width": 4,
                                                "Actual Startup Time": 49.223,
                                                "Actual Total Time": 90.518,
                                                "Actual Rows": 27436,
                                                "Actual Loops": 4,
                                                "Output": [
                                                    "t.id"
                                                ],
                                                "Filter": "(t.production_year < 1928)",
                                                "Rows Removed by Filter": 604642,
                                                "Workers": [
                                                    {
                                                        "Worker Number": 0,
                                                        "Actual Startup Time": 57.179,
                                                        "Actual Total Time": 89.678,
                                                        "Actual Rows": 24951,
                                                        "Actual Loops": 1
                                                    },
                                                    {
                                                        "Worker Number": 1,
                                                        "Actual Startup Time": 39.893,
                                                        "Actual Total Time": 89.622,
                                                        "Actual Rows": 24868,
                                                        "Actual Loops": 1
                                                    },
                                                    {
                                                        "Worker Number": 2,
                                                        "Actual Startup Time": 58.075,
                                                        "Actual Total Time": 90.94,
                                                        "Actual Rows": 26887,
                                                        "Actual Loops": 1
                                                    }
                                                ]
                                            }
                                        ]
                                    }
                                ]
                            }
                        ]
                    }
                ]
            }
        ]
    },
    "Planning Time": 0.618,
    "Triggers": [],
    "Execution Time": 187.326
}