[
  {
    "Plan": {
      "Node Type": "Aggregate",
      "Strategy": "Plain",
      "Partial Mode": "Finalize",
      "Parallel Aware": false,
      "Startup Cost": 73370.41,
      "Total Cost": 73370.42,
      "Plan Rows": 1,
      "Plan Width": 8,
      "Actual Startup Time": 325.495,
      "Actual Total Time": 338.39,
      "Actual Rows": 1,
      "Actual Loops": 1,
      "Plans": [
        {
          "Node Type": "Gather",
          "Parent Relationship": "Outer",
          "Parallel Aware": false,
          "Startup Cost": 73370.09,
          "Total Cost": 73370.4,
          "Plan Rows": 3,
          "Plan Width": 8,
          "Actual Startup Time": 320.802,
          "Actual Total Time": 338.378,
          "Actual Rows": 4,
          "Actual Loops": 1,
          "Workers Planned": 3,
          "Workers Launched": 3,
          "Single Copy": false,
          "Plans": [
            {
              "Node Type": "Aggregate",
              "Strategy": "Plain",
              "Partial Mode": "Partial",
              "Parent Relationship": "Outer",
              "Parallel Aware": false,
              "Startup Cost": 72370.09,
              "Total Cost": 72370.1,
              "Plan Rows": 1,
              "Plan Width": 8,
              "Actual Startup Time": 310.618,
              "Actual Total Time": 310.625,
              "Actual Rows": 1,
              "Actual Loops": 4,
              "Plans": [
                {
                  "Node Type": "Hash Join",
                  "Parent Relationship": "Outer",
                  "Parallel Aware": true,
                  "Join Type": "Inner",
                  "Startup Cost": 52558.01,
                  "Total Cost": 72281.96,
                  "Plan Rows": 35251,
                  "Plan Width": 0,
                  "Actual Startup Time": 272.005,
                  "Actual Total Time": 309.064,
                  "Actual Rows": 26298,
                  "Actual Loops": 4,
                  "Inner Unique": true,
                  "Hash Cond": "(mc.movie_id = t.id)",
                  "Plans": [
                    {
                      "Node Type": "Bitmap Heap Scan",
                      "Parent Relationship": "Outer",
                      "Parallel Aware": true,
                      "Relation Name": "movie_companies",
                      "Alias": "mc",
                      "Startup Cost": 4147.94,
                      "Total Cost": 23709.8,
                      "Plan Rows": 61749,
                      "Plan Width": 4,
                      "Actual Startup Time": 13.247,
                      "Actual Total Time": 28.199,
                      "Actual Rows": 46944,
                      "Actual Loops": 4,
                      "Recheck Cond": "(company_id > 117461)",
                      "Rows Removed by Index Recheck": 0,
                      "Exact Heap Blocks": 1273,
                      "Lossy Heap Blocks": 0,
                      "Plans": [
                        {
                          "Node Type": "Bitmap Index Scan",
                          "Parent Relationship": "Outer",
                          "Parallel Aware": false,
                          "Index Name": "company_id_movie_companies",
                          "Startup Cost": 0.0,
                          "Total Cost": 4100.09,
                          "Plan Rows": 191421,
                          "Plan Width": 0,
                          "Actual Startup Time": 12.321,
                          "Actual Total Time": 12.322,
                          "Actual Rows": 187778,
                          "Actual Loops": 1,
                          "Index Cond": "(company_id > 117461)"
                        }
                      ]
                    },
                    {
                      "Node Type": "Hash",
                      "Parent Relationship": "Inner",
                      "Parallel Aware": true,
                      "Startup Cost": 43899.32,
                      "Total Cost": 43899.32,
                      "Plan Rows": 360860,
                      "Plan Width": 4,
                      "Actual Startup Time": 251.705,
                      "Actual Total Time": 251.706,
                      "Actual Rows": 360824,
                      "Actual Loops": 4,
                      "Hash Buckets": 2097152,
                      "Original Hash Buckets": 2097152,
                      "Hash Batches": 1,
                      "Original Hash Batches": 1,
                      "Peak Memory Usage": 72896,
                      "Plans": [
                        {
                          "Node Type": "Seq Scan",
                          "Parent Relationship": "Outer",
                          "Parallel Aware": true,
                          "Relation Name": "title",
                          "Alias": "t",
                          "Startup Cost": 0.0,
                          "Total Cost": 43899.32,
                          "Plan Rows": 360860,
                          "Plan Width": 4,
                          "Actual Startup Time": 0.032,
                          "Actual Total Time": 119.899,
                          "Actual Rows": 360824,
                          "Actual Loops": 4,
                          "Filter": "(production_year < 2006)",
                          "Rows Removed by Filter": 271254
                        }
                      ]
                    }
                  ]
                }
              ]
            }
          ]
        }
      ]
    },
    "Planning Time": 0.575,
    "Triggers": [],
    "Execution Time": 338.471
  }
]