[
  {
    "Plan": {
      "Node Type": "Aggregate",
      "Strategy": "Plain",
      "Partial Mode": "Finalize",
      "Parallel Aware": false,
      "Startup Cost": 204020.86,
      "Total Cost": 204020.87,
      "Plan Rows": 1,
      "Plan Width": 8,
      "Actual Startup Time": 252.512,
      "Actual Total Time": 276.044,
      "Actual Rows": 1,
      "Actual Loops": 1,
      "Plans": [
        {
          "Node Type": "Gather",
          "Parent Relationship": "Outer",
          "Parallel Aware": false,
          "Startup Cost": 204020.24,
          "Total Cost": 204020.85,
          "Plan Rows": 6,
          "Plan Width": 8,
          "Actual Startup Time": 252.363,
          "Actual Total Time": 276.021,
          "Actual Rows": 7,
          "Actual Loops": 1,
          "Workers Planned": 6,
          "Workers Launched": 6,
          "Single Copy": false,
          "Plans": [
            {
              "Node Type": "Aggregate",
              "Strategy": "Plain",
              "Partial Mode": "Partial",
              "Parent Relationship": "Outer",
              "Parallel Aware": false,
              "Startup Cost": 203020.24,
              "Total Cost": 203020.25,
              "Plan Rows": 1,
              "Plan Width": 8,
              "Actual Startup Time": 244.564,
              "Actual Total Time": 244.566,
              "Actual Rows": 1,
              "Actual Loops": 7,
              "Plans": [
                {
                  "Node Type": "Index Scan",
                  "Parent Relationship": "Outer",
                  "Parallel Aware": true,
                  "Scan Direction": "Forward",
                  "Index Name": "role_id_cast_info",
                  "Relation Name": "cast_info",
                  "Alias": "ci",
                  "Startup Cost": 0.56,
                  "Total Cost": 201884.69,
                  "Plan Rows": 454219,
                  "Plan Width": 0,
                  "Actual Startup Time": 12.916,
                  "Actual Total Time": 244.522,
                  "Actual Rows": 320,
                  "Actual Loops": 7,
                  "Index Cond": "(role_id = 2)",
                  "Rows Removed by Index Recheck": 0,
                  "Filter": "(person_id < 1306176)",
                  "Rows Removed by Filter": 1064248
                }
              ]
            }
          ]
        }
      ]
    },
    "Planning Time": 0.101,
    "Triggers": [],
    "Execution Time": 276.089
  }
]