[
    {
        "Bao": {
            "Bao prediction": "NaN",
            "Bao recommended hint": "(no hint)"
        }
    },
    {
        "Plan": {
            "Node Type": "Aggregate",
            "Strategy": "Plain",
            "Partial Mode": "Finalize",
            "Parallel Aware": false,
            "Startup Cost": 33214.86,
            "Total Cost": 33214.87,
            "Plan Rows": 1,
            "Plan Width": 8,
            "Actual Startup Time": 96.965,
            "Actual Total Time": 101.533,
            "Actual Rows": 1,
            "Actual Loops": 1,
            "Output": [
                "count(*)"
            ],
            "Plans": [
                {
                    "Node Type": "Gather",
                    "Parent Relationship": "Outer",
                    "Parallel Aware": false,
                    "Startup Cost": 33214.54,
                    "Total Cost": 33214.85,
                    "Plan Rows": 3,
                    "Plan Width": 8,
                    "Actual Startup Time": 96.878,
                    "Actual Total Time": 101.527,
                    "Actual Rows": 4,
                    "Actual Loops": 1,
                    "Output": [
                        "(PARTIAL count(*))"
                    ],
                    "Workers Planned": 3,
                    "Workers Launched": 3,
                    "Single Copy": false,
                    "Plans": [
                        {
                            "Node Type": "Aggregate",
                            "Strategy": "Plain",
                            "Partial Mode": "Partial",
                            "Parent Relationship": "Outer",
                            "Parallel Aware": false,
                            "Startup Cost": 32214.54,
                            "Total Cost": 32214.55,
                            "Plan Rows": 1,
                            "Plan Width": 8,
                            "Actual Startup Time": 88.796,
                            "Actual Total Time": 88.797,
                            "Actual Rows": 1,
                            "Actual Loops": 4,
                            "Output": [
                                "PARTIAL count(*)"
                            ],
                            "Workers": [
                                {
                                    "Worker Number": 0,
                                    "Actual Startup Time": 85.651,
                                    "Actual Total Time": 85.651,
                                    "Actual Rows": 1,
                                    "Actual Loops": 1
                                },
                                {
                                    "Worker Number": 1,
                                    "Actual Startup Time": 86.158,
                                    "Actual Total Time": 86.159,
                                    "Actual Rows": 1,
                                    "Actual Loops": 1
                                },
                                {
                                    "Worker Number": 2,
                                    "Actual Startup Time": 86.773,
                                    "Actual Total Time": 86.774,
                                    "Actual Rows": 1,
                                    "Actual Loops": 1
                                }
                            ],
                            "Plans": [
                                {
                                    "Node Type": "Seq Scan",
                                    "Parent Relationship": "Outer",
                                    "Parallel Aware": true,
                                    "Relation Name": "movie_companies",
                                    "Schema": "public",
                                    "Alias": "mc",
                                    "Startup Cost": 0.0,
                                    "Total Cost": 31414.82,
                                    "Plan Rows": 319890,
                                    "Plan Width": 0,
                                    "Actual Startup Time": 42.606,
                                    "Actual Total Time": 77.152,
                                    "Actual Rows": 286519,
                                    "Actual Loops": 4,
                                    "Output": [
                                        "id",
                                        "movie_id",
                                        "company_id",
                                        "company_type_id",
                                        "note"
                                    ],
                                    "Filter": "((mc.company_id > 1010) AND (mc.company_type_id > 1))",
                                    "Rows Removed by Filter": 365764,
                                    "Workers": [
                                        {
                                            "Worker Number": 0,
                                            "Actual Startup Time": 39.456,
                                            "Actual Total Time": 74.341,
                                            "Actual Rows": 270912,
                                            "Actual Loops": 1
                                        },
                                        {
                                            "Worker Number": 1,
                                            "Actual Startup Time": 39.972,
                                            "Actual Total Time": 75.022,
                                            "Actual Rows": 274635,
                                            "Actual Loops": 1
                                        },
                                        {
                                            "Worker Number": 2,
                                            "Actual Startup Time": 40.589,
                                            "Actual Total Time": 75.363,
                                            "Actual Rows": 281292,
                                            "Actual Loops": 1
                                        }
                                    ]
                                }
                            ]
                        }
                    ]
                }
            ]
        },
        "Planning Time": 179.093,
        "Triggers": [],
        "Execution Time": 101.576
    }
]