[
    {
        "Bao": {
            "Bao prediction": "NaN",
            "Bao recommended hint": "(no hint)"
        }
    },
    {
        "Plan": {
            "Node Type": "Aggregate",
            "Strategy": "Plain",
            "Partial Mode": "Finalize",
            "Parallel Aware": false,
            "Startup Cost": 688525.45,
            "Total Cost": 688525.46,
            "Plan Rows": 1,
            "Plan Width": 8,
            "Actual Startup Time": 8348.076,
            "Actual Total Time": 8458.084,
            "Actual Rows": 1,
            "Actual Loops": 1,
            "Output": [
                "count(*)"
            ],
            "Plans": [
                {
                    "Node Type": "Gather",
                    "Parent Relationship": "Outer",
                    "Parallel Aware": false,
                    "Startup Cost": 688524.83,
                    "Total Cost": 688525.44,
                    "Plan Rows": 6,
                    "Plan Width": 8,
                    "Actual Startup Time": 8235.473,
                    "Actual Total Time": 8458.067,
                    "Actual Rows": 7,
                    "Actual Loops": 1,
                    "Output": [
                        "(PARTIAL count(*))"
                    ],
                    "Workers Planned": 6,
                    "Workers Launched": 6,
                    "Single Copy": false,
                    "Plans": [
                        {
                            "Node Type": "Aggregate",
                            "Strategy": "Plain",
                            "Partial Mode": "Partial",
                            "Parent Relationship": "Outer",
                            "Parallel Aware": false,
                            "Startup Cost": 687524.83,
                            "Total Cost": 687524.84,
                            "Plan Rows": 1,
                            "Plan Width": 8,
                            "Actual Startup Time": 8175.077,
                            "Actual Total Time": 8176.456,
                            "Actual Rows": 1,
                            "Actual Loops": 7,
                            "Output": [
                                "PARTIAL count(*)"
                            ],
                            "Workers": [
                                {
                                    "Worker Number": 0,
                                    "Actual Startup Time": 8164.083,
                                    "Actual Total Time": 8164.09,
                                    "Actual Rows": 1,
                                    "Actual Loops": 1
                                },
                                {
                                    "Worker Number": 1,
                                    "Actual Startup Time": 8163.66,
                                    "Actual Total Time": 8163.666,
                                    "Actual Rows": 1,
                                    "Actual Loops": 1
                                },
                                {
                                    "Worker Number": 2,
                                    "Actual Startup Time": 8163.713,
                                    "Actual Total Time": 8163.718,
                                    "Actual Rows": 1,
                                    "Actual Loops": 1
                                },
                                {
                                    "Worker Number": 3,
                                    "Actual Startup Time": 8163.902,
                                    "Actual Total Time": 8163.906,
                                    "Actual Rows": 1,
                                    "Actual Loops": 1
                                },
                                {
                                    "Worker Number": 4,
                                    "Actual Startup Time": 8163.832,
                                    "Actual Total Time": 8163.837,
                                    "Actual Rows": 1,
                                    "Actual Loops": 1
                                },
                                {
                                    "Worker Number": 5,
                                    "Actual Startup Time": 8171.872,
                                    "Actual Total Time": 8171.877,
                                    "Actual Rows": 1,
                                    "Actual Loops": 1
                                }
                            ],
                            "Plans": [
                                {
                                    "Node Type": "Hash Join",
                                    "Parent Relationship": "Outer",
                                    "Parallel Aware": true,
                                    "Join Type": "Inner",
                                    "Startup Cost": 282851.33,
                                    "Total Cost": 653591.14,
                                    "Plan Rows": 13573474,
                                    "Plan Width": 0,
                                    "Actual Startup Time": 2080.396,
                                    "Actual Total Time": 7044.616,
                                    "Actual Rows": 28227640,
                                    "Actual Loops": 7,
                                    "Inner Unique": false,
                                    "Hash Cond": "(ci.movie_id = t.id)",
                                    "Workers": [
                                        {
                                            "Worker Number": 0,
                                            "Actual Startup Time": 2070.254,
                                            "Actual Total Time": 7030.622,
                                            "Actual Rows": 25837330,
                                            "Actual Loops": 1
                                        },
                                        {
                                            "Worker Number": 1,
                                            "Actual Startup Time": 2070.233,
                                            "Actual Total Time": 7070.48,
                                            "Actual Rows": 27236884,
                                            "Actual Loops": 1
                                        },
                                        {
                                            "Worker Number": 2,
                                            "Actual Startup Time": 2070.267,
                                            "Actual Total Time": 7080.653,
                                            "Actual Rows": 26823304,
                                            "Actual Loops": 1
                                        },
                                        {
                                            "Worker Number": 3,
                                            "Actual Startup Time": 2070.319,
                                            "Actual Total Time": 7009.263,
                                            "Actual Rows": 29798269,
                                            "Actual Loops": 1
                                        },
                                        {
                                            "Worker Number": 4,
                                            "Actual Startup Time": 2070.326,
                                            "Actual Total Time": 7022.44,
                                            "Actual Rows": 29439134,
                                            "Actual Loops": 1
                                        },
                                        {
                                            "Worker Number": 5,
                                            "Actual Startup Time": 2070.371,
                                            "Actual Total Time": 7033.179,
                                            "Actual Rows": 29388669,
                                            "Actual Loops": 1
                                        }
                                    ],
                                    "Plans": [
                                        {
                                            "Node Type": "Seq Scan",
                                            "Parent Relationship": "Outer",
                                            "Parallel Aware": true,
                                            "Relation Name": "cast_info",
                                            "Schema": "public",
                                            "Alias": "ci",
                                            "Startup Cost": 0.0,
                                            "Total Cost": 328213.62,
                                            "Plan Rows": 3075850,
                                            "Plan Width": 4,
                                            "Actual Startup Time": 177.008,
                                            "Actual Total Time": 536.705,
                                            "Actual Rows": 2648769,
                                            "Actual Loops": 7,
                                            "Output": [
                                                "ci.id",
                                                "ci.person_id",
                                                "ci.movie_id",
                                                "ci.person_role_id",
                                                "ci.note",
                                                "ci.nr_order",
                                                "ci.role_id"
                                            ],
                                            "Filter": "(ci.person_id > 1752892)",
                                            "Rows Removed by Filter": 2528995,
                                            "Workers": [
                                                {
                                                    "Worker Number": 0,
                                                    "Actual Startup Time": 176.971,
                                                    "Actual Total Time": 535.685,
                                                    "Actual Rows": 2391734,
                                                    "Actual Loops": 1
                                                },
                                                {
                                                    "Worker Number": 1,
                                                    "Actual Startup Time": 176.951,
                                                    "Actual Total Time": 527.222,
                                                    "Actual Rows": 2550960,
                                                    "Actual Loops": 1
                                                },
                                                {
                                                    "Worker Number": 2,
                                                    "Actual Startup Time": 176.952,
                                                    "Actual Total Time": 524.509,
                                                    "Actual Rows": 2503796,
                                                    "Actual Loops": 1
                                                },
                                                {
                                                    "Worker Number": 3,
                                                    "Actual Startup Time": 177.028,
                                                    "Actual Total Time": 557.114,
                                                    "Actual Rows": 2811857,
                                                    "Actual Loops": 1
                                                },
                                                {
                                                    "Worker Number": 4,
                                                    "Actual Startup Time": 177.062,
                                                    "Actual Total Time": 554.649,
                                                    "Actual Rows": 2773642,
                                                    "Actual Loops": 1
                                                },
                                                {
                                                    "Worker Number": 5,
                                                    "Actual Startup Time": 177.044,
                                                    "Actual Total Time": 556.949,
                                                    "Actual Rows": 2798202,
                                                    "Actual Loops": 1
                                                }
                                            ]
                                        },
                                        {
                                            "Node Type": "Hash",
                                            "Parent Relationship": "Inner",
                                            "Parallel Aware": true,
                                            "Startup Cost": 254958.13,
                                            "Total Cost": 254958.13,
                                            "Plan Rows": 2231456,
                                            "Plan Width": 8,
                                            "Actual Startup Time": 1878.318,
                                            "Actual Total Time": 1879.694,
                                            "Actual Rows": 1601535,
                                            "Actual Loops": 7,
                                            "Output": [
                                                "t.id",
                                                "mi.movie_id"
                                            ],
                                            "Hash Buckets": 16777216,
                                            "Original Hash Buckets": 16777216,
                                            "Hash Batches": 1,
                                            "Original Hash Batches": 1,
                                            "Peak Memory Usage": 569728,
                                            "Workers": [
                                                {
                                                    "Worker Number": 0,
                                                    "Actual Startup Time": 1892.101,
                                                    "Actual Total Time": 1892.106,
                                                    "Actual Rows": 1240137,
                                                    "Actual Loops": 1
                                                },
                                                {
                                                    "Worker Number": 1,
                                                    "Actual Startup Time": 1892.265,
                                                    "Actual Total Time": 1892.269,
                                                    "Actual Rows": 1632286,
                                                    "Actual Loops": 1
                                                },
                                                {
                                                    "Worker Number": 2,
                                                    "Actual Startup Time": 1892.189,
                                                    "Actual Total Time": 1892.193,
                                                    "Actual Rows": 1600744,
                                                    "Actual Loops": 1
                                                },
                                                {
                                                    "Worker Number": 3,
                                                    "Actual Startup Time": 1892.45,
                                                    "Actual Total Time": 1892.453,
                                                    "Actual Rows": 1778035,
                                                    "Actual Loops": 1
                                                },
                                                {
                                                    "Worker Number": 4,
                                                    "Actual Startup Time": 1892.384,
                                                    "Actual Total Time": 1892.387,
                                                    "Actual Rows": 1773836,
                                                    "Actual Loops": 1
                                                },
                                                {
                                                    "Worker Number": 5,
                                                    "Actual Startup Time": 1892.409,
                                                    "Actual Total Time": 1892.413,
                                                    "Actual Rows": 1756900,
                                                    "Actual Loops": 1
                                                }
                                            ],
                                            "Plans": [
                                                {
                                                    "Node Type": "Hash Join",
                                                    "Parent Relationship": "Outer",
                                                    "Parallel Aware": true,
                                                    "Join Type": "Inner",
                                                    "Startup Cost": 50219.81,
                                                    "Total Cost": 254958.13,
                                                    "Plan Rows": 2231456,
                                                    "Plan Width": 8,
                                                    "Actual Startup Time": 266.465,
                                                    "Actual Total Time": 1186.256,
                                                    "Actual Rows": 1601535,
                                                    "Actual Loops": 7,
                                                    "Output": [
                                                        "t.id",
                                                        "mi.movie_id"
                                                    ],
                                                    "Inner Unique": true,
                                                    "Hash Cond": "(mi.movie_id = t.id)",
                                                    "Workers": [
                                                        {
                                                            "Worker Number": 0,
                                                            "Actual Startup Time": 266.515,
                                                            "Actual Total Time": 1192.59,
                                                            "Actual Rows": 1240137,
                                                            "Actual Loops": 1
                                                        },
                                                        {
                                                            "Worker Number": 1,
                                                            "Actual Startup Time": 266.274,
                                                            "Actual Total Time": 1184.863,
                                                            "Actual Rows": 1632286,
                                                            "Actual Loops": 1
                                                        },
                                                        {
                                                            "Worker Number": 2,
                                                            "Actual Startup Time": 266.445,
                                                            "Actual Total Time": 1185.132,
                                                            "Actual Rows": 1600744,
                                                            "Actual Loops": 1
                                                        },
                                                        {
                                                            "Worker Number": 3,
                                                            "Actual Startup Time": 266.485,
                                                            "Actual Total Time": 1187.14,
                                                            "Actual Rows": 1778035,
                                                            "Actual Loops": 1
                                                        },
                                                        {
                                                            "Worker Number": 4,
                                                            "Actual Startup Time": 266.43,
                                                            "Actual Total Time": 1185.015,
                                                            "Actual Rows": 1773836,
                                                            "Actual Loops": 1
                                                        },
                                                        {
                                                            "Worker Number": 5,
                                                            "Actual Startup Time": 266.465,
                                                            "Actual Total Time": 1186.833,
                                                            "Actual Rows": 1756900,
                                                            "Actual Loops": 1
                                                        }
                                                    ],
                                                    "Plans": [
                                                        {
                                                            "Node Type": "Seq Scan",
                                                            "Parent Relationship": "Outer",
                                                            "Parallel Aware": true,
                                                            "Relation Name": "movie_info",
                                                            "Schema": "public",
                                                            "Alias": "mi",
                                                            "Startup Cost": 0.0,
                                                            "Total Cost": 198880.74,
                                                            "Plan Rows": 2231456,
                                                            "Plan Width": 4,
                                                            "Actual Startup Time": 0.027,
                                                            "Actual Total Time": 327.744,
                                                            "Actual Rows": 1601535,
                                                            "Actual Loops": 7,
                                                            "Output": [
                                                                "mi.id",
                                                                "mi.movie_id",
                                                                "mi.info_type_id",
                                                                "mi.info",
                                                                "mi.note"
                                                            ],
                                                            "Filter": "(mi.info_type_id > 3)",
                                                            "Rows Removed by Filter": 517854,
                                                            "Workers": [
                                                                {
                                                                    "Worker Number": 0,
                                                                    "Actual Startup Time": 0.037,
                                                                    "Actual Total Time": 348.773,
                                                                    "Actual Rows": 1240137,
                                                                    "Actual Loops": 1
                                                                },
                                                                {
                                                                    "Worker Number": 1,
                                                                    "Actual Startup Time": 0.025,
                                                                    "Actual Total Time": 321.009,
                                                                    "Actual Rows": 1632286,
                                                                    "Actual Loops": 1
                                                                },
                                                                {
                                                                    "Worker Number": 2,
                                                                    "Actual Startup Time": 0.031,
                                                                    "Actual Total Time": 320.349,
                                                                    "Actual Rows": 1600744,
                                                                    "Actual Loops": 1
                                                                },
                                                                {
                                                                    "Worker Number": 3,
                                                                    "Actual Startup Time": 0.026,
                                                                    "Actual Total Time": 335.723,
                                                                    "Actual Rows": 1778035,
                                                                    "Actual Loops": 1
                                                                },
                                                                {
                                                                    "Worker Number": 4,
                                                                    "Actual Startup Time": 0.029,
                                                                    "Actual Total Time": 333.484,
                                                                    "Actual Rows": 1773836,
                                                                    "Actual Loops": 1
                                                                },
                                                                {
                                                                    "Worker Number": 5,
                                                                    "Actual Startup Time": 0.027,
                                                                    "Actual Total Time": 334.099,
                                                                    "Actual Rows": 1756900,
                                                                    "Actual Loops": 1
                                                                }
                                                            ]
                                                        },
                                                        {
                                                            "Node Type": "Hash",
                                                            "Parent Relationship": "Inner",
                                                            "Parallel Aware": true,
                                                            "Startup Cost": 42318.81,
                                                            "Total Cost": 42318.81,
                                                            "Plan Rows": 632080,
                                                            "Plan Width": 4,
                                                            "Actual Startup Time": 260.905,
                                                            "Actual Total Time": 260.906,
                                                            "Actual Rows": 361187,
                                                            "Actual Loops": 7,
                                                            "Output": [
                                                                "t.id"
                                                            ],
                                                            "Hash Buckets": 4194304,
                                                            "Original Hash Buckets": 4194304,
                                                            "Hash Batches": 1,
                                                            "Original Hash Batches": 1,
                                                            "Peak Memory Usage": 131776,
                                                            "Workers": [
                                                                {
                                                                    "Worker Number": 0,
                                                                    "Actual Startup Time": 266.174,
                                                                    "Actual Total Time": 266.175,
                                                                    "Actual Rows": 278600,
                                                                    "Actual Loops": 1
                                                                },
                                                                {
                                                                    "Worker Number": 1,
                                                                    "Actual Startup Time": 266.119,
                                                                    "Actual Total Time": 266.121,
                                                                    "Actual Rows": 361246,
                                                                    "Actual Loops": 1
                                                                },
                                                                {
                                                                    "Worker Number": 2,
                                                                    "Actual Startup Time": 266.126,
                                                                    "Actual Total Time": 266.128,
                                                                    "Actual Rows": 350039,
                                                                    "Actual Loops": 1
                                                                },
                                                                {
                                                                    "Worker Number": 3,
                                                                    "Actual Startup Time": 266.174,
                                                                    "Actual Total Time": 266.175,
                                                                    "Actual Rows": 389469,
                                                                    "Actual Loops": 1
                                                                },
                                                                {
                                                                    "Worker Number": 4,
                                                                    "Actual Startup Time": 266.158,
                                                                    "Actual Total Time": 266.159,
                                                                    "Actual Rows": 379860,
                                                                    "Actual Loops": 1
                                                                },
                                                                {
                                                                    "Worker Number": 5,
                                                                    "Actual Startup Time": 266.178,
                                                                    "Actual Total Time": 266.18,
                                                                    "Actual Rows": 384392,
                                                                    "Actual Loops": 1
                                                                }
                                                            ],
                                                            "Plans": [
                                                                {
                                                                    "Node Type": "Seq Scan",
                                                                    "Parent Relationship": "Outer",
                                                                    "Parallel Aware": true,
                                                                    "Relation Name": "title",
                                                                    "Schema": "public",
                                                                    "Alias": "t",
                                                                    "Startup Cost": 0.0,
                                                                    "Total Cost": 42318.81,
                                                                    "Plan Rows": 632080,
                                                                    "Plan Width": 4,
                                                                    "Actual Startup Time": 0.071,
                                                                    "Actual Total Time": 68.702,
                                                                    "Actual Rows": 361187,
                                                                    "Actual Loops": 7,
                                                                    "Output": [
                                                                        "t.id"
                                                                    ],
                                                                    "Workers": [
                                                                        {
                                                                            "Worker Number": 0,
                                                                            "Actual Startup Time": 0.09,
                                                                            "Actual Total Time": 73.922,
                                                                            "Actual Rows": 278600,
                                                                            "Actual Loops": 1
                                                                        },
                                                                        {
                                                                            "Worker Number": 1,
                                                                            "Actual Startup Time": 0.073,
                                                                            "Actual Total Time": 68.086,
                                                                            "Actual Rows": 361246,
                                                                            "Actual Loops": 1
                                                                        },
                                                                        {
                                                                            "Worker Number": 2,
                                                                            "Actual Startup Time": 0.084,
                                                                            "Actual Total Time": 67.961,
                                                                            "Actual Rows": 350039,
                                                                            "Actual Loops": 1
                                                                        },
                                                                        {
                                                                            "Worker Number": 3,
                                                                            "Actual Startup Time": 0.073,
                                                                            "Actual Total Time": 70.598,
                                                                            "Actual Rows": 389469,
                                                                            "Actual Loops": 1
                                                                        },
                                                                        {
                                                                            "Worker Number": 4,
                                                                            "Actual Startup Time": 0.08,
                                                                            "Actual Total Time": 70.207,
                                                                            "Actual Rows": 379860,
                                                                            "Actual Loops": 1
                                                                        },
                                                                        {
                                                                            "Worker Number": 5,
                                                                            "Actual Startup Time": 0.076,
                                                                            "Actual Total Time": 70.951,
                                                                            "Actual Rows": 384392,
                                                                            "Actual Loops": 1
                                                                        }
                                                                    ]
                                                                }
                                                            ]
                                                        }
                                                    ]
                                                }
                                            ]
                                        }
                                    ]
                                }
                            ]
                        }
                    ]
                }
            ]
        },
        "Planning Time": 282.661,
        "Triggers": [],
        "Execution Time": 8458.203
    }
]