[
  {
    "Plan": {
      "Node Type": "Aggregate",
      "Strategy": "Plain",
      "Partial Mode": "Finalize",
      "Parallel Aware": false,
      "Startup Cost": 39708.93,
      "Total Cost": 39708.94,
      "Plan Rows": 1,
      "Plan Width": 8,
      "Actual Startup Time": 37.393,
      "Actual Total Time": 42.456,
      "Actual Rows": 1,
      "Actual Loops": 1,
      "Plans": [
        {
          "Node Type": "Gather",
          "Parent Relationship": "Outer",
          "Parallel Aware": false,
          "Startup Cost": 39708.51,
          "Total Cost": 39708.92,
          "Plan Rows": 4,
          "Plan Width": 8,
          "Actual Startup Time": 37.174,
          "Actual Total Time": 42.451,
          "Actual Rows": 5,
          "Actual Loops": 1,
          "Workers Planned": 4,
          "Workers Launched": 4,
          "Single Copy": false,
          "Plans": [
            {
              "Node Type": "Aggregate",
              "Strategy": "Plain",
              "Partial Mode": "Partial",
              "Parent Relationship": "Outer",
              "Parallel Aware": false,
              "Startup Cost": 38708.51,
              "Total Cost": 38708.52,
              "Plan Rows": 1,
              "Plan Width": 8,
              "Actual Startup Time": 31.267,
              "Actual Total Time": 31.268,
              "Actual Rows": 1,
              "Actual Loops": 5,
              "Plans": [
                {
                  "Node Type": "Bitmap Heap Scan",
                  "Parent Relationship": "Outer",
                  "Parallel Aware": true,
                  "Relation Name": "title",
                  "Alias": "t",
                  "Startup Cost": 2192.38,
                  "Total Cost": 38645.81,
                  "Plan Rows": 25080,
                  "Plan Width": 0,
                  "Actual Startup Time": 3.397,
                  "Actual Total Time": 29.789,
                  "Actual Rows": 23582,
                  "Actual Loops": 5,
                  "Recheck Cond": "(kind_id = 4)",
                  "Rows Removed by Index Recheck": 0,
                  "Filter": "(production_year > 1970)",
                  "Rows Removed by Filter": 65,
                  "Exact Heap Blocks": 6340,
                  "Lossy Heap Blocks": 0,
                  "Plans": [
                    {
                      "Node Type": "Bitmap Index Scan",
                      "Parent Relationship": "Outer",
                      "Parallel Aware": false,
                      "Index Name": "kind_id_title",
                      "Startup Cost": 0.0,
                      "Total Cost": 2167.3,
                      "Plan Rows": 121449,
                      "Plan Width": 0,
                      "Actual Startup Time": 5.807,
                      "Actual Total Time": 5.807,
                      "Actual Rows": 118234,
                      "Actual Loops": 1,
                      "Index Cond": "(kind_id = 4)"
                    }
                  ]
                }
              ]
            }
          ]
        }
      ]
    },
    "Planning Time": 0.151,
    "Triggers": [],
    "Execution Time": 42.52
  }
]