{
    "Plan": {
        "Node Type": "Aggregate",
        "Strategy": "Plain",
        "Partial Mode": "Finalize",
        "Parallel Aware": false,
        "Startup Cost": 387977.07,
        "Total Cost": 387977.08,
        "Plan Rows": 1,
        "Plan Width": 8,
        "Actual Startup Time": 1572.855,
        "Actual Total Time": 1620.989,
        "Actual Rows": 1,
        "Actual Loops": 1,
        "Output": [
            "count(*)"
        ],
        "Plans": [
            {
                "Node Type": "Gather",
                "Parent Relationship": "Outer",
                "Parallel Aware": false,
                "Startup Cost": 387976.44,
                "Total Cost": 387977.05,
                "Plan Rows": 6,
                "Plan Width": 8,
                "Actual Startup Time": 1569.596,
                "Actual Total Time": 1620.978,
                "Actual Rows": 7,
                "Actual Loops": 1,
                "Output": [
                    "(PARTIAL count(*))"
                ],
                "Workers Planned": 6,
                "Workers Launched": 6,
                "Single Copy": false,
                "Plans": [
                    {
                        "Node Type": "Aggregate",
                        "Strategy": "Plain",
                        "Partial Mode": "Partial",
                        "Parent Relationship": "Outer",
                        "Parallel Aware": false,
                        "Startup Cost": 386976.44,
                        "Total Cost": 386976.45,
                        "Plan Rows": 1,
                        "Plan Width": 8,
                        "Actual Startup Time": 1558.7,
                        "Actual Total Time": 1558.703,
                        "Actual Rows": 1,
                        "Actual Loops": 7,
                        "Output": [
                            "PARTIAL count(*)"
                        ],
                        "Workers": [
                            {
                                "Worker Number": 0,
                                "Actual Startup Time": 1556.578,
                                "Actual Total Time": 1556.581,
                                "Actual Rows": 1,
                                "Actual Loops": 1
                            },
                            {
                                "Worker Number": 1,
                                "Actual Startup Time": 1556.855,
                                "Actual Total Time": 1556.857,
                                "Actual Rows": 1,
                                "Actual Loops": 1
                            },
                            {
                                "Worker Number": 2,
                                "Actual Startup Time": 1557.305,
                                "Actual Total Time": 1557.308,
                                "Actual Rows": 1,
                                "Actual Loops": 1
                            },
                            {
                                "Worker Number": 3,
                                "Actual Startup Time": 1556.846,
                                "Actual Total Time": 1556.848,
                                "Actual Rows": 1,
                                "Actual Loops": 1
                            },
                            {
                                "Worker Number": 4,
                                "Actual Startup Time": 1557.227,
                                "Actual Total Time": 1557.23,
                                "Actual Rows": 1,
                                "Actual Loops": 1
                            },
                            {
                                "Worker Number": 5,
                                "Actual Startup Time": 1557.297,
                                "Actual Total Time": 1557.299,
                                "Actual Rows": 1,
                                "Actual Loops": 1
                            }
                        ],
                        "Plans": [
                            {
                                "Node Type": "Hash Join",
                                "Parent Relationship": "Outer",
                                "Parallel Aware": true,
                                "Join Type": "Inner",
                                "Startup Cost": 45996.98,
                                "Total Cost": 384399.73,
                                "Plan Rows": 1030685,
                                "Plan Width": 0,
                                "Actual Startup Time": 245.389,
                                "Actual Total Time": 1519.884,
                                "Actual Rows": 920218,
                                "Actual Loops": 7,
                                "Inner Unique": true,
                                "Hash Cond": "(ci.movie_id = t.id)",
                                "Workers": [
                                    {
                                        "Worker Number": 0,
                                        "Actual Startup Time": 243.309,
                                        "Actual Total Time": 1517.395,
                                        "Actual Rows": 926023,
                                        "Actual Loops": 1
                                    },
                                    {
                                        "Worker Number": 1,
                                        "Actual Startup Time": 243.548,
                                        "Actual Total Time": 1517.606,
                                        "Actual Rows": 928207,
                                        "Actual Loops": 1
                                    },
                                    {
                                        "Worker Number": 2,
                                        "Actual Startup Time": 243.561,
                                        "Actual Total Time": 1518.464,
                                        "Actual Rows": 917201,
                                        "Actual Loops": 1
                                    },
                                    {
                                        "Worker Number": 3,
                                        "Actual Startup Time": 243.562,
                                        "Actual Total Time": 1517.252,
                                        "Actual Rows": 935941,
                                        "Actual Loops": 1
                                    },
                                    {
                                        "Worker Number": 4,
                                        "Actual Startup Time": 243.958,
                                        "Actual Total Time": 1522.392,
                                        "Actual Rows": 860554,
                                        "Actual Loops": 1
                                    },
                                    {
                                        "Worker Number": 5,
                                        "Actual Startup Time": 244.029,
                                        "Actual Total Time": 1517.855,
                                        "Actual Rows": 932818,
                                        "Actual Loops": 1
                                    }
                                ],
                                "Plans": [
                                    {
                                        "Node Type": "Seq Scan",
                                        "Parent Relationship": "Outer",
                                        "Parallel Aware": true,
                                        "Relation Name": "cast_info",
                                        "Schema": "public",
                                        "Alias": "ci",
                                        "Startup Cost": 0.0,
                                        "Total Cost": 328213.62,
                                        "Plan Rows": 3881565,
                                        "Plan Width": 4,
                                        "Actual Startup Time": 129.015,
                                        "Actual Total Time": 589.621,
                                        "Actual Rows": 3327733,
                                        "Actual Loops": 7,
                                        "Output": [
                                            "ci.id",
                                            "ci.person_id",
                                            "ci.movie_id",
                                            "ci.person_role_id",
                                            "ci.note",
                                            "ci.nr_order",
                                            "ci.role_id"
                                        ],
                                        "Filter": "(ci.person_id > 1279308)",
                                        "Rows Removed by Filter": 1850031,
                                        "Workers": [
                                            {
                                                "Worker Number": 0,
                                                "Actual Startup Time": 129.008,
                                                "Actual Total Time": 610.711,
                                                "Actual Rows": 3309365,
                                                "Actual Loops": 1
                                            },
                                            {
                                                "Worker Number": 1,
                                                "Actual Startup Time": 129.01,
                                                "Actual Total Time": 615.275,
                                                "Actual Rows": 3361777,
                                                "Actual Loops": 1
                                            },
                                            {
                                                "Worker Number": 2,
                                                "Actual Startup Time": 129.026,
                                                "Actual Total Time": 613.214,
                                                "Actual Rows": 3341100,
                                                "Actual Loops": 1
                                            },
                                            {
                                                "Worker Number": 3,
                                                "Actual Startup Time": 129.036,
                                                "Actual Total Time": 617.062,
                                                "Actual Rows": 3385429,
                                                "Actual Loops": 1
                                            },
                                            {
                                                "Worker Number": 4,
                                                "Actual Startup Time": 129.023,
                                                "Actual Total Time": 557.839,
                                                "Actual Rows": 3117300,
                                                "Actual Loops": 1
                                            },
                                            {
                                                "Worker Number": 5,
                                                "Actual Startup Time": 129.007,
                                                "Actual Total Time": 615.587,
                                                "Actual Rows": 3364420,
                                                "Actual Loops": 1
                                            }
                                        ]
                                    },
                                    {
                                        "Node Type": "Hash",
                                        "Parent Relationship": "Inner",
                                        "Parallel Aware": true,
                                        "Startup Cost": 43899.01,
                                        "Total Cost": 43899.01,
                                        "Plan Rows": 167838,
                                        "Plan Width": 4,
                                        "Actual Startup Time": 112.871,
                                        "Actual Total Time": 112.872,
                                        "Actual Rows": 94689,
                                        "Actual Loops": 7,
                                        "Output": [
                                            "t.id"
                                        ],
                                        "Hash Buckets": 1048576,
                                        "Original Hash Buckets": 1048576,
                                        "Hash Batches": 1,
                                        "Original Hash Batches": 1,
                                        "Peak Memory Usage": 34272,
                                        "Workers": [
                                            {
                                                "Worker Number": 0,
                                                "Actual Startup Time": 113.618,
                                                "Actual Total Time": 113.62,
                                                "Actual Rows": 91684,
                                                "Actual Loops": 1
                                            },
                                            {
                                                "Worker Number": 1,
                                                "Actual Startup Time": 113.782,
                                                "Actual Total Time": 113.783,
                                                "Actual Rows": 94179,
                                                "Actual Loops": 1
                                            },
                                            {
                                                "Worker Number": 2,
                                                "Actual Startup Time": 113.772,
                                                "Actual Total Time": 113.773,
                                                "Actual Rows": 94115,
                                                "Actual Loops": 1
                                            },
                                            {
                                                "Worker Number": 3,
                                                "Actual Startup Time": 113.751,
                                                "Actual Total Time": 113.752,
                                                "Actual Rows": 94826,
                                                "Actual Loops": 1
                                            },
                                            {
                                                "Worker Number": 4,
                                                "Actual Startup Time": 114.305,
                                                "Actual Total Time": 114.306,
                                                "Actual Rows": 88745,
                                                "Actual Loops": 1
                                            },
                                            {
                                                "Worker Number": 5,
                                                "Actual Startup Time": 114.377,
                                                "Actual Total Time": 114.378,
                                                "Actual Rows": 94284,
                                                "Actual Loops": 1
                                            }
                                        ],
                                        "Plans": [
                                            {
                                                "Node Type": "Seq Scan",
                                                "Parent Relationship": "Outer",
                                                "Parallel Aware": true,
                                                "Relation Name": "title",
                                                "Schema": "public",
                                                "Alias": "t",
                                                "Startup Cost": 0.0,
                                                "Total Cost": 43899.01,
                                                "Plan Rows": 167838,
                                                "Plan Width": 4,
                                                "Actual Startup Time": 41.06,
                                                "Actual Total Time": 73.58,
                                                "Actual Rows": 94689,
                                                "Actual Loops": 7,
                                                "Output": [
                                                    "t.id"
                                                ],
                                                "Filter": "(t.kind_id = 1)",
                                                "Rows Removed by Filter": 266498,
                                                "Workers": [
                                                    {
                                                        "Worker Number": 0,
                                                        "Actual Startup Time": 46.846,
                                                        "Actual Total Time": 74.35,
                                                        "Actual Rows": 91684,
                                                        "Actual Loops": 1
                                                    },
                                                    {
                                                        "Worker Number": 1,
                                                        "Actual Startup Time": 46.869,
                                                        "Actual Total Time": 74.733,
                                                        "Actual Rows": 94179,
                                                        "Actual Loops": 1
                                                    },
                                                    {
                                                        "Worker Number": 2,
                                                        "Actual Startup Time": 46.896,
                                                        "Actual Total Time": 74.706,
                                                        "Actual Rows": 94115,
                                                        "Actual Loops": 1
                                                    },
                                                    {
                                                        "Worker Number": 3,
                                                        "Actual Startup Time": 5.893,
                                                        "Actual Total Time": 74.517,
                                                        "Actual Rows": 94826,
                                                        "Actual Loops": 1
                                                    },
                                                    {
                                                        "Worker Number": 4,
                                                        "Actual Startup Time": 47.038,
                                                        "Actual Total Time": 72.753,
                                                        "Actual Rows": 88745,
                                                        "Actual Loops": 1
                                                    },
                                                    {
                                                        "Worker Number": 5,
                                                        "Actual Startup Time": 46.924,
                                                        "Actual Total Time": 74.529,
                                                        "Actual Rows": 94284,
                                                        "Actual Loops": 1
                                                    }
                                                ]
                                            }
                                        ]
                                    }
                                ]
                            }
                        ]
                    }
                ]
            }
        ]
    },
    "Planning Time": 0.627,
    "Triggers": [],
    "Execution Time": 1621.126
}