[
  {
    "Plan": {
      "Node Type": "Aggregate",
      "Strategy": "Plain",
      "Partial Mode": "Simple",
      "Parallel Aware": false,
      "Startup Cost": 11309.33,
      "Total Cost": 11309.34,
      "Plan Rows": 1,
      "Plan Width": 128,
      "Actual Startup Time": 3802.696,
      "Actual Total Time": 3802.702,
      "Actual Rows": 1,
      "Actual Loops": 1,
      "Output": [
        "min(mi.info)",
        "min(mi_idx.info)",
        "min(n.name)",
        "min(t.title)"
      ],
      "Plans": [
        {
          "Node Type": "Nested Loop",
          "Parent Relationship": "Outer",
          "Parallel Aware": false,
          "Join Type": "Inner",
          "Startup Cost": 13.09,
          "Total Cost": 11309.32,
          "Plan Rows": 1,
          "Plan Width": 81,
          "Actual Startup Time": 12.752,
          "Actual Total Time": 3800.958,
          "Actual Rows": 2761,
          "Actual Loops": 1,
          "Output": [
            "mi.info",
            "mi_idx.info",
            "n.name",
            "t.title"
          ],
          "Inner Unique": false,
          "Join Filter": "(mi.info_type_id = it1.id)",
          "Rows Removed by Join Filter": 92,
          "Plans": [
            {
              "Node Type": "Seq Scan",
              "Parent Relationship": "Outer",
              "Parallel Aware": false,
              "Relation Name": "info_type",
              "Schema": "public",
              "Alias": "it1",
              "Startup Cost": 0.0,
              "Total Cost": 2.41,
              "Plan Rows": 1,
              "Plan Width": 4,
              "Actual Startup Time": 0.033,
              "Actual Total Time": 0.039,
              "Actual Rows": 1,
              "Actual Loops": 1,
              "Output": [
                "it1.id",
                "it1.info"
              ],
              "Filter": "((it1.info)::text = 'genres'::text)",
              "Rows Removed by Filter": 112
            },
            {
              "Node Type": "Nested Loop",
              "Parent Relationship": "Inner",
              "Parallel Aware": false,
              "Join Type": "Inner",
              "Startup Cost": 13.09,
              "Total Cost": 11300.66,
              "Plan Rows": 500,
              "Plan Width": 85,
              "Actual Startup Time": 12.713,
              "Actual Total Time": 3800.183,
              "Actual Rows": 2853,
              "Actual Loops": 1,
              "Output": [
                "mi.info",
                "mi.info_type_id",
                "mi_idx.info",
                "n.name",
                "t.title"
              ],
              "Inner Unique": false,
              "Join Filter": "(t.id = mi.movie_id)",
              "Rows Removed by Join Filter": 0,
              "Plans": [
                {
                  "Node Type": "Nested Loop",
                  "Parent Relationship": "Outer",
                  "Parallel Aware": false,
                  "Join Type": "Inner",
                  "Startup Cost": 12.66,
                  "Total Cost": 11295.59,
                  "Plan Rows": 3,
                  "Plan Width": 53,
                  "Actual Startup Time": 11.757,
                  "Actual Total Time": 3276.059,
                  "Actual Rows": 3982,
                  "Actual Loops": 1,
                  "Output": [
                    "ci.movie_id",
                    "mi_idx.info",
                    "mi_idx.movie_id",
                    "mk.movie_id",
                    "n.name",
                    "t.title",
                    "t.id"
                  ],
                  "Inner Unique": true,
                  "Join Filter": "(mi_idx.movie_id = t.id)",
                  "Rows Removed by Join Filter": 0,
                  "Plans": [
                    {
                      "Node Type": "Nested Loop",
                      "Parent Relationship": "Outer",
                      "Parallel Aware": false,
                      "Join Type": "Inner",
                      "Startup Cost": 12.23,
                      "Total Cost": 11294.09,
                      "Plan Rows": 3,
                      "Plan Width": 32,
                      "Actual Startup Time": 11.488,
                      "Actual Total Time": 3206.363,
                      "Actual Rows": 3982,
                      "Actual Loops": 1,
                      "Output": [
                        "ci.movie_id",
                        "mi_idx.info",
                        "mi_idx.movie_id",
                        "mk.movie_id",
                        "n.name"
                      ],
                      "Inner Unique": true,
                      "Plans": [
                        {
                          "Node Type": "Nested Loop",
                          "Parent Relationship": "Outer",
                          "Parallel Aware": false,
                          "Join Type": "Inner",
                          "Startup Cost": 11.8,
                          "Total Cost": 11288.75,
                          "Plan Rows": 8,
                          "Plan Width": 21,
                          "Actual Startup Time": 11.249,
                          "Actual Total Time": 3075.132,
                          "Actual Rows": 7642,
                          "Actual Loops": 1,
                          "Output": [
                            "ci.movie_id",
                            "ci.person_id",
                            "mi_idx.info",
                            "mi_idx.movie_id",
                            "mk.movie_id"
                          ],
                          "Inner Unique": false,
                          "Join Filter": "(mi_idx.movie_id = ci.movie_id)",
                          "Rows Removed by Join Filter": 0,
                          "Plans": [
                            {
                              "Node Type": "Nested Loop",
                              "Parent Relationship": "Outer",
                              "Parallel Aware": false,
                              "Join Type": "Inner",
                              "Startup Cost": 11.23,
                              "Total Cost": 11277.98,
                              "Plan Rows": 6,
                              "Plan Width": 13,
                              "Actual Startup Time": 2.517,
                              "Actual Total Time": 425.275,
                              "Actual Rows": 26368,
                              "Actual Loops": 1,
                              "Output": [
                                "mi_idx.info",
                                "mi_idx.movie_id",
                                "mk.movie_id"
                              ],
                              "Inner Unique": false,
                              "Join Filter": "(mi_idx.info_type_id = it2.id)",
                              "Rows Removed by Join Filter": 52844,
                              "Plans": [
                                {
                                  "Node Type": "Seq Scan",
                                  "Parent Relationship": "Outer",
                                  "Parallel Aware": false,
                                  "Relation Name": "info_type",
                                  "Schema": "public",
                                  "Alias": "it2",
                                  "Startup Cost": 0.0,
                                  "Total Cost": 2.41,
                                  "Plan Rows": 1,
                                  "Plan Width": 4,
                                  "Actual Startup Time": 0.032,
                                  "Actual Total Time": 0.034,
                                  "Actual Rows": 1,
                                  "Actual Loops": 1,
                                  "Output": [
                                    "it2.id",
                                    "it2.info"
                                  ],
                                  "Filter": "((it2.info)::text = 'votes'::text)",
                                  "Rows Removed by Filter": 112
                                },
                                {
                                  "Node Type": "Nested Loop",
                                  "Parent Relationship": "Inner",
                                  "Parallel Aware": false,
                                  "Join Type": "Inner",
                                  "Startup Cost": 11.23,
                                  "Total Cost": 11266.86,
                                  "Plan Rows": 696,
                                  "Plan Width": 17,
                                  "Actual Startup Time": 2.478,
                                  "Actual Total Time": 415.996,
                                  "Actual Rows": 79212,
                                  "Actual Loops": 1,
                                  "Output": [
                                    "mk.movie_id",
                                    "mi_idx.info",
                                    "mi_idx.movie_id",
                                    "mi_idx.info_type_id"
                                  ],
                                  "Inner Unique": false,
                                  "Plans": [
                                    {
                                      "Node Type": "Nested Loop",
                                      "Parent Relationship": "Outer",
                                      "Parallel Aware": false,
                                      "Join Type": "Inner",
                                      "Startup Cost": 10.8,
                                      "Total Cost": 11143.55,
                                      "Plan Rows": 236,
                                      "Plan Width": 4,
                                      "Actual Startup Time": 2.234,
                                      "Actual Total Time": 156.561,
                                      "Actual Rows": 39100,
                                      "Actual Loops": 1,
                                      "Output": [
                                        "mk.movie_id"
                                      ],
                                      "Inner Unique": false,
                                      "Plans": [
                                        {
                                          "Node Type": "Seq Scan",
                                          "Parent Relationship": "Outer",
                                          "Parallel Aware": false,
                                          "Relation Name": "keyword",
                                          "Schema": "public",
                                          "Alias": "k",
                                          "Startup Cost": 0.0,
                                          "Total Cost": 3464.69,
                                          "Plan Rows": 7,
                                          "Plan Width": 4,
                                          "Actual Startup Time": 0.394,
                                          "Actual Total Time": 20.364,
                                          "Actual Rows": 6,
                                          "Actual Loops": 1,
                                          "Output": [
                                            "k.id",
                                            "k.keyword",
                                            "k.phonetic_code"
                                          ],
                                          "Filter": "(k.keyword = ANY ('{based-on-comic,tv-special,superhero,based-on-novel,tv-special,laser,1920s}'::text[]))",
                                          "Rows Removed by Filter": 134164
                                        },
                                        {
                                          "Node Type": "Bitmap Heap Scan",
                                          "Parent Relationship": "Inner",
                                          "Parallel Aware": false,
                                          "Relation Name": "movie_keyword",
                                          "Schema": "public",
                                          "Alias": "mk",
                                          "Startup Cost": 10.8,
                                          "Total Cost": 1093.92,
                                          "Plan Rows": 306,
                                          "Plan Width": 8,
                                          "Actual Startup Time": 1.978,
                                          "Actual Total Time": 21.684,
                                          "Actual Rows": 6517,
                                          "Actual Loops": 6,
                                          "Output": [
                                            "mk.id",
                                            "mk.movie_id",
                                            "mk.keyword_id"
                                          ],
                                          "Recheck Cond": "(mk.keyword_id = k.id)",
                                          "Rows Removed by Index Recheck": 0,
                                          "Exact Heap Blocks": 18122,
                                          "Lossy Heap Blocks": 0,
                                          "Plans": [
                                            {
                                              "Node Type": "Bitmap Index Scan",
                                              "Parent Relationship": "Outer",
                                              "Parallel Aware": false,
                                              "Index Name": "keyword_id_movie_keyword",
                                              "Startup Cost": 0.0,
                                              "Total Cost": 10.73,
                                              "Plan Rows": 306,
                                              "Plan Width": 0,
                                              "Actual Startup Time": 1.402,
                                              "Actual Total Time": 1.402,
                                              "Actual Rows": 6517,
                                              "Actual Loops": 6,
                                              "Index Cond": "(mk.keyword_id = k.id)"
                                            }
                                          ]
                                        }
                                      ]
                                    },
                                    {
                                      "Node Type": "Index Scan",
                                      "Parent Relationship": "Inner",
                                      "Parallel Aware": false,
                                      "Scan Direction": "Forward",
                                      "Index Name": "movie_id_movie_info_idx",
                                      "Relation Name": "movie_info_idx",
                                      "Schema": "public",
                                      "Alias": "mi_idx",
                                      "Startup Cost": 0.43,
                                      "Total Cost": 0.49,
                                      "Plan Rows": 3,
                                      "Plan Width": 13,
                                      "Actual Startup Time": 0.006,
                                      "Actual Total Time": 0.006,
                                      "Actual Rows": 2,
                                      "Actual Loops": 39100,
                                      "Output": [
                                        "mi_idx.id",
                                        "mi_idx.movie_id",
                                        "mi_idx.info_type_id",
                                        "mi_idx.info",
                                        "mi_idx.note"
                                      ],
                                      "Index Cond": "(mi_idx.movie_id = mk.movie_id)",
                                      "Rows Removed by Index Recheck": 0
                                    }
                                  ]
                                }
                              ]
                            },
                            {
                              "Node Type": "Index Scan",
                              "Parent Relationship": "Inner",
                              "Parallel Aware": false,
                              "Scan Direction": "Forward",
                              "Index Name": "movie_id_cast_info",
                              "Relation Name": "cast_info",
                              "Schema": "public",
                              "Alias": "ci",
                              "Startup Cost": 0.56,
                              "Total Cost": 1.78,
                              "Plan Rows": 1,
                              "Plan Width": 8,
                              "Actual Startup Time": 0.092,
                              "Actual Total Time": 0.1,
                              "Actual Rows": 0,
                              "Actual Loops": 26368,
                              "Output": [
                                "ci.id",
                                "ci.person_id",
                                "ci.movie_id",
                                "ci.person_role_id",
                                "ci.note",
                                "ci.nr_order",
                                "ci.role_id"
                              ],
                              "Index Cond": "(ci.movie_id = mk.movie_id)",
                              "Rows Removed by Index Recheck": 0,
                              "Filter": "(ci.note = ANY ('{(writer),\"(head writer)\",\"(written by)\",(story),\"(story editor)\"}'::text[]))",
                              "Rows Removed by Filter": 43
                            }
                          ]
                        },
                        {
                          "Node Type": "Index Scan",
                          "Parent Relationship": "Inner",
                          "Parallel Aware": false,
                          "Scan Direction": "Forward",
                          "Index Name": "name_pkey",
                          "Relation Name": "name",
                          "Schema": "public",
                          "Alias": "n",
                          "Startup Cost": 0.43,
                          "Total Cost": 0.67,
                          "Plan Rows": 1,
                          "Plan Width": 19,
                          "Actual Startup Time": 0.016,
                          "Actual Total Time": 0.016,
                          "Actual Rows": 1,
                          "Actual Loops": 7642,
                          "Output": [
                            "n.id",
                            "n.name",
                            "n.imdb_index",
                            "n.imdb_id",
                            "n.gender",
                            "n.name_pcode_cf",
                            "n.name_pcode_nf",
                            "n.surname_pcode",
                            "n.md5sum"
                          ],
                          "Index Cond": "(n.id = ci.person_id)",
                          "Rows Removed by Index Recheck": 0,
                          "Filter": "((n.gender)::text = 'm'::text)",
                          "Rows Removed by Filter": 0
                        }
                      ]
                    },
                    {
                      "Node Type": "Index Scan",
                      "Parent Relationship": "Inner",
                      "Parallel Aware": false,
                      "Scan Direction": "Forward",
                      "Index Name": "title_pkey",
                      "Relation Name": "title",
                      "Schema": "public",
                      "Alias": "t",
                      "Startup Cost": 0.43,
                      "Total Cost": 0.49,
                      "Plan Rows": 1,
                      "Plan Width": 21,
                      "Actual Startup Time": 0.016,
                      "Actual Total Time": 0.016,
                      "Actual Rows": 1,
                      "Actual Loops": 3982,
                      "Output": [
                        "t.id",
                        "t.title",
                        "t.imdb_index",
                        "t.kind_id",
                        "t.production_year",
                        "t.imdb_id",
                        "t.phonetic_code",
                        "t.episode_of_id",
                        "t.season_nr",
                        "t.episode_nr",
                        "t.series_years",
                        "t.md5sum"
                      ],
                      "Index Cond": "(t.id = mk.movie_id)",
                      "Rows Removed by Index Recheck": 0
                    }
                  ]
                },
                {
                  "Node Type": "Index Scan",
                  "Parent Relationship": "Inner",
                  "Parallel Aware": false,
                  "Scan Direction": "Forward",
                  "Index Name": "movie_id_movie_info",
                  "Relation Name": "movie_info",
                  "Schema": "public",
                  "Alias": "mi",
                  "Startup Cost": 0.43,
                  "Total Cost": 1.68,
                  "Plan Rows": 1,
                  "Plan Width": 52,
                  "Actual Startup Time": 0.13,
                  "Actual Total Time": 0.131,
                  "Actual Rows": 1,
                  "Actual Loops": 3982,
                  "Output": [
                    "mi.id",
                    "mi.movie_id",
                    "mi.info_type_id",
                    "mi.info",
                    "mi.note"
                  ],
                  "Index Cond": "(mi.movie_id = mk.movie_id)",
                  "Rows Removed by Index Recheck": 0,
                  "Filter": "(mi.info = ANY ('{Horror,War,Drama,Western,Crime,Documentary}'::text[]))",
                  "Rows Removed by Filter": 57
                }
              ]
            }
          ]
        }
      ]
    },
    "Planning Time": 66631.507,
    "Triggers": [],
    "Execution Time": 3803.184
  }
]