[
  {
    "Plan": {
      "Node Type": "Aggregate",
      "Strategy": "Plain",
      "Partial Mode": "Finalize",
      "Parallel Aware": false,
      "Startup Cost": 170708.83,
      "Total Cost": 170708.84,
      "Plan Rows": 1,
      "Plan Width": 8,
      "Actual Startup Time": 339.697,
      "Actual Total Time": 362.705,
      "Actual Rows": 1,
      "Actual Loops": 1,
      "Plans": [
        {
          "Node Type": "Gather",
          "Parent Relationship": "Outer",
          "Parallel Aware": false,
          "Startup Cost": 170708.51,
          "Total Cost": 170708.82,
          "Plan Rows": 3,
          "Plan Width": 8,
          "Actual Startup Time": 338.796,
          "Actual Total Time": 362.692,
          "Actual Rows": 4,
          "Actual Loops": 1,
          "Workers Planned": 3,
          "Workers Launched": 3,
          "Single Copy": false,
          "Plans": [
            {
              "Node Type": "Aggregate",
              "Strategy": "Plain",
              "Partial Mode": "Partial",
              "Parent Relationship": "Outer",
              "Parallel Aware": false,
              "Startup Cost": 169708.51,
              "Total Cost": 169708.52,
              "Plan Rows": 1,
              "Plan Width": 8,
              "Actual Startup Time": 334.473,
              "Actual Total Time": 334.479,
              "Actual Rows": 1,
              "Actual Loops": 4,
              "Plans": [
                {
                  "Node Type": "Nested Loop",
                  "Parent Relationship": "Outer",
                  "Parallel Aware": false,
                  "Join Type": "Inner",
                  "Startup Cost": 45710.51,
                  "Total Cost": 169198.97,
                  "Plan Rows": 203819,
                  "Plan Width": 0,
                  "Actual Startup Time": 101.958,
                  "Actual Total Time": 331.276,
                  "Actual Rows": 73162,
                  "Actual Loops": 4,
                  "Inner Unique": false,
                  "Join Filter": "(t.id = mi.movie_id)",
                  "Rows Removed by Join Filter": 0,
                  "Plans": [
                    {
                      "Node Type": "Hash Join",
                      "Parent Relationship": "Outer",
                      "Parallel Aware": true,
                      "Join Type": "Inner",
                      "Startup Cost": 45710.07,
                      "Total Cost": 92073.77,
                      "Plan Rows": 40761,
                      "Plan Width": 8,
                      "Actual Startup Time": 101.865,
                      "Actual Total Time": 281.704,
                      "Actual Rows": 7212,
                      "Actual Loops": 4,
                      "Inner Unique": true,
                      "Hash Cond": "(mk.movie_id = t.id)",
                      "Plans": [
                        {
                          "Node Type": "Seq Scan",
                          "Parent Relationship": "Outer",
                          "Parallel Aware": true,
                          "Relation Name": "movie_keyword",
                          "Alias": "mk",
                          "Startup Cost": 0.0,
                          "Total Cost": 42695.65,
                          "Plan Rows": 1397344,
                          "Plan Width": 4,
                          "Actual Startup Time": 0.031,
                          "Actual Total Time": 110.769,
                          "Actual Rows": 1081876,
                          "Actual Loops": 4,
                          "Filter": "(keyword_id < 69522)",
                          "Rows Removed by Filter": 49106
                        },
                        {
                          "Node Type": "Hash",
                          "Parent Relationship": "Inner",
                          "Parallel Aware": true,
                          "Startup Cost": 45479.59,
                          "Total Cost": 45479.59,
                          "Plan Rows": 18439,
                          "Plan Width": 4,
                          "Actual Startup Time": 100.287,
                          "Actual Total Time": 100.289,
                          "Actual Rows": 21019,
                          "Actual Loops": 4,
                          "Hash Buckets": 131072,
                          "Original Hash Buckets": 131072,
                          "Hash Batches": 1,
                          "Original Hash Batches": 1,
                          "Peak Memory Usage": 4384,
                          "Plans": [
                            {
                              "Node Type": "Seq Scan",
                              "Parent Relationship": "Outer",
                              "Parallel Aware": true,
                              "Relation Name": "title",
                              "Alias": "t",
                              "Startup Cost": 0.0,
                              "Total Cost": 45479.59,
                              "Plan Rows": 18439,
                              "Plan Width": 4,
                              "Actual Startup Time": 0.021,
                              "Actual Total Time": 91.965,
                              "Actual Rows": 21019,
                              "Actual Loops": 4,
                              "Filter": "((kind_id = 7) AND (production_year = 2007))",
                              "Rows Removed by Filter": 611059
                            }
                          ]
                        }
                      ]
                    },
                    {
                      "Node Type": "Index Scan",
                      "Parent Relationship": "Inner",
                      "Parallel Aware": false,
                      "Scan Direction": "Forward",
                      "Index Name": "movie_id_movie_info",
                      "Relation Name": "movie_info",
                      "Alias": "mi",
                      "Startup Cost": 0.43,
                      "Total Cost": 1.45,
                      "Plan Rows": 35,
                      "Plan Width": 4,
                      "Actual Startup Time": 0.002,
                      "Actual Total Time": 0.006,
                      "Actual Rows": 10,
                      "Actual Loops": 28850,
                      "Index Cond": "(movie_id = mk.movie_id)",
                      "Rows Removed by Index Recheck": 0,
                      "Filter": "(info_type_id < 17)",
                      "Rows Removed by Filter": 2
                    }
                  ]
                }
              ]
            }
          ]
        }
      ]
    },
    "Planning Time": 1.561,
    "Triggers": [],
    "Execution Time": 362.798
  }
]