[
  {
    "Plan": {
      "Node Type": "Aggregate",
      "Strategy": "Plain",
      "Partial Mode": "Finalize",
      "Parallel Aware": false,
      "Startup Cost": 67356.11,
      "Total Cost": 67356.12,
      "Plan Rows": 1,
      "Plan Width": 8,
      "Actual Startup Time": 179.604,
      "Actual Total Time": 192.706,
      "Actual Rows": 1,
      "Actual Loops": 1,
      "Plans": [
        {
          "Node Type": "Gather",
          "Parent Relationship": "Outer",
          "Parallel Aware": false,
          "Startup Cost": 67355.69,
          "Total Cost": 67356.1,
          "Plan Rows": 4,
          "Plan Width": 8,
          "Actual Startup Time": 178.956,
          "Actual Total Time": 192.694,
          "Actual Rows": 5,
          "Actual Loops": 1,
          "Workers Planned": 4,
          "Workers Launched": 4,
          "Single Copy": false,
          "Plans": [
            {
              "Node Type": "Aggregate",
              "Strategy": "Plain",
              "Partial Mode": "Partial",
              "Parent Relationship": "Outer",
              "Parallel Aware": false,
              "Startup Cost": 66355.69,
              "Total Cost": 66355.7,
              "Plan Rows": 1,
              "Plan Width": 8,
              "Actual Startup Time": 168.986,
              "Actual Total Time": 168.99,
              "Actual Rows": 1,
              "Actual Loops": 5,
              "Plans": [
                {
                  "Node Type": "Hash Join",
                  "Parent Relationship": "Outer",
                  "Parallel Aware": true,
                  "Join Type": "Inner",
                  "Startup Cost": 20780.8,
                  "Total Cost": 66313.86,
                  "Plan Rows": 16731,
                  "Plan Width": 0,
                  "Actual Startup Time": 125.654,
                  "Actual Total Time": 168.325,
                  "Actual Rows": 12803,
                  "Actual Loops": 5,
                  "Inner Unique": false,
                  "Hash Cond": "(t.id = mc.movie_id)",
                  "Plans": [
                    {
                      "Node Type": "Seq Scan",
                      "Parent Relationship": "Outer",
                      "Parallel Aware": true,
                      "Relation Name": "title",
                      "Alias": "t",
                      "Startup Cost": 0.0,
                      "Total Cost": 42318.73,
                      "Plan Rows": 632073,
                      "Plan Width": 4,
                      "Actual Startup Time": 0.018,
                      "Actual Total Time": 72.576,
                      "Actual Rows": 505662,
                      "Actual Loops": 5
                    },
                    {
                      "Node Type": "Hash",
                      "Parent Relationship": "Inner",
                      "Parallel Aware": true,
                      "Startup Cost": 20510.95,
                      "Total Cost": 20510.95,
                      "Plan Rows": 21588,
                      "Plan Width": 4,
                      "Actual Startup Time": 27.157,
                      "Actual Total Time": 27.158,
                      "Actual Rows": 12803,
                      "Actual Loops": 5,
                      "Hash Buckets": 131072,
                      "Original Hash Buckets": 131072,
                      "Hash Batches": 1,
                      "Original Hash Batches": 1,
                      "Peak Memory Usage": 3616,
                      "Plans": [
                        {
                          "Node Type": "Bitmap Heap Scan",
                          "Parent Relationship": "Outer",
                          "Parallel Aware": true,
                          "Relation Name": "movie_companies",
                          "Alias": "mc",
                          "Startup Cost": 1451.09,
                          "Total Cost": 20510.95,
                          "Plan Rows": 21588,
                          "Plan Width": 4,
                          "Actual Startup Time": 5.514,
                          "Actual Total Time": 19.915,
                          "Actual Rows": 12803,
                          "Actual Loops": 5,
                          "Recheck Cond": "(company_id > 180873)",
                          "Rows Removed by Index Recheck": 0,
                          "Exact Heap Blocks": 907,
                          "Lossy Heap Blocks": 0,
                          "Plans": [
                            {
                              "Node Type": "Bitmap Index Scan",
                              "Parent Relationship": "Outer",
                              "Parallel Aware": false,
                              "Index Name": "company_id_movie_companies",
                              "Startup Cost": 0.0,
                              "Total Cost": 1434.36,
                              "Plan Rows": 66924,
                              "Plan Width": 0,
                              "Actual Startup Time": 8.584,
                              "Actual Total Time": 8.585,
                              "Actual Rows": 64017,
                              "Actual Loops": 1,
                              "Index Cond": "(company_id > 180873)"
                            }
                          ]
                        }
                      ]
                    }
                  ]
                }
              ]
            }
          ]
        }
      ]
    },
    "Planning Time": 0.655,
    "Triggers": [],
    "Execution Time": 192.803
  }
]