[
  {
    "Plan": {
      "Node Type": "Aggregate",
      "Strategy": "Plain",
      "Partial Mode": "Simple",
      "Parallel Aware": false,
      "Startup Cost": 46517.13,
      "Total Cost": 46517.14,
      "Plan Rows": 1,
      "Plan Width": 8,
      "Actual Startup Time": 89.025,
      "Actual Total Time": 103.454,
      "Actual Rows": 1,
      "Actual Loops": 1,
      "Plans": [
        {
          "Node Type": "Gather",
          "Parent Relationship": "Outer",
          "Parallel Aware": false,
          "Startup Cost": 1000.86,
          "Total Cost": 46517.13,
          "Plan Rows": 3,
          "Plan Width": 0,
          "Actual Startup Time": 58.06,
          "Actual Total Time": 103.409,
          "Actual Rows": 474,
          "Actual Loops": 1,
          "Workers Planned": 4,
          "Workers Launched": 4,
          "Single Copy": false,
          "Plans": [
            {
              "Node Type": "Nested Loop",
              "Parent Relationship": "Outer",
              "Parallel Aware": false,
              "Join Type": "Inner",
              "Startup Cost": 0.86,
              "Total Cost": 45516.83,
              "Plan Rows": 1,
              "Plan Width": 0,
              "Actual Startup Time": 52.103,
              "Actual Total Time": 81.869,
              "Actual Rows": 95,
              "Actual Loops": 5,
              "Inner Unique": false,
              "Join Filter": "(t.id = mk.movie_id)",
              "Rows Removed by Join Filter": 0,
              "Plans": [
                {
                  "Node Type": "Nested Loop",
                  "Parent Relationship": "Outer",
                  "Parallel Aware": false,
                  "Join Type": "Inner",
                  "Startup Cost": 0.43,
                  "Total Cost": 45513.66,
                  "Plan Rows": 2,
                  "Plan Width": 8,
                  "Actual Startup Time": 50.562,
                  "Actual Total Time": 79.527,
                  "Actual Rows": 312,
                  "Actual Loops": 5,
                  "Inner Unique": false,
                  "Plans": [
                    {
                      "Node Type": "Seq Scan",
                      "Parent Relationship": "Outer",
                      "Parallel Aware": true,
                      "Relation Name": "title",
                      "Alias": "t",
                      "Startup Cost": 0.0,
                      "Total Cost": 45479.59,
                      "Plan Rows": 4,
                      "Plan Width": 4,
                      "Actual Startup Time": 50.334,
                      "Actual Total Time": 76.693,
                      "Actual Rows": 207,
                      "Actual Loops": 5,
                      "Filter": "((kind_id < 7) AND (production_year < 1897))",
                      "Rows Removed by Filter": 505455
                    },
                    {
                      "Node Type": "Index Only Scan",
                      "Parent Relationship": "Inner",
                      "Parallel Aware": false,
                      "Scan Direction": "Forward",
                      "Index Name": "movie_id_movie_info_idx",
                      "Relation Name": "movie_info_idx",
                      "Alias": "mi_idx",
                      "Startup Cost": 0.43,
                      "Total Cost": 8.49,
                      "Plan Rows": 3,
                      "Plan Width": 4,
                      "Actual Startup Time": 0.012,
                      "Actual Total Time": 0.013,
                      "Actual Rows": 2,
                      "Actual Loops": 1036,
                      "Index Cond": "(movie_id = t.id)",
                      "Rows Removed by Index Recheck": 0,
                      "Heap Fetches": 1560
                    }
                  ]
                },
                {
                  "Node Type": "Index Scan",
                  "Parent Relationship": "Inner",
                  "Parallel Aware": false,
                  "Scan Direction": "Forward",
                  "Index Name": "movie_id_movie_keyword",
                  "Relation Name": "movie_keyword",
                  "Alias": "mk",
                  "Startup Cost": 0.43,
                  "Total Cost": 1.48,
                  "Plan Rows": 8,
                  "Plan Width": 4,
                  "Actual Startup Time": 0.007,
                  "Actual Total Time": 0.007,
                  "Actual Rows": 0,
                  "Actual Loops": 1560,
                  "Index Cond": "(movie_id = mi_idx.movie_id)",
                  "Rows Removed by Index Recheck": 0,
                  "Filter": "(keyword_id < 766)",
                  "Rows Removed by Filter": 1
                }
              ]
            }
          ]
        }
      ]
    },
    "Planning Time": 0.335,
    "Triggers": [],
    "Execution Time": 103.481
  }
]