[
  {
    "Plan": {
      "Node Type": "Aggregate",
      "Strategy": "Plain",
      "Partial Mode": "Finalize",
      "Parallel Aware": false,
      "Startup Cost": 46008.52,
      "Total Cost": 46008.53,
      "Plan Rows": 1,
      "Plan Width": 8,
      "Actual Startup Time": 164.733,
      "Actual Total Time": 177.483,
      "Actual Rows": 1,
      "Actual Loops": 1,
      "Plans": [
        {
          "Node Type": "Gather",
          "Parent Relationship": "Outer",
          "Parallel Aware": false,
          "Startup Cost": 46008.2,
          "Total Cost": 46008.51,
          "Plan Rows": 3,
          "Plan Width": 8,
          "Actual Startup Time": 164.492,
          "Actual Total Time": 177.474,
          "Actual Rows": 4,
          "Actual Loops": 1,
          "Workers Planned": 3,
          "Workers Launched": 3,
          "Single Copy": false,
          "Plans": [
            {
              "Node Type": "Aggregate",
              "Strategy": "Plain",
              "Partial Mode": "Partial",
              "Parent Relationship": "Outer",
              "Parallel Aware": false,
              "Startup Cost": 45008.2,
              "Total Cost": 45008.21,
              "Plan Rows": 1,
              "Plan Width": 8,
              "Actual Startup Time": 156.776,
              "Actual Total Time": 156.777,
              "Actual Rows": 1,
              "Actual Loops": 4,
              "Plans": [
                {
                  "Node Type": "Seq Scan",
                  "Parent Relationship": "Outer",
                  "Parallel Aware": true,
                  "Relation Name": "movie_keyword",
                  "Alias": "mk",
                  "Startup Cost": 0.0,
                  "Total Cost": 42695.65,
                  "Plan Rows": 925018,
                  "Plan Width": 0,
                  "Actual Startup Time": 0.059,
                  "Actual Total Time": 123.612,
                  "Actual Rows": 716079,
                  "Actual Loops": 4,
                  "Filter": "(keyword_id < 8807)",
                  "Rows Removed by Filter": 414904
                }
              ]
            }
          ]
        }
      ]
    },
    "Planning Time": 0.211,
    "Triggers": [],
    "Execution Time": 177.54
  }
]