[
  {
    "Plan": {
      "Node Type": "Aggregate",
      "Strategy": "Plain",
      "Partial Mode": "Finalize",
      "Parallel Aware": false,
      "Startup Cost": 247821.98,
      "Total Cost": 247821.99,
      "Plan Rows": 1,
      "Plan Width": 8,
      "Actual Startup Time": 1539.698,
      "Actual Total Time": 1585.937,
      "Actual Rows": 1,
      "Actual Loops": 1,
      "Plans": [
        {
          "Node Type": "Gather",
          "Parent Relationship": "Outer",
          "Parallel Aware": false,
          "Startup Cost": 247821.66,
          "Total Cost": 247821.97,
          "Plan Rows": 3,
          "Plan Width": 8,
          "Actual Startup Time": 1536.637,
          "Actual Total Time": 1585.928,
          "Actual Rows": 4,
          "Actual Loops": 1,
          "Workers Planned": 3,
          "Workers Launched": 3,
          "Single Copy": false,
          "Plans": [
            {
              "Node Type": "Aggregate",
              "Strategy": "Plain",
              "Partial Mode": "Partial",
              "Parent Relationship": "Outer",
              "Parallel Aware": false,
              "Startup Cost": 246821.66,
              "Total Cost": 246821.67,
              "Plan Rows": 1,
              "Plan Width": 8,
              "Actual Startup Time": 1529.575,
              "Actual Total Time": 1529.579,
              "Actual Rows": 1,
              "Actual Loops": 4,
              "Plans": [
                {
                  "Node Type": "Nested Loop",
                  "Parent Relationship": "Outer",
                  "Parallel Aware": false,
                  "Join Type": "Inner",
                  "Startup Cost": 46946.66,
                  "Total Cost": 246335.3,
                  "Plan Rows": 194543,
                  "Plan Width": 0,
                  "Actual Startup Time": 209.236,
                  "Actual Total Time": 1461.361,
                  "Actual Rows": 1417926,
                  "Actual Loops": 4,
                  "Inner Unique": false,
                  "Join Filter": "(t.id = mi.movie_id)",
                  "Rows Removed by Join Filter": 0,
                  "Plans": [
                    {
                      "Node Type": "Hash Join",
                      "Parent Relationship": "Outer",
                      "Parallel Aware": true,
                      "Join Type": "Inner",
                      "Startup Cost": 46946.22,
                      "Total Cost": 77386.03,
                      "Plan Rows": 79843,
                      "Plan Width": 8,
                      "Actual Startup Time": 209.075,
                      "Actual Total Time": 322.304,
                      "Actual Rows": 124974,
                      "Actual Loops": 4,
                      "Inner Unique": true,
                      "Hash Cond": "(mc.movie_id = t.id)",
                      "Plans": [
                        {
                          "Node Type": "Seq Scan",
                          "Parent Relationship": "Outer",
                          "Parallel Aware": true,
                          "Relation Name": "movie_companies",
                          "Alias": "mc",
                          "Startup Cost": 0.0,
                          "Total Cost": 29310.68,
                          "Plan Rows": 430142,
                          "Plan Width": 4,
                          "Actual Startup Time": 30.676,
                          "Actual Total Time": 73.835,
                          "Actual Rows": 333721,
                          "Actual Loops": 4,
                          "Filter": "(company_type_id = 2)",
                          "Rows Removed by Filter": 318562
                        },
                        {
                          "Node Type": "Hash",
                          "Parent Relationship": "Inner",
                          "Parallel Aware": true,
                          "Startup Cost": 45479.59,
                          "Total Cost": 45479.59,
                          "Plan Rows": 117331,
                          "Plan Width": 4,
                          "Actual Startup Time": 136.892,
                          "Actual Total Time": 136.893,
                          "Actual Rows": 124006,
                          "Actual Loops": 4,
                          "Hash Buckets": 524288,
                          "Original Hash Buckets": 524288,
                          "Hash Batches": 1,
                          "Original Hash Batches": 1,
                          "Peak Memory Usage": 23584,
                          "Plans": [
                            {
                              "Node Type": "Seq Scan",
                              "Parent Relationship": "Outer",
                              "Parallel Aware": true,
                              "Relation Name": "title",
                              "Alias": "t",
                              "Startup Cost": 0.0,
                              "Total Cost": 45479.59,
                              "Plan Rows": 117331,
                              "Plan Width": 4,
                              "Actual Startup Time": 54.141,
                              "Actual Total Time": 98.796,
                              "Actual Rows": 124006,
                              "Actual Loops": 4,
                              "Filter": "((production_year < 2009) AND (kind_id = 1))",
                              "Rows Removed by Filter": 508072
                            }
                          ]
                        }
                      ]
                    },
                    {
                      "Node Type": "Index Scan",
                      "Parent Relationship": "Inner",
                      "Parallel Aware": false,
                      "Scan Direction": "Forward",
                      "Index Name": "movie_id_movie_info",
                      "Relation Name": "movie_info",
                      "Alias": "mi",
                      "Startup Cost": 0.43,
                      "Total Cost": 1.9,
                      "Plan Rows": 17,
                      "Plan Width": 4,
                      "Actual Startup Time": 0.003,
                      "Actual Total Time": 0.008,
                      "Actual Rows": 11,
                      "Actual Loops": 499898,
                      "Index Cond": "(movie_id = mc.movie_id)",
                      "Rows Removed by Index Recheck": 0,
                      "Filter": "(info_type_id > 8)",
                      "Rows Removed by Filter": 10
                    }
                  ]
                }
              ]
            }
          ]
        }
      ]
    },
    "Planning Time": 0.452,
    "Triggers": [],
    "Execution Time": 1585.988
  }
]