[
  {
    "Plan": {
      "Node Type": "Aggregate",
      "Strategy": "Plain",
      "Partial Mode": "Finalize",
      "Parallel Aware": false,
      "Startup Cost": 325448.74,
      "Total Cost": 325448.75,
      "Plan Rows": 1,
      "Plan Width": 8,
      "Actual Startup Time": 381.81,
      "Actual Total Time": 402.789,
      "Actual Rows": 1,
      "Actual Loops": 1,
      "Plans": [
        {
          "Node Type": "Gather",
          "Parent Relationship": "Outer",
          "Parallel Aware": false,
          "Startup Cost": 325448.22,
          "Total Cost": 325448.73,
          "Plan Rows": 5,
          "Plan Width": 8,
          "Actual Startup Time": 370.623,
          "Actual Total Time": 402.78,
          "Actual Rows": 6,
          "Actual Loops": 1,
          "Workers Planned": 5,
          "Workers Launched": 5,
          "Single Copy": false,
          "Plans": [
            {
              "Node Type": "Aggregate",
              "Strategy": "Plain",
              "Partial Mode": "Partial",
              "Parent Relationship": "Outer",
              "Parallel Aware": false,
              "Startup Cost": 324448.22,
              "Total Cost": 324448.23,
              "Plan Rows": 1,
              "Plan Width": 8,
              "Actual Startup Time": 356.421,
              "Actual Total Time": 356.425,
              "Actual Rows": 1,
              "Actual Loops": 6,
              "Plans": [
                {
                  "Node Type": "Hash Join",
                  "Parent Relationship": "Outer",
                  "Parallel Aware": true,
                  "Join Type": "Inner",
                  "Startup Cost": 60258.15,
                  "Total Cost": 324258.67,
                  "Plan Rows": 75821,
                  "Plan Width": 0,
                  "Actual Startup Time": 292.509,
                  "Actual Total Time": 352.635,
                  "Actual Rows": 69893,
                  "Actual Loops": 6,
                  "Inner Unique": true,
                  "Hash Cond": "(ci.movie_id = t.id)",
                  "Plans": [
                    {
                      "Node Type": "Bitmap Heap Scan",
                      "Parent Relationship": "Outer",
                      "Parallel Aware": true,
                      "Relation Name": "cast_info",
                      "Alias": "ci",
                      "Startup Cost": 9040.82,
                      "Total Cost": 272826.44,
                      "Plan Rows": 81865,
                      "Plan Width": 4,
                      "Actual Startup Time": 20.863,
                      "Actual Total Time": 36.74,
                      "Actual Rows": 71844,
                      "Actual Loops": 6,
                      "Recheck Cond": "(person_id < 48740)",
                      "Rows Removed by Index Recheck": 0,
                      "Exact Heap Blocks": 905,
                      "Lossy Heap Blocks": 0,
                      "Plans": [
                        {
                          "Node Type": "Bitmap Index Scan",
                          "Parent Relationship": "Outer",
                          "Parallel Aware": false,
                          "Index Name": "person_id_cast_info",
                          "Startup Cost": 0.0,
                          "Total Cost": 8938.49,
                          "Plan Rows": 409323,
                          "Plan Width": 0,
                          "Actual Startup Time": 20.107,
                          "Actual Total Time": 20.108,
                          "Actual Rows": 431063,
                          "Actual Loops": 1,
                          "Index Cond": "(person_id < 48740)"
                        }
                      ]
                    },
                    {
                      "Node Type": "Hash",
                      "Parent Relationship": "Inner",
                      "Parallel Aware": true,
                      "Startup Cost": 43899.32,
                      "Total Cost": 43899.32,
                      "Plan Rows": 585441,
                      "Plan Width": 4,
                      "Actual Startup Time": 266.05,
                      "Actual Total Time": 266.051,
                      "Actual Rows": 388881,
                      "Actual Loops": 6,
                      "Hash Buckets": 4194304,
                      "Original Hash Buckets": 4194304,
                      "Hash Batches": 1,
                      "Original Hash Batches": 1,
                      "Peak Memory Usage": 124096,
                      "Plans": [
                        {
                          "Node Type": "Seq Scan",
                          "Parent Relationship": "Outer",
                          "Parallel Aware": true,
                          "Relation Name": "title",
                          "Alias": "t",
                          "Startup Cost": 0.0,
                          "Total Cost": 43899.32,
                          "Plan Rows": 585441,
                          "Plan Width": 4,
                          "Actual Startup Time": 0.055,
                          "Actual Total Time": 91.983,
                          "Actual Rows": 388881,
                          "Actual Loops": 6,
                          "Filter": "(production_year > 1932)",
                          "Rows Removed by Filter": 32504
                        }
                      ]
                    }
                  ]
                }
              ]
            }
          ]
        }
      ]
    },
    "Planning Time": 0.615,
    "Triggers": [],
    "Execution Time": 402.844
  }
]