[
  {
    "Plan": {
      "Node Type": "Aggregate",
      "Strategy": "Plain",
      "Partial Mode": "Finalize",
      "Parallel Aware": false,
      "Startup Cost": 323466.8,
      "Total Cost": 323466.81,
      "Plan Rows": 1,
      "Plan Width": 8,
      "Actual Startup Time": 384.355,
      "Actual Total Time": 406.638,
      "Actual Rows": 1,
      "Actual Loops": 1,
      "Plans": [
        {
          "Node Type": "Gather",
          "Parent Relationship": "Outer",
          "Parallel Aware": false,
          "Startup Cost": 323466.27,
          "Total Cost": 323466.78,
          "Plan Rows": 5,
          "Plan Width": 8,
          "Actual Startup Time": 360.575,
          "Actual Total Time": 406.631,
          "Actual Rows": 6,
          "Actual Loops": 1,
          "Workers Planned": 5,
          "Workers Launched": 5,
          "Single Copy": false,
          "Plans": [
            {
              "Node Type": "Aggregate",
              "Strategy": "Plain",
              "Partial Mode": "Partial",
              "Parent Relationship": "Outer",
              "Parallel Aware": false,
              "Startup Cost": 322466.27,
              "Total Cost": 322466.28,
              "Plan Rows": 1,
              "Plan Width": 8,
              "Actual Startup Time": 338.029,
              "Actual Total Time": 338.033,
              "Actual Rows": 1,
              "Actual Loops": 6,
              "Plans": [
                {
                  "Node Type": "Hash Join",
                  "Parent Relationship": "Outer",
                  "Parallel Aware": true,
                  "Join Type": "Inner",
                  "Startup Cost": 60928.43,
                  "Total Cost": 322262.81,
                  "Plan Rows": 81387,
                  "Plan Width": 0,
                  "Actual Startup Time": 280.74,
                  "Actual Total Time": 334.785,
                  "Actual Rows": 69893,
                  "Actual Loops": 6,
                  "Inner Unique": true,
                  "Hash Cond": "(ci.movie_id = t.id)",
                  "Plans": [
                    {
                      "Node Type": "Bitmap Heap Scan",
                      "Parent Relationship": "Outer",
                      "Parallel Aware": true,
                      "Relation Name": "cast_info",
                      "Alias": "ci",
                      "Startup Cost": 9730.24,
                      "Total Cost": 270833.37,
                      "Plan Rows": 88095,
                      "Plan Width": 4,
                      "Actual Startup Time": 20.294,
                      "Actual Total Time": 32.735,
                      "Actual Rows": 71844,
                      "Actual Loops": 6,
                      "Recheck Cond": "(person_id < 48740)",
                      "Rows Removed by Index Recheck": 0,
                      "Exact Heap Blocks": 899,
                      "Lossy Heap Blocks": 0,
                      "Plans": [
                        {
                          "Node Type": "Bitmap Index Scan",
                          "Parent Relationship": "Outer",
                          "Parallel Aware": false,
                          "Index Name": "person_id_cast_info",
                          "Startup Cost": 0.0,
                          "Total Cost": 9620.12,
                          "Plan Rows": 440474,
                          "Plan Width": 0,
                          "Actual Startup Time": 19.532,
                          "Actual Total Time": 19.533,
                          "Actual Rows": 431063,
                          "Actual Loops": 1,
                          "Index Cond": "(person_id < 48740)"
                        }
                      ]
                    },
                    {
                      "Node Type": "Hash",
                      "Parent Relationship": "Inner",
                      "Parallel Aware": true,
                      "Startup Cost": 43898.92,
                      "Total Cost": 43898.92,
                      "Plan Rows": 583942,
                      "Plan Width": 4,
                      "Actual Startup Time": 252.622,
                      "Actual Total Time": 252.623,
                      "Actual Rows": 388881,
                      "Actual Loops": 6,
                      "Hash Buckets": 4194304,
                      "Original Hash Buckets": 4194304,
                      "Hash Batches": 1,
                      "Original Hash Batches": 1,
                      "Peak Memory Usage": 124096,
                      "Plans": [
                        {
                          "Node Type": "Seq Scan",
                          "Parent Relationship": "Outer",
                          "Parallel Aware": true,
                          "Relation Name": "title",
                          "Alias": "t",
                          "Startup Cost": 0.0,
                          "Total Cost": 43898.92,
                          "Plan Rows": 583942,
                          "Plan Width": 4,
                          "Actual Startup Time": 0.049,
                          "Actual Total Time": 85.379,
                          "Actual Rows": 388881,
                          "Actual Loops": 6,
                          "Filter": "(production_year > 1932)",
                          "Rows Removed by Filter": 32504
                        }
                      ]
                    }
                  ]
                }
              ]
            }
          ]
        }
      ]
    },
    "Planning Time": 0.525,
    "Triggers": [],
    "Execution Time": 406.725
  }
]