{
  "Plan": {
    "Node Type": "Aggregate",
    "Strategy": "Plain",
    "Partial Mode": "Finalize",
    "Parallel Aware": false,
    "Startup Cost": 44911.89,
    "Total Cost": 44911.9,
    "Plan Rows": 1,
    "Plan Width": 8,
    "Actual Startup Time": 63.188,
    "Actual Total Time": 68.902,
    "Actual Rows": 1,
    "Actual Loops": 1,
    "Plans": [
      {
        "Node Type": "Gather",
        "Parent Relationship": "Outer",
        "Parallel Aware": false,
        "Startup Cost": 44911.78,
        "Total Cost": 44911.89,
        "Plan Rows": 1,
        "Plan Width": 8,
        "Actual Startup Time": 63.027,
        "Actual Total Time": 68.896,
        "Actual Rows": 2,
        "Actual Loops": 1,
        "Workers Planned": 1,
        "Workers Launched": 1,
        "Single Copy": false,
        "Plans": [
          {
            "Node Type": "Aggregate",
            "Strategy": "Plain",
            "Partial Mode": "Partial",
            "Parent Relationship": "Outer",
            "Parallel Aware": false,
            "Startup Cost": 43911.78,
            "Total Cost": 43911.79,
            "Plan Rows": 1,
            "Plan Width": 8,
            "Actual Startup Time": 58.954,
            "Actual Total Time": 58.956,
            "Actual Rows": 1,
            "Actual Loops": 2,
            "Plans": [
              {
                "Node Type": "Nested Loop",
                "Parent Relationship": "Outer",
                "Parallel Aware": false,
                "Join Type": "Inner",
                "Startup Cost": 1617.08,
                "Total Cost": 43911.08,
                "Plan Rows": 282,
                "Plan Width": 0,
                "Actual Startup Time": 13.071,
                "Actual Total Time": 58.889,
                "Actual Rows": 632,
                "Actual Loops": 2,
                "Inner Unique": false,
                "Plans": [
                  {
                    "Node Type": "Bitmap Heap Scan",
                    "Parent Relationship": "Outer",
                    "Parallel Aware": true,
                    "Relation Name": "title",
                    "Alias": "t",
                    "Startup Cost": 1616.65,
                    "Total Cost": 38414.78,
                    "Plan Rows": 274,
                    "Plan Width": 4,
                    "Actual Startup Time": 12.914,
                    "Actual Total Time": 55.199,
                    "Actual Rows": 330,
                    "Actual Loops": 2,
                    "Recheck Cond": "(kind_id = 2)",
                    "Rows Removed by Index Recheck": 0,
                    "Filter": "(production_year = 1975)",
                    "Rows Removed by Filter": 45096,
                    "Exact Heap Blocks": 20974,
                    "Lossy Heap Blocks": 0,
                    "Plans": [
                      {
                        "Node Type": "Bitmap Index Scan",
                        "Parent Relationship": "Outer",
                        "Parallel Aware": false,
                        "Index Name": "kind_id_title",
                        "Startup Cost": 0.0,
                        "Total Cost": 1616.54,
                        "Plan Rows": 90681,
                        "Plan Width": 0,
                        "Actual Startup Time": 10.838,
                        "Actual Total Time": 10.838,
                        "Actual Rows": 90852,
                        "Actual Loops": 1,
                        "Index Cond": "(kind_id = 2)"
                      }
                    ]
                  },
                  {
                    "Node Type": "Index Only Scan",
                    "Parent Relationship": "Inner",
                    "Parallel Aware": false,
                    "Scan Direction": "Forward",
                    "Index Name": "movie_id_movie_companies",
                    "Relation Name": "movie_companies",
                    "Alias": "mc",
                    "Startup Cost": 0.43,
                    "Total Cost": 20.01,
                    "Plan Rows": 5,
                    "Plan Width": 4,
                    "Actual Startup Time": 0.009,
                    "Actual Total Time": 0.011,
                    "Actual Rows": 2,
                    "Actual Loops": 660,
                    "Index Cond": "(movie_id = t.id)",
                    "Rows Removed by Index Recheck": 0,
                    "Heap Fetches": 1265
                  }
                ]
              }
            ]
          }
        ]
      }
    ]
  },
  "Planning Time": 0.198,
  "Triggers": [],
  "Execution Time": 68.957
}