{
    "Plan": {
        "Node Type": "Aggregate",
        "Strategy": "Plain",
        "Partial Mode": "Finalize",
        "Parallel Aware": false,
        "Startup Cost": 44358.11,
        "Total Cost": 44358.12,
        "Plan Rows": 1,
        "Plan Width": 8,
        "Actual Startup Time": 184.866,
        "Actual Total Time": 198.807,
        "Actual Rows": 1,
        "Actual Loops": 1,
        "Output": [
            "count(*)"
        ],
        "Plans": [
            {
                "Node Type": "Gather",
                "Parent Relationship": "Outer",
                "Parallel Aware": false,
                "Startup Cost": 44357.79,
                "Total Cost": 44358.1,
                "Plan Rows": 3,
                "Plan Width": 8,
                "Actual Startup Time": 184.734,
                "Actual Total Time": 198.796,
                "Actual Rows": 4,
                "Actual Loops": 1,
                "Output": [
                    "(PARTIAL count(*))"
                ],
                "Workers Planned": 3,
                "Workers Launched": 3,
                "Single Copy": false,
                "Plans": [
                    {
                        "Node Type": "Aggregate",
                        "Strategy": "Plain",
                        "Partial Mode": "Partial",
                        "Parent Relationship": "Outer",
                        "Parallel Aware": false,
                        "Startup Cost": 43357.79,
                        "Total Cost": 43357.8,
                        "Plan Rows": 1,
                        "Plan Width": 8,
                        "Actual Startup Time": 175.871,
                        "Actual Total Time": 175.872,
                        "Actual Rows": 1,
                        "Actual Loops": 4,
                        "Output": [
                            "PARTIAL count(*)"
                        ],
                        "Workers": [
                            {
                                "Worker Number": 0,
                                "Actual Startup Time": 173.186,
                                "Actual Total Time": 173.187,
                                "Actual Rows": 1,
                                "Actual Loops": 1
                            },
                            {
                                "Worker Number": 1,
                                "Actual Startup Time": 172.668,
                                "Actual Total Time": 172.669,
                                "Actual Rows": 1,
                                "Actual Loops": 1
                            },
                            {
                                "Worker Number": 2,
                                "Actual Startup Time": 173.768,
                                "Actual Total Time": 173.769,
                                "Actual Rows": 1,
                                "Actual Loops": 1
                            }
                        ],
                        "Plans": [
                            {
                                "Node Type": "Seq Scan",
                                "Parent Relationship": "Outer",
                                "Parallel Aware": true,
                                "Relation Name": "movie_keyword",
                                "Schema": "public",
                                "Alias": "mk",
                                "Startup Cost": 0.0,
                                "Total Cost": 42695.65,
                                "Plan Rows": 264854,
                                "Plan Width": 0,
                                "Actual Startup Time": 0.077,
                                "Actual Total Time": 160.558,
                                "Actual Rows": 206563,
                                "Actual Loops": 4,
                                "Output": [
                                    "id",
                                    "movie_id",
                                    "keyword_id"
                                ],
                                "Filter": "(mk.keyword_id < 790)",
                                "Rows Removed by Filter": 924420,
                                "Workers": [
                                    {
                                        "Worker Number": 0,
                                        "Actual Startup Time": 0.104,
                                        "Actual Total Time": 158.141,
                                        "Actual Rows": 201708,
                                        "Actual Loops": 1
                                    },
                                    {
                                        "Worker Number": 1,
                                        "Actual Startup Time": 0.089,
                                        "Actual Total Time": 158.232,
                                        "Actual Rows": 195313,
                                        "Actual Loops": 1
                                    },
                                    {
                                        "Worker Number": 2,
                                        "Actual Startup Time": 0.062,
                                        "Actual Total Time": 158.629,
                                        "Actual Rows": 203764,
                                        "Actual Loops": 1
                                    }
                                ]
                            }
                        ]
                    }
                ]
            }
        ]
    },
    "Planning Time": 1.884,
    "Triggers": [],
    "Execution Time": 199.062
}