[
  {
    "Plan": {
      "Node Type": "Aggregate",
      "Strategy": "Plain",
      "Partial Mode": "Finalize",
      "Parallel Aware": false,
      "Startup Cost": 256486.97,
      "Total Cost": 256486.98,
      "Plan Rows": 1,
      "Plan Width": 8,
      "Actual Startup Time": 318.084,
      "Actual Total Time": 336.271,
      "Actual Rows": 1,
      "Actual Loops": 1,
      "Plans": [
        {
          "Node Type": "Gather",
          "Parent Relationship": "Outer",
          "Parallel Aware": false,
          "Startup Cost": 256486.35,
          "Total Cost": 256486.96,
          "Plan Rows": 6,
          "Plan Width": 8,
          "Actual Startup Time": 317.977,
          "Actual Total Time": 336.264,
          "Actual Rows": 7,
          "Actual Loops": 1,
          "Workers Planned": 6,
          "Workers Launched": 6,
          "Single Copy": false,
          "Plans": [
            {
              "Node Type": "Aggregate",
              "Strategy": "Plain",
              "Partial Mode": "Partial",
              "Parent Relationship": "Outer",
              "Parallel Aware": false,
              "Startup Cost": 255486.35,
              "Total Cost": 255486.36,
              "Plan Rows": 1,
              "Plan Width": 8,
              "Actual Startup Time": 309.269,
              "Actual Total Time": 309.27,
              "Actual Rows": 1,
              "Actual Loops": 7,
              "Plans": [
                {
                  "Node Type": "Index Scan",
                  "Parent Relationship": "Outer",
                  "Parallel Aware": true,
                  "Scan Direction": "Forward",
                  "Index Name": "role_id_cast_info",
                  "Relation Name": "cast_info",
                  "Alias": "ci",
                  "Startup Cost": 0.56,
                  "Total Cost": 255086.64,
                  "Plan Rows": 159882,
                  "Plan Width": 0,
                  "Actual Startup Time": 68.474,
                  "Actual Total Time": 285.457,
                  "Actual Rows": 501210,
                  "Actual Loops": 7,
                  "Index Cond": "(role_id > 4)",
                  "Rows Removed by Index Recheck": 0,
                  "Filter": "(person_id > 3423054)",
                  "Rows Removed by Filter": 839462
                }
              ]
            }
          ]
        }
      ]
    },
    "Planning Time": 0.224,
    "Triggers": [],
    "Execution Time": 336.335
  }
]