[
  {
    "Plan": {
      "Node Type": "Aggregate",
      "Strategy": "Plain",
      "Partial Mode": "Simple",
      "Parallel Aware": false,
      "Startup Cost": 120525.8,
      "Total Cost": 120525.81,
      "Plan Rows": 1,
      "Plan Width": 8,
      "Actual Startup Time": 33.28,
      "Actual Total Time": 33.281,
      "Actual Rows": 1,
      "Actual Loops": 1,
      "Plans": [
        {
          "Node Type": "Bitmap Heap Scan",
          "Parent Relationship": "Outer",
          "Parallel Aware": false,
          "Relation Name": "movie_info",
          "Alias": "mi",
          "Startup Cost": 1104.17,
          "Total Cost": 120373.63,
          "Plan Rows": 60869,
          "Plan Width": 0,
          "Actual Startup Time": 8.428,
          "Actual Total Time": 28.783,
          "Actual Rows": 61128,
          "Actual Loops": 1,
          "Recheck Cond": "(info_type_id = 103)",
          "Rows Removed by Index Recheck": 0,
          "Exact Heap Blocks": 4954,
          "Lossy Heap Blocks": 0,
          "Plans": [
            {
              "Node Type": "Bitmap Index Scan",
              "Parent Relationship": "Outer",
              "Parallel Aware": false,
              "Index Name": "info_type_id_movie_info",
              "Startup Cost": 0.0,
              "Total Cost": 1088.95,
              "Plan Rows": 60869,
              "Plan Width": 0,
              "Actual Startup Time": 6.664,
              "Actual Total Time": 6.665,
              "Actual Rows": 61128,
              "Actual Loops": 1,
              "Index Cond": "(info_type_id = 103)"
            }
          ]
        }
      ]
    },
    "Planning Time": 0.176,
    "Triggers": [],
    "Execution Time": 33.337
  }
]