[
  {
    "Plan": {
      "Node Type": "Aggregate",
      "Strategy": "Plain",
      "Partial Mode": "Finalize",
      "Parallel Aware": false,
      "Startup Cost": 71222.07,
      "Total Cost": 71222.08,
      "Plan Rows": 1,
      "Plan Width": 8,
      "Actual Startup Time": 173.821,
      "Actual Total Time": 185.891,
      "Actual Rows": 1,
      "Actual Loops": 1,
      "Plans": [
        {
          "Node Type": "Gather",
          "Parent Relationship": "Outer",
          "Parallel Aware": false,
          "Startup Cost": 71221.76,
          "Total Cost": 71222.07,
          "Plan Rows": 3,
          "Plan Width": 8,
          "Actual Startup Time": 172.764,
          "Actual Total Time": 185.883,
          "Actual Rows": 4,
          "Actual Loops": 1,
          "Workers Planned": 3,
          "Workers Launched": 3,
          "Single Copy": false,
          "Plans": [
            {
              "Node Type": "Aggregate",
              "Strategy": "Plain",
              "Partial Mode": "Partial",
              "Parent Relationship": "Outer",
              "Parallel Aware": false,
              "Startup Cost": 70221.76,
              "Total Cost": 70221.77,
              "Plan Rows": 1,
              "Plan Width": 8,
              "Actual Startup Time": 164.06,
              "Actual Total Time": 164.064,
              "Actual Rows": 1,
              "Actual Loops": 4,
              "Plans": [
                {
                  "Node Type": "Hash Join",
                  "Parent Relationship": "Outer",
                  "Parallel Aware": true,
                  "Join Type": "Inner",
                  "Startup Cost": 50128.54,
                  "Total Cost": 70208.26,
                  "Plan Rows": 5398,
                  "Plan Width": 0,
                  "Actual Startup Time": 122.662,
                  "Actual Total Time": 163.899,
                  "Actual Rows": 1828,
                  "Actual Loops": 4,
                  "Inner Unique": true,
                  "Hash Cond": "(mc.movie_id = t.id)",
                  "Plans": [
                    {
                      "Node Type": "Bitmap Heap Scan",
                      "Parent Relationship": "Outer",
                      "Parallel Aware": true,
                      "Relation Name": "movie_companies",
                      "Alias": "mc",
                      "Startup Cost": 5729.07,
                      "Total Cost": 25584.95,
                      "Plan Rows": 85271,
                      "Plan Width": 4,
                      "Actual Startup Time": 14.232,
                      "Actual Total Time": 42.069,
                      "Actual Rows": 64852,
                      "Actual Loops": 4,
                      "Recheck Cond": "(company_id < 133)",
                      "Rows Removed by Index Recheck": 0,
                      "Exact Heap Blocks": 7126,
                      "Lossy Heap Blocks": 0,
                      "Plans": [
                        {
                          "Node Type": "Bitmap Index Scan",
                          "Parent Relationship": "Outer",
                          "Parallel Aware": false,
                          "Index Name": "company_id_movie_companies",
                          "Startup Cost": 0.0,
                          "Total Cost": 5662.98,
                          "Plan Rows": 264340,
                          "Plan Width": 0,
                          "Actual Startup Time": 11.71,
                          "Actual Total Time": 11.711,
                          "Actual Rows": 259406,
                          "Actual Loops": 1,
                          "Index Cond": "(company_id < 133)"
                        }
                      ]
                    },
                    {
                      "Node Type": "Hash",
                      "Parent Relationship": "Inner",
                      "Parallel Aware": true,
                      "Startup Cost": 43899.32,
                      "Total Cost": 43899.32,
                      "Plan Rows": 40012,
                      "Plan Width": 4,
                      "Actual Startup Time": 106.53,
                      "Actual Total Time": 106.532,
                      "Actual Rows": 41077,
                      "Actual Loops": 4,
                      "Hash Buckets": 262144,
                      "Original Hash Buckets": 262144,
                      "Hash Batches": 1,
                      "Original Hash Batches": 1,
                      "Peak Memory Usage": 8576,
                      "Plans": [
                        {
                          "Node Type": "Seq Scan",
                          "Parent Relationship": "Outer",
                          "Parallel Aware": true,
                          "Relation Name": "title",
                          "Alias": "t",
                          "Startup Cost": 0.0,
                          "Total Cost": 43899.32,
                          "Plan Rows": 40012,
                          "Plan Width": 4,
                          "Actual Startup Time": 0.051,
                          "Actual Total Time": 92.306,
                          "Actual Rows": 41077,
                          "Actual Loops": 4,
                          "Filter": "(production_year = 2012)",
                          "Rows Removed by Filter": 591001
                        }
                      ]
                    }
                  ]
                }
              ]
            }
          ]
        }
      ]
    },
    "Planning Time": 0.446,
    "Triggers": [],
    "Execution Time": 185.946
  }
]