{
  "Plan": {
    "Node Type": "Aggregate",
    "Strategy": "Plain",
    "Partial Mode": "Finalize",
    "Parallel Aware": false,
    "Startup Cost": 1298475.37,
    "Total Cost": 1298475.38,
    "Plan Rows": 1,
    "Plan Width": 8,
    "Actual Startup Time": 6177.627,
    "Actual Total Time": 6237.898,
    "Actual Rows": 1,
    "Actual Loops": 1,
    "Plans": [
      {
        "Node Type": "Gather",
        "Parent Relationship": "Outer",
        "Parallel Aware": false,
        "Startup Cost": 1298475.26,
        "Total Cost": 1298475.37,
        "Plan Rows": 1,
        "Plan Width": 8,
        "Actual Startup Time": 6177.401,
        "Actual Total Time": 6237.889,
        "Actual Rows": 2,
        "Actual Loops": 1,
        "Workers Planned": 1,
        "Workers Launched": 1,
        "Single Copy": false,
        "Plans": [
          {
            "Node Type": "Aggregate",
            "Strategy": "Plain",
            "Partial Mode": "Partial",
            "Parent Relationship": "Outer",
            "Parallel Aware": false,
            "Startup Cost": 1297475.26,
            "Total Cost": 1297475.27,
            "Plan Rows": 1,
            "Plan Width": 8,
            "Actual Startup Time": 6171.715,
            "Actual Total Time": 6171.717,
            "Actual Rows": 1,
            "Actual Loops": 2,
            "Plans": [
              {
                "Node Type": "Merge Join",
                "Parent Relationship": "Outer",
                "Parallel Aware": false,
                "Join Type": "Inner",
                "Startup Cost": 7.86,
                "Total Cost": 1287809.32,
                "Plan Rows": 3866376,
                "Plan Width": 0,
                "Actual Startup Time": 5.785,
                "Actual Total Time": 5827.437,
                "Actual Rows": 8262332,
                "Actual Loops": 2,
                "Inner Unique": false,
                "Merge Cond": "(mi.movie_id = t.id)",
                "Plans": [
                  {
                    "Node Type": "Index Only Scan",
                    "Parent Relationship": "Outer",
                    "Parallel Aware": true,
                    "Scan Direction": "Forward",
                    "Index Name": "movie_id_movie_info",
                    "Relation Name": "movie_info",
                    "Alias": "mi",
                    "Startup Cost": 0.43,
                    "Total Cost": 1018223.42,
                    "Plan Rows": 8696274,
                    "Plan Width": 4,
                    "Actual Startup Time": 0.119,
                    "Actual Total Time": 2317.507,
                    "Actual Rows": 7417331,
                    "Actual Loops": 2,
                    "Heap Fetches": 14834662
                  },
                  {
                    "Node Type": "Materialize",
                    "Parent Relationship": "Inner",
                    "Parallel Aware": false,
                    "Startup Cost": 3.34,
                    "Total Cost": 192807.16,
                    "Plan Rows": 1124083,
                    "Plan Width": 8,
                    "Actual Startup Time": 0.297,
                    "Actual Total Time": 2265.009,
                    "Actual Rows": 8828935,
                    "Actual Loops": 2,
                    "Plans": [
                      {
                        "Node Type": "Merge Join",
                        "Parent Relationship": "Outer",
                        "Parallel Aware": false,
                        "Join Type": "Inner",
                        "Startup Cost": 3.34,
                        "Total Cost": 189996.95,
                        "Plan Rows": 1124083,
                        "Plan Width": 8,
                        "Actual Startup Time": 0.286,
                        "Actual Total Time": 1830.798,
                        "Actual Rows": 1133996,
                        "Actual Loops": 2,
                        "Inner Unique": true,
                        "Merge Cond": "(mi_idx.movie_id = t.id)",
                        "Plans": [
                          {
                            "Node Type": "Index Only Scan",
                            "Parent Relationship": "Outer",
                            "Parallel Aware": false,
                            "Scan Direction": "Forward",
                            "Index Name": "movie_id_movie_info_idx",
                            "Relation Name": "movie_info_idx",
                            "Alias": "mi_idx",
                            "Startup Cost": 0.43,
                            "Total Cost": 53620.22,
                            "Plan Rows": 1380035,
                            "Plan Width": 4,
                            "Actual Startup Time": 0.163,
                            "Actual Total Time": 286.139,
                            "Actual Rows": 1380035,
                            "Actual Loops": 2,
                            "Heap Fetches": 2760070
                          },
                          {
                            "Node Type": "Index Scan",
                            "Parent Relationship": "Inner",
                            "Parallel Aware": false,
                            "Scan Direction": "Forward",
                            "Index Name": "title_pkey",
                            "Relation Name": "title",
                            "Alias": "t",
                            "Startup Cost": 0.43,
                            "Total Cost": 116660.7,
                            "Plan Rows": 2059376,
                            "Plan Width": 4,
                            "Actual Startup Time": 0.1,
                            "Actual Total Time": 1281.336,
                            "Actual Rows": 2045854,
                            "Actual Loops": 2,
                            "Filter": "(production_year > 1972)",
                            "Rows Removed by Filter": 479939
                          }
                        ]
                      }
                    ]
                  }
                ]
              }
            ]
          }
        ]
      }
    ]
  },
  "Planning Time": 1.027,
  "Triggers": [],
  "Execution Time": 6238.004
}