[
  {
    "Plan": {
      "Node Type": "Aggregate",
      "Strategy": "Plain",
      "Partial Mode": "Finalize",
      "Parallel Aware": false,
      "Startup Cost": 379824.02,
      "Total Cost": 379824.03,
      "Plan Rows": 1,
      "Plan Width": 8,
      "Actual Startup Time": 892.294,
      "Actual Total Time": 959.436,
      "Actual Rows": 1,
      "Actual Loops": 1,
      "Plans": [
        {
          "Node Type": "Gather",
          "Parent Relationship": "Outer",
          "Parallel Aware": false,
          "Startup Cost": 379823.39,
          "Total Cost": 379824.0,
          "Plan Rows": 6,
          "Plan Width": 8,
          "Actual Startup Time": 889.985,
          "Actual Total Time": 959.425,
          "Actual Rows": 7,
          "Actual Loops": 1,
          "Workers Planned": 6,
          "Workers Launched": 6,
          "Single Copy": false,
          "Plans": [
            {
              "Node Type": "Aggregate",
              "Strategy": "Plain",
              "Partial Mode": "Partial",
              "Parent Relationship": "Outer",
              "Parallel Aware": false,
              "Startup Cost": 378823.39,
              "Total Cost": 378823.4,
              "Plan Rows": 1,
              "Plan Width": 8,
              "Actual Startup Time": 878.927,
              "Actual Total Time": 878.93,
              "Actual Rows": 1,
              "Actual Loops": 7,
              "Plans": [
                {
                  "Node Type": "Hash Join",
                  "Parent Relationship": "Outer",
                  "Parallel Aware": true,
                  "Join Type": "Inner",
                  "Startup Cost": 46262.3,
                  "Total Cost": 378443.92,
                  "Plan Rows": 151790,
                  "Plan Width": 0,
                  "Actual Startup Time": 402.816,
                  "Actual Total Time": 876.827,
                  "Actual Rows": 39140,
                  "Actual Loops": 7,
                  "Inner Unique": true,
                  "Hash Cond": "(ci.movie_id = t.id)",
                  "Plans": [
                    {
                      "Node Type": "Seq Scan",
                      "Parent Relationship": "Outer",
                      "Parallel Aware": true,
                      "Relation Name": "cast_info",
                      "Alias": "ci",
                      "Startup Cost": 0.0,
                      "Total Cost": 328162.03,
                      "Plan Rows": 1531269,
                      "Plan Width": 4,
                      "Actual Startup Time": 312.744,
                      "Actual Total Time": 585.834,
                      "Actual Rows": 1301310,
                      "Actual Loops": 7,
                      "Filter": "(person_id > 2787296)",
                      "Rows Removed by Filter": 3876453
                    },
                    {
                      "Node Type": "Hash",
                      "Parent Relationship": "Inner",
                      "Parallel Aware": true,
                      "Startup Cost": 45479.1,
                      "Total Cost": 45479.1,
                      "Plan Rows": 62656,
                      "Plan Width": 4,
                      "Actual Startup Time": 87.242,
                      "Actual Total Time": 87.243,
                      "Actual Rows": 21981,
                      "Actual Loops": 7,
                      "Hash Buckets": 262144,
                      "Original Hash Buckets": 262144,
                      "Hash Batches": 1,
                      "Original Hash Batches": 1,
                      "Peak Memory Usage": 8192,
                      "Plans": [
                        {
                          "Node Type": "Seq Scan",
                          "Parent Relationship": "Outer",
                          "Parallel Aware": true,
                          "Relation Name": "title",
                          "Alias": "t",
                          "Startup Cost": 0.0,
                          "Total Cost": 45479.1,
                          "Plan Rows": 62656,
                          "Plan Width": 4,
                          "Actual Startup Time": 0.045,
                          "Actual Total Time": 76.382,
                          "Actual Rows": 21981,
                          "Actual Loops": 7,
                          "Filter": "((production_year < 1974) AND (kind_id = 7))",
                          "Rows Removed by Filter": 339207
                        }
                      ]
                    }
                  ]
                }
              ]
            }
          ]
        }
      ]
    },
    "Planning Time": 0.621,
    "Triggers": [],
    "Execution Time": 959.527
  }
]