[
  {
    "Plan": {
      "Node Type": "Aggregate",
      "Strategy": "Plain",
      "Partial Mode": "Finalize",
      "Parallel Aware": false,
      "Startup Cost": 47166.16,
      "Total Cost": 47166.17,
      "Plan Rows": 1,
      "Plan Width": 8,
      "Actual Startup Time": 112.318,
      "Actual Total Time": 124.765,
      "Actual Rows": 1,
      "Actual Loops": 1,
      "Plans": [
        {
          "Node Type": "Gather",
          "Parent Relationship": "Outer",
          "Parallel Aware": false,
          "Startup Cost": 47165.74,
          "Total Cost": 47166.15,
          "Plan Rows": 4,
          "Plan Width": 8,
          "Actual Startup Time": 112.002,
          "Actual Total Time": 124.757,
          "Actual Rows": 5,
          "Actual Loops": 1,
          "Workers Planned": 4,
          "Workers Launched": 4,
          "Single Copy": false,
          "Plans": [
            {
              "Node Type": "Aggregate",
              "Strategy": "Plain",
              "Partial Mode": "Partial",
              "Parent Relationship": "Outer",
              "Parallel Aware": false,
              "Startup Cost": 46165.74,
              "Total Cost": 46165.75,
              "Plan Rows": 1,
              "Plan Width": 8,
              "Actual Startup Time": 103.904,
              "Actual Total Time": 103.905,
              "Actual Rows": 1,
              "Actual Loops": 5,
              "Plans": [
                {
                  "Node Type": "Seq Scan",
                  "Parent Relationship": "Outer",
                  "Parallel Aware": true,
                  "Relation Name": "title",
                  "Alias": "t",
                  "Startup Cost": 0.0,
                  "Total Cost": 45479.1,
                  "Plan Rows": 274655,
                  "Plan Width": 0,
                  "Actual Startup Time": 0.037,
                  "Actual Total Time": 92.045,
                  "Actual Rows": 210969,
                  "Actual Loops": 5,
                  "Filter": "((kind_id > 4) AND (production_year < 2009))",
                  "Rows Removed by Filter": 294693
                }
              ]
            }
          ]
        }
      ]
    },
    "Planning Time": 0.189,
    "Triggers": [],
    "Execution Time": 124.827
  }
]