{
  "Plan": {
    "Node Type": "Aggregate",
    "Strategy": "Plain",
    "Partial Mode": "Finalize",
    "Parallel Aware": false,
    "Startup Cost": 193792.99,
    "Total Cost": 193793.0,
    "Plan Rows": 1,
    "Plan Width": 8,
    "Actual Startup Time": 549.714,
    "Actual Total Time": 572.508,
    "Actual Rows": 1,
    "Actual Loops": 1,
    "Plans": [
      {
        "Node Type": "Gather",
        "Parent Relationship": "Outer",
        "Parallel Aware": false,
        "Startup Cost": 193792.87,
        "Total Cost": 193792.98,
        "Plan Rows": 1,
        "Plan Width": 8,
        "Actual Startup Time": 549.5,
        "Actual Total Time": 572.499,
        "Actual Rows": 2,
        "Actual Loops": 1,
        "Workers Planned": 1,
        "Workers Launched": 1,
        "Single Copy": false,
        "Plans": [
          {
            "Node Type": "Aggregate",
            "Strategy": "Plain",
            "Partial Mode": "Partial",
            "Parent Relationship": "Outer",
            "Parallel Aware": false,
            "Startup Cost": 192792.87,
            "Total Cost": 192792.88,
            "Plan Rows": 1,
            "Plan Width": 8,
            "Actual Startup Time": 543.212,
            "Actual Total Time": 543.217,
            "Actual Rows": 1,
            "Actual Loops": 2,
            "Plans": [
              {
                "Node Type": "Nested Loop",
                "Parent Relationship": "Outer",
                "Parallel Aware": false,
                "Join Type": "Inner",
                "Startup Cost": 54800.07,
                "Total Cost": 192770.15,
                "Plan Rows": 9091,
                "Plan Width": 0,
                "Actual Startup Time": 150.984,
                "Actual Total Time": 542.44,
                "Actual Rows": 14300,
                "Actual Loops": 2,
                "Inner Unique": false,
                "Join Filter": "(t.id = mc.movie_id)",
                "Rows Removed by Join Filter": 0,
                "Plans": [
                  {
                    "Node Type": "Hash Join",
                    "Parent Relationship": "Outer",
                    "Parallel Aware": true,
                    "Join Type": "Inner",
                    "Startup Cost": 54799.64,
                    "Total Cost": 186906.05,
                    "Plan Rows": 8809,
                    "Plan Width": 8,
                    "Actual Startup Time": 150.907,
                    "Actual Total Time": 505.413,
                    "Actual Rows": 6033,
                    "Actual Loops": 2,
                    "Inner Unique": true,
                    "Hash Cond": "(ci.movie_id = t.id)",
                    "Plans": [
                      {
                        "Node Type": "Index Scan",
                        "Parent Relationship": "Outer",
                        "Parallel Aware": true,
                        "Scan Direction": "Forward",
                        "Index Name": "role_id_cast_info",
                        "Relation Name": "cast_info",
                        "Alias": "ci",
                        "Startup Cost": 0.56,
                        "Total Cost": 130066.5,
                        "Plan Rows": 777322,
                        "Plan Width": 4,
                        "Actual Startup Time": 0.14,
                        "Actual Total Time": 298.879,
                        "Actual Rows": 453422,
                        "Actual Loops": 2,
                        "Index Cond": "(role_id = 3)",
                        "Rows Removed by Index Recheck": 0,
                        "Filter": "(person_id < 1163089)",
                        "Rows Removed by Filter": 1550597
                      },
                      {
                        "Node Type": "Hash",
                        "Parent Relationship": "Inner",
                        "Parallel Aware": true,
                        "Startup Cost": 54588.39,
                        "Total Cost": 54588.39,
                        "Plan Rows": 16855,
                        "Plan Width": 4,
                        "Actual Startup Time": 149.298,
                        "Actual Total Time": 149.299,
                        "Actual Rows": 15014,
                        "Actual Loops": 2,
                        "Hash Buckets": 32768,
                        "Original Hash Buckets": 32768,
                        "Hash Batches": 1,
                        "Original Hash Batches": 1,
                        "Peak Memory Usage": 1440,
                        "Plans": [
                          {
                            "Node Type": "Seq Scan",
                            "Parent Relationship": "Outer",
                            "Parallel Aware": true,
                            "Relation Name": "title",
                            "Alias": "t",
                            "Startup Cost": 0.0,
                            "Total Cost": 54588.39,
                            "Plan Rows": 16855,
                            "Plan Width": 4,
                            "Actual Startup Time": 0.078,
                            "Actual Total Time": 143.447,
                            "Actual Rows": 15014,
                            "Actual Loops": 2,
                            "Filter": "(production_year = 1994)",
                            "Rows Removed by Filter": 1249142
                          }
                        ]
                      }
                    ]
                  },
                  {
                    "Node Type": "Index Only Scan",
                    "Parent Relationship": "Inner",
                    "Parallel Aware": false,
                    "Scan Direction": "Forward",
                    "Index Name": "movie_id_movie_companies",
                    "Relation Name": "movie_companies",
                    "Alias": "mc",
                    "Startup Cost": 0.43,
                    "Total Cost": 0.6,
                    "Plan Rows": 5,
                    "Plan Width": 4,
                    "Actual Startup Time": 0.005,
                    "Actual Total Time": 0.006,
                    "Actual Rows": 2,
                    "Actual Loops": 12066,
                    "Index Cond": "(movie_id = ci.movie_id)",
                    "Rows Removed by Index Recheck": 0,
                    "Heap Fetches": 28599
                  }
                ]
              }
            ]
          }
        ]
      }
    ]
  },
  "Planning Time": 1.061,
  "Triggers": [],
  "Execution Time": 572.608
}