{
  "Plan": {
    "Node Type": "Aggregate",
    "Strategy": "Plain",
    "Partial Mode": "Finalize",
    "Parallel Aware": false,
    "Startup Cost": 350836.88,
    "Total Cost": 350836.89,
    "Plan Rows": 1,
    "Plan Width": 8,
    "Actual Startup Time": 2973.18,
    "Actual Total Time": 3011.85,
    "Actual Rows": 1,
    "Actual Loops": 1,
    "Plans": [
      {
        "Node Type": "Gather",
        "Parent Relationship": "Outer",
        "Parallel Aware": false,
        "Startup Cost": 350836.77,
        "Total Cost": 350836.88,
        "Plan Rows": 1,
        "Plan Width": 8,
        "Actual Startup Time": 2969.979,
        "Actual Total Time": 3011.84,
        "Actual Rows": 2,
        "Actual Loops": 1,
        "Workers Planned": 1,
        "Workers Launched": 1,
        "Single Copy": false,
        "Plans": [
          {
            "Node Type": "Aggregate",
            "Strategy": "Plain",
            "Partial Mode": "Partial",
            "Parent Relationship": "Outer",
            "Parallel Aware": false,
            "Startup Cost": 349836.77,
            "Total Cost": 349836.78,
            "Plan Rows": 1,
            "Plan Width": 8,
            "Actual Startup Time": 2962.241,
            "Actual Total Time": 2962.245,
            "Actual Rows": 1,
            "Actual Loops": 2,
            "Plans": [
              {
                "Node Type": "Hash Join",
                "Parent Relationship": "Outer",
                "Parallel Aware": true,
                "Join Type": "Inner",
                "Startup Cost": 67408.66,
                "Total Cost": 339192.14,
                "Plan Rows": 4257849,
                "Plan Width": 0,
                "Actual Startup Time": 411.744,
                "Actual Total Time": 2872.405,
                "Actual Rows": 2201618,
                "Actual Loops": 2,
                "Inner Unique": true,
                "Hash Cond": "(mi.movie_id = t.id)",
                "Plans": [
                  {
                    "Node Type": "Seq Scan",
                    "Parent Relationship": "Outer",
                    "Parallel Aware": true,
                    "Relation Name": "movie_info",
                    "Alias": "mi",
                    "Startup Cost": 0.0,
                    "Total Cost": 248955.74,
                    "Plan Rows": 8696274,
                    "Plan Width": 4,
                    "Actual Startup Time": 0.018,
                    "Actual Total Time": 657.402,
                    "Actual Rows": 7417860,
                    "Actual Loops": 2
                  },
                  {
                    "Node Type": "Hash",
                    "Parent Relationship": "Inner",
                    "Parallel Aware": true,
                    "Startup Cost": 58306.47,
                    "Total Cost": 58306.47,
                    "Plan Rows": 728175,
                    "Plan Width": 4,
                    "Actual Startup Time": 396.367,
                    "Actual Total Time": 396.368,
                    "Actual Rows": 676760,
                    "Actual Loops": 2,
                    "Hash Buckets": 2097152,
                    "Original Hash Buckets": 2097152,
                    "Hash Batches": 1,
                    "Original Hash Batches": 1,
                    "Peak Memory Usage": 69344,
                    "Plans": [
                      {
                        "Node Type": "Seq Scan",
                        "Parent Relationship": "Outer",
                        "Parallel Aware": true,
                        "Relation Name": "title",
                        "Alias": "t",
                        "Startup Cost": 0.0,
                        "Total Cost": 58306.47,
                        "Plan Rows": 728175,
                        "Plan Width": 4,
                        "Actual Startup Time": 0.035,
                        "Actual Total Time": 178.474,
                        "Actual Rows": 676760,
                        "Actual Loops": 2,
                        "Filter": "((kind_id > 1) AND (production_year > 1993))",
                        "Rows Removed by Filter": 587396
                      }
                    ]
                  }
                ]
              }
            ]
          }
        ]
      }
    ]
  },
  "Planning Time": 0.608,
  "Triggers": [],
  "Execution Time": 3011.926
}