{
  "Plan": {
    "Node Type": "Aggregate",
    "Strategy": "Plain",
    "Partial Mode": "Finalize",
    "Parallel Aware": false,
    "Startup Cost": 154910.29,
    "Total Cost": 154910.3,
    "Plan Rows": 1,
    "Plan Width": 8,
    "Actual Startup Time": 1163.977,
    "Actual Total Time": 1187.764,
    "Actual Rows": 1,
    "Actual Loops": 1,
    "Plans": [
      {
        "Node Type": "Gather",
        "Parent Relationship": "Outer",
        "Parallel Aware": false,
        "Startup Cost": 154910.18,
        "Total Cost": 154910.29,
        "Plan Rows": 1,
        "Plan Width": 8,
        "Actual Startup Time": 1158.833,
        "Actual Total Time": 1187.757,
        "Actual Rows": 2,
        "Actual Loops": 1,
        "Workers Planned": 1,
        "Workers Launched": 1,
        "Single Copy": false,
        "Plans": [
          {
            "Node Type": "Aggregate",
            "Strategy": "Plain",
            "Partial Mode": "Partial",
            "Parent Relationship": "Outer",
            "Parallel Aware": false,
            "Startup Cost": 153910.18,
            "Total Cost": 153910.19,
            "Plan Rows": 1,
            "Plan Width": 8,
            "Actual Startup Time": 1153.394,
            "Actual Total Time": 1153.399,
            "Actual Rows": 1,
            "Actual Loops": 2,
            "Plans": [
              {
                "Node Type": "Hash Join",
                "Parent Relationship": "Outer",
                "Parallel Aware": true,
                "Join Type": "Inner",
                "Startup Cost": 131953.88,
                "Total Cost": 153363.6,
                "Plan Rows": 218632,
                "Plan Width": 0,
                "Actual Startup Time": 940.038,
                "Actual Total Time": 1123.731,
                "Actual Rows": 736075,
                "Actual Loops": 2,
                "Inner Unique": false,
                "Hash Cond": "(mi_idx.movie_id = t.id)",
                "Plans": [
                  {
                    "Node Type": "Seq Scan",
                    "Parent Relationship": "Outer",
                    "Parallel Aware": true,
                    "Relation Name": "movie_info_idx",
                    "Alias": "mi_idx",
                    "Startup Cost": 0.0,
                    "Total Cost": 18082.32,
                    "Plan Rows": 544356,
                    "Plan Width": 4,
                    "Actual Startup Time": 0.026,
                    "Actual Total Time": 57.543,
                    "Actual Rows": 460055,
                    "Actual Loops": 2,
                    "Filter": "(info_type_id > 99)",
                    "Rows Removed by Filter": 229962
                  },
                  {
                    "Node Type": "Hash",
                    "Parent Relationship": "Inner",
                    "Parallel Aware": true,
                    "Startup Cost": 124487.35,
                    "Total Cost": 124487.35,
                    "Plan Rows": 597322,
                    "Plan Width": 8,
                    "Actual Startup Time": 931.01,
                    "Actual Total Time": 931.013,
                    "Actual Rows": 510410,
                    "Actual Loops": 2,
                    "Hash Buckets": 1048576,
                    "Original Hash Buckets": 1048576,
                    "Hash Batches": 1,
                    "Original Hash Batches": 1,
                    "Peak Memory Usage": 48160,
                    "Plans": [
                      {
                        "Node Type": "Hash Join",
                        "Parent Relationship": "Outer",
                        "Parallel Aware": true,
                        "Join Type": "Inner",
                        "Startup Cost": 90998.85,
                        "Total Cost": 124487.35,
                        "Plan Rows": 597322,
                        "Plan Width": 8,
                        "Actual Startup Time": 582.795,
                        "Actual Total Time": 820.01,
                        "Actual Rows": 510410,
                        "Actual Loops": 2,
                        "Inner Unique": true,
                        "Hash Cond": "(mk.movie_id = t.id)",
                        "Plans": [
                          {
                            "Node Type": "Bitmap Heap Scan",
                            "Parent Relationship": "Outer",
                            "Parallel Aware": true,
                            "Relation Name": "movie_keyword",
                            "Alias": "mk",
                            "Startup Cost": 21538.15,
                            "Total Cost": 53458.68,
                            "Plan Rows": 597322,
                            "Plan Width": 4,
                            "Actual Startup Time": 50.563,
                            "Actual Total Time": 141.987,
                            "Actual Rows": 510410,
                            "Actual Loops": 2,
                            "Recheck Cond": "(keyword_id < 994)",
                            "Rows Removed by Index Recheck": 0,
                            "Exact Heap Blocks": 12749,
                            "Lossy Heap Blocks": 0,
                            "Plans": [
                              {
                                "Node Type": "Bitmap Index Scan",
                                "Parent Relationship": "Outer",
                                "Parallel Aware": false,
                                "Index Name": "keyword_id_movie_keyword",
                                "Startup Cost": 0.0,
                                "Total Cost": 21284.29,
                                "Plan Rows": 1015448,
                                "Plan Width": 0,
                                "Actual Startup Time": 46.921,
                                "Actual Total Time": 46.921,
                                "Actual Rows": 1020820,
                                "Actual Loops": 1,
                                "Index Cond": "(keyword_id < 994)"
                              }
                            ]
                          },
                          {
                            "Node Type": "Hash",
                            "Parent Relationship": "Inner",
                            "Parallel Aware": true,
                            "Startup Cost": 50870.31,
                            "Total Cost": 50870.31,
                            "Plan Rows": 1487231,
                            "Plan Width": 4,
                            "Actual Startup Time": 517.115,
                            "Actual Total Time": 517.116,
                            "Actual Rows": 1264156,
                            "Actual Loops": 2,
                            "Hash Buckets": 4194304,
                            "Original Hash Buckets": 4194304,
                            "Hash Batches": 1,
                            "Original Hash Batches": 1,
                            "Peak Memory Usage": 131712,
                            "Plans": [
                              {
                                "Node Type": "Seq Scan",
                                "Parent Relationship": "Outer",
                                "Parallel Aware": true,
                                "Relation Name": "title",
                                "Alias": "t",
                                "Startup Cost": 0.0,
                                "Total Cost": 50870.31,
                                "Plan Rows": 1487231,
                                "Plan Width": 4,
                                "Actual Startup Time": 0.036,
                                "Actual Total Time": 149.173,
                                "Actual Rows": 1264156,
                                "Actual Loops": 2
                              }
                            ]
                          }
                        ]
                      }
                    ]
                  }
                ]
              }
            ]
          }
        ]
      }
    ]
  },
  "Planning Time": 0.964,
  "Triggers": [],
  "Execution Time": 1187.867
}