[
  {
    "Plan": {
      "Node Type": "Aggregate",
      "Strategy": "Plain",
      "Partial Mode": "Finalize",
      "Parallel Aware": false,
      "Startup Cost": 348750.49,
      "Total Cost": 348750.5,
      "Plan Rows": 1,
      "Plan Width": 8,
      "Actual Startup Time": 764.852,
      "Actual Total Time": 812.142,
      "Actual Rows": 1,
      "Actual Loops": 1,
      "Plans": [
        {
          "Node Type": "Gather",
          "Parent Relationship": "Outer",
          "Parallel Aware": false,
          "Startup Cost": 348749.86,
          "Total Cost": 348750.47,
          "Plan Rows": 6,
          "Plan Width": 8,
          "Actual Startup Time": 764.683,
          "Actual Total Time": 812.131,
          "Actual Rows": 7,
          "Actual Loops": 1,
          "Workers Planned": 6,
          "Workers Launched": 6,
          "Single Copy": false,
          "Plans": [
            {
              "Node Type": "Aggregate",
              "Strategy": "Plain",
              "Partial Mode": "Partial",
              "Parent Relationship": "Outer",
              "Parallel Aware": false,
              "Startup Cost": 347749.86,
              "Total Cost": 347749.87,
              "Plan Rows": 1,
              "Plan Width": 8,
              "Actual Startup Time": 758.094,
              "Actual Total Time": 758.095,
              "Actual Rows": 1,
              "Actual Loops": 7,
              "Plans": [
                {
                  "Node Type": "Seq Scan",
                  "Parent Relationship": "Outer",
                  "Parallel Aware": true,
                  "Relation Name": "cast_info",
                  "Alias": "ci",
                  "Startup Cost": 0.0,
                  "Total Cost": 343316.27,
                  "Plan Rows": 1773436,
                  "Plan Width": 0,
                  "Actual Startup Time": 333.24,
                  "Actual Total Time": 666.739,
                  "Actual Rows": 1815232,
                  "Actual Loops": 7,
                  "Filter": "((person_id > 1213590) AND (role_id > 2))",
                  "Rows Removed by Filter": 3362531
                }
              ]
            }
          ]
        }
      ]
    },
    "Planning Time": 0.115,
    "Triggers": [],
    "Execution Time": 812.19
  }
]