[
    {
        "Bao": {
            "Bao prediction": "NaN",
            "Bao recommended hint": "(no hint)"
        }
    },
    {
        "Plan": {
            "Node Type": "Aggregate",
            "Strategy": "Plain",
            "Partial Mode": "Finalize",
            "Parallel Aware": false,
            "Startup Cost": 90280.14,
            "Total Cost": 90280.15,
            "Plan Rows": 1,
            "Plan Width": 8,
            "Actual Startup Time": 397.307,
            "Actual Total Time": 407.489,
            "Actual Rows": 1,
            "Actual Loops": 1,
            "Output": [
                "count(*)"
            ],
            "Plans": [
                {
                    "Node Type": "Gather",
                    "Parent Relationship": "Outer",
                    "Parallel Aware": false,
                    "Startup Cost": 90279.82,
                    "Total Cost": 90280.13,
                    "Plan Rows": 3,
                    "Plan Width": 8,
                    "Actual Startup Time": 393.124,
                    "Actual Total Time": 407.478,
                    "Actual Rows": 4,
                    "Actual Loops": 1,
                    "Output": [
                        "(PARTIAL count(*))"
                    ],
                    "Workers Planned": 3,
                    "Workers Launched": 3,
                    "Single Copy": false,
                    "Plans": [
                        {
                            "Node Type": "Aggregate",
                            "Strategy": "Plain",
                            "Partial Mode": "Partial",
                            "Parent Relationship": "Outer",
                            "Parallel Aware": false,
                            "Startup Cost": 89279.82,
                            "Total Cost": 89279.83,
                            "Plan Rows": 1,
                            "Plan Width": 8,
                            "Actual Startup Time": 384.785,
                            "Actual Total Time": 384.791,
                            "Actual Rows": 1,
                            "Actual Loops": 4,
                            "Output": [
                                "PARTIAL count(*)"
                            ],
                            "Workers": [
                                {
                                    "Worker Number": 0,
                                    "Actual Startup Time": 382.381,
                                    "Actual Total Time": 382.384,
                                    "Actual Rows": 1,
                                    "Actual Loops": 1
                                },
                                {
                                    "Worker Number": 1,
                                    "Actual Startup Time": 381.941,
                                    "Actual Total Time": 381.952,
                                    "Actual Rows": 1,
                                    "Actual Loops": 1
                                },
                                {
                                    "Worker Number": 2,
                                    "Actual Startup Time": 382.013,
                                    "Actual Total Time": 382.017,
                                    "Actual Rows": 1,
                                    "Actual Loops": 1
                                }
                            ],
                            "Plans": [
                                {
                                    "Node Type": "Hash Join",
                                    "Parent Relationship": "Outer",
                                    "Parallel Aware": true,
                                    "Join Type": "Inner",
                                    "Startup Cost": 61524.12,
                                    "Total Cost": 88995.53,
                                    "Plan Rows": 113718,
                                    "Plan Width": 0,
                                    "Actual Startup Time": 271.713,
                                    "Actual Total Time": 378.718,
                                    "Actual Rows": 114695,
                                    "Actual Loops": 4,
                                    "Inner Unique": true,
                                    "Hash Cond": "(mk.movie_id = t.id)",
                                    "Workers": [
                                        {
                                            "Worker Number": 0,
                                            "Actual Startup Time": 268.411,
                                            "Actual Total Time": 376.505,
                                            "Actual Rows": 126782,
                                            "Actual Loops": 1
                                        },
                                        {
                                            "Worker Number": 1,
                                            "Actual Startup Time": 269.05,
                                            "Actual Total Time": 375.883,
                                            "Actual Rows": 106519,
                                            "Actual Loops": 1
                                        },
                                        {
                                            "Worker Number": 2,
                                            "Actual Startup Time": 269.198,
                                            "Actual Total Time": 375.933,
                                            "Actual Rows": 103620,
                                            "Actual Loops": 1
                                        }
                                    ],
                                    "Plans": [
                                        {
                                            "Node Type": "Bitmap Heap Scan",
                                            "Parent Relationship": "Outer",
                                            "Parallel Aware": true,
                                            "Relation Name": "movie_keyword",
                                            "Schema": "public",
                                            "Alias": "mk",
                                            "Startup Cost": 13121.37,
                                            "Total Cost": 40069.09,
                                            "Plan Rows": 199498,
                                            "Plan Width": 4,
                                            "Actual Startup Time": 52.417,
                                            "Actual Total Time": 103.951,
                                            "Actual Rows": 154789,
                                            "Actual Loops": 4,
                                            "Output": [
                                                "mk.id",
                                                "mk.movie_id",
                                                "mk.keyword_id"
                                            ],
                                            "Recheck Cond": "(mk.keyword_id < 475)",
                                            "Rows Removed by Index Recheck": 0,
                                            "Exact Heap Blocks": 6460,
                                            "Lossy Heap Blocks": 0,
                                            "Workers": [
                                                {
                                                    "Worker Number": 0,
                                                    "Actual Startup Time": 52.221,
                                                    "Actual Total Time": 104.683,
                                                    "Actual Rows": 175184,
                                                    "Actual Loops": 1
                                                },
                                                {
                                                    "Worker Number": 1,
                                                    "Actual Startup Time": 52.455,
                                                    "Actual Total Time": 105.94,
                                                    "Actual Rows": 141806,
                                                    "Actual Loops": 1
                                                },
                                                {
                                                    "Worker Number": 2,
                                                    "Actual Startup Time": 52.542,
                                                    "Actual Total Time": 105.966,
                                                    "Actual Rows": 138907,
                                                    "Actual Loops": 1
                                                }
                                            ],
                                            "Plans": [
                                                {
                                                    "Node Type": "Bitmap Index Scan",
                                                    "Parent Relationship": "Outer",
                                                    "Parallel Aware": false,
                                                    "Index Name": "keyword_id_movie_keyword",
                                                    "Startup Cost": 0.0,
                                                    "Total Cost": 12966.76,
                                                    "Plan Rows": 618443,
                                                    "Plan Width": 0,
                                                    "Actual Startup Time": 48.675,
                                                    "Actual Total Time": 48.675,
                                                    "Actual Rows": 619157,
                                                    "Actual Loops": 1,
                                                    "Index Cond": "(mk.keyword_id < 475)",
                                                    "Workers": [
                                                        {
                                                            "Worker Number": 0,
                                                            "Actual Startup Time": 48.675,
                                                            "Actual Total Time": 48.675,
                                                            "Actual Rows": 619157,
                                                            "Actual Loops": 1
                                                        }
                                                    ]
                                                }
                                            ]
                                        },
                                        {
                                            "Node Type": "Hash",
                                            "Parent Relationship": "Inner",
                                            "Parallel Aware": true,
                                            "Startup Cost": 43899.01,
                                            "Total Cost": 43899.01,
                                            "Plan Rows": 360300,
                                            "Plan Width": 4,
                                            "Actual Startup Time": 214.256,
                                            "Actual Total Time": 214.257,
                                            "Actual Rows": 360824,
                                            "Actual Loops": 4,
                                            "Output": [
                                                "t.id"
                                            ],
                                            "Hash Buckets": 2097152,
                                            "Original Hash Buckets": 2097152,
                                            "Hash Batches": 1,
                                            "Original Hash Batches": 1,
                                            "Peak Memory Usage": 72928,
                                            "Workers": [
                                                {
                                                    "Worker Number": 0,
                                                    "Actual Startup Time": 215.706,
                                                    "Actual Total Time": 215.707,
                                                    "Actual Rows": 332942,
                                                    "Actual Loops": 1
                                                },
                                                {
                                                    "Worker Number": 1,
                                                    "Actual Startup Time": 215.942,
                                                    "Actual Total Time": 215.943,
                                                    "Actual Rows": 334052,
                                                    "Actual Loops": 1
                                                },
                                                {
                                                    "Worker Number": 2,
                                                    "Actual Startup Time": 215.97,
                                                    "Actual Total Time": 215.972,
                                                    "Actual Rows": 337197,
                                                    "Actual Loops": 1
                                                }
                                            ],
                                            "Plans": [
                                                {
                                                    "Node Type": "Seq Scan",
                                                    "Parent Relationship": "Outer",
                                                    "Parallel Aware": true,
                                                    "Relation Name": "title",
                                                    "Schema": "public",
                                                    "Alias": "t",
                                                    "Startup Cost": 0.0,
                                                    "Total Cost": 43899.01,
                                                    "Plan Rows": 360300,
                                                    "Plan Width": 4,
                                                    "Actual Startup Time": 0.048,
                                                    "Actual Total Time": 96.068,
                                                    "Actual Rows": 360824,
                                                    "Actual Loops": 4,
                                                    "Output": [
                                                        "t.id"
                                                    ],
                                                    "Filter": "(t.production_year < 2006)",
                                                    "Rows Removed by Filter": 271254,
                                                    "Workers": [
                                                        {
                                                            "Worker Number": 0,
                                                            "Actual Startup Time": 0.067,
                                                            "Actual Total Time": 98.529,
                                                            "Actual Rows": 332942,
                                                            "Actual Loops": 1
                                                        },
                                                        {
                                                            "Worker Number": 1,
                                                            "Actual Startup Time": 0.053,
                                                            "Actual Total Time": 98.08,
                                                            "Actual Rows": 334052,
                                                            "Actual Loops": 1
                                                        },
                                                        {
                                                            "Worker Number": 2,
                                                            "Actual Startup Time": 0.059,
                                                            "Actual Total Time": 98.314,
                                                            "Actual Rows": 337197,
                                                            "Actual Loops": 1
                                                        }
                                                    ]
                                                }
                                            ]
                                        }
                                    ]
                                }
                            ]
                        }
                    ]
                }
            ]
        },
        "Planning Time": 180.488,
        "Triggers": [],
        "Execution Time": 407.566
    }
]