[
    {
        "Bao": {
            "Bao prediction": "NaN",
            "Bao recommended hint": "(no hint)"
        }
    },
    {
        "Plan": {
            "Node Type": "Aggregate",
            "Strategy": "Plain",
            "Partial Mode": "Simple",
            "Parallel Aware": false,
            "Startup Cost": 5861.8,
            "Total Cost": 5861.81,
            "Plan Rows": 1,
            "Plan Width": 8,
            "Actual Startup Time": 2.767,
            "Actual Total Time": 2.768,
            "Actual Rows": 1,
            "Actual Loops": 1,
            "Output": [
                "count(*)"
            ],
            "Plans": [
                {
                    "Node Type": "Index Scan",
                    "Parent Relationship": "Outer",
                    "Parallel Aware": false,
                    "Scan Direction": "Forward",
                    "Index Name": "company_id_movie_companies",
                    "Relation Name": "movie_companies",
                    "Schema": "public",
                    "Alias": "mc",
                    "Startup Cost": 0.43,
                    "Total Cost": 5858.81,
                    "Plan Rows": 1197,
                    "Plan Width": 0,
                    "Actual Startup Time": 0.717,
                    "Actual Total Time": 2.62,
                    "Actual Rows": 1996,
                    "Actual Loops": 1,
                    "Output": [
                        "id",
                        "movie_id",
                        "company_id",
                        "company_type_id",
                        "note"
                    ],
                    "Index Cond": "(mc.company_id = 14002)",
                    "Rows Removed by Index Recheck": 0,
                    "Filter": "(mc.company_type_id > 1)",
                    "Rows Removed by Filter": 269
                }
            ]
        },
        "Planning Time": 309.615,
        "Triggers": [],
        "Execution Time": 2.84
    }
]