[
  {
    "Plan": {
      "Node Type": "Aggregate",
      "Strategy": "Plain",
      "Partial Mode": "Finalize",
      "Parallel Aware": false,
      "Startup Cost": 282226.52,
      "Total Cost": 282226.53,
      "Plan Rows": 1,
      "Plan Width": 8,
      "Actual Startup Time": 584.76,
      "Actual Total Time": 601.951,
      "Actual Rows": 1,
      "Actual Loops": 1,
      "Plans": [
        {
          "Node Type": "Gather",
          "Parent Relationship": "Outer",
          "Parallel Aware": false,
          "Startup Cost": 282226.21,
          "Total Cost": 282226.52,
          "Plan Rows": 3,
          "Plan Width": 8,
          "Actual Startup Time": 581.979,
          "Actual Total Time": 601.941,
          "Actual Rows": 4,
          "Actual Loops": 1,
          "Workers Planned": 3,
          "Workers Launched": 3,
          "Single Copy": false,
          "Plans": [
            {
              "Node Type": "Aggregate",
              "Strategy": "Plain",
              "Partial Mode": "Partial",
              "Parent Relationship": "Outer",
              "Parallel Aware": false,
              "Startup Cost": 281226.21,
              "Total Cost": 281226.22,
              "Plan Rows": 1,
              "Plan Width": 8,
              "Actual Startup Time": 572.752,
              "Actual Total Time": 572.76,
              "Actual Rows": 1,
              "Actual Loops": 4,
              "Plans": [
                {
                  "Node Type": "Hash Join",
                  "Parent Relationship": "Outer",
                  "Parallel Aware": true,
                  "Join Type": "Inner",
                  "Startup Cost": 235833.91,
                  "Total Cost": 280741.49,
                  "Plan Rows": 193885,
                  "Plan Width": 0,
                  "Actual Startup Time": 381.359,
                  "Actual Total Time": 565.137,
                  "Actual Rows": 188776,
                  "Actual Loops": 4,
                  "Inner Unique": false,
                  "Hash Cond": "(mk.movie_id = t.id)",
                  "Plans": [
                    {
                      "Node Type": "Seq Scan",
                      "Parent Relationship": "Outer",
                      "Parallel Aware": true,
                      "Relation Name": "movie_keyword",
                      "Alias": "mk",
                      "Startup Cost": 0.0,
                      "Total Cost": 39047.32,
                      "Plan Rows": 1459332,
                      "Plan Width": 4,
                      "Actual Startup Time": 0.023,
                      "Actual Total Time": 82.204,
                      "Actual Rows": 1130982,
                      "Actual Loops": 4
                    },
                    {
                      "Node Type": "Hash",
                      "Parent Relationship": "Inner",
                      "Parallel Aware": true,
                      "Startup Cost": 234994.14,
                      "Total Cost": 234994.14,
                      "Plan Rows": 67181,
                      "Plan Width": 8,
                      "Actual Startup Time": 378.331,
                      "Actual Total Time": 378.338,
                      "Actual Rows": 70611,
                      "Actual Loops": 4,
                      "Hash Buckets": 524288,
                      "Original Hash Buckets": 524288,
                      "Hash Batches": 1,
                      "Original Hash Batches": 1,
                      "Peak Memory Usage": 15200,
                      "Plans": [
                        {
                          "Node Type": "Hash Join",
                          "Parent Relationship": "Outer",
                          "Parallel Aware": true,
                          "Join Type": "Inner",
                          "Startup Cost": 69134.3,
                          "Total Cost": 234994.14,
                          "Plan Rows": 67181,
                          "Plan Width": 8,
                          "Actual Startup Time": 238.548,
                          "Actual Total Time": 358.024,
                          "Actual Rows": 70611,
                          "Actual Loops": 4,
                          "Inner Unique": true,
                          "Hash Cond": "(mi.movie_id = t.id)",
                          "Plans": [
                            {
                              "Node Type": "Bitmap Heap Scan",
                              "Parent Relationship": "Outer",
                              "Parallel Aware": true,
                              "Relation Name": "movie_info",
                              "Alias": "mi",
                              "Startup Cost": 23159.21,
                              "Total Cost": 188347.95,
                              "Plan Rows": 255659,
                              "Plan Width": 4,
                              "Actual Startup Time": 78.802,
                              "Actual Total Time": 116.075,
                              "Actual Rows": 324747,
                              "Actual Loops": 4,
                              "Recheck Cond": "(info_type_id = 4)",
                              "Rows Removed by Index Recheck": 0,
                              "Exact Heap Blocks": 2115,
                              "Lossy Heap Blocks": 0,
                              "Plans": [
                                {
                                  "Node Type": "Bitmap Index Scan",
                                  "Parent Relationship": "Outer",
                                  "Parallel Aware": false,
                                  "Index Name": "info_type_id_movie_info",
                                  "Startup Cost": 0.0,
                                  "Total Cost": 22839.64,
                                  "Plan Rows": 1278294,
                                  "Plan Width": 0,
                                  "Actual Startup Time": 77.327,
                                  "Actual Total Time": 77.327,
                                  "Actual Rows": 1298989,
                                  "Actual Loops": 1,
                                  "Index Cond": "(info_type_id = 4)"
                                }
                              ]
                            },
                            {
                              "Node Type": "Hash",
                              "Parent Relationship": "Inner",
                              "Parallel Aware": true,
                              "Startup Cost": 43898.92,
                              "Total Cost": 43898.92,
                              "Plan Rows": 166094,
                              "Plan Width": 4,
                              "Actual Startup Time": 154.256,
                              "Actual Total Time": 154.257,
                              "Actual Rows": 165516,
                              "Actual Loops": 4,
                              "Hash Buckets": 1048576,
                              "Original Hash Buckets": 1048576,
                              "Hash Batches": 1,
                              "Original Hash Batches": 1,
                              "Peak Memory Usage": 34144,
                              "Plans": [
                                {
                                  "Node Type": "Seq Scan",
                                  "Parent Relationship": "Outer",
                                  "Parallel Aware": true,
                                  "Relation Name": "title",
                                  "Alias": "t",
                                  "Startup Cost": 0.0,
                                  "Total Cost": 43898.92,
                                  "Plan Rows": 166094,
                                  "Plan Width": 4,
                                  "Actual Startup Time": 0.06,
                                  "Actual Total Time": 95.527,
                                  "Actual Rows": 165516,
                                  "Actual Loops": 4,
                                  "Filter": "(production_year > 2008)",
                                  "Rows Removed by Filter": 466562
                                }
                              ]
                            }
                          ]
                        }
                      ]
                    }
                  ]
                }
              ]
            }
          ]
        }
      ]
    },
    "Planning Time": 1.37,
    "Triggers": [],
    "Execution Time": 602.057
  }
]