[
  {
    "Plan": {
      "Node Type": "Aggregate",
      "Strategy": "Plain",
      "Partial Mode": "Finalize",
      "Parallel Aware": false,
      "Startup Cost": 46357.3,
      "Total Cost": 46357.31,
      "Plan Rows": 1,
      "Plan Width": 8,
      "Actual Startup Time": 184.262,
      "Actual Total Time": 196.466,
      "Actual Rows": 1,
      "Actual Loops": 1,
      "Plans": [
        {
          "Node Type": "Gather",
          "Parent Relationship": "Outer",
          "Parallel Aware": false,
          "Startup Cost": 46356.98,
          "Total Cost": 46357.29,
          "Plan Rows": 3,
          "Plan Width": 8,
          "Actual Startup Time": 184.125,
          "Actual Total Time": 196.45,
          "Actual Rows": 4,
          "Actual Loops": 1,
          "Workers Planned": 3,
          "Workers Launched": 3,
          "Single Copy": false,
          "Plans": [
            {
              "Node Type": "Aggregate",
              "Strategy": "Plain",
              "Partial Mode": "Partial",
              "Parent Relationship": "Outer",
              "Parallel Aware": false,
              "Startup Cost": 45356.98,
              "Total Cost": 45356.99,
              "Plan Rows": 1,
              "Plan Width": 8,
              "Actual Startup Time": 178.806,
              "Actual Total Time": 178.807,
              "Actual Rows": 1,
              "Actual Loops": 4,
              "Plans": [
                {
                  "Node Type": "Seq Scan",
                  "Parent Relationship": "Outer",
                  "Parallel Aware": true,
                  "Relation Name": "movie_keyword",
                  "Alias": "mk",
                  "Startup Cost": 0.0,
                  "Total Cost": 42695.65,
                  "Plan Rows": 1064530,
                  "Plan Width": 0,
                  "Actual Startup Time": 0.102,
                  "Actual Total Time": 135.227,
                  "Actual Rows": 824664,
                  "Actual Loops": 4,
                  "Filter": "(keyword_id > 1553)",
                  "Rows Removed by Filter": 306319
                }
              ]
            }
          ]
        }
      ]
    },
    "Planning Time": 0.098,
    "Triggers": [],
    "Execution Time": 196.498
  }
]