[
  {
    "Plan": {
      "Node Type": "Aggregate",
      "Strategy": "Plain",
      "Partial Mode": "Finalize",
      "Parallel Aware": false,
      "Startup Cost": 47275.23,
      "Total Cost": 47275.24,
      "Plan Rows": 1,
      "Plan Width": 8,
      "Actual Startup Time": 185.491,
      "Actual Total Time": 195.296,
      "Actual Rows": 1,
      "Actual Loops": 1,
      "Plans": [
        {
          "Node Type": "Gather",
          "Parent Relationship": "Outer",
          "Parallel Aware": false,
          "Startup Cost": 47274.91,
          "Total Cost": 47275.22,
          "Plan Rows": 3,
          "Plan Width": 8,
          "Actual Startup Time": 185.391,
          "Actual Total Time": 195.288,
          "Actual Rows": 4,
          "Actual Loops": 1,
          "Workers Planned": 3,
          "Workers Launched": 3,
          "Single Copy": false,
          "Plans": [
            {
              "Node Type": "Aggregate",
              "Strategy": "Plain",
              "Partial Mode": "Partial",
              "Parent Relationship": "Outer",
              "Parallel Aware": false,
              "Startup Cost": 46274.91,
              "Total Cost": 46274.92,
              "Plan Rows": 1,
              "Plan Width": 8,
              "Actual Startup Time": 179.332,
              "Actual Total Time": 179.333,
              "Actual Rows": 1,
              "Actual Loops": 4,
              "Plans": [
                {
                  "Node Type": "Seq Scan",
                  "Parent Relationship": "Outer",
                  "Parallel Aware": true,
                  "Relation Name": "movie_keyword",
                  "Alias": "mk",
                  "Startup Cost": 0.0,
                  "Total Cost": 42695.65,
                  "Plan Rows": 1431704,
                  "Plan Width": 0,
                  "Actual Startup Time": 0.048,
                  "Actual Total Time": 129.329,
                  "Actual Rows": 1107257,
                  "Actual Loops": 4,
                  "Filter": "(keyword_id > 84)",
                  "Rows Removed by Filter": 23726
                }
              ]
            }
          ]
        }
      ]
    },
    "Planning Time": 0.18,
    "Triggers": [],
    "Execution Time": 195.351
  }
]