[
    {
        "Bao": {
            "Bao prediction": "NaN",
            "Bao recommended hint": "(no hint)"
        }
    },
    {
        "Plan": {
            "Node Type": "Aggregate",
            "Strategy": "Plain",
            "Partial Mode": "Finalize",
            "Parallel Aware": false,
            "Startup Cost": 29895.16,
            "Total Cost": 29895.17,
            "Plan Rows": 1,
            "Plan Width": 8,
            "Actual Startup Time": 64.323,
            "Actual Total Time": 69.522,
            "Actual Rows": 1,
            "Actual Loops": 1,
            "Output": [
                "count(*)"
            ],
            "Plans": [
                {
                    "Node Type": "Gather",
                    "Parent Relationship": "Outer",
                    "Parallel Aware": false,
                    "Startup Cost": 29894.84,
                    "Total Cost": 29895.15,
                    "Plan Rows": 3,
                    "Plan Width": 8,
                    "Actual Startup Time": 64.06,
                    "Actual Total Time": 69.514,
                    "Actual Rows": 4,
                    "Actual Loops": 1,
                    "Output": [
                        "(PARTIAL count(*))"
                    ],
                    "Workers Planned": 3,
                    "Workers Launched": 3,
                    "Single Copy": false,
                    "Plans": [
                        {
                            "Node Type": "Aggregate",
                            "Strategy": "Plain",
                            "Partial Mode": "Partial",
                            "Parent Relationship": "Outer",
                            "Parallel Aware": false,
                            "Startup Cost": 28894.84,
                            "Total Cost": 28894.85,
                            "Plan Rows": 1,
                            "Plan Width": 8,
                            "Actual Startup Time": 55.354,
                            "Actual Total Time": 55.355,
                            "Actual Rows": 1,
                            "Actual Loops": 4,
                            "Output": [
                                "PARTIAL count(*)"
                            ],
                            "Workers": [
                                {
                                    "Worker Number": 0,
                                    "Actual Startup Time": 52.126,
                                    "Actual Total Time": 52.128,
                                    "Actual Rows": 1,
                                    "Actual Loops": 1
                                },
                                {
                                    "Worker Number": 1,
                                    "Actual Startup Time": 52.716,
                                    "Actual Total Time": 52.717,
                                    "Actual Rows": 1,
                                    "Actual Loops": 1
                                },
                                {
                                    "Worker Number": 2,
                                    "Actual Startup Time": 52.99,
                                    "Actual Total Time": 52.991,
                                    "Actual Rows": 1,
                                    "Actual Loops": 1
                                }
                            ],
                            "Plans": [
                                {
                                    "Node Type": "Bitmap Heap Scan",
                                    "Parent Relationship": "Outer",
                                    "Parallel Aware": true,
                                    "Relation Name": "movie_keyword",
                                    "Schema": "public",
                                    "Alias": "mk",
                                    "Startup Cost": 3616.6,
                                    "Total Cost": 28757.47,
                                    "Plan Rows": 54950,
                                    "Plan Width": 0,
                                    "Actual Startup Time": 7.406,
                                    "Actual Total Time": 52.699,
                                    "Actual Rows": 40263,
                                    "Actual Loops": 4,
                                    "Recheck Cond": "(mk.keyword_id > 72755)",
                                    "Rows Removed by Index Recheck": 0,
                                    "Exact Heap Blocks": 11918,
                                    "Lossy Heap Blocks": 0,
                                    "Workers": [
                                        {
                                            "Worker Number": 0,
                                            "Actual Startup Time": 4.323,
                                            "Actual Total Time": 50.133,
                                            "Actual Rows": 20518,
                                            "Actual Loops": 1
                                        },
                                        {
                                            "Worker Number": 1,
                                            "Actual Startup Time": 4.787,
                                            "Actual Total Time": 50.44,
                                            "Actual Rows": 21241,
                                            "Actual Loops": 1
                                        },
                                        {
                                            "Worker Number": 2,
                                            "Actual Startup Time": 5.085,
                                            "Actual Total Time": 50.792,
                                            "Actual Rows": 20955,
                                            "Actual Loops": 1
                                        }
                                    ],
                                    "Plans": [
                                        {
                                            "Node Type": "Bitmap Index Scan",
                                            "Parent Relationship": "Outer",
                                            "Parallel Aware": false,
                                            "Index Name": "keyword_id_movie_keyword",
                                            "Startup Cost": 0.0,
                                            "Total Cost": 3574.01,
                                            "Plan Rows": 170344,
                                            "Plan Width": 0,
                                            "Actual Startup Time": 12.58,
                                            "Actual Total Time": 12.581,
                                            "Actual Rows": 161053,
                                            "Actual Loops": 1,
                                            "Index Cond": "(mk.keyword_id > 72755)"
                                        }
                                    ]
                                }
                            ]
                        }
                    ]
                }
            ]
        },
        "Planning Time": 184.186,
        "Triggers": [],
        "Execution Time": 69.619
    }
]