[
  {
    "Plan": {
      "Node Type": "Aggregate",
      "Strategy": "Plain",
      "Partial Mode": "Finalize",
      "Parallel Aware": false,
      "Startup Cost": 351572.78,
      "Total Cost": 351572.79,
      "Plan Rows": 1,
      "Plan Width": 8,
      "Actual Startup Time": 867.241,
      "Actual Total Time": 915.62,
      "Actual Rows": 1,
      "Actual Loops": 1,
      "Plans": [
        {
          "Node Type": "Gather",
          "Parent Relationship": "Outer",
          "Parallel Aware": false,
          "Startup Cost": 351572.16,
          "Total Cost": 351572.77,
          "Plan Rows": 6,
          "Plan Width": 8,
          "Actual Startup Time": 866.93,
          "Actual Total Time": 915.599,
          "Actual Rows": 7,
          "Actual Loops": 1,
          "Workers Planned": 6,
          "Workers Launched": 6,
          "Single Copy": false,
          "Plans": [
            {
              "Node Type": "Aggregate",
              "Strategy": "Plain",
              "Partial Mode": "Partial",
              "Parent Relationship": "Outer",
              "Parallel Aware": false,
              "Startup Cost": 350572.16,
              "Total Cost": 350572.17,
              "Plan Rows": 1,
              "Plan Width": 8,
              "Actual Startup Time": 860.78,
              "Actual Total Time": 860.783,
              "Actual Rows": 1,
              "Actual Loops": 7,
              "Plans": [
                {
                  "Node Type": "Seq Scan",
                  "Parent Relationship": "Outer",
                  "Parallel Aware": true,
                  "Relation Name": "cast_info",
                  "Alias": "ci",
                  "Startup Cost": 0.0,
                  "Total Cost": 343316.27,
                  "Plan Rows": 2902355,
                  "Plan Width": 0,
                  "Actual Startup Time": 213.663,
                  "Actual Total Time": 734.346,
                  "Actual Rows": 2265033,
                  "Actual Loops": 7,
                  "Filter": "((person_id > 1629287) AND (role_id < 10))",
                  "Rows Removed by Filter": 2912730
                }
              ]
            }
          ]
        }
      ]
    },
    "Planning Time": 0.228,
    "Triggers": [],
    "Execution Time": 915.688
  }
]