[
  {
    "Plan": {
      "Node Type": "Aggregate",
      "Strategy": "Plain",
      "Partial Mode": "Simple",
      "Parallel Aware": false,
      "Startup Cost": 256409.73,
      "Total Cost": 256409.74,
      "Plan Rows": 1,
      "Plan Width": 8,
      "Actual Startup Time": 53.136,
      "Actual Total Time": 53.138,
      "Actual Rows": 1,
      "Actual Loops": 1,
      "Plans": [
        {
          "Node Type": "Bitmap Heap Scan",
          "Parent Relationship": "Outer",
          "Parallel Aware": false,
          "Relation Name": "cast_info",
          "Alias": "ci",
          "Startup Cost": 4392.36,
          "Total Cost": 255913.02,
          "Plan Rows": 198683,
          "Plan Width": 0,
          "Actual Startup Time": 19.768,
          "Actual Total Time": 42.425,
          "Actual Rows": 191261,
          "Actual Loops": 1,
          "Recheck Cond": "(person_id < 23025)",
          "Rows Removed by Index Recheck": 0,
          "Exact Heap Blocks": 2072,
          "Lossy Heap Blocks": 0,
          "Plans": [
            {
              "Node Type": "Bitmap Index Scan",
              "Parent Relationship": "Outer",
              "Parallel Aware": false,
              "Index Name": "person_id_cast_info",
              "Startup Cost": 0.0,
              "Total Cost": 4342.69,
              "Plan Rows": 198683,
              "Plan Width": 0,
              "Actual Startup Time": 19.151,
              "Actual Total Time": 19.152,
              "Actual Rows": 191261,
              "Actual Loops": 1,
              "Index Cond": "(person_id < 23025)"
            }
          ]
        }
      ]
    },
    "Planning Time": 0.255,
    "Triggers": [],
    "Execution Time": 53.195
  }
]