[
  {
    "Plan": {
      "Node Type": "Aggregate",
      "Strategy": "Plain",
      "Partial Mode": "Finalize",
      "Parallel Aware": false,
      "Startup Cost": 248108.12,
      "Total Cost": 248108.13,
      "Plan Rows": 1,
      "Plan Width": 8,
      "Actual Startup Time": 673.143,
      "Actual Total Time": 726.351,
      "Actual Rows": 1,
      "Actual Loops": 1,
      "Plans": [
        {
          "Node Type": "Gather",
          "Parent Relationship": "Outer",
          "Parallel Aware": false,
          "Startup Cost": 248107.6,
          "Total Cost": 248108.11,
          "Plan Rows": 5,
          "Plan Width": 8,
          "Actual Startup Time": 672.605,
          "Actual Total Time": 726.338,
          "Actual Rows": 6,
          "Actual Loops": 1,
          "Workers Planned": 5,
          "Workers Launched": 5,
          "Single Copy": false,
          "Plans": [
            {
              "Node Type": "Aggregate",
              "Strategy": "Plain",
              "Partial Mode": "Partial",
              "Parent Relationship": "Outer",
              "Parallel Aware": false,
              "Startup Cost": 247107.6,
              "Total Cost": 247107.61,
              "Plan Rows": 1,
              "Plan Width": 8,
              "Actual Startup Time": 663.176,
              "Actual Total Time": 663.179,
              "Actual Rows": 1,
              "Actual Loops": 6,
              "Plans": [
                {
                  "Node Type": "Hash Join",
                  "Parent Relationship": "Outer",
                  "Parallel Aware": true,
                  "Join Type": "Inner",
                  "Startup Cost": 44074.32,
                  "Total Cost": 247023.1,
                  "Plan Rows": 33799,
                  "Plan Width": 0,
                  "Actual Startup Time": 126.321,
                  "Actual Total Time": 661.383,
                  "Actual Rows": 24881,
                  "Actual Loops": 6,
                  "Inner Unique": true,
                  "Hash Cond": "(mi.movie_id = t.id)",
                  "Plans": [
                    {
                      "Node Type": "Seq Scan",
                      "Parent Relationship": "Outer",
                      "Parallel Aware": true,
                      "Relation Name": "movie_info",
                      "Alias": "mi",
                      "Startup Cost": 0.0,
                      "Total Cost": 198952.16,
                      "Plan Rows": 1522520,
                      "Plan Width": 4,
                      "Actual Startup Time": 19.887,
                      "Actual Total Time": 395.063,
                      "Actual Rows": 1258142,
                      "Actual Loops": 6,
                      "Filter": "(info_type_id > 7)",
                      "Rows Removed by Filter": 1214478
                    },
                    {
                      "Node Type": "Hash",
                      "Parent Relationship": "Inner",
                      "Parallel Aware": true,
                      "Startup Cost": 43898.92,
                      "Total Cost": 43898.92,
                      "Plan Rows": 14032,
                      "Plan Width": 4,
                      "Actual Startup Time": 91.868,
                      "Actual Total Time": 91.869,
                      "Actual Rows": 9974,
                      "Actual Loops": 6,
                      "Hash Buckets": 65536,
                      "Original Hash Buckets": 65536,
                      "Hash Batches": 1,
                      "Original Hash Batches": 1,
                      "Peak Memory Usage": 2880,
                      "Plans": [
                        {
                          "Node Type": "Seq Scan",
                          "Parent Relationship": "Outer",
                          "Parallel Aware": true,
                          "Relation Name": "title",
                          "Alias": "t",
                          "Startup Cost": 0.0,
                          "Total Cost": 43898.92,
                          "Plan Rows": 14032,
                          "Plan Width": 4,
                          "Actual Startup Time": 55.824,
                          "Actual Total Time": 87.911,
                          "Actual Rows": 9974,
                          "Actual Loops": 6,
                          "Filter": "(production_year < 1915)",
                          "Rows Removed by Filter": 411411
                        }
                      ]
                    }
                  ]
                }
              ]
            }
          ]
        }
      ]
    },
    "Planning Time": 0.68,
    "Triggers": [],
    "Execution Time": 726.44
  }
]