{
    "Plan": {
        "Node Type": "Aggregate",
        "Strategy": "Plain",
        "Partial Mode": "Finalize",
        "Parallel Aware": false,
        "Startup Cost": 163607.59,
        "Total Cost": 163607.6,
        "Plan Rows": 1,
        "Plan Width": 8,
        "Actual Startup Time": 354.65,
        "Actual Total Time": 380.368,
        "Actual Rows": 1,
        "Actual Loops": 1,
        "Output": [
            "count(*)"
        ],
        "Plans": [
            {
                "Node Type": "Gather",
                "Parent Relationship": "Outer",
                "Parallel Aware": false,
                "Startup Cost": 163607.07,
                "Total Cost": 163607.58,
                "Plan Rows": 5,
                "Plan Width": 8,
                "Actual Startup Time": 354.316,
                "Actual Total Time": 380.357,
                "Actual Rows": 6,
                "Actual Loops": 1,
                "Output": [
                    "(PARTIAL count(*))"
                ],
                "Workers Planned": 5,
                "Workers Launched": 5,
                "Single Copy": false,
                "Plans": [
                    {
                        "Node Type": "Aggregate",
                        "Strategy": "Plain",
                        "Partial Mode": "Partial",
                        "Parent Relationship": "Outer",
                        "Parallel Aware": false,
                        "Startup Cost": 162607.07,
                        "Total Cost": 162607.08,
                        "Plan Rows": 1,
                        "Plan Width": 8,
                        "Actual Startup Time": 345.365,
                        "Actual Total Time": 345.369,
                        "Actual Rows": 1,
                        "Actual Loops": 6,
                        "Output": [
                            "PARTIAL count(*)"
                        ],
                        "Workers": [
                            {
                                "Worker Number": 0,
                                "Actual Startup Time": 343.78,
                                "Actual Total Time": 343.783,
                                "Actual Rows": 1,
                                "Actual Loops": 1
                            },
                            {
                                "Worker Number": 1,
                                "Actual Startup Time": 343.55,
                                "Actual Total Time": 343.554,
                                "Actual Rows": 1,
                                "Actual Loops": 1
                            },
                            {
                                "Worker Number": 2,
                                "Actual Startup Time": 346.036,
                                "Actual Total Time": 346.04,
                                "Actual Rows": 1,
                                "Actual Loops": 1
                            },
                            {
                                "Worker Number": 3,
                                "Actual Startup Time": 342.581,
                                "Actual Total Time": 342.584,
                                "Actual Rows": 1,
                                "Actual Loops": 1
                            },
                            {
                                "Worker Number": 4,
                                "Actual Startup Time": 342.768,
                                "Actual Total Time": 342.771,
                                "Actual Rows": 1,
                                "Actual Loops": 1
                            }
                        ],
                        "Plans": [
                            {
                                "Node Type": "Hash Join",
                                "Parent Relationship": "Outer",
                                "Parallel Aware": true,
                                "Join Type": "Inner",
                                "Startup Cost": 45596.21,
                                "Total Cost": 162588.86,
                                "Plan Rows": 7281,
                                "Plan Width": 0,
                                "Actual Startup Time": 82.268,
                                "Actual Total Time": 344.503,
                                "Actual Rows": 8800,
                                "Actual Loops": 6,
                                "Inner Unique": true,
                                "Hash Cond": "(ci.movie_id = t.id)",
                                "Workers": [
                                    {
                                        "Worker Number": 0,
                                        "Actual Startup Time": 80.793,
                                        "Actual Total Time": 342.815,
                                        "Actual Rows": 7021,
                                        "Actual Loops": 1
                                    },
                                    {
                                        "Worker Number": 1,
                                        "Actual Startup Time": 80.399,
                                        "Actual Total Time": 342.695,
                                        "Actual Rows": 10034,
                                        "Actual Loops": 1
                                    },
                                    {
                                        "Worker Number": 2,
                                        "Actual Startup Time": 83.007,
                                        "Actual Total Time": 345.124,
                                        "Actual Rows": 6593,
                                        "Actual Loops": 1
                                    },
                                    {
                                        "Worker Number": 3,
                                        "Actual Startup Time": 79.376,
                                        "Actual Total Time": 341.686,
                                        "Actual Rows": 6851,
                                        "Actual Loops": 1
                                    },
                                    {
                                        "Worker Number": 4,
                                        "Actual Startup Time": 79.57,
                                        "Actual Total Time": 341.973,
                                        "Actual Rows": 10007,
                                        "Actual Loops": 1
                                    }
                                ],
                                "Plans": [
                                    {
                                        "Node Type": "Index Scan",
                                        "Parent Relationship": "Outer",
                                        "Parallel Aware": true,
                                        "Scan Direction": "Forward",
                                        "Index Name": "role_id_cast_info",
                                        "Relation Name": "cast_info",
                                        "Schema": "public",
                                        "Alias": "ci",
                                        "Startup Cost": 0.56,
                                        "Total Cost": 115696.32,
                                        "Plan Rows": 494059,
                                        "Plan Width": 4,
                                        "Actual Startup Time": 0.117,
                                        "Actual Total Time": 185.504,
                                        "Actual Rows": 622008,
                                        "Actual Loops": 6,
                                        "Output": [
                                            "ci.id",
                                            "ci.person_id",
                                            "ci.movie_id",
                                            "ci.person_role_id",
                                            "ci.note",
                                            "ci.nr_order",
                                            "ci.role_id"
                                        ],
                                        "Index Cond": "(ci.role_id = 10)",
                                        "Rows Removed by Index Recheck": 0,
                                        "Filter": "(ci.person_id > 1489305)",
                                        "Rows Removed by Filter": 98494,
                                        "Workers": [
                                            {
                                                "Worker Number": 0,
                                                "Actual Startup Time": 0.194,
                                                "Actual Total Time": 185.526,
                                                "Actual Rows": 481447,
                                                "Actual Loops": 1
                                            },
                                            {
                                                "Worker Number": 1,
                                                "Actual Startup Time": 0.111,
                                                "Actual Total Time": 186.126,
                                                "Actual Rows": 710412,
                                                "Actual Loops": 1
                                            },
                                            {
                                                "Worker Number": 2,
                                                "Actual Startup Time": 0.199,
                                                "Actual Total Time": 187.731,
                                                "Actual Rows": 466605,
                                                "Actual Loops": 1
                                            },
                                            {
                                                "Worker Number": 3,
                                                "Actual Startup Time": 0.087,
                                                "Actual Total Time": 186.209,
                                                "Actual Rows": 474082,
                                                "Actual Loops": 1
                                            },
                                            {
                                                "Worker Number": 4,
                                                "Actual Startup Time": 0.062,
                                                "Actual Total Time": 186.139,
                                                "Actual Rows": 721131,
                                                "Actual Loops": 1
                                            }
                                        ]
                                    },
                                    {
                                        "Node Type": "Hash",
                                        "Parent Relationship": "Inner",
                                        "Parallel Aware": true,
                                        "Startup Cost": 45479.21,
                                        "Total Cost": 45479.21,
                                        "Plan Rows": 9315,
                                        "Plan Width": 4,
                                        "Actual Startup Time": 80.923,
                                        "Actual Total Time": 80.924,
                                        "Actual Rows": 4032,
                                        "Actual Loops": 6,
                                        "Output": [
                                            "t.id"
                                        ],
                                        "Hash Buckets": 65536,
                                        "Original Hash Buckets": 65536,
                                        "Hash Batches": 1,
                                        "Original Hash Batches": 1,
                                        "Peak Memory Usage": 1536,
                                        "Workers": [
                                            {
                                                "Worker Number": 0,
                                                "Actual Startup Time": 80.001,
                                                "Actual Total Time": 80.002,
                                                "Actual Rows": 3271,
                                                "Actual Loops": 1
                                            },
                                            {
                                                "Worker Number": 1,
                                                "Actual Startup Time": 79.86,
                                                "Actual Total Time": 79.861,
                                                "Actual Rows": 4430,
                                                "Actual Loops": 1
                                            },
                                            {
                                                "Worker Number": 2,
                                                "Actual Startup Time": 82.189,
                                                "Actual Total Time": 82.191,
                                                "Actual Rows": 3054,
                                                "Actual Loops": 1
                                            },
                                            {
                                                "Worker Number": 3,
                                                "Actual Startup Time": 78.682,
                                                "Actual Total Time": 78.683,
                                                "Actual Rows": 3124,
                                                "Actual Loops": 1
                                            },
                                            {
                                                "Worker Number": 4,
                                                "Actual Startup Time": 78.909,
                                                "Actual Total Time": 78.91,
                                                "Actual Rows": 4418,
                                                "Actual Loops": 1
                                            }
                                        ],
                                        "Plans": [
                                            {
                                                "Node Type": "Seq Scan",
                                                "Parent Relationship": "Outer",
                                                "Parallel Aware": true,
                                                "Relation Name": "title",
                                                "Schema": "public",
                                                "Alias": "t",
                                                "Startup Cost": 0.0,
                                                "Total Cost": 45479.21,
                                                "Plan Rows": 9315,
                                                "Plan Width": 4,
                                                "Actual Startup Time": 0.327,
                                                "Actual Total Time": 78.548,
                                                "Actual Rows": 4032,
                                                "Actual Loops": 6,
                                                "Output": [
                                                    "t.id"
                                                ],
                                                "Filter": "((t.kind_id < 4) AND (t.production_year = 2006))",
                                                "Rows Removed by Filter": 417353,
                                                "Workers": [
                                                    {
                                                        "Worker Number": 0,
                                                        "Actual Startup Time": 0.167,
                                                        "Actual Total Time": 77.718,
                                                        "Actual Rows": 3271,
                                                        "Actual Loops": 1
                                                    },
                                                    {
                                                        "Worker Number": 1,
                                                        "Actual Startup Time": 0.129,
                                                        "Actual Total Time": 77.182,
                                                        "Actual Rows": 4430,
                                                        "Actual Loops": 1
                                                    },
                                                    {
                                                        "Worker Number": 2,
                                                        "Actual Startup Time": 0.534,
                                                        "Actual Total Time": 80.001,
                                                        "Actual Rows": 3054,
                                                        "Actual Loops": 1
                                                    },
                                                    {
                                                        "Worker Number": 3,
                                                        "Actual Startup Time": 0.799,
                                                        "Actual Total Time": 76.424,
                                                        "Actual Rows": 3124,
                                                        "Actual Loops": 1
                                                    },
                                                    {
                                                        "Worker Number": 4,
                                                        "Actual Startup Time": 0.196,
                                                        "Actual Total Time": 76.436,
                                                        "Actual Rows": 4418,
                                                        "Actual Loops": 1
                                                    }
                                                ]
                                            }
                                        ]
                                    }
                                ]
                            }
                        ]
                    }
                ]
            }
        ]
    },
    "Planning Time": 0.799,
    "Triggers": [],
    "Execution Time": 380.466
}