[
  {
    "Plan": {
      "Node Type": "Aggregate",
      "Strategy": "Plain",
      "Partial Mode": "Simple",
      "Parallel Aware": false,
      "Startup Cost": 12211.48,
      "Total Cost": 12211.49,
      "Plan Rows": 1,
      "Plan Width": 8,
      "Actual Startup Time": 11.72,
      "Actual Total Time": 11.721,
      "Actual Rows": 1,
      "Actual Loops": 1,
      "Plans": [
        {
          "Node Type": "Bitmap Heap Scan",
          "Parent Relationship": "Outer",
          "Parallel Aware": false,
          "Relation Name": "movie_companies",
          "Alias": "mc",
          "Startup Cost": 123.57,
          "Total Cost": 12197.57,
          "Plan Rows": 5566,
          "Plan Width": 0,
          "Actual Startup Time": 2.474,
          "Actual Total Time": 10.823,
          "Actual Rows": 5677,
          "Actual Loops": 1,
          "Recheck Cond": "(company_id = 73)",
          "Rows Removed by Index Recheck": 0,
          "Exact Heap Blocks": 2528,
          "Lossy Heap Blocks": 0,
          "Plans": [
            {
              "Node Type": "Bitmap Index Scan",
              "Parent Relationship": "Outer",
              "Parallel Aware": false,
              "Index Name": "company_id_movie_companies",
              "Startup Cost": 0.0,
              "Total Cost": 122.18,
              "Plan Rows": 5566,
              "Plan Width": 0,
              "Actual Startup Time": 1.435,
              "Actual Total Time": 1.435,
              "Actual Rows": 5677,
              "Actual Loops": 1,
              "Index Cond": "(company_id = 73)"
            }
          ]
        }
      ]
    },
    "Planning Time": 0.153,
    "Triggers": [],
    "Execution Time": 11.782
  }
]