[
  {
    "Plan": {
      "Node Type": "Aggregate",
      "Strategy": "Plain",
      "Partial Mode": "Finalize",
      "Parallel Aware": false,
      "Startup Cost": 44908.56,
      "Total Cost": 44908.57,
      "Plan Rows": 1,
      "Plan Width": 8,
      "Actual Startup Time": 101.493,
      "Actual Total Time": 114.772,
      "Actual Rows": 1,
      "Actual Loops": 1,
      "Plans": [
        {
          "Node Type": "Gather",
          "Parent Relationship": "Outer",
          "Parallel Aware": false,
          "Startup Cost": 44908.14,
          "Total Cost": 44908.55,
          "Plan Rows": 4,
          "Plan Width": 8,
          "Actual Startup Time": 101.312,
          "Actual Total Time": 114.754,
          "Actual Rows": 5,
          "Actual Loops": 1,
          "Workers Planned": 4,
          "Workers Launched": 4,
          "Single Copy": false,
          "Plans": [
            {
              "Node Type": "Aggregate",
              "Strategy": "Plain",
              "Partial Mode": "Partial",
              "Parent Relationship": "Outer",
              "Parallel Aware": false,
              "Startup Cost": 43908.14,
              "Total Cost": 43908.15,
              "Plan Rows": 1,
              "Plan Width": 8,
              "Actual Startup Time": 94.546,
              "Actual Total Time": 94.547,
              "Actual Rows": 1,
              "Actual Loops": 5,
              "Plans": [
                {
                  "Node Type": "Seq Scan",
                  "Parent Relationship": "Outer",
                  "Parallel Aware": true,
                  "Relation Name": "title",
                  "Alias": "t",
                  "Startup Cost": 0.0,
                  "Total Cost": 43899.32,
                  "Plan Rows": 3528,
                  "Plan Width": 0,
                  "Actual Startup Time": 60.646,
                  "Actual Total Time": 94.284,
                  "Actual Rows": 2770,
                  "Actual Loops": 5,
                  "Filter": "(production_year < 1904)",
                  "Rows Removed by Filter": 502892
                }
              ]
            }
          ]
        }
      ]
    },
    "Planning Time": 0.165,
    "Triggers": [],
    "Execution Time": 114.834
  }
]