[
  {
    "Plan": {
      "Node Type": "Aggregate",
      "Strategy": "Plain",
      "Partial Mode": "Finalize",
      "Parallel Aware": false,
      "Startup Cost": 338950.23,
      "Total Cost": 338950.24,
      "Plan Rows": 1,
      "Plan Width": 8,
      "Actual Startup Time": 774.717,
      "Actual Total Time": 832.349,
      "Actual Rows": 1,
      "Actual Loops": 1,
      "Plans": [
        {
          "Node Type": "Gather",
          "Parent Relationship": "Outer",
          "Parallel Aware": false,
          "Startup Cost": 338949.6,
          "Total Cost": 338950.21,
          "Plan Rows": 6,
          "Plan Width": 8,
          "Actual Startup Time": 774.588,
          "Actual Total Time": 832.339,
          "Actual Rows": 7,
          "Actual Loops": 1,
          "Workers Planned": 6,
          "Workers Launched": 6,
          "Single Copy": false,
          "Plans": [
            {
              "Node Type": "Aggregate",
              "Strategy": "Plain",
              "Partial Mode": "Partial",
              "Parent Relationship": "Outer",
              "Parallel Aware": false,
              "Startup Cost": 337949.6,
              "Total Cost": 337949.61,
              "Plan Rows": 1,
              "Plan Width": 8,
              "Actual Startup Time": 765.661,
              "Actual Total Time": 765.662,
              "Actual Rows": 1,
              "Actual Loops": 7,
              "Plans": [
                {
                  "Node Type": "Seq Scan",
                  "Parent Relationship": "Outer",
                  "Parallel Aware": true,
                  "Relation Name": "cast_info",
                  "Alias": "ci",
                  "Startup Cost": 0.0,
                  "Total Cost": 328162.03,
                  "Plan Rows": 3915030,
                  "Plan Width": 0,
                  "Actual Startup Time": 0.05,
                  "Actual Total Time": 616.269,
                  "Actual Rows": 3363120,
                  "Actual Loops": 7,
                  "Filter": "(person_id < 2410365)",
                  "Rows Removed by Filter": 1814644
                }
              ]
            }
          ]
        }
      ]
    },
    "Planning Time": 0.194,
    "Triggers": [],
    "Execution Time": 832.418
  }
]