[
  {
    "Plan": {
      "Node Type": "Aggregate",
      "Strategy": "Plain",
      "Partial Mode": "Finalize",
      "Parallel Aware": false,
      "Startup Cost": 45143.77,
      "Total Cost": 45143.78,
      "Plan Rows": 1,
      "Plan Width": 8,
      "Actual Startup Time": 100.93,
      "Actual Total Time": 112.301,
      "Actual Rows": 1,
      "Actual Loops": 1,
      "Plans": [
        {
          "Node Type": "Gather",
          "Parent Relationship": "Outer",
          "Parallel Aware": false,
          "Startup Cost": 45143.35,
          "Total Cost": 45143.76,
          "Plan Rows": 4,
          "Plan Width": 8,
          "Actual Startup Time": 100.785,
          "Actual Total Time": 112.29,
          "Actual Rows": 5,
          "Actual Loops": 1,
          "Workers Planned": 4,
          "Workers Launched": 4,
          "Single Copy": false,
          "Plans": [
            {
              "Node Type": "Aggregate",
              "Strategy": "Plain",
              "Partial Mode": "Partial",
              "Parent Relationship": "Outer",
              "Parallel Aware": false,
              "Startup Cost": 44143.35,
              "Total Cost": 44143.36,
              "Plan Rows": 1,
              "Plan Width": 8,
              "Actual Startup Time": 92.881,
              "Actual Total Time": 92.903,
              "Actual Rows": 1,
              "Actual Loops": 5,
              "Plans": [
                {
                  "Node Type": "Seq Scan",
                  "Parent Relationship": "Outer",
                  "Parallel Aware": true,
                  "Relation Name": "title",
                  "Alias": "t",
                  "Startup Cost": 0.0,
                  "Total Cost": 43898.92,
                  "Plan Rows": 97774,
                  "Plan Width": 0,
                  "Actual Startup Time": 0.035,
                  "Actual Total Time": 87.785,
                  "Actual Rows": 78333,
                  "Actual Loops": 5,
                  "Filter": "(production_year > 2010)",
                  "Rows Removed by Filter": 427329
                }
              ]
            }
          ]
        }
      ]
    },
    "Planning Time": 0.148,
    "Triggers": [],
    "Execution Time": 112.365
  }
]