{
    "Plan": {
        "Node Type": "Aggregate",
        "Strategy": "Plain",
        "Partial Mode": "Finalize",
        "Parallel Aware": false,
        "Startup Cost": 392291.52,
        "Total Cost": 392291.53,
        "Plan Rows": 1,
        "Plan Width": 8,
        "Actual Startup Time": 1833.626,
        "Actual Total Time": 1885.975,
        "Actual Rows": 1,
        "Actual Loops": 1,
        "Output": [
            "count(*)"
        ],
        "Plans": [
            {
                "Node Type": "Gather",
                "Parent Relationship": "Outer",
                "Parallel Aware": false,
                "Startup Cost": 392290.9,
                "Total Cost": 392291.51,
                "Plan Rows": 6,
                "Plan Width": 8,
                "Actual Startup Time": 1829.241,
                "Actual Total Time": 1885.963,
                "Actual Rows": 7,
                "Actual Loops": 1,
                "Output": [
                    "(PARTIAL count(*))"
                ],
                "Workers Planned": 6,
                "Workers Launched": 6,
                "Single Copy": false,
                "Plans": [
                    {
                        "Node Type": "Aggregate",
                        "Strategy": "Plain",
                        "Partial Mode": "Partial",
                        "Parent Relationship": "Outer",
                        "Parallel Aware": false,
                        "Startup Cost": 391290.9,
                        "Total Cost": 391290.91,
                        "Plan Rows": 1,
                        "Plan Width": 8,
                        "Actual Startup Time": 1818.49,
                        "Actual Total Time": 1818.493,
                        "Actual Rows": 1,
                        "Actual Loops": 7,
                        "Output": [
                            "PARTIAL count(*)"
                        ],
                        "Workers": [
                            {
                                "Worker Number": 0,
                                "Actual Startup Time": 1816.209,
                                "Actual Total Time": 1816.212,
                                "Actual Rows": 1,
                                "Actual Loops": 1
                            },
                            {
                                "Worker Number": 1,
                                "Actual Startup Time": 1816.665,
                                "Actual Total Time": 1816.669,
                                "Actual Rows": 1,
                                "Actual Loops": 1
                            },
                            {
                                "Worker Number": 2,
                                "Actual Startup Time": 1817.591,
                                "Actual Total Time": 1817.595,
                                "Actual Rows": 1,
                                "Actual Loops": 1
                            },
                            {
                                "Worker Number": 3,
                                "Actual Startup Time": 1816.952,
                                "Actual Total Time": 1816.956,
                                "Actual Rows": 1,
                                "Actual Loops": 1
                            },
                            {
                                "Worker Number": 4,
                                "Actual Startup Time": 1816.661,
                                "Actual Total Time": 1816.664,
                                "Actual Rows": 1,
                                "Actual Loops": 1
                            },
                            {
                                "Worker Number": 5,
                                "Actual Startup Time": 1817.01,
                                "Actual Total Time": 1817.013,
                                "Actual Rows": 1,
                                "Actual Loops": 1
                            }
                        ],
                        "Plans": [
                            {
                                "Node Type": "Hash Join",
                                "Parent Relationship": "Outer",
                                "Parallel Aware": true,
                                "Join Type": "Inner",
                                "Startup Cost": 46118.17,
                                "Total Cost": 387711.8,
                                "Plan Rows": 1431638,
                                "Plan Width": 0,
                                "Actual Startup Time": 125.442,
                                "Actual Total Time": 1768.091,
                                "Actual Rows": 1174580,
                                "Actual Loops": 7,
                                "Inner Unique": true,
                                "Hash Cond": "(ci.movie_id = t.id)",
                                "Workers": [
                                    {
                                        "Worker Number": 0,
                                        "Actual Startup Time": 123.292,
                                        "Actual Total Time": 1768.142,
                                        "Actual Rows": 1159464,
                                        "Actual Loops": 1
                                    },
                                    {
                                        "Worker Number": 1,
                                        "Actual Startup Time": 123.73,
                                        "Actual Total Time": 1767.399,
                                        "Actual Rows": 1220528,
                                        "Actual Loops": 1
                                    },
                                    {
                                        "Worker Number": 2,
                                        "Actual Startup Time": 123.987,
                                        "Actual Total Time": 1764.929,
                                        "Actual Rows": 967924,
                                        "Actual Loops": 1
                                    },
                                    {
                                        "Worker Number": 3,
                                        "Actual Startup Time": 124.007,
                                        "Actual Total Time": 1768.014,
                                        "Actual Rows": 1186009,
                                        "Actual Loops": 1
                                    },
                                    {
                                        "Worker Number": 4,
                                        "Actual Startup Time": 123.656,
                                        "Actual Total Time": 1767.841,
                                        "Actual Rows": 1209099,
                                        "Actual Loops": 1
                                    },
                                    {
                                        "Worker Number": 5,
                                        "Actual Startup Time": 124.031,
                                        "Actual Total Time": 1768.389,
                                        "Actual Rows": 1177072,
                                        "Actual Loops": 1
                                    }
                                ],
                                "Plans": [
                                    {
                                        "Node Type": "Seq Scan",
                                        "Parent Relationship": "Outer",
                                        "Parallel Aware": true,
                                        "Relation Name": "cast_info",
                                        "Schema": "public",
                                        "Alias": "ci",
                                        "Startup Cost": 0.0,
                                        "Total Cost": 328213.62,
                                        "Plan Rows": 5097140,
                                        "Plan Width": 4,
                                        "Actual Startup Time": 0.028,
                                        "Actual Total Time": 703.534,
                                        "Actual Rows": 4358807,
                                        "Actual Loops": 7,
                                        "Output": [
                                            "ci.id",
                                            "ci.person_id",
                                            "ci.movie_id",
                                            "ci.person_role_id",
                                            "ci.note",
                                            "ci.nr_order",
                                            "ci.role_id"
                                        ],
                                        "Filter": "(ci.role_id < 9)",
                                        "Rows Removed by Filter": 818956,
                                        "Workers": [
                                            {
                                                "Worker Number": 0,
                                                "Actual Startup Time": 0.035,
                                                "Actual Total Time": 713.942,
                                                "Actual Rows": 4310219,
                                                "Actual Loops": 1
                                            },
                                            {
                                                "Worker Number": 1,
                                                "Actual Startup Time": 0.027,
                                                "Actual Total Time": 701.734,
                                                "Actual Rows": 4547637,
                                                "Actual Loops": 1
                                            },
                                            {
                                                "Worker Number": 2,
                                                "Actual Startup Time": 0.027,
                                                "Actual Total Time": 725.299,
                                                "Actual Rows": 3548554,
                                                "Actual Loops": 1
                                            },
                                            {
                                                "Worker Number": 3,
                                                "Actual Startup Time": 0.031,
                                                "Actual Total Time": 718.801,
                                                "Actual Rows": 4404356,
                                                "Actual Loops": 1
                                            },
                                            {
                                                "Worker Number": 4,
                                                "Actual Startup Time": 0.033,
                                                "Actual Total Time": 696.624,
                                                "Actual Rows": 4481179,
                                                "Actual Loops": 1
                                            },
                                            {
                                                "Worker Number": 5,
                                                "Actual Startup Time": 0.03,
                                                "Actual Total Time": 716.041,
                                                "Actual Rows": 4363881,
                                                "Actual Loops": 1
                                            }
                                        ]
                                    },
                                    {
                                        "Node Type": "Hash",
                                        "Parent Relationship": "Inner",
                                        "Parallel Aware": true,
                                        "Startup Cost": 43899.01,
                                        "Total Cost": 43899.01,
                                        "Plan Rows": 177533,
                                        "Plan Width": 4,
                                        "Actual Startup Time": 122.113,
                                        "Actual Total Time": 122.114,
                                        "Actual Rows": 101027,
                                        "Actual Loops": 7,
                                        "Output": [
                                            "t.id"
                                        ],
                                        "Hash Buckets": 1048576,
                                        "Original Hash Buckets": 1048576,
                                        "Hash Batches": 1,
                                        "Original Hash Batches": 1,
                                        "Peak Memory Usage": 35968,
                                        "Workers": [
                                            {
                                                "Worker Number": 0,
                                                "Actual Startup Time": 122.568,
                                                "Actual Total Time": 122.57,
                                                "Actual Rows": 94826,
                                                "Actual Loops": 1
                                            },
                                            {
                                                "Worker Number": 1,
                                                "Actual Startup Time": 123.012,
                                                "Actual Total Time": 123.013,
                                                "Actual Rows": 95400,
                                                "Actual Loops": 1
                                            },
                                            {
                                                "Worker Number": 2,
                                                "Actual Startup Time": 123.238,
                                                "Actual Total Time": 123.239,
                                                "Actual Rows": 96168,
                                                "Actual Loops": 1
                                            },
                                            {
                                                "Worker Number": 3,
                                                "Actual Startup Time": 123.37,
                                                "Actual Total Time": 123.371,
                                                "Actual Rows": 93277,
                                                "Actual Loops": 1
                                            },
                                            {
                                                "Worker Number": 4,
                                                "Actual Startup Time": 122.992,
                                                "Actual Total Time": 122.993,
                                                "Actual Rows": 96099,
                                                "Actual Loops": 1
                                            },
                                            {
                                                "Worker Number": 5,
                                                "Actual Startup Time": 123.404,
                                                "Actual Total Time": 123.406,
                                                "Actual Rows": 93051,
                                                "Actual Loops": 1
                                            }
                                        ],
                                        "Plans": [
                                            {
                                                "Node Type": "Seq Scan",
                                                "Parent Relationship": "Outer",
                                                "Parallel Aware": true,
                                                "Relation Name": "title",
                                                "Schema": "public",
                                                "Alias": "t",
                                                "Startup Cost": 0.0,
                                                "Total Cost": 43899.01,
                                                "Plan Rows": 177533,
                                                "Plan Width": 4,
                                                "Actual Startup Time": 0.066,
                                                "Actual Total Time": 72.352,
                                                "Actual Rows": 101027,
                                                "Actual Loops": 7,
                                                "Output": [
                                                    "t.id"
                                                ],
                                                "Filter": "(t.production_year < 1991)",
                                                "Rows Removed by Filter": 260161,
                                                "Workers": [
                                                    {
                                                        "Worker Number": 0,
                                                        "Actual Startup Time": 0.081,
                                                        "Actual Total Time": 74.547,
                                                        "Actual Rows": 94826,
                                                        "Actual Loops": 1
                                                    },
                                                    {
                                                        "Worker Number": 1,
                                                        "Actual Startup Time": 0.076,
                                                        "Actual Total Time": 71.696,
                                                        "Actual Rows": 95400,
                                                        "Actual Loops": 1
                                                    },
                                                    {
                                                        "Worker Number": 2,
                                                        "Actual Startup Time": 0.083,
                                                        "Actual Total Time": 72.064,
                                                        "Actual Rows": 96168,
                                                        "Actual Loops": 1
                                                    },
                                                    {
                                                        "Worker Number": 3,
                                                        "Actual Startup Time": 0.067,
                                                        "Actual Total Time": 73.792,
                                                        "Actual Rows": 93277,
                                                        "Actual Loops": 1
                                                    },
                                                    {
                                                        "Worker Number": 4,
                                                        "Actual Startup Time": 0.064,
                                                        "Actual Total Time": 72.92,
                                                        "Actual Rows": 96099,
                                                        "Actual Loops": 1
                                                    },
                                                    {
                                                        "Worker Number": 5,
                                                        "Actual Startup Time": 0.067,
                                                        "Actual Total Time": 74.134,
                                                        "Actual Rows": 93051,
                                                        "Actual Loops": 1
                                                    }
                                                ]
                                            }
                                        ]
                                    }
                                ]
                            }
                        ]
                    }
                ]
            }
        ]
    },
    "Planning Time": 0.759,
    "Triggers": [],
    "Execution Time": 1886.068
}