[
  {
    "Plan": {
      "Node Type": "Aggregate",
      "Strategy": "Plain",
      "Partial Mode": "Finalize",
      "Parallel Aware": false,
      "Startup Cost": 31175.73,
      "Total Cost": 31175.74,
      "Plan Rows": 1,
      "Plan Width": 8,
      "Actual Startup Time": 96.527,
      "Actual Total Time": 103.692,
      "Actual Rows": 1,
      "Actual Loops": 1,
      "Plans": [
        {
          "Node Type": "Gather",
          "Parent Relationship": "Outer",
          "Parallel Aware": false,
          "Startup Cost": 31175.42,
          "Total Cost": 31175.73,
          "Plan Rows": 3,
          "Plan Width": 8,
          "Actual Startup Time": 96.433,
          "Actual Total Time": 103.683,
          "Actual Rows": 4,
          "Actual Loops": 1,
          "Workers Planned": 3,
          "Workers Launched": 3,
          "Single Copy": false,
          "Plans": [
            {
              "Node Type": "Aggregate",
              "Strategy": "Plain",
              "Partial Mode": "Partial",
              "Parent Relationship": "Outer",
              "Parallel Aware": false,
              "Startup Cost": 30175.42,
              "Total Cost": 30175.43,
              "Plan Rows": 1,
              "Plan Width": 8,
              "Actual Startup Time": 89.431,
              "Actual Total Time": 89.432,
              "Actual Rows": 1,
              "Actual Loops": 4,
              "Plans": [
                {
                  "Node Type": "Seq Scan",
                  "Parent Relationship": "Outer",
                  "Parallel Aware": true,
                  "Relation Name": "movie_companies",
                  "Alias": "mc",
                  "Startup Cost": 0.0,
                  "Total Cost": 29310.68,
                  "Plan Rows": 345894,
                  "Plan Width": 0,
                  "Actual Startup Time": 0.04,
                  "Actual Total Time": 74.139,
                  "Actual Rows": 267682,
                  "Actual Loops": 4,
                  "Filter": "(company_id < 6628)",
                  "Rows Removed by Filter": 384601
                }
              ]
            }
          ]
        }
      ]
    },
    "Planning Time": 0.156,
    "Triggers": [],
    "Execution Time": 103.738
  }
]