{
  "Plan": {
    "Node Type": "Aggregate",
    "Strategy": "Plain",
    "Partial Mode": "Finalize",
    "Parallel Aware": false,
    "Startup Cost": 117959.93,
    "Total Cost": 117959.94,
    "Plan Rows": 1,
    "Plan Width": 8,
    "Actual Startup Time": 429.417,
    "Actual Total Time": 478.906,
    "Actual Rows": 1,
    "Actual Loops": 1,
    "Plans": [
      {
        "Node Type": "Gather",
        "Parent Relationship": "Outer",
        "Parallel Aware": false,
        "Startup Cost": 117959.82,
        "Total Cost": 117959.93,
        "Plan Rows": 1,
        "Plan Width": 8,
        "Actual Startup Time": 429.04,
        "Actual Total Time": 478.898,
        "Actual Rows": 2,
        "Actual Loops": 1,
        "Workers Planned": 1,
        "Workers Launched": 1,
        "Single Copy": false,
        "Plans": [
          {
            "Node Type": "Aggregate",
            "Strategy": "Plain",
            "Partial Mode": "Partial",
            "Parent Relationship": "Outer",
            "Parallel Aware": false,
            "Startup Cost": 116959.82,
            "Total Cost": 116959.83,
            "Plan Rows": 1,
            "Plan Width": 8,
            "Actual Startup Time": 422.941,
            "Actual Total Time": 422.949,
            "Actual Rows": 1,
            "Actual Loops": 2,
            "Plans": [
              {
                "Node Type": "Nested Loop",
                "Parent Relationship": "Outer",
                "Parallel Aware": false,
                "Join Type": "Inner",
                "Startup Cost": 71116.37,
                "Total Cost": 116843.36,
                "Plan Rows": 46584,
                "Plan Width": 0,
                "Actual Startup Time": 177.06,
                "Actual Total Time": 419.198,
                "Actual Rows": 67910,
                "Actual Loops": 2,
                "Inner Unique": false,
                "Join Filter": "(t.id = ci.movie_id)",
                "Rows Removed by Join Filter": 0,
                "Plans": [
                  {
                    "Node Type": "Hash Join",
                    "Parent Relationship": "Outer",
                    "Parallel Aware": true,
                    "Join Type": "Inner",
                    "Startup Cost": 71115.81,
                    "Total Cost": 100857.97,
                    "Plan Rows": 3734,
                    "Plan Width": 8,
                    "Actual Startup Time": 176.945,
                    "Actual Total Time": 279.843,
                    "Actual Rows": 2574,
                    "Actual Loops": 2,
                    "Inner Unique": true,
                    "Hash Cond": "(mk.movie_id = t.id)",
                    "Plans": [
                      {
                        "Node Type": "Bitmap Heap Scan",
                        "Parent Relationship": "Outer",
                        "Parallel Aware": true,
                        "Relation Name": "movie_keyword",
                        "Alias": "mk",
                        "Startup Cost": 12610.82,
                        "Total Cost": 41435.2,
                        "Plan Rows": 349631,
                        "Plan Width": 4,
                        "Actual Startup Time": 34.072,
                        "Actual Total Time": 104.613,
                        "Actual Rows": 303373,
                        "Actual Loops": 2,
                        "Recheck Cond": "(keyword_id < 460)",
                        "Rows Removed by Index Recheck": 0,
                        "Exact Heap Blocks": 16830,
                        "Lossy Heap Blocks": 0,
                        "Plans": [
                          {
                            "Node Type": "Bitmap Index Scan",
                            "Parent Relationship": "Outer",
                            "Parallel Aware": false,
                            "Index Name": "keyword_id_movie_keyword",
                            "Startup Cost": 0.0,
                            "Total Cost": 12462.22,
                            "Plan Rows": 594372,
                            "Plan Width": 0,
                            "Actual Startup Time": 30.477,
                            "Actual Total Time": 30.477,
                            "Actual Rows": 606746,
                            "Actual Loops": 1,
                            "Index Cond": "(keyword_id < 460)"
                          }
                        ]
                      },
                      {
                        "Node Type": "Hash",
                        "Parent Relationship": "Inner",
                        "Parallel Aware": true,
                        "Startup Cost": 58306.47,
                        "Total Cost": 58306.47,
                        "Plan Rows": 15882,
                        "Plan Width": 4,
                        "Actual Startup Time": 141.619,
                        "Actual Total Time": 141.623,
                        "Actual Rows": 13542,
                        "Actual Loops": 2,
                        "Hash Buckets": 32768,
                        "Original Hash Buckets": 32768,
                        "Hash Batches": 1,
                        "Original Hash Batches": 1,
                        "Peak Memory Usage": 1344,
                        "Plans": [
                          {
                            "Node Type": "Seq Scan",
                            "Parent Relationship": "Outer",
                            "Parallel Aware": true,
                            "Relation Name": "title",
                            "Alias": "t",
                            "Startup Cost": 0.0,
                            "Total Cost": 58306.47,
                            "Plan Rows": 15882,
                            "Plan Width": 4,
                            "Actual Startup Time": 0.486,
                            "Actual Total Time": 138.006,
                            "Actual Rows": 13542,
                            "Actual Loops": 2,
                            "Filter": "((kind_id < 7) AND (production_year > 2012))",
                            "Rows Removed by Filter": 1250614
                          }
                        ]
                      }
                    ]
                  },
                  {
                    "Node Type": "Index Scan",
                    "Parent Relationship": "Inner",
                    "Parallel Aware": false,
                    "Scan Direction": "Forward",
                    "Index Name": "movie_id_cast_info",
                    "Relation Name": "cast_info",
                    "Alias": "ci",
                    "Startup Cost": 0.56,
                    "Total Cost": 3.88,
                    "Plan Rows": 32,
                    "Plan Width": 4,
                    "Actual Startup Time": 0.007,
                    "Actual Total Time": 0.051,
                    "Actual Rows": 26,
                    "Actual Loops": 5149,
                    "Index Cond": "(movie_id = mk.movie_id)",
                    "Rows Removed by Index Recheck": 0,
                    "Filter": "(role_id < 10)",
                    "Rows Removed by Filter": 8
                  }
                ]
              }
            ]
          }
        ]
      }
    ]
  },
  "Planning Time": 0.944,
  "Triggers": [],
  "Execution Time": 479.027
}