[
  {
    "Plan": {
      "Node Type": "Aggregate",
      "Strategy": "Plain",
      "Partial Mode": "Finalize",
      "Parallel Aware": false,
      "Startup Cost": 68633.72,
      "Total Cost": 68633.73,
      "Plan Rows": 1,
      "Plan Width": 8,
      "Actual Startup Time": 147.111,
      "Actual Total Time": 160.973,
      "Actual Rows": 1,
      "Actual Loops": 1,
      "Plans": [
        {
          "Node Type": "Gather",
          "Parent Relationship": "Outer",
          "Parallel Aware": false,
          "Startup Cost": 68633.3,
          "Total Cost": 68633.71,
          "Plan Rows": 4,
          "Plan Width": 8,
          "Actual Startup Time": 146.248,
          "Actual Total Time": 160.963,
          "Actual Rows": 5,
          "Actual Loops": 1,
          "Workers Planned": 4,
          "Workers Launched": 4,
          "Single Copy": false,
          "Plans": [
            {
              "Node Type": "Aggregate",
              "Strategy": "Plain",
              "Partial Mode": "Partial",
              "Parent Relationship": "Outer",
              "Parallel Aware": false,
              "Startup Cost": 67633.3,
              "Total Cost": 67633.31,
              "Plan Rows": 1,
              "Plan Width": 8,
              "Actual Startup Time": 136.541,
              "Actual Total Time": 136.544,
              "Actual Rows": 1,
              "Actual Loops": 5,
              "Plans": [
                {
                  "Node Type": "Hash Join",
                  "Parent Relationship": "Outer",
                  "Parallel Aware": true,
                  "Join Type": "Inner",
                  "Startup Cost": 23448.38,
                  "Total Cost": 67628.76,
                  "Plan Rows": 1814,
                  "Plan Width": 0,
                  "Actual Startup Time": 57.849,
                  "Actual Total Time": 136.415,
                  "Actual Rows": 1077,
                  "Actual Loops": 5,
                  "Inner Unique": false,
                  "Hash Cond": "(t.id = mc.movie_id)",
                  "Plans": [
                    {
                      "Node Type": "Seq Scan",
                      "Parent Relationship": "Outer",
                      "Parallel Aware": true,
                      "Relation Name": "title",
                      "Alias": "t",
                      "Startup Cost": 0.0,
                      "Total Cost": 43898.92,
                      "Plan Rows": 55124,
                      "Plan Width": 4,
                      "Actual Startup Time": 0.03,
                      "Actual Total Time": 70.423,
                      "Actual Rows": 46177,
                      "Actual Loops": 5,
                      "Filter": "(production_year < 1959)",
                      "Rows Removed by Filter": 459486
                    },
                    {
                      "Node Type": "Hash",
                      "Parent Relationship": "Inner",
                      "Parallel Aware": true,
                      "Startup Cost": 23112.93,
                      "Total Cost": 23112.93,
                      "Plan Rows": 26836,
                      "Plan Width": 4,
                      "Actual Startup Time": 56.023,
                      "Actual Total Time": 56.024,
                      "Actual Rows": 7631,
                      "Actual Loops": 5,
                      "Hash Buckets": 131072,
                      "Original Hash Buckets": 131072,
                      "Hash Batches": 1,
                      "Original Hash Batches": 1,
                      "Peak Memory Usage": 2592,
                      "Plans": [
                        {
                          "Node Type": "Bitmap Heap Scan",
                          "Parent Relationship": "Outer",
                          "Parallel Aware": true,
                          "Relation Name": "movie_companies",
                          "Alias": "mc",
                          "Startup Cost": 3530.1,
                          "Total Cost": 23112.93,
                          "Plan Rows": 26836,
                          "Plan Width": 4,
                          "Actual Startup Time": 43.632,
                          "Actual Total Time": 52.054,
                          "Actual Rows": 7631,
                          "Actual Loops": 5,
                          "Recheck Cond": "(company_id < 34)",
                          "Rows Removed by Index Recheck": 0,
                          "Filter": "(company_type_id = 2)",
                          "Rows Removed by Filter": 25911,
                          "Exact Heap Blocks": 8571,
                          "Lossy Heap Blocks": 0,
                          "Plans": [
                            {
                              "Node Type": "Bitmap Index Scan",
                              "Parent Relationship": "Outer",
                              "Parallel Aware": false,
                              "Index Name": "company_id_movie_companies",
                              "Startup Cost": 0.0,
                              "Total Cost": 3509.3,
                              "Plan Rows": 163850,
                              "Plan Width": 0,
                              "Actual Startup Time": 18.399,
                              "Actual Total Time": 18.4,
                              "Actual Rows": 167708,
                              "Actual Loops": 1,
                              "Index Cond": "(company_id < 34)"
                            }
                          ]
                        }
                      ]
                    }
                  ]
                }
              ]
            }
          ]
        }
      ]
    },
    "Planning Time": 0.707,
    "Triggers": [],
    "Execution Time": 161.079
  }
]