[
  {
    "Plan": {
      "Node Type": "Aggregate",
      "Strategy": "Plain",
      "Partial Mode": "Finalize",
      "Parallel Aware": false,
      "Startup Cost": 347854.49,
      "Total Cost": 347854.5,
      "Plan Rows": 1,
      "Plan Width": 8,
      "Actual Startup Time": 1005.402,
      "Actual Total Time": 1090.116,
      "Actual Rows": 1,
      "Actual Loops": 1,
      "Plans": [
        {
          "Node Type": "Gather",
          "Parent Relationship": "Outer",
          "Parallel Aware": false,
          "Startup Cost": 347853.86,
          "Total Cost": 347854.47,
          "Plan Rows": 6,
          "Plan Width": 8,
          "Actual Startup Time": 1005.17,
          "Actual Total Time": 1090.095,
          "Actual Rows": 7,
          "Actual Loops": 1,
          "Workers Planned": 6,
          "Workers Launched": 6,
          "Single Copy": false,
          "Plans": [
            {
              "Node Type": "Aggregate",
              "Strategy": "Plain",
              "Partial Mode": "Partial",
              "Parent Relationship": "Outer",
              "Parallel Aware": false,
              "Startup Cost": 346853.86,
              "Total Cost": 346853.87,
              "Plan Rows": 1,
              "Plan Width": 8,
              "Actual Startup Time": 993.009,
              "Actual Total Time": 993.011,
              "Actual Rows": 1,
              "Actual Loops": 7,
              "Plans": [
                {
                  "Node Type": "Seq Scan",
                  "Parent Relationship": "Outer",
                  "Parallel Aware": true,
                  "Relation Name": "cast_info",
                  "Alias": "ci",
                  "Startup Cost": 0.0,
                  "Total Cost": 343316.27,
                  "Plan Rows": 1415037,
                  "Plan Width": 0,
                  "Actual Startup Time": 503.02,
                  "Actual Total Time": 941.532,
                  "Actual Rows": 762883,
                  "Actual Loops": 7,
                  "Filter": "((person_id > 2651054) AND (role_id < 8))",
                  "Rows Removed by Filter": 4414881
                }
              ]
            }
          ]
        }
      ]
    },
    "Planning Time": 0.234,
    "Triggers": [],
    "Execution Time": 1090.197
  }
]