[
    {
        "Bao": {
            "Bao prediction": 631.667,
            "Bao recommended hint": "(no hint)"
        }
    },
    {
        "Plan": {
            "Node Type": "Aggregate",
            "Strategy": "Plain",
            "Partial Mode": "Finalize",
            "Parallel Aware": false,
            "Startup Cost": 78195.53,
            "Total Cost": 78195.54,
            "Plan Rows": 1,
            "Plan Width": 8,
            "Actual Startup Time": 407.655,
            "Actual Total Time": 422.788,
            "Actual Rows": 1,
            "Actual Loops": 1,
            "Output": [
                "count(*)"
            ],
            "Plans": [
                {
                    "Node Type": "Gather",
                    "Parent Relationship": "Outer",
                    "Parallel Aware": false,
                    "Startup Cost": 78195.21,
                    "Total Cost": 78195.52,
                    "Plan Rows": 3,
                    "Plan Width": 8,
                    "Actual Startup Time": 399.448,
                    "Actual Total Time": 422.767,
                    "Actual Rows": 4,
                    "Actual Loops": 1,
                    "Output": [
                        "(PARTIAL count(*))"
                    ],
                    "Workers Planned": 3,
                    "Workers Launched": 3,
                    "Single Copy": false,
                    "Plans": [
                        {
                            "Node Type": "Aggregate",
                            "Strategy": "Plain",
                            "Partial Mode": "Partial",
                            "Parent Relationship": "Outer",
                            "Parallel Aware": false,
                            "Startup Cost": 77195.21,
                            "Total Cost": 77195.22,
                            "Plan Rows": 1,
                            "Plan Width": 8,
                            "Actual Startup Time": 389.558,
                            "Actual Total Time": 389.568,
                            "Actual Rows": 1,
                            "Actual Loops": 4,
                            "Output": [
                                "PARTIAL count(*)"
                            ],
                            "Workers": [
                                {
                                    "Worker Number": 0,
                                    "Actual Startup Time": 386.752,
                                    "Actual Total Time": 386.757,
                                    "Actual Rows": 1,
                                    "Actual Loops": 1
                                },
                                {
                                    "Worker Number": 1,
                                    "Actual Startup Time": 386.185,
                                    "Actual Total Time": 386.191,
                                    "Actual Rows": 1,
                                    "Actual Loops": 1
                                },
                                {
                                    "Worker Number": 2,
                                    "Actual Startup Time": 386.594,
                                    "Actual Total Time": 386.609,
                                    "Actual Rows": 1,
                                    "Actual Loops": 1
                                }
                            ],
                            "Plans": [
                                {
                                    "Node Type": "Hash Join",
                                    "Parent Relationship": "Outer",
                                    "Parallel Aware": true,
                                    "Join Type": "Inner",
                                    "Startup Cost": 51435.79,
                                    "Total Cost": 77140.32,
                                    "Plan Rows": 21954,
                                    "Plan Width": 0,
                                    "Actual Startup Time": 302.973,
                                    "Actual Total Time": 386.771,
                                    "Actual Rows": 35750,
                                    "Actual Loops": 4,
                                    "Inner Unique": true,
                                    "Hash Cond": "(mk.movie_id = t.id)",
                                    "Workers": [
                                        {
                                            "Worker Number": 0,
                                            "Actual Startup Time": 299.732,
                                            "Actual Total Time": 384.067,
                                            "Actual Rows": 32703,
                                            "Actual Loops": 1
                                        },
                                        {
                                            "Worker Number": 1,
                                            "Actual Startup Time": 299.733,
                                            "Actual Total Time": 383.524,
                                            "Actual Rows": 32280,
                                            "Actual Loops": 1
                                        },
                                        {
                                            "Worker Number": 2,
                                            "Actual Startup Time": 300.161,
                                            "Actual Total Time": 383.959,
                                            "Actual Rows": 32561,
                                            "Actual Loops": 1
                                        }
                                    ],
                                    "Plans": [
                                        {
                                            "Node Type": "Bitmap Heap Scan",
                                            "Parent Relationship": "Outer",
                                            "Parallel Aware": true,
                                            "Relation Name": "movie_keyword",
                                            "Schema": "public",
                                            "Alias": "mk",
                                            "Startup Cost": 5438.81,
                                            "Total Cost": 30926.31,
                                            "Plan Rows": 82680,
                                            "Plan Width": 4,
                                            "Actual Startup Time": 36.959,
                                            "Actual Total Time": 112.271,
                                            "Actual Rows": 63157,
                                            "Actual Loops": 4,
                                            "Output": [
                                                "mk.id",
                                                "mk.movie_id",
                                                "mk.keyword_id"
                                            ],
                                            "Recheck Cond": "(mk.keyword_id < 217)",
                                            "Rows Removed by Index Recheck": 0,
                                            "Exact Heap Blocks": 8117,
                                            "Lossy Heap Blocks": 0,
                                            "Workers": [
                                                {
                                                    "Worker Number": 0,
                                                    "Actual Startup Time": 37.19,
                                                    "Actual Total Time": 114.23,
                                                    "Actual Rows": 56346,
                                                    "Actual Loops": 1
                                                },
                                                {
                                                    "Worker Number": 1,
                                                    "Actual Startup Time": 36.935,
                                                    "Actual Total Time": 114.615,
                                                    "Actual Rows": 55487,
                                                    "Actual Loops": 1
                                                },
                                                {
                                                    "Worker Number": 2,
                                                    "Actual Startup Time": 36.982,
                                                    "Actual Total Time": 114.62,
                                                    "Actual Rows": 56707,
                                                    "Actual Loops": 1
                                                }
                                            ],
                                            "Plans": [
                                                {
                                                    "Node Type": "Bitmap Index Scan",
                                                    "Parent Relationship": "Outer",
                                                    "Parallel Aware": false,
                                                    "Index Name": "keyword_id_movie_keyword",
                                                    "Startup Cost": 0.0,
                                                    "Total Cost": 5374.73,
                                                    "Plan Rows": 256307,
                                                    "Plan Width": 0,
                                                    "Actual Startup Time": 31.01,
                                                    "Actual Total Time": 31.012,
                                                    "Actual Rows": 252629,
                                                    "Actual Loops": 1,
                                                    "Index Cond": "(mk.keyword_id < 217)"
                                                }
                                            ]
                                        },
                                        {
                                            "Node Type": "Hash",
                                            "Parent Relationship": "Inner",
                                            "Parallel Aware": true,
                                            "Startup Cost": 43899.01,
                                            "Total Cost": 43899.01,
                                            "Plan Rows": 167838,
                                            "Plan Width": 4,
                                            "Actual Startup Time": 232.958,
                                            "Actual Total Time": 232.96,
                                            "Actual Rows": 165706,
                                            "Actual Loops": 4,
                                            "Output": [
                                                "t.id"
                                            ],
                                            "Hash Buckets": 1048576,
                                            "Original Hash Buckets": 1048576,
                                            "Hash Batches": 1,
                                            "Original Hash Batches": 1,
                                            "Peak Memory Usage": 34176,
                                            "Workers": [
                                                {
                                                    "Worker Number": 0,
                                                    "Actual Startup Time": 234.5,
                                                    "Actual Total Time": 234.5,
                                                    "Actual Rows": 160313,
                                                    "Actual Loops": 1
                                                },
                                                {
                                                    "Worker Number": 1,
                                                    "Actual Startup Time": 234.47,
                                                    "Actual Total Time": 234.472,
                                                    "Actual Rows": 156947,
                                                    "Actual Loops": 1
                                                },
                                                {
                                                    "Worker Number": 2,
                                                    "Actual Startup Time": 234.964,
                                                    "Actual Total Time": 234.965,
                                                    "Actual Rows": 161316,
                                                    "Actual Loops": 1
                                                }
                                            ],
                                            "Plans": [
                                                {
                                                    "Node Type": "Seq Scan",
                                                    "Parent Relationship": "Outer",
                                                    "Parallel Aware": true,
                                                    "Relation Name": "title",
                                                    "Schema": "public",
                                                    "Alias": "t",
                                                    "Startup Cost": 0.0,
                                                    "Total Cost": 43899.01,
                                                    "Plan Rows": 167838,
                                                    "Plan Width": 4,
                                                    "Actual Startup Time": 57.345,
                                                    "Actual Total Time": 138.801,
                                                    "Actual Rows": 165706,
                                                    "Actual Loops": 4,
                                                    "Output": [
                                                        "t.id"
                                                    ],
                                                    "Filter": "(t.kind_id = 1)",
                                                    "Rows Removed by Filter": 466372,
                                                    "Workers": [
                                                        {
                                                            "Worker Number": 0,
                                                            "Actual Startup Time": 73.872,
                                                            "Actual Total Time": 140.898,
                                                            "Actual Rows": 160313,
                                                            "Actual Loops": 1
                                                        },
                                                        {
                                                            "Worker Number": 1,
                                                            "Actual Startup Time": 73.78,
                                                            "Actual Total Time": 140.36,
                                                            "Actual Rows": 156947,
                                                            "Actual Loops": 1
                                                        },
                                                        {
                                                            "Worker Number": 2,
                                                            "Actual Startup Time": 73.965,
                                                            "Actual Total Time": 140.038,
                                                            "Actual Rows": 161316,
                                                            "Actual Loops": 1
                                                        }
                                                    ]
                                                }
                                            ]
                                        }
                                    ]
                                }
                            ]
                        }
                    ]
                }
            ]
        },
        "Planning Time": 1615.151,
        "Triggers": [],
        "Execution Time": 422.983
    }
]