[
  {
    "Plan": {
      "Node Type": "Aggregate",
      "Strategy": "Plain",
      "Partial Mode": "Finalize",
      "Parallel Aware": false,
      "Startup Cost": 133722.02,
      "Total Cost": 133722.03,
      "Plan Rows": 1,
      "Plan Width": 8,
      "Actual Startup Time": 672.146,
      "Actual Total Time": 694.218,
      "Actual Rows": 1,
      "Actual Loops": 1,
      "Plans": [
        {
          "Node Type": "Gather",
          "Parent Relationship": "Outer",
          "Parallel Aware": false,
          "Startup Cost": 133721.71,
          "Total Cost": 133722.02,
          "Plan Rows": 3,
          "Plan Width": 8,
          "Actual Startup Time": 664.482,
          "Actual Total Time": 694.209,
          "Actual Rows": 4,
          "Actual Loops": 1,
          "Workers Planned": 3,
          "Workers Launched": 3,
          "Single Copy": false,
          "Plans": [
            {
              "Node Type": "Aggregate",
              "Strategy": "Plain",
              "Partial Mode": "Partial",
              "Parent Relationship": "Outer",
              "Parallel Aware": false,
              "Startup Cost": 132721.71,
              "Total Cost": 132721.72,
              "Plan Rows": 1,
              "Plan Width": 8,
              "Actual Startup Time": 655.05,
              "Actual Total Time": 655.056,
              "Actual Rows": 1,
              "Actual Loops": 4,
              "Plans": [
                {
                  "Node Type": "Hash Join",
                  "Parent Relationship": "Outer",
                  "Parallel Aware": true,
                  "Join Type": "Inner",
                  "Startup Cost": 85147.88,
                  "Total Cost": 132043.66,
                  "Plan Rows": 271219,
                  "Plan Width": 0,
                  "Actual Startup Time": 456.936,
                  "Actual Total Time": 643.04,
                  "Actual Rows": 297324,
                  "Actual Loops": 4,
                  "Inner Unique": false,
                  "Hash Cond": "(mk.movie_id = t.id)",
                  "Plans": [
                    {
                      "Node Type": "Seq Scan",
                      "Parent Relationship": "Outer",
                      "Parallel Aware": true,
                      "Relation Name": "movie_keyword",
                      "Alias": "mk",
                      "Startup Cost": 0.0,
                      "Total Cost": 42695.65,
                      "Plan Rows": 886727,
                      "Plan Width": 4,
                      "Actual Startup Time": 0.032,
                      "Actual Total Time": 105.885,
                      "Actual Rows": 684619,
                      "Actual Loops": 4,
                      "Filter": "(keyword_id < 7773)",
                      "Rows Removed by Filter": 446364
                    },
                    {
                      "Node Type": "Hash",
                      "Parent Relationship": "Inner",
                      "Parallel Aware": true,
                      "Startup Cost": 82029.67,
                      "Total Cost": 82029.67,
                      "Plan Rows": 249457,
                      "Plan Width": 8,
                      "Actual Startup Time": 451.561,
                      "Actual Total Time": 451.565,
                      "Actual Rows": 73343,
                      "Actual Loops": 4,
                      "Hash Buckets": 1048576,
                      "Original Hash Buckets": 1048576,
                      "Hash Batches": 1,
                      "Original Hash Batches": 1,
                      "Peak Memory Usage": 19712,
                      "Plans": [
                        {
                          "Node Type": "Hash Join",
                          "Parent Relationship": "Outer",
                          "Parallel Aware": true,
                          "Join Type": "Inner",
                          "Startup Cost": 49727.15,
                          "Total Cost": 82029.67,
                          "Plan Rows": 249457,
                          "Plan Width": 8,
                          "Actual Startup Time": 285.565,
                          "Actual Total Time": 420.738,
                          "Actual Rows": 73343,
                          "Actual Loops": 4,
                          "Inner Unique": true,
                          "Hash Cond": "(mc.movie_id = t.id)",
                          "Plans": [
                            {
                              "Node Type": "Seq Scan",
                              "Parent Relationship": "Outer",
                              "Parallel Aware": true,
                              "Relation Name": "movie_companies",
                              "Alias": "mc",
                              "Startup Cost": 0.0,
                              "Total Cost": 31414.82,
                              "Plan Rows": 338170,
                              "Plan Width": 4,
                              "Actual Startup Time": 0.106,
                              "Actual Total Time": 68.298,
                              "Actual Rows": 230691,
                              "Actual Loops": 4,
                              "Filter": "((company_id > 419) AND (company_type_id = 1))",
                              "Rows Removed by Filter": 421591
                            },
                            {
                              "Node Type": "Hash",
                              "Parent Relationship": "Inner",
                              "Parallel Aware": true,
                              "Startup Cost": 43898.92,
                              "Total Cost": 43898.92,
                              "Plan Rows": 466259,
                              "Plan Width": 4,
                              "Actual Startup Time": 280.614,
                              "Actual Total Time": 280.615,
                              "Actual Rows": 466372,
                              "Actual Loops": 4,
                              "Hash Buckets": 2097152,
                              "Original Hash Buckets": 2097152,
                              "Hash Batches": 1,
                              "Original Hash Batches": 1,
                              "Peak Memory Usage": 89440,
                              "Plans": [
                                {
                                  "Node Type": "Seq Scan",
                                  "Parent Relationship": "Outer",
                                  "Parallel Aware": true,
                                  "Relation Name": "title",
                                  "Alias": "t",
                                  "Startup Cost": 0.0,
                                  "Total Cost": 43898.92,
                                  "Plan Rows": 466259,
                                  "Plan Width": 4,
                                  "Actual Startup Time": 0.047,
                                  "Actual Total Time": 105.171,
                                  "Actual Rows": 466372,
                                  "Actual Loops": 4,
                                  "Filter": "(kind_id > 1)",
                                  "Rows Removed by Filter": 165706
                                }
                              ]
                            }
                          ]
                        }
                      ]
                    }
                  ]
                }
              ]
            }
          ]
        }
      ]
    },
    "Planning Time": 1.445,
    "Triggers": [],
    "Execution Time": 694.304
  }
]