[
  {
    "Plan": {
      "Node Type": "Aggregate",
      "Strategy": "Plain",
      "Partial Mode": "Finalize",
      "Parallel Aware": false,
      "Startup Cost": 199569.54,
      "Total Cost": 199569.55,
      "Plan Rows": 1,
      "Plan Width": 8,
      "Actual Startup Time": 328.995,
      "Actual Total Time": 341.219,
      "Actual Rows": 1,
      "Actual Loops": 1,
      "Plans": [
        {
          "Node Type": "Gather",
          "Parent Relationship": "Outer",
          "Parallel Aware": false,
          "Startup Cost": 199568.92,
          "Total Cost": 199569.53,
          "Plan Rows": 6,
          "Plan Width": 8,
          "Actual Startup Time": 328.927,
          "Actual Total Time": 341.213,
          "Actual Rows": 7,
          "Actual Loops": 1,
          "Workers Planned": 6,
          "Workers Launched": 6,
          "Single Copy": false,
          "Plans": [
            {
              "Node Type": "Aggregate",
              "Strategy": "Plain",
              "Partial Mode": "Partial",
              "Parent Relationship": "Outer",
              "Parallel Aware": false,
              "Startup Cost": 198568.92,
              "Total Cost": 198568.93,
              "Plan Rows": 1,
              "Plan Width": 8,
              "Actual Startup Time": 321.927,
              "Actual Total Time": 321.928,
              "Actual Rows": 1,
              "Actual Loops": 7,
              "Plans": [
                {
                  "Node Type": "Index Scan",
                  "Parent Relationship": "Outer",
                  "Parallel Aware": true,
                  "Scan Direction": "Forward",
                  "Index Name": "role_id_cast_info",
                  "Relation Name": "cast_info",
                  "Alias": "ci",
                  "Startup Cost": 0.56,
                  "Total Cost": 196370.09,
                  "Plan Rows": 879533,
                  "Plan Width": 0,
                  "Actual Startup Time": 0.115,
                  "Actual Total Time": 266.897,
                  "Actual Rows": 916964,
                  "Actual Loops": 7,
                  "Index Cond": "(role_id > 7)",
                  "Rows Removed by Index Recheck": 0,
                  "Filter": "(person_id > 990382)",
                  "Rows Removed by Filter": 145356
                }
              ]
            }
          ]
        }
      ]
    },
    "Planning Time": 0.074,
    "Triggers": [],
    "Execution Time": 341.249
  }
]