[
  {
    "Plan": {
      "Node Type": "Aggregate",
      "Strategy": "Plain",
      "Partial Mode": "Finalize",
      "Parallel Aware": false,
      "Startup Cost": 42214.25,
      "Total Cost": 42214.26,
      "Plan Rows": 1,
      "Plan Width": 8,
      "Actual Startup Time": 150.712,
      "Actual Total Time": 176.334,
      "Actual Rows": 1,
      "Actual Loops": 1,
      "Plans": [
        {
          "Node Type": "Gather",
          "Parent Relationship": "Outer",
          "Parallel Aware": false,
          "Startup Cost": 42214.03,
          "Total Cost": 42214.24,
          "Plan Rows": 2,
          "Plan Width": 8,
          "Actual Startup Time": 150.402,
          "Actual Total Time": 176.324,
          "Actual Rows": 3,
          "Actual Loops": 1,
          "Workers Planned": 2,
          "Workers Launched": 2,
          "Single Copy": false,
          "Plans": [
            {
              "Node Type": "Aggregate",
              "Strategy": "Plain",
              "Partial Mode": "Partial",
              "Parent Relationship": "Outer",
              "Parallel Aware": false,
              "Startup Cost": 41214.03,
              "Total Cost": 41214.04,
              "Plan Rows": 1,
              "Plan Width": 8,
              "Actual Startup Time": 142.25,
              "Actual Total Time": 142.253,
              "Actual Rows": 1,
              "Actual Loops": 3,
              "Plans": [
                {
                  "Node Type": "Nested Loop",
                  "Parent Relationship": "Outer",
                  "Parallel Aware": false,
                  "Join Type": "Inner",
                  "Startup Cost": 151.06,
                  "Total Cost": 41171.78,
                  "Plan Rows": 16901,
                  "Plan Width": 0,
                  "Actual Startup Time": 2.956,
                  "Actual Total Time": 136.116,
                  "Actual Rows": 97955,
                  "Actual Loops": 3,
                  "Inner Unique": false,
                  "Plans": [
                    {
                      "Node Type": "Nested Loop",
                      "Parent Relationship": "Outer",
                      "Parallel Aware": false,
                      "Join Type": "Inner",
                      "Startup Cost": 150.62,
                      "Total Cost": 35588.2,
                      "Plan Rows": 2890,
                      "Plan Width": 8,
                      "Actual Startup Time": 2.787,
                      "Actual Total Time": 29.648,
                      "Actual Rows": 1972,
                      "Actual Loops": 3,
                      "Inner Unique": true,
                      "Plans": [
                        {
                          "Node Type": "Bitmap Heap Scan",
                          "Parent Relationship": "Outer",
                          "Parallel Aware": true,
                          "Relation Name": "movie_keyword",
                          "Alias": "mk",
                          "Startup Cost": 150.19,
                          "Total Cost": 15404.32,
                          "Plan Rows": 2890,
                          "Plan Width": 4,
                          "Actual Startup Time": 2.616,
                          "Actual Total Time": 11.421,
                          "Actual Rows": 1972,
                          "Actual Loops": 3,
                          "Recheck Cond": "(keyword_id = 807)",
                          "Rows Removed by Index Recheck": 0,
                          "Exact Heap Blocks": 2505,
                          "Lossy Heap Blocks": 0,
                          "Plans": [
                            {
                              "Node Type": "Bitmap Index Scan",
                              "Parent Relationship": "Outer",
                              "Parallel Aware": false,
                              "Index Name": "keyword_id_movie_keyword",
                              "Startup Cost": 0.0,
                              "Total Cost": 148.46,
                              "Plan Rows": 6937,
                              "Plan Width": 0,
                              "Actual Startup Time": 4.866,
                              "Actual Total Time": 4.867,
                              "Actual Rows": 5916,
                              "Actual Loops": 1,
                              "Index Cond": "(keyword_id = 807)"
                            }
                          ]
                        },
                        {
                          "Node Type": "Index Only Scan",
                          "Parent Relationship": "Inner",
                          "Parallel Aware": false,
                          "Scan Direction": "Forward",
                          "Index Name": "title_pkey",
                          "Relation Name": "title",
                          "Alias": "t",
                          "Startup Cost": 0.43,
                          "Total Cost": 6.98,
                          "Plan Rows": 1,
                          "Plan Width": 4,
                          "Actual Startup Time": 0.009,
                          "Actual Total Time": 0.009,
                          "Actual Rows": 1,
                          "Actual Loops": 5916,
                          "Index Cond": "(id = mk.movie_id)",
                          "Rows Removed by Index Recheck": 0,
                          "Heap Fetches": 5916
                        }
                      ]
                    },
                    {
                      "Node Type": "Index Only Scan",
                      "Parent Relationship": "Inner",
                      "Parallel Aware": false,
                      "Scan Direction": "Forward",
                      "Index Name": "movie_id_movie_info",
                      "Relation Name": "movie_info",
                      "Alias": "mi",
                      "Startup Cost": 0.43,
                      "Total Cost": 1.51,
                      "Plan Rows": 42,
                      "Plan Width": 4,
                      "Actual Startup Time": 0.011,
                      "Actual Total Time": 0.049,
                      "Actual Rows": 50,
                      "Actual Loops": 5916,
                      "Index Cond": "(movie_id = t.id)",
                      "Rows Removed by Index Recheck": 0,
                      "Heap Fetches": 293865
                    }
                  ]
                }
              ]
            }
          ]
        }
      ]
    },
    "Planning Time": 1.419,
    "Triggers": [],
    "Execution Time": 176.448
  }
]