[
  {
    "Plan": {
      "Node Type": "Aggregate",
      "Strategy": "Plain",
      "Partial Mode": "Finalize",
      "Parallel Aware": false,
      "Startup Cost": 33311.87,
      "Total Cost": 33311.88,
      "Plan Rows": 1,
      "Plan Width": 8,
      "Actual Startup Time": 106.467,
      "Actual Total Time": 114.031,
      "Actual Rows": 1,
      "Actual Loops": 1,
      "Plans": [
        {
          "Node Type": "Gather",
          "Parent Relationship": "Outer",
          "Parallel Aware": false,
          "Startup Cost": 33311.56,
          "Total Cost": 33311.87,
          "Plan Rows": 3,
          "Plan Width": 8,
          "Actual Startup Time": 106.294,
          "Actual Total Time": 114.02,
          "Actual Rows": 4,
          "Actual Loops": 1,
          "Workers Planned": 3,
          "Workers Launched": 3,
          "Single Copy": false,
          "Plans": [
            {
              "Node Type": "Aggregate",
              "Strategy": "Plain",
              "Partial Mode": "Partial",
              "Parent Relationship": "Outer",
              "Parallel Aware": false,
              "Startup Cost": 32311.56,
              "Total Cost": 32311.57,
              "Plan Rows": 1,
              "Plan Width": 8,
              "Actual Startup Time": 99.082,
              "Actual Total Time": 99.083,
              "Actual Rows": 1,
              "Actual Loops": 4,
              "Plans": [
                {
                  "Node Type": "Seq Scan",
                  "Parent Relationship": "Outer",
                  "Parallel Aware": true,
                  "Relation Name": "movie_companies",
                  "Alias": "mc",
                  "Startup Cost": 0.0,
                  "Total Cost": 31414.82,
                  "Plan Rows": 358695,
                  "Plan Width": 0,
                  "Actual Startup Time": 0.092,
                  "Actual Total Time": 84.645,
                  "Actual Rows": 253586,
                  "Actual Loops": 4,
                  "Filter": "((company_id > 160) AND (company_type_id < 2))",
                  "Rows Removed by Filter": 398696
                }
              ]
            }
          ]
        }
      ]
    },
    "Planning Time": 0.225,
    "Triggers": [],
    "Execution Time": 114.088
  }
]