[
  {
    "Plan": {
      "Node Type": "Aggregate",
      "Strategy": "Plain",
      "Partial Mode": "Finalize",
      "Parallel Aware": false,
      "Startup Cost": 33318.46,
      "Total Cost": 33318.47,
      "Plan Rows": 1,
      "Plan Width": 8,
      "Actual Startup Time": 102.436,
      "Actual Total Time": 110.412,
      "Actual Rows": 1,
      "Actual Loops": 1,
      "Plans": [
        {
          "Node Type": "Gather",
          "Parent Relationship": "Outer",
          "Parallel Aware": false,
          "Startup Cost": 33318.15,
          "Total Cost": 33318.46,
          "Plan Rows": 3,
          "Plan Width": 8,
          "Actual Startup Time": 102.318,
          "Actual Total Time": 110.405,
          "Actual Rows": 4,
          "Actual Loops": 1,
          "Workers Planned": 3,
          "Workers Launched": 3,
          "Single Copy": false,
          "Plans": [
            {
              "Node Type": "Aggregate",
              "Strategy": "Plain",
              "Partial Mode": "Partial",
              "Parent Relationship": "Outer",
              "Parallel Aware": false,
              "Startup Cost": 32318.15,
              "Total Cost": 32318.16,
              "Plan Rows": 1,
              "Plan Width": 8,
              "Actual Startup Time": 94.217,
              "Actual Total Time": 94.218,
              "Actual Rows": 1,
              "Actual Loops": 4,
              "Plans": [
                {
                  "Node Type": "Seq Scan",
                  "Parent Relationship": "Outer",
                  "Parallel Aware": true,
                  "Relation Name": "movie_companies",
                  "Alias": "mc",
                  "Startup Cost": 0.0,
                  "Total Cost": 31414.82,
                  "Plan Rows": 361331,
                  "Plan Width": 0,
                  "Actual Startup Time": 0.268,
                  "Actual Total Time": 80.897,
                  "Actual Rows": 253586,
                  "Actual Loops": 4,
                  "Filter": "((company_id > 160) AND (company_type_id < 2))",
                  "Rows Removed by Filter": 398696
                }
              ]
            }
          ]
        }
      ]
    },
    "Planning Time": 0.22,
    "Triggers": [],
    "Execution Time": 110.469
  }
]