[
  {
    "Plan": {
      "Node Type": "Aggregate",
      "Strategy": "Plain",
      "Partial Mode": "Finalize",
      "Parallel Aware": false,
      "Startup Cost": 63333.49,
      "Total Cost": 63333.5,
      "Plan Rows": 1,
      "Plan Width": 8,
      "Actual Startup Time": 198.835,
      "Actual Total Time": 212.485,
      "Actual Rows": 1,
      "Actual Loops": 1,
      "Plans": [
        {
          "Node Type": "Gather",
          "Parent Relationship": "Outer",
          "Parallel Aware": false,
          "Startup Cost": 63333.27,
          "Total Cost": 63333.48,
          "Plan Rows": 2,
          "Plan Width": 8,
          "Actual Startup Time": 197.931,
          "Actual Total Time": 212.477,
          "Actual Rows": 3,
          "Actual Loops": 1,
          "Workers Planned": 2,
          "Workers Launched": 2,
          "Single Copy": false,
          "Plans": [
            {
              "Node Type": "Aggregate",
              "Strategy": "Plain",
              "Partial Mode": "Partial",
              "Parent Relationship": "Outer",
              "Parallel Aware": false,
              "Startup Cost": 62333.27,
              "Total Cost": 62333.28,
              "Plan Rows": 1,
              "Plan Width": 8,
              "Actual Startup Time": 189.416,
              "Actual Total Time": 189.42,
              "Actual Rows": 1,
              "Actual Loops": 3,
              "Plans": [
                {
                  "Node Type": "Nested Loop",
                  "Parent Relationship": "Outer",
                  "Parallel Aware": false,
                  "Join Type": "Inner",
                  "Startup Cost": 38973.67,
                  "Total Cost": 62309.14,
                  "Plan Rows": 9652,
                  "Plan Width": 0,
                  "Actual Startup Time": 95.192,
                  "Actual Total Time": 188.071,
                  "Actual Rows": 19188,
                  "Actual Loops": 3,
                  "Inner Unique": false,
                  "Join Filter": "(t.id = mc.movie_id)",
                  "Rows Removed by Join Filter": 0,
                  "Plans": [
                    {
                      "Node Type": "Hash Join",
                      "Parent Relationship": "Outer",
                      "Parallel Aware": true,
                      "Join Type": "Inner",
                      "Startup Cost": 38973.24,
                      "Total Cost": 54603.89,
                      "Plan Rows": 9353,
                      "Plan Width": 8,
                      "Actual Startup Time": 95.095,
                      "Actual Total Time": 141.284,
                      "Actual Rows": 9283,
                      "Actual Loops": 3,
                      "Inner Unique": true,
                      "Hash Cond": "(mi_idx.movie_id = t.id)",
                      "Plans": [
                        {
                          "Node Type": "Seq Scan",
                          "Parent Relationship": "Outer",
                          "Parallel Aware": true,
                          "Relation Name": "movie_info_idx",
                          "Alias": "mi_idx",
                          "Startup Cost": 0.0,
                          "Total Cost": 15122.68,
                          "Plan Rows": 193512,
                          "Plan Width": 4,
                          "Actual Startup Time": 0.03,
                          "Actual Total Time": 45.409,
                          "Actual Rows": 153308,
                          "Actual Loops": 3,
                          "Filter": "(info_type_id = 100)",
                          "Rows Removed by Filter": 306703
                        },
                        {
                          "Node Type": "Hash",
                          "Parent Relationship": "Inner",
                          "Parallel Aware": true,
                          "Startup Cost": 38591.37,
                          "Total Cost": 38591.37,
                          "Plan Rows": 30550,
                          "Plan Width": 4,
                          "Actual Startup Time": 63.242,
                          "Actual Total Time": 63.244,
                          "Actual Rows": 39411,
                          "Actual Loops": 3,
                          "Hash Buckets": 131072,
                          "Original Hash Buckets": 131072,
                          "Hash Batches": 1,
                          "Original Hash Batches": 1,
                          "Peak Memory Usage": 5664,
                          "Plans": [
                            {
                              "Node Type": "Bitmap Heap Scan",
                              "Parent Relationship": "Outer",
                              "Parallel Aware": true,
                              "Relation Name": "title",
                              "Alias": "t",
                              "Startup Cost": 2211.49,
                              "Total Cost": 38591.37,
                              "Plan Rows": 30550,
                              "Plan Width": 4,
                              "Actual Startup Time": 13.401,
                              "Actual Total Time": 49.982,
                              "Actual Rows": 39411,
                              "Actual Loops": 3,
                              "Recheck Cond": "(kind_id = 4)",
                              "Rows Removed by Index Recheck": 0,
                              "Exact Heap Blocks": 8472,
                              "Lossy Heap Blocks": 0,
                              "Plans": [
                                {
                                  "Node Type": "Bitmap Index Scan",
                                  "Parent Relationship": "Outer",
                                  "Parallel Aware": false,
                                  "Index Name": "kind_id_title",
                                  "Startup Cost": 0.0,
                                  "Total Cost": 2180.94,
                                  "Plan Rows": 122201,
                                  "Plan Width": 0,
                                  "Actual Startup Time": 14.848,
                                  "Actual Total Time": 14.849,
                                  "Actual Rows": 118234,
                                  "Actual Loops": 1,
                                  "Index Cond": "(kind_id = 4)"
                                }
                              ]
                            }
                          ]
                        }
                      ]
                    },
                    {
                      "Node Type": "Index Only Scan",
                      "Parent Relationship": "Inner",
                      "Parallel Aware": false,
                      "Scan Direction": "Forward",
                      "Index Name": "movie_id_movie_companies",
                      "Relation Name": "movie_companies",
                      "Alias": "mc",
                      "Startup Cost": 0.43,
                      "Total Cost": 0.76,
                      "Plan Rows": 5,
                      "Plan Width": 4,
                      "Actual Startup Time": 0.004,
                      "Actual Total Time": 0.005,
                      "Actual Rows": 2,
                      "Actual Loops": 27850,
                      "Index Cond": "(movie_id = mi_idx.movie_id)",
                      "Rows Removed by Index Recheck": 0,
                      "Heap Fetches": 57563
                    }
                  ]
                }
              ]
            }
          ]
        }
      ]
    },
    "Planning Time": 1.441,
    "Triggers": [],
    "Execution Time": 212.585
  }
]