[
    {
        "Bao": {
            "Bao prediction": "NaN",
            "Bao recommended hint": "(no hint)"
        }
    },
    {
        "Plan": {
            "Node Type": "Aggregate",
            "Strategy": "Plain",
            "Partial Mode": "Finalize",
            "Parallel Aware": false,
            "Startup Cost": 404532.71,
            "Total Cost": 404532.72,
            "Plan Rows": 1,
            "Plan Width": 8,
            "Actual Startup Time": 1730.284,
            "Actual Total Time": 1764.422,
            "Actual Rows": 1,
            "Actual Loops": 1,
            "Output": [
                "count(*)"
            ],
            "Plans": [
                {
                    "Node Type": "Gather",
                    "Parent Relationship": "Outer",
                    "Parallel Aware": false,
                    "Startup Cost": 404532.09,
                    "Total Cost": 404532.7,
                    "Plan Rows": 6,
                    "Plan Width": 8,
                    "Actual Startup Time": 1721.277,
                    "Actual Total Time": 1764.393,
                    "Actual Rows": 7,
                    "Actual Loops": 1,
                    "Output": [
                        "(PARTIAL count(*))"
                    ],
                    "Workers Planned": 6,
                    "Workers Launched": 6,
                    "Single Copy": false,
                    "Plans": [
                        {
                            "Node Type": "Aggregate",
                            "Strategy": "Plain",
                            "Partial Mode": "Partial",
                            "Parent Relationship": "Outer",
                            "Parallel Aware": false,
                            "Startup Cost": 403532.09,
                            "Total Cost": 403532.1,
                            "Plan Rows": 1,
                            "Plan Width": 8,
                            "Actual Startup Time": 1702.905,
                            "Actual Total Time": 1702.909,
                            "Actual Rows": 1,
                            "Actual Loops": 7,
                            "Output": [
                                "PARTIAL count(*)"
                            ],
                            "Workers": [
                                {
                                    "Worker Number": 0,
                                    "Actual Startup Time": 1701.165,
                                    "Actual Total Time": 1701.168,
                                    "Actual Rows": 1,
                                    "Actual Loops": 1
                                },
                                {
                                    "Worker Number": 1,
                                    "Actual Startup Time": 1699.454,
                                    "Actual Total Time": 1699.456,
                                    "Actual Rows": 1,
                                    "Actual Loops": 1
                                },
                                {
                                    "Worker Number": 2,
                                    "Actual Startup Time": 1699.818,
                                    "Actual Total Time": 1699.821,
                                    "Actual Rows": 1,
                                    "Actual Loops": 1
                                },
                                {
                                    "Worker Number": 3,
                                    "Actual Startup Time": 1699.94,
                                    "Actual Total Time": 1699.943,
                                    "Actual Rows": 1,
                                    "Actual Loops": 1
                                },
                                {
                                    "Worker Number": 4,
                                    "Actual Startup Time": 1699.719,
                                    "Actual Total Time": 1699.721,
                                    "Actual Rows": 1,
                                    "Actual Loops": 1
                                },
                                {
                                    "Worker Number": 5,
                                    "Actual Startup Time": 1700.03,
                                    "Actual Total Time": 1700.032,
                                    "Actual Rows": 1,
                                    "Actual Loops": 1
                                }
                            ],
                            "Plans": [
                                {
                                    "Node Type": "Hash Join",
                                    "Parent Relationship": "Outer",
                                    "Parallel Aware": true,
                                    "Join Type": "Inner",
                                    "Startup Cost": 49420.94,
                                    "Total Cost": 399219.32,
                                    "Plan Rows": 1725108,
                                    "Plan Width": 0,
                                    "Actual Startup Time": 397.805,
                                    "Actual Total Time": 1621.448,
                                    "Actual Rows": 1415961,
                                    "Actual Loops": 7,
                                    "Inner Unique": true,
                                    "Hash Cond": "(ci.movie_id = t.id)",
                                    "Workers": [
                                        {
                                            "Worker Number": 0,
                                            "Actual Startup Time": 394.648,
                                            "Actual Total Time": 1614.051,
                                            "Actual Rows": 1213603,
                                            "Actual Loops": 1
                                        },
                                        {
                                            "Worker Number": 1,
                                            "Actual Startup Time": 394.511,
                                            "Actual Total Time": 1612.757,
                                            "Actual Rows": 1204815,
                                            "Actual Loops": 1
                                        },
                                        {
                                            "Worker Number": 2,
                                            "Actual Startup Time": 394.936,
                                            "Actual Total Time": 1612.384,
                                            "Actual Rows": 1211676,
                                            "Actual Loops": 1
                                        },
                                        {
                                            "Worker Number": 3,
                                            "Actual Startup Time": 395.016,
                                            "Actual Total Time": 1623.553,
                                            "Actual Rows": 1633213,
                                            "Actual Loops": 1
                                        },
                                        {
                                            "Worker Number": 4,
                                            "Actual Startup Time": 394.788,
                                            "Actual Total Time": 1623.276,
                                            "Actual Rows": 1655106,
                                            "Actual Loops": 1
                                        },
                                        {
                                            "Worker Number": 5,
                                            "Actual Startup Time": 395.079,
                                            "Actual Total Time": 1626.506,
                                            "Actual Rows": 1689285,
                                            "Actual Loops": 1
                                        }
                                    ],
                                    "Plans": [
                                        {
                                            "Node Type": "Seq Scan",
                                            "Parent Relationship": "Outer",
                                            "Parallel Aware": true,
                                            "Relation Name": "cast_info",
                                            "Schema": "public",
                                            "Alias": "ci",
                                            "Startup Cost": 0.0,
                                            "Total Cost": 343318.94,
                                            "Plan Rows": 2468351,
                                            "Plan Width": 4,
                                            "Actual Startup Time": 166.332,
                                            "Actual Total Time": 695.207,
                                            "Actual Rows": 1841195,
                                            "Actual Loops": 7,
                                            "Output": [
                                                "ci.id",
                                                "ci.person_id",
                                                "ci.movie_id",
                                                "ci.person_role_id",
                                                "ci.note",
                                                "ci.nr_order",
                                                "ci.role_id"
                                            ],
                                            "Filter": "((ci.person_id > 1387307) AND (ci.role_id < 4))",
                                            "Rows Removed by Filter": 3336568,
                                            "Workers": [
                                                {
                                                    "Worker Number": 0,
                                                    "Actual Startup Time": 166.298,
                                                    "Actual Total Time": 719.769,
                                                    "Actual Rows": 1568814,
                                                    "Actual Loops": 1
                                                },
                                                {
                                                    "Worker Number": 1,
                                                    "Actual Startup Time": 166.391,
                                                    "Actual Total Time": 712.864,
                                                    "Actual Rows": 1569656,
                                                    "Actual Loops": 1
                                                },
                                                {
                                                    "Worker Number": 2,
                                                    "Actual Startup Time": 166.285,
                                                    "Actual Total Time": 712.428,
                                                    "Actual Rows": 1572576,
                                                    "Actual Loops": 1
                                                },
                                                {
                                                    "Worker Number": 3,
                                                    "Actual Startup Time": 166.415,
                                                    "Actual Total Time": 676.262,
                                                    "Actual Rows": 2125426,
                                                    "Actual Loops": 1
                                                },
                                                {
                                                    "Worker Number": 4,
                                                    "Actual Startup Time": 166.31,
                                                    "Actual Total Time": 676.636,
                                                    "Actual Rows": 2155247,
                                                    "Actual Loops": 1
                                                },
                                                {
                                                    "Worker Number": 5,
                                                    "Actual Startup Time": 166.307,
                                                    "Actual Total Time": 682.351,
                                                    "Actual Rows": 2202335,
                                                    "Actual Loops": 1
                                                }
                                            ]
                                        },
                                        {
                                            "Node Type": "Hash",
                                            "Parent Relationship": "Inner",
                                            "Parallel Aware": true,
                                            "Startup Cost": 43899.01,
                                            "Total Cost": 43899.01,
                                            "Plan Rows": 441755,
                                            "Plan Width": 4,
                                            "Actual Startup Time": 225.647,
                                            "Actual Total Time": 225.648,
                                            "Actual Rows": 253153,
                                            "Actual Loops": 7,
                                            "Output": [
                                                "t.id"
                                            ],
                                            "Hash Buckets": 2097152,
                                            "Original Hash Buckets": 2097152,
                                            "Hash Batches": 1,
                                            "Original Hash Batches": 1,
                                            "Peak Memory Usage": 85824,
                                            "Workers": [
                                                {
                                                    "Worker Number": 0,
                                                    "Actual Startup Time": 227.231,
                                                    "Actual Total Time": 227.232,
                                                    "Actual Rows": 216165,
                                                    "Actual Loops": 1
                                                },
                                                {
                                                    "Worker Number": 1,
                                                    "Actual Startup Time": 227.173,
                                                    "Actual Total Time": 227.173,
                                                    "Actual Rows": 212225,
                                                    "Actual Loops": 1
                                                },
                                                {
                                                    "Worker Number": 2,
                                                    "Actual Startup Time": 227.632,
                                                    "Actual Total Time": 227.633,
                                                    "Actual Rows": 212290,
                                                    "Actual Loops": 1
                                                },
                                                {
                                                    "Worker Number": 3,
                                                    "Actual Startup Time": 227.791,
                                                    "Actual Total Time": 227.793,
                                                    "Actual Rows": 276482,
                                                    "Actual Loops": 1
                                                },
                                                {
                                                    "Worker Number": 4,
                                                    "Actual Startup Time": 227.535,
                                                    "Actual Total Time": 227.536,
                                                    "Actual Rows": 276049,
                                                    "Actual Loops": 1
                                                },
                                                {
                                                    "Worker Number": 5,
                                                    "Actual Startup Time": 227.779,
                                                    "Actual Total Time": 227.78,
                                                    "Actual Rows": 287992,
                                                    "Actual Loops": 1
                                                }
                                            ],
                                            "Plans": [
                                                {
                                                    "Node Type": "Seq Scan",
                                                    "Parent Relationship": "Outer",
                                                    "Parallel Aware": true,
                                                    "Relation Name": "title",
                                                    "Schema": "public",
                                                    "Alias": "t",
                                                    "Startup Cost": 0.0,
                                                    "Total Cost": 43899.01,
                                                    "Plan Rows": 441755,
                                                    "Plan Width": 4,
                                                    "Actual Startup Time": 0.057,
                                                    "Actual Total Time": 86.423,
                                                    "Actual Rows": 253153,
                                                    "Actual Loops": 7,
                                                    "Output": [
                                                        "t.id"
                                                    ],
                                                    "Filter": "(t.production_year > 1989)",
                                                    "Rows Removed by Filter": 108034,
                                                    "Workers": [
                                                        {
                                                            "Worker Number": 0,
                                                            "Actual Startup Time": 0.04,
                                                            "Actual Total Time": 92.29,
                                                            "Actual Rows": 216165,
                                                            "Actual Loops": 1
                                                        },
                                                        {
                                                            "Worker Number": 1,
                                                            "Actual Startup Time": 0.07,
                                                            "Actual Total Time": 90.503,
                                                            "Actual Rows": 212225,
                                                            "Actual Loops": 1
                                                        },
                                                        {
                                                            "Worker Number": 2,
                                                            "Actual Startup Time": 0.066,
                                                            "Actual Total Time": 89.595,
                                                            "Actual Rows": 212290,
                                                            "Actual Loops": 1
                                                        },
                                                        {
                                                            "Worker Number": 3,
                                                            "Actual Startup Time": 0.075,
                                                            "Actual Total Time": 84.506,
                                                            "Actual Rows": 276482,
                                                            "Actual Loops": 1
                                                        },
                                                        {
                                                            "Worker Number": 4,
                                                            "Actual Startup Time": 0.06,
                                                            "Actual Total Time": 84.59,
                                                            "Actual Rows": 276049,
                                                            "Actual Loops": 1
                                                        },
                                                        {
                                                            "Worker Number": 5,
                                                            "Actual Startup Time": 0.065,
                                                            "Actual Total Time": 86.208,
                                                            "Actual Rows": 287992,
                                                            "Actual Loops": 1
                                                        }
                                                    ]
                                                }
                                            ]
                                        }
                                    ]
                                }
                            ]
                        }
                    ]
                }
            ]
        },
        "Planning Time": 277.964,
        "Triggers": [],
        "Execution Time": 1764.543
    }
]