[
  {
    "Plan": {
      "Node Type": "Gather",
      "Parallel Aware": false,
      "Startup Cost": 38535.07,
      "Total Cost": 137337.03,
      "Plan Rows": 525543,
      "Plan Width": 40,
      "Actual Startup Time": 161.875,
      "Actual Total Time": 502.671,
      "Actual Rows": 521808,
      "Actual Loops": 1,
      "Workers Planned": 4,
      "Workers Launched": 4,
      "Single Copy": false,
      "Plans": [
        {
          "Node Type": "Hash Join",
          "Parent Relationship": "Outer",
          "Parallel Aware": true,
          "Join Type": "Inner",
          "Startup Cost": 37535.07,
          "Total Cost": 83782.73,
          "Plan Rows": 131386,
          "Plan Width": 40,
          "Actual Startup Time": 153.055,
          "Actual Total Time": 428.629,
          "Actual Rows": 104362,
          "Actual Loops": 5,
          "Inner Unique": true,
          "Hash Cond": "(mc.company_id = cn.id)",
          "Plans": [
            {
              "Node Type": "Hash Join",
              "Parent Relationship": "Outer",
              "Parallel Aware": true,
              "Join Type": "Inner",
              "Startup Cost": 31429.81,
              "Total Cost": 77332.57,
              "Plan Rows": 131386,
              "Plan Width": 40,
              "Actual Startup Time": 114.152,
              "Actual Total Time": 361.36,
              "Actual Rows": 104362,
              "Actual Loops": 5,
              "Inner Unique": false,
              "Hash Cond": "(t.id = mc.movie_id)",
              "Plans": [
                {
                  "Node Type": "Seq Scan",
                  "Parent Relationship": "Outer",
                  "Parallel Aware": true,
                  "Relation Name": "title",
                  "Alias": "t",
                  "Startup Cost": 0.0,
                  "Total Cost": 42318.63,
                  "Plan Rows": 632063,
                  "Plan Width": 4,
                  "Actual Startup Time": 0.039,
                  "Actual Total Time": 88.697,
                  "Actual Rows": 505662,
                  "Actual Loops": 5
                },
                {
                  "Node Type": "Hash",
                  "Parent Relationship": "Inner",
                  "Parallel Aware": true,
                  "Startup Cost": 29310.68,
                  "Total Cost": 29310.68,
                  "Plan Rows": 169530,
                  "Plan Width": 40,
                  "Actual Startup Time": 112.617,
                  "Actual Total Time": 112.618,
                  "Actual Rows": 104362,
                  "Actual Loops": 5,
                  "Hash Buckets": 1048576,
                  "Original Hash Buckets": 1048576,
                  "Hash Batches": 1,
                  "Original Hash Batches": 1,
                  "Peak Memory Usage": 43104,
                  "Plans": [
                    {
                      "Node Type": "Seq Scan",
                      "Parent Relationship": "Outer",
                      "Parallel Aware": true,
                      "Relation Name": "movie_companies",
                      "Alias": "mc",
                      "Startup Cost": 0.0,
                      "Total Cost": 29310.68,
                      "Plan Rows": 169530,
                      "Plan Width": 40,
                      "Actual Startup Time": 0.028,
                      "Actual Total Time": 63.771,
                      "Actual Rows": 104362,
                      "Actual Loops": 5,
                      "Filter": "(company_id < 476)",
                      "Rows Removed by Filter": 417464
                    }
                  ]
                }
              ]
            },
            {
              "Node Type": "Hash",
              "Parent Relationship": "Inner",
              "Parallel Aware": true,
              "Startup Cost": 4377.34,
              "Total Cost": 4377.34,
              "Plan Rows": 138234,
              "Plan Width": 4,
              "Actual Startup Time": 36.864,
              "Actual Total Time": 36.865,
              "Actual Rows": 46999,
              "Actual Loops": 5,
              "Hash Buckets": 262144,
              "Original Hash Buckets": 262144,
              "Hash Batches": 1,
              "Original Hash Batches": 1,
              "Peak Memory Usage": 11328,
              "Plans": [
                {
                  "Node Type": "Seq Scan",
                  "Parent Relationship": "Outer",
                  "Parallel Aware": true,
                  "Relation Name": "company_name",
                  "Alias": "cn",
                  "Startup Cost": 0.0,
                  "Total Cost": 4377.34,
                  "Plan Rows": 138234,
                  "Plan Width": 4,
                  "Actual Startup Time": 0.056,
                  "Actual Total Time": 15.378,
                  "Actual Rows": 46999,
                  "Actual Loops": 5
                }
              ]
            }
          ]
        }
      ]
    },
    "Planning Time": 4.533,
    "Triggers": [],
    "Execution Time": 518.821
  }
]