[
  {
    "Plan": {
      "Node Type": "Aggregate",
      "Strategy": "Plain",
      "Partial Mode": "Finalize",
      "Parallel Aware": false,
      "Startup Cost": 246803.39,
      "Total Cost": 246803.4,
      "Plan Rows": 1,
      "Plan Width": 8,
      "Actual Startup Time": 218.802,
      "Actual Total Time": 253.77,
      "Actual Rows": 1,
      "Actual Loops": 1,
      "Plans": [
        {
          "Node Type": "Gather",
          "Parent Relationship": "Outer",
          "Parallel Aware": false,
          "Startup Cost": 246802.97,
          "Total Cost": 246803.38,
          "Plan Rows": 4,
          "Plan Width": 8,
          "Actual Startup Time": 218.458,
          "Actual Total Time": 253.76,
          "Actual Rows": 5,
          "Actual Loops": 1,
          "Workers Planned": 4,
          "Workers Launched": 4,
          "Single Copy": false,
          "Plans": [
            {
              "Node Type": "Aggregate",
              "Strategy": "Plain",
              "Partial Mode": "Partial",
              "Parent Relationship": "Outer",
              "Parallel Aware": false,
              "Startup Cost": 245802.97,
              "Total Cost": 245802.98,
              "Plan Rows": 1,
              "Plan Width": 8,
              "Actual Startup Time": 213.812,
              "Actual Total Time": 213.814,
              "Actual Rows": 1,
              "Actual Loops": 5,
              "Plans": [
                {
                  "Node Type": "Nested Loop",
                  "Parent Relationship": "Outer",
                  "Parallel Aware": false,
                  "Join Type": "Inner",
                  "Startup Cost": 0.43,
                  "Total Cost": 245782.79,
                  "Plan Rows": 8075,
                  "Plan Width": 0,
                  "Actual Startup Time": 55.18,
                  "Actual Total Time": 212.793,
                  "Actual Rows": 13503,
                  "Actual Loops": 5,
                  "Inner Unique": false,
                  "Plans": [
                    {
                      "Node Type": "Seq Scan",
                      "Parent Relationship": "Outer",
                      "Parallel Aware": true,
                      "Relation Name": "title",
                      "Alias": "t",
                      "Startup Cost": 0.0,
                      "Total Cost": 45479.59,
                      "Plan Rows": 9292,
                      "Plan Width": 4,
                      "Actual Startup Time": 53.007,
                      "Actual Total Time": 82.19,
                      "Actual Rows": 6638,
                      "Actual Loops": 5,
                      "Filter": "((kind_id = 1) AND (production_year = 2010))",
                      "Rows Removed by Filter": 499024
                    },
                    {
                      "Node Type": "Index Scan",
                      "Parent Relationship": "Inner",
                      "Parallel Aware": false,
                      "Scan Direction": "Forward",
                      "Index Name": "movie_id_movie_info",
                      "Relation Name": "movie_info",
                      "Alias": "mi",
                      "Startup Cost": 0.43,
                      "Total Cost": 21.5,
                      "Plan Rows": 6,
                      "Plan Width": 4,
                      "Actual Startup Time": 0.012,
                      "Actual Total Time": 0.019,
                      "Actual Rows": 2,
                      "Actual Loops": 33190,
                      "Index Cond": "(movie_id = t.id)",
                      "Rows Removed by Index Recheck": 0,
                      "Filter": "(info_type_id > 16)",
                      "Rows Removed by Filter": 9
                    }
                  ]
                }
              ]
            }
          ]
        }
      ]
    },
    "Planning Time": 0.368,
    "Triggers": [],
    "Execution Time": 253.824
  }
]