[
  {
    "Plan": {
      "Node Type": "Aggregate",
      "Strategy": "Plain",
      "Partial Mode": "Finalize",
      "Parallel Aware": false,
      "Startup Cost": 251841.6,
      "Total Cost": 251841.61,
      "Plan Rows": 1,
      "Plan Width": 8,
      "Actual Startup Time": 658.215,
      "Actual Total Time": 703.458,
      "Actual Rows": 1,
      "Actual Loops": 1,
      "Plans": [
        {
          "Node Type": "Gather",
          "Parent Relationship": "Outer",
          "Parallel Aware": false,
          "Startup Cost": 251841.08,
          "Total Cost": 251841.59,
          "Plan Rows": 5,
          "Plan Width": 8,
          "Actual Startup Time": 649.56,
          "Actual Total Time": 703.443,
          "Actual Rows": 6,
          "Actual Loops": 1,
          "Workers Planned": 5,
          "Workers Launched": 5,
          "Single Copy": false,
          "Plans": [
            {
              "Node Type": "Aggregate",
              "Strategy": "Plain",
              "Partial Mode": "Partial",
              "Parent Relationship": "Outer",
              "Parallel Aware": false,
              "Startup Cost": 250841.08,
              "Total Cost": 250841.09,
              "Plan Rows": 1,
              "Plan Width": 8,
              "Actual Startup Time": 640.428,
              "Actual Total Time": 640.435,
              "Actual Rows": 1,
              "Actual Loops": 6,
              "Plans": [
                {
                  "Node Type": "Hash Join",
                  "Parent Relationship": "Outer",
                  "Parallel Aware": true,
                  "Join Type": "Inner",
                  "Startup Cost": 49956.76,
                  "Total Cost": 250218.56,
                  "Plan Rows": 249008,
                  "Plan Width": 0,
                  "Actual Startup Time": 230.472,
                  "Actual Total Time": 636.729,
                  "Actual Rows": 67396,
                  "Actual Loops": 6,
                  "Inner Unique": true,
                  "Hash Cond": "(mi.movie_id = t.id)",
                  "Plans": [
                    {
                      "Node Type": "Seq Scan",
                      "Parent Relationship": "Outer",
                      "Parallel Aware": true,
                      "Relation Name": "movie_info",
                      "Alias": "mi",
                      "Startup Cost": 0.0,
                      "Total Cost": 199108.24,
                      "Plan Rows": 439450,
                      "Plan Width": 4,
                      "Actual Startup Time": 17.939,
                      "Actual Total Time": 331.526,
                      "Actual Rows": 372308,
                      "Actual Loops": 6,
                      "Filter": "(info_type_id > 16)",
                      "Rows Removed by Filter": 2100312
                    },
                    {
                      "Node Type": "Hash",
                      "Parent Relationship": "Inner",
                      "Parallel Aware": true,
                      "Startup Cost": 45479.59,
                      "Total Cost": 45479.59,
                      "Plan Rows": 358174,
                      "Plan Width": 4,
                      "Actual Startup Time": 208.926,
                      "Actual Total Time": 208.929,
                      "Actual Rows": 253645,
                      "Actual Loops": 6,
                      "Hash Buckets": 2097152,
                      "Original Hash Buckets": 2097152,
                      "Hash Batches": 1,
                      "Original Hash Batches": 1,
                      "Peak Memory Usage": 76064,
                      "Plans": [
                        {
                          "Node Type": "Seq Scan",
                          "Parent Relationship": "Outer",
                          "Parallel Aware": true,
                          "Relation Name": "title",
                          "Alias": "t",
                          "Startup Cost": 0.0,
                          "Total Cost": 45479.59,
                          "Plan Rows": 358174,
                          "Plan Width": 4,
                          "Actual Startup Time": 0.037,
                          "Actual Total Time": 91.538,
                          "Actual Rows": 253645,
                          "Actual Loops": 6,
                          "Filter": "((kind_id > 3) AND (production_year > 1965))",
                          "Rows Removed by Filter": 167740
                        }
                      ]
                    }
                  ]
                }
              ]
            }
          ]
        }
      ]
    },
    "Planning Time": 0.494,
    "Triggers": [],
    "Execution Time": 703.507
  }
]