[
  {
    "Plan": {
      "Node Type": "Aggregate",
      "Strategy": "Plain",
      "Partial Mode": "Finalize",
      "Parallel Aware": false,
      "Startup Cost": 91883.02,
      "Total Cost": 91883.03,
      "Plan Rows": 1,
      "Plan Width": 8,
      "Actual Startup Time": 536.677,
      "Actual Total Time": 553.064,
      "Actual Rows": 1,
      "Actual Loops": 1,
      "Plans": [
        {
          "Node Type": "Gather",
          "Parent Relationship": "Outer",
          "Parallel Aware": false,
          "Startup Cost": 91882.7,
          "Total Cost": 91883.01,
          "Plan Rows": 3,
          "Plan Width": 8,
          "Actual Startup Time": 525.922,
          "Actual Total Time": 553.054,
          "Actual Rows": 4,
          "Actual Loops": 1,
          "Workers Planned": 3,
          "Workers Launched": 3,
          "Single Copy": false,
          "Plans": [
            {
              "Node Type": "Aggregate",
              "Strategy": "Plain",
              "Partial Mode": "Partial",
              "Parent Relationship": "Outer",
              "Parallel Aware": false,
              "Startup Cost": 90882.7,
              "Total Cost": 90882.71,
              "Plan Rows": 1,
              "Plan Width": 8,
              "Actual Startup Time": 508.131,
              "Actual Total Time": 508.135,
              "Actual Rows": 1,
              "Actual Loops": 4,
              "Plans": [
                {
                  "Node Type": "Hash Join",
                  "Parent Relationship": "Outer",
                  "Parallel Aware": true,
                  "Join Type": "Inner",
                  "Startup Cost": 63002.46,
                  "Total Cost": 90396.71,
                  "Plan Rows": 194397,
                  "Plan Width": 0,
                  "Actual Startup Time": 380.114,
                  "Actual Total Time": 500.223,
                  "Actual Rows": 153458,
                  "Actual Loops": 4,
                  "Inner Unique": true,
                  "Hash Cond": "(mk.movie_id = t.id)",
                  "Plans": [
                    {
                      "Node Type": "Bitmap Heap Scan",
                      "Parent Relationship": "Outer",
                      "Parallel Aware": true,
                      "Relation Name": "movie_keyword",
                      "Alias": "mk",
                      "Startup Cost": 12782.81,
                      "Total Cost": 39666.77,
                      "Plan Rows": 194397,
                      "Plan Width": 4,
                      "Actual Startup Time": 35.706,
                      "Actual Total Time": 96.645,
                      "Actual Rows": 153458,
                      "Actual Loops": 4,
                      "Recheck Cond": "(keyword_id < 465)",
                      "Rows Removed by Index Recheck": 0,
                      "Exact Heap Blocks": 8308,
                      "Lossy Heap Blocks": 0,
                      "Plans": [
                        {
                          "Node Type": "Bitmap Index Scan",
                          "Parent Relationship": "Outer",
                          "Parallel Aware": false,
                          "Index Name": "keyword_id_movie_keyword",
                          "Startup Cost": 0.0,
                          "Total Cost": 12632.16,
                          "Plan Rows": 602630,
                          "Plan Width": 0,
                          "Actual Startup Time": 32.067,
                          "Actual Total Time": 32.068,
                          "Actual Rows": 613834,
                          "Actual Loops": 1,
                          "Index Cond": "(keyword_id < 465)"
                        }
                      ]
                    },
                    {
                      "Node Type": "Hash",
                      "Parent Relationship": "Inner",
                      "Parallel Aware": true,
                      "Startup Cost": 42318.73,
                      "Total Cost": 42318.73,
                      "Plan Rows": 632073,
                      "Plan Width": 4,
                      "Actual Startup Time": 333.483,
                      "Actual Total Time": 333.484,
                      "Actual Rows": 632078,
                      "Actual Loops": 4,
                      "Hash Buckets": 4194304,
                      "Original Hash Buckets": 4194304,
                      "Hash Batches": 1,
                      "Original Hash Batches": 1,
                      "Peak Memory Usage": 131744,
                      "Plans": [
                        {
                          "Node Type": "Seq Scan",
                          "Parent Relationship": "Outer",
                          "Parallel Aware": true,
                          "Relation Name": "title",
                          "Alias": "t",
                          "Startup Cost": 0.0,
                          "Total Cost": 42318.73,
                          "Plan Rows": 632073,
                          "Plan Width": 4,
                          "Actual Startup Time": 0.032,
                          "Actual Total Time": 102.117,
                          "Actual Rows": 632078,
                          "Actual Loops": 4
                        }
                      ]
                    }
                  ]
                }
              ]
            }
          ]
        }
      ]
    },
    "Planning Time": 0.643,
    "Triggers": [],
    "Execution Time": 553.154
  }
]