[
    {
        "Bao": {
            "Bao prediction": "NaN",
            "Bao recommended hint": "(no hint)"
        }
    },
    {
        "Plan": {
            "Node Type": "Aggregate",
            "Strategy": "Plain",
            "Partial Mode": "Simple",
            "Parallel Aware": false,
            "Startup Cost": 21131.23,
            "Total Cost": 21131.24,
            "Plan Rows": 1,
            "Plan Width": 8,
            "Actual Startup Time": 9.256,
            "Actual Total Time": 9.258,
            "Actual Rows": 1,
            "Actual Loops": 1,
            "Output": [
                "count(*)"
            ],
            "Plans": [
                {
                    "Node Type": "Bitmap Heap Scan",
                    "Parent Relationship": "Outer",
                    "Parallel Aware": false,
                    "Relation Name": "movie_keyword",
                    "Schema": "public",
                    "Alias": "mk",
                    "Startup Cost": 264.39,
                    "Total Cost": 21100.27,
                    "Plan Rows": 12382,
                    "Plan Width": 0,
                    "Actual Startup Time": 1.352,
                    "Actual Total Time": 8.472,
                    "Actual Rows": 9735,
                    "Actual Loops": 1,
                    "Recheck Cond": "(mk.keyword_id > 125320)",
                    "Rows Removed by Index Recheck": 0,
                    "Exact Heap Blocks": 3049,
                    "Lossy Heap Blocks": 0,
                    "Plans": [
                        {
                            "Node Type": "Bitmap Index Scan",
                            "Parent Relationship": "Outer",
                            "Parallel Aware": false,
                            "Index Name": "keyword_id_movie_keyword",
                            "Startup Cost": 0.0,
                            "Total Cost": 261.3,
                            "Plan Rows": 12382,
                            "Plan Width": 0,
                            "Actual Startup Time": 0.812,
                            "Actual Total Time": 0.812,
                            "Actual Rows": 9735,
                            "Actual Loops": 1,
                            "Index Cond": "(mk.keyword_id > 125320)"
                        }
                    ]
                }
            ]
        },
        "Planning Time": 220.345,
        "Triggers": [],
        "Execution Time": 9.307
    }
]