[
  {
    "Plan": {
      "Node Type": "Aggregate",
      "Strategy": "Plain",
      "Partial Mode": "Finalize",
      "Parallel Aware": false,
      "Startup Cost": 46644.91,
      "Total Cost": 46644.92,
      "Plan Rows": 1,
      "Plan Width": 8,
      "Actual Startup Time": 88.437,
      "Actual Total Time": 100.289,
      "Actual Rows": 1,
      "Actual Loops": 1,
      "Plans": [
        {
          "Node Type": "Gather",
          "Parent Relationship": "Outer",
          "Parallel Aware": false,
          "Startup Cost": 46644.49,
          "Total Cost": 46644.9,
          "Plan Rows": 4,
          "Plan Width": 8,
          "Actual Startup Time": 88.249,
          "Actual Total Time": 100.278,
          "Actual Rows": 5,
          "Actual Loops": 1,
          "Workers Planned": 4,
          "Workers Launched": 4,
          "Single Copy": false,
          "Plans": [
            {
              "Node Type": "Aggregate",
              "Strategy": "Plain",
              "Partial Mode": "Partial",
              "Parent Relationship": "Outer",
              "Parallel Aware": false,
              "Startup Cost": 45644.49,
              "Total Cost": 45644.5,
              "Plan Rows": 1,
              "Plan Width": 8,
              "Actual Startup Time": 81.605,
              "Actual Total Time": 81.607,
              "Actual Rows": 1,
              "Actual Loops": 5,
              "Plans": [
                {
                  "Node Type": "Seq Scan",
                  "Parent Relationship": "Outer",
                  "Parallel Aware": true,
                  "Relation Name": "title",
                  "Alias": "t",
                  "Startup Cost": 0.0,
                  "Total Cost": 45479.59,
                  "Plan Rows": 65960,
                  "Plan Width": 0,
                  "Actual Startup Time": 35.793,
                  "Actual Total Time": 79.397,
                  "Actual Rows": 43256,
                  "Actual Loops": 5,
                  "Filter": "((kind_id < 2) AND (production_year > 2005))",
                  "Rows Removed by Filter": 462406
                }
              ]
            }
          ]
        }
      ]
    },
    "Planning Time": 0.187,
    "Triggers": [],
    "Execution Time": 100.348
  }
]