{
  "Plan": {
    "Node Type": "Aggregate",
    "Strategy": "Plain",
    "Partial Mode": "Finalize",
    "Parallel Aware": false,
    "Startup Cost": 556475.49,
    "Total Cost": 556475.5,
    "Plan Rows": 1,
    "Plan Width": 8,
    "Actual Startup Time": 2319.652,
    "Actual Total Time": 2403.797,
    "Actual Rows": 1,
    "Actual Loops": 1,
    "Plans": [
      {
        "Node Type": "Gather",
        "Parent Relationship": "Outer",
        "Parallel Aware": false,
        "Startup Cost": 556475.38,
        "Total Cost": 556475.49,
        "Plan Rows": 1,
        "Plan Width": 8,
        "Actual Startup Time": 2319.414,
        "Actual Total Time": 2403.788,
        "Actual Rows": 2,
        "Actual Loops": 1,
        "Workers Planned": 1,
        "Workers Launched": 1,
        "Single Copy": false,
        "Plans": [
          {
            "Node Type": "Aggregate",
            "Strategy": "Plain",
            "Partial Mode": "Partial",
            "Parent Relationship": "Outer",
            "Parallel Aware": false,
            "Startup Cost": 555475.38,
            "Total Cost": 555475.39,
            "Plan Rows": 1,
            "Plan Width": 8,
            "Actual Startup Time": 2313.365,
            "Actual Total Time": 2313.369,
            "Actual Rows": 1,
            "Actual Loops": 2,
            "Plans": [
              {
                "Node Type": "Nested Loop",
                "Parent Relationship": "Outer",
                "Parallel Aware": false,
                "Join Type": "Inner",
                "Startup Cost": 58606.12,
                "Total Cost": 554391.35,
                "Plan Rows": 433609,
                "Plan Width": 0,
                "Actual Startup Time": 142.188,
                "Actual Total Time": 2299.041,
                "Actual Rows": 283791,
                "Actual Loops": 2,
                "Inner Unique": false,
                "Join Filter": "(t.id = ci.movie_id)",
                "Rows Removed by Join Filter": 0,
                "Plans": [
                  {
                    "Node Type": "Hash Join",
                    "Parent Relationship": "Outer",
                    "Parallel Aware": true,
                    "Join Type": "Inner",
                    "Startup Cost": 58605.56,
                    "Total Cost": 330389.04,
                    "Plan Rows": 139908,
                    "Plan Width": 8,
                    "Actual Startup Time": 142.098,
                    "Actual Total Time": 1400.347,
                    "Actual Rows": 51839,
                    "Actual Loops": 2,
                    "Inner Unique": true,
                    "Hash Cond": "(mi.movie_id = t.id)",
                    "Plans": [
                      {
                        "Node Type": "Seq Scan",
                        "Parent Relationship": "Outer",
                        "Parallel Aware": true,
                        "Relation Name": "movie_info",
                        "Alias": "mi",
                        "Startup Cost": 0.0,
                        "Total Cost": 248955.74,
                        "Plan Rows": 8696274,
                        "Plan Width": 4,
                        "Actual Startup Time": 0.008,
                        "Actual Total Time": 569.105,
                        "Actual Rows": 7417860,
                        "Actual Loops": 2
                      },
                      {
                        "Node Type": "Hash",
                        "Parent Relationship": "Inner",
                        "Parallel Aware": true,
                        "Startup Cost": 58306.47,
                        "Total Cost": 58306.47,
                        "Plan Rows": 23927,
                        "Plan Width": 4,
                        "Actual Startup Time": 140.244,
                        "Actual Total Time": 140.245,
                        "Actual Rows": 21926,
                        "Actual Loops": 2,
                        "Hash Buckets": 65536,
                        "Original Hash Buckets": 65536,
                        "Hash Batches": 1,
                        "Original Hash Batches": 1,
                        "Peak Memory Usage": 2240,
                        "Plans": [
                          {
                            "Node Type": "Seq Scan",
                            "Parent Relationship": "Outer",
                            "Parallel Aware": true,
                            "Relation Name": "title",
                            "Alias": "t",
                            "Startup Cost": 0.0,
                            "Total Cost": 58306.47,
                            "Plan Rows": 23927,
                            "Plan Width": 4,
                            "Actual Startup Time": 0.053,
                            "Actual Total Time": 133.618,
                            "Actual Rows": 21926,
                            "Actual Loops": 2,
                            "Filter": "((kind_id = 7) AND (production_year = 2003))",
                            "Rows Removed by Filter": 1242230
                          }
                        ]
                      }
                    ]
                  },
                  {
                    "Node Type": "Index Scan",
                    "Parent Relationship": "Inner",
                    "Parallel Aware": false,
                    "Scan Direction": "Forward",
                    "Index Name": "movie_id_cast_info",
                    "Relation Name": "cast_info",
                    "Alias": "ci",
                    "Startup Cost": 0.56,
                    "Total Cost": 1.5,
                    "Plan Rows": 8,
                    "Plan Width": 4,
                    "Actual Startup Time": 0.004,
                    "Actual Total Time": 0.017,
                    "Actual Rows": 5,
                    "Actual Loops": 103678,
                    "Index Cond": "(movie_id = mi.movie_id)",
                    "Rows Removed by Index Recheck": 0,
                    "Filter": "((person_id < 899306) AND (role_id < 10))",
                    "Rows Removed by Filter": 19
                  }
                ]
              }
            ]
          }
        ]
      }
    ]
  },
  "Planning Time": 0.988,
  "Triggers": [],
  "Execution Time": 2403.905
}