{
  "Plan": {
    "Node Type": "Aggregate",
    "Strategy": "Plain",
    "Partial Mode": "Finalize",
    "Parallel Aware": false,
    "Startup Cost": 159273.64,
    "Total Cost": 159273.65,
    "Plan Rows": 1,
    "Plan Width": 8,
    "Actual Startup Time": 1488.742,
    "Actual Total Time": 1514.322,
    "Actual Rows": 1,
    "Actual Loops": 1,
    "Plans": [
      {
        "Node Type": "Gather",
        "Parent Relationship": "Outer",
        "Parallel Aware": false,
        "Startup Cost": 159273.52,
        "Total Cost": 159273.63,
        "Plan Rows": 1,
        "Plan Width": 8,
        "Actual Startup Time": 1480.66,
        "Actual Total Time": 1514.312,
        "Actual Rows": 2,
        "Actual Loops": 1,
        "Workers Planned": 1,
        "Workers Launched": 1,
        "Single Copy": false,
        "Plans": [
          {
            "Node Type": "Aggregate",
            "Strategy": "Plain",
            "Partial Mode": "Partial",
            "Parent Relationship": "Outer",
            "Parallel Aware": false,
            "Startup Cost": 158273.52,
            "Total Cost": 158273.53,
            "Plan Rows": 1,
            "Plan Width": 8,
            "Actual Startup Time": 1474.462,
            "Actual Total Time": 1474.469,
            "Actual Rows": 1,
            "Actual Loops": 2,
            "Plans": [
              {
                "Node Type": "Hash Join",
                "Parent Relationship": "Outer",
                "Parallel Aware": true,
                "Join Type": "Inner",
                "Startup Cost": 115454.54,
                "Total Cost": 157400.94,
                "Plan Rows": 349034,
                "Plan Width": 0,
                "Actual Startup Time": 868.533,
                "Actual Total Time": 1361.143,
                "Actual Rows": 2278410,
                "Actual Loops": 2,
                "Inner Unique": false,
                "Hash Cond": "(mc.movie_id = t.id)",
                "Plans": [
                  {
                    "Node Type": "Seq Scan",
                    "Parent Relationship": "Outer",
                    "Parallel Aware": true,
                    "Relation Name": "movie_companies",
                    "Alias": "mc",
                    "Startup Cost": 0.0,
                    "Total Cost": 34137.82,
                    "Plan Rows": 1534782,
                    "Plan Width": 4,
                    "Actual Startup Time": 0.017,
                    "Actual Total Time": 113.841,
                    "Actual Rows": 1304564,
                    "Actual Loops": 2
                  },
                  {
                    "Node Type": "Hash",
                    "Parent Relationship": "Inner",
                    "Parallel Aware": true,
                    "Startup Cost": 111226.78,
                    "Total Cost": 111226.78,
                    "Plan Rows": 338221,
                    "Plan Width": 8,
                    "Actual Startup Time": 846.412,
                    "Actual Total Time": 846.416,
                    "Actual Rows": 281658,
                    "Actual Loops": 2,
                    "Hash Buckets": 1048576,
                    "Original Hash Buckets": 1048576,
                    "Hash Batches": 1,
                    "Original Hash Batches": 1,
                    "Peak Memory Usage": 30272,
                    "Plans": [
                      {
                        "Node Type": "Hash Join",
                        "Parent Relationship": "Outer",
                        "Parallel Aware": true,
                        "Join Type": "Inner",
                        "Startup Cost": 81657.19,
                        "Total Cost": 111226.78,
                        "Plan Rows": 338221,
                        "Plan Width": 8,
                        "Actual Startup Time": 617.688,
                        "Actual Total Time": 780.928,
                        "Actual Rows": 281658,
                        "Actual Loops": 2,
                        "Inner Unique": true,
                        "Hash Cond": "(mk.movie_id = t.id)",
                        "Plans": [
                          {
                            "Node Type": "Bitmap Heap Scan",
                            "Parent Relationship": "Outer",
                            "Parallel Aware": true,
                            "Relation Name": "movie_keyword",
                            "Alias": "mk",
                            "Startup Cost": 12196.49,
                            "Total Cost": 40878.25,
                            "Plan Rows": 338221,
                            "Plan Width": 4,
                            "Actual Startup Time": 33.207,
                            "Actual Total Time": 112.836,
                            "Actual Rows": 281658,
                            "Actual Loops": 2,
                            "Recheck Cond": "(keyword_id > 32586)",
                            "Rows Removed by Index Recheck": 0,
                            "Exact Heap Blocks": 14770,
                            "Lossy Heap Blocks": 0,
                            "Plans": [
                              {
                                "Node Type": "Bitmap Index Scan",
                                "Parent Relationship": "Outer",
                                "Parallel Aware": false,
                                "Index Name": "keyword_id_movie_keyword",
                                "Startup Cost": 0.0,
                                "Total Cost": 12052.75,
                                "Plan Rows": 574975,
                                "Plan Width": 0,
                                "Actual Startup Time": 29.738,
                                "Actual Total Time": 29.738,
                                "Actual Rows": 563317,
                                "Actual Loops": 1,
                                "Index Cond": "(keyword_id > 32586)"
                              }
                            ]
                          },
                          {
                            "Node Type": "Hash",
                            "Parent Relationship": "Inner",
                            "Parallel Aware": true,
                            "Startup Cost": 50870.31,
                            "Total Cost": 50870.31,
                            "Plan Rows": 1487231,
                            "Plan Width": 4,
                            "Actual Startup Time": 568.342,
                            "Actual Total Time": 568.343,
                            "Actual Rows": 1264156,
                            "Actual Loops": 2,
                            "Hash Buckets": 4194304,
                            "Original Hash Buckets": 4194304,
                            "Hash Batches": 1,
                            "Original Hash Batches": 1,
                            "Peak Memory Usage": 131680,
                            "Plans": [
                              {
                                "Node Type": "Seq Scan",
                                "Parent Relationship": "Outer",
                                "Parallel Aware": true,
                                "Relation Name": "title",
                                "Alias": "t",
                                "Startup Cost": 0.0,
                                "Total Cost": 50870.31,
                                "Plan Rows": 1487231,
                                "Plan Width": 4,
                                "Actual Startup Time": 0.036,
                                "Actual Total Time": 176.798,
                                "Actual Rows": 1264156,
                                "Actual Loops": 2
                              }
                            ]
                          }
                        ]
                      }
                    ]
                  }
                ]
              }
            ]
          }
        ]
      }
    ]
  },
  "Planning Time": 1.131,
  "Triggers": [],
  "Execution Time": 1514.429
}