[
  {
    "Plan": {
      "Node Type": "Aggregate",
      "Strategy": "Plain",
      "Partial Mode": "Finalize",
      "Parallel Aware": false,
      "Startup Cost": 206980.19,
      "Total Cost": 206980.2,
      "Plan Rows": 1,
      "Plan Width": 8,
      "Actual Startup Time": 344.137,
      "Actual Total Time": 380.766,
      "Actual Rows": 1,
      "Actual Loops": 1,
      "Plans": [
        {
          "Node Type": "Gather",
          "Parent Relationship": "Outer",
          "Parallel Aware": false,
          "Startup Cost": 206979.77,
          "Total Cost": 206980.18,
          "Plan Rows": 4,
          "Plan Width": 8,
          "Actual Startup Time": 342.965,
          "Actual Total Time": 380.758,
          "Actual Rows": 5,
          "Actual Loops": 1,
          "Workers Planned": 4,
          "Workers Launched": 4,
          "Single Copy": false,
          "Plans": [
            {
              "Node Type": "Aggregate",
              "Strategy": "Plain",
              "Partial Mode": "Partial",
              "Parent Relationship": "Outer",
              "Parallel Aware": false,
              "Startup Cost": 205979.77,
              "Total Cost": 205979.78,
              "Plan Rows": 1,
              "Plan Width": 8,
              "Actual Startup Time": 332.464,
              "Actual Total Time": 332.467,
              "Actual Rows": 1,
              "Actual Loops": 5,
              "Plans": [
                {
                  "Node Type": "Nested Loop",
                  "Parent Relationship": "Outer",
                  "Parallel Aware": false,
                  "Join Type": "Inner",
                  "Startup Cost": 33307.93,
                  "Total Cost": 205899.17,
                  "Plan Rows": 32238,
                  "Plan Width": 0,
                  "Actual Startup Time": 170.457,
                  "Actual Total Time": 331.613,
                  "Actual Rows": 7489,
                  "Actual Loops": 5,
                  "Inner Unique": false,
                  "Plans": [
                    {
                      "Node Type": "Hash Join",
                      "Parent Relationship": "Outer",
                      "Parallel Aware": true,
                      "Join Type": "Inner",
                      "Startup Cost": 33307.49,
                      "Total Cost": 80736.58,
                      "Plan Rows": 64659,
                      "Plan Width": 8,
                      "Actual Startup Time": 170.281,
                      "Actual Total Time": 211.086,
                      "Actual Rows": 7388,
                      "Actual Loops": 5,
                      "Inner Unique": false,
                      "Hash Cond": "(t.id = mc.movie_id)",
                      "Plans": [
                        {
                          "Node Type": "Seq Scan",
                          "Parent Relationship": "Outer",
                          "Parallel Aware": true,
                          "Relation Name": "title",
                          "Alias": "t",
                          "Startup Cost": 0.0,
                          "Total Cost": 45479.1,
                          "Plan Rows": 348282,
                          "Plan Width": 4,
                          "Actual Startup Time": 0.014,
                          "Actual Total Time": 79.583,
                          "Actual Rows": 300717,
                          "Actual Loops": 5,
                          "Filter": "((kind_id > 2) AND (production_year > 1977))",
                          "Rows Removed by Filter": 204946
                        },
                        {
                          "Node Type": "Hash",
                          "Parent Relationship": "Inner",
                          "Parallel Aware": true,
                          "Startup Cost": 31414.82,
                          "Total Cost": 31414.82,
                          "Plan Rows": 151414,
                          "Plan Width": 4,
                          "Actual Startup Time": 78.738,
                          "Actual Total Time": 78.738,
                          "Actual Rows": 32133,
                          "Actual Loops": 5,
                          "Hash Buckets": 524288,
                          "Original Hash Buckets": 524288,
                          "Hash Batches": 1,
                          "Original Hash Batches": 1,
                          "Peak Memory Usage": 10464,
                          "Plans": [
                            {
                              "Node Type": "Seq Scan",
                              "Parent Relationship": "Outer",
                              "Parallel Aware": true,
                              "Relation Name": "movie_companies",
                              "Alias": "mc",
                              "Startup Cost": 0.0,
                              "Total Cost": 31414.82,
                              "Plan Rows": 151414,
                              "Plan Width": 4,
                              "Actual Startup Time": 20.579,
                              "Actual Total Time": 66.992,
                              "Actual Rows": 32133,
                              "Actual Loops": 5,
                              "Filter": "((company_id > 17912) AND (company_type_id < 2))",
                              "Rows Removed by Filter": 489693
                            }
                          ]
                        }
                      ]
                    },
                    {
                      "Node Type": "Index Scan",
                      "Parent Relationship": "Inner",
                      "Parallel Aware": false,
                      "Scan Direction": "Forward",
                      "Index Name": "movie_id_movie_info",
                      "Relation Name": "movie_info",
                      "Alias": "mi",
                      "Startup Cost": 0.43,
                      "Total Cost": 1.9,
                      "Plan Rows": 4,
                      "Plan Width": 4,
                      "Actual Startup Time": 0.013,
                      "Actual Total Time": 0.016,
                      "Actual Rows": 1,
                      "Actual Loops": 36938,
                      "Index Cond": "(movie_id = t.id)",
                      "Rows Removed by Index Recheck": 0,
                      "Filter": "(info_type_id = 2)",
                      "Rows Removed by Filter": 9
                    }
                  ]
                }
              ]
            }
          ]
        }
      ]
    },
    "Planning Time": 1.52,
    "Triggers": [],
    "Execution Time": 380.868
  }
]