{
  "Plan": {
    "Node Type": "Aggregate",
    "Strategy": "Plain",
    "Partial Mode": "Simple",
    "Parallel Aware": false,
    "Startup Cost": 517266.42,
    "Total Cost": 517266.43,
    "Plan Rows": 1,
    "Plan Width": 192,
    "Actual Startup Time": 647.82,
    "Actual Total Time": 647.841,
    "Actual Rows": 1,
    "Actual Loops": 1,
    "Plans": [
      {
        "Node Type": "Merge Join",
        "Parent Relationship": "Outer",
        "Parallel Aware": false,
        "Join Type": "Inner",
        "Startup Cost": 504805.23,
        "Total Cost": 517266.4,
        "Plan Rows": 1,
        "Plan Width": 84,
        "Actual Startup Time": 618.314,
        "Actual Total Time": 647.825,
        "Actual Rows": 4,
        "Actual Loops": 1,
        "Inner Unique": false,
        "Merge Cond": "(cn2.id = mc2.company_id)",
        "Plans": [
          {
            "Node Type": "Index Scan",
            "Parent Relationship": "Outer",
            "Parallel Aware": false,
            "Scan Direction": "Forward",
            "Index Name": "company_name_pkey",
            "Relation Name": "company_name",
            "Alias": "cn2",
            "Startup Cost": 0.42,
            "Total Cost": 11881.93,
            "Plan Rows": 234997,
            "Plan Width": 23,
            "Actual Startup Time": 0.014,
            "Actual Total Time": 25.335,
            "Actual Rows": 71404,
            "Actual Loops": 1
          },
          {
            "Node Type": "Sort",
            "Parent Relationship": "Inner",
            "Parallel Aware": false,
            "Startup Cost": 504804.81,
            "Total Cost": 504804.82,
            "Plan Rows": 1,
            "Plan Width": 69,
            "Actual Startup Time": 618.278,
            "Actual Total Time": 618.297,
            "Actual Rows": 4,
            "Actual Loops": 1,
            "Sort Key": [
              "mc2.company_id"
            ],
            "Sort Method": "quicksort",
            "Sort Space Used": 25,
            "Sort Space Type": "Memory",
            "Plans": [
              {
                "Node Type": "Merge Join",
                "Parent Relationship": "Outer",
                "Parallel Aware": false,
                "Join Type": "Inner",
                "Startup Cost": 357877.63,
                "Total Cost": 504804.8,
                "Plan Rows": 1,
                "Plan Width": 69,
                "Actual Startup Time": 618.266,
                "Actual Total Time": 618.288,
                "Actual Rows": 4,
                "Actual Loops": 1,
                "Inner Unique": false,
                "Merge Cond": "(mc2.movie_id = t2.id)",
                "Plans": [
                  {
                    "Node Type": "Index Scan",
                    "Parent Relationship": "Outer",
                    "Parallel Aware": false,
                    "Scan Direction": "Forward",
                    "Index Name": "movie_id_movie_companies",
                    "Relation Name": "movie_companies",
                    "Alias": "mc2",
                    "Startup Cost": 0.43,
                    "Total Cost": 140404.76,
                    "Plan Rows": 2609129,
                    "Plan Width": 8,
                    "Actual Startup Time": 0.013,
                    "Actual Total Time": 2.782,
                    "Actual Rows": 15063,
                    "Actual Loops": 1
                  },
                  {
                    "Node Type": "Sort",
                    "Parent Relationship": "Inner",
                    "Parallel Aware": false,
                    "Startup Cost": 357877.2,
                    "Total Cost": 357877.2,
                    "Plan Rows": 1,
                    "Plan Width": 77,
                    "Actual Startup Time": 614.596,
                    "Actual Total Time": 614.614,
                    "Actual Rows": 1,
                    "Actual Loops": 1,
                    "Sort Key": [
                      "ml.linked_movie_id"
                    ],
                    "Sort Method": "quicksort",
                    "Sort Space Used": 25,
                    "Sort Space Type": "Memory",
                    "Plans": [
                      {
                        "Node Type": "Merge Join",
                        "Parent Relationship": "Outer",
                        "Parallel Aware": false,
                        "Join Type": "Inner",
                        "Startup Cost": 357865.97,
                        "Total Cost": 357877.19,
                        "Plan Rows": 1,
                        "Plan Width": 77,
                        "Actual Startup Time": 614.447,
                        "Actual Total Time": 614.608,
                        "Actual Rows": 1,
                        "Actual Loops": 1,
                        "Inner Unique": true,
                        "Merge Cond": "(mc1.company_id = cn1.id)",
                        "Plans": [
                          {
                            "Node Type": "Sort",
                            "Parent Relationship": "Outer",
                            "Parallel Aware": false,
                            "Startup Cost": 351808.86,
                            "Total Cost": 351808.87,
                            "Plan Rows": 1,
                            "Plan Width": 62,
                            "Actual Startup Time": 593.194,
                            "Actual Total Time": 593.211,
                            "Actual Rows": 4,
                            "Actual Loops": 1,
                            "Sort Key": [
                              "mc1.company_id"
                            ],
                            "Sort Method": "quicksort",
                            "Sort Space Used": 25,
                            "Sort Space Type": "Memory",
                            "Plans": [
                              {
                                "Node Type": "Merge Join",
                                "Parent Relationship": "Outer",
                                "Parallel Aware": false,
                                "Join Type": "Inner",
                                "Startup Cost": 204881.68,
                                "Total Cost": 351808.85,
                                "Plan Rows": 1,
                                "Plan Width": 62,
                                "Actual Startup Time": 588.224,
                                "Actual Total Time": 593.204,
                                "Actual Rows": 4,
                                "Actual Loops": 1,
                                "Inner Unique": false,
                                "Merge Cond": "(mc1.movie_id = t1.id)",
                                "Plans": [
                                  {
                                    "Node Type": "Index Scan",
                                    "Parent Relationship": "Outer",
                                    "Parallel Aware": false,
                                    "Scan Direction": "Forward",
                                    "Index Name": "movie_id_movie_companies",
                                    "Relation Name": "movie_companies",
                                    "Alias": "mc1",
                                    "Startup Cost": 0.43,
                                    "Total Cost": 140404.76,
                                    "Plan Rows": 2609129,
                                    "Plan Width": 8,
                                    "Actual Startup Time": 0.012,
                                    "Actual Total Time": 6.418,
                                    "Actual Rows": 33407,
                                    "Actual Loops": 1
                                  },
                                  {
                                    "Node Type": "Sort",
                                    "Parent Relationship": "Inner",
                                    "Parallel Aware": false,
                                    "Startup Cost": 204881.25,
                                    "Total Cost": 204881.25,
                                    "Plan Rows": 1,
                                    "Plan Width": 70,
                                    "Actual Startup Time": 584.729,
                                    "Actual Total Time": 584.745,
                                    "Actual Rows": 4,
                                    "Actual Loops": 1,
                                    "Sort Key": [
                                      "ml.movie_id"
                                    ],
                                    "Sort Method": "quicksort",
                                    "Sort Space Used": 25,
                                    "Sort Space Type": "Memory",
                                    "Plans": [
                                      {
                                        "Node Type": "Merge Join",
                                        "Parent Relationship": "Outer",
                                        "Parallel Aware": false,
                                        "Join Type": "Inner",
                                        "Startup Cost": 204881.22,
                                        "Total Cost": 204881.24,
                                        "Plan Rows": 1,
                                        "Plan Width": 70,
                                        "Actual Startup Time": 584.724,
                                        "Actual Total Time": 584.739,
                                        "Actual Rows": 2,
                                        "Actual Loops": 1,
                                        "Inner Unique": true,
                                        "Merge Cond": "(mi_idx1.info_type_id = it1.id)",
                                        "Plans": [
                                          {
                                            "Node Type": "Sort",
                                            "Parent Relationship": "Outer",
                                            "Parallel Aware": false,
                                            "Startup Cost": 204878.79,
                                            "Total Cost": 204878.8,
                                            "Plan Rows": 1,
                                            "Plan Width": 74,
                                            "Actual Startup Time": 584.709,
                                            "Actual Total Time": 584.722,
                                            "Actual Rows": 6,
                                            "Actual Loops": 1,
                                            "Sort Key": [
                                              "mi_idx1.info_type_id"
                                            ],
                                            "Sort Method": "quicksort",
                                            "Sort Space Used": 25,
                                            "Sort Space Type": "Memory",
                                            "Plans": [
                                              {
                                                "Node Type": "Merge Join",
                                                "Parent Relationship": "Outer",
                                                "Parallel Aware": false,
                                                "Join Type": "Inner",
                                                "Startup Cost": 204878.76,
                                                "Total Cost": 204878.78,
                                                "Plan Rows": 1,
                                                "Plan Width": 74,
                                                "Actual Startup Time": 584.701,
                                                "Actual Total Time": 584.715,
                                                "Actual Rows": 6,
                                                "Actual Loops": 1,
                                                "Inner Unique": true,
                                                "Merge Cond": "(t1.kind_id = kt1.id)",
                                                "Plans": [
                                                  {
                                                    "Node Type": "Sort",
                                                    "Parent Relationship": "Outer",
                                                    "Parallel Aware": false,
                                                    "Startup Cost": 204877.66,
                                                    "Total Cost": 204877.66,
                                                    "Plan Rows": 1,
                                                    "Plan Width": 78,
                                                    "Actual Startup Time": 584.689,
                                                    "Actual Total Time": 584.7,
                                                    "Actual Rows": 6,
                                                    "Actual Loops": 1,
                                                    "Sort Key": [
                                                      "t1.kind_id"
                                                    ],
                                                    "Sort Method": "quicksort",
                                                    "Sort Space Used": 25,
                                                    "Sort Space Type": "Memory",
                                                    "Plans": [
                                                      {
                                                        "Node Type": "Merge Join",
                                                        "Parent Relationship": "Outer",
                                                        "Parallel Aware": false,
                                                        "Join Type": "Inner",
                                                        "Startup Cost": 204877.63,
                                                        "Total Cost": 204877.65,
                                                        "Plan Rows": 1,
                                                        "Plan Width": 78,
                                                        "Actual Startup Time": 584.68,
                                                        "Actual Total Time": 584.693,
                                                        "Actual Rows": 6,
                                                        "Actual Loops": 1,
                                                        "Inner Unique": true,
                                                        "Merge Cond": "(mi_idx2.info_type_id = it2.id)",
                                                        "Plans": [
                                                          {
                                                            "Node Type": "Sort",
                                                            "Parent Relationship": "Outer",
                                                            "Parallel Aware": false,
                                                            "Startup Cost": 204875.2,
                                                            "Total Cost": 204875.2,
                                                            "Plan Rows": 2,
                                                            "Plan Width": 82,
                                                            "Actual Startup Time": 584.643,
                                                            "Actual Total Time": 584.655,
                                                            "Actual Rows": 48,
                                                            "Actual Loops": 1,
                                                            "Sort Key": [
                                                              "mi_idx2.info_type_id"
                                                            ],
                                                            "Sort Method": "quicksort",
                                                            "Sort Space Used": 32,
                                                            "Sort Space Type": "Memory",
                                                            "Plans": [
                                                              {
                                                                "Node Type": "Merge Join",
                                                                "Parent Relationship": "Outer",
                                                                "Parallel Aware": false,
                                                                "Join Type": "Inner",
                                                                "Startup Cost": 138957.6,
                                                                "Total Cost": 204875.19,
                                                                "Plan Rows": 2,
                                                                "Plan Width": 82,
                                                                "Actual Startup Time": 486.618,
                                                                "Actual Total Time": 584.622,
                                                                "Actual Rows": 48,
                                                                "Actual Loops": 1,
                                                                "Inner Unique": false,
                                                                "Merge Cond": "(t1.id = mi_idx1.movie_id)",
                                                                "Plans": [
                                                                  {
                                                                    "Node Type": "Merge Join",
                                                                    "Parent Relationship": "Outer",
                                                                    "Parallel Aware": false,
                                                                    "Join Type": "Inner",
                                                                    "Startup Cost": 138957.17,
                                                                    "Total Cost": 147802.34,
                                                                    "Plan Rows": 3,
                                                                    "Plan Width": 68,
                                                                    "Actual Startup Time": 485.841,
                                                                    "Actual Total Time": 573.965,
                                                                    "Actual Rows": 21,
                                                                    "Actual Loops": 1,
                                                                    "Inner Unique": false,
                                                                    "Merge Cond": "(t1.id = ml.movie_id)",
                                                                    "Plans": [
                                                                      {
                                                                        "Node Type": "Index Scan",
                                                                        "Parent Relationship": "Outer",
                                                                        "Parallel Aware": false,
                                                                        "Scan Direction": "Forward",
                                                                        "Index Name": "title_pkey",
                                                                        "Relation Name": "title",
                                                                        "Alias": "t1",
                                                                        "Startup Cost": 0.43,
                                                                        "Total Cost": 110359.06,
                                                                        "Plan Rows": 2528509,
                                                                        "Plan Width": 25,
                                                                        "Actual Startup Time": 0.013,
                                                                        "Actual Total Time": 83.373,
                                                                        "Actual Rows": 186176,
                                                                        "Actual Loops": 1
                                                                      },
                                                                      {
                                                                        "Node Type": "Sort",
                                                                        "Parent Relationship": "Inner",
                                                                        "Parallel Aware": false,
                                                                        "Startup Cost": 138956.74,
                                                                        "Total Cost": 138956.75,
                                                                        "Plan Rows": 3,
                                                                        "Plan Width": 43,
                                                                        "Actual Startup Time": 479.096,
                                                                        "Actual Total Time": 479.108,
                                                                        "Actual Rows": 21,
                                                                        "Actual Loops": 1,
                                                                        "Sort Key": [
                                                                          "ml.movie_id"
                                                                        ],
                                                                        "Sort Method": "quicksort",
                                                                        "Sort Space Used": 27,
                                                                        "Sort Space Type": "Memory",
                                                                        "Plans": [
                                                                          {
                                                                            "Node Type": "Merge Join",
                                                                            "Parent Relationship": "Outer",
                                                                            "Parallel Aware": false,
                                                                            "Join Type": "Inner",
                                                                            "Startup Cost": 138956.57,
                                                                            "Total Cost": 138956.72,
                                                                            "Plan Rows": 3,
                                                                            "Plan Width": 43,
                                                                            "Actual Startup Time": 479.082,
                                                                            "Actual Total Time": 479.094,
                                                                            "Actual Rows": 21,
                                                                            "Actual Loops": 1,
                                                                            "Inner Unique": true,
                                                                            "Merge Cond": "(t2.kind_id = kt2.id)",
                                                                            "Plans": [
                                                                              {
                                                                                "Node Type": "Sort",
                                                                                "Parent Relationship": "Outer",
                                                                                "Parallel Aware": false,
                                                                                "Startup Cost": 138955.47,
                                                                                "Total Cost": 138955.53,
                                                                                "Plan Rows": 22,
                                                                                "Plan Width": 47,
                                                                                "Actual Startup Time": 479.054,
                                                                                "Actual Total Time": 479.061,
                                                                                "Actual Rows": 27,
                                                                                "Actual Loops": 1,
                                                                                "Sort Key": [
                                                                                  "t2.kind_id"
                                                                                ],
                                                                                "Sort Method": "quicksort",
                                                                                "Sort Space Used": 31,
                                                                                "Sort Space Type": "Memory",
                                                                                "Plans": [
                                                                                  {
                                                                                    "Node Type": "Merge Join",
                                                                                    "Parent Relationship": "Outer",
                                                                                    "Parallel Aware": false,
                                                                                    "Join Type": "Inner",
                                                                                    "Startup Cost": 79565.0,
                                                                                    "Total Cost": 138954.98,
                                                                                    "Plan Rows": 22,
                                                                                    "Plan Width": 47,
                                                                                    "Actual Startup Time": 240.245,
                                                                                    "Actual Total Time": 479.022,
                                                                                    "Actual Rows": 50,
                                                                                    "Actual Loops": 1,
                                                                                    "Inner Unique": false,
                                                                                    "Merge Cond": "(t2.id = mi_idx2.movie_id)",
                                                                                    "Plans": [
                                                                                      {
                                                                                        "Node Type": "Merge Join",
                                                                                        "Parent Relationship": "Outer",
                                                                                        "Parallel Aware": false,
                                                                                        "Join Type": "Inner",
                                                                                        "Startup Cost": 79564.57,
                                                                                        "Total Cost": 80184.72,
                                                                                        "Plan Rows": 81,
                                                                                        "Plan Width": 33,
                                                                                        "Actual Startup Time": 239.369,
                                                                                        "Actual Total Time": 262.773,
                                                                                        "Actual Rows": 37,
                                                                                        "Actual Loops": 1,
                                                                                        "Inner Unique": true,
                                                                                        "Merge Cond": "(ml.linked_movie_id = t2.id)",
                                                                                        "Plans": [
                                                                                          {
                                                                                            "Node Type": "Sort",
                                                                                            "Parent Relationship": "Outer",
                                                                                            "Parallel Aware": false,
                                                                                            "Startup Cost": 1618.42,
                                                                                            "Total Cost": 1622.58,
                                                                                            "Plan Rows": 1666,
                                                                                            "Plan Width": 8,
                                                                                            "Actual Startup Time": 4.102,
                                                                                            "Actual Total Time": 4.31,
                                                                                            "Actual Rows": 2315,
                                                                                            "Actual Loops": 1,
                                                                                            "Sort Key": [
                                                                                              "ml.linked_movie_id"
                                                                                            ],
                                                                                            "Sort Method": "quicksort",
                                                                                            "Sort Space Used": 205,
                                                                                            "Sort Space Type": "Memory",
                                                                                            "Plans": [
                                                                                              {
                                                                                                "Node Type": "Merge Join",
                                                                                                "Parent Relationship": "Outer",
                                                                                                "Parallel Aware": false,
                                                                                                "Join Type": "Inner",
                                                                                                "Startup Cost": 0.42,
                                                                                                "Total Cost": 1529.27,
                                                                                                "Plan Rows": 1666,
                                                                                                "Plan Width": 8,
                                                                                                "Actual Startup Time": 0.036,
                                                                                                "Actual Total Time": 2.636,
                                                                                                "Actual Rows": 2315,
                                                                                                "Actual Loops": 1,
                                                                                                "Inner Unique": true,
                                                                                                "Merge Cond": "(ml.link_type_id = lt.id)",
                                                                                                "Plans": [
                                                                                                  {
                                                                                                    "Node Type": "Index Scan",
                                                                                                    "Parent Relationship": "Outer",
                                                                                                    "Parallel Aware": false,
                                                                                                    "Scan Direction": "Forward",
                                                                                                    "Index Name": "link_type_id_movie_link",
                                                                                                    "Relation Name": "movie_link",
                                                                                                    "Alias": "ml",
                                                                                                    "Startup Cost": 0.29,
                                                                                                    "Total Cost": 1425.16,
                                                                                                    "Plan Rows": 29997,
                                                                                                    "Plan Width": 12,
                                                                                                    "Actual Startup Time": 0.021,
                                                                                                    "Actual Total Time": 1.454,
                                                                                                    "Actual Rows": 2316,
                                                                                                    "Actual Loops": 1
                                                                                                  },
                                                                                                  {
                                                                                                    "Node Type": "Index Scan",
                                                                                                    "Parent Relationship": "Inner",
                                                                                                    "Parallel Aware": false,
                                                                                                    "Scan Direction": "Forward",
                                                                                                    "Index Name": "link_type_pkey",
                                                                                                    "Relation Name": "link_type",
                                                                                                    "Alias": "lt",
                                                                                                    "Startup Cost": 0.14,
                                                                                                    "Total Cost": 12.45,
                                                                                                    "Plan Rows": 1,
                                                                                                    "Plan Width": 4,
                                                                                                    "Actual Startup Time": 0.012,
                                                                                                    "Actual Total Time": 0.027,
                                                                                                    "Actual Rows": 2,
                                                                                                    "Actual Loops": 1,
                                                                                                    "Filter": "((link)::text ~~ '%follow%'::text)",
                                                                                                    "Rows Removed by Filter": 16
                                                                                                  }
                                                                                                ]
                                                                                              }
                                                                                            ]
                                                                                          },
                                                                                          {
                                                                                            "Node Type": "Sort",
                                                                                            "Parent Relationship": "Inner",
                                                                                            "Parallel Aware": false,
                                                                                            "Startup Cost": 77946.09,
                                                                                            "Total Cost": 78252.04,
                                                                                            "Plan Rows": 122380,
                                                                                            "Plan Width": 25,
                                                                                            "Actual Startup Time": 235.156,
                                                                                            "Actual Total Time": 247.861,
                                                                                            "Actual Rows": 118939,
                                                                                            "Actual Loops": 1,
                                                                                            "Sort Key": [
                                                                                              "t2.id"
                                                                                            ],
                                                                                            "Sort Method": "quicksort",
                                                                                            "Sort Space Used": 12024,
                                                                                            "Sort Space Type": "Memory",
                                                                                            "Plans": [
                                                                                              {
                                                                                                "Node Type": "Seq Scan",
                                                                                                "Parent Relationship": "Outer",
                                                                                                "Parallel Aware": false,
                                                                                                "Relation Name": "title",
                                                                                                "Alias": "t2",
                                                                                                "Startup Cost": 0.0,
                                                                                                "Total Cost": 67604.36,
                                                                                                "Plan Rows": 122380,
                                                                                                "Plan Width": 25,
                                                                                                "Actual Startup Time": 0.051,
                                                                                                "Actual Total Time": 204.498,
                                                                                                "Actual Rows": 119565,
                                                                                                "Actual Loops": 1,
                                                                                                "Filter": "(production_year = 2007)",
                                                                                                "Rows Removed by Filter": 2408747
                                                                                              }
                                                                                            ]
                                                                                          }
                                                                                        ]
                                                                                      },
                                                                                      {
                                                                                        "Node Type": "Index Scan",
                                                                                        "Parent Relationship": "Inner",
                                                                                        "Parallel Aware": false,
                                                                                        "Scan Direction": "Forward",
                                                                                        "Index Name": "movie_id_movie_info_idx",
                                                                                        "Relation Name": "movie_info_idx",
                                                                                        "Alias": "mi_idx2",
                                                                                        "Startup Cost": 0.43,
                                                                                        "Total Cost": 57072.82,
                                                                                        "Plan Rows": 678805,
                                                                                        "Plan Width": 14,
                                                                                        "Actual Startup Time": 0.028,
                                                                                        "Actual Total Time": 187.398,
                                                                                        "Actual Rows": 619876,
                                                                                        "Actual Loops": 1,
                                                                                        "Filter": "(info < '3.0'::text)",
                                                                                        "Rows Removed by Filter": 648796
                                                                                      }
                                                                                    ]
                                                                                  }
                                                                                ]
                                                                              },
                                                                              {
                                                                                "Node Type": "Sort",
                                                                                "Parent Relationship": "Inner",
                                                                                "Parallel Aware": false,
                                                                                "Startup Cost": 1.1,
                                                                                "Total Cost": 1.1,
                                                                                "Plan Rows": 1,
                                                                                "Plan Width": 4,
                                                                                "Actual Startup Time": 0.023,
                                                                                "Actual Total Time": 0.025,
                                                                                "Actual Rows": 1,
                                                                                "Actual Loops": 1,
                                                                                "Sort Key": [
                                                                                  "kt2.id"
                                                                                ],
                                                                                "Sort Method": "quicksort",
                                                                                "Sort Space Used": 25,
                                                                                "Sort Space Type": "Memory",
                                                                                "Plans": [
                                                                                  {
                                                                                    "Node Type": "Seq Scan",
                                                                                    "Parent Relationship": "Outer",
                                                                                    "Parallel Aware": false,
                                                                                    "Relation Name": "kind_type",
                                                                                    "Alias": "kt2",
                                                                                    "Startup Cost": 0.0,
                                                                                    "Total Cost": 1.09,
                                                                                    "Plan Rows": 1,
                                                                                    "Plan Width": 4,
                                                                                    "Actual Startup Time": 0.014,
                                                                                    "Actual Total Time": 0.015,
                                                                                    "Actual Rows": 1,
                                                                                    "Actual Loops": 1,
                                                                                    "Filter": "((kind)::text = 'tv series'::text COLLATE \"C\")",
                                                                                    "Rows Removed by Filter": 6
                                                                                  }
                                                                                ]
                                                                              }
                                                                            ]
                                                                          }
                                                                        ]
                                                                      }
                                                                    ]
                                                                  },
                                                                  {
                                                                    "Node Type": "Index Scan",
                                                                    "Parent Relationship": "Inner",
                                                                    "Parallel Aware": false,
                                                                    "Scan Direction": "Forward",
                                                                    "Index Name": "movie_id_movie_info_idx",
                                                                    "Relation Name": "movie_info_idx",
                                                                    "Alias": "mi_idx1",
                                                                    "Startup Cost": 0.43,
                                                                    "Total Cost": 53622.74,
                                                                    "Plan Rows": 1380035,
                                                                    "Plan Width": 14,
                                                                    "Actual Startup Time": 0.016,
                                                                    "Actual Total Time": 6.892,
                                                                    "Actual Rows": 63919,
                                                                    "Actual Loops": 1
                                                                  }
                                                                ]
                                                              }
                                                            ]
                                                          },
                                                          {
                                                            "Node Type": "Sort",
                                                            "Parent Relationship": "Inner",
                                                            "Parallel Aware": false,
                                                            "Startup Cost": 2.42,
                                                            "Total Cost": 2.43,
                                                            "Plan Rows": 1,
                                                            "Plan Width": 4,
                                                            "Actual Startup Time": 0.028,
                                                            "Actual Total Time": 0.029,
                                                            "Actual Rows": 1,
                                                            "Actual Loops": 1,
                                                            "Sort Key": [
                                                              "it2.id"
                                                            ],
                                                            "Sort Method": "quicksort",
                                                            "Sort Space Used": 25,
                                                            "Sort Space Type": "Memory",
                                                            "Plans": [
                                                              {
                                                                "Node Type": "Seq Scan",
                                                                "Parent Relationship": "Outer",
                                                                "Parallel Aware": false,
                                                                "Relation Name": "info_type",
                                                                "Alias": "it2",
                                                                "Startup Cost": 0.0,
                                                                "Total Cost": 2.41,
                                                                "Plan Rows": 1,
                                                                "Plan Width": 4,
                                                                "Actual Startup Time": 0.02,
                                                                "Actual Total Time": 0.021,
                                                                "Actual Rows": 1,
                                                                "Actual Loops": 1,
                                                                "Filter": "((info)::text = 'rating'::text COLLATE \"C\")",
                                                                "Rows Removed by Filter": 112
                                                              }
                                                            ]
                                                          }
                                                        ]
                                                      }
                                                    ]
                                                  },
                                                  {
                                                    "Node Type": "Sort",
                                                    "Parent Relationship": "Inner",
                                                    "Parallel Aware": false,
                                                    "Startup Cost": 1.1,
                                                    "Total Cost": 1.1,
                                                    "Plan Rows": 1,
                                                    "Plan Width": 4,
                                                    "Actual Startup Time": 0.01,
                                                    "Actual Total Time": 0.01,
                                                    "Actual Rows": 1,
                                                    "Actual Loops": 1,
                                                    "Sort Key": [
                                                      "kt1.id"
                                                    ],
                                                    "Sort Method": "quicksort",
                                                    "Sort Space Used": 25,
                                                    "Sort Space Type": "Memory",
                                                    "Plans": [
                                                      {
                                                        "Node Type": "Seq Scan",
                                                        "Parent Relationship": "Outer",
                                                        "Parallel Aware": false,
                                                        "Relation Name": "kind_type",
                                                        "Alias": "kt1",
                                                        "Startup Cost": 0.0,
                                                        "Total Cost": 1.09,
                                                        "Plan Rows": 1,
                                                        "Plan Width": 4,
                                                        "Actual Startup Time": 0.005,
                                                        "Actual Total Time": 0.006,
                                                        "Actual Rows": 1,
                                                        "Actual Loops": 1,
                                                        "Filter": "((kind)::text = 'tv series'::text COLLATE \"C\")",
                                                        "Rows Removed by Filter": 6
                                                      }
                                                    ]
                                                  }
                                                ]
                                              }
                                            ]
                                          },
                                          {
                                            "Node Type": "Sort",
                                            "Parent Relationship": "Inner",
                                            "Parallel Aware": false,
                                            "Startup Cost": 2.42,
                                            "Total Cost": 2.43,
                                            "Plan Rows": 1,
                                            "Plan Width": 4,
                                            "Actual Startup Time": 0.013,
                                            "Actual Total Time": 0.013,
                                            "Actual Rows": 1,
                                            "Actual Loops": 1,
                                            "Sort Key": [
                                              "it1.id"
                                            ],
                                            "Sort Method": "quicksort",
                                            "Sort Space Used": 25,
                                            "Sort Space Type": "Memory",
                                            "Plans": [
                                              {
                                                "Node Type": "Seq Scan",
                                                "Parent Relationship": "Outer",
                                                "Parallel Aware": false,
                                                "Relation Name": "info_type",
                                                "Alias": "it1",
                                                "Startup Cost": 0.0,
                                                "Total Cost": 2.41,
                                                "Plan Rows": 1,
                                                "Plan Width": 4,
                                                "Actual Startup Time": 0.009,
                                                "Actual Total Time": 0.01,
                                                "Actual Rows": 1,
                                                "Actual Loops": 1,
                                                "Filter": "((info)::text = 'rating'::text COLLATE \"C\")",
                                                "Rows Removed by Filter": 112
                                              }
                                            ]
                                          }
                                        ]
                                      }
                                    ]
                                  }
                                ]
                              }
                            ]
                          },
                          {
                            "Node Type": "Sort",
                            "Parent Relationship": "Inner",
                            "Parallel Aware": false,
                            "Startup Cost": 6057.11,
                            "Total Cost": 6062.71,
                            "Plan Rows": 2240,
                            "Plan Width": 23,
                            "Actual Startup Time": 21.239,
                            "Actual Total Time": 21.316,
                            "Actual Rows": 1204,
                            "Actual Loops": 1,
                            "Sort Key": [
                              "cn1.id"
                            ],
                            "Sort Method": "quicksort",
                            "Sort Space Used": 261,
                            "Sort Space Type": "Memory",
                            "Plans": [
                              {
                                "Node Type": "Seq Scan",
                                "Parent Relationship": "Outer",
                                "Parallel Aware": false,
                                "Relation Name": "company_name",
                                "Alias": "cn1",
                                "Startup Cost": 0.0,
                                "Total Cost": 5932.46,
                                "Plan Rows": 2240,
                                "Plan Width": 23,
                                "Actual Startup Time": 0.017,
                                "Actual Total Time": 20.678,
                                "Actual Rows": 2340,
                                "Actual Loops": 1,
                                "Filter": "((country_code)::text = '[nl]'::text)",
                                "Rows Removed by Filter": 232657
                              }
                            ]
                          }
                        ]
                      }
                    ]
                  }
                ]
              }
            ]
          }
        ]
      }
    ]
  },
  "Planning Time": 4.51,
  "Triggers": [],
  "Execution Time": 648.115
}