{
  "Plan": {
    "Node Type": "Aggregate",
    "Strategy": "Plain",
    "Partial Mode": "Finalize",
    "Parallel Aware": false,
    "Startup Cost": 98553.27,
    "Total Cost": 98553.28,
    "Plan Rows": 1,
    "Plan Width": 8,
    "Actual Startup Time": 267.162,
    "Actual Total Time": 285.441,
    "Actual Rows": 1,
    "Actual Loops": 1,
    "Plans": [
      {
        "Node Type": "Gather",
        "Parent Relationship": "Outer",
        "Parallel Aware": false,
        "Startup Cost": 98553.15,
        "Total Cost": 98553.26,
        "Plan Rows": 1,
        "Plan Width": 8,
        "Actual Startup Time": 266.794,
        "Actual Total Time": 285.434,
        "Actual Rows": 2,
        "Actual Loops": 1,
        "Workers Planned": 1,
        "Workers Launched": 1,
        "Single Copy": false,
        "Plans": [
          {
            "Node Type": "Aggregate",
            "Strategy": "Plain",
            "Partial Mode": "Partial",
            "Parent Relationship": "Outer",
            "Parallel Aware": false,
            "Startup Cost": 97553.15,
            "Total Cost": 97553.16,
            "Plan Rows": 1,
            "Plan Width": 8,
            "Actual Startup Time": 260.829,
            "Actual Total Time": 260.834,
            "Actual Rows": 1,
            "Actual Loops": 2,
            "Plans": [
              {
                "Node Type": "Nested Loop",
                "Parent Relationship": "Outer",
                "Parallel Aware": false,
                "Join Type": "Inner",
                "Startup Cost": 62631.73,
                "Total Cost": 97511.13,
                "Plan Rows": 16809,
                "Plan Width": 0,
                "Actual Startup Time": 166.093,
                "Actual Total Time": 259.108,
                "Actual Rows": 38124,
                "Actual Loops": 2,
                "Inner Unique": false,
                "Join Filter": "(t.id = mi.movie_id)",
                "Rows Removed by Join Filter": 0,
                "Plans": [
                  {
                    "Node Type": "Hash Join",
                    "Parent Relationship": "Outer",
                    "Parallel Aware": true,
                    "Join Type": "Inner",
                    "Startup Cost": 62631.29,
                    "Total Cost": 83971.97,
                    "Plan Rows": 2875,
                    "Plan Width": 8,
                    "Actual Startup Time": 166.026,
                    "Actual Total Time": 222.277,
                    "Actual Rows": 1078,
                    "Actual Loops": 2,
                    "Inner Unique": true,
                    "Hash Cond": "(mc.movie_id = t.id)",
                    "Plans": [
                      {
                        "Node Type": "Bitmap Heap Scan",
                        "Parent Relationship": "Outer",
                        "Parallel Aware": true,
                        "Relation Name": "movie_companies",
                        "Alias": "mc",
                        "Startup Cost": 6214.26,
                        "Total Cost": 27112.26,
                        "Plan Rows": 168640,
                        "Plan Width": 4,
                        "Actual Startup Time": 14.646,
                        "Actual Total Time": 51.872,
                        "Actual Rows": 142658,
                        "Actual Loops": 2,
                        "Recheck Cond": "(company_id < 159)",
                        "Rows Removed by Index Recheck": 0,
                        "Exact Heap Blocks": 11557,
                        "Lossy Heap Blocks": 0,
                        "Plans": [
                          {
                            "Node Type": "Bitmap Index Scan",
                            "Parent Relationship": "Outer",
                            "Parallel Aware": false,
                            "Index Name": "company_id_movie_companies",
                            "Startup Cost": 0.0,
                            "Total Cost": 6142.59,
                            "Plan Rows": 286688,
                            "Plan Width": 0,
                            "Actual Startup Time": 12.055,
                            "Actual Total Time": 12.055,
                            "Actual Rows": 285317,
                            "Actual Loops": 1,
                            "Index Cond": "(company_id < 159)"
                          }
                        ]
                      },
                      {
                        "Node Type": "Hash",
                        "Parent Relationship": "Inner",
                        "Parallel Aware": true,
                        "Startup Cost": 56100.12,
                        "Total Cost": 56100.12,
                        "Plan Rows": 25353,
                        "Plan Width": 4,
                        "Actual Startup Time": 150.475,
                        "Actual Total Time": 150.476,
                        "Actual Rows": 18805,
                        "Actual Loops": 2,
                        "Hash Buckets": 65536,
                        "Original Hash Buckets": 65536,
                        "Hash Batches": 1,
                        "Original Hash Batches": 1,
                        "Peak Memory Usage": 2016,
                        "Plans": [
                          {
                            "Node Type": "Bitmap Heap Scan",
                            "Parent Relationship": "Outer",
                            "Parallel Aware": true,
                            "Relation Name": "title",
                            "Alias": "t",
                            "Startup Cost": 13449.73,
                            "Total Cost": 56100.12,
                            "Plan Rows": 25353,
                            "Plan Width": 4,
                            "Actual Startup Time": 50.777,
                            "Actual Total Time": 144.957,
                            "Actual Rows": 18805,
                            "Actual Loops": 2,
                            "Recheck Cond": "(kind_id < 3)",
                            "Rows Removed by Index Recheck": 0,
                            "Filter": "(production_year = 2010)",
                            "Rows Removed by Filter": 358034,
                            "Exact Heap Blocks": 27521,
                            "Lossy Heap Blocks": 0,
                            "Plans": [
                              {
                                "Node Type": "Bitmap Index Scan",
                                "Parent Relationship": "Outer",
                                "Parallel Aware": false,
                                "Index Name": "kind_id_title",
                                "Startup Cost": 0.0,
                                "Total Cost": 13438.96,
                                "Plan Rows": 753937,
                                "Plan Width": 0,
                                "Actual Startup Time": 49.949,
                                "Actual Total Time": 49.949,
                                "Actual Rows": 753677,
                                "Actual Loops": 1,
                                "Index Cond": "(kind_id < 3)"
                              }
                            ]
                          }
                        ]
                      }
                    ]
                  },
                  {
                    "Node Type": "Index Only Scan",
                    "Parent Relationship": "Inner",
                    "Parallel Aware": false,
                    "Scan Direction": "Forward",
                    "Index Name": "movie_id_movie_info",
                    "Relation Name": "movie_info",
                    "Alias": "mi",
                    "Startup Cost": 0.43,
                    "Total Cost": 4.18,
                    "Plan Rows": 42,
                    "Plan Width": 4,
                    "Actual Startup Time": 0.01,
                    "Actual Total Time": 0.031,
                    "Actual Rows": 35,
                    "Actual Loops": 2156,
                    "Index Cond": "(movie_id = mc.movie_id)",
                    "Rows Removed by Index Recheck": 0,
                    "Heap Fetches": 76247
                  }
                ]
              }
            ]
          }
        ]
      }
    ]
  },
  "Planning Time": 0.857,
  "Triggers": [],
  "Execution Time": 285.546
}