{
  "Plan": {
    "Node Type": "Aggregate",
    "Strategy": "Plain",
    "Partial Mode": "Finalize",
    "Parallel Aware": false,
    "Startup Cost": 126342.92,
    "Total Cost": 126342.93,
    "Plan Rows": 1,
    "Plan Width": 8,
    "Actual Startup Time": 979.244,
    "Actual Total Time": 1010.764,
    "Actual Rows": 1,
    "Actual Loops": 1,
    "Plans": [
      {
        "Node Type": "Gather",
        "Parent Relationship": "Outer",
        "Parallel Aware": false,
        "Startup Cost": 126342.81,
        "Total Cost": 126342.92,
        "Plan Rows": 1,
        "Plan Width": 8,
        "Actual Startup Time": 973.008,
        "Actual Total Time": 1010.752,
        "Actual Rows": 2,
        "Actual Loops": 1,
        "Workers Planned": 1,
        "Workers Launched": 1,
        "Single Copy": false,
        "Plans": [
          {
            "Node Type": "Aggregate",
            "Strategy": "Plain",
            "Partial Mode": "Partial",
            "Parent Relationship": "Outer",
            "Parallel Aware": false,
            "Startup Cost": 125342.81,
            "Total Cost": 125342.82,
            "Plan Rows": 1,
            "Plan Width": 8,
            "Actual Startup Time": 966.84,
            "Actual Total Time": 967.279,
            "Actual Rows": 1,
            "Actual Loops": 2,
            "Plans": [
              {
                "Node Type": "Hash Join",
                "Parent Relationship": "Outer",
                "Parallel Aware": true,
                "Join Type": "Inner",
                "Startup Cost": 105419.46,
                "Total Cost": 125096.37,
                "Plan Rows": 98576,
                "Plan Width": 0,
                "Actual Startup Time": 814.885,
                "Actual Total Time": 949.466,
                "Actual Rows": 350233,
                "Actual Loops": 2,
                "Inner Unique": false,
                "Hash Cond": "(mi_idx.movie_id = t.id)",
                "Plans": [
                  {
                    "Node Type": "Seq Scan",
                    "Parent Relationship": "Outer",
                    "Parallel Aware": true,
                    "Relation Name": "movie_info_idx",
                    "Alias": "mi_idx",
                    "Startup Cost": 0.0,
                    "Total Cost": 16052.85,
                    "Plan Rows": 811785,
                    "Plan Width": 4,
                    "Actual Startup Time": 0.027,
                    "Actual Total Time": 56.502,
                    "Actual Rows": 690018,
                    "Actual Loops": 2
                  },
                  {
                    "Node Type": "Hash",
                    "Parent Relationship": "Inner",
                    "Parallel Aware": true,
                    "Startup Cost": 103162.01,
                    "Total Cost": 103162.01,
                    "Plan Rows": 180596,
                    "Plan Width": 8,
                    "Actual Startup Time": 779.74,
                    "Actual Total Time": 780.178,
                    "Actual Rows": 151201,
                    "Actual Loops": 2,
                    "Hash Buckets": 524288,
                    "Original Hash Buckets": 524288,
                    "Hash Batches": 1,
                    "Original Hash Batches": 1,
                    "Peak Memory Usage": 15968,
                    "Plans": [
                      {
                        "Node Type": "Hash Join",
                        "Parent Relationship": "Outer",
                        "Parallel Aware": true,
                        "Join Type": "Inner",
                        "Startup Cost": 75976.49,
                        "Total Cost": 103162.01,
                        "Plan Rows": 180596,
                        "Plan Width": 8,
                        "Actual Startup Time": 633.446,
                        "Actual Total Time": 741.87,
                        "Actual Rows": 151201,
                        "Actual Loops": 2,
                        "Inner Unique": true,
                        "Hash Cond": "(mk.movie_id = t.id)",
                        "Plans": [
                          {
                            "Node Type": "Bitmap Heap Scan",
                            "Parent Relationship": "Outer",
                            "Parallel Aware": true,
                            "Relation Name": "movie_keyword",
                            "Alias": "mk",
                            "Startup Cost": 6515.79,
                            "Total Cost": 33227.25,
                            "Plan Rows": 180596,
                            "Plan Width": 4,
                            "Actual Startup Time": 20.501,
                            "Actual Total Time": 76.847,
                            "Actual Rows": 151201,
                            "Actual Loops": 2,
                            "Recheck Cond": "(keyword_id > 53664)",
                            "Rows Removed by Index Recheck": 0,
                            "Exact Heap Blocks": 9403,
                            "Lossy Heap Blocks": 0,
                            "Plans": [
                              {
                                "Node Type": "Bitmap Index Scan",
                                "Parent Relationship": "Outer",
                                "Parallel Aware": false,
                                "Index Name": "keyword_id_movie_keyword",
                                "Startup Cost": 0.0,
                                "Total Cost": 6439.04,
                                "Plan Rows": 307014,
                                "Plan Width": 0,
                                "Actual Startup Time": 17.295,
                                "Actual Total Time": 17.295,
                                "Actual Rows": 302402,
                                "Actual Loops": 1,
                                "Index Cond": "(keyword_id > 53664)"
                              }
                            ]
                          },
                          {
                            "Node Type": "Hash",
                            "Parent Relationship": "Inner",
                            "Parallel Aware": true,
                            "Startup Cost": 50870.31,
                            "Total Cost": 50870.31,
                            "Plan Rows": 1487231,
                            "Plan Width": 4,
                            "Actual Startup Time": 593.041,
                            "Actual Total Time": 593.042,
                            "Actual Rows": 1264156,
                            "Actual Loops": 2,
                            "Hash Buckets": 4194304,
                            "Original Hash Buckets": 4194304,
                            "Hash Batches": 1,
                            "Original Hash Batches": 1,
                            "Peak Memory Usage": 131712,
                            "Plans": [
                              {
                                "Node Type": "Seq Scan",
                                "Parent Relationship": "Outer",
                                "Parallel Aware": true,
                                "Relation Name": "title",
                                "Alias": "t",
                                "Startup Cost": 0.0,
                                "Total Cost": 50870.31,
                                "Plan Rows": 1487231,
                                "Plan Width": 4,
                                "Actual Startup Time": 0.044,
                                "Actual Total Time": 186.205,
                                "Actual Rows": 1264156,
                                "Actual Loops": 2
                              }
                            ]
                          }
                        ]
                      }
                    ]
                  }
                ]
              }
            ]
          }
        ]
      }
    ]
  },
  "Planning Time": 1.016,
  "Triggers": [],
  "Execution Time": 1010.874
}