{
  "Plan": {
    "Node Type": "Aggregate",
    "Strategy": "Plain",
    "Partial Mode": "Finalize",
    "Parallel Aware": false,
    "Startup Cost": 113397.46,
    "Total Cost": 113397.47,
    "Plan Rows": 1,
    "Plan Width": 8,
    "Actual Startup Time": 460.076,
    "Actual Total Time": 477.846,
    "Actual Rows": 1,
    "Actual Loops": 1,
    "Plans": [
      {
        "Node Type": "Gather",
        "Parent Relationship": "Outer",
        "Parallel Aware": false,
        "Startup Cost": 113397.35,
        "Total Cost": 113397.46,
        "Plan Rows": 1,
        "Plan Width": 8,
        "Actual Startup Time": 456.646,
        "Actual Total Time": 477.838,
        "Actual Rows": 2,
        "Actual Loops": 1,
        "Workers Planned": 1,
        "Workers Launched": 1,
        "Single Copy": false,
        "Plans": [
          {
            "Node Type": "Aggregate",
            "Strategy": "Plain",
            "Partial Mode": "Partial",
            "Parent Relationship": "Outer",
            "Parallel Aware": false,
            "Startup Cost": 112397.35,
            "Total Cost": 112397.36,
            "Plan Rows": 1,
            "Plan Width": 8,
            "Actual Startup Time": 448.769,
            "Actual Total Time": 448.772,
            "Actual Rows": 1,
            "Actual Loops": 2,
            "Plans": [
              {
                "Node Type": "Nested Loop",
                "Parent Relationship": "Outer",
                "Parallel Aware": false,
                "Join Type": "Inner",
                "Startup Cost": 64413.96,
                "Total Cost": 112250.57,
                "Plan Rows": 58712,
                "Plan Width": 0,
                "Actual Startup Time": 362.873,
                "Actual Total Time": 446.767,
                "Actual Rows": 42572,
                "Actual Loops": 2,
                "Inner Unique": false,
                "Plans": [
                  {
                    "Node Type": "Hash Join",
                    "Parent Relationship": "Outer",
                    "Parallel Aware": true,
                    "Join Type": "Inner",
                    "Startup Cost": 64413.53,
                    "Total Cost": 75142.03,
                    "Plan Rows": 56893,
                    "Plan Width": 8,
                    "Actual Startup Time": 362.727,
                    "Actual Total Time": 392.008,
                    "Actual Rows": 10268,
                    "Actual Loops": 2,
                    "Inner Unique": true,
                    "Hash Cond": "(ci.movie_id = t.id)",
                    "Plans": [
                      {
                        "Node Type": "Index Scan",
                        "Parent Relationship": "Outer",
                        "Parallel Aware": true,
                        "Scan Direction": "Forward",
                        "Index Name": "role_id_cast_info",
                        "Relation Name": "cast_info",
                        "Alias": "ci",
                        "Startup Cost": 0.56,
                        "Total Cost": 10446.47,
                        "Plan Rows": 107655,
                        "Plan Width": 4,
                        "Actual Startup Time": 0.078,
                        "Actual Total Time": 17.56,
                        "Actual Rows": 17597,
                        "Actual Loops": 2,
                        "Index Cond": "(role_id = 7)",
                        "Rows Removed by Index Recheck": 0,
                        "Filter": "(person_id < 2055866)",
                        "Rows Removed by Filter": 120604
                      },
                      {
                        "Node Type": "Hash",
                        "Parent Relationship": "Inner",
                        "Parallel Aware": true,
                        "Startup Cost": 54588.39,
                        "Total Cost": 54588.39,
                        "Plan Rows": 785966,
                        "Plan Width": 4,
                        "Actual Startup Time": 348.417,
                        "Actual Total Time": 348.417,
                        "Actual Rows": 674146,
                        "Actual Loops": 2,
                        "Hash Buckets": 2097152,
                        "Original Hash Buckets": 2097152,
                        "Hash Batches": 1,
                        "Original Hash Batches": 1,
                        "Peak Memory Usage": 69184,
                        "Plans": [
                          {
                            "Node Type": "Seq Scan",
                            "Parent Relationship": "Outer",
                            "Parallel Aware": true,
                            "Relation Name": "title",
                            "Alias": "t",
                            "Startup Cost": 0.0,
                            "Total Cost": 54588.39,
                            "Plan Rows": 785966,
                            "Plan Width": 4,
                            "Actual Startup Time": 0.022,
                            "Actual Total Time": 167.666,
                            "Actual Rows": 674146,
                            "Actual Loops": 2,
                            "Filter": "(production_year < 2005)",
                            "Rows Removed by Filter": 590010
                          }
                        ]
                      }
                    ]
                  },
                  {
                    "Node Type": "Index Only Scan",
                    "Parent Relationship": "Inner",
                    "Parallel Aware": false,
                    "Scan Direction": "Forward",
                    "Index Name": "movie_id_movie_companies",
                    "Relation Name": "movie_companies",
                    "Alias": "mc",
                    "Startup Cost": 0.43,
                    "Total Cost": 0.6,
                    "Plan Rows": 5,
                    "Plan Width": 4,
                    "Actual Startup Time": 0.004,
                    "Actual Total Time": 0.005,
                    "Actual Rows": 4,
                    "Actual Loops": 20536,
                    "Index Cond": "(movie_id = t.id)",
                    "Rows Removed by Index Recheck": 0,
                    "Heap Fetches": 85145
                  }
                ]
              }
            ]
          }
        ]
      }
    ]
  },
  "Planning Time": 1.088,
  "Triggers": [],
  "Execution Time": 477.938
}