{
  "Plan": {
    "Node Type": "Aggregate",
    "Strategy": "Plain",
    "Partial Mode": "Finalize",
    "Parallel Aware": false,
    "Startup Cost": 2607051.14,
    "Total Cost": 2607051.15,
    "Plan Rows": 1,
    "Plan Width": 8,
    "Actual Startup Time": 13717.036,
    "Actual Total Time": 13799.506,
    "Actual Rows": 1,
    "Actual Loops": 1,
    "Plans": [
      {
        "Node Type": "Gather",
        "Parent Relationship": "Outer",
        "Parallel Aware": false,
        "Startup Cost": 2607051.03,
        "Total Cost": 2607051.14,
        "Plan Rows": 1,
        "Plan Width": 8,
        "Actual Startup Time": 13656.048,
        "Actual Total Time": 13799.494,
        "Actual Rows": 2,
        "Actual Loops": 1,
        "Workers Planned": 1,
        "Workers Launched": 1,
        "Single Copy": false,
        "Plans": [
          {
            "Node Type": "Aggregate",
            "Strategy": "Plain",
            "Partial Mode": "Partial",
            "Parent Relationship": "Outer",
            "Parallel Aware": false,
            "Startup Cost": 2606051.03,
            "Total Cost": 2606051.04,
            "Plan Rows": 1,
            "Plan Width": 8,
            "Actual Startup Time": 13653.336,
            "Actual Total Time": 13653.346,
            "Actual Rows": 1,
            "Actual Loops": 2,
            "Plans": [
              {
                "Node Type": "Merge Join",
                "Parent Relationship": "Outer",
                "Parallel Aware": false,
                "Join Type": "Inner",
                "Startup Cost": 2371747.94,
                "Total Cost": 2580532.09,
                "Plan Rows": 10207576,
                "Plan Width": 0,
                "Actual Startup Time": 10575.343,
                "Actual Total Time": 13335.65,
                "Actual Rows": 7846133,
                "Actual Loops": 2,
                "Inner Unique": false,
                "Merge Cond": "(t.id = mi.movie_id)",
                "Plans": [
                  {
                    "Node Type": "Sort",
                    "Parent Relationship": "Outer",
                    "Parallel Aware": false,
                    "Startup Cost": 1893993.83,
                    "Total Cost": 1921850.64,
                    "Plan Rows": 11142725,
                    "Plan Width": 8,
                    "Actual Startup Time": 9721.753,
                    "Actual Total Time": 10700.743,
                    "Actual Rows": 8884554,
                    "Actual Loops": 2,
                    "Sort Key": [
                      "t.id"
                    ],
                    "Sort Method": "quicksort",
                    "Sort Space Used": 812123,
                    "Sort Space Type": "Memory",
                    "Workers": [
                      {
                        "Worker Number": 0,
                        "Sort Method": "quicksort",
                        "Sort Space Used": 807237,
                        "Sort Space Type": "Memory"
                      }
                    ],
                    "Plans": [
                      {
                        "Node Type": "Hash Join",
                        "Parent Relationship": "Outer",
                        "Parallel Aware": true,
                        "Join Type": "Inner",
                        "Startup Cost": 68026.87,
                        "Total Cost": 589760.22,
                        "Plan Rows": 11142725,
                        "Plan Width": 8,
                        "Actual Startup Time": 355.93,
                        "Actual Total Time": 7483.092,
                        "Actual Rows": 8884554,
                        "Actual Loops": 2,
                        "Inner Unique": true,
                        "Hash Cond": "(ci.movie_id = t.id)",
                        "Plans": [
                          {
                            "Node Type": "Seq Scan",
                            "Parent Relationship": "Outer",
                            "Parallel Aware": true,
                            "Relation Name": "cast_info",
                            "Alias": "ci",
                            "Startup Cost": 0.0,
                            "Total Cost": 465792.95,
                            "Plan Rows": 21310595,
                            "Plan Width": 4,
                            "Actual Startup Time": 0.017,
                            "Actual Total Time": 1357.394,
                            "Actual Rows": 18122172,
                            "Actual Loops": 2
                          },
                          {
                            "Node Type": "Hash",
                            "Parent Relationship": "Inner",
                            "Parallel Aware": true,
                            "Startup Cost": 58306.47,
                            "Total Cost": 58306.47,
                            "Plan Rows": 777632,
                            "Plan Width": 4,
                            "Actual Startup Time": 342.454,
                            "Actual Total Time": 342.456,
                            "Actual Rows": 649064,
                            "Actual Loops": 2,
                            "Hash Buckets": 2097152,
                            "Original Hash Buckets": 2097152,
                            "Hash Batches": 1,
                            "Original Hash Batches": 1,
                            "Peak Memory Usage": 67200,
                            "Plans": [
                              {
                                "Node Type": "Seq Scan",
                                "Parent Relationship": "Outer",
                                "Parallel Aware": true,
                                "Relation Name": "title",
                                "Alias": "t",
                                "Startup Cost": 0.0,
                                "Total Cost": 58306.47,
                                "Plan Rows": 777632,
                                "Plan Width": 4,
                                "Actual Startup Time": 0.027,
                                "Actual Total Time": 165.901,
                                "Actual Rows": 649064,
                                "Actual Loops": 2,
                                "Filter": "((kind_id > 1) AND (production_year < 2009))",
                                "Rows Removed by Filter": 615092
                              }
                            ]
                          }
                        ]
                      }
                    ]
                  },
                  {
                    "Node Type": "Sort",
                    "Parent Relationship": "Inner",
                    "Parallel Aware": false,
                    "Startup Cost": 477752.99,
                    "Total Cost": 483543.25,
                    "Plan Rows": 2316107,
                    "Plan Width": 4,
                    "Actual Startup Time": 853.58,
                    "Actual Total Time": 1233.858,
                    "Actual Rows": 9560910,
                    "Actual Loops": 2,
                    "Sort Key": [
                      "mi.movie_id"
                    ],
                    "Sort Method": "quicksort",
                    "Sort Space Used": 203016,
                    "Sort Space Type": "Memory",
                    "Workers": [
                      {
                        "Worker Number": 0,
                        "Sort Method": "quicksort",
                        "Sort Space Used": 203016,
                        "Sort Space Type": "Memory"
                      }
                    ],
                    "Plans": [
                      {
                        "Node Type": "Bitmap Heap Scan",
                        "Parent Relationship": "Outer",
                        "Parallel Aware": false,
                        "Relation Name": "movie_info",
                        "Alias": "mi",
                        "Startup Cost": 41958.26,
                        "Total Cost": 232902.6,
                        "Plan Rows": 2316107,
                        "Plan Width": 4,
                        "Actual Startup Time": 75.669,
                        "Actual Total Time": 377.88,
                        "Actual Rows": 2233850,
                        "Actual Loops": 2,
                        "Recheck Cond": "(info_type_id > 16)",
                        "Rows Removed by Index Recheck": 0,
                        "Exact Heap Blocks": 51002,
                        "Lossy Heap Blocks": 0,
                        "Plans": [
                          {
                            "Node Type": "Bitmap Index Scan",
                            "Parent Relationship": "Outer",
                            "Parallel Aware": false,
                            "Index Name": "info_type_id_movie_info",
                            "Startup Cost": 0.0,
                            "Total Cost": 41379.24,
                            "Plan Rows": 2316107,
                            "Plan Width": 0,
                            "Actual Startup Time": 68.897,
                            "Actual Total Time": 68.897,
                            "Actual Rows": 2233850,
                            "Actual Loops": 2,
                            "Index Cond": "(info_type_id > 16)"
                          }
                        ]
                      }
                    ]
                  }
                ]
              }
            ]
          }
        ]
      }
    ]
  },
  "Planning Time": 0.884,
  "Triggers": [],
  "Execution Time": 13858.202
}