[
  {
    "Plan": {
      "Node Type": "Aggregate",
      "Strategy": "Plain",
      "Partial Mode": "Finalize",
      "Parallel Aware": false,
      "Startup Cost": 46862.95,
      "Total Cost": 46862.96,
      "Plan Rows": 1,
      "Plan Width": 8,
      "Actual Startup Time": 113.677,
      "Actual Total Time": 125.983,
      "Actual Rows": 1,
      "Actual Loops": 1,
      "Plans": [
        {
          "Node Type": "Gather",
          "Parent Relationship": "Outer",
          "Parallel Aware": false,
          "Startup Cost": 46862.53,
          "Total Cost": 46862.94,
          "Plan Rows": 4,
          "Plan Width": 8,
          "Actual Startup Time": 113.481,
          "Actual Total Time": 125.973,
          "Actual Rows": 5,
          "Actual Loops": 1,
          "Workers Planned": 4,
          "Workers Launched": 4,
          "Single Copy": false,
          "Plans": [
            {
              "Node Type": "Aggregate",
              "Strategy": "Plain",
              "Partial Mode": "Partial",
              "Parent Relationship": "Outer",
              "Parallel Aware": false,
              "Startup Cost": 45862.53,
              "Total Cost": 45862.54,
              "Plan Rows": 1,
              "Plan Width": 8,
              "Actual Startup Time": 106.251,
              "Actual Total Time": 106.253,
              "Actual Rows": 1,
              "Actual Loops": 5,
              "Plans": [
                {
                  "Node Type": "Seq Scan",
                  "Parent Relationship": "Outer",
                  "Parallel Aware": true,
                  "Relation Name": "title",
                  "Alias": "t",
                  "Startup Cost": 0.0,
                  "Total Cost": 45479.59,
                  "Plan Rows": 153177,
                  "Plan Width": 0,
                  "Actual Startup Time": 46.24,
                  "Actual Total Time": 99.597,
                  "Actual Rows": 107692,
                  "Actual Loops": 5,
                  "Filter": "((production_year > 1930) AND (kind_id = 1))",
                  "Rows Removed by Filter": 397970
                }
              ]
            }
          ]
        }
      ]
    },
    "Planning Time": 0.193,
    "Triggers": [],
    "Execution Time": 126.043
  }
]