[
  {
    "Plan": {
      "Node Type": "Aggregate",
      "Strategy": "Plain",
      "Partial Mode": "Finalize",
      "Parallel Aware": false,
      "Startup Cost": 93781.19,
      "Total Cost": 93781.2,
      "Plan Rows": 1,
      "Plan Width": 8,
      "Actual Startup Time": 330.891,
      "Actual Total Time": 362.536,
      "Actual Rows": 1,
      "Actual Loops": 1,
      "Plans": [
        {
          "Node Type": "Gather",
          "Parent Relationship": "Outer",
          "Parallel Aware": false,
          "Startup Cost": 93780.87,
          "Total Cost": 93781.18,
          "Plan Rows": 3,
          "Plan Width": 8,
          "Actual Startup Time": 330.172,
          "Actual Total Time": 362.528,
          "Actual Rows": 4,
          "Actual Loops": 1,
          "Workers Planned": 3,
          "Workers Launched": 3,
          "Single Copy": false,
          "Plans": [
            {
              "Node Type": "Aggregate",
              "Strategy": "Plain",
              "Partial Mode": "Partial",
              "Parent Relationship": "Outer",
              "Parallel Aware": false,
              "Startup Cost": 92780.87,
              "Total Cost": 92780.88,
              "Plan Rows": 1,
              "Plan Width": 8,
              "Actual Startup Time": 325.387,
              "Actual Total Time": 325.392,
              "Actual Rows": 1,
              "Actual Loops": 4,
              "Plans": [
                {
                  "Node Type": "Nested Loop",
                  "Parent Relationship": "Outer",
                  "Parallel Aware": false,
                  "Join Type": "Inner",
                  "Startup Cost": 38863.63,
                  "Total Cost": 92660.12,
                  "Plan Rows": 48301,
                  "Plan Width": 0,
                  "Actual Startup Time": 102.674,
                  "Actual Total Time": 318.182,
                  "Actual Rows": 126164,
                  "Actual Loops": 4,
                  "Inner Unique": false,
                  "Join Filter": "(t.id = mi.movie_id)",
                  "Rows Removed by Join Filter": 0,
                  "Plans": [
                    {
                      "Node Type": "Hash Join",
                      "Parent Relationship": "Outer",
                      "Parallel Aware": true,
                      "Join Type": "Inner",
                      "Startup Cost": 38863.19,
                      "Total Cost": 71038.0,
                      "Plan Rows": 8226,
                      "Plan Width": 8,
                      "Actual Startup Time": 102.545,
                      "Actual Total Time": 155.004,
                      "Actual Rows": 13696,
                      "Actual Loops": 4,
                      "Inner Unique": true,
                      "Hash Cond": "(mc.movie_id = t.id)",
                      "Plans": [
                        {
                          "Node Type": "Seq Scan",
                          "Parent Relationship": "Outer",
                          "Parallel Aware": true,
                          "Relation Name": "movie_companies",
                          "Alias": "mc",
                          "Startup Cost": 0.0,
                          "Total Cost": 31414.82,
                          "Plan Rows": 289519,
                          "Plan Width": 4,
                          "Actual Startup Time": 32.442,
                          "Actual Total Time": 71.888,
                          "Actual Rows": 271270,
                          "Actual Loops": 4,
                          "Filter": "((company_id > 2383) AND (company_type_id = 2))",
                          "Rows Removed by Filter": 381012
                        },
                        {
                          "Node Type": "Hash",
                          "Parent Relationship": "Inner",
                          "Parallel Aware": true,
                          "Startup Cost": 38638.69,
                          "Total Cost": 38638.69,
                          "Plan Rows": 17960,
                          "Plan Width": 4,
                          "Actual Startup Time": 44.092,
                          "Actual Total Time": 44.094,
                          "Actual Rows": 23584,
                          "Actual Loops": 4,
                          "Hash Buckets": 131072,
                          "Original Hash Buckets": 131072,
                          "Hash Batches": 1,
                          "Original Hash Batches": 1,
                          "Peak Memory Usage": 4768,
                          "Plans": [
                            {
                              "Node Type": "Bitmap Heap Scan",
                              "Parent Relationship": "Outer",
                              "Parallel Aware": true,
                              "Relation Name": "title",
                              "Alias": "t",
                              "Startup Cost": 2185.26,
                              "Total Cost": 38638.69,
                              "Plan Rows": 17960,
                              "Plan Width": 4,
                              "Actual Startup Time": 7.258,
                              "Actual Total Time": 35.803,
                              "Actual Rows": 23584,
                              "Actual Loops": 4,
                              "Recheck Cond": "(kind_id = 4)",
                              "Rows Removed by Index Recheck": 0,
                              "Filter": "(production_year > 1998)",
                              "Rows Removed by Filter": 5975,
                              "Exact Heap Blocks": 6400,
                              "Lossy Heap Blocks": 0,
                              "Plans": [
                                {
                                  "Node Type": "Bitmap Index Scan",
                                  "Parent Relationship": "Outer",
                                  "Parallel Aware": false,
                                  "Index Name": "kind_id_title",
                                  "Startup Cost": 0.0,
                                  "Total Cost": 2167.3,
                                  "Plan Rows": 121449,
                                  "Plan Width": 0,
                                  "Actual Startup Time": 8.057,
                                  "Actual Total Time": 8.057,
                                  "Actual Rows": 118234,
                                  "Actual Loops": 1,
                                  "Index Cond": "(kind_id = 4)"
                                }
                              ]
                            }
                          ]
                        }
                      ]
                    },
                    {
                      "Node Type": "Index Only Scan",
                      "Parent Relationship": "Inner",
                      "Parallel Aware": false,
                      "Scan Direction": "Forward",
                      "Index Name": "movie_id_movie_info",
                      "Relation Name": "movie_info",
                      "Alias": "mi",
                      "Startup Cost": 0.43,
                      "Total Cost": 2.12,
                      "Plan Rows": 41,
                      "Plan Width": 4,
                      "Actual Startup Time": 0.004,
                      "Actual Total Time": 0.011,
                      "Actual Rows": 9,
                      "Actual Loops": 54782,
                      "Index Cond": "(movie_id = mc.movie_id)",
                      "Rows Removed by Index Recheck": 0,
                      "Heap Fetches": 504654
                    }
                  ]
                }
              ]
            }
          ]
        }
      ]
    },
    "Planning Time": 0.548,
    "Triggers": [],
    "Execution Time": 362.609
  }
]