[
  {
    "Plan": {
      "Node Type": "Aggregate",
      "Strategy": "Plain",
      "Partial Mode": "Finalize",
      "Parallel Aware": false,
      "Startup Cost": 79377.27,
      "Total Cost": 79377.28,
      "Plan Rows": 1,
      "Plan Width": 8,
      "Actual Startup Time": 409.493,
      "Actual Total Time": 425.925,
      "Actual Rows": 1,
      "Actual Loops": 1,
      "Plans": [
        {
          "Node Type": "Gather",
          "Parent Relationship": "Outer",
          "Parallel Aware": false,
          "Startup Cost": 79376.95,
          "Total Cost": 79377.26,
          "Plan Rows": 3,
          "Plan Width": 8,
          "Actual Startup Time": 406.189,
          "Actual Total Time": 425.913,
          "Actual Rows": 4,
          "Actual Loops": 1,
          "Workers Planned": 3,
          "Workers Launched": 3,
          "Single Copy": false,
          "Plans": [
            {
              "Node Type": "Aggregate",
              "Strategy": "Plain",
              "Partial Mode": "Partial",
              "Parent Relationship": "Outer",
              "Parallel Aware": false,
              "Startup Cost": 78376.95,
              "Total Cost": 78376.96,
              "Plan Rows": 1,
              "Plan Width": 8,
              "Actual Startup Time": 398.808,
              "Actual Total Time": 398.811,
              "Actual Rows": 1,
              "Actual Loops": 4,
              "Plans": [
                {
                  "Node Type": "Hash Join",
                  "Parent Relationship": "Outer",
                  "Parallel Aware": true,
                  "Join Type": "Inner",
                  "Startup Cost": 48228.91,
                  "Total Cost": 77644.8,
                  "Plan Rows": 292860,
                  "Plan Width": 0,
                  "Actual Startup Time": 193.467,
                  "Actual Total Time": 395.207,
                  "Actual Rows": 88344,
                  "Actual Loops": 4,
                  "Inner Unique": true,
                  "Hash Cond": "(mc.movie_id = t.id)",
                  "Plans": [
                    {
                      "Node Type": "Seq Scan",
                      "Parent Relationship": "Outer",
                      "Parallel Aware": true,
                      "Relation Name": "movie_companies",
                      "Alias": "mc",
                      "Startup Cost": 0.0,
                      "Total Cost": 27206.55,
                      "Plan Rows": 841655,
                      "Plan Width": 4,
                      "Actual Startup Time": 0.009,
                      "Actual Total Time": 57.989,
                      "Actual Rows": 652282,
                      "Actual Loops": 4
                    },
                    {
                      "Node Type": "Hash",
                      "Parent Relationship": "Inner",
                      "Parallel Aware": true,
                      "Startup Cost": 45479.59,
                      "Total Cost": 45479.59,
                      "Plan Rows": 219946,
                      "Plan Width": 4,
                      "Actual Startup Time": 188.636,
                      "Actual Total Time": 188.637,
                      "Actual Rows": 239325,
                      "Actual Loops": 4,
                      "Hash Buckets": 1048576,
                      "Original Hash Buckets": 1048576,
                      "Hash Batches": 1,
                      "Original Hash Batches": 1,
                      "Peak Memory Usage": 45760,
                      "Plans": [
                        {
                          "Node Type": "Seq Scan",
                          "Parent Relationship": "Outer",
                          "Parallel Aware": true,
                          "Relation Name": "title",
                          "Alias": "t",
                          "Startup Cost": 0.0,
                          "Total Cost": 45479.59,
                          "Plan Rows": 219946,
                          "Plan Width": 4,
                          "Actual Startup Time": 0.031,
                          "Actual Total Time": 103.785,
                          "Actual Rows": 239325,
                          "Actual Loops": 4,
                          "Filter": "((production_year > 1999) AND (kind_id = 7))",
                          "Rows Removed by Filter": 392753
                        }
                      ]
                    }
                  ]
                }
              ]
            }
          ]
        }
      ]
    },
    "Planning Time": 0.598,
    "Triggers": [],
    "Execution Time": 425.99
  }
]