{
  "Plan": {
    "Node Type": "Aggregate",
    "Strategy": "Plain",
    "Partial Mode": "Finalize",
    "Parallel Aware": false,
    "Startup Cost": 279494.13,
    "Total Cost": 279494.14,
    "Plan Rows": 1,
    "Plan Width": 8,
    "Actual Startup Time": 1675.224,
    "Actual Total Time": 1738.509,
    "Actual Rows": 1,
    "Actual Loops": 1,
    "Plans": [
      {
        "Node Type": "Gather",
        "Parent Relationship": "Outer",
        "Parallel Aware": false,
        "Startup Cost": 279494.02,
        "Total Cost": 279494.13,
        "Plan Rows": 1,
        "Plan Width": 8,
        "Actual Startup Time": 1673.628,
        "Actual Total Time": 1738.5,
        "Actual Rows": 2,
        "Actual Loops": 1,
        "Workers Planned": 1,
        "Workers Launched": 1,
        "Single Copy": false,
        "Plans": [
          {
            "Node Type": "Aggregate",
            "Strategy": "Plain",
            "Partial Mode": "Partial",
            "Parent Relationship": "Outer",
            "Parallel Aware": false,
            "Startup Cost": 278494.02,
            "Total Cost": 278494.03,
            "Plan Rows": 1,
            "Plan Width": 8,
            "Actual Startup Time": 1667.393,
            "Actual Total Time": 1667.397,
            "Actual Rows": 1,
            "Actual Loops": 2,
            "Plans": [
              {
                "Node Type": "Nested Loop",
                "Parent Relationship": "Outer",
                "Parallel Aware": false,
                "Join Type": "Inner",
                "Startup Cost": 62762.73,
                "Total Cost": 277544.4,
                "Plan Rows": 379847,
                "Plan Width": 0,
                "Actual Startup Time": 248.32,
                "Actual Total Time": 1572.34,
                "Actual Rows": 2212790,
                "Actual Loops": 2,
                "Inner Unique": false,
                "Plans": [
                  {
                    "Node Type": "Hash Join",
                    "Parent Relationship": "Outer",
                    "Parallel Aware": true,
                    "Join Type": "Inner",
                    "Startup Cost": 62762.29,
                    "Total Cost": 81556.06,
                    "Plan Rows": 64961,
                    "Plan Width": 8,
                    "Actual Startup Time": 248.265,
                    "Actual Total Time": 410.459,
                    "Actual Rows": 120053,
                    "Actual Loops": 2,
                    "Inner Unique": true,
                    "Hash Cond": "(mi_idx.movie_id = t.id)",
                    "Plans": [
                      {
                        "Node Type": "Seq Scan",
                        "Parent Relationship": "Outer",
                        "Parallel Aware": true,
                        "Relation Name": "movie_info_idx",
                        "Alias": "mi_idx",
                        "Startup Cost": 0.0,
                        "Total Cost": 18082.32,
                        "Plan Rows": 271028,
                        "Plan Width": 4,
                        "Actual Startup Time": 0.019,
                        "Actual Total Time": 58.6,
                        "Actual Rows": 229962,
                        "Actual Loops": 2,
                        "Filter": "(info_type_id = 101)",
                        "Rows Removed by Filter": 460055
                      },
                      {
                        "Node Type": "Hash",
                        "Parent Relationship": "Inner",
                        "Parallel Aware": true,
                        "Startup Cost": 58306.47,
                        "Total Cost": 58306.47,
                        "Plan Rows": 356466,
                        "Plan Width": 4,
                        "Actual Startup Time": 239.053,
                        "Actual Total Time": 239.054,
                        "Actual Rows": 337845,
                        "Actual Loops": 2,
                        "Hash Buckets": 1048576,
                        "Original Hash Buckets": 1048576,
                        "Hash Batches": 1,
                        "Original Hash Batches": 1,
                        "Peak Memory Usage": 34656,
                        "Plans": [
                          {
                            "Node Type": "Seq Scan",
                            "Parent Relationship": "Outer",
                            "Parallel Aware": true,
                            "Relation Name": "title",
                            "Alias": "t",
                            "Startup Cost": 0.0,
                            "Total Cost": 58306.47,
                            "Plan Rows": 356466,
                            "Plan Width": 4,
                            "Actual Startup Time": 0.036,
                            "Actual Total Time": 153.733,
                            "Actual Rows": 337845,
                            "Actual Loops": 2,
                            "Filter": "((kind_id < 7) AND (production_year < 2007))",
                            "Rows Removed by Filter": 926311
                          }
                        ]
                      }
                    ]
                  },
                  {
                    "Node Type": "Index Only Scan",
                    "Parent Relationship": "Inner",
                    "Parallel Aware": false,
                    "Scan Direction": "Forward",
                    "Index Name": "movie_id_movie_info",
                    "Relation Name": "movie_info",
                    "Alias": "mi",
                    "Startup Cost": 0.43,
                    "Total Cost": 2.6,
                    "Plan Rows": 42,
                    "Plan Width": 4,
                    "Actual Startup Time": 0.002,
                    "Actual Total Time": 0.008,
                    "Actual Rows": 18,
                    "Actual Loops": 240106,
                    "Index Cond": "(movie_id = t.id)",
                    "Rows Removed by Index Recheck": 0,
                    "Heap Fetches": 4425581
                  }
                ]
              }
            ]
          }
        ]
      }
    ]
  },
  "Planning Time": 1.035,
  "Triggers": [],
  "Execution Time": 1738.612
}