[
  {
    "Plan": {
      "Node Type": "Aggregate",
      "Strategy": "Plain",
      "Partial Mode": "Finalize",
      "Parallel Aware": false,
      "Startup Cost": 33253.42,
      "Total Cost": 33253.43,
      "Plan Rows": 1,
      "Plan Width": 8,
      "Actual Startup Time": 97.705,
      "Actual Total Time": 105.518,
      "Actual Rows": 1,
      "Actual Loops": 1,
      "Plans": [
        {
          "Node Type": "Gather",
          "Parent Relationship": "Outer",
          "Parallel Aware": false,
          "Startup Cost": 33253.1,
          "Total Cost": 33253.41,
          "Plan Rows": 3,
          "Plan Width": 8,
          "Actual Startup Time": 97.597,
          "Actual Total Time": 105.51,
          "Actual Rows": 4,
          "Actual Loops": 1,
          "Workers Planned": 3,
          "Workers Launched": 3,
          "Single Copy": false,
          "Plans": [
            {
              "Node Type": "Aggregate",
              "Strategy": "Plain",
              "Partial Mode": "Partial",
              "Parent Relationship": "Outer",
              "Parallel Aware": false,
              "Startup Cost": 32253.1,
              "Total Cost": 32253.11,
              "Plan Rows": 1,
              "Plan Width": 8,
              "Actual Startup Time": 88.998,
              "Actual Total Time": 88.999,
              "Actual Rows": 1,
              "Actual Loops": 4,
              "Plans": [
                {
                  "Node Type": "Seq Scan",
                  "Parent Relationship": "Outer",
                  "Parallel Aware": true,
                  "Relation Name": "movie_companies",
                  "Alias": "mc",
                  "Startup Cost": 0.0,
                  "Total Cost": 31414.82,
                  "Plan Rows": 335314,
                  "Plan Width": 0,
                  "Actual Startup Time": 48.798,
                  "Actual Total Time": 81.59,
                  "Actual Rows": 189198,
                  "Actual Loops": 4,
                  "Filter": "((company_id < 71105) AND (company_type_id > 1))",
                  "Rows Removed by Filter": 463084
                }
              ]
            }
          ]
        }
      ]
    },
    "Planning Time": 0.182,
    "Triggers": [],
    "Execution Time": 105.568
  }
]