[
  {
    "Plan": {
      "Node Type": "Aggregate",
      "Strategy": "Plain",
      "Partial Mode": "Simple",
      "Parallel Aware": false,
      "Startup Cost": 26938.35,
      "Total Cost": 26938.36,
      "Plan Rows": 1,
      "Plan Width": 8,
      "Actual Startup Time": 42.834,
      "Actual Total Time": 42.835,
      "Actual Rows": 1,
      "Actual Loops": 1,
      "Plans": [
        {
          "Node Type": "Bitmap Heap Scan",
          "Parent Relationship": "Outer",
          "Parallel Aware": false,
          "Relation Name": "movie_keyword",
          "Alias": "mk",
          "Startup Cost": 1455.83,
          "Total Cost": 26766.93,
          "Plan Rows": 68568,
          "Plan Width": 0,
          "Actual Startup Time": 12.602,
          "Actual Total Time": 39.664,
          "Actual Rows": 68626,
          "Actual Loops": 1,
          "Recheck Cond": "(keyword_id > 91746)",
          "Rows Removed by Index Recheck": 0,
          "Exact Heap Blocks": 14703,
          "Lossy Heap Blocks": 0,
          "Plans": [
            {
              "Node Type": "Bitmap Index Scan",
              "Parent Relationship": "Outer",
              "Parallel Aware": false,
              "Index Name": "keyword_id_movie_keyword",
              "Startup Cost": 0.0,
              "Total Cost": 1438.69,
              "Plan Rows": 68568,
              "Plan Width": 0,
              "Actual Startup Time": 9.694,
              "Actual Total Time": 9.694,
              "Actual Rows": 68626,
              "Actual Loops": 1,
              "Index Cond": "(keyword_id > 91746)"
            }
          ]
        }
      ]
    },
    "Planning Time": 0.197,
    "Triggers": [],
    "Execution Time": 42.88
  }
]