[
  {
    "Plan": {
      "Node Type": "Aggregate",
      "Strategy": "Plain",
      "Partial Mode": "Finalize",
      "Parallel Aware": false,
      "Startup Cost": 45679.91,
      "Total Cost": 45679.92,
      "Plan Rows": 1,
      "Plan Width": 8,
      "Actual Startup Time": 142.8,
      "Actual Total Time": 152.595,
      "Actual Rows": 1,
      "Actual Loops": 1,
      "Plans": [
        {
          "Node Type": "Gather",
          "Parent Relationship": "Outer",
          "Parallel Aware": false,
          "Startup Cost": 45679.59,
          "Total Cost": 45679.9,
          "Plan Rows": 3,
          "Plan Width": 8,
          "Actual Startup Time": 142.702,
          "Actual Total Time": 152.586,
          "Actual Rows": 4,
          "Actual Loops": 1,
          "Workers Planned": 3,
          "Workers Launched": 3,
          "Single Copy": false,
          "Plans": [
            {
              "Node Type": "Aggregate",
              "Strategy": "Plain",
              "Partial Mode": "Partial",
              "Parent Relationship": "Outer",
              "Parallel Aware": false,
              "Startup Cost": 44679.59,
              "Total Cost": 44679.6,
              "Plan Rows": 1,
              "Plan Width": 8,
              "Actual Startup Time": 137.925,
              "Actual Total Time": 137.926,
              "Actual Rows": 1,
              "Actual Loops": 4,
              "Plans": [
                {
                  "Node Type": "Seq Scan",
                  "Parent Relationship": "Outer",
                  "Parallel Aware": true,
                  "Relation Name": "movie_keyword",
                  "Alias": "mk",
                  "Startup Cost": 0.0,
                  "Total Cost": 42695.65,
                  "Plan Rows": 793575,
                  "Plan Width": 0,
                  "Actual Startup Time": 0.04,
                  "Actual Total Time": 111.236,
                  "Actual Rows": 615808,
                  "Actual Loops": 4,
                  "Filter": "(keyword_id < 5911)",
                  "Rows Removed by Filter": 515174
                }
              ]
            }
          ]
        }
      ]
    },
    "Planning Time": 0.194,
    "Triggers": [],
    "Execution Time": 152.655
  }
]