{
  "Plan": {
    "Node Type": "Aggregate",
    "Strategy": "Plain",
    "Partial Mode": "Finalize",
    "Parallel Aware": false,
    "Startup Cost": 495560.13,
    "Total Cost": 495560.14,
    "Plan Rows": 1,
    "Plan Width": 8,
    "Actual Startup Time": 1608.087,
    "Actual Total Time": 1634.534,
    "Actual Rows": 1,
    "Actual Loops": 1,
    "Plans": [
      {
        "Node Type": "Gather",
        "Parent Relationship": "Outer",
        "Parallel Aware": false,
        "Startup Cost": 495560.02,
        "Total Cost": 495560.13,
        "Plan Rows": 1,
        "Plan Width": 8,
        "Actual Startup Time": 1605.568,
        "Actual Total Time": 1634.523,
        "Actual Rows": 2,
        "Actual Loops": 1,
        "Workers Planned": 1,
        "Workers Launched": 1,
        "Single Copy": false,
        "Plans": [
          {
            "Node Type": "Aggregate",
            "Strategy": "Plain",
            "Partial Mode": "Partial",
            "Parent Relationship": "Outer",
            "Parallel Aware": false,
            "Startup Cost": 494560.02,
            "Total Cost": 494560.03,
            "Plan Rows": 1,
            "Plan Width": 8,
            "Actual Startup Time": 1600.758,
            "Actual Total Time": 1600.762,
            "Actual Rows": 1,
            "Actual Loops": 2,
            "Plans": [
              {
                "Node Type": "Hash Join",
                "Parent Relationship": "Outer",
                "Parallel Aware": true,
                "Join Type": "Inner",
                "Startup Cost": 187455.56,
                "Total Cost": 493192.85,
                "Plan Rows": 546868,
                "Plan Width": 0,
                "Actual Startup Time": 451.116,
                "Actual Total Time": 1553.979,
                "Actual Rows": 1114590,
                "Actual Loops": 2,
                "Inner Unique": true,
                "Hash Cond": "(ci.movie_id = t.id)",
                "Plans": [
                  {
                    "Node Type": "Bitmap Heap Scan",
                    "Parent Relationship": "Outer",
                    "Parallel Aware": true,
                    "Relation Name": "cast_info",
                    "Alias": "ci",
                    "Startup Cost": 122291.5,
                    "Total Cost": 424137.18,
                    "Plan Rows": 1482516,
                    "Plan Width": 4,
                    "Actual Startup Time": 181.918,
                    "Actual Total Time": 575.786,
                    "Actual Rows": 2704433,
                    "Actual Loops": 2,
                    "Recheck Cond": "(person_id > 3116377)",
                    "Rows Removed by Index Recheck": 0,
                    "Filter": "(role_id > 2)",
                    "Rows Removed by Filter": 0,
                    "Exact Heap Blocks": 38612,
                    "Lossy Heap Blocks": 0,
                    "Plans": [
                      {
                        "Node Type": "Bitmap Index Scan",
                        "Parent Relationship": "Outer",
                        "Parallel Aware": false,
                        "Index Name": "person_id_cast_info",
                        "Startup Cost": 0.0,
                        "Total Cost": 121661.43,
                        "Plan Rows": 5571316,
                        "Plan Width": 0,
                        "Actual Startup Time": 168.796,
                        "Actual Total Time": 168.797,
                        "Actual Rows": 5408866,
                        "Actual Loops": 1,
                        "Index Cond": "(person_id > 3116377)"
                      }
                    ]
                  },
                  {
                    "Node Type": "Hash",
                    "Parent Relationship": "Inner",
                    "Parallel Aware": true,
                    "Startup Cost": 58306.47,
                    "Total Cost": 58306.47,
                    "Plan Rows": 548607,
                    "Plan Width": 4,
                    "Actual Startup Time": 260.257,
                    "Actual Total Time": 260.258,
                    "Actual Rows": 448066,
                    "Actual Loops": 2,
                    "Hash Buckets": 1048576,
                    "Original Hash Buckets": 1048576,
                    "Hash Batches": 1,
                    "Original Hash Batches": 1,
                    "Peak Memory Usage": 43264,
                    "Plans": [
                      {
                        "Node Type": "Seq Scan",
                        "Parent Relationship": "Outer",
                        "Parallel Aware": true,
                        "Relation Name": "title",
                        "Alias": "t",
                        "Startup Cost": 0.0,
                        "Total Cost": 58306.47,
                        "Plan Rows": 548607,
                        "Plan Width": 4,
                        "Actual Startup Time": 0.031,
                        "Actual Total Time": 154.394,
                        "Actual Rows": 448066,
                        "Actual Loops": 2,
                        "Filter": "((kind_id < 7) AND (production_year > 1918))",
                        "Rows Removed by Filter": 816090
                      }
                    ]
                  }
                ]
              }
            ]
          }
        ]
      }
    ]
  },
  "Planning Time": 0.745,
  "Triggers": [],
  "Execution Time": 1634.63
}