{
  "Plan": {
    "Node Type": "Aggregate",
    "Strategy": "Plain",
    "Partial Mode": "Finalize",
    "Parallel Aware": false,
    "Startup Cost": 168681.5,
    "Total Cost": 168681.51,
    "Plan Rows": 1,
    "Plan Width": 64,
    "Actual Startup Time": 2415.022,
    "Actual Total Time": 2420.843,
    "Actual Rows": 1,
    "Actual Loops": 1,
    "Plans": [
      {
        "Node Type": "Gather",
        "Parent Relationship": "Outer",
        "Parallel Aware": false,
        "Startup Cost": 168681.39,
        "Total Cost": 168681.5,
        "Plan Rows": 1,
        "Plan Width": 64,
        "Actual Startup Time": 2415.014,
        "Actual Total Time": 2420.835,
        "Actual Rows": 1,
        "Actual Loops": 1,
        "Workers Planned": 1,
        "Workers Launched": 0,
        "Single Copy": false,
        "Plans": [
          {
            "Node Type": "Aggregate",
            "Strategy": "Plain",
            "Partial Mode": "Partial",
            "Parent Relationship": "Outer",
            "Parallel Aware": false,
            "Startup Cost": 167681.39,
            "Total Cost": 167681.4,
            "Plan Rows": 1,
            "Plan Width": 64,
            "Actual Startup Time": 2414.194,
            "Actual Total Time": 2414.207,
            "Actual Rows": 1,
            "Actual Loops": 1,
            "Plans": [
              {
                "Node Type": "Nested Loop",
                "Parent Relationship": "Outer",
                "Parallel Aware": false,
                "Join Type": "Inner",
                "Startup Cost": 132644.41,
                "Total Cost": 167608.79,
                "Plan Rows": 14519,
                "Plan Width": 33,
                "Actual Startup Time": 1449.741,
                "Actual Total Time": 2412.602,
                "Actual Rows": 9693,
                "Actual Loops": 1,
                "Inner Unique": true,
                "Plans": [
                  {
                    "Node Type": "Hash Join",
                    "Parent Relationship": "Outer",
                    "Parallel Aware": false,
                    "Join Type": "Inner",
                    "Startup Cost": 132643.98,
                    "Total Cost": 160081.35,
                    "Plan Rows": 14519,
                    "Plan Width": 21,
                    "Actual Startup Time": 1449.724,
                    "Actual Total Time": 2356.526,
                    "Actual Rows": 59009,
                    "Actual Loops": 1,
                    "Inner Unique": true,
                    "Hash Cond": "(mc.company_type_id = ct.id)",
                    "Plans": [
                      {
                        "Node Type": "Hash Join",
                        "Parent Relationship": "Outer",
                        "Parallel Aware": false,
                        "Join Type": "Inner",
                        "Startup Cost": 132642.89,
                        "Total Cost": 160001.77,
                        "Plan Rows": 14519,
                        "Plan Width": 25,
                        "Actual Startup Time": 1449.688,
                        "Actual Total Time": 2346.698,
                        "Actual Rows": 59009,
                        "Actual Loops": 1,
                        "Inner Unique": true,
                        "Hash Cond": "(ci.role_id = rt.id)",
                        "Plans": [
                          {
                            "Node Type": "Nested Loop",
                            "Parent Relationship": "Outer",
                            "Parallel Aware": false,
                            "Join Type": "Inner",
                            "Startup Cost": 132641.62,
                            "Total Cost": 159948.92,
                            "Plan Rows": 14519,
                            "Plan Width": 29,
                            "Actual Startup Time": 1449.657,
                            "Actual Total Time": 2337.188,
                            "Actual Rows": 59009,
                            "Actual Loops": 1,
                            "Inner Unique": false,
                            "Join Filter": "(t.id = ci.movie_id)",
                            "Rows Removed by Join Filter": 0,
                            "Plans": [
                              {
                                "Node Type": "Merge Join",
                                "Parent Relationship": "Outer",
                                "Parallel Aware": false,
                                "Join Type": "Inner",
                                "Startup Cost": 132641.05,
                                "Total Cost": 134434.39,
                                "Plan Rows": 13649,
                                "Plan Width": 29,
                                "Actual Startup Time": 1449.611,
                                "Actual Total Time": 1575.751,
                                "Actual Rows": 19416,
                                "Actual Loops": 1,
                                "Inner Unique": true,
                                "Merge Cond": "(mc.company_id = cn.id)",
                                "Plans": [
                                  {
                                    "Node Type": "Sort",
                                    "Parent Relationship": "Outer",
                                    "Parallel Aware": false,
                                    "Startup Cost": 126045.68,
                                    "Total Cost": 126849.18,
                                    "Plan Rows": 321400,
                                    "Plan Width": 33,
                                    "Actual Startup Time": 1426.378,
                                    "Actual Total Time": 1499.229,
                                    "Actual Rows": 409222,
                                    "Actual Loops": 1,
                                    "Sort Key": [
                                      "mc.company_id"
                                    ],
                                    "Sort Method": "quicksort",
                                    "Sort Space Used": 47658,
                                    "Sort Space Type": "Memory",
                                    "Plans": [
                                      {
                                        "Node Type": "Hash Join",
                                        "Parent Relationship": "Outer",
                                        "Parallel Aware": true,
                                        "Join Type": "Inner",
                                        "Startup Cost": 58480.57,
                                        "Total Cost": 96647.2,
                                        "Plan Rows": 321400,
                                        "Plan Width": 33,
                                        "Actual Startup Time": 477.69,
                                        "Actual Total Time": 1295.761,
                                        "Actual Rows": 409251,
                                        "Actual Loops": 1,
                                        "Inner Unique": true,
                                        "Hash Cond": "(mc.movie_id = t.id)",
                                        "Plans": [
                                          {
                                            "Node Type": "Seq Scan",
                                            "Parent Relationship": "Outer",
                                            "Parallel Aware": true,
                                            "Relation Name": "movie_companies",
                                            "Alias": "mc",
                                            "Startup Cost": 0.0,
                                            "Total Cost": 34137.82,
                                            "Plan Rows": 1534782,
                                            "Plan Width": 12,
                                            "Actual Startup Time": 0.008,
                                            "Actual Total Time": 208.596,
                                            "Actual Rows": 2609129,
                                            "Actual Loops": 1
                                          },
                                          {
                                            "Node Type": "Hash",
                                            "Parent Relationship": "Inner",
                                            "Parallel Aware": true,
                                            "Startup Cost": 54587.68,
                                            "Total Cost": 54587.68,
                                            "Plan Rows": 311431,
                                            "Plan Width": 21,
                                            "Actual Startup Time": 460.07,
                                            "Actual Total Time": 460.072,
                                            "Actual Rows": 533369,
                                            "Actual Loops": 1,
                                            "Hash Buckets": 1048576,
                                            "Original Hash Buckets": 1048576,
                                            "Hash Batches": 1,
                                            "Original Hash Batches": 1,
                                            "Peak Memory Usage": 38304,
                                            "Plans": [
                                              {
                                                "Node Type": "Seq Scan",
                                                "Parent Relationship": "Outer",
                                                "Parallel Aware": true,
                                                "Relation Name": "title",
                                                "Alias": "t",
                                                "Startup Cost": 0.0,
                                                "Total Cost": 54587.68,
                                                "Plan Rows": 311431,
                                                "Plan Width": 21,
                                                "Actual Startup Time": 0.018,
                                                "Actual Total Time": 265.623,
                                                "Actual Rows": 533369,
                                                "Actual Loops": 1,
                                                "Filter": "(production_year > 2009)",
                                                "Rows Removed by Filter": 1994943
                                              }
                                            ]
                                          }
                                        ]
                                      }
                                    ]
                                  },
                                  {
                                    "Node Type": "Sort",
                                    "Parent Relationship": "Inner",
                                    "Parallel Aware": false,
                                    "Startup Cost": 6595.38,
                                    "Total Cost": 6620.33,
                                    "Plan Rows": 9980,
                                    "Plan Width": 4,
                                    "Actual Startup Time": 22.651,
                                    "Actual Total Time": 24.793,
                                    "Actual Rows": 9811,
                                    "Actual Loops": 1,
                                    "Sort Key": [
                                      "cn.id"
                                    ],
                                    "Sort Method": "quicksort",
                                    "Sort Space Used": 844,
                                    "Sort Space Type": "Memory",
                                    "Plans": [
                                      {
                                        "Node Type": "Seq Scan",
                                        "Parent Relationship": "Outer",
                                        "Parallel Aware": false,
                                        "Relation Name": "company_name",
                                        "Alias": "cn",
                                        "Startup Cost": 0.0,
                                        "Total Cost": 5932.46,
                                        "Plan Rows": 9980,
                                        "Plan Width": 4,
                                        "Actual Startup Time": 0.023,
                                        "Actual Total Time": 20.774,
                                        "Actual Rows": 9811,
                                        "Actual Loops": 1,
                                        "Filter": "((country_code)::text = '[ca]'::text)",
                                        "Rows Removed by Filter": 225186
                                      }
                                    ]
                                  }
                                ]
                              },
                              {
                                "Node Type": "Index Scan",
                                "Parent Relationship": "Inner",
                                "Parallel Aware": false,
                                "Scan Direction": "Forward",
                                "Index Name": "movie_id_cast_info",
                                "Relation Name": "cast_info",
                                "Alias": "ci",
                                "Startup Cost": 0.56,
                                "Total Cost": 1.83,
                                "Plan Rows": 3,
                                "Plan Width": 12,
                                "Actual Startup Time": 0.019,
                                "Actual Total Time": 0.039,
                                "Actual Rows": 3,
                                "Actual Loops": 19416,
                                "Index Cond": "(movie_id = mc.movie_id)",
                                "Rows Removed by Index Recheck": 0,
                                "Filter": "(note ~~ '%(as%'::text)",
                                "Rows Removed by Filter": 32
                              }
                            ]
                          },
                          {
                            "Node Type": "Hash",
                            "Parent Relationship": "Inner",
                            "Parallel Aware": false,
                            "Startup Cost": 1.12,
                            "Total Cost": 1.12,
                            "Plan Rows": 12,
                            "Plan Width": 4,
                            "Actual Startup Time": 0.019,
                            "Actual Total Time": 0.019,
                            "Actual Rows": 12,
                            "Actual Loops": 1,
                            "Hash Buckets": 1024,
                            "Original Hash Buckets": 1024,
                            "Hash Batches": 1,
                            "Original Hash Batches": 1,
                            "Peak Memory Usage": 9,
                            "Plans": [
                              {
                                "Node Type": "Seq Scan",
                                "Parent Relationship": "Outer",
                                "Parallel Aware": false,
                                "Relation Name": "role_type",
                                "Alias": "rt",
                                "Startup Cost": 0.0,
                                "Total Cost": 1.12,
                                "Plan Rows": 12,
                                "Plan Width": 4,
                                "Actual Startup Time": 0.009,
                                "Actual Total Time": 0.013,
                                "Actual Rows": 12,
                                "Actual Loops": 1
                              }
                            ]
                          }
                        ]
                      },
                      {
                        "Node Type": "Hash",
                        "Parent Relationship": "Inner",
                        "Parallel Aware": false,
                        "Startup Cost": 1.04,
                        "Total Cost": 1.04,
                        "Plan Rows": 4,
                        "Plan Width": 4,
                        "Actual Startup Time": 0.023,
                        "Actual Total Time": 0.024,
                        "Actual Rows": 4,
                        "Actual Loops": 1,
                        "Hash Buckets": 1024,
                        "Original Hash Buckets": 1024,
                        "Hash Batches": 1,
                        "Original Hash Batches": 1,
                        "Peak Memory Usage": 9,
                        "Plans": [
                          {
                            "Node Type": "Seq Scan",
                            "Parent Relationship": "Outer",
                            "Parallel Aware": false,
                            "Relation Name": "company_type",
                            "Alias": "ct",
                            "Startup Cost": 0.0,
                            "Total Cost": 1.04,
                            "Plan Rows": 4,
                            "Plan Width": 4,
                            "Actual Startup Time": 0.014,
                            "Actual Total Time": 0.016,
                            "Actual Rows": 4,
                            "Actual Loops": 1
                          }
                        ]
                      }
                    ]
                  },
                  {
                    "Node Type": "Index Scan",
                    "Parent Relationship": "Inner",
                    "Parallel Aware": false,
                    "Scan Direction": "Forward",
                    "Index Name": "char_name_pkey",
                    "Relation Name": "char_name",
                    "Alias": "chn",
                    "Startup Cost": 0.43,
                    "Total Cost": 0.52,
                    "Plan Rows": 1,
                    "Plan Width": 20,
                    "Actual Startup Time": 0.001,
                    "Actual Total Time": 0.001,
                    "Actual Rows": 0,
                    "Actual Loops": 59009,
                    "Index Cond": "(id = ci.person_role_id)",
                    "Rows Removed by Index Recheck": 0
                  }
                ]
              }
            ]
          }
        ]
      }
    ]
  },
  "Planning Time": 1.843,
  "Triggers": [],
  "Execution Time": 2421.004
}