[
    {
        "Bao": {
            "Bao prediction": "NaN",
            "Bao recommended hint": "(no hint)"
        }
    },
    {
        "Plan": {
            "Node Type": "Aggregate",
            "Strategy": "Plain",
            "Partial Mode": "Finalize",
            "Parallel Aware": false,
            "Startup Cost": 27911.78,
            "Total Cost": 27911.79,
            "Plan Rows": 1,
            "Plan Width": 8,
            "Actual Startup Time": 67.093,
            "Actual Total Time": 70.823,
            "Actual Rows": 1,
            "Actual Loops": 1,
            "Output": [
                "count(*)"
            ],
            "Plans": [
                {
                    "Node Type": "Gather",
                    "Parent Relationship": "Outer",
                    "Parallel Aware": false,
                    "Startup Cost": 27911.46,
                    "Total Cost": 27911.77,
                    "Plan Rows": 3,
                    "Plan Width": 8,
                    "Actual Startup Time": 66.937,
                    "Actual Total Time": 70.817,
                    "Actual Rows": 4,
                    "Actual Loops": 1,
                    "Output": [
                        "(PARTIAL count(*))"
                    ],
                    "Workers Planned": 3,
                    "Workers Launched": 3,
                    "Single Copy": false,
                    "Plans": [
                        {
                            "Node Type": "Aggregate",
                            "Strategy": "Plain",
                            "Partial Mode": "Partial",
                            "Parent Relationship": "Outer",
                            "Parallel Aware": false,
                            "Startup Cost": 26911.46,
                            "Total Cost": 26911.47,
                            "Plan Rows": 1,
                            "Plan Width": 8,
                            "Actual Startup Time": 57.839,
                            "Actual Total Time": 57.841,
                            "Actual Rows": 1,
                            "Actual Loops": 4,
                            "Output": [
                                "PARTIAL count(*)"
                            ],
                            "Workers": [
                                {
                                    "Worker Number": 0,
                                    "Actual Startup Time": 54.263,
                                    "Actual Total Time": 54.264,
                                    "Actual Rows": 1,
                                    "Actual Loops": 1
                                },
                                {
                                    "Worker Number": 1,
                                    "Actual Startup Time": 54.893,
                                    "Actual Total Time": 54.894,
                                    "Actual Rows": 1,
                                    "Actual Loops": 1
                                },
                                {
                                    "Worker Number": 2,
                                    "Actual Startup Time": 55.545,
                                    "Actual Total Time": 55.547,
                                    "Actual Rows": 1,
                                    "Actual Loops": 1
                                }
                            ],
                            "Plans": [
                                {
                                    "Node Type": "Bitmap Heap Scan",
                                    "Parent Relationship": "Outer",
                                    "Parallel Aware": true,
                                    "Relation Name": "movie_companies",
                                    "Schema": "public",
                                    "Alias": "mc",
                                    "Startup Cost": 6638.94,
                                    "Total Cost": 26664.37,
                                    "Plan Rows": 98835,
                                    "Plan Width": 0,
                                    "Actual Startup Time": 22.488,
                                    "Actual Total Time": 52.48,
                                    "Actual Rows": 76977,
                                    "Actual Loops": 4,
                                    "Recheck Cond": "(mc.company_id > 92914)",
                                    "Rows Removed by Index Recheck": 0,
                                    "Exact Heap Blocks": 2953,
                                    "Lossy Heap Blocks": 0,
                                    "Workers": [
                                        {
                                            "Worker Number": 0,
                                            "Actual Startup Time": 18.957,
                                            "Actual Total Time": 49.646,
                                            "Actual Rows": 38625,
                                            "Actual Loops": 1
                                        },
                                        {
                                            "Worker Number": 1,
                                            "Actual Startup Time": 19.683,
                                            "Actual Total Time": 50.182,
                                            "Actual Rows": 41041,
                                            "Actual Loops": 1
                                        },
                                        {
                                            "Worker Number": 2,
                                            "Actual Startup Time": 20.215,
                                            "Actual Total Time": 50.706,
                                            "Actual Rows": 37814,
                                            "Actual Loops": 1
                                        }
                                    ],
                                    "Plans": [
                                        {
                                            "Node Type": "Bitmap Index Scan",
                                            "Parent Relationship": "Outer",
                                            "Parallel Aware": false,
                                            "Index Name": "company_id_movie_companies",
                                            "Startup Cost": 0.0,
                                            "Total Cost": 6562.34,
                                            "Plan Rows": 306388,
                                            "Plan Width": 0,
                                            "Actual Startup Time": 30.462,
                                            "Actual Total Time": 30.462,
                                            "Actual Rows": 307907,
                                            "Actual Loops": 1,
                                            "Index Cond": "(mc.company_id > 92914)"
                                        }
                                    ]
                                }
                            ]
                        }
                    ]
                }
            ]
        },
        "Planning Time": 183.457,
        "Triggers": [],
        "Execution Time": 70.878
    }
]