[
  {
    "Plan": {
      "Node Type": "Aggregate",
      "Strategy": "Plain",
      "Partial Mode": "Finalize",
      "Parallel Aware": false,
      "Startup Cost": 117986.01,
      "Total Cost": 117986.02,
      "Plan Rows": 1,
      "Plan Width": 8,
      "Actual Startup Time": 846.898,
      "Actual Total Time": 865.505,
      "Actual Rows": 1,
      "Actual Loops": 1,
      "Plans": [
        {
          "Node Type": "Gather",
          "Parent Relationship": "Outer",
          "Parallel Aware": false,
          "Startup Cost": 117985.69,
          "Total Cost": 117986.0,
          "Plan Rows": 3,
          "Plan Width": 8,
          "Actual Startup Time": 838.327,
          "Actual Total Time": 865.496,
          "Actual Rows": 4,
          "Actual Loops": 1,
          "Workers Planned": 3,
          "Workers Launched": 3,
          "Single Copy": false,
          "Plans": [
            {
              "Node Type": "Aggregate",
              "Strategy": "Plain",
              "Partial Mode": "Partial",
              "Parent Relationship": "Outer",
              "Parallel Aware": false,
              "Startup Cost": 116985.69,
              "Total Cost": 116985.7,
              "Plan Rows": 1,
              "Plan Width": 8,
              "Actual Startup Time": 832.221,
              "Actual Total Time": 832.641,
              "Actual Rows": 1,
              "Actual Loops": 4,
              "Plans": [
                {
                  "Node Type": "Hash Join",
                  "Parent Relationship": "Outer",
                  "Parallel Aware": true,
                  "Join Type": "Inner",
                  "Startup Cost": 68398.55,
                  "Total Cost": 116026.31,
                  "Plan Rows": 383750,
                  "Plan Width": 0,
                  "Actual Startup Time": 481.709,
                  "Actual Total Time": 777.748,
                  "Actual Rows": 1275808,
                  "Actual Loops": 4,
                  "Inner Unique": false,
                  "Hash Cond": "(mk.movie_id = t.id)",
                  "Plans": [
                    {
                      "Node Type": "Seq Scan",
                      "Parent Relationship": "Outer",
                      "Parallel Aware": true,
                      "Relation Name": "movie_keyword",
                      "Alias": "mk",
                      "Startup Cost": 0.0,
                      "Total Cost": 42695.65,
                      "Plan Rows": 1059395,
                      "Plan Width": 4,
                      "Actual Startup Time": 0.117,
                      "Actual Total Time": 113.414,
                      "Actual Rows": 819920,
                      "Actual Loops": 4,
                      "Filter": "(keyword_id > 1580)",
                      "Rows Removed by Filter": 311062
                    },
                    {
                      "Node Type": "Hash",
                      "Parent Relationship": "Inner",
                      "Parallel Aware": true,
                      "Startup Cost": 65536.41,
                      "Total Cost": 65536.41,
                      "Plan Rows": 228971,
                      "Plan Width": 8,
                      "Actual Startup Time": 477.79,
                      "Actual Total Time": 478.208,
                      "Actual Rows": 229962,
                      "Actual Loops": 4,
                      "Hash Buckets": 1048576,
                      "Original Hash Buckets": 1048576,
                      "Hash Batches": 1,
                      "Original Hash Batches": 1,
                      "Peak Memory Usage": 44224,
                      "Plans": [
                        {
                          "Node Type": "Hash Join",
                          "Parent Relationship": "Outer",
                          "Parallel Aware": true,
                          "Join Type": "Inner",
                          "Startup Cost": 19892.91,
                          "Total Cost": 65536.41,
                          "Plan Rows": 228971,
                          "Plan Width": 8,
                          "Actual Startup Time": 125.435,
                          "Actual Total Time": 407.255,
                          "Actual Rows": 229962,
                          "Actual Loops": 4,
                          "Inner Unique": false,
                          "Hash Cond": "(t.id = mi_idx.movie_id)",
                          "Plans": [
                            {
                              "Node Type": "Seq Scan",
                              "Parent Relationship": "Outer",
                              "Parallel Aware": true,
                              "Relation Name": "title",
                              "Alias": "t",
                              "Startup Cost": 0.0,
                              "Total Cost": 42319.06,
                              "Plan Rows": 632106,
                              "Plan Width": 4,
                              "Actual Startup Time": 0.014,
                              "Actual Total Time": 78.865,
                              "Actual Rows": 632078,
                              "Actual Loops": 4
                            },
                            {
                              "Node Type": "Hash",
                              "Parent Relationship": "Inner",
                              "Parallel Aware": true,
                              "Startup Cost": 15122.68,
                              "Total Cost": 15122.68,
                              "Plan Rows": 381618,
                              "Plan Width": 4,
                              "Actual Startup Time": 123.046,
                              "Actual Total Time": 123.047,
                              "Actual Rows": 229962,
                              "Actual Loops": 4,
                              "Hash Buckets": 1048576,
                              "Original Hash Buckets": 1048576,
                              "Hash Batches": 1,
                              "Original Hash Batches": 1,
                              "Peak Memory Usage": 44256,
                              "Plans": [
                                {
                                  "Node Type": "Seq Scan",
                                  "Parent Relationship": "Outer",
                                  "Parallel Aware": true,
                                  "Relation Name": "movie_info_idx",
                                  "Alias": "mi_idx",
                                  "Startup Cost": 0.0,
                                  "Total Cost": 15122.68,
                                  "Plan Rows": 381618,
                                  "Plan Width": 4,
                                  "Actual Startup Time": 0.065,
                                  "Actual Total Time": 50.231,
                                  "Actual Rows": 229962,
                                  "Actual Loops": 4,
                                  "Filter": "(info_type_id < 101)",
                                  "Rows Removed by Filter": 115046
                                }
                              ]
                            }
                          ]
                        }
                      ]
                    }
                  ]
                }
              ]
            }
          ]
        }
      ]
    },
    "Planning Time": 0.778,
    "Triggers": [],
    "Execution Time": 865.561
  }
]