[
  {
    "Plan": {
      "Node Type": "Aggregate",
      "Strategy": "Plain",
      "Partial Mode": "Simple",
      "Parallel Aware": false,
      "Startup Cost": 6873.53,
      "Total Cost": 6873.54,
      "Plan Rows": 1,
      "Plan Width": 8,
      "Actual Startup Time": 3.758,
      "Actual Total Time": 3.759,
      "Actual Rows": 1,
      "Actual Loops": 1,
      "Plans": [
        {
          "Node Type": "Index Scan",
          "Parent Relationship": "Outer",
          "Parallel Aware": false,
          "Scan Direction": "Forward",
          "Index Name": "company_id_movie_companies",
          "Relation Name": "movie_companies",
          "Alias": "mc",
          "Startup Cost": 0.43,
          "Total Cost": 6869.99,
          "Plan Rows": 1419,
          "Plan Width": 0,
          "Actual Startup Time": 0.929,
          "Actual Total Time": 3.51,
          "Actual Rows": 2201,
          "Actual Loops": 1,
          "Index Cond": "(company_id = 13015)",
          "Rows Removed by Index Recheck": 0,
          "Filter": "(company_type_id > 1)",
          "Rows Removed by Filter": 604
        }
      ]
    },
    "Planning Time": 0.149,
    "Triggers": [],
    "Execution Time": 3.79
  }
]