{
  "Plan": {
    "Node Type": "Aggregate",
    "Strategy": "Plain",
    "Partial Mode": "Finalize",
    "Parallel Aware": false,
    "Startup Cost": 342542.24,
    "Total Cost": 342542.25,
    "Plan Rows": 1,
    "Plan Width": 8,
    "Actual Startup Time": 2206.004,
    "Actual Total Time": 2255.862,
    "Actual Rows": 1,
    "Actual Loops": 1,
    "Plans": [
      {
        "Node Type": "Gather",
        "Parent Relationship": "Outer",
        "Parallel Aware": false,
        "Startup Cost": 342542.12,
        "Total Cost": 342542.23,
        "Plan Rows": 1,
        "Plan Width": 8,
        "Actual Startup Time": 2204.327,
        "Actual Total Time": 2255.854,
        "Actual Rows": 2,
        "Actual Loops": 1,
        "Workers Planned": 1,
        "Workers Launched": 1,
        "Single Copy": false,
        "Plans": [
          {
            "Node Type": "Aggregate",
            "Strategy": "Plain",
            "Partial Mode": "Partial",
            "Parent Relationship": "Outer",
            "Parallel Aware": false,
            "Startup Cost": 341542.12,
            "Total Cost": 341542.13,
            "Plan Rows": 1,
            "Plan Width": 8,
            "Actual Startup Time": 2198.525,
            "Actual Total Time": 2198.529,
            "Actual Rows": 1,
            "Actual Loops": 2,
            "Plans": [
              {
                "Node Type": "Hash Join",
                "Parent Relationship": "Outer",
                "Parallel Aware": true,
                "Join Type": "Inner",
                "Startup Cost": 63585.28,
                "Total Cost": 335368.77,
                "Plan Rows": 2469342,
                "Plan Width": 0,
                "Actual Startup Time": 266.935,
                "Actual Total Time": 2155.975,
                "Actual Rows": 1041651,
                "Actual Loops": 2,
                "Inner Unique": true,
                "Hash Cond": "(mi.movie_id = t.id)",
                "Plans": [
                  {
                    "Node Type": "Seq Scan",
                    "Parent Relationship": "Outer",
                    "Parallel Aware": true,
                    "Relation Name": "movie_info",
                    "Alias": "mi",
                    "Startup Cost": 0.0,
                    "Total Cost": 248955.74,
                    "Plan Rows": 8696274,
                    "Plan Width": 4,
                    "Actual Startup Time": 0.01,
                    "Actual Total Time": 622.076,
                    "Actual Rows": 7417860,
                    "Actual Loops": 2
                  },
                  {
                    "Node Type": "Hash",
                    "Parent Relationship": "Inner",
                    "Parallel Aware": true,
                    "Startup Cost": 58306.47,
                    "Total Cost": 58306.47,
                    "Plan Rows": 422305,
                    "Plan Width": 4,
                    "Actual Startup Time": 255.7,
                    "Actual Total Time": 255.701,
                    "Actual Rows": 381360,
                    "Actual Loops": 2,
                    "Hash Buckets": 1048576,
                    "Original Hash Buckets": 1048576,
                    "Hash Batches": 1,
                    "Original Hash Batches": 1,
                    "Peak Memory Usage": 38080,
                    "Plans": [
                      {
                        "Node Type": "Seq Scan",
                        "Parent Relationship": "Outer",
                        "Parallel Aware": true,
                        "Relation Name": "title",
                        "Alias": "t",
                        "Startup Cost": 0.0,
                        "Total Cost": 58306.47,
                        "Plan Rows": 422305,
                        "Plan Width": 4,
                        "Actual Startup Time": 0.04,
                        "Actual Total Time": 159.244,
                        "Actual Rows": 381360,
                        "Actual Loops": 2,
                        "Filter": "((kind_id > 2) AND (production_year > 2005))",
                        "Rows Removed by Filter": 882796
                      }
                    ]
                  }
                ]
              }
            ]
          }
        ]
      }
    ]
  },
  "Planning Time": 0.802,
  "Triggers": [],
  "Execution Time": 2255.942
}