[
  {
    "Plan": {
      "Node Type": "Aggregate",
      "Strategy": "Plain",
      "Partial Mode": "Finalize",
      "Parallel Aware": false,
      "Startup Cost": 61905.35,
      "Total Cost": 61905.36,
      "Plan Rows": 1,
      "Plan Width": 8,
      "Actual Startup Time": 205.604,
      "Actual Total Time": 218.598,
      "Actual Rows": 1,
      "Actual Loops": 1,
      "Plans": [
        {
          "Node Type": "Gather",
          "Parent Relationship": "Outer",
          "Parallel Aware": false,
          "Startup Cost": 61905.14,
          "Total Cost": 61905.35,
          "Plan Rows": 2,
          "Plan Width": 8,
          "Actual Startup Time": 204.947,
          "Actual Total Time": 218.591,
          "Actual Rows": 3,
          "Actual Loops": 1,
          "Workers Planned": 2,
          "Workers Launched": 2,
          "Single Copy": false,
          "Plans": [
            {
              "Node Type": "Aggregate",
              "Strategy": "Plain",
              "Partial Mode": "Partial",
              "Parent Relationship": "Outer",
              "Parallel Aware": false,
              "Startup Cost": 60905.14,
              "Total Cost": 60905.15,
              "Plan Rows": 1,
              "Plan Width": 8,
              "Actual Startup Time": 199.605,
              "Actual Total Time": 199.607,
              "Actual Rows": 1,
              "Actual Loops": 3,
              "Plans": [
                {
                  "Node Type": "Hash Join",
                  "Parent Relationship": "Outer",
                  "Parallel Aware": true,
                  "Join Type": "Inner",
                  "Startup Cost": 45675.02,
                  "Total Cost": 60869.58,
                  "Plan Rows": 14222,
                  "Plan Width": 0,
                  "Actual Startup Time": 120.862,
                  "Actual Total Time": 198.34,
                  "Actual Rows": 29811,
                  "Actual Loops": 3,
                  "Inner Unique": true,
                  "Hash Cond": "(mi_idx.movie_id = t.id)",
                  "Plans": [
                    {
                      "Node Type": "Seq Scan",
                      "Parent Relationship": "Outer",
                      "Parallel Aware": true,
                      "Relation Name": "movie_info_idx",
                      "Alias": "mi_idx",
                      "Startup Cost": 0.0,
                      "Total Cost": 13685.15,
                      "Plan Rows": 575015,
                      "Plan Width": 4,
                      "Actual Startup Time": 0.011,
                      "Actual Total Time": 35.192,
                      "Actual Rows": 460012,
                      "Actual Loops": 3
                    },
                    {
                      "Node Type": "Hash",
                      "Parent Relationship": "Inner",
                      "Parallel Aware": true,
                      "Startup Cost": 45479.59,
                      "Total Cost": 45479.59,
                      "Plan Rows": 15635,
                      "Plan Width": 4,
                      "Actual Startup Time": 119.203,
                      "Actual Total Time": 119.203,
                      "Actual Rows": 55893,
                      "Actual Loops": 3,
                      "Hash Buckets": 262144,
                      "Original Hash Buckets": 65536,
                      "Hash Batches": 1,
                      "Original Hash Batches": 1,
                      "Peak Memory Usage": 10208,
                      "Plans": [
                        {
                          "Node Type": "Seq Scan",
                          "Parent Relationship": "Outer",
                          "Parallel Aware": true,
                          "Relation Name": "title",
                          "Alias": "t",
                          "Startup Cost": 0.0,
                          "Total Cost": 45479.59,
                          "Plan Rows": 15635,
                          "Plan Width": 4,
                          "Actual Startup Time": 0.871,
                          "Actual Total Time": 102.528,
                          "Actual Rows": 55893,
                          "Actual Loops": 3,
                          "Filter": "((kind_id < 7) AND (production_year < 1952))",
                          "Rows Removed by Filter": 786877
                        }
                      ]
                    }
                  ]
                }
              ]
            }
          ]
        }
      ]
    },
    "Planning Time": 0.378,
    "Triggers": [],
    "Execution Time": 218.65
  }
]