[
  {
    "Plan": {
      "Node Type": "Aggregate",
      "Strategy": "Plain",
      "Partial Mode": "Finalize",
      "Parallel Aware": false,
      "Startup Cost": 61918.26,
      "Total Cost": 61918.27,
      "Plan Rows": 1,
      "Plan Width": 8,
      "Actual Startup Time": 224.941,
      "Actual Total Time": 237.206,
      "Actual Rows": 1,
      "Actual Loops": 1,
      "Plans": [
        {
          "Node Type": "Gather",
          "Parent Relationship": "Outer",
          "Parallel Aware": false,
          "Startup Cost": 61918.04,
          "Total Cost": 61918.25,
          "Plan Rows": 2,
          "Plan Width": 8,
          "Actual Startup Time": 223.895,
          "Actual Total Time": 237.198,
          "Actual Rows": 3,
          "Actual Loops": 1,
          "Workers Planned": 2,
          "Workers Launched": 2,
          "Single Copy": false,
          "Plans": [
            {
              "Node Type": "Aggregate",
              "Strategy": "Plain",
              "Partial Mode": "Partial",
              "Parent Relationship": "Outer",
              "Parallel Aware": false,
              "Startup Cost": 60918.04,
              "Total Cost": 60918.05,
              "Plan Rows": 1,
              "Plan Width": 8,
              "Actual Startup Time": 216.101,
              "Actual Total Time": 216.103,
              "Actual Rows": 1,
              "Actual Loops": 3,
              "Plans": [
                {
                  "Node Type": "Hash Join",
                  "Parent Relationship": "Outer",
                  "Parallel Aware": true,
                  "Join Type": "Inner",
                  "Startup Cost": 45685.86,
                  "Total Cost": 60880.42,
                  "Plan Rows": 15048,
                  "Plan Width": 0,
                  "Actual Startup Time": 133.735,
                  "Actual Total Time": 214.83,
                  "Actual Rows": 29811,
                  "Actual Loops": 3,
                  "Inner Unique": true,
                  "Hash Cond": "(mi_idx.movie_id = t.id)",
                  "Plans": [
                    {
                      "Node Type": "Seq Scan",
                      "Parent Relationship": "Outer",
                      "Parallel Aware": true,
                      "Relation Name": "movie_info_idx",
                      "Alias": "mi_idx",
                      "Startup Cost": 0.0,
                      "Total Cost": 13685.15,
                      "Plan Rows": 575015,
                      "Plan Width": 4,
                      "Actual Startup Time": 0.022,
                      "Actual Total Time": 35.008,
                      "Actual Rows": 460012,
                      "Actual Loops": 3
                    },
                    {
                      "Node Type": "Hash",
                      "Parent Relationship": "Inner",
                      "Parallel Aware": true,
                      "Startup Cost": 45479.1,
                      "Total Cost": 45479.1,
                      "Plan Rows": 16541,
                      "Plan Width": 4,
                      "Actual Startup Time": 131.06,
                      "Actual Total Time": 131.061,
                      "Actual Rows": 55893,
                      "Actual Loops": 3,
                      "Hash Buckets": 262144,
                      "Original Hash Buckets": 131072,
                      "Hash Batches": 1,
                      "Original Hash Batches": 1,
                      "Peak Memory Usage": 9696,
                      "Plans": [
                        {
                          "Node Type": "Seq Scan",
                          "Parent Relationship": "Outer",
                          "Parallel Aware": true,
                          "Relation Name": "title",
                          "Alias": "t",
                          "Startup Cost": 0.0,
                          "Total Cost": 45479.1,
                          "Plan Rows": 16541,
                          "Plan Width": 4,
                          "Actual Startup Time": 0.516,
                          "Actual Total Time": 112.133,
                          "Actual Rows": 55893,
                          "Actual Loops": 3,
                          "Filter": "((kind_id < 7) AND (production_year < 1952))",
                          "Rows Removed by Filter": 786877
                        }
                      ]
                    }
                  ]
                }
              ]
            }
          ]
        }
      ]
    },
    "Planning Time": 0.494,
    "Triggers": [],
    "Execution Time": 237.265
  }
]