[
  {
    "Plan": {
      "Node Type": "Aggregate",
      "Strategy": "Plain",
      "Partial Mode": "Finalize",
      "Parallel Aware": false,
      "Startup Cost": 49962.89,
      "Total Cost": 49962.9,
      "Plan Rows": 1,
      "Plan Width": 8,
      "Actual Startup Time": 104.081,
      "Actual Total Time": 116.665,
      "Actual Rows": 1,
      "Actual Loops": 1,
      "Plans": [
        {
          "Node Type": "Gather",
          "Parent Relationship": "Outer",
          "Parallel Aware": false,
          "Startup Cost": 49962.47,
          "Total Cost": 49962.88,
          "Plan Rows": 4,
          "Plan Width": 8,
          "Actual Startup Time": 103.935,
          "Actual Total Time": 116.656,
          "Actual Rows": 5,
          "Actual Loops": 1,
          "Workers Planned": 4,
          "Workers Launched": 4,
          "Single Copy": false,
          "Plans": [
            {
              "Node Type": "Aggregate",
              "Strategy": "Plain",
              "Partial Mode": "Partial",
              "Parent Relationship": "Outer",
              "Parallel Aware": false,
              "Startup Cost": 48962.47,
              "Total Cost": 48962.48,
              "Plan Rows": 1,
              "Plan Width": 8,
              "Actual Startup Time": 94.116,
              "Actual Total Time": 94.117,
              "Actual Rows": 1,
              "Actual Loops": 5,
              "Plans": [
                {
                  "Node Type": "Nested Loop",
                  "Parent Relationship": "Outer",
                  "Parallel Aware": false,
                  "Join Type": "Inner",
                  "Startup Cost": 0.43,
                  "Total Cost": 48962.02,
                  "Plan Rows": 183,
                  "Plan Width": 0,
                  "Actual Startup Time": 62.901,
                  "Actual Total Time": 94.053,
                  "Actual Rows": 397,
                  "Actual Loops": 5,
                  "Inner Unique": false,
                  "Plans": [
                    {
                      "Node Type": "Seq Scan",
                      "Parent Relationship": "Outer",
                      "Parallel Aware": true,
                      "Relation Name": "title",
                      "Alias": "t",
                      "Startup Cost": 0.0,
                      "Total Cost": 45479.1,
                      "Plan Rows": 178,
                      "Plan Width": 4,
                      "Actual Startup Time": 62.798,
                      "Actual Total Time": 89.612,
                      "Actual Rows": 221,
                      "Actual Loops": 5,
                      "Filter": "((kind_id < 7) AND (production_year = 1906))",
                      "Rows Removed by Filter": 505442
                    },
                    {
                      "Node Type": "Index Only Scan",
                      "Parent Relationship": "Inner",
                      "Parallel Aware": false,
                      "Scan Direction": "Forward",
                      "Index Name": "movie_id_movie_companies",
                      "Relation Name": "movie_companies",
                      "Alias": "mc",
                      "Startup Cost": 0.43,
                      "Total Cost": 19.52,
                      "Plan Rows": 5,
                      "Plan Width": 4,
                      "Actual Startup Time": 0.015,
                      "Actual Total Time": 0.019,
                      "Actual Rows": 2,
                      "Actual Loops": 1104,
                      "Index Cond": "(movie_id = t.id)",
                      "Rows Removed by Index Recheck": 0,
                      "Heap Fetches": 1983
                    }
                  ]
                }
              ]
            }
          ]
        }
      ]
    },
    "Planning Time": 0.635,
    "Triggers": [],
    "Execution Time": 116.738
  }
]