{
  "Plan": {
    "Node Type": "Aggregate",
    "Strategy": "Plain",
    "Partial Mode": "Finalize",
    "Parallel Aware": false,
    "Startup Cost": 391162.61,
    "Total Cost": 391162.62,
    "Plan Rows": 1,
    "Plan Width": 8,
    "Actual Startup Time": 3450.691,
    "Actual Total Time": 3504.445,
    "Actual Rows": 1,
    "Actual Loops": 1,
    "Plans": [
      {
        "Node Type": "Gather",
        "Parent Relationship": "Outer",
        "Parallel Aware": false,
        "Startup Cost": 391162.5,
        "Total Cost": 391162.61,
        "Plan Rows": 1,
        "Plan Width": 8,
        "Actual Startup Time": 3446.047,
        "Actual Total Time": 3504.435,
        "Actual Rows": 2,
        "Actual Loops": 1,
        "Workers Planned": 1,
        "Workers Launched": 1,
        "Single Copy": false,
        "Plans": [
          {
            "Node Type": "Aggregate",
            "Strategy": "Plain",
            "Partial Mode": "Partial",
            "Parent Relationship": "Outer",
            "Parallel Aware": false,
            "Startup Cost": 390162.5,
            "Total Cost": 390162.51,
            "Plan Rows": 1,
            "Plan Width": 8,
            "Actual Startup Time": 3436.99,
            "Actual Total Time": 3436.995,
            "Actual Rows": 1,
            "Actual Loops": 2,
            "Plans": [
              {
                "Node Type": "Hash Join",
                "Parent Relationship": "Outer",
                "Parallel Aware": true,
                "Join Type": "Inner",
                "Startup Cost": 105892.99,
                "Total Cost": 388519.59,
                "Plan Rows": 657165,
                "Plan Width": 0,
                "Actual Startup Time": 581.574,
                "Actual Total Time": 3288.418,
                "Actual Rows": 3306573,
                "Actual Loops": 2,
                "Inner Unique": false,
                "Hash Cond": "(t.id = mc.movie_id)",
                "Plans": [
                  {
                    "Node Type": "Hash Join",
                    "Parent Relationship": "Outer",
                    "Parallel Aware": true,
                    "Join Type": "Inner",
                    "Startup Cost": 56974.94,
                    "Total Cost": 328758.43,
                    "Plan Rows": 1116389,
                    "Plan Width": 8,
                    "Actual Startup Time": 205.52,
                    "Actual Total Time": 2152.761,
                    "Actual Rows": 1643251,
                    "Actual Loops": 2,
                    "Inner Unique": true,
                    "Hash Cond": "(mi.movie_id = t.id)",
                    "Plans": [
                      {
                        "Node Type": "Seq Scan",
                        "Parent Relationship": "Outer",
                        "Parallel Aware": true,
                        "Relation Name": "movie_info",
                        "Alias": "mi",
                        "Startup Cost": 0.0,
                        "Total Cost": 248955.74,
                        "Plan Rows": 8696274,
                        "Plan Width": 4,
                        "Actual Startup Time": 0.011,
                        "Actual Total Time": 680.481,
                        "Actual Rows": 7417860,
                        "Actual Loops": 2
                      },
                      {
                        "Node Type": "Hash",
                        "Parent Relationship": "Inner",
                        "Parallel Aware": true,
                        "Startup Cost": 54588.39,
                        "Total Cost": 54588.39,
                        "Plan Rows": 190924,
                        "Plan Width": 4,
                        "Actual Startup Time": 200.875,
                        "Actual Total Time": 200.876,
                        "Actual Rows": 168923,
                        "Actual Loops": 2,
                        "Hash Buckets": 524288,
                        "Original Hash Buckets": 524288,
                        "Hash Batches": 1,
                        "Original Hash Batches": 1,
                        "Peak Memory Usage": 17344,
                        "Plans": [
                          {
                            "Node Type": "Seq Scan",
                            "Parent Relationship": "Outer",
                            "Parallel Aware": true,
                            "Relation Name": "title",
                            "Alias": "t",
                            "Startup Cost": 0.0,
                            "Total Cost": 54588.39,
                            "Plan Rows": 190924,
                            "Plan Width": 4,
                            "Actual Startup Time": 0.028,
                            "Actual Total Time": 151.403,
                            "Actual Rows": 168923,
                            "Actual Loops": 2,
                            "Filter": "(production_year < 1968)",
                            "Rows Removed by Filter": 1095233
                          }
                        ]
                      }
                    ]
                  },
                  {
                    "Node Type": "Hash",
                    "Parent Relationship": "Inner",
                    "Parallel Aware": true,
                    "Startup Cost": 37974.77,
                    "Total Cost": 37974.77,
                    "Plan Rows": 875462,
                    "Plan Width": 4,
                    "Actual Startup Time": 360.713,
                    "Actual Total Time": 360.714,
                    "Actual Rows": 744161,
                    "Actual Loops": 2,
                    "Hash Buckets": 2097152,
                    "Original Hash Buckets": 2097152,
                    "Hash Batches": 1,
                    "Original Hash Batches": 1,
                    "Peak Memory Usage": 74624,
                    "Plans": [
                      {
                        "Node Type": "Seq Scan",
                        "Parent Relationship": "Outer",
                        "Parallel Aware": true,
                        "Relation Name": "movie_companies",
                        "Alias": "mc",
                        "Startup Cost": 0.0,
                        "Total Cost": 37974.77,
                        "Plan Rows": 875462,
                        "Plan Width": 4,
                        "Actual Startup Time": 14.74,
                        "Actual Total Time": 162.583,
                        "Actual Rows": 744161,
                        "Actual Loops": 2,
                        "Filter": "(company_id > 7851)",
                        "Rows Removed by Filter": 560404
                      }
                    ]
                  }
                ]
              }
            ]
          }
        ]
      }
    ]
  },
  "Planning Time": 0.939,
  "Triggers": [],
  "Execution Time": 3504.534
}