[
  {
    "Plan": {
      "Node Type": "Aggregate",
      "Strategy": "Plain",
      "Partial Mode": "Finalize",
      "Parallel Aware": false,
      "Startup Cost": 397706.28,
      "Total Cost": 397706.29,
      "Plan Rows": 1,
      "Plan Width": 8,
      "Actual Startup Time": 1103.387,
      "Actual Total Time": 1163.279,
      "Actual Rows": 1,
      "Actual Loops": 1,
      "Plans": [
        {
          "Node Type": "Gather",
          "Parent Relationship": "Outer",
          "Parallel Aware": false,
          "Startup Cost": 397705.66,
          "Total Cost": 397706.27,
          "Plan Rows": 6,
          "Plan Width": 8,
          "Actual Startup Time": 1091.226,
          "Actual Total Time": 1163.258,
          "Actual Rows": 7,
          "Actual Loops": 1,
          "Workers Planned": 6,
          "Workers Launched": 6,
          "Single Copy": false,
          "Plans": [
            {
              "Node Type": "Aggregate",
              "Strategy": "Plain",
              "Partial Mode": "Partial",
              "Parent Relationship": "Outer",
              "Parallel Aware": false,
              "Startup Cost": 396705.66,
              "Total Cost": 396705.67,
              "Plan Rows": 1,
              "Plan Width": 8,
              "Actual Startup Time": 1076.524,
              "Actual Total Time": 1076.528,
              "Actual Rows": 1,
              "Actual Loops": 7,
              "Plans": [
                {
                  "Node Type": "Hash Join",
                  "Parent Relationship": "Outer",
                  "Parallel Aware": true,
                  "Join Type": "Inner",
                  "Startup Cost": 49630.1,
                  "Total Cost": 395452.09,
                  "Plan Rows": 501425,
                  "Plan Width": 0,
                  "Actual Startup Time": 633.349,
                  "Actual Total Time": 1065.599,
                  "Actual Rows": 188156,
                  "Actual Loops": 7,
                  "Inner Unique": true,
                  "Hash Cond": "(ci.movie_id = t.id)",
                  "Plans": [
                    {
                      "Node Type": "Seq Scan",
                      "Parent Relationship": "Outer",
                      "Parallel Aware": true,
                      "Relation Name": "cast_info",
                      "Alias": "ci",
                      "Startup Cost": 0.0,
                      "Total Cost": 343316.27,
                      "Plan Rows": 954562,
                      "Plan Width": 4,
                      "Actual Startup Time": 426.872,
                      "Actual Total Time": 685.801,
                      "Actual Rows": 439784,
                      "Actual Loops": 7,
                      "Filter": "((person_id > 2989078) AND (role_id < 9))",
                      "Rows Removed by Filter": 4737980
                    },
                    {
                      "Node Type": "Hash",
                      "Parent Relationship": "Inner",
                      "Parallel Aware": true,
                      "Startup Cost": 45479.59,
                      "Total Cost": 45479.59,
                      "Plan Rows": 332041,
                      "Plan Width": 4,
                      "Actual Startup Time": 201.672,
                      "Actual Total Time": 201.673,
                      "Actual Rows": 185447,
                      "Actual Loops": 7,
                      "Hash Buckets": 2097152,
                      "Original Hash Buckets": 2097152,
                      "Hash Batches": 1,
                      "Original Hash Batches": 1,
                      "Peak Memory Usage": 67328,
                      "Plans": [
                        {
                          "Node Type": "Seq Scan",
                          "Parent Relationship": "Outer",
                          "Parallel Aware": true,
                          "Relation Name": "title",
                          "Alias": "t",
                          "Startup Cost": 0.0,
                          "Total Cost": 45479.59,
                          "Plan Rows": 332041,
                          "Plan Width": 4,
                          "Actual Startup Time": 0.053,
                          "Actual Total Time": 94.189,
                          "Actual Rows": 185447,
                          "Actual Loops": 7,
                          "Filter": "((kind_id > 1) AND (production_year < 2009))",
                          "Rows Removed by Filter": 175741
                        }
                      ]
                    }
                  ]
                }
              ]
            }
          ]
        }
      ]
    },
    "Planning Time": 0.519,
    "Triggers": [],
    "Execution Time": 1163.451
  }
]