[
  {
    "Plan": {
      "Node Type": "Aggregate",
      "Strategy": "Plain",
      "Partial Mode": "Finalize",
      "Parallel Aware": false,
      "Startup Cost": 90058.05,
      "Total Cost": 90058.06,
      "Plan Rows": 1,
      "Plan Width": 8,
      "Actual Startup Time": 311.21,
      "Actual Total Time": 328.018,
      "Actual Rows": 1,
      "Actual Loops": 1,
      "Plans": [
        {
          "Node Type": "Gather",
          "Parent Relationship": "Outer",
          "Parallel Aware": false,
          "Startup Cost": 90057.73,
          "Total Cost": 90058.04,
          "Plan Rows": 3,
          "Plan Width": 8,
          "Actual Startup Time": 310.181,
          "Actual Total Time": 328.009,
          "Actual Rows": 4,
          "Actual Loops": 1,
          "Workers Planned": 3,
          "Workers Launched": 3,
          "Single Copy": false,
          "Plans": [
            {
              "Node Type": "Aggregate",
              "Strategy": "Plain",
              "Partial Mode": "Partial",
              "Parent Relationship": "Outer",
              "Parallel Aware": false,
              "Startup Cost": 89057.73,
              "Total Cost": 89057.74,
              "Plan Rows": 1,
              "Plan Width": 8,
              "Actual Startup Time": 301.432,
              "Actual Total Time": 301.436,
              "Actual Rows": 1,
              "Actual Loops": 4,
              "Plans": [
                {
                  "Node Type": "Hash Join",
                  "Parent Relationship": "Outer",
                  "Parallel Aware": true,
                  "Join Type": "Inner",
                  "Startup Cost": 45958.35,
                  "Total Cost": 88836.43,
                  "Plan Rows": 88520,
                  "Plan Width": 0,
                  "Actual Startup Time": 111.081,
                  "Actual Total Time": 298.781,
                  "Actual Rows": 53792,
                  "Actual Loops": 4,
                  "Inner Unique": true,
                  "Hash Cond": "(mk.movie_id = t.id)",
                  "Plans": [
                    {
                      "Node Type": "Seq Scan",
                      "Parent Relationship": "Outer",
                      "Parallel Aware": true,
                      "Relation Name": "movie_keyword",
                      "Alias": "mk",
                      "Startup Cost": 0.0,
                      "Total Cost": 39047.32,
                      "Plan Rows": 1459332,
                      "Plan Width": 4,
                      "Actual Startup Time": 0.024,
                      "Actual Total Time": 91.555,
                      "Actual Rows": 1130982,
                      "Actual Loops": 4
                    },
                    {
                      "Node Type": "Hash",
                      "Parent Relationship": "Inner",
                      "Parallel Aware": true,
                      "Startup Cost": 45479.1,
                      "Total Cost": 45479.1,
                      "Plan Rows": 38340,
                      "Plan Width": 4,
                      "Actual Startup Time": 108.459,
                      "Actual Total Time": 108.46,
                      "Actual Rows": 33690,
                      "Actual Loops": 4,
                      "Hash Buckets": 262144,
                      "Original Hash Buckets": 262144,
                      "Hash Batches": 1,
                      "Original Hash Batches": 1,
                      "Peak Memory Usage": 7392,
                      "Plans": [
                        {
                          "Node Type": "Seq Scan",
                          "Parent Relationship": "Outer",
                          "Parallel Aware": true,
                          "Relation Name": "title",
                          "Alias": "t",
                          "Startup Cost": 0.0,
                          "Total Cost": 45479.1,
                          "Plan Rows": 38340,
                          "Plan Width": 4,
                          "Actual Startup Time": 0.073,
                          "Actual Total Time": 96.613,
                          "Actual Rows": 33690,
                          "Actual Loops": 4,
                          "Filter": "((kind_id < 7) AND (production_year > 2010))",
                          "Rows Removed by Filter": 598388
                        }
                      ]
                    }
                  ]
                }
              ]
            }
          ]
        }
      ]
    },
    "Planning Time": 0.556,
    "Triggers": [],
    "Execution Time": 328.084
  }
]