[
  {
    "Plan": {
      "Node Type": "Aggregate",
      "Strategy": "Plain",
      "Partial Mode": "Finalize",
      "Parallel Aware": false,
      "Startup Cost": 71527.73,
      "Total Cost": 71527.74,
      "Plan Rows": 1,
      "Plan Width": 8,
      "Actual Startup Time": 163.41,
      "Actual Total Time": 176.632,
      "Actual Rows": 1,
      "Actual Loops": 1,
      "Plans": [
        {
          "Node Type": "Gather",
          "Parent Relationship": "Outer",
          "Parallel Aware": false,
          "Startup Cost": 71527.41,
          "Total Cost": 71527.72,
          "Plan Rows": 3,
          "Plan Width": 8,
          "Actual Startup Time": 162.342,
          "Actual Total Time": 176.625,
          "Actual Rows": 4,
          "Actual Loops": 1,
          "Workers Planned": 3,
          "Workers Launched": 3,
          "Single Copy": false,
          "Plans": [
            {
              "Node Type": "Aggregate",
              "Strategy": "Plain",
              "Partial Mode": "Partial",
              "Parent Relationship": "Outer",
              "Parallel Aware": false,
              "Startup Cost": 70527.41,
              "Total Cost": 70527.42,
              "Plan Rows": 1,
              "Plan Width": 8,
              "Actual Startup Time": 153.041,
              "Actual Total Time": 153.044,
              "Actual Rows": 1,
              "Actual Loops": 4,
              "Plans": [
                {
                  "Node Type": "Hash Join",
                  "Parent Relationship": "Outer",
                  "Parallel Aware": true,
                  "Join Type": "Inner",
                  "Startup Cost": 50593.25,
                  "Total Cost": 70522.34,
                  "Plan Rows": 2029,
                  "Plan Width": 0,
                  "Actual Startup Time": 124.682,
                  "Actual Total Time": 152.603,
                  "Actual Rows": 8572,
                  "Actual Loops": 4,
                  "Inner Unique": true,
                  "Hash Cond": "(mc.movie_id = t.id)",
                  "Plans": [
                    {
                      "Node Type": "Bitmap Heap Scan",
                      "Parent Relationship": "Outer",
                      "Parallel Aware": true,
                      "Relation Name": "movie_companies",
                      "Alias": "mc",
                      "Startup Cost": 4661.38,
                      "Total Cost": 24497.51,
                      "Plan Rows": 35411,
                      "Plan Width": 4,
                      "Actual Startup Time": 9.51,
                      "Actual Total Time": 24.661,
                      "Actual Rows": 53069,
                      "Actual Loops": 4,
                      "Recheck Cond": "(company_id > 109940)",
                      "Rows Removed by Index Recheck": 0,
                      "Filter": "(company_type_id = 2)",
                      "Rows Removed by Filter": 0,
                      "Exact Heap Blocks": 1423,
                      "Lossy Heap Blocks": 0,
                      "Plans": [
                        {
                          "Node Type": "Bitmap Index Scan",
                          "Parent Relationship": "Outer",
                          "Parallel Aware": false,
                          "Index Name": "company_id_movie_companies",
                          "Startup Cost": 0.0,
                          "Total Cost": 4633.94,
                          "Plan Rows": 216201,
                          "Plan Width": 0,
                          "Actual Startup Time": 8.836,
                          "Actual Total Time": 8.837,
                          "Actual Rows": 212275,
                          "Actual Loops": 1,
                          "Index Cond": "(company_id > 109940)"
                        }
                      ]
                    },
                    {
                      "Node Type": "Hash",
                      "Parent Relationship": "Inner",
                      "Parallel Aware": true,
                      "Startup Cost": 45479.1,
                      "Total Cost": 45479.1,
                      "Plan Rows": 36222,
                      "Plan Width": 4,
                      "Actual Startup Time": 112.798,
                      "Actual Total Time": 112.799,
                      "Actual Rows": 62969,
                      "Actual Loops": 4,
                      "Hash Buckets": 262144,
                      "Original Hash Buckets": 262144,
                      "Hash Batches": 1,
                      "Original Hash Batches": 1,
                      "Peak Memory Usage": 11968,
                      "Plans": [
                        {
                          "Node Type": "Seq Scan",
                          "Parent Relationship": "Outer",
                          "Parallel Aware": true,
                          "Relation Name": "title",
                          "Alias": "t",
                          "Startup Cost": 0.0,
                          "Total Cost": 45479.1,
                          "Plan Rows": 36222,
                          "Plan Width": 4,
                          "Actual Startup Time": 0.189,
                          "Actual Total Time": 94.244,
                          "Actual Rows": 62969,
                          "Actual Loops": 4,
                          "Filter": "((kind_id < 7) AND (production_year < 1971))",
                          "Rows Removed by Filter": 569109
                        }
                      ]
                    }
                  ]
                }
              ]
            }
          ]
        }
      ]
    },
    "Planning Time": 0.65,
    "Triggers": [],
    "Execution Time": 176.717
  }
]