[
  {
    "Plan": {
      "Node Type": "Aggregate",
      "Strategy": "Plain",
      "Partial Mode": "Finalize",
      "Parallel Aware": false,
      "Startup Cost": 348055.13,
      "Total Cost": 348055.14,
      "Plan Rows": 1,
      "Plan Width": 8,
      "Actual Startup Time": 825.092,
      "Actual Total Time": 872.126,
      "Actual Rows": 1,
      "Actual Loops": 1,
      "Plans": [
        {
          "Node Type": "Gather",
          "Parent Relationship": "Outer",
          "Parallel Aware": false,
          "Startup Cost": 348054.51,
          "Total Cost": 348055.11,
          "Plan Rows": 6,
          "Plan Width": 8,
          "Actual Startup Time": 824.909,
          "Actual Total Time": 872.114,
          "Actual Rows": 7,
          "Actual Loops": 1,
          "Workers Planned": 6,
          "Workers Launched": 6,
          "Single Copy": false,
          "Plans": [
            {
              "Node Type": "Aggregate",
              "Strategy": "Plain",
              "Partial Mode": "Partial",
              "Parent Relationship": "Outer",
              "Parallel Aware": false,
              "Startup Cost": 347054.51,
              "Total Cost": 347054.52,
              "Plan Rows": 1,
              "Plan Width": 8,
              "Actual Startup Time": 816.658,
              "Actual Total Time": 816.659,
              "Actual Rows": 1,
              "Actual Loops": 7,
              "Plans": [
                {
                  "Node Type": "Seq Scan",
                  "Parent Relationship": "Outer",
                  "Parallel Aware": true,
                  "Relation Name": "cast_info",
                  "Alias": "ci",
                  "Startup Cost": 0.0,
                  "Total Cost": 343316.27,
                  "Plan Rows": 1495294,
                  "Plan Width": 0,
                  "Actual Startup Time": 397.568,
                  "Actual Total Time": 731.112,
                  "Actual Rows": 1659955,
                  "Actual Loops": 7,
                  "Filter": "((person_id > 1599185) AND (role_id > 2))",
                  "Rows Removed by Filter": 3517808
                }
              ]
            }
          ]
        }
      ]
    },
    "Planning Time": 0.235,
    "Triggers": [],
    "Execution Time": 872.212
  }
]