[
  {
    "Plan": {
      "Node Type": "Aggregate",
      "Strategy": "Plain",
      "Partial Mode": "Finalize",
      "Parallel Aware": false,
      "Startup Cost": 44361.72,
      "Total Cost": 44361.73,
      "Plan Rows": 1,
      "Plan Width": 8,
      "Actual Startup Time": 119.081,
      "Actual Total Time": 129.915,
      "Actual Rows": 1,
      "Actual Loops": 1,
      "Plans": [
        {
          "Node Type": "Gather",
          "Parent Relationship": "Outer",
          "Parallel Aware": false,
          "Startup Cost": 44361.41,
          "Total Cost": 44361.72,
          "Plan Rows": 3,
          "Plan Width": 8,
          "Actual Startup Time": 118.921,
          "Actual Total Time": 129.899,
          "Actual Rows": 4,
          "Actual Loops": 1,
          "Workers Planned": 3,
          "Workers Launched": 3,
          "Single Copy": false,
          "Plans": [
            {
              "Node Type": "Aggregate",
              "Strategy": "Plain",
              "Partial Mode": "Partial",
              "Parent Relationship": "Outer",
              "Parallel Aware": false,
              "Startup Cost": 43361.41,
              "Total Cost": 43361.42,
              "Plan Rows": 1,
              "Plan Width": 8,
              "Actual Startup Time": 115.071,
              "Actual Total Time": 115.073,
              "Actual Rows": 1,
              "Actual Loops": 4,
              "Plans": [
                {
                  "Node Type": "Seq Scan",
                  "Parent Relationship": "Outer",
                  "Parallel Aware": true,
                  "Relation Name": "movie_keyword",
                  "Alias": "mk",
                  "Startup Cost": 0.0,
                  "Total Cost": 42695.65,
                  "Plan Rows": 266301,
                  "Plan Width": 0,
                  "Actual Startup Time": 2.101,
                  "Actual Total Time": 104.253,
                  "Actual Rows": 206146,
                  "Actual Loops": 4,
                  "Filter": "(keyword_id > 22276)",
                  "Rows Removed by Filter": 924836
                }
              ]
            }
          ]
        }
      ]
    },
    "Planning Time": 0.107,
    "Triggers": [],
    "Execution Time": 129.953
  }
]