{
  "Plan": {
    "Node Type": "Aggregate",
    "Strategy": "Plain",
    "Partial Mode": "Finalize",
    "Parallel Aware": false,
    "Startup Cost": 90657.55,
    "Total Cost": 90657.56,
    "Plan Rows": 1,
    "Plan Width": 8,
    "Actual Startup Time": 189.618,
    "Actual Total Time": 204.927,
    "Actual Rows": 1,
    "Actual Loops": 1,
    "Plans": [
      {
        "Node Type": "Gather",
        "Parent Relationship": "Outer",
        "Parallel Aware": false,
        "Startup Cost": 90657.43,
        "Total Cost": 90657.54,
        "Plan Rows": 1,
        "Plan Width": 8,
        "Actual Startup Time": 189.37,
        "Actual Total Time": 204.921,
        "Actual Rows": 2,
        "Actual Loops": 1,
        "Workers Planned": 1,
        "Workers Launched": 1,
        "Single Copy": false,
        "Plans": [
          {
            "Node Type": "Aggregate",
            "Strategy": "Plain",
            "Partial Mode": "Partial",
            "Parent Relationship": "Outer",
            "Parallel Aware": false,
            "Startup Cost": 89657.43,
            "Total Cost": 89657.44,
            "Plan Rows": 1,
            "Plan Width": 8,
            "Actual Startup Time": 183.153,
            "Actual Total Time": 183.156,
            "Actual Rows": 1,
            "Actual Loops": 2,
            "Plans": [
              {
                "Node Type": "Nested Loop",
                "Parent Relationship": "Outer",
                "Parallel Aware": false,
                "Join Type": "Inner",
                "Startup Cost": 58995.79,
                "Total Cost": 89651.76,
                "Plan Rows": 2268,
                "Plan Width": 0,
                "Actual Startup Time": 171.315,
                "Actual Total Time": 183.117,
                "Actual Rows": 439,
                "Actual Loops": 2,
                "Inner Unique": false,
                "Plans": [
                  {
                    "Node Type": "Hash Join",
                    "Parent Relationship": "Outer",
                    "Parallel Aware": true,
                    "Join Type": "Inner",
                    "Startup Cost": 58995.23,
                    "Total Cost": 83853.57,
                    "Plan Rows": 158,
                    "Plan Width": 8,
                    "Actual Startup Time": 171.242,
                    "Actual Total Time": 181.51,
                    "Actual Rows": 9,
                    "Actual Loops": 2,
                    "Inner Unique": true,
                    "Hash Cond": "(mk.movie_id = t.id)",
                    "Plans": [
                      {
                        "Node Type": "Bitmap Heap Scan",
                        "Parent Relationship": "Outer",
                        "Parallel Aware": true,
                        "Relation Name": "movie_keyword",
                        "Alias": "mk",
                        "Startup Cost": 453.24,
                        "Total Cost": 25278.74,
                        "Plan Rows": 12509,
                        "Plan Width": 4,
                        "Actual Startup Time": 4.543,
                        "Actual Total Time": 13.811,
                        "Actual Rows": 9735,
                        "Actual Loops": 2,
                        "Recheck Cond": "(keyword_id > 117717)",
                        "Rows Removed by Index Recheck": 0,
                        "Exact Heap Blocks": 4876,
                        "Lossy Heap Blocks": 0,
                        "Plans": [
                          {
                            "Node Type": "Bitmap Index Scan",
                            "Parent Relationship": "Outer",
                            "Parallel Aware": false,
                            "Index Name": "keyword_id_movie_keyword",
                            "Startup Cost": 0.0,
                            "Total Cost": 447.92,
                            "Plan Rows": 21265,
                            "Plan Width": 0,
                            "Actual Startup Time": 3.285,
                            "Actual Total Time": 3.285,
                            "Actual Rows": 19470,
                            "Actual Loops": 1,
                            "Index Cond": "(keyword_id > 117717)"
                          }
                        ]
                      },
                      {
                        "Node Type": "Hash",
                        "Parent Relationship": "Inner",
                        "Parallel Aware": true,
                        "Startup Cost": 58306.47,
                        "Total Cost": 58306.47,
                        "Plan Rows": 18842,
                        "Plan Width": 4,
                        "Actual Startup Time": 164.884,
                        "Actual Total Time": 164.885,
                        "Actual Rows": 20070,
                        "Actual Loops": 2,
                        "Hash Buckets": 65536,
                        "Original Hash Buckets": 32768,
                        "Hash Batches": 1,
                        "Original Hash Batches": 1,
                        "Peak Memory Usage": 2368,
                        "Plans": [
                          {
                            "Node Type": "Seq Scan",
                            "Parent Relationship": "Outer",
                            "Parallel Aware": true,
                            "Relation Name": "title",
                            "Alias": "t",
                            "Startup Cost": 0.0,
                            "Total Cost": 58306.47,
                            "Plan Rows": 18842,
                            "Plan Width": 4,
                            "Actual Startup Time": 0.047,
                            "Actual Total Time": 155.207,
                            "Actual Rows": 20070,
                            "Actual Loops": 2,
                            "Filter": "((kind_id > 4) AND (production_year = 2001))",
                            "Rows Removed by Filter": 1244086
                          }
                        ]
                      }
                    ]
                  },
                  {
                    "Node Type": "Index Only Scan",
                    "Parent Relationship": "Inner",
                    "Parallel Aware": false,
                    "Scan Direction": "Forward",
                    "Index Name": "movie_id_cast_info",
                    "Relation Name": "cast_info",
                    "Alias": "ci",
                    "Startup Cost": 0.56,
                    "Total Cost": 36.33,
                    "Plan Rows": 37,
                    "Plan Width": 4,
                    "Actual Startup Time": 0.022,
                    "Actual Total Time": 0.172,
                    "Actual Rows": 49,
                    "Actual Loops": 18,
                    "Index Cond": "(movie_id = t.id)",
                    "Rows Removed by Index Recheck": 0,
                    "Heap Fetches": 878
                  }
                ]
              }
            ]
          }
        ]
      }
    ]
  },
  "Planning Time": 1.08,
  "Triggers": [],
  "Execution Time": 205.034
}