[
  {
    "Plan": {
      "Node Type": "Aggregate",
      "Strategy": "Plain",
      "Partial Mode": "Finalize",
      "Parallel Aware": false,
      "Startup Cost": 128591.84,
      "Total Cost": 128591.85,
      "Plan Rows": 1,
      "Plan Width": 8,
      "Actual Startup Time": 1237.001,
      "Actual Total Time": 1258.722,
      "Actual Rows": 1,
      "Actual Loops": 1,
      "Plans": [
        {
          "Node Type": "Gather",
          "Parent Relationship": "Outer",
          "Parallel Aware": false,
          "Startup Cost": 128591.52,
          "Total Cost": 128591.83,
          "Plan Rows": 3,
          "Plan Width": 8,
          "Actual Startup Time": 1234.357,
          "Actual Total Time": 1258.712,
          "Actual Rows": 4,
          "Actual Loops": 1,
          "Workers Planned": 3,
          "Workers Launched": 3,
          "Single Copy": false,
          "Plans": [
            {
              "Node Type": "Aggregate",
              "Strategy": "Plain",
              "Partial Mode": "Partial",
              "Parent Relationship": "Outer",
              "Parallel Aware": false,
              "Startup Cost": 127591.52,
              "Total Cost": 127591.53,
              "Plan Rows": 1,
              "Plan Width": 8,
              "Actual Startup Time": 1223.616,
              "Actual Total Time": 1223.622,
              "Actual Rows": 1,
              "Actual Loops": 4,
              "Plans": [
                {
                  "Node Type": "Hash Join",
                  "Parent Relationship": "Outer",
                  "Parallel Aware": true,
                  "Join Type": "Inner",
                  "Startup Cost": 79107.33,
                  "Total Cost": 126922.09,
                  "Plan Rows": 267773,
                  "Plan Width": 0,
                  "Actual Startup Time": 471.195,
                  "Actual Total Time": 1005.152,
                  "Actual Rows": 4842846,
                  "Actual Loops": 4,
                  "Inner Unique": false,
                  "Hash Cond": "(mk.movie_id = t.id)",
                  "Plans": [
                    {
                      "Node Type": "Seq Scan",
                      "Parent Relationship": "Outer",
                      "Parallel Aware": true,
                      "Relation Name": "movie_keyword",
                      "Alias": "mk",
                      "Startup Cost": 0.0,
                      "Total Cost": 42695.65,
                      "Plan Rows": 1134754,
                      "Plan Width": 4,
                      "Actual Startup Time": 0.032,
                      "Actual Total Time": 117.083,
                      "Actual Rows": 879960,
                      "Actual Loops": 4,
                      "Filter": "(keyword_id < 18363)",
                      "Rows Removed by Filter": 251023
                    },
                    {
                      "Node Type": "Hash",
                      "Parent Relationship": "Inner",
                      "Parallel Aware": true,
                      "Startup Cost": 76701.64,
                      "Total Cost": 76701.64,
                      "Plan Rows": 192455,
                      "Plan Width": 8,
                      "Actual Startup Time": 425.603,
                      "Actual Total Time": 425.607,
                      "Actual Rows": 219638,
                      "Actual Loops": 4,
                      "Hash Buckets": 1048576,
                      "Original Hash Buckets": 1048576,
                      "Hash Batches": 1,
                      "Original Hash Batches": 1,
                      "Peak Memory Usage": 42656,
                      "Plans": [
                        {
                          "Node Type": "Hash Join",
                          "Parent Relationship": "Outer",
                          "Parallel Aware": true,
                          "Join Type": "Inner",
                          "Startup Cost": 47285.75,
                          "Total Cost": 76701.64,
                          "Plan Rows": 192455,
                          "Plan Width": 8,
                          "Actual Startup Time": 190.529,
                          "Actual Total Time": 358.896,
                          "Actual Rows": 219638,
                          "Actual Loops": 4,
                          "Inner Unique": true,
                          "Hash Cond": "(mc.movie_id = t.id)",
                          "Plans": [
                            {
                              "Node Type": "Seq Scan",
                              "Parent Relationship": "Outer",
                              "Parallel Aware": true,
                              "Relation Name": "movie_companies",
                              "Alias": "mc",
                              "Startup Cost": 0.0,
                              "Total Cost": 27206.55,
                              "Plan Rows": 841655,
                              "Plan Width": 4,
                              "Actual Startup Time": 0.017,
                              "Actual Total Time": 61.995,
                              "Actual Rows": 652282,
                              "Actual Loops": 4
                            },
                            {
                              "Node Type": "Hash",
                              "Parent Relationship": "Inner",
                              "Parallel Aware": true,
                              "Startup Cost": 45479.1,
                              "Total Cost": 45479.1,
                              "Plan Rows": 144532,
                              "Plan Width": 4,
                              "Actual Startup Time": 158.017,
                              "Actual Total Time": 158.018,
                              "Actual Rows": 115176,
                              "Actual Loops": 4,
                              "Hash Buckets": 1048576,
                              "Original Hash Buckets": 1048576,
                              "Hash Batches": 1,
                              "Original Hash Batches": 1,
                              "Peak Memory Usage": 26240,
                              "Plans": [
                                {
                                  "Node Type": "Seq Scan",
                                  "Parent Relationship": "Outer",
                                  "Parallel Aware": true,
                                  "Relation Name": "title",
                                  "Alias": "t",
                                  "Startup Cost": 0.0,
                                  "Total Cost": 45479.1,
                                  "Plan Rows": 144532,
                                  "Plan Width": 4,
                                  "Actual Startup Time": 51.963,
                                  "Actual Total Time": 111.479,
                                  "Actual Rows": 115176,
                                  "Actual Loops": 4,
                                  "Filter": "((production_year > 1961) AND (kind_id = 1))",
                                  "Rows Removed by Filter": 516902
                                }
                              ]
                            }
                          ]
                        }
                      ]
                    }
                  ]
                }
              ]
            }
          ]
        }
      ]
    },
    "Planning Time": 1.489,
    "Triggers": [],
    "Execution Time": 1258.809
  }
]