[
  {
    "Plan": {
      "Node Type": "Aggregate",
      "Strategy": "Plain",
      "Partial Mode": "Finalize",
      "Parallel Aware": false,
      "Startup Cost": 340145.11,
      "Total Cost": 340145.12,
      "Plan Rows": 1,
      "Plan Width": 8,
      "Actual Startup Time": 854.525,
      "Actual Total Time": 910.379,
      "Actual Rows": 1,
      "Actual Loops": 1,
      "Plans": [
        {
          "Node Type": "Gather",
          "Parent Relationship": "Outer",
          "Parallel Aware": false,
          "Startup Cost": 340144.48,
          "Total Cost": 340145.09,
          "Plan Rows": 6,
          "Plan Width": 8,
          "Actual Startup Time": 854.432,
          "Actual Total Time": 910.354,
          "Actual Rows": 7,
          "Actual Loops": 1,
          "Workers Planned": 6,
          "Workers Launched": 6,
          "Single Copy": false,
          "Plans": [
            {
              "Node Type": "Aggregate",
              "Strategy": "Plain",
              "Partial Mode": "Partial",
              "Parent Relationship": "Outer",
              "Parallel Aware": false,
              "Startup Cost": 339144.48,
              "Total Cost": 339144.49,
              "Plan Rows": 1,
              "Plan Width": 8,
              "Actual Startup Time": 845.967,
              "Actual Total Time": 845.968,
              "Actual Rows": 1,
              "Actual Loops": 7,
              "Plans": [
                {
                  "Node Type": "Seq Scan",
                  "Parent Relationship": "Outer",
                  "Parallel Aware": true,
                  "Relation Name": "cast_info",
                  "Alias": "ci",
                  "Startup Cost": 0.0,
                  "Total Cost": 328162.03,
                  "Plan Rows": 4392982,
                  "Plan Width": 0,
                  "Actual Startup Time": 120.805,
                  "Actual Total Time": 670.357,
                  "Actual Rows": 3758260,
                  "Actual Loops": 7,
                  "Filter": "(person_id > 978229)",
                  "Rows Removed by Filter": 1419503
                }
              ]
            }
          ]
        }
      ]
    },
    "Planning Time": 0.199,
    "Triggers": [],
    "Execution Time": 910.457
  }
]