{
  "Plan": {
    "Node Type": "Aggregate",
    "Strategy": "Plain",
    "Partial Mode": "Finalize",
    "Parallel Aware": false,
    "Startup Cost": 122870.62,
    "Total Cost": 122870.63,
    "Plan Rows": 1,
    "Plan Width": 8,
    "Actual Startup Time": 828.659,
    "Actual Total Time": 846.088,
    "Actual Rows": 1,
    "Actual Loops": 1,
    "Plans": [
      {
        "Node Type": "Gather",
        "Parent Relationship": "Outer",
        "Parallel Aware": false,
        "Startup Cost": 122870.5,
        "Total Cost": 122870.61,
        "Plan Rows": 1,
        "Plan Width": 8,
        "Actual Startup Time": 825.295,
        "Actual Total Time": 846.081,
        "Actual Rows": 2,
        "Actual Loops": 1,
        "Workers Planned": 1,
        "Workers Launched": 1,
        "Single Copy": false,
        "Plans": [
          {
            "Node Type": "Aggregate",
            "Strategy": "Plain",
            "Partial Mode": "Partial",
            "Parent Relationship": "Outer",
            "Parallel Aware": false,
            "Startup Cost": 121870.5,
            "Total Cost": 121870.51,
            "Plan Rows": 1,
            "Plan Width": 8,
            "Actual Startup Time": 812.506,
            "Actual Total Time": 812.511,
            "Actual Rows": 1,
            "Actual Loops": 2,
            "Plans": [
              {
                "Node Type": "Hash Join",
                "Parent Relationship": "Outer",
                "Parallel Aware": true,
                "Join Type": "Inner",
                "Startup Cost": 88238.13,
                "Total Cost": 120568.61,
                "Plan Rows": 520759,
                "Plan Width": 0,
                "Actual Startup Time": 605.227,
                "Actual Total Time": 792.887,
                "Actual Rows": 441174,
                "Actual Loops": 2,
                "Inner Unique": true,
                "Hash Cond": "(mk.movie_id = t.id)",
                "Plans": [
                  {
                    "Node Type": "Bitmap Heap Scan",
                    "Parent Relationship": "Outer",
                    "Parallel Aware": true,
                    "Relation Name": "movie_keyword",
                    "Alias": "mk",
                    "Startup Cost": 18777.43,
                    "Total Cost": 49740.92,
                    "Plan Rows": 520759,
                    "Plan Width": 4,
                    "Actual Startup Time": 62.553,
                    "Actual Total Time": 145.254,
                    "Actual Rows": 441174,
                    "Actual Loops": 2,
                    "Recheck Cond": "(keyword_id > 20891)",
                    "Rows Removed by Index Recheck": 0,
                    "Exact Heap Blocks": 12079,
                    "Lossy Heap Blocks": 0,
                    "Plans": [
                      {
                        "Node Type": "Bitmap Index Scan",
                        "Parent Relationship": "Outer",
                        "Parallel Aware": false,
                        "Index Name": "keyword_id_movie_keyword",
                        "Startup Cost": 0.0,
                        "Total Cost": 18556.11,
                        "Plan Rows": 885290,
                        "Plan Width": 0,
                        "Actual Startup Time": 59.002,
                        "Actual Total Time": 59.003,
                        "Actual Rows": 882349,
                        "Actual Loops": 1,
                        "Index Cond": "(keyword_id > 20891)"
                      }
                    ]
                  },
                  {
                    "Node Type": "Hash",
                    "Parent Relationship": "Inner",
                    "Parallel Aware": true,
                    "Startup Cost": 50870.31,
                    "Total Cost": 50870.31,
                    "Plan Rows": 1487231,
                    "Plan Width": 4,
                    "Actual Startup Time": 520.594,
                    "Actual Total Time": 520.595,
                    "Actual Rows": 1264156,
                    "Actual Loops": 2,
                    "Hash Buckets": 4194304,
                    "Original Hash Buckets": 4194304,
                    "Hash Batches": 1,
                    "Original Hash Batches": 1,
                    "Peak Memory Usage": 131712,
                    "Plans": [
                      {
                        "Node Type": "Seq Scan",
                        "Parent Relationship": "Outer",
                        "Parallel Aware": true,
                        "Relation Name": "title",
                        "Alias": "t",
                        "Startup Cost": 0.0,
                        "Total Cost": 50870.31,
                        "Plan Rows": 1487231,
                        "Plan Width": 4,
                        "Actual Startup Time": 0.025,
                        "Actual Total Time": 145.807,
                        "Actual Rows": 1264156,
                        "Actual Loops": 2
                      }
                    ]
                  }
                ]
              }
            ]
          }
        ]
      }
    ]
  },
  "Planning Time": 0.589,
  "Triggers": [],
  "Execution Time": 846.165
}