{
    "Plan": {
        "Node Type": "Aggregate",
        "Strategy": "Plain",
        "Partial Mode": "Finalize",
        "Parallel Aware": false,
        "Startup Cost": 297886.97,
        "Total Cost": 297886.98,
        "Plan Rows": 1,
        "Plan Width": 8,
        "Actual Startup Time": 982.934,
        "Actual Total Time": 1013.939,
        "Actual Rows": 1,
        "Actual Loops": 1,
        "Output": [
            "count(*)"
        ],
        "Plans": [
            {
                "Node Type": "Gather",
                "Parent Relationship": "Outer",
                "Parallel Aware": false,
                "Startup Cost": 297886.35,
                "Total Cost": 297886.96,
                "Plan Rows": 6,
                "Plan Width": 8,
                "Actual Startup Time": 971.091,
                "Actual Total Time": 1013.926,
                "Actual Rows": 7,
                "Actual Loops": 1,
                "Output": [
                    "(PARTIAL count(*))"
                ],
                "Workers Planned": 6,
                "Workers Launched": 6,
                "Single Copy": false,
                "Plans": [
                    {
                        "Node Type": "Aggregate",
                        "Strategy": "Plain",
                        "Partial Mode": "Partial",
                        "Parent Relationship": "Outer",
                        "Parallel Aware": false,
                        "Startup Cost": 296886.35,
                        "Total Cost": 296886.36,
                        "Plan Rows": 1,
                        "Plan Width": 8,
                        "Actual Startup Time": 959.111,
                        "Actual Total Time": 959.494,
                        "Actual Rows": 1,
                        "Actual Loops": 7,
                        "Output": [
                            "PARTIAL count(*)"
                        ],
                        "Workers": [
                            {
                                "Worker Number": 0,
                                "Actual Startup Time": 956.565,
                                "Actual Total Time": 956.571,
                                "Actual Rows": 1,
                                "Actual Loops": 1
                            },
                            {
                                "Worker Number": 1,
                                "Actual Startup Time": 957.049,
                                "Actual Total Time": 957.055,
                                "Actual Rows": 1,
                                "Actual Loops": 1
                            },
                            {
                                "Worker Number": 2,
                                "Actual Startup Time": 959.433,
                                "Actual Total Time": 959.437,
                                "Actual Rows": 1,
                                "Actual Loops": 1
                            },
                            {
                                "Worker Number": 3,
                                "Actual Startup Time": 956.732,
                                "Actual Total Time": 956.74,
                                "Actual Rows": 1,
                                "Actual Loops": 1
                            },
                            {
                                "Worker Number": 4,
                                "Actual Startup Time": 957.076,
                                "Actual Total Time": 957.08,
                                "Actual Rows": 1,
                                "Actual Loops": 1
                            },
                            {
                                "Worker Number": 5,
                                "Actual Startup Time": 956.975,
                                "Actual Total Time": 956.981,
                                "Actual Rows": 1,
                                "Actual Loops": 1
                            }
                        ],
                        "Plans": [
                            {
                                "Node Type": "Hash Join",
                                "Parent Relationship": "Outer",
                                "Parallel Aware": true,
                                "Join Type": "Inner",
                                "Startup Cost": 93007.73,
                                "Total Cost": 296228.4,
                                "Plan Rows": 263180,
                                "Plan Width": 0,
                                "Actual Startup Time": 330.719,
                                "Actual Total Time": 902.737,
                                "Actual Rows": 1377645,
                                "Actual Loops": 7,
                                "Inner Unique": false,
                                "Hash Cond": "(ci.movie_id = t.id)",
                                "Workers": [
                                    {
                                        "Worker Number": 0,
                                        "Actual Startup Time": 328.518,
                                        "Actual Total Time": 902.176,
                                        "Actual Rows": 1284159,
                                        "Actual Loops": 1
                                    },
                                    {
                                        "Worker Number": 1,
                                        "Actual Startup Time": 329.031,
                                        "Actual Total Time": 899.792,
                                        "Actual Rows": 1406765,
                                        "Actual Loops": 1
                                    },
                                    {
                                        "Worker Number": 2,
                                        "Actual Startup Time": 328.967,
                                        "Actual Total Time": 901.751,
                                        "Actual Rows": 1413775,
                                        "Actual Loops": 1
                                    },
                                    {
                                        "Worker Number": 3,
                                        "Actual Startup Time": 328.941,
                                        "Actual Total Time": 902.207,
                                        "Actual Rows": 1290834,
                                        "Actual Loops": 1
                                    },
                                    {
                                        "Worker Number": 4,
                                        "Actual Startup Time": 328.981,
                                        "Actual Total Time": 899.601,
                                        "Actual Rows": 1409830,
                                        "Actual Loops": 1
                                    },
                                    {
                                        "Worker Number": 5,
                                        "Actual Startup Time": 328.81,
                                        "Actual Total Time": 899.628,
                                        "Actual Rows": 1409372,
                                        "Actual Loops": 1
                                    }
                                ],
                                "Plans": [
                                    {
                                        "Node Type": "Index Scan",
                                        "Parent Relationship": "Outer",
                                        "Parallel Aware": true,
                                        "Scan Direction": "Forward",
                                        "Index Name": "role_id_cast_info",
                                        "Relation Name": "cast_info",
                                        "Schema": "public",
                                        "Alias": "ci",
                                        "Startup Cost": 0.56,
                                        "Total Cost": 197699.43,
                                        "Plan Rows": 1246088,
                                        "Plan Width": 4,
                                        "Actual Startup Time": 0.214,
                                        "Actual Total Time": 202.301,
                                        "Actual Rows": 1064568,
                                        "Actual Loops": 7,
                                        "Output": [
                                            "ci.id",
                                            "ci.person_id",
                                            "ci.movie_id",
                                            "ci.person_role_id",
                                            "ci.note",
                                            "ci.nr_order",
                                            "ci.role_id"
                                        ],
                                        "Index Cond": "(ci.role_id = 2)",
                                        "Rows Removed by Index Recheck": 0,
                                        "Workers": [
                                            {
                                                "Worker Number": 0,
                                                "Actual Startup Time": 0.08,
                                                "Actual Total Time": 210.382,
                                                "Actual Rows": 992940,
                                                "Actual Loops": 1
                                            },
                                            {
                                                "Worker Number": 1,
                                                "Actual Startup Time": 0.314,
                                                "Actual Total Time": 207.21,
                                                "Actual Rows": 1089660,
                                                "Actual Loops": 1
                                            },
                                            {
                                                "Worker Number": 2,
                                                "Actual Startup Time": 0.225,
                                                "Actual Total Time": 208.244,
                                                "Actual Rows": 1095900,
                                                "Actual Loops": 1
                                            },
                                            {
                                                "Worker Number": 3,
                                                "Actual Startup Time": 0.375,
                                                "Actual Total Time": 207.006,
                                                "Actual Rows": 999570,
                                                "Actual Loops": 1
                                            },
                                            {
                                                "Worker Number": 4,
                                                "Actual Startup Time": 0.265,
                                                "Actual Total Time": 205.971,
                                                "Actual Rows": 1085760,
                                                "Actual Loops": 1
                                            },
                                            {
                                                "Worker Number": 5,
                                                "Actual Startup Time": 0.105,
                                                "Actual Total Time": 206.002,
                                                "Actual Rows": 1083421,
                                                "Actual Loops": 1
                                            }
                                        ]
                                    },
                                    {
                                        "Node Type": "Hash",
                                        "Parent Relationship": "Inner",
                                        "Parallel Aware": true,
                                        "Startup Cost": 90853.97,
                                        "Total Cost": 90853.97,
                                        "Plan Rows": 172256,
                                        "Plan Width": 8,
                                        "Actual Startup Time": 327.231,
                                        "Actual Total Time": 327.612,
                                        "Actual Rows": 170648,
                                        "Actual Loops": 7,
                                        "Output": [
                                            "t.id",
                                            "mk.movie_id"
                                        ],
                                        "Hash Buckets": 2097152,
                                        "Original Hash Buckets": 1048576,
                                        "Hash Batches": 1,
                                        "Original Hash Batches": 1,
                                        "Peak Memory Usage": 71424,
                                        "Workers": [
                                            {
                                                "Worker Number": 0,
                                                "Actual Startup Time": 327.841,
                                                "Actual Total Time": 327.845,
                                                "Actual Rows": 160366,
                                                "Actual Loops": 1
                                            },
                                            {
                                                "Worker Number": 1,
                                                "Actual Startup Time": 328.282,
                                                "Actual Total Time": 328.286,
                                                "Actual Rows": 173532,
                                                "Actual Loops": 1
                                            },
                                            {
                                                "Worker Number": 2,
                                                "Actual Startup Time": 328.294,
                                                "Actual Total Time": 328.297,
                                                "Actual Rows": 171689,
                                                "Actual Loops": 1
                                            },
                                            {
                                                "Worker Number": 3,
                                                "Actual Startup Time": 328.13,
                                                "Actual Total Time": 328.135,
                                                "Actual Rows": 159598,
                                                "Actual Loops": 1
                                            },
                                            {
                                                "Worker Number": 4,
                                                "Actual Startup Time": 328.287,
                                                "Actual Total Time": 328.29,
                                                "Actual Rows": 171350,
                                                "Actual Loops": 1
                                            },
                                            {
                                                "Worker Number": 5,
                                                "Actual Startup Time": 328.26,
                                                "Actual Total Time": 328.264,
                                                "Actual Rows": 171501,
                                                "Actual Loops": 1
                                            }
                                        ],
                                        "Plans": [
                                            {
                                                "Node Type": "Hash Join",
                                                "Parent Relationship": "Outer",
                                                "Parallel Aware": true,
                                                "Join Type": "Inner",
                                                "Startup Cost": 47009.89,
                                                "Total Cost": 90853.97,
                                                "Plan Rows": 172256,
                                                "Plan Width": 8,
                                                "Actual Startup Time": 138.541,
                                                "Actual Total Time": 255.816,
                                                "Actual Rows": 170648,
                                                "Actual Loops": 7,
                                                "Output": [
                                                    "t.id",
                                                    "mk.movie_id"
                                                ],
                                                "Inner Unique": true,
                                                "Hash Cond": "(mk.movie_id = t.id)",
                                                "Workers": [
                                                    {
                                                        "Worker Number": 0,
                                                        "Actual Startup Time": 138.631,
                                                        "Actual Total Time": 256.559,
                                                        "Actual Rows": 160366,
                                                        "Actual Loops": 1
                                                    },
                                                    {
                                                        "Worker Number": 1,
                                                        "Actual Startup Time": 138.483,
                                                        "Actual Total Time": 256.032,
                                                        "Actual Rows": 173532,
                                                        "Actual Loops": 1
                                                    },
                                                    {
                                                        "Worker Number": 2,
                                                        "Actual Startup Time": 138.55,
                                                        "Actual Total Time": 255.214,
                                                        "Actual Rows": 171689,
                                                        "Actual Loops": 1
                                                    },
                                                    {
                                                        "Worker Number": 3,
                                                        "Actual Startup Time": 138.511,
                                                        "Actual Total Time": 257.175,
                                                        "Actual Rows": 159598,
                                                        "Actual Loops": 1
                                                    },
                                                    {
                                                        "Worker Number": 4,
                                                        "Actual Startup Time": 138.553,
                                                        "Actual Total Time": 255.521,
                                                        "Actual Rows": 171350,
                                                        "Actual Loops": 1
                                                    },
                                                    {
                                                        "Worker Number": 5,
                                                        "Actual Startup Time": 138.487,
                                                        "Actual Total Time": 255.139,
                                                        "Actual Rows": 171501,
                                                        "Actual Loops": 1
                                                    }
                                                ],
                                                "Plans": [
                                                    {
                                                        "Node Type": "Seq Scan",
                                                        "Parent Relationship": "Outer",
                                                        "Parallel Aware": true,
                                                        "Relation Name": "movie_keyword",
                                                        "Schema": "public",
                                                        "Alias": "mk",
                                                        "Startup Cost": 0.0,
                                                        "Total Cost": 42695.65,
                                                        "Plan Rows": 437493,
                                                        "Plan Width": 4,
                                                        "Actual Startup Time": 0.013,
                                                        "Actual Total Time": 68.62,
                                                        "Actual Rows": 194555,
                                                        "Actual Loops": 7,
                                                        "Output": [
                                                            "mk.id",
                                                            "mk.movie_id",
                                                            "mk.keyword_id"
                                                        ],
                                                        "Filter": "(mk.keyword_id < 1775)",
                                                        "Rows Removed by Filter": 451720,
                                                        "Workers": [
                                                            {
                                                                "Worker Number": 0,
                                                                "Actual Startup Time": 0.024,
                                                                "Actual Total Time": 70.241,
                                                                "Actual Rows": 181110,
                                                                "Actual Loops": 1
                                                            },
                                                            {
                                                                "Worker Number": 1,
                                                                "Actual Startup Time": 0.012,
                                                                "Actual Total Time": 70.201,
                                                                "Actual Rows": 197961,
                                                                "Actual Loops": 1
                                                            },
                                                            {
                                                                "Worker Number": 2,
                                                                "Actual Startup Time": 0.008,
                                                                "Actual Total Time": 69.724,
                                                                "Actual Rows": 195932,
                                                                "Actual Loops": 1
                                                            },
                                                            {
                                                                "Worker Number": 3,
                                                                "Actual Startup Time": 0.017,
                                                                "Actual Total Time": 70.812,
                                                                "Actual Rows": 182623,
                                                                "Actual Loops": 1
                                                            },
                                                            {
                                                                "Worker Number": 4,
                                                                "Actual Startup Time": 0.014,
                                                                "Actual Total Time": 70.189,
                                                                "Actual Rows": 195704,
                                                                "Actual Loops": 1
                                                            },
                                                            {
                                                                "Worker Number": 5,
                                                                "Actual Startup Time": 0.008,
                                                                "Actual Total Time": 69.772,
                                                                "Actual Rows": 194248,
                                                                "Actual Loops": 1
                                                            }
                                                        ]
                                                    },
                                                    {
                                                        "Node Type": "Hash",
                                                        "Parent Relationship": "Inner",
                                                        "Parallel Aware": true,
                                                        "Startup Cost": 43899.01,
                                                        "Total Cost": 43899.01,
                                                        "Plan Rows": 248871,
                                                        "Plan Width": 4,
                                                        "Actual Startup Time": 136.93,
                                                        "Actual Total Time": 136.931,
                                                        "Actual Rows": 140721,
                                                        "Actual Loops": 7,
                                                        "Output": [
                                                            "t.id"
                                                        ],
                                                        "Hash Buckets": 1048576,
                                                        "Original Hash Buckets": 1048576,
                                                        "Hash Batches": 1,
                                                        "Original Hash Batches": 1,
                                                        "Peak Memory Usage": 46848,
                                                        "Workers": [
                                                            {
                                                                "Worker Number": 0,
                                                                "Actual Startup Time": 138.318,
                                                                "Actual Total Time": 138.319,
                                                                "Actual Rows": 128801,
                                                                "Actual Loops": 1
                                                            },
                                                            {
                                                                "Worker Number": 1,
                                                                "Actual Startup Time": 138.402,
                                                                "Actual Total Time": 138.403,
                                                                "Actual Rows": 141789,
                                                                "Actual Loops": 1
                                                            },
                                                            {
                                                                "Worker Number": 2,
                                                                "Actual Startup Time": 138.447,
                                                                "Actual Total Time": 138.448,
                                                                "Actual Rows": 142451,
                                                                "Actual Loops": 1
                                                            },
                                                            {
                                                                "Worker Number": 3,
                                                                "Actual Startup Time": 138.399,
                                                                "Actual Total Time": 138.401,
                                                                "Actual Rows": 130643,
                                                                "Actual Loops": 1
                                                            },
                                                            {
                                                                "Worker Number": 4,
                                                                "Actual Startup Time": 138.424,
                                                                "Actual Total Time": 138.425,
                                                                "Actual Rows": 141182,
                                                                "Actual Loops": 1
                                                            },
                                                            {
                                                                "Worker Number": 5,
                                                                "Actual Startup Time": 138.4,
                                                                "Actual Total Time": 138.401,
                                                                "Actual Rows": 140703,
                                                                "Actual Loops": 1
                                                            }
                                                        ],
                                                        "Plans": [
                                                            {
                                                                "Node Type": "Seq Scan",
                                                                "Parent Relationship": "Outer",
                                                                "Parallel Aware": true,
                                                                "Relation Name": "title",
                                                                "Schema": "public",
                                                                "Alias": "t",
                                                                "Startup Cost": 0.0,
                                                                "Total Cost": 43899.01,
                                                                "Plan Rows": 248871,
                                                                "Plan Width": 4,
                                                                "Actual Startup Time": 0.071,
                                                                "Actual Total Time": 73.78,
                                                                "Actual Rows": 140721,
                                                                "Actual Loops": 7,
                                                                "Output": [
                                                                    "t.id"
                                                                ],
                                                                "Filter": "(t.kind_id < 7)",
                                                                "Rows Removed by Filter": 220466,
                                                                "Workers": [
                                                                    {
                                                                        "Worker Number": 0,
                                                                        "Actual Startup Time": 0.094,
                                                                        "Actual Total Time": 73.673,
                                                                        "Actual Rows": 128801,
                                                                        "Actual Loops": 1
                                                                    },
                                                                    {
                                                                        "Worker Number": 1,
                                                                        "Actual Startup Time": 0.073,
                                                                        "Actual Total Time": 74.001,
                                                                        "Actual Rows": 141789,
                                                                        "Actual Loops": 1
                                                                    },
                                                                    {
                                                                        "Worker Number": 2,
                                                                        "Actual Startup Time": 0.077,
                                                                        "Actual Total Time": 74.223,
                                                                        "Actual Rows": 142451,
                                                                        "Actual Loops": 1
                                                                    },
                                                                    {
                                                                        "Worker Number": 3,
                                                                        "Actual Startup Time": 0.081,
                                                                        "Actual Total Time": 75.016,
                                                                        "Actual Rows": 130643,
                                                                        "Actual Loops": 1
                                                                    },
                                                                    {
                                                                        "Worker Number": 4,
                                                                        "Actual Startup Time": 0.079,
                                                                        "Actual Total Time": 74.231,
                                                                        "Actual Rows": 141182,
                                                                        "Actual Loops": 1
                                                                    },
                                                                    {
                                                                        "Worker Number": 5,
                                                                        "Actual Startup Time": 0.075,
                                                                        "Actual Total Time": 74.336,
                                                                        "Actual Rows": 140703,
                                                                        "Actual Loops": 1
                                                                    }
                                                                ]
                                                            }
                                                        ]
                                                    }
                                                ]
                                            }
                                        ]
                                    }
                                ]
                            }
                        ]
                    }
                ]
            }
        ]
    },
    "Planning Time": 1.504,
    "Triggers": [],
    "Execution Time": 1014.049
}