[
  {
    "Plan": {
      "Node Type": "Aggregate",
      "Strategy": "Plain",
      "Partial Mode": "Finalize",
      "Parallel Aware": false,
      "Startup Cost": 46544.79,
      "Total Cost": 46544.8,
      "Plan Rows": 1,
      "Plan Width": 8,
      "Actual Startup Time": 146.438,
      "Actual Total Time": 153.659,
      "Actual Rows": 1,
      "Actual Loops": 1,
      "Plans": [
        {
          "Node Type": "Gather",
          "Parent Relationship": "Outer",
          "Parallel Aware": false,
          "Startup Cost": 46544.47,
          "Total Cost": 46544.78,
          "Plan Rows": 3,
          "Plan Width": 8,
          "Actual Startup Time": 146.332,
          "Actual Total Time": 153.653,
          "Actual Rows": 4,
          "Actual Loops": 1,
          "Workers Planned": 3,
          "Workers Launched": 3,
          "Single Copy": false,
          "Plans": [
            {
              "Node Type": "Aggregate",
              "Strategy": "Plain",
              "Partial Mode": "Partial",
              "Parent Relationship": "Outer",
              "Parallel Aware": false,
              "Startup Cost": 45544.47,
              "Total Cost": 45544.48,
              "Plan Rows": 1,
              "Plan Width": 8,
              "Actual Startup Time": 141.465,
              "Actual Total Time": 141.466,
              "Actual Rows": 1,
              "Actual Loops": 4,
              "Plans": [
                {
                  "Node Type": "Seq Scan",
                  "Parent Relationship": "Outer",
                  "Parallel Aware": true,
                  "Relation Name": "movie_keyword",
                  "Alias": "mk",
                  "Startup Cost": 0.0,
                  "Total Cost": 42695.65,
                  "Plan Rows": 1139526,
                  "Plan Width": 0,
                  "Actual Startup Time": 0.036,
                  "Actual Total Time": 105.427,
                  "Actual Rows": 883254,
                  "Actual Loops": 4,
                  "Filter": "(keyword_id < 18683)",
                  "Rows Removed by Filter": 247728
                }
              ]
            }
          ]
        }
      ]
    },
    "Planning Time": 0.069,
    "Triggers": [],
    "Execution Time": 153.685
  }
]