{
  "Plan": {
    "Node Type": "Aggregate",
    "Strategy": "Plain",
    "Partial Mode": "Finalize",
    "Parallel Aware": false,
    "Startup Cost": 95431.53,
    "Total Cost": 95431.54,
    "Plan Rows": 1,
    "Plan Width": 8,
    "Actual Startup Time": 290.012,
    "Actual Total Time": 306.068,
    "Actual Rows": 1,
    "Actual Loops": 1,
    "Plans": [
      {
        "Node Type": "Gather",
        "Parent Relationship": "Outer",
        "Parallel Aware": false,
        "Startup Cost": 95431.41,
        "Total Cost": 95431.52,
        "Plan Rows": 1,
        "Plan Width": 8,
        "Actual Startup Time": 289.481,
        "Actual Total Time": 306.059,
        "Actual Rows": 2,
        "Actual Loops": 1,
        "Workers Planned": 1,
        "Workers Launched": 1,
        "Single Copy": false,
        "Plans": [
          {
            "Node Type": "Aggregate",
            "Strategy": "Plain",
            "Partial Mode": "Partial",
            "Parent Relationship": "Outer",
            "Parallel Aware": false,
            "Startup Cost": 94431.41,
            "Total Cost": 94431.42,
            "Plan Rows": 1,
            "Plan Width": 8,
            "Actual Startup Time": 283.614,
            "Actual Total Time": 283.618,
            "Actual Rows": 1,
            "Actual Loops": 2,
            "Plans": [
              {
                "Node Type": "Hash Join",
                "Parent Relationship": "Outer",
                "Parallel Aware": true,
                "Join Type": "Inner",
                "Startup Cost": 69397.31,
                "Total Cost": 94410.62,
                "Plan Rows": 8318,
                "Plan Width": 0,
                "Actual Startup Time": 187.237,
                "Actual Total Time": 283.02,
                "Actual Rows": 10410,
                "Actual Loops": 2,
                "Inner Unique": true,
                "Hash Cond": "(mc.movie_id = t.id)",
                "Plans": [
                  {
                    "Node Type": "Bitmap Heap Scan",
                    "Parent Relationship": "Outer",
                    "Parallel Aware": true,
                    "Relation Name": "movie_companies",
                    "Alias": "mc",
                    "Startup Cost": 13986.61,
                    "Total Cost": 38506.32,
                    "Plan Rows": 188036,
                    "Plan Width": 4,
                    "Actual Startup Time": 27.424,
                    "Actual Total Time": 91.733,
                    "Actual Rows": 232240,
                    "Actual Loops": 2,
                    "Recheck Cond": "(company_id < 868)",
                    "Rows Removed by Index Recheck": 0,
                    "Filter": "(company_type_id = 1)",
                    "Rows Removed by Filter": 91128,
                    "Exact Heap Blocks": 11087,
                    "Lossy Heap Blocks": 0,
                    "Plans": [
                      {
                        "Node Type": "Bitmap Index Scan",
                        "Parent Relationship": "Outer",
                        "Parallel Aware": false,
                        "Index Name": "company_id_movie_companies",
                        "Startup Cost": 0.0,
                        "Total Cost": 13906.69,
                        "Plan Rows": 649368,
                        "Plan Width": 0,
                        "Actual Startup Time": 24.655,
                        "Actual Total Time": 24.656,
                        "Actual Rows": 646738,
                        "Actual Loops": 1,
                        "Index Cond": "(company_id < 868)"
                      }
                    ]
                  },
                  {
                    "Node Type": "Hash",
                    "Parent Relationship": "Inner",
                    "Parallel Aware": true,
                    "Startup Cost": 54588.39,
                    "Total Cost": 54588.39,
                    "Plan Rows": 65785,
                    "Plan Width": 4,
                    "Actual Startup Time": 157.526,
                    "Actual Total Time": 157.526,
                    "Actual Rows": 54214,
                    "Actual Loops": 2,
                    "Hash Buckets": 131072,
                    "Original Hash Buckets": 131072,
                    "Hash Batches": 1,
                    "Original Hash Batches": 1,
                    "Peak Memory Usage": 5280,
                    "Plans": [
                      {
                        "Node Type": "Seq Scan",
                        "Parent Relationship": "Outer",
                        "Parallel Aware": true,
                        "Relation Name": "title",
                        "Alias": "t",
                        "Startup Cost": 0.0,
                        "Total Cost": 54588.39,
                        "Plan Rows": 65785,
                        "Plan Width": 4,
                        "Actual Startup Time": 0.033,
                        "Actual Total Time": 141.445,
                        "Actual Rows": 54214,
                        "Actual Loops": 2,
                        "Filter": "(production_year = 2006)",
                        "Rows Removed by Filter": 1209942
                      }
                    ]
                  }
                ]
              }
            ]
          }
        ]
      }
    ]
  },
  "Planning Time": 0.451,
  "Triggers": [],
  "Execution Time": 306.157
}