[
  {
    "Plan": {
      "Node Type": "Aggregate",
      "Strategy": "Plain",
      "Partial Mode": "Finalize",
      "Parallel Aware": false,
      "Startup Cost": 268138.9,
      "Total Cost": 268138.91,
      "Plan Rows": 1,
      "Plan Width": 8,
      "Actual Startup Time": 853.556,
      "Actual Total Time": 888.988,
      "Actual Rows": 1,
      "Actual Loops": 1,
      "Plans": [
        {
          "Node Type": "Gather",
          "Parent Relationship": "Outer",
          "Parallel Aware": false,
          "Startup Cost": 268138.48,
          "Total Cost": 268138.89,
          "Plan Rows": 4,
          "Plan Width": 8,
          "Actual Startup Time": 853.232,
          "Actual Total Time": 888.981,
          "Actual Rows": 5,
          "Actual Loops": 1,
          "Workers Planned": 4,
          "Workers Launched": 4,
          "Single Copy": false,
          "Plans": [
            {
              "Node Type": "Aggregate",
              "Strategy": "Plain",
              "Partial Mode": "Partial",
              "Parent Relationship": "Outer",
              "Parallel Aware": false,
              "Startup Cost": 267138.48,
              "Total Cost": 267138.49,
              "Plan Rows": 1,
              "Plan Width": 8,
              "Actual Startup Time": 847.69,
              "Actual Total Time": 847.692,
              "Actual Rows": 1,
              "Actual Loops": 5,
              "Plans": [
                {
                  "Node Type": "Nested Loop",
                  "Parent Relationship": "Outer",
                  "Parallel Aware": false,
                  "Join Type": "Inner",
                  "Startup Cost": 1.0,
                  "Total Cost": 266315.86,
                  "Plan Rows": 329048,
                  "Plan Width": 0,
                  "Actual Startup Time": 0.494,
                  "Actual Total Time": 792.019,
                  "Actual Rows": 1279708,
                  "Actual Loops": 5,
                  "Inner Unique": false,
                  "Join Filter": "(t.id = ci.movie_id)",
                  "Rows Removed by Join Filter": 0,
                  "Plans": [
                    {
                      "Node Type": "Nested Loop",
                      "Parent Relationship": "Outer",
                      "Parallel Aware": false,
                      "Join Type": "Inner",
                      "Startup Cost": 0.43,
                      "Total Cost": 224808.23,
                      "Plan Rows": 22948,
                      "Plan Width": 8,
                      "Actual Startup Time": 0.355,
                      "Actual Total Time": 109.682,
                      "Actual Rows": 26634,
                      "Actual Loops": 5,
                      "Inner Unique": false,
                      "Plans": [
                        {
                          "Node Type": "Seq Scan",
                          "Parent Relationship": "Outer",
                          "Parallel Aware": true,
                          "Relation Name": "title",
                          "Alias": "t",
                          "Startup Cost": 0.0,
                          "Total Cost": 45479.21,
                          "Plan Rows": 3932,
                          "Plan Width": 4,
                          "Actual Startup Time": 0.217,
                          "Actual Total Time": 50.757,
                          "Actual Rows": 2367,
                          "Actual Loops": 5,
                          "Filter": "((kind_id < 7) AND (production_year = 1995))",
                          "Rows Removed by Filter": 503295
                        },
                        {
                          "Node Type": "Index Only Scan",
                          "Parent Relationship": "Inner",
                          "Parallel Aware": false,
                          "Scan Direction": "Forward",
                          "Index Name": "movie_id_movie_info",
                          "Relation Name": "movie_info",
                          "Alias": "mi",
                          "Startup Cost": 0.43,
                          "Total Cost": 45.22,
                          "Plan Rows": 39,
                          "Plan Width": 4,
                          "Actual Startup Time": 0.01,
                          "Actual Total Time": 0.023,
                          "Actual Rows": 11,
                          "Actual Loops": 11835,
                          "Index Cond": "(movie_id = t.id)",
                          "Rows Removed by Index Recheck": 0,
                          "Heap Fetches": 133171
                        }
                      ]
                    },
                    {
                      "Node Type": "Index Only Scan",
                      "Parent Relationship": "Inner",
                      "Parallel Aware": false,
                      "Scan Direction": "Forward",
                      "Index Name": "movie_id_cast_info",
                      "Relation Name": "cast_info",
                      "Alias": "ci",
                      "Startup Cost": 0.56,
                      "Total Cost": 1.33,
                      "Plan Rows": 38,
                      "Plan Width": 4,
                      "Actual Startup Time": 0.004,
                      "Actual Total Time": 0.022,
                      "Actual Rows": 48,
                      "Actual Loops": 133171,
                      "Index Cond": "(movie_id = mi.movie_id)",
                      "Rows Removed by Index Recheck": 0,
                      "Heap Fetches": 6398541
                    }
                  ]
                }
              ]
            }
          ]
        }
      ]
    },
    "Planning Time": 0.39,
    "Triggers": [],
    "Execution Time": 889.035
  }
]