[
  {
    "Plan": {
      "Node Type": "Aggregate",
      "Strategy": "Plain",
      "Partial Mode": "Finalize",
      "Parallel Aware": false,
      "Startup Cost": 355529.4,
      "Total Cost": 355529.41,
      "Plan Rows": 1,
      "Plan Width": 8,
      "Actual Startup Time": 920.565,
      "Actual Total Time": 979.427,
      "Actual Rows": 1,
      "Actual Loops": 1,
      "Plans": [
        {
          "Node Type": "Gather",
          "Parent Relationship": "Outer",
          "Parallel Aware": false,
          "Startup Cost": 355528.78,
          "Total Cost": 355529.39,
          "Plan Rows": 6,
          "Plan Width": 8,
          "Actual Startup Time": 920.405,
          "Actual Total Time": 979.414,
          "Actual Rows": 7,
          "Actual Loops": 1,
          "Workers Planned": 6,
          "Workers Launched": 6,
          "Single Copy": false,
          "Plans": [
            {
              "Node Type": "Aggregate",
              "Strategy": "Plain",
              "Partial Mode": "Partial",
              "Parent Relationship": "Outer",
              "Parallel Aware": false,
              "Startup Cost": 354528.78,
              "Total Cost": 354528.79,
              "Plan Rows": 1,
              "Plan Width": 8,
              "Actual Startup Time": 909.78,
              "Actual Total Time": 909.781,
              "Actual Rows": 1,
              "Actual Loops": 7,
              "Plans": [
                {
                  "Node Type": "Seq Scan",
                  "Parent Relationship": "Outer",
                  "Parallel Aware": true,
                  "Relation Name": "cast_info",
                  "Alias": "ci",
                  "Startup Cost": 0.0,
                  "Total Cost": 343257.03,
                  "Plan Rows": 4508700,
                  "Plan Width": 0,
                  "Actual Startup Time": 0.051,
                  "Actual Total Time": 728.299,
                  "Actual Rows": 4259007,
                  "Actual Loops": 7,
                  "Filter": "((person_id < 3350494) AND (role_id < 9))",
                  "Rows Removed by Filter": 918756
                }
              ]
            }
          ]
        }
      ]
    },
    "Planning Time": 0.237,
    "Triggers": [],
    "Execution Time": 979.503
  }
]