{
    "Plan": {
        "Node Type": "Aggregate",
        "Strategy": "Plain",
        "Partial Mode": "Simple",
        "Parallel Aware": false,
        "Startup Cost": 60125324135.25,
        "Total Cost": 60125324135.26,
        "Plan Rows": 1,
        "Plan Width": 64,
        "Actual Startup Time": 2540.55,
        "Actual Total Time": 2634.277,
        "Actual Rows": 1,
        "Actual Loops": 1,
        "Output": [
            "min(chn.name)",
            "min(t.title)"
        ],
        "Plans": [
            {
                "Node Type": "Hash Join",
                "Parent Relationship": "Outer",
                "Parallel Aware": false,
                "Join Type": "Inner",
                "Startup Cost": 60125324031.4,
                "Total Cost": 60125324109.1,
                "Plan Rows": 5230,
                "Plan Width": 33,
                "Actual Startup Time": 2537.783,
                "Actual Total Time": 2632.965,
                "Actual Rows": 11261,
                "Actual Loops": 1,
                "Output": [
                    "chn.name",
                    "t.title"
                ],
                "Inner Unique": false,
                "Hash Cond": "(ct.id = mc.company_type_id)",
                "Plans": [
                    {
                        "Node Type": "Index Scan",
                        "Parent Relationship": "Outer",
                        "Parallel Aware": false,
                        "Scan Direction": "Forward",
                        "Index Name": "company_type_pkey",
                        "Relation Name": "company_type",
                        "Schema": "public",
                        "Alias": "ct",
                        "Startup Cost": 10000000000.13,
                        "Total Cost": 10000000012.19,
                        "Plan Rows": 4,
                        "Plan Width": 4,
                        "Actual Startup Time": 0.015,
                        "Actual Total Time": 0.024,
                        "Actual Rows": 4,
                        "Actual Loops": 1,
                        "Output": [
                            "ct.id",
                            "ct.kind"
                        ]
                    },
                    {
                        "Node Type": "Hash",
                        "Parent Relationship": "Inner",
                        "Parallel Aware": false,
                        "Startup Cost": 50125323965.9,
                        "Total Cost": 50125323965.9,
                        "Plan Rows": 5230,
                        "Plan Width": 37,
                        "Actual Startup Time": 2537.747,
                        "Actual Total Time": 2631.472,
                        "Actual Rows": 11261,
                        "Actual Loops": 1,
                        "Output": [
                            "chn.name",
                            "mc.company_type_id",
                            "t.title"
                        ],
                        "Hash Buckets": 16384,
                        "Original Hash Buckets": 8192,
                        "Hash Batches": 1,
                        "Original Hash Batches": 1,
                        "Peak Memory Usage": 878,
                        "Plans": [
                            {
                                "Node Type": "Hash Join",
                                "Parent Relationship": "Outer",
                                "Parallel Aware": false,
                                "Join Type": "Inner",
                                "Startup Cost": 50125323834.0,
                                "Total Cost": 50125323965.9,
                                "Plan Rows": 5230,
                                "Plan Width": 37,
                                "Actual Startup Time": 2533.637,
                                "Actual Total Time": 2628.99,
                                "Actual Rows": 11261,
                                "Actual Loops": 1,
                                "Output": [
                                    "chn.name",
                                    "mc.company_type_id",
                                    "t.title"
                                ],
                                "Inner Unique": false,
                                "Hash Cond": "(rt.id = ci.role_id)",
                                "Plans": [
                                    {
                                        "Node Type": "Seq Scan",
                                        "Parent Relationship": "Outer",
                                        "Parallel Aware": false,
                                        "Relation Name": "role_type",
                                        "Schema": "public",
                                        "Alias": "rt",
                                        "Startup Cost": 10000000000.0,
                                        "Total Cost": 10000000001.12,
                                        "Plan Rows": 12,
                                        "Plan Width": 4,
                                        "Actual Startup Time": 0.019,
                                        "Actual Total Time": 0.024,
                                        "Actual Rows": 12,
                                        "Actual Loops": 1,
                                        "Output": [
                                            "rt.id",
                                            "rt.role"
                                        ]
                                    },
                                    {
                                        "Node Type": "Hash",
                                        "Parent Relationship": "Inner",
                                        "Parallel Aware": false,
                                        "Startup Cost": 40125323768.62,
                                        "Total Cost": 40125323768.62,
                                        "Plan Rows": 5230,
                                        "Plan Width": 41,
                                        "Actual Startup Time": 2533.594,
                                        "Actual Total Time": 2627.315,
                                        "Actual Rows": 11261,
                                        "Actual Loops": 1,
                                        "Output": [
                                            "chn.name",
                                            "ci.role_id",
                                            "mc.company_type_id",
                                            "t.title"
                                        ],
                                        "Hash Buckets": 16384,
                                        "Original Hash Buckets": 8192,
                                        "Hash Batches": 1,
                                        "Original Hash Batches": 1,
                                        "Peak Memory Usage": 922,
                                        "Plans": [
                                            {
                                                "Node Type": "Gather",
                                                "Parent Relationship": "Outer",
                                                "Parallel Aware": false,
                                                "Startup Cost": 40125278719.27,
                                                "Total Cost": 40125323768.62,
                                                "Plan Rows": 5230,
                                                "Plan Width": 41,
                                                "Actual Startup Time": 2407.349,
                                                "Actual Total Time": 2625.771,
                                                "Actual Rows": 11261,
                                                "Actual Loops": 1,
                                                "Output": [
                                                    "chn.name",
                                                    "ci.role_id",
                                                    "mc.company_type_id",
                                                    "t.title"
                                                ],
                                                "Workers Planned": 4,
                                                "Workers Launched": 4,
                                                "Single Copy": false,
                                                "Plans": [
                                                    {
                                                        "Node Type": "Hash Join",
                                                        "Parent Relationship": "Outer",
                                                        "Parallel Aware": true,
                                                        "Join Type": "Inner",
                                                        "Startup Cost": 40125277719.27,
                                                        "Total Cost": 40125322245.62,
                                                        "Plan Rows": 1308,
                                                        "Plan Width": 41,
                                                        "Actual Startup Time": 2389.145,
                                                        "Actual Total Time": 2502.044,
                                                        "Actual Rows": 2252,
                                                        "Actual Loops": 5,
                                                        "Output": [
                                                            "chn.name",
                                                            "ci.role_id",
                                                            "mc.company_type_id",
                                                            "t.title"
                                                        ],
                                                        "Inner Unique": false,
                                                        "Hash Cond": "(t.id = mc.movie_id)",
                                                        "Workers": [
                                                            {
                                                                "Worker Number": 0,
                                                                "Actual Startup Time": 2386.24,
                                                                "Actual Total Time": 2498.109,
                                                                "Actual Rows": 1566,
                                                                "Actual Loops": 1
                                                            },
                                                            {
                                                                "Worker Number": 1,
                                                                "Actual Startup Time": 2383.493,
                                                                "Actual Total Time": 2497.826,
                                                                "Actual Rows": 1873,
                                                                "Actual Loops": 1
                                                            },
                                                            {
                                                                "Worker Number": 2,
                                                                "Actual Startup Time": 2386.098,
                                                                "Actual Total Time": 2497.801,
                                                                "Actual Rows": 1956,
                                                                "Actual Loops": 1
                                                            },
                                                            {
                                                                "Worker Number": 3,
                                                                "Actual Startup Time": 2383.828,
                                                                "Actual Total Time": 2497.73,
                                                                "Actual Rows": 2305,
                                                                "Actual Loops": 1
                                                            }
                                                        ],
                                                        "Plans": [
                                                            {
                                                                "Node Type": "Seq Scan",
                                                                "Parent Relationship": "Outer",
                                                                "Parallel Aware": true,
                                                                "Relation Name": "title",
                                                                "Schema": "public",
                                                                "Alias": "t",
                                                                "Startup Cost": 0.0,
                                                                "Total Cost": 43899.01,
                                                                "Plan Rows": 166168,
                                                                "Plan Width": 21,
                                                                "Actual Startup Time": 0.028,
                                                                "Actual Total Time": 94.068,
                                                                "Actual Rows": 132413,
                                                                "Actual Loops": 5,
                                                                "Output": [
                                                                    "t.id",
                                                                    "t.title",
                                                                    "t.imdb_index",
                                                                    "t.kind_id",
                                                                    "t.production_year",
                                                                    "t.imdb_id",
                                                                    "t.phonetic_code",
                                                                    "t.episode_of_id",
                                                                    "t.season_nr",
                                                                    "t.episode_nr",
                                                                    "t.series_years",
                                                                    "t.md5sum"
                                                                ],
                                                                "Filter": "(t.production_year > 2008)",
                                                                "Rows Removed by Filter": 373249,
                                                                "Workers": [
                                                                    {
                                                                        "Worker Number": 0,
                                                                        "Actual Startup Time": 0.026,
                                                                        "Actual Total Time": 95.456,
                                                                        "Actual Rows": 111216,
                                                                        "Actual Loops": 1
                                                                    },
                                                                    {
                                                                        "Worker Number": 1,
                                                                        "Actual Startup Time": 0.03,
                                                                        "Actual Total Time": 95.299,
                                                                        "Actual Rows": 112748,
                                                                        "Actual Loops": 1
                                                                    },
                                                                    {
                                                                        "Worker Number": 2,
                                                                        "Actual Startup Time": 0.03,
                                                                        "Actual Total Time": 95.402,
                                                                        "Actual Rows": 110921,
                                                                        "Actual Loops": 1
                                                                    },
                                                                    {
                                                                        "Worker Number": 3,
                                                                        "Actual Startup Time": 0.04,
                                                                        "Actual Total Time": 94.033,
                                                                        "Actual Rows": 115986,
                                                                        "Actual Loops": 1
                                                                    }
                                                                ]
                                                            },
                                                            {
                                                                "Node Type": "Hash",
                                                                "Parent Relationship": "Inner",
                                                                "Parallel Aware": true,
                                                                "Startup Cost": 40125277639.05,
                                                                "Total Cost": 40125277639.05,
                                                                "Plan Rows": 6417,
                                                                "Plan Width": 32,
                                                                "Actual Startup Time": 2386.296,
                                                                "Actual Total Time": 2386.44,
                                                                "Actual Rows": 8680,
                                                                "Actual Loops": 5,
                                                                "Output": [
                                                                    "chn.name",
                                                                    "ci.movie_id",
                                                                    "ci.role_id",
                                                                    "mc.movie_id",
                                                                    "mc.company_type_id"
                                                                ],
                                                                "Hash Buckets": 65536,
                                                                "Original Hash Buckets": 32768,
                                                                "Hash Batches": 1,
                                                                "Original Hash Batches": 1,
                                                                "Peak Memory Usage": 3584,
                                                                "Workers": [
                                                                    {
                                                                        "Worker Number": 0,
                                                                        "Actual Startup Time": 2382.349,
                                                                        "Actual Total Time": 2382.359,
                                                                        "Actual Rows": 7119,
                                                                        "Actual Loops": 1
                                                                    },
                                                                    {
                                                                        "Worker Number": 1,
                                                                        "Actual Startup Time": 2382.275,
                                                                        "Actual Total Time": 2382.287,
                                                                        "Actual Rows": 5872,
                                                                        "Actual Loops": 1
                                                                    },
                                                                    {
                                                                        "Worker Number": 2,
                                                                        "Actual Startup Time": 2382.3,
                                                                        "Actual Total Time": 2382.313,
                                                                        "Actual Rows": 9558,
                                                                        "Actual Loops": 1
                                                                    },
                                                                    {
                                                                        "Worker Number": 3,
                                                                        "Actual Startup Time": 2382.385,
                                                                        "Actual Total Time": 2382.394,
                                                                        "Actual Rows": 8176,
                                                                        "Actual Loops": 1
                                                                    }
                                                                ],
                                                                "Plans": [
                                                                    {
                                                                        "Node Type": "Merge Join",
                                                                        "Parent Relationship": "Outer",
                                                                        "Parallel Aware": false,
                                                                        "Join Type": "Inner",
                                                                        "Startup Cost": 40125261808.74,
                                                                        "Total Cost": 40125277639.05,
                                                                        "Plan Rows": 6417,
                                                                        "Plan Width": 32,
                                                                        "Actual Startup Time": 2176.588,
                                                                        "Actual Total Time": 2376.529,
                                                                        "Actual Rows": 8680,
                                                                        "Actual Loops": 5,
                                                                        "Output": [
                                                                            "chn.name",
                                                                            "ci.movie_id",
                                                                            "ci.role_id",
                                                                            "mc.movie_id",
                                                                            "mc.company_type_id"
                                                                        ],
                                                                        "Inner Unique": true,
                                                                        "Merge Cond": "(mc.company_id = cn.id)",
                                                                        "Workers": [
                                                                            {
                                                                                "Worker Number": 0,
                                                                                "Actual Startup Time": 2170.346,
                                                                                "Actual Total Time": 2374.316,
                                                                                "Actual Rows": 7119,
                                                                                "Actual Loops": 1
                                                                            },
                                                                            {
                                                                                "Worker Number": 1,
                                                                                "Actual Startup Time": 2171.201,
                                                                                "Actual Total Time": 2376.38,
                                                                                "Actual Rows": 5872,
                                                                                "Actual Loops": 1
                                                                            },
                                                                            {
                                                                                "Worker Number": 2,
                                                                                "Actual Startup Time": 2172.399,
                                                                                "Actual Total Time": 2374.003,
                                                                                "Actual Rows": 9558,
                                                                                "Actual Loops": 1
                                                                            },
                                                                            {
                                                                                "Worker Number": 3,
                                                                                "Actual Startup Time": 2172.939,
                                                                                "Actual Total Time": 2376.26,
                                                                                "Actual Rows": 8176,
                                                                                "Actual Loops": 1
                                                                            }
                                                                        ],
                                                                        "Plans": [
                                                                            {
                                                                                "Node Type": "Sort",
                                                                                "Parent Relationship": "Outer",
                                                                                "Parallel Aware": false,
                                                                                "Startup Cost": 30125261725.06,
                                                                                "Total Cost": 30125263425.6,
                                                                                "Plan Rows": 680216,
                                                                                "Plan Width": 36,
                                                                                "Actual Startup Time": 2176.024,
                                                                                "Actual Total Time": 2195.994,
                                                                                "Actual Rows": 257294,
                                                                                "Actual Loops": 5,
                                                                                "Output": [
                                                                                    "chn.name",
                                                                                    "ci.movie_id",
                                                                                    "ci.role_id",
                                                                                    "mc.movie_id",
                                                                                    "mc.company_id",
                                                                                    "mc.company_type_id"
                                                                                ],
                                                                                "Sort Key": [
                                                                                    "mc.company_id"
                                                                                ],
                                                                                "Sort Method": "quicksort",
                                                                                "Sort Space Used": 44460,
                                                                                "Sort Space Type": "Memory",
                                                                                "Workers": [
                                                                                    {
                                                                                        "Worker Number": 0,
                                                                                        "Actual Startup Time": 2169.761,
                                                                                        "Actual Total Time": 2186.054,
                                                                                        "Actual Rows": 202606,
                                                                                        "Actual Loops": 1
                                                                                    },
                                                                                    {
                                                                                        "Worker Number": 1,
                                                                                        "Actual Startup Time": 2170.442,
                                                                                        "Actual Total Time": 2188.246,
                                                                                        "Actual Rows": 217393,
                                                                                        "Actual Loops": 1
                                                                                    },
                                                                                    {
                                                                                        "Worker Number": 2,
                                                                                        "Actual Startup Time": 2171.99,
                                                                                        "Actual Total Time": 2189.915,
                                                                                        "Actual Rows": 221381,
                                                                                        "Actual Loops": 1
                                                                                    },
                                                                                    {
                                                                                        "Worker Number": 3,
                                                                                        "Actual Startup Time": 2172.409,
                                                                                        "Actual Total Time": 2192.184,
                                                                                        "Actual Rows": 238482,
                                                                                        "Actual Loops": 1
                                                                                    }
                                                                                ],
                                                                                "Plans": [
                                                                                    {
                                                                                        "Node Type": "Hash Join",
                                                                                        "Parent Relationship": "Outer",
                                                                                        "Parallel Aware": true,
                                                                                        "Join Type": "Inner",
                                                                                        "Startup Cost": 30125114346.42,
                                                                                        "Total Cost": 30125195826.98,
                                                                                        "Plan Rows": 680216,
                                                                                        "Plan Width": 36,
                                                                                        "Actual Startup Time": 1703.446,
                                                                                        "Actual Total Time": 2047.631,
                                                                                        "Actual Rows": 257298,
                                                                                        "Actual Loops": 5,
                                                                                        "Output": [
                                                                                            "chn.name",
                                                                                            "ci.movie_id",
                                                                                            "ci.role_id",
                                                                                            "mc.movie_id",
                                                                                            "mc.company_id",
                                                                                            "mc.company_type_id"
                                                                                        ],
                                                                                        "Inner Unique": false,
                                                                                        "Hash Cond": "(mc.movie_id = ci.movie_id)",
                                                                                        "Workers": [
                                                                                            {
                                                                                                "Worker Number": 0,
                                                                                                "Actual Startup Time": 1699.615,
                                                                                                "Actual Total Time": 2029.171,
                                                                                                "Actual Rows": 202606,
                                                                                                "Actual Loops": 1
                                                                                            },
                                                                                            {
                                                                                                "Worker Number": 1,
                                                                                                "Actual Startup Time": 1699.29,
                                                                                                "Actual Total Time": 2042.129,
                                                                                                "Actual Rows": 217397,
                                                                                                "Actual Loops": 1
                                                                                            },
                                                                                            {
                                                                                                "Worker Number": 2,
                                                                                                "Actual Startup Time": 1699.655,
                                                                                                "Actual Total Time": 2026.803,
                                                                                                "Actual Rows": 221390,
                                                                                                "Actual Loops": 1
                                                                                            },
                                                                                            {
                                                                                                "Worker Number": 3,
                                                                                                "Actual Startup Time": 1699.19,
                                                                                                "Actual Total Time": 2035.639,
                                                                                                "Actual Rows": 238482,
                                                                                                "Actual Loops": 1
                                                                                            }
                                                                                        ],
                                                                                        "Plans": [
                                                                                            {
                                                                                                "Node Type": "Index Scan",
                                                                                                "Parent Relationship": "Outer",
                                                                                                "Parallel Aware": true,
                                                                                                "Scan Direction": "Forward",
                                                                                                "Index Name": "company_type_id_movie_companies",
                                                                                                "Relation Name": "movie_companies",
                                                                                                "Schema": "public",
                                                                                                "Alias": "mc",
                                                                                                "Startup Cost": 10000000000.43,
                                                                                                "Total Cost": 10000067155.62,
                                                                                                "Plan Rows": 841655,
                                                                                                "Plan Width": 12,
                                                                                                "Actual Startup Time": 0.376,
                                                                                                "Actual Total Time": 148.865,
                                                                                                "Actual Rows": 521826,
                                                                                                "Actual Loops": 5,
                                                                                                "Output": [
                                                                                                    "mc.id",
                                                                                                    "mc.movie_id",
                                                                                                    "mc.company_id",
                                                                                                    "mc.company_type_id",
                                                                                                    "mc.note"
                                                                                                ],
                                                                                                "Workers": [
                                                                                                    {
                                                                                                        "Worker Number": 0,
                                                                                                        "Actual Startup Time": 0.515,
                                                                                                        "Actual Total Time": 152.299,
                                                                                                        "Actual Rows": 423999,
                                                                                                        "Actual Loops": 1
                                                                                                    },
                                                                                                    {
                                                                                                        "Worker Number": 1,
                                                                                                        "Actual Startup Time": 0.301,
                                                                                                        "Actual Total Time": 156.676,
                                                                                                        "Actual Rows": 451953,
                                                                                                        "Actual Loops": 1
                                                                                                    },
                                                                                                    {
                                                                                                        "Worker Number": 2,
                                                                                                        "Actual Startup Time": 0.434,
                                                                                                        "Actual Total Time": 147.263,
                                                                                                        "Actual Rows": 425311,
                                                                                                        "Actual Loops": 1
                                                                                                    },
                                                                                                    {
                                                                                                        "Worker Number": 3,
                                                                                                        "Actual Startup Time": 0.19,
                                                                                                        "Actual Total Time": 149.829,
                                                                                                        "Actual Rows": 456366,
                                                                                                        "Actual Loops": 1
                                                                                                    }
                                                                                                ]
                                                                                            },
                                                                                            {
                                                                                                "Node Type": "Hash",
                                                                                                "Parent Relationship": "Inner",
                                                                                                "Parallel Aware": true,
                                                                                                "Startup Cost": 20125111962.67,
                                                                                                "Total Cost": 20125111962.67,
                                                                                                "Plan Rows": 190666,
                                                                                                "Plan Width": 24,
                                                                                                "Actual Startup Time": 1698.312,
                                                                                                "Actual Total Time": 1698.451,
                                                                                                "Actual Rows": 144031,
                                                                                                "Actual Loops": 5,
                                                                                                "Output": [
                                                                                                    "chn.name",
                                                                                                    "ci.movie_id",
                                                                                                    "ci.role_id"
                                                                                                ],
                                                                                                "Hash Buckets": 1048576,
                                                                                                "Original Hash Buckets": 1048576,
                                                                                                "Hash Batches": 1,
                                                                                                "Original Hash Batches": 1,
                                                                                                "Peak Memory Usage": 47104,
                                                                                                "Workers": [
                                                                                                    {
                                                                                                        "Worker Number": 0,
                                                                                                        "Actual Startup Time": 1698.99,
                                                                                                        "Actual Total Time": 1698.995,
                                                                                                        "Actual Rows": 126360,
                                                                                                        "Actual Loops": 1
                                                                                                    },
                                                                                                    {
                                                                                                        "Worker Number": 1,
                                                                                                        "Actual Startup Time": 1698.833,
                                                                                                        "Actual Total Time": 1698.838,
                                                                                                        "Actual Rows": 132664,
                                                                                                        "Actual Loops": 1
                                                                                                    },
                                                                                                    {
                                                                                                        "Worker Number": 2,
                                                                                                        "Actual Startup Time": 1698.928,
                                                                                                        "Actual Total Time": 1698.934,
                                                                                                        "Actual Rows": 137532,
                                                                                                        "Actual Loops": 1
                                                                                                    },
                                                                                                    {
                                                                                                        "Worker Number": 3,
                                                                                                        "Actual Startup Time": 1698.915,
                                                                                                        "Actual Total Time": 1698.919,
                                                                                                        "Actual Rows": 143645,
                                                                                                        "Actual Loops": 1
                                                                                                    }
                                                                                                ],
                                                                                                "Plans": [
                                                                                                    {
                                                                                                        "Node Type": "Hash Join",
                                                                                                        "Parent Relationship": "Outer",
                                                                                                        "Parallel Aware": true,
                                                                                                        "Join Type": "Inner",
                                                                                                        "Startup Cost": 20000329802.49,
                                                                                                        "Total Cost": 20125111962.67,
                                                                                                        "Plan Rows": 190666,
                                                                                                        "Plan Width": 24,
                                                                                                        "Actual Startup Time": 1255.2,
                                                                                                        "Actual Total Time": 1556.576,
                                                                                                        "Actual Rows": 144031,
                                                                                                        "Actual Loops": 5,
                                                                                                        "Output": [
                                                                                                            "chn.name",
                                                                                                            "ci.movie_id",
                                                                                                            "ci.role_id"
                                                                                                        ],
                                                                                                        "Inner Unique": false,
                                                                                                        "Hash Cond": "(chn.id = ci.person_role_id)",
                                                                                                        "Workers": [
                                                                                                            {
                                                                                                                "Worker Number": 0,
                                                                                                                "Actual Startup Time": 1255.223,
                                                                                                                "Actual Total Time": 1558.684,
                                                                                                                "Actual Rows": 126360,
                                                                                                                "Actual Loops": 1
                                                                                                            },
                                                                                                            {
                                                                                                                "Worker Number": 1,
                                                                                                                "Actual Startup Time": 1255.243,
                                                                                                                "Actual Total Time": 1558.521,
                                                                                                                "Actual Rows": 132664,
                                                                                                                "Actual Loops": 1
                                                                                                            },
                                                                                                            {
                                                                                                                "Worker Number": 2,
                                                                                                                "Actual Startup Time": 1255.123,
                                                                                                                "Actual Total Time": 1553.956,
                                                                                                                "Actual Rows": 137532,
                                                                                                                "Actual Loops": 1
                                                                                                            },
                                                                                                            {
                                                                                                                "Worker Number": 3,
                                                                                                                "Actual Startup Time": 1255.267,
                                                                                                                "Actual Total Time": 1554.139,
                                                                                                                "Actual Rows": 143645,
                                                                                                                "Actual Loops": 1
                                                                                                            }
                                                                                                        ],
                                                                                                        "Plans": [
                                                                                                            {
                                                                                                                "Node Type": "Seq Scan",
                                                                                                                "Parent Relationship": "Outer",
                                                                                                                "Parallel Aware": true,
                                                                                                                "Relation Name": "char_name",
                                                                                                                "Schema": "public",
                                                                                                                "Alias": "chn",
                                                                                                                "Startup Cost": 10000000000.0,
                                                                                                                "Total Cost": 10000044298.57,
                                                                                                                "Plan Rows": 785057,
                                                                                                                "Plan Width": 20,
                                                                                                                "Actual Startup Time": 0.029,
                                                                                                                "Actual Total Time": 108.56,
                                                                                                                "Actual Rows": 628068,
                                                                                                                "Actual Loops": 5,
                                                                                                                "Output": [
                                                                                                                    "chn.id",
                                                                                                                    "chn.name",
                                                                                                                    "chn.imdb_index",
                                                                                                                    "chn.imdb_id",
                                                                                                                    "chn.name_pcode_nf",
                                                                                                                    "chn.surname_pcode",
                                                                                                                    "chn.md5sum"
                                                                                                                ],
                                                                                                                "Workers": [
                                                                                                                    {
                                                                                                                        "Worker Number": 0,
                                                                                                                        "Actual Startup Time": 0.036,
                                                                                                                        "Actual Total Time": 115.709,
                                                                                                                        "Actual Rows": 577859,
                                                                                                                        "Actual Loops": 1
                                                                                                                    },
                                                                                                                    {
                                                                                                                        "Worker Number": 1,
                                                                                                                        "Actual Startup Time": 0.042,
                                                                                                                        "Actual Total Time": 110.827,
                                                                                                                        "Actual Rows": 585851,
                                                                                                                        "Actual Loops": 1
                                                                                                                    },
                                                                                                                    {
                                                                                                                        "Worker Number": 2,
                                                                                                                        "Actual Startup Time": 0.03,
                                                                                                                        "Actual Total Time": 114.899,
                                                                                                                        "Actual Rows": 552917,
                                                                                                                        "Actual Loops": 1
                                                                                                                    },
                                                                                                                    {
                                                                                                                        "Worker Number": 3,
                                                                                                                        "Actual Startup Time": 0.032,
                                                                                                                        "Actual Total Time": 109.669,
                                                                                                                        "Actual Rows": 587067,
                                                                                                                        "Actual Loops": 1
                                                                                                                    }
                                                                                                                ]
                                                                                                            },
                                                                                                            {
                                                                                                                "Node Type": "Hash",
                                                                                                                "Parent Relationship": "Inner",
                                                                                                                "Parallel Aware": true,
                                                                                                                "Startup Cost": 10000328213.62,
                                                                                                                "Total Cost": 10000328213.62,
                                                                                                                "Plan Rows": 127110,
                                                                                                                "Plan Width": 12,
                                                                                                                "Actual Startup Time": 1252.14,
                                                                                                                "Actual Total Time": 1252.141,
                                                                                                                "Actual Rows": 158068,
                                                                                                                "Actual Loops": 5,
                                                                                                                "Output": [
                                                                                                                    "ci.movie_id",
                                                                                                                    "ci.person_role_id",
                                                                                                                    "ci.role_id"
                                                                                                                ],
                                                                                                                "Hash Buckets": 1048576,
                                                                                                                "Original Hash Buckets": 1048576,
                                                                                                                "Hash Batches": 1,
                                                                                                                "Original Hash Batches": 1,
                                                                                                                "Peak Memory Usage": 42080,
                                                                                                                "Workers": [
                                                                                                                    {
                                                                                                                        "Worker Number": 0,
                                                                                                                        "Actual Startup Time": 1254.95,
                                                                                                                        "Actual Total Time": 1254.952,
                                                                                                                        "Actual Rows": 132599,
                                                                                                                        "Actual Loops": 1
                                                                                                                    },
                                                                                                                    {
                                                                                                                        "Worker Number": 1,
                                                                                                                        "Actual Startup Time": 1254.931,
                                                                                                                        "Actual Total Time": 1254.933,
                                                                                                                        "Actual Rows": 140325,
                                                                                                                        "Actual Loops": 1
                                                                                                                    },
                                                                                                                    {
                                                                                                                        "Worker Number": 2,
                                                                                                                        "Actual Startup Time": 1254.912,
                                                                                                                        "Actual Total Time": 1254.913,
                                                                                                                        "Actual Rows": 132421,
                                                                                                                        "Actual Loops": 1
                                                                                                                    },
                                                                                                                    {
                                                                                                                        "Worker Number": 3,
                                                                                                                        "Actual Startup Time": 1254.939,
                                                                                                                        "Actual Total Time": 1254.94,
                                                                                                                        "Actual Rows": 136786,
                                                                                                                        "Actual Loops": 1
                                                                                                                    }
                                                                                                                ],
                                                                                                                "Plans": [
                                                                                                                    {
                                                                                                                        "Node Type": "Seq Scan",
                                                                                                                        "Parent Relationship": "Outer",
                                                                                                                        "Parallel Aware": true,
                                                                                                                        "Relation Name": "cast_info",
                                                                                                                        "Schema": "public",
                                                                                                                        "Alias": "ci",
                                                                                                                        "Startup Cost": 10000000000.0,
                                                                                                                        "Total Cost": 10000328213.62,
                                                                                                                        "Plan Rows": 127110,
                                                                                                                        "Plan Width": 12,
                                                                                                                        "Actual Startup Time": 0.106,
                                                                                                                        "Actual Total Time": 1132.559,
                                                                                                                        "Actual Rows": 158068,
                                                                                                                        "Actual Loops": 5,
                                                                                                                        "Output": [
                                                                                                                            "ci.movie_id",
                                                                                                                            "ci.person_role_id",
                                                                                                                            "ci.role_id"
                                                                                                                        ],
                                                                                                                        "Filter": "(ci.note ~~ '%(voice)%'::text)",
                                                                                                                        "Rows Removed by Filter": 7090801,
                                                                                                                        "Workers": [
                                                                                                                            {
                                                                                                                                "Worker Number": 0,
                                                                                                                                "Actual Startup Time": 0.11,
                                                                                                                                "Actual Total Time": 1127.057,
                                                                                                                                "Actual Rows": 132599,
                                                                                                                                "Actual Loops": 1
                                                                                                                            },
                                                                                                                            {
                                                                                                                                "Worker Number": 1,
                                                                                                                                "Actual Startup Time": 0.109,
                                                                                                                                "Actual Total Time": 1136.728,
                                                                                                                                "Actual Rows": 140325,
                                                                                                                                "Actual Loops": 1
                                                                                                                            },
                                                                                                                            {
                                                                                                                                "Worker Number": 2,
                                                                                                                                "Actual Startup Time": 0.154,
                                                                                                                                "Actual Total Time": 1139.738,
                                                                                                                                "Actual Rows": 132421,
                                                                                                                                "Actual Loops": 1
                                                                                                                            },
                                                                                                                            {
                                                                                                                                "Worker Number": 3,
                                                                                                                                "Actual Startup Time": 0.137,
                                                                                                                                "Actual Total Time": 1134.504,
                                                                                                                                "Actual Rows": 136786,
                                                                                                                                "Actual Loops": 1
                                                                                                                            }
                                                                                                                        ]
                                                                                                                    }
                                                                                                                ]
                                                                                                            }
                                                                                                        ]
                                                                                                    }
                                                                                                ]
                                                                                            }
                                                                                        ]
                                                                                    }
                                                                                ]
                                                                            },
                                                                            {
                                                                                "Node Type": "Index Scan",
                                                                                "Parent Relationship": "Inner",
                                                                                "Parallel Aware": false,
                                                                                "Scan Direction": "Forward",
                                                                                "Index Name": "company_name_pkey",
                                                                                "Relation Name": "company_name",
                                                                                "Schema": "public",
                                                                                "Alias": "cn",
                                                                                "Startup Cost": 10000000000.42,
                                                                                "Total Cost": 10000012454.44,
                                                                                "Plan Rows": 2217,
                                                                                "Plan Width": 4,
                                                                                "Actual Startup Time": 0.137,
                                                                                "Actual Total Time": 156.351,
                                                                                "Actual Rows": 2340,
                                                                                "Actual Loops": 5,
                                                                                "Output": [
                                                                                    "cn.id",
                                                                                    "cn.name",
                                                                                    "cn.country_code",
                                                                                    "cn.imdb_id",
                                                                                    "cn.name_pcode_nf",
                                                                                    "cn.name_pcode_sf",
                                                                                    "cn.md5sum"
                                                                                ],
                                                                                "Filter": "((cn.country_code)::text = '[nl]'::text)",
                                                                                "Rows Removed by Filter": 232657,
                                                                                "Workers": [
                                                                                    {
                                                                                        "Worker Number": 0,
                                                                                        "Actual Startup Time": 0.223,
                                                                                        "Actual Total Time": 167.583,
                                                                                        "Actual Rows": 2340,
                                                                                        "Actual Loops": 1
                                                                                    },
                                                                                    {
                                                                                        "Worker Number": 1,
                                                                                        "Actual Startup Time": 0.145,
                                                                                        "Actual Total Time": 166.474,
                                                                                        "Actual Rows": 2340,
                                                                                        "Actual Loops": 1
                                                                                    },
                                                                                    {
                                                                                        "Worker Number": 2,
                                                                                        "Actual Startup Time": 0.123,
                                                                                        "Actual Total Time": 160.874,
                                                                                        "Actual Rows": 2340,
                                                                                        "Actual Loops": 1
                                                                                    },
                                                                                    {
                                                                                        "Worker Number": 3,
                                                                                        "Actual Startup Time": 0.162,
                                                                                        "Actual Total Time": 158.252,
                                                                                        "Actual Rows": 2340,
                                                                                        "Actual Loops": 1
                                                                                    }
                                                                                ]
                                                                            }
                                                                        ]
                                                                    }
                                                                ]
                                                            }
                                                        ]
                                                    }
                                                ]
                                            }
                                        ]
                                    }
                                ]
                            }
                        ]
                    }
                ]
            }
        ]
    },
    "Planning Time": 3.935,
    "Triggers": [],
    "Execution Time": 2634.488
}