[
    {
        "Bao": {
            "Bao prediction": "NaN",
            "Bao recommended hint": "(no hint)"
        }
    },
    {
        "Plan": {
            "Node Type": "Aggregate",
            "Strategy": "Plain",
            "Partial Mode": "Finalize",
            "Parallel Aware": false,
            "Startup Cost": 34501.54,
            "Total Cost": 34501.55,
            "Plan Rows": 1,
            "Plan Width": 8,
            "Actual Startup Time": 124.194,
            "Actual Total Time": 132.196,
            "Actual Rows": 1,
            "Actual Loops": 1,
            "Output": [
                "count(*)"
            ],
            "Plans": [
                {
                    "Node Type": "Gather",
                    "Parent Relationship": "Outer",
                    "Parallel Aware": false,
                    "Startup Cost": 34501.22,
                    "Total Cost": 34501.53,
                    "Plan Rows": 3,
                    "Plan Width": 8,
                    "Actual Startup Time": 123.873,
                    "Actual Total Time": 132.187,
                    "Actual Rows": 4,
                    "Actual Loops": 1,
                    "Output": [
                        "(PARTIAL count(*))"
                    ],
                    "Workers Planned": 3,
                    "Workers Launched": 3,
                    "Single Copy": false,
                    "Plans": [
                        {
                            "Node Type": "Aggregate",
                            "Strategy": "Plain",
                            "Partial Mode": "Partial",
                            "Parent Relationship": "Outer",
                            "Parallel Aware": false,
                            "Startup Cost": 33501.22,
                            "Total Cost": 33501.23,
                            "Plan Rows": 1,
                            "Plan Width": 8,
                            "Actual Startup Time": 114.768,
                            "Actual Total Time": 114.77,
                            "Actual Rows": 1,
                            "Actual Loops": 4,
                            "Output": [
                                "PARTIAL count(*)"
                            ],
                            "Workers": [
                                {
                                    "Worker Number": 0,
                                    "Actual Startup Time": 111.518,
                                    "Actual Total Time": 111.52,
                                    "Actual Rows": 1,
                                    "Actual Loops": 1
                                },
                                {
                                    "Worker Number": 1,
                                    "Actual Startup Time": 111.651,
                                    "Actual Total Time": 111.653,
                                    "Actual Rows": 1,
                                    "Actual Loops": 1
                                },
                                {
                                    "Worker Number": 2,
                                    "Actual Startup Time": 112.618,
                                    "Actual Total Time": 112.619,
                                    "Actual Rows": 1,
                                    "Actual Loops": 1
                                }
                            ],
                            "Plans": [
                                {
                                    "Node Type": "Bitmap Heap Scan",
                                    "Parent Relationship": "Outer",
                                    "Parallel Aware": true,
                                    "Relation Name": "movie_keyword",
                                    "Schema": "public",
                                    "Alias": "mk",
                                    "Startup Cost": 7367.22,
                                    "Total Cost": 33221.22,
                                    "Plan Rows": 112000,
                                    "Plan Width": 0,
                                    "Actual Startup Time": 39.788,
                                    "Actual Total Time": 108.856,
                                    "Actual Rows": 88013,
                                    "Actual Loops": 4,
                                    "Recheck Cond": "(mk.keyword_id < 310)",
                                    "Rows Removed by Index Recheck": 0,
                                    "Exact Heap Blocks": 12825,
                                    "Lossy Heap Blocks": 0,
                                    "Workers": [
                                        {
                                            "Worker Number": 0,
                                            "Actual Startup Time": 36.585,
                                            "Actual Total Time": 106.219,
                                            "Actual Rows": 55568,
                                            "Actual Loops": 1
                                        },
                                        {
                                            "Worker Number": 1,
                                            "Actual Startup Time": 36.97,
                                            "Actual Total Time": 106.62,
                                            "Actual Rows": 52355,
                                            "Actual Loops": 1
                                        },
                                        {
                                            "Worker Number": 2,
                                            "Actual Startup Time": 37.617,
                                            "Actual Total Time": 107.346,
                                            "Actual Rows": 55050,
                                            "Actual Loops": 1
                                        }
                                    ],
                                    "Plans": [
                                        {
                                            "Node Type": "Bitmap Index Scan",
                                            "Parent Relationship": "Outer",
                                            "Parallel Aware": false,
                                            "Index Name": "keyword_id_movie_keyword",
                                            "Startup Cost": 0.0,
                                            "Total Cost": 7280.43,
                                            "Plan Rows": 347199,
                                            "Plan Width": 0,
                                            "Actual Startup Time": 43.414,
                                            "Actual Total Time": 43.415,
                                            "Actual Rows": 352051,
                                            "Actual Loops": 1,
                                            "Index Cond": "(mk.keyword_id < 310)"
                                        }
                                    ]
                                }
                            ]
                        }
                    ]
                }
            ]
        },
        "Planning Time": 226.017,
        "Triggers": [],
        "Execution Time": 132.302
    }
]