{
    "Plan": {
        "Node Type": "Aggregate",
        "Strategy": "Plain",
        "Partial Mode": "Simple",
        "Parallel Aware": false,
        "Startup Cost": 70001624225.03,
        "Total Cost": 70001624225.04,
        "Plan Rows": 1,
        "Plan Width": 96,
        "Actual Startup Time": 9947.027,
        "Actual Total Time": 9947.062,
        "Actual Rows": 1,
        "Actual Loops": 1,
        "Output": [
            "min(cn.name)",
            "min(mi_idx.info)",
            "min(t.title)"
        ],
        "Plans": [
            {
                "Node Type": "Nested Loop",
                "Parent Relationship": "Outer",
                "Parallel Aware": false,
                "Join Type": "Inner",
                "Startup Cost": 70001618525.84,
                "Total Cost": 70001624225.02,
                "Plan Rows": 1,
                "Plan Width": 41,
                "Actual Startup Time": 9423.981,
                "Actual Total Time": 9938.111,
                "Actual Rows": 29856,
                "Actual Loops": 1,
                "Output": [
                    "cn.name",
                    "mi_idx.info",
                    "t.title"
                ],
                "Inner Unique": true,
                "Plans": [
                    {
                        "Node Type": "Hash Join",
                        "Parent Relationship": "Outer",
                        "Parallel Aware": false,
                        "Join Type": "Inner",
                        "Startup Cost": 60001618525.38,
                        "Total Cost": 60001624220.55,
                        "Plan Rows": 1,
                        "Plan Width": 26,
                        "Actual Startup Time": 9423.962,
                        "Actual Total Time": 9779.269,
                        "Actual Rows": 31909,
                        "Actual Loops": 1,
                        "Output": [
                            "mc.company_id",
                            "mi_idx.info",
                            "t.title"
                        ],
                        "Inner Unique": false,
                        "Hash Cond": "(mc.company_type_id = ct.id)",
                        "Plans": [
                            {
                                "Node Type": "Nested Loop",
                                "Parent Relationship": "Outer",
                                "Parallel Aware": false,
                                "Join Type": "Inner",
                                "Startup Cost": 60001618524.29,
                                "Total Cost": 60001624219.45,
                                "Plan Rows": 1,
                                "Plan Width": 30,
                                "Actual Startup Time": 9423.939,
                                "Actual Total Time": 9766.326,
                                "Actual Rows": 31909,
                                "Actual Loops": 1,
                                "Output": [
                                    "mc.company_type_id",
                                    "mc.company_id",
                                    "mi_idx.info",
                                    "t.title"
                                ],
                                "Inner Unique": true,
                                "Plans": [
                                    {
                                        "Node Type": "Nested Loop",
                                        "Parent Relationship": "Outer",
                                        "Parallel Aware": false,
                                        "Join Type": "Inner",
                                        "Startup Cost": 50001618524.15,
                                        "Total Cost": 50001624212.62,
                                        "Plan Rows": 1,
                                        "Plan Width": 34,
                                        "Actual Startup Time": 9423.908,
                                        "Actual Total Time": 9630.543,
                                        "Actual Rows": 35136,
                                        "Actual Loops": 1,
                                        "Output": [
                                            "mc.company_type_id",
                                            "mc.company_id",
                                            "mi_idx.info",
                                            "t.title",
                                            "t.kind_id"
                                        ],
                                        "Inner Unique": true,
                                        "Plans": [
                                            {
                                                "Node Type": "Hash Join",
                                                "Parent Relationship": "Outer",
                                                "Parallel Aware": false,
                                                "Join Type": "Inner",
                                                "Startup Cost": 40001618524.0,
                                                "Total Cost": 40001624204.44,
                                                "Plan Rows": 1,
                                                "Plan Width": 38,
                                                "Actual Startup Time": 9423.859,
                                                "Actual Total Time": 9476.076,
                                                "Actual Rows": 38491,
                                                "Actual Loops": 1,
                                                "Output": [
                                                    "mi_idx.info",
                                                    "mc.company_type_id",
                                                    "mc.company_id",
                                                    "mi.info_type_id",
                                                    "t.title",
                                                    "t.kind_id"
                                                ],
                                                "Inner Unique": false,
                                                "Hash Cond": "(k.id = mk.keyword_id)",
                                                "Plans": [
                                                    {
                                                        "Node Type": "Index Scan",
                                                        "Parent Relationship": "Outer",
                                                        "Parallel Aware": false,
                                                        "Scan Direction": "Forward",
                                                        "Index Name": "keyword_pkey",
                                                        "Relation Name": "keyword",
                                                        "Schema": "public",
                                                        "Alias": "k",
                                                        "Startup Cost": 10000000000.42,
                                                        "Total Cost": 10000005678.35,
                                                        "Plan Rows": 4,
                                                        "Plan Width": 4,
                                                        "Actual Startup Time": 0.175,
                                                        "Actual Total Time": 42.959,
                                                        "Actual Rows": 3,
                                                        "Actual Loops": 1,
                                                        "Output": [
                                                            "k.id",
                                                            "k.keyword",
                                                            "k.phonetic_code"
                                                        ],
                                                        "Filter": "(k.keyword = ANY ('{murder,murder-in-title,blood,violence}'::text[]))",
                                                        "Rows Removed by Filter": 134167
                                                    },
                                                    {
                                                        "Node Type": "Hash",
                                                        "Parent Relationship": "Inner",
                                                        "Parallel Aware": false,
                                                        "Startup Cost": 30001618159.11,
                                                        "Total Cost": 30001618159.11,
                                                        "Plan Rows": 29158,
                                                        "Plan Width": 42,
                                                        "Actual Startup Time": 9423.641,
                                                        "Actual Total Time": 9423.671,
                                                        "Actual Rows": 4158650,
                                                        "Actual Loops": 1,
                                                        "Output": [
                                                            "mi_idx.info",
                                                            "mc.company_type_id",
                                                            "mc.company_id",
                                                            "mi.info_type_id",
                                                            "mk.keyword_id",
                                                            "t.title",
                                                            "t.kind_id"
                                                        ],
                                                        "Hash Buckets": 4194304,
                                                        "Original Hash Buckets": 32768,
                                                        "Hash Batches": 1,
                                                        "Original Hash Batches": 1,
                                                        "Peak Memory Usage": 332251,
                                                        "Plans": [
                                                            {
                                                                "Node Type": "Merge Join",
                                                                "Parent Relationship": "Outer",
                                                                "Parallel Aware": false,
                                                                "Join Type": "Inner",
                                                                "Startup Cost": 30000464124.34,
                                                                "Total Cost": 30001618159.11,
                                                                "Plan Rows": 29158,
                                                                "Plan Width": 42,
                                                                "Actual Startup Time": 3484.234,
                                                                "Actual Total Time": 8669.624,
                                                                "Actual Rows": 4158650,
                                                                "Actual Loops": 1,
                                                                "Output": [
                                                                    "mi_idx.info",
                                                                    "mc.company_type_id",
                                                                    "mc.company_id",
                                                                    "mi.info_type_id",
                                                                    "mk.keyword_id",
                                                                    "t.title",
                                                                    "t.kind_id"
                                                                ],
                                                                "Inner Unique": false,
                                                                "Merge Cond": "(t.id = mc.movie_id)",
                                                                "Plans": [
                                                                    {
                                                                        "Node Type": "Merge Join",
                                                                        "Parent Relationship": "Outer",
                                                                        "Parallel Aware": false,
                                                                        "Join Type": "Inner",
                                                                        "Startup Cost": 20000353338.06,
                                                                        "Total Cost": 20001507601.71,
                                                                        "Plan Rows": 95574,
                                                                        "Plan Width": 50,
                                                                        "Actual Startup Time": 2982.228,
                                                                        "Actual Total Time": 7469.808,
                                                                        "Actual Rows": 728571,
                                                                        "Actual Loops": 1,
                                                                        "Output": [
                                                                            "mi_idx.info",
                                                                            "mi_idx.movie_id",
                                                                            "mi.movie_id",
                                                                            "mi.info_type_id",
                                                                            "mk.movie_id",
                                                                            "mk.keyword_id",
                                                                            "t.title",
                                                                            "t.kind_id",
                                                                            "t.id"
                                                                        ],
                                                                        "Inner Unique": false,
                                                                        "Merge Cond": "(mi.movie_id = t.id)",
                                                                        "Plans": [
                                                                            {
                                                                                "Node Type": "Index Scan",
                                                                                "Parent Relationship": "Outer",
                                                                                "Parallel Aware": false,
                                                                                "Scan Direction": "Forward",
                                                                                "Index Name": "movie_id_movie_info",
                                                                                "Relation Name": "movie_info",
                                                                                "Schema": "public",
                                                                                "Alias": "mi",
                                                                                "Startup Cost": 0.43,
                                                                                "Total Cost": 1152203.85,
                                                                                "Plan Rows": 658455,
                                                                                "Plan Width": 8,
                                                                                "Actual Startup Time": 0.029,
                                                                                "Actual Total Time": 4296.396,
                                                                                "Actual Rows": 669283,
                                                                                "Actual Loops": 1,
                                                                                "Output": [
                                                                                    "mi.id",
                                                                                    "mi.movie_id",
                                                                                    "mi.info_type_id",
                                                                                    "mi.info",
                                                                                    "mi.note"
                                                                                ],
                                                                                "Filter": "(mi.info = ANY ('{Germany,German,USA,American}'::text[]))",
                                                                                "Rows Removed by Filter": 14164803
                                                                            },
                                                                            {
                                                                                "Node Type": "Sort",
                                                                                "Parent Relationship": "Inner",
                                                                                "Parallel Aware": false,
                                                                                "Startup Cost": 20000353337.6,
                                                                                "Total Cost": 20000353473.81,
                                                                                "Plan Rows": 54486,
                                                                                "Plan Width": 42,
                                                                                "Actual Startup Time": 2982.182,
                                                                                "Actual Total Time": 3021.674,
                                                                                "Actual Rows": 1081070,
                                                                                "Actual Loops": 1,
                                                                                "Output": [
                                                                                    "mi_idx.info",
                                                                                    "mi_idx.movie_id",
                                                                                    "mk.movie_id",
                                                                                    "mk.keyword_id",
                                                                                    "t.title",
                                                                                    "t.kind_id",
                                                                                    "t.id"
                                                                                ],
                                                                                "Sort Key": [
                                                                                    "mi_idx.movie_id"
                                                                                ],
                                                                                "Sort Method": "quicksort",
                                                                                "Sort Space Used": 111831,
                                                                                "Sort Space Type": "Memory",
                                                                                "Plans": [
                                                                                    {
                                                                                        "Node Type": "Hash Join",
                                                                                        "Parent Relationship": "Outer",
                                                                                        "Parallel Aware": false,
                                                                                        "Join Type": "Inner",
                                                                                        "Startup Cost": 20000158687.96,
                                                                                        "Total Cost": 20000349051.29,
                                                                                        "Plan Rows": 54486,
                                                                                        "Plan Width": 42,
                                                                                        "Actual Startup Time": 1562.636,
                                                                                        "Actual Total Time": 2815.808,
                                                                                        "Actual Rows": 974156,
                                                                                        "Actual Loops": 1,
                                                                                        "Output": [
                                                                                            "mi_idx.info",
                                                                                            "mi_idx.movie_id",
                                                                                            "mk.movie_id",
                                                                                            "mk.keyword_id",
                                                                                            "t.title",
                                                                                            "t.kind_id",
                                                                                            "t.id"
                                                                                        ],
                                                                                        "Inner Unique": false,
                                                                                        "Hash Cond": "(mk.movie_id = t.id)",
                                                                                        "Plans": [
                                                                                            {
                                                                                                "Node Type": "Merge Join",
                                                                                                "Parent Relationship": "Outer",
                                                                                                "Parallel Aware": false,
                                                                                                "Join Type": "Inner",
                                                                                                "Startup Cost": 10000073191.71,
                                                                                                "Total Cost": 10000262649.32,
                                                                                                "Plan Rows": 96230,
                                                                                                "Plan Width": 17,
                                                                                                "Actual Startup Time": 644.534,
                                                                                                "Actual Total Time": 1610.648,
                                                                                                "Actual Rows": 2376417,
                                                                                                "Actual Loops": 1,
                                                                                                "Output": [
                                                                                                    "mi_idx.info",
                                                                                                    "mi_idx.movie_id",
                                                                                                    "mk.movie_id",
                                                                                                    "mk.keyword_id"
                                                                                                ],
                                                                                                "Inner Unique": false,
                                                                                                "Merge Cond": "(mi_idx.movie_id = mk.movie_id)",
                                                                                                "Plans": [
                                                                                                    {
                                                                                                        "Node Type": "Sort",
                                                                                                        "Parent Relationship": "Outer",
                                                                                                        "Parallel Aware": false,
                                                                                                        "Startup Cost": 73191.27,
                                                                                                        "Total Cost": 73217.21,
                                                                                                        "Plan Rows": 10377,
                                                                                                        "Plan Width": 9,
                                                                                                        "Actual Startup Time": 644.504,
                                                                                                        "Actual Total Time": 666.973,
                                                                                                        "Actual Rows": 324117,
                                                                                                        "Actual Loops": 1,
                                                                                                        "Output": [
                                                                                                            "mi_idx.info",
                                                                                                            "mi_idx.movie_id"
                                                                                                        ],
                                                                                                        "Sort Key": [
                                                                                                            "mi_idx.movie_id"
                                                                                                        ],
                                                                                                        "Sort Method": "quicksort",
                                                                                                        "Sort Space Used": 27481,
                                                                                                        "Sort Space Type": "Memory",
                                                                                                        "Plans": [
                                                                                                            {
                                                                                                                "Node Type": "Hash Join",
                                                                                                                "Parent Relationship": "Outer",
                                                                                                                "Parallel Aware": false,
                                                                                                                "Join Type": "Inner",
                                                                                                                "Startup Cost": 71737.94,
                                                                                                                "Total Cost": 72499.07,
                                                                                                                "Plan Rows": 10377,
                                                                                                                "Plan Width": 9,
                                                                                                                "Actual Startup Time": 558.543,
                                                                                                                "Actual Total Time": 586.798,
                                                                                                                "Actual Rows": 324117,
                                                                                                                "Actual Loops": 1,
                                                                                                                "Output": [
                                                                                                                    "mi_idx.info",
                                                                                                                    "mi_idx.movie_id"
                                                                                                                ],
                                                                                                                "Inner Unique": false,
                                                                                                                "Hash Cond": "(it2.id = mi_idx.info_type_id)",
                                                                                                                "Plans": [
                                                                                                                    {
                                                                                                                        "Node Type": "Seq Scan",
                                                                                                                        "Parent Relationship": "Outer",
                                                                                                                        "Parallel Aware": false,
                                                                                                                        "Relation Name": "info_type",
                                                                                                                        "Schema": "public",
                                                                                                                        "Alias": "it2",
                                                                                                                        "Startup Cost": 0.0,
                                                                                                                        "Total Cost": 2.41,
                                                                                                                        "Plan Rows": 1,
                                                                                                                        "Plan Width": 4,
                                                                                                                        "Actual Startup Time": 0.024,
                                                                                                                        "Actual Total Time": 0.03,
                                                                                                                        "Actual Rows": 1,
                                                                                                                        "Actual Loops": 1,
                                                                                                                        "Output": [
                                                                                                                            "it2.id",
                                                                                                                            "it2.info"
                                                                                                                        ],
                                                                                                                        "Filter": "((it2.info)::text = 'rating'::text)",
                                                                                                                        "Rows Removed by Filter": 112
                                                                                                                    },
                                                                                                                    {
                                                                                                                        "Node Type": "Hash",
                                                                                                                        "Parent Relationship": "Inner",
                                                                                                                        "Parallel Aware": false,
                                                                                                                        "Startup Cost": 57080.9,
                                                                                                                        "Total Cost": 57080.9,
                                                                                                                        "Plan Rows": 1172563,
                                                                                                                        "Plan Width": 13,
                                                                                                                        "Actual Startup Time": 556.607,
                                                                                                                        "Actual Total Time": 556.619,
                                                                                                                        "Actual Rows": 1172960,
                                                                                                                        "Actual Loops": 1,
                                                                                                                        "Output": [
                                                                                                                            "mi_idx.info",
                                                                                                                            "mi_idx.movie_id",
                                                                                                                            "mi_idx.info_type_id"
                                                                                                                        ],
                                                                                                                        "Hash Buckets": 2097152,
                                                                                                                        "Original Hash Buckets": 2097152,
                                                                                                                        "Hash Batches": 1,
                                                                                                                        "Original Hash Batches": 1,
                                                                                                                        "Peak Memory Usage": 70439,
                                                                                                                        "Plans": [
                                                                                                                            {
                                                                                                                                "Node Type": "Index Scan",
                                                                                                                                "Parent Relationship": "Outer",
                                                                                                                                "Parallel Aware": false,
                                                                                                                                "Scan Direction": "Forward",
                                                                                                                                "Index Name": "movie_id_movie_info_idx",
                                                                                                                                "Relation Name": "movie_info_idx",
                                                                                                                                "Schema": "public",
                                                                                                                                "Alias": "mi_idx",
                                                                                                                                "Startup Cost": 0.43,
                                                                                                                                "Total Cost": 57080.9,
                                                                                                                                "Plan Rows": 1172563,
                                                                                                                                "Plan Width": 13,
                                                                                                                                "Actual Startup Time": 0.026,
                                                                                                                                "Actual Total Time": 349.501,
                                                                                                                                "Actual Rows": 1172960,
                                                                                                                                "Actual Loops": 1,
                                                                                                                                "Output": [
                                                                                                                                    "mi_idx.info",
                                                                                                                                    "mi_idx.movie_id",
                                                                                                                                    "mi_idx.info_type_id"
                                                                                                                                ],
                                                                                                                                "Filter": "(mi_idx.info < '7.0'::text)",
                                                                                                                                "Rows Removed by Filter": 207075
                                                                                                                            }
                                                                                                                        ]
                                                                                                                    }
                                                                                                                ]
                                                                                                            }
                                                                                                        ]
                                                                                                    },
                                                                                                    {
                                                                                                        "Node Type": "Index Scan",
                                                                                                        "Parent Relationship": "Inner",
                                                                                                        "Parallel Aware": false,
                                                                                                        "Scan Direction": "Forward",
                                                                                                        "Index Name": "movie_id_movie_keyword",
                                                                                                        "Relation Name": "movie_keyword",
                                                                                                        "Schema": "public",
                                                                                                        "Alias": "mk",
                                                                                                        "Startup Cost": 10000000000.43,
                                                                                                        "Total Cost": 10000177177.46,
                                                                                                        "Plan Rows": 4523930,
                                                                                                        "Plan Width": 8,
                                                                                                        "Actual Startup Time": 0.023,
                                                                                                        "Actual Total Time": 506.998,
                                                                                                        "Actual Rows": 4523925,
                                                                                                        "Actual Loops": 1,
                                                                                                        "Output": [
                                                                                                            "mk.id",
                                                                                                            "mk.movie_id",
                                                                                                            "mk.keyword_id"
                                                                                                        ]
                                                                                                    }
                                                                                                ]
                                                                                            },
                                                                                            {
                                                                                                "Node Type": "Hash",
                                                                                                "Parent Relationship": "Inner",
                                                                                                "Parallel Aware": false,
                                                                                                "Startup Cost": 10000067602.02,
                                                                                                "Total Cost": 10000067602.02,
                                                                                                "Plan Rows": 1431538,
                                                                                                "Plan Width": 25,
                                                                                                "Actual Startup Time": 916.025,
                                                                                                "Actual Total Time": 916.026,
                                                                                                "Actual Rows": 1434466,
                                                                                                "Actual Loops": 1,
                                                                                                "Output": [
                                                                                                    "t.title",
                                                                                                    "t.kind_id",
                                                                                                    "t.id"
                                                                                                ],
                                                                                                "Hash Buckets": 2097152,
                                                                                                "Original Hash Buckets": 2097152,
                                                                                                "Hash Batches": 1,
                                                                                                "Original Hash Batches": 1,
                                                                                                "Peak Memory Usage": 98805,
                                                                                                "Plans": [
                                                                                                    {
                                                                                                        "Node Type": "Seq Scan",
                                                                                                        "Parent Relationship": "Outer",
                                                                                                        "Parallel Aware": false,
                                                                                                        "Relation Name": "title",
                                                                                                        "Schema": "public",
                                                                                                        "Alias": "t",
                                                                                                        "Startup Cost": 10000000000.0,
                                                                                                        "Total Cost": 10000067602.02,
                                                                                                        "Plan Rows": 1431538,
                                                                                                        "Plan Width": 25,
                                                                                                        "Actual Startup Time": 0.014,
                                                                                                        "Actual Total Time": 436.202,
                                                                                                        "Actual Rows": 1434466,
                                                                                                        "Actual Loops": 1,
                                                                                                        "Output": [
                                                                                                            "t.title",
                                                                                                            "t.kind_id",
                                                                                                            "t.id"
                                                                                                        ],
                                                                                                        "Filter": "(t.production_year > 1999)",
                                                                                                        "Rows Removed by Filter": 1093846
                                                                                                    }
                                                                                                ]
                                                                                            }
                                                                                        ]
                                                                                    }
                                                                                ]
                                                                            }
                                                                        ]
                                                                    },
                                                                    {
                                                                        "Node Type": "Sort",
                                                                        "Parent Relationship": "Inner",
                                                                        "Parallel Aware": false,
                                                                        "Startup Cost": 10000110665.48,
                                                                        "Total Cost": 10000111037.62,
                                                                        "Plan Rows": 148857,
                                                                        "Plan Width": 12,
                                                                        "Actual Startup Time": 502.0,
                                                                        "Actual Total Time": 683.421,
                                                                        "Actual Rows": 4413417,
                                                                        "Actual Loops": 1,
                                                                        "Output": [
                                                                            "mc.movie_id",
                                                                            "mc.company_type_id",
                                                                            "mc.company_id"
                                                                        ],
                                                                        "Sort Key": [
                                                                            "mc.movie_id"
                                                                        ],
                                                                        "Sort Method": "quicksort",
                                                                        "Sort Space Used": 26504,
                                                                        "Sort Space Type": "Memory",
                                                                        "Plans": [
                                                                            {
                                                                                "Node Type": "Index Scan",
                                                                                "Parent Relationship": "Outer",
                                                                                "Parallel Aware": false,
                                                                                "Scan Direction": "Forward",
                                                                                "Index Name": "company_type_id_movie_companies",
                                                                                "Relation Name": "movie_companies",
                                                                                "Schema": "public",
                                                                                "Alias": "mc",
                                                                                "Startup Cost": 10000000000.43,
                                                                                "Total Cost": 10000097876.01,
                                                                                "Plan Rows": 148857,
                                                                                "Plan Width": 12,
                                                                                "Actual Startup Time": 0.024,
                                                                                "Actual Total Time": 450.195,
                                                                                "Actual Rows": 303271,
                                                                                "Actual Loops": 1,
                                                                                "Output": [
                                                                                    "mc.movie_id",
                                                                                    "mc.company_type_id",
                                                                                    "mc.company_id"
                                                                                ],
                                                                                "Filter": "((mc.note !~~ '%(USA)%'::text) AND (mc.note ~~ '%(200%)%'::text))",
                                                                                "Rows Removed by Filter": 2305858
                                                                            }
                                                                        ]
                                                                    }
                                                                ]
                                                            }
                                                        ]
                                                    }
                                                ]
                                            },
                                            {
                                                "Node Type": "Bitmap Heap Scan",
                                                "Parent Relationship": "Inner",
                                                "Parallel Aware": false,
                                                "Relation Name": "info_type",
                                                "Schema": "public",
                                                "Alias": "it1",
                                                "Startup Cost": 0.15,
                                                "Total Cost": 4.17,
                                                "Plan Rows": 1,
                                                "Plan Width": 4,
                                                "Actual Startup Time": 0.002,
                                                "Actual Total Time": 0.002,
                                                "Actual Rows": 1,
                                                "Actual Loops": 38491,
                                                "Output": [
                                                    "it1.id",
                                                    "it1.info"
                                                ],
                                                "Recheck Cond": "(it1.id = mi.info_type_id)",
                                                "Rows Removed by Index Recheck": 0,
                                                "Filter": "((it1.info)::text = 'countries'::text)",
                                                "Rows Removed by Filter": 0,
                                                "Exact Heap Blocks": 38491,
                                                "Lossy Heap Blocks": 0,
                                                "Plans": [
                                                    {
                                                        "Node Type": "Bitmap Index Scan",
                                                        "Parent Relationship": "Outer",
                                                        "Parallel Aware": false,
                                                        "Index Name": "info_type_pkey",
                                                        "Startup Cost": 0.0,
                                                        "Total Cost": 0.15,
                                                        "Plan Rows": 1,
                                                        "Plan Width": 0,
                                                        "Actual Startup Time": 0.001,
                                                        "Actual Total Time": 0.001,
                                                        "Actual Rows": 1,
                                                        "Actual Loops": 38491,
                                                        "Index Cond": "(it1.id = mi.info_type_id)"
                                                    }
                                                ]
                                            }
                                        ]
                                    },
                                    {
                                        "Node Type": "Bitmap Heap Scan",
                                        "Parent Relationship": "Inner",
                                        "Parallel Aware": false,
                                        "Relation Name": "kind_type",
                                        "Schema": "public",
                                        "Alias": "kt",
                                        "Startup Cost": 0.14,
                                        "Total Cost": 4.16,
                                        "Plan Rows": 1,
                                        "Plan Width": 4,
                                        "Actual Startup Time": 0.002,
                                        "Actual Total Time": 0.002,
                                        "Actual Rows": 1,
                                        "Actual Loops": 35136,
                                        "Output": [
                                            "kt.id",
                                            "kt.kind"
                                        ],
                                        "Recheck Cond": "(kt.id = t.kind_id)",
                                        "Rows Removed by Index Recheck": 0,
                                        "Filter": "((kt.kind)::text = ANY ('{movie,episode}'::text[]))",
                                        "Rows Removed by Filter": 0,
                                        "Exact Heap Blocks": 35136,
                                        "Lossy Heap Blocks": 0,
                                        "Plans": [
                                            {
                                                "Node Type": "Bitmap Index Scan",
                                                "Parent Relationship": "Outer",
                                                "Parallel Aware": false,
                                                "Index Name": "kind_type_pkey",
                                                "Startup Cost": 0.0,
                                                "Total Cost": 0.14,
                                                "Plan Rows": 1,
                                                "Plan Width": 0,
                                                "Actual Startup Time": 0.001,
                                                "Actual Total Time": 0.001,
                                                "Actual Rows": 1,
                                                "Actual Loops": 35136,
                                                "Index Cond": "(kt.id = t.kind_id)"
                                            }
                                        ]
                                    }
                                ]
                            },
                            {
                                "Node Type": "Hash",
                                "Parent Relationship": "Inner",
                                "Parallel Aware": false,
                                "Startup Cost": 1.04,
                                "Total Cost": 1.04,
                                "Plan Rows": 4,
                                "Plan Width": 4,
                                "Actual Startup Time": 0.014,
                                "Actual Total Time": 0.015,
                                "Actual Rows": 4,
                                "Actual Loops": 1,
                                "Output": [
                                    "ct.id"
                                ],
                                "Hash Buckets": 1024,
                                "Original Hash Buckets": 1024,
                                "Hash Batches": 1,
                                "Original Hash Batches": 1,
                                "Peak Memory Usage": 9,
                                "Plans": [
                                    {
                                        "Node Type": "Seq Scan",
                                        "Parent Relationship": "Outer",
                                        "Parallel Aware": false,
                                        "Relation Name": "company_type",
                                        "Schema": "public",
                                        "Alias": "ct",
                                        "Startup Cost": 0.0,
                                        "Total Cost": 1.04,
                                        "Plan Rows": 4,
                                        "Plan Width": 4,
                                        "Actual Startup Time": 0.009,
                                        "Actual Total Time": 0.01,
                                        "Actual Rows": 4,
                                        "Actual Loops": 1,
                                        "Output": [
                                            "ct.id"
                                        ]
                                    }
                                ]
                            }
                        ]
                    },
                    {
                        "Node Type": "Bitmap Heap Scan",
                        "Parent Relationship": "Inner",
                        "Parallel Aware": false,
                        "Relation Name": "company_name",
                        "Schema": "public",
                        "Alias": "cn",
                        "Startup Cost": 0.45,
                        "Total Cost": 4.47,
                        "Plan Rows": 1,
                        "Plan Width": 23,
                        "Actual Startup Time": 0.003,
                        "Actual Total Time": 0.003,
                        "Actual Rows": 1,
                        "Actual Loops": 31909,
                        "Output": [
                            "cn.id",
                            "cn.name",
                            "cn.country_code",
                            "cn.imdb_id",
                            "cn.name_pcode_nf",
                            "cn.name_pcode_sf",
                            "cn.md5sum"
                        ],
                        "Recheck Cond": "(cn.id = mc.company_id)",
                        "Rows Removed by Index Recheck": 0,
                        "Filter": "((cn.country_code)::text <> '[us]'::text)",
                        "Rows Removed by Filter": 0,
                        "Exact Heap Blocks": 31909,
                        "Lossy Heap Blocks": 0,
                        "Plans": [
                            {
                                "Node Type": "Bitmap Index Scan",
                                "Parent Relationship": "Outer",
                                "Parallel Aware": false,
                                "Index Name": "company_name_pkey",
                                "Startup Cost": 0.0,
                                "Total Cost": 0.45,
                                "Plan Rows": 1,
                                "Plan Width": 0,
                                "Actual Startup Time": 0.002,
                                "Actual Total Time": 0.002,
                                "Actual Rows": 1,
                                "Actual Loops": 31909,
                                "Index Cond": "(cn.id = mc.company_id)"
                            }
                        ]
                    }
                ]
            }
        ]
    },
    "Planning Time": 30.465,
    "Triggers": [],
    "Execution Time": 9950.7
}