{
    "Plan": {
        "Node Type": "Aggregate",
        "Strategy": "Plain",
        "Partial Mode": "Finalize",
        "Parallel Aware": false,
        "Startup Cost": 204327.54,
        "Total Cost": 204327.55,
        "Plan Rows": 1,
        "Plan Width": 8,
        "Actual Startup Time": 958.567,
        "Actual Total Time": 1024.43,
        "Actual Rows": 1,
        "Actual Loops": 1,
        "Output": [
            "count(*)"
        ],
        "Plans": [
            {
                "Node Type": "Gather",
                "Parent Relationship": "Outer",
                "Parallel Aware": false,
                "Startup Cost": 204327.01,
                "Total Cost": 204327.52,
                "Plan Rows": 5,
                "Plan Width": 8,
                "Actual Startup Time": 956.558,
                "Actual Total Time": 1024.416,
                "Actual Rows": 6,
                "Actual Loops": 1,
                "Output": [
                    "(PARTIAL count(*))"
                ],
                "Workers Planned": 5,
                "Workers Launched": 5,
                "Single Copy": false,
                "Plans": [
                    {
                        "Node Type": "Aggregate",
                        "Strategy": "Plain",
                        "Partial Mode": "Partial",
                        "Parent Relationship": "Outer",
                        "Parallel Aware": false,
                        "Startup Cost": 203327.01,
                        "Total Cost": 203327.02,
                        "Plan Rows": 1,
                        "Plan Width": 8,
                        "Actual Startup Time": 945.204,
                        "Actual Total Time": 945.206,
                        "Actual Rows": 1,
                        "Actual Loops": 6,
                        "Output": [
                            "PARTIAL count(*)"
                        ],
                        "Workers": [
                            {
                                "Worker Number": 0,
                                "Actual Startup Time": 942.58,
                                "Actual Total Time": 942.583,
                                "Actual Rows": 1,
                                "Actual Loops": 1
                            },
                            {
                                "Worker Number": 1,
                                "Actual Startup Time": 942.785,
                                "Actual Total Time": 942.788,
                                "Actual Rows": 1,
                                "Actual Loops": 1
                            },
                            {
                                "Worker Number": 2,
                                "Actual Startup Time": 943.143,
                                "Actual Total Time": 943.145,
                                "Actual Rows": 1,
                                "Actual Loops": 1
                            },
                            {
                                "Worker Number": 3,
                                "Actual Startup Time": 943.49,
                                "Actual Total Time": 943.493,
                                "Actual Rows": 1,
                                "Actual Loops": 1
                            },
                            {
                                "Worker Number": 4,
                                "Actual Startup Time": 943.641,
                                "Actual Total Time": 943.644,
                                "Actual Rows": 1,
                                "Actual Loops": 1
                            }
                        ],
                        "Plans": [
                            {
                                "Node Type": "Nested Loop",
                                "Parent Relationship": "Outer",
                                "Parallel Aware": false,
                                "Join Type": "Inner",
                                "Startup Cost": 88317.84,
                                "Total Cost": 202892.5,
                                "Plan Rows": 173807,
                                "Plan Width": 0,
                                "Actual Startup Time": 386.372,
                                "Actual Total Time": 936.546,
                                "Actual Rows": 149914,
                                "Actual Loops": 6,
                                "Inner Unique": false,
                                "Join Filter": "(t.id = ci.movie_id)",
                                "Rows Removed by Join Filter": 0,
                                "Workers": [
                                    {
                                        "Worker Number": 0,
                                        "Actual Startup Time": 390.996,
                                        "Actual Total Time": 934.714,
                                        "Actual Rows": 129192,
                                        "Actual Loops": 1
                                    },
                                    {
                                        "Worker Number": 1,
                                        "Actual Startup Time": 345.506,
                                        "Actual Total Time": 933.641,
                                        "Actual Rows": 172999,
                                        "Actual Loops": 1
                                    },
                                    {
                                        "Worker Number": 2,
                                        "Actual Startup Time": 481.493,
                                        "Actual Total Time": 936.303,
                                        "Actual Rows": 70923,
                                        "Actual Loops": 1
                                    },
                                    {
                                        "Worker Number": 3,
                                        "Actual Startup Time": 392.165,
                                        "Actual Total Time": 935.641,
                                        "Actual Rows": 128224,
                                        "Actual Loops": 1
                                    },
                                    {
                                        "Worker Number": 4,
                                        "Actual Startup Time": 346.573,
                                        "Actual Total Time": 934.559,
                                        "Actual Rows": 169773,
                                        "Actual Loops": 1
                                    }
                                ],
                                "Plans": [
                                    {
                                        "Node Type": "Merge Join",
                                        "Parent Relationship": "Outer",
                                        "Parallel Aware": false,
                                        "Join Type": "Inner",
                                        "Startup Cost": 88317.28,
                                        "Total Cost": 133011.29,
                                        "Plan Rows": 25370,
                                        "Plan Width": 8,
                                        "Actual Startup Time": 386.173,
                                        "Actual Total Time": 505.58,
                                        "Actual Rows": 11578,
                                        "Actual Loops": 6,
                                        "Output": [
                                            "t.id",
                                            "mi_idx.movie_id"
                                        ],
                                        "Inner Unique": true,
                                        "Merge Cond": "(mi_idx.movie_id = t.id)",
                                        "Workers": [
                                            {
                                                "Worker Number": 0,
                                                "Actual Startup Time": 390.909,
                                                "Actual Total Time": 506.058,
                                                "Actual Rows": 9583,
                                                "Actual Loops": 1
                                            },
                                            {
                                                "Worker Number": 1,
                                                "Actual Startup Time": 345.267,
                                                "Actual Total Time": 460.949,
                                                "Actual Rows": 12913,
                                                "Actual Loops": 1
                                            },
                                            {
                                                "Worker Number": 2,
                                                "Actual Startup Time": 481.243,
                                                "Actual Total Time": 587.533,
                                                "Actual Rows": 5574,
                                                "Actual Loops": 1
                                            },
                                            {
                                                "Worker Number": 3,
                                                "Actual Startup Time": 392.051,
                                                "Actual Total Time": 505.708,
                                                "Actual Rows": 9946,
                                                "Actual Loops": 1
                                            },
                                            {
                                                "Worker Number": 4,
                                                "Actual Startup Time": 346.123,
                                                "Actual Total Time": 466.43,
                                                "Actual Rows": 13516,
                                                "Actual Loops": 1
                                            }
                                        ],
                                        "Plans": [
                                            {
                                                "Node Type": "Index Only Scan",
                                                "Parent Relationship": "Outer",
                                                "Parallel Aware": true,
                                                "Scan Direction": "Forward",
                                                "Index Name": "movie_id_movie_info_idx",
                                                "Relation Name": "movie_info_idx",
                                                "Schema": "public",
                                                "Alias": "mi_idx",
                                                "Startup Cost": 0.43,
                                                "Total Cost": 42590.53,
                                                "Plan Rows": 276007,
                                                "Plan Width": 4,
                                                "Actual Startup Time": 0.152,
                                                "Actual Total Time": 53.461,
                                                "Actual Rows": 230006,
                                                "Actual Loops": 6,
                                                "Output": [
                                                    "mi_idx.movie_id"
                                                ],
                                                "Heap Fetches": 1380035,
                                                "Workers": [
                                                    {
                                                        "Worker Number": 0,
                                                        "Actual Startup Time": 0.138,
                                                        "Actual Total Time": 48.372,
                                                        "Actual Rows": 196058,
                                                        "Actual Loops": 1
                                                    },
                                                    {
                                                        "Worker Number": 1,
                                                        "Actual Startup Time": 0.179,
                                                        "Actual Total Time": 54.337,
                                                        "Actual Rows": 249220,
                                                        "Actual Loops": 1
                                                    },
                                                    {
                                                        "Worker Number": 2,
                                                        "Actual Startup Time": 0.19,
                                                        "Actual Total Time": 40.493,
                                                        "Actual Rows": 117910,
                                                        "Actual Loops": 1
                                                    },
                                                    {
                                                        "Worker Number": 3,
                                                        "Actual Startup Time": 0.177,
                                                        "Actual Total Time": 47.738,
                                                        "Actual Rows": 193218,
                                                        "Actual Loops": 1
                                                    },
                                                    {
                                                        "Worker Number": 4,
                                                        "Actual Startup Time": 0.177,
                                                        "Actual Total Time": 58.54,
                                                        "Actual Rows": 270757,
                                                        "Actual Loops": 1
                                                    }
                                                ]
                                            },
                                            {
                                                "Node Type": "Sort",
                                                "Parent Relationship": "Inner",
                                                "Parallel Aware": false,
                                                "Startup Cost": 88316.22,
                                                "Total Cost": 88897.23,
                                                "Plan Rows": 232401,
                                                "Plan Width": 4,
                                                "Actual Startup Time": 385.916,
                                                "Actual Total Time": 419.836,
                                                "Actual Rows": 231469,
                                                "Actual Loops": 6,
                                                "Output": [
                                                    "t.id"
                                                ],
                                                "Sort Key": [
                                                    "t.id"
                                                ],
                                                "Sort Method": "quicksort",
                                                "Sort Space Used": 17003,
                                                "Sort Space Type": "Memory",
                                                "Workers": [
                                                    {
                                                        "Worker Number": 0,
                                                        "Actual Startup Time": 390.635,
                                                        "Actual Total Time": 426.997,
                                                        "Actual Rows": 231518,
                                                        "Actual Loops": 1
                                                    },
                                                    {
                                                        "Worker Number": 1,
                                                        "Actual Startup Time": 344.92,
                                                        "Actual Total Time": 376.605,
                                                        "Actual Rows": 231482,
                                                        "Actual Loops": 1
                                                    },
                                                    {
                                                        "Worker Number": 2,
                                                        "Actual Startup Time": 480.94,
                                                        "Actual Total Time": 514.199,
                                                        "Actual Rows": 231477,
                                                        "Actual Loops": 1
                                                    },
                                                    {
                                                        "Worker Number": 3,
                                                        "Actual Startup Time": 391.773,
                                                        "Actual Total Time": 427.591,
                                                        "Actual Rows": 231267,
                                                        "Actual Loops": 1
                                                    },
                                                    {
                                                        "Worker Number": 4,
                                                        "Actual Startup Time": 345.849,
                                                        "Actual Total Time": 377.011,
                                                        "Actual Rows": 231498,
                                                        "Actual Loops": 1
                                                    }
                                                ],
                                                "Plans": [
                                                    {
                                                        "Node Type": "Seq Scan",
                                                        "Parent Relationship": "Outer",
                                                        "Parallel Aware": false,
                                                        "Relation Name": "title",
                                                        "Schema": "public",
                                                        "Alias": "t",
                                                        "Startup Cost": 0.0,
                                                        "Total Cost": 67602.02,
                                                        "Plan Rows": 232401,
                                                        "Plan Width": 4,
                                                        "Actual Startup Time": 0.078,
                                                        "Actual Total Time": 316.128,
                                                        "Actual Rows": 231649,
                                                        "Actual Loops": 6,
                                                        "Output": [
                                                            "t.id"
                                                        ],
                                                        "Filter": "(t.production_year > 2011)",
                                                        "Rows Removed by Filter": 2296663,
                                                        "Workers": [
                                                            {
                                                                "Worker Number": 0,
                                                                "Actual Startup Time": 0.088,
                                                                "Actual Total Time": 319.499,
                                                                "Actual Rows": 231649,
                                                                "Actual Loops": 1
                                                            },
                                                            {
                                                                "Worker Number": 1,
                                                                "Actual Startup Time": 0.081,
                                                                "Actual Total Time": 284.68,
                                                                "Actual Rows": 231649,
                                                                "Actual Loops": 1
                                                            },
                                                            {
                                                                "Worker Number": 2,
                                                                "Actual Startup Time": 0.09,
                                                                "Actual Total Time": 386.825,
                                                                "Actual Rows": 231649,
                                                                "Actual Loops": 1
                                                            },
                                                            {
                                                                "Worker Number": 3,
                                                                "Actual Startup Time": 0.09,
                                                                "Actual Total Time": 321.074,
                                                                "Actual Rows": 231649,
                                                                "Actual Loops": 1
                                                            },
                                                            {
                                                                "Worker Number": 4,
                                                                "Actual Startup Time": 0.09,
                                                                "Actual Total Time": 285.871,
                                                                "Actual Rows": 231649,
                                                                "Actual Loops": 1
                                                            }
                                                        ]
                                                    }
                                                ]
                                            }
                                        ]
                                    },
                                    {
                                        "Node Type": "Index Scan",
                                        "Parent Relationship": "Inner",
                                        "Parallel Aware": false,
                                        "Scan Direction": "Forward",
                                        "Index Name": "movie_id_cast_info",
                                        "Relation Name": "cast_info",
                                        "Schema": "public",
                                        "Alias": "ci",
                                        "Startup Cost": 0.56,
                                        "Total Cost": 2.53,
                                        "Plan Rows": 18,
                                        "Plan Width": 4,
                                        "Actual Startup Time": 0.015,
                                        "Actual Total Time": 0.036,
                                        "Actual Rows": 13,
                                        "Actual Loops": 69471,
                                        "Output": [
                                            "ci.id",
                                            "ci.person_id",
                                            "ci.movie_id",
                                            "ci.person_role_id",
                                            "ci.note",
                                            "ci.nr_order",
                                            "ci.role_id"
                                        ],
                                        "Index Cond": "(ci.movie_id = mi_idx.movie_id)",
                                        "Rows Removed by Index Recheck": 0,
                                        "Filter": "((ci.person_id < 2752418) AND (ci.role_id > 1))",
                                        "Rows Removed by Filter": 21,
                                        "Workers": [
                                            {
                                                "Worker Number": 0,
                                                "Actual Startup Time": 0.018,
                                                "Actual Total Time": 0.043,
                                                "Actual Rows": 13,
                                                "Actual Loops": 9583
                                            },
                                            {
                                                "Worker Number": 1,
                                                "Actual Startup Time": 0.015,
                                                "Actual Total Time": 0.035,
                                                "Actual Rows": 13,
                                                "Actual Loops": 12913
                                            },
                                            {
                                                "Worker Number": 2,
                                                "Actual Startup Time": 0.025,
                                                "Actual Total Time": 0.06,
                                                "Actual Rows": 13,
                                                "Actual Loops": 5574
                                            },
                                            {
                                                "Worker Number": 3,
                                                "Actual Startup Time": 0.018,
                                                "Actual Total Time": 0.042,
                                                "Actual Rows": 13,
                                                "Actual Loops": 9946
                                            },
                                            {
                                                "Worker Number": 4,
                                                "Actual Startup Time": 0.014,
                                                "Actual Total Time": 0.033,
                                                "Actual Rows": 13,
                                                "Actual Loops": 13516
                                            }
                                        ]
                                    }
                                ]
                            }
                        ]
                    }
                ]
            }
        ]
    },
    "Planning Time": 1.583,
    "Triggers": [],
    "Execution Time": 1027.848
}