{
  "Plan": {
    "Node Type": "Aggregate",
    "Strategy": "Plain",
    "Partial Mode": "Finalize",
    "Parallel Aware": false,
    "Startup Cost": 98153.84,
    "Total Cost": 98153.85,
    "Plan Rows": 1,
    "Plan Width": 8,
    "Actual Startup Time": 339.548,
    "Actual Total Time": 359.529,
    "Actual Rows": 1,
    "Actual Loops": 1,
    "Plans": [
      {
        "Node Type": "Gather",
        "Parent Relationship": "Outer",
        "Parallel Aware": false,
        "Startup Cost": 98153.72,
        "Total Cost": 98153.83,
        "Plan Rows": 1,
        "Plan Width": 8,
        "Actual Startup Time": 338.999,
        "Actual Total Time": 359.519,
        "Actual Rows": 2,
        "Actual Loops": 1,
        "Workers Planned": 1,
        "Workers Launched": 1,
        "Single Copy": false,
        "Plans": [
          {
            "Node Type": "Aggregate",
            "Strategy": "Plain",
            "Partial Mode": "Partial",
            "Parent Relationship": "Outer",
            "Parallel Aware": false,
            "Startup Cost": 97153.72,
            "Total Cost": 97153.73,
            "Plan Rows": 1,
            "Plan Width": 8,
            "Actual Startup Time": 332.539,
            "Actual Total Time": 332.546,
            "Actual Rows": 1,
            "Actual Loops": 2,
            "Plans": [
              {
                "Node Type": "Nested Loop",
                "Parent Relationship": "Outer",
                "Parallel Aware": false,
                "Join Type": "Inner",
                "Startup Cost": 64332.04,
                "Total Cost": 97153.16,
                "Plan Rows": 226,
                "Plan Width": 0,
                "Actual Startup Time": 298.808,
                "Actual Total Time": 332.538,
                "Actual Rows": 4,
                "Actual Loops": 2,
                "Inner Unique": false,
                "Join Filter": "(t.id = ci.movie_id)",
                "Rows Removed by Join Filter": 0,
                "Plans": [
                  {
                    "Node Type": "Hash Join",
                    "Parent Relationship": "Outer",
                    "Parallel Aware": true,
                    "Join Type": "Inner",
                    "Startup Cost": 64331.48,
                    "Total Cost": 92844.91,
                    "Plan Rows": 904,
                    "Plan Width": 8,
                    "Actual Startup Time": 234.611,
                    "Actual Total Time": 319.84,
                    "Actual Rows": 407,
                    "Actual Loops": 2,
                    "Inner Unique": true,
                    "Hash Cond": "(mk.movie_id = t.id)",
                    "Plans": [
                      {
                        "Node Type": "Bitmap Heap Scan",
                        "Parent Relationship": "Outer",
                        "Parallel Aware": true,
                        "Relation Name": "movie_keyword",
                        "Alias": "mk",
                        "Startup Cost": 9680.5,
                        "Total Cost": 37489.41,
                        "Plan Rows": 268392,
                        "Plan Width": 4,
                        "Actual Startup Time": 44.612,
                        "Actual Total Time": 133.478,
                        "Actual Rows": 236272,
                        "Actual Loops": 2,
                        "Recheck Cond": "(keyword_id < 359)",
                        "Rows Removed by Index Recheck": 0,
                        "Exact Heap Blocks": 16118,
                        "Lossy Heap Blocks": 0,
                        "Plans": [
                          {
                            "Node Type": "Bitmap Index Scan",
                            "Parent Relationship": "Outer",
                            "Parallel Aware": false,
                            "Index Name": "keyword_id_movie_keyword",
                            "Startup Cost": 0.0,
                            "Total Cost": 9566.44,
                            "Plan Rows": 456267,
                            "Plan Width": 0,
                            "Actual Startup Time": 38.82,
                            "Actual Total Time": 38.821,
                            "Actual Rows": 472545,
                            "Actual Loops": 1,
                            "Index Cond": "(keyword_id < 359)"
                          }
                        ]
                      },
                      {
                        "Node Type": "Hash",
                        "Parent Relationship": "Inner",
                        "Parallel Aware": true,
                        "Startup Cost": 54588.39,
                        "Total Cost": 54588.39,
                        "Plan Rows": 5007,
                        "Plan Width": 4,
                        "Actual Startup Time": 155.866,
                        "Actual Total Time": 155.868,
                        "Actual Rows": 4451,
                        "Actual Loops": 2,
                        "Hash Buckets": 16384,
                        "Original Hash Buckets": 16384,
                        "Hash Batches": 1,
                        "Original Hash Batches": 1,
                        "Peak Memory Usage": 512,
                        "Plans": [
                          {
                            "Node Type": "Seq Scan",
                            "Parent Relationship": "Outer",
                            "Parallel Aware": true,
                            "Relation Name": "title",
                            "Alias": "t",
                            "Startup Cost": 0.0,
                            "Total Cost": 54588.39,
                            "Plan Rows": 5007,
                            "Plan Width": 4,
                            "Actual Startup Time": 103.532,
                            "Actual Total Time": 154.054,
                            "Actual Rows": 4451,
                            "Actual Loops": 2,
                            "Filter": "(production_year = 1913)",
                            "Rows Removed by Filter": 1259705
                          }
                        ]
                      }
                    ]
                  },
                  {
                    "Node Type": "Index Scan",
                    "Parent Relationship": "Inner",
                    "Parallel Aware": false,
                    "Scan Direction": "Forward",
                    "Index Name": "movie_id_cast_info",
                    "Relation Name": "cast_info",
                    "Alias": "ci",
                    "Startup Cost": 0.56,
                    "Total Cost": 4.75,
                    "Plan Rows": 1,
                    "Plan Width": 4,
                    "Actual Startup Time": 0.031,
                    "Actual Total Time": 0.031,
                    "Actual Rows": 0,
                    "Actual Loops": 814,
                    "Index Cond": "(movie_id = mk.movie_id)",
                    "Rows Removed by Index Recheck": 0,
                    "Filter": "((person_id > 3366834) AND (role_id > 8))",
                    "Rows Removed by Filter": 6
                  }
                ]
              }
            ]
          }
        ]
      }
    ]
  },
  "Planning Time": 0.951,
  "Triggers": [],
  "Execution Time": 359.639
}