{
  "Plan": {
    "Node Type": "Aggregate",
    "Strategy": "Plain",
    "Partial Mode": "Finalize",
    "Parallel Aware": false,
    "Startup Cost": 325754.83,
    "Total Cost": 325754.84,
    "Plan Rows": 1,
    "Plan Width": 8,
    "Actual Startup Time": 162.544,
    "Actual Total Time": 177.469,
    "Actual Rows": 1,
    "Actual Loops": 1,
    "Plans": [
      {
        "Node Type": "Gather",
        "Parent Relationship": "Outer",
        "Parallel Aware": false,
        "Startup Cost": 325754.71,
        "Total Cost": 325754.82,
        "Plan Rows": 1,
        "Plan Width": 8,
        "Actual Startup Time": 162.429,
        "Actual Total Time": 177.462,
        "Actual Rows": 2,
        "Actual Loops": 1,
        "Workers Planned": 1,
        "Workers Launched": 1,
        "Single Copy": false,
        "Plans": [
          {
            "Node Type": "Aggregate",
            "Strategy": "Plain",
            "Partial Mode": "Partial",
            "Parent Relationship": "Outer",
            "Parallel Aware": false,
            "Startup Cost": 324754.71,
            "Total Cost": 324754.72,
            "Plan Rows": 1,
            "Plan Width": 8,
            "Actual Startup Time": 156.697,
            "Actual Total Time": 156.699,
            "Actual Rows": 1,
            "Actual Loops": 2,
            "Plans": [
              {
                "Node Type": "Nested Loop",
                "Parent Relationship": "Outer",
                "Parallel Aware": false,
                "Join Type": "Inner",
                "Startup Cost": 0.43,
                "Total Cost": 324743.54,
                "Plan Rows": 4470,
                "Plan Width": 0,
                "Actual Startup Time": 0.549,
                "Actual Total Time": 156.319,
                "Actual Rows": 4731,
                "Actual Loops": 2,
                "Inner Unique": false,
                "Plans": [
                  {
                    "Node Type": "Seq Scan",
                    "Parent Relationship": "Outer",
                    "Parallel Aware": true,
                    "Relation Name": "title",
                    "Alias": "t",
                    "Startup Cost": 0.0,
                    "Total Cost": 58306.47,
                    "Plan Rows": 2321,
                    "Plan Width": 4,
                    "Actual Startup Time": 0.395,
                    "Actual Total Time": 133.014,
                    "Actual Rows": 2346,
                    "Actual Loops": 2,
                    "Filter": "((kind_id = 7) AND (production_year = 1955))",
                    "Rows Removed by Filter": 1261810
                  },
                  {
                    "Node Type": "Index Scan",
                    "Parent Relationship": "Inner",
                    "Parallel Aware": false,
                    "Scan Direction": "Forward",
                    "Index Name": "movie_id_movie_info",
                    "Relation Name": "movie_info",
                    "Alias": "mi",
                    "Startup Cost": 0.43,
                    "Total Cost": 114.65,
                    "Plan Rows": 14,
                    "Plan Width": 4,
                    "Actual Startup Time": 0.005,
                    "Actual Total Time": 0.009,
                    "Actual Rows": 2,
                    "Actual Loops": 4691,
                    "Index Cond": "(movie_id = t.id)",
                    "Rows Removed by Index Recheck": 0,
                    "Filter": "(info_type_id < 5)",
                    "Rows Removed by Filter": 5
                  }
                ]
              }
            ]
          }
        ]
      }
    ]
  },
  "Planning Time": 0.466,
  "Triggers": [],
  "Execution Time": 177.578
}