[
  {
    "Plan": {
      "Node Type": "Aggregate",
      "Strategy": "Plain",
      "Partial Mode": "Finalize",
      "Parallel Aware": false,
      "Startup Cost": 124211.04,
      "Total Cost": 124211.05,
      "Plan Rows": 1,
      "Plan Width": 8,
      "Actual Startup Time": 726.618,
      "Actual Total Time": 747.879,
      "Actual Rows": 1,
      "Actual Loops": 1,
      "Plans": [
        {
          "Node Type": "Gather",
          "Parent Relationship": "Outer",
          "Parallel Aware": false,
          "Startup Cost": 124210.72,
          "Total Cost": 124211.03,
          "Plan Rows": 3,
          "Plan Width": 8,
          "Actual Startup Time": 720.965,
          "Actual Total Time": 747.868,
          "Actual Rows": 4,
          "Actual Loops": 1,
          "Workers Planned": 3,
          "Workers Launched": 3,
          "Single Copy": false,
          "Plans": [
            {
              "Node Type": "Aggregate",
              "Strategy": "Plain",
              "Partial Mode": "Partial",
              "Parent Relationship": "Outer",
              "Parallel Aware": false,
              "Startup Cost": 123210.72,
              "Total Cost": 123210.73,
              "Plan Rows": 1,
              "Plan Width": 8,
              "Actual Startup Time": 716.995,
              "Actual Total Time": 717.322,
              "Actual Rows": 1,
              "Actual Loops": 4,
              "Plans": [
                {
                  "Node Type": "Hash Join",
                  "Parent Relationship": "Outer",
                  "Parallel Aware": true,
                  "Join Type": "Inner",
                  "Startup Cost": 92303.51,
                  "Total Cost": 122973.0,
                  "Plan Rows": 95090,
                  "Plan Width": 0,
                  "Actual Startup Time": 397.213,
                  "Actual Total Time": 658.414,
                  "Actual Rows": 1477297,
                  "Actual Loops": 4,
                  "Inner Unique": false,
                  "Hash Cond": "(mc.movie_id = t.id)",
                  "Plans": [
                    {
                      "Node Type": "Seq Scan",
                      "Parent Relationship": "Outer",
                      "Parallel Aware": true,
                      "Relation Name": "movie_companies",
                      "Alias": "mc",
                      "Startup Cost": 0.0,
                      "Total Cost": 27206.55,
                      "Plan Rows": 841655,
                      "Plan Width": 4,
                      "Actual Startup Time": 0.028,
                      "Actual Total Time": 55.381,
                      "Actual Rows": 652282,
                      "Actual Loops": 4
                    },
                    {
                      "Node Type": "Hash",
                      "Parent Relationship": "Inner",
                      "Parallel Aware": true,
                      "Startup Cost": 91151.65,
                      "Total Cost": 91151.65,
                      "Plan Rows": 92149,
                      "Plan Width": 8,
                      "Actual Startup Time": 394.986,
                      "Actual Total Time": 395.311,
                      "Actual Rows": 203856,
                      "Actual Loops": 4,
                      "Hash Buckets": 1048576,
                      "Original Hash Buckets": 524288,
                      "Hash Batches": 1,
                      "Original Hash Batches": 1,
                      "Peak Memory Usage": 44256,
                      "Plans": [
                        {
                          "Node Type": "Hash Join",
                          "Parent Relationship": "Outer",
                          "Parallel Aware": true,
                          "Join Type": "Inner",
                          "Startup Cost": 47518.69,
                          "Total Cost": 91151.65,
                          "Plan Rows": 92149,
                          "Plan Width": 8,
                          "Actual Startup Time": 170.433,
                          "Actual Total Time": 327.914,
                          "Actual Rows": 203856,
                          "Actual Loops": 4,
                          "Inner Unique": true,
                          "Hash Cond": "(mk.movie_id = t.id)",
                          "Plans": [
                            {
                              "Node Type": "Seq Scan",
                              "Parent Relationship": "Outer",
                              "Parallel Aware": true,
                              "Relation Name": "movie_keyword",
                              "Alias": "mk",
                              "Startup Cost": 0.0,
                              "Total Cost": 42695.65,
                              "Plan Rows": 357069,
                              "Plan Width": 4,
                              "Actual Startup Time": 0.028,
                              "Actual Total Time": 93.789,
                              "Actual Rows": 279087,
                              "Actual Loops": 4,
                              "Filter": "(keyword_id < 1165)",
                              "Rows Removed by Filter": 851896
                            },
                            {
                              "Node Type": "Hash",
                              "Parent Relationship": "Inner",
                              "Parallel Aware": true,
                              "Startup Cost": 45479.59,
                              "Total Cost": 45479.59,
                              "Plan Rows": 163128,
                              "Plan Width": 4,
                              "Actual Startup Time": 168.258,
                              "Actual Total Time": 168.26,
                              "Actual Rows": 177795,
                              "Actual Loops": 4,
                              "Hash Buckets": 1048576,
                              "Original Hash Buckets": 1048576,
                              "Hash Batches": 1,
                              "Original Hash Batches": 1,
                              "Peak Memory Usage": 36064,
                              "Plans": [
                                {
                                  "Node Type": "Seq Scan",
                                  "Parent Relationship": "Outer",
                                  "Parallel Aware": true,
                                  "Relation Name": "title",
                                  "Alias": "t",
                                  "Startup Cost": 0.0,
                                  "Total Cost": 45479.59,
                                  "Plan Rows": 163128,
                                  "Plan Width": 4,
                                  "Actual Startup Time": 0.017,
                                  "Actual Total Time": 99.975,
                                  "Actual Rows": 177795,
                                  "Actual Loops": 4,
                                  "Filter": "((kind_id < 7) AND (production_year < 2008))",
                                  "Rows Removed by Filter": 454283
                                }
                              ]
                            }
                          ]
                        }
                      ]
                    }
                  ]
                }
              ]
            }
          ]
        }
      ]
    },
    "Planning Time": 0.551,
    "Triggers": [],
    "Execution Time": 747.933
  }
]