[
  {
    "Plan": {
      "Node Type": "Aggregate",
      "Strategy": "Plain",
      "Partial Mode": "Finalize",
      "Parallel Aware": false,
      "Startup Cost": 77439.63,
      "Total Cost": 77439.64,
      "Plan Rows": 1,
      "Plan Width": 8,
      "Actual Startup Time": 359.832,
      "Actual Total Time": 374.775,
      "Actual Rows": 1,
      "Actual Loops": 1,
      "Plans": [
        {
          "Node Type": "Gather",
          "Parent Relationship": "Outer",
          "Parallel Aware": false,
          "Startup Cost": 77439.31,
          "Total Cost": 77439.62,
          "Plan Rows": 3,
          "Plan Width": 8,
          "Actual Startup Time": 350.732,
          "Actual Total Time": 374.767,
          "Actual Rows": 4,
          "Actual Loops": 1,
          "Workers Planned": 3,
          "Workers Launched": 3,
          "Single Copy": false,
          "Plans": [
            {
              "Node Type": "Aggregate",
              "Strategy": "Plain",
              "Partial Mode": "Partial",
              "Parent Relationship": "Outer",
              "Parallel Aware": false,
              "Startup Cost": 76439.31,
              "Total Cost": 76439.32,
              "Plan Rows": 1,
              "Plan Width": 8,
              "Actual Startup Time": 335.476,
              "Actual Total Time": 335.479,
              "Actual Rows": 1,
              "Actual Loops": 4,
              "Plans": [
                {
                  "Node Type": "Hash Join",
                  "Parent Relationship": "Outer",
                  "Parallel Aware": true,
                  "Join Type": "Inner",
                  "Startup Cost": 51612.47,
                  "Total Cost": 76386.42,
                  "Plan Rows": 21154,
                  "Plan Width": 0,
                  "Actual Startup Time": 309.748,
                  "Actual Total Time": 334.589,
                  "Actual Rows": 15260,
                  "Actual Loops": 4,
                  "Inner Unique": true,
                  "Hash Cond": "(mk.movie_id = t.id)",
                  "Plans": [
                    {
                      "Node Type": "Bitmap Heap Scan",
                      "Parent Relationship": "Outer",
                      "Parallel Aware": true,
                      "Relation Name": "movie_keyword",
                      "Alias": "mk",
                      "Startup Cost": 1392.66,
                      "Total Cost": 26111.09,
                      "Plan Rows": 21154,
                      "Plan Width": 4,
                      "Actual Startup Time": 8.745,
                      "Actual Total Time": 26.945,
                      "Actual Rows": 15260,
                      "Actual Loops": 4,
                      "Recheck Cond": "(keyword_id > 94781)",
                      "Rows Removed by Index Recheck": 0,
                      "Exact Heap Blocks": 5336,
                      "Lossy Heap Blocks": 0,
                      "Plans": [
                        {
                          "Node Type": "Bitmap Index Scan",
                          "Parent Relationship": "Outer",
                          "Parallel Aware": false,
                          "Index Name": "keyword_id_movie_keyword",
                          "Startup Cost": 0.0,
                          "Total Cost": 1376.27,
                          "Plan Rows": 65578,
                          "Plan Width": 0,
                          "Actual Startup Time": 6.683,
                          "Actual Total Time": 6.684,
                          "Actual Rows": 61040,
                          "Actual Loops": 1,
                          "Index Cond": "(keyword_id > 94781)"
                        }
                      ]
                    },
                    {
                      "Node Type": "Hash",
                      "Parent Relationship": "Inner",
                      "Parallel Aware": true,
                      "Startup Cost": 42318.81,
                      "Total Cost": 42318.81,
                      "Plan Rows": 632080,
                      "Plan Width": 4,
                      "Actual Startup Time": 290.352,
                      "Actual Total Time": 290.353,
                      "Actual Rows": 632078,
                      "Actual Loops": 4,
                      "Hash Buckets": 4194304,
                      "Original Hash Buckets": 4194304,
                      "Hash Batches": 1,
                      "Original Hash Batches": 1,
                      "Peak Memory Usage": 131712,
                      "Plans": [
                        {
                          "Node Type": "Seq Scan",
                          "Parent Relationship": "Outer",
                          "Parallel Aware": true,
                          "Relation Name": "title",
                          "Alias": "t",
                          "Startup Cost": 0.0,
                          "Total Cost": 42318.81,
                          "Plan Rows": 632080,
                          "Plan Width": 4,
                          "Actual Startup Time": 0.023,
                          "Actual Total Time": 83.459,
                          "Actual Rows": 632078,
                          "Actual Loops": 4
                        }
                      ]
                    }
                  ]
                }
              ]
            }
          ]
        }
      ]
    },
    "Planning Time": 0.506,
    "Triggers": [],
    "Execution Time": 374.842
  }
]