{
  "Plan": {
    "Node Type": "Aggregate",
    "Strategy": "Plain",
    "Partial Mode": "Finalize",
    "Parallel Aware": false,
    "Startup Cost": 628751.21,
    "Total Cost": 628751.22,
    "Plan Rows": 1,
    "Plan Width": 8,
    "Actual Startup Time": 3514.968,
    "Actual Total Time": 3587.588,
    "Actual Rows": 1,
    "Actual Loops": 1,
    "Plans": [
      {
        "Node Type": "Gather",
        "Parent Relationship": "Outer",
        "Parallel Aware": false,
        "Startup Cost": 628751.1,
        "Total Cost": 628751.21,
        "Plan Rows": 1,
        "Plan Width": 8,
        "Actual Startup Time": 3512.084,
        "Actual Total Time": 3587.579,
        "Actual Rows": 2,
        "Actual Loops": 1,
        "Workers Planned": 1,
        "Workers Launched": 1,
        "Single Copy": false,
        "Plans": [
          {
            "Node Type": "Aggregate",
            "Strategy": "Plain",
            "Partial Mode": "Partial",
            "Parent Relationship": "Outer",
            "Parallel Aware": false,
            "Startup Cost": 627751.1,
            "Total Cost": 627751.11,
            "Plan Rows": 1,
            "Plan Width": 8,
            "Actual Startup Time": 3503.621,
            "Actual Total Time": 3503.625,
            "Actual Rows": 1,
            "Actual Loops": 2,
            "Plans": [
              {
                "Node Type": "Hash Join",
                "Parent Relationship": "Outer",
                "Parallel Aware": true,
                "Join Type": "Inner",
                "Startup Cost": 104683.05,
                "Total Cost": 627566.22,
                "Plan Rows": 73950,
                "Plan Width": 0,
                "Actual Startup Time": 457.936,
                "Actual Total Time": 3496.972,
                "Actual Rows": 127344,
                "Actual Loops": 2,
                "Inner Unique": false,
                "Hash Cond": "(t.id = mc.movie_id)",
                "Plans": [
                  {
                    "Node Type": "Hash Join",
                    "Parent Relationship": "Outer",
                    "Parallel Aware": true,
                    "Join Type": "Inner",
                    "Startup Cost": 54688.16,
                    "Total Cost": 576421.52,
                    "Plan Rows": 114371,
                    "Plan Width": 8,
                    "Actual Startup Time": 115.872,
                    "Actual Total Time": 3077.518,
                    "Actual Rows": 105864,
                    "Actual Loops": 2,
                    "Inner Unique": true,
                    "Hash Cond": "(ci.movie_id = t.id)",
                    "Plans": [
                      {
                        "Node Type": "Seq Scan",
                        "Parent Relationship": "Outer",
                        "Parallel Aware": true,
                        "Relation Name": "cast_info",
                        "Alias": "ci",
                        "Startup Cost": 0.0,
                        "Total Cost": 465792.95,
                        "Plan Rows": 21310595,
                        "Plan Width": 4,
                        "Actual Startup Time": 0.017,
                        "Actual Total Time": 1371.566,
                        "Actual Rows": 18122172,
                        "Actual Loops": 2
                      },
                      {
                        "Node Type": "Hash",
                        "Parent Relationship": "Inner",
                        "Parallel Aware": true,
                        "Startup Cost": 54588.39,
                        "Total Cost": 54588.39,
                        "Plan Rows": 7982,
                        "Plan Width": 4,
                        "Actual Startup Time": 115.654,
                        "Actual Total Time": 115.654,
                        "Actual Rows": 7214,
                        "Actual Loops": 2,
                        "Hash Buckets": 16384,
                        "Original Hash Buckets": 16384,
                        "Hash Batches": 1,
                        "Original Hash Batches": 1,
                        "Peak Memory Usage": 704,
                        "Plans": [
                          {
                            "Node Type": "Seq Scan",
                            "Parent Relationship": "Outer",
                            "Parallel Aware": true,
                            "Relation Name": "title",
                            "Alias": "t",
                            "Startup Cost": 0.0,
                            "Total Cost": 54588.39,
                            "Plan Rows": 7982,
                            "Plan Width": 4,
                            "Actual Startup Time": 0.065,
                            "Actual Total Time": 113.306,
                            "Actual Rows": 7214,
                            "Actual Loops": 2,
                            "Filter": "(production_year = 1978)",
                            "Rows Removed by Filter": 1256942
                          }
                        ]
                      }
                    ]
                  },
                  {
                    "Node Type": "Hash",
                    "Parent Relationship": "Inner",
                    "Parallel Aware": true,
                    "Startup Cost": 37974.77,
                    "Total Cost": 37974.77,
                    "Plan Rows": 961609,
                    "Plan Width": 4,
                    "Actual Startup Time": 326.729,
                    "Actual Total Time": 326.73,
                    "Actual Rows": 817750,
                    "Actual Loops": 2,
                    "Hash Buckets": 2097152,
                    "Original Hash Buckets": 2097152,
                    "Hash Batches": 1,
                    "Original Hash Batches": 1,
                    "Peak Memory Usage": 80384,
                    "Plans": [
                      {
                        "Node Type": "Seq Scan",
                        "Parent Relationship": "Outer",
                        "Parallel Aware": true,
                        "Relation Name": "movie_companies",
                        "Alias": "mc",
                        "Startup Cost": 0.0,
                        "Total Cost": 37974.77,
                        "Plan Rows": 961609,
                        "Plan Width": 4,
                        "Actual Startup Time": 6.159,
                        "Actual Total Time": 141.123,
                        "Actual Rows": 817750,
                        "Actual Loops": 2,
                        "Filter": "(company_id > 4226)",
                        "Rows Removed by Filter": 486814
                      }
                    ]
                  }
                ]
              }
            ]
          }
        ]
      }
    ]
  },
  "Planning Time": 0.941,
  "Triggers": [],
  "Execution Time": 3587.683
}