{
  "Plan": {
    "Node Type": "Aggregate",
    "Strategy": "Plain",
    "Partial Mode": "Simple",
    "Parallel Aware": false,
    "Startup Cost": 973926.46,
    "Total Cost": 973926.47,
    "Plan Rows": 1,
    "Plan Width": 96,
    "Actual Startup Time": 3474.818,
    "Actual Total Time": 3572.299,
    "Actual Rows": 1,
    "Actual Loops": 1,
    "Plans": [
      {
        "Node Type": "Gather",
        "Parent Relationship": "Outer",
        "Parallel Aware": false,
        "Startup Cost": 691673.27,
        "Total Cost": 973926.45,
        "Plan Rows": 1,
        "Plan Width": 66,
        "Actual Startup Time": 2994.292,
        "Actual Total Time": 3572.193,
        "Actual Rows": 410,
        "Actual Loops": 1,
        "Workers Planned": 1,
        "Workers Launched": 1,
        "Single Copy": false,
        "Plans": [
          {
            "Node Type": "Hash Join",
            "Parent Relationship": "Outer",
            "Parallel Aware": false,
            "Join Type": "Inner",
            "Startup Cost": 690673.27,
            "Total Cost": 972926.35,
            "Plan Rows": 1,
            "Plan Width": 66,
            "Actual Startup Time": 2987.235,
            "Actual Total Time": 3467.029,
            "Actual Rows": 205,
            "Actual Loops": 2,
            "Inner Unique": true,
            "Hash Cond": "(mi.info_type_id = it1.id)",
            "Plans": [
              {
                "Node Type": "Hash Join",
                "Parent Relationship": "Outer",
                "Parallel Aware": true,
                "Join Type": "Inner",
                "Startup Cost": 690670.85,
                "Total Cost": 972923.91,
                "Plan Rows": 4,
                "Plan Width": 70,
                "Actual Startup Time": 2280.297,
                "Actual Total Time": 3463.872,
                "Actual Rows": 41204,
                "Actual Loops": 2,
                "Inner Unique": false,
                "Hash Cond": "(mi.movie_id = ci.movie_id)",
                "Plans": [
                  {
                    "Node Type": "Seq Scan",
                    "Parent Relationship": "Outer",
                    "Parallel Aware": true,
                    "Relation Name": "movie_info",
                    "Alias": "mi",
                    "Startup Cost": 0.0,
                    "Total Cost": 249454.8,
                    "Plan Rows": 8746180,
                    "Plan Width": 51,
                    "Actual Startup Time": 0.019,
                    "Actual Total Time": 623.369,
                    "Actual Rows": 7417860,
                    "Actual Loops": 2
                  },
                  {
                    "Node Type": "Hash",
                    "Parent Relationship": "Inner",
                    "Parallel Aware": true,
                    "Startup Cost": 690670.84,
                    "Total Cost": 690670.84,
                    "Plan Rows": 1,
                    "Plan Width": 35,
                    "Actual Startup Time": 2278.582,
                    "Actual Total Time": 2278.596,
                    "Actual Rows": 1718,
                    "Actual Loops": 2,
                    "Hash Buckets": 4096,
                    "Original Hash Buckets": 1024,
                    "Hash Batches": 1,
                    "Original Hash Batches": 1,
                    "Peak Memory Usage": 312,
                    "Plans": [
                      {
                        "Node Type": "Hash Join",
                        "Parent Relationship": "Outer",
                        "Parallel Aware": true,
                        "Join Type": "Inner",
                        "Startup Cost": 634221.65,
                        "Total Cost": 690670.84,
                        "Plan Rows": 1,
                        "Plan Width": 35,
                        "Actual Startup Time": 2052.743,
                        "Actual Total Time": 2272.177,
                        "Actual Rows": 1718,
                        "Actual Loops": 2,
                        "Inner Unique": false,
                        "Hash Cond": "(t.id = ci.movie_id)",
                        "Plans": [
                          {
                            "Node Type": "Seq Scan",
                            "Parent Relationship": "Outer",
                            "Parallel Aware": true,
                            "Relation Name": "title",
                            "Alias": "t",
                            "Startup Cost": 0.0,
                            "Total Cost": 50871.58,
                            "Plan Rows": 1487358,
                            "Plan Width": 21,
                            "Actual Startup Time": 0.007,
                            "Actual Total Time": 118.778,
                            "Actual Rows": 1264156,
                            "Actual Loops": 2
                          },
                          {
                            "Node Type": "Hash",
                            "Parent Relationship": "Inner",
                            "Parallel Aware": true,
                            "Startup Cost": 634221.64,
                            "Total Cost": 634221.64,
                            "Plan Rows": 1,
                            "Plan Width": 14,
                            "Actual Startup Time": 2052.516,
                            "Actual Total Time": 2052.527,
                            "Actual Rows": 1718,
                            "Actual Loops": 2,
                            "Hash Buckets": 4096,
                            "Original Hash Buckets": 1024,
                            "Hash Batches": 1,
                            "Original Hash Batches": 1,
                            "Peak Memory Usage": 280,
                            "Plans": [
                              {
                                "Node Type": "Hash Join",
                                "Parent Relationship": "Outer",
                                "Parallel Aware": false,
                                "Join Type": "Inner",
                                "Startup Cost": 615123.91,
                                "Total Cost": 634221.64,
                                "Plan Rows": 1,
                                "Plan Width": 14,
                                "Actual Startup Time": 1933.666,
                                "Actual Total Time": 2038.51,
                                "Actual Rows": 1718,
                                "Actual Loops": 2,
                                "Inner Unique": true,
                                "Hash Cond": "(mi_idx.info_type_id = it2.id)",
                                "Plans": [
                                  {
                                    "Node Type": "Hash Join",
                                    "Parent Relationship": "Outer",
                                    "Parallel Aware": true,
                                    "Join Type": "Inner",
                                    "Startup Cost": 615121.49,
                                    "Total Cost": 634219.0,
                                    "Plan Rows": 79,
                                    "Plan Width": 18,
                                    "Actual Startup Time": 1933.57,
                                    "Actual Total Time": 2037.924,
                                    "Actual Rows": 5155,
                                    "Actual Loops": 2,
                                    "Inner Unique": false,
                                    "Hash Cond": "(mi_idx.movie_id = ci.movie_id)",
                                    "Plans": [
                                      {
                                        "Node Type": "Seq Scan",
                                        "Parent Relationship": "Outer",
                                        "Parallel Aware": true,
                                        "Relation Name": "movie_info_idx",
                                        "Alias": "mi_idx",
                                        "Startup Cost": 0.0,
                                        "Total Cost": 16052.85,
                                        "Plan Rows": 811785,
                                        "Plan Width": 14,
                                        "Actual Startup Time": 0.017,
                                        "Actual Total Time": 53.499,
                                        "Actual Rows": 690018,
                                        "Actual Loops": 2
                                      },
                                      {
                                        "Node Type": "Hash",
                                        "Parent Relationship": "Inner",
                                        "Parallel Aware": true,
                                        "Startup Cost": 615120.8,
                                        "Total Cost": 615120.8,
                                        "Plan Rows": 55,
                                        "Plan Width": 4,
                                        "Actual Startup Time": 1933.442,
                                        "Actual Total Time": 1933.447,
                                        "Actual Rows": 3360,
                                        "Actual Loops": 2,
                                        "Hash Buckets": 8192,
                                        "Original Hash Buckets": 1024,
                                        "Hash Batches": 1,
                                        "Original Hash Batches": 1,
                                        "Peak Memory Usage": 408,
                                        "Plans": [
                                          {
                                            "Node Type": "Hash Join",
                                            "Parent Relationship": "Outer",
                                            "Parallel Aware": true,
                                            "Join Type": "Inner",
                                            "Startup Cost": 92385.26,
                                            "Total Cost": 615120.8,
                                            "Plan Rows": 55,
                                            "Plan Width": 4,
                                            "Actual Startup Time": 1062.103,
                                            "Actual Total Time": 1906.436,
                                            "Actual Rows": 3360,
                                            "Actual Loops": 2,
                                            "Inner Unique": true,
                                            "Hash Cond": "(ci.person_id = n.id)",
                                            "Plans": [
                                              {
                                                "Node Type": "Seq Scan",
                                                "Parent Relationship": "Outer",
                                                "Parallel Aware": true,
                                                "Relation Name": "cast_info",
                                                "Alias": "ci",
                                                "Startup Cost": 0.0,
                                                "Total Cost": 519288.65,
                                                "Plan Rows": 1313102,
                                                "Plan Width": 8,
                                                "Actual Startup Time": 146.267,
                                                "Actual Total Time": 1525.848,
                                                "Actual Rows": 1189636,
                                                "Actual Loops": 2,
                                                "Filter": "(note = ANY ('{(producer),\"(executive producer)\"}'::text[]))",
                                                "Rows Removed by Filter": 16932536
                                              },
                                              {
                                                "Node Type": "Hash",
                                                "Parent Relationship": "Inner",
                                                "Parallel Aware": true,
                                                "Startup Cost": 92383.97,
                                                "Total Cost": 92383.97,
                                                "Plan Rows": 103,
                                                "Plan Width": 4,
                                                "Actual Startup Time": 301.38,
                                                "Actual Total Time": 301.381,
                                                "Actual Rows": 4531,
                                                "Actual Loops": 2,
                                                "Hash Buckets": 8192,
                                                "Original Hash Buckets": 1024,
                                                "Hash Batches": 1,
                                                "Original Hash Batches": 1,
                                                "Peak Memory Usage": 504,
                                                "Plans": [
                                                  {
                                                    "Node Type": "Seq Scan",
                                                    "Parent Relationship": "Outer",
                                                    "Parallel Aware": true,
                                                    "Relation Name": "name",
                                                    "Alias": "n",
                                                    "Startup Cost": 0.0,
                                                    "Total Cost": 92383.97,
                                                    "Plan Rows": 103,
                                                    "Plan Width": 4,
                                                    "Actual Startup Time": 0.275,
                                                    "Actual Total Time": 292.639,
                                                    "Actual Rows": 4531,
                                                    "Actual Loops": 2,
                                                    "Filter": "((name ~~ '%Tim%'::text) AND ((gender)::text = 'm'::text))",
                                                    "Rows Removed by Filter": 2079214
                                                  }
                                                ]
                                              }
                                            ]
                                          }
                                        ]
                                      }
                                    ]
                                  },
                                  {
                                    "Node Type": "Hash",
                                    "Parent Relationship": "Inner",
                                    "Parallel Aware": false,
                                    "Startup Cost": 2.41,
                                    "Total Cost": 2.41,
                                    "Plan Rows": 1,
                                    "Plan Width": 4,
                                    "Actual Startup Time": 0.056,
                                    "Actual Total Time": 0.057,
                                    "Actual Rows": 1,
                                    "Actual Loops": 2,
                                    "Hash Buckets": 1024,
                                    "Original Hash Buckets": 1024,
                                    "Hash Batches": 1,
                                    "Original Hash Batches": 1,
                                    "Peak Memory Usage": 9,
                                    "Plans": [
                                      {
                                        "Node Type": "Seq Scan",
                                        "Parent Relationship": "Outer",
                                        "Parallel Aware": false,
                                        "Relation Name": "info_type",
                                        "Alias": "it2",
                                        "Startup Cost": 0.0,
                                        "Total Cost": 2.41,
                                        "Plan Rows": 1,
                                        "Plan Width": 4,
                                        "Actual Startup Time": 0.039,
                                        "Actual Total Time": 0.044,
                                        "Actual Rows": 1,
                                        "Actual Loops": 2,
                                        "Filter": "((info)::text = 'votes'::text)",
                                        "Rows Removed by Filter": 112
                                      }
                                    ]
                                  }
                                ]
                              }
                            ]
                          }
                        ]
                      }
                    ]
                  }
                ]
              },
              {
                "Node Type": "Hash",
                "Parent Relationship": "Inner",
                "Parallel Aware": false,
                "Startup Cost": 2.41,
                "Total Cost": 2.41,
                "Plan Rows": 1,
                "Plan Width": 4,
                "Actual Startup Time": 0.113,
                "Actual Total Time": 0.114,
                "Actual Rows": 1,
                "Actual Loops": 2,
                "Hash Buckets": 1024,
                "Original Hash Buckets": 1024,
                "Hash Batches": 1,
                "Original Hash Batches": 1,
                "Peak Memory Usage": 9,
                "Plans": [
                  {
                    "Node Type": "Seq Scan",
                    "Parent Relationship": "Outer",
                    "Parallel Aware": false,
                    "Relation Name": "info_type",
                    "Alias": "it1",
                    "Startup Cost": 0.0,
                    "Total Cost": 2.41,
                    "Plan Rows": 1,
                    "Plan Width": 4,
                    "Actual Startup Time": 0.077,
                    "Actual Total Time": 0.082,
                    "Actual Rows": 1,
                    "Actual Loops": 2,
                    "Filter": "((info)::text = 'budget'::text)",
                    "Rows Removed by Filter": 112
                  }
                ]
              }
            ]
          }
        ]
      }
    ]
  },
  "Planning Time": 1.618,
  "Triggers": [],
  "Execution Time": 3572.476
}