[
  {
    "Plan": {
      "Node Type": "Aggregate",
      "Strategy": "Plain",
      "Partial Mode": "Finalize",
      "Parallel Aware": false,
      "Startup Cost": 104446.15,
      "Total Cost": 104446.16,
      "Plan Rows": 1,
      "Plan Width": 8,
      "Actual Startup Time": 441.541,
      "Actual Total Time": 482.338,
      "Actual Rows": 1,
      "Actual Loops": 1,
      "Plans": [
        {
          "Node Type": "Gather",
          "Parent Relationship": "Outer",
          "Parallel Aware": false,
          "Startup Cost": 104445.83,
          "Total Cost": 104446.14,
          "Plan Rows": 3,
          "Plan Width": 8,
          "Actual Startup Time": 441.199,
          "Actual Total Time": 482.33,
          "Actual Rows": 4,
          "Actual Loops": 1,
          "Workers Planned": 3,
          "Workers Launched": 3,
          "Single Copy": false,
          "Plans": [
            {
              "Node Type": "Aggregate",
              "Strategy": "Plain",
              "Partial Mode": "Partial",
              "Parent Relationship": "Outer",
              "Parallel Aware": false,
              "Startup Cost": 103445.83,
              "Total Cost": 103445.84,
              "Plan Rows": 1,
              "Plan Width": 8,
              "Actual Startup Time": 433.309,
              "Actual Total Time": 433.316,
              "Actual Rows": 1,
              "Actual Loops": 4,
              "Plans": [
                {
                  "Node Type": "Nested Loop",
                  "Parent Relationship": "Outer",
                  "Parallel Aware": false,
                  "Join Type": "Inner",
                  "Startup Cost": 44071.48,
                  "Total Cost": 103420.63,
                  "Plan Rows": 10082,
                  "Plan Width": 0,
                  "Actual Startup Time": 103.38,
                  "Actual Total Time": 432.167,
                  "Actual Rows": 18300,
                  "Actual Loops": 4,
                  "Inner Unique": false,
                  "Join Filter": "(t.id = mi.movie_id)",
                  "Rows Removed by Join Filter": 0,
                  "Plans": [
                    {
                      "Node Type": "Hash Join",
                      "Parent Relationship": "Outer",
                      "Parallel Aware": true,
                      "Join Type": "Inner",
                      "Startup Cost": 44071.05,
                      "Total Cost": 73486.94,
                      "Plan Rows": 18292,
                      "Plan Width": 8,
                      "Actual Startup Time": 102.61,
                      "Actual Total Time": 237.126,
                      "Actual Rows": 11724,
                      "Actual Loops": 4,
                      "Inner Unique": true,
                      "Hash Cond": "(mc.movie_id = t.id)",
                      "Plans": [
                        {
                          "Node Type": "Seq Scan",
                          "Parent Relationship": "Outer",
                          "Parallel Aware": true,
                          "Relation Name": "movie_companies",
                          "Alias": "mc",
                          "Startup Cost": 0.0,
                          "Total Cost": 27206.55,
                          "Plan Rows": 841655,
                          "Plan Width": 4,
                          "Actual Startup Time": 0.01,
                          "Actual Total Time": 57.92,
                          "Actual Rows": 652282,
                          "Actual Loops": 4
                        },
                        {
                          "Node Type": "Hash",
                          "Parent Relationship": "Inner",
                          "Parallel Aware": true,
                          "Startup Cost": 43899.32,
                          "Total Cost": 43899.32,
                          "Plan Rows": 13738,
                          "Plan Width": 4,
                          "Actual Startup Time": 101.319,
                          "Actual Total Time": 101.321,
                          "Actual Rows": 13253,
                          "Actual Loops": 4,
                          "Hash Buckets": 65536,
                          "Original Hash Buckets": 65536,
                          "Hash Batches": 1,
                          "Original Hash Batches": 1,
                          "Peak Memory Usage": 2656,
                          "Plans": [
                            {
                              "Node Type": "Seq Scan",
                              "Parent Relationship": "Outer",
                              "Parallel Aware": true,
                              "Relation Name": "title",
                              "Alias": "t",
                              "Startup Cost": 0.0,
                              "Total Cost": 43899.32,
                              "Plan Rows": 13738,
                              "Plan Width": 4,
                              "Actual Startup Time": 0.052,
                              "Actual Total Time": 94.959,
                              "Actual Rows": 13253,
                              "Actual Loops": 4,
                              "Filter": "(production_year = 2000)",
                              "Rows Removed by Filter": 618825
                            }
                          ]
                        }
                      ]
                    },
                    {
                      "Node Type": "Index Scan",
                      "Parent Relationship": "Inner",
                      "Parallel Aware": false,
                      "Scan Direction": "Forward",
                      "Index Name": "movie_id_movie_info",
                      "Relation Name": "movie_info",
                      "Alias": "mi",
                      "Startup Cost": 0.43,
                      "Total Cost": 1.59,
                      "Plan Rows": 4,
                      "Plan Width": 4,
                      "Actual Startup Time": 0.01,
                      "Actual Total Time": 0.016,
                      "Actual Rows": 2,
                      "Actual Loops": 46894,
                      "Index Cond": "(movie_id = mc.movie_id)",
                      "Rows Removed by Index Recheck": 0,
                      "Filter": "(info_type_id = 7)",
                      "Rows Removed by Filter": 34
                    }
                  ]
                }
              ]
            }
          ]
        }
      ]
    },
    "Planning Time": 1.58,
    "Triggers": [],
    "Execution Time": 482.435
  }
]