[
  {
    "Plan": {
      "Node Type": "Aggregate",
      "Strategy": "Plain",
      "Partial Mode": "Finalize",
      "Parallel Aware": false,
      "Startup Cost": 79401.98,
      "Total Cost": 79401.99,
      "Plan Rows": 1,
      "Plan Width": 8,
      "Actual Startup Time": 248.84,
      "Actual Total Time": 279.759,
      "Actual Rows": 1,
      "Actual Loops": 1,
      "Plans": [
        {
          "Node Type": "Gather",
          "Parent Relationship": "Outer",
          "Parallel Aware": false,
          "Startup Cost": 79401.66,
          "Total Cost": 79401.97,
          "Plan Rows": 3,
          "Plan Width": 8,
          "Actual Startup Time": 247.847,
          "Actual Total Time": 279.745,
          "Actual Rows": 4,
          "Actual Loops": 1,
          "Workers Planned": 3,
          "Workers Launched": 3,
          "Single Copy": false,
          "Plans": [
            {
              "Node Type": "Aggregate",
              "Strategy": "Plain",
              "Partial Mode": "Partial",
              "Parent Relationship": "Outer",
              "Parallel Aware": false,
              "Startup Cost": 78401.66,
              "Total Cost": 78401.67,
              "Plan Rows": 1,
              "Plan Width": 8,
              "Actual Startup Time": 242.311,
              "Actual Total Time": 242.318,
              "Actual Rows": 1,
              "Actual Loops": 4,
              "Plans": [
                {
                  "Node Type": "Hash Join",
                  "Parent Relationship": "Outer",
                  "Parallel Aware": true,
                  "Join Type": "Inner",
                  "Startup Cost": 52147.11,
                  "Total Cost": 78383.14,
                  "Plan Rows": 7407,
                  "Plan Width": 0,
                  "Actual Startup Time": 147.708,
                  "Actual Total Time": 241.964,
                  "Actual Rows": 3295,
                  "Actual Loops": 4,
                  "Inner Unique": true,
                  "Hash Cond": "(mk.movie_id = t.id)",
                  "Plans": [
                    {
                      "Node Type": "Bitmap Heap Scan",
                      "Parent Relationship": "Outer",
                      "Parallel Aware": true,
                      "Relation Name": "movie_keyword",
                      "Alias": "mk",
                      "Startup Cost": 7751.07,
                      "Total Cost": 33677.82,
                      "Plan Rows": 117820,
                      "Plan Width": 4,
                      "Actual Startup Time": 34.468,
                      "Actual Total Time": 108.728,
                      "Actual Rows": 90882,
                      "Actual Loops": 4,
                      "Recheck Cond": "(keyword_id > 46057)",
                      "Rows Removed by Index Recheck": 0,
                      "Exact Heap Blocks": 6701,
                      "Lossy Heap Blocks": 0,
                      "Plans": [
                        {
                          "Node Type": "Bitmap Index Scan",
                          "Parent Relationship": "Outer",
                          "Parallel Aware": false,
                          "Index Name": "keyword_id_movie_keyword",
                          "Startup Cost": 0.0,
                          "Total Cost": 7659.76,
                          "Plan Rows": 365243,
                          "Plan Width": 0,
                          "Actual Startup Time": 29.115,
                          "Actual Total Time": 29.116,
                          "Actual Rows": 363529,
                          "Actual Loops": 1,
                          "Index Cond": "(keyword_id > 46057)"
                        }
                      ]
                    },
                    {
                      "Node Type": "Hash",
                      "Parent Relationship": "Inner",
                      "Parallel Aware": true,
                      "Startup Cost": 43899.32,
                      "Total Cost": 43899.32,
                      "Plan Rows": 39738,
                      "Plan Width": 4,
                      "Actual Startup Time": 111.655,
                      "Actual Total Time": 111.657,
                      "Actual Rows": 40004,
                      "Actual Loops": 4,
                      "Hash Buckets": 262144,
                      "Original Hash Buckets": 262144,
                      "Hash Batches": 1,
                      "Original Hash Batches": 1,
                      "Peak Memory Usage": 8384,
                      "Plans": [
                        {
                          "Node Type": "Seq Scan",
                          "Parent Relationship": "Outer",
                          "Parallel Aware": true,
                          "Relation Name": "title",
                          "Alias": "t",
                          "Startup Cost": 0.0,
                          "Total Cost": 43899.32,
                          "Plan Rows": 39738,
                          "Plan Width": 4,
                          "Actual Startup Time": 0.033,
                          "Actual Total Time": 96.437,
                          "Actual Rows": 40004,
                          "Actual Loops": 4,
                          "Filter": "(production_year = 2011)",
                          "Rows Removed by Filter": 592074
                        }
                      ]
                    }
                  ]
                }
              ]
            }
          ]
        }
      ]
    },
    "Planning Time": 0.284,
    "Triggers": [],
    "Execution Time": 279.821
  }
]