{
  "Plan": {
    "Node Type": "Aggregate",
    "Strategy": "Plain",
    "Partial Mode": "Finalize",
    "Parallel Aware": false,
    "Startup Cost": 688038.06,
    "Total Cost": 688038.07,
    "Plan Rows": 1,
    "Plan Width": 8,
    "Actual Startup Time": 6178.526,
    "Actual Total Time": 6236.133,
    "Actual Rows": 1,
    "Actual Loops": 1,
    "Plans": [
      {
        "Node Type": "Gather",
        "Parent Relationship": "Outer",
        "Parallel Aware": false,
        "Startup Cost": 688037.94,
        "Total Cost": 688038.05,
        "Plan Rows": 1,
        "Plan Width": 8,
        "Actual Startup Time": 6173.577,
        "Actual Total Time": 6236.12,
        "Actual Rows": 2,
        "Actual Loops": 1,
        "Workers Planned": 1,
        "Workers Launched": 1,
        "Single Copy": false,
        "Plans": [
          {
            "Node Type": "Aggregate",
            "Strategy": "Plain",
            "Partial Mode": "Partial",
            "Parent Relationship": "Outer",
            "Parallel Aware": false,
            "Startup Cost": 687037.94,
            "Total Cost": 687037.95,
            "Plan Rows": 1,
            "Plan Width": 8,
            "Actual Startup Time": 6167.997,
            "Actual Total Time": 6168.109,
            "Actual Rows": 1,
            "Actual Loops": 2,
            "Plans": [
              {
                "Node Type": "Hash Join",
                "Parent Relationship": "Outer",
                "Parallel Aware": true,
                "Join Type": "Inner",
                "Startup Cost": 91118.66,
                "Total Cost": 686678.47,
                "Plan Rows": 143788,
                "Plan Width": 0,
                "Actual Startup Time": 1126.41,
                "Actual Total Time": 6148.294,
                "Actual Rows": 429834,
                "Actual Loops": 2,
                "Inner Unique": false,
                "Hash Cond": "(t.id = mc.movie_id)",
                "Plans": [
                  {
                    "Node Type": "Hash Join",
                    "Parent Relationship": "Outer",
                    "Parallel Aware": true,
                    "Join Type": "Inner",
                    "Startup Cost": 69460.7,
                    "Total Cost": 610903.91,
                    "Plan Rows": 8523328,
                    "Plan Width": 8,
                    "Actual Startup Time": 1080.379,
                    "Actual Total Time": 5225.279,
                    "Actual Rows": 7216871,
                    "Actual Loops": 2,
                    "Inner Unique": true,
                    "Hash Cond": "(ci.movie_id = t.id)",
                    "Plans": [
                      {
                        "Node Type": "Seq Scan",
                        "Parent Relationship": "Outer",
                        "Parallel Aware": true,
                        "Relation Name": "cast_info",
                        "Alias": "ci",
                        "Startup Cost": 0.0,
                        "Total Cost": 519069.44,
                        "Plan Rows": 8523328,
                        "Plan Width": 4,
                        "Actual Startup Time": 530.833,
                        "Actual Total Time": 1426.855,
                        "Actual Rows": 7216871,
                        "Actual Loops": 2,
                        "Filter": "(person_id > 2217115)",
                        "Rows Removed by Filter": 10905301
                      },
                      {
                        "Node Type": "Hash",
                        "Parent Relationship": "Inner",
                        "Parallel Aware": true,
                        "Startup Cost": 50870.31,
                        "Total Cost": 50870.31,
                        "Plan Rows": 1487231,
                        "Plan Width": 4,
                        "Actual Startup Time": 537.897,
                        "Actual Total Time": 537.898,
                        "Actual Rows": 1264156,
                        "Actual Loops": 2,
                        "Hash Buckets": 4194304,
                        "Original Hash Buckets": 4194304,
                        "Hash Batches": 1,
                        "Original Hash Batches": 1,
                        "Peak Memory Usage": 131680,
                        "Plans": [
                          {
                            "Node Type": "Seq Scan",
                            "Parent Relationship": "Outer",
                            "Parallel Aware": true,
                            "Relation Name": "title",
                            "Alias": "t",
                            "Startup Cost": 0.0,
                            "Total Cost": 50870.31,
                            "Plan Rows": 1487231,
                            "Plan Width": 4,
                            "Actual Startup Time": 0.027,
                            "Actual Total Time": 152.335,
                            "Actual Rows": 1264156,
                            "Actual Loops": 2
                          }
                        ]
                      }
                    ]
                  },
                  {
                    "Node Type": "Hash",
                    "Parent Relationship": "Inner",
                    "Parallel Aware": true,
                    "Startup Cost": 21344.35,
                    "Total Cost": 21344.35,
                    "Plan Rows": 25089,
                    "Plan Width": 4,
                    "Actual Startup Time": 44.678,
                    "Actual Total Time": 44.679,
                    "Actual Rows": 40242,
                    "Actual Loops": 2,
                    "Hash Buckets": 131072,
                    "Original Hash Buckets": 65536,
                    "Hash Batches": 1,
                    "Original Hash Batches": 1,
                    "Peak Memory Usage": 4736,
                    "Plans": [
                      {
                        "Node Type": "Bitmap Heap Scan",
                        "Parent Relationship": "Outer",
                        "Parallel Aware": true,
                        "Relation Name": "movie_companies",
                        "Alias": "mc",
                        "Startup Cost": 1813.13,
                        "Total Cost": 21344.35,
                        "Plan Rows": 25089,
                        "Plan Width": 4,
                        "Actual Startup Time": 7.312,
                        "Actual Total Time": 27.779,
                        "Actual Rows": 40242,
                        "Actual Loops": 2,
                        "Recheck Cond": "(company_id > 169742)",
                        "Rows Removed by Index Recheck": 0,
                        "Filter": "(company_type_id > 1)",
                        "Rows Removed by Filter": 0,
                        "Exact Heap Blocks": 1874,
                        "Lossy Heap Blocks": 0,
                        "Plans": [
                          {
                            "Node Type": "Bitmap Index Scan",
                            "Parent Relationship": "Outer",
                            "Parallel Aware": false,
                            "Index Name": "company_id_movie_companies",
                            "Startup Cost": 0.0,
                            "Total Cost": 1802.47,
                            "Plan Rows": 84005,
                            "Plan Width": 0,
                            "Actual Startup Time": 10.795,
                            "Actual Total Time": 10.795,
                            "Actual Rows": 80485,
                            "Actual Loops": 1,
                            "Index Cond": "(company_id > 169742)"
                          }
                        ]
                      }
                    ]
                  }
                ]
              }
            ]
          }
        ]
      }
    ]
  },
  "Planning Time": 1.12,
  "Triggers": [],
  "Execution Time": 6236.251
}