[
  {
    "Plan": {
      "Node Type": "Aggregate",
      "Strategy": "Plain",
      "Partial Mode": "Finalize",
      "Parallel Aware": false,
      "Startup Cost": 46320.25,
      "Total Cost": 46320.26,
      "Plan Rows": 1,
      "Plan Width": 8,
      "Actual Startup Time": 156.903,
      "Actual Total Time": 167.466,
      "Actual Rows": 1,
      "Actual Loops": 1,
      "Plans": [
        {
          "Node Type": "Gather",
          "Parent Relationship": "Outer",
          "Parallel Aware": false,
          "Startup Cost": 46319.94,
          "Total Cost": 46320.25,
          "Plan Rows": 3,
          "Plan Width": 8,
          "Actual Startup Time": 156.736,
          "Actual Total Time": 167.457,
          "Actual Rows": 4,
          "Actual Loops": 1,
          "Workers Planned": 3,
          "Workers Launched": 3,
          "Single Copy": false,
          "Plans": [
            {
              "Node Type": "Aggregate",
              "Strategy": "Plain",
              "Partial Mode": "Partial",
              "Parent Relationship": "Outer",
              "Parallel Aware": false,
              "Startup Cost": 45319.94,
              "Total Cost": 45319.95,
              "Plan Rows": 1,
              "Plan Width": 8,
              "Actual Startup Time": 151.677,
              "Actual Total Time": 151.678,
              "Actual Rows": 1,
              "Actual Loops": 4,
              "Plans": [
                {
                  "Node Type": "Seq Scan",
                  "Parent Relationship": "Outer",
                  "Parallel Aware": true,
                  "Relation Name": "movie_keyword",
                  "Alias": "mk",
                  "Startup Cost": 0.0,
                  "Total Cost": 42695.65,
                  "Plan Rows": 1049713,
                  "Plan Width": 0,
                  "Actual Startup Time": 0.038,
                  "Actual Total Time": 116.041,
                  "Actual Rows": 813808,
                  "Actual Loops": 4,
                  "Filter": "(keyword_id < 14056)",
                  "Rows Removed by Filter": 317175
                }
              ]
            }
          ]
        }
      ]
    },
    "Planning Time": 0.141,
    "Triggers": [],
    "Execution Time": 167.516
  }
]