{
  "Plan": {
    "Node Type": "Aggregate",
    "Strategy": "Plain",
    "Partial Mode": "Finalize",
    "Parallel Aware": false,
    "Startup Cost": 854872.59,
    "Total Cost": 854872.6,
    "Plan Rows": 1,
    "Plan Width": 8,
    "Actual Startup Time": 4054.301,
    "Actual Total Time": 4144.042,
    "Actual Rows": 1,
    "Actual Loops": 1,
    "Plans": [
      {
        "Node Type": "Gather",
        "Parent Relationship": "Outer",
        "Parallel Aware": false,
        "Startup Cost": 854872.47,
        "Total Cost": 854872.58,
        "Plan Rows": 1,
        "Plan Width": 8,
        "Actual Startup Time": 4054.096,
        "Actual Total Time": 4144.033,
        "Actual Rows": 2,
        "Actual Loops": 1,
        "Workers Planned": 1,
        "Workers Launched": 1,
        "Single Copy": false,
        "Plans": [
          {
            "Node Type": "Aggregate",
            "Strategy": "Plain",
            "Partial Mode": "Partial",
            "Parent Relationship": "Outer",
            "Parallel Aware": false,
            "Startup Cost": 853872.47,
            "Total Cost": 853872.48,
            "Plan Rows": 1,
            "Plan Width": 8,
            "Actual Startup Time": 4047.728,
            "Actual Total Time": 4047.732,
            "Actual Rows": 1,
            "Actual Loops": 2,
            "Plans": [
              {
                "Node Type": "Nested Loop",
                "Parent Relationship": "Outer",
                "Parallel Aware": false,
                "Join Type": "Inner",
                "Startup Cost": 38927.81,
                "Total Cost": 851702.38,
                "Plan Rows": 868037,
                "Plan Width": 0,
                "Actual Startup Time": 539.896,
                "Actual Total Time": 4001.387,
                "Actual Rows": 1055401,
                "Actual Loops": 2,
                "Inner Unique": false,
                "Join Filter": "(t.id = mi.movie_id)",
                "Rows Removed by Join Filter": 0,
                "Plans": [
                  {
                    "Node Type": "Hash Join",
                    "Parent Relationship": "Outer",
                    "Parallel Aware": true,
                    "Join Type": "Inner",
                    "Startup Cost": 38927.38,
                    "Total Cost": 594673.22,
                    "Plan Rows": 148451,
                    "Plan Width": 8,
                    "Actual Startup Time": 539.827,
                    "Actual Total Time": 2693.477,
                    "Actual Rows": 112239,
                    "Actual Loops": 2,
                    "Inner Unique": true,
                    "Hash Cond": "(ci.movie_id = t.id)",
                    "Plans": [
                      {
                        "Node Type": "Seq Scan",
                        "Parent Relationship": "Outer",
                        "Parallel Aware": true,
                        "Relation Name": "cast_info",
                        "Alias": "ci",
                        "Startup Cost": 0.0,
                        "Total Cost": 519069.44,
                        "Plan Rows": 13971936,
                        "Plan Width": 4,
                        "Actual Startup Time": 485.318,
                        "Actual Total Time": 1710.634,
                        "Actual Rows": 11786828,
                        "Actual Loops": 2,
                        "Filter": "(role_id > 1)",
                        "Rows Removed by Filter": 6335344
                      },
                      {
                        "Node Type": "Hash",
                        "Parent Relationship": "Inner",
                        "Parallel Aware": true,
                        "Startup Cost": 38729.85,
                        "Total Cost": 38729.85,
                        "Plan Rows": 15802,
                        "Plan Width": 4,
                        "Actual Startup Time": 53.308,
                        "Actual Total Time": 53.309,
                        "Actual Rows": 7592,
                        "Actual Loops": 2,
                        "Hash Buckets": 32768,
                        "Original Hash Buckets": 32768,
                        "Hash Batches": 1,
                        "Original Hash Batches": 1,
                        "Peak Memory Usage": 864,
                        "Plans": [
                          {
                            "Node Type": "Bitmap Heap Scan",
                            "Parent Relationship": "Outer",
                            "Parallel Aware": true,
                            "Relation Name": "title",
                            "Alias": "t",
                            "Startup Cost": 1829.85,
                            "Total Cost": 38729.85,
                            "Plan Rows": 15802,
                            "Plan Width": 4,
                            "Actual Startup Time": 14.663,
                            "Actual Total Time": 50.898,
                            "Actual Rows": 7592,
                            "Actual Loops": 2,
                            "Recheck Cond": "(kind_id = 3)",
                            "Rows Removed by Index Recheck": 0,
                            "Filter": "(production_year > 2008)",
                            "Rows Removed by Filter": 42677,
                            "Exact Heap Blocks": 10850,
                            "Lossy Heap Blocks": 0,
                            "Plans": [
                              {
                                "Node Type": "Bitmap Index Scan",
                                "Parent Relationship": "Outer",
                                "Parallel Aware": false,
                                "Index Name": "kind_id_title",
                                "Startup Cost": 0.0,
                                "Total Cost": 1823.13,
                                "Plan Rows": 102227,
                                "Plan Width": 0,
                                "Actual Startup Time": 15.139,
                                "Actual Total Time": 15.14,
                                "Actual Rows": 100537,
                                "Actual Loops": 1,
                                "Index Cond": "(kind_id = 3)"
                              }
                            ]
                          }
                        ]
                      }
                    ]
                  },
                  {
                    "Node Type": "Index Only Scan",
                    "Parent Relationship": "Inner",
                    "Parallel Aware": false,
                    "Scan Direction": "Forward",
                    "Index Name": "movie_id_movie_info",
                    "Relation Name": "movie_info",
                    "Alias": "mi",
                    "Startup Cost": 0.43,
                    "Total Cost": 1.21,
                    "Plan Rows": 42,
                    "Plan Width": 4,
                    "Actual Startup Time": 0.004,
                    "Actual Total Time": 0.011,
                    "Actual Rows": 9,
                    "Actual Loops": 224478,
                    "Index Cond": "(movie_id = ci.movie_id)",
                    "Rows Removed by Index Recheck": 0,
                    "Heap Fetches": 2110802
                  }
                ]
              }
            ]
          }
        ]
      }
    ]
  },
  "Planning Time": 1.121,
  "Triggers": [],
  "Execution Time": 4144.172
}