{
  "Plan": {
    "Node Type": "Aggregate",
    "Strategy": "Plain",
    "Partial Mode": "Finalize",
    "Parallel Aware": false,
    "Startup Cost": 163301.48,
    "Total Cost": 163301.49,
    "Plan Rows": 1,
    "Plan Width": 8,
    "Actual Startup Time": 669.463,
    "Actual Total Time": 689.036,
    "Actual Rows": 1,
    "Actual Loops": 1,
    "Plans": [
      {
        "Node Type": "Gather",
        "Parent Relationship": "Outer",
        "Parallel Aware": false,
        "Startup Cost": 163301.37,
        "Total Cost": 163301.48,
        "Plan Rows": 1,
        "Plan Width": 8,
        "Actual Startup Time": 586.975,
        "Actual Total Time": 689.019,
        "Actual Rows": 2,
        "Actual Loops": 1,
        "Workers Planned": 1,
        "Workers Launched": 1,
        "Single Copy": false,
        "Plans": [
          {
            "Node Type": "Aggregate",
            "Strategy": "Plain",
            "Partial Mode": "Partial",
            "Parent Relationship": "Outer",
            "Parallel Aware": false,
            "Startup Cost": 162301.37,
            "Total Cost": 162301.38,
            "Plan Rows": 1,
            "Plan Width": 8,
            "Actual Startup Time": 620.013,
            "Actual Total Time": 620.018,
            "Actual Rows": 1,
            "Actual Loops": 2,
            "Plans": [
              {
                "Node Type": "Merge Join",
                "Parent Relationship": "Outer",
                "Parallel Aware": false,
                "Join Type": "Inner",
                "Startup Cost": 157651.48,
                "Total Cost": 162152.86,
                "Plan Rows": 59402,
                "Plan Width": 0,
                "Actual Startup Time": 493.613,
                "Actual Total Time": 615.494,
                "Actual Rows": 88462,
                "Actual Loops": 2,
                "Inner Unique": false,
                "Merge Cond": "(t.id = mc.movie_id)",
                "Plans": [
                  {
                    "Node Type": "Sort",
                    "Parent Relationship": "Outer",
                    "Parallel Aware": false,
                    "Startup Cost": 96096.55,
                    "Total Cost": 97203.1,
                    "Plan Rows": 442619,
                    "Plan Width": 4,
                    "Actual Startup Time": 297.76,
                    "Actual Total Time": 342.226,
                    "Actual Rows": 377628,
                    "Actual Loops": 2,
                    "Sort Key": [
                      "t.id"
                    ],
                    "Sort Method": "quicksort",
                    "Sort Space Used": 34541,
                    "Sort Space Type": "Memory",
                    "Workers": [
                      {
                        "Worker Number": 0,
                        "Sort Method": "quicksort",
                        "Sort Space Used": 25469,
                        "Sort Space Type": "Memory"
                      }
                    ],
                    "Plans": [
                      {
                        "Node Type": "Seq Scan",
                        "Parent Relationship": "Outer",
                        "Parallel Aware": true,
                        "Relation Name": "title",
                        "Alias": "t",
                        "Startup Cost": 0.0,
                        "Total Cost": 54588.39,
                        "Plan Rows": 442619,
                        "Plan Width": 4,
                        "Actual Startup Time": 0.032,
                        "Actual Total Time": 180.033,
                        "Actual Rows": 377951,
                        "Actual Loops": 2,
                        "Filter": "(production_year < 1993)",
                        "Rows Removed by Filter": 886205
                      }
                    ]
                  },
                  {
                    "Node Type": "Sort",
                    "Parent Relationship": "Inner",
                    "Parallel Aware": false,
                    "Startup Cost": 61554.89,
                    "Total Cost": 62403.16,
                    "Plan Rows": 339310,
                    "Plan Width": 4,
                    "Actual Startup Time": 195.826,
                    "Actual Total Time": 212.482,
                    "Actual Rows": 334457,
                    "Actual Loops": 2,
                    "Sort Key": [
                      "mc.movie_id"
                    ],
                    "Sort Method": "quicksort",
                    "Sort Space Used": 27966,
                    "Sort Space Type": "Memory",
                    "Workers": [
                      {
                        "Worker Number": 0,
                        "Sort Method": "quicksort",
                        "Sort Space Used": 27966,
                        "Sort Space Type": "Memory"
                      }
                    ],
                    "Plans": [
                      {
                        "Node Type": "Bitmap Heap Scan",
                        "Parent Relationship": "Outer",
                        "Parallel Aware": false,
                        "Relation Name": "movie_companies",
                        "Alias": "mc",
                        "Startup Cost": 7354.08,
                        "Total Cost": 30385.46,
                        "Plan Rows": 339310,
                        "Plan Width": 4,
                        "Actual Startup Time": 19.567,
                        "Actual Total Time": 107.816,
                        "Actual Rows": 334457,
                        "Actual Loops": 2,
                        "Recheck Cond": "(company_id < 166)",
                        "Rows Removed by Index Recheck": 0,
                        "Exact Heap Blocks": 17651,
                        "Lossy Heap Blocks": 0,
                        "Plans": [
                          {
                            "Node Type": "Bitmap Index Scan",
                            "Parent Relationship": "Outer",
                            "Parallel Aware": false,
                            "Index Name": "company_id_movie_companies",
                            "Startup Cost": 0.0,
                            "Total Cost": 7269.26,
                            "Plan Rows": 339310,
                            "Plan Width": 0,
                            "Actual Startup Time": 16.702,
                            "Actual Total Time": 16.703,
                            "Actual Rows": 334457,
                            "Actual Loops": 2,
                            "Index Cond": "(company_id < 166)"
                          }
                        ]
                      }
                    ]
                  }
                ]
              }
            ]
          }
        ]
      }
    ]
  },
  "Planning Time": 0.69,
  "Triggers": [],
  "Execution Time": 700.233
}