[
  {
    "Plan": {
      "Node Type": "Aggregate",
      "Strategy": "Plain",
      "Partial Mode": "Finalize",
      "Parallel Aware": false,
      "Startup Cost": 90981.39,
      "Total Cost": 90981.4,
      "Plan Rows": 1,
      "Plan Width": 8,
      "Actual Startup Time": 94.057,
      "Actual Total Time": 105.831,
      "Actual Rows": 1,
      "Actual Loops": 1,
      "Plans": [
        {
          "Node Type": "Gather",
          "Parent Relationship": "Outer",
          "Parallel Aware": false,
          "Startup Cost": 90980.97,
          "Total Cost": 90981.38,
          "Plan Rows": 4,
          "Plan Width": 8,
          "Actual Startup Time": 93.93,
          "Actual Total Time": 105.822,
          "Actual Rows": 5,
          "Actual Loops": 1,
          "Workers Planned": 4,
          "Workers Launched": 4,
          "Single Copy": false,
          "Plans": [
            {
              "Node Type": "Aggregate",
              "Strategy": "Plain",
              "Partial Mode": "Partial",
              "Parent Relationship": "Outer",
              "Parallel Aware": false,
              "Startup Cost": 89980.97,
              "Total Cost": 89980.98,
              "Plan Rows": 1,
              "Plan Width": 8,
              "Actual Startup Time": 85.264,
              "Actual Total Time": 85.265,
              "Actual Rows": 1,
              "Actual Loops": 5,
              "Plans": [
                {
                  "Node Type": "Nested Loop",
                  "Parent Relationship": "Outer",
                  "Parallel Aware": false,
                  "Join Type": "Inner",
                  "Startup Cost": 0.43,
                  "Total Cost": 89976.59,
                  "Plan Rows": 1750,
                  "Plan Width": 0,
                  "Actual Startup Time": 55.864,
                  "Actual Total Time": 85.257,
                  "Actual Rows": 2,
                  "Actual Loops": 5,
                  "Inner Unique": false,
                  "Plans": [
                    {
                      "Node Type": "Seq Scan",
                      "Parent Relationship": "Outer",
                      "Parallel Aware": true,
                      "Relation Name": "title",
                      "Alias": "t",
                      "Startup Cost": 0.0,
                      "Total Cost": 45479.1,
                      "Plan Rows": 299,
                      "Plan Width": 4,
                      "Actual Startup Time": 54.202,
                      "Actual Total Time": 85.166,
                      "Actual Rows": 2,
                      "Actual Loops": 5,
                      "Filter": "((kind_id > 3) AND (production_year = 1936))",
                      "Rows Removed by Filter": 505660
                    },
                    {
                      "Node Type": "Index Only Scan",
                      "Parent Relationship": "Inner",
                      "Parallel Aware": false,
                      "Scan Direction": "Forward",
                      "Index Name": "movie_id_movie_info",
                      "Relation Name": "movie_info",
                      "Alias": "mi",
                      "Startup Cost": 0.43,
                      "Total Cost": 148.4,
                      "Plan Rows": 42,
                      "Plan Width": 4,
                      "Actual Startup Time": 0.036,
                      "Actual Total Time": 0.037,
                      "Actual Rows": 1,
                      "Actual Loops": 11,
                      "Index Cond": "(movie_id = t.id)",
                      "Rows Removed by Index Recheck": 0,
                      "Heap Fetches": 10
                    }
                  ]
                }
              ]
            }
          ]
        }
      ]
    },
    "Planning Time": 0.654,
    "Triggers": [],
    "Execution Time": 105.904
  }
]