[
  {
    "Plan": {
      "Node Type": "Aggregate",
      "Strategy": "Plain",
      "Partial Mode": "Finalize",
      "Parallel Aware": false,
      "Startup Cost": 46416.44,
      "Total Cost": 46416.45,
      "Plan Rows": 1,
      "Plan Width": 8,
      "Actual Startup Time": 181.117,
      "Actual Total Time": 190.763,
      "Actual Rows": 1,
      "Actual Loops": 1,
      "Plans": [
        {
          "Node Type": "Gather",
          "Parent Relationship": "Outer",
          "Parallel Aware": false,
          "Startup Cost": 46416.12,
          "Total Cost": 46416.43,
          "Plan Rows": 3,
          "Plan Width": 8,
          "Actual Startup Time": 180.991,
          "Actual Total Time": 190.753,
          "Actual Rows": 4,
          "Actual Loops": 1,
          "Workers Planned": 3,
          "Workers Launched": 3,
          "Single Copy": false,
          "Plans": [
            {
              "Node Type": "Aggregate",
              "Strategy": "Plain",
              "Partial Mode": "Partial",
              "Parent Relationship": "Outer",
              "Parallel Aware": false,
              "Startup Cost": 45416.12,
              "Total Cost": 45416.13,
              "Plan Rows": 1,
              "Plan Width": 8,
              "Actual Startup Time": 172.728,
              "Actual Total Time": 172.73,
              "Actual Rows": 1,
              "Actual Loops": 4,
              "Plans": [
                {
                  "Node Type": "Seq Scan",
                  "Parent Relationship": "Outer",
                  "Parallel Aware": true,
                  "Relation Name": "movie_keyword",
                  "Alias": "mk",
                  "Startup Cost": 0.0,
                  "Total Cost": 42695.65,
                  "Plan Rows": 1088186,
                  "Plan Width": 0,
                  "Actual Startup Time": 0.159,
                  "Actual Total Time": 130.475,
                  "Actual Rows": 841203,
                  "Actual Loops": 4,
                  "Filter": "(keyword_id > 1378)",
                  "Rows Removed by Filter": 289779
                }
              ]
            }
          ]
        }
      ]
    },
    "Planning Time": 0.14,
    "Triggers": [],
    "Execution Time": 190.807
  }
]