{
  "Plan": {
    "Node Type": "Aggregate",
    "Strategy": "Plain",
    "Partial Mode": "Finalize",
    "Parallel Aware": false,
    "Startup Cost": 330804.63,
    "Total Cost": 330804.64,
    "Plan Rows": 1,
    "Plan Width": 8,
    "Actual Startup Time": 1685.543,
    "Actual Total Time": 1729.483,
    "Actual Rows": 1,
    "Actual Loops": 1,
    "Plans": [
      {
        "Node Type": "Gather",
        "Parent Relationship": "Outer",
        "Parallel Aware": false,
        "Startup Cost": 330804.52,
        "Total Cost": 330804.63,
        "Plan Rows": 1,
        "Plan Width": 8,
        "Actual Startup Time": 1684.755,
        "Actual Total Time": 1729.475,
        "Actual Rows": 2,
        "Actual Loops": 1,
        "Workers Planned": 1,
        "Workers Launched": 1,
        "Single Copy": false,
        "Plans": [
          {
            "Node Type": "Aggregate",
            "Strategy": "Plain",
            "Partial Mode": "Partial",
            "Parent Relationship": "Outer",
            "Parallel Aware": false,
            "Startup Cost": 329804.52,
            "Total Cost": 329804.53,
            "Plan Rows": 1,
            "Plan Width": 8,
            "Actual Startup Time": 1678.786,
            "Actual Total Time": 1678.791,
            "Actual Rows": 1,
            "Actual Loops": 2,
            "Plans": [
              {
                "Node Type": "Hash Join",
                "Parent Relationship": "Outer",
                "Parallel Aware": true,
                "Join Type": "Inner",
                "Startup Cost": 55713.42,
                "Total Cost": 327496.91,
                "Plan Rows": 923043,
                "Plan Width": 0,
                "Actual Startup Time": 148.909,
                "Actual Total Time": 1626.59,
                "Actual Rows": 1292020,
                "Actual Loops": 2,
                "Inner Unique": true,
                "Hash Cond": "(mi.movie_id = t.id)",
                "Plans": [
                  {
                    "Node Type": "Seq Scan",
                    "Parent Relationship": "Outer",
                    "Parallel Aware": true,
                    "Relation Name": "movie_info",
                    "Alias": "mi",
                    "Startup Cost": 0.0,
                    "Total Cost": 248955.74,
                    "Plan Rows": 8696274,
                    "Plan Width": 4,
                    "Actual Startup Time": 0.01,
                    "Actual Total Time": 610.37,
                    "Actual Rows": 7417860,
                    "Actual Loops": 2
                  },
                  {
                    "Node Type": "Hash",
                    "Parent Relationship": "Inner",
                    "Parallel Aware": true,
                    "Startup Cost": 53740.2,
                    "Total Cost": 53740.2,
                    "Plan Rows": 157858,
                    "Plan Width": 4,
                    "Actual Startup Time": 122.022,
                    "Actual Total Time": 122.023,
                    "Actual Rows": 108141,
                    "Actual Loops": 2,
                    "Hash Buckets": 524288,
                    "Original Hash Buckets": 524288,
                    "Hash Batches": 1,
                    "Original Hash Batches": 1,
                    "Peak Memory Usage": 12576,
                    "Plans": [
                      {
                        "Node Type": "Bitmap Heap Scan",
                        "Parent Relationship": "Outer",
                        "Parallel Aware": true,
                        "Relation Name": "title",
                        "Alias": "t",
                        "Startup Cost": 11889.94,
                        "Total Cost": 53740.2,
                        "Plan Rows": 157858,
                        "Plan Width": 4,
                        "Actual Startup Time": 34.189,
                        "Actual Total Time": 96.562,
                        "Actual Rows": 108141,
                        "Actual Loops": 2,
                        "Recheck Cond": "(kind_id = 1)",
                        "Rows Removed by Index Recheck": 0,
                        "Filter": "(production_year > 2005)",
                        "Rows Removed by Filter": 223272,
                        "Exact Heap Blocks": 8537,
                        "Lossy Heap Blocks": 0,
                        "Plans": [
                          {
                            "Node Type": "Bitmap Index Scan",
                            "Parent Relationship": "Outer",
                            "Parallel Aware": false,
                            "Index Name": "kind_id_title",
                            "Startup Cost": 0.0,
                            "Total Cost": 11822.85,
                            "Plan Rows": 663256,
                            "Plan Width": 0,
                            "Actual Startup Time": 32.598,
                            "Actual Total Time": 32.599,
                            "Actual Rows": 662825,
                            "Actual Loops": 1,
                            "Index Cond": "(kind_id = 1)"
                          }
                        ]
                      }
                    ]
                  }
                ]
              }
            ]
          }
        ]
      }
    ]
  },
  "Planning Time": 0.616,
  "Triggers": [],
  "Execution Time": 1729.582
}