[
  {
    "Plan": {
      "Node Type": "Aggregate",
      "Strategy": "Plain",
      "Partial Mode": "Finalize",
      "Parallel Aware": false,
      "Startup Cost": 339077.54,
      "Total Cost": 339077.55,
      "Plan Rows": 1,
      "Plan Width": 8,
      "Actual Startup Time": 810.19,
      "Actual Total Time": 868.203,
      "Actual Rows": 1,
      "Actual Loops": 1,
      "Plans": [
        {
          "Node Type": "Gather",
          "Parent Relationship": "Outer",
          "Parallel Aware": false,
          "Startup Cost": 339076.91,
          "Total Cost": 339077.52,
          "Plan Rows": 6,
          "Plan Width": 8,
          "Actual Startup Time": 810.035,
          "Actual Total Time": 868.192,
          "Actual Rows": 7,
          "Actual Loops": 1,
          "Workers Planned": 6,
          "Workers Launched": 6,
          "Single Copy": false,
          "Plans": [
            {
              "Node Type": "Aggregate",
              "Strategy": "Plain",
              "Partial Mode": "Partial",
              "Parent Relationship": "Outer",
              "Parallel Aware": false,
              "Startup Cost": 338076.91,
              "Total Cost": 338076.92,
              "Plan Rows": 1,
              "Plan Width": 8,
              "Actual Startup Time": 800.789,
              "Actual Total Time": 800.79,
              "Actual Rows": 1,
              "Actual Loops": 7,
              "Plans": [
                {
                  "Node Type": "Seq Scan",
                  "Parent Relationship": "Outer",
                  "Parallel Aware": true,
                  "Relation Name": "cast_info",
                  "Alias": "ci",
                  "Startup Cost": 0.0,
                  "Total Cost": 328162.03,
                  "Plan Rows": 3965954,
                  "Plan Width": 0,
                  "Actual Startup Time": 0.045,
                  "Actual Total Time": 641.633,
                  "Actual Rows": 3404567,
                  "Actual Loops": 7,
                  "Filter": "(person_id < 2443402)",
                  "Rows Removed by Filter": 1773197
                }
              ]
            }
          ]
        }
      ]
    },
    "Planning Time": 0.204,
    "Triggers": [],
    "Execution Time": 868.278
  }
]