[
    {
        "Bao": {
            "Bao prediction": "NaN",
            "Bao recommended hint": "(no hint)"
        }
    },
    {
        "Plan": {
            "Node Type": "Aggregate",
            "Strategy": "Plain",
            "Partial Mode": "Finalize",
            "Parallel Aware": false,
            "Startup Cost": 327666.59,
            "Total Cost": 327666.6,
            "Plan Rows": 1,
            "Plan Width": 8,
            "Actual Startup Time": 3721.178,
            "Actual Total Time": 3772.242,
            "Actual Rows": 1,
            "Actual Loops": 1,
            "Output": [
                "count(*)"
            ],
            "Plans": [
                {
                    "Node Type": "Gather",
                    "Parent Relationship": "Outer",
                    "Parallel Aware": false,
                    "Startup Cost": 327666.06,
                    "Total Cost": 327666.57,
                    "Plan Rows": 5,
                    "Plan Width": 8,
                    "Actual Startup Time": 3675.286,
                    "Actual Total Time": 3772.228,
                    "Actual Rows": 6,
                    "Actual Loops": 1,
                    "Output": [
                        "(PARTIAL count(*))"
                    ],
                    "Workers Planned": 5,
                    "Workers Launched": 5,
                    "Single Copy": false,
                    "Plans": [
                        {
                            "Node Type": "Aggregate",
                            "Strategy": "Plain",
                            "Partial Mode": "Partial",
                            "Parent Relationship": "Outer",
                            "Parallel Aware": false,
                            "Startup Cost": 326666.06,
                            "Total Cost": 326666.07,
                            "Plan Rows": 1,
                            "Plan Width": 8,
                            "Actual Startup Time": 3661.178,
                            "Actual Total Time": 3662.27,
                            "Actual Rows": 1,
                            "Actual Loops": 6,
                            "Output": [
                                "PARTIAL count(*)"
                            ],
                            "Workers": [
                                {
                                    "Worker Number": 0,
                                    "Actual Startup Time": 3657.698,
                                    "Actual Total Time": 3657.703,
                                    "Actual Rows": 1,
                                    "Actual Loops": 1
                                },
                                {
                                    "Worker Number": 1,
                                    "Actual Startup Time": 3657.752,
                                    "Actual Total Time": 3657.756,
                                    "Actual Rows": 1,
                                    "Actual Loops": 1
                                },
                                {
                                    "Worker Number": 2,
                                    "Actual Startup Time": 3657.753,
                                    "Actual Total Time": 3657.759,
                                    "Actual Rows": 1,
                                    "Actual Loops": 1
                                },
                                {
                                    "Worker Number": 3,
                                    "Actual Startup Time": 3661.165,
                                    "Actual Total Time": 3661.171,
                                    "Actual Rows": 1,
                                    "Actual Loops": 1
                                },
                                {
                                    "Worker Number": 4,
                                    "Actual Startup Time": 3657.825,
                                    "Actual Total Time": 3657.83,
                                    "Actual Rows": 1,
                                    "Actual Loops": 1
                                }
                            ],
                            "Plans": [
                                {
                                    "Node Type": "Hash Join",
                                    "Parent Relationship": "Outer",
                                    "Parallel Aware": true,
                                    "Join Type": "Inner",
                                    "Startup Cost": 107183.67,
                                    "Total Cost": 320922.91,
                                    "Plan Rows": 2297263,
                                    "Plan Width": 0,
                                    "Actual Startup Time": 579.525,
                                    "Actual Total Time": 2736.647,
                                    "Actual Rows": 23799237,
                                    "Actual Loops": 6,
                                    "Inner Unique": false,
                                    "Hash Cond": "(mi.movie_id = t.id)",
                                    "Workers": [
                                        {
                                            "Worker Number": 0,
                                            "Actual Startup Time": 576.576,
                                            "Actual Total Time": 2735.915,
                                            "Actual Rows": 23731487,
                                            "Actual Loops": 1
                                        },
                                        {
                                            "Worker Number": 1,
                                            "Actual Startup Time": 576.627,
                                            "Actual Total Time": 2733.711,
                                            "Actual Rows": 23907556,
                                            "Actual Loops": 1
                                        },
                                        {
                                            "Worker Number": 2,
                                            "Actual Startup Time": 576.7,
                                            "Actual Total Time": 2734.983,
                                            "Actual Rows": 23903210,
                                            "Actual Loops": 1
                                        },
                                        {
                                            "Worker Number": 3,
                                            "Actual Startup Time": 576.75,
                                            "Actual Total Time": 2739.964,
                                            "Actual Rows": 23697918,
                                            "Actual Loops": 1
                                        },
                                        {
                                            "Worker Number": 4,
                                            "Actual Startup Time": 576.727,
                                            "Actual Total Time": 2735.521,
                                            "Actual Rows": 23877167,
                                            "Actual Loops": 1
                                        }
                                    ],
                                    "Plans": [
                                        {
                                            "Node Type": "Seq Scan",
                                            "Parent Relationship": "Outer",
                                            "Parallel Aware": true,
                                            "Relation Name": "movie_info",
                                            "Schema": "public",
                                            "Alias": "mi",
                                            "Startup Cost": 0.0,
                                            "Total Cost": 198880.74,
                                            "Plan Rows": 1986127,
                                            "Plan Width": 4,
                                            "Actual Startup Time": 14.663,
                                            "Actual Total Time": 296.989,
                                            "Actual Rows": 1651959,
                                            "Actual Loops": 6,
                                            "Output": [
                                                "mi.id",
                                                "mi.movie_id",
                                                "mi.info_type_id",
                                                "mi.info",
                                                "mi.note"
                                            ],
                                            "Filter": "(mi.info_type_id > 4)",
                                            "Rows Removed by Filter": 820661,
                                            "Workers": [
                                                {
                                                    "Worker Number": 0,
                                                    "Actual Startup Time": 14.659,
                                                    "Actual Total Time": 305.755,
                                                    "Actual Rows": 1642009,
                                                    "Actual Loops": 1
                                                },
                                                {
                                                    "Worker Number": 1,
                                                    "Actual Startup Time": 14.68,
                                                    "Actual Total Time": 306.274,
                                                    "Actual Rows": 1649202,
                                                    "Actual Loops": 1
                                                },
                                                {
                                                    "Worker Number": 2,
                                                    "Actual Startup Time": 14.674,
                                                    "Actual Total Time": 305.894,
                                                    "Actual Rows": 1646330,
                                                    "Actual Loops": 1
                                                },
                                                {
                                                    "Worker Number": 3,
                                                    "Actual Startup Time": 14.613,
                                                    "Actual Total Time": 304.996,
                                                    "Actual Rows": 1630670,
                                                    "Actual Loops": 1
                                                },
                                                {
                                                    "Worker Number": 4,
                                                    "Actual Startup Time": 14.684,
                                                    "Actual Total Time": 306.665,
                                                    "Actual Rows": 1657010,
                                                    "Actual Loops": 1
                                                }
                                            ]
                                        },
                                        {
                                            "Node Type": "Hash",
                                            "Parent Relationship": "Inner",
                                            "Parallel Aware": true,
                                            "Startup Cost": 95391.76,
                                            "Total Cost": 95391.76,
                                            "Plan Rows": 943353,
                                            "Plan Width": 8,
                                            "Actual Startup Time": 558.773,
                                            "Actual Total Time": 559.863,
                                            "Actual Rows": 487203,
                                            "Actual Loops": 6,
                                            "Output": [
                                                "t.id",
                                                "mk.movie_id"
                                            ],
                                            "Hash Buckets": 4194304,
                                            "Original Hash Buckets": 4194304,
                                            "Hash Batches": 1,
                                            "Original Hash Batches": 1,
                                            "Peak Memory Usage": 147200,
                                            "Workers": [
                                                {
                                                    "Worker Number": 0,
                                                    "Actual Startup Time": 560.948,
                                                    "Actual Total Time": 560.952,
                                                    "Actual Rows": 477543,
                                                    "Actual Loops": 1
                                                },
                                                {
                                                    "Worker Number": 1,
                                                    "Actual Startup Time": 560.985,
                                                    "Actual Total Time": 560.988,
                                                    "Actual Rows": 493712,
                                                    "Actual Loops": 1
                                                },
                                                {
                                                    "Worker Number": 2,
                                                    "Actual Startup Time": 561.02,
                                                    "Actual Total Time": 561.024,
                                                    "Actual Rows": 485836,
                                                    "Actual Loops": 1
                                                },
                                                {
                                                    "Worker Number": 3,
                                                    "Actual Startup Time": 560.97,
                                                    "Actual Total Time": 560.974,
                                                    "Actual Rows": 475735,
                                                    "Actual Loops": 1
                                                },
                                                {
                                                    "Worker Number": 4,
                                                    "Actual Startup Time": 560.957,
                                                    "Actual Total Time": 560.961,
                                                    "Actual Rows": 479090,
                                                    "Actual Loops": 1
                                                }
                                            ],
                                            "Plans": [
                                                {
                                                    "Node Type": "Hash Join",
                                                    "Parent Relationship": "Outer",
                                                    "Parallel Aware": true,
                                                    "Join Type": "Inner",
                                                    "Startup Cost": 50219.81,
                                                    "Total Cost": 95391.76,
                                                    "Plan Rows": 943353,
                                                    "Plan Width": 8,
                                                    "Actual Startup Time": 259.21,
                                                    "Actual Total Time": 434.311,
                                                    "Actual Rows": 487203,
                                                    "Actual Loops": 6,
                                                    "Output": [
                                                        "t.id",
                                                        "mk.movie_id"
                                                    ],
                                                    "Inner Unique": true,
                                                    "Hash Cond": "(mk.movie_id = t.id)",
                                                    "Workers": [
                                                        {
                                                            "Worker Number": 0,
                                                            "Actual Startup Time": 259.206,
                                                            "Actual Total Time": 433.316,
                                                            "Actual Rows": 477543,
                                                            "Actual Loops": 1
                                                        },
                                                        {
                                                            "Worker Number": 1,
                                                            "Actual Startup Time": 259.191,
                                                            "Actual Total Time": 433.258,
                                                            "Actual Rows": 493712,
                                                            "Actual Loops": 1
                                                        },
                                                        {
                                                            "Worker Number": 2,
                                                            "Actual Startup Time": 259.178,
                                                            "Actual Total Time": 433.637,
                                                            "Actual Rows": 485836,
                                                            "Actual Loops": 1
                                                        },
                                                        {
                                                            "Worker Number": 3,
                                                            "Actual Startup Time": 259.191,
                                                            "Actual Total Time": 435.078,
                                                            "Actual Rows": 475735,
                                                            "Actual Loops": 1
                                                        },
                                                        {
                                                            "Worker Number": 4,
                                                            "Actual Startup Time": 259.186,
                                                            "Actual Total Time": 433.084,
                                                            "Actual Rows": 479090,
                                                            "Actual Loops": 1
                                                        }
                                                    ],
                                                    "Plans": [
                                                        {
                                                            "Node Type": "Seq Scan",
                                                            "Parent Relationship": "Outer",
                                                            "Parallel Aware": true,
                                                            "Relation Name": "movie_keyword",
                                                            "Schema": "public",
                                                            "Alias": "mk",
                                                            "Startup Cost": 0.0,
                                                            "Total Cost": 42695.65,
                                                            "Plan Rows": 943353,
                                                            "Plan Width": 4,
                                                            "Actual Startup Time": 0.111,
                                                            "Actual Total Time": 80.687,
                                                            "Actual Rows": 487203,
                                                            "Actual Loops": 6,
                                                            "Output": [
                                                                "mk.id",
                                                                "mk.movie_id",
                                                                "mk.keyword_id"
                                                            ],
                                                            "Filter": "(mk.keyword_id > 2477)",
                                                            "Rows Removed by Filter": 266786,
                                                            "Workers": [
                                                                {
                                                                    "Worker Number": 0,
                                                                    "Actual Startup Time": 0.089,
                                                                    "Actual Total Time": 82.032,
                                                                    "Actual Rows": 477543,
                                                                    "Actual Loops": 1
                                                                },
                                                                {
                                                                    "Worker Number": 1,
                                                                    "Actual Startup Time": 0.092,
                                                                    "Actual Total Time": 82.099,
                                                                    "Actual Rows": 493712,
                                                                    "Actual Loops": 1
                                                                },
                                                                {
                                                                    "Worker Number": 2,
                                                                    "Actual Startup Time": 0.09,
                                                                    "Actual Total Time": 82.195,
                                                                    "Actual Rows": 485836,
                                                                    "Actual Loops": 1
                                                                },
                                                                {
                                                                    "Worker Number": 3,
                                                                    "Actual Startup Time": 0.24,
                                                                    "Actual Total Time": 82.014,
                                                                    "Actual Rows": 475735,
                                                                    "Actual Loops": 1
                                                                },
                                                                {
                                                                    "Worker Number": 4,
                                                                    "Actual Startup Time": 0.103,
                                                                    "Actual Total Time": 82.265,
                                                                    "Actual Rows": 479090,
                                                                    "Actual Loops": 1
                                                                }
                                                            ]
                                                        },
                                                        {
                                                            "Node Type": "Hash",
                                                            "Parent Relationship": "Inner",
                                                            "Parallel Aware": true,
                                                            "Startup Cost": 42318.81,
                                                            "Total Cost": 42318.81,
                                                            "Plan Rows": 632080,
                                                            "Plan Width": 4,
                                                            "Actual Startup Time": 254.916,
                                                            "Actual Total Time": 254.917,
                                                            "Actual Rows": 421385,
                                                            "Actual Loops": 6,
                                                            "Output": [
                                                                "t.id"
                                                            ],
                                                            "Hash Buckets": 4194304,
                                                            "Original Hash Buckets": 4194304,
                                                            "Hash Batches": 1,
                                                            "Original Hash Batches": 1,
                                                            "Peak Memory Usage": 131808,
                                                            "Workers": [
                                                                {
                                                                    "Worker Number": 0,
                                                                    "Actual Startup Time": 258.863,
                                                                    "Actual Total Time": 258.864,
                                                                    "Actual Rows": 401611,
                                                                    "Actual Loops": 1
                                                                },
                                                                {
                                                                    "Worker Number": 1,
                                                                    "Actual Startup Time": 258.839,
                                                                    "Actual Total Time": 258.84,
                                                                    "Actual Rows": 399260,
                                                                    "Actual Loops": 1
                                                                },
                                                                {
                                                                    "Worker Number": 2,
                                                                    "Actual Startup Time": 258.833,
                                                                    "Actual Total Time": 258.834,
                                                                    "Actual Rows": 401743,
                                                                    "Actual Loops": 1
                                                                },
                                                                {
                                                                    "Worker Number": 3,
                                                                    "Actual Startup Time": 258.878,
                                                                    "Actual Total Time": 258.88,
                                                                    "Actual Rows": 393524,
                                                                    "Actual Loops": 1
                                                                },
                                                                {
                                                                    "Worker Number": 4,
                                                                    "Actual Startup Time": 258.851,
                                                                    "Actual Total Time": 258.852,
                                                                    "Actual Rows": 394737,
                                                                    "Actual Loops": 1
                                                                }
                                                            ],
                                                            "Plans": [
                                                                {
                                                                    "Node Type": "Seq Scan",
                                                                    "Parent Relationship": "Outer",
                                                                    "Parallel Aware": true,
                                                                    "Relation Name": "title",
                                                                    "Schema": "public",
                                                                    "Alias": "t",
                                                                    "Startup Cost": 0.0,
                                                                    "Total Cost": 42318.81,
                                                                    "Plan Rows": 632080,
                                                                    "Plan Width": 4,
                                                                    "Actual Startup Time": 0.041,
                                                                    "Actual Total Time": 69.941,
                                                                    "Actual Rows": 421385,
                                                                    "Actual Loops": 6,
                                                                    "Output": [
                                                                        "t.id"
                                                                    ],
                                                                    "Workers": [
                                                                        {
                                                                            "Worker Number": 0,
                                                                            "Actual Startup Time": 0.05,
                                                                            "Actual Total Time": 72.894,
                                                                            "Actual Rows": 401611,
                                                                            "Actual Loops": 1
                                                                        },
                                                                        {
                                                                            "Worker Number": 1,
                                                                            "Actual Startup Time": 0.047,
                                                                            "Actual Total Time": 71.976,
                                                                            "Actual Rows": 399260,
                                                                            "Actual Loops": 1
                                                                        },
                                                                        {
                                                                            "Worker Number": 2,
                                                                            "Actual Startup Time": 0.06,
                                                                            "Actual Total Time": 71.785,
                                                                            "Actual Rows": 401743,
                                                                            "Actual Loops": 1
                                                                        },
                                                                        {
                                                                            "Worker Number": 3,
                                                                            "Actual Startup Time": 0.049,
                                                                            "Actual Total Time": 72.432,
                                                                            "Actual Rows": 393524,
                                                                            "Actual Loops": 1
                                                                        },
                                                                        {
                                                                            "Worker Number": 4,
                                                                            "Actual Startup Time": 0.027,
                                                                            "Actual Total Time": 71.999,
                                                                            "Actual Rows": 394737,
                                                                            "Actual Loops": 1
                                                                        }
                                                                    ]
                                                                }
                                                            ]
                                                        }
                                                    ]
                                                }
                                            ]
                                        }
                                    ]
                                }
                            ]
                        }
                    ]
                }
            ]
        },
        "Planning Time": 193.561,
        "Triggers": [],
        "Execution Time": 3772.319
    }
]