[
  {
    "Plan": {
      "Node Type": "Aggregate",
      "Strategy": "Plain",
      "Partial Mode": "Finalize",
      "Parallel Aware": false,
      "Startup Cost": 88613.79,
      "Total Cost": 88613.8,
      "Plan Rows": 1,
      "Plan Width": 8,
      "Actual Startup Time": 639.305,
      "Actual Total Time": 665.712,
      "Actual Rows": 1,
      "Actual Loops": 1,
      "Plans": [
        {
          "Node Type": "Gather",
          "Parent Relationship": "Outer",
          "Parallel Aware": false,
          "Startup Cost": 88613.47,
          "Total Cost": 88613.78,
          "Plan Rows": 3,
          "Plan Width": 8,
          "Actual Startup Time": 623.209,
          "Actual Total Time": 665.7,
          "Actual Rows": 4,
          "Actual Loops": 1,
          "Workers Planned": 3,
          "Workers Launched": 3,
          "Single Copy": false,
          "Plans": [
            {
              "Node Type": "Aggregate",
              "Strategy": "Plain",
              "Partial Mode": "Partial",
              "Parent Relationship": "Outer",
              "Parallel Aware": false,
              "Startup Cost": 87613.47,
              "Total Cost": 87613.48,
              "Plan Rows": 1,
              "Plan Width": 8,
              "Actual Startup Time": 609.157,
              "Actual Total Time": 609.163,
              "Actual Rows": 1,
              "Actual Loops": 4,
              "Plans": [
                {
                  "Node Type": "Hash Join",
                  "Parent Relationship": "Outer",
                  "Parallel Aware": true,
                  "Join Type": "Inner",
                  "Startup Cost": 60424.67,
                  "Total Cost": 87225.56,
                  "Plan Rows": 155166,
                  "Plan Width": 0,
                  "Actual Startup Time": 466.079,
                  "Actual Total Time": 600.127,
                  "Actual Rows": 119396,
                  "Actual Loops": 4,
                  "Inner Unique": true,
                  "Hash Cond": "(mk.movie_id = t.id)",
                  "Plans": [
                    {
                      "Node Type": "Bitmap Heap Scan",
                      "Parent Relationship": "Outer",
                      "Parallel Aware": true,
                      "Relation Name": "movie_keyword",
                      "Alias": "mk",
                      "Startup Cost": 10204.29,
                      "Total Cost": 36597.86,
                      "Plan Rows": 155166,
                      "Plan Width": 4,
                      "Actual Startup Time": 48.133,
                      "Actual Total Time": 123.773,
                      "Actual Rows": 119396,
                      "Actual Loops": 4,
                      "Recheck Cond": "(keyword_id > 37414)",
                      "Rows Removed by Index Recheck": 0,
                      "Exact Heap Blocks": 5671,
                      "Lossy Heap Blocks": 0,
                      "Plans": [
                        {
                          "Node Type": "Bitmap Index Scan",
                          "Parent Relationship": "Outer",
                          "Parallel Aware": false,
                          "Index Name": "keyword_id_movie_keyword",
                          "Startup Cost": 0.0,
                          "Total Cost": 10084.04,
                          "Plan Rows": 481014,
                          "Plan Width": 0,
                          "Actual Startup Time": 42.697,
                          "Actual Total Time": 42.698,
                          "Actual Rows": 477583,
                          "Actual Loops": 1,
                          "Index Cond": "(keyword_id > 37414)"
                        }
                      ]
                    },
                    {
                      "Node Type": "Hash",
                      "Parent Relationship": "Inner",
                      "Parallel Aware": true,
                      "Startup Cost": 42319.06,
                      "Total Cost": 42319.06,
                      "Plan Rows": 632106,
                      "Plan Width": 4,
                      "Actual Startup Time": 408.355,
                      "Actual Total Time": 408.356,
                      "Actual Rows": 632078,
                      "Actual Loops": 4,
                      "Hash Buckets": 4194304,
                      "Original Hash Buckets": 4194304,
                      "Hash Batches": 1,
                      "Original Hash Batches": 1,
                      "Peak Memory Usage": 131744,
                      "Plans": [
                        {
                          "Node Type": "Seq Scan",
                          "Parent Relationship": "Outer",
                          "Parallel Aware": true,
                          "Relation Name": "title",
                          "Alias": "t",
                          "Startup Cost": 0.0,
                          "Total Cost": 42319.06,
                          "Plan Rows": 632106,
                          "Plan Width": 4,
                          "Actual Startup Time": 0.044,
                          "Actual Total Time": 121.849,
                          "Actual Rows": 632078,
                          "Actual Loops": 4
                        }
                      ]
                    }
                  ]
                }
              ]
            }
          ]
        }
      ]
    },
    "Planning Time": 0.545,
    "Triggers": [],
    "Execution Time": 665.771
  }
]