{
  "Plan": {
    "Node Type": "Aggregate",
    "Strategy": "Plain",
    "Partial Mode": "Finalize",
    "Parallel Aware": false,
    "Startup Cost": 387103.67,
    "Total Cost": 387103.68,
    "Plan Rows": 1,
    "Plan Width": 8,
    "Actual Startup Time": 5538.521,
    "Actual Total Time": 5602.324,
    "Actual Rows": 1,
    "Actual Loops": 1,
    "Plans": [
      {
        "Node Type": "Gather",
        "Parent Relationship": "Outer",
        "Parallel Aware": false,
        "Startup Cost": 387103.56,
        "Total Cost": 387103.67,
        "Plan Rows": 1,
        "Plan Width": 8,
        "Actual Startup Time": 5537.701,
        "Actual Total Time": 5602.317,
        "Actual Rows": 2,
        "Actual Loops": 1,
        "Workers Planned": 1,
        "Workers Launched": 1,
        "Single Copy": false,
        "Plans": [
          {
            "Node Type": "Aggregate",
            "Strategy": "Plain",
            "Partial Mode": "Partial",
            "Parent Relationship": "Outer",
            "Parallel Aware": false,
            "Startup Cost": 386103.56,
            "Total Cost": 386103.57,
            "Plan Rows": 1,
            "Plan Width": 8,
            "Actual Startup Time": 5531.465,
            "Actual Total Time": 5531.469,
            "Actual Rows": 1,
            "Actual Loops": 2,
            "Plans": [
              {
                "Node Type": "Nested Loop",
                "Parent Relationship": "Outer",
                "Parallel Aware": false,
                "Join Type": "Inner",
                "Startup Cost": 21472.43,
                "Total Cost": 385770.06,
                "Plan Rows": 133398,
                "Plan Width": 0,
                "Actual Startup Time": 118.895,
                "Actual Total Time": 5509.376,
                "Actual Rows": 413554,
                "Actual Loops": 2,
                "Inner Unique": false,
                "Plans": [
                  {
                    "Node Type": "Hash Join",
                    "Parent Relationship": "Outer",
                    "Parallel Aware": true,
                    "Join Type": "Inner",
                    "Startup Cost": 21471.87,
                    "Total Cost": 79601.71,
                    "Plan Rows": 106332,
                    "Plan Width": 8,
                    "Actual Startup Time": 118.769,
                    "Actual Total Time": 504.864,
                    "Actual Rows": 159140,
                    "Actual Loops": 2,
                    "Inner Unique": false,
                    "Hash Cond": "(t.id = mi_idx.movie_id)",
                    "Plans": [
                      {
                        "Node Type": "Seq Scan",
                        "Parent Relationship": "Outer",
                        "Parallel Aware": true,
                        "Relation Name": "title",
                        "Alias": "t",
                        "Startup Cost": 0.0,
                        "Total Cost": 54588.39,
                        "Plan Rows": 583193,
                        "Plan Width": 4,
                        "Actual Startup Time": 0.011,
                        "Actual Total Time": 131.844,
                        "Actual Rows": 492524,
                        "Actual Loops": 2,
                        "Filter": "(kind_id < 7)",
                        "Rows Removed by Filter": 771632
                      },
                      {
                        "Node Type": "Hash",
                        "Parent Relationship": "Inner",
                        "Parallel Aware": true,
                        "Startup Cost": 18082.32,
                        "Total Cost": 18082.32,
                        "Plan Rows": 271164,
                        "Plan Width": 4,
                        "Actual Startup Time": 113.245,
                        "Actual Total Time": 113.245,
                        "Actual Rows": 230092,
                        "Actual Loops": 2,
                        "Hash Buckets": 524288,
                        "Original Hash Buckets": 524288,
                        "Hash Batches": 1,
                        "Original Hash Batches": 1,
                        "Peak Memory Usage": 22144,
                        "Plans": [
                          {
                            "Node Type": "Seq Scan",
                            "Parent Relationship": "Outer",
                            "Parallel Aware": true,
                            "Relation Name": "movie_info_idx",
                            "Alias": "mi_idx",
                            "Startup Cost": 0.0,
                            "Total Cost": 18082.32,
                            "Plan Rows": 271164,
                            "Plan Width": 4,
                            "Actual Startup Time": 0.044,
                            "Actual Total Time": 65.793,
                            "Actual Rows": 230092,
                            "Actual Loops": 2,
                            "Filter": "(info_type_id > 100)",
                            "Rows Removed by Filter": 459925
                          }
                        ]
                      }
                    ]
                  },
                  {
                    "Node Type": "Index Scan",
                    "Parent Relationship": "Inner",
                    "Parallel Aware": false,
                    "Scan Direction": "Forward",
                    "Index Name": "movie_id_cast_info",
                    "Relation Name": "cast_info",
                    "Alias": "ci",
                    "Startup Cost": 0.56,
                    "Total Cost": 2.85,
                    "Plan Rows": 3,
                    "Plan Width": 4,
                    "Actual Startup Time": 0.008,
                    "Actual Total Time": 0.031,
                    "Actual Rows": 3,
                    "Actual Loops": 318279,
                    "Index Cond": "(movie_id = t.id)",
                    "Rows Removed by Index Recheck": 0,
                    "Filter": "(person_id < 314091)",
                    "Rows Removed by Filter": 24
                  }
                ]
              }
            ]
          }
        ]
      }
    ]
  },
  "Planning Time": 1.051,
  "Triggers": [],
  "Execution Time": 5602.464
}