[
  {
    "Plan": {
      "Node Type": "Aggregate",
      "Strategy": "Plain",
      "Partial Mode": "Finalize",
      "Parallel Aware": false,
      "Startup Cost": 31208.1,
      "Total Cost": 31208.11,
      "Plan Rows": 1,
      "Plan Width": 8,
      "Actual Startup Time": 100.295,
      "Actual Total Time": 107.708,
      "Actual Rows": 1,
      "Actual Loops": 1,
      "Plans": [
        {
          "Node Type": "Gather",
          "Parent Relationship": "Outer",
          "Parallel Aware": false,
          "Startup Cost": 31207.78,
          "Total Cost": 31208.09,
          "Plan Rows": 3,
          "Plan Width": 8,
          "Actual Startup Time": 100.195,
          "Actual Total Time": 107.7,
          "Actual Rows": 4,
          "Actual Loops": 1,
          "Workers Planned": 3,
          "Workers Launched": 3,
          "Single Copy": false,
          "Plans": [
            {
              "Node Type": "Aggregate",
              "Strategy": "Plain",
              "Partial Mode": "Partial",
              "Parent Relationship": "Outer",
              "Parallel Aware": false,
              "Startup Cost": 30207.78,
              "Total Cost": 30207.79,
              "Plan Rows": 1,
              "Plan Width": 8,
              "Actual Startup Time": 93.151,
              "Actual Total Time": 93.152,
              "Actual Rows": 1,
              "Actual Loops": 4,
              "Plans": [
                {
                  "Node Type": "Seq Scan",
                  "Parent Relationship": "Outer",
                  "Parallel Aware": true,
                  "Relation Name": "movie_companies",
                  "Alias": "mc",
                  "Startup Cost": 0.0,
                  "Total Cost": 29310.68,
                  "Plan Rows": 358839,
                  "Plan Width": 0,
                  "Actual Startup Time": 19.632,
                  "Actual Total Time": 80.479,
                  "Actual Rows": 279400,
                  "Actual Loops": 4,
                  "Filter": "(company_id > 13791)",
                  "Rows Removed by Filter": 372882
                }
              ]
            }
          ]
        }
      ]
    },
    "Planning Time": 0.188,
    "Triggers": [],
    "Execution Time": 107.772
  }
]