[
  {
    "Plan": {
      "Node Type": "Aggregate",
      "Strategy": "Plain",
      "Partial Mode": "Finalize",
      "Parallel Aware": false,
      "Startup Cost": 349751.15,
      "Total Cost": 349751.16,
      "Plan Rows": 1,
      "Plan Width": 8,
      "Actual Startup Time": 776.152,
      "Actual Total Time": 831.513,
      "Actual Rows": 1,
      "Actual Loops": 1,
      "Plans": [
        {
          "Node Type": "Gather",
          "Parent Relationship": "Outer",
          "Parallel Aware": false,
          "Startup Cost": 349750.53,
          "Total Cost": 349751.14,
          "Plan Rows": 6,
          "Plan Width": 8,
          "Actual Startup Time": 776.051,
          "Actual Total Time": 831.503,
          "Actual Rows": 7,
          "Actual Loops": 1,
          "Workers Planned": 6,
          "Workers Launched": 6,
          "Single Copy": false,
          "Plans": [
            {
              "Node Type": "Aggregate",
              "Strategy": "Plain",
              "Partial Mode": "Partial",
              "Parent Relationship": "Outer",
              "Parallel Aware": false,
              "Startup Cost": 348750.53,
              "Total Cost": 348750.54,
              "Plan Rows": 1,
              "Plan Width": 8,
              "Actual Startup Time": 767.939,
              "Actual Total Time": 767.94,
              "Actual Rows": 1,
              "Actual Loops": 7,
              "Plans": [
                {
                  "Node Type": "Seq Scan",
                  "Parent Relationship": "Outer",
                  "Parallel Aware": true,
                  "Relation Name": "cast_info",
                  "Alias": "ci",
                  "Startup Cost": 0.0,
                  "Total Cost": 343257.03,
                  "Plan Rows": 2197400,
                  "Plan Width": 0,
                  "Actual Startup Time": 209.787,
                  "Actual Total Time": 658.1,
                  "Actual Rows": 2725491,
                  "Actual Loops": 7,
                  "Filter": "((person_id > 1594789) AND (role_id > 1))",
                  "Rows Removed by Filter": 2452273
                }
              ]
            }
          ]
        }
      ]
    },
    "Planning Time": 0.224,
    "Triggers": [],
    "Execution Time": 831.588
  }
]