[
  {
    "Plan": {
      "Node Type": "Aggregate",
      "Strategy": "Plain",
      "Partial Mode": "Finalize",
      "Parallel Aware": false,
      "Startup Cost": 44861.01,
      "Total Cost": 44861.02,
      "Plan Rows": 1,
      "Plan Width": 8,
      "Actual Startup Time": 140.196,
      "Actual Total Time": 149.675,
      "Actual Rows": 1,
      "Actual Loops": 1,
      "Plans": [
        {
          "Node Type": "Gather",
          "Parent Relationship": "Outer",
          "Parallel Aware": false,
          "Startup Cost": 44860.69,
          "Total Cost": 44861.0,
          "Plan Rows": 3,
          "Plan Width": 8,
          "Actual Startup Time": 140.111,
          "Actual Total Time": 149.668,
          "Actual Rows": 4,
          "Actual Loops": 1,
          "Workers Planned": 3,
          "Workers Launched": 3,
          "Single Copy": false,
          "Plans": [
            {
              "Node Type": "Aggregate",
              "Strategy": "Plain",
              "Partial Mode": "Partial",
              "Parent Relationship": "Outer",
              "Parallel Aware": false,
              "Startup Cost": 43860.69,
              "Total Cost": 43860.7,
              "Plan Rows": 1,
              "Plan Width": 8,
              "Actual Startup Time": 132.389,
              "Actual Total Time": 132.391,
              "Actual Rows": 1,
              "Actual Loops": 4,
              "Plans": [
                {
                  "Node Type": "Seq Scan",
                  "Parent Relationship": "Outer",
                  "Parallel Aware": true,
                  "Relation Name": "movie_keyword",
                  "Alias": "mk",
                  "Startup Cost": 0.0,
                  "Total Cost": 42695.65,
                  "Plan Rows": 466015,
                  "Plan Width": 0,
                  "Actual Startup Time": 0.063,
                  "Actual Total Time": 113.367,
                  "Actual Rows": 364513,
                  "Actual Loops": 4,
                  "Filter": "(keyword_id < 2056)",
                  "Rows Removed by Filter": 766469
                }
              ]
            }
          ]
        }
      ]
    },
    "Planning Time": 0.106,
    "Triggers": [],
    "Execution Time": 149.712
  }
]