{
  "Plan": {
    "Node Type": "Aggregate",
    "Strategy": "Plain",
    "Partial Mode": "Finalize",
    "Parallel Aware": false,
    "Startup Cost": 148160.92,
    "Total Cost": 148160.93,
    "Plan Rows": 1,
    "Plan Width": 8,
    "Actual Startup Time": 1019.912,
    "Actual Total Time": 1042.679,
    "Actual Rows": 1,
    "Actual Loops": 1,
    "Plans": [
      {
        "Node Type": "Gather",
        "Parent Relationship": "Outer",
        "Parallel Aware": false,
        "Startup Cost": 148160.81,
        "Total Cost": 148160.92,
        "Plan Rows": 1,
        "Plan Width": 8,
        "Actual Startup Time": 1015.021,
        "Actual Total Time": 1042.671,
        "Actual Rows": 2,
        "Actual Loops": 1,
        "Workers Planned": 1,
        "Workers Launched": 1,
        "Single Copy": false,
        "Plans": [
          {
            "Node Type": "Aggregate",
            "Strategy": "Plain",
            "Partial Mode": "Partial",
            "Parent Relationship": "Outer",
            "Parallel Aware": false,
            "Startup Cost": 147160.81,
            "Total Cost": 147160.82,
            "Plan Rows": 1,
            "Plan Width": 8,
            "Actual Startup Time": 1000.428,
            "Actual Total Time": 1000.434,
            "Actual Rows": 1,
            "Actual Loops": 2,
            "Plans": [
              {
                "Node Type": "Hash Join",
                "Parent Relationship": "Outer",
                "Parallel Aware": true,
                "Join Type": "Inner",
                "Startup Cost": 102505.73,
                "Total Cost": 147005.94,
                "Plan Rows": 61948,
                "Plan Width": 0,
                "Actual Startup Time": 752.158,
                "Actual Total Time": 980.251,
                "Actual Rows": 507335,
                "Actual Loops": 2,
                "Inner Unique": false,
                "Hash Cond": "(mc.movie_id = t.id)",
                "Plans": [
                  {
                    "Node Type": "Index Scan",
                    "Parent Relationship": "Outer",
                    "Parallel Aware": true,
                    "Scan Direction": "Forward",
                    "Index Name": "company_type_id_movie_companies",
                    "Relation Name": "movie_companies",
                    "Alias": "mc",
                    "Startup Cost": 0.43,
                    "Total Cost": 41574.35,
                    "Plan Rows": 683170,
                    "Plan Width": 4,
                    "Actual Startup Time": 0.051,
                    "Actual Total Time": 113.06,
                    "Actual Rows": 637123,
                    "Actual Loops": 2,
                    "Index Cond": "(company_type_id = 1)",
                    "Rows Removed by Index Recheck": 0,
                    "Filter": "(company_id < 101602)",
                    "Rows Removed by Filter": 0
                  },
                  {
                    "Node Type": "Hash",
                    "Parent Relationship": "Inner",
                    "Parallel Aware": true,
                    "Startup Cost": 100819.59,
                    "Total Cost": 100819.59,
                    "Plan Rows": 134857,
                    "Plan Width": 8,
                    "Actual Startup Time": 748.564,
                    "Actual Total Time": 748.568,
                    "Actual Rows": 117945,
                    "Actual Loops": 2,
                    "Hash Buckets": 262144,
                    "Original Hash Buckets": 262144,
                    "Hash Batches": 1,
                    "Original Hash Batches": 1,
                    "Peak Memory Usage": 11296,
                    "Plans": [
                      {
                        "Node Type": "Hash Join",
                        "Parent Relationship": "Outer",
                        "Parallel Aware": true,
                        "Join Type": "Inner",
                        "Startup Cost": 74325.87,
                        "Total Cost": 100819.59,
                        "Plan Rows": 134857,
                        "Plan Width": 8,
                        "Actual Startup Time": 596.529,
                        "Actual Total Time": 716.201,
                        "Actual Rows": 117945,
                        "Actual Loops": 2,
                        "Inner Unique": true,
                        "Hash Cond": "(mk.movie_id = t.id)",
                        "Plans": [
                          {
                            "Node Type": "Bitmap Heap Scan",
                            "Parent Relationship": "Outer",
                            "Parallel Aware": true,
                            "Relation Name": "movie_keyword",
                            "Alias": "mk",
                            "Startup Cost": 4865.17,
                            "Total Cost": 31004.89,
                            "Plan Rows": 134857,
                            "Plan Width": 4,
                            "Actual Startup Time": 17.028,
                            "Actual Total Time": 75.993,
                            "Actual Rows": 117945,
                            "Actual Loops": 2,
                            "Recheck Cond": "(keyword_id < 196)",
                            "Rows Removed by Index Recheck": 0,
                            "Exact Heap Blocks": 12700,
                            "Lossy Heap Blocks": 0,
                            "Plans": [
                              {
                                "Node Type": "Bitmap Index Scan",
                                "Parent Relationship": "Outer",
                                "Parallel Aware": false,
                                "Index Name": "keyword_id_movie_keyword",
                                "Startup Cost": 0.0,
                                "Total Cost": 4807.86,
                                "Plan Rows": 229257,
                                "Plan Width": 0,
                                "Actual Startup Time": 13.579,
                                "Actual Total Time": 13.58,
                                "Actual Rows": 235890,
                                "Actual Loops": 1,
                                "Index Cond": "(keyword_id < 196)"
                              }
                            ]
                          },
                          {
                            "Node Type": "Hash",
                            "Parent Relationship": "Inner",
                            "Parallel Aware": true,
                            "Startup Cost": 50870.31,
                            "Total Cost": 50870.31,
                            "Plan Rows": 1487231,
                            "Plan Width": 4,
                            "Actual Startup Time": 559.473,
                            "Actual Total Time": 559.474,
                            "Actual Rows": 1264156,
                            "Actual Loops": 2,
                            "Hash Buckets": 4194304,
                            "Original Hash Buckets": 4194304,
                            "Hash Batches": 1,
                            "Original Hash Batches": 1,
                            "Peak Memory Usage": 131712,
                            "Plans": [
                              {
                                "Node Type": "Seq Scan",
                                "Parent Relationship": "Outer",
                                "Parallel Aware": true,
                                "Relation Name": "title",
                                "Alias": "t",
                                "Startup Cost": 0.0,
                                "Total Cost": 50870.31,
                                "Plan Rows": 1487231,
                                "Plan Width": 4,
                                "Actual Startup Time": 0.032,
                                "Actual Total Time": 161.289,
                                "Actual Rows": 1264156,
                                "Actual Loops": 2
                              }
                            ]
                          }
                        ]
                      }
                    ]
                  }
                ]
              }
            ]
          }
        ]
      }
    ]
  },
  "Planning Time": 1.021,
  "Triggers": [],
  "Execution Time": 1042.781
}