{
  "Plan": {
    "Node Type": "Aggregate",
    "Strategy": "Plain",
    "Partial Mode": "Finalize",
    "Parallel Aware": false,
    "Startup Cost": 170086.44,
    "Total Cost": 170086.45,
    "Plan Rows": 1,
    "Plan Width": 8,
    "Actual Startup Time": 1017.646,
    "Actual Total Time": 1039.291,
    "Actual Rows": 1,
    "Actual Loops": 1,
    "Plans": [
      {
        "Node Type": "Gather",
        "Parent Relationship": "Outer",
        "Parallel Aware": false,
        "Startup Cost": 170086.33,
        "Total Cost": 170086.44,
        "Plan Rows": 1,
        "Plan Width": 8,
        "Actual Startup Time": 1014.802,
        "Actual Total Time": 1039.283,
        "Actual Rows": 2,
        "Actual Loops": 1,
        "Workers Planned": 1,
        "Workers Launched": 1,
        "Single Copy": false,
        "Plans": [
          {
            "Node Type": "Aggregate",
            "Strategy": "Plain",
            "Partial Mode": "Partial",
            "Parent Relationship": "Outer",
            "Parallel Aware": false,
            "Startup Cost": 169086.33,
            "Total Cost": 169086.34,
            "Plan Rows": 1,
            "Plan Width": 8,
            "Actual Startup Time": 1008.274,
            "Actual Total Time": 1008.28,
            "Actual Rows": 1,
            "Actual Loops": 2,
            "Plans": [
              {
                "Node Type": "Hash Join",
                "Parent Relationship": "Outer",
                "Parallel Aware": true,
                "Join Type": "Inner",
                "Startup Cost": 105522.21,
                "Total Cost": 168506.9,
                "Plan Rows": 231771,
                "Plan Width": 0,
                "Actual Startup Time": 645.682,
                "Actual Total Time": 970.209,
                "Actual Rows": 1006848,
                "Actual Loops": 2,
                "Inner Unique": false,
                "Hash Cond": "(mk.movie_id = t.id)",
                "Plans": [
                  {
                    "Node Type": "Seq Scan",
                    "Parent Relationship": "Outer",
                    "Parallel Aware": true,
                    "Relation Name": "movie_keyword",
                    "Alias": "mk",
                    "Startup Cost": 0.0,
                    "Total Cost": 57718.19,
                    "Plan Rows": 1040839,
                    "Plan Width": 4,
                    "Actual Startup Time": 0.643,
                    "Actual Total Time": 168.686,
                    "Actual Rows": 887412,
                    "Actual Loops": 2,
                    "Filter": "(keyword_id > 7806)",
                    "Rows Removed by Filter": 1374554
                  },
                  {
                    "Node Type": "Hash",
                    "Parent Relationship": "Inner",
                    "Parallel Aware": true,
                    "Startup Cost": 101382.54,
                    "Total Cost": 101382.54,
                    "Plan Rows": 331173,
                    "Plan Width": 8,
                    "Actual Startup Time": 635.884,
                    "Actual Total Time": 635.888,
                    "Actual Rows": 278110,
                    "Actual Loops": 2,
                    "Hash Buckets": 1048576,
                    "Original Hash Buckets": 1048576,
                    "Hash Batches": 1,
                    "Original Hash Batches": 1,
                    "Peak Memory Usage": 29984,
                    "Plans": [
                      {
                        "Node Type": "Hash Join",
                        "Parent Relationship": "Outer",
                        "Parallel Aware": true,
                        "Join Type": "Inner",
                        "Startup Cost": 39268.96,
                        "Total Cost": 101382.54,
                        "Plan Rows": 331173,
                        "Plan Width": 8,
                        "Actual Startup Time": 168.619,
                        "Actual Total Time": 563.642,
                        "Actual Rows": 278110,
                        "Actual Loops": 2,
                        "Inner Unique": false,
                        "Hash Cond": "(t.id = mc.movie_id)",
                        "Plans": [
                          {
                            "Node Type": "Seq Scan",
                            "Parent Relationship": "Outer",
                            "Parallel Aware": true,
                            "Relation Name": "title",
                            "Alias": "t",
                            "Startup Cost": 0.0,
                            "Total Cost": 50870.31,
                            "Plan Rows": 1487231,
                            "Plan Width": 4,
                            "Actual Startup Time": 0.011,
                            "Actual Total Time": 121.611,
                            "Actual Rows": 1264156,
                            "Actual Loops": 2
                          },
                          {
                            "Node Type": "Hash",
                            "Parent Relationship": "Inner",
                            "Parallel Aware": true,
                            "Startup Cost": 35129.3,
                            "Total Cost": 35129.3,
                            "Plan Rows": 331173,
                            "Plan Width": 4,
                            "Actual Startup Time": 163.102,
                            "Actual Total Time": 163.104,
                            "Actual Rows": 278110,
                            "Actual Loops": 2,
                            "Hash Buckets": 1048576,
                            "Original Hash Buckets": 1048576,
                            "Hash Batches": 1,
                            "Original Hash Batches": 1,
                            "Peak Memory Usage": 29984,
                            "Plans": [
                              {
                                "Node Type": "Bitmap Heap Scan",
                                "Parent Relationship": "Outer",
                                "Parallel Aware": true,
                                "Relation Name": "movie_companies",
                                "Alias": "mc",
                                "Startup Cost": 12199.63,
                                "Total Cost": 35129.3,
                                "Plan Rows": 331173,
                                "Plan Width": 4,
                                "Actual Startup Time": 31.165,
                                "Actual Total Time": 96.874,
                                "Actual Rows": 278110,
                                "Actual Loops": 2,
                                "Recheck Cond": "(company_id < 580)",
                                "Rows Removed by Index Recheck": 0,
                                "Exact Heap Blocks": 10946,
                                "Lossy Heap Blocks": 0,
                                "Plans": [
                                  {
                                    "Node Type": "Bitmap Index Scan",
                                    "Parent Relationship": "Outer",
                                    "Parallel Aware": false,
                                    "Index Name": "company_id_movie_companies",
                                    "Startup Cost": 0.0,
                                    "Total Cost": 12058.89,
                                    "Plan Rows": 562994,
                                    "Plan Width": 0,
                                    "Actual Startup Time": 28.059,
                                    "Actual Total Time": 28.059,
                                    "Actual Rows": 556219,
                                    "Actual Loops": 1,
                                    "Index Cond": "(company_id < 580)"
                                  }
                                ]
                              }
                            ]
                          }
                        ]
                      }
                    ]
                  }
                ]
              }
            ]
          }
        ]
      }
    ]
  },
  "Planning Time": 1.136,
  "Triggers": [],
  "Execution Time": 1039.398
}