{
  "Plan": {
    "Node Type": "Aggregate",
    "Strategy": "Plain",
    "Partial Mode": "Finalize",
    "Parallel Aware": false,
    "Startup Cost": 347377.3,
    "Total Cost": 347377.31,
    "Plan Rows": 1,
    "Plan Width": 8,
    "Actual Startup Time": 2531.387,
    "Actual Total Time": 2555.409,
    "Actual Rows": 1,
    "Actual Loops": 1,
    "Plans": [
      {
        "Node Type": "Gather",
        "Parent Relationship": "Outer",
        "Parallel Aware": false,
        "Startup Cost": 347377.18,
        "Total Cost": 347377.29,
        "Plan Rows": 1,
        "Plan Width": 8,
        "Actual Startup Time": 2530.042,
        "Actual Total Time": 2555.402,
        "Actual Rows": 2,
        "Actual Loops": 1,
        "Workers Planned": 1,
        "Workers Launched": 1,
        "Single Copy": false,
        "Plans": [
          {
            "Node Type": "Aggregate",
            "Strategy": "Plain",
            "Partial Mode": "Partial",
            "Parent Relationship": "Outer",
            "Parallel Aware": false,
            "Startup Cost": 346377.18,
            "Total Cost": 346377.19,
            "Plan Rows": 1,
            "Plan Width": 8,
            "Actual Startup Time": 2524.802,
            "Actual Total Time": 2524.806,
            "Actual Rows": 1,
            "Actual Loops": 2,
            "Plans": [
              {
                "Node Type": "Nested Loop",
                "Parent Relationship": "Outer",
                "Parallel Aware": false,
                "Join Type": "Inner",
                "Startup Cost": 59267.26,
                "Total Cost": 345452.13,
                "Plan Rows": 370022,
                "Plan Width": 0,
                "Actual Startup Time": 268.006,
                "Actual Total Time": 2385.935,
                "Actual Rows": 3201738,
                "Actual Loops": 2,
                "Inner Unique": false,
                "Join Filter": "(t.id = mc.movie_id)",
                "Rows Removed by Join Filter": 0,
                "Plans": [
                  {
                    "Node Type": "Hash Join",
                    "Parent Relationship": "Outer",
                    "Parallel Aware": true,
                    "Join Type": "Inner",
                    "Startup Cost": 59266.83,
                    "Total Cost": 120725.08,
                    "Plan Rows": 358558,
                    "Plan Width": 8,
                    "Actual Startup Time": 267.948,
                    "Actual Total Time": 638.435,
                    "Actual Rows": 442572,
                    "Actual Loops": 2,
                    "Inner Unique": true,
                    "Hash Cond": "(mk.movie_id = t.id)",
                    "Plans": [
                      {
                        "Node Type": "Seq Scan",
                        "Parent Relationship": "Outer",
                        "Parallel Aware": true,
                        "Relation Name": "movie_keyword",
                        "Alias": "mk",
                        "Startup Cost": 0.0,
                        "Total Cost": 57718.19,
                        "Plan Rows": 1424781,
                        "Plan Width": 4,
                        "Actual Startup Time": 0.355,
                        "Actual Total Time": 199.868,
                        "Actual Rows": 1207942,
                        "Actual Loops": 2,
                        "Filter": "(keyword_id > 3806)",
                        "Rows Removed by Filter": 1054024
                      },
                      {
                        "Node Type": "Hash",
                        "Parent Relationship": "Inner",
                        "Parallel Aware": true,
                        "Startup Cost": 54588.39,
                        "Total Cost": 54588.39,
                        "Plan Rows": 374275,
                        "Plan Width": 4,
                        "Actual Startup Time": 258.799,
                        "Actual Total Time": 258.8,
                        "Actual Rows": 321486,
                        "Actual Loops": 2,
                        "Hash Buckets": 1048576,
                        "Original Hash Buckets": 1048576,
                        "Hash Batches": 1,
                        "Original Hash Batches": 1,
                        "Peak Memory Usage": 33376,
                        "Plans": [
                          {
                            "Node Type": "Seq Scan",
                            "Parent Relationship": "Outer",
                            "Parallel Aware": true,
                            "Relation Name": "title",
                            "Alias": "t",
                            "Startup Cost": 0.0,
                            "Total Cost": 54588.39,
                            "Plan Rows": 374275,
                            "Plan Width": 4,
                            "Actual Startup Time": 0.024,
                            "Actual Total Time": 157.452,
                            "Actual Rows": 321486,
                            "Actual Loops": 2,
                            "Filter": "(production_year < 1988)",
                            "Rows Removed by Filter": 942670
                          }
                        ]
                      }
                    ]
                  },
                  {
                    "Node Type": "Index Only Scan",
                    "Parent Relationship": "Inner",
                    "Parallel Aware": false,
                    "Scan Direction": "Forward",
                    "Index Name": "movie_id_movie_companies",
                    "Relation Name": "movie_companies",
                    "Alias": "mc",
                    "Startup Cost": 0.43,
                    "Total Cost": 0.56,
                    "Plan Rows": 5,
                    "Plan Width": 4,
                    "Actual Startup Time": 0.002,
                    "Actual Total Time": 0.003,
                    "Actual Rows": 7,
                    "Actual Loops": 885143,
                    "Index Cond": "(movie_id = mk.movie_id)",
                    "Rows Removed by Index Recheck": 0,
                    "Heap Fetches": 6403476
                  }
                ]
              }
            ]
          }
        ]
      }
    ]
  },
  "Planning Time": 1.075,
  "Triggers": [],
  "Execution Time": 2555.502
}