[
    {
        "Bao": {
            "Bao prediction": "NaN",
            "Bao recommended hint": "(no hint)"
        }
    },
    {
        "Plan": {
            "Node Type": "Aggregate",
            "Strategy": "Plain",
            "Partial Mode": "Finalize",
            "Parallel Aware": false,
            "Startup Cost": 235025.51,
            "Total Cost": 235025.52,
            "Plan Rows": 1,
            "Plan Width": 8,
            "Actual Startup Time": 270.889,
            "Actual Total Time": 280.067,
            "Actual Rows": 1,
            "Actual Loops": 1,
            "Output": [
                "count(*)"
            ],
            "Plans": [
                {
                    "Node Type": "Gather",
                    "Parent Relationship": "Outer",
                    "Parallel Aware": false,
                    "Startup Cost": 235024.98,
                    "Total Cost": 235025.49,
                    "Plan Rows": 5,
                    "Plan Width": 8,
                    "Actual Startup Time": 269.059,
                    "Actual Total Time": 280.058,
                    "Actual Rows": 6,
                    "Actual Loops": 1,
                    "Output": [
                        "(PARTIAL count(*))"
                    ],
                    "Workers Planned": 5,
                    "Workers Launched": 5,
                    "Single Copy": false,
                    "Plans": [
                        {
                            "Node Type": "Aggregate",
                            "Strategy": "Plain",
                            "Partial Mode": "Partial",
                            "Parent Relationship": "Outer",
                            "Parallel Aware": false,
                            "Startup Cost": 234024.98,
                            "Total Cost": 234024.99,
                            "Plan Rows": 1,
                            "Plan Width": 8,
                            "Actual Startup Time": 258.855,
                            "Actual Total Time": 258.86,
                            "Actual Rows": 1,
                            "Actual Loops": 6,
                            "Output": [
                                "PARTIAL count(*)"
                            ],
                            "Workers": [
                                {
                                    "Worker Number": 0,
                                    "Actual Startup Time": 256.367,
                                    "Actual Total Time": 256.38,
                                    "Actual Rows": 1,
                                    "Actual Loops": 1
                                },
                                {
                                    "Worker Number": 1,
                                    "Actual Startup Time": 256.723,
                                    "Actual Total Time": 256.726,
                                    "Actual Rows": 1,
                                    "Actual Loops": 1
                                },
                                {
                                    "Worker Number": 2,
                                    "Actual Startup Time": 256.876,
                                    "Actual Total Time": 256.879,
                                    "Actual Rows": 1,
                                    "Actual Loops": 1
                                },
                                {
                                    "Worker Number": 3,
                                    "Actual Startup Time": 257.383,
                                    "Actual Total Time": 257.386,
                                    "Actual Rows": 1,
                                    "Actual Loops": 1
                                },
                                {
                                    "Worker Number": 4,
                                    "Actual Startup Time": 257.268,
                                    "Actual Total Time": 257.272,
                                    "Actual Rows": 1,
                                    "Actual Loops": 1
                                }
                            ],
                            "Plans": [
                                {
                                    "Node Type": "Hash Join",
                                    "Parent Relationship": "Outer",
                                    "Parallel Aware": true,
                                    "Join Type": "Inner",
                                    "Startup Cost": 68325.72,
                                    "Total Cost": 233938.3,
                                    "Plan Rows": 34674,
                                    "Plan Width": 0,
                                    "Actual Startup Time": 159.804,
                                    "Actual Total Time": 254.401,
                                    "Actual Rows": 74406,
                                    "Actual Loops": 6,
                                    "Inner Unique": true,
                                    "Hash Cond": "(mi.movie_id = t.id)",
                                    "Workers": [
                                        {
                                            "Worker Number": 0,
                                            "Actual Startup Time": 160.611,
                                            "Actual Total Time": 251.865,
                                            "Actual Rows": 66490,
                                            "Actual Loops": 1
                                        },
                                        {
                                            "Worker Number": 1,
                                            "Actual Startup Time": 152.61,
                                            "Actual Total Time": 252.278,
                                            "Actual Rows": 65992,
                                            "Actual Loops": 1
                                        },
                                        {
                                            "Worker Number": 2,
                                            "Actual Startup Time": 161.078,
                                            "Actual Total Time": 252.478,
                                            "Actual Rows": 70275,
                                            "Actual Loops": 1
                                        },
                                        {
                                            "Worker Number": 3,
                                            "Actual Startup Time": 160.581,
                                            "Actual Total Time": 252.918,
                                            "Actual Rows": 65904,
                                            "Actual Loops": 1
                                        },
                                        {
                                            "Worker Number": 4,
                                            "Actual Startup Time": 159.454,
                                            "Actual Total Time": 252.831,
                                            "Actual Rows": 69213,
                                            "Actual Loops": 1
                                        }
                                    ],
                                    "Plans": [
                                        {
                                            "Node Type": "Bitmap Heap Scan",
                                            "Parent Relationship": "Outer",
                                            "Parallel Aware": true,
                                            "Relation Name": "movie_info",
                                            "Schema": "public",
                                            "Alias": "mi",
                                            "Startup Cost": 21701.74,
                                            "Total Cost": 186686.12,
                                            "Plan Rows": 239311,
                                            "Plan Width": 4,
                                            "Actual Startup Time": 49.585,
                                            "Actual Total Time": 115.233,
                                            "Actual Rows": 200785,
                                            "Actual Loops": 6,
                                            "Output": [
                                                "mi.id",
                                                "mi.movie_id",
                                                "mi.info_type_id",
                                                "mi.info",
                                                "mi.note"
                                            ],
                                            "Recheck Cond": "(mi.info_type_id > 18)",
                                            "Rows Removed by Index Recheck": 0,
                                            "Exact Heap Blocks": 8445,
                                            "Lossy Heap Blocks": 0,
                                            "Workers": [
                                                {
                                                    "Worker Number": 0,
                                                    "Actual Startup Time": 49.825,
                                                    "Actual Total Time": 116.044,
                                                    "Actual Rows": 177637,
                                                    "Actual Loops": 1
                                                },
                                                {
                                                    "Worker Number": 1,
                                                    "Actual Startup Time": 49.602,
                                                    "Actual Total Time": 116.008,
                                                    "Actual Rows": 176607,
                                                    "Actual Loops": 1
                                                },
                                                {
                                                    "Worker Number": 2,
                                                    "Actual Startup Time": 49.609,
                                                    "Actual Total Time": 117.2,
                                                    "Actual Rows": 186939,
                                                    "Actual Loops": 1
                                                },
                                                {
                                                    "Worker Number": 3,
                                                    "Actual Startup Time": 49.711,
                                                    "Actual Total Time": 115.976,
                                                    "Actual Rows": 177424,
                                                    "Actual Loops": 1
                                                },
                                                {
                                                    "Worker Number": 4,
                                                    "Actual Startup Time": 49.474,
                                                    "Actual Total Time": 116.84,
                                                    "Actual Rows": 183553,
                                                    "Actual Loops": 1
                                                }
                                            ],
                                            "Plans": [
                                                {
                                                    "Node Type": "Bitmap Index Scan",
                                                    "Parent Relationship": "Outer",
                                                    "Parallel Aware": false,
                                                    "Index Name": "info_type_id_movie_info",
                                                    "Startup Cost": 0.0,
                                                    "Total Cost": 21402.6,
                                                    "Plan Rows": 1196555,
                                                    "Plan Width": 0,
                                                    "Actual Startup Time": 43.936,
                                                    "Actual Total Time": 43.936,
                                                    "Actual Rows": 1204709,
                                                    "Actual Loops": 1,
                                                    "Index Cond": "(mi.info_type_id > 18)"
                                                }
                                            ]
                                        },
                                        {
                                            "Node Type": "Hash",
                                            "Parent Relationship": "Inner",
                                            "Parallel Aware": true,
                                            "Startup Cost": 45479.21,
                                            "Total Cost": 45479.21,
                                            "Plan Rows": 91582,
                                            "Plan Width": 4,
                                            "Actual Startup Time": 94.78,
                                            "Actual Total Time": 94.782,
                                            "Actual Rows": 45669,
                                            "Actual Loops": 6,
                                            "Output": [
                                                "t.id"
                                            ],
                                            "Hash Buckets": 524288,
                                            "Original Hash Buckets": 524288,
                                            "Hash Batches": 1,
                                            "Original Hash Batches": 1,
                                            "Peak Memory Usage": 14912,
                                            "Workers": [
                                                {
                                                    "Worker Number": 0,
                                                    "Actual Startup Time": 93.793,
                                                    "Actual Total Time": 93.804,
                                                    "Actual Rows": 42977,
                                                    "Actual Loops": 1
                                                },
                                                {
                                                    "Worker Number": 1,
                                                    "Actual Startup Time": 93.871,
                                                    "Actual Total Time": 93.872,
                                                    "Actual Rows": 42765,
                                                    "Actual Loops": 1
                                                },
                                                {
                                                    "Worker Number": 2,
                                                    "Actual Startup Time": 94.249,
                                                    "Actual Total Time": 94.25,
                                                    "Actual Rows": 43893,
                                                    "Actual Loops": 1
                                                },
                                                {
                                                    "Worker Number": 3,
                                                    "Actual Startup Time": 94.785,
                                                    "Actual Total Time": 94.786,
                                                    "Actual Rows": 42807,
                                                    "Actual Loops": 1
                                                },
                                                {
                                                    "Worker Number": 4,
                                                    "Actual Startup Time": 94.721,
                                                    "Actual Total Time": 94.722,
                                                    "Actual Rows": 43764,
                                                    "Actual Loops": 1
                                                }
                                            ],
                                            "Plans": [
                                                {
                                                    "Node Type": "Seq Scan",
                                                    "Parent Relationship": "Outer",
                                                    "Parallel Aware": true,
                                                    "Relation Name": "title",
                                                    "Schema": "public",
                                                    "Alias": "t",
                                                    "Startup Cost": 0.0,
                                                    "Total Cost": 45479.21,
                                                    "Plan Rows": 91582,
                                                    "Plan Width": 4,
                                                    "Actual Startup Time": 41.409,
                                                    "Actual Total Time": 77.883,
                                                    "Actual Rows": 45669,
                                                    "Actual Loops": 6,
                                                    "Output": [
                                                        "t.id"
                                                    ],
                                                    "Filter": "((t.production_year > 2000) AND (t.kind_id = 1))",
                                                    "Rows Removed by Filter": 375716,
                                                    "Workers": [
                                                        {
                                                            "Worker Number": 0,
                                                            "Actual Startup Time": 4.196,
                                                            "Actual Total Time": 77.145,
                                                            "Actual Rows": 42977,
                                                            "Actual Loops": 1
                                                        },
                                                        {
                                                            "Worker Number": 1,
                                                            "Actual Startup Time": 47.743,
                                                            "Actual Total Time": 77.695,
                                                            "Actual Rows": 42765,
                                                            "Actual Loops": 1
                                                        },
                                                        {
                                                            "Worker Number": 2,
                                                            "Actual Startup Time": 48.127,
                                                            "Actual Total Time": 77.651,
                                                            "Actual Rows": 43893,
                                                            "Actual Loops": 1
                                                        },
                                                        {
                                                            "Worker Number": 3,
                                                            "Actual Startup Time": 48.543,
                                                            "Actual Total Time": 78.312,
                                                            "Actual Rows": 42807,
                                                            "Actual Loops": 1
                                                        },
                                                        {
                                                            "Worker Number": 4,
                                                            "Actual Startup Time": 48.571,
                                                            "Actual Total Time": 78.326,
                                                            "Actual Rows": 43764,
                                                            "Actual Loops": 1
                                                        }
                                                    ]
                                                }
                                            ]
                                        }
                                    ]
                                }
                            ]
                        }
                    ]
                }
            ]
        },
        "Planning Time": 223.317,
        "Triggers": [],
        "Execution Time": 280.163
    }
]