{
  "Plan": {
    "Node Type": "Aggregate",
    "Strategy": "Plain",
    "Partial Mode": "Finalize",
    "Parallel Aware": false,
    "Startup Cost": 116584.64,
    "Total Cost": 116584.65,
    "Plan Rows": 1,
    "Plan Width": 8,
    "Actual Startup Time": 783.451,
    "Actual Total Time": 809.56,
    "Actual Rows": 1,
    "Actual Loops": 1,
    "Plans": [
      {
        "Node Type": "Gather",
        "Parent Relationship": "Outer",
        "Parallel Aware": false,
        "Startup Cost": 116584.53,
        "Total Cost": 116584.64,
        "Plan Rows": 1,
        "Plan Width": 8,
        "Actual Startup Time": 778.15,
        "Actual Total Time": 809.55,
        "Actual Rows": 2,
        "Actual Loops": 1,
        "Workers Planned": 1,
        "Workers Launched": 1,
        "Single Copy": false,
        "Plans": [
          {
            "Node Type": "Aggregate",
            "Strategy": "Plain",
            "Partial Mode": "Partial",
            "Parent Relationship": "Outer",
            "Parallel Aware": false,
            "Startup Cost": 115584.53,
            "Total Cost": 115584.54,
            "Plan Rows": 1,
            "Plan Width": 8,
            "Actual Startup Time": 764.809,
            "Actual Total Time": 764.816,
            "Actual Rows": 1,
            "Actual Loops": 2,
            "Plans": [
              {
                "Node Type": "Hash Join",
                "Parent Relationship": "Outer",
                "Parallel Aware": true,
                "Join Type": "Inner",
                "Startup Cost": 96425.19,
                "Total Cost": 115566.59,
                "Plan Rows": 7177,
                "Plan Width": 0,
                "Actual Startup Time": 718.367,
                "Actual Total Time": 763.369,
                "Actual Rows": 28044,
                "Actual Loops": 2,
                "Inner Unique": false,
                "Hash Cond": "(mi_idx.movie_id = t.id)",
                "Plans": [
                  {
                    "Node Type": "Seq Scan",
                    "Parent Relationship": "Outer",
                    "Parallel Aware": true,
                    "Relation Name": "movie_info_idx",
                    "Alias": "mi_idx",
                    "Startup Cost": 0.0,
                    "Total Cost": 18082.32,
                    "Plan Rows": 271164,
                    "Plan Width": 4,
                    "Actual Startup Time": 0.029,
                    "Actual Total Time": 59.667,
                    "Actual Rows": 230092,
                    "Actual Loops": 2,
                    "Filter": "(info_type_id > 100)",
                    "Rows Removed by Filter": 459925
                  },
                  {
                    "Node Type": "Hash",
                    "Parent Relationship": "Inner",
                    "Parallel Aware": true,
                    "Startup Cost": 95933.14,
                    "Total Cost": 95933.14,
                    "Plan Rows": 39364,
                    "Plan Width": 8,
                    "Actual Startup Time": 671.605,
                    "Actual Total Time": 671.61,
                    "Actual Rows": 32994,
                    "Actual Loops": 2,
                    "Hash Buckets": 131072,
                    "Original Hash Buckets": 131072,
                    "Hash Batches": 1,
                    "Original Hash Batches": 1,
                    "Peak Memory Usage": 3616,
                    "Plans": [
                      {
                        "Node Type": "Hash Join",
                        "Parent Relationship": "Outer",
                        "Parallel Aware": true,
                        "Join Type": "Inner",
                        "Startup Cost": 70883.75,
                        "Total Cost": 95933.14,
                        "Plan Rows": 39364,
                        "Plan Width": 8,
                        "Actual Startup Time": 622.623,
                        "Actual Total Time": 663.537,
                        "Actual Rows": 32994,
                        "Actual Loops": 2,
                        "Inner Unique": true,
                        "Hash Cond": "(mk.movie_id = t.id)",
                        "Plans": [
                          {
                            "Node Type": "Bitmap Heap Scan",
                            "Parent Relationship": "Outer",
                            "Parallel Aware": true,
                            "Relation Name": "movie_keyword",
                            "Alias": "mk",
                            "Startup Cost": 1423.05,
                            "Total Cost": 26369.11,
                            "Plan Rows": 39364,
                            "Plan Width": 4,
                            "Actual Startup Time": 10.514,
                            "Actual Total Time": 37.263,
                            "Actual Rows": 32994,
                            "Actual Loops": 2,
                            "Recheck Cond": "(keyword_id > 92692)",
                            "Rows Removed by Index Recheck": 0,
                            "Exact Heap Blocks": 7410,
                            "Lossy Heap Blocks": 0,
                            "Plans": [
                              {
                                "Node Type": "Bitmap Index Scan",
                                "Parent Relationship": "Outer",
                                "Parallel Aware": false,
                                "Index Name": "keyword_id_movie_keyword",
                                "Startup Cost": 0.0,
                                "Total Cost": 1406.32,
                                "Plan Rows": 66919,
                                "Plan Width": 0,
                                "Actual Startup Time": 7.106,
                                "Actual Total Time": 7.106,
                                "Actual Rows": 65987,
                                "Actual Loops": 1,
                                "Index Cond": "(keyword_id > 92692)"
                              }
                            ]
                          },
                          {
                            "Node Type": "Hash",
                            "Parent Relationship": "Inner",
                            "Parallel Aware": true,
                            "Startup Cost": 50870.31,
                            "Total Cost": 50870.31,
                            "Plan Rows": 1487231,
                            "Plan Width": 4,
                            "Actual Startup Time": 591.198,
                            "Actual Total Time": 591.199,
                            "Actual Rows": 1264156,
                            "Actual Loops": 2,
                            "Hash Buckets": 4194304,
                            "Original Hash Buckets": 4194304,
                            "Hash Batches": 1,
                            "Original Hash Batches": 1,
                            "Peak Memory Usage": 131712,
                            "Plans": [
                              {
                                "Node Type": "Seq Scan",
                                "Parent Relationship": "Outer",
                                "Parallel Aware": true,
                                "Relation Name": "title",
                                "Alias": "t",
                                "Startup Cost": 0.0,
                                "Total Cost": 50870.31,
                                "Plan Rows": 1487231,
                                "Plan Width": 4,
                                "Actual Startup Time": 0.026,
                                "Actual Total Time": 183.18,
                                "Actual Rows": 1264156,
                                "Actual Loops": 2
                              }
                            ]
                          }
                        ]
                      }
                    ]
                  }
                ]
              }
            ]
          }
        ]
      }
    ]
  },
  "Planning Time": 1.011,
  "Triggers": [],
  "Execution Time": 809.668
}