[
    {
        "Bao": {
            "Bao prediction": 509.948,
            "Bao recommended hint": "(no hint)"
        }
    },
    {
        "Plan": {
            "Node Type": "Aggregate",
            "Strategy": "Plain",
            "Partial Mode": "Finalize",
            "Parallel Aware": false,
            "Startup Cost": 87775.18,
            "Total Cost": 87775.19,
            "Plan Rows": 1,
            "Plan Width": 8,
            "Actual Startup Time": 268.423,
            "Actual Total Time": 278.66,
            "Actual Rows": 1,
            "Actual Loops": 1,
            "Output": [
                "count(*)"
            ],
            "Plans": [
                {
                    "Node Type": "Gather",
                    "Parent Relationship": "Outer",
                    "Parallel Aware": false,
                    "Startup Cost": 87774.86,
                    "Total Cost": 87775.17,
                    "Plan Rows": 3,
                    "Plan Width": 8,
                    "Actual Startup Time": 267.965,
                    "Actual Total Time": 278.65,
                    "Actual Rows": 4,
                    "Actual Loops": 1,
                    "Output": [
                        "(PARTIAL count(*))"
                    ],
                    "Workers Planned": 3,
                    "Workers Launched": 3,
                    "Single Copy": false,
                    "Plans": [
                        {
                            "Node Type": "Aggregate",
                            "Strategy": "Plain",
                            "Partial Mode": "Partial",
                            "Parent Relationship": "Outer",
                            "Parallel Aware": false,
                            "Startup Cost": 86774.86,
                            "Total Cost": 86774.87,
                            "Plan Rows": 1,
                            "Plan Width": 8,
                            "Actual Startup Time": 259.598,
                            "Actual Total Time": 259.601,
                            "Actual Rows": 1,
                            "Actual Loops": 4,
                            "Output": [
                                "PARTIAL count(*)"
                            ],
                            "Workers": [
                                {
                                    "Worker Number": 0,
                                    "Actual Startup Time": 256.81,
                                    "Actual Total Time": 256.813,
                                    "Actual Rows": 1,
                                    "Actual Loops": 1
                                },
                                {
                                    "Worker Number": 1,
                                    "Actual Startup Time": 257.066,
                                    "Actual Total Time": 257.069,
                                    "Actual Rows": 1,
                                    "Actual Loops": 1
                                },
                                {
                                    "Worker Number": 2,
                                    "Actual Startup Time": 257.26,
                                    "Actual Total Time": 257.264,
                                    "Actual Rows": 1,
                                    "Actual Loops": 1
                                }
                            ],
                            "Plans": [
                                {
                                    "Node Type": "Hash Join",
                                    "Parent Relationship": "Outer",
                                    "Parallel Aware": true,
                                    "Join Type": "Inner",
                                    "Startup Cost": 59189.09,
                                    "Total Cost": 86766.49,
                                    "Plan Rows": 3349,
                                    "Plan Width": 0,
                                    "Actual Startup Time": 164.735,
                                    "Actual Total Time": 259.529,
                                    "Actual Rows": 406,
                                    "Actual Loops": 4,
                                    "Inner Unique": true,
                                    "Hash Cond": "(mk.movie_id = t.id)",
                                    "Workers": [
                                        {
                                            "Worker Number": 0,
                                            "Actual Startup Time": 162.498,
                                            "Actual Total Time": 256.734,
                                            "Actual Rows": 303,
                                            "Actual Loops": 1
                                        },
                                        {
                                            "Worker Number": 1,
                                            "Actual Startup Time": 163.331,
                                            "Actual Total Time": 256.996,
                                            "Actual Rows": 292,
                                            "Actual Loops": 1
                                        },
                                        {
                                            "Worker Number": 2,
                                            "Actual Startup Time": 162.196,
                                            "Actual Total Time": 257.197,
                                            "Actual Rows": 272,
                                            "Actual Loops": 1
                                        }
                                    ],
                                    "Plans": [
                                        {
                                            "Node Type": "Bitmap Heap Scan",
                                            "Parent Relationship": "Outer",
                                            "Parallel Aware": true,
                                            "Relation Name": "movie_keyword",
                                            "Schema": "public",
                                            "Alias": "mk",
                                            "Startup Cost": 13581.74,
                                            "Total Cost": 40617.07,
                                            "Plan Rows": 206506,
                                            "Plan Width": 4,
                                            "Actual Startup Time": 55.961,
                                            "Actual Total Time": 126.358,
                                            "Actual Rows": 156758,
                                            "Actual Loops": 4,
                                            "Output": [
                                                "mk.id",
                                                "mk.movie_id",
                                                "mk.keyword_id"
                                            ],
                                            "Recheck Cond": "(mk.keyword_id > 29279)",
                                            "Rows Removed by Index Recheck": 0,
                                            "Exact Heap Blocks": 8016,
                                            "Lossy Heap Blocks": 0,
                                            "Workers": [
                                                {
                                                    "Worker Number": 0,
                                                    "Actual Startup Time": 56.012,
                                                    "Actual Total Time": 127.797,
                                                    "Actual Rows": 137944,
                                                    "Actual Loops": 1
                                                },
                                                {
                                                    "Worker Number": 1,
                                                    "Actual Startup Time": 56.042,
                                                    "Actual Total Time": 127.792,
                                                    "Actual Rows": 136800,
                                                    "Actual Loops": 1
                                                },
                                                {
                                                    "Worker Number": 2,
                                                    "Actual Startup Time": 56.067,
                                                    "Actual Total Time": 127.618,
                                                    "Actual Rows": 139359,
                                                    "Actual Loops": 1
                                                }
                                            ],
                                            "Plans": [
                                                {
                                                    "Node Type": "Bitmap Index Scan",
                                                    "Parent Relationship": "Outer",
                                                    "Parallel Aware": false,
                                                    "Index Name": "keyword_id_movie_keyword",
                                                    "Startup Cost": 0.0,
                                                    "Total Cost": 13421.7,
                                                    "Plan Rows": 640169,
                                                    "Plan Width": 0,
                                                    "Actual Startup Time": 50.344,
                                                    "Actual Total Time": 50.344,
                                                    "Actual Rows": 627032,
                                                    "Actual Loops": 1,
                                                    "Index Cond": "(mk.keyword_id > 29279)"
                                                }
                                            ]
                                        },
                                        {
                                            "Node Type": "Hash",
                                            "Parent Relationship": "Inner",
                                            "Parallel Aware": true,
                                            "Startup Cost": 45479.21,
                                            "Total Cost": 45479.21,
                                            "Plan Rows": 10251,
                                            "Plan Width": 4,
                                            "Actual Startup Time": 106.272,
                                            "Actual Total Time": 106.273,
                                            "Actual Rows": 10102,
                                            "Actual Loops": 4,
                                            "Output": [
                                                "t.id"
                                            ],
                                            "Hash Buckets": 65536,
                                            "Original Hash Buckets": 65536,
                                            "Hash Batches": 1,
                                            "Original Hash Batches": 1,
                                            "Peak Memory Usage": 2144,
                                            "Workers": [
                                                {
                                                    "Worker Number": 0,
                                                    "Actual Startup Time": 104.347,
                                                    "Actual Total Time": 104.348,
                                                    "Actual Rows": 8901,
                                                    "Actual Loops": 1
                                                },
                                                {
                                                    "Worker Number": 1,
                                                    "Actual Startup Time": 104.393,
                                                    "Actual Total Time": 104.393,
                                                    "Actual Rows": 8755,
                                                    "Actual Loops": 1
                                                },
                                                {
                                                    "Worker Number": 2,
                                                    "Actual Startup Time": 104.787,
                                                    "Actual Total Time": 104.788,
                                                    "Actual Rows": 9092,
                                                    "Actual Loops": 1
                                                }
                                            ],
                                            "Plans": [
                                                {
                                                    "Node Type": "Seq Scan",
                                                    "Parent Relationship": "Outer",
                                                    "Parallel Aware": true,
                                                    "Relation Name": "title",
                                                    "Schema": "public",
                                                    "Alias": "t",
                                                    "Startup Cost": 0.0,
                                                    "Total Cost": 45479.21,
                                                    "Plan Rows": 10251,
                                                    "Plan Width": 4,
                                                    "Actual Startup Time": 0.05,
                                                    "Actual Total Time": 101.546,
                                                    "Actual Rows": 10102,
                                                    "Actual Loops": 4,
                                                    "Output": [
                                                        "t.id"
                                                    ],
                                                    "Filter": "((t.kind_id > 4) AND (t.production_year > 2012))",
                                                    "Rows Removed by Filter": 621976,
                                                    "Workers": [
                                                        {
                                                            "Worker Number": 0,
                                                            "Actual Startup Time": 0.046,
                                                            "Actual Total Time": 99.396,
                                                            "Actual Rows": 8901,
                                                            "Actual Loops": 1
                                                        },
                                                        {
                                                            "Worker Number": 1,
                                                            "Actual Startup Time": 0.048,
                                                            "Actual Total Time": 99.51,
                                                            "Actual Rows": 8755,
                                                            "Actual Loops": 1
                                                        },
                                                        {
                                                            "Worker Number": 2,
                                                            "Actual Startup Time": 0.036,
                                                            "Actual Total Time": 100.186,
                                                            "Actual Rows": 9092,
                                                            "Actual Loops": 1
                                                        }
                                                    ]
                                                }
                                            ]
                                        }
                                    ]
                                }
                            ]
                        }
                    ]
                }
            ]
        },
        "Planning Time": 1536.928,
        "Triggers": [],
        "Execution Time": 278.8
    }
]