[
  {
    "Plan": {
      "Node Type": "Aggregate",
      "Strategy": "Plain",
      "Partial Mode": "Finalize",
      "Parallel Aware": false,
      "Startup Cost": 236452.55,
      "Total Cost": 236452.56,
      "Plan Rows": 1,
      "Plan Width": 8,
      "Actual Startup Time": 566.895,
      "Actual Total Time": 591.709,
      "Actual Rows": 1,
      "Actual Loops": 1,
      "Plans": [
        {
          "Node Type": "Gather",
          "Parent Relationship": "Outer",
          "Parallel Aware": false,
          "Startup Cost": 236452.03,
          "Total Cost": 236452.54,
          "Plan Rows": 5,
          "Plan Width": 8,
          "Actual Startup Time": 536.18,
          "Actual Total Time": 591.693,
          "Actual Rows": 6,
          "Actual Loops": 1,
          "Workers Planned": 5,
          "Workers Launched": 5,
          "Single Copy": false,
          "Plans": [
            {
              "Node Type": "Aggregate",
              "Strategy": "Plain",
              "Partial Mode": "Partial",
              "Parent Relationship": "Outer",
              "Parallel Aware": false,
              "Startup Cost": 235452.03,
              "Total Cost": 235452.04,
              "Plan Rows": 1,
              "Plan Width": 8,
              "Actual Startup Time": 514.39,
              "Actual Total Time": 514.394,
              "Actual Rows": 1,
              "Actual Loops": 6,
              "Plans": [
                {
                  "Node Type": "Hash Join",
                  "Parent Relationship": "Outer",
                  "Parallel Aware": true,
                  "Join Type": "Inner",
                  "Startup Cost": 69673.93,
                  "Total Cost": 234915.13,
                  "Plan Rows": 214757,
                  "Plan Width": 0,
                  "Actual Startup Time": 342.313,
                  "Actual Total Time": 502.592,
                  "Actual Rows": 169932,
                  "Actual Loops": 6,
                  "Inner Unique": true,
                  "Hash Cond": "(mi.movie_id = t.id)",
                  "Plans": [
                    {
                      "Node Type": "Bitmap Heap Scan",
                      "Parent Relationship": "Outer",
                      "Parallel Aware": true,
                      "Relation Name": "movie_info",
                      "Alias": "mi",
                      "Startup Cost": 19454.28,
                      "Total Cost": 184131.75,
                      "Plan Rows": 214757,
                      "Plan Width": 4,
                      "Actual Startup Time": 48.153,
                      "Actual Total Time": 123.776,
                      "Actual Rows": 169932,
                      "Actual Loops": 6,
                      "Recheck Cond": "(info_type_id > 85)",
                      "Rows Removed by Index Recheck": 0,
                      "Exact Heap Blocks": 7366,
                      "Lossy Heap Blocks": 0,
                      "Plans": [
                        {
                          "Node Type": "Bitmap Index Scan",
                          "Parent Relationship": "Outer",
                          "Parallel Aware": false,
                          "Index Name": "info_type_id_movie_info",
                          "Startup Cost": 0.0,
                          "Total Cost": 19185.84,
                          "Plan Rows": 1073787,
                          "Plan Width": 0,
                          "Actual Startup Time": 42.499,
                          "Actual Total Time": 42.499,
                          "Actual Rows": 1019595,
                          "Actual Loops": 1,
                          "Index Cond": "(info_type_id > 85)"
                        }
                      ]
                    },
                    {
                      "Node Type": "Hash",
                      "Parent Relationship": "Inner",
                      "Parallel Aware": true,
                      "Startup Cost": 42318.73,
                      "Total Cost": 42318.73,
                      "Plan Rows": 632073,
                      "Plan Width": 4,
                      "Actual Startup Time": 285.905,
                      "Actual Total Time": 285.906,
                      "Actual Rows": 421385,
                      "Actual Loops": 6,
                      "Hash Buckets": 4194304,
                      "Original Hash Buckets": 4194304,
                      "Hash Batches": 1,
                      "Original Hash Batches": 1,
                      "Peak Memory Usage": 131744,
                      "Plans": [
                        {
                          "Node Type": "Seq Scan",
                          "Parent Relationship": "Outer",
                          "Parallel Aware": true,
                          "Relation Name": "title",
                          "Alias": "t",
                          "Startup Cost": 0.0,
                          "Total Cost": 42318.73,
                          "Plan Rows": 632073,
                          "Plan Width": 4,
                          "Actual Startup Time": 0.047,
                          "Actual Total Time": 90.072,
                          "Actual Rows": 421385,
                          "Actual Loops": 6
                        }
                      ]
                    }
                  ]
                }
              ]
            }
          ]
        }
      ]
    },
    "Planning Time": 0.601,
    "Triggers": [],
    "Execution Time": 591.804
  }
]