{
  "Plan": {
    "Node Type": "Aggregate",
    "Strategy": "Plain",
    "Partial Mode": "Simple",
    "Parallel Aware": false,
    "Startup Cost": 3156.87,
    "Total Cost": 3156.88,
    "Plan Rows": 1,
    "Plan Width": 8,
    "Actual Startup Time": 21.353,
    "Actual Total Time": 21.356,
    "Actual Rows": 1,
    "Actual Loops": 1,
    "Plans": [
      {
        "Node Type": "Nested Loop",
        "Parent Relationship": "Outer",
        "Parallel Aware": false,
        "Join Type": "Inner",
        "Startup Cost": 7.21,
        "Total Cost": 3156.57,
        "Plan Rows": 118,
        "Plan Width": 0,
        "Actual Startup Time": 0.699,
        "Actual Total Time": 21.09,
        "Actual Rows": 1167,
        "Actual Loops": 1,
        "Inner Unique": false,
        "Plans": [
          {
            "Node Type": "Nested Loop",
            "Parent Relationship": "Outer",
            "Parallel Aware": false,
            "Join Type": "Inner",
            "Startup Cost": 6.78,
            "Total Cost": 3005.96,
            "Plan Rows": 248,
            "Plan Width": 8,
            "Actual Startup Time": 0.63,
            "Actual Total Time": 8.475,
            "Actual Rows": 650,
            "Actual Loops": 1,
            "Inner Unique": true,
            "Plans": [
              {
                "Node Type": "Bitmap Heap Scan",
                "Parent Relationship": "Outer",
                "Parallel Aware": false,
                "Relation Name": "movie_keyword",
                "Alias": "mk",
                "Startup Cost": 6.35,
                "Total Cost": 922.98,
                "Plan Rows": 248,
                "Plan Width": 4,
                "Actual Startup Time": 0.591,
                "Actual Total Time": 2.343,
                "Actual Rows": 650,
                "Actual Loops": 1,
                "Recheck Cond": "(keyword_id = 1756)",
                "Rows Removed by Index Recheck": 0,
                "Exact Heap Blocks": 597,
                "Lossy Heap Blocks": 0,
                "Plans": [
                  {
                    "Node Type": "Bitmap Index Scan",
                    "Parent Relationship": "Outer",
                    "Parallel Aware": false,
                    "Index Name": "keyword_id_movie_keyword",
                    "Startup Cost": 0.0,
                    "Total Cost": 6.29,
                    "Plan Rows": 248,
                    "Plan Width": 0,
                    "Actual Startup Time": 0.379,
                    "Actual Total Time": 0.38,
                    "Actual Rows": 650,
                    "Actual Loops": 1,
                    "Index Cond": "(keyword_id = 1756)"
                  }
                ]
              },
              {
                "Node Type": "Index Only Scan",
                "Parent Relationship": "Inner",
                "Parallel Aware": false,
                "Scan Direction": "Forward",
                "Index Name": "title_pkey",
                "Relation Name": "title",
                "Alias": "t",
                "Startup Cost": 0.43,
                "Total Cost": 8.4,
                "Plan Rows": 1,
                "Plan Width": 4,
                "Actual Startup Time": 0.008,
                "Actual Total Time": 0.008,
                "Actual Rows": 1,
                "Actual Loops": 650,
                "Index Cond": "(id = mk.movie_id)",
                "Rows Removed by Index Recheck": 0,
                "Heap Fetches": 650
              }
            ]
          },
          {
            "Node Type": "Index Scan",
            "Parent Relationship": "Inner",
            "Parallel Aware": false,
            "Scan Direction": "Forward",
            "Index Name": "movie_id_movie_companies",
            "Relation Name": "movie_companies",
            "Alias": "mc",
            "Startup Cost": 0.43,
            "Total Cost": 0.59,
            "Plan Rows": 2,
            "Plan Width": 4,
            "Actual Startup Time": 0.017,
            "Actual Total Time": 0.018,
            "Actual Rows": 2,
            "Actual Loops": 650,
            "Index Cond": "(movie_id = t.id)",
            "Rows Removed by Index Recheck": 0,
            "Filter": "((company_id < 103459) AND (company_type_id = 2))",
            "Rows Removed by Filter": 13
          }
        ]
      }
    ]
  },
  "Planning Time": 0.978,
  "Triggers": [],
  "Execution Time": 21.442
}