[
  {
    "Plan": {
      "Node Type": "Aggregate",
      "Strategy": "Plain",
      "Partial Mode": "Finalize",
      "Parallel Aware": false,
      "Startup Cost": 376187.24,
      "Total Cost": 376187.25,
      "Plan Rows": 1,
      "Plan Width": 8,
      "Actual Startup Time": 1063.456,
      "Actual Total Time": 1126.254,
      "Actual Rows": 1,
      "Actual Loops": 1,
      "Plans": [
        {
          "Node Type": "Gather",
          "Parent Relationship": "Outer",
          "Parallel Aware": false,
          "Startup Cost": 376186.62,
          "Total Cost": 376187.23,
          "Plan Rows": 6,
          "Plan Width": 8,
          "Actual Startup Time": 1063.042,
          "Actual Total Time": 1126.242,
          "Actual Rows": 7,
          "Actual Loops": 1,
          "Workers Planned": 6,
          "Workers Launched": 6,
          "Single Copy": false,
          "Plans": [
            {
              "Node Type": "Aggregate",
              "Strategy": "Plain",
              "Partial Mode": "Partial",
              "Parent Relationship": "Outer",
              "Parallel Aware": false,
              "Startup Cost": 375186.62,
              "Total Cost": 375186.63,
              "Plan Rows": 1,
              "Plan Width": 8,
              "Actual Startup Time": 1054.245,
              "Actual Total Time": 1054.248,
              "Actual Rows": 1,
              "Actual Loops": 7,
              "Plans": [
                {
                  "Node Type": "Hash Join",
                  "Parent Relationship": "Outer",
                  "Parallel Aware": true,
                  "Join Type": "Inner",
                  "Startup Cost": 45750.77,
                  "Total Cost": 374667.57,
                  "Plan Rows": 207618,
                  "Plan Width": 0,
                  "Actual Startup Time": 154.298,
                  "Actual Total Time": 1054.224,
                  "Actual Rows": 12,
                  "Actual Loops": 7,
                  "Inner Unique": true,
                  "Hash Cond": "(ci.movie_id = t.id)",
                  "Plans": [
                    {
                      "Node Type": "Seq Scan",
                      "Parent Relationship": "Outer",
                      "Parallel Aware": true,
                      "Relation Name": "cast_info",
                      "Alias": "ci",
                      "Startup Cost": 0.0,
                      "Total Cost": 313067.02,
                      "Plan Rows": 6038002,
                      "Plan Width": 4,
                      "Actual Startup Time": 0.025,
                      "Actual Total Time": 536.342,
                      "Actual Rows": 5177763,
                      "Actual Loops": 7
                    },
                    {
                      "Node Type": "Hash",
                      "Parent Relationship": "Inner",
                      "Parallel Aware": true,
                      "Startup Cost": 45479.1,
                      "Total Cost": 45479.1,
                      "Plan Rows": 21734,
                      "Plan Width": 4,
                      "Actual Startup Time": 66.188,
                      "Actual Total Time": 66.189,
                      "Actual Rows": 5,
                      "Actual Loops": 7,
                      "Hash Buckets": 131072,
                      "Original Hash Buckets": 131072,
                      "Hash Batches": 1,
                      "Original Hash Batches": 1,
                      "Peak Memory Usage": 1248,
                      "Plans": [
                        {
                          "Node Type": "Seq Scan",
                          "Parent Relationship": "Outer",
                          "Parallel Aware": true,
                          "Relation Name": "title",
                          "Alias": "t",
                          "Startup Cost": 0.0,
                          "Total Cost": 45479.1,
                          "Plan Rows": 21734,
                          "Plan Width": 4,
                          "Actual Startup Time": 23.009,
                          "Actual Total Time": 66.052,
                          "Actual Rows": 5,
                          "Actual Loops": 7,
                          "Filter": "((production_year < 1942) AND (kind_id = 7))",
                          "Rows Removed by Filter": 361182
                        }
                      ]
                    }
                  ]
                }
              ]
            }
          ]
        }
      ]
    },
    "Planning Time": 0.384,
    "Triggers": [],
    "Execution Time": 1126.32
  }
]