[
  {
    "Plan": {
      "Node Type": "Aggregate",
      "Strategy": "Plain",
      "Partial Mode": "Finalize",
      "Parallel Aware": false,
      "Startup Cost": 46522.01,
      "Total Cost": 46522.02,
      "Plan Rows": 1,
      "Plan Width": 8,
      "Actual Startup Time": 103.217,
      "Actual Total Time": 115.667,
      "Actual Rows": 1,
      "Actual Loops": 1,
      "Plans": [
        {
          "Node Type": "Gather",
          "Parent Relationship": "Outer",
          "Parallel Aware": false,
          "Startup Cost": 46521.59,
          "Total Cost": 46522.0,
          "Plan Rows": 4,
          "Plan Width": 8,
          "Actual Startup Time": 103.051,
          "Actual Total Time": 115.658,
          "Actual Rows": 5,
          "Actual Loops": 1,
          "Workers Planned": 4,
          "Workers Launched": 4,
          "Single Copy": false,
          "Plans": [
            {
              "Node Type": "Aggregate",
              "Strategy": "Plain",
              "Partial Mode": "Partial",
              "Parent Relationship": "Outer",
              "Parallel Aware": false,
              "Startup Cost": 45521.59,
              "Total Cost": 45521.6,
              "Plan Rows": 1,
              "Plan Width": 8,
              "Actual Startup Time": 93.856,
              "Actual Total Time": 93.857,
              "Actual Rows": 1,
              "Actual Loops": 5,
              "Plans": [
                {
                  "Node Type": "Seq Scan",
                  "Parent Relationship": "Outer",
                  "Parallel Aware": true,
                  "Relation Name": "title",
                  "Alias": "t",
                  "Startup Cost": 0.0,
                  "Total Cost": 45479.1,
                  "Plan Rows": 16995,
                  "Plan Width": 0,
                  "Actual Startup Time": 0.045,
                  "Actual Total Time": 92.388,
                  "Actual Rows": 14905,
                  "Actual Loops": 5,
                  "Filter": "((kind_id = 7) AND (production_year = 2006))",
                  "Rows Removed by Filter": 490758
                }
              ]
            }
          ]
        }
      ]
    },
    "Planning Time": 0.208,
    "Triggers": [],
    "Execution Time": 115.723
  }
]