[
  {
    "Plan": {
      "Node Type": "Aggregate",
      "Strategy": "Plain",
      "Partial Mode": "Finalize",
      "Parallel Aware": false,
      "Startup Cost": 251879.17,
      "Total Cost": 251879.18,
      "Plan Rows": 1,
      "Plan Width": 8,
      "Actual Startup Time": 688.101,
      "Actual Total Time": 730.746,
      "Actual Rows": 1,
      "Actual Loops": 1,
      "Plans": [
        {
          "Node Type": "Gather",
          "Parent Relationship": "Outer",
          "Parallel Aware": false,
          "Startup Cost": 251878.64,
          "Total Cost": 251879.15,
          "Plan Rows": 5,
          "Plan Width": 8,
          "Actual Startup Time": 684.599,
          "Actual Total Time": 730.736,
          "Actual Rows": 6,
          "Actual Loops": 1,
          "Workers Planned": 5,
          "Workers Launched": 5,
          "Single Copy": false,
          "Plans": [
            {
              "Node Type": "Aggregate",
              "Strategy": "Plain",
              "Partial Mode": "Partial",
              "Parent Relationship": "Outer",
              "Parallel Aware": false,
              "Startup Cost": 250878.64,
              "Total Cost": 250878.65,
              "Plan Rows": 1,
              "Plan Width": 8,
              "Actual Startup Time": 674.726,
              "Actual Total Time": 674.729,
              "Actual Rows": 1,
              "Actual Loops": 6,
              "Plans": [
                {
                  "Node Type": "Hash Join",
                  "Parent Relationship": "Outer",
                  "Parallel Aware": true,
                  "Join Type": "Inner",
                  "Startup Cost": 46771.62,
                  "Total Cost": 250183.77,
                  "Plan Rows": 277950,
                  "Plan Width": 0,
                  "Actual Startup Time": 118.92,
                  "Actual Total Time": 658.979,
                  "Actual Rows": 372516,
                  "Actual Loops": 6,
                  "Inner Unique": true,
                  "Hash Cond": "(mi.movie_id = t.id)",
                  "Plans": [
                    {
                      "Node Type": "Seq Scan",
                      "Parent Relationship": "Outer",
                      "Parallel Aware": true,
                      "Relation Name": "movie_info",
                      "Alias": "mi",
                      "Startup Cost": 0.0,
                      "Total Cost": 198952.16,
                      "Plan Rows": 1699037,
                      "Plan Width": 4,
                      "Actual Startup Time": 0.025,
                      "Actual Total Time": 328.554,
                      "Actual Rows": 1435371,
                      "Actual Loops": 6,
                      "Filter": "(info_type_id < 9)",
                      "Rows Removed by Filter": 1037249
                    },
                    {
                      "Node Type": "Hash",
                      "Parent Relationship": "Inner",
                      "Parallel Aware": true,
                      "Startup Cost": 45479.1,
                      "Total Cost": 45479.1,
                      "Plan Rows": 103402,
                      "Plan Width": 4,
                      "Actual Startup Time": 103.903,
                      "Actual Total Time": 103.904,
                      "Actual Rows": 50539,
                      "Actual Loops": 6,
                      "Hash Buckets": 524288,
                      "Original Hash Buckets": 524288,
                      "Hash Batches": 1,
                      "Original Hash Batches": 1,
                      "Peak Memory Usage": 16064,
                      "Plans": [
                        {
                          "Node Type": "Seq Scan",
                          "Parent Relationship": "Outer",
                          "Parallel Aware": true,
                          "Relation Name": "title",
                          "Alias": "t",
                          "Startup Cost": 0.0,
                          "Total Cost": 45479.1,
                          "Plan Rows": 103402,
                          "Plan Width": 4,
                          "Actual Startup Time": 45.037,
                          "Actual Total Time": 84.302,
                          "Actual Rows": 50539,
                          "Actual Loops": 6,
                          "Filter": "((production_year > 1996) AND (kind_id = 1))",
                          "Rows Removed by Filter": 370846
                        }
                      ]
                    }
                  ]
                }
              ]
            }
          ]
        }
      ]
    },
    "Planning Time": 0.593,
    "Triggers": [],
    "Execution Time": 730.823
  }
]