[
  {
    "Plan": {
      "Node Type": "Aggregate",
      "Strategy": "Plain",
      "Partial Mode": "Finalize",
      "Parallel Aware": false,
      "Startup Cost": 388212.67,
      "Total Cost": 388212.68,
      "Plan Rows": 1,
      "Plan Width": 8,
      "Actual Startup Time": 626.987,
      "Actual Total Time": 656.593,
      "Actual Rows": 1,
      "Actual Loops": 1,
      "Plans": [
        {
          "Node Type": "Gather",
          "Parent Relationship": "Outer",
          "Parallel Aware": false,
          "Startup Cost": 388212.04,
          "Total Cost": 388212.65,
          "Plan Rows": 6,
          "Plan Width": 8,
          "Actual Startup Time": 622.973,
          "Actual Total Time": 656.581,
          "Actual Rows": 7,
          "Actual Loops": 1,
          "Workers Planned": 6,
          "Workers Launched": 6,
          "Single Copy": false,
          "Plans": [
            {
              "Node Type": "Aggregate",
              "Strategy": "Plain",
              "Partial Mode": "Partial",
              "Parent Relationship": "Outer",
              "Parallel Aware": false,
              "Startup Cost": 387212.04,
              "Total Cost": 387212.05,
              "Plan Rows": 1,
              "Plan Width": 8,
              "Actual Startup Time": 611.763,
              "Actual Total Time": 611.766,
              "Actual Rows": 1,
              "Actual Loops": 7,
              "Plans": [
                {
                  "Node Type": "Hash Join",
                  "Parent Relationship": "Outer",
                  "Parallel Aware": true,
                  "Join Type": "Inner",
                  "Startup Cost": 47273.93,
                  "Total Cost": 386375.72,
                  "Plan Rows": 334528,
                  "Plan Width": 0,
                  "Actual Startup Time": 320.069,
                  "Actual Total Time": 605.681,
                  "Actual Rows": 132014,
                  "Actual Loops": 7,
                  "Inner Unique": true,
                  "Hash Cond": "(ci.movie_id = t.id)",
                  "Plans": [
                    {
                      "Node Type": "Index Scan",
                      "Parent Relationship": "Outer",
                      "Parallel Aware": true,
                      "Scan Direction": "Forward",
                      "Index Name": "role_id_cast_info",
                      "Relation Name": "cast_info",
                      "Alias": "ci",
                      "Startup Cost": 0.56,
                      "Total Cost": 335235.55,
                      "Plan Rows": 1473068,
                      "Plan Width": 4,
                      "Actual Startup Time": 201.578,
                      "Actual Total Time": 345.629,
                      "Actual Rows": 719281,
                      "Actual Loops": 7,
                      "Index Cond": "(role_id = 1)",
                      "Rows Removed by Index Recheck": 0,
                      "Filter": "(person_id > 1040484)",
                      "Rows Removed by Filter": 1090817
                    },
                    {
                      "Node Type": "Hash",
                      "Parent Relationship": "Inner",
                      "Parallel Aware": true,
                      "Startup Cost": 45479.1,
                      "Total Cost": 45479.1,
                      "Plan Rows": 143541,
                      "Plan Width": 4,
                      "Actual Startup Time": 115.228,
                      "Actual Total Time": 115.228,
                      "Actual Rows": 63770,
                      "Actual Loops": 7,
                      "Hash Buckets": 1048576,
                      "Original Hash Buckets": 1048576,
                      "Hash Batches": 1,
                      "Original Hash Batches": 1,
                      "Peak Memory Usage": 25760,
                      "Plans": [
                        {
                          "Node Type": "Seq Scan",
                          "Parent Relationship": "Outer",
                          "Parallel Aware": true,
                          "Relation Name": "title",
                          "Alias": "t",
                          "Startup Cost": 0.0,
                          "Total Cost": 45479.1,
                          "Plan Rows": 143541,
                          "Plan Width": 4,
                          "Actual Startup Time": 0.039,
                          "Actual Total Time": 79.045,
                          "Actual Rows": 63770,
                          "Actual Loops": 7,
                          "Filter": "((kind_id > 1) AND (production_year < 1994))",
                          "Rows Removed by Filter": 297418
                        }
                      ]
                    }
                  ]
                }
              ]
            }
          ]
        }
      ]
    },
    "Planning Time": 0.647,
    "Triggers": [],
    "Execution Time": 656.674
  }
]