[
  {
    "Plan": {
      "Node Type": "Aggregate",
      "Strategy": "Plain",
      "Partial Mode": "Finalize",
      "Parallel Aware": false,
      "Startup Cost": 47196.0,
      "Total Cost": 47196.01,
      "Plan Rows": 1,
      "Plan Width": 8,
      "Actual Startup Time": 178.158,
      "Actual Total Time": 187.726,
      "Actual Rows": 1,
      "Actual Loops": 1,
      "Plans": [
        {
          "Node Type": "Gather",
          "Parent Relationship": "Outer",
          "Parallel Aware": false,
          "Startup Cost": 47195.68,
          "Total Cost": 47195.99,
          "Plan Rows": 3,
          "Plan Width": 8,
          "Actual Startup Time": 178.029,
          "Actual Total Time": 187.717,
          "Actual Rows": 4,
          "Actual Loops": 1,
          "Workers Planned": 3,
          "Workers Launched": 3,
          "Single Copy": false,
          "Plans": [
            {
              "Node Type": "Aggregate",
              "Strategy": "Plain",
              "Partial Mode": "Partial",
              "Parent Relationship": "Outer",
              "Parallel Aware": false,
              "Startup Cost": 46195.68,
              "Total Cost": 46195.69,
              "Plan Rows": 1,
              "Plan Width": 8,
              "Actual Startup Time": 171.157,
              "Actual Total Time": 171.158,
              "Actual Rows": 1,
              "Actual Loops": 4,
              "Plans": [
                {
                  "Node Type": "Seq Scan",
                  "Parent Relationship": "Outer",
                  "Parallel Aware": true,
                  "Relation Name": "movie_keyword",
                  "Alias": "mk",
                  "Startup Cost": 0.0,
                  "Total Cost": 42695.65,
                  "Plan Rows": 1400012,
                  "Plan Width": 0,
                  "Actual Startup Time": 0.05,
                  "Actual Total Time": 123.623,
                  "Actual Rows": 1085850,
                  "Actual Loops": 4,
                  "Filter": "(keyword_id < 71641)",
                  "Rows Removed by Filter": 45132
                }
              ]
            }
          ]
        }
      ]
    },
    "Planning Time": 0.183,
    "Triggers": [],
    "Execution Time": 187.782
  }
]