[
  {
    "Plan": {
      "Node Type": "Aggregate",
      "Strategy": "Plain",
      "Partial Mode": "Finalize",
      "Parallel Aware": false,
      "Startup Cost": 88524.84,
      "Total Cost": 88524.85,
      "Plan Rows": 1,
      "Plan Width": 8,
      "Actual Startup Time": 303.55,
      "Actual Total Time": 320.836,
      "Actual Rows": 1,
      "Actual Loops": 1,
      "Plans": [
        {
          "Node Type": "Gather",
          "Parent Relationship": "Outer",
          "Parallel Aware": false,
          "Startup Cost": 88524.52,
          "Total Cost": 88524.83,
          "Plan Rows": 3,
          "Plan Width": 8,
          "Actual Startup Time": 302.841,
          "Actual Total Time": 320.826,
          "Actual Rows": 4,
          "Actual Loops": 1,
          "Workers Planned": 3,
          "Workers Launched": 3,
          "Single Copy": false,
          "Plans": [
            {
              "Node Type": "Aggregate",
              "Strategy": "Plain",
              "Partial Mode": "Partial",
              "Parent Relationship": "Outer",
              "Parallel Aware": false,
              "Startup Cost": 87524.52,
              "Total Cost": 87524.53,
              "Plan Rows": 1,
              "Plan Width": 8,
              "Actual Startup Time": 294.333,
              "Actual Total Time": 294.336,
              "Actual Rows": 1,
              "Actual Loops": 4,
              "Plans": [
                {
                  "Node Type": "Hash Join",
                  "Parent Relationship": "Outer",
                  "Parallel Aware": true,
                  "Join Type": "Inner",
                  "Startup Cost": 44410.3,
                  "Total Cost": 87288.38,
                  "Plan Rows": 94455,
                  "Plan Width": 0,
                  "Actual Startup Time": 107.504,
                  "Actual Total Time": 288.831,
                  "Actual Rows": 134559,
                  "Actual Loops": 4,
                  "Inner Unique": true,
                  "Hash Cond": "(mk.movie_id = t.id)",
                  "Plans": [
                    {
                      "Node Type": "Seq Scan",
                      "Parent Relationship": "Outer",
                      "Parallel Aware": true,
                      "Relation Name": "movie_keyword",
                      "Alias": "mk",
                      "Startup Cost": 0.0,
                      "Total Cost": 39047.32,
                      "Plan Rows": 1459332,
                      "Plan Width": 4,
                      "Actual Startup Time": 0.024,
                      "Actual Total Time": 87.538,
                      "Actual Rows": 1130982,
                      "Actual Loops": 4
                    },
                    {
                      "Node Type": "Hash",
                      "Parent Relationship": "Inner",
                      "Parallel Aware": true,
                      "Startup Cost": 43898.92,
                      "Total Cost": 43898.92,
                      "Plan Rows": 40911,
                      "Plan Width": 4,
                      "Actual Startup Time": 104.326,
                      "Actual Total Time": 104.327,
                      "Actual Rows": 42237,
                      "Actual Loops": 4,
                      "Hash Buckets": 262144,
                      "Original Hash Buckets": 262144,
                      "Hash Batches": 1,
                      "Original Hash Batches": 1,
                      "Peak Memory Usage": 8736,
                      "Plans": [
                        {
                          "Node Type": "Seq Scan",
                          "Parent Relationship": "Outer",
                          "Parallel Aware": true,
                          "Relation Name": "title",
                          "Alias": "t",
                          "Startup Cost": 0.0,
                          "Total Cost": 43898.92,
                          "Plan Rows": 40911,
                          "Plan Width": 4,
                          "Actual Startup Time": 0.308,
                          "Actual Total Time": 90.721,
                          "Actual Rows": 42237,
                          "Actual Loops": 4,
                          "Filter": "(production_year < 1951)",
                          "Rows Removed by Filter": 589841
                        }
                      ]
                    }
                  ]
                }
              ]
            }
          ]
        }
      ]
    },
    "Planning Time": 0.556,
    "Triggers": [],
    "Execution Time": 320.901
  }
]