[
  {
    "Plan": {
      "Node Type": "Aggregate",
      "Strategy": "Plain",
      "Partial Mode": "Finalize",
      "Parallel Aware": false,
      "Startup Cost": 46684.87,
      "Total Cost": 46684.88,
      "Plan Rows": 1,
      "Plan Width": 8,
      "Actual Startup Time": 169.631,
      "Actual Total Time": 179.107,
      "Actual Rows": 1,
      "Actual Loops": 1,
      "Plans": [
        {
          "Node Type": "Gather",
          "Parent Relationship": "Outer",
          "Parallel Aware": false,
          "Startup Cost": 46684.55,
          "Total Cost": 46684.86,
          "Plan Rows": 3,
          "Plan Width": 8,
          "Actual Startup Time": 169.496,
          "Actual Total Time": 179.097,
          "Actual Rows": 4,
          "Actual Loops": 1,
          "Workers Planned": 3,
          "Workers Launched": 3,
          "Single Copy": false,
          "Plans": [
            {
              "Node Type": "Aggregate",
              "Strategy": "Plain",
              "Partial Mode": "Partial",
              "Parent Relationship": "Outer",
              "Parallel Aware": false,
              "Startup Cost": 45684.55,
              "Total Cost": 45684.56,
              "Plan Rows": 1,
              "Plan Width": 8,
              "Actual Startup Time": 161.836,
              "Actual Total Time": 161.837,
              "Actual Rows": 1,
              "Actual Loops": 4,
              "Plans": [
                {
                  "Node Type": "Seq Scan",
                  "Parent Relationship": "Outer",
                  "Parallel Aware": true,
                  "Relation Name": "movie_keyword",
                  "Alias": "mk",
                  "Startup Cost": 0.0,
                  "Total Cost": 42695.65,
                  "Plan Rows": 1195559,
                  "Plan Width": 0,
                  "Actual Startup Time": 0.071,
                  "Actual Total Time": 121.008,
                  "Actual Rows": 929237,
                  "Actual Loops": 4,
                  "Filter": "(keyword_id < 22945)",
                  "Rows Removed by Filter": 201746
                }
              ]
            }
          ]
        }
      ]
    },
    "Planning Time": 0.185,
    "Triggers": [],
    "Execution Time": 179.163
  }
]