{
  "Plan": {
    "Node Type": "Aggregate",
    "Strategy": "Plain",
    "Partial Mode": "Finalize",
    "Parallel Aware": false,
    "Startup Cost": 107999.11,
    "Total Cost": 107999.12,
    "Plan Rows": 1,
    "Plan Width": 8,
    "Actual Startup Time": 272.126,
    "Actual Total Time": 286.974,
    "Actual Rows": 1,
    "Actual Loops": 1,
    "Plans": [
      {
        "Node Type": "Gather",
        "Parent Relationship": "Outer",
        "Parallel Aware": false,
        "Startup Cost": 107998.99,
        "Total Cost": 107999.1,
        "Plan Rows": 1,
        "Plan Width": 8,
        "Actual Startup Time": 271.749,
        "Actual Total Time": 286.966,
        "Actual Rows": 2,
        "Actual Loops": 1,
        "Workers Planned": 1,
        "Workers Launched": 1,
        "Single Copy": false,
        "Plans": [
          {
            "Node Type": "Aggregate",
            "Strategy": "Plain",
            "Partial Mode": "Partial",
            "Parent Relationship": "Outer",
            "Parallel Aware": false,
            "Startup Cost": 106998.99,
            "Total Cost": 106999.0,
            "Plan Rows": 1,
            "Plan Width": 8,
            "Actual Startup Time": 265.193,
            "Actual Total Time": 265.197,
            "Actual Rows": 1,
            "Actual Loops": 2,
            "Plans": [
              {
                "Node Type": "Nested Loop",
                "Parent Relationship": "Outer",
                "Parallel Aware": false,
                "Join Type": "Inner",
                "Startup Cost": 59323.09,
                "Total Cost": 106884.51,
                "Plan Rows": 45793,
                "Plan Width": 0,
                "Actual Startup Time": 155.697,
                "Actual Total Time": 264.877,
                "Actual Rows": 5708,
                "Actual Loops": 2,
                "Inner Unique": false,
                "Join Filter": "(t.id = mc.movie_id)",
                "Rows Removed by Join Filter": 0,
                "Plans": [
                  {
                    "Node Type": "Hash Join",
                    "Parent Relationship": "Outer",
                    "Parallel Aware": true,
                    "Join Type": "Inner",
                    "Startup Cost": 59322.66,
                    "Total Cost": 77506.44,
                    "Plan Rows": 44374,
                    "Plan Width": 8,
                    "Actual Startup Time": 155.611,
                    "Actual Total Time": 255.299,
                    "Actual Rows": 2382,
                    "Actual Loops": 2,
                    "Inner Unique": true,
                    "Hash Cond": "(mi_idx.movie_id = t.id)",
                    "Plans": [
                      {
                        "Node Type": "Seq Scan",
                        "Parent Relationship": "Outer",
                        "Parallel Aware": true,
                        "Relation Name": "movie_info_idx",
                        "Alias": "mi_idx",
                        "Startup Cost": 0.0,
                        "Total Cost": 16052.85,
                        "Plan Rows": 811785,
                        "Plan Width": 4,
                        "Actual Startup Time": 0.019,
                        "Actual Total Time": 48.816,
                        "Actual Rows": 690018,
                        "Actual Loops": 2
                      },
                      {
                        "Node Type": "Hash",
                        "Parent Relationship": "Inner",
                        "Parallel Aware": true,
                        "Startup Cost": 58306.47,
                        "Total Cost": 58306.47,
                        "Plan Rows": 81295,
                        "Plan Width": 4,
                        "Actual Startup Time": 151.494,
                        "Actual Total Time": 151.495,
                        "Actual Rows": 10296,
                        "Actual Loops": 2,
                        "Hash Buckets": 262144,
                        "Original Hash Buckets": 262144,
                        "Hash Batches": 1,
                        "Original Hash Batches": 1,
                        "Peak Memory Usage": 2880,
                        "Plans": [
                          {
                            "Node Type": "Seq Scan",
                            "Parent Relationship": "Outer",
                            "Parallel Aware": true,
                            "Relation Name": "title",
                            "Alias": "t",
                            "Startup Cost": 0.0,
                            "Total Cost": 58306.47,
                            "Plan Rows": 81295,
                            "Plan Width": 4,
                            "Actual Startup Time": 0.136,
                            "Actual Total Time": 146.652,
                            "Actual Rows": 10296,
                            "Actual Loops": 2,
                            "Filter": "((kind_id > 1) AND (production_year < 1955))",
                            "Rows Removed by Filter": 1253860
                          }
                        ]
                      }
                    ]
                  },
                  {
                    "Node Type": "Index Only Scan",
                    "Parent Relationship": "Inner",
                    "Parallel Aware": false,
                    "Scan Direction": "Forward",
                    "Index Name": "movie_id_movie_companies",
                    "Relation Name": "movie_companies",
                    "Alias": "mc",
                    "Startup Cost": 0.43,
                    "Total Cost": 0.6,
                    "Plan Rows": 5,
                    "Plan Width": 4,
                    "Actual Startup Time": 0.003,
                    "Actual Total Time": 0.004,
                    "Actual Rows": 2,
                    "Actual Loops": 4764,
                    "Index Cond": "(movie_id = mi_idx.movie_id)",
                    "Rows Removed by Index Recheck": 0,
                    "Heap Fetches": 11415
                  }
                ]
              }
            ]
          }
        ]
      }
    ]
  },
  "Planning Time": 1.024,
  "Triggers": [],
  "Execution Time": 287.057
}