[
  {
    "Plan": {
      "Node Type": "Aggregate",
      "Strategy": "Plain",
      "Partial Mode": "Finalize",
      "Parallel Aware": false,
      "Startup Cost": 33136.68,
      "Total Cost": 33136.69,
      "Plan Rows": 1,
      "Plan Width": 8,
      "Actual Startup Time": 89.053,
      "Actual Total Time": 96.539,
      "Actual Rows": 1,
      "Actual Loops": 1,
      "Plans": [
        {
          "Node Type": "Gather",
          "Parent Relationship": "Outer",
          "Parallel Aware": false,
          "Startup Cost": 33136.36,
          "Total Cost": 33136.67,
          "Plan Rows": 3,
          "Plan Width": 8,
          "Actual Startup Time": 88.921,
          "Actual Total Time": 96.529,
          "Actual Rows": 4,
          "Actual Loops": 1,
          "Workers Planned": 3,
          "Workers Launched": 3,
          "Single Copy": false,
          "Plans": [
            {
              "Node Type": "Aggregate",
              "Strategy": "Plain",
              "Partial Mode": "Partial",
              "Parent Relationship": "Outer",
              "Parallel Aware": false,
              "Startup Cost": 32136.36,
              "Total Cost": 32136.37,
              "Plan Rows": 1,
              "Plan Width": 8,
              "Actual Startup Time": 83.598,
              "Actual Total Time": 83.599,
              "Actual Rows": 1,
              "Actual Loops": 4,
              "Plans": [
                {
                  "Node Type": "Seq Scan",
                  "Parent Relationship": "Outer",
                  "Parallel Aware": true,
                  "Relation Name": "movie_companies",
                  "Alias": "mc",
                  "Startup Cost": 0.0,
                  "Total Cost": 31414.82,
                  "Plan Rows": 288617,
                  "Plan Width": 0,
                  "Actual Startup Time": 41.874,
                  "Actual Total Time": 76.814,
                  "Actual Rows": 145117,
                  "Actual Loops": 4,
                  "Filter": "((company_id < 25414) AND (company_type_id = 2))",
                  "Rows Removed by Filter": 507165
                }
              ]
            }
          ]
        }
      ]
    },
    "Planning Time": 0.092,
    "Triggers": [],
    "Execution Time": 96.567
  }
]