{
  "Plan": {
    "Node Type": "Aggregate",
    "Strategy": "Plain",
    "Partial Mode": "Finalize",
    "Parallel Aware": false,
    "Startup Cost": 135121.54,
    "Total Cost": 135121.55,
    "Plan Rows": 1,
    "Plan Width": 8,
    "Actual Startup Time": 479.807,
    "Actual Total Time": 524.414,
    "Actual Rows": 1,
    "Actual Loops": 1,
    "Plans": [
      {
        "Node Type": "Gather",
        "Parent Relationship": "Outer",
        "Parallel Aware": false,
        "Startup Cost": 135121.43,
        "Total Cost": 135121.54,
        "Plan Rows": 1,
        "Plan Width": 8,
        "Actual Startup Time": 479.127,
        "Actual Total Time": 524.406,
        "Actual Rows": 2,
        "Actual Loops": 1,
        "Workers Planned": 1,
        "Workers Launched": 1,
        "Single Copy": false,
        "Plans": [
          {
            "Node Type": "Aggregate",
            "Strategy": "Plain",
            "Partial Mode": "Partial",
            "Parent Relationship": "Outer",
            "Parallel Aware": false,
            "Startup Cost": 134121.43,
            "Total Cost": 134121.44,
            "Plan Rows": 1,
            "Plan Width": 8,
            "Actual Startup Time": 473.036,
            "Actual Total Time": 473.039,
            "Actual Rows": 1,
            "Actual Loops": 2,
            "Plans": [
              {
                "Node Type": "Nested Loop",
                "Parent Relationship": "Outer",
                "Parallel Aware": false,
                "Join Type": "Inner",
                "Startup Cost": 59149.44,
                "Total Cost": 133945.58,
                "Plan Rows": 70339,
                "Plan Width": 0,
                "Actual Startup Time": 181.379,
                "Actual Total Time": 458.782,
                "Actual Rows": 253170,
                "Actual Loops": 2,
                "Inner Unique": false,
                "Join Filter": "(t.id = ci.movie_id)",
                "Rows Removed by Join Filter": 0,
                "Plans": [
                  {
                    "Node Type": "Hash Join",
                    "Parent Relationship": "Outer",
                    "Parallel Aware": true,
                    "Join Type": "Inner",
                    "Startup Cost": 59148.88,
                    "Total Cost": 85136.93,
                    "Plan Rows": 4909,
                    "Plan Width": 8,
                    "Actual Startup Time": 181.278,
                    "Actual Total Time": 225.611,
                    "Actual Rows": 3592,
                    "Actual Loops": 2,
                    "Inner Unique": true,
                    "Hash Cond": "(mk.movie_id = t.id)",
                    "Plans": [
                      {
                        "Node Type": "Bitmap Heap Scan",
                        "Parent Relationship": "Outer",
                        "Parallel Aware": true,
                        "Relation Name": "movie_keyword",
                        "Alias": "mk",
                        "Startup Cost": 3660.71,
                        "Total Cost": 29382.53,
                        "Plan Rows": 101425,
                        "Plan Width": 4,
                        "Actual Startup Time": 13.199,
                        "Actual Total Time": 42.673,
                        "Actual Rows": 81984,
                        "Actual Loops": 2,
                        "Recheck Cond": "(keyword_id > 72536)",
                        "Rows Removed by Index Recheck": 0,
                        "Exact Heap Blocks": 15529,
                        "Lossy Heap Blocks": 0,
                        "Plans": [
                          {
                            "Node Type": "Bitmap Index Scan",
                            "Parent Relationship": "Outer",
                            "Parallel Aware": false,
                            "Index Name": "keyword_id_movie_keyword",
                            "Startup Cost": 0.0,
                            "Total Cost": 3617.6,
                            "Plan Rows": 172423,
                            "Plan Width": 0,
                            "Actual Startup Time": 10.263,
                            "Actual Total Time": 10.263,
                            "Actual Rows": 163969,
                            "Actual Loops": 1,
                            "Index Cond": "(keyword_id > 72536)"
                          }
                        ]
                      },
                      {
                        "Node Type": "Hash",
                        "Parent Relationship": "Inner",
                        "Parallel Aware": true,
                        "Startup Cost": 54588.39,
                        "Total Cost": 54588.39,
                        "Plan Rows": 71982,
                        "Plan Width": 4,
                        "Actual Startup Time": 165.665,
                        "Actual Total Time": 165.666,
                        "Actual Rows": 61430,
                        "Actual Loops": 2,
                        "Hash Buckets": 131072,
                        "Original Hash Buckets": 131072,
                        "Hash Batches": 1,
                        "Original Hash Batches": 1,
                        "Peak Memory Usage": 5856,
                        "Plans": [
                          {
                            "Node Type": "Seq Scan",
                            "Parent Relationship": "Outer",
                            "Parallel Aware": true,
                            "Relation Name": "title",
                            "Alias": "t",
                            "Startup Cost": 0.0,
                            "Total Cost": 54588.39,
                            "Plan Rows": 71982,
                            "Plan Width": 4,
                            "Actual Startup Time": 0.034,
                            "Actual Total Time": 147.302,
                            "Actual Rows": 61430,
                            "Actual Loops": 2,
                            "Filter": "(production_year = 2008)",
                            "Rows Removed by Filter": 1202726
                          }
                        ]
                      }
                    ]
                  },
                  {
                    "Node Type": "Index Only Scan",
                    "Parent Relationship": "Inner",
                    "Parallel Aware": false,
                    "Scan Direction": "Forward",
                    "Index Name": "movie_id_cast_info",
                    "Relation Name": "cast_info",
                    "Alias": "ci",
                    "Startup Cost": 0.56,
                    "Total Cost": 9.48,
                    "Plan Rows": 37,
                    "Plan Width": 4,
                    "Actual Startup Time": 0.006,
                    "Actual Total Time": 0.057,
                    "Actual Rows": 70,
                    "Actual Loops": 7183,
                    "Index Cond": "(movie_id = mk.movie_id)",
                    "Rows Removed by Index Recheck": 0,
                    "Heap Fetches": 506340
                  }
                ]
              }
            ]
          }
        ]
      }
    ]
  },
  "Planning Time": 0.934,
  "Triggers": [],
  "Execution Time": 524.534
}