[
  {
    "Plan": {
      "Node Type": "Gather",
      "Parallel Aware": false,
      "Startup Cost": 33780.88,
      "Total Cost": 106162.46,
      "Plan Rows": 265148,
      "Plan Width": 40,
      "Actual Startup Time": 164.913,
      "Actual Total Time": 454.584,
      "Actual Rows": 259406,
      "Actual Loops": 1,
      "Workers Planned": 4,
      "Workers Launched": 4,
      "Single Copy": false,
      "Plans": [
        {
          "Node Type": "Hash Join",
          "Parent Relationship": "Outer",
          "Parallel Aware": true,
          "Join Type": "Inner",
          "Startup Cost": 32780.88,
          "Total Cost": 78647.66,
          "Plan Rows": 66287,
          "Plan Width": 40,
          "Actual Startup Time": 153.907,
          "Actual Total Time": 402.181,
          "Actual Rows": 51881,
          "Actual Loops": 5,
          "Inner Unique": true,
          "Hash Cond": "(mc.company_id = cn.id)",
          "Plans": [
            {
              "Node Type": "Hash Join",
              "Parent Relationship": "Outer",
              "Parallel Aware": true,
              "Join Type": "Inner",
              "Startup Cost": 26675.62,
              "Total Cost": 72368.4,
              "Plan Rows": 66287,
              "Plan Width": 40,
              "Actual Startup Time": 110.871,
              "Actual Total Time": 343.342,
              "Actual Rows": 51881,
              "Actual Loops": 5,
              "Inner Unique": false,
              "Hash Cond": "(t.id = mc.movie_id)",
              "Plans": [
                {
                  "Node Type": "Seq Scan",
                  "Parent Relationship": "Outer",
                  "Parallel Aware": true,
                  "Relation Name": "title",
                  "Alias": "t",
                  "Startup Cost": 0.0,
                  "Total Cost": 42318.63,
                  "Plan Rows": 632063,
                  "Plan Width": 4,
                  "Actual Startup Time": 0.047,
                  "Actual Total Time": 101.901,
                  "Actual Rows": 505662,
                  "Actual Loops": 5
                },
                {
                  "Node Type": "Hash",
                  "Parent Relationship": "Inner",
                  "Parallel Aware": true,
                  "Startup Cost": 25606.47,
                  "Total Cost": 25606.47,
                  "Plan Rows": 85532,
                  "Plan Width": 40,
                  "Actual Startup Time": 109.657,
                  "Actual Total Time": 109.658,
                  "Actual Rows": 51881,
                  "Actual Loops": 5,
                  "Hash Buckets": 524288,
                  "Original Hash Buckets": 524288,
                  "Hash Batches": 1,
                  "Original Hash Batches": 1,
                  "Peak Memory Usage": 21728,
                  "Plans": [
                    {
                      "Node Type": "Bitmap Heap Scan",
                      "Parent Relationship": "Outer",
                      "Parallel Aware": true,
                      "Relation Name": "movie_companies",
                      "Alias": "mc",
                      "Startup Cost": 5747.33,
                      "Total Cost": 25606.47,
                      "Plan Rows": 85532,
                      "Plan Width": 40,
                      "Actual Startup Time": 27.406,
                      "Actual Total Time": 72.636,
                      "Actual Rows": 51881,
                      "Actual Loops": 5,
                      "Recheck Cond": "(company_id < 133)",
                      "Rows Removed by Index Recheck": 0,
                      "Exact Heap Blocks": 3980,
                      "Lossy Heap Blocks": 0,
                      "Plans": [
                        {
                          "Node Type": "Bitmap Index Scan",
                          "Parent Relationship": "Outer",
                          "Parallel Aware": false,
                          "Index Name": "company_id_movie_companies",
                          "Startup Cost": 0.0,
                          "Total Cost": 5681.04,
                          "Plan Rows": 265148,
                          "Plan Width": 0,
                          "Actual Startup Time": 23.03,
                          "Actual Total Time": 23.03,
                          "Actual Rows": 259406,
                          "Actual Loops": 1,
                          "Index Cond": "(company_id < 133)"
                        }
                      ]
                    }
                  ]
                }
              ]
            },
            {
              "Node Type": "Hash",
              "Parent Relationship": "Inner",
              "Parallel Aware": true,
              "Startup Cost": 4377.34,
              "Total Cost": 4377.34,
              "Plan Rows": 138234,
              "Plan Width": 4,
              "Actual Startup Time": 41.003,
              "Actual Total Time": 41.004,
              "Actual Rows": 46999,
              "Actual Loops": 5,
              "Hash Buckets": 262144,
              "Original Hash Buckets": 262144,
              "Hash Batches": 1,
              "Original Hash Batches": 1,
              "Peak Memory Usage": 11328,
              "Plans": [
                {
                  "Node Type": "Seq Scan",
                  "Parent Relationship": "Outer",
                  "Parallel Aware": true,
                  "Relation Name": "company_name",
                  "Alias": "cn",
                  "Startup Cost": 0.0,
                  "Total Cost": 4377.34,
                  "Plan Rows": 138234,
                  "Plan Width": 4,
                  "Actual Startup Time": 0.063,
                  "Actual Total Time": 17.356,
                  "Actual Rows": 46999,
                  "Actual Loops": 5
                }
              ]
            }
          ]
        }
      ]
    },
    "Planning Time": 5.093,
    "Triggers": [],
    "Execution Time": 463.295
  }
]