[
  {
    "Plan": {
      "Node Type": "Gather",
      "Parallel Aware": false,
      "Startup Cost": 64469.5,
      "Total Cost": 136851.08,
      "Plan Rows": 265148,
      "Plan Width": 40,
      "Actual Startup Time": 132.379,
      "Actual Total Time": 422.528,
      "Actual Rows": 259406,
      "Actual Loops": 1,
      "Workers Planned": 4,
      "Workers Launched": 4,
      "Single Copy": false,
      "Plans": [
        {
          "Node Type": "Hash Join",
          "Parent Relationship": "Outer",
          "Parallel Aware": true,
          "Join Type": "Inner",
          "Startup Cost": 63469.5,
          "Total Cost": 109336.28,
          "Plan Rows": 66287,
          "Plan Width": 40,
          "Actual Startup Time": 121.674,
          "Actual Total Time": 364.953,
          "Actual Rows": 51881,
          "Actual Loops": 5,
          "Inner Unique": true,
          "Hash Cond": "(mc.company_id = cn.id)",
          "Plans": [
            {
              "Node Type": "Hash Join",
              "Parent Relationship": "Outer",
              "Parallel Aware": true,
              "Join Type": "Inner",
              "Startup Cost": 57364.24,
              "Total Cost": 103057.01,
              "Plan Rows": 66287,
              "Plan Width": 40,
              "Actual Startup Time": 76.066,
              "Actual Total Time": 303.448,
              "Actual Rows": 51881,
              "Actual Loops": 5,
              "Inner Unique": false,
              "Hash Cond": "(t.id = mc.movie_id)",
              "Plans": [
                {
                  "Node Type": "Seq Scan",
                  "Parent Relationship": "Outer",
                  "Parallel Aware": true,
                  "Relation Name": "title",
                  "Alias": "t",
                  "Startup Cost": 0.0,
                  "Total Cost": 42318.63,
                  "Plan Rows": 632063,
                  "Plan Width": 4,
                  "Actual Startup Time": 0.042,
                  "Actual Total Time": 95.849,
                  "Actual Rows": 505662,
                  "Actual Loops": 5
                },
                {
                  "Node Type": "Hash",
                  "Parent Relationship": "Inner",
                  "Parallel Aware": true,
                  "Startup Cost": 56295.09,
                  "Total Cost": 56295.09,
                  "Plan Rows": 85532,
                  "Plan Width": 40,
                  "Actual Startup Time": 75.033,
                  "Actual Total Time": 75.035,
                  "Actual Rows": 51881,
                  "Actual Loops": 5,
                  "Hash Buckets": 524288,
                  "Original Hash Buckets": 524288,
                  "Hash Batches": 1,
                  "Original Hash Batches": 1,
                  "Peak Memory Usage": 21728,
                  "Plans": [
                    {
                      "Node Type": "Index Scan",
                      "Parent Relationship": "Outer",
                      "Parallel Aware": true,
                      "Scan Direction": "Forward",
                      "Index Name": "company_id_movie_companies",
                      "Relation Name": "movie_companies",
                      "Alias": "mc",
                      "Startup Cost": 0.43,
                      "Total Cost": 56295.09,
                      "Plan Rows": 85532,
                      "Plan Width": 40,
                      "Actual Startup Time": 0.123,
                      "Actual Total Time": 42.081,
                      "Actual Rows": 51881,
                      "Actual Loops": 5,
                      "Index Cond": "(company_id < 133)",
                      "Rows Removed by Index Recheck": 0
                    }
                  ]
                }
              ]
            },
            {
              "Node Type": "Hash",
              "Parent Relationship": "Inner",
              "Parallel Aware": true,
              "Startup Cost": 4377.34,
              "Total Cost": 4377.34,
              "Plan Rows": 138234,
              "Plan Width": 4,
              "Actual Startup Time": 43.561,
              "Actual Total Time": 43.563,
              "Actual Rows": 46999,
              "Actual Loops": 5,
              "Hash Buckets": 262144,
              "Original Hash Buckets": 262144,
              "Hash Batches": 1,
              "Original Hash Batches": 1,
              "Peak Memory Usage": 11360,
              "Plans": [
                {
                  "Node Type": "Seq Scan",
                  "Parent Relationship": "Outer",
                  "Parallel Aware": true,
                  "Relation Name": "company_name",
                  "Alias": "cn",
                  "Startup Cost": 0.0,
                  "Total Cost": 4377.34,
                  "Plan Rows": 138234,
                  "Plan Width": 4,
                  "Actual Startup Time": 0.068,
                  "Actual Total Time": 17.288,
                  "Actual Rows": 46999,
                  "Actual Loops": 5
                }
              ]
            }
          ]
        }
      ]
    },
    "Planning Time": 5.175,
    "Triggers": [],
    "Execution Time": 430.785
  }
]