[
  {
    "Plan": {
      "Node Type": "Gather",
      "Parallel Aware": false,
      "Startup Cost": 37485.09,
      "Total Cost": 109866.67,
      "Plan Rows": 265148,
      "Plan Width": 40,
      "Actual Startup Time": 153.94,
      "Actual Total Time": 562.153,
      "Actual Rows": 259406,
      "Actual Loops": 1,
      "Workers Planned": 4,
      "Workers Launched": 4,
      "Single Copy": false,
      "Plans": [
        {
          "Node Type": "Hash Join",
          "Parent Relationship": "Outer",
          "Parallel Aware": true,
          "Join Type": "Inner",
          "Startup Cost": 36485.09,
          "Total Cost": 82351.87,
          "Plan Rows": 66287,
          "Plan Width": 40,
          "Actual Startup Time": 148.087,
          "Actual Total Time": 465.252,
          "Actual Rows": 51881,
          "Actual Loops": 5,
          "Inner Unique": true,
          "Hash Cond": "(mc.company_id = cn.id)",
          "Plans": [
            {
              "Node Type": "Hash Join",
              "Parent Relationship": "Outer",
              "Parallel Aware": true,
              "Join Type": "Inner",
              "Startup Cost": 30379.83,
              "Total Cost": 76072.61,
              "Plan Rows": 66287,
              "Plan Width": 40,
              "Actual Startup Time": 108.772,
              "Actual Total Time": 408.009,
              "Actual Rows": 51881,
              "Actual Loops": 5,
              "Inner Unique": false,
              "Hash Cond": "(t.id = mc.movie_id)",
              "Plans": [
                {
                  "Node Type": "Seq Scan",
                  "Parent Relationship": "Outer",
                  "Parallel Aware": true,
                  "Relation Name": "title",
                  "Alias": "t",
                  "Startup Cost": 0.0,
                  "Total Cost": 42318.63,
                  "Plan Rows": 632063,
                  "Plan Width": 4,
                  "Actual Startup Time": 0.051,
                  "Actual Total Time": 122.422,
                  "Actual Rows": 505662,
                  "Actual Loops": 5
                },
                {
                  "Node Type": "Hash",
                  "Parent Relationship": "Inner",
                  "Parallel Aware": true,
                  "Startup Cost": 29310.68,
                  "Total Cost": 29310.68,
                  "Plan Rows": 85532,
                  "Plan Width": 40,
                  "Actual Startup Time": 107.55,
                  "Actual Total Time": 107.551,
                  "Actual Rows": 51881,
                  "Actual Loops": 5,
                  "Hash Buckets": 524288,
                  "Original Hash Buckets": 524288,
                  "Hash Batches": 1,
                  "Original Hash Batches": 1,
                  "Peak Memory Usage": 21728,
                  "Plans": [
                    {
                      "Node Type": "Seq Scan",
                      "Parent Relationship": "Outer",
                      "Parallel Aware": true,
                      "Relation Name": "movie_companies",
                      "Alias": "mc",
                      "Startup Cost": 0.0,
                      "Total Cost": 29310.68,
                      "Plan Rows": 85532,
                      "Plan Width": 40,
                      "Actual Startup Time": 0.049,
                      "Actual Total Time": 75.093,
                      "Actual Rows": 51881,
                      "Actual Loops": 5,
                      "Filter": "(company_id < 133)",
                      "Rows Removed by Filter": 469945
                    }
                  ]
                }
              ]
            },
            {
              "Node Type": "Hash",
              "Parent Relationship": "Inner",
              "Parallel Aware": true,
              "Startup Cost": 4377.34,
              "Total Cost": 4377.34,
              "Plan Rows": 138234,
              "Plan Width": 4,
              "Actual Startup Time": 37.427,
              "Actual Total Time": 37.429,
              "Actual Rows": 46999,
              "Actual Loops": 5,
              "Hash Buckets": 262144,
              "Original Hash Buckets": 262144,
              "Hash Batches": 1,
              "Original Hash Batches": 1,
              "Peak Memory Usage": 11296,
              "Plans": [
                {
                  "Node Type": "Seq Scan",
                  "Parent Relationship": "Outer",
                  "Parallel Aware": true,
                  "Relation Name": "company_name",
                  "Alias": "cn",
                  "Startup Cost": 0.0,
                  "Total Cost": 4377.34,
                  "Plan Rows": 138234,
                  "Plan Width": 4,
                  "Actual Startup Time": 0.07,
                  "Actual Total Time": 14.155,
                  "Actual Rows": 46999,
                  "Actual Loops": 5
                }
              ]
            }
          ]
        }
      ]
    },
    "Planning Time": 4.032,
    "Triggers": [],
    "Execution Time": 575.086
  }
]