[
  {
    "Plan": {
      "Node Type": "Aggregate",
      "Strategy": "Plain",
      "Partial Mode": "Finalize",
      "Parallel Aware": false,
      "Startup Cost": 98266.5,
      "Total Cost": 98266.51,
      "Plan Rows": 1,
      "Plan Width": 8,
      "Actual Startup Time": 634.868,
      "Actual Total Time": 675.407,
      "Actual Rows": 1,
      "Actual Loops": 1,
      "Plans": [
        {
          "Node Type": "Gather",
          "Parent Relationship": "Outer",
          "Parallel Aware": false,
          "Startup Cost": 98266.18,
          "Total Cost": 98266.49,
          "Plan Rows": 3,
          "Plan Width": 8,
          "Actual Startup Time": 632.624,
          "Actual Total Time": 675.388,
          "Actual Rows": 4,
          "Actual Loops": 1,
          "Workers Planned": 3,
          "Workers Launched": 3,
          "Single Copy": false,
          "Plans": [
            {
              "Node Type": "Aggregate",
              "Strategy": "Plain",
              "Partial Mode": "Partial",
              "Parent Relationship": "Outer",
              "Parallel Aware": false,
              "Startup Cost": 97266.18,
              "Total Cost": 97266.19,
              "Plan Rows": 1,
              "Plan Width": 8,
              "Actual Startup Time": 623.364,
              "Actual Total Time": 623.367,
              "Actual Rows": 1,
              "Actual Loops": 4,
              "Plans": [
                {
                  "Node Type": "Nested Loop",
                  "Parent Relationship": "Outer",
                  "Parallel Aware": false,
                  "Join Type": "Inner",
                  "Startup Cost": 49567.06,
                  "Total Cost": 97248.16,
                  "Plan Rows": 7210,
                  "Plan Width": 0,
                  "Actual Startup Time": 168.017,
                  "Actual Total Time": 600.483,
                  "Actual Rows": 523742,
                  "Actual Loops": 4,
                  "Inner Unique": false,
                  "Plans": [
                    {
                      "Node Type": "Hash Join",
                      "Parent Relationship": "Outer",
                      "Parallel Aware": true,
                      "Join Type": "Inner",
                      "Startup Cost": 49566.63,
                      "Total Cost": 74556.03,
                      "Plan Rows": 7870,
                      "Plan Width": 8,
                      "Actual Startup Time": 167.894,
                      "Actual Total Time": 200.546,
                      "Actual Rows": 19157,
                      "Actual Loops": 4,
                      "Inner Unique": true,
                      "Hash Cond": "(mk.movie_id = t.id)",
                      "Plans": [
                        {
                          "Node Type": "Bitmap Heap Scan",
                          "Parent Relationship": "Outer",
                          "Parallel Aware": true,
                          "Relation Name": "movie_keyword",
                          "Alias": "mk",
                          "Startup Cost": 2330.88,
                          "Total Cost": 27227.36,
                          "Plan Rows": 35398,
                          "Plan Width": 4,
                          "Actual Startup Time": 12.648,
                          "Actual Total Time": 32.821,
                          "Actual Rows": 27506,
                          "Actual Loops": 4,
                          "Recheck Cond": "(keyword_id > 80128)",
                          "Rows Removed by Index Recheck": 0,
                          "Exact Heap Blocks": 5554,
                          "Lossy Heap Blocks": 0,
                          "Plans": [
                            {
                              "Node Type": "Bitmap Index Scan",
                              "Parent Relationship": "Outer",
                              "Parallel Aware": false,
                              "Index Name": "keyword_id_movie_keyword",
                              "Startup Cost": 0.0,
                              "Total Cost": 2303.44,
                              "Plan Rows": 109735,
                              "Plan Width": 0,
                              "Actual Startup Time": 9.981,
                              "Actual Total Time": 9.982,
                              "Actual Rows": 110022,
                              "Actual Loops": 1,
                              "Index Cond": "(keyword_id > 80128)"
                            }
                          ]
                        },
                        {
                          "Node Type": "Hash",
                          "Parent Relationship": "Inner",
                          "Parallel Aware": true,
                          "Startup Cost": 45479.1,
                          "Total Cost": 45479.1,
                          "Plan Rows": 140532,
                          "Plan Width": 4,
                          "Actual Startup Time": 150.111,
                          "Actual Total Time": 150.112,
                          "Actual Rows": 160446,
                          "Actual Loops": 4,
                          "Hash Buckets": 1048576,
                          "Original Hash Buckets": 1048576,
                          "Hash Batches": 1,
                          "Original Hash Batches": 1,
                          "Peak Memory Usage": 33376,
                          "Plans": [
                            {
                              "Node Type": "Seq Scan",
                              "Parent Relationship": "Outer",
                              "Parallel Aware": true,
                              "Relation Name": "title",
                              "Alias": "t",
                              "Startup Cost": 0.0,
                              "Total Cost": 45479.1,
                              "Plan Rows": 140532,
                              "Plan Width": 4,
                              "Actual Startup Time": 0.034,
                              "Actual Total Time": 99.786,
                              "Actual Rows": 160446,
                              "Actual Loops": 4,
                              "Filter": "((kind_id < 7) AND (production_year < 2006))",
                              "Rows Removed by Filter": 471632
                            }
                          ]
                        }
                      ]
                    },
                    {
                      "Node Type": "Index Scan",
                      "Parent Relationship": "Inner",
                      "Parallel Aware": false,
                      "Scan Direction": "Forward",
                      "Index Name": "movie_id_movie_info",
                      "Relation Name": "movie_info",
                      "Alias": "mi",
                      "Startup Cost": 0.43,
                      "Total Cost": 2.81,
                      "Plan Rows": 7,
                      "Plan Width": 4,
                      "Actual Startup Time": 0.006,
                      "Actual Total Time": 0.019,
                      "Actual Rows": 27,
                      "Actual Loops": 76628,
                      "Index Cond": "(movie_id = t.id)",
                      "Rows Removed by Index Recheck": 0,
                      "Filter": "(info_type_id > 16)",
                      "Rows Removed by Filter": 43
                    }
                  ]
                }
              ]
            }
          ]
        }
      ]
    },
    "Planning Time": 1.477,
    "Triggers": [],
    "Execution Time": 675.536
  }
]