[
  {
    "Plan": {
      "Node Type": "Aggregate",
      "Strategy": "Plain",
      "Partial Mode": "Finalize",
      "Parallel Aware": false,
      "Startup Cost": 45427.58,
      "Total Cost": 45427.59,
      "Plan Rows": 1,
      "Plan Width": 8,
      "Actual Startup Time": 132.058,
      "Actual Total Time": 140.179,
      "Actual Rows": 1,
      "Actual Loops": 1,
      "Plans": [
        {
          "Node Type": "Gather",
          "Parent Relationship": "Outer",
          "Parallel Aware": false,
          "Startup Cost": 45427.26,
          "Total Cost": 45427.57,
          "Plan Rows": 3,
          "Plan Width": 8,
          "Actual Startup Time": 131.925,
          "Actual Total Time": 140.173,
          "Actual Rows": 4,
          "Actual Loops": 1,
          "Workers Planned": 3,
          "Workers Launched": 3,
          "Single Copy": false,
          "Plans": [
            {
              "Node Type": "Aggregate",
              "Strategy": "Plain",
              "Partial Mode": "Partial",
              "Parent Relationship": "Outer",
              "Parallel Aware": false,
              "Startup Cost": 44427.26,
              "Total Cost": 44427.27,
              "Plan Rows": 1,
              "Plan Width": 8,
              "Actual Startup Time": 127.16,
              "Actual Total Time": 127.161,
              "Actual Rows": 1,
              "Actual Loops": 4,
              "Plans": [
                {
                  "Node Type": "Seq Scan",
                  "Parent Relationship": "Outer",
                  "Parallel Aware": true,
                  "Relation Name": "movie_keyword",
                  "Alias": "mk",
                  "Startup Cost": 0.0,
                  "Total Cost": 42695.65,
                  "Plan Rows": 692644,
                  "Plan Width": 0,
                  "Actual Startup Time": 0.03,
                  "Actual Total Time": 103.143,
                  "Actual Rows": 540427,
                  "Actual Loops": 4,
                  "Filter": "(keyword_id < 4132)",
                  "Rows Removed by Filter": 590555
                }
              ]
            }
          ]
        }
      ]
    },
    "Planning Time": 0.095,
    "Triggers": [],
    "Execution Time": 140.209
  }
]