{
  "Plan": {
    "Node Type": "Aggregate",
    "Strategy": "Plain",
    "Partial Mode": "Finalize",
    "Parallel Aware": false,
    "Startup Cost": 819192.35,
    "Total Cost": 819192.36,
    "Plan Rows": 1,
    "Plan Width": 8,
    "Actual Startup Time": 1862.996,
    "Actual Total Time": 1900.112,
    "Actual Rows": 1,
    "Actual Loops": 1,
    "Plans": [
      {
        "Node Type": "Gather",
        "Parent Relationship": "Outer",
        "Parallel Aware": false,
        "Startup Cost": 819192.24,
        "Total Cost": 819192.35,
        "Plan Rows": 1,
        "Plan Width": 8,
        "Actual Startup Time": 1857.221,
        "Actual Total Time": 1900.103,
        "Actual Rows": 2,
        "Actual Loops": 1,
        "Workers Planned": 1,
        "Workers Launched": 1,
        "Single Copy": false,
        "Plans": [
          {
            "Node Type": "Aggregate",
            "Strategy": "Plain",
            "Partial Mode": "Partial",
            "Parent Relationship": "Outer",
            "Parallel Aware": false,
            "Startup Cost": 818192.24,
            "Total Cost": 818192.25,
            "Plan Rows": 1,
            "Plan Width": 8,
            "Actual Startup Time": 1851.482,
            "Actual Total Time": 1851.486,
            "Actual Rows": 1,
            "Actual Loops": 2,
            "Plans": [
              {
                "Node Type": "Nested Loop",
                "Parent Relationship": "Outer",
                "Parallel Aware": false,
                "Join Type": "Inner",
                "Startup Cost": 133978.24,
                "Total Cost": 814604.01,
                "Plan Rows": 1435290,
                "Plan Width": 0,
                "Actual Startup Time": 363.0,
                "Actual Total Time": 1790.105,
                "Actual Rows": 1428460,
                "Actual Loops": 2,
                "Inner Unique": false,
                "Plans": [
                  {
                    "Node Type": "Merge Join",
                    "Parent Relationship": "Outer",
                    "Parallel Aware": false,
                    "Join Type": "Inner",
                    "Startup Cost": 133977.8,
                    "Total Cost": 249810.47,
                    "Plan Rows": 245462,
                    "Plan Width": 8,
                    "Actual Startup Time": 362.937,
                    "Actual Total Time": 1105.107,
                    "Actual Rows": 149600,
                    "Actual Loops": 2,
                    "Inner Unique": false,
                    "Merge Cond": "(t.id = mc.movie_id)",
                    "Plans": [
                      {
                        "Node Type": "Index Scan",
                        "Parent Relationship": "Outer",
                        "Parallel Aware": true,
                        "Scan Direction": "Forward",
                        "Index Name": "title_pkey",
                        "Relation Name": "title",
                        "Alias": "t",
                        "Startup Cost": 0.43,
                        "Total Cost": 107365.5,
                        "Plan Rows": 715506,
                        "Plan Width": 4,
                        "Actual Startup Time": 0.076,
                        "Actual Total Time": 608.261,
                        "Actual Rows": 650546,
                        "Actual Loops": 2,
                        "Filter": "((production_year > 1976) AND (kind_id = 7))",
                        "Rows Removed by Filter": 612714
                      },
                      {
                        "Node Type": "Sort",
                        "Parent Relationship": "Inner",
                        "Parallel Aware": false,
                        "Startup Cost": 133975.24,
                        "Total Cost": 136143.64,
                        "Plan Rows": 867359,
                        "Plan Width": 4,
                        "Actual Startup Time": 362.777,
                        "Actual Total Time": 405.054,
                        "Actual Rows": 862119,
                        "Actual Loops": 2,
                        "Sort Key": [
                          "mc.movie_id"
                        ],
                        "Sort Method": "quicksort",
                        "Sort Space Used": 64988,
                        "Sort Space Type": "Memory",
                        "Workers": [
                          {
                            "Worker Number": 0,
                            "Sort Method": "quicksort",
                            "Sort Space Used": 64988,
                            "Sort Space Type": "Memory"
                          }
                        ],
                        "Plans": [
                          {
                            "Node Type": "Bitmap Heap Scan",
                            "Parent Relationship": "Outer",
                            "Parallel Aware": false,
                            "Relation Name": "movie_companies",
                            "Alias": "mc",
                            "Startup Cost": 18794.46,
                            "Total Cost": 48426.45,
                            "Plan Rows": 867359,
                            "Plan Width": 4,
                            "Actual Startup Time": 60.792,
                            "Actual Total Time": 185.115,
                            "Actual Rows": 862119,
                            "Actual Loops": 2,
                            "Recheck Cond": "(company_id < 2528)",
                            "Rows Removed by Index Recheck": 0,
                            "Exact Heap Blocks": 18628,
                            "Lossy Heap Blocks": 0,
                            "Plans": [
                              {
                                "Node Type": "Bitmap Index Scan",
                                "Parent Relationship": "Outer",
                                "Parallel Aware": false,
                                "Index Name": "company_id_movie_companies",
                                "Startup Cost": 0.0,
                                "Total Cost": 18577.62,
                                "Plan Rows": 867359,
                                "Plan Width": 0,
                                "Actual Startup Time": 58.478,
                                "Actual Total Time": 58.478,
                                "Actual Rows": 862119,
                                "Actual Loops": 2,
                                "Index Cond": "(company_id < 2528)"
                              }
                            ]
                          }
                        ]
                      }
                    ]
                  },
                  {
                    "Node Type": "Index Only Scan",
                    "Parent Relationship": "Inner",
                    "Parallel Aware": false,
                    "Scan Direction": "Forward",
                    "Index Name": "movie_id_movie_info",
                    "Relation Name": "movie_info",
                    "Alias": "mi",
                    "Startup Cost": 0.43,
                    "Total Cost": 1.88,
                    "Plan Rows": 42,
                    "Plan Width": 4,
                    "Actual Startup Time": 0.002,
                    "Actual Total Time": 0.004,
                    "Actual Rows": 10,
                    "Actual Loops": 299199,
                    "Index Cond": "(movie_id = t.id)",
                    "Rows Removed by Index Recheck": 0,
                    "Heap Fetches": 2856920
                  }
                ]
              }
            ]
          }
        ]
      }
    ]
  },
  "Planning Time": 1.088,
  "Triggers": [],
  "Execution Time": 1909.674
}