{
    "Plan": {
        "Node Type": "Aggregate",
        "Strategy": "Plain",
        "Partial Mode": "Finalize",
        "Parallel Aware": false,
        "Startup Cost": 270044.59,
        "Total Cost": 270044.6,
        "Plan Rows": 1,
        "Plan Width": 8,
        "Actual Startup Time": 924.336,
        "Actual Total Time": 969.62,
        "Actual Rows": 1,
        "Actual Loops": 1,
        "Output": [
            "count(*)"
        ],
        "Plans": [
            {
                "Node Type": "Gather",
                "Parent Relationship": "Outer",
                "Parallel Aware": false,
                "Startup Cost": 270044.07,
                "Total Cost": 270044.58,
                "Plan Rows": 5,
                "Plan Width": 8,
                "Actual Startup Time": 918.245,
                "Actual Total Time": 969.608,
                "Actual Rows": 6,
                "Actual Loops": 1,
                "Output": [
                    "(PARTIAL count(*))"
                ],
                "Workers Planned": 5,
                "Workers Launched": 5,
                "Single Copy": false,
                "Plans": [
                    {
                        "Node Type": "Aggregate",
                        "Strategy": "Plain",
                        "Partial Mode": "Partial",
                        "Parent Relationship": "Outer",
                        "Parallel Aware": false,
                        "Startup Cost": 269044.07,
                        "Total Cost": 269044.08,
                        "Plan Rows": 1,
                        "Plan Width": 8,
                        "Actual Startup Time": 906.119,
                        "Actual Total Time": 906.192,
                        "Actual Rows": 1,
                        "Actual Loops": 6,
                        "Output": [
                            "PARTIAL count(*)"
                        ],
                        "Workers": [
                            {
                                "Worker Number": 0,
                                "Actual Startup Time": 903.001,
                                "Actual Total Time": 903.005,
                                "Actual Rows": 1,
                                "Actual Loops": 1
                            },
                            {
                                "Worker Number": 1,
                                "Actual Startup Time": 903.744,
                                "Actual Total Time": 903.75,
                                "Actual Rows": 1,
                                "Actual Loops": 1
                            },
                            {
                                "Worker Number": 2,
                                "Actual Startup Time": 903.156,
                                "Actual Total Time": 903.162,
                                "Actual Rows": 1,
                                "Actual Loops": 1
                            },
                            {
                                "Worker Number": 3,
                                "Actual Startup Time": 903.253,
                                "Actual Total Time": 903.257,
                                "Actual Rows": 1,
                                "Actual Loops": 1
                            },
                            {
                                "Worker Number": 4,
                                "Actual Startup Time": 906.344,
                                "Actual Total Time": 906.349,
                                "Actual Rows": 1,
                                "Actual Loops": 1
                            }
                        ],
                        "Plans": [
                            {
                                "Node Type": "Hash Join",
                                "Parent Relationship": "Outer",
                                "Parallel Aware": true,
                                "Join Type": "Inner",
                                "Startup Cost": 63507.57,
                                "Total Cost": 268659.32,
                                "Plan Rows": 153899,
                                "Plan Width": 0,
                                "Actual Startup Time": 268.722,
                                "Actual Total Time": 856.015,
                                "Actual Rows": 1144535,
                                "Actual Loops": 6,
                                "Inner Unique": false,
                                "Hash Cond": "(mi.movie_id = t.id)",
                                "Workers": [
                                    {
                                        "Worker Number": 0,
                                        "Actual Startup Time": 265.726,
                                        "Actual Total Time": 854.169,
                                        "Actual Rows": 1223401,
                                        "Actual Loops": 1
                                    },
                                    {
                                        "Worker Number": 1,
                                        "Actual Startup Time": 265.72,
                                        "Actual Total Time": 852.546,
                                        "Actual Rows": 784449,
                                        "Actual Loops": 1
                                    },
                                    {
                                        "Worker Number": 2,
                                        "Actual Startup Time": 265.884,
                                        "Actual Total Time": 854.876,
                                        "Actual Rows": 1144885,
                                        "Actual Loops": 1
                                    },
                                    {
                                        "Worker Number": 3,
                                        "Actual Startup Time": 266.002,
                                        "Actual Total Time": 854.152,
                                        "Actual Rows": 1221687,
                                        "Actual Loops": 1
                                    },
                                    {
                                        "Worker Number": 4,
                                        "Actual Startup Time": 269.073,
                                        "Actual Total Time": 858.076,
                                        "Actual Rows": 1146006,
                                        "Actual Loops": 1
                                    }
                                ],
                                "Plans": [
                                    {
                                        "Node Type": "Seq Scan",
                                        "Parent Relationship": "Outer",
                                        "Parallel Aware": true,
                                        "Relation Name": "movie_info",
                                        "Schema": "public",
                                        "Alias": "mi",
                                        "Startup Cost": 0.0,
                                        "Total Cost": 198880.74,
                                        "Plan Rows": 1501273,
                                        "Plan Width": 4,
                                        "Actual Startup Time": 19.49,
                                        "Actual Total Time": 335.487,
                                        "Actual Rows": 1258142,
                                        "Actual Loops": 6,
                                        "Output": [
                                            "mi.id",
                                            "mi.movie_id",
                                            "mi.info_type_id",
                                            "mi.info",
                                            "mi.note"
                                        ],
                                        "Filter": "(mi.info_type_id > 7)",
                                        "Rows Removed by Filter": 1214478,
                                        "Workers": [
                                            {
                                                "Worker Number": 0,
                                                "Actual Startup Time": 19.472,
                                                "Actual Total Time": 338.276,
                                                "Actual Rows": 1337641,
                                                "Actual Loops": 1
                                            },
                                            {
                                                "Worker Number": 1,
                                                "Actual Startup Time": 19.504,
                                                "Actual Total Time": 346.876,
                                                "Actual Rows": 877626,
                                                "Actual Loops": 1
                                            },
                                            {
                                                "Worker Number": 2,
                                                "Actual Startup Time": 19.498,
                                                "Actual Total Time": 342.65,
                                                "Actual Rows": 1242773,
                                                "Actual Loops": 1
                                            },
                                            {
                                                "Worker Number": 3,
                                                "Actual Startup Time": 19.495,
                                                "Actual Total Time": 337.358,
                                                "Actual Rows": 1325269,
                                                "Actual Loops": 1
                                            },
                                            {
                                                "Worker Number": 4,
                                                "Actual Startup Time": 19.496,
                                                "Actual Total Time": 342.578,
                                                "Actual Rows": 1244987,
                                                "Actual Loops": 1
                                            }
                                        ]
                                    },
                                    {
                                        "Node Type": "Hash",
                                        "Parent Relationship": "Inner",
                                        "Parallel Aware": true,
                                        "Startup Cost": 62157.66,
                                        "Total Cost": 62157.66,
                                        "Plan Rows": 107993,
                                        "Plan Width": 8,
                                        "Actual Startup Time": 233.414,
                                        "Actual Total Time": 233.485,
                                        "Actual Rows": 87481,
                                        "Actual Loops": 6,
                                        "Output": [
                                            "t.id",
                                            "mi_idx.movie_id"
                                        ],
                                        "Hash Buckets": 1048576,
                                        "Original Hash Buckets": 262144,
                                        "Hash Batches": 1,
                                        "Original Hash Batches": 1,
                                        "Peak Memory Usage": 34976,
                                        "Workers": [
                                            {
                                                "Worker Number": 0,
                                                "Actual Startup Time": 231.697,
                                                "Actual Total Time": 231.7,
                                                "Actual Rows": 93274,
                                                "Actual Loops": 1
                                            },
                                            {
                                                "Worker Number": 1,
                                                "Actual Startup Time": 231.83,
                                                "Actual Total Time": 231.833,
                                                "Actual Rows": 62730,
                                                "Actual Loops": 1
                                            },
                                            {
                                                "Worker Number": 2,
                                                "Actual Startup Time": 232.068,
                                                "Actual Total Time": 232.073,
                                                "Actual Rows": 90278,
                                                "Actual Loops": 1
                                            },
                                            {
                                                "Worker Number": 3,
                                                "Actual Startup Time": 232.084,
                                                "Actual Total Time": 232.087,
                                                "Actual Rows": 91718,
                                                "Actual Loops": 1
                                            },
                                            {
                                                "Worker Number": 4,
                                                "Actual Startup Time": 235.123,
                                                "Actual Total Time": 235.127,
                                                "Actual Rows": 90407,
                                                "Actual Loops": 1
                                            }
                                        ],
                                        "Plans": [
                                            {
                                                "Node Type": "Hash Join",
                                                "Parent Relationship": "Outer",
                                                "Parallel Aware": true,
                                                "Join Type": "Inner",
                                                "Startup Cost": 46963.1,
                                                "Total Cost": 62157.66,
                                                "Plan Rows": 107993,
                                                "Plan Width": 8,
                                                "Actual Startup Time": 141.65,
                                                "Actual Total Time": 186.198,
                                                "Actual Rows": 87481,
                                                "Actual Loops": 6,
                                                "Output": [
                                                    "t.id",
                                                    "mi_idx.movie_id"
                                                ],
                                                "Inner Unique": true,
                                                "Hash Cond": "(mi_idx.movie_id = t.id)",
                                                "Workers": [
                                                    {
                                                        "Worker Number": 0,
                                                        "Actual Startup Time": 140.003,
                                                        "Actual Total Time": 184.876,
                                                        "Actual Rows": 93274,
                                                        "Actual Loops": 1
                                                    },
                                                    {
                                                        "Worker Number": 1,
                                                        "Actual Startup Time": 140.047,
                                                        "Actual Total Time": 184.523,
                                                        "Actual Rows": 62730,
                                                        "Actual Loops": 1
                                                    },
                                                    {
                                                        "Worker Number": 2,
                                                        "Actual Startup Time": 140.27,
                                                        "Actual Total Time": 184.717,
                                                        "Actual Rows": 90278,
                                                        "Actual Loops": 1
                                                    },
                                                    {
                                                        "Worker Number": 3,
                                                        "Actual Startup Time": 140.301,
                                                        "Actual Total Time": 184.617,
                                                        "Actual Rows": 91718,
                                                        "Actual Loops": 1
                                                    },
                                                    {
                                                        "Worker Number": 4,
                                                        "Actual Startup Time": 143.333,
                                                        "Actual Total Time": 187.757,
                                                        "Actual Rows": 90407,
                                                        "Actual Loops": 1
                                                    }
                                                ],
                                                "Plans": [
                                                    {
                                                        "Node Type": "Seq Scan",
                                                        "Parent Relationship": "Outer",
                                                        "Parallel Aware": true,
                                                        "Relation Name": "movie_info_idx",
                                                        "Schema": "public",
                                                        "Alias": "mi_idx",
                                                        "Startup Cost": 0.0,
                                                        "Total Cost": 13685.15,
                                                        "Plan Rows": 575015,
                                                        "Plan Width": 4,
                                                        "Actual Startup Time": 0.01,
                                                        "Actual Total Time": 22.5,
                                                        "Actual Rows": 230006,
                                                        "Actual Loops": 6,
                                                        "Output": [
                                                            "mi_idx.id",
                                                            "mi_idx.movie_id",
                                                            "mi_idx.info_type_id",
                                                            "mi_idx.info",
                                                            "mi_idx.note"
                                                        ],
                                                        "Workers": [
                                                            {
                                                                "Worker Number": 0,
                                                                "Actual Startup Time": 0.009,
                                                                "Actual Total Time": 22.388,
                                                                "Actual Rows": 243302,
                                                                "Actual Loops": 1
                                                            },
                                                            {
                                                                "Worker Number": 1,
                                                                "Actual Startup Time": 0.01,
                                                                "Actual Total Time": 24.289,
                                                                "Actual Rows": 164803,
                                                                "Actual Loops": 1
                                                            },
                                                            {
                                                                "Worker Number": 2,
                                                                "Actual Startup Time": 0.01,
                                                                "Actual Total Time": 23.004,
                                                                "Actual Rows": 234988,
                                                                "Actual Loops": 1
                                                            },
                                                            {
                                                                "Worker Number": 3,
                                                                "Actual Startup Time": 0.009,
                                                                "Actual Total Time": 22.181,
                                                                "Actual Rows": 241757,
                                                                "Actual Loops": 1
                                                            },
                                                            {
                                                                "Worker Number": 4,
                                                                "Actual Startup Time": 0.013,
                                                                "Actual Total Time": 23.157,
                                                                "Actual Rows": 235337,
                                                                "Actual Loops": 1
                                                            }
                                                        ]
                                                    },
                                                    {
                                                        "Node Type": "Hash",
                                                        "Parent Relationship": "Inner",
                                                        "Parallel Aware": true,
                                                        "Startup Cost": 45479.21,
                                                        "Total Cost": 45479.21,
                                                        "Plan Rows": 118711,
                                                        "Plan Width": 4,
                                                        "Actual Startup Time": 117.163,
                                                        "Actual Total Time": 117.164,
                                                        "Actual Rows": 82671,
                                                        "Actual Loops": 6,
                                                        "Output": [
                                                            "t.id"
                                                        ],
                                                        "Hash Buckets": 524288,
                                                        "Original Hash Buckets": 524288,
                                                        "Hash Batches": 1,
                                                        "Original Hash Batches": 1,
                                                        "Peak Memory Usage": 23616,
                                                        "Workers": [
                                                            {
                                                                "Worker Number": 0,
                                                                "Actual Startup Time": 116.757,
                                                                "Actual Total Time": 116.758,
                                                                "Actual Rows": 84671,
                                                                "Actual Loops": 1
                                                            },
                                                            {
                                                                "Worker Number": 1,
                                                                "Actual Startup Time": 116.764,
                                                                "Actual Total Time": 116.765,
                                                                "Actual Rows": 60695,
                                                                "Actual Loops": 1
                                                            },
                                                            {
                                                                "Worker Number": 2,
                                                                "Actual Startup Time": 117.019,
                                                                "Actual Total Time": 117.021,
                                                                "Actual Rows": 83083,
                                                                "Actual Loops": 1
                                                            },
                                                            {
                                                                "Worker Number": 3,
                                                                "Actual Startup Time": 117.094,
                                                                "Actual Total Time": 117.095,
                                                                "Actual Rows": 85401,
                                                                "Actual Loops": 1
                                                            },
                                                            {
                                                                "Worker Number": 4,
                                                                "Actual Startup Time": 120.094,
                                                                "Actual Total Time": 120.095,
                                                                "Actual Rows": 84307,
                                                                "Actual Loops": 1
                                                            }
                                                        ],
                                                        "Plans": [
                                                            {
                                                                "Node Type": "Seq Scan",
                                                                "Parent Relationship": "Outer",
                                                                "Parallel Aware": true,
                                                                "Relation Name": "title",
                                                                "Schema": "public",
                                                                "Alias": "t",
                                                                "Startup Cost": 0.0,
                                                                "Total Cost": 45479.21,
                                                                "Plan Rows": 118711,
                                                                "Plan Width": 4,
                                                                "Actual Startup Time": 52.763,
                                                                "Actual Total Time": 84.767,
                                                                "Actual Rows": 82671,
                                                                "Actual Loops": 6,
                                                                "Output": [
                                                                    "t.id"
                                                                ],
                                                                "Filter": "((t.production_year < 2009) AND (t.kind_id = 1))",
                                                                "Rows Removed by Filter": 338714,
                                                                "Workers": [
                                                                    {
                                                                        "Worker Number": 0,
                                                                        "Actual Startup Time": 52.659,
                                                                        "Actual Total Time": 83.746,
                                                                        "Actual Rows": 84671,
                                                                        "Actual Loops": 1
                                                                    },
                                                                    {
                                                                        "Worker Number": 1,
                                                                        "Actual Startup Time": 52.863,
                                                                        "Actual Total Time": 86.525,
                                                                        "Actual Rows": 60695,
                                                                        "Actual Loops": 1
                                                                    },
                                                                    {
                                                                        "Worker Number": 2,
                                                                        "Actual Startup Time": 52.789,
                                                                        "Actual Total Time": 85.377,
                                                                        "Actual Rows": 83083,
                                                                        "Actual Loops": 1
                                                                    },
                                                                    {
                                                                        "Worker Number": 3,
                                                                        "Actual Startup Time": 52.68,
                                                                        "Actual Total Time": 83.995,
                                                                        "Actual Rows": 85401,
                                                                        "Actual Loops": 1
                                                                    },
                                                                    {
                                                                        "Worker Number": 4,
                                                                        "Actual Startup Time": 52.876,
                                                                        "Actual Total Time": 85.645,
                                                                        "Actual Rows": 84307,
                                                                        "Actual Loops": 1
                                                                    }
                                                                ]
                                                            }
                                                        ]
                                                    }
                                                ]
                                            }
                                        ]
                                    }
                                ]
                            }
                        ]
                    }
                ]
            }
        ]
    },
    "Planning Time": 1.534,
    "Triggers": [],
    "Execution Time": 969.721
}