[
  {
    "Plan": {
      "Node Type": "Aggregate",
      "Strategy": "Plain",
      "Partial Mode": "Finalize",
      "Parallel Aware": false,
      "Startup Cost": 45110.81,
      "Total Cost": 45110.82,
      "Plan Rows": 1,
      "Plan Width": 8,
      "Actual Startup Time": 115.609,
      "Actual Total Time": 125.293,
      "Actual Rows": 1,
      "Actual Loops": 1,
      "Plans": [
        {
          "Node Type": "Gather",
          "Parent Relationship": "Outer",
          "Parallel Aware": false,
          "Startup Cost": 45110.49,
          "Total Cost": 45110.8,
          "Plan Rows": 3,
          "Plan Width": 8,
          "Actual Startup Time": 115.526,
          "Actual Total Time": 125.282,
          "Actual Rows": 4,
          "Actual Loops": 1,
          "Workers Planned": 3,
          "Workers Launched": 3,
          "Single Copy": false,
          "Plans": [
            {
              "Node Type": "Aggregate",
              "Strategy": "Plain",
              "Partial Mode": "Partial",
              "Parent Relationship": "Outer",
              "Parallel Aware": false,
              "Startup Cost": 44110.49,
              "Total Cost": 44110.5,
              "Plan Rows": 1,
              "Plan Width": 8,
              "Actual Startup Time": 112.456,
              "Actual Total Time": 112.457,
              "Actual Rows": 1,
              "Actual Loops": 4,
              "Plans": [
                {
                  "Node Type": "Seq Scan",
                  "Parent Relationship": "Outer",
                  "Parallel Aware": true,
                  "Relation Name": "movie_keyword",
                  "Alias": "mk",
                  "Startup Cost": 0.0,
                  "Total Cost": 42695.65,
                  "Plan Rows": 565935,
                  "Plan Width": 0,
                  "Actual Startup Time": 0.423,
                  "Actual Total Time": 94.547,
                  "Actual Rows": 435603,
                  "Actual Loops": 4,
                  "Filter": "(keyword_id > 8052)",
                  "Rows Removed by Filter": 695380
                }
              ]
            }
          ]
        }
      ]
    },
    "Planning Time": 0.084,
    "Triggers": [],
    "Execution Time": 125.326
  }
]