[
  {
    "Plan": {
      "Node Type": "Aggregate",
      "Strategy": "Plain",
      "Partial Mode": "Finalize",
      "Parallel Aware": false,
      "Startup Cost": 47885.54,
      "Total Cost": 47885.55,
      "Plan Rows": 1,
      "Plan Width": 8,
      "Actual Startup Time": 39.789,
      "Actual Total Time": 47.291,
      "Actual Rows": 1,
      "Actual Loops": 1,
      "Plans": [
        {
          "Node Type": "Gather",
          "Parent Relationship": "Outer",
          "Parallel Aware": false,
          "Startup Cost": 47885.23,
          "Total Cost": 47885.54,
          "Plan Rows": 3,
          "Plan Width": 8,
          "Actual Startup Time": 39.319,
          "Actual Total Time": 47.286,
          "Actual Rows": 4,
          "Actual Loops": 1,
          "Workers Planned": 3,
          "Workers Launched": 3,
          "Single Copy": false,
          "Plans": [
            {
              "Node Type": "Aggregate",
              "Strategy": "Plain",
              "Partial Mode": "Partial",
              "Parent Relationship": "Outer",
              "Parallel Aware": false,
              "Startup Cost": 46885.23,
              "Total Cost": 46885.24,
              "Plan Rows": 1,
              "Plan Width": 8,
              "Actual Startup Time": 33.784,
              "Actual Total Time": 33.785,
              "Actual Rows": 1,
              "Actual Loops": 4,
              "Plans": [
                {
                  "Node Type": "Nested Loop",
                  "Parent Relationship": "Outer",
                  "Parallel Aware": false,
                  "Join Type": "Inner",
                  "Startup Cost": 276.2,
                  "Total Cost": 46881.19,
                  "Plan Rows": 1613,
                  "Plan Width": 0,
                  "Actual Startup Time": 1.377,
                  "Actual Total Time": 33.387,
                  "Actual Rows": 3187,
                  "Actual Loops": 4,
                  "Inner Unique": true,
                  "Plans": [
                    {
                      "Node Type": "Bitmap Heap Scan",
                      "Parent Relationship": "Outer",
                      "Parallel Aware": true,
                      "Relation Name": "movie_keyword",
                      "Alias": "mk",
                      "Startup Cost": 275.77,
                      "Total Cost": 21317.58,
                      "Plan Rows": 4135,
                      "Plan Width": 4,
                      "Actual Startup Time": 0.988,
                      "Actual Total Time": 8.836,
                      "Actual Rows": 3591,
                      "Actual Loops": 4,
                      "Recheck Cond": "(keyword_id = 1)",
                      "Rows Removed by Index Recheck": 0,
                      "Exact Heap Blocks": 3495,
                      "Lossy Heap Blocks": 0,
                      "Plans": [
                        {
                          "Node Type": "Bitmap Index Scan",
                          "Parent Relationship": "Outer",
                          "Parallel Aware": false,
                          "Index Name": "keyword_id_movie_keyword",
                          "Startup Cost": 0.0,
                          "Total Cost": 272.57,
                          "Plan Rows": 12818,
                          "Plan Width": 0,
                          "Actual Startup Time": 2.231,
                          "Actual Total Time": 2.232,
                          "Actual Rows": 14364,
                          "Actual Loops": 1,
                          "Index Cond": "(keyword_id = 1)"
                        }
                      ]
                    },
                    {
                      "Node Type": "Index Scan",
                      "Parent Relationship": "Inner",
                      "Parallel Aware": false,
                      "Scan Direction": "Forward",
                      "Index Name": "title_pkey",
                      "Relation Name": "title",
                      "Alias": "t",
                      "Startup Cost": 0.43,
                      "Total Cost": 6.18,
                      "Plan Rows": 1,
                      "Plan Width": 4,
                      "Actual Startup Time": 0.006,
                      "Actual Total Time": 0.006,
                      "Actual Rows": 1,
                      "Actual Loops": 14364,
                      "Index Cond": "(id = mk.movie_id)",
                      "Rows Removed by Index Recheck": 0,
                      "Filter": "(kind_id < 7)",
                      "Rows Removed by Filter": 0
                    }
                  ]
                }
              ]
            }
          ]
        }
      ]
    },
    "Planning Time": 0.66,
    "Triggers": [],
    "Execution Time": 47.338
  }
]