[
  {
    "Plan": {
      "Node Type": "Aggregate",
      "Strategy": "Plain",
      "Partial Mode": "Finalize",
      "Parallel Aware": false,
      "Startup Cost": 287618.68,
      "Total Cost": 287618.69,
      "Plan Rows": 1,
      "Plan Width": 8,
      "Actual Startup Time": 2581.859,
      "Actual Total Time": 2616.091,
      "Actual Rows": 1,
      "Actual Loops": 1,
      "Plans": [
        {
          "Node Type": "Gather",
          "Parent Relationship": "Outer",
          "Parallel Aware": false,
          "Startup Cost": 287618.36,
          "Total Cost": 287618.67,
          "Plan Rows": 3,
          "Plan Width": 8,
          "Actual Startup Time": 2555.207,
          "Actual Total Time": 2616.08,
          "Actual Rows": 4,
          "Actual Loops": 1,
          "Workers Planned": 3,
          "Workers Launched": 3,
          "Single Copy": false,
          "Plans": [
            {
              "Node Type": "Aggregate",
              "Strategy": "Plain",
              "Partial Mode": "Partial",
              "Parent Relationship": "Outer",
              "Parallel Aware": false,
              "Startup Cost": 286618.36,
              "Total Cost": 286618.37,
              "Plan Rows": 1,
              "Plan Width": 8,
              "Actual Startup Time": 2548.02,
              "Actual Total Time": 2548.207,
              "Actual Rows": 1,
              "Actual Loops": 4,
              "Plans": [
                {
                  "Node Type": "Hash Join",
                  "Parent Relationship": "Outer",
                  "Parallel Aware": true,
                  "Join Type": "Inner",
                  "Startup Cost": 239135.31,
                  "Total Cost": 284972.12,
                  "Plan Rows": 658496,
                  "Plan Width": 0,
                  "Actual Startup Time": 740.508,
                  "Actual Total Time": 1946.92,
                  "Actual Rows": 13115067,
                  "Actual Loops": 4,
                  "Inner Unique": false,
                  "Hash Cond": "(mk.movie_id = t.id)",
                  "Plans": [
                    {
                      "Node Type": "Seq Scan",
                      "Parent Relationship": "Outer",
                      "Parallel Aware": true,
                      "Relation Name": "movie_keyword",
                      "Alias": "mk",
                      "Startup Cost": 0.0,
                      "Total Cost": 39047.32,
                      "Plan Rows": 1459332,
                      "Plan Width": 4,
                      "Actual Startup Time": 0.06,
                      "Actual Total Time": 91.471,
                      "Actual Rows": 1130982,
                      "Actual Loops": 4
                    },
                    {
                      "Node Type": "Hash",
                      "Parent Relationship": "Inner",
                      "Parallel Aware": true,
                      "Startup Cost": 236283.05,
                      "Total Cost": 236283.05,
                      "Plan Rows": 228181,
                      "Plan Width": 8,
                      "Actual Startup Time": 735.833,
                      "Actual Total Time": 736.017,
                      "Actual Rows": 283800,
                      "Actual Loops": 4,
                      "Hash Buckets": 2097152,
                      "Original Hash Buckets": 2097152,
                      "Hash Batches": 1,
                      "Original Hash Batches": 1,
                      "Peak Memory Usage": 60864,
                      "Plans": [
                        {
                          "Node Type": "Hash Join",
                          "Parent Relationship": "Outer",
                          "Parallel Aware": true,
                          "Join Type": "Inner",
                          "Startup Cost": 70838.82,
                          "Total Cost": 236283.05,
                          "Plan Rows": 228181,
                          "Plan Width": 8,
                          "Actual Startup Time": 429.785,
                          "Actual Total Time": 630.261,
                          "Actual Rows": 283800,
                          "Actual Loops": 4,
                          "Inner Unique": true,
                          "Hash Cond": "(mi.movie_id = t.id)",
                          "Plans": [
                            {
                              "Node Type": "Bitmap Heap Scan",
                              "Parent Relationship": "Outer",
                              "Parallel Aware": true,
                              "Relation Name": "movie_info",
                              "Alias": "mi",
                              "Startup Cost": 20618.43,
                              "Total Cost": 185463.69,
                              "Plan Rows": 228181,
                              "Plan Width": 4,
                              "Actual Startup Time": 45.811,
                              "Actual Total Time": 125.214,
                              "Actual Rows": 283800,
                              "Actual Loops": 4,
                              "Recheck Cond": "(info_type_id > 57)",
                              "Rows Removed by Index Recheck": 0,
                              "Exact Heap Blocks": 10496,
                              "Lossy Heap Blocks": 0,
                              "Plans": [
                                {
                                  "Node Type": "Bitmap Index Scan",
                                  "Parent Relationship": "Outer",
                                  "Parallel Aware": false,
                                  "Index Name": "info_type_id_movie_info",
                                  "Startup Cost": 0.0,
                                  "Total Cost": 20333.21,
                                  "Plan Rows": 1140903,
                                  "Plan Width": 0,
                                  "Actual Startup Time": 40.31,
                                  "Actual Total Time": 40.31,
                                  "Actual Rows": 1135201,
                                  "Actual Loops": 1,
                                  "Index Cond": "(info_type_id > 57)"
                                }
                              ]
                            },
                            {
                              "Node Type": "Hash",
                              "Parent Relationship": "Inner",
                              "Parallel Aware": true,
                              "Startup Cost": 42319.06,
                              "Total Cost": 42319.06,
                              "Plan Rows": 632106,
                              "Plan Width": 4,
                              "Actual Startup Time": 376.145,
                              "Actual Total Time": 376.148,
                              "Actual Rows": 632078,
                              "Actual Loops": 4,
                              "Hash Buckets": 4194304,
                              "Original Hash Buckets": 4194304,
                              "Hash Batches": 1,
                              "Original Hash Batches": 1,
                              "Peak Memory Usage": 131744,
                              "Plans": [
                                {
                                  "Node Type": "Seq Scan",
                                  "Parent Relationship": "Outer",
                                  "Parallel Aware": true,
                                  "Relation Name": "title",
                                  "Alias": "t",
                                  "Startup Cost": 0.0,
                                  "Total Cost": 42319.06,
                                  "Plan Rows": 632106,
                                  "Plan Width": 4,
                                  "Actual Startup Time": 0.047,
                                  "Actual Total Time": 105.945,
                                  "Actual Rows": 632078,
                                  "Actual Loops": 4
                                }
                              ]
                            }
                          ]
                        }
                      ]
                    }
                  ]
                }
              ]
            }
          ]
        }
      ]
    },
    "Planning Time": 0.415,
    "Triggers": [],
    "Execution Time": 2616.145
  }
]