[
  {
    "Plan": {
      "Node Type": "Aggregate",
      "Strategy": "Plain",
      "Partial Mode": "Finalize",
      "Parallel Aware": false,
      "Startup Cost": 73860.58,
      "Total Cost": 73860.59,
      "Plan Rows": 1,
      "Plan Width": 8,
      "Actual Startup Time": 387.689,
      "Actual Total Time": 442.593,
      "Actual Rows": 1,
      "Actual Loops": 1,
      "Plans": [
        {
          "Node Type": "Gather",
          "Parent Relationship": "Outer",
          "Parallel Aware": false,
          "Startup Cost": 73860.27,
          "Total Cost": 73860.58,
          "Plan Rows": 3,
          "Plan Width": 8,
          "Actual Startup Time": 387.272,
          "Actual Total Time": 442.583,
          "Actual Rows": 4,
          "Actual Loops": 1,
          "Workers Planned": 3,
          "Workers Launched": 3,
          "Single Copy": false,
          "Plans": [
            {
              "Node Type": "Aggregate",
              "Strategy": "Plain",
              "Partial Mode": "Partial",
              "Parent Relationship": "Outer",
              "Parallel Aware": false,
              "Startup Cost": 72860.27,
              "Total Cost": 72860.28,
              "Plan Rows": 1,
              "Plan Width": 8,
              "Actual Startup Time": 377.496,
              "Actual Total Time": 377.498,
              "Actual Rows": 1,
              "Actual Loops": 4,
              "Plans": [
                {
                  "Node Type": "Nested Loop",
                  "Parent Relationship": "Outer",
                  "Parallel Aware": false,
                  "Join Type": "Inner",
                  "Startup Cost": 417.35,
                  "Total Cost": 72707.47,
                  "Plan Rows": 61117,
                  "Plan Width": 0,
                  "Actual Startup Time": 3.87,
                  "Actual Total Time": 367.034,
                  "Actual Rows": 194783,
                  "Actual Loops": 4,
                  "Inner Unique": false,
                  "Plans": [
                    {
                      "Node Type": "Nested Loop",
                      "Parent Relationship": "Outer",
                      "Parallel Aware": false,
                      "Join Type": "Inner",
                      "Startup Cost": 416.79,
                      "Total Cost": 59043.86,
                      "Plan Rows": 6324,
                      "Plan Width": 8,
                      "Actual Startup Time": 3.079,
                      "Actual Total Time": 26.962,
                      "Actual Rows": 4434,
                      "Actual Loops": 4,
                      "Inner Unique": true,
                      "Plans": [
                        {
                          "Node Type": "Bitmap Heap Scan",
                          "Parent Relationship": "Outer",
                          "Parallel Aware": true,
                          "Relation Name": "movie_keyword",
                          "Alias": "mk",
                          "Startup Cost": 416.36,
                          "Total Cost": 24713.56,
                          "Plan Rows": 6324,
                          "Plan Width": 4,
                          "Actual Startup Time": 2.868,
                          "Actual Total Time": 9.577,
                          "Actual Rows": 4434,
                          "Actual Loops": 4,
                          "Recheck Cond": "(keyword_id > 119003)",
                          "Rows Removed by Index Recheck": 0,
                          "Exact Heap Blocks": 2256,
                          "Lossy Heap Blocks": 0,
                          "Plans": [
                            {
                              "Node Type": "Bitmap Index Scan",
                              "Parent Relationship": "Outer",
                              "Parallel Aware": false,
                              "Index Name": "keyword_id_movie_keyword",
                              "Startup Cost": 0.0,
                              "Total Cost": 411.46,
                              "Plan Rows": 19603,
                              "Plan Width": 0,
                              "Actual Startup Time": 8.019,
                              "Actual Total Time": 8.019,
                              "Actual Rows": 17737,
                              "Actual Loops": 1,
                              "Index Cond": "(keyword_id > 119003)"
                            }
                          ]
                        },
                        {
                          "Node Type": "Index Only Scan",
                          "Parent Relationship": "Inner",
                          "Parallel Aware": false,
                          "Scan Direction": "Forward",
                          "Index Name": "title_pkey",
                          "Relation Name": "title",
                          "Alias": "t",
                          "Startup Cost": 0.43,
                          "Total Cost": 5.43,
                          "Plan Rows": 1,
                          "Plan Width": 4,
                          "Actual Startup Time": 0.003,
                          "Actual Total Time": 0.003,
                          "Actual Rows": 1,
                          "Actual Loops": 17737,
                          "Index Cond": "(id = mk.movie_id)",
                          "Rows Removed by Index Recheck": 0,
                          "Heap Fetches": 17737
                        }
                      ]
                    },
                    {
                      "Node Type": "Index Scan",
                      "Parent Relationship": "Inner",
                      "Parallel Aware": false,
                      "Scan Direction": "Forward",
                      "Index Name": "movie_id_cast_info",
                      "Relation Name": "cast_info",
                      "Alias": "ci",
                      "Startup Cost": 0.56,
                      "Total Cost": 1.91,
                      "Plan Rows": 25,
                      "Plan Width": 4,
                      "Actual Startup Time": 0.022,
                      "Actual Total Time": 0.073,
                      "Actual Rows": 44,
                      "Actual Loops": 17737,
                      "Index Cond": "(movie_id = t.id)",
                      "Rows Removed by Index Recheck": 0,
                      "Filter": "(person_id > 1159402)",
                      "Rows Removed by Filter": 22
                    }
                  ]
                }
              ]
            }
          ]
        }
      ]
    },
    "Planning Time": 1.46,
    "Triggers": [],
    "Execution Time": 442.723
  }
]