{
  "Plan": {
    "Node Type": "Aggregate",
    "Strategy": "Plain",
    "Partial Mode": "Finalize",
    "Parallel Aware": false,
    "Startup Cost": 74902.71,
    "Total Cost": 74902.72,
    "Plan Rows": 1,
    "Plan Width": 8,
    "Actual Startup Time": 224.606,
    "Actual Total Time": 237.545,
    "Actual Rows": 1,
    "Actual Loops": 1,
    "Plans": [
      {
        "Node Type": "Gather",
        "Parent Relationship": "Outer",
        "Parallel Aware": false,
        "Startup Cost": 74902.6,
        "Total Cost": 74902.71,
        "Plan Rows": 1,
        "Plan Width": 8,
        "Actual Startup Time": 224.33,
        "Actual Total Time": 237.538,
        "Actual Rows": 2,
        "Actual Loops": 1,
        "Workers Planned": 1,
        "Workers Launched": 1,
        "Single Copy": false,
        "Plans": [
          {
            "Node Type": "Aggregate",
            "Strategy": "Plain",
            "Partial Mode": "Partial",
            "Parent Relationship": "Outer",
            "Parallel Aware": false,
            "Startup Cost": 73902.6,
            "Total Cost": 73902.61,
            "Plan Rows": 1,
            "Plan Width": 8,
            "Actual Startup Time": 218.694,
            "Actual Total Time": 218.697,
            "Actual Rows": 1,
            "Actual Loops": 2,
            "Plans": [
              {
                "Node Type": "Hash Join",
                "Parent Relationship": "Outer",
                "Parallel Aware": true,
                "Join Type": "Inner",
                "Startup Cost": 55099.89,
                "Total Cost": 73884.21,
                "Plan Rows": 7358,
                "Plan Width": 0,
                "Actual Startup Time": 173.606,
                "Actual Total Time": 218.552,
                "Actual Rows": 2396,
                "Actual Loops": 2,
                "Inner Unique": true,
                "Hash Cond": "(mi_idx.movie_id = t.id)",
                "Plans": [
                  {
                    "Node Type": "Seq Scan",
                    "Parent Relationship": "Outer",
                    "Parallel Aware": true,
                    "Relation Name": "movie_info_idx",
                    "Alias": "mi_idx",
                    "Startup Cost": 0.0,
                    "Total Cost": 18082.32,
                    "Plan Rows": 267429,
                    "Plan Width": 4,
                    "Actual Startup Time": 0.019,
                    "Actual Total Time": 49.817,
                    "Actual Rows": 229962,
                    "Actual Loops": 2,
                    "Filter": "(info_type_id < 100)",
                    "Rows Removed by Filter": 460055
                  },
                  {
                    "Node Type": "Hash",
                    "Parent Relationship": "Inner",
                    "Parallel Aware": true,
                    "Startup Cost": 54588.39,
                    "Total Cost": 54588.39,
                    "Plan Rows": 40920,
                    "Plan Width": 4,
                    "Actual Startup Time": 141.132,
                    "Actual Total Time": 141.133,
                    "Actual Rows": 36676,
                    "Actual Loops": 2,
                    "Hash Buckets": 131072,
                    "Original Hash Buckets": 131072,
                    "Hash Batches": 1,
                    "Original Hash Batches": 1,
                    "Peak Memory Usage": 3936,
                    "Plans": [
                      {
                        "Node Type": "Seq Scan",
                        "Parent Relationship": "Outer",
                        "Parallel Aware": true,
                        "Relation Name": "title",
                        "Alias": "t",
                        "Startup Cost": 0.0,
                        "Total Cost": 54588.39,
                        "Plan Rows": 40920,
                        "Plan Width": 4,
                        "Actual Startup Time": 69.149,
                        "Actual Total Time": 132.873,
                        "Actual Rows": 36676,
                        "Actual Loops": 2,
                        "Filter": "(production_year < 1917)",
                        "Rows Removed by Filter": 1227480
                      }
                    ]
                  }
                ]
              }
            ]
          }
        ]
      }
    ]
  },
  "Planning Time": 0.458,
  "Triggers": [],
  "Execution Time": 237.617
}