[
  {
    "Plan": {
      "Node Type": "Aggregate",
      "Strategy": "Plain",
      "Partial Mode": "Finalize",
      "Parallel Aware": false,
      "Startup Cost": 77857.36,
      "Total Cost": 77857.37,
      "Plan Rows": 1,
      "Plan Width": 8,
      "Actual Startup Time": 268.732,
      "Actual Total Time": 282.55,
      "Actual Rows": 1,
      "Actual Loops": 1,
      "Plans": [
        {
          "Node Type": "Gather",
          "Parent Relationship": "Outer",
          "Parallel Aware": false,
          "Startup Cost": 77856.94,
          "Total Cost": 77857.35,
          "Plan Rows": 4,
          "Plan Width": 8,
          "Actual Startup Time": 267.086,
          "Actual Total Time": 282.542,
          "Actual Rows": 5,
          "Actual Loops": 1,
          "Workers Planned": 4,
          "Workers Launched": 4,
          "Single Copy": false,
          "Plans": [
            {
              "Node Type": "Aggregate",
              "Strategy": "Plain",
              "Partial Mode": "Partial",
              "Parent Relationship": "Outer",
              "Parallel Aware": false,
              "Startup Cost": 76856.94,
              "Total Cost": 76856.95,
              "Plan Rows": 1,
              "Plan Width": 8,
              "Actual Startup Time": 256.493,
              "Actual Total Time": 256.498,
              "Actual Rows": 1,
              "Actual Loops": 5,
              "Plans": [
                {
                  "Node Type": "Nested Loop",
                  "Parent Relationship": "Outer",
                  "Parallel Aware": false,
                  "Join Type": "Inner",
                  "Startup Cost": 24531.8,
                  "Total Cost": 76839.66,
                  "Plan Rows": 6911,
                  "Plan Width": 0,
                  "Actual Startup Time": 109.373,
                  "Actual Total Time": 254.137,
                  "Actual Rows": 47079,
                  "Actual Loops": 5,
                  "Inner Unique": false,
                  "Plans": [
                    {
                      "Node Type": "Hash Join",
                      "Parent Relationship": "Outer",
                      "Parallel Aware": true,
                      "Join Type": "Inner",
                      "Startup Cost": 24531.37,
                      "Total Cost": 69300.2,
                      "Plan Rows": 12661,
                      "Plan Width": 8,
                      "Actual Startup Time": 107.551,
                      "Actual Total Time": 165.676,
                      "Actual Rows": 31789,
                      "Actual Loops": 5,
                      "Inner Unique": false,
                      "Hash Cond": "(t.id = mc.movie_id)",
                      "Plans": [
                        {
                          "Node Type": "Seq Scan",
                          "Parent Relationship": "Outer",
                          "Parallel Aware": true,
                          "Relation Name": "title",
                          "Alias": "t",
                          "Startup Cost": 0.0,
                          "Total Cost": 43898.92,
                          "Plan Rows": 165814,
                          "Plan Width": 4,
                          "Actual Startup Time": 30.965,
                          "Actual Total Time": 72.702,
                          "Actual Rows": 132565,
                          "Actual Loops": 5,
                          "Filter": "(kind_id = 1)",
                          "Rows Removed by Filter": 373097
                        },
                        {
                          "Node Type": "Hash",
                          "Parent Relationship": "Inner",
                          "Parallel Aware": true,
                          "Startup Cost": 23752.96,
                          "Total Cost": 23752.96,
                          "Plan Rows": 62273,
                          "Plan Width": 4,
                          "Actual Startup Time": 58.453,
                          "Actual Total Time": 58.455,
                          "Actual Rows": 37517,
                          "Actual Loops": 5,
                          "Hash Buckets": 262144,
                          "Original Hash Buckets": 262144,
                          "Hash Batches": 1,
                          "Original Hash Batches": 1,
                          "Peak Memory Usage": 9472,
                          "Plans": [
                            {
                              "Node Type": "Bitmap Heap Scan",
                              "Parent Relationship": "Outer",
                              "Parallel Aware": true,
                              "Relation Name": "movie_companies",
                              "Alias": "mc",
                              "Startup Cost": 4184.54,
                              "Total Cost": 23752.96,
                              "Plan Rows": 62273,
                              "Plan Width": 4,
                              "Actual Startup Time": 16.197,
                              "Actual Total Time": 40.738,
                              "Actual Rows": 37517,
                              "Actual Loops": 5,
                              "Recheck Cond": "(company_id > 117537)",
                              "Rows Removed by Index Recheck": 0,
                              "Exact Heap Blocks": 1881,
                              "Lossy Heap Blocks": 0,
                              "Plans": [
                                {
                                  "Node Type": "Bitmap Index Scan",
                                  "Parent Relationship": "Outer",
                                  "Parallel Aware": false,
                                  "Index Name": "company_id_movie_companies",
                                  "Startup Cost": 0.0,
                                  "Total Cost": 4136.28,
                                  "Plan Rows": 193047,
                                  "Plan Width": 0,
                                  "Actual Startup Time": 17.803,
                                  "Actual Total Time": 17.808,
                                  "Actual Rows": 187583,
                                  "Actual Loops": 1,
                                  "Index Cond": "(company_id > 117537)"
                                }
                              ]
                            }
                          ]
                        }
                      ]
                    },
                    {
                      "Node Type": "Index Only Scan",
                      "Parent Relationship": "Inner",
                      "Parallel Aware": false,
                      "Scan Direction": "Forward",
                      "Index Name": "movie_id_movie_info_idx",
                      "Relation Name": "movie_info_idx",
                      "Alias": "mi_idx",
                      "Startup Cost": 0.43,
                      "Total Cost": 0.57,
                      "Plan Rows": 3,
                      "Plan Width": 4,
                      "Actual Startup Time": 0.002,
                      "Actual Total Time": 0.002,
                      "Actual Rows": 1,
                      "Actual Loops": 158944,
                      "Index Cond": "(movie_id = t.id)",
                      "Rows Removed by Index Recheck": 0,
                      "Heap Fetches": 235395
                    }
                  ]
                }
              ]
            }
          ]
        }
      ]
    },
    "Planning Time": 1.435,
    "Triggers": [],
    "Execution Time": 282.663
  }
]