[
  {
    "Plan": {
      "Node Type": "Aggregate",
      "Strategy": "Plain",
      "Partial Mode": "Finalize",
      "Parallel Aware": false,
      "Startup Cost": 348359.49,
      "Total Cost": 348359.5,
      "Plan Rows": 1,
      "Plan Width": 8,
      "Actual Startup Time": 920.525,
      "Actual Total Time": 1002.705,
      "Actual Rows": 1,
      "Actual Loops": 1,
      "Plans": [
        {
          "Node Type": "Gather",
          "Parent Relationship": "Outer",
          "Parallel Aware": false,
          "Startup Cost": 348358.86,
          "Total Cost": 348359.47,
          "Plan Rows": 6,
          "Plan Width": 8,
          "Actual Startup Time": 920.391,
          "Actual Total Time": 1002.694,
          "Actual Rows": 7,
          "Actual Loops": 1,
          "Workers Planned": 6,
          "Workers Launched": 6,
          "Single Copy": false,
          "Plans": [
            {
              "Node Type": "Aggregate",
              "Strategy": "Plain",
              "Partial Mode": "Partial",
              "Parent Relationship": "Outer",
              "Parallel Aware": false,
              "Startup Cost": 347358.86,
              "Total Cost": 347358.88,
              "Plan Rows": 1,
              "Plan Width": 8,
              "Actual Startup Time": 910.437,
              "Actual Total Time": 910.439,
              "Actual Rows": 1,
              "Actual Loops": 7,
              "Plans": [
                {
                  "Node Type": "Seq Scan",
                  "Parent Relationship": "Outer",
                  "Parallel Aware": true,
                  "Relation Name": "cast_info",
                  "Alias": "ci",
                  "Startup Cost": 0.0,
                  "Total Cost": 343257.03,
                  "Plan Rows": 1640734,
                  "Plan Width": 0,
                  "Actual Startup Time": 0.056,
                  "Actual Total Time": 817.255,
                  "Actual Rows": 1589875,
                  "Actual Loops": 7,
                  "Filter": "((person_id < 1219471) AND (role_id < 8))",
                  "Rows Removed by Filter": 3587889
                }
              ]
            }
          ]
        }
      ]
    },
    "Planning Time": 0.231,
    "Triggers": [],
    "Execution Time": 1002.785
  }
]