[
  {
    "Plan": {
      "Node Type": "Aggregate",
      "Strategy": "Plain",
      "Partial Mode": "Finalize",
      "Parallel Aware": false,
      "Startup Cost": 46489.35,
      "Total Cost": 46489.36,
      "Plan Rows": 1,
      "Plan Width": 8,
      "Actual Startup Time": 90.714,
      "Actual Total Time": 103.927,
      "Actual Rows": 1,
      "Actual Loops": 1,
      "Plans": [
        {
          "Node Type": "Gather",
          "Parent Relationship": "Outer",
          "Parallel Aware": false,
          "Startup Cost": 46488.93,
          "Total Cost": 46489.34,
          "Plan Rows": 4,
          "Plan Width": 8,
          "Actual Startup Time": 90.547,
          "Actual Total Time": 103.914,
          "Actual Rows": 5,
          "Actual Loops": 1,
          "Workers Planned": 4,
          "Workers Launched": 4,
          "Single Copy": false,
          "Plans": [
            {
              "Node Type": "Aggregate",
              "Strategy": "Plain",
              "Partial Mode": "Partial",
              "Parent Relationship": "Outer",
              "Parallel Aware": false,
              "Startup Cost": 45488.93,
              "Total Cost": 45488.94,
              "Plan Rows": 1,
              "Plan Width": 8,
              "Actual Startup Time": 85.761,
              "Actual Total Time": 85.763,
              "Actual Rows": 1,
              "Actual Loops": 5,
              "Plans": [
                {
                  "Node Type": "Seq Scan",
                  "Parent Relationship": "Outer",
                  "Parallel Aware": true,
                  "Relation Name": "title",
                  "Alias": "t",
                  "Startup Cost": 0.0,
                  "Total Cost": 45479.59,
                  "Plan Rows": 3739,
                  "Plan Width": 0,
                  "Actual Startup Time": 0.038,
                  "Actual Total Time": 85.414,
                  "Actual Rows": 3249,
                  "Actual Loops": 5,
                  "Filter": "((kind_id = 7) AND (production_year = 1993))",
                  "Rows Removed by Filter": 502413
                }
              ]
            }
          ]
        }
      ]
    },
    "Planning Time": 0.095,
    "Triggers": [],
    "Execution Time": 103.962
  }
]