[
  {
    "Plan": {
      "Node Type": "Aggregate",
      "Strategy": "Plain",
      "Partial Mode": "Finalize",
      "Parallel Aware": false,
      "Startup Cost": 71953.18,
      "Total Cost": 71953.19,
      "Plan Rows": 1,
      "Plan Width": 8,
      "Actual Startup Time": 202.92,
      "Actual Total Time": 217.429,
      "Actual Rows": 1,
      "Actual Loops": 1,
      "Plans": [
        {
          "Node Type": "Gather",
          "Parent Relationship": "Outer",
          "Parallel Aware": false,
          "Startup Cost": 71952.86,
          "Total Cost": 71953.17,
          "Plan Rows": 3,
          "Plan Width": 8,
          "Actual Startup Time": 200.87,
          "Actual Total Time": 217.421,
          "Actual Rows": 4,
          "Actual Loops": 1,
          "Workers Planned": 3,
          "Workers Launched": 3,
          "Single Copy": false,
          "Plans": [
            {
              "Node Type": "Aggregate",
              "Strategy": "Plain",
              "Partial Mode": "Partial",
              "Parent Relationship": "Outer",
              "Parallel Aware": false,
              "Startup Cost": 70952.86,
              "Total Cost": 70952.87,
              "Plan Rows": 1,
              "Plan Width": 8,
              "Actual Startup Time": 193.294,
              "Actual Total Time": 193.298,
              "Actual Rows": 1,
              "Actual Loops": 4,
              "Plans": [
                {
                  "Node Type": "Hash Join",
                  "Parent Relationship": "Outer",
                  "Parallel Aware": true,
                  "Join Type": "Inner",
                  "Startup Cost": 51140.37,
                  "Total Cost": 70927.15,
                  "Plan Rows": 10285,
                  "Plan Width": 0,
                  "Actual Startup Time": 151.436,
                  "Actual Total Time": 192.779,
                  "Actual Rows": 7970,
                  "Actual Loops": 4,
                  "Inner Unique": true,
                  "Hash Cond": "(mc.movie_id = t.id)",
                  "Plans": [
                    {
                      "Node Type": "Bitmap Heap Scan",
                      "Parent Relationship": "Outer",
                      "Parallel Aware": true,
                      "Relation Name": "movie_companies",
                      "Alias": "mc",
                      "Startup Cost": 4427.76,
                      "Total Cost": 24041.55,
                      "Plan Rows": 65903,
                      "Plan Width": 4,
                      "Actual Startup Time": 12.705,
                      "Actual Total Time": 37.349,
                      "Actual Rows": 49535,
                      "Actual Loops": 4,
                      "Recheck Cond": "(company_id < 57)",
                      "Rows Removed by Index Recheck": 0,
                      "Exact Heap Blocks": 5911,
                      "Lossy Heap Blocks": 0,
                      "Plans": [
                        {
                          "Node Type": "Bitmap Index Scan",
                          "Parent Relationship": "Outer",
                          "Parallel Aware": false,
                          "Index Name": "company_id_movie_companies",
                          "Startup Cost": 0.0,
                          "Total Cost": 4376.68,
                          "Plan Rows": 204300,
                          "Plan Width": 0,
                          "Actual Startup Time": 10.495,
                          "Actual Total Time": 10.496,
                          "Actual Rows": 198140,
                          "Actual Loops": 1,
                          "Index Cond": "(company_id < 57)"
                        }
                      ]
                    },
                    {
                      "Node Type": "Hash",
                      "Parent Relationship": "Inner",
                      "Parallel Aware": true,
                      "Startup Cost": 45479.59,
                      "Total Cost": 45479.59,
                      "Plan Rows": 98642,
                      "Plan Width": 4,
                      "Actual Startup Time": 135.8,
                      "Actual Total Time": 135.801,
                      "Actual Rows": 125153,
                      "Actual Loops": 4,
                      "Hash Buckets": 524288,
                      "Original Hash Buckets": 524288,
                      "Hash Batches": 1,
                      "Original Hash Batches": 1,
                      "Peak Memory Usage": 23744,
                      "Plans": [
                        {
                          "Node Type": "Seq Scan",
                          "Parent Relationship": "Outer",
                          "Parallel Aware": true,
                          "Relation Name": "title",
                          "Alias": "t",
                          "Startup Cost": 0.0,
                          "Total Cost": 45479.59,
                          "Plan Rows": 98642,
                          "Plan Width": 4,
                          "Actual Startup Time": 0.039,
                          "Actual Total Time": 96.608,
                          "Actual Rows": 125153,
                          "Actual Loops": 4,
                          "Filter": "((kind_id < 7) AND (production_year < 2000))",
                          "Rows Removed by Filter": 506925
                        }
                      ]
                    }
                  ]
                }
              ]
            }
          ]
        }
      ]
    },
    "Planning Time": 0.467,
    "Triggers": [],
    "Execution Time": 217.494
  }
]