[
  {
    "Plan": {
      "Node Type": "Aggregate",
      "Strategy": "Plain",
      "Partial Mode": "Finalize",
      "Parallel Aware": false,
      "Startup Cost": 383999.24,
      "Total Cost": 383999.25,
      "Plan Rows": 1,
      "Plan Width": 8,
      "Actual Startup Time": 1249.255,
      "Actual Total Time": 1306.42,
      "Actual Rows": 1,
      "Actual Loops": 1,
      "Plans": [
        {
          "Node Type": "Gather",
          "Parent Relationship": "Outer",
          "Parallel Aware": false,
          "Startup Cost": 383998.61,
          "Total Cost": 383999.22,
          "Plan Rows": 6,
          "Plan Width": 8,
          "Actual Startup Time": 1242.759,
          "Actual Total Time": 1306.39,
          "Actual Rows": 7,
          "Actual Loops": 1,
          "Workers Planned": 6,
          "Workers Launched": 6,
          "Single Copy": false,
          "Plans": [
            {
              "Node Type": "Aggregate",
              "Strategy": "Plain",
              "Partial Mode": "Partial",
              "Parent Relationship": "Outer",
              "Parallel Aware": false,
              "Startup Cost": 382998.61,
              "Total Cost": 382998.62,
              "Plan Rows": 1,
              "Plan Width": 8,
              "Actual Startup Time": 1235.494,
              "Actual Total Time": 1235.497,
              "Actual Rows": 1,
              "Actual Loops": 7,
              "Plans": [
                {
                  "Node Type": "Hash Join",
                  "Parent Relationship": "Outer",
                  "Parallel Aware": true,
                  "Join Type": "Inner",
                  "Startup Cost": 46928.39,
                  "Total Cost": 381830.25,
                  "Plan Rows": 467343,
                  "Plan Width": 0,
                  "Actual Startup Time": 370.884,
                  "Actual Total Time": 1213.727,
                  "Actual Rows": 412023,
                  "Actual Loops": 7,
                  "Inner Unique": true,
                  "Hash Cond": "(ci.movie_id = t.id)",
                  "Plans": [
                    {
                      "Node Type": "Seq Scan",
                      "Parent Relationship": "Outer",
                      "Parallel Aware": true,
                      "Relation Name": "cast_info",
                      "Alias": "ci",
                      "Startup Cost": 0.0,
                      "Total Cost": 328211.39,
                      "Plan Rows": 2548748,
                      "Plan Width": 4,
                      "Actual Startup Time": 240.38,
                      "Actual Total Time": 630.191,
                      "Actual Rows": 2142689,
                      "Actual Loops": 7,
                      "Filter": "(person_id > 2148072)",
                      "Rows Removed by Filter": 3035075
                    },
                    {
                      "Node Type": "Hash",
                      "Parent Relationship": "Inner",
                      "Parallel Aware": true,
                      "Startup Cost": 45479.59,
                      "Total Cost": 45479.59,
                      "Plan Rows": 115904,
                      "Plan Width": 4,
                      "Actual Startup Time": 128.817,
                      "Actual Total Time": 128.818,
                      "Actual Rows": 79642,
                      "Actual Loops": 7,
                      "Hash Buckets": 1048576,
                      "Original Hash Buckets": 524288,
                      "Hash Batches": 1,
                      "Original Hash Batches": 1,
                      "Peak Memory Usage": 34240,
                      "Plans": [
                        {
                          "Node Type": "Seq Scan",
                          "Parent Relationship": "Outer",
                          "Parallel Aware": true,
                          "Relation Name": "title",
                          "Alias": "t",
                          "Startup Cost": 0.0,
                          "Total Cost": 45479.59,
                          "Plan Rows": 115904,
                          "Plan Width": 4,
                          "Actual Startup Time": 0.072,
                          "Actual Total Time": 74.068,
                          "Actual Rows": 79642,
                          "Actual Loops": 7,
                          "Filter": "((kind_id < 7) AND (production_year < 2003))",
                          "Rows Removed by Filter": 281546
                        }
                      ]
                    }
                  ]
                }
              ]
            }
          ]
        }
      ]
    },
    "Planning Time": 0.36,
    "Triggers": [],
    "Execution Time": 1306.486
  }
]