{
  "Plan": {
    "Node Type": "Aggregate",
    "Strategy": "Plain",
    "Partial Mode": "Finalize",
    "Parallel Aware": false,
    "Startup Cost": 139473.82,
    "Total Cost": 139473.83,
    "Plan Rows": 1,
    "Plan Width": 8,
    "Actual Startup Time": 845.48,
    "Actual Total Time": 863.844,
    "Actual Rows": 1,
    "Actual Loops": 1,
    "Plans": [
      {
        "Node Type": "Gather",
        "Parent Relationship": "Outer",
        "Parallel Aware": false,
        "Startup Cost": 139473.71,
        "Total Cost": 139473.82,
        "Plan Rows": 1,
        "Plan Width": 8,
        "Actual Startup Time": 839.796,
        "Actual Total Time": 863.835,
        "Actual Rows": 2,
        "Actual Loops": 1,
        "Workers Planned": 1,
        "Workers Launched": 1,
        "Single Copy": false,
        "Plans": [
          {
            "Node Type": "Aggregate",
            "Strategy": "Plain",
            "Partial Mode": "Partial",
            "Parent Relationship": "Outer",
            "Parallel Aware": false,
            "Startup Cost": 138473.71,
            "Total Cost": 138473.72,
            "Plan Rows": 1,
            "Plan Width": 8,
            "Actual Startup Time": 828.301,
            "Actual Total Time": 828.306,
            "Actual Rows": 1,
            "Actual Loops": 2,
            "Plans": [
              {
                "Node Type": "Hash Join",
                "Parent Relationship": "Outer",
                "Parallel Aware": false,
                "Join Type": "Inner",
                "Startup Cost": 70521.5,
                "Total Cost": 138473.67,
                "Plan Rows": 15,
                "Plan Width": 0,
                "Actual Startup Time": 756.601,
                "Actual Total Time": 828.299,
                "Actual Rows": 2,
                "Actual Loops": 2,
                "Inner Unique": false,
                "Hash Cond": "(t.id = ci.movie_id)",
                "Plans": [
                  {
                    "Node Type": "Hash Join",
                    "Parent Relationship": "Outer",
                    "Parallel Aware": true,
                    "Join Type": "Inner",
                    "Startup Cost": 69461.13,
                    "Total Cost": 112760.72,
                    "Plan Rows": 657398,
                    "Plan Width": 8,
                    "Actual Startup Time": 542.276,
                    "Actual Total Time": 800.094,
                    "Actual Rows": 504972,
                    "Actual Loops": 2,
                    "Inner Unique": true,
                    "Hash Cond": "(mc.movie_id = t.id)",
                    "Plans": [
                      {
                        "Node Type": "Index Scan",
                        "Parent Relationship": "Outer",
                        "Parallel Aware": true,
                        "Scan Direction": "Forward",
                        "Index Name": "company_type_id_movie_companies",
                        "Relation Name": "movie_companies",
                        "Alias": "mc",
                        "Startup Cost": 0.43,
                        "Total Cost": 41574.35,
                        "Plan Rows": 657398,
                        "Plan Width": 4,
                        "Actual Startup Time": 0.165,
                        "Actual Total Time": 109.893,
                        "Actual Rows": 504972,
                        "Actual Loops": 2,
                        "Index Cond": "(company_type_id = 1)",
                        "Rows Removed by Index Recheck": 0,
                        "Filter": "(company_id > 164)",
                        "Rows Removed by Filter": 132152
                      },
                      {
                        "Node Type": "Hash",
                        "Parent Relationship": "Inner",
                        "Parallel Aware": true,
                        "Startup Cost": 50870.31,
                        "Total Cost": 50870.31,
                        "Plan Rows": 1487231,
                        "Plan Width": 4,
                        "Actual Startup Time": 521.059,
                        "Actual Total Time": 521.06,
                        "Actual Rows": 1264156,
                        "Actual Loops": 2,
                        "Hash Buckets": 4194304,
                        "Original Hash Buckets": 4194304,
                        "Hash Batches": 1,
                        "Original Hash Batches": 1,
                        "Peak Memory Usage": 131712,
                        "Plans": [
                          {
                            "Node Type": "Seq Scan",
                            "Parent Relationship": "Outer",
                            "Parallel Aware": true,
                            "Relation Name": "title",
                            "Alias": "t",
                            "Startup Cost": 0.0,
                            "Total Cost": 50870.31,
                            "Plan Rows": 1487231,
                            "Plan Width": 4,
                            "Actual Startup Time": 0.023,
                            "Actual Total Time": 149.344,
                            "Actual Rows": 1264156,
                            "Actual Loops": 2
                          }
                        ]
                      }
                    ]
                  },
                  {
                    "Node Type": "Hash",
                    "Parent Relationship": "Inner",
                    "Parallel Aware": false,
                    "Startup Cost": 1059.67,
                    "Total Cost": 1059.67,
                    "Plan Rows": 56,
                    "Plan Width": 4,
                    "Actual Startup Time": 0.695,
                    "Actual Total Time": 0.696,
                    "Actual Rows": 128,
                    "Actual Loops": 2,
                    "Hash Buckets": 1024,
                    "Original Hash Buckets": 1024,
                    "Hash Batches": 1,
                    "Original Hash Batches": 1,
                    "Peak Memory Usage": 13,
                    "Plans": [
                      {
                        "Node Type": "Index Scan",
                        "Parent Relationship": "Outer",
                        "Parallel Aware": false,
                        "Scan Direction": "Forward",
                        "Index Name": "person_id_cast_info",
                        "Relation Name": "cast_info",
                        "Alias": "ci",
                        "Startup Cost": 0.56,
                        "Total Cost": 1059.67,
                        "Plan Rows": 56,
                        "Plan Width": 4,
                        "Actual Startup Time": 0.383,
                        "Actual Total Time": 0.631,
                        "Actual Rows": 128,
                        "Actual Loops": 2,
                        "Index Cond": "(person_id = 1800343)",
                        "Rows Removed by Index Recheck": 0,
                        "Filter": "(role_id = 3)",
                        "Rows Removed by Filter": 277
                      }
                    ]
                  }
                ]
              }
            ]
          }
        ]
      }
    ]
  },
  "Planning Time": 0.973,
  "Triggers": [],
  "Execution Time": 863.935
}