[
  {
    "Plan": {
      "Node Type": "Aggregate",
      "Strategy": "Plain",
      "Partial Mode": "Finalize",
      "Parallel Aware": false,
      "Startup Cost": 95200.11,
      "Total Cost": 95200.12,
      "Plan Rows": 1,
      "Plan Width": 8,
      "Actual Startup Time": 463.835,
      "Actual Total Time": 473.605,
      "Actual Rows": 1,
      "Actual Loops": 1,
      "Plans": [
        {
          "Node Type": "Gather",
          "Parent Relationship": "Outer",
          "Parallel Aware": false,
          "Startup Cost": 95199.89,
          "Total Cost": 95200.1,
          "Plan Rows": 2,
          "Plan Width": 8,
          "Actual Startup Time": 459.126,
          "Actual Total Time": 473.599,
          "Actual Rows": 3,
          "Actual Loops": 1,
          "Workers Planned": 2,
          "Workers Launched": 2,
          "Single Copy": false,
          "Plans": [
            {
              "Node Type": "Aggregate",
              "Strategy": "Plain",
              "Partial Mode": "Partial",
              "Parent Relationship": "Outer",
              "Parallel Aware": false,
              "Startup Cost": 94199.89,
              "Total Cost": 94199.9,
              "Plan Rows": 1,
              "Plan Width": 8,
              "Actual Startup Time": 453.481,
              "Actual Total Time": 453.486,
              "Actual Rows": 1,
              "Actual Loops": 3,
              "Plans": [
                {
                  "Node Type": "Hash Join",
                  "Parent Relationship": "Outer",
                  "Parallel Aware": true,
                  "Join Type": "Inner",
                  "Startup Cost": 78224.86,
                  "Total Cost": 94133.1,
                  "Plan Rows": 26716,
                  "Plan Width": 0,
                  "Actual Startup Time": 354.634,
                  "Actual Total Time": 448.501,
                  "Actual Rows": 115119,
                  "Actual Loops": 3,
                  "Inner Unique": false,
                  "Hash Cond": "(mi_idx.movie_id = t.id)",
                  "Plans": [
                    {
                      "Node Type": "Seq Scan",
                      "Parent Relationship": "Outer",
                      "Parallel Aware": true,
                      "Relation Name": "movie_info_idx",
                      "Alias": "mi_idx",
                      "Startup Cost": 0.0,
                      "Total Cost": 13685.15,
                      "Plan Rows": 575015,
                      "Plan Width": 4,
                      "Actual Startup Time": 0.02,
                      "Actual Total Time": 34.298,
                      "Actual Rows": 460012,
                      "Actual Loops": 3
                    },
                    {
                      "Node Type": "Hash",
                      "Parent Relationship": "Inner",
                      "Parallel Aware": true,
                      "Startup Cost": 77857.77,
                      "Total Cost": 77857.77,
                      "Plan Rows": 29367,
                      "Plan Width": 8,
                      "Actual Startup Time": 352.921,
                      "Actual Total Time": 352.924,
                      "Actual Rows": 86525,
                      "Actual Loops": 3,
                      "Hash Buckets": 262144,
                      "Original Hash Buckets": 131072,
                      "Hash Batches": 1,
                      "Original Hash Batches": 1,
                      "Peak Memory Usage": 13280,
                      "Plans": [
                        {
                          "Node Type": "Hash Join",
                          "Parent Relationship": "Outer",
                          "Parallel Aware": true,
                          "Join Type": "Inner",
                          "Startup Cost": 32587.29,
                          "Total Cost": 77857.77,
                          "Plan Rows": 29367,
                          "Plan Width": 8,
                          "Actual Startup Time": 145.522,
                          "Actual Total Time": 326.49,
                          "Actual Rows": 86525,
                          "Actual Loops": 3,
                          "Inner Unique": false,
                          "Hash Cond": "(t.id = mc.movie_id)",
                          "Plans": [
                            {
                              "Node Type": "Seq Scan",
                              "Parent Relationship": "Outer",
                              "Parallel Aware": true,
                              "Relation Name": "title",
                              "Alias": "t",
                              "Startup Cost": 0.0,
                              "Total Cost": 43899.01,
                              "Plan Rows": 255349,
                              "Plan Width": 4,
                              "Actual Startup Time": 0.008,
                              "Actual Total Time": 93.851,
                              "Actual Rows": 340584,
                              "Actual Loops": 3,
                              "Filter": "(production_year < 2000)",
                              "Rows Removed by Filter": 502187
                            },
                            {
                              "Node Type": "Hash",
                              "Parent Relationship": "Inner",
                              "Parallel Aware": true,
                              "Startup Cost": 31414.82,
                              "Total Cost": 31414.82,
                              "Plan Rows": 93798,
                              "Plan Width": 4,
                              "Actual Startup Time": 144.404,
                              "Actual Total Time": 144.405,
                              "Actual Rows": 189981,
                              "Actual Loops": 3,
                              "Hash Buckets": 1048576,
                              "Original Hash Buckets": 524288,
                              "Hash Batches": 1,
                              "Original Hash Batches": 1,
                              "Peak Memory Usage": 34656,
                              "Plans": [
                                {
                                  "Node Type": "Seq Scan",
                                  "Parent Relationship": "Outer",
                                  "Parallel Aware": true,
                                  "Relation Name": "movie_companies",
                                  "Alias": "mc",
                                  "Startup Cost": 0.0,
                                  "Total Cost": 31414.82,
                                  "Plan Rows": 93798,
                                  "Plan Width": 4,
                                  "Actual Startup Time": 44.201,
                                  "Actual Total Time": 86.59,
                                  "Actual Rows": 189981,
                                  "Actual Loops": 3,
                                  "Filter": "((company_id > 71375) AND (company_type_id = 2))",
                                  "Rows Removed by Filter": 679728
                                }
                              ]
                            }
                          ]
                        }
                      ]
                    }
                  ]
                }
              ]
            }
          ]
        }
      ]
    },
    "Planning Time": 0.37,
    "Triggers": [],
    "Execution Time": 473.636
  }
]