[
  {
    "Plan": {
      "Node Type": "Aggregate",
      "Strategy": "Plain",
      "Partial Mode": "Finalize",
      "Parallel Aware": false,
      "Startup Cost": 31703.89,
      "Total Cost": 31703.9,
      "Plan Rows": 1,
      "Plan Width": 8,
      "Actual Startup Time": 109.764,
      "Actual Total Time": 117.664,
      "Actual Rows": 1,
      "Actual Loops": 1,
      "Plans": [
        {
          "Node Type": "Gather",
          "Parent Relationship": "Outer",
          "Parallel Aware": false,
          "Startup Cost": 31703.57,
          "Total Cost": 31703.88,
          "Plan Rows": 3,
          "Plan Width": 8,
          "Actual Startup Time": 109.685,
          "Actual Total Time": 117.656,
          "Actual Rows": 4,
          "Actual Loops": 1,
          "Workers Planned": 3,
          "Workers Launched": 3,
          "Single Copy": false,
          "Plans": [
            {
              "Node Type": "Aggregate",
              "Strategy": "Plain",
              "Partial Mode": "Partial",
              "Parent Relationship": "Outer",
              "Parallel Aware": false,
              "Startup Cost": 30703.57,
              "Total Cost": 30703.58,
              "Plan Rows": 1,
              "Plan Width": 8,
              "Actual Startup Time": 101.238,
              "Actual Total Time": 101.24,
              "Actual Rows": 1,
              "Actual Loops": 4,
              "Plans": [
                {
                  "Node Type": "Seq Scan",
                  "Parent Relationship": "Outer",
                  "Parallel Aware": true,
                  "Relation Name": "movie_companies",
                  "Alias": "mc",
                  "Startup Cost": 0.0,
                  "Total Cost": 29310.68,
                  "Plan Rows": 557157,
                  "Plan Width": 0,
                  "Actual Startup Time": 1.815,
                  "Actual Total Time": 82.764,
                  "Actual Rows": 433214,
                  "Actual Loops": 4,
                  "Filter": "(company_id > 2586)",
                  "Rows Removed by Filter": 219069
                }
              ]
            }
          ]
        }
      ]
    },
    "Planning Time": 0.164,
    "Triggers": [],
    "Execution Time": 117.715
  }
]