[
  {
    "Plan": {
      "Node Type": "Aggregate",
      "Strategy": "Plain",
      "Partial Mode": "Simple",
      "Parallel Aware": false,
      "Startup Cost": 20315.09,
      "Total Cost": 20315.1,
      "Plan Rows": 1,
      "Plan Width": 8,
      "Actual Startup Time": 15.794,
      "Actual Total Time": 15.794,
      "Actual Rows": 1,
      "Actual Loops": 1,
      "Plans": [
        {
          "Node Type": "Bitmap Heap Scan",
          "Parent Relationship": "Outer",
          "Parallel Aware": false,
          "Relation Name": "movie_companies",
          "Alias": "mc",
          "Startup Cost": 785.54,
          "Total Cost": 20270.54,
          "Plan Rows": 17819,
          "Plan Width": 0,
          "Actual Startup Time": 2.357,
          "Actual Total Time": 13.255,
          "Actual Rows": 35517,
          "Actual Loops": 1,
          "Recheck Cond": "(company_id = 160)",
          "Rows Removed by Index Recheck": 0,
          "Filter": "(company_type_id < 2)",
          "Rows Removed by Filter": 619,
          "Exact Heap Blocks": 4319,
          "Lossy Heap Blocks": 0,
          "Plans": [
            {
              "Node Type": "Bitmap Index Scan",
              "Parent Relationship": "Outer",
              "Parallel Aware": false,
              "Index Name": "company_id_movie_companies",
              "Startup Cost": 0.0,
              "Total Cost": 781.08,
              "Plan Rows": 36354,
              "Plan Width": 0,
              "Actual Startup Time": 1.703,
              "Actual Total Time": 1.703,
              "Actual Rows": 36136,
              "Actual Loops": 1,
              "Index Cond": "(company_id = 160)"
            }
          ]
        }
      ]
    },
    "Planning Time": 0.078,
    "Triggers": [],
    "Execution Time": 15.818
  }
]