[
  {
    "Plan": {
      "Node Type": "Aggregate",
      "Strategy": "Plain",
      "Partial Mode": "Simple",
      "Parallel Aware": false,
      "Startup Cost": 20255.69,
      "Total Cost": 20255.7,
      "Plan Rows": 1,
      "Plan Width": 8,
      "Actual Startup Time": 33.603,
      "Actual Total Time": 33.604,
      "Actual Rows": 1,
      "Actual Loops": 1,
      "Plans": [
        {
          "Node Type": "Bitmap Heap Scan",
          "Parent Relationship": "Outer",
          "Parallel Aware": false,
          "Relation Name": "movie_companies",
          "Alias": "mc",
          "Startup Cost": 836.12,
          "Total Cost": 20207.96,
          "Plan Rows": 19095,
          "Plan Width": 0,
          "Actual Startup Time": 8.047,
          "Actual Total Time": 29.156,
          "Actual Rows": 35517,
          "Actual Loops": 1,
          "Recheck Cond": "(company_id = 160)",
          "Rows Removed by Index Recheck": 0,
          "Filter": "(company_type_id < 2)",
          "Rows Removed by Filter": 619,
          "Exact Heap Blocks": 4319,
          "Lossy Heap Blocks": 0,
          "Plans": [
            {
              "Node Type": "Bitmap Index Scan",
              "Parent Relationship": "Outer",
              "Parallel Aware": false,
              "Index Name": "company_id_movie_companies",
              "Startup Cost": 0.0,
              "Total Cost": 831.35,
              "Plan Rows": 38789,
              "Plan Width": 0,
              "Actual Startup Time": 6.007,
              "Actual Total Time": 6.008,
              "Actual Rows": 36136,
              "Actual Loops": 1,
              "Index Cond": "(company_id = 160)"
            }
          ]
        }
      ]
    },
    "Planning Time": 0.212,
    "Triggers": [],
    "Execution Time": 33.668
  }
]