[
  {
    "Plan": {
      "Node Type": "Aggregate",
      "Strategy": "Plain",
      "Partial Mode": "Finalize",
      "Parallel Aware": false,
      "Startup Cost": 31048.94,
      "Total Cost": 31048.95,
      "Plan Rows": 1,
      "Plan Width": 8,
      "Actual Startup Time": 112.657,
      "Actual Total Time": 123.043,
      "Actual Rows": 1,
      "Actual Loops": 1,
      "Plans": [
        {
          "Node Type": "Gather",
          "Parent Relationship": "Outer",
          "Parallel Aware": false,
          "Startup Cost": 31048.63,
          "Total Cost": 31048.94,
          "Plan Rows": 3,
          "Plan Width": 8,
          "Actual Startup Time": 112.499,
          "Actual Total Time": 123.036,
          "Actual Rows": 4,
          "Actual Loops": 1,
          "Workers Planned": 3,
          "Workers Launched": 3,
          "Single Copy": false,
          "Plans": [
            {
              "Node Type": "Aggregate",
              "Strategy": "Plain",
              "Partial Mode": "Partial",
              "Parent Relationship": "Outer",
              "Parallel Aware": false,
              "Startup Cost": 30048.63,
              "Total Cost": 30048.64,
              "Plan Rows": 1,
              "Plan Width": 8,
              "Actual Startup Time": 103.693,
              "Actual Total Time": 103.694,
              "Actual Rows": 1,
              "Actual Loops": 4,
              "Plans": [
                {
                  "Node Type": "Seq Scan",
                  "Parent Relationship": "Outer",
                  "Parallel Aware": true,
                  "Relation Name": "movie_companies",
                  "Alias": "mc",
                  "Startup Cost": 0.0,
                  "Total Cost": 29310.68,
                  "Plan Rows": 295178,
                  "Plan Width": 0,
                  "Actual Startup Time": 0.077,
                  "Actual Total Time": 87.399,
                  "Actual Rows": 228652,
                  "Actual Loops": 4,
                  "Filter": "(company_id < 3103)",
                  "Rows Removed by Filter": 423630
                }
              ]
            }
          ]
        }
      ]
    },
    "Planning Time": 0.157,
    "Triggers": [],
    "Execution Time": 123.094
  }
]