{
    "Plan": {
        "Node Type": "Aggregate",
        "Strategy": "Plain",
        "Partial Mode": "Simple",
        "Parallel Aware": false,
        "Startup Cost": 60003010291.97,
        "Total Cost": 60003010291.98,
        "Plan Rows": 1,
        "Plan Width": 96,
        "Actual Startup Time": 86498.736,
        "Actual Total Time": 86498.775,
        "Actual Rows": 1,
        "Actual Loops": 1,
        "Output": [
            "min(mi.info)",
            "min(miidx.info)",
            "min(t.title)"
        ],
        "Plans": [
            {
                "Node Type": "Hash Join",
                "Parent Relationship": "Outer",
                "Parallel Aware": false,
                "Join Type": "Inner",
                "Startup Cost": 60003010277.57,
                "Total Cost": 60003010291.9,
                "Plan Rows": 9,
                "Plan Width": 65,
                "Actual Startup Time": 86463.701,
                "Actual Total Time": 86480.819,
                "Actual Rows": 199222,
                "Actual Loops": 1,
                "Output": [
                    "mi.info",
                    "miidx.info",
                    "t.title"
                ],
                "Inner Unique": false,
                "Hash Cond": "(it2.id = mi.info_type_id)",
                "Plans": [
                    {
                        "Node Type": "Index Scan",
                        "Parent Relationship": "Outer",
                        "Parallel Aware": false,
                        "Scan Direction": "Forward",
                        "Index Name": "info_type_pkey",
                        "Relation Name": "info_type",
                        "Schema": "public",
                        "Alias": "it2",
                        "Startup Cost": 10000000000.14,
                        "Total Cost": 10000000014.12,
                        "Plan Rows": 1,
                        "Plan Width": 4,
                        "Actual Startup Time": 0.035,
                        "Actual Total Time": 0.063,
                        "Actual Rows": 1,
                        "Actual Loops": 1,
                        "Output": [
                            "it2.id",
                            "it2.info"
                        ],
                        "Filter": "((it2.info)::text = 'release dates'::text)",
                        "Rows Removed by Filter": 112
                    },
                    {
                        "Node Type": "Hash",
                        "Parent Relationship": "Inner",
                        "Parallel Aware": false,
                        "Startup Cost": 50003010264.63,
                        "Total Cost": 50003010264.63,
                        "Plan Rows": 1024,
                        "Plan Width": 69,
                        "Actual Startup Time": 86463.634,
                        "Actual Total Time": 86463.671,
                        "Actual Rows": 1394215,
                        "Actual Loops": 1,
                        "Output": [
                            "mi.info",
                            "mi.info_type_id",
                            "miidx.info",
                            "t.title"
                        ],
                        "Hash Buckets": 2097152,
                        "Original Hash Buckets": 1024,
                        "Hash Batches": 1,
                        "Original Hash Batches": 1,
                        "Peak Memory Usage": 221916,
                        "Plans": [
                            {
                                "Node Type": "Nested Loop",
                                "Parent Relationship": "Outer",
                                "Parallel Aware": false,
                                "Join Type": "Inner",
                                "Startup Cost": 50002517944.48,
                                "Total Cost": 50003010264.63,
                                "Plan Rows": 1024,
                                "Plan Width": 69,
                                "Actual Startup Time": 8618.111,
                                "Actual Total Time": 86003.97,
                                "Actual Rows": 1394215,
                                "Actual Loops": 1,
                                "Output": [
                                    "mi.info",
                                    "mi.info_type_id",
                                    "miidx.info",
                                    "t.title"
                                ],
                                "Inner Unique": false,
                                "Join Filter": "(mc.company_type_id = ct.id)",
                                "Rows Removed by Join Filter": 53796,
                                "Plans": [
                                    {
                                        "Node Type": "Seq Scan",
                                        "Parent Relationship": "Outer",
                                        "Parallel Aware": false,
                                        "Relation Name": "company_type",
                                        "Schema": "public",
                                        "Alias": "ct",
                                        "Startup Cost": 0.0,
                                        "Total Cost": 1.05,
                                        "Plan Rows": 1,
                                        "Plan Width": 4,
                                        "Actual Startup Time": 0.016,
                                        "Actual Total Time": 0.027,
                                        "Actual Rows": 1,
                                        "Actual Loops": 1,
                                        "Output": [
                                            "ct.id",
                                            "ct.kind"
                                        ],
                                        "Filter": "((ct.kind)::text = 'distributors'::text)",
                                        "Rows Removed by Filter": 3
                                    },
                                    {
                                        "Node Type": "Nested Loop",
                                        "Parent Relationship": "Inner",
                                        "Parallel Aware": false,
                                        "Join Type": "Inner",
                                        "Startup Cost": 50002517944.48,
                                        "Total Cost": 50003010212.38,
                                        "Plan Rows": 4096,
                                        "Plan Width": 73,
                                        "Actual Startup Time": 8618.09,
                                        "Actual Total Time": 85822.638,
                                        "Actual Rows": 1448011,
                                        "Actual Loops": 1,
                                        "Output": [
                                            "mc.company_type_id",
                                            "mi.info",
                                            "mi.info_type_id",
                                            "miidx.info",
                                            "t.title"
                                        ],
                                        "Inner Unique": true,
                                        "Plans": [
                                            {
                                                "Node Type": "Hash Join",
                                                "Parent Relationship": "Outer",
                                                "Parallel Aware": false,
                                                "Join Type": "Inner",
                                                "Startup Cost": 50002517944.06,
                                                "Total Cost": 50002883364.16,
                                                "Plan Rows": 284448,
                                                "Plan Width": 77,
                                                "Actual Startup Time": 8617.707,
                                                "Actual Total Time": 20351.326,
                                                "Actual Rows": 48395055,
                                                "Actual Loops": 1,
                                                "Output": [
                                                    "miidx.info",
                                                    "mc.company_id",
                                                    "mc.company_type_id",
                                                    "mi.info",
                                                    "mi.info_type_id",
                                                    "t.title"
                                                ],
                                                "Inner Unique": false,
                                                "Hash Cond": "(mi.movie_id = t.id)",
                                                "Plans": [
                                                    {
                                                        "Node Type": "Seq Scan",
                                                        "Parent Relationship": "Outer",
                                                        "Parallel Aware": false,
                                                        "Relation Name": "movie_info",
                                                        "Schema": "public",
                                                        "Alias": "mi",
                                                        "Startup Cost": 10000000000.0,
                                                        "Total Cost": 10000309543.95,
                                                        "Plan Rows": 14755095,
                                                        "Plan Width": 51,
                                                        "Actual Startup Time": 0.019,
                                                        "Actual Total Time": 1703.611,
                                                        "Actual Rows": 14835720,
                                                        "Actual Loops": 1,
                                                        "Output": [
                                                            "mi.id",
                                                            "mi.movie_id",
                                                            "mi.info_type_id",
                                                            "mi.info",
                                                            "mi.note"
                                                        ]
                                                    },
                                                    {
                                                        "Node Type": "Hash",
                                                        "Parent Relationship": "Inner",
                                                        "Parallel Aware": false,
                                                        "Startup Cost": 40002517827.42,
                                                        "Total Cost": 40002517827.42,
                                                        "Plan Rows": 9331,
                                                        "Plan Width": 42,
                                                        "Actual Startup Time": 8550.621,
                                                        "Actual Total Time": 8550.647,
                                                        "Actual Rows": 773084,
                                                        "Actual Loops": 1,
                                                        "Output": [
                                                            "miidx.info",
                                                            "miidx.movie_id",
                                                            "mc.movie_id",
                                                            "mc.company_id",
                                                            "mc.company_type_id",
                                                            "t.title",
                                                            "t.id"
                                                        ],
                                                        "Hash Buckets": 1048576,
                                                        "Original Hash Buckets": 16384,
                                                        "Hash Batches": 1,
                                                        "Original Hash Batches": 1,
                                                        "Peak Memory Usage": 64876,
                                                        "Plans": [
                                                            {
                                                                "Node Type": "Nested Loop",
                                                                "Parent Relationship": "Outer",
                                                                "Parallel Aware": false,
                                                                "Join Type": "Inner",
                                                                "Startup Cost": 40000007619.41,
                                                                "Total Cost": 40002517827.42,
                                                                "Plan Rows": 9331,
                                                                "Plan Width": 42,
                                                                "Actual Startup Time": 53.976,
                                                                "Actual Total Time": 8310.123,
                                                                "Actual Rows": 773084,
                                                                "Actual Loops": 1,
                                                                "Output": [
                                                                    "miidx.info",
                                                                    "miidx.movie_id",
                                                                    "mc.movie_id",
                                                                    "mc.company_id",
                                                                    "mc.company_type_id",
                                                                    "t.title",
                                                                    "t.id"
                                                                ],
                                                                "Inner Unique": false,
                                                                "Plans": [
                                                                    {
                                                                        "Node Type": "Nested Loop",
                                                                        "Parent Relationship": "Outer",
                                                                        "Parallel Aware": false,
                                                                        "Join Type": "Inner",
                                                                        "Startup Cost": 30000007618.92,
                                                                        "Total Cost": 30002509806.86,
                                                                        "Plan Rows": 1745,
                                                                        "Plan Width": 30,
                                                                        "Actual Startup Time": 53.938,
                                                                        "Actual Total Time": 6424.77,
                                                                        "Actual Rows": 209880,
                                                                        "Actual Loops": 1,
                                                                        "Output": [
                                                                            "miidx.info",
                                                                            "miidx.movie_id",
                                                                            "t.title",
                                                                            "t.id"
                                                                        ],
                                                                        "Inner Unique": true,
                                                                        "Plans": [
                                                                            {
                                                                                "Node Type": "Nested Loop",
                                                                                "Parent Relationship": "Outer",
                                                                                "Parallel Aware": false,
                                                                                "Join Type": "Inner",
                                                                                "Startup Cost": 20000007618.77,
                                                                                "Total Cost": 20001688617.56,
                                                                                "Plan Rows": 197148,
                                                                                "Plan Width": 34,
                                                                                "Actual Startup Time": 53.905,
                                                                                "Actual Total Time": 3766.651,
                                                                                "Actual Rows": 629900,
                                                                                "Actual Loops": 1,
                                                                                "Output": [
                                                                                    "t.title",
                                                                                    "t.id",
                                                                                    "miidx.info",
                                                                                    "miidx.movie_id",
                                                                                    "miidx.info_type_id"
                                                                                ],
                                                                                "Inner Unique": false,
                                                                                "Plans": [
                                                                                    {
                                                                                        "Node Type": "Nested Loop",
                                                                                        "Parent Relationship": "Outer",
                                                                                        "Parallel Aware": false,
                                                                                        "Join Type": "Inner",
                                                                                        "Startup Cost": 10000007618.31,
                                                                                        "Total Cost": 10000053109.64,
                                                                                        "Plan Rows": 361189,
                                                                                        "Plan Width": 21,
                                                                                        "Actual Startup Time": 53.776,
                                                                                        "Actual Total Time": 315.437,
                                                                                        "Actual Rows": 662825,
                                                                                        "Actual Loops": 1,
                                                                                        "Output": [
                                                                                            "t.title",
                                                                                            "t.id"
                                                                                        ],
                                                                                        "Inner Unique": false,
                                                                                        "Plans": [
                                                                                            {
                                                                                                "Node Type": "Index Scan",
                                                                                                "Parent Relationship": "Outer",
                                                                                                "Parallel Aware": false,
                                                                                                "Scan Direction": "Forward",
                                                                                                "Index Name": "kind_type_pkey",
                                                                                                "Relation Name": "kind_type",
                                                                                                "Schema": "public",
                                                                                                "Alias": "kt",
                                                                                                "Startup Cost": 0.13,
                                                                                                "Total Cost": 12.26,
                                                                                                "Plan Rows": 1,
                                                                                                "Plan Width": 4,
                                                                                                "Actual Startup Time": 0.008,
                                                                                                "Actual Total Time": 0.015,
                                                                                                "Actual Rows": 1,
                                                                                                "Actual Loops": 1,
                                                                                                "Output": [
                                                                                                    "kt.id",
                                                                                                    "kt.kind"
                                                                                                ],
                                                                                                "Filter": "((kt.kind)::text = 'movie'::text)",
                                                                                                "Rows Removed by Filter": 6
                                                                                            },
                                                                                            {
                                                                                                "Node Type": "Bitmap Heap Scan",
                                                                                                "Parent Relationship": "Inner",
                                                                                                "Parallel Aware": false,
                                                                                                "Relation Name": "title",
                                                                                                "Schema": "public",
                                                                                                "Alias": "t",
                                                                                                "Startup Cost": 7618.18,
                                                                                                "Total Cost": 48883.52,
                                                                                                "Plan Rows": 421387,
                                                                                                "Plan Width": 25,
                                                                                                "Actual Startup Time": 53.755,
                                                                                                "Actual Total Time": 228.218,
                                                                                                "Actual Rows": 662825,
                                                                                                "Actual Loops": 1,
                                                                                                "Output": [
                                                                                                    "t.id",
                                                                                                    "t.title",
                                                                                                    "t.imdb_index",
                                                                                                    "t.kind_id",
                                                                                                    "t.production_year",
                                                                                                    "t.imdb_id",
                                                                                                    "t.phonetic_code",
                                                                                                    "t.episode_of_id",
                                                                                                    "t.season_nr",
                                                                                                    "t.episode_nr",
                                                                                                    "t.series_years",
                                                                                                    "t.md5sum"
                                                                                                ],
                                                                                                "Recheck Cond": "(t.kind_id = kt.id)",
                                                                                                "Rows Removed by Index Recheck": 0,
                                                                                                "Exact Heap Blocks": 12863,
                                                                                                "Lossy Heap Blocks": 0,
                                                                                                "Plans": [
                                                                                                    {
                                                                                                        "Node Type": "Bitmap Index Scan",
                                                                                                        "Parent Relationship": "Outer",
                                                                                                        "Parallel Aware": false,
                                                                                                        "Index Name": "kind_id_title",
                                                                                                        "Startup Cost": 0.0,
                                                                                                        "Total Cost": 7512.83,
                                                                                                        "Plan Rows": 421387,
                                                                                                        "Plan Width": 0,
                                                                                                        "Actual Startup Time": 51.425,
                                                                                                        "Actual Total Time": 51.431,
                                                                                                        "Actual Rows": 662825,
                                                                                                        "Actual Loops": 1,
                                                                                                        "Index Cond": "(t.kind_id = kt.id)"
                                                                                                    }
                                                                                                ]
                                                                                            }
                                                                                        ]
                                                                                    },
                                                                                    {
                                                                                        "Node Type": "Bitmap Heap Scan",
                                                                                        "Parent Relationship": "Inner",
                                                                                        "Parallel Aware": false,
                                                                                        "Relation Name": "movie_info_idx",
                                                                                        "Schema": "public",
                                                                                        "Alias": "miidx",
                                                                                        "Startup Cost": 0.46,
                                                                                        "Total Cost": 4.5,
                                                                                        "Plan Rows": 3,
                                                                                        "Plan Width": 13,
                                                                                        "Actual Startup Time": 0.003,
                                                                                        "Actual Total Time": 0.003,
                                                                                        "Actual Rows": 1,
                                                                                        "Actual Loops": 662825,
                                                                                        "Output": [
                                                                                            "miidx.id",
                                                                                            "miidx.movie_id",
                                                                                            "miidx.info_type_id",
                                                                                            "miidx.info",
                                                                                            "miidx.note"
                                                                                        ],
                                                                                        "Recheck Cond": "(miidx.movie_id = t.id)",
                                                                                        "Rows Removed by Index Recheck": 0,
                                                                                        "Exact Heap Blocks": 212130,
                                                                                        "Lossy Heap Blocks": 0,
                                                                                        "Plans": [
                                                                                            {
                                                                                                "Node Type": "Bitmap Index Scan",
                                                                                                "Parent Relationship": "Outer",
                                                                                                "Parallel Aware": false,
                                                                                                "Index Name": "movie_id_movie_info_idx",
                                                                                                "Startup Cost": 0.0,
                                                                                                "Total Cost": 0.46,
                                                                                                "Plan Rows": 3,
                                                                                                "Plan Width": 0,
                                                                                                "Actual Startup Time": 0.002,
                                                                                                "Actual Total Time": 0.002,
                                                                                                "Actual Rows": 1,
                                                                                                "Actual Loops": 662825,
                                                                                                "Index Cond": "(miidx.movie_id = t.id)"
                                                                                            }
                                                                                        ]
                                                                                    }
                                                                                ]
                                                                            },
                                                                            {
                                                                                "Node Type": "Bitmap Heap Scan",
                                                                                "Parent Relationship": "Inner",
                                                                                "Parallel Aware": false,
                                                                                "Relation Name": "info_type",
                                                                                "Schema": "public",
                                                                                "Alias": "it",
                                                                                "Startup Cost": 0.15,
                                                                                "Total Cost": 4.17,
                                                                                "Plan Rows": 1,
                                                                                "Plan Width": 4,
                                                                                "Actual Startup Time": 0.002,
                                                                                "Actual Total Time": 0.002,
                                                                                "Actual Rows": 0,
                                                                                "Actual Loops": 629900,
                                                                                "Output": [
                                                                                    "it.id",
                                                                                    "it.info"
                                                                                ],
                                                                                "Recheck Cond": "(it.id = miidx.info_type_id)",
                                                                                "Rows Removed by Index Recheck": 0,
                                                                                "Filter": "((it.info)::text = 'rating'::text)",
                                                                                "Rows Removed by Filter": 1,
                                                                                "Exact Heap Blocks": 629900,
                                                                                "Lossy Heap Blocks": 0,
                                                                                "Plans": [
                                                                                    {
                                                                                        "Node Type": "Bitmap Index Scan",
                                                                                        "Parent Relationship": "Outer",
                                                                                        "Parallel Aware": false,
                                                                                        "Index Name": "info_type_pkey",
                                                                                        "Startup Cost": 0.0,
                                                                                        "Total Cost": 0.15,
                                                                                        "Plan Rows": 1,
                                                                                        "Plan Width": 0,
                                                                                        "Actual Startup Time": 0.001,
                                                                                        "Actual Total Time": 0.001,
                                                                                        "Actual Rows": 1,
                                                                                        "Actual Loops": 629900,
                                                                                        "Index Cond": "(it.id = miidx.info_type_id)"
                                                                                    }
                                                                                ]
                                                                            }
                                                                        ]
                                                                    },
                                                                    {
                                                                        "Node Type": "Bitmap Heap Scan",
                                                                        "Parent Relationship": "Inner",
                                                                        "Parallel Aware": false,
                                                                        "Relation Name": "movie_companies",
                                                                        "Schema": "public",
                                                                        "Alias": "mc",
                                                                        "Startup Cost": 0.48,
                                                                        "Total Cost": 4.55,
                                                                        "Plan Rows": 5,
                                                                        "Plan Width": 12,
                                                                        "Actual Startup Time": 0.005,
                                                                        "Actual Total Time": 0.007,
                                                                        "Actual Rows": 4,
                                                                        "Actual Loops": 209880,
                                                                        "Output": [
                                                                            "mc.id",
                                                                            "mc.movie_id",
                                                                            "mc.company_id",
                                                                            "mc.company_type_id",
                                                                            "mc.note"
                                                                        ],
                                                                        "Recheck Cond": "(mc.movie_id = t.id)",
                                                                        "Rows Removed by Index Recheck": 0,
                                                                        "Exact Heap Blocks": 304686,
                                                                        "Lossy Heap Blocks": 0,
                                                                        "Plans": [
                                                                            {
                                                                                "Node Type": "Bitmap Index Scan",
                                                                                "Parent Relationship": "Outer",
                                                                                "Parallel Aware": false,
                                                                                "Index Name": "movie_id_movie_companies",
                                                                                "Startup Cost": 0.0,
                                                                                "Total Cost": 0.48,
                                                                                "Plan Rows": 5,
                                                                                "Plan Width": 0,
                                                                                "Actual Startup Time": 0.003,
                                                                                "Actual Total Time": 0.003,
                                                                                "Actual Rows": 4,
                                                                                "Actual Loops": 209880,
                                                                                "Index Cond": "(mc.movie_id = t.id)"
                                                                            }
                                                                        ]
                                                                    }
                                                                ]
                                                            }
                                                        ]
                                                    }
                                                ]
                                            },
                                            {
                                                "Node Type": "Index Scan",
                                                "Parent Relationship": "Inner",
                                                "Parallel Aware": false,
                                                "Scan Direction": "Forward",
                                                "Index Name": "company_name_pkey",
                                                "Relation Name": "company_name",
                                                "Schema": "public",
                                                "Alias": "cn",
                                                "Startup Cost": 0.42,
                                                "Total Cost": 0.45,
                                                "Plan Rows": 1,
                                                "Plan Width": 4,
                                                "Actual Startup Time": 0.001,
                                                "Actual Total Time": 0.001,
                                                "Actual Rows": 0,
                                                "Actual Loops": 48395055,
                                                "Output": [
                                                    "cn.id",
                                                    "cn.name",
                                                    "cn.country_code",
                                                    "cn.imdb_id",
                                                    "cn.name_pcode_nf",
                                                    "cn.name_pcode_sf",
                                                    "cn.md5sum"
                                                ],
                                                "Index Cond": "(cn.id = mc.company_id)",
                                                "Rows Removed by Index Recheck": 0,
                                                "Filter": "((cn.country_code)::text = '[br]'::text)",
                                                "Rows Removed by Filter": 1
                                            }
                                        ]
                                    }
                                ]
                            }
                        ]
                    }
                ]
            }
        ]
    },
    "Planning Time": 10.814,
    "Triggers": [],
    "Execution Time": 86501.868
}