[
  {
    "Plan": {
      "Node Type": "Aggregate",
      "Strategy": "Plain",
      "Partial Mode": "Finalize",
      "Parallel Aware": false,
      "Startup Cost": 31226.62,
      "Total Cost": 31226.63,
      "Plan Rows": 1,
      "Plan Width": 8,
      "Actual Startup Time": 110.273,
      "Actual Total Time": 117.466,
      "Actual Rows": 1,
      "Actual Loops": 1,
      "Plans": [
        {
          "Node Type": "Gather",
          "Parent Relationship": "Outer",
          "Parallel Aware": false,
          "Startup Cost": 31226.3,
          "Total Cost": 31226.61,
          "Plan Rows": 3,
          "Plan Width": 8,
          "Actual Startup Time": 110.17,
          "Actual Total Time": 117.458,
          "Actual Rows": 4,
          "Actual Loops": 1,
          "Workers Planned": 3,
          "Workers Launched": 3,
          "Single Copy": false,
          "Plans": [
            {
              "Node Type": "Aggregate",
              "Strategy": "Plain",
              "Partial Mode": "Partial",
              "Parent Relationship": "Outer",
              "Parallel Aware": false,
              "Startup Cost": 30226.3,
              "Total Cost": 30226.31,
              "Plan Rows": 1,
              "Plan Width": 8,
              "Actual Startup Time": 101.525,
              "Actual Total Time": 101.527,
              "Actual Rows": 1,
              "Actual Loops": 4,
              "Plans": [
                {
                  "Node Type": "Seq Scan",
                  "Parent Relationship": "Outer",
                  "Parallel Aware": true,
                  "Relation Name": "movie_companies",
                  "Alias": "mc",
                  "Startup Cost": 0.0,
                  "Total Cost": 29310.68,
                  "Plan Rows": 366249,
                  "Plan Width": 0,
                  "Actual Startup Time": 17.654,
                  "Actual Total Time": 86.273,
                  "Actual Rows": 282428,
                  "Actual Loops": 4,
                  "Filter": "(company_id > 13543)",
                  "Rows Removed by Filter": 369854
                }
              ]
            }
          ]
        }
      ]
    },
    "Planning Time": 0.073,
    "Triggers": [],
    "Execution Time": 117.503
  }
]