[
  {
    "Plan": {
      "Node Type": "Aggregate",
      "Strategy": "Plain",
      "Partial Mode": "Finalize",
      "Parallel Aware": false,
      "Startup Cost": 31219.16,
      "Total Cost": 31219.17,
      "Plan Rows": 1,
      "Plan Width": 8,
      "Actual Startup Time": 98.222,
      "Actual Total Time": 105.822,
      "Actual Rows": 1,
      "Actual Loops": 1,
      "Plans": [
        {
          "Node Type": "Gather",
          "Parent Relationship": "Outer",
          "Parallel Aware": false,
          "Startup Cost": 31218.84,
          "Total Cost": 31219.15,
          "Plan Rows": 3,
          "Plan Width": 8,
          "Actual Startup Time": 98.118,
          "Actual Total Time": 105.815,
          "Actual Rows": 4,
          "Actual Loops": 1,
          "Workers Planned": 3,
          "Workers Launched": 3,
          "Single Copy": false,
          "Plans": [
            {
              "Node Type": "Aggregate",
              "Strategy": "Plain",
              "Partial Mode": "Partial",
              "Parent Relationship": "Outer",
              "Parallel Aware": false,
              "Startup Cost": 30218.84,
              "Total Cost": 30218.85,
              "Plan Rows": 1,
              "Plan Width": 8,
              "Actual Startup Time": 91.892,
              "Actual Total Time": 91.893,
              "Actual Rows": 1,
              "Actual Loops": 4,
              "Plans": [
                {
                  "Node Type": "Seq Scan",
                  "Parent Relationship": "Outer",
                  "Parallel Aware": true,
                  "Relation Name": "movie_companies",
                  "Alias": "mc",
                  "Startup Cost": 0.0,
                  "Total Cost": 29310.68,
                  "Plan Rows": 363265,
                  "Plan Width": 0,
                  "Actual Startup Time": 19.754,
                  "Actual Total Time": 79.139,
                  "Actual Rows": 282428,
                  "Actual Loops": 4,
                  "Filter": "(company_id > 13543)",
                  "Rows Removed by Filter": 369854
                }
              ]
            }
          ]
        }
      ]
    },
    "Planning Time": 0.121,
    "Triggers": [],
    "Execution Time": 105.859
  }
]