{
  "Plan": {
    "Node Type": "Aggregate",
    "Strategy": "Plain",
    "Partial Mode": "Finalize",
    "Parallel Aware": false,
    "Startup Cost": 71787.66,
    "Total Cost": 71787.67,
    "Plan Rows": 1,
    "Plan Width": 8,
    "Actual Startup Time": 160.119,
    "Actual Total Time": 171.838,
    "Actual Rows": 1,
    "Actual Loops": 1,
    "Plans": [
      {
        "Node Type": "Gather",
        "Parent Relationship": "Outer",
        "Parallel Aware": false,
        "Startup Cost": 71787.55,
        "Total Cost": 71787.66,
        "Plan Rows": 1,
        "Plan Width": 8,
        "Actual Startup Time": 160.009,
        "Actual Total Time": 171.83,
        "Actual Rows": 2,
        "Actual Loops": 1,
        "Workers Planned": 1,
        "Workers Launched": 1,
        "Single Copy": false,
        "Plans": [
          {
            "Node Type": "Aggregate",
            "Strategy": "Plain",
            "Partial Mode": "Partial",
            "Parent Relationship": "Outer",
            "Parallel Aware": false,
            "Startup Cost": 70787.55,
            "Total Cost": 70787.56,
            "Plan Rows": 1,
            "Plan Width": 8,
            "Actual Startup Time": 153.901,
            "Actual Total Time": 153.902,
            "Actual Rows": 1,
            "Actual Loops": 2,
            "Plans": [
              {
                "Node Type": "Nested Loop",
                "Parent Relationship": "Outer",
                "Parallel Aware": false,
                "Join Type": "Inner",
                "Startup Cost": 0.43,
                "Total Cost": 70785.15,
                "Plan Rows": 958,
                "Plan Width": 0,
                "Actual Startup Time": 10.654,
                "Actual Total Time": 153.871,
                "Actual Rows": 146,
                "Actual Loops": 2,
                "Inner Unique": false,
                "Plans": [
                  {
                    "Node Type": "Seq Scan",
                    "Parent Relationship": "Outer",
                    "Parallel Aware": true,
                    "Relation Name": "title",
                    "Alias": "t",
                    "Startup Cost": 0.0,
                    "Total Cost": 58306.47,
                    "Plan Rows": 1755,
                    "Plan Width": 4,
                    "Actual Startup Time": 1.165,
                    "Actual Total Time": 150.713,
                    "Actual Rows": 712,
                    "Actual Loops": 2,
                    "Filter": "((kind_id > 1) AND (production_year = 1949))",
                    "Rows Removed by Filter": 1263444
                  },
                  {
                    "Node Type": "Index Only Scan",
                    "Parent Relationship": "Inner",
                    "Parallel Aware": false,
                    "Scan Direction": "Forward",
                    "Index Name": "movie_id_movie_info_idx",
                    "Relation Name": "movie_info_idx",
                    "Alias": "mi_idx",
                    "Startup Cost": 0.43,
                    "Total Cost": 7.08,
                    "Plan Rows": 3,
                    "Plan Width": 4,
                    "Actual Startup Time": 0.004,
                    "Actual Total Time": 0.004,
                    "Actual Rows": 0,
                    "Actual Loops": 1425,
                    "Index Cond": "(movie_id = t.id)",
                    "Rows Removed by Index Recheck": 0,
                    "Heap Fetches": 291
                  }
                ]
              }
            ]
          }
        ]
      }
    ]
  },
  "Planning Time": 0.485,
  "Triggers": [],
  "Execution Time": 171.915
}