[
  {
    "Plan": {
      "Node Type": "Aggregate",
      "Strategy": "Plain",
      "Partial Mode": "Finalize",
      "Parallel Aware": false,
      "Startup Cost": 79459.78,
      "Total Cost": 79459.79,
      "Plan Rows": 1,
      "Plan Width": 8,
      "Actual Startup Time": 126.448,
      "Actual Total Time": 135.099,
      "Actual Rows": 1,
      "Actual Loops": 1,
      "Plans": [
        {
          "Node Type": "Gather",
          "Parent Relationship": "Outer",
          "Parallel Aware": false,
          "Startup Cost": 79459.26,
          "Total Cost": 79459.77,
          "Plan Rows": 5,
          "Plan Width": 8,
          "Actual Startup Time": 126.373,
          "Actual Total Time": 135.09,
          "Actual Rows": 6,
          "Actual Loops": 1,
          "Workers Planned": 5,
          "Workers Launched": 5,
          "Single Copy": false,
          "Plans": [
            {
              "Node Type": "Aggregate",
              "Strategy": "Plain",
              "Partial Mode": "Partial",
              "Parent Relationship": "Outer",
              "Parallel Aware": false,
              "Startup Cost": 78459.26,
              "Total Cost": 78459.27,
              "Plan Rows": 1,
              "Plan Width": 8,
              "Actual Startup Time": 118.865,
              "Actual Total Time": 118.866,
              "Actual Rows": 1,
              "Actual Loops": 6,
              "Plans": [
                {
                  "Node Type": "Index Scan",
                  "Parent Relationship": "Outer",
                  "Parallel Aware": true,
                  "Scan Direction": "Forward",
                  "Index Name": "role_id_cast_info",
                  "Relation Name": "cast_info",
                  "Alias": "ci",
                  "Startup Cost": 0.56,
                  "Total Cost": 77740.85,
                  "Plan Rows": 287363,
                  "Plan Width": 0,
                  "Actual Startup Time": 0.152,
                  "Actual Total Time": 105.949,
                  "Actual Rows": 249276,
                  "Actual Loops": 6,
                  "Index Cond": "(role_id = 4)",
                  "Rows Removed by Index Recheck": 0,
                  "Filter": "(person_id > 1784091)",
                  "Rows Removed by Filter": 205548
                }
              ]
            }
          ]
        }
      ]
    },
    "Planning Time": 0.204,
    "Triggers": [],
    "Execution Time": 135.158
  }
]