[
    {
        "Bao": {
            "Bao prediction": 745.317,
            "Bao recommended hint": "(no hint)"
        }
    },
    {
        "Plan": {
            "Node Type": "Aggregate",
            "Strategy": "Plain",
            "Partial Mode": "Finalize",
            "Parallel Aware": false,
            "Startup Cost": 66100.69,
            "Total Cost": 66100.7,
            "Plan Rows": 1,
            "Plan Width": 8,
            "Actual Startup Time": 145.485,
            "Actual Total Time": 156.449,
            "Actual Rows": 1,
            "Actual Loops": 1,
            "Output": [
                "count(*)"
            ],
            "Plans": [
                {
                    "Node Type": "Gather",
                    "Parent Relationship": "Outer",
                    "Parallel Aware": false,
                    "Startup Cost": 66100.27,
                    "Total Cost": 66100.68,
                    "Plan Rows": 4,
                    "Plan Width": 8,
                    "Actual Startup Time": 144.824,
                    "Actual Total Time": 156.437,
                    "Actual Rows": 5,
                    "Actual Loops": 1,
                    "Output": [
                        "(PARTIAL count(*))"
                    ],
                    "Workers Planned": 4,
                    "Workers Launched": 4,
                    "Single Copy": false,
                    "Plans": [
                        {
                            "Node Type": "Aggregate",
                            "Strategy": "Plain",
                            "Partial Mode": "Partial",
                            "Parent Relationship": "Outer",
                            "Parallel Aware": false,
                            "Startup Cost": 65100.27,
                            "Total Cost": 65100.28,
                            "Plan Rows": 1,
                            "Plan Width": 8,
                            "Actual Startup Time": 135.441,
                            "Actual Total Time": 135.444,
                            "Actual Rows": 1,
                            "Actual Loops": 5,
                            "Output": [
                                "PARTIAL count(*)"
                            ],
                            "Workers": [
                                {
                                    "Worker Number": 0,
                                    "Actual Startup Time": 132.776,
                                    "Actual Total Time": 132.78,
                                    "Actual Rows": 1,
                                    "Actual Loops": 1
                                },
                                {
                                    "Worker Number": 1,
                                    "Actual Startup Time": 133.226,
                                    "Actual Total Time": 133.23,
                                    "Actual Rows": 1,
                                    "Actual Loops": 1
                                },
                                {
                                    "Worker Number": 2,
                                    "Actual Startup Time": 133.563,
                                    "Actual Total Time": 133.567,
                                    "Actual Rows": 1,
                                    "Actual Loops": 1
                                },
                                {
                                    "Worker Number": 3,
                                    "Actual Startup Time": 133.683,
                                    "Actual Total Time": 133.686,
                                    "Actual Rows": 1,
                                    "Actual Loops": 1
                                }
                            ],
                            "Plans": [
                                {
                                    "Node Type": "Hash Join",
                                    "Parent Relationship": "Outer",
                                    "Parallel Aware": true,
                                    "Join Type": "Inner",
                                    "Startup Cost": 21018.29,
                                    "Total Cost": 65097.65,
                                    "Plan Rows": 1048,
                                    "Plan Width": 0,
                                    "Actual Startup Time": 113.48,
                                    "Actual Total Time": 135.307,
                                    "Actual Rows": 904,
                                    "Actual Loops": 5,
                                    "Inner Unique": false,
                                    "Hash Cond": "(t.id = mc.movie_id)",
                                    "Workers": [
                                        {
                                            "Worker Number": 0,
                                            "Actual Startup Time": 108.449,
                                            "Actual Total Time": 132.622,
                                            "Actual Rows": 938,
                                            "Actual Loops": 1
                                        },
                                        {
                                            "Worker Number": 1,
                                            "Actual Startup Time": 111.788,
                                            "Actual Total Time": 133.094,
                                            "Actual Rows": 830,
                                            "Actual Loops": 1
                                        },
                                        {
                                            "Worker Number": 2,
                                            "Actual Startup Time": 112.242,
                                            "Actual Total Time": 133.418,
                                            "Actual Rows": 573,
                                            "Actual Loops": 1
                                        },
                                        {
                                            "Worker Number": 3,
                                            "Actual Startup Time": 112.333,
                                            "Actual Total Time": 133.551,
                                            "Actual Rows": 834,
                                            "Actual Loops": 1
                                        }
                                    ],
                                    "Plans": [
                                        {
                                            "Node Type": "Seq Scan",
                                            "Parent Relationship": "Outer",
                                            "Parallel Aware": true,
                                            "Relation Name": "title",
                                            "Schema": "public",
                                            "Alias": "t",
                                            "Startup Cost": 0.0,
                                            "Total Cost": 43899.01,
                                            "Plan Rows": 35396,
                                            "Plan Width": 4,
                                            "Actual Startup Time": 0.02,
                                            "Actual Total Time": 91.46,
                                            "Actual Rows": 28341,
                                            "Actual Loops": 5,
                                            "Output": [
                                                "t.id",
                                                "t.title",
                                                "t.imdb_index",
                                                "t.kind_id",
                                                "t.production_year",
                                                "t.imdb_id",
                                                "t.phonetic_code",
                                                "t.episode_of_id",
                                                "t.season_nr",
                                                "t.episode_nr",
                                                "t.series_years",
                                                "t.md5sum"
                                            ],
                                            "Filter": "(t.production_year = 2010)",
                                            "Rows Removed by Filter": 477322,
                                            "Workers": [
                                                {
                                                    "Worker Number": 0,
                                                    "Actual Startup Time": 0.016,
                                                    "Actual Total Time": 91.55,
                                                    "Actual Rows": 26125,
                                                    "Actual Loops": 1
                                                },
                                                {
                                                    "Worker Number": 1,
                                                    "Actual Startup Time": 0.017,
                                                    "Actual Total Time": 91.943,
                                                    "Actual Rows": 26250,
                                                    "Actual Loops": 1
                                                },
                                                {
                                                    "Worker Number": 2,
                                                    "Actual Startup Time": 0.038,
                                                    "Actual Total Time": 91.884,
                                                    "Actual Rows": 22145,
                                                    "Actual Loops": 1
                                                },
                                                {
                                                    "Worker Number": 3,
                                                    "Actual Startup Time": 0.022,
                                                    "Actual Total Time": 91.626,
                                                    "Actual Rows": 26107,
                                                    "Actual Loops": 1
                                                }
                                            ]
                                        },
                                        {
                                            "Node Type": "Hash",
                                            "Parent Relationship": "Inner",
                                            "Parallel Aware": true,
                                            "Startup Cost": 20716.44,
                                            "Total Cost": 20716.44,
                                            "Plan Rows": 24148,
                                            "Plan Width": 4,
                                            "Actual Startup Time": 32.733,
                                            "Actual Total Time": 32.734,
                                            "Actual Rows": 15306,
                                            "Actual Loops": 5,
                                            "Output": [
                                                "mc.movie_id"
                                            ],
                                            "Hash Buckets": 131072,
                                            "Original Hash Buckets": 131072,
                                            "Hash Batches": 1,
                                            "Original Hash Batches": 1,
                                            "Peak Memory Usage": 4064,
                                            "Workers": [
                                                {
                                                    "Worker Number": 0,
                                                    "Actual Startup Time": 31.087,
                                                    "Actual Total Time": 31.088,
                                                    "Actual Rows": 12111,
                                                    "Actual Loops": 1
                                                },
                                                {
                                                    "Worker Number": 1,
                                                    "Actual Startup Time": 31.48,
                                                    "Actual Total Time": 31.482,
                                                    "Actual Rows": 12195,
                                                    "Actual Loops": 1
                                                },
                                                {
                                                    "Worker Number": 2,
                                                    "Actual Startup Time": 31.892,
                                                    "Actual Total Time": 31.893,
                                                    "Actual Rows": 12168,
                                                    "Actual Loops": 1
                                                },
                                                {
                                                    "Worker Number": 3,
                                                    "Actual Startup Time": 32.034,
                                                    "Actual Total Time": 32.035,
                                                    "Actual Rows": 10885,
                                                    "Actual Loops": 1
                                                }
                                            ],
                                            "Plans": [
                                                {
                                                    "Node Type": "Bitmap Heap Scan",
                                                    "Parent Relationship": "Outer",
                                                    "Parallel Aware": true,
                                                    "Relation Name": "movie_companies",
                                                    "Schema": "public",
                                                    "Alias": "mc",
                                                    "Startup Cost": 1624.59,
                                                    "Total Cost": 20716.44,
                                                    "Plan Rows": 24148,
                                                    "Plan Width": 4,
                                                    "Actual Startup Time": 7.376,
                                                    "Actual Total Time": 24.339,
                                                    "Actual Rows": 15306,
                                                    "Actual Loops": 5,
                                                    "Output": [
                                                        "mc.movie_id"
                                                    ],
                                                    "Recheck Cond": "(mc.company_id > 172206)",
                                                    "Rows Removed by Index Recheck": 0,
                                                    "Exact Heap Blocks": 1011,
                                                    "Lossy Heap Blocks": 0,
                                                    "Workers": [
                                                        {
                                                            "Worker Number": 0,
                                                            "Actual Startup Time": 5.656,
                                                            "Actual Total Time": 23.438,
                                                            "Actual Rows": 12111,
                                                            "Actual Loops": 1
                                                        },
                                                        {
                                                            "Worker Number": 1,
                                                            "Actual Startup Time": 6.439,
                                                            "Actual Total Time": 24.027,
                                                            "Actual Rows": 12195,
                                                            "Actual Loops": 1
                                                        },
                                                        {
                                                            "Worker Number": 2,
                                                            "Actual Startup Time": 6.542,
                                                            "Actual Total Time": 24.437,
                                                            "Actual Rows": 12168,
                                                            "Actual Loops": 1
                                                        },
                                                        {
                                                            "Worker Number": 3,
                                                            "Actual Startup Time": 6.583,
                                                            "Actual Total Time": 24.221,
                                                            "Actual Rows": 10885,
                                                            "Actual Loops": 1
                                                        }
                                                    ],
                                                    "Plans": [
                                                        {
                                                            "Node Type": "Bitmap Index Scan",
                                                            "Parent Relationship": "Outer",
                                                            "Parallel Aware": false,
                                                            "Index Name": "company_id_movie_companies",
                                                            "Startup Cost": 0.0,
                                                            "Total Cost": 1605.87,
                                                            "Plan Rows": 74859,
                                                            "Plan Width": 0,
                                                            "Actual Startup Time": 10.307,
                                                            "Actual Total Time": 10.307,
                                                            "Actual Rows": 76532,
                                                            "Actual Loops": 1,
                                                            "Index Cond": "(mc.company_id > 172206)"
                                                        }
                                                    ]
                                                }
                                            ]
                                        }
                                    ]
                                }
                            ]
                        }
                    ]
                }
            ]
        },
        "Planning Time": 3525.31,
        "Triggers": [],
        "Execution Time": 156.603
    }
]