[
  {
    "Plan": {
      "Node Type": "Aggregate",
      "Strategy": "Plain",
      "Partial Mode": "Finalize",
      "Parallel Aware": false,
      "Startup Cost": 336480.52,
      "Total Cost": 336480.53,
      "Plan Rows": 1,
      "Plan Width": 8,
      "Actual Startup Time": 765.434,
      "Actual Total Time": 811.416,
      "Actual Rows": 1,
      "Actual Loops": 1,
      "Plans": [
        {
          "Node Type": "Gather",
          "Parent Relationship": "Outer",
          "Parallel Aware": false,
          "Startup Cost": 336479.9,
          "Total Cost": 336480.51,
          "Plan Rows": 6,
          "Plan Width": 8,
          "Actual Startup Time": 765.147,
          "Actual Total Time": 811.4,
          "Actual Rows": 7,
          "Actual Loops": 1,
          "Workers Planned": 6,
          "Workers Launched": 6,
          "Single Copy": false,
          "Plans": [
            {
              "Node Type": "Aggregate",
              "Strategy": "Plain",
              "Partial Mode": "Partial",
              "Parent Relationship": "Outer",
              "Parallel Aware": false,
              "Startup Cost": 335479.9,
              "Total Cost": 335479.91,
              "Plan Rows": 1,
              "Plan Width": 8,
              "Actual Startup Time": 757.602,
              "Actual Total Time": 757.603,
              "Actual Rows": 1,
              "Actual Loops": 7,
              "Plans": [
                {
                  "Node Type": "Seq Scan",
                  "Parent Relationship": "Outer",
                  "Parallel Aware": true,
                  "Relation Name": "cast_info",
                  "Alias": "ci",
                  "Startup Cost": 0.0,
                  "Total Cost": 328211.39,
                  "Plan Rows": 2907402,
                  "Plan Width": 0,
                  "Actual Startup Time": 0.053,
                  "Actual Total Time": 624.385,
                  "Actual Rows": 2509500,
                  "Actual Loops": 7,
                  "Filter": "(person_id < 1738234)",
                  "Rows Removed by Filter": 2668264
                }
              ]
            }
          ]
        }
      ]
    },
    "Planning Time": 0.209,
    "Triggers": [],
    "Execution Time": 811.487
  }
]