{
    "Plan": {
        "Node Type": "Aggregate",
        "Strategy": "Plain",
        "Partial Mode": "Finalize",
        "Parallel Aware": false,
        "Startup Cost": 426372.05,
        "Total Cost": 426372.06,
        "Plan Rows": 1,
        "Plan Width": 8,
        "Actual Startup Time": 3111.697,
        "Actual Total Time": 3219.555,
        "Actual Rows": 1,
        "Actual Loops": 1,
        "Output": [
            "count(*)"
        ],
        "Plans": [
            {
                "Node Type": "Gather",
                "Parent Relationship": "Outer",
                "Parallel Aware": false,
                "Startup Cost": 426371.52,
                "Total Cost": 426372.03,
                "Plan Rows": 5,
                "Plan Width": 8,
                "Actual Startup Time": 3105.378,
                "Actual Total Time": 3219.545,
                "Actual Rows": 6,
                "Actual Loops": 1,
                "Output": [
                    "(PARTIAL count(*))"
                ],
                "Workers Planned": 5,
                "Workers Launched": 5,
                "Single Copy": false,
                "Plans": [
                    {
                        "Node Type": "Aggregate",
                        "Strategy": "Plain",
                        "Partial Mode": "Partial",
                        "Parent Relationship": "Outer",
                        "Parallel Aware": false,
                        "Startup Cost": 425371.52,
                        "Total Cost": 425371.53,
                        "Plan Rows": 1,
                        "Plan Width": 8,
                        "Actual Startup Time": 3093.719,
                        "Actual Total Time": 3093.723,
                        "Actual Rows": 1,
                        "Actual Loops": 6,
                        "Output": [
                            "PARTIAL count(*)"
                        ],
                        "Workers": [
                            {
                                "Worker Number": 0,
                                "Actual Startup Time": 3091.81,
                                "Actual Total Time": 3091.814,
                                "Actual Rows": 1,
                                "Actual Loops": 1
                            },
                            {
                                "Worker Number": 1,
                                "Actual Startup Time": 3091.516,
                                "Actual Total Time": 3091.519,
                                "Actual Rows": 1,
                                "Actual Loops": 1
                            },
                            {
                                "Worker Number": 2,
                                "Actual Startup Time": 3091.546,
                                "Actual Total Time": 3091.549,
                                "Actual Rows": 1,
                                "Actual Loops": 1
                            },
                            {
                                "Worker Number": 3,
                                "Actual Startup Time": 3091.492,
                                "Actual Total Time": 3091.496,
                                "Actual Rows": 1,
                                "Actual Loops": 1
                            },
                            {
                                "Worker Number": 4,
                                "Actual Startup Time": 3091.506,
                                "Actual Total Time": 3091.51,
                                "Actual Rows": 1,
                                "Actual Loops": 1
                            }
                        ],
                        "Plans": [
                            {
                                "Node Type": "Nested Loop",
                                "Parent Relationship": "Outer",
                                "Parallel Aware": false,
                                "Join Type": "Inner",
                                "Startup Cost": 45997.55,
                                "Total Cost": 424549.39,
                                "Plan Rows": 328852,
                                "Plan Width": 0,
                                "Actual Startup Time": 144.828,
                                "Actual Total Time": 3057.605,
                                "Actual Rows": 713999,
                                "Actual Loops": 6,
                                "Inner Unique": false,
                                "Join Filter": "(t.id = ci.movie_id)",
                                "Rows Removed by Join Filter": 0,
                                "Workers": [
                                    {
                                        "Worker Number": 0,
                                        "Actual Startup Time": 142.592,
                                        "Actual Total Time": 3060.143,
                                        "Actual Rows": 668559,
                                        "Actual Loops": 1
                                    },
                                    {
                                        "Worker Number": 1,
                                        "Actual Startup Time": 142.654,
                                        "Actual Total Time": 3055.802,
                                        "Actual Rows": 762271,
                                        "Actual Loops": 1
                                    },
                                    {
                                        "Worker Number": 2,
                                        "Actual Startup Time": 142.88,
                                        "Actual Total Time": 3048.335,
                                        "Actual Rows": 601634,
                                        "Actual Loops": 1
                                    },
                                    {
                                        "Worker Number": 3,
                                        "Actual Startup Time": 142.617,
                                        "Actual Total Time": 3060.03,
                                        "Actual Rows": 659516,
                                        "Actual Loops": 1
                                    },
                                    {
                                        "Worker Number": 4,
                                        "Actual Startup Time": 142.665,
                                        "Actual Total Time": 3056.307,
                                        "Actual Rows": 751732,
                                        "Actual Loops": 1
                                    }
                                ],
                                "Plans": [
                                    {
                                        "Node Type": "Hash Join",
                                        "Parent Relationship": "Outer",
                                        "Parallel Aware": true,
                                        "Join Type": "Inner",
                                        "Startup Cost": 45996.98,
                                        "Total Cost": 245521.7,
                                        "Plan Rows": 65143,
                                        "Plan Width": 8,
                                        "Actual Startup Time": 144.72,
                                        "Actual Total Time": 527.034,
                                        "Actual Rows": 103161,
                                        "Actual Loops": 6,
                                        "Output": [
                                            "t.id",
                                            "mi.movie_id"
                                        ],
                                        "Inner Unique": true,
                                        "Hash Cond": "(mi.movie_id = t.id)",
                                        "Workers": [
                                            {
                                                "Worker Number": 0,
                                                "Actual Startup Time": 142.49,
                                                "Actual Total Time": 522.337,
                                                "Actual Rows": 97509,
                                                "Actual Loops": 1
                                            },
                                            {
                                                "Worker Number": 1,
                                                "Actual Startup Time": 142.559,
                                                "Actual Total Time": 524.644,
                                                "Actual Rows": 109594,
                                                "Actual Loops": 1
                                            },
                                            {
                                                "Worker Number": 2,
                                                "Actual Startup Time": 142.633,
                                                "Actual Total Time": 524.151,
                                                "Actual Rows": 87325,
                                                "Actual Loops": 1
                                            },
                                            {
                                                "Worker Number": 3,
                                                "Actual Startup Time": 142.521,
                                                "Actual Total Time": 525.429,
                                                "Actual Rows": 96577,
                                                "Actual Loops": 1
                                            },
                                            {
                                                "Worker Number": 4,
                                                "Actual Startup Time": 142.587,
                                                "Actual Total Time": 522.451,
                                                "Actual Rows": 106453,
                                                "Actual Loops": 1
                                            }
                                        ],
                                        "Plans": [
                                            {
                                                "Node Type": "Seq Scan",
                                                "Parent Relationship": "Outer",
                                                "Parallel Aware": true,
                                                "Relation Name": "movie_info",
                                                "Schema": "public",
                                                "Alias": "mi",
                                                "Startup Cost": 0.0,
                                                "Total Cost": 198880.74,
                                                "Plan Rows": 245328,
                                                "Plan Width": 4,
                                                "Actual Startup Time": 0.032,
                                                "Actual Total Time": 288.849,
                                                "Actual Rows": 216498,
                                                "Actual Loops": 6,
                                                "Output": [
                                                    "mi.id",
                                                    "mi.movie_id",
                                                    "mi.info_type_id",
                                                    "mi.info",
                                                    "mi.note"
                                                ],
                                                "Filter": "(mi.info_type_id = 4)",
                                                "Rows Removed by Filter": 2256122,
                                                "Workers": [
                                                    {
                                                        "Worker Number": 0,
                                                        "Actual Startup Time": 0.032,
                                                        "Actual Total Time": 288.056,
                                                        "Actual Rows": 201338,
                                                        "Actual Loops": 1
                                                    },
                                                    {
                                                        "Worker Number": 1,
                                                        "Actual Startup Time": 0.033,
                                                        "Actual Total Time": 290.391,
                                                        "Actual Rows": 229093,
                                                        "Actual Loops": 1
                                                    },
                                                    {
                                                        "Worker Number": 2,
                                                        "Actual Startup Time": 0.042,
                                                        "Actual Total Time": 292.59,
                                                        "Actual Rows": 187670,
                                                        "Actual Loops": 1
                                                    },
                                                    {
                                                        "Worker Number": 3,
                                                        "Actual Startup Time": 0.03,
                                                        "Actual Total Time": 287.825,
                                                        "Actual Rows": 202305,
                                                        "Actual Loops": 1
                                                    },
                                                    {
                                                        "Worker Number": 4,
                                                        "Actual Startup Time": 0.043,
                                                        "Actual Total Time": 287.503,
                                                        "Actual Rows": 224445,
                                                        "Actual Loops": 1
                                                    }
                                                ]
                                            },
                                            {
                                                "Node Type": "Hash",
                                                "Parent Relationship": "Inner",
                                                "Parallel Aware": true,
                                                "Startup Cost": 43899.01,
                                                "Total Cost": 43899.01,
                                                "Plan Rows": 167838,
                                                "Plan Width": 4,
                                                "Actual Startup Time": 126.405,
                                                "Actual Total Time": 126.406,
                                                "Actual Rows": 110471,
                                                "Actual Loops": 6,
                                                "Output": [
                                                    "t.id"
                                                ],
                                                "Hash Buckets": 1048576,
                                                "Original Hash Buckets": 1048576,
                                                "Hash Batches": 1,
                                                "Original Hash Batches": 1,
                                                "Peak Memory Usage": 34240,
                                                "Workers": [
                                                    {
                                                        "Worker Number": 0,
                                                        "Actual Startup Time": 127.468,
                                                        "Actual Total Time": 127.469,
                                                        "Actual Rows": 105190,
                                                        "Actual Loops": 1
                                                    },
                                                    {
                                                        "Worker Number": 1,
                                                        "Actual Startup Time": 127.616,
                                                        "Actual Total Time": 127.617,
                                                        "Actual Rows": 117014,
                                                        "Actual Loops": 1
                                                    },
                                                    {
                                                        "Worker Number": 2,
                                                        "Actual Startup Time": 127.607,
                                                        "Actual Total Time": 127.608,
                                                        "Actual Rows": 82735,
                                                        "Actual Loops": 1
                                                    },
                                                    {
                                                        "Worker Number": 3,
                                                        "Actual Startup Time": 127.548,
                                                        "Actual Total Time": 127.549,
                                                        "Actual Rows": 105585,
                                                        "Actual Loops": 1
                                                    },
                                                    {
                                                        "Worker Number": 4,
                                                        "Actual Startup Time": 127.785,
                                                        "Actual Total Time": 127.786,
                                                        "Actual Rows": 115771,
                                                        "Actual Loops": 1
                                                    }
                                                ],
                                                "Plans": [
                                                    {
                                                        "Node Type": "Seq Scan",
                                                        "Parent Relationship": "Outer",
                                                        "Parallel Aware": true,
                                                        "Relation Name": "title",
                                                        "Schema": "public",
                                                        "Alias": "t",
                                                        "Startup Cost": 0.0,
                                                        "Total Cost": 43899.01,
                                                        "Plan Rows": 167838,
                                                        "Plan Width": 4,
                                                        "Actual Startup Time": 43.015,
                                                        "Actual Total Time": 80.922,
                                                        "Actual Rows": 110471,
                                                        "Actual Loops": 6,
                                                        "Output": [
                                                            "t.id"
                                                        ],
                                                        "Filter": "(t.kind_id = 1)",
                                                        "Rows Removed by Filter": 310914,
                                                        "Workers": [
                                                            {
                                                                "Worker Number": 0,
                                                                "Actual Startup Time": 50.251,
                                                                "Actual Total Time": 80.61,
                                                                "Actual Rows": 105190,
                                                                "Actual Loops": 1
                                                            },
                                                            {
                                                                "Worker Number": 1,
                                                                "Actual Startup Time": 50.277,
                                                                "Actual Total Time": 81.528,
                                                                "Actual Rows": 117014,
                                                                "Actual Loops": 1
                                                            },
                                                            {
                                                                "Worker Number": 2,
                                                                "Actual Startup Time": 50.662,
                                                                "Actual Total Time": 82.929,
                                                                "Actual Rows": 82735,
                                                                "Actual Loops": 1
                                                            },
                                                            {
                                                                "Worker Number": 3,
                                                                "Actual Startup Time": 50.258,
                                                                "Actual Total Time": 80.449,
                                                                "Actual Rows": 105585,
                                                                "Actual Loops": 1
                                                            },
                                                            {
                                                                "Worker Number": 4,
                                                                "Actual Startup Time": 6.147,
                                                                "Actual Total Time": 81.647,
                                                                "Actual Rows": 115771,
                                                                "Actual Loops": 1
                                                            }
                                                        ]
                                                    }
                                                ]
                                            }
                                        ]
                                    },
                                    {
                                        "Node Type": "Index Scan",
                                        "Parent Relationship": "Inner",
                                        "Parallel Aware": false,
                                        "Scan Direction": "Forward",
                                        "Index Name": "movie_id_cast_info",
                                        "Relation Name": "cast_info",
                                        "Schema": "public",
                                        "Alias": "ci",
                                        "Startup Cost": 0.56,
                                        "Total Cost": 2.57,
                                        "Plan Rows": 14,
                                        "Plan Width": 4,
                                        "Actual Startup Time": 0.004,
                                        "Actual Total Time": 0.024,
                                        "Actual Rows": 7,
                                        "Actual Loops": 618967,
                                        "Output": [
                                            "ci.id",
                                            "ci.person_id",
                                            "ci.movie_id",
                                            "ci.person_role_id",
                                            "ci.note",
                                            "ci.nr_order",
                                            "ci.role_id"
                                        ],
                                        "Index Cond": "(ci.movie_id = mi.movie_id)",
                                        "Rows Removed by Index Recheck": 0,
                                        "Filter": "(ci.role_id = 1)",
                                        "Rows Removed by Filter": 12,
                                        "Workers": [
                                            {
                                                "Worker Number": 0,
                                                "Actual Startup Time": 0.004,
                                                "Actual Total Time": 0.025,
                                                "Actual Rows": 7,
                                                "Actual Loops": 97509
                                            },
                                            {
                                                "Worker Number": 1,
                                                "Actual Startup Time": 0.004,
                                                "Actual Total Time": 0.022,
                                                "Actual Rows": 7,
                                                "Actual Loops": 109594
                                            },
                                            {
                                                "Worker Number": 2,
                                                "Actual Startup Time": 0.005,
                                                "Actual Total Time": 0.028,
                                                "Actual Rows": 7,
                                                "Actual Loops": 87325
                                            },
                                            {
                                                "Worker Number": 3,
                                                "Actual Startup Time": 0.004,
                                                "Actual Total Time": 0.025,
                                                "Actual Rows": 7,
                                                "Actual Loops": 96577
                                            },
                                            {
                                                "Worker Number": 4,
                                                "Actual Startup Time": 0.004,
                                                "Actual Total Time": 0.023,
                                                "Actual Rows": 7,
                                                "Actual Loops": 106453
                                            }
                                        ]
                                    }
                                ]
                            }
                        ]
                    }
                ]
            }
        ]
    },
    "Planning Time": 1.549,
    "Triggers": [],
    "Execution Time": 3219.711
}