[
  {
    "Plan": {
      "Node Type": "Aggregate",
      "Strategy": "Plain",
      "Partial Mode": "Finalize",
      "Parallel Aware": false,
      "Startup Cost": 125863.33,
      "Total Cost": 125863.34,
      "Plan Rows": 1,
      "Plan Width": 8,
      "Actual Startup Time": 698.037,
      "Actual Total Time": 719.593,
      "Actual Rows": 1,
      "Actual Loops": 1,
      "Plans": [
        {
          "Node Type": "Gather",
          "Parent Relationship": "Outer",
          "Parallel Aware": false,
          "Startup Cost": 125863.01,
          "Total Cost": 125863.32,
          "Plan Rows": 3,
          "Plan Width": 8,
          "Actual Startup Time": 689.996,
          "Actual Total Time": 719.583,
          "Actual Rows": 4,
          "Actual Loops": 1,
          "Workers Planned": 3,
          "Workers Launched": 3,
          "Single Copy": false,
          "Plans": [
            {
              "Node Type": "Aggregate",
              "Strategy": "Plain",
              "Partial Mode": "Partial",
              "Parent Relationship": "Outer",
              "Parallel Aware": false,
              "Startup Cost": 124863.01,
              "Total Cost": 124863.02,
              "Plan Rows": 1,
              "Plan Width": 8,
              "Actual Startup Time": 681.998,
              "Actual Total Time": 682.247,
              "Actual Rows": 1,
              "Actual Loops": 4,
              "Plans": [
                {
                  "Node Type": "Hash Join",
                  "Parent Relationship": "Outer",
                  "Parallel Aware": true,
                  "Join Type": "Inner",
                  "Startup Cost": 79970.64,
                  "Total Cost": 124675.97,
                  "Plan Rows": 74818,
                  "Plan Width": 0,
                  "Actual Startup Time": 410.471,
                  "Actual Total Time": 633.694,
                  "Actual Rows": 1086187,
                  "Actual Loops": 4,
                  "Inner Unique": false,
                  "Hash Cond": "(mk.movie_id = t.id)",
                  "Plans": [
                    {
                      "Node Type": "Seq Scan",
                      "Parent Relationship": "Outer",
                      "Parallel Aware": true,
                      "Relation Name": "movie_keyword",
                      "Alias": "mk",
                      "Startup Cost": 0.0,
                      "Total Cost": 42695.65,
                      "Plan Rows": 471554,
                      "Plan Width": 4,
                      "Actual Startup Time": 0.769,
                      "Actual Total Time": 99.319,
                      "Actual Rows": 363994,
                      "Actual Loops": 4,
                      "Filter": "(keyword_id > 11444)",
                      "Rows Removed by Filter": 766989
                    },
                    {
                      "Node Type": "Hash",
                      "Parent Relationship": "Inner",
                      "Parallel Aware": true,
                      "Startup Cost": 78353.04,
                      "Total Cost": 78353.04,
                      "Plan Rows": 129408,
                      "Plan Width": 8,
                      "Actual Startup Time": 405.974,
                      "Actual Total Time": 406.222,
                      "Actual Rows": 132588,
                      "Actual Loops": 4,
                      "Hash Buckets": 1048576,
                      "Original Hash Buckets": 524288,
                      "Hash Batches": 1,
                      "Original Hash Batches": 1,
                      "Peak Memory Usage": 33120,
                      "Plans": [
                        {
                          "Node Type": "Hash Join",
                          "Parent Relationship": "Outer",
                          "Parallel Aware": true,
                          "Join Type": "Inner",
                          "Startup Cost": 47960.46,
                          "Total Cost": 78353.04,
                          "Plan Rows": 129408,
                          "Plan Width": 8,
                          "Actual Startup Time": 189.792,
                          "Actual Total Time": 352.887,
                          "Actual Rows": 132588,
                          "Actual Loops": 4,
                          "Inner Unique": true,
                          "Hash Cond": "(mc.movie_id = t.id)",
                          "Plans": [
                            {
                              "Node Type": "Seq Scan",
                              "Parent Relationship": "Outer",
                              "Parallel Aware": true,
                              "Relation Name": "movie_companies",
                              "Alias": "mc",
                              "Startup Cost": 0.0,
                              "Total Cost": 29310.68,
                              "Plan Rows": 412151,
                              "Plan Width": 4,
                              "Actual Startup Time": 0.01,
                              "Actual Total Time": 73.303,
                              "Actual Rows": 322384,
                              "Actual Loops": 4,
                              "Filter": "(company_id < 11245)",
                              "Rows Removed by Filter": 329898
                            },
                            {
                              "Node Type": "Hash",
                              "Parent Relationship": "Inner",
                              "Parallel Aware": true,
                              "Startup Cost": 45479.59,
                              "Total Cost": 45479.59,
                              "Plan Rows": 198470,
                              "Plan Width": 4,
                              "Actual Startup Time": 186.358,
                              "Actual Total Time": 186.36,
                              "Actual Rows": 175487,
                              "Actual Loops": 4,
                              "Hash Buckets": 1048576,
                              "Original Hash Buckets": 1048576,
                              "Hash Batches": 1,
                              "Original Hash Batches": 1,
                              "Peak Memory Usage": 35712,
                              "Plans": [
                                {
                                  "Node Type": "Seq Scan",
                                  "Parent Relationship": "Outer",
                                  "Parallel Aware": true,
                                  "Relation Name": "title",
                                  "Alias": "t",
                                  "Startup Cost": 0.0,
                                  "Total Cost": 45479.59,
                                  "Plan Rows": 198470,
                                  "Plan Width": 4,
                                  "Actual Startup Time": 0.05,
                                  "Actual Total Time": 111.173,
                                  "Actual Rows": 175487,
                                  "Actual Loops": 4,
                                  "Filter": "((kind_id < 7) AND (production_year > 1974))",
                                  "Rows Removed by Filter": 456591
                                }
                              ]
                            }
                          ]
                        }
                      ]
                    }
                  ]
                }
              ]
            }
          ]
        }
      ]
    },
    "Planning Time": 1.367,
    "Triggers": [],
    "Execution Time": 719.67
  }
]