[
  {
    "Plan": {
      "Node Type": "Aggregate",
      "Strategy": "Plain",
      "Partial Mode": "Finalize",
      "Parallel Aware": false,
      "Startup Cost": 45431.16,
      "Total Cost": 45431.17,
      "Plan Rows": 1,
      "Plan Width": 8,
      "Actual Startup Time": 167.393,
      "Actual Total Time": 174.819,
      "Actual Rows": 1,
      "Actual Loops": 1,
      "Plans": [
        {
          "Node Type": "Gather",
          "Parent Relationship": "Outer",
          "Parallel Aware": false,
          "Startup Cost": 45430.84,
          "Total Cost": 45431.15,
          "Plan Rows": 3,
          "Plan Width": 8,
          "Actual Startup Time": 167.238,
          "Actual Total Time": 174.807,
          "Actual Rows": 4,
          "Actual Loops": 1,
          "Workers Planned": 3,
          "Workers Launched": 3,
          "Single Copy": false,
          "Plans": [
            {
              "Node Type": "Aggregate",
              "Strategy": "Plain",
              "Partial Mode": "Partial",
              "Parent Relationship": "Outer",
              "Parallel Aware": false,
              "Startup Cost": 44430.84,
              "Total Cost": 44430.85,
              "Plan Rows": 1,
              "Plan Width": 8,
              "Actual Startup Time": 158.611,
              "Actual Total Time": 158.612,
              "Actual Rows": 1,
              "Actual Loops": 4,
              "Plans": [
                {
                  "Node Type": "Seq Scan",
                  "Parent Relationship": "Outer",
                  "Parallel Aware": true,
                  "Relation Name": "movie_keyword",
                  "Alias": "mk",
                  "Startup Cost": 0.0,
                  "Total Cost": 42695.65,
                  "Plan Rows": 694076,
                  "Plan Width": 0,
                  "Actual Startup Time": 0.056,
                  "Actual Total Time": 128.924,
                  "Actual Rows": 541306,
                  "Actual Loops": 4,
                  "Filter": "(keyword_id < 4170)",
                  "Rows Removed by Filter": 589676
                }
              ]
            }
          ]
        }
      ]
    },
    "Planning Time": 0.187,
    "Triggers": [],
    "Execution Time": 174.883
  }
]