[
  {
    "Plan": {
      "Node Type": "Aggregate",
      "Strategy": "Plain",
      "Partial Mode": "Finalize",
      "Parallel Aware": false,
      "Startup Cost": 46713.05,
      "Total Cost": 46713.06,
      "Plan Rows": 1,
      "Plan Width": 8,
      "Actual Startup Time": 173.325,
      "Actual Total Time": 182.603,
      "Actual Rows": 1,
      "Actual Loops": 1,
      "Plans": [
        {
          "Node Type": "Gather",
          "Parent Relationship": "Outer",
          "Parallel Aware": false,
          "Startup Cost": 46712.74,
          "Total Cost": 46713.05,
          "Plan Rows": 3,
          "Plan Width": 8,
          "Actual Startup Time": 173.194,
          "Actual Total Time": 182.595,
          "Actual Rows": 4,
          "Actual Loops": 1,
          "Workers Planned": 3,
          "Workers Launched": 3,
          "Single Copy": false,
          "Plans": [
            {
              "Node Type": "Aggregate",
              "Strategy": "Plain",
              "Partial Mode": "Partial",
              "Parent Relationship": "Outer",
              "Parallel Aware": false,
              "Startup Cost": 45712.74,
              "Total Cost": 45712.75,
              "Plan Rows": 1,
              "Plan Width": 8,
              "Actual Startup Time": 167.767,
              "Actual Total Time": 167.768,
              "Actual Rows": 1,
              "Actual Loops": 4,
              "Plans": [
                {
                  "Node Type": "Seq Scan",
                  "Parent Relationship": "Outer",
                  "Parallel Aware": true,
                  "Relation Name": "movie_keyword",
                  "Alias": "mk",
                  "Startup Cost": 0.0,
                  "Total Cost": 42695.65,
                  "Plan Rows": 1206833,
                  "Plan Width": 0,
                  "Actual Startup Time": 0.041,
                  "Actual Total Time": 124.743,
                  "Actual Rows": 937764,
                  "Actual Loops": 4,
                  "Filter": "(keyword_id < 24381)",
                  "Rows Removed by Filter": 193218
                }
              ]
            }
          ]
        }
      ]
    },
    "Planning Time": 0.113,
    "Triggers": [],
    "Execution Time": 182.639
  }
]