[
    {
        "Bao": {
            "Bao prediction": "NaN",
            "Bao recommended hint": "(no hint)"
        }
    },
    {
        "Plan": {
            "Node Type": "Aggregate",
            "Strategy": "Plain",
            "Partial Mode": "Finalize",
            "Parallel Aware": false,
            "Startup Cost": 285487.47,
            "Total Cost": 285487.48,
            "Plan Rows": 1,
            "Plan Width": 8,
            "Actual Startup Time": 1382.053,
            "Actual Total Time": 1402.303,
            "Actual Rows": 1,
            "Actual Loops": 1,
            "Output": [
                "count(*)"
            ],
            "Plans": [
                {
                    "Node Type": "Gather",
                    "Parent Relationship": "Outer",
                    "Parallel Aware": false,
                    "Startup Cost": 285486.95,
                    "Total Cost": 285487.46,
                    "Plan Rows": 5,
                    "Plan Width": 8,
                    "Actual Startup Time": 1374.257,
                    "Actual Total Time": 1402.275,
                    "Actual Rows": 6,
                    "Actual Loops": 1,
                    "Output": [
                        "(PARTIAL count(*))"
                    ],
                    "Workers Planned": 5,
                    "Workers Launched": 5,
                    "Single Copy": false,
                    "Plans": [
                        {
                            "Node Type": "Aggregate",
                            "Strategy": "Plain",
                            "Partial Mode": "Partial",
                            "Parent Relationship": "Outer",
                            "Parallel Aware": false,
                            "Startup Cost": 284486.95,
                            "Total Cost": 284486.96,
                            "Plan Rows": 1,
                            "Plan Width": 8,
                            "Actual Startup Time": 1364.628,
                            "Actual Total Time": 1365.073,
                            "Actual Rows": 1,
                            "Actual Loops": 6,
                            "Output": [
                                "PARTIAL count(*)"
                            ],
                            "Workers": [
                                {
                                    "Worker Number": 0,
                                    "Actual Startup Time": 1361.541,
                                    "Actual Total Time": 1361.545,
                                    "Actual Rows": 1,
                                    "Actual Loops": 1
                                },
                                {
                                    "Worker Number": 1,
                                    "Actual Startup Time": 1362.458,
                                    "Actual Total Time": 1362.462,
                                    "Actual Rows": 1,
                                    "Actual Loops": 1
                                },
                                {
                                    "Worker Number": 2,
                                    "Actual Startup Time": 1363.967,
                                    "Actual Total Time": 1363.971,
                                    "Actual Rows": 1,
                                    "Actual Loops": 1
                                },
                                {
                                    "Worker Number": 3,
                                    "Actual Startup Time": 1363.005,
                                    "Actual Total Time": 1363.01,
                                    "Actual Rows": 1,
                                    "Actual Loops": 1
                                },
                                {
                                    "Worker Number": 4,
                                    "Actual Startup Time": 1363.138,
                                    "Actual Total Time": 1363.143,
                                    "Actual Rows": 1,
                                    "Actual Loops": 1
                                }
                            ],
                            "Plans": [
                                {
                                    "Node Type": "Hash Join",
                                    "Parent Relationship": "Outer",
                                    "Parallel Aware": true,
                                    "Join Type": "Inner",
                                    "Startup Cost": 78875.3,
                                    "Total Cost": 283158.69,
                                    "Plan Rows": 531305,
                                    "Plan Width": 0,
                                    "Actual Startup Time": 312.662,
                                    "Actual Total Time": 1248.789,
                                    "Actual Rows": 2611124,
                                    "Actual Loops": 6,
                                    "Inner Unique": false,
                                    "Hash Cond": "(mi.movie_id = t.id)",
                                    "Workers": [
                                        {
                                            "Worker Number": 0,
                                            "Actual Startup Time": 309.79,
                                            "Actual Total Time": 1255.539,
                                            "Actual Rows": 2669786,
                                            "Actual Loops": 1
                                        },
                                        {
                                            "Worker Number": 1,
                                            "Actual Startup Time": 310.62,
                                            "Actual Total Time": 1247.663,
                                            "Actual Rows": 2757258,
                                            "Actual Loops": 1
                                        },
                                        {
                                            "Worker Number": 2,
                                            "Actual Startup Time": 310.973,
                                            "Actual Total Time": 1249.623,
                                            "Actual Rows": 2732141,
                                            "Actual Loops": 1
                                        },
                                        {
                                            "Worker Number": 3,
                                            "Actual Startup Time": 311.141,
                                            "Actual Total Time": 1242.961,
                                            "Actual Rows": 2690002,
                                            "Actual Loops": 1
                                        },
                                        {
                                            "Worker Number": 4,
                                            "Actual Startup Time": 311.359,
                                            "Actual Total Time": 1249.555,
                                            "Actual Rows": 2734000,
                                            "Actual Loops": 1
                                        }
                                    ],
                                    "Plans": [
                                        {
                                            "Node Type": "Seq Scan",
                                            "Parent Relationship": "Outer",
                                            "Parallel Aware": true,
                                            "Relation Name": "movie_info",
                                            "Schema": "public",
                                            "Alias": "mi",
                                            "Startup Cost": 0.0,
                                            "Total Cost": 191503.19,
                                            "Plan Rows": 2951019,
                                            "Plan Width": 4,
                                            "Actual Startup Time": 0.011,
                                            "Actual Total Time": 263.817,
                                            "Actual Rows": 2472620,
                                            "Actual Loops": 6,
                                            "Output": [
                                                "mi.id",
                                                "mi.movie_id",
                                                "mi.info_type_id",
                                                "mi.info",
                                                "mi.note"
                                            ],
                                            "Workers": [
                                                {
                                                    "Worker Number": 0,
                                                    "Actual Startup Time": 0.017,
                                                    "Actual Total Time": 281.225,
                                                    "Actual Rows": 2455937,
                                                    "Actual Loops": 1
                                                },
                                                {
                                                    "Worker Number": 1,
                                                    "Actual Startup Time": 0.01,
                                                    "Actual Total Time": 271.483,
                                                    "Actual Rows": 2609472,
                                                    "Actual Loops": 1
                                                },
                                                {
                                                    "Worker Number": 2,
                                                    "Actual Startup Time": 0.01,
                                                    "Actual Total Time": 272.416,
                                                    "Actual Rows": 2585485,
                                                    "Actual Loops": 1
                                                },
                                                {
                                                    "Worker Number": 3,
                                                    "Actual Startup Time": 0.01,
                                                    "Actual Total Time": 270.216,
                                                    "Actual Rows": 2564371,
                                                    "Actual Loops": 1
                                                },
                                                {
                                                    "Worker Number": 4,
                                                    "Actual Startup Time": 0.01,
                                                    "Actual Total Time": 271.576,
                                                    "Actual Rows": 2591400,
                                                    "Actual Loops": 1
                                                }
                                            ]
                                        },
                                        {
                                            "Node Type": "Hash",
                                            "Parent Relationship": "Inner",
                                            "Parallel Aware": true,
                                            "Startup Cost": 77039.81,
                                            "Total Cost": 77039.81,
                                            "Plan Rows": 146839,
                                            "Plan Width": 8,
                                            "Actual Startup Time": 309.064,
                                            "Actual Total Time": 309.507,
                                            "Actual Rows": 141863,
                                            "Actual Loops": 6,
                                            "Output": [
                                                "t.id",
                                                "mc.movie_id"
                                            ],
                                            "Hash Buckets": 1048576,
                                            "Original Hash Buckets": 524288,
                                            "Hash Batches": 1,
                                            "Original Hash Batches": 1,
                                            "Peak Memory Usage": 45664,
                                            "Workers": [
                                                {
                                                    "Worker Number": 0,
                                                    "Actual Startup Time": 307.871,
                                                    "Actual Total Time": 307.874,
                                                    "Actual Rows": 131416,
                                                    "Actual Loops": 1
                                                },
                                                {
                                                    "Worker Number": 1,
                                                    "Actual Startup Time": 308.795,
                                                    "Actual Total Time": 308.798,
                                                    "Actual Rows": 151070,
                                                    "Actual Loops": 1
                                                },
                                                {
                                                    "Worker Number": 2,
                                                    "Actual Startup Time": 309.079,
                                                    "Actual Total Time": 309.082,
                                                    "Actual Rows": 150711,
                                                    "Actual Loops": 1
                                                },
                                                {
                                                    "Worker Number": 3,
                                                    "Actual Startup Time": 309.309,
                                                    "Actual Total Time": 309.314,
                                                    "Actual Rows": 151559,
                                                    "Actual Loops": 1
                                                },
                                                {
                                                    "Worker Number": 4,
                                                    "Actual Startup Time": 309.509,
                                                    "Actual Total Time": 309.512,
                                                    "Actual Rows": 151951,
                                                    "Actual Loops": 1
                                                }
                                            ],
                                            "Plans": [
                                                {
                                                    "Node Type": "Hash Join",
                                                    "Parent Relationship": "Outer",
                                                    "Parallel Aware": true,
                                                    "Join Type": "Inner",
                                                    "Startup Cost": 46602.73,
                                                    "Total Cost": 77039.81,
                                                    "Plan Rows": 146839,
                                                    "Plan Width": 8,
                                                    "Actual Startup Time": 161.538,
                                                    "Actual Total Time": 255.497,
                                                    "Actual Rows": 141863,
                                                    "Actual Loops": 6,
                                                    "Output": [
                                                        "t.id",
                                                        "mc.movie_id"
                                                    ],
                                                    "Inner Unique": true,
                                                    "Hash Cond": "(mc.movie_id = t.id)",
                                                    "Workers": [
                                                        {
                                                            "Worker Number": 0,
                                                            "Actual Startup Time": 160.248,
                                                            "Actual Total Time": 252.364,
                                                            "Actual Rows": 131416,
                                                            "Actual Loops": 1
                                                        },
                                                        {
                                                            "Worker Number": 1,
                                                            "Actual Startup Time": 161.26,
                                                            "Actual Total Time": 254.966,
                                                            "Actual Rows": 151070,
                                                            "Actual Loops": 1
                                                        },
                                                        {
                                                            "Worker Number": 2,
                                                            "Actual Startup Time": 161.61,
                                                            "Actual Total Time": 255.229,
                                                            "Actual Rows": 150711,
                                                            "Actual Loops": 1
                                                        },
                                                        {
                                                            "Worker Number": 3,
                                                            "Actual Startup Time": 161.795,
                                                            "Actual Total Time": 255.735,
                                                            "Actual Rows": 151559,
                                                            "Actual Loops": 1
                                                        },
                                                        {
                                                            "Worker Number": 4,
                                                            "Actual Startup Time": 161.961,
                                                            "Actual Total Time": 256.006,
                                                            "Actual Rows": 151951,
                                                            "Actual Loops": 1
                                                        }
                                                    ],
                                                    "Plans": [
                                                        {
                                                            "Node Type": "Seq Scan",
                                                            "Parent Relationship": "Outer",
                                                            "Parallel Aware": true,
                                                            "Relation Name": "movie_companies",
                                                            "Schema": "public",
                                                            "Alias": "mc",
                                                            "Startup Cost": 0.0,
                                                            "Total Cost": 29310.68,
                                                            "Plan Rows": 429104,
                                                            "Plan Width": 4,
                                                            "Actual Startup Time": 20.846,
                                                            "Actual Total Time": 48.584,
                                                            "Actual Rows": 222480,
                                                            "Actual Loops": 6,
                                                            "Output": [
                                                                "mc.id",
                                                                "mc.movie_id",
                                                                "mc.company_id",
                                                                "mc.company_type_id",
                                                                "mc.note"
                                                            ],
                                                            "Filter": "(mc.company_type_id > 1)",
                                                            "Rows Removed by Filter": 212374,
                                                            "Workers": [
                                                                {
                                                                    "Worker Number": 0,
                                                                    "Actual Startup Time": 20.865,
                                                                    "Actual Total Time": 47.044,
                                                                    "Actual Rows": 209390,
                                                                    "Actual Loops": 1
                                                                },
                                                                {
                                                                    "Worker Number": 1,
                                                                    "Actual Startup Time": 20.819,
                                                                    "Actual Total Time": 49.113,
                                                                    "Actual Rows": 236706,
                                                                    "Actual Loops": 1
                                                                },
                                                                {
                                                                    "Worker Number": 2,
                                                                    "Actual Startup Time": 20.828,
                                                                    "Actual Total Time": 49.095,
                                                                    "Actual Rows": 235976,
                                                                    "Actual Loops": 1
                                                                },
                                                                {
                                                                    "Worker Number": 3,
                                                                    "Actual Startup Time": 20.86,
                                                                    "Actual Total Time": 48.934,
                                                                    "Actual Rows": 235423,
                                                                    "Actual Loops": 1
                                                                },
                                                                {
                                                                    "Worker Number": 4,
                                                                    "Actual Startup Time": 20.866,
                                                                    "Actual Total Time": 48.881,
                                                                    "Actual Rows": 234761,
                                                                    "Actual Loops": 1
                                                                }
                                                            ]
                                                        },
                                                        {
                                                            "Node Type": "Hash",
                                                            "Parent Relationship": "Inner",
                                                            "Parallel Aware": true,
                                                            "Startup Cost": 43899.01,
                                                            "Total Cost": 43899.01,
                                                            "Plan Rows": 216298,
                                                            "Plan Width": 4,
                                                            "Actual Startup Time": 138.662,
                                                            "Actual Total Time": 138.663,
                                                            "Actual Rows": 142369,
                                                            "Actual Loops": 6,
                                                            "Output": [
                                                                "t.id"
                                                            ],
                                                            "Hash Buckets": 1048576,
                                                            "Original Hash Buckets": 1048576,
                                                            "Hash Batches": 1,
                                                            "Original Hash Batches": 1,
                                                            "Peak Memory Usage": 41792,
                                                            "Workers": [
                                                                {
                                                                    "Worker Number": 0,
                                                                    "Actual Startup Time": 139.144,
                                                                    "Actual Total Time": 139.145,
                                                                    "Actual Rows": 120258,
                                                                    "Actual Loops": 1
                                                                },
                                                                {
                                                                    "Worker Number": 1,
                                                                    "Actual Startup Time": 140.195,
                                                                    "Actual Total Time": 140.196,
                                                                    "Actual Rows": 150531,
                                                                    "Actual Loops": 1
                                                                },
                                                                {
                                                                    "Worker Number": 2,
                                                                    "Actual Startup Time": 140.486,
                                                                    "Actual Total Time": 140.487,
                                                                    "Actual Rows": 150519,
                                                                    "Actual Loops": 1
                                                                },
                                                                {
                                                                    "Worker Number": 3,
                                                                    "Actual Startup Time": 140.784,
                                                                    "Actual Total Time": 140.786,
                                                                    "Actual Rows": 148203,
                                                                    "Actual Loops": 1
                                                                },
                                                                {
                                                                    "Worker Number": 4,
                                                                    "Actual Startup Time": 140.878,
                                                                    "Actual Total Time": 140.879,
                                                                    "Actual Rows": 148076,
                                                                    "Actual Loops": 1
                                                                }
                                                            ],
                                                            "Plans": [
                                                                {
                                                                    "Node Type": "Seq Scan",
                                                                    "Parent Relationship": "Outer",
                                                                    "Parallel Aware": true,
                                                                    "Relation Name": "title",
                                                                    "Schema": "public",
                                                                    "Alias": "t",
                                                                    "Startup Cost": 0.0,
                                                                    "Total Cost": 43899.01,
                                                                    "Plan Rows": 216298,
                                                                    "Plan Width": 4,
                                                                    "Actual Startup Time": 0.054,
                                                                    "Actual Total Time": 79.113,
                                                                    "Actual Rows": 142369,
                                                                    "Actual Loops": 6,
                                                                    "Output": [
                                                                        "t.id"
                                                                    ],
                                                                    "Filter": "(t.kind_id < 4)",
                                                                    "Rows Removed by Filter": 279016,
                                                                    "Workers": [
                                                                        {
                                                                            "Worker Number": 0,
                                                                            "Actual Startup Time": 0.073,
                                                                            "Actual Total Time": 78.468,
                                                                            "Actual Rows": 120258,
                                                                            "Actual Loops": 1
                                                                        },
                                                                        {
                                                                            "Worker Number": 1,
                                                                            "Actual Startup Time": 0.063,
                                                                            "Actual Total Time": 80.066,
                                                                            "Actual Rows": 150531,
                                                                            "Actual Loops": 1
                                                                        },
                                                                        {
                                                                            "Worker Number": 2,
                                                                            "Actual Startup Time": 0.058,
                                                                            "Actual Total Time": 80.671,
                                                                            "Actual Rows": 150519,
                                                                            "Actual Loops": 1
                                                                        },
                                                                        {
                                                                            "Worker Number": 3,
                                                                            "Actual Startup Time": 0.057,
                                                                            "Actual Total Time": 79.255,
                                                                            "Actual Rows": 148203,
                                                                            "Actual Loops": 1
                                                                        },
                                                                        {
                                                                            "Worker Number": 4,
                                                                            "Actual Startup Time": 0.053,
                                                                            "Actual Total Time": 79.27,
                                                                            "Actual Rows": 148076,
                                                                            "Actual Loops": 1
                                                                        }
                                                                    ]
                                                                }
                                                            ]
                                                        }
                                                    ]
                                                }
                                            ]
                                        }
                                    ]
                                }
                            ]
                        }
                    ]
                }
            ]
        },
        "Planning Time": 267.095,
        "Triggers": [],
        "Execution Time": 1402.392
    }
]