{
  "Plan": {
    "Node Type": "Aggregate",
    "Strategy": "Plain",
    "Partial Mode": "Finalize",
    "Parallel Aware": false,
    "Startup Cost": 4215088.51,
    "Total Cost": 4215088.52,
    "Plan Rows": 1,
    "Plan Width": 8,
    "Actual Startup Time": 30836.742,
    "Actual Total Time": 30953.73,
    "Actual Rows": 1,
    "Actual Loops": 1,
    "Plans": [
      {
        "Node Type": "Gather",
        "Parent Relationship": "Outer",
        "Parallel Aware": false,
        "Startup Cost": 4215088.39,
        "Total Cost": 4215088.5,
        "Plan Rows": 1,
        "Plan Width": 8,
        "Actual Startup Time": 30808.277,
        "Actual Total Time": 30953.721,
        "Actual Rows": 2,
        "Actual Loops": 1,
        "Workers Planned": 1,
        "Workers Launched": 1,
        "Single Copy": false,
        "Plans": [
          {
            "Node Type": "Aggregate",
            "Strategy": "Plain",
            "Partial Mode": "Partial",
            "Parent Relationship": "Outer",
            "Parallel Aware": false,
            "Startup Cost": 4214088.39,
            "Total Cost": 4214088.4,
            "Plan Rows": 1,
            "Plan Width": 8,
            "Actual Startup Time": 30802.082,
            "Actual Total Time": 30802.085,
            "Actual Rows": 1,
            "Actual Loops": 2,
            "Plans": [
              {
                "Node Type": "Merge Join",
                "Parent Relationship": "Outer",
                "Parallel Aware": false,
                "Join Type": "Inner",
                "Startup Cost": 995075.37,
                "Total Cost": 4091327.5,
                "Plan Rows": 49104356,
                "Plan Width": 0,
                "Actual Startup Time": 2034.689,
                "Actual Total Time": 28267.956,
                "Actual Rows": 63721906,
                "Actual Loops": 2,
                "Inner Unique": false,
                "Merge Cond": "(t.id = mi.movie_id)",
                "Plans": [
                  {
                    "Node Type": "Merge Join",
                    "Parent Relationship": "Outer",
                    "Parallel Aware": false,
                    "Join Type": "Inner",
                    "Startup Cost": 42.96,
                    "Total Cost": 2308280.59,
                    "Plan Rows": 21310595,
                    "Plan Width": 8,
                    "Actual Startup Time": 0.305,
                    "Actual Total Time": 16916.953,
                    "Actual Rows": 18122172,
                    "Actual Loops": 2,
                    "Inner Unique": true,
                    "Merge Cond": "(ci.movie_id = t.id)",
                    "Plans": [
                      {
                        "Node Type": "Index Only Scan",
                        "Parent Relationship": "Outer",
                        "Parallel Aware": true,
                        "Scan Direction": "Forward",
                        "Index Name": "movie_id_cast_info",
                        "Relation Name": "cast_info",
                        "Alias": "ci",
                        "Startup Cost": 0.56,
                        "Total Cost": 1925345.15,
                        "Plan Rows": 21310595,
                        "Plan Width": 4,
                        "Actual Startup Time": 0.093,
                        "Actual Total Time": 13457.52,
                        "Actual Rows": 18122172,
                        "Actual Loops": 2,
                        "Heap Fetches": 36244344
                      },
                      {
                        "Node Type": "Index Only Scan",
                        "Parent Relationship": "Inner",
                        "Parallel Aware": false,
                        "Scan Direction": "Forward",
                        "Index Name": "title_pkey",
                        "Relation Name": "title",
                        "Alias": "t",
                        "Startup Cost": 0.43,
                        "Total Cost": 110339.97,
                        "Plan Rows": 2528293,
                        "Plan Width": 4,
                        "Actual Startup Time": 0.119,
                        "Actual Total Time": 1489.866,
                        "Actual Rows": 2525963,
                        "Actual Loops": 2,
                        "Heap Fetches": 5051926
                      }
                    ]
                  },
                  {
                    "Node Type": "Sort",
                    "Parent Relationship": "Inner",
                    "Parallel Aware": false,
                    "Startup Cost": 994984.76,
                    "Total Cost": 1009549.14,
                    "Plan Rows": 5825750,
                    "Plan Width": 4,
                    "Actual Startup Time": 2033.871,
                    "Actual Total Time": 4439.54,
                    "Actual Rows": 66771615,
                    "Actual Loops": 2,
                    "Sort Key": [
                      "mi.movie_id"
                    ],
                    "Sort Method": "quicksort",
                    "Sort Space Used": 472466,
                    "Sort Space Type": "Memory",
                    "Workers": [
                      {
                        "Worker Number": 0,
                        "Sort Method": "quicksort",
                        "Sort Space Used": 472466,
                        "Sort Space Type": "Memory"
                      }
                    ],
                    "Plans": [
                      {
                        "Node Type": "Bitmap Heap Scan",
                        "Parent Relationship": "Outer",
                        "Parallel Aware": false,
                        "Relation Name": "movie_info",
                        "Alias": "mi",
                        "Startup Cost": 105530.0,
                        "Total Cost": 340344.87,
                        "Plan Rows": 5825750,
                        "Plan Width": 4,
                        "Actual Startup Time": 223.816,
                        "Actual Total Time": 806.635,
                        "Actual Rows": 5884963,
                        "Actual Loops": 2,
                        "Recheck Cond": "(info_type_id < 7)",
                        "Rows Removed by Index Recheck": 0,
                        "Exact Heap Blocks": 39951,
                        "Lossy Heap Blocks": 0,
                        "Plans": [
                          {
                            "Node Type": "Bitmap Index Scan",
                            "Parent Relationship": "Outer",
                            "Parallel Aware": false,
                            "Index Name": "info_type_id_movie_info",
                            "Startup Cost": 0.0,
                            "Total Cost": 104073.56,
                            "Plan Rows": 5825750,
                            "Plan Width": 0,
                            "Actual Startup Time": 218.381,
                            "Actual Total Time": 218.381,
                            "Actual Rows": 5884963,
                            "Actual Loops": 2,
                            "Index Cond": "(info_type_id < 7)"
                          }
                        ]
                      }
                    ]
                  }
                ]
              }
            ]
          }
        ]
      }
    ]
  },
  "Planning Time": 1.044,
  "Triggers": [],
  "Execution Time": 30997.034
}