[
  {
    "Plan": {
      "Node Type": "Aggregate",
      "Strategy": "Plain",
      "Partial Mode": "Finalize",
      "Parallel Aware": false,
      "Startup Cost": 31764.0,
      "Total Cost": 31764.01,
      "Plan Rows": 1,
      "Plan Width": 8,
      "Actual Startup Time": 108.462,
      "Actual Total Time": 116.36,
      "Actual Rows": 1,
      "Actual Loops": 1,
      "Plans": [
        {
          "Node Type": "Gather",
          "Parent Relationship": "Outer",
          "Parallel Aware": false,
          "Startup Cost": 31763.69,
          "Total Cost": 31764.0,
          "Plan Rows": 3,
          "Plan Width": 8,
          "Actual Startup Time": 108.29,
          "Actual Total Time": 116.348,
          "Actual Rows": 4,
          "Actual Loops": 1,
          "Workers Planned": 3,
          "Workers Launched": 3,
          "Single Copy": false,
          "Plans": [
            {
              "Node Type": "Aggregate",
              "Strategy": "Plain",
              "Partial Mode": "Partial",
              "Parent Relationship": "Outer",
              "Parallel Aware": false,
              "Startup Cost": 30763.69,
              "Total Cost": 30763.7,
              "Plan Rows": 1,
              "Plan Width": 8,
              "Actual Startup Time": 103.131,
              "Actual Total Time": 103.132,
              "Actual Rows": 1,
              "Actual Loops": 4,
              "Plans": [
                {
                  "Node Type": "Seq Scan",
                  "Parent Relationship": "Outer",
                  "Parallel Aware": true,
                  "Relation Name": "movie_companies",
                  "Alias": "mc",
                  "Startup Cost": 0.0,
                  "Total Cost": 29310.68,
                  "Plan Rows": 581202,
                  "Plan Width": 0,
                  "Actual Startup Time": 0.569,
                  "Actual Total Time": 81.382,
                  "Actual Rows": 450576,
                  "Actual Loops": 4,
                  "Filter": "(company_id > 1831)",
                  "Rows Removed by Filter": 201706
                }
              ]
            }
          ]
        }
      ]
    },
    "Planning Time": 0.119,
    "Triggers": [],
    "Execution Time": 116.409
  }
]