{
  "Plan": {
    "Node Type": "Aggregate",
    "Strategy": "Plain",
    "Partial Mode": "Finalize",
    "Parallel Aware": false,
    "Startup Cost": 522022.85,
    "Total Cost": 522022.86,
    "Plan Rows": 1,
    "Plan Width": 8,
    "Actual Startup Time": 1443.785,
    "Actual Total Time": 1468.744,
    "Actual Rows": 1,
    "Actual Loops": 1,
    "Plans": [
      {
        "Node Type": "Gather",
        "Parent Relationship": "Outer",
        "Parallel Aware": false,
        "Startup Cost": 522022.74,
        "Total Cost": 522022.85,
        "Plan Rows": 1,
        "Plan Width": 8,
        "Actual Startup Time": 1441.401,
        "Actual Total Time": 1468.734,
        "Actual Rows": 2,
        "Actual Loops": 1,
        "Workers Planned": 1,
        "Workers Launched": 1,
        "Single Copy": false,
        "Plans": [
          {
            "Node Type": "Aggregate",
            "Strategy": "Plain",
            "Partial Mode": "Partial",
            "Parent Relationship": "Outer",
            "Parallel Aware": false,
            "Startup Cost": 521022.74,
            "Total Cost": 521022.75,
            "Plan Rows": 1,
            "Plan Width": 8,
            "Actual Startup Time": 1435.212,
            "Actual Total Time": 1435.219,
            "Actual Rows": 1,
            "Actual Loops": 2,
            "Plans": [
              {
                "Node Type": "Hash Join",
                "Parent Relationship": "Outer",
                "Parallel Aware": true,
                "Join Type": "Inner",
                "Startup Cost": 210970.44,
                "Total Cost": 520051.44,
                "Plan Rows": 388519,
                "Plan Width": 0,
                "Actual Startup Time": 694.507,
                "Actual Total Time": 1411.228,
                "Actual Rows": 579451,
                "Actual Loops": 2,
                "Inner Unique": false,
                "Hash Cond": "(ci.movie_id = t.id)",
                "Plans": [
                  {
                    "Node Type": "Bitmap Heap Scan",
                    "Parent Relationship": "Outer",
                    "Parallel Aware": true,
                    "Relation Name": "cast_info",
                    "Alias": "ci",
                    "Startup Cost": 125026.15,
                    "Total Cost": 419335.15,
                    "Plan Rows": 3329760,
                    "Plan Width": 4,
                    "Actual Startup Time": 206.067,
                    "Actual Total Time": 558.183,
                    "Actual Rows": 2743538,
                    "Actual Loops": 2,
                    "Recheck Cond": "(person_id > 3106017)",
                    "Rows Removed by Index Recheck": 0,
                    "Exact Heap Blocks": 40535,
                    "Lossy Heap Blocks": 0,
                    "Plans": [
                      {
                        "Node Type": "Bitmap Index Scan",
                        "Parent Relationship": "Outer",
                        "Parallel Aware": false,
                        "Index Name": "person_id_cast_info",
                        "Startup Cost": 0.0,
                        "Total Cost": 123611.01,
                        "Plan Rows": 5660592,
                        "Plan Width": 0,
                        "Actual Startup Time": 193.063,
                        "Actual Total Time": 193.064,
                        "Actual Rows": 5487075,
                        "Actual Loops": 1,
                        "Index Cond": "(person_id > 3106017)"
                      }
                    ]
                  },
                  {
                    "Node Type": "Hash",
                    "Parent Relationship": "Inner",
                    "Parallel Aware": true,
                    "Startup Cost": 83775.15,
                    "Total Cost": 83775.15,
                    "Plan Rows": 173531,
                    "Plan Width": 8,
                    "Actual Startup Time": 482.997,
                    "Actual Total Time": 483.001,
                    "Actual Rows": 71725,
                    "Actual Loops": 2,
                    "Hash Buckets": 524288,
                    "Original Hash Buckets": 524288,
                    "Hash Batches": 1,
                    "Original Hash Batches": 1,
                    "Peak Memory Usage": 9728,
                    "Plans": [
                      {
                        "Node Type": "Hash Join",
                        "Parent Relationship": "Outer",
                        "Parallel Aware": true,
                        "Join Type": "Inner",
                        "Startup Cost": 64273.71,
                        "Total Cost": 83775.15,
                        "Plan Rows": 173531,
                        "Plan Width": 8,
                        "Actual Startup Time": 310.13,
                        "Actual Total Time": 467.307,
                        "Actual Rows": 71725,
                        "Actual Loops": 2,
                        "Inner Unique": true,
                        "Hash Cond": "(mi_idx.movie_id = t.id)",
                        "Plans": [
                          {
                            "Node Type": "Seq Scan",
                            "Parent Relationship": "Outer",
                            "Parallel Aware": true,
                            "Relation Name": "movie_info_idx",
                            "Alias": "mi_idx",
                            "Startup Cost": 0.0,
                            "Total Cost": 18082.32,
                            "Plan Rows": 540622,
                            "Plan Width": 4,
                            "Actual Startup Time": 0.022,
                            "Actual Total Time": 62.774,
                            "Actual Rows": 459925,
                            "Actual Loops": 2,
                            "Filter": "(info_type_id < 101)",
                            "Rows Removed by Filter": 230092
                          },
                          {
                            "Node Type": "Hash",
                            "Parent Relationship": "Inner",
                            "Parallel Aware": true,
                            "Startup Cost": 58306.47,
                            "Total Cost": 58306.47,
                            "Plan Rows": 477379,
                            "Plan Width": 4,
                            "Actual Startup Time": 303.663,
                            "Actual Total Time": 303.665,
                            "Actual Rows": 440972,
                            "Actual Loops": 2,
                            "Hash Buckets": 1048576,
                            "Original Hash Buckets": 1048576,
                            "Hash Batches": 1,
                            "Original Hash Batches": 1,
                            "Peak Memory Usage": 42720,
                            "Plans": [
                              {
                                "Node Type": "Seq Scan",
                                "Parent Relationship": "Outer",
                                "Parallel Aware": true,
                                "Relation Name": "title",
                                "Alias": "t",
                                "Startup Cost": 0.0,
                                "Total Cost": 58306.47,
                                "Plan Rows": 477379,
                                "Plan Width": 4,
                                "Actual Startup Time": 0.053,
                                "Actual Total Time": 167.437,
                                "Actual Rows": 440972,
                                "Actual Loops": 2,
                                "Filter": "((production_year > 2001) AND (kind_id = 7))",
                                "Rows Removed by Filter": 823184
                              }
                            ]
                          }
                        ]
                      }
                    ]
                  }
                ]
              }
            ]
          }
        ]
      }
    ]
  },
  "Planning Time": 1.036,
  "Triggers": [],
  "Execution Time": 1468.904
}