[
  {
    "Plan": {
      "Node Type": "Aggregate",
      "Strategy": "Plain",
      "Partial Mode": "Finalize",
      "Parallel Aware": false,
      "Startup Cost": 45600.96,
      "Total Cost": 45600.97,
      "Plan Rows": 1,
      "Plan Width": 8,
      "Actual Startup Time": 147.446,
      "Actual Total Time": 156.796,
      "Actual Rows": 1,
      "Actual Loops": 1,
      "Plans": [
        {
          "Node Type": "Gather",
          "Parent Relationship": "Outer",
          "Parallel Aware": false,
          "Startup Cost": 45600.64,
          "Total Cost": 45600.95,
          "Plan Rows": 3,
          "Plan Width": 8,
          "Actual Startup Time": 147.314,
          "Actual Total Time": 156.789,
          "Actual Rows": 4,
          "Actual Loops": 1,
          "Workers Planned": 3,
          "Workers Launched": 3,
          "Single Copy": false,
          "Plans": [
            {
              "Node Type": "Aggregate",
              "Strategy": "Plain",
              "Partial Mode": "Partial",
              "Parent Relationship": "Outer",
              "Parallel Aware": false,
              "Startup Cost": 44600.64,
              "Total Cost": 44600.65,
              "Plan Rows": 1,
              "Plan Width": 8,
              "Actual Startup Time": 141.195,
              "Actual Total Time": 141.197,
              "Actual Rows": 1,
              "Actual Loops": 4,
              "Plans": [
                {
                  "Node Type": "Seq Scan",
                  "Parent Relationship": "Outer",
                  "Parallel Aware": true,
                  "Relation Name": "movie_keyword",
                  "Alias": "mk",
                  "Startup Cost": 0.0,
                  "Total Cost": 42695.65,
                  "Plan Rows": 761996,
                  "Plan Width": 0,
                  "Actual Startup Time": 0.047,
                  "Actual Total Time": 114.151,
                  "Actual Rows": 590846,
                  "Actual Loops": 4,
                  "Filter": "(keyword_id < 5323)",
                  "Rows Removed by Filter": 540136
                }
              ]
            }
          ]
        }
      ]
    },
    "Planning Time": 0.188,
    "Triggers": [],
    "Execution Time": 156.855
  }
]