{
  "Plan": {
    "Node Type": "Aggregate",
    "Strategy": "Plain",
    "Partial Mode": "Finalize",
    "Parallel Aware": false,
    "Startup Cost": 1103870.66,
    "Total Cost": 1103870.67,
    "Plan Rows": 1,
    "Plan Width": 8,
    "Actual Startup Time": 12391.497,
    "Actual Total Time": 12495.509,
    "Actual Rows": 1,
    "Actual Loops": 1,
    "Plans": [
      {
        "Node Type": "Gather",
        "Parent Relationship": "Outer",
        "Parallel Aware": false,
        "Startup Cost": 1103870.54,
        "Total Cost": 1103870.65,
        "Plan Rows": 1,
        "Plan Width": 8,
        "Actual Startup Time": 12377.636,
        "Actual Total Time": 12495.497,
        "Actual Rows": 2,
        "Actual Loops": 1,
        "Workers Planned": 1,
        "Workers Launched": 1,
        "Single Copy": false,
        "Plans": [
          {
            "Node Type": "Aggregate",
            "Strategy": "Plain",
            "Partial Mode": "Partial",
            "Parent Relationship": "Outer",
            "Parallel Aware": false,
            "Startup Cost": 1102870.54,
            "Total Cost": 1102870.55,
            "Plan Rows": 1,
            "Plan Width": 8,
            "Actual Startup Time": 12360.259,
            "Actual Total Time": 12362.09,
            "Actual Rows": 1,
            "Actual Loops": 2,
            "Plans": [
              {
                "Node Type": "Hash Join",
                "Parent Relationship": "Outer",
                "Parallel Aware": true,
                "Join Type": "Inner",
                "Startup Cost": 637307.19,
                "Total Cost": 1063767.93,
                "Plan Rows": 15641046,
                "Plan Width": 0,
                "Actual Startup Time": 6044.142,
                "Actual Total Time": 11331.164,
                "Actual Rows": 26169147,
                "Actual Loops": 2,
                "Inner Unique": false,
                "Hash Cond": "(mi.movie_id = t.id)",
                "Plans": [
                  {
                    "Node Type": "Seq Scan",
                    "Parent Relationship": "Outer",
                    "Parallel Aware": true,
                    "Relation Name": "movie_info",
                    "Alias": "mi",
                    "Startup Cost": 0.0,
                    "Total Cost": 270696.42,
                    "Plan Rows": 5100654,
                    "Plan Width": 4,
                    "Actual Startup Time": 0.018,
                    "Actual Total Time": 717.483,
                    "Actual Rows": 4393291,
                    "Actual Loops": 2,
                    "Filter": "(info_type_id < 13)",
                    "Rows Removed by Filter": 3024569
                  },
                  {
                    "Node Type": "Hash",
                    "Parent Relationship": "Inner",
                    "Parallel Aware": true,
                    "Startup Cost": 580300.17,
                    "Total Cost": 580300.17,
                    "Plan Rows": 4560562,
                    "Plan Width": 8,
                    "Actual Startup Time": 6006.607,
                    "Actual Total Time": 6008.436,
                    "Actual Rows": 3311526,
                    "Actual Loops": 2,
                    "Hash Buckets": 8388608,
                    "Original Hash Buckets": 8388608,
                    "Hash Batches": 1,
                    "Original Hash Batches": 1,
                    "Peak Memory Usage": 324672,
                    "Plans": [
                      {
                        "Node Type": "Hash Join",
                        "Parent Relationship": "Outer",
                        "Parallel Aware": true,
                        "Join Type": "Inner",
                        "Startup Cost": 58566.81,
                        "Total Cost": 580300.17,
                        "Plan Rows": 4560562,
                        "Plan Width": 8,
                        "Actual Startup Time": 217.086,
                        "Actual Total Time": 4945.21,
                        "Actual Rows": 3311526,
                        "Actual Loops": 2,
                        "Inner Unique": true,
                        "Hash Cond": "(ci.movie_id = t.id)",
                        "Plans": [
                          {
                            "Node Type": "Seq Scan",
                            "Parent Relationship": "Outer",
                            "Parallel Aware": true,
                            "Relation Name": "cast_info",
                            "Alias": "ci",
                            "Startup Cost": 0.0,
                            "Total Cost": 465792.95,
                            "Plan Rows": 21310595,
                            "Plan Width": 4,
                            "Actual Startup Time": 0.017,
                            "Actual Total Time": 1329.518,
                            "Actual Rows": 18122172,
                            "Actual Loops": 2
                          },
                          {
                            "Node Type": "Hash",
                            "Parent Relationship": "Inner",
                            "Parallel Aware": true,
                            "Startup Cost": 54588.39,
                            "Total Cost": 54588.39,
                            "Plan Rows": 318274,
                            "Plan Width": 4,
                            "Actual Startup Time": 214.039,
                            "Actual Total Time": 214.04,
                            "Actual Rows": 276480,
                            "Actual Loops": 2,
                            "Hash Buckets": 1048576,
                            "Original Hash Buckets": 1048576,
                            "Hash Batches": 1,
                            "Original Hash Batches": 1,
                            "Peak Memory Usage": 29856,
                            "Plans": [
                              {
                                "Node Type": "Seq Scan",
                                "Parent Relationship": "Outer",
                                "Parallel Aware": true,
                                "Relation Name": "title",
                                "Alias": "t",
                                "Startup Cost": 0.0,
                                "Total Cost": 54588.39,
                                "Plan Rows": 318274,
                                "Plan Width": 4,
                                "Actual Startup Time": 0.031,
                                "Actual Total Time": 142.004,
                                "Actual Rows": 276480,
                                "Actual Loops": 2,
                                "Filter": "(production_year < 1983)",
                                "Rows Removed by Filter": 987676
                              }
                            ]
                          }
                        ]
                      }
                    ]
                  }
                ]
              }
            ]
          }
        ]
      }
    ]
  },
  "Planning Time": 0.933,
  "Triggers": [],
  "Execution Time": 12495.607
}