[
  {
    "Plan": {
      "Node Type": "Aggregate",
      "Strategy": "Plain",
      "Partial Mode": "Finalize",
      "Parallel Aware": false,
      "Startup Cost": 80977.63,
      "Total Cost": 80977.64,
      "Plan Rows": 1,
      "Plan Width": 8,
      "Actual Startup Time": 484.87,
      "Actual Total Time": 506.183,
      "Actual Rows": 1,
      "Actual Loops": 1,
      "Plans": [
        {
          "Node Type": "Gather",
          "Parent Relationship": "Outer",
          "Parallel Aware": false,
          "Startup Cost": 80977.31,
          "Total Cost": 80977.62,
          "Plan Rows": 3,
          "Plan Width": 8,
          "Actual Startup Time": 475.75,
          "Actual Total Time": 506.169,
          "Actual Rows": 4,
          "Actual Loops": 1,
          "Workers Planned": 3,
          "Workers Launched": 3,
          "Single Copy": false,
          "Plans": [
            {
              "Node Type": "Aggregate",
              "Strategy": "Plain",
              "Partial Mode": "Partial",
              "Parent Relationship": "Outer",
              "Parallel Aware": false,
              "Startup Cost": 79977.31,
              "Total Cost": 79977.32,
              "Plan Rows": 1,
              "Plan Width": 8,
              "Actual Startup Time": 457.449,
              "Actual Total Time": 457.453,
              "Actual Rows": 1,
              "Actual Loops": 4,
              "Plans": [
                {
                  "Node Type": "Hash Join",
                  "Parent Relationship": "Outer",
                  "Parallel Aware": true,
                  "Join Type": "Inner",
                  "Startup Cost": 54403.08,
                  "Total Cost": 79818.41,
                  "Plan Rows": 63559,
                  "Plan Width": 0,
                  "Actual Startup Time": 392.519,
                  "Actual Total Time": 454.492,
                  "Actual Rows": 48999,
                  "Actual Loops": 4,
                  "Inner Unique": true,
                  "Hash Cond": "(mk.movie_id = t.id)",
                  "Plans": [
                    {
                      "Node Type": "Bitmap Heap Scan",
                      "Parent Relationship": "Outer",
                      "Parallel Aware": true,
                      "Relation Name": "movie_keyword",
                      "Alias": "mk",
                      "Startup Cost": 4183.44,
                      "Total Cost": 29431.93,
                      "Plan Rows": 63559,
                      "Plan Width": 4,
                      "Actual Startup Time": 21.131,
                      "Actual Total Time": 61.993,
                      "Actual Rows": 48999,
                      "Actual Loops": 4,
                      "Recheck Cond": "(keyword_id > 69641)",
                      "Rows Removed by Index Recheck": 0,
                      "Exact Heap Blocks": 5399,
                      "Lossy Heap Blocks": 0,
                      "Plans": [
                        {
                          "Node Type": "Bitmap Index Scan",
                          "Parent Relationship": "Outer",
                          "Parallel Aware": false,
                          "Index Name": "keyword_id_movie_keyword",
                          "Startup Cost": 0.0,
                          "Total Cost": 4134.18,
                          "Plan Rows": 197033,
                          "Plan Width": 0,
                          "Actual Startup Time": 16.356,
                          "Actual Total Time": 16.357,
                          "Actual Rows": 195995,
                          "Actual Loops": 1,
                          "Index Cond": "(keyword_id > 69641)"
                        }
                      ]
                    },
                    {
                      "Node Type": "Hash",
                      "Parent Relationship": "Inner",
                      "Parallel Aware": true,
                      "Startup Cost": 42318.73,
                      "Total Cost": 42318.73,
                      "Plan Rows": 632073,
                      "Plan Width": 4,
                      "Actual Startup Time": 359.458,
                      "Actual Total Time": 359.459,
                      "Actual Rows": 632078,
                      "Actual Loops": 4,
                      "Hash Buckets": 4194304,
                      "Original Hash Buckets": 4194304,
                      "Hash Batches": 1,
                      "Original Hash Batches": 1,
                      "Peak Memory Usage": 131712,
                      "Plans": [
                        {
                          "Node Type": "Seq Scan",
                          "Parent Relationship": "Outer",
                          "Parallel Aware": true,
                          "Relation Name": "title",
                          "Alias": "t",
                          "Startup Cost": 0.0,
                          "Total Cost": 42318.73,
                          "Plan Rows": 632073,
                          "Plan Width": 4,
                          "Actual Startup Time": 0.042,
                          "Actual Total Time": 104.913,
                          "Actual Rows": 632078,
                          "Actual Loops": 4
                        }
                      ]
                    }
                  ]
                }
              ]
            }
          ]
        }
      ]
    },
    "Planning Time": 0.622,
    "Triggers": [],
    "Execution Time": 506.283
  }
]