[
  {
    "Plan": {
      "Node Type": "Aggregate",
      "Strategy": "Plain",
      "Partial Mode": "Finalize",
      "Parallel Aware": false,
      "Startup Cost": 370738.67,
      "Total Cost": 370738.68,
      "Plan Rows": 1,
      "Plan Width": 8,
      "Actual Startup Time": 540.315,
      "Actual Total Time": 608.06,
      "Actual Rows": 1,
      "Actual Loops": 1,
      "Plans": [
        {
          "Node Type": "Gather",
          "Parent Relationship": "Outer",
          "Parallel Aware": false,
          "Startup Cost": 370738.25,
          "Total Cost": 370738.66,
          "Plan Rows": 4,
          "Plan Width": 8,
          "Actual Startup Time": 539.904,
          "Actual Total Time": 608.049,
          "Actual Rows": 5,
          "Actual Loops": 1,
          "Workers Planned": 4,
          "Workers Launched": 4,
          "Single Copy": false,
          "Plans": [
            {
              "Node Type": "Aggregate",
              "Strategy": "Plain",
              "Partial Mode": "Partial",
              "Parent Relationship": "Outer",
              "Parallel Aware": false,
              "Startup Cost": 369738.25,
              "Total Cost": 369738.26,
              "Plan Rows": 1,
              "Plan Width": 8,
              "Actual Startup Time": 534.343,
              "Actual Total Time": 534.344,
              "Actual Rows": 1,
              "Actual Loops": 5,
              "Plans": [
                {
                  "Node Type": "Nested Loop",
                  "Parent Relationship": "Outer",
                  "Parallel Aware": false,
                  "Join Type": "Inner",
                  "Startup Cost": 0.56,
                  "Total Cost": 369486.32,
                  "Plan Rows": 100772,
                  "Plan Width": 0,
                  "Actual Startup Time": 34.816,
                  "Actual Total Time": 528.525,
                  "Actual Rows": 88730,
                  "Actual Loops": 5,
                  "Inner Unique": false,
                  "Plans": [
                    {
                      "Node Type": "Seq Scan",
                      "Parent Relationship": "Outer",
                      "Parallel Aware": true,
                      "Relation Name": "title",
                      "Alias": "t",
                      "Startup Cost": 0.0,
                      "Total Cost": 45479.59,
                      "Plan Rows": 14970,
                      "Plan Width": 4,
                      "Actual Startup Time": 34.665,
                      "Actual Total Time": 74.078,
                      "Actual Rows": 12316,
                      "Actual Loops": 5,
                      "Filter": "((kind_id < 2) AND (production_year > 2011))",
                      "Rows Removed by Filter": 493346
                    },
                    {
                      "Node Type": "Index Scan",
                      "Parent Relationship": "Inner",
                      "Parallel Aware": false,
                      "Scan Direction": "Forward",
                      "Index Name": "movie_id_cast_info",
                      "Relation Name": "cast_info",
                      "Alias": "ci",
                      "Startup Cost": 0.56,
                      "Total Cost": 21.48,
                      "Plan Rows": 16,
                      "Plan Width": 4,
                      "Actual Startup Time": 0.016,
                      "Actual Total Time": 0.036,
                      "Actual Rows": 7,
                      "Actual Loops": 61581,
                      "Index Cond": "(movie_id = t.id)",
                      "Rows Removed by Index Recheck": 0,
                      "Filter": "((person_id > 1474426) AND (role_id < 8))",
                      "Rows Removed by Filter": 10
                    }
                  ]
                }
              ]
            }
          ]
        }
      ]
    },
    "Planning Time": 0.273,
    "Triggers": [],
    "Execution Time": 608.118
  }
]