[
  {
    "Plan": {
      "Node Type": "Aggregate",
      "Strategy": "Plain",
      "Partial Mode": "Finalize",
      "Parallel Aware": false,
      "Startup Cost": 371988.06,
      "Total Cost": 371988.07,
      "Plan Rows": 1,
      "Plan Width": 8,
      "Actual Startup Time": 551.611,
      "Actual Total Time": 624.359,
      "Actual Rows": 1,
      "Actual Loops": 1,
      "Plans": [
        {
          "Node Type": "Gather",
          "Parent Relationship": "Outer",
          "Parallel Aware": false,
          "Startup Cost": 371987.64,
          "Total Cost": 371988.05,
          "Plan Rows": 4,
          "Plan Width": 8,
          "Actual Startup Time": 551.376,
          "Actual Total Time": 624.34,
          "Actual Rows": 5,
          "Actual Loops": 1,
          "Workers Planned": 4,
          "Workers Launched": 4,
          "Single Copy": false,
          "Plans": [
            {
              "Node Type": "Aggregate",
              "Strategy": "Plain",
              "Partial Mode": "Partial",
              "Parent Relationship": "Outer",
              "Parallel Aware": false,
              "Startup Cost": 370987.64,
              "Total Cost": 370987.65,
              "Plan Rows": 1,
              "Plan Width": 8,
              "Actual Startup Time": 542.044,
              "Actual Total Time": 542.045,
              "Actual Rows": 1,
              "Actual Loops": 5,
              "Plans": [
                {
                  "Node Type": "Nested Loop",
                  "Parent Relationship": "Outer",
                  "Parallel Aware": false,
                  "Join Type": "Inner",
                  "Startup Cost": 0.56,
                  "Total Cost": 370735.92,
                  "Plan Rows": 100688,
                  "Plan Width": 0,
                  "Actual Startup Time": 43.726,
                  "Actual Total Time": 536.66,
                  "Actual Rows": 88730,
                  "Actual Loops": 5,
                  "Inner Unique": false,
                  "Plans": [
                    {
                      "Node Type": "Seq Scan",
                      "Parent Relationship": "Outer",
                      "Parallel Aware": true,
                      "Relation Name": "title",
                      "Alias": "t",
                      "Startup Cost": 0.0,
                      "Total Cost": 45479.1,
                      "Plan Rows": 15074,
                      "Plan Width": 4,
                      "Actual Startup Time": 43.499,
                      "Actual Total Time": 81.516,
                      "Actual Rows": 12316,
                      "Actual Loops": 5,
                      "Filter": "((kind_id < 2) AND (production_year > 2011))",
                      "Rows Removed by Filter": 493346
                    },
                    {
                      "Node Type": "Index Scan",
                      "Parent Relationship": "Inner",
                      "Parallel Aware": false,
                      "Scan Direction": "Forward",
                      "Index Name": "movie_id_cast_info",
                      "Relation Name": "cast_info",
                      "Alias": "ci",
                      "Startup Cost": 0.56,
                      "Total Cost": 21.41,
                      "Plan Rows": 17,
                      "Plan Width": 4,
                      "Actual Startup Time": 0.016,
                      "Actual Total Time": 0.036,
                      "Actual Rows": 7,
                      "Actual Loops": 61581,
                      "Index Cond": "(movie_id = t.id)",
                      "Rows Removed by Index Recheck": 0,
                      "Filter": "((person_id > 1474426) AND (role_id < 8))",
                      "Rows Removed by Filter": 10
                    }
                  ]
                }
              ]
            }
          ]
        }
      ]
    },
    "Planning Time": 0.638,
    "Triggers": [],
    "Execution Time": 624.448
  }
]