[
  {
    "Plan": {
      "Node Type": "Aggregate",
      "Strategy": "Plain",
      "Partial Mode": "Finalize",
      "Parallel Aware": false,
      "Startup Cost": 33269.54,
      "Total Cost": 33269.55,
      "Plan Rows": 1,
      "Plan Width": 8,
      "Actual Startup Time": 107.361,
      "Actual Total Time": 114.903,
      "Actual Rows": 1,
      "Actual Loops": 1,
      "Plans": [
        {
          "Node Type": "Gather",
          "Parent Relationship": "Outer",
          "Parallel Aware": false,
          "Startup Cost": 33269.22,
          "Total Cost": 33269.53,
          "Plan Rows": 3,
          "Plan Width": 8,
          "Actual Startup Time": 107.244,
          "Actual Total Time": 114.894,
          "Actual Rows": 4,
          "Actual Loops": 1,
          "Workers Planned": 3,
          "Workers Launched": 3,
          "Single Copy": false,
          "Plans": [
            {
              "Node Type": "Aggregate",
              "Strategy": "Plain",
              "Partial Mode": "Partial",
              "Parent Relationship": "Outer",
              "Parallel Aware": false,
              "Startup Cost": 32269.22,
              "Total Cost": 32269.23,
              "Plan Rows": 1,
              "Plan Width": 8,
              "Actual Startup Time": 100.51,
              "Actual Total Time": 100.512,
              "Actual Rows": 1,
              "Actual Loops": 4,
              "Plans": [
                {
                  "Node Type": "Seq Scan",
                  "Parent Relationship": "Outer",
                  "Parallel Aware": true,
                  "Relation Name": "movie_companies",
                  "Alias": "mc",
                  "Startup Cost": 0.0,
                  "Total Cost": 31414.82,
                  "Plan Rows": 341760,
                  "Plan Width": 0,
                  "Actual Startup Time": 0.035,
                  "Actual Total Time": 83.055,
                  "Actual Rows": 318562,
                  "Actual Loops": 4,
                  "Filter": "((company_id < 78151) AND (company_type_id = 1))",
                  "Rows Removed by Filter": 333721
                }
              ]
            }
          ]
        }
      ]
    },
    "Planning Time": 0.091,
    "Triggers": [],
    "Execution Time": 114.929
  }
]