{
    "Plan": {
        "Node Type": "Aggregate",
        "Strategy": "Plain",
        "Partial Mode": "Simple",
        "Parallel Aware": false,
        "Startup Cost": 10000261953.52,
        "Total Cost": 10000261953.53,
        "Plan Rows": 1,
        "Plan Width": 8,
        "Actual Startup Time": 1637.218,
        "Actual Total Time": 1637.224,
        "Actual Rows": 1,
        "Actual Loops": 1,
        "Output": [
            "count(*)"
        ],
        "Plans": [
            {
                "Node Type": "Hash Join",
                "Parent Relationship": "Outer",
                "Parallel Aware": false,
                "Join Type": "Inner",
                "Startup Cost": 10000071803.08,
                "Total Cost": 10000260855.44,
                "Plan Rows": 439229,
                "Plan Width": 0,
                "Actual Startup Time": 409.298,
                "Actual Total Time": 1579.668,
                "Actual Rows": 1418411,
                "Actual Loops": 1,
                "Inner Unique": true,
                "Hash Cond": "(mk.movie_id = t.id)",
                "Plans": [
                    {
                        "Node Type": "Index Scan",
                        "Parent Relationship": "Outer",
                        "Parallel Aware": false,
                        "Scan Direction": "Forward",
                        "Index Name": "movie_id_movie_keyword",
                        "Relation Name": "movie_keyword",
                        "Schema": "public",
                        "Alias": "mk",
                        "Startup Cost": 10000000000.43,
                        "Total Cost": 10000177177.46,
                        "Plan Rows": 4523930,
                        "Plan Width": 4,
                        "Actual Startup Time": 0.07,
                        "Actual Total Time": 613.169,
                        "Actual Rows": 4523930,
                        "Actual Loops": 1,
                        "Output": [
                            "mk.id",
                            "mk.movie_id",
                            "mk.keyword_id"
                        ]
                    },
                    {
                        "Node Type": "Hash",
                        "Parent Relationship": "Inner",
                        "Parallel Aware": false,
                        "Startup Cost": 68734.21,
                        "Total Cost": 68734.21,
                        "Plan Rows": 245475,
                        "Plan Width": 4,
                        "Actual Startup Time": 406.242,
                        "Actual Total Time": 406.245,
                        "Actual Rows": 357497,
                        "Actual Loops": 1,
                        "Output": [
                            "t.id"
                        ],
                        "Hash Buckets": 524288,
                        "Original Hash Buckets": 262144,
                        "Hash Batches": 1,
                        "Original Hash Batches": 1,
                        "Peak Memory Usage": 16665,
                        "Plans": [
                            {
                                "Node Type": "Bitmap Heap Scan",
                                "Parent Relationship": "Outer",
                                "Parallel Aware": false,
                                "Relation Name": "title",
                                "Schema": "public",
                                "Alias": "t",
                                "Startup Cost": 17803.94,
                                "Total Cost": 68734.21,
                                "Plan Rows": 245475,
                                "Plan Width": 4,
                                "Actual Startup Time": 60.844,
                                "Actual Total Time": 323.068,
                                "Actual Rows": 357497,
                                "Actual Loops": 1,
                                "Output": [
                                    "t.id"
                                ],
                                "Recheck Cond": "(t.kind_id < 7)",
                                "Rows Removed by Index Recheck": 0,
                                "Filter": "(t.production_year < 1987)",
                                "Rows Removed by Filter": 627551,
                                "Exact Heap Blocks": 35472,
                                "Lossy Heap Blocks": 0,
                                "Plans": [
                                    {
                                        "Node Type": "Bitmap Index Scan",
                                        "Parent Relationship": "Outer",
                                        "Parallel Aware": false,
                                        "Index Name": "kind_id_title",
                                        "Startup Cost": 0.0,
                                        "Total Cost": 17742.57,
                                        "Plan Rows": 995485,
                                        "Plan Width": 0,
                                        "Actual Startup Time": 55.578,
                                        "Actual Total Time": 55.579,
                                        "Actual Rows": 985048,
                                        "Actual Loops": 1,
                                        "Index Cond": "(t.kind_id < 7)"
                                    }
                                ]
                            }
                        ]
                    }
                ]
            }
        ]
    },
    "Planning Time": 2.575,
    "Triggers": [],
    "Execution Time": 1638.087
}