[
  {
    "Plan": {
      "Node Type": "Aggregate",
      "Strategy": "Plain",
      "Partial Mode": "Finalize",
      "Parallel Aware": false,
      "Startup Cost": 31945.06,
      "Total Cost": 31945.07,
      "Plan Rows": 1,
      "Plan Width": 8,
      "Actual Startup Time": 114.971,
      "Actual Total Time": 122.468,
      "Actual Rows": 1,
      "Actual Loops": 1,
      "Plans": [
        {
          "Node Type": "Gather",
          "Parent Relationship": "Outer",
          "Parallel Aware": false,
          "Startup Cost": 31944.74,
          "Total Cost": 31945.05,
          "Plan Rows": 3,
          "Plan Width": 8,
          "Actual Startup Time": 114.88,
          "Actual Total Time": 122.461,
          "Actual Rows": 4,
          "Actual Loops": 1,
          "Workers Planned": 3,
          "Workers Launched": 3,
          "Single Copy": false,
          "Plans": [
            {
              "Node Type": "Aggregate",
              "Strategy": "Plain",
              "Partial Mode": "Partial",
              "Parent Relationship": "Outer",
              "Parallel Aware": false,
              "Startup Cost": 30944.74,
              "Total Cost": 30944.75,
              "Plan Rows": 1,
              "Plan Width": 8,
              "Actual Startup Time": 109.669,
              "Actual Total Time": 109.67,
              "Actual Rows": 1,
              "Actual Loops": 4,
              "Plans": [
                {
                  "Node Type": "Seq Scan",
                  "Parent Relationship": "Outer",
                  "Parallel Aware": true,
                  "Relation Name": "movie_companies",
                  "Alias": "mc",
                  "Startup Cost": 0.0,
                  "Total Cost": 29310.68,
                  "Plan Rows": 653623,
                  "Plan Width": 0,
                  "Actual Startup Time": 0.277,
                  "Actual Total Time": 85.228,
                  "Actual Rows": 508042,
                  "Actual Loops": 4,
                  "Filter": "(company_id > 633)",
                  "Rows Removed by Filter": 144240
                }
              ]
            }
          ]
        }
      ]
    },
    "Planning Time": 0.145,
    "Triggers": [],
    "Execution Time": 122.513
  }
]