[
  {
    "Plan": {
      "Node Type": "Aggregate",
      "Strategy": "Plain",
      "Partial Mode": "Finalize",
      "Parallel Aware": false,
      "Startup Cost": 45645.56,
      "Total Cost": 45645.57,
      "Plan Rows": 1,
      "Plan Width": 8,
      "Actual Startup Time": 165.094,
      "Actual Total Time": 174.805,
      "Actual Rows": 1,
      "Actual Loops": 1,
      "Plans": [
        {
          "Node Type": "Gather",
          "Parent Relationship": "Outer",
          "Parallel Aware": false,
          "Startup Cost": 45645.24,
          "Total Cost": 45645.55,
          "Plan Rows": 3,
          "Plan Width": 8,
          "Actual Startup Time": 164.939,
          "Actual Total Time": 174.796,
          "Actual Rows": 4,
          "Actual Loops": 1,
          "Workers Planned": 3,
          "Workers Launched": 3,
          "Single Copy": false,
          "Plans": [
            {
              "Node Type": "Aggregate",
              "Strategy": "Plain",
              "Partial Mode": "Partial",
              "Parent Relationship": "Outer",
              "Parallel Aware": false,
              "Startup Cost": 44645.24,
              "Total Cost": 44645.25,
              "Plan Rows": 1,
              "Plan Width": 8,
              "Actual Startup Time": 156.393,
              "Actual Total Time": 156.395,
              "Actual Rows": 1,
              "Actual Loops": 4,
              "Plans": [
                {
                  "Node Type": "Seq Scan",
                  "Parent Relationship": "Outer",
                  "Parallel Aware": true,
                  "Relation Name": "movie_keyword",
                  "Alias": "mk",
                  "Startup Cost": 0.0,
                  "Total Cost": 42695.65,
                  "Plan Rows": 779836,
                  "Plan Width": 0,
                  "Actual Startup Time": 0.065,
                  "Actual Total Time": 126.113,
                  "Actual Rows": 605084,
                  "Actual Loops": 4,
                  "Filter": "(keyword_id < 5707)",
                  "Rows Removed by Filter": 525898
                }
              ]
            }
          ]
        }
      ]
    },
    "Planning Time": 0.197,
    "Triggers": [],
    "Execution Time": 174.865
  }
]