[
  {
    "Plan": {
      "Node Type": "Aggregate",
      "Strategy": "Plain",
      "Partial Mode": "Finalize",
      "Parallel Aware": false,
      "Startup Cost": 340725.92,
      "Total Cost": 340725.93,
      "Plan Rows": 1,
      "Plan Width": 8,
      "Actual Startup Time": 857.077,
      "Actual Total Time": 916.717,
      "Actual Rows": 1,
      "Actual Loops": 1,
      "Plans": [
        {
          "Node Type": "Gather",
          "Parent Relationship": "Outer",
          "Parallel Aware": false,
          "Startup Cost": 340725.3,
          "Total Cost": 340725.91,
          "Plan Rows": 6,
          "Plan Width": 8,
          "Actual Startup Time": 856.937,
          "Actual Total Time": 916.706,
          "Actual Rows": 7,
          "Actual Loops": 1,
          "Workers Planned": 6,
          "Workers Launched": 6,
          "Single Copy": false,
          "Plans": [
            {
              "Node Type": "Aggregate",
              "Strategy": "Plain",
              "Partial Mode": "Partial",
              "Parent Relationship": "Outer",
              "Parallel Aware": false,
              "Startup Cost": 339725.3,
              "Total Cost": 339725.31,
              "Plan Rows": 1,
              "Plan Width": 8,
              "Actual Startup Time": 846.431,
              "Actual Total Time": 846.433,
              "Actual Rows": 1,
              "Actual Loops": 7,
              "Plans": [
                {
                  "Node Type": "Seq Scan",
                  "Parent Relationship": "Outer",
                  "Parallel Aware": true,
                  "Relation Name": "cast_info",
                  "Alias": "ci",
                  "Startup Cost": 0.0,
                  "Total Cost": 328162.03,
                  "Plan Rows": 4625309,
                  "Plan Width": 0,
                  "Actual Startup Time": 106.25,
                  "Actual Total Time": 665.837,
                  "Actual Rows": 3947293,
                  "Actual Loops": 7,
                  "Filter": "(person_id > 846660)",
                  "Rows Removed by Filter": 1230471
                }
              ]
            }
          ]
        }
      ]
    },
    "Planning Time": 0.207,
    "Triggers": [],
    "Execution Time": 916.79
  }
]