{
    "Plan": {
        "Node Type": "Aggregate",
        "Strategy": "Plain",
        "Partial Mode": "Finalize",
        "Parallel Aware": false,
        "Startup Cost": 70856.57,
        "Total Cost": 70856.58,
        "Plan Rows": 1,
        "Plan Width": 8,
        "Actual Startup Time": 383.916,
        "Actual Total Time": 419.247,
        "Actual Rows": 1,
        "Actual Loops": 1,
        "Output": [
            "count(*)"
        ],
        "Plans": [
            {
                "Node Type": "Gather",
                "Parent Relationship": "Outer",
                "Parallel Aware": false,
                "Startup Cost": 70856.25,
                "Total Cost": 70856.56,
                "Plan Rows": 3,
                "Plan Width": 8,
                "Actual Startup Time": 383.613,
                "Actual Total Time": 419.238,
                "Actual Rows": 4,
                "Actual Loops": 1,
                "Output": [
                    "(PARTIAL count(*))"
                ],
                "Workers Planned": 3,
                "Workers Launched": 3,
                "Single Copy": false,
                "Plans": [
                    {
                        "Node Type": "Aggregate",
                        "Strategy": "Plain",
                        "Partial Mode": "Partial",
                        "Parent Relationship": "Outer",
                        "Parallel Aware": false,
                        "Startup Cost": 69856.25,
                        "Total Cost": 69856.26,
                        "Plan Rows": 1,
                        "Plan Width": 8,
                        "Actual Startup Time": 374.219,
                        "Actual Total Time": 374.222,
                        "Actual Rows": 1,
                        "Actual Loops": 4,
                        "Output": [
                            "PARTIAL count(*)"
                        ],
                        "Workers": [
                            {
                                "Worker Number": 0,
                                "Actual Startup Time": 371.2,
                                "Actual Total Time": 371.203,
                                "Actual Rows": 1,
                                "Actual Loops": 1
                            },
                            {
                                "Worker Number": 1,
                                "Actual Startup Time": 371.354,
                                "Actual Total Time": 371.357,
                                "Actual Rows": 1,
                                "Actual Loops": 1
                            },
                            {
                                "Worker Number": 2,
                                "Actual Startup Time": 371.537,
                                "Actual Total Time": 371.54,
                                "Actual Rows": 1,
                                "Actual Loops": 1
                            }
                        ],
                        "Plans": [
                            {
                                "Node Type": "Nested Loop",
                                "Parent Relationship": "Outer",
                                "Parallel Aware": false,
                                "Join Type": "Inner",
                                "Startup Cost": 35311.84,
                                "Total Cost": 69850.27,
                                "Plan Rows": 2394,
                                "Plan Width": 0,
                                "Actual Startup Time": 229.73,
                                "Actual Total Time": 374.143,
                                "Actual Rows": 662,
                                "Actual Loops": 4,
                                "Inner Unique": false,
                                "Join Filter": "(t.id = ci.movie_id)",
                                "Rows Removed by Join Filter": 0,
                                "Workers": [
                                    {
                                        "Worker Number": 0,
                                        "Actual Startup Time": 228.643,
                                        "Actual Total Time": 371.139,
                                        "Actual Rows": 446,
                                        "Actual Loops": 1
                                    },
                                    {
                                        "Worker Number": 1,
                                        "Actual Startup Time": 225.562,
                                        "Actual Total Time": 371.281,
                                        "Actual Rows": 550,
                                        "Actual Loops": 1
                                    },
                                    {
                                        "Worker Number": 2,
                                        "Actual Startup Time": 228.11,
                                        "Actual Total Time": 371.471,
                                        "Actual Rows": 435,
                                        "Actual Loops": 1
                                    }
                                ],
                                "Plans": [
                                    {
                                        "Node Type": "Hash Join",
                                        "Parent Relationship": "Outer",
                                        "Parallel Aware": false,
                                        "Join Type": "Inner",
                                        "Startup Cost": 35311.28,
                                        "Total Cost": 65748.36,
                                        "Plan Rows": 1565,
                                        "Plan Width": 8,
                                        "Actual Startup Time": 227.731,
                                        "Actual Total Time": 265.585,
                                        "Actual Rows": 2906,
                                        "Actual Loops": 4,
                                        "Output": [
                                            "t.id",
                                            "mc.movie_id"
                                        ],
                                        "Inner Unique": true,
                                        "Hash Cond": "(mc.movie_id = t.id)",
                                        "Workers": [
                                            {
                                                "Worker Number": 0,
                                                "Actual Startup Time": 224.77,
                                                "Actual Total Time": 258.306,
                                                "Actual Rows": 2420,
                                                "Actual Loops": 1
                                            },
                                            {
                                                "Worker Number": 1,
                                                "Actual Startup Time": 224.933,
                                                "Actual Total Time": 254.681,
                                                "Actual Rows": 2179,
                                                "Actual Loops": 1
                                            },
                                            {
                                                "Worker Number": 2,
                                                "Actual Startup Time": 224.868,
                                                "Actual Total Time": 256.035,
                                                "Actual Rows": 2278,
                                                "Actual Loops": 1
                                            }
                                        ],
                                        "Plans": [
                                            {
                                                "Node Type": "Seq Scan",
                                                "Parent Relationship": "Outer",
                                                "Parallel Aware": true,
                                                "Relation Name": "movie_companies",
                                                "Schema": "public",
                                                "Alias": "mc",
                                                "Startup Cost": 0.0,
                                                "Total Cost": 29310.68,
                                                "Plan Rows": 429104,
                                                "Plan Width": 4,
                                                "Actual Startup Time": 45.238,
                                                "Actual Total Time": 92.142,
                                                "Actual Rows": 333721,
                                                "Actual Loops": 4,
                                                "Output": [
                                                    "mc.id",
                                                    "mc.movie_id",
                                                    "mc.company_id",
                                                    "mc.company_type_id",
                                                    "mc.note"
                                                ],
                                                "Filter": "(mc.company_type_id > 1)",
                                                "Rows Removed by Filter": 318562,
                                                "Workers": [
                                                    {
                                                        "Worker Number": 0,
                                                        "Actual Startup Time": 42.265,
                                                        "Actual Total Time": 86.553,
                                                        "Actual Rows": 304539,
                                                        "Actual Loops": 1
                                                    },
                                                    {
                                                        "Worker Number": 1,
                                                        "Actual Startup Time": 42.426,
                                                        "Actual Total Time": 84.338,
                                                        "Actual Rows": 279040,
                                                        "Actual Loops": 1
                                                    },
                                                    {
                                                        "Worker Number": 2,
                                                        "Actual Startup Time": 42.418,
                                                        "Actual Total Time": 85.378,
                                                        "Actual Rows": 289447,
                                                        "Actual Loops": 1
                                                    }
                                                ]
                                            },
                                            {
                                                "Node Type": "Hash",
                                                "Parent Relationship": "Inner",
                                                "Parallel Aware": false,
                                                "Startup Cost": 35196.05,
                                                "Total Cost": 35196.05,
                                                "Plan Rows": 9218,
                                                "Plan Width": 4,
                                                "Actual Startup Time": 139.299,
                                                "Actual Total Time": 139.3,
                                                "Actual Rows": 11051,
                                                "Actual Loops": 4,
                                                "Output": [
                                                    "t.id"
                                                ],
                                                "Hash Buckets": 16384,
                                                "Original Hash Buckets": 16384,
                                                "Hash Batches": 1,
                                                "Original Hash Batches": 1,
                                                "Peak Memory Usage": 517,
                                                "Workers": [
                                                    {
                                                        "Worker Number": 0,
                                                        "Actual Startup Time": 139.323,
                                                        "Actual Total Time": 139.324,
                                                        "Actual Rows": 11051,
                                                        "Actual Loops": 1
                                                    },
                                                    {
                                                        "Worker Number": 1,
                                                        "Actual Startup Time": 139.312,
                                                        "Actual Total Time": 139.313,
                                                        "Actual Rows": 11051,
                                                        "Actual Loops": 1
                                                    },
                                                    {
                                                        "Worker Number": 2,
                                                        "Actual Startup Time": 139.34,
                                                        "Actual Total Time": 139.341,
                                                        "Actual Rows": 11051,
                                                        "Actual Loops": 1
                                                    }
                                                ],
                                                "Plans": [
                                                    {
                                                        "Node Type": "Index Scan",
                                                        "Parent Relationship": "Outer",
                                                        "Parallel Aware": false,
                                                        "Scan Direction": "Forward",
                                                        "Index Name": "kind_id_title",
                                                        "Relation Name": "title",
                                                        "Schema": "public",
                                                        "Alias": "t",
                                                        "Startup Cost": 0.43,
                                                        "Total Cost": 35196.05,
                                                        "Plan Rows": 9218,
                                                        "Plan Width": 4,
                                                        "Actual Startup Time": 23.96,
                                                        "Actual Total Time": 132.703,
                                                        "Actual Rows": 11051,
                                                        "Actual Loops": 4,
                                                        "Output": [
                                                            "t.id"
                                                        ],
                                                        "Index Cond": "(t.kind_id = 6)",
                                                        "Rows Removed by Index Recheck": 0,
                                                        "Filter": "(t.production_year < 2010)",
                                                        "Rows Removed by Filter": 1549,
                                                        "Workers": [
                                                            {
                                                                "Worker Number": 0,
                                                                "Actual Startup Time": 23.933,
                                                                "Actual Total Time": 132.345,
                                                                "Actual Rows": 11051,
                                                                "Actual Loops": 1
                                                            },
                                                            {
                                                                "Worker Number": 1,
                                                                "Actual Startup Time": 23.919,
                                                                "Actual Total Time": 132.399,
                                                                "Actual Rows": 11051,
                                                                "Actual Loops": 1
                                                            },
                                                            {
                                                                "Worker Number": 2,
                                                                "Actual Startup Time": 23.947,
                                                                "Actual Total Time": 132.379,
                                                                "Actual Rows": 11051,
                                                                "Actual Loops": 1
                                                            }
                                                        ]
                                                    }
                                                ]
                                            }
                                        ]
                                    },
                                    {
                                        "Node Type": "Index Scan",
                                        "Parent Relationship": "Inner",
                                        "Parallel Aware": false,
                                        "Scan Direction": "Forward",
                                        "Index Name": "movie_id_cast_info",
                                        "Relation Name": "cast_info",
                                        "Schema": "public",
                                        "Alias": "ci",
                                        "Startup Cost": 0.56,
                                        "Total Cost": 2.57,
                                        "Plan Rows": 4,
                                        "Plan Width": 4,
                                        "Actual Startup Time": 0.03,
                                        "Actual Total Time": 0.037,
                                        "Actual Rows": 0,
                                        "Actual Loops": 11625,
                                        "Output": [
                                            "ci.id",
                                            "ci.person_id",
                                            "ci.movie_id",
                                            "ci.person_role_id",
                                            "ci.note",
                                            "ci.nr_order",
                                            "ci.role_id"
                                        ],
                                        "Index Cond": "(ci.movie_id = mc.movie_id)",
                                        "Rows Removed by Index Recheck": 0,
                                        "Filter": "((ci.person_id < 1857545) AND (ci.role_id = 2))",
                                        "Rows Removed by Filter": 20,
                                        "Workers": [
                                            {
                                                "Worker Number": 0,
                                                "Actual Startup Time": 0.036,
                                                "Actual Total Time": 0.046,
                                                "Actual Rows": 0,
                                                "Actual Loops": 2420
                                            },
                                            {
                                                "Worker Number": 1,
                                                "Actual Startup Time": 0.043,
                                                "Actual Total Time": 0.053,
                                                "Actual Rows": 0,
                                                "Actual Loops": 2179
                                            },
                                            {
                                                "Worker Number": 2,
                                                "Actual Startup Time": 0.041,
                                                "Actual Total Time": 0.05,
                                                "Actual Rows": 0,
                                                "Actual Loops": 2278
                                            }
                                        ]
                                    }
                                ]
                            }
                        ]
                    }
                ]
            }
        ]
    },
    "Planning Time": 1.67,
    "Triggers": [],
    "Execution Time": 419.359
}