{
  "Plan": {
    "Node Type": "Aggregate",
    "Strategy": "Plain",
    "Partial Mode": "Finalize",
    "Parallel Aware": false,
    "Startup Cost": 109241.0,
    "Total Cost": 109241.01,
    "Plan Rows": 1,
    "Plan Width": 8,
    "Actual Startup Time": 774.726,
    "Actual Total Time": 791.048,
    "Actual Rows": 1,
    "Actual Loops": 1,
    "Plans": [
      {
        "Node Type": "Gather",
        "Parent Relationship": "Outer",
        "Parallel Aware": false,
        "Startup Cost": 109240.89,
        "Total Cost": 109241.0,
        "Plan Rows": 1,
        "Plan Width": 8,
        "Actual Startup Time": 771.844,
        "Actual Total Time": 791.038,
        "Actual Rows": 2,
        "Actual Loops": 1,
        "Workers Planned": 1,
        "Workers Launched": 1,
        "Single Copy": false,
        "Plans": [
          {
            "Node Type": "Aggregate",
            "Strategy": "Plain",
            "Partial Mode": "Partial",
            "Parent Relationship": "Outer",
            "Parallel Aware": false,
            "Startup Cost": 108240.89,
            "Total Cost": 108240.9,
            "Plan Rows": 1,
            "Plan Width": 8,
            "Actual Startup Time": 764.836,
            "Actual Total Time": 764.84,
            "Actual Rows": 1,
            "Actual Loops": 2,
            "Plans": [
              {
                "Node Type": "Hash Join",
                "Parent Relationship": "Outer",
                "Parallel Aware": true,
                "Join Type": "Inner",
                "Startup Cost": 65896.2,
                "Total Cost": 106637.98,
                "Plan Rows": 641166,
                "Plan Width": 0,
                "Actual Startup Time": 392.651,
                "Actual Total Time": 748.149,
                "Actual Rows": 415190,
                "Actual Loops": 2,
                "Inner Unique": true,
                "Hash Cond": "(mc.movie_id = t.id)",
                "Plans": [
                  {
                    "Node Type": "Seq Scan",
                    "Parent Relationship": "Outer",
                    "Parallel Aware": true,
                    "Relation Name": "movie_companies",
                    "Alias": "mc",
                    "Startup Cost": 0.0,
                    "Total Cost": 37974.77,
                    "Plan Rows": 1054096,
                    "Plan Width": 4,
                    "Actual Startup Time": 0.016,
                    "Actual Total Time": 124.695,
                    "Actual Rows": 889004,
                    "Actual Loops": 2,
                    "Filter": "(company_id < 27232)",
                    "Rows Removed by Filter": 415560
                  },
                  {
                    "Node Type": "Hash",
                    "Parent Relationship": "Inner",
                    "Parallel Aware": true,
                    "Startup Cost": 54588.39,
                    "Total Cost": 54588.39,
                    "Plan Rows": 904625,
                    "Plan Width": 4,
                    "Actual Startup Time": 378.496,
                    "Actual Total Time": 378.498,
                    "Actual Rows": 765806,
                    "Actual Loops": 2,
                    "Hash Buckets": 2097152,
                    "Original Hash Buckets": 2097152,
                    "Hash Batches": 1,
                    "Original Hash Batches": 1,
                    "Peak Memory Usage": 76320,
                    "Plans": [
                      {
                        "Node Type": "Seq Scan",
                        "Parent Relationship": "Outer",
                        "Parallel Aware": true,
                        "Relation Name": "title",
                        "Alias": "t",
                        "Startup Cost": 0.0,
                        "Total Cost": 54588.39,
                        "Plan Rows": 904625,
                        "Plan Width": 4,
                        "Actual Startup Time": 0.052,
                        "Actual Total Time": 175.048,
                        "Actual Rows": 765806,
                        "Actual Loops": 2,
                        "Filter": "(production_year > 1997)",
                        "Rows Removed by Filter": 498350
                      }
                    ]
                  }
                ]
              }
            ]
          }
        ]
      }
    ]
  },
  "Planning Time": 0.557,
  "Triggers": [],
  "Execution Time": 791.122
}