[
  {
    "Plan": {
      "Node Type": "Aggregate",
      "Strategy": "Plain",
      "Partial Mode": "Finalize",
      "Parallel Aware": false,
      "Startup Cost": 77198.88,
      "Total Cost": 77198.89,
      "Plan Rows": 1,
      "Plan Width": 8,
      "Actual Startup Time": 401.966,
      "Actual Total Time": 418.632,
      "Actual Rows": 1,
      "Actual Loops": 1,
      "Plans": [
        {
          "Node Type": "Gather",
          "Parent Relationship": "Outer",
          "Parallel Aware": false,
          "Startup Cost": 77198.57,
          "Total Cost": 77198.88,
          "Plan Rows": 3,
          "Plan Width": 8,
          "Actual Startup Time": 394.476,
          "Actual Total Time": 418.624,
          "Actual Rows": 4,
          "Actual Loops": 1,
          "Workers Planned": 3,
          "Workers Launched": 3,
          "Single Copy": false,
          "Plans": [
            {
              "Node Type": "Aggregate",
              "Strategy": "Plain",
              "Partial Mode": "Partial",
              "Parent Relationship": "Outer",
              "Parallel Aware": false,
              "Startup Cost": 76198.57,
              "Total Cost": 76198.58,
              "Plan Rows": 1,
              "Plan Width": 8,
              "Actual Startup Time": 375.651,
              "Actual Total Time": 375.654,
              "Actual Rows": 1,
              "Actual Loops": 4,
              "Plans": [
                {
                  "Node Type": "Hash Join",
                  "Parent Relationship": "Outer",
                  "Parallel Aware": true,
                  "Join Type": "Inner",
                  "Startup Cost": 51422.75,
                  "Total Cost": 76152.92,
                  "Plan Rows": 18259,
                  "Plan Width": 0,
                  "Actual Startup Time": 341.717,
                  "Actual Total Time": 374.894,
                  "Actual Rows": 12924,
                  "Actual Loops": 4,
                  "Inner Unique": true,
                  "Hash Cond": "(mk.movie_id = t.id)",
                  "Plans": [
                    {
                      "Node Type": "Bitmap Heap Scan",
                      "Parent Relationship": "Outer",
                      "Parallel Aware": true,
                      "Relation Name": "movie_keyword",
                      "Alias": "mk",
                      "Startup Cost": 1203.11,
                      "Total Cost": 25885.34,
                      "Plan Rows": 18259,
                      "Plan Width": 4,
                      "Actual Startup Time": 6.854,
                      "Actual Total Time": 27.826,
                      "Actual Rows": 12924,
                      "Actual Loops": 4,
                      "Recheck Cond": "(keyword_id < 52)",
                      "Rows Removed by Index Recheck": 0,
                      "Exact Heap Blocks": 7135,
                      "Lossy Heap Blocks": 0,
                      "Plans": [
                        {
                          "Node Type": "Bitmap Index Scan",
                          "Parent Relationship": "Outer",
                          "Parallel Aware": false,
                          "Index Name": "keyword_id_movie_keyword",
                          "Startup Cost": 0.0,
                          "Total Cost": 1188.95,
                          "Plan Rows": 56603,
                          "Plan Width": 0,
                          "Actual Startup Time": 4.517,
                          "Actual Total Time": 4.518,
                          "Actual Rows": 51698,
                          "Actual Loops": 1,
                          "Index Cond": "(keyword_id < 52)"
                        }
                      ]
                    },
                    {
                      "Node Type": "Hash",
                      "Parent Relationship": "Inner",
                      "Parallel Aware": true,
                      "Startup Cost": 42318.73,
                      "Total Cost": 42318.73,
                      "Plan Rows": 632073,
                      "Plan Width": 4,
                      "Actual Startup Time": 323.681,
                      "Actual Total Time": 323.682,
                      "Actual Rows": 632078,
                      "Actual Loops": 4,
                      "Hash Buckets": 4194304,
                      "Original Hash Buckets": 4194304,
                      "Hash Batches": 1,
                      "Original Hash Batches": 1,
                      "Peak Memory Usage": 131744,
                      "Plans": [
                        {
                          "Node Type": "Seq Scan",
                          "Parent Relationship": "Outer",
                          "Parallel Aware": true,
                          "Relation Name": "title",
                          "Alias": "t",
                          "Startup Cost": 0.0,
                          "Total Cost": 42318.73,
                          "Plan Rows": 632073,
                          "Plan Width": 4,
                          "Actual Startup Time": 0.038,
                          "Actual Total Time": 94.873,
                          "Actual Rows": 632078,
                          "Actual Loops": 4
                        }
                      ]
                    }
                  ]
                }
              ]
            }
          ]
        }
      ]
    },
    "Planning Time": 0.564,
    "Triggers": [],
    "Execution Time": 418.713
  }
]