{
  "Plan": {
    "Node Type": "Aggregate",
    "Strategy": "Plain",
    "Partial Mode": "Finalize",
    "Parallel Aware": false,
    "Startup Cost": 74525.72,
    "Total Cost": 74525.73,
    "Plan Rows": 1,
    "Plan Width": 8,
    "Actual Startup Time": 153.284,
    "Actual Total Time": 166.456,
    "Actual Rows": 1,
    "Actual Loops": 1,
    "Plans": [
      {
        "Node Type": "Gather",
        "Parent Relationship": "Outer",
        "Parallel Aware": false,
        "Startup Cost": 74525.61,
        "Total Cost": 74525.72,
        "Plan Rows": 1,
        "Plan Width": 8,
        "Actual Startup Time": 153.174,
        "Actual Total Time": 166.449,
        "Actual Rows": 2,
        "Actual Loops": 1,
        "Workers Planned": 1,
        "Workers Launched": 1,
        "Single Copy": false,
        "Plans": [
          {
            "Node Type": "Aggregate",
            "Strategy": "Plain",
            "Partial Mode": "Partial",
            "Parent Relationship": "Outer",
            "Parallel Aware": false,
            "Startup Cost": 73525.61,
            "Total Cost": 73525.62,
            "Plan Rows": 1,
            "Plan Width": 8,
            "Actual Startup Time": 147.233,
            "Actual Total Time": 147.235,
            "Actual Rows": 1,
            "Actual Loops": 2,
            "Plans": [
              {
                "Node Type": "Nested Loop",
                "Parent Relationship": "Outer",
                "Parallel Aware": false,
                "Join Type": "Inner",
                "Startup Cost": 0.43,
                "Total Cost": 73522.56,
                "Plan Rows": 1220,
                "Plan Width": 0,
                "Actual Startup Time": 4.538,
                "Actual Total Time": 147.072,
                "Actual Rows": 2090,
                "Actual Loops": 2,
                "Inner Unique": false,
                "Plans": [
                  {
                    "Node Type": "Seq Scan",
                    "Parent Relationship": "Outer",
                    "Parallel Aware": true,
                    "Relation Name": "title",
                    "Alias": "t",
                    "Startup Cost": 0.0,
                    "Total Cost": 58306.47,
                    "Plan Rows": 2235,
                    "Plan Width": 4,
                    "Actual Startup Time": 3.332,
                    "Actual Total Time": 135.091,
                    "Actual Rows": 1918,
                    "Actual Loops": 2,
                    "Filter": "((kind_id < 7) AND (production_year = 1959))",
                    "Rows Removed by Filter": 1262238
                  },
                  {
                    "Node Type": "Index Only Scan",
                    "Parent Relationship": "Inner",
                    "Parallel Aware": false,
                    "Scan Direction": "Forward",
                    "Index Name": "movie_id_movie_info_idx",
                    "Relation Name": "movie_info_idx",
                    "Alias": "mi_idx",
                    "Startup Cost": 0.43,
                    "Total Cost": 6.78,
                    "Plan Rows": 3,
                    "Plan Width": 4,
                    "Actual Startup Time": 0.006,
                    "Actual Total Time": 0.006,
                    "Actual Rows": 1,
                    "Actual Loops": 3835,
                    "Index Cond": "(movie_id = t.id)",
                    "Rows Removed by Index Recheck": 0,
                    "Heap Fetches": 4179
                  }
                ]
              }
            ]
          }
        ]
      }
    ]
  },
  "Planning Time": 0.443,
  "Triggers": [],
  "Execution Time": 166.527
}