[
  {
    "Plan": {
      "Node Type": "Aggregate",
      "Strategy": "Plain",
      "Partial Mode": "Simple",
      "Parallel Aware": false,
      "Startup Cost": 987.32,
      "Total Cost": 987.33,
      "Plan Rows": 1,
      "Plan Width": 8,
      "Actual Startup Time": 0.499,
      "Actual Total Time": 0.5,
      "Actual Rows": 1,
      "Actual Loops": 1,
      "Plans": [
        {
          "Node Type": "Index Scan",
          "Parent Relationship": "Outer",
          "Parallel Aware": false,
          "Scan Direction": "Forward",
          "Index Name": "person_id_cast_info",
          "Relation Name": "cast_info",
          "Alias": "ci",
          "Startup Cost": 0.56,
          "Total Cost": 987.07,
          "Plan Rows": 100,
          "Plan Width": 0,
          "Actual Startup Time": 0.427,
          "Actual Total Time": 0.483,
          "Actual Rows": 351,
          "Actual Loops": 1,
          "Index Cond": "(person_id = 1754816)",
          "Rows Removed by Index Recheck": 0,
          "Filter": "(role_id = 2)",
          "Rows Removed by Filter": 0
        }
      ]
    },
    "Planning Time": 0.065,
    "Triggers": [],
    "Execution Time": 0.513
  }
]