[
  {
    "Plan": {
      "Node Type": "Aggregate",
      "Strategy": "Plain",
      "Partial Mode": "Finalize",
      "Parallel Aware": false,
      "Startup Cost": 453863.45,
      "Total Cost": 453863.46,
      "Plan Rows": 1,
      "Plan Width": 8,
      "Actual Startup Time": 1813.273,
      "Actual Total Time": 1891.827,
      "Actual Rows": 1,
      "Actual Loops": 1,
      "Plans": [
        {
          "Node Type": "Gather",
          "Parent Relationship": "Outer",
          "Parallel Aware": false,
          "Startup Cost": 453862.82,
          "Total Cost": 453863.43,
          "Plan Rows": 6,
          "Plan Width": 8,
          "Actual Startup Time": 1808.934,
          "Actual Total Time": 1891.812,
          "Actual Rows": 7,
          "Actual Loops": 1,
          "Workers Planned": 6,
          "Workers Launched": 6,
          "Single Copy": false,
          "Plans": [
            {
              "Node Type": "Aggregate",
              "Strategy": "Plain",
              "Partial Mode": "Partial",
              "Parent Relationship": "Outer",
              "Parallel Aware": false,
              "Startup Cost": 452862.82,
              "Total Cost": 452862.83,
              "Plan Rows": 1,
              "Plan Width": 8,
              "Actual Startup Time": 1797.849,
              "Actual Total Time": 1797.934,
              "Actual Rows": 1,
              "Actual Loops": 7,
              "Plans": [
                {
                  "Node Type": "Hash Join",
                  "Parent Relationship": "Outer",
                  "Parallel Aware": true,
                  "Join Type": "Inner",
                  "Startup Cost": 81333.64,
                  "Total Cost": 448478.86,
                  "Plan Rows": 1753584,
                  "Plan Width": 0,
                  "Actual Startup Time": 328.507,
                  "Actual Total Time": 1743.91,
                  "Actual Rows": 1226091,
                  "Actual Loops": 7,
                  "Inner Unique": false,
                  "Hash Cond": "(ci.movie_id = t.id)",
                  "Plans": [
                    {
                      "Node Type": "Seq Scan",
                      "Parent Relationship": "Outer",
                      "Parallel Aware": true,
                      "Relation Name": "cast_info",
                      "Alias": "ci",
                      "Startup Cost": 0.0,
                      "Total Cost": 343257.03,
                      "Plan Rows": 4861726,
                      "Plan Width": 4,
                      "Actual Startup Time": 31.96,
                      "Actual Total Time": 730.387,
                      "Actual Rows": 4132372,
                      "Actual Loops": 7,
                      "Filter": "((person_id > 269027) AND (role_id < 10))",
                      "Rows Removed by Filter": 1045392
                    },
                    {
                      "Node Type": "Hash",
                      "Parent Relationship": "Inner",
                      "Parallel Aware": true,
                      "Startup Cost": 77656.49,
                      "Total Cost": 77656.49,
                      "Plan Rows": 294172,
                      "Plan Width": 8,
                      "Actual Startup Time": 293.11,
                      "Actual Total Time": 293.194,
                      "Actual Rows": 73259,
                      "Actual Loops": 7,
                      "Hash Buckets": 1048576,
                      "Original Hash Buckets": 1048576,
                      "Hash Batches": 1,
                      "Original Hash Batches": 1,
                      "Peak Memory Usage": 28352,
                      "Plans": [
                        {
                          "Node Type": "Hash Join",
                          "Parent Relationship": "Outer",
                          "Parallel Aware": true,
                          "Join Type": "Inner",
                          "Startup Cost": 48240.6,
                          "Total Cost": 77656.49,
                          "Plan Rows": 294172,
                          "Plan Width": 8,
                          "Actual Startup Time": 138.496,
                          "Actual Total Time": 260.393,
                          "Actual Rows": 73259,
                          "Actual Loops": 7,
                          "Inner Unique": true,
                          "Hash Cond": "(mc.movie_id = t.id)",
                          "Plans": [
                            {
                              "Node Type": "Seq Scan",
                              "Parent Relationship": "Outer",
                              "Parallel Aware": true,
                              "Relation Name": "movie_companies",
                              "Alias": "mc",
                              "Startup Cost": 0.0,
                              "Total Cost": 27206.55,
                              "Plan Rows": 841655,
                              "Plan Width": 4,
                              "Actual Startup Time": 0.022,
                              "Actual Total Time": 39.313,
                              "Actual Rows": 372733,
                              "Actual Loops": 7
                            },
                            {
                              "Node Type": "Hash",
                              "Parent Relationship": "Inner",
                              "Parallel Aware": true,
                              "Startup Cost": 45479.1,
                              "Total Cost": 45479.1,
                              "Plan Rows": 220920,
                              "Plan Width": 4,
                              "Actual Startup Time": 136.723,
                              "Actual Total Time": 136.724,
                              "Actual Rows": 114427,
                              "Actual Loops": 7,
                              "Hash Buckets": 1048576,
                              "Original Hash Buckets": 1048576,
                              "Hash Batches": 1,
                              "Original Hash Batches": 1,
                              "Peak Memory Usage": 39648,
                              "Plans": [
                                {
                                  "Node Type": "Seq Scan",
                                  "Parent Relationship": "Outer",
                                  "Parallel Aware": true,
                                  "Relation Name": "title",
                                  "Alias": "t",
                                  "Startup Cost": 0.0,
                                  "Total Cost": 45479.1,
                                  "Plan Rows": 220920,
                                  "Plan Width": 4,
                                  "Actual Startup Time": 0.046,
                                  "Actual Total Time": 79.282,
                                  "Actual Rows": 114427,
                                  "Actual Loops": 7,
                                  "Filter": "((kind_id > 3) AND (production_year < 2005))",
                                  "Rows Removed by Filter": 246760
                                }
                              ]
                            }
                          ]
                        }
                      ]
                    }
                  ]
                }
              ]
            }
          ]
        }
      ]
    },
    "Planning Time": 1.458,
    "Triggers": [],
    "Execution Time": 1891.932
  }
]