{
  "Plan": {
    "Node Type": "Aggregate",
    "Strategy": "Plain",
    "Partial Mode": "Simple",
    "Parallel Aware": false,
    "Startup Cost": 10309883.21,
    "Total Cost": 10309883.22,
    "Plan Rows": 1,
    "Plan Width": 96,
    "Actual Startup Time": 114871.793,
    "Actual Total Time": 114871.986,
    "Actual Rows": 1,
    "Actual Loops": 1,
    "Plans": [
      {
        "Node Type": "Hash Join",
        "Parent Relationship": "Outer",
        "Parallel Aware": false,
        "Join Type": "Inner",
        "Startup Cost": 10309882.09,
        "Total Cost": 10309883.2,
        "Plan Rows": 1,
        "Plan Width": 39,
        "Actual Startup Time": 114776.228,
        "Actual Total Time": 114871.357,
        "Actual Rows": 5400,
        "Actual Loops": 1,
        "Inner Unique": true,
        "Hash Cond": "(ci.person_id = n.id)",
        "Plans": [
          {
            "Node Type": "Hash Join",
            "Parent Relationship": "Outer",
            "Parallel Aware": false,
            "Join Type": "Inner",
            "Startup Cost": 10160503.11,
            "Total Cost": 10160504.22,
            "Plan Rows": 1,
            "Plan Width": 43,
            "Actual Startup Time": 112600.349,
            "Actual Total Time": 112687.26,
            "Actual Rows": 5400,
            "Actual Loops": 1,
            "Inner Unique": true,
            "Hash Cond": "(ci.person_role_id = chn.id)",
            "Plans": [
              {
                "Node Type": "Hash Join",
                "Parent Relationship": "Outer",
                "Parallel Aware": false,
                "Join Type": "Inner",
                "Startup Cost": 10079451.34,
                "Total Cost": 10079452.44,
                "Plan Rows": 1,
                "Plan Width": 31,
                "Actual Startup Time": 112341.976,
                "Actual Total Time": 112409.651,
                "Actual Rows": 189738,
                "Actual Loops": 1,
                "Inner Unique": true,
                "Hash Cond": "(cc.status_id = cct2.id)",
                "Plans": [
                  {
                    "Node Type": "Hash Join",
                    "Parent Relationship": "Outer",
                    "Parallel Aware": false,
                    "Join Type": "Inner",
                    "Startup Cost": 10079450.28,
                    "Total Cost": 10079451.38,
                    "Plan Rows": 1,
                    "Plan Width": 35,
                    "Actual Startup Time": 112341.914,
                    "Actual Total Time": 112386.968,
                    "Actual Rows": 189738,
                    "Actual Loops": 1,
                    "Inner Unique": true,
                    "Hash Cond": "(t.kind_id = kt.id)",
                    "Plans": [
                      {
                        "Node Type": "Hash Join",
                        "Parent Relationship": "Outer",
                        "Parallel Aware": false,
                        "Join Type": "Inner",
                        "Startup Cost": 10079449.18,
                        "Total Cost": 10079450.27,
                        "Plan Rows": 3,
                        "Plan Width": 39,
                        "Actual Startup Time": 112341.839,
                        "Actual Total Time": 112363.033,
                        "Actual Rows": 204714,
                        "Actual Loops": 1,
                        "Inner Unique": false,
                        "Hash Cond": "(cct1.id = cc.subject_id)",
                        "Plans": [
                          {
                            "Node Type": "Seq Scan",
                            "Parent Relationship": "Outer",
                            "Parallel Aware": false,
                            "Relation Name": "comp_cast_type",
                            "Alias": "cct1",
                            "Startup Cost": 0.0,
                            "Total Cost": 1.05,
                            "Plan Rows": 1,
                            "Plan Width": 4,
                            "Actual Startup Time": 0.008,
                            "Actual Total Time": 0.015,
                            "Actual Rows": 1,
                            "Actual Loops": 1,
                            "Filter": "((kind)::text = 'cast'::text)",
                            "Rows Removed by Filter": 3
                          },
                          {
                            "Node Type": "Hash",
                            "Parent Relationship": "Inner",
                            "Parallel Aware": false,
                            "Startup Cost": 10079449.03,
                            "Total Cost": 10079449.03,
                            "Plan Rows": 12,
                            "Plan Width": 43,
                            "Actual Startup Time": 112341.772,
                            "Actual Total Time": 112341.797,
                            "Actual Rows": 244072,
                            "Actual Loops": 1,
                            "Hash Buckets": 262144,
                            "Original Hash Buckets": 1024,
                            "Hash Batches": 1,
                            "Original Hash Batches": 1,
                            "Peak Memory Usage": 18999,
                            "Plans": [
                              {
                                "Node Type": "Hash Join",
                                "Parent Relationship": "Outer",
                                "Parallel Aware": false,
                                "Join Type": "Inner",
                                "Startup Cost": 1322665.83,
                                "Total Cost": 10079449.03,
                                "Plan Rows": 12,
                                "Plan Width": 43,
                                "Actual Startup Time": 19260.078,
                                "Actual Total Time": 112265.873,
                                "Actual Rows": 244072,
                                "Actual Loops": 1,
                                "Inner Unique": true,
                                "Hash Cond": "(mk.movie_id = t.id)",
                                "Plans": [
                                  {
                                    "Node Type": "Hash Join",
                                    "Parent Relationship": "Outer",
                                    "Parallel Aware": false,
                                    "Join Type": "Inner",
                                    "Startup Cost": 1237686.63,
                                    "Total Cost": 9994469.77,
                                    "Plan Rows": 22,
                                    "Plan Width": 38,
                                    "Actual Startup Time": 17976.796,
                                    "Actual Total Time": 110911.56,
                                    "Actual Rows": 697533,
                                    "Actual Loops": 1,
                                    "Inner Unique": true,
                                    "Hash Cond": "(mk.keyword_id = k.id)",
                                    "Plans": [
                                      {
                                        "Node Type": "Hash Join",
                                        "Parent Relationship": "Outer",
                                        "Parallel Aware": false,
                                        "Join Type": "Inner",
                                        "Startup Cost": 1233718.68,
                                        "Total Cost": 9989723.05,
                                        "Plan Rows": 296666,
                                        "Plan Width": 42,
                                        "Actual Startup Time": 17934.617,
                                        "Actual Total Time": 103720.259,
                                        "Actual Rows": 155880794,
                                        "Actual Loops": 1,
                                        "Inner Unique": true,
                                        "Hash Cond": "(mi_idx.info_type_id = it2.id)",
                                        "Plans": [
                                          {
                                            "Node Type": "Hash Join",
                                            "Parent Relationship": "Outer",
                                            "Parallel Aware": false,
                                            "Join Type": "Inner",
                                            "Startup Cost": 1233716.25,
                                            "Total Cost": 9898422.26,
                                            "Plan Rows": 33523037,
                                            "Plan Width": 46,
                                            "Actual Startup Time": 17934.521,
                                            "Actual Total Time": 67340.046,
                                            "Actual Rows": 475794122,
                                            "Actual Loops": 1,
                                            "Inner Unique": false,
                                            "Hash Cond": "(ci.movie_id = mk.movie_id)",
                                            "Plans": [
                                              {
                                                "Node Type": "Hash Join",
                                                "Parent Relationship": "Outer",
                                                "Parallel Aware": false,
                                                "Join Type": "Inner",
                                                "Startup Cost": 1107473.83,
                                                "Total Cost": 1289224.48,
                                                "Plan Rows": 7186527,
                                                "Plan Width": 38,
                                                "Actual Startup Time": 16548.425,
                                                "Actual Total Time": 19699.81,
                                                "Actual Rows": 12861479,
                                                "Actual Loops": 1,
                                                "Inner Unique": false,
                                                "Hash Cond": "(cc.movie_id = ci.movie_id)",
                                                "Plans": [
                                                  {
                                                    "Node Type": "Hash Join",
                                                    "Parent Relationship": "Outer",
                                                    "Parallel Aware": false,
                                                    "Join Type": "Inner",
                                                    "Startup Cost": 38985.79,
                                                    "Total Cost": 46045.54,
                                                    "Plan Rows": 413361,
                                                    "Plan Width": 26,
                                                    "Actual Startup Time": 433.14,
                                                    "Actual Total Time": 616.719,
                                                    "Actual Rows": 286599,
                                                    "Actual Loops": 1,
                                                    "Inner Unique": false,
                                                    "Hash Cond": "(cc.movie_id = mi_idx.movie_id)",
                                                    "Plans": [
                                                      {
                                                        "Node Type": "Seq Scan",
                                                        "Parent Relationship": "Outer",
                                                        "Parallel Aware": false,
                                                        "Relation Name": "complete_cast",
                                                        "Alias": "cc",
                                                        "Startup Cost": 0.0,
                                                        "Total Cost": 2081.86,
                                                        "Plan Rows": 135086,
                                                        "Plan Width": 12,
                                                        "Actual Startup Time": 0.018,
                                                        "Actual Total Time": 23.564,
                                                        "Actual Rows": 135086,
                                                        "Actual Loops": 1
                                                      },
                                                      {
                                                        "Node Type": "Hash",
                                                        "Parent Relationship": "Inner",
                                                        "Parallel Aware": false,
                                                        "Startup Cost": 21735.35,
                                                        "Total Cost": 21735.35,
                                                        "Plan Rows": 1380035,
                                                        "Plan Width": 14,
                                                        "Actual Startup Time": 424.091,
                                                        "Actual Total Time": 424.092,
                                                        "Actual Rows": 1380035,
                                                        "Actual Loops": 1,
                                                        "Hash Buckets": 2097152,
                                                        "Original Hash Buckets": 2097152,
                                                        "Hash Batches": 1,
                                                        "Original Hash Batches": 1,
                                                        "Peak Memory Usage": 79357,
                                                        "Plans": [
                                                          {
                                                            "Node Type": "Seq Scan",
                                                            "Parent Relationship": "Outer",
                                                            "Parallel Aware": false,
                                                            "Relation Name": "movie_info_idx",
                                                            "Alias": "mi_idx",
                                                            "Startup Cost": 0.0,
                                                            "Total Cost": 21735.35,
                                                            "Plan Rows": 1380035,
                                                            "Plan Width": 14,
                                                            "Actual Startup Time": 0.025,
                                                            "Actual Total Time": 157.696,
                                                            "Actual Rows": 1380035,
                                                            "Actual Loops": 1
                                                          }
                                                        ]
                                                      }
                                                    ]
                                                  },
                                                  {
                                                    "Node Type": "Hash",
                                                    "Parent Relationship": "Inner",
                                                    "Parallel Aware": false,
                                                    "Startup Cost": 615265.24,
                                                    "Total Cost": 615265.24,
                                                    "Plan Rows": 36257824,
                                                    "Plan Width": 12,
                                                    "Actual Startup Time": 15742.101,
                                                    "Actual Total Time": 15742.102,
                                                    "Actual Rows": 36244344,
                                                    "Actual Loops": 1,
                                                    "Hash Buckets": 67108864,
                                                    "Original Hash Buckets": 67108864,
                                                    "Hash Batches": 1,
                                                    "Original Hash Batches": 1,
                                                    "Peak Memory Usage": 2008722,
                                                    "Plans": [
                                                      {
                                                        "Node Type": "Seq Scan",
                                                        "Parent Relationship": "Outer",
                                                        "Parallel Aware": false,
                                                        "Relation Name": "cast_info",
                                                        "Alias": "ci",
                                                        "Startup Cost": 0.0,
                                                        "Total Cost": 615265.24,
                                                        "Plan Rows": 36257824,
                                                        "Plan Width": 12,
                                                        "Actual Startup Time": 0.059,
                                                        "Actual Total Time": 4173.814,
                                                        "Actual Rows": 36244344,
                                                        "Actual Loops": 1
                                                      }
                                                    ]
                                                  }
                                                ]
                                              },
                                              {
                                                "Node Type": "Hash",
                                                "Parent Relationship": "Inner",
                                                "Parallel Aware": false,
                                                "Startup Cost": 69693.3,
                                                "Total Cost": 69693.3,
                                                "Plan Rows": 4523930,
                                                "Plan Width": 8,
                                                "Actual Startup Time": 1330.793,
                                                "Actual Total Time": 1330.793,
                                                "Actual Rows": 4523930,
                                                "Actual Loops": 1,
                                                "Hash Buckets": 8388608,
                                                "Original Hash Buckets": 8388608,
                                                "Hash Batches": 1,
                                                "Original Hash Batches": 1,
                                                "Peak Memory Usage": 242253,
                                                "Plans": [
                                                  {
                                                    "Node Type": "Seq Scan",
                                                    "Parent Relationship": "Outer",
                                                    "Parallel Aware": false,
                                                    "Relation Name": "movie_keyword",
                                                    "Alias": "mk",
                                                    "Startup Cost": 0.0,
                                                    "Total Cost": 69693.3,
                                                    "Plan Rows": 4523930,
                                                    "Plan Width": 8,
                                                    "Actual Startup Time": 0.045,
                                                    "Actual Total Time": 544.752,
                                                    "Actual Rows": 4523930,
                                                    "Actual Loops": 1
                                                  }
                                                ]
                                              }
                                            ]
                                          },
                                          {
                                            "Node Type": "Hash",
                                            "Parent Relationship": "Inner",
                                            "Parallel Aware": false,
                                            "Startup Cost": 2.41,
                                            "Total Cost": 2.41,
                                            "Plan Rows": 1,
                                            "Plan Width": 4,
                                            "Actual Startup Time": 0.056,
                                            "Actual Total Time": 0.057,
                                            "Actual Rows": 1,
                                            "Actual Loops": 1,
                                            "Hash Buckets": 1024,
                                            "Original Hash Buckets": 1024,
                                            "Hash Batches": 1,
                                            "Original Hash Batches": 1,
                                            "Peak Memory Usage": 9,
                                            "Plans": [
                                              {
                                                "Node Type": "Seq Scan",
                                                "Parent Relationship": "Outer",
                                                "Parallel Aware": false,
                                                "Relation Name": "info_type",
                                                "Alias": "it2",
                                                "Startup Cost": 0.0,
                                                "Total Cost": 2.41,
                                                "Plan Rows": 1,
                                                "Plan Width": 4,
                                                "Actual Startup Time": 0.041,
                                                "Actual Total Time": 0.043,
                                                "Actual Rows": 1,
                                                "Actual Loops": 1,
                                                "Filter": "((info)::text = 'rating'::text)",
                                                "Rows Removed by Filter": 112
                                              }
                                            ]
                                          }
                                        ]
                                      },
                                      {
                                        "Node Type": "Hash",
                                        "Parent Relationship": "Inner",
                                        "Parallel Aware": false,
                                        "Startup Cost": 3967.82,
                                        "Total Cost": 3967.82,
                                        "Plan Rows": 10,
                                        "Plan Width": 4,
                                        "Actual Startup Time": 41.473,
                                        "Actual Total Time": 41.474,
                                        "Actual Rows": 10,
                                        "Actual Loops": 1,
                                        "Hash Buckets": 1024,
                                        "Original Hash Buckets": 1024,
                                        "Hash Batches": 1,
                                        "Original Hash Batches": 1,
                                        "Peak Memory Usage": 9,
                                        "Plans": [
                                          {
                                            "Node Type": "Seq Scan",
                                            "Parent Relationship": "Outer",
                                            "Parallel Aware": false,
                                            "Relation Name": "keyword",
                                            "Alias": "k",
                                            "Startup Cost": 0.0,
                                            "Total Cost": 3967.82,
                                            "Plan Rows": 10,
                                            "Plan Width": 4,
                                            "Actual Startup Time": 0.173,
                                            "Actual Total Time": 41.459,
                                            "Actual Rows": 10,
                                            "Actual Loops": 1,
                                            "Filter": "(keyword = ANY ('{superhero,marvel-comics,based-on-comic,tv-special,fight,violence,magnet,web,claw,laser}'::text[]))",
                                            "Rows Removed by Filter": 134160
                                          }
                                        ]
                                      }
                                    ]
                                  },
                                  {
                                    "Node Type": "Hash",
                                    "Parent Relationship": "Inner",
                                    "Parallel Aware": false,
                                    "Startup Cost": 67604.36,
                                    "Total Cost": 67604.36,
                                    "Plan Rows": 1389987,
                                    "Plan Width": 25,
                                    "Actual Startup Time": 1271.038,
                                    "Actual Total Time": 1271.039,
                                    "Actual Rows": 1381453,
                                    "Actual Loops": 1,
                                    "Hash Buckets": 2097152,
                                    "Original Hash Buckets": 2097152,
                                    "Hash Batches": 1,
                                    "Original Hash Batches": 1,
                                    "Peak Memory Usage": 95777,
                                    "Plans": [
                                      {
                                        "Node Type": "Seq Scan",
                                        "Parent Relationship": "Outer",
                                        "Parallel Aware": false,
                                        "Relation Name": "title",
                                        "Alias": "t",
                                        "Startup Cost": 0.0,
                                        "Total Cost": 67604.36,
                                        "Plan Rows": 1389987,
                                        "Plan Width": 25,
                                        "Actual Startup Time": 0.024,
                                        "Actual Total Time": 580.424,
                                        "Actual Rows": 1381453,
                                        "Actual Loops": 1,
                                        "Filter": "(production_year > 2000)",
                                        "Rows Removed by Filter": 1146859
                                      }
                                    ]
                                  }
                                ]
                              }
                            ]
                          }
                        ]
                      },
                      {
                        "Node Type": "Hash",
                        "Parent Relationship": "Inner",
                        "Parallel Aware": false,
                        "Startup Cost": 1.09,
                        "Total Cost": 1.09,
                        "Plan Rows": 1,
                        "Plan Width": 4,
                        "Actual Startup Time": 0.026,
                        "Actual Total Time": 0.027,
                        "Actual Rows": 1,
                        "Actual Loops": 1,
                        "Hash Buckets": 1024,
                        "Original Hash Buckets": 1024,
                        "Hash Batches": 1,
                        "Original Hash Batches": 1,
                        "Peak Memory Usage": 9,
                        "Plans": [
                          {
                            "Node Type": "Seq Scan",
                            "Parent Relationship": "Outer",
                            "Parallel Aware": false,
                            "Relation Name": "kind_type",
                            "Alias": "kt",
                            "Startup Cost": 0.0,
                            "Total Cost": 1.09,
                            "Plan Rows": 1,
                            "Plan Width": 4,
                            "Actual Startup Time": 0.019,
                            "Actual Total Time": 0.02,
                            "Actual Rows": 1,
                            "Actual Loops": 1,
                            "Filter": "((kind)::text = 'movie'::text)",
                            "Rows Removed by Filter": 6
                          }
                        ]
                      }
                    ]
                  },
                  {
                    "Node Type": "Hash",
                    "Parent Relationship": "Inner",
                    "Parallel Aware": false,
                    "Startup Cost": 1.05,
                    "Total Cost": 1.05,
                    "Plan Rows": 1,
                    "Plan Width": 4,
                    "Actual Startup Time": 0.024,
                    "Actual Total Time": 0.025,
                    "Actual Rows": 2,
                    "Actual Loops": 1,
                    "Hash Buckets": 1024,
                    "Original Hash Buckets": 1024,
                    "Hash Batches": 1,
                    "Original Hash Batches": 1,
                    "Peak Memory Usage": 9,
                    "Plans": [
                      {
                        "Node Type": "Seq Scan",
                        "Parent Relationship": "Outer",
                        "Parallel Aware": false,
                        "Relation Name": "comp_cast_type",
                        "Alias": "cct2",
                        "Startup Cost": 0.0,
                        "Total Cost": 1.05,
                        "Plan Rows": 1,
                        "Plan Width": 4,
                        "Actual Startup Time": 0.015,
                        "Actual Total Time": 0.017,
                        "Actual Rows": 2,
                        "Actual Loops": 1,
                        "Filter": "((kind)::text ~~ '%complete%'::text)",
                        "Rows Removed by Filter": 2
                      }
                    ]
                  }
                ]
              },
              {
                "Node Type": "Hash",
                "Parent Relationship": "Inner",
                "Parallel Aware": false,
                "Startup Cost": 77515.35,
                "Total Cost": 77515.35,
                "Plan Rows": 282914,
                "Plan Width": 20,
                "Actual Startup Time": 251.577,
                "Actual Total Time": 251.738,
                "Actual Rows": 180152,
                "Actual Loops": 1,
                "Hash Buckets": 524288,
                "Original Hash Buckets": 524288,
                "Hash Batches": 1,
                "Original Hash Batches": 1,
                "Peak Memory Usage": 14028,
                "Plans": [
                  {
                    "Node Type": "Gather",
                    "Parent Relationship": "Outer",
                    "Parallel Aware": false,
                    "Startup Cost": 1000.0,
                    "Total Cost": 77515.35,
                    "Plan Rows": 282914,
                    "Plan Width": 20,
                    "Actual Startup Time": 1.349,
                    "Actual Total Time": 189.125,
                    "Actual Rows": 180152,
                    "Actual Loops": 1,
                    "Workers Planned": 4,
                    "Workers Launched": 4,
                    "Single Copy": false,
                    "Plans": [
                      {
                        "Node Type": "Seq Scan",
                        "Parent Relationship": "Outer",
                        "Parallel Aware": true,
                        "Relation Name": "char_name",
                        "Alias": "chn",
                        "Startup Cost": 0.0,
                        "Total Cost": 48223.94,
                        "Plan Rows": 70728,
                        "Plan Width": 20,
                        "Actual Startup Time": 0.088,
                        "Actual Total Time": 207.774,
                        "Actual Rows": 36030,
                        "Actual Loops": 5,
                        "Filter": "((name IS NOT NULL) AND ((name ~~ '%man%'::text) OR (name ~~ '%Man%'::text)))",
                        "Rows Removed by Filter": 592037
                      }
                    ]
                  }
                ]
              }
            ]
          },
          {
            "Node Type": "Hash",
            "Parent Relationship": "Inner",
            "Parallel Aware": false,
            "Startup Cost": 97286.77,
            "Total Cost": 97286.77,
            "Plan Rows": 4167377,
            "Plan Width": 4,
            "Actual Startup Time": 2146.184,
            "Actual Total Time": 2146.185,
            "Actual Rows": 4167491,
            "Actual Loops": 1,
            "Hash Buckets": 4194304,
            "Original Hash Buckets": 4194304,
            "Hash Batches": 1,
            "Original Hash Batches": 1,
            "Peak Memory Usage": 179282,
            "Plans": [
              {
                "Node Type": "Seq Scan",
                "Parent Relationship": "Outer",
                "Parallel Aware": false,
                "Relation Name": "name",
                "Alias": "n",
                "Startup Cost": 0.0,
                "Total Cost": 97286.77,
                "Plan Rows": 4167377,
                "Plan Width": 4,
                "Actual Startup Time": 0.085,
                "Actual Total Time": 738.607,
                "Actual Rows": 4167491,
                "Actual Loops": 1
              }
            ]
          }
        ]
      }
    ]
  },
  "Planning Time": 69.83,
  "Triggers": [],
  "Execution Time": 114945.994
}