[
  {
    "Plan": {
      "Node Type": "Aggregate",
      "Strategy": "Plain",
      "Partial Mode": "Finalize",
      "Parallel Aware": false,
      "Startup Cost": 25722.55,
      "Total Cost": 25722.56,
      "Plan Rows": 1,
      "Plan Width": 8,
      "Actual Startup Time": 80.172,
      "Actual Total Time": 86.188,
      "Actual Rows": 1,
      "Actual Loops": 1,
      "Plans": [
        {
          "Node Type": "Gather",
          "Parent Relationship": "Outer",
          "Parallel Aware": false,
          "Startup Cost": 25722.24,
          "Total Cost": 25722.55,
          "Plan Rows": 3,
          "Plan Width": 8,
          "Actual Startup Time": 79.831,
          "Actual Total Time": 86.179,
          "Actual Rows": 4,
          "Actual Loops": 1,
          "Workers Planned": 3,
          "Workers Launched": 3,
          "Single Copy": false,
          "Plans": [
            {
              "Node Type": "Aggregate",
              "Strategy": "Plain",
              "Partial Mode": "Partial",
              "Parent Relationship": "Outer",
              "Parallel Aware": false,
              "Startup Cost": 24722.24,
              "Total Cost": 24722.25,
              "Plan Rows": 1,
              "Plan Width": 8,
              "Actual Startup Time": 71.558,
              "Actual Total Time": 71.559,
              "Actual Rows": 1,
              "Actual Loops": 4,
              "Plans": [
                {
                  "Node Type": "Bitmap Heap Scan",
                  "Parent Relationship": "Outer",
                  "Parallel Aware": true,
                  "Relation Name": "movie_companies",
                  "Alias": "mc",
                  "Startup Cost": 4849.93,
                  "Total Cost": 24541.85,
                  "Plan Rows": 72154,
                  "Plan Width": 0,
                  "Actual Startup Time": 24.539,
                  "Actual Total Time": 67.11,
                  "Actual Rows": 55971,
                  "Actual Loops": 4,
                  "Recheck Cond": "(company_id < 82)",
                  "Rows Removed by Index Recheck": 0,
                  "Exact Heap Blocks": 10732,
                  "Lossy Heap Blocks": 0,
                  "Plans": [
                    {
                      "Node Type": "Bitmap Index Scan",
                      "Parent Relationship": "Outer",
                      "Parallel Aware": false,
                      "Index Name": "company_id_movie_companies",
                      "Startup Cost": 0.0,
                      "Total Cost": 4794.01,
                      "Plan Rows": 223677,
                      "Plan Width": 0,
                      "Actual Startup Time": 27.817,
                      "Actual Total Time": 27.817,
                      "Actual Rows": 223883,
                      "Actual Loops": 1,
                      "Index Cond": "(company_id < 82)"
                    }
                  ]
                }
              ]
            }
          ]
        }
      ]
    },
    "Planning Time": 0.157,
    "Triggers": [],
    "Execution Time": 86.254
  }
]