{
  "Plan": {
    "Node Type": "Aggregate",
    "Strategy": "Plain",
    "Partial Mode": "Finalize",
    "Parallel Aware": false,
    "Startup Cost": 120769.63,
    "Total Cost": 120769.64,
    "Plan Rows": 1,
    "Plan Width": 8,
    "Actual Startup Time": 550.566,
    "Actual Total Time": 564.532,
    "Actual Rows": 1,
    "Actual Loops": 1,
    "Plans": [
      {
        "Node Type": "Gather",
        "Parent Relationship": "Outer",
        "Parallel Aware": false,
        "Startup Cost": 120769.52,
        "Total Cost": 120769.63,
        "Plan Rows": 1,
        "Plan Width": 8,
        "Actual Startup Time": 549.155,
        "Actual Total Time": 564.525,
        "Actual Rows": 2,
        "Actual Loops": 1,
        "Workers Planned": 1,
        "Workers Launched": 1,
        "Single Copy": false,
        "Plans": [
          {
            "Node Type": "Aggregate",
            "Strategy": "Plain",
            "Partial Mode": "Partial",
            "Parent Relationship": "Outer",
            "Parallel Aware": false,
            "Startup Cost": 119769.52,
            "Total Cost": 119769.53,
            "Plan Rows": 1,
            "Plan Width": 8,
            "Actual Startup Time": 543.185,
            "Actual Total Time": 543.189,
            "Actual Rows": 1,
            "Actual Loops": 2,
            "Plans": [
              {
                "Node Type": "Hash Join",
                "Parent Relationship": "Outer",
                "Parallel Aware": true,
                "Join Type": "Inner",
                "Startup Cost": 85916.28,
                "Total Cost": 119262.93,
                "Plan Rows": 202636,
                "Plan Width": 0,
                "Actual Startup Time": 362.439,
                "Actual Total Time": 540.618,
                "Actual Rows": 46041,
                "Actual Loops": 2,
                "Inner Unique": true,
                "Hash Cond": "(mk.movie_id = t.id)",
                "Plans": [
                  {
                    "Node Type": "Bitmap Heap Scan",
                    "Parent Relationship": "Outer",
                    "Parallel Aware": true,
                    "Relation Name": "movie_keyword",
                    "Alias": "mk",
                    "Startup Cost": 21202.59,
                    "Total Cost": 53005.88,
                    "Plan Rows": 587944,
                    "Plan Width": 4,
                    "Actual Startup Time": 68.055,
                    "Actual Total Time": 168.858,
                    "Actual Rows": 497027,
                    "Actual Loops": 2,
                    "Recheck Cond": "(keyword_id > 18607)",
                    "Rows Removed by Index Recheck": 0,
                    "Exact Heap Blocks": 13730,
                    "Lossy Heap Blocks": 0,
                    "Plans": [
                      {
                        "Node Type": "Bitmap Index Scan",
                        "Parent Relationship": "Outer",
                        "Parallel Aware": false,
                        "Index Name": "keyword_id_movie_keyword",
                        "Startup Cost": 0.0,
                        "Total Cost": 20952.71,
                        "Plan Rows": 999504,
                        "Plan Width": 0,
                        "Actual Startup Time": 64.42,
                        "Actual Total Time": 64.421,
                        "Actual Rows": 994054,
                        "Actual Loops": 1,
                        "Index Cond": "(keyword_id > 18607)"
                      }
                    ]
                  },
                  {
                    "Node Type": "Hash",
                    "Parent Relationship": "Inner",
                    "Parallel Aware": true,
                    "Startup Cost": 58306.47,
                    "Total Cost": 58306.47,
                    "Plan Rows": 512578,
                    "Plan Width": 4,
                    "Actual Startup Time": 285.247,
                    "Actual Total Time": 285.248,
                    "Actual Rows": 400756,
                    "Actual Loops": 2,
                    "Hash Buckets": 1048576,
                    "Original Hash Buckets": 1048576,
                    "Hash Batches": 1,
                    "Original Hash Batches": 1,
                    "Peak Memory Usage": 39552,
                    "Plans": [
                      {
                        "Node Type": "Seq Scan",
                        "Parent Relationship": "Outer",
                        "Parallel Aware": true,
                        "Relation Name": "title",
                        "Alias": "t",
                        "Startup Cost": 0.0,
                        "Total Cost": 58306.47,
                        "Plan Rows": 512578,
                        "Plan Width": 4,
                        "Actual Startup Time": 0.037,
                        "Actual Total Time": 163.76,
                        "Actual Rows": 400756,
                        "Actual Loops": 2,
                        "Filter": "((production_year < 2006) AND (kind_id = 7))",
                        "Rows Removed by Filter": 863400
                      }
                    ]
                  }
                ]
              }
            ]
          }
        ]
      }
    ]
  },
  "Planning Time": 0.517,
  "Triggers": [],
  "Execution Time": 564.626
}