[
  {
    "Plan": {
      "Node Type": "Aggregate",
      "Strategy": "Plain",
      "Partial Mode": "Finalize",
      "Parallel Aware": false,
      "Startup Cost": 345670.47,
      "Total Cost": 345670.48,
      "Plan Rows": 1,
      "Plan Width": 8,
      "Actual Startup Time": 720.853,
      "Actual Total Time": 785.095,
      "Actual Rows": 1,
      "Actual Loops": 1,
      "Plans": [
        {
          "Node Type": "Gather",
          "Parent Relationship": "Outer",
          "Parallel Aware": false,
          "Startup Cost": 345669.85,
          "Total Cost": 345670.46,
          "Plan Rows": 6,
          "Plan Width": 8,
          "Actual Startup Time": 720.726,
          "Actual Total Time": 785.085,
          "Actual Rows": 7,
          "Actual Loops": 1,
          "Workers Planned": 6,
          "Workers Launched": 6,
          "Single Copy": false,
          "Plans": [
            {
              "Node Type": "Aggregate",
              "Strategy": "Plain",
              "Partial Mode": "Partial",
              "Parent Relationship": "Outer",
              "Parallel Aware": false,
              "Startup Cost": 344669.85,
              "Total Cost": 344669.86,
              "Plan Rows": 1,
              "Plan Width": 8,
              "Actual Startup Time": 710.869,
              "Actual Total Time": 710.87,
              "Actual Rows": 1,
              "Actual Loops": 7,
              "Plans": [
                {
                  "Node Type": "Seq Scan",
                  "Parent Relationship": "Outer",
                  "Parallel Aware": true,
                  "Relation Name": "cast_info",
                  "Alias": "ci",
                  "Startup Cost": 0.0,
                  "Total Cost": 343257.03,
                  "Plan Rows": 565128,
                  "Plan Width": 0,
                  "Actual Startup Time": 0.055,
                  "Actual Total Time": 675.073,
                  "Actual Rows": 657453,
                  "Actual Loops": 7,
                  "Filter": "((person_id < 616156) AND (role_id < 3))",
                  "Rows Removed by Filter": 4520310
                }
              ]
            }
          ]
        }
      ]
    },
    "Planning Time": 0.217,
    "Triggers": [],
    "Execution Time": 785.163
  }
]