{
  "Plan": {
    "Node Type": "Aggregate",
    "Strategy": "Plain",
    "Partial Mode": "Finalize",
    "Parallel Aware": false,
    "Startup Cost": 17255.47,
    "Total Cost": 17255.48,
    "Plan Rows": 1,
    "Plan Width": 8,
    "Actual Startup Time": 65.65,
    "Actual Total Time": 77.052,
    "Actual Rows": 1,
    "Actual Loops": 1,
    "Plans": [
      {
        "Node Type": "Gather",
        "Parent Relationship": "Outer",
        "Parallel Aware": false,
        "Startup Cost": 17255.36,
        "Total Cost": 17255.47,
        "Plan Rows": 1,
        "Plan Width": 8,
        "Actual Startup Time": 65.539,
        "Actual Total Time": 77.046,
        "Actual Rows": 2,
        "Actual Loops": 1,
        "Workers Planned": 1,
        "Workers Launched": 1,
        "Single Copy": false,
        "Plans": [
          {
            "Node Type": "Aggregate",
            "Strategy": "Plain",
            "Partial Mode": "Partial",
            "Parent Relationship": "Outer",
            "Parallel Aware": false,
            "Startup Cost": 16255.36,
            "Total Cost": 16255.37,
            "Plan Rows": 1,
            "Plan Width": 8,
            "Actual Startup Time": 59.405,
            "Actual Total Time": 59.406,
            "Actual Rows": 1,
            "Actual Loops": 2,
            "Plans": [
              {
                "Node Type": "Nested Loop",
                "Parent Relationship": "Outer",
                "Parallel Aware": false,
                "Join Type": "Inner",
                "Startup Cost": 44.71,
                "Total Cost": 16248.65,
                "Plan Rows": 2683,
                "Plan Width": 0,
                "Actual Startup Time": 2.289,
                "Actual Total Time": 58.021,
                "Actual Rows": 15216,
                "Actual Loops": 2,
                "Inner Unique": false,
                "Plans": [
                  {
                    "Node Type": "Nested Loop",
                    "Parent Relationship": "Outer",
                    "Parallel Aware": false,
                    "Join Type": "Inner",
                    "Startup Cost": 44.27,
                    "Total Cost": 15118.48,
                    "Plan Rows": 459,
                    "Plan Width": 8,
                    "Actual Startup Time": 2.144,
                    "Actual Total Time": 24.644,
                    "Actual Rows": 1094,
                    "Actual Loops": 2,
                    "Inner Unique": true,
                    "Plans": [
                      {
                        "Node Type": "Bitmap Heap Scan",
                        "Parent Relationship": "Outer",
                        "Parallel Aware": true,
                        "Relation Name": "movie_companies",
                        "Alias": "mc",
                        "Startup Cost": 43.84,
                        "Total Cost": 5820.22,
                        "Plan Rows": 1170,
                        "Plan Width": 4,
                        "Actual Startup Time": 1.846,
                        "Actual Total Time": 5.978,
                        "Actual Rows": 2356,
                        "Actual Loops": 2,
                        "Recheck Cond": "(company_id < 6)",
                        "Rows Removed by Index Recheck": 0,
                        "Exact Heap Blocks": 1446,
                        "Lossy Heap Blocks": 0,
                        "Plans": [
                          {
                            "Node Type": "Bitmap Index Scan",
                            "Parent Relationship": "Outer",
                            "Parallel Aware": false,
                            "Index Name": "company_id_movie_companies",
                            "Startup Cost": 0.0,
                            "Total Cost": 43.35,
                            "Plan Rows": 1989,
                            "Plan Width": 0,
                            "Actual Startup Time": 2.705,
                            "Actual Total Time": 2.705,
                            "Actual Rows": 4712,
                            "Actual Loops": 1,
                            "Index Cond": "(company_id < 6)"
                          }
                        ]
                      },
                      {
                        "Node Type": "Index Scan",
                        "Parent Relationship": "Inner",
                        "Parallel Aware": false,
                        "Scan Direction": "Forward",
                        "Index Name": "title_pkey",
                        "Relation Name": "title",
                        "Alias": "t",
                        "Startup Cost": 0.43,
                        "Total Cost": 7.95,
                        "Plan Rows": 1,
                        "Plan Width": 4,
                        "Actual Startup Time": 0.007,
                        "Actual Total Time": 0.007,
                        "Actual Rows": 0,
                        "Actual Loops": 4712,
                        "Index Cond": "(id = mc.movie_id)",
                        "Rows Removed by Index Recheck": 0,
                        "Filter": "(kind_id < 7)",
                        "Rows Removed by Filter": 1
                      }
                    ]
                  },
                  {
                    "Node Type": "Index Only Scan",
                    "Parent Relationship": "Inner",
                    "Parallel Aware": false,
                    "Scan Direction": "Forward",
                    "Index Name": "movie_id_movie_info",
                    "Relation Name": "movie_info",
                    "Alias": "mi",
                    "Startup Cost": 0.43,
                    "Total Cost": 2.04,
                    "Plan Rows": 42,
                    "Plan Width": 4,
                    "Actual Startup Time": 0.011,
                    "Actual Total Time": 0.028,
                    "Actual Rows": 14,
                    "Actual Loops": 2189,
                    "Index Cond": "(movie_id = t.id)",
                    "Rows Removed by Index Recheck": 0,
                    "Heap Fetches": 30431
                  }
                ]
              }
            ]
          }
        ]
      }
    ]
  },
  "Planning Time": 1.174,
  "Triggers": [],
  "Execution Time": 77.147
}