[
  {
    "Plan": {
      "Node Type": "Aggregate",
      "Strategy": "Plain",
      "Partial Mode": "Finalize",
      "Parallel Aware": false,
      "Startup Cost": 40992.8,
      "Total Cost": 40992.81,
      "Plan Rows": 1,
      "Plan Width": 8,
      "Actual Startup Time": 119.22,
      "Actual Total Time": 130.237,
      "Actual Rows": 1,
      "Actual Loops": 1,
      "Plans": [
        {
          "Node Type": "Gather",
          "Parent Relationship": "Outer",
          "Parallel Aware": false,
          "Startup Cost": 40992.49,
          "Total Cost": 40992.8,
          "Plan Rows": 3,
          "Plan Width": 8,
          "Actual Startup Time": 118.161,
          "Actual Total Time": 130.231,
          "Actual Rows": 4,
          "Actual Loops": 1,
          "Workers Planned": 3,
          "Workers Launched": 3,
          "Single Copy": false,
          "Plans": [
            {
              "Node Type": "Aggregate",
              "Strategy": "Plain",
              "Partial Mode": "Partial",
              "Parent Relationship": "Outer",
              "Parallel Aware": false,
              "Startup Cost": 39992.49,
              "Total Cost": 39992.5,
              "Plan Rows": 1,
              "Plan Width": 8,
              "Actual Startup Time": 108.528,
              "Actual Total Time": 108.532,
              "Actual Rows": 1,
              "Actual Loops": 4,
              "Plans": [
                {
                  "Node Type": "Nested Loop",
                  "Parent Relationship": "Outer",
                  "Parallel Aware": false,
                  "Join Type": "Inner",
                  "Startup Cost": 10388.24,
                  "Total Cost": 39989.95,
                  "Plan Rows": 1016,
                  "Plan Width": 0,
                  "Actual Startup Time": 60.564,
                  "Actual Total Time": 108.228,
                  "Actual Rows": 2286,
                  "Actual Loops": 4,
                  "Inner Unique": true,
                  "Plans": [
                    {
                      "Node Type": "Hash Join",
                      "Parent Relationship": "Outer",
                      "Parallel Aware": true,
                      "Join Type": "Inner",
                      "Startup Cost": 10387.81,
                      "Total Cost": 35411.82,
                      "Plan Rows": 2602,
                      "Plan Width": 8,
                      "Actual Startup Time": 60.485,
                      "Actual Total Time": 88.114,
                      "Actual Rows": 2286,
                      "Actual Loops": 4,
                      "Inner Unique": false,
                      "Hash Cond": "(mk.movie_id = ci.movie_id)",
                      "Plans": [
                        {
                          "Node Type": "Bitmap Heap Scan",
                          "Parent Relationship": "Outer",
                          "Parallel Aware": true,
                          "Relation Name": "movie_keyword",
                          "Alias": "mk",
                          "Startup Cost": 1234.2,
                          "Total Cost": 25922.2,
                          "Plan Rows": 18721,
                          "Plan Width": 4,
                          "Actual Startup Time": 8.505,
                          "Actual Total Time": 30.129,
                          "Actual Rows": 13706,
                          "Actual Loops": 4,
                          "Recheck Cond": "(keyword_id < 55)",
                          "Rows Removed by Index Recheck": 0,
                          "Exact Heap Blocks": 8261,
                          "Lossy Heap Blocks": 0,
                          "Plans": [
                            {
                              "Node Type": "Bitmap Index Scan",
                              "Parent Relationship": "Outer",
                              "Parallel Aware": false,
                              "Index Name": "keyword_id_movie_keyword",
                              "Startup Cost": 0.0,
                              "Total Cost": 1219.69,
                              "Plan Rows": 58034,
                              "Plan Width": 0,
                              "Actual Startup Time": 6.054,
                              "Actual Total Time": 6.054,
                              "Actual Rows": 54826,
                              "Actual Loops": 1,
                              "Index Cond": "(keyword_id < 55)"
                            }
                          ]
                        },
                        {
                          "Node Type": "Hash",
                          "Parent Relationship": "Inner",
                          "Parallel Aware": true,
                          "Startup Cost": 8600.37,
                          "Total Cost": 8600.37,
                          "Plan Rows": 44259,
                          "Plan Width": 4,
                          "Actual Startup Time": 49.567,
                          "Actual Total Time": 49.568,
                          "Actual Rows": 60411,
                          "Actual Loops": 4,
                          "Hash Buckets": 262144,
                          "Original Hash Buckets": 262144,
                          "Hash Batches": 1,
                          "Original Hash Batches": 1,
                          "Peak Memory Usage": 11584,
                          "Plans": [
                            {
                              "Node Type": "Index Scan",
                              "Parent Relationship": "Outer",
                              "Parallel Aware": true,
                              "Scan Direction": "Forward",
                              "Index Name": "role_id_cast_info",
                              "Relation Name": "cast_info",
                              "Alias": "ci",
                              "Startup Cost": 0.56,
                              "Total Cost": 8600.37,
                              "Plan Rows": 44259,
                              "Plan Width": 4,
                              "Actual Startup Time": 0.168,
                              "Actual Total Time": 25.698,
                              "Actual Rows": 60411,
                              "Actual Loops": 4,
                              "Index Cond": "(role_id > 10)",
                              "Rows Removed by Index Recheck": 0,
                              "Filter": "(person_id > 1967178)",
                              "Rows Removed by Filter": 18619
                            }
                          ]
                        }
                      ]
                    },
                    {
                      "Node Type": "Index Only Scan",
                      "Parent Relationship": "Inner",
                      "Parallel Aware": false,
                      "Scan Direction": "Forward",
                      "Index Name": "title_pkey",
                      "Relation Name": "title",
                      "Alias": "t",
                      "Startup Cost": 0.43,
                      "Total Cost": 1.76,
                      "Plan Rows": 1,
                      "Plan Width": 4,
                      "Actual Startup Time": 0.008,
                      "Actual Total Time": 0.008,
                      "Actual Rows": 1,
                      "Actual Loops": 9146,
                      "Index Cond": "(id = ci.movie_id)",
                      "Rows Removed by Index Recheck": 0,
                      "Heap Fetches": 9146
                    }
                  ]
                }
              ]
            }
          ]
        }
      ]
    },
    "Planning Time": 1.401,
    "Triggers": [],
    "Execution Time": 130.337
  }
]