[
  {
    "Plan": {
      "Node Type": "Aggregate",
      "Strategy": "Plain",
      "Partial Mode": "Finalize",
      "Parallel Aware": false,
      "Startup Cost": 47288.92,
      "Total Cost": 47288.93,
      "Plan Rows": 1,
      "Plan Width": 8,
      "Actual Startup Time": 165.529,
      "Actual Total Time": 175.563,
      "Actual Rows": 1,
      "Actual Loops": 1,
      "Plans": [
        {
          "Node Type": "Gather",
          "Parent Relationship": "Outer",
          "Parallel Aware": false,
          "Startup Cost": 47288.61,
          "Total Cost": 47288.92,
          "Plan Rows": 3,
          "Plan Width": 8,
          "Actual Startup Time": 165.381,
          "Actual Total Time": 175.549,
          "Actual Rows": 4,
          "Actual Loops": 1,
          "Workers Planned": 3,
          "Workers Launched": 3,
          "Single Copy": false,
          "Plans": [
            {
              "Node Type": "Aggregate",
              "Strategy": "Plain",
              "Partial Mode": "Partial",
              "Parent Relationship": "Outer",
              "Parallel Aware": false,
              "Startup Cost": 46288.61,
              "Total Cost": 46288.62,
              "Plan Rows": 1,
              "Plan Width": 8,
              "Actual Startup Time": 161.825,
              "Actual Total Time": 161.826,
              "Actual Rows": 1,
              "Actual Loops": 4,
              "Plans": [
                {
                  "Node Type": "Seq Scan",
                  "Parent Relationship": "Outer",
                  "Parallel Aware": true,
                  "Relation Name": "movie_keyword",
                  "Alias": "mk",
                  "Startup Cost": 0.0,
                  "Total Cost": 42695.65,
                  "Plan Rows": 1437181,
                  "Plan Width": 0,
                  "Actual Startup Time": 0.025,
                  "Actual Total Time": 115.768,
                  "Actual Rows": 1113858,
                  "Actual Loops": 4,
                  "Filter": "(keyword_id < 91807)",
                  "Rows Removed by Filter": 17125
                }
              ]
            }
          ]
        }
      ]
    },
    "Planning Time": 0.159,
    "Triggers": [],
    "Execution Time": 175.599
  }
]