{
  "Plan": {
    "Node Type": "Aggregate",
    "Strategy": "Plain",
    "Partial Mode": "Finalize",
    "Parallel Aware": false,
    "Startup Cost": 93157.75,
    "Total Cost": 93157.76,
    "Plan Rows": 1,
    "Plan Width": 8,
    "Actual Startup Time": 484.508,
    "Actual Total Time": 501.616,
    "Actual Rows": 1,
    "Actual Loops": 1,
    "Plans": [
      {
        "Node Type": "Gather",
        "Parent Relationship": "Outer",
        "Parallel Aware": false,
        "Startup Cost": 93157.64,
        "Total Cost": 93157.75,
        "Plan Rows": 1,
        "Plan Width": 8,
        "Actual Startup Time": 482.146,
        "Actual Total Time": 501.608,
        "Actual Rows": 2,
        "Actual Loops": 1,
        "Workers Planned": 1,
        "Workers Launched": 1,
        "Single Copy": false,
        "Plans": [
          {
            "Node Type": "Aggregate",
            "Strategy": "Plain",
            "Partial Mode": "Partial",
            "Parent Relationship": "Outer",
            "Parallel Aware": false,
            "Startup Cost": 92157.64,
            "Total Cost": 92157.65,
            "Plan Rows": 1,
            "Plan Width": 8,
            "Actual Startup Time": 473.903,
            "Actual Total Time": 473.907,
            "Actual Rows": 1,
            "Actual Loops": 2,
            "Plans": [
              {
                "Node Type": "Hash Join",
                "Parent Relationship": "Outer",
                "Parallel Aware": true,
                "Join Type": "Inner",
                "Startup Cost": 67130.76,
                "Total Cost": 92105.33,
                "Plan Rows": 20922,
                "Plan Width": 0,
                "Actual Startup Time": 427.867,
                "Actual Total Time": 473.485,
                "Actual Rows": 6000,
                "Actual Loops": 2,
                "Inner Unique": true,
                "Hash Cond": "(mk.movie_id = t.id)",
                "Plans": [
                  {
                    "Node Type": "Bitmap Heap Scan",
                    "Parent Relationship": "Outer",
                    "Parallel Aware": true,
                    "Relation Name": "movie_keyword",
                    "Alias": "mk",
                    "Startup Cost": 1241.89,
                    "Total Cost": 26126.12,
                    "Plan Rows": 34418,
                    "Plan Width": 4,
                    "Actual Startup Time": 10.146,
                    "Actual Total Time": 38.621,
                    "Actual Rows": 28802,
                    "Actual Loops": 2,
                    "Recheck Cond": "(keyword_id < 56)",
                    "Rows Removed by Index Recheck": 0,
                    "Exact Heap Blocks": 10458,
                    "Lossy Heap Blocks": 0,
                    "Plans": [
                      {
                        "Node Type": "Bitmap Index Scan",
                        "Parent Relationship": "Outer",
                        "Parallel Aware": false,
                        "Index Name": "keyword_id_movie_keyword",
                        "Startup Cost": 0.0,
                        "Total Cost": 1227.26,
                        "Plan Rows": 58511,
                        "Plan Width": 0,
                        "Actual Startup Time": 6.116,
                        "Actual Total Time": 6.117,
                        "Actual Rows": 57603,
                        "Actual Loops": 1,
                        "Index Cond": "(keyword_id < 56)"
                      }
                    ]
                  },
                  {
                    "Node Type": "Hash",
                    "Parent Relationship": "Inner",
                    "Parallel Aware": true,
                    "Startup Cost": 54588.39,
                    "Total Cost": 54588.39,
                    "Plan Rows": 904038,
                    "Plan Width": 4,
                    "Actual Startup Time": 402.888,
                    "Actual Total Time": 402.888,
                    "Actual Rows": 771632,
                    "Actual Loops": 2,
                    "Hash Buckets": 2097152,
                    "Original Hash Buckets": 2097152,
                    "Hash Batches": 1,
                    "Original Hash Batches": 1,
                    "Peak Memory Usage": 76800,
                    "Plans": [
                      {
                        "Node Type": "Seq Scan",
                        "Parent Relationship": "Outer",
                        "Parallel Aware": true,
                        "Relation Name": "title",
                        "Alias": "t",
                        "Startup Cost": 0.0,
                        "Total Cost": 54588.39,
                        "Plan Rows": 904038,
                        "Plan Width": 4,
                        "Actual Startup Time": 0.038,
                        "Actual Total Time": 183.454,
                        "Actual Rows": 771632,
                        "Actual Loops": 2,
                        "Filter": "(kind_id = 7)",
                        "Rows Removed by Filter": 492524
                      }
                    ]
                  }
                ]
              }
            ]
          }
        ]
      }
    ]
  },
  "Planning Time": 0.653,
  "Triggers": [],
  "Execution Time": 501.707
}