[
  {
    "Plan": {
      "Node Type": "Aggregate",
      "Strategy": "Plain",
      "Partial Mode": "Finalize",
      "Parallel Aware": false,
      "Startup Cost": 223735.59,
      "Total Cost": 223735.6,
      "Plan Rows": 1,
      "Plan Width": 8,
      "Actual Startup Time": 222.547,
      "Actual Total Time": 243.23,
      "Actual Rows": 1,
      "Actual Loops": 1,
      "Plans": [
        {
          "Node Type": "Gather",
          "Parent Relationship": "Outer",
          "Parallel Aware": false,
          "Startup Cost": 223735.17,
          "Total Cost": 223735.58,
          "Plan Rows": 4,
          "Plan Width": 8,
          "Actual Startup Time": 222.266,
          "Actual Total Time": 243.221,
          "Actual Rows": 5,
          "Actual Loops": 1,
          "Workers Planned": 4,
          "Workers Launched": 4,
          "Single Copy": false,
          "Plans": [
            {
              "Node Type": "Aggregate",
              "Strategy": "Plain",
              "Partial Mode": "Partial",
              "Parent Relationship": "Outer",
              "Parallel Aware": false,
              "Startup Cost": 222735.17,
              "Total Cost": 222735.18,
              "Plan Rows": 1,
              "Plan Width": 8,
              "Actual Startup Time": 213.46,
              "Actual Total Time": 213.462,
              "Actual Rows": 1,
              "Actual Loops": 5,
              "Plans": [
                {
                  "Node Type": "Nested Loop",
                  "Parent Relationship": "Outer",
                  "Parallel Aware": false,
                  "Join Type": "Inner",
                  "Startup Cost": 0.43,
                  "Total Cost": 222686.37,
                  "Plan Rows": 19522,
                  "Plan Width": 0,
                  "Actual Startup Time": 0.3,
                  "Actual Total Time": 212.088,
                  "Actual Rows": 10082,
                  "Actual Loops": 5,
                  "Inner Unique": false,
                  "Plans": [
                    {
                      "Node Type": "Seq Scan",
                      "Parent Relationship": "Outer",
                      "Parallel Aware": true,
                      "Relation Name": "title",
                      "Alias": "t",
                      "Startup Cost": 0.0,
                      "Total Cost": 45479.59,
                      "Plan Rows": 3325,
                      "Plan Width": 4,
                      "Actual Startup Time": 0.1,
                      "Actual Total Time": 96.557,
                      "Actual Rows": 2781,
                      "Actual Loops": 5,
                      "Filter": "((kind_id > 3) AND (production_year = 1989))",
                      "Rows Removed by Filter": 502881
                    },
                    {
                      "Node Type": "Index Only Scan",
                      "Parent Relationship": "Inner",
                      "Parallel Aware": false,
                      "Scan Direction": "Forward",
                      "Index Name": "movie_id_movie_info",
                      "Relation Name": "movie_info",
                      "Alias": "mi",
                      "Startup Cost": 0.43,
                      "Total Cost": 52.89,
                      "Plan Rows": 41,
                      "Plan Width": 4,
                      "Actual Startup Time": 0.033,
                      "Actual Total Time": 0.04,
                      "Actual Rows": 4,
                      "Actual Loops": 13906,
                      "Index Cond": "(movie_id = t.id)",
                      "Rows Removed by Index Recheck": 0,
                      "Heap Fetches": 50412
                    }
                  ]
                }
              ]
            }
          ]
        }
      ]
    },
    "Planning Time": 0.374,
    "Triggers": [],
    "Execution Time": 243.282
  }
]