[
  {
    "Plan": {
      "Node Type": "Aggregate",
      "Strategy": "Plain",
      "Partial Mode": "Finalize",
      "Parallel Aware": false,
      "Startup Cost": 33161.32,
      "Total Cost": 33161.33,
      "Plan Rows": 1,
      "Plan Width": 8,
      "Actual Startup Time": 97.437,
      "Actual Total Time": 105.653,
      "Actual Rows": 1,
      "Actual Loops": 1,
      "Plans": [
        {
          "Node Type": "Gather",
          "Parent Relationship": "Outer",
          "Parallel Aware": false,
          "Startup Cost": 33161.0,
          "Total Cost": 33161.31,
          "Plan Rows": 3,
          "Plan Width": 8,
          "Actual Startup Time": 97.266,
          "Actual Total Time": 105.644,
          "Actual Rows": 4,
          "Actual Loops": 1,
          "Workers Planned": 3,
          "Workers Launched": 3,
          "Single Copy": false,
          "Plans": [
            {
              "Node Type": "Aggregate",
              "Strategy": "Plain",
              "Partial Mode": "Partial",
              "Parent Relationship": "Outer",
              "Parallel Aware": false,
              "Startup Cost": 32161.0,
              "Total Cost": 32161.01,
              "Plan Rows": 1,
              "Plan Width": 8,
              "Actual Startup Time": 91.626,
              "Actual Total Time": 91.628,
              "Actual Rows": 1,
              "Actual Loops": 4,
              "Plans": [
                {
                  "Node Type": "Seq Scan",
                  "Parent Relationship": "Outer",
                  "Parallel Aware": true,
                  "Relation Name": "movie_companies",
                  "Alias": "mc",
                  "Startup Cost": 0.0,
                  "Total Cost": 31414.82,
                  "Plan Rows": 298472,
                  "Plan Width": 0,
                  "Actual Startup Time": 0.027,
                  "Actual Total Time": 76.24,
                  "Actual Rows": 309427,
                  "Actual Loops": 4,
                  "Filter": "((company_id < 44130) AND (company_type_id = 1))",
                  "Rows Removed by Filter": 342856
                }
              ]
            }
          ]
        }
      ]
    },
    "Planning Time": 0.13,
    "Triggers": [],
    "Execution Time": 105.69
  }
]