[
  {
    "Plan": {
      "Node Type": "Aggregate",
      "Strategy": "Plain",
      "Partial Mode": "Finalize",
      "Parallel Aware": false,
      "Startup Cost": 337579.38,
      "Total Cost": 337579.39,
      "Plan Rows": 1,
      "Plan Width": 8,
      "Actual Startup Time": 945.554,
      "Actual Total Time": 1016.714,
      "Actual Rows": 1,
      "Actual Loops": 1,
      "Plans": [
        {
          "Node Type": "Gather",
          "Parent Relationship": "Outer",
          "Parallel Aware": false,
          "Startup Cost": 337578.75,
          "Total Cost": 337579.36,
          "Plan Rows": 6,
          "Plan Width": 8,
          "Actual Startup Time": 945.394,
          "Actual Total Time": 1016.702,
          "Actual Rows": 7,
          "Actual Loops": 1,
          "Workers Planned": 6,
          "Workers Launched": 6,
          "Single Copy": false,
          "Plans": [
            {
              "Node Type": "Aggregate",
              "Strategy": "Plain",
              "Partial Mode": "Partial",
              "Parent Relationship": "Outer",
              "Parallel Aware": false,
              "Startup Cost": 336578.75,
              "Total Cost": 336578.76,
              "Plan Rows": 1,
              "Plan Width": 8,
              "Actual Startup Time": 936.895,
              "Actual Total Time": 936.897,
              "Actual Rows": 1,
              "Actual Loops": 7,
              "Plans": [
                {
                  "Node Type": "Seq Scan",
                  "Parent Relationship": "Outer",
                  "Parallel Aware": true,
                  "Relation Name": "cast_info",
                  "Alias": "ci",
                  "Startup Cost": 0.0,
                  "Total Cost": 328211.39,
                  "Plan Rows": 3346944,
                  "Plan Width": 0,
                  "Actual Startup Time": 0.043,
                  "Actual Total Time": 760.06,
                  "Actual Rows": 2905778,
                  "Actual Loops": 7,
                  "Filter": "(person_id < 2044845)",
                  "Rows Removed by Filter": 2271985
                }
              ]
            }
          ]
        }
      ]
    },
    "Planning Time": 0.064,
    "Triggers": [],
    "Execution Time": 1016.757
  }
]