[
  {
    "Plan": {
      "Node Type": "Aggregate",
      "Strategy": "Plain",
      "Partial Mode": "Finalize",
      "Parallel Aware": false,
      "Startup Cost": 33299.7,
      "Total Cost": 33299.71,
      "Plan Rows": 1,
      "Plan Width": 8,
      "Actual Startup Time": 80.282,
      "Actual Total Time": 88.474,
      "Actual Rows": 1,
      "Actual Loops": 1,
      "Plans": [
        {
          "Node Type": "Gather",
          "Parent Relationship": "Outer",
          "Parallel Aware": false,
          "Startup Cost": 33299.38,
          "Total Cost": 33299.69,
          "Plan Rows": 3,
          "Plan Width": 8,
          "Actual Startup Time": 80.158,
          "Actual Total Time": 88.467,
          "Actual Rows": 4,
          "Actual Loops": 1,
          "Workers Planned": 3,
          "Workers Launched": 3,
          "Single Copy": false,
          "Plans": [
            {
              "Node Type": "Aggregate",
              "Strategy": "Plain",
              "Partial Mode": "Partial",
              "Parent Relationship": "Outer",
              "Parallel Aware": false,
              "Startup Cost": 32299.38,
              "Total Cost": 32299.39,
              "Plan Rows": 1,
              "Plan Width": 8,
              "Actual Startup Time": 76.535,
              "Actual Total Time": 76.536,
              "Actual Rows": 1,
              "Actual Loops": 4,
              "Plans": [
                {
                  "Node Type": "Seq Scan",
                  "Parent Relationship": "Outer",
                  "Parallel Aware": true,
                  "Relation Name": "movie_companies",
                  "Alias": "mc",
                  "Startup Cost": 0.0,
                  "Total Cost": 31414.82,
                  "Plan Rows": 353825,
                  "Plan Width": 0,
                  "Actual Startup Time": 33.148,
                  "Actual Total Time": 67.524,
                  "Actual Rows": 218230,
                  "Actual Loops": 4,
                  "Filter": "((company_id < 76458) AND (company_type_id > 1))",
                  "Rows Removed by Filter": 434052
                }
              ]
            }
          ]
        }
      ]
    },
    "Planning Time": 0.213,
    "Triggers": [],
    "Execution Time": 88.526
  }
]