{
    "Plan": {
        "Node Type": "Aggregate",
        "Strategy": "Plain",
        "Partial Mode": "Finalize",
        "Parallel Aware": false,
        "Startup Cost": 244635.78,
        "Total Cost": 244635.79,
        "Plan Rows": 1,
        "Plan Width": 8,
        "Actual Startup Time": 404.551,
        "Actual Total Time": 443.03,
        "Actual Rows": 1,
        "Actual Loops": 1,
        "Output": [
            "count(*)"
        ],
        "Plans": [
            {
                "Node Type": "Gather",
                "Parent Relationship": "Outer",
                "Parallel Aware": false,
                "Startup Cost": 244635.26,
                "Total Cost": 244635.77,
                "Plan Rows": 5,
                "Plan Width": 8,
                "Actual Startup Time": 404.017,
                "Actual Total Time": 443.022,
                "Actual Rows": 6,
                "Actual Loops": 1,
                "Output": [
                    "(PARTIAL count(*))"
                ],
                "Workers Planned": 5,
                "Workers Launched": 5,
                "Single Copy": false,
                "Plans": [
                    {
                        "Node Type": "Aggregate",
                        "Strategy": "Plain",
                        "Partial Mode": "Partial",
                        "Parent Relationship": "Outer",
                        "Parallel Aware": false,
                        "Startup Cost": 243635.26,
                        "Total Cost": 243635.27,
                        "Plan Rows": 1,
                        "Plan Width": 8,
                        "Actual Startup Time": 394.174,
                        "Actual Total Time": 394.178,
                        "Actual Rows": 1,
                        "Actual Loops": 6,
                        "Output": [
                            "PARTIAL count(*)"
                        ],
                        "Workers": [
                            {
                                "Worker Number": 0,
                                "Actual Startup Time": 391.189,
                                "Actual Total Time": 391.192,
                                "Actual Rows": 1,
                                "Actual Loops": 1
                            },
                            {
                                "Worker Number": 1,
                                "Actual Startup Time": 391.598,
                                "Actual Total Time": 391.601,
                                "Actual Rows": 1,
                                "Actual Loops": 1
                            },
                            {
                                "Worker Number": 2,
                                "Actual Startup Time": 392.108,
                                "Actual Total Time": 392.111,
                                "Actual Rows": 1,
                                "Actual Loops": 1
                            },
                            {
                                "Worker Number": 3,
                                "Actual Startup Time": 392.514,
                                "Actual Total Time": 392.517,
                                "Actual Rows": 1,
                                "Actual Loops": 1
                            },
                            {
                                "Worker Number": 4,
                                "Actual Startup Time": 394.448,
                                "Actual Total Time": 394.45,
                                "Actual Rows": 1,
                                "Actual Loops": 1
                            }
                        ],
                        "Plans": [
                            {
                                "Node Type": "Hash Join",
                                "Parent Relationship": "Outer",
                                "Parallel Aware": true,
                                "Join Type": "Inner",
                                "Startup Cost": 44054.53,
                                "Total Cost": 243622.38,
                                "Plan Rows": 5152,
                                "Plan Width": 0,
                                "Actual Startup Time": 315.404,
                                "Actual Total Time": 393.739,
                                "Actual Rows": 8668,
                                "Actual Loops": 6,
                                "Inner Unique": true,
                                "Hash Cond": "(mi.movie_id = t.id)",
                                "Workers": [
                                    {
                                        "Worker Number": 0,
                                        "Actual Startup Time": 312.357,
                                        "Actual Total Time": 390.75,
                                        "Actual Rows": 5288,
                                        "Actual Loops": 1
                                    },
                                    {
                                        "Worker Number": 1,
                                        "Actual Startup Time": 312.842,
                                        "Actual Total Time": 391.154,
                                        "Actual Rows": 9444,
                                        "Actual Loops": 1
                                    },
                                    {
                                        "Worker Number": 2,
                                        "Actual Startup Time": 313.361,
                                        "Actual Total Time": 391.702,
                                        "Actual Rows": 8531,
                                        "Actual Loops": 1
                                    },
                                    {
                                        "Worker Number": 3,
                                        "Actual Startup Time": 313.735,
                                        "Actual Total Time": 392.115,
                                        "Actual Rows": 8275,
                                        "Actual Loops": 1
                                    },
                                    {
                                        "Worker Number": 4,
                                        "Actual Startup Time": 315.69,
                                        "Actual Total Time": 394.013,
                                        "Actual Rows": 9074,
                                        "Actual Loops": 1
                                    }
                                ],
                                "Plans": [
                                    {
                                        "Node Type": "Seq Scan",
                                        "Parent Relationship": "Outer",
                                        "Parallel Aware": true,
                                        "Relation Name": "movie_info",
                                        "Schema": "public",
                                        "Alias": "mi",
                                        "Startup Cost": 0.0,
                                        "Total Cost": 198880.74,
                                        "Plan Rows": 261755,
                                        "Plan Width": 4,
                                        "Actual Startup Time": 219.342,
                                        "Actual Total Time": 289.925,
                                        "Actual Rows": 214821,
                                        "Actual Loops": 6,
                                        "Output": [
                                            "mi.id",
                                            "mi.movie_id",
                                            "mi.info_type_id",
                                            "mi.info",
                                            "mi.note"
                                        ],
                                        "Filter": "(mi.info_type_id = 2)",
                                        "Rows Removed by Filter": 2257799,
                                        "Workers": [
                                            {
                                                "Worker Number": 0,
                                                "Actual Startup Time": 219.263,
                                                "Actual Total Time": 290.22,
                                                "Actual Rows": 139013,
                                                "Actual Loops": 1
                                            },
                                            {
                                                "Worker Number": 1,
                                                "Actual Startup Time": 219.431,
                                                "Actual Total Time": 289.964,
                                                "Actual Rows": 223487,
                                                "Actual Loops": 1
                                            },
                                            {
                                                "Worker Number": 2,
                                                "Actual Startup Time": 219.37,
                                                "Actual Total Time": 289.952,
                                                "Actual Rows": 210880,
                                                "Actual Loops": 1
                                            },
                                            {
                                                "Worker Number": 3,
                                                "Actual Startup Time": 219.261,
                                                "Actual Total Time": 290.309,
                                                "Actual Rows": 213869,
                                                "Actual Loops": 1
                                            },
                                            {
                                                "Worker Number": 4,
                                                "Actual Startup Time": 219.309,
                                                "Actual Total Time": 289.672,
                                                "Actual Rows": 218941,
                                                "Actual Loops": 1
                                            }
                                        ]
                                    },
                                    {
                                        "Node Type": "Hash",
                                        "Parent Relationship": "Inner",
                                        "Parallel Aware": true,
                                        "Startup Cost": 43899.01,
                                        "Total Cost": 43899.01,
                                        "Plan Rows": 12442,
                                        "Plan Width": 4,
                                        "Actual Startup Time": 76.25,
                                        "Actual Total Time": 76.251,
                                        "Actual Rows": 8620,
                                        "Actual Loops": 6,
                                        "Output": [
                                            "t.id"
                                        ],
                                        "Hash Buckets": 65536,
                                        "Original Hash Buckets": 65536,
                                        "Hash Batches": 1,
                                        "Original Hash Batches": 1,
                                        "Peak Memory Usage": 2624,
                                        "Workers": [
                                            {
                                                "Worker Number": 0,
                                                "Actual Startup Time": 73.968,
                                                "Actual Total Time": 73.969,
                                                "Actual Rows": 5839,
                                                "Actual Loops": 1
                                            },
                                            {
                                                "Worker Number": 1,
                                                "Actual Startup Time": 74.379,
                                                "Actual Total Time": 74.38,
                                                "Actual Rows": 8591,
                                                "Actual Loops": 1
                                            },
                                            {
                                                "Worker Number": 2,
                                                "Actual Startup Time": 74.922,
                                                "Actual Total Time": 74.924,
                                                "Actual Rows": 8079,
                                                "Actual Loops": 1
                                            },
                                            {
                                                "Worker Number": 3,
                                                "Actual Startup Time": 75.31,
                                                "Actual Total Time": 75.312,
                                                "Actual Rows": 8178,
                                                "Actual Loops": 1
                                            },
                                            {
                                                "Worker Number": 4,
                                                "Actual Startup Time": 77.35,
                                                "Actual Total Time": 77.351,
                                                "Actual Rows": 8596,
                                                "Actual Loops": 1
                                            }
                                        ],
                                        "Plans": [
                                            {
                                                "Node Type": "Seq Scan",
                                                "Parent Relationship": "Outer",
                                                "Parallel Aware": true,
                                                "Relation Name": "title",
                                                "Schema": "public",
                                                "Alias": "t",
                                                "Startup Cost": 0.0,
                                                "Total Cost": 43899.01,
                                                "Plan Rows": 12442,
                                                "Plan Width": 4,
                                                "Actual Startup Time": 48.77,
                                                "Actual Total Time": 72.829,
                                                "Actual Rows": 8620,
                                                "Actual Loops": 6,
                                                "Output": [
                                                    "t.id"
                                                ],
                                                "Filter": "(t.production_year < 1914)",
                                                "Rows Removed by Filter": 412765,
                                                "Workers": [
                                                    {
                                                        "Worker Number": 0,
                                                        "Actual Startup Time": 49.473,
                                                        "Actual Total Time": 70.844,
                                                        "Actual Rows": 5839,
                                                        "Actual Loops": 1
                                                    },
                                                    {
                                                        "Worker Number": 1,
                                                        "Actual Startup Time": 49.874,
                                                        "Actual Total Time": 70.675,
                                                        "Actual Rows": 8591,
                                                        "Actual Loops": 1
                                                    },
                                                    {
                                                        "Worker Number": 2,
                                                        "Actual Startup Time": 50.409,
                                                        "Actual Total Time": 71.774,
                                                        "Actual Rows": 8079,
                                                        "Actual Loops": 1
                                                    },
                                                    {
                                                        "Worker Number": 3,
                                                        "Actual Startup Time": 32.922,
                                                        "Actual Total Time": 71.978,
                                                        "Actual Rows": 8178,
                                                        "Actual Loops": 1
                                                    },
                                                    {
                                                        "Worker Number": 4,
                                                        "Actual Startup Time": 52.857,
                                                        "Actual Total Time": 73.777,
                                                        "Actual Rows": 8596,
                                                        "Actual Loops": 1
                                                    }
                                                ]
                                            }
                                        ]
                                    }
                                ]
                            }
                        ]
                    }
                ]
            }
        ]
    },
    "Planning Time": 0.795,
    "Triggers": [],
    "Execution Time": 443.104
}