[
  {
    "Plan": {
      "Node Type": "Aggregate",
      "Strategy": "Plain",
      "Partial Mode": "Finalize",
      "Parallel Aware": false,
      "Startup Cost": 290953.47,
      "Total Cost": 290953.48,
      "Plan Rows": 1,
      "Plan Width": 8,
      "Actual Startup Time": 137.646,
      "Actual Total Time": 145.828,
      "Actual Rows": 1,
      "Actual Loops": 1,
      "Plans": [
        {
          "Node Type": "Gather",
          "Parent Relationship": "Outer",
          "Parallel Aware": false,
          "Startup Cost": 290952.84,
          "Total Cost": 290953.45,
          "Plan Rows": 6,
          "Plan Width": 8,
          "Actual Startup Time": 136.922,
          "Actual Total Time": 145.819,
          "Actual Rows": 7,
          "Actual Loops": 1,
          "Workers Planned": 6,
          "Workers Launched": 6,
          "Single Copy": false,
          "Plans": [
            {
              "Node Type": "Aggregate",
              "Strategy": "Plain",
              "Partial Mode": "Partial",
              "Parent Relationship": "Outer",
              "Parallel Aware": false,
              "Startup Cost": 289952.84,
              "Total Cost": 289952.85,
              "Plan Rows": 1,
              "Plan Width": 8,
              "Actual Startup Time": 130.311,
              "Actual Total Time": 130.313,
              "Actual Rows": 1,
              "Actual Loops": 7,
              "Plans": [
                {
                  "Node Type": "Bitmap Heap Scan",
                  "Parent Relationship": "Outer",
                  "Parallel Aware": true,
                  "Relation Name": "cast_info",
                  "Alias": "ci",
                  "Startup Cost": 33475.29,
                  "Total Cost": 289321.08,
                  "Plan Rows": 252704,
                  "Plan Width": 0,
                  "Actual Startup Time": 55.124,
                  "Actual Total Time": 116.52,
                  "Actual Rows": 223402,
                  "Actual Loops": 7,
                  "Recheck Cond": "(person_id < 155831)",
                  "Rows Removed by Index Recheck": 0,
                  "Exact Heap Blocks": 4222,
                  "Lossy Heap Blocks": 0,
                  "Plans": [
                    {
                      "Node Type": "Bitmap Index Scan",
                      "Parent Relationship": "Outer",
                      "Parallel Aware": false,
                      "Index Name": "person_id_cast_info",
                      "Startup Cost": 0.0,
                      "Total Cost": 33096.23,
                      "Plan Rows": 1516222,
                      "Plan Width": 0,
                      "Actual Startup Time": 58.457,
                      "Actual Total Time": 58.458,
                      "Actual Rows": 1563815,
                      "Actual Loops": 1,
                      "Index Cond": "(person_id < 155831)"
                    }
                  ]
                }
              ]
            }
          ]
        }
      ]
    },
    "Planning Time": 0.114,
    "Triggers": [],
    "Execution Time": 145.872
  }
]