[
  {
    "Plan": {
      "Node Type": "Aggregate",
      "Strategy": "Plain",
      "Partial Mode": "Finalize",
      "Parallel Aware": false,
      "Startup Cost": 290811.97,
      "Total Cost": 290811.98,
      "Plan Rows": 1,
      "Plan Width": 8,
      "Actual Startup Time": 133.134,
      "Actual Total Time": 139.949,
      "Actual Rows": 1,
      "Actual Loops": 1,
      "Plans": [
        {
          "Node Type": "Gather",
          "Parent Relationship": "Outer",
          "Parallel Aware": false,
          "Startup Cost": 290811.34,
          "Total Cost": 290811.95,
          "Plan Rows": 6,
          "Plan Width": 8,
          "Actual Startup Time": 132.532,
          "Actual Total Time": 139.941,
          "Actual Rows": 7,
          "Actual Loops": 1,
          "Workers Planned": 6,
          "Workers Launched": 6,
          "Single Copy": false,
          "Plans": [
            {
              "Node Type": "Aggregate",
              "Strategy": "Plain",
              "Partial Mode": "Partial",
              "Parent Relationship": "Outer",
              "Parallel Aware": false,
              "Startup Cost": 289811.34,
              "Total Cost": 289811.35,
              "Plan Rows": 1,
              "Plan Width": 8,
              "Actual Startup Time": 123.889,
              "Actual Total Time": 123.89,
              "Actual Rows": 1,
              "Actual Loops": 7,
              "Plans": [
                {
                  "Node Type": "Bitmap Heap Scan",
                  "Parent Relationship": "Outer",
                  "Parallel Aware": true,
                  "Relation Name": "cast_info",
                  "Alias": "ci",
                  "Startup Cost": 33349.76,
                  "Total Cost": 289182.25,
                  "Plan Rows": 251639,
                  "Plan Width": 0,
                  "Actual Startup Time": 51.076,
                  "Actual Total Time": 109.891,
                  "Actual Rows": 223402,
                  "Actual Loops": 7,
                  "Recheck Cond": "(person_id < 155831)",
                  "Rows Removed by Index Recheck": 0,
                  "Exact Heap Blocks": 4429,
                  "Lossy Heap Blocks": 0,
                  "Plans": [
                    {
                      "Node Type": "Bitmap Index Scan",
                      "Parent Relationship": "Outer",
                      "Parallel Aware": false,
                      "Index Name": "person_id_cast_info",
                      "Startup Cost": 0.0,
                      "Total Cost": 32972.31,
                      "Plan Rows": 1509832,
                      "Plan Width": 0,
                      "Actual Startup Time": 56.312,
                      "Actual Total Time": 56.312,
                      "Actual Rows": 1563815,
                      "Actual Loops": 1,
                      "Index Cond": "(person_id < 155831)"
                    }
                  ]
                }
              ]
            }
          ]
        }
      ]
    },
    "Planning Time": 0.117,
    "Triggers": [],
    "Execution Time": 140.003
  }
]