{
  "Plan": {
    "Node Type": "Aggregate",
    "Strategy": "Plain",
    "Partial Mode": "Finalize",
    "Parallel Aware": false,
    "Startup Cost": 542705.45,
    "Total Cost": 542705.46,
    "Plan Rows": 1,
    "Plan Width": 8,
    "Actual Startup Time": 3856.217,
    "Actual Total Time": 3893.591,
    "Actual Rows": 1,
    "Actual Loops": 1,
    "Plans": [
      {
        "Node Type": "Gather",
        "Parent Relationship": "Outer",
        "Parallel Aware": false,
        "Startup Cost": 542705.33,
        "Total Cost": 542705.44,
        "Plan Rows": 1,
        "Plan Width": 8,
        "Actual Startup Time": 3848.512,
        "Actual Total Time": 3893.583,
        "Actual Rows": 2,
        "Actual Loops": 1,
        "Workers Planned": 1,
        "Workers Launched": 1,
        "Single Copy": false,
        "Plans": [
          {
            "Node Type": "Aggregate",
            "Strategy": "Plain",
            "Partial Mode": "Partial",
            "Parent Relationship": "Outer",
            "Parallel Aware": false,
            "Startup Cost": 541705.33,
            "Total Cost": 541705.34,
            "Plan Rows": 1,
            "Plan Width": 8,
            "Actual Startup Time": 3841.254,
            "Actual Total Time": 3841.261,
            "Actual Rows": 1,
            "Actual Loops": 2,
            "Plans": [
              {
                "Node Type": "Hash Join",
                "Parent Relationship": "Outer",
                "Parallel Aware": true,
                "Join Type": "Inner",
                "Startup Cost": 129225.63,
                "Total Cost": 540130.69,
                "Plan Rows": 629858,
                "Plan Width": 0,
                "Actual Startup Time": 901.222,
                "Actual Total Time": 3331.372,
                "Actual Rows": 13237551,
                "Actual Loops": 2,
                "Inner Unique": false,
                "Hash Cond": "(ci.movie_id = t.id)",
                "Plans": [
                  {
                    "Node Type": "Index Scan",
                    "Parent Relationship": "Outer",
                    "Parallel Aware": true,
                    "Scan Direction": "Forward",
                    "Index Name": "role_id_cast_info",
                    "Relation Name": "cast_info",
                    "Alias": "ci",
                    "Startup Cost": 0.56,
                    "Total Cost": 400977.7,
                    "Plan Rows": 1659433,
                    "Plan Width": 4,
                    "Actual Startup Time": 0.082,
                    "Actual Total Time": 889.691,
                    "Actual Rows": 3010575,
                    "Actual Loops": 2,
                    "Index Cond": "(role_id = 1)",
                    "Rows Removed by Index Recheck": 0,
                    "Filter": "(person_id < 817018)",
                    "Rows Removed by Filter": 3324769
                  },
                  {
                    "Node Type": "Hash",
                    "Parent Relationship": "Inner",
                    "Parallel Aware": true,
                    "Startup Cost": 122168.85,
                    "Total Cost": 122168.85,
                    "Plan Rows": 564497,
                    "Plan Width": 8,
                    "Actual Startup Time": 892.059,
                    "Actual Total Time": 892.065,
                    "Actual Rows": 1191006,
                    "Actual Loops": 2,
                    "Hash Buckets": 4194304,
                    "Original Hash Buckets": 1048576,
                    "Hash Batches": 1,
                    "Original Hash Batches": 1,
                    "Peak Memory Usage": 150560,
                    "Plans": [
                      {
                        "Node Type": "Hash Join",
                        "Parent Relationship": "Outer",
                        "Parallel Aware": true,
                        "Join Type": "Inner",
                        "Startup Cost": 58316.96,
                        "Total Cost": 122168.85,
                        "Plan Rows": 564497,
                        "Plan Width": 8,
                        "Actual Startup Time": 226.931,
                        "Actual Total Time": 620.72,
                        "Actual Rows": 1191006,
                        "Actual Loops": 2,
                        "Inner Unique": true,
                        "Hash Cond": "(mk.movie_id = t.id)",
                        "Plans": [
                          {
                            "Node Type": "Seq Scan",
                            "Parent Relationship": "Outer",
                            "Parallel Aware": true,
                            "Relation Name": "movie_keyword",
                            "Alias": "mk",
                            "Startup Cost": 0.0,
                            "Total Cost": 57718.19,
                            "Plan Rows": 2336645,
                            "Plan Width": 4,
                            "Actual Startup Time": 0.036,
                            "Actual Total Time": 209.882,
                            "Actual Rows": 1978830,
                            "Actual Loops": 2,
                            "Filter": "(keyword_id > 398)",
                            "Rows Removed by Filter": 283135
                          },
                          {
                            "Node Type": "Hash",
                            "Parent Relationship": "Inner",
                            "Parallel Aware": true,
                            "Startup Cost": 53825.81,
                            "Total Cost": 53825.81,
                            "Plan Rows": 359292,
                            "Plan Width": 4,
                            "Actual Startup Time": 157.045,
                            "Actual Total Time": 157.047,
                            "Actual Rows": 262998,
                            "Actual Loops": 2,
                            "Hash Buckets": 1048576,
                            "Original Hash Buckets": 1048576,
                            "Hash Batches": 1,
                            "Original Hash Batches": 1,
                            "Peak Memory Usage": 28800,
                            "Plans": [
                              {
                                "Node Type": "Bitmap Heap Scan",
                                "Parent Relationship": "Outer",
                                "Parallel Aware": true,
                                "Relation Name": "title",
                                "Alias": "t",
                                "Startup Cost": 11975.55,
                                "Total Cost": 53825.81,
                                "Plan Rows": 359292,
                                "Plan Width": 4,
                                "Actual Startup Time": 24.712,
                                "Actual Total Time": 92.495,
                                "Actual Rows": 262998,
                                "Actual Loops": 2,
                                "Recheck Cond": "(kind_id = 1)",
                                "Rows Removed by Index Recheck": 0,
                                "Filter": "(production_year > 1935)",
                                "Rows Removed by Filter": 68414,
                                "Exact Heap Blocks": 7921,
                                "Lossy Heap Blocks": 0,
                                "Plans": [
                                  {
                                    "Node Type": "Bitmap Index Scan",
                                    "Parent Relationship": "Outer",
                                    "Parallel Aware": false,
                                    "Index Name": "kind_id_title",
                                    "Startup Cost": 0.0,
                                    "Total Cost": 11822.85,
                                    "Plan Rows": 663256,
                                    "Plan Width": 0,
                                    "Actual Startup Time": 22.794,
                                    "Actual Total Time": 22.795,
                                    "Actual Rows": 662825,
                                    "Actual Loops": 1,
                                    "Index Cond": "(kind_id = 1)"
                                  }
                                ]
                              }
                            ]
                          }
                        ]
                      }
                    ]
                  }
                ]
              }
            ]
          }
        ]
      }
    ]
  },
  "Planning Time": 1.09,
  "Triggers": [],
  "Execution Time": 3893.701
}