[
  {
    "Plan": {
      "Node Type": "Aggregate",
      "Strategy": "Plain",
      "Partial Mode": "Finalize",
      "Parallel Aware": false,
      "Startup Cost": 33220.72,
      "Total Cost": 33220.73,
      "Plan Rows": 1,
      "Plan Width": 8,
      "Actual Startup Time": 104.078,
      "Actual Total Time": 114.341,
      "Actual Rows": 1,
      "Actual Loops": 1,
      "Plans": [
        {
          "Node Type": "Gather",
          "Parent Relationship": "Outer",
          "Parallel Aware": false,
          "Startup Cost": 33220.4,
          "Total Cost": 33220.71,
          "Plan Rows": 3,
          "Plan Width": 8,
          "Actual Startup Time": 103.949,
          "Actual Total Time": 114.329,
          "Actual Rows": 4,
          "Actual Loops": 1,
          "Workers Planned": 3,
          "Workers Launched": 3,
          "Single Copy": false,
          "Plans": [
            {
              "Node Type": "Aggregate",
              "Strategy": "Plain",
              "Partial Mode": "Partial",
              "Parent Relationship": "Outer",
              "Parallel Aware": false,
              "Startup Cost": 32220.4,
              "Total Cost": 32220.41,
              "Plan Rows": 1,
              "Plan Width": 8,
              "Actual Startup Time": 95.787,
              "Actual Total Time": 95.789,
              "Actual Rows": 1,
              "Actual Loops": 4,
              "Plans": [
                {
                  "Node Type": "Seq Scan",
                  "Parent Relationship": "Outer",
                  "Parallel Aware": true,
                  "Relation Name": "movie_companies",
                  "Alias": "mc",
                  "Startup Cost": 0.0,
                  "Total Cost": 31414.82,
                  "Plan Rows": 322234,
                  "Plan Width": 0,
                  "Actual Startup Time": 47.123,
                  "Actual Total Time": 86.892,
                  "Actual Rows": 176399,
                  "Actual Loops": 4,
                  "Filter": "((company_id < 55193) AND (company_type_id = 2))",
                  "Rows Removed by Filter": 475883
                }
              ]
            }
          ]
        }
      ]
    },
    "Planning Time": 0.116,
    "Triggers": [],
    "Execution Time": 114.376
  }
]