[
  {
    "Plan": {
      "Node Type": "Aggregate",
      "Strategy": "Plain",
      "Partial Mode": "Finalize",
      "Parallel Aware": false,
      "Startup Cost": 390617.72,
      "Total Cost": 390617.73,
      "Plan Rows": 1,
      "Plan Width": 8,
      "Actual Startup Time": 1879.395,
      "Actual Total Time": 1936.262,
      "Actual Rows": 1,
      "Actual Loops": 1,
      "Plans": [
        {
          "Node Type": "Gather",
          "Parent Relationship": "Outer",
          "Parallel Aware": false,
          "Startup Cost": 390617.1,
          "Total Cost": 390617.71,
          "Plan Rows": 6,
          "Plan Width": 8,
          "Actual Startup Time": 1873.909,
          "Actual Total Time": 1936.244,
          "Actual Rows": 7,
          "Actual Loops": 1,
          "Workers Planned": 6,
          "Workers Launched": 6,
          "Single Copy": false,
          "Plans": [
            {
              "Node Type": "Aggregate",
              "Strategy": "Plain",
              "Partial Mode": "Partial",
              "Parent Relationship": "Outer",
              "Parallel Aware": false,
              "Startup Cost": 389617.1,
              "Total Cost": 389617.11,
              "Plan Rows": 1,
              "Plan Width": 8,
              "Actual Startup Time": 1865.345,
              "Actual Total Time": 1865.351,
              "Actual Rows": 1,
              "Actual Loops": 7,
              "Plans": [
                {
                  "Node Type": "Hash Join",
                  "Parent Relationship": "Outer",
                  "Parallel Aware": true,
                  "Join Type": "Inner",
                  "Startup Cost": 47013.61,
                  "Total Cost": 387371.24,
                  "Plan Rows": 898344,
                  "Plan Width": 0,
                  "Actual Startup Time": 136.456,
                  "Actual Total Time": 1815.025,
                  "Actual Rows": 938720,
                  "Actual Loops": 7,
                  "Inner Unique": true,
                  "Hash Cond": "(ci.movie_id = t.id)",
                  "Plans": [
                    {
                      "Node Type": "Seq Scan",
                      "Parent Relationship": "Outer",
                      "Parallel Aware": true,
                      "Relation Name": "cast_info",
                      "Alias": "ci",
                      "Startup Cost": 0.0,
                      "Total Cost": 328211.39,
                      "Plan Rows": 4627128,
                      "Plan Width": 4,
                      "Actual Startup Time": 0.042,
                      "Actual Total Time": 785.405,
                      "Actual Rows": 3965433,
                      "Actual Loops": 7,
                      "Filter": "(role_id < 6)",
                      "Rows Removed by Filter": 1212331
                    },
                    {
                      "Node Type": "Hash",
                      "Parent Relationship": "Inner",
                      "Parallel Aware": true,
                      "Startup Cost": 45479.59,
                      "Total Cost": 45479.59,
                      "Plan Rows": 122722,
                      "Plan Width": 4,
                      "Actual Startup Time": 134.973,
                      "Actual Total Time": 134.976,
                      "Actual Rows": 83060,
                      "Actual Loops": 7,
                      "Hash Buckets": 1048576,
                      "Original Hash Buckets": 524288,
                      "Hash Batches": 1,
                      "Original Hash Batches": 1,
                      "Peak Memory Usage": 35136,
                      "Plans": [
                        {
                          "Node Type": "Seq Scan",
                          "Parent Relationship": "Outer",
                          "Parallel Aware": true,
                          "Relation Name": "title",
                          "Alias": "t",
                          "Startup Cost": 0.0,
                          "Total Cost": 45479.59,
                          "Plan Rows": 122722,
                          "Plan Width": 4,
                          "Actual Startup Time": 0.052,
                          "Actual Total Time": 78.247,
                          "Actual Rows": 83060,
                          "Actual Loops": 7,
                          "Filter": "((kind_id < 7) AND (production_year < 2004))",
                          "Rows Removed by Filter": 278128
                        }
                      ]
                    }
                  ]
                }
              ]
            }
          ]
        }
      ]
    },
    "Planning Time": 0.175,
    "Triggers": [],
    "Execution Time": 1936.307
  }
]