{
    "Plan": {
        "Node Type": "Aggregate",
        "Strategy": "Plain",
        "Partial Mode": "Finalize",
        "Parallel Aware": false,
        "Startup Cost": 214099.25,
        "Total Cost": 214099.26,
        "Plan Rows": 1,
        "Plan Width": 8,
        "Actual Startup Time": 2334.85,
        "Actual Total Time": 2411.864,
        "Actual Rows": 1,
        "Actual Loops": 1,
        "Output": [
            "count(*)"
        ],
        "Plans": [
            {
                "Node Type": "Gather",
                "Parent Relationship": "Outer",
                "Parallel Aware": false,
                "Startup Cost": 214098.93,
                "Total Cost": 214099.24,
                "Plan Rows": 3,
                "Plan Width": 8,
                "Actual Startup Time": 2333.369,
                "Actual Total Time": 2411.854,
                "Actual Rows": 4,
                "Actual Loops": 1,
                "Output": [
                    "(PARTIAL count(*))"
                ],
                "Workers Planned": 3,
                "Workers Launched": 3,
                "Single Copy": false,
                "Plans": [
                    {
                        "Node Type": "Aggregate",
                        "Strategy": "Plain",
                        "Partial Mode": "Partial",
                        "Parent Relationship": "Outer",
                        "Parallel Aware": false,
                        "Startup Cost": 213098.93,
                        "Total Cost": 213098.94,
                        "Plan Rows": 1,
                        "Plan Width": 8,
                        "Actual Startup Time": 2324.259,
                        "Actual Total Time": 2324.262,
                        "Actual Rows": 1,
                        "Actual Loops": 4,
                        "Output": [
                            "PARTIAL count(*)"
                        ],
                        "Workers": [
                            {
                                "Worker Number": 0,
                                "Actual Startup Time": 2320.981,
                                "Actual Total Time": 2320.984,
                                "Actual Rows": 1,
                                "Actual Loops": 1
                            },
                            {
                                "Worker Number": 1,
                                "Actual Startup Time": 2321.091,
                                "Actual Total Time": 2321.094,
                                "Actual Rows": 1,
                                "Actual Loops": 1
                            },
                            {
                                "Worker Number": 2,
                                "Actual Startup Time": 2322.199,
                                "Actual Total Time": 2322.202,
                                "Actual Rows": 1,
                                "Actual Loops": 1
                            }
                        ],
                        "Plans": [
                            {
                                "Node Type": "Nested Loop",
                                "Parent Relationship": "Outer",
                                "Parallel Aware": false,
                                "Join Type": "Inner",
                                "Startup Cost": 46616.67,
                                "Total Cost": 212024.69,
                                "Plan Rows": 429697,
                                "Plan Width": 0,
                                "Actual Startup Time": 147.145,
                                "Actual Total Time": 2208.167,
                                "Actual Rows": 2793127,
                                "Actual Loops": 4,
                                "Inner Unique": false,
                                "Join Filter": "(t.id = ci.movie_id)",
                                "Rows Removed by Join Filter": 0,
                                "Workers": [
                                    {
                                        "Worker Number": 0,
                                        "Actual Startup Time": 144.599,
                                        "Actual Total Time": 2209.675,
                                        "Actual Rows": 2626873,
                                        "Actual Loops": 1
                                    },
                                    {
                                        "Worker Number": 1,
                                        "Actual Startup Time": 144.594,
                                        "Actual Total Time": 2209.162,
                                        "Actual Rows": 2646581,
                                        "Actual Loops": 1
                                    },
                                    {
                                        "Worker Number": 2,
                                        "Actual Startup Time": 145.161,
                                        "Actual Total Time": 2203.479,
                                        "Actual Rows": 2801128,
                                        "Actual Loops": 1
                                    }
                                ],
                                "Plans": [
                                    {
                                        "Node Type": "Hash Join",
                                        "Parent Relationship": "Outer",
                                        "Parallel Aware": true,
                                        "Join Type": "Inner",
                                        "Startup Cost": 46616.11,
                                        "Total Cost": 89858.46,
                                        "Plan Rows": 29968,
                                        "Plan Width": 8,
                                        "Actual Startup Time": 147.054,
                                        "Actual Total Time": 279.98,
                                        "Actual Rows": 71974,
                                        "Actual Loops": 4,
                                        "Output": [
                                            "t.id",
                                            "mk.movie_id"
                                        ],
                                        "Inner Unique": true,
                                        "Hash Cond": "(mk.movie_id = t.id)",
                                        "Workers": [
                                            {
                                                "Worker Number": 0,
                                                "Actual Startup Time": 144.497,
                                                "Actual Total Time": 274.656,
                                                "Actual Rows": 67567,
                                                "Actual Loops": 1
                                            },
                                            {
                                                "Worker Number": 1,
                                                "Actual Startup Time": 144.478,
                                                "Actual Total Time": 273.843,
                                                "Actual Rows": 66819,
                                                "Actual Loops": 1
                                            },
                                            {
                                                "Worker Number": 2,
                                                "Actual Startup Time": 145.047,
                                                "Actual Total Time": 277.994,
                                                "Actual Rows": 72375,
                                                "Actual Loops": 1
                                            }
                                        ],
                                        "Plans": [
                                            {
                                                "Node Type": "Seq Scan",
                                                "Parent Relationship": "Outer",
                                                "Parallel Aware": true,
                                                "Relation Name": "movie_keyword",
                                                "Schema": "public",
                                                "Alias": "mk",
                                                "Startup Cost": 0.0,
                                                "Total Cost": 42695.65,
                                                "Plan Rows": 208265,
                                                "Plan Width": 4,
                                                "Actual Startup Time": 2.442,
                                                "Actual Total Time": 93.438,
                                                "Actual Rows": 158976,
                                                "Actual Loops": 4,
                                                "Output": [
                                                    "mk.id",
                                                    "mk.movie_id",
                                                    "mk.keyword_id"
                                                ],
                                                "Filter": "(mk.keyword_id > 29032)",
                                                "Rows Removed by Filter": 972007,
                                                "Workers": [
                                                    {
                                                        "Worker Number": 0,
                                                        "Actual Startup Time": 2.433,
                                                        "Actual Total Time": 92.188,
                                                        "Actual Rows": 142003,
                                                        "Actual Loops": 1
                                                    },
                                                    {
                                                        "Worker Number": 1,
                                                        "Actual Startup Time": 2.434,
                                                        "Actual Total Time": 92.039,
                                                        "Actual Rows": 142465,
                                                        "Actual Loops": 1
                                                    },
                                                    {
                                                        "Worker Number": 2,
                                                        "Actual Startup Time": 2.449,
                                                        "Actual Total Time": 95.492,
                                                        "Actual Rows": 155422,
                                                        "Actual Loops": 1
                                                    }
                                                ]
                                            },
                                            {
                                                "Node Type": "Hash",
                                                "Parent Relationship": "Inner",
                                                "Parallel Aware": true,
                                                "Startup Cost": 45479.21,
                                                "Total Cost": 45479.21,
                                                "Plan Rows": 90952,
                                                "Plan Width": 4,
                                                "Actual Startup Time": 139.985,
                                                "Actual Total Time": 139.986,
                                                "Actual Rows": 117593,
                                                "Actual Loops": 4,
                                                "Output": [
                                                    "t.id"
                                                ],
                                                "Hash Buckets": 524288,
                                                "Original Hash Buckets": 524288,
                                                "Hash Batches": 1,
                                                "Original Hash Batches": 1,
                                                "Peak Memory Usage": 22528,
                                                "Workers": [
                                                    {
                                                        "Worker Number": 0,
                                                        "Actual Startup Time": 139.556,
                                                        "Actual Total Time": 139.557,
                                                        "Actual Rows": 107975,
                                                        "Actual Loops": 1
                                                    },
                                                    {
                                                        "Worker Number": 1,
                                                        "Actual Startup Time": 139.668,
                                                        "Actual Total Time": 139.669,
                                                        "Actual Rows": 111027,
                                                        "Actual Loops": 1
                                                    },
                                                    {
                                                        "Worker Number": 2,
                                                        "Actual Startup Time": 140.263,
                                                        "Actual Total Time": 140.264,
                                                        "Actual Rows": 114787,
                                                        "Actual Loops": 1
                                                    }
                                                ],
                                                "Plans": [
                                                    {
                                                        "Node Type": "Seq Scan",
                                                        "Parent Relationship": "Outer",
                                                        "Parallel Aware": true,
                                                        "Relation Name": "title",
                                                        "Schema": "public",
                                                        "Alias": "t",
                                                        "Startup Cost": 0.0,
                                                        "Total Cost": 45479.21,
                                                        "Plan Rows": 90952,
                                                        "Plan Width": 4,
                                                        "Actual Startup Time": 0.066,
                                                        "Actual Total Time": 100.159,
                                                        "Actual Rows": 117593,
                                                        "Actual Loops": 4,
                                                        "Output": [
                                                            "t.id"
                                                        ],
                                                        "Filter": "((t.kind_id < 7) AND (t.production_year < 1998))",
                                                        "Rows Removed by Filter": 514485,
                                                        "Workers": [
                                                            {
                                                                "Worker Number": 0,
                                                                "Actual Startup Time": 0.071,
                                                                "Actual Total Time": 100.259,
                                                                "Actual Rows": 107975,
                                                                "Actual Loops": 1
                                                            },
                                                            {
                                                                "Worker Number": 1,
                                                                "Actual Startup Time": 0.072,
                                                                "Actual Total Time": 100.895,
                                                                "Actual Rows": 111027,
                                                                "Actual Loops": 1
                                                            },
                                                            {
                                                                "Worker Number": 2,
                                                                "Actual Startup Time": 0.078,
                                                                "Actual Total Time": 101.041,
                                                                "Actual Rows": 114787,
                                                                "Actual Loops": 1
                                                            }
                                                        ]
                                                    }
                                                ]
                                            }
                                        ]
                                    },
                                    {
                                        "Node Type": "Index Only Scan",
                                        "Parent Relationship": "Inner",
                                        "Parallel Aware": false,
                                        "Scan Direction": "Forward",
                                        "Index Name": "movie_id_cast_info",
                                        "Relation Name": "cast_info",
                                        "Schema": "public",
                                        "Alias": "ci",
                                        "Startup Cost": 0.56,
                                        "Total Cost": 3.6,
                                        "Plan Rows": 38,
                                        "Plan Width": 4,
                                        "Actual Startup Time": 0.004,
                                        "Actual Total Time": 0.023,
                                        "Actual Rows": 39,
                                        "Actual Loops": 287895,
                                        "Output": [
                                            "ci.movie_id"
                                        ],
                                        "Index Cond": "(ci.movie_id = mk.movie_id)",
                                        "Rows Removed by Index Recheck": 0,
                                        "Heap Fetches": 11172509,
                                        "Workers": [
                                            {
                                                "Worker Number": 0,
                                                "Actual Startup Time": 0.004,
                                                "Actual Total Time": 0.025,
                                                "Actual Rows": 39,
                                                "Actual Loops": 67567
                                            },
                                            {
                                                "Worker Number": 1,
                                                "Actual Startup Time": 0.004,
                                                "Actual Total Time": 0.026,
                                                "Actual Rows": 40,
                                                "Actual Loops": 66819
                                            },
                                            {
                                                "Worker Number": 2,
                                                "Actual Startup Time": 0.004,
                                                "Actual Total Time": 0.023,
                                                "Actual Rows": 39,
                                                "Actual Loops": 72375
                                            }
                                        ]
                                    }
                                ]
                            }
                        ]
                    }
                ]
            }
        ]
    },
    "Planning Time": 1.238,
    "Triggers": [],
    "Execution Time": 2411.961
}