[
  {
    "Plan": {
      "Node Type": "Aggregate",
      "Strategy": "Plain",
      "Partial Mode": "Finalize",
      "Parallel Aware": false,
      "Startup Cost": 71764.38,
      "Total Cost": 71764.39,
      "Plan Rows": 1,
      "Plan Width": 8,
      "Actual Startup Time": 100.241,
      "Actual Total Time": 111.335,
      "Actual Rows": 1,
      "Actual Loops": 1,
      "Plans": [
        {
          "Node Type": "Gather",
          "Parent Relationship": "Outer",
          "Parallel Aware": false,
          "Startup Cost": 71763.96,
          "Total Cost": 71764.37,
          "Plan Rows": 4,
          "Plan Width": 8,
          "Actual Startup Time": 100.095,
          "Actual Total Time": 111.327,
          "Actual Rows": 5,
          "Actual Loops": 1,
          "Workers Planned": 4,
          "Workers Launched": 4,
          "Single Copy": false,
          "Plans": [
            {
              "Node Type": "Aggregate",
              "Strategy": "Plain",
              "Partial Mode": "Partial",
              "Parent Relationship": "Outer",
              "Parallel Aware": false,
              "Startup Cost": 70763.96,
              "Total Cost": 70763.97,
              "Plan Rows": 1,
              "Plan Width": 8,
              "Actual Startup Time": 90.272,
              "Actual Total Time": 90.273,
              "Actual Rows": 1,
              "Actual Loops": 5,
              "Plans": [
                {
                  "Node Type": "Nested Loop",
                  "Parent Relationship": "Outer",
                  "Parallel Aware": false,
                  "Join Type": "Inner",
                  "Startup Cost": 0.43,
                  "Total Cost": 70762.78,
                  "Plan Rows": 474,
                  "Plan Width": 0,
                  "Actual Startup Time": 0.542,
                  "Actual Total Time": 90.181,
                  "Actual Rows": 509,
                  "Actual Loops": 5,
                  "Inner Unique": false,
                  "Plans": [
                    {
                      "Node Type": "Seq Scan",
                      "Parent Relationship": "Outer",
                      "Parallel Aware": true,
                      "Relation Name": "title",
                      "Alias": "t",
                      "Startup Cost": 0.0,
                      "Total Cost": 45479.1,
                      "Plan Rows": 2844,
                      "Plan Width": 4,
                      "Actual Startup Time": 0.122,
                      "Actual Total Time": 75.318,
                      "Actual Rows": 1971,
                      "Actual Loops": 5,
                      "Filter": "((kind_id > 1) AND (production_year = 1971))",
                      "Rows Removed by Filter": 503691
                    },
                    {
                      "Node Type": "Index Scan",
                      "Parent Relationship": "Inner",
                      "Parallel Aware": false,
                      "Scan Direction": "Forward",
                      "Index Name": "movie_id_movie_companies",
                      "Relation Name": "movie_companies",
                      "Alias": "mc",
                      "Startup Cost": 0.43,
                      "Total Cost": 8.88,
                      "Plan Rows": 1,
                      "Plan Width": 4,
                      "Actual Startup Time": 0.007,
                      "Actual Total Time": 0.007,
                      "Actual Rows": 0,
                      "Actual Loops": 9857,
                      "Index Cond": "(movie_id = t.id)",
                      "Rows Removed by Index Recheck": 0,
                      "Filter": "((company_id < 2020) AND (company_type_id = 2))",
                      "Rows Removed by Filter": 1
                    }
                  ]
                }
              ]
            }
          ]
        }
      ]
    },
    "Planning Time": 0.676,
    "Triggers": [],
    "Execution Time": 111.435
  }
]