[
  {
    "Plan": {
      "Node Type": "Aggregate",
      "Strategy": "Plain",
      "Partial Mode": "Finalize",
      "Parallel Aware": false,
      "Startup Cost": 81088.78,
      "Total Cost": 81088.79,
      "Plan Rows": 1,
      "Plan Width": 8,
      "Actual Startup Time": 287.9,
      "Actual Total Time": 303.54,
      "Actual Rows": 1,
      "Actual Loops": 1,
      "Plans": [
        {
          "Node Type": "Gather",
          "Parent Relationship": "Outer",
          "Parallel Aware": false,
          "Startup Cost": 81088.36,
          "Total Cost": 81088.77,
          "Plan Rows": 4,
          "Plan Width": 8,
          "Actual Startup Time": 283.863,
          "Actual Total Time": 303.531,
          "Actual Rows": 5,
          "Actual Loops": 1,
          "Workers Planned": 4,
          "Workers Launched": 4,
          "Single Copy": false,
          "Plans": [
            {
              "Node Type": "Aggregate",
              "Strategy": "Plain",
              "Partial Mode": "Partial",
              "Parent Relationship": "Outer",
              "Parallel Aware": false,
              "Startup Cost": 80088.36,
              "Total Cost": 80088.37,
              "Plan Rows": 1,
              "Plan Width": 8,
              "Actual Startup Time": 274.736,
              "Actual Total Time": 274.739,
              "Actual Rows": 1,
              "Actual Loops": 5,
              "Plans": [
                {
                  "Node Type": "Hash Join",
                  "Parent Relationship": "Outer",
                  "Parallel Aware": true,
                  "Join Type": "Inner",
                  "Startup Cost": 33772.34,
                  "Total Cost": 79722.94,
                  "Plan Rows": 146167,
                  "Plan Width": 0,
                  "Actual Startup Time": 108.375,
                  "Actual Total Time": 271.217,
                  "Actual Rows": 74961,
                  "Actual Loops": 5,
                  "Inner Unique": false,
                  "Hash Cond": "(t.id = mc.movie_id)",
                  "Plans": [
                    {
                      "Node Type": "Seq Scan",
                      "Parent Relationship": "Outer",
                      "Parallel Aware": true,
                      "Relation Name": "title",
                      "Alias": "t",
                      "Startup Cost": 0.0,
                      "Total Cost": 42318.73,
                      "Plan Rows": 632073,
                      "Plan Width": 4,
                      "Actual Startup Time": 0.01,
                      "Actual Total Time": 63.704,
                      "Actual Rows": 505662,
                      "Actual Loops": 5
                    },
                    {
                      "Node Type": "Hash",
                      "Parent Relationship": "Inner",
                      "Parallel Aware": true,
                      "Startup Cost": 31414.82,
                      "Total Cost": 31414.82,
                      "Plan Rows": 188602,
                      "Plan Width": 4,
                      "Actual Startup Time": 104.128,
                      "Actual Total Time": 104.129,
                      "Actual Rows": 74961,
                      "Actual Loops": 5,
                      "Hash Buckets": 1048576,
                      "Original Hash Buckets": 1048576,
                      "Hash Batches": 1,
                      "Original Hash Batches": 1,
                      "Peak Memory Usage": 22912,
                      "Plans": [
                        {
                          "Node Type": "Seq Scan",
                          "Parent Relationship": "Outer",
                          "Parallel Aware": true,
                          "Relation Name": "movie_companies",
                          "Alias": "mc",
                          "Startup Cost": 0.0,
                          "Total Cost": 31414.82,
                          "Plan Rows": 188602,
                          "Plan Width": 4,
                          "Actual Startup Time": 47.282,
                          "Actual Total Time": 73.836,
                          "Actual Rows": 74961,
                          "Actual Loops": 5,
                          "Filter": "((company_id < 8974) AND (company_type_id > 1))",
                          "Rows Removed by Filter": 446865
                        }
                      ]
                    }
                  ]
                }
              ]
            }
          ]
        }
      ]
    },
    "Planning Time": 0.693,
    "Triggers": [],
    "Execution Time": 303.61
  }
]