{
    "Plan": {
        "Node Type": "Aggregate",
        "Strategy": "Plain",
        "Partial Mode": "Finalize",
        "Parallel Aware": false,
        "Startup Cost": 135307.73,
        "Total Cost": 135307.74,
        "Plan Rows": 1,
        "Plan Width": 8,
        "Actual Startup Time": 144.53,
        "Actual Total Time": 154.786,
        "Actual Rows": 1,
        "Actual Loops": 1,
        "Output": [
            "count(*)"
        ],
        "Plans": [
            {
                "Node Type": "Gather",
                "Parent Relationship": "Outer",
                "Parallel Aware": false,
                "Startup Cost": 135307.31,
                "Total Cost": 135307.72,
                "Plan Rows": 4,
                "Plan Width": 8,
                "Actual Startup Time": 141.514,
                "Actual Total Time": 154.777,
                "Actual Rows": 5,
                "Actual Loops": 1,
                "Output": [
                    "(PARTIAL count(*))"
                ],
                "Workers Planned": 4,
                "Workers Launched": 4,
                "Single Copy": false,
                "Plans": [
                    {
                        "Node Type": "Aggregate",
                        "Strategy": "Plain",
                        "Partial Mode": "Partial",
                        "Parent Relationship": "Outer",
                        "Parallel Aware": false,
                        "Startup Cost": 134307.31,
                        "Total Cost": 134307.32,
                        "Plan Rows": 1,
                        "Plan Width": 8,
                        "Actual Startup Time": 133.173,
                        "Actual Total Time": 133.175,
                        "Actual Rows": 1,
                        "Actual Loops": 5,
                        "Output": [
                            "PARTIAL count(*)"
                        ],
                        "Workers": [
                            {
                                "Worker Number": 0,
                                "Actual Startup Time": 129.015,
                                "Actual Total Time": 129.019,
                                "Actual Rows": 1,
                                "Actual Loops": 1
                            },
                            {
                                "Worker Number": 1,
                                "Actual Startup Time": 131.949,
                                "Actual Total Time": 131.951,
                                "Actual Rows": 1,
                                "Actual Loops": 1
                            },
                            {
                                "Worker Number": 2,
                                "Actual Startup Time": 131.926,
                                "Actual Total Time": 131.928,
                                "Actual Rows": 1,
                                "Actual Loops": 1
                            },
                            {
                                "Worker Number": 3,
                                "Actual Startup Time": 132.197,
                                "Actual Total Time": 132.199,
                                "Actual Rows": 1,
                                "Actual Loops": 1
                            }
                        ],
                        "Plans": [
                            {
                                "Node Type": "Merge Join",
                                "Parent Relationship": "Outer",
                                "Parallel Aware": false,
                                "Join Type": "Inner",
                                "Startup Cost": 133797.48,
                                "Total Cost": 134305.6,
                                "Plan Rows": 684,
                                "Plan Width": 0,
                                "Actual Startup Time": 121.962,
                                "Actual Total Time": 133.15,
                                "Actual Rows": 361,
                                "Actual Loops": 5,
                                "Inner Unique": false,
                                "Merge Cond": "(t.id = mi.movie_id)",
                                "Workers": [
                                    {
                                        "Worker Number": 0,
                                        "Actual Startup Time": 116.621,
                                        "Actual Total Time": 128.993,
                                        "Actual Rows": 303,
                                        "Actual Loops": 1
                                    },
                                    {
                                        "Worker Number": 1,
                                        "Actual Startup Time": 121.239,
                                        "Actual Total Time": 131.926,
                                        "Actual Rows": 370,
                                        "Actual Loops": 1
                                    },
                                    {
                                        "Worker Number": 2,
                                        "Actual Startup Time": 121.355,
                                        "Actual Total Time": 131.906,
                                        "Actual Rows": 334,
                                        "Actual Loops": 1
                                    },
                                    {
                                        "Worker Number": 3,
                                        "Actual Startup Time": 121.535,
                                        "Actual Total Time": 132.176,
                                        "Actual Rows": 339,
                                        "Actual Loops": 1
                                    }
                                ],
                                "Plans": [
                                    {
                                        "Node Type": "Sort",
                                        "Parent Relationship": "Outer",
                                        "Parallel Aware": false,
                                        "Startup Cost": 50253.43,
                                        "Total Cost": 50448.89,
                                        "Plan Rows": 78186,
                                        "Plan Width": 4,
                                        "Actual Startup Time": 101.357,
                                        "Actual Total Time": 106.296,
                                        "Actual Rows": 61861,
                                        "Actual Loops": 5,
                                        "Output": [
                                            "t.id"
                                        ],
                                        "Sort Key": [
                                            "t.id"
                                        ],
                                        "Sort Method": "quicksort",
                                        "Sort Space Used": 6797,
                                        "Sort Space Type": "Memory",
                                        "Workers": [
                                            {
                                                "Worker Number": 0,
                                                "Actual Startup Time": 95.953,
                                                "Actual Total Time": 100.504,
                                                "Actual Rows": 51383,
                                                "Actual Loops": 1
                                            },
                                            {
                                                "Worker Number": 1,
                                                "Actual Startup Time": 99.153,
                                                "Actual Total Time": 103.872,
                                                "Actual Rows": 59467,
                                                "Actual Loops": 1
                                            },
                                            {
                                                "Worker Number": 2,
                                                "Actual Startup Time": 99.255,
                                                "Actual Total Time": 103.887,
                                                "Actual Rows": 59066,
                                                "Actual Loops": 1
                                            },
                                            {
                                                "Worker Number": 3,
                                                "Actual Startup Time": 99.518,
                                                "Actual Total Time": 104.2,
                                                "Actual Rows": 59998,
                                                "Actual Loops": 1
                                            }
                                        ],
                                        "Plans": [
                                            {
                                                "Node Type": "Seq Scan",
                                                "Parent Relationship": "Outer",
                                                "Parallel Aware": true,
                                                "Relation Name": "title",
                                                "Schema": "public",
                                                "Alias": "t",
                                                "Startup Cost": 0.0,
                                                "Total Cost": 43899.01,
                                                "Plan Rows": 78186,
                                                "Plan Width": 4,
                                                "Actual Startup Time": 0.061,
                                                "Actual Total Time": 83.923,
                                                "Actual Rows": 61907,
                                                "Actual Loops": 5,
                                                "Output": [
                                                    "t.id"
                                                ],
                                                "Filter": "(t.production_year < 1966)",
                                                "Rows Removed by Filter": 443756,
                                                "Workers": [
                                                    {
                                                        "Worker Number": 0,
                                                        "Actual Startup Time": 0.079,
                                                        "Actual Total Time": 82.084,
                                                        "Actual Rows": 51421,
                                                        "Actual Loops": 1
                                                    },
                                                    {
                                                        "Worker Number": 1,
                                                        "Actual Startup Time": 0.068,
                                                        "Actual Total Time": 82.372,
                                                        "Actual Rows": 59505,
                                                        "Actual Loops": 1
                                                    },
                                                    {
                                                        "Worker Number": 2,
                                                        "Actual Startup Time": 0.06,
                                                        "Actual Total Time": 82.513,
                                                        "Actual Rows": 59113,
                                                        "Actual Loops": 1
                                                    },
                                                    {
                                                        "Worker Number": 3,
                                                        "Actual Startup Time": 0.078,
                                                        "Actual Total Time": 82.585,
                                                        "Actual Rows": 60031,
                                                        "Actual Loops": 1
                                                    }
                                                ]
                                            }
                                        ]
                                    },
                                    {
                                        "Node Type": "Sort",
                                        "Parent Relationship": "Inner",
                                        "Parallel Aware": false,
                                        "Startup Cost": 83544.04,
                                        "Total Cost": 83599.37,
                                        "Plan Rows": 22133,
                                        "Plan Width": 4,
                                        "Actual Startup Time": 18.86,
                                        "Actual Total Time": 21.088,
                                        "Actual Rows": 30180,
                                        "Actual Loops": 5,
                                        "Output": [
                                            "mi.movie_id"
                                        ],
                                        "Sort Key": [
                                            "mi.movie_id"
                                        ],
                                        "Sort Method": "quicksort",
                                        "Sort Space Used": 2183,
                                        "Sort Space Type": "Memory",
                                        "Workers": [
                                            {
                                                "Worker Number": 0,
                                                "Actual Startup Time": 20.455,
                                                "Actual Total Time": 22.906,
                                                "Actual Rows": 30180,
                                                "Actual Loops": 1
                                            },
                                            {
                                                "Worker Number": 1,
                                                "Actual Startup Time": 20.234,
                                                "Actual Total Time": 22.46,
                                                "Actual Rows": 30180,
                                                "Actual Loops": 1
                                            },
                                            {
                                                "Worker Number": 2,
                                                "Actual Startup Time": 20.288,
                                                "Actual Total Time": 22.48,
                                                "Actual Rows": 30180,
                                                "Actual Loops": 1
                                            },
                                            {
                                                "Worker Number": 3,
                                                "Actual Startup Time": 20.176,
                                                "Actual Total Time": 22.405,
                                                "Actual Rows": 30180,
                                                "Actual Loops": 1
                                            }
                                        ],
                                        "Plans": [
                                            {
                                                "Node Type": "Index Scan",
                                                "Parent Relationship": "Outer",
                                                "Parallel Aware": false,
                                                "Scan Direction": "Forward",
                                                "Index Name": "info_type_id_movie_info",
                                                "Relation Name": "movie_info",
                                                "Schema": "public",
                                                "Alias": "mi",
                                                "Startup Cost": 0.43,
                                                "Total Cost": 81946.71,
                                                "Plan Rows": 22133,
                                                "Plan Width": 4,
                                                "Actual Startup Time": 0.087,
                                                "Actual Total Time": 12.771,
                                                "Actual Rows": 30180,
                                                "Actual Loops": 5,
                                                "Output": [
                                                    "mi.movie_id"
                                                ],
                                                "Index Cond": "(mi.info_type_id = 110)",
                                                "Rows Removed by Index Recheck": 0,
                                                "Workers": [
                                                    {
                                                        "Worker Number": 0,
                                                        "Actual Startup Time": 0.132,
                                                        "Actual Total Time": 14.012,
                                                        "Actual Rows": 30180,
                                                        "Actual Loops": 1
                                                    },
                                                    {
                                                        "Worker Number": 1,
                                                        "Actual Startup Time": 0.087,
                                                        "Actual Total Time": 13.815,
                                                        "Actual Rows": 30180,
                                                        "Actual Loops": 1
                                                    },
                                                    {
                                                        "Worker Number": 2,
                                                        "Actual Startup Time": 0.112,
                                                        "Actual Total Time": 13.861,
                                                        "Actual Rows": 30180,
                                                        "Actual Loops": 1
                                                    },
                                                    {
                                                        "Worker Number": 3,
                                                        "Actual Startup Time": 0.081,
                                                        "Actual Total Time": 13.766,
                                                        "Actual Rows": 30180,
                                                        "Actual Loops": 1
                                                    }
                                                ]
                                            }
                                        ]
                                    }
                                ]
                            }
                        ]
                    }
                ]
            }
        ]
    },
    "Planning Time": 0.715,
    "Triggers": [],
    "Execution Time": 154.893
}