[
  {
    "Plan": {
      "Node Type": "Aggregate",
      "Strategy": "Plain",
      "Partial Mode": "Finalize",
      "Parallel Aware": false,
      "Startup Cost": 307584.47,
      "Total Cost": 307584.48,
      "Plan Rows": 1,
      "Plan Width": 8,
      "Actual Startup Time": 830.208,
      "Actual Total Time": 884.557,
      "Actual Rows": 1,
      "Actual Loops": 1,
      "Plans": [
        {
          "Node Type": "Gather",
          "Parent Relationship": "Outer",
          "Parallel Aware": false,
          "Startup Cost": 307583.95,
          "Total Cost": 307584.46,
          "Plan Rows": 5,
          "Plan Width": 8,
          "Actual Startup Time": 825.354,
          "Actual Total Time": 884.548,
          "Actual Rows": 6,
          "Actual Loops": 1,
          "Workers Planned": 5,
          "Workers Launched": 5,
          "Single Copy": false,
          "Plans": [
            {
              "Node Type": "Aggregate",
              "Strategy": "Plain",
              "Partial Mode": "Partial",
              "Parent Relationship": "Outer",
              "Parallel Aware": false,
              "Startup Cost": 306583.95,
              "Total Cost": 306583.96,
              "Plan Rows": 1,
              "Plan Width": 8,
              "Actual Startup Time": 815.489,
              "Actual Total Time": 815.569,
              "Actual Rows": 1,
              "Actual Loops": 6,
              "Plans": [
                {
                  "Node Type": "Hash Join",
                  "Parent Relationship": "Outer",
                  "Parallel Aware": true,
                  "Join Type": "Inner",
                  "Startup Cost": 96670.5,
                  "Total Cost": 305013.42,
                  "Plan Rows": 628210,
                  "Plan Width": 0,
                  "Actual Startup Time": 283.776,
                  "Actual Total Time": 800.732,
                  "Actual Rows": 347293,
                  "Actual Loops": 6,
                  "Inner Unique": false,
                  "Hash Cond": "(mi.movie_id = t.id)",
                  "Plans": [
                    {
                      "Node Type": "Seq Scan",
                      "Parent Relationship": "Outer",
                      "Parallel Aware": true,
                      "Relation Name": "movie_info",
                      "Alias": "mi",
                      "Startup Cost": 0.0,
                      "Total Cost": 199108.24,
                      "Plan Rows": 1922185,
                      "Plan Width": 4,
                      "Actual Startup Time": 0.032,
                      "Actual Total Time": 331.196,
                      "Actual Rows": 1594192,
                      "Actual Loops": 6,
                      "Filter": "(info_type_id < 16)",
                      "Rows Removed by Filter": 878428
                    },
                    {
                      "Node Type": "Hash",
                      "Parent Relationship": "Inner",
                      "Parallel Aware": true,
                      "Startup Cost": 93338.47,
                      "Total Cost": 93338.47,
                      "Plan Rows": 266562,
                      "Plan Width": 8,
                      "Actual Startup Time": 280.888,
                      "Actual Total Time": 280.966,
                      "Actual Rows": 49296,
                      "Actual Loops": 6,
                      "Hash Buckets": 1048576,
                      "Original Hash Buckets": 1048576,
                      "Hash Batches": 1,
                      "Original Hash Batches": 1,
                      "Peak Memory Usage": 19872,
                      "Plans": [
                        {
                          "Node Type": "Hash Join",
                          "Parent Relationship": "Outer",
                          "Parallel Aware": true,
                          "Join Type": "Inner",
                          "Startup Cost": 46995.39,
                          "Total Cost": 93338.47,
                          "Plan Rows": 266562,
                          "Plan Width": 8,
                          "Actual Startup Time": 122.738,
                          "Actual Total Time": 267.168,
                          "Actual Rows": 49296,
                          "Actual Loops": 6,
                          "Inner Unique": true,
                          "Hash Cond": "(mk.movie_id = t.id)",
                          "Plans": [
                            {
                              "Node Type": "Seq Scan",
                              "Parent Relationship": "Outer",
                              "Parallel Aware": true,
                              "Relation Name": "movie_keyword",
                              "Alias": "mk",
                              "Startup Cost": 0.0,
                              "Total Cost": 42695.65,
                              "Plan Rows": 1389494,
                              "Plan Width": 4,
                              "Actual Startup Time": 0.036,
                              "Actual Total Time": 78.543,
                              "Actual Rows": 717248,
                              "Actual Loops": 6,
                              "Filter": "(keyword_id < 64650)",
                              "Rows Removed by Filter": 36740
                            },
                            {
                              "Node Type": "Hash",
                              "Parent Relationship": "Inner",
                              "Parallel Aware": true,
                              "Startup Cost": 45479.59,
                              "Total Cost": 45479.59,
                              "Plan Rows": 121264,
                              "Plan Width": 4,
                              "Actual Startup Time": 121.775,
                              "Actual Total Time": 121.776,
                              "Actual Rows": 83630,
                              "Actual Loops": 6,
                              "Hash Buckets": 524288,
                              "Original Hash Buckets": 524288,
                              "Hash Batches": 1,
                              "Original Hash Batches": 1,
                              "Peak Memory Usage": 23808,
                              "Plans": [
                                {
                                  "Node Type": "Seq Scan",
                                  "Parent Relationship": "Outer",
                                  "Parallel Aware": true,
                                  "Relation Name": "title",
                                  "Alias": "t",
                                  "Startup Cost": 0.0,
                                  "Total Cost": 45479.59,
                                  "Plan Rows": 121264,
                                  "Plan Width": 4,
                                  "Actual Startup Time": 0.058,
                                  "Actual Total Time": 83.211,
                                  "Actual Rows": 83630,
                                  "Actual Loops": 6,
                                  "Filter": "((kind_id > 1) AND (production_year > 2008))",
                                  "Rows Removed by Filter": 337756
                                }
                              ]
                            }
                          ]
                        }
                      ]
                    }
                  ]
                }
              ]
            }
          ]
        }
      ]
    },
    "Planning Time": 0.54,
    "Triggers": [],
    "Execution Time": 884.618
  }
]