[
  {
    "Plan": {
      "Node Type": "Aggregate",
      "Strategy": "Plain",
      "Partial Mode": "Finalize",
      "Parallel Aware": false,
      "Startup Cost": 127926.84,
      "Total Cost": 127926.85,
      "Plan Rows": 1,
      "Plan Width": 8,
      "Actual Startup Time": 142.824,
      "Actual Total Time": 166.338,
      "Actual Rows": 1,
      "Actual Loops": 1,
      "Plans": [
        {
          "Node Type": "Gather",
          "Parent Relationship": "Outer",
          "Parallel Aware": false,
          "Startup Cost": 127926.42,
          "Total Cost": 127926.83,
          "Plan Rows": 4,
          "Plan Width": 8,
          "Actual Startup Time": 142.56,
          "Actual Total Time": 166.325,
          "Actual Rows": 5,
          "Actual Loops": 1,
          "Workers Planned": 4,
          "Workers Launched": 4,
          "Single Copy": false,
          "Plans": [
            {
              "Node Type": "Aggregate",
              "Strategy": "Plain",
              "Partial Mode": "Partial",
              "Parent Relationship": "Outer",
              "Parallel Aware": false,
              "Startup Cost": 126926.42,
              "Total Cost": 126926.43,
              "Plan Rows": 1,
              "Plan Width": 8,
              "Actual Startup Time": 136.506,
              "Actual Total Time": 136.507,
              "Actual Rows": 1,
              "Actual Loops": 5,
              "Plans": [
                {
                  "Node Type": "Nested Loop",
                  "Parent Relationship": "Outer",
                  "Parallel Aware": false,
                  "Join Type": "Inner",
                  "Startup Cost": 0.43,
                  "Total Cost": 126925.9,
                  "Plan Rows": 208,
                  "Plan Width": 0,
                  "Actual Startup Time": 73.4,
                  "Actual Total Time": 136.44,
                  "Actual Rows": 402,
                  "Actual Loops": 5,
                  "Inner Unique": false,
                  "Plans": [
                    {
                      "Node Type": "Seq Scan",
                      "Parent Relationship": "Outer",
                      "Parallel Aware": true,
                      "Relation Name": "title",
                      "Alias": "t",
                      "Startup Cost": 0.0,
                      "Total Cost": 45479.59,
                      "Plan Rows": 638,
                      "Plan Width": 4,
                      "Actual Startup Time": 72.282,
                      "Actual Total Time": 107.267,
                      "Actual Rows": 560,
                      "Actual Loops": 5,
                      "Filter": "((kind_id = 1) AND (production_year = 1955))",
                      "Rows Removed by Filter": 505102
                    },
                    {
                      "Node Type": "Index Scan",
                      "Parent Relationship": "Inner",
                      "Parallel Aware": false,
                      "Scan Direction": "Forward",
                      "Index Name": "movie_id_movie_info",
                      "Relation Name": "movie_info",
                      "Alias": "mi",
                      "Startup Cost": 0.43,
                      "Total Cost": 127.64,
                      "Plan Rows": 2,
                      "Plan Width": 4,
                      "Actual Startup Time": 0.027,
                      "Actual Total Time": 0.051,
                      "Actual Rows": 1,
                      "Actual Loops": 2801,
                      "Index Cond": "(movie_id = t.id)",
                      "Rows Removed by Index Recheck": 0,
                      "Filter": "(info_type_id < 2)",
                      "Rows Removed by Filter": 13
                    }
                  ]
                }
              ]
            }
          ]
        }
      ]
    },
    "Planning Time": 0.301,
    "Triggers": [],
    "Execution Time": 166.381
  }
]