[
    {
        "Bao": {
            "Bao prediction": 660.93,
            "Bao recommended hint": "(no hint)"
        }
    },
    {
        "Plan": {
            "Node Type": "Aggregate",
            "Strategy": "Plain",
            "Partial Mode": "Finalize",
            "Parallel Aware": false,
            "Startup Cost": 29730.1,
            "Total Cost": 29730.11,
            "Plan Rows": 1,
            "Plan Width": 8,
            "Actual Startup Time": 104.542,
            "Actual Total Time": 109.589,
            "Actual Rows": 1,
            "Actual Loops": 1,
            "Output": [
                "count(*)"
            ],
            "Plans": [
                {
                    "Node Type": "Gather",
                    "Parent Relationship": "Outer",
                    "Parallel Aware": false,
                    "Startup Cost": 29729.79,
                    "Total Cost": 29730.1,
                    "Plan Rows": 3,
                    "Plan Width": 8,
                    "Actual Startup Time": 104.212,
                    "Actual Total Time": 109.579,
                    "Actual Rows": 4,
                    "Actual Loops": 1,
                    "Output": [
                        "(PARTIAL count(*))"
                    ],
                    "Workers Planned": 3,
                    "Workers Launched": 3,
                    "Single Copy": false,
                    "Plans": [
                        {
                            "Node Type": "Aggregate",
                            "Strategy": "Plain",
                            "Partial Mode": "Partial",
                            "Parent Relationship": "Outer",
                            "Parallel Aware": false,
                            "Startup Cost": 28729.79,
                            "Total Cost": 28729.8,
                            "Plan Rows": 1,
                            "Plan Width": 8,
                            "Actual Startup Time": 95.869,
                            "Actual Total Time": 95.87,
                            "Actual Rows": 1,
                            "Actual Loops": 4,
                            "Output": [
                                "PARTIAL count(*)"
                            ],
                            "Workers": [
                                {
                                    "Worker Number": 0,
                                    "Actual Startup Time": 93.073,
                                    "Actual Total Time": 93.074,
                                    "Actual Rows": 1,
                                    "Actual Loops": 1
                                },
                                {
                                    "Worker Number": 1,
                                    "Actual Startup Time": 93.114,
                                    "Actual Total Time": 93.115,
                                    "Actual Rows": 1,
                                    "Actual Loops": 1
                                },
                                {
                                    "Worker Number": 2,
                                    "Actual Startup Time": 93.679,
                                    "Actual Total Time": 93.68,
                                    "Actual Rows": 1,
                                    "Actual Loops": 1
                                }
                            ],
                            "Plans": [
                                {
                                    "Node Type": "Bitmap Heap Scan",
                                    "Parent Relationship": "Outer",
                                    "Parallel Aware": true,
                                    "Relation Name": "movie_companies",
                                    "Schema": "public",
                                    "Alias": "mc",
                                    "Startup Cost": 8125.81,
                                    "Total Cost": 28427.46,
                                    "Plan Rows": 120932,
                                    "Plan Width": 0,
                                    "Actual Startup Time": 34.708,
                                    "Actual Total Time": 87.86,
                                    "Actual Rows": 92908,
                                    "Actual Loops": 4,
                                    "Recheck Cond": "(mc.company_id < 203)",
                                    "Rows Removed by Index Recheck": 0,
                                    "Exact Heap Blocks": 7273,
                                    "Lossy Heap Blocks": 0,
                                    "Workers": [
                                        {
                                            "Worker Number": 0,
                                            "Actual Startup Time": 32.053,
                                            "Actual Total Time": 85.863,
                                            "Actual Rows": 70316,
                                            "Actual Loops": 1
                                        },
                                        {
                                            "Worker Number": 1,
                                            "Actual Startup Time": 32.028,
                                            "Actual Total Time": 85.842,
                                            "Actual Rows": 61206,
                                            "Actual Loops": 1
                                        },
                                        {
                                            "Worker Number": 2,
                                            "Actual Startup Time": 32.553,
                                            "Actual Total Time": 86.697,
                                            "Actual Rows": 72410,
                                            "Actual Loops": 1
                                        }
                                    ],
                                    "Plans": [
                                        {
                                            "Node Type": "Bitmap Index Scan",
                                            "Parent Relationship": "Outer",
                                            "Parallel Aware": false,
                                            "Index Name": "company_id_movie_companies",
                                            "Startup Cost": 0.0,
                                            "Total Cost": 8032.09,
                                            "Plan Rows": 374888,
                                            "Plan Width": 0,
                                            "Actual Startup Time": 37.993,
                                            "Actual Total Time": 37.994,
                                            "Actual Rows": 371634,
                                            "Actual Loops": 1,
                                            "Index Cond": "(mc.company_id < 203)"
                                        }
                                    ]
                                }
                            ]
                        }
                    ]
                }
            ]
        },
        "Planning Time": 1060.184,
        "Triggers": [],
        "Execution Time": 109.724
    }
]