[
  {
    "Plan": {
      "Node Type": "Aggregate",
      "Strategy": "Plain",
      "Partial Mode": "Finalize",
      "Parallel Aware": false,
      "Startup Cost": 204454.29,
      "Total Cost": 204454.3,
      "Plan Rows": 1,
      "Plan Width": 8,
      "Actual Startup Time": 2196.759,
      "Actual Total Time": 2279.476,
      "Actual Rows": 1,
      "Actual Loops": 1,
      "Plans": [
        {
          "Node Type": "Gather",
          "Parent Relationship": "Outer",
          "Parallel Aware": false,
          "Startup Cost": 204453.98,
          "Total Cost": 204454.29,
          "Plan Rows": 3,
          "Plan Width": 8,
          "Actual Startup Time": 2195.205,
          "Actual Total Time": 2279.468,
          "Actual Rows": 4,
          "Actual Loops": 1,
          "Workers Planned": 3,
          "Workers Launched": 3,
          "Single Copy": false,
          "Plans": [
            {
              "Node Type": "Aggregate",
              "Strategy": "Plain",
              "Partial Mode": "Partial",
              "Parent Relationship": "Outer",
              "Parallel Aware": false,
              "Startup Cost": 203453.98,
              "Total Cost": 203453.99,
              "Plan Rows": 1,
              "Plan Width": 8,
              "Actual Startup Time": 2185.624,
              "Actual Total Time": 2185.627,
              "Actual Rows": 1,
              "Actual Loops": 4,
              "Plans": [
                {
                  "Node Type": "Nested Loop",
                  "Parent Relationship": "Outer",
                  "Parallel Aware": false,
                  "Join Type": "Inner",
                  "Startup Cost": 55836.69,
                  "Total Cost": 202605.71,
                  "Plan Rows": 339308,
                  "Plan Width": 0,
                  "Actual Startup Time": 190.265,
                  "Actual Total Time": 2075.677,
                  "Actual Rows": 2558777,
                  "Actual Loops": 4,
                  "Inner Unique": false,
                  "Plans": [
                    {
                      "Node Type": "Hash Join",
                      "Parent Relationship": "Outer",
                      "Parallel Aware": true,
                      "Join Type": "Inner",
                      "Startup Cost": 55836.13,
                      "Total Cost": 82357.44,
                      "Plan Rows": 23680,
                      "Plan Width": 8,
                      "Actual Startup Time": 190.167,
                      "Actual Total Time": 260.588,
                      "Actual Rows": 51423,
                      "Actual Loops": 4,
                      "Inner Unique": true,
                      "Hash Cond": "(mk.movie_id = t.id)",
                      "Plans": [
                        {
                          "Node Type": "Bitmap Heap Scan",
                          "Parent Relationship": "Outer",
                          "Parallel Aware": true,
                          "Relation Name": "movie_keyword",
                          "Alias": "mk",
                          "Startup Cost": 8988.22,
                          "Total Cost": 35150.74,
                          "Plan Rows": 136682,
                          "Plan Width": 4,
                          "Actual Startup Time": 29.189,
                          "Actual Total Time": 77.591,
                          "Actual Rows": 109864,
                          "Actual Loops": 4,
                          "Recheck Cond": "(keyword_id < 341)",
                          "Rows Removed by Index Recheck": 0,
                          "Exact Heap Blocks": 6916,
                          "Lossy Heap Blocks": 0,
                          "Plans": [
                            {
                              "Node Type": "Bitmap Index Scan",
                              "Parent Relationship": "Outer",
                              "Parallel Aware": false,
                              "Index Name": "keyword_id_movie_keyword",
                              "Startup Cost": 0.0,
                              "Total Cost": 8882.29,
                              "Plan Rows": 423714,
                              "Plan Width": 0,
                              "Actual Startup Time": 25.462,
                              "Actual Total Time": 25.463,
                              "Actual Rows": 439454,
                              "Actual Loops": 1,
                              "Index Cond": "(keyword_id < 341)"
                            }
                          ]
                        },
                        {
                          "Node Type": "Hash",
                          "Parent Relationship": "Inner",
                          "Parallel Aware": true,
                          "Startup Cost": 45479.1,
                          "Total Cost": 45479.1,
                          "Plan Rows": 109505,
                          "Plan Width": 4,
                          "Actual Startup Time": 135.663,
                          "Actual Total Time": 135.664,
                          "Actual Rows": 118480,
                          "Actual Loops": 4,
                          "Hash Buckets": 524288,
                          "Original Hash Buckets": 524288,
                          "Hash Batches": 1,
                          "Original Hash Batches": 1,
                          "Peak Memory Usage": 22688,
                          "Plans": [
                            {
                              "Node Type": "Seq Scan",
                              "Parent Relationship": "Outer",
                              "Parallel Aware": true,
                              "Relation Name": "title",
                              "Alias": "t",
                              "Startup Cost": 0.0,
                              "Total Cost": 45479.1,
                              "Plan Rows": 109505,
                              "Plan Width": 4,
                              "Actual Startup Time": 60.683,
                              "Actual Total Time": 101.549,
                              "Actual Rows": 118480,
                              "Actual Loops": 4,
                              "Filter": "((production_year < 2008) AND (kind_id = 1))",
                              "Rows Removed by Filter": 513598
                            }
                          ]
                        }
                      ]
                    },
                    {
                      "Node Type": "Index Only Scan",
                      "Parent Relationship": "Inner",
                      "Parallel Aware": false,
                      "Scan Direction": "Forward",
                      "Index Name": "movie_id_cast_info",
                      "Relation Name": "cast_info",
                      "Alias": "ci",
                      "Startup Cost": 0.56,
                      "Total Cost": 4.71,
                      "Plan Rows": 37,
                      "Plan Width": 4,
                      "Actual Startup Time": 0.004,
                      "Actual Total Time": 0.032,
                      "Actual Rows": 50,
                      "Actual Loops": 205692,
                      "Index Cond": "(movie_id = t.id)",
                      "Rows Removed by Index Recheck": 0,
                      "Heap Fetches": 10235109
                    }
                  ]
                }
              ]
            }
          ]
        }
      ]
    },
    "Planning Time": 1.331,
    "Triggers": [],
    "Execution Time": 2279.62
  }
]