[
  {
    "Plan": {
      "Node Type": "Aggregate",
      "Strategy": "Plain",
      "Partial Mode": "Finalize",
      "Parallel Aware": false,
      "Startup Cost": 91590.34,
      "Total Cost": 91590.35,
      "Plan Rows": 1,
      "Plan Width": 8,
      "Actual Startup Time": 297.068,
      "Actual Total Time": 314.102,
      "Actual Rows": 1,
      "Actual Loops": 1,
      "Plans": [
        {
          "Node Type": "Gather",
          "Parent Relationship": "Outer",
          "Parallel Aware": false,
          "Startup Cost": 91590.02,
          "Total Cost": 91590.33,
          "Plan Rows": 3,
          "Plan Width": 8,
          "Actual Startup Time": 296.224,
          "Actual Total Time": 314.093,
          "Actual Rows": 4,
          "Actual Loops": 1,
          "Workers Planned": 3,
          "Workers Launched": 3,
          "Single Copy": false,
          "Plans": [
            {
              "Node Type": "Aggregate",
              "Strategy": "Plain",
              "Partial Mode": "Partial",
              "Parent Relationship": "Outer",
              "Parallel Aware": false,
              "Startup Cost": 90590.02,
              "Total Cost": 90590.03,
              "Plan Rows": 1,
              "Plan Width": 8,
              "Actual Startup Time": 290.747,
              "Actual Total Time": 290.75,
              "Actual Rows": 1,
              "Actual Loops": 4,
              "Plans": [
                {
                  "Node Type": "Hash Join",
                  "Parent Relationship": "Outer",
                  "Parallel Aware": true,
                  "Join Type": "Inner",
                  "Startup Cost": 44194.65,
                  "Total Cost": 90462.85,
                  "Plan Rows": 50867,
                  "Plan Width": 0,
                  "Actual Startup Time": 135.627,
                  "Actual Total Time": 290.026,
                  "Actual Rows": 13436,
                  "Actual Loops": 4,
                  "Inner Unique": true,
                  "Hash Cond": "(mk.movie_id = t.id)",
                  "Plans": [
                    {
                      "Node Type": "Seq Scan",
                      "Parent Relationship": "Outer",
                      "Parallel Aware": true,
                      "Relation Name": "movie_keyword",
                      "Alias": "mk",
                      "Startup Cost": 0.0,
                      "Total Cost": 42695.65,
                      "Plan Rows": 1360969,
                      "Plan Width": 4,
                      "Actual Startup Time": 0.031,
                      "Actual Total Time": 117.785,
                      "Actual Rows": 1054008,
                      "Actual Loops": 4,
                      "Filter": "(keyword_id < 52874)",
                      "Rows Removed by Filter": 76975
                    },
                    {
                      "Node Type": "Hash",
                      "Parent Relationship": "Inner",
                      "Parallel Aware": true,
                      "Startup Cost": 43899.32,
                      "Total Cost": 43899.32,
                      "Plan Rows": 23626,
                      "Plan Width": 4,
                      "Actual Startup Time": 96.171,
                      "Actual Total Time": 96.172,
                      "Actual Rows": 24645,
                      "Actual Loops": 4,
                      "Hash Buckets": 131072,
                      "Original Hash Buckets": 131072,
                      "Hash Batches": 1,
                      "Original Hash Batches": 1,
                      "Peak Memory Usage": 4960,
                      "Plans": [
                        {
                          "Node Type": "Seq Scan",
                          "Parent Relationship": "Outer",
                          "Parallel Aware": true,
                          "Relation Name": "title",
                          "Alias": "t",
                          "Startup Cost": 0.0,
                          "Total Cost": 43899.32,
                          "Plan Rows": 23626,
                          "Plan Width": 4,
                          "Actual Startup Time": 42.753,
                          "Actual Total Time": 87.93,
                          "Actual Rows": 24645,
                          "Actual Loops": 4,
                          "Filter": "(production_year < 1924)",
                          "Rows Removed by Filter": 607433
                        }
                      ]
                    }
                  ]
                }
              ]
            }
          ]
        }
      ]
    },
    "Planning Time": 0.346,
    "Triggers": [],
    "Execution Time": 314.148
  }
]