[
  {
    "Plan": {
      "Node Type": "Aggregate",
      "Strategy": "Plain",
      "Partial Mode": "Finalize",
      "Parallel Aware": false,
      "Startup Cost": 154580.83,
      "Total Cost": 154580.84,
      "Plan Rows": 1,
      "Plan Width": 8,
      "Actual Startup Time": 225.669,
      "Actual Total Time": 247.169,
      "Actual Rows": 1,
      "Actual Loops": 1,
      "Plans": [
        {
          "Node Type": "Gather",
          "Parent Relationship": "Outer",
          "Parallel Aware": false,
          "Startup Cost": 154580.52,
          "Total Cost": 154580.83,
          "Plan Rows": 3,
          "Plan Width": 8,
          "Actual Startup Time": 224.065,
          "Actual Total Time": 247.157,
          "Actual Rows": 4,
          "Actual Loops": 1,
          "Workers Planned": 3,
          "Workers Launched": 3,
          "Single Copy": false,
          "Plans": [
            {
              "Node Type": "Aggregate",
              "Strategy": "Plain",
              "Partial Mode": "Partial",
              "Parent Relationship": "Outer",
              "Parallel Aware": false,
              "Startup Cost": 153580.52,
              "Total Cost": 153580.53,
              "Plan Rows": 1,
              "Plan Width": 8,
              "Actual Startup Time": 217.959,
              "Actual Total Time": 217.965,
              "Actual Rows": 1,
              "Actual Loops": 4,
              "Plans": [
                {
                  "Node Type": "Nested Loop",
                  "Parent Relationship": "Outer",
                  "Parallel Aware": false,
                  "Join Type": "Inner",
                  "Startup Cost": 46618.77,
                  "Total Cost": 153274.93,
                  "Plan Rows": 122233,
                  "Plan Width": 0,
                  "Actual Startup Time": 141.974,
                  "Actual Total Time": 217.688,
                  "Actual Rows": 3048,
                  "Actual Loops": 4,
                  "Inner Unique": false,
                  "Join Filter": "(t.id = mi.movie_id)",
                  "Rows Removed by Join Filter": 0,
                  "Plans": [
                    {
                      "Node Type": "Hash Join",
                      "Parent Relationship": "Outer",
                      "Parallel Aware": true,
                      "Join Type": "Inner",
                      "Startup Cost": 46618.34,
                      "Total Cost": 78412.32,
                      "Plan Rows": 20817,
                      "Plan Width": 8,
                      "Actual Startup Time": 141.844,
                      "Actual Total Time": 205.765,
                      "Actual Rows": 275,
                      "Actual Loops": 4,
                      "Inner Unique": true,
                      "Hash Cond": "(mc.movie_id = t.id)",
                      "Plans": [
                        {
                          "Node Type": "Seq Scan",
                          "Parent Relationship": "Outer",
                          "Parallel Aware": true,
                          "Relation Name": "movie_companies",
                          "Alias": "mc",
                          "Startup Cost": 0.0,
                          "Total Cost": 31414.82,
                          "Plan Rows": 144445,
                          "Plan Width": 4,
                          "Actual Startup Time": 12.166,
                          "Actual Total Time": 67.578,
                          "Actual Rows": 31146,
                          "Actual Loops": 4,
                          "Filter": "((company_id > 20952) AND (company_type_id < 2))",
                          "Rows Removed by Filter": 621136
                        },
                        {
                          "Node Type": "Hash",
                          "Parent Relationship": "Inner",
                          "Parallel Aware": true,
                          "Startup Cost": 45479.59,
                          "Total Cost": 45479.59,
                          "Plan Rows": 91100,
                          "Plan Width": 4,
                          "Actual Startup Time": 127.14,
                          "Actual Total Time": 127.142,
                          "Actual Rows": 59805,
                          "Actual Loops": 4,
                          "Hash Buckets": 524288,
                          "Original Hash Buckets": 524288,
                          "Hash Batches": 1,
                          "Original Hash Batches": 1,
                          "Peak Memory Usage": 13504,
                          "Plans": [
                            {
                              "Node Type": "Seq Scan",
                              "Parent Relationship": "Outer",
                              "Parallel Aware": true,
                              "Relation Name": "title",
                              "Alias": "t",
                              "Startup Cost": 0.0,
                              "Total Cost": 45479.59,
                              "Plan Rows": 91100,
                              "Plan Width": 4,
                              "Actual Startup Time": 0.039,
                              "Actual Total Time": 102.1,
                              "Actual Rows": 59805,
                              "Actual Loops": 4,
                              "Filter": "((kind_id > 1) AND (production_year < 1980))",
                              "Rows Removed by Filter": 572273
                            }
                          ]
                        }
                      ]
                    },
                    {
                      "Node Type": "Index Only Scan",
                      "Parent Relationship": "Inner",
                      "Parallel Aware": false,
                      "Scan Direction": "Forward",
                      "Index Name": "movie_id_movie_info",
                      "Relation Name": "movie_info",
                      "Alias": "mi",
                      "Startup Cost": 0.43,
                      "Total Cost": 3.08,
                      "Plan Rows": 41,
                      "Plan Width": 4,
                      "Actual Startup Time": 0.014,
                      "Actual Total Time": 0.041,
                      "Actual Rows": 11,
                      "Actual Loops": 1099,
                      "Index Cond": "(movie_id = mc.movie_id)",
                      "Rows Removed by Index Recheck": 0,
                      "Heap Fetches": 12191
                    }
                  ]
                }
              ]
            }
          ]
        }
      ]
    },
    "Planning Time": 0.975,
    "Triggers": [],
    "Execution Time": 247.215
  }
]