[
  {
    "Plan": {
      "Node Type": "Aggregate",
      "Strategy": "Plain",
      "Partial Mode": "Finalize",
      "Parallel Aware": false,
      "Startup Cost": 46814.45,
      "Total Cost": 46814.46,
      "Plan Rows": 1,
      "Plan Width": 8,
      "Actual Startup Time": 183.553,
      "Actual Total Time": 195.126,
      "Actual Rows": 1,
      "Actual Loops": 1,
      "Plans": [
        {
          "Node Type": "Gather",
          "Parent Relationship": "Outer",
          "Parallel Aware": false,
          "Startup Cost": 46814.13,
          "Total Cost": 46814.44,
          "Plan Rows": 3,
          "Plan Width": 8,
          "Actual Startup Time": 183.457,
          "Actual Total Time": 195.118,
          "Actual Rows": 4,
          "Actual Loops": 1,
          "Workers Planned": 3,
          "Workers Launched": 3,
          "Single Copy": false,
          "Plans": [
            {
              "Node Type": "Aggregate",
              "Strategy": "Plain",
              "Partial Mode": "Partial",
              "Parent Relationship": "Outer",
              "Parallel Aware": false,
              "Startup Cost": 45814.13,
              "Total Cost": 45814.14,
              "Plan Rows": 1,
              "Plan Width": 8,
              "Actual Startup Time": 179.563,
              "Actual Total Time": 179.565,
              "Actual Rows": 1,
              "Actual Loops": 4,
              "Plans": [
                {
                  "Node Type": "Seq Scan",
                  "Parent Relationship": "Outer",
                  "Parallel Aware": true,
                  "Relation Name": "movie_keyword",
                  "Alias": "mk",
                  "Startup Cost": 0.0,
                  "Total Cost": 42695.65,
                  "Plan Rows": 1247391,
                  "Plan Width": 0,
                  "Actual Startup Time": 0.029,
                  "Actual Total Time": 131.445,
                  "Actual Rows": 965586,
                  "Actual Loops": 4,
                  "Filter": "(keyword_id < 28427)",
                  "Rows Removed by Filter": 165396
                }
              ]
            }
          ]
        }
      ]
    },
    "Planning Time": 0.091,
    "Triggers": [],
    "Execution Time": 195.158
  }
]