{
  "Plan": {
    "Node Type": "Aggregate",
    "Strategy": "Plain",
    "Partial Mode": "Finalize",
    "Parallel Aware": false,
    "Startup Cost": 142359.02,
    "Total Cost": 142359.03,
    "Plan Rows": 1,
    "Plan Width": 8,
    "Actual Startup Time": 586.45,
    "Actual Total Time": 634.709,
    "Actual Rows": 1,
    "Actual Loops": 1,
    "Plans": [
      {
        "Node Type": "Gather",
        "Parent Relationship": "Outer",
        "Parallel Aware": false,
        "Startup Cost": 142358.91,
        "Total Cost": 142359.02,
        "Plan Rows": 1,
        "Plan Width": 8,
        "Actual Startup Time": 586.192,
        "Actual Total Time": 634.702,
        "Actual Rows": 2,
        "Actual Loops": 1,
        "Workers Planned": 1,
        "Workers Launched": 1,
        "Single Copy": false,
        "Plans": [
          {
            "Node Type": "Aggregate",
            "Strategy": "Plain",
            "Partial Mode": "Partial",
            "Parent Relationship": "Outer",
            "Parallel Aware": false,
            "Startup Cost": 141358.91,
            "Total Cost": 141358.92,
            "Plan Rows": 1,
            "Plan Width": 8,
            "Actual Startup Time": 580.125,
            "Actual Total Time": 580.129,
            "Actual Rows": 1,
            "Actual Loops": 2,
            "Plans": [
              {
                "Node Type": "Nested Loop",
                "Parent Relationship": "Outer",
                "Parallel Aware": false,
                "Join Type": "Inner",
                "Startup Cost": 58771.59,
                "Total Cost": 141239.62,
                "Plan Rows": 47714,
                "Plan Width": 0,
                "Actual Startup Time": 147.891,
                "Actual Total Time": 573.136,
                "Actual Rows": 136004,
                "Actual Loops": 2,
                "Inner Unique": false,
                "Join Filter": "(t.id = mi.movie_id)",
                "Rows Removed by Join Filter": 0,
                "Plans": [
                  {
                    "Node Type": "Hash Join",
                    "Parent Relationship": "Outer",
                    "Parallel Aware": true,
                    "Join Type": "Inner",
                    "Startup Cost": 58771.16,
                    "Total Cost": 114708.92,
                    "Plan Rows": 8160,
                    "Plan Width": 8,
                    "Actual Startup Time": 147.824,
                    "Actual Total Time": 322.519,
                    "Actual Rows": 15227,
                    "Actual Loops": 2,
                    "Inner Unique": true,
                    "Hash Cond": "(ci.movie_id = t.id)",
                    "Plans": [
                      {
                        "Node Type": "Index Scan",
                        "Parent Relationship": "Outer",
                        "Parallel Aware": true,
                        "Scan Direction": "Forward",
                        "Index Name": "role_id_cast_info",
                        "Relation Name": "cast_info",
                        "Alias": "ci",
                        "Startup Cost": 0.56,
                        "Total Cost": 55080.34,
                        "Plan Rows": 326851,
                        "Plan Width": 4,
                        "Actual Startup Time": 0.087,
                        "Actual Total Time": 113.805,
                        "Actual Rows": 418374,
                        "Actual Loops": 2,
                        "Index Cond": "(role_id = 8)",
                        "Rows Removed by Index Recheck": 0,
                        "Filter": "(person_id > 2524376)",
                        "Rows Removed by Filter": 433398
                      },
                      {
                        "Node Type": "Hash",
                        "Parent Relationship": "Inner",
                        "Parallel Aware": true,
                        "Startup Cost": 58306.47,
                        "Total Cost": 58306.47,
                        "Plan Rows": 37130,
                        "Plan Width": 4,
                        "Actual Startup Time": 146.392,
                        "Actual Total Time": 146.394,
                        "Actual Rows": 26952,
                        "Actual Loops": 2,
                        "Hash Buckets": 65536,
                        "Original Hash Buckets": 65536,
                        "Hash Batches": 1,
                        "Original Hash Batches": 1,
                        "Peak Memory Usage": 2656,
                        "Plans": [
                          {
                            "Node Type": "Seq Scan",
                            "Parent Relationship": "Outer",
                            "Parallel Aware": true,
                            "Relation Name": "title",
                            "Alias": "t",
                            "Startup Cost": 0.0,
                            "Total Cost": 58306.47,
                            "Plan Rows": 37130,
                            "Plan Width": 4,
                            "Actual Startup Time": 0.116,
                            "Actual Total Time": 139.821,
                            "Actual Rows": 26952,
                            "Actual Loops": 2,
                            "Filter": "((kind_id < 7) AND (production_year = 2012))",
                            "Rows Removed by Filter": 1237204
                          }
                        ]
                      }
                    ]
                  },
                  {
                    "Node Type": "Index Only Scan",
                    "Parent Relationship": "Inner",
                    "Parallel Aware": false,
                    "Scan Direction": "Forward",
                    "Index Name": "movie_id_movie_info",
                    "Relation Name": "movie_info",
                    "Alias": "mi",
                    "Startup Cost": 0.43,
                    "Total Cost": 2.73,
                    "Plan Rows": 42,
                    "Plan Width": 4,
                    "Actual Startup Time": 0.006,
                    "Actual Total Time": 0.015,
                    "Actual Rows": 9,
                    "Actual Loops": 30454,
                    "Index Cond": "(movie_id = ci.movie_id)",
                    "Rows Removed by Index Recheck": 0,
                    "Heap Fetches": 272009
                  }
                ]
              }
            ]
          }
        ]
      }
    ]
  },
  "Planning Time": 1.034,
  "Triggers": [],
  "Execution Time": 634.81
}