[
  {
    "Plan": {
      "Node Type": "Aggregate",
      "Strategy": "Plain",
      "Partial Mode": "Finalize",
      "Parallel Aware": false,
      "Startup Cost": 45039.33,
      "Total Cost": 45039.34,
      "Plan Rows": 1,
      "Plan Width": 8,
      "Actual Startup Time": 146.766,
      "Actual Total Time": 157.402,
      "Actual Rows": 1,
      "Actual Loops": 1,
      "Plans": [
        {
          "Node Type": "Gather",
          "Parent Relationship": "Outer",
          "Parallel Aware": false,
          "Startup Cost": 45039.02,
          "Total Cost": 45039.33,
          "Plan Rows": 3,
          "Plan Width": 8,
          "Actual Startup Time": 146.631,
          "Actual Total Time": 157.392,
          "Actual Rows": 4,
          "Actual Loops": 1,
          "Workers Planned": 3,
          "Workers Launched": 3,
          "Single Copy": false,
          "Plans": [
            {
              "Node Type": "Aggregate",
              "Strategy": "Plain",
              "Partial Mode": "Partial",
              "Parent Relationship": "Outer",
              "Parallel Aware": false,
              "Startup Cost": 44039.02,
              "Total Cost": 44039.03,
              "Plan Rows": 1,
              "Plan Width": 8,
              "Actual Startup Time": 142.007,
              "Actual Total Time": 142.008,
              "Actual Rows": 1,
              "Actual Loops": 4,
              "Plans": [
                {
                  "Node Type": "Seq Scan",
                  "Parent Relationship": "Outer",
                  "Parallel Aware": true,
                  "Relation Name": "movie_keyword",
                  "Alias": "mk",
                  "Startup Cost": 0.0,
                  "Total Cost": 42695.65,
                  "Plan Rows": 537345,
                  "Plan Width": 0,
                  "Actual Startup Time": 0.041,
                  "Actual Total Time": 119.606,
                  "Actual Rows": 418212,
                  "Actual Loops": 4,
                  "Filter": "(keyword_id < 2563)",
                  "Rows Removed by Filter": 712770
                }
              ]
            }
          ]
        }
      ]
    },
    "Planning Time": 0.19,
    "Triggers": [],
    "Execution Time": 157.466
  }
]