[
  {
    "Plan": {
      "Node Type": "Aggregate",
      "Strategy": "Plain",
      "Partial Mode": "Finalize",
      "Parallel Aware": false,
      "Startup Cost": 45031.61,
      "Total Cost": 45031.62,
      "Plan Rows": 1,
      "Plan Width": 8,
      "Actual Startup Time": 135.168,
      "Actual Total Time": 144.867,
      "Actual Rows": 1,
      "Actual Loops": 1,
      "Plans": [
        {
          "Node Type": "Gather",
          "Parent Relationship": "Outer",
          "Parallel Aware": false,
          "Startup Cost": 45031.29,
          "Total Cost": 45031.6,
          "Plan Rows": 3,
          "Plan Width": 8,
          "Actual Startup Time": 135.063,
          "Actual Total Time": 144.859,
          "Actual Rows": 4,
          "Actual Loops": 1,
          "Workers Planned": 3,
          "Workers Launched": 3,
          "Single Copy": false,
          "Plans": [
            {
              "Node Type": "Aggregate",
              "Strategy": "Plain",
              "Partial Mode": "Partial",
              "Parent Relationship": "Outer",
              "Parallel Aware": false,
              "Startup Cost": 44031.29,
              "Total Cost": 44031.3,
              "Plan Rows": 1,
              "Plan Width": 8,
              "Actual Startup Time": 128.913,
              "Actual Total Time": 128.914,
              "Actual Rows": 1,
              "Actual Loops": 4,
              "Plans": [
                {
                  "Node Type": "Seq Scan",
                  "Parent Relationship": "Outer",
                  "Parallel Aware": true,
                  "Relation Name": "movie_keyword",
                  "Alias": "mk",
                  "Startup Cost": 0.0,
                  "Total Cost": 42695.65,
                  "Plan Rows": 534254,
                  "Plan Width": 0,
                  "Actual Startup Time": 0.048,
                  "Actual Total Time": 109.245,
                  "Actual Rows": 418212,
                  "Actual Loops": 4,
                  "Filter": "(keyword_id < 2563)",
                  "Rows Removed by Filter": 712770
                }
              ]
            }
          ]
        }
      ]
    },
    "Planning Time": 0.183,
    "Triggers": [],
    "Execution Time": 144.921
  }
]