[
  {
    "Plan": {
      "Node Type": "Aggregate",
      "Strategy": "Plain",
      "Partial Mode": "Finalize",
      "Parallel Aware": false,
      "Startup Cost": 315954.41,
      "Total Cost": 315954.42,
      "Plan Rows": 1,
      "Plan Width": 8,
      "Actual Startup Time": 2157.249,
      "Actual Total Time": 2200.551,
      "Actual Rows": 1,
      "Actual Loops": 1,
      "Plans": [
        {
          "Node Type": "Gather",
          "Parent Relationship": "Outer",
          "Parallel Aware": false,
          "Startup Cost": 315954.09,
          "Total Cost": 315954.4,
          "Plan Rows": 3,
          "Plan Width": 8,
          "Actual Startup Time": 2133.374,
          "Actual Total Time": 2200.539,
          "Actual Rows": 4,
          "Actual Loops": 1,
          "Workers Planned": 3,
          "Workers Launched": 3,
          "Single Copy": false,
          "Plans": [
            {
              "Node Type": "Aggregate",
              "Strategy": "Plain",
              "Partial Mode": "Partial",
              "Parent Relationship": "Outer",
              "Parallel Aware": false,
              "Startup Cost": 314954.09,
              "Total Cost": 314954.1,
              "Plan Rows": 1,
              "Plan Width": 8,
              "Actual Startup Time": 2115.649,
              "Actual Total Time": 2116.653,
              "Actual Rows": 1,
              "Actual Loops": 4,
              "Plans": [
                {
                  "Node Type": "Hash Join",
                  "Parent Relationship": "Outer",
                  "Parallel Aware": true,
                  "Join Type": "Inner",
                  "Startup Cost": 260037.43,
                  "Total Cost": 310674.76,
                  "Plan Rows": 1711733,
                  "Plan Width": 0,
                  "Actual Startup Time": 1425.844,
                  "Actual Total Time": 1948.651,
                  "Actual Rows": 3672636,
                  "Actual Loops": 4,
                  "Inner Unique": false,
                  "Hash Cond": "(mk.movie_id = t.id)",
                  "Plans": [
                    {
                      "Node Type": "Seq Scan",
                      "Parent Relationship": "Outer",
                      "Parallel Aware": true,
                      "Relation Name": "movie_keyword",
                      "Alias": "mk",
                      "Startup Cost": 0.0,
                      "Total Cost": 42695.65,
                      "Plan Rows": 1204855,
                      "Plan Width": 4,
                      "Actual Startup Time": 0.025,
                      "Actual Total Time": 115.985,
                      "Actual Rows": 935566,
                      "Actual Loops": 4,
                      "Filter": "(keyword_id < 24129)",
                      "Rows Removed by Filter": 195416
                    },
                    {
                      "Node Type": "Hash",
                      "Parent Relationship": "Inner",
                      "Parallel Aware": true,
                      "Startup Cost": 251057.58,
                      "Total Cost": 251057.58,
                      "Plan Rows": 718388,
                      "Plan Width": 8,
                      "Actual Startup Time": 1414.606,
                      "Actual Total Time": 1415.609,
                      "Actual Rows": 906244,
                      "Actual Loops": 4,
                      "Hash Buckets": 4194304,
                      "Original Hash Buckets": 4194304,
                      "Hash Batches": 1,
                      "Original Hash Batches": 1,
                      "Peak Memory Usage": 174624,
                      "Plans": [
                        {
                          "Node Type": "Hash Join",
                          "Parent Relationship": "Outer",
                          "Parallel Aware": true,
                          "Join Type": "Inner",
                          "Startup Cost": 50219.64,
                          "Total Cost": 251057.58,
                          "Plan Rows": 718388,
                          "Plan Width": 8,
                          "Actual Startup Time": 369.431,
                          "Actual Total Time": 1100.733,
                          "Actual Rows": 906244,
                          "Actual Loops": 4,
                          "Inner Unique": true,
                          "Hash Cond": "(mi.movie_id = t.id)",
                          "Plans": [
                            {
                              "Node Type": "Seq Scan",
                              "Parent Relationship": "Outer",
                              "Parallel Aware": true,
                              "Relation Name": "movie_info",
                              "Alias": "mi",
                              "Startup Cost": 0.0,
                              "Total Cost": 198952.16,
                              "Plan Rows": 718388,
                              "Plan Width": 4,
                              "Actual Startup Time": 40.115,
                              "Actual Total Time": 420.516,
                              "Actual Rows": 906244,
                              "Actual Loops": 4,
                              "Filter": "(info_type_id < 4)",
                              "Rows Removed by Filter": 2802686
                            },
                            {
                              "Node Type": "Hash",
                              "Parent Relationship": "Inner",
                              "Parallel Aware": true,
                              "Startup Cost": 42318.73,
                              "Total Cost": 42318.73,
                              "Plan Rows": 632073,
                              "Plan Width": 4,
                              "Actual Startup Time": 323.553,
                              "Actual Total Time": 323.554,
                              "Actual Rows": 632078,
                              "Actual Loops": 4,
                              "Hash Buckets": 4194304,
                              "Original Hash Buckets": 4194304,
                              "Hash Batches": 1,
                              "Original Hash Batches": 1,
                              "Peak Memory Usage": 131744,
                              "Plans": [
                                {
                                  "Node Type": "Seq Scan",
                                  "Parent Relationship": "Outer",
                                  "Parallel Aware": true,
                                  "Relation Name": "title",
                                  "Alias": "t",
                                  "Startup Cost": 0.0,
                                  "Total Cost": 42318.73,
                                  "Plan Rows": 632073,
                                  "Plan Width": 4,
                                  "Actual Startup Time": 0.036,
                                  "Actual Total Time": 96.974,
                                  "Actual Rows": 632078,
                                  "Actual Loops": 4
                                }
                              ]
                            }
                          ]
                        }
                      ]
                    }
                  ]
                }
              ]
            }
          ]
        }
      ]
    },
    "Planning Time": 1.19,
    "Triggers": [],
    "Execution Time": 2200.658
  }
]