[
  {
    "Plan": {
      "Node Type": "Aggregate",
      "Strategy": "Plain",
      "Partial Mode": "Finalize",
      "Parallel Aware": false,
      "Startup Cost": 31508.85,
      "Total Cost": 31508.86,
      "Plan Rows": 1,
      "Plan Width": 8,
      "Actual Startup Time": 114.608,
      "Actual Total Time": 124.924,
      "Actual Rows": 1,
      "Actual Loops": 1,
      "Plans": [
        {
          "Node Type": "Gather",
          "Parent Relationship": "Outer",
          "Parallel Aware": false,
          "Startup Cost": 31508.54,
          "Total Cost": 31508.85,
          "Plan Rows": 3,
          "Plan Width": 8,
          "Actual Startup Time": 114.512,
          "Actual Total Time": 124.915,
          "Actual Rows": 4,
          "Actual Loops": 1,
          "Workers Planned": 3,
          "Workers Launched": 3,
          "Single Copy": false,
          "Plans": [
            {
              "Node Type": "Aggregate",
              "Strategy": "Plain",
              "Partial Mode": "Partial",
              "Parent Relationship": "Outer",
              "Parallel Aware": false,
              "Startup Cost": 30508.54,
              "Total Cost": 30508.55,
              "Plan Rows": 1,
              "Plan Width": 8,
              "Actual Startup Time": 108.471,
              "Actual Total Time": 108.472,
              "Actual Rows": 1,
              "Actual Loops": 4,
              "Plans": [
                {
                  "Node Type": "Seq Scan",
                  "Parent Relationship": "Outer",
                  "Parallel Aware": true,
                  "Relation Name": "movie_companies",
                  "Alias": "mc",
                  "Startup Cost": 0.0,
                  "Total Cost": 29310.68,
                  "Plan Rows": 479142,
                  "Plan Width": 0,
                  "Actual Startup Time": 0.035,
                  "Actual Total Time": 86.513,
                  "Actual Rows": 370426,
                  "Actual Loops": 4,
                  "Filter": "(company_id < 13587)",
                  "Rows Removed by Filter": 281857
                }
              ]
            }
          ]
        }
      ]
    },
    "Planning Time": 0.187,
    "Triggers": [],
    "Execution Time": 124.979
  }
]