[
  {
    "Plan": {
      "Node Type": "Aggregate",
      "Strategy": "Plain",
      "Partial Mode": "Finalize",
      "Parallel Aware": false,
      "Startup Cost": 62470.41,
      "Total Cost": 62470.42,
      "Plan Rows": 1,
      "Plan Width": 8,
      "Actual Startup Time": 215.085,
      "Actual Total Time": 227.424,
      "Actual Rows": 1,
      "Actual Loops": 1,
      "Plans": [
        {
          "Node Type": "Gather",
          "Parent Relationship": "Outer",
          "Parallel Aware": false,
          "Startup Cost": 62470.2,
          "Total Cost": 62470.41,
          "Plan Rows": 2,
          "Plan Width": 8,
          "Actual Startup Time": 214.208,
          "Actual Total Time": 227.416,
          "Actual Rows": 3,
          "Actual Loops": 1,
          "Workers Planned": 2,
          "Workers Launched": 2,
          "Single Copy": false,
          "Plans": [
            {
              "Node Type": "Aggregate",
              "Strategy": "Plain",
              "Partial Mode": "Partial",
              "Parent Relationship": "Outer",
              "Parallel Aware": false,
              "Startup Cost": 61470.2,
              "Total Cost": 61470.21,
              "Plan Rows": 1,
              "Plan Width": 8,
              "Actual Startup Time": 207.664,
              "Actual Total Time": 207.753,
              "Actual Rows": 1,
              "Actual Loops": 3,
              "Plans": [
                {
                  "Node Type": "Hash Join",
                  "Parent Relationship": "Outer",
                  "Parallel Aware": true,
                  "Join Type": "Inner",
                  "Startup Cost": 45829.27,
                  "Total Cost": 61449.21,
                  "Plan Rows": 8396,
                  "Plan Width": 0,
                  "Actual Startup Time": 166.471,
                  "Actual Total Time": 206.798,
                  "Actual Rows": 20852,
                  "Actual Loops": 3,
                  "Inner Unique": true,
                  "Hash Cond": "(mi_idx.movie_id = t.id)",
                  "Plans": [
                    {
                      "Node Type": "Seq Scan",
                      "Parent Relationship": "Outer",
                      "Parallel Aware": true,
                      "Relation Name": "movie_info_idx",
                      "Alias": "mi_idx",
                      "Startup Cost": 0.0,
                      "Total Cost": 15122.68,
                      "Plan Rows": 189429,
                      "Plan Width": 4,
                      "Actual Startup Time": 0.023,
                      "Actual Total Time": 36.665,
                      "Actual Rows": 153308,
                      "Actual Loops": 3,
                      "Filter": "(info_type_id < 100)",
                      "Rows Removed by Filter": 306703
                    },
                    {
                      "Node Type": "Hash",
                      "Parent Relationship": "Inner",
                      "Parallel Aware": true,
                      "Startup Cost": 45479.1,
                      "Total Cost": 45479.1,
                      "Plan Rows": 28014,
                      "Plan Width": 4,
                      "Actual Startup Time": 137.377,
                      "Actual Total Time": 137.378,
                      "Actual Rows": 82737,
                      "Actual Loops": 3,
                      "Hash Buckets": 262144,
                      "Original Hash Buckets": 131072,
                      "Hash Batches": 1,
                      "Original Hash Batches": 1,
                      "Peak Memory Usage": 12832,
                      "Plans": [
                        {
                          "Node Type": "Seq Scan",
                          "Parent Relationship": "Outer",
                          "Parallel Aware": true,
                          "Relation Name": "title",
                          "Alias": "t",
                          "Startup Cost": 0.0,
                          "Total Cost": 45479.1,
                          "Plan Rows": 28014,
                          "Plan Width": 4,
                          "Actual Startup Time": 65.273,
                          "Actual Total Time": 110.901,
                          "Actual Rows": 82737,
                          "Actual Loops": 3,
                          "Filter": "((production_year < 1975) AND (kind_id = 1))",
                          "Rows Removed by Filter": 760034
                        }
                      ]
                    }
                  ]
                }
              ]
            }
          ]
        }
      ]
    },
    "Planning Time": 0.519,
    "Triggers": [],
    "Execution Time": 227.507
  }
]