[
  {
    "Plan": {
      "Node Type": "Aggregate",
      "Strategy": "Plain",
      "Partial Mode": "Finalize",
      "Parallel Aware": false,
      "Startup Cost": 267931.24,
      "Total Cost": 267931.25,
      "Plan Rows": 1,
      "Plan Width": 8,
      "Actual Startup Time": 92.322,
      "Actual Total Time": 96.62,
      "Actual Rows": 1,
      "Actual Loops": 1,
      "Plans": [
        {
          "Node Type": "Gather",
          "Parent Relationship": "Outer",
          "Parallel Aware": false,
          "Startup Cost": 267930.62,
          "Total Cost": 267931.23,
          "Plan Rows": 6,
          "Plan Width": 8,
          "Actual Startup Time": 91.973,
          "Actual Total Time": 96.61,
          "Actual Rows": 7,
          "Actual Loops": 1,
          "Workers Planned": 6,
          "Workers Launched": 6,
          "Single Copy": false,
          "Plans": [
            {
              "Node Type": "Aggregate",
              "Strategy": "Plain",
              "Partial Mode": "Partial",
              "Parent Relationship": "Outer",
              "Parallel Aware": false,
              "Startup Cost": 266930.62,
              "Total Cost": 266930.63,
              "Plan Rows": 1,
              "Plan Width": 8,
              "Actual Startup Time": 81.044,
              "Actual Total Time": 81.046,
              "Actual Rows": 1,
              "Actual Loops": 7,
              "Plans": [
                {
                  "Node Type": "Bitmap Heap Scan",
                  "Parent Relationship": "Outer",
                  "Parallel Aware": true,
                  "Relation Name": "cast_info",
                  "Alias": "ci",
                  "Startup Cost": 12649.64,
                  "Total Cost": 266773.6,
                  "Plan Rows": 62808,
                  "Plan Width": 0,
                  "Actual Startup Time": 32.966,
                  "Actual Total Time": 74.486,
                  "Actual Rows": 77939,
                  "Actual Loops": 7,
                  "Recheck Cond": "(person_id > 3957157)",
                  "Rows Removed by Index Recheck": 0,
                  "Filter": "(role_id > 1)",
                  "Rows Removed by Filter": 0,
                  "Exact Heap Blocks": 1969,
                  "Lossy Heap Blocks": 0,
                  "Plans": [
                    {
                      "Node Type": "Bitmap Index Scan",
                      "Parent Relationship": "Outer",
                      "Parallel Aware": false,
                      "Index Name": "person_id_cast_info",
                      "Startup Cost": 0.0,
                      "Total Cost": 12555.43,
                      "Plan Rows": 574782,
                      "Plan Width": 0,
                      "Actual Startup Time": 40.819,
                      "Actual Total Time": 40.82,
                      "Actual Rows": 545576,
                      "Actual Loops": 1,
                      "Index Cond": "(person_id > 3957157)"
                    }
                  ]
                }
              ]
            }
          ]
        }
      ]
    },
    "Planning Time": 0.367,
    "Triggers": [],
    "Execution Time": 96.694
  }
]