{
  "Plan": {
    "Node Type": "Aggregate",
    "Strategy": "Plain",
    "Partial Mode": "Finalize",
    "Parallel Aware": false,
    "Startup Cost": 542887.97,
    "Total Cost": 542887.98,
    "Plan Rows": 1,
    "Plan Width": 8,
    "Actual Startup Time": 2248.304,
    "Actual Total Time": 2273.081,
    "Actual Rows": 1,
    "Actual Loops": 1,
    "Plans": [
      {
        "Node Type": "Gather",
        "Parent Relationship": "Outer",
        "Parallel Aware": false,
        "Startup Cost": 542887.86,
        "Total Cost": 542887.97,
        "Plan Rows": 1,
        "Plan Width": 8,
        "Actual Startup Time": 2242.205,
        "Actual Total Time": 2273.075,
        "Actual Rows": 2,
        "Actual Loops": 1,
        "Workers Planned": 1,
        "Workers Launched": 1,
        "Single Copy": false,
        "Plans": [
          {
            "Node Type": "Aggregate",
            "Strategy": "Plain",
            "Partial Mode": "Partial",
            "Parent Relationship": "Outer",
            "Parallel Aware": false,
            "Startup Cost": 541887.86,
            "Total Cost": 541887.87,
            "Plan Rows": 1,
            "Plan Width": 8,
            "Actual Startup Time": 2235.906,
            "Actual Total Time": 2235.909,
            "Actual Rows": 1,
            "Actual Loops": 2,
            "Plans": [
              {
                "Node Type": "Merge Join",
                "Parent Relationship": "Outer",
                "Parallel Aware": false,
                "Join Type": "Inner",
                "Startup Cost": 400466.24,
                "Total Cost": 541363.81,
                "Plan Rows": 209618,
                "Plan Width": 0,
                "Actual Startup Time": 630.354,
                "Actual Total Time": 2226.729,
                "Actual Rows": 156201,
                "Actual Loops": 2,
                "Inner Unique": false,
                "Merge Cond": "(mi.movie_id = t.id)",
                "Plans": [
                  {
                    "Node Type": "Sort",
                    "Parent Relationship": "Outer",
                    "Parallel Aware": false,
                    "Startup Cost": 290411.5,
                    "Total Cost": 292668.9,
                    "Plan Rows": 902963,
                    "Plan Width": 4,
                    "Actual Startup Time": 329.158,
                    "Actual Total Time": 365.176,
                    "Actual Rows": 766875,
                    "Actual Loops": 2,
                    "Sort Key": [
                      "mi.movie_id"
                    ],
                    "Sort Method": "quicksort",
                    "Sort Space Used": 64230,
                    "Sort Space Type": "Memory",
                    "Workers": [
                      {
                        "Worker Number": 0,
                        "Sort Method": "quicksort",
                        "Sort Space Used": 56825,
                        "Sort Space Type": "Memory"
                      }
                    ],
                    "Plans": [
                      {
                        "Node Type": "Bitmap Heap Scan",
                        "Parent Relationship": "Outer",
                        "Parallel Aware": true,
                        "Relation Name": "movie_info",
                        "Alias": "mi",
                        "Startup Cost": 27808.97,
                        "Total Cost": 201089.01,
                        "Plan Rows": 902963,
                        "Plan Width": 4,
                        "Actual Startup Time": 77.425,
                        "Actual Total Time": 166.862,
                        "Actual Rows": 766954,
                        "Actual Loops": 2,
                        "Recheck Cond": "(info_type_id = 3)",
                        "Rows Removed by Index Recheck": 0,
                        "Exact Heap Blocks": 5388,
                        "Lossy Heap Blocks": 0,
                        "Plans": [
                          {
                            "Node Type": "Bitmap Index Scan",
                            "Parent Relationship": "Outer",
                            "Parallel Aware": false,
                            "Index Name": "info_type_id_movie_info",
                            "Startup Cost": 0.0,
                            "Total Cost": 27425.21,
                            "Plan Rows": 1535037,
                            "Plan Width": 0,
                            "Actual Startup Time": 81.585,
                            "Actual Total Time": 81.585,
                            "Actual Rows": 1533909,
                            "Actual Loops": 1,
                            "Index Cond": "(info_type_id = 3)"
                          }
                        ]
                      }
                    ]
                  },
                  {
                    "Node Type": "Materialize",
                    "Parent Relationship": "Inner",
                    "Parallel Aware": false,
                    "Startup Cost": 110052.02,
                    "Total Cost": 242975.22,
                    "Plan Rows": 586928,
                    "Plan Width": 8,
                    "Actual Startup Time": 293.577,
                    "Actual Total Time": 1772.84,
                    "Actual Rows": 456692,
                    "Actual Loops": 2,
                    "Plans": [
                      {
                        "Node Type": "Merge Join",
                        "Parent Relationship": "Outer",
                        "Parallel Aware": false,
                        "Join Type": "Inner",
                        "Startup Cost": 110052.02,
                        "Total Cost": 241507.9,
                        "Plan Rows": 586928,
                        "Plan Width": 8,
                        "Actual Startup Time": 293.57,
                        "Actual Total Time": 1706.795,
                        "Actual Rows": 392179,
                        "Actual Loops": 2,
                        "Inner Unique": false,
                        "Merge Cond": "(t.id = mc.movie_id)",
                        "Plans": [
                          {
                            "Node Type": "Index Scan",
                            "Parent Relationship": "Outer",
                            "Parallel Aware": false,
                            "Scan Direction": "Forward",
                            "Index Name": "title_pkey",
                            "Relation Name": "title",
                            "Alias": "t",
                            "Startup Cost": 0.43,
                            "Total Cost": 116660.7,
                            "Plan Rows": 2367594,
                            "Plan Width": 4,
                            "Actual Startup Time": 0.063,
                            "Actual Total Time": 1209.401,
                            "Actual Rows": 2362107,
                            "Actual Loops": 2,
                            "Filter": "(production_year > 1921)",
                            "Rows Removed by Filter": 163602
                          },
                          {
                            "Node Type": "Sort",
                            "Parent Relationship": "Inner",
                            "Parallel Aware": false,
                            "Startup Cost": 110049.11,
                            "Total Cost": 111616.02,
                            "Plan Rows": 626765,
                            "Plan Width": 4,
                            "Actual Startup Time": 293.313,
                            "Actual Total Time": 320.135,
                            "Actual Rows": 399354,
                            "Actual Loops": 2,
                            "Sort Key": [
                              "mc.movie_id"
                            ],
                            "Sort Method": "quicksort",
                            "Sort Space Used": 31008,
                            "Sort Space Type": "Memory",
                            "Workers": [
                              {
                                "Worker Number": 0,
                                "Sort Method": "quicksort",
                                "Sort Space Used": 31008,
                                "Sort Space Type": "Memory"
                              }
                            ],
                            "Plans": [
                              {
                                "Node Type": "Index Scan",
                                "Parent Relationship": "Outer",
                                "Parallel Aware": false,
                                "Scan Direction": "Forward",
                                "Index Name": "company_type_id_movie_companies",
                                "Relation Name": "movie_companies",
                                "Alias": "mc",
                                "Startup Cost": 0.43,
                                "Total Cost": 49699.27,
                                "Plan Rows": 626765,
                                "Plan Width": 4,
                                "Actual Startup Time": 0.095,
                                "Actual Total Time": 215.38,
                                "Actual Rows": 399354,
                                "Actual Loops": 2,
                                "Index Cond": "(company_type_id = 2)",
                                "Rows Removed by Index Recheck": 0,
                                "Filter": "(company_id < 11141)",
                                "Rows Removed by Filter": 935529
                              }
                            ]
                          }
                        ]
                      }
                    ]
                  }
                ]
              }
            ]
          }
        ]
      }
    ]
  },
  "Planning Time": 1.134,
  "Triggers": [],
  "Execution Time": 2283.113
}