[
  {
    "Plan": {
      "Node Type": "Aggregate",
      "Strategy": "Plain",
      "Partial Mode": "Finalize",
      "Parallel Aware": false,
      "Startup Cost": 379025.07,
      "Total Cost": 379025.08,
      "Plan Rows": 1,
      "Plan Width": 8,
      "Actual Startup Time": 764.567,
      "Actual Total Time": 786.197,
      "Actual Rows": 1,
      "Actual Loops": 1,
      "Plans": [
        {
          "Node Type": "Gather",
          "Parent Relationship": "Outer",
          "Parallel Aware": false,
          "Startup Cost": 379024.45,
          "Total Cost": 379025.06,
          "Plan Rows": 6,
          "Plan Width": 8,
          "Actual Startup Time": 749.913,
          "Actual Total Time": 786.187,
          "Actual Rows": 7,
          "Actual Loops": 1,
          "Workers Planned": 6,
          "Workers Launched": 6,
          "Single Copy": false,
          "Plans": [
            {
              "Node Type": "Aggregate",
              "Strategy": "Plain",
              "Partial Mode": "Partial",
              "Parent Relationship": "Outer",
              "Parallel Aware": false,
              "Startup Cost": 378024.45,
              "Total Cost": 378024.46,
              "Plan Rows": 1,
              "Plan Width": 8,
              "Actual Startup Time": 724.38,
              "Actual Total Time": 724.384,
              "Actual Rows": 1,
              "Actual Loops": 7,
              "Plans": [
                {
                  "Node Type": "Hash Join",
                  "Parent Relationship": "Outer",
                  "Parallel Aware": true,
                  "Join Type": "Inner",
                  "Startup Cost": 116516.7,
                  "Total Cost": 376773.28,
                  "Plan Rows": 500468,
                  "Plan Width": 0,
                  "Actual Startup Time": 382.463,
                  "Actual Total Time": 703.862,
                  "Actual Rows": 418593,
                  "Actual Loops": 7,
                  "Inner Unique": true,
                  "Hash Cond": "(ci.movie_id = t.id)",
                  "Plans": [
                    {
                      "Node Type": "Bitmap Heap Scan",
                      "Parent Relationship": "Outer",
                      "Parallel Aware": true,
                      "Relation Name": "cast_info",
                      "Alias": "ci",
                      "Startup Cost": 66296.32,
                      "Total Cost": 325239.17,
                      "Plan Rows": 500468,
                      "Plan Width": 4,
                      "Actual Startup Time": 111.552,
                      "Actual Total Time": 214.153,
                      "Actual Rows": 418593,
                      "Actual Loops": 7,
                      "Recheck Cond": "(person_id > 3513811)",
                      "Rows Removed by Index Recheck": 0,
                      "Exact Heap Blocks": 6303,
                      "Lossy Heap Blocks": 0,
                      "Plans": [
                        {
                          "Node Type": "Bitmap Index Scan",
                          "Parent Relationship": "Outer",
                          "Parallel Aware": false,
                          "Index Name": "person_id_cast_info",
                          "Startup Cost": 0.0,
                          "Total Cost": 65545.62,
                          "Plan Rows": 3002807,
                          "Plan Width": 0,
                          "Actual Startup Time": 104.658,
                          "Actual Total Time": 104.658,
                          "Actual Rows": 2930148,
                          "Actual Loops": 1,
                          "Index Cond": "(person_id > 3513811)"
                        }
                      ]
                    },
                    {
                      "Node Type": "Hash",
                      "Parent Relationship": "Inner",
                      "Parallel Aware": true,
                      "Startup Cost": 42319.06,
                      "Total Cost": 42319.06,
                      "Plan Rows": 632106,
                      "Plan Width": 4,
                      "Actual Startup Time": 263.776,
                      "Actual Total Time": 263.777,
                      "Actual Rows": 361187,
                      "Actual Loops": 7,
                      "Hash Buckets": 4194304,
                      "Original Hash Buckets": 4194304,
                      "Hash Batches": 1,
                      "Original Hash Batches": 1,
                      "Peak Memory Usage": 131776,
                      "Plans": [
                        {
                          "Node Type": "Seq Scan",
                          "Parent Relationship": "Outer",
                          "Parallel Aware": true,
                          "Relation Name": "title",
                          "Alias": "t",
                          "Startup Cost": 0.0,
                          "Total Cost": 42319.06,
                          "Plan Rows": 632106,
                          "Plan Width": 4,
                          "Actual Startup Time": 0.05,
                          "Actual Total Time": 75.98,
                          "Actual Rows": 361187,
                          "Actual Loops": 7
                        }
                      ]
                    }
                  ]
                }
              ]
            }
          ]
        }
      ]
    },
    "Planning Time": 0.543,
    "Triggers": [],
    "Execution Time": 786.3
  }
]