[
  {
    "Plan": {
      "Node Type": "Aggregate",
      "Strategy": "Plain",
      "Partial Mode": "Finalize",
      "Parallel Aware": false,
      "Startup Cost": 32249.0,
      "Total Cost": 32249.01,
      "Plan Rows": 1,
      "Plan Width": 8,
      "Actual Startup Time": 115.568,
      "Actual Total Time": 123.399,
      "Actual Rows": 1,
      "Actual Loops": 1,
      "Plans": [
        {
          "Node Type": "Gather",
          "Parent Relationship": "Outer",
          "Parallel Aware": false,
          "Startup Cost": 32248.69,
          "Total Cost": 32249.0,
          "Plan Rows": 3,
          "Plan Width": 8,
          "Actual Startup Time": 115.493,
          "Actual Total Time": 123.391,
          "Actual Rows": 4,
          "Actual Loops": 1,
          "Workers Planned": 3,
          "Workers Launched": 3,
          "Single Copy": false,
          "Plans": [
            {
              "Node Type": "Aggregate",
              "Strategy": "Plain",
              "Partial Mode": "Partial",
              "Parent Relationship": "Outer",
              "Parallel Aware": false,
              "Startup Cost": 31248.69,
              "Total Cost": 31248.7,
              "Plan Rows": 1,
              "Plan Width": 8,
              "Actual Startup Time": 109.965,
              "Actual Total Time": 109.966,
              "Actual Rows": 1,
              "Actual Loops": 4,
              "Plans": [
                {
                  "Node Type": "Seq Scan",
                  "Parent Relationship": "Outer",
                  "Parallel Aware": true,
                  "Relation Name": "movie_companies",
                  "Alias": "mc",
                  "Startup Cost": 0.0,
                  "Total Cost": 29310.68,
                  "Plan Rows": 775202,
                  "Plan Width": 0,
                  "Actual Startup Time": 0.032,
                  "Actual Total Time": 82.0,
                  "Actual Rows": 602226,
                  "Actual Loops": 4,
                  "Filter": "(company_id < 113342)",
                  "Rows Removed by Filter": 50056
                }
              ]
            }
          ]
        }
      ]
    },
    "Planning Time": 0.184,
    "Triggers": [],
    "Execution Time": 123.462
  }
]