{
  "Plan": {
    "Node Type": "Aggregate",
    "Strategy": "Plain",
    "Partial Mode": "Finalize",
    "Parallel Aware": false,
    "Startup Cost": 123941.08,
    "Total Cost": 123941.09,
    "Plan Rows": 1,
    "Plan Width": 8,
    "Actual Startup Time": 801.765,
    "Actual Total Time": 821.527,
    "Actual Rows": 1,
    "Actual Loops": 1,
    "Plans": [
      {
        "Node Type": "Gather",
        "Parent Relationship": "Outer",
        "Parallel Aware": false,
        "Startup Cost": 123940.97,
        "Total Cost": 123941.08,
        "Plan Rows": 1,
        "Plan Width": 8,
        "Actual Startup Time": 799.65,
        "Actual Total Time": 821.517,
        "Actual Rows": 2,
        "Actual Loops": 1,
        "Workers Planned": 1,
        "Workers Launched": 1,
        "Single Copy": false,
        "Plans": [
          {
            "Node Type": "Aggregate",
            "Strategy": "Plain",
            "Partial Mode": "Partial",
            "Parent Relationship": "Outer",
            "Parallel Aware": false,
            "Startup Cost": 122940.97,
            "Total Cost": 122940.98,
            "Plan Rows": 1,
            "Plan Width": 8,
            "Actual Startup Time": 794.218,
            "Actual Total Time": 794.221,
            "Actual Rows": 1,
            "Actual Loops": 2,
            "Plans": [
              {
                "Node Type": "Hash Join",
                "Parent Relationship": "Outer",
                "Parallel Aware": true,
                "Join Type": "Inner",
                "Startup Cost": 63155.01,
                "Total Cost": 121205.85,
                "Plan Rows": 694048,
                "Plan Width": 0,
                "Actual Startup Time": 259.767,
                "Actual Total Time": 743.888,
                "Actual Rows": 1061594,
                "Actual Loops": 2,
                "Inner Unique": true,
                "Hash Cond": "(mk.movie_id = t.id)",
                "Plans": [
                  {
                    "Node Type": "Seq Scan",
                    "Parent Relationship": "Outer",
                    "Parallel Aware": true,
                    "Relation Name": "movie_keyword",
                    "Alias": "mk",
                    "Startup Cost": 0.0,
                    "Total Cost": 51065.35,
                    "Plan Rows": 2661135,
                    "Plan Width": 4,
                    "Actual Startup Time": 0.016,
                    "Actual Total Time": 179.206,
                    "Actual Rows": 2261965,
                    "Actual Loops": 2
                  },
                  {
                    "Node Type": "Hash",
                    "Parent Relationship": "Inner",
                    "Parallel Aware": true,
                    "Startup Cost": 58306.47,
                    "Total Cost": 58306.47,
                    "Plan Rows": 387883,
                    "Plan Width": 4,
                    "Actual Startup Time": 250.617,
                    "Actual Total Time": 250.618,
                    "Actual Rows": 279092,
                    "Actual Loops": 2,
                    "Hash Buckets": 1048576,
                    "Original Hash Buckets": 1048576,
                    "Hash Batches": 1,
                    "Original Hash Batches": 1,
                    "Peak Memory Usage": 30080,
                    "Plans": [
                      {
                        "Node Type": "Seq Scan",
                        "Parent Relationship": "Outer",
                        "Parallel Aware": true,
                        "Relation Name": "title",
                        "Alias": "t",
                        "Startup Cost": 0.0,
                        "Total Cost": 58306.47,
                        "Plan Rows": 387883,
                        "Plan Width": 4,
                        "Actual Startup Time": 0.055,
                        "Actual Total Time": 171.582,
                        "Actual Rows": 279092,
                        "Actual Loops": 2,
                        "Filter": "((kind_id < 6) AND (production_year > 1992))",
                        "Rows Removed by Filter": 985064
                      }
                    ]
                  }
                ]
              }
            ]
          }
        ]
      }
    ]
  },
  "Planning Time": 0.654,
  "Triggers": [],
  "Execution Time": 821.597
}