[
    {
        "Bao": {
            "Bao prediction": "NaN",
            "Bao recommended hint": "(no hint)"
        }
    },
    {
        "Plan": {
            "Node Type": "Aggregate",
            "Strategy": "Plain",
            "Partial Mode": "Finalize",
            "Parallel Aware": false,
            "Startup Cost": 30917.37,
            "Total Cost": 30917.38,
            "Plan Rows": 1,
            "Plan Width": 8,
            "Actual Startup Time": 73.84,
            "Actual Total Time": 79.763,
            "Actual Rows": 1,
            "Actual Loops": 1,
            "Output": [
                "count(*)"
            ],
            "Plans": [
                {
                    "Node Type": "Gather",
                    "Parent Relationship": "Outer",
                    "Parallel Aware": false,
                    "Startup Cost": 30917.05,
                    "Total Cost": 30917.36,
                    "Plan Rows": 3,
                    "Plan Width": 8,
                    "Actual Startup Time": 73.581,
                    "Actual Total Time": 79.756,
                    "Actual Rows": 4,
                    "Actual Loops": 1,
                    "Output": [
                        "(PARTIAL count(*))"
                    ],
                    "Workers Planned": 3,
                    "Workers Launched": 3,
                    "Single Copy": false,
                    "Plans": [
                        {
                            "Node Type": "Aggregate",
                            "Strategy": "Plain",
                            "Partial Mode": "Partial",
                            "Parent Relationship": "Outer",
                            "Parallel Aware": false,
                            "Startup Cost": 29917.05,
                            "Total Cost": 29917.06,
                            "Plan Rows": 1,
                            "Plan Width": 8,
                            "Actual Startup Time": 65.206,
                            "Actual Total Time": 65.207,
                            "Actual Rows": 1,
                            "Actual Loops": 4,
                            "Output": [
                                "PARTIAL count(*)"
                            ],
                            "Workers": [
                                {
                                    "Worker Number": 0,
                                    "Actual Startup Time": 62.07,
                                    "Actual Total Time": 62.071,
                                    "Actual Rows": 1,
                                    "Actual Loops": 1
                                },
                                {
                                    "Worker Number": 1,
                                    "Actual Startup Time": 62.639,
                                    "Actual Total Time": 62.641,
                                    "Actual Rows": 1,
                                    "Actual Loops": 1
                                },
                                {
                                    "Worker Number": 2,
                                    "Actual Startup Time": 62.81,
                                    "Actual Total Time": 62.811,
                                    "Actual Rows": 1,
                                    "Actual Loops": 1
                                }
                            ],
                            "Plans": [
                                {
                                    "Node Type": "Bitmap Heap Scan",
                                    "Parent Relationship": "Outer",
                                    "Parallel Aware": true,
                                    "Relation Name": "movie_keyword",
                                    "Schema": "public",
                                    "Alias": "mk",
                                    "Startup Cost": 4448.85,
                                    "Total Cost": 29748.02,
                                    "Plan Rows": 67614,
                                    "Plan Width": 0,
                                    "Actual Startup Time": 10.666,
                                    "Actual Total Time": 61.864,
                                    "Actual Rows": 51824,
                                    "Actual Loops": 4,
                                    "Recheck Cond": "(mk.keyword_id > 67132)",
                                    "Rows Removed by Index Recheck": 0,
                                    "Exact Heap Blocks": 11018,
                                    "Lossy Heap Blocks": 0,
                                    "Workers": [
                                        {
                                            "Worker Number": 0,
                                            "Actual Startup Time": 7.703,
                                            "Actual Total Time": 59.274,
                                            "Actual Rows": 32469,
                                            "Actual Loops": 1
                                        },
                                        {
                                            "Worker Number": 1,
                                            "Actual Startup Time": 8.199,
                                            "Actual Total Time": 59.722,
                                            "Actual Rows": 32129,
                                            "Actual Loops": 1
                                        },
                                        {
                                            "Worker Number": 2,
                                            "Actual Startup Time": 8.284,
                                            "Actual Total Time": 59.973,
                                            "Actual Rows": 31442,
                                            "Actual Loops": 1
                                        }
                                    ],
                                    "Plans": [
                                        {
                                            "Node Type": "Bitmap Index Scan",
                                            "Parent Relationship": "Outer",
                                            "Parallel Aware": false,
                                            "Index Name": "keyword_id_movie_keyword",
                                            "Startup Cost": 0.0,
                                            "Total Cost": 4396.45,
                                            "Plan Rows": 209602,
                                            "Plan Width": 0,
                                            "Actual Startup Time": 15.13,
                                            "Actual Total Time": 15.131,
                                            "Actual Rows": 207295,
                                            "Actual Loops": 1,
                                            "Index Cond": "(mk.keyword_id > 67132)"
                                        }
                                    ]
                                }
                            ]
                        }
                    ]
                }
            ]
        },
        "Planning Time": 180.17,
        "Triggers": [],
        "Execution Time": 79.809
    }
]