[
  {
    "Plan": {
      "Node Type": "Aggregate",
      "Strategy": "Plain",
      "Partial Mode": "Finalize",
      "Parallel Aware": false,
      "Startup Cost": 31125.55,
      "Total Cost": 31125.56,
      "Plan Rows": 1,
      "Plan Width": 8,
      "Actual Startup Time": 107.828,
      "Actual Total Time": 118.224,
      "Actual Rows": 1,
      "Actual Loops": 1,
      "Plans": [
        {
          "Node Type": "Gather",
          "Parent Relationship": "Outer",
          "Parallel Aware": false,
          "Startup Cost": 31125.23,
          "Total Cost": 31125.54,
          "Plan Rows": 3,
          "Plan Width": 8,
          "Actual Startup Time": 107.679,
          "Actual Total Time": 118.215,
          "Actual Rows": 4,
          "Actual Loops": 1,
          "Workers Planned": 3,
          "Workers Launched": 3,
          "Single Copy": false,
          "Plans": [
            {
              "Node Type": "Aggregate",
              "Strategy": "Plain",
              "Partial Mode": "Partial",
              "Parent Relationship": "Outer",
              "Parallel Aware": false,
              "Startup Cost": 30125.23,
              "Total Cost": 30125.24,
              "Plan Rows": 1,
              "Plan Width": 8,
              "Actual Startup Time": 102.244,
              "Actual Total Time": 102.245,
              "Actual Rows": 1,
              "Actual Loops": 4,
              "Plans": [
                {
                  "Node Type": "Seq Scan",
                  "Parent Relationship": "Outer",
                  "Parallel Aware": true,
                  "Relation Name": "movie_companies",
                  "Alias": "mc",
                  "Startup Cost": 0.0,
                  "Total Cost": 29310.68,
                  "Plan Rows": 325821,
                  "Plan Width": 0,
                  "Actual Startup Time": 15.381,
                  "Actual Total Time": 87.424,
                  "Actual Rows": 250934,
                  "Actual Loops": 4,
                  "Filter": "(company_id > 16557)",
                  "Rows Removed by Filter": 401348
                }
              ]
            }
          ]
        }
      ]
    },
    "Planning Time": 0.1,
    "Triggers": [],
    "Execution Time": 118.255
  }
]