[
  {
    "Plan": {
      "Node Type": "Aggregate",
      "Strategy": "Plain",
      "Partial Mode": "Finalize",
      "Parallel Aware": false,
      "Startup Cost": 31110.81,
      "Total Cost": 31110.82,
      "Plan Rows": 1,
      "Plan Width": 8,
      "Actual Startup Time": 99.253,
      "Actual Total Time": 107.016,
      "Actual Rows": 1,
      "Actual Loops": 1,
      "Plans": [
        {
          "Node Type": "Gather",
          "Parent Relationship": "Outer",
          "Parallel Aware": false,
          "Startup Cost": 31110.49,
          "Total Cost": 31110.8,
          "Plan Rows": 3,
          "Plan Width": 8,
          "Actual Startup Time": 99.144,
          "Actual Total Time": 107.007,
          "Actual Rows": 4,
          "Actual Loops": 1,
          "Workers Planned": 3,
          "Workers Launched": 3,
          "Single Copy": false,
          "Plans": [
            {
              "Node Type": "Aggregate",
              "Strategy": "Plain",
              "Partial Mode": "Partial",
              "Parent Relationship": "Outer",
              "Parallel Aware": false,
              "Startup Cost": 30110.49,
              "Total Cost": 30110.5,
              "Plan Rows": 1,
              "Plan Width": 8,
              "Actual Startup Time": 92.237,
              "Actual Total Time": 92.238,
              "Actual Rows": 1,
              "Actual Loops": 4,
              "Plans": [
                {
                  "Node Type": "Seq Scan",
                  "Parent Relationship": "Outer",
                  "Parallel Aware": true,
                  "Relation Name": "movie_companies",
                  "Alias": "mc",
                  "Startup Cost": 0.0,
                  "Total Cost": 29310.68,
                  "Plan Rows": 319923,
                  "Plan Width": 0,
                  "Actual Startup Time": 22.099,
                  "Actual Total Time": 80.582,
                  "Actual Rows": 250934,
                  "Actual Loops": 4,
                  "Filter": "(company_id > 16557)",
                  "Rows Removed by Filter": 401348
                }
              ]
            }
          ]
        }
      ]
    },
    "Planning Time": 0.193,
    "Triggers": [],
    "Execution Time": 107.07
  }
]