[
  {
    "Plan": {
      "Node Type": "Aggregate",
      "Strategy": "Plain",
      "Partial Mode": "Finalize",
      "Parallel Aware": false,
      "Startup Cost": 47226.64,
      "Total Cost": 47226.65,
      "Plan Rows": 1,
      "Plan Width": 8,
      "Actual Startup Time": 180.135,
      "Actual Total Time": 190.163,
      "Actual Rows": 1,
      "Actual Loops": 1,
      "Plans": [
        {
          "Node Type": "Gather",
          "Parent Relationship": "Outer",
          "Parallel Aware": false,
          "Startup Cost": 47226.32,
          "Total Cost": 47226.63,
          "Plan Rows": 3,
          "Plan Width": 8,
          "Actual Startup Time": 180.013,
          "Actual Total Time": 190.155,
          "Actual Rows": 4,
          "Actual Loops": 1,
          "Workers Planned": 3,
          "Workers Launched": 3,
          "Single Copy": false,
          "Plans": [
            {
              "Node Type": "Aggregate",
              "Strategy": "Plain",
              "Partial Mode": "Partial",
              "Parent Relationship": "Outer",
              "Parallel Aware": false,
              "Startup Cost": 46226.32,
              "Total Cost": 46226.33,
              "Plan Rows": 1,
              "Plan Width": 8,
              "Actual Startup Time": 173.935,
              "Actual Total Time": 173.936,
              "Actual Rows": 1,
              "Actual Loops": 4,
              "Plans": [
                {
                  "Node Type": "Seq Scan",
                  "Parent Relationship": "Outer",
                  "Parallel Aware": true,
                  "Relation Name": "movie_keyword",
                  "Alias": "mk",
                  "Startup Cost": 0.0,
                  "Total Cost": 42695.65,
                  "Plan Rows": 1412266,
                  "Plan Width": 0,
                  "Actual Startup Time": 0.044,
                  "Actual Total Time": 125.921,
                  "Actual Rows": 1095006,
                  "Actual Loops": 4,
                  "Filter": "(keyword_id < 74499)",
                  "Rows Removed by Filter": 35976
                }
              ]
            }
          ]
        }
      ]
    },
    "Planning Time": 0.148,
    "Triggers": [],
    "Execution Time": 190.21
  }
]