[
  {
    "Plan": {
      "Node Type": "Aggregate",
      "Strategy": "Plain",
      "Partial Mode": "Finalize",
      "Parallel Aware": false,
      "Startup Cost": 345037.39,
      "Total Cost": 345037.4,
      "Plan Rows": 1,
      "Plan Width": 8,
      "Actual Startup Time": 344.605,
      "Actual Total Time": 361.244,
      "Actual Rows": 1,
      "Actual Loops": 1,
      "Plans": [
        {
          "Node Type": "Gather",
          "Parent Relationship": "Outer",
          "Parallel Aware": false,
          "Startup Cost": 345036.77,
          "Total Cost": 345037.38,
          "Plan Rows": 6,
          "Plan Width": 8,
          "Actual Startup Time": 340.748,
          "Actual Total Time": 361.236,
          "Actual Rows": 7,
          "Actual Loops": 1,
          "Workers Planned": 6,
          "Workers Launched": 6,
          "Single Copy": false,
          "Plans": [
            {
              "Node Type": "Aggregate",
              "Strategy": "Plain",
              "Partial Mode": "Partial",
              "Parent Relationship": "Outer",
              "Parallel Aware": false,
              "Startup Cost": 344036.77,
              "Total Cost": 344036.78,
              "Plan Rows": 1,
              "Plan Width": 8,
              "Actual Startup Time": 330.692,
              "Actual Total Time": 330.699,
              "Actual Rows": 1,
              "Actual Loops": 7,
              "Plans": [
                {
                  "Node Type": "Hash Join",
                  "Parent Relationship": "Outer",
                  "Parallel Aware": true,
                  "Join Type": "Inner",
                  "Startup Cost": 86470.91,
                  "Total Cost": 343958.14,
                  "Plan Rows": 31451,
                  "Plan Width": 0,
                  "Actual Startup Time": 184.864,
                  "Actual Total Time": 327.303,
                  "Actual Rows": 54727,
                  "Actual Loops": 7,
                  "Inner Unique": true,
                  "Hash Cond": "(ci.movie_id = t.id)",
                  "Plans": [
                    {
                      "Node Type": "Bitmap Heap Scan",
                      "Parent Relationship": "Outer",
                      "Parallel Aware": true,
                      "Relation Name": "cast_info",
                      "Alias": "ci",
                      "Startup Cost": 39099.73,
                      "Total Cost": 296242.1,
                      "Plan Rows": 131374,
                      "Plan Width": 4,
                      "Actual Startup Time": 60.68,
                      "Actual Total Time": 137.312,
                      "Actual Rows": 243310,
                      "Actual Loops": 7,
                      "Recheck Cond": "(person_id > 3724284)",
                      "Rows Removed by Index Recheck": 0,
                      "Filter": "(role_id > 2)",
                      "Rows Removed by Filter": 0,
                      "Exact Heap Blocks": 4503,
                      "Lossy Heap Blocks": 0,
                      "Plans": [
                        {
                          "Node Type": "Bitmap Index Scan",
                          "Parent Relationship": "Outer",
                          "Parallel Aware": false,
                          "Index Name": "person_id_cast_info",
                          "Startup Cost": 0.0,
                          "Total Cost": 38902.67,
                          "Plan Rows": 1782147,
                          "Plan Width": 0,
                          "Actual Startup Time": 56.909,
                          "Actual Total Time": 56.909,
                          "Actual Rows": 1703167,
                          "Actual Loops": 1,
                          "Index Cond": "(person_id > 3724284)"
                        }
                      ]
                    },
                    {
                      "Node Type": "Hash",
                      "Parent Relationship": "Inner",
                      "Parallel Aware": true,
                      "Startup Cost": 45479.59,
                      "Total Cost": 45479.59,
                      "Plan Rows": 151328,
                      "Plan Width": 4,
                      "Actual Startup Time": 122.143,
                      "Actual Total Time": 122.145,
                      "Actual Rows": 96527,
                      "Actual Loops": 7,
                      "Hash Buckets": 1048576,
                      "Original Hash Buckets": 1048576,
                      "Hash Batches": 1,
                      "Original Hash Batches": 1,
                      "Peak Memory Usage": 34784,
                      "Plans": [
                        {
                          "Node Type": "Seq Scan",
                          "Parent Relationship": "Outer",
                          "Parallel Aware": true,
                          "Relation Name": "title",
                          "Alias": "t",
                          "Startup Cost": 0.0,
                          "Total Cost": 45479.59,
                          "Plan Rows": 151328,
                          "Plan Width": 4,
                          "Actual Startup Time": 0.04,
                          "Actual Total Time": 78.185,
                          "Actual Rows": 96527,
                          "Actual Loops": 7,
                          "Filter": "((kind_id < 7) AND (production_year < 2007))",
                          "Rows Removed by Filter": 264660
                        }
                      ]
                    }
                  ]
                }
              ]
            }
          ]
        }
      ]
    },
    "Planning Time": 0.279,
    "Triggers": [],
    "Execution Time": 361.297
  }
]