[
  {
    "Plan": {
      "Node Type": "Aggregate",
      "Strategy": "Plain",
      "Partial Mode": "Finalize",
      "Parallel Aware": false,
      "Startup Cost": 62052.82,
      "Total Cost": 62052.83,
      "Plan Rows": 1,
      "Plan Width": 8,
      "Actual Startup Time": 211.358,
      "Actual Total Time": 224.853,
      "Actual Rows": 1,
      "Actual Loops": 1,
      "Plans": [
        {
          "Node Type": "Gather",
          "Parent Relationship": "Outer",
          "Parallel Aware": false,
          "Startup Cost": 62052.61,
          "Total Cost": 62052.82,
          "Plan Rows": 2,
          "Plan Width": 8,
          "Actual Startup Time": 210.882,
          "Actual Total Time": 224.846,
          "Actual Rows": 3,
          "Actual Loops": 1,
          "Workers Planned": 2,
          "Workers Launched": 2,
          "Single Copy": false,
          "Plans": [
            {
              "Node Type": "Aggregate",
              "Strategy": "Plain",
              "Partial Mode": "Partial",
              "Parent Relationship": "Outer",
              "Parallel Aware": false,
              "Startup Cost": 61052.61,
              "Total Cost": 61052.62,
              "Plan Rows": 1,
              "Plan Width": 8,
              "Actual Startup Time": 203.151,
              "Actual Total Time": 203.154,
              "Actual Rows": 1,
              "Actual Loops": 3,
              "Plans": [
                {
                  "Node Type": "Hash Join",
                  "Parent Relationship": "Outer",
                  "Parallel Aware": true,
                  "Join Type": "Inner",
                  "Startup Cost": 45799.71,
                  "Total Cost": 60994.27,
                  "Plan Rows": 23334,
                  "Plan Width": 0,
                  "Actual Startup Time": 154.446,
                  "Actual Total Time": 202.389,
                  "Actual Rows": 17530,
                  "Actual Loops": 3,
                  "Inner Unique": true,
                  "Hash Cond": "(mi_idx.movie_id = t.id)",
                  "Plans": [
                    {
                      "Node Type": "Seq Scan",
                      "Parent Relationship": "Outer",
                      "Parallel Aware": true,
                      "Relation Name": "movie_info_idx",
                      "Alias": "mi_idx",
                      "Startup Cost": 0.0,
                      "Total Cost": 13685.15,
                      "Plan Rows": 575015,
                      "Plan Width": 4,
                      "Actual Startup Time": 0.025,
                      "Actual Total Time": 35.177,
                      "Actual Rows": 460012,
                      "Actual Loops": 3
                    },
                    {
                      "Node Type": "Hash",
                      "Parent Relationship": "Inner",
                      "Parallel Aware": true,
                      "Startup Cost": 45479.1,
                      "Total Cost": 45479.1,
                      "Plan Rows": 25649,
                      "Plan Width": 4,
                      "Actual Startup Time": 120.401,
                      "Actual Total Time": 120.402,
                      "Actual Rows": 32997,
                      "Actual Loops": 3,
                      "Hash Buckets": 131072,
                      "Original Hash Buckets": 131072,
                      "Hash Batches": 1,
                      "Original Hash Batches": 1,
                      "Peak Memory Usage": 4960,
                      "Plans": [
                        {
                          "Node Type": "Seq Scan",
                          "Parent Relationship": "Outer",
                          "Parallel Aware": true,
                          "Relation Name": "title",
                          "Alias": "t",
                          "Startup Cost": 0.0,
                          "Total Cost": 45479.1,
                          "Plan Rows": 25649,
                          "Plan Width": 4,
                          "Actual Startup Time": 47.717,
                          "Actual Total Time": 111.151,
                          "Actual Rows": 32997,
                          "Actual Loops": 3,
                          "Filter": "((kind_id < 2) AND (production_year > 2010))",
                          "Rows Removed by Filter": 809773
                        }
                      ]
                    }
                  ]
                }
              ]
            }
          ]
        }
      ]
    },
    "Planning Time": 0.58,
    "Triggers": [],
    "Execution Time": 224.918
  }
]