[
  {
    "Plan": {
      "Node Type": "Aggregate",
      "Strategy": "Plain",
      "Partial Mode": "Finalize",
      "Parallel Aware": false,
      "Startup Cost": 315056.69,
      "Total Cost": 315056.7,
      "Plan Rows": 1,
      "Plan Width": 8,
      "Actual Startup Time": 2037.192,
      "Actual Total Time": 2085.842,
      "Actual Rows": 1,
      "Actual Loops": 1,
      "Plans": [
        {
          "Node Type": "Gather",
          "Parent Relationship": "Outer",
          "Parallel Aware": false,
          "Startup Cost": 315056.37,
          "Total Cost": 315056.68,
          "Plan Rows": 3,
          "Plan Width": 8,
          "Actual Startup Time": 2008.095,
          "Actual Total Time": 2085.83,
          "Actual Rows": 4,
          "Actual Loops": 1,
          "Workers Planned": 3,
          "Workers Launched": 3,
          "Single Copy": false,
          "Plans": [
            {
              "Node Type": "Aggregate",
              "Strategy": "Plain",
              "Partial Mode": "Partial",
              "Parent Relationship": "Outer",
              "Parallel Aware": false,
              "Startup Cost": 314056.37,
              "Total Cost": 314056.38,
              "Plan Rows": 1,
              "Plan Width": 8,
              "Actual Startup Time": 1991.177,
              "Actual Total Time": 1991.914,
              "Actual Rows": 1,
              "Actual Loops": 4,
              "Plans": [
                {
                  "Node Type": "Hash Join",
                  "Parent Relationship": "Outer",
                  "Parallel Aware": true,
                  "Join Type": "Inner",
                  "Startup Cost": 259532.06,
                  "Total Cost": 309987.16,
                  "Plan Rows": 1627684,
                  "Plan Width": 0,
                  "Actual Startup Time": 1438.968,
                  "Actual Total Time": 1870.606,
                  "Actual Rows": 2853012,
                  "Actual Loops": 4,
                  "Inner Unique": false,
                  "Hash Cond": "(mk.movie_id = t.id)",
                  "Plans": [
                    {
                      "Node Type": "Seq Scan",
                      "Parent Relationship": "Outer",
                      "Parallel Aware": true,
                      "Relation Name": "movie_keyword",
                      "Alias": "mk",
                      "Startup Cost": 0.0,
                      "Total Cost": 42695.65,
                      "Plan Rows": 1201087,
                      "Plan Width": 4,
                      "Actual Startup Time": 0.06,
                      "Actual Total Time": 117.558,
                      "Actual Rows": 928904,
                      "Actual Loops": 4,
                      "Filter": "(keyword_id > 782)",
                      "Rows Removed by Filter": 202078
                    },
                    {
                      "Node Type": "Hash",
                      "Parent Relationship": "Inner",
                      "Parallel Aware": true,
                      "Startup Cost": 250966.36,
                      "Total Cost": 250966.36,
                      "Plan Rows": 685256,
                      "Plan Width": 8,
                      "Actual Startup Time": 1428.116,
                      "Actual Total Time": 1428.852,
                      "Actual Rows": 790098,
                      "Actual Loops": 4,
                      "Hash Buckets": 4194304,
                      "Original Hash Buckets": 4194304,
                      "Hash Batches": 1,
                      "Original Hash Batches": 1,
                      "Peak Memory Usage": 156480,
                      "Plans": [
                        {
                          "Node Type": "Hash Join",
                          "Parent Relationship": "Outer",
                          "Parallel Aware": true,
                          "Join Type": "Inner",
                          "Startup Cost": 49457.33,
                          "Total Cost": 250966.36,
                          "Plan Rows": 685256,
                          "Plan Width": 8,
                          "Actual Startup Time": 283.852,
                          "Actual Total Time": 1143.486,
                          "Actual Rows": 790098,
                          "Actual Loops": 4,
                          "Inner Unique": true,
                          "Hash Cond": "(mi.movie_id = t.id)",
                          "Plans": [
                            {
                              "Node Type": "Seq Scan",
                              "Parent Relationship": "Outer",
                              "Parallel Aware": true,
                              "Relation Name": "movie_info",
                              "Alias": "mi",
                              "Startup Cost": 0.0,
                              "Total Cost": 198952.16,
                              "Plan Rows": 974046,
                              "Plan Width": 4,
                              "Actual Startup Time": 0.026,
                              "Actual Total Time": 437.486,
                              "Actual Rows": 1230992,
                              "Actual Loops": 4,
                              "Filter": "(info_type_id < 5)",
                              "Rows Removed by Filter": 2477938
                            },
                            {
                              "Node Type": "Hash",
                              "Parent Relationship": "Inner",
                              "Parallel Aware": true,
                              "Startup Cost": 43898.92,
                              "Total Cost": 43898.92,
                              "Plan Rows": 444673,
                              "Plan Width": 4,
                              "Actual Startup Time": 281.054,
                              "Actual Total Time": 281.056,
                              "Actual Rows": 443018,
                              "Actual Loops": 4,
                              "Hash Buckets": 2097152,
                              "Original Hash Buckets": 2097152,
                              "Hash Batches": 1,
                              "Original Hash Batches": 1,
                              "Peak Memory Usage": 85792,
                              "Plans": [
                                {
                                  "Node Type": "Seq Scan",
                                  "Parent Relationship": "Outer",
                                  "Parallel Aware": true,
                                  "Relation Name": "title",
                                  "Alias": "t",
                                  "Startup Cost": 0.0,
                                  "Total Cost": 43898.92,
                                  "Plan Rows": 444673,
                                  "Plan Width": 4,
                                  "Actual Startup Time": 0.041,
                                  "Actual Total Time": 118.324,
                                  "Actual Rows": 443018,
                                  "Actual Loops": 4,
                                  "Filter": "(production_year > 1989)",
                                  "Rows Removed by Filter": 189060
                                }
                              ]
                            }
                          ]
                        }
                      ]
                    }
                  ]
                }
              ]
            }
          ]
        }
      ]
    },
    "Planning Time": 1.372,
    "Triggers": [],
    "Execution Time": 2085.935
  }
]