[
  {
    "Plan": {
      "Node Type": "Aggregate",
      "Strategy": "Plain",
      "Partial Mode": "Finalize",
      "Parallel Aware": false,
      "Startup Cost": 47038.89,
      "Total Cost": 47038.9,
      "Plan Rows": 1,
      "Plan Width": 8,
      "Actual Startup Time": 206.537,
      "Actual Total Time": 213.605,
      "Actual Rows": 1,
      "Actual Loops": 1,
      "Plans": [
        {
          "Node Type": "Gather",
          "Parent Relationship": "Outer",
          "Parallel Aware": false,
          "Startup Cost": 47038.58,
          "Total Cost": 47038.89,
          "Plan Rows": 3,
          "Plan Width": 8,
          "Actual Startup Time": 206.416,
          "Actual Total Time": 213.595,
          "Actual Rows": 4,
          "Actual Loops": 1,
          "Workers Planned": 3,
          "Workers Launched": 3,
          "Single Copy": false,
          "Plans": [
            {
              "Node Type": "Aggregate",
              "Strategy": "Plain",
              "Partial Mode": "Partial",
              "Parent Relationship": "Outer",
              "Parallel Aware": false,
              "Startup Cost": 46038.58,
              "Total Cost": 46038.59,
              "Plan Rows": 1,
              "Plan Width": 8,
              "Actual Startup Time": 200.599,
              "Actual Total Time": 200.6,
              "Actual Rows": 1,
              "Actual Loops": 4,
              "Plans": [
                {
                  "Node Type": "Seq Scan",
                  "Parent Relationship": "Outer",
                  "Parallel Aware": true,
                  "Relation Name": "movie_keyword",
                  "Alias": "mk",
                  "Startup Cost": 0.0,
                  "Total Cost": 42695.65,
                  "Plan Rows": 1337169,
                  "Plan Width": 0,
                  "Actual Startup Time": 0.049,
                  "Actual Total Time": 144.085,
                  "Actual Rows": 1040121,
                  "Actual Loops": 4,
                  "Filter": "(keyword_id < 46064)",
                  "Rows Removed by Filter": 90862
                }
              ]
            }
          ]
        }
      ]
    },
    "Planning Time": 0.13,
    "Triggers": [],
    "Execution Time": 213.645
  }
]