[
  {
    "Plan": {
      "Node Type": "Aggregate",
      "Strategy": "Plain",
      "Partial Mode": "Finalize",
      "Parallel Aware": false,
      "Startup Cost": 46176.48,
      "Total Cost": 46176.49,
      "Plan Rows": 1,
      "Plan Width": 8,
      "Actual Startup Time": 174.317,
      "Actual Total Time": 184.183,
      "Actual Rows": 1,
      "Actual Loops": 1,
      "Plans": [
        {
          "Node Type": "Gather",
          "Parent Relationship": "Outer",
          "Parallel Aware": false,
          "Startup Cost": 46176.16,
          "Total Cost": 46176.47,
          "Plan Rows": 3,
          "Plan Width": 8,
          "Actual Startup Time": 174.16,
          "Actual Total Time": 184.171,
          "Actual Rows": 4,
          "Actual Loops": 1,
          "Workers Planned": 3,
          "Workers Launched": 3,
          "Single Copy": false,
          "Plans": [
            {
              "Node Type": "Aggregate",
              "Strategy": "Plain",
              "Partial Mode": "Partial",
              "Parent Relationship": "Outer",
              "Parallel Aware": false,
              "Startup Cost": 45176.16,
              "Total Cost": 45176.17,
              "Plan Rows": 1,
              "Plan Width": 8,
              "Actual Startup Time": 167.334,
              "Actual Total Time": 167.336,
              "Actual Rows": 1,
              "Actual Loops": 4,
              "Plans": [
                {
                  "Node Type": "Seq Scan",
                  "Parent Relationship": "Outer",
                  "Parallel Aware": true,
                  "Relation Name": "movie_keyword",
                  "Alias": "mk",
                  "Startup Cost": 0.0,
                  "Total Cost": 42695.65,
                  "Plan Rows": 992203,
                  "Plan Width": 0,
                  "Actual Startup Time": 0.047,
                  "Actual Total Time": 128.41,
                  "Actual Rows": 771092,
                  "Actual Loops": 4,
                  "Filter": "(keyword_id < 11598)",
                  "Rows Removed by Filter": 359891
                }
              ]
            }
          ]
        }
      ]
    },
    "Planning Time": 0.101,
    "Triggers": [],
    "Execution Time": 184.217
  }
]