[
  {
    "Plan": {
      "Node Type": "Aggregate",
      "Strategy": "Plain",
      "Partial Mode": "Finalize",
      "Parallel Aware": false,
      "Startup Cost": 271120.04,
      "Total Cost": 271120.05,
      "Plan Rows": 1,
      "Plan Width": 8,
      "Actual Startup Time": 712.09,
      "Actual Total Time": 737.383,
      "Actual Rows": 1,
      "Actual Loops": 1,
      "Plans": [
        {
          "Node Type": "Gather",
          "Parent Relationship": "Outer",
          "Parallel Aware": false,
          "Startup Cost": 271119.52,
          "Total Cost": 271120.03,
          "Plan Rows": 5,
          "Plan Width": 8,
          "Actual Startup Time": 692.954,
          "Actual Total Time": 737.369,
          "Actual Rows": 6,
          "Actual Loops": 1,
          "Workers Planned": 5,
          "Workers Launched": 5,
          "Single Copy": false,
          "Plans": [
            {
              "Node Type": "Aggregate",
              "Strategy": "Plain",
              "Partial Mode": "Partial",
              "Parent Relationship": "Outer",
              "Parallel Aware": false,
              "Startup Cost": 270119.52,
              "Total Cost": 270119.53,
              "Plan Rows": 1,
              "Plan Width": 8,
              "Actual Startup Time": 682.493,
              "Actual Total Time": 682.865,
              "Actual Rows": 1,
              "Actual Loops": 6,
              "Plans": [
                {
                  "Node Type": "Hash Join",
                  "Parent Relationship": "Outer",
                  "Parallel Aware": true,
                  "Join Type": "Inner",
                  "Startup Cost": 104288.63,
                  "Total Cost": 269987.71,
                  "Plan Rows": 52723,
                  "Plan Width": 0,
                  "Actual Startup Time": 541.854,
                  "Actual Total Time": 676.215,
                  "Actual Rows": 102361,
                  "Actual Loops": 6,
                  "Inner Unique": false,
                  "Hash Cond": "(mi.movie_id = t.id)",
                  "Plans": [
                    {
                      "Node Type": "Bitmap Heap Scan",
                      "Parent Relationship": "Outer",
                      "Parallel Aware": true,
                      "Relation Name": "movie_info",
                      "Alias": "mi",
                      "Startup Cost": 19664.46,
                      "Total Cost": 184377.47,
                      "Plan Rows": 217601,
                      "Plan Width": 4,
                      "Actual Startup Time": 48.104,
                      "Actual Total Time": 131.063,
                      "Actual Rows": 180528,
                      "Actual Loops": 6,
                      "Recheck Cond": "(info_type_id > 70)",
                      "Rows Removed by Index Recheck": 0,
                      "Exact Heap Blocks": 8070,
                      "Lossy Heap Blocks": 0,
                      "Plans": [
                        {
                          "Node Type": "Bitmap Index Scan",
                          "Parent Relationship": "Outer",
                          "Parallel Aware": false,
                          "Index Name": "info_type_id_movie_info",
                          "Startup Cost": 0.0,
                          "Total Cost": 19392.46,
                          "Plan Rows": 1088003,
                          "Plan Width": 0,
                          "Actual Startup Time": 42.411,
                          "Actual Total Time": 42.411,
                          "Actual Rows": 1083166,
                          "Actual Loops": 1,
                          "Index Cond": "(info_type_id > 70)"
                        }
                      ]
                    },
                    {
                      "Node Type": "Hash",
                      "Parent Relationship": "Inner",
                      "Parallel Aware": true,
                      "Startup Cost": 82153.95,
                      "Total Cost": 82153.95,
                      "Plan Rows": 197618,
                      "Plan Width": 8,
                      "Actual Startup Time": 489.965,
                      "Actual Total Time": 490.335,
                      "Actual Rows": 66549,
                      "Actual Loops": 6,
                      "Hash Buckets": 1048576,
                      "Original Hash Buckets": 1048576,
                      "Hash Batches": 1,
                      "Original Hash Batches": 1,
                      "Peak Memory Usage": 23936,
                      "Plans": [
                        {
                          "Node Type": "Hash Join",
                          "Parent Relationship": "Outer",
                          "Parallel Aware": true,
                          "Join Type": "Inner",
                          "Startup Cost": 50220.38,
                          "Total Cost": 82153.95,
                          "Plan Rows": 197618,
                          "Plan Width": 8,
                          "Actual Startup Time": 381.322,
                          "Actual Total Time": 450.65,
                          "Actual Rows": 66549,
                          "Actual Loops": 6,
                          "Inner Unique": true,
                          "Hash Cond": "(mc.movie_id = t.id)",
                          "Plans": [
                            {
                              "Node Type": "Seq Scan",
                              "Parent Relationship": "Outer",
                              "Parallel Aware": true,
                              "Relation Name": "movie_companies",
                              "Alias": "mc",
                              "Startup Cost": 0.0,
                              "Total Cost": 31414.82,
                              "Plan Rows": 197618,
                              "Plan Width": 4,
                              "Actual Startup Time": 31.7,
                              "Actual Total Time": 60.84,
                              "Actual Rows": 66549,
                              "Actual Loops": 6,
                              "Filter": "((company_id < 11137) AND (company_type_id > 1))",
                              "Rows Removed by Filter": 368306
                            },
                            {
                              "Node Type": "Hash",
                              "Parent Relationship": "Inner",
                              "Parallel Aware": true,
                              "Startup Cost": 42319.06,
                              "Total Cost": 42319.06,
                              "Plan Rows": 632106,
                              "Plan Width": 4,
                              "Actual Startup Time": 343.161,
                              "Actual Total Time": 343.163,
                              "Actual Rows": 421385,
                              "Actual Loops": 6,
                              "Hash Buckets": 4194304,
                              "Original Hash Buckets": 4194304,
                              "Hash Batches": 1,
                              "Original Hash Batches": 1,
                              "Peak Memory Usage": 131776,
                              "Plans": [
                                {
                                  "Node Type": "Seq Scan",
                                  "Parent Relationship": "Outer",
                                  "Parallel Aware": true,
                                  "Relation Name": "title",
                                  "Alias": "t",
                                  "Startup Cost": 0.0,
                                  "Total Cost": 42319.06,
                                  "Plan Rows": 632106,
                                  "Plan Width": 4,
                                  "Actual Startup Time": 0.078,
                                  "Actual Total Time": 103.794,
                                  "Actual Rows": 421385,
                                  "Actual Loops": 6
                                }
                              ]
                            }
                          ]
                        }
                      ]
                    }
                  ]
                }
              ]
            }
          ]
        }
      ]
    },
    "Planning Time": 1.557,
    "Triggers": [],
    "Execution Time": 737.497
  }
]