[
  {
    "Plan": {
      "Node Type": "Aggregate",
      "Strategy": "Plain",
      "Partial Mode": "Finalize",
      "Parallel Aware": false,
      "Startup Cost": 46687.56,
      "Total Cost": 46687.57,
      "Plan Rows": 1,
      "Plan Width": 8,
      "Actual Startup Time": 168.821,
      "Actual Total Time": 176.712,
      "Actual Rows": 1,
      "Actual Loops": 1,
      "Plans": [
        {
          "Node Type": "Gather",
          "Parent Relationship": "Outer",
          "Parallel Aware": false,
          "Startup Cost": 46687.24,
          "Total Cost": 46687.55,
          "Plan Rows": 3,
          "Plan Width": 8,
          "Actual Startup Time": 168.706,
          "Actual Total Time": 176.703,
          "Actual Rows": 4,
          "Actual Loops": 1,
          "Workers Planned": 3,
          "Workers Launched": 3,
          "Single Copy": false,
          "Plans": [
            {
              "Node Type": "Aggregate",
              "Strategy": "Plain",
              "Partial Mode": "Partial",
              "Parent Relationship": "Outer",
              "Parallel Aware": false,
              "Startup Cost": 45687.24,
              "Total Cost": 45687.25,
              "Plan Rows": 1,
              "Plan Width": 8,
              "Actual Startup Time": 162.888,
              "Actual Total Time": 162.889,
              "Actual Rows": 1,
              "Actual Loops": 4,
              "Plans": [
                {
                  "Node Type": "Seq Scan",
                  "Parent Relationship": "Outer",
                  "Parallel Aware": true,
                  "Relation Name": "movie_keyword",
                  "Alias": "mk",
                  "Startup Cost": 0.0,
                  "Total Cost": 42695.65,
                  "Plan Rows": 1196634,
                  "Plan Width": 0,
                  "Actual Startup Time": 0.048,
                  "Actual Total Time": 120.337,
                  "Actual Rows": 930559,
                  "Actual Loops": 4,
                  "Filter": "(keyword_id < 23082)",
                  "Rows Removed by Filter": 200423
                }
              ]
            }
          ]
        }
      ]
    },
    "Planning Time": 0.173,
    "Triggers": [],
    "Execution Time": 176.761
  }
]