[
    {
        "Bao": {
            "Bao prediction": "NaN",
            "Bao recommended hint": "(no hint)"
        }
    },
    {
        "Plan": {
            "Node Type": "Aggregate",
            "Strategy": "Plain",
            "Partial Mode": "Finalize",
            "Parallel Aware": false,
            "Startup Cost": 274573.5,
            "Total Cost": 274573.51,
            "Plan Rows": 1,
            "Plan Width": 8,
            "Actual Startup Time": 123.231,
            "Actual Total Time": 127.85,
            "Actual Rows": 1,
            "Actual Loops": 1,
            "Output": [
                "count(*)"
            ],
            "Plans": [
                {
                    "Node Type": "Gather",
                    "Parent Relationship": "Outer",
                    "Parallel Aware": false,
                    "Startup Cost": 274572.88,
                    "Total Cost": 274573.49,
                    "Plan Rows": 6,
                    "Plan Width": 8,
                    "Actual Startup Time": 122.711,
                    "Actual Total Time": 127.843,
                    "Actual Rows": 7,
                    "Actual Loops": 1,
                    "Output": [
                        "(PARTIAL count(*))"
                    ],
                    "Workers Planned": 6,
                    "Workers Launched": 6,
                    "Single Copy": false,
                    "Plans": [
                        {
                            "Node Type": "Aggregate",
                            "Strategy": "Plain",
                            "Partial Mode": "Partial",
                            "Parent Relationship": "Outer",
                            "Parallel Aware": false,
                            "Startup Cost": 273572.88,
                            "Total Cost": 273572.89,
                            "Plan Rows": 1,
                            "Plan Width": 8,
                            "Actual Startup Time": 112.426,
                            "Actual Total Time": 112.428,
                            "Actual Rows": 1,
                            "Actual Loops": 7,
                            "Output": [
                                "PARTIAL count(*)"
                            ],
                            "Workers": [
                                {
                                    "Worker Number": 0,
                                    "Actual Startup Time": 110.152,
                                    "Actual Total Time": 110.154,
                                    "Actual Rows": 1,
                                    "Actual Loops": 1
                                },
                                {
                                    "Worker Number": 1,
                                    "Actual Startup Time": 110.359,
                                    "Actual Total Time": 110.36,
                                    "Actual Rows": 1,
                                    "Actual Loops": 1
                                },
                                {
                                    "Worker Number": 2,
                                    "Actual Startup Time": 110.512,
                                    "Actual Total Time": 110.513,
                                    "Actual Rows": 1,
                                    "Actual Loops": 1
                                },
                                {
                                    "Worker Number": 3,
                                    "Actual Startup Time": 110.825,
                                    "Actual Total Time": 110.826,
                                    "Actual Rows": 1,
                                    "Actual Loops": 1
                                },
                                {
                                    "Worker Number": 4,
                                    "Actual Startup Time": 111.311,
                                    "Actual Total Time": 111.313,
                                    "Actual Rows": 1,
                                    "Actual Loops": 1
                                },
                                {
                                    "Worker Number": 5,
                                    "Actual Startup Time": 111.469,
                                    "Actual Total Time": 111.47,
                                    "Actual Rows": 1,
                                    "Actual Loops": 1
                                }
                            ],
                            "Plans": [
                                {
                                    "Node Type": "Bitmap Heap Scan",
                                    "Parent Relationship": "Outer",
                                    "Parallel Aware": true,
                                    "Relation Name": "cast_info",
                                    "Schema": "public",
                                    "Alias": "ci",
                                    "Startup Cost": 18761.65,
                                    "Total Cost": 273218.84,
                                    "Plan Rows": 141615,
                                    "Plan Width": 0,
                                    "Actual Startup Time": 52.592,
                                    "Actual Total Time": 103.201,
                                    "Actual Rows": 132918,
                                    "Actual Loops": 7,
                                    "Recheck Cond": "(ci.person_id > 3883618)",
                                    "Rows Removed by Index Recheck": 0,
                                    "Exact Heap Blocks": 4284,
                                    "Lossy Heap Blocks": 0,
                                    "Workers": [
                                        {
                                            "Worker Number": 0,
                                            "Actual Startup Time": 50.72,
                                            "Actual Total Time": 101.115,
                                            "Actual Rows": 95489,
                                            "Actual Loops": 1
                                        },
                                        {
                                            "Worker Number": 1,
                                            "Actual Startup Time": 51.034,
                                            "Actual Total Time": 101.453,
                                            "Actual Rows": 93378,
                                            "Actual Loops": 1
                                        },
                                        {
                                            "Worker Number": 2,
                                            "Actual Startup Time": 50.447,
                                            "Actual Total Time": 101.662,
                                            "Actual Rows": 95899,
                                            "Actual Loops": 1
                                        },
                                        {
                                            "Worker Number": 3,
                                            "Actual Startup Time": 51.17,
                                            "Actual Total Time": 101.965,
                                            "Actual Rows": 115602,
                                            "Actual Loops": 1
                                        },
                                        {
                                            "Worker Number": 4,
                                            "Actual Startup Time": 51.298,
                                            "Actual Total Time": 102.47,
                                            "Actual Rows": 116918,
                                            "Actual Loops": 1
                                        },
                                        {
                                            "Worker Number": 5,
                                            "Actual Startup Time": 51.587,
                                            "Actual Total Time": 102.747,
                                            "Actual Rows": 117085,
                                            "Actual Loops": 1
                                        }
                                    ],
                                    "Plans": [
                                        {
                                            "Node Type": "Bitmap Index Scan",
                                            "Parent Relationship": "Outer",
                                            "Parallel Aware": false,
                                            "Index Name": "person_id_cast_info",
                                            "Startup Cost": 0.0,
                                            "Total Cost": 18549.23,
                                            "Plan Rows": 849689,
                                            "Plan Width": 0,
                                            "Actual Startup Time": 59.893,
                                            "Actual Total Time": 59.893,
                                            "Actual Rows": 930427,
                                            "Actual Loops": 1,
                                            "Index Cond": "(ci.person_id > 3883618)"
                                        }
                                    ]
                                }
                            ]
                        }
                    ]
                }
            ]
        },
        "Planning Time": 179.674,
        "Triggers": [],
        "Execution Time": 127.901
    }
]