[
  {
    "Plan": {
      "Node Type": "Aggregate",
      "Strategy": "Plain",
      "Partial Mode": "Finalize",
      "Parallel Aware": false,
      "Startup Cost": 389625.02,
      "Total Cost": 389625.03,
      "Plan Rows": 1,
      "Plan Width": 8,
      "Actual Startup Time": 1284.31,
      "Actual Total Time": 1343.982,
      "Actual Rows": 1,
      "Actual Loops": 1,
      "Plans": [
        {
          "Node Type": "Gather",
          "Parent Relationship": "Outer",
          "Parallel Aware": false,
          "Startup Cost": 389624.4,
          "Total Cost": 389625.01,
          "Plan Rows": 6,
          "Plan Width": 8,
          "Actual Startup Time": 1282.757,
          "Actual Total Time": 1343.971,
          "Actual Rows": 7,
          "Actual Loops": 1,
          "Workers Planned": 6,
          "Workers Launched": 6,
          "Single Copy": false,
          "Plans": [
            {
              "Node Type": "Aggregate",
              "Strategy": "Plain",
              "Partial Mode": "Partial",
              "Parent Relationship": "Outer",
              "Parallel Aware": false,
              "Startup Cost": 388624.4,
              "Total Cost": 388624.41,
              "Plan Rows": 1,
              "Plan Width": 8,
              "Actual Startup Time": 1275.255,
              "Actual Total Time": 1275.258,
              "Actual Rows": 1,
              "Actual Loops": 7,
              "Plans": [
                {
                  "Node Type": "Hash Join",
                  "Parent Relationship": "Outer",
                  "Parallel Aware": true,
                  "Join Type": "Inner",
                  "Startup Cost": 46493.77,
                  "Total Cost": 387102.11,
                  "Plan Rows": 608916,
                  "Plan Width": 0,
                  "Actual Startup Time": 87.926,
                  "Actual Total Time": 1263.09,
                  "Actual Rows": 264753,
                  "Actual Loops": 7,
                  "Inner Unique": true,
                  "Hash Cond": "(ci.movie_id = t.id)",
                  "Plans": [
                    {
                      "Node Type": "Seq Scan",
                      "Parent Relationship": "Outer",
                      "Parallel Aware": true,
                      "Relation Name": "cast_info",
                      "Alias": "ci",
                      "Startup Cost": 0.0,
                      "Total Cost": 328162.03,
                      "Plan Rows": 4741442,
                      "Plan Width": 4,
                      "Actual Startup Time": 0.029,
                      "Actual Total Time": 686.176,
                      "Actual Rows": 4075958,
                      "Actual Loops": 7,
                      "Filter": "(role_id < 7)",
                      "Rows Removed by Filter": 1101806
                    },
                    {
                      "Node Type": "Hash",
                      "Parent Relationship": "Inner",
                      "Parallel Aware": true,
                      "Startup Cost": 45479.1,
                      "Total Cost": 45479.1,
                      "Plan Rows": 81174,
                      "Plan Width": 4,
                      "Actual Startup Time": 85.757,
                      "Actual Total Time": 85.758,
                      "Actual Rows": 28427,
                      "Actual Loops": 7,
                      "Hash Buckets": 524288,
                      "Original Hash Buckets": 524288,
                      "Hash Batches": 1,
                      "Original Hash Batches": 1,
                      "Peak Memory Usage": 11936,
                      "Plans": [
                        {
                          "Node Type": "Seq Scan",
                          "Parent Relationship": "Outer",
                          "Parallel Aware": true,
                          "Relation Name": "title",
                          "Alias": "t",
                          "Startup Cost": 0.0,
                          "Total Cost": 45479.1,
                          "Plan Rows": 81174,
                          "Plan Width": 4,
                          "Actual Startup Time": 0.037,
                          "Actual Total Time": 70.908,
                          "Actual Rows": 28427,
                          "Actual Loops": 7,
                          "Filter": "((kind_id > 1) AND (production_year < 1976))",
                          "Rows Removed by Filter": 332761
                        }
                      ]
                    }
                  ]
                }
              ]
            }
          ]
        }
      ]
    },
    "Planning Time": 0.367,
    "Triggers": [],
    "Execution Time": 1344.047
  }
]