[
  {
    "Plan": {
      "Node Type": "Aggregate",
      "Strategy": "Plain",
      "Partial Mode": "Finalize",
      "Parallel Aware": false,
      "Startup Cost": 89075.15,
      "Total Cost": 89075.16,
      "Plan Rows": 1,
      "Plan Width": 8,
      "Actual Startup Time": 541.185,
      "Actual Total Time": 559.313,
      "Actual Rows": 1,
      "Actual Loops": 1,
      "Plans": [
        {
          "Node Type": "Gather",
          "Parent Relationship": "Outer",
          "Parallel Aware": false,
          "Startup Cost": 89074.83,
          "Total Cost": 89075.14,
          "Plan Rows": 3,
          "Plan Width": 8,
          "Actual Startup Time": 528.672,
          "Actual Total Time": 559.304,
          "Actual Rows": 4,
          "Actual Loops": 1,
          "Workers Planned": 3,
          "Workers Launched": 3,
          "Single Copy": false,
          "Plans": [
            {
              "Node Type": "Aggregate",
              "Strategy": "Plain",
              "Partial Mode": "Partial",
              "Parent Relationship": "Outer",
              "Parallel Aware": false,
              "Startup Cost": 88074.83,
              "Total Cost": 88074.84,
              "Plan Rows": 1,
              "Plan Width": 8,
              "Actual Startup Time": 509.711,
              "Actual Total Time": 509.715,
              "Actual Rows": 1,
              "Actual Loops": 4,
              "Plans": [
                {
                  "Node Type": "Hash Join",
                  "Parent Relationship": "Outer",
                  "Parallel Aware": true,
                  "Join Type": "Inner",
                  "Startup Cost": 60788.66,
                  "Total Cost": 87673.1,
                  "Plan Rows": 160690,
                  "Plan Width": 0,
                  "Actual Startup Time": 391.093,
                  "Actual Total Time": 503.217,
                  "Actual Rows": 127372,
                  "Actual Loops": 4,
                  "Inner Unique": true,
                  "Hash Cond": "(mk.movie_id = t.id)",
                  "Plans": [
                    {
                      "Node Type": "Bitmap Heap Scan",
                      "Parent Relationship": "Outer",
                      "Parallel Aware": true,
                      "Relation Name": "movie_keyword",
                      "Alias": "mk",
                      "Startup Cost": 10569.02,
                      "Total Cost": 37031.65,
                      "Plan Rows": 160690,
                      "Plan Width": 4,
                      "Actual Startup Time": 28.788,
                      "Actual Total Time": 86.428,
                      "Actual Rows": 127372,
                      "Actual Loops": 4,
                      "Recheck Cond": "(keyword_id < 373)",
                      "Rows Removed by Index Recheck": 0,
                      "Exact Heap Blocks": 8357,
                      "Lossy Heap Blocks": 0,
                      "Plans": [
                        {
                          "Node Type": "Bitmap Index Scan",
                          "Parent Relationship": "Outer",
                          "Parallel Aware": false,
                          "Index Name": "keyword_id_movie_keyword",
                          "Startup Cost": 0.0,
                          "Total Cost": 10444.48,
                          "Plan Rows": 498140,
                          "Plan Width": 0,
                          "Actual Startup Time": 25.182,
                          "Actual Total Time": 25.183,
                          "Actual Rows": 509486,
                          "Actual Loops": 1,
                          "Index Cond": "(keyword_id < 373)"
                        }
                      ]
                    },
                    {
                      "Node Type": "Hash",
                      "Parent Relationship": "Inner",
                      "Parallel Aware": true,
                      "Startup Cost": 42318.73,
                      "Total Cost": 42318.73,
                      "Plan Rows": 632073,
                      "Plan Width": 4,
                      "Actual Startup Time": 350.782,
                      "Actual Total Time": 350.782,
                      "Actual Rows": 632078,
                      "Actual Loops": 4,
                      "Hash Buckets": 4194304,
                      "Original Hash Buckets": 4194304,
                      "Hash Batches": 1,
                      "Original Hash Batches": 1,
                      "Peak Memory Usage": 131744,
                      "Plans": [
                        {
                          "Node Type": "Seq Scan",
                          "Parent Relationship": "Outer",
                          "Parallel Aware": true,
                          "Relation Name": "title",
                          "Alias": "t",
                          "Startup Cost": 0.0,
                          "Total Cost": 42318.73,
                          "Plan Rows": 632073,
                          "Plan Width": 4,
                          "Actual Startup Time": 0.037,
                          "Actual Total Time": 102.855,
                          "Actual Rows": 632078,
                          "Actual Loops": 4
                        }
                      ]
                    }
                  ]
                }
              ]
            }
          ]
        }
      ]
    },
    "Planning Time": 0.497,
    "Triggers": [],
    "Execution Time": 559.387
  }
]