{
  "Plan": {
    "Node Type": "Aggregate",
    "Strategy": "Plain",
    "Partial Mode": "Finalize",
    "Parallel Aware": false,
    "Startup Cost": 641303.47,
    "Total Cost": 641303.48,
    "Plan Rows": 1,
    "Plan Width": 8,
    "Actual Startup Time": 3152.317,
    "Actual Total Time": 3221.727,
    "Actual Rows": 1,
    "Actual Loops": 1,
    "Plans": [
      {
        "Node Type": "Gather",
        "Parent Relationship": "Outer",
        "Parallel Aware": false,
        "Startup Cost": 641303.36,
        "Total Cost": 641303.47,
        "Plan Rows": 1,
        "Plan Width": 8,
        "Actual Startup Time": 3149.711,
        "Actual Total Time": 3221.719,
        "Actual Rows": 2,
        "Actual Loops": 1,
        "Workers Planned": 1,
        "Workers Launched": 1,
        "Single Copy": false,
        "Plans": [
          {
            "Node Type": "Aggregate",
            "Strategy": "Plain",
            "Partial Mode": "Partial",
            "Parent Relationship": "Outer",
            "Parallel Aware": false,
            "Startup Cost": 640303.36,
            "Total Cost": 640303.37,
            "Plan Rows": 1,
            "Plan Width": 8,
            "Actual Startup Time": 3142.989,
            "Actual Total Time": 3142.994,
            "Actual Rows": 1,
            "Actual Loops": 2,
            "Plans": [
              {
                "Node Type": "Hash Join",
                "Parent Relationship": "Outer",
                "Parallel Aware": true,
                "Join Type": "Inner",
                "Startup Cost": 81255.53,
                "Total Cost": 638296.98,
                "Plan Rows": 802553,
                "Plan Width": 0,
                "Actual Startup Time": 912.333,
                "Actual Total Time": 3048.367,
                "Actual Rows": 2325596,
                "Actual Loops": 2,
                "Inner Unique": false,
                "Hash Cond": "(ci.movie_id = t.id)",
                "Plans": [
                  {
                    "Node Type": "Seq Scan",
                    "Parent Relationship": "Outer",
                    "Parallel Aware": true,
                    "Relation Name": "cast_info",
                    "Alias": "ci",
                    "Startup Cost": 0.0,
                    "Total Cost": 519069.44,
                    "Plan Rows": 8866961,
                    "Plan Width": 4,
                    "Actual Startup Time": 485.83,
                    "Actual Total Time": 1354.292,
                    "Actual Rows": 7516282,
                    "Actual Loops": 2,
                    "Filter": "(person_id > 2143909)",
                    "Rows Removed by Filter": 10605890
                  },
                  {
                    "Node Type": "Hash",
                    "Parent Relationship": "Inner",
                    "Parallel Aware": true,
                    "Startup Cost": 79572.91,
                    "Total Cost": 79572.91,
                    "Plan Rows": 134610,
                    "Plan Width": 8,
                    "Actual Startup Time": 422.987,
                    "Actual Total Time": 422.99,
                    "Actual Rows": 258657,
                    "Actual Loops": 2,
                    "Hash Buckets": 524288,
                    "Original Hash Buckets": 262144,
                    "Hash Batches": 1,
                    "Original Hash Batches": 1,
                    "Peak Memory Usage": 26400,
                    "Plans": [
                      {
                        "Node Type": "Hash Join",
                        "Parent Relationship": "Outer",
                        "Parallel Aware": true,
                        "Join Type": "Inner",
                        "Startup Cost": 61389.12,
                        "Total Cost": 79572.91,
                        "Plan Rows": 134610,
                        "Plan Width": 8,
                        "Actual Startup Time": 208.164,
                        "Actual Total Time": 371.367,
                        "Actual Rows": 258657,
                        "Actual Loops": 2,
                        "Inner Unique": true,
                        "Hash Cond": "(mi_idx.movie_id = t.id)",
                        "Plans": [
                          {
                            "Node Type": "Seq Scan",
                            "Parent Relationship": "Outer",
                            "Parallel Aware": true,
                            "Relation Name": "movie_info_idx",
                            "Alias": "mi_idx",
                            "Startup Cost": 0.0,
                            "Total Cost": 16052.85,
                            "Plan Rows": 811785,
                            "Plan Width": 4,
                            "Actual Startup Time": 0.018,
                            "Actual Total Time": 48.99,
                            "Actual Rows": 690018,
                            "Actual Loops": 2
                          },
                          {
                            "Node Type": "Hash",
                            "Parent Relationship": "Inner",
                            "Parallel Aware": true,
                            "Startup Cost": 58306.47,
                            "Total Cost": 58306.47,
                            "Plan Rows": 246612,
                            "Plan Width": 4,
                            "Actual Startup Time": 203.519,
                            "Actual Total Time": 203.52,
                            "Actual Rows": 258984,
                            "Actual Loops": 2,
                            "Hash Buckets": 524288,
                            "Original Hash Buckets": 524288,
                            "Hash Batches": 1,
                            "Original Hash Batches": 1,
                            "Peak Memory Usage": 24384,
                            "Plans": [
                              {
                                "Node Type": "Seq Scan",
                                "Parent Relationship": "Outer",
                                "Parallel Aware": true,
                                "Relation Name": "title",
                                "Alias": "t",
                                "Startup Cost": 0.0,
                                "Total Cost": 58306.47,
                                "Plan Rows": 246612,
                                "Plan Width": 4,
                                "Actual Startup Time": 0.035,
                                "Actual Total Time": 147.7,
                                "Actual Rows": 258984,
                                "Actual Loops": 2,
                                "Filter": "((kind_id < 7) AND (production_year < 2001))",
                                "Rows Removed by Filter": 1005172
                              }
                            ]
                          }
                        ]
                      }
                    ]
                  }
                ]
              }
            ]
          }
        ]
      }
    ]
  },
  "Planning Time": 1.051,
  "Triggers": [],
  "Execution Time": 3221.853
}