[
    {
        "Bao": {
            "Bao prediction": 1220.157,
            "Bao recommended hint": "(no hint)"
        }
    },
    {
        "Plan": {
            "Node Type": "Aggregate",
            "Strategy": "Plain",
            "Partial Mode": "Finalize",
            "Parallel Aware": false,
            "Startup Cost": 121466.38,
            "Total Cost": 121466.39,
            "Plan Rows": 1,
            "Plan Width": 8,
            "Actual Startup Time": 574.795,
            "Actual Total Time": 592.156,
            "Actual Rows": 1,
            "Actual Loops": 1,
            "Output": [
                "count(*)"
            ],
            "Plans": [
                {
                    "Node Type": "Gather",
                    "Parent Relationship": "Outer",
                    "Parallel Aware": false,
                    "Startup Cost": 121466.07,
                    "Total Cost": 121466.38,
                    "Plan Rows": 3,
                    "Plan Width": 8,
                    "Actual Startup Time": 569.589,
                    "Actual Total Time": 592.148,
                    "Actual Rows": 4,
                    "Actual Loops": 1,
                    "Output": [
                        "(PARTIAL count(*))"
                    ],
                    "Workers Planned": 3,
                    "Workers Launched": 3,
                    "Single Copy": false,
                    "Plans": [
                        {
                            "Node Type": "Aggregate",
                            "Strategy": "Plain",
                            "Partial Mode": "Partial",
                            "Parent Relationship": "Outer",
                            "Parallel Aware": false,
                            "Startup Cost": 120466.07,
                            "Total Cost": 120466.08,
                            "Plan Rows": 1,
                            "Plan Width": 8,
                            "Actual Startup Time": 560.375,
                            "Actual Total Time": 560.44,
                            "Actual Rows": 1,
                            "Actual Loops": 4,
                            "Output": [
                                "PARTIAL count(*)"
                            ],
                            "Workers": [
                                {
                                    "Worker Number": 0,
                                    "Actual Startup Time": 557.444,
                                    "Actual Total Time": 557.45,
                                    "Actual Rows": 1,
                                    "Actual Loops": 1
                                },
                                {
                                    "Worker Number": 1,
                                    "Actual Startup Time": 557.836,
                                    "Actual Total Time": 557.842,
                                    "Actual Rows": 1,
                                    "Actual Loops": 1
                                },
                                {
                                    "Worker Number": 2,
                                    "Actual Startup Time": 557.54,
                                    "Actual Total Time": 557.546,
                                    "Actual Rows": 1,
                                    "Actual Loops": 1
                                }
                            ],
                            "Plans": [
                                {
                                    "Node Type": "Hash Join",
                                    "Parent Relationship": "Outer",
                                    "Parallel Aware": true,
                                    "Join Type": "Inner",
                                    "Startup Cost": 92951.55,
                                    "Total Cost": 120368.4,
                                    "Plan Rows": 39065,
                                    "Plan Width": 0,
                                    "Actual Startup Time": 463.312,
                                    "Actual Total Time": 552.899,
                                    "Actual Rows": 125520,
                                    "Actual Loops": 4,
                                    "Inner Unique": false,
                                    "Hash Cond": "(mk.movie_id = t.id)",
                                    "Workers": [
                                        {
                                            "Worker Number": 0,
                                            "Actual Startup Time": 460.455,
                                            "Actual Total Time": 549.707,
                                            "Actual Rows": 112981,
                                            "Actual Loops": 1
                                        },
                                        {
                                            "Worker Number": 1,
                                            "Actual Startup Time": 460.547,
                                            "Actual Total Time": 550.186,
                                            "Actual Rows": 112878,
                                            "Actual Loops": 1
                                        },
                                        {
                                            "Worker Number": 2,
                                            "Actual Startup Time": 460.551,
                                            "Actual Total Time": 549.685,
                                            "Actual Rows": 115621,
                                            "Actual Loops": 1
                                        }
                                    ],
                                    "Plans": [
                                        {
                                            "Node Type": "Bitmap Heap Scan",
                                            "Parent Relationship": "Outer",
                                            "Parallel Aware": true,
                                            "Relation Name": "movie_keyword",
                                            "Schema": "public",
                                            "Alias": "mk",
                                            "Startup Cost": 11596.51,
                                            "Total Cost": 38254.51,
                                            "Plan Rows": 176320,
                                            "Plan Width": 4,
                                            "Actual Startup Time": 58.199,
                                            "Actual Total Time": 132.068,
                                            "Actual Rows": 136338,
                                            "Actual Loops": 4,
                                            "Output": [
                                                "mk.id",
                                                "mk.movie_id",
                                                "mk.keyword_id"
                                            ],
                                            "Recheck Cond": "(mk.keyword_id < 393)",
                                            "Rows Removed by Index Recheck": 0,
                                            "Exact Heap Blocks": 7215,
                                            "Lossy Heap Blocks": 0,
                                            "Workers": [
                                                {
                                                    "Worker Number": 0,
                                                    "Actual Startup Time": 58.192,
                                                    "Actual Total Time": 132.383,
                                                    "Actual Rows": 118906,
                                                    "Actual Loops": 1
                                                },
                                                {
                                                    "Worker Number": 1,
                                                    "Actual Startup Time": 58.078,
                                                    "Actual Total Time": 131.418,
                                                    "Actual Rows": 145619,
                                                    "Actual Loops": 1
                                                },
                                                {
                                                    "Worker Number": 2,
                                                    "Actual Startup Time": 58.205,
                                                    "Actual Total Time": 132.001,
                                                    "Actual Rows": 121827,
                                                    "Actual Loops": 1
                                                }
                                            ],
                                            "Plans": [
                                                {
                                                    "Node Type": "Bitmap Index Scan",
                                                    "Parent Relationship": "Outer",
                                                    "Parallel Aware": false,
                                                    "Index Name": "keyword_id_movie_keyword",
                                                    "Startup Cost": 0.0,
                                                    "Total Cost": 11459.86,
                                                    "Plan Rows": 546591,
                                                    "Plan Width": 0,
                                                    "Actual Startup Time": 52.467,
                                                    "Actual Total Time": 52.468,
                                                    "Actual Rows": 545354,
                                                    "Actual Loops": 1,
                                                    "Index Cond": "(mk.keyword_id < 393)",
                                                    "Workers": [
                                                        {
                                                            "Worker Number": 1,
                                                            "Actual Startup Time": 52.467,
                                                            "Actual Total Time": 52.468,
                                                            "Actual Rows": 545354,
                                                            "Actual Loops": 1
                                                        }
                                                    ]
                                                }
                                            ]
                                        },
                                        {
                                            "Node Type": "Hash",
                                            "Parent Relationship": "Inner",
                                            "Parallel Aware": true,
                                            "Startup Cost": 79604.51,
                                            "Total Cost": 79604.51,
                                            "Plan Rows": 140042,
                                            "Plan Width": 8,
                                            "Actual Startup Time": 369.096,
                                            "Actual Total Time": 369.158,
                                            "Actual Rows": 70236,
                                            "Actual Loops": 4,
                                            "Output": [
                                                "t.id",
                                                "mc.movie_id"
                                            ],
                                            "Hash Buckets": 1048576,
                                            "Original Hash Buckets": 1048576,
                                            "Hash Batches": 1,
                                            "Original Hash Batches": 1,
                                            "Peak Memory Usage": 19296,
                                            "Workers": [
                                                {
                                                    "Worker Number": 0,
                                                    "Actual Startup Time": 370.914,
                                                    "Actual Total Time": 370.918,
                                                    "Actual Rows": 63097,
                                                    "Actual Loops": 1
                                                },
                                                {
                                                    "Worker Number": 1,
                                                    "Actual Startup Time": 371.082,
                                                    "Actual Total Time": 371.086,
                                                    "Actual Rows": 63066,
                                                    "Actual Loops": 1
                                                },
                                                {
                                                    "Worker Number": 2,
                                                    "Actual Startup Time": 371.039,
                                                    "Actual Total Time": 371.043,
                                                    "Actual Rows": 63904,
                                                    "Actual Loops": 1
                                                }
                                            ],
                                            "Plans": [
                                                {
                                                    "Node Type": "Hash Join",
                                                    "Parent Relationship": "Outer",
                                                    "Parallel Aware": true,
                                                    "Join Type": "Inner",
                                                    "Startup Cost": 33673.56,
                                                    "Total Cost": 79604.51,
                                                    "Plan Rows": 140042,
                                                    "Plan Width": 8,
                                                    "Actual Startup Time": 237.492,
                                                    "Actual Total Time": 338.366,
                                                    "Actual Rows": 70236,
                                                    "Actual Loops": 4,
                                                    "Output": [
                                                        "t.id",
                                                        "mc.movie_id"
                                                    ],
                                                    "Inner Unique": false,
                                                    "Hash Cond": "(t.id = mc.movie_id)",
                                                    "Workers": [
                                                        {
                                                            "Worker Number": 0,
                                                            "Actual Startup Time": 238.493,
                                                            "Actual Total Time": 338.526,
                                                            "Actual Rows": 63097,
                                                            "Actual Loops": 1
                                                        },
                                                        {
                                                            "Worker Number": 1,
                                                            "Actual Startup Time": 237.471,
                                                            "Actual Total Time": 338.383,
                                                            "Actual Rows": 63066,
                                                            "Actual Loops": 1
                                                        },
                                                        {
                                                            "Worker Number": 2,
                                                            "Actual Startup Time": 237.036,
                                                            "Actual Total Time": 338.831,
                                                            "Actual Rows": 63904,
                                                            "Actual Loops": 1
                                                        }
                                                    ],
                                                    "Plans": [
                                                        {
                                                            "Node Type": "Seq Scan",
                                                            "Parent Relationship": "Outer",
                                                            "Parallel Aware": true,
                                                            "Relation Name": "title",
                                                            "Schema": "public",
                                                            "Alias": "t",
                                                            "Startup Cost": 0.0,
                                                            "Total Cost": 42318.81,
                                                            "Plan Rows": 632080,
                                                            "Plan Width": 4,
                                                            "Actual Startup Time": 0.006,
                                                            "Actual Total Time": 90.088,
                                                            "Actual Rows": 632078,
                                                            "Actual Loops": 4,
                                                            "Output": [
                                                                "t.id",
                                                                "t.title",
                                                                "t.imdb_index",
                                                                "t.kind_id",
                                                                "t.production_year",
                                                                "t.imdb_id",
                                                                "t.phonetic_code",
                                                                "t.episode_of_id",
                                                                "t.season_nr",
                                                                "t.episode_nr",
                                                                "t.series_years",
                                                                "t.md5sum"
                                                            ],
                                                            "Workers": [
                                                                {
                                                                    "Worker Number": 0,
                                                                    "Actual Startup Time": 0.007,
                                                                    "Actual Total Time": 91.819,
                                                                    "Actual Rows": 576566,
                                                                    "Actual Loops": 1
                                                                },
                                                                {
                                                                    "Worker Number": 1,
                                                                    "Actual Startup Time": 0.007,
                                                                    "Actual Total Time": 90.71,
                                                                    "Actual Rows": 562845,
                                                                    "Actual Loops": 1
                                                                },
                                                                {
                                                                    "Worker Number": 2,
                                                                    "Actual Startup Time": 0.007,
                                                                    "Actual Total Time": 91.051,
                                                                    "Actual Rows": 567331,
                                                                    "Actual Loops": 1
                                                                }
                                                            ]
                                                        },
                                                        {
                                                            "Node Type": "Hash",
                                                            "Parent Relationship": "Inner",
                                                            "Parallel Aware": true,
                                                            "Startup Cost": 31414.82,
                                                            "Total Cost": 31414.82,
                                                            "Plan Rows": 180699,
                                                            "Plan Width": 4,
                                                            "Actual Startup Time": 118.383,
                                                            "Actual Total Time": 118.384,
                                                            "Actual Rows": 70236,
                                                            "Actual Loops": 4,
                                                            "Output": [
                                                                "mc.movie_id"
                                                            ],
                                                            "Hash Buckets": 1048576,
                                                            "Original Hash Buckets": 1048576,
                                                            "Hash Batches": 1,
                                                            "Original Hash Batches": 1,
                                                            "Peak Memory Usage": 19264,
                                                            "Workers": [
                                                                {
                                                                    "Worker Number": 0,
                                                                    "Actual Startup Time": 121.099,
                                                                    "Actual Total Time": 121.1,
                                                                    "Actual Rows": 56894,
                                                                    "Actual Loops": 1
                                                                },
                                                                {
                                                                    "Worker Number": 1,
                                                                    "Actual Startup Time": 121.045,
                                                                    "Actual Total Time": 121.047,
                                                                    "Actual Rows": 58438,
                                                                    "Actual Loops": 1
                                                                },
                                                                {
                                                                    "Worker Number": 2,
                                                                    "Actual Startup Time": 121.024,
                                                                    "Actual Total Time": 121.026,
                                                                    "Actual Rows": 57419,
                                                                    "Actual Loops": 1
                                                                }
                                                            ],
                                                            "Plans": [
                                                                {
                                                                    "Node Type": "Seq Scan",
                                                                    "Parent Relationship": "Outer",
                                                                    "Parallel Aware": true,
                                                                    "Relation Name": "movie_companies",
                                                                    "Schema": "public",
                                                                    "Alias": "mc",
                                                                    "Startup Cost": 0.0,
                                                                    "Total Cost": 31414.82,
                                                                    "Plan Rows": 180699,
                                                                    "Plan Width": 4,
                                                                    "Actual Startup Time": 20.375,
                                                                    "Actual Total Time": 87.195,
                                                                    "Actual Rows": 70236,
                                                                    "Actual Loops": 4,
                                                                    "Output": [
                                                                        "mc.movie_id"
                                                                    ],
                                                                    "Filter": "((mc.company_id > 13146) AND (mc.company_type_id = 1))",
                                                                    "Rows Removed by Filter": 582046,
                                                                    "Workers": [
                                                                        {
                                                                            "Worker Number": 0,
                                                                            "Actual Startup Time": 20.368,
                                                                            "Actual Total Time": 88.208,
                                                                            "Actual Rows": 56894,
                                                                            "Actual Loops": 1
                                                                        },
                                                                        {
                                                                            "Worker Number": 1,
                                                                            "Actual Startup Time": 20.359,
                                                                            "Actual Total Time": 87.738,
                                                                            "Actual Rows": 58438,
                                                                            "Actual Loops": 1
                                                                        },
                                                                        {
                                                                            "Worker Number": 2,
                                                                            "Actual Startup Time": 20.379,
                                                                            "Actual Total Time": 87.149,
                                                                            "Actual Rows": 57419,
                                                                            "Actual Loops": 1
                                                                        }
                                                                    ]
                                                                }
                                                            ]
                                                        }
                                                    ]
                                                }
                                            ]
                                        }
                                    ]
                                }
                            ]
                        }
                    ]
                }
            ]
        },
        "Planning Time": 1327.686,
        "Triggers": [],
        "Execution Time": 592.469
    }
]