{
    "Plan": {
        "Node Type": "Aggregate",
        "Strategy": "Plain",
        "Partial Mode": "Finalize",
        "Parallel Aware": false,
        "Startup Cost": 326621.54,
        "Total Cost": 326621.55,
        "Plan Rows": 1,
        "Plan Width": 8,
        "Actual Startup Time": 280.585,
        "Actual Total Time": 328.769,
        "Actual Rows": 1,
        "Actual Loops": 1,
        "Output": [
            "count(*)"
        ],
        "Plans": [
            {
                "Node Type": "Gather",
                "Parent Relationship": "Outer",
                "Parallel Aware": false,
                "Startup Cost": 326621.12,
                "Total Cost": 326621.53,
                "Plan Rows": 4,
                "Plan Width": 8,
                "Actual Startup Time": 280.127,
                "Actual Total Time": 328.761,
                "Actual Rows": 5,
                "Actual Loops": 1,
                "Output": [
                    "(PARTIAL count(*))"
                ],
                "Workers Planned": 4,
                "Workers Launched": 4,
                "Single Copy": false,
                "Plans": [
                    {
                        "Node Type": "Aggregate",
                        "Strategy": "Plain",
                        "Partial Mode": "Partial",
                        "Parent Relationship": "Outer",
                        "Parallel Aware": false,
                        "Startup Cost": 325621.12,
                        "Total Cost": 325621.13,
                        "Plan Rows": 1,
                        "Plan Width": 8,
                        "Actual Startup Time": 271.113,
                        "Actual Total Time": 271.115,
                        "Actual Rows": 1,
                        "Actual Loops": 5,
                        "Output": [
                            "PARTIAL count(*)"
                        ],
                        "Workers": [
                            {
                                "Worker Number": 0,
                                "Actual Startup Time": 268.581,
                                "Actual Total Time": 268.583,
                                "Actual Rows": 1,
                                "Actual Loops": 1
                            },
                            {
                                "Worker Number": 1,
                                "Actual Startup Time": 270.887,
                                "Actual Total Time": 270.889,
                                "Actual Rows": 1,
                                "Actual Loops": 1
                            },
                            {
                                "Worker Number": 2,
                                "Actual Startup Time": 271.212,
                                "Actual Total Time": 271.214,
                                "Actual Rows": 1,
                                "Actual Loops": 1
                            },
                            {
                                "Worker Number": 3,
                                "Actual Startup Time": 267.386,
                                "Actual Total Time": 267.388,
                                "Actual Rows": 1,
                                "Actual Loops": 1
                            }
                        ],
                        "Plans": [
                            {
                                "Node Type": "Nested Loop",
                                "Parent Relationship": "Outer",
                                "Parallel Aware": false,
                                "Join Type": "Inner",
                                "Startup Cost": 0.56,
                                "Total Cost": 325554.14,
                                "Plan Rows": 26792,
                                "Plan Width": 0,
                                "Actual Startup Time": 61.667,
                                "Actual Total Time": 269.401,
                                "Actual Rows": 18412,
                                "Actual Loops": 5,
                                "Inner Unique": false,
                                "Workers": [
                                    {
                                        "Worker Number": 0,
                                        "Actual Startup Time": 59.151,
                                        "Actual Total Time": 267.042,
                                        "Actual Rows": 15119,
                                        "Actual Loops": 1
                                    },
                                    {
                                        "Worker Number": 1,
                                        "Actual Startup Time": 61.699,
                                        "Actual Total Time": 269.092,
                                        "Actual Rows": 10090,
                                        "Actual Loops": 1
                                    },
                                    {
                                        "Worker Number": 2,
                                        "Actual Startup Time": 61.468,
                                        "Actual Total Time": 269.449,
                                        "Actual Rows": 9966,
                                        "Actual Loops": 1
                                    },
                                    {
                                        "Worker Number": 3,
                                        "Actual Startup Time": 58.006,
                                        "Actual Total Time": 265.899,
                                        "Actual Rows": 14424,
                                        "Actual Loops": 1
                                    }
                                ],
                                "Plans": [
                                    {
                                        "Node Type": "Seq Scan",
                                        "Parent Relationship": "Outer",
                                        "Parallel Aware": true,
                                        "Relation Name": "title",
                                        "Schema": "public",
                                        "Alias": "t",
                                        "Startup Cost": 0.0,
                                        "Total Cost": 45479.21,
                                        "Plan Rows": 5307,
                                        "Plan Width": 4,
                                        "Actual Startup Time": 60.85,
                                        "Actual Total Time": 85.548,
                                        "Actual Rows": 2313,
                                        "Actual Loops": 5,
                                        "Output": [
                                            "t.id",
                                            "t.title",
                                            "t.imdb_index",
                                            "t.kind_id",
                                            "t.production_year",
                                            "t.imdb_id",
                                            "t.phonetic_code",
                                            "t.episode_of_id",
                                            "t.season_nr",
                                            "t.episode_nr",
                                            "t.series_years",
                                            "t.md5sum"
                                        ],
                                        "Filter": "((t.production_year > 2009) AND (t.kind_id = 3))",
                                        "Rows Removed by Filter": 503349,
                                        "Workers": [
                                            {
                                                "Worker Number": 0,
                                                "Actual Startup Time": 55.567,
                                                "Actual Total Time": 79.301,
                                                "Actual Rows": 1845,
                                                "Actual Loops": 1
                                            },
                                            {
                                                "Worker Number": 1,
                                                "Actual Startup Time": 61.437,
                                                "Actual Total Time": 81.283,
                                                "Actual Rows": 1261,
                                                "Actual Loops": 1
                                            },
                                            {
                                                "Worker Number": 2,
                                                "Actual Startup Time": 61.352,
                                                "Actual Total Time": 80.895,
                                                "Actual Rows": 1297,
                                                "Actual Loops": 1
                                            },
                                            {
                                                "Worker Number": 3,
                                                "Actual Startup Time": 57.908,
                                                "Actual Total Time": 78.906,
                                                "Actual Rows": 1838,
                                                "Actual Loops": 1
                                            }
                                        ]
                                    },
                                    {
                                        "Node Type": "Index Scan",
                                        "Parent Relationship": "Inner",
                                        "Parallel Aware": false,
                                        "Scan Direction": "Forward",
                                        "Index Name": "movie_id_cast_info",
                                        "Relation Name": "cast_info",
                                        "Schema": "public",
                                        "Alias": "ci",
                                        "Startup Cost": 0.56,
                                        "Total Cost": 52.63,
                                        "Plan Rows": 14,
                                        "Plan Width": 4,
                                        "Actual Startup Time": 0.015,
                                        "Actual Total Time": 0.078,
                                        "Actual Rows": 8,
                                        "Actual Loops": 11565,
                                        "Output": [
                                            "ci.id",
                                            "ci.person_id",
                                            "ci.movie_id",
                                            "ci.person_role_id",
                                            "ci.note",
                                            "ci.nr_order",
                                            "ci.role_id"
                                        ],
                                        "Index Cond": "(ci.movie_id = t.id)",
                                        "Rows Removed by Index Recheck": 0,
                                        "Filter": "(ci.role_id = 1)",
                                        "Rows Removed by Filter": 15,
                                        "Workers": [
                                            {
                                                "Worker Number": 0,
                                                "Actual Startup Time": 0.018,
                                                "Actual Total Time": 0.1,
                                                "Actual Rows": 8,
                                                "Actual Loops": 1845
                                            },
                                            {
                                                "Worker Number": 1,
                                                "Actual Startup Time": 0.027,
                                                "Actual Total Time": 0.146,
                                                "Actual Rows": 8,
                                                "Actual Loops": 1261
                                            },
                                            {
                                                "Worker Number": 2,
                                                "Actual Startup Time": 0.026,
                                                "Actual Total Time": 0.143,
                                                "Actual Rows": 8,
                                                "Actual Loops": 1297
                                            },
                                            {
                                                "Worker Number": 3,
                                                "Actual Startup Time": 0.018,
                                                "Actual Total Time": 0.1,
                                                "Actual Rows": 8,
                                                "Actual Loops": 1838
                                            }
                                        ]
                                    }
                                ]
                            }
                        ]
                    }
                ]
            }
        ]
    },
    "Planning Time": 0.729,
    "Triggers": [],
    "Execution Time": 328.86
}