{
  "Plan": {
    "Node Type": "Aggregate",
    "Strategy": "Plain",
    "Partial Mode": "Finalize",
    "Parallel Aware": false,
    "Startup Cost": 260751.99,
    "Total Cost": 260752.0,
    "Plan Rows": 1,
    "Plan Width": 8,
    "Actual Startup Time": 2760.551,
    "Actual Total Time": 2822.836,
    "Actual Rows": 1,
    "Actual Loops": 1,
    "Plans": [
      {
        "Node Type": "Gather",
        "Parent Relationship": "Outer",
        "Parallel Aware": false,
        "Startup Cost": 260751.88,
        "Total Cost": 260751.99,
        "Plan Rows": 1,
        "Plan Width": 8,
        "Actual Startup Time": 2760.54,
        "Actual Total Time": 2822.828,
        "Actual Rows": 2,
        "Actual Loops": 1,
        "Workers Planned": 1,
        "Workers Launched": 1,
        "Single Copy": false,
        "Plans": [
          {
            "Node Type": "Aggregate",
            "Strategy": "Plain",
            "Partial Mode": "Partial",
            "Parent Relationship": "Outer",
            "Parallel Aware": false,
            "Startup Cost": 259751.88,
            "Total Cost": 259751.89,
            "Plan Rows": 1,
            "Plan Width": 8,
            "Actual Startup Time": 2752.136,
            "Actual Total Time": 2752.14,
            "Actual Rows": 1,
            "Actual Loops": 2,
            "Plans": [
              {
                "Node Type": "Nested Loop",
                "Parent Relationship": "Outer",
                "Parallel Aware": false,
                "Join Type": "Inner",
                "Startup Cost": 59783.11,
                "Total Cost": 257442.9,
                "Plan Rows": 923591,
                "Plan Width": 0,
                "Actual Startup Time": 177.389,
                "Actual Total Time": 2608.937,
                "Actual Rows": 3145936,
                "Actual Loops": 2,
                "Inner Unique": false,
                "Join Filter": "(t.id = ci.movie_id)",
                "Rows Removed by Join Filter": 0,
                "Plans": [
                  {
                    "Node Type": "Hash Join",
                    "Parent Relationship": "Outer",
                    "Parallel Aware": true,
                    "Join Type": "Inner",
                    "Startup Cost": 59782.54,
                    "Total Cost": 77966.33,
                    "Plan Rows": 64456,
                    "Plan Width": 8,
                    "Actual Startup Time": 177.317,
                    "Actual Total Time": 355.775,
                    "Actual Rows": 126817,
                    "Actual Loops": 2,
                    "Inner Unique": true,
                    "Hash Cond": "(mi_idx.movie_id = t.id)",
                    "Plans": [
                      {
                        "Node Type": "Seq Scan",
                        "Parent Relationship": "Outer",
                        "Parallel Aware": true,
                        "Relation Name": "movie_info_idx",
                        "Alias": "mi_idx",
                        "Startup Cost": 0.0,
                        "Total Cost": 16052.85,
                        "Plan Rows": 811785,
                        "Plan Width": 4,
                        "Actual Startup Time": 0.017,
                        "Actual Total Time": 48.187,
                        "Actual Rows": 690018,
                        "Actual Loops": 2
                      },
                      {
                        "Node Type": "Hash",
                        "Parent Relationship": "Inner",
                        "Parallel Aware": true,
                        "Startup Cost": 58306.47,
                        "Total Cost": 58306.47,
                        "Plan Rows": 118086,
                        "Plan Width": 4,
                        "Actual Startup Time": 175.58,
                        "Actual Total Time": 175.58,
                        "Actual Rows": 156964,
                        "Actual Loops": 2,
                        "Hash Buckets": 524288,
                        "Original Hash Buckets": 262144,
                        "Hash Batches": 1,
                        "Original Hash Batches": 1,
                        "Peak Memory Usage": 18464,
                        "Plans": [
                          {
                            "Node Type": "Seq Scan",
                            "Parent Relationship": "Outer",
                            "Parallel Aware": true,
                            "Relation Name": "title",
                            "Alias": "t",
                            "Startup Cost": 0.0,
                            "Total Cost": 58306.47,
                            "Plan Rows": 118086,
                            "Plan Width": 4,
                            "Actual Startup Time": 0.047,
                            "Actual Total Time": 136.375,
                            "Actual Rows": 156964,
                            "Actual Loops": 2,
                            "Filter": "((kind_id < 7) AND (production_year < 1981))",
                            "Rows Removed by Filter": 1107192
                          }
                        ]
                      }
                    ]
                  },
                  {
                    "Node Type": "Index Only Scan",
                    "Parent Relationship": "Inner",
                    "Parallel Aware": false,
                    "Scan Direction": "Forward",
                    "Index Name": "movie_id_cast_info",
                    "Relation Name": "cast_info",
                    "Alias": "ci",
                    "Startup Cost": 0.56,
                    "Total Cost": 2.32,
                    "Plan Rows": 37,
                    "Plan Width": 4,
                    "Actual Startup Time": 0.003,
                    "Actual Total Time": 0.016,
                    "Actual Rows": 25,
                    "Actual Loops": 253634,
                    "Index Cond": "(movie_id = mi_idx.movie_id)",
                    "Rows Removed by Index Recheck": 0,
                    "Heap Fetches": 6291873
                  }
                ]
              }
            ]
          }
        ]
      }
    ]
  },
  "Planning Time": 0.491,
  "Triggers": [],
  "Execution Time": 2822.908
}