[
  {
    "Plan": {
      "Node Type": "Aggregate",
      "Strategy": "Plain",
      "Partial Mode": "Finalize",
      "Parallel Aware": false,
      "Startup Cost": 345962.61,
      "Total Cost": 345962.62,
      "Plan Rows": 1,
      "Plan Width": 8,
      "Actual Startup Time": 737.642,
      "Actual Total Time": 788.476,
      "Actual Rows": 1,
      "Actual Loops": 1,
      "Plans": [
        {
          "Node Type": "Gather",
          "Parent Relationship": "Outer",
          "Parallel Aware": false,
          "Startup Cost": 345961.99,
          "Total Cost": 345962.6,
          "Plan Rows": 6,
          "Plan Width": 8,
          "Actual Startup Time": 737.404,
          "Actual Total Time": 788.454,
          "Actual Rows": 7,
          "Actual Loops": 1,
          "Workers Planned": 6,
          "Workers Launched": 6,
          "Single Copy": false,
          "Plans": [
            {
              "Node Type": "Aggregate",
              "Strategy": "Plain",
              "Partial Mode": "Partial",
              "Parent Relationship": "Outer",
              "Parallel Aware": false,
              "Startup Cost": 344961.99,
              "Total Cost": 344962.0,
              "Plan Rows": 1,
              "Plan Width": 8,
              "Actual Startup Time": 730.046,
              "Actual Total Time": 730.048,
              "Actual Rows": 1,
              "Actual Loops": 7,
              "Plans": [
                {
                  "Node Type": "Seq Scan",
                  "Parent Relationship": "Outer",
                  "Parallel Aware": true,
                  "Relation Name": "cast_info",
                  "Alias": "ci",
                  "Startup Cost": 0.0,
                  "Total Cost": 343316.27,
                  "Plan Rows": 658287,
                  "Plan Width": 0,
                  "Actual Startup Time": 0.049,
                  "Actual Total Time": 692.277,
                  "Actual Rows": 699349,
                  "Actual Loops": 7,
                  "Filter": "((person_id < 591661) AND (role_id < 4))",
                  "Rows Removed by Filter": 4478414
                }
              ]
            }
          ]
        }
      ]
    },
    "Planning Time": 0.097,
    "Triggers": [],
    "Execution Time": 788.522
  }
]