[
  {
    "Plan": {
      "Node Type": "Aggregate",
      "Strategy": "Plain",
      "Partial Mode": "Finalize",
      "Parallel Aware": false,
      "Startup Cost": 345892.98,
      "Total Cost": 345892.99,
      "Plan Rows": 1,
      "Plan Width": 8,
      "Actual Startup Time": 643.883,
      "Actual Total Time": 702.907,
      "Actual Rows": 1,
      "Actual Loops": 1,
      "Plans": [
        {
          "Node Type": "Gather",
          "Parent Relationship": "Outer",
          "Parallel Aware": false,
          "Startup Cost": 345892.35,
          "Total Cost": 345892.96,
          "Plan Rows": 6,
          "Plan Width": 8,
          "Actual Startup Time": 643.749,
          "Actual Total Time": 702.895,
          "Actual Rows": 7,
          "Actual Loops": 1,
          "Workers Planned": 6,
          "Workers Launched": 6,
          "Single Copy": false,
          "Plans": [
            {
              "Node Type": "Aggregate",
              "Strategy": "Plain",
              "Partial Mode": "Partial",
              "Parent Relationship": "Outer",
              "Parallel Aware": false,
              "Startup Cost": 344892.35,
              "Total Cost": 344892.36,
              "Plan Rows": 1,
              "Plan Width": 8,
              "Actual Startup Time": 633.399,
              "Actual Total Time": 633.4,
              "Actual Rows": 1,
              "Actual Loops": 7,
              "Plans": [
                {
                  "Node Type": "Seq Scan",
                  "Parent Relationship": "Outer",
                  "Parallel Aware": true,
                  "Relation Name": "cast_info",
                  "Alias": "ci",
                  "Startup Cost": 0.0,
                  "Total Cost": 343257.03,
                  "Plan Rows": 654130,
                  "Plan Width": 0,
                  "Actual Startup Time": 0.055,
                  "Actual Total Time": 600.265,
                  "Actual Rows": 699349,
                  "Actual Loops": 7,
                  "Filter": "((person_id < 591661) AND (role_id < 4))",
                  "Rows Removed by Filter": 4478414
                }
              ]
            }
          ]
        }
      ]
    },
    "Planning Time": 0.203,
    "Triggers": [],
    "Execution Time": 702.978
  }
]