[
  {
    "Plan": {
      "Node Type": "Aggregate",
      "Strategy": "Plain",
      "Partial Mode": "Finalize",
      "Parallel Aware": false,
      "Startup Cost": 33301.36,
      "Total Cost": 33301.37,
      "Plan Rows": 1,
      "Plan Width": 8,
      "Actual Startup Time": 88.673,
      "Actual Total Time": 96.534,
      "Actual Rows": 1,
      "Actual Loops": 1,
      "Plans": [
        {
          "Node Type": "Gather",
          "Parent Relationship": "Outer",
          "Parallel Aware": false,
          "Startup Cost": 33301.04,
          "Total Cost": 33301.35,
          "Plan Rows": 3,
          "Plan Width": 8,
          "Actual Startup Time": 88.545,
          "Actual Total Time": 96.526,
          "Actual Rows": 4,
          "Actual Loops": 1,
          "Workers Planned": 3,
          "Workers Launched": 3,
          "Single Copy": false,
          "Plans": [
            {
              "Node Type": "Aggregate",
              "Strategy": "Plain",
              "Partial Mode": "Partial",
              "Parent Relationship": "Outer",
              "Parallel Aware": false,
              "Startup Cost": 32301.04,
              "Total Cost": 32301.05,
              "Plan Rows": 1,
              "Plan Width": 8,
              "Actual Startup Time": 84.838,
              "Actual Total Time": 84.84,
              "Actual Rows": 1,
              "Actual Loops": 4,
              "Plans": [
                {
                  "Node Type": "Seq Scan",
                  "Parent Relationship": "Outer",
                  "Parallel Aware": true,
                  "Relation Name": "movie_companies",
                  "Alias": "mc",
                  "Startup Cost": 0.0,
                  "Total Cost": 31414.82,
                  "Plan Rows": 354490,
                  "Plan Width": 0,
                  "Actual Startup Time": 37.019,
                  "Actual Total Time": 72.358,
                  "Actual Rows": 306453,
                  "Actual Loops": 4,
                  "Filter": "((company_id > 364) AND (company_type_id > 1))",
                  "Rows Removed by Filter": 345829
                }
              ]
            }
          ]
        }
      ]
    },
    "Planning Time": 0.126,
    "Triggers": [],
    "Execution Time": 96.568
  }
]