{
  "Plan": {
    "Node Type": "Aggregate",
    "Strategy": "Plain",
    "Partial Mode": "Finalize",
    "Parallel Aware": false,
    "Startup Cost": 83479.77,
    "Total Cost": 83479.78,
    "Plan Rows": 1,
    "Plan Width": 8,
    "Actual Startup Time": 218.613,
    "Actual Total Time": 233.206,
    "Actual Rows": 1,
    "Actual Loops": 1,
    "Plans": [
      {
        "Node Type": "Gather",
        "Parent Relationship": "Outer",
        "Parallel Aware": false,
        "Startup Cost": 83479.66,
        "Total Cost": 83479.77,
        "Plan Rows": 1,
        "Plan Width": 8,
        "Actual Startup Time": 218.131,
        "Actual Total Time": 233.196,
        "Actual Rows": 2,
        "Actual Loops": 1,
        "Workers Planned": 1,
        "Workers Launched": 1,
        "Single Copy": false,
        "Plans": [
          {
            "Node Type": "Aggregate",
            "Strategy": "Plain",
            "Partial Mode": "Partial",
            "Parent Relationship": "Outer",
            "Parallel Aware": false,
            "Startup Cost": 82479.66,
            "Total Cost": 82479.67,
            "Plan Rows": 1,
            "Plan Width": 8,
            "Actual Startup Time": 212.069,
            "Actual Total Time": 212.074,
            "Actual Rows": 1,
            "Actual Loops": 2,
            "Plans": [
              {
                "Node Type": "Hash Join",
                "Parent Relationship": "Outer",
                "Parallel Aware": true,
                "Join Type": "Inner",
                "Startup Cost": 26991.52,
                "Total Cost": 82463.34,
                "Plan Rows": 6528,
                "Plan Width": 0,
                "Actual Startup Time": 78.455,
                "Actual Total Time": 211.96,
                "Actual Rows": 1076,
                "Actual Loops": 2,
                "Inner Unique": false,
                "Hash Cond": "(t.id = mc.movie_id)",
                "Plans": [
                  {
                    "Node Type": "Seq Scan",
                    "Parent Relationship": "Outer",
                    "Parallel Aware": true,
                    "Relation Name": "title",
                    "Alias": "t",
                    "Startup Cost": 0.0,
                    "Total Cost": 54588.39,
                    "Plan Rows": 135204,
                    "Plan Width": 4,
                    "Actual Startup Time": 0.011,
                    "Actual Total Time": 117.352,
                    "Actual Rows": 115824,
                    "Actual Loops": 2,
                    "Filter": "(production_year > 2011)",
                    "Rows Removed by Filter": 1148332
                  },
                  {
                    "Node Type": "Hash",
                    "Parent Relationship": "Inner",
                    "Parallel Aware": true,
                    "Startup Cost": 26093.86,
                    "Total Cost": 26093.86,
                    "Plan Rows": 71813,
                    "Plan Width": 4,
                    "Actual Startup Time": 75.955,
                    "Actual Total Time": 75.956,
                    "Actual Rows": 27434,
                    "Actual Loops": 2,
                    "Hash Buckets": 131072,
                    "Original Hash Buckets": 131072,
                    "Hash Batches": 1,
                    "Original Hash Batches": 1,
                    "Peak Memory Usage": 3200,
                    "Plans": [
                      {
                        "Node Type": "Bitmap Heap Scan",
                        "Parent Relationship": "Outer",
                        "Parallel Aware": true,
                        "Relation Name": "movie_companies",
                        "Alias": "mc",
                        "Startup Cost": 5182.29,
                        "Total Cost": 26093.86,
                        "Plan Rows": 71813,
                        "Plan Width": 4,
                        "Actual Startup Time": 57.941,
                        "Actual Total Time": 70.736,
                        "Actual Rows": 27434,
                        "Actual Loops": 2,
                        "Recheck Cond": "(company_id < 94)",
                        "Rows Removed by Index Recheck": 0,
                        "Filter": "(company_type_id = 2)",
                        "Rows Removed by Filter": 91932,
                        "Exact Heap Blocks": 13998,
                        "Lossy Heap Blocks": 0,
                        "Plans": [
                          {
                            "Node Type": "Bitmap Index Scan",
                            "Parent Relationship": "Outer",
                            "Parallel Aware": false,
                            "Index Name": "company_id_movie_companies",
                            "Startup Cost": 0.0,
                            "Total Cost": 5151.77,
                            "Plan Rows": 240445,
                            "Plan Width": 0,
                            "Actual Startup Time": 26.464,
                            "Actual Total Time": 26.464,
                            "Actual Rows": 238732,
                            "Actual Loops": 1,
                            "Index Cond": "(company_id < 94)"
                          }
                        ]
                      }
                    ]
                  }
                ]
              }
            ]
          }
        ]
      }
    ]
  },
  "Planning Time": 0.455,
  "Triggers": [],
  "Execution Time": 233.295
}