[
  {
    "Plan": {
      "Node Type": "Aggregate",
      "Strategy": "Plain",
      "Partial Mode": "Finalize",
      "Parallel Aware": false,
      "Startup Cost": 236019.87,
      "Total Cost": 236019.88,
      "Plan Rows": 1,
      "Plan Width": 8,
      "Actual Startup Time": 344.692,
      "Actual Total Time": 361.579,
      "Actual Rows": 1,
      "Actual Loops": 1,
      "Plans": [
        {
          "Node Type": "Gather",
          "Parent Relationship": "Outer",
          "Parallel Aware": false,
          "Startup Cost": 236019.35,
          "Total Cost": 236019.86,
          "Plan Rows": 5,
          "Plan Width": 8,
          "Actual Startup Time": 339.824,
          "Actual Total Time": 361.568,
          "Actual Rows": 6,
          "Actual Loops": 1,
          "Workers Planned": 5,
          "Workers Launched": 5,
          "Single Copy": false,
          "Plans": [
            {
              "Node Type": "Aggregate",
              "Strategy": "Plain",
              "Partial Mode": "Partial",
              "Parent Relationship": "Outer",
              "Parallel Aware": false,
              "Startup Cost": 235019.35,
              "Total Cost": 235019.36,
              "Plan Rows": 1,
              "Plan Width": 8,
              "Actual Startup Time": 328.744,
              "Actual Total Time": 328.75,
              "Actual Rows": 1,
              "Actual Loops": 6,
              "Plans": [
                {
                  "Node Type": "Hash Join",
                  "Parent Relationship": "Outer",
                  "Parallel Aware": true,
                  "Join Type": "Inner",
                  "Startup Cost": 69058.02,
                  "Total Cost": 234812.02,
                  "Plan Rows": 82931,
                  "Plan Width": 0,
                  "Actual Startup Time": 198.373,
                  "Actual Total Time": 324.138,
                  "Actual Rows": 77826,
                  "Actual Loops": 6,
                  "Inner Unique": true,
                  "Hash Cond": "(mi.movie_id = t.id)",
                  "Plans": [
                    {
                      "Node Type": "Bitmap Heap Scan",
                      "Parent Relationship": "Outer",
                      "Parallel Aware": true,
                      "Relation Name": "movie_info",
                      "Alias": "mi",
                      "Startup Cost": 22524.06,
                      "Total Cost": 187625.32,
                      "Plan Rows": 248661,
                      "Plan Width": 4,
                      "Actual Startup Time": 51.506,
                      "Actual Total Time": 120.334,
                      "Actual Rows": 200785,
                      "Actual Loops": 6,
                      "Recheck Cond": "(info_type_id > 18)",
                      "Rows Removed by Index Recheck": 0,
                      "Exact Heap Blocks": 7030,
                      "Lossy Heap Blocks": 0,
                      "Plans": [
                        {
                          "Node Type": "Bitmap Index Scan",
                          "Parent Relationship": "Outer",
                          "Parallel Aware": false,
                          "Index Name": "info_type_id_movie_info",
                          "Startup Cost": 0.0,
                          "Total Cost": 22213.23,
                          "Plan Rows": 1243306,
                          "Plan Width": 0,
                          "Actual Startup Time": 45.737,
                          "Actual Total Time": 45.737,
                          "Actual Rows": 1204709,
                          "Actual Loops": 1,
                          "Index Cond": "(info_type_id > 18)"
                        }
                      ]
                    },
                    {
                      "Node Type": "Hash",
                      "Parent Relationship": "Inner",
                      "Parallel Aware": true,
                      "Startup Cost": 43898.92,
                      "Total Cost": 43898.92,
                      "Plan Rows": 210804,
                      "Plan Width": 4,
                      "Actual Startup Time": 143.098,
                      "Actual Total Time": 143.099,
                      "Actual Rows": 141524,
                      "Actual Loops": 6,
                      "Hash Buckets": 1048576,
                      "Original Hash Buckets": 1048576,
                      "Hash Batches": 1,
                      "Original Hash Batches": 1,
                      "Peak Memory Usage": 41504,
                      "Plans": [
                        {
                          "Node Type": "Seq Scan",
                          "Parent Relationship": "Outer",
                          "Parallel Aware": true,
                          "Relation Name": "title",
                          "Alias": "t",
                          "Startup Cost": 0.0,
                          "Total Cost": 43898.92,
                          "Plan Rows": 210804,
                          "Plan Width": 4,
                          "Actual Startup Time": 0.044,
                          "Actual Total Time": 81.694,
                          "Actual Rows": 141524,
                          "Actual Loops": 6,
                          "Filter": "(production_year < 1996)",
                          "Rows Removed by Filter": 279862
                        }
                      ]
                    }
                  ]
                }
              ]
            }
          ]
        }
      ]
    },
    "Planning Time": 0.586,
    "Triggers": [],
    "Execution Time": 361.672
  }
]