{
    "Plan": {
        "Node Type": "Aggregate",
        "Strategy": "Plain",
        "Partial Mode": "Simple",
        "Parallel Aware": false,
        "Startup Cost": 20001362536.48,
        "Total Cost": 20001362536.49,
        "Plan Rows": 1,
        "Plan Width": 8,
        "Actual Startup Time": 19325.41,
        "Actual Total Time": 19325.415,
        "Actual Rows": 1,
        "Actual Loops": 1,
        "Output": [
            "count(*)"
        ],
        "Plans": [
            {
                "Node Type": "Nested Loop",
                "Parent Relationship": "Outer",
                "Parallel Aware": false,
                "Join Type": "Inner",
                "Startup Cost": 20000062461.49,
                "Total Cost": 20001359729.51,
                "Plan Rows": 1122790,
                "Plan Width": 0,
                "Actual Startup Time": 444.719,
                "Actual Total Time": 17883.752,
                "Actual Rows": 33544221,
                "Actual Loops": 1,
                "Inner Unique": false,
                "Join Filter": "(t.id = mi.movie_id)",
                "Rows Removed by Join Filter": 0,
                "Plans": [
                    {
                        "Node Type": "Hash Join",
                        "Parent Relationship": "Outer",
                        "Parallel Aware": false,
                        "Join Type": "Inner",
                        "Startup Cost": 10000062460.7,
                        "Total Cost": 10000251513.07,
                        "Plan Rows": 192393,
                        "Plan Width": 8,
                        "Actual Startup Time": 444.648,
                        "Actual Total Time": 2073.194,
                        "Actual Rows": 839110,
                        "Actual Loops": 1,
                        "Output": [
                            "t.id",
                            "mk.movie_id"
                        ],
                        "Inner Unique": true,
                        "Hash Cond": "(mk.movie_id = t.id)",
                        "Plans": [
                            {
                                "Node Type": "Index Scan",
                                "Parent Relationship": "Outer",
                                "Parallel Aware": false,
                                "Scan Direction": "Forward",
                                "Index Name": "movie_id_movie_keyword",
                                "Relation Name": "movie_keyword",
                                "Schema": "public",
                                "Alias": "mk",
                                "Startup Cost": 10000000000.43,
                                "Total Cost": 10000177177.46,
                                "Plan Rows": 4523930,
                                "Plan Width": 4,
                                "Actual Startup Time": 0.06,
                                "Actual Total Time": 816.803,
                                "Actual Rows": 4523930,
                                "Actual Loops": 1,
                                "Output": [
                                    "mk.id",
                                    "mk.movie_id",
                                    "mk.keyword_id"
                                ]
                            },
                            {
                                "Node Type": "Hash",
                                "Parent Relationship": "Inner",
                                "Parallel Aware": false,
                                "Startup Cost": 61116.22,
                                "Total Cost": 61116.22,
                                "Plan Rows": 107524,
                                "Plan Width": 4,
                                "Actual Startup Time": 442.676,
                                "Actual Total Time": 442.678,
                                "Actual Rows": 229380,
                                "Actual Loops": 1,
                                "Output": [
                                    "t.id"
                                ],
                                "Hash Buckets": 262144,
                                "Original Hash Buckets": 131072,
                                "Hash Batches": 1,
                                "Original Hash Batches": 1,
                                "Peak Memory Usage": 10113,
                                "Plans": [
                                    {
                                        "Node Type": "Bitmap Heap Scan",
                                        "Parent Relationship": "Outer",
                                        "Parallel Aware": false,
                                        "Relation Name": "title",
                                        "Schema": "public",
                                        "Alias": "t",
                                        "Startup Cost": 13652.28,
                                        "Total Cost": 61116.22,
                                        "Plan Rows": 107524,
                                        "Plan Width": 4,
                                        "Actual Startup Time": 64.018,
                                        "Actual Total Time": 376.065,
                                        "Actual Rows": 229380,
                                        "Actual Loops": 1,
                                        "Output": [
                                            "t.id"
                                        ],
                                        "Recheck Cond": "(t.kind_id < 3)",
                                        "Rows Removed by Index Recheck": 0,
                                        "Filter": "(t.production_year < 1969)",
                                        "Rows Removed by Filter": 524297,
                                        "Exact Heap Blocks": 35470,
                                        "Lossy Heap Blocks": 0,
                                        "Plans": [
                                            {
                                                "Node Type": "Bitmap Index Scan",
                                                "Parent Relationship": "Outer",
                                                "Parallel Aware": false,
                                                "Index Name": "kind_id_title",
                                                "Startup Cost": 0.0,
                                                "Total Cost": 13625.4,
                                                "Plan Rows": 764396,
                                                "Plan Width": 0,
                                                "Actual Startup Time": 55.82,
                                                "Actual Total Time": 55.82,
                                                "Actual Rows": 753677,
                                                "Actual Loops": 1,
                                                "Index Cond": "(t.kind_id < 3)"
                                            }
                                        ]
                                    }
                                ]
                            }
                        ]
                    },
                    {
                        "Node Type": "Bitmap Heap Scan",
                        "Parent Relationship": "Inner",
                        "Parallel Aware": false,
                        "Relation Name": "movie_info",
                        "Schema": "public",
                        "Alias": "mi",
                        "Startup Cost": 0.79,
                        "Total Cost": 5.27,
                        "Plan Rows": 39,
                        "Plan Width": 4,
                        "Actual Startup Time": 0.005,
                        "Actual Total Time": 0.013,
                        "Actual Rows": 40,
                        "Actual Loops": 839110,
                        "Output": [
                            "mi.id",
                            "mi.movie_id",
                            "mi.info_type_id",
                            "mi.info",
                            "mi.note"
                        ],
                        "Recheck Cond": "(mi.movie_id = mk.movie_id)",
                        "Rows Removed by Index Recheck": 0,
                        "Exact Heap Blocks": 10955763,
                        "Lossy Heap Blocks": 0,
                        "Plans": [
                            {
                                "Node Type": "Bitmap Index Scan",
                                "Parent Relationship": "Outer",
                                "Parallel Aware": false,
                                "Index Name": "movie_id_movie_info",
                                "Startup Cost": 0.0,
                                "Total Cost": 0.78,
                                "Plan Rows": 39,
                                "Plan Width": 0,
                                "Actual Startup Time": 0.004,
                                "Actual Total Time": 0.004,
                                "Actual Rows": 40,
                                "Actual Loops": 839110,
                                "Index Cond": "(mi.movie_id = mk.movie_id)"
                            }
                        ]
                    }
                ]
            }
        ]
    },
    "Planning Time": 3.681,
    "Triggers": [],
    "Execution Time": 19326.299
}