[
    {
        "Bao": {
            "Bao prediction": "NaN",
            "Bao recommended hint": "(no hint)"
        }
    },
    {
        "Plan": {
            "Node Type": "Aggregate",
            "Strategy": "Plain",
            "Partial Mode": "Simple",
            "Parallel Aware": false,
            "Startup Cost": 5858.81,
            "Total Cost": 5858.82,
            "Plan Rows": 1,
            "Plan Width": 8,
            "Actual Startup Time": 6.273,
            "Actual Total Time": 6.274,
            "Actual Rows": 1,
            "Actual Loops": 1,
            "Output": [
                "count(*)"
            ],
            "Plans": [
                {
                    "Node Type": "Index Only Scan",
                    "Parent Relationship": "Outer",
                    "Parallel Aware": false,
                    "Scan Direction": "Forward",
                    "Index Name": "company_id_movie_companies",
                    "Relation Name": "movie_companies",
                    "Schema": "public",
                    "Alias": "mc",
                    "Startup Cost": 0.43,
                    "Total Cost": 5852.94,
                    "Plan Rows": 2348,
                    "Plan Width": 0,
                    "Actual Startup Time": 0.25,
                    "Actual Total Time": 6.014,
                    "Actual Rows": 1798,
                    "Actual Loops": 1,
                    "Output": [
                        "company_id"
                    ],
                    "Index Cond": "(mc.company_id = 1461)",
                    "Rows Removed by Index Recheck": 0,
                    "Heap Fetches": 1798
                }
            ]
        },
        "Planning Time": 308.816,
        "Triggers": [],
        "Execution Time": 6.347
    }
]