{
  "Plan": {
    "Node Type": "Aggregate",
    "Strategy": "Plain",
    "Partial Mode": "Finalize",
    "Parallel Aware": false,
    "Startup Cost": 408951.39,
    "Total Cost": 408951.4,
    "Plan Rows": 1,
    "Plan Width": 8,
    "Actual Startup Time": 1916.39,
    "Actual Total Time": 1959.284,
    "Actual Rows": 1,
    "Actual Loops": 1,
    "Plans": [
      {
        "Node Type": "Gather",
        "Parent Relationship": "Outer",
        "Parallel Aware": false,
        "Startup Cost": 408951.28,
        "Total Cost": 408951.39,
        "Plan Rows": 1,
        "Plan Width": 8,
        "Actual Startup Time": 1912.335,
        "Actual Total Time": 1959.277,
        "Actual Rows": 2,
        "Actual Loops": 1,
        "Workers Planned": 1,
        "Workers Launched": 1,
        "Single Copy": false,
        "Plans": [
          {
            "Node Type": "Aggregate",
            "Strategy": "Plain",
            "Partial Mode": "Partial",
            "Parent Relationship": "Outer",
            "Parallel Aware": false,
            "Startup Cost": 407951.28,
            "Total Cost": 407951.29,
            "Plan Rows": 1,
            "Plan Width": 8,
            "Actual Startup Time": 1905.876,
            "Actual Total Time": 1905.882,
            "Actual Rows": 1,
            "Actual Loops": 2,
            "Plans": [
              {
                "Node Type": "Hash Join",
                "Parent Relationship": "Outer",
                "Parallel Aware": true,
                "Join Type": "Inner",
                "Startup Cost": 113258.55,
                "Total Cost": 404684.92,
                "Plan Rows": 1306542,
                "Plan Width": 0,
                "Actual Startup Time": 822.468,
                "Actual Total Time": 1887.77,
                "Actual Rows": 430726,
                "Actual Loops": 2,
                "Inner Unique": false,
                "Hash Cond": "(mi.movie_id = t.id)",
                "Plans": [
                  {
                    "Node Type": "Seq Scan",
                    "Parent Relationship": "Outer",
                    "Parallel Aware": true,
                    "Relation Name": "movie_info",
                    "Alias": "mi",
                    "Startup Cost": 0.0,
                    "Total Cost": 270696.42,
                    "Plan Rows": 3478509,
                    "Plan Width": 4,
                    "Actual Startup Time": 37.368,
                    "Actual Total Time": 737.215,
                    "Actual Rows": 2934513,
                    "Actual Loops": 2,
                    "Filter": "(info_type_id > 13)",
                    "Rows Removed by Filter": 4483347
                  },
                  {
                    "Node Type": "Hash",
                    "Parent Relationship": "Inner",
                    "Parallel Aware": true,
                    "Startup Cost": 106275.93,
                    "Total Cost": 106275.93,
                    "Plan Rows": 558610,
                    "Plan Width": 8,
                    "Actual Startup Time": 776.046,
                    "Actual Total Time": 776.051,
                    "Actual Rows": 123992,
                    "Actual Loops": 2,
                    "Hash Buckets": 1048576,
                    "Original Hash Buckets": 1048576,
                    "Hash Batches": 1,
                    "Original Hash Batches": 1,
                    "Peak Memory Usage": 17920,
                    "Plans": [
                      {
                        "Node Type": "Hash Join",
                        "Parent Relationship": "Outer",
                        "Parallel Aware": true,
                        "Join Type": "Inner",
                        "Startup Cost": 65888.86,
                        "Total Cost": 106275.93,
                        "Plan Rows": 558610,
                        "Plan Width": 8,
                        "Actual Startup Time": 416.293,
                        "Actual Total Time": 740.498,
                        "Actual Rows": 123992,
                        "Actual Loops": 2,
                        "Inner Unique": true,
                        "Hash Cond": "(mc.movie_id = t.id)",
                        "Plans": [
                          {
                            "Node Type": "Seq Scan",
                            "Parent Relationship": "Outer",
                            "Parallel Aware": true,
                            "Relation Name": "movie_companies",
                            "Alias": "mc",
                            "Startup Cost": 0.0,
                            "Total Cost": 37974.77,
                            "Plan Rows": 918968,
                            "Plan Width": 4,
                            "Actual Startup Time": 5.187,
                            "Actual Total Time": 118.68,
                            "Actual Rows": 781888,
                            "Actual Loops": 2,
                            "Filter": "(company_id > 6075)",
                            "Rows Removed by Filter": 522677
                          },
                          {
                            "Node Type": "Hash",
                            "Parent Relationship": "Inner",
                            "Parallel Aware": true,
                            "Startup Cost": 54588.39,
                            "Total Cost": 54588.39,
                            "Plan Rows": 904038,
                            "Plan Width": 4,
                            "Actual Startup Time": 401.453,
                            "Actual Total Time": 401.455,
                            "Actual Rows": 771632,
                            "Actual Loops": 2,
                            "Hash Buckets": 2097152,
                            "Original Hash Buckets": 2097152,
                            "Hash Batches": 1,
                            "Original Hash Batches": 1,
                            "Peak Memory Usage": 76800,
                            "Plans": [
                              {
                                "Node Type": "Seq Scan",
                                "Parent Relationship": "Outer",
                                "Parallel Aware": true,
                                "Relation Name": "title",
                                "Alias": "t",
                                "Startup Cost": 0.0,
                                "Total Cost": 54588.39,
                                "Plan Rows": 904038,
                                "Plan Width": 4,
                                "Actual Startup Time": 0.041,
                                "Actual Total Time": 161.548,
                                "Actual Rows": 771632,
                                "Actual Loops": 2,
                                "Filter": "(kind_id = 7)",
                                "Rows Removed by Filter": 492524
                              }
                            ]
                          }
                        ]
                      }
                    ]
                  }
                ]
              }
            ]
          }
        ]
      }
    ]
  },
  "Planning Time": 0.986,
  "Triggers": [],
  "Execution Time": 1959.372
}