{
    "Plan": {
        "Node Type": "Aggregate",
        "Strategy": "Plain",
        "Partial Mode": "Finalize",
        "Parallel Aware": false,
        "Startup Cost": 399566.52,
        "Total Cost": 399566.53,
        "Plan Rows": 1,
        "Plan Width": 8,
        "Actual Startup Time": 2179.511,
        "Actual Total Time": 2226.733,
        "Actual Rows": 1,
        "Actual Loops": 1,
        "Output": [
            "count(*)"
        ],
        "Plans": [
            {
                "Node Type": "Gather",
                "Parent Relationship": "Outer",
                "Parallel Aware": false,
                "Startup Cost": 399565.9,
                "Total Cost": 399566.51,
                "Plan Rows": 6,
                "Plan Width": 8,
                "Actual Startup Time": 2164.069,
                "Actual Total Time": 2226.712,
                "Actual Rows": 7,
                "Actual Loops": 1,
                "Output": [
                    "(PARTIAL count(*))"
                ],
                "Workers Planned": 6,
                "Workers Launched": 6,
                "Single Copy": false,
                "Plans": [
                    {
                        "Node Type": "Aggregate",
                        "Strategy": "Plain",
                        "Partial Mode": "Partial",
                        "Parent Relationship": "Outer",
                        "Parallel Aware": false,
                        "Startup Cost": 398565.9,
                        "Total Cost": 398565.91,
                        "Plan Rows": 1,
                        "Plan Width": 8,
                        "Actual Startup Time": 2139.765,
                        "Actual Total Time": 2139.77,
                        "Actual Rows": 1,
                        "Actual Loops": 7,
                        "Output": [
                            "PARTIAL count(*)"
                        ],
                        "Workers": [
                            {
                                "Worker Number": 0,
                                "Actual Startup Time": 2135.634,
                                "Actual Total Time": 2135.637,
                                "Actual Rows": 1,
                                "Actual Loops": 1
                            },
                            {
                                "Worker Number": 1,
                                "Actual Startup Time": 2137.326,
                                "Actual Total Time": 2137.33,
                                "Actual Rows": 1,
                                "Actual Loops": 1
                            },
                            {
                                "Worker Number": 2,
                                "Actual Startup Time": 2135.548,
                                "Actual Total Time": 2135.551,
                                "Actual Rows": 1,
                                "Actual Loops": 1
                            },
                            {
                                "Worker Number": 3,
                                "Actual Startup Time": 2135.596,
                                "Actual Total Time": 2135.6,
                                "Actual Rows": 1,
                                "Actual Loops": 1
                            },
                            {
                                "Worker Number": 4,
                                "Actual Startup Time": 2135.637,
                                "Actual Total Time": 2135.64,
                                "Actual Rows": 1,
                                "Actual Loops": 1
                            },
                            {
                                "Worker Number": 5,
                                "Actual Startup Time": 2135.553,
                                "Actual Total Time": 2135.558,
                                "Actual Rows": 1,
                                "Actual Loops": 1
                            }
                        ],
                        "Plans": [
                            {
                                "Node Type": "Hash Join",
                                "Parent Relationship": "Outer",
                                "Parallel Aware": true,
                                "Join Type": "Inner",
                                "Startup Cost": 50219.81,
                                "Total Cost": 396113.63,
                                "Plan Rows": 980908,
                                "Plan Width": 0,
                                "Actual Startup Time": 699.792,
                                "Actual Total Time": 2060.09,
                                "Actual Rows": 1507545,
                                "Actual Loops": 7,
                                "Inner Unique": true,
                                "Hash Cond": "(ci.movie_id = t.id)",
                                "Workers": [
                                    {
                                        "Worker Number": 0,
                                        "Actual Startup Time": 695.87,
                                        "Actual Total Time": 2048.41,
                                        "Actual Rows": 1321178,
                                        "Actual Loops": 1
                                    },
                                    {
                                        "Worker Number": 1,
                                        "Actual Startup Time": 695.888,
                                        "Actual Total Time": 2052.196,
                                        "Actual Rows": 1378988,
                                        "Actual Loops": 1
                                    },
                                    {
                                        "Worker Number": 2,
                                        "Actual Startup Time": 695.864,
                                        "Actual Total Time": 2060.625,
                                        "Actual Rows": 1523050,
                                        "Actual Loops": 1
                                    },
                                    {
                                        "Worker Number": 3,
                                        "Actual Startup Time": 695.848,
                                        "Actual Total Time": 2060.689,
                                        "Actual Rows": 1557740,
                                        "Actual Loops": 1
                                    },
                                    {
                                        "Worker Number": 4,
                                        "Actual Startup Time": 695.862,
                                        "Actual Total Time": 2059.231,
                                        "Actual Rows": 1572845,
                                        "Actual Loops": 1
                                    },
                                    {
                                        "Worker Number": 5,
                                        "Actual Startup Time": 695.848,
                                        "Actual Total Time": 2059.917,
                                        "Actual Rows": 1563953,
                                        "Actual Loops": 1
                                    }
                                ],
                                "Plans": [
                                    {
                                        "Node Type": "Seq Scan",
                                        "Parent Relationship": "Outer",
                                        "Parallel Aware": true,
                                        "Relation Name": "cast_info",
                                        "Schema": "public",
                                        "Alias": "ci",
                                        "Startup Cost": 0.0,
                                        "Total Cost": 343318.94,
                                        "Plan Rows": 980908,
                                        "Plan Width": 4,
                                        "Actual Startup Time": 400.792,
                                        "Actual Total Time": 794.149,
                                        "Actual Rows": 1507545,
                                        "Actual Loops": 7,
                                        "Output": [
                                            "ci.id",
                                            "ci.person_id",
                                            "ci.movie_id",
                                            "ci.person_role_id",
                                            "ci.note",
                                            "ci.nr_order",
                                            "ci.role_id"
                                        ],
                                        "Filter": "((ci.person_id > 2329149) AND (ci.role_id > 2))",
                                        "Rows Removed by Filter": 3670219,
                                        "Workers": [
                                            {
                                                "Worker Number": 0,
                                                "Actual Startup Time": 400.852,
                                                "Actual Total Time": 822.855,
                                                "Actual Rows": 1321178,
                                                "Actual Loops": 1
                                            },
                                            {
                                                "Worker Number": 1,
                                                "Actual Startup Time": 400.749,
                                                "Actual Total Time": 818.933,
                                                "Actual Rows": 1378988,
                                                "Actual Loops": 1
                                            },
                                            {
                                                "Worker Number": 2,
                                                "Actual Startup Time": 400.771,
                                                "Actual Total Time": 790.27,
                                                "Actual Rows": 1523050,
                                                "Actual Loops": 1
                                            },
                                            {
                                                "Worker Number": 3,
                                                "Actual Startup Time": 400.741,
                                                "Actual Total Time": 789.076,
                                                "Actual Rows": 1557740,
                                                "Actual Loops": 1
                                            },
                                            {
                                                "Worker Number": 4,
                                                "Actual Startup Time": 400.845,
                                                "Actual Total Time": 795.232,
                                                "Actual Rows": 1572845,
                                                "Actual Loops": 1
                                            },
                                            {
                                                "Worker Number": 5,
                                                "Actual Startup Time": 400.751,
                                                "Actual Total Time": 795.105,
                                                "Actual Rows": 1563953,
                                                "Actual Loops": 1
                                            }
                                        ]
                                    },
                                    {
                                        "Node Type": "Hash",
                                        "Parent Relationship": "Inner",
                                        "Parallel Aware": true,
                                        "Startup Cost": 42318.81,
                                        "Total Cost": 42318.81,
                                        "Plan Rows": 632080,
                                        "Plan Width": 4,
                                        "Actual Startup Time": 291.206,
                                        "Actual Total Time": 291.208,
                                        "Actual Rows": 361187,
                                        "Actual Loops": 7,
                                        "Output": [
                                            "t.id"
                                        ],
                                        "Hash Buckets": 4194304,
                                        "Original Hash Buckets": 4194304,
                                        "Hash Batches": 1,
                                        "Original Hash Batches": 1,
                                        "Peak Memory Usage": 131776,
                                        "Workers": [
                                            {
                                                "Worker Number": 0,
                                                "Actual Startup Time": 294.275,
                                                "Actual Total Time": 294.276,
                                                "Actual Rows": 307864,
                                                "Actual Loops": 1
                                            },
                                            {
                                                "Worker Number": 1,
                                                "Actual Startup Time": 294.109,
                                                "Actual Total Time": 294.11,
                                                "Actual Rows": 311203,
                                                "Actual Loops": 1
                                            },
                                            {
                                                "Worker Number": 2,
                                                "Actual Startup Time": 294.105,
                                                "Actual Total Time": 294.106,
                                                "Actual Rows": 351216,
                                                "Actual Loops": 1
                                            },
                                            {
                                                "Worker Number": 3,
                                                "Actual Startup Time": 294.12,
                                                "Actual Total Time": 294.122,
                                                "Actual Rows": 366444,
                                                "Actual Loops": 1
                                            },
                                            {
                                                "Worker Number": 4,
                                                "Actual Startup Time": 294.281,
                                                "Actual Total Time": 294.282,
                                                "Actual Rows": 367815,
                                                "Actual Loops": 1
                                            },
                                            {
                                                "Worker Number": 5,
                                                "Actual Startup Time": 294.114,
                                                "Actual Total Time": 294.117,
                                                "Actual Rows": 368266,
                                                "Actual Loops": 1
                                            }
                                        ],
                                        "Plans": [
                                            {
                                                "Node Type": "Seq Scan",
                                                "Parent Relationship": "Outer",
                                                "Parallel Aware": true,
                                                "Relation Name": "title",
                                                "Schema": "public",
                                                "Alias": "t",
                                                "Startup Cost": 0.0,
                                                "Total Cost": 42318.81,
                                                "Plan Rows": 632080,
                                                "Plan Width": 4,
                                                "Actual Startup Time": 0.074,
                                                "Actual Total Time": 85.139,
                                                "Actual Rows": 361187,
                                                "Actual Loops": 7,
                                                "Output": [
                                                    "t.id"
                                                ],
                                                "Workers": [
                                                    {
                                                        "Worker Number": 0,
                                                        "Actual Startup Time": 0.08,
                                                        "Actual Total Time": 88.568,
                                                        "Actual Rows": 307864,
                                                        "Actual Loops": 1
                                                    },
                                                    {
                                                        "Worker Number": 1,
                                                        "Actual Startup Time": 0.107,
                                                        "Actual Total Time": 89.253,
                                                        "Actual Rows": 311203,
                                                        "Actual Loops": 1
                                                    },
                                                    {
                                                        "Worker Number": 2,
                                                        "Actual Startup Time": 0.075,
                                                        "Actual Total Time": 87.48,
                                                        "Actual Rows": 351216,
                                                        "Actual Loops": 1
                                                    },
                                                    {
                                                        "Worker Number": 3,
                                                        "Actual Startup Time": 0.072,
                                                        "Actual Total Time": 86.526,
                                                        "Actual Rows": 366444,
                                                        "Actual Loops": 1
                                                    },
                                                    {
                                                        "Worker Number": 4,
                                                        "Actual Startup Time": 0.083,
                                                        "Actual Total Time": 86.785,
                                                        "Actual Rows": 367815,
                                                        "Actual Loops": 1
                                                    },
                                                    {
                                                        "Worker Number": 5,
                                                        "Actual Startup Time": 0.071,
                                                        "Actual Total Time": 86.937,
                                                        "Actual Rows": 368266,
                                                        "Actual Loops": 1
                                                    }
                                                ]
                                            }
                                        ]
                                    }
                                ]
                            }
                        ]
                    }
                ]
            }
        ]
    },
    "Planning Time": 0.806,
    "Triggers": [],
    "Execution Time": 2226.838
}