[
  {
    "Plan": {
      "Node Type": "Aggregate",
      "Strategy": "Plain",
      "Partial Mode": "Finalize",
      "Parallel Aware": false,
      "Startup Cost": 31146.77,
      "Total Cost": 31146.78,
      "Plan Rows": 1,
      "Plan Width": 8,
      "Actual Startup Time": 96.101,
      "Actual Total Time": 103.765,
      "Actual Rows": 1,
      "Actual Loops": 1,
      "Plans": [
        {
          "Node Type": "Gather",
          "Parent Relationship": "Outer",
          "Parallel Aware": false,
          "Startup Cost": 31146.45,
          "Total Cost": 31146.76,
          "Plan Rows": 3,
          "Plan Width": 8,
          "Actual Startup Time": 96.004,
          "Actual Total Time": 103.756,
          "Actual Rows": 4,
          "Actual Loops": 1,
          "Workers Planned": 3,
          "Workers Launched": 3,
          "Single Copy": false,
          "Plans": [
            {
              "Node Type": "Aggregate",
              "Strategy": "Plain",
              "Partial Mode": "Partial",
              "Parent Relationship": "Outer",
              "Parallel Aware": false,
              "Startup Cost": 30146.45,
              "Total Cost": 30146.46,
              "Plan Rows": 1,
              "Plan Width": 8,
              "Actual Startup Time": 87.317,
              "Actual Total Time": 87.318,
              "Actual Rows": 1,
              "Actual Loops": 4,
              "Plans": [
                {
                  "Node Type": "Seq Scan",
                  "Parent Relationship": "Outer",
                  "Parallel Aware": true,
                  "Relation Name": "movie_companies",
                  "Alias": "mc",
                  "Startup Cost": 0.0,
                  "Total Cost": 29310.68,
                  "Plan Rows": 334308,
                  "Plan Width": 0,
                  "Actual Startup Time": 0.051,
                  "Actual Total Time": 73.574,
                  "Actual Rows": 258464,
                  "Actual Loops": 4,
                  "Filter": "(company_id < 5808)",
                  "Rows Removed by Filter": 393819
                }
              ]
            }
          ]
        }
      ]
    },
    "Planning Time": 0.189,
    "Triggers": [],
    "Execution Time": 103.82
  }
]