[
  {
    "Plan": {
      "Node Type": "Aggregate",
      "Strategy": "Plain",
      "Partial Mode": "Finalize",
      "Parallel Aware": false,
      "Startup Cost": 33264.76,
      "Total Cost": 33264.77,
      "Plan Rows": 1,
      "Plan Width": 8,
      "Actual Startup Time": 95.031,
      "Actual Total Time": 103.295,
      "Actual Rows": 1,
      "Actual Loops": 1,
      "Plans": [
        {
          "Node Type": "Gather",
          "Parent Relationship": "Outer",
          "Parallel Aware": false,
          "Startup Cost": 33264.45,
          "Total Cost": 33264.76,
          "Plan Rows": 3,
          "Plan Width": 8,
          "Actual Startup Time": 94.94,
          "Actual Total Time": 103.288,
          "Actual Rows": 4,
          "Actual Loops": 1,
          "Workers Planned": 3,
          "Workers Launched": 3,
          "Single Copy": false,
          "Plans": [
            {
              "Node Type": "Aggregate",
              "Strategy": "Plain",
              "Partial Mode": "Partial",
              "Parent Relationship": "Outer",
              "Parallel Aware": false,
              "Startup Cost": 32264.45,
              "Total Cost": 32264.46,
              "Plan Rows": 1,
              "Plan Width": 8,
              "Actual Startup Time": 89.831,
              "Actual Total Time": 89.832,
              "Actual Rows": 1,
              "Actual Loops": 4,
              "Plans": [
                {
                  "Node Type": "Seq Scan",
                  "Parent Relationship": "Outer",
                  "Parallel Aware": true,
                  "Relation Name": "movie_companies",
                  "Alias": "mc",
                  "Startup Cost": 0.0,
                  "Total Cost": 31414.82,
                  "Plan Rows": 339851,
                  "Plan Width": 0,
                  "Actual Startup Time": 37.607,
                  "Actual Total Time": 76.658,
                  "Actual Rows": 298444,
                  "Actual Loops": 4,
                  "Filter": "((company_id > 531) AND (company_type_id > 1))",
                  "Rows Removed by Filter": 353839
                }
              ]
            }
          ]
        }
      ]
    },
    "Planning Time": 0.098,
    "Triggers": [],
    "Execution Time": 103.322
  }
]