[
  {
    "Plan": {
      "Node Type": "Aggregate",
      "Strategy": "Plain",
      "Partial Mode": "Finalize",
      "Parallel Aware": false,
      "Startup Cost": 123685.28,
      "Total Cost": 123685.29,
      "Plan Rows": 1,
      "Plan Width": 8,
      "Actual Startup Time": 1047.381,
      "Actual Total Time": 1095.976,
      "Actual Rows": 1,
      "Actual Loops": 1,
      "Plans": [
        {
          "Node Type": "Gather",
          "Parent Relationship": "Outer",
          "Parallel Aware": false,
          "Startup Cost": 123684.96,
          "Total Cost": 123685.27,
          "Plan Rows": 3,
          "Plan Width": 8,
          "Actual Startup Time": 1044.643,
          "Actual Total Time": 1095.967,
          "Actual Rows": 4,
          "Actual Loops": 1,
          "Workers Planned": 3,
          "Workers Launched": 3,
          "Single Copy": false,
          "Plans": [
            {
              "Node Type": "Aggregate",
              "Strategy": "Plain",
              "Partial Mode": "Partial",
              "Parent Relationship": "Outer",
              "Parallel Aware": false,
              "Startup Cost": 122684.96,
              "Total Cost": 122684.97,
              "Plan Rows": 1,
              "Plan Width": 8,
              "Actual Startup Time": 1034.133,
              "Actual Total Time": 1034.137,
              "Actual Rows": 1,
              "Actual Loops": 4,
              "Plans": [
                {
                  "Node Type": "Nested Loop",
                  "Parent Relationship": "Outer",
                  "Parallel Aware": false,
                  "Join Type": "Inner",
                  "Startup Cost": 51704.68,
                  "Total Cost": 122497.59,
                  "Plan Rows": 74947,
                  "Plan Width": 0,
                  "Actual Startup Time": 193.101,
                  "Actual Total Time": 959.195,
                  "Actual Rows": 1574109,
                  "Actual Loops": 4,
                  "Inner Unique": false,
                  "Plans": [
                    {
                      "Node Type": "Hash Join",
                      "Parent Relationship": "Outer",
                      "Parallel Aware": true,
                      "Join Type": "Inner",
                      "Startup Cost": 51704.25,
                      "Total Cost": 77276.12,
                      "Plan Rows": 12764,
                      "Plan Width": 8,
                      "Actual Startup Time": 192.915,
                      "Actual Total Time": 244.186,
                      "Actual Rows": 28338,
                      "Actual Loops": 4,
                      "Inner Unique": true,
                      "Hash Cond": "(mk.movie_id = t.id)",
                      "Plans": [
                        {
                          "Node Type": "Bitmap Heap Scan",
                          "Parent Relationship": "Outer",
                          "Parallel Aware": true,
                          "Relation Name": "movie_keyword",
                          "Alias": "mk",
                          "Startup Cost": 4860.1,
                          "Total Cost": 30237.96,
                          "Plan Rows": 73909,
                          "Plan Width": 4,
                          "Actual Startup Time": 16.154,
                          "Actual Total Time": 56.523,
                          "Actual Rows": 56732,
                          "Actual Loops": 4,
                          "Recheck Cond": "(keyword_id < 186)",
                          "Rows Removed by Index Recheck": 0,
                          "Exact Heap Blocks": 7467,
                          "Lossy Heap Blocks": 0,
                          "Plans": [
                            {
                              "Node Type": "Bitmap Index Scan",
                              "Parent Relationship": "Outer",
                              "Parallel Aware": false,
                              "Index Name": "keyword_id_movie_keyword",
                              "Startup Cost": 0.0,
                              "Total Cost": 4802.82,
                              "Plan Rows": 229118,
                              "Plan Width": 0,
                              "Actual Startup Time": 12.593,
                              "Actual Total Time": 12.594,
                              "Actual Rows": 226927,
                              "Actual Loops": 1,
                              "Index Cond": "(keyword_id < 186)"
                            }
                          ]
                        },
                        {
                          "Node Type": "Hash",
                          "Parent Relationship": "Inner",
                          "Parallel Aware": true,
                          "Startup Cost": 45479.59,
                          "Total Cost": 45479.59,
                          "Plan Rows": 109165,
                          "Plan Width": 4,
                          "Actual Startup Time": 156.079,
                          "Actual Total Time": 156.08,
                          "Actual Rows": 118480,
                          "Actual Loops": 4,
                          "Hash Buckets": 524288,
                          "Original Hash Buckets": 524288,
                          "Hash Batches": 1,
                          "Original Hash Batches": 1,
                          "Peak Memory Usage": 22720,
                          "Plans": [
                            {
                              "Node Type": "Seq Scan",
                              "Parent Relationship": "Outer",
                              "Parallel Aware": true,
                              "Relation Name": "title",
                              "Alias": "t",
                              "Startup Cost": 0.0,
                              "Total Cost": 45479.59,
                              "Plan Rows": 109165,
                              "Plan Width": 4,
                              "Actual Startup Time": 63.37,
                              "Actual Total Time": 113.687,
                              "Actual Rows": 118480,
                              "Actual Loops": 4,
                              "Filter": "((kind_id < 2) AND (production_year < 2008))",
                              "Rows Removed by Filter": 513598
                            }
                          ]
                        }
                      ]
                    },
                    {
                      "Node Type": "Index Only Scan",
                      "Parent Relationship": "Inner",
                      "Parallel Aware": false,
                      "Scan Direction": "Forward",
                      "Index Name": "movie_id_movie_info",
                      "Relation Name": "movie_info",
                      "Alias": "mi",
                      "Startup Cost": 0.43,
                      "Total Cost": 3.13,
                      "Plan Rows": 41,
                      "Plan Width": 4,
                      "Actual Startup Time": 0.005,
                      "Actual Total Time": 0.021,
                      "Actual Rows": 56,
                      "Actual Loops": 113354,
                      "Index Cond": "(movie_id = t.id)",
                      "Rows Removed by Index Recheck": 0,
                      "Heap Fetches": 6296435
                    }
                  ]
                }
              ]
            }
          ]
        }
      ]
    },
    "Planning Time": 0.467,
    "Triggers": [],
    "Execution Time": 1096.049
  }
]