[
  {
    "Plan": {
      "Node Type": "Aggregate",
      "Strategy": "Plain",
      "Partial Mode": "Finalize",
      "Parallel Aware": false,
      "Startup Cost": 121978.61,
      "Total Cost": 121978.62,
      "Plan Rows": 1,
      "Plan Width": 8,
      "Actual Startup Time": 1002.895,
      "Actual Total Time": 1049.224,
      "Actual Rows": 1,
      "Actual Loops": 1,
      "Plans": [
        {
          "Node Type": "Gather",
          "Parent Relationship": "Outer",
          "Parallel Aware": false,
          "Startup Cost": 121978.29,
          "Total Cost": 121978.6,
          "Plan Rows": 3,
          "Plan Width": 8,
          "Actual Startup Time": 1000.302,
          "Actual Total Time": 1049.215,
          "Actual Rows": 4,
          "Actual Loops": 1,
          "Workers Planned": 3,
          "Workers Launched": 3,
          "Single Copy": false,
          "Plans": [
            {
              "Node Type": "Aggregate",
              "Strategy": "Plain",
              "Partial Mode": "Partial",
              "Parent Relationship": "Outer",
              "Parallel Aware": false,
              "Startup Cost": 120978.29,
              "Total Cost": 120978.3,
              "Plan Rows": 1,
              "Plan Width": 8,
              "Actual Startup Time": 992.023,
              "Actual Total Time": 992.026,
              "Actual Rows": 1,
              "Actual Loops": 4,
              "Plans": [
                {
                  "Node Type": "Nested Loop",
                  "Parent Relationship": "Outer",
                  "Parallel Aware": false,
                  "Join Type": "Inner",
                  "Startup Cost": 51511.47,
                  "Total Cost": 120798.8,
                  "Plan Rows": 71795,
                  "Plan Width": 0,
                  "Actual Startup Time": 170.69,
                  "Actual Total Time": 920.053,
                  "Actual Rows": 1574109,
                  "Actual Loops": 4,
                  "Inner Unique": false,
                  "Plans": [
                    {
                      "Node Type": "Hash Join",
                      "Parent Relationship": "Outer",
                      "Parallel Aware": true,
                      "Join Type": "Inner",
                      "Startup Cost": 51511.03,
                      "Total Cost": 77036.97,
                      "Plan Rows": 12278,
                      "Plan Width": 8,
                      "Actual Startup Time": 170.595,
                      "Actual Total Time": 219.754,
                      "Actual Rows": 28338,
                      "Actual Loops": 4,
                      "Inner Unique": true,
                      "Hash Cond": "(mk.movie_id = t.id)",
                      "Plans": [
                        {
                          "Node Type": "Bitmap Heap Scan",
                          "Parent Relationship": "Outer",
                          "Parallel Aware": true,
                          "Relation Name": "movie_keyword",
                          "Alias": "mk",
                          "Startup Cost": 4663.12,
                          "Total Cost": 30003.02,
                          "Plan Rows": 70872,
                          "Plan Width": 4,
                          "Actual Startup Time": 14.481,
                          "Actual Total Time": 53.49,
                          "Actual Rows": 56732,
                          "Actual Loops": 4,
                          "Recheck Cond": "(keyword_id < 186)",
                          "Rows Removed by Index Recheck": 0,
                          "Exact Heap Blocks": 8250,
                          "Lossy Heap Blocks": 0,
                          "Plans": [
                            {
                              "Node Type": "Bitmap Index Scan",
                              "Parent Relationship": "Outer",
                              "Parallel Aware": false,
                              "Index Name": "keyword_id_movie_keyword",
                              "Startup Cost": 0.0,
                              "Total Cost": 4608.2,
                              "Plan Rows": 219702,
                              "Plan Width": 0,
                              "Actual Startup Time": 10.784,
                              "Actual Total Time": 10.785,
                              "Actual Rows": 226927,
                              "Actual Loops": 1,
                              "Index Cond": "(keyword_id < 186)"
                            }
                          ]
                        },
                        {
                          "Node Type": "Hash",
                          "Parent Relationship": "Inner",
                          "Parallel Aware": true,
                          "Startup Cost": 45479.1,
                          "Total Cost": 45479.1,
                          "Plan Rows": 109505,
                          "Plan Width": 4,
                          "Actual Startup Time": 137.57,
                          "Actual Total Time": 137.57,
                          "Actual Rows": 118480,
                          "Actual Loops": 4,
                          "Hash Buckets": 524288,
                          "Original Hash Buckets": 524288,
                          "Hash Batches": 1,
                          "Original Hash Batches": 1,
                          "Peak Memory Usage": 22720,
                          "Plans": [
                            {
                              "Node Type": "Seq Scan",
                              "Parent Relationship": "Outer",
                              "Parallel Aware": true,
                              "Relation Name": "title",
                              "Alias": "t",
                              "Startup Cost": 0.0,
                              "Total Cost": 45479.1,
                              "Plan Rows": 109505,
                              "Plan Width": 4,
                              "Actual Startup Time": 57.575,
                              "Actual Total Time": 100.456,
                              "Actual Rows": 118480,
                              "Actual Loops": 4,
                              "Filter": "((kind_id < 2) AND (production_year < 2008))",
                              "Rows Removed by Filter": 513598
                            }
                          ]
                        }
                      ]
                    },
                    {
                      "Node Type": "Index Only Scan",
                      "Parent Relationship": "Inner",
                      "Parallel Aware": false,
                      "Scan Direction": "Forward",
                      "Index Name": "movie_id_movie_info",
                      "Relation Name": "movie_info",
                      "Alias": "mi",
                      "Startup Cost": 0.43,
                      "Total Cost": 3.14,
                      "Plan Rows": 42,
                      "Plan Width": 4,
                      "Actual Startup Time": 0.005,
                      "Actual Total Time": 0.02,
                      "Actual Rows": 56,
                      "Actual Loops": 113354,
                      "Index Cond": "(movie_id = t.id)",
                      "Rows Removed by Index Recheck": 0,
                      "Heap Fetches": 6296435
                    }
                  ]
                }
              ]
            }
          ]
        }
      ]
    },
    "Planning Time": 1.361,
    "Triggers": [],
    "Execution Time": 1049.346
  }
]