[
  {
    "Plan": {
      "Node Type": "Aggregate",
      "Strategy": "Plain",
      "Partial Mode": "Simple",
      "Parallel Aware": false,
      "Startup Cost": 7484.38,
      "Total Cost": 7484.39,
      "Plan Rows": 1,
      "Plan Width": 64,
      "Actual Startup Time": 60.737,
      "Actual Total Time": 60.744,
      "Actual Rows": 1,
      "Actual Loops": 1,
      "Plans": [
        {
          "Node Type": "Nested Loop",
          "Parent Relationship": "Outer",
          "Parallel Aware": false,
          "Join Type": "Inner",
          "Startup Cost": 12.93,
          "Total Cost": 7484.38,
          "Plan Rows": 1,
          "Plan Width": 27,
          "Actual Startup Time": 60.733,
          "Actual Total Time": 60.739,
          "Actual Rows": 0,
          "Actual Loops": 1,
          "Inner Unique": true,
          "Join Filter": "(mi.info_type_id = it1.id)",
          "Rows Removed by Join Filter": 0,
          "Plans": [
            {
              "Node Type": "Nested Loop",
              "Parent Relationship": "Outer",
              "Parallel Aware": false,
              "Join Type": "Inner",
              "Startup Cost": 12.93,
              "Total Cost": 7481.95,
              "Plan Rows": 1,
              "Plan Width": 31,
              "Actual Startup Time": 60.733,
              "Actual Total Time": 60.738,
              "Actual Rows": 0,
              "Actual Loops": 1,
              "Inner Unique": false,
              "Join Filter": "(t.id = mi.movie_id)",
              "Rows Removed by Join Filter": 0,
              "Plans": [
                {
                  "Node Type": "Nested Loop",
                  "Parent Relationship": "Outer",
                  "Parallel Aware": false,
                  "Join Type": "Inner",
                  "Startup Cost": 12.5,
                  "Total Cost": 7480.39,
                  "Plan Rows": 1,
                  "Plan Width": 43,
                  "Actual Startup Time": 7.031,
                  "Actual Total Time": 57.521,
                  "Actual Rows": 25,
                  "Actual Loops": 1,
                  "Inner Unique": true,
                  "Join Filter": "(mc.company_type_id = ct.id)",
                  "Rows Removed by Join Filter": 12,
                  "Plans": [
                    {
                      "Node Type": "Nested Loop",
                      "Parent Relationship": "Outer",
                      "Parallel Aware": false,
                      "Join Type": "Inner",
                      "Startup Cost": 12.5,
                      "Total Cost": 7479.3,
                      "Plan Rows": 1,
                      "Plan Width": 47,
                      "Actual Startup Time": 7.024,
                      "Actual Total Time": 57.397,
                      "Actual Rows": 25,
                      "Actual Loops": 1,
                      "Inner Unique": true,
                      "Plans": [
                        {
                          "Node Type": "Nested Loop",
                          "Parent Relationship": "Outer",
                          "Parallel Aware": false,
                          "Join Type": "Inner",
                          "Startup Cost": 12.08,
                          "Total Cost": 7478.41,
                          "Plan Rows": 2,
                          "Plan Width": 51,
                          "Actual Startup Time": 6.89,
                          "Actual Total Time": 55.461,
                          "Actual Rows": 114,
                          "Actual Loops": 1,
                          "Inner Unique": false,
                          "Join Filter": "(t.id = mc.movie_id)",
                          "Rows Removed by Join Filter": 0,
                          "Plans": [
                            {
                              "Node Type": "Nested Loop",
                              "Parent Relationship": "Outer",
                              "Parallel Aware": false,
                              "Join Type": "Inner",
                              "Startup Cost": 11.65,
                              "Total Cost": 7477.2,
                              "Plan Rows": 2,
                              "Plan Width": 39,
                              "Actual Startup Time": 6.829,
                              "Actual Total Time": 55.042,
                              "Actual Rows": 5,
                              "Actual Loops": 1,
                              "Inner Unique": false,
                              "Join Filter": "(cc.status_id = cct1.id)",
                              "Rows Removed by Join Filter": 28,
                              "Plans": [
                                {
                                  "Node Type": "Seq Scan",
                                  "Parent Relationship": "Outer",
                                  "Parallel Aware": false,
                                  "Relation Name": "comp_cast_type",
                                  "Alias": "cct1",
                                  "Startup Cost": 0.0,
                                  "Total Cost": 1.05,
                                  "Plan Rows": 1,
                                  "Plan Width": 4,
                                  "Actual Startup Time": 0.009,
                                  "Actual Total Time": 0.01,
                                  "Actual Rows": 1,
                                  "Actual Loops": 1,
                                  "Filter": "((kind)::text = 'complete+verified'::text)",
                                  "Rows Removed by Filter": 3
                                },
                                {
                                  "Node Type": "Nested Loop",
                                  "Parent Relationship": "Inner",
                                  "Parallel Aware": false,
                                  "Join Type": "Inner",
                                  "Startup Cost": 11.65,
                                  "Total Cost": 7476.05,
                                  "Plan Rows": 8,
                                  "Plan Width": 43,
                                  "Actual Startup Time": 6.818,
                                  "Actual Total Time": 55.019,
                                  "Actual Rows": 33,
                                  "Actual Loops": 1,
                                  "Inner Unique": false,
                                  "Join Filter": "(t.id = cc.movie_id)",
                                  "Rows Removed by Join Filter": 0,
                                  "Plans": [
                                    {
                                      "Node Type": "Nested Loop",
                                      "Parent Relationship": "Outer",
                                      "Parallel Aware": false,
                                      "Join Type": "Inner",
                                      "Startup Cost": 11.23,
                                      "Total Cost": 7473.16,
                                      "Plan Rows": 6,
                                      "Plan Width": 35,
                                      "Actual Startup Time": 6.407,
                                      "Actual Total Time": 52.585,
                                      "Actual Rows": 179,
                                      "Actual Loops": 1,
                                      "Inner Unique": false,
                                      "Join Filter": "(t.kind_id = kt.id)",
                                      "Rows Removed by Join Filter": 84,
                                      "Plans": [
                                        {
                                          "Node Type": "Seq Scan",
                                          "Parent Relationship": "Outer",
                                          "Parallel Aware": false,
                                          "Relation Name": "kind_type",
                                          "Alias": "kt",
                                          "Startup Cost": 0.0,
                                          "Total Cost": 1.09,
                                          "Plan Rows": 1,
                                          "Plan Width": 14,
                                          "Actual Startup Time": 0.004,
                                          "Actual Total Time": 0.006,
                                          "Actual Rows": 1,
                                          "Actual Loops": 1,
                                          "Filter": "((kind)::text = 'movie'::text)",
                                          "Rows Removed by Filter": 6
                                        },
                                        {
                                          "Node Type": "Nested Loop",
                                          "Parent Relationship": "Inner",
                                          "Parallel Aware": false,
                                          "Join Type": "Inner",
                                          "Startup Cost": 11.23,
                                          "Total Cost": 7471.55,
                                          "Plan Rows": 42,
                                          "Plan Width": 29,
                                          "Actual Startup Time": 1.137,
                                          "Actual Total Time": 52.497,
                                          "Actual Rows": 263,
                                          "Actual Loops": 1,
                                          "Inner Unique": true,
                                          "Plans": [
                                            {
                                              "Node Type": "Nested Loop",
                                              "Parent Relationship": "Outer",
                                              "Parallel Aware": false,
                                              "Join Type": "Inner",
                                              "Startup Cost": 10.8,
                                              "Total Cost": 7405.43,
                                              "Plan Rows": 135,
                                              "Plan Width": 4,
                                              "Actual Startup Time": 1.093,
                                              "Actual Total Time": 32.462,
                                              "Actual Rows": 1133,
                                              "Actual Loops": 1,
                                              "Inner Unique": false,
                                              "Plans": [
                                                {
                                                  "Node Type": "Seq Scan",
                                                  "Parent Relationship": "Outer",
                                                  "Parallel Aware": false,
                                                  "Relation Name": "keyword",
                                                  "Alias": "k",
                                                  "Startup Cost": 0.0,
                                                  "Total Cost": 2961.55,
                                                  "Plan Rows": 4,
                                                  "Plan Width": 4,
                                                  "Actual Startup Time": 0.815,
                                                  "Actual Total Time": 22.104,
                                                  "Actual Rows": 4,
                                                  "Actual Loops": 1,
                                                  "Filter": "(keyword = ANY ('{nerd,loner,alienation,dignity}'::text[]))",
                                                  "Rows Removed by Filter": 134166
                                                },
                                                {
                                                  "Node Type": "Bitmap Heap Scan",
                                                  "Parent Relationship": "Inner",
                                                  "Parallel Aware": false,
                                                  "Relation Name": "movie_keyword",
                                                  "Alias": "mk",
                                                  "Startup Cost": 10.8,
                                                  "Total Cost": 1107.92,
                                                  "Plan Rows": 305,
                                                  "Plan Width": 8,
                                                  "Actual Startup Time": 0.117,
                                                  "Actual Total Time": 2.483,
                                                  "Actual Rows": 283,
                                                  "Actual Loops": 4,
                                                  "Recheck Cond": "(keyword_id = k.id)",
                                                  "Rows Removed by Index Recheck": 0,
                                                  "Exact Heap Blocks": 1083,
                                                  "Lossy Heap Blocks": 0,
                                                  "Plans": [
                                                    {
                                                      "Node Type": "Bitmap Index Scan",
                                                      "Parent Relationship": "Outer",
                                                      "Parallel Aware": false,
                                                      "Index Name": "keyword_id_movie_keyword",
                                                      "Startup Cost": 0.0,
                                                      "Total Cost": 10.72,
                                                      "Plan Rows": 305,
                                                      "Plan Width": 0,
                                                      "Actual Startup Time": 0.072,
                                                      "Actual Total Time": 0.072,
                                                      "Actual Rows": 283,
                                                      "Actual Loops": 4,
                                                      "Index Cond": "(keyword_id = k.id)"
                                                    }
                                                  ]
                                                }
                                              ]
                                            },
                                            {
                                              "Node Type": "Index Scan",
                                              "Parent Relationship": "Inner",
                                              "Parallel Aware": false,
                                              "Scan Direction": "Forward",
                                              "Index Name": "title_pkey",
                                              "Relation Name": "title",
                                              "Alias": "t",
                                              "Startup Cost": 0.43,
                                              "Total Cost": 0.49,
                                              "Plan Rows": 1,
                                              "Plan Width": 25,
                                              "Actual Startup Time": 0.017,
                                              "Actual Total Time": 0.017,
                                              "Actual Rows": 0,
                                              "Actual Loops": 1133,
                                              "Index Cond": "(id = mk.movie_id)",
                                              "Rows Removed by Index Recheck": 0,
                                              "Filter": "(production_year > 2007)",
                                              "Rows Removed by Filter": 1
                                            }
                                          ]
                                        }
                                      ]
                                    },
                                    {
                                      "Node Type": "Index Scan",
                                      "Parent Relationship": "Inner",
                                      "Parallel Aware": false,
                                      "Scan Direction": "Forward",
                                      "Index Name": "movie_id_complete_cast",
                                      "Relation Name": "complete_cast",
                                      "Alias": "cc",
                                      "Startup Cost": 0.42,
                                      "Total Cost": 0.46,
                                      "Plan Rows": 2,
                                      "Plan Width": 8,
                                      "Actual Startup Time": 0.012,
                                      "Actual Total Time": 0.013,
                                      "Actual Rows": 0,
                                      "Actual Loops": 179,
                                      "Index Cond": "(movie_id = mk.movie_id)",
                                      "Rows Removed by Index Recheck": 0
                                    }
                                  ]
                                }
                              ]
                            },
                            {
                              "Node Type": "Index Scan",
                              "Parent Relationship": "Inner",
                              "Parallel Aware": false,
                              "Scan Direction": "Forward",
                              "Index Name": "movie_id_movie_companies",
                              "Relation Name": "movie_companies",
                              "Alias": "mc",
                              "Startup Cost": 0.43,
                              "Total Cost": 0.54,
                              "Plan Rows": 5,
                              "Plan Width": 12,
                              "Actual Startup Time": 0.048,
                              "Actual Total Time": 0.075,
                              "Actual Rows": 23,
                              "Actual Loops": 5,
                              "Index Cond": "(movie_id = mk.movie_id)",
                              "Rows Removed by Index Recheck": 0
                            }
                          ]
                        },
                        {
                          "Node Type": "Index Scan",
                          "Parent Relationship": "Inner",
                          "Parallel Aware": false,
                          "Scan Direction": "Forward",
                          "Index Name": "company_name_pkey",
                          "Relation Name": "company_name",
                          "Alias": "cn",
                          "Startup Cost": 0.42,
                          "Total Cost": 0.45,
                          "Plan Rows": 1,
                          "Plan Width": 4,
                          "Actual Startup Time": 0.016,
                          "Actual Total Time": 0.016,
                          "Actual Rows": 0,
                          "Actual Loops": 114,
                          "Index Cond": "(id = mc.company_id)",
                          "Rows Removed by Index Recheck": 0,
                          "Filter": "((country_code)::text = '[us]'::text)",
                          "Rows Removed by Filter": 1
                        }
                      ]
                    },
                    {
                      "Node Type": "Seq Scan",
                      "Parent Relationship": "Inner",
                      "Parallel Aware": false,
                      "Relation Name": "company_type",
                      "Alias": "ct",
                      "Startup Cost": 0.0,
                      "Total Cost": 1.04,
                      "Plan Rows": 4,
                      "Plan Width": 4,
                      "Actual Startup Time": 0.001,
                      "Actual Total Time": 0.001,
                      "Actual Rows": 1,
                      "Actual Loops": 25
                    }
                  ]
                },
                {
                  "Node Type": "Index Scan",
                  "Parent Relationship": "Inner",
                  "Parallel Aware": false,
                  "Scan Direction": "Forward",
                  "Index Name": "movie_id_movie_info",
                  "Relation Name": "movie_info",
                  "Alias": "mi",
                  "Startup Cost": 0.43,
                  "Total Cost": 1.55,
                  "Plan Rows": 1,
                  "Plan Width": 8,
                  "Actual Startup Time": 0.128,
                  "Actual Total Time": 0.128,
                  "Actual Rows": 0,
                  "Actual Loops": 25,
                  "Index Cond": "(movie_id = mk.movie_id)",
                  "Rows Removed by Index Recheck": 0,
                  "Filter": "((note ~~ '%internet%'::text) AND (info ~~ 'USA:% 200%'::text))",
                  "Rows Removed by Filter": 204
                }
              ]
            },
            {
              "Node Type": "Seq Scan",
              "Parent Relationship": "Inner",
              "Parallel Aware": false,
              "Relation Name": "info_type",
              "Alias": "it1",
              "Startup Cost": 0.0,
              "Total Cost": 2.41,
              "Plan Rows": 1,
              "Plan Width": 4,
              "Actual Startup Time": 0.0,
              "Actual Total Time": 0.0,
              "Actual Rows": 0,
              "Actual Loops": 0,
              "Filter": "((info)::text = 'release dates'::text)",
              "Rows Removed by Filter": 0
            }
          ]
        }
      ]
    },
    "Planning Time": 61.029,
    "Triggers": [],
    "Execution Time": 61.102
  }
]