[
  {
    "Plan": {
      "Node Type": "Aggregate",
      "Strategy": "Plain",
      "Partial Mode": "Finalize",
      "Parallel Aware": false,
      "Startup Cost": 46571.55,
      "Total Cost": 46571.56,
      "Plan Rows": 1,
      "Plan Width": 8,
      "Actual Startup Time": 169.696,
      "Actual Total Time": 179.602,
      "Actual Rows": 1,
      "Actual Loops": 1,
      "Plans": [
        {
          "Node Type": "Gather",
          "Parent Relationship": "Outer",
          "Parallel Aware": false,
          "Startup Cost": 46571.23,
          "Total Cost": 46571.54,
          "Plan Rows": 3,
          "Plan Width": 8,
          "Actual Startup Time": 169.569,
          "Actual Total Time": 179.594,
          "Actual Rows": 4,
          "Actual Loops": 1,
          "Workers Planned": 3,
          "Workers Launched": 3,
          "Single Copy": false,
          "Plans": [
            {
              "Node Type": "Aggregate",
              "Strategy": "Plain",
              "Partial Mode": "Partial",
              "Parent Relationship": "Outer",
              "Parallel Aware": false,
              "Startup Cost": 45571.23,
              "Total Cost": 45571.24,
              "Plan Rows": 1,
              "Plan Width": 8,
              "Actual Startup Time": 160.742,
              "Actual Total Time": 160.743,
              "Actual Rows": 1,
              "Actual Loops": 4,
              "Plans": [
                {
                  "Node Type": "Seq Scan",
                  "Parent Relationship": "Outer",
                  "Parallel Aware": true,
                  "Relation Name": "movie_keyword",
                  "Alias": "mk",
                  "Startup Cost": 0.0,
                  "Total Cost": 42695.65,
                  "Plan Rows": 1150232,
                  "Plan Width": 0,
                  "Actual Startup Time": 0.139,
                  "Actual Total Time": 122.11,
                  "Actual Rows": 890736,
                  "Actual Loops": 4,
                  "Filter": "(keyword_id > 902)",
                  "Rows Removed by Filter": 240246
                }
              ]
            }
          ]
        }
      ]
    },
    "Planning Time": 0.16,
    "Triggers": [],
    "Execution Time": 179.654
  }
]