[
  {
    "Plan": {
      "Node Type": "Aggregate",
      "Strategy": "Plain",
      "Partial Mode": "Finalize",
      "Parallel Aware": false,
      "Startup Cost": 116114.49,
      "Total Cost": 116114.5,
      "Plan Rows": 1,
      "Plan Width": 8,
      "Actual Startup Time": 734.927,
      "Actual Total Time": 783.42,
      "Actual Rows": 1,
      "Actual Loops": 1,
      "Plans": [
        {
          "Node Type": "Gather",
          "Parent Relationship": "Outer",
          "Parallel Aware": false,
          "Startup Cost": 116114.07,
          "Total Cost": 116114.48,
          "Plan Rows": 4,
          "Plan Width": 8,
          "Actual Startup Time": 733.994,
          "Actual Total Time": 783.41,
          "Actual Rows": 5,
          "Actual Loops": 1,
          "Workers Planned": 4,
          "Workers Launched": 4,
          "Single Copy": false,
          "Plans": [
            {
              "Node Type": "Aggregate",
              "Strategy": "Plain",
              "Partial Mode": "Partial",
              "Parent Relationship": "Outer",
              "Parallel Aware": false,
              "Startup Cost": 115114.07,
              "Total Cost": 115114.08,
              "Plan Rows": 1,
              "Plan Width": 8,
              "Actual Startup Time": 723.495,
              "Actual Total Time": 723.555,
              "Actual Rows": 1,
              "Actual Loops": 5,
              "Plans": [
                {
                  "Node Type": "Nested Loop",
                  "Parent Relationship": "Outer",
                  "Parallel Aware": false,
                  "Join Type": "Inner",
                  "Startup Cost": 23929.02,
                  "Total Cost": 114822.94,
                  "Plan Rows": 116450,
                  "Plan Width": 0,
                  "Actual Startup Time": 155.382,
                  "Actual Total Time": 701.123,
                  "Actual Rows": 484830,
                  "Actual Loops": 5,
                  "Inner Unique": false,
                  "Plans": [
                    {
                      "Node Type": "Hash Join",
                      "Parent Relationship": "Outer",
                      "Parallel Aware": true,
                      "Join Type": "Inner",
                      "Startup Cost": 23928.59,
                      "Total Cost": 69481.66,
                      "Plan Rows": 22934,
                      "Plan Width": 8,
                      "Actual Startup Time": 155.301,
                      "Actual Total Time": 228.926,
                      "Actual Rows": 35304,
                      "Actual Loops": 5,
                      "Inner Unique": false,
                      "Hash Cond": "(t.id = mc.movie_id)",
                      "Plans": [
                        {
                          "Node Type": "Seq Scan",
                          "Parent Relationship": "Outer",
                          "Parallel Aware": true,
                          "Relation Name": "title",
                          "Alias": "t",
                          "Startup Cost": 0.0,
                          "Total Cost": 42318.73,
                          "Plan Rows": 632073,
                          "Plan Width": 4,
                          "Actual Startup Time": 0.014,
                          "Actual Total Time": 65.375,
                          "Actual Rows": 505662,
                          "Actual Loops": 5
                        },
                        {
                          "Node Type": "Hash",
                          "Parent Relationship": "Inner",
                          "Parallel Aware": true,
                          "Startup Cost": 23558.69,
                          "Total Cost": 23558.69,
                          "Plan Rows": 29592,
                          "Plan Width": 4,
                          "Actual Startup Time": 60.214,
                          "Actual Total Time": 60.219,
                          "Actual Rows": 35304,
                          "Actual Loops": 5,
                          "Hash Buckets": 262144,
                          "Original Hash Buckets": 131072,
                          "Hash Batches": 1,
                          "Original Hash Batches": 1,
                          "Peak Memory Usage": 10048,
                          "Plans": [
                            {
                              "Node Type": "Bitmap Heap Scan",
                              "Parent Relationship": "Outer",
                              "Parallel Aware": true,
                              "Relation Name": "movie_companies",
                              "Alias": "mc",
                              "Startup Cost": 3894.44,
                              "Total Cost": 23558.69,
                              "Plan Rows": 29592,
                              "Plan Width": 4,
                              "Actual Startup Time": 15.584,
                              "Actual Total Time": 40.307,
                              "Actual Rows": 35304,
                              "Actual Loops": 5,
                              "Recheck Cond": "(company_id > 121534)",
                              "Rows Removed by Index Recheck": 0,
                              "Filter": "(company_type_id > 1)",
                              "Rows Removed by Filter": 0,
                              "Exact Heap Blocks": 1702,
                              "Lossy Heap Blocks": 0,
                              "Plans": [
                                {
                                  "Node Type": "Bitmap Index Scan",
                                  "Parent Relationship": "Outer",
                                  "Parallel Aware": false,
                                  "Index Name": "company_id_movie_companies",
                                  "Startup Cost": 0.0,
                                  "Total Cost": 3871.51,
                                  "Plan Rows": 180677,
                                  "Plan Width": 0,
                                  "Actual Startup Time": 19.288,
                                  "Actual Total Time": 19.288,
                                  "Actual Rows": 176522,
                                  "Actual Loops": 1,
                                  "Index Cond": "(company_id > 121534)"
                                }
                              ]
                            }
                          ]
                        }
                      ]
                    },
                    {
                      "Node Type": "Index Scan",
                      "Parent Relationship": "Inner",
                      "Parallel Aware": false,
                      "Scan Direction": "Forward",
                      "Index Name": "movie_id_movie_info",
                      "Relation Name": "movie_info",
                      "Alias": "mi",
                      "Startup Cost": 0.43,
                      "Total Cost": 1.62,
                      "Plan Rows": 36,
                      "Plan Width": 4,
                      "Actual Startup Time": 0.004,
                      "Actual Total Time": 0.012,
                      "Actual Rows": 14,
                      "Actual Loops": 176522,
                      "Index Cond": "(movie_id = t.id)",
                      "Rows Removed by Index Recheck": 0,
                      "Filter": "(info_type_id < 18)",
                      "Rows Removed by Filter": 4
                    }
                  ]
                }
              ]
            }
          ]
        }
      ]
    },
    "Planning Time": 1.587,
    "Triggers": [],
    "Execution Time": 783.552
  }
]