[
  {
    "Plan": {
      "Node Type": "Aggregate",
      "Strategy": "Plain",
      "Partial Mode": "Finalize",
      "Parallel Aware": false,
      "Startup Cost": 350386.72,
      "Total Cost": 350386.73,
      "Plan Rows": 1,
      "Plan Width": 8,
      "Actual Startup Time": 867.815,
      "Actual Total Time": 913.343,
      "Actual Rows": 1,
      "Actual Loops": 1,
      "Plans": [
        {
          "Node Type": "Gather",
          "Parent Relationship": "Outer",
          "Parallel Aware": false,
          "Startup Cost": 350386.1,
          "Total Cost": 350386.71,
          "Plan Rows": 6,
          "Plan Width": 8,
          "Actual Startup Time": 867.627,
          "Actual Total Time": 913.333,
          "Actual Rows": 7,
          "Actual Loops": 1,
          "Workers Planned": 6,
          "Workers Launched": 6,
          "Single Copy": false,
          "Plans": [
            {
              "Node Type": "Aggregate",
              "Strategy": "Plain",
              "Partial Mode": "Partial",
              "Parent Relationship": "Outer",
              "Parallel Aware": false,
              "Startup Cost": 349386.1,
              "Total Cost": 349386.11,
              "Plan Rows": 1,
              "Plan Width": 8,
              "Actual Startup Time": 862.434,
              "Actual Total Time": 862.436,
              "Actual Rows": 1,
              "Actual Loops": 7,
              "Plans": [
                {
                  "Node Type": "Seq Scan",
                  "Parent Relationship": "Outer",
                  "Parallel Aware": true,
                  "Relation Name": "cast_info",
                  "Alias": "ci",
                  "Startup Cost": 0.0,
                  "Total Cost": 343316.27,
                  "Plan Rows": 2427930,
                  "Plan Width": 0,
                  "Actual Startup Time": 413.248,
                  "Actual Total Time": 761.762,
                  "Actual Rows": 1840159,
                  "Actual Loops": 7,
                  "Filter": "((person_id < 3465286) AND (role_id > 2))",
                  "Rows Removed by Filter": 3337605
                }
              ]
            }
          ]
        }
      ]
    },
    "Planning Time": 0.125,
    "Triggers": [],
    "Execution Time": 913.394
  }
]