[
  {
    "Plan": {
      "Node Type": "Aggregate",
      "Strategy": "Plain",
      "Partial Mode": "Finalize",
      "Parallel Aware": false,
      "Startup Cost": 33178.05,
      "Total Cost": 33178.06,
      "Plan Rows": 1,
      "Plan Width": 8,
      "Actual Startup Time": 113.339,
      "Actual Total Time": 123.004,
      "Actual Rows": 1,
      "Actual Loops": 1,
      "Plans": [
        {
          "Node Type": "Gather",
          "Parent Relationship": "Outer",
          "Parallel Aware": false,
          "Startup Cost": 33177.73,
          "Total Cost": 33178.04,
          "Plan Rows": 3,
          "Plan Width": 8,
          "Actual Startup Time": 113.214,
          "Actual Total Time": 122.992,
          "Actual Rows": 4,
          "Actual Loops": 1,
          "Workers Planned": 3,
          "Workers Launched": 3,
          "Single Copy": false,
          "Plans": [
            {
              "Node Type": "Aggregate",
              "Strategy": "Plain",
              "Partial Mode": "Partial",
              "Parent Relationship": "Outer",
              "Parallel Aware": false,
              "Startup Cost": 32177.73,
              "Total Cost": 32177.74,
              "Plan Rows": 1,
              "Plan Width": 8,
              "Actual Startup Time": 109.563,
              "Actual Total Time": 109.564,
              "Actual Rows": 1,
              "Actual Loops": 4,
              "Plans": [
                {
                  "Node Type": "Seq Scan",
                  "Parent Relationship": "Outer",
                  "Parallel Aware": true,
                  "Relation Name": "movie_companies",
                  "Alias": "mc",
                  "Startup Cost": 0.0,
                  "Total Cost": 31414.82,
                  "Plan Rows": 305165,
                  "Plan Width": 0,
                  "Actual Startup Time": 0.017,
                  "Actual Total Time": 92.263,
                  "Actual Rows": 312246,
                  "Actual Loops": 4,
                  "Filter": "((company_id < 50871) AND (company_type_id = 1))",
                  "Rows Removed by Filter": 340036
                }
              ]
            }
          ]
        }
      ]
    },
    "Planning Time": 0.145,
    "Triggers": [],
    "Execution Time": 123.066
  }
]