{
  "Plan": {
    "Node Type": "Aggregate",
    "Strategy": "Plain",
    "Partial Mode": "Finalize",
    "Parallel Aware": false,
    "Startup Cost": 479686.73,
    "Total Cost": 479686.74,
    "Plan Rows": 1,
    "Plan Width": 8,
    "Actual Startup Time": 3274.093,
    "Actual Total Time": 3328.719,
    "Actual Rows": 1,
    "Actual Loops": 1,
    "Plans": [
      {
        "Node Type": "Gather",
        "Parent Relationship": "Outer",
        "Parallel Aware": false,
        "Startup Cost": 479686.61,
        "Total Cost": 479686.72,
        "Plan Rows": 1,
        "Plan Width": 8,
        "Actual Startup Time": 3268.318,
        "Actual Total Time": 3328.708,
        "Actual Rows": 2,
        "Actual Loops": 1,
        "Workers Planned": 1,
        "Workers Launched": 1,
        "Single Copy": false,
        "Plans": [
          {
            "Node Type": "Aggregate",
            "Strategy": "Plain",
            "Partial Mode": "Partial",
            "Parent Relationship": "Outer",
            "Parallel Aware": false,
            "Startup Cost": 478686.61,
            "Total Cost": 478686.62,
            "Plan Rows": 1,
            "Plan Width": 8,
            "Actual Startup Time": 3260.835,
            "Actual Total Time": 3262.383,
            "Actual Rows": 1,
            "Actual Loops": 2,
            "Plans": [
              {
                "Node Type": "Hash Join",
                "Parent Relationship": "Outer",
                "Parallel Aware": true,
                "Join Type": "Inner",
                "Startup Cost": 145112.75,
                "Total Cost": 463175.72,
                "Plan Rows": 6204358,
                "Plan Width": 0,
                "Actual Startup Time": 851.353,
                "Actual Total Time": 2973.612,
                "Actual Rows": 7378333,
                "Actual Loops": 2,
                "Inner Unique": false,
                "Hash Cond": "(mi.movie_id = t.id)",
                "Plans": [
                  {
                    "Node Type": "Seq Scan",
                    "Parent Relationship": "Outer",
                    "Parallel Aware": true,
                    "Relation Name": "movie_info",
                    "Alias": "mi",
                    "Startup Cost": 0.0,
                    "Total Cost": 248955.74,
                    "Plan Rows": 8696274,
                    "Plan Width": 4,
                    "Actual Startup Time": 0.016,
                    "Actual Total Time": 611.857,
                    "Actual Rows": 7417860,
                    "Actual Loops": 2
                  },
                  {
                    "Node Type": "Hash",
                    "Parent Relationship": "Inner",
                    "Parallel Aware": true,
                    "Startup Cost": 131849.43,
                    "Total Cost": 131849.43,
                    "Plan Rows": 1061065,
                    "Plan Width": 8,
                    "Actual Startup Time": 836.311,
                    "Actual Total Time": 837.857,
                    "Actual Rows": 482845,
                    "Actual Loops": 2,
                    "Hash Buckets": 2097152,
                    "Original Hash Buckets": 2097152,
                    "Hash Batches": 1,
                    "Original Hash Batches": 1,
                    "Peak Memory Usage": 54176,
                    "Plans": [
                      {
                        "Node Type": "Hash Join",
                        "Parent Relationship": "Outer",
                        "Parallel Aware": true,
                        "Join Type": "Inner",
                        "Startup Cost": 69509.14,
                        "Total Cost": 131849.43,
                        "Plan Rows": 1061065,
                        "Plan Width": 8,
                        "Actual Startup Time": 373.294,
                        "Actual Total Time": 745.451,
                        "Actual Rows": 482845,
                        "Actual Loops": 2,
                        "Inner Unique": true,
                        "Hash Cond": "(mk.movie_id = t.id)",
                        "Plans": [
                          {
                            "Node Type": "Seq Scan",
                            "Parent Relationship": "Outer",
                            "Parallel Aware": true,
                            "Relation Name": "movie_keyword",
                            "Alias": "mk",
                            "Startup Cost": 0.0,
                            "Total Cost": 57718.19,
                            "Plan Rows": 1760796,
                            "Plan Width": 4,
                            "Actual Startup Time": 0.207,
                            "Actual Total Time": 195.733,
                            "Actual Rows": 1486750,
                            "Actual Loops": 2,
                            "Filter": "(keyword_id > 2276)",
                            "Rows Removed by Filter": 775214
                          },
                          {
                            "Node Type": "Hash",
                            "Parent Relationship": "Inner",
                            "Parallel Aware": true,
                            "Startup Cost": 58306.47,
                            "Total Cost": 58306.47,
                            "Plan Rows": 896214,
                            "Plan Width": 4,
                            "Actual Startup Time": 365.309,
                            "Actual Total Time": 365.309,
                            "Actual Rows": 753616,
                            "Actual Loops": 2,
                            "Hash Buckets": 2097152,
                            "Original Hash Buckets": 2097152,
                            "Hash Batches": 1,
                            "Original Hash Batches": 1,
                            "Peak Memory Usage": 75360,
                            "Plans": [
                              {
                                "Node Type": "Seq Scan",
                                "Parent Relationship": "Outer",
                                "Parallel Aware": true,
                                "Relation Name": "title",
                                "Alias": "t",
                                "Startup Cost": 0.0,
                                "Total Cost": 58306.47,
                                "Plan Rows": 896214,
                                "Plan Width": 4,
                                "Actual Startup Time": 0.03,
                                "Actual Total Time": 170.264,
                                "Actual Rows": 753616,
                                "Actual Loops": 2,
                                "Filter": "((kind_id > 1) AND (production_year < 2011))",
                                "Rows Removed by Filter": 510540
                              }
                            ]
                          }
                        ]
                      }
                    ]
                  }
                ]
              }
            ]
          }
        ]
      }
    ]
  },
  "Planning Time": 1.014,
  "Triggers": [],
  "Execution Time": 3328.807
}