[
  {
    "Plan": {
      "Node Type": "Aggregate",
      "Strategy": "Plain",
      "Partial Mode": "Simple",
      "Parallel Aware": false,
      "Startup Cost": 988.09,
      "Total Cost": 988.1,
      "Plan Rows": 1,
      "Plan Width": 8,
      "Actual Startup Time": 0.148,
      "Actual Total Time": 0.149,
      "Actual Rows": 1,
      "Actual Loops": 1,
      "Plans": [
        {
          "Node Type": "Index Scan",
          "Parent Relationship": "Outer",
          "Parallel Aware": false,
          "Scan Direction": "Forward",
          "Index Name": "person_id_cast_info",
          "Relation Name": "cast_info",
          "Alias": "ci",
          "Startup Cost": 0.56,
          "Total Cost": 987.07,
          "Plan Rows": 408,
          "Plan Width": 0,
          "Actual Startup Time": 0.135,
          "Actual Total Time": 0.141,
          "Actual Rows": 5,
          "Actual Loops": 1,
          "Index Cond": "(person_id = 252840)",
          "Rows Removed by Index Recheck": 0,
          "Filter": "(role_id < 9)",
          "Rows Removed by Filter": 0
        }
      ]
    },
    "Planning Time": 0.231,
    "Triggers": [],
    "Execution Time": 0.198
  }
]