{
  "Plan": {
    "Node Type": "Aggregate",
    "Strategy": "Plain",
    "Partial Mode": "Finalize",
    "Parallel Aware": false,
    "Startup Cost": 93587.88,
    "Total Cost": 93587.89,
    "Plan Rows": 1,
    "Plan Width": 8,
    "Actual Startup Time": 231.302,
    "Actual Total Time": 239.466,
    "Actual Rows": 1,
    "Actual Loops": 1,
    "Plans": [
      {
        "Node Type": "Gather",
        "Parent Relationship": "Outer",
        "Parallel Aware": false,
        "Startup Cost": 93587.77,
        "Total Cost": 93587.88,
        "Plan Rows": 1,
        "Plan Width": 8,
        "Actual Startup Time": 230.994,
        "Actual Total Time": 239.458,
        "Actual Rows": 2,
        "Actual Loops": 1,
        "Workers Planned": 1,
        "Workers Launched": 1,
        "Single Copy": false,
        "Plans": [
          {
            "Node Type": "Aggregate",
            "Strategy": "Plain",
            "Partial Mode": "Partial",
            "Parent Relationship": "Outer",
            "Parallel Aware": false,
            "Startup Cost": 92587.77,
            "Total Cost": 92587.78,
            "Plan Rows": 1,
            "Plan Width": 8,
            "Actual Startup Time": 225.34,
            "Actual Total Time": 225.345,
            "Actual Rows": 1,
            "Actual Loops": 2,
            "Plans": [
              {
                "Node Type": "Hash Join",
                "Parent Relationship": "Outer",
                "Parallel Aware": true,
                "Join Type": "Inner",
                "Startup Cost": 68002.68,
                "Total Cost": 92575.44,
                "Plan Rows": 4931,
                "Plan Width": 0,
                "Actual Startup Time": 128.851,
                "Actual Total Time": 224.9,
                "Actual Rows": 6704,
                "Actual Loops": 2,
                "Inner Unique": true,
                "Hash Cond": "(mc.movie_id = t.id)",
                "Plans": [
                  {
                    "Node Type": "Bitmap Heap Scan",
                    "Parent Relationship": "Outer",
                    "Parallel Aware": true,
                    "Relation Name": "movie_companies",
                    "Alias": "mc",
                    "Startup Cost": 14081.64,
                    "Total Cost": 37650.78,
                    "Plan Rows": 382331,
                    "Plan Width": 4,
                    "Actual Startup Time": 35.468,
                    "Actual Total Time": 93.9,
                    "Actual Rows": 331074,
                    "Actual Loops": 2,
                    "Recheck Cond": "(company_id > 52091)",
                    "Rows Removed by Index Recheck": 0,
                    "Exact Heap Blocks": 7877,
                    "Lossy Heap Blocks": 0,
                    "Plans": [
                      {
                        "Node Type": "Bitmap Index Scan",
                        "Parent Relationship": "Outer",
                        "Parallel Aware": false,
                        "Index Name": "company_id_movie_companies",
                        "Startup Cost": 0.0,
                        "Total Cost": 13919.15,
                        "Plan Rows": 649963,
                        "Plan Width": 0,
                        "Actual Startup Time": 33.868,
                        "Actual Total Time": 33.869,
                        "Actual Rows": 662148,
                        "Actual Loops": 1,
                        "Index Cond": "(company_id > 52091)"
                      }
                    ]
                  },
                  {
                    "Node Type": "Hash",
                    "Parent Relationship": "Inner",
                    "Parallel Aware": true,
                    "Startup Cost": 53681.26,
                    "Total Cost": 53681.26,
                    "Plan Rows": 19182,
                    "Plan Width": 4,
                    "Actual Startup Time": 92.808,
                    "Actual Total Time": 92.81,
                    "Actual Rows": 8886,
                    "Actual Loops": 2,
                    "Hash Buckets": 32768,
                    "Original Hash Buckets": 32768,
                    "Hash Batches": 1,
                    "Original Hash Batches": 1,
                    "Peak Memory Usage": 992,
                    "Plans": [
                      {
                        "Node Type": "Bitmap Heap Scan",
                        "Parent Relationship": "Outer",
                        "Parallel Aware": true,
                        "Relation Name": "title",
                        "Alias": "t",
                        "Startup Cost": 11831.0,
                        "Total Cost": 53681.26,
                        "Plan Rows": 19182,
                        "Plan Width": 4,
                        "Actual Startup Time": 26.138,
                        "Actual Total Time": 89.723,
                        "Actual Rows": 8886,
                        "Actual Loops": 2,
                        "Recheck Cond": "(kind_id = 1)",
                        "Rows Removed by Index Recheck": 0,
                        "Filter": "(production_year = 2007)",
                        "Rows Removed by Filter": 322526,
                        "Exact Heap Blocks": 9847,
                        "Lossy Heap Blocks": 0,
                        "Plans": [
                          {
                            "Node Type": "Bitmap Index Scan",
                            "Parent Relationship": "Outer",
                            "Parallel Aware": false,
                            "Index Name": "kind_id_title",
                            "Startup Cost": 0.0,
                            "Total Cost": 11822.85,
                            "Plan Rows": 663256,
                            "Plan Width": 0,
                            "Actual Startup Time": 29.5,
                            "Actual Total Time": 29.501,
                            "Actual Rows": 662825,
                            "Actual Loops": 1,
                            "Index Cond": "(kind_id = 1)"
                          }
                        ]
                      }
                    ]
                  }
                ]
              }
            ]
          }
        ]
      }
    ]
  },
  "Planning Time": 0.293,
  "Triggers": [],
  "Execution Time": 239.529
}