[
  {
    "Plan": {
      "Node Type": "Aggregate",
      "Strategy": "Plain",
      "Partial Mode": "Finalize",
      "Parallel Aware": false,
      "Startup Cost": 112589.81,
      "Total Cost": 112589.82,
      "Plan Rows": 1,
      "Plan Width": 8,
      "Actual Startup Time": 380.197,
      "Actual Total Time": 417.136,
      "Actual Rows": 1,
      "Actual Loops": 1,
      "Plans": [
        {
          "Node Type": "Gather",
          "Parent Relationship": "Outer",
          "Parallel Aware": false,
          "Startup Cost": 112589.49,
          "Total Cost": 112589.8,
          "Plan Rows": 3,
          "Plan Width": 8,
          "Actual Startup Time": 379.377,
          "Actual Total Time": 417.125,
          "Actual Rows": 4,
          "Actual Loops": 1,
          "Workers Planned": 3,
          "Workers Launched": 3,
          "Single Copy": false,
          "Plans": [
            {
              "Node Type": "Aggregate",
              "Strategy": "Plain",
              "Partial Mode": "Partial",
              "Parent Relationship": "Outer",
              "Parallel Aware": false,
              "Startup Cost": 111589.49,
              "Total Cost": 111589.5,
              "Plan Rows": 1,
              "Plan Width": 8,
              "Actual Startup Time": 369.996,
              "Actual Total Time": 370.001,
              "Actual Rows": 1,
              "Actual Loops": 4,
              "Plans": [
                {
                  "Node Type": "Nested Loop",
                  "Parent Relationship": "Outer",
                  "Parallel Aware": false,
                  "Join Type": "Inner",
                  "Startup Cost": 60333.62,
                  "Total Cost": 111474.01,
                  "Plan Rows": 46193,
                  "Plan Width": 0,
                  "Actual Startup Time": 158.499,
                  "Actual Total Time": 362.888,
                  "Actual Rows": 126549,
                  "Actual Loops": 4,
                  "Inner Unique": false,
                  "Join Filter": "(t.id = mi.movie_id)",
                  "Rows Removed by Join Filter": 0,
                  "Plans": [
                    {
                      "Node Type": "Hash Join",
                      "Parent Relationship": "Outer",
                      "Parallel Aware": true,
                      "Join Type": "Inner",
                      "Startup Cost": 60333.18,
                      "Total Cost": 88138.91,
                      "Plan Rows": 7900,
                      "Plan Width": 8,
                      "Actual Startup Time": 158.35,
                      "Actual Total Time": 241.931,
                      "Actual Rows": 4199,
                      "Actual Loops": 4,
                      "Inner Unique": true,
                      "Hash Cond": "(mk.movie_id = t.id)",
                      "Plans": [
                        {
                          "Node Type": "Bitmap Heap Scan",
                          "Parent Relationship": "Outer",
                          "Parallel Aware": true,
                          "Relation Name": "movie_keyword",
                          "Alias": "mk",
                          "Startup Cost": 14572.42,
                          "Total Cost": 41796.44,
                          "Plan Rows": 221602,
                          "Plan Width": 4,
                          "Actual Startup Time": 50.33,
                          "Actual Total Time": 106.033,
                          "Actual Rows": 173138,
                          "Actual Loops": 4,
                          "Recheck Cond": "(keyword_id < 574)",
                          "Rows Removed by Index Recheck": 0,
                          "Exact Heap Blocks": 6617,
                          "Lossy Heap Blocks": 0,
                          "Plans": [
                            {
                              "Node Type": "Bitmap Index Scan",
                              "Parent Relationship": "Outer",
                              "Parallel Aware": false,
                              "Index Name": "keyword_id_movie_keyword",
                              "Startup Cost": 0.0,
                              "Total Cost": 14400.68,
                              "Plan Rows": 686966,
                              "Plan Width": 0,
                              "Actual Startup Time": 46.43,
                              "Actual Total Time": 46.431,
                              "Actual Rows": 692553,
                              "Actual Loops": 1,
                              "Index Cond": "(keyword_id < 574)"
                            }
                          ]
                        },
                        {
                          "Node Type": "Hash",
                          "Parent Relationship": "Inner",
                          "Parallel Aware": true,
                          "Startup Cost": 45479.1,
                          "Total Cost": 45479.1,
                          "Plan Rows": 22533,
                          "Plan Width": 4,
                          "Actual Startup Time": 106.083,
                          "Actual Total Time": 106.084,
                          "Actual Rows": 20248,
                          "Actual Loops": 4,
                          "Hash Buckets": 131072,
                          "Original Hash Buckets": 131072,
                          "Hash Batches": 1,
                          "Original Hash Batches": 1,
                          "Peak Memory Usage": 4288,
                          "Plans": [
                            {
                              "Node Type": "Seq Scan",
                              "Parent Relationship": "Outer",
                              "Parallel Aware": true,
                              "Relation Name": "title",
                              "Alias": "t",
                              "Startup Cost": 0.0,
                              "Total Cost": 45479.1,
                              "Plan Rows": 22533,
                              "Plan Width": 4,
                              "Actual Startup Time": 0.144,
                              "Actual Total Time": 98.376,
                              "Actual Rows": 20248,
                              "Actual Loops": 4,
                              "Filter": "((kind_id < 7) AND (production_year > 2011))",
                              "Rows Removed by Filter": 611830
                            }
                          ]
                        }
                      ]
                    },
                    {
                      "Node Type": "Index Only Scan",
                      "Parent Relationship": "Inner",
                      "Parallel Aware": false,
                      "Scan Direction": "Forward",
                      "Index Name": "movie_id_movie_info",
                      "Relation Name": "movie_info",
                      "Alias": "mi",
                      "Startup Cost": 0.43,
                      "Total Cost": 2.43,
                      "Plan Rows": 42,
                      "Plan Width": 4,
                      "Actual Startup Time": 0.008,
                      "Actual Total Time": 0.025,
                      "Actual Rows": 30,
                      "Actual Loops": 16797,
                      "Index Cond": "(movie_id = mk.movie_id)",
                      "Rows Removed by Index Recheck": 0,
                      "Heap Fetches": 506197
                    }
                  ]
                }
              ]
            }
          ]
        }
      ]
    },
    "Planning Time": 1.385,
    "Triggers": [],
    "Execution Time": 417.258
  }
]