[
  {
    "Plan": {
      "Node Type": "Aggregate",
      "Strategy": "Plain",
      "Partial Mode": "Finalize",
      "Parallel Aware": false,
      "Startup Cost": 305824.23,
      "Total Cost": 305824.24,
      "Plan Rows": 1,
      "Plan Width": 8,
      "Actual Startup Time": 483.504,
      "Actual Total Time": 509.002,
      "Actual Rows": 1,
      "Actual Loops": 1,
      "Plans": [
        {
          "Node Type": "Gather",
          "Parent Relationship": "Outer",
          "Parallel Aware": false,
          "Startup Cost": 305823.6,
          "Total Cost": 305824.21,
          "Plan Rows": 6,
          "Plan Width": 8,
          "Actual Startup Time": 483.068,
          "Actual Total Time": 508.993,
          "Actual Rows": 7,
          "Actual Loops": 1,
          "Workers Planned": 6,
          "Workers Launched": 6,
          "Single Copy": false,
          "Plans": [
            {
              "Node Type": "Aggregate",
              "Strategy": "Plain",
              "Partial Mode": "Partial",
              "Parent Relationship": "Outer",
              "Parallel Aware": false,
              "Startup Cost": 304823.6,
              "Total Cost": 304823.61,
              "Plan Rows": 1,
              "Plan Width": 8,
              "Actual Startup Time": 472.28,
              "Actual Total Time": 472.283,
              "Actual Rows": 1,
              "Actual Loops": 7,
              "Plans": [
                {
                  "Node Type": "Hash Join",
                  "Parent Relationship": "Outer",
                  "Parallel Aware": true,
                  "Join Type": "Inner",
                  "Startup Cost": 45616.71,
                  "Total Cost": 304756.64,
                  "Plan Rows": 26787,
                  "Plan Width": 0,
                  "Actual Startup Time": 75.443,
                  "Actual Total Time": 470.866,
                  "Actual Rows": 23114,
                  "Actual Loops": 7,
                  "Inner Unique": true,
                  "Hash Cond": "(ci.movie_id = t.id)",
                  "Plans": [
                    {
                      "Node Type": "Index Scan",
                      "Parent Relationship": "Outer",
                      "Parallel Aware": true,
                      "Scan Direction": "Forward",
                      "Index Name": "role_id_cast_info",
                      "Relation Name": "cast_info",
                      "Alias": "ci",
                      "Startup Cost": 0.56,
                      "Total Cost": 255086.64,
                      "Plan Rows": 1544318,
                      "Plan Width": 4,
                      "Actual Startup Time": 0.079,
                      "Actual Total Time": 264.117,
                      "Actual Rows": 1221498,
                      "Actual Loops": 7,
                      "Index Cond": "(role_id > 4)",
                      "Rows Removed by Index Recheck": 0,
                      "Filter": "(person_id < 3901624)",
                      "Rows Removed by Filter": 119174
                    },
                    {
                      "Node Type": "Hash",
                      "Parent Relationship": "Inner",
                      "Parallel Aware": true,
                      "Startup Cost": 45479.1,
                      "Total Cost": 45479.1,
                      "Plan Rows": 10964,
                      "Plan Width": 4,
                      "Actual Startup Time": 74.129,
                      "Actual Total Time": 74.13,
                      "Actual Rows": 4844,
                      "Actual Loops": 7,
                      "Hash Buckets": 65536,
                      "Original Hash Buckets": 65536,
                      "Hash Batches": 1,
                      "Original Hash Batches": 1,
                      "Peak Memory Usage": 1920,
                      "Plans": [
                        {
                          "Node Type": "Seq Scan",
                          "Parent Relationship": "Outer",
                          "Parallel Aware": true,
                          "Relation Name": "title",
                          "Alias": "t",
                          "Startup Cost": 0.0,
                          "Total Cost": 45479.1,
                          "Plan Rows": 10964,
                          "Plan Width": 4,
                          "Actual Startup Time": 0.222,
                          "Actual Total Time": 71.789,
                          "Actual Rows": 4844,
                          "Actual Loops": 7,
                          "Filter": "((kind_id < 7) AND (production_year = 2006))",
                          "Rows Removed by Filter": 356344
                        }
                      ]
                    }
                  ]
                }
              ]
            }
          ]
        }
      ]
    },
    "Planning Time": 0.684,
    "Triggers": [],
    "Execution Time": 509.089
  }
]