[
  {
    "Plan": {
      "Node Type": "Aggregate",
      "Strategy": "Plain",
      "Partial Mode": "Finalize",
      "Parallel Aware": false,
      "Startup Cost": 76658.28,
      "Total Cost": 76658.29,
      "Plan Rows": 1,
      "Plan Width": 8,
      "Actual Startup Time": 244.933,
      "Actual Total Time": 261.69,
      "Actual Rows": 1,
      "Actual Loops": 1,
      "Plans": [
        {
          "Node Type": "Gather",
          "Parent Relationship": "Outer",
          "Parallel Aware": false,
          "Startup Cost": 76657.96,
          "Total Cost": 76658.27,
          "Plan Rows": 3,
          "Plan Width": 8,
          "Actual Startup Time": 244.279,
          "Actual Total Time": 261.68,
          "Actual Rows": 4,
          "Actual Loops": 1,
          "Workers Planned": 3,
          "Workers Launched": 3,
          "Single Copy": false,
          "Plans": [
            {
              "Node Type": "Aggregate",
              "Strategy": "Plain",
              "Partial Mode": "Partial",
              "Parent Relationship": "Outer",
              "Parallel Aware": false,
              "Startup Cost": 75657.96,
              "Total Cost": 75657.97,
              "Plan Rows": 1,
              "Plan Width": 8,
              "Actual Startup Time": 240.878,
              "Actual Total Time": 240.881,
              "Actual Rows": 1,
              "Actual Loops": 4,
              "Plans": [
                {
                  "Node Type": "Hash Join",
                  "Parent Relationship": "Outer",
                  "Parallel Aware": true,
                  "Join Type": "Inner",
                  "Startup Cost": 44236.71,
                  "Total Cost": 75575.49,
                  "Plan Rows": 32990,
                  "Plan Width": 0,
                  "Actual Startup Time": 97.42,
                  "Actual Total Time": 239.691,
                  "Actual Rows": 22401,
                  "Actual Loops": 4,
                  "Inner Unique": true,
                  "Hash Cond": "(mc.movie_id = t.id)",
                  "Plans": [
                    {
                      "Node Type": "Seq Scan",
                      "Parent Relationship": "Outer",
                      "Parallel Aware": true,
                      "Relation Name": "movie_companies",
                      "Alias": "mc",
                      "Startup Cost": 0.0,
                      "Total Cost": 29310.68,
                      "Plan Rows": 772608,
                      "Plan Width": 4,
                      "Actual Startup Time": 0.01,
                      "Actual Total Time": 75.592,
                      "Actual Rows": 599636,
                      "Actual Loops": 4,
                      "Filter": "(company_id < 110356)",
                      "Rows Removed by Filter": 52646
                    },
                    {
                      "Node Type": "Hash",
                      "Parent Relationship": "Inner",
                      "Parallel Aware": true,
                      "Startup Cost": 43899.32,
                      "Total Cost": 43899.32,
                      "Plan Rows": 26991,
                      "Plan Width": 4,
                      "Actual Startup Time": 96.782,
                      "Actual Total Time": 96.782,
                      "Actual Rows": 27107,
                      "Actual Loops": 4,
                      "Hash Buckets": 131072,
                      "Original Hash Buckets": 131072,
                      "Hash Batches": 1,
                      "Original Hash Batches": 1,
                      "Peak Memory Usage": 5344,
                      "Plans": [
                        {
                          "Node Type": "Seq Scan",
                          "Parent Relationship": "Outer",
                          "Parallel Aware": true,
                          "Relation Name": "title",
                          "Alias": "t",
                          "Startup Cost": 0.0,
                          "Total Cost": 43899.32,
                          "Plan Rows": 26991,
                          "Plan Width": 4,
                          "Actual Startup Time": 0.02,
                          "Actual Total Time": 87.32,
                          "Actual Rows": 27107,
                          "Actual Loops": 4,
                          "Filter": "(production_year = 2006)",
                          "Rows Removed by Filter": 604971
                        }
                      ]
                    }
                  ]
                }
              ]
            }
          ]
        }
      ]
    },
    "Planning Time": 0.405,
    "Triggers": [],
    "Execution Time": 261.721
  }
]