{
  "Plan": {
    "Node Type": "Aggregate",
    "Strategy": "Plain",
    "Partial Mode": "Finalize",
    "Parallel Aware": false,
    "Startup Cost": 262479.6,
    "Total Cost": 262479.61,
    "Plan Rows": 1,
    "Plan Width": 8,
    "Actual Startup Time": 869.807,
    "Actual Total Time": 891.963,
    "Actual Rows": 1,
    "Actual Loops": 1,
    "Plans": [
      {
        "Node Type": "Gather",
        "Parent Relationship": "Outer",
        "Parallel Aware": false,
        "Startup Cost": 262479.49,
        "Total Cost": 262479.6,
        "Plan Rows": 1,
        "Plan Width": 8,
        "Actual Startup Time": 863.25,
        "Actual Total Time": 891.954,
        "Actual Rows": 2,
        "Actual Loops": 1,
        "Workers Planned": 1,
        "Workers Launched": 1,
        "Single Copy": false,
        "Plans": [
          {
            "Node Type": "Aggregate",
            "Strategy": "Plain",
            "Partial Mode": "Partial",
            "Parent Relationship": "Outer",
            "Parallel Aware": false,
            "Startup Cost": 261479.49,
            "Total Cost": 261479.5,
            "Plan Rows": 1,
            "Plan Width": 8,
            "Actual Startup Time": 851.131,
            "Actual Total Time": 851.135,
            "Actual Rows": 1,
            "Actual Loops": 2,
            "Plans": [
              {
                "Node Type": "Hash Join",
                "Parent Relationship": "Outer",
                "Parallel Aware": true,
                "Join Type": "Inner",
                "Startup Cost": 88558.22,
                "Total Cost": 259929.38,
                "Plan Rows": 620044,
                "Plan Width": 0,
                "Actual Startup Time": 577.992,
                "Actual Total Time": 829.725,
                "Actual Rows": 500196,
                "Actual Loops": 2,
                "Inner Unique": true,
                "Hash Cond": "(mi.movie_id = t.id)",
                "Plans": [
                  {
                    "Node Type": "Bitmap Heap Scan",
                    "Parent Relationship": "Outer",
                    "Parallel Aware": true,
                    "Relation Name": "movie_info",
                    "Alias": "mi",
                    "Startup Cost": 19097.52,
                    "Total Cost": 188841.07,
                    "Plan Rows": 620044,
                    "Plan Width": 4,
                    "Actual Startup Time": 38.556,
                    "Actual Total Time": 125.832,
                    "Actual Rows": 500196,
                    "Actual Loops": 2,
                    "Recheck Cond": "(info_type_id > 88)",
                    "Rows Removed by Index Recheck": 0,
                    "Exact Heap Blocks": 18335,
                    "Lossy Heap Blocks": 0,
                    "Plans": [
                      {
                        "Node Type": "Bitmap Index Scan",
                        "Parent Relationship": "Outer",
                        "Parallel Aware": false,
                        "Index Name": "info_type_id_movie_info",
                        "Startup Cost": 0.0,
                        "Total Cost": 18834.0,
                        "Plan Rows": 1054075,
                        "Plan Width": 0,
                        "Actual Startup Time": 33.168,
                        "Actual Total Time": 33.169,
                        "Actual Rows": 1000392,
                        "Actual Loops": 1,
                        "Index Cond": "(info_type_id > 88)"
                      }
                    ]
                  },
                  {
                    "Node Type": "Hash",
                    "Parent Relationship": "Inner",
                    "Parallel Aware": true,
                    "Startup Cost": 50870.31,
                    "Total Cost": 50870.31,
                    "Plan Rows": 1487231,
                    "Plan Width": 4,
                    "Actual Startup Time": 517.106,
                    "Actual Total Time": 517.107,
                    "Actual Rows": 1264156,
                    "Actual Loops": 2,
                    "Hash Buckets": 4194304,
                    "Original Hash Buckets": 4194304,
                    "Hash Batches": 1,
                    "Original Hash Batches": 1,
                    "Peak Memory Usage": 131712,
                    "Plans": [
                      {
                        "Node Type": "Seq Scan",
                        "Parent Relationship": "Outer",
                        "Parallel Aware": true,
                        "Relation Name": "title",
                        "Alias": "t",
                        "Startup Cost": 0.0,
                        "Total Cost": 50870.31,
                        "Plan Rows": 1487231,
                        "Plan Width": 4,
                        "Actual Startup Time": 0.025,
                        "Actual Total Time": 151.445,
                        "Actual Rows": 1264156,
                        "Actual Loops": 2
                      }
                    ]
                  }
                ]
              }
            ]
          }
        ]
      }
    ]
  },
  "Planning Time": 0.661,
  "Triggers": [],
  "Execution Time": 892.052
}