[
  {
    "Plan": {
      "Node Type": "Aggregate",
      "Strategy": "Plain",
      "Partial Mode": "Finalize",
      "Parallel Aware": false,
      "Startup Cost": 407908.66,
      "Total Cost": 407908.67,
      "Plan Rows": 1,
      "Plan Width": 8,
      "Actual Startup Time": 1353.567,
      "Actual Total Time": 1421.776,
      "Actual Rows": 1,
      "Actual Loops": 1,
      "Plans": [
        {
          "Node Type": "Gather",
          "Parent Relationship": "Outer",
          "Parallel Aware": false,
          "Startup Cost": 407908.03,
          "Total Cost": 407908.64,
          "Plan Rows": 6,
          "Plan Width": 8,
          "Actual Startup Time": 1335.154,
          "Actual Total Time": 1421.764,
          "Actual Rows": 7,
          "Actual Loops": 1,
          "Workers Planned": 6,
          "Workers Launched": 6,
          "Single Copy": false,
          "Plans": [
            {
              "Node Type": "Aggregate",
              "Strategy": "Plain",
              "Partial Mode": "Partial",
              "Parent Relationship": "Outer",
              "Parallel Aware": false,
              "Startup Cost": 406908.03,
              "Total Cost": 406908.04,
              "Plan Rows": 1,
              "Plan Width": 8,
              "Actual Startup Time": 1323.816,
              "Actual Total Time": 1324.005,
              "Actual Rows": 1,
              "Actual Loops": 7,
              "Plans": [
                {
                  "Node Type": "Hash Join",
                  "Parent Relationship": "Outer",
                  "Parallel Aware": true,
                  "Join Type": "Inner",
                  "Startup Cost": 69832.41,
                  "Total Cost": 405542.55,
                  "Plan Rows": 546192,
                  "Plan Width": 0,
                  "Actual Startup Time": 337.45,
                  "Actual Total Time": 1276.772,
                  "Actual Rows": 979168,
                  "Actual Loops": 7,
                  "Inner Unique": false,
                  "Hash Cond": "(ci.movie_id = t.id)",
                  "Plans": [
                    {
                      "Node Type": "Seq Scan",
                      "Parent Relationship": "Outer",
                      "Parallel Aware": true,
                      "Relation Name": "cast_info",
                      "Alias": "ci",
                      "Startup Cost": 0.0,
                      "Total Cost": 328162.03,
                      "Plan Rows": 1405950,
                      "Plan Width": 4,
                      "Actual Startup Time": 0.023,
                      "Actual Total Time": 564.386,
                      "Actual Rows": 1224877,
                      "Actual Loops": 7,
                      "Filter": "(person_id < 842615)",
                      "Rows Removed by Filter": 3952887
                    },
                    {
                      "Node Type": "Hash",
                      "Parent Relationship": "Inner",
                      "Parallel Aware": true,
                      "Startup Cost": 64716.76,
                      "Total Cost": 64716.76,
                      "Plan Rows": 409252,
                      "Plan Width": 8,
                      "Actual Startup Time": 334.101,
                      "Actual Total Time": 334.288,
                      "Actual Rows": 134939,
                      "Actual Loops": 7,
                      "Hash Buckets": 1048576,
                      "Original Hash Buckets": 1048576,
                      "Hash Batches": 1,
                      "Original Hash Batches": 1,
                      "Peak Memory Usage": 45248,
                      "Plans": [
                        {
                          "Node Type": "Hash Join",
                          "Parent Relationship": "Outer",
                          "Parallel Aware": true,
                          "Join Type": "Inner",
                          "Startup Cost": 49522.2,
                          "Total Cost": 64716.76,
                          "Plan Rows": 409252,
                          "Plan Width": 8,
                          "Actual Startup Time": 204.192,
                          "Actual Total Time": 282.42,
                          "Actual Rows": 134939,
                          "Actual Loops": 7,
                          "Inner Unique": true,
                          "Hash Cond": "(mi_idx.movie_id = t.id)",
                          "Plans": [
                            {
                              "Node Type": "Seq Scan",
                              "Parent Relationship": "Outer",
                              "Parallel Aware": true,
                              "Relation Name": "movie_info_idx",
                              "Alias": "mi_idx",
                              "Startup Cost": 0.0,
                              "Total Cost": 13685.15,
                              "Plan Rows": 575015,
                              "Plan Width": 4,
                              "Actual Startup Time": 0.03,
                              "Actual Total Time": 21.098,
                              "Actual Rows": 197148,
                              "Actual Loops": 7
                            },
                            {
                              "Node Type": "Hash",
                              "Parent Relationship": "Inner",
                              "Parallel Aware": true,
                              "Startup Cost": 43898.92,
                              "Total Cost": 43898.92,
                              "Plan Rows": 449863,
                              "Plan Width": 4,
                              "Actual Startup Time": 201.447,
                              "Actual Total Time": 201.448,
                              "Actual Rows": 256198,
                              "Actual Loops": 7,
                              "Hash Buckets": 2097152,
                              "Original Hash Buckets": 2097152,
                              "Hash Batches": 1,
                              "Original Hash Batches": 1,
                              "Peak Memory Usage": 86688,
                              "Plans": [
                                {
                                  "Node Type": "Seq Scan",
                                  "Parent Relationship": "Outer",
                                  "Parallel Aware": true,
                                  "Relation Name": "title",
                                  "Alias": "t",
                                  "Startup Cost": 0.0,
                                  "Total Cost": 43898.92,
                                  "Plan Rows": 449863,
                                  "Plan Width": 4,
                                  "Actual Startup Time": 0.043,
                                  "Actual Total Time": 82.93,
                                  "Actual Rows": 256198,
                                  "Actual Loops": 7,
                                  "Filter": "(production_year > 1988)",
                                  "Rows Removed by Filter": 104990
                                }
                              ]
                            }
                          ]
                        }
                      ]
                    }
                  ]
                }
              ]
            }
          ]
        }
      ]
    },
    "Planning Time": 1.231,
    "Triggers": [],
    "Execution Time": 1421.872
  }
]