[
    {
        "Bao": {
            "Bao prediction": "NaN",
            "Bao recommended hint": "(no hint)"
        }
    },
    {
        "Plan": {
            "Node Type": "Aggregate",
            "Strategy": "Plain",
            "Partial Mode": "Finalize",
            "Parallel Aware": false,
            "Startup Cost": 33398.64,
            "Total Cost": 33398.65,
            "Plan Rows": 1,
            "Plan Width": 8,
            "Actual Startup Time": 100.733,
            "Actual Total Time": 104.414,
            "Actual Rows": 1,
            "Actual Loops": 1,
            "Output": [
                "count(*)"
            ],
            "Plans": [
                {
                    "Node Type": "Gather",
                    "Parent Relationship": "Outer",
                    "Parallel Aware": false,
                    "Startup Cost": 33398.32,
                    "Total Cost": 33398.63,
                    "Plan Rows": 3,
                    "Plan Width": 8,
                    "Actual Startup Time": 100.614,
                    "Actual Total Time": 104.405,
                    "Actual Rows": 4,
                    "Actual Loops": 1,
                    "Output": [
                        "(PARTIAL count(*))"
                    ],
                    "Workers Planned": 3,
                    "Workers Launched": 3,
                    "Single Copy": false,
                    "Plans": [
                        {
                            "Node Type": "Aggregate",
                            "Strategy": "Plain",
                            "Partial Mode": "Partial",
                            "Parent Relationship": "Outer",
                            "Parallel Aware": false,
                            "Startup Cost": 32398.32,
                            "Total Cost": 32398.33,
                            "Plan Rows": 1,
                            "Plan Width": 8,
                            "Actual Startup Time": 92.76,
                            "Actual Total Time": 92.761,
                            "Actual Rows": 1,
                            "Actual Loops": 4,
                            "Output": [
                                "PARTIAL count(*)"
                            ],
                            "Workers": [
                                {
                                    "Worker Number": 0,
                                    "Actual Startup Time": 90.055,
                                    "Actual Total Time": 90.055,
                                    "Actual Rows": 1,
                                    "Actual Loops": 1
                                },
                                {
                                    "Worker Number": 1,
                                    "Actual Startup Time": 90.275,
                                    "Actual Total Time": 90.277,
                                    "Actual Rows": 1,
                                    "Actual Loops": 1
                                },
                                {
                                    "Worker Number": 2,
                                    "Actual Startup Time": 90.415,
                                    "Actual Total Time": 90.417,
                                    "Actual Rows": 1,
                                    "Actual Loops": 1
                                }
                            ],
                            "Plans": [
                                {
                                    "Node Type": "Seq Scan",
                                    "Parent Relationship": "Outer",
                                    "Parallel Aware": true,
                                    "Relation Name": "movie_companies",
                                    "Schema": "public",
                                    "Alias": "mc",
                                    "Startup Cost": 0.0,
                                    "Total Cost": 31414.82,
                                    "Plan Rows": 393400,
                                    "Plan Width": 0,
                                    "Actual Startup Time": 43.58,
                                    "Actual Total Time": 80.262,
                                    "Actual Rows": 278308,
                                    "Actual Loops": 4,
                                    "Output": [
                                        "id",
                                        "movie_id",
                                        "company_id",
                                        "company_type_id",
                                        "note"
                                    ],
                                    "Filter": "((mc.company_id < 107523) AND (mc.company_type_id > 1))",
                                    "Rows Removed by Filter": 373974,
                                    "Workers": [
                                        {
                                            "Worker Number": 0,
                                            "Actual Startup Time": 40.871,
                                            "Actual Total Time": 77.848,
                                            "Actual Rows": 298258,
                                            "Actual Loops": 1
                                        },
                                        {
                                            "Worker Number": 1,
                                            "Actual Startup Time": 41.098,
                                            "Actual Total Time": 78.08,
                                            "Actual Rows": 299703,
                                            "Actual Loops": 1
                                        },
                                        {
                                            "Worker Number": 2,
                                            "Actual Startup Time": 41.242,
                                            "Actual Total Time": 78.193,
                                            "Actual Rows": 301042,
                                            "Actual Loops": 1
                                        }
                                    ]
                                }
                            ]
                        }
                    ]
                }
            ]
        },
        "Planning Time": 300.028,
        "Triggers": [],
        "Execution Time": 104.485
    }
]