[
  {
    "Plan": {
      "Node Type": "Aggregate",
      "Strategy": "Plain",
      "Partial Mode": "Finalize",
      "Parallel Aware": false,
      "Startup Cost": 39665.97,
      "Total Cost": 39665.98,
      "Plan Rows": 1,
      "Plan Width": 8,
      "Actual Startup Time": 39.938,
      "Actual Total Time": 45.253,
      "Actual Rows": 1,
      "Actual Loops": 1,
      "Plans": [
        {
          "Node Type": "Gather",
          "Parent Relationship": "Outer",
          "Parallel Aware": false,
          "Startup Cost": 39665.55,
          "Total Cost": 39665.96,
          "Plan Rows": 4,
          "Plan Width": 8,
          "Actual Startup Time": 39.666,
          "Actual Total Time": 45.248,
          "Actual Rows": 5,
          "Actual Loops": 1,
          "Workers Planned": 4,
          "Workers Launched": 4,
          "Single Copy": false,
          "Plans": [
            {
              "Node Type": "Aggregate",
              "Strategy": "Plain",
              "Partial Mode": "Partial",
              "Parent Relationship": "Outer",
              "Parallel Aware": false,
              "Startup Cost": 38665.55,
              "Total Cost": 38665.56,
              "Plan Rows": 1,
              "Plan Width": 8,
              "Actual Startup Time": 32.703,
              "Actual Total Time": 32.704,
              "Actual Rows": 1,
              "Actual Loops": 5,
              "Plans": [
                {
                  "Node Type": "Bitmap Heap Scan",
                  "Parent Relationship": "Outer",
                  "Parallel Aware": true,
                  "Relation Name": "title",
                  "Alias": "t",
                  "Startup Cost": 2180.1,
                  "Total Cost": 38633.54,
                  "Plan Rows": 12804,
                  "Plan Width": 0,
                  "Actual Startup Time": 2.391,
                  "Actual Total Time": 32.106,
                  "Actual Rows": 6102,
                  "Actual Loops": 5,
                  "Recheck Cond": "(kind_id = 4)",
                  "Rows Removed by Index Recheck": 0,
                  "Filter": "(production_year < 2001)",
                  "Rows Removed by Filter": 17545,
                  "Exact Heap Blocks": 7032,
                  "Lossy Heap Blocks": 0,
                  "Plans": [
                    {
                      "Node Type": "Bitmap Index Scan",
                      "Parent Relationship": "Outer",
                      "Parallel Aware": false,
                      "Index Name": "kind_id_title",
                      "Startup Cost": 0.0,
                      "Total Cost": 2167.3,
                      "Plan Rows": 121449,
                      "Plan Width": 0,
                      "Actual Startup Time": 5.996,
                      "Actual Total Time": 5.996,
                      "Actual Rows": 118234,
                      "Actual Loops": 1,
                      "Index Cond": "(kind_id = 4)"
                    }
                  ]
                }
              ]
            }
          ]
        }
      ]
    },
    "Planning Time": 0.079,
    "Triggers": [],
    "Execution Time": 45.282
  }
]