[
  {
    "Plan": {
      "Node Type": "Aggregate",
      "Strategy": "Plain",
      "Partial Mode": "Finalize",
      "Parallel Aware": false,
      "Startup Cost": 39682.83,
      "Total Cost": 39682.84,
      "Plan Rows": 1,
      "Plan Width": 8,
      "Actual Startup Time": 59.833,
      "Actual Total Time": 65.012,
      "Actual Rows": 1,
      "Actual Loops": 1,
      "Plans": [
        {
          "Node Type": "Gather",
          "Parent Relationship": "Outer",
          "Parallel Aware": false,
          "Startup Cost": 39682.41,
          "Total Cost": 39682.82,
          "Plan Rows": 4,
          "Plan Width": 8,
          "Actual Startup Time": 59.572,
          "Actual Total Time": 65.005,
          "Actual Rows": 5,
          "Actual Loops": 1,
          "Workers Planned": 4,
          "Workers Launched": 4,
          "Single Copy": false,
          "Plans": [
            {
              "Node Type": "Aggregate",
              "Strategy": "Plain",
              "Partial Mode": "Partial",
              "Parent Relationship": "Outer",
              "Parallel Aware": false,
              "Startup Cost": 38682.41,
              "Total Cost": 38682.42,
              "Plan Rows": 1,
              "Plan Width": 8,
              "Actual Startup Time": 53.694,
              "Actual Total Time": 53.695,
              "Actual Rows": 1,
              "Actual Loops": 5,
              "Plans": [
                {
                  "Node Type": "Bitmap Heap Scan",
                  "Parent Relationship": "Outer",
                  "Parallel Aware": true,
                  "Relation Name": "title",
                  "Alias": "t",
                  "Startup Cost": 2193.86,
                  "Total Cost": 38650.11,
                  "Plan Rows": 12919,
                  "Plan Width": 0,
                  "Actual Startup Time": 18.032,
                  "Actual Total Time": 52.934,
                  "Actual Rows": 6102,
                  "Actual Loops": 5,
                  "Recheck Cond": "(kind_id = 4)",
                  "Rows Removed by Index Recheck": 0,
                  "Filter": "(production_year < 2001)",
                  "Rows Removed by Filter": 17545,
                  "Exact Heap Blocks": 7481,
                  "Lossy Heap Blocks": 0,
                  "Plans": [
                    {
                      "Node Type": "Bitmap Index Scan",
                      "Parent Relationship": "Outer",
                      "Parallel Aware": false,
                      "Index Name": "kind_id_title",
                      "Startup Cost": 0.0,
                      "Total Cost": 2180.94,
                      "Plan Rows": 122201,
                      "Plan Width": 0,
                      "Actual Startup Time": 18.008,
                      "Actual Total Time": 18.009,
                      "Actual Rows": 118234,
                      "Actual Loops": 1,
                      "Index Cond": "(kind_id = 4)"
                    }
                  ]
                }
              ]
            }
          ]
        }
      ]
    },
    "Planning Time": 0.19,
    "Triggers": [],
    "Execution Time": 65.096
  }
]