{
  "Plan": {
    "Node Type": "Aggregate",
    "Strategy": "Plain",
    "Partial Mode": "Finalize",
    "Parallel Aware": false,
    "Startup Cost": 351419.44,
    "Total Cost": 351419.45,
    "Plan Rows": 1,
    "Plan Width": 8,
    "Actual Startup Time": 875.63,
    "Actual Total Time": 904.67,
    "Actual Rows": 1,
    "Actual Loops": 1,
    "Plans": [
      {
        "Node Type": "Gather",
        "Parent Relationship": "Outer",
        "Parallel Aware": false,
        "Startup Cost": 351419.32,
        "Total Cost": 351419.43,
        "Plan Rows": 1,
        "Plan Width": 8,
        "Actual Startup Time": 870.738,
        "Actual Total Time": 904.658,
        "Actual Rows": 2,
        "Actual Loops": 1,
        "Workers Planned": 1,
        "Workers Launched": 1,
        "Single Copy": false,
        "Plans": [
          {
            "Node Type": "Aggregate",
            "Strategy": "Plain",
            "Partial Mode": "Partial",
            "Parent Relationship": "Outer",
            "Parallel Aware": false,
            "Startup Cost": 350419.32,
            "Total Cost": 350419.33,
            "Plan Rows": 1,
            "Plan Width": 8,
            "Actual Startup Time": 857.726,
            "Actual Total Time": 857.734,
            "Actual Rows": 1,
            "Actual Loops": 2,
            "Plans": [
              {
                "Node Type": "Hash Join",
                "Parent Relationship": "Outer",
                "Parallel Aware": true,
                "Join Type": "Inner",
                "Startup Cost": 331120.88,
                "Total Cost": 350359.26,
                "Plan Rows": 24026,
                "Plan Width": 0,
                "Actual Startup Time": 713.677,
                "Actual Total Time": 853.175,
                "Actual Rows": 90356,
                "Actual Loops": 2,
                "Inner Unique": false,
                "Hash Cond": "(mi_idx.movie_id = t.id)",
                "Plans": [
                  {
                    "Node Type": "Seq Scan",
                    "Parent Relationship": "Outer",
                    "Parallel Aware": true,
                    "Relation Name": "movie_info_idx",
                    "Alias": "mi_idx",
                    "Startup Cost": 0.0,
                    "Total Cost": 16052.85,
                    "Plan Rows": 811785,
                    "Plan Width": 4,
                    "Actual Startup Time": 0.026,
                    "Actual Total Time": 57.579,
                    "Actual Rows": 690018,
                    "Actual Loops": 2
                  },
                  {
                    "Node Type": "Hash",
                    "Parent Relationship": "Inner",
                    "Parallel Aware": true,
                    "Startup Cost": 330570.66,
                    "Total Cost": 330570.66,
                    "Plan Rows": 44018,
                    "Plan Width": 8,
                    "Actual Startup Time": 711.286,
                    "Actual Total Time": 711.292,
                    "Actual Rows": 80958,
                    "Actual Loops": 2,
                    "Hash Buckets": 262144,
                    "Original Hash Buckets": 131072,
                    "Hash Batches": 1,
                    "Original Hash Batches": 1,
                    "Peak Memory Usage": 9440,
                    "Plans": [
                      {
                        "Node Type": "Hash Join",
                        "Parent Relationship": "Outer",
                        "Parallel Aware": true,
                        "Join Type": "Inner",
                        "Startup Cost": 74225.71,
                        "Total Cost": 330570.66,
                        "Plan Rows": 44018,
                        "Plan Width": 8,
                        "Actual Startup Time": 619.503,
                        "Actual Total Time": 687.076,
                        "Actual Rows": 80958,
                        "Actual Loops": 2,
                        "Inner Unique": true,
                        "Hash Cond": "(ci.movie_id = t.id)",
                        "Plans": [
                          {
                            "Node Type": "Bitmap Heap Scan",
                            "Parent Relationship": "Outer",
                            "Parallel Aware": true,
                            "Relation Name": "cast_info",
                            "Alias": "ci",
                            "Startup Cost": 4765.01,
                            "Total Cost": 260994.41,
                            "Plan Rows": 44018,
                            "Plan Width": 4,
                            "Actual Startup Time": 13.327,
                            "Actual Total Time": 32.444,
                            "Actual Rows": 80958,
                            "Actual Loops": 2,
                            "Recheck Cond": "(person_id < 25278)",
                            "Rows Removed by Index Recheck": 0,
                            "Filter": "(role_id < 2)",
                            "Rows Removed by Filter": 26689,
                            "Exact Heap Blocks": 1091,
                            "Lossy Heap Blocks": 0,
                            "Plans": [
                              {
                                "Node Type": "Bitmap Index Scan",
                                "Parent Relationship": "Outer",
                                "Parallel Aware": false,
                                "Index Name": "person_id_cast_info",
                                "Startup Cost": 0.0,
                                "Total Cost": 4746.3,
                                "Plan Rows": 217298,
                                "Plan Width": 0,
                                "Actual Startup Time": 12.802,
                                "Actual Total Time": 12.803,
                                "Actual Rows": 215295,
                                "Actual Loops": 1,
                                "Index Cond": "(person_id < 25278)"
                              }
                            ]
                          },
                          {
                            "Node Type": "Hash",
                            "Parent Relationship": "Inner",
                            "Parallel Aware": true,
                            "Startup Cost": 50870.31,
                            "Total Cost": 50870.31,
                            "Plan Rows": 1487231,
                            "Plan Width": 4,
                            "Actual Startup Time": 585.314,
                            "Actual Total Time": 585.315,
                            "Actual Rows": 1264156,
                            "Actual Loops": 2,
                            "Hash Buckets": 4194304,
                            "Original Hash Buckets": 4194304,
                            "Hash Batches": 1,
                            "Original Hash Batches": 1,
                            "Peak Memory Usage": 131712,
                            "Plans": [
                              {
                                "Node Type": "Seq Scan",
                                "Parent Relationship": "Outer",
                                "Parallel Aware": true,
                                "Relation Name": "title",
                                "Alias": "t",
                                "Startup Cost": 0.0,
                                "Total Cost": 50870.31,
                                "Plan Rows": 1487231,
                                "Plan Width": 4,
                                "Actual Startup Time": 0.053,
                                "Actual Total Time": 180.353,
                                "Actual Rows": 1264156,
                                "Actual Loops": 2
                              }
                            ]
                          }
                        ]
                      }
                    ]
                  }
                ]
              }
            ]
          }
        ]
      }
    ]
  },
  "Planning Time": 1.194,
  "Triggers": [],
  "Execution Time": 904.782
}