{
  "Plan": {
    "Node Type": "Aggregate",
    "Strategy": "Plain",
    "Partial Mode": "Finalize",
    "Parallel Aware": false,
    "Startup Cost": 120257.3,
    "Total Cost": 120257.31,
    "Plan Rows": 1,
    "Plan Width": 8,
    "Actual Startup Time": 632.18,
    "Actual Total Time": 652.164,
    "Actual Rows": 1,
    "Actual Loops": 1,
    "Plans": [
      {
        "Node Type": "Gather",
        "Parent Relationship": "Outer",
        "Parallel Aware": false,
        "Startup Cost": 120257.19,
        "Total Cost": 120257.3,
        "Plan Rows": 1,
        "Plan Width": 8,
        "Actual Startup Time": 629.26,
        "Actual Total Time": 652.147,
        "Actual Rows": 2,
        "Actual Loops": 1,
        "Workers Planned": 1,
        "Workers Launched": 1,
        "Single Copy": false,
        "Plans": [
          {
            "Node Type": "Aggregate",
            "Strategy": "Plain",
            "Partial Mode": "Partial",
            "Parent Relationship": "Outer",
            "Parallel Aware": false,
            "Startup Cost": 119257.19,
            "Total Cost": 119257.2,
            "Plan Rows": 1,
            "Plan Width": 8,
            "Actual Startup Time": 623.57,
            "Actual Total Time": 623.575,
            "Actual Rows": 1,
            "Actual Loops": 2,
            "Plans": [
              {
                "Node Type": "Hash Join",
                "Parent Relationship": "Outer",
                "Parallel Aware": true,
                "Join Type": "Inner",
                "Startup Cost": 85446.56,
                "Total Cost": 118786.69,
                "Plan Rows": 188202,
                "Plan Width": 0,
                "Actual Startup Time": 367.859,
                "Actual Total Time": 602.413,
                "Actual Rows": 413564,
                "Actual Loops": 2,
                "Inner Unique": true,
                "Hash Cond": "(mk.movie_id = t.id)",
                "Plans": [
                  {
                    "Node Type": "Bitmap Heap Scan",
                    "Parent Relationship": "Outer",
                    "Parallel Aware": true,
                    "Relation Name": "movie_keyword",
                    "Alias": "mk",
                    "Startup Cost": 21184.91,
                    "Total Cost": 52982.81,
                    "Plan Rows": 587512,
                    "Plan Width": 4,
                    "Actual Startup Time": 57.682,
                    "Actual Total Time": 163.284,
                    "Actual Rows": 500512,
                    "Actual Loops": 2,
                    "Recheck Cond": "(keyword_id < 957)",
                    "Rows Removed by Index Recheck": 0,
                    "Exact Heap Blocks": 15838,
                    "Lossy Heap Blocks": 0,
                    "Plans": [
                      {
                        "Node Type": "Bitmap Index Scan",
                        "Parent Relationship": "Outer",
                        "Parallel Aware": false,
                        "Index Name": "keyword_id_movie_keyword",
                        "Startup Cost": 0.0,
                        "Total Cost": 20935.22,
                        "Plan Rows": 998771,
                        "Plan Width": 0,
                        "Actual Startup Time": 53.784,
                        "Actual Total Time": 53.784,
                        "Actual Rows": 1001024,
                        "Actual Loops": 1,
                        "Index Cond": "(keyword_id < 957)"
                      }
                    ]
                  },
                  {
                    "Node Type": "Hash",
                    "Parent Relationship": "Inner",
                    "Parallel Aware": true,
                    "Startup Cost": 58306.47,
                    "Total Cost": 58306.47,
                    "Plan Rows": 476415,
                    "Plan Width": 4,
                    "Actual Startup Time": 299.397,
                    "Actual Total Time": 299.398,
                    "Actual Rows": 421509,
                    "Actual Loops": 2,
                    "Hash Buckets": 1048576,
                    "Original Hash Buckets": 1048576,
                    "Hash Batches": 1,
                    "Original Hash Batches": 1,
                    "Peak Memory Usage": 41184,
                    "Plans": [
                      {
                        "Node Type": "Seq Scan",
                        "Parent Relationship": "Outer",
                        "Parallel Aware": true,
                        "Relation Name": "title",
                        "Alias": "t",
                        "Startup Cost": 0.0,
                        "Total Cost": 58306.47,
                        "Plan Rows": 476415,
                        "Plan Width": 4,
                        "Actual Startup Time": 0.048,
                        "Actual Total Time": 182.402,
                        "Actual Rows": 421509,
                        "Actual Loops": 2,
                        "Filter": "((kind_id < 7) AND (production_year < 2011))",
                        "Rows Removed by Filter": 842647
                      }
                    ]
                  }
                ]
              }
            ]
          }
        ]
      }
    ]
  },
  "Planning Time": 0.669,
  "Triggers": [],
  "Execution Time": 652.252
}