[
  {
    "Plan": {
      "Node Type": "Aggregate",
      "Strategy": "Plain",
      "Partial Mode": "Finalize",
      "Parallel Aware": false,
      "Startup Cost": 75096.9,
      "Total Cost": 75096.91,
      "Plan Rows": 1,
      "Plan Width": 8,
      "Actual Startup Time": 195.557,
      "Actual Total Time": 210.999,
      "Actual Rows": 1,
      "Actual Loops": 1,
      "Plans": [
        {
          "Node Type": "Gather",
          "Parent Relationship": "Outer",
          "Parallel Aware": false,
          "Startup Cost": 75096.58,
          "Total Cost": 75096.89,
          "Plan Rows": 3,
          "Plan Width": 8,
          "Actual Startup Time": 194.959,
          "Actual Total Time": 210.989,
          "Actual Rows": 4,
          "Actual Loops": 1,
          "Workers Planned": 3,
          "Workers Launched": 3,
          "Single Copy": false,
          "Plans": [
            {
              "Node Type": "Aggregate",
              "Strategy": "Plain",
              "Partial Mode": "Partial",
              "Parent Relationship": "Outer",
              "Parallel Aware": false,
              "Startup Cost": 74096.58,
              "Total Cost": 74096.59,
              "Plan Rows": 1,
              "Plan Width": 8,
              "Actual Startup Time": 190.874,
              "Actual Total Time": 190.877,
              "Actual Rows": 1,
              "Actual Loops": 4,
              "Plans": [
                {
                  "Node Type": "Hash Join",
                  "Parent Relationship": "Outer",
                  "Parallel Aware": true,
                  "Join Type": "Inner",
                  "Startup Cost": 44115.77,
                  "Total Cost": 74079.54,
                  "Plan Rows": 6815,
                  "Plan Width": 0,
                  "Actual Startup Time": 116.443,
                  "Actual Total Time": 190.471,
                  "Actual Rows": 6626,
                  "Actual Loops": 4,
                  "Inner Unique": true,
                  "Hash Cond": "(mc.movie_id = t.id)",
                  "Plans": [
                    {
                      "Node Type": "Seq Scan",
                      "Parent Relationship": "Outer",
                      "Parallel Aware": true,
                      "Relation Name": "movie_companies",
                      "Alias": "mc",
                      "Startup Cost": 0.0,
                      "Total Cost": 29310.68,
                      "Plan Rows": 248795,
                      "Plan Width": 4,
                      "Actual Startup Time": 14.237,
                      "Actual Total Time": 65.019,
                      "Actual Rows": 190930,
                      "Actual Loops": 4,
                      "Filter": "(company_id > 34918)",
                      "Rows Removed by Filter": 461352
                    },
                    {
                      "Node Type": "Hash",
                      "Parent Relationship": "Inner",
                      "Parallel Aware": true,
                      "Startup Cost": 43899.32,
                      "Total Cost": 43899.32,
                      "Plan Rows": 17316,
                      "Plan Width": 4,
                      "Actual Startup Time": 100.868,
                      "Actual Total Time": 100.869,
                      "Actual Rows": 16836,
                      "Actual Loops": 4,
                      "Hash Buckets": 131072,
                      "Original Hash Buckets": 131072,
                      "Hash Batches": 1,
                      "Original Hash Batches": 1,
                      "Peak Memory Usage": 3712,
                      "Plans": [
                        {
                          "Node Type": "Seq Scan",
                          "Parent Relationship": "Outer",
                          "Parallel Aware": true,
                          "Relation Name": "title",
                          "Alias": "t",
                          "Startup Cost": 0.0,
                          "Total Cost": 43899.32,
                          "Plan Rows": 17316,
                          "Plan Width": 4,
                          "Actual Startup Time": 0.029,
                          "Actual Total Time": 93.389,
                          "Actual Rows": 16836,
                          "Actual Loops": 4,
                          "Filter": "(production_year > 2012)",
                          "Rows Removed by Filter": 615242
                        }
                      ]
                    }
                  ]
                }
              ]
            }
          ]
        }
      ]
    },
    "Planning Time": 0.646,
    "Triggers": [],
    "Execution Time": 211.069
  }
]