[
  {
    "Plan": {
      "Node Type": "Aggregate",
      "Strategy": "Plain",
      "Partial Mode": "Finalize",
      "Parallel Aware": false,
      "Startup Cost": 92252.95,
      "Total Cost": 92252.96,
      "Plan Rows": 1,
      "Plan Width": 8,
      "Actual Startup Time": 570.486,
      "Actual Total Time": 588.78,
      "Actual Rows": 1,
      "Actual Loops": 1,
      "Plans": [
        {
          "Node Type": "Gather",
          "Parent Relationship": "Outer",
          "Parallel Aware": false,
          "Startup Cost": 92252.63,
          "Total Cost": 92252.94,
          "Plan Rows": 3,
          "Plan Width": 8,
          "Actual Startup Time": 566.567,
          "Actual Total Time": 588.764,
          "Actual Rows": 4,
          "Actual Loops": 1,
          "Workers Planned": 3,
          "Workers Launched": 3,
          "Single Copy": false,
          "Plans": [
            {
              "Node Type": "Aggregate",
              "Strategy": "Plain",
              "Partial Mode": "Partial",
              "Parent Relationship": "Outer",
              "Parallel Aware": false,
              "Startup Cost": 91252.63,
              "Total Cost": 91252.64,
              "Plan Rows": 1,
              "Plan Width": 8,
              "Actual Startup Time": 557.568,
              "Actual Total Time": 557.572,
              "Actual Rows": 1,
              "Actual Loops": 4,
              "Plans": [
                {
                  "Node Type": "Hash Join",
                  "Parent Relationship": "Outer",
                  "Parallel Aware": true,
                  "Join Type": "Inner",
                  "Startup Cost": 47459.9,
                  "Total Cost": 90337.98,
                  "Plan Rows": 365862,
                  "Plan Width": 0,
                  "Actual Startup Time": 249.538,
                  "Actual Total Time": 516.742,
                  "Actual Rows": 716638,
                  "Actual Loops": 4,
                  "Inner Unique": true,
                  "Hash Cond": "(mk.movie_id = t.id)",
                  "Plans": [
                    {
                      "Node Type": "Seq Scan",
                      "Parent Relationship": "Outer",
                      "Parallel Aware": true,
                      "Relation Name": "movie_keyword",
                      "Alias": "mk",
                      "Startup Cost": 0.0,
                      "Total Cost": 39047.32,
                      "Plan Rows": 1459332,
                      "Plan Width": 4,
                      "Actual Startup Time": 0.03,
                      "Actual Total Time": 115.038,
                      "Actual Rows": 1130982,
                      "Actual Loops": 4
                    },
                    {
                      "Node Type": "Hash",
                      "Parent Relationship": "Inner",
                      "Parallel Aware": true,
                      "Startup Cost": 45479.1,
                      "Total Cost": 45479.1,
                      "Plan Rows": 158464,
                      "Plan Width": 4,
                      "Actual Startup Time": 195.73,
                      "Actual Total Time": 195.731,
                      "Actual Rows": 153373,
                      "Actual Loops": 4,
                      "Hash Buckets": 1048576,
                      "Original Hash Buckets": 1048576,
                      "Hash Batches": 1,
                      "Original Hash Batches": 1,
                      "Peak Memory Usage": 32256,
                      "Plans": [
                        {
                          "Node Type": "Seq Scan",
                          "Parent Relationship": "Outer",
                          "Parallel Aware": true,
                          "Relation Name": "title",
                          "Alias": "t",
                          "Startup Cost": 0.0,
                          "Total Cost": 45479.1,
                          "Plan Rows": 158464,
                          "Plan Width": 4,
                          "Actual Startup Time": 58.203,
                          "Actual Total Time": 130.435,
                          "Actual Rows": 153373,
                          "Actual Loops": 4,
                          "Filter": "((production_year > 1912) AND (kind_id = 1))",
                          "Rows Removed by Filter": 478705
                        }
                      ]
                    }
                  ]
                }
              ]
            }
          ]
        }
      ]
    },
    "Planning Time": 0.586,
    "Triggers": [],
    "Execution Time": 588.845
  }
]