[
  {
    "Plan": {
      "Node Type": "Aggregate",
      "Strategy": "Plain",
      "Partial Mode": "Finalize",
      "Parallel Aware": false,
      "Startup Cost": 74787.67,
      "Total Cost": 74787.68,
      "Plan Rows": 1,
      "Plan Width": 8,
      "Actual Startup Time": 262.358,
      "Actual Total Time": 278.739,
      "Actual Rows": 1,
      "Actual Loops": 1,
      "Plans": [
        {
          "Node Type": "Gather",
          "Parent Relationship": "Outer",
          "Parallel Aware": false,
          "Startup Cost": 74787.36,
          "Total Cost": 74787.67,
          "Plan Rows": 3,
          "Plan Width": 8,
          "Actual Startup Time": 258.057,
          "Actual Total Time": 278.734,
          "Actual Rows": 4,
          "Actual Loops": 1,
          "Workers Planned": 3,
          "Workers Launched": 3,
          "Single Copy": false,
          "Plans": [
            {
              "Node Type": "Aggregate",
              "Strategy": "Plain",
              "Partial Mode": "Partial",
              "Parent Relationship": "Outer",
              "Parallel Aware": false,
              "Startup Cost": 73787.36,
              "Total Cost": 73787.37,
              "Plan Rows": 1,
              "Plan Width": 8,
              "Actual Startup Time": 245.865,
              "Actual Total Time": 245.869,
              "Actual Rows": 1,
              "Actual Loops": 4,
              "Plans": [
                {
                  "Node Type": "Nested Loop",
                  "Parent Relationship": "Outer",
                  "Parallel Aware": false,
                  "Join Type": "Inner",
                  "Startup Cost": 21861.47,
                  "Total Cost": 73766.92,
                  "Plan Rows": 8174,
                  "Plan Width": 0,
                  "Actual Startup Time": 157.481,
                  "Actual Total Time": 244.558,
                  "Actual Rows": 18145,
                  "Actual Loops": 4,
                  "Inner Unique": true,
                  "Plans": [
                    {
                      "Node Type": "Hash Join",
                      "Parent Relationship": "Outer",
                      "Parallel Aware": true,
                      "Join Type": "Inner",
                      "Startup Cost": 21861.04,
                      "Total Cost": 47050.75,
                      "Plan Rows": 46227,
                      "Plan Width": 8,
                      "Actual Startup Time": 157.414,
                      "Actual Total Time": 185.269,
                      "Actual Rows": 18145,
                      "Actual Loops": 4,
                      "Inner Unique": false,
                      "Hash Cond": "(mk.movie_id = mi_idx.movie_id)",
                      "Plans": [
                        {
                          "Node Type": "Bitmap Heap Scan",
                          "Parent Relationship": "Outer",
                          "Parallel Aware": true,
                          "Relation Name": "movie_keyword",
                          "Alias": "mk",
                          "Startup Cost": 988.2,
                          "Total Cost": 25929.14,
                          "Plan Rows": 14975,
                          "Plan Width": 4,
                          "Actual Startup Time": 6.354,
                          "Actual Total Time": 23.859,
                          "Actual Rows": 9723,
                          "Actual Loops": 4,
                          "Recheck Cond": "(keyword_id < 47)",
                          "Rows Removed by Index Recheck": 0,
                          "Exact Heap Blocks": 5553,
                          "Lossy Heap Blocks": 0,
                          "Plans": [
                            {
                              "Node Type": "Bitmap Index Scan",
                              "Parent Relationship": "Outer",
                              "Parallel Aware": false,
                              "Index Name": "keyword_id_movie_keyword",
                              "Startup Cost": 0.0,
                              "Total Cost": 976.6,
                              "Plan Rows": 46422,
                              "Plan Width": 0,
                              "Actual Startup Time": 4.235,
                              "Actual Total Time": 4.236,
                              "Actual Rows": 38892,
                              "Actual Loops": 1,
                              "Index Cond": "(keyword_id < 47)"
                            }
                          ]
                        },
                        {
                          "Node Type": "Hash",
                          "Parent Relationship": "Inner",
                          "Parallel Aware": true,
                          "Startup Cost": 13685.15,
                          "Total Cost": 13685.15,
                          "Plan Rows": 575015,
                          "Plan Width": 4,
                          "Actual Startup Time": 144.129,
                          "Actual Total Time": 144.13,
                          "Actual Rows": 345009,
                          "Actual Loops": 4,
                          "Hash Buckets": 2097152,
                          "Original Hash Buckets": 2097152,
                          "Hash Batches": 1,
                          "Original Hash Batches": 1,
                          "Peak Memory Usage": 70464,
                          "Plans": [
                            {
                              "Node Type": "Seq Scan",
                              "Parent Relationship": "Outer",
                              "Parallel Aware": true,
                              "Relation Name": "movie_info_idx",
                              "Alias": "mi_idx",
                              "Startup Cost": 0.0,
                              "Total Cost": 13685.15,
                              "Plan Rows": 575015,
                              "Plan Width": 4,
                              "Actual Startup Time": 0.066,
                              "Actual Total Time": 46.873,
                              "Actual Rows": 345009,
                              "Actual Loops": 4
                            }
                          ]
                        }
                      ]
                    },
                    {
                      "Node Type": "Index Only Scan",
                      "Parent Relationship": "Inner",
                      "Parallel Aware": false,
                      "Scan Direction": "Forward",
                      "Index Name": "title_pkey",
                      "Relation Name": "title",
                      "Alias": "t",
                      "Startup Cost": 0.43,
                      "Total Cost": 0.58,
                      "Plan Rows": 1,
                      "Plan Width": 4,
                      "Actual Startup Time": 0.003,
                      "Actual Total Time": 0.003,
                      "Actual Rows": 1,
                      "Actual Loops": 72581,
                      "Index Cond": "(id = mi_idx.movie_id)",
                      "Rows Removed by Index Recheck": 0,
                      "Heap Fetches": 72581
                    }
                  ]
                }
              ]
            }
          ]
        }
      ]
    },
    "Planning Time": 0.805,
    "Triggers": [],
    "Execution Time": 278.809
  }
]