[
  {
    "Plan": {
      "Node Type": "Aggregate",
      "Strategy": "Plain",
      "Partial Mode": "Finalize",
      "Parallel Aware": false,
      "Startup Cost": 279601.27,
      "Total Cost": 279601.28,
      "Plan Rows": 1,
      "Plan Width": 32,
      "Actual Startup Time": 103.398,
      "Actual Total Time": 114.304,
      "Actual Rows": 1,
      "Actual Loops": 1,
      "Plans": [
        {
          "Node Type": "Gather",
          "Parent Relationship": "Outer",
          "Parallel Aware": false,
          "Startup Cost": 279600.75,
          "Total Cost": 279601.26,
          "Plan Rows": 5,
          "Plan Width": 32,
          "Actual Startup Time": 103.209,
          "Actual Total Time": 114.292,
          "Actual Rows": 6,
          "Actual Loops": 1,
          "Workers Planned": 5,
          "Workers Launched": 5,
          "Single Copy": false,
          "Plans": [
            {
              "Node Type": "Aggregate",
              "Strategy": "Plain",
              "Partial Mode": "Partial",
              "Parent Relationship": "Outer",
              "Parallel Aware": false,
              "Startup Cost": 278600.75,
              "Total Cost": 278600.76,
              "Plan Rows": 1,
              "Plan Width": 32,
              "Actual Startup Time": 92.263,
              "Actual Total Time": 92.272,
              "Actual Rows": 1,
              "Actual Loops": 6,
              "Plans": [
                {
                  "Node Type": "Hash Join",
                  "Parent Relationship": "Outer",
                  "Parallel Aware": false,
                  "Join Type": "Inner",
                  "Startup Cost": 78928.08,
                  "Total Cost": 278600.74,
                  "Plan Rows": 3,
                  "Plan Width": 17,
                  "Actual Startup Time": 92.257,
                  "Actual Total Time": 92.265,
                  "Actual Rows": 0,
                  "Actual Loops": 6,
                  "Inner Unique": true,
                  "Hash Cond": "(mi.info_type_id = it.id)",
                  "Plans": [
                    {
                      "Node Type": "Hash Join",
                      "Parent Relationship": "Outer",
                      "Parallel Aware": true,
                      "Join Type": "Inner",
                      "Startup Cost": 78924.54,
                      "Total Cost": 278597.19,
                      "Plan Rows": 3,
                      "Plan Width": 21,
                      "Actual Startup Time": 91.429,
                      "Actual Total Time": 91.434,
                      "Actual Rows": 0,
                      "Actual Loops": 6,
                      "Inner Unique": false,
                      "Hash Cond": "(mi.movie_id = t.id)",
                      "Plans": [
                        {
                          "Node Type": "Seq Scan",
                          "Parent Relationship": "Outer",
                          "Parallel Aware": true,
                          "Relation Name": "movie_info",
                          "Alias": "mi",
                          "Startup Cost": 0.0,
                          "Total Cost": 199090.3,
                          "Plan Rows": 155291,
                          "Plan Width": 8,
                          "Actual Startup Time": 0.0,
                          "Actual Total Time": 0.0,
                          "Actual Rows": 0,
                          "Actual Loops": 0,
                          "Filter": "(info = ANY ('{English,Norway}'::text[]))",
                          "Rows Removed by Filter": 0
                        },
                        {
                          "Node Type": "Hash",
                          "Parent Relationship": "Inner",
                          "Parallel Aware": true,
                          "Startup Cost": 78924.51,
                          "Total Cost": 78924.51,
                          "Plan Rows": 2,
                          "Plan Width": 25,
                          "Actual Startup Time": 90.84,
                          "Actual Total Time": 90.844,
                          "Actual Rows": 0,
                          "Actual Loops": 6,
                          "Hash Buckets": 1024,
                          "Original Hash Buckets": 1024,
                          "Hash Batches": 1,
                          "Original Hash Batches": 1,
                          "Peak Memory Usage": 0,
                          "Plans": [
                            {
                              "Node Type": "Hash Join",
                              "Parent Relationship": "Outer",
                              "Parallel Aware": true,
                              "Join Type": "Inner",
                              "Startup Cost": 33520.18,
                              "Total Cost": 78924.51,
                              "Plan Rows": 2,
                              "Plan Width": 25,
                              "Actual Startup Time": 90.732,
                              "Actual Total Time": 90.735,
                              "Actual Rows": 0,
                              "Actual Loops": 6,
                              "Inner Unique": false,
                              "Hash Cond": "(t.id = mc.movie_id)",
                              "Plans": [
                                {
                                  "Node Type": "Seq Scan",
                                  "Parent Relationship": "Outer",
                                  "Parallel Aware": true,
                                  "Relation Name": "title",
                                  "Alias": "t",
                                  "Startup Cost": 0.0,
                                  "Total Cost": 43898.62,
                                  "Plan Rows": 401520,
                                  "Plan Width": 21,
                                  "Actual Startup Time": 0.0,
                                  "Actual Total Time": 0.0,
                                  "Actual Rows": 0,
                                  "Actual Loops": 0,
                                  "Filter": "(production_year > 1995)",
                                  "Rows Removed by Filter": 0
                                },
                                {
                                  "Node Type": "Hash",
                                  "Parent Relationship": "Inner",
                                  "Parallel Aware": true,
                                  "Startup Cost": 33520.12,
                                  "Total Cost": 33520.12,
                                  "Plan Rows": 5,
                                  "Plan Width": 4,
                                  "Actual Startup Time": 90.713,
                                  "Actual Total Time": 90.715,
                                  "Actual Rows": 0,
                                  "Actual Loops": 6,
                                  "Hash Buckets": 1024,
                                  "Original Hash Buckets": 1024,
                                  "Hash Batches": 1,
                                  "Original Hash Batches": 1,
                                  "Peak Memory Usage": 0,
                                  "Plans": [
                                    {
                                      "Node Type": "Hash Join",
                                      "Parent Relationship": "Outer",
                                      "Parallel Aware": false,
                                      "Join Type": "Inner",
                                      "Startup Cost": 1.06,
                                      "Total Cost": 33520.12,
                                      "Plan Rows": 5,
                                      "Plan Width": 4,
                                      "Actual Startup Time": 90.692,
                                      "Actual Total Time": 90.694,
                                      "Actual Rows": 0,
                                      "Actual Loops": 6,
                                      "Inner Unique": true,
                                      "Hash Cond": "(mc.company_type_id = ct.id)",
                                      "Plans": [
                                        {
                                          "Node Type": "Seq Scan",
                                          "Parent Relationship": "Outer",
                                          "Parallel Aware": true,
                                          "Relation Name": "movie_companies",
                                          "Alias": "mc",
                                          "Startup Cost": 0.0,
                                          "Total Cost": 33518.95,
                                          "Plan Rows": 19,
                                          "Plan Width": 8,
                                          "Actual Startup Time": 13.117,
                                          "Actual Total Time": 90.515,
                                          "Actual Rows": 236,
                                          "Actual Loops": 6,
                                          "Filter": "((note ~~ '%(VHS)%'::text) AND (note ~~ '%(USA)%'::text) AND (note ~~ '%(1994)%'::text))",
                                          "Rows Removed by Filter": 434618
                                        },
                                        {
                                          "Node Type": "Hash",
                                          "Parent Relationship": "Inner",
                                          "Parallel Aware": false,
                                          "Startup Cost": 1.05,
                                          "Total Cost": 1.05,
                                          "Plan Rows": 1,
                                          "Plan Width": 4,
                                          "Actual Startup Time": 0.059,
                                          "Actual Total Time": 0.06,
                                          "Actual Rows": 1,
                                          "Actual Loops": 6,
                                          "Hash Buckets": 1024,
                                          "Original Hash Buckets": 1024,
                                          "Hash Batches": 1,
                                          "Original Hash Batches": 1,
                                          "Peak Memory Usage": 9,
                                          "Plans": [
                                            {
                                              "Node Type": "Seq Scan",
                                              "Parent Relationship": "Outer",
                                              "Parallel Aware": false,
                                              "Relation Name": "company_type",
                                              "Alias": "ct",
                                              "Startup Cost": 0.0,
                                              "Total Cost": 1.05,
                                              "Plan Rows": 1,
                                              "Plan Width": 4,
                                              "Actual Startup Time": 0.045,
                                              "Actual Total Time": 0.047,
                                              "Actual Rows": 1,
                                              "Actual Loops": 6,
                                              "Filter": "((kind)::text = 'production companies'::text)",
                                              "Rows Removed by Filter": 3
                                            }
                                          ]
                                        }
                                      ]
                                    }
                                  ]
                                }
                              ]
                            }
                          ]
                        }
                      ]
                    },
                    {
                      "Node Type": "Hash",
                      "Parent Relationship": "Inner",
                      "Parallel Aware": false,
                      "Startup Cost": 2.13,
                      "Total Cost": 2.13,
                      "Plan Rows": 113,
                      "Plan Width": 4,
                      "Actual Startup Time": 0.18,
                      "Actual Total Time": 0.181,
                      "Actual Rows": 113,
                      "Actual Loops": 6,
                      "Hash Buckets": 1024,
                      "Original Hash Buckets": 1024,
                      "Hash Batches": 1,
                      "Original Hash Batches": 1,
                      "Peak Memory Usage": 12,
                      "Plans": [
                        {
                          "Node Type": "Seq Scan",
                          "Parent Relationship": "Outer",
                          "Parallel Aware": false,
                          "Relation Name": "info_type",
                          "Alias": "it",
                          "Startup Cost": 0.0,
                          "Total Cost": 2.13,
                          "Plan Rows": 113,
                          "Plan Width": 4,
                          "Actual Startup Time": 0.09,
                          "Actual Total Time": 0.117,
                          "Actual Rows": 113,
                          "Actual Loops": 6
                        }
                      ]
                    }
                  ]
                }
              ]
            }
          ]
        }
      ]
    },
    "Planning Time": 5.324,
    "Triggers": [],
    "Execution Time": 114.768
  }
]