[
  {
    "Plan": {
      "Node Type": "Aggregate",
      "Strategy": "Plain",
      "Partial Mode": "Finalize",
      "Parallel Aware": false,
      "Startup Cost": 28935.0,
      "Total Cost": 28935.01,
      "Plan Rows": 1,
      "Plan Width": 8,
      "Actual Startup Time": 80.228,
      "Actual Total Time": 86.69,
      "Actual Rows": 1,
      "Actual Loops": 1,
      "Plans": [
        {
          "Node Type": "Gather",
          "Parent Relationship": "Outer",
          "Parallel Aware": false,
          "Startup Cost": 28934.69,
          "Total Cost": 28935.0,
          "Plan Rows": 3,
          "Plan Width": 8,
          "Actual Startup Time": 79.793,
          "Actual Total Time": 86.684,
          "Actual Rows": 4,
          "Actual Loops": 1,
          "Workers Planned": 3,
          "Workers Launched": 3,
          "Single Copy": false,
          "Plans": [
            {
              "Node Type": "Aggregate",
              "Strategy": "Plain",
              "Partial Mode": "Partial",
              "Parent Relationship": "Outer",
              "Parallel Aware": false,
              "Startup Cost": 27934.69,
              "Total Cost": 27934.7,
              "Plan Rows": 1,
              "Plan Width": 8,
              "Actual Startup Time": 73.488,
              "Actual Total Time": 73.491,
              "Actual Rows": 1,
              "Actual Loops": 4,
              "Plans": [
                {
                  "Node Type": "Bitmap Heap Scan",
                  "Parent Relationship": "Outer",
                  "Parallel Aware": true,
                  "Relation Name": "movie_keyword",
                  "Alias": "mk",
                  "Startup Cost": 2834.85,
                  "Total Cost": 27827.05,
                  "Plan Rows": 43056,
                  "Plan Width": 0,
                  "Actual Startup Time": 25.639,
                  "Actual Total Time": 70.921,
                  "Actual Rows": 32776,
                  "Actual Loops": 4,
                  "Recheck Cond": "(keyword_id > 76223)",
                  "Rows Removed by Index Recheck": 0,
                  "Exact Heap Blocks": 12311,
                  "Lossy Heap Blocks": 0,
                  "Plans": [
                    {
                      "Node Type": "Bitmap Index Scan",
                      "Parent Relationship": "Outer",
                      "Parallel Aware": false,
                      "Index Name": "keyword_id_movie_keyword",
                      "Startup Cost": 0.0,
                      "Total Cost": 2801.48,
                      "Plan Rows": 133473,
                      "Plan Width": 0,
                      "Actual Startup Time": 25.502,
                      "Actual Total Time": 25.502,
                      "Actual Rows": 131103,
                      "Actual Loops": 1,
                      "Index Cond": "(keyword_id > 76223)"
                    }
                  ]
                }
              ]
            }
          ]
        }
      ]
    },
    "Planning Time": 0.16,
    "Triggers": [],
    "Execution Time": 86.76
  }
]