[
  {
    "Plan": {
      "Node Type": "Aggregate",
      "Strategy": "Plain",
      "Partial Mode": "Finalize",
      "Parallel Aware": false,
      "Startup Cost": 28965.87,
      "Total Cost": 28965.88,
      "Plan Rows": 1,
      "Plan Width": 8,
      "Actual Startup Time": 68.589,
      "Actual Total Time": 72.343,
      "Actual Rows": 1,
      "Actual Loops": 1,
      "Plans": [
        {
          "Node Type": "Gather",
          "Parent Relationship": "Outer",
          "Parallel Aware": false,
          "Startup Cost": 28965.55,
          "Total Cost": 28965.86,
          "Plan Rows": 3,
          "Plan Width": 8,
          "Actual Startup Time": 68.384,
          "Actual Total Time": 72.336,
          "Actual Rows": 4,
          "Actual Loops": 1,
          "Workers Planned": 3,
          "Workers Launched": 3,
          "Single Copy": false,
          "Plans": [
            {
              "Node Type": "Aggregate",
              "Strategy": "Plain",
              "Partial Mode": "Partial",
              "Parent Relationship": "Outer",
              "Parallel Aware": false,
              "Startup Cost": 27965.55,
              "Total Cost": 27965.56,
              "Plan Rows": 1,
              "Plan Width": 8,
              "Actual Startup Time": 59.746,
              "Actual Total Time": 59.747,
              "Actual Rows": 1,
              "Actual Loops": 4,
              "Plans": [
                {
                  "Node Type": "Bitmap Heap Scan",
                  "Parent Relationship": "Outer",
                  "Parallel Aware": true,
                  "Relation Name": "movie_keyword",
                  "Alias": "mk",
                  "Startup Cost": 2860.0,
                  "Total Cost": 27856.96,
                  "Plan Rows": 43437,
                  "Plan Width": 0,
                  "Actual Startup Time": 15.184,
                  "Actual Total Time": 57.249,
                  "Actual Rows": 32776,
                  "Actual Loops": 4,
                  "Recheck Cond": "(keyword_id > 76223)",
                  "Rows Removed by Index Recheck": 0,
                  "Exact Heap Blocks": 11963,
                  "Lossy Heap Blocks": 0,
                  "Plans": [
                    {
                      "Node Type": "Bitmap Index Scan",
                      "Parent Relationship": "Outer",
                      "Parallel Aware": false,
                      "Index Name": "keyword_id_movie_keyword",
                      "Startup Cost": 0.0,
                      "Total Cost": 2826.34,
                      "Plan Rows": 134654,
                      "Plan Width": 0,
                      "Actual Startup Time": 17.967,
                      "Actual Total Time": 17.967,
                      "Actual Rows": 131103,
                      "Actual Loops": 1,
                      "Index Cond": "(keyword_id > 76223)"
                    }
                  ]
                }
              ]
            }
          ]
        }
      ]
    },
    "Planning Time": 0.182,
    "Triggers": [],
    "Execution Time": 72.42
  }
]