[
  {
    "Plan": {
      "Node Type": "Aggregate",
      "Strategy": "Plain",
      "Partial Mode": "Finalize",
      "Parallel Aware": false,
      "Startup Cost": 82810.0,
      "Total Cost": 82810.01,
      "Plan Rows": 1,
      "Plan Width": 8,
      "Actual Startup Time": 501.741,
      "Actual Total Time": 516.648,
      "Actual Rows": 1,
      "Actual Loops": 1,
      "Plans": [
        {
          "Node Type": "Gather",
          "Parent Relationship": "Outer",
          "Parallel Aware": false,
          "Startup Cost": 82809.68,
          "Total Cost": 82809.99,
          "Plan Rows": 3,
          "Plan Width": 8,
          "Actual Startup Time": 495.442,
          "Actual Total Time": 516.639,
          "Actual Rows": 4,
          "Actual Loops": 1,
          "Workers Planned": 3,
          "Workers Launched": 3,
          "Single Copy": false,
          "Plans": [
            {
              "Node Type": "Aggregate",
              "Strategy": "Plain",
              "Partial Mode": "Partial",
              "Parent Relationship": "Outer",
              "Parallel Aware": false,
              "Startup Cost": 81809.68,
              "Total Cost": 81809.69,
              "Plan Rows": 1,
              "Plan Width": 8,
              "Actual Startup Time": 484.719,
              "Actual Total Time": 484.721,
              "Actual Rows": 1,
              "Actual Loops": 4,
              "Plans": [
                {
                  "Node Type": "Hash Join",
                  "Parent Relationship": "Outer",
                  "Parallel Aware": true,
                  "Join Type": "Inner",
                  "Startup Cost": 50474.95,
                  "Total Cost": 80914.75,
                  "Plan Rows": 357972,
                  "Plan Width": 0,
                  "Actual Startup Time": 335.85,
                  "Actual Total Time": 473.371,
                  "Actual Rows": 249963,
                  "Actual Loops": 4,
                  "Inner Unique": true,
                  "Hash Cond": "(mc.movie_id = t.id)",
                  "Plans": [
                    {
                      "Node Type": "Seq Scan",
                      "Parent Relationship": "Outer",
                      "Parallel Aware": true,
                      "Relation Name": "movie_companies",
                      "Alias": "mc",
                      "Startup Cost": 0.0,
                      "Total Cost": 29310.68,
                      "Plan Rows": 430142,
                      "Plan Width": 4,
                      "Actual Startup Time": 29.159,
                      "Actual Total Time": 67.53,
                      "Actual Rows": 333721,
                      "Actual Loops": 4,
                      "Filter": "(company_type_id > 1)",
                      "Rows Removed by Filter": 318562
                    },
                    {
                      "Node Type": "Hash",
                      "Parent Relationship": "Inner",
                      "Parallel Aware": true,
                      "Startup Cost": 43899.32,
                      "Total Cost": 43899.32,
                      "Plan Rows": 526050,
                      "Plan Width": 4,
                      "Actual Startup Time": 298.928,
                      "Actual Total Time": 298.929,
                      "Actual Rows": 522447,
                      "Actual Loops": 4,
                      "Hash Buckets": 4194304,
                      "Original Hash Buckets": 4194304,
                      "Hash Batches": 1,
                      "Original Hash Batches": 1,
                      "Peak Memory Usage": 114592,
                      "Plans": [
                        {
                          "Node Type": "Seq Scan",
                          "Parent Relationship": "Outer",
                          "Parallel Aware": true,
                          "Relation Name": "title",
                          "Alias": "t",
                          "Startup Cost": 0.0,
                          "Total Cost": 43899.32,
                          "Plan Rows": 526050,
                          "Plan Width": 4,
                          "Actual Startup Time": 0.034,
                          "Actual Total Time": 111.394,
                          "Actual Rows": 522447,
                          "Actual Loops": 4,
                          "Filter": "(production_year > 1969)",
                          "Rows Removed by Filter": 109631
                        }
                      ]
                    }
                  ]
                }
              ]
            }
          ]
        }
      ]
    },
    "Planning Time": 0.253,
    "Triggers": [],
    "Execution Time": 516.697
  }
]