[
  {
    "Plan": {
      "Node Type": "Aggregate",
      "Strategy": "Plain",
      "Partial Mode": "Finalize",
      "Parallel Aware": false,
      "Startup Cost": 46463.18,
      "Total Cost": 46463.19,
      "Plan Rows": 1,
      "Plan Width": 8,
      "Actual Startup Time": 155.558,
      "Actual Total Time": 160.035,
      "Actual Rows": 1,
      "Actual Loops": 1,
      "Plans": [
        {
          "Node Type": "Gather",
          "Parent Relationship": "Outer",
          "Parallel Aware": false,
          "Startup Cost": 46462.86,
          "Total Cost": 46463.17,
          "Plan Rows": 3,
          "Plan Width": 8,
          "Actual Startup Time": 155.478,
          "Actual Total Time": 160.029,
          "Actual Rows": 4,
          "Actual Loops": 1,
          "Workers Planned": 3,
          "Workers Launched": 3,
          "Single Copy": false,
          "Plans": [
            {
              "Node Type": "Aggregate",
              "Strategy": "Plain",
              "Partial Mode": "Partial",
              "Parent Relationship": "Outer",
              "Parallel Aware": false,
              "Startup Cost": 45462.86,
              "Total Cost": 45462.87,
              "Plan Rows": 1,
              "Plan Width": 8,
              "Actual Startup Time": 151.538,
              "Actual Total Time": 151.539,
              "Actual Rows": 1,
              "Actual Loops": 4,
              "Plans": [
                {
                  "Node Type": "Seq Scan",
                  "Parent Relationship": "Outer",
                  "Parallel Aware": true,
                  "Relation Name": "movie_keyword",
                  "Alias": "mk",
                  "Startup Cost": 0.0,
                  "Total Cost": 42695.65,
                  "Plan Rows": 1106883,
                  "Plan Width": 0,
                  "Actual Startup Time": 0.062,
                  "Actual Total Time": 111.268,
                  "Actual Rows": 856129,
                  "Actual Loops": 4,
                  "Filter": "(keyword_id > 1128)",
                  "Rows Removed by Filter": 274854
                }
              ]
            }
          ]
        }
      ]
    },
    "Planning Time": 0.075,
    "Triggers": [],
    "Execution Time": 160.061
  }
]