{
    "Plan": {
        "Node Type": "Aggregate",
        "Strategy": "Plain",
        "Partial Mode": "Simple",
        "Parallel Aware": false,
        "Startup Cost": 80016564570.98,
        "Total Cost": 80016564570.99,
        "Plan Rows": 1,
        "Plan Width": 96,
        "Actual Startup Time": 152767.889,
        "Actual Total Time": 152767.919,
        "Actual Rows": 1,
        "Actual Loops": 1,
        "Output": [
            "min(cn.name)",
            "min(mi_idx.info)",
            "min(t.title)"
        ],
        "Plans": [
            {
                "Node Type": "Nested Loop",
                "Parent Relationship": "Outer",
                "Parallel Aware": false,
                "Join Type": "Inner",
                "Startup Cost": 80000236435.08,
                "Total Cost": 80016564570.97,
                "Plan Rows": 1,
                "Plan Width": 41,
                "Actual Startup Time": 3780.313,
                "Actual Total Time": 152765.659,
                "Actual Rows": 5598,
                "Actual Loops": 1,
                "Output": [
                    "cn.name",
                    "mi_idx.info",
                    "t.title"
                ],
                "Inner Unique": true,
                "Plans": [
                    {
                        "Node Type": "Hash Join",
                        "Parent Relationship": "Outer",
                        "Parallel Aware": false,
                        "Join Type": "Inner",
                        "Startup Cost": 70000236434.65,
                        "Total Cost": 70016564542.69,
                        "Plan Rows": 6,
                        "Plan Width": 45,
                        "Actual Startup Time": 2738.853,
                        "Actual Total Time": 148436.525,
                        "Actual Rows": 841911,
                        "Actual Loops": 1,
                        "Output": [
                            "cn.name",
                            "mi_idx.info",
                            "mk.keyword_id",
                            "t.title"
                        ],
                        "Inner Unique": false,
                        "Hash Cond": "(mk.movie_id = t.id)",
                        "Plans": [
                            {
                                "Node Type": "Nested Loop",
                                "Parent Relationship": "Outer",
                                "Parallel Aware": false,
                                "Join Type": "Inner",
                                "Startup Cost": 30000070726.5,
                                "Total Cost": 30016398767.02,
                                "Plan Rows": 18000,
                                "Plan Width": 40,
                                "Actual Startup Time": 578.409,
                                "Actual Total Time": 143705.269,
                                "Actual Rows": 8326930,
                                "Actual Loops": 1,
                                "Output": [
                                    "cn.name",
                                    "mc.movie_id",
                                    "mi_idx.info",
                                    "mi_idx.movie_id",
                                    "mk.movie_id",
                                    "mk.keyword_id"
                                ],
                                "Inner Unique": false,
                                "Join Filter": "(mc.company_type_id = ct.id)",
                                "Rows Removed by Join Filter": 24980790,
                                "Plans": [
                                    {
                                        "Node Type": "Nested Loop",
                                        "Parent Relationship": "Outer",
                                        "Parallel Aware": false,
                                        "Join Type": "Inner",
                                        "Startup Cost": 30000070726.5,
                                        "Total Cost": 30016397685.97,
                                        "Plan Rows": 18000,
                                        "Plan Width": 44,
                                        "Actual Startup Time": 578.396,
                                        "Actual Total Time": 137485.815,
                                        "Actual Rows": 8326930,
                                        "Actual Loops": 1,
                                        "Output": [
                                            "cn.name",
                                            "mc.movie_id",
                                            "mc.company_type_id",
                                            "mi_idx.info",
                                            "mi_idx.movie_id",
                                            "mk.movie_id",
                                            "mk.keyword_id"
                                        ],
                                        "Inner Unique": true,
                                        "Plans": [
                                            {
                                                "Node Type": "Nested Loop",
                                                "Parent Relationship": "Outer",
                                                "Parallel Aware": false,
                                                "Join Type": "Inner",
                                                "Startup Cost": 30000070726.08,
                                                "Total Cost": 30016379437.06,
                                                "Plan Rows": 33533,
                                                "Plan Width": 29,
                                                "Actual Startup Time": 578.204,
                                                "Actual Total Time": 119615.098,
                                                "Actual Rows": 8859485,
                                                "Actual Loops": 1,
                                                "Output": [
                                                    "mi_idx.info",
                                                    "mi_idx.movie_id",
                                                    "mc.movie_id",
                                                    "mc.company_type_id",
                                                    "mc.company_id",
                                                    "mk.movie_id",
                                                    "mk.keyword_id"
                                                ],
                                                "Inner Unique": true,
                                                "Plans": [
                                                    {
                                                        "Node Type": "Merge Join",
                                                        "Parent Relationship": "Outer",
                                                        "Parallel Aware": false,
                                                        "Join Type": "Inner",
                                                        "Startup Cost": 20000070725.93,
                                                        "Total Cost": 20000595497.33,
                                                        "Plan Rows": 3789348,
                                                        "Plan Width": 33,
                                                        "Actual Startup Time": 578.154,
                                                        "Actual Total Time": 15366.338,
                                                        "Actual Rows": 26723981,
                                                        "Actual Loops": 1,
                                                        "Output": [
                                                            "mc.movie_id",
                                                            "mc.company_type_id",
                                                            "mc.company_id",
                                                            "mi_idx.info",
                                                            "mi_idx.movie_id",
                                                            "mi_idx.info_type_id",
                                                            "mk.movie_id",
                                                            "mk.keyword_id"
                                                        ],
                                                        "Inner Unique": false,
                                                        "Merge Cond": "(mc.movie_id = mk.movie_id)",
                                                        "Plans": [
                                                            {
                                                                "Node Type": "Sort",
                                                                "Parent Relationship": "Outer",
                                                                "Parallel Aware": false,
                                                                "Startup Cost": 10000070716.41,
                                                                "Total Cost": 10000071088.55,
                                                                "Plan Rows": 148857,
                                                                "Plan Width": 12,
                                                                "Actual Startup Time": 578.086,
                                                                "Actual Total Time": 616.745,
                                                                "Actual Rows": 303271,
                                                                "Actual Loops": 1,
                                                                "Output": [
                                                                    "mc.movie_id",
                                                                    "mc.company_type_id",
                                                                    "mc.company_id"
                                                                ],
                                                                "Sort Key": [
                                                                    "mc.movie_id"
                                                                ],
                                                                "Sort Method": "quicksort",
                                                                "Sort Space Used": 26504,
                                                                "Sort Space Type": "Memory",
                                                                "Plans": [
                                                                    {
                                                                        "Node Type": "Seq Scan",
                                                                        "Parent Relationship": "Outer",
                                                                        "Parallel Aware": false,
                                                                        "Relation Name": "movie_companies",
                                                                        "Schema": "public",
                                                                        "Alias": "mc",
                                                                        "Startup Cost": 10000000000.0,
                                                                        "Total Cost": 10000057926.93,
                                                                        "Plan Rows": 148857,
                                                                        "Plan Width": 12,
                                                                        "Actual Startup Time": 0.03,
                                                                        "Actual Total Time": 497.069,
                                                                        "Actual Rows": 303271,
                                                                        "Actual Loops": 1,
                                                                        "Output": [
                                                                            "mc.movie_id",
                                                                            "mc.company_type_id",
                                                                            "mc.company_id"
                                                                        ],
                                                                        "Filter": "((mc.note !~~ '%(USA)%'::text) AND (mc.note ~~ '%(200%)%'::text))",
                                                                        "Rows Removed by Filter": 2305858
                                                                    }
                                                                ]
                                                            },
                                                            {
                                                                "Node Type": "Materialize",
                                                                "Parent Relationship": "Inner",
                                                                "Parallel Aware": false,
                                                                "Startup Cost": 10000000009.43,
                                                                "Total Cost": 10000454885.88,
                                                                "Plan Rows": 12418607,
                                                                "Plan Width": 21,
                                                                "Actual Startup Time": 0.062,
                                                                "Actual Total Time": 9505.654,
                                                                "Actual Rows": 32232044,
                                                                "Actual Loops": 1,
                                                                "Output": [
                                                                    "mi_idx.info",
                                                                    "mi_idx.movie_id",
                                                                    "mi_idx.info_type_id",
                                                                    "mk.movie_id",
                                                                    "mk.keyword_id"
                                                                ],
                                                                "Plans": [
                                                                    {
                                                                        "Node Type": "Merge Join",
                                                                        "Parent Relationship": "Outer",
                                                                        "Parallel Aware": false,
                                                                        "Join Type": "Inner",
                                                                        "Startup Cost": 10000000009.43,
                                                                        "Total Cost": 10000423839.36,
                                                                        "Plan Rows": 12418607,
                                                                        "Plan Width": 21,
                                                                        "Actual Startup Time": 0.053,
                                                                        "Actual Total Time": 3714.217,
                                                                        "Actual Rows": 10059325,
                                                                        "Actual Loops": 1,
                                                                        "Output": [
                                                                            "mi_idx.info",
                                                                            "mi_idx.movie_id",
                                                                            "mi_idx.info_type_id",
                                                                            "mk.movie_id",
                                                                            "mk.keyword_id"
                                                                        ],
                                                                        "Inner Unique": false,
                                                                        "Merge Cond": "(mi_idx.movie_id = mk.movie_id)",
                                                                        "Plans": [
                                                                            {
                                                                                "Node Type": "Index Scan",
                                                                                "Parent Relationship": "Outer",
                                                                                "Parallel Aware": false,
                                                                                "Scan Direction": "Forward",
                                                                                "Index Name": "movie_id_movie_info_idx",
                                                                                "Relation Name": "movie_info_idx",
                                                                                "Schema": "public",
                                                                                "Alias": "mi_idx",
                                                                                "Startup Cost": 0.43,
                                                                                "Total Cost": 57080.9,
                                                                                "Plan Rows": 1339166,
                                                                                "Plan Width": 13,
                                                                                "Actual Startup Time": 0.028,
                                                                                "Actual Total Time": 291.491,
                                                                                "Actual Rows": 1337600,
                                                                                "Actual Loops": 1,
                                                                                "Output": [
                                                                                    "mi_idx.id",
                                                                                    "mi_idx.movie_id",
                                                                                    "mi_idx.info_type_id",
                                                                                    "mi_idx.info",
                                                                                    "mi_idx.note"
                                                                                ],
                                                                                "Filter": "(mi_idx.info < '8.5'::text)",
                                                                                "Rows Removed by Filter": 42400
                                                                            },
                                                                            {
                                                                                "Node Type": "Materialize",
                                                                                "Parent Relationship": "Inner",
                                                                                "Parallel Aware": false,
                                                                                "Startup Cost": 10000000000.43,
                                                                                "Total Cost": 10000188487.28,
                                                                                "Plan Rows": 4523930,
                                                                                "Plan Width": 8,
                                                                                "Actual Startup Time": 0.019,
                                                                                "Actual Total Time": 1770.773,
                                                                                "Actual Rows": 11121402,
                                                                                "Actual Loops": 1,
                                                                                "Output": [
                                                                                    "mk.id",
                                                                                    "mk.movie_id",
                                                                                    "mk.keyword_id"
                                                                                ],
                                                                                "Plans": [
                                                                                    {
                                                                                        "Node Type": "Index Scan",
                                                                                        "Parent Relationship": "Outer",
                                                                                        "Parallel Aware": false,
                                                                                        "Scan Direction": "Forward",
                                                                                        "Index Name": "movie_id_movie_keyword",
                                                                                        "Relation Name": "movie_keyword",
                                                                                        "Schema": "public",
                                                                                        "Alias": "mk",
                                                                                        "Startup Cost": 10000000000.43,
                                                                                        "Total Cost": 10000177177.46,
                                                                                        "Plan Rows": 4523930,
                                                                                        "Plan Width": 8,
                                                                                        "Actual Startup Time": 0.017,
                                                                                        "Actual Total Time": 844.548,
                                                                                        "Actual Rows": 4523869,
                                                                                        "Actual Loops": 1,
                                                                                        "Output": [
                                                                                            "mk.id",
                                                                                            "mk.movie_id",
                                                                                            "mk.keyword_id"
                                                                                        ]
                                                                                    }
                                                                                ]
                                                                            }
                                                                        ]
                                                                    }
                                                                ]
                                                            }
                                                        ]
                                                    },
                                                    {
                                                        "Node Type": "Bitmap Heap Scan",
                                                        "Parent Relationship": "Inner",
                                                        "Parallel Aware": false,
                                                        "Relation Name": "info_type",
                                                        "Schema": "public",
                                                        "Alias": "it2",
                                                        "Startup Cost": 0.15,
                                                        "Total Cost": 4.17,
                                                        "Plan Rows": 1,
                                                        "Plan Width": 4,
                                                        "Actual Startup Time": 0.002,
                                                        "Actual Total Time": 0.002,
                                                        "Actual Rows": 0,
                                                        "Actual Loops": 26723981,
                                                        "Output": [
                                                            "it2.id",
                                                            "it2.info"
                                                        ],
                                                        "Recheck Cond": "(it2.id = mi_idx.info_type_id)",
                                                        "Rows Removed by Index Recheck": 0,
                                                        "Filter": "((it2.info)::text = 'rating'::text)",
                                                        "Rows Removed by Filter": 1,
                                                        "Exact Heap Blocks": 26723981,
                                                        "Lossy Heap Blocks": 0,
                                                        "Plans": [
                                                            {
                                                                "Node Type": "Bitmap Index Scan",
                                                                "Parent Relationship": "Outer",
                                                                "Parallel Aware": false,
                                                                "Index Name": "info_type_pkey",
                                                                "Startup Cost": 0.0,
                                                                "Total Cost": 0.15,
                                                                "Plan Rows": 1,
                                                                "Plan Width": 0,
                                                                "Actual Startup Time": 0.001,
                                                                "Actual Total Time": 0.001,
                                                                "Actual Rows": 1,
                                                                "Actual Loops": 26723981,
                                                                "Index Cond": "(it2.id = mi_idx.info_type_id)"
                                                            }
                                                        ]
                                                    }
                                                ]
                                            },
                                            {
                                                "Node Type": "Index Scan",
                                                "Parent Relationship": "Inner",
                                                "Parallel Aware": false,
                                                "Scan Direction": "Forward",
                                                "Index Name": "company_name_pkey",
                                                "Relation Name": "company_name",
                                                "Schema": "public",
                                                "Alias": "cn",
                                                "Startup Cost": 0.42,
                                                "Total Cost": 0.54,
                                                "Plan Rows": 1,
                                                "Plan Width": 23,
                                                "Actual Startup Time": 0.002,
                                                "Actual Total Time": 0.002,
                                                "Actual Rows": 1,
                                                "Actual Loops": 8859485,
                                                "Output": [
                                                    "cn.id",
                                                    "cn.name",
                                                    "cn.country_code",
                                                    "cn.imdb_id",
                                                    "cn.name_pcode_nf",
                                                    "cn.name_pcode_sf",
                                                    "cn.md5sum"
                                                ],
                                                "Index Cond": "(cn.id = mc.company_id)",
                                                "Rows Removed by Index Recheck": 0,
                                                "Filter": "((cn.country_code)::text <> '[us]'::text)",
                                                "Rows Removed by Filter": 0
                                            }
                                        ]
                                    },
                                    {
                                        "Node Type": "Materialize",
                                        "Parent Relationship": "Inner",
                                        "Parallel Aware": false,
                                        "Startup Cost": 0.0,
                                        "Total Cost": 1.06,
                                        "Plan Rows": 4,
                                        "Plan Width": 4,
                                        "Actual Startup Time": 0.0,
                                        "Actual Total Time": 0.0,
                                        "Actual Rows": 4,
                                        "Actual Loops": 8326930,
                                        "Output": [
                                            "ct.id"
                                        ],
                                        "Plans": [
                                            {
                                                "Node Type": "Seq Scan",
                                                "Parent Relationship": "Outer",
                                                "Parallel Aware": false,
                                                "Relation Name": "company_type",
                                                "Schema": "public",
                                                "Alias": "ct",
                                                "Startup Cost": 0.0,
                                                "Total Cost": 1.04,
                                                "Plan Rows": 4,
                                                "Plan Width": 4,
                                                "Actual Startup Time": 0.007,
                                                "Actual Total Time": 0.011,
                                                "Actual Rows": 4,
                                                "Actual Loops": 1,
                                                "Output": [
                                                    "ct.id"
                                                ]
                                            }
                                        ]
                                    }
                                ]
                            },
                            {
                                "Node Type": "Hash",
                                "Parent Relationship": "Inner",
                                "Parallel Aware": false,
                                "Startup Cost": 40000165706.38,
                                "Total Cost": 40000165706.38,
                                "Plan Rows": 142,
                                "Plan Width": 29,
                                "Actual Startup Time": 2142.916,
                                "Actual Total Time": 2142.937,
                                "Actual Rows": 7465,
                                "Actual Loops": 1,
                                "Output": [
                                    "cc.movie_id",
                                    "mi.movie_id",
                                    "t.title",
                                    "t.id"
                                ],
                                "Hash Buckets": 8192,
                                "Original Hash Buckets": 1024,
                                "Hash Batches": 1,
                                "Original Hash Batches": 1,
                                "Peak Memory Usage": 515,
                                "Plans": [
                                    {
                                        "Node Type": "Hash Join",
                                        "Parent Relationship": "Outer",
                                        "Parallel Aware": false,
                                        "Join Type": "Inner",
                                        "Startup Cost": 40000140558.54,
                                        "Total Cost": 40000165706.38,
                                        "Plan Rows": 142,
                                        "Plan Width": 29,
                                        "Actual Startup Time": 1918.804,
                                        "Actual Total Time": 2140.107,
                                        "Actual Rows": 7465,
                                        "Actual Loops": 1,
                                        "Output": [
                                            "cc.movie_id",
                                            "mi.movie_id",
                                            "t.title",
                                            "t.id"
                                        ],
                                        "Inner Unique": true,
                                        "Hash Cond": "(mi.info_type_id = it1.id)",
                                        "Plans": [
                                            {
                                                "Node Type": "Nested Loop",
                                                "Parent Relationship": "Outer",
                                                "Parallel Aware": false,
                                                "Join Type": "Inner",
                                                "Startup Cost": 30000140544.41,
                                                "Total Cost": 30000165648.45,
                                                "Plan Rows": 16083,
                                                "Plan Width": 33,
                                                "Actual Startup Time": 1918.704,
                                                "Actual Total Time": 2135.765,
                                                "Actual Rows": 18659,
                                                "Actual Loops": 1,
                                                "Output": [
                                                    "cc.movie_id",
                                                    "mi.movie_id",
                                                    "mi.info_type_id",
                                                    "t.title",
                                                    "t.id"
                                                ],
                                                "Inner Unique": false,
                                                "Plans": [
                                                    {
                                                        "Node Type": "Merge Join",
                                                        "Parent Relationship": "Outer",
                                                        "Parallel Aware": false,
                                                        "Join Type": "Inner",
                                                        "Startup Cost": 20000140543.53,
                                                        "Total Cost": 20000140681.31,
                                                        "Plan Rows": 4239,
                                                        "Plan Width": 25,
                                                        "Actual Startup Time": 1918.668,
                                                        "Actual Total Time": 1926.44,
                                                        "Actual Rows": 14753,
                                                        "Actual Loops": 1,
                                                        "Output": [
                                                            "cc.movie_id",
                                                            "t.title",
                                                            "t.id"
                                                        ],
                                                        "Inner Unique": false,
                                                        "Merge Cond": "(t.kind_id = kt.id)",
                                                        "Plans": [
                                                            {
                                                                "Node Type": "Sort",
                                                                "Parent Relationship": "Outer",
                                                                "Parallel Aware": false,
                                                                "Startup Cost": 10000140542.44,
                                                                "Total Cost": 10000140579.53,
                                                                "Plan Rows": 14838,
                                                                "Plan Width": 29,
                                                                "Actual Startup Time": 1918.638,
                                                                "Actual Total Time": 1920.781,
                                                                "Actual Rows": 16217,
                                                                "Actual Loops": 1,
                                                                "Output": [
                                                                    "cc.movie_id",
                                                                    "t.title",
                                                                    "t.kind_id",
                                                                    "t.id"
                                                                ],
                                                                "Sort Key": [
                                                                    "t.kind_id"
                                                                ],
                                                                "Sort Method": "quicksort",
                                                                "Sort Space Used": 1707,
                                                                "Sort Space Type": "Memory",
                                                                "Plans": [
                                                                    {
                                                                        "Node Type": "Hash Join",
                                                                        "Parent Relationship": "Outer",
                                                                        "Parallel Aware": false,
                                                                        "Join Type": "Inner",
                                                                        "Startup Cost": 10000139078.88,
                                                                        "Total Cost": 10000139514.38,
                                                                        "Plan Rows": 14838,
                                                                        "Plan Width": 29,
                                                                        "Actual Startup Time": 1895.96,
                                                                        "Actual Total Time": 1916.03,
                                                                        "Actual Rows": 16217,
                                                                        "Actual Loops": 1,
                                                                        "Output": [
                                                                            "cc.movie_id",
                                                                            "t.title",
                                                                            "t.kind_id",
                                                                            "t.id"
                                                                        ],
                                                                        "Inner Unique": true,
                                                                        "Hash Cond": "(cc.movie_id = t.id)",
                                                                        "Plans": [
                                                                            {
                                                                                "Node Type": "Hash Join",
                                                                                "Parent Relationship": "Outer",
                                                                                "Parallel Aware": false,
                                                                                "Join Type": "Inner",
                                                                                "Startup Cost": 10000003901.93,
                                                                                "Total Cost": 10000004270.94,
                                                                                "Plan Rows": 25329,
                                                                                "Plan Width": 4,
                                                                                "Actual Startup Time": 14.005,
                                                                                "Actual Total Time": 17.46,
                                                                                "Actual Rows": 42432,
                                                                                "Actual Loops": 1,
                                                                                "Output": [
                                                                                    "cc.movie_id"
                                                                                ],
                                                                                "Inner Unique": false,
                                                                                "Hash Cond": "(cct2.id = cc.status_id)",
                                                                                "Plans": [
                                                                                    {
                                                                                        "Node Type": "Index Scan",
                                                                                        "Parent Relationship": "Outer",
                                                                                        "Parallel Aware": false,
                                                                                        "Scan Direction": "Forward",
                                                                                        "Index Name": "comp_cast_type_pkey",
                                                                                        "Relation Name": "comp_cast_type",
                                                                                        "Schema": "public",
                                                                                        "Alias": "cct2",
                                                                                        "Startup Cost": 0.13,
                                                                                        "Total Cost": 12.2,
                                                                                        "Plan Rows": 3,
                                                                                        "Plan Width": 4,
                                                                                        "Actual Startup Time": 0.021,
                                                                                        "Actual Total Time": 0.028,
                                                                                        "Actual Rows": 3,
                                                                                        "Actual Loops": 1,
                                                                                        "Output": [
                                                                                            "cct2.id",
                                                                                            "cct2.kind"
                                                                                        ],
                                                                                        "Filter": "((cct2.kind)::text <> 'complete+verified'::text)",
                                                                                        "Rows Removed by Filter": 1
                                                                                    },
                                                                                    {
                                                                                        "Node Type": "Hash",
                                                                                        "Parent Relationship": "Inner",
                                                                                        "Parallel Aware": false,
                                                                                        "Startup Cost": 10000003479.65,
                                                                                        "Total Cost": 10000003479.65,
                                                                                        "Plan Rows": 33772,
                                                                                        "Plan Width": 8,
                                                                                        "Actual Startup Time": 13.907,
                                                                                        "Actual Total Time": 13.912,
                                                                                        "Actual Rows": 49145,
                                                                                        "Actual Loops": 1,
                                                                                        "Output": [
                                                                                            "cc.movie_id",
                                                                                            "cc.status_id"
                                                                                        ],
                                                                                        "Hash Buckets": 65536,
                                                                                        "Original Hash Buckets": 65536,
                                                                                        "Hash Batches": 1,
                                                                                        "Original Hash Batches": 1,
                                                                                        "Peak Memory Usage": 2432,
                                                                                        "Plans": [
                                                                                            {
                                                                                                "Node Type": "Nested Loop",
                                                                                                "Parent Relationship": "Outer",
                                                                                                "Parallel Aware": false,
                                                                                                "Join Type": "Inner",
                                                                                                "Startup Cost": 10000001227.88,
                                                                                                "Total Cost": 10000003479.65,
                                                                                                "Plan Rows": 33772,
                                                                                                "Plan Width": 8,
                                                                                                "Actual Startup Time": 1.591,
                                                                                                "Actual Total Time": 9.421,
                                                                                                "Actual Rows": 49145,
                                                                                                "Actual Loops": 1,
                                                                                                "Output": [
                                                                                                    "cc.movie_id",
                                                                                                    "cc.status_id"
                                                                                                ],
                                                                                                "Inner Unique": false,
                                                                                                "Plans": [
                                                                                                    {
                                                                                                        "Node Type": "Seq Scan",
                                                                                                        "Parent Relationship": "Outer",
                                                                                                        "Parallel Aware": false,
                                                                                                        "Relation Name": "comp_cast_type",
                                                                                                        "Schema": "public",
                                                                                                        "Alias": "cct1",
                                                                                                        "Startup Cost": 0.0,
                                                                                                        "Total Cost": 1.05,
                                                                                                        "Plan Rows": 1,
                                                                                                        "Plan Width": 4,
                                                                                                        "Actual Startup Time": 0.013,
                                                                                                        "Actual Total Time": 0.016,
                                                                                                        "Actual Rows": 1,
                                                                                                        "Actual Loops": 1,
                                                                                                        "Output": [
                                                                                                            "cct1.id",
                                                                                                            "cct1.kind"
                                                                                                        ],
                                                                                                        "Filter": "((cct1.kind)::text = 'crew'::text)",
                                                                                                        "Rows Removed by Filter": 3
                                                                                                    },
                                                                                                    {
                                                                                                        "Node Type": "Bitmap Heap Scan",
                                                                                                        "Parent Relationship": "Inner",
                                                                                                        "Parallel Aware": false,
                                                                                                        "Relation Name": "complete_cast",
                                                                                                        "Schema": "public",
                                                                                                        "Alias": "cc",
                                                                                                        "Startup Cost": 1227.88,
                                                                                                        "Total Cost": 2803.17,
                                                                                                        "Plan Rows": 67543,
                                                                                                        "Plan Width": 12,
                                                                                                        "Actual Startup Time": 1.57,
                                                                                                        "Actual Total Time": 5.326,
                                                                                                        "Actual Rows": 49145,
                                                                                                        "Actual Loops": 1,
                                                                                                        "Output": [
                                                                                                            "cc.id",
                                                                                                            "cc.movie_id",
                                                                                                            "cc.subject_id",
                                                                                                            "cc.status_id"
                                                                                                        ],
                                                                                                        "Recheck Cond": "(cc.subject_id = cct1.id)",
                                                                                                        "Rows Removed by Index Recheck": 0,
                                                                                                        "Exact Heap Blocks": 267,
                                                                                                        "Lossy Heap Blocks": 0,
                                                                                                        "Plans": [
                                                                                                            {
                                                                                                                "Node Type": "Bitmap Index Scan",
                                                                                                                "Parent Relationship": "Outer",
                                                                                                                "Parallel Aware": false,
                                                                                                                "Index Name": "subject_id_complete_cast",
                                                                                                                "Startup Cost": 0.0,
                                                                                                                "Total Cost": 1210.99,
                                                                                                                "Plan Rows": 67543,
                                                                                                                "Plan Width": 0,
                                                                                                                "Actual Startup Time": 1.541,
                                                                                                                "Actual Total Time": 1.541,
                                                                                                                "Actual Rows": 49145,
                                                                                                                "Actual Loops": 1,
                                                                                                                "Index Cond": "(cc.subject_id = cct1.id)"
                                                                                                            }
                                                                                                        ]
                                                                                                    }
                                                                                                ]
                                                                                            }
                                                                                        ]
                                                                                    }
                                                                                ]
                                                                            },
                                                                            {
                                                                                "Node Type": "Hash",
                                                                                "Parent Relationship": "Inner",
                                                                                "Parallel Aware": false,
                                                                                "Startup Cost": 116662.9,
                                                                                "Total Cost": 116662.9,
                                                                                "Plan Rows": 1481124,
                                                                                "Plan Width": 25,
                                                                                "Actual Startup Time": 1879.735,
                                                                                "Actual Total Time": 1879.737,
                                                                                "Actual Rows": 1485030,
                                                                                "Actual Loops": 1,
                                                                                "Output": [
                                                                                    "t.title",
                                                                                    "t.kind_id",
                                                                                    "t.id"
                                                                                ],
                                                                                "Hash Buckets": 2097152,
                                                                                "Original Hash Buckets": 2097152,
                                                                                "Hash Batches": 1,
                                                                                "Original Hash Batches": 1,
                                                                                "Peak Memory Usage": 101691,
                                                                                "Plans": [
                                                                                    {
                                                                                        "Node Type": "Index Scan",
                                                                                        "Parent Relationship": "Outer",
                                                                                        "Parallel Aware": false,
                                                                                        "Scan Direction": "Forward",
                                                                                        "Index Name": "title_pkey",
                                                                                        "Relation Name": "title",
                                                                                        "Schema": "public",
                                                                                        "Alias": "t",
                                                                                        "Startup Cost": 0.43,
                                                                                        "Total Cost": 116662.9,
                                                                                        "Plan Rows": 1481124,
                                                                                        "Plan Width": 25,
                                                                                        "Actual Startup Time": 0.026,
                                                                                        "Actual Total Time": 1386.125,
                                                                                        "Actual Rows": 1485030,
                                                                                        "Actual Loops": 1,
                                                                                        "Output": [
                                                                                            "t.title",
                                                                                            "t.kind_id",
                                                                                            "t.id"
                                                                                        ],
                                                                                        "Filter": "(t.production_year > 1998)",
                                                                                        "Rows Removed by Filter": 1043282
                                                                                    }
                                                                                ]
                                                                            }
                                                                        ]
                                                                    }
                                                                ]
                                                            },
                                                            {
                                                                "Node Type": "Sort",
                                                                "Parent Relationship": "Inner",
                                                                "Parallel Aware": false,
                                                                "Startup Cost": 10000000001.1,
                                                                "Total Cost": 10000000001.1,
                                                                "Plan Rows": 2,
                                                                "Plan Width": 4,
                                                                "Actual Startup Time": 0.024,
                                                                "Actual Total Time": 1.278,
                                                                "Actual Rows": 1759,
                                                                "Actual Loops": 1,
                                                                "Output": [
                                                                    "kt.id"
                                                                ],
                                                                "Sort Key": [
                                                                    "kt.id"
                                                                ],
                                                                "Sort Method": "quicksort",
                                                                "Sort Space Used": 25,
                                                                "Sort Space Type": "Memory",
                                                                "Plans": [
                                                                    {
                                                                        "Node Type": "Seq Scan",
                                                                        "Parent Relationship": "Outer",
                                                                        "Parallel Aware": false,
                                                                        "Relation Name": "kind_type",
                                                                        "Schema": "public",
                                                                        "Alias": "kt",
                                                                        "Startup Cost": 10000000000.0,
                                                                        "Total Cost": 10000000001.09,
                                                                        "Plan Rows": 2,
                                                                        "Plan Width": 4,
                                                                        "Actual Startup Time": 0.015,
                                                                        "Actual Total Time": 0.016,
                                                                        "Actual Rows": 2,
                                                                        "Actual Loops": 1,
                                                                        "Output": [
                                                                            "kt.id"
                                                                        ],
                                                                        "Filter": "((kt.kind)::text = ANY ('{movie,episode}'::text[]))",
                                                                        "Rows Removed by Filter": 5
                                                                    }
                                                                ]
                                                            }
                                                        ]
                                                    },
                                                    {
                                                        "Node Type": "Bitmap Heap Scan",
                                                        "Parent Relationship": "Inner",
                                                        "Parallel Aware": false,
                                                        "Relation Name": "movie_info",
                                                        "Schema": "public",
                                                        "Alias": "mi",
                                                        "Startup Cost": 0.87,
                                                        "Total Cost": 5.85,
                                                        "Plan Rows": 4,
                                                        "Plan Width": 8,
                                                        "Actual Startup Time": 0.008,
                                                        "Actual Total Time": 0.012,
                                                        "Actual Rows": 1,
                                                        "Actual Loops": 14753,
                                                        "Output": [
                                                            "mi.id",
                                                            "mi.movie_id",
                                                            "mi.info_type_id",
                                                            "mi.info",
                                                            "mi.note"
                                                        ],
                                                        "Recheck Cond": "(mi.movie_id = t.id)",
                                                        "Rows Removed by Index Recheck": 0,
                                                        "Filter": "(mi.info = ANY ('{German,English,USA,Germany,Bulgaria,Danish,Norwegian,Sweden,Denmark,America}'::text[]))",
                                                        "Rows Removed by Filter": 13,
                                                        "Exact Heap Blocks": 90525,
                                                        "Lossy Heap Blocks": 0,
                                                        "Plans": [
                                                            {
                                                                "Node Type": "Bitmap Index Scan",
                                                                "Parent Relationship": "Outer",
                                                                "Parallel Aware": false,
                                                                "Index Name": "movie_id_movie_info",
                                                                "Startup Cost": 0.0,
                                                                "Total Cost": 0.87,
                                                                "Plan Rows": 39,
                                                                "Plan Width": 0,
                                                                "Actual Startup Time": 0.003,
                                                                "Actual Total Time": 0.003,
                                                                "Actual Rows": 15,
                                                                "Actual Loops": 14753,
                                                                "Index Cond": "(mi.movie_id = t.id)"
                                                            }
                                                        ]
                                                    }
                                                ]
                                            },
                                            {
                                                "Node Type": "Hash",
                                                "Parent Relationship": "Inner",
                                                "Parallel Aware": false,
                                                "Startup Cost": 10000000014.12,
                                                "Total Cost": 10000000014.12,
                                                "Plan Rows": 1,
                                                "Plan Width": 4,
                                                "Actual Startup Time": 0.025,
                                                "Actual Total Time": 0.027,
                                                "Actual Rows": 1,
                                                "Actual Loops": 1,
                                                "Output": [
                                                    "it1.id"
                                                ],
                                                "Hash Buckets": 1024,
                                                "Original Hash Buckets": 1024,
                                                "Hash Batches": 1,
                                                "Original Hash Batches": 1,
                                                "Peak Memory Usage": 9,
                                                "Plans": [
                                                    {
                                                        "Node Type": "Index Scan",
                                                        "Parent Relationship": "Outer",
                                                        "Parallel Aware": false,
                                                        "Scan Direction": "Forward",
                                                        "Index Name": "info_type_pkey",
                                                        "Relation Name": "info_type",
                                                        "Schema": "public",
                                                        "Alias": "it1",
                                                        "Startup Cost": 10000000000.14,
                                                        "Total Cost": 10000000014.12,
                                                        "Plan Rows": 1,
                                                        "Plan Width": 4,
                                                        "Actual Startup Time": 0.007,
                                                        "Actual Total Time": 0.023,
                                                        "Actual Rows": 1,
                                                        "Actual Loops": 1,
                                                        "Output": [
                                                            "it1.id"
                                                        ],
                                                        "Filter": "((it1.info)::text = 'countries'::text)",
                                                        "Rows Removed by Filter": 112
                                                    }
                                                ]
                                            }
                                        ]
                                    }
                                ]
                            }
                        ]
                    },
                    {
                        "Node Type": "Bitmap Heap Scan",
                        "Parent Relationship": "Inner",
                        "Parallel Aware": false,
                        "Relation Name": "keyword",
                        "Schema": "public",
                        "Alias": "k",
                        "Startup Cost": 0.43,
                        "Total Cost": 4.45,
                        "Plan Rows": 1,
                        "Plan Width": 4,
                        "Actual Startup Time": 0.003,
                        "Actual Total Time": 0.003,
                        "Actual Rows": 0,
                        "Actual Loops": 841911,
                        "Output": [
                            "k.id",
                            "k.keyword",
                            "k.phonetic_code"
                        ],
                        "Recheck Cond": "(k.id = mk.keyword_id)",
                        "Rows Removed by Index Recheck": 0,
                        "Filter": "(k.keyword = ANY ('{murder,murder-in-title,blood,violence}'::text[]))",
                        "Rows Removed by Filter": 1,
                        "Exact Heap Blocks": 841911,
                        "Lossy Heap Blocks": 0,
                        "Plans": [
                            {
                                "Node Type": "Bitmap Index Scan",
                                "Parent Relationship": "Outer",
                                "Parallel Aware": false,
                                "Index Name": "keyword_pkey",
                                "Startup Cost": 0.0,
                                "Total Cost": 0.43,
                                "Plan Rows": 1,
                                "Plan Width": 0,
                                "Actual Startup Time": 0.002,
                                "Actual Total Time": 0.002,
                                "Actual Rows": 1,
                                "Actual Loops": 841911,
                                "Index Cond": "(k.id = mk.keyword_id)"
                            }
                        ]
                    }
                ]
            }
        ]
    },
    "Planning Time": 155.661,
    "Triggers": [],
    "Execution Time": 152769.248
}