[
  {
    "Plan": {
      "Node Type": "Aggregate",
      "Strategy": "Plain",
      "Partial Mode": "Finalize",
      "Parallel Aware": false,
      "Startup Cost": 61760.01,
      "Total Cost": 61760.02,
      "Plan Rows": 1,
      "Plan Width": 8,
      "Actual Startup Time": 204.445,
      "Actual Total Time": 217.854,
      "Actual Rows": 1,
      "Actual Loops": 1,
      "Plans": [
        {
          "Node Type": "Gather",
          "Parent Relationship": "Outer",
          "Parallel Aware": false,
          "Startup Cost": 61759.79,
          "Total Cost": 61760.0,
          "Plan Rows": 2,
          "Plan Width": 8,
          "Actual Startup Time": 203.906,
          "Actual Total Time": 217.845,
          "Actual Rows": 3,
          "Actual Loops": 1,
          "Workers Planned": 2,
          "Workers Launched": 2,
          "Single Copy": false,
          "Plans": [
            {
              "Node Type": "Aggregate",
              "Strategy": "Plain",
              "Partial Mode": "Partial",
              "Parent Relationship": "Outer",
              "Parallel Aware": false,
              "Startup Cost": 60759.79,
              "Total Cost": 60759.8,
              "Plan Rows": 1,
              "Plan Width": 8,
              "Actual Startup Time": 197.928,
              "Actual Total Time": 197.931,
              "Actual Rows": 1,
              "Actual Loops": 3,
              "Plans": [
                {
                  "Node Type": "Hash Join",
                  "Parent Relationship": "Outer",
                  "Parallel Aware": true,
                  "Join Type": "Inner",
                  "Startup Cost": 45551.97,
                  "Total Cost": 60746.53,
                  "Plan Rows": 5303,
                  "Plan Width": 0,
                  "Actual Startup Time": 152.443,
                  "Actual Total Time": 197.672,
                  "Actual Rows": 5173,
                  "Actual Loops": 3,
                  "Inner Unique": true,
                  "Hash Cond": "(mi_idx.movie_id = t.id)",
                  "Plans": [
                    {
                      "Node Type": "Seq Scan",
                      "Parent Relationship": "Outer",
                      "Parallel Aware": true,
                      "Relation Name": "movie_info_idx",
                      "Alias": "mi_idx",
                      "Startup Cost": 0.0,
                      "Total Cost": 13685.15,
                      "Plan Rows": 575015,
                      "Plan Width": 4,
                      "Actual Startup Time": 0.024,
                      "Actual Total Time": 34.807,
                      "Actual Rows": 460012,
                      "Actual Loops": 3
                    },
                    {
                      "Node Type": "Hash",
                      "Parent Relationship": "Inner",
                      "Parallel Aware": true,
                      "Startup Cost": 45479.1,
                      "Total Cost": 45479.1,
                      "Plan Rows": 5830,
                      "Plan Width": 4,
                      "Actual Startup Time": 120.207,
                      "Actual Total Time": 120.208,
                      "Actual Rows": 27215,
                      "Actual Loops": 3,
                      "Hash Buckets": 131072,
                      "Original Hash Buckets": 32768,
                      "Hash Batches": 1,
                      "Original Hash Batches": 1,
                      "Peak Memory Usage": 5024,
                      "Plans": [
                        {
                          "Node Type": "Seq Scan",
                          "Parent Relationship": "Outer",
                          "Parallel Aware": true,
                          "Relation Name": "title",
                          "Alias": "t",
                          "Startup Cost": 0.0,
                          "Total Cost": 45479.1,
                          "Plan Rows": 5830,
                          "Plan Width": 4,
                          "Actual Startup Time": 68.413,
                          "Actual Total Time": 109.322,
                          "Actual Rows": 27215,
                          "Actual Loops": 3,
                          "Filter": "((kind_id < 3) AND (production_year < 1919))",
                          "Rows Removed by Filter": 815556
                        }
                      ]
                    }
                  ]
                }
              ]
            }
          ]
        }
      ]
    },
    "Planning Time": 0.644,
    "Triggers": [],
    "Execution Time": 217.924
  }
]