[
  {
    "Plan": {
      "Node Type": "Aggregate",
      "Strategy": "Plain",
      "Partial Mode": "Finalize",
      "Parallel Aware": false,
      "Startup Cost": 337323.27,
      "Total Cost": 337323.28,
      "Plan Rows": 1,
      "Plan Width": 8,
      "Actual Startup Time": 739.493,
      "Actual Total Time": 799.295,
      "Actual Rows": 1,
      "Actual Loops": 1,
      "Plans": [
        {
          "Node Type": "Gather",
          "Parent Relationship": "Outer",
          "Parallel Aware": false,
          "Startup Cost": 337322.65,
          "Total Cost": 337323.26,
          "Plan Rows": 6,
          "Plan Width": 8,
          "Actual Startup Time": 739.355,
          "Actual Total Time": 799.285,
          "Actual Rows": 7,
          "Actual Loops": 1,
          "Workers Planned": 6,
          "Workers Launched": 6,
          "Single Copy": false,
          "Plans": [
            {
              "Node Type": "Aggregate",
              "Strategy": "Plain",
              "Partial Mode": "Partial",
              "Parent Relationship": "Outer",
              "Parallel Aware": false,
              "Startup Cost": 336322.65,
              "Total Cost": 336322.66,
              "Plan Rows": 1,
              "Plan Width": 8,
              "Actual Startup Time": 729.095,
              "Actual Total Time": 729.096,
              "Actual Rows": 1,
              "Actual Loops": 7,
              "Plans": [
                {
                  "Node Type": "Seq Scan",
                  "Parent Relationship": "Outer",
                  "Parallel Aware": true,
                  "Relation Name": "cast_info",
                  "Alias": "ci",
                  "Startup Cost": 0.0,
                  "Total Cost": 328162.03,
                  "Plan Rows": 3264248,
                  "Plan Width": 0,
                  "Actual Startup Time": 184.617,
                  "Actual Total Time": 609.413,
                  "Actual Rows": 2800171,
                  "Actual Loops": 7,
                  "Filter": "(person_id > 1647826)",
                  "Rows Removed by Filter": 2377593
                }
              ]
            }
          ]
        }
      ]
    },
    "Planning Time": 0.17,
    "Triggers": [],
    "Execution Time": 799.364
  }
]