[
  {
    "Plan": {
      "Node Type": "Aggregate",
      "Strategy": "Plain",
      "Partial Mode": "Finalize",
      "Parallel Aware": false,
      "Startup Cost": 46804.0,
      "Total Cost": 46804.01,
      "Plan Rows": 1,
      "Plan Width": 8,
      "Actual Startup Time": 170.594,
      "Actual Total Time": 183.056,
      "Actual Rows": 1,
      "Actual Loops": 1,
      "Plans": [
        {
          "Node Type": "Gather",
          "Parent Relationship": "Outer",
          "Parallel Aware": false,
          "Startup Cost": 46803.68,
          "Total Cost": 46803.99,
          "Plan Rows": 3,
          "Plan Width": 8,
          "Actual Startup Time": 170.48,
          "Actual Total Time": 183.046,
          "Actual Rows": 4,
          "Actual Loops": 1,
          "Workers Planned": 3,
          "Workers Launched": 3,
          "Single Copy": false,
          "Plans": [
            {
              "Node Type": "Aggregate",
              "Strategy": "Plain",
              "Partial Mode": "Partial",
              "Parent Relationship": "Outer",
              "Parallel Aware": false,
              "Startup Cost": 45803.68,
              "Total Cost": 45803.69,
              "Plan Rows": 1,
              "Plan Width": 8,
              "Actual Startup Time": 165.361,
              "Actual Total Time": 165.363,
              "Actual Rows": 1,
              "Actual Loops": 4,
              "Plans": [
                {
                  "Node Type": "Seq Scan",
                  "Parent Relationship": "Outer",
                  "Parallel Aware": true,
                  "Relation Name": "movie_keyword",
                  "Alias": "mk",
                  "Startup Cost": 0.0,
                  "Total Cost": 42695.65,
                  "Plan Rows": 1243210,
                  "Plan Width": 0,
                  "Actual Startup Time": 0.039,
                  "Actual Total Time": 121.765,
                  "Actual Rows": 963117,
                  "Actual Loops": 4,
                  "Filter": "(keyword_id < 27936)",
                  "Rows Removed by Filter": 167866
                }
              ]
            }
          ]
        }
      ]
    },
    "Planning Time": 0.163,
    "Triggers": [],
    "Execution Time": 183.103
  }
]