{
  "Plan": {
    "Node Type": "Aggregate",
    "Strategy": "Plain",
    "Partial Mode": "Finalize",
    "Parallel Aware": false,
    "Startup Cost": 91051.34,
    "Total Cost": 91051.35,
    "Plan Rows": 1,
    "Plan Width": 8,
    "Actual Startup Time": 188.239,
    "Actual Total Time": 198.608,
    "Actual Rows": 1,
    "Actual Loops": 1,
    "Plans": [
      {
        "Node Type": "Gather",
        "Parent Relationship": "Outer",
        "Parallel Aware": false,
        "Startup Cost": 91051.23,
        "Total Cost": 91051.34,
        "Plan Rows": 1,
        "Plan Width": 8,
        "Actual Startup Time": 188.102,
        "Actual Total Time": 198.603,
        "Actual Rows": 2,
        "Actual Loops": 1,
        "Workers Planned": 1,
        "Workers Launched": 1,
        "Single Copy": false,
        "Plans": [
          {
            "Node Type": "Aggregate",
            "Strategy": "Plain",
            "Partial Mode": "Partial",
            "Parent Relationship": "Outer",
            "Parallel Aware": false,
            "Startup Cost": 90051.23,
            "Total Cost": 90051.24,
            "Plan Rows": 1,
            "Plan Width": 8,
            "Actual Startup Time": 184.846,
            "Actual Total Time": 184.849,
            "Actual Rows": 1,
            "Actual Loops": 2,
            "Plans": [
              {
                "Node Type": "Nested Loop",
                "Parent Relationship": "Outer",
                "Parallel Aware": false,
                "Join Type": "Inner",
                "Startup Cost": 65273.86,
                "Total Cost": 90045.21,
                "Plan Rows": 2407,
                "Plan Width": 0,
                "Actual Startup Time": 145.058,
                "Actual Total Time": 184.728,
                "Actual Rows": 2252,
                "Actual Loops": 2,
                "Inner Unique": false,
                "Join Filter": "(t.id = mk.movie_id)",
                "Rows Removed by Join Filter": 0,
                "Plans": [
                  {
                    "Node Type": "Hash Join",
                    "Parent Relationship": "Outer",
                    "Parallel Aware": true,
                    "Join Type": "Inner",
                    "Startup Cost": 65273.43,
                    "Total Cost": 86868.8,
                    "Plan Rows": 1345,
                    "Plan Width": 8,
                    "Actual Startup Time": 144.994,
                    "Actual Total Time": 181.07,
                    "Actual Rows": 318,
                    "Actual Loops": 2,
                    "Inner Unique": true,
                    "Hash Cond": "(mc.movie_id = t.id)",
                    "Plans": [
                      {
                        "Node Type": "Bitmap Heap Scan",
                        "Parent Relationship": "Outer",
                        "Parallel Aware": true,
                        "Relation Name": "movie_companies",
                        "Alias": "mc",
                        "Startup Cost": 6832.11,
                        "Total Cost": 27940.6,
                        "Plan Rows": 185479,
                        "Plan Width": 4,
                        "Actual Startup Time": 13.465,
                        "Actual Total Time": 34.178,
                        "Actual Rows": 156866,
                        "Actual Loops": 2,
                        "Recheck Cond": "(company_id > 92222)",
                        "Rows Removed by Index Recheck": 0,
                        "Exact Heap Blocks": 2710,
                        "Lossy Heap Blocks": 0,
                        "Plans": [
                          {
                            "Node Type": "Bitmap Index Scan",
                            "Parent Relationship": "Outer",
                            "Parallel Aware": false,
                            "Index Name": "company_id_movie_companies",
                            "Startup Cost": 0.0,
                            "Total Cost": 6753.28,
                            "Plan Rows": 315314,
                            "Plan Width": 0,
                            "Actual Startup Time": 12.795,
                            "Actual Total Time": 12.795,
                            "Actual Rows": 313732,
                            "Actual Loops": 1,
                            "Index Cond": "(company_id > 92222)"
                          }
                        ]
                      },
                      {
                        "Node Type": "Hash",
                        "Parent Relationship": "Inner",
                        "Parallel Aware": true,
                        "Startup Cost": 58306.47,
                        "Total Cost": 58306.47,
                        "Plan Rows": 10788,
                        "Plan Width": 4,
                        "Actual Startup Time": 130.456,
                        "Actual Total Time": 130.457,
                        "Actual Rows": 9396,
                        "Actual Loops": 2,
                        "Hash Buckets": 32768,
                        "Original Hash Buckets": 32768,
                        "Hash Batches": 1,
                        "Original Hash Batches": 1,
                        "Peak Memory Usage": 1024,
                        "Plans": [
                          {
                            "Node Type": "Seq Scan",
                            "Parent Relationship": "Outer",
                            "Parallel Aware": true,
                            "Relation Name": "title",
                            "Alias": "t",
                            "Startup Cost": 0.0,
                            "Total Cost": 58306.47,
                            "Plan Rows": 10788,
                            "Plan Width": 4,
                            "Actual Startup Time": 0.043,
                            "Actual Total Time": 127.039,
                            "Actual Rows": 9396,
                            "Actual Loops": 2,
                            "Filter": "((kind_id > 1) AND (production_year = 1991))",
                            "Rows Removed by Filter": 1254760
                          }
                        ]
                      }
                    ]
                  },
                  {
                    "Node Type": "Index Only Scan",
                    "Parent Relationship": "Inner",
                    "Parallel Aware": false,
                    "Scan Direction": "Forward",
                    "Index Name": "movie_id_movie_keyword",
                    "Relation Name": "movie_keyword",
                    "Alias": "mk",
                    "Startup Cost": 0.43,
                    "Total Cost": 1.8,
                    "Plan Rows": 45,
                    "Plan Width": 4,
                    "Actual Startup Time": 0.009,
                    "Actual Total Time": 0.01,
                    "Actual Rows": 7,
                    "Actual Loops": 637,
                    "Index Cond": "(movie_id = mc.movie_id)",
                    "Rows Removed by Index Recheck": 0,
                    "Heap Fetches": 4505
                  }
                ]
              }
            ]
          }
        ]
      }
    ]
  },
  "Planning Time": 0.577,
  "Triggers": [],
  "Execution Time": 198.679
}