[
  {
    "Plan": {
      "Node Type": "Aggregate",
      "Strategy": "Plain",
      "Partial Mode": "Finalize",
      "Parallel Aware": false,
      "Startup Cost": 331089.07,
      "Total Cost": 331089.08,
      "Plan Rows": 1,
      "Plan Width": 8,
      "Actual Startup Time": 524.193,
      "Actual Total Time": 546.925,
      "Actual Rows": 1,
      "Actual Loops": 1,
      "Plans": [
        {
          "Node Type": "Gather",
          "Parent Relationship": "Outer",
          "Parallel Aware": false,
          "Startup Cost": 331088.45,
          "Total Cost": 331089.06,
          "Plan Rows": 6,
          "Plan Width": 8,
          "Actual Startup Time": 524.09,
          "Actual Total Time": 546.918,
          "Actual Rows": 7,
          "Actual Loops": 1,
          "Workers Planned": 6,
          "Workers Launched": 6,
          "Single Copy": false,
          "Plans": [
            {
              "Node Type": "Aggregate",
              "Strategy": "Plain",
              "Partial Mode": "Partial",
              "Parent Relationship": "Outer",
              "Parallel Aware": false,
              "Startup Cost": 330088.45,
              "Total Cost": 330088.46,
              "Plan Rows": 1,
              "Plan Width": 8,
              "Actual Startup Time": 518.158,
              "Actual Total Time": 518.159,
              "Actual Rows": 1,
              "Actual Loops": 7,
              "Plans": [
                {
                  "Node Type": "Seq Scan",
                  "Parent Relationship": "Outer",
                  "Parallel Aware": true,
                  "Relation Name": "cast_info",
                  "Alias": "ci",
                  "Startup Cost": 0.0,
                  "Total Cost": 328213.62,
                  "Plan Rows": 749933,
                  "Plan Width": 0,
                  "Actual Startup Time": 0.034,
                  "Actual Total Time": 488.828,
                  "Actual Rows": 654064,
                  "Actual Loops": 7,
                  "Filter": "(person_id < 442050)",
                  "Rows Removed by Filter": 4523699
                }
              ]
            }
          ]
        }
      ]
    },
    "Planning Time": 0.068,
    "Triggers": [],
    "Execution Time": 546.951
  }
]