[
  {
    "Plan": {
      "Node Type": "Aggregate",
      "Strategy": "Plain",
      "Partial Mode": "Finalize",
      "Parallel Aware": false,
      "Startup Cost": 124653.13,
      "Total Cost": 124653.14,
      "Plan Rows": 1,
      "Plan Width": 8,
      "Actual Startup Time": 990.599,
      "Actual Total Time": 1009.925,
      "Actual Rows": 1,
      "Actual Loops": 1,
      "Plans": [
        {
          "Node Type": "Gather",
          "Parent Relationship": "Outer",
          "Parallel Aware": false,
          "Startup Cost": 124652.81,
          "Total Cost": 124653.12,
          "Plan Rows": 3,
          "Plan Width": 8,
          "Actual Startup Time": 985.376,
          "Actual Total Time": 1009.913,
          "Actual Rows": 4,
          "Actual Loops": 1,
          "Workers Planned": 3,
          "Workers Launched": 3,
          "Single Copy": false,
          "Plans": [
            {
              "Node Type": "Aggregate",
              "Strategy": "Plain",
              "Partial Mode": "Partial",
              "Parent Relationship": "Outer",
              "Parallel Aware": false,
              "Startup Cost": 123652.81,
              "Total Cost": 123652.82,
              "Plan Rows": 1,
              "Plan Width": 8,
              "Actual Startup Time": 978.572,
              "Actual Total Time": 978.763,
              "Actual Rows": 1,
              "Actual Loops": 4,
              "Plans": [
                {
                  "Node Type": "Hash Join",
                  "Parent Relationship": "Outer",
                  "Parallel Aware": true,
                  "Join Type": "Inner",
                  "Startup Cost": 77781.95,
                  "Total Cost": 123062.92,
                  "Plan Rows": 235956,
                  "Plan Width": 0,
                  "Actual Startup Time": 398.026,
                  "Actual Total Time": 833.226,
                  "Actual Rows": 3362102,
                  "Actual Loops": 4,
                  "Inner Unique": false,
                  "Hash Cond": "(mk.movie_id = t.id)",
                  "Plans": [
                    {
                      "Node Type": "Seq Scan",
                      "Parent Relationship": "Outer",
                      "Parallel Aware": true,
                      "Relation Name": "movie_keyword",
                      "Alias": "mk",
                      "Startup Cost": 0.0,
                      "Total Cost": 39047.32,
                      "Plan Rows": 1459332,
                      "Plan Width": 4,
                      "Actual Startup Time": 0.04,
                      "Actual Total Time": 89.481,
                      "Actual Rows": 1130982,
                      "Actual Loops": 4
                    },
                    {
                      "Node Type": "Hash",
                      "Parent Relationship": "Inner",
                      "Parallel Aware": true,
                      "Startup Cost": 76133.5,
                      "Total Cost": 76133.5,
                      "Plan Rows": 131876,
                      "Plan Width": 8,
                      "Actual Startup Time": 394.616,
                      "Actual Total Time": 394.806,
                      "Actual Rows": 142249,
                      "Actual Loops": 4,
                      "Hash Buckets": 1048576,
                      "Original Hash Buckets": 524288,
                      "Hash Batches": 1,
                      "Original Hash Batches": 1,
                      "Peak Memory Usage": 34624,
                      "Plans": [
                        {
                          "Node Type": "Hash Join",
                          "Parent Relationship": "Outer",
                          "Parallel Aware": true,
                          "Join Type": "Inner",
                          "Startup Cost": 46717.61,
                          "Total Cost": 76133.5,
                          "Plan Rows": 131876,
                          "Plan Width": 8,
                          "Actual Startup Time": 147.082,
                          "Actual Total Time": 329.465,
                          "Actual Rows": 142249,
                          "Actual Loops": 4,
                          "Inner Unique": true,
                          "Hash Cond": "(mc.movie_id = t.id)",
                          "Plans": [
                            {
                              "Node Type": "Seq Scan",
                              "Parent Relationship": "Outer",
                              "Parallel Aware": true,
                              "Relation Name": "movie_companies",
                              "Alias": "mc",
                              "Startup Cost": 0.0,
                              "Total Cost": 27206.55,
                              "Plan Rows": 841655,
                              "Plan Width": 4,
                              "Actual Startup Time": 0.009,
                              "Actual Total Time": 67.422,
                              "Actual Rows": 652282,
                              "Actual Loops": 4
                            },
                            {
                              "Node Type": "Hash",
                              "Parent Relationship": "Inner",
                              "Parallel Aware": true,
                              "Startup Cost": 45479.59,
                              "Total Cost": 45479.59,
                              "Plan Rows": 99042,
                              "Plan Width": 4,
                              "Actual Startup Time": 145.145,
                              "Actual Total Time": 145.146,
                              "Actual Rows": 77962,
                              "Actual Loops": 4,
                              "Hash Buckets": 524288,
                              "Original Hash Buckets": 524288,
                              "Hash Batches": 1,
                              "Original Hash Batches": 1,
                              "Peak Memory Usage": 16384,
                              "Plans": [
                                {
                                  "Node Type": "Seq Scan",
                                  "Parent Relationship": "Outer",
                                  "Parallel Aware": true,
                                  "Relation Name": "title",
                                  "Alias": "t",
                                  "Startup Cost": 0.0,
                                  "Total Cost": 45479.59,
                                  "Plan Rows": 99042,
                                  "Plan Width": 4,
                                  "Actual Startup Time": 0.088,
                                  "Actual Total Time": 111.426,
                                  "Actual Rows": 77962,
                                  "Actual Loops": 4,
                                  "Filter": "((kind_id < 3) AND (production_year > 2001))",
                                  "Rows Removed by Filter": 554116
                                }
                              ]
                            }
                          ]
                        }
                      ]
                    }
                  ]
                }
              ]
            }
          ]
        }
      ]
    },
    "Planning Time": 1.385,
    "Triggers": [],
    "Execution Time": 1010.001
  }
]