[
  {
    "Plan": {
      "Node Type": "Aggregate",
      "Strategy": "Plain",
      "Partial Mode": "Simple",
      "Parallel Aware": false,
      "Startup Cost": 26637.28,
      "Total Cost": 26637.29,
      "Plan Rows": 1,
      "Plan Width": 8,
      "Actual Startup Time": 52.016,
      "Actual Total Time": 52.017,
      "Actual Rows": 1,
      "Actual Loops": 1,
      "Plans": [
        {
          "Node Type": "Bitmap Heap Scan",
          "Parent Relationship": "Outer",
          "Parallel Aware": false,
          "Relation Name": "movie_keyword",
          "Alias": "mk",
          "Startup Cost": 1279.42,
          "Total Cost": 26486.64,
          "Plan Rows": 60257,
          "Plan Width": 0,
          "Actual Startup Time": 18.807,
          "Actual Total Time": 48.009,
          "Actual Rows": 60049,
          "Actual Loops": 1,
          "Recheck Cond": "(keyword_id > 95195)",
          "Rows Removed by Index Recheck": 0,
          "Exact Heap Blocks": 13691,
          "Lossy Heap Blocks": 0,
          "Plans": [
            {
              "Node Type": "Bitmap Index Scan",
              "Parent Relationship": "Outer",
              "Parallel Aware": false,
              "Index Name": "keyword_id_movie_keyword",
              "Startup Cost": 0.0,
              "Total Cost": 1264.36,
              "Plan Rows": 60257,
              "Plan Width": 0,
              "Actual Startup Time": 12.596,
              "Actual Total Time": 12.597,
              "Actual Rows": 60049,
              "Actual Loops": 1,
              "Index Cond": "(keyword_id > 95195)"
            }
          ]
        }
      ]
    },
    "Planning Time": 0.246,
    "Triggers": [],
    "Execution Time": 52.071
  }
]