{
  "Plan": {
    "Node Type": "Aggregate",
    "Strategy": "Plain",
    "Partial Mode": "Simple",
    "Parallel Aware": false,
    "Startup Cost": 115532.47,
    "Total Cost": 115532.48,
    "Plan Rows": 1,
    "Plan Width": 8,
    "Actual Startup Time": 936.104,
    "Actual Total Time": 936.107,
    "Actual Rows": 1,
    "Actual Loops": 1,
    "Plans": [
      {
        "Node Type": "Hash Join",
        "Parent Relationship": "Outer",
        "Parallel Aware": false,
        "Join Type": "Inner",
        "Startup Cost": 114614.16,
        "Total Cost": 115532.32,
        "Plan Rows": 60,
        "Plan Width": 0,
        "Actual Startup Time": 930.457,
        "Actual Total Time": 936.077,
        "Actual Rows": 606,
        "Actual Loops": 1,
        "Inner Unique": false,
        "Hash Cond": "(mk.movie_id = t.id)",
        "Plans": [
          {
            "Node Type": "Bitmap Heap Scan",
            "Parent Relationship": "Outer",
            "Parallel Aware": false,
            "Relation Name": "movie_keyword",
            "Alias": "mk",
            "Startup Cost": 6.35,
            "Total Cost": 922.98,
            "Plan Rows": 248,
            "Plan Width": 4,
            "Actual Startup Time": 2.912,
            "Actual Total Time": 7.489,
            "Actual Rows": 4036,
            "Actual Loops": 1,
            "Recheck Cond": "(keyword_id = 7763)",
            "Rows Removed by Index Recheck": 0,
            "Exact Heap Blocks": 3253,
            "Lossy Heap Blocks": 0,
            "Plans": [
              {
                "Node Type": "Bitmap Index Scan",
                "Parent Relationship": "Outer",
                "Parallel Aware": false,
                "Index Name": "keyword_id_movie_keyword",
                "Startup Cost": 0.0,
                "Total Cost": 6.29,
                "Plan Rows": 248,
                "Plan Width": 0,
                "Actual Startup Time": 1.599,
                "Actual Total Time": 1.599,
                "Actual Rows": 4036,
                "Actual Loops": 1,
                "Index Cond": "(keyword_id = 7763)"
              }
            ]
          },
          {
            "Node Type": "Hash",
            "Parent Relationship": "Inner",
            "Parallel Aware": false,
            "Startup Cost": 106963.8,
            "Total Cost": 106963.8,
            "Plan Rows": 611520,
            "Plan Width": 8,
            "Actual Startup Time": 925.672,
            "Actual Total Time": 925.674,
            "Actual Rows": 488617,
            "Actual Loops": 1,
            "Hash Buckets": 1048576,
            "Original Hash Buckets": 1048576,
            "Hash Batches": 1,
            "Original Hash Batches": 1,
            "Peak Memory Usage": 27279,
            "Plans": [
              {
                "Node Type": "Hash Join",
                "Parent Relationship": "Outer",
                "Parallel Aware": false,
                "Join Type": "Inner",
                "Startup Cost": 81605.85,
                "Total Cost": 106963.8,
                "Plan Rows": 611520,
                "Plan Width": 8,
                "Actual Startup Time": 527.251,
                "Actual Total Time": 845.546,
                "Actual Rows": 488617,
                "Actual Loops": 1,
                "Inner Unique": true,
                "Hash Cond": "(mi_idx.movie_id = t.id)",
                "Plans": [
                  {
                    "Node Type": "Seq Scan",
                    "Parent Relationship": "Outer",
                    "Parallel Aware": false,
                    "Relation Name": "movie_info_idx",
                    "Alias": "mi_idx",
                    "Startup Cost": 0.0,
                    "Total Cost": 21735.35,
                    "Plan Rows": 1380035,
                    "Plan Width": 4,
                    "Actual Startup Time": 0.026,
                    "Actual Total Time": 90.708,
                    "Actual Rows": 1380035,
                    "Actual Loops": 1
                  },
                  {
                    "Node Type": "Hash",
                    "Parent Relationship": "Inner",
                    "Parallel Aware": false,
                    "Startup Cost": 67601.66,
                    "Total Cost": 67601.66,
                    "Plan Rows": 1120335,
                    "Plan Width": 4,
                    "Actual Startup Time": 523.579,
                    "Actual Total Time": 523.58,
                    "Actual Rows": 1107925,
                    "Actual Loops": 1,
                    "Hash Buckets": 2097152,
                    "Original Hash Buckets": 2097152,
                    "Hash Batches": 1,
                    "Original Hash Batches": 1,
                    "Peak Memory Usage": 55335,
                    "Plans": [
                      {
                        "Node Type": "Seq Scan",
                        "Parent Relationship": "Outer",
                        "Parallel Aware": false,
                        "Relation Name": "title",
                        "Alias": "t",
                        "Startup Cost": 0.0,
                        "Total Cost": 67601.66,
                        "Plan Rows": 1120335,
                        "Plan Width": 4,
                        "Actual Startup Time": 0.027,
                        "Actual Total Time": 276.452,
                        "Actual Rows": 1107925,
                        "Actual Loops": 1,
                        "Filter": "(production_year > 2004)",
                        "Rows Removed by Filter": 1420387
                      }
                    ]
                  }
                ]
              }
            ]
          }
        ]
      }
    ]
  },
  "Planning Time": 0.911,
  "Triggers": [],
  "Execution Time": 939.941
}