[
  {
    "Plan": {
      "Node Type": "Aggregate",
      "Strategy": "Plain",
      "Partial Mode": "Finalize",
      "Parallel Aware": false,
      "Startup Cost": 31802.48,
      "Total Cost": 31802.49,
      "Plan Rows": 1,
      "Plan Width": 8,
      "Actual Startup Time": 120.924,
      "Actual Total Time": 129.195,
      "Actual Rows": 1,
      "Actual Loops": 1,
      "Plans": [
        {
          "Node Type": "Gather",
          "Parent Relationship": "Outer",
          "Parallel Aware": false,
          "Startup Cost": 31802.16,
          "Total Cost": 31802.47,
          "Plan Rows": 3,
          "Plan Width": 8,
          "Actual Startup Time": 120.816,
          "Actual Total Time": 129.186,
          "Actual Rows": 4,
          "Actual Loops": 1,
          "Workers Planned": 3,
          "Workers Launched": 3,
          "Single Copy": false,
          "Plans": [
            {
              "Node Type": "Aggregate",
              "Strategy": "Plain",
              "Partial Mode": "Partial",
              "Parent Relationship": "Outer",
              "Parallel Aware": false,
              "Startup Cost": 30802.16,
              "Total Cost": 30802.17,
              "Plan Rows": 1,
              "Plan Width": 8,
              "Actual Startup Time": 112.547,
              "Actual Total Time": 112.549,
              "Actual Rows": 1,
              "Actual Loops": 4,
              "Plans": [
                {
                  "Node Type": "Seq Scan",
                  "Parent Relationship": "Outer",
                  "Parallel Aware": true,
                  "Relation Name": "movie_companies",
                  "Alias": "mc",
                  "Startup Cost": 0.0,
                  "Total Cost": 29310.68,
                  "Plan Rows": 596593,
                  "Plan Width": 0,
                  "Actual Startup Time": 0.046,
                  "Actual Total Time": 86.887,
                  "Actual Rows": 458650,
                  "Actual Loops": 4,
                  "Filter": "(company_id < 33391)",
                  "Rows Removed by Filter": 193633
                }
              ]
            }
          ]
        }
      ]
    },
    "Planning Time": 0.129,
    "Triggers": [],
    "Execution Time": 129.235
  }
]