[
  {
    "Plan": {
      "Node Type": "Aggregate",
      "Strategy": "Plain",
      "Partial Mode": "Finalize",
      "Parallel Aware": false,
      "Startup Cost": 24971.21,
      "Total Cost": 24971.22,
      "Plan Rows": 1,
      "Plan Width": 8,
      "Actual Startup Time": 58.512,
      "Actual Total Time": 65.081,
      "Actual Rows": 1,
      "Actual Loops": 1,
      "Plans": [
        {
          "Node Type": "Gather",
          "Parent Relationship": "Outer",
          "Parallel Aware": false,
          "Startup Cost": 24971.0,
          "Total Cost": 24971.21,
          "Plan Rows": 2,
          "Plan Width": 8,
          "Actual Startup Time": 58.354,
          "Actual Total Time": 65.077,
          "Actual Rows": 3,
          "Actual Loops": 1,
          "Workers Planned": 2,
          "Workers Launched": 2,
          "Single Copy": false,
          "Plans": [
            {
              "Node Type": "Aggregate",
              "Strategy": "Plain",
              "Partial Mode": "Partial",
              "Parent Relationship": "Outer",
              "Parallel Aware": false,
              "Startup Cost": 23971.0,
              "Total Cost": 23971.01,
              "Plan Rows": 1,
              "Plan Width": 8,
              "Actual Startup Time": 53.632,
              "Actual Total Time": 53.633,
              "Actual Rows": 1,
              "Actual Loops": 3,
              "Plans": [
                {
                  "Node Type": "Nested Loop",
                  "Parent Relationship": "Outer",
                  "Parallel Aware": false,
                  "Join Type": "Inner",
                  "Startup Cost": 86.28,
                  "Total Cost": 23965.13,
                  "Plan Rows": 2348,
                  "Plan Width": 0,
                  "Actual Startup Time": 1.8,
                  "Actual Total Time": 50.834,
                  "Actual Rows": 48263,
                  "Actual Loops": 3,
                  "Inner Unique": false,
                  "Plans": [
                    {
                      "Node Type": "Nested Loop",
                      "Parent Relationship": "Outer",
                      "Parallel Aware": false,
                      "Join Type": "Inner",
                      "Startup Cost": 85.85,
                      "Total Cost": 21153.37,
                      "Plan Rows": 1558,
                      "Plan Width": 8,
                      "Actual Startup Time": 1.582,
                      "Actual Total Time": 20.701,
                      "Actual Rows": 1693,
                      "Actual Loops": 3,
                      "Inner Unique": true,
                      "Plans": [
                        {
                          "Node Type": "Bitmap Heap Scan",
                          "Parent Relationship": "Outer",
                          "Parallel Aware": true,
                          "Relation Name": "movie_companies",
                          "Alias": "mc",
                          "Startup Cost": 85.42,
                          "Total Cost": 9370.2,
                          "Plan Rows": 1558,
                          "Plan Width": 4,
                          "Actual Startup Time": 1.48,
                          "Actual Total Time": 7.184,
                          "Actual Rows": 1693,
                          "Actual Loops": 3,
                          "Recheck Cond": "(company_id = 475)",
                          "Rows Removed by Index Recheck": 0,
                          "Exact Heap Blocks": 2209,
                          "Lossy Heap Blocks": 0,
                          "Plans": [
                            {
                              "Node Type": "Bitmap Index Scan",
                              "Parent Relationship": "Outer",
                              "Parallel Aware": false,
                              "Index Name": "company_id_movie_companies",
                              "Startup Cost": 0.0,
                              "Total Cost": 84.48,
                              "Plan Rows": 3740,
                              "Plan Width": 0,
                              "Actual Startup Time": 3.153,
                              "Actual Total Time": 3.154,
                              "Actual Rows": 5080,
                              "Actual Loops": 1,
                              "Index Cond": "(company_id = 475)"
                            }
                          ]
                        },
                        {
                          "Node Type": "Index Only Scan",
                          "Parent Relationship": "Inner",
                          "Parallel Aware": false,
                          "Scan Direction": "Forward",
                          "Index Name": "title_pkey",
                          "Relation Name": "title",
                          "Alias": "t",
                          "Startup Cost": 0.43,
                          "Total Cost": 7.56,
                          "Plan Rows": 1,
                          "Plan Width": 4,
                          "Actual Startup Time": 0.007,
                          "Actual Total Time": 0.007,
                          "Actual Rows": 1,
                          "Actual Loops": 5080,
                          "Index Cond": "(id = mc.movie_id)",
                          "Rows Removed by Index Recheck": 0,
                          "Heap Fetches": 5080
                        }
                      ]
                    },
                    {
                      "Node Type": "Index Scan",
                      "Parent Relationship": "Inner",
                      "Parallel Aware": false,
                      "Scan Direction": "Forward",
                      "Index Name": "movie_id_movie_keyword",
                      "Relation Name": "movie_keyword",
                      "Alias": "mk",
                      "Startup Cost": 0.43,
                      "Total Cost": 1.42,
                      "Plan Rows": 38,
                      "Plan Width": 4,
                      "Actual Startup Time": 0.009,
                      "Actual Total Time": 0.015,
                      "Actual Rows": 29,
                      "Actual Loops": 5080,
                      "Index Cond": "(movie_id = t.id)",
                      "Rows Removed by Index Recheck": 0,
                      "Filter": "(keyword_id < 26875)",
                      "Rows Removed by Filter": 5
                    }
                  ]
                }
              ]
            }
          ]
        }
      ]
    },
    "Planning Time": 0.805,
    "Triggers": [],
    "Execution Time": 65.132
  }
]