[
  {
    "Plan": {
      "Node Type": "Aggregate",
      "Strategy": "Plain",
      "Partial Mode": "Finalize",
      "Parallel Aware": false,
      "Startup Cost": 324391.31,
      "Total Cost": 324391.32,
      "Plan Rows": 1,
      "Plan Width": 8,
      "Actual Startup Time": 399.527,
      "Actual Total Time": 413.418,
      "Actual Rows": 1,
      "Actual Loops": 1,
      "Plans": [
        {
          "Node Type": "Gather",
          "Parent Relationship": "Outer",
          "Parallel Aware": false,
          "Startup Cost": 324390.68,
          "Total Cost": 324391.29,
          "Plan Rows": 6,
          "Plan Width": 8,
          "Actual Startup Time": 386.218,
          "Actual Total Time": 413.407,
          "Actual Rows": 7,
          "Actual Loops": 1,
          "Workers Planned": 6,
          "Workers Launched": 6,
          "Single Copy": false,
          "Plans": [
            {
              "Node Type": "Aggregate",
              "Strategy": "Plain",
              "Partial Mode": "Partial",
              "Parent Relationship": "Outer",
              "Parallel Aware": false,
              "Startup Cost": 323390.68,
              "Total Cost": 323390.69,
              "Plan Rows": 1,
              "Plan Width": 8,
              "Actual Startup Time": 364.523,
              "Actual Total Time": 364.527,
              "Actual Rows": 1,
              "Actual Loops": 7,
              "Plans": [
                {
                  "Node Type": "Hash Join",
                  "Parent Relationship": "Outer",
                  "Parallel Aware": true,
                  "Join Type": "Inner",
                  "Startup Cost": 68299.41,
                  "Total Cost": 323049.65,
                  "Plan Rows": 136413,
                  "Plan Width": 0,
                  "Actual Startup Time": 274.427,
                  "Actual Total Time": 358.852,
                  "Actual Rows": 113873,
                  "Actual Loops": 7,
                  "Inner Unique": true,
                  "Hash Cond": "(ci.movie_id = t.id)",
                  "Plans": [
                    {
                      "Node Type": "Bitmap Heap Scan",
                      "Parent Relationship": "Outer",
                      "Parallel Aware": true,
                      "Relation Name": "cast_info",
                      "Alias": "ci",
                      "Startup Cost": 18079.76,
                      "Total Cost": 272471.92,
                      "Plan Rows": 136413,
                      "Plan Width": 4,
                      "Actual Startup Time": 33.424,
                      "Actual Total Time": 54.491,
                      "Actual Rows": 113873,
                      "Actual Loops": 7,
                      "Recheck Cond": "(person_id < 83876)",
                      "Rows Removed by Index Recheck": 0,
                      "Exact Heap Blocks": 1371,
                      "Lossy Heap Blocks": 0,
                      "Plans": [
                        {
                          "Node Type": "Bitmap Index Scan",
                          "Parent Relationship": "Outer",
                          "Parallel Aware": false,
                          "Index Name": "person_id_cast_info",
                          "Startup Cost": 0.0,
                          "Total Cost": 17875.14,
                          "Plan Rows": 818477,
                          "Plan Width": 0,
                          "Actual Startup Time": 32.192,
                          "Actual Total Time": 32.192,
                          "Actual Rows": 797113,
                          "Actual Loops": 1,
                          "Index Cond": "(person_id < 83876)"
                        }
                      ]
                    },
                    {
                      "Node Type": "Hash",
                      "Parent Relationship": "Inner",
                      "Parallel Aware": true,
                      "Startup Cost": 42318.73,
                      "Total Cost": 42318.73,
                      "Plan Rows": 632073,
                      "Plan Width": 4,
                      "Actual Startup Time": 234.226,
                      "Actual Total Time": 234.227,
                      "Actual Rows": 361187,
                      "Actual Loops": 7,
                      "Hash Buckets": 4194304,
                      "Original Hash Buckets": 4194304,
                      "Hash Batches": 1,
                      "Original Hash Batches": 1,
                      "Peak Memory Usage": 131744,
                      "Plans": [
                        {
                          "Node Type": "Seq Scan",
                          "Parent Relationship": "Outer",
                          "Parallel Aware": true,
                          "Relation Name": "title",
                          "Alias": "t",
                          "Startup Cost": 0.0,
                          "Total Cost": 42318.73,
                          "Plan Rows": 632073,
                          "Plan Width": 4,
                          "Actual Startup Time": 0.041,
                          "Actual Total Time": 71.862,
                          "Actual Rows": 361187,
                          "Actual Loops": 7
                        }
                      ]
                    }
                  ]
                }
              ]
            }
          ]
        }
      ]
    },
    "Planning Time": 0.665,
    "Triggers": [],
    "Execution Time": 413.512
  }
]