{
  "Plan": {
    "Node Type": "Aggregate",
    "Strategy": "Plain",
    "Partial Mode": "Finalize",
    "Parallel Aware": false,
    "Startup Cost": 609668.82,
    "Total Cost": 609668.83,
    "Plan Rows": 1,
    "Plan Width": 8,
    "Actual Startup Time": 3081.045,
    "Actual Total Time": 3113.249,
    "Actual Rows": 1,
    "Actual Loops": 1,
    "Plans": [
      {
        "Node Type": "Gather",
        "Parent Relationship": "Outer",
        "Parallel Aware": false,
        "Startup Cost": 609668.7,
        "Total Cost": 609668.81,
        "Plan Rows": 1,
        "Plan Width": 8,
        "Actual Startup Time": 3075.301,
        "Actual Total Time": 3113.239,
        "Actual Rows": 2,
        "Actual Loops": 1,
        "Workers Planned": 1,
        "Workers Launched": 1,
        "Single Copy": false,
        "Plans": [
          {
            "Node Type": "Aggregate",
            "Strategy": "Plain",
            "Partial Mode": "Partial",
            "Parent Relationship": "Outer",
            "Parallel Aware": false,
            "Startup Cost": 608668.7,
            "Total Cost": 608668.71,
            "Plan Rows": 1,
            "Plan Width": 8,
            "Actual Startup Time": 3067.432,
            "Actual Total Time": 3068.312,
            "Actual Rows": 1,
            "Actual Loops": 2,
            "Plans": [
              {
                "Node Type": "Hash Join",
                "Parent Relationship": "Outer",
                "Parallel Aware": true,
                "Join Type": "Inner",
                "Startup Cost": 277739.49,
                "Total Cost": 605559.14,
                "Plan Rows": 1243824,
                "Plan Width": 0,
                "Actual Startup Time": 1250.769,
                "Actual Total Time": 2798.466,
                "Actual Rows": 7022908,
                "Actual Loops": 2,
                "Inner Unique": false,
                "Hash Cond": "(ci.movie_id = t.id)",
                "Plans": [
                  {
                    "Node Type": "Bitmap Heap Scan",
                    "Parent Relationship": "Outer",
                    "Parallel Aware": true,
                    "Relation Name": "cast_info",
                    "Alias": "ci",
                    "Startup Cost": 148548.2,
                    "Total Cost": 460884.73,
                    "Plan Rows": 2177738,
                    "Plan Width": 4,
                    "Actual Startup Time": 303.08,
                    "Actual Total Time": 789.863,
                    "Actual Rows": 2502678,
                    "Actual Loops": 2,
                    "Recheck Cond": "(person_id < 671711)",
                    "Rows Removed by Index Recheck": 0,
                    "Filter": "(role_id < 3)",
                    "Rows Removed by Filter": 972555,
                    "Exact Heap Blocks": 39497,
                    "Lossy Heap Blocks": 0,
                    "Plans": [
                      {
                        "Node Type": "Bitmap Index Scan",
                        "Parent Relationship": "Outer",
                        "Parallel Aware": false,
                        "Index Name": "person_id_cast_info",
                        "Startup Cost": 0.0,
                        "Total Cost": 147622.67,
                        "Plan Rows": 6760280,
                        "Plan Width": 0,
                        "Actual Startup Time": 290.25,
                        "Actual Total Time": 290.251,
                        "Actual Rows": 6950466,
                        "Actual Loops": 1,
                        "Index Cond": "(person_id < 671711)"
                      }
                    ]
                  },
                  {
                    "Node Type": "Hash",
                    "Parent Relationship": "Inner",
                    "Parallel Aware": true,
                    "Startup Cost": 118573.31,
                    "Total Cost": 118573.31,
                    "Plan Rows": 849438,
                    "Plan Width": 8,
                    "Actual Startup Time": 932.632,
                    "Actual Total Time": 933.508,
                    "Actual Rows": 999543,
                    "Actual Loops": 2,
                    "Hash Buckets": 2097152,
                    "Original Hash Buckets": 2097152,
                    "Hash Batches": 1,
                    "Original Hash Batches": 1,
                    "Peak Memory Usage": 94624,
                    "Plans": [
                      {
                        "Node Type": "Hash Join",
                        "Parent Relationship": "Outer",
                        "Parallel Aware": true,
                        "Join Type": "Inner",
                        "Startup Cost": 60522.46,
                        "Total Cost": 118573.31,
                        "Plan Rows": 849438,
                        "Plan Width": 8,
                        "Actual Startup Time": 283.682,
                        "Actual Total Time": 747.148,
                        "Actual Rows": 999543,
                        "Actual Loops": 2,
                        "Inner Unique": true,
                        "Hash Cond": "(mk.movie_id = t.id)",
                        "Plans": [
                          {
                            "Node Type": "Seq Scan",
                            "Parent Relationship": "Outer",
                            "Parallel Aware": true,
                            "Relation Name": "movie_keyword",
                            "Alias": "mk",
                            "Startup Cost": 0.0,
                            "Total Cost": 51065.35,
                            "Plan Rows": 2661135,
                            "Plan Width": 4,
                            "Actual Startup Time": 0.015,
                            "Actual Total Time": 159.932,
                            "Actual Rows": 2261965,
                            "Actual Loops": 2
                          },
                          {
                            "Node Type": "Hash",
                            "Parent Relationship": "Inner",
                            "Parallel Aware": true,
                            "Startup Cost": 54588.39,
                            "Total Cost": 54588.39,
                            "Plan Rows": 474726,
                            "Plan Width": 4,
                            "Actual Startup Time": 279.574,
                            "Actual Total Time": 279.575,
                            "Actual Rows": 406352,
                            "Actual Loops": 2,
                            "Hash Buckets": 1048576,
                            "Original Hash Buckets": 1048576,
                            "Hash Batches": 1,
                            "Original Hash Batches": 1,
                            "Peak Memory Usage": 40032,
                            "Plans": [
                              {
                                "Node Type": "Seq Scan",
                                "Parent Relationship": "Outer",
                                "Parallel Aware": true,
                                "Relation Name": "title",
                                "Alias": "t",
                                "Startup Cost": 0.0,
                                "Total Cost": 54588.39,
                                "Plan Rows": 474726,
                                "Plan Width": 4,
                                "Actual Startup Time": 0.036,
                                "Actual Total Time": 157.452,
                                "Actual Rows": 406352,
                                "Actual Loops": 2,
                                "Filter": "(production_year < 1995)",
                                "Rows Removed by Filter": 857804
                              }
                            ]
                          }
                        ]
                      }
                    ]
                  }
                ]
              }
            ]
          }
        ]
      }
    ]
  },
  "Planning Time": 1.01,
  "Triggers": [],
  "Execution Time": 3113.354
}