[
  {
    "Plan": {
      "Node Type": "Aggregate",
      "Strategy": "Plain",
      "Partial Mode": "Finalize",
      "Parallel Aware": false,
      "Startup Cost": 33142.15,
      "Total Cost": 33142.16,
      "Plan Rows": 1,
      "Plan Width": 8,
      "Actual Startup Time": 95.443,
      "Actual Total Time": 103.301,
      "Actual Rows": 1,
      "Actual Loops": 1,
      "Plans": [
        {
          "Node Type": "Gather",
          "Parent Relationship": "Outer",
          "Parallel Aware": false,
          "Startup Cost": 33141.83,
          "Total Cost": 33142.14,
          "Plan Rows": 3,
          "Plan Width": 8,
          "Actual Startup Time": 95.34,
          "Actual Total Time": 103.291,
          "Actual Rows": 4,
          "Actual Loops": 1,
          "Workers Planned": 3,
          "Workers Launched": 3,
          "Single Copy": false,
          "Plans": [
            {
              "Node Type": "Aggregate",
              "Strategy": "Plain",
              "Partial Mode": "Partial",
              "Parent Relationship": "Outer",
              "Parallel Aware": false,
              "Startup Cost": 32141.83,
              "Total Cost": 32141.84,
              "Plan Rows": 1,
              "Plan Width": 8,
              "Actual Startup Time": 86.567,
              "Actual Total Time": 86.568,
              "Actual Rows": 1,
              "Actual Loops": 4,
              "Plans": [
                {
                  "Node Type": "Seq Scan",
                  "Parent Relationship": "Outer",
                  "Parallel Aware": true,
                  "Relation Name": "movie_companies",
                  "Alias": "mc",
                  "Startup Cost": 0.0,
                  "Total Cost": 31414.82,
                  "Plan Rows": 290804,
                  "Plan Width": 0,
                  "Actual Startup Time": 49.494,
                  "Actual Total Time": 80.763,
                  "Actual Rows": 145322,
                  "Actual Loops": 4,
                  "Filter": "((company_id < 25582) AND (company_type_id = 2))",
                  "Rows Removed by Filter": 506960
                }
              ]
            }
          ]
        }
      ]
    },
    "Planning Time": 0.229,
    "Triggers": [],
    "Execution Time": 103.409
  }
]