{
  "Plan": {
    "Node Type": "Aggregate",
    "Strategy": "Plain",
    "Partial Mode": "Finalize",
    "Parallel Aware": false,
    "Startup Cost": 167206.69,
    "Total Cost": 167206.7,
    "Plan Rows": 1,
    "Plan Width": 8,
    "Actual Startup Time": 757.081,
    "Actual Total Time": 824.369,
    "Actual Rows": 1,
    "Actual Loops": 1,
    "Plans": [
      {
        "Node Type": "Gather",
        "Parent Relationship": "Outer",
        "Parallel Aware": false,
        "Startup Cost": 167206.58,
        "Total Cost": 167206.69,
        "Plan Rows": 1,
        "Plan Width": 8,
        "Actual Startup Time": 756.761,
        "Actual Total Time": 824.361,
        "Actual Rows": 2,
        "Actual Loops": 1,
        "Workers Planned": 1,
        "Workers Launched": 1,
        "Single Copy": false,
        "Plans": [
          {
            "Node Type": "Aggregate",
            "Strategy": "Plain",
            "Partial Mode": "Partial",
            "Parent Relationship": "Outer",
            "Parallel Aware": false,
            "Startup Cost": 166206.58,
            "Total Cost": 166206.59,
            "Plan Rows": 1,
            "Plan Width": 8,
            "Actual Startup Time": 750.143,
            "Actual Total Time": 750.147,
            "Actual Rows": 1,
            "Actual Loops": 2,
            "Plans": [
              {
                "Node Type": "Nested Loop",
                "Parent Relationship": "Outer",
                "Parallel Aware": false,
                "Join Type": "Inner",
                "Startup Cost": 82003.8,
                "Total Cost": 165630.39,
                "Plan Rows": 230478,
                "Plan Width": 0,
                "Actual Startup Time": 202.805,
                "Actual Total Time": 727.778,
                "Actual Rows": 492486,
                "Actual Loops": 2,
                "Inner Unique": false,
                "Join Filter": "(t.id = ci.movie_id)",
                "Rows Removed by Join Filter": 0,
                "Plans": [
                  {
                    "Node Type": "Hash Join",
                    "Parent Relationship": "Outer",
                    "Parallel Aware": true,
                    "Join Type": "Inner",
                    "Startup Cost": 82003.24,
                    "Total Cost": 116201.77,
                    "Plan Rows": 16085,
                    "Plan Width": 8,
                    "Actual Startup Time": 202.438,
                    "Actual Total Time": 342.376,
                    "Actual Rows": 8906,
                    "Actual Loops": 2,
                    "Inner Unique": true,
                    "Hash Cond": "(mk.movie_id = t.id)",
                    "Plans": [
                      {
                        "Node Type": "Bitmap Heap Scan",
                        "Parent Relationship": "Outer",
                        "Parallel Aware": true,
                        "Relation Name": "movie_keyword",
                        "Alias": "mk",
                        "Startup Cost": 23232.64,
                        "Total Cost": 55739.97,
                        "Plan Rows": 644266,
                        "Plan Width": 4,
                        "Actual Startup Time": 57.519,
                        "Actual Total Time": 142.51,
                        "Actual Rows": 554824,
                        "Actual Loops": 2,
                        "Recheck Cond": "(keyword_id < 1138)",
                        "Rows Removed by Index Recheck": 0,
                        "Exact Heap Blocks": 15277,
                        "Lossy Heap Blocks": 0,
                        "Plans": [
                          {
                            "Node Type": "Bitmap Index Scan",
                            "Parent Relationship": "Outer",
                            "Parallel Aware": false,
                            "Index Name": "keyword_id_movie_keyword",
                            "Startup Cost": 0.0,
                            "Total Cost": 22958.83,
                            "Plan Rows": 1095253,
                            "Plan Width": 0,
                            "Actual Startup Time": 53.78,
                            "Actual Total Time": 53.781,
                            "Actual Rows": 1109647,
                            "Actual Loops": 1,
                            "Index Cond": "(keyword_id < 1138)"
                          }
                        ]
                      },
                      {
                        "Node Type": "Hash",
                        "Parent Relationship": "Inner",
                        "Parallel Aware": true,
                        "Startup Cost": 58306.47,
                        "Total Cost": 58306.47,
                        "Plan Rows": 37130,
                        "Plan Width": 4,
                        "Actual Startup Time": 143.49,
                        "Actual Total Time": 143.49,
                        "Actual Rows": 26952,
                        "Actual Loops": 2,
                        "Hash Buckets": 65536,
                        "Original Hash Buckets": 65536,
                        "Hash Batches": 1,
                        "Original Hash Batches": 1,
                        "Peak Memory Usage": 2656,
                        "Plans": [
                          {
                            "Node Type": "Seq Scan",
                            "Parent Relationship": "Outer",
                            "Parallel Aware": true,
                            "Relation Name": "title",
                            "Alias": "t",
                            "Startup Cost": 0.0,
                            "Total Cost": 58306.47,
                            "Plan Rows": 37130,
                            "Plan Width": 4,
                            "Actual Startup Time": 0.143,
                            "Actual Total Time": 136.951,
                            "Actual Rows": 26952,
                            "Actual Loops": 2,
                            "Filter": "((kind_id < 7) AND (production_year = 2012))",
                            "Rows Removed by Filter": 1237204
                          }
                        ]
                      }
                    ]
                  },
                  {
                    "Node Type": "Index Only Scan",
                    "Parent Relationship": "Inner",
                    "Parallel Aware": false,
                    "Scan Direction": "Forward",
                    "Index Name": "movie_id_cast_info",
                    "Relation Name": "cast_info",
                    "Alias": "ci",
                    "Startup Cost": 0.56,
                    "Total Cost": 2.61,
                    "Plan Rows": 37,
                    "Plan Width": 4,
                    "Actual Startup Time": 0.006,
                    "Actual Total Time": 0.038,
                    "Actual Rows": 55,
                    "Actual Loops": 17811,
                    "Index Cond": "(movie_id = mk.movie_id)",
                    "Rows Removed by Index Recheck": 0,
                    "Heap Fetches": 984971
                  }
                ]
              }
            ]
          }
        ]
      }
    ]
  },
  "Planning Time": 0.921,
  "Triggers": [],
  "Execution Time": 824.494
}