[
    {
        "Bao": {
            "Bao prediction": "NaN",
            "Bao recommended hint": "(no hint)"
        }
    },
    {
        "Plan": {
            "Node Type": "Aggregate",
            "Strategy": "Plain",
            "Partial Mode": "Finalize",
            "Parallel Aware": false,
            "Startup Cost": 32859.12,
            "Total Cost": 32859.13,
            "Plan Rows": 1,
            "Plan Width": 8,
            "Actual Startup Time": 105.272,
            "Actual Total Time": 111.684,
            "Actual Rows": 1,
            "Actual Loops": 1,
            "Output": [
                "count(*)"
            ],
            "Plans": [
                {
                    "Node Type": "Gather",
                    "Parent Relationship": "Outer",
                    "Parallel Aware": false,
                    "Startup Cost": 32858.8,
                    "Total Cost": 32859.11,
                    "Plan Rows": 3,
                    "Plan Width": 8,
                    "Actual Startup Time": 105.178,
                    "Actual Total Time": 111.676,
                    "Actual Rows": 4,
                    "Actual Loops": 1,
                    "Output": [
                        "(PARTIAL count(*))"
                    ],
                    "Workers Planned": 3,
                    "Workers Launched": 3,
                    "Single Copy": false,
                    "Plans": [
                        {
                            "Node Type": "Aggregate",
                            "Strategy": "Plain",
                            "Partial Mode": "Partial",
                            "Parent Relationship": "Outer",
                            "Parallel Aware": false,
                            "Startup Cost": 31858.8,
                            "Total Cost": 31858.81,
                            "Plan Rows": 1,
                            "Plan Width": 8,
                            "Actual Startup Time": 97.022,
                            "Actual Total Time": 97.023,
                            "Actual Rows": 1,
                            "Actual Loops": 4,
                            "Output": [
                                "PARTIAL count(*)"
                            ],
                            "Workers": [
                                {
                                    "Worker Number": 0,
                                    "Actual Startup Time": 94.981,
                                    "Actual Total Time": 94.982,
                                    "Actual Rows": 1,
                                    "Actual Loops": 1
                                },
                                {
                                    "Worker Number": 1,
                                    "Actual Startup Time": 94.925,
                                    "Actual Total Time": 94.926,
                                    "Actual Rows": 1,
                                    "Actual Loops": 1
                                },
                                {
                                    "Worker Number": 2,
                                    "Actual Startup Time": 94.37,
                                    "Actual Total Time": 94.371,
                                    "Actual Rows": 1,
                                    "Actual Loops": 1
                                }
                            ],
                            "Plans": [
                                {
                                    "Node Type": "Seq Scan",
                                    "Parent Relationship": "Outer",
                                    "Parallel Aware": true,
                                    "Relation Name": "movie_companies",
                                    "Schema": "public",
                                    "Alias": "mc",
                                    "Startup Cost": 0.0,
                                    "Total Cost": 31414.82,
                                    "Plan Rows": 177592,
                                    "Plan Width": 0,
                                    "Actual Startup Time": 47.22,
                                    "Actual Total Time": 86.49,
                                    "Actual Rows": 211134,
                                    "Actual Loops": 4,
                                    "Output": [
                                        "id",
                                        "movie_id",
                                        "company_id",
                                        "company_type_id",
                                        "note"
                                    ],
                                    "Filter": "((mc.company_id > 14333) AND (mc.company_type_id = 2))",
                                    "Rows Removed by Filter": 441148,
                                    "Workers": [
                                        {
                                            "Worker Number": 0,
                                            "Actual Startup Time": 45.177,
                                            "Actual Total Time": 84.8,
                                            "Actual Rows": 248086,
                                            "Actual Loops": 1
                                        },
                                        {
                                            "Worker Number": 1,
                                            "Actual Startup Time": 45.127,
                                            "Actual Total Time": 84.768,
                                            "Actual Rows": 250834,
                                            "Actual Loops": 1
                                        },
                                        {
                                            "Worker Number": 2,
                                            "Actual Startup Time": 44.564,
                                            "Actual Total Time": 84.119,
                                            "Actual Rows": 155888,
                                            "Actual Loops": 1
                                        }
                                    ]
                                }
                            ]
                        }
                    ]
                }
            ]
        },
        "Planning Time": 285.538,
        "Triggers": [],
        "Execution Time": 111.747
    }
]