[
    {
        "Bao": {
            "Bao prediction": "NaN",
            "Bao recommended hint": "(no hint)"
        }
    },
    {
        "Plan": {
            "Node Type": "Aggregate",
            "Strategy": "Plain",
            "Partial Mode": "Simple",
            "Parallel Aware": false,
            "Startup Cost": 11486.78,
            "Total Cost": 11486.79,
            "Plan Rows": 1,
            "Plan Width": 8,
            "Actual Startup Time": 5.902,
            "Actual Total Time": 5.904,
            "Actual Rows": 1,
            "Actual Loops": 1,
            "Output": [
                "count(*)"
            ],
            "Plans": [
                {
                    "Node Type": "Bitmap Heap Scan",
                    "Parent Relationship": "Outer",
                    "Parallel Aware": false,
                    "Relation Name": "movie_companies",
                    "Schema": "public",
                    "Alias": "mc",
                    "Startup Cost": 111.52,
                    "Total Cost": 11474.17,
                    "Plan Rows": 5044,
                    "Plan Width": 0,
                    "Actual Startup Time": 0.935,
                    "Actual Total Time": 5.549,
                    "Actual Rows": 4831,
                    "Actual Loops": 1,
                    "Recheck Cond": "(mc.company_id = 11149)",
                    "Rows Removed by Index Recheck": 0,
                    "Exact Heap Blocks": 2613,
                    "Lossy Heap Blocks": 0,
                    "Plans": [
                        {
                            "Node Type": "Bitmap Index Scan",
                            "Parent Relationship": "Outer",
                            "Parallel Aware": false,
                            "Index Name": "company_id_movie_companies",
                            "Startup Cost": 0.0,
                            "Total Cost": 110.26,
                            "Plan Rows": 5044,
                            "Plan Width": 0,
                            "Actual Startup Time": 0.544,
                            "Actual Total Time": 0.545,
                            "Actual Rows": 4831,
                            "Actual Loops": 1,
                            "Index Cond": "(mc.company_id = 11149)"
                        }
                    ]
                }
            ]
        },
        "Planning Time": 184.904,
        "Triggers": [],
        "Execution Time": 5.956
    }
]