[
  {
    "Plan": {
      "Node Type": "Aggregate",
      "Strategy": "Plain",
      "Partial Mode": "Finalize",
      "Parallel Aware": false,
      "Startup Cost": 344702.08,
      "Total Cost": 344702.09,
      "Plan Rows": 1,
      "Plan Width": 8,
      "Actual Startup Time": 504.08,
      "Actual Total Time": 534.575,
      "Actual Rows": 1,
      "Actual Loops": 1,
      "Plans": [
        {
          "Node Type": "Gather",
          "Parent Relationship": "Outer",
          "Parallel Aware": false,
          "Startup Cost": 344701.45,
          "Total Cost": 344702.06,
          "Plan Rows": 6,
          "Plan Width": 8,
          "Actual Startup Time": 503.978,
          "Actual Total Time": 534.566,
          "Actual Rows": 7,
          "Actual Loops": 1,
          "Workers Planned": 6,
          "Workers Launched": 6,
          "Single Copy": false,
          "Plans": [
            {
              "Node Type": "Aggregate",
              "Strategy": "Plain",
              "Partial Mode": "Partial",
              "Parent Relationship": "Outer",
              "Parallel Aware": false,
              "Startup Cost": 343701.45,
              "Total Cost": 343701.46,
              "Plan Rows": 1,
              "Plan Width": 8,
              "Actual Startup Time": 498.058,
              "Actual Total Time": 498.059,
              "Actual Rows": 1,
              "Actual Loops": 7,
              "Plans": [
                {
                  "Node Type": "Index Scan",
                  "Parent Relationship": "Outer",
                  "Parallel Aware": true,
                  "Scan Direction": "Forward",
                  "Index Name": "role_id_cast_info",
                  "Relation Name": "cast_info",
                  "Alias": "ci",
                  "Startup Cost": 0.56,
                  "Total Cost": 341155.22,
                  "Plan Rows": 1018493,
                  "Plan Width": 0,
                  "Actual Startup Time": 0.1,
                  "Actual Total Time": 409.101,
                  "Actual Rows": 1807771,
                  "Actual Loops": 7,
                  "Index Cond": "(role_id = 1)",
                  "Rows Removed by Index Recheck": 0,
                  "Filter": "(person_id < 1737955)",
                  "Rows Removed by Filter": 2327
                }
              ]
            }
          ]
        }
      ]
    },
    "Planning Time": 0.073,
    "Triggers": [],
    "Execution Time": 534.614
  }
]