[
  {
    "Plan": {
      "Node Type": "Aggregate",
      "Strategy": "Plain",
      "Partial Mode": "Finalize",
      "Parallel Aware": false,
      "Startup Cost": 283473.34,
      "Total Cost": 283473.35,
      "Plan Rows": 1,
      "Plan Width": 8,
      "Actual Startup Time": 133.212,
      "Actual Total Time": 142.286,
      "Actual Rows": 1,
      "Actual Loops": 1,
      "Plans": [
        {
          "Node Type": "Gather",
          "Parent Relationship": "Outer",
          "Parallel Aware": false,
          "Startup Cost": 283472.72,
          "Total Cost": 283473.33,
          "Plan Rows": 6,
          "Plan Width": 8,
          "Actual Startup Time": 132.794,
          "Actual Total Time": 142.274,
          "Actual Rows": 7,
          "Actual Loops": 1,
          "Workers Planned": 6,
          "Workers Launched": 6,
          "Single Copy": false,
          "Plans": [
            {
              "Node Type": "Aggregate",
              "Strategy": "Plain",
              "Partial Mode": "Partial",
              "Parent Relationship": "Outer",
              "Parallel Aware": false,
              "Startup Cost": 282472.72,
              "Total Cost": 282472.73,
              "Plan Rows": 1,
              "Plan Width": 8,
              "Actual Startup Time": 123.415,
              "Actual Total Time": 123.418,
              "Actual Rows": 1,
              "Actual Loops": 7,
              "Plans": [
                {
                  "Node Type": "Bitmap Heap Scan",
                  "Parent Relationship": "Outer",
                  "Parallel Aware": true,
                  "Relation Name": "cast_info",
                  "Alias": "ci",
                  "Startup Cost": 26756.17,
                  "Total Cost": 281967.79,
                  "Plan Rows": 201970,
                  "Plan Width": 0,
                  "Actual Startup Time": 55.201,
                  "Actual Total Time": 110.835,
                  "Actual Rows": 179241,
                  "Actual Loops": 7,
                  "Recheck Cond": "(person_id < 126241)",
                  "Rows Removed by Index Recheck": 0,
                  "Exact Heap Blocks": 3838,
                  "Lossy Heap Blocks": 0,
                  "Plans": [
                    {
                      "Node Type": "Bitmap Index Scan",
                      "Parent Relationship": "Outer",
                      "Parallel Aware": false,
                      "Index Name": "person_id_cast_info",
                      "Startup Cost": 0.0,
                      "Total Cost": 26453.22,
                      "Plan Rows": 1211820,
                      "Plan Width": 0,
                      "Actual Startup Time": 61.461,
                      "Actual Total Time": 61.462,
                      "Actual Rows": 1254689,
                      "Actual Loops": 1,
                      "Index Cond": "(person_id < 126241)"
                    }
                  ]
                }
              ]
            }
          ]
        }
      ]
    },
    "Planning Time": 0.206,
    "Triggers": [],
    "Execution Time": 142.377
  }
]