{
  "Plan": {
    "Node Type": "Aggregate",
    "Strategy": "Plain",
    "Partial Mode": "Simple",
    "Parallel Aware": false,
    "Startup Cost": 2057.18,
    "Total Cost": 2057.19,
    "Plan Rows": 1,
    "Plan Width": 8,
    "Actual Startup Time": 0.58,
    "Actual Total Time": 0.582,
    "Actual Rows": 1,
    "Actual Loops": 1,
    "Plans": [
      {
        "Node Type": "Nested Loop",
        "Parent Relationship": "Outer",
        "Parallel Aware": false,
        "Join Type": "Inner",
        "Startup Cost": 0.99,
        "Total Cost": 2057.07,
        "Plan Rows": 47,
        "Plan Width": 0,
        "Actual Startup Time": 0.281,
        "Actual Total Time": 0.569,
        "Actual Rows": 18,
        "Actual Loops": 1,
        "Inner Unique": true,
        "Plans": [
          {
            "Node Type": "Index Scan",
            "Parent Relationship": "Outer",
            "Parallel Aware": false,
            "Scan Direction": "Forward",
            "Index Name": "person_id_cast_info",
            "Relation Name": "cast_info",
            "Alias": "ci",
            "Startup Cost": 0.56,
            "Total Cost": 1059.67,
            "Plan Rows": 118,
            "Plan Width": 4,
            "Actual Startup Time": 0.198,
            "Actual Total Time": 0.221,
            "Actual Rows": 22,
            "Actual Loops": 1,
            "Index Cond": "(person_id = 2911928)",
            "Rows Removed by Index Recheck": 0,
            "Filter": "(role_id > 5)",
            "Rows Removed by Filter": 24
          },
          {
            "Node Type": "Index Scan",
            "Parent Relationship": "Inner",
            "Parallel Aware": false,
            "Scan Direction": "Forward",
            "Index Name": "title_pkey",
            "Relation Name": "title",
            "Alias": "t",
            "Startup Cost": 0.43,
            "Total Cost": 8.45,
            "Plan Rows": 1,
            "Plan Width": 4,
            "Actual Startup Time": 0.015,
            "Actual Total Time": 0.015,
            "Actual Rows": 1,
            "Actual Loops": 22,
            "Index Cond": "(id = ci.movie_id)",
            "Rows Removed by Index Recheck": 0,
            "Filter": "((kind_id > 2) AND (production_year > 1999))",
            "Rows Removed by Filter": 0
          }
        ]
      }
    ]
  },
  "Planning Time": 0.462,
  "Triggers": [],
  "Execution Time": 0.641
}