[
    {
        "Bao": {
            "Bao prediction": "NaN",
            "Bao recommended hint": "(no hint)"
        }
    },
    {
        "Plan": {
            "Node Type": "Aggregate",
            "Strategy": "Plain",
            "Partial Mode": "Finalize",
            "Parallel Aware": false,
            "Startup Cost": 92794.76,
            "Total Cost": 92794.77,
            "Plan Rows": 1,
            "Plan Width": 8,
            "Actual Startup Time": 405.075,
            "Actual Total Time": 416.195,
            "Actual Rows": 1,
            "Actual Loops": 1,
            "Output": [
                "count(*)"
            ],
            "Plans": [
                {
                    "Node Type": "Gather",
                    "Parent Relationship": "Outer",
                    "Parallel Aware": false,
                    "Startup Cost": 92794.44,
                    "Total Cost": 92794.75,
                    "Plan Rows": 3,
                    "Plan Width": 8,
                    "Actual Startup Time": 403.767,
                    "Actual Total Time": 416.185,
                    "Actual Rows": 4,
                    "Actual Loops": 1,
                    "Output": [
                        "(PARTIAL count(*))"
                    ],
                    "Workers Planned": 3,
                    "Workers Launched": 3,
                    "Single Copy": false,
                    "Plans": [
                        {
                            "Node Type": "Aggregate",
                            "Strategy": "Plain",
                            "Partial Mode": "Partial",
                            "Parent Relationship": "Outer",
                            "Parallel Aware": false,
                            "Startup Cost": 91794.44,
                            "Total Cost": 91794.45,
                            "Plan Rows": 1,
                            "Plan Width": 8,
                            "Actual Startup Time": 395.004,
                            "Actual Total Time": 395.008,
                            "Actual Rows": 1,
                            "Actual Loops": 4,
                            "Output": [
                                "PARTIAL count(*)"
                            ],
                            "Workers": [
                                {
                                    "Worker Number": 0,
                                    "Actual Startup Time": 392.26,
                                    "Actual Total Time": 392.264,
                                    "Actual Rows": 1,
                                    "Actual Loops": 1
                                },
                                {
                                    "Worker Number": 1,
                                    "Actual Startup Time": 392.366,
                                    "Actual Total Time": 392.369,
                                    "Actual Rows": 1,
                                    "Actual Loops": 1
                                },
                                {
                                    "Worker Number": 2,
                                    "Actual Startup Time": 392.355,
                                    "Actual Total Time": 392.358,
                                    "Actual Rows": 1,
                                    "Actual Loops": 1
                                }
                            ],
                            "Plans": [
                                {
                                    "Node Type": "Hash Join",
                                    "Parent Relationship": "Outer",
                                    "Parallel Aware": true,
                                    "Join Type": "Inner",
                                    "Startup Cost": 47027.83,
                                    "Total Cost": 91468.67,
                                    "Plan Rows": 130310,
                                    "Plan Width": 0,
                                    "Actual Startup Time": 191.212,
                                    "Actual Total Time": 382.266,
                                    "Actual Rows": 182261,
                                    "Actual Loops": 4,
                                    "Inner Unique": true,
                                    "Hash Cond": "(mk.movie_id = t.id)",
                                    "Workers": [
                                        {
                                            "Worker Number": 0,
                                            "Actual Startup Time": 188.534,
                                            "Actual Total Time": 379.694,
                                            "Actual Rows": 178751,
                                            "Actual Loops": 1
                                        },
                                        {
                                            "Worker Number": 1,
                                            "Actual Startup Time": 188.656,
                                            "Actual Total Time": 379.767,
                                            "Actual Rows": 180203,
                                            "Actual Loops": 1
                                        },
                                        {
                                            "Worker Number": 2,
                                            "Actual Startup Time": 188.63,
                                            "Actual Total Time": 379.864,
                                            "Actual Rows": 178522,
                                            "Actual Loops": 1
                                        }
                                    ],
                                    "Plans": [
                                        {
                                            "Node Type": "Seq Scan",
                                            "Parent Relationship": "Outer",
                                            "Parallel Aware": true,
                                            "Relation Name": "movie_keyword",
                                            "Schema": "public",
                                            "Alias": "mk",
                                            "Startup Cost": 0.0,
                                            "Total Cost": 42695.65,
                                            "Plan Rows": 664831,
                                            "Plan Width": 4,
                                            "Actual Startup Time": 0.431,
                                            "Actual Total Time": 141.989,
                                            "Actual Rows": 511588,
                                            "Actual Loops": 4,
                                            "Output": [
                                                "mk.id",
                                                "mk.movie_id",
                                                "mk.keyword_id"
                                            ],
                                            "Filter": "(mk.keyword_id > 5990)",
                                            "Rows Removed by Filter": 619394,
                                            "Workers": [
                                                {
                                                    "Worker Number": 0,
                                                    "Actual Startup Time": 0.404,
                                                    "Actual Total Time": 144.089,
                                                    "Actual Rows": 502121,
                                                    "Actual Loops": 1
                                                },
                                                {
                                                    "Worker Number": 1,
                                                    "Actual Startup Time": 0.436,
                                                    "Actual Total Time": 144.001,
                                                    "Actual Rows": 505488,
                                                    "Actual Loops": 1
                                                },
                                                {
                                                    "Worker Number": 2,
                                                    "Actual Startup Time": 0.445,
                                                    "Actual Total Time": 143.986,
                                                    "Actual Rows": 503550,
                                                    "Actual Loops": 1
                                                }
                                            ]
                                        },
                                        {
                                            "Node Type": "Hash",
                                            "Parent Relationship": "Inner",
                                            "Parallel Aware": true,
                                            "Startup Cost": 45479.21,
                                            "Total Cost": 45479.21,
                                            "Plan Rows": 123890,
                                            "Plan Width": 4,
                                            "Actual Startup Time": 149.322,
                                            "Actual Total Time": 149.324,
                                            "Actual Rows": 91166,
                                            "Actual Loops": 4,
                                            "Output": [
                                                "t.id"
                                            ],
                                            "Hash Buckets": 524288,
                                            "Original Hash Buckets": 524288,
                                            "Hash Batches": 1,
                                            "Original Hash Batches": 1,
                                            "Peak Memory Usage": 18432,
                                            "Workers": [
                                                {
                                                    "Worker Number": 0,
                                                    "Actual Startup Time": 148.088,
                                                    "Actual Total Time": 148.09,
                                                    "Actual Rows": 89192,
                                                    "Actual Loops": 1
                                                },
                                                {
                                                    "Worker Number": 1,
                                                    "Actual Startup Time": 148.174,
                                                    "Actual Total Time": 148.176,
                                                    "Actual Rows": 89716,
                                                    "Actual Loops": 1
                                                },
                                                {
                                                    "Worker Number": 2,
                                                    "Actual Startup Time": 148.145,
                                                    "Actual Total Time": 148.146,
                                                    "Actual Rows": 89887,
                                                    "Actual Loops": 1
                                                }
                                            ],
                                            "Plans": [
                                                {
                                                    "Node Type": "Seq Scan",
                                                    "Parent Relationship": "Outer",
                                                    "Parallel Aware": true,
                                                    "Relation Name": "title",
                                                    "Schema": "public",
                                                    "Alias": "t",
                                                    "Startup Cost": 0.0,
                                                    "Total Cost": 45479.21,
                                                    "Plan Rows": 123890,
                                                    "Plan Width": 4,
                                                    "Actual Startup Time": 45.14,
                                                    "Actual Total Time": 112.273,
                                                    "Actual Rows": 91166,
                                                    "Actual Loops": 4,
                                                    "Output": [
                                                        "t.id"
                                                    ],
                                                    "Filter": "((t.kind_id < 2) AND (t.production_year > 1984))",
                                                    "Rows Removed by Filter": 540912,
                                                    "Workers": [
                                                        {
                                                            "Worker Number": 0,
                                                            "Actual Startup Time": 57.497,
                                                            "Actual Total Time": 112.305,
                                                            "Actual Rows": 89192,
                                                            "Actual Loops": 1
                                                        },
                                                        {
                                                            "Worker Number": 1,
                                                            "Actual Startup Time": 2.927,
                                                            "Actual Total Time": 112.263,
                                                            "Actual Rows": 89716,
                                                            "Actual Loops": 1
                                                        },
                                                        {
                                                            "Worker Number": 2,
                                                            "Actual Startup Time": 57.691,
                                                            "Actual Total Time": 112.442,
                                                            "Actual Rows": 89887,
                                                            "Actual Loops": 1
                                                        }
                                                    ]
                                                }
                                            ]
                                        }
                                    ]
                                }
                            ]
                        }
                    ]
                }
            ]
        },
        "Planning Time": 281.598,
        "Triggers": [],
        "Execution Time": 416.295
    }
]