[
  {
    "Plan": {
      "Node Type": "Aggregate",
      "Strategy": "Plain",
      "Partial Mode": "Finalize",
      "Parallel Aware": false,
      "Startup Cost": 274711.06,
      "Total Cost": 274711.07,
      "Plan Rows": 1,
      "Plan Width": 8,
      "Actual Startup Time": 103.215,
      "Actual Total Time": 108.835,
      "Actual Rows": 1,
      "Actual Loops": 1,
      "Plans": [
        {
          "Node Type": "Gather",
          "Parent Relationship": "Outer",
          "Parallel Aware": false,
          "Startup Cost": 274710.43,
          "Total Cost": 274711.04,
          "Plan Rows": 6,
          "Plan Width": 8,
          "Actual Startup Time": 103.014,
          "Actual Total Time": 108.827,
          "Actual Rows": 7,
          "Actual Loops": 1,
          "Workers Planned": 6,
          "Workers Launched": 6,
          "Single Copy": false,
          "Plans": [
            {
              "Node Type": "Aggregate",
              "Strategy": "Plain",
              "Partial Mode": "Partial",
              "Parent Relationship": "Outer",
              "Parallel Aware": false,
              "Startup Cost": 273710.43,
              "Total Cost": 273710.44,
              "Plan Rows": 1,
              "Plan Width": 8,
              "Actual Startup Time": 95.131,
              "Actual Total Time": 95.133,
              "Actual Rows": 1,
              "Actual Loops": 7,
              "Plans": [
                {
                  "Node Type": "Bitmap Heap Scan",
                  "Parent Relationship": "Outer",
                  "Parallel Aware": true,
                  "Relation Name": "cast_info",
                  "Alias": "ci",
                  "Startup Cost": 18886.15,
                  "Total Cost": 273354.22,
                  "Plan Rows": 142486,
                  "Plan Width": 0,
                  "Actual Startup Time": 41.782,
                  "Actual Total Time": 86.899,
                  "Actual Rows": 117760,
                  "Actual Loops": 7,
                  "Recheck Cond": "(person_id > 3903785)",
                  "Rows Removed by Index Recheck": 0,
                  "Exact Heap Blocks": 3906,
                  "Lossy Heap Blocks": 0,
                  "Plans": [
                    {
                      "Node Type": "Bitmap Index Scan",
                      "Parent Relationship": "Outer",
                      "Parallel Aware": false,
                      "Index Name": "person_id_cast_info",
                      "Startup Cost": 0.0,
                      "Total Cost": 18672.42,
                      "Plan Rows": 854914,
                      "Plan Width": 0,
                      "Actual Startup Time": 46.919,
                      "Actual Total Time": 46.92,
                      "Actual Rows": 824317,
                      "Actual Loops": 1,
                      "Index Cond": "(person_id > 3903785)"
                    }
                  ]
                }
              ]
            }
          ]
        }
      ]
    },
    "Planning Time": 0.17,
    "Triggers": [],
    "Execution Time": 108.902
  }
]