[
  {
    "Plan": {
      "Node Type": "Aggregate",
      "Strategy": "Plain",
      "Partial Mode": "Finalize",
      "Parallel Aware": false,
      "Startup Cost": 33048.37,
      "Total Cost": 33048.38,
      "Plan Rows": 1,
      "Plan Width": 8,
      "Actual Startup Time": 98.675,
      "Actual Total Time": 106.45,
      "Actual Rows": 1,
      "Actual Loops": 1,
      "Plans": [
        {
          "Node Type": "Gather",
          "Parent Relationship": "Outer",
          "Parallel Aware": false,
          "Startup Cost": 33048.05,
          "Total Cost": 33048.36,
          "Plan Rows": 3,
          "Plan Width": 8,
          "Actual Startup Time": 98.555,
          "Actual Total Time": 106.444,
          "Actual Rows": 4,
          "Actual Loops": 1,
          "Workers Planned": 3,
          "Workers Launched": 3,
          "Single Copy": false,
          "Plans": [
            {
              "Node Type": "Aggregate",
              "Strategy": "Plain",
              "Partial Mode": "Partial",
              "Parent Relationship": "Outer",
              "Parallel Aware": false,
              "Startup Cost": 32048.05,
              "Total Cost": 32048.06,
              "Plan Rows": 1,
              "Plan Width": 8,
              "Actual Startup Time": 92.215,
              "Actual Total Time": 92.216,
              "Actual Rows": 1,
              "Actual Loops": 4,
              "Plans": [
                {
                  "Node Type": "Seq Scan",
                  "Parent Relationship": "Outer",
                  "Parallel Aware": true,
                  "Relation Name": "movie_companies",
                  "Alias": "mc",
                  "Startup Cost": 0.0,
                  "Total Cost": 31414.82,
                  "Plan Rows": 253293,
                  "Plan Width": 0,
                  "Actual Startup Time": 47.483,
                  "Actual Total Time": 82.21,
                  "Actual Rows": 251262,
                  "Actual Loops": 4,
                  "Filter": "((company_id > 6348) AND (company_type_id > 1))",
                  "Rows Removed by Filter": 401020
                }
              ]
            }
          ]
        }
      ]
    },
    "Planning Time": 0.179,
    "Triggers": [],
    "Execution Time": 106.496
  }
]