[
  {
    "Plan": {
      "Node Type": "Aggregate",
      "Strategy": "Plain",
      "Partial Mode": "Finalize",
      "Parallel Aware": false,
      "Startup Cost": 350591.2,
      "Total Cost": 350591.21,
      "Plan Rows": 1,
      "Plan Width": 8,
      "Actual Startup Time": 714.991,
      "Actual Total Time": 781.096,
      "Actual Rows": 1,
      "Actual Loops": 1,
      "Plans": [
        {
          "Node Type": "Gather",
          "Parent Relationship": "Outer",
          "Parallel Aware": false,
          "Startup Cost": 350590.58,
          "Total Cost": 350591.19,
          "Plan Rows": 6,
          "Plan Width": 8,
          "Actual Startup Time": 714.87,
          "Actual Total Time": 781.084,
          "Actual Rows": 7,
          "Actual Loops": 1,
          "Workers Planned": 6,
          "Workers Launched": 6,
          "Single Copy": false,
          "Plans": [
            {
              "Node Type": "Aggregate",
              "Strategy": "Plain",
              "Partial Mode": "Partial",
              "Parent Relationship": "Outer",
              "Parallel Aware": false,
              "Startup Cost": 349590.58,
              "Total Cost": 349590.59,
              "Plan Rows": 1,
              "Plan Width": 8,
              "Actual Startup Time": 705.599,
              "Actual Total Time": 705.6,
              "Actual Rows": 1,
              "Actual Loops": 7,
              "Plans": [
                {
                  "Node Type": "Seq Scan",
                  "Parent Relationship": "Outer",
                  "Parallel Aware": true,
                  "Relation Name": "cast_info",
                  "Alias": "ci",
                  "Startup Cost": 0.0,
                  "Total Cost": 343257.03,
                  "Plan Rows": 2533419,
                  "Plan Width": 0,
                  "Actual Startup Time": 162.229,
                  "Actual Total Time": 629.569,
                  "Actual Rows": 1943926,
                  "Actual Loops": 7,
                  "Filter": "((person_id > 1300590) AND (role_id < 4))",
                  "Rows Removed by Filter": 3233837
                }
              ]
            }
          ]
        }
      ]
    },
    "Planning Time": 0.191,
    "Triggers": [],
    "Execution Time": 781.163
  }
]