{
  "Plan": {
    "Node Type": "Aggregate",
    "Strategy": "Plain",
    "Partial Mode": "Finalize",
    "Parallel Aware": false,
    "Startup Cost": 466509.9,
    "Total Cost": 466509.91,
    "Plan Rows": 1,
    "Plan Width": 8,
    "Actual Startup Time": 1508.114,
    "Actual Total Time": 1526.543,
    "Actual Rows": 1,
    "Actual Loops": 1,
    "Plans": [
      {
        "Node Type": "Gather",
        "Parent Relationship": "Outer",
        "Parallel Aware": false,
        "Startup Cost": 466509.79,
        "Total Cost": 466509.9,
        "Plan Rows": 1,
        "Plan Width": 8,
        "Actual Startup Time": 1505.961,
        "Actual Total Time": 1526.534,
        "Actual Rows": 2,
        "Actual Loops": 1,
        "Workers Planned": 1,
        "Workers Launched": 1,
        "Single Copy": false,
        "Plans": [
          {
            "Node Type": "Aggregate",
            "Strategy": "Plain",
            "Partial Mode": "Partial",
            "Parent Relationship": "Outer",
            "Parallel Aware": false,
            "Startup Cost": 465509.79,
            "Total Cost": 465509.8,
            "Plan Rows": 1,
            "Plan Width": 8,
            "Actual Startup Time": 1500.373,
            "Actual Total Time": 1500.376,
            "Actual Rows": 1,
            "Actual Loops": 2,
            "Plans": [
              {
                "Node Type": "Hash Join",
                "Parent Relationship": "Outer",
                "Parallel Aware": true,
                "Join Type": "Inner",
                "Startup Cost": 167512.79,
                "Total Cost": 462751.77,
                "Plan Rows": 1103209,
                "Plan Width": 0,
                "Actual Startup Time": 476.49,
                "Actual Total Time": 1456.497,
                "Actual Rows": 1042954,
                "Actual Loops": 2,
                "Inner Unique": true,
                "Hash Cond": "(ci.movie_id = t.id)",
                "Plans": [
                  {
                    "Node Type": "Bitmap Heap Scan",
                    "Parent Relationship": "Outer",
                    "Parallel Aware": true,
                    "Relation Name": "cast_info",
                    "Alias": "ci",
                    "Startup Cost": 105634.49,
                    "Total Cost": 393488.4,
                    "Plan Rows": 2813353,
                    "Plan Width": 4,
                    "Actual Startup Time": 220.4,
                    "Actual Total Time": 455.237,
                    "Actual Rows": 2468522,
                    "Actual Loops": 2,
                    "Recheck Cond": "(person_id < 479324)",
                    "Rows Removed by Index Recheck": 0,
                    "Exact Heap Blocks": 27013,
                    "Lossy Heap Blocks": 0,
                    "Plans": [
                      {
                        "Node Type": "Bitmap Index Scan",
                        "Parent Relationship": "Outer",
                        "Parallel Aware": false,
                        "Index Name": "person_id_cast_info",
                        "Startup Cost": 0.0,
                        "Total Cost": 104438.82,
                        "Plan Rows": 4782700,
                        "Plan Width": 0,
                        "Actual Startup Time": 212.193,
                        "Actual Total Time": 212.194,
                        "Actual Rows": 4937045,
                        "Actual Loops": 1,
                        "Index Cond": "(person_id < 479324)"
                      }
                    ]
                  },
                  {
                    "Node Type": "Hash",
                    "Parent Relationship": "Inner",
                    "Parallel Aware": true,
                    "Startup Cost": 54588.39,
                    "Total Cost": 54588.39,
                    "Plan Rows": 583193,
                    "Plan Width": 4,
                    "Actual Startup Time": 250.432,
                    "Actual Total Time": 250.433,
                    "Actual Rows": 492524,
                    "Actual Loops": 2,
                    "Hash Buckets": 1048576,
                    "Original Hash Buckets": 1048576,
                    "Hash Batches": 1,
                    "Original Hash Batches": 1,
                    "Peak Memory Usage": 46752,
                    "Plans": [
                      {
                        "Node Type": "Seq Scan",
                        "Parent Relationship": "Outer",
                        "Parallel Aware": true,
                        "Relation Name": "title",
                        "Alias": "t",
                        "Startup Cost": 0.0,
                        "Total Cost": 54588.39,
                        "Plan Rows": 583193,
                        "Plan Width": 4,
                        "Actual Startup Time": 0.026,
                        "Actual Total Time": 139.816,
                        "Actual Rows": 492524,
                        "Actual Loops": 2,
                        "Filter": "(kind_id < 7)",
                        "Rows Removed by Filter": 771632
                      }
                    ]
                  }
                ]
              }
            ]
          }
        ]
      }
    ]
  },
  "Planning Time": 0.312,
  "Triggers": [],
  "Execution Time": 1526.594
}