[
  {
    "Plan": {
      "Node Type": "Aggregate",
      "Strategy": "Plain",
      "Partial Mode": "Finalize",
      "Parallel Aware": false,
      "Startup Cost": 62794.66,
      "Total Cost": 62794.67,
      "Plan Rows": 1,
      "Plan Width": 8,
      "Actual Startup Time": 158.36,
      "Actual Total Time": 179.422,
      "Actual Rows": 1,
      "Actual Loops": 1,
      "Plans": [
        {
          "Node Type": "Gather",
          "Parent Relationship": "Outer",
          "Parallel Aware": false,
          "Startup Cost": 62794.24,
          "Total Cost": 62794.65,
          "Plan Rows": 4,
          "Plan Width": 8,
          "Actual Startup Time": 158.197,
          "Actual Total Time": 179.413,
          "Actual Rows": 5,
          "Actual Loops": 1,
          "Workers Planned": 4,
          "Workers Launched": 4,
          "Single Copy": false,
          "Plans": [
            {
              "Node Type": "Aggregate",
              "Strategy": "Plain",
              "Partial Mode": "Partial",
              "Parent Relationship": "Outer",
              "Parallel Aware": false,
              "Startup Cost": 61794.24,
              "Total Cost": 61794.25,
              "Plan Rows": 1,
              "Plan Width": 8,
              "Actual Startup Time": 147.966,
              "Actual Total Time": 147.968,
              "Actual Rows": 1,
              "Actual Loops": 5,
              "Plans": [
                {
                  "Node Type": "Nested Loop",
                  "Parent Relationship": "Outer",
                  "Parallel Aware": false,
                  "Join Type": "Inner",
                  "Startup Cost": 0.87,
                  "Total Cost": 61767.77,
                  "Plan Rows": 10588,
                  "Plan Width": 0,
                  "Actual Startup Time": 63.297,
                  "Actual Total Time": 147.002,
                  "Actual Rows": 13034,
                  "Actual Loops": 5,
                  "Inner Unique": false,
                  "Join Filter": "(t.id = mi.movie_id)",
                  "Rows Removed by Join Filter": 0,
                  "Plans": [
                    {
                      "Node Type": "Nested Loop",
                      "Parent Relationship": "Outer",
                      "Parallel Aware": false,
                      "Join Type": "Inner",
                      "Startup Cost": 0.43,
                      "Total Cost": 57303.94,
                      "Plan Rows": 2392,
                      "Plan Width": 8,
                      "Actual Startup Time": 63.224,
                      "Actual Total Time": 116.979,
                      "Actual Rows": 1483,
                      "Actual Loops": 5,
                      "Inner Unique": false,
                      "Plans": [
                        {
                          "Node Type": "Seq Scan",
                          "Parent Relationship": "Outer",
                          "Parallel Aware": true,
                          "Relation Name": "title",
                          "Alias": "t",
                          "Startup Cost": 0.0,
                          "Total Cost": 45479.1,
                          "Plan Rows": 1337,
                          "Plan Width": 4,
                          "Actual Startup Time": 62.962,
                          "Actual Total Time": 89.479,
                          "Actual Rows": 4901,
                          "Actual Loops": 5,
                          "Filter": "((production_year < 1910) AND (kind_id = 1))",
                          "Rows Removed by Filter": 500761
                        },
                        {
                          "Node Type": "Index Only Scan",
                          "Parent Relationship": "Inner",
                          "Parallel Aware": false,
                          "Scan Direction": "Forward",
                          "Index Name": "movie_id_movie_keyword",
                          "Relation Name": "movie_keyword",
                          "Alias": "mk",
                          "Startup Cost": 0.43,
                          "Total Cost": 8.39,
                          "Plan Rows": 45,
                          "Plan Width": 4,
                          "Actual Startup Time": 0.005,
                          "Actual Total Time": 0.005,
                          "Actual Rows": 0,
                          "Actual Loops": 24507,
                          "Index Cond": "(movie_id = t.id)",
                          "Rows Removed by Index Recheck": 0,
                          "Heap Fetches": 7417
                        }
                      ]
                    },
                    {
                      "Node Type": "Index Scan",
                      "Parent Relationship": "Inner",
                      "Parallel Aware": false,
                      "Scan Direction": "Forward",
                      "Index Name": "movie_id_movie_info",
                      "Relation Name": "movie_info",
                      "Alias": "mi",
                      "Startup Cost": 0.43,
                      "Total Cost": 1.47,
                      "Plan Rows": 32,
                      "Plan Width": 4,
                      "Actual Startup Time": 0.007,
                      "Actual Total Time": 0.019,
                      "Actual Rows": 9,
                      "Actual Loops": 7417,
                      "Index Cond": "(movie_id = mk.movie_id)",
                      "Rows Removed by Index Recheck": 0,
                      "Filter": "(info_type_id > 3)",
                      "Rows Removed by Filter": 4
                    }
                  ]
                }
              ]
            }
          ]
        }
      ]
    },
    "Planning Time": 1.485,
    "Triggers": [],
    "Execution Time": 179.516
  }
]