{
  "Plan": {
    "Node Type": "Aggregate",
    "Strategy": "Plain",
    "Partial Mode": "Finalize",
    "Parallel Aware": false,
    "Startup Cost": 323360.82,
    "Total Cost": 323360.83,
    "Plan Rows": 1,
    "Plan Width": 8,
    "Actual Startup Time": 1568.798,
    "Actual Total Time": 1601.594,
    "Actual Rows": 1,
    "Actual Loops": 1,
    "Plans": [
      {
        "Node Type": "Gather",
        "Parent Relationship": "Outer",
        "Parallel Aware": false,
        "Startup Cost": 323360.71,
        "Total Cost": 323360.82,
        "Plan Rows": 1,
        "Plan Width": 8,
        "Actual Startup Time": 1566.227,
        "Actual Total Time": 1601.585,
        "Actual Rows": 2,
        "Actual Loops": 1,
        "Workers Planned": 1,
        "Workers Launched": 1,
        "Single Copy": false,
        "Plans": [
          {
            "Node Type": "Aggregate",
            "Strategy": "Plain",
            "Partial Mode": "Partial",
            "Parent Relationship": "Outer",
            "Parallel Aware": false,
            "Startup Cost": 322360.71,
            "Total Cost": 322360.72,
            "Plan Rows": 1,
            "Plan Width": 8,
            "Actual Startup Time": 1560.115,
            "Actual Total Time": 1560.119,
            "Actual Rows": 1,
            "Actual Loops": 2,
            "Plans": [
              {
                "Node Type": "Merge Join",
                "Parent Relationship": "Outer",
                "Parallel Aware": false,
                "Join Type": "Inner",
                "Startup Cost": 152494.67,
                "Total Cost": 321695.72,
                "Plan Rows": 265996,
                "Plan Width": 0,
                "Actual Startup Time": 919.761,
                "Actual Total Time": 1554.253,
                "Actual Rows": 136666,
                "Actual Loops": 2,
                "Inner Unique": false,
                "Merge Cond": "(mk.movie_id = t.id)",
                "Plans": [
                  {
                    "Node Type": "Index Only Scan",
                    "Parent Relationship": "Outer",
                    "Parallel Aware": true,
                    "Scan Direction": "Forward",
                    "Index Name": "movie_id_movie_keyword",
                    "Relation Name": "movie_keyword",
                    "Alias": "mk",
                    "Startup Cost": 0.43,
                    "Total Cost": 158560.11,
                    "Plan Rows": 2661135,
                    "Plan Width": 4,
                    "Actual Startup Time": 0.113,
                    "Actual Total Time": 504.337,
                    "Actual Rows": 2259864,
                    "Actual Loops": 2,
                    "Heap Fetches": 4519728
                  },
                  {
                    "Node Type": "Sort",
                    "Parent Relationship": "Inner",
                    "Parallel Aware": false,
                    "Startup Cost": 152494.09,
                    "Total Cost": 153125.89,
                    "Plan Rows": 252718,
                    "Plan Width": 8,
                    "Actual Startup Time": 917.264,
                    "Actual Total Time": 926.386,
                    "Actual Rows": 248660,
                    "Actual Loops": 2,
                    "Sort Key": [
                      "t.id"
                    ],
                    "Sort Method": "quicksort",
                    "Sort Space Used": 8835,
                    "Sort Space Type": "Memory",
                    "Workers": [
                      {
                        "Worker Number": 0,
                        "Sort Method": "quicksort",
                        "Sort Space Used": 8835,
                        "Sort Space Type": "Memory"
                      }
                    ],
                    "Plans": [
                      {
                        "Node Type": "Hash Join",
                        "Parent Relationship": "Outer",
                        "Parallel Aware": false,
                        "Join Type": "Inner",
                        "Startup Cost": 79951.79,
                        "Total Cost": 129816.23,
                        "Plan Rows": 252718,
                        "Plan Width": 8,
                        "Actual Startup Time": 387.856,
                        "Actual Total Time": 890.043,
                        "Actual Rows": 122931,
                        "Actual Loops": 2,
                        "Inner Unique": true,
                        "Hash Cond": "(mc.movie_id = t.id)",
                        "Plans": [
                          {
                            "Node Type": "Index Scan",
                            "Parent Relationship": "Outer",
                            "Parallel Aware": false,
                            "Scan Direction": "Forward",
                            "Index Name": "company_type_id_movie_companies",
                            "Relation Name": "movie_companies",
                            "Alias": "mc",
                            "Startup Cost": 0.43,
                            "Total Cost": 46387.42,
                            "Plan Rows": 1324742,
                            "Plan Width": 4,
                            "Actual Startup Time": 0.196,
                            "Actual Total Time": 174.467,
                            "Actual Rows": 1334883,
                            "Actual Loops": 2,
                            "Index Cond": "(company_type_id > 1)",
                            "Rows Removed by Index Recheck": 0
                          },
                          {
                            "Node Type": "Hash",
                            "Parent Relationship": "Inner",
                            "Parallel Aware": false,
                            "Startup Cost": 73922.39,
                            "Total Cost": 73922.39,
                            "Plan Rows": 482317,
                            "Plan Width": 4,
                            "Actual Startup Time": 381.117,
                            "Actual Total Time": 381.118,
                            "Actual Rows": 520584,
                            "Actual Loops": 2,
                            "Hash Buckets": 524288,
                            "Original Hash Buckets": 524288,
                            "Hash Batches": 1,
                            "Original Hash Batches": 1,
                            "Peak Memory Usage": 22398,
                            "Plans": [
                              {
                                "Node Type": "Seq Scan",
                                "Parent Relationship": "Outer",
                                "Parallel Aware": false,
                                "Relation Name": "title",
                                "Alias": "t",
                                "Startup Cost": 0.0,
                                "Total Cost": 73922.39,
                                "Plan Rows": 482317,
                                "Plan Width": 4,
                                "Actual Startup Time": 0.045,
                                "Actual Total Time": 264.807,
                                "Actual Rows": 520584,
                                "Actual Loops": 2,
                                "Filter": "((kind_id > 4) AND (production_year > 2007))",
                                "Rows Removed by Filter": 2007728
                              }
                            ]
                          }
                        ]
                      }
                    ]
                  }
                ]
              }
            ]
          }
        ]
      }
    ]
  },
  "Planning Time": 1.07,
  "Triggers": [],
  "Execution Time": 1601.917
}