{
  "Plan": {
    "Node Type": "Aggregate",
    "Strategy": "Plain",
    "Partial Mode": "Finalize",
    "Parallel Aware": false,
    "Startup Cost": 591503.69,
    "Total Cost": 591503.7,
    "Plan Rows": 1,
    "Plan Width": 96,
    "Actual Startup Time": 15577.68,
    "Actual Total Time": 15610.314,
    "Actual Rows": 1,
    "Actual Loops": 1,
    "Plans": [
      {
        "Node Type": "Gather",
        "Parent Relationship": "Outer",
        "Parallel Aware": false,
        "Startup Cost": 591503.58,
        "Total Cost": 591503.69,
        "Plan Rows": 1,
        "Plan Width": 96,
        "Actual Startup Time": 15577.671,
        "Actual Total Time": 15610.306,
        "Actual Rows": 1,
        "Actual Loops": 1,
        "Workers Planned": 1,
        "Workers Launched": 0,
        "Single Copy": false,
        "Plans": [
          {
            "Node Type": "Aggregate",
            "Strategy": "Plain",
            "Partial Mode": "Partial",
            "Parent Relationship": "Outer",
            "Parallel Aware": false,
            "Startup Cost": 590503.58,
            "Total Cost": 590503.59,
            "Plan Rows": 1,
            "Plan Width": 96,
            "Actual Startup Time": 15576.745,
            "Actual Total Time": 15576.755,
            "Actual Rows": 1,
            "Actual Loops": 1,
            "Plans": [
              {
                "Node Type": "Hash Join",
                "Parent Relationship": "Outer",
                "Parallel Aware": false,
                "Join Type": "Inner",
                "Startup Cost": 97796.38,
                "Total Cost": 590503.56,
                "Plan Rows": 2,
                "Plan Width": 66,
                "Actual Startup Time": 4523.81,
                "Actual Total Time": 15561.55,
                "Actual Rows": 79498,
                "Actual Loops": 1,
                "Inner Unique": true,
                "Hash Cond": "(mi_idx.info_type_id = it2.id)",
                "Plans": [
                  {
                    "Node Type": "Hash Join",
                    "Parent Relationship": "Outer",
                    "Parallel Aware": false,
                    "Join Type": "Inner",
                    "Startup Cost": 97793.96,
                    "Total Cost": 590500.54,
                    "Plan Rows": 218,
                    "Plan Width": 70,
                    "Actual Startup Time": 4523.482,
                    "Actual Total Time": 15532.553,
                    "Actual Rows": 239487,
                    "Actual Loops": 1,
                    "Inner Unique": true,
                    "Hash Cond": "(mi.info_type_id = it1.id)",
                    "Plans": [
                      {
                        "Node Type": "Nested Loop",
                        "Parent Relationship": "Outer",
                        "Parallel Aware": false,
                        "Join Type": "Inner",
                        "Startup Cost": 97791.53,
                        "Total Cost": 590430.87,
                        "Plan Rows": 24691,
                        "Plan Width": 74,
                        "Actual Startup Time": 3542.275,
                        "Actual Total Time": 15485.806,
                        "Actual Rows": 254374,
                        "Actual Loops": 1,
                        "Inner Unique": true,
                        "Plans": [
                          {
                            "Node Type": "Nested Loop",
                            "Parent Relationship": "Outer",
                            "Parallel Aware": false,
                            "Join Type": "Inner",
                            "Startup Cost": 97791.1,
                            "Total Cost": 535104.29,
                            "Plan Rows": 107962,
                            "Plan Width": 78,
                            "Actual Startup Time": 3238.263,
                            "Actual Total Time": 11962.342,
                            "Actual Rows": 1728868,
                            "Actual Loops": 1,
                            "Inner Unique": false,
                            "Plans": [
                              {
                                "Node Type": "Hash Join",
                                "Parent Relationship": "Outer",
                                "Parallel Aware": true,
                                "Join Type": "Inner",
                                "Startup Cost": 97790.54,
                                "Total Cost": 413306.77,
                                "Plan Rows": 60352,
                                "Plan Width": 86,
                                "Actual Startup Time": 3238.181,
                                "Actual Total Time": 4508.182,
                                "Actual Rows": 312525,
                                "Actual Loops": 1,
                                "Inner Unique": false,
                                "Hash Cond": "(mi.movie_id = t.id)",
                                "Plans": [
                                  {
                                    "Node Type": "Seq Scan",
                                    "Parent Relationship": "Outer",
                                    "Parallel Aware": true,
                                    "Relation Name": "movie_info",
                                    "Alias": "mi",
                                    "Startup Cost": 0.0,
                                    "Total Cost": 314746.6,
                                    "Plan Rows": 110565,
                                    "Plan Width": 51,
                                    "Actual Startup Time": 994.946,
                                    "Actual Total Time": 2101.539,
                                    "Actual Rows": 190378,
                                    "Actual Loops": 1,
                                    "Filter": "(info = ANY ('{Western,Action,Horror,Crime,Thriller,Sci-Fi}'::text[]))",
                                    "Rows Removed by Filter": 14645342
                                  },
                                  {
                                    "Node Type": "Hash",
                                    "Parent Relationship": "Inner",
                                    "Parallel Aware": true,
                                    "Startup Cost": 87643.22,
                                    "Total Cost": 87643.22,
                                    "Plan Rows": 811785,
                                    "Plan Width": 35,
                                    "Actual Startup Time": 2217.597,
                                    "Actual Total Time": 2217.602,
                                    "Actual Rows": 1380035,
                                    "Actual Loops": 1,
                                    "Hash Buckets": 2097152,
                                    "Original Hash Buckets": 2097152,
                                    "Hash Batches": 1,
                                    "Original Hash Batches": 1,
                                    "Peak Memory Usage": 115168,
                                    "Plans": [
                                      {
                                        "Node Type": "Hash Join",
                                        "Parent Relationship": "Outer",
                                        "Parallel Aware": true,
                                        "Join Type": "Inner",
                                        "Startup Cost": 69459.43,
                                        "Total Cost": 87643.22,
                                        "Plan Rows": 811785,
                                        "Plan Width": 35,
                                        "Actual Startup Time": 1258.454,
                                        "Actual Total Time": 1786.362,
                                        "Actual Rows": 1380035,
                                        "Actual Loops": 1,
                                        "Inner Unique": true,
                                        "Hash Cond": "(mi_idx.movie_id = t.id)",
                                        "Plans": [
                                          {
                                            "Node Type": "Seq Scan",
                                            "Parent Relationship": "Outer",
                                            "Parallel Aware": true,
                                            "Relation Name": "movie_info_idx",
                                            "Alias": "mi_idx",
                                            "Startup Cost": 0.0,
                                            "Total Cost": 16052.85,
                                            "Plan Rows": 811785,
                                            "Plan Width": 14,
                                            "Actual Startup Time": 0.01,
                                            "Actual Total Time": 102.567,
                                            "Actual Rows": 1380035,
                                            "Actual Loops": 1
                                          },
                                          {
                                            "Node Type": "Hash",
                                            "Parent Relationship": "Inner",
                                            "Parallel Aware": true,
                                            "Startup Cost": 50869.75,
                                            "Total Cost": 50869.75,
                                            "Plan Rows": 1487175,
                                            "Plan Width": 21,
                                            "Actual Startup Time": 1229.217,
                                            "Actual Total Time": 1229.218,
                                            "Actual Rows": 2528312,
                                            "Actual Loops": 1,
                                            "Hash Buckets": 4194304,
                                            "Original Hash Buckets": 4194304,
                                            "Hash Batches": 1,
                                            "Original Hash Batches": 1,
                                            "Peak Memory Usage": 174752,
                                            "Plans": [
                                              {
                                                "Node Type": "Seq Scan",
                                                "Parent Relationship": "Outer",
                                                "Parallel Aware": true,
                                                "Relation Name": "title",
                                                "Alias": "t",
                                                "Startup Cost": 0.0,
                                                "Total Cost": 50869.75,
                                                "Plan Rows": 1487175,
                                                "Plan Width": 21,
                                                "Actual Startup Time": 0.014,
                                                "Actual Total Time": 308.974,
                                                "Actual Rows": 2528312,
                                                "Actual Loops": 1
                                              }
                                            ]
                                          }
                                        ]
                                      }
                                    ]
                                  }
                                ]
                              },
                              {
                                "Node Type": "Index Scan",
                                "Parent Relationship": "Inner",
                                "Parallel Aware": false,
                                "Scan Direction": "Forward",
                                "Index Name": "movie_id_cast_info",
                                "Relation Name": "cast_info",
                                "Alias": "ci",
                                "Startup Cost": 0.56,
                                "Total Cost": 1.98,
                                "Plan Rows": 4,
                                "Plan Width": 8,
                                "Actual Startup Time": 0.009,
                                "Actual Total Time": 0.023,
                                "Actual Rows": 6,
                                "Actual Loops": 312525,
                                "Index Cond": "(movie_id = t.id)",
                                "Rows Removed by Index Recheck": 0,
                                "Filter": "(note = ANY ('{(producer),(uncredited),(voice),(writer),\"(executive producer)\"}'::text[]))",
                                "Rows Removed by Filter": 35
                              }
                            ]
                          },
                          {
                            "Node Type": "Index Scan",
                            "Parent Relationship": "Inner",
                            "Parallel Aware": false,
                            "Scan Direction": "Forward",
                            "Index Name": "name_pkey",
                            "Relation Name": "name",
                            "Alias": "n",
                            "Startup Cost": 0.43,
                            "Total Cost": 0.51,
                            "Plan Rows": 1,
                            "Plan Width": 4,
                            "Actual Startup Time": 0.002,
                            "Actual Total Time": 0.002,
                            "Actual Rows": 0,
                            "Actual Loops": 1728868,
                            "Index Cond": "(id = ci.person_id)",
                            "Rows Removed by Index Recheck": 0,
                            "Filter": "((gender)::text = 'f'::text)",
                            "Rows Removed by Filter": 1
                          }
                        ]
                      },
                      {
                        "Node Type": "Hash",
                        "Parent Relationship": "Inner",
                        "Parallel Aware": false,
                        "Startup Cost": 2.41,
                        "Total Cost": 2.41,
                        "Plan Rows": 1,
                        "Plan Width": 4,
                        "Actual Startup Time": 0.032,
                        "Actual Total Time": 0.033,
                        "Actual Rows": 1,
                        "Actual Loops": 1,
                        "Hash Buckets": 1024,
                        "Original Hash Buckets": 1024,
                        "Hash Batches": 1,
                        "Original Hash Batches": 1,
                        "Peak Memory Usage": 9,
                        "Plans": [
                          {
                            "Node Type": "Seq Scan",
                            "Parent Relationship": "Outer",
                            "Parallel Aware": false,
                            "Relation Name": "info_type",
                            "Alias": "it1",
                            "Startup Cost": 0.0,
                            "Total Cost": 2.41,
                            "Plan Rows": 1,
                            "Plan Width": 4,
                            "Actual Startup Time": 0.013,
                            "Actual Total Time": 0.03,
                            "Actual Rows": 1,
                            "Actual Loops": 1,
                            "Filter": "((info)::text = 'genres'::text)",
                            "Rows Removed by Filter": 112
                          }
                        ]
                      }
                    ]
                  },
                  {
                    "Node Type": "Hash",
                    "Parent Relationship": "Inner",
                    "Parallel Aware": false,
                    "Startup Cost": 2.41,
                    "Total Cost": 2.41,
                    "Plan Rows": 1,
                    "Plan Width": 4,
                    "Actual Startup Time": 0.048,
                    "Actual Total Time": 0.049,
                    "Actual Rows": 1,
                    "Actual Loops": 1,
                    "Hash Buckets": 1024,
                    "Original Hash Buckets": 1024,
                    "Hash Batches": 1,
                    "Original Hash Batches": 1,
                    "Peak Memory Usage": 9,
                    "Plans": [
                      {
                        "Node Type": "Seq Scan",
                        "Parent Relationship": "Outer",
                        "Parallel Aware": false,
                        "Relation Name": "info_type",
                        "Alias": "it2",
                        "Startup Cost": 0.0,
                        "Total Cost": 2.41,
                        "Plan Rows": 1,
                        "Plan Width": 4,
                        "Actual Startup Time": 0.039,
                        "Actual Total Time": 0.043,
                        "Actual Rows": 1,
                        "Actual Loops": 1,
                        "Filter": "((info)::text = 'votes'::text)",
                        "Rows Removed by Filter": 112
                      }
                    ]
                  }
                ]
              }
            ]
          }
        ]
      }
    ]
  },
  "Planning Time": 1.703,
  "Triggers": [],
  "Execution Time": 15610.457
}