[
  {
    "Plan": {
      "Node Type": "Aggregate",
      "Strategy": "Plain",
      "Partial Mode": "Finalize",
      "Parallel Aware": false,
      "Startup Cost": 300078.97,
      "Total Cost": 300078.98,
      "Plan Rows": 1,
      "Plan Width": 8,
      "Actual Startup Time": 186.781,
      "Actual Total Time": 195.734,
      "Actual Rows": 1,
      "Actual Loops": 1,
      "Plans": [
        {
          "Node Type": "Gather",
          "Parent Relationship": "Outer",
          "Parallel Aware": false,
          "Startup Cost": 300078.34,
          "Total Cost": 300078.95,
          "Plan Rows": 6,
          "Plan Width": 8,
          "Actual Startup Time": 186.356,
          "Actual Total Time": 195.727,
          "Actual Rows": 7,
          "Actual Loops": 1,
          "Workers Planned": 6,
          "Workers Launched": 6,
          "Single Copy": false,
          "Plans": [
            {
              "Node Type": "Aggregate",
              "Strategy": "Plain",
              "Partial Mode": "Partial",
              "Parent Relationship": "Outer",
              "Parallel Aware": false,
              "Startup Cost": 299078.34,
              "Total Cost": 299078.35,
              "Plan Rows": 1,
              "Plan Width": 8,
              "Actual Startup Time": 175.917,
              "Actual Total Time": 175.918,
              "Actual Rows": 1,
              "Actual Loops": 7,
              "Plans": [
                {
                  "Node Type": "Bitmap Heap Scan",
                  "Parent Relationship": "Outer",
                  "Parallel Aware": true,
                  "Relation Name": "cast_info",
                  "Alias": "ci",
                  "Startup Cost": 41674.57,
                  "Total Cost": 298292.21,
                  "Plan Rows": 314452,
                  "Plan Width": 0,
                  "Actual Startup Time": 83.777,
                  "Actual Total Time": 161.843,
                  "Actual Rows": 260306,
                  "Actual Loops": 7,
                  "Recheck Cond": "(person_id > 3701888)",
                  "Rows Removed by Index Recheck": 0,
                  "Exact Heap Blocks": 6726,
                  "Lossy Heap Blocks": 0,
                  "Plans": [
                    {
                      "Node Type": "Bitmap Index Scan",
                      "Parent Relationship": "Outer",
                      "Parallel Aware": false,
                      "Index Name": "person_id_cast_info",
                      "Startup Cost": 0.0,
                      "Total Cost": 41202.89,
                      "Plan Rows": 1886710,
                      "Plan Width": 0,
                      "Actual Startup Time": 89.099,
                      "Actual Total Time": 89.1,
                      "Actual Rows": 1822139,
                      "Actual Loops": 1,
                      "Index Cond": "(person_id > 3701888)"
                    }
                  ]
                }
              ]
            }
          ]
        }
      ]
    },
    "Planning Time": 0.174,
    "Triggers": [],
    "Execution Time": 195.804
  }
]