[
  {
    "Plan": {
      "Node Type": "Aggregate",
      "Strategy": "Plain",
      "Partial Mode": "Finalize",
      "Parallel Aware": false,
      "Startup Cost": 32987.62,
      "Total Cost": 32987.63,
      "Plan Rows": 1,
      "Plan Width": 8,
      "Actual Startup Time": 90.672,
      "Actual Total Time": 98.543,
      "Actual Rows": 1,
      "Actual Loops": 1,
      "Plans": [
        {
          "Node Type": "Gather",
          "Parent Relationship": "Outer",
          "Parallel Aware": false,
          "Startup Cost": 32987.31,
          "Total Cost": 32987.62,
          "Plan Rows": 3,
          "Plan Width": 8,
          "Actual Startup Time": 90.529,
          "Actual Total Time": 98.535,
          "Actual Rows": 4,
          "Actual Loops": 1,
          "Workers Planned": 3,
          "Workers Launched": 3,
          "Single Copy": false,
          "Plans": [
            {
              "Node Type": "Aggregate",
              "Strategy": "Plain",
              "Partial Mode": "Partial",
              "Parent Relationship": "Outer",
              "Parallel Aware": false,
              "Startup Cost": 31987.31,
              "Total Cost": 31987.32,
              "Plan Rows": 1,
              "Plan Width": 8,
              "Actual Startup Time": 82.482,
              "Actual Total Time": 82.483,
              "Actual Rows": 1,
              "Actual Loops": 4,
              "Plans": [
                {
                  "Node Type": "Seq Scan",
                  "Parent Relationship": "Outer",
                  "Parallel Aware": true,
                  "Relation Name": "movie_companies",
                  "Alias": "mc",
                  "Startup Cost": 0.0,
                  "Total Cost": 31414.82,
                  "Plan Rows": 228995,
                  "Plan Width": 0,
                  "Actual Startup Time": 48.408,
                  "Actual Total Time": 78.004,
                  "Actual Rows": 112326,
                  "Actual Loops": 4,
                  "Filter": "((company_id < 12123) AND (company_type_id > 1))",
                  "Rows Removed by Filter": 539956
                }
              ]
            }
          ]
        }
      ]
    },
    "Planning Time": 0.218,
    "Triggers": [],
    "Execution Time": 98.6
  }
]