{
  "Plan": {
    "Node Type": "Aggregate",
    "Strategy": "Plain",
    "Partial Mode": "Finalize",
    "Parallel Aware": false,
    "Startup Cost": 80598.73,
    "Total Cost": 80598.74,
    "Plan Rows": 1,
    "Plan Width": 8,
    "Actual Startup Time": 141.309,
    "Actual Total Time": 149.123,
    "Actual Rows": 1,
    "Actual Loops": 1,
    "Plans": [
      {
        "Node Type": "Gather",
        "Parent Relationship": "Outer",
        "Parallel Aware": false,
        "Startup Cost": 80598.61,
        "Total Cost": 80598.72,
        "Plan Rows": 1,
        "Plan Width": 8,
        "Actual Startup Time": 141.09,
        "Actual Total Time": 149.116,
        "Actual Rows": 2,
        "Actual Loops": 1,
        "Workers Planned": 1,
        "Workers Launched": 1,
        "Single Copy": false,
        "Plans": [
          {
            "Node Type": "Aggregate",
            "Strategy": "Plain",
            "Partial Mode": "Partial",
            "Parent Relationship": "Outer",
            "Parallel Aware": false,
            "Startup Cost": 79598.61,
            "Total Cost": 79598.62,
            "Plan Rows": 1,
            "Plan Width": 8,
            "Actual Startup Time": 134.871,
            "Actual Total Time": 134.875,
            "Actual Rows": 1,
            "Actual Loops": 2,
            "Plans": [
              {
                "Node Type": "Nested Loop",
                "Parent Relationship": "Outer",
                "Parallel Aware": false,
                "Join Type": "Inner",
                "Startup Cost": 32460.77,
                "Total Cost": 79596.11,
                "Plan Rows": 1001,
                "Plan Width": 0,
                "Actual Startup Time": 54.41,
                "Actual Total Time": 134.84,
                "Actual Rows": 168,
                "Actual Loops": 2,
                "Inner Unique": false,
                "Plans": [
                  {
                    "Node Type": "Hash Join",
                    "Parent Relationship": "Outer",
                    "Parallel Aware": true,
                    "Join Type": "Inner",
                    "Startup Cost": 32460.35,
                    "Total Cost": 76205.0,
                    "Plan Rows": 5564,
                    "Plan Width": 8,
                    "Actual Startup Time": 54.3,
                    "Actual Total Time": 132.375,
                    "Actual Rows": 169,
                    "Actual Loops": 2,
                    "Inner Unique": false,
                    "Hash Cond": "(t.id = mc.movie_id)",
                    "Plans": [
                      {
                        "Node Type": "Bitmap Heap Scan",
                        "Parent Relationship": "Outer",
                        "Parallel Aware": true,
                        "Relation Name": "title",
                        "Alias": "t",
                        "Startup Cost": 11949.44,
                        "Total Cost": 53799.7,
                        "Plan Rows": 297867,
                        "Plan Width": 4,
                        "Actual Startup Time": 21.721,
                        "Actual Total Time": 78.295,
                        "Actual Rows": 188960,
                        "Actual Loops": 2,
                        "Recheck Cond": "(kind_id = 1)",
                        "Rows Removed by Index Recheck": 0,
                        "Filter": "(production_year > 1981)",
                        "Rows Removed by Filter": 142452,
                        "Exact Heap Blocks": 8006,
                        "Lossy Heap Blocks": 0,
                        "Plans": [
                          {
                            "Node Type": "Bitmap Index Scan",
                            "Parent Relationship": "Outer",
                            "Parallel Aware": false,
                            "Index Name": "kind_id_title",
                            "Startup Cost": 0.0,
                            "Total Cost": 11822.85,
                            "Plan Rows": 663256,
                            "Plan Width": 0,
                            "Actual Startup Time": 19.887,
                            "Actual Total Time": 19.888,
                            "Actual Rows": 662825,
                            "Actual Loops": 1,
                            "Index Cond": "(kind_id = 1)"
                          }
                        ]
                      },
                      {
                        "Node Type": "Hash",
                        "Parent Relationship": "Inner",
                        "Parallel Aware": true,
                        "Startup Cost": 20163.67,
                        "Total Cost": 20163.67,
                        "Plan Rows": 27779,
                        "Plan Width": 4,
                        "Actual Startup Time": 29.99,
                        "Actual Total Time": 29.992,
                        "Actual Rows": 23626,
                        "Actual Loops": 2,
                        "Hash Buckets": 65536,
                        "Original Hash Buckets": 65536,
                        "Hash Batches": 1,
                        "Original Hash Batches": 1,
                        "Peak Memory Usage": 2400,
                        "Plans": [
                          {
                            "Node Type": "Bitmap Heap Scan",
                            "Parent Relationship": "Outer",
                            "Parallel Aware": true,
                            "Relation Name": "movie_companies",
                            "Alias": "mc",
                            "Startup Cost": 1026.42,
                            "Total Cost": 20163.67,
                            "Plan Rows": 27779,
                            "Plan Width": 4,
                            "Actual Startup Time": 4.693,
                            "Actual Total Time": 21.579,
                            "Actual Rows": 23626,
                            "Actual Loops": 2,
                            "Recheck Cond": "(company_id = 19)",
                            "Rows Removed by Index Recheck": 0,
                            "Exact Heap Blocks": 4024,
                            "Lossy Heap Blocks": 0,
                            "Plans": [
                              {
                                "Node Type": "Bitmap Index Scan",
                                "Parent Relationship": "Outer",
                                "Parallel Aware": false,
                                "Index Name": "company_id_movie_companies",
                                "Startup Cost": 0.0,
                                "Total Cost": 1014.62,
                                "Plan Rows": 47225,
                                "Plan Width": 0,
                                "Actual Startup Time": 7.345,
                                "Actual Total Time": 7.345,
                                "Actual Rows": 47252,
                                "Actual Loops": 1,
                                "Index Cond": "(company_id = 19)"
                              }
                            ]
                          }
                        ]
                      }
                    ]
                  },
                  {
                    "Node Type": "Index Scan",
                    "Parent Relationship": "Inner",
                    "Parallel Aware": false,
                    "Scan Direction": "Forward",
                    "Index Name": "movie_id_movie_info_idx",
                    "Relation Name": "movie_info_idx",
                    "Alias": "mi_idx",
                    "Startup Cost": 0.43,
                    "Total Cost": 0.6,
                    "Plan Rows": 1,
                    "Plan Width": 4,
                    "Actual Startup Time": 0.013,
                    "Actual Total Time": 0.014,
                    "Actual Rows": 1,
                    "Actual Loops": 338,
                    "Index Cond": "(movie_id = t.id)",
                    "Rows Removed by Index Recheck": 0,
                    "Filter": "(info_type_id < 100)",
                    "Rows Removed by Filter": 2
                  }
                ]
              }
            ]
          }
        ]
      }
    ]
  },
  "Planning Time": 0.97,
  "Triggers": [],
  "Execution Time": 149.237
}