[
    {
        "Bao": {
            "Bao prediction": "NaN",
            "Bao recommended hint": "(no hint)"
        }
    },
    {
        "Plan": {
            "Node Type": "Aggregate",
            "Strategy": "Plain",
            "Partial Mode": "Finalize",
            "Parallel Aware": false,
            "Startup Cost": 30617.41,
            "Total Cost": 30617.42,
            "Plan Rows": 1,
            "Plan Width": 8,
            "Actual Startup Time": 76.891,
            "Actual Total Time": 82.753,
            "Actual Rows": 1,
            "Actual Loops": 1,
            "Output": [
                "count(*)"
            ],
            "Plans": [
                {
                    "Node Type": "Gather",
                    "Parent Relationship": "Outer",
                    "Parallel Aware": false,
                    "Startup Cost": 30617.09,
                    "Total Cost": 30617.4,
                    "Plan Rows": 3,
                    "Plan Width": 8,
                    "Actual Startup Time": 76.597,
                    "Actual Total Time": 82.744,
                    "Actual Rows": 4,
                    "Actual Loops": 1,
                    "Output": [
                        "(PARTIAL count(*))"
                    ],
                    "Workers Planned": 3,
                    "Workers Launched": 3,
                    "Single Copy": false,
                    "Plans": [
                        {
                            "Node Type": "Aggregate",
                            "Strategy": "Plain",
                            "Partial Mode": "Partial",
                            "Parent Relationship": "Outer",
                            "Parallel Aware": false,
                            "Startup Cost": 29617.09,
                            "Total Cost": 29617.1,
                            "Plan Rows": 1,
                            "Plan Width": 8,
                            "Actual Startup Time": 67.932,
                            "Actual Total Time": 67.933,
                            "Actual Rows": 1,
                            "Actual Loops": 4,
                            "Output": [
                                "PARTIAL count(*)"
                            ],
                            "Workers": [
                                {
                                    "Worker Number": 0,
                                    "Actual Startup Time": 65.002,
                                    "Actual Total Time": 65.004,
                                    "Actual Rows": 1,
                                    "Actual Loops": 1
                                },
                                {
                                    "Worker Number": 1,
                                    "Actual Startup Time": 64.939,
                                    "Actual Total Time": 64.94,
                                    "Actual Rows": 1,
                                    "Actual Loops": 1
                                },
                                {
                                    "Worker Number": 2,
                                    "Actual Startup Time": 65.469,
                                    "Actual Total Time": 65.471,
                                    "Actual Rows": 1,
                                    "Actual Loops": 1
                                }
                            ],
                            "Plans": [
                                {
                                    "Node Type": "Bitmap Heap Scan",
                                    "Parent Relationship": "Outer",
                                    "Parallel Aware": true,
                                    "Relation Name": "movie_keyword",
                                    "Schema": "public",
                                    "Alias": "mk",
                                    "Startup Cost": 4204.22,
                                    "Total Cost": 29457.28,
                                    "Plan Rows": 63925,
                                    "Plan Width": 0,
                                    "Actual Startup Time": 11.457,
                                    "Actual Total Time": 64.668,
                                    "Actual Rows": 49661,
                                    "Actual Loops": 4,
                                    "Recheck Cond": "(mk.keyword_id > 69035)",
                                    "Rows Removed by Index Recheck": 0,
                                    "Exact Heap Blocks": 10764,
                                    "Lossy Heap Blocks": 0,
                                    "Workers": [
                                        {
                                            "Worker Number": 0,
                                            "Actual Startup Time": 8.553,
                                            "Actual Total Time": 62.155,
                                            "Actual Rows": 32232,
                                            "Actual Loops": 1
                                        },
                                        {
                                            "Worker Number": 1,
                                            "Actual Startup Time": 8.533,
                                            "Actual Total Time": 62.089,
                                            "Actual Rows": 32686,
                                            "Actual Loops": 1
                                        },
                                        {
                                            "Worker Number": 2,
                                            "Actual Startup Time": 9.126,
                                            "Actual Total Time": 62.631,
                                            "Actual Rows": 28564,
                                            "Actual Loops": 1
                                        }
                                    ],
                                    "Plans": [
                                        {
                                            "Node Type": "Bitmap Index Scan",
                                            "Parent Relationship": "Outer",
                                            "Parallel Aware": false,
                                            "Index Name": "keyword_id_movie_keyword",
                                            "Startup Cost": 0.0,
                                            "Total Cost": 4154.68,
                                            "Plan Rows": 198166,
                                            "Plan Width": 0,
                                            "Actual Startup Time": 16.223,
                                            "Actual Total Time": 16.224,
                                            "Actual Rows": 198645,
                                            "Actual Loops": 1,
                                            "Index Cond": "(mk.keyword_id > 69035)"
                                        }
                                    ]
                                }
                            ]
                        }
                    ]
                }
            ]
        },
        "Planning Time": 201.624,
        "Triggers": [],
        "Execution Time": 82.818
    }
]