[
  {
    "Plan": {
      "Node Type": "Aggregate",
      "Strategy": "Plain",
      "Partial Mode": "Finalize",
      "Parallel Aware": false,
      "Startup Cost": 45853.44,
      "Total Cost": 45853.45,
      "Plan Rows": 1,
      "Plan Width": 8,
      "Actual Startup Time": 151.21,
      "Actual Total Time": 160.797,
      "Actual Rows": 1,
      "Actual Loops": 1,
      "Plans": [
        {
          "Node Type": "Gather",
          "Parent Relationship": "Outer",
          "Parallel Aware": false,
          "Startup Cost": 45853.12,
          "Total Cost": 45853.43,
          "Plan Rows": 3,
          "Plan Width": 8,
          "Actual Startup Time": 151.032,
          "Actual Total Time": 160.786,
          "Actual Rows": 4,
          "Actual Loops": 1,
          "Workers Planned": 3,
          "Workers Launched": 3,
          "Single Copy": false,
          "Plans": [
            {
              "Node Type": "Aggregate",
              "Strategy": "Plain",
              "Partial Mode": "Partial",
              "Parent Relationship": "Outer",
              "Parallel Aware": false,
              "Startup Cost": 44853.12,
              "Total Cost": 44853.13,
              "Plan Rows": 1,
              "Plan Width": 8,
              "Actual Startup Time": 142.335,
              "Actual Total Time": 142.337,
              "Actual Rows": 1,
              "Actual Loops": 4,
              "Plans": [
                {
                  "Node Type": "Seq Scan",
                  "Parent Relationship": "Outer",
                  "Parallel Aware": true,
                  "Relation Name": "movie_keyword",
                  "Alias": "mk",
                  "Startup Cost": 0.0,
                  "Total Cost": 42695.65,
                  "Plan Rows": 862987,
                  "Plan Width": 0,
                  "Actual Startup Time": 0.183,
                  "Actual Total Time": 113.427,
                  "Actual Rows": 667694,
                  "Actual Loops": 4,
                  "Filter": "(keyword_id > 3081)",
                  "Rows Removed by Filter": 463289
                }
              ]
            }
          ]
        }
      ]
    },
    "Planning Time": 0.212,
    "Triggers": [],
    "Execution Time": 160.852
  }
]