[
  {
    "Plan": {
      "Node Type": "Aggregate",
      "Strategy": "Plain",
      "Partial Mode": "Finalize",
      "Parallel Aware": false,
      "Startup Cost": 45856.31,
      "Total Cost": 45856.32,
      "Plan Rows": 1,
      "Plan Width": 8,
      "Actual Startup Time": 152.969,
      "Actual Total Time": 162.68,
      "Actual Rows": 1,
      "Actual Loops": 1,
      "Plans": [
        {
          "Node Type": "Gather",
          "Parent Relationship": "Outer",
          "Parallel Aware": false,
          "Startup Cost": 45855.99,
          "Total Cost": 45856.3,
          "Plan Rows": 3,
          "Plan Width": 8,
          "Actual Startup Time": 152.846,
          "Actual Total Time": 162.673,
          "Actual Rows": 4,
          "Actual Loops": 1,
          "Workers Planned": 3,
          "Workers Launched": 3,
          "Single Copy": false,
          "Plans": [
            {
              "Node Type": "Aggregate",
              "Strategy": "Plain",
              "Partial Mode": "Partial",
              "Parent Relationship": "Outer",
              "Parallel Aware": false,
              "Startup Cost": 44855.99,
              "Total Cost": 44856.0,
              "Plan Rows": 1,
              "Plan Width": 8,
              "Actual Startup Time": 146.168,
              "Actual Total Time": 146.169,
              "Actual Rows": 1,
              "Actual Loops": 4,
              "Plans": [
                {
                  "Node Type": "Seq Scan",
                  "Parent Relationship": "Outer",
                  "Parallel Aware": true,
                  "Relation Name": "movie_keyword",
                  "Alias": "mk",
                  "Startup Cost": 0.0,
                  "Total Cost": 42695.65,
                  "Plan Rows": 864136,
                  "Plan Width": 0,
                  "Actual Startup Time": 0.293,
                  "Actual Total Time": 116.539,
                  "Actual Rows": 667694,
                  "Actual Loops": 4,
                  "Filter": "(keyword_id > 3081)",
                  "Rows Removed by Filter": 463289
                }
              ]
            }
          ]
        }
      ]
    },
    "Planning Time": 0.114,
    "Triggers": [],
    "Execution Time": 162.717
  }
]