[
    {
        "Bao": {
            "Bao prediction": 471.055,
            "Bao recommended hint": "SET enable_mergejoin TO off; SET enable_indexscan TO off; "
        }
    },
    {
        "Plan": {
            "Node Type": "Aggregate",
            "Strategy": "Plain",
            "Partial Mode": "Finalize",
            "Parallel Aware": false,
            "Startup Cost": 332329.46,
            "Total Cost": 332329.47,
            "Plan Rows": 1,
            "Plan Width": 8,
            "Actual Startup Time": 898.106,
            "Actual Total Time": 928.604,
            "Actual Rows": 1,
            "Actual Loops": 1,
            "Output": [
                "count(*)"
            ],
            "Plans": [
                {
                    "Node Type": "Gather",
                    "Parent Relationship": "Outer",
                    "Parallel Aware": false,
                    "Startup Cost": 332328.84,
                    "Total Cost": 332329.45,
                    "Plan Rows": 6,
                    "Plan Width": 8,
                    "Actual Startup Time": 898.008,
                    "Actual Total Time": 928.595,
                    "Actual Rows": 7,
                    "Actual Loops": 1,
                    "Output": [
                        "(PARTIAL count(*))"
                    ],
                    "Workers Planned": 6,
                    "Workers Launched": 6,
                    "Single Copy": false,
                    "Plans": [
                        {
                            "Node Type": "Aggregate",
                            "Strategy": "Plain",
                            "Partial Mode": "Partial",
                            "Parent Relationship": "Outer",
                            "Parallel Aware": false,
                            "Startup Cost": 331328.84,
                            "Total Cost": 331328.85,
                            "Plan Rows": 1,
                            "Plan Width": 8,
                            "Actual Startup Time": 889.144,
                            "Actual Total Time": 889.145,
                            "Actual Rows": 1,
                            "Actual Loops": 7,
                            "Output": [
                                "PARTIAL count(*)"
                            ],
                            "Workers": [
                                {
                                    "Worker Number": 0,
                                    "Actual Startup Time": 887.066,
                                    "Actual Total Time": 887.067,
                                    "Actual Rows": 1,
                                    "Actual Loops": 1
                                },
                                {
                                    "Worker Number": 1,
                                    "Actual Startup Time": 887.302,
                                    "Actual Total Time": 887.303,
                                    "Actual Rows": 1,
                                    "Actual Loops": 1
                                },
                                {
                                    "Worker Number": 2,
                                    "Actual Startup Time": 887.377,
                                    "Actual Total Time": 887.379,
                                    "Actual Rows": 1,
                                    "Actual Loops": 1
                                },
                                {
                                    "Worker Number": 3,
                                    "Actual Startup Time": 887.879,
                                    "Actual Total Time": 887.879,
                                    "Actual Rows": 1,
                                    "Actual Loops": 1
                                },
                                {
                                    "Worker Number": 4,
                                    "Actual Startup Time": 887.944,
                                    "Actual Total Time": 887.945,
                                    "Actual Rows": 1,
                                    "Actual Loops": 1
                                },
                                {
                                    "Worker Number": 5,
                                    "Actual Startup Time": 888.822,
                                    "Actual Total Time": 888.823,
                                    "Actual Rows": 1,
                                    "Actual Loops": 1
                                }
                            ],
                            "Plans": [
                                {
                                    "Node Type": "Seq Scan",
                                    "Parent Relationship": "Outer",
                                    "Parallel Aware": true,
                                    "Relation Name": "cast_info",
                                    "Schema": "public",
                                    "Alias": "ci",
                                    "Startup Cost": 0.0,
                                    "Total Cost": 328213.62,
                                    "Plan Rows": 1246088,
                                    "Plan Width": 0,
                                    "Actual Startup Time": 283.693,
                                    "Actual Total Time": 820.143,
                                    "Actual Rows": 1064568,
                                    "Actual Loops": 7,
                                    "Output": [
                                        "id",
                                        "person_id",
                                        "movie_id",
                                        "person_role_id",
                                        "note",
                                        "nr_order",
                                        "role_id"
                                    ],
                                    "Filter": "(ci.role_id = 2)",
                                    "Rows Removed by Filter": 4113196,
                                    "Workers": [
                                        {
                                            "Worker Number": 0,
                                            "Actual Startup Time": 281.612,
                                            "Actual Total Time": 819.302,
                                            "Actual Rows": 1038112,
                                            "Actual Loops": 1
                                        },
                                        {
                                            "Worker Number": 1,
                                            "Actual Startup Time": 281.861,
                                            "Actual Total Time": 819.343,
                                            "Actual Rows": 1040542,
                                            "Actual Loops": 1
                                        },
                                        {
                                            "Worker Number": 2,
                                            "Actual Startup Time": 281.93,
                                            "Actual Total Time": 820.139,
                                            "Actual Rows": 1030289,
                                            "Actual Loops": 1
                                        },
                                        {
                                            "Worker Number": 3,
                                            "Actual Startup Time": 282.414,
                                            "Actual Total Time": 820.13,
                                            "Actual Rows": 1033825,
                                            "Actual Loops": 1
                                        },
                                        {
                                            "Worker Number": 4,
                                            "Actual Startup Time": 282.494,
                                            "Actual Total Time": 820.048,
                                            "Actual Rows": 1041041,
                                            "Actual Loops": 1
                                        },
                                        {
                                            "Worker Number": 5,
                                            "Actual Startup Time": 283.372,
                                            "Actual Total Time": 820.873,
                                            "Actual Rows": 1043000,
                                            "Actual Loops": 1
                                        }
                                    ]
                                }
                            ]
                        }
                    ]
                }
            ]
        },
        "Planning Time": 2364.87,
        "Triggers": [],
        "Execution Time": 928.665
    }
]