[
  {
    "Plan": {
      "Node Type": "Aggregate",
      "Strategy": "Plain",
      "Partial Mode": "Finalize",
      "Parallel Aware": false,
      "Startup Cost": 7841.78,
      "Total Cost": 7841.79,
      "Plan Rows": 1,
      "Plan Width": 8,
      "Actual Startup Time": 13.158,
      "Actual Total Time": 15.001,
      "Actual Rows": 1,
      "Actual Loops": 1,
      "Plans": [
        {
          "Node Type": "Gather",
          "Parent Relationship": "Outer",
          "Parallel Aware": false,
          "Startup Cost": 7841.66,
          "Total Cost": 7841.77,
          "Plan Rows": 1,
          "Plan Width": 8,
          "Actual Startup Time": 6.531,
          "Actual Total Time": 14.991,
          "Actual Rows": 2,
          "Actual Loops": 1,
          "Workers Planned": 1,
          "Workers Launched": 1,
          "Single Copy": false,
          "Plans": [
            {
              "Node Type": "Aggregate",
              "Strategy": "Plain",
              "Partial Mode": "Partial",
              "Parent Relationship": "Outer",
              "Parallel Aware": false,
              "Startup Cost": 6841.66,
              "Total Cost": 6841.67,
              "Plan Rows": 1,
              "Plan Width": 8,
              "Actual Startup Time": 3.123,
              "Actual Total Time": 3.125,
              "Actual Rows": 1,
              "Actual Loops": 2,
              "Plans": [
                {
                  "Node Type": "Nested Loop",
                  "Parent Relationship": "Outer",
                  "Parallel Aware": false,
                  "Join Type": "Inner",
                  "Startup Cost": 30.06,
                  "Total Cost": 6840.76,
                  "Plan Rows": 362,
                  "Plan Width": 0,
                  "Actual Startup Time": 0.592,
                  "Actual Total Time": 3.056,
                  "Actual Rows": 548,
                  "Actual Loops": 2,
                  "Inner Unique": true,
                  "Plans": [
                    {
                      "Node Type": "Bitmap Heap Scan",
                      "Parent Relationship": "Outer",
                      "Parallel Aware": true,
                      "Relation Name": "movie_companies",
                      "Alias": "mc",
                      "Startup Cost": 29.63,
                      "Total Cost": 3841.53,
                      "Plan Rows": 362,
                      "Plan Width": 4,
                      "Actual Startup Time": 0.58,
                      "Actual Total Time": 0.854,
                      "Actual Rows": 548,
                      "Actual Loops": 2,
                      "Recheck Cond": "(company_id > 233924)",
                      "Rows Removed by Index Recheck": 0,
                      "Filter": "(company_type_id > 1)",
                      "Rows Removed by Filter": 0,
                      "Exact Heap Blocks": 55,
                      "Lossy Heap Blocks": 0,
                      "Plans": [
                        {
                          "Node Type": "Bitmap Index Scan",
                          "Parent Relationship": "Outer",
                          "Parallel Aware": false,
                          "Index Name": "company_id_movie_companies",
                          "Startup Cost": 0.0,
                          "Total Cost": 29.48,
                          "Plan Rows": 1206,
                          "Plan Width": 0,
                          "Actual Startup Time": 1.066,
                          "Actual Total Time": 1.067,
                          "Actual Rows": 1097,
                          "Actual Loops": 1,
                          "Index Cond": "(company_id > 233924)"
                        }
                      ]
                    },
                    {
                      "Node Type": "Index Only Scan",
                      "Parent Relationship": "Inner",
                      "Parallel Aware": false,
                      "Scan Direction": "Forward",
                      "Index Name": "title_pkey",
                      "Relation Name": "title",
                      "Alias": "t",
                      "Startup Cost": 0.43,
                      "Total Cost": 8.29,
                      "Plan Rows": 1,
                      "Plan Width": 4,
                      "Actual Startup Time": 0.003,
                      "Actual Total Time": 0.003,
                      "Actual Rows": 1,
                      "Actual Loops": 1097,
                      "Index Cond": "(id = mc.movie_id)",
                      "Rows Removed by Index Recheck": 0,
                      "Heap Fetches": 1097
                    }
                  ]
                }
              ]
            }
          ]
        }
      ]
    },
    "Planning Time": 0.389,
    "Triggers": [],
    "Execution Time": 15.056
  }
]