{
  "Plan": {
    "Node Type": "Aggregate",
    "Strategy": "Plain",
    "Partial Mode": "Finalize",
    "Parallel Aware": false,
    "Startup Cost": 148863.3,
    "Total Cost": 148863.31,
    "Plan Rows": 1,
    "Plan Width": 8,
    "Actual Startup Time": 824.642,
    "Actual Total Time": 850.834,
    "Actual Rows": 1,
    "Actual Loops": 1,
    "Plans": [
      {
        "Node Type": "Gather",
        "Parent Relationship": "Outer",
        "Parallel Aware": false,
        "Startup Cost": 148863.18,
        "Total Cost": 148863.29,
        "Plan Rows": 1,
        "Plan Width": 8,
        "Actual Startup Time": 823.513,
        "Actual Total Time": 850.828,
        "Actual Rows": 2,
        "Actual Loops": 1,
        "Workers Planned": 1,
        "Workers Launched": 1,
        "Single Copy": false,
        "Plans": [
          {
            "Node Type": "Aggregate",
            "Strategy": "Plain",
            "Partial Mode": "Partial",
            "Parent Relationship": "Outer",
            "Parallel Aware": false,
            "Startup Cost": 147863.18,
            "Total Cost": 147863.19,
            "Plan Rows": 1,
            "Plan Width": 8,
            "Actual Startup Time": 817.338,
            "Actual Total Time": 817.343,
            "Actual Rows": 1,
            "Actual Loops": 2,
            "Plans": [
              {
                "Node Type": "Nested Loop",
                "Parent Relationship": "Outer",
                "Parallel Aware": false,
                "Join Type": "Inner",
                "Startup Cost": 73437.41,
                "Total Cost": 147715.25,
                "Plan Rows": 59175,
                "Plan Width": 0,
                "Actual Startup Time": 256.299,
                "Actual Total Time": 780.648,
                "Actual Rows": 744906,
                "Actual Loops": 2,
                "Inner Unique": false,
                "Join Filter": "(t.id = mc.movie_id)",
                "Rows Removed by Join Filter": 0,
                "Plans": [
                  {
                    "Node Type": "Hash Join",
                    "Parent Relationship": "Outer",
                    "Parallel Aware": true,
                    "Join Type": "Inner",
                    "Startup Cost": 73436.98,
                    "Total Cost": 102882.27,
                    "Plan Rows": 57342,
                    "Plan Width": 8,
                    "Actual Startup Time": 256.139,
                    "Actual Total Time": 385.728,
                    "Actual Rows": 73616,
                    "Actual Loops": 2,
                    "Inner Unique": true,
                    "Hash Cond": "(mk.movie_id = t.id)",
                    "Plans": [
                      {
                        "Node Type": "Bitmap Heap Scan",
                        "Parent Relationship": "Outer",
                        "Parallel Aware": true,
                        "Relation Name": "movie_keyword",
                        "Alias": "mk",
                        "Startup Cost": 11900.21,
                        "Total Cost": 40479.24,
                        "Plan Rows": 330002,
                        "Plan Width": 4,
                        "Actual Startup Time": 31.594,
                        "Actual Total Time": 105.266,
                        "Actual Rows": 275528,
                        "Actual Loops": 2,
                        "Recheck Cond": "(keyword_id > 33465)",
                        "Rows Removed by Index Recheck": 0,
                        "Exact Heap Blocks": 15902,
                        "Lossy Heap Blocks": 0,
                        "Plans": [
                          {
                            "Node Type": "Bitmap Index Scan",
                            "Parent Relationship": "Outer",
                            "Parallel Aware": false,
                            "Index Name": "keyword_id_movie_keyword",
                            "Startup Cost": 0.0,
                            "Total Cost": 11759.96,
                            "Plan Rows": 561004,
                            "Plan Width": 0,
                            "Actual Startup Time": 28.064,
                            "Actual Total Time": 28.065,
                            "Actual Rows": 551055,
                            "Actual Loops": 1,
                            "Index Cond": "(keyword_id > 33465)"
                          }
                        ]
                      },
                      {
                        "Node Type": "Hash",
                        "Parent Relationship": "Inner",
                        "Parallel Aware": true,
                        "Startup Cost": 58306.47,
                        "Total Cost": 58306.47,
                        "Plan Rows": 258424,
                        "Plan Width": 4,
                        "Actual Startup Time": 218.524,
                        "Actual Total Time": 218.525,
                        "Actual Rows": 184123,
                        "Actual Loops": 2,
                        "Hash Buckets": 524288,
                        "Original Hash Buckets": 524288,
                        "Hash Batches": 1,
                        "Original Hash Batches": 1,
                        "Peak Memory Usage": 18528,
                        "Plans": [
                          {
                            "Node Type": "Seq Scan",
                            "Parent Relationship": "Outer",
                            "Parallel Aware": true,
                            "Relation Name": "title",
                            "Alias": "t",
                            "Startup Cost": 0.0,
                            "Total Cost": 58306.47,
                            "Plan Rows": 258424,
                            "Plan Width": 4,
                            "Actual Startup Time": 0.037,
                            "Actual Total Time": 166.477,
                            "Actual Rows": 184123,
                            "Actual Loops": 2,
                            "Filter": "((kind_id < 7) AND (production_year > 2004))",
                            "Rows Removed by Filter": 1080033
                          }
                        ]
                      }
                    ]
                  },
                  {
                    "Node Type": "Index Only Scan",
                    "Parent Relationship": "Inner",
                    "Parallel Aware": false,
                    "Scan Direction": "Forward",
                    "Index Name": "movie_id_movie_companies",
                    "Relation Name": "movie_companies",
                    "Alias": "mc",
                    "Startup Cost": 0.43,
                    "Total Cost": 0.72,
                    "Plan Rows": 5,
                    "Plan Width": 4,
                    "Actual Startup Time": 0.002,
                    "Actual Total Time": 0.004,
                    "Actual Rows": 10,
                    "Actual Loops": 147233,
                    "Index Cond": "(movie_id = mk.movie_id)",
                    "Rows Removed by Index Recheck": 0,
                    "Heap Fetches": 1489811
                  }
                ]
              }
            ]
          }
        ]
      }
    ]
  },
  "Planning Time": 1.094,
  "Triggers": [],
  "Execution Time": 850.946
}