[
  {
    "Plan": {
      "Node Type": "Aggregate",
      "Strategy": "Plain",
      "Partial Mode": "Finalize",
      "Parallel Aware": false,
      "Startup Cost": 60425.82,
      "Total Cost": 60425.83,
      "Plan Rows": 1,
      "Plan Width": 8,
      "Actual Startup Time": 269.551,
      "Actual Total Time": 283.182,
      "Actual Rows": 1,
      "Actual Loops": 1,
      "Plans": [
        {
          "Node Type": "Gather",
          "Parent Relationship": "Outer",
          "Parallel Aware": false,
          "Startup Cost": 60425.61,
          "Total Cost": 60425.82,
          "Plan Rows": 2,
          "Plan Width": 8,
          "Actual Startup Time": 269.129,
          "Actual Total Time": 283.174,
          "Actual Rows": 3,
          "Actual Loops": 1,
          "Workers Planned": 2,
          "Workers Launched": 2,
          "Single Copy": false,
          "Plans": [
            {
              "Node Type": "Aggregate",
              "Strategy": "Plain",
              "Partial Mode": "Partial",
              "Parent Relationship": "Outer",
              "Parallel Aware": false,
              "Startup Cost": 59425.61,
              "Total Cost": 59425.62,
              "Plan Rows": 1,
              "Plan Width": 8,
              "Actual Startup Time": 261.171,
              "Actual Total Time": 261.175,
              "Actual Rows": 1,
              "Actual Loops": 3,
              "Plans": [
                {
                  "Node Type": "Hash Join",
                  "Parent Relationship": "Outer",
                  "Parallel Aware": true,
                  "Join Type": "Inner",
                  "Startup Cost": 44179.98,
                  "Total Cost": 59374.54,
                  "Plan Rows": 20425,
                  "Plan Width": 0,
                  "Actual Startup Time": 202.724,
                  "Actual Total Time": 260.778,
                  "Actual Rows": 5869,
                  "Actual Loops": 3,
                  "Inner Unique": true,
                  "Hash Cond": "(mi_idx.movie_id = t.id)",
                  "Plans": [
                    {
                      "Node Type": "Seq Scan",
                      "Parent Relationship": "Outer",
                      "Parallel Aware": true,
                      "Relation Name": "movie_info_idx",
                      "Alias": "mi_idx",
                      "Startup Cost": 0.0,
                      "Total Cost": 13685.15,
                      "Plan Rows": 575015,
                      "Plan Width": 4,
                      "Actual Startup Time": 0.031,
                      "Actual Total Time": 43.641,
                      "Actual Rows": 460012,
                      "Actual Loops": 3
                    },
                    {
                      "Node Type": "Hash",
                      "Parent Relationship": "Inner",
                      "Parallel Aware": true,
                      "Startup Cost": 43899.32,
                      "Total Cost": 43899.32,
                      "Plan Rows": 22453,
                      "Plan Width": 4,
                      "Actual Startup Time": 161.32,
                      "Actual Total Time": 161.321,
                      "Actual Rows": 30966,
                      "Actual Loops": 3,
                      "Hash Buckets": 131072,
                      "Original Hash Buckets": 131072,
                      "Hash Batches": 1,
                      "Original Hash Batches": 1,
                      "Peak Memory Usage": 4704,
                      "Plans": [
                        {
                          "Node Type": "Seq Scan",
                          "Parent Relationship": "Outer",
                          "Parallel Aware": true,
                          "Relation Name": "title",
                          "Alias": "t",
                          "Startup Cost": 0.0,
                          "Total Cost": 43899.32,
                          "Plan Rows": 22453,
                          "Plan Width": 4,
                          "Actual Startup Time": 81.987,
                          "Actual Total Time": 148.804,
                          "Actual Rows": 30966,
                          "Actual Loops": 3,
                          "Filter": "(production_year < 1922)",
                          "Rows Removed by Filter": 811804
                        }
                      ]
                    }
                  ]
                }
              ]
            }
          ]
        }
      ]
    },
    "Planning Time": 0.406,
    "Triggers": [],
    "Execution Time": 283.236
  }
]