[
  {
    "Plan": {
      "Node Type": "Aggregate",
      "Strategy": "Plain",
      "Partial Mode": "Finalize",
      "Parallel Aware": false,
      "Startup Cost": 60422.27,
      "Total Cost": 60422.28,
      "Plan Rows": 1,
      "Plan Width": 8,
      "Actual Startup Time": 191.371,
      "Actual Total Time": 205.078,
      "Actual Rows": 1,
      "Actual Loops": 1,
      "Plans": [
        {
          "Node Type": "Gather",
          "Parent Relationship": "Outer",
          "Parallel Aware": false,
          "Startup Cost": 60422.06,
          "Total Cost": 60422.27,
          "Plan Rows": 2,
          "Plan Width": 8,
          "Actual Startup Time": 190.967,
          "Actual Total Time": 205.07,
          "Actual Rows": 3,
          "Actual Loops": 1,
          "Workers Planned": 2,
          "Workers Launched": 2,
          "Single Copy": false,
          "Plans": [
            {
              "Node Type": "Aggregate",
              "Strategy": "Plain",
              "Partial Mode": "Partial",
              "Parent Relationship": "Outer",
              "Parallel Aware": false,
              "Startup Cost": 59422.06,
              "Total Cost": 59422.07,
              "Plan Rows": 1,
              "Plan Width": 8,
              "Actual Startup Time": 183.472,
              "Actual Total Time": 183.475,
              "Actual Rows": 1,
              "Actual Loops": 3,
              "Plans": [
                {
                  "Node Type": "Hash Join",
                  "Parent Relationship": "Outer",
                  "Parallel Aware": true,
                  "Join Type": "Inner",
                  "Startup Cost": 44176.92,
                  "Total Cost": 59371.48,
                  "Plan Rows": 20232,
                  "Plan Width": 0,
                  "Actual Startup Time": 139.853,
                  "Actual Total Time": 183.174,
                  "Actual Rows": 5869,
                  "Actual Loops": 3,
                  "Inner Unique": true,
                  "Hash Cond": "(mi_idx.movie_id = t.id)",
                  "Plans": [
                    {
                      "Node Type": "Seq Scan",
                      "Parent Relationship": "Outer",
                      "Parallel Aware": true,
                      "Relation Name": "movie_info_idx",
                      "Alias": "mi_idx",
                      "Startup Cost": 0.0,
                      "Total Cost": 13685.15,
                      "Plan Rows": 575015,
                      "Plan Width": 4,
                      "Actual Startup Time": 0.022,
                      "Actual Total Time": 32.776,
                      "Actual Rows": 460012,
                      "Actual Loops": 3
                    },
                    {
                      "Node Type": "Hash",
                      "Parent Relationship": "Inner",
                      "Parallel Aware": true,
                      "Startup Cost": 43898.92,
                      "Total Cost": 43898.92,
                      "Plan Rows": 22240,
                      "Plan Width": 4,
                      "Actual Startup Time": 109.219,
                      "Actual Total Time": 109.22,
                      "Actual Rows": 30966,
                      "Actual Loops": 3,
                      "Hash Buckets": 131072,
                      "Original Hash Buckets": 131072,
                      "Hash Batches": 1,
                      "Original Hash Batches": 1,
                      "Peak Memory Usage": 4736,
                      "Plans": [
                        {
                          "Node Type": "Seq Scan",
                          "Parent Relationship": "Outer",
                          "Parallel Aware": true,
                          "Relation Name": "title",
                          "Alias": "t",
                          "Startup Cost": 0.0,
                          "Total Cost": 43898.92,
                          "Plan Rows": 22240,
                          "Plan Width": 4,
                          "Actual Startup Time": 51.536,
                          "Actual Total Time": 102.269,
                          "Actual Rows": 30966,
                          "Actual Loops": 3,
                          "Filter": "(production_year < 1922)",
                          "Rows Removed by Filter": 811804
                        }
                      ]
                    }
                  ]
                }
              ]
            }
          ]
        }
      ]
    },
    "Planning Time": 0.575,
    "Triggers": [],
    "Execution Time": 205.146
  }
]