{
  "Plan": {
    "Node Type": "Aggregate",
    "Strategy": "Plain",
    "Partial Mode": "Simple",
    "Parallel Aware": false,
    "Startup Cost": 548053.93,
    "Total Cost": 548053.94,
    "Plan Rows": 1,
    "Plan Width": 96,
    "Actual Startup Time": 3019.924,
    "Actual Total Time": 3072.381,
    "Actual Rows": 1,
    "Actual Loops": 1,
    "Plans": [
      {
        "Node Type": "Gather",
        "Parent Relationship": "Outer",
        "Parallel Aware": false,
        "Startup Cost": 543054.11,
        "Total Cost": 548053.92,
        "Plan Rows": 1,
        "Plan Width": 42,
        "Actual Startup Time": 2990.767,
        "Actual Total Time": 3070.162,
        "Actual Rows": 21489,
        "Actual Loops": 1,
        "Workers Planned": 1,
        "Workers Launched": 1,
        "Single Copy": false,
        "Plans": [
          {
            "Node Type": "Hash Join",
            "Parent Relationship": "Outer",
            "Parallel Aware": true,
            "Join Type": "Inner",
            "Startup Cost": 542054.11,
            "Total Cost": 547053.82,
            "Plan Rows": 1,
            "Plan Width": 42,
            "Actual Startup Time": 2982.992,
            "Actual Total Time": 3005.926,
            "Actual Rows": 10744,
            "Actual Loops": 2,
            "Inner Unique": false,
            "Hash Cond": "(cn.id = mc.company_id)",
            "Plans": [
              {
                "Node Type": "Seq Scan",
                "Parent Relationship": "Outer",
                "Parallel Aware": true,
                "Relation Name": "company_name",
                "Alias": "cn",
                "Startup Cost": 0.0,
                "Total Cost": 4722.92,
                "Plan Rows": 73808,
                "Plan Width": 23,
                "Actual Startup Time": 0.017,
                "Actual Total Time": 15.047,
                "Actual Rows": 63115,
                "Actual Loops": 2,
                "Filter": "((country_code)::text <> '[us]'::text)",
                "Rows Removed by Filter": 54384
              },
              {
                "Node Type": "Hash",
                "Parent Relationship": "Inner",
                "Parallel Aware": true,
                "Startup Cost": 542054.1,
                "Total Cost": 542054.1,
                "Plan Rows": 1,
                "Plan Width": 27,
                "Actual Startup Time": 2981.876,
                "Actual Total Time": 2981.903,
                "Actual Rows": 11608,
                "Actual Loops": 2,
                "Hash Buckets": 32768,
                "Original Hash Buckets": 1024,
                "Hash Batches": 1,
                "Original Hash Batches": 1,
                "Peak Memory Usage": 1880,
                "Plans": [
                  {
                    "Node Type": "Hash Join",
                    "Parent Relationship": "Outer",
                    "Parallel Aware": false,
                    "Join Type": "Inner",
                    "Startup Cost": 499943.11,
                    "Total Cost": 542054.1,
                    "Plan Rows": 1,
                    "Plan Width": 27,
                    "Actual Startup Time": 2778.952,
                    "Actual Total Time": 2972.198,
                    "Actual Rows": 11608,
                    "Actual Loops": 2,
                    "Inner Unique": true,
                    "Hash Cond": "(mc.company_type_id = ct.id)",
                    "Plans": [
                      {
                        "Node Type": "Hash Join",
                        "Parent Relationship": "Outer",
                        "Parallel Aware": false,
                        "Join Type": "Inner",
                        "Startup Cost": 499942.02,
                        "Total Cost": 542053.01,
                        "Plan Rows": 1,
                        "Plan Width": 31,
                        "Actual Startup Time": 2778.868,
                        "Actual Total Time": 2970.409,
                        "Actual Rows": 11608,
                        "Actual Loops": 2,
                        "Inner Unique": true,
                        "Hash Cond": "(mi.info_type_id = it1.id)",
                        "Plans": [
                          {
                            "Node Type": "Hash Join",
                            "Parent Relationship": "Outer",
                            "Parallel Aware": true,
                            "Join Type": "Inner",
                            "Startup Cost": 499939.6,
                            "Total Cost": 542050.58,
                            "Plan Rows": 1,
                            "Plan Width": 35,
                            "Actual Startup Time": 2778.786,
                            "Actual Total Time": 2968.478,
                            "Actual Rows": 13224,
                            "Actual Loops": 2,
                            "Inner Unique": false,
                            "Hash Cond": "(mc.movie_id = t.id)",
                            "Plans": [
                              {
                                "Node Type": "Seq Scan",
                                "Parent Relationship": "Outer",
                                "Parallel Aware": true,
                                "Relation Name": "movie_companies",
                                "Alias": "mc",
                                "Startup Cost": 0.0,
                                "Total Cost": 41811.73,
                                "Plan Rows": 79798,
                                "Plan Width": 12,
                                "Actual Startup Time": 0.034,
                                "Actual Total Time": 179.361,
                                "Actual Rows": 151636,
                                "Actual Loops": 2,
                                "Filter": "((note !~~ '%(USA)%'::text) AND (note ~~ '%(200%)%'::text))",
                                "Rows Removed by Filter": 1152929
                              },
                              {
                                "Node Type": "Hash",
                                "Parent Relationship": "Inner",
                                "Parallel Aware": true,
                                "Startup Cost": 499939.59,
                                "Total Cost": 499939.59,
                                "Plan Rows": 1,
                                "Plan Width": 43,
                                "Actual Startup Time": 2773.505,
                                "Actual Total Time": 2773.526,
                                "Actual Rows": 2354,
                                "Actual Loops": 2,
                                "Hash Buckets": 8192,
                                "Original Hash Buckets": 1024,
                                "Hash Batches": 1,
                                "Original Hash Batches": 1,
                                "Peak Memory Usage": 504,
                                "Plans": [
                                  {
                                    "Node Type": "Hash Join",
                                    "Parent Relationship": "Outer",
                                    "Parallel Aware": false,
                                    "Join Type": "Inner",
                                    "Startup Cost": 139655.84,
                                    "Total Cost": 499939.59,
                                    "Plan Rows": 1,
                                    "Plan Width": 43,
                                    "Actual Startup Time": 862.883,
                                    "Actual Total Time": 2577.189,
                                    "Actual Rows": 2354,
                                    "Actual Loops": 2,
                                    "Inner Unique": true,
                                    "Hash Cond": "(t.kind_id = kt.id)",
                                    "Plans": [
                                      {
                                        "Node Type": "Hash Join",
                                        "Parent Relationship": "Outer",
                                        "Parallel Aware": true,
                                        "Join Type": "Inner",
                                        "Startup Cost": 139654.73,
                                        "Total Cost": 499938.47,
                                        "Plan Rows": 1,
                                        "Plan Width": 47,
                                        "Actual Startup Time": 862.816,
                                        "Actual Total Time": 2576.639,
                                        "Actual Rows": 2916,
                                        "Actual Loops": 2,
                                        "Inner Unique": false,
                                        "Hash Cond": "(mi.movie_id = t.id)",
                                        "Plans": [
                                          {
                                            "Node Type": "Seq Scan",
                                            "Parent Relationship": "Outer",
                                            "Parallel Aware": true,
                                            "Relation Name": "movie_info",
                                            "Alias": "mi",
                                            "Startup Cost": 0.0,
                                            "Total Cost": 358782.05,
                                            "Plan Rows": 400449,
                                            "Plan Width": 8,
                                            "Actual Startup Time": 0.712,
                                            "Actual Total Time": 1684.326,
                                            "Actual Rows": 358105,
                                            "Actual Loops": 2,
                                            "Filter": "(info = ANY ('{Sweden,Norway,Germany,Denmark,Swedish,Danish,Norwegian,German,USA,American}'::text[]))",
                                            "Rows Removed by Filter": 7059755
                                          },
                                          {
                                            "Node Type": "Hash",
                                            "Parent Relationship": "Inner",
                                            "Parallel Aware": true,
                                            "Startup Cost": 139654.72,
                                            "Total Cost": 139654.72,
                                            "Plan Rows": 1,
                                            "Plan Width": 39,
                                            "Actual Startup Time": 858.963,
                                            "Actual Total Time": 858.979,
                                            "Actual Rows": 3636,
                                            "Actual Loops": 2,
                                            "Hash Buckets": 8192,
                                            "Original Hash Buckets": 1024,
                                            "Hash Batches": 1,
                                            "Original Hash Batches": 1,
                                            "Peak Memory Usage": 664,
                                            "Plans": [
                                              {
                                                "Node Type": "Hash Join",
                                                "Parent Relationship": "Outer",
                                                "Parallel Aware": false,
                                                "Join Type": "Inner",
                                                "Startup Cost": 118613.16,
                                                "Total Cost": 139654.72,
                                                "Plan Rows": 1,
                                                "Plan Width": 39,
                                                "Actual Startup Time": 683.691,
                                                "Actual Total Time": 841.59,
                                                "Actual Rows": 3636,
                                                "Actual Loops": 2,
                                                "Inner Unique": true,
                                                "Hash Cond": "(mi_idx.info_type_id = it2.id)",
                                                "Plans": [
                                                  {
                                                    "Node Type": "Hash Join",
                                                    "Parent Relationship": "Outer",
                                                    "Parallel Aware": true,
                                                    "Join Type": "Inner",
                                                    "Startup Cost": 118610.74,
                                                    "Total Cost": 139652.25,
                                                    "Plan Rows": 17,
                                                    "Plan Width": 43,
                                                    "Actual Startup Time": 683.623,
                                                    "Actual Total Time": 840.163,
                                                    "Actual Rows": 10884,
                                                    "Actual Loops": 2,
                                                    "Inner Unique": false,
                                                    "Hash Cond": "(mi_idx.movie_id = t.id)",
                                                    "Plans": [
                                                      {
                                                        "Node Type": "Seq Scan",
                                                        "Parent Relationship": "Outer",
                                                        "Parallel Aware": true,
                                                        "Relation Name": "movie_info_idx",
                                                        "Alias": "mi_idx",
                                                        "Startup Cost": 0.0,
                                                        "Total Cost": 18082.32,
                                                        "Plan Rows": 789092,
                                                        "Plan Width": 14,
                                                        "Actual Startup Time": 0.027,
                                                        "Actual Total Time": 101.639,
                                                        "Actual Rows": 668817,
                                                        "Actual Loops": 2,
                                                        "Filter": "(info < '8.5'::text)",
                                                        "Rows Removed by Filter": 21200
                                                      },
                                                      {
                                                        "Node Type": "Hash",
                                                        "Parent Relationship": "Inner",
                                                        "Parallel Aware": true,
                                                        "Startup Cost": 118610.34,
                                                        "Total Cost": 118610.34,
                                                        "Plan Rows": 32,
                                                        "Plan Width": 29,
                                                        "Actual Startup Time": 683.411,
                                                        "Actual Total Time": 683.42,
                                                        "Actual Rows": 4870,
                                                        "Actual Loops": 2,
                                                        "Hash Buckets": 16384,
                                                        "Original Hash Buckets": 1024,
                                                        "Hash Batches": 1,
                                                        "Original Hash Batches": 1,
                                                        "Peak Memory Usage": 888,
                                                        "Plans": [
                                                          {
                                                            "Node Type": "Hash Join",
                                                            "Parent Relationship": "Outer",
                                                            "Parallel Aware": true,
                                                            "Join Type": "Inner",
                                                            "Startup Cost": 61013.64,
                                                            "Total Cost": 118610.34,
                                                            "Plan Rows": 32,
                                                            "Plan Width": 29,
                                                            "Actual Startup Time": 427.511,
                                                            "Actual Total Time": 662.664,
                                                            "Actual Rows": 4870,
                                                            "Actual Loops": 2,
                                                            "Inner Unique": false,
                                                            "Hash Cond": "(t.id = mk.movie_id)",
                                                            "Plans": [
                                                              {
                                                                "Node Type": "Seq Scan",
                                                                "Parent Relationship": "Outer",
                                                                "Parallel Aware": true,
                                                                "Relation Name": "title",
                                                                "Alias": "t",
                                                                "Startup Cost": 0.0,
                                                                "Total Cost": 54589.98,
                                                                "Plan Rows": 601305,
                                                                "Plan Width": 25,
                                                                "Actual Startup Time": 0.01,
                                                                "Actual Total Time": 169.507,
                                                                "Actual Rows": 506460,
                                                                "Actual Loops": 2,
                                                                "Filter": "(production_year > 2005)",
                                                                "Rows Removed by Filter": 757696
                                                              },
                                                              {
                                                                "Node Type": "Hash",
                                                                "Parent Relationship": "Inner",
                                                                "Parallel Aware": true,
                                                                "Startup Cost": 61012.65,
                                                                "Total Cost": 61012.65,
                                                                "Plan Rows": 79,
                                                                "Plan Width": 4,
                                                                "Actual Startup Time": 427.269,
                                                                "Actual Total Time": 427.273,
                                                                "Actual Rows": 18546,
                                                                "Actual Loops": 2,
                                                                "Hash Buckets": 65536,
                                                                "Original Hash Buckets": 1024,
                                                                "Hash Batches": 1,
                                                                "Original Hash Batches": 1,
                                                                "Peak Memory Usage": 2520,
                                                                "Plans": [
                                                                  {
                                                                    "Node Type": "Hash Join",
                                                                    "Parent Relationship": "Outer",
                                                                    "Parallel Aware": false,
                                                                    "Join Type": "Inner",
                                                                    "Startup Cost": 2961.6,
                                                                    "Total Cost": 61012.65,
                                                                    "Plan Rows": 79,
                                                                    "Plan Width": 4,
                                                                    "Actual Startup Time": 33.135,
                                                                    "Actual Total Time": 388.481,
                                                                    "Actual Rows": 18546,
                                                                    "Actual Loops": 2,
                                                                    "Inner Unique": true,
                                                                    "Hash Cond": "(mk.keyword_id = k.id)",
                                                                    "Plans": [
                                                                      {
                                                                        "Node Type": "Seq Scan",
                                                                        "Parent Relationship": "Outer",
                                                                        "Parallel Aware": true,
                                                                        "Relation Name": "movie_keyword",
                                                                        "Alias": "mk",
                                                                        "Startup Cost": 0.0,
                                                                        "Total Cost": 51065.35,
                                                                        "Plan Rows": 2661135,
                                                                        "Plan Width": 8,
                                                                        "Actual Startup Time": 0.022,
                                                                        "Actual Total Time": 183.421,
                                                                        "Actual Rows": 2261965,
                                                                        "Actual Loops": 2
                                                                      },
                                                                      {
                                                                        "Node Type": "Hash",
                                                                        "Parent Relationship": "Inner",
                                                                        "Parallel Aware": false,
                                                                        "Startup Cost": 2961.55,
                                                                        "Total Cost": 2961.55,
                                                                        "Plan Rows": 4,
                                                                        "Plan Width": 4,
                                                                        "Actual Startup Time": 32.996,
                                                                        "Actual Total Time": 32.997,
                                                                        "Actual Rows": 3,
                                                                        "Actual Loops": 2,
                                                                        "Hash Buckets": 1024,
                                                                        "Original Hash Buckets": 1024,
                                                                        "Hash Batches": 1,
                                                                        "Original Hash Batches": 1,
                                                                        "Peak Memory Usage": 9,
                                                                        "Plans": [
                                                                          {
                                                                            "Node Type": "Seq Scan",
                                                                            "Parent Relationship": "Outer",
                                                                            "Parallel Aware": false,
                                                                            "Relation Name": "keyword",
                                                                            "Alias": "k",
                                                                            "Startup Cost": 0.0,
                                                                            "Total Cost": 2961.55,
                                                                            "Plan Rows": 4,
                                                                            "Plan Width": 4,
                                                                            "Actual Startup Time": 2.59,
                                                                            "Actual Total Time": 32.986,
                                                                            "Actual Rows": 3,
                                                                            "Actual Loops": 2,
                                                                            "Filter": "(keyword = ANY ('{murder,murder-in-title,blood,violence}'::text[]))",
                                                                            "Rows Removed by Filter": 134167
                                                                          }
                                                                        ]
                                                                      }
                                                                    ]
                                                                  }
                                                                ]
                                                              }
                                                            ]
                                                          }
                                                        ]
                                                      }
                                                    ]
                                                  },
                                                  {
                                                    "Node Type": "Hash",
                                                    "Parent Relationship": "Inner",
                                                    "Parallel Aware": false,
                                                    "Startup Cost": 2.41,
                                                    "Total Cost": 2.41,
                                                    "Plan Rows": 1,
                                                    "Plan Width": 4,
                                                    "Actual Startup Time": 0.04,
                                                    "Actual Total Time": 0.042,
                                                    "Actual Rows": 1,
                                                    "Actual Loops": 2,
                                                    "Hash Buckets": 1024,
                                                    "Original Hash Buckets": 1024,
                                                    "Hash Batches": 1,
                                                    "Original Hash Batches": 1,
                                                    "Peak Memory Usage": 9,
                                                    "Plans": [
                                                      {
                                                        "Node Type": "Seq Scan",
                                                        "Parent Relationship": "Outer",
                                                        "Parallel Aware": false,
                                                        "Relation Name": "info_type",
                                                        "Alias": "it2",
                                                        "Startup Cost": 0.0,
                                                        "Total Cost": 2.41,
                                                        "Plan Rows": 1,
                                                        "Plan Width": 4,
                                                        "Actual Startup Time": 0.029,
                                                        "Actual Total Time": 0.033,
                                                        "Actual Rows": 1,
                                                        "Actual Loops": 2,
                                                        "Filter": "((info)::text = 'rating'::text)",
                                                        "Rows Removed by Filter": 112
                                                      }
                                                    ]
                                                  }
                                                ]
                                              }
                                            ]
                                          }
                                        ]
                                      },
                                      {
                                        "Node Type": "Hash",
                                        "Parent Relationship": "Inner",
                                        "Parallel Aware": false,
                                        "Startup Cost": 1.09,
                                        "Total Cost": 1.09,
                                        "Plan Rows": 2,
                                        "Plan Width": 4,
                                        "Actual Startup Time": 0.039,
                                        "Actual Total Time": 0.04,
                                        "Actual Rows": 2,
                                        "Actual Loops": 2,
                                        "Hash Buckets": 1024,
                                        "Original Hash Buckets": 1024,
                                        "Hash Batches": 1,
                                        "Original Hash Batches": 1,
                                        "Peak Memory Usage": 9,
                                        "Plans": [
                                          {
                                            "Node Type": "Seq Scan",
                                            "Parent Relationship": "Outer",
                                            "Parallel Aware": false,
                                            "Relation Name": "kind_type",
                                            "Alias": "kt",
                                            "Startup Cost": 0.0,
                                            "Total Cost": 1.09,
                                            "Plan Rows": 2,
                                            "Plan Width": 4,
                                            "Actual Startup Time": 0.029,
                                            "Actual Total Time": 0.033,
                                            "Actual Rows": 2,
                                            "Actual Loops": 2,
                                            "Filter": "((kind)::text = ANY ('{movie,episode}'::text[]))",
                                            "Rows Removed by Filter": 5
                                          }
                                        ]
                                      }
                                    ]
                                  }
                                ]
                              }
                            ]
                          },
                          {
                            "Node Type": "Hash",
                            "Parent Relationship": "Inner",
                            "Parallel Aware": false,
                            "Startup Cost": 2.41,
                            "Total Cost": 2.41,
                            "Plan Rows": 1,
                            "Plan Width": 4,
                            "Actual Startup Time": 0.055,
                            "Actual Total Time": 0.056,
                            "Actual Rows": 1,
                            "Actual Loops": 2,
                            "Hash Buckets": 1024,
                            "Original Hash Buckets": 1024,
                            "Hash Batches": 1,
                            "Original Hash Batches": 1,
                            "Peak Memory Usage": 9,
                            "Plans": [
                              {
                                "Node Type": "Seq Scan",
                                "Parent Relationship": "Outer",
                                "Parallel Aware": false,
                                "Relation Name": "info_type",
                                "Alias": "it1",
                                "Startup Cost": 0.0,
                                "Total Cost": 2.41,
                                "Plan Rows": 1,
                                "Plan Width": 4,
                                "Actual Startup Time": 0.03,
                                "Actual Total Time": 0.047,
                                "Actual Rows": 1,
                                "Actual Loops": 2,
                                "Filter": "((info)::text = 'countries'::text)",
                                "Rows Removed by Filter": 112
                              }
                            ]
                          }
                        ]
                      },
                      {
                        "Node Type": "Hash",
                        "Parent Relationship": "Inner",
                        "Parallel Aware": false,
                        "Startup Cost": 1.04,
                        "Total Cost": 1.04,
                        "Plan Rows": 4,
                        "Plan Width": 4,
                        "Actual Startup Time": 0.059,
                        "Actual Total Time": 0.06,
                        "Actual Rows": 4,
                        "Actual Loops": 2,
                        "Hash Buckets": 1024,
                        "Original Hash Buckets": 1024,
                        "Hash Batches": 1,
                        "Original Hash Batches": 1,
                        "Peak Memory Usage": 9,
                        "Plans": [
                          {
                            "Node Type": "Seq Scan",
                            "Parent Relationship": "Outer",
                            "Parallel Aware": false,
                            "Relation Name": "company_type",
                            "Alias": "ct",
                            "Startup Cost": 0.0,
                            "Total Cost": 1.04,
                            "Plan Rows": 4,
                            "Plan Width": 4,
                            "Actual Startup Time": 0.038,
                            "Actual Total Time": 0.041,
                            "Actual Rows": 4,
                            "Actual Loops": 2
                          }
                        ]
                      }
                    ]
                  }
                ]
              }
            ]
          }
        ]
      }
    ]
  },
  "Planning Time": 2.599,
  "Triggers": [],
  "Execution Time": 3072.582
}