[
  {
    "Plan": {
      "Node Type": "Aggregate",
      "Strategy": "Plain",
      "Partial Mode": "Finalize",
      "Parallel Aware": false,
      "Startup Cost": 337467.03,
      "Total Cost": 337467.04,
      "Plan Rows": 1,
      "Plan Width": 8,
      "Actual Startup Time": 789.989,
      "Actual Total Time": 835.869,
      "Actual Rows": 1,
      "Actual Loops": 1,
      "Plans": [
        {
          "Node Type": "Gather",
          "Parent Relationship": "Outer",
          "Parallel Aware": false,
          "Startup Cost": 337466.41,
          "Total Cost": 337467.02,
          "Plan Rows": 6,
          "Plan Width": 8,
          "Actual Startup Time": 789.769,
          "Actual Total Time": 835.847,
          "Actual Rows": 7,
          "Actual Loops": 1,
          "Workers Planned": 6,
          "Workers Launched": 6,
          "Single Copy": false,
          "Plans": [
            {
              "Node Type": "Aggregate",
              "Strategy": "Plain",
              "Partial Mode": "Partial",
              "Parent Relationship": "Outer",
              "Parallel Aware": false,
              "Startup Cost": 336466.41,
              "Total Cost": 336466.42,
              "Plan Rows": 1,
              "Plan Width": 8,
              "Actual Startup Time": 780.845,
              "Actual Total Time": 780.848,
              "Actual Rows": 1,
              "Actual Loops": 7,
              "Plans": [
                {
                  "Node Type": "Seq Scan",
                  "Parent Relationship": "Outer",
                  "Parallel Aware": true,
                  "Relation Name": "cast_info",
                  "Alias": "ci",
                  "Startup Cost": 0.0,
                  "Total Cost": 328211.39,
                  "Plan Rows": 3302006,
                  "Plan Width": 0,
                  "Actual Startup Time": 0.063,
                  "Actual Total Time": 636.603,
                  "Actual Rows": 2865422,
                  "Actual Loops": 7,
                  "Filter": "(person_id < 2014149)",
                  "Rows Removed by Filter": 2312341
                }
              ]
            }
          ]
        }
      ]
    },
    "Planning Time": 0.091,
    "Triggers": [],
    "Execution Time": 835.909
  }
]