{
  "Plan": {
    "Node Type": "Aggregate",
    "Strategy": "Plain",
    "Partial Mode": "Finalize",
    "Parallel Aware": false,
    "Startup Cost": 598815.53,
    "Total Cost": 598815.54,
    "Plan Rows": 1,
    "Plan Width": 8,
    "Actual Startup Time": 2365.537,
    "Actual Total Time": 2421.923,
    "Actual Rows": 1,
    "Actual Loops": 1,
    "Plans": [
      {
        "Node Type": "Gather",
        "Parent Relationship": "Outer",
        "Parallel Aware": false,
        "Startup Cost": 598815.42,
        "Total Cost": 598815.53,
        "Plan Rows": 1,
        "Plan Width": 8,
        "Actual Startup Time": 2363.892,
        "Actual Total Time": 2421.914,
        "Actual Rows": 2,
        "Actual Loops": 1,
        "Workers Planned": 1,
        "Workers Launched": 1,
        "Single Copy": false,
        "Plans": [
          {
            "Node Type": "Aggregate",
            "Strategy": "Plain",
            "Partial Mode": "Partial",
            "Parent Relationship": "Outer",
            "Parallel Aware": false,
            "Startup Cost": 597815.42,
            "Total Cost": 597815.43,
            "Plan Rows": 1,
            "Plan Width": 8,
            "Actual Startup Time": 2357.59,
            "Actual Total Time": 2357.594,
            "Actual Rows": 1,
            "Actual Loops": 2,
            "Plans": [
              {
                "Node Type": "Nested Loop",
                "Parent Relationship": "Outer",
                "Parallel Aware": false,
                "Join Type": "Inner",
                "Startup Cost": 62879.3,
                "Total Cost": 596573.3,
                "Plan Rows": 496848,
                "Plan Width": 0,
                "Actual Startup Time": 282.554,
                "Actual Total Time": 2285.977,
                "Actual Rows": 1351690,
                "Actual Loops": 2,
                "Inner Unique": false,
                "Join Filter": "(t.id = ci.movie_id)",
                "Rows Removed by Join Filter": 0,
                "Plans": [
                  {
                    "Node Type": "Hash Join",
                    "Parent Relationship": "Outer",
                    "Parallel Aware": true,
                    "Join Type": "Inner",
                    "Startup Cost": 62878.73,
                    "Total Cost": 81062.52,
                    "Plan Rows": 199657,
                    "Plan Width": 8,
                    "Actual Startup Time": 282.298,
                    "Actual Total Time": 462.36,
                    "Actual Rows": 77818,
                    "Actual Loops": 2,
                    "Inner Unique": true,
                    "Hash Cond": "(mi_idx.movie_id = t.id)",
                    "Plans": [
                      {
                        "Node Type": "Seq Scan",
                        "Parent Relationship": "Outer",
                        "Parallel Aware": true,
                        "Relation Name": "movie_info_idx",
                        "Alias": "mi_idx",
                        "Startup Cost": 0.0,
                        "Total Cost": 16052.85,
                        "Plan Rows": 811785,
                        "Plan Width": 4,
                        "Actual Startup Time": 0.02,
                        "Actual Total Time": 50.918,
                        "Actual Rows": 690018,
                        "Actual Loops": 2
                      },
                      {
                        "Node Type": "Hash",
                        "Parent Relationship": "Inner",
                        "Parallel Aware": true,
                        "Startup Cost": 58306.47,
                        "Total Cost": 58306.47,
                        "Plan Rows": 365781,
                        "Plan Width": 4,
                        "Actual Startup Time": 273.249,
                        "Actual Total Time": 273.25,
                        "Actual Rows": 338464,
                        "Actual Loops": 2,
                        "Hash Buckets": 1048576,
                        "Original Hash Buckets": 1048576,
                        "Hash Batches": 1,
                        "Original Hash Batches": 1,
                        "Peak Memory Usage": 34688,
                        "Plans": [
                          {
                            "Node Type": "Seq Scan",
                            "Parent Relationship": "Outer",
                            "Parallel Aware": true,
                            "Relation Name": "title",
                            "Alias": "t",
                            "Startup Cost": 0.0,
                            "Total Cost": 58306.47,
                            "Plan Rows": 365781,
                            "Plan Width": 4,
                            "Actual Startup Time": 0.034,
                            "Actual Total Time": 172.769,
                            "Actual Rows": 338464,
                            "Actual Loops": 2,
                            "Filter": "((production_year > 2005) AND (kind_id = 7))",
                            "Rows Removed by Filter": 925692
                          }
                        ]
                      }
                    ]
                  },
                  {
                    "Node Type": "Index Scan",
                    "Parent Relationship": "Inner",
                    "Parallel Aware": false,
                    "Scan Direction": "Forward",
                    "Index Name": "movie_id_cast_info",
                    "Relation Name": "cast_info",
                    "Alias": "ci",
                    "Startup Cost": 0.56,
                    "Total Cost": 2.51,
                    "Plan Rows": 6,
                    "Plan Width": 4,
                    "Actual Startup Time": 0.011,
                    "Actual Total Time": 0.022,
                    "Actual Rows": 17,
                    "Actual Loops": 155637,
                    "Index Cond": "(movie_id = mi_idx.movie_id)",
                    "Rows Removed by Index Recheck": 0,
                    "Filter": "((person_id > 2279790) AND (role_id > 2))",
                    "Rows Removed by Filter": 25
                  }
                ]
              }
            ]
          }
        ]
      }
    ]
  },
  "Planning Time": 0.866,
  "Triggers": [],
  "Execution Time": 2422.02
}