[
  {
    "Plan": {
      "Node Type": "Aggregate",
      "Strategy": "Plain",
      "Partial Mode": "Finalize",
      "Parallel Aware": false,
      "Startup Cost": 32617.94,
      "Total Cost": 32617.95,
      "Plan Rows": 1,
      "Plan Width": 8,
      "Actual Startup Time": 95.61,
      "Actual Total Time": 104.112,
      "Actual Rows": 1,
      "Actual Loops": 1,
      "Plans": [
        {
          "Node Type": "Gather",
          "Parent Relationship": "Outer",
          "Parallel Aware": false,
          "Startup Cost": 32617.63,
          "Total Cost": 32617.94,
          "Plan Rows": 3,
          "Plan Width": 8,
          "Actual Startup Time": 95.438,
          "Actual Total Time": 104.103,
          "Actual Rows": 4,
          "Actual Loops": 1,
          "Workers Planned": 3,
          "Workers Launched": 3,
          "Single Copy": false,
          "Plans": [
            {
              "Node Type": "Aggregate",
              "Strategy": "Plain",
              "Partial Mode": "Partial",
              "Parent Relationship": "Outer",
              "Parallel Aware": false,
              "Startup Cost": 31617.63,
              "Total Cost": 31617.64,
              "Plan Rows": 1,
              "Plan Width": 8,
              "Actual Startup Time": 86.68,
              "Actual Total Time": 86.681,
              "Actual Rows": 1,
              "Actual Loops": 4,
              "Plans": [
                {
                  "Node Type": "Seq Scan",
                  "Parent Relationship": "Outer",
                  "Parallel Aware": true,
                  "Relation Name": "movie_companies",
                  "Alias": "mc",
                  "Startup Cost": 0.0,
                  "Total Cost": 31414.82,
                  "Plan Rows": 81123,
                  "Plan Width": 0,
                  "Actual Startup Time": 53.043,
                  "Actual Total Time": 84.84,
                  "Actual Rows": 32920,
                  "Actual Loops": 4,
                  "Filter": "((company_id < 425) AND (company_type_id = 2))",
                  "Rows Removed by Filter": 619362
                }
              ]
            }
          ]
        }
      ]
    },
    "Planning Time": 0.228,
    "Triggers": [],
    "Execution Time": 104.168
  }
]