{
  "Plan": {
    "Node Type": "Aggregate",
    "Strategy": "Plain",
    "Partial Mode": "Finalize",
    "Parallel Aware": false,
    "Startup Cost": 457065.97,
    "Total Cost": 457065.98,
    "Plan Rows": 1,
    "Plan Width": 8,
    "Actual Startup Time": 1504.12,
    "Actual Total Time": 1539.255,
    "Actual Rows": 1,
    "Actual Loops": 1,
    "Plans": [
      {
        "Node Type": "Gather",
        "Parent Relationship": "Outer",
        "Parallel Aware": false,
        "Startup Cost": 457065.86,
        "Total Cost": 457065.97,
        "Plan Rows": 1,
        "Plan Width": 8,
        "Actual Startup Time": 1503.882,
        "Actual Total Time": 1539.246,
        "Actual Rows": 2,
        "Actual Loops": 1,
        "Workers Planned": 1,
        "Workers Launched": 1,
        "Single Copy": false,
        "Plans": [
          {
            "Node Type": "Aggregate",
            "Strategy": "Plain",
            "Partial Mode": "Partial",
            "Parent Relationship": "Outer",
            "Parallel Aware": false,
            "Startup Cost": 456065.86,
            "Total Cost": 456065.87,
            "Plan Rows": 1,
            "Plan Width": 8,
            "Actual Startup Time": 1498.008,
            "Actual Total Time": 1498.011,
            "Actual Rows": 1,
            "Actual Loops": 2,
            "Plans": [
              {
                "Node Type": "Hash Join",
                "Parent Relationship": "Outer",
                "Parallel Aware": true,
                "Join Type": "Inner",
                "Startup Cost": 58399.7,
                "Total Cost": 455975.39,
                "Plan Rows": 36186,
                "Plan Width": 0,
                "Actual Startup Time": 145.963,
                "Actual Total Time": 1496.616,
                "Actual Rows": 24271,
                "Actual Loops": 2,
                "Inner Unique": true,
                "Hash Cond": "(ci.movie_id = t.id)",
                "Plans": [
                  {
                    "Node Type": "Index Scan",
                    "Parent Relationship": "Outer",
                    "Parallel Aware": true,
                    "Scan Direction": "Forward",
                    "Index Name": "role_id_cast_info",
                    "Relation Name": "cast_info",
                    "Alias": "ci",
                    "Startup Cost": 0.56,
                    "Total Cost": 378519.23,
                    "Plan Rows": 7259809,
                    "Plan Width": 4,
                    "Actual Startup Time": 0.046,
                    "Actual Total Time": 786.175,
                    "Actual Rows": 6056823,
                    "Actual Loops": 2,
                    "Index Cond": "(role_id > 3)",
                    "Rows Removed by Index Recheck": 0
                  },
                  {
                    "Node Type": "Hash",
                    "Parent Relationship": "Inner",
                    "Parallel Aware": true,
                    "Startup Cost": 58306.47,
                    "Total Cost": 58306.47,
                    "Plan Rows": 7413,
                    "Plan Width": 4,
                    "Actual Startup Time": 144.798,
                    "Actual Total Time": 144.799,
                    "Actual Rows": 5771,
                    "Actual Loops": 2,
                    "Hash Buckets": 16384,
                    "Original Hash Buckets": 16384,
                    "Hash Batches": 1,
                    "Original Hash Batches": 1,
                    "Peak Memory Usage": 608,
                    "Plans": [
                      {
                        "Node Type": "Seq Scan",
                        "Parent Relationship": "Outer",
                        "Parallel Aware": true,
                        "Relation Name": "title",
                        "Alias": "t",
                        "Startup Cost": 0.0,
                        "Total Cost": 58306.47,
                        "Plan Rows": 7413,
                        "Plan Width": 4,
                        "Actual Startup Time": 0.084,
                        "Actual Total Time": 142.558,
                        "Actual Rows": 5771,
                        "Actual Loops": 2,
                        "Filter": "((kind_id > 6) AND (production_year = 1988))",
                        "Rows Removed by Filter": 1258385
                      }
                    ]
                  }
                ]
              }
            ]
          }
        ]
      }
    ]
  },
  "Planning Time": 0.472,
  "Triggers": [],
  "Execution Time": 1539.353
}