[
  {
    "Plan": {
      "Node Type": "Aggregate",
      "Strategy": "Plain",
      "Partial Mode": "Finalize",
      "Parallel Aware": false,
      "Startup Cost": 717439.62,
      "Total Cost": 717439.63,
      "Plan Rows": 1,
      "Plan Width": 8,
      "Actual Startup Time": 10921.167,
      "Actual Total Time": 11041.374,
      "Actual Rows": 1,
      "Actual Loops": 1,
      "Plans": [
        {
          "Node Type": "Gather",
          "Parent Relationship": "Outer",
          "Parallel Aware": false,
          "Startup Cost": 717439.1,
          "Total Cost": 717439.61,
          "Plan Rows": 5,
          "Plan Width": 8,
          "Actual Startup Time": 10762.079,
          "Actual Total Time": 11041.356,
          "Actual Rows": 6,
          "Actual Loops": 1,
          "Workers Planned": 5,
          "Workers Launched": 5,
          "Single Copy": false,
          "Plans": [
            {
              "Node Type": "Aggregate",
              "Strategy": "Plain",
              "Partial Mode": "Partial",
              "Parent Relationship": "Outer",
              "Parallel Aware": false,
              "Startup Cost": 716439.1,
              "Total Cost": 716439.11,
              "Plan Rows": 1,
              "Plan Width": 8,
              "Actual Startup Time": 10718.442,
              "Actual Total Time": 10720.165,
              "Actual Rows": 1,
              "Actual Loops": 6,
              "Plans": [
                {
                  "Node Type": "Hash Join",
                  "Parent Relationship": "Outer",
                  "Parallel Aware": true,
                  "Join Type": "Inner",
                  "Startup Cost": 419576.92,
                  "Total Cost": 668758.3,
                  "Plan Rows": 19072322,
                  "Plan Width": 0,
                  "Actual Startup Time": 3707.209,
                  "Actual Total Time": 9324.754,
                  "Actual Rows": 33927735,
                  "Actual Loops": 6,
                  "Inner Unique": false,
                  "Hash Cond": "(mi.movie_id = t.id)",
                  "Plans": [
                    {
                      "Node Type": "Seq Scan",
                      "Parent Relationship": "Outer",
                      "Parallel Aware": true,
                      "Relation Name": "movie_info",
                      "Alias": "mi",
                      "Startup Cost": 0.0,
                      "Total Cost": 198952.16,
                      "Plan Rows": 2950721,
                      "Plan Width": 4,
                      "Actual Startup Time": 0.036,
                      "Actual Total Time": 377.16,
                      "Actual Rows": 2467590,
                      "Actual Loops": 6,
                      "Filter": "(info_type_id < 110)",
                      "Rows Removed by Filter": 5030
                    },
                    {
                      "Node Type": "Hash",
                      "Parent Relationship": "Inner",
                      "Parallel Aware": true,
                      "Startup Cost": 385531.27,
                      "Total Cost": 385531.27,
                      "Plan Rows": 2723652,
                      "Plan Width": 8,
                      "Actual Startup Time": 3688.078,
                      "Actual Total Time": 3689.798,
                      "Actual Rows": 2720212,
                      "Actual Loops": 6,
                      "Hash Buckets": 16777216,
                      "Original Hash Buckets": 16777216,
                      "Hash Batches": 1,
                      "Original Hash Batches": 1,
                      "Peak Memory Usage": 769664,
                      "Plans": [
                        {
                          "Node Type": "Hash Join",
                          "Parent Relationship": "Outer",
                          "Parallel Aware": true,
                          "Join Type": "Inner",
                          "Startup Cost": 50219.64,
                          "Total Cost": 385531.27,
                          "Plan Rows": 2723652,
                          "Plan Width": 8,
                          "Actual Startup Time": 524.894,
                          "Actual Total Time": 2474.259,
                          "Actual Rows": 2720212,
                          "Actual Loops": 6,
                          "Inner Unique": true,
                          "Hash Cond": "(ci.movie_id = t.id)",
                          "Plans": [
                            {
                              "Node Type": "Seq Scan",
                              "Parent Relationship": "Outer",
                              "Parallel Aware": true,
                              "Relation Name": "cast_info",
                              "Alias": "ci",
                              "Startup Cost": 0.0,
                              "Total Cost": 328162.03,
                              "Plan Rows": 2723652,
                              "Plan Width": 4,
                              "Actual Startup Time": 241.863,
                              "Actual Total Time": 734.979,
                              "Actual Rows": 2720212,
                              "Actual Loops": 6,
                              "Filter": "(person_id > 2000871)",
                              "Rows Removed by Filter": 3320512
                            },
                            {
                              "Node Type": "Hash",
                              "Parent Relationship": "Inner",
                              "Parallel Aware": true,
                              "Startup Cost": 42318.73,
                              "Total Cost": 42318.73,
                              "Plan Rows": 632073,
                              "Plan Width": 4,
                              "Actual Startup Time": 279.045,
                              "Actual Total Time": 279.046,
                              "Actual Rows": 421385,
                              "Actual Loops": 6,
                              "Hash Buckets": 4194304,
                              "Original Hash Buckets": 4194304,
                              "Hash Batches": 1,
                              "Original Hash Batches": 1,
                              "Peak Memory Usage": 131744,
                              "Plans": [
                                {
                                  "Node Type": "Seq Scan",
                                  "Parent Relationship": "Outer",
                                  "Parallel Aware": true,
                                  "Relation Name": "title",
                                  "Alias": "t",
                                  "Startup Cost": 0.0,
                                  "Total Cost": 42318.73,
                                  "Plan Rows": 632073,
                                  "Plan Width": 4,
                                  "Actual Startup Time": 0.049,
                                  "Actual Total Time": 82.53,
                                  "Actual Rows": 421385,
                                  "Actual Loops": 6
                                }
                              ]
                            }
                          ]
                        }
                      ]
                    }
                  ]
                }
              ]
            }
          ]
        }
      ]
    },
    "Planning Time": 1.294,
    "Triggers": [],
    "Execution Time": 11041.513
  }
]