{
  "Plan": {
    "Node Type": "Aggregate",
    "Strategy": "Plain",
    "Partial Mode": "Finalize",
    "Parallel Aware": false,
    "Startup Cost": 338779.45,
    "Total Cost": 338779.46,
    "Plan Rows": 1,
    "Plan Width": 8,
    "Actual Startup Time": 498.909,
    "Actual Total Time": 509.687,
    "Actual Rows": 1,
    "Actual Loops": 1,
    "Plans": [
      {
        "Node Type": "Gather",
        "Parent Relationship": "Outer",
        "Parallel Aware": false,
        "Startup Cost": 338779.34,
        "Total Cost": 338779.45,
        "Plan Rows": 1,
        "Plan Width": 8,
        "Actual Startup Time": 496.824,
        "Actual Total Time": 509.678,
        "Actual Rows": 2,
        "Actual Loops": 1,
        "Workers Planned": 1,
        "Workers Launched": 1,
        "Single Copy": false,
        "Plans": [
          {
            "Node Type": "Aggregate",
            "Strategy": "Plain",
            "Partial Mode": "Partial",
            "Parent Relationship": "Outer",
            "Parallel Aware": false,
            "Startup Cost": 337779.34,
            "Total Cost": 337779.35,
            "Plan Rows": 1,
            "Plan Width": 8,
            "Actual Startup Time": 491.139,
            "Actual Total Time": 491.144,
            "Actual Rows": 1,
            "Actual Loops": 2,
            "Plans": [
              {
                "Node Type": "Hash Join",
                "Parent Relationship": "Outer",
                "Parallel Aware": true,
                "Join Type": "Inner",
                "Startup Cost": 77732.9,
                "Total Cost": 337506.92,
                "Plan Rows": 108967,
                "Plan Width": 0,
                "Actual Startup Time": 321.216,
                "Actual Total Time": 485.747,
                "Actual Rows": 125221,
                "Actual Loops": 2,
                "Inner Unique": true,
                "Hash Cond": "(ci.movie_id = t.id)",
                "Plans": [
                  {
                    "Node Type": "Bitmap Heap Scan",
                    "Parent Relationship": "Outer",
                    "Parallel Aware": true,
                    "Relation Name": "cast_info",
                    "Alias": "ci",
                    "Startup Cost": 15854.6,
                    "Total Cost": 274899.18,
                    "Plan Rows": 277882,
                    "Plan Width": 4,
                    "Actual Startup Time": 20.762,
                    "Actual Total Time": 75.492,
                    "Actual Rows": 339927,
                    "Actual Loops": 2,
                    "Recheck Cond": "(person_id > 3930065)",
                    "Rows Removed by Index Recheck": 0,
                    "Filter": "(role_id > 1)",
                    "Rows Removed by Filter": 0,
                    "Exact Heap Blocks": 5074,
                    "Lossy Heap Blocks": 0,
                    "Plans": [
                      {
                        "Node Type": "Bitmap Index Scan",
                        "Parent Relationship": "Outer",
                        "Parallel Aware": false,
                        "Index Name": "person_id_cast_info",
                        "Startup Cost": 0.0,
                        "Total Cost": 15736.5,
                        "Plan Rows": 720525,
                        "Plan Width": 0,
                        "Actual Startup Time": 19.399,
                        "Actual Total Time": 19.4,
                        "Actual Rows": 679854,
                        "Actual Loops": 1,
                        "Index Cond": "(person_id > 3930065)"
                      }
                    ]
                  },
                  {
                    "Node Type": "Hash",
                    "Parent Relationship": "Inner",
                    "Parallel Aware": true,
                    "Startup Cost": 54588.39,
                    "Total Cost": 54588.39,
                    "Plan Rows": 583193,
                    "Plan Width": 4,
                    "Actual Startup Time": 291.672,
                    "Actual Total Time": 291.673,
                    "Actual Rows": 492524,
                    "Actual Loops": 2,
                    "Hash Buckets": 1048576,
                    "Original Hash Buckets": 1048576,
                    "Hash Batches": 1,
                    "Original Hash Batches": 1,
                    "Peak Memory Usage": 46784,
                    "Plans": [
                      {
                        "Node Type": "Seq Scan",
                        "Parent Relationship": "Outer",
                        "Parallel Aware": true,
                        "Relation Name": "title",
                        "Alias": "t",
                        "Startup Cost": 0.0,
                        "Total Cost": 54588.39,
                        "Plan Rows": 583193,
                        "Plan Width": 4,
                        "Actual Startup Time": 0.041,
                        "Actual Total Time": 151.33,
                        "Actual Rows": 492524,
                        "Actual Loops": 2,
                        "Filter": "(kind_id < 7)",
                        "Rows Removed by Filter": 771632
                      }
                    ]
                  }
                ]
              }
            ]
          }
        ]
      }
    ]
  },
  "Planning Time": 0.506,
  "Triggers": [],
  "Execution Time": 509.783
}