[
  {
    "Plan": {
      "Node Type": "Aggregate",
      "Strategy": "Plain",
      "Partial Mode": "Finalize",
      "Parallel Aware": false,
      "Startup Cost": 353606.07,
      "Total Cost": 353606.08,
      "Plan Rows": 1,
      "Plan Width": 8,
      "Actual Startup Time": 947.565,
      "Actual Total Time": 1013.685,
      "Actual Rows": 1,
      "Actual Loops": 1,
      "Plans": [
        {
          "Node Type": "Gather",
          "Parent Relationship": "Outer",
          "Parallel Aware": false,
          "Startup Cost": 353605.45,
          "Total Cost": 353606.06,
          "Plan Rows": 6,
          "Plan Width": 8,
          "Actual Startup Time": 947.456,
          "Actual Total Time": 1013.675,
          "Actual Rows": 7,
          "Actual Loops": 1,
          "Workers Planned": 6,
          "Workers Launched": 6,
          "Single Copy": false,
          "Plans": [
            {
              "Node Type": "Aggregate",
              "Strategy": "Plain",
              "Partial Mode": "Partial",
              "Parent Relationship": "Outer",
              "Parallel Aware": false,
              "Startup Cost": 352605.45,
              "Total Cost": 352605.46,
              "Plan Rows": 1,
              "Plan Width": 8,
              "Actual Startup Time": 936.859,
              "Actual Total Time": 936.86,
              "Actual Rows": 1,
              "Actual Loops": 7,
              "Plans": [
                {
                  "Node Type": "Seq Scan",
                  "Parent Relationship": "Outer",
                  "Parallel Aware": true,
                  "Relation Name": "cast_info",
                  "Alias": "ci",
                  "Startup Cost": 0.0,
                  "Total Cost": 343257.03,
                  "Plan Rows": 3739368,
                  "Plan Width": 0,
                  "Actual Startup Time": 248.843,
                  "Actual Total Time": 786.217,
                  "Actual Rows": 3091286,
                  "Actual Loops": 7,
                  "Filter": "((person_id < 3681697) AND (role_id > 1))",
                  "Rows Removed by Filter": 2086477
                }
              ]
            }
          ]
        }
      ]
    },
    "Planning Time": 0.22,
    "Triggers": [],
    "Execution Time": 1013.756
  }
]