[
  {
    "Plan": {
      "Node Type": "Aggregate",
      "Strategy": "Plain",
      "Partial Mode": "Finalize",
      "Parallel Aware": false,
      "Startup Cost": 47136.37,
      "Total Cost": 47136.38,
      "Plan Rows": 1,
      "Plan Width": 8,
      "Actual Startup Time": 203.765,
      "Actual Total Time": 214.428,
      "Actual Rows": 1,
      "Actual Loops": 1,
      "Plans": [
        {
          "Node Type": "Gather",
          "Parent Relationship": "Outer",
          "Parallel Aware": false,
          "Startup Cost": 47136.05,
          "Total Cost": 47136.36,
          "Plan Rows": 3,
          "Plan Width": 8,
          "Actual Startup Time": 203.595,
          "Actual Total Time": 214.42,
          "Actual Rows": 4,
          "Actual Loops": 1,
          "Workers Planned": 3,
          "Workers Launched": 3,
          "Single Copy": false,
          "Plans": [
            {
              "Node Type": "Aggregate",
              "Strategy": "Plain",
              "Partial Mode": "Partial",
              "Parent Relationship": "Outer",
              "Parallel Aware": false,
              "Startup Cost": 46136.05,
              "Total Cost": 46136.06,
              "Plan Rows": 1,
              "Plan Width": 8,
              "Actual Startup Time": 198.014,
              "Actual Total Time": 198.016,
              "Actual Rows": 1,
              "Actual Loops": 4,
              "Plans": [
                {
                  "Node Type": "Seq Scan",
                  "Parent Relationship": "Outer",
                  "Parallel Aware": true,
                  "Relation Name": "movie_keyword",
                  "Alias": "mk",
                  "Startup Cost": 0.0,
                  "Total Cost": 42695.65,
                  "Plan Rows": 1376160,
                  "Plan Width": 0,
                  "Actual Startup Time": 0.054,
                  "Actual Total Time": 141.505,
                  "Actual Rows": 1067553,
                  "Actual Loops": 4,
                  "Filter": "(keyword_id > 217)",
                  "Rows Removed by Filter": 63429
                }
              ]
            }
          ]
        }
      ]
    },
    "Planning Time": 0.181,
    "Triggers": [],
    "Execution Time": 214.492
  }
]