[
  {
    "Plan": {
      "Node Type": "Aggregate",
      "Strategy": "Plain",
      "Partial Mode": "Finalize",
      "Parallel Aware": false,
      "Startup Cost": 375358.39,
      "Total Cost": 375358.4,
      "Plan Rows": 1,
      "Plan Width": 8,
      "Actual Startup Time": 479.19,
      "Actual Total Time": 502.633,
      "Actual Rows": 1,
      "Actual Loops": 1,
      "Plans": [
        {
          "Node Type": "Gather",
          "Parent Relationship": "Outer",
          "Parallel Aware": false,
          "Startup Cost": 375357.76,
          "Total Cost": 375358.37,
          "Plan Rows": 6,
          "Plan Width": 8,
          "Actual Startup Time": 472.299,
          "Actual Total Time": 502.612,
          "Actual Rows": 7,
          "Actual Loops": 1,
          "Workers Planned": 6,
          "Workers Launched": 6,
          "Single Copy": false,
          "Plans": [
            {
              "Node Type": "Aggregate",
              "Strategy": "Plain",
              "Partial Mode": "Partial",
              "Parent Relationship": "Outer",
              "Parallel Aware": false,
              "Startup Cost": 374357.76,
              "Total Cost": 374357.77,
              "Plan Rows": 1,
              "Plan Width": 8,
              "Actual Startup Time": 461.39,
              "Actual Total Time": 461.396,
              "Actual Rows": 1,
              "Actual Loops": 7,
              "Plans": [
                {
                  "Node Type": "Hash Join",
                  "Parent Relationship": "Outer",
                  "Parallel Aware": true,
                  "Join Type": "Inner",
                  "Startup Cost": 113435.88,
                  "Total Cost": 374213.47,
                  "Plan Rows": 57716,
                  "Plan Width": 0,
                  "Actual Startup Time": 237.666,
                  "Actual Total Time": 455.596,
                  "Actual Rows": 115587,
                  "Actual Loops": 7,
                  "Inner Unique": true,
                  "Hash Cond": "(ci.movie_id = t.id)",
                  "Plans": [
                    {
                      "Node Type": "Bitmap Heap Scan",
                      "Parent Relationship": "Outer",
                      "Parallel Aware": true,
                      "Relation Name": "cast_info",
                      "Alias": "ci",
                      "Startup Cost": 65896.75,
                      "Total Cost": 326093.1,
                      "Plan Rows": 221426,
                      "Plan Width": 4,
                      "Actual Startup Time": 113.077,
                      "Actual Total Time": 234.111,
                      "Actual Rows": 418757,
                      "Actual Loops": 7,
                      "Recheck Cond": "(person_id > 3513672)",
                      "Rows Removed by Index Recheck": 0,
                      "Filter": "(role_id > 2)",
                      "Rows Removed by Filter": 0,
                      "Exact Heap Blocks": 7246,
                      "Lossy Heap Blocks": 0,
                      "Plans": [
                        {
                          "Node Type": "Bitmap Index Scan",
                          "Parent Relationship": "Outer",
                          "Parallel Aware": false,
                          "Index Name": "person_id_cast_info",
                          "Startup Cost": 0.0,
                          "Total Cost": 65564.62,
                          "Plan Rows": 3003740,
                          "Plan Width": 0,
                          "Actual Startup Time": 106.124,
                          "Actual Total Time": 106.126,
                          "Actual Rows": 2931296,
                          "Actual Loops": 1,
                          "Index Cond": "(person_id > 3513672)"
                        }
                      ]
                    },
                    {
                      "Node Type": "Hash",
                      "Parent Relationship": "Inner",
                      "Parallel Aware": true,
                      "Startup Cost": 45479.59,
                      "Total Cost": 45479.59,
                      "Plan Rows": 164763,
                      "Plan Width": 4,
                      "Actual Startup Time": 121.182,
                      "Actual Total Time": 121.184,
                      "Actual Rows": 79366,
                      "Actual Loops": 7,
                      "Hash Buckets": 1048576,
                      "Original Hash Buckets": 1048576,
                      "Hash Batches": 1,
                      "Original Hash Batches": 1,
                      "Peak Memory Usage": 30016,
                      "Plans": [
                        {
                          "Node Type": "Seq Scan",
                          "Parent Relationship": "Outer",
                          "Parallel Aware": true,
                          "Relation Name": "title",
                          "Alias": "t",
                          "Startup Cost": 0.0,
                          "Total Cost": 45479.59,
                          "Plan Rows": 164763,
                          "Plan Width": 4,
                          "Actual Startup Time": 0.042,
                          "Actual Total Time": 81.291,
                          "Actual Rows": 79366,
                          "Actual Loops": 7,
                          "Filter": "((kind_id < 7) AND (production_year > 1993))",
                          "Rows Removed by Filter": 281822
                        }
                      ]
                    }
                  ]
                }
              ]
            }
          ]
        }
      ]
    },
    "Planning Time": 0.665,
    "Triggers": [],
    "Execution Time": 502.733
  }
]