[
    {
        "Bao": {
            "Bao prediction": "NaN",
            "Bao recommended hint": "(no hint)"
        }
    },
    {
        "Plan": {
            "Node Type": "Aggregate",
            "Strategy": "Plain",
            "Partial Mode": "Finalize",
            "Parallel Aware": false,
            "Startup Cost": 104296.85,
            "Total Cost": 104296.86,
            "Plan Rows": 1,
            "Plan Width": 8,
            "Actual Startup Time": 372.86,
            "Actual Total Time": 394.738,
            "Actual Rows": 1,
            "Actual Loops": 1,
            "Output": [
                "count(*)"
            ],
            "Plans": [
                {
                    "Node Type": "Gather",
                    "Parent Relationship": "Outer",
                    "Parallel Aware": false,
                    "Startup Cost": 104296.43,
                    "Total Cost": 104296.84,
                    "Plan Rows": 4,
                    "Plan Width": 8,
                    "Actual Startup Time": 371.933,
                    "Actual Total Time": 394.729,
                    "Actual Rows": 5,
                    "Actual Loops": 1,
                    "Output": [
                        "(PARTIAL count(*))"
                    ],
                    "Workers Planned": 4,
                    "Workers Launched": 4,
                    "Single Copy": false,
                    "Plans": [
                        {
                            "Node Type": "Aggregate",
                            "Strategy": "Plain",
                            "Partial Mode": "Partial",
                            "Parent Relationship": "Outer",
                            "Parallel Aware": false,
                            "Startup Cost": 103296.43,
                            "Total Cost": 103296.44,
                            "Plan Rows": 1,
                            "Plan Width": 8,
                            "Actual Startup Time": 362.431,
                            "Actual Total Time": 362.435,
                            "Actual Rows": 1,
                            "Actual Loops": 5,
                            "Output": [
                                "PARTIAL count(*)"
                            ],
                            "Workers": [
                                {
                                    "Worker Number": 0,
                                    "Actual Startup Time": 359.394,
                                    "Actual Total Time": 359.397,
                                    "Actual Rows": 1,
                                    "Actual Loops": 1
                                },
                                {
                                    "Worker Number": 1,
                                    "Actual Startup Time": 360.418,
                                    "Actual Total Time": 360.422,
                                    "Actual Rows": 1,
                                    "Actual Loops": 1
                                },
                                {
                                    "Worker Number": 2,
                                    "Actual Startup Time": 360.212,
                                    "Actual Total Time": 360.215,
                                    "Actual Rows": 1,
                                    "Actual Loops": 1
                                },
                                {
                                    "Worker Number": 3,
                                    "Actual Startup Time": 360.548,
                                    "Actual Total Time": 360.55,
                                    "Actual Rows": 1,
                                    "Actual Loops": 1
                                }
                            ],
                            "Plans": [
                                {
                                    "Node Type": "Nested Loop",
                                    "Parent Relationship": "Outer",
                                    "Parallel Aware": false,
                                    "Join Type": "Inner",
                                    "Startup Cost": 23145.41,
                                    "Total Cost": 103209.17,
                                    "Plan Rows": 34904,
                                    "Plan Width": 0,
                                    "Actual Startup Time": 126.183,
                                    "Actual Total Time": 351.245,
                                    "Actual Rows": 250891,
                                    "Actual Loops": 5,
                                    "Inner Unique": false,
                                    "Workers": [
                                        {
                                            "Worker Number": 0,
                                            "Actual Startup Time": 123.828,
                                            "Actual Total Time": 348.882,
                                            "Actual Rows": 229576,
                                            "Actual Loops": 1
                                        },
                                        {
                                            "Worker Number": 1,
                                            "Actual Startup Time": 123.729,
                                            "Actual Total Time": 349.514,
                                            "Actual Rows": 238170,
                                            "Actual Loops": 1
                                        },
                                        {
                                            "Worker Number": 2,
                                            "Actual Startup Time": 124.623,
                                            "Actual Total Time": 349.581,
                                            "Actual Rows": 230292,
                                            "Actual Loops": 1
                                        },
                                        {
                                            "Worker Number": 3,
                                            "Actual Startup Time": 124.987,
                                            "Actual Total Time": 350.285,
                                            "Actual Rows": 223064,
                                            "Actual Loops": 1
                                        }
                                    ],
                                    "Plans": [
                                        {
                                            "Node Type": "Hash Join",
                                            "Parent Relationship": "Outer",
                                            "Parallel Aware": true,
                                            "Join Type": "Inner",
                                            "Startup Cost": 23144.98,
                                            "Total Cost": 68687.11,
                                            "Plan Rows": 19507,
                                            "Plan Width": 8,
                                            "Actual Startup Time": 125.313,
                                            "Actual Total Time": 177.884,
                                            "Actual Rows": 31126,
                                            "Actual Loops": 5,
                                            "Output": [
                                                "t.id",
                                                "mc.movie_id"
                                            ],
                                            "Inner Unique": false,
                                            "Hash Cond": "(t.id = mc.movie_id)",
                                            "Workers": [
                                                {
                                                    "Worker Number": 0,
                                                    "Actual Startup Time": 119.765,
                                                    "Actual Total Time": 173.266,
                                                    "Actual Rows": 27806,
                                                    "Actual Loops": 1
                                                },
                                                {
                                                    "Worker Number": 1,
                                                    "Actual Startup Time": 123.638,
                                                    "Actual Total Time": 173.663,
                                                    "Actual Rows": 28325,
                                                    "Actual Loops": 1
                                                },
                                                {
                                                    "Worker Number": 2,
                                                    "Actual Startup Time": 124.547,
                                                    "Actual Total Time": 174.874,
                                                    "Actual Rows": 29310,
                                                    "Actual Loops": 1
                                                },
                                                {
                                                    "Worker Number": 3,
                                                    "Actual Startup Time": 124.897,
                                                    "Actual Total Time": 175.136,
                                                    "Actual Rows": 29038,
                                                    "Actual Loops": 1
                                                }
                                            ],
                                            "Plans": [
                                                {
                                                    "Node Type": "Seq Scan",
                                                    "Parent Relationship": "Outer",
                                                    "Parallel Aware": true,
                                                    "Relation Name": "title",
                                                    "Schema": "public",
                                                    "Alias": "t",
                                                    "Startup Cost": 0.0,
                                                    "Total Cost": 42318.81,
                                                    "Plan Rows": 632080,
                                                    "Plan Width": 4,
                                                    "Actual Startup Time": 0.011,
                                                    "Actual Total Time": 59.419,
                                                    "Actual Rows": 505662,
                                                    "Actual Loops": 5,
                                                    "Output": [
                                                        "t.id",
                                                        "t.title",
                                                        "t.imdb_index",
                                                        "t.kind_id",
                                                        "t.production_year",
                                                        "t.imdb_id",
                                                        "t.phonetic_code",
                                                        "t.episode_of_id",
                                                        "t.season_nr",
                                                        "t.episode_nr",
                                                        "t.series_years",
                                                        "t.md5sum"
                                                    ],
                                                    "Workers": [
                                                        {
                                                            "Worker Number": 0,
                                                            "Actual Startup Time": 0.01,
                                                            "Actual Total Time": 60.001,
                                                            "Actual Rows": 469198,
                                                            "Actual Loops": 1
                                                        },
                                                        {
                                                            "Worker Number": 1,
                                                            "Actual Startup Time": 0.013,
                                                            "Actual Total Time": 59.435,
                                                            "Actual Rows": 476729,
                                                            "Actual Loops": 1
                                                        },
                                                        {
                                                            "Worker Number": 2,
                                                            "Actual Startup Time": 0.014,
                                                            "Actual Total Time": 59.904,
                                                            "Actual Rows": 493303,
                                                            "Actual Loops": 1
                                                        },
                                                        {
                                                            "Worker Number": 3,
                                                            "Actual Startup Time": 0.011,
                                                            "Actual Total Time": 60.452,
                                                            "Actual Rows": 485048,
                                                            "Actual Loops": 1
                                                        }
                                                    ]
                                                },
                                                {
                                                    "Node Type": "Hash",
                                                    "Parent Relationship": "Inner",
                                                    "Parallel Aware": true,
                                                    "Startup Cost": 22830.34,
                                                    "Total Cost": 22830.34,
                                                    "Plan Rows": 25171,
                                                    "Plan Width": 4,
                                                    "Actual Startup Time": 40.027,
                                                    "Actual Total Time": 40.028,
                                                    "Actual Rows": 31126,
                                                    "Actual Loops": 5,
                                                    "Output": [
                                                        "mc.movie_id"
                                                    ],
                                                    "Hash Buckets": 262144,
                                                    "Original Hash Buckets": 131072,
                                                    "Hash Batches": 1,
                                                    "Original Hash Batches": 1,
                                                    "Peak Memory Usage": 9248,
                                                    "Workers": [
                                                        {
                                                            "Worker Number": 0,
                                                            "Actual Startup Time": 37.291,
                                                            "Actual Total Time": 37.292,
                                                            "Actual Rows": 20271,
                                                            "Actual Loops": 1
                                                        },
                                                        {
                                                            "Worker Number": 1,
                                                            "Actual Startup Time": 37.91,
                                                            "Actual Total Time": 37.912,
                                                            "Actual Rows": 24758,
                                                            "Actual Loops": 1
                                                        },
                                                        {
                                                            "Worker Number": 2,
                                                            "Actual Startup Time": 38.102,
                                                            "Actual Total Time": 38.103,
                                                            "Actual Rows": 27423,
                                                            "Actual Loops": 1
                                                        },
                                                        {
                                                            "Worker Number": 3,
                                                            "Actual Startup Time": 38.374,
                                                            "Actual Total Time": 38.375,
                                                            "Actual Rows": 25599,
                                                            "Actual Loops": 1
                                                        }
                                                    ],
                                                    "Plans": [
                                                        {
                                                            "Node Type": "Bitmap Heap Scan",
                                                            "Parent Relationship": "Outer",
                                                            "Parallel Aware": true,
                                                            "Relation Name": "movie_companies",
                                                            "Schema": "public",
                                                            "Alias": "mc",
                                                            "Startup Cost": 3299.79,
                                                            "Total Cost": 22830.34,
                                                            "Plan Rows": 25171,
                                                            "Plan Width": 4,
                                                            "Actual Startup Time": 2.375,
                                                            "Actual Total Time": 23.148,
                                                            "Actual Rows": 31126,
                                                            "Actual Loops": 5,
                                                            "Output": [
                                                                "mc.movie_id"
                                                            ],
                                                            "Recheck Cond": "(mc.company_id > 129666)",
                                                            "Rows Removed by Index Recheck": 0,
                                                            "Filter": "(mc.company_type_id > 1)",
                                                            "Rows Removed by Filter": 0,
                                                            "Exact Heap Blocks": 1477,
                                                            "Lossy Heap Blocks": 0,
                                                            "Workers": [
                                                                {
                                                                    "Worker Number": 0,
                                                                    "Actual Startup Time": 0.083,
                                                                    "Actual Total Time": 21.349,
                                                                    "Actual Rows": 20271,
                                                                    "Actual Loops": 1
                                                                },
                                                                {
                                                                    "Worker Number": 1,
                                                                    "Actual Startup Time": 0.174,
                                                                    "Actual Total Time": 21.934,
                                                                    "Actual Rows": 24758,
                                                                    "Actual Loops": 1
                                                                },
                                                                {
                                                                    "Worker Number": 2,
                                                                    "Actual Startup Time": 0.401,
                                                                    "Actual Total Time": 22.39,
                                                                    "Actual Rows": 27423,
                                                                    "Actual Loops": 1
                                                                },
                                                                {
                                                                    "Worker Number": 3,
                                                                    "Actual Startup Time": 0.614,
                                                                    "Actual Total Time": 21.817,
                                                                    "Actual Rows": 25599,
                                                                    "Actual Loops": 1
                                                                }
                                                            ],
                                                            "Plans": [
                                                                {
                                                                    "Node Type": "Bitmap Index Scan",
                                                                    "Parent Relationship": "Outer",
                                                                    "Parallel Aware": false,
                                                                    "Index Name": "company_id_movie_companies",
                                                                    "Startup Cost": 0.0,
                                                                    "Total Cost": 3280.28,
                                                                    "Plan Rows": 153047,
                                                                    "Plan Width": 0,
                                                                    "Actual Startup Time": 9.626,
                                                                    "Actual Total Time": 9.627,
                                                                    "Actual Rows": 155630,
                                                                    "Actual Loops": 1,
                                                                    "Index Cond": "(mc.company_id > 129666)"
                                                                }
                                                            ]
                                                        }
                                                    ]
                                                }
                                            ]
                                        },
                                        {
                                            "Node Type": "Index Only Scan",
                                            "Parent Relationship": "Inner",
                                            "Parallel Aware": false,
                                            "Scan Direction": "Forward",
                                            "Index Name": "movie_id_movie_keyword",
                                            "Relation Name": "movie_keyword",
                                            "Schema": "public",
                                            "Alias": "mk",
                                            "Startup Cost": 0.43,
                                            "Total Cost": 1.31,
                                            "Plan Rows": 46,
                                            "Plan Width": 4,
                                            "Actual Startup Time": 0.004,
                                            "Actual Total Time": 0.005,
                                            "Actual Rows": 8,
                                            "Actual Loops": 155630,
                                            "Output": [
                                                "mk.movie_id"
                                            ],
                                            "Index Cond": "(mk.movie_id = t.id)",
                                            "Rows Removed by Index Recheck": 0,
                                            "Heap Fetches": 1254456,
                                            "Workers": [
                                                {
                                                    "Worker Number": 0,
                                                    "Actual Startup Time": 0.004,
                                                    "Actual Total Time": 0.006,
                                                    "Actual Rows": 8,
                                                    "Actual Loops": 27806
                                                },
                                                {
                                                    "Worker Number": 1,
                                                    "Actual Startup Time": 0.004,
                                                    "Actual Total Time": 0.005,
                                                    "Actual Rows": 8,
                                                    "Actual Loops": 28325
                                                },
                                                {
                                                    "Worker Number": 2,
                                                    "Actual Startup Time": 0.004,
                                                    "Actual Total Time": 0.005,
                                                    "Actual Rows": 8,
                                                    "Actual Loops": 29310
                                                },
                                                {
                                                    "Worker Number": 3,
                                                    "Actual Startup Time": 0.004,
                                                    "Actual Total Time": 0.005,
                                                    "Actual Rows": 8,
                                                    "Actual Loops": 29038
                                                }
                                            ]
                                        }
                                    ]
                                }
                            ]
                        }
                    ]
                }
            ]
        },
        "Planning Time": 204.669,
        "Triggers": [],
        "Execution Time": 394.822
    }
]