[
  {
    "Plan": {
      "Node Type": "Aggregate",
      "Strategy": "Plain",
      "Partial Mode": "Finalize",
      "Parallel Aware": false,
      "Startup Cost": 44538.01,
      "Total Cost": 44538.02,
      "Plan Rows": 1,
      "Plan Width": 8,
      "Actual Startup Time": 115.29,
      "Actual Total Time": 121.04,
      "Actual Rows": 1,
      "Actual Loops": 1,
      "Plans": [
        {
          "Node Type": "Gather",
          "Parent Relationship": "Outer",
          "Parallel Aware": false,
          "Startup Cost": 44537.69,
          "Total Cost": 44538.0,
          "Plan Rows": 3,
          "Plan Width": 8,
          "Actual Startup Time": 115.184,
          "Actual Total Time": 121.033,
          "Actual Rows": 4,
          "Actual Loops": 1,
          "Workers Planned": 3,
          "Workers Launched": 3,
          "Single Copy": false,
          "Plans": [
            {
              "Node Type": "Aggregate",
              "Strategy": "Plain",
              "Partial Mode": "Partial",
              "Parent Relationship": "Outer",
              "Parallel Aware": false,
              "Startup Cost": 43537.69,
              "Total Cost": 43537.7,
              "Plan Rows": 1,
              "Plan Width": 8,
              "Actual Startup Time": 110.445,
              "Actual Total Time": 110.446,
              "Actual Rows": 1,
              "Actual Loops": 4,
              "Plans": [
                {
                  "Node Type": "Seq Scan",
                  "Parent Relationship": "Outer",
                  "Parallel Aware": true,
                  "Relation Name": "movie_keyword",
                  "Alias": "mk",
                  "Startup Cost": 0.0,
                  "Total Cost": 42695.65,
                  "Plan Rows": 336814,
                  "Plan Width": 0,
                  "Actual Startup Time": 1.175,
                  "Actual Total Time": 97.89,
                  "Actual Rows": 260030,
                  "Actual Loops": 4,
                  "Filter": "(keyword_id > 17043)",
                  "Rows Removed by Filter": 870952
                }
              ]
            }
          ]
        }
      ]
    },
    "Planning Time": 0.085,
    "Triggers": [],
    "Execution Time": 121.068
  }
]