[
  {
    "Plan": {
      "Node Type": "Aggregate",
      "Strategy": "Plain",
      "Partial Mode": "Finalize",
      "Parallel Aware": false,
      "Startup Cost": 44535.22,
      "Total Cost": 44535.23,
      "Plan Rows": 1,
      "Plan Width": 8,
      "Actual Startup Time": 122.141,
      "Actual Total Time": 131.415,
      "Actual Rows": 1,
      "Actual Loops": 1,
      "Plans": [
        {
          "Node Type": "Gather",
          "Parent Relationship": "Outer",
          "Parallel Aware": false,
          "Startup Cost": 44534.9,
          "Total Cost": 44535.21,
          "Plan Rows": 3,
          "Plan Width": 8,
          "Actual Startup Time": 122.001,
          "Actual Total Time": 131.406,
          "Actual Rows": 4,
          "Actual Loops": 1,
          "Workers Planned": 3,
          "Workers Launched": 3,
          "Single Copy": false,
          "Plans": [
            {
              "Node Type": "Aggregate",
              "Strategy": "Plain",
              "Partial Mode": "Partial",
              "Parent Relationship": "Outer",
              "Parallel Aware": false,
              "Startup Cost": 43534.9,
              "Total Cost": 43534.91,
              "Plan Rows": 1,
              "Plan Width": 8,
              "Actual Startup Time": 116.304,
              "Actual Total Time": 116.305,
              "Actual Rows": 1,
              "Actual Loops": 4,
              "Plans": [
                {
                  "Node Type": "Seq Scan",
                  "Parent Relationship": "Outer",
                  "Parallel Aware": true,
                  "Relation Name": "movie_keyword",
                  "Alias": "mk",
                  "Startup Cost": 0.0,
                  "Total Cost": 42695.65,
                  "Plan Rows": 335698,
                  "Plan Width": 0,
                  "Actual Startup Time": 3.369,
                  "Actual Total Time": 103.469,
                  "Actual Rows": 260030,
                  "Actual Loops": 4,
                  "Filter": "(keyword_id > 17043)",
                  "Rows Removed by Filter": 870952
                }
              ]
            }
          ]
        }
      ]
    },
    "Planning Time": 0.191,
    "Triggers": [],
    "Execution Time": 131.472
  }
]