[
  {
    "Plan": {
      "Node Type": "Aggregate",
      "Strategy": "Plain",
      "Partial Mode": "Finalize",
      "Parallel Aware": false,
      "Startup Cost": 335328.9,
      "Total Cost": 335328.91,
      "Plan Rows": 1,
      "Plan Width": 8,
      "Actual Startup Time": 745.115,
      "Actual Total Time": 795.172,
      "Actual Rows": 1,
      "Actual Loops": 1,
      "Plans": [
        {
          "Node Type": "Gather",
          "Parent Relationship": "Outer",
          "Parallel Aware": false,
          "Startup Cost": 335328.28,
          "Total Cost": 335328.89,
          "Plan Rows": 6,
          "Plan Width": 8,
          "Actual Startup Time": 744.883,
          "Actual Total Time": 795.154,
          "Actual Rows": 7,
          "Actual Loops": 1,
          "Workers Planned": 6,
          "Workers Launched": 6,
          "Single Copy": false,
          "Plans": [
            {
              "Node Type": "Aggregate",
              "Strategy": "Plain",
              "Partial Mode": "Partial",
              "Parent Relationship": "Outer",
              "Parallel Aware": false,
              "Startup Cost": 334328.28,
              "Total Cost": 334328.29,
              "Plan Rows": 1,
              "Plan Width": 8,
              "Actual Startup Time": 736.285,
              "Actual Total Time": 736.287,
              "Actual Rows": 1,
              "Actual Loops": 7,
              "Plans": [
                {
                  "Node Type": "Seq Scan",
                  "Parent Relationship": "Outer",
                  "Parallel Aware": true,
                  "Relation Name": "cast_info",
                  "Alias": "ci",
                  "Startup Cost": 0.0,
                  "Total Cost": 328211.39,
                  "Plan Rows": 2446754,
                  "Plan Width": 0,
                  "Actual Startup Time": 266.473,
                  "Actual Total Time": 629.355,
                  "Actual Rows": 2059927,
                  "Actual Loops": 7,
                  "Filter": "(person_id > 2218700)",
                  "Rows Removed by Filter": 3117837
                }
              ]
            }
          ]
        }
      ]
    },
    "Planning Time": 0.091,
    "Triggers": [],
    "Execution Time": 795.214
  }
]