{
    "Plan": {
        "Node Type": "Aggregate",
        "Strategy": "Plain",
        "Partial Mode": "Simple",
        "Parallel Aware": false,
        "Startup Cost": 10000173356.32,
        "Total Cost": 10000173356.33,
        "Plan Rows": 1,
        "Plan Width": 8,
        "Actual Startup Time": 2729.327,
        "Actual Total Time": 2729.331,
        "Actual Rows": 1,
        "Actual Loops": 1,
        "Output": [
            "count(*)"
        ],
        "Plans": [
            {
                "Node Type": "Hash Join",
                "Parent Relationship": "Outer",
                "Parallel Aware": false,
                "Join Type": "Inner",
                "Startup Cost": 10000038034.3,
                "Total Cost": 10000172784.82,
                "Plan Rows": 228603,
                "Plan Width": 0,
                "Actual Startup Time": 229.606,
                "Actual Total Time": 2720.756,
                "Actual Rows": 107188,
                "Actual Loops": 1,
                "Inner Unique": false,
                "Hash Cond": "(t.id = mc.movie_id)",
                "Plans": [
                    {
                        "Node Type": "Index Scan",
                        "Parent Relationship": "Outer",
                        "Parallel Aware": false,
                        "Scan Direction": "Forward",
                        "Index Name": "title_pkey",
                        "Relation Name": "title",
                        "Schema": "public",
                        "Alias": "t",
                        "Startup Cost": 10000000000.43,
                        "Total Cost": 10000110342.1,
                        "Plan Rows": 2528322,
                        "Plan Width": 4,
                        "Actual Startup Time": 0.036,
                        "Actual Total Time": 1905.979,
                        "Actual Rows": 2528312,
                        "Actual Loops": 1,
                        "Output": [
                            "t.id",
                            "t.title",
                            "t.imdb_index",
                            "t.kind_id",
                            "t.production_year",
                            "t.imdb_id",
                            "t.phonetic_code",
                            "t.episode_of_id",
                            "t.season_nr",
                            "t.episode_nr",
                            "t.series_years",
                            "t.md5sum"
                        ]
                    },
                    {
                        "Node Type": "Hash",
                        "Parent Relationship": "Inner",
                        "Parallel Aware": false,
                        "Startup Cost": 35176.33,
                        "Total Cost": 35176.33,
                        "Plan Rows": 228603,
                        "Plan Width": 4,
                        "Actual Startup Time": 227.512,
                        "Actual Total Time": 227.513,
                        "Actual Rows": 107188,
                        "Actual Loops": 1,
                        "Output": [
                            "mc.movie_id"
                        ],
                        "Hash Buckets": 262144,
                        "Original Hash Buckets": 262144,
                        "Hash Batches": 1,
                        "Original Hash Batches": 1,
                        "Peak Memory Usage": 5817,
                        "Plans": [
                            {
                                "Node Type": "Bitmap Heap Scan",
                                "Parent Relationship": "Outer",
                                "Parallel Aware": false,
                                "Relation Name": "movie_companies",
                                "Schema": "public",
                                "Alias": "mc",
                                "Startup Cost": 9660.5,
                                "Total Cost": 35176.33,
                                "Plan Rows": 228603,
                                "Plan Width": 4,
                                "Actual Startup Time": 144.58,
                                "Actual Total Time": 197.51,
                                "Actual Rows": 107188,
                                "Actual Loops": 1,
                                "Output": [
                                    "mc.movie_id"
                                ],
                                "Recheck Cond": "(mc.company_id < 330)",
                                "Rows Removed by Index Recheck": 0,
                                "Filter": "(mc.company_type_id > 1)",
                                "Rows Removed by Filter": 335910,
                                "Exact Heap Blocks": 18164,
                                "Lossy Heap Blocks": 0,
                                "Plans": [
                                    {
                                        "Node Type": "Bitmap Index Scan",
                                        "Parent Relationship": "Outer",
                                        "Parallel Aware": false,
                                        "Index Name": "company_id_movie_companies",
                                        "Startup Cost": 0.0,
                                        "Total Cost": 9603.35,
                                        "Plan Rows": 448389,
                                        "Plan Width": 0,
                                        "Actual Startup Time": 35.234,
                                        "Actual Total Time": 35.235,
                                        "Actual Rows": 443098,
                                        "Actual Loops": 1,
                                        "Index Cond": "(mc.company_id < 330)"
                                    }
                                ]
                            }
                        ]
                    }
                ]
            }
        ]
    },
    "Planning Time": 1.203,
    "Triggers": [],
    "Execution Time": 2730.001
}