{
  "Plan": {
    "Node Type": "Aggregate",
    "Strategy": "Plain",
    "Partial Mode": "Finalize",
    "Parallel Aware": false,
    "Startup Cost": 29702.83,
    "Total Cost": 29702.84,
    "Plan Rows": 1,
    "Plan Width": 8,
    "Actual Startup Time": 34.999,
    "Actual Total Time": 39.595,
    "Actual Rows": 1,
    "Actual Loops": 1,
    "Plans": [
      {
        "Node Type": "Gather",
        "Parent Relationship": "Outer",
        "Parallel Aware": false,
        "Startup Cost": 29702.72,
        "Total Cost": 29702.83,
        "Plan Rows": 1,
        "Plan Width": 8,
        "Actual Startup Time": 34.858,
        "Actual Total Time": 39.587,
        "Actual Rows": 2,
        "Actual Loops": 1,
        "Workers Planned": 1,
        "Workers Launched": 1,
        "Single Copy": false,
        "Plans": [
          {
            "Node Type": "Aggregate",
            "Strategy": "Plain",
            "Partial Mode": "Partial",
            "Parent Relationship": "Outer",
            "Parallel Aware": false,
            "Startup Cost": 28702.72,
            "Total Cost": 28702.73,
            "Plan Rows": 1,
            "Plan Width": 8,
            "Actual Startup Time": 28.813,
            "Actual Total Time": 28.815,
            "Actual Rows": 1,
            "Actual Loops": 2,
            "Plans": [
              {
                "Node Type": "Nested Loop",
                "Parent Relationship": "Outer",
                "Parallel Aware": false,
                "Join Type": "Inner",
                "Startup Cost": 88.42,
                "Total Cost": 28701.19,
                "Plan Rows": 611,
                "Plan Width": 0,
                "Actual Startup Time": 3.284,
                "Actual Total Time": 28.774,
                "Actual Rows": 122,
                "Actual Loops": 2,
                "Inner Unique": true,
                "Plans": [
                  {
                    "Node Type": "Bitmap Heap Scan",
                    "Parent Relationship": "Outer",
                    "Parallel Aware": true,
                    "Relation Name": "movie_keyword",
                    "Alias": "mk",
                    "Startup Cost": 87.99,
                    "Total Cost": 10734.82,
                    "Plan Rows": 2395,
                    "Plan Width": 4,
                    "Actual Startup Time": 3.043,
                    "Actual Total Time": 10.395,
                    "Actual Rows": 1896,
                    "Actual Loops": 2,
                    "Recheck Cond": "(keyword_id = 1617)",
                    "Rows Removed by Index Recheck": 0,
                    "Exact Heap Blocks": 3082,
                    "Lossy Heap Blocks": 0,
                    "Plans": [
                      {
                        "Node Type": "Bitmap Index Scan",
                        "Parent Relationship": "Outer",
                        "Parallel Aware": false,
                        "Index Name": "keyword_id_movie_keyword",
                        "Startup Cost": 0.0,
                        "Total Cost": 86.97,
                        "Plan Rows": 4072,
                        "Plan Width": 0,
                        "Actual Startup Time": 3.991,
                        "Actual Total Time": 3.992,
                        "Actual Rows": 3792,
                        "Actual Loops": 1,
                        "Index Cond": "(keyword_id = 1617)"
                      }
                    ]
                  },
                  {
                    "Node Type": "Index Scan",
                    "Parent Relationship": "Inner",
                    "Parallel Aware": false,
                    "Scan Direction": "Forward",
                    "Index Name": "title_pkey",
                    "Relation Name": "title",
                    "Alias": "t",
                    "Startup Cost": 0.43,
                    "Total Cost": 7.5,
                    "Plan Rows": 1,
                    "Plan Width": 4,
                    "Actual Startup Time": 0.009,
                    "Actual Total Time": 0.009,
                    "Actual Rows": 0,
                    "Actual Loops": 3792,
                    "Index Cond": "(id = mk.movie_id)",
                    "Rows Removed by Index Recheck": 0,
                    "Filter": "((kind_id > 2) AND (production_year < 1998))",
                    "Rows Removed by Filter": 1
                  }
                ]
              }
            ]
          }
        ]
      }
    ]
  },
  "Planning Time": 0.476,
  "Triggers": [],
  "Execution Time": 39.686
}