[
  {
    "Plan": {
      "Node Type": "Aggregate",
      "Strategy": "Plain",
      "Partial Mode": "Finalize",
      "Parallel Aware": false,
      "Startup Cost": 102622.62,
      "Total Cost": 102622.63,
      "Plan Rows": 1,
      "Plan Width": 8,
      "Actual Startup Time": 901.175,
      "Actual Total Time": 921.931,
      "Actual Rows": 1,
      "Actual Loops": 1,
      "Plans": [
        {
          "Node Type": "Gather",
          "Parent Relationship": "Outer",
          "Parallel Aware": false,
          "Startup Cost": 102622.4,
          "Total Cost": 102622.61,
          "Plan Rows": 2,
          "Plan Width": 8,
          "Actual Startup Time": 888.041,
          "Actual Total Time": 921.916,
          "Actual Rows": 3,
          "Actual Loops": 1,
          "Workers Planned": 2,
          "Workers Launched": 2,
          "Single Copy": false,
          "Plans": [
            {
              "Node Type": "Aggregate",
              "Strategy": "Plain",
              "Partial Mode": "Partial",
              "Parent Relationship": "Outer",
              "Parallel Aware": false,
              "Startup Cost": 101622.4,
              "Total Cost": 101622.41,
              "Plan Rows": 1,
              "Plan Width": 8,
              "Actual Startup Time": 880.266,
              "Actual Total Time": 880.67,
              "Actual Rows": 1,
              "Actual Loops": 3,
              "Plans": [
                {
                  "Node Type": "Hash Join",
                  "Parent Relationship": "Outer",
                  "Parallel Aware": true,
                  "Join Type": "Inner",
                  "Startup Cost": 84481.3,
                  "Total Cost": 101365.95,
                  "Plan Rows": 102579,
                  "Plan Width": 0,
                  "Actual Startup Time": 710.396,
                  "Actual Total Time": 863.584,
                  "Actual Rows": 283911,
                  "Actual Loops": 3,
                  "Inner Unique": false,
                  "Hash Cond": "(mi_idx.movie_id = t.id)",
                  "Plans": [
                    {
                      "Node Type": "Seq Scan",
                      "Parent Relationship": "Outer",
                      "Parallel Aware": true,
                      "Relation Name": "movie_info_idx",
                      "Alias": "mi_idx",
                      "Startup Cost": 0.0,
                      "Total Cost": 15122.68,
                      "Plan Rows": 381618,
                      "Plan Width": 4,
                      "Actual Startup Time": 0.021,
                      "Actual Total Time": 62.866,
                      "Actual Rows": 306617,
                      "Actual Loops": 3,
                      "Filter": "(info_type_id < 101)",
                      "Rows Removed by Filter": 153395
                    },
                    {
                      "Node Type": "Hash",
                      "Parent Relationship": "Inner",
                      "Parallel Aware": true,
                      "Startup Cost": 81740.82,
                      "Total Cost": 81740.82,
                      "Plan Rows": 219239,
                      "Plan Width": 8,
                      "Actual Startup Time": 701.786,
                      "Actual Total Time": 702.188,
                      "Actual Rows": 222074,
                      "Actual Loops": 3,
                      "Hash Buckets": 1048576,
                      "Original Hash Buckets": 1048576,
                      "Hash Batches": 1,
                      "Original Hash Batches": 1,
                      "Peak Memory Usage": 34304,
                      "Plans": [
                        {
                          "Node Type": "Hash Join",
                          "Parent Relationship": "Outer",
                          "Parallel Aware": true,
                          "Join Type": "Inner",
                          "Startup Cost": 49516.47,
                          "Total Cost": 81740.82,
                          "Plan Rows": 219239,
                          "Plan Width": 8,
                          "Actual Startup Time": 391.986,
                          "Actual Total Time": 617.983,
                          "Actual Rows": 222074,
                          "Actual Loops": 3,
                          "Inner Unique": true,
                          "Hash Cond": "(mc.movie_id = t.id)",
                          "Plans": [
                            {
                              "Node Type": "Seq Scan",
                              "Parent Relationship": "Outer",
                              "Parallel Aware": true,
                              "Relation Name": "movie_companies",
                              "Alias": "mc",
                              "Startup Cost": 0.0,
                              "Total Cost": 31414.82,
                              "Plan Rows": 308391,
                              "Plan Width": 4,
                              "Actual Startup Time": 0.286,
                              "Actual Total Time": 114.801,
                              "Actual Rows": 269362,
                              "Actual Loops": 3,
                              "Filter": "((company_id > 868) AND (company_type_id = 1))",
                              "Rows Removed by Filter": 600347
                            },
                            {
                              "Node Type": "Hash",
                              "Parent Relationship": "Inner",
                              "Parallel Aware": true,
                              "Startup Cost": 43899.32,
                              "Total Cost": 43899.32,
                              "Plan Rows": 449372,
                              "Plan Width": 4,
                              "Actual Startup Time": 385.287,
                              "Actual Total Time": 385.289,
                              "Actual Rows": 598051,
                              "Actual Loops": 3,
                              "Hash Buckets": 2097152,
                              "Original Hash Buckets": 2097152,
                              "Hash Batches": 1,
                              "Original Hash Batches": 1,
                              "Peak Memory Usage": 86592,
                              "Plans": [
                                {
                                  "Node Type": "Seq Scan",
                                  "Parent Relationship": "Outer",
                                  "Parallel Aware": true,
                                  "Relation Name": "title",
                                  "Alias": "t",
                                  "Startup Cost": 0.0,
                                  "Total Cost": 43899.32,
                                  "Plan Rows": 449372,
                                  "Plan Width": 4,
                                  "Actual Startup Time": 0.056,
                                  "Actual Total Time": 160.669,
                                  "Actual Rows": 598051,
                                  "Actual Loops": 3,
                                  "Filter": "(production_year < 2009)",
                                  "Rows Removed by Filter": 244720
                                }
                              ]
                            }
                          ]
                        }
                      ]
                    }
                  ]
                }
              ]
            }
          ]
        }
      ]
    },
    "Planning Time": 1.433,
    "Triggers": [],
    "Execution Time": 922.009
  }
]