[
  {
    "Plan": {
      "Node Type": "Aggregate",
      "Strategy": "Plain",
      "Partial Mode": "Finalize",
      "Parallel Aware": false,
      "Startup Cost": 141891.13,
      "Total Cost": 141891.14,
      "Plan Rows": 1,
      "Plan Width": 8,
      "Actual Startup Time": 1633.084,
      "Actual Total Time": 1728.185,
      "Actual Rows": 1,
      "Actual Loops": 1,
      "Plans": [
        {
          "Node Type": "Gather",
          "Parent Relationship": "Outer",
          "Parallel Aware": false,
          "Startup Cost": 141890.81,
          "Total Cost": 141891.12,
          "Plan Rows": 3,
          "Plan Width": 8,
          "Actual Startup Time": 1617.366,
          "Actual Total Time": 1728.17,
          "Actual Rows": 4,
          "Actual Loops": 1,
          "Workers Planned": 3,
          "Workers Launched": 3,
          "Single Copy": false,
          "Plans": [
            {
              "Node Type": "Aggregate",
              "Strategy": "Plain",
              "Partial Mode": "Partial",
              "Parent Relationship": "Outer",
              "Parallel Aware": false,
              "Startup Cost": 140890.81,
              "Total Cost": 140890.82,
              "Plan Rows": 1,
              "Plan Width": 8,
              "Actual Startup Time": 1606.142,
              "Actual Total Time": 1606.147,
              "Actual Rows": 1,
              "Actual Loops": 4,
              "Plans": [
                {
                  "Node Type": "Nested Loop",
                  "Parent Relationship": "Outer",
                  "Parallel Aware": false,
                  "Join Type": "Inner",
                  "Startup Cost": 52206.55,
                  "Total Cost": 140218.12,
                  "Plan Rows": 269075,
                  "Plan Width": 0,
                  "Actual Startup Time": 361.992,
                  "Actual Total Time": 1571.566,
                  "Actual Rows": 629760,
                  "Actual Loops": 4,
                  "Inner Unique": false,
                  "Plans": [
                    {
                      "Node Type": "Hash Join",
                      "Parent Relationship": "Outer",
                      "Parallel Aware": true,
                      "Join Type": "Inner",
                      "Startup Cost": 52205.98,
                      "Total Cost": 77116.51,
                      "Plan Rows": 30184,
                      "Plan Width": 8,
                      "Actual Startup Time": 361.896,
                      "Actual Total Time": 416.872,
                      "Actual Rows": 25192,
                      "Actual Loops": 4,
                      "Inner Unique": true,
                      "Hash Cond": "(mk.movie_id = t.id)",
                      "Plans": [
                        {
                          "Node Type": "Bitmap Heap Scan",
                          "Parent Relationship": "Outer",
                          "Parallel Aware": true,
                          "Relation Name": "movie_keyword",
                          "Alias": "mk",
                          "Startup Cost": 1985.6,
                          "Total Cost": 26816.9,
                          "Plan Rows": 30184,
                          "Plan Width": 4,
                          "Actual Startup Time": 10.759,
                          "Actual Total Time": 38.664,
                          "Actual Rows": 25192,
                          "Actual Loops": 4,
                          "Recheck Cond": "(keyword_id < 90)",
                          "Rows Removed by Index Recheck": 0,
                          "Exact Heap Blocks": 7166,
                          "Lossy Heap Blocks": 0,
                          "Plans": [
                            {
                              "Node Type": "Bitmap Index Scan",
                              "Parent Relationship": "Outer",
                              "Parallel Aware": false,
                              "Index Name": "keyword_id_movie_keyword",
                              "Startup Cost": 0.0,
                              "Total Cost": 1962.21,
                              "Plan Rows": 93570,
                              "Plan Width": 0,
                              "Actual Startup Time": 7.551,
                              "Actual Total Time": 7.554,
                              "Actual Rows": 100769,
                              "Actual Loops": 1,
                              "Index Cond": "(keyword_id < 90)"
                            }
                          ]
                        },
                        {
                          "Node Type": "Hash",
                          "Parent Relationship": "Inner",
                          "Parallel Aware": true,
                          "Startup Cost": 42319.06,
                          "Total Cost": 42319.06,
                          "Plan Rows": 632106,
                          "Plan Width": 4,
                          "Actual Startup Time": 343.744,
                          "Actual Total Time": 343.745,
                          "Actual Rows": 632078,
                          "Actual Loops": 4,
                          "Hash Buckets": 4194304,
                          "Original Hash Buckets": 4194304,
                          "Hash Batches": 1,
                          "Original Hash Batches": 1,
                          "Peak Memory Usage": 131744,
                          "Plans": [
                            {
                              "Node Type": "Seq Scan",
                              "Parent Relationship": "Outer",
                              "Parallel Aware": true,
                              "Relation Name": "title",
                              "Alias": "t",
                              "Startup Cost": 0.0,
                              "Total Cost": 42319.06,
                              "Plan Rows": 632106,
                              "Plan Width": 4,
                              "Actual Startup Time": 0.036,
                              "Actual Total Time": 101.542,
                              "Actual Rows": 632078,
                              "Actual Loops": 4
                            }
                          ]
                        }
                      ]
                    },
                    {
                      "Node Type": "Index Scan",
                      "Parent Relationship": "Inner",
                      "Parallel Aware": false,
                      "Scan Direction": "Forward",
                      "Index Name": "movie_id_cast_info",
                      "Relation Name": "cast_info",
                      "Alias": "ci",
                      "Startup Cost": 0.56,
                      "Total Cost": 1.87,
                      "Plan Rows": 22,
                      "Plan Width": 4,
                      "Actual Startup Time": 0.006,
                      "Actual Total Time": 0.043,
                      "Actual Rows": 25,
                      "Actual Loops": 100769,
                      "Index Cond": "(movie_id = t.id)",
                      "Rows Removed by Index Recheck": 0,
                      "Filter": "(person_id < 2327365)",
                      "Rows Removed by Filter": 14
                    }
                  ]
                }
              ]
            }
          ]
        }
      ]
    },
    "Planning Time": 0.378,
    "Triggers": [],
    "Execution Time": 1728.258
  }
]