[
  {
    "Plan": {
      "Node Type": "Aggregate",
      "Strategy": "Plain",
      "Partial Mode": "Finalize",
      "Parallel Aware": false,
      "Startup Cost": 245566.12,
      "Total Cost": 245566.13,
      "Plan Rows": 1,
      "Plan Width": 8,
      "Actual Startup Time": 303.806,
      "Actual Total Time": 324.802,
      "Actual Rows": 1,
      "Actual Loops": 1,
      "Plans": [
        {
          "Node Type": "Gather",
          "Parent Relationship": "Outer",
          "Parallel Aware": false,
          "Startup Cost": 245565.49,
          "Total Cost": 245566.1,
          "Plan Rows": 6,
          "Plan Width": 8,
          "Actual Startup Time": 303.568,
          "Actual Total Time": 324.789,
          "Actual Rows": 7,
          "Actual Loops": 1,
          "Workers Planned": 6,
          "Workers Launched": 6,
          "Single Copy": false,
          "Plans": [
            {
              "Node Type": "Aggregate",
              "Strategy": "Plain",
              "Partial Mode": "Partial",
              "Parent Relationship": "Outer",
              "Parallel Aware": false,
              "Startup Cost": 244565.49,
              "Total Cost": 244565.5,
              "Plan Rows": 1,
              "Plan Width": 8,
              "Actual Startup Time": 295.465,
              "Actual Total Time": 295.468,
              "Actual Rows": 1,
              "Actual Loops": 7,
              "Plans": [
                {
                  "Node Type": "Hash Join",
                  "Parent Relationship": "Outer",
                  "Parallel Aware": true,
                  "Join Type": "Inner",
                  "Startup Cost": 45534.19,
                  "Total Cost": 244557.96,
                  "Plan Rows": 3015,
                  "Plan Width": 0,
                  "Actual Startup Time": 197.971,
                  "Actual Total Time": 295.281,
                  "Actual Rows": 2265,
                  "Actual Loops": 7,
                  "Inner Unique": true,
                  "Hash Cond": "(ci.movie_id = t.id)",
                  "Plans": [
                    {
                      "Node Type": "Index Scan",
                      "Parent Relationship": "Outer",
                      "Parallel Aware": true,
                      "Scan Direction": "Forward",
                      "Index Name": "role_id_cast_info",
                      "Relation Name": "cast_info",
                      "Alias": "ci",
                      "Startup Cost": 0.56,
                      "Total Cost": 197877.72,
                      "Plan Rows": 436803,
                      "Plan Width": 4,
                      "Actual Startup Time": 128.696,
                      "Actual Total Time": 194.452,
                      "Actual Rows": 337955,
                      "Actual Loops": 7,
                      "Index Cond": "(role_id = 2)",
                      "Rows Removed by Index Recheck": 0,
                      "Filter": "(person_id > 2393802)",
                      "Rows Removed by Filter": 726613
                    },
                    {
                      "Node Type": "Hash",
                      "Parent Relationship": "Inner",
                      "Parallel Aware": true,
                      "Startup Cost": 45479.1,
                      "Total Cost": 45479.1,
                      "Plan Rows": 4362,
                      "Plan Width": 4,
                      "Actual Startup Time": 68.255,
                      "Actual Total Time": 68.257,
                      "Actual Rows": 2064,
                      "Actual Loops": 7,
                      "Hash Buckets": 32768,
                      "Original Hash Buckets": 32768,
                      "Hash Batches": 1,
                      "Original Hash Batches": 1,
                      "Peak Memory Usage": 960,
                      "Plans": [
                        {
                          "Node Type": "Seq Scan",
                          "Parent Relationship": "Outer",
                          "Parallel Aware": true,
                          "Relation Name": "title",
                          "Alias": "t",
                          "Startup Cost": 0.0,
                          "Total Cost": 45479.1,
                          "Plan Rows": 4362,
                          "Plan Width": 4,
                          "Actual Startup Time": 0.444,
                          "Actual Total Time": 66.994,
                          "Actual Rows": 2064,
                          "Actual Loops": 7,
                          "Filter": "((kind_id < 7) AND (production_year = 1998))",
                          "Rows Removed by Filter": 359123
                        }
                      ]
                    }
                  ]
                }
              ]
            }
          ]
        }
      ]
    },
    "Planning Time": 0.442,
    "Triggers": [],
    "Execution Time": 324.858
  }
]