[
  {
    "Plan": {
      "Node Type": "Aggregate",
      "Strategy": "Plain",
      "Partial Mode": "Finalize",
      "Parallel Aware": false,
      "Startup Cost": 119145.63,
      "Total Cost": 119145.64,
      "Plan Rows": 1,
      "Plan Width": 8,
      "Actual Startup Time": 464.201,
      "Actual Total Time": 485.745,
      "Actual Rows": 1,
      "Actual Loops": 1,
      "Plans": [
        {
          "Node Type": "Gather",
          "Parent Relationship": "Outer",
          "Parallel Aware": false,
          "Startup Cost": 119145.31,
          "Total Cost": 119145.62,
          "Plan Rows": 3,
          "Plan Width": 8,
          "Actual Startup Time": 462.03,
          "Actual Total Time": 485.735,
          "Actual Rows": 4,
          "Actual Loops": 1,
          "Workers Planned": 3,
          "Workers Launched": 3,
          "Single Copy": false,
          "Plans": [
            {
              "Node Type": "Aggregate",
              "Strategy": "Plain",
              "Partial Mode": "Partial",
              "Parent Relationship": "Outer",
              "Parallel Aware": false,
              "Startup Cost": 118145.31,
              "Total Cost": 118145.32,
              "Plan Rows": 1,
              "Plan Width": 8,
              "Actual Startup Time": 452.248,
              "Actual Total Time": 452.362,
              "Actual Rows": 1,
              "Actual Loops": 4,
              "Plans": [
                {
                  "Node Type": "Hash Join",
                  "Parent Relationship": "Outer",
                  "Parallel Aware": true,
                  "Join Type": "Inner",
                  "Startup Cost": 73202.79,
                  "Total Cost": 118065.45,
                  "Plan Rows": 31945,
                  "Plan Width": 0,
                  "Actual Startup Time": 293.935,
                  "Actual Total Time": 445.536,
                  "Actual Rows": 164817,
                  "Actual Loops": 4,
                  "Inner Unique": false,
                  "Hash Cond": "(mk.movie_id = t.id)",
                  "Plans": [
                    {
                      "Node Type": "Seq Scan",
                      "Parent Relationship": "Outer",
                      "Parallel Aware": true,
                      "Relation Name": "movie_keyword",
                      "Alias": "mk",
                      "Startup Cost": 0.0,
                      "Total Cost": 42695.65,
                      "Plan Rows": 556572,
                      "Plan Width": 4,
                      "Actual Startup Time": 0.032,
                      "Actual Total Time": 94.81,
                      "Actual Rows": 433822,
                      "Actual Loops": 4,
                      "Filter": "(keyword_id < 2831)",
                      "Rows Removed by Filter": 697160
                    },
                    {
                      "Node Type": "Hash",
                      "Parent Relationship": "Inner",
                      "Parallel Aware": true,
                      "Startup Cost": 72749.3,
                      "Total Cost": 72749.3,
                      "Plan Rows": 36279,
                      "Plan Width": 8,
                      "Actual Startup Time": 291.483,
                      "Actual Total Time": 291.596,
                      "Actual Rows": 56096,
                      "Actual Loops": 4,
                      "Hash Buckets": 262144,
                      "Original Hash Buckets": 262144,
                      "Hash Batches": 1,
                      "Original Hash Batches": 1,
                      "Peak Memory Usage": 10912,
                      "Plans": [
                        {
                          "Node Type": "Hash Join",
                          "Parent Relationship": "Outer",
                          "Parallel Aware": true,
                          "Join Type": "Inner",
                          "Startup Cost": 27153.17,
                          "Total Cost": 72749.3,
                          "Plan Rows": 36279,
                          "Plan Width": 8,
                          "Actual Startup Time": 92.626,
                          "Actual Total Time": 274.866,
                          "Actual Rows": 56096,
                          "Actual Loops": 4,
                          "Inner Unique": false,
                          "Hash Cond": "(t.id = mc.movie_id)",
                          "Plans": [
                            {
                              "Node Type": "Seq Scan",
                              "Parent Relationship": "Outer",
                              "Parallel Aware": true,
                              "Relation Name": "title",
                              "Alias": "t",
                              "Startup Cost": 0.0,
                              "Total Cost": 42318.73,
                              "Plan Rows": 632073,
                              "Plan Width": 4,
                              "Actual Startup Time": 0.011,
                              "Actual Total Time": 73.211,
                              "Actual Rows": 632078,
                              "Actual Loops": 4
                            },
                            {
                              "Node Type": "Hash",
                              "Parent Relationship": "Inner",
                              "Parallel Aware": true,
                              "Startup Cost": 26568.04,
                              "Total Cost": 26568.04,
                              "Plan Rows": 46811,
                              "Plan Width": 4,
                              "Actual Startup Time": 91.545,
                              "Actual Total Time": 91.546,
                              "Actual Rows": 56096,
                              "Actual Loops": 4,
                              "Hash Buckets": 262144,
                              "Original Hash Buckets": 262144,
                              "Hash Batches": 1,
                              "Original Hash Batches": 1,
                              "Peak Memory Usage": 10880,
                              "Plans": [
                                {
                                  "Node Type": "Bitmap Heap Scan",
                                  "Parent Relationship": "Outer",
                                  "Parallel Aware": true,
                                  "Relation Name": "movie_companies",
                                  "Alias": "mc",
                                  "Startup Cost": 6351.63,
                                  "Total Cost": 26568.04,
                                  "Plan Rows": 46811,
                                  "Plan Width": 4,
                                  "Actual Startup Time": 26.801,
                                  "Actual Total Time": 72.265,
                                  "Actual Rows": 56096,
                                  "Actual Loops": 4,
                                  "Recheck Cond": "(company_id < 160)",
                                  "Rows Removed by Index Recheck": 0,
                                  "Filter": "(company_type_id = 1)",
                                  "Rows Removed by Filter": 17123,
                                  "Exact Heap Blocks": 8091,
                                  "Lossy Heap Blocks": 0,
                                  "Plans": [
                                    {
                                      "Node Type": "Bitmap Index Scan",
                                      "Parent Relationship": "Outer",
                                      "Parallel Aware": false,
                                      "Index Name": "company_id_movie_companies",
                                      "Startup Cost": 0.0,
                                      "Total Cost": 6315.35,
                                      "Plan Rows": 294790,
                                      "Plan Width": 0,
                                      "Actual Startup Time": 23.712,
                                      "Actual Total Time": 23.713,
                                      "Actual Rows": 292877,
                                      "Actual Loops": 1,
                                      "Index Cond": "(company_id < 160)"
                                    }
                                  ]
                                }
                              ]
                            }
                          ]
                        }
                      ]
                    }
                  ]
                }
              ]
            }
          ]
        }
      ]
    },
    "Planning Time": 1.463,
    "Triggers": [],
    "Execution Time": 485.85
  }
]