[
  {
    "Plan": {
      "Node Type": "Aggregate",
      "Strategy": "Plain",
      "Partial Mode": "Finalize",
      "Parallel Aware": false,
      "Startup Cost": 32645.4,
      "Total Cost": 32645.41,
      "Plan Rows": 1,
      "Plan Width": 8,
      "Actual Startup Time": 93.364,
      "Actual Total Time": 101.363,
      "Actual Rows": 1,
      "Actual Loops": 1,
      "Plans": [
        {
          "Node Type": "Gather",
          "Parent Relationship": "Outer",
          "Parallel Aware": false,
          "Startup Cost": 32645.08,
          "Total Cost": 32645.39,
          "Plan Rows": 3,
          "Plan Width": 8,
          "Actual Startup Time": 93.253,
          "Actual Total Time": 101.354,
          "Actual Rows": 4,
          "Actual Loops": 1,
          "Workers Planned": 3,
          "Workers Launched": 3,
          "Single Copy": false,
          "Plans": [
            {
              "Node Type": "Aggregate",
              "Strategy": "Plain",
              "Partial Mode": "Partial",
              "Parent Relationship": "Outer",
              "Parallel Aware": false,
              "Startup Cost": 31645.08,
              "Total Cost": 31645.09,
              "Plan Rows": 1,
              "Plan Width": 8,
              "Actual Startup Time": 85.175,
              "Actual Total Time": 85.176,
              "Actual Rows": 1,
              "Actual Loops": 4,
              "Plans": [
                {
                  "Node Type": "Seq Scan",
                  "Parent Relationship": "Outer",
                  "Parallel Aware": true,
                  "Relation Name": "movie_companies",
                  "Alias": "mc",
                  "Startup Cost": 0.0,
                  "Total Cost": 31414.82,
                  "Plan Rows": 92106,
                  "Plan Width": 0,
                  "Actual Startup Time": 0.047,
                  "Actual Total Time": 77.01,
                  "Actual Rows": 104387,
                  "Actual Loops": 4,
                  "Filter": "((company_id < 620) AND (company_type_id < 2))",
                  "Rows Removed by Filter": 547895
                }
              ]
            }
          ]
        }
      ]
    },
    "Planning Time": 0.221,
    "Triggers": [],
    "Execution Time": 101.43
  }
]