{
  "Plan": {
    "Node Type": "Aggregate",
    "Strategy": "Plain",
    "Partial Mode": "Finalize",
    "Parallel Aware": false,
    "Startup Cost": 93104.16,
    "Total Cost": 93104.17,
    "Plan Rows": 1,
    "Plan Width": 8,
    "Actual Startup Time": 474.316,
    "Actual Total Time": 485.507,
    "Actual Rows": 1,
    "Actual Loops": 1,
    "Plans": [
      {
        "Node Type": "Gather",
        "Parent Relationship": "Outer",
        "Parallel Aware": false,
        "Startup Cost": 93104.04,
        "Total Cost": 93104.15,
        "Plan Rows": 1,
        "Plan Width": 8,
        "Actual Startup Time": 473.572,
        "Actual Total Time": 485.5,
        "Actual Rows": 2,
        "Actual Loops": 1,
        "Workers Planned": 1,
        "Workers Launched": 1,
        "Single Copy": false,
        "Plans": [
          {
            "Node Type": "Aggregate",
            "Strategy": "Plain",
            "Partial Mode": "Partial",
            "Parent Relationship": "Outer",
            "Parallel Aware": false,
            "Startup Cost": 92104.04,
            "Total Cost": 92104.05,
            "Plan Rows": 1,
            "Plan Width": 8,
            "Actual Startup Time": 467.432,
            "Actual Total Time": 467.436,
            "Actual Rows": 1,
            "Actual Loops": 2,
            "Plans": [
              {
                "Node Type": "Hash Join",
                "Parent Relationship": "Outer",
                "Parallel Aware": true,
                "Join Type": "Inner",
                "Startup Cost": 30369.26,
                "Total Cost": 91636.01,
                "Plan Rows": 187212,
                "Plan Width": 0,
                "Actual Startup Time": 288.575,
                "Actual Total Time": 459.427,
                "Actual Rows": 158360,
                "Actual Loops": 2,
                "Inner Unique": false,
                "Hash Cond": "(t.id = mc.movie_id)",
                "Plans": [
                  {
                    "Node Type": "Seq Scan",
                    "Parent Relationship": "Outer",
                    "Parallel Aware": true,
                    "Relation Name": "title",
                    "Alias": "t",
                    "Startup Cost": 0.0,
                    "Total Cost": 50870.31,
                    "Plan Rows": 1487231,
                    "Plan Width": 4,
                    "Actual Startup Time": 0.015,
                    "Actual Total Time": 130.847,
                    "Actual Rows": 1264156,
                    "Actual Loops": 2
                  },
                  {
                    "Node Type": "Hash",
                    "Parent Relationship": "Inner",
                    "Parallel Aware": true,
                    "Startup Cost": 28029.11,
                    "Total Cost": 28029.11,
                    "Plan Rows": 187212,
                    "Plan Width": 4,
                    "Actual Startup Time": 96.97,
                    "Actual Total Time": 96.972,
                    "Actual Rows": 158360,
                    "Actual Loops": 2,
                    "Hash Buckets": 524288,
                    "Original Hash Buckets": 524288,
                    "Hash Batches": 1,
                    "Original Hash Batches": 1,
                    "Peak Memory Usage": 16512,
                    "Plans": [
                      {
                        "Node Type": "Bitmap Heap Scan",
                        "Parent Relationship": "Outer",
                        "Parallel Aware": true,
                        "Relation Name": "movie_companies",
                        "Alias": "mc",
                        "Startup Cost": 6898.95,
                        "Total Cost": 28029.11,
                        "Plan Rows": 187212,
                        "Plan Width": 4,
                        "Actual Startup Time": 27.846,
                        "Actual Total Time": 63.114,
                        "Actual Rows": 158360,
                        "Actual Loops": 2,
                        "Recheck Cond": "(company_id > 91833)",
                        "Rows Removed by Index Recheck": 0,
                        "Exact Heap Blocks": 3429,
                        "Lossy Heap Blocks": 0,
                        "Plans": [
                          {
                            "Node Type": "Bitmap Index Scan",
                            "Parent Relationship": "Outer",
                            "Parallel Aware": false,
                            "Index Name": "company_id_movie_companies",
                            "Startup Cost": 0.0,
                            "Total Cost": 6819.39,
                            "Plan Rows": 318261,
                            "Plan Width": 0,
                            "Actual Startup Time": 27.288,
                            "Actual Total Time": 27.289,
                            "Actual Rows": 316720,
                            "Actual Loops": 1,
                            "Index Cond": "(company_id > 91833)"
                          }
                        ]
                      }
                    ]
                  }
                ]
              }
            ]
          }
        ]
      }
    ]
  },
  "Planning Time": 0.6,
  "Triggers": [],
  "Execution Time": 485.595
}