[
  {
    "Plan": {
      "Node Type": "Aggregate",
      "Strategy": "Plain",
      "Partial Mode": "Finalize",
      "Parallel Aware": false,
      "Startup Cost": 39727.08,
      "Total Cost": 39727.09,
      "Plan Rows": 1,
      "Plan Width": 8,
      "Actual Startup Time": 64.612,
      "Actual Total Time": 70.324,
      "Actual Rows": 1,
      "Actual Loops": 1,
      "Plans": [
        {
          "Node Type": "Gather",
          "Parent Relationship": "Outer",
          "Parallel Aware": false,
          "Startup Cost": 39726.66,
          "Total Cost": 39727.07,
          "Plan Rows": 4,
          "Plan Width": 8,
          "Actual Startup Time": 64.342,
          "Actual Total Time": 70.317,
          "Actual Rows": 5,
          "Actual Loops": 1,
          "Workers Planned": 4,
          "Workers Launched": 4,
          "Single Copy": false,
          "Plans": [
            {
              "Node Type": "Aggregate",
              "Strategy": "Plain",
              "Partial Mode": "Partial",
              "Parent Relationship": "Outer",
              "Parallel Aware": false,
              "Startup Cost": 38726.66,
              "Total Cost": 38726.67,
              "Plan Rows": 1,
              "Plan Width": 8,
              "Actual Startup Time": 55.589,
              "Actual Total Time": 55.59,
              "Actual Rows": 1,
              "Actual Loops": 5,
              "Plans": [
                {
                  "Node Type": "Bitmap Heap Scan",
                  "Parent Relationship": "Outer",
                  "Parallel Aware": true,
                  "Relation Name": "title",
                  "Alias": "t",
                  "Startup Cost": 2206.5,
                  "Total Cost": 38662.75,
                  "Plan Rows": 25563,
                  "Plan Width": 0,
                  "Actual Startup Time": 16.838,
                  "Actual Total Time": 53.438,
                  "Actual Rows": 23582,
                  "Actual Loops": 5,
                  "Recheck Cond": "(kind_id = 4)",
                  "Rows Removed by Index Recheck": 0,
                  "Filter": "(production_year > 1968)",
                  "Rows Removed by Filter": 65,
                  "Exact Heap Blocks": 7012,
                  "Lossy Heap Blocks": 0,
                  "Plans": [
                    {
                      "Node Type": "Bitmap Index Scan",
                      "Parent Relationship": "Outer",
                      "Parallel Aware": false,
                      "Index Name": "kind_id_title",
                      "Startup Cost": 0.0,
                      "Total Cost": 2180.94,
                      "Plan Rows": 122201,
                      "Plan Width": 0,
                      "Actual Startup Time": 19.736,
                      "Actual Total Time": 19.736,
                      "Actual Rows": 118234,
                      "Actual Loops": 1,
                      "Index Cond": "(kind_id = 4)"
                    }
                  ]
                }
              ]
            }
          ]
        }
      ]
    },
    "Planning Time": 0.191,
    "Triggers": [],
    "Execution Time": 70.398
  }
]