[
  {
    "Plan": {
      "Node Type": "Aggregate",
      "Strategy": "Plain",
      "Partial Mode": "Finalize",
      "Parallel Aware": false,
      "Startup Cost": 77708.82,
      "Total Cost": 77708.83,
      "Plan Rows": 1,
      "Plan Width": 8,
      "Actual Startup Time": 213.363,
      "Actual Total Time": 229.724,
      "Actual Rows": 1,
      "Actual Loops": 1,
      "Plans": [
        {
          "Node Type": "Gather",
          "Parent Relationship": "Outer",
          "Parallel Aware": false,
          "Startup Cost": 77708.5,
          "Total Cost": 77708.81,
          "Plan Rows": 3,
          "Plan Width": 8,
          "Actual Startup Time": 211.78,
          "Actual Total Time": 229.715,
          "Actual Rows": 4,
          "Actual Loops": 1,
          "Workers Planned": 3,
          "Workers Launched": 3,
          "Single Copy": false,
          "Plans": [
            {
              "Node Type": "Aggregate",
              "Strategy": "Plain",
              "Partial Mode": "Partial",
              "Parent Relationship": "Outer",
              "Parallel Aware": false,
              "Startup Cost": 76708.5,
              "Total Cost": 76708.51,
              "Plan Rows": 1,
              "Plan Width": 8,
              "Actual Startup Time": 202.576,
              "Actual Total Time": 202.58,
              "Actual Rows": 1,
              "Actual Loops": 4,
              "Plans": [
                {
                  "Node Type": "Hash Join",
                  "Parent Relationship": "Outer",
                  "Parallel Aware": true,
                  "Join Type": "Inner",
                  "Startup Cost": 51159.75,
                  "Total Cost": 76685.68,
                  "Plan Rows": 9127,
                  "Plan Width": 0,
                  "Actual Startup Time": 144.253,
                  "Actual Total Time": 202.484,
                  "Actual Rows": 1071,
                  "Actual Loops": 4,
                  "Inner Unique": true,
                  "Hash Cond": "(mk.movie_id = t.id)",
                  "Plans": [
                    {
                      "Node Type": "Bitmap Heap Scan",
                      "Parent Relationship": "Outer",
                      "Parallel Aware": true,
                      "Relation Name": "movie_keyword",
                      "Alias": "mk",
                      "Startup Cost": 4663.12,
                      "Total Cost": 30003.02,
                      "Plan Rows": 70872,
                      "Plan Width": 4,
                      "Actual Startup Time": 16.035,
                      "Actual Total Time": 58.648,
                      "Actual Rows": 56732,
                      "Actual Loops": 4,
                      "Recheck Cond": "(keyword_id < 186)",
                      "Rows Removed by Index Recheck": 0,
                      "Exact Heap Blocks": 9170,
                      "Lossy Heap Blocks": 0,
                      "Plans": [
                        {
                          "Node Type": "Bitmap Index Scan",
                          "Parent Relationship": "Outer",
                          "Parallel Aware": false,
                          "Index Name": "keyword_id_movie_keyword",
                          "Startup Cost": 0.0,
                          "Total Cost": 4608.2,
                          "Plan Rows": 219702,
                          "Plan Width": 0,
                          "Actual Startup Time": 12.432,
                          "Actual Total Time": 12.433,
                          "Actual Rows": 226927,
                          "Actual Loops": 1,
                          "Index Cond": "(keyword_id < 186)"
                        }
                      ]
                    },
                    {
                      "Node Type": "Hash",
                      "Parent Relationship": "Inner",
                      "Parallel Aware": true,
                      "Startup Cost": 45479.1,
                      "Total Cost": 45479.1,
                      "Plan Rows": 81402,
                      "Plan Width": 4,
                      "Actual Startup Time": 124.757,
                      "Actual Total Time": 124.759,
                      "Actual Rows": 87384,
                      "Actual Loops": 4,
                      "Hash Buckets": 524288,
                      "Original Hash Buckets": 524288,
                      "Hash Batches": 1,
                      "Original Hash Batches": 1,
                      "Peak Memory Usage": 17856,
                      "Plans": [
                        {
                          "Node Type": "Seq Scan",
                          "Parent Relationship": "Outer",
                          "Parallel Aware": true,
                          "Relation Name": "title",
                          "Alias": "t",
                          "Startup Cost": 0.0,
                          "Total Cost": 45479.1,
                          "Plan Rows": 81402,
                          "Plan Width": 4,
                          "Actual Startup Time": 0.038,
                          "Actual Total Time": 94.636,
                          "Actual Rows": 87384,
                          "Actual Loops": 4,
                          "Filter": "((production_year > 2009) AND (kind_id = 7))",
                          "Rows Removed by Filter": 544694
                        }
                      ]
                    }
                  ]
                }
              ]
            }
          ]
        }
      ]
    },
    "Planning Time": 0.59,
    "Triggers": [],
    "Execution Time": 229.816
  }
]