{
  "Plan": {
    "Node Type": "Aggregate",
    "Strategy": "Plain",
    "Partial Mode": "Finalize",
    "Parallel Aware": false,
    "Startup Cost": 123868.99,
    "Total Cost": 123869.0,
    "Plan Rows": 1,
    "Plan Width": 8,
    "Actual Startup Time": 501.425,
    "Actual Total Time": 518.607,
    "Actual Rows": 1,
    "Actual Loops": 1,
    "Plans": [
      {
        "Node Type": "Gather",
        "Parent Relationship": "Outer",
        "Parallel Aware": false,
        "Startup Cost": 123868.87,
        "Total Cost": 123868.98,
        "Plan Rows": 1,
        "Plan Width": 8,
        "Actual Startup Time": 501.064,
        "Actual Total Time": 518.599,
        "Actual Rows": 2,
        "Actual Loops": 1,
        "Workers Planned": 1,
        "Workers Launched": 1,
        "Single Copy": false,
        "Plans": [
          {
            "Node Type": "Aggregate",
            "Strategy": "Plain",
            "Partial Mode": "Partial",
            "Parent Relationship": "Outer",
            "Parallel Aware": false,
            "Startup Cost": 122868.87,
            "Total Cost": 122868.88,
            "Plan Rows": 1,
            "Plan Width": 8,
            "Actual Startup Time": 495.256,
            "Actual Total Time": 495.26,
            "Actual Rows": 1,
            "Actual Loops": 2,
            "Plans": [
              {
                "Node Type": "Hash Join",
                "Parent Relationship": "Outer",
                "Parallel Aware": true,
                "Join Type": "Inner",
                "Startup Cost": 58770.59,
                "Total Cost": 122720.7,
                "Plan Rows": 59271,
                "Plan Width": 0,
                "Actual Startup Time": 152.462,
                "Actual Total Time": 493.658,
                "Actual Rows": 34553,
                "Actual Loops": 2,
                "Inner Unique": true,
                "Hash Cond": "(mk.movie_id = t.id)",
                "Plans": [
                  {
                    "Node Type": "Seq Scan",
                    "Parent Relationship": "Outer",
                    "Parallel Aware": true,
                    "Relation Name": "movie_keyword",
                    "Alias": "mk",
                    "Startup Cost": 0.0,
                    "Total Cost": 57718.19,
                    "Plan Rows": 2374058,
                    "Plan Width": 4,
                    "Actual Startup Time": 0.034,
                    "Actual Total Time": 208.792,
                    "Actual Rows": 2010972,
                    "Actual Loops": 2,
                    "Filter": "(keyword_id > 359)",
                    "Rows Removed by Filter": 250992
                  },
                  {
                    "Node Type": "Hash",
                    "Parent Relationship": "Inner",
                    "Parallel Aware": true,
                    "Startup Cost": 58306.47,
                    "Total Cost": 58306.47,
                    "Plan Rows": 37130,
                    "Plan Width": 4,
                    "Actual Startup Time": 150.721,
                    "Actual Total Time": 150.722,
                    "Actual Rows": 26952,
                    "Actual Loops": 2,
                    "Hash Buckets": 65536,
                    "Original Hash Buckets": 65536,
                    "Hash Batches": 1,
                    "Original Hash Batches": 1,
                    "Peak Memory Usage": 2656,
                    "Plans": [
                      {
                        "Node Type": "Seq Scan",
                        "Parent Relationship": "Outer",
                        "Parallel Aware": true,
                        "Relation Name": "title",
                        "Alias": "t",
                        "Startup Cost": 0.0,
                        "Total Cost": 58306.47,
                        "Plan Rows": 37130,
                        "Plan Width": 4,
                        "Actual Startup Time": 0.159,
                        "Actual Total Time": 143.945,
                        "Actual Rows": 26952,
                        "Actual Loops": 2,
                        "Filter": "((kind_id < 7) AND (production_year = 2012))",
                        "Rows Removed by Filter": 1237204
                      }
                    ]
                  }
                ]
              }
            ]
          }
        ]
      }
    ]
  },
  "Planning Time": 0.471,
  "Triggers": [],
  "Execution Time": 518.678
}