[
  {
    "Plan": {
      "Node Type": "Aggregate",
      "Strategy": "Plain",
      "Partial Mode": "Finalize",
      "Parallel Aware": false,
      "Startup Cost": 104321.37,
      "Total Cost": 104321.38,
      "Plan Rows": 1,
      "Plan Width": 8,
      "Actual Startup Time": 875.856,
      "Actual Total Time": 891.797,
      "Actual Rows": 1,
      "Actual Loops": 1,
      "Plans": [
        {
          "Node Type": "Gather",
          "Parent Relationship": "Outer",
          "Parallel Aware": false,
          "Startup Cost": 104321.16,
          "Total Cost": 104321.37,
          "Plan Rows": 2,
          "Plan Width": 8,
          "Actual Startup Time": 868.186,
          "Actual Total Time": 891.785,
          "Actual Rows": 3,
          "Actual Loops": 1,
          "Workers Planned": 2,
          "Workers Launched": 2,
          "Single Copy": false,
          "Plans": [
            {
              "Node Type": "Aggregate",
              "Strategy": "Plain",
              "Partial Mode": "Partial",
              "Parent Relationship": "Outer",
              "Parallel Aware": false,
              "Startup Cost": 103321.16,
              "Total Cost": 103321.17,
              "Plan Rows": 1,
              "Plan Width": 8,
              "Actual Startup Time": 858.223,
              "Actual Total Time": 858.922,
              "Actual Rows": 1,
              "Actual Loops": 3,
              "Plans": [
                {
                  "Node Type": "Hash Join",
                  "Parent Relationship": "Outer",
                  "Parallel Aware": true,
                  "Join Type": "Inner",
                  "Startup Cost": 86157.01,
                  "Total Cost": 102659.81,
                  "Plan Rows": 264540,
                  "Plan Width": 0,
                  "Actual Startup Time": 697.422,
                  "Actual Total Time": 841.054,
                  "Actual Rows": 437250,
                  "Actual Loops": 3,
                  "Inner Unique": false,
                  "Hash Cond": "(mi_idx.movie_id = t.id)",
                  "Plans": [
                    {
                      "Node Type": "Seq Scan",
                      "Parent Relationship": "Outer",
                      "Parallel Aware": true,
                      "Relation Name": "movie_info_idx",
                      "Alias": "mi_idx",
                      "Startup Cost": 0.0,
                      "Total Cost": 13685.15,
                      "Plan Rows": 575015,
                      "Plan Width": 4,
                      "Actual Startup Time": 0.031,
                      "Actual Total Time": 35.422,
                      "Actual Rows": 460012,
                      "Actual Loops": 3
                    },
                    {
                      "Node Type": "Hash",
                      "Parent Relationship": "Inner",
                      "Parallel Aware": true,
                      "Startup Cost": 82522.12,
                      "Total Cost": 82522.12,
                      "Plan Rows": 290791,
                      "Plan Width": 8,
                      "Actual Startup Time": 687.263,
                      "Actual Total Time": 687.96,
                      "Actual Rows": 339430,
                      "Actual Loops": 3,
                      "Hash Buckets": 2097152,
                      "Original Hash Buckets": 2097152,
                      "Hash Batches": 1,
                      "Original Hash Batches": 1,
                      "Peak Memory Usage": 56288,
                      "Plans": [
                        {
                          "Node Type": "Hash Join",
                          "Parent Relationship": "Outer",
                          "Parallel Aware": true,
                          "Join Type": "Inner",
                          "Startup Cost": 36104.99,
                          "Total Cost": 82522.12,
                          "Plan Rows": 290791,
                          "Plan Width": 8,
                          "Actual Startup Time": 207.36,
                          "Actual Total Time": 575.06,
                          "Actual Rows": 339430,
                          "Actual Loops": 3,
                          "Inner Unique": false,
                          "Hash Cond": "(t.id = mc.movie_id)",
                          "Plans": [
                            {
                              "Node Type": "Seq Scan",
                              "Parent Relationship": "Outer",
                              "Parallel Aware": true,
                              "Relation Name": "title",
                              "Alias": "t",
                              "Startup Cost": 0.0,
                              "Total Cost": 42318.73,
                              "Plan Rows": 632073,
                              "Plan Width": 4,
                              "Actual Startup Time": 0.011,
                              "Actual Total Time": 94.183,
                              "Actual Rows": 842771,
                              "Actual Loops": 3
                            },
                            {
                              "Node Type": "Hash",
                              "Parent Relationship": "Inner",
                              "Parallel Aware": true,
                              "Startup Cost": 31414.82,
                              "Total Cost": 31414.82,
                              "Plan Rows": 375214,
                              "Plan Width": 4,
                              "Actual Startup Time": 202.548,
                              "Actual Total Time": 202.549,
                              "Actual Rows": 339430,
                              "Actual Loops": 3,
                              "Hash Buckets": 2097152,
                              "Original Hash Buckets": 2097152,
                              "Hash Batches": 1,
                              "Original Hash Batches": 1,
                              "Peak Memory Usage": 56256,
                              "Plans": [
                                {
                                  "Node Type": "Seq Scan",
                                  "Parent Relationship": "Outer",
                                  "Parallel Aware": true,
                                  "Relation Name": "movie_companies",
                                  "Alias": "mc",
                                  "Startup Cost": 0.0,
                                  "Total Cost": 31414.82,
                                  "Plan Rows": 375214,
                                  "Plan Width": 4,
                                  "Actual Startup Time": 54.281,
                                  "Actual Total Time": 106.602,
                                  "Actual Rows": 339430,
                                  "Actual Loops": 3,
                                  "Filter": "((company_id < 91850) AND (company_type_id = 2))",
                                  "Rows Removed by Filter": 530280
                                }
                              ]
                            }
                          ]
                        }
                      ]
                    }
                  ]
                }
              ]
            }
          ]
        }
      ]
    },
    "Planning Time": 1.388,
    "Triggers": [],
    "Execution Time": 891.879
  }
]