{
  "Plan": {
    "Node Type": "Aggregate",
    "Strategy": "Plain",
    "Partial Mode": "Finalize",
    "Parallel Aware": false,
    "Startup Cost": 637239.32,
    "Total Cost": 637239.33,
    "Plan Rows": 1,
    "Plan Width": 8,
    "Actual Startup Time": 2926.234,
    "Actual Total Time": 2978.535,
    "Actual Rows": 1,
    "Actual Loops": 1,
    "Plans": [
      {
        "Node Type": "Gather",
        "Parent Relationship": "Outer",
        "Parallel Aware": false,
        "Startup Cost": 637239.2,
        "Total Cost": 637239.31,
        "Plan Rows": 1,
        "Plan Width": 8,
        "Actual Startup Time": 2923.915,
        "Actual Total Time": 2978.524,
        "Actual Rows": 2,
        "Actual Loops": 1,
        "Workers Planned": 1,
        "Workers Launched": 1,
        "Single Copy": false,
        "Plans": [
          {
            "Node Type": "Aggregate",
            "Strategy": "Plain",
            "Partial Mode": "Partial",
            "Parent Relationship": "Outer",
            "Parallel Aware": false,
            "Startup Cost": 636239.2,
            "Total Cost": 636239.21,
            "Plan Rows": 1,
            "Plan Width": 8,
            "Actual Startup Time": 2918.44,
            "Actual Total Time": 2918.988,
            "Actual Rows": 1,
            "Actual Loops": 2,
            "Plans": [
              {
                "Node Type": "Hash Join",
                "Parent Relationship": "Outer",
                "Parallel Aware": true,
                "Join Type": "Inner",
                "Startup Cost": 85699.16,
                "Total Cost": 634338.53,
                "Plan Rows": 760271,
                "Plan Width": 0,
                "Actual Startup Time": 1034.554,
                "Actual Total Time": 2830.93,
                "Actual Rows": 2126956,
                "Actual Loops": 2,
                "Inner Unique": false,
                "Hash Cond": "(ci.movie_id = t.id)",
                "Plans": [
                  {
                    "Node Type": "Seq Scan",
                    "Parent Relationship": "Outer",
                    "Parallel Aware": true,
                    "Relation Name": "cast_info",
                    "Alias": "ci",
                    "Startup Cost": 0.0,
                    "Total Cost": 519069.44,
                    "Plan Rows": 6692733,
                    "Plan Width": 4,
                    "Actual Startup Time": 584.548,
                    "Actual Total Time": 1292.213,
                    "Actual Rows": 5651265,
                    "Actual Loops": 2,
                    "Filter": "(person_id > 2570229)",
                    "Rows Removed by Filter": 12470907
                  },
                  {
                    "Node Type": "Hash",
                    "Parent Relationship": "Inner",
                    "Parallel Aware": true,
                    "Startup Cost": 83587.36,
                    "Total Cost": 83587.36,
                    "Plan Rows": 168944,
                    "Plan Width": 8,
                    "Actual Startup Time": 444.497,
                    "Actual Total Time": 445.044,
                    "Actual Rows": 243558,
                    "Actual Loops": 2,
                    "Hash Buckets": 524288,
                    "Original Hash Buckets": 524288,
                    "Hash Batches": 1,
                    "Original Hash Batches": 1,
                    "Peak Memory Usage": 23168,
                    "Plans": [
                      {
                        "Node Type": "Hash Join",
                        "Parent Relationship": "Outer",
                        "Parallel Aware": true,
                        "Join Type": "Inner",
                        "Startup Cost": 64076.11,
                        "Total Cost": 83587.36,
                        "Plan Rows": 168944,
                        "Plan Width": 8,
                        "Actual Startup Time": 240.787,
                        "Actual Total Time": 396.55,
                        "Actual Rows": 243558,
                        "Actual Loops": 2,
                        "Inner Unique": true,
                        "Hash Cond": "(mi_idx.movie_id = t.id)",
                        "Plans": [
                          {
                            "Node Type": "Seq Scan",
                            "Parent Relationship": "Outer",
                            "Parallel Aware": true,
                            "Relation Name": "movie_info_idx",
                            "Alias": "mi_idx",
                            "Startup Cost": 0.0,
                            "Total Cost": 18082.32,
                            "Plan Rows": 544356,
                            "Plan Width": 4,
                            "Actual Startup Time": 0.018,
                            "Actual Total Time": 61.759,
                            "Actual Rows": 460055,
                            "Actual Loops": 2,
                            "Filter": "(info_type_id > 99)",
                            "Rows Removed by Filter": 229962
                          },
                          {
                            "Node Type": "Hash",
                            "Parent Relationship": "Inner",
                            "Parallel Aware": true,
                            "Startup Cost": 58306.47,
                            "Total Cost": 58306.47,
                            "Plan Rows": 461571,
                            "Plan Width": 4,
                            "Actual Startup Time": 234.584,
                            "Actual Total Time": 234.585,
                            "Actual Rows": 344778,
                            "Actual Loops": 2,
                            "Hash Buckets": 1048576,
                            "Original Hash Buckets": 1048576,
                            "Hash Batches": 1,
                            "Original Hash Batches": 1,
                            "Peak Memory Usage": 35200,
                            "Plans": [
                              {
                                "Node Type": "Seq Scan",
                                "Parent Relationship": "Outer",
                                "Parallel Aware": true,
                                "Relation Name": "title",
                                "Alias": "t",
                                "Startup Cost": 0.0,
                                "Total Cost": 58306.47,
                                "Plan Rows": 461571,
                                "Plan Width": 4,
                                "Actual Startup Time": 0.038,
                                "Actual Total Time": 148.047,
                                "Actual Rows": 344778,
                                "Actual Loops": 2,
                                "Filter": "((kind_id < 7) AND (production_year > 1976))",
                                "Rows Removed by Filter": 919378
                              }
                            ]
                          }
                        ]
                      }
                    ]
                  }
                ]
              }
            ]
          }
        ]
      }
    ]
  },
  "Planning Time": 1.096,
  "Triggers": [],
  "Execution Time": 2978.633
}