[
    {
        "Bao": {
            "Bao prediction": 462.021,
            "Bao recommended hint": "(no hint)"
        }
    },
    {
        "Plan": {
            "Node Type": "Aggregate",
            "Strategy": "Plain",
            "Partial Mode": "Finalize",
            "Parallel Aware": false,
            "Startup Cost": 44670.35,
            "Total Cost": 44670.36,
            "Plan Rows": 1,
            "Plan Width": 8,
            "Actual Startup Time": 168.823,
            "Actual Total Time": 178.307,
            "Actual Rows": 1,
            "Actual Loops": 1,
            "Output": [
                "count(*)"
            ],
            "Plans": [
                {
                    "Node Type": "Gather",
                    "Parent Relationship": "Outer",
                    "Parallel Aware": false,
                    "Startup Cost": 44670.03,
                    "Total Cost": 44670.34,
                    "Plan Rows": 3,
                    "Plan Width": 8,
                    "Actual Startup Time": 168.701,
                    "Actual Total Time": 178.298,
                    "Actual Rows": 4,
                    "Actual Loops": 1,
                    "Output": [
                        "(PARTIAL count(*))"
                    ],
                    "Workers Planned": 3,
                    "Workers Launched": 3,
                    "Single Copy": false,
                    "Plans": [
                        {
                            "Node Type": "Aggregate",
                            "Strategy": "Plain",
                            "Partial Mode": "Partial",
                            "Parent Relationship": "Outer",
                            "Parallel Aware": false,
                            "Startup Cost": 43670.03,
                            "Total Cost": 43670.04,
                            "Plan Rows": 1,
                            "Plan Width": 8,
                            "Actual Startup Time": 160.654,
                            "Actual Total Time": 160.655,
                            "Actual Rows": 1,
                            "Actual Loops": 4,
                            "Output": [
                                "PARTIAL count(*)"
                            ],
                            "Workers": [
                                {
                                    "Worker Number": 0,
                                    "Actual Startup Time": 158.175,
                                    "Actual Total Time": 158.176,
                                    "Actual Rows": 1,
                                    "Actual Loops": 1
                                },
                                {
                                    "Worker Number": 1,
                                    "Actual Startup Time": 157.791,
                                    "Actual Total Time": 157.792,
                                    "Actual Rows": 1,
                                    "Actual Loops": 1
                                },
                                {
                                    "Worker Number": 2,
                                    "Actual Startup Time": 158.562,
                                    "Actual Total Time": 158.563,
                                    "Actual Rows": 1,
                                    "Actual Loops": 1
                                }
                            ],
                            "Plans": [
                                {
                                    "Node Type": "Seq Scan",
                                    "Parent Relationship": "Outer",
                                    "Parallel Aware": true,
                                    "Relation Name": "movie_keyword",
                                    "Schema": "public",
                                    "Alias": "mk",
                                    "Startup Cost": 0.0,
                                    "Total Cost": 42695.65,
                                    "Plan Rows": 389751,
                                    "Plan Width": 0,
                                    "Actual Startup Time": 2.908,
                                    "Actual Total Time": 138.667,
                                    "Actual Rows": 296074,
                                    "Actual Loops": 4,
                                    "Output": [
                                        "id",
                                        "movie_id",
                                        "keyword_id"
                                    ],
                                    "Filter": "(mk.keyword_id > 15700)",
                                    "Rows Removed by Filter": 834909,
                                    "Workers": [
                                        {
                                            "Worker Number": 0,
                                            "Actual Startup Time": 0.427,
                                            "Actual Total Time": 136.52,
                                            "Actual Rows": 279846,
                                            "Actual Loops": 1
                                        },
                                        {
                                            "Worker Number": 1,
                                            "Actual Startup Time": 0.058,
                                            "Actual Total Time": 136.295,
                                            "Actual Rows": 280071,
                                            "Actual Loops": 1
                                        },
                                        {
                                            "Worker Number": 2,
                                            "Actual Startup Time": 0.827,
                                            "Actual Total Time": 137.132,
                                            "Actual Rows": 277727,
                                            "Actual Loops": 1
                                        }
                                    ]
                                }
                            ]
                        }
                    ]
                }
            ]
        },
        "Planning Time": 2555.137,
        "Triggers": [],
        "Execution Time": 178.402
    }
]