[
  {
    "Plan": {
      "Node Type": "Aggregate",
      "Strategy": "Plain",
      "Partial Mode": "Finalize",
      "Parallel Aware": false,
      "Startup Cost": 306469.33,
      "Total Cost": 306469.34,
      "Plan Rows": 1,
      "Plan Width": 8,
      "Actual Startup Time": 4133.029,
      "Actual Total Time": 4215.211,
      "Actual Rows": 1,
      "Actual Loops": 1,
      "Plans": [
        {
          "Node Type": "Gather",
          "Parent Relationship": "Outer",
          "Parallel Aware": false,
          "Startup Cost": 306468.8,
          "Total Cost": 306469.31,
          "Plan Rows": 5,
          "Plan Width": 8,
          "Actual Startup Time": 4130.049,
          "Actual Total Time": 4215.2,
          "Actual Rows": 6,
          "Actual Loops": 1,
          "Workers Planned": 5,
          "Workers Launched": 5,
          "Single Copy": false,
          "Plans": [
            {
              "Node Type": "Aggregate",
              "Strategy": "Plain",
              "Partial Mode": "Partial",
              "Parent Relationship": "Outer",
              "Parallel Aware": false,
              "Startup Cost": 305468.8,
              "Total Cost": 305468.81,
              "Plan Rows": 1,
              "Plan Width": 8,
              "Actual Startup Time": 4122.591,
              "Actual Total Time": 4122.596,
              "Actual Rows": 1,
              "Actual Loops": 6,
              "Plans": [
                {
                  "Node Type": "Nested Loop",
                  "Parent Relationship": "Outer",
                  "Parallel Aware": false,
                  "Join Type": "Inner",
                  "Startup Cost": 68120.04,
                  "Total Cost": 304881.78,
                  "Plan Rows": 234809,
                  "Plan Width": 0,
                  "Actual Startup Time": 190.013,
                  "Actual Total Time": 3954.348,
                  "Actual Rows": 3107655,
                  "Actual Loops": 6,
                  "Inner Unique": false,
                  "Join Filter": "(t.id = ci.movie_id)",
                  "Rows Removed by Join Filter": 0,
                  "Plans": [
                    {
                      "Node Type": "Hash Join",
                      "Parent Relationship": "Outer",
                      "Parallel Aware": true,
                      "Join Type": "Inner",
                      "Startup Cost": 68119.48,
                      "Total Cost": 233763.68,
                      "Plan Rows": 25210,
                      "Plan Width": 8,
                      "Actual Startup Time": 189.379,
                      "Actual Total Time": 314.344,
                      "Actual Rows": 76884,
                      "Actual Loops": 6,
                      "Inner Unique": true,
                      "Hash Cond": "(mi.movie_id = t.id)",
                      "Plans": [
                        {
                          "Node Type": "Bitmap Heap Scan",
                          "Parent Relationship": "Outer",
                          "Parallel Aware": true,
                          "Relation Name": "movie_info",
                          "Alias": "mi",
                          "Startup Cost": 21814.75,
                          "Total Cost": 186825.28,
                          "Plan Rows": 241402,
                          "Plan Width": 4,
                          "Actual Startup Time": 73.778,
                          "Actual Total Time": 133.341,
                          "Actual Rows": 200785,
                          "Actual Loops": 6,
                          "Recheck Cond": "(info_type_id > 18)",
                          "Rows Removed by Index Recheck": 0,
                          "Exact Heap Blocks": 6904,
                          "Lossy Heap Blocks": 0,
                          "Plans": [
                            {
                              "Node Type": "Bitmap Index Scan",
                              "Parent Relationship": "Outer",
                              "Parallel Aware": false,
                              "Index Name": "info_type_id_movie_info",
                              "Startup Cost": 0.0,
                              "Total Cost": 21513.0,
                              "Plan Rows": 1207009,
                              "Plan Width": 0,
                              "Actual Startup Time": 64.939,
                              "Actual Total Time": 64.941,
                              "Actual Rows": 1204709,
                              "Actual Loops": 1,
                              "Index Cond": "(info_type_id > 18)"
                            }
                          ]
                        },
                        {
                          "Node Type": "Hash",
                          "Parent Relationship": "Inner",
                          "Parallel Aware": true,
                          "Startup Cost": 45479.59,
                          "Total Cost": 45479.59,
                          "Plan Rows": 66011,
                          "Plan Width": 4,
                          "Actual Startup Time": 113.957,
                          "Actual Total Time": 113.958,
                          "Actual Rows": 62366,
                          "Actual Loops": 6,
                          "Hash Buckets": 524288,
                          "Original Hash Buckets": 524288,
                          "Hash Batches": 1,
                          "Original Hash Batches": 1,
                          "Peak Memory Usage": 18880,
                          "Plans": [
                            {
                              "Node Type": "Seq Scan",
                              "Parent Relationship": "Outer",
                              "Parallel Aware": true,
                              "Relation Name": "title",
                              "Alias": "t",
                              "Startup Cost": 0.0,
                              "Total Cost": 45479.59,
                              "Plan Rows": 66011,
                              "Plan Width": 4,
                              "Actual Startup Time": 49.257,
                              "Actual Total Time": 87.329,
                              "Actual Rows": 62366,
                              "Actual Loops": 6,
                              "Filter": "((production_year < 2000) AND (kind_id = 1))",
                              "Rows Removed by Filter": 359019
                            }
                          ]
                        }
                      ]
                    },
                    {
                      "Node Type": "Index Scan",
                      "Parent Relationship": "Inner",
                      "Parallel Aware": false,
                      "Scan Direction": "Forward",
                      "Index Name": "movie_id_cast_info",
                      "Relation Name": "cast_info",
                      "Alias": "ci",
                      "Startup Cost": 0.56,
                      "Total Cost": 2.53,
                      "Plan Rows": 23,
                      "Plan Width": 4,
                      "Actual Startup Time": 0.02,
                      "Actual Total Time": 0.043,
                      "Actual Rows": 40,
                      "Actual Loops": 461305,
                      "Index Cond": "(movie_id = mi.movie_id)",
                      "Rows Removed by Index Recheck": 0,
                      "Filter": "(role_id > 1)",
                      "Rows Removed by Filter": 27
                    }
                  ]
                }
              ]
            }
          ]
        }
      ]
    },
    "Planning Time": 0.587,
    "Triggers": [],
    "Execution Time": 4215.292
  }
]