{
  "Plan": {
    "Node Type": "Aggregate",
    "Strategy": "Plain",
    "Partial Mode": "Finalize",
    "Parallel Aware": false,
    "Startup Cost": 590237.29,
    "Total Cost": 590237.3,
    "Plan Rows": 1,
    "Plan Width": 8,
    "Actual Startup Time": 4615.387,
    "Actual Total Time": 4641.493,
    "Actual Rows": 1,
    "Actual Loops": 1,
    "Plans": [
      {
        "Node Type": "Gather",
        "Parent Relationship": "Outer",
        "Parallel Aware": false,
        "Startup Cost": 590237.18,
        "Total Cost": 590237.29,
        "Plan Rows": 1,
        "Plan Width": 8,
        "Actual Startup Time": 4609.569,
        "Actual Total Time": 4641.483,
        "Actual Rows": 2,
        "Actual Loops": 1,
        "Workers Planned": 1,
        "Workers Launched": 1,
        "Single Copy": false,
        "Plans": [
          {
            "Node Type": "Aggregate",
            "Strategy": "Plain",
            "Partial Mode": "Partial",
            "Parent Relationship": "Outer",
            "Parallel Aware": false,
            "Startup Cost": 589237.18,
            "Total Cost": 589237.19,
            "Plan Rows": 1,
            "Plan Width": 8,
            "Actual Startup Time": 4597.171,
            "Actual Total Time": 4598.277,
            "Actual Rows": 1,
            "Actual Loops": 2,
            "Plans": [
              {
                "Node Type": "Hash Join",
                "Parent Relationship": "Outer",
                "Parallel Aware": true,
                "Join Type": "Inner",
                "Startup Cost": 509527.78,
                "Total Cost": 583670.49,
                "Plan Rows": 2226676,
                "Plan Width": 0,
                "Actual Startup Time": 2296.314,
                "Actual Total Time": 3911.321,
                "Actual Rows": 16437614,
                "Actual Loops": 2,
                "Inner Unique": false,
                "Hash Cond": "(mk.movie_id = t.id)",
                "Plans": [
                  {
                    "Node Type": "Seq Scan",
                    "Parent Relationship": "Outer",
                    "Parallel Aware": true,
                    "Relation Name": "movie_keyword",
                    "Alias": "mk",
                    "Startup Cost": 0.0,
                    "Total Cost": 51065.35,
                    "Plan Rows": 2661135,
                    "Plan Width": 4,
                    "Actual Startup Time": 0.024,
                    "Actual Total Time": 162.039,
                    "Actual Rows": 2261965,
                    "Actual Loops": 2
                  },
                  {
                    "Node Type": "Hash",
                    "Parent Relationship": "Inner",
                    "Parallel Aware": true,
                    "Startup Cost": 493972.46,
                    "Total Cost": 493972.46,
                    "Plan Rows": 1244425,
                    "Plan Width": 8,
                    "Actual Startup Time": 2273.804,
                    "Actual Total Time": 2274.908,
                    "Actual Rows": 1208133,
                    "Actual Loops": 2,
                    "Hash Buckets": 4194304,
                    "Original Hash Buckets": 4194304,
                    "Hash Batches": 1,
                    "Original Hash Batches": 1,
                    "Peak Memory Usage": 127328,
                    "Plans": [
                      {
                        "Node Type": "Hash Join",
                        "Parent Relationship": "Outer",
                        "Parallel Aware": true,
                        "Join Type": "Inner",
                        "Startup Cost": 190729.91,
                        "Total Cost": 493972.46,
                        "Plan Rows": 1244425,
                        "Plan Width": 8,
                        "Actual Startup Time": 622.964,
                        "Actual Total Time": 1866.037,
                        "Actual Rows": 1208133,
                        "Actual Loops": 2,
                        "Inner Unique": true,
                        "Hash Cond": "(ci.movie_id = t.id)",
                        "Plans": [
                          {
                            "Node Type": "Bitmap Heap Scan",
                            "Parent Relationship": "Outer",
                            "Parallel Aware": true,
                            "Relation Name": "cast_info",
                            "Alias": "ci",
                            "Startup Cost": 125502.2,
                            "Total Cost": 419970.65,
                            "Plan Rows": 3342515,
                            "Plan Width": 4,
                            "Actual Startup Time": 327.718,
                            "Actual Total Time": 657.85,
                            "Actual Rows": 2910321,
                            "Actual Loops": 2,
                            "Recheck Cond": "(person_id < 563785)",
                            "Rows Removed by Index Recheck": 0,
                            "Exact Heap Blocks": 31775,
                            "Lossy Heap Blocks": 0,
                            "Plans": [
                              {
                                "Node Type": "Bitmap Index Scan",
                                "Parent Relationship": "Outer",
                                "Parallel Aware": false,
                                "Index Name": "person_id_cast_info",
                                "Startup Cost": 0.0,
                                "Total Cost": 124081.64,
                                "Plan Rows": 5682276,
                                "Plan Width": 0,
                                "Actual Startup Time": 317.186,
                                "Actual Total Time": 317.187,
                                "Actual Rows": 5820642,
                                "Actual Loops": 1,
                                "Index Cond": "(person_id < 563785)"
                              }
                            ]
                          },
                          {
                            "Node Type": "Hash",
                            "Parent Relationship": "Inner",
                            "Parallel Aware": true,
                            "Startup Cost": 58306.47,
                            "Total Cost": 58306.47,
                            "Plan Rows": 553699,
                            "Plan Width": 4,
                            "Actual Startup Time": 292.136,
                            "Actual Total Time": 292.137,
                            "Actual Rows": 458966,
                            "Actual Loops": 2,
                            "Hash Buckets": 1048576,
                            "Original Hash Buckets": 1048576,
                            "Hash Batches": 1,
                            "Original Hash Batches": 1,
                            "Peak Memory Usage": 44128,
                            "Plans": [
                              {
                                "Node Type": "Seq Scan",
                                "Parent Relationship": "Outer",
                                "Parallel Aware": true,
                                "Relation Name": "title",
                                "Alias": "t",
                                "Startup Cost": 0.0,
                                "Total Cost": 58306.47,
                                "Plan Rows": 553699,
                                "Plan Width": 4,
                                "Actual Startup Time": 0.037,
                                "Actual Total Time": 162.122,
                                "Actual Rows": 458966,
                                "Actual Loops": 2,
                                "Filter": "((kind_id < 7) AND (production_year > 1914))",
                                "Rows Removed by Filter": 805190
                              }
                            ]
                          }
                        ]
                      }
                    ]
                  }
                ]
              }
            ]
          }
        ]
      }
    ]
  },
  "Planning Time": 0.922,
  "Triggers": [],
  "Execution Time": 4641.605
}