{
  "Plan": {
    "Node Type": "Aggregate",
    "Strategy": "Plain",
    "Partial Mode": "Finalize",
    "Parallel Aware": false,
    "Startup Cost": 275387.16,
    "Total Cost": 275387.17,
    "Plan Rows": 1,
    "Plan Width": 8,
    "Actual Startup Time": 1016.598,
    "Actual Total Time": 1068.213,
    "Actual Rows": 1,
    "Actual Loops": 1,
    "Plans": [
      {
        "Node Type": "Gather",
        "Parent Relationship": "Outer",
        "Parallel Aware": false,
        "Startup Cost": 275387.05,
        "Total Cost": 275387.16,
        "Plan Rows": 1,
        "Plan Width": 8,
        "Actual Startup Time": 1015.665,
        "Actual Total Time": 1068.205,
        "Actual Rows": 2,
        "Actual Loops": 1,
        "Workers Planned": 1,
        "Workers Launched": 1,
        "Single Copy": false,
        "Plans": [
          {
            "Node Type": "Aggregate",
            "Strategy": "Plain",
            "Partial Mode": "Partial",
            "Parent Relationship": "Outer",
            "Parallel Aware": false,
            "Startup Cost": 274387.05,
            "Total Cost": 274387.06,
            "Plan Rows": 1,
            "Plan Width": 8,
            "Actual Startup Time": 1009.353,
            "Actual Total Time": 1009.357,
            "Actual Rows": 1,
            "Actual Loops": 2,
            "Plans": [
              {
                "Node Type": "Nested Loop",
                "Parent Relationship": "Outer",
                "Parallel Aware": false,
                "Join Type": "Inner",
                "Startup Cost": 31783.48,
                "Total Cost": 274281.09,
                "Plan Rows": 42384,
                "Plan Width": 0,
                "Actual Startup Time": 129.127,
                "Actual Total Time": 1004.68,
                "Actual Rows": 64488,
                "Actual Loops": 2,
                "Inner Unique": false,
                "Plans": [
                  {
                    "Node Type": "Hash Join",
                    "Parent Relationship": "Outer",
                    "Parallel Aware": true,
                    "Join Type": "Inner",
                    "Startup Cost": 31783.04,
                    "Total Cost": 90632.39,
                    "Plan Rows": 85009,
                    "Plan Width": 8,
                    "Actual Startup Time": 129.037,
                    "Actual Total Time": 378.936,
                    "Actual Rows": 65098,
                    "Actual Loops": 2,
                    "Inner Unique": false,
                    "Hash Cond": "(t.id = mc.movie_id)",
                    "Plans": [
                      {
                        "Node Type": "Seq Scan",
                        "Parent Relationship": "Outer",
                        "Parallel Aware": true,
                        "Relation Name": "title",
                        "Alias": "t",
                        "Startup Cost": 0.0,
                        "Total Cost": 54588.39,
                        "Plan Rows": 601746,
                        "Plan Width": 4,
                        "Actual Startup Time": 0.014,
                        "Actual Total Time": 139.728,
                        "Actual Rows": 506460,
                        "Actual Loops": 2,
                        "Filter": "(production_year > 2005)",
                        "Rows Removed by Filter": 757696
                      },
                      {
                        "Node Type": "Hash",
                        "Parent Relationship": "Inner",
                        "Parallel Aware": true,
                        "Startup Cost": 29156.78,
                        "Total Cost": 29156.78,
                        "Plan Rows": 210101,
                        "Plan Width": 4,
                        "Actual Startup Time": 105.138,
                        "Actual Total Time": 105.14,
                        "Actual Rows": 179524,
                        "Actual Loops": 2,
                        "Hash Buckets": 524288,
                        "Original Hash Buckets": 524288,
                        "Hash Batches": 1,
                        "Original Hash Batches": 1,
                        "Peak Memory Usage": 18176,
                        "Plans": [
                          {
                            "Node Type": "Bitmap Heap Scan",
                            "Parent Relationship": "Outer",
                            "Parallel Aware": true,
                            "Relation Name": "movie_companies",
                            "Alias": "mc",
                            "Startup Cost": 7740.51,
                            "Total Cost": 29156.78,
                            "Plan Rows": 210101,
                            "Plan Width": 4,
                            "Actual Startup Time": 28.185,
                            "Actual Total Time": 67.003,
                            "Actual Rows": 179524,
                            "Actual Loops": 2,
                            "Recheck Cond": "(company_id > 87141)",
                            "Rows Removed by Index Recheck": 0,
                            "Exact Heap Blocks": 3646,
                            "Lossy Heap Blocks": 0,
                            "Plans": [
                              {
                                "Node Type": "Bitmap Index Scan",
                                "Parent Relationship": "Outer",
                                "Parallel Aware": false,
                                "Index Name": "company_id_movie_companies",
                                "Startup Cost": 0.0,
                                "Total Cost": 7651.22,
                                "Plan Rows": 357172,
                                "Plan Width": 0,
                                "Actual Startup Time": 27.437,
                                "Actual Total Time": 27.437,
                                "Actual Rows": 359049,
                                "Actual Loops": 1,
                                "Index Cond": "(company_id > 87141)"
                              }
                            ]
                          }
                        ]
                      }
                    ]
                  },
                  {
                    "Node Type": "Index Scan",
                    "Parent Relationship": "Inner",
                    "Parallel Aware": false,
                    "Scan Direction": "Forward",
                    "Index Name": "movie_id_movie_info",
                    "Relation Name": "movie_info",
                    "Alias": "mi",
                    "Startup Cost": 0.43,
                    "Total Cost": 2.12,
                    "Plan Rows": 4,
                    "Plan Width": 4,
                    "Actual Startup Time": 0.008,
                    "Actual Total Time": 0.009,
                    "Actual Rows": 1,
                    "Actual Loops": 130196,
                    "Index Cond": "(movie_id = t.id)",
                    "Rows Removed by Index Recheck": 0,
                    "Filter": "(info_type_id = 2)",
                    "Rows Removed by Filter": 16
                  }
                ]
              }
            ]
          }
        ]
      }
    ]
  },
  "Planning Time": 1.1,
  "Triggers": [],
  "Execution Time": 1068.335
}