{
  "Plan": {
    "Node Type": "Aggregate",
    "Strategy": "Plain",
    "Partial Mode": "Finalize",
    "Parallel Aware": false,
    "Startup Cost": 290968.7,
    "Total Cost": 290968.71,
    "Plan Rows": 1,
    "Plan Width": 8,
    "Actual Startup Time": 153.906,
    "Actual Total Time": 175.458,
    "Actual Rows": 1,
    "Actual Loops": 1,
    "Plans": [
      {
        "Node Type": "Gather",
        "Parent Relationship": "Outer",
        "Parallel Aware": false,
        "Startup Cost": 290968.58,
        "Total Cost": 290968.69,
        "Plan Rows": 1,
        "Plan Width": 8,
        "Actual Startup Time": 153.719,
        "Actual Total Time": 175.451,
        "Actual Rows": 2,
        "Actual Loops": 1,
        "Workers Planned": 1,
        "Workers Launched": 1,
        "Single Copy": false,
        "Plans": [
          {
            "Node Type": "Aggregate",
            "Strategy": "Plain",
            "Partial Mode": "Partial",
            "Parent Relationship": "Outer",
            "Parallel Aware": false,
            "Startup Cost": 289968.58,
            "Total Cost": 289968.59,
            "Plan Rows": 1,
            "Plan Width": 8,
            "Actual Startup Time": 147.605,
            "Actual Total Time": 147.607,
            "Actual Rows": 1,
            "Actual Loops": 2,
            "Plans": [
              {
                "Node Type": "Nested Loop",
                "Parent Relationship": "Outer",
                "Parallel Aware": false,
                "Join Type": "Inner",
                "Startup Cost": 1824.56,
                "Total Cost": 289895.84,
                "Plan Rows": 29096,
                "Plan Width": 0,
                "Actual Startup Time": 17.265,
                "Actual Total Time": 144.902,
                "Actual Rows": 38195,
                "Actual Loops": 2,
                "Inner Unique": false,
                "Plans": [
                  {
                    "Node Type": "Bitmap Heap Scan",
                    "Parent Relationship": "Outer",
                    "Parallel Aware": true,
                    "Relation Name": "title",
                    "Alias": "t",
                    "Startup Cost": 1824.0,
                    "Total Cost": 38724.0,
                    "Plan Rows": 2031,
                    "Plan Width": 4,
                    "Actual Startup Time": 17.081,
                    "Actual Total Time": 38.042,
                    "Actual Rows": 1818,
                    "Actual Loops": 2,
                    "Recheck Cond": "(kind_id = 3)",
                    "Rows Removed by Index Recheck": 0,
                    "Filter": "(production_year = 2004)",
                    "Rows Removed by Filter": 48450,
                    "Exact Heap Blocks": 9983,
                    "Lossy Heap Blocks": 0,
                    "Plans": [
                      {
                        "Node Type": "Bitmap Index Scan",
                        "Parent Relationship": "Outer",
                        "Parallel Aware": false,
                        "Index Name": "kind_id_title",
                        "Startup Cost": 0.0,
                        "Total Cost": 1823.13,
                        "Plan Rows": 102227,
                        "Plan Width": 0,
                        "Actual Startup Time": 17.587,
                        "Actual Total Time": 17.587,
                        "Actual Rows": 100537,
                        "Actual Loops": 1,
                        "Index Cond": "(kind_id = 3)"
                      }
                    ]
                  },
                  {
                    "Node Type": "Index Only Scan",
                    "Parent Relationship": "Inner",
                    "Parallel Aware": false,
                    "Scan Direction": "Forward",
                    "Index Name": "movie_id_cast_info",
                    "Relation Name": "cast_info",
                    "Alias": "ci",
                    "Startup Cost": 0.56,
                    "Total Cost": 123.3,
                    "Plan Rows": 37,
                    "Plan Width": 4,
                    "Actual Startup Time": 0.011,
                    "Actual Total Time": 0.057,
                    "Actual Rows": 21,
                    "Actual Loops": 3637,
                    "Index Cond": "(movie_id = t.id)",
                    "Rows Removed by Index Recheck": 0,
                    "Heap Fetches": 76390
                  }
                ]
              }
            ]
          }
        ]
      }
    ]
  },
  "Planning Time": 0.459,
  "Triggers": [],
  "Execution Time": 175.553
}