[
  {
    "Plan": {
      "Node Type": "Aggregate",
      "Strategy": "Plain",
      "Partial Mode": "Finalize",
      "Parallel Aware": false,
      "Startup Cost": 28897.13,
      "Total Cost": 28897.14,
      "Plan Rows": 1,
      "Plan Width": 8,
      "Actual Startup Time": 37.217,
      "Actual Total Time": 42.079,
      "Actual Rows": 1,
      "Actual Loops": 1,
      "Plans": [
        {
          "Node Type": "Gather",
          "Parent Relationship": "Outer",
          "Parallel Aware": false,
          "Startup Cost": 28896.81,
          "Total Cost": 28897.12,
          "Plan Rows": 3,
          "Plan Width": 8,
          "Actual Startup Time": 36.947,
          "Actual Total Time": 42.072,
          "Actual Rows": 4,
          "Actual Loops": 1,
          "Workers Planned": 3,
          "Workers Launched": 3,
          "Single Copy": false,
          "Plans": [
            {
              "Node Type": "Aggregate",
              "Strategy": "Plain",
              "Partial Mode": "Partial",
              "Parent Relationship": "Outer",
              "Parallel Aware": false,
              "Startup Cost": 27896.81,
              "Total Cost": 27896.82,
              "Plan Rows": 1,
              "Plan Width": 8,
              "Actual Startup Time": 28.337,
              "Actual Total Time": 28.339,
              "Actual Rows": 1,
              "Actual Loops": 4,
              "Plans": [
                {
                  "Node Type": "Nested Loop",
                  "Parent Relationship": "Outer",
                  "Parallel Aware": false,
                  "Join Type": "Inner",
                  "Startup Cost": 235.0,
                  "Total Cost": 27896.52,
                  "Plan Rows": 117,
                  "Plan Width": 0,
                  "Actual Startup Time": 8.535,
                  "Actual Total Time": 28.294,
                  "Actual Rows": 176,
                  "Actual Loops": 4,
                  "Inner Unique": false,
                  "Plans": [
                    {
                      "Node Type": "Bitmap Heap Scan",
                      "Parent Relationship": "Outer",
                      "Parallel Aware": true,
                      "Relation Name": "title",
                      "Alias": "t",
                      "Startup Cost": 234.57,
                      "Total Cost": 26141.86,
                      "Plan Rows": 215,
                      "Plan Width": 4,
                      "Actual Startup Time": 7.701,
                      "Actual Total Time": 25.515,
                      "Actual Rows": 107,
                      "Actual Loops": 4,
                      "Recheck Cond": "(kind_id = 6)",
                      "Rows Removed by Index Recheck": 0,
                      "Filter": "(production_year = 2009)",
                      "Rows Removed by Filter": 3043,
                      "Exact Heap Blocks": 6100,
                      "Lossy Heap Blocks": 0,
                      "Plans": [
                        {
                          "Node Type": "Bitmap Index Scan",
                          "Parent Relationship": "Outer",
                          "Parallel Aware": false,
                          "Index Name": "kind_id_title",
                          "Startup Cost": 0.0,
                          "Total Cost": 234.4,
                          "Plan Rows": 13063,
                          "Plan Width": 0,
                          "Actual Startup Time": 9.552,
                          "Actual Total Time": 9.553,
                          "Actual Rows": 12600,
                          "Actual Loops": 1,
                          "Index Cond": "(kind_id = 6)"
                        }
                      ]
                    },
                    {
                      "Node Type": "Index Only Scan",
                      "Parent Relationship": "Inner",
                      "Parallel Aware": false,
                      "Scan Direction": "Forward",
                      "Index Name": "movie_id_movie_info_idx",
                      "Relation Name": "movie_info_idx",
                      "Alias": "mi_idx",
                      "Startup Cost": 0.43,
                      "Total Cost": 8.13,
                      "Plan Rows": 3,
                      "Plan Width": 4,
                      "Actual Startup Time": 0.024,
                      "Actual Total Time": 0.025,
                      "Actual Rows": 2,
                      "Actual Loops": 427,
                      "Index Cond": "(movie_id = t.id)",
                      "Rows Removed by Index Recheck": 0,
                      "Heap Fetches": 702
                    }
                  ]
                }
              ]
            }
          ]
        }
      ]
    },
    "Planning Time": 0.603,
    "Triggers": [],
    "Execution Time": 42.165
  }
]