[
    {
        "Bao": {
            "Bao prediction": "NaN",
            "Bao recommended hint": "(no hint)"
        }
    },
    {
        "Plan": {
            "Node Type": "Aggregate",
            "Strategy": "Plain",
            "Partial Mode": "Finalize",
            "Parallel Aware": false,
            "Startup Cost": 33016.42,
            "Total Cost": 33016.43,
            "Plan Rows": 1,
            "Plan Width": 8,
            "Actual Startup Time": 92.147,
            "Actual Total Time": 96.15,
            "Actual Rows": 1,
            "Actual Loops": 1,
            "Output": [
                "count(*)"
            ],
            "Plans": [
                {
                    "Node Type": "Gather",
                    "Parent Relationship": "Outer",
                    "Parallel Aware": false,
                    "Startup Cost": 33016.1,
                    "Total Cost": 33016.41,
                    "Plan Rows": 3,
                    "Plan Width": 8,
                    "Actual Startup Time": 92.06,
                    "Actual Total Time": 96.145,
                    "Actual Rows": 4,
                    "Actual Loops": 1,
                    "Output": [
                        "(PARTIAL count(*))"
                    ],
                    "Workers Planned": 3,
                    "Workers Launched": 3,
                    "Single Copy": false,
                    "Plans": [
                        {
                            "Node Type": "Aggregate",
                            "Strategy": "Plain",
                            "Partial Mode": "Partial",
                            "Parent Relationship": "Outer",
                            "Parallel Aware": false,
                            "Startup Cost": 32016.1,
                            "Total Cost": 32016.11,
                            "Plan Rows": 1,
                            "Plan Width": 8,
                            "Actual Startup Time": 83.975,
                            "Actual Total Time": 83.976,
                            "Actual Rows": 1,
                            "Actual Loops": 4,
                            "Output": [
                                "PARTIAL count(*)"
                            ],
                            "Workers": [
                                {
                                    "Worker Number": 0,
                                    "Actual Startup Time": 81.159,
                                    "Actual Total Time": 81.16,
                                    "Actual Rows": 1,
                                    "Actual Loops": 1
                                },
                                {
                                    "Worker Number": 1,
                                    "Actual Startup Time": 81.163,
                                    "Actual Total Time": 81.163,
                                    "Actual Rows": 1,
                                    "Actual Loops": 1
                                },
                                {
                                    "Worker Number": 2,
                                    "Actual Startup Time": 81.791,
                                    "Actual Total Time": 81.792,
                                    "Actual Rows": 1,
                                    "Actual Loops": 1
                                }
                            ],
                            "Plans": [
                                {
                                    "Node Type": "Seq Scan",
                                    "Parent Relationship": "Outer",
                                    "Parallel Aware": true,
                                    "Relation Name": "movie_companies",
                                    "Schema": "public",
                                    "Alias": "mc",
                                    "Startup Cost": 0.0,
                                    "Total Cost": 31414.82,
                                    "Plan Rows": 240513,
                                    "Plan Width": 0,
                                    "Actual Startup Time": 41.442,
                                    "Actual Total Time": 74.421,
                                    "Actual Rows": 240512,
                                    "Actual Loops": 4,
                                    "Output": [
                                        "id",
                                        "movie_id",
                                        "company_id",
                                        "company_type_id",
                                        "note"
                                    ],
                                    "Filter": "((mc.company_id > 8781) AND (mc.company_type_id > 1))",
                                    "Rows Removed by Filter": 411770,
                                    "Workers": [
                                        {
                                            "Worker Number": 0,
                                            "Actual Startup Time": 38.635,
                                            "Actual Total Time": 71.777,
                                            "Actual Rows": 231818,
                                            "Actual Loops": 1
                                        },
                                        {
                                            "Worker Number": 1,
                                            "Actual Startup Time": 38.621,
                                            "Actual Total Time": 71.719,
                                            "Actual Rows": 230106,
                                            "Actual Loops": 1
                                        },
                                        {
                                            "Worker Number": 2,
                                            "Actual Startup Time": 39.259,
                                            "Actual Total Time": 72.445,
                                            "Actual Rows": 230669,
                                            "Actual Loops": 1
                                        }
                                    ]
                                }
                            ]
                        }
                    ]
                }
            ]
        },
        "Planning Time": 182.024,
        "Triggers": [],
        "Execution Time": 96.2
    }
]