[
  {
    "Plan": {
      "Node Type": "Aggregate",
      "Strategy": "Plain",
      "Partial Mode": "Finalize",
      "Parallel Aware": false,
      "Startup Cost": 604247.18,
      "Total Cost": 604247.19,
      "Plan Rows": 1,
      "Plan Width": 8,
      "Actual Startup Time": 1979.445,
      "Actual Total Time": 2079.413,
      "Actual Rows": 1,
      "Actual Loops": 1,
      "Plans": [
        {
          "Node Type": "Gather",
          "Parent Relationship": "Outer",
          "Parallel Aware": false,
          "Startup Cost": 604246.66,
          "Total Cost": 604247.17,
          "Plan Rows": 5,
          "Plan Width": 8,
          "Actual Startup Time": 1969.995,
          "Actual Total Time": 2079.402,
          "Actual Rows": 6,
          "Actual Loops": 1,
          "Workers Planned": 5,
          "Workers Launched": 5,
          "Single Copy": false,
          "Plans": [
            {
              "Node Type": "Aggregate",
              "Strategy": "Plain",
              "Partial Mode": "Partial",
              "Parent Relationship": "Outer",
              "Parallel Aware": false,
              "Startup Cost": 603246.66,
              "Total Cost": 603246.67,
              "Plan Rows": 1,
              "Plan Width": 8,
              "Actual Startup Time": 1956.006,
              "Actual Total Time": 1956.051,
              "Actual Rows": 1,
              "Actual Loops": 6,
              "Plans": [
                {
                  "Node Type": "Hash Join",
                  "Parent Relationship": "Outer",
                  "Parallel Aware": true,
                  "Join Type": "Inner",
                  "Startup Cost": 395191.06,
                  "Total Cost": 600002.14,
                  "Plan Rows": 1297807,
                  "Plan Width": 0,
                  "Actual Startup Time": 896.693,
                  "Actual Total Time": 1837.348,
                  "Actual Rows": 2983011,
                  "Actual Loops": 6,
                  "Inner Unique": false,
                  "Hash Cond": "(mi.movie_id = t.id)",
                  "Plans": [
                    {
                      "Node Type": "Seq Scan",
                      "Parent Relationship": "Outer",
                      "Parallel Aware": true,
                      "Relation Name": "movie_info",
                      "Alias": "mi",
                      "Startup Cost": 0.0,
                      "Total Cost": 191560.33,
                      "Plan Rows": 2956733,
                      "Plan Width": 4,
                      "Actual Startup Time": 0.028,
                      "Actual Total Time": 296.882,
                      "Actual Rows": 2472620,
                      "Actual Loops": 6
                    },
                    {
                      "Node Type": "Hash",
                      "Parent Relationship": "Inner",
                      "Parallel Aware": true,
                      "Startup Cost": 392879.08,
                      "Total Cost": 392879.08,
                      "Plan Rows": 184958,
                      "Plan Width": 8,
                      "Actual Startup Time": 878.385,
                      "Actual Total Time": 878.428,
                      "Actual Rows": 83521,
                      "Actual Loops": 6,
                      "Hash Buckets": 2097152,
                      "Original Hash Buckets": 2097152,
                      "Hash Batches": 1,
                      "Original Hash Batches": 1,
                      "Peak Memory Usage": 36096,
                      "Plans": [
                        {
                          "Node Type": "Hash Join",
                          "Parent Relationship": "Outer",
                          "Parallel Aware": true,
                          "Join Type": "Inner",
                          "Startup Cost": 46876.05,
                          "Total Cost": 392879.08,
                          "Plan Rows": 184958,
                          "Plan Width": 8,
                          "Actual Startup Time": 327.048,
                          "Actual Total Time": 833.059,
                          "Actual Rows": 83521,
                          "Actual Loops": 6,
                          "Inner Unique": true,
                          "Hash Cond": "(ci.movie_id = t.id)",
                          "Plans": [
                            {
                              "Node Type": "Seq Scan",
                              "Parent Relationship": "Outer",
                              "Parallel Aware": true,
                              "Relation Name": "cast_info",
                              "Alias": "ci",
                              "Startup Cost": 0.0,
                              "Total Cost": 343257.03,
                              "Plan Rows": 1046096,
                              "Plan Width": 4,
                              "Actual Startup Time": 219.028,
                              "Actual Total Time": 624.197,
                              "Actual Rows": 452077,
                              "Actual Loops": 6,
                              "Filter": "((person_id < 949025) AND (role_id > 1))",
                              "Rows Removed by Filter": 5588647
                            },
                            {
                              "Node Type": "Hash",
                              "Parent Relationship": "Inner",
                              "Parallel Aware": true,
                              "Startup Cost": 45479.1,
                              "Total Cost": 45479.1,
                              "Plan Rows": 111756,
                              "Plan Width": 4,
                              "Actual Startup Time": 106.234,
                              "Actual Total Time": 106.235,
                              "Actual Rows": 54182,
                              "Actual Loops": 6,
                              "Hash Buckets": 524288,
                              "Original Hash Buckets": 524288,
                              "Hash Batches": 1,
                              "Original Hash Batches": 1,
                              "Peak Memory Usage": 16896,
                              "Plans": [
                                {
                                  "Node Type": "Seq Scan",
                                  "Parent Relationship": "Outer",
                                  "Parallel Aware": true,
                                  "Relation Name": "title",
                                  "Alias": "t",
                                  "Startup Cost": 0.0,
                                  "Total Cost": 45479.1,
                                  "Plan Rows": 111756,
                                  "Plan Width": 4,
                                  "Actual Startup Time": 45.561,
                                  "Actual Total Time": 84.175,
                                  "Actual Rows": 54182,
                                  "Actual Loops": 6,
                                  "Filter": "((production_year > 1992) AND (kind_id = 1))",
                                  "Rows Removed by Filter": 367204
                                }
                              ]
                            }
                          ]
                        }
                      ]
                    }
                  ]
                }
              ]
            }
          ]
        }
      ]
    },
    "Planning Time": 1.425,
    "Triggers": [],
    "Execution Time": 2079.566
  }
]