[
  {
    "Plan": {
      "Node Type": "Aggregate",
      "Strategy": "Plain",
      "Partial Mode": "Finalize",
      "Parallel Aware": false,
      "Startup Cost": 330858.81,
      "Total Cost": 330858.82,
      "Plan Rows": 1,
      "Plan Width": 8,
      "Actual Startup Time": 560.047,
      "Actual Total Time": 614.348,
      "Actual Rows": 1,
      "Actual Loops": 1,
      "Plans": [
        {
          "Node Type": "Gather",
          "Parent Relationship": "Outer",
          "Parallel Aware": false,
          "Startup Cost": 330858.18,
          "Total Cost": 330858.79,
          "Plan Rows": 6,
          "Plan Width": 8,
          "Actual Startup Time": 559.922,
          "Actual Total Time": 614.337,
          "Actual Rows": 7,
          "Actual Loops": 1,
          "Workers Planned": 6,
          "Workers Launched": 6,
          "Single Copy": false,
          "Plans": [
            {
              "Node Type": "Aggregate",
              "Strategy": "Plain",
              "Partial Mode": "Partial",
              "Parent Relationship": "Outer",
              "Parallel Aware": false,
              "Startup Cost": 329858.18,
              "Total Cost": 329858.19,
              "Plan Rows": 1,
              "Plan Width": 8,
              "Actual Startup Time": 551.18,
              "Actual Total Time": 551.181,
              "Actual Rows": 1,
              "Actual Loops": 7,
              "Plans": [
                {
                  "Node Type": "Seq Scan",
                  "Parent Relationship": "Outer",
                  "Parallel Aware": true,
                  "Relation Name": "cast_info",
                  "Alias": "ci",
                  "Startup Cost": 0.0,
                  "Total Cost": 328162.03,
                  "Plan Rows": 678463,
                  "Plan Width": 0,
                  "Actual Startup Time": 0.051,
                  "Actual Total Time": 523.413,
                  "Actual Rows": 599174,
                  "Actual Loops": 7,
                  "Filter": "(person_id < 403644)",
                  "Rows Removed by Filter": 4578589
                }
              ]
            }
          ]
        }
      ]
    },
    "Planning Time": 0.105,
    "Triggers": [],
    "Execution Time": 614.396
  }
]