[
  {
    "Plan": {
      "Node Type": "Aggregate",
      "Strategy": "Plain",
      "Partial Mode": "Finalize",
      "Parallel Aware": false,
      "Startup Cost": 31834.22,
      "Total Cost": 31834.23,
      "Plan Rows": 1,
      "Plan Width": 8,
      "Actual Startup Time": 114.703,
      "Actual Total Time": 120.49,
      "Actual Rows": 1,
      "Actual Loops": 1,
      "Plans": [
        {
          "Node Type": "Gather",
          "Parent Relationship": "Outer",
          "Parallel Aware": false,
          "Startup Cost": 31833.91,
          "Total Cost": 31834.22,
          "Plan Rows": 3,
          "Plan Width": 8,
          "Actual Startup Time": 114.581,
          "Actual Total Time": 120.482,
          "Actual Rows": 4,
          "Actual Loops": 1,
          "Workers Planned": 3,
          "Workers Launched": 3,
          "Single Copy": false,
          "Plans": [
            {
              "Node Type": "Aggregate",
              "Strategy": "Plain",
              "Partial Mode": "Partial",
              "Parent Relationship": "Outer",
              "Parallel Aware": false,
              "Startup Cost": 30833.91,
              "Total Cost": 30833.92,
              "Plan Rows": 1,
              "Plan Width": 8,
              "Actual Startup Time": 107.627,
              "Actual Total Time": 107.628,
              "Actual Rows": 1,
              "Actual Loops": 4,
              "Plans": [
                {
                  "Node Type": "Seq Scan",
                  "Parent Relationship": "Outer",
                  "Parallel Aware": true,
                  "Relation Name": "movie_companies",
                  "Alias": "mc",
                  "Startup Cost": 0.0,
                  "Total Cost": 29310.68,
                  "Plan Rows": 609290,
                  "Plan Width": 0,
                  "Actual Startup Time": 0.048,
                  "Actual Total Time": 82.998,
                  "Actual Rows": 468551,
                  "Actual Loops": 4,
                  "Filter": "(company_id < 39713)",
                  "Rows Removed by Filter": 183731
                }
              ]
            }
          ]
        }
      ]
    },
    "Planning Time": 0.174,
    "Triggers": [],
    "Execution Time": 120.544
  }
]