[
  {
    "Plan": {
      "Node Type": "Aggregate",
      "Strategy": "Plain",
      "Partial Mode": "Finalize",
      "Parallel Aware": false,
      "Startup Cost": 23951.3,
      "Total Cost": 23951.31,
      "Plan Rows": 1,
      "Plan Width": 8,
      "Actual Startup Time": 13.578,
      "Actual Total Time": 16.164,
      "Actual Rows": 1,
      "Actual Loops": 1,
      "Plans": [
        {
          "Node Type": "Gather",
          "Parent Relationship": "Outer",
          "Parallel Aware": false,
          "Startup Cost": 23951.18,
          "Total Cost": 23951.29,
          "Plan Rows": 1,
          "Plan Width": 8,
          "Actual Startup Time": 13.525,
          "Actual Total Time": 16.16,
          "Actual Rows": 2,
          "Actual Loops": 1,
          "Workers Planned": 1,
          "Workers Launched": 1,
          "Single Copy": false,
          "Plans": [
            {
              "Node Type": "Aggregate",
              "Strategy": "Plain",
              "Partial Mode": "Partial",
              "Parent Relationship": "Outer",
              "Parallel Aware": false,
              "Startup Cost": 22951.18,
              "Total Cost": 22951.19,
              "Plan Rows": 1,
              "Plan Width": 8,
              "Actual Startup Time": 11.843,
              "Actual Total Time": 11.844,
              "Actual Rows": 1,
              "Actual Loops": 2,
              "Plans": [
                {
                  "Node Type": "Nested Loop",
                  "Parent Relationship": "Outer",
                  "Parallel Aware": false,
                  "Join Type": "Inner",
                  "Startup Cost": 73.8,
                  "Total Cost": 22946.45,
                  "Plan Rows": 1893,
                  "Plan Width": 0,
                  "Actual Startup Time": 0.653,
                  "Actual Total Time": 11.715,
                  "Actual Rows": 1764,
                  "Actual Loops": 2,
                  "Inner Unique": true,
                  "Plans": [
                    {
                      "Node Type": "Bitmap Heap Scan",
                      "Parent Relationship": "Outer",
                      "Parallel Aware": true,
                      "Relation Name": "movie_companies",
                      "Alias": "mc",
                      "Startup Cost": 73.37,
                      "Total Cost": 8423.61,
                      "Plan Rows": 1893,
                      "Plan Width": 4,
                      "Actual Startup Time": 0.611,
                      "Actual Total Time": 3.331,
                      "Actual Rows": 1764,
                      "Actual Loops": 2,
                      "Recheck Cond": "(company_id = 419)",
                      "Rows Removed by Index Recheck": 0,
                      "Exact Heap Blocks": 1939,
                      "Lossy Heap Blocks": 0,
                      "Plans": [
                        {
                          "Node Type": "Bitmap Index Scan",
                          "Parent Relationship": "Outer",
                          "Parallel Aware": false,
                          "Index Name": "company_id_movie_companies",
                          "Startup Cost": 0.0,
                          "Total Cost": 72.56,
                          "Plan Rows": 3218,
                          "Plan Width": 0,
                          "Actual Startup Time": 0.807,
                          "Actual Total Time": 0.807,
                          "Actual Rows": 3529,
                          "Actual Loops": 1,
                          "Index Cond": "(company_id = 419)"
                        }
                      ]
                    },
                    {
                      "Node Type": "Index Only Scan",
                      "Parent Relationship": "Inner",
                      "Parallel Aware": false,
                      "Scan Direction": "Forward",
                      "Index Name": "title_pkey",
                      "Relation Name": "title",
                      "Alias": "t",
                      "Startup Cost": 0.43,
                      "Total Cost": 7.67,
                      "Plan Rows": 1,
                      "Plan Width": 4,
                      "Actual Startup Time": 0.004,
                      "Actual Total Time": 0.004,
                      "Actual Rows": 1,
                      "Actual Loops": 3529,
                      "Index Cond": "(id = mc.movie_id)",
                      "Rows Removed by Index Recheck": 0,
                      "Heap Fetches": 3529
                    }
                  ]
                }
              ]
            }
          ]
        }
      ]
    },
    "Planning Time": 0.229,
    "Triggers": [],
    "Execution Time": 16.199
  }
]