[
  {
    "Plan": {
      "Node Type": "Aggregate",
      "Strategy": "Plain",
      "Partial Mode": "Finalize",
      "Parallel Aware": false,
      "Startup Cost": 731952.1,
      "Total Cost": 731952.11,
      "Plan Rows": 1,
      "Plan Width": 128,
      "Actual Startup Time": 2544.794,
      "Actual Total Time": 2709.71,
      "Actual Rows": 1,
      "Actual Loops": 1,
      "Plans": [
        {
          "Node Type": "Gather",
          "Parent Relationship": "Outer",
          "Parallel Aware": false,
          "Startup Cost": 731951.65,
          "Total Cost": 731952.06,
          "Plan Rows": 4,
          "Plan Width": 128,
          "Actual Startup Time": 2543.719,
          "Actual Total Time": 2709.694,
          "Actual Rows": 5,
          "Actual Loops": 1,
          "Workers Planned": 4,
          "Workers Launched": 4,
          "Single Copy": false,
          "Plans": [
            {
              "Node Type": "Aggregate",
              "Strategy": "Plain",
              "Partial Mode": "Partial",
              "Parent Relationship": "Outer",
              "Parallel Aware": false,
              "Startup Cost": 730951.65,
              "Total Cost": 730951.66,
              "Plan Rows": 1,
              "Plan Width": 128,
              "Actual Startup Time": 2531.729,
              "Actual Total Time": 2531.764,
              "Actual Rows": 1,
              "Actual Loops": 5,
              "Plans": [
                {
                  "Node Type": "Hash Join",
                  "Parent Relationship": "Outer",
                  "Parallel Aware": true,
                  "Join Type": "Inner",
                  "Startup Cost": 660661.13,
                  "Total Cost": 730951.64,
                  "Plan Rows": 1,
                  "Plan Width": 81,
                  "Actual Startup Time": 2357.484,
                  "Actual Total Time": 2531.693,
                  "Actual Rows": 156,
                  "Actual Loops": 5,
                  "Inner Unique": false,
                  "Hash Cond": "(n.id = ci.person_id)",
                  "Plans": [
                    {
                      "Node Type": "Seq Scan",
                      "Parent Relationship": "Outer",
                      "Parallel Aware": true,
                      "Relation Name": "name",
                      "Alias": "n",
                      "Startup Cost": 0.0,
                      "Total Cost": 68635.58,
                      "Plan Rows": 441309,
                      "Plan Width": 19,
                      "Actual Startup Time": 0.044,
                      "Actual Total Time": 148.278,
                      "Actual Rows": 347916,
                      "Actual Loops": 5,
                      "Filter": "((gender)::text = 'm'::text)",
                      "Rows Removed by Filter": 485582
                    },
                    {
                      "Node Type": "Hash",
                      "Parent Relationship": "Inner",
                      "Parallel Aware": true,
                      "Startup Cost": 660661.12,
                      "Total Cost": 660661.12,
                      "Plan Rows": 1,
                      "Plan Width": 70,
                      "Actual Startup Time": 2352.886,
                      "Actual Total Time": 2352.919,
                      "Actual Rows": 218,
                      "Actual Loops": 5,
                      "Hash Buckets": 1024,
                      "Original Hash Buckets": 1024,
                      "Hash Batches": 1,
                      "Original Hash Batches": 1,
                      "Peak Memory Usage": 168,
                      "Plans": [
                        {
                          "Node Type": "Hash Join",
                          "Parent Relationship": "Outer",
                          "Parallel Aware": false,
                          "Join Type": "Inner",
                          "Startup Cost": 615525.33,
                          "Total Cost": 660661.12,
                          "Plan Rows": 1,
                          "Plan Width": 70,
                          "Actual Startup Time": 2306.509,
                          "Actual Total Time": 2352.463,
                          "Actual Rows": 218,
                          "Actual Loops": 5,
                          "Inner Unique": false,
                          "Hash Cond": "(t.id = cc.movie_id)",
                          "Plans": [
                            {
                              "Node Type": "Hash Join",
                              "Parent Relationship": "Outer",
                              "Parallel Aware": true,
                              "Join Type": "Inner",
                              "Startup Cost": 612317.36,
                              "Total Cost": 657453.14,
                              "Plan Rows": 1,
                              "Plan Width": 90,
                              "Actual Startup Time": 2188.381,
                              "Actual Total Time": 2302.785,
                              "Actual Rows": 1789,
                              "Actual Loops": 5,
                              "Inner Unique": false,
                              "Hash Cond": "(t.id = mi.movie_id)",
                              "Plans": [
                                {
                                  "Node Type": "Seq Scan",
                                  "Parent Relationship": "Outer",
                                  "Parallel Aware": true,
                                  "Relation Name": "title",
                                  "Alias": "t",
                                  "Startup Cost": 0.0,
                                  "Total Cost": 43898.62,
                                  "Plan Rows": 329908,
                                  "Plan Width": 21,
                                  "Actual Startup Time": 0.03,
                                  "Actual Total Time": 96.612,
                                  "Actual Rows": 264573,
                                  "Actual Loops": 5,
                                  "Filter": "(production_year > 2001)",
                                  "Rows Removed by Filter": 241090
                                },
                                {
                                  "Node Type": "Hash",
                                  "Parent Relationship": "Inner",
                                  "Parallel Aware": true,
                                  "Startup Cost": 612317.35,
                                  "Total Cost": 612317.35,
                                  "Plan Rows": 1,
                                  "Plan Width": 69,
                                  "Actual Startup Time": 2173.514,
                                  "Actual Total Time": 2173.533,
                                  "Actual Rows": 4331,
                                  "Actual Loops": 5,
                                  "Hash Buckets": 32768,
                                  "Original Hash Buckets": 1024,
                                  "Hash Batches": 1,
                                  "Original Hash Batches": 1,
                                  "Peak Memory Usage": 2104,
                                  "Plans": [
                                    {
                                      "Node Type": "Hash Join",
                                      "Parent Relationship": "Outer",
                                      "Parallel Aware": true,
                                      "Join Type": "Inner",
                                      "Startup Cost": 260759.27,
                                      "Total Cost": 612317.35,
                                      "Plan Rows": 1,
                                      "Plan Width": 69,
                                      "Actual Startup Time": 1644.076,
                                      "Actual Total Time": 2131.093,
                                      "Actual Rows": 4331,
                                      "Actual Loops": 5,
                                      "Inner Unique": false,
                                      "Hash Cond": "(ci.movie_id = mi.movie_id)",
                                      "Plans": [
                                        {
                                          "Node Type": "Seq Scan",
                                          "Parent Relationship": "Outer",
                                          "Parallel Aware": true,
                                          "Relation Name": "cast_info",
                                          "Alias": "ci",
                                          "Startup Cost": 0.0,
                                          "Total Cost": 350807.07,
                                          "Plan Rows": 200266,
                                          "Plan Width": 8,
                                          "Actual Startup Time": 89.034,
                                          "Actual Total Time": 1175.635,
                                          "Actual Rows": 248943,
                                          "Actual Loops": 5,
                                          "Filter": "(note = ANY ('{(writer),\"(head writer)\",\"(written by)\",(story),\"(story editor)\"}'::text[]))",
                                          "Rows Removed by Filter": 6999926
                                        },
                                        {
                                          "Node Type": "Hash",
                                          "Parent Relationship": "Inner",
                                          "Parallel Aware": true,
                                          "Startup Cost": 260759.26,
                                          "Total Cost": 260759.26,
                                          "Plan Rows": 1,
                                          "Plan Width": 61,
                                          "Actual Startup Time": 917.226,
                                          "Actual Total Time": 917.243,
                                          "Actual Rows": 6081,
                                          "Actual Loops": 5,
                                          "Hash Buckets": 32768,
                                          "Original Hash Buckets": 1024,
                                          "Hash Batches": 1,
                                          "Original Hash Batches": 1,
                                          "Peak Memory Usage": 2424,
                                          "Plans": [
                                            {
                                              "Node Type": "Hash Join",
                                              "Parent Relationship": "Outer",
                                              "Parallel Aware": true,
                                              "Join Type": "Inner",
                                              "Startup Cost": 245488.99,
                                              "Total Cost": 260759.26,
                                              "Plan Rows": 1,
                                              "Plan Width": 61,
                                              "Actual Startup Time": 819.922,
                                              "Actual Total Time": 899.547,
                                              "Actual Rows": 6081,
                                              "Actual Loops": 5,
                                              "Inner Unique": false,
                                              "Hash Cond": "(mi_idx.movie_id = mi.movie_id)",
                                              "Plans": [
                                                {
                                                  "Node Type": "Hash Join",
                                                  "Parent Relationship": "Outer",
                                                  "Parallel Aware": false,
                                                  "Join Type": "Inner",
                                                  "Startup Cost": 2.43,
                                                  "Total Cost": 15253.6,
                                                  "Plan Rows": 5089,
                                                  "Plan Width": 10,
                                                  "Actual Startup Time": 0.1,
                                                  "Actual Total Time": 65.927,
                                                  "Actual Rows": 91985,
                                                  "Actual Loops": 5,
                                                  "Inner Unique": true,
                                                  "Hash Cond": "(mi_idx.info_type_id = it2.id)",
                                                  "Plans": [
                                                    {
                                                      "Node Type": "Seq Scan",
                                                      "Parent Relationship": "Outer",
                                                      "Parallel Aware": true,
                                                      "Relation Name": "movie_info_idx",
                                                      "Alias": "mi_idx",
                                                      "Startup Cost": 0.0,
                                                      "Total Cost": 13685.15,
                                                      "Plan Rows": 575015,
                                                      "Plan Width": 14,
                                                      "Actual Startup Time": 0.018,
                                                      "Actual Total Time": 31.704,
                                                      "Actual Rows": 276007,
                                                      "Actual Loops": 5
                                                    },
                                                    {
                                                      "Node Type": "Hash",
                                                      "Parent Relationship": "Inner",
                                                      "Parallel Aware": false,
                                                      "Startup Cost": 2.41,
                                                      "Total Cost": 2.41,
                                                      "Plan Rows": 1,
                                                      "Plan Width": 4,
                                                      "Actual Startup Time": 0.034,
                                                      "Actual Total Time": 0.035,
                                                      "Actual Rows": 1,
                                                      "Actual Loops": 5,
                                                      "Hash Buckets": 1024,
                                                      "Original Hash Buckets": 1024,
                                                      "Hash Batches": 1,
                                                      "Original Hash Batches": 1,
                                                      "Peak Memory Usage": 9,
                                                      "Plans": [
                                                        {
                                                          "Node Type": "Seq Scan",
                                                          "Parent Relationship": "Outer",
                                                          "Parallel Aware": false,
                                                          "Relation Name": "info_type",
                                                          "Alias": "it2",
                                                          "Startup Cost": 0.0,
                                                          "Total Cost": 2.41,
                                                          "Plan Rows": 1,
                                                          "Plan Width": 4,
                                                          "Actual Startup Time": 0.023,
                                                          "Actual Total Time": 0.025,
                                                          "Actual Rows": 1,
                                                          "Actual Loops": 5,
                                                          "Filter": "((info)::text = 'votes'::text)",
                                                          "Rows Removed by Filter": 112
                                                        }
                                                      ]
                                                    }
                                                  ]
                                                },
                                                {
                                                  "Node Type": "Hash",
                                                  "Parent Relationship": "Inner",
                                                  "Parallel Aware": true,
                                                  "Startup Cost": 245486.55,
                                                  "Total Cost": 245486.55,
                                                  "Plan Rows": 1,
                                                  "Plan Width": 51,
                                                  "Actual Startup Time": 819.515,
                                                  "Actual Total Time": 819.525,
                                                  "Actual Rows": 6498,
                                                  "Actual Loops": 5,
                                                  "Hash Buckets": 32768,
                                                  "Original Hash Buckets": 1024,
                                                  "Hash Batches": 1,
                                                  "Original Hash Batches": 1,
                                                  "Peak Memory Usage": 2264,
                                                  "Plans": [
                                                    {
                                                      "Node Type": "Hash Join",
                                                      "Parent Relationship": "Outer",
                                                      "Parallel Aware": true,
                                                      "Join Type": "Inner",
                                                      "Startup Cost": 46346.34,
                                                      "Total Cost": 245486.55,
                                                      "Plan Rows": 1,
                                                      "Plan Width": 51,
                                                      "Actual Startup Time": 738.056,
                                                      "Actual Total Time": 803.161,
                                                      "Actual Rows": 6498,
                                                      "Actual Loops": 5,
                                                      "Inner Unique": false,
                                                      "Hash Cond": "(mi.movie_id = mk.movie_id)",
                                                      "Plans": [
                                                        {
                                                          "Node Type": "Hash Join",
                                                          "Parent Relationship": "Outer",
                                                          "Parallel Aware": false,
                                                          "Join Type": "Inner",
                                                          "Startup Cost": 2.43,
                                                          "Total Cost": 199142.03,
                                                          "Plan Rows": 160,
                                                          "Plan Width": 47,
                                                          "Actual Startup Time": 480.556,
                                                          "Actual Total Time": 538.486,
                                                          "Actual Rows": 17723,
                                                          "Actual Loops": 5,
                                                          "Inner Unique": true,
                                                          "Hash Cond": "(mi.info_type_id = it1.id)",
                                                          "Plans": [
                                                            {
                                                              "Node Type": "Seq Scan",
                                                              "Parent Relationship": "Outer",
                                                              "Parallel Aware": true,
                                                              "Relation Name": "movie_info",
                                                              "Alias": "mi",
                                                              "Startup Cost": 0.0,
                                                              "Total Cost": 199090.3,
                                                              "Plan Rows": 18103,
                                                              "Plan Width": 51,
                                                              "Actual Startup Time": 347.295,
                                                              "Actual Total Time": 534.934,
                                                              "Actual Rows": 17963,
                                                              "Actual Loops": 5,
                                                              "Filter": "(info = ANY ('{Thriller,Action}'::text[]))",
                                                              "Rows Removed by Filter": 2949181
                                                            },
                                                            {
                                                              "Node Type": "Hash",
                                                              "Parent Relationship": "Inner",
                                                              "Parallel Aware": false,
                                                              "Startup Cost": 2.41,
                                                              "Total Cost": 2.41,
                                                              "Plan Rows": 1,
                                                              "Plan Width": 4,
                                                              "Actual Startup Time": 0.053,
                                                              "Actual Total Time": 0.054,
                                                              "Actual Rows": 1,
                                                              "Actual Loops": 5,
                                                              "Hash Buckets": 1024,
                                                              "Original Hash Buckets": 1024,
                                                              "Hash Batches": 1,
                                                              "Original Hash Batches": 1,
                                                              "Peak Memory Usage": 9,
                                                              "Plans": [
                                                                {
                                                                  "Node Type": "Seq Scan",
                                                                  "Parent Relationship": "Outer",
                                                                  "Parallel Aware": false,
                                                                  "Relation Name": "info_type",
                                                                  "Alias": "it1",
                                                                  "Startup Cost": 0.0,
                                                                  "Total Cost": 2.41,
                                                                  "Plan Rows": 1,
                                                                  "Plan Width": 4,
                                                                  "Actual Startup Time": 0.037,
                                                                  "Actual Total Time": 0.044,
                                                                  "Actual Rows": 1,
                                                                  "Actual Loops": 5,
                                                                  "Filter": "((info)::text = 'genres'::text)",
                                                                  "Rows Removed by Filter": 112
                                                                }
                                                              ]
                                                            }
                                                          ]
                                                        },
                                                        {
                                                          "Node Type": "Hash",
                                                          "Parent Relationship": "Inner",
                                                          "Parallel Aware": true,
                                                          "Startup Cost": 46342.97,
                                                          "Total Cost": 46342.97,
                                                          "Plan Rows": 76,
                                                          "Plan Width": 4,
                                                          "Actual Startup Time": 257.385,
                                                          "Actual Total Time": 257.388,
                                                          "Actual Rows": 15343,
                                                          "Actual Loops": 5,
                                                          "Hash Buckets": 131072,
                                                          "Original Hash Buckets": 1024,
                                                          "Hash Batches": 1,
                                                          "Original Hash Batches": 1,
                                                          "Peak Memory Usage": 5112,
                                                          "Plans": [
                                                            {
                                                              "Node Type": "Hash Join",
                                                              "Parent Relationship": "Outer",
                                                              "Parallel Aware": false,
                                                              "Join Type": "Inner",
                                                              "Startup Cost": 3464.78,
                                                              "Total Cost": 46342.97,
                                                              "Plan Rows": 76,
                                                              "Plan Width": 4,
                                                              "Actual Startup Time": 30.156,
                                                              "Actual Total Time": 216.072,
                                                              "Actual Rows": 15343,
                                                              "Actual Loops": 5,
                                                              "Inner Unique": true,
                                                              "Hash Cond": "(mk.keyword_id = k.id)",
                                                              "Plans": [
                                                                {
                                                                  "Node Type": "Seq Scan",
                                                                  "Parent Relationship": "Outer",
                                                                  "Parallel Aware": true,
                                                                  "Relation Name": "movie_keyword",
                                                                  "Alias": "mk",
                                                                  "Startup Cost": 0.0,
                                                                  "Total Cost": 39047.32,
                                                                  "Plan Rows": 1459332,
                                                                  "Plan Width": 8,
                                                                  "Actual Startup Time": 0.027,
                                                                  "Actual Total Time": 110.208,
                                                                  "Actual Rows": 904786,
                                                                  "Actual Loops": 5
                                                                },
                                                                {
                                                                  "Node Type": "Hash",
                                                                  "Parent Relationship": "Inner",
                                                                  "Parallel Aware": false,
                                                                  "Startup Cost": 3464.69,
                                                                  "Total Cost": 3464.69,
                                                                  "Plan Rows": 7,
                                                                  "Plan Width": 4,
                                                                  "Actual Startup Time": 30.057,
                                                                  "Actual Total Time": 30.057,
                                                                  "Actual Rows": 7,
                                                                  "Actual Loops": 5,
                                                                  "Hash Buckets": 1024,
                                                                  "Original Hash Buckets": 1024,
                                                                  "Hash Batches": 1,
                                                                  "Original Hash Batches": 1,
                                                                  "Peak Memory Usage": 9,
                                                                  "Plans": [
                                                                    {
                                                                      "Node Type": "Seq Scan",
                                                                      "Parent Relationship": "Outer",
                                                                      "Parallel Aware": false,
                                                                      "Relation Name": "keyword",
                                                                      "Alias": "k",
                                                                      "Startup Cost": 0.0,
                                                                      "Total Cost": 3464.69,
                                                                      "Plan Rows": 7,
                                                                      "Plan Width": 4,
                                                                      "Actual Startup Time": 0.887,
                                                                      "Actual Total Time": 30.045,
                                                                      "Actual Rows": 7,
                                                                      "Actual Loops": 5,
                                                                      "Filter": "(keyword = ANY ('{murder,violence,blood,gore,death,female-nudity,hospital}'::text[]))",
                                                                      "Rows Removed by Filter": 134163
                                                                    }
                                                                  ]
                                                                }
                                                              ]
                                                            }
                                                          ]
                                                        }
                                                      ]
                                                    }
                                                  ]
                                                }
                                              ]
                                            }
                                          ]
                                        }
                                      ]
                                    }
                                  ]
                                }
                              ]
                            },
                            {
                              "Node Type": "Hash",
                              "Parent Relationship": "Inner",
                              "Parallel Aware": false,
                              "Startup Cost": 2996.89,
                              "Total Cost": 2996.89,
                              "Plan Rows": 16886,
                              "Plan Width": 4,
                              "Actual Startup Time": 48.878,
                              "Actual Total Time": 48.887,
                              "Actual Rows": 24592,
                              "Actual Loops": 5,
                              "Hash Buckets": 32768,
                              "Original Hash Buckets": 32768,
                              "Hash Batches": 1,
                              "Original Hash Batches": 1,
                              "Peak Memory Usage": 1121,
                              "Plans": [
                                {
                                  "Node Type": "Hash Join",
                                  "Parent Relationship": "Outer",
                                  "Parallel Aware": false,
                                  "Join Type": "Inner",
                                  "Startup Cost": 2.14,
                                  "Total Cost": 2996.89,
                                  "Plan Rows": 16886,
                                  "Plan Width": 4,
                                  "Actual Startup Time": 0.262,
                                  "Actual Total Time": 43.137,
                                  "Actual Rows": 24592,
                                  "Actual Loops": 5,
                                  "Inner Unique": true,
                                  "Hash Cond": "(cc.subject_id = cct1.id)",
                                  "Plans": [
                                    {
                                      "Node Type": "Hash Join",
                                      "Parent Relationship": "Outer",
                                      "Parallel Aware": false,
                                      "Join Type": "Inner",
                                      "Startup Cost": 1.06,
                                      "Total Cost": 2813.24,
                                      "Plan Rows": 33772,
                                      "Plan Width": 8,
                                      "Actual Startup Time": 0.106,
                                      "Actual Total Time": 38.535,
                                      "Actual Rows": 24592,
                                      "Actual Loops": 5,
                                      "Inner Unique": true,
                                      "Hash Cond": "(cc.status_id = cct2.id)",
                                      "Plans": [
                                        {
                                          "Node Type": "Seq Scan",
                                          "Parent Relationship": "Outer",
                                          "Parallel Aware": false,
                                          "Relation Name": "complete_cast",
                                          "Alias": "cc",
                                          "Startup Cost": 0.0,
                                          "Total Cost": 2081.86,
                                          "Plan Rows": 135086,
                                          "Plan Width": 12,
                                          "Actual Startup Time": 0.046,
                                          "Actual Total Time": 21.544,
                                          "Actual Rows": 135086,
                                          "Actual Loops": 5
                                        },
                                        {
                                          "Node Type": "Hash",
                                          "Parent Relationship": "Inner",
                                          "Parallel Aware": false,
                                          "Startup Cost": 1.05,
                                          "Total Cost": 1.05,
                                          "Plan Rows": 1,
                                          "Plan Width": 4,
                                          "Actual Startup Time": 0.018,
                                          "Actual Total Time": 0.019,
                                          "Actual Rows": 1,
                                          "Actual Loops": 5,
                                          "Hash Buckets": 1024,
                                          "Original Hash Buckets": 1024,
                                          "Hash Batches": 1,
                                          "Original Hash Batches": 1,
                                          "Peak Memory Usage": 9,
                                          "Plans": [
                                            {
                                              "Node Type": "Seq Scan",
                                              "Parent Relationship": "Outer",
                                              "Parallel Aware": false,
                                              "Relation Name": "comp_cast_type",
                                              "Alias": "cct2",
                                              "Startup Cost": 0.0,
                                              "Total Cost": 1.05,
                                              "Plan Rows": 1,
                                              "Plan Width": 4,
                                              "Actual Startup Time": 0.009,
                                              "Actual Total Time": 0.01,
                                              "Actual Rows": 1,
                                              "Actual Loops": 5,
                                              "Filter": "((kind)::text = 'complete+verified'::text)",
                                              "Rows Removed by Filter": 3
                                            }
                                          ]
                                        }
                                      ]
                                    },
                                    {
                                      "Node Type": "Hash",
                                      "Parent Relationship": "Inner",
                                      "Parallel Aware": false,
                                      "Startup Cost": 1.05,
                                      "Total Cost": 1.05,
                                      "Plan Rows": 2,
                                      "Plan Width": 4,
                                      "Actual Startup Time": 0.107,
                                      "Actual Total Time": 0.109,
                                      "Actual Rows": 2,
                                      "Actual Loops": 5,
                                      "Hash Buckets": 1024,
                                      "Original Hash Buckets": 1024,
                                      "Hash Batches": 1,
                                      "Original Hash Batches": 1,
                                      "Peak Memory Usage": 9,
                                      "Plans": [
                                        {
                                          "Node Type": "Seq Scan",
                                          "Parent Relationship": "Outer",
                                          "Parallel Aware": false,
                                          "Relation Name": "comp_cast_type",
                                          "Alias": "cct1",
                                          "Startup Cost": 0.0,
                                          "Total Cost": 1.05,
                                          "Plan Rows": 2,
                                          "Plan Width": 4,
                                          "Actual Startup Time": 0.078,
                                          "Actual Total Time": 0.083,
                                          "Actual Rows": 2,
                                          "Actual Loops": 5,
                                          "Filter": "((kind)::text = ANY ('{crew,cast}'::text[]))",
                                          "Rows Removed by Filter": 2
                                        }
                                      ]
                                    }
                                  ]
                                }
                              ]
                            }
                          ]
                        }
                      ]
                    }
                  ]
                }
              ]
            }
          ]
        }
      ]
    },
    "Planning Time": 112.482,
    "Triggers": [],
    "Execution Time": 2710.417
  }
]