{
    "Plan": {
        "Node Type": "Aggregate",
        "Strategy": "Plain",
        "Partial Mode": "Finalize",
        "Parallel Aware": false,
        "Startup Cost": 41799.28,
        "Total Cost": 41799.29,
        "Plan Rows": 1,
        "Plan Width": 64,
        "Actual Startup Time": 372.747,
        "Actual Total Time": 420.953,
        "Actual Rows": 1,
        "Actual Loops": 1,
        "Output": [
            "min(chn.name)",
            "min(t.title)"
        ],
        "Plans": [
            {
                "Node Type": "Gather",
                "Parent Relationship": "Outer",
                "Parallel Aware": false,
                "Startup Cost": 41798.96,
                "Total Cost": 41799.27,
                "Plan Rows": 3,
                "Plan Width": 64,
                "Actual Startup Time": 372.515,
                "Actual Total Time": 420.939,
                "Actual Rows": 4,
                "Actual Loops": 1,
                "Output": [
                    "(PARTIAL min(chn.name))",
                    "(PARTIAL min(t.title))"
                ],
                "Workers Planned": 3,
                "Workers Launched": 3,
                "Single Copy": false,
                "Plans": [
                    {
                        "Node Type": "Aggregate",
                        "Strategy": "Plain",
                        "Partial Mode": "Partial",
                        "Parent Relationship": "Outer",
                        "Parallel Aware": false,
                        "Startup Cost": 40798.96,
                        "Total Cost": 40798.97,
                        "Plan Rows": 1,
                        "Plan Width": 64,
                        "Actual Startup Time": 360.75,
                        "Actual Total Time": 360.757,
                        "Actual Rows": 1,
                        "Actual Loops": 4,
                        "Output": [
                            "PARTIAL min(chn.name)",
                            "PARTIAL min(t.title)"
                        ],
                        "Workers": [
                            {
                                "Worker Number": 0,
                                "Actual Startup Time": 357.157,
                                "Actual Total Time": 357.164,
                                "Actual Rows": 1,
                                "Actual Loops": 1
                            },
                            {
                                "Worker Number": 1,
                                "Actual Startup Time": 357.49,
                                "Actual Total Time": 357.497,
                                "Actual Rows": 1,
                                "Actual Loops": 1
                            },
                            {
                                "Worker Number": 2,
                                "Actual Startup Time": 357.429,
                                "Actual Total Time": 357.436,
                                "Actual Rows": 1,
                                "Actual Loops": 1
                            }
                        ],
                        "Plans": [
                            {
                                "Node Type": "Nested Loop",
                                "Parent Relationship": "Outer",
                                "Parallel Aware": false,
                                "Join Type": "Inner",
                                "Startup Cost": 4735.89,
                                "Total Cost": 40798.94,
                                "Plan Rows": 4,
                                "Plan Width": 33,
                                "Actual Startup Time": 77.961,
                                "Actual Total Time": 360.723,
                                "Actual Rows": 26,
                                "Actual Loops": 4,
                                "Output": [
                                    "chn.name",
                                    "t.title"
                                ],
                                "Inner Unique": true,
                                "Workers": [
                                    {
                                        "Worker Number": 0,
                                        "Actual Startup Time": 80.763,
                                        "Actual Total Time": 357.119,
                                        "Actual Rows": 45,
                                        "Actual Loops": 1
                                    },
                                    {
                                        "Worker Number": 1,
                                        "Actual Startup Time": 97.201,
                                        "Actual Total Time": 357.472,
                                        "Actual Rows": 14,
                                        "Actual Loops": 1
                                    },
                                    {
                                        "Worker Number": 2,
                                        "Actual Startup Time": 53.118,
                                        "Actual Total Time": 357.406,
                                        "Actual Rows": 18,
                                        "Actual Loops": 1
                                    }
                                ],
                                "Plans": [
                                    {
                                        "Node Type": "Nested Loop",
                                        "Parent Relationship": "Outer",
                                        "Parallel Aware": false,
                                        "Join Type": "Inner",
                                        "Startup Cost": 4735.76,
                                        "Total Cost": 40798.35,
                                        "Plan Rows": 4,
                                        "Plan Width": 37,
                                        "Actual Startup Time": 77.904,
                                        "Actual Total Time": 360.585,
                                        "Actual Rows": 26,
                                        "Actual Loops": 4,
                                        "Output": [
                                            "chn.name",
                                            "mc.company_type_id",
                                            "t.title"
                                        ],
                                        "Inner Unique": true,
                                        "Workers": [
                                            {
                                                "Worker Number": 0,
                                                "Actual Startup Time": 80.701,
                                                "Actual Total Time": 356.94,
                                                "Actual Rows": 45,
                                                "Actual Loops": 1
                                            },
                                            {
                                                "Worker Number": 1,
                                                "Actual Startup Time": 97.134,
                                                "Actual Total Time": 357.357,
                                                "Actual Rows": 14,
                                                "Actual Loops": 1
                                            },
                                            {
                                                "Worker Number": 2,
                                                "Actual Startup Time": 53.042,
                                                "Actual Total Time": 357.261,
                                                "Actual Rows": 18,
                                                "Actual Loops": 1
                                            }
                                        ],
                                        "Plans": [
                                            {
                                                "Node Type": "Hash Join",
                                                "Parent Relationship": "Outer",
                                                "Parallel Aware": false,
                                                "Join Type": "Inner",
                                                "Startup Cost": 4735.33,
                                                "Total Cost": 40776.38,
                                                "Plan Rows": 4,
                                                "Plan Width": 25,
                                                "Actual Startup Time": 77.852,
                                                "Actual Total Time": 360.213,
                                                "Actual Rows": 28,
                                                "Actual Loops": 4,
                                                "Output": [
                                                    "ci.person_role_id",
                                                    "mc.company_type_id",
                                                    "t.title"
                                                ],
                                                "Inner Unique": true,
                                                "Hash Cond": "(ci.role_id = rt.id)",
                                                "Workers": [
                                                    {
                                                        "Worker Number": 0,
                                                        "Actual Startup Time": 80.647,
                                                        "Actual Total Time": 356.364,
                                                        "Actual Rows": 47,
                                                        "Actual Loops": 1
                                                    },
                                                    {
                                                        "Worker Number": 1,
                                                        "Actual Startup Time": 97.082,
                                                        "Actual Total Time": 357.098,
                                                        "Actual Rows": 16,
                                                        "Actual Loops": 1
                                                    },
                                                    {
                                                        "Worker Number": 2,
                                                        "Actual Startup Time": 52.971,
                                                        "Actual Total Time": 356.95,
                                                        "Actual Rows": 21,
                                                        "Actual Loops": 1
                                                    }
                                                ],
                                                "Plans": [
                                                    {
                                                        "Node Type": "Nested Loop",
                                                        "Parent Relationship": "Outer",
                                                        "Parallel Aware": false,
                                                        "Join Type": "Inner",
                                                        "Startup Cost": 4734.16,
                                                        "Total Cost": 40775.05,
                                                        "Plan Rows": 48,
                                                        "Plan Width": 29,
                                                        "Actual Startup Time": 73.94,
                                                        "Actual Total Time": 359.822,
                                                        "Actual Rows": 38,
                                                        "Actual Loops": 4,
                                                        "Output": [
                                                            "ci.person_role_id",
                                                            "ci.role_id",
                                                            "mc.company_type_id",
                                                            "t.title"
                                                        ],
                                                        "Inner Unique": false,
                                                        "Join Filter": "(t.id = ci.movie_id)",
                                                        "Rows Removed by Join Filter": 0,
                                                        "Workers": [
                                                            {
                                                                "Worker Number": 0,
                                                                "Actual Startup Time": 65.95,
                                                                "Actual Total Time": 355.846,
                                                                "Actual Rows": 55,
                                                                "Actual Loops": 1
                                                            },
                                                            {
                                                                "Worker Number": 1,
                                                                "Actual Startup Time": 96.636,
                                                                "Actual Total Time": 356.629,
                                                                "Actual Rows": 19,
                                                                "Actual Loops": 1
                                                            },
                                                            {
                                                                "Worker Number": 2,
                                                                "Actual Startup Time": 52.516,
                                                                "Actual Total Time": 356.463,
                                                                "Actual Rows": 34,
                                                                "Actual Loops": 1
                                                            }
                                                        ],
                                                        "Plans": [
                                                            {
                                                                "Node Type": "Nested Loop",
                                                                "Parent Relationship": "Outer",
                                                                "Parallel Aware": false,
                                                                "Join Type": "Inner",
                                                                "Startup Cost": 4733.6,
                                                                "Total Cost": 36740.42,
                                                                "Plan Rows": 1998,
                                                                "Plan Width": 29,
                                                                "Actual Startup Time": 24.213,
                                                                "Actual Total Time": 210.304,
                                                                "Actual Rows": 1135,
                                                                "Actual Loops": 4,
                                                                "Output": [
                                                                    "mc.movie_id",
                                                                    "mc.company_type_id",
                                                                    "t.title",
                                                                    "t.id"
                                                                ],
                                                                "Inner Unique": true,
                                                                "Workers": [
                                                                    {
                                                                        "Worker Number": 0,
                                                                        "Actual Startup Time": 19.939,
                                                                        "Actual Total Time": 191.695,
                                                                        "Actual Rows": 1033,
                                                                        "Actual Loops": 1
                                                                    },
                                                                    {
                                                                        "Worker Number": 1,
                                                                        "Actual Startup Time": 20.336,
                                                                        "Actual Total Time": 209.398,
                                                                        "Actual Rows": 1072,
                                                                        "Actual Loops": 1
                                                                    },
                                                                    {
                                                                        "Worker Number": 2,
                                                                        "Actual Startup Time": 21.35,
                                                                        "Actual Total Time": 208.126,
                                                                        "Actual Rows": 1173,
                                                                        "Actual Loops": 1
                                                                    }
                                                                ],
                                                                "Plans": [
                                                                    {
                                                                        "Node Type": "Hash Join",
                                                                        "Parent Relationship": "Outer",
                                                                        "Parallel Aware": true,
                                                                        "Join Type": "Inner",
                                                                        "Startup Cost": 4733.17,
                                                                        "Total Cost": 34149.1,
                                                                        "Plan Rows": 4993,
                                                                        "Plan Width": 8,
                                                                        "Actual Startup Time": 23.957,
                                                                        "Actual Total Time": 193.853,
                                                                        "Actual Rows": 2198,
                                                                        "Actual Loops": 4,
                                                                        "Output": [
                                                                            "mc.movie_id",
                                                                            "mc.company_type_id"
                                                                        ],
                                                                        "Inner Unique": true,
                                                                        "Hash Cond": "(mc.company_id = cn.id)",
                                                                        "Workers": [
                                                                            {
                                                                                "Worker Number": 0,
                                                                                "Actual Startup Time": 19.833,
                                                                                "Actual Total Time": 175.806,
                                                                                "Actual Rows": 1928,
                                                                                "Actual Loops": 1
                                                                            },
                                                                            {
                                                                                "Worker Number": 1,
                                                                                "Actual Startup Time": 20.235,
                                                                                "Actual Total Time": 193.463,
                                                                                "Actual Rows": 2191,
                                                                                "Actual Loops": 1
                                                                            },
                                                                            {
                                                                                "Worker Number": 2,
                                                                                "Actual Startup Time": 21.284,
                                                                                "Actual Total Time": 188.279,
                                                                                "Actual Rows": 2188,
                                                                                "Actual Loops": 1
                                                                            }
                                                                        ],
                                                                        "Plans": [
                                                                            {
                                                                                "Node Type": "Seq Scan",
                                                                                "Parent Relationship": "Outer",
                                                                                "Parallel Aware": true,
                                                                                "Relation Name": "movie_companies",
                                                                                "Schema": "public",
                                                                                "Alias": "mc",
                                                                                "Startup Cost": 0.0,
                                                                                "Total Cost": 27206.55,
                                                                                "Plan Rows": 841655,
                                                                                "Plan Width": 12,
                                                                                "Actual Startup Time": 0.021,
                                                                                "Actual Total Time": 89.806,
                                                                                "Actual Rows": 652282,
                                                                                "Actual Loops": 4,
                                                                                "Output": [
                                                                                    "mc.id",
                                                                                    "mc.movie_id",
                                                                                    "mc.company_id",
                                                                                    "mc.company_type_id",
                                                                                    "mc.note"
                                                                                ],
                                                                                "Workers": [
                                                                                    {
                                                                                        "Worker Number": 0,
                                                                                        "Actual Startup Time": 0.024,
                                                                                        "Actual Total Time": 84.059,
                                                                                        "Actual Rows": 575666,
                                                                                        "Actual Loops": 1
                                                                                    },
                                                                                    {
                                                                                        "Worker Number": 1,
                                                                                        "Actual Startup Time": 0.032,
                                                                                        "Actual Total Time": 92.879,
                                                                                        "Actual Rows": 648346,
                                                                                        "Actual Loops": 1
                                                                                    },
                                                                                    {
                                                                                        "Worker Number": 2,
                                                                                        "Actual Startup Time": 0.022,
                                                                                        "Actual Total Time": 88.173,
                                                                                        "Actual Rows": 644391,
                                                                                        "Actual Loops": 1
                                                                                    }
                                                                                ]
                                                                            },
                                                                            {
                                                                                "Node Type": "Hash",
                                                                                "Parent Relationship": "Inner",
                                                                                "Parallel Aware": true,
                                                                                "Startup Cost": 4722.92,
                                                                                "Total Cost": 4722.92,
                                                                                "Plan Rows": 820,
                                                                                "Plan Width": 4,
                                                                                "Actual Startup Time": 22.782,
                                                                                "Actual Total Time": 22.783,
                                                                                "Actual Rows": 340,
                                                                                "Actual Loops": 4,
                                                                                "Output": [
                                                                                    "cn.id"
                                                                                ],
                                                                                "Hash Buckets": 2048,
                                                                                "Original Hash Buckets": 2048,
                                                                                "Hash Batches": 1,
                                                                                "Original Hash Batches": 1,
                                                                                "Peak Memory Usage": 144,
                                                                                "Workers": [
                                                                                    {
                                                                                        "Worker Number": 0,
                                                                                        "Actual Startup Time": 19.612,
                                                                                        "Actual Total Time": 19.613,
                                                                                        "Actual Rows": 206,
                                                                                        "Actual Loops": 1
                                                                                    },
                                                                                    {
                                                                                        "Worker Number": 1,
                                                                                        "Actual Startup Time": 19.933,
                                                                                        "Actual Total Time": 19.934,
                                                                                        "Actual Rows": 237,
                                                                                        "Actual Loops": 1
                                                                                    },
                                                                                    {
                                                                                        "Worker Number": 2,
                                                                                        "Actual Startup Time": 19.905,
                                                                                        "Actual Total Time": 19.906,
                                                                                        "Actual Rows": 241,
                                                                                        "Actual Loops": 1
                                                                                    }
                                                                                ],
                                                                                "Plans": [
                                                                                    {
                                                                                        "Node Type": "Seq Scan",
                                                                                        "Parent Relationship": "Outer",
                                                                                        "Parallel Aware": true,
                                                                                        "Relation Name": "company_name",
                                                                                        "Schema": "public",
                                                                                        "Alias": "cn",
                                                                                        "Startup Cost": 0.0,
                                                                                        "Total Cost": 4722.92,
                                                                                        "Plan Rows": 820,
                                                                                        "Plan Width": 4,
                                                                                        "Actual Startup Time": 0.116,
                                                                                        "Actual Total Time": 22.316,
                                                                                        "Actual Rows": 340,
                                                                                        "Actual Loops": 4,
                                                                                        "Output": [
                                                                                            "cn.id"
                                                                                        ],
                                                                                        "Filter": "((cn.country_code)::text = '[ru]'::text)",
                                                                                        "Rows Removed by Filter": 58409,
                                                                                        "Workers": [
                                                                                            {
                                                                                                "Worker Number": 0,
                                                                                                "Actual Startup Time": 0.083,
                                                                                                "Actual Total Time": 19.168,
                                                                                                "Actual Rows": 206,
                                                                                                "Actual Loops": 1
                                                                                            },
                                                                                            {
                                                                                                "Worker Number": 1,
                                                                                                "Actual Startup Time": 0.166,
                                                                                                "Actual Total Time": 19.483,
                                                                                                "Actual Rows": 237,
                                                                                                "Actual Loops": 1
                                                                                            },
                                                                                            {
                                                                                                "Worker Number": 2,
                                                                                                "Actual Startup Time": 0.176,
                                                                                                "Actual Total Time": 19.474,
                                                                                                "Actual Rows": 241,
                                                                                                "Actual Loops": 1
                                                                                            }
                                                                                        ]
                                                                                    }
                                                                                ]
                                                                            }
                                                                        ]
                                                                    },
                                                                    {
                                                                        "Node Type": "Index Scan",
                                                                        "Parent Relationship": "Inner",
                                                                        "Parallel Aware": false,
                                                                        "Scan Direction": "Forward",
                                                                        "Index Name": "title_pkey",
                                                                        "Relation Name": "title",
                                                                        "Schema": "public",
                                                                        "Alias": "t",
                                                                        "Startup Cost": 0.43,
                                                                        "Total Cost": 0.52,
                                                                        "Plan Rows": 1,
                                                                        "Plan Width": 21,
                                                                        "Actual Startup Time": 0.007,
                                                                        "Actual Total Time": 0.007,
                                                                        "Actual Rows": 1,
                                                                        "Actual Loops": 8790,
                                                                        "Output": [
                                                                            "t.id",
                                                                            "t.title",
                                                                            "t.imdb_index",
                                                                            "t.kind_id",
                                                                            "t.production_year",
                                                                            "t.imdb_id",
                                                                            "t.phonetic_code",
                                                                            "t.episode_of_id",
                                                                            "t.season_nr",
                                                                            "t.episode_nr",
                                                                            "t.series_years",
                                                                            "t.md5sum"
                                                                        ],
                                                                        "Index Cond": "(t.id = mc.movie_id)",
                                                                        "Rows Removed by Index Recheck": 0,
                                                                        "Filter": "(t.production_year > 2005)",
                                                                        "Rows Removed by Filter": 0,
                                                                        "Workers": [
                                                                            {
                                                                                "Worker Number": 0,
                                                                                "Actual Startup Time": 0.007,
                                                                                "Actual Total Time": 0.007,
                                                                                "Actual Rows": 1,
                                                                                "Actual Loops": 1928
                                                                            },
                                                                            {
                                                                                "Worker Number": 1,
                                                                                "Actual Startup Time": 0.007,
                                                                                "Actual Total Time": 0.007,
                                                                                "Actual Rows": 0,
                                                                                "Actual Loops": 2191
                                                                            },
                                                                            {
                                                                                "Worker Number": 2,
                                                                                "Actual Startup Time": 0.008,
                                                                                "Actual Total Time": 0.008,
                                                                                "Actual Rows": 1,
                                                                                "Actual Loops": 2188
                                                                            }
                                                                        ]
                                                                    }
                                                                ]
                                                            },
                                                            {
                                                                "Node Type": "Index Scan",
                                                                "Parent Relationship": "Inner",
                                                                "Parallel Aware": false,
                                                                "Scan Direction": "Forward",
                                                                "Index Name": "movie_id_cast_info",
                                                                "Relation Name": "cast_info",
                                                                "Schema": "public",
                                                                "Alias": "ci",
                                                                "Startup Cost": 0.56,
                                                                "Total Cost": 2.01,
                                                                "Plan Rows": 1,
                                                                "Plan Width": 12,
                                                                "Actual Startup Time": 0.123,
                                                                "Actual Total Time": 0.131,
                                                                "Actual Rows": 0,
                                                                "Actual Loops": 4539,
                                                                "Output": [
                                                                    "ci.id",
                                                                    "ci.person_id",
                                                                    "ci.movie_id",
                                                                    "ci.person_role_id",
                                                                    "ci.note",
                                                                    "ci.nr_order",
                                                                    "ci.role_id"
                                                                ],
                                                                "Index Cond": "(ci.movie_id = mc.movie_id)",
                                                                "Rows Removed by Index Recheck": 0,
                                                                "Filter": "((ci.note ~~ '%(voice)%'::text) AND (ci.note ~~ '%(uncredited)%'::text))",
                                                                "Rows Removed by Filter": 50,
                                                                "Workers": [
                                                                    {
                                                                        "Worker Number": 0,
                                                                        "Actual Startup Time": 0.149,
                                                                        "Actual Total Time": 0.158,
                                                                        "Actual Rows": 0,
                                                                        "Actual Loops": 1033
                                                                    },
                                                                    {
                                                                        "Worker Number": 1,
                                                                        "Actual Startup Time": 0.132,
                                                                        "Actual Total Time": 0.137,
                                                                        "Actual Rows": 0,
                                                                        "Actual Loops": 1072
                                                                    },
                                                                    {
                                                                        "Worker Number": 2,
                                                                        "Actual Startup Time": 0.117,
                                                                        "Actual Total Time": 0.126,
                                                                        "Actual Rows": 0,
                                                                        "Actual Loops": 1173
                                                                    }
                                                                ]
                                                            }
                                                        ]
                                                    },
                                                    {
                                                        "Node Type": "Hash",
                                                        "Parent Relationship": "Inner",
                                                        "Parallel Aware": false,
                                                        "Startup Cost": 1.15,
                                                        "Total Cost": 1.15,
                                                        "Plan Rows": 1,
                                                        "Plan Width": 4,
                                                        "Actual Startup Time": 0.077,
                                                        "Actual Total Time": 0.078,
                                                        "Actual Rows": 1,
                                                        "Actual Loops": 4,
                                                        "Output": [
                                                            "rt.id"
                                                        ],
                                                        "Hash Buckets": 1024,
                                                        "Original Hash Buckets": 1024,
                                                        "Hash Batches": 1,
                                                        "Original Hash Batches": 1,
                                                        "Peak Memory Usage": 9,
                                                        "Workers": [
                                                            {
                                                                "Worker Number": 0,
                                                                "Actual Startup Time": 0.101,
                                                                "Actual Total Time": 0.102,
                                                                "Actual Rows": 1,
                                                                "Actual Loops": 1
                                                            },
                                                            {
                                                                "Worker Number": 1,
                                                                "Actual Startup Time": 0.09,
                                                                "Actual Total Time": 0.091,
                                                                "Actual Rows": 1,
                                                                "Actual Loops": 1
                                                            },
                                                            {
                                                                "Worker Number": 2,
                                                                "Actual Startup Time": 0.087,
                                                                "Actual Total Time": 0.088,
                                                                "Actual Rows": 1,
                                                                "Actual Loops": 1
                                                            }
                                                        ],
                                                        "Plans": [
                                                            {
                                                                "Node Type": "Seq Scan",
                                                                "Parent Relationship": "Outer",
                                                                "Parallel Aware": false,
                                                                "Relation Name": "role_type",
                                                                "Schema": "public",
                                                                "Alias": "rt",
                                                                "Startup Cost": 0.0,
                                                                "Total Cost": 1.15,
                                                                "Plan Rows": 1,
                                                                "Plan Width": 4,
                                                                "Actual Startup Time": 0.051,
                                                                "Actual Total Time": 0.057,
                                                                "Actual Rows": 1,
                                                                "Actual Loops": 4,
                                                                "Output": [
                                                                    "rt.id"
                                                                ],
                                                                "Filter": "((rt.role)::text = 'actor'::text)",
                                                                "Rows Removed by Filter": 11,
                                                                "Workers": [
                                                                    {
                                                                        "Worker Number": 0,
                                                                        "Actual Startup Time": 0.067,
                                                                        "Actual Total Time": 0.074,
                                                                        "Actual Rows": 1,
                                                                        "Actual Loops": 1
                                                                    },
                                                                    {
                                                                        "Worker Number": 1,
                                                                        "Actual Startup Time": 0.06,
                                                                        "Actual Total Time": 0.066,
                                                                        "Actual Rows": 1,
                                                                        "Actual Loops": 1
                                                                    },
                                                                    {
                                                                        "Worker Number": 2,
                                                                        "Actual Startup Time": 0.058,
                                                                        "Actual Total Time": 0.064,
                                                                        "Actual Rows": 1,
                                                                        "Actual Loops": 1
                                                                    }
                                                                ]
                                                            }
                                                        ]
                                                    }
                                                ]
                                            },
                                            {
                                                "Node Type": "Index Scan",
                                                "Parent Relationship": "Inner",
                                                "Parallel Aware": false,
                                                "Scan Direction": "Forward",
                                                "Index Name": "char_name_pkey",
                                                "Relation Name": "char_name",
                                                "Schema": "public",
                                                "Alias": "chn",
                                                "Startup Cost": 0.43,
                                                "Total Cost": 5.49,
                                                "Plan Rows": 1,
                                                "Plan Width": 20,
                                                "Actual Startup Time": 0.012,
                                                "Actual Total Time": 0.012,
                                                "Actual Rows": 1,
                                                "Actual Loops": 112,
                                                "Output": [
                                                    "chn.id",
                                                    "chn.name",
                                                    "chn.imdb_index",
                                                    "chn.imdb_id",
                                                    "chn.name_pcode_nf",
                                                    "chn.surname_pcode",
                                                    "chn.md5sum"
                                                ],
                                                "Index Cond": "(chn.id = ci.person_role_id)",
                                                "Rows Removed by Index Recheck": 0,
                                                "Workers": [
                                                    {
                                                        "Worker Number": 0,
                                                        "Actual Startup Time": 0.011,
                                                        "Actual Total Time": 0.011,
                                                        "Actual Rows": 1,
                                                        "Actual Loops": 47
                                                    },
                                                    {
                                                        "Worker Number": 1,
                                                        "Actual Startup Time": 0.014,
                                                        "Actual Total Time": 0.014,
                                                        "Actual Rows": 1,
                                                        "Actual Loops": 16
                                                    },
                                                    {
                                                        "Worker Number": 2,
                                                        "Actual Startup Time": 0.013,
                                                        "Actual Total Time": 0.013,
                                                        "Actual Rows": 1,
                                                        "Actual Loops": 21
                                                    }
                                                ]
                                            }
                                        ]
                                    },
                                    {
                                        "Node Type": "Index Only Scan",
                                        "Parent Relationship": "Inner",
                                        "Parallel Aware": false,
                                        "Scan Direction": "Forward",
                                        "Index Name": "company_type_pkey",
                                        "Relation Name": "company_type",
                                        "Schema": "public",
                                        "Alias": "ct",
                                        "Startup Cost": 0.13,
                                        "Total Cost": 0.15,
                                        "Plan Rows": 1,
                                        "Plan Width": 4,
                                        "Actual Startup Time": 0.004,
                                        "Actual Total Time": 0.004,
                                        "Actual Rows": 1,
                                        "Actual Loops": 104,
                                        "Output": [
                                            "ct.id"
                                        ],
                                        "Index Cond": "(ct.id = mc.company_type_id)",
                                        "Rows Removed by Index Recheck": 0,
                                        "Heap Fetches": 104,
                                        "Workers": [
                                            {
                                                "Worker Number": 0,
                                                "Actual Startup Time": 0.003,
                                                "Actual Total Time": 0.003,
                                                "Actual Rows": 1,
                                                "Actual Loops": 45
                                            },
                                            {
                                                "Worker Number": 1,
                                                "Actual Startup Time": 0.007,
                                                "Actual Total Time": 0.007,
                                                "Actual Rows": 1,
                                                "Actual Loops": 14
                                            },
                                            {
                                                "Worker Number": 2,
                                                "Actual Startup Time": 0.006,
                                                "Actual Total Time": 0.006,
                                                "Actual Rows": 1,
                                                "Actual Loops": 18
                                            }
                                        ]
                                    }
                                ]
                            }
                        ]
                    }
                ]
            }
        ]
    },
    "Planning Time": 8.446,
    "Triggers": [],
    "Execution Time": 421.231
}