[
  {
    "Plan": {
      "Node Type": "Aggregate",
      "Strategy": "Plain",
      "Partial Mode": "Finalize",
      "Parallel Aware": false,
      "Startup Cost": 326307.89,
      "Total Cost": 326307.9,
      "Plan Rows": 1,
      "Plan Width": 8,
      "Actual Startup Time": 1177.951,
      "Actual Total Time": 1225.758,
      "Actual Rows": 1,
      "Actual Loops": 1,
      "Plans": [
        {
          "Node Type": "Gather",
          "Parent Relationship": "Outer",
          "Parallel Aware": false,
          "Startup Cost": 326307.37,
          "Total Cost": 326307.88,
          "Plan Rows": 5,
          "Plan Width": 8,
          "Actual Startup Time": 1166.229,
          "Actual Total Time": 1225.75,
          "Actual Rows": 6,
          "Actual Loops": 1,
          "Workers Planned": 5,
          "Workers Launched": 5,
          "Single Copy": false,
          "Plans": [
            {
              "Node Type": "Aggregate",
              "Strategy": "Plain",
              "Partial Mode": "Partial",
              "Parent Relationship": "Outer",
              "Parallel Aware": false,
              "Startup Cost": 325307.37,
              "Total Cost": 325307.38,
              "Plan Rows": 1,
              "Plan Width": 8,
              "Actual Startup Time": 1149.501,
              "Actual Total Time": 1149.507,
              "Actual Rows": 1,
              "Actual Loops": 6,
              "Plans": [
                {
                  "Node Type": "Hash Join",
                  "Parent Relationship": "Outer",
                  "Parallel Aware": true,
                  "Join Type": "Inner",
                  "Startup Cost": 101382.39,
                  "Total Cost": 319061.08,
                  "Plan Rows": 2498514,
                  "Plan Width": 0,
                  "Actual Startup Time": 373.92,
                  "Actual Total Time": 1111.712,
                  "Actual Rows": 937272,
                  "Actual Loops": 6,
                  "Inner Unique": false,
                  "Hash Cond": "(mi.movie_id = t.id)",
                  "Plans": [
                    {
                      "Node Type": "Seq Scan",
                      "Parent Relationship": "Outer",
                      "Parallel Aware": true,
                      "Relation Name": "movie_info",
                      "Alias": "mi",
                      "Startup Cost": 0.0,
                      "Total Cost": 199108.24,
                      "Plan Rows": 2802861,
                      "Plan Width": 4,
                      "Actual Startup Time": 0.041,
                      "Actual Total Time": 339.036,
                      "Actual Rows": 2338930,
                      "Actual Loops": 6,
                      "Filter": "(info_type_id > 1)",
                      "Rows Removed by Filter": 133690
                    },
                    {
                      "Node Type": "Hash",
                      "Parent Relationship": "Inner",
                      "Parallel Aware": true,
                      "Startup Cost": 92294.19,
                      "Total Cost": 92294.19,
                      "Plan Rows": 727056,
                      "Plan Width": 8,
                      "Actual Startup Time": 367.02,
                      "Actual Total Time": 367.024,
                      "Actual Rows": 91853,
                      "Actual Loops": 6,
                      "Hash Buckets": 4194304,
                      "Original Hash Buckets": 4194304,
                      "Hash Batches": 1,
                      "Original Hash Batches": 1,
                      "Peak Memory Usage": 54432,
                      "Plans": [
                        {
                          "Node Type": "Hash Join",
                          "Parent Relationship": "Outer",
                          "Parallel Aware": true,
                          "Join Type": "Inner",
                          "Startup Cost": 49416.11,
                          "Total Cost": 92294.19,
                          "Plan Rows": 727056,
                          "Plan Width": 8,
                          "Actual Startup Time": 183.848,
                          "Actual Total Time": 325.779,
                          "Actual Rows": 91853,
                          "Actual Loops": 6,
                          "Inner Unique": true,
                          "Hash Cond": "(mk.movie_id = t.id)",
                          "Plans": [
                            {
                              "Node Type": "Seq Scan",
                              "Parent Relationship": "Outer",
                              "Parallel Aware": true,
                              "Relation Name": "movie_keyword",
                              "Alias": "mk",
                              "Startup Cost": 0.0,
                              "Total Cost": 39047.32,
                              "Plan Rows": 1459332,
                              "Plan Width": 4,
                              "Actual Startup Time": 0.035,
                              "Actual Total Time": 60.203,
                              "Actual Rows": 753988,
                              "Actual Loops": 6
                            },
                            {
                              "Node Type": "Hash",
                              "Parent Relationship": "Inner",
                              "Parallel Aware": true,
                              "Startup Cost": 45479.59,
                              "Total Cost": 45479.59,
                              "Plan Rows": 314922,
                              "Plan Width": 4,
                              "Actual Startup Time": 181.305,
                              "Actual Total Time": 181.306,
                              "Actual Rows": 203589,
                              "Actual Loops": 6,
                              "Hash Buckets": 2097152,
                              "Original Hash Buckets": 2097152,
                              "Hash Batches": 1,
                              "Original Hash Batches": 1,
                              "Peak Memory Usage": 64224,
                              "Plans": [
                                {
                                  "Node Type": "Seq Scan",
                                  "Parent Relationship": "Outer",
                                  "Parallel Aware": true,
                                  "Relation Name": "title",
                                  "Alias": "t",
                                  "Startup Cost": 0.0,
                                  "Total Cost": 45479.59,
                                  "Plan Rows": 314922,
                                  "Plan Width": 4,
                                  "Actual Startup Time": 0.064,
                                  "Actual Total Time": 85.014,
                                  "Actual Rows": 203589,
                                  "Actual Loops": 6,
                                  "Filter": "((production_year < 2011) AND (kind_id = 7))",
                                  "Rows Removed by Filter": 217796
                                }
                              ]
                            }
                          ]
                        }
                      ]
                    }
                  ]
                }
              ]
            }
          ]
        }
      ]
    },
    "Planning Time": 0.683,
    "Triggers": [],
    "Execution Time": 1225.845
  }
]