[
  {
    "Plan": {
      "Node Type": "Aggregate",
      "Strategy": "Plain",
      "Partial Mode": "Simple",
      "Parallel Aware": false,
      "Startup Cost": 13505.22,
      "Total Cost": 13505.23,
      "Plan Rows": 1,
      "Plan Width": 8,
      "Actual Startup Time": 6.346,
      "Actual Total Time": 6.348,
      "Actual Rows": 1,
      "Actual Loops": 1,
      "Plans": [
        {
          "Node Type": "Bitmap Heap Scan",
          "Parent Relationship": "Outer",
          "Parallel Aware": false,
          "Relation Name": "movie_companies",
          "Alias": "mc",
          "Startup Cost": 143.66,
          "Total Cost": 13488.69,
          "Plan Rows": 6610,
          "Plan Width": 0,
          "Actual Startup Time": 1.326,
          "Actual Total Time": 5.267,
          "Actual Rows": 6354,
          "Actual Loops": 1,
          "Recheck Cond": "(company_id = 1284)",
          "Rows Removed by Index Recheck": 0,
          "Exact Heap Blocks": 719,
          "Lossy Heap Blocks": 0,
          "Plans": [
            {
              "Node Type": "Bitmap Index Scan",
              "Parent Relationship": "Outer",
              "Parallel Aware": false,
              "Index Name": "company_id_movie_companies",
              "Startup Cost": 0.0,
              "Total Cost": 142.0,
              "Plan Rows": 6610,
              "Plan Width": 0,
              "Actual Startup Time": 1.06,
              "Actual Total Time": 1.061,
              "Actual Rows": 6354,
              "Actual Loops": 1,
              "Index Cond": "(company_id = 1284)"
            }
          ]
        }
      ]
    },
    "Planning Time": 0.151,
    "Triggers": [],
    "Execution Time": 6.41
  }
]