{
  "Plan": {
    "Node Type": "Aggregate",
    "Strategy": "Plain",
    "Partial Mode": "Finalize",
    "Parallel Aware": false,
    "Startup Cost": 86113.4,
    "Total Cost": 86113.41,
    "Plan Rows": 1,
    "Plan Width": 8,
    "Actual Startup Time": 186.39,
    "Actual Total Time": 198.385,
    "Actual Rows": 1,
    "Actual Loops": 1,
    "Plans": [
      {
        "Node Type": "Gather",
        "Parent Relationship": "Outer",
        "Parallel Aware": false,
        "Startup Cost": 86113.29,
        "Total Cost": 86113.4,
        "Plan Rows": 1,
        "Plan Width": 8,
        "Actual Startup Time": 186.053,
        "Actual Total Time": 198.379,
        "Actual Rows": 2,
        "Actual Loops": 1,
        "Workers Planned": 1,
        "Workers Launched": 1,
        "Single Copy": false,
        "Plans": [
          {
            "Node Type": "Aggregate",
            "Strategy": "Plain",
            "Partial Mode": "Partial",
            "Parent Relationship": "Outer",
            "Parallel Aware": false,
            "Startup Cost": 85113.29,
            "Total Cost": 85113.3,
            "Plan Rows": 1,
            "Plan Width": 8,
            "Actual Startup Time": 180.102,
            "Actual Total Time": 180.106,
            "Actual Rows": 1,
            "Actual Loops": 2,
            "Plans": [
              {
                "Node Type": "Hash Join",
                "Parent Relationship": "Outer",
                "Parallel Aware": true,
                "Join Type": "Inner",
                "Startup Cost": 59090.77,
                "Total Cost": 85113.16,
                "Plan Rows": 52,
                "Plan Width": 0,
                "Actual Startup Time": 177.158,
                "Actual Total Time": 180.099,
                "Actual Rows": 0,
                "Actual Loops": 2,
                "Inner Unique": true,
                "Hash Cond": "(mk.movie_id = t.id)",
                "Plans": [
                  {
                    "Node Type": "Bitmap Heap Scan",
                    "Parent Relationship": "Outer",
                    "Parallel Aware": true,
                    "Relation Name": "movie_keyword",
                    "Alias": "mk",
                    "Startup Cost": 737.23,
                    "Total Cost": 26706.06,
                    "Plan Rows": 20402,
                    "Plan Width": 4,
                    "Actual Startup Time": 6.817,
                    "Actual Total Time": 29.571,
                    "Actual Rows": 17355,
                    "Actual Loops": 2,
                    "Recheck Cond": "(keyword_id = 2488)",
                    "Rows Removed by Index Recheck": 0,
                    "Exact Heap Blocks": 10818,
                    "Lossy Heap Blocks": 0,
                    "Plans": [
                      {
                        "Node Type": "Bitmap Index Scan",
                        "Parent Relationship": "Outer",
                        "Parallel Aware": false,
                        "Index Name": "keyword_id_movie_keyword",
                        "Startup Cost": 0.0,
                        "Total Cost": 728.55,
                        "Plan Rows": 34683,
                        "Plan Width": 0,
                        "Actual Startup Time": 4.59,
                        "Actual Total Time": 4.591,
                        "Actual Rows": 34710,
                        "Actual Loops": 1,
                        "Index Cond": "(keyword_id = 2488)"
                      }
                    ]
                  },
                  {
                    "Node Type": "Hash",
                    "Parent Relationship": "Inner",
                    "Parallel Aware": true,
                    "Startup Cost": 58306.47,
                    "Total Cost": 58306.47,
                    "Plan Rows": 3766,
                    "Plan Width": 4,
                    "Actual Startup Time": 146.899,
                    "Actual Total Time": 146.9,
                    "Actual Rows": 2850,
                    "Actual Loops": 2,
                    "Hash Buckets": 8192,
                    "Original Hash Buckets": 8192,
                    "Hash Batches": 1,
                    "Original Hash Batches": 1,
                    "Peak Memory Usage": 288,
                    "Plans": [
                      {
                        "Node Type": "Seq Scan",
                        "Parent Relationship": "Outer",
                        "Parallel Aware": true,
                        "Relation Name": "title",
                        "Alias": "t",
                        "Startup Cost": 0.0,
                        "Total Cost": 58306.47,
                        "Plan Rows": 3766,
                        "Plan Width": 4,
                        "Actual Startup Time": 0.176,
                        "Actual Total Time": 145.517,
                        "Actual Rows": 2850,
                        "Actual Loops": 2,
                        "Filter": "((kind_id > 1) AND (production_year = 1956))",
                        "Rows Removed by Filter": 1261306
                      }
                    ]
                  }
                ]
              }
            ]
          }
        ]
      }
    ]
  },
  "Planning Time": 0.47,
  "Triggers": [],
  "Execution Time": 198.478
}