[
  {
    "Plan": {
      "Node Type": "Aggregate",
      "Strategy": "Plain",
      "Partial Mode": "Simple",
      "Parallel Aware": false,
      "Startup Cost": 14286.25,
      "Total Cost": 14286.26,
      "Plan Rows": 1,
      "Plan Width": 8,
      "Actual Startup Time": 5.64,
      "Actual Total Time": 5.641,
      "Actual Rows": 1,
      "Actual Loops": 1,
      "Plans": [
        {
          "Node Type": "Bitmap Heap Scan",
          "Parent Relationship": "Outer",
          "Parallel Aware": false,
          "Relation Name": "movie_keyword",
          "Alias": "mk",
          "Startup Cost": 131.86,
          "Total Cost": 14270.95,
          "Plan Rows": 6120,
          "Plan Width": 0,
          "Actual Startup Time": 0.952,
          "Actual Total Time": 5.08,
          "Actual Rows": 5232,
          "Actual Loops": 1,
          "Recheck Cond": "(keyword_id > 129301)",
          "Rows Removed by Index Recheck": 0,
          "Exact Heap Blocks": 1679,
          "Lossy Heap Blocks": 0,
          "Plans": [
            {
              "Node Type": "Bitmap Index Scan",
              "Parent Relationship": "Outer",
              "Parallel Aware": false,
              "Index Name": "keyword_id_movie_keyword",
              "Startup Cost": 0.0,
              "Total Cost": 130.33,
              "Plan Rows": 6120,
              "Plan Width": 0,
              "Actual Startup Time": 0.566,
              "Actual Total Time": 0.566,
              "Actual Rows": 5232,
              "Actual Loops": 1,
              "Index Cond": "(keyword_id > 129301)"
            }
          ]
        }
      ]
    },
    "Planning Time": 0.123,
    "Triggers": [],
    "Execution Time": 5.674
  }
]