[
  {
    "Plan": {
      "Node Type": "Aggregate",
      "Strategy": "Plain",
      "Partial Mode": "Simple",
      "Parallel Aware": false,
      "Startup Cost": 14547.74,
      "Total Cost": 14547.75,
      "Plan Rows": 1,
      "Plan Width": 8,
      "Actual Startup Time": 9.555,
      "Actual Total Time": 9.557,
      "Actual Rows": 1,
      "Actual Loops": 1,
      "Plans": [
        {
          "Node Type": "Bitmap Heap Scan",
          "Parent Relationship": "Outer",
          "Parallel Aware": false,
          "Relation Name": "movie_keyword",
          "Alias": "mk",
          "Startup Cost": 137.2,
          "Total Cost": 14532.01,
          "Plan Rows": 6293,
          "Plan Width": 0,
          "Actual Startup Time": 1.726,
          "Actual Total Time": 8.635,
          "Actual Rows": 5232,
          "Actual Loops": 1,
          "Recheck Cond": "(keyword_id > 129301)",
          "Rows Removed by Index Recheck": 0,
          "Exact Heap Blocks": 1679,
          "Lossy Heap Blocks": 0,
          "Plans": [
            {
              "Node Type": "Bitmap Index Scan",
              "Parent Relationship": "Outer",
              "Parallel Aware": false,
              "Index Name": "keyword_id_movie_keyword",
              "Startup Cost": 0.0,
              "Total Cost": 135.63,
              "Plan Rows": 6293,
              "Plan Width": 0,
              "Actual Startup Time": 1.061,
              "Actual Total Time": 1.062,
              "Actual Rows": 5232,
              "Actual Loops": 1,
              "Index Cond": "(keyword_id > 129301)"
            }
          ]
        }
      ]
    },
    "Planning Time": 0.258,
    "Triggers": [],
    "Execution Time": 9.623
  }
]