[
  {
    "Plan": {
      "Node Type": "Aggregate",
      "Strategy": "Plain",
      "Partial Mode": "Finalize",
      "Parallel Aware": false,
      "Startup Cost": 33175.42,
      "Total Cost": 33175.43,
      "Plan Rows": 1,
      "Plan Width": 8,
      "Actual Startup Time": 102.313,
      "Actual Total Time": 110.109,
      "Actual Rows": 1,
      "Actual Loops": 1,
      "Plans": [
        {
          "Node Type": "Gather",
          "Parent Relationship": "Outer",
          "Parallel Aware": false,
          "Startup Cost": 33175.11,
          "Total Cost": 33175.42,
          "Plan Rows": 3,
          "Plan Width": 8,
          "Actual Startup Time": 102.162,
          "Actual Total Time": 110.098,
          "Actual Rows": 4,
          "Actual Loops": 1,
          "Workers Planned": 3,
          "Workers Launched": 3,
          "Single Copy": false,
          "Plans": [
            {
              "Node Type": "Aggregate",
              "Strategy": "Plain",
              "Partial Mode": "Partial",
              "Parent Relationship": "Outer",
              "Parallel Aware": false,
              "Startup Cost": 32175.11,
              "Total Cost": 32175.12,
              "Plan Rows": 1,
              "Plan Width": 8,
              "Actual Startup Time": 95.317,
              "Actual Total Time": 95.318,
              "Actual Rows": 1,
              "Actual Loops": 4,
              "Plans": [
                {
                  "Node Type": "Seq Scan",
                  "Parent Relationship": "Outer",
                  "Parallel Aware": true,
                  "Relation Name": "movie_companies",
                  "Alias": "mc",
                  "Startup Cost": 0.0,
                  "Total Cost": 31414.82,
                  "Plan Rows": 304115,
                  "Plan Width": 0,
                  "Actual Startup Time": 0.031,
                  "Actual Total Time": 78.762,
                  "Actual Rows": 311728,
                  "Actual Loops": 4,
                  "Filter": "((company_id < 49456) AND (company_type_id = 1))",
                  "Rows Removed by Filter": 340554
                }
              ]
            }
          ]
        }
      ]
    },
    "Planning Time": 0.144,
    "Triggers": [],
    "Execution Time": 110.146
  }
]