{
  "Plan": {
    "Node Type": "Aggregate",
    "Strategy": "Plain",
    "Partial Mode": "Finalize",
    "Parallel Aware": false,
    "Startup Cost": 613849.15,
    "Total Cost": 613849.16,
    "Plan Rows": 1,
    "Plan Width": 8,
    "Actual Startup Time": 3665.627,
    "Actual Total Time": 3703.682,
    "Actual Rows": 1,
    "Actual Loops": 1,
    "Plans": [
      {
        "Node Type": "Gather",
        "Parent Relationship": "Outer",
        "Parallel Aware": false,
        "Startup Cost": 613849.04,
        "Total Cost": 613849.15,
        "Plan Rows": 1,
        "Plan Width": 8,
        "Actual Startup Time": 3660.588,
        "Actual Total Time": 3703.672,
        "Actual Rows": 2,
        "Actual Loops": 1,
        "Workers Planned": 1,
        "Workers Launched": 1,
        "Single Copy": false,
        "Plans": [
          {
            "Node Type": "Aggregate",
            "Strategy": "Plain",
            "Partial Mode": "Partial",
            "Parent Relationship": "Outer",
            "Parallel Aware": false,
            "Startup Cost": 612849.04,
            "Total Cost": 612849.05,
            "Plan Rows": 1,
            "Plan Width": 8,
            "Actual Startup Time": 3649.127,
            "Actual Total Time": 3649.131,
            "Actual Rows": 1,
            "Actual Loops": 2,
            "Plans": [
              {
                "Node Type": "Hash Join",
                "Parent Relationship": "Outer",
                "Parallel Aware": true,
                "Join Type": "Inner",
                "Startup Cost": 264444.21,
                "Total Cost": 604303.92,
                "Plan Rows": 3418049,
                "Plan Width": 0,
                "Actual Startup Time": 987.875,
                "Actual Total Time": 3478.261,
                "Actual Rows": 4393658,
                "Actual Loops": 2,
                "Inner Unique": true,
                "Hash Cond": "(ci.movie_id = t.id)",
                "Plans": [
                  {
                    "Node Type": "Bitmap Heap Scan",
                    "Parent Relationship": "Outer",
                    "Parallel Aware": true,
                    "Relation Name": "cast_info",
                    "Alias": "ci",
                    "Startup Cost": 194983.51,
                    "Total Cost": 525870.83,
                    "Plan Rows": 3418049,
                    "Plan Width": 4,
                    "Actual Startup Time": 423.137,
                    "Actual Total Time": 1089.699,
                    "Actual Rows": 4393658,
                    "Actual Loops": 2,
                    "Recheck Cond": "(person_id > 2812630)",
                    "Rows Removed by Index Recheck": 0,
                    "Filter": "(role_id > 1)",
                    "Rows Removed by Filter": 0,
                    "Exact Heap Blocks": 52752,
                    "Lossy Heap Blocks": 0,
                    "Plans": [
                      {
                        "Node Type": "Bitmap Index Scan",
                        "Parent Relationship": "Outer",
                        "Parallel Aware": false,
                        "Index Name": "person_id_cast_info",
                        "Startup Cost": 0.0,
                        "Total Cost": 193530.84,
                        "Plan Rows": 8862703,
                        "Plan Width": 0,
                        "Actual Startup Time": 405.779,
                        "Actual Total Time": 405.779,
                        "Actual Rows": 8787316,
                        "Actual Loops": 1,
                        "Index Cond": "(person_id > 2812630)"
                      }
                    ]
                  },
                  {
                    "Node Type": "Hash",
                    "Parent Relationship": "Inner",
                    "Parallel Aware": true,
                    "Startup Cost": 50870.31,
                    "Total Cost": 50870.31,
                    "Plan Rows": 1487231,
                    "Plan Width": 4,
                    "Actual Startup Time": 543.065,
                    "Actual Total Time": 543.066,
                    "Actual Rows": 1264156,
                    "Actual Loops": 2,
                    "Hash Buckets": 4194304,
                    "Original Hash Buckets": 4194304,
                    "Hash Batches": 1,
                    "Original Hash Batches": 1,
                    "Peak Memory Usage": 131712,
                    "Plans": [
                      {
                        "Node Type": "Seq Scan",
                        "Parent Relationship": "Outer",
                        "Parallel Aware": true,
                        "Relation Name": "title",
                        "Alias": "t",
                        "Startup Cost": 0.0,
                        "Total Cost": 50870.31,
                        "Plan Rows": 1487231,
                        "Plan Width": 4,
                        "Actual Startup Time": 0.046,
                        "Actual Total Time": 156.253,
                        "Actual Rows": 1264156,
                        "Actual Loops": 2
                      }
                    ]
                  }
                ]
              }
            ]
          }
        ]
      }
    ]
  },
  "Planning Time": 0.655,
  "Triggers": [],
  "Execution Time": 3703.778
}