[
  {
    "Plan": {
      "Node Type": "Aggregate",
      "Strategy": "Plain",
      "Partial Mode": "Finalize",
      "Parallel Aware": false,
      "Startup Cost": 33365.85,
      "Total Cost": 33365.86,
      "Plan Rows": 1,
      "Plan Width": 8,
      "Actual Startup Time": 103.544,
      "Actual Total Time": 111.582,
      "Actual Rows": 1,
      "Actual Loops": 1,
      "Plans": [
        {
          "Node Type": "Gather",
          "Parent Relationship": "Outer",
          "Parallel Aware": false,
          "Startup Cost": 33365.53,
          "Total Cost": 33365.84,
          "Plan Rows": 3,
          "Plan Width": 8,
          "Actual Startup Time": 103.321,
          "Actual Total Time": 111.574,
          "Actual Rows": 4,
          "Actual Loops": 1,
          "Workers Planned": 3,
          "Workers Launched": 3,
          "Single Copy": false,
          "Plans": [
            {
              "Node Type": "Aggregate",
              "Strategy": "Plain",
              "Partial Mode": "Partial",
              "Parent Relationship": "Outer",
              "Parallel Aware": false,
              "Startup Cost": 32365.53,
              "Total Cost": 32365.54,
              "Plan Rows": 1,
              "Plan Width": 8,
              "Actual Startup Time": 97.396,
              "Actual Total Time": 97.397,
              "Actual Rows": 1,
              "Actual Loops": 4,
              "Plans": [
                {
                  "Node Type": "Bitmap Heap Scan",
                  "Parent Relationship": "Outer",
                  "Parallel Aware": true,
                  "Relation Name": "movie_keyword",
                  "Alias": "mk",
                  "Startup Cost": 6442.05,
                  "Total Cost": 32120.62,
                  "Plan Rows": 97965,
                  "Plan Width": 0,
                  "Actual Startup Time": 32.216,
                  "Actual Total Time": 92.544,
                  "Actual Rows": 79305,
                  "Actual Loops": 4,
                  "Recheck Cond": "(keyword_id < 250)",
                  "Rows Removed by Index Recheck": 0,
                  "Exact Heap Blocks": 12180,
                  "Lossy Heap Blocks": 0,
                  "Plans": [
                    {
                      "Node Type": "Bitmap Index Scan",
                      "Parent Relationship": "Outer",
                      "Parallel Aware": false,
                      "Index Name": "keyword_id_movie_keyword",
                      "Startup Cost": 0.0,
                      "Total Cost": 6366.13,
                      "Plan Rows": 303693,
                      "Plan Width": 0,
                      "Actual Startup Time": 33.41,
                      "Actual Total Time": 33.411,
                      "Actual Rows": 317219,
                      "Actual Loops": 1,
                      "Index Cond": "(keyword_id < 250)"
                    }
                  ]
                }
              ]
            }
          ]
        }
      ]
    },
    "Planning Time": 0.178,
    "Triggers": [],
    "Execution Time": 111.659
  }
]