[
    {
        "Bao": {
            "Bao prediction": "NaN",
            "Bao recommended hint": "(no hint)"
        }
    },
    {
        "Plan": {
            "Node Type": "Aggregate",
            "Strategy": "Plain",
            "Partial Mode": "Finalize",
            "Parallel Aware": false,
            "Startup Cost": 30090.14,
            "Total Cost": 30090.15,
            "Plan Rows": 1,
            "Plan Width": 8,
            "Actual Startup Time": 76.089,
            "Actual Total Time": 81.88,
            "Actual Rows": 1,
            "Actual Loops": 1,
            "Output": [
                "count(*)"
            ],
            "Plans": [
                {
                    "Node Type": "Gather",
                    "Parent Relationship": "Outer",
                    "Parallel Aware": false,
                    "Startup Cost": 30089.83,
                    "Total Cost": 30090.14,
                    "Plan Rows": 3,
                    "Plan Width": 8,
                    "Actual Startup Time": 75.881,
                    "Actual Total Time": 81.873,
                    "Actual Rows": 4,
                    "Actual Loops": 1,
                    "Output": [
                        "(PARTIAL count(*))"
                    ],
                    "Workers Planned": 3,
                    "Workers Launched": 3,
                    "Single Copy": false,
                    "Plans": [
                        {
                            "Node Type": "Aggregate",
                            "Strategy": "Plain",
                            "Partial Mode": "Partial",
                            "Parent Relationship": "Outer",
                            "Parallel Aware": false,
                            "Startup Cost": 29089.83,
                            "Total Cost": 29089.84,
                            "Plan Rows": 1,
                            "Plan Width": 8,
                            "Actual Startup Time": 67.123,
                            "Actual Total Time": 67.124,
                            "Actual Rows": 1,
                            "Actual Loops": 4,
                            "Output": [
                                "PARTIAL count(*)"
                            ],
                            "Workers": [
                                {
                                    "Worker Number": 0,
                                    "Actual Startup Time": 64.331,
                                    "Actual Total Time": 64.333,
                                    "Actual Rows": 1,
                                    "Actual Loops": 1
                                },
                                {
                                    "Worker Number": 1,
                                    "Actual Startup Time": 63.962,
                                    "Actual Total Time": 63.964,
                                    "Actual Rows": 1,
                                    "Actual Loops": 1
                                },
                                {
                                    "Worker Number": 2,
                                    "Actual Startup Time": 64.588,
                                    "Actual Total Time": 64.589,
                                    "Actual Rows": 1,
                                    "Actual Loops": 1
                                }
                            ],
                            "Plans": [
                                {
                                    "Node Type": "Bitmap Heap Scan",
                                    "Parent Relationship": "Outer",
                                    "Parallel Aware": true,
                                    "Relation Name": "movie_keyword",
                                    "Schema": "public",
                                    "Alias": "mk",
                                    "Startup Cost": 3775.07,
                                    "Total Cost": 28946.37,
                                    "Plan Rows": 57384,
                                    "Plan Width": 0,
                                    "Actual Startup Time": 14.826,
                                    "Actual Total Time": 64.256,
                                    "Actual Rows": 43014,
                                    "Actual Loops": 4,
                                    "Recheck Cond": "(mk.keyword_id > 72058)",
                                    "Rows Removed by Index Recheck": 0,
                                    "Exact Heap Blocks": 12110,
                                    "Lossy Heap Blocks": 0,
                                    "Workers": [
                                        {
                                            "Worker Number": 0,
                                            "Actual Startup Time": 12.101,
                                            "Actual Total Time": 61.891,
                                            "Actual Rows": 23029,
                                            "Actual Loops": 1
                                        },
                                        {
                                            "Worker Number": 1,
                                            "Actual Startup Time": 11.825,
                                            "Actual Total Time": 61.754,
                                            "Actual Rows": 19888,
                                            "Actual Loops": 1
                                        },
                                        {
                                            "Worker Number": 2,
                                            "Actual Startup Time": 12.284,
                                            "Actual Total Time": 62.069,
                                            "Actual Rows": 23882,
                                            "Actual Loops": 1
                                        }
                                    ],
                                    "Plans": [
                                        {
                                            "Node Type": "Bitmap Index Scan",
                                            "Parent Relationship": "Outer",
                                            "Parallel Aware": false,
                                            "Index Name": "keyword_id_movie_keyword",
                                            "Startup Cost": 0.0,
                                            "Total Cost": 3730.6,
                                            "Plan Rows": 177889,
                                            "Plan Width": 0,
                                            "Actual Startup Time": 20.249,
                                            "Actual Total Time": 20.25,
                                            "Actual Rows": 172057,
                                            "Actual Loops": 1,
                                            "Index Cond": "(mk.keyword_id > 72058)"
                                        }
                                    ]
                                }
                            ]
                        }
                    ]
                }
            ]
        },
        "Planning Time": 176.457,
        "Triggers": [],
        "Execution Time": 81.938
    }
]