[
    {
        "Bao": {
            "Bao prediction": "NaN",
            "Bao recommended hint": "(no hint)"
        }
    },
    {
        "Plan": {
            "Node Type": "Aggregate",
            "Strategy": "Plain",
            "Partial Mode": "Finalize",
            "Parallel Aware": false,
            "Startup Cost": 46485.58,
            "Total Cost": 46485.59,
            "Plan Rows": 1,
            "Plan Width": 8,
            "Actual Startup Time": 88.181,
            "Actual Total Time": 96.429,
            "Actual Rows": 1,
            "Actual Loops": 1,
            "Output": [
                "count(*)"
            ],
            "Plans": [
                {
                    "Node Type": "Gather",
                    "Parent Relationship": "Outer",
                    "Parallel Aware": false,
                    "Startup Cost": 46485.16,
                    "Total Cost": 46485.57,
                    "Plan Rows": 4,
                    "Plan Width": 8,
                    "Actual Startup Time": 87.926,
                    "Actual Total Time": 96.421,
                    "Actual Rows": 5,
                    "Actual Loops": 1,
                    "Output": [
                        "(PARTIAL count(*))"
                    ],
                    "Workers Planned": 4,
                    "Workers Launched": 4,
                    "Single Copy": false,
                    "Plans": [
                        {
                            "Node Type": "Aggregate",
                            "Strategy": "Plain",
                            "Partial Mode": "Partial",
                            "Parent Relationship": "Outer",
                            "Parallel Aware": false,
                            "Startup Cost": 45485.16,
                            "Total Cost": 45485.17,
                            "Plan Rows": 1,
                            "Plan Width": 8,
                            "Actual Startup Time": 79.16,
                            "Actual Total Time": 79.161,
                            "Actual Rows": 1,
                            "Actual Loops": 5,
                            "Output": [
                                "PARTIAL count(*)"
                            ],
                            "Workers": [
                                {
                                    "Worker Number": 0,
                                    "Actual Startup Time": 76.372,
                                    "Actual Total Time": 76.373,
                                    "Actual Rows": 1,
                                    "Actual Loops": 1
                                },
                                {
                                    "Worker Number": 1,
                                    "Actual Startup Time": 76.902,
                                    "Actual Total Time": 76.903,
                                    "Actual Rows": 1,
                                    "Actual Loops": 1
                                },
                                {
                                    "Worker Number": 2,
                                    "Actual Startup Time": 77.466,
                                    "Actual Total Time": 77.467,
                                    "Actual Rows": 1,
                                    "Actual Loops": 1
                                },
                                {
                                    "Worker Number": 3,
                                    "Actual Startup Time": 77.577,
                                    "Actual Total Time": 77.578,
                                    "Actual Rows": 1,
                                    "Actual Loops": 1
                                }
                            ],
                            "Plans": [
                                {
                                    "Node Type": "Seq Scan",
                                    "Parent Relationship": "Outer",
                                    "Parallel Aware": true,
                                    "Relation Name": "title",
                                    "Schema": "public",
                                    "Alias": "t",
                                    "Startup Cost": 0.0,
                                    "Total Cost": 45479.21,
                                    "Plan Rows": 2381,
                                    "Plan Width": 0,
                                    "Actual Startup Time": 0.707,
                                    "Actual Total Time": 78.951,
                                    "Actual Rows": 1882,
                                    "Actual Loops": 5,
                                    "Output": [
                                        "id",
                                        "title",
                                        "imdb_index",
                                        "kind_id",
                                        "production_year",
                                        "imdb_id",
                                        "phonetic_code",
                                        "episode_of_id",
                                        "season_nr",
                                        "episode_nr",
                                        "series_years",
                                        "md5sum"
                                    ],
                                    "Filter": "((t.kind_id < 7) AND (t.production_year = 1990))",
                                    "Rows Removed by Filter": 503781,
                                    "Workers": [
                                        {
                                            "Worker Number": 0,
                                            "Actual Startup Time": 1.376,
                                            "Actual Total Time": 76.137,
                                            "Actual Rows": 1156,
                                            "Actual Loops": 1
                                        },
                                        {
                                            "Worker Number": 1,
                                            "Actual Startup Time": 0.938,
                                            "Actual Total Time": 76.691,
                                            "Actual Rows": 1737,
                                            "Actual Loops": 1
                                        },
                                        {
                                            "Worker Number": 2,
                                            "Actual Startup Time": 0.541,
                                            "Actual Total Time": 77.247,
                                            "Actual Rows": 1792,
                                            "Actual Loops": 1
                                        },
                                        {
                                            "Worker Number": 3,
                                            "Actual Startup Time": 0.175,
                                            "Actual Total Time": 77.37,
                                            "Actual Rows": 1716,
                                            "Actual Loops": 1
                                        }
                                    ]
                                }
                            ]
                        }
                    ]
                }
            ]
        },
        "Planning Time": 211.778,
        "Triggers": [],
        "Execution Time": 96.489
    }
]