[
  {
    "Plan": {
      "Node Type": "Aggregate",
      "Strategy": "Plain",
      "Partial Mode": "Finalize",
      "Parallel Aware": false,
      "Startup Cost": 62169.26,
      "Total Cost": 62169.27,
      "Plan Rows": 1,
      "Plan Width": 8,
      "Actual Startup Time": 211.391,
      "Actual Total Time": 226.463,
      "Actual Rows": 1,
      "Actual Loops": 1,
      "Plans": [
        {
          "Node Type": "Gather",
          "Parent Relationship": "Outer",
          "Parallel Aware": false,
          "Startup Cost": 62169.04,
          "Total Cost": 62169.25,
          "Plan Rows": 2,
          "Plan Width": 8,
          "Actual Startup Time": 211.079,
          "Actual Total Time": 226.453,
          "Actual Rows": 3,
          "Actual Loops": 1,
          "Workers Planned": 2,
          "Workers Launched": 2,
          "Single Copy": false,
          "Plans": [
            {
              "Node Type": "Aggregate",
              "Strategy": "Plain",
              "Partial Mode": "Partial",
              "Parent Relationship": "Outer",
              "Parallel Aware": false,
              "Startup Cost": 61169.04,
              "Total Cost": 61169.05,
              "Plan Rows": 1,
              "Plan Width": 8,
              "Actual Startup Time": 203.488,
              "Actual Total Time": 203.492,
              "Actual Rows": 1,
              "Actual Loops": 3,
              "Plans": [
                {
                  "Node Type": "Hash Join",
                  "Parent Relationship": "Outer",
                  "Parallel Aware": true,
                  "Join Type": "Inner",
                  "Startup Cost": 45545.15,
                  "Total Cost": 61165.08,
                  "Plan Rows": 1584,
                  "Plan Width": 0,
                  "Actual Startup Time": 136.507,
                  "Actual Total Time": 203.35,
                  "Actual Rows": 1570,
                  "Actual Loops": 3,
                  "Inner Unique": true,
                  "Hash Cond": "(mi_idx.movie_id = t.id)",
                  "Plans": [
                    {
                      "Node Type": "Seq Scan",
                      "Parent Relationship": "Outer",
                      "Parallel Aware": true,
                      "Relation Name": "movie_info_idx",
                      "Alias": "mi_idx",
                      "Startup Cost": 0.0,
                      "Total Cost": 15122.68,
                      "Plan Rows": 189429,
                      "Plan Width": 4,
                      "Actual Startup Time": 0.028,
                      "Actual Total Time": 46.631,
                      "Actual Rows": 153308,
                      "Actual Loops": 3,
                      "Filter": "(info_type_id = 99)",
                      "Rows Removed by Filter": 306703
                    },
                    {
                      "Node Type": "Hash",
                      "Parent Relationship": "Inner",
                      "Parallel Aware": true,
                      "Startup Cost": 45479.1,
                      "Total Cost": 45479.1,
                      "Plan Rows": 5284,
                      "Plan Width": 4,
                      "Actual Startup Time": 135.162,
                      "Actual Total Time": 135.163,
                      "Actual Rows": 8230,
                      "Actual Loops": 3,
                      "Hash Buckets": 32768,
                      "Original Hash Buckets": 32768,
                      "Hash Batches": 1,
                      "Original Hash Batches": 1,
                      "Peak Memory Usage": 1248,
                      "Plans": [
                        {
                          "Node Type": "Seq Scan",
                          "Parent Relationship": "Outer",
                          "Parallel Aware": true,
                          "Relation Name": "title",
                          "Alias": "t",
                          "Startup Cost": 0.0,
                          "Total Cost": 45479.1,
                          "Plan Rows": 5284,
                          "Plan Width": 4,
                          "Actual Startup Time": 0.055,
                          "Actual Total Time": 130.716,
                          "Actual Rows": 8230,
                          "Actual Loops": 3,
                          "Filter": "((kind_id > 1) AND (production_year = 1994))",
                          "Rows Removed by Filter": 834540
                        }
                      ]
                    }
                  ]
                }
              ]
            }
          ]
        }
      ]
    },
    "Planning Time": 0.513,
    "Triggers": [],
    "Execution Time": 226.526
  }
]