{
  "Plan": {
    "Node Type": "Aggregate",
    "Strategy": "Plain",
    "Partial Mode": "Finalize",
    "Parallel Aware": false,
    "Startup Cost": 108432.63,
    "Total Cost": 108432.64,
    "Plan Rows": 1,
    "Plan Width": 8,
    "Actual Startup Time": 683.625,
    "Actual Total Time": 697.168,
    "Actual Rows": 1,
    "Actual Loops": 1,
    "Plans": [
      {
        "Node Type": "Gather",
        "Parent Relationship": "Outer",
        "Parallel Aware": false,
        "Startup Cost": 108432.52,
        "Total Cost": 108432.63,
        "Plan Rows": 1,
        "Plan Width": 8,
        "Actual Startup Time": 681.852,
        "Actual Total Time": 697.16,
        "Actual Rows": 2,
        "Actual Loops": 1,
        "Workers Planned": 1,
        "Workers Launched": 1,
        "Single Copy": false,
        "Plans": [
          {
            "Node Type": "Aggregate",
            "Strategy": "Plain",
            "Partial Mode": "Partial",
            "Parent Relationship": "Outer",
            "Parallel Aware": false,
            "Startup Cost": 107432.52,
            "Total Cost": 107432.53,
            "Plan Rows": 1,
            "Plan Width": 8,
            "Actual Startup Time": 676.045,
            "Actual Total Time": 676.049,
            "Actual Rows": 1,
            "Actual Loops": 2,
            "Plans": [
              {
                "Node Type": "Hash Join",
                "Parent Relationship": "Outer",
                "Parallel Aware": true,
                "Join Type": "Inner",
                "Startup Cost": 45077.21,
                "Total Cost": 106779.42,
                "Plan Rows": 261239,
                "Plan Width": 0,
                "Actual Startup Time": 217.281,
                "Actual Total Time": 660.241,
                "Actual Rows": 387384,
                "Actual Loops": 2,
                "Inner Unique": false,
                "Hash Cond": "(t.id = mc.movie_id)",
                "Plans": [
                  {
                    "Node Type": "Seq Scan",
                    "Parent Relationship": "Outer",
                    "Parallel Aware": true,
                    "Relation Name": "title",
                    "Alias": "t",
                    "Startup Cost": 0.0,
                    "Total Cost": 50870.31,
                    "Plan Rows": 1487231,
                    "Plan Width": 4,
                    "Actual Startup Time": 0.012,
                    "Actual Total Time": 114.016,
                    "Actual Rows": 1264156,
                    "Actual Loops": 2
                  },
                  {
                    "Node Type": "Hash",
                    "Parent Relationship": "Inner",
                    "Parallel Aware": true,
                    "Startup Cost": 41811.73,
                    "Total Cost": 41811.73,
                    "Plan Rows": 261239,
                    "Plan Width": 4,
                    "Actual Startup Time": 211.344,
                    "Actual Total Time": 211.345,
                    "Actual Rows": 387384,
                    "Actual Loops": 2,
                    "Hash Buckets": 1048576,
                    "Original Hash Buckets": 524288,
                    "Hash Batches": 1,
                    "Original Hash Batches": 1,
                    "Peak Memory Usage": 42624,
                    "Plans": [
                      {
                        "Node Type": "Seq Scan",
                        "Parent Relationship": "Outer",
                        "Parallel Aware": true,
                        "Relation Name": "movie_companies",
                        "Alias": "mc",
                        "Startup Cost": 0.0,
                        "Total Cost": 41811.73,
                        "Plan Rows": 261239,
                        "Plan Width": 4,
                        "Actual Startup Time": 61.434,
                        "Actual Total Time": 128.544,
                        "Actual Rows": 387384,
                        "Actual Loops": 2,
                        "Filter": "((company_id > 22225) AND (company_type_id = 2))",
                        "Rows Removed by Filter": 917180
                      }
                    ]
                  }
                ]
              }
            ]
          }
        ]
      }
    ]
  },
  "Planning Time": 0.769,
  "Triggers": [],
  "Execution Time": 697.239
}