[
  {
    "Plan": {
      "Node Type": "Aggregate",
      "Strategy": "Plain",
      "Partial Mode": "Finalize",
      "Parallel Aware": false,
      "Startup Cost": 60986.62,
      "Total Cost": 60986.63,
      "Plan Rows": 1,
      "Plan Width": 8,
      "Actual Startup Time": 213.645,
      "Actual Total Time": 226.556,
      "Actual Rows": 1,
      "Actual Loops": 1,
      "Plans": [
        {
          "Node Type": "Gather",
          "Parent Relationship": "Outer",
          "Parallel Aware": false,
          "Startup Cost": 60986.4,
          "Total Cost": 60986.61,
          "Plan Rows": 2,
          "Plan Width": 8,
          "Actual Startup Time": 212.712,
          "Actual Total Time": 226.547,
          "Actual Rows": 3,
          "Actual Loops": 1,
          "Workers Planned": 2,
          "Workers Launched": 2,
          "Single Copy": false,
          "Plans": [
            {
              "Node Type": "Aggregate",
              "Strategy": "Plain",
              "Partial Mode": "Partial",
              "Parent Relationship": "Outer",
              "Parallel Aware": false,
              "Startup Cost": 59986.4,
              "Total Cost": 59986.41,
              "Plan Rows": 1,
              "Plan Width": 8,
              "Actual Startup Time": 205.085,
              "Actual Total Time": 205.089,
              "Actual Rows": 1,
              "Actual Loops": 3,
              "Plans": [
                {
                  "Node Type": "Hash Join",
                  "Parent Relationship": "Outer",
                  "Parallel Aware": true,
                  "Join Type": "Inner",
                  "Startup Cost": 44340.03,
                  "Total Cost": 59959.96,
                  "Plan Rows": 10576,
                  "Plan Width": 0,
                  "Actual Startup Time": 147.788,
                  "Actual Total Time": 204.738,
                  "Actual Rows": 6423,
                  "Actual Loops": 3,
                  "Inner Unique": true,
                  "Hash Cond": "(mi_idx.movie_id = t.id)",
                  "Plans": [
                    {
                      "Node Type": "Seq Scan",
                      "Parent Relationship": "Outer",
                      "Parallel Aware": true,
                      "Relation Name": "movie_info_idx",
                      "Alias": "mi_idx",
                      "Startup Cost": 0.0,
                      "Total Cost": 15122.68,
                      "Plan Rows": 189429,
                      "Plan Width": 4,
                      "Actual Startup Time": 0.025,
                      "Actual Total Time": 40.83,
                      "Actual Rows": 153308,
                      "Actual Loops": 3,
                      "Filter": "(info_type_id < 100)",
                      "Rows Removed by Filter": 306703
                    },
                    {
                      "Node Type": "Hash",
                      "Parent Relationship": "Inner",
                      "Parallel Aware": true,
                      "Startup Cost": 43898.92,
                      "Total Cost": 43898.92,
                      "Plan Rows": 35289,
                      "Plan Width": 4,
                      "Actual Startup Time": 133.419,
                      "Actual Total Time": 133.419,
                      "Actual Rows": 47778,
                      "Actual Loops": 3,
                      "Hash Buckets": 262144,
                      "Original Hash Buckets": 262144,
                      "Hash Batches": 1,
                      "Original Hash Batches": 1,
                      "Peak Memory Usage": 7680,
                      "Plans": [
                        {
                          "Node Type": "Seq Scan",
                          "Parent Relationship": "Outer",
                          "Parallel Aware": true,
                          "Relation Name": "title",
                          "Alias": "t",
                          "Startup Cost": 0.0,
                          "Total Cost": 43898.92,
                          "Plan Rows": 35289,
                          "Plan Width": 4,
                          "Actual Startup Time": 9.222,
                          "Actual Total Time": 118.198,
                          "Actual Rows": 47778,
                          "Actual Loops": 3,
                          "Filter": "(production_year < 1941)",
                          "Rows Removed by Filter": 794993
                        }
                      ]
                    }
                  ]
                }
              ]
            }
          ]
        }
      ]
    },
    "Planning Time": 0.571,
    "Triggers": [],
    "Execution Time": 226.636
  }
]