{
  "Plan": {
    "Node Type": "Aggregate",
    "Strategy": "Plain",
    "Partial Mode": "Finalize",
    "Parallel Aware": false,
    "Startup Cost": 90736.55,
    "Total Cost": 90736.56,
    "Plan Rows": 1,
    "Plan Width": 8,
    "Actual Startup Time": 295.287,
    "Actual Total Time": 307.636,
    "Actual Rows": 1,
    "Actual Loops": 1,
    "Plans": [
      {
        "Node Type": "Gather",
        "Parent Relationship": "Outer",
        "Parallel Aware": false,
        "Startup Cost": 90736.43,
        "Total Cost": 90736.54,
        "Plan Rows": 1,
        "Plan Width": 8,
        "Actual Startup Time": 294.68,
        "Actual Total Time": 307.629,
        "Actual Rows": 2,
        "Actual Loops": 1,
        "Workers Planned": 1,
        "Workers Launched": 1,
        "Single Copy": false,
        "Plans": [
          {
            "Node Type": "Aggregate",
            "Strategy": "Plain",
            "Partial Mode": "Partial",
            "Parent Relationship": "Outer",
            "Parallel Aware": false,
            "Startup Cost": 89736.43,
            "Total Cost": 89736.44,
            "Plan Rows": 1,
            "Plan Width": 8,
            "Actual Startup Time": 288.497,
            "Actual Total Time": 288.502,
            "Actual Rows": 1,
            "Actual Loops": 2,
            "Plans": [
              {
                "Node Type": "Hash Join",
                "Parent Relationship": "Outer",
                "Parallel Aware": true,
                "Join Type": "Inner",
                "Startup Cost": 67371.55,
                "Total Cost": 89721.02,
                "Plan Rows": 6164,
                "Plan Width": 0,
                "Actual Startup Time": 204.097,
                "Actual Total Time": 288.009,
                "Actual Rows": 8730,
                "Actual Loops": 2,
                "Inner Unique": true,
                "Hash Cond": "(mc.movie_id = t.id)",
                "Plans": [
                  {
                    "Node Type": "Bitmap Heap Scan",
                    "Parent Relationship": "Outer",
                    "Parallel Aware": true,
                    "Relation Name": "movie_companies",
                    "Alias": "mc",
                    "Startup Cost": 7999.72,
                    "Total Cost": 30066.88,
                    "Plan Rows": 107549,
                    "Plan Width": 4,
                    "Actual Startup Time": 16.985,
                    "Actual Total Time": 67.884,
                    "Actual Rows": 141409,
                    "Actual Loops": 2,
                    "Recheck Cond": "(company_id < 196)",
                    "Rows Removed by Index Recheck": 0,
                    "Filter": "(company_type_id = 1)",
                    "Rows Removed by Filter": 42330,
                    "Exact Heap Blocks": 11062,
                    "Lossy Heap Blocks": 0,
                    "Plans": [
                      {
                        "Node Type": "Bitmap Index Scan",
                        "Parent Relationship": "Outer",
                        "Parallel Aware": false,
                        "Index Name": "company_id_movie_companies",
                        "Startup Cost": 0.0,
                        "Total Cost": 7954.01,
                        "Plan Rows": 371411,
                        "Plan Width": 0,
                        "Actual Startup Time": 14.187,
                        "Actual Total Time": 14.188,
                        "Actual Rows": 367478,
                        "Actual Loops": 1,
                        "Index Cond": "(company_id < 196)"
                      }
                    ]
                  },
                  {
                    "Node Type": "Hash",
                    "Parent Relationship": "Inner",
                    "Parallel Aware": true,
                    "Startup Cost": 58306.47,
                    "Total Cost": 58306.47,
                    "Plan Rows": 85229,
                    "Plan Width": 4,
                    "Actual Startup Time": 183.037,
                    "Actual Total Time": 183.039,
                    "Actual Rows": 125938,
                    "Actual Loops": 2,
                    "Hash Buckets": 262144,
                    "Original Hash Buckets": 262144,
                    "Hash Batches": 1,
                    "Original Hash Batches": 1,
                    "Peak Memory Usage": 11936,
                    "Plans": [
                      {
                        "Node Type": "Seq Scan",
                        "Parent Relationship": "Outer",
                        "Parallel Aware": true,
                        "Relation Name": "title",
                        "Alias": "t",
                        "Startup Cost": 0.0,
                        "Total Cost": 58306.47,
                        "Plan Rows": 85229,
                        "Plan Width": 4,
                        "Actual Startup Time": 0.179,
                        "Actual Total Time": 146.643,
                        "Actual Rows": 125938,
                        "Actual Loops": 2,
                        "Filter": "((kind_id < 7) AND (production_year < 1971))",
                        "Rows Removed by Filter": 1138218
                      }
                    ]
                  }
                ]
              }
            ]
          }
        ]
      }
    ]
  },
  "Planning Time": 0.504,
  "Triggers": [],
  "Execution Time": 307.729
}