{
  "Plan": {
    "Node Type": "Aggregate",
    "Strategy": "Plain",
    "Partial Mode": "Simple",
    "Parallel Aware": false,
    "Startup Cost": 32846.5,
    "Total Cost": 32846.51,
    "Plan Rows": 1,
    "Plan Width": 8,
    "Actual Startup Time": 32.945,
    "Actual Total Time": 37.383,
    "Actual Rows": 1,
    "Actual Loops": 1,
    "Plans": [
      {
        "Node Type": "Gather",
        "Parent Relationship": "Outer",
        "Parallel Aware": false,
        "Startup Cost": 1172.95,
        "Total Cost": 32846.5,
        "Plan Rows": 1,
        "Plan Width": 0,
        "Actual Startup Time": 14.338,
        "Actual Total Time": 37.374,
        "Actual Rows": 2,
        "Actual Loops": 1,
        "Workers Planned": 1,
        "Workers Launched": 1,
        "Single Copy": false,
        "Plans": [
          {
            "Node Type": "Nested Loop",
            "Parent Relationship": "Outer",
            "Parallel Aware": false,
            "Join Type": "Inner",
            "Startup Cost": 172.95,
            "Total Cost": 31846.4,
            "Plan Rows": 1,
            "Plan Width": 0,
            "Actual Startup Time": 17.343,
            "Actual Total Time": 26.548,
            "Actual Rows": 1,
            "Actual Loops": 2,
            "Inner Unique": false,
            "Join Filter": "(t.id = mi_idx.movie_id)",
            "Rows Removed by Join Filter": 0,
            "Plans": [
              {
                "Node Type": "Nested Loop",
                "Parent Relationship": "Outer",
                "Parallel Aware": false,
                "Join Type": "Inner",
                "Startup Cost": 172.53,
                "Total Cost": 31839.61,
                "Plan Rows": 1,
                "Plan Width": 8,
                "Actual Startup Time": 12.398,
                "Actual Total Time": 26.392,
                "Actual Rows": 4,
                "Actual Loops": 2,
                "Inner Unique": true,
                "Plans": [
                  {
                    "Node Type": "Bitmap Heap Scan",
                    "Parent Relationship": "Outer",
                    "Parallel Aware": true,
                    "Relation Name": "movie_companies",
                    "Alias": "mc",
                    "Startup Cost": 172.1,
                    "Total Cost": 14742.27,
                    "Plan Rows": 2266,
                    "Plan Width": 4,
                    "Actual Startup Time": 3.567,
                    "Actual Total Time": 12.89,
                    "Actual Rows": 1231,
                    "Actual Loops": 2,
                    "Recheck Cond": "(company_id = 7851)",
                    "Rows Removed by Index Recheck": 0,
                    "Filter": "(company_type_id < 2)",
                    "Rows Removed by Filter": 2344,
                    "Exact Heap Blocks": 3846,
                    "Lossy Heap Blocks": 0,
                    "Plans": [
                      {
                        "Node Type": "Bitmap Index Scan",
                        "Parent Relationship": "Outer",
                        "Parallel Aware": false,
                        "Index Name": "company_id_movie_companies",
                        "Startup Cost": 0.0,
                        "Total Cost": 171.13,
                        "Plan Rows": 7827,
                        "Plan Width": 0,
                        "Actual Startup Time": 4.696,
                        "Actual Total Time": 4.696,
                        "Actual Rows": 7151,
                        "Actual Loops": 1,
                        "Index Cond": "(company_id = 7851)"
                      }
                    ]
                  },
                  {
                    "Node Type": "Index Scan",
                    "Parent Relationship": "Inner",
                    "Parallel Aware": false,
                    "Scan Direction": "Forward",
                    "Index Name": "title_pkey",
                    "Relation Name": "title",
                    "Alias": "t",
                    "Startup Cost": 0.43,
                    "Total Cost": 7.55,
                    "Plan Rows": 1,
                    "Plan Width": 4,
                    "Actual Startup Time": 0.01,
                    "Actual Total Time": 0.01,
                    "Actual Rows": 0,
                    "Actual Loops": 2462,
                    "Index Cond": "(id = mc.movie_id)",
                    "Rows Removed by Index Recheck": 0,
                    "Filter": "((kind_id < 4) AND (production_year = 1948))",
                    "Rows Removed by Filter": 1
                  }
                ]
              },
              {
                "Node Type": "Index Scan",
                "Parent Relationship": "Inner",
                "Parallel Aware": false,
                "Scan Direction": "Forward",
                "Index Name": "movie_id_movie_info_idx",
                "Relation Name": "movie_info_idx",
                "Alias": "mi_idx",
                "Startup Cost": 0.43,
                "Total Cost": 6.77,
                "Plan Rows": 2,
                "Plan Width": 4,
                "Actual Startup Time": 0.033,
                "Actual Total Time": 0.033,
                "Actual Rows": 0,
                "Actual Loops": 9,
                "Index Cond": "(movie_id = mc.movie_id)",
                "Rows Removed by Index Recheck": 0,
                "Filter": "(info_type_id < 101)",
                "Rows Removed by Filter": 0
              }
            ]
          }
        ]
      }
    ]
  },
  "Planning Time": 0.914,
  "Triggers": [],
  "Execution Time": 37.475
}