{
  "Plan": {
    "Node Type": "Aggregate",
    "Strategy": "Plain",
    "Partial Mode": "Finalize",
    "Parallel Aware": false,
    "Startup Cost": 51949.72,
    "Total Cost": 51949.73,
    "Plan Rows": 1,
    "Plan Width": 8,
    "Actual Startup Time": 79.782,
    "Actual Total Time": 93.203,
    "Actual Rows": 1,
    "Actual Loops": 1,
    "Plans": [
      {
        "Node Type": "Gather",
        "Parent Relationship": "Outer",
        "Parallel Aware": false,
        "Startup Cost": 51949.61,
        "Total Cost": 51949.72,
        "Plan Rows": 1,
        "Plan Width": 8,
        "Actual Startup Time": 79.682,
        "Actual Total Time": 93.197,
        "Actual Rows": 2,
        "Actual Loops": 1,
        "Workers Planned": 1,
        "Workers Launched": 1,
        "Single Copy": false,
        "Plans": [
          {
            "Node Type": "Aggregate",
            "Strategy": "Plain",
            "Partial Mode": "Partial",
            "Parent Relationship": "Outer",
            "Parallel Aware": false,
            "Startup Cost": 50949.61,
            "Total Cost": 50949.62,
            "Plan Rows": 1,
            "Plan Width": 8,
            "Actual Startup Time": 73.428,
            "Actual Total Time": 73.43,
            "Actual Rows": 1,
            "Actual Loops": 2,
            "Plans": [
              {
                "Node Type": "Nested Loop",
                "Parent Relationship": "Outer",
                "Parallel Aware": false,
                "Join Type": "Inner",
                "Startup Cost": 170.06,
                "Total Cost": 50943.57,
                "Plan Rows": 2416,
                "Plan Width": 0,
                "Actual Startup Time": 4.222,
                "Actual Total Time": 72.8,
                "Actual Rows": 6798,
                "Actual Loops": 2,
                "Inner Unique": false,
                "Plans": [
                  {
                    "Node Type": "Nested Loop",
                    "Parent Relationship": "Outer",
                    "Parallel Aware": false,
                    "Join Type": "Inner",
                    "Startup Cost": 169.63,
                    "Total Cost": 48154.29,
                    "Plan Rows": 4612,
                    "Plan Width": 8,
                    "Actual Startup Time": 3.863,
                    "Actual Total Time": 39.047,
                    "Actual Rows": 3710,
                    "Actual Loops": 2,
                    "Inner Unique": true,
                    "Plans": [
                      {
                        "Node Type": "Bitmap Heap Scan",
                        "Parent Relationship": "Outer",
                        "Parallel Aware": true,
                        "Relation Name": "movie_keyword",
                        "Alias": "mk",
                        "Startup Cost": 169.2,
                        "Total Cost": 16600.91,
                        "Plan Rows": 4612,
                        "Plan Width": 4,
                        "Actual Startup Time": 3.714,
                        "Actual Total Time": 14.479,
                        "Actual Rows": 3710,
                        "Actual Loops": 2,
                        "Recheck Cond": "(keyword_id = 373)",
                        "Rows Removed by Index Recheck": 0,
                        "Exact Heap Blocks": 4681,
                        "Lossy Heap Blocks": 0,
                        "Plans": [
                          {
                            "Node Type": "Bitmap Index Scan",
                            "Parent Relationship": "Outer",
                            "Parallel Aware": false,
                            "Index Name": "keyword_id_movie_keyword",
                            "Startup Cost": 0.0,
                            "Total Cost": 167.24,
                            "Plan Rows": 7841,
                            "Plan Width": 0,
                            "Actual Startup Time": 4.402,
                            "Actual Total Time": 4.403,
                            "Actual Rows": 7419,
                            "Actual Loops": 1,
                            "Index Cond": "(keyword_id = 373)"
                          }
                        ]
                      },
                      {
                        "Node Type": "Index Only Scan",
                        "Parent Relationship": "Inner",
                        "Parallel Aware": false,
                        "Scan Direction": "Forward",
                        "Index Name": "title_pkey",
                        "Relation Name": "title",
                        "Alias": "t",
                        "Startup Cost": 0.43,
                        "Total Cost": 6.84,
                        "Plan Rows": 1,
                        "Plan Width": 4,
                        "Actual Startup Time": 0.006,
                        "Actual Total Time": 0.006,
                        "Actual Rows": 1,
                        "Actual Loops": 7419,
                        "Index Cond": "(id = mk.movie_id)",
                        "Rows Removed by Index Recheck": 0,
                        "Heap Fetches": 7419
                      }
                    ]
                  },
                  {
                    "Node Type": "Index Scan",
                    "Parent Relationship": "Inner",
                    "Parallel Aware": false,
                    "Scan Direction": "Forward",
                    "Index Name": "movie_id_movie_companies",
                    "Relation Name": "movie_companies",
                    "Alias": "mc",
                    "Startup Cost": 0.43,
                    "Total Cost": 0.57,
                    "Plan Rows": 3,
                    "Plan Width": 4,
                    "Actual Startup Time": 0.008,
                    "Actual Total Time": 0.009,
                    "Actual Rows": 2,
                    "Actual Loops": 7419,
                    "Index Cond": "(movie_id = t.id)",
                    "Rows Removed by Index Recheck": 0,
                    "Filter": "(company_type_id = 2)",
                    "Rows Removed by Filter": 6
                  }
                ]
              }
            ]
          }
        ]
      }
    ]
  },
  "Planning Time": 1.098,
  "Triggers": [],
  "Execution Time": 93.303
}