[
    {
        "Bao": {
            "Bao prediction": "NaN",
            "Bao recommended hint": "(no hint)"
        }
    },
    {
        "Plan": {
            "Node Type": "Aggregate",
            "Strategy": "Plain",
            "Partial Mode": "Finalize",
            "Parallel Aware": false,
            "Startup Cost": 339474.57,
            "Total Cost": 339474.58,
            "Plan Rows": 1,
            "Plan Width": 8,
            "Actual Startup Time": 778.685,
            "Actual Total Time": 806.962,
            "Actual Rows": 1,
            "Actual Loops": 1,
            "Output": [
                "count(*)"
            ],
            "Plans": [
                {
                    "Node Type": "Gather",
                    "Parent Relationship": "Outer",
                    "Parallel Aware": false,
                    "Startup Cost": 339473.94,
                    "Total Cost": 339474.55,
                    "Plan Rows": 6,
                    "Plan Width": 8,
                    "Actual Startup Time": 778.599,
                    "Actual Total Time": 806.956,
                    "Actual Rows": 7,
                    "Actual Loops": 1,
                    "Output": [
                        "(PARTIAL count(*))"
                    ],
                    "Workers Planned": 6,
                    "Workers Launched": 6,
                    "Single Copy": false,
                    "Plans": [
                        {
                            "Node Type": "Aggregate",
                            "Strategy": "Plain",
                            "Partial Mode": "Partial",
                            "Parent Relationship": "Outer",
                            "Parallel Aware": false,
                            "Startup Cost": 338473.94,
                            "Total Cost": 338473.95,
                            "Plan Rows": 1,
                            "Plan Width": 8,
                            "Actual Startup Time": 768.807,
                            "Actual Total Time": 768.808,
                            "Actual Rows": 1,
                            "Actual Loops": 7,
                            "Output": [
                                "PARTIAL count(*)"
                            ],
                            "Workers": [
                                {
                                    "Worker Number": 0,
                                    "Actual Startup Time": 766.629,
                                    "Actual Total Time": 766.63,
                                    "Actual Rows": 1,
                                    "Actual Loops": 1
                                },
                                {
                                    "Worker Number": 1,
                                    "Actual Startup Time": 766.215,
                                    "Actual Total Time": 766.216,
                                    "Actual Rows": 1,
                                    "Actual Loops": 1
                                },
                                {
                                    "Worker Number": 2,
                                    "Actual Startup Time": 767.313,
                                    "Actual Total Time": 767.314,
                                    "Actual Rows": 1,
                                    "Actual Loops": 1
                                },
                                {
                                    "Worker Number": 3,
                                    "Actual Startup Time": 767.454,
                                    "Actual Total Time": 767.455,
                                    "Actual Rows": 1,
                                    "Actual Loops": 1
                                },
                                {
                                    "Worker Number": 4,
                                    "Actual Startup Time": 767.659,
                                    "Actual Total Time": 767.66,
                                    "Actual Rows": 1,
                                    "Actual Loops": 1
                                },
                                {
                                    "Worker Number": 5,
                                    "Actual Startup Time": 768.166,
                                    "Actual Total Time": 768.167,
                                    "Actual Rows": 1,
                                    "Actual Loops": 1
                                }
                            ],
                            "Plans": [
                                {
                                    "Node Type": "Seq Scan",
                                    "Parent Relationship": "Outer",
                                    "Parallel Aware": true,
                                    "Relation Name": "cast_info",
                                    "Schema": "public",
                                    "Alias": "ci",
                                    "Startup Cost": 0.0,
                                    "Total Cost": 328213.62,
                                    "Plan Rows": 4104130,
                                    "Plan Width": 0,
                                    "Actual Startup Time": 124.288,
                                    "Actual Total Time": 598.858,
                                    "Actual Rows": 3507740,
                                    "Actual Loops": 7,
                                    "Output": [
                                        "id",
                                        "person_id",
                                        "movie_id",
                                        "person_role_id",
                                        "note",
                                        "nr_order",
                                        "role_id"
                                    ],
                                    "Filter": "(ci.person_id > 1148232)",
                                    "Rows Removed by Filter": 1670024,
                                    "Workers": [
                                        {
                                            "Worker Number": 0,
                                            "Actual Startup Time": 122.094,
                                            "Actual Total Time": 598.626,
                                            "Actual Rows": 2553092,
                                            "Actual Loops": 1
                                        },
                                        {
                                            "Worker Number": 1,
                                            "Actual Startup Time": 121.698,
                                            "Actual Total Time": 596.174,
                                            "Actual Rows": 2573894,
                                            "Actual Loops": 1
                                        },
                                        {
                                            "Worker Number": 2,
                                            "Actual Startup Time": 122.783,
                                            "Actual Total Time": 596.741,
                                            "Actual Rows": 2588661,
                                            "Actual Loops": 1
                                        },
                                        {
                                            "Worker Number": 3,
                                            "Actual Startup Time": 122.954,
                                            "Actual Total Time": 598.65,
                                            "Actual Rows": 3944694,
                                            "Actual Loops": 1
                                        },
                                        {
                                            "Worker Number": 4,
                                            "Actual Startup Time": 123.141,
                                            "Actual Total Time": 607.424,
                                            "Actual Rows": 3964810,
                                            "Actual Loops": 1
                                        },
                                        {
                                            "Worker Number": 5,
                                            "Actual Startup Time": 123.655,
                                            "Actual Total Time": 598.924,
                                            "Actual Rows": 3954220,
                                            "Actual Loops": 1
                                        }
                                    ]
                                }
                            ]
                        }
                    ]
                }
            ]
        },
        "Planning Time": 212.557,
        "Triggers": [],
        "Execution Time": 807.007
    }
]