[
  {
    "Plan": {
      "Node Type": "Aggregate",
      "Strategy": "Plain",
      "Partial Mode": "Finalize",
      "Parallel Aware": false,
      "Startup Cost": 30966.76,
      "Total Cost": 30966.77,
      "Plan Rows": 1,
      "Plan Width": 8,
      "Actual Startup Time": 100.693,
      "Actual Total Time": 108.588,
      "Actual Rows": 1,
      "Actual Loops": 1,
      "Plans": [
        {
          "Node Type": "Gather",
          "Parent Relationship": "Outer",
          "Parallel Aware": false,
          "Startup Cost": 30966.44,
          "Total Cost": 30966.75,
          "Plan Rows": 3,
          "Plan Width": 8,
          "Actual Startup Time": 100.574,
          "Actual Total Time": 108.578,
          "Actual Rows": 4,
          "Actual Loops": 1,
          "Workers Planned": 3,
          "Workers Launched": 3,
          "Single Copy": false,
          "Plans": [
            {
              "Node Type": "Aggregate",
              "Strategy": "Plain",
              "Partial Mode": "Partial",
              "Parent Relationship": "Outer",
              "Parallel Aware": false,
              "Startup Cost": 29966.44,
              "Total Cost": 29966.45,
              "Plan Rows": 1,
              "Plan Width": 8,
              "Actual Startup Time": 92.202,
              "Actual Total Time": 92.203,
              "Actual Rows": 1,
              "Actual Loops": 4,
              "Plans": [
                {
                  "Node Type": "Seq Scan",
                  "Parent Relationship": "Outer",
                  "Parallel Aware": true,
                  "Relation Name": "movie_companies",
                  "Alias": "mc",
                  "Startup Cost": 0.0,
                  "Total Cost": 29310.68,
                  "Plan Rows": 262304,
                  "Plan Width": 0,
                  "Actual Startup Time": 27.334,
                  "Actual Total Time": 82.801,
                  "Actual Rows": 206838,
                  "Actual Loops": 4,
                  "Filter": "(company_id > 27631)",
                  "Rows Removed by Filter": 445444
                }
              ]
            }
          ]
        }
      ]
    },
    "Planning Time": 0.161,
    "Triggers": [],
    "Execution Time": 108.642
  }
]