{
  "Plan": {
    "Node Type": "Aggregate",
    "Strategy": "Plain",
    "Partial Mode": "Finalize",
    "Parallel Aware": false,
    "Startup Cost": 40277.36,
    "Total Cost": 40277.37,
    "Plan Rows": 1,
    "Plan Width": 8,
    "Actual Startup Time": 129.38,
    "Actual Total Time": 153.041,
    "Actual Rows": 1,
    "Actual Loops": 1,
    "Plans": [
      {
        "Node Type": "Gather",
        "Parent Relationship": "Outer",
        "Parallel Aware": false,
        "Startup Cost": 40277.25,
        "Total Cost": 40277.36,
        "Plan Rows": 1,
        "Plan Width": 8,
        "Actual Startup Time": 129.166,
        "Actual Total Time": 153.033,
        "Actual Rows": 2,
        "Actual Loops": 1,
        "Workers Planned": 1,
        "Workers Launched": 1,
        "Single Copy": false,
        "Plans": [
          {
            "Node Type": "Aggregate",
            "Strategy": "Plain",
            "Partial Mode": "Partial",
            "Parent Relationship": "Outer",
            "Parallel Aware": false,
            "Startup Cost": 39277.25,
            "Total Cost": 39277.26,
            "Plan Rows": 1,
            "Plan Width": 8,
            "Actual Startup Time": 123.162,
            "Actual Total Time": 123.165,
            "Actual Rows": 1,
            "Actual Loops": 2,
            "Plans": [
              {
                "Node Type": "Nested Loop",
                "Parent Relationship": "Outer",
                "Parallel Aware": false,
                "Join Type": "Inner",
                "Startup Cost": 107.86,
                "Total Cost": 39236.76,
                "Plan Rows": 16197,
                "Plan Width": 0,
                "Actual Startup Time": 2.524,
                "Actual Total Time": 117.487,
                "Actual Rows": 106243,
                "Actual Loops": 2,
                "Inner Unique": false,
                "Plans": [
                  {
                    "Node Type": "Nested Loop",
                    "Parent Relationship": "Outer",
                    "Parallel Aware": false,
                    "Join Type": "Inner",
                    "Startup Cost": 107.43,
                    "Total Cost": 33831.39,
                    "Plan Rows": 2770,
                    "Plan Width": 8,
                    "Actual Startup Time": 2.398,
                    "Actual Total Time": 22.855,
                    "Actual Rows": 1704,
                    "Actual Loops": 2,
                    "Inner Unique": true,
                    "Plans": [
                      {
                        "Node Type": "Bitmap Heap Scan",
                        "Parent Relationship": "Outer",
                        "Parallel Aware": true,
                        "Relation Name": "movie_keyword",
                        "Alias": "mk",
                        "Startup Cost": 107.0,
                        "Total Cost": 12387.58,
                        "Plan Rows": 2927,
                        "Plan Width": 4,
                        "Actual Startup Time": 2.236,
                        "Actual Total Time": 8.202,
                        "Actual Rows": 1713,
                        "Actual Loops": 2,
                        "Recheck Cond": "(keyword_id = 562)",
                        "Rows Removed by Index Recheck": 0,
                        "Exact Heap Blocks": 2348,
                        "Lossy Heap Blocks": 0,
                        "Plans": [
                          {
                            "Node Type": "Bitmap Index Scan",
                            "Parent Relationship": "Outer",
                            "Parallel Aware": false,
                            "Index Name": "keyword_id_movie_keyword",
                            "Startup Cost": 0.0,
                            "Total Cost": 105.75,
                            "Plan Rows": 4976,
                            "Plan Width": 0,
                            "Actual Startup Time": 2.824,
                            "Actual Total Time": 2.824,
                            "Actual Rows": 3426,
                            "Actual Loops": 1,
                            "Index Cond": "(keyword_id = 562)"
                          }
                        ]
                      },
                      {
                        "Node Type": "Index Scan",
                        "Parent Relationship": "Inner",
                        "Parallel Aware": false,
                        "Scan Direction": "Forward",
                        "Index Name": "title_pkey",
                        "Relation Name": "title",
                        "Alias": "t",
                        "Startup Cost": 0.43,
                        "Total Cost": 7.33,
                        "Plan Rows": 1,
                        "Plan Width": 4,
                        "Actual Startup Time": 0.008,
                        "Actual Total Time": 0.008,
                        "Actual Rows": 1,
                        "Actual Loops": 3426,
                        "Index Cond": "(id = mk.movie_id)",
                        "Rows Removed by Index Recheck": 0,
                        "Filter": "(production_year > 1915)",
                        "Rows Removed by Filter": 0
                      }
                    ]
                  },
                  {
                    "Node Type": "Index Only Scan",
                    "Parent Relationship": "Inner",
                    "Parallel Aware": false,
                    "Scan Direction": "Forward",
                    "Index Name": "movie_id_movie_info",
                    "Relation Name": "movie_info",
                    "Alias": "mi",
                    "Startup Cost": 0.43,
                    "Total Cost": 1.53,
                    "Plan Rows": 42,
                    "Plan Width": 4,
                    "Actual Startup Time": 0.012,
                    "Actual Total Time": 0.05,
                    "Actual Rows": 62,
                    "Actual Loops": 3407,
                    "Index Cond": "(movie_id = t.id)",
                    "Rows Removed by Index Recheck": 0,
                    "Heap Fetches": 212486
                  }
                ]
              }
            ]
          }
        ]
      }
    ]
  },
  "Planning Time": 1.073,
  "Triggers": [],
  "Execution Time": 153.141
}