[
  {
    "Plan": {
      "Node Type": "Aggregate",
      "Strategy": "Plain",
      "Partial Mode": "Finalize",
      "Parallel Aware": false,
      "Startup Cost": 46472.15,
      "Total Cost": 46472.16,
      "Plan Rows": 1,
      "Plan Width": 8,
      "Actual Startup Time": 168.98,
      "Actual Total Time": 179.152,
      "Actual Rows": 1,
      "Actual Loops": 1,
      "Plans": [
        {
          "Node Type": "Gather",
          "Parent Relationship": "Outer",
          "Parallel Aware": false,
          "Startup Cost": 46471.84,
          "Total Cost": 46472.15,
          "Plan Rows": 3,
          "Plan Width": 8,
          "Actual Startup Time": 168.875,
          "Actual Total Time": 179.143,
          "Actual Rows": 4,
          "Actual Loops": 1,
          "Workers Planned": 3,
          "Workers Launched": 3,
          "Single Copy": false,
          "Plans": [
            {
              "Node Type": "Aggregate",
              "Strategy": "Plain",
              "Partial Mode": "Partial",
              "Parent Relationship": "Outer",
              "Parallel Aware": false,
              "Startup Cost": 45471.84,
              "Total Cost": 45471.85,
              "Plan Rows": 1,
              "Plan Width": 8,
              "Actual Startup Time": 160.244,
              "Actual Total Time": 160.245,
              "Actual Rows": 1,
              "Actual Loops": 4,
              "Plans": [
                {
                  "Node Type": "Seq Scan",
                  "Parent Relationship": "Outer",
                  "Parallel Aware": true,
                  "Relation Name": "movie_keyword",
                  "Alias": "mk",
                  "Startup Cost": 0.0,
                  "Total Cost": 42695.65,
                  "Plan Rows": 1110473,
                  "Plan Width": 0,
                  "Actual Startup Time": 0.166,
                  "Actual Total Time": 122.604,
                  "Actual Rows": 857361,
                  "Actual Loops": 4,
                  "Filter": "(keyword_id > 1117)",
                  "Rows Removed by Filter": 273622
                }
              ]
            }
          ]
        }
      ]
    },
    "Planning Time": 0.187,
    "Triggers": [],
    "Execution Time": 179.209
  }
]