[
  {
    "Plan": {
      "Node Type": "Aggregate",
      "Strategy": "Plain",
      "Partial Mode": "Finalize",
      "Parallel Aware": false,
      "Startup Cost": 39533.16,
      "Total Cost": 39533.17,
      "Plan Rows": 1,
      "Plan Width": 8,
      "Actual Startup Time": 140.045,
      "Actual Total Time": 148.727,
      "Actual Rows": 1,
      "Actual Loops": 1,
      "Plans": [
        {
          "Node Type": "Gather",
          "Parent Relationship": "Outer",
          "Parallel Aware": false,
          "Startup Cost": 39532.84,
          "Total Cost": 39533.15,
          "Plan Rows": 3,
          "Plan Width": 8,
          "Actual Startup Time": 139.814,
          "Actual Total Time": 148.717,
          "Actual Rows": 4,
          "Actual Loops": 1,
          "Workers Planned": 3,
          "Workers Launched": 3,
          "Single Copy": false,
          "Plans": [
            {
              "Node Type": "Aggregate",
              "Strategy": "Plain",
              "Partial Mode": "Partial",
              "Parent Relationship": "Outer",
              "Parallel Aware": false,
              "Startup Cost": 38532.84,
              "Total Cost": 38532.85,
              "Plan Rows": 1,
              "Plan Width": 8,
              "Actual Startup Time": 132.763,
              "Actual Total Time": 132.765,
              "Actual Rows": 1,
              "Actual Loops": 4,
              "Plans": [
                {
                  "Node Type": "Bitmap Heap Scan",
                  "Parent Relationship": "Outer",
                  "Parallel Aware": true,
                  "Relation Name": "movie_keyword",
                  "Alias": "mk",
                  "Startup Cost": 11464.21,
                  "Total Cost": 38097.07,
                  "Plan Rows": 174309,
                  "Plan Width": 0,
                  "Actual Startup Time": 53.707,
                  "Actual Total Time": 125.484,
                  "Actual Rows": 130464,
                  "Actual Loops": 4,
                  "Recheck Cond": "(keyword_id > 34687)",
                  "Rows Removed by Index Recheck": 0,
                  "Exact Heap Blocks": 10116,
                  "Lossy Heap Blocks": 0,
                  "Plans": [
                    {
                      "Node Type": "Bitmap Index Scan",
                      "Parent Relationship": "Outer",
                      "Parallel Aware": false,
                      "Index Name": "keyword_id_movie_keyword",
                      "Startup Cost": 0.0,
                      "Total Cost": 11329.12,
                      "Plan Rows": 540358,
                      "Plan Width": 0,
                      "Actual Startup Time": 56.381,
                      "Actual Total Time": 56.381,
                      "Actual Rows": 521857,
                      "Actual Loops": 1,
                      "Index Cond": "(keyword_id > 34687)"
                    }
                  ]
                }
              ]
            }
          ]
        }
      ]
    },
    "Planning Time": 0.179,
    "Triggers": [],
    "Execution Time": 148.807
  }
]