[
  {
    "Plan": {
      "Node Type": "Aggregate",
      "Strategy": "Plain",
      "Partial Mode": "Finalize",
      "Parallel Aware": false,
      "Startup Cost": 46649.61,
      "Total Cost": 46649.62,
      "Plan Rows": 1,
      "Plan Width": 8,
      "Actual Startup Time": 200.266,
      "Actual Total Time": 208.976,
      "Actual Rows": 1,
      "Actual Loops": 1,
      "Plans": [
        {
          "Node Type": "Gather",
          "Parent Relationship": "Outer",
          "Parallel Aware": false,
          "Startup Cost": 46649.3,
          "Total Cost": 46649.61,
          "Plan Rows": 3,
          "Plan Width": 8,
          "Actual Startup Time": 200.13,
          "Actual Total Time": 208.965,
          "Actual Rows": 4,
          "Actual Loops": 1,
          "Workers Planned": 3,
          "Workers Launched": 3,
          "Single Copy": false,
          "Plans": [
            {
              "Node Type": "Aggregate",
              "Strategy": "Plain",
              "Partial Mode": "Partial",
              "Parent Relationship": "Outer",
              "Parallel Aware": false,
              "Startup Cost": 45649.3,
              "Total Cost": 45649.31,
              "Plan Rows": 1,
              "Plan Width": 8,
              "Actual Startup Time": 193.205,
              "Actual Total Time": 193.206,
              "Actual Rows": 1,
              "Actual Loops": 4,
              "Plans": [
                {
                  "Node Type": "Seq Scan",
                  "Parent Relationship": "Outer",
                  "Parallel Aware": true,
                  "Relation Name": "movie_keyword",
                  "Alias": "mk",
                  "Startup Cost": 0.0,
                  "Total Cost": 42695.65,
                  "Plan Rows": 1181457,
                  "Plan Width": 0,
                  "Actual Startup Time": 0.051,
                  "Actual Total Time": 142.728,
                  "Actual Rows": 917309,
                  "Actual Loops": 4,
                  "Filter": "(keyword_id < 21499)",
                  "Rows Removed by Filter": 213673
                }
              ]
            }
          ]
        }
      ]
    },
    "Planning Time": 0.187,
    "Triggers": [],
    "Execution Time": 209.035
  }
]