[
  {
    "Plan": {
      "Node Type": "Aggregate",
      "Strategy": "Plain",
      "Partial Mode": "Finalize",
      "Parallel Aware": false,
      "Startup Cost": 124734.02,
      "Total Cost": 124734.03,
      "Plan Rows": 1,
      "Plan Width": 8,
      "Actual Startup Time": 424.805,
      "Actual Total Time": 447.006,
      "Actual Rows": 1,
      "Actual Loops": 1,
      "Plans": [
        {
          "Node Type": "Gather",
          "Parent Relationship": "Outer",
          "Parallel Aware": false,
          "Startup Cost": 124733.71,
          "Total Cost": 124734.02,
          "Plan Rows": 3,
          "Plan Width": 8,
          "Actual Startup Time": 423.478,
          "Actual Total Time": 446.996,
          "Actual Rows": 4,
          "Actual Loops": 1,
          "Workers Planned": 3,
          "Workers Launched": 3,
          "Single Copy": false,
          "Plans": [
            {
              "Node Type": "Aggregate",
              "Strategy": "Plain",
              "Partial Mode": "Partial",
              "Parent Relationship": "Outer",
              "Parallel Aware": false,
              "Startup Cost": 123733.71,
              "Total Cost": 123733.72,
              "Plan Rows": 1,
              "Plan Width": 8,
              "Actual Startup Time": 413.983,
              "Actual Total Time": 414.059,
              "Actual Rows": 1,
              "Actual Loops": 4,
              "Plans": [
                {
                  "Node Type": "Hash Join",
                  "Parent Relationship": "Outer",
                  "Parallel Aware": true,
                  "Join Type": "Inner",
                  "Startup Cost": 78292.42,
                  "Total Cost": 123647.66,
                  "Plan Rows": 34419,
                  "Plan Width": 0,
                  "Actual Startup Time": 257.055,
                  "Actual Total Time": 412.18,
                  "Actual Rows": 39356,
                  "Actual Loops": 4,
                  "Inner Unique": false,
                  "Hash Cond": "(mk.movie_id = t.id)",
                  "Plans": [
                    {
                      "Node Type": "Seq Scan",
                      "Parent Relationship": "Outer",
                      "Parallel Aware": true,
                      "Relation Name": "movie_keyword",
                      "Alias": "mk",
                      "Startup Cost": 0.0,
                      "Total Cost": 42695.65,
                      "Plan Rows": 686275,
                      "Plan Width": 4,
                      "Actual Startup Time": 0.032,
                      "Actual Total Time": 108.013,
                      "Actual Rows": 532974,
                      "Actual Loops": 4,
                      "Filter": "(keyword_id < 3939)",
                      "Rows Removed by Filter": 598008
                    },
                    {
                      "Node Type": "Hash",
                      "Parent Relationship": "Inner",
                      "Parallel Aware": true,
                      "Startup Cost": 77896.17,
                      "Total Cost": 77896.17,
                      "Plan Rows": 31700,
                      "Plan Width": 8,
                      "Actual Startup Time": 255.214,
                      "Actual Total Time": 255.289,
                      "Actual Rows": 20284,
                      "Actual Loops": 4,
                      "Hash Buckets": 131072,
                      "Original Hash Buckets": 131072,
                      "Hash Batches": 1,
                      "Original Hash Batches": 1,
                      "Peak Memory Usage": 4256,
                      "Plans": [
                        {
                          "Node Type": "Hash Join",
                          "Parent Relationship": "Outer",
                          "Parallel Aware": true,
                          "Join Type": "Inner",
                          "Startup Cost": 32224.82,
                          "Total Cost": 77896.17,
                          "Plan Rows": 31700,
                          "Plan Width": 8,
                          "Actual Startup Time": 101.236,
                          "Actual Total Time": 247.069,
                          "Actual Rows": 20284,
                          "Actual Loops": 4,
                          "Inner Unique": false,
                          "Hash Cond": "(t.id = mc.movie_id)",
                          "Plans": [
                            {
                              "Node Type": "Seq Scan",
                              "Parent Relationship": "Outer",
                              "Parallel Aware": true,
                              "Relation Name": "title",
                              "Alias": "t",
                              "Startup Cost": 0.0,
                              "Total Cost": 43898.92,
                              "Plan Rows": 334036,
                              "Plan Width": 4,
                              "Actual Startup Time": 0.012,
                              "Actual Total Time": 93.844,
                              "Actual Rows": 337073,
                              "Actual Loops": 4,
                              "Filter": "(production_year < 2005)",
                              "Rows Removed by Filter": 295005
                            },
                            {
                              "Node Type": "Hash",
                              "Parent Relationship": "Inner",
                              "Parallel Aware": true,
                              "Startup Cost": 31257.32,
                              "Total Cost": 31257.32,
                              "Plan Rows": 77400,
                              "Plan Width": 4,
                              "Actual Startup Time": 100.133,
                              "Actual Total Time": 100.134,
                              "Actual Rows": 30397,
                              "Actual Loops": 4,
                              "Hash Buckets": 262144,
                              "Original Hash Buckets": 262144,
                              "Hash Batches": 1,
                              "Original Hash Batches": 1,
                              "Peak Memory Usage": 6880,
                              "Plans": [
                                {
                                  "Node Type": "Bitmap Heap Scan",
                                  "Parent Relationship": "Outer",
                                  "Parallel Aware": true,
                                  "Relation Name": "movie_companies",
                                  "Alias": "mc",
                                  "Startup Cost": 10180.69,
                                  "Total Cost": 31257.32,
                                  "Plan Rows": 77400,
                                  "Plan Width": 4,
                                  "Actual Startup Time": 76.226,
                                  "Actual Total Time": 91.34,
                                  "Actual Rows": 30397,
                                  "Actual Loops": 4,
                                  "Recheck Cond": "(company_id < 406)",
                                  "Rows Removed by Index Recheck": 0,
                                  "Filter": "(company_type_id > 1)",
                                  "Rows Removed by Filter": 87108,
                                  "Exact Heap Blocks": 9133,
                                  "Lossy Heap Blocks": 0,
                                  "Plans": [
                                    {
                                      "Node Type": "Bitmap Index Scan",
                                      "Parent Relationship": "Outer",
                                      "Parallel Aware": false,
                                      "Index Name": "company_id_movie_companies",
                                      "Startup Cost": 0.0,
                                      "Total Cost": 10120.7,
                                      "Plan Rows": 472570,
                                      "Plan Width": 0,
                                      "Actual Startup Time": 35.428,
                                      "Actual Total Time": 35.428,
                                      "Actual Rows": 470019,
                                      "Actual Loops": 1,
                                      "Index Cond": "(company_id < 406)"
                                    }
                                  ]
                                }
                              ]
                            }
                          ]
                        }
                      ]
                    }
                  ]
                }
              ]
            }
          ]
        }
      ]
    },
    "Planning Time": 1.409,
    "Triggers": [],
    "Execution Time": 447.11
  }
]