{
  "Plan": {
    "Node Type": "Aggregate",
    "Strategy": "Plain",
    "Partial Mode": "Finalize",
    "Parallel Aware": false,
    "Startup Cost": 149711.53,
    "Total Cost": 149711.54,
    "Plan Rows": 1,
    "Plan Width": 8,
    "Actual Startup Time": 856.314,
    "Actual Total Time": 877.849,
    "Actual Rows": 1,
    "Actual Loops": 1,
    "Plans": [
      {
        "Node Type": "Gather",
        "Parent Relationship": "Outer",
        "Parallel Aware": false,
        "Startup Cost": 149711.42,
        "Total Cost": 149711.53,
        "Plan Rows": 1,
        "Plan Width": 8,
        "Actual Startup Time": 854.532,
        "Actual Total Time": 877.842,
        "Actual Rows": 2,
        "Actual Loops": 1,
        "Workers Planned": 1,
        "Workers Launched": 1,
        "Single Copy": false,
        "Plans": [
          {
            "Node Type": "Aggregate",
            "Strategy": "Plain",
            "Partial Mode": "Partial",
            "Parent Relationship": "Outer",
            "Parallel Aware": false,
            "Startup Cost": 148711.42,
            "Total Cost": 148711.43,
            "Plan Rows": 1,
            "Plan Width": 8,
            "Actual Startup Time": 848.403,
            "Actual Total Time": 848.409,
            "Actual Rows": 1,
            "Actual Loops": 2,
            "Plans": [
              {
                "Node Type": "Hash Join",
                "Parent Relationship": "Outer",
                "Parallel Aware": true,
                "Join Type": "Inner",
                "Startup Cost": 82409.57,
                "Total Cost": 148197.26,
                "Plan Rows": 205664,
                "Plan Width": 0,
                "Actual Startup Time": 393.623,
                "Actual Total Time": 796.778,
                "Actual Rows": 1274341,
                "Actual Loops": 2,
                "Inner Unique": false,
                "Hash Cond": "(mk.movie_id = t.id)",
                "Plans": [
                  {
                    "Node Type": "Seq Scan",
                    "Parent Relationship": "Outer",
                    "Parallel Aware": true,
                    "Relation Name": "movie_keyword",
                    "Alias": "mk",
                    "Startup Cost": 0.0,
                    "Total Cost": 57718.19,
                    "Plan Rows": 1829259,
                    "Plan Width": 4,
                    "Actual Startup Time": 0.194,
                    "Actual Total Time": 193.504,
                    "Actual Rows": 1547558,
                    "Actual Loops": 2,
                    "Filter": "(keyword_id > 1962)",
                    "Rows Removed by Filter": 714408
                  },
                  {
                    "Node Type": "Hash",
                    "Parent Relationship": "Inner",
                    "Parallel Aware": true,
                    "Startup Cost": 80319.46,
                    "Total Cost": 80319.46,
                    "Plan Rows": 167209,
                    "Plan Width": 8,
                    "Actual Startup Time": 387.632,
                    "Actual Total Time": 387.636,
                    "Actual Rows": 214084,
                    "Actual Loops": 2,
                    "Hash Buckets": 524288,
                    "Original Hash Buckets": 524288,
                    "Hash Batches": 1,
                    "Original Hash Batches": 1,
                    "Peak Memory Usage": 20864,
                    "Plans": [
                      {
                        "Node Type": "Hash Join",
                        "Parent Relationship": "Outer",
                        "Parallel Aware": true,
                        "Join Type": "Inner",
                        "Startup Cost": 62135.67,
                        "Total Cost": 80319.46,
                        "Plan Rows": 167209,
                        "Plan Width": 8,
                        "Actual Startup Time": 199.797,
                        "Actual Total Time": 348.936,
                        "Actual Rows": 214084,
                        "Actual Loops": 2,
                        "Inner Unique": true,
                        "Hash Cond": "(mi_idx.movie_id = t.id)",
                        "Plans": [
                          {
                            "Node Type": "Seq Scan",
                            "Parent Relationship": "Outer",
                            "Parallel Aware": true,
                            "Relation Name": "movie_info_idx",
                            "Alias": "mi_idx",
                            "Startup Cost": 0.0,
                            "Total Cost": 16052.85,
                            "Plan Rows": 811785,
                            "Plan Width": 4,
                            "Actual Startup Time": 0.017,
                            "Actual Total Time": 49.41,
                            "Actual Rows": 690018,
                            "Actual Loops": 2
                          },
                          {
                            "Node Type": "Hash",
                            "Parent Relationship": "Inner",
                            "Parallel Aware": true,
                            "Startup Cost": 58306.47,
                            "Total Cost": 58306.47,
                            "Plan Rows": 306336,
                            "Plan Width": 4,
                            "Actual Startup Time": 196.28,
                            "Actual Total Time": 196.281,
                            "Actual Rows": 201936,
                            "Actual Loops": 2,
                            "Hash Buckets": 524288,
                            "Original Hash Buckets": 524288,
                            "Hash Batches": 1,
                            "Original Hash Batches": 1,
                            "Peak Memory Usage": 19936,
                            "Plans": [
                              {
                                "Node Type": "Seq Scan",
                                "Parent Relationship": "Outer",
                                "Parallel Aware": true,
                                "Relation Name": "title",
                                "Alias": "t",
                                "Startup Cost": 0.0,
                                "Total Cost": 58306.47,
                                "Plan Rows": 306336,
                                "Plan Width": 4,
                                "Actual Startup Time": 0.048,
                                "Actual Total Time": 146.535,
                                "Actual Rows": 201936,
                                "Actual Loops": 2,
                                "Filter": "((kind_id < 4) AND (production_year > 1997))",
                                "Rows Removed by Filter": 1062220
                              }
                            ]
                          }
                        ]
                      }
                    ]
                  }
                ]
              }
            ]
          }
        ]
      }
    ]
  },
  "Planning Time": 0.933,
  "Triggers": [],
  "Execution Time": 877.935
}