[
  {
    "Plan": {
      "Node Type": "Aggregate",
      "Strategy": "Plain",
      "Partial Mode": "Finalize",
      "Parallel Aware": false,
      "Startup Cost": 186193.2,
      "Total Cost": 186193.21,
      "Plan Rows": 1,
      "Plan Width": 8,
      "Actual Startup Time": 168.379,
      "Actual Total Time": 196.805,
      "Actual Rows": 1,
      "Actual Loops": 1,
      "Plans": [
        {
          "Node Type": "Gather",
          "Parent Relationship": "Outer",
          "Parallel Aware": false,
          "Startup Cost": 186192.78,
          "Total Cost": 186193.19,
          "Plan Rows": 4,
          "Plan Width": 8,
          "Actual Startup Time": 168.236,
          "Actual Total Time": 196.796,
          "Actual Rows": 5,
          "Actual Loops": 1,
          "Workers Planned": 4,
          "Workers Launched": 4,
          "Single Copy": false,
          "Plans": [
            {
              "Node Type": "Aggregate",
              "Strategy": "Plain",
              "Partial Mode": "Partial",
              "Parent Relationship": "Outer",
              "Parallel Aware": false,
              "Startup Cost": 185192.78,
              "Total Cost": 185192.79,
              "Plan Rows": 1,
              "Plan Width": 8,
              "Actual Startup Time": 158.278,
              "Actual Total Time": 158.28,
              "Actual Rows": 1,
              "Actual Loops": 5,
              "Plans": [
                {
                  "Node Type": "Nested Loop",
                  "Parent Relationship": "Outer",
                  "Parallel Aware": false,
                  "Join Type": "Inner",
                  "Startup Cost": 0.56,
                  "Total Cost": 185149.12,
                  "Plan Rows": 17464,
                  "Plan Width": 0,
                  "Actual Startup Time": 1.686,
                  "Actual Total Time": 156.545,
                  "Actual Rows": 14861,
                  "Actual Loops": 5,
                  "Inner Unique": false,
                  "Plans": [
                    {
                      "Node Type": "Seq Scan",
                      "Parent Relationship": "Outer",
                      "Parallel Aware": true,
                      "Relation Name": "title",
                      "Alias": "t",
                      "Startup Cost": 0.0,
                      "Total Cost": 45479.1,
                      "Plan Rows": 1219,
                      "Plan Width": 4,
                      "Actual Startup Time": 1.275,
                      "Actual Total Time": 79.829,
                      "Actual Rows": 1018,
                      "Actual Loops": 5,
                      "Filter": "((kind_id < 3) AND (production_year = 1968))",
                      "Rows Removed by Filter": 504645
                    },
                    {
                      "Node Type": "Index Only Scan",
                      "Parent Relationship": "Inner",
                      "Parallel Aware": false,
                      "Scan Direction": "Forward",
                      "Index Name": "movie_id_cast_info",
                      "Relation Name": "cast_info",
                      "Alias": "ci",
                      "Startup Cost": 0.56,
                      "Total Cost": 114.21,
                      "Plan Rows": 37,
                      "Plan Width": 4,
                      "Actual Startup Time": 0.015,
                      "Actual Total Time": 0.073,
                      "Actual Rows": 15,
                      "Actual Loops": 5089,
                      "Index Cond": "(movie_id = t.id)",
                      "Rows Removed by Index Recheck": 0,
                      "Heap Fetches": 74307
                    }
                  ]
                }
              ]
            }
          ]
        }
      ]
    },
    "Planning Time": 0.557,
    "Triggers": [],
    "Execution Time": 196.885
  }
]