[
  {
    "Plan": {
      "Node Type": "Aggregate",
      "Strategy": "Plain",
      "Partial Mode": "Finalize",
      "Parallel Aware": false,
      "Startup Cost": 109860.8,
      "Total Cost": 109860.81,
      "Plan Rows": 1,
      "Plan Width": 8,
      "Actual Startup Time": 597.834,
      "Actual Total Time": 616.22,
      "Actual Rows": 1,
      "Actual Loops": 1,
      "Plans": [
        {
          "Node Type": "Gather",
          "Parent Relationship": "Outer",
          "Parallel Aware": false,
          "Startup Cost": 109860.59,
          "Total Cost": 109860.8,
          "Plan Rows": 2,
          "Plan Width": 8,
          "Actual Startup Time": 591.644,
          "Actual Total Time": 616.21,
          "Actual Rows": 3,
          "Actual Loops": 1,
          "Workers Planned": 2,
          "Workers Launched": 2,
          "Single Copy": false,
          "Plans": [
            {
              "Node Type": "Aggregate",
              "Strategy": "Plain",
              "Partial Mode": "Partial",
              "Parent Relationship": "Outer",
              "Parallel Aware": false,
              "Startup Cost": 108860.59,
              "Total Cost": 108860.6,
              "Plan Rows": 1,
              "Plan Width": 8,
              "Actual Startup Time": 589.023,
              "Actual Total Time": 589.198,
              "Actual Rows": 1,
              "Actual Loops": 3,
              "Plans": [
                {
                  "Node Type": "Hash Join",
                  "Parent Relationship": "Outer",
                  "Parallel Aware": true,
                  "Join Type": "Inner",
                  "Startup Cost": 92612.71,
                  "Total Cost": 108683.13,
                  "Plan Rows": 70982,
                  "Plan Width": 0,
                  "Actual Startup Time": 445.376,
                  "Actual Total Time": 569.98,
                  "Actual Rows": 460361,
                  "Actual Loops": 3,
                  "Inner Unique": false,
                  "Hash Cond": "(mi_idx.movie_id = t.id)",
                  "Plans": [
                    {
                      "Node Type": "Seq Scan",
                      "Parent Relationship": "Outer",
                      "Parallel Aware": true,
                      "Relation Name": "movie_info_idx",
                      "Alias": "mi_idx",
                      "Startup Cost": 0.0,
                      "Total Cost": 13685.15,
                      "Plan Rows": 575015,
                      "Plan Width": 4,
                      "Actual Startup Time": 0.016,
                      "Actual Total Time": 38.117,
                      "Actual Rows": 460012,
                      "Actual Loops": 3
                    },
                    {
                      "Node Type": "Hash",
                      "Parent Relationship": "Inner",
                      "Parallel Aware": true,
                      "Startup Cost": 91354.17,
                      "Total Cost": 91354.17,
                      "Plan Rows": 100683,
                      "Plan Width": 8,
                      "Actual Startup Time": 443.308,
                      "Actual Total Time": 443.481,
                      "Actual Rows": 204770,
                      "Actual Loops": 3,
                      "Hash Buckets": 1048576,
                      "Original Hash Buckets": 524288,
                      "Hash Batches": 1,
                      "Original Hash Batches": 1,
                      "Peak Memory Usage": 36352,
                      "Plans": [
                        {
                          "Node Type": "Hash Join",
                          "Parent Relationship": "Outer",
                          "Parallel Aware": true,
                          "Join Type": "Inner",
                          "Startup Cost": 47730.97,
                          "Total Cost": 91354.17,
                          "Plan Rows": 100683,
                          "Plan Width": 8,
                          "Actual Startup Time": 188.332,
                          "Actual Total Time": 380.375,
                          "Actual Rows": 204770,
                          "Actual Loops": 3,
                          "Inner Unique": true,
                          "Hash Cond": "(mk.movie_id = t.id)",
                          "Plans": [
                            {
                              "Node Type": "Seq Scan",
                              "Parent Relationship": "Outer",
                              "Parallel Aware": true,
                              "Relation Name": "movie_keyword",
                              "Alias": "mk",
                              "Startup Cost": 0.0,
                              "Total Cost": 42695.65,
                              "Plan Rows": 353350,
                              "Plan Width": 4,
                              "Actual Startup Time": 0.028,
                              "Actual Total Time": 116.565,
                              "Actual Rows": 367562,
                              "Actual Loops": 3,
                              "Filter": "(keyword_id < 1135)",
                              "Rows Removed by Filter": 1140415
                            },
                            {
                              "Node Type": "Hash",
                              "Parent Relationship": "Inner",
                              "Parallel Aware": true,
                              "Startup Cost": 45479.59,
                              "Total Cost": 45479.59,
                              "Plan Rows": 180111,
                              "Plan Width": 4,
                              "Actual Startup Time": 185.442,
                              "Actual Total Time": 185.443,
                              "Actual Rows": 206760,
                              "Actual Loops": 3,
                              "Hash Buckets": 1048576,
                              "Original Hash Buckets": 1048576,
                              "Hash Batches": 1,
                              "Original Hash Batches": 1,
                              "Peak Memory Usage": 32512,
                              "Plans": [
                                {
                                  "Node Type": "Seq Scan",
                                  "Parent Relationship": "Outer",
                                  "Parallel Aware": true,
                                  "Relation Name": "title",
                                  "Alias": "t",
                                  "Startup Cost": 0.0,
                                  "Total Cost": 45479.59,
                                  "Plan Rows": 180111,
                                  "Plan Width": 4,
                                  "Actual Startup Time": 0.021,
                                  "Actual Total Time": 114.691,
                                  "Actual Rows": 206760,
                                  "Actual Loops": 3,
                                  "Filter": "((kind_id < 7) AND (production_year > 1986))",
                                  "Rows Removed by Filter": 636010
                                }
                              ]
                            }
                          ]
                        }
                      ]
                    }
                  ]
                }
              ]
            }
          ]
        }
      ]
    },
    "Planning Time": 0.494,
    "Triggers": [],
    "Execution Time": 616.269
  }
]