{
  "Plan": {
    "Node Type": "Aggregate",
    "Strategy": "Plain",
    "Partial Mode": "Finalize",
    "Parallel Aware": false,
    "Startup Cost": 258435.55,
    "Total Cost": 258435.56,
    "Plan Rows": 1,
    "Plan Width": 8,
    "Actual Startup Time": 350.025,
    "Actual Total Time": 365.172,
    "Actual Rows": 1,
    "Actual Loops": 1,
    "Plans": [
      {
        "Node Type": "Gather",
        "Parent Relationship": "Outer",
        "Parallel Aware": false,
        "Startup Cost": 258435.44,
        "Total Cost": 258435.55,
        "Plan Rows": 1,
        "Plan Width": 8,
        "Actual Startup Time": 349.522,
        "Actual Total Time": 365.163,
        "Actual Rows": 2,
        "Actual Loops": 1,
        "Workers Planned": 1,
        "Workers Launched": 1,
        "Single Copy": false,
        "Plans": [
          {
            "Node Type": "Aggregate",
            "Strategy": "Plain",
            "Partial Mode": "Partial",
            "Parent Relationship": "Outer",
            "Parallel Aware": false,
            "Startup Cost": 257435.44,
            "Total Cost": 257435.45,
            "Plan Rows": 1,
            "Plan Width": 8,
            "Actual Startup Time": 345.03,
            "Actual Total Time": 345.034,
            "Actual Rows": 1,
            "Actual Loops": 2,
            "Plans": [
              {
                "Node Type": "Hash Join",
                "Parent Relationship": "Outer",
                "Parallel Aware": true,
                "Join Type": "Inner",
                "Startup Cost": 83396.54,
                "Total Cost": 257358.87,
                "Plan Rows": 30626,
                "Plan Width": 0,
                "Actual Startup Time": 206.219,
                "Actual Total Time": 344.885,
                "Actual Rows": 2000,
                "Actual Loops": 2,
                "Inner Unique": true,
                "Hash Cond": "(mi.movie_id = t.id)",
                "Plans": [
                  {
                    "Node Type": "Bitmap Heap Scan",
                    "Parent Relationship": "Outer",
                    "Parallel Aware": true,
                    "Relation Name": "movie_info",
                    "Alias": "mi",
                    "Startup Cost": 24370.61,
                    "Total Cost": 196255.62,
                    "Plan Rows": 791361,
                    "Plan Width": 4,
                    "Actual Startup Time": 51.761,
                    "Actual Total Time": 119.527,
                    "Actual Rows": 700951,
                    "Actual Loops": 2,
                    "Recheck Cond": "(info_type_id = 7)",
                    "Rows Removed by Index Recheck": 0,
                    "Exact Heap Blocks": 4898,
                    "Lossy Heap Blocks": 0,
                    "Plans": [
                      {
                        "Node Type": "Bitmap Index Scan",
                        "Parent Relationship": "Outer",
                        "Parallel Aware": false,
                        "Index Name": "info_type_id_movie_info",
                        "Startup Cost": 0.0,
                        "Total Cost": 24034.28,
                        "Plan Rows": 1345313,
                        "Plan Width": 0,
                        "Actual Startup Time": 50.244,
                        "Actual Total Time": 50.245,
                        "Actual Rows": 1401902,
                        "Actual Loops": 1,
                        "Index Cond": "(info_type_id = 7)"
                      }
                    ]
                  },
                  {
                    "Node Type": "Hash",
                    "Parent Relationship": "Inner",
                    "Parallel Aware": true,
                    "Startup Cost": 58306.47,
                    "Total Cost": 58306.47,
                    "Plan Rows": 57557,
                    "Plan Width": 4,
                    "Actual Startup Time": 152.22,
                    "Actual Total Time": 152.22,
                    "Actual Rows": 55201,
                    "Actual Loops": 2,
                    "Hash Buckets": 131072,
                    "Original Hash Buckets": 131072,
                    "Hash Batches": 1,
                    "Original Hash Batches": 1,
                    "Peak Memory Usage": 5376,
                    "Plans": [
                      {
                        "Node Type": "Seq Scan",
                        "Parent Relationship": "Outer",
                        "Parallel Aware": true,
                        "Relation Name": "title",
                        "Alias": "t",
                        "Startup Cost": 0.0,
                        "Total Cost": 58306.47,
                        "Plan Rows": 57557,
                        "Plan Width": 4,
                        "Actual Startup Time": 0.031,
                        "Actual Total Time": 138.074,
                        "Actual Rows": 55201,
                        "Actual Loops": 2,
                        "Filter": "((kind_id = 7) AND (production_year = 2012))",
                        "Rows Removed by Filter": 1208955
                      }
                    ]
                  }
                ]
              }
            ]
          }
        ]
      }
    ]
  },
  "Planning Time": 0.31,
  "Triggers": [],
  "Execution Time": 365.235
}