[
  {
    "Plan": {
      "Node Type": "Aggregate",
      "Strategy": "Plain",
      "Partial Mode": "Finalize",
      "Parallel Aware": false,
      "Startup Cost": 270965.99,
      "Total Cost": 270966.0,
      "Plan Rows": 1,
      "Plan Width": 8,
      "Actual Startup Time": 1248.451,
      "Actual Total Time": 1300.584,
      "Actual Rows": 1,
      "Actual Loops": 1,
      "Plans": [
        {
          "Node Type": "Gather",
          "Parent Relationship": "Outer",
          "Parallel Aware": false,
          "Startup Cost": 270965.47,
          "Total Cost": 270965.98,
          "Plan Rows": 5,
          "Plan Width": 8,
          "Actual Startup Time": 1243.48,
          "Actual Total Time": 1300.572,
          "Actual Rows": 6,
          "Actual Loops": 1,
          "Workers Planned": 5,
          "Workers Launched": 5,
          "Single Copy": false,
          "Plans": [
            {
              "Node Type": "Aggregate",
              "Strategy": "Plain",
              "Partial Mode": "Partial",
              "Parent Relationship": "Outer",
              "Parallel Aware": false,
              "Startup Cost": 269965.47,
              "Total Cost": 269965.48,
              "Plan Rows": 1,
              "Plan Width": 8,
              "Actual Startup Time": 1235.355,
              "Actual Total Time": 1235.455,
              "Actual Rows": 1,
              "Actual Loops": 6,
              "Plans": [
                {
                  "Node Type": "Hash Join",
                  "Parent Relationship": "Outer",
                  "Parallel Aware": true,
                  "Join Type": "Inner",
                  "Startup Cost": 64445.38,
                  "Total Cost": 268952.85,
                  "Plan Rows": 405048,
                  "Plan Width": 0,
                  "Actual Startup Time": 278.402,
                  "Actual Total Time": 1131.165,
                  "Actual Rows": 2255174,
                  "Actual Loops": 6,
                  "Inner Unique": false,
                  "Hash Cond": "(mi.movie_id = t.id)",
                  "Plans": [
                    {
                      "Node Type": "Seq Scan",
                      "Parent Relationship": "Outer",
                      "Parallel Aware": true,
                      "Relation Name": "movie_info",
                      "Alias": "mi",
                      "Startup Cost": 0.0,
                      "Total Cost": 191685.19,
                      "Plan Rows": 2969219,
                      "Plan Width": 4,
                      "Actual Startup Time": 0.054,
                      "Actual Total Time": 310.943,
                      "Actual Rows": 2472620,
                      "Actual Loops": 6
                    },
                    {
                      "Node Type": "Hash",
                      "Parent Relationship": "Inner",
                      "Parallel Aware": true,
                      "Startup Cost": 62648.95,
                      "Total Cost": 62648.95,
                      "Plan Rows": 143715,
                      "Plan Width": 8,
                      "Actual Startup Time": 264.279,
                      "Actual Total Time": 264.378,
                      "Actual Rows": 103206,
                      "Actual Loops": 6,
                      "Hash Buckets": 1048576,
                      "Original Hash Buckets": 524288,
                      "Hash Batches": 1,
                      "Original Hash Batches": 1,
                      "Peak Memory Usage": 36576,
                      "Plans": [
                        {
                          "Node Type": "Hash Join",
                          "Parent Relationship": "Outer",
                          "Parallel Aware": true,
                          "Join Type": "Inner",
                          "Startup Cost": 47454.39,
                          "Total Cost": 62648.95,
                          "Plan Rows": 143715,
                          "Plan Width": 8,
                          "Actual Startup Time": 167.112,
                          "Actual Total Time": 215.566,
                          "Actual Rows": 103206,
                          "Actual Loops": 6,
                          "Inner Unique": true,
                          "Hash Cond": "(mi_idx.movie_id = t.id)",
                          "Plans": [
                            {
                              "Node Type": "Seq Scan",
                              "Parent Relationship": "Outer",
                              "Parallel Aware": true,
                              "Relation Name": "movie_info_idx",
                              "Alias": "mi_idx",
                              "Startup Cost": 0.0,
                              "Total Cost": 13685.15,
                              "Plan Rows": 575015,
                              "Plan Width": 4,
                              "Actual Startup Time": 0.016,
                              "Actual Total Time": 24.372,
                              "Actual Rows": 230006,
                              "Actual Loops": 6
                            },
                            {
                              "Node Type": "Hash",
                              "Parent Relationship": "Inner",
                              "Parallel Aware": true,
                              "Startup Cost": 45479.59,
                              "Total Cost": 45479.59,
                              "Plan Rows": 157984,
                              "Plan Width": 4,
                              "Actual Startup Time": 141.475,
                              "Actual Total Time": 141.477,
                              "Actual Rows": 103544,
                              "Actual Loops": 6,
                              "Hash Buckets": 1048576,
                              "Original Hash Buckets": 1048576,
                              "Hash Batches": 1,
                              "Original Hash Batches": 1,
                              "Peak Memory Usage": 32608,
                              "Plans": [
                                {
                                  "Node Type": "Seq Scan",
                                  "Parent Relationship": "Outer",
                                  "Parallel Aware": true,
                                  "Relation Name": "title",
                                  "Alias": "t",
                                  "Startup Cost": 0.0,
                                  "Total Cost": 45479.59,
                                  "Plan Rows": 157984,
                                  "Plan Width": 4,
                                  "Actual Startup Time": 44.922,
                                  "Actual Total Time": 89.635,
                                  "Actual Rows": 103544,
                                  "Actual Loops": 6,
                                  "Filter": "((production_year > 1911) AND (kind_id = 1))",
                                  "Rows Removed by Filter": 317842
                                }
                              ]
                            }
                          ]
                        }
                      ]
                    }
                  ]
                }
              ]
            }
          ]
        }
      ]
    },
    "Planning Time": 1.349,
    "Triggers": [],
    "Execution Time": 1300.678
  }
]