[
  {
    "Plan": {
      "Node Type": "Aggregate",
      "Strategy": "Plain",
      "Partial Mode": "Finalize",
      "Parallel Aware": false,
      "Startup Cost": 46167.7,
      "Total Cost": 46167.71,
      "Plan Rows": 1,
      "Plan Width": 8,
      "Actual Startup Time": 174.188,
      "Actual Total Time": 184.135,
      "Actual Rows": 1,
      "Actual Loops": 1,
      "Plans": [
        {
          "Node Type": "Gather",
          "Parent Relationship": "Outer",
          "Parallel Aware": false,
          "Startup Cost": 46167.38,
          "Total Cost": 46167.69,
          "Plan Rows": 3,
          "Plan Width": 8,
          "Actual Startup Time": 174.073,
          "Actual Total Time": 184.125,
          "Actual Rows": 4,
          "Actual Loops": 1,
          "Workers Planned": 3,
          "Workers Launched": 3,
          "Single Copy": false,
          "Plans": [
            {
              "Node Type": "Aggregate",
              "Strategy": "Plain",
              "Partial Mode": "Partial",
              "Parent Relationship": "Outer",
              "Parallel Aware": false,
              "Startup Cost": 45167.38,
              "Total Cost": 45167.39,
              "Plan Rows": 1,
              "Plan Width": 8,
              "Actual Startup Time": 165.597,
              "Actual Total Time": 165.598,
              "Actual Rows": 1,
              "Actual Loops": 4,
              "Plans": [
                {
                  "Node Type": "Seq Scan",
                  "Parent Relationship": "Outer",
                  "Parallel Aware": true,
                  "Relation Name": "movie_keyword",
                  "Alias": "mk",
                  "Startup Cost": 0.0,
                  "Total Cost": 42695.65,
                  "Plan Rows": 988691,
                  "Plan Width": 0,
                  "Actual Startup Time": 0.061,
                  "Actual Total Time": 128.299,
                  "Actual Rows": 764581,
                  "Actual Loops": 4,
                  "Filter": "(keyword_id < 11285)",
                  "Rows Removed by Filter": 366402
                }
              ]
            }
          ]
        }
      ]
    },
    "Planning Time": 0.184,
    "Triggers": [],
    "Execution Time": 184.192
  }
]