{
  "Plan": {
    "Node Type": "Aggregate",
    "Strategy": "Plain",
    "Partial Mode": "Simple",
    "Parallel Aware": false,
    "Startup Cost": 780.16,
    "Total Cost": 780.17,
    "Plan Rows": 1,
    "Plan Width": 8,
    "Actual Startup Time": 0.706,
    "Actual Total Time": 0.709,
    "Actual Rows": 1,
    "Actual Loops": 1,
    "Plans": [
      {
        "Node Type": "Nested Loop",
        "Parent Relationship": "Outer",
        "Parallel Aware": false,
        "Join Type": "Inner",
        "Startup Cost": 1.29,
        "Total Cost": 780.06,
        "Plan Rows": 41,
        "Plan Width": 0,
        "Actual Startup Time": 0.217,
        "Actual Total Time": 0.699,
        "Actual Rows": 8,
        "Actual Loops": 1,
        "Inner Unique": false,
        "Plans": [
          {
            "Node Type": "Nested Loop",
            "Parent Relationship": "Outer",
            "Parallel Aware": false,
            "Join Type": "Inner",
            "Startup Cost": 0.86,
            "Total Cost": 696.2,
            "Plan Rows": 50,
            "Plan Width": 8,
            "Actual Startup Time": 0.179,
            "Actual Total Time": 0.242,
            "Actual Rows": 4,
            "Actual Loops": 1,
            "Inner Unique": true,
            "Plans": [
              {
                "Node Type": "Index Scan",
                "Parent Relationship": "Outer",
                "Parallel Aware": false,
                "Scan Direction": "Forward",
                "Index Name": "company_id_movie_companies",
                "Relation Name": "movie_companies",
                "Alias": "mc",
                "Startup Cost": 0.43,
                "Total Cost": 273.83,
                "Plan Rows": 50,
                "Plan Width": 4,
                "Actual Startup Time": 0.154,
                "Actual Total Time": 0.168,
                "Actual Rows": 4,
                "Actual Loops": 1,
                "Index Cond": "(company_id = 26244)",
                "Rows Removed by Index Recheck": 0,
                "Filter": "(company_type_id < 2)",
                "Rows Removed by Filter": 0
              },
              {
                "Node Type": "Index Only Scan",
                "Parent Relationship": "Inner",
                "Parallel Aware": false,
                "Scan Direction": "Forward",
                "Index Name": "title_pkey",
                "Relation Name": "title",
                "Alias": "t",
                "Startup Cost": 0.43,
                "Total Cost": 8.45,
                "Plan Rows": 1,
                "Plan Width": 4,
                "Actual Startup Time": 0.016,
                "Actual Total Time": 0.016,
                "Actual Rows": 1,
                "Actual Loops": 4,
                "Index Cond": "(id = mc.movie_id)",
                "Rows Removed by Index Recheck": 0,
                "Heap Fetches": 4
              }
            ]
          },
          {
            "Node Type": "Index Scan",
            "Parent Relationship": "Inner",
            "Parallel Aware": false,
            "Scan Direction": "Forward",
            "Index Name": "movie_id_movie_info",
            "Relation Name": "movie_info",
            "Alias": "mi",
            "Startup Cost": 0.43,
            "Total Cost": 1.62,
            "Plan Rows": 6,
            "Plan Width": 4,
            "Actual Startup Time": 0.035,
            "Actual Total Time": 0.112,
            "Actual Rows": 2,
            "Actual Loops": 4,
            "Index Cond": "(movie_id = t.id)",
            "Rows Removed by Index Recheck": 0,
            "Filter": "(info_type_id < 3)",
            "Rows Removed by Filter": 95
          }
        ]
      }
    ]
  },
  "Planning Time": 1.073,
  "Triggers": [],
  "Execution Time": 0.78
}