[
  {
    "Plan": {
      "Node Type": "Aggregate",
      "Strategy": "Plain",
      "Partial Mode": "Finalize",
      "Parallel Aware": false,
      "Startup Cost": 332742.32,
      "Total Cost": 332742.33,
      "Plan Rows": 1,
      "Plan Width": 8,
      "Actual Startup Time": 611.084,
      "Actual Total Time": 656.865,
      "Actual Rows": 1,
      "Actual Loops": 1,
      "Plans": [
        {
          "Node Type": "Gather",
          "Parent Relationship": "Outer",
          "Parallel Aware": false,
          "Startup Cost": 332741.7,
          "Total Cost": 332742.31,
          "Plan Rows": 6,
          "Plan Width": 8,
          "Actual Startup Time": 610.896,
          "Actual Total Time": 656.854,
          "Actual Rows": 7,
          "Actual Loops": 1,
          "Workers Planned": 6,
          "Workers Launched": 6,
          "Single Copy": false,
          "Plans": [
            {
              "Node Type": "Aggregate",
              "Strategy": "Plain",
              "Partial Mode": "Partial",
              "Parent Relationship": "Outer",
              "Parallel Aware": false,
              "Startup Cost": 331741.7,
              "Total Cost": 331741.71,
              "Plan Rows": 1,
              "Plan Width": 8,
              "Actual Startup Time": 603.476,
              "Actual Total Time": 603.477,
              "Actual Rows": 1,
              "Actual Loops": 7,
              "Plans": [
                {
                  "Node Type": "Seq Scan",
                  "Parent Relationship": "Outer",
                  "Parallel Aware": true,
                  "Relation Name": "cast_info",
                  "Alias": "ci",
                  "Startup Cost": 0.0,
                  "Total Cost": 328211.39,
                  "Plan Rows": 1412122,
                  "Plan Width": 0,
                  "Actual Startup Time": 312.367,
                  "Actual Total Time": 545.424,
                  "Actual Rows": 1198005,
                  "Actual Loops": 7,
                  "Filter": "(person_id > 2845364)",
                  "Rows Removed by Filter": 3979759
                }
              ]
            }
          ]
        }
      ]
    },
    "Planning Time": 0.229,
    "Triggers": [],
    "Execution Time": 656.934
  }
]