[
  {
    "Plan": {
      "Node Type": "Aggregate",
      "Strategy": "Plain",
      "Partial Mode": "Finalize",
      "Parallel Aware": false,
      "Startup Cost": 332192.76,
      "Total Cost": 332192.77,
      "Plan Rows": 1,
      "Plan Width": 8,
      "Actual Startup Time": 713.779,
      "Actual Total Time": 771.014,
      "Actual Rows": 1,
      "Actual Loops": 1,
      "Plans": [
        {
          "Node Type": "Gather",
          "Parent Relationship": "Outer",
          "Parallel Aware": false,
          "Startup Cost": 332192.14,
          "Total Cost": 332192.75,
          "Plan Rows": 6,
          "Plan Width": 8,
          "Actual Startup Time": 713.481,
          "Actual Total Time": 770.998,
          "Actual Rows": 7,
          "Actual Loops": 1,
          "Workers Planned": 6,
          "Workers Launched": 6,
          "Single Copy": false,
          "Plans": [
            {
              "Node Type": "Aggregate",
              "Strategy": "Plain",
              "Partial Mode": "Partial",
              "Parent Relationship": "Outer",
              "Parallel Aware": false,
              "Startup Cost": 331192.14,
              "Total Cost": 331192.15,
              "Plan Rows": 1,
              "Plan Width": 8,
              "Actual Startup Time": 703.863,
              "Actual Total Time": 703.864,
              "Actual Rows": 1,
              "Actual Loops": 7,
              "Plans": [
                {
                  "Node Type": "Seq Scan",
                  "Parent Relationship": "Outer",
                  "Parallel Aware": true,
                  "Relation Name": "cast_info",
                  "Alias": "ci",
                  "Startup Cost": 0.0,
                  "Total Cost": 328211.39,
                  "Plan Rows": 1192298,
                  "Plan Width": 0,
                  "Actual Startup Time": 0.059,
                  "Actual Total Time": 640.125,
                  "Actual Rows": 1041566,
                  "Actual Loops": 7,
                  "Filter": "(person_id < 704566)",
                  "Rows Removed by Filter": 4136198
                }
              ]
            }
          ]
        }
      ]
    },
    "Planning Time": 0.209,
    "Triggers": [],
    "Execution Time": 771.092
  }
]