[
  {
    "Plan": {
      "Node Type": "Aggregate",
      "Strategy": "Plain",
      "Partial Mode": "Finalize",
      "Parallel Aware": false,
      "Startup Cost": 94135.74,
      "Total Cost": 94135.75,
      "Plan Rows": 1,
      "Plan Width": 8,
      "Actual Startup Time": 347.797,
      "Actual Total Time": 394.803,
      "Actual Rows": 1,
      "Actual Loops": 1,
      "Plans": [
        {
          "Node Type": "Gather",
          "Parent Relationship": "Outer",
          "Parallel Aware": false,
          "Startup Cost": 94135.42,
          "Total Cost": 94135.73,
          "Plan Rows": 3,
          "Plan Width": 8,
          "Actual Startup Time": 347.394,
          "Actual Total Time": 394.793,
          "Actual Rows": 4,
          "Actual Loops": 1,
          "Workers Planned": 3,
          "Workers Launched": 3,
          "Single Copy": false,
          "Plans": [
            {
              "Node Type": "Aggregate",
              "Strategy": "Plain",
              "Partial Mode": "Partial",
              "Parent Relationship": "Outer",
              "Parallel Aware": false,
              "Startup Cost": 93135.42,
              "Total Cost": 93135.43,
              "Plan Rows": 1,
              "Plan Width": 8,
              "Actual Startup Time": 338.33,
              "Actual Total Time": 338.334,
              "Actual Rows": 1,
              "Actual Loops": 4,
              "Plans": [
                {
                  "Node Type": "Nested Loop",
                  "Parent Relationship": "Outer",
                  "Parallel Aware": false,
                  "Join Type": "Inner",
                  "Startup Cost": 44038.53,
                  "Total Cost": 92962.3,
                  "Plan Rows": 69246,
                  "Plan Width": 0,
                  "Actual Startup Time": 99.516,
                  "Actual Total Time": 331.832,
                  "Actual Rows": 126134,
                  "Actual Loops": 4,
                  "Inner Unique": false,
                  "Join Filter": "(t.id = ci.movie_id)",
                  "Rows Removed by Join Filter": 0,
                  "Plans": [
                    {
                      "Node Type": "Hash Join",
                      "Parent Relationship": "Outer",
                      "Parallel Aware": true,
                      "Join Type": "Inner",
                      "Startup Cost": 44037.97,
                      "Total Cost": 76173.56,
                      "Plan Rows": 4833,
                      "Plan Width": 8,
                      "Actual Startup Time": 99.414,
                      "Actual Total Time": 173.53,
                      "Actual Rows": 2373,
                      "Actual Loops": 4,
                      "Inner Unique": true,
                      "Hash Cond": "(mc.movie_id = t.id)",
                      "Plans": [
                        {
                          "Node Type": "Seq Scan",
                          "Parent Relationship": "Outer",
                          "Parallel Aware": true,
                          "Relation Name": "movie_companies",
                          "Alias": "mc",
                          "Startup Cost": 0.0,
                          "Total Cost": 31414.82,
                          "Plan Rows": 274582,
                          "Plan Width": 4,
                          "Actual Startup Time": 0.774,
                          "Actual Total Time": 57.805,
                          "Actual Rows": 163905,
                          "Actual Loops": 4,
                          "Filter": "((company_id > 2561) AND (company_type_id = 1))",
                          "Rows Removed by Filter": 488377
                        },
                        {
                          "Node Type": "Hash",
                          "Parent Relationship": "Inner",
                          "Parallel Aware": true,
                          "Startup Cost": 43898.92,
                          "Total Cost": 43898.92,
                          "Plan Rows": 11124,
                          "Plan Width": 4,
                          "Actual Startup Time": 97.114,
                          "Actual Total Time": 97.115,
                          "Actual Rows": 11646,
                          "Actual Loops": 4,
                          "Hash Buckets": 65536,
                          "Original Hash Buckets": 65536,
                          "Hash Batches": 1,
                          "Original Hash Batches": 1,
                          "Peak Memory Usage": 2400,
                          "Plans": [
                            {
                              "Node Type": "Seq Scan",
                              "Parent Relationship": "Outer",
                              "Parallel Aware": true,
                              "Relation Name": "title",
                              "Alias": "t",
                              "Startup Cost": 0.0,
                              "Total Cost": 43898.92,
                              "Plan Rows": 11124,
                              "Plan Width": 4,
                              "Actual Startup Time": 0.043,
                              "Actual Total Time": 91.562,
                              "Actual Rows": 11646,
                              "Actual Loops": 4,
                              "Filter": "(production_year = 1998)",
                              "Rows Removed by Filter": 620432
                            }
                          ]
                        }
                      ]
                    },
                    {
                      "Node Type": "Index Only Scan",
                      "Parent Relationship": "Inner",
                      "Parallel Aware": false,
                      "Scan Direction": "Forward",
                      "Index Name": "movie_id_cast_info",
                      "Relation Name": "cast_info",
                      "Alias": "ci",
                      "Startup Cost": 0.56,
                      "Total Cost": 3.01,
                      "Plan Rows": 37,
                      "Plan Width": 4,
                      "Actual Startup Time": 0.008,
                      "Actual Total Time": 0.061,
                      "Actual Rows": 53,
                      "Actual Loops": 9492,
                      "Index Cond": "(movie_id = mc.movie_id)",
                      "Rows Removed by Index Recheck": 0,
                      "Heap Fetches": 504536
                    }
                  ]
                }
              ]
            }
          ]
        }
      ]
    },
    "Planning Time": 1.514,
    "Triggers": [],
    "Execution Time": 394.904
  }
]