[
  {
    "Plan": {
      "Node Type": "Aggregate",
      "Strategy": "Plain",
      "Partial Mode": "Finalize",
      "Parallel Aware": false,
      "Startup Cost": 45713.09,
      "Total Cost": 45713.1,
      "Plan Rows": 1,
      "Plan Width": 8,
      "Actual Startup Time": 151.176,
      "Actual Total Time": 160.405,
      "Actual Rows": 1,
      "Actual Loops": 1,
      "Plans": [
        {
          "Node Type": "Gather",
          "Parent Relationship": "Outer",
          "Parallel Aware": false,
          "Startup Cost": 45712.77,
          "Total Cost": 45713.08,
          "Plan Rows": 3,
          "Plan Width": 8,
          "Actual Startup Time": 151.039,
          "Actual Total Time": 160.396,
          "Actual Rows": 4,
          "Actual Loops": 1,
          "Workers Planned": 3,
          "Workers Launched": 3,
          "Single Copy": false,
          "Plans": [
            {
              "Node Type": "Aggregate",
              "Strategy": "Plain",
              "Partial Mode": "Partial",
              "Parent Relationship": "Outer",
              "Parallel Aware": false,
              "Startup Cost": 44712.77,
              "Total Cost": 44712.78,
              "Plan Rows": 1,
              "Plan Width": 8,
              "Actual Startup Time": 145.896,
              "Actual Total Time": 145.897,
              "Actual Rows": 1,
              "Actual Loops": 4,
              "Plans": [
                {
                  "Node Type": "Seq Scan",
                  "Parent Relationship": "Outer",
                  "Parallel Aware": true,
                  "Relation Name": "movie_keyword",
                  "Alias": "mk",
                  "Startup Cost": 0.0,
                  "Total Cost": 42695.65,
                  "Plan Rows": 806846,
                  "Plan Width": 0,
                  "Actual Startup Time": 0.038,
                  "Actual Total Time": 116.237,
                  "Actual Rows": 627970,
                  "Actual Loops": 4,
                  "Filter": "(keyword_id < 6209)",
                  "Rows Removed by Filter": 503013
                }
              ]
            }
          ]
        }
      ]
    },
    "Planning Time": 0.088,
    "Triggers": [],
    "Execution Time": 160.433
  }
]