[
  {
    "Plan": {
      "Node Type": "Aggregate",
      "Strategy": "Plain",
      "Partial Mode": "Finalize",
      "Parallel Aware": false,
      "Startup Cost": 45722.0,
      "Total Cost": 45722.01,
      "Plan Rows": 1,
      "Plan Width": 8,
      "Actual Startup Time": 156.34,
      "Actual Total Time": 165.687,
      "Actual Rows": 1,
      "Actual Loops": 1,
      "Plans": [
        {
          "Node Type": "Gather",
          "Parent Relationship": "Outer",
          "Parallel Aware": false,
          "Startup Cost": 45721.68,
          "Total Cost": 45721.99,
          "Plan Rows": 3,
          "Plan Width": 8,
          "Actual Startup Time": 156.244,
          "Actual Total Time": 165.679,
          "Actual Rows": 4,
          "Actual Loops": 1,
          "Workers Planned": 3,
          "Workers Launched": 3,
          "Single Copy": false,
          "Plans": [
            {
              "Node Type": "Aggregate",
              "Strategy": "Plain",
              "Partial Mode": "Partial",
              "Parent Relationship": "Outer",
              "Parallel Aware": false,
              "Startup Cost": 44721.68,
              "Total Cost": 44721.69,
              "Plan Rows": 1,
              "Plan Width": 8,
              "Actual Startup Time": 147.961,
              "Actual Total Time": 147.962,
              "Actual Rows": 1,
              "Actual Loops": 4,
              "Plans": [
                {
                  "Node Type": "Seq Scan",
                  "Parent Relationship": "Outer",
                  "Parallel Aware": true,
                  "Relation Name": "movie_keyword",
                  "Alias": "mk",
                  "Startup Cost": 0.0,
                  "Total Cost": 42695.65,
                  "Plan Rows": 810410,
                  "Plan Width": 0,
                  "Actual Startup Time": 0.071,
                  "Actual Total Time": 118.597,
                  "Actual Rows": 627970,
                  "Actual Loops": 4,
                  "Filter": "(keyword_id < 6209)",
                  "Rows Removed by Filter": 503013
                }
              ]
            }
          ]
        }
      ]
    },
    "Planning Time": 0.159,
    "Triggers": [],
    "Execution Time": 165.737
  }
]