[
    {
        "Bao": {
            "Bao prediction": "NaN",
            "Bao recommended hint": "(no hint)"
        }
    },
    {
        "Plan": {
            "Node Type": "Aggregate",
            "Strategy": "Plain",
            "Partial Mode": "Finalize",
            "Parallel Aware": false,
            "Startup Cost": 36915.79,
            "Total Cost": 36915.8,
            "Plan Rows": 1,
            "Plan Width": 8,
            "Actual Startup Time": 110.74,
            "Actual Total Time": 119.9,
            "Actual Rows": 1,
            "Actual Loops": 1,
            "Output": [
                "count(*)"
            ],
            "Plans": [
                {
                    "Node Type": "Gather",
                    "Parent Relationship": "Outer",
                    "Parallel Aware": false,
                    "Startup Cost": 36915.48,
                    "Total Cost": 36915.79,
                    "Plan Rows": 3,
                    "Plan Width": 8,
                    "Actual Startup Time": 110.465,
                    "Actual Total Time": 119.893,
                    "Actual Rows": 4,
                    "Actual Loops": 1,
                    "Output": [
                        "(PARTIAL count(*))"
                    ],
                    "Workers Planned": 3,
                    "Workers Launched": 3,
                    "Single Copy": false,
                    "Plans": [
                        {
                            "Node Type": "Aggregate",
                            "Strategy": "Plain",
                            "Partial Mode": "Partial",
                            "Parent Relationship": "Outer",
                            "Parallel Aware": false,
                            "Startup Cost": 35915.48,
                            "Total Cost": 35915.49,
                            "Plan Rows": 1,
                            "Plan Width": 8,
                            "Actual Startup Time": 101.926,
                            "Actual Total Time": 101.928,
                            "Actual Rows": 1,
                            "Actual Loops": 4,
                            "Output": [
                                "PARTIAL count(*)"
                            ],
                            "Workers": [
                                {
                                    "Worker Number": 0,
                                    "Actual Startup Time": 99.045,
                                    "Actual Total Time": 99.047,
                                    "Actual Rows": 1,
                                    "Actual Loops": 1
                                },
                                {
                                    "Worker Number": 1,
                                    "Actual Startup Time": 99.123,
                                    "Actual Total Time": 99.125,
                                    "Actual Rows": 1,
                                    "Actual Loops": 1
                                },
                                {
                                    "Worker Number": 2,
                                    "Actual Startup Time": 99.319,
                                    "Actual Total Time": 99.321,
                                    "Actual Rows": 1,
                                    "Actual Loops": 1
                                }
                            ],
                            "Plans": [
                                {
                                    "Node Type": "Bitmap Heap Scan",
                                    "Parent Relationship": "Outer",
                                    "Parallel Aware": true,
                                    "Relation Name": "movie_keyword",
                                    "Schema": "public",
                                    "Alias": "mk",
                                    "Startup Cost": 9333.21,
                                    "Total Cost": 35560.76,
                                    "Plan Rows": 141885,
                                    "Plan Width": 0,
                                    "Actual Startup Time": 21.868,
                                    "Actual Total Time": 95.097,
                                    "Actual Rows": 107502,
                                    "Actual Loops": 4,
                                    "Recheck Cond": "(mk.keyword_id > 40674)",
                                    "Rows Removed by Index Recheck": 0,
                                    "Exact Heap Blocks": 11037,
                                    "Lossy Heap Blocks": 0,
                                    "Workers": [
                                        {
                                            "Worker Number": 0,
                                            "Actual Startup Time": 19.166,
                                            "Actual Total Time": 92.755,
                                            "Actual Rows": 67071,
                                            "Actual Loops": 1
                                        },
                                        {
                                            "Worker Number": 1,
                                            "Actual Startup Time": 19.216,
                                            "Actual Total Time": 92.794,
                                            "Actual Rows": 67591,
                                            "Actual Loops": 1
                                        },
                                        {
                                            "Worker Number": 2,
                                            "Actual Startup Time": 19.24,
                                            "Actual Total Time": 93.365,
                                            "Actual Rows": 87533,
                                            "Actual Loops": 1
                                        }
                                    ],
                                    "Plans": [
                                        {
                                            "Node Type": "Bitmap Index Scan",
                                            "Parent Relationship": "Outer",
                                            "Parallel Aware": false,
                                            "Index Name": "keyword_id_movie_keyword",
                                            "Startup Cost": 0.0,
                                            "Total Cost": 9223.25,
                                            "Plan Rows": 439842,
                                            "Plan Width": 0,
                                            "Actual Startup Time": 26.588,
                                            "Actual Total Time": 26.59,
                                            "Actual Rows": 430007,
                                            "Actual Loops": 1,
                                            "Index Cond": "(mk.keyword_id > 40674)"
                                        }
                                    ]
                                }
                            ]
                        }
                    ]
                }
            ]
        },
        "Planning Time": 179.197,
        "Triggers": [],
        "Execution Time": 119.951
    }
]