[
  {
    "Plan": {
      "Node Type": "Aggregate",
      "Strategy": "Plain",
      "Partial Mode": "Finalize",
      "Parallel Aware": false,
      "Startup Cost": 45986.58,
      "Total Cost": 45986.59,
      "Plan Rows": 1,
      "Plan Width": 8,
      "Actual Startup Time": 153.093,
      "Actual Total Time": 163.002,
      "Actual Rows": 1,
      "Actual Loops": 1,
      "Plans": [
        {
          "Node Type": "Gather",
          "Parent Relationship": "Outer",
          "Parallel Aware": false,
          "Startup Cost": 45986.26,
          "Total Cost": 45986.57,
          "Plan Rows": 3,
          "Plan Width": 8,
          "Actual Startup Time": 152.962,
          "Actual Total Time": 162.994,
          "Actual Rows": 4,
          "Actual Loops": 1,
          "Workers Planned": 3,
          "Workers Launched": 3,
          "Single Copy": false,
          "Plans": [
            {
              "Node Type": "Aggregate",
              "Strategy": "Plain",
              "Partial Mode": "Partial",
              "Parent Relationship": "Outer",
              "Parallel Aware": false,
              "Startup Cost": 44986.26,
              "Total Cost": 44986.27,
              "Plan Rows": 1,
              "Plan Width": 8,
              "Actual Startup Time": 146.945,
              "Actual Total Time": 146.946,
              "Actual Rows": 1,
              "Actual Loops": 4,
              "Plans": [
                {
                  "Node Type": "Seq Scan",
                  "Parent Relationship": "Outer",
                  "Parallel Aware": true,
                  "Relation Name": "movie_keyword",
                  "Alias": "mk",
                  "Startup Cost": 0.0,
                  "Total Cost": 42695.65,
                  "Plan Rows": 916242,
                  "Plan Width": 0,
                  "Actual Startup Time": 0.262,
                  "Actual Total Time": 115.884,
                  "Actual Rows": 704501,
                  "Actual Loops": 4,
                  "Filter": "(keyword_id > 2678)",
                  "Rows Removed by Filter": 426481
                }
              ]
            }
          ]
        }
      ]
    },
    "Planning Time": 0.115,
    "Triggers": [],
    "Execution Time": 163.039
  }
]