[
  {
    "Plan": {
      "Node Type": "Aggregate",
      "Strategy": "Plain",
      "Partial Mode": "Finalize",
      "Parallel Aware": false,
      "Startup Cost": 127990.34,
      "Total Cost": 127990.35,
      "Plan Rows": 1,
      "Plan Width": 8,
      "Actual Startup Time": 512.646,
      "Actual Total Time": 533.272,
      "Actual Rows": 1,
      "Actual Loops": 1,
      "Plans": [
        {
          "Node Type": "Gather",
          "Parent Relationship": "Outer",
          "Parallel Aware": false,
          "Startup Cost": 127990.02,
          "Total Cost": 127990.33,
          "Plan Rows": 3,
          "Plan Width": 8,
          "Actual Startup Time": 509.253,
          "Actual Total Time": 533.26,
          "Actual Rows": 4,
          "Actual Loops": 1,
          "Workers Planned": 3,
          "Workers Launched": 3,
          "Single Copy": false,
          "Plans": [
            {
              "Node Type": "Aggregate",
              "Strategy": "Plain",
              "Partial Mode": "Partial",
              "Parent Relationship": "Outer",
              "Parallel Aware": false,
              "Startup Cost": 126990.02,
              "Total Cost": 126990.03,
              "Plan Rows": 1,
              "Plan Width": 8,
              "Actual Startup Time": 500.315,
              "Actual Total Time": 500.496,
              "Actual Rows": 1,
              "Actual Loops": 4,
              "Plans": [
                {
                  "Node Type": "Hash Join",
                  "Parent Relationship": "Outer",
                  "Parallel Aware": true,
                  "Join Type": "Inner",
                  "Startup Cost": 82738.36,
                  "Total Cost": 126772.93,
                  "Plan Rows": 86835,
                  "Plan Width": 0,
                  "Actual Startup Time": 371.092,
                  "Actual Total Time": 495.244,
                  "Actual Rows": 126075,
                  "Actual Loops": 4,
                  "Inner Unique": false,
                  "Hash Cond": "(mk.movie_id = t.id)",
                  "Plans": [
                    {
                      "Node Type": "Seq Scan",
                      "Parent Relationship": "Outer",
                      "Parallel Aware": true,
                      "Relation Name": "movie_keyword",
                      "Alias": "mk",
                      "Startup Cost": 0.0,
                      "Total Cost": 42695.65,
                      "Plan Rows": 299156,
                      "Plan Width": 4,
                      "Actual Startup Time": 1.477,
                      "Actual Total Time": 88.561,
                      "Actual Rows": 228383,
                      "Actual Loops": 4,
                      "Filter": "(keyword_id > 20335)",
                      "Rows Removed by Filter": 902599
                    },
                    {
                      "Node Type": "Hash",
                      "Parent Relationship": "Inner",
                      "Parallel Aware": true,
                      "Startup Cost": 80444.97,
                      "Total Cost": 80444.97,
                      "Plan Rows": 183471,
                      "Plan Width": 8,
                      "Actual Startup Time": 364.741,
                      "Actual Total Time": 364.921,
                      "Actual Rows": 115268,
                      "Actual Loops": 4,
                      "Hash Buckets": 1048576,
                      "Original Hash Buckets": 1048576,
                      "Hash Batches": 1,
                      "Original Hash Batches": 1,
                      "Peak Memory Usage": 26304,
                      "Plans": [
                        {
                          "Node Type": "Hash Join",
                          "Parent Relationship": "Outer",
                          "Parallel Aware": true,
                          "Join Type": "Inner",
                          "Startup Cost": 34374.03,
                          "Total Cost": 80444.97,
                          "Plan Rows": 183471,
                          "Plan Width": 8,
                          "Actual Startup Time": 123.315,
                          "Actual Total Time": 325.222,
                          "Actual Rows": 115268,
                          "Actual Loops": 4,
                          "Inner Unique": false,
                          "Hash Cond": "(t.id = mc.movie_id)",
                          "Plans": [
                            {
                              "Node Type": "Seq Scan",
                              "Parent Relationship": "Outer",
                              "Parallel Aware": true,
                              "Relation Name": "title",
                              "Alias": "t",
                              "Startup Cost": 0.0,
                              "Total Cost": 42318.73,
                              "Plan Rows": 632073,
                              "Plan Width": 4,
                              "Actual Startup Time": 0.008,
                              "Actual Total Time": 73.856,
                              "Actual Rows": 632078,
                              "Actual Loops": 4
                            },
                            {
                              "Node Type": "Hash",
                              "Parent Relationship": "Inner",
                              "Parallel Aware": true,
                              "Startup Cost": 31414.82,
                              "Total Cost": 31414.82,
                              "Plan Rows": 236737,
                              "Plan Width": 4,
                              "Actual Startup Time": 120.841,
                              "Actual Total Time": 120.842,
                              "Actual Rows": 115268,
                              "Actual Loops": 4,
                              "Hash Buckets": 1048576,
                              "Original Hash Buckets": 1048576,
                              "Hash Batches": 1,
                              "Original Hash Batches": 1,
                              "Peak Memory Usage": 26272,
                              "Plans": [
                                {
                                  "Node Type": "Seq Scan",
                                  "Parent Relationship": "Outer",
                                  "Parallel Aware": true,
                                  "Relation Name": "movie_companies",
                                  "Alias": "mc",
                                  "Startup Cost": 0.0,
                                  "Total Cost": 31414.82,
                                  "Plan Rows": 236737,
                                  "Plan Width": 4,
                                  "Actual Startup Time": 48.738,
                                  "Actual Total Time": 81.978,
                                  "Actual Rows": 115268,
                                  "Actual Loops": 4,
                                  "Filter": "((company_id < 12870) AND (company_type_id > 1))",
                                  "Rows Removed by Filter": 537015
                                }
                              ]
                            }
                          ]
                        }
                      ]
                    }
                  ]
                }
              ]
            }
          ]
        }
      ]
    },
    "Planning Time": 1.39,
    "Triggers": [],
    "Execution Time": 533.364
  }
]