{
  "Plan": {
    "Node Type": "Aggregate",
    "Strategy": "Plain",
    "Partial Mode": "Finalize",
    "Parallel Aware": false,
    "Startup Cost": 99246.36,
    "Total Cost": 99246.37,
    "Plan Rows": 1,
    "Plan Width": 8,
    "Actual Startup Time": 442.865,
    "Actual Total Time": 453.895,
    "Actual Rows": 1,
    "Actual Loops": 1,
    "Plans": [
      {
        "Node Type": "Gather",
        "Parent Relationship": "Outer",
        "Parallel Aware": false,
        "Startup Cost": 99246.25,
        "Total Cost": 99246.36,
        "Plan Rows": 1,
        "Plan Width": 8,
        "Actual Startup Time": 442.448,
        "Actual Total Time": 453.888,
        "Actual Rows": 2,
        "Actual Loops": 1,
        "Workers Planned": 1,
        "Workers Launched": 1,
        "Single Copy": false,
        "Plans": [
          {
            "Node Type": "Aggregate",
            "Strategy": "Plain",
            "Partial Mode": "Partial",
            "Parent Relationship": "Outer",
            "Parallel Aware": false,
            "Startup Cost": 98246.25,
            "Total Cost": 98246.26,
            "Plan Rows": 1,
            "Plan Width": 8,
            "Actual Startup Time": 436.628,
            "Actual Total Time": 436.635,
            "Actual Rows": 1,
            "Actual Loops": 2,
            "Plans": [
              {
                "Node Type": "Hash Join",
                "Parent Relationship": "Outer",
                "Parallel Aware": true,
                "Join Type": "Inner",
                "Startup Cost": 79098.84,
                "Total Cost": 98231.22,
                "Plan Rows": 6009,
                "Plan Width": 0,
                "Actual Startup Time": 342.066,
                "Actual Total Time": 435.521,
                "Actual Rows": 16221,
                "Actual Loops": 2,
                "Inner Unique": false,
                "Hash Cond": "(mi_idx.movie_id = t.id)",
                "Plans": [
                  {
                    "Node Type": "Seq Scan",
                    "Parent Relationship": "Outer",
                    "Parallel Aware": true,
                    "Relation Name": "movie_info_idx",
                    "Alias": "mi_idx",
                    "Startup Cost": 0.0,
                    "Total Cost": 16052.85,
                    "Plan Rows": 811785,
                    "Plan Width": 4,
                    "Actual Startup Time": 0.021,
                    "Actual Total Time": 69.937,
                    "Actual Rows": 690018,
                    "Actual Loops": 2
                  },
                  {
                    "Node Type": "Hash",
                    "Parent Relationship": "Inner",
                    "Parallel Aware": true,
                    "Startup Cost": 78961.24,
                    "Total Cost": 78961.24,
                    "Plan Rows": 11008,
                    "Plan Width": 8,
                    "Actual Startup Time": 281.901,
                    "Actual Total Time": 281.906,
                    "Actual Rows": 11525,
                    "Actual Loops": 2,
                    "Hash Buckets": 32768,
                    "Original Hash Buckets": 32768,
                    "Hash Batches": 1,
                    "Original Hash Batches": 1,
                    "Peak Memory Usage": 1216,
                    "Plans": [
                      {
                        "Node Type": "Hash Join",
                        "Parent Relationship": "Outer",
                        "Parallel Aware": true,
                        "Join Type": "Inner",
                        "Startup Cost": 39003.22,
                        "Total Cost": 78961.24,
                        "Plan Rows": 11008,
                        "Plan Width": 8,
                        "Actual Startup Time": 102.08,
                        "Actual Total Time": 277.937,
                        "Actual Rows": 11525,
                        "Actual Loops": 2,
                        "Inner Unique": true,
                        "Hash Cond": "(mc.movie_id = t.id)",
                        "Plans": [
                          {
                            "Node Type": "Seq Scan",
                            "Parent Relationship": "Outer",
                            "Parallel Aware": true,
                            "Relation Name": "movie_companies",
                            "Alias": "mc",
                            "Startup Cost": 0.0,
                            "Total Cost": 37974.77,
                            "Plan Rows": 755522,
                            "Plan Width": 4,
                            "Actual Startup Time": 0.016,
                            "Actual Total Time": 158.222,
                            "Actual Rows": 637123,
                            "Actual Loops": 2,
                            "Filter": "(company_type_id < 2)",
                            "Rows Removed by Filter": 667442
                          },
                          {
                            "Node Type": "Hash",
                            "Parent Relationship": "Inner",
                            "Parallel Aware": true,
                            "Startup Cost": 38732.35,
                            "Total Cost": 38732.35,
                            "Plan Rows": 21670,
                            "Plan Width": 4,
                            "Actual Startup Time": 47.869,
                            "Actual Total Time": 47.87,
                            "Actual Rows": 11480,
                            "Actual Loops": 2,
                            "Hash Buckets": 65536,
                            "Original Hash Buckets": 65536,
                            "Hash Batches": 1,
                            "Original Hash Batches": 1,
                            "Peak Memory Usage": 1440,
                            "Plans": [
                              {
                                "Node Type": "Bitmap Heap Scan",
                                "Parent Relationship": "Outer",
                                "Parallel Aware": true,
                                "Relation Name": "title",
                                "Alias": "t",
                                "Startup Cost": 1832.34,
                                "Total Cost": 38732.35,
                                "Plan Rows": 21670,
                                "Plan Width": 4,
                                "Actual Startup Time": 8.84,
                                "Actual Total Time": 43.977,
                                "Actual Rows": 11480,
                                "Actual Loops": 2,
                                "Recheck Cond": "(kind_id = 3)",
                                "Rows Removed by Index Recheck": 0,
                                "Filter": "(production_year > 2006)",
                                "Rows Removed by Filter": 38788,
                                "Exact Heap Blocks": 9990,
                                "Lossy Heap Blocks": 0,
                                "Plans": [
                                  {
                                    "Node Type": "Bitmap Index Scan",
                                    "Parent Relationship": "Outer",
                                    "Parallel Aware": false,
                                    "Index Name": "kind_id_title",
                                    "Startup Cost": 0.0,
                                    "Total Cost": 1823.13,
                                    "Plan Rows": 102227,
                                    "Plan Width": 0,
                                    "Actual Startup Time": 9.846,
                                    "Actual Total Time": 9.846,
                                    "Actual Rows": 100537,
                                    "Actual Loops": 1,
                                    "Index Cond": "(kind_id = 3)"
                                  }
                                ]
                              }
                            ]
                          }
                        ]
                      }
                    ]
                  }
                ]
              }
            ]
          }
        ]
      }
    ]
  },
  "Planning Time": 0.531,
  "Triggers": [],
  "Execution Time": 453.955
}