[
    {
        "Bao": {
            "Bao prediction": 541.489,
            "Bao recommended hint": "(no hint)"
        }
    },
    {
        "Plan": {
            "Node Type": "Aggregate",
            "Strategy": "Plain",
            "Partial Mode": "Finalize",
            "Parallel Aware": false,
            "Startup Cost": 118183.61,
            "Total Cost": 118183.62,
            "Plan Rows": 1,
            "Plan Width": 8,
            "Actual Startup Time": 260.569,
            "Actual Total Time": 270.23,
            "Actual Rows": 1,
            "Actual Loops": 1,
            "Output": [
                "count(*)"
            ],
            "Plans": [
                {
                    "Node Type": "Gather",
                    "Parent Relationship": "Outer",
                    "Parallel Aware": false,
                    "Startup Cost": 118183.09,
                    "Total Cost": 118183.6,
                    "Plan Rows": 5,
                    "Plan Width": 8,
                    "Actual Startup Time": 260.457,
                    "Actual Total Time": 270.22,
                    "Actual Rows": 6,
                    "Actual Loops": 1,
                    "Output": [
                        "(PARTIAL count(*))"
                    ],
                    "Workers Planned": 5,
                    "Workers Launched": 5,
                    "Single Copy": false,
                    "Plans": [
                        {
                            "Node Type": "Aggregate",
                            "Strategy": "Plain",
                            "Partial Mode": "Partial",
                            "Parent Relationship": "Outer",
                            "Parallel Aware": false,
                            "Startup Cost": 117183.09,
                            "Total Cost": 117183.1,
                            "Plan Rows": 1,
                            "Plan Width": 8,
                            "Actual Startup Time": 251.141,
                            "Actual Total Time": 251.142,
                            "Actual Rows": 1,
                            "Actual Loops": 6,
                            "Output": [
                                "PARTIAL count(*)"
                            ],
                            "Workers": [
                                {
                                    "Worker Number": 0,
                                    "Actual Startup Time": 249.193,
                                    "Actual Total Time": 249.195,
                                    "Actual Rows": 1,
                                    "Actual Loops": 1
                                },
                                {
                                    "Worker Number": 1,
                                    "Actual Startup Time": 249.378,
                                    "Actual Total Time": 249.379,
                                    "Actual Rows": 1,
                                    "Actual Loops": 1
                                },
                                {
                                    "Worker Number": 2,
                                    "Actual Startup Time": 249.409,
                                    "Actual Total Time": 249.41,
                                    "Actual Rows": 1,
                                    "Actual Loops": 1
                                },
                                {
                                    "Worker Number": 3,
                                    "Actual Startup Time": 249.378,
                                    "Actual Total Time": 249.38,
                                    "Actual Rows": 1,
                                    "Actual Loops": 1
                                },
                                {
                                    "Worker Number": 4,
                                    "Actual Startup Time": 249.772,
                                    "Actual Total Time": 249.773,
                                    "Actual Rows": 1,
                                    "Actual Loops": 1
                                }
                            ],
                            "Plans": [
                                {
                                    "Node Type": "Index Scan",
                                    "Parent Relationship": "Outer",
                                    "Parallel Aware": true,
                                    "Scan Direction": "Forward",
                                    "Index Name": "role_id_cast_info",
                                    "Relation Name": "cast_info",
                                    "Schema": "public",
                                    "Alias": "ci",
                                    "Startup Cost": 0.56,
                                    "Total Cost": 115696.32,
                                    "Plan Rows": 594711,
                                    "Plan Width": 0,
                                    "Actual Startup Time": 0.154,
                                    "Actual Total Time": 204.572,
                                    "Actual Rows": 649771,
                                    "Actual Loops": 6,
                                    "Output": [
                                        "id",
                                        "person_id",
                                        "movie_id",
                                        "person_role_id",
                                        "note",
                                        "nr_order",
                                        "role_id"
                                    ],
                                    "Index Cond": "(ci.role_id = 10)",
                                    "Rows Removed by Index Recheck": 0,
                                    "Filter": "(ci.person_id > 1066523)",
                                    "Rows Removed by Filter": 70732,
                                    "Workers": [
                                        {
                                            "Worker Number": 0,
                                            "Actual Startup Time": 0.139,
                                            "Actual Total Time": 203.29,
                                            "Actual Rows": 637246,
                                            "Actual Loops": 1
                                        },
                                        {
                                            "Worker Number": 1,
                                            "Actual Startup Time": 0.14,
                                            "Actual Total Time": 203.473,
                                            "Actual Rows": 633967,
                                            "Actual Loops": 1
                                        },
                                        {
                                            "Worker Number": 2,
                                            "Actual Startup Time": 0.184,
                                            "Actual Total Time": 203.37,
                                            "Actual Rows": 640912,
                                            "Actual Loops": 1
                                        },
                                        {
                                            "Worker Number": 3,
                                            "Actual Startup Time": 0.262,
                                            "Actual Total Time": 203.229,
                                            "Actual Rows": 640134,
                                            "Actual Loops": 1
                                        },
                                        {
                                            "Worker Number": 4,
                                            "Actual Startup Time": 0.138,
                                            "Actual Total Time": 204.401,
                                            "Actual Rows": 635572,
                                            "Actual Loops": 1
                                        }
                                    ]
                                }
                            ]
                        }
                    ]
                }
            ]
        },
        "Planning Time": 3222.998,
        "Triggers": [],
        "Execution Time": 270.371
    }
]