[
  {
    "Plan": {
      "Node Type": "Aggregate",
      "Strategy": "Plain",
      "Partial Mode": "Finalize",
      "Parallel Aware": false,
      "Startup Cost": 78038.14,
      "Total Cost": 78038.15,
      "Plan Rows": 1,
      "Plan Width": 8,
      "Actual Startup Time": 206.434,
      "Actual Total Time": 220.906,
      "Actual Rows": 1,
      "Actual Loops": 1,
      "Plans": [
        {
          "Node Type": "Gather",
          "Parent Relationship": "Outer",
          "Parallel Aware": false,
          "Startup Cost": 78037.82,
          "Total Cost": 78038.13,
          "Plan Rows": 3,
          "Plan Width": 8,
          "Actual Startup Time": 205.118,
          "Actual Total Time": 220.897,
          "Actual Rows": 4,
          "Actual Loops": 1,
          "Workers Planned": 3,
          "Workers Launched": 3,
          "Single Copy": false,
          "Plans": [
            {
              "Node Type": "Aggregate",
              "Strategy": "Plain",
              "Partial Mode": "Partial",
              "Parent Relationship": "Outer",
              "Parallel Aware": false,
              "Startup Cost": 77037.82,
              "Total Cost": 77037.83,
              "Plan Rows": 1,
              "Plan Width": 8,
              "Actual Startup Time": 196.316,
              "Actual Total Time": 196.319,
              "Actual Rows": 1,
              "Actual Loops": 4,
              "Plans": [
                {
                  "Node Type": "Hash Join",
                  "Parent Relationship": "Outer",
                  "Parallel Aware": true,
                  "Join Type": "Inner",
                  "Startup Cost": 51439.64,
                  "Total Cost": 77012.19,
                  "Plan Rows": 10253,
                  "Plan Width": 0,
                  "Actual Startup Time": 154.279,
                  "Actual Total Time": 194.968,
                  "Actual Rows": 26403,
                  "Actual Loops": 4,
                  "Inner Unique": true,
                  "Hash Cond": "(mk.movie_id = t.id)",
                  "Plans": [
                    {
                      "Node Type": "Bitmap Heap Scan",
                      "Parent Relationship": "Outer",
                      "Parallel Aware": true,
                      "Relation Name": "movie_keyword",
                      "Alias": "mk",
                      "Startup Cost": 4865.17,
                      "Total Cost": 30243.6,
                      "Plan Rows": 73954,
                      "Plan Width": 4,
                      "Actual Startup Time": 16.847,
                      "Actual Total Time": 54.306,
                      "Actual Rows": 58972,
                      "Actual Loops": 4,
                      "Recheck Cond": "(keyword_id < 196)",
                      "Rows Removed by Index Recheck": 0,
                      "Exact Heap Blocks": 8812,
                      "Lossy Heap Blocks": 0,
                      "Plans": [
                        {
                          "Node Type": "Bitmap Index Scan",
                          "Parent Relationship": "Outer",
                          "Parallel Aware": false,
                          "Index Name": "keyword_id_movie_keyword",
                          "Startup Cost": 0.0,
                          "Total Cost": 4807.86,
                          "Plan Rows": 229257,
                          "Plan Width": 0,
                          "Actual Startup Time": 13.237,
                          "Actual Total Time": 13.237,
                          "Actual Rows": 235890,
                          "Actual Loops": 1,
                          "Index Cond": "(keyword_id < 196)"
                        }
                      ]
                    },
                    {
                      "Node Type": "Hash",
                      "Parent Relationship": "Inner",
                      "Parallel Aware": true,
                      "Startup Cost": 45479.1,
                      "Total Cost": 45479.1,
                      "Plan Rows": 87629,
                      "Plan Width": 4,
                      "Actual Startup Time": 120.31,
                      "Actual Total Time": 120.311,
                      "Actual Rows": 106143,
                      "Actual Loops": 4,
                      "Hash Buckets": 524288,
                      "Original Hash Buckets": 524288,
                      "Hash Batches": 1,
                      "Original Hash Batches": 1,
                      "Peak Memory Usage": 20768,
                      "Plans": [
                        {
                          "Node Type": "Seq Scan",
                          "Parent Relationship": "Outer",
                          "Parallel Aware": true,
                          "Relation Name": "title",
                          "Alias": "t",
                          "Startup Cost": 0.0,
                          "Total Cost": 45479.1,
                          "Plan Rows": 87629,
                          "Plan Width": 4,
                          "Actual Startup Time": 57.864,
                          "Actual Total Time": 95.813,
                          "Actual Rows": 106143,
                          "Actual Loops": 4,
                          "Filter": "((production_year < 2005) AND (kind_id = 1))",
                          "Rows Removed by Filter": 525935
                        }
                      ]
                    }
                  ]
                }
              ]
            }
          ]
        }
      ]
    },
    "Planning Time": 0.593,
    "Triggers": [],
    "Execution Time": 220.993
  }
]