{
    "Plan": {
        "Node Type": "Aggregate",
        "Strategy": "Plain",
        "Partial Mode": "Finalize",
        "Parallel Aware": false,
        "Startup Cost": 248687.81,
        "Total Cost": 248687.82,
        "Plan Rows": 1,
        "Plan Width": 8,
        "Actual Startup Time": 548.18,
        "Actual Total Time": 586.267,
        "Actual Rows": 1,
        "Actual Loops": 1,
        "Output": [
            "count(*)"
        ],
        "Plans": [
            {
                "Node Type": "Gather",
                "Parent Relationship": "Outer",
                "Parallel Aware": false,
                "Startup Cost": 248687.28,
                "Total Cost": 248687.79,
                "Plan Rows": 5,
                "Plan Width": 8,
                "Actual Startup Time": 544.336,
                "Actual Total Time": 586.256,
                "Actual Rows": 6,
                "Actual Loops": 1,
                "Output": [
                    "(PARTIAL count(*))"
                ],
                "Workers Planned": 5,
                "Workers Launched": 5,
                "Single Copy": false,
                "Plans": [
                    {
                        "Node Type": "Aggregate",
                        "Strategy": "Plain",
                        "Partial Mode": "Partial",
                        "Parent Relationship": "Outer",
                        "Parallel Aware": false,
                        "Startup Cost": 247687.28,
                        "Total Cost": 247687.29,
                        "Plan Rows": 1,
                        "Plan Width": 8,
                        "Actual Startup Time": 533.943,
                        "Actual Total Time": 533.947,
                        "Actual Rows": 1,
                        "Actual Loops": 6,
                        "Output": [
                            "PARTIAL count(*)"
                        ],
                        "Workers": [
                            {
                                "Worker Number": 0,
                                "Actual Startup Time": 531.657,
                                "Actual Total Time": 531.66,
                                "Actual Rows": 1,
                                "Actual Loops": 1
                            },
                            {
                                "Worker Number": 1,
                                "Actual Startup Time": 531.957,
                                "Actual Total Time": 531.959,
                                "Actual Rows": 1,
                                "Actual Loops": 1
                            },
                            {
                                "Worker Number": 2,
                                "Actual Startup Time": 532.053,
                                "Actual Total Time": 532.056,
                                "Actual Rows": 1,
                                "Actual Loops": 1
                            },
                            {
                                "Worker Number": 3,
                                "Actual Startup Time": 532.46,
                                "Actual Total Time": 532.464,
                                "Actual Rows": 1,
                                "Actual Loops": 1
                            },
                            {
                                "Worker Number": 4,
                                "Actual Startup Time": 532.048,
                                "Actual Total Time": 532.051,
                                "Actual Rows": 1,
                                "Actual Loops": 1
                            }
                        ],
                        "Plans": [
                            {
                                "Node Type": "Hash Join",
                                "Parent Relationship": "Outer",
                                "Parallel Aware": true,
                                "Join Type": "Inner",
                                "Startup Cost": 47988.36,
                                "Total Cost": 247497.29,
                                "Plan Rows": 75999,
                                "Plan Width": 0,
                                "Actual Startup Time": 341.859,
                                "Actual Total Time": 527.097,
                                "Actual Rows": 145203,
                                "Actual Loops": 6,
                                "Inner Unique": true,
                                "Hash Cond": "(mi.movie_id = t.id)",
                                "Workers": [
                                    {
                                        "Worker Number": 0,
                                        "Actual Startup Time": 340.272,
                                        "Actual Total Time": 524.65,
                                        "Actual Rows": 110865,
                                        "Actual Loops": 1
                                    },
                                    {
                                        "Worker Number": 1,
                                        "Actual Startup Time": 340.454,
                                        "Actual Total Time": 524.915,
                                        "Actual Rows": 107411,
                                        "Actual Loops": 1
                                    },
                                    {
                                        "Worker Number": 2,
                                        "Actual Startup Time": 340.686,
                                        "Actual Total Time": 525.71,
                                        "Actual Rows": 147300,
                                        "Actual Loops": 1
                                    },
                                    {
                                        "Worker Number": 3,
                                        "Actual Startup Time": 340.566,
                                        "Actual Total Time": 525.928,
                                        "Actual Rows": 162392,
                                        "Actual Loops": 1
                                    },
                                    {
                                        "Worker Number": 4,
                                        "Actual Startup Time": 340.64,
                                        "Actual Total Time": 525.699,
                                        "Actual Rows": 148772,
                                        "Actual Loops": 1
                                    }
                                ],
                                "Plans": [
                                    {
                                        "Node Type": "Seq Scan",
                                        "Parent Relationship": "Outer",
                                        "Parallel Aware": true,
                                        "Relation Name": "movie_info",
                                        "Schema": "public",
                                        "Alias": "mi",
                                        "Startup Cost": 0.0,
                                        "Total Cost": 198880.74,
                                        "Plan Rows": 239311,
                                        "Plan Width": 4,
                                        "Actual Startup Time": 181.424,
                                        "Actual Total Time": 315.379,
                                        "Actual Rows": 200785,
                                        "Actual Loops": 6,
                                        "Output": [
                                            "mi.id",
                                            "mi.movie_id",
                                            "mi.info_type_id",
                                            "mi.info",
                                            "mi.note"
                                        ],
                                        "Filter": "(mi.info_type_id > 18)",
                                        "Rows Removed by Filter": 2271835,
                                        "Workers": [
                                            {
                                                "Worker Number": 0,
                                                "Actual Startup Time": 181.393,
                                                "Actual Total Time": 318.712,
                                                "Actual Rows": 152126,
                                                "Actual Loops": 1
                                            },
                                            {
                                                "Worker Number": 1,
                                                "Actual Startup Time": 181.446,
                                                "Actual Total Time": 318.711,
                                                "Actual Rows": 150432,
                                                "Actual Loops": 1
                                            },
                                            {
                                                "Worker Number": 2,
                                                "Actual Startup Time": 181.405,
                                                "Actual Total Time": 317.33,
                                                "Actual Rows": 200425,
                                                "Actual Loops": 1
                                            },
                                            {
                                                "Worker Number": 3,
                                                "Actual Startup Time": 181.483,
                                                "Actual Total Time": 316.427,
                                                "Actual Rows": 223549,
                                                "Actual Loops": 1
                                            },
                                            {
                                                "Worker Number": 4,
                                                "Actual Startup Time": 181.408,
                                                "Actual Total Time": 317.451,
                                                "Actual Rows": 200742,
                                                "Actual Loops": 1
                                            }
                                        ]
                                    },
                                    {
                                        "Node Type": "Hash",
                                        "Parent Relationship": "Inner",
                                        "Parallel Aware": true,
                                        "Startup Cost": 45479.21,
                                        "Total Cost": 45479.21,
                                        "Plan Rows": 200732,
                                        "Plan Width": 4,
                                        "Actual Startup Time": 152.416,
                                        "Actual Total Time": 152.418,
                                        "Actual Rows": 118957,
                                        "Actual Loops": 6,
                                        "Output": [
                                            "t.id"
                                        ],
                                        "Hash Buckets": 1048576,
                                        "Original Hash Buckets": 1048576,
                                        "Hash Batches": 1,
                                        "Original Hash Batches": 1,
                                        "Peak Memory Usage": 36160,
                                        "Workers": [
                                            {
                                                "Worker Number": 0,
                                                "Actual Startup Time": 153.389,
                                                "Actual Total Time": 153.39,
                                                "Actual Rows": 94064,
                                                "Actual Loops": 1
                                            },
                                            {
                                                "Worker Number": 1,
                                                "Actual Startup Time": 153.735,
                                                "Actual Total Time": 153.736,
                                                "Actual Rows": 93747,
                                                "Actual Loops": 1
                                            },
                                            {
                                                "Worker Number": 2,
                                                "Actual Startup Time": 153.833,
                                                "Actual Total Time": 153.834,
                                                "Actual Rows": 117671,
                                                "Actual Loops": 1
                                            },
                                            {
                                                "Worker Number": 3,
                                                "Actual Startup Time": 153.633,
                                                "Actual Total Time": 153.634,
                                                "Actual Rows": 129168,
                                                "Actual Loops": 1
                                            },
                                            {
                                                "Worker Number": 4,
                                                "Actual Startup Time": 153.821,
                                                "Actual Total Time": 153.822,
                                                "Actual Rows": 118967,
                                                "Actual Loops": 1
                                            }
                                        ],
                                        "Plans": [
                                            {
                                                "Node Type": "Seq Scan",
                                                "Parent Relationship": "Outer",
                                                "Parallel Aware": true,
                                                "Relation Name": "title",
                                                "Schema": "public",
                                                "Alias": "t",
                                                "Startup Cost": 0.0,
                                                "Total Cost": 45479.21,
                                                "Plan Rows": 200732,
                                                "Plan Width": 4,
                                                "Actual Startup Time": 0.061,
                                                "Actual Total Time": 90.117,
                                                "Actual Rows": 118957,
                                                "Actual Loops": 6,
                                                "Output": [
                                                    "t.id"
                                                ],
                                                "Filter": "((t.kind_id < 7) AND (t.production_year > 1972))",
                                                "Rows Removed by Filter": 302428,
                                                "Workers": [
                                                    {
                                                        "Worker Number": 0,
                                                        "Actual Startup Time": 0.071,
                                                        "Actual Total Time": 96.502,
                                                        "Actual Rows": 94064,
                                                        "Actual Loops": 1
                                                    },
                                                    {
                                                        "Worker Number": 1,
                                                        "Actual Startup Time": 0.057,
                                                        "Actual Total Time": 90.313,
                                                        "Actual Rows": 93747,
                                                        "Actual Loops": 1
                                                    },
                                                    {
                                                        "Worker Number": 2,
                                                        "Actual Startup Time": 0.074,
                                                        "Actual Total Time": 88.464,
                                                        "Actual Rows": 117671,
                                                        "Actual Loops": 1
                                                    },
                                                    {
                                                        "Worker Number": 3,
                                                        "Actual Startup Time": 0.08,
                                                        "Actual Total Time": 86.765,
                                                        "Actual Rows": 129168,
                                                        "Actual Loops": 1
                                                    },
                                                    {
                                                        "Worker Number": 4,
                                                        "Actual Startup Time": 0.065,
                                                        "Actual Total Time": 95.6,
                                                        "Actual Rows": 118967,
                                                        "Actual Loops": 1
                                                    }
                                                ]
                                            }
                                        ]
                                    }
                                ]
                            }
                        ]
                    }
                ]
            }
        ]
    },
    "Planning Time": 0.795,
    "Triggers": [],
    "Execution Time": 586.345
}