[
  {
    "Plan": {
      "Node Type": "Aggregate",
      "Strategy": "Plain",
      "Partial Mode": "Finalize",
      "Parallel Aware": false,
      "Startup Cost": 47062.81,
      "Total Cost": 47062.82,
      "Plan Rows": 1,
      "Plan Width": 8,
      "Actual Startup Time": 176.412,
      "Actual Total Time": 186.031,
      "Actual Rows": 1,
      "Actual Loops": 1,
      "Plans": [
        {
          "Node Type": "Gather",
          "Parent Relationship": "Outer",
          "Parallel Aware": false,
          "Startup Cost": 47062.49,
          "Total Cost": 47062.8,
          "Plan Rows": 3,
          "Plan Width": 8,
          "Actual Startup Time": 176.145,
          "Actual Total Time": 186.019,
          "Actual Rows": 4,
          "Actual Loops": 1,
          "Workers Planned": 3,
          "Workers Launched": 3,
          "Single Copy": false,
          "Plans": [
            {
              "Node Type": "Aggregate",
              "Strategy": "Plain",
              "Partial Mode": "Partial",
              "Parent Relationship": "Outer",
              "Parallel Aware": false,
              "Startup Cost": 46062.49,
              "Total Cost": 46062.5,
              "Plan Rows": 1,
              "Plan Width": 8,
              "Actual Startup Time": 170.967,
              "Actual Total Time": 170.968,
              "Actual Rows": 1,
              "Actual Loops": 4,
              "Plans": [
                {
                  "Node Type": "Seq Scan",
                  "Parent Relationship": "Outer",
                  "Parallel Aware": true,
                  "Relation Name": "movie_keyword",
                  "Alias": "mk",
                  "Startup Cost": 0.0,
                  "Total Cost": 42695.65,
                  "Plan Rows": 1346735,
                  "Plan Width": 0,
                  "Actual Startup Time": 0.037,
                  "Actual Total Time": 123.695,
                  "Actual Rows": 1044006,
                  "Actual Loops": 4,
                  "Filter": "(keyword_id < 47839)",
                  "Rows Removed by Filter": 86976
                }
              ]
            }
          ]
        }
      ]
    },
    "Planning Time": 0.089,
    "Triggers": [],
    "Execution Time": 186.058
  }
]