[
  {
    "Plan": {
      "Node Type": "Aggregate",
      "Strategy": "Plain",
      "Partial Mode": "Finalize",
      "Parallel Aware": false,
      "Startup Cost": 33174.07,
      "Total Cost": 33174.08,
      "Plan Rows": 1,
      "Plan Width": 8,
      "Actual Startup Time": 96.584,
      "Actual Total Time": 104.275,
      "Actual Rows": 1,
      "Actual Loops": 1,
      "Plans": [
        {
          "Node Type": "Gather",
          "Parent Relationship": "Outer",
          "Parallel Aware": false,
          "Startup Cost": 33173.75,
          "Total Cost": 33174.06,
          "Plan Rows": 3,
          "Plan Width": 8,
          "Actual Startup Time": 96.45,
          "Actual Total Time": 104.265,
          "Actual Rows": 4,
          "Actual Loops": 1,
          "Workers Planned": 3,
          "Workers Launched": 3,
          "Single Copy": false,
          "Plans": [
            {
              "Node Type": "Aggregate",
              "Strategy": "Plain",
              "Partial Mode": "Partial",
              "Parent Relationship": "Outer",
              "Parallel Aware": false,
              "Startup Cost": 32173.75,
              "Total Cost": 32173.76,
              "Plan Rows": 1,
              "Plan Width": 8,
              "Actual Startup Time": 89.095,
              "Actual Total Time": 89.096,
              "Actual Rows": 1,
              "Actual Loops": 4,
              "Plans": [
                {
                  "Node Type": "Seq Scan",
                  "Parent Relationship": "Outer",
                  "Parallel Aware": true,
                  "Relation Name": "movie_companies",
                  "Alias": "mc",
                  "Startup Cost": 0.0,
                  "Total Cost": 31414.82,
                  "Plan Rows": 303573,
                  "Plan Width": 0,
                  "Actual Startup Time": 50.685,
                  "Actual Total Time": 82.994,
                  "Actual Rows": 156194,
                  "Actual Loops": 4,
                  "Filter": "((company_id < 33967) AND (company_type_id = 2))",
                  "Rows Removed by Filter": 496088
                }
              ]
            }
          ]
        }
      ]
    },
    "Planning Time": 0.226,
    "Triggers": [],
    "Execution Time": 104.34
  }
]