{
  "Plan": {
    "Node Type": "Aggregate",
    "Strategy": "Plain",
    "Partial Mode": "Finalize",
    "Parallel Aware": false,
    "Startup Cost": 691437.81,
    "Total Cost": 691437.82,
    "Plan Rows": 1,
    "Plan Width": 8,
    "Actual Startup Time": 4005.05,
    "Actual Total Time": 4079.401,
    "Actual Rows": 1,
    "Actual Loops": 1,
    "Plans": [
      {
        "Node Type": "Gather",
        "Parent Relationship": "Outer",
        "Parallel Aware": false,
        "Startup Cost": 691437.7,
        "Total Cost": 691437.81,
        "Plan Rows": 1,
        "Plan Width": 8,
        "Actual Startup Time": 4001.411,
        "Actual Total Time": 4079.392,
        "Actual Rows": 2,
        "Actual Loops": 1,
        "Workers Planned": 1,
        "Workers Launched": 1,
        "Single Copy": false,
        "Plans": [
          {
            "Node Type": "Aggregate",
            "Strategy": "Plain",
            "Partial Mode": "Partial",
            "Parent Relationship": "Outer",
            "Parallel Aware": false,
            "Startup Cost": 690437.7,
            "Total Cost": 690437.71,
            "Plan Rows": 1,
            "Plan Width": 8,
            "Actual Startup Time": 3995.08,
            "Actual Total Time": 3995.087,
            "Actual Rows": 1,
            "Actual Loops": 2,
            "Plans": [
              {
                "Node Type": "Hash Join",
                "Parent Relationship": "Outer",
                "Parallel Aware": true,
                "Join Type": "Inner",
                "Startup Cost": 117503.49,
                "Total Cost": 682317.52,
                "Plan Rows": 3248073,
                "Plan Width": 0,
                "Actual Startup Time": 581.138,
                "Actual Total Time": 3892.549,
                "Actual Rows": 2524256,
                "Actual Loops": 2,
                "Inner Unique": false,
                "Hash Cond": "(ci.movie_id = t.id)",
                "Plans": [
                  {
                    "Node Type": "Seq Scan",
                    "Parent Relationship": "Outer",
                    "Parallel Aware": true,
                    "Relation Name": "cast_info",
                    "Alias": "ci",
                    "Startup Cost": 0.0,
                    "Total Cost": 465792.95,
                    "Plan Rows": 21310595,
                    "Plan Width": 4,
                    "Actual Startup Time": 0.015,
                    "Actual Total Time": 1303.488,
                    "Actual Rows": 18122172,
                    "Actual Loops": 2
                  },
                  {
                    "Node Type": "Hash",
                    "Parent Relationship": "Inner",
                    "Parallel Aware": true,
                    "Startup Cost": 114670.02,
                    "Total Cost": 114670.02,
                    "Plan Rows": 226678,
                    "Plan Width": 8,
                    "Actual Startup Time": 575.336,
                    "Actual Total Time": 575.341,
                    "Actual Rows": 94187,
                    "Actual Loops": 2,
                    "Hash Buckets": 524288,
                    "Original Hash Buckets": 524288,
                    "Hash Batches": 1,
                    "Original Hash Batches": 1,
                    "Peak Memory Usage": 11520,
                    "Plans": [
                      {
                        "Node Type": "Hash Join",
                        "Parent Relationship": "Outer",
                        "Parallel Aware": true,
                        "Join Type": "Inner",
                        "Startup Cost": 83658.97,
                        "Total Cost": 114670.02,
                        "Plan Rows": 226678,
                        "Plan Width": 8,
                        "Actual Startup Time": 408.305,
                        "Actual Total Time": 551.875,
                        "Actual Rows": 94187,
                        "Actual Loops": 2,
                        "Inner Unique": true,
                        "Hash Cond": "(mk.movie_id = t.id)",
                        "Plans": [
                          {
                            "Node Type": "Bitmap Heap Scan",
                            "Parent Relationship": "Outer",
                            "Parallel Aware": true,
                            "Relation Name": "movie_keyword",
                            "Alias": "mk",
                            "Startup Cost": 15632.1,
                            "Total Cost": 45505.15,
                            "Plan Rows": 433524,
                            "Plan Width": 4,
                            "Actual Startup Time": 49.933,
                            "Actual Total Time": 126.372,
                            "Actual Rows": 363266,
                            "Actual Loops": 2,
                            "Recheck Cond": "(keyword_id > 25815)",
                            "Rows Removed by Index Recheck": 0,
                            "Exact Heap Blocks": 13468,
                            "Lossy Heap Blocks": 0,
                            "Plans": [
                              {
                                "Node Type": "Bitmap Index Scan",
                                "Parent Relationship": "Outer",
                                "Parallel Aware": false,
                                "Index Name": "keyword_id_movie_keyword",
                                "Startup Cost": 0.0,
                                "Total Cost": 15447.86,
                                "Plan Rows": 736990,
                                "Plan Width": 0,
                                "Actual Startup Time": 46.369,
                                "Actual Total Time": 46.369,
                                "Actual Rows": 726531,
                                "Actual Loops": 1,
                                "Index Cond": "(keyword_id > 25815)"
                              }
                            ]
                          },
                          {
                            "Node Type": "Hash",
                            "Parent Relationship": "Inner",
                            "Parallel Aware": true,
                            "Startup Cost": 58306.47,
                            "Total Cost": 58306.47,
                            "Plan Rows": 777632,
                            "Plan Width": 4,
                            "Actual Startup Time": 346.257,
                            "Actual Total Time": 346.258,
                            "Actual Rows": 649064,
                            "Actual Loops": 2,
                            "Hash Buckets": 2097152,
                            "Original Hash Buckets": 2097152,
                            "Hash Batches": 1,
                            "Original Hash Batches": 1,
                            "Peak Memory Usage": 67200,
                            "Plans": [
                              {
                                "Node Type": "Seq Scan",
                                "Parent Relationship": "Outer",
                                "Parallel Aware": true,
                                "Relation Name": "title",
                                "Alias": "t",
                                "Startup Cost": 0.0,
                                "Total Cost": 58306.47,
                                "Plan Rows": 777632,
                                "Plan Width": 4,
                                "Actual Startup Time": 0.039,
                                "Actual Total Time": 168.956,
                                "Actual Rows": 649064,
                                "Actual Loops": 2,
                                "Filter": "((kind_id > 1) AND (production_year < 2009))",
                                "Rows Removed by Filter": 615092
                              }
                            ]
                          }
                        ]
                      }
                    ]
                  }
                ]
              }
            ]
          }
        ]
      }
    ]
  },
  "Planning Time": 0.923,
  "Triggers": [],
  "Execution Time": 4079.521
}