[
  {
    "Plan": {
      "Node Type": "Aggregate",
      "Strategy": "Plain",
      "Partial Mode": "Finalize",
      "Parallel Aware": false,
      "Startup Cost": 45494.59,
      "Total Cost": 45494.6,
      "Plan Rows": 1,
      "Plan Width": 8,
      "Actual Startup Time": 152.545,
      "Actual Total Time": 162.009,
      "Actual Rows": 1,
      "Actual Loops": 1,
      "Plans": [
        {
          "Node Type": "Gather",
          "Parent Relationship": "Outer",
          "Parallel Aware": false,
          "Startup Cost": 45494.28,
          "Total Cost": 45494.59,
          "Plan Rows": 3,
          "Plan Width": 8,
          "Actual Startup Time": 152.424,
          "Actual Total Time": 162.001,
          "Actual Rows": 4,
          "Actual Loops": 1,
          "Workers Planned": 3,
          "Workers Launched": 3,
          "Single Copy": false,
          "Plans": [
            {
              "Node Type": "Aggregate",
              "Strategy": "Plain",
              "Partial Mode": "Partial",
              "Parent Relationship": "Outer",
              "Parallel Aware": false,
              "Startup Cost": 44494.28,
              "Total Cost": 44494.29,
              "Plan Rows": 1,
              "Plan Width": 8,
              "Actual Startup Time": 147.032,
              "Actual Total Time": 147.033,
              "Actual Rows": 1,
              "Actual Loops": 4,
              "Plans": [
                {
                  "Node Type": "Seq Scan",
                  "Parent Relationship": "Outer",
                  "Parallel Aware": true,
                  "Relation Name": "movie_keyword",
                  "Alias": "mk",
                  "Startup Cost": 0.0,
                  "Total Cost": 42695.65,
                  "Plan Rows": 719449,
                  "Plan Width": 0,
                  "Actual Startup Time": 0.672,
                  "Actual Total Time": 119.359,
                  "Actual Rows": 557494,
                  "Actual Loops": 4,
                  "Filter": "(keyword_id > 4902)",
                  "Rows Removed by Filter": 573488
                }
              ]
            }
          ]
        }
      ]
    },
    "Planning Time": 0.15,
    "Triggers": [],
    "Execution Time": 162.056
  }
]