{
  "Plan": {
    "Node Type": "Aggregate",
    "Strategy": "Plain",
    "Partial Mode": "Finalize",
    "Parallel Aware": false,
    "Startup Cost": 628888.88,
    "Total Cost": 628888.89,
    "Plan Rows": 1,
    "Plan Width": 8,
    "Actual Startup Time": 3632.901,
    "Actual Total Time": 3699.558,
    "Actual Rows": 1,
    "Actual Loops": 1,
    "Plans": [
      {
        "Node Type": "Gather",
        "Parent Relationship": "Outer",
        "Parallel Aware": false,
        "Startup Cost": 628888.77,
        "Total Cost": 628888.88,
        "Plan Rows": 1,
        "Plan Width": 8,
        "Actual Startup Time": 3632.201,
        "Actual Total Time": 3699.548,
        "Actual Rows": 2,
        "Actual Loops": 1,
        "Workers Planned": 1,
        "Workers Launched": 1,
        "Single Copy": false,
        "Plans": [
          {
            "Node Type": "Aggregate",
            "Strategy": "Plain",
            "Partial Mode": "Partial",
            "Parent Relationship": "Outer",
            "Parallel Aware": false,
            "Startup Cost": 627888.77,
            "Total Cost": 627888.78,
            "Plan Rows": 1,
            "Plan Width": 8,
            "Actual Startup Time": 3627.94,
            "Actual Total Time": 3627.943,
            "Actual Rows": 1,
            "Actual Loops": 2,
            "Plans": [
              {
                "Node Type": "Hash Join",
                "Parent Relationship": "Outer",
                "Parallel Aware": true,
                "Join Type": "Inner",
                "Startup Cost": 58745.67,
                "Total Cost": 626786.88,
                "Plan Rows": 440754,
                "Plan Width": 0,
                "Actual Startup Time": 263.012,
                "Actual Total Time": 3603.647,
                "Actual Rows": 556915,
                "Actual Loops": 2,
                "Inner Unique": true,
                "Hash Cond": "(ci.movie_id = t.id)",
                "Plans": [
                  {
                    "Node Type": "Seq Scan",
                    "Parent Relationship": "Outer",
                    "Parallel Aware": true,
                    "Relation Name": "cast_info",
                    "Alias": "ci",
                    "Startup Cost": 0.0,
                    "Total Cost": 519069.44,
                    "Plan Rows": 18655885,
                    "Plan Width": 4,
                    "Actual Startup Time": 105.227,
                    "Actual Total Time": 1616.56,
                    "Actual Rows": 15808766,
                    "Actual Loops": 2,
                    "Filter": "(person_id > 447580)",
                    "Rows Removed by Filter": 2313406
                  },
                  {
                    "Node Type": "Hash",
                    "Parent Relationship": "Inner",
                    "Parallel Aware": true,
                    "Startup Cost": 58306.47,
                    "Total Cost": 58306.47,
                    "Plan Rows": 35136,
                    "Plan Width": 4,
                    "Actual Startup Time": 156.8,
                    "Actual Total Time": 156.801,
                    "Actual Rows": 77561,
                    "Actual Loops": 2,
                    "Hash Buckets": 262144,
                    "Original Hash Buckets": 65536,
                    "Hash Batches": 1,
                    "Original Hash Batches": 1,
                    "Peak Memory Usage": 9696,
                    "Plans": [
                      {
                        "Node Type": "Seq Scan",
                        "Parent Relationship": "Outer",
                        "Parallel Aware": true,
                        "Relation Name": "title",
                        "Alias": "t",
                        "Startup Cost": 0.0,
                        "Total Cost": 58306.47,
                        "Plan Rows": 35136,
                        "Plan Width": 4,
                        "Actual Startup Time": 4.883,
                        "Actual Total Time": 136.751,
                        "Actual Rows": 77561,
                        "Actual Loops": 2,
                        "Filter": "((kind_id < 7) AND (production_year < 1947))",
                        "Rows Removed by Filter": 1186595
                      }
                    ]
                  }
                ]
              }
            ]
          }
        ]
      }
    ]
  },
  "Planning Time": 0.513,
  "Triggers": [],
  "Execution Time": 3699.628
}