{
  "Plan": {
    "Node Type": "Aggregate",
    "Strategy": "Plain",
    "Partial Mode": "Simple",
    "Parallel Aware": false,
    "Startup Cost": 808.98,
    "Total Cost": 808.99,
    "Plan Rows": 1,
    "Plan Width": 8,
    "Actual Startup Time": 20.482,
    "Actual Total Time": 20.484,
    "Actual Rows": 1,
    "Actual Loops": 1,
    "Plans": [
      {
        "Node Type": "Nested Loop",
        "Parent Relationship": "Outer",
        "Parallel Aware": false,
        "Join Type": "Inner",
        "Startup Cost": 1.42,
        "Total Cost": 807.86,
        "Plan Rows": 450,
        "Plan Width": 0,
        "Actual Startup Time": 0.139,
        "Actual Total Time": 19.913,
        "Actual Rows": 3338,
        "Actual Loops": 1,
        "Inner Unique": false,
        "Plans": [
          {
            "Node Type": "Nested Loop",
            "Parent Relationship": "Outer",
            "Parallel Aware": false,
            "Join Type": "Inner",
            "Startup Cost": 0.86,
            "Total Cost": 696.2,
            "Plan Rows": 50,
            "Plan Width": 8,
            "Actual Startup Time": 0.115,
            "Actual Total Time": 2.742,
            "Actual Rows": 181,
            "Actual Loops": 1,
            "Inner Unique": true,
            "Plans": [
              {
                "Node Type": "Index Scan",
                "Parent Relationship": "Outer",
                "Parallel Aware": false,
                "Scan Direction": "Forward",
                "Index Name": "company_id_movie_companies",
                "Relation Name": "movie_companies",
                "Alias": "mc",
                "Startup Cost": 0.43,
                "Total Cost": 273.83,
                "Plan Rows": 50,
                "Plan Width": 4,
                "Actual Startup Time": 0.092,
                "Actual Total Time": 0.505,
                "Actual Rows": 181,
                "Actual Loops": 1,
                "Index Cond": "(company_id = 669)",
                "Rows Removed by Index Recheck": 0,
                "Filter": "(company_type_id = 1)",
                "Rows Removed by Filter": 23
              },
              {
                "Node Type": "Index Only Scan",
                "Parent Relationship": "Inner",
                "Parallel Aware": false,
                "Scan Direction": "Forward",
                "Index Name": "title_pkey",
                "Relation Name": "title",
                "Alias": "t",
                "Startup Cost": 0.43,
                "Total Cost": 8.45,
                "Plan Rows": 1,
                "Plan Width": 4,
                "Actual Startup Time": 0.011,
                "Actual Total Time": 0.011,
                "Actual Rows": 1,
                "Actual Loops": 181,
                "Index Cond": "(id = mc.movie_id)",
                "Rows Removed by Index Recheck": 0,
                "Heap Fetches": 181
              }
            ]
          },
          {
            "Node Type": "Index Scan",
            "Parent Relationship": "Inner",
            "Parallel Aware": false,
            "Scan Direction": "Forward",
            "Index Name": "movie_id_cast_info",
            "Relation Name": "cast_info",
            "Alias": "ci",
            "Startup Cost": 0.56,
            "Total Cost": 2.0,
            "Plan Rows": 23,
            "Plan Width": 4,
            "Actual Startup Time": 0.019,
            "Actual Total Time": 0.09,
            "Actual Rows": 18,
            "Actual Loops": 181,
            "Index Cond": "(movie_id = t.id)",
            "Rows Removed by Index Recheck": 0,
            "Filter": "((person_id < 2922825) AND (role_id < 8))",
            "Rows Removed by Filter": 16
          }
        ]
      }
    ]
  },
  "Planning Time": 1.171,
  "Triggers": [],
  "Execution Time": 20.555
}