[
  {
    "Plan": {
      "Node Type": "Aggregate",
      "Strategy": "Plain",
      "Partial Mode": "Finalize",
      "Parallel Aware": false,
      "Startup Cost": 23010.03,
      "Total Cost": 23010.04,
      "Plan Rows": 1,
      "Plan Width": 8,
      "Actual Startup Time": 45.652,
      "Actual Total Time": 49.554,
      "Actual Rows": 1,
      "Actual Loops": 1,
      "Plans": [
        {
          "Node Type": "Gather",
          "Parent Relationship": "Outer",
          "Parallel Aware": false,
          "Startup Cost": 23009.72,
          "Total Cost": 23010.03,
          "Plan Rows": 3,
          "Plan Width": 8,
          "Actual Startup Time": 45.44,
          "Actual Total Time": 49.546,
          "Actual Rows": 4,
          "Actual Loops": 1,
          "Workers Planned": 3,
          "Workers Launched": 3,
          "Single Copy": false,
          "Plans": [
            {
              "Node Type": "Aggregate",
              "Strategy": "Plain",
              "Partial Mode": "Partial",
              "Parent Relationship": "Outer",
              "Parallel Aware": false,
              "Startup Cost": 22009.72,
              "Total Cost": 22009.73,
              "Plan Rows": 1,
              "Plan Width": 8,
              "Actual Startup Time": 37.243,
              "Actual Total Time": 37.246,
              "Actual Rows": 1,
              "Actual Loops": 4,
              "Plans": [
                {
                  "Node Type": "Bitmap Heap Scan",
                  "Parent Relationship": "Outer",
                  "Parallel Aware": true,
                  "Relation Name": "movie_companies",
                  "Alias": "mc",
                  "Startup Cost": 2632.68,
                  "Total Cost": 21911.88,
                  "Plan Rows": 39136,
                  "Plan Width": 0,
                  "Actual Startup Time": 12.68,
                  "Actual Total Time": 34.298,
                  "Actual Rows": 29189,
                  "Actual Loops": 4,
                  "Recheck Cond": "(company_id > 148148)",
                  "Rows Removed by Index Recheck": 0,
                  "Exact Heap Blocks": 2037,
                  "Lossy Heap Blocks": 0,
                  "Plans": [
                    {
                      "Node Type": "Bitmap Index Scan",
                      "Parent Relationship": "Outer",
                      "Parallel Aware": false,
                      "Index Name": "company_id_movie_companies",
                      "Startup Cost": 0.0,
                      "Total Cost": 2602.34,
                      "Plan Rows": 121322,
                      "Plan Width": 0,
                      "Actual Startup Time": 18.852,
                      "Actual Total Time": 18.853,
                      "Actual Rows": 116757,
                      "Actual Loops": 1,
                      "Index Cond": "(company_id > 148148)"
                    }
                  ]
                }
              ]
            }
          ]
        }
      ]
    },
    "Planning Time": 0.193,
    "Triggers": [],
    "Execution Time": 49.641
  }
]