[
  {
    "Plan": {
      "Node Type": "Aggregate",
      "Strategy": "Plain",
      "Partial Mode": "Finalize",
      "Parallel Aware": false,
      "Startup Cost": 351172.93,
      "Total Cost": 351172.94,
      "Plan Rows": 1,
      "Plan Width": 8,
      "Actual Startup Time": 3798.767,
      "Actual Total Time": 3866.397,
      "Actual Rows": 1,
      "Actual Loops": 1,
      "Plans": [
        {
          "Node Type": "Gather",
          "Parent Relationship": "Outer",
          "Parallel Aware": false,
          "Startup Cost": 351172.4,
          "Total Cost": 351172.91,
          "Plan Rows": 5,
          "Plan Width": 8,
          "Actual Startup Time": 3784.852,
          "Actual Total Time": 3866.387,
          "Actual Rows": 6,
          "Actual Loops": 1,
          "Workers Planned": 5,
          "Workers Launched": 5,
          "Single Copy": false,
          "Plans": [
            {
              "Node Type": "Aggregate",
              "Strategy": "Plain",
              "Partial Mode": "Partial",
              "Parent Relationship": "Outer",
              "Parallel Aware": false,
              "Startup Cost": 350172.4,
              "Total Cost": 350172.41,
              "Plan Rows": 1,
              "Plan Width": 8,
              "Actual Startup Time": 3770.143,
              "Actual Total Time": 3770.147,
              "Actual Rows": 1,
              "Actual Loops": 6,
              "Plans": [
                {
                  "Node Type": "Nested Loop",
                  "Parent Relationship": "Outer",
                  "Parallel Aware": false,
                  "Join Type": "Inner",
                  "Startup Cost": 55572.13,
                  "Total Cost": 348049.74,
                  "Plan Rows": 849066,
                  "Plan Width": 0,
                  "Actual Startup Time": 311.234,
                  "Actual Total Time": 3482.701,
                  "Actual Rows": 5766980,
                  "Actual Loops": 6,
                  "Inner Unique": false,
                  "Plans": [
                    {
                      "Node Type": "Hash Join",
                      "Parent Relationship": "Outer",
                      "Parallel Aware": true,
                      "Join Type": "Inner",
                      "Startup Cost": 55571.56,
                      "Total Cost": 221731.77,
                      "Plan Rows": 59219,
                      "Plan Width": 8,
                      "Actual Startup Time": 311.101,
                      "Actual Total Time": 342.056,
                      "Actual Rows": 51131,
                      "Actual Loops": 6,
                      "Inner Unique": true,
                      "Hash Cond": "(mi.movie_id = t.id)",
                      "Plans": [
                        {
                          "Node Type": "Bitmap Heap Scan",
                          "Parent Relationship": "Outer",
                          "Parallel Aware": true,
                          "Relation Name": "movie_info",
                          "Alias": "mi",
                          "Startup Cost": 5351.18,
                          "Total Cost": 171355.94,
                          "Plan Rows": 59219,
                          "Plan Width": 4,
                          "Actual Startup Time": 11.036,
                          "Actual Total Time": 22.956,
                          "Actual Rows": 51131,
                          "Actual Loops": 6,
                          "Recheck Cond": "(info_type_id > 105)",
                          "Rows Removed by Index Recheck": 0,
                          "Exact Heap Blocks": 1134,
                          "Lossy Heap Blocks": 0,
                          "Plans": [
                            {
                              "Node Type": "Bitmap Index Scan",
                              "Parent Relationship": "Outer",
                              "Parallel Aware": false,
                              "Index Name": "info_type_id_movie_info",
                              "Startup Cost": 0.0,
                              "Total Cost": 5277.15,
                              "Plan Rows": 296096,
                              "Plan Width": 0,
                              "Actual Startup Time": 10.284,
                              "Actual Total Time": 10.285,
                              "Actual Rows": 306788,
                              "Actual Loops": 1,
                              "Index Cond": "(info_type_id > 105)"
                            }
                          ]
                        },
                        {
                          "Node Type": "Hash",
                          "Parent Relationship": "Inner",
                          "Parallel Aware": true,
                          "Startup Cost": 42319.06,
                          "Total Cost": 42319.06,
                          "Plan Rows": 632106,
                          "Plan Width": 4,
                          "Actual Startup Time": 294.23,
                          "Actual Total Time": 294.231,
                          "Actual Rows": 421385,
                          "Actual Loops": 6,
                          "Hash Buckets": 4194304,
                          "Original Hash Buckets": 4194304,
                          "Hash Batches": 1,
                          "Original Hash Batches": 1,
                          "Peak Memory Usage": 131776,
                          "Plans": [
                            {
                              "Node Type": "Seq Scan",
                              "Parent Relationship": "Outer",
                              "Parallel Aware": true,
                              "Relation Name": "title",
                              "Alias": "t",
                              "Startup Cost": 0.0,
                              "Total Cost": 42319.06,
                              "Plan Rows": 632106,
                              "Plan Width": 4,
                              "Actual Startup Time": 0.039,
                              "Actual Total Time": 87.698,
                              "Actual Rows": 421385,
                              "Actual Loops": 6
                            }
                          ]
                        }
                      ]
                    },
                    {
                      "Node Type": "Index Only Scan",
                      "Parent Relationship": "Inner",
                      "Parallel Aware": false,
                      "Scan Direction": "Forward",
                      "Index Name": "movie_id_cast_info",
                      "Relation Name": "cast_info",
                      "Alias": "ci",
                      "Startup Cost": 0.56,
                      "Total Cost": 1.78,
                      "Plan Rows": 35,
                      "Plan Width": 4,
                      "Actual Startup Time": 0.006,
                      "Actual Total Time": 0.053,
                      "Actual Rows": 113,
                      "Actual Loops": 306788,
                      "Index Cond": "(movie_id = t.id)",
                      "Rows Removed by Index Recheck": 0,
                      "Heap Fetches": 34601880
                    }
                  ]
                }
              ]
            }
          ]
        }
      ]
    },
    "Planning Time": 0.534,
    "Triggers": [],
    "Execution Time": 3866.48
  }
]