[
  {
    "Plan": {
      "Node Type": "Aggregate",
      "Strategy": "Plain",
      "Partial Mode": "Finalize",
      "Parallel Aware": false,
      "Startup Cost": 349660.91,
      "Total Cost": 349660.92,
      "Plan Rows": 1,
      "Plan Width": 8,
      "Actual Startup Time": 701.877,
      "Actual Total Time": 749.621,
      "Actual Rows": 1,
      "Actual Loops": 1,
      "Plans": [
        {
          "Node Type": "Gather",
          "Parent Relationship": "Outer",
          "Parallel Aware": false,
          "Startup Cost": 349660.28,
          "Total Cost": 349660.89,
          "Plan Rows": 6,
          "Plan Width": 8,
          "Actual Startup Time": 701.668,
          "Actual Total Time": 749.609,
          "Actual Rows": 7,
          "Actual Loops": 1,
          "Workers Planned": 6,
          "Workers Launched": 6,
          "Single Copy": false,
          "Plans": [
            {
              "Node Type": "Aggregate",
              "Strategy": "Plain",
              "Partial Mode": "Partial",
              "Parent Relationship": "Outer",
              "Parallel Aware": false,
              "Startup Cost": 348660.28,
              "Total Cost": 348660.29,
              "Plan Rows": 1,
              "Plan Width": 8,
              "Actual Startup Time": 694.179,
              "Actual Total Time": 694.18,
              "Actual Rows": 1,
              "Actual Loops": 7,
              "Plans": [
                {
                  "Node Type": "Seq Scan",
                  "Parent Relationship": "Outer",
                  "Parallel Aware": true,
                  "Relation Name": "cast_info",
                  "Alias": "ci",
                  "Startup Cost": 0.0,
                  "Total Cost": 343316.27,
                  "Plan Rows": 2137605,
                  "Plan Width": 0,
                  "Actual Startup Time": 226.59,
                  "Actual Total Time": 643.151,
                  "Actual Rows": 1044080,
                  "Actual Loops": 7,
                  "Filter": "((person_id < 2006720) AND (role_id > 1))",
                  "Rows Removed by Filter": 4133683
                }
              ]
            }
          ]
        }
      ]
    },
    "Planning Time": 0.13,
    "Triggers": [],
    "Execution Time": 749.672
  }
]