[
  {
    "Plan": {
      "Node Type": "Aggregate",
      "Strategy": "Plain",
      "Partial Mode": "Finalize",
      "Parallel Aware": false,
      "Startup Cost": 137229.37,
      "Total Cost": 137229.38,
      "Plan Rows": 1,
      "Plan Width": 8,
      "Actual Startup Time": 2732.726,
      "Actual Total Time": 2803.696,
      "Actual Rows": 1,
      "Actual Loops": 1,
      "Plans": [
        {
          "Node Type": "Gather",
          "Parent Relationship": "Outer",
          "Parallel Aware": false,
          "Startup Cost": 137229.05,
          "Total Cost": 137229.36,
          "Plan Rows": 3,
          "Plan Width": 8,
          "Actual Startup Time": 2731.418,
          "Actual Total Time": 2803.686,
          "Actual Rows": 4,
          "Actual Loops": 1,
          "Workers Planned": 3,
          "Workers Launched": 3,
          "Single Copy": false,
          "Plans": [
            {
              "Node Type": "Aggregate",
              "Strategy": "Plain",
              "Partial Mode": "Partial",
              "Parent Relationship": "Outer",
              "Parallel Aware": false,
              "Startup Cost": 136229.05,
              "Total Cost": 136229.06,
              "Plan Rows": 1,
              "Plan Width": 8,
              "Actual Startup Time": 2722.811,
              "Actual Total Time": 2722.818,
              "Actual Rows": 1,
              "Actual Loops": 4,
              "Plans": [
                {
                  "Node Type": "Nested Loop",
                  "Parent Relationship": "Outer",
                  "Parallel Aware": false,
                  "Join Type": "Inner",
                  "Startup Cost": 45613.81,
                  "Total Cost": 135787.18,
                  "Plan Rows": 176750,
                  "Plan Width": 0,
                  "Actual Startup Time": 168.564,
                  "Actual Total Time": 2638.68,
                  "Actual Rows": 1522064,
                  "Actual Loops": 4,
                  "Inner Unique": false,
                  "Join Filter": "(t.id = ci.movie_id)",
                  "Rows Removed by Join Filter": 0,
                  "Plans": [
                    {
                      "Node Type": "Hash Join",
                      "Parent Relationship": "Outer",
                      "Parallel Aware": true,
                      "Join Type": "Inner",
                      "Startup Cost": 45613.25,
                      "Total Cost": 91639.42,
                      "Plan Rows": 21543,
                      "Plan Width": 8,
                      "Actual Startup Time": 168.394,
                      "Actual Total Time": 368.491,
                      "Actual Rows": 114536,
                      "Actual Loops": 4,
                      "Inner Unique": true,
                      "Hash Cond": "(mk.movie_id = t.id)",
                      "Plans": [
                        {
                          "Node Type": "Seq Scan",
                          "Parent Relationship": "Outer",
                          "Parallel Aware": true,
                          "Relation Name": "movie_keyword",
                          "Alias": "mk",
                          "Startup Cost": 0.0,
                          "Total Cost": 42695.65,
                          "Plan Rows": 1268763,
                          "Plan Width": 4,
                          "Actual Startup Time": 0.028,
                          "Actual Total Time": 129.607,
                          "Actual Rows": 986395,
                          "Actual Loops": 4,
                          "Filter": "(keyword_id < 31694)",
                          "Rows Removed by Filter": 144587
                        },
                        {
                          "Node Type": "Hash",
                          "Parent Relationship": "Inner",
                          "Parallel Aware": true,
                          "Startup Cost": 45479.1,
                          "Total Cost": 45479.1,
                          "Plan Rows": 10732,
                          "Plan Width": 4,
                          "Actual Startup Time": 124.777,
                          "Actual Total Time": 124.777,
                          "Actual Rows": 40957,
                          "Actual Loops": 4,
                          "Hash Buckets": 262144,
                          "Original Hash Buckets": 65536,
                          "Hash Batches": 1,
                          "Original Hash Batches": 1,
                          "Peak Memory Usage": 10048,
                          "Plans": [
                            {
                              "Node Type": "Seq Scan",
                              "Parent Relationship": "Outer",
                              "Parallel Aware": true,
                              "Relation Name": "title",
                              "Alias": "t",
                              "Startup Cost": 0.0,
                              "Total Cost": 45479.1,
                              "Plan Rows": 10732,
                              "Plan Width": 4,
                              "Actual Startup Time": 63.105,
                              "Actual Total Time": 104.616,
                              "Actual Rows": 40957,
                              "Actual Loops": 4,
                              "Filter": "((production_year < 1951) AND (kind_id = 1))",
                              "Rows Removed by Filter": 591121
                            }
                          ]
                        }
                      ]
                    },
                    {
                      "Node Type": "Index Scan",
                      "Parent Relationship": "Inner",
                      "Parallel Aware": false,
                      "Scan Direction": "Forward",
                      "Index Name": "movie_id_cast_info",
                      "Relation Name": "cast_info",
                      "Alias": "ci",
                      "Startup Cost": 0.56,
                      "Total Cost": 1.79,
                      "Plan Rows": 21,
                      "Plan Width": 4,
                      "Actual Startup Time": 0.011,
                      "Actual Total Time": 0.018,
                      "Actual Rows": 13,
                      "Actual Loops": 458143,
                      "Index Cond": "(movie_id = mk.movie_id)",
                      "Rows Removed by Index Recheck": 0,
                      "Filter": "((person_id > 456775) AND (role_id > 1))",
                      "Rows Removed by Filter": 20
                    }
                  ]
                }
              ]
            }
          ]
        }
      ]
    },
    "Planning Time": 1.491,
    "Triggers": [],
    "Execution Time": 2803.819
  }
]