[
  {
    "Plan": {
      "Node Type": "Aggregate",
      "Strategy": "Plain",
      "Partial Mode": "Finalize",
      "Parallel Aware": false,
      "Startup Cost": 449232.93,
      "Total Cost": 449232.94,
      "Plan Rows": 1,
      "Plan Width": 8,
      "Actual Startup Time": 1615.609,
      "Actual Total Time": 1677.594,
      "Actual Rows": 1,
      "Actual Loops": 1,
      "Plans": [
        {
          "Node Type": "Gather",
          "Parent Relationship": "Outer",
          "Parallel Aware": false,
          "Startup Cost": 449232.31,
          "Total Cost": 449232.92,
          "Plan Rows": 6,
          "Plan Width": 8,
          "Actual Startup Time": 1593.068,
          "Actual Total Time": 1677.581,
          "Actual Rows": 7,
          "Actual Loops": 1,
          "Workers Planned": 6,
          "Workers Launched": 6,
          "Single Copy": false,
          "Plans": [
            {
              "Node Type": "Aggregate",
              "Strategy": "Plain",
              "Partial Mode": "Partial",
              "Parent Relationship": "Outer",
              "Parallel Aware": false,
              "Startup Cost": 448232.31,
              "Total Cost": 448232.32,
              "Plan Rows": 1,
              "Plan Width": 8,
              "Actual Startup Time": 1583.107,
              "Actual Total Time": 1583.285,
              "Actual Rows": 1,
              "Actual Loops": 7,
              "Plans": [
                {
                  "Node Type": "Hash Join",
                  "Parent Relationship": "Outer",
                  "Parallel Aware": true,
                  "Join Type": "Inner",
                  "Startup Cost": 86927.24,
                  "Total Cost": 444007.18,
                  "Plan Rows": 1690052,
                  "Plan Width": 0,
                  "Actual Startup Time": 665.099,
                  "Actual Total Time": 1534.065,
                  "Actual Rows": 1084813,
                  "Actual Loops": 7,
                  "Inner Unique": false,
                  "Hash Cond": "(ci.movie_id = t.id)",
                  "Plans": [
                    {
                      "Node Type": "Seq Scan",
                      "Parent Relationship": "Outer",
                      "Parallel Aware": true,
                      "Relation Name": "cast_info",
                      "Alias": "ci",
                      "Startup Cost": 0.0,
                      "Total Cost": 343316.27,
                      "Plan Rows": 2216504,
                      "Plan Width": 4,
                      "Actual Startup Time": 202.842,
                      "Actual Total Time": 625.825,
                      "Actual Rows": 1156514,
                      "Actual Loops": 7,
                      "Filter": "((person_id < 2091746) AND (role_id > 1))",
                      "Rows Removed by Filter": 4021250
                    },
                    {
                      "Node Type": "Hash",
                      "Parent Relationship": "Inner",
                      "Parallel Aware": true,
                      "Startup Cost": 79153.5,
                      "Total Cost": 79153.5,
                      "Plan Rows": 621899,
                      "Plan Width": 8,
                      "Actual Startup Time": 459.097,
                      "Actual Total Time": 459.274,
                      "Actual Rows": 185920,
                      "Actual Loops": 7,
                      "Hash Buckets": 2097152,
                      "Original Hash Buckets": 2097152,
                      "Hash Batches": 1,
                      "Original Hash Batches": 1,
                      "Peak Memory Usage": 67392,
                      "Plans": [
                        {
                          "Node Type": "Hash Join",
                          "Parent Relationship": "Outer",
                          "Parallel Aware": true,
                          "Join Type": "Inner",
                          "Startup Cost": 49737.61,
                          "Total Cost": 79153.5,
                          "Plan Rows": 621899,
                          "Plan Width": 8,
                          "Actual Startup Time": 210.766,
                          "Actual Total Time": 374.148,
                          "Actual Rows": 185920,
                          "Actual Loops": 7,
                          "Inner Unique": true,
                          "Hash Cond": "(mc.movie_id = t.id)",
                          "Plans": [
                            {
                              "Node Type": "Seq Scan",
                              "Parent Relationship": "Outer",
                              "Parallel Aware": true,
                              "Relation Name": "movie_companies",
                              "Alias": "mc",
                              "Startup Cost": 0.0,
                              "Total Cost": 27206.55,
                              "Plan Rows": 841655,
                              "Plan Width": 4,
                              "Actual Startup Time": 0.018,
                              "Actual Total Time": 38.714,
                              "Actual Rows": 372733,
                              "Actual Loops": 7
                            },
                            {
                              "Node Type": "Hash",
                              "Parent Relationship": "Inner",
                              "Parallel Aware": true,
                              "Startup Cost": 43899.32,
                              "Total Cost": 43899.32,
                              "Plan Rows": 467063,
                              "Plan Width": 4,
                              "Actual Startup Time": 208.696,
                              "Actual Total Time": 208.697,
                              "Actual Rows": 266498,
                              "Actual Loops": 7,
                              "Hash Buckets": 2097152,
                              "Original Hash Buckets": 2097152,
                              "Hash Batches": 1,
                              "Original Hash Batches": 1,
                              "Peak Memory Usage": 89472,
                              "Plans": [
                                {
                                  "Node Type": "Seq Scan",
                                  "Parent Relationship": "Outer",
                                  "Parallel Aware": true,
                                  "Relation Name": "title",
                                  "Alias": "t",
                                  "Startup Cost": 0.0,
                                  "Total Cost": 43899.32,
                                  "Plan Rows": 467063,
                                  "Plan Width": 4,
                                  "Actual Startup Time": 0.06,
                                  "Actual Total Time": 81.059,
                                  "Actual Rows": 266498,
                                  "Actual Loops": 7,
                                  "Filter": "(kind_id > 1)",
                                  "Rows Removed by Filter": 94689
                                }
                              ]
                            }
                          ]
                        }
                      ]
                    }
                  ]
                }
              ]
            }
          ]
        }
      ]
    },
    "Planning Time": 0.451,
    "Triggers": [],
    "Execution Time": 1677.655
  }
]