[
  {
    "Plan": {
      "Node Type": "Aggregate",
      "Strategy": "Plain",
      "Partial Mode": "Finalize",
      "Parallel Aware": false,
      "Startup Cost": 334602.63,
      "Total Cost": 334602.64,
      "Plan Rows": 1,
      "Plan Width": 8,
      "Actual Startup Time": 695.537,
      "Actual Total Time": 738.282,
      "Actual Rows": 1,
      "Actual Loops": 1,
      "Plans": [
        {
          "Node Type": "Gather",
          "Parent Relationship": "Outer",
          "Parallel Aware": false,
          "Startup Cost": 334602.01,
          "Total Cost": 334602.62,
          "Plan Rows": 6,
          "Plan Width": 8,
          "Actual Startup Time": 695.288,
          "Actual Total Time": 738.265,
          "Actual Rows": 7,
          "Actual Loops": 1,
          "Workers Planned": 6,
          "Workers Launched": 6,
          "Single Copy": false,
          "Plans": [
            {
              "Node Type": "Aggregate",
              "Strategy": "Plain",
              "Partial Mode": "Partial",
              "Parent Relationship": "Outer",
              "Parallel Aware": false,
              "Startup Cost": 333602.01,
              "Total Cost": 333602.02,
              "Plan Rows": 1,
              "Plan Width": 8,
              "Actual Startup Time": 684.668,
              "Actual Total Time": 684.669,
              "Actual Rows": 1,
              "Actual Loops": 7,
              "Plans": [
                {
                  "Node Type": "Seq Scan",
                  "Parent Relationship": "Outer",
                  "Parallel Aware": true,
                  "Relation Name": "cast_info",
                  "Alias": "ci",
                  "Startup Cost": 0.0,
                  "Total Cost": 328211.39,
                  "Plan Rows": 2156246,
                  "Plan Width": 0,
                  "Actual Startup Time": 279.537,
                  "Actual Total Time": 597.184,
                  "Actual Rows": 1825774,
                  "Actual Loops": 7,
                  "Filter": "(person_id > 2401839)",
                  "Rows Removed by Filter": 3351989
                }
              ]
            }
          ]
        }
      ]
    },
    "Planning Time": 0.209,
    "Triggers": [],
    "Execution Time": 738.355
  }
]