[
  {
    "Plan": {
      "Node Type": "Aggregate",
      "Strategy": "Plain",
      "Partial Mode": "Finalize",
      "Parallel Aware": false,
      "Startup Cost": 46482.95,
      "Total Cost": 46482.96,
      "Plan Rows": 1,
      "Plan Width": 8,
      "Actual Startup Time": 81.064,
      "Actual Total Time": 93.012,
      "Actual Rows": 1,
      "Actual Loops": 1,
      "Plans": [
        {
          "Node Type": "Gather",
          "Parent Relationship": "Outer",
          "Parallel Aware": false,
          "Startup Cost": 46482.53,
          "Total Cost": 46482.94,
          "Plan Rows": 4,
          "Plan Width": 8,
          "Actual Startup Time": 80.86,
          "Actual Total Time": 92.998,
          "Actual Rows": 5,
          "Actual Loops": 1,
          "Workers Planned": 4,
          "Workers Launched": 4,
          "Single Copy": false,
          "Plans": [
            {
              "Node Type": "Aggregate",
              "Strategy": "Plain",
              "Partial Mode": "Partial",
              "Parent Relationship": "Outer",
              "Parallel Aware": false,
              "Startup Cost": 45482.53,
              "Total Cost": 45482.54,
              "Plan Rows": 1,
              "Plan Width": 8,
              "Actual Startup Time": 75.517,
              "Actual Total Time": 75.518,
              "Actual Rows": 1,
              "Actual Loops": 5,
              "Plans": [
                {
                  "Node Type": "Seq Scan",
                  "Parent Relationship": "Outer",
                  "Parallel Aware": true,
                  "Relation Name": "title",
                  "Alias": "t",
                  "Startup Cost": 0.0,
                  "Total Cost": 45479.59,
                  "Plan Rows": 1179,
                  "Plan Width": 0,
                  "Actual Startup Time": 1.361,
                  "Actual Total Time": 75.394,
                  "Actual Rows": 1156,
                  "Actual Loops": 5,
                  "Filter": "((kind_id < 4) AND (production_year = 1967))",
                  "Rows Removed by Filter": 504506
                }
              ]
            }
          ]
        }
      ]
    },
    "Planning Time": 0.092,
    "Triggers": [],
    "Execution Time": 93.043
  }
]