[
  {
    "Plan": {
      "Node Type": "Aggregate",
      "Strategy": "Plain",
      "Partial Mode": "Finalize",
      "Parallel Aware": false,
      "Startup Cost": 31977.73,
      "Total Cost": 31977.74,
      "Plan Rows": 1,
      "Plan Width": 8,
      "Actual Startup Time": 118.842,
      "Actual Total Time": 127.985,
      "Actual Rows": 1,
      "Actual Loops": 1,
      "Plans": [
        {
          "Node Type": "Gather",
          "Parent Relationship": "Outer",
          "Parallel Aware": false,
          "Startup Cost": 31977.42,
          "Total Cost": 31977.73,
          "Plan Rows": 3,
          "Plan Width": 8,
          "Actual Startup Time": 118.711,
          "Actual Total Time": 127.976,
          "Actual Rows": 4,
          "Actual Loops": 1,
          "Workers Planned": 3,
          "Workers Launched": 3,
          "Single Copy": false,
          "Plans": [
            {
              "Node Type": "Aggregate",
              "Strategy": "Plain",
              "Partial Mode": "Partial",
              "Parent Relationship": "Outer",
              "Parallel Aware": false,
              "Startup Cost": 30977.42,
              "Total Cost": 30977.43,
              "Plan Rows": 1,
              "Plan Width": 8,
              "Actual Startup Time": 114.72,
              "Actual Total Time": 114.721,
              "Actual Rows": 1,
              "Actual Loops": 4,
              "Plans": [
                {
                  "Node Type": "Seq Scan",
                  "Parent Relationship": "Outer",
                  "Parallel Aware": true,
                  "Relation Name": "movie_companies",
                  "Alias": "mc",
                  "Startup Cost": 0.0,
                  "Total Cost": 29310.68,
                  "Plan Rows": 666694,
                  "Plan Width": 0,
                  "Actual Startup Time": 0.172,
                  "Actual Total Time": 87.994,
                  "Actual Rows": 518029,
                  "Actual Loops": 4,
                  "Filter": "(company_id > 521)",
                  "Rows Removed by Filter": 134253
                }
              ]
            }
          ]
        }
      ]
    },
    "Planning Time": 0.121,
    "Triggers": [],
    "Execution Time": 128.024
  }
]