[
  {
    "Plan": {
      "Node Type": "Aggregate",
      "Strategy": "Plain",
      "Partial Mode": "Finalize",
      "Parallel Aware": false,
      "Startup Cost": 31400.26,
      "Total Cost": 31400.27,
      "Plan Rows": 1,
      "Plan Width": 8,
      "Actual Startup Time": 96.167,
      "Actual Total Time": 104.371,
      "Actual Rows": 1,
      "Actual Loops": 1,
      "Plans": [
        {
          "Node Type": "Gather",
          "Parent Relationship": "Outer",
          "Parallel Aware": false,
          "Startup Cost": 31399.95,
          "Total Cost": 31400.26,
          "Plan Rows": 3,
          "Plan Width": 8,
          "Actual Startup Time": 96.061,
          "Actual Total Time": 104.363,
          "Actual Rows": 4,
          "Actual Loops": 1,
          "Workers Planned": 3,
          "Workers Launched": 3,
          "Single Copy": false,
          "Plans": [
            {
              "Node Type": "Aggregate",
              "Strategy": "Plain",
              "Partial Mode": "Partial",
              "Parent Relationship": "Outer",
              "Parallel Aware": false,
              "Startup Cost": 30399.95,
              "Total Cost": 30399.96,
              "Plan Rows": 1,
              "Plan Width": 8,
              "Actual Startup Time": 90.834,
              "Actual Total Time": 90.835,
              "Actual Rows": 1,
              "Actual Loops": 4,
              "Plans": [
                {
                  "Node Type": "Seq Scan",
                  "Parent Relationship": "Outer",
                  "Parallel Aware": true,
                  "Relation Name": "movie_companies",
                  "Alias": "mc",
                  "Startup Cost": 0.0,
                  "Total Cost": 29310.68,
                  "Plan Rows": 435706,
                  "Plan Width": 0,
                  "Actual Startup Time": 17.982,
                  "Actual Total Time": 76.392,
                  "Actual Rows": 339946,
                  "Actual Loops": 4,
                  "Filter": "(company_id > 11149)",
                  "Rows Removed by Filter": 312336
                }
              ]
            }
          ]
        }
      ]
    },
    "Planning Time": 0.099,
    "Triggers": [],
    "Execution Time": 104.405
  }
]