{
  "Plan": {
    "Node Type": "Aggregate",
    "Strategy": "Plain",
    "Partial Mode": "Finalize",
    "Parallel Aware": false,
    "Startup Cost": 131642.86,
    "Total Cost": 131642.87,
    "Plan Rows": 1,
    "Plan Width": 8,
    "Actual Startup Time": 713.955,
    "Actual Total Time": 730.593,
    "Actual Rows": 1,
    "Actual Loops": 1,
    "Plans": [
      {
        "Node Type": "Gather",
        "Parent Relationship": "Outer",
        "Parallel Aware": false,
        "Startup Cost": 131642.75,
        "Total Cost": 131642.86,
        "Plan Rows": 1,
        "Plan Width": 8,
        "Actual Startup Time": 711.302,
        "Actual Total Time": 730.585,
        "Actual Rows": 2,
        "Actual Loops": 1,
        "Workers Planned": 1,
        "Workers Launched": 1,
        "Single Copy": false,
        "Plans": [
          {
            "Node Type": "Aggregate",
            "Strategy": "Plain",
            "Partial Mode": "Partial",
            "Parent Relationship": "Outer",
            "Parallel Aware": false,
            "Startup Cost": 130642.75,
            "Total Cost": 130642.76,
            "Plan Rows": 1,
            "Plan Width": 8,
            "Actual Startup Time": 706.188,
            "Actual Total Time": 706.192,
            "Actual Rows": 1,
            "Actual Loops": 2,
            "Plans": [
              {
                "Node Type": "Hash Join",
                "Parent Relationship": "Outer",
                "Parallel Aware": true,
                "Join Type": "Inner",
                "Startup Cost": 65180.12,
                "Total Cost": 128625.88,
                "Plan Rows": 806749,
                "Plan Width": 0,
                "Actual Startup Time": 316.051,
                "Actual Total Time": 699.715,
                "Actual Rows": 166270,
                "Actual Loops": 2,
                "Inner Unique": true,
                "Hash Cond": "(mk.movie_id = t.id)",
                "Plans": [
                  {
                    "Node Type": "Seq Scan",
                    "Parent Relationship": "Outer",
                    "Parallel Aware": true,
                    "Relation Name": "movie_keyword",
                    "Alias": "mk",
                    "Startup Cost": 0.0,
                    "Total Cost": 57718.19,
                    "Plan Rows": 2181926,
                    "Plan Width": 4,
                    "Actual Startup Time": 0.016,
                    "Actual Total Time": 197.618,
                    "Actual Rows": 1860419,
                    "Actual Loops": 2,
                    "Filter": "(keyword_id < 23070)",
                    "Rows Removed by Filter": 401546
                  },
                  {
                    "Node Type": "Hash",
                    "Parent Relationship": "Inner",
                    "Parallel Aware": true,
                    "Startup Cost": 58306.47,
                    "Total Cost": 58306.47,
                    "Plan Rows": 549892,
                    "Plan Width": 4,
                    "Actual Startup Time": 309.451,
                    "Actual Total Time": 309.452,
                    "Actual Rows": 512103,
                    "Actual Loops": 2,
                    "Hash Buckets": 1048576,
                    "Original Hash Buckets": 1048576,
                    "Hash Batches": 1,
                    "Original Hash Batches": 1,
                    "Peak Memory Usage": 48288,
                    "Plans": [
                      {
                        "Node Type": "Seq Scan",
                        "Parent Relationship": "Outer",
                        "Parallel Aware": true,
                        "Relation Name": "title",
                        "Alias": "t",
                        "Startup Cost": 0.0,
                        "Total Cost": 58306.47,
                        "Plan Rows": 549892,
                        "Plan Width": 4,
                        "Actual Startup Time": 0.024,
                        "Actual Total Time": 165.638,
                        "Actual Rows": 512103,
                        "Actual Loops": 2,
                        "Filter": "((production_year > 1997) AND (kind_id = 7))",
                        "Rows Removed by Filter": 752053
                      }
                    ]
                  }
                ]
              }
            ]
          }
        ]
      }
    ]
  },
  "Planning Time": 0.292,
  "Triggers": [],
  "Execution Time": 730.633
}