{
  "Plan": {
    "Node Type": "Aggregate",
    "Strategy": "Plain",
    "Partial Mode": "Finalize",
    "Parallel Aware": false,
    "Startup Cost": 243292.25,
    "Total Cost": 243292.26,
    "Plan Rows": 1,
    "Plan Width": 8,
    "Actual Startup Time": 399.759,
    "Actual Total Time": 405.399,
    "Actual Rows": 1,
    "Actual Loops": 1,
    "Plans": [
      {
        "Node Type": "Gather",
        "Parent Relationship": "Outer",
        "Parallel Aware": false,
        "Startup Cost": 243292.14,
        "Total Cost": 243292.25,
        "Plan Rows": 1,
        "Plan Width": 8,
        "Actual Startup Time": 398.615,
        "Actual Total Time": 405.391,
        "Actual Rows": 2,
        "Actual Loops": 1,
        "Workers Planned": 1,
        "Workers Launched": 1,
        "Single Copy": false,
        "Plans": [
          {
            "Node Type": "Aggregate",
            "Strategy": "Plain",
            "Partial Mode": "Partial",
            "Parent Relationship": "Outer",
            "Parallel Aware": false,
            "Startup Cost": 242292.14,
            "Total Cost": 242292.15,
            "Plan Rows": 1,
            "Plan Width": 8,
            "Actual Startup Time": 392.448,
            "Actual Total Time": 392.453,
            "Actual Rows": 1,
            "Actual Loops": 2,
            "Plans": [
              {
                "Node Type": "Hash Join",
                "Parent Relationship": "Outer",
                "Parallel Aware": true,
                "Join Type": "Inner",
                "Startup Cost": 72920.4,
                "Total Cost": 241998.54,
                "Plan Rows": 117440,
                "Plan Width": 0,
                "Actual Startup Time": 251.658,
                "Actual Total Time": 383.462,
                "Actual Rows": 220090,
                "Actual Loops": 2,
                "Inner Unique": true,
                "Hash Cond": "(mi.movie_id = t.id)",
                "Plans": [
                  {
                    "Node Type": "Bitmap Heap Scan",
                    "Parent Relationship": "Outer",
                    "Parallel Aware": true,
                    "Relation Name": "movie_info",
                    "Alias": "mi",
                    "Startup Cost": 14428.12,
                    "Total Cost": 182276.62,
                    "Plan Rows": 468439,
                    "Plan Width": 4,
                    "Actual Startup Time": 22.443,
                    "Actual Total Time": 61.128,
                    "Actual Rows": 401070,
                    "Actual Loops": 2,
                    "Recheck Cond": "(info_type_id < 2)",
                    "Rows Removed by Index Recheck": 0,
                    "Exact Heap Blocks": 2642,
                    "Lossy Heap Blocks": 0,
                    "Plans": [
                      {
                        "Node Type": "Bitmap Index Scan",
                        "Parent Relationship": "Outer",
                        "Parallel Aware": false,
                        "Index Name": "info_type_id_movie_info",
                        "Startup Cost": 0.0,
                        "Total Cost": 14229.04,
                        "Plan Rows": 796347,
                        "Plan Width": 0,
                        "Actual Startup Time": 21.712,
                        "Actual Total Time": 21.713,
                        "Actual Rows": 802140,
                        "Actual Loops": 1,
                        "Index Cond": "(info_type_id < 2)"
                      }
                    ]
                  },
                  {
                    "Node Type": "Hash",
                    "Parent Relationship": "Inner",
                    "Parallel Aware": true,
                    "Startup Cost": 53831.57,
                    "Total Cost": 53831.57,
                    "Plan Rows": 372856,
                    "Plan Width": 4,
                    "Actual Startup Time": 194.537,
                    "Actual Total Time": 194.538,
                    "Actual Rows": 306746,
                    "Actual Loops": 2,
                    "Hash Buckets": 1048576,
                    "Original Hash Buckets": 1048576,
                    "Hash Batches": 1,
                    "Original Hash Batches": 1,
                    "Peak Memory Usage": 32224,
                    "Plans": [
                      {
                        "Node Type": "Bitmap Heap Scan",
                        "Parent Relationship": "Outer",
                        "Parallel Aware": true,
                        "Relation Name": "title",
                        "Alias": "t",
                        "Startup Cost": 11981.31,
                        "Total Cost": 53831.57,
                        "Plan Rows": 372856,
                        "Plan Width": 4,
                        "Actual Startup Time": 31.95,
                        "Actual Total Time": 105.884,
                        "Actual Rows": 306746,
                        "Actual Loops": 2,
                        "Recheck Cond": "(kind_id = 1)",
                        "Rows Removed by Index Recheck": 0,
                        "Filter": "(production_year > 1912)",
                        "Rows Removed by Filter": 24666,
                        "Exact Heap Blocks": 7892,
                        "Lossy Heap Blocks": 0,
                        "Plans": [
                          {
                            "Node Type": "Bitmap Index Scan",
                            "Parent Relationship": "Outer",
                            "Parallel Aware": false,
                            "Index Name": "kind_id_title",
                            "Startup Cost": 0.0,
                            "Total Cost": 11822.85,
                            "Plan Rows": 663256,
                            "Plan Width": 0,
                            "Actual Startup Time": 30.094,
                            "Actual Total Time": 30.094,
                            "Actual Rows": 662825,
                            "Actual Loops": 1,
                            "Index Cond": "(kind_id = 1)"
                          }
                        ]
                      }
                    ]
                  }
                ]
              }
            ]
          }
        ]
      }
    ]
  },
  "Planning Time": 0.624,
  "Triggers": [],
  "Execution Time": 405.529
}