[
  {
    "Plan": {
      "Node Type": "Aggregate",
      "Strategy": "Plain",
      "Partial Mode": "Finalize",
      "Parallel Aware": false,
      "Startup Cost": 322988.36,
      "Total Cost": 322988.37,
      "Plan Rows": 1,
      "Plan Width": 8,
      "Actual Startup Time": 4877.164,
      "Actual Total Time": 4946.663,
      "Actual Rows": 1,
      "Actual Loops": 1,
      "Plans": [
        {
          "Node Type": "Gather",
          "Parent Relationship": "Outer",
          "Parallel Aware": false,
          "Startup Cost": 322988.05,
          "Total Cost": 322988.36,
          "Plan Rows": 3,
          "Plan Width": 8,
          "Actual Startup Time": 4829.07,
          "Actual Total Time": 4946.649,
          "Actual Rows": 4,
          "Actual Loops": 1,
          "Workers Planned": 3,
          "Workers Launched": 3,
          "Single Copy": false,
          "Plans": [
            {
              "Node Type": "Aggregate",
              "Strategy": "Plain",
              "Partial Mode": "Partial",
              "Parent Relationship": "Outer",
              "Parallel Aware": false,
              "Startup Cost": 321988.05,
              "Total Cost": 321988.06,
              "Plan Rows": 1,
              "Plan Width": 8,
              "Actual Startup Time": 4804.76,
              "Actual Total Time": 4807.304,
              "Actual Rows": 1,
              "Actual Loops": 4,
              "Plans": [
                {
                  "Node Type": "Hash Join",
                  "Parent Relationship": "Outer",
                  "Parallel Aware": true,
                  "Join Type": "Inner",
                  "Startup Cost": 265147.33,
                  "Total Cost": 316386.63,
                  "Plan Rows": 2240567,
                  "Plan Width": 0,
                  "Actual Startup Time": 1851.895,
                  "Actual Total Time": 3784.039,
                  "Actual Rows": 22470268,
                  "Actual Loops": 4,
                  "Inner Unique": false,
                  "Hash Cond": "(mk.movie_id = t.id)",
                  "Plans": [
                    {
                      "Node Type": "Seq Scan",
                      "Parent Relationship": "Outer",
                      "Parallel Aware": true,
                      "Relation Name": "movie_keyword",
                      "Alias": "mk",
                      "Startup Cost": 0.0,
                      "Total Cost": 42695.65,
                      "Plan Rows": 1083334,
                      "Plan Width": 4,
                      "Actual Startup Time": 0.064,
                      "Actual Total Time": 120.591,
                      "Actual Rows": 837608,
                      "Actual Loops": 4,
                      "Filter": "(keyword_id < 15891)",
                      "Rows Removed by Filter": 293374
                    },
                    {
                      "Node Type": "Hash",
                      "Parent Relationship": "Inner",
                      "Parallel Aware": true,
                      "Startup Cost": 252074.02,
                      "Total Cost": 252074.02,
                      "Plan Rows": 1045865,
                      "Plan Width": 8,
                      "Actual Startup Time": 1835.363,
                      "Actual Total Time": 1837.904,
                      "Actual Rows": 1317642,
                      "Actual Loops": 4,
                      "Hash Buckets": 8388608,
                      "Original Hash Buckets": 8388608,
                      "Hash Batches": 1,
                      "Original Hash Batches": 1,
                      "Peak Memory Usage": 271776,
                      "Plans": [
                        {
                          "Node Type": "Hash Join",
                          "Parent Relationship": "Outer",
                          "Parallel Aware": true,
                          "Join Type": "Inner",
                          "Startup Cost": 50220.38,
                          "Total Cost": 252074.02,
                          "Plan Rows": 1045865,
                          "Plan Width": 8,
                          "Actual Startup Time": 402.485,
                          "Actual Total Time": 1352.861,
                          "Actual Rows": 1317642,
                          "Actual Loops": 4,
                          "Inner Unique": true,
                          "Hash Cond": "(mi.movie_id = t.id)",
                          "Plans": [
                            {
                              "Node Type": "Seq Scan",
                              "Parent Relationship": "Outer",
                              "Parallel Aware": true,
                              "Relation Name": "movie_info",
                              "Alias": "mi",
                              "Startup Cost": 0.0,
                              "Total Cost": 199108.24,
                              "Plan Rows": 1045865,
                              "Plan Width": 4,
                              "Actual Startup Time": 24.119,
                              "Actual Total Time": 461.541,
                              "Actual Rows": 1317642,
                              "Actual Loops": 4,
                              "Filter": "(info_type_id > 15)",
                              "Rows Removed by Filter": 2391288
                            },
                            {
                              "Node Type": "Hash",
                              "Parent Relationship": "Inner",
                              "Parallel Aware": true,
                              "Startup Cost": 42319.06,
                              "Total Cost": 42319.06,
                              "Plan Rows": 632106,
                              "Plan Width": 4,
                              "Actual Startup Time": 371.418,
                              "Actual Total Time": 371.42,
                              "Actual Rows": 632078,
                              "Actual Loops": 4,
                              "Hash Buckets": 4194304,
                              "Original Hash Buckets": 4194304,
                              "Hash Batches": 1,
                              "Original Hash Batches": 1,
                              "Peak Memory Usage": 131744,
                              "Plans": [
                                {
                                  "Node Type": "Seq Scan",
                                  "Parent Relationship": "Outer",
                                  "Parallel Aware": true,
                                  "Relation Name": "title",
                                  "Alias": "t",
                                  "Startup Cost": 0.0,
                                  "Total Cost": 42319.06,
                                  "Plan Rows": 632106,
                                  "Plan Width": 4,
                                  "Actual Startup Time": 0.055,
                                  "Actual Total Time": 105.988,
                                  "Actual Rows": 632078,
                                  "Actual Loops": 4
                                }
                              ]
                            }
                          ]
                        }
                      ]
                    }
                  ]
                }
              ]
            }
          ]
        }
      ]
    },
    "Planning Time": 1.243,
    "Triggers": [],
    "Execution Time": 4946.734
  }
]