[
  {
    "Plan": {
      "Node Type": "Aggregate",
      "Strategy": "Plain",
      "Partial Mode": "Finalize",
      "Parallel Aware": false,
      "Startup Cost": 133369.49,
      "Total Cost": 133369.5,
      "Plan Rows": 1,
      "Plan Width": 8,
      "Actual Startup Time": 453.667,
      "Actual Total Time": 496.92,
      "Actual Rows": 1,
      "Actual Loops": 1,
      "Plans": [
        {
          "Node Type": "Gather",
          "Parent Relationship": "Outer",
          "Parallel Aware": false,
          "Startup Cost": 133369.07,
          "Total Cost": 133369.48,
          "Plan Rows": 4,
          "Plan Width": 8,
          "Actual Startup Time": 452.923,
          "Actual Total Time": 496.909,
          "Actual Rows": 5,
          "Actual Loops": 1,
          "Workers Planned": 4,
          "Workers Launched": 4,
          "Single Copy": false,
          "Plans": [
            {
              "Node Type": "Aggregate",
              "Strategy": "Plain",
              "Partial Mode": "Partial",
              "Parent Relationship": "Outer",
              "Parallel Aware": false,
              "Startup Cost": 132369.07,
              "Total Cost": 132369.08,
              "Plan Rows": 1,
              "Plan Width": 8,
              "Actual Startup Time": 442.565,
              "Actual Total Time": 442.57,
              "Actual Rows": 1,
              "Actual Loops": 5,
              "Plans": [
                {
                  "Node Type": "Nested Loop",
                  "Parent Relationship": "Outer",
                  "Parallel Aware": false,
                  "Join Type": "Inner",
                  "Startup Cost": 25808.55,
                  "Total Cost": 131911.13,
                  "Plan Rows": 183174,
                  "Plan Width": 0,
                  "Actual Startup Time": 75.767,
                  "Actual Total Time": 433.812,
                  "Actual Rows": 121248,
                  "Actual Loops": 5,
                  "Inner Unique": false,
                  "Plans": [
                    {
                      "Node Type": "Hash Join",
                      "Parent Relationship": "Outer",
                      "Parallel Aware": true,
                      "Join Type": "Inner",
                      "Startup Cost": 25808.11,
                      "Total Cost": 71388.26,
                      "Plan Rows": 31326,
                      "Plan Width": 8,
                      "Actual Startup Time": 75.679,
                      "Actual Total Time": 221.912,
                      "Actual Rows": 11351,
                      "Actual Loops": 5,
                      "Inner Unique": false,
                      "Hash Cond": "(t.id = mc.movie_id)",
                      "Plans": [
                        {
                          "Node Type": "Seq Scan",
                          "Parent Relationship": "Outer",
                          "Parallel Aware": true,
                          "Relation Name": "title",
                          "Alias": "t",
                          "Startup Cost": 0.0,
                          "Total Cost": 42318.73,
                          "Plan Rows": 632073,
                          "Plan Width": 4,
                          "Actual Startup Time": 0.019,
                          "Actual Total Time": 69.182,
                          "Actual Rows": 505662,
                          "Actual Loops": 5
                        },
                        {
                          "Node Type": "Hash",
                          "Parent Relationship": "Inner",
                          "Parallel Aware": true,
                          "Startup Cost": 25302.85,
                          "Total Cost": 25302.85,
                          "Plan Rows": 40421,
                          "Plan Width": 4,
                          "Actual Startup Time": 74.208,
                          "Actual Total Time": 74.209,
                          "Actual Rows": 11351,
                          "Actual Loops": 5,
                          "Hash Buckets": 131072,
                          "Original Hash Buckets": 131072,
                          "Hash Batches": 1,
                          "Original Hash Batches": 1,
                          "Peak Memory Usage": 3360,
                          "Plans": [
                            {
                              "Node Type": "Bitmap Heap Scan",
                              "Parent Relationship": "Outer",
                              "Parallel Aware": true,
                              "Relation Name": "movie_companies",
                              "Alias": "mc",
                              "Startup Cost": 5318.7,
                              "Total Cost": 25302.85,
                              "Plan Rows": 40421,
                              "Plan Width": 4,
                              "Actual Startup Time": 58.771,
                              "Actual Total Time": 69.752,
                              "Actual Rows": 11351,
                              "Actual Loops": 5,
                              "Recheck Cond": "(company_id < 114)",
                              "Rows Removed by Index Recheck": 0,
                              "Filter": "(company_type_id > 1)",
                              "Rows Removed by Filter": 37434,
                              "Exact Heap Blocks": 9352,
                              "Lossy Heap Blocks": 0,
                              "Plans": [
                                {
                                  "Node Type": "Bitmap Index Scan",
                                  "Parent Relationship": "Outer",
                                  "Parallel Aware": false,
                                  "Index Name": "company_id_movie_companies",
                                  "Startup Cost": 0.0,
                                  "Total Cost": 5287.37,
                                  "Plan Rows": 246792,
                                  "Plan Width": 0,
                                  "Actual Startup Time": 28.867,
                                  "Actual Total Time": 28.867,
                                  "Actual Rows": 243927,
                                  "Actual Loops": 1,
                                  "Index Cond": "(company_id < 114)"
                                }
                              ]
                            }
                          ]
                        }
                      ]
                    },
                    {
                      "Node Type": "Index Only Scan",
                      "Parent Relationship": "Inner",
                      "Parallel Aware": false,
                      "Scan Direction": "Forward",
                      "Index Name": "movie_id_movie_info",
                      "Relation Name": "movie_info",
                      "Alias": "mi",
                      "Startup Cost": 0.43,
                      "Total Cost": 1.51,
                      "Plan Rows": 42,
                      "Plan Width": 4,
                      "Actual Startup Time": 0.007,
                      "Actual Total Time": 0.017,
                      "Actual Rows": 11,
                      "Actual Loops": 56757,
                      "Index Cond": "(movie_id = t.id)",
                      "Rows Removed by Index Recheck": 0,
                      "Heap Fetches": 606239
                    }
                  ]
                }
              ]
            }
          ]
        }
      ]
    },
    "Planning Time": 1.422,
    "Triggers": [],
    "Execution Time": 497.049
  }
]