[
  {
    "Plan": {
      "Node Type": "Aggregate",
      "Strategy": "Plain",
      "Partial Mode": "Finalize",
      "Parallel Aware": false,
      "Startup Cost": 33030.45,
      "Total Cost": 33030.46,
      "Plan Rows": 1,
      "Plan Width": 8,
      "Actual Startup Time": 97.098,
      "Actual Total Time": 112.304,
      "Actual Rows": 1,
      "Actual Loops": 1,
      "Plans": [
        {
          "Node Type": "Gather",
          "Parent Relationship": "Outer",
          "Parallel Aware": false,
          "Startup Cost": 33030.23,
          "Total Cost": 33030.44,
          "Plan Rows": 2,
          "Plan Width": 8,
          "Actual Startup Time": 96.981,
          "Actual Total Time": 112.296,
          "Actual Rows": 3,
          "Actual Loops": 1,
          "Workers Planned": 2,
          "Workers Launched": 2,
          "Single Copy": false,
          "Plans": [
            {
              "Node Type": "Aggregate",
              "Strategy": "Plain",
              "Partial Mode": "Partial",
              "Parent Relationship": "Outer",
              "Parallel Aware": false,
              "Startup Cost": 32030.23,
              "Total Cost": 32030.24,
              "Plan Rows": 1,
              "Plan Width": 8,
              "Actual Startup Time": 89.05,
              "Actual Total Time": 89.051,
              "Actual Rows": 1,
              "Actual Loops": 3,
              "Plans": [
                {
                  "Node Type": "Nested Loop",
                  "Parent Relationship": "Outer",
                  "Parallel Aware": false,
                  "Join Type": "Inner",
                  "Startup Cost": 131.61,
                  "Total Cost": 32023.95,
                  "Plan Rows": 2513,
                  "Plan Width": 0,
                  "Actual Startup Time": 7.89,
                  "Actual Total Time": 88.558,
                  "Actual Rows": 2556,
                  "Actual Loops": 3,
                  "Inner Unique": true,
                  "Plans": [
                    {
                      "Node Type": "Bitmap Heap Scan",
                      "Parent Relationship": "Outer",
                      "Parallel Aware": true,
                      "Relation Name": "movie_keyword",
                      "Alias": "mk",
                      "Startup Cost": 131.18,
                      "Total Cost": 14093.28,
                      "Plan Rows": 2513,
                      "Plan Width": 4,
                      "Actual Startup Time": 7.274,
                      "Actual Total Time": 28.52,
                      "Actual Rows": 2556,
                      "Actual Loops": 3,
                      "Recheck Cond": "(keyword_id = 231)",
                      "Rows Removed by Index Recheck": 0,
                      "Exact Heap Blocks": 3091,
                      "Lossy Heap Blocks": 0,
                      "Plans": [
                        {
                          "Node Type": "Bitmap Index Scan",
                          "Parent Relationship": "Outer",
                          "Parallel Aware": false,
                          "Index Name": "keyword_id_movie_keyword",
                          "Startup Cost": 0.0,
                          "Total Cost": 129.67,
                          "Plan Rows": 6032,
                          "Plan Width": 0,
                          "Actual Startup Time": 10.792,
                          "Actual Total Time": 10.793,
                          "Actual Rows": 7668,
                          "Actual Loops": 1,
                          "Index Cond": "(keyword_id = 231)"
                        }
                      ]
                    },
                    {
                      "Node Type": "Index Only Scan",
                      "Parent Relationship": "Inner",
                      "Parallel Aware": false,
                      "Scan Direction": "Forward",
                      "Index Name": "title_pkey",
                      "Relation Name": "title",
                      "Alias": "t",
                      "Startup Cost": 0.43,
                      "Total Cost": 7.14,
                      "Plan Rows": 1,
                      "Plan Width": 4,
                      "Actual Startup Time": 0.023,
                      "Actual Total Time": 0.023,
                      "Actual Rows": 1,
                      "Actual Loops": 7668,
                      "Index Cond": "(id = mk.movie_id)",
                      "Rows Removed by Index Recheck": 0,
                      "Heap Fetches": 7668
                    }
                  ]
                }
              ]
            }
          ]
        }
      ]
    },
    "Planning Time": 0.619,
    "Triggers": [],
    "Execution Time": 112.392
  }
]