{
    "Plan": {
        "Node Type": "Aggregate",
        "Strategy": "Plain",
        "Partial Mode": "Finalize",
        "Parallel Aware": false,
        "Startup Cost": 270205.45,
        "Total Cost": 270205.46,
        "Plan Rows": 1,
        "Plan Width": 8,
        "Actual Startup Time": 720.71,
        "Actual Total Time": 760.413,
        "Actual Rows": 1,
        "Actual Loops": 1,
        "Output": [
            "count(*)"
        ],
        "Plans": [
            {
                "Node Type": "Gather",
                "Parent Relationship": "Outer",
                "Parallel Aware": false,
                "Startup Cost": 270204.93,
                "Total Cost": 270205.44,
                "Plan Rows": 5,
                "Plan Width": 8,
                "Actual Startup Time": 717.224,
                "Actual Total Time": 760.403,
                "Actual Rows": 6,
                "Actual Loops": 1,
                "Output": [
                    "(PARTIAL count(*))"
                ],
                "Workers Planned": 5,
                "Workers Launched": 5,
                "Single Copy": false,
                "Plans": [
                    {
                        "Node Type": "Aggregate",
                        "Strategy": "Plain",
                        "Partial Mode": "Partial",
                        "Parent Relationship": "Outer",
                        "Parallel Aware": false,
                        "Startup Cost": 269204.93,
                        "Total Cost": 269204.94,
                        "Plan Rows": 1,
                        "Plan Width": 8,
                        "Actual Startup Time": 706.761,
                        "Actual Total Time": 706.766,
                        "Actual Rows": 1,
                        "Actual Loops": 6,
                        "Output": [
                            "PARTIAL count(*)"
                        ],
                        "Workers": [
                            {
                                "Worker Number": 0,
                                "Actual Startup Time": 704.282,
                                "Actual Total Time": 704.286,
                                "Actual Rows": 1,
                                "Actual Loops": 1
                            },
                            {
                                "Worker Number": 1,
                                "Actual Startup Time": 704.498,
                                "Actual Total Time": 704.502,
                                "Actual Rows": 1,
                                "Actual Loops": 1
                            },
                            {
                                "Worker Number": 2,
                                "Actual Startup Time": 704.785,
                                "Actual Total Time": 704.789,
                                "Actual Rows": 1,
                                "Actual Loops": 1
                            },
                            {
                                "Worker Number": 3,
                                "Actual Startup Time": 705.299,
                                "Actual Total Time": 705.303,
                                "Actual Rows": 1,
                                "Actual Loops": 1
                            },
                            {
                                "Worker Number": 4,
                                "Actual Startup Time": 705.371,
                                "Actual Total Time": 705.375,
                                "Actual Rows": 1,
                                "Actual Loops": 1
                            }
                        ],
                        "Plans": [
                            {
                                "Node Type": "Hash Join",
                                "Parent Relationship": "Outer",
                                "Parallel Aware": true,
                                "Join Type": "Inner",
                                "Startup Cost": 62271.4,
                                "Total Cost": 268692.5,
                                "Plan Rows": 204971,
                                "Plan Width": 0,
                                "Actual Startup Time": 196.764,
                                "Actual Total Time": 697.503,
                                "Actual Rows": 196397,
                                "Actual Loops": 6,
                                "Inner Unique": false,
                                "Hash Cond": "(mi.movie_id = t.id)",
                                "Workers": [
                                    {
                                        "Worker Number": 0,
                                        "Actual Startup Time": 194.316,
                                        "Actual Total Time": 695.317,
                                        "Actual Rows": 203958,
                                        "Actual Loops": 1
                                    },
                                    {
                                        "Worker Number": 1,
                                        "Actual Startup Time": 194.58,
                                        "Actual Total Time": 695.683,
                                        "Actual Rows": 199952,
                                        "Actual Loops": 1
                                    },
                                    {
                                        "Worker Number": 2,
                                        "Actual Startup Time": 194.84,
                                        "Actual Total Time": 695.88,
                                        "Actual Rows": 202363,
                                        "Actual Loops": 1
                                    },
                                    {
                                        "Worker Number": 3,
                                        "Actual Startup Time": 195.378,
                                        "Actual Total Time": 696.268,
                                        "Actual Rows": 205732,
                                        "Actual Loops": 1
                                    },
                                    {
                                        "Worker Number": 4,
                                        "Actual Startup Time": 195.478,
                                        "Actual Total Time": 696.405,
                                        "Actual Rows": 204414,
                                        "Actual Loops": 1
                                    }
                                ],
                                "Plans": [
                                    {
                                        "Node Type": "Seq Scan",
                                        "Parent Relationship": "Outer",
                                        "Parallel Aware": true,
                                        "Relation Name": "movie_info",
                                        "Schema": "public",
                                        "Alias": "mi",
                                        "Startup Cost": 0.0,
                                        "Total Cost": 198880.74,
                                        "Plan Rows": 1783015,
                                        "Plan Width": 4,
                                        "Actual Startup Time": 0.032,
                                        "Actual Total Time": 319.666,
                                        "Actual Rows": 1494449,
                                        "Actual Loops": 6,
                                        "Output": [
                                            "mi.id",
                                            "mi.movie_id",
                                            "mi.info_type_id",
                                            "mi.info",
                                            "mi.note"
                                        ],
                                        "Filter": "(mi.info_type_id < 15)",
                                        "Rows Removed by Filter": 978171,
                                        "Workers": [
                                            {
                                                "Worker Number": 0,
                                                "Actual Startup Time": 0.04,
                                                "Actual Total Time": 319.939,
                                                "Actual Rows": 1538757,
                                                "Actual Loops": 1
                                            },
                                            {
                                                "Worker Number": 1,
                                                "Actual Startup Time": 0.039,
                                                "Actual Total Time": 320.578,
                                                "Actual Rows": 1548671,
                                                "Actual Loops": 1
                                            },
                                            {
                                                "Worker Number": 2,
                                                "Actual Startup Time": 0.032,
                                                "Actual Total Time": 320.106,
                                                "Actual Rows": 1540845,
                                                "Actual Loops": 1
                                            },
                                            {
                                                "Worker Number": 3,
                                                "Actual Startup Time": 0.03,
                                                "Actual Total Time": 320.377,
                                                "Actual Rows": 1546043,
                                                "Actual Loops": 1
                                            },
                                            {
                                                "Worker Number": 4,
                                                "Actual Startup Time": 0.035,
                                                "Actual Total Time": 321.661,
                                                "Actual Rows": 1562508,
                                                "Actual Loops": 1
                                            }
                                        ]
                                    },
                                    {
                                        "Node Type": "Hash",
                                        "Parent Relationship": "Inner",
                                        "Parallel Aware": true,
                                        "Startup Cost": 60757.6,
                                        "Total Cost": 60757.6,
                                        "Plan Rows": 121104,
                                        "Plan Width": 8,
                                        "Actual Startup Time": 193.571,
                                        "Actual Total Time": 193.574,
                                        "Actual Rows": 32035,
                                        "Actual Loops": 6,
                                        "Output": [
                                            "t.id",
                                            "mi_idx.movie_id"
                                        ],
                                        "Hash Buckets": 524288,
                                        "Original Hash Buckets": 524288,
                                        "Hash Batches": 1,
                                        "Original Hash Batches": 1,
                                        "Peak Memory Usage": 11712,
                                        "Workers": [
                                            {
                                                "Worker Number": 0,
                                                "Actual Startup Time": 193.114,
                                                "Actual Total Time": 193.117,
                                                "Actual Rows": 33088,
                                                "Actual Loops": 1
                                            },
                                            {
                                                "Worker Number": 1,
                                                "Actual Startup Time": 193.323,
                                                "Actual Total Time": 193.326,
                                                "Actual Rows": 35428,
                                                "Actual Loops": 1
                                            },
                                            {
                                                "Worker Number": 2,
                                                "Actual Startup Time": 193.68,
                                                "Actual Total Time": 193.683,
                                                "Actual Rows": 32277,
                                                "Actual Loops": 1
                                            },
                                            {
                                                "Worker Number": 3,
                                                "Actual Startup Time": 193.987,
                                                "Actual Total Time": 193.99,
                                                "Actual Rows": 34173,
                                                "Actual Loops": 1
                                            },
                                            {
                                                "Worker Number": 4,
                                                "Actual Startup Time": 194.222,
                                                "Actual Total Time": 194.225,
                                                "Actual Rows": 32159,
                                                "Actual Loops": 1
                                            }
                                        ],
                                        "Plans": [
                                            {
                                                "Node Type": "Hash Join",
                                                "Parent Relationship": "Outer",
                                                "Parallel Aware": true,
                                                "Join Type": "Inner",
                                                "Startup Cost": 45563.04,
                                                "Total Cost": 60757.6,
                                                "Plan Rows": 121104,
                                                "Plan Width": 8,
                                                "Actual Startup Time": 127.958,
                                                "Actual Total Time": 182.603,
                                                "Actual Rows": 32035,
                                                "Actual Loops": 6,
                                                "Output": [
                                                    "t.id",
                                                    "mi_idx.movie_id"
                                                ],
                                                "Inner Unique": true,
                                                "Hash Cond": "(mi_idx.movie_id = t.id)",
                                                "Workers": [
                                                    {
                                                        "Worker Number": 0,
                                                        "Actual Startup Time": 127.889,
                                                        "Actual Total Time": 182.623,
                                                        "Actual Rows": 33088,
                                                        "Actual Loops": 1
                                                    },
                                                    {
                                                        "Worker Number": 1,
                                                        "Actual Startup Time": 127.906,
                                                        "Actual Total Time": 183.466,
                                                        "Actual Rows": 35428,
                                                        "Actual Loops": 1
                                                    },
                                                    {
                                                        "Worker Number": 2,
                                                        "Actual Startup Time": 128.167,
                                                        "Actual Total Time": 182.197,
                                                        "Actual Rows": 32277,
                                                        "Actual Loops": 1
                                                    },
                                                    {
                                                        "Worker Number": 3,
                                                        "Actual Startup Time": 127.944,
                                                        "Actual Total Time": 182.07,
                                                        "Actual Rows": 34173,
                                                        "Actual Loops": 1
                                                    },
                                                    {
                                                        "Worker Number": 4,
                                                        "Actual Startup Time": 127.847,
                                                        "Actual Total Time": 182.619,
                                                        "Actual Rows": 32159,
                                                        "Actual Loops": 1
                                                    }
                                                ],
                                                "Plans": [
                                                    {
                                                        "Node Type": "Seq Scan",
                                                        "Parent Relationship": "Outer",
                                                        "Parallel Aware": true,
                                                        "Relation Name": "movie_info_idx",
                                                        "Schema": "public",
                                                        "Alias": "mi_idx",
                                                        "Startup Cost": 0.0,
                                                        "Total Cost": 13685.15,
                                                        "Plan Rows": 575015,
                                                        "Plan Width": 4,
                                                        "Actual Startup Time": 0.012,
                                                        "Actual Total Time": 19.886,
                                                        "Actual Rows": 230006,
                                                        "Actual Loops": 6,
                                                        "Output": [
                                                            "mi_idx.id",
                                                            "mi_idx.movie_id",
                                                            "mi_idx.info_type_id",
                                                            "mi_idx.info",
                                                            "mi_idx.note"
                                                        ],
                                                        "Workers": [
                                                            {
                                                                "Worker Number": 0,
                                                                "Actual Startup Time": 0.017,
                                                                "Actual Total Time": 20.284,
                                                                "Actual Rows": 234110,
                                                                "Actual Loops": 1
                                                            },
                                                            {
                                                                "Worker Number": 1,
                                                                "Actual Startup Time": 0.009,
                                                                "Actual Total Time": 20.359,
                                                                "Actual Rows": 243126,
                                                                "Actual Loops": 1
                                                            },
                                                            {
                                                                "Worker Number": 2,
                                                                "Actual Startup Time": 0.01,
                                                                "Actual Total Time": 19.97,
                                                                "Actual Rows": 238551,
                                                                "Actual Loops": 1
                                                            },
                                                            {
                                                                "Worker Number": 3,
                                                                "Actual Startup Time": 0.02,
                                                                "Actual Total Time": 19.887,
                                                                "Actual Rows": 235333,
                                                                "Actual Loops": 1
                                                            },
                                                            {
                                                                "Worker Number": 4,
                                                                "Actual Startup Time": 0.01,
                                                                "Actual Total Time": 20.338,
                                                                "Actual Rows": 243684,
                                                                "Actual Loops": 1
                                                            }
                                                        ]
                                                    },
                                                    {
                                                        "Node Type": "Hash",
                                                        "Parent Relationship": "Inner",
                                                        "Parallel Aware": true,
                                                        "Startup Cost": 43899.01,
                                                        "Total Cost": 43899.01,
                                                        "Plan Rows": 133123,
                                                        "Plan Width": 4,
                                                        "Actual Startup Time": 125.544,
                                                        "Actual Total Time": 125.545,
                                                        "Actual Rows": 88895,
                                                        "Actual Loops": 6,
                                                        "Output": [
                                                            "t.id"
                                                        ],
                                                        "Hash Buckets": 1048576,
                                                        "Original Hash Buckets": 1048576,
                                                        "Hash Batches": 1,
                                                        "Original Hash Batches": 1,
                                                        "Peak Memory Usage": 29120,
                                                        "Workers": [
                                                            {
                                                                "Worker Number": 0,
                                                                "Actual Startup Time": 127.812,
                                                                "Actual Total Time": 127.813,
                                                                "Actual Rows": 84673,
                                                                "Actual Loops": 1
                                                            },
                                                            {
                                                                "Worker Number": 1,
                                                                "Actual Startup Time": 127.802,
                                                                "Actual Total Time": 127.803,
                                                                "Actual Rows": 84048,
                                                                "Actual Loops": 1
                                                            },
                                                            {
                                                                "Worker Number": 2,
                                                                "Actual Startup Time": 127.789,
                                                                "Actual Total Time": 127.79,
                                                                "Actual Rows": 84132,
                                                                "Actual Loops": 1
                                                            },
                                                            {
                                                                "Worker Number": 3,
                                                                "Actual Startup Time": 127.594,
                                                                "Actual Total Time": 127.595,
                                                                "Actual Rows": 85586,
                                                                "Actual Loops": 1
                                                            },
                                                            {
                                                                "Worker Number": 4,
                                                                "Actual Startup Time": 127.574,
                                                                "Actual Total Time": 127.575,
                                                                "Actual Rows": 86639,
                                                                "Actual Loops": 1
                                                            }
                                                        ],
                                                        "Plans": [
                                                            {
                                                                "Node Type": "Seq Scan",
                                                                "Parent Relationship": "Outer",
                                                                "Parallel Aware": true,
                                                                "Relation Name": "title",
                                                                "Schema": "public",
                                                                "Alias": "t",
                                                                "Startup Cost": 0.0,
                                                                "Total Cost": 43899.01,
                                                                "Plan Rows": 133123,
                                                                "Plan Width": 4,
                                                                "Actual Startup Time": 0.075,
                                                                "Actual Total Time": 77.613,
                                                                "Actual Rows": 88895,
                                                                "Actual Loops": 6,
                                                                "Output": [
                                                                    "t.id"
                                                                ],
                                                                "Filter": "(t.production_year > 2009)",
                                                                "Rows Removed by Filter": 332490,
                                                                "Workers": [
                                                                    {
                                                                        "Worker Number": 0,
                                                                        "Actual Startup Time": 0.093,
                                                                        "Actual Total Time": 78.319,
                                                                        "Actual Rows": 84673,
                                                                        "Actual Loops": 1
                                                                    },
                                                                    {
                                                                        "Worker Number": 1,
                                                                        "Actual Startup Time": 0.097,
                                                                        "Actual Total Time": 77.838,
                                                                        "Actual Rows": 84048,
                                                                        "Actual Loops": 1
                                                                    },
                                                                    {
                                                                        "Worker Number": 2,
                                                                        "Actual Startup Time": 0.075,
                                                                        "Actual Total Time": 78.437,
                                                                        "Actual Rows": 84132,
                                                                        "Actual Loops": 1
                                                                    },
                                                                    {
                                                                        "Worker Number": 3,
                                                                        "Actual Startup Time": 0.079,
                                                                        "Actual Total Time": 78.93,
                                                                        "Actual Rows": 85586,
                                                                        "Actual Loops": 1
                                                                    },
                                                                    {
                                                                        "Worker Number": 4,
                                                                        "Actual Startup Time": 0.088,
                                                                        "Actual Total Time": 79.225,
                                                                        "Actual Rows": 86639,
                                                                        "Actual Loops": 1
                                                                    }
                                                                ]
                                                            }
                                                        ]
                                                    }
                                                ]
                                            }
                                        ]
                                    }
                                ]
                            }
                        ]
                    }
                ]
            }
        ]
    },
    "Planning Time": 1.522,
    "Triggers": [],
    "Execution Time": 760.532
}