{
  "Plan": {
    "Node Type": "Aggregate",
    "Strategy": "Plain",
    "Partial Mode": "Finalize",
    "Parallel Aware": false,
    "Startup Cost": 682279.72,
    "Total Cost": 682279.73,
    "Plan Rows": 1,
    "Plan Width": 8,
    "Actual Startup Time": 10581.795,
    "Actual Total Time": 10639.629,
    "Actual Rows": 1,
    "Actual Loops": 1,
    "Plans": [
      {
        "Node Type": "Gather",
        "Parent Relationship": "Outer",
        "Parallel Aware": false,
        "Startup Cost": 682279.61,
        "Total Cost": 682279.72,
        "Plan Rows": 1,
        "Plan Width": 8,
        "Actual Startup Time": 10576.55,
        "Actual Total Time": 10639.62,
        "Actual Rows": 2,
        "Actual Loops": 1,
        "Workers Planned": 1,
        "Workers Launched": 1,
        "Single Copy": false,
        "Plans": [
          {
            "Node Type": "Aggregate",
            "Strategy": "Plain",
            "Partial Mode": "Partial",
            "Parent Relationship": "Outer",
            "Parallel Aware": false,
            "Startup Cost": 681279.61,
            "Total Cost": 681279.62,
            "Plan Rows": 1,
            "Plan Width": 8,
            "Actual Startup Time": 10569.442,
            "Actual Total Time": 10569.448,
            "Actual Rows": 1,
            "Actual Loops": 2,
            "Plans": [
              {
                "Node Type": "Hash Join",
                "Parent Relationship": "Outer",
                "Parallel Aware": true,
                "Join Type": "Inner",
                "Startup Cost": 90772.21,
                "Total Cost": 671478.6,
                "Plan Rows": 3920402,
                "Plan Width": 0,
                "Actual Startup Time": 499.651,
                "Actual Total Time": 10089.914,
                "Actual Rows": 11073830,
                "Actual Loops": 2,
                "Inner Unique": false,
                "Hash Cond": "(t.id = mi_idx.movie_id)",
                "Plans": [
                  {
                    "Node Type": "Hash Join",
                    "Parent Relationship": "Outer",
                    "Parallel Aware": true,
                    "Join Type": "Inner",
                    "Startup Cost": 64572.04,
                    "Total Cost": 586305.4,
                    "Plan Rows": 7182372,
                    "Plan Width": 8,
                    "Actual Startup Time": 264.765,
                    "Actual Total Time": 6662.625,
                    "Actual Rows": 6214746,
                    "Actual Loops": 2,
                    "Inner Unique": true,
                    "Hash Cond": "(ci.movie_id = t.id)",
                    "Plans": [
                      {
                        "Node Type": "Seq Scan",
                        "Parent Relationship": "Outer",
                        "Parallel Aware": true,
                        "Relation Name": "cast_info",
                        "Alias": "ci",
                        "Startup Cost": 0.0,
                        "Total Cost": 465792.95,
                        "Plan Rows": 21310595,
                        "Plan Width": 4,
                        "Actual Startup Time": 0.013,
                        "Actual Total Time": 1398.162,
                        "Actual Rows": 18122172,
                        "Actual Loops": 2
                      },
                      {
                        "Node Type": "Hash",
                        "Parent Relationship": "Inner",
                        "Parallel Aware": true,
                        "Startup Cost": 58306.47,
                        "Total Cost": 58306.47,
                        "Plan Rows": 501246,
                        "Plan Width": 4,
                        "Actual Startup Time": 260.356,
                        "Actual Total Time": 260.356,
                        "Actual Rows": 380200,
                        "Actual Loops": 2,
                        "Hash Buckets": 1048576,
                        "Original Hash Buckets": 1048576,
                        "Hash Batches": 1,
                        "Original Hash Batches": 1,
                        "Peak Memory Usage": 37984,
                        "Plans": [
                          {
                            "Node Type": "Seq Scan",
                            "Parent Relationship": "Outer",
                            "Parallel Aware": true,
                            "Relation Name": "title",
                            "Alias": "t",
                            "Startup Cost": 0.0,
                            "Total Cost": 58306.47,
                            "Plan Rows": 501246,
                            "Plan Width": 4,
                            "Actual Startup Time": 0.016,
                            "Actual Total Time": 147.961,
                            "Actual Rows": 380200,
                            "Actual Loops": 2,
                            "Filter": "((kind_id < 7) AND (production_year > 1964))",
                            "Rows Removed by Filter": 883956
                          }
                        ]
                      }
                    ]
                  },
                  {
                    "Node Type": "Hash",
                    "Parent Relationship": "Inner",
                    "Parallel Aware": true,
                    "Startup Cost": 16052.85,
                    "Total Cost": 16052.85,
                    "Plan Rows": 811785,
                    "Plan Width": 4,
                    "Actual Startup Time": 220.659,
                    "Actual Total Time": 220.66,
                    "Actual Rows": 690018,
                    "Actual Loops": 2,
                    "Hash Buckets": 2097152,
                    "Original Hash Buckets": 2097152,
                    "Hash Batches": 1,
                    "Original Hash Batches": 1,
                    "Peak Memory Usage": 70400,
                    "Plans": [
                      {
                        "Node Type": "Seq Scan",
                        "Parent Relationship": "Outer",
                        "Parallel Aware": true,
                        "Relation Name": "movie_info_idx",
                        "Alias": "mi_idx",
                        "Startup Cost": 0.0,
                        "Total Cost": 16052.85,
                        "Plan Rows": 811785,
                        "Plan Width": 4,
                        "Actual Startup Time": 0.05,
                        "Actual Total Time": 73.093,
                        "Actual Rows": 690018,
                        "Actual Loops": 2
                      }
                    ]
                  }
                ]
              }
            ]
          }
        ]
      }
    ]
  },
  "Planning Time": 0.874,
  "Triggers": [],
  "Execution Time": 10639.714
}