[
  {
    "Plan": {
      "Node Type": "Aggregate",
      "Strategy": "Plain",
      "Partial Mode": "Finalize",
      "Parallel Aware": false,
      "Startup Cost": 46490.38,
      "Total Cost": 46490.39,
      "Plan Rows": 1,
      "Plan Width": 8,
      "Actual Startup Time": 100.158,
      "Actual Total Time": 113.395,
      "Actual Rows": 1,
      "Actual Loops": 1,
      "Plans": [
        {
          "Node Type": "Gather",
          "Parent Relationship": "Outer",
          "Parallel Aware": false,
          "Startup Cost": 46489.96,
          "Total Cost": 46490.37,
          "Plan Rows": 4,
          "Plan Width": 8,
          "Actual Startup Time": 99.954,
          "Actual Total Time": 113.386,
          "Actual Rows": 5,
          "Actual Loops": 1,
          "Workers Planned": 4,
          "Workers Launched": 4,
          "Single Copy": false,
          "Plans": [
            {
              "Node Type": "Aggregate",
              "Strategy": "Plain",
              "Partial Mode": "Partial",
              "Parent Relationship": "Outer",
              "Parallel Aware": false,
              "Startup Cost": 45489.96,
              "Total Cost": 45489.97,
              "Plan Rows": 1,
              "Plan Width": 8,
              "Actual Startup Time": 92.449,
              "Actual Total Time": 92.45,
              "Actual Rows": 1,
              "Actual Loops": 5,
              "Plans": [
                {
                  "Node Type": "Seq Scan",
                  "Parent Relationship": "Outer",
                  "Parallel Aware": true,
                  "Relation Name": "title",
                  "Alias": "t",
                  "Startup Cost": 0.0,
                  "Total Cost": 45479.1,
                  "Plan Rows": 4345,
                  "Plan Width": 0,
                  "Actual Startup Time": 0.289,
                  "Actual Total Time": 92.124,
                  "Actual Rows": 2623,
                  "Actual Loops": 5,
                  "Filter": "((kind_id < 4) AND (production_year = 2000))",
                  "Rows Removed by Filter": 503039
                }
              ]
            }
          ]
        }
      ]
    },
    "Planning Time": 0.186,
    "Triggers": [],
    "Execution Time": 113.482
  }
]