{
  "Plan": {
    "Node Type": "Aggregate",
    "Strategy": "Plain",
    "Partial Mode": "Finalize",
    "Parallel Aware": false,
    "Startup Cost": 35662.59,
    "Total Cost": 35662.6,
    "Plan Rows": 1,
    "Plan Width": 8,
    "Actual Startup Time": 36.232,
    "Actual Total Time": 40.294,
    "Actual Rows": 1,
    "Actual Loops": 1,
    "Plans": [
      {
        "Node Type": "Gather",
        "Parent Relationship": "Outer",
        "Parallel Aware": false,
        "Startup Cost": 35662.48,
        "Total Cost": 35662.59,
        "Plan Rows": 1,
        "Plan Width": 8,
        "Actual Startup Time": 36.124,
        "Actual Total Time": 40.288,
        "Actual Rows": 2,
        "Actual Loops": 1,
        "Workers Planned": 1,
        "Workers Launched": 1,
        "Single Copy": false,
        "Plans": [
          {
            "Node Type": "Aggregate",
            "Strategy": "Plain",
            "Partial Mode": "Partial",
            "Parent Relationship": "Outer",
            "Parallel Aware": false,
            "Startup Cost": 34662.48,
            "Total Cost": 34662.49,
            "Plan Rows": 1,
            "Plan Width": 8,
            "Actual Startup Time": 29.935,
            "Actual Total Time": 29.936,
            "Actual Rows": 1,
            "Actual Loops": 2,
            "Plans": [
              {
                "Node Type": "Nested Loop",
                "Parent Relationship": "Outer",
                "Parallel Aware": false,
                "Join Type": "Inner",
                "Startup Cost": 117.73,
                "Total Cost": 34661.97,
                "Plan Rows": 202,
                "Plan Width": 0,
                "Actual Startup Time": 2.899,
                "Actual Total Time": 29.709,
                "Actual Rows": 792,
                "Actual Loops": 2,
                "Inner Unique": false,
                "Plans": [
                  {
                    "Node Type": "Nested Loop",
                    "Parent Relationship": "Outer",
                    "Parallel Aware": false,
                    "Join Type": "Inner",
                    "Startup Cost": 117.3,
                    "Total Cost": 34042.91,
                    "Plan Rows": 1106,
                    "Plan Width": 8,
                    "Actual Startup Time": 2.798,
                    "Actual Total Time": 23.891,
                    "Actual Rows": 842,
                    "Actual Loops": 2,
                    "Inner Unique": true,
                    "Plans": [
                      {
                        "Node Type": "Bitmap Heap Scan",
                        "Parent Relationship": "Outer",
                        "Parallel Aware": true,
                        "Relation Name": "movie_companies",
                        "Alias": "mc",
                        "Startup Cost": 116.87,
                        "Total Cost": 11695.26,
                        "Plan Rows": 3069,
                        "Plan Width": 4,
                        "Actual Startup Time": 1.475,
                        "Actual Total Time": 4.087,
                        "Actual Rows": 2583,
                        "Actual Loops": 2,
                        "Recheck Cond": "(company_id = 49)",
                        "Rows Removed by Index Recheck": 0,
                        "Exact Heap Blocks": 802,
                        "Lossy Heap Blocks": 0,
                        "Plans": [
                          {
                            "Node Type": "Bitmap Index Scan",
                            "Parent Relationship": "Outer",
                            "Parallel Aware": false,
                            "Index Name": "company_id_movie_companies",
                            "Startup Cost": 0.0,
                            "Total Cost": 115.56,
                            "Plan Rows": 5218,
                            "Plan Width": 0,
                            "Actual Startup Time": 2.357,
                            "Actual Total Time": 2.358,
                            "Actual Rows": 5166,
                            "Actual Loops": 1,
                            "Index Cond": "(company_id = 49)"
                          }
                        ]
                      },
                      {
                        "Node Type": "Index Scan",
                        "Parent Relationship": "Inner",
                        "Parallel Aware": false,
                        "Scan Direction": "Forward",
                        "Index Name": "title_pkey",
                        "Relation Name": "title",
                        "Alias": "t",
                        "Startup Cost": 0.43,
                        "Total Cost": 7.28,
                        "Plan Rows": 1,
                        "Plan Width": 4,
                        "Actual Startup Time": 0.007,
                        "Actual Total Time": 0.007,
                        "Actual Rows": 0,
                        "Actual Loops": 5166,
                        "Index Cond": "(id = mc.movie_id)",
                        "Rows Removed by Index Recheck": 0,
                        "Filter": "(production_year > 2006)",
                        "Rows Removed by Filter": 1
                      }
                    ]
                  },
                  {
                    "Node Type": "Index Scan",
                    "Parent Relationship": "Inner",
                    "Parallel Aware": false,
                    "Scan Direction": "Forward",
                    "Index Name": "movie_id_movie_info_idx",
                    "Relation Name": "movie_info_idx",
                    "Alias": "mi_idx",
                    "Startup Cost": 0.43,
                    "Total Cost": 0.55,
                    "Plan Rows": 1,
                    "Plan Width": 4,
                    "Actual Startup Time": 0.006,
                    "Actual Total Time": 0.006,
                    "Actual Rows": 1,
                    "Actual Loops": 1683,
                    "Index Cond": "(movie_id = t.id)",
                    "Rows Removed by Index Recheck": 0,
                    "Filter": "(info_type_id > 100)",
                    "Rows Removed by Filter": 2
                  }
                ]
              }
            ]
          }
        ]
      }
    ]
  },
  "Planning Time": 1.027,
  "Triggers": [],
  "Execution Time": 40.395
}