[
  {
    "Plan": {
      "Node Type": "Aggregate",
      "Strategy": "Plain",
      "Partial Mode": "Finalize",
      "Parallel Aware": false,
      "Startup Cost": 72888.68,
      "Total Cost": 72888.69,
      "Plan Rows": 1,
      "Plan Width": 8,
      "Actual Startup Time": 186.298,
      "Actual Total Time": 198.76,
      "Actual Rows": 1,
      "Actual Loops": 1,
      "Plans": [
        {
          "Node Type": "Gather",
          "Parent Relationship": "Outer",
          "Parallel Aware": false,
          "Startup Cost": 72888.36,
          "Total Cost": 72888.67,
          "Plan Rows": 3,
          "Plan Width": 8,
          "Actual Startup Time": 185.815,
          "Actual Total Time": 198.75,
          "Actual Rows": 4,
          "Actual Loops": 1,
          "Workers Planned": 3,
          "Workers Launched": 3,
          "Single Copy": false,
          "Plans": [
            {
              "Node Type": "Aggregate",
              "Strategy": "Plain",
              "Partial Mode": "Partial",
              "Parent Relationship": "Outer",
              "Parallel Aware": false,
              "Startup Cost": 71888.36,
              "Total Cost": 71888.37,
              "Plan Rows": 1,
              "Plan Width": 8,
              "Actual Startup Time": 176.596,
              "Actual Total Time": 176.599,
              "Actual Rows": 1,
              "Actual Loops": 4,
              "Plans": [
                {
                  "Node Type": "Hash Join",
                  "Parent Relationship": "Outer",
                  "Parallel Aware": true,
                  "Join Type": "Inner",
                  "Startup Cost": 51638.11,
                  "Total Cost": 71885.54,
                  "Plan Rows": 1128,
                  "Plan Width": 0,
                  "Actual Startup Time": 142.054,
                  "Actual Total Time": 176.504,
                  "Actual Rows": 574,
                  "Actual Loops": 4,
                  "Inner Unique": true,
                  "Hash Cond": "(mc.movie_id = t.id)",
                  "Plans": [
                    {
                      "Node Type": "Bitmap Heap Scan",
                      "Parent Relationship": "Outer",
                      "Parallel Aware": true,
                      "Relation Name": "movie_companies",
                      "Alias": "mc",
                      "Startup Cost": 5962.22,
                      "Total Cost": 26090.71,
                      "Plan Rows": 45307,
                      "Plan Width": 4,
                      "Actual Startup Time": 22.592,
                      "Actual Total Time": 44.512,
                      "Actual Rows": 68580,
                      "Actual Loops": 4,
                      "Recheck Cond": "(company_id > 96731)",
                      "Rows Removed by Index Recheck": 0,
                      "Filter": "(company_type_id = 2)",
                      "Rows Removed by Filter": 0,
                      "Exact Heap Blocks": 1246,
                      "Lossy Heap Blocks": 0,
                      "Plans": [
                        {
                          "Node Type": "Bitmap Index Scan",
                          "Parent Relationship": "Outer",
                          "Parallel Aware": false,
                          "Index Name": "company_id_movie_companies",
                          "Startup Cost": 0.0,
                          "Total Cost": 5927.1,
                          "Plan Rows": 276623,
                          "Plan Width": 0,
                          "Actual Startup Time": 21.423,
                          "Actual Total Time": 21.424,
                          "Actual Rows": 274320,
                          "Actual Loops": 1,
                          "Index Cond": "(company_id > 96731)"
                        }
                      ]
                    },
                    {
                      "Node Type": "Hash",
                      "Parent Relationship": "Inner",
                      "Parallel Aware": true,
                      "Startup Cost": 45479.1,
                      "Total Cost": 45479.1,
                      "Plan Rows": 15744,
                      "Plan Width": 4,
                      "Actual Startup Time": 118.015,
                      "Actual Total Time": 118.015,
                      "Actual Rows": 17886,
                      "Actual Loops": 4,
                      "Hash Buckets": 131072,
                      "Original Hash Buckets": 65536,
                      "Hash Batches": 1,
                      "Original Hash Batches": 1,
                      "Peak Memory Usage": 4352,
                      "Plans": [
                        {
                          "Node Type": "Seq Scan",
                          "Parent Relationship": "Outer",
                          "Parallel Aware": true,
                          "Relation Name": "title",
                          "Alias": "t",
                          "Startup Cost": 0.0,
                          "Total Cost": 45479.1,
                          "Plan Rows": 15744,
                          "Plan Width": 4,
                          "Actual Startup Time": 0.05,
                          "Actual Total Time": 103.172,
                          "Actual Rows": 17886,
                          "Actual Loops": 4,
                          "Filter": "((kind_id > 1) AND (production_year = 2004))",
                          "Rows Removed by Filter": 614192
                        }
                      ]
                    }
                  ]
                }
              ]
            }
          ]
        }
      ]
    },
    "Planning Time": 0.706,
    "Triggers": [],
    "Execution Time": 198.857
  }
]