[
  {
    "Plan": {
      "Node Type": "Aggregate",
      "Strategy": "Plain",
      "Partial Mode": "Finalize",
      "Parallel Aware": false,
      "Startup Cost": 46370.55,
      "Total Cost": 46370.56,
      "Plan Rows": 1,
      "Plan Width": 8,
      "Actual Startup Time": 126.686,
      "Actual Total Time": 139.754,
      "Actual Rows": 1,
      "Actual Loops": 1,
      "Plans": [
        {
          "Node Type": "Gather",
          "Parent Relationship": "Outer",
          "Parallel Aware": false,
          "Startup Cost": 46370.13,
          "Total Cost": 46370.54,
          "Plan Rows": 4,
          "Plan Width": 8,
          "Actual Startup Time": 126.542,
          "Actual Total Time": 139.744,
          "Actual Rows": 5,
          "Actual Loops": 1,
          "Workers Planned": 4,
          "Workers Launched": 4,
          "Single Copy": false,
          "Plans": [
            {
              "Node Type": "Aggregate",
              "Strategy": "Plain",
              "Partial Mode": "Partial",
              "Parent Relationship": "Outer",
              "Parallel Aware": false,
              "Startup Cost": 45370.13,
              "Total Cost": 45370.14,
              "Plan Rows": 1,
              "Plan Width": 8,
              "Actual Startup Time": 117.391,
              "Actual Total Time": 117.392,
              "Actual Rows": 1,
              "Actual Loops": 5,
              "Plans": [
                {
                  "Node Type": "Seq Scan",
                  "Parent Relationship": "Outer",
                  "Parallel Aware": true,
                  "Relation Name": "title",
                  "Alias": "t",
                  "Startup Cost": 0.0,
                  "Total Cost": 43899.32,
                  "Plan Rows": 588322,
                  "Plan Width": 0,
                  "Actual Startup Time": 0.041,
                  "Actual Total Time": 94.227,
                  "Actual Rows": 469295,
                  "Actual Loops": 5,
                  "Filter": "(production_year > 1927)",
                  "Rows Removed by Filter": 36367
                }
              ]
            }
          ]
        }
      ]
    },
    "Planning Time": 0.125,
    "Triggers": [],
    "Execution Time": 139.805
  }
]