[
  {
    "Plan": {
      "Node Type": "Aggregate",
      "Strategy": "Plain",
      "Partial Mode": "Finalize",
      "Parallel Aware": false,
      "Startup Cost": 46916.65,
      "Total Cost": 46916.66,
      "Plan Rows": 1,
      "Plan Width": 8,
      "Actual Startup Time": 102.837,
      "Actual Total Time": 114.905,
      "Actual Rows": 1,
      "Actual Loops": 1,
      "Plans": [
        {
          "Node Type": "Gather",
          "Parent Relationship": "Outer",
          "Parallel Aware": false,
          "Startup Cost": 46916.23,
          "Total Cost": 46916.64,
          "Plan Rows": 4,
          "Plan Width": 8,
          "Actual Startup Time": 102.691,
          "Actual Total Time": 114.895,
          "Actual Rows": 5,
          "Actual Loops": 1,
          "Workers Planned": 4,
          "Workers Launched": 4,
          "Single Copy": false,
          "Plans": [
            {
              "Node Type": "Aggregate",
              "Strategy": "Plain",
              "Partial Mode": "Partial",
              "Parent Relationship": "Outer",
              "Parallel Aware": false,
              "Startup Cost": 45916.23,
              "Total Cost": 45916.24,
              "Plan Rows": 1,
              "Plan Width": 8,
              "Actual Startup Time": 96.36,
              "Actual Total Time": 96.361,
              "Actual Rows": 1,
              "Actual Loops": 5,
              "Plans": [
                {
                  "Node Type": "Seq Scan",
                  "Parent Relationship": "Outer",
                  "Parallel Aware": true,
                  "Relation Name": "title",
                  "Alias": "t",
                  "Startup Cost": 0.0,
                  "Total Cost": 45479.1,
                  "Plan Rows": 174852,
                  "Plan Width": 0,
                  "Actual Startup Time": 0.031,
                  "Actual Total Time": 89.042,
                  "Actual Rows": 145391,
                  "Actual Loops": 5,
                  "Filter": "((kind_id < 4) AND (production_year < 2011))",
                  "Rows Removed by Filter": 360272
                }
              ]
            }
          ]
        }
      ]
    },
    "Planning Time": 0.188,
    "Triggers": [],
    "Execution Time": 114.968
  }
]