{
  "Plan": {
    "Node Type": "Aggregate",
    "Strategy": "Plain",
    "Partial Mode": "Finalize",
    "Parallel Aware": false,
    "Startup Cost": 101520.41,
    "Total Cost": 101520.42,
    "Plan Rows": 1,
    "Plan Width": 8,
    "Actual Startup Time": 307.544,
    "Actual Total Time": 320.551,
    "Actual Rows": 1,
    "Actual Loops": 1,
    "Plans": [
      {
        "Node Type": "Gather",
        "Parent Relationship": "Outer",
        "Parallel Aware": false,
        "Startup Cost": 101520.29,
        "Total Cost": 101520.4,
        "Plan Rows": 1,
        "Plan Width": 8,
        "Actual Startup Time": 307.279,
        "Actual Total Time": 320.544,
        "Actual Rows": 2,
        "Actual Loops": 1,
        "Workers Planned": 1,
        "Workers Launched": 1,
        "Single Copy": false,
        "Plans": [
          {
            "Node Type": "Aggregate",
            "Strategy": "Plain",
            "Partial Mode": "Partial",
            "Parent Relationship": "Outer",
            "Parallel Aware": false,
            "Startup Cost": 100520.29,
            "Total Cost": 100520.3,
            "Plan Rows": 1,
            "Plan Width": 8,
            "Actual Startup Time": 301.527,
            "Actual Total Time": 301.532,
            "Actual Rows": 1,
            "Actual Loops": 2,
            "Plans": [
              {
                "Node Type": "Hash Join",
                "Parent Relationship": "Outer",
                "Parallel Aware": true,
                "Join Type": "Inner",
                "Startup Cost": 80097.1,
                "Total Cost": 100520.14,
                "Plan Rows": 62,
                "Plan Width": 0,
                "Actual Startup Time": 276.033,
                "Actual Total Time": 301.463,
                "Actual Rows": 860,
                "Actual Loops": 2,
                "Inner Unique": false,
                "Hash Cond": "(mc.movie_id = t.id)",
                "Plans": [
                  {
                    "Node Type": "Bitmap Heap Scan",
                    "Parent Relationship": "Outer",
                    "Parallel Aware": true,
                    "Relation Name": "movie_companies",
                    "Alias": "mc",
                    "Startup Cost": 3540.73,
                    "Total Cost": 23779.51,
                    "Plan Rows": 49039,
                    "Plan Width": 4,
                    "Actual Startup Time": 7.529,
                    "Actual Total Time": 25.903,
                    "Actual Rows": 80148,
                    "Actual Loops": 2,
                    "Recheck Cond": "(company_id > 127671)",
                    "Rows Removed by Index Recheck": 0,
                    "Filter": "(company_type_id > 1)",
                    "Rows Removed by Filter": 0,
                    "Exact Heap Blocks": 2690,
                    "Lossy Heap Blocks": 0,
                    "Plans": [
                      {
                        "Node Type": "Bitmap Index Scan",
                        "Parent Relationship": "Outer",
                        "Parallel Aware": false,
                        "Index Name": "company_id_movie_companies",
                        "Startup Cost": 0.0,
                        "Total Cost": 3519.89,
                        "Plan Rows": 164195,
                        "Plan Width": 0,
                        "Actual Startup Time": 6.912,
                        "Actual Total Time": 6.912,
                        "Actual Rows": 160297,
                        "Actual Loops": 1,
                        "Index Cond": "(company_id > 127671)"
                      }
                    ]
                  },
                  {
                    "Node Type": "Hash",
                    "Parent Relationship": "Inner",
                    "Parallel Aware": true,
                    "Startup Cost": 76533.02,
                    "Total Cost": 76533.02,
                    "Plan Rows": 1868,
                    "Plan Width": 8,
                    "Actual Startup Time": 267.98,
                    "Actual Total Time": 267.983,
                    "Actual Rows": 4204,
                    "Actual Loops": 2,
                    "Hash Buckets": 8192,
                    "Original Hash Buckets": 4096,
                    "Hash Batches": 1,
                    "Original Hash Batches": 1,
                    "Peak Memory Usage": 448,
                    "Plans": [
                      {
                        "Node Type": "Hash Join",
                        "Parent Relationship": "Outer",
                        "Parallel Aware": true,
                        "Join Type": "Inner",
                        "Startup Cost": 58349.23,
                        "Total Cost": 76533.02,
                        "Plan Rows": 1868,
                        "Plan Width": 8,
                        "Actual Startup Time": 142.139,
                        "Actual Total Time": 259.887,
                        "Actual Rows": 4204,
                        "Actual Loops": 2,
                        "Inner Unique": true,
                        "Hash Cond": "(mi_idx.movie_id = t.id)",
                        "Plans": [
                          {
                            "Node Type": "Seq Scan",
                            "Parent Relationship": "Outer",
                            "Parallel Aware": true,
                            "Relation Name": "movie_info_idx",
                            "Alias": "mi_idx",
                            "Startup Cost": 0.0,
                            "Total Cost": 16052.85,
                            "Plan Rows": 811785,
                            "Plan Width": 4,
                            "Actual Startup Time": 0.019,
                            "Actual Total Time": 55.862,
                            "Actual Rows": 690018,
                            "Actual Loops": 2
                          },
                          {
                            "Node Type": "Hash",
                            "Parent Relationship": "Inner",
                            "Parallel Aware": true,
                            "Startup Cost": 58306.47,
                            "Total Cost": 58306.47,
                            "Plan Rows": 3421,
                            "Plan Width": 4,
                            "Actual Startup Time": 141.868,
                            "Actual Total Time": 141.869,
                            "Actual Rows": 3438,
                            "Actual Loops": 2,
                            "Hash Buckets": 8192,
                            "Original Hash Buckets": 8192,
                            "Hash Batches": 1,
                            "Original Hash Batches": 1,
                            "Peak Memory Usage": 352,
                            "Plans": [
                              {
                                "Node Type": "Seq Scan",
                                "Parent Relationship": "Outer",
                                "Parallel Aware": true,
                                "Relation Name": "title",
                                "Alias": "t",
                                "Startup Cost": 0.0,
                                "Total Cost": 58306.47,
                                "Plan Rows": 3421,
                                "Plan Width": 4,
                                "Actual Startup Time": 0.415,
                                "Actual Total Time": 140.503,
                                "Actual Rows": 3438,
                                "Actual Loops": 2,
                                "Filter": "((kind_id < 7) AND (production_year = 1982))",
                                "Rows Removed by Filter": 1260718
                              }
                            ]
                          }
                        ]
                      }
                    ]
                  }
                ]
              }
            ]
          }
        ]
      }
    ]
  },
  "Planning Time": 0.661,
  "Triggers": [],
  "Execution Time": 320.619
}