[
    {
        "Bao": {
            "Bao prediction": "NaN",
            "Bao recommended hint": "(no hint)"
        }
    },
    {
        "Plan": {
            "Node Type": "Aggregate",
            "Strategy": "Plain",
            "Partial Mode": "Finalize",
            "Parallel Aware": false,
            "Startup Cost": 62234.43,
            "Total Cost": 62234.44,
            "Plan Rows": 1,
            "Plan Width": 8,
            "Actual Startup Time": 162.66,
            "Actual Total Time": 169.974,
            "Actual Rows": 1,
            "Actual Loops": 1,
            "Output": [
                "count(*)"
            ],
            "Plans": [
                {
                    "Node Type": "Gather",
                    "Parent Relationship": "Outer",
                    "Parallel Aware": false,
                    "Startup Cost": 62234.21,
                    "Total Cost": 62234.42,
                    "Plan Rows": 2,
                    "Plan Width": 8,
                    "Actual Startup Time": 162.338,
                    "Actual Total Time": 169.964,
                    "Actual Rows": 3,
                    "Actual Loops": 1,
                    "Output": [
                        "(PARTIAL count(*))"
                    ],
                    "Workers Planned": 2,
                    "Workers Launched": 2,
                    "Single Copy": false,
                    "Plans": [
                        {
                            "Node Type": "Aggregate",
                            "Strategy": "Plain",
                            "Partial Mode": "Partial",
                            "Parent Relationship": "Outer",
                            "Parallel Aware": false,
                            "Startup Cost": 61234.21,
                            "Total Cost": 61234.22,
                            "Plan Rows": 1,
                            "Plan Width": 8,
                            "Actual Startup Time": 155.161,
                            "Actual Total Time": 155.165,
                            "Actual Rows": 1,
                            "Actual Loops": 3,
                            "Output": [
                                "PARTIAL count(*)"
                            ],
                            "Workers": [
                                {
                                    "Worker Number": 0,
                                    "Actual Startup Time": 151.785,
                                    "Actual Total Time": 151.787,
                                    "Actual Rows": 1,
                                    "Actual Loops": 1
                                },
                                {
                                    "Worker Number": 1,
                                    "Actual Startup Time": 151.864,
                                    "Actual Total Time": 151.866,
                                    "Actual Rows": 1,
                                    "Actual Loops": 1
                                }
                            ],
                            "Plans": [
                                {
                                    "Node Type": "Hash Join",
                                    "Parent Relationship": "Outer",
                                    "Parallel Aware": true,
                                    "Join Type": "Inner",
                                    "Startup Cost": 45602.31,
                                    "Total Cost": 61226.77,
                                    "Plan Rows": 2978,
                                    "Plan Width": 0,
                                    "Actual Startup Time": 101.912,
                                    "Actual Total Time": 155.105,
                                    "Actual Rows": 919,
                                    "Actual Loops": 3,
                                    "Inner Unique": true,
                                    "Hash Cond": "(mi_idx.movie_id = t.id)",
                                    "Workers": [
                                        {
                                            "Worker Number": 0,
                                            "Actual Startup Time": 98.51,
                                            "Actual Total Time": 151.728,
                                            "Actual Rows": 810,
                                            "Actual Loops": 1
                                        },
                                        {
                                            "Worker Number": 1,
                                            "Actual Startup Time": 98.612,
                                            "Actual Total Time": 151.803,
                                            "Actual Rows": 894,
                                            "Actual Loops": 1
                                        }
                                    ],
                                    "Plans": [
                                        {
                                            "Node Type": "Seq Scan",
                                            "Parent Relationship": "Outer",
                                            "Parallel Aware": true,
                                            "Relation Name": "movie_info_idx",
                                            "Schema": "public",
                                            "Alias": "mi_idx",
                                            "Startup Cost": 0.0,
                                            "Total Cost": 15122.68,
                                            "Plan Rows": 191154,
                                            "Plan Width": 4,
                                            "Actual Startup Time": 0.019,
                                            "Actual Total Time": 36.575,
                                            "Actual Rows": 153395,
                                            "Actual Loops": 3,
                                            "Output": [
                                                "mi_idx.id",
                                                "mi_idx.movie_id",
                                                "mi_idx.info_type_id",
                                                "mi_idx.info",
                                                "mi_idx.note"
                                            ],
                                            "Filter": "(mi_idx.info_type_id > 100)",
                                            "Rows Removed by Filter": 306617,
                                            "Workers": [
                                                {
                                                    "Worker Number": 0,
                                                    "Actual Startup Time": 0.022,
                                                    "Actual Total Time": 36.257,
                                                    "Actual Rows": 139895,
                                                    "Actual Loops": 1
                                                },
                                                {
                                                    "Worker Number": 1,
                                                    "Actual Startup Time": 0.025,
                                                    "Actual Total Time": 36.819,
                                                    "Actual Rows": 143806,
                                                    "Actual Loops": 1
                                                }
                                            ]
                                        },
                                        {
                                            "Node Type": "Hash",
                                            "Parent Relationship": "Inner",
                                            "Parallel Aware": true,
                                            "Startup Cost": 45479.21,
                                            "Total Cost": 45479.21,
                                            "Plan Rows": 9848,
                                            "Plan Width": 4,
                                            "Actual Startup Time": 100.942,
                                            "Actual Total Time": 100.943,
                                            "Actual Rows": 13373,
                                            "Actual Loops": 3,
                                            "Output": [
                                                "t.id"
                                            ],
                                            "Hash Buckets": 65536,
                                            "Original Hash Buckets": 65536,
                                            "Hash Batches": 1,
                                            "Original Hash Batches": 1,
                                            "Peak Memory Usage": 2144,
                                            "Workers": [
                                                {
                                                    "Worker Number": 0,
                                                    "Actual Startup Time": 97.479,
                                                    "Actual Total Time": 97.48,
                                                    "Actual Rows": 9598,
                                                    "Actual Loops": 1
                                                },
                                                {
                                                    "Worker Number": 1,
                                                    "Actual Startup Time": 97.624,
                                                    "Actual Total Time": 97.625,
                                                    "Actual Rows": 9915,
                                                    "Actual Loops": 1
                                                }
                                            ],
                                            "Plans": [
                                                {
                                                    "Node Type": "Seq Scan",
                                                    "Parent Relationship": "Outer",
                                                    "Parallel Aware": true,
                                                    "Relation Name": "title",
                                                    "Schema": "public",
                                                    "Alias": "t",
                                                    "Startup Cost": 0.0,
                                                    "Total Cost": 45479.21,
                                                    "Plan Rows": 9848,
                                                    "Plan Width": 4,
                                                    "Actual Startup Time": 0.062,
                                                    "Actual Total Time": 95.89,
                                                    "Actual Rows": 13373,
                                                    "Actual Loops": 3,
                                                    "Output": [
                                                        "t.id"
                                                    ],
                                                    "Filter": "((t.kind_id = 7) AND (t.production_year = 2013))",
                                                    "Rows Removed by Filter": 829397,
                                                    "Workers": [
                                                        {
                                                            "Worker Number": 0,
                                                            "Actual Startup Time": 0.055,
                                                            "Actual Total Time": 92.27,
                                                            "Actual Rows": 9598,
                                                            "Actual Loops": 1
                                                        },
                                                        {
                                                            "Worker Number": 1,
                                                            "Actual Startup Time": 0.105,
                                                            "Actual Total Time": 93.277,
                                                            "Actual Rows": 9915,
                                                            "Actual Loops": 1
                                                        }
                                                    ]
                                                }
                                            ]
                                        }
                                    ]
                                }
                            ]
                        }
                    ]
                }
            ]
        },
        "Planning Time": 192.461,
        "Triggers": [],
        "Execution Time": 170.081
    }
]