{
  "Plan": {
    "Node Type": "Aggregate",
    "Strategy": "Plain",
    "Partial Mode": "Finalize",
    "Parallel Aware": false,
    "Startup Cost": 566572.02,
    "Total Cost": 566572.03,
    "Plan Rows": 1,
    "Plan Width": 8,
    "Actual Startup Time": 2712.057,
    "Actual Total Time": 2772.595,
    "Actual Rows": 1,
    "Actual Loops": 1,
    "Plans": [
      {
        "Node Type": "Gather",
        "Parent Relationship": "Outer",
        "Parallel Aware": false,
        "Startup Cost": 566571.91,
        "Total Cost": 566572.02,
        "Plan Rows": 1,
        "Plan Width": 8,
        "Actual Startup Time": 2711.902,
        "Actual Total Time": 2772.585,
        "Actual Rows": 2,
        "Actual Loops": 1,
        "Workers Planned": 1,
        "Workers Launched": 1,
        "Single Copy": false,
        "Plans": [
          {
            "Node Type": "Aggregate",
            "Strategy": "Plain",
            "Partial Mode": "Partial",
            "Parent Relationship": "Outer",
            "Parallel Aware": false,
            "Startup Cost": 565571.91,
            "Total Cost": 565571.92,
            "Plan Rows": 1,
            "Plan Width": 8,
            "Actual Startup Time": 2705.692,
            "Actual Total Time": 2705.697,
            "Actual Rows": 1,
            "Actual Loops": 2,
            "Plans": [
              {
                "Node Type": "Hash Join",
                "Parent Relationship": "Outer",
                "Parallel Aware": true,
                "Join Type": "Inner",
                "Startup Cost": 19719.02,
                "Total Cost": 565528.61,
                "Plan Rows": 17321,
                "Plan Width": 0,
                "Actual Startup Time": 20.486,
                "Actual Total Time": 2700.266,
                "Actual Rows": 101296,
                "Actual Loops": 2,
                "Inner Unique": false,
                "Hash Cond": "(ci.movie_id = t.id)",
                "Plans": [
                  {
                    "Node Type": "Seq Scan",
                    "Parent Relationship": "Outer",
                    "Parallel Aware": true,
                    "Relation Name": "cast_info",
                    "Alias": "ci",
                    "Startup Cost": 0.0,
                    "Total Cost": 465792.95,
                    "Plan Rows": 21310595,
                    "Plan Width": 4,
                    "Actual Startup Time": 0.015,
                    "Actual Total Time": 1265.494,
                    "Actual Rows": 18122172,
                    "Actual Loops": 2
                  },
                  {
                    "Node Type": "Hash",
                    "Parent Relationship": "Inner",
                    "Parallel Aware": true,
                    "Startup Cost": 19703.91,
                    "Total Cost": 19703.91,
                    "Plan Rows": 1209,
                    "Plan Width": 8,
                    "Actual Startup Time": 19.088,
                    "Actual Total Time": 19.09,
                    "Actual Rows": 1570,
                    "Actual Loops": 2,
                    "Hash Buckets": 4096,
                    "Original Hash Buckets": 4096,
                    "Hash Batches": 1,
                    "Original Hash Batches": 1,
                    "Peak Memory Usage": 192,
                    "Plans": [
                      {
                        "Node Type": "Nested Loop",
                        "Parent Relationship": "Outer",
                        "Parallel Aware": false,
                        "Join Type": "Inner",
                        "Startup Cost": 92.69,
                        "Total Cost": 19703.91,
                        "Plan Rows": 1209,
                        "Plan Width": 8,
                        "Actual Startup Time": 1.017,
                        "Actual Total Time": 18.176,
                        "Actual Rows": 1570,
                        "Actual Loops": 2,
                        "Inner Unique": true,
                        "Plans": [
                          {
                            "Node Type": "Bitmap Heap Scan",
                            "Parent Relationship": "Outer",
                            "Parallel Aware": true,
                            "Relation Name": "movie_companies",
                            "Alias": "mc",
                            "Startup Cost": 92.26,
                            "Total Cost": 10119.21,
                            "Plan Rows": 1209,
                            "Plan Width": 4,
                            "Actual Startup Time": 0.88,
                            "Actual Total Time": 4.822,
                            "Actual Rows": 1570,
                            "Actual Loops": 2,
                            "Recheck Cond": "(company_id = 452)",
                            "Rows Removed by Index Recheck": 0,
                            "Filter": "(company_type_id = 1)",
                            "Rows Removed by Filter": 37,
                            "Exact Heap Blocks": 1230,
                            "Lossy Heap Blocks": 0,
                            "Plans": [
                              {
                                "Node Type": "Bitmap Index Scan",
                                "Parent Relationship": "Outer",
                                "Parallel Aware": false,
                                "Index Name": "company_id_movie_companies",
                                "Startup Cost": 0.0,
                                "Total Cost": 91.74,
                                "Plan Rows": 4175,
                                "Plan Width": 0,
                                "Actual Startup Time": 1.026,
                                "Actual Total Time": 1.026,
                                "Actual Rows": 3213,
                                "Actual Loops": 1,
                                "Index Cond": "(company_id = 452)"
                              }
                            ]
                          },
                          {
                            "Node Type": "Index Only Scan",
                            "Parent Relationship": "Inner",
                            "Parallel Aware": false,
                            "Scan Direction": "Forward",
                            "Index Name": "title_pkey",
                            "Relation Name": "title",
                            "Alias": "t",
                            "Startup Cost": 0.43,
                            "Total Cost": 7.93,
                            "Plan Rows": 1,
                            "Plan Width": 4,
                            "Actual Startup Time": 0.008,
                            "Actual Total Time": 0.008,
                            "Actual Rows": 1,
                            "Actual Loops": 3139,
                            "Index Cond": "(id = mc.movie_id)",
                            "Rows Removed by Index Recheck": 0,
                            "Heap Fetches": 3139
                          }
                        ]
                      }
                    ]
                  }
                ]
              }
            ]
          }
        ]
      }
    ]
  },
  "Planning Time": 0.884,
  "Triggers": [],
  "Execution Time": 2772.718
}