[
  {
    "Plan": {
      "Node Type": "Aggregate",
      "Strategy": "Plain",
      "Partial Mode": "Finalize",
      "Parallel Aware": false,
      "Startup Cost": 88019.49,
      "Total Cost": 88019.5,
      "Plan Rows": 1,
      "Plan Width": 8,
      "Actual Startup Time": 248.119,
      "Actual Total Time": 264.538,
      "Actual Rows": 1,
      "Actual Loops": 1,
      "Plans": [
        {
          "Node Type": "Gather",
          "Parent Relationship": "Outer",
          "Parallel Aware": false,
          "Startup Cost": 88019.17,
          "Total Cost": 88019.48,
          "Plan Rows": 3,
          "Plan Width": 8,
          "Actual Startup Time": 247.907,
          "Actual Total Time": 264.527,
          "Actual Rows": 4,
          "Actual Loops": 1,
          "Workers Planned": 3,
          "Workers Launched": 3,
          "Single Copy": false,
          "Plans": [
            {
              "Node Type": "Aggregate",
              "Strategy": "Plain",
              "Partial Mode": "Partial",
              "Parent Relationship": "Outer",
              "Parallel Aware": false,
              "Startup Cost": 87019.17,
              "Total Cost": 87019.18,
              "Plan Rows": 1,
              "Plan Width": 8,
              "Actual Startup Time": 244.62,
              "Actual Total Time": 244.622,
              "Actual Rows": 1,
              "Actual Loops": 4,
              "Plans": [
                {
                  "Node Type": "Hash Join",
                  "Parent Relationship": "Outer",
                  "Parallel Aware": true,
                  "Join Type": "Inner",
                  "Startup Cost": 44064.72,
                  "Total Cost": 86942.8,
                  "Plan Rows": 30548,
                  "Plan Width": 0,
                  "Actual Startup Time": 83.311,
                  "Actual Total Time": 243.519,
                  "Actual Rows": 25112,
                  "Actual Loops": 4,
                  "Inner Unique": true,
                  "Hash Cond": "(mk.movie_id = t.id)",
                  "Plans": [
                    {
                      "Node Type": "Seq Scan",
                      "Parent Relationship": "Outer",
                      "Parallel Aware": true,
                      "Relation Name": "movie_keyword",
                      "Alias": "mk",
                      "Startup Cost": 0.0,
                      "Total Cost": 39047.32,
                      "Plan Rows": 1459332,
                      "Plan Width": 4,
                      "Actual Startup Time": 0.024,
                      "Actual Total Time": 79.622,
                      "Actual Rows": 1130982,
                      "Actual Loops": 4
                    },
                    {
                      "Node Type": "Hash",
                      "Parent Relationship": "Inner",
                      "Parallel Aware": true,
                      "Startup Cost": 43899.32,
                      "Total Cost": 43899.32,
                      "Plan Rows": 13232,
                      "Plan Width": 4,
                      "Actual Startup Time": 82.691,
                      "Actual Total Time": 82.692,
                      "Actual Rows": 12641,
                      "Actual Loops": 4,
                      "Hash Buckets": 65536,
                      "Original Hash Buckets": 65536,
                      "Hash Batches": 1,
                      "Original Hash Batches": 1,
                      "Peak Memory Usage": 2560,
                      "Plans": [
                        {
                          "Node Type": "Seq Scan",
                          "Parent Relationship": "Outer",
                          "Parallel Aware": true,
                          "Relation Name": "title",
                          "Alias": "t",
                          "Startup Cost": 0.0,
                          "Total Cost": 43899.32,
                          "Plan Rows": 13232,
                          "Plan Width": 4,
                          "Actual Startup Time": 0.03,
                          "Actual Total Time": 78.289,
                          "Actual Rows": 12641,
                          "Actual Loops": 4,
                          "Filter": "(production_year = 1999)",
                          "Rows Removed by Filter": 619437
                        }
                      ]
                    }
                  ]
                }
              ]
            }
          ]
        }
      ]
    },
    "Planning Time": 0.375,
    "Triggers": [],
    "Execution Time": 264.587
  }
]