[
  {
    "Plan": {
      "Node Type": "Aggregate",
      "Strategy": "Plain",
      "Partial Mode": "Finalize",
      "Parallel Aware": false,
      "Startup Cost": 26868.9,
      "Total Cost": 26868.91,
      "Plan Rows": 1,
      "Plan Width": 8,
      "Actual Startup Time": 90.085,
      "Actual Total Time": 97.586,
      "Actual Rows": 1,
      "Actual Loops": 1,
      "Plans": [
        {
          "Node Type": "Gather",
          "Parent Relationship": "Outer",
          "Parallel Aware": false,
          "Startup Cost": 26868.59,
          "Total Cost": 26868.9,
          "Plan Rows": 3,
          "Plan Width": 8,
          "Actual Startup Time": 89.853,
          "Actual Total Time": 97.575,
          "Actual Rows": 4,
          "Actual Loops": 1,
          "Workers Planned": 3,
          "Workers Launched": 3,
          "Single Copy": false,
          "Plans": [
            {
              "Node Type": "Aggregate",
              "Strategy": "Plain",
              "Partial Mode": "Partial",
              "Parent Relationship": "Outer",
              "Parallel Aware": false,
              "Startup Cost": 25868.59,
              "Total Cost": 25868.6,
              "Plan Rows": 1,
              "Plan Width": 8,
              "Actual Startup Time": 85.679,
              "Actual Total Time": 85.681,
              "Actual Rows": 1,
              "Actual Loops": 4,
              "Plans": [
                {
                  "Node Type": "Bitmap Heap Scan",
                  "Parent Relationship": "Outer",
                  "Parallel Aware": true,
                  "Relation Name": "movie_companies",
                  "Alias": "mc",
                  "Startup Cost": 5695.29,
                  "Total Cost": 25764.36,
                  "Plan Rows": 41692,
                  "Plan Width": 0,
                  "Actual Startup Time": 31.106,
                  "Actual Total Time": 81.019,
                  "Actual Rows": 49776,
                  "Actual Loops": 4,
                  "Recheck Cond": "(company_id < 133)",
                  "Rows Removed by Index Recheck": 0,
                  "Filter": "(company_type_id < 2)",
                  "Rows Removed by Filter": 15075,
                  "Exact Heap Blocks": 7846,
                  "Lossy Heap Blocks": 0,
                  "Plans": [
                    {
                      "Node Type": "Bitmap Index Scan",
                      "Parent Relationship": "Outer",
                      "Parallel Aware": false,
                      "Index Name": "company_id_movie_companies",
                      "Startup Cost": 0.0,
                      "Total Cost": 5662.98,
                      "Plan Rows": 264340,
                      "Plan Width": 0,
                      "Actual Startup Time": 30.521,
                      "Actual Total Time": 30.522,
                      "Actual Rows": 259406,
                      "Actual Loops": 1,
                      "Index Cond": "(company_id < 133)"
                    }
                  ]
                }
              ]
            }
          ]
        }
      ]
    },
    "Planning Time": 0.187,
    "Triggers": [],
    "Execution Time": 97.654
  }
]