[
  {
    "Plan": {
      "Node Type": "Aggregate",
      "Strategy": "Plain",
      "Partial Mode": "Finalize",
      "Parallel Aware": false,
      "Startup Cost": 26763.59,
      "Total Cost": 26763.6,
      "Plan Rows": 1,
      "Plan Width": 8,
      "Actual Startup Time": 82.946,
      "Actual Total Time": 87.213,
      "Actual Rows": 1,
      "Actual Loops": 1,
      "Plans": [
        {
          "Node Type": "Gather",
          "Parent Relationship": "Outer",
          "Parallel Aware": false,
          "Startup Cost": 26763.28,
          "Total Cost": 26763.59,
          "Plan Rows": 3,
          "Plan Width": 8,
          "Actual Startup Time": 82.721,
          "Actual Total Time": 87.205,
          "Actual Rows": 4,
          "Actual Loops": 1,
          "Workers Planned": 3,
          "Workers Launched": 3,
          "Single Copy": false,
          "Plans": [
            {
              "Node Type": "Aggregate",
              "Strategy": "Plain",
              "Partial Mode": "Partial",
              "Parent Relationship": "Outer",
              "Parallel Aware": false,
              "Startup Cost": 25763.28,
              "Total Cost": 25763.29,
              "Plan Rows": 1,
              "Plan Width": 8,
              "Actual Startup Time": 74.619,
              "Actual Total Time": 74.622,
              "Actual Rows": 1,
              "Actual Loops": 4,
              "Plans": [
                {
                  "Node Type": "Bitmap Heap Scan",
                  "Parent Relationship": "Outer",
                  "Parallel Aware": true,
                  "Relation Name": "movie_companies",
                  "Alias": "mc",
                  "Startup Cost": 5609.73,
                  "Total Cost": 25659.89,
                  "Plan Rows": 41355,
                  "Plan Width": 0,
                  "Actual Startup Time": 28.687,
                  "Actual Total Time": 70.853,
                  "Actual Rows": 49776,
                  "Actual Loops": 4,
                  "Recheck Cond": "(company_id < 133)",
                  "Rows Removed by Index Recheck": 0,
                  "Filter": "(company_type_id < 2)",
                  "Rows Removed by Filter": 15075,
                  "Exact Heap Blocks": 10386,
                  "Lossy Heap Blocks": 0,
                  "Plans": [
                    {
                      "Node Type": "Bitmap Index Scan",
                      "Parent Relationship": "Outer",
                      "Parallel Aware": false,
                      "Index Name": "company_id_movie_companies",
                      "Startup Cost": 0.0,
                      "Total Cost": 5577.68,
                      "Plan Rows": 260433,
                      "Plan Width": 0,
                      "Actual Startup Time": 31.174,
                      "Actual Total Time": 31.174,
                      "Actual Rows": 259406,
                      "Actual Loops": 1,
                      "Index Cond": "(company_id < 133)"
                    }
                  ]
                }
              ]
            }
          ]
        }
      ]
    },
    "Planning Time": 0.221,
    "Triggers": [],
    "Execution Time": 87.289
  }
]