[
  {
    "Plan": {
      "Node Type": "Aggregate",
      "Strategy": "Plain",
      "Partial Mode": "Finalize",
      "Parallel Aware": false,
      "Startup Cost": 46542.91,
      "Total Cost": 46542.92,
      "Plan Rows": 1,
      "Plan Width": 8,
      "Actual Startup Time": 97.604,
      "Actual Total Time": 110.434,
      "Actual Rows": 1,
      "Actual Loops": 1,
      "Plans": [
        {
          "Node Type": "Gather",
          "Parent Relationship": "Outer",
          "Parallel Aware": false,
          "Startup Cost": 46542.49,
          "Total Cost": 46542.9,
          "Plan Rows": 4,
          "Plan Width": 8,
          "Actual Startup Time": 97.424,
          "Actual Total Time": 110.424,
          "Actual Rows": 5,
          "Actual Loops": 1,
          "Workers Planned": 4,
          "Workers Launched": 4,
          "Single Copy": false,
          "Plans": [
            {
              "Node Type": "Aggregate",
              "Strategy": "Plain",
              "Partial Mode": "Partial",
              "Parent Relationship": "Outer",
              "Parallel Aware": false,
              "Startup Cost": 45542.49,
              "Total Cost": 45542.5,
              "Plan Rows": 1,
              "Plan Width": 8,
              "Actual Startup Time": 90.508,
              "Actual Total Time": 90.509,
              "Actual Rows": 1,
              "Actual Loops": 5,
              "Plans": [
                {
                  "Node Type": "Seq Scan",
                  "Parent Relationship": "Outer",
                  "Parallel Aware": true,
                  "Relation Name": "title",
                  "Alias": "t",
                  "Startup Cost": 0.0,
                  "Total Cost": 45479.1,
                  "Plan Rows": 25358,
                  "Plan Width": 0,
                  "Actual Startup Time": 0.036,
                  "Actual Total Time": 88.833,
                  "Actual Rows": 20819,
                  "Actual Loops": 5,
                  "Filter": "((kind_id > 2) AND (production_year = 2010))",
                  "Rows Removed by Filter": 484844
                }
              ]
            }
          ]
        }
      ]
    },
    "Planning Time": 0.225,
    "Triggers": [],
    "Execution Time": 110.501
  }
]