{
  "Plan": {
    "Node Type": "Aggregate",
    "Strategy": "Plain",
    "Partial Mode": "Finalize",
    "Parallel Aware": false,
    "Startup Cost": 222875.29,
    "Total Cost": 222875.3,
    "Plan Rows": 1,
    "Plan Width": 8,
    "Actual Startup Time": 949.879,
    "Actual Total Time": 980.476,
    "Actual Rows": 1,
    "Actual Loops": 1,
    "Plans": [
      {
        "Node Type": "Gather",
        "Parent Relationship": "Outer",
        "Parallel Aware": false,
        "Startup Cost": 222875.18,
        "Total Cost": 222875.29,
        "Plan Rows": 1,
        "Plan Width": 8,
        "Actual Startup Time": 947.583,
        "Actual Total Time": 980.466,
        "Actual Rows": 2,
        "Actual Loops": 1,
        "Workers Planned": 1,
        "Workers Launched": 1,
        "Single Copy": false,
        "Plans": [
          {
            "Node Type": "Aggregate",
            "Strategy": "Plain",
            "Partial Mode": "Partial",
            "Parent Relationship": "Outer",
            "Parallel Aware": false,
            "Startup Cost": 221875.18,
            "Total Cost": 221875.19,
            "Plan Rows": 1,
            "Plan Width": 8,
            "Actual Startup Time": 939.116,
            "Actual Total Time": 939.121,
            "Actual Rows": 1,
            "Actual Loops": 2,
            "Plans": [
              {
                "Node Type": "Nested Loop",
                "Parent Relationship": "Outer",
                "Parallel Aware": false,
                "Join Type": "Inner",
                "Startup Cost": 79895.76,
                "Total Cost": 221436.12,
                "Plan Rows": 175623,
                "Plan Width": 0,
                "Actual Startup Time": 442.852,
                "Actual Total Time": 927.597,
                "Actual Rows": 241670,
                "Actual Loops": 2,
                "Inner Unique": false,
                "Plans": [
                  {
                    "Node Type": "Hash Join",
                    "Parent Relationship": "Outer",
                    "Parallel Aware": true,
                    "Join Type": "Inner",
                    "Startup Cost": 79895.33,
                    "Total Cost": 109526.59,
                    "Plan Rows": 170182,
                    "Plan Width": 8,
                    "Actual Startup Time": 442.739,
                    "Actual Total Time": 618.389,
                    "Actual Rows": 93687,
                    "Actual Loops": 2,
                    "Inner Unique": true,
                    "Hash Cond": "(mk.movie_id = t.id)",
                    "Plans": [
                      {
                        "Node Type": "Bitmap Heap Scan",
                        "Parent Relationship": "Outer",
                        "Parallel Aware": true,
                        "Relation Name": "movie_keyword",
                        "Alias": "mk",
                        "Startup Cost": 12346.2,
                        "Total Cost": 41078.92,
                        "Plan Rows": 342298,
                        "Plan Width": 4,
                        "Actual Startup Time": 35.711,
                        "Actual Total Time": 122.513,
                        "Actual Rows": 296460,
                        "Actual Loops": 2,
                        "Recheck Cond": "(keyword_id < 432)",
                        "Rows Removed by Index Recheck": 0,
                        "Exact Heap Blocks": 12985,
                        "Lossy Heap Blocks": 0,
                        "Plans": [
                          {
                            "Node Type": "Bitmap Index Scan",
                            "Parent Relationship": "Outer",
                            "Parallel Aware": false,
                            "Index Name": "keyword_id_movie_keyword",
                            "Startup Cost": 0.0,
                            "Total Cost": 12200.73,
                            "Plan Rows": 581906,
                            "Plan Width": 0,
                            "Actual Startup Time": 32.134,
                            "Actual Total Time": 32.134,
                            "Actual Rows": 592921,
                            "Actual Loops": 1,
                            "Index Cond": "(keyword_id < 432)"
                          }
                        ]
                      },
                      {
                        "Node Type": "Hash",
                        "Parent Relationship": "Inner",
                        "Parallel Aware": true,
                        "Startup Cost": 58306.47,
                        "Total Cost": 58306.47,
                        "Plan Rows": 739413,
                        "Plan Width": 4,
                        "Actual Startup Time": 392.851,
                        "Actual Total Time": 392.852,
                        "Actual Rows": 687614,
                        "Actual Loops": 2,
                        "Hash Buckets": 2097152,
                        "Original Hash Buckets": 2097152,
                        "Hash Batches": 1,
                        "Original Hash Batches": 1,
                        "Peak Memory Usage": 70208,
                        "Plans": [
                          {
                            "Node Type": "Seq Scan",
                            "Parent Relationship": "Outer",
                            "Parallel Aware": true,
                            "Relation Name": "title",
                            "Alias": "t",
                            "Startup Cost": 0.0,
                            "Total Cost": 58306.47,
                            "Plan Rows": 739413,
                            "Plan Width": 4,
                            "Actual Startup Time": 0.051,
                            "Actual Total Time": 179.582,
                            "Actual Rows": 687614,
                            "Actual Loops": 2,
                            "Filter": "((kind_id > 1) AND (production_year > 1992))",
                            "Rows Removed by Filter": 576542
                          }
                        ]
                      }
                    ]
                  },
                  {
                    "Node Type": "Index Only Scan",
                    "Parent Relationship": "Inner",
                    "Parallel Aware": false,
                    "Scan Direction": "Forward",
                    "Index Name": "movie_id_movie_companies",
                    "Relation Name": "movie_companies",
                    "Alias": "mc",
                    "Startup Cost": 0.43,
                    "Total Cost": 0.61,
                    "Plan Rows": 5,
                    "Plan Width": 4,
                    "Actual Startup Time": 0.002,
                    "Actual Total Time": 0.003,
                    "Actual Rows": 3,
                    "Actual Loops": 187374,
                    "Index Cond": "(movie_id = t.id)",
                    "Rows Removed by Index Recheck": 0,
                    "Heap Fetches": 483341
                  }
                ]
              }
            ]
          }
        ]
      }
    ]
  },
  "Planning Time": 1.013,
  "Triggers": [],
  "Execution Time": 980.587
}