[
  {
    "Plan": {
      "Node Type": "Aggregate",
      "Strategy": "Plain",
      "Partial Mode": "Finalize",
      "Parallel Aware": false,
      "Startup Cost": 376137.55,
      "Total Cost": 376137.56,
      "Plan Rows": 1,
      "Plan Width": 8,
      "Actual Startup Time": 1029.162,
      "Actual Total Time": 1047.234,
      "Actual Rows": 1,
      "Actual Loops": 1,
      "Plans": [
        {
          "Node Type": "Gather",
          "Parent Relationship": "Outer",
          "Parallel Aware": false,
          "Startup Cost": 376137.34,
          "Total Cost": 376137.55,
          "Plan Rows": 2,
          "Plan Width": 8,
          "Actual Startup Time": 1021.354,
          "Actual Total Time": 1047.222,
          "Actual Rows": 3,
          "Actual Loops": 1,
          "Workers Planned": 2,
          "Workers Launched": 2,
          "Single Copy": false,
          "Plans": [
            {
              "Node Type": "Aggregate",
              "Strategy": "Plain",
              "Partial Mode": "Partial",
              "Parent Relationship": "Outer",
              "Parallel Aware": false,
              "Startup Cost": 375137.34,
              "Total Cost": 375137.35,
              "Plan Rows": 1,
              "Plan Width": 8,
              "Actual Startup Time": 1010.571,
              "Actual Total Time": 1011.172,
              "Actual Rows": 1,
              "Actual Loops": 3,
              "Plans": [
                {
                  "Node Type": "Hash Join",
                  "Parent Relationship": "Outer",
                  "Parallel Aware": true,
                  "Join Type": "Inner",
                  "Startup Cost": 358195.43,
                  "Total Cost": 374477.06,
                  "Plan Rows": 264110,
                  "Plan Width": 0,
                  "Actual Startup Time": 873.001,
                  "Actual Total Time": 999.896,
                  "Actual Rows": 276865,
                  "Actual Loops": 3,
                  "Inner Unique": false,
                  "Hash Cond": "(mi_idx.movie_id = t.id)",
                  "Plans": [
                    {
                      "Node Type": "Seq Scan",
                      "Parent Relationship": "Outer",
                      "Parallel Aware": true,
                      "Relation Name": "movie_info_idx",
                      "Alias": "mi_idx",
                      "Startup Cost": 0.0,
                      "Total Cost": 13685.15,
                      "Plan Rows": 575015,
                      "Plan Width": 4,
                      "Actual Startup Time": 0.027,
                      "Actual Total Time": 34.459,
                      "Actual Rows": 460012,
                      "Actual Loops": 3
                    },
                    {
                      "Node Type": "Hash",
                      "Parent Relationship": "Inner",
                      "Parallel Aware": true,
                      "Startup Cost": 355776.12,
                      "Total Cost": 355776.12,
                      "Plan Rows": 193545,
                      "Plan Width": 8,
                      "Actual Startup Time": 863.082,
                      "Actual Total Time": 863.681,
                      "Actual Rows": 374156,
                      "Actual Loops": 3,
                      "Hash Buckets": 2097152,
                      "Original Hash Buckets": 2097152,
                      "Hash Batches": 1,
                      "Original Hash Batches": 1,
                      "Peak Memory Usage": 60320,
                      "Plans": [
                        {
                          "Node Type": "Hash Join",
                          "Parent Relationship": "Outer",
                          "Parallel Aware": true,
                          "Join Type": "Inner",
                          "Startup Cost": 97620.86,
                          "Total Cost": 355776.12,
                          "Plan Rows": 193545,
                          "Plan Width": 8,
                          "Actual Startup Time": 356.924,
                          "Actual Total Time": 728.586,
                          "Actual Rows": 374156,
                          "Actual Loops": 3,
                          "Inner Unique": true,
                          "Hash Cond": "(ci.movie_id = t.id)",
                          "Plans": [
                            {
                              "Node Type": "Bitmap Heap Scan",
                              "Parent Relationship": "Outer",
                              "Parallel Aware": true,
                              "Relation Name": "cast_info",
                              "Alias": "ci",
                              "Startup Cost": 47912.08,
                              "Total Cost": 305118.31,
                              "Plan Rows": 361538,
                              "Plan Width": 4,
                              "Actual Startup Time": 80.819,
                              "Actual Total Time": 171.384,
                              "Actual Rows": 719557,
                              "Actual Loops": 3,
                              "Recheck Cond": "(person_id < 211945)",
                              "Rows Removed by Index Recheck": 0,
                              "Exact Heap Blocks": 7218,
                              "Lossy Heap Blocks": 0,
                              "Plans": [
                                {
                                  "Node Type": "Bitmap Index Scan",
                                  "Parent Relationship": "Outer",
                                  "Parallel Aware": false,
                                  "Index Name": "person_id_cast_info",
                                  "Startup Cost": 0.0,
                                  "Total Cost": 47369.78,
                                  "Plan Rows": 2169228,
                                  "Plan Width": 0,
                                  "Actual Startup Time": 77.347,
                                  "Actual Total Time": 77.347,
                                  "Actual Rows": 2158672,
                                  "Actual Loops": 1,
                                  "Index Cond": "(person_id < 211945)"
                                }
                              ]
                            },
                            {
                              "Node Type": "Hash",
                              "Parent Relationship": "Inner",
                              "Parallel Aware": true,
                              "Startup Cost": 45479.1,
                              "Total Cost": 45479.1,
                              "Plan Rows": 338374,
                              "Plan Width": 4,
                              "Actual Startup Time": 271.303,
                              "Actual Total Time": 271.304,
                              "Actual Rows": 442594,
                              "Actual Loops": 3,
                              "Hash Buckets": 2097152,
                              "Original Hash Buckets": 2097152,
                              "Hash Batches": 1,
                              "Original Hash Batches": 1,
                              "Peak Memory Usage": 68384,
                              "Plans": [
                                {
                                  "Node Type": "Seq Scan",
                                  "Parent Relationship": "Outer",
                                  "Parallel Aware": true,
                                  "Relation Name": "title",
                                  "Alias": "t",
                                  "Startup Cost": 0.0,
                                  "Total Cost": 45479.1,
                                  "Plan Rows": 338374,
                                  "Plan Width": 4,
                                  "Actual Startup Time": 0.043,
                                  "Actual Total Time": 126.496,
                                  "Actual Rows": 442594,
                                  "Actual Loops": 3,
                                  "Filter": "((production_year < 2012) AND (kind_id = 7))",
                                  "Rows Removed by Filter": 400177
                                }
                              ]
                            }
                          ]
                        }
                      ]
                    }
                  ]
                }
              ]
            }
          ]
        }
      ]
    },
    "Planning Time": 1.338,
    "Triggers": [],
    "Execution Time": 1047.344
  }
]