[
  {
    "Plan": {
      "Node Type": "Aggregate",
      "Strategy": "Plain",
      "Partial Mode": "Finalize",
      "Parallel Aware": false,
      "Startup Cost": 343544.77,
      "Total Cost": 343544.78,
      "Plan Rows": 1,
      "Plan Width": 8,
      "Actual Startup Time": 893.671,
      "Actual Total Time": 940.393,
      "Actual Rows": 1,
      "Actual Loops": 1,
      "Plans": [
        {
          "Node Type": "Gather",
          "Parent Relationship": "Outer",
          "Parallel Aware": false,
          "Startup Cost": 343544.15,
          "Total Cost": 343544.76,
          "Plan Rows": 6,
          "Plan Width": 8,
          "Actual Startup Time": 893.518,
          "Actual Total Time": 940.383,
          "Actual Rows": 7,
          "Actual Loops": 1,
          "Workers Planned": 6,
          "Workers Launched": 6,
          "Single Copy": false,
          "Plans": [
            {
              "Node Type": "Aggregate",
              "Strategy": "Plain",
              "Partial Mode": "Partial",
              "Parent Relationship": "Outer",
              "Parallel Aware": false,
              "Startup Cost": 342544.15,
              "Total Cost": 342544.16,
              "Plan Rows": 1,
              "Plan Width": 8,
              "Actual Startup Time": 885.208,
              "Actual Total Time": 885.209,
              "Actual Rows": 1,
              "Actual Loops": 7,
              "Plans": [
                {
                  "Node Type": "Seq Scan",
                  "Parent Relationship": "Outer",
                  "Parallel Aware": true,
                  "Relation Name": "cast_info",
                  "Alias": "ci",
                  "Startup Cost": 0.0,
                  "Total Cost": 328211.39,
                  "Plan Rows": 5733102,
                  "Plan Width": 0,
                  "Actual Startup Time": 0.053,
                  "Actual Total Time": 646.278,
                  "Actual Rows": 4923986,
                  "Actual Loops": 7,
                  "Filter": "(person_id < 3710793)",
                  "Rows Removed by Filter": 253778
                }
              ]
            }
          ]
        }
      ]
    },
    "Planning Time": 0.115,
    "Triggers": [],
    "Execution Time": 940.442
  }
]