[
  {
    "Plan": {
      "Node Type": "Aggregate",
      "Strategy": "Plain",
      "Partial Mode": "Finalize",
      "Parallel Aware": false,
      "Startup Cost": 339559.58,
      "Total Cost": 339559.59,
      "Plan Rows": 1,
      "Plan Width": 8,
      "Actual Startup Time": 763.882,
      "Actual Total Time": 823.999,
      "Actual Rows": 1,
      "Actual Loops": 1,
      "Plans": [
        {
          "Node Type": "Gather",
          "Parent Relationship": "Outer",
          "Parallel Aware": false,
          "Startup Cost": 339558.95,
          "Total Cost": 339559.56,
          "Plan Rows": 6,
          "Plan Width": 8,
          "Actual Startup Time": 763.794,
          "Actual Total Time": 823.988,
          "Actual Rows": 7,
          "Actual Loops": 1,
          "Workers Planned": 6,
          "Workers Launched": 6,
          "Single Copy": false,
          "Plans": [
            {
              "Node Type": "Aggregate",
              "Strategy": "Plain",
              "Partial Mode": "Partial",
              "Parent Relationship": "Outer",
              "Parallel Aware": false,
              "Startup Cost": 338558.95,
              "Total Cost": 338558.96,
              "Plan Rows": 1,
              "Plan Width": 8,
              "Actual Startup Time": 753.034,
              "Actual Total Time": 753.035,
              "Actual Rows": 1,
              "Actual Loops": 7,
              "Plans": [
                {
                  "Node Type": "Seq Scan",
                  "Parent Relationship": "Outer",
                  "Parallel Aware": true,
                  "Relation Name": "cast_info",
                  "Alias": "ci",
                  "Startup Cost": 0.0,
                  "Total Cost": 328162.03,
                  "Plan Rows": 4158771,
                  "Plan Width": 0,
                  "Actual Startup Time": 128.859,
                  "Actual Total Time": 607.19,
                  "Actual Rows": 3565986,
                  "Actual Loops": 7,
                  "Filter": "(person_id > 1107762)",
                  "Rows Removed by Filter": 1611777
                }
              ]
            }
          ]
        }
      ]
    },
    "Planning Time": 0.205,
    "Triggers": [],
    "Execution Time": 824.073
  }
]