[
    {
        "Bao": {
            "Bao prediction": 697.013,
            "Bao recommended hint": "(no hint)"
        }
    },
    {
        "Plan": {
            "Node Type": "Aggregate",
            "Strategy": "Plain",
            "Partial Mode": "Finalize",
            "Parallel Aware": false,
            "Startup Cost": 271941.61,
            "Total Cost": 271941.62,
            "Plan Rows": 1,
            "Plan Width": 64,
            "Actual Startup Time": 2666.91,
            "Actual Total Time": 2887.546,
            "Actual Rows": 1,
            "Actual Loops": 1,
            "Output": [
                "min(chn.name)",
                "min(t.title)"
            ],
            "Plans": [
                {
                    "Node Type": "Gather",
                    "Parent Relationship": "Outer",
                    "Parallel Aware": false,
                    "Startup Cost": 271941.29,
                    "Total Cost": 271941.6,
                    "Plan Rows": 3,
                    "Plan Width": 64,
                    "Actual Startup Time": 2661.573,
                    "Actual Total Time": 2887.531,
                    "Actual Rows": 4,
                    "Actual Loops": 1,
                    "Output": [
                        "(PARTIAL min(chn.name))",
                        "(PARTIAL min(t.title))"
                    ],
                    "Workers Planned": 3,
                    "Workers Launched": 3,
                    "Single Copy": false,
                    "Plans": [
                        {
                            "Node Type": "Aggregate",
                            "Strategy": "Plain",
                            "Partial Mode": "Partial",
                            "Parent Relationship": "Outer",
                            "Parallel Aware": false,
                            "Startup Cost": 270941.29,
                            "Total Cost": 270941.3,
                            "Plan Rows": 1,
                            "Plan Width": 64,
                            "Actual Startup Time": 2650.631,
                            "Actual Total Time": 2650.642,
                            "Actual Rows": 1,
                            "Actual Loops": 4,
                            "Output": [
                                "PARTIAL min(chn.name)",
                                "PARTIAL min(t.title)"
                            ],
                            "Workers": [
                                {
                                    "Worker Number": 0,
                                    "Actual Startup Time": 2648.126,
                                    "Actual Total Time": 2648.133,
                                    "Actual Rows": 1,
                                    "Actual Loops": 1
                                },
                                {
                                    "Worker Number": 1,
                                    "Actual Startup Time": 2647.363,
                                    "Actual Total Time": 2647.372,
                                    "Actual Rows": 1,
                                    "Actual Loops": 1
                                },
                                {
                                    "Worker Number": 2,
                                    "Actual Startup Time": 2647.224,
                                    "Actual Total Time": 2647.241,
                                    "Actual Rows": 1,
                                    "Actual Loops": 1
                                }
                            ],
                            "Plans": [
                                {
                                    "Node Type": "Hash Join",
                                    "Parent Relationship": "Outer",
                                    "Parallel Aware": false,
                                    "Join Type": "Inner",
                                    "Startup Cost": 51305.12,
                                    "Total Cost": 270649.16,
                                    "Plan Rows": 58426,
                                    "Plan Width": 33,
                                    "Actual Startup Time": 261.385,
                                    "Actual Total Time": 2643.909,
                                    "Actual Rows": 32132,
                                    "Actual Loops": 4,
                                    "Output": [
                                        "chn.name",
                                        "t.title"
                                    ],
                                    "Inner Unique": true,
                                    "Hash Cond": "(ci.role_id = rt.id)",
                                    "Workers": [
                                        {
                                            "Worker Number": 0,
                                            "Actual Startup Time": 259.577,
                                            "Actual Total Time": 2641.37,
                                            "Actual Rows": 29360,
                                            "Actual Loops": 1
                                        },
                                        {
                                            "Worker Number": 1,
                                            "Actual Startup Time": 256.731,
                                            "Actual Total Time": 2640.291,
                                            "Actual Rows": 32629,
                                            "Actual Loops": 1
                                        },
                                        {
                                            "Worker Number": 2,
                                            "Actual Startup Time": 261.963,
                                            "Actual Total Time": 2640.017,
                                            "Actual Rows": 31917,
                                            "Actual Loops": 1
                                        }
                                    ],
                                    "Plans": [
                                        {
                                            "Node Type": "Hash Join",
                                            "Parent Relationship": "Outer",
                                            "Parallel Aware": false,
                                            "Join Type": "Inner",
                                            "Startup Cost": 51303.85,
                                            "Total Cost": 270440.35,
                                            "Plan Rows": 58426,
                                            "Plan Width": 37,
                                            "Actual Startup Time": 260.831,
                                            "Actual Total Time": 2635.86,
                                            "Actual Rows": 32132,
                                            "Actual Loops": 4,
                                            "Output": [
                                                "chn.name",
                                                "ci.role_id",
                                                "t.title"
                                            ],
                                            "Inner Unique": true,
                                            "Hash Cond": "(mc.company_type_id = ct.id)",
                                            "Workers": [
                                                {
                                                    "Worker Number": 0,
                                                    "Actual Startup Time": 258.734,
                                                    "Actual Total Time": 2633.107,
                                                    "Actual Rows": 29360,
                                                    "Actual Loops": 1
                                                },
                                                {
                                                    "Worker Number": 1,
                                                    "Actual Startup Time": 256.267,
                                                    "Actual Total Time": 2631.912,
                                                    "Actual Rows": 32629,
                                                    "Actual Loops": 1
                                                },
                                                {
                                                    "Worker Number": 2,
                                                    "Actual Startup Time": 261.24,
                                                    "Actual Total Time": 2631.252,
                                                    "Actual Rows": 31917,
                                                    "Actual Loops": 1
                                                }
                                            ],
                                            "Plans": [
                                                {
                                                    "Node Type": "Nested Loop",
                                                    "Parent Relationship": "Outer",
                                                    "Parallel Aware": false,
                                                    "Join Type": "Inner",
                                                    "Startup Cost": 51302.76,
                                                    "Total Cost": 270123.4,
                                                    "Plan Rows": 58426,
                                                    "Plan Width": 41,
                                                    "Actual Startup Time": 260.647,
                                                    "Actual Total Time": 2626.996,
                                                    "Actual Rows": 32132,
                                                    "Actual Loops": 4,
                                                    "Output": [
                                                        "chn.name",
                                                        "ci.role_id",
                                                        "mc.company_type_id",
                                                        "t.title"
                                                    ],
                                                    "Inner Unique": true,
                                                    "Workers": [
                                                        {
                                                            "Worker Number": 0,
                                                            "Actual Startup Time": 258.547,
                                                            "Actual Total Time": 2624.346,
                                                            "Actual Rows": 29360,
                                                            "Actual Loops": 1
                                                        },
                                                        {
                                                            "Worker Number": 1,
                                                            "Actual Startup Time": 256.058,
                                                            "Actual Total Time": 2622.498,
                                                            "Actual Rows": 32629,
                                                            "Actual Loops": 1
                                                        },
                                                        {
                                                            "Worker Number": 2,
                                                            "Actual Startup Time": 261.022,
                                                            "Actual Total Time": 2621.701,
                                                            "Actual Rows": 31917,
                                                            "Actual Loops": 1
                                                        }
                                                    ],
                                                    "Plans": [
                                                        {
                                                            "Node Type": "Nested Loop",
                                                            "Parent Relationship": "Outer",
                                                            "Parallel Aware": false,
                                                            "Join Type": "Inner",
                                                            "Startup Cost": 51302.33,
                                                            "Total Cost": 229377.14,
                                                            "Plan Rows": 58426,
                                                            "Plan Width": 29,
                                                            "Actual Startup Time": 260.568,
                                                            "Actual Total Time": 2490.967,
                                                            "Actual Rows": 34358,
                                                            "Actual Loops": 4,
                                                            "Output": [
                                                                "ci.person_role_id",
                                                                "ci.role_id",
                                                                "mc.company_type_id",
                                                                "t.title"
                                                            ],
                                                            "Inner Unique": false,
                                                            "Join Filter": "(t.id = ci.movie_id)",
                                                            "Rows Removed by Join Filter": 0,
                                                            "Workers": [
                                                                {
                                                                    "Worker Number": 0,
                                                                    "Actual Startup Time": 258.429,
                                                                    "Actual Total Time": 2489.541,
                                                                    "Actual Rows": 31078,
                                                                    "Actual Loops": 1
                                                                },
                                                                {
                                                                    "Worker Number": 1,
                                                                    "Actual Startup Time": 255.968,
                                                                    "Actual Total Time": 2482.8,
                                                                    "Actual Rows": 34591,
                                                                    "Actual Loops": 1
                                                                },
                                                                {
                                                                    "Worker Number": 2,
                                                                    "Actual Startup Time": 260.942,
                                                                    "Actual Total Time": 2477.608,
                                                                    "Actual Rows": 34466,
                                                                    "Actual Loops": 1
                                                                }
                                                            ],
                                                            "Plans": [
                                                                {
                                                                    "Node Type": "Hash Join",
                                                                    "Parent Relationship": "Outer",
                                                                    "Parallel Aware": true,
                                                                    "Join Type": "Inner",
                                                                    "Startup Cost": 51301.77,
                                                                    "Total Cost": 81291.28,
                                                                    "Plan Rows": 79431,
                                                                    "Plan Width": 29,
                                                                    "Actual Startup Time": 257.025,
                                                                    "Actual Total Time": 603.676,
                                                                    "Actual Rows": 54508,
                                                                    "Actual Loops": 4,
                                                                    "Output": [
                                                                        "mc.movie_id",
                                                                        "mc.company_type_id",
                                                                        "t.title",
                                                                        "t.id"
                                                                    ],
                                                                    "Inner Unique": true,
                                                                    "Hash Cond": "(mc.company_id = cn.id)",
                                                                    "Workers": [
                                                                        {
                                                                            "Worker Number": 0,
                                                                            "Actual Startup Time": 253.28,
                                                                            "Actual Total Time": 598.37,
                                                                            "Actual Rows": 50392,
                                                                            "Actual Loops": 1
                                                                        },
                                                                        {
                                                                            "Worker Number": 1,
                                                                            "Actual Startup Time": 253.959,
                                                                            "Actual Total Time": 599.104,
                                                                            "Actual Rows": 53130,
                                                                            "Actual Loops": 1
                                                                        },
                                                                        {
                                                                            "Worker Number": 2,
                                                                            "Actual Startup Time": 254.011,
                                                                            "Actual Total Time": 597.243,
                                                                            "Actual Rows": 51664,
                                                                            "Actual Loops": 1
                                                                        }
                                                                    ],
                                                                    "Plans": [
                                                                        {
                                                                            "Node Type": "Hash Join",
                                                                            "Parent Relationship": "Outer",
                                                                            "Parallel Aware": true,
                                                                            "Join Type": "Inner",
                                                                            "Startup Cost": 45950.75,
                                                                            "Total Cost": 75366.64,
                                                                            "Plan Rows": 218519,
                                                                            "Plan Width": 33,
                                                                            "Actual Startup Time": 224.846,
                                                                            "Actual Total Time": 527.075,
                                                                            "Actual Rows": 131144,
                                                                            "Actual Loops": 4,
                                                                            "Output": [
                                                                                "mc.movie_id",
                                                                                "mc.company_id",
                                                                                "mc.company_type_id",
                                                                                "t.title",
                                                                                "t.id"
                                                                            ],
                                                                            "Inner Unique": true,
                                                                            "Hash Cond": "(mc.movie_id = t.id)",
                                                                            "Workers": [
                                                                                {
                                                                                    "Worker Number": 0,
                                                                                    "Actual Startup Time": 224.829,
                                                                                    "Actual Total Time": 525.225,
                                                                                    "Actual Rows": 121178,
                                                                                    "Actual Loops": 1
                                                                                },
                                                                                {
                                                                                    "Worker Number": 1,
                                                                                    "Actual Startup Time": 224.774,
                                                                                    "Actual Total Time": 525.525,
                                                                                    "Actual Rows": 126999,
                                                                                    "Actual Loops": 1
                                                                                },
                                                                                {
                                                                                    "Worker Number": 2,
                                                                                    "Actual Startup Time": 225.017,
                                                                                    "Actual Total Time": 524.678,
                                                                                    "Actual Rows": 121441,
                                                                                    "Actual Loops": 1
                                                                                }
                                                                            ],
                                                                            "Plans": [
                                                                                {
                                                                                    "Node Type": "Seq Scan",
                                                                                    "Parent Relationship": "Outer",
                                                                                    "Parallel Aware": true,
                                                                                    "Relation Name": "movie_companies",
                                                                                    "Schema": "public",
                                                                                    "Alias": "mc",
                                                                                    "Startup Cost": 0.0,
                                                                                    "Total Cost": 27206.55,
                                                                                    "Plan Rows": 841655,
                                                                                    "Plan Width": 12,
                                                                                    "Actual Startup Time": 0.025,
                                                                                    "Actual Total Time": 68.534,
                                                                                    "Actual Rows": 652282,
                                                                                    "Actual Loops": 4,
                                                                                    "Output": [
                                                                                        "mc.id",
                                                                                        "mc.movie_id",
                                                                                        "mc.company_id",
                                                                                        "mc.company_type_id",
                                                                                        "mc.note"
                                                                                    ],
                                                                                    "Workers": [
                                                                                        {
                                                                                            "Worker Number": 0,
                                                                                            "Actual Startup Time": 0.036,
                                                                                            "Actual Total Time": 69.445,
                                                                                            "Actual Rows": 592996,
                                                                                            "Actual Loops": 1
                                                                                        },
                                                                                        {
                                                                                            "Worker Number": 1,
                                                                                            "Actual Startup Time": 0.031,
                                                                                            "Actual Total Time": 69.718,
                                                                                            "Actual Rows": 633619,
                                                                                            "Actual Loops": 1
                                                                                        },
                                                                                        {
                                                                                            "Worker Number": 2,
                                                                                            "Actual Startup Time": 0.028,
                                                                                            "Actual Total Time": 69.387,
                                                                                            "Actual Rows": 608108,
                                                                                            "Actual Loops": 1
                                                                                        }
                                                                                    ]
                                                                                },
                                                                                {
                                                                                    "Node Type": "Hash",
                                                                                    "Parent Relationship": "Inner",
                                                                                    "Parallel Aware": true,
                                                                                    "Startup Cost": 43899.32,
                                                                                    "Total Cost": 43899.32,
                                                                                    "Plan Rows": 164114,
                                                                                    "Plan Width": 21,
                                                                                    "Actual Startup Time": 222.317,
                                                                                    "Actual Total Time": 222.319,
                                                                                    "Actual Rows": 165516,
                                                                                    "Actual Loops": 4,
                                                                                    "Output": [
                                                                                        "t.title",
                                                                                        "t.id"
                                                                                    ],
                                                                                    "Hash Buckets": 1048576,
                                                                                    "Original Hash Buckets": 1048576,
                                                                                    "Hash Batches": 1,
                                                                                    "Original Hash Batches": 1,
                                                                                    "Peak Memory Usage": 45536,
                                                                                    "Workers": [
                                                                                        {
                                                                                            "Worker Number": 0,
                                                                                            "Actual Startup Time": 224.636,
                                                                                            "Actual Total Time": 224.637,
                                                                                            "Actual Rows": 146854,
                                                                                            "Actual Loops": 1
                                                                                        },
                                                                                        {
                                                                                            "Worker Number": 1,
                                                                                            "Actual Startup Time": 224.686,
                                                                                            "Actual Total Time": 224.687,
                                                                                            "Actual Rows": 150726,
                                                                                            "Actual Loops": 1
                                                                                        },
                                                                                        {
                                                                                            "Worker Number": 2,
                                                                                            "Actual Startup Time": 215.307,
                                                                                            "Actual Total Time": 215.308,
                                                                                            "Actual Rows": 148215,
                                                                                            "Actual Loops": 1
                                                                                        }
                                                                                    ],
                                                                                    "Plans": [
                                                                                        {
                                                                                            "Node Type": "Seq Scan",
                                                                                            "Parent Relationship": "Outer",
                                                                                            "Parallel Aware": true,
                                                                                            "Relation Name": "title",
                                                                                            "Schema": "public",
                                                                                            "Alias": "t",
                                                                                            "Startup Cost": 0.0,
                                                                                            "Total Cost": 43899.32,
                                                                                            "Plan Rows": 164114,
                                                                                            "Plan Width": 21,
                                                                                            "Actual Startup Time": 0.036,
                                                                                            "Actual Total Time": 122.275,
                                                                                            "Actual Rows": 165516,
                                                                                            "Actual Loops": 4,
                                                                                            "Output": [
                                                                                                "t.title",
                                                                                                "t.id"
                                                                                            ],
                                                                                            "Filter": "(t.production_year > 2008)",
                                                                                            "Rows Removed by Filter": 466562,
                                                                                            "Workers": [
                                                                                                {
                                                                                                    "Worker Number": 0,
                                                                                                    "Actual Startup Time": 0.038,
                                                                                                    "Actual Total Time": 124.252,
                                                                                                    "Actual Rows": 146854,
                                                                                                    "Actual Loops": 1
                                                                                                },
                                                                                                {
                                                                                                    "Worker Number": 1,
                                                                                                    "Actual Startup Time": 0.041,
                                                                                                    "Actual Total Time": 122.223,
                                                                                                    "Actual Rows": 150726,
                                                                                                    "Actual Loops": 1
                                                                                                },
                                                                                                {
                                                                                                    "Worker Number": 2,
                                                                                                    "Actual Startup Time": 0.036,
                                                                                                    "Actual Total Time": 124.357,
                                                                                                    "Actual Rows": 148215,
                                                                                                    "Actual Loops": 1
                                                                                                }
                                                                                            ]
                                                                                        }
                                                                                    ]
                                                                                }
                                                                            ]
                                                                        },
                                                                        {
                                                                            "Node Type": "Hash",
                                                                            "Parent Relationship": "Inner",
                                                                            "Parallel Aware": true,
                                                                            "Startup Cost": 4722.92,
                                                                            "Total Cost": 4722.92,
                                                                            "Plan Rows": 50248,
                                                                            "Plan Width": 4,
                                                                            "Actual Startup Time": 30.908,
                                                                            "Actual Total Time": 30.909,
                                                                            "Actual Rows": 21211,
                                                                            "Actual Loops": 4,
                                                                            "Output": [
                                                                                "cn.id"
                                                                            ],
                                                                            "Hash Buckets": 131072,
                                                                            "Original Hash Buckets": 131072,
                                                                            "Hash Batches": 1,
                                                                            "Original Hash Batches": 1,
                                                                            "Peak Memory Usage": 4416,
                                                                            "Workers": [
                                                                                {
                                                                                    "Worker Number": 0,
                                                                                    "Actual Startup Time": 28.388,
                                                                                    "Actual Total Time": 28.389,
                                                                                    "Actual Rows": 18910,
                                                                                    "Actual Loops": 1
                                                                                },
                                                                                {
                                                                                    "Worker Number": 1,
                                                                                    "Actual Startup Time": 29.102,
                                                                                    "Actual Total Time": 29.104,
                                                                                    "Actual Rows": 20050,
                                                                                    "Actual Loops": 1
                                                                                },
                                                                                {
                                                                                    "Worker Number": 2,
                                                                                    "Actual Startup Time": 28.655,
                                                                                    "Actual Total Time": 28.656,
                                                                                    "Actual Rows": 19139,
                                                                                    "Actual Loops": 1
                                                                                }
                                                                            ],
                                                                            "Plans": [
                                                                                {
                                                                                    "Node Type": "Seq Scan",
                                                                                    "Parent Relationship": "Outer",
                                                                                    "Parallel Aware": true,
                                                                                    "Relation Name": "company_name",
                                                                                    "Schema": "public",
                                                                                    "Alias": "cn",
                                                                                    "Startup Cost": 0.0,
                                                                                    "Total Cost": 4722.92,
                                                                                    "Plan Rows": 50248,
                                                                                    "Plan Width": 4,
                                                                                    "Actual Startup Time": 0.057,
                                                                                    "Actual Total Time": 20.309,
                                                                                    "Actual Rows": 21211,
                                                                                    "Actual Loops": 4,
                                                                                    "Output": [
                                                                                        "cn.id"
                                                                                    ],
                                                                                    "Filter": "((cn.country_code)::text = '[us]'::text)",
                                                                                    "Rows Removed by Filter": 37538,
                                                                                    "Workers": [
                                                                                        {
                                                                                            "Worker Number": 0,
                                                                                            "Actual Startup Time": 0.066,
                                                                                            "Actual Total Time": 18.487,
                                                                                            "Actual Rows": 18910,
                                                                                            "Actual Loops": 1
                                                                                        },
                                                                                        {
                                                                                            "Worker Number": 1,
                                                                                            "Actual Startup Time": 0.054,
                                                                                            "Actual Total Time": 19.222,
                                                                                            "Actual Rows": 20050,
                                                                                            "Actual Loops": 1
                                                                                        },
                                                                                        {
                                                                                            "Worker Number": 2,
                                                                                            "Actual Startup Time": 0.069,
                                                                                            "Actual Total Time": 18.643,
                                                                                            "Actual Rows": 19139,
                                                                                            "Actual Loops": 1
                                                                                        }
                                                                                    ]
                                                                                }
                                                                            ]
                                                                        }
                                                                    ]
                                                                },
                                                                {
                                                                    "Node Type": "Index Scan",
                                                                    "Parent Relationship": "Inner",
                                                                    "Parallel Aware": false,
                                                                    "Scan Direction": "Forward",
                                                                    "Index Name": "movie_id_cast_info",
                                                                    "Relation Name": "cast_info",
                                                                    "Schema": "public",
                                                                    "Alias": "ci",
                                                                    "Startup Cost": 0.56,
                                                                    "Total Cost": 1.85,
                                                                    "Plan Rows": 1,
                                                                    "Plan Width": 12,
                                                                    "Actual Startup Time": 0.031,
                                                                    "Actual Total Time": 0.034,
                                                                    "Actual Rows": 1,
                                                                    "Actual Loops": 218034,
                                                                    "Output": [
                                                                        "ci.id",
                                                                        "ci.person_id",
                                                                        "ci.movie_id",
                                                                        "ci.person_role_id",
                                                                        "ci.note",
                                                                        "ci.nr_order",
                                                                        "ci.role_id"
                                                                    ],
                                                                    "Index Cond": "(ci.movie_id = mc.movie_id)",
                                                                    "Rows Removed by Index Recheck": 0,
                                                                    "Filter": "(ci.note ~~ '%(voice)%'::text)",
                                                                    "Rows Removed by Filter": 32,
                                                                    "Workers": [
                                                                        {
                                                                            "Worker Number": 0,
                                                                            "Actual Startup Time": 0.033,
                                                                            "Actual Total Time": 0.037,
                                                                            "Actual Rows": 1,
                                                                            "Actual Loops": 50392
                                                                        },
                                                                        {
                                                                            "Worker Number": 1,
                                                                            "Actual Startup Time": 0.031,
                                                                            "Actual Total Time": 0.035,
                                                                            "Actual Rows": 1,
                                                                            "Actual Loops": 53130
                                                                        },
                                                                        {
                                                                            "Worker Number": 2,
                                                                            "Actual Startup Time": 0.032,
                                                                            "Actual Total Time": 0.036,
                                                                            "Actual Rows": 1,
                                                                            "Actual Loops": 51664
                                                                        }
                                                                    ]
                                                                }
                                                            ]
                                                        },
                                                        {
                                                            "Node Type": "Index Scan",
                                                            "Parent Relationship": "Inner",
                                                            "Parallel Aware": false,
                                                            "Scan Direction": "Forward",
                                                            "Index Name": "char_name_pkey",
                                                            "Relation Name": "char_name",
                                                            "Schema": "public",
                                                            "Alias": "chn",
                                                            "Startup Cost": 0.43,
                                                            "Total Cost": 0.7,
                                                            "Plan Rows": 1,
                                                            "Plan Width": 20,
                                                            "Actual Startup Time": 0.004,
                                                            "Actual Total Time": 0.004,
                                                            "Actual Rows": 1,
                                                            "Actual Loops": 137432,
                                                            "Output": [
                                                                "chn.id",
                                                                "chn.name",
                                                                "chn.imdb_index",
                                                                "chn.imdb_id",
                                                                "chn.name_pcode_nf",
                                                                "chn.surname_pcode",
                                                                "chn.md5sum"
                                                            ],
                                                            "Index Cond": "(chn.id = ci.person_role_id)",
                                                            "Rows Removed by Index Recheck": 0,
                                                            "Workers": [
                                                                {
                                                                    "Worker Number": 0,
                                                                    "Actual Startup Time": 0.004,
                                                                    "Actual Total Time": 0.004,
                                                                    "Actual Rows": 1,
                                                                    "Actual Loops": 31078
                                                                },
                                                                {
                                                                    "Worker Number": 1,
                                                                    "Actual Startup Time": 0.004,
                                                                    "Actual Total Time": 0.004,
                                                                    "Actual Rows": 1,
                                                                    "Actual Loops": 34591
                                                                },
                                                                {
                                                                    "Worker Number": 2,
                                                                    "Actual Startup Time": 0.004,
                                                                    "Actual Total Time": 0.004,
                                                                    "Actual Rows": 1,
                                                                    "Actual Loops": 34466
                                                                }
                                                            ]
                                                        }
                                                    ]
                                                },
                                                {
                                                    "Node Type": "Hash",
                                                    "Parent Relationship": "Inner",
                                                    "Parallel Aware": false,
                                                    "Startup Cost": 1.04,
                                                    "Total Cost": 1.04,
                                                    "Plan Rows": 4,
                                                    "Plan Width": 4,
                                                    "Actual Startup Time": 0.087,
                                                    "Actual Total Time": 0.09,
                                                    "Actual Rows": 4,
                                                    "Actual Loops": 4,
                                                    "Output": [
                                                        "ct.id"
                                                    ],
                                                    "Hash Buckets": 1024,
                                                    "Original Hash Buckets": 1024,
                                                    "Hash Batches": 1,
                                                    "Original Hash Batches": 1,
                                                    "Peak Memory Usage": 9,
                                                    "Workers": [
                                                        {
                                                            "Worker Number": 0,
                                                            "Actual Startup Time": 0.071,
                                                            "Actual Total Time": 0.072,
                                                            "Actual Rows": 4,
                                                            "Actual Loops": 1
                                                        },
                                                        {
                                                            "Worker Number": 1,
                                                            "Actual Startup Time": 0.134,
                                                            "Actual Total Time": 0.135,
                                                            "Actual Rows": 4,
                                                            "Actual Loops": 1
                                                        },
                                                        {
                                                            "Worker Number": 2,
                                                            "Actual Startup Time": 0.115,
                                                            "Actual Total Time": 0.124,
                                                            "Actual Rows": 4,
                                                            "Actual Loops": 1
                                                        }
                                                    ],
                                                    "Plans": [
                                                        {
                                                            "Node Type": "Seq Scan",
                                                            "Parent Relationship": "Outer",
                                                            "Parallel Aware": false,
                                                            "Relation Name": "company_type",
                                                            "Schema": "public",
                                                            "Alias": "ct",
                                                            "Startup Cost": 0.0,
                                                            "Total Cost": 1.04,
                                                            "Plan Rows": 4,
                                                            "Plan Width": 4,
                                                            "Actual Startup Time": 0.053,
                                                            "Actual Total Time": 0.058,
                                                            "Actual Rows": 4,
                                                            "Actual Loops": 4,
                                                            "Output": [
                                                                "ct.id"
                                                            ],
                                                            "Workers": [
                                                                {
                                                                    "Worker Number": 0,
                                                                    "Actual Startup Time": 0.047,
                                                                    "Actual Total Time": 0.05,
                                                                    "Actual Rows": 4,
                                                                    "Actual Loops": 1
                                                                },
                                                                {
                                                                    "Worker Number": 1,
                                                                    "Actual Startup Time": 0.09,
                                                                    "Actual Total Time": 0.099,
                                                                    "Actual Rows": 4,
                                                                    "Actual Loops": 1
                                                                },
                                                                {
                                                                    "Worker Number": 2,
                                                                    "Actual Startup Time": 0.062,
                                                                    "Actual Total Time": 0.065,
                                                                    "Actual Rows": 4,
                                                                    "Actual Loops": 1
                                                                }
                                                            ]
                                                        }
                                                    ]
                                                }
                                            ]
                                        },
                                        {
                                            "Node Type": "Hash",
                                            "Parent Relationship": "Inner",
                                            "Parallel Aware": false,
                                            "Startup Cost": 1.12,
                                            "Total Cost": 1.12,
                                            "Plan Rows": 12,
                                            "Plan Width": 4,
                                            "Actual Startup Time": 0.149,
                                            "Actual Total Time": 0.15,
                                            "Actual Rows": 12,
                                            "Actual Loops": 4,
                                            "Output": [
                                                "rt.id"
                                            ],
                                            "Hash Buckets": 1024,
                                            "Original Hash Buckets": 1024,
                                            "Hash Batches": 1,
                                            "Original Hash Batches": 1,
                                            "Peak Memory Usage": 9,
                                            "Workers": [
                                                {
                                                    "Worker Number": 0,
                                                    "Actual Startup Time": 0.225,
                                                    "Actual Total Time": 0.225,
                                                    "Actual Rows": 12,
                                                    "Actual Loops": 1
                                                },
                                                {
                                                    "Worker Number": 1,
                                                    "Actual Startup Time": 0.124,
                                                    "Actual Total Time": 0.125,
                                                    "Actual Rows": 12,
                                                    "Actual Loops": 1
                                                },
                                                {
                                                    "Worker Number": 2,
                                                    "Actual Startup Time": 0.203,
                                                    "Actual Total Time": 0.204,
                                                    "Actual Rows": 12,
                                                    "Actual Loops": 1
                                                }
                                            ],
                                            "Plans": [
                                                {
                                                    "Node Type": "Seq Scan",
                                                    "Parent Relationship": "Outer",
                                                    "Parallel Aware": false,
                                                    "Relation Name": "role_type",
                                                    "Schema": "public",
                                                    "Alias": "rt",
                                                    "Startup Cost": 0.0,
                                                    "Total Cost": 1.12,
                                                    "Plan Rows": 12,
                                                    "Plan Width": 4,
                                                    "Actual Startup Time": 0.098,
                                                    "Actual Total Time": 0.11,
                                                    "Actual Rows": 12,
                                                    "Actual Loops": 4,
                                                    "Output": [
                                                        "rt.id"
                                                    ],
                                                    "Workers": [
                                                        {
                                                            "Worker Number": 0,
                                                            "Actual Startup Time": 0.136,
                                                            "Actual Total Time": 0.167,
                                                            "Actual Rows": 12,
                                                            "Actual Loops": 1
                                                        },
                                                        {
                                                            "Worker Number": 1,
                                                            "Actual Startup Time": 0.071,
                                                            "Actual Total Time": 0.076,
                                                            "Actual Rows": 12,
                                                            "Actual Loops": 1
                                                        },
                                                        {
                                                            "Worker Number": 2,
                                                            "Actual Startup Time": 0.167,
                                                            "Actual Total Time": 0.173,
                                                            "Actual Rows": 12,
                                                            "Actual Loops": 1
                                                        }
                                                    ]
                                                }
                                            ]
                                        }
                                    ]
                                }
                            ]
                        }
                    ]
                }
            ]
        },
        "Planning Time": 850.394,
        "Triggers": [],
        "Execution Time": 2888.496
    }
]