{
  "Plan": {
    "Node Type": "Aggregate",
    "Strategy": "Plain",
    "Partial Mode": "Finalize",
    "Parallel Aware": false,
    "Startup Cost": 165563.02,
    "Total Cost": 165563.03,
    "Plan Rows": 1,
    "Plan Width": 8,
    "Actual Startup Time": 1154.081,
    "Actual Total Time": 1179.398,
    "Actual Rows": 1,
    "Actual Loops": 1,
    "Plans": [
      {
        "Node Type": "Gather",
        "Parent Relationship": "Outer",
        "Parallel Aware": false,
        "Startup Cost": 165562.91,
        "Total Cost": 165563.02,
        "Plan Rows": 1,
        "Plan Width": 8,
        "Actual Startup Time": 1150.997,
        "Actual Total Time": 1179.387,
        "Actual Rows": 2,
        "Actual Loops": 1,
        "Workers Planned": 1,
        "Workers Launched": 1,
        "Single Copy": false,
        "Plans": [
          {
            "Node Type": "Aggregate",
            "Strategy": "Plain",
            "Partial Mode": "Partial",
            "Parent Relationship": "Outer",
            "Parallel Aware": false,
            "Startup Cost": 164562.91,
            "Total Cost": 164562.92,
            "Plan Rows": 1,
            "Plan Width": 8,
            "Actual Startup Time": 1145.339,
            "Actual Total Time": 1145.783,
            "Actual Rows": 1,
            "Actual Loops": 2,
            "Plans": [
              {
                "Node Type": "Hash Join",
                "Parent Relationship": "Outer",
                "Parallel Aware": true,
                "Join Type": "Inner",
                "Startup Cost": 102251.69,
                "Total Cost": 164403.63,
                "Plan Rows": 63713,
                "Plan Width": 0,
                "Actual Startup Time": 644.845,
                "Actual Total Time": 1084.486,
                "Actual Rows": 1216030,
                "Actual Loops": 2,
                "Inner Unique": false,
                "Hash Cond": "(mk.movie_id = t.id)",
                "Plans": [
                  {
                    "Node Type": "Seq Scan",
                    "Parent Relationship": "Outer",
                    "Parallel Aware": true,
                    "Relation Name": "movie_keyword",
                    "Alias": "mk",
                    "Startup Cost": 0.0,
                    "Total Cost": 57718.19,
                    "Plan Rows": 1082389,
                    "Plan Width": 4,
                    "Actual Startup Time": 0.019,
                    "Actual Total Time": 213.726,
                    "Actual Rows": 923428,
                    "Actual Loops": 2,
                    "Filter": "(keyword_id < 3068)",
                    "Rows Removed by Filter": 1338536
                  },
                  {
                    "Node Type": "Hash",
                    "Parent Relationship": "Inner",
                    "Parallel Aware": true,
                    "Startup Cost": 101157.39,
                    "Total Cost": 101157.39,
                    "Plan Rows": 87544,
                    "Plan Width": 8,
                    "Actual Startup Time": 641.03,
                    "Actual Total Time": 641.472,
                    "Actual Rows": 258364,
                    "Actual Loops": 2,
                    "Hash Buckets": 524288,
                    "Original Hash Buckets": 262144,
                    "Hash Batches": 1,
                    "Original Hash Batches": 1,
                    "Peak Memory Usage": 26400,
                    "Plans": [
                      {
                        "Node Type": "Hash Join",
                        "Parent Relationship": "Outer",
                        "Parallel Aware": true,
                        "Join Type": "Inner",
                        "Startup Cost": 59451.44,
                        "Total Cost": 101157.39,
                        "Plan Rows": 87544,
                        "Plan Width": 8,
                        "Actual Startup Time": 207.748,
                        "Actual Total Time": 568.167,
                        "Actual Rows": 258364,
                        "Actual Loops": 2,
                        "Inner Unique": true,
                        "Hash Cond": "(mc.movie_id = t.id)",
                        "Plans": [
                          {
                            "Node Type": "Seq Scan",
                            "Parent Relationship": "Outer",
                            "Parallel Aware": true,
                            "Relation Name": "movie_companies",
                            "Alias": "mc",
                            "Startup Cost": 0.0,
                            "Total Cost": 37974.77,
                            "Plan Rows": 1421395,
                            "Plan Width": 4,
                            "Actual Startup Time": 0.02,
                            "Actual Total Time": 160.102,
                            "Actual Rows": 1210929,
                            "Actual Loops": 2,
                            "Filter": "(company_id < 117664)",
                            "Rows Removed by Filter": 93636
                          },
                          {
                            "Node Type": "Hash",
                            "Parent Relationship": "Inner",
                            "Parallel Aware": true,
                            "Startup Cost": 58306.47,
                            "Total Cost": 58306.47,
                            "Plan Rows": 91598,
                            "Plan Width": 4,
                            "Actual Startup Time": 205.199,
                            "Actual Total Time": 205.2,
                            "Actual Rows": 132018,
                            "Actual Loops": 2,
                            "Hash Buckets": 524288,
                            "Original Hash Buckets": 262144,
                            "Hash Batches": 1,
                            "Original Hash Batches": 1,
                            "Peak Memory Usage": 16512,
                            "Plans": [
                              {
                                "Node Type": "Seq Scan",
                                "Parent Relationship": "Outer",
                                "Parallel Aware": true,
                                "Relation Name": "title",
                                "Alias": "t",
                                "Startup Cost": 0.0,
                                "Total Cost": 58306.47,
                                "Plan Rows": 91598,
                                "Plan Width": 4,
                                "Actual Startup Time": 0.127,
                                "Actual Total Time": 165.061,
                                "Actual Rows": 132018,
                                "Actual Loops": 2,
                                "Filter": "((kind_id < 7) AND (production_year < 1973))",
                                "Rows Removed by Filter": 1132138
                              }
                            ]
                          }
                        ]
                      }
                    ]
                  }
                ]
              }
            ]
          }
        ]
      }
    ]
  },
  "Planning Time": 1.04,
  "Triggers": [],
  "Execution Time": 1179.484
}