[
  {
    "Plan": {
      "Node Type": "Aggregate",
      "Strategy": "Plain",
      "Partial Mode": "Finalize",
      "Parallel Aware": false,
      "Startup Cost": 59002.57,
      "Total Cost": 59002.58,
      "Plan Rows": 1,
      "Plan Width": 8,
      "Actual Startup Time": 41.876,
      "Actual Total Time": 48.57,
      "Actual Rows": 1,
      "Actual Loops": 1,
      "Plans": [
        {
          "Node Type": "Gather",
          "Parent Relationship": "Outer",
          "Parallel Aware": false,
          "Startup Cost": 59002.15,
          "Total Cost": 59002.56,
          "Plan Rows": 4,
          "Plan Width": 8,
          "Actual Startup Time": 41.681,
          "Actual Total Time": 48.564,
          "Actual Rows": 5,
          "Actual Loops": 1,
          "Workers Planned": 4,
          "Workers Launched": 4,
          "Single Copy": false,
          "Plans": [
            {
              "Node Type": "Aggregate",
              "Strategy": "Plain",
              "Partial Mode": "Partial",
              "Parent Relationship": "Outer",
              "Parallel Aware": false,
              "Startup Cost": 58002.15,
              "Total Cost": 58002.16,
              "Plan Rows": 1,
              "Plan Width": 8,
              "Actual Startup Time": 37.603,
              "Actual Total Time": 37.604,
              "Actual Rows": 1,
              "Actual Loops": 5,
              "Plans": [
                {
                  "Node Type": "Nested Loop",
                  "Parent Relationship": "Outer",
                  "Parallel Aware": false,
                  "Join Type": "Inner",
                  "Startup Cost": 1728.69,
                  "Total Cost": 58001.72,
                  "Plan Rows": 172,
                  "Plan Width": 0,
                  "Actual Startup Time": 7.663,
                  "Actual Total Time": 37.564,
                  "Actual Rows": 189,
                  "Actual Loops": 5,
                  "Inner Unique": false,
                  "Plans": [
                    {
                      "Node Type": "Bitmap Heap Scan",
                      "Parent Relationship": "Outer",
                      "Parallel Aware": true,
                      "Relation Name": "title",
                      "Alias": "t",
                      "Startup Cost": 1728.26,
                      "Total Cost": 38089.4,
                      "Plan Rows": 1532,
                      "Plan Width": 4,
                      "Actual Startup Time": 7.499,
                      "Actual Total Time": 27.784,
                      "Actual Rows": 648,
                      "Actual Loops": 5,
                      "Recheck Cond": "(kind_id = 3)",
                      "Rows Removed by Index Recheck": 0,
                      "Filter": "(production_year = 2012)",
                      "Rows Removed by Filter": 19459,
                      "Exact Heap Blocks": 4802,
                      "Lossy Heap Blocks": 0,
                      "Plans": [
                        {
                          "Node Type": "Bitmap Index Scan",
                          "Parent Relationship": "Outer",
                          "Parallel Aware": false,
                          "Index Name": "kind_id_title",
                          "Startup Cost": 0.0,
                          "Total Cost": 1726.72,
                          "Plan Rows": 96839,
                          "Plan Width": 0,
                          "Actual Startup Time": 8.047,
                          "Actual Total Time": 8.048,
                          "Actual Rows": 100537,
                          "Actual Loops": 1,
                          "Index Cond": "(kind_id = 3)"
                        }
                      ]
                    },
                    {
                      "Node Type": "Index Scan",
                      "Parent Relationship": "Inner",
                      "Parallel Aware": false,
                      "Scan Direction": "Forward",
                      "Index Name": "movie_id_movie_companies",
                      "Relation Name": "movie_companies",
                      "Alias": "mc",
                      "Startup Cost": 0.43,
                      "Total Cost": 12.99,
                      "Plan Rows": 1,
                      "Plan Width": 4,
                      "Actual Startup Time": 0.014,
                      "Actual Total Time": 0.014,
                      "Actual Rows": 0,
                      "Actual Loops": 3242,
                      "Index Cond": "(movie_id = t.id)",
                      "Rows Removed by Index Recheck": 0,
                      "Filter": "(company_id < 150)",
                      "Rows Removed by Filter": 2
                    }
                  ]
                }
              ]
            }
          ]
        }
      ]
    },
    "Planning Time": 0.472,
    "Triggers": [],
    "Execution Time": 48.625
  }
]