[
  {
    "Plan": {
      "Node Type": "Aggregate",
      "Strategy": "Plain",
      "Partial Mode": "Finalize",
      "Parallel Aware": false,
      "Startup Cost": 59777.8,
      "Total Cost": 59777.81,
      "Plan Rows": 1,
      "Plan Width": 8,
      "Actual Startup Time": 65.301,
      "Actual Total Time": 72.24,
      "Actual Rows": 1,
      "Actual Loops": 1,
      "Plans": [
        {
          "Node Type": "Gather",
          "Parent Relationship": "Outer",
          "Parallel Aware": false,
          "Startup Cost": 59777.38,
          "Total Cost": 59777.79,
          "Plan Rows": 4,
          "Plan Width": 8,
          "Actual Startup Time": 65.02,
          "Actual Total Time": 72.233,
          "Actual Rows": 5,
          "Actual Loops": 1,
          "Workers Planned": 4,
          "Workers Launched": 4,
          "Single Copy": false,
          "Plans": [
            {
              "Node Type": "Aggregate",
              "Strategy": "Plain",
              "Partial Mode": "Partial",
              "Parent Relationship": "Outer",
              "Parallel Aware": false,
              "Startup Cost": 58777.38,
              "Total Cost": 58777.39,
              "Plan Rows": 1,
              "Plan Width": 8,
              "Actual Startup Time": 54.991,
              "Actual Total Time": 54.993,
              "Actual Rows": 1,
              "Actual Loops": 5,
              "Plans": [
                {
                  "Node Type": "Nested Loop",
                  "Parent Relationship": "Outer",
                  "Parallel Aware": false,
                  "Join Type": "Inner",
                  "Startup Cost": 1825.19,
                  "Total Cost": 58776.92,
                  "Plan Rows": 181,
                  "Plan Width": 0,
                  "Actual Startup Time": 14.387,
                  "Actual Total Time": 54.943,
                  "Actual Rows": 189,
                  "Actual Loops": 5,
                  "Inner Unique": false,
                  "Plans": [
                    {
                      "Node Type": "Bitmap Heap Scan",
                      "Parent Relationship": "Outer",
                      "Parallel Aware": true,
                      "Relation Name": "title",
                      "Alias": "t",
                      "Startup Cost": 1824.76,
                      "Total Cost": 38206.11,
                      "Plan Rows": 1627,
                      "Plan Width": 4,
                      "Actual Startup Time": 13.925,
                      "Actual Total Time": 41.501,
                      "Actual Rows": 648,
                      "Actual Loops": 5,
                      "Recheck Cond": "(kind_id = 3)",
                      "Rows Removed by Index Recheck": 0,
                      "Filter": "(production_year = 2012)",
                      "Rows Removed by Filter": 19459,
                      "Exact Heap Blocks": 7608,
                      "Lossy Heap Blocks": 0,
                      "Plans": [
                        {
                          "Node Type": "Bitmap Index Scan",
                          "Parent Relationship": "Outer",
                          "Parallel Aware": false,
                          "Index Name": "kind_id_title",
                          "Startup Cost": 0.0,
                          "Total Cost": 1823.13,
                          "Plan Rows": 102227,
                          "Plan Width": 0,
                          "Actual Startup Time": 18.285,
                          "Actual Total Time": 18.286,
                          "Actual Rows": 100537,
                          "Actual Loops": 1,
                          "Index Cond": "(kind_id = 3)"
                        }
                      ]
                    },
                    {
                      "Node Type": "Index Scan",
                      "Parent Relationship": "Inner",
                      "Parallel Aware": false,
                      "Scan Direction": "Forward",
                      "Index Name": "movie_id_movie_companies",
                      "Relation Name": "movie_companies",
                      "Alias": "mc",
                      "Startup Cost": 0.43,
                      "Total Cost": 12.63,
                      "Plan Rows": 1,
                      "Plan Width": 4,
                      "Actual Startup Time": 0.019,
                      "Actual Total Time": 0.02,
                      "Actual Rows": 0,
                      "Actual Loops": 3242,
                      "Index Cond": "(movie_id = t.id)",
                      "Rows Removed by Index Recheck": 0,
                      "Filter": "(company_id < 150)",
                      "Rows Removed by Filter": 2
                    }
                  ]
                }
              ]
            }
          ]
        }
      ]
    },
    "Planning Time": 0.702,
    "Triggers": [],
    "Execution Time": 72.332
  }
]