[
  {
    "Plan": {
      "Node Type": "Aggregate",
      "Strategy": "Plain",
      "Partial Mode": "Finalize",
      "Parallel Aware": false,
      "Startup Cost": 218729.11,
      "Total Cost": 218729.12,
      "Plan Rows": 1,
      "Plan Width": 8,
      "Actual Startup Time": 159.78,
      "Actual Total Time": 173.727,
      "Actual Rows": 1,
      "Actual Loops": 1,
      "Plans": [
        {
          "Node Type": "Gather",
          "Parent Relationship": "Outer",
          "Parallel Aware": false,
          "Startup Cost": 218728.59,
          "Total Cost": 218729.1,
          "Plan Rows": 5,
          "Plan Width": 8,
          "Actual Startup Time": 158.12,
          "Actual Total Time": 173.721,
          "Actual Rows": 6,
          "Actual Loops": 1,
          "Workers Planned": 5,
          "Workers Launched": 5,
          "Single Copy": false,
          "Plans": [
            {
              "Node Type": "Aggregate",
              "Strategy": "Plain",
              "Partial Mode": "Partial",
              "Parent Relationship": "Outer",
              "Parallel Aware": false,
              "Startup Cost": 217728.59,
              "Total Cost": 217728.6,
              "Plan Rows": 1,
              "Plan Width": 8,
              "Actual Startup Time": 150.854,
              "Actual Total Time": 150.858,
              "Actual Rows": 1,
              "Actual Loops": 6,
              "Plans": [
                {
                  "Node Type": "Hash Join",
                  "Parent Relationship": "Outer",
                  "Parallel Aware": true,
                  "Join Type": "Inner",
                  "Startup Cost": 54095.4,
                  "Total Cost": 217711.72,
                  "Plan Rows": 6747,
                  "Plan Width": 0,
                  "Actual Startup Time": 130.598,
                  "Actual Total Time": 150.531,
                  "Actual Rows": 5374,
                  "Actual Loops": 6,
                  "Inner Unique": true,
                  "Hash Cond": "(mi.movie_id = t.id)",
                  "Plans": [
                    {
                      "Node Type": "Bitmap Heap Scan",
                      "Parent Relationship": "Outer",
                      "Parallel Aware": true,
                      "Relation Name": "movie_info",
                      "Alias": "mi",
                      "Startup Cost": 9699.36,
                      "Total Cost": 173033.94,
                      "Plan Rows": 107327,
                      "Plan Width": 4,
                      "Actual Startup Time": 19.232,
                      "Actual Total Time": 38.998,
                      "Actual Rows": 90561,
                      "Actual Loops": 6,
                      "Recheck Cond": "(info_type_id > 98)",
                      "Rows Removed by Index Recheck": 0,
                      "Exact Heap Blocks": 1804,
                      "Lossy Heap Blocks": 0,
                      "Plans": [
                        {
                          "Node Type": "Bitmap Index Scan",
                          "Parent Relationship": "Outer",
                          "Parallel Aware": false,
                          "Index Name": "info_type_id_movie_info",
                          "Startup Cost": 0.0,
                          "Total Cost": 9565.2,
                          "Plan Rows": 536635,
                          "Plan Width": 0,
                          "Actual Startup Time": 18.266,
                          "Actual Total Time": 18.266,
                          "Actual Rows": 543367,
                          "Actual Loops": 1,
                          "Index Cond": "(info_type_id > 98)"
                        }
                      ]
                    },
                    {
                      "Node Type": "Hash",
                      "Parent Relationship": "Inner",
                      "Parallel Aware": true,
                      "Startup Cost": 43899.32,
                      "Total Cost": 43899.32,
                      "Plan Rows": 39738,
                      "Plan Width": 4,
                      "Actual Startup Time": 95.254,
                      "Actual Total Time": 95.255,
                      "Actual Rows": 26670,
                      "Actual Loops": 6,
                      "Hash Buckets": 262144,
                      "Original Hash Buckets": 262144,
                      "Hash Batches": 1,
                      "Original Hash Batches": 1,
                      "Peak Memory Usage": 8384,
                      "Plans": [
                        {
                          "Node Type": "Seq Scan",
                          "Parent Relationship": "Outer",
                          "Parallel Aware": true,
                          "Relation Name": "title",
                          "Alias": "t",
                          "Startup Cost": 0.0,
                          "Total Cost": 43899.32,
                          "Plan Rows": 39738,
                          "Plan Width": 4,
                          "Actual Startup Time": 0.045,
                          "Actual Total Time": 83.103,
                          "Actual Rows": 26670,
                          "Actual Loops": 6,
                          "Filter": "(production_year = 2011)",
                          "Rows Removed by Filter": 394716
                        }
                      ]
                    }
                  ]
                }
              ]
            }
          ]
        }
      ]
    },
    "Planning Time": 0.244,
    "Triggers": [],
    "Execution Time": 173.769
  }
]