{
  "Plan": {
    "Node Type": "Aggregate",
    "Strategy": "Plain",
    "Partial Mode": "Finalize",
    "Parallel Aware": false,
    "Startup Cost": 316622.96,
    "Total Cost": 316622.97,
    "Plan Rows": 1,
    "Plan Width": 8,
    "Actual Startup Time": 2240.4,
    "Actual Total Time": 2260.395,
    "Actual Rows": 1,
    "Actual Loops": 1,
    "Plans": [
      {
        "Node Type": "Gather",
        "Parent Relationship": "Outer",
        "Parallel Aware": false,
        "Startup Cost": 316622.85,
        "Total Cost": 316622.96,
        "Plan Rows": 1,
        "Plan Width": 8,
        "Actual Startup Time": 2234.59,
        "Actual Total Time": 2260.386,
        "Actual Rows": 2,
        "Actual Loops": 1,
        "Workers Planned": 1,
        "Workers Launched": 1,
        "Single Copy": false,
        "Plans": [
          {
            "Node Type": "Aggregate",
            "Strategy": "Plain",
            "Partial Mode": "Partial",
            "Parent Relationship": "Outer",
            "Parallel Aware": false,
            "Startup Cost": 315622.85,
            "Total Cost": 315622.86,
            "Plan Rows": 1,
            "Plan Width": 8,
            "Actual Startup Time": 2218.278,
            "Actual Total Time": 2218.285,
            "Actual Rows": 1,
            "Actual Loops": 2,
            "Plans": [
              {
                "Node Type": "Hash Join",
                "Parent Relationship": "Outer",
                "Parallel Aware": true,
                "Join Type": "Inner",
                "Startup Cost": 247094.63,
                "Total Cost": 315129.18,
                "Plan Rows": 197468,
                "Plan Width": 0,
                "Actual Startup Time": 758.908,
                "Actual Total Time": 1809.884,
                "Actual Rows": 8137012,
                "Actual Loops": 2,
                "Inner Unique": false,
                "Hash Cond": "(mk.movie_id = t.id)",
                "Plans": [
                  {
                    "Node Type": "Seq Scan",
                    "Parent Relationship": "Outer",
                    "Parallel Aware": true,
                    "Relation Name": "movie_keyword",
                    "Alias": "mk",
                    "Startup Cost": 0.0,
                    "Total Cost": 57718.19,
                    "Plan Rows": 2441274,
                    "Plan Width": 4,
                    "Actual Startup Time": 0.017,
                    "Actual Total Time": 236.893,
                    "Actual Rows": 2082378,
                    "Actual Loops": 2,
                    "Filter": "(keyword_id < 46484)",
                    "Rows Removed by Filter": 179588
                  },
                  {
                    "Node Type": "Hash",
                    "Parent Relationship": "Inner",
                    "Parallel Aware": true,
                    "Startup Cost": 245590.91,
                    "Total Cost": 245590.91,
                    "Plan Rows": 120298,
                    "Plan Width": 8,
                    "Actual Startup Time": 753.64,
                    "Actual Total Time": 753.645,
                    "Actual Rows": 98877,
                    "Actual Loops": 2,
                    "Hash Buckets": 262144,
                    "Original Hash Buckets": 262144,
                    "Hash Batches": 1,
                    "Original Hash Batches": 1,
                    "Peak Memory Usage": 9824,
                    "Plans": [
                      {
                        "Node Type": "Hash Join",
                        "Parent Relationship": "Outer",
                        "Parallel Aware": true,
                        "Join Type": "Inner",
                        "Startup Cost": 73166.06,
                        "Total Cost": 245590.91,
                        "Plan Rows": 120298,
                        "Plan Width": 8,
                        "Actual Startup Time": 680.36,
                        "Actual Total Time": 728.479,
                        "Actual Rows": 98877,
                        "Actual Loops": 2,
                        "Inner Unique": true,
                        "Hash Cond": "(mi.movie_id = t.id)",
                        "Plans": [
                          {
                            "Node Type": "Bitmap Heap Scan",
                            "Parent Relationship": "Outer",
                            "Parallel Aware": true,
                            "Relation Name": "movie_info",
                            "Alias": "mi",
                            "Startup Cost": 3705.36,
                            "Total Cost": 175814.43,
                            "Plan Rows": 120298,
                            "Plan Width": 4,
                            "Actual Startup Time": 10.763,
                            "Actual Total Time": 31.142,
                            "Actual Rows": 98877,
                            "Actual Loops": 2,
                            "Recheck Cond": "(info_type_id > 106)",
                            "Rows Removed by Index Recheck": 0,
                            "Exact Heap Blocks": 2306,
                            "Lossy Heap Blocks": 0,
                            "Plans": [
                              {
                                "Node Type": "Bitmap Index Scan",
                                "Parent Relationship": "Outer",
                                "Parallel Aware": false,
                                "Index Name": "info_type_id_movie_info",
                                "Startup Cost": 0.0,
                                "Total Cost": 3654.24,
                                "Plan Rows": 204507,
                                "Plan Width": 0,
                                "Actual Startup Time": 9.654,
                                "Actual Total Time": 9.655,
                                "Actual Rows": 197754,
                                "Actual Loops": 1,
                                "Index Cond": "(info_type_id > 106)"
                              }
                            ]
                          },
                          {
                            "Node Type": "Hash",
                            "Parent Relationship": "Inner",
                            "Parallel Aware": true,
                            "Startup Cost": 50870.31,
                            "Total Cost": 50870.31,
                            "Plan Rows": 1487231,
                            "Plan Width": 4,
                            "Actual Startup Time": 647.008,
                            "Actual Total Time": 647.009,
                            "Actual Rows": 1264156,
                            "Actual Loops": 2,
                            "Hash Buckets": 4194304,
                            "Original Hash Buckets": 4194304,
                            "Hash Batches": 1,
                            "Original Hash Batches": 1,
                            "Peak Memory Usage": 131712,
                            "Plans": [
                              {
                                "Node Type": "Seq Scan",
                                "Parent Relationship": "Outer",
                                "Parallel Aware": true,
                                "Relation Name": "title",
                                "Alias": "t",
                                "Startup Cost": 0.0,
                                "Total Cost": 50870.31,
                                "Plan Rows": 1487231,
                                "Plan Width": 4,
                                "Actual Startup Time": 0.028,
                                "Actual Total Time": 192.213,
                                "Actual Rows": 1264156,
                                "Actual Loops": 2
                              }
                            ]
                          }
                        ]
                      }
                    ]
                  }
                ]
              }
            ]
          }
        ]
      }
    ]
  },
  "Planning Time": 0.654,
  "Triggers": [],
  "Execution Time": 2260.547
}