[
  {
    "Plan": {
      "Node Type": "Aggregate",
      "Strategy": "Plain",
      "Partial Mode": "Finalize",
      "Parallel Aware": false,
      "Startup Cost": 44990.1,
      "Total Cost": 44990.11,
      "Plan Rows": 1,
      "Plan Width": 8,
      "Actual Startup Time": 162.723,
      "Actual Total Time": 175.282,
      "Actual Rows": 1,
      "Actual Loops": 1,
      "Plans": [
        {
          "Node Type": "Gather",
          "Parent Relationship": "Outer",
          "Parallel Aware": false,
          "Startup Cost": 44989.78,
          "Total Cost": 44990.09,
          "Plan Rows": 3,
          "Plan Width": 8,
          "Actual Startup Time": 162.555,
          "Actual Total Time": 175.27,
          "Actual Rows": 4,
          "Actual Loops": 1,
          "Workers Planned": 3,
          "Workers Launched": 3,
          "Single Copy": false,
          "Plans": [
            {
              "Node Type": "Aggregate",
              "Strategy": "Plain",
              "Partial Mode": "Partial",
              "Parent Relationship": "Outer",
              "Parallel Aware": false,
              "Startup Cost": 43989.78,
              "Total Cost": 43989.79,
              "Plan Rows": 1,
              "Plan Width": 8,
              "Actual Startup Time": 155.854,
              "Actual Total Time": 155.857,
              "Actual Rows": 1,
              "Actual Loops": 4,
              "Plans": [
                {
                  "Node Type": "Seq Scan",
                  "Parent Relationship": "Outer",
                  "Parallel Aware": true,
                  "Relation Name": "movie_keyword",
                  "Alias": "mk",
                  "Startup Cost": 0.0,
                  "Total Cost": 42695.65,
                  "Plan Rows": 517651,
                  "Plan Width": 0,
                  "Actual Startup Time": 0.495,
                  "Actual Total Time": 131.593,
                  "Actual Rows": 398816,
                  "Actual Loops": 4,
                  "Filter": "(keyword_id > 9650)",
                  "Rows Removed by Filter": 732166
                }
              ]
            }
          ]
        }
      ]
    },
    "Planning Time": 0.072,
    "Triggers": [],
    "Execution Time": 175.309
  }
]