[
  {
    "Plan": {
      "Node Type": "Aggregate",
      "Strategy": "Plain",
      "Partial Mode": "Finalize",
      "Parallel Aware": false,
      "Startup Cost": 44909.21,
      "Total Cost": 44909.22,
      "Plan Rows": 1,
      "Plan Width": 8,
      "Actual Startup Time": 131.507,
      "Actual Total Time": 138.508,
      "Actual Rows": 1,
      "Actual Loops": 1,
      "Plans": [
        {
          "Node Type": "Gather",
          "Parent Relationship": "Outer",
          "Parallel Aware": false,
          "Startup Cost": 44908.89,
          "Total Cost": 44909.2,
          "Plan Rows": 3,
          "Plan Width": 8,
          "Actual Startup Time": 131.394,
          "Actual Total Time": 138.5,
          "Actual Rows": 4,
          "Actual Loops": 1,
          "Workers Planned": 3,
          "Workers Launched": 3,
          "Single Copy": false,
          "Plans": [
            {
              "Node Type": "Aggregate",
              "Strategy": "Plain",
              "Partial Mode": "Partial",
              "Parent Relationship": "Outer",
              "Parallel Aware": false,
              "Startup Cost": 43908.89,
              "Total Cost": 43908.9,
              "Plan Rows": 1,
              "Plan Width": 8,
              "Actual Startup Time": 123.119,
              "Actual Total Time": 123.12,
              "Actual Rows": 1,
              "Actual Loops": 4,
              "Plans": [
                {
                  "Node Type": "Seq Scan",
                  "Parent Relationship": "Outer",
                  "Parallel Aware": true,
                  "Relation Name": "movie_keyword",
                  "Alias": "mk",
                  "Startup Cost": 0.0,
                  "Total Cost": 42695.65,
                  "Plan Rows": 485294,
                  "Plan Width": 0,
                  "Actual Startup Time": 1.581,
                  "Actual Total Time": 104.386,
                  "Actual Rows": 372668,
                  "Actual Loops": 4,
                  "Filter": "(keyword_id > 10917)",
                  "Rows Removed by Filter": 758314
                }
              ]
            }
          ]
        }
      ]
    },
    "Planning Time": 0.166,
    "Triggers": [],
    "Execution Time": 138.576
  }
]