[
  {
    "Plan": {
      "Node Type": "Aggregate",
      "Strategy": "Plain",
      "Partial Mode": "Finalize",
      "Parallel Aware": false,
      "Startup Cost": 611472.35,
      "Total Cost": 611472.36,
      "Plan Rows": 1,
      "Plan Width": 8,
      "Actual Startup Time": 5206.004,
      "Actual Total Time": 5285.636,
      "Actual Rows": 1,
      "Actual Loops": 1,
      "Plans": [
        {
          "Node Type": "Gather",
          "Parent Relationship": "Outer",
          "Parallel Aware": false,
          "Startup Cost": 611471.72,
          "Total Cost": 611472.33,
          "Plan Rows": 6,
          "Plan Width": 8,
          "Actual Startup Time": 5169.367,
          "Actual Total Time": 5285.619,
          "Actual Rows": 7,
          "Actual Loops": 1,
          "Workers Planned": 6,
          "Workers Launched": 6,
          "Single Copy": false,
          "Plans": [
            {
              "Node Type": "Aggregate",
              "Strategy": "Plain",
              "Partial Mode": "Partial",
              "Parent Relationship": "Outer",
              "Parallel Aware": false,
              "Startup Cost": 610471.72,
              "Total Cost": 610471.73,
              "Plan Rows": 1,
              "Plan Width": 8,
              "Actual Startup Time": 5151.907,
              "Actual Total Time": 5153.92,
              "Actual Rows": 1,
              "Actual Loops": 7,
              "Plans": [
                {
                  "Node Type": "Hash Join",
                  "Parent Relationship": "Outer",
                  "Parallel Aware": true,
                  "Join Type": "Inner",
                  "Startup Cost": 257303.9,
                  "Total Cost": 602422.96,
                  "Plan Rows": 3219506,
                  "Plan Width": 0,
                  "Actual Startup Time": 1205.868,
                  "Actual Total Time": 4461.512,
                  "Actual Rows": 16510855,
                  "Actual Loops": 7,
                  "Inner Unique": false,
                  "Hash Cond": "(ci.movie_id = t.id)",
                  "Plans": [
                    {
                      "Node Type": "Seq Scan",
                      "Parent Relationship": "Outer",
                      "Parallel Aware": true,
                      "Relation Name": "cast_info",
                      "Alias": "ci",
                      "Startup Cost": 0.0,
                      "Total Cost": 328211.39,
                      "Plan Rows": 2791642,
                      "Plan Width": 4,
                      "Actual Startup Time": 0.045,
                      "Actual Total Time": 588.948,
                      "Actual Rows": 2420513,
                      "Actual Loops": 7,
                      "Filter": "(person_id < 1674620)",
                      "Rows Removed by Filter": 2757250
                    },
                    {
                      "Node Type": "Hash",
                      "Parent Relationship": "Inner",
                      "Parallel Aware": true,
                      "Startup Cost": 250014.04,
                      "Total Cost": 250014.04,
                      "Plan Rows": 583189,
                      "Plan Width": 8,
                      "Actual Startup Time": 1199.824,
                      "Actual Total Time": 1201.835,
                      "Actual Rows": 710607,
                      "Actual Loops": 7,
                      "Hash Buckets": 8388608,
                      "Original Hash Buckets": 4194304,
                      "Hash Batches": 1,
                      "Original Hash Batches": 1,
                      "Peak Memory Usage": 293024,
                      "Plans": [
                        {
                          "Node Type": "Hash Join",
                          "Parent Relationship": "Outer",
                          "Parallel Aware": true,
                          "Join Type": "Inner",
                          "Startup Cost": 46982.15,
                          "Total Cost": 250014.04,
                          "Plan Rows": 583189,
                          "Plan Width": 8,
                          "Actual Startup Time": 158.173,
                          "Actual Total Time": 770.554,
                          "Actual Rows": 710607,
                          "Actual Loops": 7,
                          "Inner Unique": true,
                          "Hash Cond": "(mi.movie_id = t.id)",
                          "Plans": [
                            {
                              "Node Type": "Seq Scan",
                              "Parent Relationship": "Outer",
                              "Parallel Aware": true,
                              "Relation Name": "movie_info",
                              "Alias": "mi",
                              "Startup Cost": 0.0,
                              "Total Cost": 199108.24,
                              "Plan Rows": 1494718,
                              "Plan Width": 4,
                              "Actual Startup Time": 15.019,
                              "Actual Total Time": 308.887,
                              "Actual Rows": 1078408,
                              "Actual Loops": 7,
                              "Filter": "(info_type_id > 7)",
                              "Rows Removed by Filter": 1040981
                            },
                            {
                              "Node Type": "Hash",
                              "Parent Relationship": "Inner",
                              "Parallel Aware": true,
                              "Startup Cost": 43899.32,
                              "Total Cost": 43899.32,
                              "Plan Rows": 246626,
                              "Plan Width": 4,
                              "Actual Startup Time": 141.954,
                              "Actual Total Time": 141.956,
                              "Actual Rows": 140721,
                              "Actual Loops": 7,
                              "Hash Buckets": 1048576,
                              "Original Hash Buckets": 1048576,
                              "Hash Batches": 1,
                              "Original Hash Batches": 1,
                              "Peak Memory Usage": 46816,
                              "Plans": [
                                {
                                  "Node Type": "Seq Scan",
                                  "Parent Relationship": "Outer",
                                  "Parallel Aware": true,
                                  "Relation Name": "title",
                                  "Alias": "t",
                                  "Startup Cost": 0.0,
                                  "Total Cost": 43899.32,
                                  "Plan Rows": 246626,
                                  "Plan Width": 4,
                                  "Actual Startup Time": 0.059,
                                  "Actual Total Time": 78.776,
                                  "Actual Rows": 140721,
                                  "Actual Loops": 7,
                                  "Filter": "(kind_id < 7)",
                                  "Rows Removed by Filter": 220466
                                }
                              ]
                            }
                          ]
                        }
                      ]
                    }
                  ]
                }
              ]
            }
          ]
        }
      ]
    },
    "Planning Time": 0.672,
    "Triggers": [],
    "Execution Time": 5285.729
  }
]