[
  {
    "Plan": {
      "Node Type": "Aggregate",
      "Strategy": "Plain",
      "Partial Mode": "Finalize",
      "Parallel Aware": false,
      "Startup Cost": 350856.46,
      "Total Cost": 350856.47,
      "Plan Rows": 1,
      "Plan Width": 8,
      "Actual Startup Time": 796.821,
      "Actual Total Time": 856.304,
      "Actual Rows": 1,
      "Actual Loops": 1,
      "Plans": [
        {
          "Node Type": "Gather",
          "Parent Relationship": "Outer",
          "Parallel Aware": false,
          "Startup Cost": 350855.83,
          "Total Cost": 350856.44,
          "Plan Rows": 6,
          "Plan Width": 8,
          "Actual Startup Time": 796.679,
          "Actual Total Time": 856.292,
          "Actual Rows": 7,
          "Actual Loops": 1,
          "Workers Planned": 6,
          "Workers Launched": 6,
          "Single Copy": false,
          "Plans": [
            {
              "Node Type": "Aggregate",
              "Strategy": "Plain",
              "Partial Mode": "Partial",
              "Parent Relationship": "Outer",
              "Parallel Aware": false,
              "Startup Cost": 349855.83,
              "Total Cost": 349855.84,
              "Plan Rows": 1,
              "Plan Width": 8,
              "Actual Startup Time": 787.963,
              "Actual Total Time": 787.964,
              "Actual Rows": 1,
              "Actual Loops": 7,
              "Plans": [
                {
                  "Node Type": "Seq Scan",
                  "Parent Relationship": "Outer",
                  "Parallel Aware": true,
                  "Relation Name": "cast_info",
                  "Alias": "ci",
                  "Startup Cost": 0.0,
                  "Total Cost": 343257.03,
                  "Plan Rows": 2639522,
                  "Plan Width": 0,
                  "Actual Startup Time": 357.437,
                  "Actual Total Time": 693.762,
                  "Actual Rows": 2132779,
                  "Actual Loops": 7,
                  "Filter": "((person_id < 3830646) AND (role_id > 2))",
                  "Rows Removed by Filter": 3044985
                }
              ]
            }
          ]
        }
      ]
    },
    "Planning Time": 0.16,
    "Triggers": [],
    "Execution Time": 856.362
  }
]