{
  "Plan": {
    "Node Type": "Aggregate",
    "Strategy": "Plain",
    "Partial Mode": "Finalize",
    "Parallel Aware": false,
    "Startup Cost": 106712.36,
    "Total Cost": 106712.37,
    "Plan Rows": 1,
    "Plan Width": 8,
    "Actual Startup Time": 677.483,
    "Actual Total Time": 691.006,
    "Actual Rows": 1,
    "Actual Loops": 1,
    "Plans": [
      {
        "Node Type": "Gather",
        "Parent Relationship": "Outer",
        "Parallel Aware": false,
        "Startup Cost": 106712.25,
        "Total Cost": 106712.36,
        "Plan Rows": 1,
        "Plan Width": 8,
        "Actual Startup Time": 675.449,
        "Actual Total Time": 690.997,
        "Actual Rows": 2,
        "Actual Loops": 1,
        "Workers Planned": 1,
        "Workers Launched": 1,
        "Single Copy": false,
        "Plans": [
          {
            "Node Type": "Aggregate",
            "Strategy": "Plain",
            "Partial Mode": "Partial",
            "Parent Relationship": "Outer",
            "Parallel Aware": false,
            "Startup Cost": 105712.25,
            "Total Cost": 105712.26,
            "Plan Rows": 1,
            "Plan Width": 8,
            "Actual Startup Time": 669.878,
            "Actual Total Time": 669.882,
            "Actual Rows": 1,
            "Actual Loops": 2,
            "Plans": [
              {
                "Node Type": "Hash Join",
                "Parent Relationship": "Outer",
                "Parallel Aware": true,
                "Join Type": "Inner",
                "Startup Cost": 42352.72,
                "Total Cost": 104759.64,
                "Plan Rows": 381042,
                "Plan Width": 0,
                "Actual Startup Time": 179.938,
                "Actual Total Time": 652.872,
                "Actual Rows": 329885,
                "Actual Loops": 2,
                "Inner Unique": false,
                "Hash Cond": "(t.id = mc.movie_id)",
                "Plans": [
                  {
                    "Node Type": "Seq Scan",
                    "Parent Relationship": "Outer",
                    "Parallel Aware": true,
                    "Relation Name": "title",
                    "Alias": "t",
                    "Startup Cost": 0.0,
                    "Total Cost": 50870.31,
                    "Plan Rows": 1487231,
                    "Plan Width": 4,
                    "Actual Startup Time": 0.012,
                    "Actual Total Time": 135.004,
                    "Actual Rows": 1264156,
                    "Actual Loops": 2
                  },
                  {
                    "Node Type": "Hash",
                    "Parent Relationship": "Inner",
                    "Parallel Aware": true,
                    "Startup Cost": 37589.69,
                    "Total Cost": 37589.69,
                    "Plan Rows": 381042,
                    "Plan Width": 4,
                    "Actual Startup Time": 174.537,
                    "Actual Total Time": 174.539,
                    "Actual Rows": 329885,
                    "Actual Loops": 2,
                    "Hash Buckets": 1048576,
                    "Original Hash Buckets": 1048576,
                    "Hash Batches": 1,
                    "Original Hash Batches": 1,
                    "Peak Memory Usage": 34016,
                    "Plans": [
                      {
                        "Node Type": "Bitmap Heap Scan",
                        "Parent Relationship": "Outer",
                        "Parallel Aware": true,
                        "Relation Name": "movie_companies",
                        "Alias": "mc",
                        "Startup Cost": 14036.66,
                        "Total Cost": 37589.69,
                        "Plan Rows": 381042,
                        "Plan Width": 4,
                        "Actual Startup Time": 31.886,
                        "Actual Total Time": 96.497,
                        "Actual Rows": 329885,
                        "Actual Loops": 2,
                        "Recheck Cond": "(company_id > 52532)",
                        "Rows Removed by Index Recheck": 0,
                        "Exact Heap Blocks": 8252,
                        "Lossy Heap Blocks": 0,
                        "Plans": [
                          {
                            "Node Type": "Bitmap Index Scan",
                            "Parent Relationship": "Outer",
                            "Parallel Aware": false,
                            "Index Name": "company_id_movie_companies",
                            "Startup Cost": 0.0,
                            "Total Cost": 13874.72,
                            "Plan Rows": 647772,
                            "Plan Width": 0,
                            "Actual Startup Time": 30.743,
                            "Actual Total Time": 30.743,
                            "Actual Rows": 659770,
                            "Actual Loops": 1,
                            "Index Cond": "(company_id > 52532)"
                          }
                        ]
                      }
                    ]
                  }
                ]
              }
            ]
          }
        ]
      }
    ]
  },
  "Planning Time": 0.362,
  "Triggers": [],
  "Execution Time": 691.059
}