[
  {
    "Plan": {
      "Node Type": "Aggregate",
      "Strategy": "Plain",
      "Partial Mode": "Finalize",
      "Parallel Aware": false,
      "Startup Cost": 503423.85,
      "Total Cost": 503423.86,
      "Plan Rows": 1,
      "Plan Width": 8,
      "Actual Startup Time": 5578.952,
      "Actual Total Time": 5622.9,
      "Actual Rows": 1,
      "Actual Loops": 1,
      "Plans": [
        {
          "Node Type": "Gather",
          "Parent Relationship": "Outer",
          "Parallel Aware": false,
          "Startup Cost": 503423.22,
          "Total Cost": 503423.83,
          "Plan Rows": 6,
          "Plan Width": 8,
          "Actual Startup Time": 5548.723,
          "Actual Total Time": 5622.889,
          "Actual Rows": 7,
          "Actual Loops": 1,
          "Workers Planned": 6,
          "Workers Launched": 6,
          "Single Copy": false,
          "Plans": [
            {
              "Node Type": "Aggregate",
              "Strategy": "Plain",
              "Partial Mode": "Partial",
              "Parent Relationship": "Outer",
              "Parallel Aware": false,
              "Startup Cost": 502423.22,
              "Total Cost": 502423.23,
              "Plan Rows": 1,
              "Plan Width": 8,
              "Actual Startup Time": 5533.161,
              "Actual Total Time": 5534.382,
              "Actual Rows": 1,
              "Actual Loops": 7,
              "Plans": [
                {
                  "Node Type": "Hash Join",
                  "Parent Relationship": "Outer",
                  "Parallel Aware": true,
                  "Join Type": "Inner",
                  "Startup Cost": 113320.17,
                  "Total Cost": 479135.33,
                  "Plan Rows": 9315156,
                  "Plan Width": 0,
                  "Actual Startup Time": 571.186,
                  "Actual Total Time": 4439.51,
                  "Actual Rows": 27731238,
                  "Actual Loops": 7,
                  "Inner Unique": false,
                  "Hash Cond": "(ci.movie_id = t.id)",
                  "Plans": [
                    {
                      "Node Type": "Seq Scan",
                      "Parent Relationship": "Outer",
                      "Parallel Aware": true,
                      "Relation Name": "cast_info",
                      "Alias": "ci",
                      "Startup Cost": 0.0,
                      "Total Cost": 313108.29,
                      "Plan Rows": 6042129,
                      "Plan Width": 4,
                      "Actual Startup Time": 0.024,
                      "Actual Total Time": 452.14,
                      "Actual Rows": 5177763,
                      "Actual Loops": 7
                    },
                    {
                      "Node Type": "Hash",
                      "Parent Relationship": "Inner",
                      "Parallel Aware": true,
                      "Startup Cost": 97602.77,
                      "Total Cost": 97602.77,
                      "Plan Rows": 1257392,
                      "Plan Width": 8,
                      "Actual Startup Time": 565.52,
                      "Actual Total Time": 566.74,
                      "Actual Rows": 578996,
                      "Actual Loops": 7,
                      "Hash Buckets": 4194304,
                      "Original Hash Buckets": 4194304,
                      "Hash Batches": 1,
                      "Original Hash Batches": 1,
                      "Peak Memory Usage": 191456,
                      "Plans": [
                        {
                          "Node Type": "Hash Join",
                          "Parent Relationship": "Outer",
                          "Parallel Aware": true,
                          "Join Type": "Inner",
                          "Startup Cost": 51456.37,
                          "Total Cost": 97602.77,
                          "Plan Rows": 1257392,
                          "Plan Width": 8,
                          "Actual Startup Time": 233.17,
                          "Actual Total Time": 419.121,
                          "Actual Rows": 578996,
                          "Actual Loops": 7,
                          "Inner Unique": true,
                          "Hash Cond": "(mk.movie_id = t.id)",
                          "Plans": [
                            {
                              "Node Type": "Seq Scan",
                              "Parent Relationship": "Outer",
                              "Parallel Aware": true,
                              "Relation Name": "movie_keyword",
                              "Alias": "mk",
                              "Startup Cost": 0.0,
                              "Total Cost": 42695.65,
                              "Plan Rows": 1314568,
                              "Plan Width": 4,
                              "Actual Startup Time": 0.014,
                              "Actual Total Time": 76.333,
                              "Actual Rows": 583303,
                              "Actual Loops": 7,
                              "Filter": "(keyword_id < 40043)",
                              "Rows Removed by Filter": 62973
                            },
                            {
                              "Node Type": "Hash",
                              "Parent Relationship": "Inner",
                              "Parallel Aware": true,
                              "Startup Cost": 43899.01,
                              "Total Cost": 43899.01,
                              "Plan Rows": 604589,
                              "Plan Width": 4,
                              "Actual Startup Time": 229.889,
                              "Actual Total Time": 229.89,
                              "Actual Rows": 345881,
                              "Actual Loops": 7,
                              "Hash Buckets": 4194304,
                              "Original Hash Buckets": 4194304,
                              "Hash Batches": 1,
                              "Original Hash Batches": 1,
                              "Peak Memory Usage": 127584,
                              "Plans": [
                                {
                                  "Node Type": "Seq Scan",
                                  "Parent Relationship": "Outer",
                                  "Parallel Aware": true,
                                  "Relation Name": "title",
                                  "Alias": "t",
                                  "Startup Cost": 0.0,
                                  "Total Cost": 43899.01,
                                  "Plan Rows": 604589,
                                  "Plan Width": 4,
                                  "Actual Startup Time": 0.041,
                                  "Actual Total Time": 73.221,
                                  "Actual Rows": 345881,
                                  "Actual Loops": 7,
                                  "Filter": "(production_year > 1911)",
                                  "Rows Removed by Filter": 15306
                                }
                              ]
                            }
                          ]
                        }
                      ]
                    }
                  ]
                }
              ]
            }
          ]
        }
      ]
    },
    "Planning Time": 0.65,
    "Triggers": [],
    "Execution Time": 5622.949
  }
]