[
  {
    "Plan": {
      "Node Type": "Aggregate",
      "Strategy": "Plain",
      "Partial Mode": "Finalize",
      "Parallel Aware": false,
      "Startup Cost": 25786.61,
      "Total Cost": 25786.62,
      "Plan Rows": 1,
      "Plan Width": 8,
      "Actual Startup Time": 77.415,
      "Actual Total Time": 81.264,
      "Actual Rows": 1,
      "Actual Loops": 1,
      "Plans": [
        {
          "Node Type": "Gather",
          "Parent Relationship": "Outer",
          "Parallel Aware": false,
          "Startup Cost": 25786.3,
          "Total Cost": 25786.61,
          "Plan Rows": 3,
          "Plan Width": 8,
          "Actual Startup Time": 77.219,
          "Actual Total Time": 81.255,
          "Actual Rows": 4,
          "Actual Loops": 1,
          "Workers Planned": 3,
          "Workers Launched": 3,
          "Single Copy": false,
          "Plans": [
            {
              "Node Type": "Aggregate",
              "Strategy": "Plain",
              "Partial Mode": "Partial",
              "Parent Relationship": "Outer",
              "Parallel Aware": false,
              "Startup Cost": 24786.3,
              "Total Cost": 24786.31,
              "Plan Rows": 1,
              "Plan Width": 8,
              "Actual Startup Time": 68.226,
              "Actual Total Time": 68.227,
              "Actual Rows": 1,
              "Actual Loops": 4,
              "Plans": [
                {
                  "Node Type": "Bitmap Heap Scan",
                  "Parent Relationship": "Outer",
                  "Parallel Aware": true,
                  "Relation Name": "movie_companies",
                  "Alias": "mc",
                  "Startup Cost": 4822.4,
                  "Total Cost": 24694.71,
                  "Plan Rows": 36635,
                  "Plan Width": 0,
                  "Actual Startup Time": 55.771,
                  "Actual Total Time": 67.465,
                  "Actual Rows": 12815,
                  "Actual Loops": 4,
                  "Recheck Cond": "(company_id < 82)",
                  "Rows Removed by Index Recheck": 0,
                  "Filter": "(company_type_id > 1)",
                  "Rows Removed by Filter": 43156,
                  "Exact Heap Blocks": 10352,
                  "Lossy Heap Blocks": 0,
                  "Plans": [
                    {
                      "Node Type": "Bitmap Index Scan",
                      "Parent Relationship": "Outer",
                      "Parallel Aware": false,
                      "Index Name": "company_id_movie_companies",
                      "Startup Cost": 0.0,
                      "Total Cost": 4794.01,
                      "Plan Rows": 223677,
                      "Plan Width": 0,
                      "Actual Startup Time": 28.571,
                      "Actual Total Time": 28.572,
                      "Actual Rows": 223883,
                      "Actual Loops": 1,
                      "Index Cond": "(company_id < 82)"
                    }
                  ]
                }
              ]
            }
          ]
        }
      ]
    },
    "Planning Time": 0.198,
    "Triggers": [],
    "Execution Time": 81.336
  }
]