[
  {
    "Plan": {
      "Node Type": "Aggregate",
      "Strategy": "Plain",
      "Partial Mode": "Finalize",
      "Parallel Aware": false,
      "Startup Cost": 61445.95,
      "Total Cost": 61445.96,
      "Plan Rows": 1,
      "Plan Width": 8,
      "Actual Startup Time": 106.739,
      "Actual Total Time": 120.38,
      "Actual Rows": 1,
      "Actual Loops": 1,
      "Plans": [
        {
          "Node Type": "Gather",
          "Parent Relationship": "Outer",
          "Parallel Aware": false,
          "Startup Cost": 61445.63,
          "Total Cost": 61445.94,
          "Plan Rows": 3,
          "Plan Width": 8,
          "Actual Startup Time": 106.101,
          "Actual Total Time": 120.372,
          "Actual Rows": 4,
          "Actual Loops": 1,
          "Workers Planned": 3,
          "Workers Launched": 3,
          "Single Copy": false,
          "Plans": [
            {
              "Node Type": "Aggregate",
              "Strategy": "Plain",
              "Partial Mode": "Partial",
              "Parent Relationship": "Outer",
              "Parallel Aware": false,
              "Startup Cost": 60445.63,
              "Total Cost": 60445.64,
              "Plan Rows": 1,
              "Plan Width": 8,
              "Actual Startup Time": 98.381,
              "Actual Total Time": 98.386,
              "Actual Rows": 1,
              "Actual Loops": 4,
              "Plans": [
                {
                  "Node Type": "Nested Loop",
                  "Parent Relationship": "Outer",
                  "Parallel Aware": false,
                  "Join Type": "Inner",
                  "Startup Cost": 39681.04,
                  "Total Cost": 60444.28,
                  "Plan Rows": 538,
                  "Plan Width": 0,
                  "Actual Startup Time": 79.735,
                  "Actual Total Time": 98.3,
                  "Actual Rows": 1086,
                  "Actual Loops": 4,
                  "Inner Unique": false,
                  "Join Filter": "(t.id = mk.movie_id)",
                  "Rows Removed by Join Filter": 0,
                  "Plans": [
                    {
                      "Node Type": "Hash Join",
                      "Parent Relationship": "Outer",
                      "Parallel Aware": true,
                      "Join Type": "Inner",
                      "Startup Cost": 39680.6,
                      "Total Cost": 58805.14,
                      "Plan Rows": 365,
                      "Plan Width": 8,
                      "Actual Startup Time": 79.663,
                      "Actual Total Time": 95.13,
                      "Actual Rows": 244,
                      "Actual Loops": 4,
                      "Inner Unique": true,
                      "Hash Cond": "(mc.movie_id = t.id)",
                      "Plans": [
                        {
                          "Node Type": "Bitmap Heap Scan",
                          "Parent Relationship": "Outer",
                          "Parallel Aware": true,
                          "Relation Name": "movie_companies",
                          "Alias": "mc",
                          "Startup Cost": 1487.82,
                          "Total Cost": 20554.29,
                          "Plan Rows": 22118,
                          "Plan Width": 4,
                          "Actual Startup Time": 5.896,
                          "Actual Total Time": 17.44,
                          "Actual Rows": 17482,
                          "Actual Loops": 4,
                          "Recheck Cond": "(company_id < 11)",
                          "Rows Removed by Index Recheck": 0,
                          "Exact Heap Blocks": 3612,
                          "Lossy Heap Blocks": 0,
                          "Plans": [
                            {
                              "Node Type": "Bitmap Index Scan",
                              "Parent Relationship": "Outer",
                              "Parallel Aware": false,
                              "Index Name": "company_id_movie_companies",
                              "Startup Cost": 0.0,
                              "Total Cost": 1470.67,
                              "Plan Rows": 68566,
                              "Plan Width": 0,
                              "Actual Startup Time": 4.515,
                              "Actual Total Time": 4.515,
                              "Actual Rows": 69928,
                              "Actual Loops": 1,
                              "Index Cond": "(company_id < 11)"
                            }
                          ]
                        },
                        {
                          "Node Type": "Hash",
                          "Parent Relationship": "Inner",
                          "Parallel Aware": true,
                          "Startup Cost": 38062.39,
                          "Total Cost": 38062.39,
                          "Plan Rows": 10432,
                          "Plan Width": 4,
                          "Actual Startup Time": 73.005,
                          "Actual Total Time": 73.007,
                          "Actual Rows": 9386,
                          "Actual Loops": 4,
                          "Hash Buckets": 65536,
                          "Original Hash Buckets": 65536,
                          "Hash Batches": 1,
                          "Original Hash Batches": 1,
                          "Peak Memory Usage": 2048,
                          "Plans": [
                            {
                              "Node Type": "Bitmap Heap Scan",
                              "Parent Relationship": "Outer",
                              "Parallel Aware": true,
                              "Relation Name": "title",
                              "Alias": "t",
                              "Startup Cost": 1707.88,
                              "Total Cost": 38062.39,
                              "Plan Rows": 10432,
                              "Plan Width": 4,
                              "Actual Startup Time": 20.761,
                              "Actual Total Time": 68.929,
                              "Actual Rows": 9386,
                              "Actual Loops": 4,
                              "Recheck Cond": "(kind_id = 2)",
                              "Rows Removed by Index Recheck": 0,
                              "Filter": "(production_year > 2004)",
                              "Rows Removed by Filter": 13327,
                              "Exact Heap Blocks": 16079,
                              "Lossy Heap Blocks": 0,
                              "Plans": [
                                {
                                  "Node Type": "Bitmap Index Scan",
                                  "Parent Relationship": "Outer",
                                  "Parallel Aware": false,
                                  "Index Name": "kind_id_title",
                                  "Startup Cost": 0.0,
                                  "Total Cost": 1697.45,
                                  "Plan Rows": 95069,
                                  "Plan Width": 0,
                                  "Actual Startup Time": 18.334,
                                  "Actual Total Time": 18.334,
                                  "Actual Rows": 90852,
                                  "Actual Loops": 1,
                                  "Index Cond": "(kind_id = 2)"
                                }
                              ]
                            }
                          ]
                        }
                      ]
                    },
                    {
                      "Node Type": "Index Scan",
                      "Parent Relationship": "Inner",
                      "Parallel Aware": false,
                      "Scan Direction": "Forward",
                      "Index Name": "movie_id_movie_keyword",
                      "Relation Name": "movie_keyword",
                      "Alias": "mk",
                      "Startup Cost": 0.43,
                      "Total Cost": 4.02,
                      "Plan Rows": 38,
                      "Plan Width": 4,
                      "Actual Startup Time": 0.011,
                      "Actual Total Time": 0.012,
                      "Actual Rows": 4,
                      "Actual Loops": 974,
                      "Index Cond": "(movie_id = mc.movie_id)",
                      "Rows Removed by Index Recheck": 0,
                      "Filter": "(keyword_id < 23590)",
                      "Rows Removed by Filter": 1
                    }
                  ]
                }
              ]
            }
          ]
        }
      ]
    },
    "Planning Time": 1.309,
    "Triggers": [],
    "Execution Time": 120.487
  }
]