[
  {
    "Plan": {
      "Node Type": "Aggregate",
      "Strategy": "Plain",
      "Partial Mode": "Finalize",
      "Parallel Aware": false,
      "Startup Cost": 45579.66,
      "Total Cost": 45579.67,
      "Plan Rows": 1,
      "Plan Width": 8,
      "Actual Startup Time": 149.146,
      "Actual Total Time": 158.804,
      "Actual Rows": 1,
      "Actual Loops": 1,
      "Plans": [
        {
          "Node Type": "Gather",
          "Parent Relationship": "Outer",
          "Parallel Aware": false,
          "Startup Cost": 45579.34,
          "Total Cost": 45579.65,
          "Plan Rows": 3,
          "Plan Width": 8,
          "Actual Startup Time": 149.011,
          "Actual Total Time": 158.795,
          "Actual Rows": 4,
          "Actual Loops": 1,
          "Workers Planned": 3,
          "Workers Launched": 3,
          "Single Copy": false,
          "Plans": [
            {
              "Node Type": "Aggregate",
              "Strategy": "Plain",
              "Partial Mode": "Partial",
              "Parent Relationship": "Outer",
              "Parallel Aware": false,
              "Startup Cost": 44579.34,
              "Total Cost": 44579.35,
              "Plan Rows": 1,
              "Plan Width": 8,
              "Actual Startup Time": 141.969,
              "Actual Total Time": 141.97,
              "Actual Rows": 1,
              "Actual Loops": 4,
              "Plans": [
                {
                  "Node Type": "Seq Scan",
                  "Parent Relationship": "Outer",
                  "Parallel Aware": true,
                  "Relation Name": "movie_keyword",
                  "Alias": "mk",
                  "Startup Cost": 0.0,
                  "Total Cost": 42695.65,
                  "Plan Rows": 753476,
                  "Plan Width": 0,
                  "Actual Startup Time": 0.059,
                  "Actual Total Time": 114.632,
                  "Actual Rows": 584184,
                  "Actual Loops": 4,
                  "Filter": "(keyword_id < 5166)",
                  "Rows Removed by Filter": 546798
                }
              ]
            }
          ]
        }
      ]
    },
    "Planning Time": 0.186,
    "Triggers": [],
    "Execution Time": 158.868
  }
]