[
  {
    "Plan": {
      "Node Type": "Aggregate",
      "Strategy": "Plain",
      "Partial Mode": "Finalize",
      "Parallel Aware": false,
      "Startup Cost": 33036.07,
      "Total Cost": 33036.08,
      "Plan Rows": 1,
      "Plan Width": 8,
      "Actual Startup Time": 90.34,
      "Actual Total Time": 98.178,
      "Actual Rows": 1,
      "Actual Loops": 1,
      "Plans": [
        {
          "Node Type": "Gather",
          "Parent Relationship": "Outer",
          "Parallel Aware": false,
          "Startup Cost": 33035.75,
          "Total Cost": 33036.06,
          "Plan Rows": 3,
          "Plan Width": 8,
          "Actual Startup Time": 90.202,
          "Actual Total Time": 98.169,
          "Actual Rows": 4,
          "Actual Loops": 1,
          "Workers Planned": 3,
          "Workers Launched": 3,
          "Single Copy": false,
          "Plans": [
            {
              "Node Type": "Aggregate",
              "Strategy": "Plain",
              "Partial Mode": "Partial",
              "Parent Relationship": "Outer",
              "Parallel Aware": false,
              "Startup Cost": 32035.75,
              "Total Cost": 32035.76,
              "Plan Rows": 1,
              "Plan Width": 8,
              "Actual Startup Time": 82.721,
              "Actual Total Time": 82.722,
              "Actual Rows": 1,
              "Actual Loops": 4,
              "Plans": [
                {
                  "Node Type": "Seq Scan",
                  "Parent Relationship": "Outer",
                  "Parallel Aware": true,
                  "Relation Name": "movie_companies",
                  "Alias": "mc",
                  "Startup Cost": 0.0,
                  "Total Cost": 31414.82,
                  "Plan Rows": 248372,
                  "Plan Width": 0,
                  "Actual Startup Time": 8.556,
                  "Actual Total Time": 76.352,
                  "Actual Rows": 137340,
                  "Actual Loops": 4,
                  "Filter": "((company_id > 6036) AND (company_type_id = 1))",
                  "Rows Removed by Filter": 514942
                }
              ]
            }
          ]
        }
      ]
    },
    "Planning Time": 0.222,
    "Triggers": [],
    "Execution Time": 98.239
  }
]