[
  {
    "Plan": {
      "Node Type": "Aggregate",
      "Strategy": "Plain",
      "Partial Mode": "Finalize",
      "Parallel Aware": false,
      "Startup Cost": 30871.31,
      "Total Cost": 30871.32,
      "Plan Rows": 1,
      "Plan Width": 8,
      "Actual Startup Time": 101.367,
      "Actual Total Time": 111.415,
      "Actual Rows": 1,
      "Actual Loops": 1,
      "Plans": [
        {
          "Node Type": "Gather",
          "Parent Relationship": "Outer",
          "Parallel Aware": false,
          "Startup Cost": 30870.99,
          "Total Cost": 30871.3,
          "Plan Rows": 3,
          "Plan Width": 8,
          "Actual Startup Time": 100.967,
          "Actual Total Time": 111.403,
          "Actual Rows": 4,
          "Actual Loops": 1,
          "Workers Planned": 3,
          "Workers Launched": 3,
          "Single Copy": false,
          "Plans": [
            {
              "Node Type": "Aggregate",
              "Strategy": "Plain",
              "Partial Mode": "Partial",
              "Parent Relationship": "Outer",
              "Parallel Aware": false,
              "Startup Cost": 29870.99,
              "Total Cost": 29871.0,
              "Plan Rows": 1,
              "Plan Width": 8,
              "Actual Startup Time": 94.866,
              "Actual Total Time": 94.868,
              "Actual Rows": 1,
              "Actual Loops": 4,
              "Plans": [
                {
                  "Node Type": "Bitmap Heap Scan",
                  "Parent Relationship": "Outer",
                  "Parallel Aware": true,
                  "Relation Name": "movie_keyword",
                  "Alias": "mk",
                  "Startup Cost": 4411.27,
                  "Total Cost": 29703.37,
                  "Plan Rows": 67048,
                  "Plan Width": 0,
                  "Actual Startup Time": 27.113,
                  "Actual Total Time": 90.194,
                  "Actual Rows": 52951,
                  "Actual Loops": 4,
                  "Recheck Cond": "(keyword_id > 66332)",
                  "Rows Removed by Index Recheck": 0,
                  "Exact Heap Blocks": 9204,
                  "Lossy Heap Blocks": 0,
                  "Plans": [
                    {
                      "Node Type": "Bitmap Index Scan",
                      "Parent Relationship": "Outer",
                      "Parallel Aware": false,
                      "Index Name": "keyword_id_movie_keyword",
                      "Startup Cost": 0.0,
                      "Total Cost": 4359.31,
                      "Plan Rows": 207850,
                      "Plan Width": 0,
                      "Actual Startup Time": 27.682,
                      "Actual Total Time": 27.683,
                      "Actual Rows": 211804,
                      "Actual Loops": 1,
                      "Index Cond": "(keyword_id > 66332)"
                    }
                  ]
                }
              ]
            }
          ]
        }
      ]
    },
    "Planning Time": 0.231,
    "Triggers": [],
    "Execution Time": 111.495
  }
]