[
  {
    "Plan": {
      "Node Type": "Aggregate",
      "Strategy": "Plain",
      "Partial Mode": "Finalize",
      "Parallel Aware": false,
      "Startup Cost": 337004.19,
      "Total Cost": 337004.2,
      "Plan Rows": 1,
      "Plan Width": 8,
      "Actual Startup Time": 666.277,
      "Actual Total Time": 693.641,
      "Actual Rows": 1,
      "Actual Loops": 1,
      "Plans": [
        {
          "Node Type": "Gather",
          "Parent Relationship": "Outer",
          "Parallel Aware": false,
          "Startup Cost": 337003.57,
          "Total Cost": 337004.18,
          "Plan Rows": 6,
          "Plan Width": 8,
          "Actual Startup Time": 666.165,
          "Actual Total Time": 693.635,
          "Actual Rows": 7,
          "Actual Loops": 1,
          "Workers Planned": 6,
          "Workers Launched": 6,
          "Single Copy": false,
          "Plans": [
            {
              "Node Type": "Aggregate",
              "Strategy": "Plain",
              "Partial Mode": "Partial",
              "Parent Relationship": "Outer",
              "Parallel Aware": false,
              "Startup Cost": 336003.57,
              "Total Cost": 336003.58,
              "Plan Rows": 1,
              "Plan Width": 8,
              "Actual Startup Time": 658.491,
              "Actual Total Time": 658.492,
              "Actual Rows": 1,
              "Actual Loops": 7,
              "Plans": [
                {
                  "Node Type": "Seq Scan",
                  "Parent Relationship": "Outer",
                  "Parallel Aware": true,
                  "Relation Name": "cast_info",
                  "Alias": "ci",
                  "Startup Cost": 0.0,
                  "Total Cost": 328213.62,
                  "Plan Rows": 3115980,
                  "Plan Width": 0,
                  "Actual Startup Time": 0.059,
                  "Actual Total Time": 540.552,
                  "Actual Rows": 2655243,
                  "Actual Loops": 7,
                  "Filter": "(person_id < 1849944)",
                  "Rows Removed by Filter": 2522521
                }
              ]
            }
          ]
        }
      ]
    },
    "Planning Time": 0.076,
    "Triggers": [],
    "Execution Time": 693.669
  }
]