[
  {
    "Plan": {
      "Node Type": "Aggregate",
      "Strategy": "Plain",
      "Partial Mode": "Finalize",
      "Parallel Aware": false,
      "Startup Cost": 46991.83,
      "Total Cost": 46991.84,
      "Plan Rows": 1,
      "Plan Width": 8,
      "Actual Startup Time": 156.094,
      "Actual Total Time": 164.765,
      "Actual Rows": 1,
      "Actual Loops": 1,
      "Plans": [
        {
          "Node Type": "Gather",
          "Parent Relationship": "Outer",
          "Parallel Aware": false,
          "Startup Cost": 46991.51,
          "Total Cost": 46991.82,
          "Plan Rows": 3,
          "Plan Width": 8,
          "Actual Startup Time": 155.936,
          "Actual Total Time": 164.757,
          "Actual Rows": 4,
          "Actual Loops": 1,
          "Workers Planned": 3,
          "Workers Launched": 3,
          "Single Copy": false,
          "Plans": [
            {
              "Node Type": "Aggregate",
              "Strategy": "Plain",
              "Partial Mode": "Partial",
              "Parent Relationship": "Outer",
              "Parallel Aware": false,
              "Startup Cost": 45991.51,
              "Total Cost": 45991.52,
              "Plan Rows": 1,
              "Plan Width": 8,
              "Actual Startup Time": 151.227,
              "Actual Total Time": 151.228,
              "Actual Rows": 1,
              "Actual Loops": 4,
              "Plans": [
                {
                  "Node Type": "Seq Scan",
                  "Parent Relationship": "Outer",
                  "Parallel Aware": true,
                  "Relation Name": "movie_keyword",
                  "Alias": "mk",
                  "Startup Cost": 0.0,
                  "Total Cost": 42695.65,
                  "Plan Rows": 1318344,
                  "Plan Width": 0,
                  "Actual Startup Time": 0.042,
                  "Actual Total Time": 110.371,
                  "Actual Rows": 1021132,
                  "Actual Loops": 4,
                  "Filter": "(keyword_id > 339)",
                  "Rows Removed by Filter": 109851
                }
              ]
            }
          ]
        }
      ]
    },
    "Planning Time": 0.077,
    "Triggers": [],
    "Execution Time": 164.792
  }
]