[
    {
        "Bao": {
            "Bao prediction": "NaN",
            "Bao recommended hint": "(no hint)"
        }
    },
    {
        "Plan": {
            "Node Type": "Aggregate",
            "Strategy": "Plain",
            "Partial Mode": "Finalize",
            "Parallel Aware": false,
            "Startup Cost": 232161.83,
            "Total Cost": 232161.84,
            "Plan Rows": 1,
            "Plan Width": 8,
            "Actual Startup Time": 1605.389,
            "Actual Total Time": 1669.037,
            "Actual Rows": 1,
            "Actual Loops": 1,
            "Output": [
                "count(*)"
            ],
            "Plans": [
                {
                    "Node Type": "Gather",
                    "Parent Relationship": "Outer",
                    "Parallel Aware": false,
                    "Startup Cost": 232161.41,
                    "Total Cost": 232161.82,
                    "Plan Rows": 4,
                    "Plan Width": 8,
                    "Actual Startup Time": 1600.57,
                    "Actual Total Time": 1669.026,
                    "Actual Rows": 5,
                    "Actual Loops": 1,
                    "Output": [
                        "(PARTIAL count(*))"
                    ],
                    "Workers Planned": 4,
                    "Workers Launched": 4,
                    "Single Copy": false,
                    "Plans": [
                        {
                            "Node Type": "Aggregate",
                            "Strategy": "Plain",
                            "Partial Mode": "Partial",
                            "Parent Relationship": "Outer",
                            "Parallel Aware": false,
                            "Startup Cost": 231161.41,
                            "Total Cost": 231161.42,
                            "Plan Rows": 1,
                            "Plan Width": 8,
                            "Actual Startup Time": 1591.487,
                            "Actual Total Time": 1591.573,
                            "Actual Rows": 1,
                            "Actual Loops": 5,
                            "Output": [
                                "PARTIAL count(*)"
                            ],
                            "Workers": [
                                {
                                    "Worker Number": 0,
                                    "Actual Startup Time": 1588.596,
                                    "Actual Total Time": 1588.599,
                                    "Actual Rows": 1,
                                    "Actual Loops": 1
                                },
                                {
                                    "Worker Number": 1,
                                    "Actual Startup Time": 1588.602,
                                    "Actual Total Time": 1588.606,
                                    "Actual Rows": 1,
                                    "Actual Loops": 1
                                },
                                {
                                    "Worker Number": 2,
                                    "Actual Startup Time": 1590.938,
                                    "Actual Total Time": 1590.94,
                                    "Actual Rows": 1,
                                    "Actual Loops": 1
                                },
                                {
                                    "Worker Number": 3,
                                    "Actual Startup Time": 1589.06,
                                    "Actual Total Time": 1589.064,
                                    "Actual Rows": 1,
                                    "Actual Loops": 1
                                }
                            ],
                            "Plans": [
                                {
                                    "Node Type": "Nested Loop",
                                    "Parent Relationship": "Outer",
                                    "Parallel Aware": false,
                                    "Join Type": "Inner",
                                    "Startup Cost": 32946.53,
                                    "Total Cost": 229098.3,
                                    "Plan Rows": 825244,
                                    "Plan Width": 0,
                                    "Actual Startup Time": 131.617,
                                    "Actual Total Time": 1529.072,
                                    "Actual Rows": 1043010,
                                    "Actual Loops": 5,
                                    "Inner Unique": false,
                                    "Workers": [
                                        {
                                            "Worker Number": 0,
                                            "Actual Startup Time": 129.11,
                                            "Actual Total Time": 1532.301,
                                            "Actual Rows": 1231346,
                                            "Actual Loops": 1
                                        },
                                        {
                                            "Worker Number": 1,
                                            "Actual Startup Time": 129.298,
                                            "Actual Total Time": 1522.044,
                                            "Actual Rows": 868859,
                                            "Actual Loops": 1
                                        },
                                        {
                                            "Worker Number": 2,
                                            "Actual Startup Time": 129.243,
                                            "Actual Total Time": 1524.692,
                                            "Actual Rows": 872655,
                                            "Actual Loops": 1
                                        },
                                        {
                                            "Worker Number": 3,
                                            "Actual Startup Time": 129.653,
                                            "Actual Total Time": 1526.214,
                                            "Actual Rows": 769687,
                                            "Actual Loops": 1
                                        }
                                    ],
                                    "Plans": [
                                        {
                                            "Node Type": "Hash Join",
                                            "Parent Relationship": "Outer",
                                            "Parallel Aware": true,
                                            "Join Type": "Inner",
                                            "Startup Cost": 32945.97,
                                            "Total Cost": 78946.68,
                                            "Plan Rows": 57554,
                                            "Plan Width": 8,
                                            "Actual Startup Time": 131.505,
                                            "Actual Total Time": 337.443,
                                            "Actual Rows": 37176,
                                            "Actual Loops": 5,
                                            "Output": [
                                                "t.id",
                                                "mc.movie_id"
                                            ],
                                            "Inner Unique": false,
                                            "Hash Cond": "(t.id = mc.movie_id)",
                                            "Workers": [
                                                {
                                                    "Worker Number": 0,
                                                    "Actual Startup Time": 128.999,
                                                    "Actual Total Time": 341.204,
                                                    "Actual Rows": 43953,
                                                    "Actual Loops": 1
                                                },
                                                {
                                                    "Worker Number": 1,
                                                    "Actual Startup Time": 129.185,
                                                    "Actual Total Time": 327.265,
                                                    "Actual Rows": 30878,
                                                    "Actual Loops": 1
                                                },
                                                {
                                                    "Worker Number": 2,
                                                    "Actual Startup Time": 129.126,
                                                    "Actual Total Time": 329.055,
                                                    "Actual Rows": 31140,
                                                    "Actual Loops": 1
                                                },
                                                {
                                                    "Worker Number": 3,
                                                    "Actual Startup Time": 129.469,
                                                    "Actual Total Time": 321.863,
                                                    "Actual Rows": 27294,
                                                    "Actual Loops": 1
                                                }
                                            ],
                                            "Plans": [
                                                {
                                                    "Node Type": "Seq Scan",
                                                    "Parent Relationship": "Outer",
                                                    "Parallel Aware": true,
                                                    "Relation Name": "title",
                                                    "Schema": "public",
                                                    "Alias": "t",
                                                    "Startup Cost": 0.0,
                                                    "Total Cost": 43899.01,
                                                    "Plan Rows": 383209,
                                                    "Plan Width": 4,
                                                    "Actual Startup Time": 0.023,
                                                    "Actual Total Time": 81.31,
                                                    "Actual Rows": 308653,
                                                    "Actual Loops": 5,
                                                    "Output": [
                                                        "t.id",
                                                        "t.title",
                                                        "t.imdb_index",
                                                        "t.kind_id",
                                                        "t.production_year",
                                                        "t.imdb_id",
                                                        "t.phonetic_code",
                                                        "t.episode_of_id",
                                                        "t.season_nr",
                                                        "t.episode_nr",
                                                        "t.series_years",
                                                        "t.md5sum"
                                                    ],
                                                    "Filter": "(t.kind_id = 7)",
                                                    "Rows Removed by Filter": 197010,
                                                    "Workers": [
                                                        {
                                                            "Worker Number": 0,
                                                            "Actual Startup Time": 0.021,
                                                            "Actual Total Time": 78.921,
                                                            "Actual Rows": 366991,
                                                            "Actual Loops": 1
                                                        },
                                                        {
                                                            "Worker Number": 1,
                                                            "Actual Startup Time": 0.029,
                                                            "Actual Total Time": 84.035,
                                                            "Actual Rows": 255711,
                                                            "Actual Loops": 1
                                                        },
                                                        {
                                                            "Worker Number": 2,
                                                            "Actual Startup Time": 0.027,
                                                            "Actual Total Time": 83.813,
                                                            "Actual Rows": 254355,
                                                            "Actual Loops": 1
                                                        },
                                                        {
                                                            "Worker Number": 3,
                                                            "Actual Startup Time": 0.025,
                                                            "Actual Total Time": 84.296,
                                                            "Actual Rows": 225769,
                                                            "Actual Loops": 1
                                                        }
                                                    ]
                                                },
                                                {
                                                    "Node Type": "Hash",
                                                    "Parent Relationship": "Inner",
                                                    "Parallel Aware": true,
                                                    "Startup Cost": 31414.82,
                                                    "Total Cost": 31414.82,
                                                    "Plan Rows": 122492,
                                                    "Plan Width": 4,
                                                    "Actual Startup Time": 129.857,
                                                    "Actual Total Time": 129.858,
                                                    "Actual Rows": 139160,
                                                    "Actual Loops": 5,
                                                    "Output": [
                                                        "mc.movie_id"
                                                    ],
                                                    "Hash Buckets": 1048576,
                                                    "Original Hash Buckets": 524288,
                                                    "Hash Batches": 1,
                                                    "Original Hash Batches": 1,
                                                    "Peak Memory Usage": 39552,
                                                    "Workers": [
                                                        {
                                                            "Worker Number": 0,
                                                            "Actual Startup Time": 128.544,
                                                            "Actual Total Time": 128.545,
                                                            "Actual Rows": 170904,
                                                            "Actual Loops": 1
                                                        },
                                                        {
                                                            "Worker Number": 1,
                                                            "Actual Startup Time": 128.468,
                                                            "Actual Total Time": 128.469,
                                                            "Actual Rows": 117624,
                                                            "Actual Loops": 1
                                                        },
                                                        {
                                                            "Worker Number": 2,
                                                            "Actual Startup Time": 128.42,
                                                            "Actual Total Time": 128.421,
                                                            "Actual Rows": 118108,
                                                            "Actual Loops": 1
                                                        },
                                                        {
                                                            "Worker Number": 3,
                                                            "Actual Startup Time": 128.907,
                                                            "Actual Total Time": 128.908,
                                                            "Actual Rows": 97832,
                                                            "Actual Loops": 1
                                                        }
                                                    ],
                                                    "Plans": [
                                                        {
                                                            "Node Type": "Seq Scan",
                                                            "Parent Relationship": "Outer",
                                                            "Parallel Aware": true,
                                                            "Relation Name": "movie_companies",
                                                            "Schema": "public",
                                                            "Alias": "mc",
                                                            "Startup Cost": 0.0,
                                                            "Total Cost": 31414.82,
                                                            "Plan Rows": 122492,
                                                            "Plan Width": 4,
                                                            "Actual Startup Time": 36.552,
                                                            "Actual Total Time": 74.77,
                                                            "Actual Rows": 139160,
                                                            "Actual Loops": 5,
                                                            "Output": [
                                                                "mc.movie_id"
                                                            ],
                                                            "Filter": "((mc.company_id > 37655) AND (mc.company_type_id = 2))",
                                                            "Rows Removed by Filter": 382666,
                                                            "Workers": [
                                                                {
                                                                    "Worker Number": 0,
                                                                    "Actual Startup Time": 35.143,
                                                                    "Actual Total Time": 73.312,
                                                                    "Actual Rows": 170904,
                                                                    "Actual Loops": 1
                                                                },
                                                                {
                                                                    "Worker Number": 1,
                                                                    "Actual Startup Time": 35.139,
                                                                    "Actual Total Time": 75.08,
                                                                    "Actual Rows": 117624,
                                                                    "Actual Loops": 1
                                                                },
                                                                {
                                                                    "Worker Number": 2,
                                                                    "Actual Startup Time": 35.147,
                                                                    "Actual Total Time": 75.076,
                                                                    "Actual Rows": 118108,
                                                                    "Actual Loops": 1
                                                                },
                                                                {
                                                                    "Worker Number": 3,
                                                                    "Actual Startup Time": 35.597,
                                                                    "Actual Total Time": 72.871,
                                                                    "Actual Rows": 97832,
                                                                    "Actual Loops": 1
                                                                }
                                                            ]
                                                        }
                                                    ]
                                                }
                                            ]
                                        },
                                        {
                                            "Node Type": "Index Only Scan",
                                            "Parent Relationship": "Inner",
                                            "Parallel Aware": false,
                                            "Scan Direction": "Forward",
                                            "Index Name": "movie_id_cast_info",
                                            "Relation Name": "cast_info",
                                            "Schema": "public",
                                            "Alias": "ci",
                                            "Startup Cost": 0.56,
                                            "Total Cost": 2.23,
                                            "Plan Rows": 38,
                                            "Plan Width": 4,
                                            "Actual Startup Time": 0.007,
                                            "Actual Total Time": 0.029,
                                            "Actual Rows": 28,
                                            "Actual Loops": 185879,
                                            "Output": [
                                                "ci.movie_id"
                                            ],
                                            "Index Cond": "(ci.movie_id = t.id)",
                                            "Rows Removed by Index Recheck": 0,
                                            "Heap Fetches": 5215050,
                                            "Workers": [
                                                {
                                                    "Worker Number": 0,
                                                    "Actual Startup Time": 0.006,
                                                    "Actual Total Time": 0.025,
                                                    "Actual Rows": 28,
                                                    "Actual Loops": 43953
                                                },
                                                {
                                                    "Worker Number": 1,
                                                    "Actual Startup Time": 0.009,
                                                    "Actual Total Time": 0.035,
                                                    "Actual Rows": 28,
                                                    "Actual Loops": 30878
                                                },
                                                {
                                                    "Worker Number": 2,
                                                    "Actual Startup Time": 0.009,
                                                    "Actual Total Time": 0.035,
                                                    "Actual Rows": 28,
                                                    "Actual Loops": 31140
                                                },
                                                {
                                                    "Worker Number": 3,
                                                    "Actual Startup Time": 0.01,
                                                    "Actual Total Time": 0.04,
                                                    "Actual Rows": 28,
                                                    "Actual Loops": 27294
                                                }
                                            ]
                                        }
                                    ]
                                }
                            ]
                        }
                    ]
                }
            ]
        },
        "Planning Time": 183.291,
        "Triggers": [],
        "Execution Time": 1669.144
    }
]