[
  {
    "Plan": {
      "Node Type": "Aggregate",
      "Strategy": "Plain",
      "Partial Mode": "Finalize",
      "Parallel Aware": false,
      "Startup Cost": 451800.73,
      "Total Cost": 451800.74,
      "Plan Rows": 1,
      "Plan Width": 8,
      "Actual Startup Time": 743.734,
      "Actual Total Time": 792.108,
      "Actual Rows": 1,
      "Actual Loops": 1,
      "Plans": [
        {
          "Node Type": "Gather",
          "Parent Relationship": "Outer",
          "Parallel Aware": false,
          "Startup Cost": 451800.11,
          "Total Cost": 451800.72,
          "Plan Rows": 6,
          "Plan Width": 8,
          "Actual Startup Time": 738.019,
          "Actual Total Time": 792.09,
          "Actual Rows": 7,
          "Actual Loops": 1,
          "Workers Planned": 6,
          "Workers Launched": 6,
          "Single Copy": false,
          "Plans": [
            {
              "Node Type": "Aggregate",
              "Strategy": "Plain",
              "Partial Mode": "Partial",
              "Parent Relationship": "Outer",
              "Parallel Aware": false,
              "Startup Cost": 450800.11,
              "Total Cost": 450800.12,
              "Plan Rows": 1,
              "Plan Width": 8,
              "Actual Startup Time": 728.531,
              "Actual Total Time": 728.535,
              "Actual Rows": 1,
              "Actual Loops": 7,
              "Plans": [
                {
                  "Node Type": "Nested Loop",
                  "Parent Relationship": "Outer",
                  "Parallel Aware": false,
                  "Join Type": "Inner",
                  "Startup Cost": 95845.71,
                  "Total Cost": 450243.5,
                  "Plan Rows": 222642,
                  "Plan Width": 0,
                  "Actual Startup Time": 276.536,
                  "Actual Total Time": 712.688,
                  "Actual Rows": 272858,
                  "Actual Loops": 7,
                  "Inner Unique": false,
                  "Join Filter": "(t.id = mi.movie_id)",
                  "Rows Removed by Join Filter": 0,
                  "Plans": [
                    {
                      "Node Type": "Hash Join",
                      "Parent Relationship": "Outer",
                      "Parallel Aware": true,
                      "Join Type": "Inner",
                      "Startup Cost": 95845.28,
                      "Total Cost": 354691.9,
                      "Plan Rows": 37918,
                      "Plan Width": 8,
                      "Actual Startup Time": 276.419,
                      "Actual Total Time": 346.239,
                      "Actual Rows": 18660,
                      "Actual Loops": 7,
                      "Inner Unique": true,
                      "Hash Cond": "(ci.movie_id = t.id)",
                      "Plans": [
                        {
                          "Node Type": "Bitmap Heap Scan",
                          "Parent Relationship": "Outer",
                          "Parallel Aware": true,
                          "Relation Name": "cast_info",
                          "Alias": "ci",
                          "Startup Cost": 50168.73,
                          "Total Cost": 308572.83,
                          "Plan Rows": 168578,
                          "Plan Width": 4,
                          "Actual Startup Time": 160.812,
                          "Actual Total Time": 190.725,
                          "Actual Rows": 95854,
                          "Actual Loops": 7,
                          "Recheck Cond": "(person_id < 229182)",
                          "Rows Removed by Index Recheck": 0,
                          "Filter": "(role_id > 2)",
                          "Rows Removed by Filter": 240610,
                          "Exact Heap Blocks": 5166,
                          "Lossy Heap Blocks": 0,
                          "Plans": [
                            {
                              "Node Type": "Bitmap Index Scan",
                              "Parent Relationship": "Outer",
                              "Parallel Aware": false,
                              "Index Name": "person_id_cast_info",
                              "Startup Cost": 0.0,
                              "Total Cost": 49915.87,
                              "Plan Rows": 2286840,
                              "Plan Width": 0,
                              "Actual Startup Time": 96.286,
                              "Actual Total Time": 96.287,
                              "Actual Rows": 2355243,
                              "Actual Loops": 1,
                              "Index Cond": "(person_id < 229182)"
                            }
                          ]
                        },
                        {
                          "Node Type": "Hash",
                          "Parent Relationship": "Inner",
                          "Parallel Aware": true,
                          "Startup Cost": 43899.32,
                          "Total Cost": 43899.32,
                          "Plan Rows": 142178,
                          "Plan Width": 4,
                          "Actual Startup Time": 113.546,
                          "Actual Total Time": 113.547,
                          "Actual Rows": 83574,
                          "Actual Loops": 7,
                          "Hash Buckets": 1048576,
                          "Original Hash Buckets": 1048576,
                          "Hash Batches": 1,
                          "Original Hash Batches": 1,
                          "Peak Memory Usage": 31168,
                          "Plans": [
                            {
                              "Node Type": "Seq Scan",
                              "Parent Relationship": "Outer",
                              "Parallel Aware": true,
                              "Relation Name": "title",
                              "Alias": "t",
                              "Startup Cost": 0.0,
                              "Total Cost": 43899.32,
                              "Plan Rows": 142178,
                              "Plan Width": 4,
                              "Actual Startup Time": 0.04,
                              "Actual Total Time": 74.35,
                              "Actual Rows": 83574,
                              "Actual Loops": 7,
                              "Filter": "(production_year < 1985)",
                              "Rows Removed by Filter": 277613
                            }
                          ]
                        }
                      ]
                    },
                    {
                      "Node Type": "Index Only Scan",
                      "Parent Relationship": "Inner",
                      "Parallel Aware": false,
                      "Scan Direction": "Forward",
                      "Index Name": "movie_id_movie_info",
                      "Relation Name": "movie_info",
                      "Alias": "mi",
                      "Startup Cost": 0.43,
                      "Total Cost": 2.01,
                      "Plan Rows": 41,
                      "Plan Width": 4,
                      "Actual Startup Time": 0.006,
                      "Actual Total Time": 0.018,
                      "Actual Rows": 15,
                      "Actual Loops": 130617,
                      "Index Cond": "(movie_id = ci.movie_id)",
                      "Rows Removed by Index Recheck": 0,
                      "Heap Fetches": 1910009
                    }
                  ]
                }
              ]
            }
          ]
        }
      ]
    },
    "Planning Time": 0.531,
    "Triggers": [],
    "Execution Time": 792.185
  }
]