[
  {
    "Plan": {
      "Node Type": "Aggregate",
      "Strategy": "Plain",
      "Partial Mode": "Finalize",
      "Parallel Aware": false,
      "Startup Cost": 96451.17,
      "Total Cost": 96451.18,
      "Plan Rows": 1,
      "Plan Width": 8,
      "Actual Startup Time": 388.206,
      "Actual Total Time": 408.574,
      "Actual Rows": 1,
      "Actual Loops": 1,
      "Plans": [
        {
          "Node Type": "Gather",
          "Parent Relationship": "Outer",
          "Parallel Aware": false,
          "Startup Cost": 96450.96,
          "Total Cost": 96451.17,
          "Plan Rows": 2,
          "Plan Width": 8,
          "Actual Startup Time": 385.114,
          "Actual Total Time": 408.567,
          "Actual Rows": 3,
          "Actual Loops": 1,
          "Workers Planned": 2,
          "Workers Launched": 2,
          "Single Copy": false,
          "Plans": [
            {
              "Node Type": "Aggregate",
              "Strategy": "Plain",
              "Partial Mode": "Partial",
              "Parent Relationship": "Outer",
              "Parallel Aware": false,
              "Startup Cost": 95450.96,
              "Total Cost": 95450.97,
              "Plan Rows": 1,
              "Plan Width": 8,
              "Actual Startup Time": 381.911,
              "Actual Total Time": 382.084,
              "Actual Rows": 1,
              "Actual Loops": 3,
              "Plans": [
                {
                  "Node Type": "Hash Join",
                  "Parent Relationship": "Outer",
                  "Parallel Aware": true,
                  "Join Type": "Inner",
                  "Startup Cost": 79458.56,
                  "Total Cost": 95385.05,
                  "Plan Rows": 26363,
                  "Plan Width": 0,
                  "Actual Startup Time": 319.957,
                  "Actual Total Time": 379.171,
                  "Actual Rows": 59510,
                  "Actual Loops": 3,
                  "Inner Unique": false,
                  "Hash Cond": "(mi_idx.movie_id = t.id)",
                  "Plans": [
                    {
                      "Node Type": "Seq Scan",
                      "Parent Relationship": "Outer",
                      "Parallel Aware": true,
                      "Relation Name": "movie_info_idx",
                      "Alias": "mi_idx",
                      "Startup Cost": 0.0,
                      "Total Cost": 13685.15,
                      "Plan Rows": 575015,
                      "Plan Width": 4,
                      "Actual Startup Time": 0.015,
                      "Actual Total Time": 41.219,
                      "Actual Rows": 460012,
                      "Actual Loops": 3
                    },
                    {
                      "Node Type": "Hash",
                      "Parent Relationship": "Inner",
                      "Parallel Aware": true,
                      "Startup Cost": 78991.13,
                      "Total Cost": 78991.13,
                      "Plan Rows": 37394,
                      "Plan Width": 8,
                      "Actual Startup Time": 283.068,
                      "Actual Total Time": 283.239,
                      "Actual Rows": 37242,
                      "Actual Loops": 3,
                      "Hash Buckets": 131072,
                      "Original Hash Buckets": 131072,
                      "Hash Batches": 1,
                      "Original Hash Batches": 1,
                      "Peak Memory Usage": 5472,
                      "Plans": [
                        {
                          "Node Type": "Hash Join",
                          "Parent Relationship": "Outer",
                          "Parallel Aware": true,
                          "Join Type": "Inner",
                          "Startup Cost": 47096.71,
                          "Total Cost": 78991.13,
                          "Plan Rows": 37394,
                          "Plan Width": 8,
                          "Actual Startup Time": 175.204,
                          "Actual Total Time": 273.035,
                          "Actual Rows": 37242,
                          "Actual Loops": 3,
                          "Inner Unique": true,
                          "Hash Cond": "(mc.movie_id = t.id)",
                          "Plans": [
                            {
                              "Node Type": "Seq Scan",
                              "Parent Relationship": "Outer",
                              "Parallel Aware": true,
                              "Relation Name": "movie_companies",
                              "Alias": "mc",
                              "Startup Cost": 0.0,
                              "Total Cost": 31414.82,
                              "Plan Rows": 182706,
                              "Plan Width": 4,
                              "Actual Startup Time": 12.288,
                              "Actual Total Time": 82.261,
                              "Actual Rows": 94034,
                              "Actual Loops": 3,
                              "Filter": "((company_id > 13114) AND (company_type_id = 1))",
                              "Rows Removed by Filter": 775676
                            },
                            {
                              "Node Type": "Hash",
                              "Parent Relationship": "Inner",
                              "Parallel Aware": true,
                              "Startup Cost": 45479.59,
                              "Total Cost": 45479.59,
                              "Plan Rows": 129370,
                              "Plan Width": 4,
                              "Actual Startup Time": 161.509,
                              "Actual Total Time": 161.51,
                              "Actual Rows": 146973,
                              "Actual Loops": 3,
                              "Hash Buckets": 524288,
                              "Original Hash Buckets": 524288,
                              "Hash Batches": 1,
                              "Original Hash Batches": 1,
                              "Peak Memory Usage": 21376,
                              "Plans": [
                                {
                                  "Node Type": "Seq Scan",
                                  "Parent Relationship": "Outer",
                                  "Parallel Aware": true,
                                  "Relation Name": "title",
                                  "Alias": "t",
                                  "Startup Cost": 0.0,
                                  "Total Cost": 45479.59,
                                  "Plan Rows": 129370,
                                  "Plan Width": 4,
                                  "Actual Startup Time": 0.021,
                                  "Actual Total Time": 115.758,
                                  "Actual Rows": 146973,
                                  "Actual Loops": 3,
                                  "Filter": "((kind_id < 7) AND (production_year > 2001))",
                                  "Rows Removed by Filter": 695798
                                }
                              ]
                            }
                          ]
                        }
                      ]
                    }
                  ]
                }
              ]
            }
          ]
        }
      ]
    },
    "Planning Time": 0.51,
    "Triggers": [],
    "Execution Time": 408.62
  }
]