{
  "Plan": {
    "Node Type": "Aggregate",
    "Strategy": "Plain",
    "Partial Mode": "Finalize",
    "Parallel Aware": false,
    "Startup Cost": 95793.6,
    "Total Cost": 95793.61,
    "Plan Rows": 1,
    "Plan Width": 8,
    "Actual Startup Time": 309.7,
    "Actual Total Time": 319.918,
    "Actual Rows": 1,
    "Actual Loops": 1,
    "Plans": [
      {
        "Node Type": "Gather",
        "Parent Relationship": "Outer",
        "Parallel Aware": false,
        "Startup Cost": 95793.49,
        "Total Cost": 95793.6,
        "Plan Rows": 1,
        "Plan Width": 8,
        "Actual Startup Time": 309.261,
        "Actual Total Time": 319.91,
        "Actual Rows": 2,
        "Actual Loops": 1,
        "Workers Planned": 1,
        "Workers Launched": 1,
        "Single Copy": false,
        "Plans": [
          {
            "Node Type": "Aggregate",
            "Strategy": "Plain",
            "Partial Mode": "Partial",
            "Parent Relationship": "Outer",
            "Parallel Aware": false,
            "Startup Cost": 94793.49,
            "Total Cost": 94793.5,
            "Plan Rows": 1,
            "Plan Width": 8,
            "Actual Startup Time": 303.079,
            "Actual Total Time": 303.083,
            "Actual Rows": 1,
            "Actual Loops": 2,
            "Plans": [
              {
                "Node Type": "Hash Join",
                "Parent Relationship": "Outer",
                "Parallel Aware": true,
                "Join Type": "Inner",
                "Startup Cost": 54453.15,
                "Total Cost": 94705.47,
                "Plan Rows": 35208,
                "Plan Width": 0,
                "Actual Startup Time": 125.473,
                "Actual Total Time": 300.829,
                "Actual Rows": 52646,
                "Actual Loops": 2,
                "Inner Unique": true,
                "Hash Cond": "(mc.movie_id = t.id)",
                "Plans": [
                  {
                    "Node Type": "Seq Scan",
                    "Parent Relationship": "Outer",
                    "Parallel Aware": true,
                    "Relation Name": "movie_companies",
                    "Alias": "mc",
                    "Startup Cost": 0.0,
                    "Total Cost": 37974.77,
                    "Plan Rows": 867639,
                    "Plan Width": 4,
                    "Actual Startup Time": 8.447,
                    "Actual Total Time": 114.091,
                    "Actual Rows": 738804,
                    "Actual Loops": 2,
                    "Filter": "(company_id > 8292)",
                    "Rows Removed by Filter": 565760
                  },
                  {
                    "Node Type": "Hash",
                    "Parent Relationship": "Inner",
                    "Parallel Aware": true,
                    "Startup Cost": 53698.76,
                    "Total Cost": 53698.76,
                    "Plan Rows": 60351,
                    "Plan Width": 4,
                    "Actual Startup Time": 107.344,
                    "Actual Total Time": 107.345,
                    "Actual Rows": 49496,
                    "Actual Loops": 2,
                    "Hash Buckets": 131072,
                    "Original Hash Buckets": 131072,
                    "Hash Batches": 1,
                    "Original Hash Batches": 1,
                    "Peak Memory Usage": 4928,
                    "Plans": [
                      {
                        "Node Type": "Bitmap Heap Scan",
                        "Parent Relationship": "Outer",
                        "Parallel Aware": true,
                        "Relation Name": "title",
                        "Alias": "t",
                        "Startup Cost": 11848.5,
                        "Total Cost": 53698.76,
                        "Plan Rows": 60351,
                        "Plan Width": 4,
                        "Actual Startup Time": 36.465,
                        "Actual Total Time": 95.364,
                        "Actual Rows": 49496,
                        "Actual Loops": 2,
                        "Recheck Cond": "(kind_id = 1)",
                        "Rows Removed by Index Recheck": 0,
                        "Filter": "(production_year > 2010)",
                        "Rows Removed by Filter": 281916,
                        "Exact Heap Blocks": 9101,
                        "Lossy Heap Blocks": 0,
                        "Plans": [
                          {
                            "Node Type": "Bitmap Index Scan",
                            "Parent Relationship": "Outer",
                            "Parallel Aware": false,
                            "Index Name": "kind_id_title",
                            "Startup Cost": 0.0,
                            "Total Cost": 11822.85,
                            "Plan Rows": 663256,
                            "Plan Width": 0,
                            "Actual Startup Time": 38.094,
                            "Actual Total Time": 38.095,
                            "Actual Rows": 662825,
                            "Actual Loops": 1,
                            "Index Cond": "(kind_id = 1)"
                          }
                        ]
                      }
                    ]
                  }
                ]
              }
            ]
          }
        ]
      }
    ]
  },
  "Planning Time": 0.646,
  "Triggers": [],
  "Execution Time": 320.007
}