[
    {
        "Bao": {
            "Bao prediction": "NaN",
            "Bao recommended hint": "(no hint)"
        }
    },
    {
        "Plan": {
            "Node Type": "Aggregate",
            "Strategy": "Plain",
            "Partial Mode": "Finalize",
            "Parallel Aware": false,
            "Startup Cost": 247696.81,
            "Total Cost": 247696.82,
            "Plan Rows": 1,
            "Plan Width": 8,
            "Actual Startup Time": 465.223,
            "Actual Total Time": 484.353,
            "Actual Rows": 1,
            "Actual Loops": 1,
            "Output": [
                "count(*)"
            ],
            "Plans": [
                {
                    "Node Type": "Gather",
                    "Parent Relationship": "Outer",
                    "Parallel Aware": false,
                    "Startup Cost": 247696.29,
                    "Total Cost": 247696.8,
                    "Plan Rows": 5,
                    "Plan Width": 8,
                    "Actual Startup Time": 464.459,
                    "Actual Total Time": 484.345,
                    "Actual Rows": 6,
                    "Actual Loops": 1,
                    "Output": [
                        "(PARTIAL count(*))"
                    ],
                    "Workers Planned": 5,
                    "Workers Launched": 5,
                    "Single Copy": false,
                    "Plans": [
                        {
                            "Node Type": "Aggregate",
                            "Strategy": "Plain",
                            "Partial Mode": "Partial",
                            "Parent Relationship": "Outer",
                            "Parallel Aware": false,
                            "Startup Cost": 246696.29,
                            "Total Cost": 246696.3,
                            "Plan Rows": 1,
                            "Plan Width": 8,
                            "Actual Startup Time": 454.425,
                            "Actual Total Time": 454.429,
                            "Actual Rows": 1,
                            "Actual Loops": 6,
                            "Output": [
                                "PARTIAL count(*)"
                            ],
                            "Workers": [
                                {
                                    "Worker Number": 0,
                                    "Actual Startup Time": 451.991,
                                    "Actual Total Time": 451.994,
                                    "Actual Rows": 1,
                                    "Actual Loops": 1
                                },
                                {
                                    "Worker Number": 1,
                                    "Actual Startup Time": 452.325,
                                    "Actual Total Time": 452.329,
                                    "Actual Rows": 1,
                                    "Actual Loops": 1
                                },
                                {
                                    "Worker Number": 2,
                                    "Actual Startup Time": 452.544,
                                    "Actual Total Time": 452.546,
                                    "Actual Rows": 1,
                                    "Actual Loops": 1
                                },
                                {
                                    "Worker Number": 3,
                                    "Actual Startup Time": 452.545,
                                    "Actual Total Time": 452.547,
                                    "Actual Rows": 1,
                                    "Actual Loops": 1
                                },
                                {
                                    "Worker Number": 4,
                                    "Actual Startup Time": 453.108,
                                    "Actual Total Time": 453.111,
                                    "Actual Rows": 1,
                                    "Actual Loops": 1
                                }
                            ],
                            "Plans": [
                                {
                                    "Node Type": "Hash Join",
                                    "Parent Relationship": "Outer",
                                    "Parallel Aware": true,
                                    "Join Type": "Inner",
                                    "Startup Cost": 45846.13,
                                    "Total Cost": 246612.87,
                                    "Plan Rows": 33367,
                                    "Plan Width": 0,
                                    "Actual Startup Time": 113.415,
                                    "Actual Total Time": 449.728,
                                    "Actual Rows": 104490,
                                    "Actual Loops": 6,
                                    "Inner Unique": true,
                                    "Hash Cond": "(mi.movie_id = t.id)",
                                    "Workers": [
                                        {
                                            "Worker Number": 0,
                                            "Actual Startup Time": 111.196,
                                            "Actual Total Time": 447.277,
                                            "Actual Rows": 104554,
                                            "Actual Loops": 1
                                        },
                                        {
                                            "Worker Number": 1,
                                            "Actual Startup Time": 111.636,
                                            "Actual Total Time": 447.588,
                                            "Actual Rows": 104325,
                                            "Actual Loops": 1
                                        },
                                        {
                                            "Worker Number": 2,
                                            "Actual Startup Time": 111.616,
                                            "Actual Total Time": 447.91,
                                            "Actual Rows": 101956,
                                            "Actual Loops": 1
                                        },
                                        {
                                            "Worker Number": 3,
                                            "Actual Startup Time": 111.644,
                                            "Actual Total Time": 447.801,
                                            "Actual Rows": 103606,
                                            "Actual Loops": 1
                                        },
                                        {
                                            "Worker Number": 4,
                                            "Actual Startup Time": 112.065,
                                            "Actual Total Time": 448.595,
                                            "Actual Rows": 97304,
                                            "Actual Loops": 1
                                        }
                                    ],
                                    "Plans": [
                                        {
                                            "Node Type": "Seq Scan",
                                            "Parent Relationship": "Outer",
                                            "Parallel Aware": true,
                                            "Relation Name": "movie_info",
                                            "Schema": "public",
                                            "Alias": "mi",
                                            "Startup Cost": 0.0,
                                            "Total Cost": 198880.74,
                                            "Plan Rows": 718477,
                                            "Plan Width": 4,
                                            "Actual Startup Time": 25.43,
                                            "Actual Total Time": 276.434,
                                            "Actual Rows": 604163,
                                            "Actual Loops": 6,
                                            "Output": [
                                                "mi.id",
                                                "mi.movie_id",
                                                "mi.info_type_id",
                                                "mi.info",
                                                "mi.note"
                                            ],
                                            "Filter": "(mi.info_type_id < 4)",
                                            "Rows Removed by Filter": 1868457,
                                            "Workers": [
                                                {
                                                    "Worker Number": 0,
                                                    "Actual Startup Time": 25.429,
                                                    "Actual Total Time": 278.581,
                                                    "Actual Rows": 605115,
                                                    "Actual Loops": 1
                                                },
                                                {
                                                    "Worker Number": 1,
                                                    "Actual Startup Time": 25.421,
                                                    "Actual Total Time": 278.483,
                                                    "Actual Rows": 604990,
                                                    "Actual Loops": 1
                                                },
                                                {
                                                    "Worker Number": 2,
                                                    "Actual Startup Time": 25.445,
                                                    "Actual Total Time": 278.788,
                                                    "Actual Rows": 600075,
                                                    "Actual Loops": 1
                                                },
                                                {
                                                    "Worker Number": 3,
                                                    "Actual Startup Time": 25.423,
                                                    "Actual Total Time": 278.33,
                                                    "Actual Rows": 598145,
                                                    "Actual Loops": 1
                                                },
                                                {
                                                    "Worker Number": 4,
                                                    "Actual Startup Time": 25.436,
                                                    "Actual Total Time": 274.076,
                                                    "Actual Rows": 560194,
                                                    "Actual Loops": 1
                                                }
                                            ]
                                        },
                                        {
                                            "Node Type": "Hash",
                                            "Parent Relationship": "Inner",
                                            "Parallel Aware": true,
                                            "Startup Cost": 45479.21,
                                            "Total Cost": 45479.21,
                                            "Plan Rows": 29354,
                                            "Plan Width": 4,
                                            "Actual Startup Time": 86.905,
                                            "Actual Total Time": 86.906,
                                            "Actual Rows": 36230,
                                            "Actual Loops": 6,
                                            "Output": [
                                                "t.id"
                                            ],
                                            "Hash Buckets": 262144,
                                            "Original Hash Buckets": 131072,
                                            "Hash Batches": 1,
                                            "Original Hash Batches": 1,
                                            "Peak Memory Usage": 11712,
                                            "Workers": [
                                                {
                                                    "Worker Number": 0,
                                                    "Actual Startup Time": 84.68,
                                                    "Actual Total Time": 84.681,
                                                    "Actual Rows": 35414,
                                                    "Actual Loops": 1
                                                },
                                                {
                                                    "Worker Number": 1,
                                                    "Actual Startup Time": 85.071,
                                                    "Actual Total Time": 85.072,
                                                    "Actual Rows": 36269,
                                                    "Actual Loops": 1
                                                },
                                                {
                                                    "Worker Number": 2,
                                                    "Actual Startup Time": 85.171,
                                                    "Actual Total Time": 85.172,
                                                    "Actual Rows": 35484,
                                                    "Actual Loops": 1
                                                },
                                                {
                                                    "Worker Number": 3,
                                                    "Actual Startup Time": 85.195,
                                                    "Actual Total Time": 85.196,
                                                    "Actual Rows": 34648,
                                                    "Actual Loops": 1
                                                },
                                                {
                                                    "Worker Number": 4,
                                                    "Actual Startup Time": 85.836,
                                                    "Actual Total Time": 85.837,
                                                    "Actual Rows": 31963,
                                                    "Actual Loops": 1
                                                }
                                            ],
                                            "Plans": [
                                                {
                                                    "Node Type": "Seq Scan",
                                                    "Parent Relationship": "Outer",
                                                    "Parallel Aware": true,
                                                    "Relation Name": "title",
                                                    "Schema": "public",
                                                    "Alias": "t",
                                                    "Startup Cost": 0.0,
                                                    "Total Cost": 45479.21,
                                                    "Plan Rows": 29354,
                                                    "Plan Width": 4,
                                                    "Actual Startup Time": 0.188,
                                                    "Actual Total Time": 70.861,
                                                    "Actual Rows": 36230,
                                                    "Actual Loops": 6,
                                                    "Output": [
                                                        "t.id"
                                                    ],
                                                    "Filter": "((t.kind_id < 7) AND (t.production_year < 1965))",
                                                    "Rows Removed by Filter": 385156,
                                                    "Workers": [
                                                        {
                                                            "Worker Number": 0,
                                                            "Actual Startup Time": 0.058,
                                                            "Actual Total Time": 69.197,
                                                            "Actual Rows": 35414,
                                                            "Actual Loops": 1
                                                        },
                                                        {
                                                            "Worker Number": 1,
                                                            "Actual Startup Time": 0.354,
                                                            "Actual Total Time": 69.835,
                                                            "Actual Rows": 36269,
                                                            "Actual Loops": 1
                                                        },
                                                        {
                                                            "Worker Number": 2,
                                                            "Actual Startup Time": 0.324,
                                                            "Actual Total Time": 69.92,
                                                            "Actual Rows": 35484,
                                                            "Actual Loops": 1
                                                        },
                                                        {
                                                            "Worker Number": 3,
                                                            "Actual Startup Time": 0.107,
                                                            "Actual Total Time": 69.364,
                                                            "Actual Rows": 34648,
                                                            "Actual Loops": 1
                                                        },
                                                        {
                                                            "Worker Number": 4,
                                                            "Actual Startup Time": 0.164,
                                                            "Actual Total Time": 70.196,
                                                            "Actual Rows": 31963,
                                                            "Actual Loops": 1
                                                        }
                                                    ]
                                                }
                                            ]
                                        }
                                    ]
                                }
                            ]
                        }
                    ]
                }
            ]
        },
        "Planning Time": 185.692,
        "Triggers": [],
        "Execution Time": 484.417
    }
]