[
  {
    "Plan": {
      "Node Type": "Aggregate",
      "Strategy": "Plain",
      "Partial Mode": "Finalize",
      "Parallel Aware": false,
      "Startup Cost": 82251.73,
      "Total Cost": 82251.74,
      "Plan Rows": 1,
      "Plan Width": 8,
      "Actual Startup Time": 613.017,
      "Actual Total Time": 630.877,
      "Actual Rows": 1,
      "Actual Loops": 1,
      "Plans": [
        {
          "Node Type": "Gather",
          "Parent Relationship": "Outer",
          "Parallel Aware": false,
          "Startup Cost": 82251.41,
          "Total Cost": 82251.72,
          "Plan Rows": 3,
          "Plan Width": 8,
          "Actual Startup Time": 601.906,
          "Actual Total Time": 630.862,
          "Actual Rows": 4,
          "Actual Loops": 1,
          "Workers Planned": 3,
          "Workers Launched": 3,
          "Single Copy": false,
          "Plans": [
            {
              "Node Type": "Aggregate",
              "Strategy": "Plain",
              "Partial Mode": "Partial",
              "Parent Relationship": "Outer",
              "Parallel Aware": false,
              "Startup Cost": 81251.41,
              "Total Cost": 81251.42,
              "Plan Rows": 1,
              "Plan Width": 8,
              "Actual Startup Time": 593.459,
              "Actual Total Time": 593.464,
              "Actual Rows": 1,
              "Actual Loops": 4,
              "Plans": [
                {
                  "Node Type": "Hash Join",
                  "Parent Relationship": "Outer",
                  "Parallel Aware": true,
                  "Join Type": "Inner",
                  "Startup Cost": 50166.55,
                  "Total Cost": 79582.44,
                  "Plan Rows": 667590,
                  "Plan Width": 0,
                  "Actual Startup Time": 301.724,
                  "Actual Total Time": 572.559,
                  "Actual Rows": 450318,
                  "Actual Loops": 4,
                  "Inner Unique": true,
                  "Hash Cond": "(mc.movie_id = t.id)",
                  "Plans": [
                    {
                      "Node Type": "Seq Scan",
                      "Parent Relationship": "Outer",
                      "Parallel Aware": true,
                      "Relation Name": "movie_companies",
                      "Alias": "mc",
                      "Startup Cost": 0.0,
                      "Total Cost": 27206.55,
                      "Plan Rows": 841655,
                      "Plan Width": 4,
                      "Actual Startup Time": 0.009,
                      "Actual Total Time": 60.972,
                      "Actual Rows": 652282,
                      "Actual Loops": 4
                    },
                    {
                      "Node Type": "Hash",
                      "Parent Relationship": "Inner",
                      "Parallel Aware": true,
                      "Startup Cost": 43899.32,
                      "Total Cost": 43899.32,
                      "Plan Rows": 501378,
                      "Plan Width": 4,
                      "Actual Startup Time": 296.493,
                      "Actual Total Time": 296.495,
                      "Actual Rows": 497664,
                      "Actual Loops": 4,
                      "Hash Buckets": 2097152,
                      "Original Hash Buckets": 2097152,
                      "Hash Batches": 1,
                      "Original Hash Batches": 1,
                      "Peak Memory Usage": 94304,
                      "Plans": [
                        {
                          "Node Type": "Seq Scan",
                          "Parent Relationship": "Outer",
                          "Parallel Aware": true,
                          "Relation Name": "title",
                          "Alias": "t",
                          "Startup Cost": 0.0,
                          "Total Cost": 43899.32,
                          "Plan Rows": 501378,
                          "Plan Width": 4,
                          "Actual Startup Time": 0.043,
                          "Actual Total Time": 116.189,
                          "Actual Rows": 497664,
                          "Actual Loops": 4,
                          "Filter": "(production_year > 1976)",
                          "Rows Removed by Filter": 134414
                        }
                      ]
                    }
                  ]
                }
              ]
            }
          ]
        }
      ]
    },
    "Planning Time": 0.171,
    "Triggers": [],
    "Execution Time": 630.909
  }
]