[
    {
        "Bao": {
            "Bao prediction": "NaN",
            "Bao recommended hint": "(no hint)"
        }
    },
    {
        "Plan": {
            "Node Type": "Aggregate",
            "Strategy": "Plain",
            "Partial Mode": "Finalize",
            "Parallel Aware": false,
            "Startup Cost": 350475.03,
            "Total Cost": 350475.04,
            "Plan Rows": 1,
            "Plan Width": 8,
            "Actual Startup Time": 891.389,
            "Actual Total Time": 920.106,
            "Actual Rows": 1,
            "Actual Loops": 1,
            "Output": [
                "count(*)"
            ],
            "Plans": [
                {
                    "Node Type": "Gather",
                    "Parent Relationship": "Outer",
                    "Parallel Aware": false,
                    "Startup Cost": 350474.4,
                    "Total Cost": 350475.01,
                    "Plan Rows": 6,
                    "Plan Width": 8,
                    "Actual Startup Time": 891.28,
                    "Actual Total Time": 920.098,
                    "Actual Rows": 7,
                    "Actual Loops": 1,
                    "Output": [
                        "(PARTIAL count(*))"
                    ],
                    "Workers Planned": 6,
                    "Workers Launched": 6,
                    "Single Copy": false,
                    "Plans": [
                        {
                            "Node Type": "Aggregate",
                            "Strategy": "Plain",
                            "Partial Mode": "Partial",
                            "Parent Relationship": "Outer",
                            "Parallel Aware": false,
                            "Startup Cost": 349474.4,
                            "Total Cost": 349474.41,
                            "Plan Rows": 1,
                            "Plan Width": 8,
                            "Actual Startup Time": 881.615,
                            "Actual Total Time": 881.616,
                            "Actual Rows": 1,
                            "Actual Loops": 7,
                            "Output": [
                                "PARTIAL count(*)"
                            ],
                            "Workers": [
                                {
                                    "Worker Number": 0,
                                    "Actual Startup Time": 879.127,
                                    "Actual Total Time": 879.13,
                                    "Actual Rows": 1,
                                    "Actual Loops": 1
                                },
                                {
                                    "Worker Number": 1,
                                    "Actual Startup Time": 879.427,
                                    "Actual Total Time": 879.429,
                                    "Actual Rows": 1,
                                    "Actual Loops": 1
                                },
                                {
                                    "Worker Number": 2,
                                    "Actual Startup Time": 880.065,
                                    "Actual Total Time": 880.066,
                                    "Actual Rows": 1,
                                    "Actual Loops": 1
                                },
                                {
                                    "Worker Number": 3,
                                    "Actual Startup Time": 880.115,
                                    "Actual Total Time": 880.116,
                                    "Actual Rows": 1,
                                    "Actual Loops": 1
                                },
                                {
                                    "Worker Number": 4,
                                    "Actual Startup Time": 880.601,
                                    "Actual Total Time": 880.602,
                                    "Actual Rows": 1,
                                    "Actual Loops": 1
                                },
                                {
                                    "Worker Number": 5,
                                    "Actual Startup Time": 881.024,
                                    "Actual Total Time": 881.025,
                                    "Actual Rows": 1,
                                    "Actual Loops": 1
                                }
                            ],
                            "Plans": [
                                {
                                    "Node Type": "Seq Scan",
                                    "Parent Relationship": "Outer",
                                    "Parallel Aware": true,
                                    "Relation Name": "cast_info",
                                    "Schema": "public",
                                    "Alias": "ci",
                                    "Startup Cost": 0.0,
                                    "Total Cost": 343318.94,
                                    "Plan Rows": 2462184,
                                    "Plan Width": 0,
                                    "Actual Startup Time": 215.441,
                                    "Actual Total Time": 727.432,
                                    "Actual Rows": 2836118,
                                    "Actual Loops": 7,
                                    "Output": [
                                        "id",
                                        "person_id",
                                        "movie_id",
                                        "person_role_id",
                                        "note",
                                        "nr_order",
                                        "role_id"
                                    ],
                                    "Filter": "((ci.person_id > 1325724) AND (ci.role_id > 1))",
                                    "Rows Removed by Filter": 2341646,
                                    "Workers": [
                                        {
                                            "Worker Number": 0,
                                            "Actual Startup Time": 212.958,
                                            "Actual Total Time": 726.681,
                                            "Actual Rows": 2301007,
                                            "Actual Loops": 1
                                        },
                                        {
                                            "Worker Number": 1,
                                            "Actual Startup Time": 213.267,
                                            "Actual Total Time": 727.402,
                                            "Actual Rows": 2272785,
                                            "Actual Loops": 1
                                        },
                                        {
                                            "Worker Number": 2,
                                            "Actual Startup Time": 213.895,
                                            "Actual Total Time": 727.809,
                                            "Actual Rows": 2299964,
                                            "Actual Loops": 1
                                        },
                                        {
                                            "Worker Number": 3,
                                            "Actual Startup Time": 213.942,
                                            "Actual Total Time": 730.46,
                                            "Actual Rows": 2278594,
                                            "Actual Loops": 1
                                        },
                                        {
                                            "Worker Number": 4,
                                            "Actual Startup Time": 214.423,
                                            "Actual Total Time": 726.189,
                                            "Actual Rows": 3758052,
                                            "Actual Loops": 1
                                        },
                                        {
                                            "Worker Number": 5,
                                            "Actual Startup Time": 214.832,
                                            "Actual Total Time": 728.355,
                                            "Actual Rows": 2725861,
                                            "Actual Loops": 1
                                        }
                                    ]
                                }
                            ]
                        }
                    ]
                }
            ]
        },
        "Planning Time": 194.816,
        "Triggers": [],
        "Execution Time": 920.15
    }
]