[
  {
    "Plan": {
      "Node Type": "Aggregate",
      "Strategy": "Plain",
      "Partial Mode": "Finalize",
      "Parallel Aware": false,
      "Startup Cost": 240193.75,
      "Total Cost": 240193.76,
      "Plan Rows": 1,
      "Plan Width": 8,
      "Actual Startup Time": 242.912,
      "Actual Total Time": 252.717,
      "Actual Rows": 1,
      "Actual Loops": 1,
      "Plans": [
        {
          "Node Type": "Gather",
          "Parent Relationship": "Outer",
          "Parallel Aware": false,
          "Startup Cost": 240193.23,
          "Total Cost": 240193.74,
          "Plan Rows": 5,
          "Plan Width": 8,
          "Actual Startup Time": 241.358,
          "Actual Total Time": 252.71,
          "Actual Rows": 6,
          "Actual Loops": 1,
          "Workers Planned": 5,
          "Workers Launched": 5,
          "Single Copy": false,
          "Plans": [
            {
              "Node Type": "Aggregate",
              "Strategy": "Plain",
              "Partial Mode": "Partial",
              "Parent Relationship": "Outer",
              "Parallel Aware": false,
              "Startup Cost": 239193.23,
              "Total Cost": 239193.24,
              "Plan Rows": 1,
              "Plan Width": 8,
              "Actual Startup Time": 235.479,
              "Actual Total Time": 235.482,
              "Actual Rows": 1,
              "Actual Loops": 6,
              "Plans": [
                {
                  "Node Type": "Hash Join",
                  "Parent Relationship": "Outer",
                  "Parallel Aware": true,
                  "Join Type": "Inner",
                  "Startup Cost": 72725.51,
                  "Total Cost": 239107.54,
                  "Plan Rows": 34276,
                  "Plan Width": 0,
                  "Actual Startup Time": 143.049,
                  "Actual Total Time": 229.333,
                  "Actual Rows": 131816,
                  "Actual Loops": 6,
                  "Inner Unique": true,
                  "Hash Cond": "(mi.movie_id = t.id)",
                  "Plans": [
                    {
                      "Node Type": "Bitmap Heap Scan",
                      "Parent Relationship": "Outer",
                      "Parallel Aware": true,
                      "Relation Name": "movie_info",
                      "Alias": "mi",
                      "Startup Cost": 26313.05,
                      "Total Cost": 191933.34,
                      "Plan Rows": 290184,
                      "Plan Width": 4,
                      "Actual Startup Time": 53.071,
                      "Actual Total Time": 90.438,
                      "Actual Rows": 233650,
                      "Actual Loops": 6,
                      "Recheck Cond": "(info_type_id = 7)",
                      "Rows Removed by Index Recheck": 0,
                      "Exact Heap Blocks": 1687,
                      "Lossy Heap Blocks": 0,
                      "Plans": [
                        {
                          "Node Type": "Bitmap Index Scan",
                          "Parent Relationship": "Outer",
                          "Parallel Aware": false,
                          "Index Name": "info_type_id_movie_info",
                          "Startup Cost": 0.0,
                          "Total Cost": 25950.32,
                          "Plan Rows": 1450918,
                          "Plan Width": 0,
                          "Actual Startup Time": 51.256,
                          "Actual Total Time": 51.256,
                          "Actual Rows": 1401902,
                          "Actual Loops": 1,
                          "Index Cond": "(info_type_id = 7)"
                        }
                      ]
                    },
                    {
                      "Node Type": "Hash",
                      "Parent Relationship": "Inner",
                      "Parallel Aware": true,
                      "Startup Cost": 45479.21,
                      "Total Cost": 45479.21,
                      "Plan Rows": 74660,
                      "Plan Width": 4,
                      "Actual Startup Time": 88.521,
                      "Actual Total Time": 88.522,
                      "Actual Rows": 68615,
                      "Actual Loops": 6,
                      "Hash Buckets": 524288,
                      "Original Hash Buckets": 524288,
                      "Hash Batches": 1,
                      "Original Hash Batches": 1,
                      "Peak Memory Usage": 20320,
                      "Plans": [
                        {
                          "Node Type": "Seq Scan",
                          "Parent Relationship": "Outer",
                          "Parallel Aware": true,
                          "Relation Name": "title",
                          "Alias": "t",
                          "Startup Cost": 0.0,
                          "Total Cost": 45479.21,
                          "Plan Rows": 74660,
                          "Plan Width": 4,
                          "Actual Startup Time": 0.038,
                          "Actual Total Time": 65.445,
                          "Actual Rows": 68615,
                          "Actual Loops": 6,
                          "Filter": "((kind_id < 7) AND (production_year < 1993))",
                          "Rows Removed by Filter": 352770
                        }
                      ]
                    }
                  ]
                }
              ]
            }
          ]
        }
      ]
    },
    "Planning Time": 0.222,
    "Triggers": [],
    "Execution Time": 252.754
  }
]