{
  "Plan": {
    "Node Type": "Aggregate",
    "Strategy": "Plain",
    "Partial Mode": "Finalize",
    "Parallel Aware": false,
    "Startup Cost": 1268059.28,
    "Total Cost": 1268059.29,
    "Plan Rows": 1,
    "Plan Width": 8,
    "Actual Startup Time": 22331.948,
    "Actual Total Time": 22435.387,
    "Actual Rows": 1,
    "Actual Loops": 1,
    "Plans": [
      {
        "Node Type": "Gather",
        "Parent Relationship": "Outer",
        "Parallel Aware": false,
        "Startup Cost": 1268059.17,
        "Total Cost": 1268059.28,
        "Plan Rows": 1,
        "Plan Width": 8,
        "Actual Startup Time": 22320.628,
        "Actual Total Time": 22435.376,
        "Actual Rows": 2,
        "Actual Loops": 1,
        "Workers Planned": 1,
        "Workers Launched": 1,
        "Single Copy": false,
        "Plans": [
          {
            "Node Type": "Aggregate",
            "Strategy": "Plain",
            "Partial Mode": "Partial",
            "Parent Relationship": "Outer",
            "Parallel Aware": false,
            "Startup Cost": 1267059.17,
            "Total Cost": 1267059.18,
            "Plan Rows": 1,
            "Plan Width": 8,
            "Actual Startup Time": 22306.744,
            "Actual Total Time": 22306.751,
            "Actual Rows": 1,
            "Actual Loops": 2,
            "Plans": [
              {
                "Node Type": "Hash Join",
                "Parent Relationship": "Outer",
                "Parallel Aware": true,
                "Join Type": "Inner",
                "Startup Cost": 382652.06,
                "Total Cost": 1181933.04,
                "Plan Rows": 34050452,
                "Plan Width": 0,
                "Actual Startup Time": 3660.917,
                "Actual Total Time": 19629.115,
                "Actual Rows": 64177212,
                "Actual Loops": 2,
                "Inner Unique": false,
                "Hash Cond": "(ci.movie_id = t.id)",
                "Plans": [
                  {
                    "Node Type": "Seq Scan",
                    "Parent Relationship": "Outer",
                    "Parallel Aware": true,
                    "Relation Name": "cast_info",
                    "Alias": "ci",
                    "Startup Cost": 0.0,
                    "Total Cost": 465792.95,
                    "Plan Rows": 21310595,
                    "Plan Width": 4,
                    "Actual Startup Time": 0.021,
                    "Actual Total Time": 1467.852,
                    "Actual Rows": 18122172,
                    "Actual Loops": 2
                  },
                  {
                    "Node Type": "Hash",
                    "Parent Relationship": "Inner",
                    "Parallel Aware": true,
                    "Startup Cost": 352948.0,
                    "Total Cost": 352948.0,
                    "Plan Rows": 2376325,
                    "Plan Width": 8,
                    "Actual Startup Time": 3639.448,
                    "Actual Total Time": 3639.454,
                    "Actual Rows": 2830173,
                    "Actual Loops": 2,
                    "Hash Buckets": 8388608,
                    "Original Hash Buckets": 4194304,
                    "Hash Batches": 1,
                    "Original Hash Batches": 1,
                    "Peak Memory Usage": 319744,
                    "Plans": [
                      {
                        "Node Type": "Hash Join",
                        "Parent Relationship": "Outer",
                        "Parallel Aware": true,
                        "Join Type": "Inner",
                        "Startup Cost": 59739.61,
                        "Total Cost": 352948.0,
                        "Plan Rows": 2376325,
                        "Plan Width": 8,
                        "Actual Startup Time": 265.703,
                        "Actual Total Time": 2713.298,
                        "Actual Rows": 2830173,
                        "Actual Loops": 2,
                        "Inner Unique": true,
                        "Hash Cond": "(mi.movie_id = t.id)",
                        "Plans": [
                          {
                            "Node Type": "Seq Scan",
                            "Parent Relationship": "Outer",
                            "Parallel Aware": true,
                            "Relation Name": "movie_info",
                            "Alias": "mi",
                            "Startup Cost": 0.0,
                            "Total Cost": 270696.42,
                            "Plan Rows": 8575975,
                            "Plan Width": 4,
                            "Actual Startup Time": 0.017,
                            "Actual Total Time": 874.303,
                            "Actual Rows": 7318983,
                            "Actual Loops": 2,
                            "Filter": "(info_type_id < 107)",
                            "Rows Removed by Filter": 98877
                          },
                          {
                            "Node Type": "Hash",
                            "Parent Relationship": "Inner",
                            "Parallel Aware": true,
                            "Startup Cost": 54588.39,
                            "Total Cost": 54588.39,
                            "Plan Rows": 412098,
                            "Plan Width": 4,
                            "Actual Startup Time": 262.766,
                            "Actual Total Time": 262.767,
                            "Actual Rows": 353593,
                            "Actual Loops": 2,
                            "Hash Buckets": 1048576,
                            "Original Hash Buckets": 1048576,
                            "Hash Batches": 1,
                            "Original Hash Batches": 1,
                            "Peak Memory Usage": 35904,
                            "Plans": [
                              {
                                "Node Type": "Seq Scan",
                                "Parent Relationship": "Outer",
                                "Parallel Aware": true,
                                "Relation Name": "title",
                                "Alias": "t",
                                "Startup Cost": 0.0,
                                "Total Cost": 54588.39,
                                "Plan Rows": 412098,
                                "Plan Width": 4,
                                "Actual Startup Time": 0.024,
                                "Actual Total Time": 156.946,
                                "Actual Rows": 353593,
                                "Actual Loops": 2,
                                "Filter": "(production_year < 1991)",
                                "Rows Removed by Filter": 910563
                              }
                            ]
                          }
                        ]
                      }
                    ]
                  }
                ]
              }
            ]
          }
        ]
      }
    ]
  },
  "Planning Time": 0.952,
  "Triggers": [],
  "Execution Time": 22435.51
}