[
  {
    "Plan": {
      "Node Type": "Aggregate",
      "Strategy": "Plain",
      "Partial Mode": "Finalize",
      "Parallel Aware": false,
      "Startup Cost": 47404.81,
      "Total Cost": 47404.82,
      "Plan Rows": 1,
      "Plan Width": 8,
      "Actual Startup Time": 132.505,
      "Actual Total Time": 144.276,
      "Actual Rows": 1,
      "Actual Loops": 1,
      "Plans": [
        {
          "Node Type": "Gather",
          "Parent Relationship": "Outer",
          "Parallel Aware": false,
          "Startup Cost": 47404.39,
          "Total Cost": 47404.8,
          "Plan Rows": 4,
          "Plan Width": 8,
          "Actual Startup Time": 132.319,
          "Actual Total Time": 144.265,
          "Actual Rows": 5,
          "Actual Loops": 1,
          "Workers Planned": 4,
          "Workers Launched": 4,
          "Single Copy": false,
          "Plans": [
            {
              "Node Type": "Aggregate",
              "Strategy": "Plain",
              "Partial Mode": "Partial",
              "Parent Relationship": "Outer",
              "Parallel Aware": false,
              "Startup Cost": 46404.39,
              "Total Cost": 46404.4,
              "Plan Rows": 1,
              "Plan Width": 8,
              "Actual Startup Time": 125.369,
              "Actual Total Time": 125.371,
              "Actual Rows": 1,
              "Actual Loops": 5,
              "Plans": [
                {
                  "Node Type": "Seq Scan",
                  "Parent Relationship": "Outer",
                  "Parallel Aware": true,
                  "Relation Name": "title",
                  "Alias": "t",
                  "Startup Cost": 0.0,
                  "Total Cost": 45479.59,
                  "Plan Rows": 369922,
                  "Plan Width": 0,
                  "Actual Startup Time": 0.043,
                  "Actual Total Time": 106.145,
                  "Actual Rows": 295688,
                  "Actual Loops": 5,
                  "Filter": "((production_year > 1910) AND (kind_id = 7))",
                  "Rows Removed by Filter": 209975
                }
              ]
            }
          ]
        }
      ]
    },
    "Planning Time": 0.161,
    "Triggers": [],
    "Execution Time": 144.331
  }
]