[
  {
    "Plan": {
      "Node Type": "Aggregate",
      "Strategy": "Plain",
      "Partial Mode": "Finalize",
      "Parallel Aware": false,
      "Startup Cost": 46999.96,
      "Total Cost": 46999.97,
      "Plan Rows": 1,
      "Plan Width": 8,
      "Actual Startup Time": 115.836,
      "Actual Total Time": 129.003,
      "Actual Rows": 1,
      "Actual Loops": 1,
      "Plans": [
        {
          "Node Type": "Gather",
          "Parent Relationship": "Outer",
          "Parallel Aware": false,
          "Startup Cost": 46999.54,
          "Total Cost": 46999.95,
          "Plan Rows": 4,
          "Plan Width": 8,
          "Actual Startup Time": 115.537,
          "Actual Total Time": 128.99,
          "Actual Rows": 5,
          "Actual Loops": 1,
          "Workers Planned": 4,
          "Workers Launched": 4,
          "Single Copy": false,
          "Plans": [
            {
              "Node Type": "Aggregate",
              "Strategy": "Plain",
              "Partial Mode": "Partial",
              "Parent Relationship": "Outer",
              "Parallel Aware": false,
              "Startup Cost": 45999.54,
              "Total Cost": 45999.55,
              "Plan Rows": 1,
              "Plan Width": 8,
              "Actual Startup Time": 105.96,
              "Actual Total Time": 105.962,
              "Actual Rows": 1,
              "Actual Loops": 5,
              "Plans": [
                {
                  "Node Type": "Seq Scan",
                  "Parent Relationship": "Outer",
                  "Parallel Aware": true,
                  "Relation Name": "title",
                  "Alias": "t",
                  "Startup Cost": 0.0,
                  "Total Cost": 45479.59,
                  "Plan Rows": 207981,
                  "Plan Width": 0,
                  "Actual Startup Time": 0.061,
                  "Actual Total Time": 98.016,
                  "Actual Rows": 148817,
                  "Actual Loops": 5,
                  "Filter": "((kind_id < 7) AND (production_year > 1967))",
                  "Rows Removed by Filter": 356845
                }
              ]
            }
          ]
        }
      ]
    },
    "Planning Time": 0.191,
    "Triggers": [],
    "Execution Time": 129.064
  }
]