[
  {
    "Plan": {
      "Node Type": "Aggregate",
      "Strategy": "Plain",
      "Partial Mode": "Finalize",
      "Parallel Aware": false,
      "Startup Cost": 28983.35,
      "Total Cost": 28983.36,
      "Plan Rows": 1,
      "Plan Width": 8,
      "Actual Startup Time": 80.626,
      "Actual Total Time": 85.567,
      "Actual Rows": 1,
      "Actual Loops": 1,
      "Plans": [
        {
          "Node Type": "Gather",
          "Parent Relationship": "Outer",
          "Parallel Aware": false,
          "Startup Cost": 28983.04,
          "Total Cost": 28983.35,
          "Plan Rows": 3,
          "Plan Width": 8,
          "Actual Startup Time": 80.461,
          "Actual Total Time": 85.56,
          "Actual Rows": 4,
          "Actual Loops": 1,
          "Workers Planned": 3,
          "Workers Launched": 3,
          "Single Copy": false,
          "Plans": [
            {
              "Node Type": "Aggregate",
              "Strategy": "Plain",
              "Partial Mode": "Partial",
              "Parent Relationship": "Outer",
              "Parallel Aware": false,
              "Startup Cost": 27983.04,
              "Total Cost": 27983.05,
              "Plan Rows": 1,
              "Plan Width": 8,
              "Actual Startup Time": 73.065,
              "Actual Total Time": 73.067,
              "Actual Rows": 1,
              "Actual Loops": 4,
              "Plans": [
                {
                  "Node Type": "Bitmap Heap Scan",
                  "Parent Relationship": "Outer",
                  "Parallel Aware": true,
                  "Relation Name": "movie_companies",
                  "Alias": "mc",
                  "Startup Cost": 7515.42,
                  "Total Cost": 27703.43,
                  "Plan Rows": 111841,
                  "Plan Width": 0,
                  "Actual Startup Time": 32.02,
                  "Actual Total Time": 66.816,
                  "Actual Rows": 87262,
                  "Actual Loops": 4,
                  "Recheck Cond": "(company_id > 88364)",
                  "Rows Removed by Index Recheck": 0,
                  "Exact Heap Blocks": 2993,
                  "Lossy Heap Blocks": 0,
                  "Plans": [
                    {
                      "Node Type": "Bitmap Index Scan",
                      "Parent Relationship": "Outer",
                      "Parallel Aware": false,
                      "Index Name": "company_id_movie_companies",
                      "Startup Cost": 0.0,
                      "Total Cost": 7428.74,
                      "Plan Rows": 346708,
                      "Plan Width": 0,
                      "Actual Startup Time": 37.416,
                      "Actual Total Time": 37.416,
                      "Actual Rows": 349047,
                      "Actual Loops": 1,
                      "Index Cond": "(company_id > 88364)"
                    }
                  ]
                }
              ]
            }
          ]
        }
      ]
    },
    "Planning Time": 0.189,
    "Triggers": [],
    "Execution Time": 85.633
  }
]