[
  {
    "Plan": {
      "Node Type": "Aggregate",
      "Strategy": "Plain",
      "Partial Mode": "Finalize",
      "Parallel Aware": false,
      "Startup Cost": 98720.58,
      "Total Cost": 98720.59,
      "Plan Rows": 1,
      "Plan Width": 8,
      "Actual Startup Time": 684.892,
      "Actual Total Time": 706.285,
      "Actual Rows": 1,
      "Actual Loops": 1,
      "Plans": [
        {
          "Node Type": "Gather",
          "Parent Relationship": "Outer",
          "Parallel Aware": false,
          "Startup Cost": 98720.26,
          "Total Cost": 98720.57,
          "Plan Rows": 3,
          "Plan Width": 8,
          "Actual Startup Time": 668.65,
          "Actual Total Time": 706.273,
          "Actual Rows": 4,
          "Actual Loops": 1,
          "Workers Planned": 3,
          "Workers Launched": 3,
          "Single Copy": false,
          "Plans": [
            {
              "Node Type": "Aggregate",
              "Strategy": "Plain",
              "Partial Mode": "Partial",
              "Parent Relationship": "Outer",
              "Parallel Aware": false,
              "Startup Cost": 97720.26,
              "Total Cost": 97720.27,
              "Plan Rows": 1,
              "Plan Width": 8,
              "Actual Startup Time": 650.24,
              "Actual Total Time": 650.244,
              "Actual Rows": 1,
              "Actual Loops": 4,
              "Plans": [
                {
                  "Node Type": "Hash Join",
                  "Parent Relationship": "Outer",
                  "Parallel Aware": true,
                  "Join Type": "Inner",
                  "Startup Cost": 50220.38,
                  "Total Cost": 95376.74,
                  "Plan Rows": 937410,
                  "Plan Width": 0,
                  "Actual Startup Time": 363.526,
                  "Actual Total Time": 615.892,
                  "Actual Rows": 729023,
                  "Actual Loops": 4,
                  "Inner Unique": true,
                  "Hash Cond": "(mk.movie_id = t.id)",
                  "Plans": [
                    {
                      "Node Type": "Seq Scan",
                      "Parent Relationship": "Outer",
                      "Parallel Aware": true,
                      "Relation Name": "movie_keyword",
                      "Alias": "mk",
                      "Startup Cost": 0.0,
                      "Total Cost": 42695.65,
                      "Plan Rows": 937410,
                      "Plan Width": 4,
                      "Actual Startup Time": 0.037,
                      "Actual Total Time": 112.669,
                      "Actual Rows": 729023,
                      "Actual Loops": 4,
                      "Filter": "(keyword_id < 9473)",
                      "Rows Removed by Filter": 401960
                    },
                    {
                      "Node Type": "Hash",
                      "Parent Relationship": "Inner",
                      "Parallel Aware": true,
                      "Startup Cost": 42319.06,
                      "Total Cost": 42319.06,
                      "Plan Rows": 632106,
                      "Plan Width": 4,
                      "Actual Startup Time": 351.972,
                      "Actual Total Time": 351.974,
                      "Actual Rows": 632078,
                      "Actual Loops": 4,
                      "Hash Buckets": 4194304,
                      "Original Hash Buckets": 4194304,
                      "Hash Batches": 1,
                      "Original Hash Batches": 1,
                      "Peak Memory Usage": 131712,
                      "Plans": [
                        {
                          "Node Type": "Seq Scan",
                          "Parent Relationship": "Outer",
                          "Parallel Aware": true,
                          "Relation Name": "title",
                          "Alias": "t",
                          "Startup Cost": 0.0,
                          "Total Cost": 42319.06,
                          "Plan Rows": 632106,
                          "Plan Width": 4,
                          "Actual Startup Time": 0.042,
                          "Actual Total Time": 102.831,
                          "Actual Rows": 632078,
                          "Actual Loops": 4
                        }
                      ]
                    }
                  ]
                }
              ]
            }
          ]
        }
      ]
    },
    "Planning Time": 0.54,
    "Triggers": [],
    "Execution Time": 706.348
  }
]