{
  "Plan": {
    "Node Type": "Aggregate",
    "Strategy": "Plain",
    "Partial Mode": "Finalize",
    "Parallel Aware": false,
    "Startup Cost": 231619.72,
    "Total Cost": 231619.73,
    "Plan Rows": 1,
    "Plan Width": 8,
    "Actual Startup Time": 251.004,
    "Actual Total Time": 258.122,
    "Actual Rows": 1,
    "Actual Loops": 1,
    "Plans": [
      {
        "Node Type": "Gather",
        "Parent Relationship": "Outer",
        "Parallel Aware": false,
        "Startup Cost": 231619.61,
        "Total Cost": 231619.72,
        "Plan Rows": 1,
        "Plan Width": 8,
        "Actual Startup Time": 249.582,
        "Actual Total Time": 258.116,
        "Actual Rows": 2,
        "Actual Loops": 1,
        "Workers Planned": 1,
        "Workers Launched": 1,
        "Single Copy": false,
        "Plans": [
          {
            "Node Type": "Aggregate",
            "Strategy": "Plain",
            "Partial Mode": "Partial",
            "Parent Relationship": "Outer",
            "Parallel Aware": false,
            "Startup Cost": 230619.61,
            "Total Cost": 230619.62,
            "Plan Rows": 1,
            "Plan Width": 8,
            "Actual Startup Time": 243.348,
            "Actual Total Time": 243.351,
            "Actual Rows": 1,
            "Actual Loops": 2,
            "Plans": [
              {
                "Node Type": "Hash Join",
                "Parent Relationship": "Outer",
                "Parallel Aware": true,
                "Join Type": "Inner",
                "Startup Cost": 64053.9,
                "Total Cost": 230506.68,
                "Plan Rows": 45171,
                "Plan Width": 0,
                "Actual Startup Time": 191.439,
                "Actual Total Time": 236.848,
                "Actual Rows": 152063,
                "Actual Loops": 2,
                "Inner Unique": true,
                "Hash Cond": "(mi.movie_id = t.id)",
                "Plans": [
                  {
                    "Node Type": "Bitmap Heap Scan",
                    "Parent Relationship": "Outer",
                    "Parallel Aware": true,
                    "Relation Name": "movie_info",
                    "Alias": "mi",
                    "Startup Cost": 5618.66,
                    "Total Cost": 171592.82,
                    "Plan Rows": 182332,
                    "Plan Width": 4,
                    "Actual Startup Time": 11.785,
                    "Actual Total Time": 30.771,
                    "Actual Rows": 153394,
                    "Actual Loops": 2,
                    "Recheck Cond": "(info_type_id > 105)",
                    "Rows Removed by Index Recheck": 0,
                    "Exact Heap Blocks": 2918,
                    "Lossy Heap Blocks": 0,
                    "Plans": [
                      {
                        "Node Type": "Bitmap Index Scan",
                        "Parent Relationship": "Outer",
                        "Parallel Aware": false,
                        "Index Name": "info_type_id_movie_info",
                        "Startup Cost": 0.0,
                        "Total Cost": 5541.16,
                        "Plan Rows": 309964,
                        "Plan Width": 0,
                        "Actual Startup Time": 11.008,
                        "Actual Total Time": 11.009,
                        "Actual Rows": 306788,
                        "Actual Loops": 1,
                        "Index Cond": "(info_type_id > 105)"
                      }
                    ]
                  },
                  {
                    "Node Type": "Hash",
                    "Parent Relationship": "Inner",
                    "Parallel Aware": true,
                    "Startup Cost": 53829.7,
                    "Total Cost": 53829.7,
                    "Plan Rows": 368444,
                    "Plan Width": 4,
                    "Actual Startup Time": 170.475,
                    "Actual Total Time": 170.476,
                    "Actual Rows": 317145,
                    "Actual Loops": 2,
                    "Hash Buckets": 1048576,
                    "Original Hash Buckets": 1048576,
                    "Hash Batches": 1,
                    "Original Hash Batches": 1,
                    "Peak Memory Usage": 33056,
                    "Plans": [
                      {
                        "Node Type": "Bitmap Heap Scan",
                        "Parent Relationship": "Outer",
                        "Parallel Aware": true,
                        "Relation Name": "title",
                        "Alias": "t",
                        "Startup Cost": 11979.44,
                        "Total Cost": 53829.7,
                        "Plan Rows": 368444,
                        "Plan Width": 4,
                        "Actual Startup Time": 30.335,
                        "Actual Total Time": 99.174,
                        "Actual Rows": 317145,
                        "Actual Loops": 2,
                        "Recheck Cond": "(kind_id = 1)",
                        "Rows Removed by Index Recheck": 0,
                        "Filter": "(production_year < 2013)",
                        "Rows Removed by Filter": 14268,
                        "Exact Heap Blocks": 7724,
                        "Lossy Heap Blocks": 0,
                        "Plans": [
                          {
                            "Node Type": "Bitmap Index Scan",
                            "Parent Relationship": "Outer",
                            "Parallel Aware": false,
                            "Index Name": "kind_id_title",
                            "Startup Cost": 0.0,
                            "Total Cost": 11822.85,
                            "Plan Rows": 663256,
                            "Plan Width": 0,
                            "Actual Startup Time": 28.418,
                            "Actual Total Time": 28.418,
                            "Actual Rows": 662825,
                            "Actual Loops": 1,
                            "Index Cond": "(kind_id = 1)"
                          }
                        ]
                      }
                    ]
                  }
                ]
              }
            ]
          }
        ]
      }
    ]
  },
  "Planning Time": 0.699,
  "Triggers": [],
  "Execution Time": 258.223
}