[
  {
    "Plan": {
      "Node Type": "Aggregate",
      "Strategy": "Plain",
      "Partial Mode": "Finalize",
      "Parallel Aware": false,
      "Startup Cost": 45145.75,
      "Total Cost": 45145.76,
      "Plan Rows": 1,
      "Plan Width": 8,
      "Actual Startup Time": 130.755,
      "Actual Total Time": 137.737,
      "Actual Rows": 1,
      "Actual Loops": 1,
      "Plans": [
        {
          "Node Type": "Gather",
          "Parent Relationship": "Outer",
          "Parallel Aware": false,
          "Startup Cost": 45145.43,
          "Total Cost": 45145.74,
          "Plan Rows": 3,
          "Plan Width": 8,
          "Actual Startup Time": 130.663,
          "Actual Total Time": 137.729,
          "Actual Rows": 4,
          "Actual Loops": 1,
          "Workers Planned": 3,
          "Workers Launched": 3,
          "Single Copy": false,
          "Plans": [
            {
              "Node Type": "Aggregate",
              "Strategy": "Plain",
              "Partial Mode": "Partial",
              "Parent Relationship": "Outer",
              "Parallel Aware": false,
              "Startup Cost": 44145.43,
              "Total Cost": 44145.44,
              "Plan Rows": 1,
              "Plan Width": 8,
              "Actual Startup Time": 126.919,
              "Actual Total Time": 126.92,
              "Actual Rows": 1,
              "Actual Loops": 4,
              "Plans": [
                {
                  "Node Type": "Seq Scan",
                  "Parent Relationship": "Outer",
                  "Parallel Aware": true,
                  "Relation Name": "movie_keyword",
                  "Alias": "mk",
                  "Startup Cost": 0.0,
                  "Total Cost": 42695.65,
                  "Plan Rows": 579911,
                  "Plan Width": 0,
                  "Actual Startup Time": 1.094,
                  "Actual Total Time": 104.726,
                  "Actual Rows": 445178,
                  "Actual Loops": 4,
                  "Filter": "(keyword_id > 7776)",
                  "Rows Removed by Filter": 685804
                }
              ]
            }
          ]
        }
      ]
    },
    "Planning Time": 0.188,
    "Triggers": [],
    "Execution Time": 137.792
  }
]