{
  "Plan": {
    "Node Type": "Aggregate",
    "Strategy": "Plain",
    "Partial Mode": "Simple",
    "Parallel Aware": false,
    "Startup Cost": 3118.58,
    "Total Cost": 3118.59,
    "Plan Rows": 1,
    "Plan Width": 8,
    "Actual Startup Time": 10.713,
    "Actual Total Time": 10.715,
    "Actual Rows": 1,
    "Actual Loops": 1,
    "Plans": [
      {
        "Node Type": "Nested Loop",
        "Parent Relationship": "Outer",
        "Parallel Aware": false,
        "Join Type": "Inner",
        "Startup Cost": 7.35,
        "Total Cost": 3118.58,
        "Plan Rows": 1,
        "Plan Width": 0,
        "Actual Startup Time": 4.713,
        "Actual Total Time": 10.701,
        "Actual Rows": 15,
        "Actual Loops": 1,
        "Inner Unique": false,
        "Plans": [
          {
            "Node Type": "Nested Loop",
            "Parent Relationship": "Outer",
            "Parallel Aware": false,
            "Join Type": "Inner",
            "Startup Cost": 6.78,
            "Total Cost": 3007.21,
            "Plan Rows": 1,
            "Plan Width": 8,
            "Actual Startup Time": 4.562,
            "Actual Total Time": 9.239,
            "Actual Rows": 11,
            "Actual Loops": 1,
            "Inner Unique": true,
            "Plans": [
              {
                "Node Type": "Bitmap Heap Scan",
                "Parent Relationship": "Outer",
                "Parallel Aware": false,
                "Relation Name": "movie_keyword",
                "Alias": "mk",
                "Startup Cost": 6.35,
                "Total Cost": 922.98,
                "Plan Rows": 248,
                "Plan Width": 4,
                "Actual Startup Time": 1.017,
                "Actual Total Time": 2.404,
                "Actual Rows": 525,
                "Actual Loops": 1,
                "Recheck Cond": "(keyword_id = 6543)",
                "Rows Removed by Index Recheck": 0,
                "Exact Heap Blocks": 376,
                "Lossy Heap Blocks": 0,
                "Plans": [
                  {
                    "Node Type": "Bitmap Index Scan",
                    "Parent Relationship": "Outer",
                    "Parallel Aware": false,
                    "Index Name": "keyword_id_movie_keyword",
                    "Startup Cost": 0.0,
                    "Total Cost": 6.29,
                    "Plan Rows": 248,
                    "Plan Width": 0,
                    "Actual Startup Time": 0.885,
                    "Actual Total Time": 0.886,
                    "Actual Rows": 525,
                    "Actual Loops": 1,
                    "Index Cond": "(keyword_id = 6543)"
                  }
                ]
              },
              {
                "Node Type": "Index Scan",
                "Parent Relationship": "Inner",
                "Parallel Aware": false,
                "Scan Direction": "Forward",
                "Index Name": "title_pkey",
                "Relation Name": "title",
                "Alias": "t",
                "Startup Cost": 0.43,
                "Total Cost": 8.4,
                "Plan Rows": 1,
                "Plan Width": 4,
                "Actual Startup Time": 0.012,
                "Actual Total Time": 0.012,
                "Actual Rows": 0,
                "Actual Loops": 525,
                "Index Cond": "(id = mk.movie_id)",
                "Rows Removed by Index Recheck": 0,
                "Filter": "((kind_id = 4) AND (production_year = 2006))",
                "Rows Removed by Filter": 1
              }
            ]
          },
          {
            "Node Type": "Index Scan",
            "Parent Relationship": "Inner",
            "Parallel Aware": false,
            "Scan Direction": "Forward",
            "Index Name": "movie_id_cast_info",
            "Relation Name": "cast_info",
            "Alias": "ci",
            "Startup Cost": 0.56,
            "Total Cost": 111.35,
            "Plan Rows": 2,
            "Plan Width": 4,
            "Actual Startup Time": 0.113,
            "Actual Total Time": 0.131,
            "Actual Rows": 1,
            "Actual Loops": 11,
            "Index Cond": "(movie_id = t.id)",
            "Rows Removed by Index Recheck": 0,
            "Filter": "((person_id < 1566771) AND (role_id = 10))",
            "Rows Removed by Filter": 34
          }
        ]
      }
    ]
  },
  "Planning Time": 1.019,
  "Triggers": [],
  "Execution Time": 10.808
}