[
  {
    "Plan": {
      "Node Type": "Aggregate",
      "Strategy": "Plain",
      "Partial Mode": "Finalize",
      "Parallel Aware": false,
      "Startup Cost": 173741.95,
      "Total Cost": 173741.96,
      "Plan Rows": 1,
      "Plan Width": 8,
      "Actual Startup Time": 494.407,
      "Actual Total Time": 512.1,
      "Actual Rows": 1,
      "Actual Loops": 1,
      "Plans": [
        {
          "Node Type": "Gather",
          "Parent Relationship": "Outer",
          "Parallel Aware": false,
          "Startup Cost": 173741.43,
          "Total Cost": 173741.94,
          "Plan Rows": 5,
          "Plan Width": 8,
          "Actual Startup Time": 479.959,
          "Actual Total Time": 512.088,
          "Actual Rows": 6,
          "Actual Loops": 1,
          "Workers Planned": 5,
          "Workers Launched": 5,
          "Single Copy": false,
          "Plans": [
            {
              "Node Type": "Aggregate",
              "Strategy": "Plain",
              "Partial Mode": "Partial",
              "Parent Relationship": "Outer",
              "Parallel Aware": false,
              "Startup Cost": 172741.43,
              "Total Cost": 172741.44,
              "Plan Rows": 1,
              "Plan Width": 8,
              "Actual Startup Time": 458.822,
              "Actual Total Time": 458.825,
              "Actual Rows": 1,
              "Actual Loops": 6,
              "Plans": [
                {
                  "Node Type": "Hash Join",
                  "Parent Relationship": "Outer",
                  "Parallel Aware": true,
                  "Join Type": "Inner",
                  "Startup Cost": 50220.21,
                  "Total Cost": 171327.61,
                  "Plan Rows": 565528,
                  "Plan Width": 0,
                  "Actual Startup Time": 258.546,
                  "Actual Total Time": 452.629,
                  "Actual Rows": 149800,
                  "Actual Loops": 6,
                  "Inner Unique": true,
                  "Hash Cond": "(ci.movie_id = t.id)",
                  "Plans": [
                    {
                      "Node Type": "Index Scan",
                      "Parent Relationship": "Outer",
                      "Parallel Aware": true,
                      "Scan Direction": "Forward",
                      "Index Name": "role_id_cast_info",
                      "Relation Name": "cast_info",
                      "Alias": "ci",
                      "Startup Cost": 0.56,
                      "Total Cost": 119623.46,
                      "Plan Rows": 565528,
                      "Plan Width": 4,
                      "Actual Startup Time": 0.113,
                      "Actual Total Time": 114.535,
                      "Actual Rows": 149800,
                      "Actual Loops": 6,
                      "Index Cond": "(role_id = 10)",
                      "Rows Removed by Index Recheck": 0,
                      "Filter": "(person_id < 2397718)",
                      "Rows Removed by Filter": 570704
                    },
                    {
                      "Node Type": "Hash",
                      "Parent Relationship": "Inner",
                      "Parallel Aware": true,
                      "Startup Cost": 42318.73,
                      "Total Cost": 42318.73,
                      "Plan Rows": 632073,
                      "Plan Width": 4,
                      "Actual Startup Time": 250.701,
                      "Actual Total Time": 250.702,
                      "Actual Rows": 421385,
                      "Actual Loops": 6,
                      "Hash Buckets": 4194304,
                      "Original Hash Buckets": 4194304,
                      "Hash Batches": 1,
                      "Original Hash Batches": 1,
                      "Peak Memory Usage": 131744,
                      "Plans": [
                        {
                          "Node Type": "Seq Scan",
                          "Parent Relationship": "Outer",
                          "Parallel Aware": true,
                          "Relation Name": "title",
                          "Alias": "t",
                          "Startup Cost": 0.0,
                          "Total Cost": 42318.73,
                          "Plan Rows": 632073,
                          "Plan Width": 4,
                          "Actual Startup Time": 0.034,
                          "Actual Total Time": 73.499,
                          "Actual Rows": 421385,
                          "Actual Loops": 6
                        }
                      ]
                    }
                  ]
                }
              ]
            }
          ]
        }
      ]
    },
    "Planning Time": 0.62,
    "Triggers": [],
    "Execution Time": 512.19
  }
]