[
  {
    "Plan": {
      "Node Type": "Aggregate",
      "Strategy": "Plain",
      "Partial Mode": "Finalize",
      "Parallel Aware": false,
      "Startup Cost": 81727.96,
      "Total Cost": 81727.97,
      "Plan Rows": 1,
      "Plan Width": 8,
      "Actual Startup Time": 413.326,
      "Actual Total Time": 428.765,
      "Actual Rows": 1,
      "Actual Loops": 1,
      "Plans": [
        {
          "Node Type": "Gather",
          "Parent Relationship": "Outer",
          "Parallel Aware": false,
          "Startup Cost": 81727.64,
          "Total Cost": 81727.95,
          "Plan Rows": 3,
          "Plan Width": 8,
          "Actual Startup Time": 410.061,
          "Actual Total Time": 428.756,
          "Actual Rows": 4,
          "Actual Loops": 1,
          "Workers Planned": 3,
          "Workers Launched": 3,
          "Single Copy": false,
          "Plans": [
            {
              "Node Type": "Aggregate",
              "Strategy": "Plain",
              "Partial Mode": "Partial",
              "Parent Relationship": "Outer",
              "Parallel Aware": false,
              "Startup Cost": 80727.64,
              "Total Cost": 80727.65,
              "Plan Rows": 1,
              "Plan Width": 8,
              "Actual Startup Time": 401.308,
              "Actual Total Time": 401.311,
              "Actual Rows": 1,
              "Actual Loops": 4,
              "Plans": [
                {
                  "Node Type": "Hash Join",
                  "Parent Relationship": "Outer",
                  "Parallel Aware": true,
                  "Join Type": "Inner",
                  "Startup Cost": 48436.19,
                  "Total Cost": 79944.48,
                  "Plan Rows": 313266,
                  "Plan Width": 0,
                  "Actual Startup Time": 186.13,
                  "Actual Total Time": 395.919,
                  "Actual Rows": 116448,
                  "Actual Loops": 4,
                  "Inner Unique": true,
                  "Hash Cond": "(mc.movie_id = t.id)",
                  "Plans": [
                    {
                      "Node Type": "Seq Scan",
                      "Parent Relationship": "Outer",
                      "Parallel Aware": true,
                      "Relation Name": "movie_companies",
                      "Alias": "mc",
                      "Startup Cost": 0.0,
                      "Total Cost": 29310.68,
                      "Plan Rows": 837184,
                      "Plan Width": 4,
                      "Actual Startup Time": 0.009,
                      "Actual Total Time": 76.017,
                      "Actual Rows": 649052,
                      "Actual Loops": 4,
                      "Filter": "(company_id < 222758)",
                      "Rows Removed by Filter": 3230
                    },
                    {
                      "Node Type": "Hash",
                      "Parent Relationship": "Inner",
                      "Parallel Aware": true,
                      "Startup Cost": 45479.59,
                      "Total Cost": 45479.59,
                      "Plan Rows": 236528,
                      "Plan Width": 4,
                      "Actual Startup Time": 180.675,
                      "Actual Total Time": 180.676,
                      "Actual Rows": 219009,
                      "Actual Loops": 4,
                      "Hash Buckets": 1048576,
                      "Original Hash Buckets": 1048576,
                      "Hash Batches": 1,
                      "Original Hash Batches": 1,
                      "Peak Memory Usage": 42528,
                      "Plans": [
                        {
                          "Node Type": "Seq Scan",
                          "Parent Relationship": "Outer",
                          "Parallel Aware": true,
                          "Relation Name": "title",
                          "Alias": "t",
                          "Startup Cost": 0.0,
                          "Total Cost": 45479.59,
                          "Plan Rows": 236528,
                          "Plan Width": 4,
                          "Actual Startup Time": 0.039,
                          "Actual Total Time": 106.847,
                          "Actual Rows": 219009,
                          "Actual Loops": 4,
                          "Filter": "((production_year < 2007) AND (kind_id = 7))",
                          "Rows Removed by Filter": 413069
                        }
                      ]
                    }
                  ]
                }
              ]
            }
          ]
        }
      ]
    },
    "Planning Time": 0.787,
    "Triggers": [],
    "Execution Time": 428.839
  }
]