[
  {
    "Plan": {
      "Node Type": "Aggregate",
      "Strategy": "Plain",
      "Partial Mode": "Finalize",
      "Parallel Aware": false,
      "Startup Cost": 266879.66,
      "Total Cost": 266879.67,
      "Plan Rows": 1,
      "Plan Width": 8,
      "Actual Startup Time": 2716.724,
      "Actual Total Time": 2809.097,
      "Actual Rows": 1,
      "Actual Loops": 1,
      "Plans": [
        {
          "Node Type": "Gather",
          "Parent Relationship": "Outer",
          "Parallel Aware": false,
          "Startup Cost": 266879.24,
          "Total Cost": 266879.65,
          "Plan Rows": 4,
          "Plan Width": 8,
          "Actual Startup Time": 2714.842,
          "Actual Total Time": 2809.087,
          "Actual Rows": 5,
          "Actual Loops": 1,
          "Workers Planned": 4,
          "Workers Launched": 4,
          "Single Copy": false,
          "Plans": [
            {
              "Node Type": "Aggregate",
              "Strategy": "Plain",
              "Partial Mode": "Partial",
              "Parent Relationship": "Outer",
              "Parallel Aware": false,
              "Startup Cost": 265879.24,
              "Total Cost": 265879.25,
              "Plan Rows": 1,
              "Plan Width": 8,
              "Actual Startup Time": 2703.858,
              "Actual Total Time": 2703.862,
              "Actual Rows": 1,
              "Actual Loops": 5,
              "Plans": [
                {
                  "Node Type": "Nested Loop",
                  "Parent Relationship": "Outer",
                  "Parallel Aware": false,
                  "Join Type": "Inner",
                  "Startup Cost": 29011.07,
                  "Total Cost": 262800.83,
                  "Plan Rows": 1231362,
                  "Plan Width": 0,
                  "Actual Startup Time": 104.691,
                  "Actual Total Time": 2612.375,
                  "Actual Rows": 1723831,
                  "Actual Loops": 5,
                  "Inner Unique": false,
                  "Plans": [
                    {
                      "Node Type": "Hash Join",
                      "Parent Relationship": "Outer",
                      "Parallel Aware": true,
                      "Join Type": "Inner",
                      "Startup Cost": 29010.5,
                      "Total Cost": 74766.81,
                      "Plan Rows": 85935,
                      "Plan Width": 8,
                      "Actual Startup Time": 104.584,
                      "Actual Total Time": 337.637,
                      "Actual Rows": 69115,
                      "Actual Loops": 5,
                      "Inner Unique": false,
                      "Hash Cond": "(t.id = mc.movie_id)",
                      "Plans": [
                        {
                          "Node Type": "Seq Scan",
                          "Parent Relationship": "Outer",
                          "Parallel Aware": true,
                          "Relation Name": "title",
                          "Alias": "t",
                          "Startup Cost": 0.0,
                          "Total Cost": 42318.73,
                          "Plan Rows": 632073,
                          "Plan Width": 4,
                          "Actual Startup Time": 0.026,
                          "Actual Total Time": 73.55,
                          "Actual Rows": 505662,
                          "Actual Loops": 5
                        },
                        {
                          "Node Type": "Hash",
                          "Parent Relationship": "Inner",
                          "Parallel Aware": true,
                          "Startup Cost": 27624.45,
                          "Total Cost": 27624.45,
                          "Plan Rows": 110884,
                          "Plan Width": 4,
                          "Actual Startup Time": 92.41,
                          "Actual Total Time": 92.411,
                          "Actual Rows": 69115,
                          "Actual Loops": 5,
                          "Hash Buckets": 524288,
                          "Original Hash Buckets": 524288,
                          "Hash Batches": 1,
                          "Original Hash Batches": 1,
                          "Peak Memory Usage": 17696,
                          "Plans": [
                            {
                              "Node Type": "Bitmap Heap Scan",
                              "Parent Relationship": "Outer",
                              "Parallel Aware": true,
                              "Relation Name": "movie_companies",
                              "Alias": "mc",
                              "Startup Cost": 7448.41,
                              "Total Cost": 27624.45,
                              "Plan Rows": 110884,
                              "Plan Width": 4,
                              "Actual Startup Time": 30.499,
                              "Actual Total Time": 60.73,
                              "Actual Rows": 69115,
                              "Actual Loops": 5,
                              "Recheck Cond": "(company_id > 88711)",
                              "Rows Removed by Index Recheck": 0,
                              "Exact Heap Blocks": 1664,
                              "Lossy Heap Blocks": 0,
                              "Plans": [
                                {
                                  "Node Type": "Bitmap Index Scan",
                                  "Parent Relationship": "Outer",
                                  "Parallel Aware": false,
                                  "Index Name": "company_id_movie_companies",
                                  "Startup Cost": 0.0,
                                  "Total Cost": 7362.47,
                                  "Plan Rows": 343739,
                                  "Plan Width": 0,
                                  "Actual Startup Time": 29.315,
                                  "Actual Total Time": 29.315,
                                  "Actual Rows": 345575,
                                  "Actual Loops": 1,
                                  "Index Cond": "(company_id > 88711)"
                                }
                              ]
                            }
                          ]
                        }
                      ]
                    },
                    {
                      "Node Type": "Index Only Scan",
                      "Parent Relationship": "Inner",
                      "Parallel Aware": false,
                      "Scan Direction": "Forward",
                      "Index Name": "movie_id_cast_info",
                      "Relation Name": "cast_info",
                      "Alias": "ci",
                      "Startup Cost": 0.56,
                      "Total Cost": 1.82,
                      "Plan Rows": 37,
                      "Plan Width": 4,
                      "Actual Startup Time": 0.006,
                      "Actual Total Time": 0.031,
                      "Actual Rows": 25,
                      "Actual Loops": 345575,
                      "Index Cond": "(movie_id = t.id)",
                      "Rows Removed by Index Recheck": 0,
                      "Heap Fetches": 8619156
                    }
                  ]
                }
              ]
            }
          ]
        }
      ]
    },
    "Planning Time": 1.368,
    "Triggers": [],
    "Execution Time": 2809.236
  }
]