[
  {
    "Plan": {
      "Node Type": "Aggregate",
      "Strategy": "Plain",
      "Partial Mode": "Finalize",
      "Parallel Aware": false,
      "Startup Cost": 46373.68,
      "Total Cost": 46373.69,
      "Plan Rows": 1,
      "Plan Width": 8,
      "Actual Startup Time": 167.123,
      "Actual Total Time": 175.337,
      "Actual Rows": 1,
      "Actual Loops": 1,
      "Plans": [
        {
          "Node Type": "Gather",
          "Parent Relationship": "Outer",
          "Parallel Aware": false,
          "Startup Cost": 46373.36,
          "Total Cost": 46373.67,
          "Plan Rows": 3,
          "Plan Width": 8,
          "Actual Startup Time": 167.019,
          "Actual Total Time": 175.329,
          "Actual Rows": 4,
          "Actual Loops": 1,
          "Workers Planned": 3,
          "Workers Launched": 3,
          "Single Copy": false,
          "Plans": [
            {
              "Node Type": "Aggregate",
              "Strategy": "Plain",
              "Partial Mode": "Partial",
              "Parent Relationship": "Outer",
              "Parallel Aware": false,
              "Startup Cost": 45373.36,
              "Total Cost": 45373.37,
              "Plan Rows": 1,
              "Plan Width": 8,
              "Actual Startup Time": 161.742,
              "Actual Total Time": 161.743,
              "Actual Rows": 1,
              "Actual Loops": 4,
              "Plans": [
                {
                  "Node Type": "Seq Scan",
                  "Parent Relationship": "Outer",
                  "Parallel Aware": true,
                  "Relation Name": "movie_keyword",
                  "Alias": "mk",
                  "Startup Cost": 0.0,
                  "Total Cost": 42695.65,
                  "Plan Rows": 1071083,
                  "Plan Width": 0,
                  "Actual Startup Time": 0.199,
                  "Actual Total Time": 122.409,
                  "Actual Rows": 828614,
                  "Actual Loops": 4,
                  "Filter": "(keyword_id > 1515)",
                  "Rows Removed by Filter": 302369
                }
              ]
            }
          ]
        }
      ]
    },
    "Planning Time": 0.256,
    "Triggers": [],
    "Execution Time": 175.395
  }
]