[
  {
    "Plan": {
      "Node Type": "Aggregate",
      "Strategy": "Plain",
      "Partial Mode": "Finalize",
      "Parallel Aware": false,
      "Startup Cost": 62800.48,
      "Total Cost": 62800.49,
      "Plan Rows": 1,
      "Plan Width": 8,
      "Actual Startup Time": 255.289,
      "Actual Total Time": 269.153,
      "Actual Rows": 1,
      "Actual Loops": 1,
      "Plans": [
        {
          "Node Type": "Gather",
          "Parent Relationship": "Outer",
          "Parallel Aware": false,
          "Startup Cost": 62800.26,
          "Total Cost": 62800.47,
          "Plan Rows": 2,
          "Plan Width": 8,
          "Actual Startup Time": 253.347,
          "Actual Total Time": 269.143,
          "Actual Rows": 3,
          "Actual Loops": 1,
          "Workers Planned": 2,
          "Workers Launched": 2,
          "Single Copy": false,
          "Plans": [
            {
              "Node Type": "Aggregate",
              "Strategy": "Plain",
              "Partial Mode": "Partial",
              "Parent Relationship": "Outer",
              "Parallel Aware": false,
              "Startup Cost": 61800.26,
              "Total Cost": 61800.27,
              "Plan Rows": 1,
              "Plan Width": 8,
              "Actual Startup Time": 248.455,
              "Actual Total Time": 248.536,
              "Actual Rows": 1,
              "Actual Loops": 3,
              "Plans": [
                {
                  "Node Type": "Hash Join",
                  "Parent Relationship": "Outer",
                  "Parallel Aware": true,
                  "Join Type": "Inner",
                  "Startup Cost": 46134.2,
                  "Total Cost": 61760.52,
                  "Plan Rows": 15896,
                  "Plan Width": 0,
                  "Actual Startup Time": 167.362,
                  "Actual Total Time": 246.944,
                  "Actual Rows": 29977,
                  "Actual Loops": 3,
                  "Inner Unique": true,
                  "Hash Cond": "(mi_idx.movie_id = t.id)",
                  "Plans": [
                    {
                      "Node Type": "Seq Scan",
                      "Parent Relationship": "Outer",
                      "Parallel Aware": true,
                      "Relation Name": "movie_info_idx",
                      "Alias": "mi_idx",
                      "Startup Cost": 0.0,
                      "Total Cost": 15122.68,
                      "Plan Rows": 191863,
                      "Plan Width": 4,
                      "Actual Startup Time": 0.012,
                      "Actual Total Time": 45.595,
                      "Actual Rows": 153308,
                      "Actual Loops": 3,
                      "Filter": "(info_type_id = 100)",
                      "Rows Removed by Filter": 306703
                    },
                    {
                      "Node Type": "Hash",
                      "Parent Relationship": "Inner",
                      "Parallel Aware": true,
                      "Startup Cost": 45479.59,
                      "Total Cost": 45479.59,
                      "Plan Rows": 52369,
                      "Plan Width": 4,
                      "Actual Startup Time": 165.044,
                      "Actual Total Time": 165.045,
                      "Actual Rows": 109151,
                      "Actual Loops": 3,
                      "Hash Buckets": 524288,
                      "Original Hash Buckets": 262144,
                      "Hash Batches": 1,
                      "Original Hash Batches": 1,
                      "Peak Memory Usage": 19008,
                      "Plans": [
                        {
                          "Node Type": "Seq Scan",
                          "Parent Relationship": "Outer",
                          "Parallel Aware": true,
                          "Relation Name": "title",
                          "Alias": "t",
                          "Startup Cost": 0.0,
                          "Total Cost": 45479.59,
                          "Plan Rows": 52369,
                          "Plan Width": 4,
                          "Actual Startup Time": 0.253,
                          "Actual Total Time": 127.324,
                          "Actual Rows": 109151,
                          "Actual Loops": 3,
                          "Filter": "((kind_id < 7) AND (production_year < 1983))",
                          "Rows Removed by Filter": 733619
                        }
                      ]
                    }
                  ]
                }
              ]
            }
          ]
        }
      ]
    },
    "Planning Time": 0.409,
    "Triggers": [],
    "Execution Time": 269.207
  }
]