{
  "Plan": {
    "Node Type": "Aggregate",
    "Strategy": "Plain",
    "Partial Mode": "Finalize",
    "Parallel Aware": false,
    "Startup Cost": 78869.4,
    "Total Cost": 78869.41,
    "Plan Rows": 1,
    "Plan Width": 8,
    "Actual Startup Time": 276.521,
    "Actual Total Time": 287.47,
    "Actual Rows": 1,
    "Actual Loops": 1,
    "Plans": [
      {
        "Node Type": "Gather",
        "Parent Relationship": "Outer",
        "Parallel Aware": false,
        "Startup Cost": 78869.29,
        "Total Cost": 78869.4,
        "Plan Rows": 1,
        "Plan Width": 8,
        "Actual Startup Time": 276.336,
        "Actual Total Time": 287.463,
        "Actual Rows": 2,
        "Actual Loops": 1,
        "Workers Planned": 1,
        "Workers Launched": 1,
        "Single Copy": false,
        "Plans": [
          {
            "Node Type": "Aggregate",
            "Strategy": "Plain",
            "Partial Mode": "Partial",
            "Parent Relationship": "Outer",
            "Parallel Aware": false,
            "Startup Cost": 77869.29,
            "Total Cost": 77869.3,
            "Plan Rows": 1,
            "Plan Width": 8,
            "Actual Startup Time": 270.718,
            "Actual Total Time": 270.721,
            "Actual Rows": 1,
            "Actual Loops": 2,
            "Plans": [
              {
                "Node Type": "Hash Join",
                "Parent Relationship": "Outer",
                "Parallel Aware": true,
                "Join Type": "Inner",
                "Startup Cost": 58354.52,
                "Total Cost": 77865.77,
                "Plan Rows": 1407,
                "Plan Width": 0,
                "Actual Startup Time": 164.622,
                "Actual Total Time": 270.502,
                "Actual Rows": 3041,
                "Actual Loops": 2,
                "Inner Unique": true,
                "Hash Cond": "(mi_idx.movie_id = t.id)",
                "Plans": [
                  {
                    "Node Type": "Seq Scan",
                    "Parent Relationship": "Outer",
                    "Parallel Aware": true,
                    "Relation Name": "movie_info_idx",
                    "Alias": "mi_idx",
                    "Startup Cost": 0.0,
                    "Total Cost": 18082.32,
                    "Plan Rows": 544356,
                    "Plan Width": 4,
                    "Actual Startup Time": 0.022,
                    "Actual Total Time": 68.74,
                    "Actual Rows": 460055,
                    "Actual Loops": 2,
                    "Filter": "(info_type_id > 99)",
                    "Rows Removed by Filter": 229962
                  },
                  {
                    "Node Type": "Hash",
                    "Parent Relationship": "Inner",
                    "Parallel Aware": true,
                    "Startup Cost": 58306.47,
                    "Total Cost": 58306.47,
                    "Plan Rows": 3844,
                    "Plan Width": 4,
                    "Actual Startup Time": 163.354,
                    "Actual Total Time": 163.355,
                    "Actual Rows": 3458,
                    "Actual Loops": 2,
                    "Hash Buckets": 8192,
                    "Original Hash Buckets": 8192,
                    "Hash Batches": 1,
                    "Original Hash Batches": 1,
                    "Peak Memory Usage": 352,
                    "Plans": [
                      {
                        "Node Type": "Seq Scan",
                        "Parent Relationship": "Outer",
                        "Parallel Aware": true,
                        "Relation Name": "title",
                        "Alias": "t",
                        "Startup Cost": 0.0,
                        "Total Cost": 58306.47,
                        "Plan Rows": 3844,
                        "Plan Width": 4,
                        "Actual Startup Time": 0.866,
                        "Actual Total Time": 161.761,
                        "Actual Rows": 3458,
                        "Actual Loops": 2,
                        "Filter": "((kind_id < 4) AND (production_year = 1985))",
                        "Rows Removed by Filter": 1260698
                      }
                    ]
                  }
                ]
              }
            ]
          }
        ]
      }
    ]
  },
  "Planning Time": 0.442,
  "Triggers": [],
  "Execution Time": 287.542
}