[
  {
    "Plan": {
      "Node Type": "Aggregate",
      "Strategy": "Plain",
      "Partial Mode": "Finalize",
      "Parallel Aware": false,
      "Startup Cost": 96592.04,
      "Total Cost": 96592.05,
      "Plan Rows": 1,
      "Plan Width": 8,
      "Actual Startup Time": 603.034,
      "Actual Total Time": 628.061,
      "Actual Rows": 1,
      "Actual Loops": 1,
      "Plans": [
        {
          "Node Type": "Gather",
          "Parent Relationship": "Outer",
          "Parallel Aware": false,
          "Startup Cost": 96591.72,
          "Total Cost": 96592.03,
          "Plan Rows": 3,
          "Plan Width": 8,
          "Actual Startup Time": 594.747,
          "Actual Total Time": 628.052,
          "Actual Rows": 4,
          "Actual Loops": 1,
          "Workers Planned": 3,
          "Workers Launched": 3,
          "Single Copy": false,
          "Plans": [
            {
              "Node Type": "Aggregate",
              "Strategy": "Plain",
              "Partial Mode": "Partial",
              "Parent Relationship": "Outer",
              "Parallel Aware": false,
              "Startup Cost": 95591.72,
              "Total Cost": 95591.73,
              "Plan Rows": 1,
              "Plan Width": 8,
              "Actual Startup Time": 582.248,
              "Actual Total Time": 582.251,
              "Actual Rows": 1,
              "Actual Loops": 4,
              "Plans": [
                {
                  "Node Type": "Hash Join",
                  "Parent Relationship": "Outer",
                  "Parallel Aware": true,
                  "Join Type": "Inner",
                  "Startup Cost": 50286.98,
                  "Total Cost": 94456.68,
                  "Plan Rows": 454018,
                  "Plan Width": 0,
                  "Actual Startup Time": 336.307,
                  "Actual Total Time": 563.156,
                  "Actual Rows": 332196,
                  "Actual Loops": 4,
                  "Inner Unique": true,
                  "Hash Cond": "(mk.movie_id = t.id)",
                  "Plans": [
                    {
                      "Node Type": "Seq Scan",
                      "Parent Relationship": "Outer",
                      "Parallel Aware": true,
                      "Relation Name": "movie_keyword",
                      "Alias": "mk",
                      "Startup Cost": 0.0,
                      "Total Cost": 42695.65,
                      "Plan Rows": 561541,
                      "Plan Width": 4,
                      "Actual Startup Time": 0.623,
                      "Actual Total Time": 130.632,
                      "Actual Rows": 437267,
                      "Actual Loops": 4,
                      "Filter": "(keyword_id > 7981)",
                      "Rows Removed by Filter": 693716
                    },
                    {
                      "Node Type": "Hash",
                      "Parent Relationship": "Inner",
                      "Parallel Aware": true,
                      "Startup Cost": 43898.92,
                      "Total Cost": 43898.92,
                      "Plan Rows": 511045,
                      "Plan Width": 4,
                      "Actual Startup Time": 328.077,
                      "Actual Total Time": 328.078,
                      "Actual Rows": 508110,
                      "Actual Loops": 4,
                      "Hash Buckets": 2097152,
                      "Original Hash Buckets": 2097152,
                      "Hash Batches": 1,
                      "Original Hash Batches": 1,
                      "Peak Memory Usage": 95968,
                      "Plans": [
                        {
                          "Node Type": "Seq Scan",
                          "Parent Relationship": "Outer",
                          "Parallel Aware": true,
                          "Relation Name": "title",
                          "Alias": "t",
                          "Startup Cost": 0.0,
                          "Total Cost": 43898.92,
                          "Plan Rows": 511045,
                          "Plan Width": 4,
                          "Actual Startup Time": 0.04,
                          "Actual Total Time": 138.268,
                          "Actual Rows": 508110,
                          "Actual Loops": 4,
                          "Filter": "(production_year > 1973)",
                          "Rows Removed by Filter": 123968
                        }
                      ]
                    }
                  ]
                }
              ]
            }
          ]
        }
      ]
    },
    "Planning Time": 0.569,
    "Triggers": [],
    "Execution Time": 628.128
  }
]