[
  {
    "Plan": {
      "Node Type": "Aggregate",
      "Strategy": "Plain",
      "Partial Mode": "Finalize",
      "Parallel Aware": false,
      "Startup Cost": 95875.2,
      "Total Cost": 95875.21,
      "Plan Rows": 1,
      "Plan Width": 8,
      "Actual Startup Time": 506.872,
      "Actual Total Time": 522.061,
      "Actual Rows": 1,
      "Actual Loops": 1,
      "Plans": [
        {
          "Node Type": "Gather",
          "Parent Relationship": "Outer",
          "Parallel Aware": false,
          "Startup Cost": 95874.88,
          "Total Cost": 95875.19,
          "Plan Rows": 3,
          "Plan Width": 8,
          "Actual Startup Time": 501.365,
          "Actual Total Time": 522.05,
          "Actual Rows": 4,
          "Actual Loops": 1,
          "Workers Planned": 3,
          "Workers Launched": 3,
          "Single Copy": false,
          "Plans": [
            {
              "Node Type": "Aggregate",
              "Strategy": "Plain",
              "Partial Mode": "Partial",
              "Parent Relationship": "Outer",
              "Parallel Aware": false,
              "Startup Cost": 94874.88,
              "Total Cost": 94874.89,
              "Plan Rows": 1,
              "Plan Width": 8,
              "Actual Startup Time": 488.519,
              "Actual Total Time": 488.522,
              "Actual Rows": 1,
              "Actual Loops": 4,
              "Plans": [
                {
                  "Node Type": "Hash Join",
                  "Parent Relationship": "Outer",
                  "Parallel Aware": true,
                  "Join Type": "Inner",
                  "Startup Cost": 49116.74,
                  "Total Cost": 93692.42,
                  "Plan Rows": 472984,
                  "Plan Width": 0,
                  "Actual Startup Time": 275.072,
                  "Actual Total Time": 470.648,
                  "Actual Rows": 438378,
                  "Actual Loops": 4,
                  "Inner Unique": true,
                  "Hash Cond": "(mk.movie_id = t.id)",
                  "Plans": [
                    {
                      "Node Type": "Seq Scan",
                      "Parent Relationship": "Outer",
                      "Parallel Aware": true,
                      "Relation Name": "movie_keyword",
                      "Alias": "mk",
                      "Startup Cost": 0.0,
                      "Total Cost": 42695.65,
                      "Plan Rows": 716200,
                      "Plan Width": 4,
                      "Actual Startup Time": 0.331,
                      "Actual Total Time": 103.086,
                      "Actual Rows": 553502,
                      "Actual Loops": 4,
                      "Filter": "(keyword_id > 4962)",
                      "Rows Removed by Filter": 577481
                    },
                    {
                      "Node Type": "Hash",
                      "Parent Relationship": "Inner",
                      "Parallel Aware": true,
                      "Startup Cost": 43898.92,
                      "Total Cost": 43898.92,
                      "Plan Rows": 417426,
                      "Plan Width": 4,
                      "Actual Startup Time": 266.66,
                      "Actual Total Time": 266.661,
                      "Actual Rows": 417823,
                      "Actual Loops": 4,
                      "Hash Buckets": 2097152,
                      "Original Hash Buckets": 2097152,
                      "Hash Batches": 1,
                      "Original Hash Batches": 1,
                      "Peak Memory Usage": 81824,
                      "Plans": [
                        {
                          "Node Type": "Seq Scan",
                          "Parent Relationship": "Outer",
                          "Parallel Aware": true,
                          "Relation Name": "title",
                          "Alias": "t",
                          "Startup Cost": 0.0,
                          "Total Cost": 43898.92,
                          "Plan Rows": 417426,
                          "Plan Width": 4,
                          "Actual Startup Time": 0.036,
                          "Actual Total Time": 111.56,
                          "Actual Rows": 417823,
                          "Actual Loops": 4,
                          "Filter": "(production_year < 2008)",
                          "Rows Removed by Filter": 214255
                        }
                      ]
                    }
                  ]
                }
              ]
            }
          ]
        }
      ]
    },
    "Planning Time": 0.549,
    "Triggers": [],
    "Execution Time": 522.128
  }
]