{
  "Plan": {
    "Node Type": "Aggregate",
    "Strategy": "Plain",
    "Partial Mode": "Finalize",
    "Parallel Aware": false,
    "Startup Cost": 217718.88,
    "Total Cost": 217718.89,
    "Plan Rows": 1,
    "Plan Width": 8,
    "Actual Startup Time": 414.049,
    "Actual Total Time": 428.469,
    "Actual Rows": 1,
    "Actual Loops": 1,
    "Plans": [
      {
        "Node Type": "Gather",
        "Parent Relationship": "Outer",
        "Parallel Aware": false,
        "Startup Cost": 217718.77,
        "Total Cost": 217718.88,
        "Plan Rows": 1,
        "Plan Width": 8,
        "Actual Startup Time": 410.245,
        "Actual Total Time": 428.461,
        "Actual Rows": 2,
        "Actual Loops": 1,
        "Workers Planned": 1,
        "Workers Launched": 1,
        "Single Copy": false,
        "Plans": [
          {
            "Node Type": "Aggregate",
            "Strategy": "Plain",
            "Partial Mode": "Partial",
            "Parent Relationship": "Outer",
            "Parallel Aware": false,
            "Startup Cost": 216718.77,
            "Total Cost": 216718.78,
            "Plan Rows": 1,
            "Plan Width": 8,
            "Actual Startup Time": 402.585,
            "Actual Total Time": 402.589,
            "Actual Rows": 1,
            "Actual Loops": 2,
            "Plans": [
              {
                "Node Type": "Hash Join",
                "Parent Relationship": "Outer",
                "Parallel Aware": true,
                "Join Type": "Inner",
                "Startup Cost": 64739.88,
                "Total Cost": 216650.05,
                "Plan Rows": 27488,
                "Plan Width": 0,
                "Actual Startup Time": 383.562,
                "Actual Total Time": 401.301,
                "Actual Rows": 25684,
                "Actual Loops": 2,
                "Inner Unique": true,
                "Hash Cond": "(mi.movie_id = t.id)",
                "Plans": [
                  {
                    "Node Type": "Bitmap Heap Scan",
                    "Parent Relationship": "Outer",
                    "Parallel Aware": true,
                    "Relation Name": "movie_info",
                    "Alias": "mi",
                    "Startup Cost": 1913.73,
                    "Total Cost": 153661.06,
                    "Plan Rows": 62034,
                    "Plan Width": 4,
                    "Actual Startup Time": 4.146,
                    "Actual Total Time": 15.986,
                    "Actual Rows": 54517,
                    "Actual Loops": 2,
                    "Recheck Cond": "(info_type_id = 106)",
                    "Rows Removed by Index Recheck": 0,
                    "Exact Heap Blocks": 2986,
                    "Lossy Heap Blocks": 0,
                    "Plans": [
                      {
                        "Node Type": "Bitmap Index Scan",
                        "Parent Relationship": "Outer",
                        "Parallel Aware": false,
                        "Index Name": "info_type_id_movie_info",
                        "Startup Cost": 0.0,
                        "Total Cost": 1887.36,
                        "Plan Rows": 105457,
                        "Plan Width": 0,
                        "Actual Startup Time": 3.497,
                        "Actual Total Time": 3.498,
                        "Actual Rows": 109034,
                        "Actual Loops": 1,
                        "Index Cond": "(info_type_id = 106)"
                      }
                    ]
                  },
                  {
                    "Node Type": "Hash",
                    "Parent Relationship": "Inner",
                    "Parallel Aware": true,
                    "Startup Cost": 54588.39,
                    "Total Cost": 54588.39,
                    "Plan Rows": 659021,
                    "Plan Width": 4,
                    "Actual Startup Time": 361.07,
                    "Actual Total Time": 361.071,
                    "Actual Rows": 553962,
                    "Actual Loops": 2,
                    "Hash Buckets": 2097152,
                    "Original Hash Buckets": 2097152,
                    "Hash Batches": 1,
                    "Original Hash Batches": 1,
                    "Peak Memory Usage": 59744,
                    "Plans": [
                      {
                        "Node Type": "Seq Scan",
                        "Parent Relationship": "Outer",
                        "Parallel Aware": true,
                        "Relation Name": "title",
                        "Alias": "t",
                        "Startup Cost": 0.0,
                        "Total Cost": 54588.39,
                        "Plan Rows": 659021,
                        "Plan Width": 4,
                        "Actual Startup Time": 0.027,
                        "Actual Total Time": 184.066,
                        "Actual Rows": 553962,
                        "Actual Loops": 2,
                        "Filter": "(production_year > 2004)",
                        "Rows Removed by Filter": 710194
                      }
                    ]
                  }
                ]
              }
            ]
          }
        ]
      }
    ]
  },
  "Planning Time": 0.619,
  "Triggers": [],
  "Execution Time": 428.556
}