[
  {
    "Plan": {
      "Node Type": "Aggregate",
      "Strategy": "Plain",
      "Partial Mode": "Finalize",
      "Parallel Aware": false,
      "Startup Cost": 239844.98,
      "Total Cost": 239844.99,
      "Plan Rows": 1,
      "Plan Width": 8,
      "Actual Startup Time": 660.62,
      "Actual Total Time": 699.956,
      "Actual Rows": 1,
      "Actual Loops": 1,
      "Plans": [
        {
          "Node Type": "Gather",
          "Parent Relationship": "Outer",
          "Parallel Aware": false,
          "Startup Cost": 239844.46,
          "Total Cost": 239844.97,
          "Plan Rows": 5,
          "Plan Width": 8,
          "Actual Startup Time": 659.4,
          "Actual Total Time": 699.945,
          "Actual Rows": 6,
          "Actual Loops": 1,
          "Workers Planned": 5,
          "Workers Launched": 5,
          "Single Copy": false,
          "Plans": [
            {
              "Node Type": "Aggregate",
              "Strategy": "Plain",
              "Partial Mode": "Partial",
              "Parent Relationship": "Outer",
              "Parallel Aware": false,
              "Startup Cost": 238844.46,
              "Total Cost": 238844.47,
              "Plan Rows": 1,
              "Plan Width": 8,
              "Actual Startup Time": 648.957,
              "Actual Total Time": 648.96,
              "Actual Rows": 1,
              "Actual Loops": 6,
              "Plans": [
                {
                  "Node Type": "Hash Join",
                  "Parent Relationship": "Outer",
                  "Parallel Aware": true,
                  "Join Type": "Inner",
                  "Startup Cost": 39018.79,
                  "Total Cost": 238498.2,
                  "Plan Rows": 138504,
                  "Plan Width": 0,
                  "Actual Startup Time": 54.893,
                  "Actual Total Time": 642.169,
                  "Actual Rows": 146862,
                  "Actual Loops": 6,
                  "Inner Unique": true,
                  "Hash Cond": "(mi.movie_id = t.id)",
                  "Plans": [
                    {
                      "Node Type": "Seq Scan",
                      "Parent Relationship": "Outer",
                      "Parallel Aware": true,
                      "Relation Name": "movie_info",
                      "Alias": "mi",
                      "Startup Cost": 0.0,
                      "Total Cost": 191685.19,
                      "Plan Rows": 2969219,
                      "Plan Width": 4,
                      "Actual Startup Time": 0.028,
                      "Actual Total Time": 294.921,
                      "Actual Rows": 2472620,
                      "Actual Loops": 6
                    },
                    {
                      "Node Type": "Hash",
                      "Parent Relationship": "Inner",
                      "Parallel Aware": true,
                      "Startup Cost": 38650.22,
                      "Total Cost": 38650.22,
                      "Plan Rows": 29486,
                      "Plan Width": 4,
                      "Actual Startup Time": 44.064,
                      "Actual Total Time": 44.065,
                      "Actual Rows": 19653,
                      "Actual Loops": 6,
                      "Hash Buckets": 131072,
                      "Original Hash Buckets": 131072,
                      "Hash Batches": 1,
                      "Original Hash Batches": 1,
                      "Peak Memory Usage": 5760,
                      "Plans": [
                        {
                          "Node Type": "Bitmap Heap Scan",
                          "Parent Relationship": "Outer",
                          "Parallel Aware": true,
                          "Relation Name": "title",
                          "Alias": "t",
                          "Startup Cost": 2196.78,
                          "Total Cost": 38650.22,
                          "Plan Rows": 29486,
                          "Plan Width": 4,
                          "Actual Startup Time": 2.797,
                          "Actual Total Time": 34.753,
                          "Actual Rows": 19653,
                          "Actual Loops": 6,
                          "Recheck Cond": "(kind_id = 4)",
                          "Rows Removed by Index Recheck": 0,
                          "Filter": "(production_year > 0)",
                          "Rows Removed by Filter": 52,
                          "Exact Heap Blocks": 4717,
                          "Lossy Heap Blocks": 0,
                          "Plans": [
                            {
                              "Node Type": "Bitmap Index Scan",
                              "Parent Relationship": "Outer",
                              "Parallel Aware": false,
                              "Index Name": "kind_id_title",
                              "Startup Cost": 0.0,
                              "Total Cost": 2167.3,
                              "Plan Rows": 121449,
                              "Plan Width": 0,
                              "Actual Startup Time": 8.204,
                              "Actual Total Time": 8.204,
                              "Actual Rows": 118234,
                              "Actual Loops": 1,
                              "Index Cond": "(kind_id = 4)"
                            }
                          ]
                        }
                      ]
                    }
                  ]
                }
              ]
            }
          ]
        }
      ]
    },
    "Planning Time": 0.613,
    "Triggers": [],
    "Execution Time": 700.035
  }
]