[
  {
    "Plan": {
      "Node Type": "Aggregate",
      "Strategy": "Plain",
      "Partial Mode": "Finalize",
      "Parallel Aware": false,
      "Startup Cost": 45098.07,
      "Total Cost": 45098.08,
      "Plan Rows": 1,
      "Plan Width": 8,
      "Actual Startup Time": 147.451,
      "Actual Total Time": 154.904,
      "Actual Rows": 1,
      "Actual Loops": 1,
      "Plans": [
        {
          "Node Type": "Gather",
          "Parent Relationship": "Outer",
          "Parallel Aware": false,
          "Startup Cost": 45097.75,
          "Total Cost": 45098.06,
          "Plan Rows": 3,
          "Plan Width": 8,
          "Actual Startup Time": 147.381,
          "Actual Total Time": 154.897,
          "Actual Rows": 4,
          "Actual Loops": 1,
          "Workers Planned": 3,
          "Workers Launched": 3,
          "Single Copy": false,
          "Plans": [
            {
              "Node Type": "Aggregate",
              "Strategy": "Plain",
              "Partial Mode": "Partial",
              "Parent Relationship": "Outer",
              "Parallel Aware": false,
              "Startup Cost": 44097.75,
              "Total Cost": 44097.76,
              "Plan Rows": 1,
              "Plan Width": 8,
              "Actual Startup Time": 139.401,
              "Actual Total Time": 139.402,
              "Actual Rows": 1,
              "Actual Loops": 4,
              "Plans": [
                {
                  "Node Type": "Seq Scan",
                  "Parent Relationship": "Outer",
                  "Parallel Aware": true,
                  "Relation Name": "movie_keyword",
                  "Alias": "mk",
                  "Startup Cost": 0.0,
                  "Total Cost": 42695.65,
                  "Plan Rows": 560839,
                  "Plan Width": 0,
                  "Actual Startup Time": 1.216,
                  "Actual Total Time": 115.366,
                  "Actual Rows": 429113,
                  "Actual Loops": 4,
                  "Filter": "(keyword_id > 8281)",
                  "Rows Removed by Filter": 701870
                }
              ]
            }
          ]
        }
      ]
    },
    "Planning Time": 0.132,
    "Triggers": [],
    "Execution Time": 154.947
  }
]