{
    "Plan": {
        "Node Type": "Aggregate",
        "Strategy": "Plain",
        "Partial Mode": "Simple",
        "Parallel Aware": false,
        "Startup Cost": 70005950474.55,
        "Total Cost": 70005950474.56,
        "Plan Rows": 1,
        "Plan Width": 96,
        "Actual Startup Time": 24264.285,
        "Actual Total Time": 24264.291,
        "Actual Rows": 1,
        "Actual Loops": 1,
        "Output": [
            "min(mi.info)",
            "min(mi_idx.info)",
            "min(t.title)"
        ],
        "Plans": [
            {
                "Node Type": "Nested Loop",
                "Parent Relationship": "Outer",
                "Parallel Aware": false,
                "Join Type": "Inner",
                "Startup Cost": 70000000003.77,
                "Total Cost": 70005950474.54,
                "Plan Rows": 1,
                "Plan Width": 65,
                "Actual Startup Time": 2190.484,
                "Actual Total Time": 24264.192,
                "Actual Rows": 62,
                "Actual Loops": 1,
                "Output": [
                    "mi.info",
                    "mi_idx.info",
                    "t.title"
                ],
                "Inner Unique": true,
                "Plans": [
                    {
                        "Node Type": "Nested Loop",
                        "Parent Relationship": "Outer",
                        "Parallel Aware": false,
                        "Join Type": "Inner",
                        "Startup Cost": 60000000003.33,
                        "Total Cost": 60005950470.09,
                        "Plan Rows": 1,
                        "Plan Width": 60,
                        "Actual Startup Time": 2190.43,
                        "Actual Total Time": 24263.002,
                        "Actual Rows": 62,
                        "Actual Loops": 1,
                        "Output": [
                            "ci.movie_id",
                            "mi.info",
                            "mi.movie_id",
                            "mi_idx.info",
                            "mi_idx.movie_id"
                        ],
                        "Inner Unique": true,
                        "Plans": [
                            {
                                "Node Type": "Nested Loop",
                                "Parent Relationship": "Outer",
                                "Parallel Aware": false,
                                "Join Type": "Inner",
                                "Startup Cost": 50000000003.18,
                                "Total Cost": 50005950374.44,
                                "Plan Rows": 22,
                                "Plan Width": 64,
                                "Actual Startup Time": 322.567,
                                "Actual Total Time": 24196.479,
                                "Actual Rows": 19504,
                                "Actual Loops": 1,
                                "Output": [
                                    "ci.movie_id",
                                    "mi.info",
                                    "mi.movie_id",
                                    "mi.info_type_id",
                                    "mi_idx.info",
                                    "mi_idx.movie_id"
                                ],
                                "Inner Unique": false,
                                "Plans": [
                                    {
                                        "Node Type": "Nested Loop",
                                        "Parent Relationship": "Outer",
                                        "Parallel Aware": false,
                                        "Join Type": "Inner",
                                        "Startup Cost": 40000000002.29,
                                        "Total Cost": 40005950368.67,
                                        "Plan Rows": 1,
                                        "Plan Width": 13,
                                        "Actual Startup Time": 322.508,
                                        "Actual Total Time": 24164.893,
                                        "Actual Rows": 1032,
                                        "Actual Loops": 1,
                                        "Output": [
                                            "ci.movie_id",
                                            "mi_idx.info",
                                            "mi_idx.movie_id"
                                        ],
                                        "Inner Unique": true,
                                        "Plans": [
                                            {
                                                "Node Type": "Nested Loop",
                                                "Parent Relationship": "Outer",
                                                "Parallel Aware": false,
                                                "Join Type": "Inner",
                                                "Startup Cost": 30000000001.81,
                                                "Total Cost": 30005872876.58,
                                                "Plan Rows": 17219,
                                                "Plan Width": 17,
                                                "Actual Startup Time": 3.032,
                                                "Actual Total Time": 21403.173,
                                                "Actual Rows": 479271,
                                                "Actual Loops": 1,
                                                "Output": [
                                                    "ci.movie_id",
                                                    "ci.person_id",
                                                    "mi_idx.info",
                                                    "mi_idx.movie_id"
                                                ],
                                                "Inner Unique": false,
                                                "Plans": [
                                                    {
                                                        "Node Type": "Nested Loop",
                                                        "Parent Relationship": "Outer",
                                                        "Parallel Aware": false,
                                                        "Join Type": "Inner",
                                                        "Startup Cost": 20000000000.58,
                                                        "Total Cost": 20005801951.73,
                                                        "Plan Rows": 12213,
                                                        "Plan Width": 9,
                                                        "Actual Startup Time": 0.153,
                                                        "Actual Total Time": 5443.915,
                                                        "Actual Rows": 459925,
                                                        "Actual Loops": 1,
                                                        "Output": [
                                                            "mi_idx.info",
                                                            "mi_idx.movie_id"
                                                        ],
                                                        "Inner Unique": true,
                                                        "Plans": [
                                                            {
                                                                "Node Type": "Index Scan",
                                                                "Parent Relationship": "Outer",
                                                                "Parallel Aware": false,
                                                                "Scan Direction": "Forward",
                                                                "Index Name": "movie_id_movie_info_idx",
                                                                "Relation Name": "movie_info_idx",
                                                                "Schema": "public",
                                                                "Alias": "mi_idx",
                                                                "Startup Cost": 10000000000.43,
                                                                "Total Cost": 10000053630.81,
                                                                "Plan Rows": 1380035,
                                                                "Plan Width": 13,
                                                                "Actual Startup Time": 0.104,
                                                                "Actual Total Time": 433.415,
                                                                "Actual Rows": 1380035,
                                                                "Actual Loops": 1,
                                                                "Output": [
                                                                    "mi_idx.id",
                                                                    "mi_idx.movie_id",
                                                                    "mi_idx.info_type_id",
                                                                    "mi_idx.info",
                                                                    "mi_idx.note"
                                                                ]
                                                            },
                                                            {
                                                                "Node Type": "Bitmap Heap Scan",
                                                                "Parent Relationship": "Inner",
                                                                "Parallel Aware": false,
                                                                "Relation Name": "info_type",
                                                                "Schema": "public",
                                                                "Alias": "it2",
                                                                "Startup Cost": 0.15,
                                                                "Total Cost": 4.17,
                                                                "Plan Rows": 1,
                                                                "Plan Width": 4,
                                                                "Actual Startup Time": 0.002,
                                                                "Actual Total Time": 0.002,
                                                                "Actual Rows": 0,
                                                                "Actual Loops": 1380035,
                                                                "Output": [
                                                                    "it2.id",
                                                                    "it2.info"
                                                                ],
                                                                "Recheck Cond": "(it2.id = mi_idx.info_type_id)",
                                                                "Rows Removed by Index Recheck": 0,
                                                                "Filter": "((it2.info)::text = 'votes'::text)",
                                                                "Rows Removed by Filter": 1,
                                                                "Exact Heap Blocks": 1380035,
                                                                "Lossy Heap Blocks": 0,
                                                                "Plans": [
                                                                    {
                                                                        "Node Type": "Bitmap Index Scan",
                                                                        "Parent Relationship": "Outer",
                                                                        "Parallel Aware": false,
                                                                        "Index Name": "info_type_pkey",
                                                                        "Startup Cost": 0.0,
                                                                        "Total Cost": 0.15,
                                                                        "Plan Rows": 1,
                                                                        "Plan Width": 0,
                                                                        "Actual Startup Time": 0.001,
                                                                        "Actual Total Time": 0.001,
                                                                        "Actual Rows": 1,
                                                                        "Actual Loops": 1380035,
                                                                        "Index Cond": "(it2.id = mi_idx.info_type_id)"
                                                                    }
                                                                ]
                                                            }
                                                        ]
                                                    },
                                                    {
                                                        "Node Type": "Bitmap Heap Scan",
                                                        "Parent Relationship": "Inner",
                                                        "Parallel Aware": false,
                                                        "Relation Name": "cast_info",
                                                        "Schema": "public",
                                                        "Alias": "ci",
                                                        "Startup Cost": 1.23,
                                                        "Total Cost": 5.8,
                                                        "Plan Rows": 1,
                                                        "Plan Width": 8,
                                                        "Actual Startup Time": 0.029,
                                                        "Actual Total Time": 0.033,
                                                        "Actual Rows": 1,
                                                        "Actual Loops": 459925,
                                                        "Output": [
                                                            "ci.id",
                                                            "ci.person_id",
                                                            "ci.movie_id",
                                                            "ci.person_role_id",
                                                            "ci.note",
                                                            "ci.nr_order",
                                                            "ci.role_id"
                                                        ],
                                                        "Recheck Cond": "(ci.movie_id = mi_idx.movie_id)",
                                                        "Rows Removed by Index Recheck": 0,
                                                        "Filter": "(ci.note = ANY ('{(voice),(writer)}'::text[]))",
                                                        "Rows Removed by Filter": 29,
                                                        "Exact Heap Blocks": 13220638,
                                                        "Lossy Heap Blocks": 0,
                                                        "Plans": [
                                                            {
                                                                "Node Type": "Bitmap Index Scan",
                                                                "Parent Relationship": "Outer",
                                                                "Parallel Aware": false,
                                                                "Index Name": "movie_id_cast_info",
                                                                "Startup Cost": 0.0,
                                                                "Total Cost": 1.23,
                                                                "Plan Rows": 38,
                                                                "Plan Width": 0,
                                                                "Actual Startup Time": 0.005,
                                                                "Actual Total Time": 0.005,
                                                                "Actual Rows": 30,
                                                                "Actual Loops": 459925,
                                                                "Index Cond": "(ci.movie_id = mi_idx.movie_id)"
                                                            }
                                                        ]
                                                    }
                                                ]
                                            },
                                            {
                                                "Node Type": "Bitmap Heap Scan",
                                                "Parent Relationship": "Inner",
                                                "Parallel Aware": false,
                                                "Relation Name": "name",
                                                "Schema": "public",
                                                "Alias": "n",
                                                "Startup Cost": 0.48,
                                                "Total Cost": 4.5,
                                                "Plan Rows": 1,
                                                "Plan Width": 4,
                                                "Actual Startup Time": 0.004,
                                                "Actual Total Time": 0.004,
                                                "Actual Rows": 0,
                                                "Actual Loops": 479271,
                                                "Output": [
                                                    "n.id",
                                                    "n.name",
                                                    "n.imdb_index",
                                                    "n.imdb_id",
                                                    "n.gender",
                                                    "n.name_pcode_cf",
                                                    "n.name_pcode_nf",
                                                    "n.surname_pcode",
                                                    "n.md5sum"
                                                ],
                                                "Recheck Cond": "(n.id = ci.person_id)",
                                                "Rows Removed by Index Recheck": 0,
                                                "Filter": "((n.name ~~ '%Williams,%'::text) AND ((n.gender)::text = 'm'::text))",
                                                "Rows Removed by Filter": 1,
                                                "Exact Heap Blocks": 479271,
                                                "Lossy Heap Blocks": 0,
                                                "Plans": [
                                                    {
                                                        "Node Type": "Bitmap Index Scan",
                                                        "Parent Relationship": "Outer",
                                                        "Parallel Aware": false,
                                                        "Index Name": "name_pkey",
                                                        "Startup Cost": 0.0,
                                                        "Total Cost": 0.48,
                                                        "Plan Rows": 1,
                                                        "Plan Width": 0,
                                                        "Actual Startup Time": 0.003,
                                                        "Actual Total Time": 0.003,
                                                        "Actual Rows": 1,
                                                        "Actual Loops": 479271,
                                                        "Index Cond": "(n.id = ci.person_id)"
                                                    }
                                                ]
                                            }
                                        ]
                                    },
                                    {
                                        "Node Type": "Bitmap Heap Scan",
                                        "Parent Relationship": "Inner",
                                        "Parallel Aware": false,
                                        "Relation Name": "movie_info",
                                        "Schema": "public",
                                        "Alias": "mi",
                                        "Startup Cost": 0.89,
                                        "Total Cost": 5.38,
                                        "Plan Rows": 39,
                                        "Plan Width": 51,
                                        "Actual Startup Time": 0.01,
                                        "Actual Total Time": 0.026,
                                        "Actual Rows": 19,
                                        "Actual Loops": 1032,
                                        "Output": [
                                            "mi.id",
                                            "mi.movie_id",
                                            "mi.info_type_id",
                                            "mi.info",
                                            "mi.note"
                                        ],
                                        "Recheck Cond": "(mi.movie_id = mi_idx.movie_id)",
                                        "Rows Removed by Index Recheck": 0,
                                        "Exact Heap Blocks": 5588,
                                        "Lossy Heap Blocks": 0,
                                        "Plans": [
                                            {
                                                "Node Type": "Bitmap Index Scan",
                                                "Parent Relationship": "Outer",
                                                "Parallel Aware": false,
                                                "Index Name": "movie_id_movie_info",
                                                "Startup Cost": 0.0,
                                                "Total Cost": 0.88,
                                                "Plan Rows": 39,
                                                "Plan Width": 0,
                                                "Actual Startup Time": 0.006,
                                                "Actual Total Time": 0.006,
                                                "Actual Rows": 19,
                                                "Actual Loops": 1032,
                                                "Index Cond": "(mi.movie_id = mi_idx.movie_id)"
                                            }
                                        ]
                                    }
                                ]
                            },
                            {
                                "Node Type": "Bitmap Heap Scan",
                                "Parent Relationship": "Inner",
                                "Parallel Aware": false,
                                "Relation Name": "info_type",
                                "Schema": "public",
                                "Alias": "it1",
                                "Startup Cost": 0.15,
                                "Total Cost": 4.17,
                                "Plan Rows": 1,
                                "Plan Width": 4,
                                "Actual Startup Time": 0.002,
                                "Actual Total Time": 0.002,
                                "Actual Rows": 0,
                                "Actual Loops": 19504,
                                "Output": [
                                    "it1.id",
                                    "it1.info"
                                ],
                                "Recheck Cond": "(it1.id = mi.info_type_id)",
                                "Rows Removed by Index Recheck": 0,
                                "Filter": "((it1.info)::text = 'budget'::text)",
                                "Rows Removed by Filter": 1,
                                "Exact Heap Blocks": 19504,
                                "Lossy Heap Blocks": 0,
                                "Plans": [
                                    {
                                        "Node Type": "Bitmap Index Scan",
                                        "Parent Relationship": "Outer",
                                        "Parallel Aware": false,
                                        "Index Name": "info_type_pkey",
                                        "Startup Cost": 0.0,
                                        "Total Cost": 0.15,
                                        "Plan Rows": 1,
                                        "Plan Width": 0,
                                        "Actual Startup Time": 0.001,
                                        "Actual Total Time": 0.001,
                                        "Actual Rows": 1,
                                        "Actual Loops": 19504,
                                        "Index Cond": "(it1.id = mi.info_type_id)"
                                    }
                                ]
                            }
                        ]
                    },
                    {
                        "Node Type": "Bitmap Heap Scan",
                        "Parent Relationship": "Inner",
                        "Parallel Aware": false,
                        "Relation Name": "title",
                        "Schema": "public",
                        "Alias": "t",
                        "Startup Cost": 0.44,
                        "Total Cost": 4.45,
                        "Plan Rows": 1,
                        "Plan Width": 21,
                        "Actual Startup Time": 0.015,
                        "Actual Total Time": 0.015,
                        "Actual Rows": 1,
                        "Actual Loops": 62,
                        "Output": [
                            "t.id",
                            "t.title",
                            "t.imdb_index",
                            "t.kind_id",
                            "t.production_year",
                            "t.imdb_id",
                            "t.phonetic_code",
                            "t.episode_of_id",
                            "t.season_nr",
                            "t.episode_nr",
                            "t.series_years",
                            "t.md5sum"
                        ],
                        "Recheck Cond": "(t.id = mi.movie_id)",
                        "Rows Removed by Index Recheck": 0,
                        "Exact Heap Blocks": 62,
                        "Lossy Heap Blocks": 0,
                        "Plans": [
                            {
                                "Node Type": "Bitmap Index Scan",
                                "Parent Relationship": "Outer",
                                "Parallel Aware": false,
                                "Index Name": "title_pkey",
                                "Startup Cost": 0.0,
                                "Total Cost": 0.44,
                                "Plan Rows": 1,
                                "Plan Width": 0,
                                "Actual Startup Time": 0.009,
                                "Actual Total Time": 0.009,
                                "Actual Rows": 1,
                                "Actual Loops": 62,
                                "Index Cond": "(t.id = mi.movie_id)"
                            }
                        ]
                    }
                ]
            }
        ]
    },
    "Planning Time": 9.389,
    "Triggers": [],
    "Execution Time": 24265.028
}