[
  {
    "Plan": {
      "Node Type": "Aggregate",
      "Strategy": "Plain",
      "Partial Mode": "Finalize",
      "Parallel Aware": false,
      "Startup Cost": 331704.5,
      "Total Cost": 331704.51,
      "Plan Rows": 1,
      "Plan Width": 8,
      "Actual Startup Time": 614.941,
      "Actual Total Time": 672.064,
      "Actual Rows": 1,
      "Actual Loops": 1,
      "Plans": [
        {
          "Node Type": "Gather",
          "Parent Relationship": "Outer",
          "Parallel Aware": false,
          "Startup Cost": 331703.88,
          "Total Cost": 331704.49,
          "Plan Rows": 6,
          "Plan Width": 8,
          "Actual Startup Time": 614.734,
          "Actual Total Time": 672.051,
          "Actual Rows": 7,
          "Actual Loops": 1,
          "Workers Planned": 6,
          "Workers Launched": 6,
          "Single Copy": false,
          "Plans": [
            {
              "Node Type": "Aggregate",
              "Strategy": "Plain",
              "Partial Mode": "Partial",
              "Parent Relationship": "Outer",
              "Parallel Aware": false,
              "Startup Cost": 330703.88,
              "Total Cost": 330703.89,
              "Plan Rows": 1,
              "Plan Width": 8,
              "Actual Startup Time": 607.575,
              "Actual Total Time": 607.577,
              "Actual Rows": 1,
              "Actual Loops": 7,
              "Plans": [
                {
                  "Node Type": "Seq Scan",
                  "Parent Relationship": "Outer",
                  "Parallel Aware": true,
                  "Relation Name": "cast_info",
                  "Alias": "ci",
                  "Startup Cost": 0.0,
                  "Total Cost": 328211.39,
                  "Plan Rows": 996994,
                  "Plan Width": 0,
                  "Actual Startup Time": 365.157,
                  "Actual Total Time": 569.14,
                  "Actual Rows": 842192,
                  "Actual Loops": 7,
                  "Filter": "(person_id > 3054871)",
                  "Rows Removed by Filter": 4335572
                }
              ]
            }
          ]
        }
      ]
    },
    "Planning Time": 0.094,
    "Triggers": [],
    "Execution Time": 672.112
  }
]