[
  {
    "Plan": {
      "Node Type": "Aggregate",
      "Strategy": "Plain",
      "Partial Mode": "Finalize",
      "Parallel Aware": false,
      "Startup Cost": 24230.92,
      "Total Cost": 24230.93,
      "Plan Rows": 1,
      "Plan Width": 8,
      "Actual Startup Time": 34.574,
      "Actual Total Time": 38.701,
      "Actual Rows": 1,
      "Actual Loops": 1,
      "Plans": [
        {
          "Node Type": "Gather",
          "Parent Relationship": "Outer",
          "Parallel Aware": false,
          "Startup Cost": 24230.71,
          "Total Cost": 24230.92,
          "Plan Rows": 2,
          "Plan Width": 8,
          "Actual Startup Time": 34.369,
          "Actual Total Time": 38.693,
          "Actual Rows": 3,
          "Actual Loops": 1,
          "Workers Planned": 2,
          "Workers Launched": 2,
          "Single Copy": false,
          "Plans": [
            {
              "Node Type": "Aggregate",
              "Strategy": "Plain",
              "Partial Mode": "Partial",
              "Parent Relationship": "Outer",
              "Parallel Aware": false,
              "Startup Cost": 23230.71,
              "Total Cost": 23230.72,
              "Plan Rows": 1,
              "Plan Width": 8,
              "Actual Startup Time": 25.852,
              "Actual Total Time": 25.854,
              "Actual Rows": 1,
              "Actual Loops": 3,
              "Plans": [
                {
                  "Node Type": "Nested Loop",
                  "Parent Relationship": "Outer",
                  "Parallel Aware": false,
                  "Join Type": "Inner",
                  "Startup Cost": 136.39,
                  "Total Cost": 23230.3,
                  "Plan Rows": 164,
                  "Plan Width": 0,
                  "Actual Startup Time": 5.93,
                  "Actual Total Time": 25.824,
                  "Actual Rows": 97,
                  "Actual Loops": 3,
                  "Inner Unique": false,
                  "Plans": [
                    {
                      "Node Type": "Nested Loop",
                      "Parent Relationship": "Outer",
                      "Parallel Aware": false,
                      "Join Type": "Inner",
                      "Startup Cost": 135.96,
                      "Total Cost": 23047.81,
                      "Plan Rows": 300,
                      "Plan Width": 8,
                      "Actual Startup Time": 5.398,
                      "Actual Total Time": 25.106,
                      "Actual Rows": 34,
                      "Actual Loops": 3,
                      "Inner Unique": true,
                      "Plans": [
                        {
                          "Node Type": "Bitmap Heap Scan",
                          "Parent Relationship": "Outer",
                          "Parallel Aware": true,
                          "Relation Name": "movie_companies",
                          "Alias": "mc",
                          "Startup Cost": 135.53,
                          "Total Cost": 12936.11,
                          "Plan Rows": 1315,
                          "Plan Width": 4,
                          "Actual Startup Time": 1.312,
                          "Actual Total Time": 3.442,
                          "Actual Rows": 2094,
                          "Actual Loops": 3,
                          "Recheck Cond": "(company_id = 1284)",
                          "Rows Removed by Index Recheck": 0,
                          "Filter": "(company_type_id = 2)",
                          "Rows Removed by Filter": 24,
                          "Exact Heap Blocks": 597,
                          "Lossy Heap Blocks": 0,
                          "Plans": [
                            {
                              "Node Type": "Bitmap Index Scan",
                              "Parent Relationship": "Outer",
                              "Parallel Aware": false,
                              "Index Name": "company_id_movie_companies",
                              "Startup Cost": 0.0,
                              "Total Cost": 134.74,
                              "Plan Rows": 6175,
                              "Plan Width": 0,
                              "Actual Startup Time": 2.853,
                              "Actual Total Time": 2.853,
                              "Actual Rows": 6354,
                              "Actual Loops": 1,
                              "Index Cond": "(company_id = 1284)"
                            }
                          ]
                        },
                        {
                          "Node Type": "Index Scan",
                          "Parent Relationship": "Inner",
                          "Parallel Aware": false,
                          "Scan Direction": "Forward",
                          "Index Name": "title_pkey",
                          "Relation Name": "title",
                          "Alias": "t",
                          "Startup Cost": 0.43,
                          "Total Cost": 7.69,
                          "Plan Rows": 1,
                          "Plan Width": 4,
                          "Actual Startup Time": 0.01,
                          "Actual Total Time": 0.01,
                          "Actual Rows": 0,
                          "Actual Loops": 6282,
                          "Index Cond": "(id = mc.movie_id)",
                          "Rows Removed by Index Recheck": 0,
                          "Filter": "((kind_id < 3) AND (production_year > 1981))",
                          "Rows Removed by Filter": 1
                        }
                      ]
                    },
                    {
                      "Node Type": "Index Only Scan",
                      "Parent Relationship": "Inner",
                      "Parallel Aware": false,
                      "Scan Direction": "Forward",
                      "Index Name": "movie_id_movie_info_idx",
                      "Relation Name": "movie_info_idx",
                      "Alias": "mi_idx",
                      "Startup Cost": 0.43,
                      "Total Cost": 0.58,
                      "Plan Rows": 3,
                      "Plan Width": 4,
                      "Actual Startup Time": 0.019,
                      "Actual Total Time": 0.02,
                      "Actual Rows": 3,
                      "Actual Loops": 101,
                      "Index Cond": "(movie_id = t.id)",
                      "Rows Removed by Index Recheck": 0,
                      "Heap Fetches": 291
                    }
                  ]
                }
              ]
            }
          ]
        }
      ]
    },
    "Planning Time": 1.494,
    "Triggers": [],
    "Execution Time": 38.872
  }
]