[
  {
    "Plan": {
      "Node Type": "Aggregate",
      "Strategy": "Plain",
      "Partial Mode": "Finalize",
      "Parallel Aware": false,
      "Startup Cost": 33045.99,
      "Total Cost": 33046.0,
      "Plan Rows": 1,
      "Plan Width": 8,
      "Actual Startup Time": 102.945,
      "Actual Total Time": 109.055,
      "Actual Rows": 1,
      "Actual Loops": 1,
      "Plans": [
        {
          "Node Type": "Gather",
          "Parent Relationship": "Outer",
          "Parallel Aware": false,
          "Startup Cost": 33045.67,
          "Total Cost": 33045.98,
          "Plan Rows": 3,
          "Plan Width": 8,
          "Actual Startup Time": 102.83,
          "Actual Total Time": 109.048,
          "Actual Rows": 4,
          "Actual Loops": 1,
          "Workers Planned": 3,
          "Workers Launched": 3,
          "Single Copy": false,
          "Plans": [
            {
              "Node Type": "Aggregate",
              "Strategy": "Plain",
              "Partial Mode": "Partial",
              "Parent Relationship": "Outer",
              "Parallel Aware": false,
              "Startup Cost": 32045.67,
              "Total Cost": 32045.68,
              "Plan Rows": 1,
              "Plan Width": 8,
              "Actual Startup Time": 94.586,
              "Actual Total Time": 94.587,
              "Actual Rows": 1,
              "Actual Loops": 4,
              "Plans": [
                {
                  "Node Type": "Seq Scan",
                  "Parent Relationship": "Outer",
                  "Parallel Aware": true,
                  "Relation Name": "movie_companies",
                  "Alias": "mc",
                  "Startup Cost": 0.0,
                  "Total Cost": 31414.82,
                  "Plan Rows": 252340,
                  "Plan Width": 0,
                  "Actual Startup Time": 0.043,
                  "Actual Total Time": 78.851,
                  "Actual Rows": 268192,
                  "Actual Loops": 4,
                  "Filter": "((company_id < 15544) AND (company_type_id = 1))",
                  "Rows Removed by Filter": 384090
                }
              ]
            }
          ]
        }
      ]
    },
    "Planning Time": 0.193,
    "Triggers": [],
    "Execution Time": 109.105
  }
]