[
  {
    "Plan": {
      "Node Type": "Aggregate",
      "Strategy": "Plain",
      "Partial Mode": "Finalize",
      "Parallel Aware": false,
      "Startup Cost": 219329.0,
      "Total Cost": 219329.01,
      "Plan Rows": 1,
      "Plan Width": 8,
      "Actual Startup Time": 168.484,
      "Actual Total Time": 192.068,
      "Actual Rows": 1,
      "Actual Loops": 1,
      "Plans": [
        {
          "Node Type": "Gather",
          "Parent Relationship": "Outer",
          "Parallel Aware": false,
          "Startup Cost": 219328.58,
          "Total Cost": 219328.99,
          "Plan Rows": 4,
          "Plan Width": 8,
          "Actual Startup Time": 168.341,
          "Actual Total Time": 192.059,
          "Actual Rows": 5,
          "Actual Loops": 1,
          "Workers Planned": 4,
          "Workers Launched": 4,
          "Single Copy": false,
          "Plans": [
            {
              "Node Type": "Aggregate",
              "Strategy": "Plain",
              "Partial Mode": "Partial",
              "Parent Relationship": "Outer",
              "Parallel Aware": false,
              "Startup Cost": 218328.58,
              "Total Cost": 218328.59,
              "Plan Rows": 1,
              "Plan Width": 8,
              "Actual Startup Time": 158.35,
              "Actual Total Time": 158.352,
              "Actual Rows": 1,
              "Actual Loops": 5,
              "Plans": [
                {
                  "Node Type": "Nested Loop",
                  "Parent Relationship": "Outer",
                  "Parallel Aware": false,
                  "Join Type": "Inner",
                  "Startup Cost": 0.43,
                  "Total Cost": 218287.31,
                  "Plan Rows": 16508,
                  "Plan Width": 0,
                  "Actual Startup Time": 0.434,
                  "Actual Total Time": 156.333,
                  "Actual Rows": 16888,
                  "Actual Loops": 5,
                  "Inner Unique": false,
                  "Plans": [
                    {
                      "Node Type": "Seq Scan",
                      "Parent Relationship": "Outer",
                      "Parallel Aware": true,
                      "Relation Name": "title",
                      "Alias": "t",
                      "Startup Cost": 0.0,
                      "Total Cost": 43898.92,
                      "Plan Rows": 2823,
                      "Plan Width": 4,
                      "Actual Startup Time": 0.208,
                      "Actual Total Time": 89.315,
                      "Actual Rows": 2224,
                      "Actual Loops": 5,
                      "Filter": "(production_year = 1960)",
                      "Rows Removed by Filter": 503438
                    },
                    {
                      "Node Type": "Index Only Scan",
                      "Parent Relationship": "Inner",
                      "Parallel Aware": false,
                      "Scan Direction": "Forward",
                      "Index Name": "movie_id_movie_info",
                      "Relation Name": "movie_info",
                      "Alias": "mi",
                      "Startup Cost": 0.43,
                      "Total Cost": 61.35,
                      "Plan Rows": 42,
                      "Plan Width": 4,
                      "Actual Startup Time": 0.012,
                      "Actual Total Time": 0.028,
                      "Actual Rows": 8,
                      "Actual Loops": 11121,
                      "Index Cond": "(movie_id = t.id)",
                      "Rows Removed by Index Recheck": 0,
                      "Heap Fetches": 84438
                    }
                  ]
                }
              ]
            }
          ]
        }
      ]
    },
    "Planning Time": 0.565,
    "Triggers": [],
    "Execution Time": 192.14
  }
]