{
  "Plan": {
    "Node Type": "Aggregate",
    "Strategy": "Plain",
    "Partial Mode": "Finalize",
    "Parallel Aware": false,
    "Startup Cost": 283938.52,
    "Total Cost": 283938.53,
    "Plan Rows": 1,
    "Plan Width": 8,
    "Actual Startup Time": 500.829,
    "Actual Total Time": 526.579,
    "Actual Rows": 1,
    "Actual Loops": 1,
    "Plans": [
      {
        "Node Type": "Gather",
        "Parent Relationship": "Outer",
        "Parallel Aware": false,
        "Startup Cost": 283938.4,
        "Total Cost": 283938.51,
        "Plan Rows": 1,
        "Plan Width": 8,
        "Actual Startup Time": 497.816,
        "Actual Total Time": 526.572,
        "Actual Rows": 2,
        "Actual Loops": 1,
        "Workers Planned": 1,
        "Workers Launched": 1,
        "Single Copy": false,
        "Plans": [
          {
            "Node Type": "Aggregate",
            "Strategy": "Plain",
            "Partial Mode": "Partial",
            "Parent Relationship": "Outer",
            "Parallel Aware": false,
            "Startup Cost": 282938.4,
            "Total Cost": 282938.41,
            "Plan Rows": 1,
            "Plan Width": 8,
            "Actual Startup Time": 489.455,
            "Actual Total Time": 489.46,
            "Actual Rows": 1,
            "Actual Loops": 2,
            "Plans": [
              {
                "Node Type": "Nested Loop",
                "Parent Relationship": "Outer",
                "Parallel Aware": false,
                "Join Type": "Inner",
                "Startup Cost": 70205.69,
                "Total Cost": 281230.81,
                "Plan Rows": 683037,
                "Plan Width": 0,
                "Actual Startup Time": 380.828,
                "Actual Total Time": 487.957,
                "Actual Rows": 28913,
                "Actual Loops": 2,
                "Inner Unique": false,
                "Plans": [
                  {
                    "Node Type": "Hash Join",
                    "Parent Relationship": "Outer",
                    "Parallel Aware": true,
                    "Join Type": "Inner",
                    "Startup Cost": 70205.12,
                    "Total Cost": 96468.18,
                    "Plan Rows": 72705,
                    "Plan Width": 8,
                    "Actual Startup Time": 380.524,
                    "Actual Total Time": 444.213,
                    "Actual Rows": 1330,
                    "Actual Loops": 2,
                    "Inner Unique": true,
                    "Hash Cond": "(mk.movie_id = t.id)",
                    "Plans": [
                      {
                        "Node Type": "Bitmap Heap Scan",
                        "Parent Relationship": "Outer",
                        "Parallel Aware": true,
                        "Relation Name": "movie_keyword",
                        "Alias": "mk",
                        "Startup Cost": 4316.26,
                        "Total Cost": 30265.34,
                        "Plan Rows": 119607,
                        "Plan Width": 4,
                        "Actual Startup Time": 14.591,
                        "Actual Total Time": 53.878,
                        "Actual Rows": 99985,
                        "Actual Loops": 2,
                        "Recheck Cond": "(keyword_id > 68700)",
                        "Rows Removed by Index Recheck": 0,
                        "Exact Heap Blocks": 11975,
                        "Lossy Heap Blocks": 0,
                        "Plans": [
                          {
                            "Node Type": "Bitmap Index Scan",
                            "Parent Relationship": "Outer",
                            "Parallel Aware": false,
                            "Index Name": "keyword_id_movie_keyword",
                            "Startup Cost": 0.0,
                            "Total Cost": 4265.42,
                            "Plan Rows": 203332,
                            "Plan Width": 0,
                            "Actual Startup Time": 11.582,
                            "Actual Total Time": 11.583,
                            "Actual Rows": 199970,
                            "Actual Loops": 1,
                            "Index Cond": "(keyword_id > 68700)"
                          }
                        ]
                      },
                      {
                        "Node Type": "Hash",
                        "Parent Relationship": "Inner",
                        "Parallel Aware": true,
                        "Startup Cost": 54588.39,
                        "Total Cost": 54588.39,
                        "Plan Rows": 904038,
                        "Plan Width": 4,
                        "Actual Startup Time": 351.595,
                        "Actual Total Time": 351.596,
                        "Actual Rows": 771632,
                        "Actual Loops": 2,
                        "Hash Buckets": 2097152,
                        "Original Hash Buckets": 2097152,
                        "Hash Batches": 1,
                        "Original Hash Batches": 1,
                        "Peak Memory Usage": 76768,
                        "Plans": [
                          {
                            "Node Type": "Seq Scan",
                            "Parent Relationship": "Outer",
                            "Parallel Aware": true,
                            "Relation Name": "title",
                            "Alias": "t",
                            "Startup Cost": 0.0,
                            "Total Cost": 54588.39,
                            "Plan Rows": 904038,
                            "Plan Width": 4,
                            "Actual Startup Time": 0.029,
                            "Actual Total Time": 155.253,
                            "Actual Rows": 771632,
                            "Actual Loops": 2,
                            "Filter": "(kind_id = 7)",
                            "Rows Removed by Filter": 492524
                          }
                        ]
                      }
                    ]
                  },
                  {
                    "Node Type": "Index Scan",
                    "Parent Relationship": "Inner",
                    "Parallel Aware": false,
                    "Scan Direction": "Forward",
                    "Index Name": "movie_id_cast_info",
                    "Relation Name": "cast_info",
                    "Alias": "ci",
                    "Startup Cost": 0.56,
                    "Total Cost": 2.3,
                    "Plan Rows": 24,
                    "Plan Width": 4,
                    "Actual Startup Time": 0.014,
                    "Actual Total Time": 0.031,
                    "Actual Rows": 22,
                    "Actual Loops": 2661,
                    "Index Cond": "(movie_id = t.id)",
                    "Rows Removed by Index Recheck": 0,
                    "Filter": "(role_id > 1)",
                    "Rows Removed by Filter": 8
                  }
                ]
              }
            ]
          }
        ]
      }
    ]
  },
  "Planning Time": 1.021,
  "Triggers": [],
  "Execution Time": 526.689
}