[
  {
    "Plan": {
      "Node Type": "Aggregate",
      "Strategy": "Plain",
      "Partial Mode": "Finalize",
      "Parallel Aware": false,
      "Startup Cost": 29154.71,
      "Total Cost": 29154.72,
      "Plan Rows": 1,
      "Plan Width": 8,
      "Actual Startup Time": 29.529,
      "Actual Total Time": 33.518,
      "Actual Rows": 1,
      "Actual Loops": 1,
      "Plans": [
        {
          "Node Type": "Gather",
          "Parent Relationship": "Outer",
          "Parallel Aware": false,
          "Startup Cost": 29154.49,
          "Total Cost": 29154.7,
          "Plan Rows": 2,
          "Plan Width": 8,
          "Actual Startup Time": 29.305,
          "Actual Total Time": 33.513,
          "Actual Rows": 3,
          "Actual Loops": 1,
          "Workers Planned": 2,
          "Workers Launched": 2,
          "Single Copy": false,
          "Plans": [
            {
              "Node Type": "Aggregate",
              "Strategy": "Plain",
              "Partial Mode": "Partial",
              "Parent Relationship": "Outer",
              "Parallel Aware": false,
              "Startup Cost": 28154.49,
              "Total Cost": 28154.5,
              "Plan Rows": 1,
              "Plan Width": 8,
              "Actual Startup Time": 21.598,
              "Actual Total Time": 21.599,
              "Actual Rows": 1,
              "Actual Loops": 3,
              "Plans": [
                {
                  "Node Type": "Nested Loop",
                  "Parent Relationship": "Outer",
                  "Parallel Aware": false,
                  "Join Type": "Inner",
                  "Startup Cost": 185.16,
                  "Total Cost": 28150.19,
                  "Plan Rows": 1719,
                  "Plan Width": 0,
                  "Actual Startup Time": 1.139,
                  "Actual Total Time": 21.369,
                  "Actual Rows": 2335,
                  "Actual Loops": 3,
                  "Inner Unique": true,
                  "Plans": [
                    {
                      "Node Type": "Bitmap Heap Scan",
                      "Parent Relationship": "Outer",
                      "Parallel Aware": true,
                      "Relation Name": "movie_companies",
                      "Alias": "mc",
                      "Startup Cost": 184.73,
                      "Total Cost": 15280.85,
                      "Plan Rows": 1719,
                      "Plan Width": 4,
                      "Actual Startup Time": 0.935,
                      "Actual Total Time": 7.4,
                      "Actual Rows": 2335,
                      "Actual Loops": 3,
                      "Recheck Cond": "(company_id = 11141)",
                      "Rows Removed by Index Recheck": 0,
                      "Filter": "(company_type_id = 1)",
                      "Rows Removed by Filter": 742,
                      "Exact Heap Blocks": 3672,
                      "Lossy Heap Blocks": 0,
                      "Plans": [
                        {
                          "Node Type": "Bitmap Index Scan",
                          "Parent Relationship": "Outer",
                          "Parallel Aware": false,
                          "Index Name": "company_id_movie_companies",
                          "Startup Cost": 0.0,
                          "Total Cost": 183.7,
                          "Plan Rows": 8436,
                          "Plan Width": 0,
                          "Actual Startup Time": 1.824,
                          "Actual Total Time": 1.825,
                          "Actual Rows": 9230,
                          "Actual Loops": 1,
                          "Index Cond": "(company_id = 11141)"
                        }
                      ]
                    },
                    {
                      "Node Type": "Index Only Scan",
                      "Parent Relationship": "Inner",
                      "Parallel Aware": false,
                      "Scan Direction": "Forward",
                      "Index Name": "title_pkey",
                      "Relation Name": "title",
                      "Alias": "t",
                      "Startup Cost": 0.43,
                      "Total Cost": 7.49,
                      "Plan Rows": 1,
                      "Plan Width": 4,
                      "Actual Startup Time": 0.006,
                      "Actual Total Time": 0.006,
                      "Actual Rows": 1,
                      "Actual Loops": 7005,
                      "Index Cond": "(id = mc.movie_id)",
                      "Rows Removed by Index Recheck": 0,
                      "Heap Fetches": 7005
                    }
                  ]
                }
              ]
            }
          ]
        }
      ]
    },
    "Planning Time": 0.292,
    "Triggers": [],
    "Execution Time": 33.554
  }
]