{
    "Plan": {
        "Node Type": "Aggregate",
        "Strategy": "Plain",
        "Partial Mode": "Simple",
        "Parallel Aware": false,
        "Startup Cost": 80006209523.52,
        "Total Cost": 80006209523.53,
        "Plan Rows": 1,
        "Plan Width": 128,
        "Actual Startup Time": 10795.249,
        "Actual Total Time": 10795.27,
        "Actual Rows": 1,
        "Actual Loops": 1,
        "Output": [
            "min(chn.name)",
            "min(mi_idx.info)",
            "min(n.name)",
            "min(t.title)"
        ],
        "Plans": [
            {
                "Node Type": "Nested Loop",
                "Parent Relationship": "Outer",
                "Parallel Aware": false,
                "Join Type": "Inner",
                "Startup Cost": 80006015713.79,
                "Total Cost": 80006209523.51,
                "Plan Rows": 1,
                "Plan Width": 53,
                "Actual Startup Time": 9153.818,
                "Actual Total Time": 10793.901,
                "Actual Rows": 3868,
                "Actual Loops": 1,
                "Output": [
                    "chn.name",
                    "mi_idx.info",
                    "n.name",
                    "t.title"
                ],
                "Inner Unique": true,
                "Plans": [
                    {
                        "Node Type": "Hash Join",
                        "Parent Relationship": "Outer",
                        "Parallel Aware": false,
                        "Join Type": "Inner",
                        "Startup Cost": 70006015713.65,
                        "Total Cost": 70006209515.34,
                        "Plan Rows": 1,
                        "Plan Width": 57,
                        "Actual Startup Time": 9153.798,
                        "Actual Total Time": 10778.206,
                        "Actual Rows": 3868,
                        "Actual Loops": 1,
                        "Output": [
                            "cc.status_id",
                            "chn.name",
                            "mi_idx.info",
                            "n.name",
                            "t.title"
                        ],
                        "Inner Unique": false,
                        "Hash Cond": "(n.id = ci.person_id)",
                        "Plans": [
                            {
                                "Node Type": "Index Scan",
                                "Parent Relationship": "Outer",
                                "Parallel Aware": false,
                                "Scan Direction": "Forward",
                                "Index Name": "name_pkey",
                                "Relation Name": "name",
                                "Schema": "public",
                                "Alias": "n",
                                "Startup Cost": 0.43,
                                "Total Cost": 178173.8,
                                "Plan Rows": 4167549,
                                "Plan Width": 19,
                                "Actual Startup Time": 0.023,
                                "Actual Total Time": 1265.356,
                                "Actual Rows": 4167491,
                                "Actual Loops": 1,
                                "Output": [
                                    "n.id",
                                    "n.name",
                                    "n.imdb_index",
                                    "n.imdb_id",
                                    "n.gender",
                                    "n.name_pcode_cf",
                                    "n.name_pcode_nf",
                                    "n.surname_pcode",
                                    "n.md5sum"
                                ]
                            },
                            {
                                "Node Type": "Hash",
                                "Parent Relationship": "Inner",
                                "Parallel Aware": false,
                                "Startup Cost": 70006015713.2,
                                "Total Cost": 70006015713.2,
                                "Plan Rows": 1,
                                "Plan Width": 46,
                                "Actual Startup Time": 9153.169,
                                "Actual Total Time": 9153.188,
                                "Actual Rows": 3868,
                                "Actual Loops": 1,
                                "Output": [
                                    "cc.status_id",
                                    "ci.person_id",
                                    "chn.name",
                                    "mi_idx.info",
                                    "t.title"
                                ],
                                "Hash Buckets": 4096,
                                "Original Hash Buckets": 1024,
                                "Hash Batches": 1,
                                "Original Hash Batches": 1,
                                "Peak Memory Usage": 323,
                                "Plans": [
                                    {
                                        "Node Type": "Nested Loop",
                                        "Parent Relationship": "Outer",
                                        "Parallel Aware": false,
                                        "Join Type": "Inner",
                                        "Startup Cost": 70006011569.34,
                                        "Total Cost": 70006015713.2,
                                        "Plan Rows": 1,
                                        "Plan Width": 46,
                                        "Actual Startup Time": 8614.039,
                                        "Actual Total Time": 9151.03,
                                        "Actual Rows": 3868,
                                        "Actual Loops": 1,
                                        "Output": [
                                            "cc.status_id",
                                            "ci.person_id",
                                            "chn.name",
                                            "mi_idx.info",
                                            "t.title"
                                        ],
                                        "Inner Unique": true,
                                        "Plans": [
                                            {
                                                "Node Type": "Nested Loop",
                                                "Parent Relationship": "Outer",
                                                "Parallel Aware": false,
                                                "Join Type": "Inner",
                                                "Startup Cost": 60006011569.2,
                                                "Total Cost": 60006015705.03,
                                                "Plan Rows": 1,
                                                "Plan Width": 50,
                                                "Actual Startup Time": 8614.027,
                                                "Actual Total Time": 9135.107,
                                                "Actual Rows": 4223,
                                                "Actual Loops": 1,
                                                "Output": [
                                                    "cc.status_id",
                                                    "ci.person_id",
                                                    "chn.name",
                                                    "mi_idx.info",
                                                    "t.title",
                                                    "t.kind_id"
                                                ],
                                                "Inner Unique": true,
                                                "Plans": [
                                                    {
                                                        "Node Type": "Nested Loop",
                                                        "Parent Relationship": "Outer",
                                                        "Parallel Aware": false,
                                                        "Join Type": "Inner",
                                                        "Startup Cost": 50006011569.05,
                                                        "Total Cost": 50006015692.69,
                                                        "Plan Rows": 2,
                                                        "Plan Width": 54,
                                                        "Actual Startup Time": 8614.007,
                                                        "Actual Total Time": 9111.369,
                                                        "Actual Rows": 5954,
                                                        "Actual Loops": 1,
                                                        "Output": [
                                                            "cc.status_id",
                                                            "ci.person_id",
                                                            "chn.name",
                                                            "mi_idx.info",
                                                            "mi_idx.info_type_id",
                                                            "t.title",
                                                            "t.kind_id"
                                                        ],
                                                        "Inner Unique": true,
                                                        "Join Filter": "(mk.movie_id = t.id)",
                                                        "Rows Removed by Join Filter": 0,
                                                        "Plans": [
                                                            {
                                                                "Node Type": "Nested Loop",
                                                                "Parent Relationship": "Outer",
                                                                "Parallel Aware": false,
                                                                "Join Type": "Inner",
                                                                "Startup Cost": 40006011568.61,
                                                                "Total Cost": 40006015674.82,
                                                                "Plan Rows": 4,
                                                                "Plan Width": 49,
                                                                "Actual Startup Time": 8613.549,
                                                                "Actual Total Time": 8985.015,
                                                                "Actual Rows": 24665,
                                                                "Actual Loops": 1,
                                                                "Output": [
                                                                    "cc.movie_id",
                                                                    "cc.status_id",
                                                                    "ci.movie_id",
                                                                    "ci.person_id",
                                                                    "chn.name",
                                                                    "mi_idx.info",
                                                                    "mi_idx.movie_id",
                                                                    "mi_idx.info_type_id",
                                                                    "mk.movie_id"
                                                                ],
                                                                "Inner Unique": false,
                                                                "Join Filter": "(mk.movie_id = mi_idx.movie_id)",
                                                                "Rows Removed by Join Filter": 0,
                                                                "Plans": [
                                                                    {
                                                                        "Node Type": "Hash Join",
                                                                        "Parent Relationship": "Outer",
                                                                        "Parallel Aware": false,
                                                                        "Join Type": "Inner",
                                                                        "Startup Cost": 30006011568.16,
                                                                        "Total Cost": 30006015589.16,
                                                                        "Plan Rows": 19,
                                                                        "Plan Width": 36,
                                                                        "Actual Startup Time": 8613.414,
                                                                        "Actual Total Time": 8656.151,
                                                                        "Actual Rows": 59703,
                                                                        "Actual Loops": 1,
                                                                        "Output": [
                                                                            "cc.movie_id",
                                                                            "cc.status_id",
                                                                            "ci.movie_id",
                                                                            "ci.person_id",
                                                                            "chn.name",
                                                                            "mk.movie_id"
                                                                        ],
                                                                        "Inner Unique": false,
                                                                        "Hash Cond": "(k.id = mk.keyword_id)",
                                                                        "Plans": [
                                                                            {
                                                                                "Node Type": "Seq Scan",
                                                                                "Parent Relationship": "Outer",
                                                                                "Parallel Aware": false,
                                                                                "Relation Name": "keyword",
                                                                                "Schema": "public",
                                                                                "Alias": "k",
                                                                                "Startup Cost": 0.0,
                                                                                "Total Cost": 3967.82,
                                                                                "Plan Rows": 10,
                                                                                "Plan Width": 4,
                                                                                "Actual Startup Time": 0.148,
                                                                                "Actual Total Time": 24.418,
                                                                                "Actual Rows": 8,
                                                                                "Actual Loops": 1,
                                                                                "Output": [
                                                                                    "k.id",
                                                                                    "k.keyword",
                                                                                    "k.phonetic_code"
                                                                                ],
                                                                                "Filter": "(k.keyword = ANY ('{based-on-novel,violence,marvel-cinematic-universe,based-on-novel,based-on-comic,blood,claw,female-nudity,death,computer-animated-movie}'::text[]))",
                                                                                "Rows Removed by Filter": 134162
                                                                            },
                                                                            {
                                                                                "Node Type": "Hash",
                                                                                "Parent Relationship": "Inner",
                                                                                "Parallel Aware": false,
                                                                                "Startup Cost": 30006008458.61,
                                                                                "Total Cost": 30006008458.61,
                                                                                "Plan Rows": 248764,
                                                                                "Plan Width": 40,
                                                                                "Actual Startup Time": 8612.811,
                                                                                "Actual Total Time": 8612.82,
                                                                                "Actual Rows": 4614301,
                                                                                "Actual Loops": 1,
                                                                                "Output": [
                                                                                    "cc.movie_id",
                                                                                    "cc.status_id",
                                                                                    "ci.movie_id",
                                                                                    "ci.person_id",
                                                                                    "chn.name",
                                                                                    "mk.movie_id",
                                                                                    "mk.keyword_id"
                                                                                ],
                                                                                "Hash Buckets": 8388608,
                                                                                "Original Hash Buckets": 262144,
                                                                                "Hash Batches": 1,
                                                                                "Original Hash Batches": 1,
                                                                                "Peak Memory Usage": 396018,
                                                                                "Plans": [
                                                                                    {
                                                                                        "Node Type": "Merge Join",
                                                                                        "Parent Relationship": "Outer",
                                                                                        "Parallel Aware": false,
                                                                                        "Join Type": "Inner",
                                                                                        "Startup Cost": 30006000983.71,
                                                                                        "Total Cost": 30006008458.61,
                                                                                        "Plan Rows": 248764,
                                                                                        "Plan Width": 40,
                                                                                        "Actual Startup Time": 6909.1,
                                                                                        "Actual Total Time": 7692.815,
                                                                                        "Actual Rows": 4614301,
                                                                                        "Actual Loops": 1,
                                                                                        "Output": [
                                                                                            "cc.movie_id",
                                                                                            "cc.status_id",
                                                                                            "ci.movie_id",
                                                                                            "ci.person_id",
                                                                                            "chn.name",
                                                                                            "mk.movie_id",
                                                                                            "mk.keyword_id"
                                                                                        ],
                                                                                        "Inner Unique": false,
                                                                                        "Merge Cond": "(cct1.id = cc.subject_id)",
                                                                                        "Plans": [
                                                                                            {
                                                                                                "Node Type": "Index Scan",
                                                                                                "Parent Relationship": "Outer",
                                                                                                "Parallel Aware": false,
                                                                                                "Scan Direction": "Forward",
                                                                                                "Index Name": "comp_cast_type_pkey",
                                                                                                "Relation Name": "comp_cast_type",
                                                                                                "Schema": "public",
                                                                                                "Alias": "cct1",
                                                                                                "Startup Cost": 10000000000.13,
                                                                                                "Total Cost": 10000000012.2,
                                                                                                "Plan Rows": 1,
                                                                                                "Plan Width": 4,
                                                                                                "Actual Startup Time": 0.01,
                                                                                                "Actual Total Time": 0.033,
                                                                                                "Actual Rows": 1,
                                                                                                "Actual Loops": 1,
                                                                                                "Output": [
                                                                                                    "cct1.id",
                                                                                                    "cct1.kind"
                                                                                                ],
                                                                                                "Filter": "((cct1.kind)::text = 'cast'::text)",
                                                                                                "Rows Removed by Filter": 3
                                                                                            },
                                                                                            {
                                                                                                "Node Type": "Sort",
                                                                                                "Parent Relationship": "Inner",
                                                                                                "Parallel Aware": false,
                                                                                                "Startup Cost": 20006000983.58,
                                                                                                "Total Cost": 20006003471.19,
                                                                                                "Plan Rows": 995043,
                                                                                                "Plan Width": 44,
                                                                                                "Actual Startup Time": 6909.079,
                                                                                                "Actual Total Time": 7103.152,
                                                                                                "Actual Rows": 4614302,
                                                                                                "Actual Loops": 1,
                                                                                                "Output": [
                                                                                                    "cc.movie_id",
                                                                                                    "cc.subject_id",
                                                                                                    "cc.status_id",
                                                                                                    "ci.movie_id",
                                                                                                    "ci.person_id",
                                                                                                    "chn.name",
                                                                                                    "mk.movie_id",
                                                                                                    "mk.keyword_id"
                                                                                                ],
                                                                                                "Sort Key": [
                                                                                                    "cc.subject_id"
                                                                                                ],
                                                                                                "Sort Method": "quicksort",
                                                                                                "Sort Space Used": 843670,
                                                                                                "Sort Space Type": "Memory",
                                                                                                "Plans": [
                                                                                                    {
                                                                                                        "Node Type": "Hash Join",
                                                                                                        "Parent Relationship": "Outer",
                                                                                                        "Parallel Aware": false,
                                                                                                        "Join Type": "Inner",
                                                                                                        "Startup Cost": 20005805246.95,
                                                                                                        "Total Cost": 20005901855.41,
                                                                                                        "Plan Rows": 995043,
                                                                                                        "Plan Width": 44,
                                                                                                        "Actual Startup Time": 4364.591,
                                                                                                        "Actual Total Time": 5761.206,
                                                                                                        "Actual Rows": 7089299,
                                                                                                        "Actual Loops": 1,
                                                                                                        "Output": [
                                                                                                            "cc.movie_id",
                                                                                                            "cc.subject_id",
                                                                                                            "cc.status_id",
                                                                                                            "ci.movie_id",
                                                                                                            "ci.person_id",
                                                                                                            "chn.name",
                                                                                                            "mk.movie_id",
                                                                                                            "mk.keyword_id"
                                                                                                        ],
                                                                                                        "Inner Unique": false,
                                                                                                        "Hash Cond": "(mk.movie_id = ci.movie_id)",
                                                                                                        "Plans": [
                                                                                                            {
                                                                                                                "Node Type": "Seq Scan",
                                                                                                                "Parent Relationship": "Outer",
                                                                                                                "Parallel Aware": false,
                                                                                                                "Relation Name": "movie_keyword",
                                                                                                                "Schema": "public",
                                                                                                                "Alias": "mk",
                                                                                                                "Startup Cost": 0.0,
                                                                                                                "Total Cost": 69693.3,
                                                                                                                "Plan Rows": 4523930,
                                                                                                                "Plan Width": 8,
                                                                                                                "Actual Startup Time": 0.012,
                                                                                                                "Actual Total Time": 300.313,
                                                                                                                "Actual Rows": 4523930,
                                                                                                                "Actual Loops": 1,
                                                                                                                "Output": [
                                                                                                                    "mk.id",
                                                                                                                    "mk.movie_id",
                                                                                                                    "mk.keyword_id"
                                                                                                                ]
                                                                                                            },
                                                                                                            {
                                                                                                                "Node Type": "Hash",
                                                                                                                "Parent Relationship": "Inner",
                                                                                                                "Parallel Aware": false,
                                                                                                                "Startup Cost": 20005802652.43,
                                                                                                                "Total Cost": 20005802652.43,
                                                                                                                "Plan Rows": 207561,
                                                                                                                "Plan Width": 36,
                                                                                                                "Actual Startup Time": 4364.131,
                                                                                                                "Actual Total Time": 4364.135,
                                                                                                                "Actual Rows": 183541,
                                                                                                                "Actual Loops": 1,
                                                                                                                "Output": [
                                                                                                                    "cc.movie_id",
                                                                                                                    "cc.subject_id",
                                                                                                                    "cc.status_id",
                                                                                                                    "ci.movie_id",
                                                                                                                    "ci.person_id",
                                                                                                                    "chn.name"
                                                                                                                ],
                                                                                                                "Hash Buckets": 262144,
                                                                                                                "Original Hash Buckets": 262144,
                                                                                                                "Hash Batches": 1,
                                                                                                                "Original Hash Batches": 1,
                                                                                                                "Peak Memory Usage": 14135,
                                                                                                                "Plans": [
                                                                                                                    {
                                                                                                                        "Node Type": "Nested Loop",
                                                                                                                        "Parent Relationship": "Outer",
                                                                                                                        "Parallel Aware": false,
                                                                                                                        "Join Type": "Inner",
                                                                                                                        "Startup Cost": 20000000010.7,
                                                                                                                        "Total Cost": 20005802652.43,
                                                                                                                        "Plan Rows": 207561,
                                                                                                                        "Plan Width": 36,
                                                                                                                        "Actual Startup Time": 0.424,
                                                                                                                        "Actual Total Time": 4290.39,
                                                                                                                        "Actual Rows": 183541,
                                                                                                                        "Actual Loops": 1,
                                                                                                                        "Output": [
                                                                                                                            "cc.movie_id",
                                                                                                                            "cc.subject_id",
                                                                                                                            "cc.status_id",
                                                                                                                            "ci.movie_id",
                                                                                                                            "ci.person_id",
                                                                                                                            "chn.name"
                                                                                                                        ],
                                                                                                                        "Inner Unique": false,
                                                                                                                        "Plans": [
                                                                                                                            {
                                                                                                                                "Node Type": "Nested Loop",
                                                                                                                                "Parent Relationship": "Outer",
                                                                                                                                "Parallel Aware": false,
                                                                                                                                "Join Type": "Inner",
                                                                                                                                "Startup Cost": 20000000010.28,
                                                                                                                                "Total Cost": 20005113732.01,
                                                                                                                                "Plan Rows": 1449960,
                                                                                                                                "Plan Width": 24,
                                                                                                                                "Actual Startup Time": 0.155,
                                                                                                                                "Actual Total Time": 3117.456,
                                                                                                                                "Actual Rows": 623586,
                                                                                                                                "Actual Loops": 1,
                                                                                                                                "Output": [
                                                                                                                                    "chn.name",
                                                                                                                                    "ci.movie_id",
                                                                                                                                    "ci.person_id"
                                                                                                                                ],
                                                                                                                                "Inner Unique": false,
                                                                                                                                "Plans": [
                                                                                                                                    {
                                                                                                                                        "Node Type": "Seq Scan",
                                                                                                                                        "Parent Relationship": "Outer",
                                                                                                                                        "Parallel Aware": false,
                                                                                                                                        "Relation Name": "char_name",
                                                                                                                                        "Schema": "public",
                                                                                                                                        "Alias": "chn",
                                                                                                                                        "Startup Cost": 10000000000.0,
                                                                                                                                        "Total Cost": 10000083551.41,
                                                                                                                                        "Plan Rows": 125596,
                                                                                                                                        "Plan Width": 20,
                                                                                                                                        "Actual Startup Time": 0.018,
                                                                                                                                        "Actual Total Time": 771.992,
                                                                                                                                        "Actual Rows": 180152,
                                                                                                                                        "Actual Loops": 1,
                                                                                                                                        "Output": [
                                                                                                                                            "chn.id",
                                                                                                                                            "chn.name",
                                                                                                                                            "chn.imdb_index",
                                                                                                                                            "chn.imdb_id",
                                                                                                                                            "chn.name_pcode_nf",
                                                                                                                                            "chn.surname_pcode",
                                                                                                                                            "chn.md5sum"
                                                                                                                                        ],
                                                                                                                                        "Filter": "((chn.name IS NOT NULL) AND ((chn.name ~~ '%man%'::text) OR (chn.name ~~ '%Man%'::text)))",
                                                                                                                                        "Rows Removed by Filter": 2960187
                                                                                                                                    },
                                                                                                                                    {
                                                                                                                                        "Node Type": "Bitmap Heap Scan",
                                                                                                                                        "Parent Relationship": "Inner",
                                                                                                                                        "Parallel Aware": false,
                                                                                                                                        "Relation Name": "cast_info",
                                                                                                                                        "Schema": "public",
                                                                                                                                        "Alias": "ci",
                                                                                                                                        "Startup Cost": 10.28,
                                                                                                                                        "Total Cost": 32.14,
                                                                                                                                        "Plan Rows": 791,
                                                                                                                                        "Plan Width": 12,
                                                                                                                                        "Actual Startup Time": 0.008,
                                                                                                                                        "Actual Total Time": 0.011,
                                                                                                                                        "Actual Rows": 3,
                                                                                                                                        "Actual Loops": 180152,
                                                                                                                                        "Output": [
                                                                                                                                            "ci.id",
                                                                                                                                            "ci.person_id",
                                                                                                                                            "ci.movie_id",
                                                                                                                                            "ci.person_role_id",
                                                                                                                                            "ci.note",
                                                                                                                                            "ci.nr_order",
                                                                                                                                            "ci.role_id"
                                                                                                                                        ],
                                                                                                                                        "Recheck Cond": "(ci.person_role_id = chn.id)",
                                                                                                                                        "Rows Removed by Index Recheck": 0,
                                                                                                                                        "Exact Heap Blocks": 408023,
                                                                                                                                        "Lossy Heap Blocks": 0,
                                                                                                                                        "Plans": [
                                                                                                                                            {
                                                                                                                                                "Node Type": "Bitmap Index Scan",
                                                                                                                                                "Parent Relationship": "Outer",
                                                                                                                                                "Parallel Aware": false,
                                                                                                                                                "Index Name": "person_role_id_cast_info",
                                                                                                                                                "Startup Cost": 0.0,
                                                                                                                                                "Total Cost": 10.09,
                                                                                                                                                "Plan Rows": 791,
                                                                                                                                                "Plan Width": 0,
                                                                                                                                                "Actual Startup Time": 0.006,
                                                                                                                                                "Actual Total Time": 0.006,
                                                                                                                                                "Actual Rows": 3,
                                                                                                                                                "Actual Loops": 180152,
                                                                                                                                                "Index Cond": "(ci.person_role_id = chn.id)"
                                                                                                                                            }
                                                                                                                                        ]
                                                                                                                                    }
                                                                                                                                ]
                                                                                                                            },
                                                                                                                            {
                                                                                                                                "Node Type": "Index Scan",
                                                                                                                                "Parent Relationship": "Inner",
                                                                                                                                "Parallel Aware": false,
                                                                                                                                "Scan Direction": "Forward",
                                                                                                                                "Index Name": "movie_id_complete_cast",
                                                                                                                                "Relation Name": "complete_cast",
                                                                                                                                "Schema": "public",
                                                                                                                                "Alias": "cc",
                                                                                                                                "Startup Cost": 0.42,
                                                                                                                                "Total Cost": 0.46,
                                                                                                                                "Plan Rows": 2,
                                                                                                                                "Plan Width": 12,
                                                                                                                                "Actual Startup Time": 0.002,
                                                                                                                                "Actual Total Time": 0.002,
                                                                                                                                "Actual Rows": 0,
                                                                                                                                "Actual Loops": 623586,
                                                                                                                                "Output": [
                                                                                                                                    "cc.id",
                                                                                                                                    "cc.movie_id",
                                                                                                                                    "cc.subject_id",
                                                                                                                                    "cc.status_id"
                                                                                                                                ],
                                                                                                                                "Index Cond": "(cc.movie_id = ci.movie_id)",
                                                                                                                                "Rows Removed by Index Recheck": 0
                                                                                                                            }
                                                                                                                        ]
                                                                                                                    }
                                                                                                                ]
                                                                                                            }
                                                                                                        ]
                                                                                                    }
                                                                                                ]
                                                                                            }
                                                                                        ]
                                                                                    }
                                                                                ]
                                                                            }
                                                                        ]
                                                                    },
                                                                    {
                                                                        "Node Type": "Bitmap Heap Scan",
                                                                        "Parent Relationship": "Inner",
                                                                        "Parallel Aware": false,
                                                                        "Relation Name": "movie_info_idx",
                                                                        "Schema": "public",
                                                                        "Alias": "mi_idx",
                                                                        "Startup Cost": 0.45,
                                                                        "Total Cost": 4.5,
                                                                        "Plan Rows": 1,
                                                                        "Plan Width": 13,
                                                                        "Actual Startup Time": 0.004,
                                                                        "Actual Total Time": 0.004,
                                                                        "Actual Rows": 0,
                                                                        "Actual Loops": 59703,
                                                                        "Output": [
                                                                            "mi_idx.id",
                                                                            "mi_idx.movie_id",
                                                                            "mi_idx.info_type_id",
                                                                            "mi_idx.info",
                                                                            "mi_idx.note"
                                                                        ],
                                                                        "Recheck Cond": "(mi_idx.movie_id = ci.movie_id)",
                                                                        "Rows Removed by Index Recheck": 0,
                                                                        "Filter": "(mi_idx.info > '7.0'::text)",
                                                                        "Rows Removed by Filter": 3,
                                                                        "Exact Heap Blocks": 62730,
                                                                        "Lossy Heap Blocks": 0,
                                                                        "Plans": [
                                                                            {
                                                                                "Node Type": "Bitmap Index Scan",
                                                                                "Parent Relationship": "Outer",
                                                                                "Parallel Aware": false,
                                                                                "Index Name": "movie_id_movie_info_idx",
                                                                                "Startup Cost": 0.0,
                                                                                "Total Cost": 0.45,
                                                                                "Plan Rows": 3,
                                                                                "Plan Width": 0,
                                                                                "Actual Startup Time": 0.002,
                                                                                "Actual Total Time": 0.002,
                                                                                "Actual Rows": 3,
                                                                                "Actual Loops": 59703,
                                                                                "Index Cond": "(mi_idx.movie_id = ci.movie_id)"
                                                                            }
                                                                        ]
                                                                    }
                                                                ]
                                                            },
                                                            {
                                                                "Node Type": "Bitmap Heap Scan",
                                                                "Parent Relationship": "Inner",
                                                                "Parallel Aware": false,
                                                                "Relation Name": "title",
                                                                "Schema": "public",
                                                                "Alias": "t",
                                                                "Startup Cost": 0.44,
                                                                "Total Cost": 4.45,
                                                                "Plan Rows": 1,
                                                                "Plan Width": 25,
                                                                "Actual Startup Time": 0.003,
                                                                "Actual Total Time": 0.003,
                                                                "Actual Rows": 0,
                                                                "Actual Loops": 24665,
                                                                "Output": [
                                                                    "t.id",
                                                                    "t.title",
                                                                    "t.imdb_index",
                                                                    "t.kind_id",
                                                                    "t.production_year",
                                                                    "t.imdb_id",
                                                                    "t.phonetic_code",
                                                                    "t.episode_of_id",
                                                                    "t.season_nr",
                                                                    "t.episode_nr",
                                                                    "t.series_years",
                                                                    "t.md5sum"
                                                                ],
                                                                "Recheck Cond": "(t.id = ci.movie_id)",
                                                                "Rows Removed by Index Recheck": 0,
                                                                "Filter": "(t.production_year > 2001)",
                                                                "Rows Removed by Filter": 1,
                                                                "Exact Heap Blocks": 24665,
                                                                "Lossy Heap Blocks": 0,
                                                                "Plans": [
                                                                    {
                                                                        "Node Type": "Bitmap Index Scan",
                                                                        "Parent Relationship": "Outer",
                                                                        "Parallel Aware": false,
                                                                        "Index Name": "title_pkey",
                                                                        "Startup Cost": 0.0,
                                                                        "Total Cost": 0.44,
                                                                        "Plan Rows": 1,
                                                                        "Plan Width": 0,
                                                                        "Actual Startup Time": 0.002,
                                                                        "Actual Total Time": 0.002,
                                                                        "Actual Rows": 1,
                                                                        "Actual Loops": 24665,
                                                                        "Index Cond": "(t.id = ci.movie_id)"
                                                                    }
                                                                ]
                                                            }
                                                        ]
                                                    },
                                                    {
                                                        "Node Type": "Bitmap Heap Scan",
                                                        "Parent Relationship": "Inner",
                                                        "Parallel Aware": false,
                                                        "Relation Name": "info_type",
                                                        "Schema": "public",
                                                        "Alias": "it2",
                                                        "Startup Cost": 0.15,
                                                        "Total Cost": 4.17,
                                                        "Plan Rows": 1,
                                                        "Plan Width": 4,
                                                        "Actual Startup Time": 0.002,
                                                        "Actual Total Time": 0.002,
                                                        "Actual Rows": 1,
                                                        "Actual Loops": 5954,
                                                        "Output": [
                                                            "it2.id",
                                                            "it2.info"
                                                        ],
                                                        "Recheck Cond": "(it2.id = mi_idx.info_type_id)",
                                                        "Rows Removed by Index Recheck": 0,
                                                        "Filter": "((it2.info)::text = 'rating'::text)",
                                                        "Rows Removed by Filter": 0,
                                                        "Exact Heap Blocks": 5954,
                                                        "Lossy Heap Blocks": 0,
                                                        "Plans": [
                                                            {
                                                                "Node Type": "Bitmap Index Scan",
                                                                "Parent Relationship": "Outer",
                                                                "Parallel Aware": false,
                                                                "Index Name": "info_type_pkey",
                                                                "Startup Cost": 0.0,
                                                                "Total Cost": 0.15,
                                                                "Plan Rows": 1,
                                                                "Plan Width": 0,
                                                                "Actual Startup Time": 0.001,
                                                                "Actual Total Time": 0.001,
                                                                "Actual Rows": 1,
                                                                "Actual Loops": 5954,
                                                                "Index Cond": "(it2.id = mi_idx.info_type_id)"
                                                            }
                                                        ]
                                                    }
                                                ]
                                            },
                                            {
                                                "Node Type": "Bitmap Heap Scan",
                                                "Parent Relationship": "Inner",
                                                "Parallel Aware": false,
                                                "Relation Name": "kind_type",
                                                "Schema": "public",
                                                "Alias": "kt",
                                                "Startup Cost": 0.14,
                                                "Total Cost": 4.16,
                                                "Plan Rows": 1,
                                                "Plan Width": 4,
                                                "Actual Startup Time": 0.002,
                                                "Actual Total Time": 0.002,
                                                "Actual Rows": 1,
                                                "Actual Loops": 4223,
                                                "Output": [
                                                    "kt.id",
                                                    "kt.kind"
                                                ],
                                                "Recheck Cond": "(kt.id = t.kind_id)",
                                                "Rows Removed by Index Recheck": 0,
                                                "Filter": "((kt.kind)::text = 'movie'::text)",
                                                "Rows Removed by Filter": 0,
                                                "Exact Heap Blocks": 4223,
                                                "Lossy Heap Blocks": 0,
                                                "Plans": [
                                                    {
                                                        "Node Type": "Bitmap Index Scan",
                                                        "Parent Relationship": "Outer",
                                                        "Parallel Aware": false,
                                                        "Index Name": "kind_type_pkey",
                                                        "Startup Cost": 0.0,
                                                        "Total Cost": 0.14,
                                                        "Plan Rows": 1,
                                                        "Plan Width": 0,
                                                        "Actual Startup Time": 0.001,
                                                        "Actual Total Time": 0.001,
                                                        "Actual Rows": 1,
                                                        "Actual Loops": 4223,
                                                        "Index Cond": "(kt.id = t.kind_id)"
                                                    }
                                                ]
                                            }
                                        ]
                                    }
                                ]
                            }
                        ]
                    },
                    {
                        "Node Type": "Bitmap Heap Scan",
                        "Parent Relationship": "Inner",
                        "Parallel Aware": false,
                        "Relation Name": "comp_cast_type",
                        "Schema": "public",
                        "Alias": "cct2",
                        "Startup Cost": 0.14,
                        "Total Cost": 4.15,
                        "Plan Rows": 1,
                        "Plan Width": 4,
                        "Actual Startup Time": 0.002,
                        "Actual Total Time": 0.002,
                        "Actual Rows": 1,
                        "Actual Loops": 3868,
                        "Output": [
                            "cct2.id",
                            "cct2.kind"
                        ],
                        "Recheck Cond": "(cct2.id = cc.status_id)",
                        "Rows Removed by Index Recheck": 0,
                        "Filter": "((cct2.kind)::text ~~ '%complete%'::text)",
                        "Rows Removed by Filter": 0,
                        "Exact Heap Blocks": 3868,
                        "Lossy Heap Blocks": 0,
                        "Plans": [
                            {
                                "Node Type": "Bitmap Index Scan",
                                "Parent Relationship": "Outer",
                                "Parallel Aware": false,
                                "Index Name": "comp_cast_type_pkey",
                                "Startup Cost": 0.0,
                                "Total Cost": 0.14,
                                "Plan Rows": 1,
                                "Plan Width": 0,
                                "Actual Startup Time": 0.001,
                                "Actual Total Time": 0.001,
                                "Actual Rows": 1,
                                "Actual Loops": 3868,
                                "Index Cond": "(cct2.id = cc.status_id)"
                            }
                        ]
                    }
                ]
            }
        ]
    },
    "Planning Time": 49.18,
    "Triggers": [],
    "Execution Time": 10798.743
}