{
    "Plan": {
        "Node Type": "Aggregate",
        "Strategy": "Plain",
        "Partial Mode": "Finalize",
        "Parallel Aware": false,
        "Startup Cost": 409562.38,
        "Total Cost": 409562.39,
        "Plan Rows": 1,
        "Plan Width": 8,
        "Actual Startup Time": 3799.569,
        "Actual Total Time": 3847.378,
        "Actual Rows": 1,
        "Actual Loops": 1,
        "Output": [
            "count(*)"
        ],
        "Plans": [
            {
                "Node Type": "Gather",
                "Parent Relationship": "Outer",
                "Parallel Aware": false,
                "Startup Cost": 409561.75,
                "Total Cost": 409562.36,
                "Plan Rows": 6,
                "Plan Width": 8,
                "Actual Startup Time": 3790.415,
                "Actual Total Time": 3847.368,
                "Actual Rows": 7,
                "Actual Loops": 1,
                "Output": [
                    "(PARTIAL count(*))"
                ],
                "Workers Planned": 6,
                "Workers Launched": 6,
                "Single Copy": false,
                "Plans": [
                    {
                        "Node Type": "Aggregate",
                        "Strategy": "Plain",
                        "Partial Mode": "Partial",
                        "Parent Relationship": "Outer",
                        "Parallel Aware": false,
                        "Startup Cost": 408561.75,
                        "Total Cost": 408561.76,
                        "Plan Rows": 1,
                        "Plan Width": 8,
                        "Actual Startup Time": 3768.105,
                        "Actual Total Time": 3768.109,
                        "Actual Rows": 1,
                        "Actual Loops": 7,
                        "Output": [
                            "PARTIAL count(*)"
                        ],
                        "Workers": [
                            {
                                "Worker Number": 0,
                                "Actual Startup Time": 3765.742,
                                "Actual Total Time": 3765.745,
                                "Actual Rows": 1,
                                "Actual Loops": 1
                            },
                            {
                                "Worker Number": 1,
                                "Actual Startup Time": 3764.305,
                                "Actual Total Time": 3764.308,
                                "Actual Rows": 1,
                                "Actual Loops": 1
                            },
                            {
                                "Worker Number": 2,
                                "Actual Startup Time": 3764.343,
                                "Actual Total Time": 3764.346,
                                "Actual Rows": 1,
                                "Actual Loops": 1
                            },
                            {
                                "Worker Number": 3,
                                "Actual Startup Time": 3764.234,
                                "Actual Total Time": 3764.237,
                                "Actual Rows": 1,
                                "Actual Loops": 1
                            },
                            {
                                "Worker Number": 4,
                                "Actual Startup Time": 3764.399,
                                "Actual Total Time": 3764.4,
                                "Actual Rows": 1,
                                "Actual Loops": 1
                            },
                            {
                                "Worker Number": 5,
                                "Actual Startup Time": 3764.378,
                                "Actual Total Time": 3764.381,
                                "Actual Rows": 1,
                                "Actual Loops": 1
                            }
                        ],
                        "Plans": [
                            {
                                "Node Type": "Hash Join",
                                "Parent Relationship": "Outer",
                                "Parallel Aware": true,
                                "Join Type": "Inner",
                                "Startup Cost": 50219.81,
                                "Total Cost": 393865.02,
                                "Plan Rows": 5878694,
                                "Plan Width": 0,
                                "Actual Startup Time": 286.671,
                                "Actual Total Time": 3520.767,
                                "Actual Rows": 5026084,
                                "Actual Loops": 7,
                                "Inner Unique": true,
                                "Hash Cond": "(ci.movie_id = t.id)",
                                "Workers": [
                                    {
                                        "Worker Number": 0,
                                        "Actual Startup Time": 283.007,
                                        "Actual Total Time": 3526.026,
                                        "Actual Rows": 4695440,
                                        "Actual Loops": 1
                                    },
                                    {
                                        "Worker Number": 1,
                                        "Actual Startup Time": 283.09,
                                        "Actual Total Time": 3526.458,
                                        "Actual Rows": 4876514,
                                        "Actual Loops": 1
                                    },
                                    {
                                        "Worker Number": 2,
                                        "Actual Startup Time": 283.131,
                                        "Actual Total Time": 3494.93,
                                        "Actual Rows": 4328067,
                                        "Actual Loops": 1
                                    },
                                    {
                                        "Worker Number": 3,
                                        "Actual Startup Time": 283.106,
                                        "Actual Total Time": 3512.141,
                                        "Actual Rows": 4999501,
                                        "Actual Loops": 1
                                    },
                                    {
                                        "Worker Number": 4,
                                        "Actual Startup Time": 283.167,
                                        "Actual Total Time": 3529.079,
                                        "Actual Rows": 5115566,
                                        "Actual Loops": 1
                                    },
                                    {
                                        "Worker Number": 5,
                                        "Actual Startup Time": 283.12,
                                        "Actual Total Time": 3534.949,
                                        "Actual Rows": 5838587,
                                        "Actual Loops": 1
                                    }
                                ],
                                "Plans": [
                                    {
                                        "Node Type": "Seq Scan",
                                        "Parent Relationship": "Outer",
                                        "Parallel Aware": true,
                                        "Relation Name": "cast_info",
                                        "Schema": "public",
                                        "Alias": "ci",
                                        "Startup Cost": 0.0,
                                        "Total Cost": 328213.62,
                                        "Plan Rows": 5878694,
                                        "Plan Width": 4,
                                        "Actual Startup Time": 0.043,
                                        "Actual Total Time": 745.299,
                                        "Actual Rows": 5026084,
                                        "Actual Loops": 7,
                                        "Output": [
                                            "ci.id",
                                            "ci.person_id",
                                            "ci.movie_id",
                                            "ci.person_role_id",
                                            "ci.note",
                                            "ci.nr_order",
                                            "ci.role_id"
                                        ],
                                        "Filter": "(ci.person_id < 3856211)",
                                        "Rows Removed by Filter": 151680,
                                        "Workers": [
                                            {
                                                "Worker Number": 0,
                                                "Actual Startup Time": 0.049,
                                                "Actual Total Time": 757.888,
                                                "Actual Rows": 4695440,
                                                "Actual Loops": 1
                                            },
                                            {
                                                "Worker Number": 1,
                                                "Actual Startup Time": 0.056,
                                                "Actual Total Time": 750.839,
                                                "Actual Rows": 4876514,
                                                "Actual Loops": 1
                                            },
                                            {
                                                "Worker Number": 2,
                                                "Actual Startup Time": 0.051,
                                                "Actual Total Time": 805.078,
                                                "Actual Rows": 4328067,
                                                "Actual Loops": 1
                                            },
                                            {
                                                "Worker Number": 3,
                                                "Actual Startup Time": 0.046,
                                                "Actual Total Time": 775.845,
                                                "Actual Rows": 4999501,
                                                "Actual Loops": 1
                                            },
                                            {
                                                "Worker Number": 4,
                                                "Actual Startup Time": 0.047,
                                                "Actual Total Time": 752.821,
                                                "Actual Rows": 5115566,
                                                "Actual Loops": 1
                                            },
                                            {
                                                "Worker Number": 5,
                                                "Actual Startup Time": 0.036,
                                                "Actual Total Time": 736.069,
                                                "Actual Rows": 5838587,
                                                "Actual Loops": 1
                                            }
                                        ]
                                    },
                                    {
                                        "Node Type": "Hash",
                                        "Parent Relationship": "Inner",
                                        "Parallel Aware": true,
                                        "Startup Cost": 42318.81,
                                        "Total Cost": 42318.81,
                                        "Plan Rows": 632080,
                                        "Plan Width": 4,
                                        "Actual Startup Time": 279.237,
                                        "Actual Total Time": 279.238,
                                        "Actual Rows": 361187,
                                        "Actual Loops": 7,
                                        "Output": [
                                            "t.id"
                                        ],
                                        "Hash Buckets": 4194304,
                                        "Original Hash Buckets": 4194304,
                                        "Hash Batches": 1,
                                        "Original Hash Batches": 1,
                                        "Peak Memory Usage": 131776,
                                        "Workers": [
                                            {
                                                "Worker Number": 0,
                                                "Actual Startup Time": 282.018,
                                                "Actual Total Time": 282.019,
                                                "Actual Rows": 302493,
                                                "Actual Loops": 1
                                            },
                                            {
                                                "Worker Number": 1,
                                                "Actual Startup Time": 282.384,
                                                "Actual Total Time": 282.385,
                                                "Actual Rows": 349618,
                                                "Actual Loops": 1
                                            },
                                            {
                                                "Worker Number": 2,
                                                "Actual Startup Time": 282.395,
                                                "Actual Total Time": 282.397,
                                                "Actual Rows": 333623,
                                                "Actual Loops": 1
                                            },
                                            {
                                                "Worker Number": 3,
                                                "Actual Startup Time": 282.152,
                                                "Actual Total Time": 282.153,
                                                "Actual Rows": 339690,
                                                "Actual Loops": 1
                                            },
                                            {
                                                "Worker Number": 4,
                                                "Actual Startup Time": 282.375,
                                                "Actual Total Time": 282.376,
                                                "Actual Rows": 335441,
                                                "Actual Loops": 1
                                            },
                                            {
                                                "Worker Number": 5,
                                                "Actual Startup Time": 282.183,
                                                "Actual Total Time": 282.184,
                                                "Actual Rows": 436635,
                                                "Actual Loops": 1
                                            }
                                        ],
                                        "Plans": [
                                            {
                                                "Node Type": "Seq Scan",
                                                "Parent Relationship": "Outer",
                                                "Parallel Aware": true,
                                                "Relation Name": "title",
                                                "Schema": "public",
                                                "Alias": "t",
                                                "Startup Cost": 0.0,
                                                "Total Cost": 42318.81,
                                                "Plan Rows": 632080,
                                                "Plan Width": 4,
                                                "Actual Startup Time": 0.069,
                                                "Actual Total Time": 83.305,
                                                "Actual Rows": 361187,
                                                "Actual Loops": 7,
                                                "Output": [
                                                    "t.id"
                                                ],
                                                "Workers": [
                                                    {
                                                        "Worker Number": 0,
                                                        "Actual Startup Time": 0.138,
                                                        "Actual Total Time": 84.189,
                                                        "Actual Rows": 302493,
                                                        "Actual Loops": 1
                                                    },
                                                    {
                                                        "Worker Number": 1,
                                                        "Actual Startup Time": 0.071,
                                                        "Actual Total Time": 86.878,
                                                        "Actual Rows": 349618,
                                                        "Actual Loops": 1
                                                    },
                                                    {
                                                        "Worker Number": 2,
                                                        "Actual Startup Time": 0.061,
                                                        "Actual Total Time": 86.166,
                                                        "Actual Rows": 333623,
                                                        "Actual Loops": 1
                                                    },
                                                    {
                                                        "Worker Number": 3,
                                                        "Actual Startup Time": 0.067,
                                                        "Actual Total Time": 86.983,
                                                        "Actual Rows": 339690,
                                                        "Actual Loops": 1
                                                    },
                                                    {
                                                        "Worker Number": 4,
                                                        "Actual Startup Time": 0.07,
                                                        "Actual Total Time": 86.742,
                                                        "Actual Rows": 335441,
                                                        "Actual Loops": 1
                                                    },
                                                    {
                                                        "Worker Number": 5,
                                                        "Actual Startup Time": 0.064,
                                                        "Actual Total Time": 82.669,
                                                        "Actual Rows": 436635,
                                                        "Actual Loops": 1
                                                    }
                                                ]
                                            }
                                        ]
                                    }
                                ]
                            }
                        ]
                    }
                ]
            }
        ]
    },
    "Planning Time": 0.693,
    "Triggers": [],
    "Execution Time": 3847.462
}