[
  {
    "Plan": {
      "Node Type": "Aggregate",
      "Strategy": "Plain",
      "Partial Mode": "Finalize",
      "Parallel Aware": false,
      "Startup Cost": 356179.63,
      "Total Cost": 356179.64,
      "Plan Rows": 1,
      "Plan Width": 8,
      "Actual Startup Time": 893.826,
      "Actual Total Time": 950.55,
      "Actual Rows": 1,
      "Actual Loops": 1,
      "Plans": [
        {
          "Node Type": "Gather",
          "Parent Relationship": "Outer",
          "Parallel Aware": false,
          "Startup Cost": 356179.01,
          "Total Cost": 356179.62,
          "Plan Rows": 6,
          "Plan Width": 8,
          "Actual Startup Time": 893.685,
          "Actual Total Time": 950.538,
          "Actual Rows": 7,
          "Actual Loops": 1,
          "Workers Planned": 6,
          "Workers Launched": 6,
          "Single Copy": false,
          "Plans": [
            {
              "Node Type": "Aggregate",
              "Strategy": "Plain",
              "Partial Mode": "Partial",
              "Parent Relationship": "Outer",
              "Parallel Aware": false,
              "Startup Cost": 355179.01,
              "Total Cost": 355179.02,
              "Plan Rows": 1,
              "Plan Width": 8,
              "Actual Startup Time": 884.752,
              "Actual Total Time": 884.753,
              "Actual Rows": 1,
              "Actual Loops": 7,
              "Plans": [
                {
                  "Node Type": "Seq Scan",
                  "Parent Relationship": "Outer",
                  "Parallel Aware": true,
                  "Relation Name": "cast_info",
                  "Alias": "ci",
                  "Startup Cost": 0.0,
                  "Total Cost": 343257.03,
                  "Plan Rows": 4768792,
                  "Plan Width": 0,
                  "Actual Startup Time": 7.49,
                  "Actual Total Time": 713.259,
                  "Actual Rows": 4089468,
                  "Actual Loops": 7,
                  "Filter": "((person_id > 23413) AND (role_id < 8))",
                  "Rows Removed by Filter": 1088295
                }
              ]
            }
          ]
        }
      ]
    },
    "Planning Time": 0.293,
    "Triggers": [],
    "Execution Time": 950.62
  }
]