[
  {
    "Plan": {
      "Node Type": "Aggregate",
      "Strategy": "Plain",
      "Partial Mode": "Finalize",
      "Parallel Aware": false,
      "Startup Cost": 159474.99,
      "Total Cost": 159475.0,
      "Plan Rows": 1,
      "Plan Width": 8,
      "Actual Startup Time": 1159.982,
      "Actual Total Time": 1208.049,
      "Actual Rows": 1,
      "Actual Loops": 1,
      "Plans": [
        {
          "Node Type": "Gather",
          "Parent Relationship": "Outer",
          "Parallel Aware": false,
          "Startup Cost": 159474.67,
          "Total Cost": 159474.98,
          "Plan Rows": 3,
          "Plan Width": 8,
          "Actual Startup Time": 1148.675,
          "Actual Total Time": 1208.04,
          "Actual Rows": 4,
          "Actual Loops": 1,
          "Workers Planned": 3,
          "Workers Launched": 3,
          "Single Copy": false,
          "Plans": [
            {
              "Node Type": "Aggregate",
              "Strategy": "Plain",
              "Partial Mode": "Partial",
              "Parent Relationship": "Outer",
              "Parallel Aware": false,
              "Startup Cost": 158474.67,
              "Total Cost": 158474.68,
              "Plan Rows": 1,
              "Plan Width": 8,
              "Actual Startup Time": 1131.026,
              "Actual Total Time": 1131.03,
              "Actual Rows": 1,
              "Actual Loops": 4,
              "Plans": [
                {
                  "Node Type": "Nested Loop",
                  "Parent Relationship": "Outer",
                  "Parallel Aware": false,
                  "Join Type": "Inner",
                  "Startup Cost": 53315.03,
                  "Total Cost": 158335.9,
                  "Plan Rows": 55507,
                  "Plan Width": 0,
                  "Actual Startup Time": 356.362,
                  "Actual Total Time": 1111.354,
                  "Actual Rows": 394974,
                  "Actual Loops": 4,
                  "Inner Unique": false,
                  "Plans": [
                    {
                      "Node Type": "Hash Join",
                      "Parent Relationship": "Outer",
                      "Parallel Aware": true,
                      "Join Type": "Inner",
                      "Startup Cost": 53314.59,
                      "Total Cost": 78480.31,
                      "Plan Rows": 47056,
                      "Plan Width": 8,
                      "Actual Startup Time": 356.222,
                      "Actual Total Time": 406.65,
                      "Actual Rows": 36031,
                      "Actual Loops": 4,
                      "Inner Unique": true,
                      "Hash Cond": "(mk.movie_id = t.id)",
                      "Plans": [
                        {
                          "Node Type": "Bitmap Heap Scan",
                          "Parent Relationship": "Outer",
                          "Parallel Aware": true,
                          "Relation Name": "movie_keyword",
                          "Alias": "mk",
                          "Startup Cost": 3094.95,
                          "Total Cost": 28137.15,
                          "Plan Rows": 47056,
                          "Plan Width": 4,
                          "Actual Startup Time": 11.128,
                          "Actual Total Time": 41.023,
                          "Actual Rows": 36031,
                          "Actual Loops": 4,
                          "Recheck Cond": "(keyword_id > 74465)",
                          "Rows Removed by Index Recheck": 0,
                          "Exact Heap Blocks": 6208,
                          "Lossy Heap Blocks": 0,
                          "Plans": [
                            {
                              "Node Type": "Bitmap Index Scan",
                              "Parent Relationship": "Outer",
                              "Parallel Aware": false,
                              "Index Name": "keyword_id_movie_keyword",
                              "Startup Cost": 0.0,
                              "Total Cost": 3058.48,
                              "Plan Rows": 145873,
                              "Plan Width": 0,
                              "Actual Startup Time": 8.269,
                              "Actual Total Time": 8.269,
                              "Actual Rows": 144125,
                              "Actual Loops": 1,
                              "Index Cond": "(keyword_id > 74465)"
                            }
                          ]
                        },
                        {
                          "Node Type": "Hash",
                          "Parent Relationship": "Inner",
                          "Parallel Aware": true,
                          "Startup Cost": 42318.73,
                          "Total Cost": 42318.73,
                          "Plan Rows": 632073,
                          "Plan Width": 4,
                          "Actual Startup Time": 334.306,
                          "Actual Total Time": 334.307,
                          "Actual Rows": 632078,
                          "Actual Loops": 4,
                          "Hash Buckets": 4194304,
                          "Original Hash Buckets": 4194304,
                          "Hash Batches": 1,
                          "Original Hash Batches": 1,
                          "Peak Memory Usage": 131744,
                          "Plans": [
                            {
                              "Node Type": "Seq Scan",
                              "Parent Relationship": "Outer",
                              "Parallel Aware": true,
                              "Relation Name": "title",
                              "Alias": "t",
                              "Startup Cost": 0.0,
                              "Total Cost": 42318.73,
                              "Plan Rows": 632073,
                              "Plan Width": 4,
                              "Actual Startup Time": 0.03,
                              "Actual Total Time": 99.456,
                              "Actual Rows": 632078,
                              "Actual Loops": 4
                            }
                          ]
                        }
                      ]
                    },
                    {
                      "Node Type": "Index Scan",
                      "Parent Relationship": "Inner",
                      "Parallel Aware": false,
                      "Scan Direction": "Forward",
                      "Index Name": "movie_id_movie_info",
                      "Relation Name": "movie_info",
                      "Alias": "mi",
                      "Startup Cost": 0.43,
                      "Total Cost": 1.62,
                      "Plan Rows": 8,
                      "Plan Width": 4,
                      "Actual Startup Time": 0.007,
                      "Actual Total Time": 0.019,
                      "Actual Rows": 11,
                      "Actual Loops": 144125,
                      "Index Cond": "(movie_id = t.id)",
                      "Rows Removed by Index Recheck": 0,
                      "Filter": "(info_type_id = 16)",
                      "Rows Removed by Filter": 56
                    }
                  ]
                }
              ]
            }
          ]
        }
      ]
    },
    "Planning Time": 1.392,
    "Triggers": [],
    "Execution Time": 1208.167
  }
]