{
  "Plan": {
    "Node Type": "Aggregate",
    "Strategy": "Plain",
    "Partial Mode": "Finalize",
    "Parallel Aware": false,
    "Startup Cost": 159872.99,
    "Total Cost": 159873.0,
    "Plan Rows": 1,
    "Plan Width": 8,
    "Actual Startup Time": 524.607,
    "Actual Total Time": 540.516,
    "Actual Rows": 1,
    "Actual Loops": 1,
    "Plans": [
      {
        "Node Type": "Gather",
        "Parent Relationship": "Outer",
        "Parallel Aware": false,
        "Startup Cost": 159872.88,
        "Total Cost": 159872.99,
        "Plan Rows": 1,
        "Plan Width": 8,
        "Actual Startup Time": 523.82,
        "Actual Total Time": 540.509,
        "Actual Rows": 2,
        "Actual Loops": 1,
        "Workers Planned": 1,
        "Workers Launched": 1,
        "Single Copy": false,
        "Plans": [
          {
            "Node Type": "Aggregate",
            "Strategy": "Plain",
            "Partial Mode": "Partial",
            "Parent Relationship": "Outer",
            "Parallel Aware": false,
            "Startup Cost": 158872.88,
            "Total Cost": 158872.89,
            "Plan Rows": 1,
            "Plan Width": 8,
            "Actual Startup Time": 517.846,
            "Actual Total Time": 517.852,
            "Actual Rows": 1,
            "Actual Loops": 2,
            "Plans": [
              {
                "Node Type": "Hash Join",
                "Parent Relationship": "Outer",
                "Parallel Aware": true,
                "Join Type": "Inner",
                "Startup Cost": 114827.15,
                "Total Cost": 158794.09,
                "Plan Rows": 31515,
                "Plan Width": 0,
                "Actual Startup Time": 376.997,
                "Actual Total Time": 517.658,
                "Actual Rows": 3288,
                "Actual Loops": 2,
                "Inner Unique": false,
                "Hash Cond": "(mc.movie_id = t.id)",
                "Plans": [
                  {
                    "Node Type": "Index Scan",
                    "Parent Relationship": "Outer",
                    "Parallel Aware": true,
                    "Scan Direction": "Forward",
                    "Index Name": "company_type_id_movie_companies",
                    "Relation Name": "movie_companies",
                    "Alias": "mc",
                    "Startup Cost": 0.43,
                    "Total Cost": 41574.35,
                    "Plan Rows": 588704,
                    "Plan Width": 4,
                    "Actual Startup Time": 0.379,
                    "Actual Total Time": 104.081,
                    "Actual Rows": 428990,
                    "Actual Loops": 2,
                    "Index Cond": "(company_type_id < 2)",
                    "Rows Removed by Index Recheck": 0,
                    "Filter": "(company_id > 601)",
                    "Rows Removed by Filter": 208133
                  },
                  {
                    "Node Type": "Hash",
                    "Parent Relationship": "Inner",
                    "Parallel Aware": true,
                    "Startup Cost": 113831.53,
                    "Total Cost": 113831.53,
                    "Plan Rows": 79615,
                    "Plan Width": 8,
                    "Actual Startup Time": 374.514,
                    "Actual Total Time": 374.518,
                    "Actual Rows": 11134,
                    "Actual Loops": 2,
                    "Hash Buckets": 262144,
                    "Original Hash Buckets": 262144,
                    "Hash Batches": 1,
                    "Original Hash Batches": 1,
                    "Peak Memory Usage": 2976,
                    "Plans": [
                      {
                        "Node Type": "Hash Join",
                        "Parent Relationship": "Outer",
                        "Parallel Aware": true,
                        "Join Type": "Inner",
                        "Startup Cost": 80984.86,
                        "Total Cost": 113831.53,
                        "Plan Rows": 79615,
                        "Plan Width": 8,
                        "Actual Startup Time": 217.526,
                        "Actual Total Time": 371.009,
                        "Actual Rows": 11134,
                        "Actual Loops": 2,
                        "Inner Unique": true,
                        "Hash Cond": "(mk.movie_id = t.id)",
                        "Plans": [
                          {
                            "Node Type": "Bitmap Heap Scan",
                            "Parent Relationship": "Outer",
                            "Parallel Aware": true,
                            "Relation Name": "movie_keyword",
                            "Alias": "mk",
                            "Startup Cost": 20011.07,
                            "Total Cost": 51401.16,
                            "Plan Rows": 554887,
                            "Plan Width": 4,
                            "Actual Startup Time": 49.006,
                            "Actual Total Time": 135.88,
                            "Actual Rows": 473162,
                            "Actual Loops": 2,
                            "Recheck Cond": "(keyword_id < 889)",
                            "Rows Removed by Index Recheck": 0,
                            "Exact Heap Blocks": 14042,
                            "Lossy Heap Blocks": 0,
                            "Plans": [
                              {
                                "Node Type": "Bitmap Index Scan",
                                "Parent Relationship": "Outer",
                                "Parallel Aware": false,
                                "Index Name": "keyword_id_movie_keyword",
                                "Startup Cost": 0.0,
                                "Total Cost": 19775.24,
                                "Plan Rows": 943308,
                                "Plan Width": 0,
                                "Actual Startup Time": 45.357,
                                "Actual Total Time": 45.358,
                                "Actual Rows": 946324,
                                "Actual Loops": 1,
                                "Index Cond": "(keyword_id < 889)"
                              }
                            ]
                          },
                          {
                            "Node Type": "Hash",
                            "Parent Relationship": "Inner",
                            "Parallel Aware": true,
                            "Startup Cost": 58306.47,
                            "Total Cost": 58306.47,
                            "Plan Rows": 213386,
                            "Plan Width": 4,
                            "Actual Startup Time": 165.485,
                            "Actual Total Time": 165.486,
                            "Actual Rows": 126883,
                            "Actual Loops": 2,
                            "Hash Buckets": 524288,
                            "Original Hash Buckets": 524288,
                            "Hash Batches": 1,
                            "Original Hash Batches": 1,
                            "Peak Memory Usage": 14080,
                            "Plans": [
                              {
                                "Node Type": "Seq Scan",
                                "Parent Relationship": "Outer",
                                "Parallel Aware": true,
                                "Relation Name": "title",
                                "Alias": "t",
                                "Startup Cost": 0.0,
                                "Total Cost": 58306.47,
                                "Plan Rows": 213386,
                                "Plan Width": 4,
                                "Actual Startup Time": 0.028,
                                "Actual Total Time": 133.48,
                                "Actual Rows": 126883,
                                "Actual Loops": 2,
                                "Filter": "((production_year < 1986) AND (kind_id = 7))",
                                "Rows Removed by Filter": 1137273
                              }
                            ]
                          }
                        ]
                      }
                    ]
                  }
                ]
              }
            ]
          }
        ]
      }
    ]
  },
  "Planning Time": 0.477,
  "Triggers": [],
  "Execution Time": 540.579
}