[
  {
    "Plan": {
      "Node Type": "Aggregate",
      "Strategy": "Plain",
      "Partial Mode": "Finalize",
      "Parallel Aware": false,
      "Startup Cost": 227075.27,
      "Total Cost": 227075.28,
      "Plan Rows": 1,
      "Plan Width": 8,
      "Actual Startup Time": 231.686,
      "Actual Total Time": 256.769,
      "Actual Rows": 1,
      "Actual Loops": 1,
      "Plans": [
        {
          "Node Type": "Gather",
          "Parent Relationship": "Outer",
          "Parallel Aware": false,
          "Startup Cost": 227074.75,
          "Total Cost": 227075.26,
          "Plan Rows": 5,
          "Plan Width": 8,
          "Actual Startup Time": 231.181,
          "Actual Total Time": 256.742,
          "Actual Rows": 6,
          "Actual Loops": 1,
          "Workers Planned": 5,
          "Workers Launched": 5,
          "Single Copy": false,
          "Plans": [
            {
              "Node Type": "Aggregate",
              "Strategy": "Plain",
              "Partial Mode": "Partial",
              "Parent Relationship": "Outer",
              "Parallel Aware": false,
              "Startup Cost": 226074.75,
              "Total Cost": 226074.76,
              "Plan Rows": 1,
              "Plan Width": 8,
              "Actual Startup Time": 220.901,
              "Actual Total Time": 220.905,
              "Actual Rows": 1,
              "Actual Loops": 6,
              "Plans": [
                {
                  "Node Type": "Nested Loop",
                  "Parent Relationship": "Outer",
                  "Parallel Aware": false,
                  "Join Type": "Inner",
                  "Startup Cost": 56706.72,
                  "Total Cost": 226027.7,
                  "Plan Rows": 18821,
                  "Plan Width": 0,
                  "Actual Startup Time": 141.537,
                  "Actual Total Time": 219.168,
                  "Actual Rows": 24160,
                  "Actual Loops": 6,
                  "Inner Unique": false,
                  "Join Filter": "(t.id = ci.movie_id)",
                  "Rows Removed by Join Filter": 0,
                  "Plans": [
                    {
                      "Node Type": "Hash Join",
                      "Parent Relationship": "Outer",
                      "Parallel Aware": true,
                      "Join Type": "Inner",
                      "Startup Cost": 56706.16,
                      "Total Cost": 220559.53,
                      "Plan Rows": 1313,
                      "Plan Width": 8,
                      "Actual Startup Time": 141.064,
                      "Actual Total Time": 179.957,
                      "Actual Rows": 212,
                      "Actual Loops": 6,
                      "Inner Unique": true,
                      "Hash Cond": "(mi.movie_id = t.id)",
                      "Plans": [
                        {
                          "Node Type": "Bitmap Heap Scan",
                          "Parent Relationship": "Outer",
                          "Parallel Aware": true,
                          "Relation Name": "movie_info",
                          "Alias": "mi",
                          "Startup Cost": 11142.68,
                          "Total Cost": 174673.18,
                          "Plan Rows": 123000,
                          "Plan Width": 4,
                          "Actual Startup Time": 37.295,
                          "Actual Total Time": 80.56,
                          "Actual Rows": 99743,
                          "Actual Loops": 6,
                          "Recheck Cond": "(info_type_id = 15)",
                          "Rows Removed by Index Recheck": 0,
                          "Exact Heap Blocks": 5159,
                          "Lossy Heap Blocks": 0,
                          "Plans": [
                            {
                              "Node Type": "Bitmap Index Scan",
                              "Parent Relationship": "Outer",
                              "Parallel Aware": false,
                              "Index Name": "info_type_id_movie_info",
                              "Startup Cost": 0.0,
                              "Total Cost": 10988.93,
                              "Plan Rows": 615000,
                              "Plan Width": 0,
                              "Actual Startup Time": 31.988,
                              "Actual Total Time": 31.989,
                              "Actual Rows": 598457,
                              "Actual Loops": 1,
                              "Index Cond": "(info_type_id = 15)"
                            }
                          ]
                        },
                        {
                          "Node Type": "Hash",
                          "Parent Relationship": "Inner",
                          "Parallel Aware": true,
                          "Startup Cost": 45479.1,
                          "Total Cost": 45479.1,
                          "Plan Rows": 6750,
                          "Plan Width": 4,
                          "Actual Startup Time": 84.258,
                          "Actual Total Time": 84.259,
                          "Actual Rows": 4514,
                          "Actual Loops": 6,
                          "Hash Buckets": 32768,
                          "Original Hash Buckets": 32768,
                          "Hash Batches": 1,
                          "Original Hash Batches": 1,
                          "Peak Memory Usage": 1440,
                          "Plans": [
                            {
                              "Node Type": "Seq Scan",
                              "Parent Relationship": "Outer",
                              "Parallel Aware": true,
                              "Relation Name": "title",
                              "Alias": "t",
                              "Startup Cost": 0.0,
                              "Total Cost": 45479.1,
                              "Plan Rows": 6750,
                              "Plan Width": 4,
                              "Actual Startup Time": 0.676,
                              "Actual Total Time": 81.925,
                              "Actual Rows": 4514,
                              "Actual Loops": 6,
                              "Filter": "((kind_id < 7) AND (production_year > 2012))",
                              "Rows Removed by Filter": 416871
                            }
                          ]
                        }
                      ]
                    },
                    {
                      "Node Type": "Index Only Scan",
                      "Parent Relationship": "Inner",
                      "Parallel Aware": false,
                      "Scan Direction": "Forward",
                      "Index Name": "movie_id_cast_info",
                      "Relation Name": "cast_info",
                      "Alias": "ci",
                      "Startup Cost": 0.56,
                      "Total Cost": 3.7,
                      "Plan Rows": 37,
                      "Plan Width": 4,
                      "Actual Startup Time": 0.014,
                      "Actual Total Time": 0.17,
                      "Actual Rows": 114,
                      "Actual Loops": 1273,
                      "Index Cond": "(movie_id = mi.movie_id)",
                      "Rows Removed by Index Recheck": 0,
                      "Heap Fetches": 144961
                    }
                  ]
                }
              ]
            }
          ]
        }
      ]
    },
    "Planning Time": 1.393,
    "Triggers": [],
    "Execution Time": 256.886
  }
]