[
    {
        "Bao": {
            "Bao prediction": "NaN",
            "Bao recommended hint": "(no hint)"
        }
    },
    {
        "Plan": {
            "Node Type": "Aggregate",
            "Strategy": "Plain",
            "Partial Mode": "Finalize",
            "Parallel Aware": false,
            "Startup Cost": 268422.85,
            "Total Cost": 268422.86,
            "Plan Rows": 1,
            "Plan Width": 8,
            "Actual Startup Time": 467.1,
            "Actual Total Time": 480.749,
            "Actual Rows": 1,
            "Actual Loops": 1,
            "Output": [
                "count(*)"
            ],
            "Plans": [
                {
                    "Node Type": "Gather",
                    "Parent Relationship": "Outer",
                    "Parallel Aware": false,
                    "Startup Cost": 268422.53,
                    "Total Cost": 268422.84,
                    "Plan Rows": 3,
                    "Plan Width": 8,
                    "Actual Startup Time": 464.419,
                    "Actual Total Time": 480.74,
                    "Actual Rows": 4,
                    "Actual Loops": 1,
                    "Output": [
                        "(PARTIAL count(*))"
                    ],
                    "Workers Planned": 3,
                    "Workers Launched": 3,
                    "Single Copy": false,
                    "Plans": [
                        {
                            "Node Type": "Aggregate",
                            "Strategy": "Plain",
                            "Partial Mode": "Partial",
                            "Parent Relationship": "Outer",
                            "Parallel Aware": false,
                            "Startup Cost": 267422.53,
                            "Total Cost": 267422.54,
                            "Plan Rows": 1,
                            "Plan Width": 8,
                            "Actual Startup Time": 455.574,
                            "Actual Total Time": 455.579,
                            "Actual Rows": 1,
                            "Actual Loops": 4,
                            "Output": [
                                "PARTIAL count(*)"
                            ],
                            "Workers": [
                                {
                                    "Worker Number": 0,
                                    "Actual Startup Time": 452.259,
                                    "Actual Total Time": 452.263,
                                    "Actual Rows": 1,
                                    "Actual Loops": 1
                                },
                                {
                                    "Worker Number": 1,
                                    "Actual Startup Time": 452.83,
                                    "Actual Total Time": 452.835,
                                    "Actual Rows": 1,
                                    "Actual Loops": 1
                                },
                                {
                                    "Worker Number": 2,
                                    "Actual Startup Time": 453.126,
                                    "Actual Total Time": 453.131,
                                    "Actual Rows": 1,
                                    "Actual Loops": 1
                                }
                            ],
                            "Plans": [
                                {
                                    "Node Type": "Hash Join",
                                    "Parent Relationship": "Outer",
                                    "Parallel Aware": true,
                                    "Join Type": "Inner",
                                    "Startup Cost": 222527.44,
                                    "Total Cost": 267214.05,
                                    "Plan Rows": 83394,
                                    "Plan Width": 0,
                                    "Actual Startup Time": 225.519,
                                    "Actual Total Time": 430.78,
                                    "Actual Rows": 616782,
                                    "Actual Loops": 4,
                                    "Inner Unique": false,
                                    "Hash Cond": "(mk.movie_id = t.id)",
                                    "Workers": [
                                        {
                                            "Worker Number": 0,
                                            "Actual Startup Time": 222.108,
                                            "Actual Total Time": 427.397,
                                            "Actual Rows": 616832,
                                            "Actual Loops": 1
                                        },
                                        {
                                            "Worker Number": 1,
                                            "Actual Startup Time": 222.801,
                                            "Actual Total Time": 429.511,
                                            "Actual Rows": 576401,
                                            "Actual Loops": 1
                                        },
                                        {
                                            "Worker Number": 2,
                                            "Actual Startup Time": 223.241,
                                            "Actual Total Time": 428.314,
                                            "Actual Rows": 613880,
                                            "Actual Loops": 1
                                        }
                                    ],
                                    "Plans": [
                                        {
                                            "Node Type": "Seq Scan",
                                            "Parent Relationship": "Outer",
                                            "Parallel Aware": true,
                                            "Relation Name": "movie_keyword",
                                            "Schema": "public",
                                            "Alias": "mk",
                                            "Startup Cost": 0.0,
                                            "Total Cost": 39047.32,
                                            "Plan Rows": 1459332,
                                            "Plan Width": 4,
                                            "Actual Startup Time": 0.016,
                                            "Actual Total Time": 80.977,
                                            "Actual Rows": 1130982,
                                            "Actual Loops": 4,
                                            "Output": [
                                                "mk.id",
                                                "mk.movie_id",
                                                "mk.keyword_id"
                                            ],
                                            "Workers": [
                                                {
                                                    "Worker Number": 0,
                                                    "Actual Startup Time": 0.016,
                                                    "Actual Total Time": 82.445,
                                                    "Actual Rows": 1101120,
                                                    "Actual Loops": 1
                                                },
                                                {
                                                    "Worker Number": 1,
                                                    "Actual Startup Time": 0.021,
                                                    "Actual Total Time": 84.939,
                                                    "Actual Rows": 1126465,
                                                    "Actual Loops": 1
                                                },
                                                {
                                                    "Worker Number": 2,
                                                    "Actual Startup Time": 0.017,
                                                    "Actual Total Time": 83.087,
                                                    "Actual Rows": 1099825,
                                                    "Actual Loops": 1
                                                }
                                            ]
                                        },
                                        {
                                            "Node Type": "Hash",
                                            "Parent Relationship": "Inner",
                                            "Parallel Aware": true,
                                            "Startup Cost": 222166.24,
                                            "Total Cost": 222166.24,
                                            "Plan Rows": 28896,
                                            "Plan Width": 8,
                                            "Actual Startup Time": 224.237,
                                            "Actual Total Time": 224.241,
                                            "Actual Rows": 42269,
                                            "Actual Loops": 4,
                                            "Output": [
                                                "t.id",
                                                "mi.movie_id"
                                            ],
                                            "Hash Buckets": 262144,
                                            "Original Hash Buckets": 262144,
                                            "Hash Batches": 1,
                                            "Original Hash Batches": 1,
                                            "Peak Memory Usage": 8736,
                                            "Workers": [
                                                {
                                                    "Worker Number": 0,
                                                    "Actual Startup Time": 221.658,
                                                    "Actual Total Time": 221.661,
                                                    "Actual Rows": 41559,
                                                    "Actual Loops": 1
                                                },
                                                {
                                                    "Worker Number": 1,
                                                    "Actual Startup Time": 222.126,
                                                    "Actual Total Time": 222.13,
                                                    "Actual Rows": 39291,
                                                    "Actual Loops": 1
                                                },
                                                {
                                                    "Worker Number": 2,
                                                    "Actual Startup Time": 222.4,
                                                    "Actual Total Time": 222.404,
                                                    "Actual Rows": 39737,
                                                    "Actual Loops": 1
                                                }
                                            ],
                                            "Plans": [
                                                {
                                                    "Node Type": "Hash Join",
                                                    "Parent Relationship": "Outer",
                                                    "Parallel Aware": true,
                                                    "Join Type": "Inner",
                                                    "Startup Cost": 58082.87,
                                                    "Total Cost": 222166.24,
                                                    "Plan Rows": 28896,
                                                    "Plan Width": 8,
                                                    "Actual Startup Time": 155.023,
                                                    "Actual Total Time": 211.979,
                                                    "Actual Rows": 42269,
                                                    "Actual Loops": 4,
                                                    "Output": [
                                                        "t.id",
                                                        "mi.movie_id"
                                                    ],
                                                    "Inner Unique": true,
                                                    "Hash Cond": "(mi.movie_id = t.id)",
                                                    "Workers": [
                                                        {
                                                            "Worker Number": 0,
                                                            "Actual Startup Time": 152.352,
                                                            "Actual Total Time": 209.26,
                                                            "Actual Rows": 41559,
                                                            "Actual Loops": 1
                                                        },
                                                        {
                                                            "Worker Number": 1,
                                                            "Actual Startup Time": 152.893,
                                                            "Actual Total Time": 210.007,
                                                            "Actual Rows": 39291,
                                                            "Actual Loops": 1
                                                        },
                                                        {
                                                            "Worker Number": 2,
                                                            "Actual Startup Time": 153.706,
                                                            "Actual Total Time": 210.507,
                                                            "Actual Rows": 39737,
                                                            "Actual Loops": 1
                                                        }
                                                    ],
                                                    "Plans": [
                                                        {
                                                            "Node Type": "Bitmap Heap Scan",
                                                            "Parent Relationship": "Outer",
                                                            "Parallel Aware": true,
                                                            "Relation Name": "movie_info",
                                                            "Schema": "public",
                                                            "Alias": "mi",
                                                            "Startup Cost": 12531.92,
                                                            "Total Cost": 176252.49,
                                                            "Plan Rows": 138206,
                                                            "Plan Width": 4,
                                                            "Actual Startup Time": 21.969,
                                                            "Actual Total Time": 44.103,
                                                            "Actual Rows": 165231,
                                                            "Actual Loops": 4,
                                                            "Output": [
                                                                "mi.id",
                                                                "mi.movie_id",
                                                                "mi.info_type_id",
                                                                "mi.info",
                                                                "mi.note"
                                                            ],
                                                            "Recheck Cond": "(mi.info_type_id = 18)",
                                                            "Rows Removed by Index Recheck": 0,
                                                            "Exact Heap Blocks": 2041,
                                                            "Lossy Heap Blocks": 0,
                                                            "Workers": [
                                                                {
                                                                    "Worker Number": 0,
                                                                    "Actual Startup Time": 21.938,
                                                                    "Actual Total Time": 44.569,
                                                                    "Actual Rows": 161297,
                                                                    "Actual Loops": 1
                                                                },
                                                                {
                                                                    "Worker Number": 1,
                                                                    "Actual Startup Time": 22.11,
                                                                    "Actual Total Time": 45.123,
                                                                    "Actual Rows": 153266,
                                                                    "Actual Loops": 1
                                                                },
                                                                {
                                                                    "Worker Number": 2,
                                                                    "Actual Startup Time": 22.025,
                                                                    "Actual Total Time": 45.205,
                                                                    "Actual Rows": 155462,
                                                                    "Actual Loops": 1
                                                                }
                                                            ],
                                                            "Plans": [
                                                                {
                                                                    "Node Type": "Bitmap Index Scan",
                                                                    "Parent Relationship": "Outer",
                                                                    "Parallel Aware": false,
                                                                    "Index Name": "info_type_id_movie_info",
                                                                    "Startup Cost": 0.0,
                                                                    "Total Cost": 12359.16,
                                                                    "Plan Rows": 691030,
                                                                    "Plan Width": 0,
                                                                    "Actual Startup Time": 20.915,
                                                                    "Actual Total Time": 20.916,
                                                                    "Actual Rows": 660923,
                                                                    "Actual Loops": 1,
                                                                    "Index Cond": "(mi.info_type_id = 18)"
                                                                }
                                                            ]
                                                        },
                                                        {
                                                            "Node Type": "Hash",
                                                            "Parent Relationship": "Inner",
                                                            "Parallel Aware": true,
                                                            "Startup Cost": 43899.01,
                                                            "Total Cost": 43899.01,
                                                            "Plan Rows": 132156,
                                                            "Plan Width": 4,
                                                            "Actual Startup Time": 131.008,
                                                            "Actual Total Time": 131.009,
                                                            "Actual Rows": 130934,
                                                            "Actual Loops": 4,
                                                            "Output": [
                                                                "t.id"
                                                            ],
                                                            "Hash Buckets": 1048576,
                                                            "Original Hash Buckets": 1048576,
                                                            "Hash Batches": 1,
                                                            "Original Hash Batches": 1,
                                                            "Peak Memory Usage": 28736,
                                                            "Workers": [
                                                                {
                                                                    "Worker Number": 0,
                                                                    "Actual Startup Time": 130.083,
                                                                    "Actual Total Time": 130.084,
                                                                    "Actual Rows": 119875,
                                                                    "Actual Loops": 1
                                                                },
                                                                {
                                                                    "Worker Number": 1,
                                                                    "Actual Startup Time": 130.639,
                                                                    "Actual Total Time": 130.639,
                                                                    "Actual Rows": 117071,
                                                                    "Actual Loops": 1
                                                                },
                                                                {
                                                                    "Worker Number": 2,
                                                                    "Actual Startup Time": 130.822,
                                                                    "Actual Total Time": 130.823,
                                                                    "Actual Rows": 116903,
                                                                    "Actual Loops": 1
                                                                }
                                                            ],
                                                            "Plans": [
                                                                {
                                                                    "Node Type": "Seq Scan",
                                                                    "Parent Relationship": "Outer",
                                                                    "Parallel Aware": true,
                                                                    "Relation Name": "title",
                                                                    "Schema": "public",
                                                                    "Alias": "t",
                                                                    "Startup Cost": 0.0,
                                                                    "Total Cost": 43899.01,
                                                                    "Plan Rows": 132156,
                                                                    "Plan Width": 4,
                                                                    "Actual Startup Time": 0.037,
                                                                    "Actual Total Time": 86.959,
                                                                    "Actual Rows": 130934,
                                                                    "Actual Loops": 4,
                                                                    "Output": [
                                                                        "t.id"
                                                                    ],
                                                                    "Filter": "(t.production_year < 1981)",
                                                                    "Rows Removed by Filter": 501144,
                                                                    "Workers": [
                                                                        {
                                                                            "Worker Number": 0,
                                                                            "Actual Startup Time": 0.038,
                                                                            "Actual Total Time": 87.586,
                                                                            "Actual Rows": 119875,
                                                                            "Actual Loops": 1
                                                                        },
                                                                        {
                                                                            "Worker Number": 1,
                                                                            "Actual Startup Time": 0.049,
                                                                            "Actual Total Time": 87.798,
                                                                            "Actual Rows": 117071,
                                                                            "Actual Loops": 1
                                                                        },
                                                                        {
                                                                            "Worker Number": 2,
                                                                            "Actual Startup Time": 0.047,
                                                                            "Actual Total Time": 87.935,
                                                                            "Actual Rows": 116903,
                                                                            "Actual Loops": 1
                                                                        }
                                                                    ]
                                                                }
                                                            ]
                                                        }
                                                    ]
                                                }
                                            ]
                                        }
                                    ]
                                }
                            ]
                        }
                    ]
                }
            ]
        },
        "Planning Time": 202.07,
        "Triggers": [],
        "Execution Time": 480.831
    }
]