[
  {
    "Plan": {
      "Node Type": "Aggregate",
      "Strategy": "Plain",
      "Partial Mode": "Finalize",
      "Parallel Aware": false,
      "Startup Cost": 31809.17,
      "Total Cost": 31809.18,
      "Plan Rows": 1,
      "Plan Width": 8,
      "Actual Startup Time": 80.392,
      "Actual Total Time": 88.059,
      "Actual Rows": 1,
      "Actual Loops": 1,
      "Plans": [
        {
          "Node Type": "Gather",
          "Parent Relationship": "Outer",
          "Parallel Aware": false,
          "Startup Cost": 31808.86,
          "Total Cost": 31809.17,
          "Plan Rows": 3,
          "Plan Width": 8,
          "Actual Startup Time": 80.106,
          "Actual Total Time": 88.051,
          "Actual Rows": 4,
          "Actual Loops": 1,
          "Workers Planned": 3,
          "Workers Launched": 3,
          "Single Copy": false,
          "Plans": [
            {
              "Node Type": "Aggregate",
              "Strategy": "Plain",
              "Partial Mode": "Partial",
              "Parent Relationship": "Outer",
              "Parallel Aware": false,
              "Startup Cost": 30808.86,
              "Total Cost": 30808.87,
              "Plan Rows": 1,
              "Plan Width": 8,
              "Actual Startup Time": 75.13,
              "Actual Total Time": 75.131,
              "Actual Rows": 1,
              "Actual Loops": 4,
              "Plans": [
                {
                  "Node Type": "Bitmap Heap Scan",
                  "Parent Relationship": "Outer",
                  "Parallel Aware": true,
                  "Relation Name": "movie_keyword",
                  "Alias": "mk",
                  "Startup Cost": 5174.68,
                  "Total Cost": 30612.16,
                  "Plan Rows": 78678,
                  "Plan Width": 0,
                  "Actual Startup Time": 19.775,
                  "Actual Total Time": 71.539,
                  "Actual Rows": 61798,
                  "Actual Loops": 4,
                  "Recheck Cond": "(keyword_id > 60892)",
                  "Rows Removed by Index Recheck": 0,
                  "Exact Heap Blocks": 9125,
                  "Lossy Heap Blocks": 0,
                  "Plans": [
                    {
                      "Node Type": "Bitmap Index Scan",
                      "Parent Relationship": "Outer",
                      "Parallel Aware": false,
                      "Index Name": "keyword_id_movie_keyword",
                      "Startup Cost": 0.0,
                      "Total Cost": 5113.7,
                      "Plan Rows": 243903,
                      "Plan Width": 0,
                      "Actual Startup Time": 20.868,
                      "Actual Total Time": 20.868,
                      "Actual Rows": 247193,
                      "Actual Loops": 1,
                      "Index Cond": "(keyword_id > 60892)"
                    }
                  ]
                }
              ]
            }
          ]
        }
      ]
    },
    "Planning Time": 0.094,
    "Triggers": [],
    "Execution Time": 88.098
  }
]