[
  {
    "Plan": {
      "Node Type": "Aggregate",
      "Strategy": "Plain",
      "Partial Mode": "Finalize",
      "Parallel Aware": false,
      "Startup Cost": 46066.92,
      "Total Cost": 46066.93,
      "Plan Rows": 1,
      "Plan Width": 8,
      "Actual Startup Time": 147.263,
      "Actual Total Time": 157.837,
      "Actual Rows": 1,
      "Actual Loops": 1,
      "Plans": [
        {
          "Node Type": "Gather",
          "Parent Relationship": "Outer",
          "Parallel Aware": false,
          "Startup Cost": 46066.6,
          "Total Cost": 46066.91,
          "Plan Rows": 3,
          "Plan Width": 8,
          "Actual Startup Time": 147.154,
          "Actual Total Time": 157.828,
          "Actual Rows": 4,
          "Actual Loops": 1,
          "Workers Planned": 3,
          "Workers Launched": 3,
          "Single Copy": false,
          "Plans": [
            {
              "Node Type": "Aggregate",
              "Strategy": "Plain",
              "Partial Mode": "Partial",
              "Parent Relationship": "Outer",
              "Parallel Aware": false,
              "Startup Cost": 45066.6,
              "Total Cost": 45066.61,
              "Plan Rows": 1,
              "Plan Width": 8,
              "Actual Startup Time": 141.419,
              "Actual Total Time": 141.42,
              "Actual Rows": 1,
              "Actual Loops": 4,
              "Plans": [
                {
                  "Node Type": "Seq Scan",
                  "Parent Relationship": "Outer",
                  "Parallel Aware": true,
                  "Relation Name": "movie_keyword",
                  "Alias": "mk",
                  "Startup Cost": 0.0,
                  "Total Cost": 42695.65,
                  "Plan Rows": 948378,
                  "Plan Width": 0,
                  "Actual Startup Time": 0.167,
                  "Actual Total Time": 110.316,
                  "Actual Rows": 734814,
                  "Actual Loops": 4,
                  "Filter": "(keyword_id > 2414)",
                  "Rows Removed by Filter": 396169
                }
              ]
            }
          ]
        }
      ]
    },
    "Planning Time": 0.184,
    "Triggers": [],
    "Execution Time": 157.898
  }
]