[
  {
    "Plan": {
      "Node Type": "Aggregate",
      "Strategy": "Plain",
      "Partial Mode": "Finalize",
      "Parallel Aware": false,
      "Startup Cost": 257267.71,
      "Total Cost": 257267.72,
      "Plan Rows": 1,
      "Plan Width": 8,
      "Actual Startup Time": 472.238,
      "Actual Total Time": 493.164,
      "Actual Rows": 1,
      "Actual Loops": 1,
      "Plans": [
        {
          "Node Type": "Gather",
          "Parent Relationship": "Outer",
          "Parallel Aware": false,
          "Startup Cost": 257267.08,
          "Total Cost": 257267.69,
          "Plan Rows": 6,
          "Plan Width": 8,
          "Actual Startup Time": 470.881,
          "Actual Total Time": 493.155,
          "Actual Rows": 7,
          "Actual Loops": 1,
          "Workers Planned": 6,
          "Workers Launched": 6,
          "Single Copy": false,
          "Plans": [
            {
              "Node Type": "Aggregate",
              "Strategy": "Plain",
              "Partial Mode": "Partial",
              "Parent Relationship": "Outer",
              "Parallel Aware": false,
              "Startup Cost": 256267.08,
              "Total Cost": 256267.09,
              "Plan Rows": 1,
              "Plan Width": 8,
              "Actual Startup Time": 460.473,
              "Actual Total Time": 460.476,
              "Actual Rows": 1,
              "Actual Loops": 7,
              "Plans": [
                {
                  "Node Type": "Hash Join",
                  "Parent Relationship": "Outer",
                  "Parallel Aware": true,
                  "Join Type": "Inner",
                  "Startup Cost": 44446.07,
                  "Total Cost": 256095.19,
                  "Plan Rows": 68756,
                  "Plan Width": 0,
                  "Actual Startup Time": 85.294,
                  "Actual Total Time": 459.255,
                  "Actual Rows": 22523,
                  "Actual Loops": 7,
                  "Inner Unique": true,
                  "Hash Cond": "(ci.movie_id = t.id)",
                  "Plans": [
                    {
                      "Node Type": "Index Scan",
                      "Parent Relationship": "Outer",
                      "Parallel Aware": true,
                      "Scan Direction": "Forward",
                      "Index Name": "role_id_cast_info",
                      "Relation Name": "cast_info",
                      "Alias": "ci",
                      "Startup Cost": 0.56,
                      "Total Cost": 209040.78,
                      "Plan Rows": 993868,
                      "Plan Width": 4,
                      "Actual Startup Time": 0.177,
                      "Actual Total Time": 229.57,
                      "Actual Rows": 976470,
                      "Actual Loops": 7,
                      "Index Cond": "(role_id > 6)",
                      "Rows Removed by Index Recheck": 0,
                      "Filter": "(person_id > 844793)",
                      "Rows Removed by Filter": 125336
                    },
                    {
                      "Node Type": "Hash",
                      "Parent Relationship": "Inner",
                      "Parallel Aware": true,
                      "Startup Cost": 43898.92,
                      "Total Cost": 43898.92,
                      "Plan Rows": 43727,
                      "Plan Width": 4,
                      "Actual Startup Time": 83.129,
                      "Actual Total Time": 83.131,
                      "Actual Rows": 25851,
                      "Actual Loops": 7,
                      "Hash Buckets": 262144,
                      "Original Hash Buckets": 262144,
                      "Hash Batches": 1,
                      "Original Hash Batches": 1,
                      "Peak Memory Usage": 9280,
                      "Plans": [
                        {
                          "Node Type": "Seq Scan",
                          "Parent Relationship": "Outer",
                          "Parallel Aware": true,
                          "Relation Name": "title",
                          "Alias": "t",
                          "Startup Cost": 0.0,
                          "Total Cost": 43898.92,
                          "Plan Rows": 43727,
                          "Plan Width": 4,
                          "Actual Startup Time": 0.083,
                          "Actual Total Time": 72.633,
                          "Actual Rows": 25851,
                          "Actual Loops": 7,
                          "Filter": "(production_year < 1953)",
                          "Rows Removed by Filter": 335337
                        }
                      ]
                    }
                  ]
                }
              ]
            }
          ]
        }
      ]
    },
    "Planning Time": 0.51,
    "Triggers": [],
    "Execution Time": 493.227
  }
]