[
  {
    "Plan": {
      "Node Type": "Aggregate",
      "Strategy": "Plain",
      "Partial Mode": "Finalize",
      "Parallel Aware": false,
      "Startup Cost": 335962.86,
      "Total Cost": 335962.87,
      "Plan Rows": 1,
      "Plan Width": 8,
      "Actual Startup Time": 703.418,
      "Actual Total Time": 752.604,
      "Actual Rows": 1,
      "Actual Loops": 1,
      "Plans": [
        {
          "Node Type": "Gather",
          "Parent Relationship": "Outer",
          "Parallel Aware": false,
          "Startup Cost": 335962.24,
          "Total Cost": 335962.85,
          "Plan Rows": 6,
          "Plan Width": 8,
          "Actual Startup Time": 703.231,
          "Actual Total Time": 752.593,
          "Actual Rows": 7,
          "Actual Loops": 1,
          "Workers Planned": 6,
          "Workers Launched": 6,
          "Single Copy": false,
          "Plans": [
            {
              "Node Type": "Aggregate",
              "Strategy": "Plain",
              "Partial Mode": "Partial",
              "Parent Relationship": "Outer",
              "Parallel Aware": false,
              "Startup Cost": 334962.24,
              "Total Cost": 334962.25,
              "Plan Rows": 1,
              "Plan Width": 8,
              "Actual Startup Time": 694.824,
              "Actual Total Time": 694.826,
              "Actual Rows": 1,
              "Actual Loops": 7,
              "Plans": [
                {
                  "Node Type": "Seq Scan",
                  "Parent Relationship": "Outer",
                  "Parallel Aware": true,
                  "Relation Name": "cast_info",
                  "Alias": "ci",
                  "Startup Cost": 0.0,
                  "Total Cost": 328211.39,
                  "Plan Rows": 2700339,
                  "Plan Width": 0,
                  "Actual Startup Time": 224.354,
                  "Actual Total Time": 583.756,
                  "Actual Rows": 2276648,
                  "Actual Loops": 7,
                  "Filter": "(person_id > 2040698)",
                  "Rows Removed by Filter": 2901115
                }
              ]
            }
          ]
        }
      ]
    },
    "Planning Time": 0.12,
    "Triggers": [],
    "Execution Time": 752.649
  }
]