{
  "Plan": {
    "Node Type": "Aggregate",
    "Strategy": "Plain",
    "Partial Mode": "Finalize",
    "Parallel Aware": false,
    "Startup Cost": 637019.01,
    "Total Cost": 637019.02,
    "Plan Rows": 1,
    "Plan Width": 8,
    "Actual Startup Time": 6016.233,
    "Actual Total Time": 6065.3,
    "Actual Rows": 1,
    "Actual Loops": 1,
    "Plans": [
      {
        "Node Type": "Gather",
        "Parent Relationship": "Outer",
        "Parallel Aware": false,
        "Startup Cost": 637018.89,
        "Total Cost": 637019.0,
        "Plan Rows": 1,
        "Plan Width": 8,
        "Actual Startup Time": 6015.385,
        "Actual Total Time": 6065.293,
        "Actual Rows": 2,
        "Actual Loops": 1,
        "Workers Planned": 1,
        "Workers Launched": 1,
        "Single Copy": false,
        "Plans": [
          {
            "Node Type": "Aggregate",
            "Strategy": "Plain",
            "Partial Mode": "Partial",
            "Parent Relationship": "Outer",
            "Parallel Aware": false,
            "Startup Cost": 636018.89,
            "Total Cost": 636018.9,
            "Plan Rows": 1,
            "Plan Width": 8,
            "Actual Startup Time": 6012.906,
            "Actual Total Time": 6012.909,
            "Actual Rows": 1,
            "Actual Loops": 2,
            "Plans": [
              {
                "Node Type": "Hash Join",
                "Parent Relationship": "Outer",
                "Parallel Aware": true,
                "Join Type": "Inner",
                "Startup Cost": 57504.2,
                "Total Cost": 626535.55,
                "Plan Rows": 3793339,
                "Plan Width": 0,
                "Actual Startup Time": 160.841,
                "Actual Total Time": 5853.458,
                "Actual Rows": 3708849,
                "Actual Loops": 2,
                "Inner Unique": true,
                "Hash Cond": "(ci.movie_id = t.id)",
                "Plans": [
                  {
                    "Node Type": "Seq Scan",
                    "Parent Relationship": "Outer",
                    "Parallel Aware": true,
                    "Relation Name": "cast_info",
                    "Alias": "ci",
                    "Startup Cost": 0.0,
                    "Total Cost": 519069.44,
                    "Plan Rows": 19033075,
                    "Plan Width": 4,
                    "Actual Startup Time": 0.017,
                    "Actual Total Time": 1694.052,
                    "Actual Rows": 16273862,
                    "Actual Loops": 2,
                    "Filter": "(person_id < 3390151)",
                    "Rows Removed by Filter": 1848310
                  },
                  {
                    "Node Type": "Hash",
                    "Parent Relationship": "Inner",
                    "Parallel Aware": true,
                    "Startup Cost": 53799.08,
                    "Total Cost": 53799.08,
                    "Plan Rows": 296409,
                    "Plan Width": 4,
                    "Actual Startup Time": 157.823,
                    "Actual Total Time": 157.824,
                    "Actual Rows": 262064,
                    "Actual Loops": 2,
                    "Hash Buckets": 524288,
                    "Original Hash Buckets": 524288,
                    "Hash Batches": 1,
                    "Original Hash Batches": 1,
                    "Peak Memory Usage": 24640,
                    "Plans": [
                      {
                        "Node Type": "Bitmap Heap Scan",
                        "Parent Relationship": "Outer",
                        "Parallel Aware": true,
                        "Relation Name": "title",
                        "Alias": "t",
                        "Startup Cost": 11948.82,
                        "Total Cost": 53799.08,
                        "Plan Rows": 296409,
                        "Plan Width": 4,
                        "Actual Startup Time": 30.949,
                        "Actual Total Time": 99.743,
                        "Actual Rows": 262064,
                        "Actual Loops": 2,
                        "Recheck Cond": "(kind_id = 1)",
                        "Rows Removed by Index Recheck": 0,
                        "Filter": "(production_year < 2010)",
                        "Rows Removed by Filter": 69348,
                        "Exact Heap Blocks": 7835,
                        "Lossy Heap Blocks": 0,
                        "Plans": [
                          {
                            "Node Type": "Bitmap Index Scan",
                            "Parent Relationship": "Outer",
                            "Parallel Aware": false,
                            "Index Name": "kind_id_title",
                            "Startup Cost": 0.0,
                            "Total Cost": 11822.85,
                            "Plan Rows": 663256,
                            "Plan Width": 0,
                            "Actual Startup Time": 28.994,
                            "Actual Total Time": 28.994,
                            "Actual Rows": 662825,
                            "Actual Loops": 1,
                            "Index Cond": "(kind_id = 1)"
                          }
                        ]
                      }
                    ]
                  }
                ]
              }
            ]
          }
        ]
      }
    ]
  },
  "Planning Time": 0.344,
  "Triggers": [],
  "Execution Time": 6065.368
}