{
  "Plan": {
    "Node Type": "Aggregate",
    "Strategy": "Plain",
    "Partial Mode": "Finalize",
    "Parallel Aware": false,
    "Startup Cost": 204008.83,
    "Total Cost": 204008.84,
    "Plan Rows": 1,
    "Plan Width": 8,
    "Actual Startup Time": 613.365,
    "Actual Total Time": 635.748,
    "Actual Rows": 1,
    "Actual Loops": 1,
    "Plans": [
      {
        "Node Type": "Gather",
        "Parent Relationship": "Outer",
        "Parallel Aware": false,
        "Startup Cost": 204008.72,
        "Total Cost": 204008.83,
        "Plan Rows": 1,
        "Plan Width": 8,
        "Actual Startup Time": 613.186,
        "Actual Total Time": 635.739,
        "Actual Rows": 2,
        "Actual Loops": 1,
        "Workers Planned": 1,
        "Workers Launched": 1,
        "Single Copy": false,
        "Plans": [
          {
            "Node Type": "Aggregate",
            "Strategy": "Plain",
            "Partial Mode": "Partial",
            "Parent Relationship": "Outer",
            "Parallel Aware": false,
            "Startup Cost": 203008.72,
            "Total Cost": 203008.73,
            "Plan Rows": 1,
            "Plan Width": 8,
            "Actual Startup Time": 609.167,
            "Actual Total Time": 609.171,
            "Actual Rows": 1,
            "Actual Loops": 2,
            "Plans": [
              {
                "Node Type": "Nested Loop",
                "Parent Relationship": "Outer",
                "Parallel Aware": false,
                "Join Type": "Inner",
                "Startup Cost": 58326.67,
                "Total Cost": 203004.92,
                "Plan Rows": 1519,
                "Plan Width": 0,
                "Actual Startup Time": 476.854,
                "Actual Total Time": 609.164,
                "Actual Rows": 2,
                "Actual Loops": 2,
                "Inner Unique": false,
                "Join Filter": "(t.id = mk.movie_id)",
                "Rows Removed by Join Filter": 0,
                "Plans": [
                  {
                    "Node Type": "Hash Join",
                    "Parent Relationship": "Outer",
                    "Parallel Aware": true,
                    "Join Type": "Inner",
                    "Startup Cost": 58326.23,
                    "Total Cost": 201380.66,
                    "Plan Rows": 849,
                    "Plan Width": 8,
                    "Actual Startup Time": 208.944,
                    "Actual Total Time": 609.042,
                    "Actual Rows": 2,
                    "Actual Loops": 2,
                    "Inner Unique": true,
                    "Hash Cond": "(ci.movie_id = t.id)",
                    "Plans": [
                      {
                        "Node Type": "Index Scan",
                        "Parent Relationship": "Outer",
                        "Parallel Aware": true,
                        "Scan Direction": "Forward",
                        "Index Name": "role_id_cast_info",
                        "Relation Name": "cast_info",
                        "Alias": "ci",
                        "Startup Cost": 0.56,
                        "Total Cost": 140896.75,
                        "Plan Rows": 822186,
                        "Plan Width": 4,
                        "Actual Startup Time": 0.144,
                        "Actual Total Time": 331.85,
                        "Actual Rows": 1686150,
                        "Actual Loops": 2,
                        "Index Cond": "(role_id = 10)",
                        "Rows Removed by Index Recheck": 0,
                        "Filter": "(person_id > 2548958)",
                        "Rows Removed by Filter": 475358
                      },
                      {
                        "Node Type": "Hash",
                        "Parent Relationship": "Inner",
                        "Parallel Aware": true,
                        "Startup Cost": 58306.47,
                        "Total Cost": 58306.47,
                        "Plan Rows": 1536,
                        "Plan Width": 4,
                        "Actual Startup Time": 136.365,
                        "Actual Total Time": 136.366,
                        "Actual Rows": 2972,
                        "Actual Loops": 2,
                        "Hash Buckets": 8192,
                        "Original Hash Buckets": 4096,
                        "Hash Batches": 1,
                        "Original Hash Batches": 1,
                        "Peak Memory Usage": 384,
                        "Plans": [
                          {
                            "Node Type": "Seq Scan",
                            "Parent Relationship": "Outer",
                            "Parallel Aware": true,
                            "Relation Name": "title",
                            "Alias": "t",
                            "Startup Cost": 0.0,
                            "Total Cost": 58306.47,
                            "Plan Rows": 1536,
                            "Plan Width": 4,
                            "Actual Startup Time": 89.57,
                            "Actual Total Time": 133.851,
                            "Actual Rows": 2972,
                            "Actual Loops": 2,
                            "Filter": "((kind_id < 7) AND (production_year = 1911))",
                            "Rows Removed by Filter": 1261184
                          }
                        ]
                      }
                    ]
                  },
                  {
                    "Node Type": "Index Only Scan",
                    "Parent Relationship": "Inner",
                    "Parallel Aware": false,
                    "Scan Direction": "Forward",
                    "Index Name": "movie_id_movie_keyword",
                    "Relation Name": "movie_keyword",
                    "Alias": "mk",
                    "Startup Cost": 0.43,
                    "Total Cost": 1.35,
                    "Plan Rows": 45,
                    "Plan Width": 4,
                    "Actual Startup Time": 0.055,
                    "Actual Total Time": 0.056,
                    "Actual Rows": 1,
                    "Actual Loops": 4,
                    "Index Cond": "(movie_id = ci.movie_id)",
                    "Rows Removed by Index Recheck": 0,
                    "Heap Fetches": 5
                  }
                ]
              }
            ]
          }
        ]
      }
    ]
  },
  "Planning Time": 0.98,
  "Triggers": [],
  "Execution Time": 635.843
}