[
  {
    "Plan": {
      "Node Type": "Aggregate",
      "Strategy": "Plain",
      "Partial Mode": "Finalize",
      "Parallel Aware": false,
      "Startup Cost": 32386.31,
      "Total Cost": 32386.32,
      "Plan Rows": 1,
      "Plan Width": 8,
      "Actual Startup Time": 101.772,
      "Actual Total Time": 110.36,
      "Actual Rows": 1,
      "Actual Loops": 1,
      "Plans": [
        {
          "Node Type": "Gather",
          "Parent Relationship": "Outer",
          "Parallel Aware": false,
          "Startup Cost": 32385.99,
          "Total Cost": 32386.3,
          "Plan Rows": 3,
          "Plan Width": 8,
          "Actual Startup Time": 101.671,
          "Actual Total Time": 110.353,
          "Actual Rows": 4,
          "Actual Loops": 1,
          "Workers Planned": 3,
          "Workers Launched": 3,
          "Single Copy": false,
          "Plans": [
            {
              "Node Type": "Aggregate",
              "Strategy": "Plain",
              "Partial Mode": "Partial",
              "Parent Relationship": "Outer",
              "Parallel Aware": false,
              "Startup Cost": 31385.99,
              "Total Cost": 31386.0,
              "Plan Rows": 1,
              "Plan Width": 8,
              "Actual Startup Time": 98.562,
              "Actual Total Time": 98.563,
              "Actual Rows": 1,
              "Actual Loops": 4,
              "Plans": [
                {
                  "Node Type": "Seq Scan",
                  "Parent Relationship": "Outer",
                  "Parallel Aware": true,
                  "Relation Name": "movie_companies",
                  "Alias": "mc",
                  "Startup Cost": 0.0,
                  "Total Cost": 29310.68,
                  "Plan Rows": 830125,
                  "Plan Width": 0,
                  "Actual Startup Time": 0.015,
                  "Actual Total Time": 72.146,
                  "Actual Rows": 643474,
                  "Actual Loops": 4,
                  "Filter": "(company_id < 203340)",
                  "Rows Removed by Filter": 8809
                }
              ]
            }
          ]
        }
      ]
    },
    "Planning Time": 0.101,
    "Triggers": [],
    "Execution Time": 110.383
  }
]