{
  "Plan": {
    "Node Type": "Aggregate",
    "Strategy": "Plain",
    "Partial Mode": "Finalize",
    "Parallel Aware": false,
    "Startup Cost": 155116.92,
    "Total Cost": 155116.93,
    "Plan Rows": 1,
    "Plan Width": 8,
    "Actual Startup Time": 206.245,
    "Actual Total Time": 236.347,
    "Actual Rows": 1,
    "Actual Loops": 1,
    "Plans": [
      {
        "Node Type": "Gather",
        "Parent Relationship": "Outer",
        "Parallel Aware": false,
        "Startup Cost": 155116.81,
        "Total Cost": 155116.92,
        "Plan Rows": 1,
        "Plan Width": 8,
        "Actual Startup Time": 206.12,
        "Actual Total Time": 236.341,
        "Actual Rows": 2,
        "Actual Loops": 1,
        "Workers Planned": 1,
        "Workers Launched": 1,
        "Single Copy": false,
        "Plans": [
          {
            "Node Type": "Aggregate",
            "Strategy": "Plain",
            "Partial Mode": "Partial",
            "Parent Relationship": "Outer",
            "Parallel Aware": false,
            "Startup Cost": 154116.81,
            "Total Cost": 154116.82,
            "Plan Rows": 1,
            "Plan Width": 8,
            "Actual Startup Time": 200.125,
            "Actual Total Time": 200.126,
            "Actual Rows": 1,
            "Actual Loops": 2,
            "Plans": [
              {
                "Node Type": "Nested Loop",
                "Parent Relationship": "Outer",
                "Parallel Aware": false,
                "Join Type": "Inner",
                "Startup Cost": 0.56,
                "Total Cost": 154092.68,
                "Plan Rows": 9651,
                "Plan Width": 0,
                "Actual Startup Time": 2.219,
                "Actual Total Time": 198.747,
                "Actual Rows": 20082,
                "Actual Loops": 2,
                "Inner Unique": false,
                "Plans": [
                  {
                    "Node Type": "Seq Scan",
                    "Parent Relationship": "Outer",
                    "Parallel Aware": true,
                    "Relation Name": "title",
                    "Alias": "t",
                    "Startup Cost": 0.0,
                    "Total Cost": 58306.47,
                    "Plan Rows": 674,
                    "Plan Width": 4,
                    "Actual Startup Time": 1.984,
                    "Actual Total Time": 132.806,
                    "Actual Rows": 1689,
                    "Actual Loops": 2,
                    "Filter": "((kind_id < 7) AND (production_year > 2013))",
                    "Rows Removed by Filter": 1262467
                  },
                  {
                    "Node Type": "Index Only Scan",
                    "Parent Relationship": "Inner",
                    "Parallel Aware": false,
                    "Scan Direction": "Forward",
                    "Index Name": "movie_id_cast_info",
                    "Relation Name": "cast_info",
                    "Alias": "ci",
                    "Startup Cost": 0.56,
                    "Total Cost": 141.75,
                    "Plan Rows": 37,
                    "Plan Width": 4,
                    "Actual Startup Time": 0.01,
                    "Actual Total Time": 0.038,
                    "Actual Rows": 12,
                    "Actual Loops": 3378,
                    "Index Cond": "(movie_id = t.id)",
                    "Rows Removed by Index Recheck": 0,
                    "Heap Fetches": 40164
                  }
                ]
              }
            ]
          }
        ]
      }
    ]
  },
  "Planning Time": 0.458,
  "Triggers": [],
  "Execution Time": 236.424
}