[
  {
    "Plan": {
      "Node Type": "Aggregate",
      "Strategy": "Plain",
      "Partial Mode": "Simple",
      "Parallel Aware": false,
      "Startup Cost": 3859.07,
      "Total Cost": 3859.08,
      "Plan Rows": 1,
      "Plan Width": 64,
      "Actual Startup Time": 455.291,
      "Actual Total Time": 455.296,
      "Actual Rows": 1,
      "Actual Loops": 1,
      "Plans": [
        {
          "Node Type": "Nested Loop",
          "Parent Relationship": "Outer",
          "Parallel Aware": false,
          "Join Type": "Inner",
          "Startup Cost": 13.07,
          "Total Cost": 3859.06,
          "Plan Rows": 1,
          "Plan Width": 15,
          "Actual Startup Time": 455.287,
          "Actual Total Time": 455.291,
          "Actual Rows": 0,
          "Actual Loops": 1,
          "Inner Unique": true,
          "Plans": [
            {
              "Node Type": "Nested Loop",
              "Parent Relationship": "Outer",
              "Parallel Aware": false,
              "Join Type": "Inner",
              "Startup Cost": 12.64,
              "Total Cost": 3858.61,
              "Plan Rows": 1,
              "Plan Width": 27,
              "Actual Startup Time": 455.286,
              "Actual Total Time": 455.29,
              "Actual Rows": 0,
              "Actual Loops": 1,
              "Inner Unique": true,
              "Plans": [
                {
                  "Node Type": "Nested Loop",
                  "Parent Relationship": "Outer",
                  "Parallel Aware": false,
                  "Join Type": "Inner",
                  "Startup Cost": 12.21,
                  "Total Cost": 3858.15,
                  "Plan Rows": 1,
                  "Plan Width": 16,
                  "Actual Startup Time": 455.285,
                  "Actual Total Time": 455.289,
                  "Actual Rows": 0,
                  "Actual Loops": 1,
                  "Inner Unique": false,
                  "Plans": [
                    {
                      "Node Type": "Nested Loop",
                      "Parent Relationship": "Outer",
                      "Parallel Aware": false,
                      "Join Type": "Inner",
                      "Startup Cost": 11.65,
                      "Total Cost": 3856.29,
                      "Plan Rows": 1,
                      "Plan Width": 8,
                      "Actual Startup Time": 455.285,
                      "Actual Total Time": 455.288,
                      "Actual Rows": 0,
                      "Actual Loops": 1,
                      "Inner Unique": true,
                      "Plans": [
                        {
                          "Node Type": "Nested Loop",
                          "Parent Relationship": "Outer",
                          "Parallel Aware": false,
                          "Join Type": "Inner",
                          "Startup Cost": 11.23,
                          "Total Cost": 3778.24,
                          "Plan Rows": 175,
                          "Plan Width": 12,
                          "Actual Startup Time": 9.686,
                          "Actual Total Time": 212.241,
                          "Actual Rows": 148552,
                          "Actual Loops": 1,
                          "Inner Unique": false,
                          "Plans": [
                            {
                              "Node Type": "Nested Loop",
                              "Parent Relationship": "Outer",
                              "Parallel Aware": false,
                              "Join Type": "Inner",
                              "Startup Cost": 10.8,
                              "Total Cost": 3758.1,
                              "Plan Rows": 34,
                              "Plan Width": 4,
                              "Actual Startup Time": 9.629,
                              "Actual Total Time": 58.335,
                              "Actual Rows": 41840,
                              "Actual Loops": 1,
                              "Inner Unique": false,
                              "Plans": [
                                {
                                  "Node Type": "Seq Scan",
                                  "Parent Relationship": "Outer",
                                  "Parallel Aware": false,
                                  "Relation Name": "keyword",
                                  "Alias": "k",
                                  "Startup Cost": 0.0,
                                  "Total Cost": 2626.12,
                                  "Plan Rows": 1,
                                  "Plan Width": 4,
                                  "Actual Startup Time": 1.097,
                                  "Actual Total Time": 8.967,
                                  "Actual Rows": 1,
                                  "Actual Loops": 1,
                                  "Filter": "(keyword = 'character-name-in-title'::text)",
                                  "Rows Removed by Filter": 134169
                                },
                                {
                                  "Node Type": "Bitmap Heap Scan",
                                  "Parent Relationship": "Inner",
                                  "Parallel Aware": false,
                                  "Relation Name": "movie_keyword",
                                  "Alias": "mk",
                                  "Startup Cost": 10.8,
                                  "Total Cost": 1128.92,
                                  "Plan Rows": 305,
                                  "Plan Width": 8,
                                  "Actual Startup Time": 8.524,
                                  "Actual Total Time": 44.932,
                                  "Actual Rows": 41840,
                                  "Actual Loops": 1,
                                  "Recheck Cond": "(keyword_id = k.id)",
                                  "Rows Removed by Index Recheck": 0,
                                  "Exact Heap Blocks": 11541,
                                  "Lossy Heap Blocks": 0,
                                  "Plans": [
                                    {
                                      "Node Type": "Bitmap Index Scan",
                                      "Parent Relationship": "Outer",
                                      "Parallel Aware": false,
                                      "Index Name": "keyword_id_movie_keyword",
                                      "Startup Cost": 0.0,
                                      "Total Cost": 10.72,
                                      "Plan Rows": 305,
                                      "Plan Width": 0,
                                      "Actual Startup Time": 5.962,
                                      "Actual Total Time": 5.963,
                                      "Actual Rows": 41840,
                                      "Actual Loops": 1,
                                      "Index Cond": "(keyword_id = k.id)"
                                    }
                                  ]
                                }
                              ]
                            },
                            {
                              "Node Type": "Index Scan",
                              "Parent Relationship": "Inner",
                              "Parallel Aware": false,
                              "Scan Direction": "Forward",
                              "Index Name": "movie_id_movie_companies",
                              "Relation Name": "movie_companies",
                              "Alias": "mc",
                              "Startup Cost": 0.43,
                              "Total Cost": 0.54,
                              "Plan Rows": 5,
                              "Plan Width": 8,
                              "Actual Startup Time": 0.002,
                              "Actual Total Time": 0.003,
                              "Actual Rows": 4,
                              "Actual Loops": 41840,
                              "Index Cond": "(movie_id = mk.movie_id)",
                              "Rows Removed by Index Recheck": 0
                            }
                          ]
                        },
                        {
                          "Node Type": "Index Scan",
                          "Parent Relationship": "Inner",
                          "Parallel Aware": false,
                          "Scan Direction": "Forward",
                          "Index Name": "company_name_pkey",
                          "Relation Name": "company_name",
                          "Alias": "cn",
                          "Startup Cost": 0.42,
                          "Total Cost": 0.45,
                          "Plan Rows": 1,
                          "Plan Width": 4,
                          "Actual Startup Time": 0.001,
                          "Actual Total Time": 0.001,
                          "Actual Rows": 0,
                          "Actual Loops": 148552,
                          "Index Cond": "(id = mc.company_id)",
                          "Rows Removed by Index Recheck": 0,
                          "Filter": "((country_code)::text = '[sm]'::text)",
                          "Rows Removed by Filter": 1
                        }
                      ]
                    },
                    {
                      "Node Type": "Index Scan",
                      "Parent Relationship": "Inner",
                      "Parallel Aware": false,
                      "Scan Direction": "Forward",
                      "Index Name": "movie_id_cast_info",
                      "Relation Name": "cast_info",
                      "Alias": "ci",
                      "Startup Cost": 0.56,
                      "Total Cost": 1.52,
                      "Plan Rows": 35,
                      "Plan Width": 8,
                      "Actual Startup Time": 0.0,
                      "Actual Total Time": 0.0,
                      "Actual Rows": 0,
                      "Actual Loops": 0,
                      "Index Cond": "(movie_id = mk.movie_id)",
                      "Rows Removed by Index Recheck": 0
                    }
                  ]
                },
                {
                  "Node Type": "Index Scan",
                  "Parent Relationship": "Inner",
                  "Parallel Aware": false,
                  "Scan Direction": "Forward",
                  "Index Name": "name_pkey",
                  "Relation Name": "name",
                  "Alias": "n",
                  "Startup Cost": 0.43,
                  "Total Cost": 0.46,
                  "Plan Rows": 1,
                  "Plan Width": 19,
                  "Actual Startup Time": 0.0,
                  "Actual Total Time": 0.0,
                  "Actual Rows": 0,
                  "Actual Loops": 0,
                  "Index Cond": "(id = ci.person_id)",
                  "Rows Removed by Index Recheck": 0,
                  "Filter": "(name ~~ 'J%'::text)",
                  "Rows Removed by Filter": 0
                }
              ]
            },
            {
              "Node Type": "Index Only Scan",
              "Parent Relationship": "Inner",
              "Parallel Aware": false,
              "Scan Direction": "Forward",
              "Index Name": "title_pkey",
              "Relation Name": "title",
              "Alias": "t",
              "Startup Cost": 0.43,
              "Total Cost": 0.45,
              "Plan Rows": 1,
              "Plan Width": 4,
              "Actual Startup Time": 0.0,
              "Actual Total Time": 0.0,
              "Actual Rows": 0,
              "Actual Loops": 0,
              "Index Cond": "(id = ci.movie_id)",
              "Rows Removed by Index Recheck": 0,
              "Heap Fetches": 0
            }
          ]
        }
      ]
    },
    "Planning Time": 14.395,
    "Triggers": [],
    "Execution Time": 455.876
  }
]