{
    "Plan": {
        "Node Type": "Aggregate",
        "Strategy": "Plain",
        "Partial Mode": "Finalize",
        "Parallel Aware": false,
        "Startup Cost": 377741.38,
        "Total Cost": 377741.39,
        "Plan Rows": 1,
        "Plan Width": 8,
        "Actual Startup Time": 830.354,
        "Actual Total Time": 883.649,
        "Actual Rows": 1,
        "Actual Loops": 1,
        "Output": [
            "count(*)"
        ],
        "Plans": [
            {
                "Node Type": "Gather",
                "Parent Relationship": "Outer",
                "Parallel Aware": false,
                "Startup Cost": 377740.96,
                "Total Cost": 377741.37,
                "Plan Rows": 4,
                "Plan Width": 8,
                "Actual Startup Time": 829.3,
                "Actual Total Time": 883.624,
                "Actual Rows": 5,
                "Actual Loops": 1,
                "Output": [
                    "(PARTIAL count(*))"
                ],
                "Workers Planned": 4,
                "Workers Launched": 4,
                "Single Copy": false,
                "Plans": [
                    {
                        "Node Type": "Aggregate",
                        "Strategy": "Plain",
                        "Partial Mode": "Partial",
                        "Parent Relationship": "Outer",
                        "Parallel Aware": false,
                        "Startup Cost": 376740.96,
                        "Total Cost": 376740.97,
                        "Plan Rows": 1,
                        "Plan Width": 8,
                        "Actual Startup Time": 819.647,
                        "Actual Total Time": 819.65,
                        "Actual Rows": 1,
                        "Actual Loops": 5,
                        "Output": [
                            "PARTIAL count(*)"
                        ],
                        "Workers": [
                            {
                                "Worker Number": 0,
                                "Actual Startup Time": 816.909,
                                "Actual Total Time": 816.912,
                                "Actual Rows": 1,
                                "Actual Loops": 1
                            },
                            {
                                "Worker Number": 1,
                                "Actual Startup Time": 817.718,
                                "Actual Total Time": 817.721,
                                "Actual Rows": 1,
                                "Actual Loops": 1
                            },
                            {
                                "Worker Number": 2,
                                "Actual Startup Time": 817.391,
                                "Actual Total Time": 817.395,
                                "Actual Rows": 1,
                                "Actual Loops": 1
                            },
                            {
                                "Worker Number": 3,
                                "Actual Startup Time": 817.718,
                                "Actual Total Time": 817.72,
                                "Actual Rows": 1,
                                "Actual Loops": 1
                            }
                        ],
                        "Plans": [
                            {
                                "Node Type": "Hash Join",
                                "Parent Relationship": "Outer",
                                "Parallel Aware": true,
                                "Join Type": "Inner",
                                "Startup Cost": 328824.64,
                                "Total Cost": 376629.83,
                                "Plan Rows": 44453,
                                "Plan Width": 0,
                                "Actual Startup Time": 681.183,
                                "Actual Total Time": 817.91,
                                "Actual Rows": 32417,
                                "Actual Loops": 5,
                                "Inner Unique": false,
                                "Hash Cond": "(t.id = ci.movie_id)",
                                "Workers": [
                                    {
                                        "Worker Number": 0,
                                        "Actual Startup Time": 678.534,
                                        "Actual Total Time": 815.191,
                                        "Actual Rows": 34995,
                                        "Actual Loops": 1
                                    },
                                    {
                                        "Worker Number": 1,
                                        "Actual Startup Time": 679.038,
                                        "Actual Total Time": 815.75,
                                        "Actual Rows": 24117,
                                        "Actual Loops": 1
                                    },
                                    {
                                        "Worker Number": 2,
                                        "Actual Startup Time": 679.053,
                                        "Actual Total Time": 815.583,
                                        "Actual Rows": 32263,
                                        "Actual Loops": 1
                                    },
                                    {
                                        "Worker Number": 3,
                                        "Actual Startup Time": 679.262,
                                        "Actual Total Time": 816.01,
                                        "Actual Rows": 35523,
                                        "Actual Loops": 1
                                    }
                                ],
                                "Plans": [
                                    {
                                        "Node Type": "Seq Scan",
                                        "Parent Relationship": "Outer",
                                        "Parallel Aware": true,
                                        "Relation Name": "title",
                                        "Schema": "public",
                                        "Alias": "t",
                                        "Startup Cost": 0.0,
                                        "Total Cost": 43899.01,
                                        "Plan Rows": 383209,
                                        "Plan Width": 4,
                                        "Actual Startup Time": 0.017,
                                        "Actual Total Time": 73.977,
                                        "Actual Rows": 308653,
                                        "Actual Loops": 5,
                                        "Output": [
                                            "t.id",
                                            "t.title",
                                            "t.imdb_index",
                                            "t.kind_id",
                                            "t.production_year",
                                            "t.imdb_id",
                                            "t.phonetic_code",
                                            "t.episode_of_id",
                                            "t.season_nr",
                                            "t.episode_nr",
                                            "t.series_years",
                                            "t.md5sum"
                                        ],
                                        "Filter": "(t.kind_id = 7)",
                                        "Rows Removed by Filter": 197010,
                                        "Workers": [
                                            {
                                                "Worker Number": 0,
                                                "Actual Startup Time": 0.019,
                                                "Actual Total Time": 75.255,
                                                "Actual Rows": 333646,
                                                "Actual Loops": 1
                                            },
                                            {
                                                "Worker Number": 1,
                                                "Actual Startup Time": 0.018,
                                                "Actual Total Time": 77.164,
                                                "Actual Rows": 229329,
                                                "Actual Loops": 1
                                            },
                                            {
                                                "Worker Number": 2,
                                                "Actual Startup Time": 0.019,
                                                "Actual Total Time": 77.265,
                                                "Actual Rows": 307617,
                                                "Actual Loops": 1
                                            },
                                            {
                                                "Worker Number": 3,
                                                "Actual Startup Time": 0.02,
                                                "Actual Total Time": 75.188,
                                                "Actual Rows": 337012,
                                                "Actual Loops": 1
                                            }
                                        ]
                                    },
                                    {
                                        "Node Type": "Hash",
                                        "Parent Relationship": "Inner",
                                        "Parallel Aware": true,
                                        "Startup Cost": 328213.62,
                                        "Total Cost": 328213.62,
                                        "Plan Rows": 48882,
                                        "Plan Width": 4,
                                        "Actual Startup Time": 677.999,
                                        "Actual Total Time": 678.0,
                                        "Actual Rows": 59037,
                                        "Actual Loops": 5,
                                        "Output": [
                                            "ci.movie_id"
                                        ],
                                        "Hash Buckets": 524288,
                                        "Original Hash Buckets": 524288,
                                        "Hash Batches": 1,
                                        "Original Hash Batches": 1,
                                        "Peak Memory Usage": 15712,
                                        "Workers": [
                                            {
                                                "Worker Number": 0,
                                                "Actual Startup Time": 677.738,
                                                "Actual Total Time": 677.739,
                                                "Actual Rows": 55354,
                                                "Actual Loops": 1
                                            },
                                            {
                                                "Worker Number": 1,
                                                "Actual Startup Time": 678.289,
                                                "Actual Total Time": 678.29,
                                                "Actual Rows": 55114,
                                                "Actual Loops": 1
                                            },
                                            {
                                                "Worker Number": 2,
                                                "Actual Startup Time": 678.221,
                                                "Actual Total Time": 678.222,
                                                "Actual Rows": 53639,
                                                "Actual Loops": 1
                                            },
                                            {
                                                "Worker Number": 3,
                                                "Actual Startup Time": 678.583,
                                                "Actual Total Time": 678.584,
                                                "Actual Rows": 55055,
                                                "Actual Loops": 1
                                            }
                                        ],
                                        "Plans": [
                                            {
                                                "Node Type": "Seq Scan",
                                                "Parent Relationship": "Outer",
                                                "Parallel Aware": true,
                                                "Relation Name": "cast_info",
                                                "Schema": "public",
                                                "Alias": "ci",
                                                "Startup Cost": 0.0,
                                                "Total Cost": 328213.62,
                                                "Plan Rows": 48882,
                                                "Plan Width": 4,
                                                "Actual Startup Time": 0.075,
                                                "Actual Total Time": 648.245,
                                                "Actual Rows": 59037,
                                                "Actual Loops": 5,
                                                "Output": [
                                                    "ci.movie_id"
                                                ],
                                                "Filter": "(ci.person_id < 34379)",
                                                "Rows Removed by Filter": 7189832,
                                                "Workers": [
                                                    {
                                                        "Worker Number": 0,
                                                        "Actual Startup Time": 0.075,
                                                        "Actual Total Time": 649.288,
                                                        "Actual Rows": 55354,
                                                        "Actual Loops": 1
                                                    },
                                                    {
                                                        "Worker Number": 1,
                                                        "Actual Startup Time": 0.087,
                                                        "Actual Total Time": 648.957,
                                                        "Actual Rows": 55114,
                                                        "Actual Loops": 1
                                                    },
                                                    {
                                                        "Worker Number": 2,
                                                        "Actual Startup Time": 0.085,
                                                        "Actual Total Time": 649.359,
                                                        "Actual Rows": 53639,
                                                        "Actual Loops": 1
                                                    },
                                                    {
                                                        "Worker Number": 3,
                                                        "Actual Startup Time": 0.1,
                                                        "Actual Total Time": 648.941,
                                                        "Actual Rows": 55055,
                                                        "Actual Loops": 1
                                                    }
                                                ]
                                            }
                                        ]
                                    }
                                ]
                            }
                        ]
                    }
                ]
            }
        ]
    },
    "Planning Time": 0.898,
    "Triggers": [],
    "Execution Time": 883.743
}