[
    {
        "Bao": {
            "Bao prediction": "NaN",
            "Bao recommended hint": "(no hint)"
        }
    },
    {
        "Plan": {
            "Node Type": "Aggregate",
            "Strategy": "Plain",
            "Partial Mode": "Finalize",
            "Parallel Aware": false,
            "Startup Cost": 289221.56,
            "Total Cost": 289221.57,
            "Plan Rows": 1,
            "Plan Width": 8,
            "Actual Startup Time": 1741.198,
            "Actual Total Time": 1766.42,
            "Actual Rows": 1,
            "Actual Loops": 1,
            "Output": [
                "count(*)"
            ],
            "Plans": [
                {
                    "Node Type": "Gather",
                    "Parent Relationship": "Outer",
                    "Parallel Aware": false,
                    "Startup Cost": 289221.04,
                    "Total Cost": 289221.55,
                    "Plan Rows": 5,
                    "Plan Width": 8,
                    "Actual Startup Time": 1731.95,
                    "Actual Total Time": 1766.409,
                    "Actual Rows": 6,
                    "Actual Loops": 1,
                    "Output": [
                        "(PARTIAL count(*))"
                    ],
                    "Workers Planned": 5,
                    "Workers Launched": 5,
                    "Single Copy": false,
                    "Plans": [
                        {
                            "Node Type": "Aggregate",
                            "Strategy": "Plain",
                            "Partial Mode": "Partial",
                            "Parent Relationship": "Outer",
                            "Parallel Aware": false,
                            "Startup Cost": 288221.04,
                            "Total Cost": 288221.05,
                            "Plan Rows": 1,
                            "Plan Width": 8,
                            "Actual Startup Time": 1721.083,
                            "Actual Total Time": 1721.268,
                            "Actual Rows": 1,
                            "Actual Loops": 6,
                            "Output": [
                                "PARTIAL count(*)"
                            ],
                            "Workers": [
                                {
                                    "Worker Number": 0,
                                    "Actual Startup Time": 1717.191,
                                    "Actual Total Time": 1717.196,
                                    "Actual Rows": 1,
                                    "Actual Loops": 1
                                },
                                {
                                    "Worker Number": 1,
                                    "Actual Startup Time": 1717.28,
                                    "Actual Total Time": 1717.285,
                                    "Actual Rows": 1,
                                    "Actual Loops": 1
                                },
                                {
                                    "Worker Number": 2,
                                    "Actual Startup Time": 1720.401,
                                    "Actual Total Time": 1720.407,
                                    "Actual Rows": 1,
                                    "Actual Loops": 1
                                },
                                {
                                    "Worker Number": 3,
                                    "Actual Startup Time": 1719.891,
                                    "Actual Total Time": 1719.895,
                                    "Actual Rows": 1,
                                    "Actual Loops": 1
                                },
                                {
                                    "Worker Number": 4,
                                    "Actual Startup Time": 1720.184,
                                    "Actual Total Time": 1720.19,
                                    "Actual Rows": 1,
                                    "Actual Loops": 1
                                }
                            ],
                            "Plans": [
                                {
                                    "Node Type": "Hash Join",
                                    "Parent Relationship": "Outer",
                                    "Parallel Aware": true,
                                    "Join Type": "Inner",
                                    "Startup Cost": 82579.05,
                                    "Total Cost": 286684.8,
                                    "Plan Rows": 614495,
                                    "Plan Width": 0,
                                    "Actual Startup Time": 342.501,
                                    "Actual Total Time": 1483.347,
                                    "Actual Rows": 5555436,
                                    "Actual Loops": 6,
                                    "Inner Unique": false,
                                    "Hash Cond": "(mi.movie_id = t.id)",
                                    "Workers": [
                                        {
                                            "Worker Number": 0,
                                            "Actual Startup Time": 339.014,
                                            "Actual Total Time": 1478.846,
                                            "Actual Rows": 5872905,
                                            "Actual Loops": 1
                                        },
                                        {
                                            "Worker Number": 1,
                                            "Actual Startup Time": 339.208,
                                            "Actual Total Time": 1470.692,
                                            "Actual Rows": 3832856,
                                            "Actual Loops": 1
                                        },
                                        {
                                            "Worker Number": 2,
                                            "Actual Startup Time": 341.297,
                                            "Actual Total Time": 1488.241,
                                            "Actual Rows": 5713697,
                                            "Actual Loops": 1
                                        },
                                        {
                                            "Worker Number": 3,
                                            "Actual Startup Time": 341.614,
                                            "Actual Total Time": 1482.47,
                                            "Actual Rows": 5863894,
                                            "Actual Loops": 1
                                        },
                                        {
                                            "Worker Number": 4,
                                            "Actual Startup Time": 341.63,
                                            "Actual Total Time": 1487.062,
                                            "Actual Rows": 5741869,
                                            "Actual Loops": 1
                                        }
                                    ],
                                    "Plans": [
                                        {
                                            "Node Type": "Seq Scan",
                                            "Parent Relationship": "Outer",
                                            "Parallel Aware": true,
                                            "Relation Name": "movie_info",
                                            "Schema": "public",
                                            "Alias": "mi",
                                            "Startup Cost": 0.0,
                                            "Total Cost": 191503.19,
                                            "Plan Rows": 2951019,
                                            "Plan Width": 4,
                                            "Actual Startup Time": 0.017,
                                            "Actual Total Time": 272.502,
                                            "Actual Rows": 2472620,
                                            "Actual Loops": 6,
                                            "Output": [
                                                "mi.id",
                                                "mi.movie_id",
                                                "mi.info_type_id",
                                                "mi.info",
                                                "mi.note"
                                            ],
                                            "Workers": [
                                                {
                                                    "Worker Number": 0,
                                                    "Actual Startup Time": 0.017,
                                                    "Actual Total Time": 276.856,
                                                    "Actual Rows": 2581321,
                                                    "Actual Loops": 1
                                                },
                                                {
                                                    "Worker Number": 1,
                                                    "Actual Startup Time": 0.021,
                                                    "Actual Total Time": 287.7,
                                                    "Actual Rows": 1821052,
                                                    "Actual Loops": 1
                                                },
                                                {
                                                    "Worker Number": 2,
                                                    "Actual Startup Time": 0.019,
                                                    "Actual Total Time": 287.823,
                                                    "Actual Rows": 2488675,
                                                    "Actual Loops": 1
                                                },
                                                {
                                                    "Worker Number": 3,
                                                    "Actual Startup Time": 0.016,
                                                    "Actual Total Time": 277.437,
                                                    "Actual Rows": 2581950,
                                                    "Actual Loops": 1
                                                },
                                                {
                                                    "Worker Number": 4,
                                                    "Actual Startup Time": 0.021,
                                                    "Actual Total Time": 288.41,
                                                    "Actual Rows": 2515150,
                                                    "Actual Loops": 1
                                                }
                                            ]
                                        },
                                        {
                                            "Node Type": "Hash",
                                            "Parent Relationship": "Inner",
                                            "Parallel Aware": true,
                                            "Startup Cost": 80933.81,
                                            "Total Cost": 80933.81,
                                            "Plan Rows": 131619,
                                            "Plan Width": 8,
                                            "Actual Startup Time": 339.346,
                                            "Actual Total Time": 339.53,
                                            "Actual Rows": 137324,
                                            "Actual Loops": 6,
                                            "Output": [
                                                "t.id",
                                                "mc.movie_id"
                                            ],
                                            "Hash Buckets": 1048576,
                                            "Original Hash Buckets": 1048576,
                                            "Hash Batches": 1,
                                            "Original Hash Batches": 1,
                                            "Peak Memory Usage": 40512,
                                            "Workers": [
                                                {
                                                    "Worker Number": 0,
                                                    "Actual Startup Time": 337.067,
                                                    "Actual Total Time": 337.071,
                                                    "Actual Rows": 146134,
                                                    "Actual Loops": 1
                                                },
                                                {
                                                    "Worker Number": 1,
                                                    "Actual Startup Time": 337.171,
                                                    "Actual Total Time": 337.174,
                                                    "Actual Rows": 103039,
                                                    "Actual Loops": 1
                                                },
                                                {
                                                    "Worker Number": 2,
                                                    "Actual Startup Time": 339.271,
                                                    "Actual Total Time": 339.275,
                                                    "Actual Rows": 133261,
                                                    "Actual Loops": 1
                                                },
                                                {
                                                    "Worker Number": 3,
                                                    "Actual Startup Time": 339.737,
                                                    "Actual Total Time": 339.74,
                                                    "Actual Rows": 146457,
                                                    "Actual Loops": 1
                                                },
                                                {
                                                    "Worker Number": 4,
                                                    "Actual Startup Time": 340.1,
                                                    "Actual Total Time": 340.104,
                                                    "Actual Rows": 135017,
                                                    "Actual Loops": 1
                                                }
                                            ],
                                            "Plans": [
                                                {
                                                    "Node Type": "Hash Join",
                                                    "Parent Relationship": "Outer",
                                                    "Parallel Aware": true,
                                                    "Join Type": "Inner",
                                                    "Startup Cost": 34209.67,
                                                    "Total Cost": 80933.81,
                                                    "Plan Rows": 131619,
                                                    "Plan Width": 8,
                                                    "Actual Startup Time": 119.869,
                                                    "Actual Total Time": 296.584,
                                                    "Actual Rows": 137324,
                                                    "Actual Loops": 6,
                                                    "Output": [
                                                        "t.id",
                                                        "mc.movie_id"
                                                    ],
                                                    "Inner Unique": false,
                                                    "Hash Cond": "(t.id = mc.movie_id)",
                                                    "Workers": [
                                                        {
                                                            "Worker Number": 0,
                                                            "Actual Startup Time": 117.41,
                                                            "Actual Total Time": 294.695,
                                                            "Actual Rows": 146134,
                                                            "Actual Loops": 1
                                                        },
                                                        {
                                                            "Worker Number": 1,
                                                            "Actual Startup Time": 117.718,
                                                            "Actual Total Time": 295.906,
                                                            "Actual Rows": 103039,
                                                            "Actual Loops": 1
                                                        },
                                                        {
                                                            "Worker Number": 2,
                                                            "Actual Startup Time": 119.929,
                                                            "Actual Total Time": 297.005,
                                                            "Actual Rows": 133261,
                                                            "Actual Loops": 1
                                                        },
                                                        {
                                                            "Worker Number": 3,
                                                            "Actual Startup Time": 120.291,
                                                            "Actual Total Time": 295.94,
                                                            "Actual Rows": 146457,
                                                            "Actual Loops": 1
                                                        },
                                                        {
                                                            "Worker Number": 4,
                                                            "Actual Startup Time": 120.686,
                                                            "Actual Total Time": 296.328,
                                                            "Actual Rows": 135017,
                                                            "Actual Loops": 1
                                                        }
                                                    ],
                                                    "Plans": [
                                                        {
                                                            "Node Type": "Seq Scan",
                                                            "Parent Relationship": "Outer",
                                                            "Parallel Aware": true,
                                                            "Relation Name": "title",
                                                            "Schema": "public",
                                                            "Alias": "t",
                                                            "Startup Cost": 0.0,
                                                            "Total Cost": 43899.01,
                                                            "Plan Rows": 480111,
                                                            "Plan Width": 4,
                                                            "Actual Startup Time": 0.019,
                                                            "Actual Total Time": 69.185,
                                                            "Actual Rows": 320475,
                                                            "Actual Loops": 6,
                                                            "Output": [
                                                                "t.id",
                                                                "t.title",
                                                                "t.imdb_index",
                                                                "t.kind_id",
                                                                "t.production_year",
                                                                "t.imdb_id",
                                                                "t.phonetic_code",
                                                                "t.episode_of_id",
                                                                "t.season_nr",
                                                                "t.episode_nr",
                                                                "t.series_years",
                                                                "t.md5sum"
                                                            ],
                                                            "Filter": "(t.production_year < 2010)",
                                                            "Rows Removed by Filter": 100910,
                                                            "Workers": [
                                                                {
                                                                    "Worker Number": 0,
                                                                    "Actual Startup Time": 0.017,
                                                                    "Actual Total Time": 70.449,
                                                                    "Actual Rows": 342931,
                                                                    "Actual Loops": 1
                                                                },
                                                                {
                                                                    "Worker Number": 1,
                                                                    "Actual Startup Time": 0.026,
                                                                    "Actual Total Time": 78.085,
                                                                    "Actual Rows": 239831,
                                                                    "Actual Loops": 1
                                                                },
                                                                {
                                                                    "Worker Number": 2,
                                                                    "Actual Startup Time": 0.02,
                                                                    "Actual Total Time": 69.597,
                                                                    "Actual Rows": 308404,
                                                                    "Actual Loops": 1
                                                                },
                                                                {
                                                                    "Worker Number": 3,
                                                                    "Actual Startup Time": 0.02,
                                                                    "Actual Total Time": 69.826,
                                                                    "Actual Rows": 340241,
                                                                    "Actual Loops": 1
                                                                },
                                                                {
                                                                    "Worker Number": 4,
                                                                    "Actual Startup Time": 0.023,
                                                                    "Actual Total Time": 69.795,
                                                                    "Actual Rows": 310416,
                                                                    "Actual Loops": 1
                                                                }
                                                            ]
                                                        },
                                                        {
                                                            "Node Type": "Hash",
                                                            "Parent Relationship": "Inner",
                                                            "Parallel Aware": true,
                                                            "Startup Cost": 31414.82,
                                                            "Total Cost": 31414.82,
                                                            "Plan Rows": 223588,
                                                            "Plan Width": 4,
                                                            "Actual Startup Time": 118.455,
                                                            "Actual Total Time": 118.456,
                                                            "Actual Rows": 159115,
                                                            "Actual Loops": 6,
                                                            "Output": [
                                                                "mc.movie_id"
                                                            ],
                                                            "Hash Buckets": 1048576,
                                                            "Original Hash Buckets": 1048576,
                                                            "Hash Batches": 1,
                                                            "Original Hash Batches": 1,
                                                            "Peak Memory Usage": 45632,
                                                            "Workers": [
                                                                {
                                                                    "Worker Number": 0,
                                                                    "Actual Startup Time": 117.328,
                                                                    "Actual Total Time": 117.329,
                                                                    "Actual Rows": 152563,
                                                                    "Actual Loops": 1
                                                                },
                                                                {
                                                                    "Worker Number": 1,
                                                                    "Actual Startup Time": 117.455,
                                                                    "Actual Total Time": 117.457,
                                                                    "Actual Rows": 123697,
                                                                    "Actual Loops": 1
                                                                },
                                                                {
                                                                    "Worker Number": 2,
                                                                    "Actual Startup Time": 119.639,
                                                                    "Actual Total Time": 119.641,
                                                                    "Actual Rows": 136233,
                                                                    "Actual Loops": 1
                                                                },
                                                                {
                                                                    "Worker Number": 3,
                                                                    "Actual Startup Time": 120.006,
                                                                    "Actual Total Time": 120.007,
                                                                    "Actual Rows": 151797,
                                                                    "Actual Loops": 1
                                                                },
                                                                {
                                                                    "Worker Number": 4,
                                                                    "Actual Startup Time": 120.381,
                                                                    "Actual Total Time": 120.383,
                                                                    "Actual Rows": 135769,
                                                                    "Actual Loops": 1
                                                                }
                                                            ],
                                                            "Plans": [
                                                                {
                                                                    "Node Type": "Seq Scan",
                                                                    "Parent Relationship": "Outer",
                                                                    "Parallel Aware": true,
                                                                    "Relation Name": "movie_companies",
                                                                    "Schema": "public",
                                                                    "Alias": "mc",
                                                                    "Startup Cost": 0.0,
                                                                    "Total Cost": 31414.82,
                                                                    "Plan Rows": 223588,
                                                                    "Plan Width": 4,
                                                                    "Actual Startup Time": 0.065,
                                                                    "Actual Total Time": 60.839,
                                                                    "Actual Rows": 159115,
                                                                    "Actual Loops": 6,
                                                                    "Output": [
                                                                        "mc.movie_id"
                                                                    ],
                                                                    "Filter": "((mc.company_id < 12301) AND (mc.company_type_id < 2))",
                                                                    "Rows Removed by Filter": 275740,
                                                                    "Workers": [
                                                                        {
                                                                            "Worker Number": 0,
                                                                            "Actual Startup Time": 0.065,
                                                                            "Actual Total Time": 61.889,
                                                                            "Actual Rows": 152563,
                                                                            "Actual Loops": 1
                                                                        },
                                                                        {
                                                                            "Worker Number": 1,
                                                                            "Actual Startup Time": 0.072,
                                                                            "Actual Total Time": 63.014,
                                                                            "Actual Rows": 123697,
                                                                            "Actual Loops": 1
                                                                        },
                                                                        {
                                                                            "Worker Number": 2,
                                                                            "Actual Startup Time": 0.081,
                                                                            "Actual Total Time": 61.2,
                                                                            "Actual Rows": 136233,
                                                                            "Actual Loops": 1
                                                                        },
                                                                        {
                                                                            "Worker Number": 3,
                                                                            "Actual Startup Time": 0.078,
                                                                            "Actual Total Time": 61.902,
                                                                            "Actual Rows": 151797,
                                                                            "Actual Loops": 1
                                                                        },
                                                                        {
                                                                            "Worker Number": 4,
                                                                            "Actual Startup Time": 0.082,
                                                                            "Actual Total Time": 60.739,
                                                                            "Actual Rows": 135769,
                                                                            "Actual Loops": 1
                                                                        }
                                                                    ]
                                                                }
                                                            ]
                                                        }
                                                    ]
                                                }
                                            ]
                                        }
                                    ]
                                }
                            ]
                        }
                    ]
                }
            ]
        },
        "Planning Time": 214.386,
        "Triggers": [],
        "Execution Time": 1766.518
    }
]