{
  "Plan": {
    "Node Type": "Aggregate",
    "Strategy": "Plain",
    "Partial Mode": "Finalize",
    "Parallel Aware": false,
    "Startup Cost": 1387428.25,
    "Total Cost": 1387428.26,
    "Plan Rows": 1,
    "Plan Width": 8,
    "Actual Startup Time": 7688.118,
    "Actual Total Time": 7749.525,
    "Actual Rows": 1,
    "Actual Loops": 1,
    "Plans": [
      {
        "Node Type": "Gather",
        "Parent Relationship": "Outer",
        "Parallel Aware": false,
        "Startup Cost": 1387428.13,
        "Total Cost": 1387428.24,
        "Plan Rows": 1,
        "Plan Width": 8,
        "Actual Startup Time": 7664.037,
        "Actual Total Time": 7749.516,
        "Actual Rows": 2,
        "Actual Loops": 1,
        "Workers Planned": 1,
        "Workers Launched": 1,
        "Single Copy": false,
        "Plans": [
          {
            "Node Type": "Aggregate",
            "Strategy": "Plain",
            "Partial Mode": "Partial",
            "Parent Relationship": "Outer",
            "Parallel Aware": false,
            "Startup Cost": 1386428.13,
            "Total Cost": 1386428.14,
            "Plan Rows": 1,
            "Plan Width": 8,
            "Actual Startup Time": 7651.642,
            "Actual Total Time": 7651.649,
            "Actual Rows": 1,
            "Actual Loops": 2,
            "Plans": [
              {
                "Node Type": "Merge Join",
                "Parent Relationship": "Outer",
                "Parallel Aware": false,
                "Join Type": "Inner",
                "Startup Cost": 1277089.62,
                "Total Cost": 1373172.36,
                "Plan Rows": 5302309,
                "Plan Width": 0,
                "Actual Startup Time": 5559.084,
                "Actual Total Time": 7395.506,
                "Actual Rows": 5953372,
                "Actual Loops": 2,
                "Inner Unique": false,
                "Merge Cond": "(t.id = ci.movie_id)",
                "Plans": [
                  {
                    "Node Type": "Sort",
                    "Parent Relationship": "Outer",
                    "Parallel Aware": false,
                    "Startup Cost": 692223.26,
                    "Total Cost": 700505.25,
                    "Plan Rows": 3312796,
                    "Plan Width": 8,
                    "Actual Startup Time": 3839.87,
                    "Actual Total Time": 4054.908,
                    "Actual Rows": 3606396,
                    "Actual Loops": 2,
                    "Sort Key": [
                      "t.id"
                    ],
                    "Sort Method": "quicksort",
                    "Sort Space Used": 269553,
                    "Sort Space Type": "Memory",
                    "Workers": [
                      {
                        "Worker Number": 0,
                        "Sort Method": "quicksort",
                        "Sort Space Used": 265158,
                        "Sort Space Type": "Memory"
                      }
                    ],
                    "Plans": [
                      {
                        "Node Type": "Hash Join",
                        "Parent Relationship": "Outer",
                        "Parallel Aware": true,
                        "Join Type": "Inner",
                        "Startup Cost": 61670.29,
                        "Total Cost": 333453.78,
                        "Plan Rows": 3312796,
                        "Plan Width": 8,
                        "Actual Startup Time": 284.899,
                        "Actual Total Time": 2991.302,
                        "Actual Rows": 3606422,
                        "Actual Loops": 2,
                        "Inner Unique": true,
                        "Hash Cond": "(mi.movie_id = t.id)",
                        "Plans": [
                          {
                            "Node Type": "Seq Scan",
                            "Parent Relationship": "Outer",
                            "Parallel Aware": true,
                            "Relation Name": "movie_info",
                            "Alias": "mi",
                            "Startup Cost": 0.0,
                            "Total Cost": 248955.74,
                            "Plan Rows": 8696274,
                            "Plan Width": 4,
                            "Actual Startup Time": 0.009,
                            "Actual Total Time": 707.822,
                            "Actual Rows": 7417860,
                            "Actual Loops": 2
                          },
                          {
                            "Node Type": "Hash",
                            "Parent Relationship": "Inner",
                            "Parallel Aware": true,
                            "Startup Cost": 54588.39,
                            "Total Cost": 54588.39,
                            "Plan Rows": 566552,
                            "Plan Width": 4,
                            "Actual Startup Time": 275.466,
                            "Actual Total Time": 275.468,
                            "Actual Rows": 485594,
                            "Actual Loops": 2,
                            "Hash Buckets": 1048576,
                            "Original Hash Buckets": 1048576,
                            "Hash Batches": 1,
                            "Original Hash Batches": 1,
                            "Peak Memory Usage": 46208,
                            "Plans": [
                              {
                                "Node Type": "Seq Scan",
                                "Parent Relationship": "Outer",
                                "Parallel Aware": true,
                                "Relation Name": "title",
                                "Alias": "t",
                                "Startup Cost": 0.0,
                                "Total Cost": 54588.39,
                                "Plan Rows": 566552,
                                "Plan Width": 4,
                                "Actual Startup Time": 0.035,
                                "Actual Total Time": 157.573,
                                "Actual Rows": 485594,
                                "Actual Loops": 2,
                                "Filter": "(production_year < 1999)",
                                "Rows Removed by Filter": 778562
                              }
                            ]
                          }
                        ]
                      }
                    ]
                  },
                  {
                    "Node Type": "Sort",
                    "Parent Relationship": "Inner",
                    "Parallel Aware": false,
                    "Startup Cost": 584865.87,
                    "Total Cost": 594982.54,
                    "Plan Rows": 4046669,
                    "Plan Width": 4,
                    "Actual Startup Time": 1719.202,
                    "Actual Total Time": 2315.265,
                    "Actual Rows": 9090296,
                    "Actual Loops": 2,
                    "Sort Key": [
                      "ci.movie_id"
                    ],
                    "Sort Method": "quicksort",
                    "Sort Space Used": 286181,
                    "Sort Space Type": "Memory",
                    "Workers": [
                      {
                        "Worker Number": 0,
                        "Sort Method": "quicksort",
                        "Sort Space Used": 286181,
                        "Sort Space Type": "Memory"
                      }
                    ],
                    "Plans": [
                      {
                        "Node Type": "Index Scan",
                        "Parent Relationship": "Outer",
                        "Parallel Aware": false,
                        "Scan Direction": "Forward",
                        "Index Name": "role_id_cast_info",
                        "Relation Name": "cast_info",
                        "Alias": "ci",
                        "Startup Cost": 0.56,
                        "Total Cost": 140778.27,
                        "Plan Rows": 4046669,
                        "Plan Width": 4,
                        "Actual Startup Time": 0.077,
                        "Actual Total Time": 675.345,
                        "Actual Rows": 4008037,
                        "Actual Loops": 2,
                        "Index Cond": "(role_id = 3)",
                        "Rows Removed by Index Recheck": 0
                      }
                    ]
                  }
                ]
              }
            ]
          }
        ]
      }
    ]
  },
  "Planning Time": 1.047,
  "Triggers": [],
  "Execution Time": 7798.933
}