[
  {
    "Plan": {
      "Node Type": "Aggregate",
      "Strategy": "Plain",
      "Partial Mode": "Finalize",
      "Parallel Aware": false,
      "Startup Cost": 385314.49,
      "Total Cost": 385314.5,
      "Plan Rows": 1,
      "Plan Width": 8,
      "Actual Startup Time": 2895.479,
      "Actual Total Time": 2946.084,
      "Actual Rows": 1,
      "Actual Loops": 1,
      "Plans": [
        {
          "Node Type": "Gather",
          "Parent Relationship": "Outer",
          "Parallel Aware": false,
          "Startup Cost": 385313.86,
          "Total Cost": 385314.47,
          "Plan Rows": 6,
          "Plan Width": 8,
          "Actual Startup Time": 2886.522,
          "Actual Total Time": 2946.072,
          "Actual Rows": 7,
          "Actual Loops": 1,
          "Workers Planned": 6,
          "Workers Launched": 6,
          "Single Copy": false,
          "Plans": [
            {
              "Node Type": "Aggregate",
              "Strategy": "Plain",
              "Partial Mode": "Partial",
              "Parent Relationship": "Outer",
              "Parallel Aware": false,
              "Startup Cost": 384313.86,
              "Total Cost": 384313.87,
              "Plan Rows": 1,
              "Plan Width": 8,
              "Actual Startup Time": 2874.75,
              "Actual Total Time": 2874.753,
              "Actual Rows": 1,
              "Actual Loops": 7,
              "Plans": [
                {
                  "Node Type": "Hash Join",
                  "Parent Relationship": "Outer",
                  "Parallel Aware": true,
                  "Join Type": "Inner",
                  "Startup Cost": 47831.02,
                  "Total Cost": 376797.68,
                  "Plan Rows": 3006474,
                  "Plan Width": 0,
                  "Actual Startup Time": 205.201,
                  "Actual Total Time": 2725.38,
                  "Actual Rows": 2470524,
                  "Actual Loops": 7,
                  "Inner Unique": true,
                  "Hash Cond": "(ci.movie_id = t.id)",
                  "Plans": [
                    {
                      "Node Type": "Seq Scan",
                      "Parent Relationship": "Outer",
                      "Parallel Aware": true,
                      "Relation Name": "cast_info",
                      "Alias": "ci",
                      "Startup Cost": 0.0,
                      "Total Cost": 313106.51,
                      "Plan Rows": 6041951,
                      "Plan Width": 4,
                      "Actual Startup Time": 0.041,
                      "Actual Total Time": 652.585,
                      "Actual Rows": 5177763,
                      "Actual Loops": 7
                    },
                    {
                      "Node Type": "Hash",
                      "Parent Relationship": "Inner",
                      "Parallel Aware": true,
                      "Startup Cost": 43899.32,
                      "Total Cost": 43899.32,
                      "Plan Rows": 314536,
                      "Plan Width": 4,
                      "Actual Startup Time": 201.286,
                      "Actual Total Time": 201.287,
                      "Actual Rows": 180529,
                      "Actual Loops": 7,
                      "Hash Buckets": 2097152,
                      "Original Hash Buckets": 2097152,
                      "Hash Batches": 1,
                      "Original Hash Batches": 1,
                      "Peak Memory Usage": 65920,
                      "Plans": [
                        {
                          "Node Type": "Seq Scan",
                          "Parent Relationship": "Outer",
                          "Parallel Aware": true,
                          "Relation Name": "title",
                          "Alias": "t",
                          "Startup Cost": 0.0,
                          "Total Cost": 43899.32,
                          "Plan Rows": 314536,
                          "Plan Width": 4,
                          "Actual Startup Time": 0.047,
                          "Actual Total Time": 98.248,
                          "Actual Rows": 180529,
                          "Actual Loops": 7,
                          "Filter": "(production_year < 2004)",
                          "Rows Removed by Filter": 180659
                        }
                      ]
                    }
                  ]
                }
              ]
            }
          ]
        }
      ]
    },
    "Planning Time": 0.286,
    "Triggers": [],
    "Execution Time": 2946.139
  }
]