{
  "Plan": {
    "Node Type": "Aggregate",
    "Strategy": "Plain",
    "Partial Mode": "Finalize",
    "Parallel Aware": false,
    "Startup Cost": 550099.59,
    "Total Cost": 550099.6,
    "Plan Rows": 1,
    "Plan Width": 8,
    "Actual Startup Time": 4895.703,
    "Actual Total Time": 4968.073,
    "Actual Rows": 1,
    "Actual Loops": 1,
    "Plans": [
      {
        "Node Type": "Gather",
        "Parent Relationship": "Outer",
        "Parallel Aware": false,
        "Startup Cost": 550099.47,
        "Total Cost": 550099.58,
        "Plan Rows": 1,
        "Plan Width": 8,
        "Actual Startup Time": 4877.932,
        "Actual Total Time": 4968.064,
        "Actual Rows": 2,
        "Actual Loops": 1,
        "Workers Planned": 1,
        "Workers Launched": 1,
        "Single Copy": false,
        "Plans": [
          {
            "Node Type": "Aggregate",
            "Strategy": "Plain",
            "Partial Mode": "Partial",
            "Parent Relationship": "Outer",
            "Parallel Aware": false,
            "Startup Cost": 549099.47,
            "Total Cost": 549099.48,
            "Plan Rows": 1,
            "Plan Width": 8,
            "Actual Startup Time": 4867.387,
            "Actual Total Time": 4872.96,
            "Actual Rows": 1,
            "Actual Loops": 2,
            "Plans": [
              {
                "Node Type": "Hash Join",
                "Parent Relationship": "Outer",
                "Parallel Aware": true,
                "Join Type": "Inner",
                "Startup Cost": 491379.18,
                "Total Cost": 549099.06,
                "Plan Rows": 164,
                "Plan Width": 0,
                "Actual Startup Time": 4724.373,
                "Actual Total Time": 4872.666,
                "Actual Rows": 5133,
                "Actual Loops": 2,
                "Inner Unique": false,
                "Hash Cond": "(mk.movie_id = t.id)",
                "Plans": [
                  {
                    "Node Type": "Seq Scan",
                    "Parent Relationship": "Outer",
                    "Parallel Aware": true,
                    "Relation Name": "movie_keyword",
                    "Alias": "mk",
                    "Startup Cost": 0.0,
                    "Total Cost": 57718.19,
                    "Plan Rows": 146,
                    "Plan Width": 4,
                    "Actual Startup Time": 1.385,
                    "Actual Total Time": 136.076,
                    "Actual Rows": 447,
                    "Actual Loops": 2,
                    "Filter": "(keyword_id = 12530)",
                    "Rows Removed by Filter": 2261518
                  },
                  {
                    "Node Type": "Hash",
                    "Parent Relationship": "Inner",
                    "Parallel Aware": true,
                    "Startup Cost": 470511.65,
                    "Total Cost": 470511.65,
                    "Plan Rows": 1669403,
                    "Plan Width": 8,
                    "Actual Startup Time": 4701.059,
                    "Actual Total Time": 4706.629,
                    "Actual Rows": 3464322,
                    "Actual Loops": 2,
                    "Hash Buckets": 8388608,
                    "Original Hash Buckets": 4194304,
                    "Hash Batches": 1,
                    "Original Hash Batches": 1,
                    "Peak Memory Usage": 369376,
                    "Plans": [
                      {
                        "Node Type": "Hash Join",
                        "Parent Relationship": "Outer",
                        "Parallel Aware": true,
                        "Join Type": "Inner",
                        "Startup Cost": 69461.26,
                        "Total Cost": 470511.65,
                        "Plan Rows": 1669403,
                        "Plan Width": 8,
                        "Actual Startup Time": 604.867,
                        "Actual Total Time": 3445.268,
                        "Actual Rows": 3464322,
                        "Actual Loops": 2,
                        "Inner Unique": true,
                        "Hash Cond": "(ci.movie_id = t.id)",
                        "Plans": [
                          {
                            "Node Type": "Index Scan",
                            "Parent Relationship": "Outer",
                            "Parallel Aware": true,
                            "Scan Direction": "Forward",
                            "Index Name": "role_id_cast_info",
                            "Relation Name": "cast_info",
                            "Alias": "ci",
                            "Startup Cost": 0.56,
                            "Total Cost": 396668.75,
                            "Plan Rows": 1669403,
                            "Plan Width": 4,
                            "Actual Startup Time": 0.205,
                            "Actual Total Time": 1015.116,
                            "Actual Rows": 3464322,
                            "Actual Loops": 2,
                            "Index Cond": "(role_id > 3)",
                            "Rows Removed by Index Recheck": 0,
                            "Filter": "(person_id > 2858509)",
                            "Rows Removed by Filter": 2592501
                          },
                          {
                            "Node Type": "Hash",
                            "Parent Relationship": "Inner",
                            "Parallel Aware": true,
                            "Startup Cost": 50870.31,
                            "Total Cost": 50870.31,
                            "Plan Rows": 1487231,
                            "Plan Width": 4,
                            "Actual Startup Time": 592.138,
                            "Actual Total Time": 592.139,
                            "Actual Rows": 1264156,
                            "Actual Loops": 2,
                            "Hash Buckets": 4194304,
                            "Original Hash Buckets": 4194304,
                            "Hash Batches": 1,
                            "Original Hash Batches": 1,
                            "Peak Memory Usage": 131712,
                            "Plans": [
                              {
                                "Node Type": "Seq Scan",
                                "Parent Relationship": "Outer",
                                "Parallel Aware": true,
                                "Relation Name": "title",
                                "Alias": "t",
                                "Startup Cost": 0.0,
                                "Total Cost": 50870.31,
                                "Plan Rows": 1487231,
                                "Plan Width": 4,
                                "Actual Startup Time": 0.038,
                                "Actual Total Time": 180.153,
                                "Actual Rows": 1264156,
                                "Actual Loops": 2
                              }
                            ]
                          }
                        ]
                      }
                    ]
                  }
                ]
              }
            ]
          }
        ]
      }
    ]
  },
  "Planning Time": 0.987,
  "Triggers": [],
  "Execution Time": 4968.166
}