[
  {
    "Plan": {
      "Node Type": "Aggregate",
      "Strategy": "Plain",
      "Partial Mode": "Finalize",
      "Parallel Aware": false,
      "Startup Cost": 291352.71,
      "Total Cost": 291352.72,
      "Plan Rows": 1,
      "Plan Width": 8,
      "Actual Startup Time": 1236.749,
      "Actual Total Time": 1292.873,
      "Actual Rows": 1,
      "Actual Loops": 1,
      "Plans": [
        {
          "Node Type": "Gather",
          "Parent Relationship": "Outer",
          "Parallel Aware": false,
          "Startup Cost": 291352.19,
          "Total Cost": 291352.7,
          "Plan Rows": 5,
          "Plan Width": 8,
          "Actual Startup Time": 1212.034,
          "Actual Total Time": 1292.861,
          "Actual Rows": 6,
          "Actual Loops": 1,
          "Workers Planned": 5,
          "Workers Launched": 5,
          "Single Copy": false,
          "Plans": [
            {
              "Node Type": "Aggregate",
              "Strategy": "Plain",
              "Partial Mode": "Partial",
              "Parent Relationship": "Outer",
              "Parallel Aware": false,
              "Startup Cost": 290352.19,
              "Total Cost": 290352.2,
              "Plan Rows": 1,
              "Plan Width": 8,
              "Actual Startup Time": 1204.668,
              "Actual Total Time": 1205.144,
              "Actual Rows": 1,
              "Actual Loops": 6,
              "Plans": [
                {
                  "Node Type": "Hash Join",
                  "Parent Relationship": "Outer",
                  "Parallel Aware": true,
                  "Join Type": "Inner",
                  "Startup Cost": 84288.65,
                  "Total Cost": 289727.69,
                  "Plan Rows": 249799,
                  "Plan Width": 0,
                  "Actual Startup Time": 469.618,
                  "Actual Total Time": 1168.467,
                  "Actual Rows": 706819,
                  "Actual Loops": 6,
                  "Inner Unique": false,
                  "Hash Cond": "(mi.movie_id = t.id)",
                  "Plans": [
                    {
                      "Node Type": "Seq Scan",
                      "Parent Relationship": "Outer",
                      "Parallel Aware": true,
                      "Relation Name": "movie_info",
                      "Alias": "mi",
                      "Startup Cost": 0.0,
                      "Total Cost": 199108.24,
                      "Plan Rows": 1473332,
                      "Plan Width": 4,
                      "Actual Startup Time": 0.066,
                      "Actual Total Time": 401.715,
                      "Actual Rows": 1214478,
                      "Actual Loops": 6,
                      "Filter": "(info_type_id < 8)",
                      "Rows Removed by Filter": 1258142
                    },
                    {
                      "Node Type": "Hash",
                      "Parent Relationship": "Inner",
                      "Parallel Aware": true,
                      "Startup Cost": 82560.08,
                      "Total Cost": 82560.08,
                      "Plan Rows": 138286,
                      "Plan Width": 8,
                      "Actual Startup Time": 466.594,
                      "Actual Total Time": 467.068,
                      "Actual Rows": 109664,
                      "Actual Loops": 6,
                      "Hash Buckets": 1048576,
                      "Original Hash Buckets": 524288,
                      "Hash Batches": 1,
                      "Original Hash Batches": 1,
                      "Peak Memory Usage": 38112,
                      "Plans": [
                        {
                          "Node Type": "Hash Join",
                          "Parent Relationship": "Outer",
                          "Parallel Aware": true,
                          "Join Type": "Inner",
                          "Startup Cost": 50725.06,
                          "Total Cost": 82560.08,
                          "Plan Rows": 138286,
                          "Plan Width": 8,
                          "Actual Startup Time": 315.373,
                          "Actual Total Time": 407.974,
                          "Actual Rows": 109664,
                          "Actual Loops": 6,
                          "Inner Unique": true,
                          "Hash Cond": "(mc.movie_id = t.id)",
                          "Plans": [
                            {
                              "Node Type": "Seq Scan",
                              "Parent Relationship": "Outer",
                              "Parallel Aware": true,
                              "Relation Name": "movie_companies",
                              "Alias": "mc",
                              "Startup Cost": 0.0,
                              "Total Cost": 31414.82,
                              "Plan Rows": 160077,
                              "Plan Width": 4,
                              "Actual Startup Time": 26.039,
                              "Actual Total Time": 57.415,
                              "Actual Rows": 133831,
                              "Actual Loops": 6,
                              "Filter": "((company_id > 18084) AND (company_type_id > 1))",
                              "Rows Removed by Filter": 301024
                            },
                            {
                              "Node Type": "Hash",
                              "Parent Relationship": "Inner",
                              "Parallel Aware": true,
                              "Startup Cost": 43899.32,
                              "Total Cost": 43899.32,
                              "Plan Rows": 546059,
                              "Plan Width": 4,
                              "Actual Startup Time": 284.369,
                              "Actual Total Time": 284.37,
                              "Actual Rows": 361860,
                              "Actual Loops": 6,
                              "Hash Buckets": 4194304,
                              "Original Hash Buckets": 4194304,
                              "Hash Batches": 1,
                              "Original Hash Batches": 1,
                              "Peak Memory Usage": 117824,
                              "Plans": [
                                {
                                  "Node Type": "Seq Scan",
                                  "Parent Relationship": "Outer",
                                  "Parallel Aware": true,
                                  "Relation Name": "title",
                                  "Alias": "t",
                                  "Startup Cost": 0.0,
                                  "Total Cost": 43899.32,
                                  "Plan Rows": 546059,
                                  "Plan Width": 4,
                                  "Actual Startup Time": 0.046,
                                  "Actual Total Time": 97.935,
                                  "Actual Rows": 361860,
                                  "Actual Loops": 6,
                                  "Filter": "(production_year > 1963)",
                                  "Rows Removed by Filter": 59525
                                }
                              ]
                            }
                          ]
                        }
                      ]
                    }
                  ]
                }
              ]
            }
          ]
        }
      ]
    },
    "Planning Time": 0.564,
    "Triggers": [],
    "Execution Time": 1292.932
  }
]