[
  {
    "Plan": {
      "Node Type": "Aggregate",
      "Strategy": "Plain",
      "Partial Mode": "Finalize",
      "Parallel Aware": false,
      "Startup Cost": 232543.64,
      "Total Cost": 232543.65,
      "Plan Rows": 1,
      "Plan Width": 8,
      "Actual Startup Time": 2038.121,
      "Actual Total Time": 2069.049,
      "Actual Rows": 1,
      "Actual Loops": 1,
      "Plans": [
        {
          "Node Type": "Gather",
          "Parent Relationship": "Outer",
          "Parallel Aware": false,
          "Startup Cost": 232543.12,
          "Total Cost": 232543.63,
          "Plan Rows": 5,
          "Plan Width": 8,
          "Actual Startup Time": 2034.246,
          "Actual Total Time": 2068.982,
          "Actual Rows": 6,
          "Actual Loops": 1,
          "Workers Planned": 5,
          "Workers Launched": 5,
          "Single Copy": false,
          "Plans": [
            {
              "Node Type": "Aggregate",
              "Strategy": "Plain",
              "Partial Mode": "Partial",
              "Parent Relationship": "Outer",
              "Parallel Aware": false,
              "Startup Cost": 231543.12,
              "Total Cost": 231543.13,
              "Plan Rows": 1,
              "Plan Width": 8,
              "Actual Startup Time": 2022.884,
              "Actual Total Time": 2022.895,
              "Actual Rows": 1,
              "Actual Loops": 6,
              "Plans": [
                {
                  "Node Type": "Hash Join",
                  "Parent Relationship": "Outer",
                  "Parallel Aware": true,
                  "Join Type": "Inner",
                  "Startup Cost": 65885.8,
                  "Total Cost": 231530.0,
                  "Plan Rows": 5246,
                  "Plan Width": 0,
                  "Actual Startup Time": 707.847,
                  "Actual Total Time": 2021.658,
                  "Actual Rows": 4957,
                  "Actual Loops": 6,
                  "Inner Unique": true,
                  "Hash Cond": "(mi.movie_id = t.id)",
                  "Plans": [
                    {
                      "Node Type": "Bitmap Heap Scan",
                      "Parent Relationship": "Outer",
                      "Parallel Aware": true,
                      "Relation Name": "movie_info",
                      "Alias": "mi",
                      "Startup Cost": 21814.75,
                      "Total Cost": 186825.28,
                      "Plan Rows": 241402,
                      "Plan Width": 4,
                      "Actual Startup Time": 511.447,
                      "Actual Total Time": 1815.257,
                      "Actual Rows": 200785,
                      "Actual Loops": 6,
                      "Recheck Cond": "(info_type_id > 18)",
                      "Rows Removed by Index Recheck": 0,
                      "Exact Heap Blocks": 5748,
                      "Lossy Heap Blocks": 0,
                      "Plans": [
                        {
                          "Node Type": "Bitmap Index Scan",
                          "Parent Relationship": "Outer",
                          "Parallel Aware": false,
                          "Index Name": "info_type_id_movie_info",
                          "Startup Cost": 0.0,
                          "Total Cost": 21513.0,
                          "Plan Rows": 1207009,
                          "Plan Width": 0,
                          "Actual Startup Time": 502.185,
                          "Actual Total Time": 502.186,
                          "Actual Rows": 1204709,
                          "Actual Loops": 1,
                          "Index Cond": "(info_type_id > 18)"
                        }
                      ]
                    },
                    {
                      "Node Type": "Hash",
                      "Parent Relationship": "Inner",
                      "Parallel Aware": true,
                      "Startup Cost": 43899.32,
                      "Total Cost": 43899.32,
                      "Plan Rows": 13738,
                      "Plan Width": 4,
                      "Actual Startup Time": 120.766,
                      "Actual Total Time": 120.772,
                      "Actual Rows": 8836,
                      "Actual Loops": 6,
                      "Hash Buckets": 65536,
                      "Original Hash Buckets": 65536,
                      "Hash Batches": 1,
                      "Original Hash Batches": 1,
                      "Peak Memory Usage": 2688,
                      "Plans": [
                        {
                          "Node Type": "Seq Scan",
                          "Parent Relationship": "Outer",
                          "Parallel Aware": true,
                          "Relation Name": "title",
                          "Alias": "t",
                          "Startup Cost": 0.0,
                          "Total Cost": 43899.32,
                          "Plan Rows": 13738,
                          "Plan Width": 4,
                          "Actual Startup Time": 0.063,
                          "Actual Total Time": 114.195,
                          "Actual Rows": 8836,
                          "Actual Loops": 6,
                          "Filter": "(production_year = 2000)",
                          "Rows Removed by Filter": 412550
                        }
                      ]
                    }
                  ]
                }
              ]
            }
          ]
        }
      ]
    },
    "Planning Time": 0.731,
    "Triggers": [],
    "Execution Time": 2069.163
  }
]