[
  {
    "Plan": {
      "Node Type": "Aggregate",
      "Strategy": "Plain",
      "Partial Mode": "Finalize",
      "Parallel Aware": false,
      "Startup Cost": 90947.69,
      "Total Cost": 90947.7,
      "Plan Rows": 1,
      "Plan Width": 8,
      "Actual Startup Time": 261.858,
      "Actual Total Time": 277.977,
      "Actual Rows": 1,
      "Actual Loops": 1,
      "Plans": [
        {
          "Node Type": "Gather",
          "Parent Relationship": "Outer",
          "Parallel Aware": false,
          "Startup Cost": 90947.37,
          "Total Cost": 90947.68,
          "Plan Rows": 3,
          "Plan Width": 8,
          "Actual Startup Time": 261.531,
          "Actual Total Time": 277.968,
          "Actual Rows": 4,
          "Actual Loops": 1,
          "Workers Planned": 3,
          "Workers Launched": 3,
          "Single Copy": false,
          "Plans": [
            {
              "Node Type": "Aggregate",
              "Strategy": "Plain",
              "Partial Mode": "Partial",
              "Parent Relationship": "Outer",
              "Parallel Aware": false,
              "Startup Cost": 89947.37,
              "Total Cost": 89947.38,
              "Plan Rows": 1,
              "Plan Width": 8,
              "Actual Startup Time": 257.706,
              "Actual Total Time": 257.709,
              "Actual Rows": 1,
              "Actual Loops": 4,
              "Plans": [
                {
                  "Node Type": "Hash Join",
                  "Parent Relationship": "Outer",
                  "Parallel Aware": true,
                  "Join Type": "Inner",
                  "Startup Cost": 45566.76,
                  "Total Cost": 89929.85,
                  "Plan Rows": 7009,
                  "Plan Width": 0,
                  "Actual Startup Time": 101.512,
                  "Actual Total Time": 257.471,
                  "Actual Rows": 3548,
                  "Actual Loops": 4,
                  "Inner Unique": true,
                  "Hash Cond": "(mk.movie_id = t.id)",
                  "Plans": [
                    {
                      "Node Type": "Seq Scan",
                      "Parent Relationship": "Outer",
                      "Parallel Aware": true,
                      "Relation Name": "movie_keyword",
                      "Alias": "mk",
                      "Startup Cost": 0.0,
                      "Total Cost": 42695.65,
                      "Plan Rows": 635212,
                      "Plan Width": 4,
                      "Actual Startup Time": 0.421,
                      "Actual Total Time": 114.565,
                      "Actual Rows": 489609,
                      "Actual Loops": 4,
                      "Filter": "(keyword_id > 6510)",
                      "Rows Removed by Filter": 641374
                    },
                    {
                      "Node Type": "Hash",
                      "Parent Relationship": "Inner",
                      "Parallel Aware": true,
                      "Startup Cost": 45479.59,
                      "Total Cost": 45479.59,
                      "Plan Rows": 6974,
                      "Plan Width": 4,
                      "Actual Startup Time": 100.355,
                      "Actual Total Time": 100.356,
                      "Actual Rows": 7666,
                      "Actual Loops": 4,
                      "Hash Buckets": 32768,
                      "Original Hash Buckets": 32768,
                      "Hash Batches": 1,
                      "Original Hash Batches": 1,
                      "Peak Memory Usage": 1504,
                      "Plans": [
                        {
                          "Node Type": "Seq Scan",
                          "Parent Relationship": "Outer",
                          "Parallel Aware": true,
                          "Relation Name": "title",
                          "Alias": "t",
                          "Startup Cost": 0.0,
                          "Total Cost": 45479.59,
                          "Plan Rows": 6974,
                          "Plan Width": 4,
                          "Actual Startup Time": 0.027,
                          "Actual Total Time": 96.507,
                          "Actual Rows": 7666,
                          "Actual Loops": 4,
                          "Filter": "((kind_id > 2) AND (production_year = 1997))",
                          "Rows Removed by Filter": 624412
                        }
                      ]
                    }
                  ]
                }
              ]
            }
          ]
        }
      ]
    },
    "Planning Time": 0.261,
    "Triggers": [],
    "Execution Time": 278.013
  }
]