[
  {
    "Plan": {
      "Node Type": "Aggregate",
      "Strategy": "Plain",
      "Partial Mode": "Finalize",
      "Parallel Aware": false,
      "Startup Cost": 110262.66,
      "Total Cost": 110262.67,
      "Plan Rows": 1,
      "Plan Width": 8,
      "Actual Startup Time": 596.449,
      "Actual Total Time": 618.886,
      "Actual Rows": 1,
      "Actual Loops": 1,
      "Plans": [
        {
          "Node Type": "Gather",
          "Parent Relationship": "Outer",
          "Parallel Aware": false,
          "Startup Cost": 110262.34,
          "Total Cost": 110262.65,
          "Plan Rows": 3,
          "Plan Width": 8,
          "Actual Startup Time": 594.139,
          "Actual Total Time": 618.877,
          "Actual Rows": 4,
          "Actual Loops": 1,
          "Workers Planned": 3,
          "Workers Launched": 3,
          "Single Copy": false,
          "Plans": [
            {
              "Node Type": "Aggregate",
              "Strategy": "Plain",
              "Partial Mode": "Partial",
              "Parent Relationship": "Outer",
              "Parallel Aware": false,
              "Startup Cost": 109262.34,
              "Total Cost": 109262.35,
              "Plan Rows": 1,
              "Plan Width": 8,
              "Actual Startup Time": 585.209,
              "Actual Total Time": 585.309,
              "Actual Rows": 1,
              "Actual Loops": 4,
              "Plans": [
                {
                  "Node Type": "Hash Join",
                  "Parent Relationship": "Outer",
                  "Parallel Aware": true,
                  "Join Type": "Inner",
                  "Startup Cost": 63683.48,
                  "Total Cost": 108865.2,
                  "Plan Rows": 158856,
                  "Plan Width": 0,
                  "Actual Startup Time": 297.883,
                  "Actual Total Time": 535.794,
                  "Actual Rows": 1153675,
                  "Actual Loops": 4,
                  "Inner Unique": false,
                  "Hash Cond": "(mk.movie_id = t.id)",
                  "Plans": [
                    {
                      "Node Type": "Seq Scan",
                      "Parent Relationship": "Outer",
                      "Parallel Aware": true,
                      "Relation Name": "movie_keyword",
                      "Alias": "mk",
                      "Startup Cost": 0.0,
                      "Total Cost": 39047.32,
                      "Plan Rows": 1459332,
                      "Plan Width": 4,
                      "Actual Startup Time": 0.033,
                      "Actual Total Time": 88.484,
                      "Actual Rows": 1130982,
                      "Actual Loops": 4
                    },
                    {
                      "Node Type": "Hash",
                      "Parent Relationship": "Inner",
                      "Parallel Aware": true,
                      "Startup Cost": 62249.98,
                      "Total Cost": 62249.98,
                      "Plan Rows": 114680,
                      "Plan Width": 8,
                      "Actual Startup Time": 258.727,
                      "Actual Total Time": 258.825,
                      "Actual Rows": 101076,
                      "Actual Loops": 4,
                      "Hash Buckets": 524288,
                      "Original Hash Buckets": 524288,
                      "Hash Batches": 1,
                      "Original Hash Batches": 1,
                      "Peak Memory Usage": 19968,
                      "Plans": [
                        {
                          "Node Type": "Hash Join",
                          "Parent Relationship": "Outer",
                          "Parallel Aware": true,
                          "Join Type": "Inner",
                          "Startup Cost": 47055.42,
                          "Total Cost": 62249.98,
                          "Plan Rows": 114680,
                          "Plan Width": 8,
                          "Actual Startup Time": 172.964,
                          "Actual Total Time": 233.428,
                          "Actual Rows": 101076,
                          "Actual Loops": 4,
                          "Inner Unique": true,
                          "Hash Cond": "(mi_idx.movie_id = t.id)",
                          "Plans": [
                            {
                              "Node Type": "Seq Scan",
                              "Parent Relationship": "Outer",
                              "Parallel Aware": true,
                              "Relation Name": "movie_info_idx",
                              "Alias": "mi_idx",
                              "Startup Cost": 0.0,
                              "Total Cost": 13685.15,
                              "Plan Rows": 575015,
                              "Plan Width": 4,
                              "Actual Startup Time": 0.011,
                              "Actual Total Time": 32.876,
                              "Actual Rows": 345009,
                              "Actual Loops": 4
                            },
                            {
                              "Node Type": "Hash",
                              "Parent Relationship": "Inner",
                              "Parallel Aware": true,
                              "Startup Cost": 45479.59,
                              "Total Cost": 45479.59,
                              "Plan Rows": 126067,
                              "Plan Width": 4,
                              "Actual Startup Time": 141.437,
                              "Actual Total Time": 141.438,
                              "Actual Rows": 94480,
                              "Actual Loops": 4,
                              "Hash Buckets": 524288,
                              "Original Hash Buckets": 524288,
                              "Hash Batches": 1,
                              "Original Hash Batches": 1,
                              "Peak Memory Usage": 18944,
                              "Plans": [
                                {
                                  "Node Type": "Seq Scan",
                                  "Parent Relationship": "Outer",
                                  "Parallel Aware": true,
                                  "Relation Name": "title",
                                  "Alias": "t",
                                  "Startup Cost": 0.0,
                                  "Total Cost": 45479.59,
                                  "Plan Rows": 126067,
                                  "Plan Width": 4,
                                  "Actual Startup Time": 50.593,
                                  "Actual Total Time": 107.919,
                                  "Actual Rows": 94480,
                                  "Actual Loops": 4,
                                  "Filter": "((production_year > 1981) AND (kind_id = 1))",
                                  "Rows Removed by Filter": 537598
                                }
                              ]
                            }
                          ]
                        }
                      ]
                    }
                  ]
                }
              ]
            }
          ]
        }
      ]
    },
    "Planning Time": 1.353,
    "Triggers": [],
    "Execution Time": 618.975
  }
]