[
  {
    "Plan": {
      "Node Type": "Aggregate",
      "Strategy": "Plain",
      "Partial Mode": "Finalize",
      "Parallel Aware": false,
      "Startup Cost": 31667.13,
      "Total Cost": 31667.14,
      "Plan Rows": 1,
      "Plan Width": 8,
      "Actual Startup Time": 112.673,
      "Actual Total Time": 120.734,
      "Actual Rows": 1,
      "Actual Loops": 1,
      "Plans": [
        {
          "Node Type": "Gather",
          "Parent Relationship": "Outer",
          "Parallel Aware": false,
          "Startup Cost": 31666.81,
          "Total Cost": 31667.12,
          "Plan Rows": 3,
          "Plan Width": 8,
          "Actual Startup Time": 112.55,
          "Actual Total Time": 120.722,
          "Actual Rows": 4,
          "Actual Loops": 1,
          "Workers Planned": 3,
          "Workers Launched": 3,
          "Single Copy": false,
          "Plans": [
            {
              "Node Type": "Aggregate",
              "Strategy": "Plain",
              "Partial Mode": "Partial",
              "Parent Relationship": "Outer",
              "Parallel Aware": false,
              "Startup Cost": 30666.81,
              "Total Cost": 30666.82,
              "Plan Rows": 1,
              "Plan Width": 8,
              "Actual Startup Time": 105.343,
              "Actual Total Time": 105.344,
              "Actual Rows": 1,
              "Actual Loops": 4,
              "Plans": [
                {
                  "Node Type": "Seq Scan",
                  "Parent Relationship": "Outer",
                  "Parallel Aware": true,
                  "Relation Name": "movie_companies",
                  "Alias": "mc",
                  "Startup Cost": 0.0,
                  "Total Cost": 29310.68,
                  "Plan Rows": 542451,
                  "Plan Width": 0,
                  "Actual Startup Time": 0.046,
                  "Actual Total Time": 82.463,
                  "Actual Rows": 417432,
                  "Actual Loops": 4,
                  "Filter": "(company_id < 19067)",
                  "Rows Removed by Filter": 234850
                }
              ]
            }
          ]
        }
      ]
    },
    "Planning Time": 0.157,
    "Triggers": [],
    "Execution Time": 120.78
  }
]