{
  "Plan": {
    "Node Type": "Aggregate",
    "Strategy": "Plain",
    "Partial Mode": "Finalize",
    "Parallel Aware": false,
    "Startup Cost": 80563.9,
    "Total Cost": 80563.91,
    "Plan Rows": 1,
    "Plan Width": 8,
    "Actual Startup Time": 217.469,
    "Actual Total Time": 229.1,
    "Actual Rows": 1,
    "Actual Loops": 1,
    "Plans": [
      {
        "Node Type": "Gather",
        "Parent Relationship": "Outer",
        "Parallel Aware": false,
        "Startup Cost": 80563.79,
        "Total Cost": 80563.9,
        "Plan Rows": 1,
        "Plan Width": 8,
        "Actual Startup Time": 217.046,
        "Actual Total Time": 229.092,
        "Actual Rows": 2,
        "Actual Loops": 1,
        "Workers Planned": 1,
        "Workers Launched": 1,
        "Single Copy": false,
        "Plans": [
          {
            "Node Type": "Aggregate",
            "Strategy": "Plain",
            "Partial Mode": "Partial",
            "Parent Relationship": "Outer",
            "Parallel Aware": false,
            "Startup Cost": 79563.79,
            "Total Cost": 79563.8,
            "Plan Rows": 1,
            "Plan Width": 8,
            "Actual Startup Time": 211.168,
            "Actual Total Time": 211.171,
            "Actual Rows": 1,
            "Actual Loops": 2,
            "Plans": [
              {
                "Node Type": "Hash Join",
                "Parent Relationship": "Outer",
                "Parallel Aware": true,
                "Join Type": "Inner",
                "Startup Cost": 24358.28,
                "Total Cost": 79556.23,
                "Plan Rows": 3021,
                "Plan Width": 0,
                "Actual Startup Time": 75.238,
                "Actual Total Time": 211.025,
                "Actual Rows": 1364,
                "Actual Loops": 2,
                "Inner Unique": false,
                "Hash Cond": "(t.id = mc.movie_id)",
                "Plans": [
                  {
                    "Node Type": "Seq Scan",
                    "Parent Relationship": "Outer",
                    "Parallel Aware": true,
                    "Relation Name": "title",
                    "Alias": "t",
                    "Startup Cost": 0.0,
                    "Total Cost": 54588.39,
                    "Plan Rows": 94687,
                    "Plan Width": 4,
                    "Actual Startup Time": 0.011,
                    "Actual Total Time": 114.7,
                    "Actual Rows": 82154,
                    "Actual Loops": 2,
                    "Filter": "(production_year = 2012)",
                    "Rows Removed by Filter": 1182002
                  },
                  {
                    "Node Type": "Hash",
                    "Parent Relationship": "Inner",
                    "Parallel Aware": true,
                    "Startup Cost": 23765.2,
                    "Total Cost": 23765.2,
                    "Plan Rows": 47446,
                    "Plan Width": 4,
                    "Actual Startup Time": 72.882,
                    "Actual Total Time": 72.883,
                    "Actual Rows": 64776,
                    "Actual Loops": 2,
                    "Hash Buckets": 131072,
                    "Original Hash Buckets": 131072,
                    "Hash Batches": 1,
                    "Original Hash Batches": 1,
                    "Peak Memory Usage": 6112,
                    "Plans": [
                      {
                        "Node Type": "Bitmap Heap Scan",
                        "Parent Relationship": "Outer",
                        "Parallel Aware": true,
                        "Relation Name": "movie_companies",
                        "Alias": "mc",
                        "Startup Cost": 3529.47,
                        "Total Cost": 23765.2,
                        "Plan Rows": 47446,
                        "Plan Width": 4,
                        "Actual Startup Time": 20.009,
                        "Actual Total Time": 56.987,
                        "Actual Rows": 64776,
                        "Actual Loops": 2,
                        "Recheck Cond": "(company_id < 34)",
                        "Rows Removed by Index Recheck": 0,
                        "Filter": "(company_type_id = 1)",
                        "Rows Removed by Filter": 19078,
                        "Exact Heap Blocks": 10579,
                        "Lossy Heap Blocks": 0,
                        "Plans": [
                          {
                            "Node Type": "Bitmap Index Scan",
                            "Parent Relationship": "Outer",
                            "Parallel Aware": false,
                            "Index Name": "company_id_movie_companies",
                            "Startup Cost": 0.0,
                            "Total Cost": 3509.3,
                            "Plan Rows": 163850,
                            "Plan Width": 0,
                            "Actual Startup Time": 19.721,
                            "Actual Total Time": 19.721,
                            "Actual Rows": 167708,
                            "Actual Loops": 1,
                            "Index Cond": "(company_id < 34)"
                          }
                        ]
                      }
                    ]
                  }
                ]
              }
            ]
          }
        ]
      }
    ]
  },
  "Planning Time": 0.581,
  "Triggers": [],
  "Execution Time": 229.195
}