[
  {
    "Plan": {
      "Node Type": "Aggregate",
      "Strategy": "Plain",
      "Partial Mode": "Finalize",
      "Parallel Aware": false,
      "Startup Cost": 165164.36,
      "Total Cost": 165164.37,
      "Plan Rows": 1,
      "Plan Width": 8,
      "Actual Startup Time": 1039.916,
      "Actual Total Time": 1120.896,
      "Actual Rows": 1,
      "Actual Loops": 1,
      "Plans": [
        {
          "Node Type": "Gather",
          "Parent Relationship": "Outer",
          "Parallel Aware": false,
          "Startup Cost": 165164.05,
          "Total Cost": 165164.36,
          "Plan Rows": 3,
          "Plan Width": 8,
          "Actual Startup Time": 1031.906,
          "Actual Total Time": 1120.88,
          "Actual Rows": 4,
          "Actual Loops": 1,
          "Workers Planned": 3,
          "Workers Launched": 3,
          "Single Copy": false,
          "Plans": [
            {
              "Node Type": "Aggregate",
              "Strategy": "Plain",
              "Partial Mode": "Partial",
              "Parent Relationship": "Outer",
              "Parallel Aware": false,
              "Startup Cost": 164164.05,
              "Total Cost": 164164.06,
              "Plan Rows": 1,
              "Plan Width": 8,
              "Actual Startup Time": 1026.726,
              "Actual Total Time": 1026.977,
              "Actual Rows": 1,
              "Actual Loops": 4,
              "Plans": [
                {
                  "Node Type": "Nested Loop",
                  "Parent Relationship": "Outer",
                  "Parallel Aware": false,
                  "Join Type": "Inner",
                  "Startup Cost": 57695.24,
                  "Total Cost": 163161.72,
                  "Plan Rows": 400932,
                  "Plan Width": 0,
                  "Actual Startup Time": 281.114,
                  "Actual Total Time": 1001.272,
                  "Actual Rows": 428242,
                  "Actual Loops": 4,
                  "Inner Unique": false,
                  "Plans": [
                    {
                      "Node Type": "Hash Join",
                      "Parent Relationship": "Outer",
                      "Parallel Aware": true,
                      "Join Type": "Inner",
                      "Startup Cost": 57694.68,
                      "Total Cost": 78689.53,
                      "Plan Rows": 27964,
                      "Plan Width": 8,
                      "Actual Startup Time": 280.971,
                      "Actual Total Time": 349.472,
                      "Actual Rows": 16910,
                      "Actual Loops": 4,
                      "Inner Unique": true,
                      "Hash Cond": "(mc.movie_id = t.id)",
                      "Plans": [
                        {
                          "Node Type": "Bitmap Heap Scan",
                          "Parent Relationship": "Outer",
                          "Parallel Aware": true,
                          "Relation Name": "movie_companies",
                          "Alias": "mc",
                          "Startup Cost": 9010.83,
                          "Total Cost": 29824.67,
                          "Plan Rows": 68955,
                          "Plan Width": 4,
                          "Actual Startup Time": 32.632,
                          "Actual Total Time": 57.234,
                          "Actual Rows": 103584,
                          "Actual Loops": 4,
                          "Recheck Cond": "(company_id > 80587)",
                          "Rows Removed by Index Recheck": 0,
                          "Filter": "(company_type_id > 1)",
                          "Rows Removed by Filter": 0,
                          "Exact Heap Blocks": 2294,
                          "Lossy Heap Blocks": 0,
                          "Plans": [
                            {
                              "Node Type": "Bitmap Index Scan",
                              "Parent Relationship": "Outer",
                              "Parallel Aware": false,
                              "Index Name": "company_id_movie_companies",
                              "Startup Cost": 0.0,
                              "Total Cost": 8957.39,
                              "Plan Rows": 418261,
                              "Plan Width": 0,
                              "Actual Startup Time": 31.203,
                              "Actual Total Time": 31.204,
                              "Actual Rows": 414337,
                              "Actual Loops": 1,
                              "Index Cond": "(company_id > 80587)"
                            }
                          ]
                        },
                        {
                          "Node Type": "Hash",
                          "Parent Relationship": "Inner",
                          "Parallel Aware": true,
                          "Startup Cost": 45479.59,
                          "Total Cost": 45479.59,
                          "Plan Rows": 256341,
                          "Plan Width": 4,
                          "Actual Startup Time": 245.361,
                          "Actual Total Time": 245.362,
                          "Actual Rows": 276860,
                          "Actual Loops": 4,
                          "Hash Buckets": 2097152,
                          "Original Hash Buckets": 1048576,
                          "Hash Batches": 1,
                          "Original Hash Batches": 1,
                          "Peak Memory Usage": 67968,
                          "Plans": [
                            {
                              "Node Type": "Seq Scan",
                              "Parent Relationship": "Outer",
                              "Parallel Aware": true,
                              "Relation Name": "title",
                              "Alias": "t",
                              "Startup Cost": 0.0,
                              "Total Cost": 45479.59,
                              "Plan Rows": 256341,
                              "Plan Width": 4,
                              "Actual Startup Time": 0.033,
                              "Actual Total Time": 111.652,
                              "Actual Rows": 276860,
                              "Actual Loops": 4,
                              "Filter": "((kind_id > 1) AND (production_year > 2000))",
                              "Rows Removed by Filter": 355218
                            }
                          ]
                        }
                      ]
                    },
                    {
                      "Node Type": "Index Only Scan",
                      "Parent Relationship": "Inner",
                      "Parallel Aware": false,
                      "Scan Direction": "Forward",
                      "Index Name": "movie_id_cast_info",
                      "Relation Name": "cast_info",
                      "Alias": "ci",
                      "Startup Cost": 0.56,
                      "Total Cost": 2.67,
                      "Plan Rows": 35,
                      "Plan Width": 4,
                      "Actual Startup Time": 0.008,
                      "Actual Total Time": 0.036,
                      "Actual Rows": 25,
                      "Actual Loops": 67641,
                      "Index Cond": "(movie_id = t.id)",
                      "Rows Removed by Index Recheck": 0,
                      "Heap Fetches": 1712970
                    }
                  ]
                }
              ]
            }
          ]
        }
      ]
    },
    "Planning Time": 0.643,
    "Triggers": [],
    "Execution Time": 1120.99
  }
]