{
  "Plan": {
    "Node Type": "Aggregate",
    "Strategy": "Plain",
    "Partial Mode": "Finalize",
    "Parallel Aware": false,
    "Startup Cost": 103004.36,
    "Total Cost": 103004.37,
    "Plan Rows": 1,
    "Plan Width": 8,
    "Actual Startup Time": 288.413,
    "Actual Total Time": 297.69,
    "Actual Rows": 1,
    "Actual Loops": 1,
    "Plans": [
      {
        "Node Type": "Gather",
        "Parent Relationship": "Outer",
        "Parallel Aware": false,
        "Startup Cost": 103004.25,
        "Total Cost": 103004.36,
        "Plan Rows": 1,
        "Plan Width": 8,
        "Actual Startup Time": 288.121,
        "Actual Total Time": 297.673,
        "Actual Rows": 2,
        "Actual Loops": 1,
        "Workers Planned": 1,
        "Workers Launched": 1,
        "Single Copy": false,
        "Plans": [
          {
            "Node Type": "Aggregate",
            "Strategy": "Plain",
            "Partial Mode": "Partial",
            "Parent Relationship": "Outer",
            "Parallel Aware": false,
            "Startup Cost": 102004.25,
            "Total Cost": 102004.26,
            "Plan Rows": 1,
            "Plan Width": 8,
            "Actual Startup Time": 282.096,
            "Actual Total Time": 282.1,
            "Actual Rows": 1,
            "Actual Loops": 2,
            "Plans": [
              {
                "Node Type": "Hash Join",
                "Parent Relationship": "Outer",
                "Parallel Aware": true,
                "Join Type": "Inner",
                "Startup Cost": 70568.45,
                "Total Cost": 101986.99,
                "Plan Rows": 6905,
                "Plan Width": 0,
                "Actual Startup Time": 179.961,
                "Actual Total Time": 281.553,
                "Actual Rows": 9825,
                "Actual Loops": 2,
                "Inner Unique": true,
                "Hash Cond": "(mk.movie_id = t.id)",
                "Plans": [
                  {
                    "Node Type": "Bitmap Heap Scan",
                    "Parent Relationship": "Outer",
                    "Parallel Aware": true,
                    "Relation Name": "movie_keyword",
                    "Alias": "mk",
                    "Startup Cost": 16607.06,
                    "Total Cost": 46816.88,
                    "Plan Rows": 460465,
                    "Plan Width": 4,
                    "Actual Startup Time": 45.276,
                    "Actual Total Time": 140.455,
                    "Actual Rows": 386608,
                    "Actual Loops": 2,
                    "Recheck Cond": "(keyword_id > 24369)",
                    "Rows Removed by Index Recheck": 0,
                    "Exact Heap Blocks": 15029,
                    "Lossy Heap Blocks": 0,
                    "Plans": [
                      {
                        "Node Type": "Bitmap Index Scan",
                        "Parent Relationship": "Outer",
                        "Parallel Aware": false,
                        "Index Name": "keyword_id_movie_keyword",
                        "Startup Cost": 0.0,
                        "Total Cost": 16411.36,
                        "Plan Rows": 782791,
                        "Plan Width": 0,
                        "Actual Startup Time": 41.554,
                        "Actual Total Time": 41.555,
                        "Actual Rows": 773217,
                        "Actual Loops": 1,
                        "Index Cond": "(keyword_id > 24369)"
                      }
                    ]
                  },
                  {
                    "Node Type": "Hash",
                    "Parent Relationship": "Inner",
                    "Parallel Aware": true,
                    "Startup Cost": 53682.59,
                    "Total Cost": 53682.59,
                    "Plan Rows": 22304,
                    "Plan Width": 4,
                    "Actual Startup Time": 102.327,
                    "Actual Total Time": 102.328,
                    "Actual Rows": 16595,
                    "Actual Loops": 2,
                    "Hash Buckets": 65536,
                    "Original Hash Buckets": 65536,
                    "Hash Batches": 1,
                    "Original Hash Batches": 1,
                    "Peak Memory Usage": 1824,
                    "Plans": [
                      {
                        "Node Type": "Bitmap Heap Scan",
                        "Parent Relationship": "Outer",
                        "Parallel Aware": true,
                        "Relation Name": "title",
                        "Alias": "t",
                        "Startup Cost": 11832.33,
                        "Total Cost": 53682.59,
                        "Plan Rows": 22304,
                        "Plan Width": 4,
                        "Actual Startup Time": 36.707,
                        "Actual Total Time": 97.254,
                        "Actual Rows": 16595,
                        "Actual Loops": 2,
                        "Recheck Cond": "(kind_id = 1)",
                        "Rows Removed by Index Recheck": 0,
                        "Filter": "(production_year = 2010)",
                        "Rows Removed by Filter": 314818,
                        "Exact Heap Blocks": 9322,
                        "Lossy Heap Blocks": 0,
                        "Plans": [
                          {
                            "Node Type": "Bitmap Index Scan",
                            "Parent Relationship": "Outer",
                            "Parallel Aware": false,
                            "Index Name": "kind_id_title",
                            "Startup Cost": 0.0,
                            "Total Cost": 11822.85,
                            "Plan Rows": 663256,
                            "Plan Width": 0,
                            "Actual Startup Time": 39.319,
                            "Actual Total Time": 39.319,
                            "Actual Rows": 662825,
                            "Actual Loops": 1,
                            "Index Cond": "(kind_id = 1)"
                          }
                        ]
                      }
                    ]
                  }
                ]
              }
            ]
          }
        ]
      }
    ]
  },
  "Planning Time": 0.506,
  "Triggers": [],
  "Execution Time": 297.796
}