{
  "Plan": {
    "Node Type": "Aggregate",
    "Strategy": "Plain",
    "Partial Mode": "Finalize",
    "Parallel Aware": false,
    "Startup Cost": 356712.88,
    "Total Cost": 356712.89,
    "Plan Rows": 1,
    "Plan Width": 8,
    "Actual Startup Time": 2962.94,
    "Actual Total Time": 3002.36,
    "Actual Rows": 1,
    "Actual Loops": 1,
    "Plans": [
      {
        "Node Type": "Gather",
        "Parent Relationship": "Outer",
        "Parallel Aware": false,
        "Startup Cost": 356712.77,
        "Total Cost": 356712.88,
        "Plan Rows": 1,
        "Plan Width": 8,
        "Actual Startup Time": 2962.814,
        "Actual Total Time": 3002.352,
        "Actual Rows": 2,
        "Actual Loops": 1,
        "Workers Planned": 1,
        "Workers Launched": 1,
        "Single Copy": false,
        "Plans": [
          {
            "Node Type": "Aggregate",
            "Strategy": "Plain",
            "Partial Mode": "Partial",
            "Parent Relationship": "Outer",
            "Parallel Aware": false,
            "Startup Cost": 355712.77,
            "Total Cost": 355712.78,
            "Plan Rows": 1,
            "Plan Width": 8,
            "Actual Startup Time": 2956.976,
            "Actual Total Time": 2956.977,
            "Actual Rows": 1,
            "Actual Loops": 2,
            "Plans": [
              {
                "Node Type": "Merge Join",
                "Parent Relationship": "Outer",
                "Parallel Aware": false,
                "Join Type": "Inner",
                "Startup Cost": 20.3,
                "Total Cost": 354632.03,
                "Plan Rows": 432296,
                "Plan Width": 0,
                "Actual Startup Time": 15.611,
                "Actual Total Time": 2858.517,
                "Actual Rows": 2290212,
                "Actual Loops": 2,
                "Inner Unique": false,
                "Merge Cond": "(t.id = mi_idx.movie_id)",
                "Plans": [
                  {
                    "Node Type": "Merge Join",
                    "Parent Relationship": "Outer",
                    "Parallel Aware": false,
                    "Join Type": "Inner",
                    "Startup Cost": 13.94,
                    "Total Cost": 291556.02,
                    "Plan Rows": 791988,
                    "Plan Width": 8,
                    "Actual Startup Time": 9.353,
                    "Actual Total Time": 1806.584,
                    "Actual Rows": 935261,
                    "Actual Loops": 2,
                    "Inner Unique": true,
                    "Merge Cond": "(mk.movie_id = t.id)",
                    "Plans": [
                      {
                        "Node Type": "Index Only Scan",
                        "Parent Relationship": "Outer",
                        "Parallel Aware": true,
                        "Scan Direction": "Forward",
                        "Index Name": "movie_id_movie_keyword",
                        "Relation Name": "movie_keyword",
                        "Alias": "mk",
                        "Startup Cost": 0.43,
                        "Total Cost": 158560.11,
                        "Plan Rows": 2661135,
                        "Plan Width": 4,
                        "Actual Startup Time": 0.101,
                        "Actual Total Time": 430.942,
                        "Actual Rows": 2261962,
                        "Actual Loops": 2,
                        "Heap Fetches": 4523925
                      },
                      {
                        "Node Type": "Index Scan",
                        "Parent Relationship": "Inner",
                        "Parallel Aware": false,
                        "Scan Direction": "Forward",
                        "Index Name": "title_pkey",
                        "Relation Name": "title",
                        "Alias": "t",
                        "Startup Cost": 0.43,
                        "Total Cost": 116660.7,
                        "Plan Rows": 752452,
                        "Plan Width": 4,
                        "Actual Startup Time": 1.038,
                        "Actual Total Time": 1173.48,
                        "Actual Rows": 755260,
                        "Actual Loops": 2,
                        "Filter": "(production_year < 1993)",
                        "Rows Removed by Filter": 1770493
                      }
                    ]
                  },
                  {
                    "Node Type": "Index Only Scan",
                    "Parent Relationship": "Inner",
                    "Parallel Aware": false,
                    "Scan Direction": "Forward",
                    "Index Name": "movie_id_movie_info_idx",
                    "Relation Name": "movie_info_idx",
                    "Alias": "mi_idx",
                    "Startup Cost": 0.43,
                    "Total Cost": 53620.22,
                    "Plan Rows": 1380035,
                    "Plan Width": 4,
                    "Actual Startup Time": 0.082,
                    "Actual Total Time": 711.582,
                    "Actual Rows": 3517795,
                    "Actual Loops": 2,
                    "Heap Fetches": 7035590
                  }
                ]
              }
            ]
          }
        ]
      }
    ]
  },
  "Planning Time": 0.943,
  "Triggers": [],
  "Execution Time": 3002.51
}