{
  "Plan": {
    "Node Type": "Aggregate",
    "Strategy": "Plain",
    "Partial Mode": "Finalize",
    "Parallel Aware": false,
    "Startup Cost": 580346.6,
    "Total Cost": 580346.61,
    "Plan Rows": 1,
    "Plan Width": 8,
    "Actual Startup Time": 3526.966,
    "Actual Total Time": 3593.452,
    "Actual Rows": 1,
    "Actual Loops": 1,
    "Plans": [
      {
        "Node Type": "Gather",
        "Parent Relationship": "Outer",
        "Parallel Aware": false,
        "Startup Cost": 580346.49,
        "Total Cost": 580346.6,
        "Plan Rows": 1,
        "Plan Width": 8,
        "Actual Startup Time": 3526.593,
        "Actual Total Time": 3593.443,
        "Actual Rows": 2,
        "Actual Loops": 1,
        "Workers Planned": 1,
        "Workers Launched": 1,
        "Single Copy": false,
        "Plans": [
          {
            "Node Type": "Aggregate",
            "Strategy": "Plain",
            "Partial Mode": "Partial",
            "Parent Relationship": "Outer",
            "Parallel Aware": false,
            "Startup Cost": 579346.49,
            "Total Cost": 579346.5,
            "Plan Rows": 1,
            "Plan Width": 8,
            "Actual Startup Time": 3520.801,
            "Actual Total Time": 3520.804,
            "Actual Rows": 1,
            "Actual Loops": 2,
            "Plans": [
              {
                "Node Type": "Hash Join",
                "Parent Relationship": "Outer",
                "Parallel Aware": true,
                "Join Type": "Inner",
                "Startup Cost": 55370.83,
                "Total Cost": 577104.18,
                "Plan Rows": 896922,
                "Plan Width": 0,
                "Actual Startup Time": 153.197,
                "Actual Total Time": 3509.672,
                "Actual Rows": 252652,
                "Actual Loops": 2,
                "Inner Unique": true,
                "Hash Cond": "(ci.movie_id = t.id)",
                "Plans": [
                  {
                    "Node Type": "Seq Scan",
                    "Parent Relationship": "Outer",
                    "Parallel Aware": true,
                    "Relation Name": "cast_info",
                    "Alias": "ci",
                    "Startup Cost": 0.0,
                    "Total Cost": 465792.95,
                    "Plan Rows": 21310595,
                    "Plan Width": 4,
                    "Actual Startup Time": 0.012,
                    "Actual Total Time": 1309.904,
                    "Actual Rows": 18122172,
                    "Actual Loops": 2
                  },
                  {
                    "Node Type": "Hash",
                    "Parent Relationship": "Inner",
                    "Parallel Aware": true,
                    "Startup Cost": 54588.39,
                    "Total Cost": 54588.39,
                    "Plan Rows": 62595,
                    "Plan Width": 4,
                    "Actual Startup Time": 150.261,
                    "Actual Total Time": 150.261,
                    "Actual Rows": 53414,
                    "Actual Loops": 2,
                    "Hash Buckets": 131072,
                    "Original Hash Buckets": 131072,
                    "Hash Batches": 1,
                    "Original Hash Batches": 1,
                    "Peak Memory Usage": 5248,
                    "Plans": [
                      {
                        "Node Type": "Seq Scan",
                        "Parent Relationship": "Outer",
                        "Parallel Aware": true,
                        "Relation Name": "title",
                        "Alias": "t",
                        "Startup Cost": 0.0,
                        "Total Cost": 54588.39,
                        "Plan Rows": 62595,
                        "Plan Width": 4,
                        "Actual Startup Time": 57.75,
                        "Actual Total Time": 138.949,
                        "Actual Rows": 53414,
                        "Actual Loops": 2,
                        "Filter": "(production_year < 1927)",
                        "Rows Removed by Filter": 1210742
                      }
                    ]
                  }
                ]
              }
            ]
          }
        ]
      }
    ]
  },
  "Planning Time": 0.618,
  "Triggers": [],
  "Execution Time": 3593.566
}