[
  {
    "Plan": {
      "Node Type": "Aggregate",
      "Strategy": "Plain",
      "Partial Mode": "Finalize",
      "Parallel Aware": false,
      "Startup Cost": 46346.33,
      "Total Cost": 46346.34,
      "Plan Rows": 1,
      "Plan Width": 8,
      "Actual Startup Time": 139.194,
      "Actual Total Time": 152.966,
      "Actual Rows": 1,
      "Actual Loops": 1,
      "Plans": [
        {
          "Node Type": "Gather",
          "Parent Relationship": "Outer",
          "Parallel Aware": false,
          "Startup Cost": 46345.91,
          "Total Cost": 46346.32,
          "Plan Rows": 4,
          "Plan Width": 8,
          "Actual Startup Time": 138.954,
          "Actual Total Time": 152.946,
          "Actual Rows": 5,
          "Actual Loops": 1,
          "Workers Planned": 4,
          "Workers Launched": 4,
          "Single Copy": false,
          "Plans": [
            {
              "Node Type": "Aggregate",
              "Strategy": "Plain",
              "Partial Mode": "Partial",
              "Parent Relationship": "Outer",
              "Parallel Aware": false,
              "Startup Cost": 45345.91,
              "Total Cost": 45345.92,
              "Plan Rows": 1,
              "Plan Width": 8,
              "Actual Startup Time": 131.656,
              "Actual Total Time": 131.658,
              "Actual Rows": 1,
              "Actual Loops": 5,
              "Plans": [
                {
                  "Node Type": "Seq Scan",
                  "Parent Relationship": "Outer",
                  "Parallel Aware": true,
                  "Relation Name": "title",
                  "Alias": "t",
                  "Startup Cost": 0.0,
                  "Total Cost": 43899.32,
                  "Plan Rows": 578634,
                  "Plan Width": 0,
                  "Actual Startup Time": 0.044,
                  "Actual Total Time": 108.198,
                  "Actual Rows": 460941,
                  "Actual Loops": 5,
                  "Filter": "(production_year > 1944)",
                  "Rows Removed by Filter": 44721
                }
              ]
            }
          ]
        }
      ]
    },
    "Planning Time": 0.105,
    "Triggers": [],
    "Execution Time": 153.013
  }
]