[
  {
    "Plan": {
      "Node Type": "Aggregate",
      "Strategy": "Plain",
      "Partial Mode": "Finalize",
      "Parallel Aware": false,
      "Startup Cost": 46341.74,
      "Total Cost": 46341.75,
      "Plan Rows": 1,
      "Plan Width": 8,
      "Actual Startup Time": 125.219,
      "Actual Total Time": 139.011,
      "Actual Rows": 1,
      "Actual Loops": 1,
      "Plans": [
        {
          "Node Type": "Gather",
          "Parent Relationship": "Outer",
          "Parallel Aware": false,
          "Startup Cost": 46341.32,
          "Total Cost": 46341.73,
          "Plan Rows": 4,
          "Plan Width": 8,
          "Actual Startup Time": 124.987,
          "Actual Total Time": 139.001,
          "Actual Rows": 5,
          "Actual Loops": 1,
          "Workers Planned": 4,
          "Workers Launched": 4,
          "Single Copy": false,
          "Plans": [
            {
              "Node Type": "Aggregate",
              "Strategy": "Plain",
              "Partial Mode": "Partial",
              "Parent Relationship": "Outer",
              "Parallel Aware": false,
              "Startup Cost": 45341.32,
              "Total Cost": 45341.33,
              "Plan Rows": 1,
              "Plan Width": 8,
              "Actual Startup Time": 117.085,
              "Actual Total Time": 117.086,
              "Actual Rows": 1,
              "Actual Loops": 5,
              "Plans": [
                {
                  "Node Type": "Seq Scan",
                  "Parent Relationship": "Outer",
                  "Parallel Aware": true,
                  "Relation Name": "title",
                  "Alias": "t",
                  "Startup Cost": 0.0,
                  "Total Cost": 43898.92,
                  "Plan Rows": 576962,
                  "Plan Width": 0,
                  "Actual Startup Time": 0.042,
                  "Actual Total Time": 94.696,
                  "Actual Rows": 460941,
                  "Actual Loops": 5,
                  "Filter": "(production_year > 1944)",
                  "Rows Removed by Filter": 44721
                }
              ]
            }
          ]
        }
      ]
    },
    "Planning Time": 0.164,
    "Triggers": [],
    "Execution Time": 139.082
  }
]