[
  {
    "Plan": {
      "Node Type": "Aggregate",
      "Strategy": "Plain",
      "Partial Mode": "Finalize",
      "Parallel Aware": false,
      "Startup Cost": 46702.47,
      "Total Cost": 46702.48,
      "Plan Rows": 1,
      "Plan Width": 8,
      "Actual Startup Time": 169.569,
      "Actual Total Time": 177.207,
      "Actual Rows": 1,
      "Actual Loops": 1,
      "Plans": [
        {
          "Node Type": "Gather",
          "Parent Relationship": "Outer",
          "Parallel Aware": false,
          "Startup Cost": 46702.16,
          "Total Cost": 46702.47,
          "Plan Rows": 3,
          "Plan Width": 8,
          "Actual Startup Time": 169.467,
          "Actual Total Time": 177.199,
          "Actual Rows": 4,
          "Actual Loops": 1,
          "Workers Planned": 3,
          "Workers Launched": 3,
          "Single Copy": false,
          "Plans": [
            {
              "Node Type": "Aggregate",
              "Strategy": "Plain",
              "Partial Mode": "Partial",
              "Parent Relationship": "Outer",
              "Parallel Aware": false,
              "Startup Cost": 45702.16,
              "Total Cost": 45702.17,
              "Plan Rows": 1,
              "Plan Width": 8,
              "Actual Startup Time": 162.695,
              "Actual Total Time": 162.696,
              "Actual Rows": 1,
              "Actual Loops": 4,
              "Plans": [
                {
                  "Node Type": "Seq Scan",
                  "Parent Relationship": "Outer",
                  "Parallel Aware": true,
                  "Relation Name": "movie_keyword",
                  "Alias": "mk",
                  "Startup Cost": 0.0,
                  "Total Cost": 42695.65,
                  "Plan Rows": 1202601,
                  "Plan Width": 0,
                  "Actual Startup Time": 0.051,
                  "Actual Total Time": 121.263,
                  "Actual Rows": 933823,
                  "Actual Loops": 4,
                  "Filter": "(keyword_id < 23842)",
                  "Rows Removed by Filter": 197159
                }
              ]
            }
          ]
        }
      ]
    },
    "Planning Time": 0.149,
    "Triggers": [],
    "Execution Time": 177.263
  }
]