[
  {
    "Plan": {
      "Node Type": "Aggregate",
      "Strategy": "Plain",
      "Partial Mode": "Finalize",
      "Parallel Aware": false,
      "Startup Cost": 101142.6,
      "Total Cost": 101142.61,
      "Plan Rows": 1,
      "Plan Width": 8,
      "Actual Startup Time": 458.081,
      "Actual Total Time": 466.897,
      "Actual Rows": 1,
      "Actual Loops": 1,
      "Plans": [
        {
          "Node Type": "Gather",
          "Parent Relationship": "Outer",
          "Parallel Aware": false,
          "Startup Cost": 101142.39,
          "Total Cost": 101142.6,
          "Plan Rows": 2,
          "Plan Width": 8,
          "Actual Startup Time": 454.551,
          "Actual Total Time": 466.89,
          "Actual Rows": 3,
          "Actual Loops": 1,
          "Workers Planned": 2,
          "Workers Launched": 2,
          "Single Copy": false,
          "Plans": [
            {
              "Node Type": "Aggregate",
              "Strategy": "Plain",
              "Partial Mode": "Partial",
              "Parent Relationship": "Outer",
              "Parallel Aware": false,
              "Startup Cost": 100142.39,
              "Total Cost": 100142.4,
              "Plan Rows": 1,
              "Plan Width": 8,
              "Actual Startup Time": 448.974,
              "Actual Total Time": 449.117,
              "Actual Rows": 1,
              "Actual Loops": 3,
              "Plans": [
                {
                  "Node Type": "Hash Join",
                  "Parent Relationship": "Outer",
                  "Parallel Aware": true,
                  "Join Type": "Inner",
                  "Startup Cost": 83140.75,
                  "Total Cost": 99922.65,
                  "Plan Rows": 87895,
                  "Plan Width": 0,
                  "Actual Startup Time": 378.012,
                  "Actual Total Time": 447.744,
                  "Actual Rows": 33436,
                  "Actual Loops": 3,
                  "Inner Unique": false,
                  "Hash Cond": "(mi_idx.movie_id = t.id)",
                  "Plans": [
                    {
                      "Node Type": "Seq Scan",
                      "Parent Relationship": "Outer",
                      "Parallel Aware": true,
                      "Relation Name": "movie_info_idx",
                      "Alias": "mi_idx",
                      "Startup Cost": 0.0,
                      "Total Cost": 15122.68,
                      "Plan Rows": 383860,
                      "Plan Width": 4,
                      "Actual Startup Time": 0.025,
                      "Actual Total Time": 39.6,
                      "Actual Rows": 306617,
                      "Actual Loops": 3,
                      "Filter": "(info_type_id < 101)",
                      "Rows Removed by Filter": 153395
                    },
                    {
                      "Node Type": "Hash",
                      "Parent Relationship": "Inner",
                      "Parallel Aware": true,
                      "Startup Cost": 81331.6,
                      "Total Cost": 81331.6,
                      "Plan Rows": 144732,
                      "Plan Width": 8,
                      "Actual Startup Time": 368.268,
                      "Actual Total Time": 368.408,
                      "Actual Rows": 42416,
                      "Actual Loops": 3,
                      "Hash Buckets": 1048576,
                      "Original Hash Buckets": 1048576,
                      "Hash Batches": 1,
                      "Original Hash Batches": 1,
                      "Peak Memory Usage": 13216,
                      "Plans": [
                        {
                          "Node Type": "Hash Join",
                          "Parent Relationship": "Outer",
                          "Parallel Aware": true,
                          "Join Type": "Inner",
                          "Startup Cost": 34760.81,
                          "Total Cost": 81331.6,
                          "Plan Rows": 144732,
                          "Plan Width": 8,
                          "Actual Startup Time": 143.566,
                          "Actual Total Time": 349.163,
                          "Actual Rows": 42416,
                          "Actual Loops": 3,
                          "Inner Unique": false,
                          "Hash Cond": "(t.id = mc.movie_id)",
                          "Plans": [
                            {
                              "Node Type": "Seq Scan",
                              "Parent Relationship": "Outer",
                              "Parallel Aware": true,
                              "Relation Name": "title",
                              "Alias": "t",
                              "Startup Cost": 0.0,
                              "Total Cost": 43899.01,
                              "Plan Rows": 440982,
                              "Plan Width": 4,
                              "Actual Startup Time": 0.01,
                              "Actual Total Time": 95.687,
                              "Actual Rows": 591545,
                              "Actual Loops": 3,
                              "Filter": "(kind_id > 2)",
                              "Rows Removed by Filter": 251226
                            },
                            {
                              "Node Type": "Hash",
                              "Parent Relationship": "Inner",
                              "Parallel Aware": true,
                              "Startup Cost": 31414.82,
                              "Total Cost": 31414.82,
                              "Plan Rows": 267679,
                              "Plan Width": 4,
                              "Actual Startup Time": 139.413,
                              "Actual Total Time": 139.414,
                              "Actual Rows": 209191,
                              "Actual Loops": 3,
                              "Hash Buckets": 1048576,
                              "Original Hash Buckets": 1048576,
                              "Hash Batches": 1,
                              "Original Hash Batches": 1,
                              "Peak Memory Usage": 32768,
                              "Plans": [
                                {
                                  "Node Type": "Seq Scan",
                                  "Parent Relationship": "Outer",
                                  "Parallel Aware": true,
                                  "Relation Name": "movie_companies",
                                  "Alias": "mc",
                                  "Startup Cost": 0.0,
                                  "Total Cost": 31414.82,
                                  "Plan Rows": 267679,
                                  "Plan Width": 4,
                                  "Actual Startup Time": 2.644,
                                  "Actual Total Time": 85.641,
                                  "Actual Rows": 209191,
                                  "Actual Loops": 3,
                                  "Filter": "((company_id > 3064) AND (company_type_id < 2))",
                                  "Rows Removed by Filter": 660519
                                }
                              ]
                            }
                          ]
                        }
                      ]
                    }
                  ]
                }
              ]
            }
          ]
        }
      ]
    },
    "Planning Time": 1.261,
    "Triggers": [],
    "Execution Time": 466.966
  }
]