{
  "Plan": {
    "Node Type": "Aggregate",
    "Strategy": "Plain",
    "Partial Mode": "Finalize",
    "Parallel Aware": false,
    "Startup Cost": 37289.46,
    "Total Cost": 37289.47,
    "Plan Rows": 1,
    "Plan Width": 8,
    "Actual Startup Time": 44.933,
    "Actual Total Time": 51.604,
    "Actual Rows": 1,
    "Actual Loops": 1,
    "Plans": [
      {
        "Node Type": "Gather",
        "Parent Relationship": "Outer",
        "Parallel Aware": false,
        "Startup Cost": 37289.34,
        "Total Cost": 37289.45,
        "Plan Rows": 1,
        "Plan Width": 8,
        "Actual Startup Time": 44.794,
        "Actual Total Time": 51.598,
        "Actual Rows": 2,
        "Actual Loops": 1,
        "Workers Planned": 1,
        "Workers Launched": 1,
        "Single Copy": false,
        "Plans": [
          {
            "Node Type": "Aggregate",
            "Strategy": "Plain",
            "Partial Mode": "Partial",
            "Parent Relationship": "Outer",
            "Parallel Aware": false,
            "Startup Cost": 36289.34,
            "Total Cost": 36289.35,
            "Plan Rows": 1,
            "Plan Width": 8,
            "Actual Startup Time": 38.54,
            "Actual Total Time": 38.542,
            "Actual Rows": 1,
            "Actual Loops": 2,
            "Plans": [
              {
                "Node Type": "Nested Loop",
                "Parent Relationship": "Outer",
                "Parallel Aware": false,
                "Join Type": "Inner",
                "Startup Cost": 118.94,
                "Total Cost": 36281.36,
                "Plan Rows": 3194,
                "Plan Width": 0,
                "Actual Startup Time": 3.831,
                "Actual Total Time": 38.112,
                "Actual Rows": 3143,
                "Actual Loops": 2,
                "Inner Unique": true,
                "Plans": [
                  {
                    "Node Type": "Bitmap Heap Scan",
                    "Parent Relationship": "Outer",
                    "Parallel Aware": true,
                    "Relation Name": "movie_keyword",
                    "Alias": "mk",
                    "Startup Cost": 118.51,
                    "Total Cost": 13152.38,
                    "Plan Rows": 3194,
                    "Plan Width": 4,
                    "Actual Startup Time": 3.653,
                    "Actual Total Time": 13.332,
                    "Actual Rows": 3143,
                    "Actual Loops": 2,
                    "Recheck Cond": "(keyword_id = 2276)",
                    "Rows Removed by Index Recheck": 0,
                    "Exact Heap Blocks": 4616,
                    "Lossy Heap Blocks": 0,
                    "Plans": [
                      {
                        "Node Type": "Bitmap Index Scan",
                        "Parent Relationship": "Outer",
                        "Parallel Aware": false,
                        "Index Name": "keyword_id_movie_keyword",
                        "Startup Cost": 0.0,
                        "Total Cost": 117.15,
                        "Plan Rows": 5429,
                        "Plan Width": 0,
                        "Actual Startup Time": 4.337,
                        "Actual Total Time": 4.338,
                        "Actual Rows": 6286,
                        "Actual Loops": 1,
                        "Index Cond": "(keyword_id = 2276)"
                      }
                    ]
                  },
                  {
                    "Node Type": "Index Only Scan",
                    "Parent Relationship": "Inner",
                    "Parallel Aware": false,
                    "Scan Direction": "Forward",
                    "Index Name": "title_pkey",
                    "Relation Name": "title",
                    "Alias": "t",
                    "Startup Cost": 0.43,
                    "Total Cost": 7.24,
                    "Plan Rows": 1,
                    "Plan Width": 4,
                    "Actual Startup Time": 0.007,
                    "Actual Total Time": 0.007,
                    "Actual Rows": 1,
                    "Actual Loops": 6286,
                    "Index Cond": "(id = mk.movie_id)",
                    "Rows Removed by Index Recheck": 0,
                    "Heap Fetches": 6286
                  }
                ]
              }
            ]
          }
        ]
      }
    ]
  },
  "Planning Time": 0.616,
  "Triggers": [],
  "Execution Time": 51.695
}