[
  {
    "Plan": {
      "Node Type": "Aggregate",
      "Strategy": "Plain",
      "Partial Mode": "Finalize",
      "Parallel Aware": false,
      "Startup Cost": 122767.78,
      "Total Cost": 122767.79,
      "Plan Rows": 1,
      "Plan Width": 8,
      "Actual Startup Time": 217.006,
      "Actual Total Time": 233.608,
      "Actual Rows": 1,
      "Actual Loops": 1,
      "Plans": [
        {
          "Node Type": "Gather",
          "Parent Relationship": "Outer",
          "Parallel Aware": false,
          "Startup Cost": 122767.26,
          "Total Cost": 122767.77,
          "Plan Rows": 5,
          "Plan Width": 8,
          "Actual Startup Time": 216.771,
          "Actual Total Time": 233.597,
          "Actual Rows": 6,
          "Actual Loops": 1,
          "Workers Planned": 5,
          "Workers Launched": 5,
          "Single Copy": false,
          "Plans": [
            {
              "Node Type": "Aggregate",
              "Strategy": "Plain",
              "Partial Mode": "Partial",
              "Parent Relationship": "Outer",
              "Parallel Aware": false,
              "Startup Cost": 121767.26,
              "Total Cost": 121767.27,
              "Plan Rows": 1,
              "Plan Width": 8,
              "Actual Startup Time": 206.242,
              "Actual Total Time": 206.245,
              "Actual Rows": 1,
              "Actual Loops": 6,
              "Plans": [
                {
                  "Node Type": "Hash Join",
                  "Parent Relationship": "Outer",
                  "Parallel Aware": true,
                  "Join Type": "Inner",
                  "Startup Cost": 43947.16,
                  "Total Cost": 121758.66,
                  "Plan Rows": 3437,
                  "Plan Width": 0,
                  "Actual Startup Time": 81.287,
                  "Actual Total Time": 206.048,
                  "Actual Rows": 2909,
                  "Actual Loops": 6,
                  "Inner Unique": true,
                  "Hash Cond": "(ci.movie_id = t.id)",
                  "Plans": [
                    {
                      "Node Type": "Index Scan",
                      "Parent Relationship": "Outer",
                      "Parallel Aware": true,
                      "Scan Direction": "Forward",
                      "Index Name": "role_id_cast_info",
                      "Relation Name": "cast_info",
                      "Alias": "ci",
                      "Startup Cost": 0.56,
                      "Total Cost": 76316.49,
                      "Plan Rows": 569746,
                      "Plan Width": 4,
                      "Actual Startup Time": 0.211,
                      "Actual Total Time": 76.696,
                      "Actual Rows": 454824,
                      "Actual Loops": 6,
                      "Index Cond": "(role_id = 4)",
                      "Rows Removed by Index Recheck": 0
                    },
                    {
                      "Node Type": "Hash",
                      "Parent Relationship": "Inner",
                      "Parallel Aware": true,
                      "Startup Cost": 43898.92,
                      "Total Cost": 43898.92,
                      "Plan Rows": 3814,
                      "Plan Width": 4,
                      "Actual Startup Time": 79.738,
                      "Actual Total Time": 79.739,
                      "Actual Rows": 2332,
                      "Actual Loops": 6,
                      "Hash Buckets": 16384,
                      "Original Hash Buckets": 16384,
                      "Hash Batches": 1,
                      "Original Hash Batches": 1,
                      "Peak Memory Usage": 800,
                      "Plans": [
                        {
                          "Node Type": "Seq Scan",
                          "Parent Relationship": "Outer",
                          "Parallel Aware": true,
                          "Relation Name": "title",
                          "Alias": "t",
                          "Startup Cost": 0.0,
                          "Total Cost": 43898.92,
                          "Plan Rows": 3814,
                          "Plan Width": 4,
                          "Actual Startup Time": 0.247,
                          "Actual Total Time": 78.173,
                          "Actual Rows": 2332,
                          "Actual Loops": 6,
                          "Filter": "(production_year = 1976)",
                          "Rows Removed by Filter": 419053
                        }
                      ]
                    }
                  ]
                }
              ]
            }
          ]
        }
      ]
    },
    "Planning Time": 0.54,
    "Triggers": [],
    "Execution Time": 233.682
  }
]