[
  {
    "Plan": {
      "Node Type": "Aggregate",
      "Strategy": "Plain",
      "Partial Mode": "Finalize",
      "Parallel Aware": false,
      "Startup Cost": 23895.72,
      "Total Cost": 23895.73,
      "Plan Rows": 1,
      "Plan Width": 8,
      "Actual Startup Time": 15.47,
      "Actual Total Time": 18.249,
      "Actual Rows": 1,
      "Actual Loops": 1,
      "Plans": [
        {
          "Node Type": "Gather",
          "Parent Relationship": "Outer",
          "Parallel Aware": false,
          "Startup Cost": 23895.51,
          "Total Cost": 23895.72,
          "Plan Rows": 2,
          "Plan Width": 8,
          "Actual Startup Time": 15.269,
          "Actual Total Time": 18.244,
          "Actual Rows": 3,
          "Actual Loops": 1,
          "Workers Planned": 2,
          "Workers Launched": 2,
          "Single Copy": false,
          "Plans": [
            {
              "Node Type": "Aggregate",
              "Strategy": "Plain",
              "Partial Mode": "Partial",
              "Parent Relationship": "Outer",
              "Parallel Aware": false,
              "Startup Cost": 22895.51,
              "Total Cost": 22895.52,
              "Plan Rows": 1,
              "Plan Width": 8,
              "Actual Startup Time": 10.949,
              "Actual Total Time": 10.951,
              "Actual Rows": 1,
              "Actual Loops": 3,
              "Plans": [
                {
                  "Node Type": "Nested Loop",
                  "Parent Relationship": "Outer",
                  "Parallel Aware": false,
                  "Join Type": "Inner",
                  "Startup Cost": 136.59,
                  "Total Cost": 22892.31,
                  "Plan Rows": 1279,
                  "Plan Width": 0,
                  "Actual Startup Time": 0.41,
                  "Actual Total Time": 10.78,
                  "Actual Rows": 2050,
                  "Actual Loops": 3,
                  "Inner Unique": true,
                  "Plans": [
                    {
                      "Node Type": "Bitmap Heap Scan",
                      "Parent Relationship": "Outer",
                      "Parallel Aware": true,
                      "Relation Name": "movie_companies",
                      "Alias": "mc",
                      "Startup Cost": 136.16,
                      "Total Cost": 13039.81,
                      "Plan Rows": 1279,
                      "Plan Width": 4,
                      "Actual Startup Time": 0.297,
                      "Actual Total Time": 1.634,
                      "Actual Rows": 2050,
                      "Actual Loops": 3,
                      "Recheck Cond": "(company_id = 145)",
                      "Rows Removed by Index Recheck": 0,
                      "Filter": "(company_type_id = 1)",
                      "Rows Removed by Filter": 18,
                      "Exact Heap Blocks": 615,
                      "Lossy Heap Blocks": 0,
                      "Plans": [
                        {
                          "Node Type": "Bitmap Index Scan",
                          "Parent Relationship": "Outer",
                          "Parallel Aware": false,
                          "Index Name": "company_id_movie_companies",
                          "Startup Cost": 0.0,
                          "Total Cost": 135.4,
                          "Plan Rows": 6262,
                          "Plan Width": 0,
                          "Actual Startup Time": 0.596,
                          "Actual Total Time": 0.597,
                          "Actual Rows": 6205,
                          "Actual Loops": 1,
                          "Index Cond": "(company_id = 145)"
                        }
                      ]
                    },
                    {
                      "Node Type": "Index Only Scan",
                      "Parent Relationship": "Inner",
                      "Parallel Aware": false,
                      "Scan Direction": "Forward",
                      "Index Name": "title_pkey",
                      "Relation Name": "title",
                      "Alias": "t",
                      "Startup Cost": 0.43,
                      "Total Cost": 7.7,
                      "Plan Rows": 1,
                      "Plan Width": 4,
                      "Actual Startup Time": 0.004,
                      "Actual Total Time": 0.004,
                      "Actual Rows": 1,
                      "Actual Loops": 6150,
                      "Index Cond": "(id = mc.movie_id)",
                      "Rows Removed by Index Recheck": 0,
                      "Heap Fetches": 6150
                    }
                  ]
                }
              ]
            }
          ]
        }
      ]
    },
    "Planning Time": 0.259,
    "Triggers": [],
    "Execution Time": 18.282
  }
]