[
  {
    "Plan": {
      "Node Type": "Aggregate",
      "Strategy": "Plain",
      "Partial Mode": "Finalize",
      "Parallel Aware": false,
      "Startup Cost": 379453.44,
      "Total Cost": 379453.45,
      "Plan Rows": 1,
      "Plan Width": 8,
      "Actual Startup Time": 711.285,
      "Actual Total Time": 739.061,
      "Actual Rows": 1,
      "Actual Loops": 1,
      "Plans": [
        {
          "Node Type": "Gather",
          "Parent Relationship": "Outer",
          "Parallel Aware": false,
          "Startup Cost": 379452.81,
          "Total Cost": 379453.42,
          "Plan Rows": 6,
          "Plan Width": 8,
          "Actual Startup Time": 709.453,
          "Actual Total Time": 739.053,
          "Actual Rows": 7,
          "Actual Loops": 1,
          "Workers Planned": 6,
          "Workers Launched": 6,
          "Single Copy": false,
          "Plans": [
            {
              "Node Type": "Aggregate",
              "Strategy": "Plain",
              "Partial Mode": "Partial",
              "Parent Relationship": "Outer",
              "Parallel Aware": false,
              "Startup Cost": 378452.81,
              "Total Cost": 378452.82,
              "Plan Rows": 1,
              "Plan Width": 8,
              "Actual Startup Time": 698.22,
              "Actual Total Time": 698.223,
              "Actual Rows": 1,
              "Actual Loops": 7,
              "Plans": [
                {
                  "Node Type": "Hash Join",
                  "Parent Relationship": "Outer",
                  "Parallel Aware": true,
                  "Join Type": "Inner",
                  "Startup Cost": 46136.06,
                  "Total Cost": 378025.59,
                  "Plan Rows": 170890,
                  "Plan Width": 0,
                  "Actual Startup Time": 90.814,
                  "Actual Total Time": 690.501,
                  "Actual Rows": 160359,
                  "Actual Loops": 7,
                  "Inner Unique": true,
                  "Hash Cond": "(ci.movie_id = t.id)",
                  "Plans": [
                    {
                      "Node Type": "Index Scan",
                      "Parent Relationship": "Outer",
                      "Parallel Aware": true,
                      "Scan Direction": "Forward",
                      "Index Name": "role_id_cast_info",
                      "Relation Name": "cast_info",
                      "Alias": "ci",
                      "Startup Cost": 0.56,
                      "Total Cost": 326490.6,
                      "Plan Rows": 2056946,
                      "Plan Width": 4,
                      "Actual Startup Time": 0.246,
                      "Actual Total Time": 314.874,
                      "Actual Rows": 1730521,
                      "Actual Loops": 7,
                      "Index Cond": "(role_id > 3)",
                      "Rows Removed by Index Recheck": 0
                    },
                    {
                      "Node Type": "Hash",
                      "Parent Relationship": "Inner",
                      "Parallel Aware": true,
                      "Startup Cost": 45479.1,
                      "Total Cost": 45479.1,
                      "Plan Rows": 52512,
                      "Plan Width": 4,
                      "Actual Startup Time": 88.812,
                      "Actual Total Time": 88.813,
                      "Actual Rows": 26262,
                      "Actual Loops": 7,
                      "Hash Buckets": 262144,
                      "Original Hash Buckets": 262144,
                      "Hash Batches": 1,
                      "Original Hash Batches": 1,
                      "Peak Memory Usage": 9376,
                      "Plans": [
                        {
                          "Node Type": "Seq Scan",
                          "Parent Relationship": "Outer",
                          "Parallel Aware": true,
                          "Relation Name": "title",
                          "Alias": "t",
                          "Startup Cost": 0.0,
                          "Total Cost": 45479.1,
                          "Plan Rows": 52512,
                          "Plan Width": 4,
                          "Actual Startup Time": 0.068,
                          "Actual Total Time": 77.364,
                          "Actual Rows": 26262,
                          "Actual Loops": 7,
                          "Filter": "((kind_id < 7) AND (production_year > 2009))",
                          "Rows Removed by Filter": 334925
                        }
                      ]
                    }
                  ]
                }
              ]
            }
          ]
        }
      ]
    },
    "Planning Time": 0.601,
    "Triggers": [],
    "Execution Time": 739.143
  }
]