{
    "Plan": {
        "Node Type": "Aggregate",
        "Strategy": "Plain",
        "Partial Mode": "Finalize",
        "Parallel Aware": false,
        "Startup Cost": 124826.73,
        "Total Cost": 124826.74,
        "Plan Rows": 1,
        "Plan Width": 8,
        "Actual Startup Time": 669.93,
        "Actual Total Time": 695.645,
        "Actual Rows": 1,
        "Actual Loops": 1,
        "Output": [
            "count(*)"
        ],
        "Plans": [
            {
                "Node Type": "Gather",
                "Parent Relationship": "Outer",
                "Parallel Aware": false,
                "Startup Cost": 124826.41,
                "Total Cost": 124826.72,
                "Plan Rows": 3,
                "Plan Width": 8,
                "Actual Startup Time": 664.191,
                "Actual Total Time": 695.633,
                "Actual Rows": 4,
                "Actual Loops": 1,
                "Output": [
                    "(PARTIAL count(*))"
                ],
                "Workers Planned": 3,
                "Workers Launched": 3,
                "Single Copy": false,
                "Plans": [
                    {
                        "Node Type": "Aggregate",
                        "Strategy": "Plain",
                        "Partial Mode": "Partial",
                        "Parent Relationship": "Outer",
                        "Parallel Aware": false,
                        "Startup Cost": 123826.41,
                        "Total Cost": 123826.42,
                        "Plan Rows": 1,
                        "Plan Width": 8,
                        "Actual Startup Time": 654.563,
                        "Actual Total Time": 654.76,
                        "Actual Rows": 1,
                        "Actual Loops": 4,
                        "Output": [
                            "PARTIAL count(*)"
                        ],
                        "Workers": [
                            {
                                "Worker Number": 0,
                                "Actual Startup Time": 652.097,
                                "Actual Total Time": 652.103,
                                "Actual Rows": 1,
                                "Actual Loops": 1
                            },
                            {
                                "Worker Number": 1,
                                "Actual Startup Time": 651.368,
                                "Actual Total Time": 651.374,
                                "Actual Rows": 1,
                                "Actual Loops": 1
                            },
                            {
                                "Worker Number": 2,
                                "Actual Startup Time": 651.361,
                                "Actual Total Time": 651.366,
                                "Actual Rows": 1,
                                "Actual Loops": 1
                            }
                        ],
                        "Plans": [
                            {
                                "Node Type": "Hash Join",
                                "Parent Relationship": "Outer",
                                "Parallel Aware": true,
                                "Join Type": "Inner",
                                "Startup Cost": 78391.29,
                                "Total Cost": 123670.5,
                                "Plan Rows": 62366,
                                "Plan Width": 0,
                                "Actual Startup Time": 398.095,
                                "Actual Total Time": 632.24,
                                "Actual Rows": 449381,
                                "Actual Loops": 4,
                                "Inner Unique": false,
                                "Hash Cond": "(mk.movie_id = t.id)",
                                "Workers": [
                                    {
                                        "Worker Number": 0,
                                        "Actual Startup Time": 395.074,
                                        "Actual Total Time": 630.151,
                                        "Actual Rows": 353038,
                                        "Actual Loops": 1
                                    },
                                    {
                                        "Worker Number": 1,
                                        "Actual Startup Time": 395.103,
                                        "Actual Total Time": 629.163,
                                        "Actual Rows": 329558,
                                        "Actual Loops": 1
                                    },
                                    {
                                        "Worker Number": 2,
                                        "Actual Startup Time": 395.078,
                                        "Actual Total Time": 630.021,
                                        "Actual Rows": 513224,
                                        "Actual Loops": 1
                                    }
                                ],
                                "Plans": [
                                    {
                                        "Node Type": "Seq Scan",
                                        "Parent Relationship": "Outer",
                                        "Parallel Aware": true,
                                        "Relation Name": "movie_keyword",
                                        "Schema": "public",
                                        "Alias": "mk",
                                        "Startup Cost": 0.0,
                                        "Total Cost": 42695.65,
                                        "Plan Rows": 635300,
                                        "Plan Width": 4,
                                        "Actual Startup Time": 0.39,
                                        "Actual Total Time": 134.47,
                                        "Actual Rows": 487439,
                                        "Actual Loops": 4,
                                        "Output": [
                                            "mk.id",
                                            "mk.movie_id",
                                            "mk.keyword_id"
                                        ],
                                        "Filter": "(mk.keyword_id > 6623)",
                                        "Rows Removed by Filter": 643544,
                                        "Workers": [
                                            {
                                                "Worker Number": 0,
                                                "Actual Startup Time": 0.39,
                                                "Actual Total Time": 137.232,
                                                "Actual Rows": 368236,
                                                "Actual Loops": 1
                                            },
                                            {
                                                "Worker Number": 1,
                                                "Actual Startup Time": 0.389,
                                                "Actual Total Time": 138.947,
                                                "Actual Rows": 363637,
                                                "Actual Loops": 1
                                            },
                                            {
                                                "Worker Number": 2,
                                                "Actual Startup Time": 0.397,
                                                "Actual Total Time": 139.076,
                                                "Actual Rows": 554638,
                                                "Actual Loops": 1
                                            }
                                        ]
                                    },
                                    {
                                        "Node Type": "Hash",
                                        "Parent Relationship": "Inner",
                                        "Parallel Aware": true,
                                        "Startup Cost": 77390.49,
                                        "Total Cost": 77390.49,
                                        "Plan Rows": 80064,
                                        "Plan Width": 8,
                                        "Actual Startup Time": 395.338,
                                        "Actual Total Time": 395.533,
                                        "Actual Rows": 134103,
                                        "Actual Loops": 4,
                                        "Output": [
                                            "t.id",
                                            "mc.movie_id"
                                        ],
                                        "Hash Buckets": 1048576,
                                        "Original Hash Buckets": 262144,
                                        "Hash Batches": 1,
                                        "Original Hash Batches": 1,
                                        "Peak Memory Usage": 35392,
                                        "Workers": [
                                            {
                                                "Worker Number": 0,
                                                "Actual Startup Time": 393.932,
                                                "Actual Total Time": 393.936,
                                                "Actual Rows": 99207,
                                                "Actual Loops": 1
                                            },
                                            {
                                                "Worker Number": 1,
                                                "Actual Startup Time": 393.963,
                                                "Actual Total Time": 393.966,
                                                "Actual Rows": 113309,
                                                "Actual Loops": 1
                                            },
                                            {
                                                "Worker Number": 2,
                                                "Actual Startup Time": 394.044,
                                                "Actual Total Time": 394.047,
                                                "Actual Rows": 158202,
                                                "Actual Loops": 1
                                            }
                                        ],
                                        "Plans": [
                                            {
                                                "Node Type": "Hash Join",
                                                "Parent Relationship": "Outer",
                                                "Parallel Aware": true,
                                                "Join Type": "Inner",
                                                "Startup Cost": 46953.41,
                                                "Total Cost": 77390.49,
                                                "Plan Rows": 80064,
                                                "Plan Width": 8,
                                                "Actual Startup Time": 207.148,
                                                "Actual Total Time": 335.84,
                                                "Actual Rows": 134103,
                                                "Actual Loops": 4,
                                                "Output": [
                                                    "t.id",
                                                    "mc.movie_id"
                                                ],
                                                "Inner Unique": true,
                                                "Hash Cond": "(mc.movie_id = t.id)",
                                                "Workers": [
                                                    {
                                                        "Worker Number": 0,
                                                        "Actual Startup Time": 205.727,
                                                        "Actual Total Time": 334.305,
                                                        "Actual Rows": 99207,
                                                        "Actual Loops": 1
                                                    },
                                                    {
                                                        "Worker Number": 1,
                                                        "Actual Startup Time": 205.795,
                                                        "Actual Total Time": 334.39,
                                                        "Actual Rows": 113309,
                                                        "Actual Loops": 1
                                                    },
                                                    {
                                                        "Worker Number": 2,
                                                        "Actual Startup Time": 205.763,
                                                        "Actual Total Time": 334.834,
                                                        "Actual Rows": 158202,
                                                        "Actual Loops": 1
                                                    }
                                                ],
                                                "Plans": [
                                                    {
                                                        "Node Type": "Seq Scan",
                                                        "Parent Relationship": "Outer",
                                                        "Parallel Aware": true,
                                                        "Relation Name": "movie_companies",
                                                        "Schema": "public",
                                                        "Alias": "mc",
                                                        "Startup Cost": 0.0,
                                                        "Total Cost": 29310.68,
                                                        "Plan Rows": 429104,
                                                        "Plan Width": 4,
                                                        "Actual Startup Time": 31.782,
                                                        "Actual Total Time": 76.2,
                                                        "Actual Rows": 333721,
                                                        "Actual Loops": 4,
                                                        "Output": [
                                                            "mc.id",
                                                            "mc.movie_id",
                                                            "mc.company_id",
                                                            "mc.company_type_id",
                                                            "mc.note"
                                                        ],
                                                        "Filter": "(mc.company_type_id = 2)",
                                                        "Rows Removed by Filter": 318562,
                                                        "Workers": [
                                                            {
                                                                "Worker Number": 0,
                                                                "Actual Startup Time": 31.779,
                                                                "Actual Total Time": 76.842,
                                                                "Actual Rows": 248391,
                                                                "Actual Loops": 1
                                                            },
                                                            {
                                                                "Worker Number": 1,
                                                                "Actual Startup Time": 31.793,
                                                                "Actual Total Time": 79.848,
                                                                "Actual Rows": 280567,
                                                                "Actual Loops": 1
                                                            },
                                                            {
                                                                "Worker Number": 2,
                                                                "Actual Startup Time": 31.782,
                                                                "Actual Total Time": 75.288,
                                                                "Actual Rows": 393042,
                                                                "Actual Loops": 1
                                                            }
                                                        ]
                                                    },
                                                    {
                                                        "Node Type": "Hash",
                                                        "Parent Relationship": "Inner",
                                                        "Parallel Aware": true,
                                                        "Startup Cost": 45479.21,
                                                        "Total Cost": 45479.21,
                                                        "Plan Rows": 117936,
                                                        "Plan Width": 4,
                                                        "Actual Startup Time": 173.218,
                                                        "Actual Total Time": 173.219,
                                                        "Actual Rows": 139373,
                                                        "Actual Loops": 4,
                                                        "Output": [
                                                            "t.id"
                                                        ],
                                                        "Hash Buckets": 1048576,
                                                        "Original Hash Buckets": 524288,
                                                        "Hash Batches": 1,
                                                        "Original Hash Batches": 1,
                                                        "Peak Memory Usage": 34176,
                                                        "Workers": [
                                                            {
                                                                "Worker Number": 0,
                                                                "Actual Startup Time": 173.86,
                                                                "Actual Total Time": 173.861,
                                                                "Actual Rows": 99646,
                                                                "Actual Loops": 1
                                                            },
                                                            {
                                                                "Worker Number": 1,
                                                                "Actual Startup Time": 173.907,
                                                                "Actual Total Time": 173.908,
                                                                "Actual Rows": 111516,
                                                                "Actual Loops": 1
                                                            },
                                                            {
                                                                "Worker Number": 2,
                                                                "Actual Startup Time": 173.885,
                                                                "Actual Total Time": 173.886,
                                                                "Actual Rows": 158898,
                                                                "Actual Loops": 1
                                                            }
                                                        ],
                                                        "Plans": [
                                                            {
                                                                "Node Type": "Seq Scan",
                                                                "Parent Relationship": "Outer",
                                                                "Parallel Aware": true,
                                                                "Relation Name": "title",
                                                                "Schema": "public",
                                                                "Alias": "t",
                                                                "Startup Cost": 0.0,
                                                                "Total Cost": 45479.21,
                                                                "Plan Rows": 117936,
                                                                "Plan Width": 4,
                                                                "Actual Startup Time": 0.057,
                                                                "Actual Total Time": 110.276,
                                                                "Actual Rows": 139373,
                                                                "Actual Loops": 4,
                                                                "Output": [
                                                                    "t.id"
                                                                ],
                                                                "Filter": "((t.kind_id < 7) AND (t.production_year < 2003))",
                                                                "Rows Removed by Filter": 492705,
                                                                "Workers": [
                                                                    {
                                                                        "Worker Number": 0,
                                                                        "Actual Startup Time": 0.066,
                                                                        "Actual Total Time": 109.841,
                                                                        "Actual Rows": 99646,
                                                                        "Actual Loops": 1
                                                                    },
                                                                    {
                                                                        "Worker Number": 1,
                                                                        "Actual Startup Time": 0.065,
                                                                        "Actual Total Time": 112.047,
                                                                        "Actual Rows": 111516,
                                                                        "Actual Loops": 1
                                                                    },
                                                                    {
                                                                        "Worker Number": 2,
                                                                        "Actual Startup Time": 0.062,
                                                                        "Actual Total Time": 110.935,
                                                                        "Actual Rows": 158898,
                                                                        "Actual Loops": 1
                                                                    }
                                                                ]
                                                            }
                                                        ]
                                                    }
                                                ]
                                            }
                                        ]
                                    }
                                ]
                            }
                        ]
                    }
                ]
            }
        ]
    },
    "Planning Time": 1.584,
    "Triggers": [],
    "Execution Time": 695.731
}