[
  {
    "Plan": {
      "Node Type": "Aggregate",
      "Strategy": "Plain",
      "Partial Mode": "Finalize",
      "Parallel Aware": false,
      "Startup Cost": 121188.52,
      "Total Cost": 121188.53,
      "Plan Rows": 1,
      "Plan Width": 8,
      "Actual Startup Time": 163.43,
      "Actual Total Time": 175.001,
      "Actual Rows": 1,
      "Actual Loops": 1,
      "Plans": [
        {
          "Node Type": "Gather",
          "Parent Relationship": "Outer",
          "Parallel Aware": false,
          "Startup Cost": 121188.0,
          "Total Cost": 121188.51,
          "Plan Rows": 5,
          "Plan Width": 8,
          "Actual Startup Time": 163.355,
          "Actual Total Time": 174.993,
          "Actual Rows": 6,
          "Actual Loops": 1,
          "Workers Planned": 5,
          "Workers Launched": 5,
          "Single Copy": false,
          "Plans": [
            {
              "Node Type": "Aggregate",
              "Strategy": "Plain",
              "Partial Mode": "Partial",
              "Parent Relationship": "Outer",
              "Parallel Aware": false,
              "Startup Cost": 120188.0,
              "Total Cost": 120188.01,
              "Plan Rows": 1,
              "Plan Width": 8,
              "Actual Startup Time": 153.327,
              "Actual Total Time": 153.328,
              "Actual Rows": 1,
              "Actual Loops": 6,
              "Plans": [
                {
                  "Node Type": "Index Scan",
                  "Parent Relationship": "Outer",
                  "Parallel Aware": true,
                  "Scan Direction": "Forward",
                  "Index Name": "role_id_cast_info",
                  "Relation Name": "cast_info",
                  "Alias": "ci",
                  "Startup Cost": 0.56,
                  "Total Cost": 119623.46,
                  "Plan Rows": 225817,
                  "Plan Width": 0,
                  "Actual Startup Time": 0.23,
                  "Actual Total Time": 149.909,
                  "Actual Rows": 61912,
                  "Actual Loops": 6,
                  "Index Cond": "(role_id = 10)",
                  "Rows Removed by Index Recheck": 0,
                  "Filter": "(person_id < 928933)",
                  "Rows Removed by Filter": 658591
                }
              ]
            }
          ]
        }
      ]
    },
    "Planning Time": 0.128,
    "Triggers": [],
    "Execution Time": 175.041
  }
]