[
    {
        "Bao": {
            "Bao prediction": "NaN",
            "Bao recommended hint": "(no hint)"
        }
    },
    {
        "Plan": {
            "Node Type": "Aggregate",
            "Strategy": "Plain",
            "Partial Mode": "Finalize",
            "Parallel Aware": false,
            "Startup Cost": 81511.4,
            "Total Cost": 81511.41,
            "Plan Rows": 1,
            "Plan Width": 8,
            "Actual Startup Time": 345.059,
            "Actual Total Time": 351.978,
            "Actual Rows": 1,
            "Actual Loops": 1,
            "Output": [
                "count(*)"
            ],
            "Plans": [
                {
                    "Node Type": "Gather",
                    "Parent Relationship": "Outer",
                    "Parallel Aware": false,
                    "Startup Cost": 81510.98,
                    "Total Cost": 81511.39,
                    "Plan Rows": 4,
                    "Plan Width": 8,
                    "Actual Startup Time": 340.899,
                    "Actual Total Time": 351.96,
                    "Actual Rows": 5,
                    "Actual Loops": 1,
                    "Output": [
                        "(PARTIAL count(*))"
                    ],
                    "Workers Planned": 4,
                    "Workers Launched": 4,
                    "Single Copy": false,
                    "Plans": [
                        {
                            "Node Type": "Aggregate",
                            "Strategy": "Plain",
                            "Partial Mode": "Partial",
                            "Parent Relationship": "Outer",
                            "Parallel Aware": false,
                            "Startup Cost": 80510.98,
                            "Total Cost": 80510.99,
                            "Plan Rows": 1,
                            "Plan Width": 8,
                            "Actual Startup Time": 331.939,
                            "Actual Total Time": 331.943,
                            "Actual Rows": 1,
                            "Actual Loops": 5,
                            "Output": [
                                "PARTIAL count(*)"
                            ],
                            "Workers": [
                                {
                                    "Worker Number": 0,
                                    "Actual Startup Time": 329.337,
                                    "Actual Total Time": 329.34,
                                    "Actual Rows": 1,
                                    "Actual Loops": 1
                                },
                                {
                                    "Worker Number": 1,
                                    "Actual Startup Time": 329.325,
                                    "Actual Total Time": 329.327,
                                    "Actual Rows": 1,
                                    "Actual Loops": 1
                                },
                                {
                                    "Worker Number": 2,
                                    "Actual Startup Time": 329.91,
                                    "Actual Total Time": 329.914,
                                    "Actual Rows": 1,
                                    "Actual Loops": 1
                                },
                                {
                                    "Worker Number": 3,
                                    "Actual Startup Time": 330.508,
                                    "Actual Total Time": 330.511,
                                    "Actual Rows": 1,
                                    "Actual Loops": 1
                                }
                            ],
                            "Plans": [
                                {
                                    "Node Type": "Hash Join",
                                    "Parent Relationship": "Outer",
                                    "Parallel Aware": true,
                                    "Join Type": "Inner",
                                    "Startup Cost": 34084.16,
                                    "Total Cost": 80097.23,
                                    "Plan Rows": 165499,
                                    "Plan Width": 0,
                                    "Actual Startup Time": 123.591,
                                    "Actual Total Time": 323.845,
                                    "Actual Rows": 181343,
                                    "Actual Loops": 5,
                                    "Inner Unique": false,
                                    "Hash Cond": "(t.id = mc.movie_id)",
                                    "Workers": [
                                        {
                                            "Worker Number": 0,
                                            "Actual Startup Time": 121.177,
                                            "Actual Total Time": 321.413,
                                            "Actual Rows": 173521,
                                            "Actual Loops": 1
                                        },
                                        {
                                            "Worker Number": 1,
                                            "Actual Startup Time": 121.137,
                                            "Actual Total Time": 321.17,
                                            "Actual Rows": 180050,
                                            "Actual Loops": 1
                                        },
                                        {
                                            "Worker Number": 2,
                                            "Actual Startup Time": 121.653,
                                            "Actual Total Time": 322.006,
                                            "Actual Rows": 172165,
                                            "Actual Loops": 1
                                        },
                                        {
                                            "Worker Number": 3,
                                            "Actual Startup Time": 121.673,
                                            "Actual Total Time": 322.598,
                                            "Actual Rows": 172157,
                                            "Actual Loops": 1
                                        }
                                    ],
                                    "Plans": [
                                        {
                                            "Node Type": "Seq Scan",
                                            "Parent Relationship": "Outer",
                                            "Parallel Aware": true,
                                            "Relation Name": "title",
                                            "Schema": "public",
                                            "Alias": "t",
                                            "Startup Cost": 0.0,
                                            "Total Cost": 42318.81,
                                            "Plan Rows": 632080,
                                            "Plan Width": 4,
                                            "Actual Startup Time": 0.013,
                                            "Actual Total Time": 56.687,
                                            "Actual Rows": 505662,
                                            "Actual Loops": 5,
                                            "Output": [
                                                "t.id",
                                                "t.title",
                                                "t.imdb_index",
                                                "t.kind_id",
                                                "t.production_year",
                                                "t.imdb_id",
                                                "t.phonetic_code",
                                                "t.episode_of_id",
                                                "t.season_nr",
                                                "t.episode_nr",
                                                "t.series_years",
                                                "t.md5sum"
                                            ],
                                            "Workers": [
                                                {
                                                    "Worker Number": 0,
                                                    "Actual Startup Time": 0.019,
                                                    "Actual Total Time": 57.985,
                                                    "Actual Rows": 482971,
                                                    "Actual Loops": 1
                                                },
                                                {
                                                    "Worker Number": 1,
                                                    "Actual Startup Time": 0.015,
                                                    "Actual Total Time": 60.474,
                                                    "Actual Rows": 501956,
                                                    "Actual Loops": 1
                                                },
                                                {
                                                    "Worker Number": 2,
                                                    "Actual Startup Time": 0.01,
                                                    "Actual Total Time": 57.682,
                                                    "Actual Rows": 476714,
                                                    "Actual Loops": 1
                                                },
                                                {
                                                    "Worker Number": 3,
                                                    "Actual Startup Time": 0.016,
                                                    "Actual Total Time": 57.928,
                                                    "Actual Rows": 480337,
                                                    "Actual Loops": 1
                                                }
                                            ]
                                        },
                                        {
                                            "Node Type": "Hash",
                                            "Parent Relationship": "Inner",
                                            "Parallel Aware": true,
                                            "Startup Cost": 31414.82,
                                            "Total Cost": 31414.82,
                                            "Plan Rows": 213547,
                                            "Plan Width": 4,
                                            "Actual Startup Time": 120.995,
                                            "Actual Total Time": 120.996,
                                            "Actual Rows": 181343,
                                            "Actual Loops": 5,
                                            "Output": [
                                                "mc.movie_id"
                                            ],
                                            "Hash Buckets": 1048576,
                                            "Original Hash Buckets": 1048576,
                                            "Hash Batches": 1,
                                            "Original Hash Batches": 1,
                                            "Peak Memory Usage": 43712,
                                            "Workers": [
                                                {
                                                    "Worker Number": 0,
                                                    "Actual Startup Time": 120.287,
                                                    "Actual Total Time": 120.288,
                                                    "Actual Rows": 167490,
                                                    "Actual Loops": 1
                                                },
                                                {
                                                    "Worker Number": 1,
                                                    "Actual Startup Time": 120.268,
                                                    "Actual Total Time": 120.269,
                                                    "Actual Rows": 161907,
                                                    "Actual Loops": 1
                                                },
                                                {
                                                    "Worker Number": 2,
                                                    "Actual Startup Time": 120.857,
                                                    "Actual Total Time": 120.858,
                                                    "Actual Rows": 162547,
                                                    "Actual Loops": 1
                                                },
                                                {
                                                    "Worker Number": 3,
                                                    "Actual Startup Time": 120.856,
                                                    "Actual Total Time": 120.857,
                                                    "Actual Rows": 160631,
                                                    "Actual Loops": 1
                                                }
                                            ],
                                            "Plans": [
                                                {
                                                    "Node Type": "Seq Scan",
                                                    "Parent Relationship": "Outer",
                                                    "Parallel Aware": true,
                                                    "Relation Name": "movie_companies",
                                                    "Schema": "public",
                                                    "Alias": "mc",
                                                    "Startup Cost": 0.0,
                                                    "Total Cost": 31414.82,
                                                    "Plan Rows": 213547,
                                                    "Plan Width": 4,
                                                    "Actual Startup Time": 0.057,
                                                    "Actual Total Time": 62.81,
                                                    "Actual Rows": 181343,
                                                    "Actual Loops": 5,
                                                    "Output": [
                                                        "mc.movie_id"
                                                    ],
                                                    "Filter": "((mc.company_id < 11527) AND (mc.company_type_id = 1))",
                                                    "Rows Removed by Filter": 340483,
                                                    "Workers": [
                                                        {
                                                            "Worker Number": 0,
                                                            "Actual Startup Time": 0.059,
                                                            "Actual Total Time": 63.269,
                                                            "Actual Rows": 167490,
                                                            "Actual Loops": 1
                                                        },
                                                        {
                                                            "Worker Number": 1,
                                                            "Actual Startup Time": 0.066,
                                                            "Actual Total Time": 63.633,
                                                            "Actual Rows": 161907,
                                                            "Actual Loops": 1
                                                        },
                                                        {
                                                            "Worker Number": 2,
                                                            "Actual Startup Time": 0.076,
                                                            "Actual Total Time": 63.691,
                                                            "Actual Rows": 162547,
                                                            "Actual Loops": 1
                                                        },
                                                        {
                                                            "Worker Number": 3,
                                                            "Actual Startup Time": 0.074,
                                                            "Actual Total Time": 63.696,
                                                            "Actual Rows": 160631,
                                                            "Actual Loops": 1
                                                        }
                                                    ]
                                                }
                                            ]
                                        }
                                    ]
                                }
                            ]
                        }
                    ]
                }
            ]
        },
        "Planning Time": 196.401,
        "Triggers": [],
        "Execution Time": 352.022
    }
]