[
  {
    "Plan": {
      "Node Type": "Aggregate",
      "Strategy": "Plain",
      "Partial Mode": "Finalize",
      "Parallel Aware": false,
      "Startup Cost": 252627.65,
      "Total Cost": 252627.66,
      "Plan Rows": 1,
      "Plan Width": 8,
      "Actual Startup Time": 668.857,
      "Actual Total Time": 714.167,
      "Actual Rows": 1,
      "Actual Loops": 1,
      "Plans": [
        {
          "Node Type": "Gather",
          "Parent Relationship": "Outer",
          "Parallel Aware": false,
          "Startup Cost": 252627.12,
          "Total Cost": 252627.63,
          "Plan Rows": 5,
          "Plan Width": 8,
          "Actual Startup Time": 666.182,
          "Actual Total Time": 714.157,
          "Actual Rows": 6,
          "Actual Loops": 1,
          "Workers Planned": 5,
          "Workers Launched": 5,
          "Single Copy": false,
          "Plans": [
            {
              "Node Type": "Aggregate",
              "Strategy": "Plain",
              "Partial Mode": "Partial",
              "Parent Relationship": "Outer",
              "Parallel Aware": false,
              "Startup Cost": 251627.12,
              "Total Cost": 251627.13,
              "Plan Rows": 1,
              "Plan Width": 8,
              "Actual Startup Time": 656.434,
              "Actual Total Time": 656.437,
              "Actual Rows": 1,
              "Actual Loops": 6,
              "Plans": [
                {
                  "Node Type": "Hash Join",
                  "Parent Relationship": "Outer",
                  "Parallel Aware": true,
                  "Join Type": "Inner",
                  "Startup Cost": 47070.11,
                  "Total Cost": 250725.19,
                  "Plan Rows": 360773,
                  "Plan Width": 0,
                  "Actual Startup Time": 126.352,
                  "Actual Total Time": 648.661,
                  "Actual Rows": 175913,
                  "Actual Loops": 6,
                  "Inner Unique": true,
                  "Hash Cond": "(mi.movie_id = t.id)",
                  "Plans": [
                    {
                      "Node Type": "Seq Scan",
                      "Parent Relationship": "Outer",
                      "Parallel Aware": true,
                      "Relation Name": "movie_info",
                      "Alias": "mi",
                      "Startup Cost": 0.0,
                      "Total Cost": 198952.16,
                      "Plan Rows": 1791583,
                      "Plan Width": 4,
                      "Actual Startup Time": 16.121,
                      "Actual Total Time": 324.967,
                      "Actual Rows": 1491793,
                      "Actual Loops": 6,
                      "Filter": "(info_type_id > 6)",
                      "Rows Removed by Filter": 980827
                    },
                    {
                      "Node Type": "Hash",
                      "Parent Relationship": "Inner",
                      "Parallel Aware": true,
                      "Startup Cost": 45479.1,
                      "Total Cost": 45479.1,
                      "Plan Rows": 127281,
                      "Plan Width": 4,
                      "Actual Startup Time": 107.291,
                      "Actual Total Time": 107.292,
                      "Actual Rows": 63217,
                      "Actual Loops": 6,
                      "Hash Buckets": 524288,
                      "Original Hash Buckets": 524288,
                      "Hash Batches": 1,
                      "Original Hash Batches": 1,
                      "Peak Memory Usage": 19040,
                      "Plans": [
                        {
                          "Node Type": "Seq Scan",
                          "Parent Relationship": "Outer",
                          "Parallel Aware": true,
                          "Relation Name": "title",
                          "Alias": "t",
                          "Startup Cost": 0.0,
                          "Total Cost": 45479.1,
                          "Plan Rows": 127281,
                          "Plan Width": 4,
                          "Actual Startup Time": 0.053,
                          "Actual Total Time": 80.812,
                          "Actual Rows": 63217,
                          "Actual Loops": 6,
                          "Filter": "((kind_id > 2) AND (production_year < 1992))",
                          "Rows Removed by Filter": 358168
                        }
                      ]
                    }
                  ]
                }
              ]
            }
          ]
        }
      ]
    },
    "Planning Time": 0.666,
    "Triggers": [],
    "Execution Time": 714.249
  }
]