{
  "Plan": {
    "Node Type": "Aggregate",
    "Strategy": "Plain",
    "Partial Mode": "Finalize",
    "Parallel Aware": false,
    "Startup Cost": 135324.5,
    "Total Cost": 135324.51,
    "Plan Rows": 1,
    "Plan Width": 8,
    "Actual Startup Time": 1053.322,
    "Actual Total Time": 1076.258,
    "Actual Rows": 1,
    "Actual Loops": 1,
    "Plans": [
      {
        "Node Type": "Gather",
        "Parent Relationship": "Outer",
        "Parallel Aware": false,
        "Startup Cost": 135324.39,
        "Total Cost": 135324.5,
        "Plan Rows": 1,
        "Plan Width": 8,
        "Actual Startup Time": 1047.791,
        "Actual Total Time": 1076.246,
        "Actual Rows": 2,
        "Actual Loops": 1,
        "Workers Planned": 1,
        "Workers Launched": 1,
        "Single Copy": false,
        "Plans": [
          {
            "Node Type": "Aggregate",
            "Strategy": "Plain",
            "Partial Mode": "Partial",
            "Parent Relationship": "Outer",
            "Parallel Aware": false,
            "Startup Cost": 134324.39,
            "Total Cost": 134324.4,
            "Plan Rows": 1,
            "Plan Width": 8,
            "Actual Startup Time": 1042.032,
            "Actual Total Time": 1043.782,
            "Actual Rows": 1,
            "Actual Loops": 2,
            "Plans": [
              {
                "Node Type": "Hash Join",
                "Parent Relationship": "Outer",
                "Parallel Aware": true,
                "Join Type": "Inner",
                "Startup Cost": 103648.37,
                "Total Cost": 134084.79,
                "Plan Rows": 95842,
                "Plan Width": 0,
                "Actual Startup Time": 827.004,
                "Actual Total Time": 1035.017,
                "Actual Rows": 124086,
                "Actual Loops": 2,
                "Inner Unique": false,
                "Hash Cond": "(mk.movie_id = t.id)",
                "Plans": [
                  {
                    "Node Type": "Bitmap Heap Scan",
                    "Parent Relationship": "Outer",
                    "Parallel Aware": true,
                    "Relation Name": "movie_keyword",
                    "Alias": "mk",
                    "Startup Cost": 12025.7,
                    "Total Cost": 40647.88,
                    "Plan Rows": 333455,
                    "Plan Width": 4,
                    "Actual Startup Time": 54.23,
                    "Actual Total Time": 169.893,
                    "Actual Rows": 289480,
                    "Actual Loops": 2,
                    "Recheck Cond": "(keyword_id < 411)",
                    "Rows Removed by Index Recheck": 0,
                    "Exact Heap Blocks": 12904,
                    "Lossy Heap Blocks": 0,
                    "Plans": [
                      {
                        "Node Type": "Bitmap Index Scan",
                        "Parent Relationship": "Outer",
                        "Parallel Aware": false,
                        "Index Name": "keyword_id_movie_keyword",
                        "Startup Cost": 0.0,
                        "Total Cost": 11883.98,
                        "Plan Rows": 566873,
                        "Plan Width": 0,
                        "Actual Startup Time": 48.39,
                        "Actual Total Time": 48.39,
                        "Actual Rows": 578959,
                        "Actual Loops": 1,
                        "Index Cond": "(keyword_id < 411)"
                      }
                    ]
                  },
                  {
                    "Node Type": "Hash",
                    "Parent Relationship": "Inner",
                    "Parallel Aware": true,
                    "Startup Cost": 86279.39,
                    "Total Cost": 86279.39,
                    "Plan Rows": 427462,
                    "Plan Width": 8,
                    "Actual Startup Time": 763.786,
                    "Actual Total Time": 765.533,
                    "Actual Rows": 265088,
                    "Actual Loops": 2,
                    "Hash Buckets": 1048576,
                    "Original Hash Buckets": 1048576,
                    "Hash Batches": 1,
                    "Original Hash Batches": 1,
                    "Peak Memory Usage": 28960,
                    "Plans": [
                      {
                        "Node Type": "Hash Join",
                        "Parent Relationship": "Outer",
                        "Parallel Aware": true,
                        "Join Type": "Inner",
                        "Startup Cost": 68095.61,
                        "Total Cost": 86279.39,
                        "Plan Rows": 427462,
                        "Plan Width": 8,
                        "Actual Startup Time": 441.834,
                        "Actual Total Time": 689.786,
                        "Actual Rows": 265088,
                        "Actual Loops": 2,
                        "Inner Unique": true,
                        "Hash Cond": "(mi_idx.movie_id = t.id)",
                        "Plans": [
                          {
                            "Node Type": "Seq Scan",
                            "Parent Relationship": "Outer",
                            "Parallel Aware": true,
                            "Relation Name": "movie_info_idx",
                            "Alias": "mi_idx",
                            "Startup Cost": 0.0,
                            "Total Cost": 16052.85,
                            "Plan Rows": 811785,
                            "Plan Width": 4,
                            "Actual Startup Time": 0.027,
                            "Actual Total Time": 71.06,
                            "Actual Rows": 690018,
                            "Actual Loops": 2
                          },
                          {
                            "Node Type": "Hash",
                            "Parent Relationship": "Inner",
                            "Parallel Aware": true,
                            "Startup Cost": 58306.47,
                            "Total Cost": 58306.47,
                            "Plan Rows": 783131,
                            "Plan Width": 4,
                            "Actual Startup Time": 432.838,
                            "Actual Total Time": 432.839,
                            "Actual Rows": 722747,
                            "Actual Loops": 2,
                            "Hash Buckets": 2097152,
                            "Original Hash Buckets": 2097152,
                            "Hash Batches": 1,
                            "Original Hash Batches": 1,
                            "Peak Memory Usage": 72960,
                            "Plans": [
                              {
                                "Node Type": "Seq Scan",
                                "Parent Relationship": "Outer",
                                "Parallel Aware": true,
                                "Relation Name": "title",
                                "Alias": "t",
                                "Startup Cost": 0.0,
                                "Total Cost": 58306.47,
                                "Plan Rows": 783131,
                                "Plan Width": 4,
                                "Actual Startup Time": 0.033,
                                "Actual Total Time": 199.196,
                                "Actual Rows": 722747,
                                "Actual Loops": 2,
                                "Filter": "((kind_id > 2) AND (production_year > 1983))",
                                "Rows Removed by Filter": 541409
                              }
                            ]
                          }
                        ]
                      }
                    ]
                  }
                ]
              }
            ]
          }
        ]
      }
    ]
  },
  "Planning Time": 1.092,
  "Triggers": [],
  "Execution Time": 1076.397
}