[
    {
        "Bao": {
            "Bao prediction": "NaN",
            "Bao recommended hint": "(no hint)"
        }
    },
    {
        "Plan": {
            "Node Type": "Aggregate",
            "Strategy": "Plain",
            "Partial Mode": "Finalize",
            "Parallel Aware": false,
            "Startup Cost": 295288.51,
            "Total Cost": 295288.52,
            "Plan Rows": 1,
            "Plan Width": 8,
            "Actual Startup Time": 2292.315,
            "Actual Total Time": 2335.292,
            "Actual Rows": 1,
            "Actual Loops": 1,
            "Output": [
                "count(*)"
            ],
            "Plans": [
                {
                    "Node Type": "Gather",
                    "Parent Relationship": "Outer",
                    "Parallel Aware": false,
                    "Startup Cost": 295287.98,
                    "Total Cost": 295288.49,
                    "Plan Rows": 5,
                    "Plan Width": 8,
                    "Actual Startup Time": 2273.518,
                    "Actual Total Time": 2335.282,
                    "Actual Rows": 6,
                    "Actual Loops": 1,
                    "Output": [
                        "(PARTIAL count(*))"
                    ],
                    "Workers Planned": 5,
                    "Workers Launched": 5,
                    "Single Copy": false,
                    "Plans": [
                        {
                            "Node Type": "Aggregate",
                            "Strategy": "Plain",
                            "Partial Mode": "Partial",
                            "Parent Relationship": "Outer",
                            "Parallel Aware": false,
                            "Startup Cost": 294287.98,
                            "Total Cost": 294287.99,
                            "Plan Rows": 1,
                            "Plan Width": 8,
                            "Actual Startup Time": 2264.173,
                            "Actual Total Time": 2264.685,
                            "Actual Rows": 1,
                            "Actual Loops": 6,
                            "Output": [
                                "PARTIAL count(*)"
                            ],
                            "Workers": [
                                {
                                    "Worker Number": 0,
                                    "Actual Startup Time": 2261.587,
                                    "Actual Total Time": 2261.592,
                                    "Actual Rows": 1,
                                    "Actual Loops": 1
                                },
                                {
                                    "Worker Number": 1,
                                    "Actual Startup Time": 2261.766,
                                    "Actual Total Time": 2261.78,
                                    "Actual Rows": 1,
                                    "Actual Loops": 1
                                },
                                {
                                    "Worker Number": 2,
                                    "Actual Startup Time": 2261.904,
                                    "Actual Total Time": 2261.908,
                                    "Actual Rows": 1,
                                    "Actual Loops": 1
                                },
                                {
                                    "Worker Number": 3,
                                    "Actual Startup Time": 2262.37,
                                    "Actual Total Time": 2262.375,
                                    "Actual Rows": 1,
                                    "Actual Loops": 1
                                },
                                {
                                    "Worker Number": 4,
                                    "Actual Startup Time": 2264.357,
                                    "Actual Total Time": 2264.362,
                                    "Actual Rows": 1,
                                    "Actual Loops": 1
                                }
                            ],
                            "Plans": [
                                {
                                    "Node Type": "Hash Join",
                                    "Parent Relationship": "Outer",
                                    "Parallel Aware": true,
                                    "Join Type": "Inner",
                                    "Startup Cost": 84824.71,
                                    "Total Cost": 291278.03,
                                    "Plan Rows": 1203981,
                                    "Plan Width": 0,
                                    "Actual Startup Time": 451.66,
                                    "Actual Total Time": 1910.166,
                                    "Actual Rows": 6427254,
                                    "Actual Loops": 6,
                                    "Inner Unique": false,
                                    "Hash Cond": "(mi.movie_id = t.id)",
                                    "Workers": [
                                        {
                                            "Worker Number": 0,
                                            "Actual Startup Time": 449.636,
                                            "Actual Total Time": 1905.89,
                                            "Actual Rows": 6055684,
                                            "Actual Loops": 1
                                        },
                                        {
                                            "Worker Number": 1,
                                            "Actual Startup Time": 448.562,
                                            "Actual Total Time": 1906.201,
                                            "Actual Rows": 6226105,
                                            "Actual Loops": 1
                                        },
                                        {
                                            "Worker Number": 2,
                                            "Actual Startup Time": 450.076,
                                            "Actual Total Time": 1910.871,
                                            "Actual Rows": 5621907,
                                            "Actual Loops": 1
                                        },
                                        {
                                            "Worker Number": 3,
                                            "Actual Startup Time": 450.55,
                                            "Actual Total Time": 1903.744,
                                            "Actual Rows": 5704294,
                                            "Actual Loops": 1
                                        },
                                        {
                                            "Worker Number": 4,
                                            "Actual Startup Time": 450.159,
                                            "Actual Total Time": 1905.636,
                                            "Actual Rows": 5706285,
                                            "Actual Loops": 1
                                        }
                                    ],
                                    "Plans": [
                                        {
                                            "Node Type": "Seq Scan",
                                            "Parent Relationship": "Outer",
                                            "Parallel Aware": true,
                                            "Relation Name": "movie_info",
                                            "Schema": "public",
                                            "Alias": "mi",
                                            "Startup Cost": 0.0,
                                            "Total Cost": 191503.19,
                                            "Plan Rows": 2951019,
                                            "Plan Width": 4,
                                            "Actual Startup Time": 0.019,
                                            "Actual Total Time": 329.076,
                                            "Actual Rows": 2472620,
                                            "Actual Loops": 6,
                                            "Output": [
                                                "mi.id",
                                                "mi.movie_id",
                                                "mi.info_type_id",
                                                "mi.info",
                                                "mi.note"
                                            ],
                                            "Workers": [
                                                {
                                                    "Worker Number": 0,
                                                    "Actual Startup Time": 0.019,
                                                    "Actual Total Time": 340.002,
                                                    "Actual Rows": 2463606,
                                                    "Actual Loops": 1
                                                },
                                                {
                                                    "Worker Number": 1,
                                                    "Actual Startup Time": 0.022,
                                                    "Actual Total Time": 336.666,
                                                    "Actual Rows": 2477729,
                                                    "Actual Loops": 1
                                                },
                                                {
                                                    "Worker Number": 2,
                                                    "Actual Startup Time": 0.022,
                                                    "Actual Total Time": 335.371,
                                                    "Actual Rows": 2108170,
                                                    "Actual Loops": 1
                                                },
                                                {
                                                    "Worker Number": 3,
                                                    "Actual Startup Time": 0.019,
                                                    "Actual Total Time": 344.524,
                                                    "Actual Rows": 2152893,
                                                    "Actual Loops": 1
                                                },
                                                {
                                                    "Worker Number": 4,
                                                    "Actual Startup Time": 0.019,
                                                    "Actual Total Time": 345.921,
                                                    "Actual Rows": 2168613,
                                                    "Actual Loops": 1
                                                }
                                            ]
                                        },
                                        {
                                            "Node Type": "Hash",
                                            "Parent Relationship": "Inner",
                                            "Parallel Aware": true,
                                            "Startup Cost": 80665.33,
                                            "Total Cost": 80665.33,
                                            "Plan Rows": 332750,
                                            "Plan Width": 8,
                                            "Actual Startup Time": 447.72,
                                            "Actual Total Time": 448.23,
                                            "Actual Rows": 150148,
                                            "Actual Loops": 6,
                                            "Output": [
                                                "t.id",
                                                "mc.movie_id"
                                            ],
                                            "Hash Buckets": 1048576,
                                            "Original Hash Buckets": 1048576,
                                            "Hash Batches": 1,
                                            "Original Hash Batches": 1,
                                            "Peak Memory Usage": 43552,
                                            "Workers": [
                                                {
                                                    "Worker Number": 0,
                                                    "Actual Startup Time": 447.657,
                                                    "Actual Total Time": 447.661,
                                                    "Actual Rows": 140750,
                                                    "Actual Loops": 1
                                                },
                                                {
                                                    "Worker Number": 1,
                                                    "Actual Startup Time": 447.685,
                                                    "Actual Total Time": 447.697,
                                                    "Actual Rows": 139481,
                                                    "Actual Loops": 1
                                                },
                                                {
                                                    "Worker Number": 2,
                                                    "Actual Startup Time": 447.808,
                                                    "Actual Total Time": 447.811,
                                                    "Actual Rows": 133243,
                                                    "Actual Loops": 1
                                                },
                                                {
                                                    "Worker Number": 3,
                                                    "Actual Startup Time": 448.249,
                                                    "Actual Total Time": 448.253,
                                                    "Actual Rows": 140845,
                                                    "Actual Loops": 1
                                                },
                                                {
                                                    "Worker Number": 4,
                                                    "Actual Startup Time": 448.782,
                                                    "Actual Total Time": 448.785,
                                                    "Actual Rows": 141845,
                                                    "Actual Loops": 1
                                                }
                                            ],
                                            "Plans": [
                                                {
                                                    "Node Type": "Hash Join",
                                                    "Parent Relationship": "Outer",
                                                    "Parallel Aware": true,
                                                    "Join Type": "Inner",
                                                    "Startup Cost": 50271.71,
                                                    "Total Cost": 80665.33,
                                                    "Plan Rows": 332750,
                                                    "Plan Width": 8,
                                                    "Actual Startup Time": 251.57,
                                                    "Actual Total Time": 394.153,
                                                    "Actual Rows": 150148,
                                                    "Actual Loops": 6,
                                                    "Output": [
                                                        "t.id",
                                                        "mc.movie_id"
                                                    ],
                                                    "Inner Unique": true,
                                                    "Hash Cond": "(mc.movie_id = t.id)",
                                                    "Workers": [
                                                        {
                                                            "Worker Number": 0,
                                                            "Actual Startup Time": 251.569,
                                                            "Actual Total Time": 393.56,
                                                            "Actual Rows": 140750,
                                                            "Actual Loops": 1
                                                        },
                                                        {
                                                            "Worker Number": 1,
                                                            "Actual Startup Time": 251.36,
                                                            "Actual Total Time": 393.56,
                                                            "Actual Rows": 139481,
                                                            "Actual Loops": 1
                                                        },
                                                        {
                                                            "Worker Number": 2,
                                                            "Actual Startup Time": 251.493,
                                                            "Actual Total Time": 392.616,
                                                            "Actual Rows": 133243,
                                                            "Actual Loops": 1
                                                        },
                                                        {
                                                            "Worker Number": 3,
                                                            "Actual Startup Time": 251.697,
                                                            "Actual Total Time": 395.085,
                                                            "Actual Rows": 140845,
                                                            "Actual Loops": 1
                                                        },
                                                        {
                                                            "Worker Number": 4,
                                                            "Actual Startup Time": 251.561,
                                                            "Actual Total Time": 393.373,
                                                            "Actual Rows": 141845,
                                                            "Actual Loops": 1
                                                        }
                                                    ],
                                                    "Plans": [
                                                        {
                                                            "Node Type": "Seq Scan",
                                                            "Parent Relationship": "Outer",
                                                            "Parallel Aware": true,
                                                            "Relation Name": "movie_companies",
                                                            "Schema": "public",
                                                            "Alias": "mc",
                                                            "Startup Cost": 0.0,
                                                            "Total Cost": 29310.68,
                                                            "Plan Rows": 412551,
                                                            "Plan Width": 4,
                                                            "Actual Startup Time": 0.033,
                                                            "Actual Total Time": 61.392,
                                                            "Actual Rows": 212374,
                                                            "Actual Loops": 6,
                                                            "Output": [
                                                                "mc.id",
                                                                "mc.movie_id",
                                                                "mc.company_id",
                                                                "mc.company_type_id",
                                                                "mc.note"
                                                            ],
                                                            "Filter": "(mc.company_type_id < 2)",
                                                            "Rows Removed by Filter": 222480,
                                                            "Workers": [
                                                                {
                                                                    "Worker Number": 0,
                                                                    "Actual Startup Time": 0.037,
                                                                    "Actual Total Time": 63.012,
                                                                    "Actual Rows": 200120,
                                                                    "Actual Loops": 1
                                                                },
                                                                {
                                                                    "Worker Number": 1,
                                                                    "Actual Startup Time": 0.035,
                                                                    "Actual Total Time": 62.822,
                                                                    "Actual Rows": 197532,
                                                                    "Actual Loops": 1
                                                                },
                                                                {
                                                                    "Worker Number": 2,
                                                                    "Actual Startup Time": 0.042,
                                                                    "Actual Total Time": 61.935,
                                                                    "Actual Rows": 190248,
                                                                    "Actual Loops": 1
                                                                },
                                                                {
                                                                    "Worker Number": 3,
                                                                    "Actual Startup Time": 0.035,
                                                                    "Actual Total Time": 63.004,
                                                                    "Actual Rows": 198665,
                                                                    "Actual Loops": 1
                                                                },
                                                                {
                                                                    "Worker Number": 4,
                                                                    "Actual Startup Time": 0.039,
                                                                    "Actual Total Time": 62.896,
                                                                    "Actual Rows": 199292,
                                                                    "Actual Loops": 1
                                                                }
                                                            ]
                                                        },
                                                        {
                                                            "Node Type": "Hash",
                                                            "Parent Relationship": "Inner",
                                                            "Parallel Aware": true,
                                                            "Startup Cost": 43899.01,
                                                            "Total Cost": 43899.01,
                                                            "Plan Rows": 509816,
                                                            "Plan Width": 4,
                                                            "Actual Startup Time": 248.89,
                                                            "Actual Total Time": 248.891,
                                                            "Actual Rows": 341120,
                                                            "Actual Loops": 6,
                                                            "Output": [
                                                                "t.id"
                                                            ],
                                                            "Hash Buckets": 2097152,
                                                            "Original Hash Buckets": 2097152,
                                                            "Hash Batches": 1,
                                                            "Original Hash Batches": 1,
                                                            "Peak Memory Usage": 96512,
                                                            "Workers": [
                                                                {
                                                                    "Worker Number": 0,
                                                                    "Actual Startup Time": 251.233,
                                                                    "Actual Total Time": 251.234,
                                                                    "Actual Rows": 304818,
                                                                    "Actual Loops": 1
                                                                },
                                                                {
                                                                    "Worker Number": 1,
                                                                    "Actual Startup Time": 251.249,
                                                                    "Actual Total Time": 251.251,
                                                                    "Actual Rows": 305373,
                                                                    "Actual Loops": 1
                                                                },
                                                                {
                                                                    "Worker Number": 2,
                                                                    "Actual Startup Time": 251.205,
                                                                    "Actual Total Time": 251.207,
                                                                    "Actual Rows": 274745,
                                                                    "Actual Loops": 1
                                                                },
                                                                {
                                                                    "Worker Number": 3,
                                                                    "Actual Startup Time": 251.379,
                                                                    "Actual Total Time": 251.38,
                                                                    "Actual Rows": 303407,
                                                                    "Actual Loops": 1
                                                                },
                                                                {
                                                                    "Worker Number": 4,
                                                                    "Actual Startup Time": 251.234,
                                                                    "Actual Total Time": 251.236,
                                                                    "Actual Rows": 305729,
                                                                    "Actual Loops": 1
                                                                }
                                                            ],
                                                            "Plans": [
                                                                {
                                                                    "Node Type": "Seq Scan",
                                                                    "Parent Relationship": "Outer",
                                                                    "Parallel Aware": true,
                                                                    "Relation Name": "title",
                                                                    "Schema": "public",
                                                                    "Alias": "t",
                                                                    "Startup Cost": 0.0,
                                                                    "Total Cost": 43899.01,
                                                                    "Plan Rows": 509816,
                                                                    "Plan Width": 4,
                                                                    "Actual Startup Time": 0.05,
                                                                    "Actual Total Time": 99.855,
                                                                    "Actual Rows": 341120,
                                                                    "Actual Loops": 6,
                                                                    "Output": [
                                                                        "t.id"
                                                                    ],
                                                                    "Filter": "(t.production_year > 1972)",
                                                                    "Rows Removed by Filter": 80265,
                                                                    "Workers": [
                                                                        {
                                                                            "Worker Number": 0,
                                                                            "Actual Startup Time": 0.061,
                                                                            "Actual Total Time": 103.578,
                                                                            "Actual Rows": 304818,
                                                                            "Actual Loops": 1
                                                                        },
                                                                        {
                                                                            "Worker Number": 1,
                                                                            "Actual Startup Time": 0.074,
                                                                            "Actual Total Time": 103.933,
                                                                            "Actual Rows": 305373,
                                                                            "Actual Loops": 1
                                                                        },
                                                                        {
                                                                            "Worker Number": 2,
                                                                            "Actual Startup Time": 0.035,
                                                                            "Actual Total Time": 100.079,
                                                                            "Actual Rows": 274745,
                                                                            "Actual Loops": 1
                                                                        },
                                                                        {
                                                                            "Worker Number": 3,
                                                                            "Actual Startup Time": 0.059,
                                                                            "Actual Total Time": 103.628,
                                                                            "Actual Rows": 303407,
                                                                            "Actual Loops": 1
                                                                        },
                                                                        {
                                                                            "Worker Number": 4,
                                                                            "Actual Startup Time": 0.059,
                                                                            "Actual Total Time": 103.858,
                                                                            "Actual Rows": 305729,
                                                                            "Actual Loops": 1
                                                                        }
                                                                    ]
                                                                }
                                                            ]
                                                        }
                                                    ]
                                                }
                                            ]
                                        }
                                    ]
                                }
                            ]
                        }
                    ]
                }
            ]
        },
        "Planning Time": 214.982,
        "Triggers": [],
        "Execution Time": 2335.372
    }
]