{
    "Plan": {
        "Node Type": "Aggregate",
        "Strategy": "Plain",
        "Partial Mode": "Finalize",
        "Parallel Aware": false,
        "Startup Cost": 392929.57,
        "Total Cost": 392929.58,
        "Plan Rows": 1,
        "Plan Width": 8,
        "Actual Startup Time": 739.129,
        "Actual Total Time": 788.063,
        "Actual Rows": 1,
        "Actual Loops": 1,
        "Output": [
            "count(*)"
        ],
        "Plans": [
            {
                "Node Type": "Gather",
                "Parent Relationship": "Outer",
                "Parallel Aware": false,
                "Startup Cost": 392928.95,
                "Total Cost": 392929.56,
                "Plan Rows": 6,
                "Plan Width": 8,
                "Actual Startup Time": 738.239,
                "Actual Total Time": 788.053,
                "Actual Rows": 7,
                "Actual Loops": 1,
                "Output": [
                    "(PARTIAL count(*))"
                ],
                "Workers Planned": 6,
                "Workers Launched": 6,
                "Single Copy": false,
                "Plans": [
                    {
                        "Node Type": "Aggregate",
                        "Strategy": "Plain",
                        "Partial Mode": "Partial",
                        "Parent Relationship": "Outer",
                        "Parallel Aware": false,
                        "Startup Cost": 391928.95,
                        "Total Cost": 391928.96,
                        "Plan Rows": 1,
                        "Plan Width": 8,
                        "Actual Startup Time": 727.577,
                        "Actual Total Time": 727.582,
                        "Actual Rows": 1,
                        "Actual Loops": 7,
                        "Output": [
                            "PARTIAL count(*)"
                        ],
                        "Workers": [
                            {
                                "Worker Number": 0,
                                "Actual Startup Time": 725.352,
                                "Actual Total Time": 725.356,
                                "Actual Rows": 1,
                                "Actual Loops": 1
                            },
                            {
                                "Worker Number": 1,
                                "Actual Startup Time": 725.707,
                                "Actual Total Time": 725.71,
                                "Actual Rows": 1,
                                "Actual Loops": 1
                            },
                            {
                                "Worker Number": 2,
                                "Actual Startup Time": 725.646,
                                "Actual Total Time": 725.65,
                                "Actual Rows": 1,
                                "Actual Loops": 1
                            },
                            {
                                "Worker Number": 3,
                                "Actual Startup Time": 725.639,
                                "Actual Total Time": 725.643,
                                "Actual Rows": 1,
                                "Actual Loops": 1
                            },
                            {
                                "Worker Number": 4,
                                "Actual Startup Time": 726.582,
                                "Actual Total Time": 726.585,
                                "Actual Rows": 1,
                                "Actual Loops": 1
                            },
                            {
                                "Worker Number": 5,
                                "Actual Startup Time": 726.773,
                                "Actual Total Time": 726.776,
                                "Actual Rows": 1,
                                "Actual Loops": 1
                            }
                        ],
                        "Plans": [
                            {
                                "Node Type": "Hash Join",
                                "Parent Relationship": "Outer",
                                "Parallel Aware": true,
                                "Join Type": "Inner",
                                "Startup Cost": 46035.46,
                                "Total Cost": 391767.17,
                                "Plan Rows": 64710,
                                "Plan Width": 0,
                                "Actual Startup Time": 406.133,
                                "Actual Total Time": 727.233,
                                "Actual Rows": 5799,
                                "Actual Loops": 7,
                                "Inner Unique": true,
                                "Hash Cond": "(ci.movie_id = t.id)",
                                "Workers": [
                                    {
                                        "Worker Number": 0,
                                        "Actual Startup Time": 405.007,
                                        "Actual Total Time": 724.978,
                                        "Actual Rows": 4313,
                                        "Actual Loops": 1
                                    },
                                    {
                                        "Worker Number": 1,
                                        "Actual Startup Time": 405.27,
                                        "Actual Total Time": 725.366,
                                        "Actual Rows": 6644,
                                        "Actual Loops": 1
                                    },
                                    {
                                        "Worker Number": 2,
                                        "Actual Startup Time": 403.641,
                                        "Actual Total Time": 725.3,
                                        "Actual Rows": 6159,
                                        "Actual Loops": 1
                                    },
                                    {
                                        "Worker Number": 3,
                                        "Actual Startup Time": 403.905,
                                        "Actual Total Time": 725.291,
                                        "Actual Rows": 4168,
                                        "Actual Loops": 1
                                    },
                                    {
                                        "Worker Number": 4,
                                        "Actual Startup Time": 404.574,
                                        "Actual Total Time": 726.259,
                                        "Actual Rows": 6044,
                                        "Actual Loops": 1
                                    },
                                    {
                                        "Worker Number": 5,
                                        "Actual Startup Time": 404.938,
                                        "Actual Total Time": 726.436,
                                        "Actual Rows": 6033,
                                        "Actual Loops": 1
                                    }
                                ],
                                "Plans": [
                                    {
                                        "Node Type": "Seq Scan",
                                        "Parent Relationship": "Outer",
                                        "Parallel Aware": true,
                                        "Relation Name": "cast_info",
                                        "Schema": "public",
                                        "Alias": "ci",
                                        "Startup Cost": 0.0,
                                        "Total Cost": 343318.94,
                                        "Plan Rows": 919152,
                                        "Plan Width": 4,
                                        "Actual Startup Time": 329.807,
                                        "Actual Total Time": 591.848,
                                        "Actual Rows": 494479,
                                        "Actual Loops": 7,
                                        "Output": [
                                            "ci.id",
                                            "ci.person_id",
                                            "ci.movie_id",
                                            "ci.person_role_id",
                                            "ci.note",
                                            "ci.nr_order",
                                            "ci.role_id"
                                        ],
                                        "Filter": "((ci.person_id < 1233071) AND (ci.role_id > 2))",
                                        "Rows Removed by Filter": 4683284,
                                        "Workers": [
                                            {
                                                "Worker Number": 0,
                                                "Actual Startup Time": 329.765,
                                                "Actual Total Time": 592.981,
                                                "Actual Rows": 353338,
                                                "Actual Loops": 1
                                            },
                                            {
                                                "Worker Number": 1,
                                                "Actual Startup Time": 329.791,
                                                "Actual Total Time": 591.698,
                                                "Actual Rows": 542052,
                                                "Actual Loops": 1
                                            },
                                            {
                                                "Worker Number": 2,
                                                "Actual Startup Time": 329.742,
                                                "Actual Total Time": 592.622,
                                                "Actual Rows": 503515,
                                                "Actual Loops": 1
                                            },
                                            {
                                                "Worker Number": 3,
                                                "Actual Startup Time": 329.887,
                                                "Actual Total Time": 592.811,
                                                "Actual Rows": 351958,
                                                "Actual Loops": 1
                                            },
                                            {
                                                "Worker Number": 4,
                                                "Actual Startup Time": 329.774,
                                                "Actual Total Time": 591.45,
                                                "Actual Rows": 539392,
                                                "Actual Loops": 1
                                            },
                                            {
                                                "Worker Number": 5,
                                                "Actual Startup Time": 329.773,
                                                "Actual Total Time": 592.857,
                                                "Actual Rows": 499015,
                                                "Actual Loops": 1
                                            }
                                        ]
                                    },
                                    {
                                        "Node Type": "Hash",
                                        "Parent Relationship": "Inner",
                                        "Parallel Aware": true,
                                        "Startup Cost": 45479.21,
                                        "Total Cost": 45479.21,
                                        "Plan Rows": 44500,
                                        "Plan Width": 4,
                                        "Actual Startup Time": 73.461,
                                        "Actual Total Time": 73.462,
                                        "Actual Rows": 7461,
                                        "Actual Loops": 7,
                                        "Output": [
                                            "t.id"
                                        ],
                                        "Hash Buckets": 262144,
                                        "Original Hash Buckets": 262144,
                                        "Hash Batches": 1,
                                        "Original Hash Batches": 1,
                                        "Peak Memory Usage": 4192,
                                        "Workers": [
                                            {
                                                "Worker Number": 0,
                                                "Actual Startup Time": 72.412,
                                                "Actual Total Time": 72.413,
                                                "Actual Rows": 5393,
                                                "Actual Loops": 1
                                            },
                                            {
                                                "Worker Number": 1,
                                                "Actual Startup Time": 72.837,
                                                "Actual Total Time": 72.837,
                                                "Actual Rows": 6933,
                                                "Actual Loops": 1
                                            },
                                            {
                                                "Worker Number": 2,
                                                "Actual Startup Time": 72.716,
                                                "Actual Total Time": 72.717,
                                                "Actual Rows": 7046,
                                                "Actual Loops": 1
                                            },
                                            {
                                                "Worker Number": 3,
                                                "Actual Startup Time": 72.699,
                                                "Actual Total Time": 72.701,
                                                "Actual Rows": 5527,
                                                "Actual Loops": 1
                                            },
                                            {
                                                "Worker Number": 4,
                                                "Actual Startup Time": 73.648,
                                                "Actual Total Time": 73.649,
                                                "Actual Rows": 7519,
                                                "Actual Loops": 1
                                            },
                                            {
                                                "Worker Number": 5,
                                                "Actual Startup Time": 73.765,
                                                "Actual Total Time": 73.767,
                                                "Actual Rows": 7234,
                                                "Actual Loops": 1
                                            }
                                        ],
                                        "Plans": [
                                            {
                                                "Node Type": "Seq Scan",
                                                "Parent Relationship": "Outer",
                                                "Parallel Aware": true,
                                                "Relation Name": "title",
                                                "Schema": "public",
                                                "Alias": "t",
                                                "Startup Cost": 0.0,
                                                "Total Cost": 45479.21,
                                                "Plan Rows": 44500,
                                                "Plan Width": 4,
                                                "Actual Startup Time": 0.086,
                                                "Actual Total Time": 68.808,
                                                "Actual Rows": 7461,
                                                "Actual Loops": 7,
                                                "Output": [
                                                    "t.id"
                                                ],
                                                "Filter": "((t.kind_id > 1) AND (t.production_year < 1960))",
                                                "Rows Removed by Filter": 353726,
                                                "Workers": [
                                                    {
                                                        "Worker Number": 0,
                                                        "Actual Startup Time": 0.075,
                                                        "Actual Total Time": 67.893,
                                                        "Actual Rows": 5393,
                                                        "Actual Loops": 1
                                                    },
                                                    {
                                                        "Worker Number": 1,
                                                        "Actual Startup Time": 0.058,
                                                        "Actual Total Time": 68.4,
                                                        "Actual Rows": 6933,
                                                        "Actual Loops": 1
                                                    },
                                                    {
                                                        "Worker Number": 2,
                                                        "Actual Startup Time": 0.066,
                                                        "Actual Total Time": 68.147,
                                                        "Actual Rows": 7046,
                                                        "Actual Loops": 1
                                                    },
                                                    {
                                                        "Worker Number": 3,
                                                        "Actual Startup Time": 0.227,
                                                        "Actual Total Time": 68.129,
                                                        "Actual Rows": 5527,
                                                        "Actual Loops": 1
                                                    },
                                                    {
                                                        "Worker Number": 4,
                                                        "Actual Startup Time": 0.075,
                                                        "Actual Total Time": 69.094,
                                                        "Actual Rows": 7519,
                                                        "Actual Loops": 1
                                                    },
                                                    {
                                                        "Worker Number": 5,
                                                        "Actual Startup Time": 0.077,
                                                        "Actual Total Time": 69.08,
                                                        "Actual Rows": 7234,
                                                        "Actual Loops": 1
                                                    }
                                                ]
                                            }
                                        ]
                                    }
                                ]
                            }
                        ]
                    }
                ]
            }
        ]
    },
    "Planning Time": 0.763,
    "Triggers": [],
    "Execution Time": 788.149
}