{
  "Plan": {
    "Node Type": "Aggregate",
    "Strategy": "Plain",
    "Partial Mode": "Simple",
    "Parallel Aware": false,
    "Startup Cost": 3317.58,
    "Total Cost": 3317.59,
    "Plan Rows": 1,
    "Plan Width": 8,
    "Actual Startup Time": 5.093,
    "Actual Total Time": 5.096,
    "Actual Rows": 1,
    "Actual Loops": 1,
    "Plans": [
      {
        "Node Type": "Nested Loop",
        "Parent Relationship": "Outer",
        "Parallel Aware": false,
        "Join Type": "Inner",
        "Startup Cost": 7.22,
        "Total Cost": 3315.52,
        "Plan Rows": 824,
        "Plan Width": 0,
        "Actual Startup Time": 0.14,
        "Actual Total Time": 4.655,
        "Actual Rows": 2417,
        "Actual Loops": 1,
        "Inner Unique": false,
        "Plans": [
          {
            "Node Type": "Nested Loop",
            "Parent Relationship": "Outer",
            "Parallel Aware": false,
            "Join Type": "Inner",
            "Startup Cost": 6.78,
            "Total Cost": 3006.58,
            "Plan Rows": 141,
            "Plan Width": 8,
            "Actual Startup Time": 0.12,
            "Actual Total Time": 0.976,
            "Actual Rows": 19,
            "Actual Loops": 1,
            "Inner Unique": true,
            "Plans": [
              {
                "Node Type": "Bitmap Heap Scan",
                "Parent Relationship": "Outer",
                "Parallel Aware": false,
                "Relation Name": "movie_keyword",
                "Alias": "mk",
                "Startup Cost": 6.35,
                "Total Cost": 922.98,
                "Plan Rows": 248,
                "Plan Width": 4,
                "Actual Startup Time": 0.089,
                "Actual Total Time": 0.236,
                "Actual Rows": 34,
                "Actual Loops": 1,
                "Recheck Cond": "(keyword_id = 49581)",
                "Rows Removed by Index Recheck": 0,
                "Exact Heap Blocks": 34,
                "Lossy Heap Blocks": 0,
                "Plans": [
                  {
                    "Node Type": "Bitmap Index Scan",
                    "Parent Relationship": "Outer",
                    "Parallel Aware": false,
                    "Index Name": "keyword_id_movie_keyword",
                    "Startup Cost": 0.0,
                    "Total Cost": 6.29,
                    "Plan Rows": 248,
                    "Plan Width": 0,
                    "Actual Startup Time": 0.067,
                    "Actual Total Time": 0.068,
                    "Actual Rows": 34,
                    "Actual Loops": 1,
                    "Index Cond": "(keyword_id = 49581)"
                  }
                ]
              },
              {
                "Node Type": "Index Scan",
                "Parent Relationship": "Inner",
                "Parallel Aware": false,
                "Scan Direction": "Forward",
                "Index Name": "title_pkey",
                "Relation Name": "title",
                "Alias": "t",
                "Startup Cost": 0.43,
                "Total Cost": 8.4,
                "Plan Rows": 1,
                "Plan Width": 4,
                "Actual Startup Time": 0.02,
                "Actual Total Time": 0.02,
                "Actual Rows": 1,
                "Actual Loops": 34,
                "Index Cond": "(id = mk.movie_id)",
                "Rows Removed by Index Recheck": 0,
                "Filter": "(production_year > 1999)",
                "Rows Removed by Filter": 0
              }
            ]
          },
          {
            "Node Type": "Index Only Scan",
            "Parent Relationship": "Inner",
            "Parallel Aware": false,
            "Scan Direction": "Forward",
            "Index Name": "movie_id_movie_info",
            "Relation Name": "movie_info",
            "Alias": "mi",
            "Startup Cost": 0.43,
            "Total Cost": 1.77,
            "Plan Rows": 42,
            "Plan Width": 4,
            "Actual Startup Time": 0.036,
            "Actual Total Time": 0.156,
            "Actual Rows": 127,
            "Actual Loops": 19,
            "Index Cond": "(movie_id = t.id)",
            "Rows Removed by Index Recheck": 0,
            "Heap Fetches": 2417
          }
        ]
      }
    ]
  },
  "Planning Time": 0.993,
  "Triggers": [],
  "Execution Time": 5.191
}