[
  {
    "Plan": {
      "Node Type": "Aggregate",
      "Strategy": "Plain",
      "Partial Mode": "Finalize",
      "Parallel Aware": false,
      "Startup Cost": 92602.5,
      "Total Cost": 92602.51,
      "Plan Rows": 1,
      "Plan Width": 8,
      "Actual Startup Time": 545.034,
      "Actual Total Time": 563.107,
      "Actual Rows": 1,
      "Actual Loops": 1,
      "Plans": [
        {
          "Node Type": "Gather",
          "Parent Relationship": "Outer",
          "Parallel Aware": false,
          "Startup Cost": 92602.18,
          "Total Cost": 92602.49,
          "Plan Rows": 3,
          "Plan Width": 8,
          "Actual Startup Time": 531.711,
          "Actual Total Time": 563.096,
          "Actual Rows": 4,
          "Actual Loops": 1,
          "Workers Planned": 3,
          "Workers Launched": 3,
          "Single Copy": false,
          "Plans": [
            {
              "Node Type": "Aggregate",
              "Strategy": "Plain",
              "Partial Mode": "Partial",
              "Parent Relationship": "Outer",
              "Parallel Aware": false,
              "Startup Cost": 91602.18,
              "Total Cost": 91602.19,
              "Plan Rows": 1,
              "Plan Width": 8,
              "Actual Startup Time": 514.635,
              "Actual Total Time": 514.639,
              "Actual Rows": 1,
              "Actual Loops": 4,
              "Plans": [
                {
                  "Node Type": "Hash Join",
                  "Parent Relationship": "Outer",
                  "Parallel Aware": true,
                  "Join Type": "Inner",
                  "Startup Cost": 63569.82,
                  "Total Cost": 91094.61,
                  "Plan Rows": 203028,
                  "Plan Width": 0,
                  "Actual Startup Time": 383.412,
                  "Actual Total Time": 506.768,
                  "Actual Rows": 160432,
                  "Actual Loops": 4,
                  "Inner Unique": true,
                  "Hash Cond": "(mk.movie_id = t.id)",
                  "Plans": [
                    {
                      "Node Type": "Bitmap Heap Scan",
                      "Parent Relationship": "Outer",
                      "Parallel Aware": true,
                      "Relation Name": "movie_keyword",
                      "Alias": "mk",
                      "Startup Cost": 13350.17,
                      "Total Cost": 40342.02,
                      "Plan Rows": 203028,
                      "Plan Width": 4,
                      "Actual Startup Time": 36.073,
                      "Actual Total Time": 97.498,
                      "Actual Rows": 160432,
                      "Actual Loops": 4,
                      "Recheck Cond": "(keyword_id < 498)",
                      "Rows Removed by Index Recheck": 0,
                      "Exact Heap Blocks": 7091,
                      "Lossy Heap Blocks": 0,
                      "Plans": [
                        {
                          "Node Type": "Bitmap Index Scan",
                          "Parent Relationship": "Outer",
                          "Parallel Aware": false,
                          "Index Name": "keyword_id_movie_keyword",
                          "Startup Cost": 0.0,
                          "Total Cost": 13192.83,
                          "Plan Rows": 629386,
                          "Plan Width": 0,
                          "Actual Startup Time": 32.389,
                          "Actual Total Time": 32.389,
                          "Actual Rows": 641726,
                          "Actual Loops": 1,
                          "Index Cond": "(keyword_id < 498)"
                        }
                      ]
                    },
                    {
                      "Node Type": "Hash",
                      "Parent Relationship": "Inner",
                      "Parallel Aware": true,
                      "Startup Cost": 42318.73,
                      "Total Cost": 42318.73,
                      "Plan Rows": 632073,
                      "Plan Width": 4,
                      "Actual Startup Time": 336.5,
                      "Actual Total Time": 336.501,
                      "Actual Rows": 632078,
                      "Actual Loops": 4,
                      "Hash Buckets": 4194304,
                      "Original Hash Buckets": 4194304,
                      "Hash Batches": 1,
                      "Original Hash Batches": 1,
                      "Peak Memory Usage": 131712,
                      "Plans": [
                        {
                          "Node Type": "Seq Scan",
                          "Parent Relationship": "Outer",
                          "Parallel Aware": true,
                          "Relation Name": "title",
                          "Alias": "t",
                          "Startup Cost": 0.0,
                          "Total Cost": 42318.73,
                          "Plan Rows": 632073,
                          "Plan Width": 4,
                          "Actual Startup Time": 0.036,
                          "Actual Total Time": 103.093,
                          "Actual Rows": 632078,
                          "Actual Loops": 4
                        }
                      ]
                    }
                  ]
                }
              ]
            }
          ]
        }
      ]
    },
    "Planning Time": 0.483,
    "Triggers": [],
    "Execution Time": 563.184
  }
]