{
  "Plan": {
    "Node Type": "Aggregate",
    "Strategy": "Plain",
    "Partial Mode": "Finalize",
    "Parallel Aware": false,
    "Startup Cost": 123070.67,
    "Total Cost": 123070.68,
    "Plan Rows": 1,
    "Plan Width": 8,
    "Actual Startup Time": 1207.399,
    "Actual Total Time": 1266.05,
    "Actual Rows": 1,
    "Actual Loops": 1,
    "Plans": [
      {
        "Node Type": "Gather",
        "Parent Relationship": "Outer",
        "Parallel Aware": false,
        "Startup Cost": 123070.56,
        "Total Cost": 123070.67,
        "Plan Rows": 1,
        "Plan Width": 8,
        "Actual Startup Time": 1207.21,
        "Actual Total Time": 1266.043,
        "Actual Rows": 2,
        "Actual Loops": 1,
        "Workers Planned": 1,
        "Workers Launched": 1,
        "Single Copy": false,
        "Plans": [
          {
            "Node Type": "Aggregate",
            "Strategy": "Plain",
            "Partial Mode": "Partial",
            "Parent Relationship": "Outer",
            "Parallel Aware": false,
            "Startup Cost": 122070.56,
            "Total Cost": 122070.57,
            "Plan Rows": 1,
            "Plan Width": 8,
            "Actual Startup Time": 1200.807,
            "Actual Total Time": 1200.81,
            "Actual Rows": 1,
            "Actual Loops": 2,
            "Plans": [
              {
                "Node Type": "Nested Loop",
                "Parent Relationship": "Outer",
                "Parallel Aware": false,
                "Join Type": "Inner",
                "Startup Cost": 20985.76,
                "Total Cost": 121909.27,
                "Plan Rows": 64515,
                "Plan Width": 0,
                "Actual Startup Time": 118.319,
                "Actual Total Time": 1189.552,
                "Actual Rows": 231878,
                "Actual Loops": 2,
                "Inner Unique": false,
                "Plans": [
                  {
                    "Node Type": "Hash Join",
                    "Parent Relationship": "Outer",
                    "Parallel Aware": true,
                    "Join Type": "Inner",
                    "Startup Cost": 20985.19,
                    "Total Cost": 79300.4,
                    "Plan Rows": 13916,
                    "Plan Width": 8,
                    "Actual Startup Time": 118.143,
                    "Actual Total Time": 247.045,
                    "Actual Rows": 28962,
                    "Actual Loops": 2,
                    "Inner Unique": false,
                    "Hash Cond": "(t.id = mc.movie_id)",
                    "Plans": [
                      {
                        "Node Type": "Seq Scan",
                        "Parent Relationship": "Outer",
                        "Parallel Aware": true,
                        "Relation Name": "title",
                        "Alias": "t",
                        "Startup Cost": 0.0,
                        "Total Cost": 54588.39,
                        "Plan Rows": 583193,
                        "Plan Width": 4,
                        "Actual Startup Time": 0.012,
                        "Actual Total Time": 124.733,
                        "Actual Rows": 492524,
                        "Actual Loops": 2,
                        "Filter": "(kind_id < 7)",
                        "Rows Removed by Filter": 771632
                      },
                      {
                        "Node Type": "Hash",
                        "Parent Relationship": "Inner",
                        "Parallel Aware": true,
                        "Startup Cost": 20541.59,
                        "Total Cost": 20541.59,
                        "Plan Rows": 35488,
                        "Plan Width": 4,
                        "Actual Startup Time": 30.382,
                        "Actual Total Time": 30.384,
                        "Actual Rows": 28962,
                        "Actual Loops": 2,
                        "Hash Buckets": 65536,
                        "Original Hash Buckets": 65536,
                        "Hash Batches": 1,
                        "Original Hash Batches": 1,
                        "Peak Memory Usage": 2784,
                        "Plans": [
                          {
                            "Node Type": "Bitmap Heap Scan",
                            "Parent Relationship": "Outer",
                            "Parallel Aware": true,
                            "Relation Name": "movie_companies",
                            "Alias": "mc",
                            "Startup Cost": 1307.99,
                            "Total Cost": 20541.59,
                            "Plan Rows": 35488,
                            "Plan Width": 4,
                            "Actual Startup Time": 4.409,
                            "Actual Total Time": 19.709,
                            "Actual Rows": 28962,
                            "Actual Loops": 2,
                            "Recheck Cond": "(company_id > 185362)",
                            "Rows Removed by Index Recheck": 0,
                            "Exact Heap Blocks": 1347,
                            "Lossy Heap Blocks": 0,
                            "Plans": [
                              {
                                "Node Type": "Bitmap Index Scan",
                                "Parent Relationship": "Outer",
                                "Parallel Aware": false,
                                "Index Name": "company_id_movie_companies",
                                "Startup Cost": 0.0,
                                "Total Cost": 1292.9,
                                "Plan Rows": 60330,
                                "Plan Width": 0,
                                "Actual Startup Time": 7.625,
                                "Actual Total Time": 7.625,
                                "Actual Rows": 57923,
                                "Actual Loops": 1,
                                "Index Cond": "(company_id > 185362)"
                              }
                            ]
                          }
                        ]
                      }
                    ]
                  },
                  {
                    "Node Type": "Index Scan",
                    "Parent Relationship": "Inner",
                    "Parallel Aware": false,
                    "Scan Direction": "Forward",
                    "Index Name": "movie_id_cast_info",
                    "Relation Name": "cast_info",
                    "Alias": "ci",
                    "Startup Cost": 0.56,
                    "Total Cost": 2.94,
                    "Plan Rows": 12,
                    "Plan Width": 4,
                    "Actual Startup Time": 0.022,
                    "Actual Total Time": 0.032,
                    "Actual Rows": 8,
                    "Actual Loops": 57923,
                    "Index Cond": "(movie_id = t.id)",
                    "Rows Removed by Index Recheck": 0,
                    "Filter": "((person_id < 3713067) AND (role_id > 3))",
                    "Rows Removed by Filter": 19
                  }
                ]
              }
            ]
          }
        ]
      }
    ]
  },
  "Planning Time": 0.904,
  "Triggers": [],
  "Execution Time": 1266.176
}