[
  {
    "Plan": {
      "Node Type": "Aggregate",
      "Strategy": "Plain",
      "Partial Mode": "Finalize",
      "Parallel Aware": false,
      "Startup Cost": 32730.29,
      "Total Cost": 32730.3,
      "Plan Rows": 1,
      "Plan Width": 8,
      "Actual Startup Time": 103.575,
      "Actual Total Time": 112.113,
      "Actual Rows": 1,
      "Actual Loops": 1,
      "Plans": [
        {
          "Node Type": "Gather",
          "Parent Relationship": "Outer",
          "Parallel Aware": false,
          "Startup Cost": 32729.97,
          "Total Cost": 32730.28,
          "Plan Rows": 3,
          "Plan Width": 8,
          "Actual Startup Time": 103.472,
          "Actual Total Time": 112.105,
          "Actual Rows": 4,
          "Actual Loops": 1,
          "Workers Planned": 3,
          "Workers Launched": 3,
          "Single Copy": false,
          "Plans": [
            {
              "Node Type": "Aggregate",
              "Strategy": "Plain",
              "Partial Mode": "Partial",
              "Parent Relationship": "Outer",
              "Parallel Aware": false,
              "Startup Cost": 31729.97,
              "Total Cost": 31729.98,
              "Plan Rows": 1,
              "Plan Width": 8,
              "Actual Startup Time": 96.103,
              "Actual Total Time": 96.104,
              "Actual Rows": 1,
              "Actual Loops": 4,
              "Plans": [
                {
                  "Node Type": "Seq Scan",
                  "Parent Relationship": "Outer",
                  "Parallel Aware": true,
                  "Relation Name": "movie_companies",
                  "Alias": "mc",
                  "Startup Cost": 0.0,
                  "Total Cost": 31414.82,
                  "Plan Rows": 126061,
                  "Plan Width": 0,
                  "Actual Startup Time": 48.238,
                  "Actual Total Time": 87.536,
                  "Actual Rows": 179539,
                  "Actual Loops": 4,
                  "Filter": "((company_id > 32219) AND (company_type_id > 1))",
                  "Rows Removed by Filter": 472743
                }
              ]
            }
          ]
        }
      ]
    },
    "Planning Time": 0.213,
    "Triggers": [],
    "Execution Time": 112.165
  }
]