{
  "Plan": {
    "Node Type": "Aggregate",
    "Strategy": "Plain",
    "Partial Mode": "Finalize",
    "Parallel Aware": false,
    "Startup Cost": 932470.5,
    "Total Cost": 932470.51,
    "Plan Rows": 1,
    "Plan Width": 8,
    "Actual Startup Time": 4353.703,
    "Actual Total Time": 4438.988,
    "Actual Rows": 1,
    "Actual Loops": 1,
    "Plans": [
      {
        "Node Type": "Gather",
        "Parent Relationship": "Outer",
        "Parallel Aware": false,
        "Startup Cost": 932470.39,
        "Total Cost": 932470.5,
        "Plan Rows": 1,
        "Plan Width": 8,
        "Actual Startup Time": 4352.407,
        "Actual Total Time": 4438.978,
        "Actual Rows": 2,
        "Actual Loops": 1,
        "Workers Planned": 1,
        "Workers Launched": 1,
        "Single Copy": false,
        "Plans": [
          {
            "Node Type": "Aggregate",
            "Strategy": "Plain",
            "Partial Mode": "Partial",
            "Parent Relationship": "Outer",
            "Parallel Aware": false,
            "Startup Cost": 931470.39,
            "Total Cost": 931470.4,
            "Plan Rows": 1,
            "Plan Width": 8,
            "Actual Startup Time": 4349.381,
            "Actual Total Time": 4349.537,
            "Actual Rows": 1,
            "Actual Loops": 2,
            "Plans": [
              {
                "Node Type": "Hash Join",
                "Parent Relationship": "Outer",
                "Parallel Aware": true,
                "Join Type": "Inner",
                "Startup Cost": 605152.55,
                "Total Cost": 927849.67,
                "Plan Rows": 1448285,
                "Plan Width": 0,
                "Actual Startup Time": 2438.859,
                "Actual Total Time": 4302.64,
                "Actual Rows": 1153036,
                "Actual Loops": 2,
                "Inner Unique": false,
                "Hash Cond": "(mi.movie_id = t.id)",
                "Plans": [
                  {
                    "Node Type": "Seq Scan",
                    "Parent Relationship": "Outer",
                    "Parallel Aware": true,
                    "Relation Name": "movie_info",
                    "Alias": "mi",
                    "Startup Cost": 0.0,
                    "Total Cost": 248955.74,
                    "Plan Rows": 8696274,
                    "Plan Width": 4,
                    "Actual Startup Time": 0.011,
                    "Actual Total Time": 636.349,
                    "Actual Rows": 7417860,
                    "Actual Loops": 2
                  },
                  {
                    "Node Type": "Hash",
                    "Parent Relationship": "Inner",
                    "Parallel Aware": true,
                    "Startup Cost": 602056.49,
                    "Total Cost": 602056.49,
                    "Plan Rows": 247685,
                    "Plan Width": 8,
                    "Actual Startup Time": 2432.611,
                    "Actual Total Time": 2432.766,
                    "Actual Rows": 250002,
                    "Actual Loops": 2,
                    "Hash Buckets": 524288,
                    "Original Hash Buckets": 524288,
                    "Hash Batches": 1,
                    "Original Hash Batches": 1,
                    "Peak Memory Usage": 23712,
                    "Plans": [
                      {
                        "Node Type": "Hash Join",
                        "Parent Relationship": "Outer",
                        "Parallel Aware": true,
                        "Join Type": "Inner",
                        "Startup Cost": 58806.33,
                        "Total Cost": 602056.49,
                        "Plan Rows": 247685,
                        "Plan Width": 8,
                        "Actual Startup Time": 604.605,
                        "Actual Total Time": 2357.878,
                        "Actual Rows": 250002,
                        "Actual Loops": 2,
                        "Inner Unique": true,
                        "Hash Cond": "(ci.movie_id = t.id)",
                        "Plans": [
                          {
                            "Node Type": "Seq Scan",
                            "Parent Relationship": "Outer",
                            "Parallel Aware": true,
                            "Relation Name": "cast_info",
                            "Alias": "ci",
                            "Startup Cost": 0.0,
                            "Total Cost": 519069.44,
                            "Plan Rows": 9211686,
                            "Plan Width": 4,
                            "Actual Startup Time": 465.986,
                            "Actual Total Time": 1375.689,
                            "Actual Rows": 7822080,
                            "Actual Loops": 2,
                            "Filter": "(person_id > 2073256)",
                            "Rows Removed by Filter": 10300092
                          },
                          {
                            "Node Type": "Hash",
                            "Parent Relationship": "Inner",
                            "Parallel Aware": true,
                            "Startup Cost": 58306.47,
                            "Total Cost": 58306.47,
                            "Plan Rows": 39989,
                            "Plan Width": 4,
                            "Actual Startup Time": 137.555,
                            "Actual Total Time": 137.556,
                            "Actual Rows": 37262,
                            "Actual Loops": 2,
                            "Hash Buckets": 131072,
                            "Original Hash Buckets": 131072,
                            "Hash Batches": 1,
                            "Original Hash Batches": 1,
                            "Peak Memory Usage": 3968,
                            "Plans": [
                              {
                                "Node Type": "Seq Scan",
                                "Parent Relationship": "Outer",
                                "Parallel Aware": true,
                                "Relation Name": "title",
                                "Alias": "t",
                                "Startup Cost": 0.0,
                                "Total Cost": 58306.47,
                                "Plan Rows": 39989,
                                "Plan Width": 4,
                                "Actual Startup Time": 0.023,
                                "Actual Total Time": 126.835,
                                "Actual Rows": 37262,
                                "Actual Loops": 2,
                                "Filter": "((kind_id = 7) AND (production_year = 2006))",
                                "Rows Removed by Filter": 1226894
                              }
                            ]
                          }
                        ]
                      }
                    ]
                  }
                ]
              }
            ]
          }
        ]
      }
    ]
  },
  "Planning Time": 0.806,
  "Triggers": [],
  "Execution Time": 4439.073
}