{
    "Plan": {
        "Node Type": "Aggregate",
        "Strategy": "Plain",
        "Partial Mode": "Simple",
        "Parallel Aware": false,
        "Startup Cost": 30000554062.81,
        "Total Cost": 30000554062.82,
        "Plan Rows": 1,
        "Plan Width": 96,
        "Actual Startup Time": 702.535,
        "Actual Total Time": 704.586,
        "Actual Rows": 1,
        "Actual Loops": 1,
        "Output": [
            "min(cn.name)",
            "min((lt.link)::text)",
            "min(t.title)"
        ],
        "Plans": [
            {
                "Node Type": "Nested Loop",
                "Parent Relationship": "Outer",
                "Parallel Aware": false,
                "Join Type": "Inner",
                "Startup Cost": 30000548128.85,
                "Total Cost": 30000554062.8,
                "Plan Rows": 1,
                "Plan Width": 48,
                "Actual Startup Time": 661.493,
                "Actual Total Time": 704.568,
                "Actual Rows": 3,
                "Actual Loops": 1,
                "Output": [
                    "cn.name",
                    "lt.link",
                    "t.title"
                ],
                "Inner Unique": true,
                "Join Filter": "(ml.movie_id = t.id)",
                "Rows Removed by Join Filter": 0,
                "Plans": [
                    {
                        "Node Type": "Nested Loop",
                        "Parent Relationship": "Outer",
                        "Parallel Aware": false,
                        "Join Type": "Inner",
                        "Startup Cost": 20000548128.41,
                        "Total Cost": 20000554058.33,
                        "Plan Rows": 1,
                        "Plan Width": 43,
                        "Actual Startup Time": 661.43,
                        "Actual Total Time": 704.507,
                        "Actual Rows": 4,
                        "Actual Loops": 1,
                        "Output": [
                            "cn.name",
                            "mc.movie_id",
                            "mk.movie_id",
                            "ml.movie_id",
                            "lt.link"
                        ],
                        "Inner Unique": true,
                        "Plans": [
                            {
                                "Node Type": "Merge Join",
                                "Parent Relationship": "Outer",
                                "Parallel Aware": false,
                                "Join Type": "Inner",
                                "Startup Cost": 10000548128.26,
                                "Total Cost": 10000554050.15,
                                "Plan Rows": 1,
                                "Plan Width": 35,
                                "Actual Startup Time": 661.153,
                                "Actual Total Time": 704.185,
                                "Actual Rows": 64,
                                "Actual Loops": 1,
                                "Output": [
                                    "cn.name",
                                    "mc.movie_id",
                                    "mk.movie_id",
                                    "ml.link_type_id",
                                    "ml.movie_id"
                                ],
                                "Inner Unique": true,
                                "Merge Cond": "(mk.keyword_id = k.id)",
                                "Plans": [
                                    {
                                        "Node Type": "Sort",
                                        "Parent Relationship": "Outer",
                                        "Parallel Aware": false,
                                        "Startup Cost": 10000548127.8,
                                        "Total Cost": 10000548417.51,
                                        "Plan Rows": 115884,
                                        "Plan Width": 39,
                                        "Actual Startup Time": 659.802,
                                        "Actual Total Time": 662.227,
                                        "Actual Rows": 6268,
                                        "Actual Loops": 1,
                                        "Output": [
                                            "cn.name",
                                            "mc.movie_id",
                                            "mk.movie_id",
                                            "mk.keyword_id",
                                            "ml.link_type_id",
                                            "ml.movie_id"
                                        ],
                                        "Sort Key": [
                                            "mk.keyword_id"
                                        ],
                                        "Sort Method": "quicksort",
                                        "Sort Space Used": 2377,
                                        "Sort Space Type": "Memory",
                                        "Plans": [
                                            {
                                                "Node Type": "Hash Join",
                                                "Parent Relationship": "Outer",
                                                "Parallel Aware": false,
                                                "Join Type": "Inner",
                                                "Startup Cost": 10000536641.31,
                                                "Total Cost": 10000538380.61,
                                                "Plan Rows": 115884,
                                                "Plan Width": 39,
                                                "Actual Startup Time": 653.995,
                                                "Actual Total Time": 658.136,
                                                "Actual Rows": 17970,
                                                "Actual Loops": 1,
                                                "Output": [
                                                    "cn.name",
                                                    "mc.movie_id",
                                                    "mk.movie_id",
                                                    "mk.keyword_id",
                                                    "ml.link_type_id",
                                                    "ml.movie_id"
                                                ],
                                                "Inner Unique": false,
                                                "Hash Cond": "(ct.id = mc.company_type_id)",
                                                "Plans": [
                                                    {
                                                        "Node Type": "Seq Scan",
                                                        "Parent Relationship": "Outer",
                                                        "Parallel Aware": false,
                                                        "Relation Name": "company_type",
                                                        "Schema": "public",
                                                        "Alias": "ct",
                                                        "Startup Cost": 0.0,
                                                        "Total Cost": 1.05,
                                                        "Plan Rows": 1,
                                                        "Plan Width": 4,
                                                        "Actual Startup Time": 0.023,
                                                        "Actual Total Time": 0.031,
                                                        "Actual Rows": 1,
                                                        "Actual Loops": 1,
                                                        "Output": [
                                                            "ct.id",
                                                            "ct.kind"
                                                        ],
                                                        "Filter": "((ct.kind)::text = 'production companies'::text)",
                                                        "Rows Removed by Filter": 3
                                                    },
                                                    {
                                                        "Node Type": "Hash",
                                                        "Parent Relationship": "Inner",
                                                        "Parallel Aware": false,
                                                        "Startup Cost": 10000530847.17,
                                                        "Total Cost": 10000530847.17,
                                                        "Plan Rows": 463531,
                                                        "Plan Width": 43,
                                                        "Actual Startup Time": 652.97,
                                                        "Actual Total Time": 655.011,
                                                        "Actual Rows": 18203,
                                                        "Actual Loops": 1,
                                                        "Output": [
                                                            "cn.name",
                                                            "mc.movie_id",
                                                            "mc.company_type_id",
                                                            "mk.movie_id",
                                                            "mk.keyword_id",
                                                            "ml.link_type_id",
                                                            "ml.movie_id"
                                                        ],
                                                        "Hash Buckets": 524288,
                                                        "Original Hash Buckets": 524288,
                                                        "Hash Batches": 1,
                                                        "Original Hash Batches": 1,
                                                        "Peak Memory Usage": 5473,
                                                        "Plans": [
                                                            {
                                                                "Node Type": "Gather",
                                                                "Parent Relationship": "Outer",
                                                                "Parallel Aware": false,
                                                                "Startup Cost": 10000082889.11,
                                                                "Total Cost": 10000530847.17,
                                                                "Plan Rows": 463531,
                                                                "Plan Width": 43,
                                                                "Actual Startup Time": 348.668,
                                                                "Actual Total Time": 652.968,
                                                                "Actual Rows": 18203,
                                                                "Actual Loops": 1,
                                                                "Output": [
                                                                    "cn.name",
                                                                    "mc.movie_id",
                                                                    "mc.company_type_id",
                                                                    "mk.movie_id",
                                                                    "mk.keyword_id",
                                                                    "ml.link_type_id",
                                                                    "ml.movie_id"
                                                                ],
                                                                "Workers Planned": 3,
                                                                "Workers Launched": 3,
                                                                "Single Copy": false,
                                                                "Plans": [
                                                                    {
                                                                        "Node Type": "Hash Join",
                                                                        "Parent Relationship": "Outer",
                                                                        "Parallel Aware": false,
                                                                        "Join Type": "Inner",
                                                                        "Startup Cost": 10000081889.11,
                                                                        "Total Cost": 10000483494.07,
                                                                        "Plan Rows": 149526,
                                                                        "Plan Width": 43,
                                                                        "Actual Startup Time": 342.481,
                                                                        "Actual Total Time": 637.2,
                                                                        "Actual Rows": 4551,
                                                                        "Actual Loops": 4,
                                                                        "Output": [
                                                                            "cn.name",
                                                                            "mc.movie_id",
                                                                            "mc.company_type_id",
                                                                            "mk.movie_id",
                                                                            "mk.keyword_id",
                                                                            "ml.link_type_id",
                                                                            "ml.movie_id"
                                                                        ],
                                                                        "Inner Unique": false,
                                                                        "Hash Cond": "(mk.movie_id = ml.movie_id)",
                                                                        "Workers": [
                                                                            {
                                                                                "Worker Number": 0,
                                                                                "Actual Startup Time": 339.419,
                                                                                "Actual Total Time": 634.637,
                                                                                "Actual Rows": 4397,
                                                                                "Actual Loops": 1
                                                                            },
                                                                            {
                                                                                "Worker Number": 1,
                                                                                "Actual Startup Time": 340.391,
                                                                                "Actual Total Time": 636.423,
                                                                                "Actual Rows": 2699,
                                                                                "Actual Loops": 1
                                                                            },
                                                                            {
                                                                                "Worker Number": 2,
                                                                                "Actual Startup Time": 342.468,
                                                                                "Actual Total Time": 634.37,
                                                                                "Actual Rows": 5129,
                                                                                "Actual Loops": 1
                                                                            }
                                                                        ],
                                                                        "Plans": [
                                                                            {
                                                                                "Node Type": "Hash Join",
                                                                                "Parent Relationship": "Outer",
                                                                                "Parallel Aware": true,
                                                                                "Join Type": "Inner",
                                                                                "Startup Cost": 81051.18,
                                                                                "Total Cost": 127170.86,
                                                                                "Plan Rows": 495958,
                                                                                "Plan Width": 35,
                                                                                "Actual Startup Time": 332.601,
                                                                                "Actual Total Time": 607.209,
                                                                                "Actual Rows": 238593,
                                                                                "Actual Loops": 4,
                                                                                "Output": [
                                                                                    "cn.name",
                                                                                    "mc.movie_id",
                                                                                    "mc.company_type_id",
                                                                                    "mk.movie_id",
                                                                                    "mk.keyword_id"
                                                                                ],
                                                                                "Inner Unique": false,
                                                                                "Hash Cond": "(mk.movie_id = mc.movie_id)",
                                                                                "Workers": [
                                                                                    {
                                                                                        "Worker Number": 0,
                                                                                        "Actual Startup Time": 328.81,
                                                                                        "Actual Total Time": 603.642,
                                                                                        "Actual Rows": 205906,
                                                                                        "Actual Loops": 1
                                                                                    },
                                                                                    {
                                                                                        "Worker Number": 1,
                                                                                        "Actual Startup Time": 329.71,
                                                                                        "Actual Total Time": 605.206,
                                                                                        "Actual Rows": 210503,
                                                                                        "Actual Loops": 1
                                                                                    },
                                                                                    {
                                                                                        "Worker Number": 2,
                                                                                        "Actual Startup Time": 330.365,
                                                                                        "Actual Total Time": 603.547,
                                                                                        "Actual Rows": 205881,
                                                                                        "Actual Loops": 1
                                                                                    }
                                                                                ],
                                                                                "Plans": [
                                                                                    {
                                                                                        "Node Type": "Seq Scan",
                                                                                        "Parent Relationship": "Outer",
                                                                                        "Parallel Aware": true,
                                                                                        "Relation Name": "movie_keyword",
                                                                                        "Schema": "public",
                                                                                        "Alias": "mk",
                                                                                        "Startup Cost": 0.0,
                                                                                        "Total Cost": 39047.32,
                                                                                        "Plan Rows": 1459332,
                                                                                        "Plan Width": 8,
                                                                                        "Actual Startup Time": 0.018,
                                                                                        "Actual Total Time": 114.775,
                                                                                        "Actual Rows": 1130982,
                                                                                        "Actual Loops": 4,
                                                                                        "Output": [
                                                                                            "mk.id",
                                                                                            "mk.movie_id",
                                                                                            "mk.keyword_id"
                                                                                        ],
                                                                                        "Workers": [
                                                                                            {
                                                                                                "Worker Number": 0,
                                                                                                "Actual Startup Time": 0.014,
                                                                                                "Actual Total Time": 117.245,
                                                                                                "Actual Rows": 972360,
                                                                                                "Actual Loops": 1
                                                                                            },
                                                                                            {
                                                                                                "Worker Number": 1,
                                                                                                "Actual Startup Time": 0.017,
                                                                                                "Actual Total Time": 116.662,
                                                                                                "Actual Rows": 967365,
                                                                                                "Actual Loops": 1
                                                                                            },
                                                                                            {
                                                                                                "Worker Number": 2,
                                                                                                "Actual Startup Time": 0.029,
                                                                                                "Actual Total Time": 115.532,
                                                                                                "Actual Rows": 964775,
                                                                                                "Actual Loops": 1
                                                                                            }
                                                                                        ]
                                                                                    },
                                                                                    {
                                                                                        "Node Type": "Hash",
                                                                                        "Parent Relationship": "Inner",
                                                                                        "Parallel Aware": true,
                                                                                        "Startup Cost": 80387.87,
                                                                                        "Total Cost": 80387.87,
                                                                                        "Plan Rows": 53065,
                                                                                        "Plan Width": 27,
                                                                                        "Actual Startup Time": 329.304,
                                                                                        "Actual Total Time": 329.31,
                                                                                        "Actual Rows": 41572,
                                                                                        "Actual Loops": 4,
                                                                                        "Output": [
                                                                                            "cn.name",
                                                                                            "mc.movie_id",
                                                                                            "mc.company_type_id"
                                                                                        ],
                                                                                        "Hash Buckets": 262144,
                                                                                        "Original Hash Buckets": 262144,
                                                                                        "Hash Batches": 1,
                                                                                        "Original Hash Batches": 1,
                                                                                        "Peak Memory Usage": 12416,
                                                                                        "Workers": [
                                                                                            {
                                                                                                "Worker Number": 0,
                                                                                                "Actual Startup Time": 327.702,
                                                                                                "Actual Total Time": 327.707,
                                                                                                "Actual Rows": 35805,
                                                                                                "Actual Loops": 1
                                                                                            },
                                                                                            {
                                                                                                "Worker Number": 1,
                                                                                                "Actual Startup Time": 328.812,
                                                                                                "Actual Total Time": 328.817,
                                                                                                "Actual Rows": 35935,
                                                                                                "Actual Loops": 1
                                                                                            },
                                                                                            {
                                                                                                "Worker Number": 2,
                                                                                                "Actual Startup Time": 329.205,
                                                                                                "Actual Total Time": 329.21,
                                                                                                "Actual Rows": 34954,
                                                                                                "Actual Loops": 1
                                                                                            }
                                                                                        ],
                                                                                        "Plans": [
                                                                                            {
                                                                                                "Node Type": "Hash Join",
                                                                                                "Parent Relationship": "Outer",
                                                                                                "Parallel Aware": true,
                                                                                                "Join Type": "Inner",
                                                                                                "Startup Cost": 12161.12,
                                                                                                "Total Cost": 80387.87,
                                                                                                "Plan Rows": 53065,
                                                                                                "Plan Width": 27,
                                                                                                "Actual Startup Time": 77.172,
                                                                                                "Actual Total Time": 307.404,
                                                                                                "Actual Rows": 41572,
                                                                                                "Actual Loops": 4,
                                                                                                "Output": [
                                                                                                    "cn.name",
                                                                                                    "mc.movie_id",
                                                                                                    "mc.company_type_id"
                                                                                                ],
                                                                                                "Inner Unique": true,
                                                                                                "Hash Cond": "(mc.company_id = cn.id)",
                                                                                                "Workers": [
                                                                                                    {
                                                                                                        "Worker Number": 0,
                                                                                                        "Actual Startup Time": 75.028,
                                                                                                        "Actual Total Time": 307.698,
                                                                                                        "Actual Rows": 35805,
                                                                                                        "Actual Loops": 1
                                                                                                    },
                                                                                                    {
                                                                                                        "Worker Number": 1,
                                                                                                        "Actual Startup Time": 76.509,
                                                                                                        "Actual Total Time": 308.744,
                                                                                                        "Actual Rows": 35935,
                                                                                                        "Actual Loops": 1
                                                                                                    },
                                                                                                    {
                                                                                                        "Worker Number": 2,
                                                                                                        "Actual Startup Time": 77.339,
                                                                                                        "Actual Total Time": 305.108,
                                                                                                        "Actual Rows": 34954,
                                                                                                        "Actual Loops": 1
                                                                                                    }
                                                                                                ],
                                                                                                "Plans": [
                                                                                                    {
                                                                                                        "Node Type": "Index Scan",
                                                                                                        "Parent Relationship": "Outer",
                                                                                                        "Parallel Aware": true,
                                                                                                        "Scan Direction": "Forward",
                                                                                                        "Index Name": "company_type_id_movie_companies",
                                                                                                        "Relation Name": "movie_companies",
                                                                                                        "Schema": "public",
                                                                                                        "Alias": "mc",
                                                                                                        "Startup Cost": 0.43,
                                                                                                        "Total Cost": 67155.62,
                                                                                                        "Plan Rows": 408203,
                                                                                                        "Plan Width": 12,
                                                                                                        "Actual Startup Time": 0.197,
                                                                                                        "Actual Total Time": 183.0,
                                                                                                        "Actual Rows": 317997,
                                                                                                        "Actual Loops": 4,
                                                                                                        "Output": [
                                                                                                            "mc.id",
                                                                                                            "mc.movie_id",
                                                                                                            "mc.company_id",
                                                                                                            "mc.company_type_id",
                                                                                                            "mc.note"
                                                                                                        ],
                                                                                                        "Filter": "(mc.note IS NULL)",
                                                                                                        "Rows Removed by Filter": 334285,
                                                                                                        "Workers": [
                                                                                                            {
                                                                                                                "Worker Number": 0,
                                                                                                                "Actual Startup Time": 0.118,
                                                                                                                "Actual Total Time": 185.287,
                                                                                                                "Actual Rows": 268172,
                                                                                                                "Actual Loops": 1
                                                                                                            },
                                                                                                            {
                                                                                                                "Worker Number": 1,
                                                                                                                "Actual Startup Time": 0.197,
                                                                                                                "Actual Total Time": 184.514,
                                                                                                                "Actual Rows": 274100,
                                                                                                                "Actual Loops": 1
                                                                                                            },
                                                                                                            {
                                                                                                                "Worker Number": 2,
                                                                                                                "Actual Startup Time": 0.266,
                                                                                                                "Actual Total Time": 181.411,
                                                                                                                "Actual Rows": 265205,
                                                                                                                "Actual Loops": 1
                                                                                                            }
                                                                                                        ]
                                                                                                    },
                                                                                                    {
                                                                                                        "Node Type": "Hash",
                                                                                                        "Parent Relationship": "Inner",
                                                                                                        "Parallel Aware": true,
                                                                                                        "Startup Cost": 11936.07,
                                                                                                        "Total Cost": 11936.07,
                                                                                                        "Plan Rows": 17970,
                                                                                                        "Plan Width": 23,
                                                                                                        "Actual Startup Time": 75.444,
                                                                                                        "Actual Total Time": 75.446,
                                                                                                        "Actual Rows": 8496,
                                                                                                        "Actual Loops": 4,
                                                                                                        "Output": [
                                                                                                            "cn.name",
                                                                                                            "cn.id"
                                                                                                        ],
                                                                                                        "Hash Buckets": 65536,
                                                                                                        "Original Hash Buckets": 32768,
                                                                                                        "Hash Batches": 1,
                                                                                                        "Original Hash Batches": 1,
                                                                                                        "Peak Memory Usage": 2752,
                                                                                                        "Workers": [
                                                                                                            {
                                                                                                                "Worker Number": 0,
                                                                                                                "Actual Startup Time": 73.86,
                                                                                                                "Actual Total Time": 73.861,
                                                                                                                "Actual Rows": 7967,
                                                                                                                "Actual Loops": 1
                                                                                                            },
                                                                                                            {
                                                                                                                "Worker Number": 1,
                                                                                                                "Actual Startup Time": 75.04,
                                                                                                                "Actual Total Time": 75.042,
                                                                                                                "Actual Rows": 8869,
                                                                                                                "Actual Loops": 1
                                                                                                            },
                                                                                                            {
                                                                                                                "Worker Number": 2,
                                                                                                                "Actual Startup Time": 75.505,
                                                                                                                "Actual Total Time": 75.507,
                                                                                                                "Actual Rows": 7848,
                                                                                                                "Actual Loops": 1
                                                                                                            }
                                                                                                        ],
                                                                                                        "Plans": [
                                                                                                            {
                                                                                                                "Node Type": "Index Scan",
                                                                                                                "Parent Relationship": "Outer",
                                                                                                                "Parallel Aware": true,
                                                                                                                "Scan Direction": "Forward",
                                                                                                                "Index Name": "company_name_pkey",
                                                                                                                "Relation Name": "company_name",
                                                                                                                "Schema": "public",
                                                                                                                "Alias": "cn",
                                                                                                                "Startup Cost": 0.42,
                                                                                                                "Total Cost": 11936.07,
                                                                                                                "Plan Rows": 17970,
                                                                                                                "Plan Width": 23,
                                                                                                                "Actual Startup Time": 1.419,
                                                                                                                "Actual Total Time": 69.471,
                                                                                                                "Actual Rows": 8496,
                                                                                                                "Actual Loops": 4,
                                                                                                                "Output": [
                                                                                                                    "cn.name",
                                                                                                                    "cn.id"
                                                                                                                ],
                                                                                                                "Filter": "(((cn.country_code)::text <> '[us]'::text) AND ((cn.name ~~ '%Film%'::text) OR (cn.name ~~ '%Warner%'::text)))",
                                                                                                                "Rows Removed by Filter": 50254,
                                                                                                                "Workers": [
                                                                                                                    {
                                                                                                                        "Worker Number": 0,
                                                                                                                        "Actual Startup Time": 2.135,
                                                                                                                        "Actual Total Time": 68.354,
                                                                                                                        "Actual Rows": 7967,
                                                                                                                        "Actual Loops": 1
                                                                                                                    },
                                                                                                                    {
                                                                                                                        "Worker Number": 1,
                                                                                                                        "Actual Startup Time": 3.0,
                                                                                                                        "Actual Total Time": 68.829,
                                                                                                                        "Actual Rows": 8869,
                                                                                                                        "Actual Loops": 1
                                                                                                                    },
                                                                                                                    {
                                                                                                                        "Worker Number": 2,
                                                                                                                        "Actual Startup Time": 0.456,
                                                                                                                        "Actual Total Time": 69.643,
                                                                                                                        "Actual Rows": 7848,
                                                                                                                        "Actual Loops": 1
                                                                                                                    }
                                                                                                                ]
                                                                                                            }
                                                                                                        ]
                                                                                                    }
                                                                                                ]
                                                                                            }
                                                                                        ]
                                                                                    }
                                                                                ]
                                                                            },
                                                                            {
                                                                                "Node Type": "Hash",
                                                                                "Parent Relationship": "Inner",
                                                                                "Parallel Aware": false,
                                                                                "Startup Cost": 10000000462.97,
                                                                                "Total Cost": 10000000462.97,
                                                                                "Plan Rows": 29997,
                                                                                "Plan Width": 8,
                                                                                "Actual Startup Time": 9.392,
                                                                                "Actual Total Time": 9.393,
                                                                                "Actual Rows": 29997,
                                                                                "Actual Loops": 4,
                                                                                "Output": [
                                                                                    "ml.link_type_id",
                                                                                    "ml.movie_id"
                                                                                ],
                                                                                "Hash Buckets": 32768,
                                                                                "Original Hash Buckets": 32768,
                                                                                "Hash Batches": 1,
                                                                                "Original Hash Batches": 1,
                                                                                "Peak Memory Usage": 1428,
                                                                                "Workers": [
                                                                                    {
                                                                                        "Worker Number": 0,
                                                                                        "Actual Startup Time": 10.379,
                                                                                        "Actual Total Time": 10.38,
                                                                                        "Actual Rows": 29997,
                                                                                        "Actual Loops": 1
                                                                                    },
                                                                                    {
                                                                                        "Worker Number": 1,
                                                                                        "Actual Startup Time": 10.446,
                                                                                        "Actual Total Time": 10.447,
                                                                                        "Actual Rows": 29997,
                                                                                        "Actual Loops": 1
                                                                                    },
                                                                                    {
                                                                                        "Worker Number": 2,
                                                                                        "Actual Startup Time": 10.682,
                                                                                        "Actual Total Time": 10.683,
                                                                                        "Actual Rows": 29997,
                                                                                        "Actual Loops": 1
                                                                                    }
                                                                                ],
                                                                                "Plans": [
                                                                                    {
                                                                                        "Node Type": "Seq Scan",
                                                                                        "Parent Relationship": "Outer",
                                                                                        "Parallel Aware": false,
                                                                                        "Relation Name": "movie_link",
                                                                                        "Schema": "public",
                                                                                        "Alias": "ml",
                                                                                        "Startup Cost": 10000000000.0,
                                                                                        "Total Cost": 10000000462.97,
                                                                                        "Plan Rows": 29997,
                                                                                        "Plan Width": 8,
                                                                                        "Actual Startup Time": 0.041,
                                                                                        "Actual Total Time": 4.207,
                                                                                        "Actual Rows": 29997,
                                                                                        "Actual Loops": 4,
                                                                                        "Output": [
                                                                                            "ml.link_type_id",
                                                                                            "ml.movie_id"
                                                                                        ],
                                                                                        "Workers": [
                                                                                            {
                                                                                                "Worker Number": 0,
                                                                                                "Actual Startup Time": 0.046,
                                                                                                "Actual Total Time": 4.422,
                                                                                                "Actual Rows": 29997,
                                                                                                "Actual Loops": 1
                                                                                            },
                                                                                            {
                                                                                                "Worker Number": 1,
                                                                                                "Actual Startup Time": 0.054,
                                                                                                "Actual Total Time": 4.488,
                                                                                                "Actual Rows": 29997,
                                                                                                "Actual Loops": 1
                                                                                            },
                                                                                            {
                                                                                                "Worker Number": 2,
                                                                                                "Actual Startup Time": 0.05,
                                                                                                "Actual Total Time": 4.705,
                                                                                                "Actual Rows": 29997,
                                                                                                "Actual Loops": 1
                                                                                            }
                                                                                        ]
                                                                                    }
                                                                                ]
                                                                            }
                                                                        ]
                                                                    }
                                                                ]
                                                            }
                                                        ]
                                                    }
                                                ]
                                            }
                                        ]
                                    },
                                    {
                                        "Node Type": "Index Scan",
                                        "Parent Relationship": "Inner",
                                        "Parallel Aware": false,
                                        "Scan Direction": "Forward",
                                        "Index Name": "keyword_pkey",
                                        "Relation Name": "keyword",
                                        "Schema": "public",
                                        "Alias": "k",
                                        "Startup Cost": 0.42,
                                        "Total Cost": 5342.92,
                                        "Plan Rows": 1,
                                        "Plan Width": 4,
                                        "Actual Startup Time": 0.512,
                                        "Actual Total Time": 41.466,
                                        "Actual Rows": 1,
                                        "Actual Loops": 1,
                                        "Output": [
                                            "k.id",
                                            "k.keyword",
                                            "k.phonetic_code"
                                        ],
                                        "Filter": "(k.keyword = 'surrealism'::text)",
                                        "Rows Removed by Filter": 134169
                                    }
                                ]
                            },
                            {
                                "Node Type": "Bitmap Heap Scan",
                                "Parent Relationship": "Inner",
                                "Parallel Aware": false,
                                "Relation Name": "link_type",
                                "Schema": "public",
                                "Alias": "lt",
                                "Startup Cost": 0.15,
                                "Total Cost": 4.16,
                                "Plan Rows": 1,
                                "Plan Width": 16,
                                "Actual Startup Time": 0.003,
                                "Actual Total Time": 0.003,
                                "Actual Rows": 0,
                                "Actual Loops": 64,
                                "Output": [
                                    "lt.id",
                                    "lt.link"
                                ],
                                "Recheck Cond": "(lt.id = ml.link_type_id)",
                                "Rows Removed by Index Recheck": 0,
                                "Filter": "((lt.link)::text ~~ '%follow%'::text)",
                                "Rows Removed by Filter": 1,
                                "Exact Heap Blocks": 64,
                                "Lossy Heap Blocks": 0,
                                "Plans": [
                                    {
                                        "Node Type": "Bitmap Index Scan",
                                        "Parent Relationship": "Outer",
                                        "Parallel Aware": false,
                                        "Index Name": "link_type_pkey",
                                        "Startup Cost": 0.0,
                                        "Total Cost": 0.15,
                                        "Plan Rows": 1,
                                        "Plan Width": 0,
                                        "Actual Startup Time": 0.001,
                                        "Actual Total Time": 0.001,
                                        "Actual Rows": 1,
                                        "Actual Loops": 64,
                                        "Index Cond": "(lt.id = ml.link_type_id)"
                                    }
                                ]
                            }
                        ]
                    },
                    {
                        "Node Type": "Bitmap Heap Scan",
                        "Parent Relationship": "Inner",
                        "Parallel Aware": false,
                        "Relation Name": "title",
                        "Schema": "public",
                        "Alias": "t",
                        "Startup Cost": 0.45,
                        "Total Cost": 4.46,
                        "Plan Rows": 1,
                        "Plan Width": 21,
                        "Actual Startup Time": 0.011,
                        "Actual Total Time": 0.011,
                        "Actual Rows": 1,
                        "Actual Loops": 4,
                        "Output": [
                            "t.id",
                            "t.title",
                            "t.imdb_index",
                            "t.kind_id",
                            "t.production_year",
                            "t.imdb_id",
                            "t.phonetic_code",
                            "t.episode_of_id",
                            "t.season_nr",
                            "t.episode_nr",
                            "t.series_years",
                            "t.md5sum"
                        ],
                        "Recheck Cond": "(t.id = mk.movie_id)",
                        "Rows Removed by Index Recheck": 0,
                        "Filter": "((t.production_year >= 1994) AND (t.production_year <= 2007))",
                        "Rows Removed by Filter": 0,
                        "Exact Heap Blocks": 4,
                        "Lossy Heap Blocks": 0,
                        "Plans": [
                            {
                                "Node Type": "Bitmap Index Scan",
                                "Parent Relationship": "Outer",
                                "Parallel Aware": false,
                                "Index Name": "title_pkey",
                                "Startup Cost": 0.0,
                                "Total Cost": 0.45,
                                "Plan Rows": 1,
                                "Plan Width": 0,
                                "Actual Startup Time": 0.008,
                                "Actual Total Time": 0.008,
                                "Actual Rows": 1,
                                "Actual Loops": 4,
                                "Index Cond": "(t.id = mk.movie_id)"
                            }
                        ]
                    }
                ]
            }
        ]
    },
    "Planning Time": 6.771,
    "Triggers": [],
    "Execution Time": 704.84
}