[
  {
    "Plan": {
      "Node Type": "Aggregate",
      "Strategy": "Plain",
      "Partial Mode": "Finalize",
      "Parallel Aware": false,
      "Startup Cost": 123889.13,
      "Total Cost": 123889.14,
      "Plan Rows": 1,
      "Plan Width": 8,
      "Actual Startup Time": 392.373,
      "Actual Total Time": 414.463,
      "Actual Rows": 1,
      "Actual Loops": 1,
      "Plans": [
        {
          "Node Type": "Gather",
          "Parent Relationship": "Outer",
          "Parallel Aware": false,
          "Startup Cost": 123888.61,
          "Total Cost": 123889.12,
          "Plan Rows": 5,
          "Plan Width": 8,
          "Actual Startup Time": 387.703,
          "Actual Total Time": 414.449,
          "Actual Rows": 6,
          "Actual Loops": 1,
          "Workers Planned": 5,
          "Workers Launched": 5,
          "Single Copy": false,
          "Plans": [
            {
              "Node Type": "Aggregate",
              "Strategy": "Plain",
              "Partial Mode": "Partial",
              "Parent Relationship": "Outer",
              "Parallel Aware": false,
              "Startup Cost": 122888.61,
              "Total Cost": 122888.62,
              "Plan Rows": 1,
              "Plan Width": 8,
              "Actual Startup Time": 379.204,
              "Actual Total Time": 379.207,
              "Actual Rows": 1,
              "Actual Loops": 6,
              "Plans": [
                {
                  "Node Type": "Hash Join",
                  "Parent Relationship": "Outer",
                  "Parallel Aware": true,
                  "Join Type": "Inner",
                  "Startup Cost": 48230.95,
                  "Total Cost": 122454.08,
                  "Plan Rows": 173812,
                  "Plan Width": 0,
                  "Actual Startup Time": 139.684,
                  "Actual Total Time": 372.589,
                  "Actual Rows": 139044,
                  "Actual Loops": 6,
                  "Inner Unique": true,
                  "Hash Cond": "(ci.movie_id = t.id)",
                  "Plans": [
                    {
                      "Node Type": "Index Scan",
                      "Parent Relationship": "Outer",
                      "Parallel Aware": true,
                      "Scan Direction": "Forward",
                      "Index Name": "role_id_cast_info",
                      "Relation Name": "cast_info",
                      "Alias": "ci",
                      "Startup Cost": 0.56,
                      "Total Cost": 72913.16,
                      "Plan Rows": 499251,
                      "Plan Width": 4,
                      "Actual Startup Time": 0.117,
                      "Actual Total Time": 107.407,
                      "Actual Rows": 424894,
                      "Actual Loops": 6,
                      "Index Cond": "(role_id = 4)",
                      "Rows Removed by Index Recheck": 0,
                      "Filter": "(person_id > 239768)",
                      "Rows Removed by Filter": 29930
                    },
                    {
                      "Node Type": "Hash",
                      "Parent Relationship": "Inner",
                      "Parallel Aware": true,
                      "Startup Cost": 45479.59,
                      "Total Cost": 45479.59,
                      "Plan Rows": 220064,
                      "Plan Width": 4,
                      "Actual Startup Time": 137.208,
                      "Actual Total Time": 137.209,
                      "Actual Rows": 133586,
                      "Actual Loops": 6,
                      "Hash Buckets": 1048576,
                      "Original Hash Buckets": 1048576,
                      "Hash Batches": 1,
                      "Original Hash Batches": 1,
                      "Peak Memory Usage": 39648,
                      "Plans": [
                        {
                          "Node Type": "Seq Scan",
                          "Parent Relationship": "Outer",
                          "Parallel Aware": true,
                          "Relation Name": "title",
                          "Alias": "t",
                          "Startup Cost": 0.0,
                          "Total Cost": 45479.59,
                          "Plan Rows": 220064,
                          "Plan Width": 4,
                          "Actual Startup Time": 0.034,
                          "Actual Total Time": 81.761,
                          "Actual Rows": 133586,
                          "Actual Loops": 6,
                          "Filter": "((production_year < 2006) AND (kind_id = 7))",
                          "Rows Removed by Filter": 287800
                        }
                      ]
                    }
                  ]
                }
              ]
            }
          ]
        }
      ]
    },
    "Planning Time": 0.272,
    "Triggers": [],
    "Execution Time": 414.51
  }
]