{
  "Plan": {
    "Node Type": "Aggregate",
    "Strategy": "Plain",
    "Partial Mode": "Finalize",
    "Parallel Aware": false,
    "Startup Cost": 82127.65,
    "Total Cost": 82127.66,
    "Plan Rows": 1,
    "Plan Width": 8,
    "Actual Startup Time": 209.456,
    "Actual Total Time": 222.625,
    "Actual Rows": 1,
    "Actual Loops": 1,
    "Plans": [
      {
        "Node Type": "Gather",
        "Parent Relationship": "Outer",
        "Parallel Aware": false,
        "Startup Cost": 82127.54,
        "Total Cost": 82127.65,
        "Plan Rows": 1,
        "Plan Width": 8,
        "Actual Startup Time": 209.24,
        "Actual Total Time": 222.604,
        "Actual Rows": 2,
        "Actual Loops": 1,
        "Workers Planned": 1,
        "Workers Launched": 1,
        "Single Copy": false,
        "Plans": [
          {
            "Node Type": "Aggregate",
            "Strategy": "Plain",
            "Partial Mode": "Partial",
            "Parent Relationship": "Outer",
            "Parallel Aware": false,
            "Startup Cost": 81127.54,
            "Total Cost": 81127.55,
            "Plan Rows": 1,
            "Plan Width": 8,
            "Actual Startup Time": 202.951,
            "Actual Total Time": 202.955,
            "Actual Rows": 1,
            "Actual Loops": 2,
            "Plans": [
              {
                "Node Type": "Hash Join",
                "Parent Relationship": "Outer",
                "Parallel Aware": true,
                "Join Type": "Inner",
                "Startup Cost": 20724.01,
                "Total Cost": 81118.47,
                "Plan Rows": 3628,
                "Plan Width": 0,
                "Actual Startup Time": 32.897,
                "Actual Total Time": 202.59,
                "Actual Rows": 4963,
                "Actual Loops": 2,
                "Inner Unique": false,
                "Hash Cond": "(t.id = mc.movie_id)",
                "Plans": [
                  {
                    "Node Type": "Seq Scan",
                    "Parent Relationship": "Outer",
                    "Parallel Aware": true,
                    "Relation Name": "title",
                    "Alias": "t",
                    "Startup Cost": 0.0,
                    "Total Cost": 58306.47,
                    "Plan Rows": 330663,
                    "Plan Width": 4,
                    "Actual Startup Time": 0.015,
                    "Actual Total Time": 135.63,
                    "Actual Rows": 320892,
                    "Actual Loops": 2,
                    "Filter": "((kind_id < 7) AND (production_year < 2006))",
                    "Rows Removed by Filter": 943264
                  },
                  {
                    "Node Type": "Hash",
                    "Parent Relationship": "Inner",
                    "Parallel Aware": true,
                    "Startup Cost": 20520.01,
                    "Total Cost": 20520.01,
                    "Plan Rows": 16320,
                    "Plan Width": 4,
                    "Actual Startup Time": 31.693,
                    "Actual Total Time": 31.695,
                    "Actual Rows": 13652,
                    "Actual Loops": 2,
                    "Hash Buckets": 32768,
                    "Original Hash Buckets": 32768,
                    "Hash Batches": 1,
                    "Original Hash Batches": 1,
                    "Peak Memory Usage": 1376,
                    "Plans": [
                      {
                        "Node Type": "Bitmap Heap Scan",
                        "Parent Relationship": "Outer",
                        "Parallel Aware": true,
                        "Relation Name": "movie_companies",
                        "Alias": "mc",
                        "Startup Cost": 603.45,
                        "Total Cost": 20520.01,
                        "Plan Rows": 16320,
                        "Plan Width": 4,
                        "Actual Startup Time": 7.011,
                        "Actual Total Time": 27.163,
                        "Actual Rows": 13652,
                        "Actual Loops": 2,
                        "Recheck Cond": "(company_id = 27)",
                        "Rows Removed by Index Recheck": 0,
                        "Exact Heap Blocks": 6251,
                        "Lossy Heap Blocks": 0,
                        "Plans": [
                          {
                            "Node Type": "Bitmap Index Scan",
                            "Parent Relationship": "Outer",
                            "Parallel Aware": false,
                            "Index Name": "company_id_movie_companies",
                            "Startup Cost": 0.0,
                            "Total Cost": 596.51,
                            "Plan Rows": 27744,
                            "Plan Width": 0,
                            "Actual Startup Time": 8.545,
                            "Actual Total Time": 8.545,
                            "Actual Rows": 27303,
                            "Actual Loops": 1,
                            "Index Cond": "(company_id = 27)"
                          }
                        ]
                      }
                    ]
                  }
                ]
              }
            ]
          }
        ]
      }
    ]
  },
  "Planning Time": 0.654,
  "Triggers": [],
  "Execution Time": 222.719
}