[
  {
    "Plan": {
      "Node Type": "Aggregate",
      "Strategy": "Plain",
      "Partial Mode": "Finalize",
      "Parallel Aware": false,
      "Startup Cost": 45982.75,
      "Total Cost": 45982.76,
      "Plan Rows": 1,
      "Plan Width": 8,
      "Actual Startup Time": 162.688,
      "Actual Total Time": 172.715,
      "Actual Rows": 1,
      "Actual Loops": 1,
      "Plans": [
        {
          "Node Type": "Gather",
          "Parent Relationship": "Outer",
          "Parallel Aware": false,
          "Startup Cost": 45982.43,
          "Total Cost": 45982.74,
          "Plan Rows": 3,
          "Plan Width": 8,
          "Actual Startup Time": 162.581,
          "Actual Total Time": 172.704,
          "Actual Rows": 4,
          "Actual Loops": 1,
          "Workers Planned": 3,
          "Workers Launched": 3,
          "Single Copy": false,
          "Plans": [
            {
              "Node Type": "Aggregate",
              "Strategy": "Plain",
              "Partial Mode": "Partial",
              "Parent Relationship": "Outer",
              "Parallel Aware": false,
              "Startup Cost": 44982.43,
              "Total Cost": 44982.44,
              "Plan Rows": 1,
              "Plan Width": 8,
              "Actual Startup Time": 157.609,
              "Actual Total Time": 157.61,
              "Actual Rows": 1,
              "Actual Loops": 4,
              "Plans": [
                {
                  "Node Type": "Seq Scan",
                  "Parent Relationship": "Outer",
                  "Parallel Aware": true,
                  "Relation Name": "movie_keyword",
                  "Alias": "mk",
                  "Startup Cost": 0.0,
                  "Total Cost": 42695.65,
                  "Plan Rows": 914710,
                  "Plan Width": 0,
                  "Actual Startup Time": 0.043,
                  "Actual Total Time": 122.203,
                  "Actual Rows": 711331,
                  "Actual Loops": 4,
                  "Filter": "(keyword_id < 8665)",
                  "Rows Removed by Filter": 419652
                }
              ]
            }
          ]
        }
      ]
    },
    "Planning Time": 0.079,
    "Triggers": [],
    "Execution Time": 172.752
  }
]