[
  {
    "Plan": {
      "Node Type": "Aggregate",
      "Strategy": "Plain",
      "Partial Mode": "Finalize",
      "Parallel Aware": false,
      "Startup Cost": 45996.18,
      "Total Cost": 45996.19,
      "Plan Rows": 1,
      "Plan Width": 8,
      "Actual Startup Time": 169.315,
      "Actual Total Time": 179.869,
      "Actual Rows": 1,
      "Actual Loops": 1,
      "Plans": [
        {
          "Node Type": "Gather",
          "Parent Relationship": "Outer",
          "Parallel Aware": false,
          "Startup Cost": 45995.86,
          "Total Cost": 45996.17,
          "Plan Rows": 3,
          "Plan Width": 8,
          "Actual Startup Time": 169.182,
          "Actual Total Time": 179.858,
          "Actual Rows": 4,
          "Actual Loops": 1,
          "Workers Planned": 3,
          "Workers Launched": 3,
          "Single Copy": false,
          "Plans": [
            {
              "Node Type": "Aggregate",
              "Strategy": "Plain",
              "Partial Mode": "Partial",
              "Parent Relationship": "Outer",
              "Parallel Aware": false,
              "Startup Cost": 44995.86,
              "Total Cost": 44995.87,
              "Plan Rows": 1,
              "Plan Width": 8,
              "Actual Startup Time": 161.006,
              "Actual Total Time": 161.007,
              "Actual Rows": 1,
              "Actual Loops": 4,
              "Plans": [
                {
                  "Node Type": "Seq Scan",
                  "Parent Relationship": "Outer",
                  "Parallel Aware": true,
                  "Relation Name": "movie_keyword",
                  "Alias": "mk",
                  "Startup Cost": 0.0,
                  "Total Cost": 42695.65,
                  "Plan Rows": 920082,
                  "Plan Width": 0,
                  "Actual Startup Time": 0.062,
                  "Actual Total Time": 125.994,
                  "Actual Rows": 711331,
                  "Actual Loops": 4,
                  "Filter": "(keyword_id < 8665)",
                  "Rows Removed by Filter": 419652
                }
              ]
            }
          ]
        }
      ]
    },
    "Planning Time": 0.159,
    "Triggers": [],
    "Execution Time": 179.928
  }
]