[
  {
    "Plan": {
      "Node Type": "Aggregate",
      "Strategy": "Plain",
      "Partial Mode": "Finalize",
      "Parallel Aware": false,
      "Startup Cost": 46946.23,
      "Total Cost": 46946.24,
      "Plan Rows": 1,
      "Plan Width": 8,
      "Actual Startup Time": 188.696,
      "Actual Total Time": 197.632,
      "Actual Rows": 1,
      "Actual Loops": 1,
      "Plans": [
        {
          "Node Type": "Gather",
          "Parent Relationship": "Outer",
          "Parallel Aware": false,
          "Startup Cost": 46945.91,
          "Total Cost": 46946.22,
          "Plan Rows": 3,
          "Plan Width": 8,
          "Actual Startup Time": 188.591,
          "Actual Total Time": 197.623,
          "Actual Rows": 4,
          "Actual Loops": 1,
          "Workers Planned": 3,
          "Workers Launched": 3,
          "Single Copy": false,
          "Plans": [
            {
              "Node Type": "Aggregate",
              "Strategy": "Plain",
              "Partial Mode": "Partial",
              "Parent Relationship": "Outer",
              "Parallel Aware": false,
              "Startup Cost": 45945.91,
              "Total Cost": 45945.92,
              "Plan Rows": 1,
              "Plan Width": 8,
              "Actual Startup Time": 181.691,
              "Actual Total Time": 181.692,
              "Actual Rows": 1,
              "Actual Loops": 4,
              "Plans": [
                {
                  "Node Type": "Seq Scan",
                  "Parent Relationship": "Outer",
                  "Parallel Aware": true,
                  "Relation Name": "movie_keyword",
                  "Alias": "mk",
                  "Startup Cost": 0.0,
                  "Total Cost": 42695.65,
                  "Plan Rows": 1300103,
                  "Plan Width": 0,
                  "Actual Startup Time": 0.058,
                  "Actual Total Time": 132.881,
                  "Actual Rows": 1010916,
                  "Actual Loops": 4,
                  "Filter": "(keyword_id < 37259)",
                  "Rows Removed by Filter": 120066
                }
              ]
            }
          ]
        }
      ]
    },
    "Planning Time": 0.223,
    "Triggers": [],
    "Execution Time": 197.69
  }
]