[
    {
        "Bao": {
            "Bao prediction": "NaN",
            "Bao recommended hint": "(no hint)"
        }
    },
    {
        "Plan": {
            "Node Type": "Aggregate",
            "Strategy": "Plain",
            "Partial Mode": "Finalize",
            "Parallel Aware": false,
            "Startup Cost": 26858.62,
            "Total Cost": 26858.63,
            "Plan Rows": 1,
            "Plan Width": 8,
            "Actual Startup Time": 65.26,
            "Actual Total Time": 71.901,
            "Actual Rows": 1,
            "Actual Loops": 1,
            "Output": [
                "count(*)"
            ],
            "Plans": [
                {
                    "Node Type": "Gather",
                    "Parent Relationship": "Outer",
                    "Parallel Aware": false,
                    "Startup Cost": 26858.3,
                    "Total Cost": 26858.61,
                    "Plan Rows": 3,
                    "Plan Width": 8,
                    "Actual Startup Time": 64.936,
                    "Actual Total Time": 71.894,
                    "Actual Rows": 4,
                    "Actual Loops": 1,
                    "Output": [
                        "(PARTIAL count(*))"
                    ],
                    "Workers Planned": 3,
                    "Workers Launched": 3,
                    "Single Copy": false,
                    "Plans": [
                        {
                            "Node Type": "Aggregate",
                            "Strategy": "Plain",
                            "Partial Mode": "Partial",
                            "Parent Relationship": "Outer",
                            "Parallel Aware": false,
                            "Startup Cost": 25858.3,
                            "Total Cost": 25858.31,
                            "Plan Rows": 1,
                            "Plan Width": 8,
                            "Actual Startup Time": 56.658,
                            "Actual Total Time": 56.66,
                            "Actual Rows": 1,
                            "Actual Loops": 4,
                            "Output": [
                                "PARTIAL count(*)"
                            ],
                            "Workers": [
                                {
                                    "Worker Number": 0,
                                    "Actual Startup Time": 53.714,
                                    "Actual Total Time": 53.715,
                                    "Actual Rows": 1,
                                    "Actual Loops": 1
                                },
                                {
                                    "Worker Number": 1,
                                    "Actual Startup Time": 53.918,
                                    "Actual Total Time": 53.92,
                                    "Actual Rows": 1,
                                    "Actual Loops": 1
                                },
                                {
                                    "Worker Number": 2,
                                    "Actual Startup Time": 54.343,
                                    "Actual Total Time": 54.343,
                                    "Actual Rows": 1,
                                    "Actual Loops": 1
                                }
                            ],
                            "Plans": [
                                {
                                    "Node Type": "Bitmap Heap Scan",
                                    "Parent Relationship": "Outer",
                                    "Parallel Aware": true,
                                    "Relation Name": "movie_companies",
                                    "Schema": "public",
                                    "Alias": "mc",
                                    "Startup Cost": 5778.41,
                                    "Total Cost": 25643.32,
                                    "Plan Rows": 85993,
                                    "Plan Width": 0,
                                    "Actual Startup Time": 9.35,
                                    "Actual Total Time": 51.954,
                                    "Actual Rows": 65708,
                                    "Actual Loops": 4,
                                    "Recheck Cond": "(mc.company_id < 137)",
                                    "Rows Removed by Index Recheck": 0,
                                    "Exact Heap Blocks": 10169,
                                    "Lossy Heap Blocks": 0,
                                    "Workers": [
                                        {
                                            "Worker Number": 0,
                                            "Actual Startup Time": 6.511,
                                            "Actual Total Time": 49.701,
                                            "Actual Rows": 33126,
                                            "Actual Loops": 1
                                        },
                                        {
                                            "Worker Number": 1,
                                            "Actual Startup Time": 6.591,
                                            "Actual Total Time": 49.943,
                                            "Actual Rows": 34519,
                                            "Actual Loops": 1
                                        },
                                        {
                                            "Worker Number": 2,
                                            "Actual Startup Time": 7.236,
                                            "Actual Total Time": 50.345,
                                            "Actual Rows": 34584,
                                            "Actual Loops": 1
                                        }
                                    ],
                                    "Plans": [
                                        {
                                            "Node Type": "Bitmap Index Scan",
                                            "Parent Relationship": "Outer",
                                            "Parallel Aware": false,
                                            "Index Name": "company_id_movie_companies",
                                            "Startup Cost": 0.0,
                                            "Total Cost": 5711.77,
                                            "Plan Rows": 266578,
                                            "Plan Width": 0,
                                            "Actual Startup Time": 13.99,
                                            "Actual Total Time": 13.99,
                                            "Actual Rows": 262833,
                                            "Actual Loops": 1,
                                            "Index Cond": "(mc.company_id < 137)"
                                        }
                                    ]
                                }
                            ]
                        }
                    ]
                }
            ]
        },
        "Planning Time": 191.654,
        "Triggers": [],
        "Execution Time": 71.953
    }
]