{
    "Plan": {
        "Node Type": "Aggregate",
        "Strategy": "Plain",
        "Partial Mode": "Finalize",
        "Parallel Aware": false,
        "Startup Cost": 792316.7,
        "Total Cost": 792316.71,
        "Plan Rows": 1,
        "Plan Width": 8,
        "Actual Startup Time": 18328.18,
        "Actual Total Time": 18419.783,
        "Actual Rows": 1,
        "Actual Loops": 1,
        "Output": [
            "count(*)"
        ],
        "Plans": [
            {
                "Node Type": "Gather",
                "Parent Relationship": "Outer",
                "Parallel Aware": false,
                "Startup Cost": 792316.07,
                "Total Cost": 792316.68,
                "Plan Rows": 6,
                "Plan Width": 8,
                "Actual Startup Time": 18249.473,
                "Actual Total Time": 18419.765,
                "Actual Rows": 7,
                "Actual Loops": 1,
                "Output": [
                    "(PARTIAL count(*))"
                ],
                "Workers Planned": 6,
                "Workers Launched": 6,
                "Single Copy": false,
                "Plans": [
                    {
                        "Node Type": "Aggregate",
                        "Strategy": "Plain",
                        "Partial Mode": "Partial",
                        "Parent Relationship": "Outer",
                        "Parallel Aware": false,
                        "Startup Cost": 791316.07,
                        "Total Cost": 791316.08,
                        "Plan Rows": 1,
                        "Plan Width": 8,
                        "Actual Startup Time": 18064.143,
                        "Actual Total Time": 18065.41,
                        "Actual Rows": 1,
                        "Actual Loops": 7,
                        "Output": [
                            "PARTIAL count(*)"
                        ],
                        "Workers": [
                            {
                                "Worker Number": 0,
                                "Actual Startup Time": 18031.544,
                                "Actual Total Time": 18031.548,
                                "Actual Rows": 1,
                                "Actual Loops": 1
                            },
                            {
                                "Worker Number": 1,
                                "Actual Startup Time": 18031.476,
                                "Actual Total Time": 18031.482,
                                "Actual Rows": 1,
                                "Actual Loops": 1
                            },
                            {
                                "Worker Number": 2,
                                "Actual Startup Time": 18042.242,
                                "Actual Total Time": 18042.247,
                                "Actual Rows": 1,
                                "Actual Loops": 1
                            },
                            {
                                "Worker Number": 3,
                                "Actual Startup Time": 18031.634,
                                "Actual Total Time": 18031.639,
                                "Actual Rows": 1,
                                "Actual Loops": 1
                            },
                            {
                                "Worker Number": 4,
                                "Actual Startup Time": 18031.812,
                                "Actual Total Time": 18031.817,
                                "Actual Rows": 1,
                                "Actual Loops": 1
                            },
                            {
                                "Worker Number": 5,
                                "Actual Startup Time": 18031.78,
                                "Actual Total Time": 18031.784,
                                "Actual Rows": 1,
                                "Actual Loops": 1
                            }
                        ],
                        "Plans": [
                            {
                                "Node Type": "Hash Join",
                                "Parent Relationship": "Outer",
                                "Parallel Aware": true,
                                "Join Type": "Inner",
                                "Startup Cost": 291107.61,
                                "Total Cost": 708351.14,
                                "Plan Rows": 33185973,
                                "Plan Width": 0,
                                "Actual Startup Time": 3603.238,
                                "Actual Total Time": 15425.815,
                                "Actual Rows": 58283028,
                                "Actual Loops": 7,
                                "Inner Unique": false,
                                "Hash Cond": "(ci.movie_id = t.id)",
                                "Workers": [
                                    {
                                        "Worker Number": 0,
                                        "Actual Startup Time": 3572.273,
                                        "Actual Total Time": 15385.011,
                                        "Actual Rows": 58683769,
                                        "Actual Loops": 1
                                    },
                                    {
                                        "Worker Number": 1,
                                        "Actual Startup Time": 3572.285,
                                        "Actual Total Time": 15445.43,
                                        "Actual Rows": 58850354,
                                        "Actual Loops": 1
                                    },
                                    {
                                        "Worker Number": 2,
                                        "Actual Startup Time": 3571.685,
                                        "Actual Total Time": 15394.847,
                                        "Actual Rows": 58545208,
                                        "Actual Loops": 1
                                    },
                                    {
                                        "Worker Number": 3,
                                        "Actual Startup Time": 3572.257,
                                        "Actual Total Time": 15367.689,
                                        "Actual Rows": 56421508,
                                        "Actual Loops": 1
                                    },
                                    {
                                        "Worker Number": 4,
                                        "Actual Startup Time": 3572.468,
                                        "Actual Total Time": 15467.248,
                                        "Actual Rows": 58964127,
                                        "Actual Loops": 1
                                    },
                                    {
                                        "Worker Number": 5,
                                        "Actual Startup Time": 3572.548,
                                        "Actual Total Time": 15425.275,
                                        "Actual Rows": 58089259,
                                        "Actual Loops": 1
                                    }
                                ],
                                "Plans": [
                                    {
                                        "Node Type": "Seq Scan",
                                        "Parent Relationship": "Outer",
                                        "Parallel Aware": true,
                                        "Relation Name": "cast_info",
                                        "Schema": "public",
                                        "Alias": "ci",
                                        "Startup Cost": 0.0,
                                        "Total Cost": 313108.29,
                                        "Plan Rows": 6042129,
                                        "Plan Width": 4,
                                        "Actual Startup Time": 0.119,
                                        "Actual Total Time": 669.492,
                                        "Actual Rows": 5177763,
                                        "Actual Loops": 7,
                                        "Output": [
                                            "ci.id",
                                            "ci.person_id",
                                            "ci.movie_id",
                                            "ci.person_role_id",
                                            "ci.note",
                                            "ci.nr_order",
                                            "ci.role_id"
                                        ],
                                        "Workers": [
                                            {
                                                "Worker Number": 0,
                                                "Actual Startup Time": 0.093,
                                                "Actual Total Time": 705.277,
                                                "Actual Rows": 5212421,
                                                "Actual Loops": 1
                                            },
                                            {
                                                "Worker Number": 1,
                                                "Actual Startup Time": 0.096,
                                                "Actual Total Time": 680.813,
                                                "Actual Rows": 5238388,
                                                "Actual Loops": 1
                                            },
                                            {
                                                "Worker Number": 2,
                                                "Actual Startup Time": 0.129,
                                                "Actual Total Time": 683.54,
                                                "Actual Rows": 5188771,
                                                "Actual Loops": 1
                                            },
                                            {
                                                "Worker Number": 3,
                                                "Actual Startup Time": 0.151,
                                                "Actual Total Time": 717.458,
                                                "Actual Rows": 5010789,
                                                "Actual Loops": 1
                                            },
                                            {
                                                "Worker Number": 4,
                                                "Actual Startup Time": 0.171,
                                                "Actual Total Time": 698.515,
                                                "Actual Rows": 5223170,
                                                "Actual Loops": 1
                                            },
                                            {
                                                "Worker Number": 5,
                                                "Actual Startup Time": 0.177,
                                                "Actual Total Time": 685.829,
                                                "Actual Rows": 5150052,
                                                "Actual Loops": 1
                                            }
                                        ]
                                    },
                                    {
                                        "Node Type": "Hash",
                                        "Parent Relationship": "Inner",
                                        "Parallel Aware": true,
                                        "Startup Cost": 256391.03,
                                        "Total Cost": 256391.03,
                                        "Plan Rows": 2777326,
                                        "Plan Width": 8,
                                        "Actual Startup Time": 3560.057,
                                        "Actual Total Time": 3561.321,
                                        "Actual Rows": 1994785,
                                        "Actual Loops": 7,
                                        "Output": [
                                            "t.id",
                                            "mi.movie_id"
                                        ],
                                        "Hash Buckets": 16777216,
                                        "Original Hash Buckets": 16777216,
                                        "Hash Batches": 1,
                                        "Original Hash Batches": 1,
                                        "Peak Memory Usage": 677440,
                                        "Workers": [
                                            {
                                                "Worker Number": 0,
                                                "Actual Startup Time": 3571.517,
                                                "Actual Total Time": 3571.52,
                                                "Actual Rows": 1891379,
                                                "Actual Loops": 1
                                            },
                                            {
                                                "Worker Number": 1,
                                                "Actual Startup Time": 3571.354,
                                                "Actual Total Time": 3571.358,
                                                "Actual Rows": 2451094,
                                                "Actual Loops": 1
                                            },
                                            {
                                                "Worker Number": 2,
                                                "Actual Startup Time": 3570.831,
                                                "Actual Total Time": 3570.834,
                                                "Actual Rows": 1925870,
                                                "Actual Loops": 1
                                            },
                                            {
                                                "Worker Number": 3,
                                                "Actual Startup Time": 3571.422,
                                                "Actual Total Time": 3571.425,
                                                "Actual Rows": 1836570,
                                                "Actual Loops": 1
                                            },
                                            {
                                                "Worker Number": 4,
                                                "Actual Startup Time": 3571.608,
                                                "Actual Total Time": 3571.611,
                                                "Actual Rows": 1832191,
                                                "Actual Loops": 1
                                            },
                                            {
                                                "Worker Number": 5,
                                                "Actual Startup Time": 3571.692,
                                                "Actual Total Time": 3571.695,
                                                "Actual Rows": 1927506,
                                                "Actual Loops": 1
                                            }
                                        ],
                                        "Plans": [
                                            {
                                                "Node Type": "Hash Join",
                                                "Parent Relationship": "Outer",
                                                "Parallel Aware": true,
                                                "Join Type": "Inner",
                                                "Startup Cost": 50219.81,
                                                "Total Cost": 256391.03,
                                                "Plan Rows": 2777326,
                                                "Plan Width": 8,
                                                "Actual Startup Time": 548.578,
                                                "Actual Total Time": 1914.027,
                                                "Actual Rows": 1994785,
                                                "Actual Loops": 7,
                                                "Output": [
                                                    "t.id",
                                                    "mi.movie_id"
                                                ],
                                                "Inner Unique": true,
                                                "Hash Cond": "(mi.movie_id = t.id)",
                                                "Workers": [
                                                    {
                                                        "Worker Number": 0,
                                                        "Actual Startup Time": 548.605,
                                                        "Actual Total Time": 1920.233,
                                                        "Actual Rows": 1891379,
                                                        "Actual Loops": 1
                                                    },
                                                    {
                                                        "Worker Number": 1,
                                                        "Actual Startup Time": 548.609,
                                                        "Actual Total Time": 1910.066,
                                                        "Actual Rows": 2451094,
                                                        "Actual Loops": 1
                                                    },
                                                    {
                                                        "Worker Number": 2,
                                                        "Actual Startup Time": 548.604,
                                                        "Actual Total Time": 1917.661,
                                                        "Actual Rows": 1925870,
                                                        "Actual Loops": 1
                                                    },
                                                    {
                                                        "Worker Number": 3,
                                                        "Actual Startup Time": 548.54,
                                                        "Actual Total Time": 1921.434,
                                                        "Actual Rows": 1836570,
                                                        "Actual Loops": 1
                                                    },
                                                    {
                                                        "Worker Number": 4,
                                                        "Actual Startup Time": 548.379,
                                                        "Actual Total Time": 1916.455,
                                                        "Actual Rows": 1832191,
                                                        "Actual Loops": 1
                                                    },
                                                    {
                                                        "Worker Number": 5,
                                                        "Actual Startup Time": 548.42,
                                                        "Actual Total Time": 1917.214,
                                                        "Actual Rows": 1927506,
                                                        "Actual Loops": 1
                                                    }
                                                ],
                                                "Plans": [
                                                    {
                                                        "Node Type": "Seq Scan",
                                                        "Parent Relationship": "Outer",
                                                        "Parallel Aware": true,
                                                        "Relation Name": "movie_info",
                                                        "Schema": "public",
                                                        "Alias": "mi",
                                                        "Startup Cost": 0.0,
                                                        "Total Cost": 198880.74,
                                                        "Plan Rows": 2777326,
                                                        "Plan Width": 4,
                                                        "Actual Startup Time": 0.047,
                                                        "Actual Total Time": 495.091,
                                                        "Actual Rows": 1994785,
                                                        "Actual Loops": 7,
                                                        "Output": [
                                                            "mi.id",
                                                            "mi.movie_id",
                                                            "mi.info_type_id",
                                                            "mi.info",
                                                            "mi.note"
                                                        ],
                                                        "Filter": "(mi.info_type_id < 98)",
                                                        "Rows Removed by Filter": 124603,
                                                        "Workers": [
                                                            {
                                                                "Worker Number": 0,
                                                                "Actual Startup Time": 0.054,
                                                                "Actual Total Time": 514.161,
                                                                "Actual Rows": 1891379,
                                                                "Actual Loops": 1
                                                            },
                                                            {
                                                                "Worker Number": 1,
                                                                "Actual Startup Time": 0.055,
                                                                "Actual Total Time": 472.028,
                                                                "Actual Rows": 2451094,
                                                                "Actual Loops": 1
                                                            },
                                                            {
                                                                "Worker Number": 2,
                                                                "Actual Startup Time": 0.057,
                                                                "Actual Total Time": 511.523,
                                                                "Actual Rows": 1925870,
                                                                "Actual Loops": 1
                                                            },
                                                            {
                                                                "Worker Number": 3,
                                                                "Actual Startup Time": 0.046,
                                                                "Actual Total Time": 518.685,
                                                                "Actual Rows": 1836570,
                                                                "Actual Loops": 1
                                                            },
                                                            {
                                                                "Worker Number": 4,
                                                                "Actual Startup Time": 0.053,
                                                                "Actual Total Time": 515.259,
                                                                "Actual Rows": 1832191,
                                                                "Actual Loops": 1
                                                            },
                                                            {
                                                                "Worker Number": 5,
                                                                "Actual Startup Time": 0.044,
                                                                "Actual Total Time": 508.407,
                                                                "Actual Rows": 1927506,
                                                                "Actual Loops": 1
                                                            }
                                                        ]
                                                    },
                                                    {
                                                        "Node Type": "Hash",
                                                        "Parent Relationship": "Inner",
                                                        "Parallel Aware": true,
                                                        "Startup Cost": 42318.81,
                                                        "Total Cost": 42318.81,
                                                        "Plan Rows": 632080,
                                                        "Plan Width": 4,
                                                        "Actual Startup Time": 537.735,
                                                        "Actual Total Time": 537.736,
                                                        "Actual Rows": 361187,
                                                        "Actual Loops": 7,
                                                        "Output": [
                                                            "t.id"
                                                        ],
                                                        "Hash Buckets": 4194304,
                                                        "Original Hash Buckets": 4194304,
                                                        "Hash Batches": 1,
                                                        "Original Hash Batches": 1,
                                                        "Peak Memory Usage": 131744,
                                                        "Workers": [
                                                            {
                                                                "Worker Number": 0,
                                                                "Actual Startup Time": 548.254,
                                                                "Actual Total Time": 548.255,
                                                                "Actual Rows": 277026,
                                                                "Actual Loops": 1
                                                            },
                                                            {
                                                                "Worker Number": 1,
                                                                "Actual Startup Time": 548.268,
                                                                "Actual Total Time": 548.27,
                                                                "Actual Rows": 383616,
                                                                "Actual Loops": 1
                                                            },
                                                            {
                                                                "Worker Number": 2,
                                                                "Actual Startup Time": 548.222,
                                                                "Actual Total Time": 548.223,
                                                                "Actual Rows": 287496,
                                                                "Actual Loops": 1
                                                            },
                                                            {
                                                                "Worker Number": 3,
                                                                "Actual Startup Time": 548.248,
                                                                "Actual Total Time": 548.249,
                                                                "Actual Rows": 326365,
                                                                "Actual Loops": 1
                                                            },
                                                            {
                                                                "Worker Number": 4,
                                                                "Actual Startup Time": 548.17,
                                                                "Actual Total Time": 548.171,
                                                                "Actual Rows": 379301,
                                                                "Actual Loops": 1
                                                            },
                                                            {
                                                                "Worker Number": 5,
                                                                "Actual Startup Time": 548.284,
                                                                "Actual Total Time": 548.285,
                                                                "Actual Rows": 370333,
                                                                "Actual Loops": 1
                                                            }
                                                        ],
                                                        "Plans": [
                                                            {
                                                                "Node Type": "Seq Scan",
                                                                "Parent Relationship": "Outer",
                                                                "Parallel Aware": true,
                                                                "Relation Name": "title",
                                                                "Schema": "public",
                                                                "Alias": "t",
                                                                "Startup Cost": 0.0,
                                                                "Total Cost": 42318.81,
                                                                "Plan Rows": 632080,
                                                                "Plan Width": 4,
                                                                "Actual Startup Time": 0.089,
                                                                "Actual Total Time": 108.829,
                                                                "Actual Rows": 361187,
                                                                "Actual Loops": 7,
                                                                "Output": [
                                                                    "t.id"
                                                                ],
                                                                "Workers": [
                                                                    {
                                                                        "Worker Number": 0,
                                                                        "Actual Startup Time": 0.097,
                                                                        "Actual Total Time": 116.795,
                                                                        "Actual Rows": 277026,
                                                                        "Actual Loops": 1
                                                                    },
                                                                    {
                                                                        "Worker Number": 1,
                                                                        "Actual Startup Time": 0.096,
                                                                        "Actual Total Time": 110.545,
                                                                        "Actual Rows": 383616,
                                                                        "Actual Loops": 1
                                                                    },
                                                                    {
                                                                        "Worker Number": 2,
                                                                        "Actual Startup Time": 0.098,
                                                                        "Actual Total Time": 115.538,
                                                                        "Actual Rows": 287496,
                                                                        "Actual Loops": 1
                                                                    },
                                                                    {
                                                                        "Worker Number": 3,
                                                                        "Actual Startup Time": 0.111,
                                                                        "Actual Total Time": 111.474,
                                                                        "Actual Rows": 326365,
                                                                        "Actual Loops": 1
                                                                    },
                                                                    {
                                                                        "Worker Number": 4,
                                                                        "Actual Startup Time": 0.102,
                                                                        "Actual Total Time": 108.524,
                                                                        "Actual Rows": 379301,
                                                                        "Actual Loops": 1
                                                                    },
                                                                    {
                                                                        "Worker Number": 5,
                                                                        "Actual Startup Time": 0.095,
                                                                        "Actual Total Time": 110.273,
                                                                        "Actual Rows": 370333,
                                                                        "Actual Loops": 1
                                                                    }
                                                                ]
                                                            }
                                                        ]
                                                    }
                                                ]
                                            }
                                        ]
                                    }
                                ]
                            }
                        ]
                    }
                ]
            }
        ]
    },
    "Planning Time": 1.492,
    "Triggers": [],
    "Execution Time": 18419.877
}