[
  {
    "Plan": {
      "Node Type": "Aggregate",
      "Strategy": "Plain",
      "Partial Mode": "Finalize",
      "Parallel Aware": false,
      "Startup Cost": 46478.43,
      "Total Cost": 46478.44,
      "Plan Rows": 1,
      "Plan Width": 8,
      "Actual Startup Time": 175.972,
      "Actual Total Time": 185.675,
      "Actual Rows": 1,
      "Actual Loops": 1,
      "Plans": [
        {
          "Node Type": "Gather",
          "Parent Relationship": "Outer",
          "Parallel Aware": false,
          "Startup Cost": 46478.11,
          "Total Cost": 46478.42,
          "Plan Rows": 3,
          "Plan Width": 8,
          "Actual Startup Time": 175.867,
          "Actual Total Time": 185.666,
          "Actual Rows": 4,
          "Actual Loops": 1,
          "Workers Planned": 3,
          "Workers Launched": 3,
          "Single Copy": false,
          "Plans": [
            {
              "Node Type": "Aggregate",
              "Strategy": "Plain",
              "Partial Mode": "Partial",
              "Parent Relationship": "Outer",
              "Parallel Aware": false,
              "Startup Cost": 45478.11,
              "Total Cost": 45478.12,
              "Plan Rows": 1,
              "Plan Width": 8,
              "Actual Startup Time": 168.792,
              "Actual Total Time": 168.794,
              "Actual Rows": 1,
              "Actual Loops": 4,
              "Plans": [
                {
                  "Node Type": "Seq Scan",
                  "Parent Relationship": "Outer",
                  "Parallel Aware": true,
                  "Relation Name": "movie_keyword",
                  "Alias": "mk",
                  "Startup Cost": 0.0,
                  "Total Cost": 42695.65,
                  "Plan Rows": 1112984,
                  "Plan Width": 0,
                  "Actual Startup Time": 0.154,
                  "Actual Total Time": 128.692,
                  "Actual Rows": 859308,
                  "Actual Loops": 4,
                  "Filter": "(keyword_id > 1105)",
                  "Rows Removed by Filter": 271674
                }
              ]
            }
          ]
        }
      ]
    },
    "Planning Time": 0.178,
    "Triggers": [],
    "Execution Time": 185.733
  }
]