[
  {
    "Plan": {
      "Node Type": "Aggregate",
      "Strategy": "Plain",
      "Partial Mode": "Simple",
      "Parallel Aware": false,
      "Startup Cost": 712.82,
      "Total Cost": 712.83,
      "Plan Rows": 1,
      "Plan Width": 8,
      "Actual Startup Time": 0.231,
      "Actual Total Time": 0.231,
      "Actual Rows": 1,
      "Actual Loops": 1,
      "Plans": [
        {
          "Node Type": "Nested Loop",
          "Parent Relationship": "Outer",
          "Parallel Aware": false,
          "Join Type": "Inner",
          "Startup Cost": 0.86,
          "Total Cost": 712.81,
          "Plan Rows": 3,
          "Plan Width": 0,
          "Actual Startup Time": 0.154,
          "Actual Total Time": 0.228,
          "Actual Rows": 1,
          "Actual Loops": 1,
          "Inner Unique": true,
          "Plans": [
            {
              "Node Type": "Index Scan",
              "Parent Relationship": "Outer",
              "Parallel Aware": false,
              "Scan Direction": "Forward",
              "Index Name": "company_id_movie_companies",
              "Relation Name": "movie_companies",
              "Alias": "mc",
              "Startup Cost": 0.43,
              "Total Cost": 273.41,
              "Plan Rows": 52,
              "Plan Width": 4,
              "Actual Startup Time": 0.094,
              "Actual Total Time": 0.123,
              "Actual Rows": 14,
              "Actual Loops": 1,
              "Index Cond": "(company_id = 38611)",
              "Rows Removed by Index Recheck": 0,
              "Filter": "(company_type_id = 2)",
              "Rows Removed by Filter": 2
            },
            {
              "Node Type": "Index Scan",
              "Parent Relationship": "Inner",
              "Parallel Aware": false,
              "Scan Direction": "Forward",
              "Index Name": "title_pkey",
              "Relation Name": "title",
              "Alias": "t",
              "Startup Cost": 0.43,
              "Total Cost": 8.45,
              "Plan Rows": 1,
              "Plan Width": 4,
              "Actual Startup Time": 0.007,
              "Actual Total Time": 0.007,
              "Actual Rows": 0,
              "Actual Loops": 14,
              "Index Cond": "(id = mc.movie_id)",
              "Rows Removed by Index Recheck": 0,
              "Filter": "(production_year = 2012)",
              "Rows Removed by Filter": 1
            }
          ]
        }
      ]
    },
    "Planning Time": 0.237,
    "Triggers": [],
    "Execution Time": 0.254
  }
]