[
    {
        "Bao": {
            "Bao prediction": "NaN",
            "Bao recommended hint": "(no hint)"
        }
    },
    {
        "Plan": {
            "Node Type": "Aggregate",
            "Strategy": "Plain",
            "Partial Mode": "Finalize",
            "Parallel Aware": false,
            "Startup Cost": 72898.7,
            "Total Cost": 72898.71,
            "Plan Rows": 1,
            "Plan Width": 8,
            "Actual Startup Time": 113.758,
            "Actual Total Time": 125.115,
            "Actual Rows": 1,
            "Actual Loops": 1,
            "Output": [
                "count(*)"
            ],
            "Plans": [
                {
                    "Node Type": "Gather",
                    "Parent Relationship": "Outer",
                    "Parallel Aware": false,
                    "Startup Cost": 72898.28,
                    "Total Cost": 72898.69,
                    "Plan Rows": 4,
                    "Plan Width": 8,
                    "Actual Startup Time": 113.624,
                    "Actual Total Time": 125.109,
                    "Actual Rows": 5,
                    "Actual Loops": 1,
                    "Output": [
                        "(PARTIAL count(*))"
                    ],
                    "Workers Planned": 4,
                    "Workers Launched": 4,
                    "Single Copy": false,
                    "Plans": [
                        {
                            "Node Type": "Aggregate",
                            "Strategy": "Plain",
                            "Partial Mode": "Partial",
                            "Parent Relationship": "Outer",
                            "Parallel Aware": false,
                            "Startup Cost": 71898.28,
                            "Total Cost": 71898.29,
                            "Plan Rows": 1,
                            "Plan Width": 8,
                            "Actual Startup Time": 104.218,
                            "Actual Total Time": 104.22,
                            "Actual Rows": 1,
                            "Actual Loops": 5,
                            "Output": [
                                "PARTIAL count(*)"
                            ],
                            "Workers": [
                                {
                                    "Worker Number": 0,
                                    "Actual Startup Time": 101.507,
                                    "Actual Total Time": 101.508,
                                    "Actual Rows": 1,
                                    "Actual Loops": 1
                                },
                                {
                                    "Worker Number": 1,
                                    "Actual Startup Time": 102.022,
                                    "Actual Total Time": 102.023,
                                    "Actual Rows": 1,
                                    "Actual Loops": 1
                                },
                                {
                                    "Worker Number": 2,
                                    "Actual Startup Time": 102.082,
                                    "Actual Total Time": 102.083,
                                    "Actual Rows": 1,
                                    "Actual Loops": 1
                                },
                                {
                                    "Worker Number": 3,
                                    "Actual Startup Time": 102.192,
                                    "Actual Total Time": 102.194,
                                    "Actual Rows": 1,
                                    "Actual Loops": 1
                                }
                            ],
                            "Plans": [
                                {
                                    "Node Type": "Nested Loop",
                                    "Parent Relationship": "Outer",
                                    "Parallel Aware": false,
                                    "Join Type": "Inner",
                                    "Startup Cost": 0.43,
                                    "Total Cost": 71897.41,
                                    "Plan Rows": 347,
                                    "Plan Width": 0,
                                    "Actual Startup Time": 46.9,
                                    "Actual Total Time": 104.163,
                                    "Actual Rows": 648,
                                    "Actual Loops": 5,
                                    "Inner Unique": false,
                                    "Workers": [
                                        {
                                            "Worker Number": 0,
                                            "Actual Startup Time": 44.935,
                                            "Actual Total Time": 101.452,
                                            "Actual Rows": 563,
                                            "Actual Loops": 1
                                        },
                                        {
                                            "Worker Number": 1,
                                            "Actual Startup Time": 46.196,
                                            "Actual Total Time": 101.976,
                                            "Actual Rows": 511,
                                            "Actual Loops": 1
                                        },
                                        {
                                            "Worker Number": 2,
                                            "Actual Startup Time": 45.354,
                                            "Actual Total Time": 102.03,
                                            "Actual Rows": 591,
                                            "Actual Loops": 1
                                        },
                                        {
                                            "Worker Number": 3,
                                            "Actual Startup Time": 44.154,
                                            "Actual Total Time": 102.143,
                                            "Actual Rows": 464,
                                            "Actual Loops": 1
                                        }
                                    ],
                                    "Plans": [
                                        {
                                            "Node Type": "Seq Scan",
                                            "Parent Relationship": "Outer",
                                            "Parallel Aware": true,
                                            "Relation Name": "title",
                                            "Schema": "public",
                                            "Alias": "t",
                                            "Startup Cost": 0.0,
                                            "Total Cost": 45479.21,
                                            "Plan Rows": 3526,
                                            "Plan Width": 4,
                                            "Actual Startup Time": 0.935,
                                            "Actual Total Time": 73.238,
                                            "Actual Rows": 2594,
                                            "Actual Loops": 5,
                                            "Output": [
                                                "t.id",
                                                "t.title",
                                                "t.imdb_index",
                                                "t.kind_id",
                                                "t.production_year",
                                                "t.imdb_id",
                                                "t.phonetic_code",
                                                "t.episode_of_id",
                                                "t.season_nr",
                                                "t.episode_nr",
                                                "t.series_years",
                                                "t.md5sum"
                                            ],
                                            "Filter": "((t.kind_id < 7) AND (t.production_year = 1997))",
                                            "Rows Removed by Filter": 503069,
                                            "Workers": [
                                                {
                                                    "Worker Number": 0,
                                                    "Actual Startup Time": 0.591,
                                                    "Actual Total Time": 69.127,
                                                    "Actual Rows": 2073,
                                                    "Actual Loops": 1
                                                },
                                                {
                                                    "Worker Number": 1,
                                                    "Actual Startup Time": 2.808,
                                                    "Actual Total Time": 70.253,
                                                    "Actual Rows": 2105,
                                                    "Actual Loops": 1
                                                },
                                                {
                                                    "Worker Number": 2,
                                                    "Actual Startup Time": 0.65,
                                                    "Actual Total Time": 69.252,
                                                    "Actual Rows": 2170,
                                                    "Actual Loops": 1
                                                },
                                                {
                                                    "Worker Number": 3,
                                                    "Actual Startup Time": 0.591,
                                                    "Actual Total Time": 69.339,
                                                    "Actual Rows": 2074,
                                                    "Actual Loops": 1
                                                }
                                            ]
                                        },
                                        {
                                            "Node Type": "Index Scan",
                                            "Parent Relationship": "Inner",
                                            "Parallel Aware": false,
                                            "Scan Direction": "Forward",
                                            "Index Name": "movie_id_movie_keyword",
                                            "Relation Name": "movie_keyword",
                                            "Schema": "public",
                                            "Alias": "mk",
                                            "Startup Cost": 0.43,
                                            "Total Cost": 7.46,
                                            "Plan Rows": 3,
                                            "Plan Width": 4,
                                            "Actual Startup Time": 0.011,
                                            "Actual Total Time": 0.011,
                                            "Actual Rows": 0,
                                            "Actual Loops": 12969,
                                            "Output": [
                                                "mk.id",
                                                "mk.movie_id",
                                                "mk.keyword_id"
                                            ],
                                            "Index Cond": "(mk.movie_id = t.id)",
                                            "Rows Removed by Index Recheck": 0,
                                            "Filter": "(mk.keyword_id > 61310)",
                                            "Rows Removed by Filter": 5,
                                            "Workers": [
                                                {
                                                    "Worker Number": 0,
                                                    "Actual Startup Time": 0.015,
                                                    "Actual Total Time": 0.015,
                                                    "Actual Rows": 0,
                                                    "Actual Loops": 2073
                                                },
                                                {
                                                    "Worker Number": 1,
                                                    "Actual Startup Time": 0.014,
                                                    "Actual Total Time": 0.015,
                                                    "Actual Rows": 0,
                                                    "Actual Loops": 2105
                                                },
                                                {
                                                    "Worker Number": 2,
                                                    "Actual Startup Time": 0.014,
                                                    "Actual Total Time": 0.015,
                                                    "Actual Rows": 0,
                                                    "Actual Loops": 2170
                                                },
                                                {
                                                    "Worker Number": 3,
                                                    "Actual Startup Time": 0.015,
                                                    "Actual Total Time": 0.015,
                                                    "Actual Rows": 0,
                                                    "Actual Loops": 2074
                                                }
                                            ]
                                        }
                                    ]
                                }
                            ]
                        }
                    ]
                }
            ]
        },
        "Planning Time": 193.904,
        "Triggers": [],
        "Execution Time": 125.176
    }
]