{
  "Plan": {
    "Node Type": "Aggregate",
    "Strategy": "Plain",
    "Partial Mode": "Simple",
    "Parallel Aware": false,
    "Startup Cost": 240949.52,
    "Total Cost": 240949.53,
    "Plan Rows": 1,
    "Plan Width": 96,
    "Actual Startup Time": 3222.641,
    "Actual Total Time": 3279.918,
    "Actual Rows": 1,
    "Actual Loops": 1,
    "Plans": [
      {
        "Node Type": "Gather",
        "Parent Relationship": "Outer",
        "Parallel Aware": false,
        "Startup Cost": 184971.68,
        "Total Cost": 240949.52,
        "Plan Rows": 1,
        "Plan Width": 42,
        "Actual Startup Time": 2208.776,
        "Actual Total Time": 3278.996,
        "Actual Rows": 3308,
        "Actual Loops": 1,
        "Workers Planned": 1,
        "Workers Launched": 1,
        "Single Copy": false,
        "Plans": [
          {
            "Node Type": "Nested Loop",
            "Parent Relationship": "Outer",
            "Parallel Aware": false,
            "Join Type": "Inner",
            "Startup Cost": 183971.68,
            "Total Cost": 239949.42,
            "Plan Rows": 1,
            "Plan Width": 42,
            "Actual Startup Time": 2224.039,
            "Actual Total Time": 3205.606,
            "Actual Rows": 1654,
            "Actual Loops": 2,
            "Inner Unique": true,
            "Plans": [
              {
                "Node Type": "Nested Loop",
                "Parent Relationship": "Outer",
                "Parallel Aware": false,
                "Join Type": "Inner",
                "Startup Cost": 183971.54,
                "Total Cost": 239949.07,
                "Plan Rows": 2,
                "Plan Width": 46,
                "Actual Startup Time": 2224.028,
                "Actual Total Time": 3203.194,
                "Actual Rows": 1654,
                "Actual Loops": 2,
                "Inner Unique": false,
                "Join Filter": "(t.id = mi.movie_id)",
                "Rows Removed by Join Filter": 0,
                "Plans": [
                  {
                    "Node Type": "Nested Loop",
                    "Parent Relationship": "Outer",
                    "Parallel Aware": false,
                    "Join Type": "Inner",
                    "Startup Cost": 183971.1,
                    "Total Cost": 239794.73,
                    "Plan Rows": 99,
                    "Plan Width": 54,
                    "Actual Startup Time": 2221.666,
                    "Actual Total Time": 2773.864,
                    "Actual Rows": 29671,
                    "Actual Loops": 2,
                    "Inner Unique": true,
                    "Plans": [
                      {
                        "Node Type": "Hash Join",
                        "Parent Relationship": "Outer",
                        "Parallel Aware": false,
                        "Join Type": "Inner",
                        "Startup Cost": 183970.68,
                        "Total Cost": 239672.55,
                        "Plan Rows": 274,
                        "Plan Width": 39,
                        "Actual Startup Time": 2221.57,
                        "Actual Total Time": 2602.343,
                        "Actual Rows": 69320,
                        "Actual Loops": 2,
                        "Inner Unique": true,
                        "Hash Cond": "(mc.company_type_id = ct.id)",
                        "Plans": [
                          {
                            "Node Type": "Hash Join",
                            "Parent Relationship": "Outer",
                            "Parallel Aware": false,
                            "Join Type": "Inner",
                            "Startup Cost": 183969.62,
                            "Total Cost": 239665.55,
                            "Plan Rows": 1098,
                            "Plan Width": 43,
                            "Actual Startup Time": 2221.187,
                            "Actual Total Time": 2581.098,
                            "Actual Rows": 152476,
                            "Actual Loops": 2,
                            "Inner Unique": true,
                            "Hash Cond": "(mi_idx.info_type_id = it2.id)",
                            "Plans": [
                              {
                                "Node Type": "Merge Join",
                                "Parent Relationship": "Outer",
                                "Parallel Aware": false,
                                "Join Type": "Inner",
                                "Startup Cost": 183967.2,
                                "Total Cost": 239325.29,
                                "Plan Rows": 124046,
                                "Plan Width": 47,
                                "Actual Startup Time": 2221.083,
                                "Actual Total Time": 2537.634,
                                "Actual Rows": 336584,
                                "Actual Loops": 2,
                                "Inner Unique": false,
                                "Merge Cond": "(mi_idx.movie_id = t.id)",
                                "Plans": [
                                  {
                                    "Node Type": "Index Scan",
                                    "Parent Relationship": "Outer",
                                    "Parallel Aware": true,
                                    "Scan Direction": "Forward",
                                    "Index Name": "movie_id_movie_info_idx",
                                    "Relation Name": "movie_info_idx",
                                    "Alias": "mi_idx",
                                    "Startup Cost": 0.43,
                                    "Total Cost": 49961.55,
                                    "Plan Rows": 577406,
                                    "Plan Width": 14,
                                    "Actual Startup Time": 0.067,
                                    "Actual Total Time": 155.99,
                                    "Actual Rows": 491735,
                                    "Actual Loops": 2,
                                    "Filter": "(info > '10'::text)",
                                    "Rows Removed by Filter": 198268
                                  },
                                  {
                                    "Node Type": "Sort",
                                    "Parent Relationship": "Inner",
                                    "Parallel Aware": false,
                                    "Startup Cost": 183966.69,
                                    "Total Cost": 185324.54,
                                    "Plan Rows": 543141,
                                    "Plan Width": 33,
                                    "Actual Startup Time": 2221.003,
                                    "Actual Total Time": 2261.09,
                                    "Actual Rows": 668050,
                                    "Actual Loops": 2,
                                    "Sort Key": [
                                      "t.id"
                                    ],
                                    "Sort Method": "quicksort",
                                    "Sort Space Used": 53496,
                                    "Sort Space Type": "Memory",
                                    "Workers": [
                                      {
                                        "Worker Number": 0,
                                        "Sort Method": "quicksort",
                                        "Sort Space Used": 53496,
                                        "Sort Space Type": "Memory"
                                      }
                                    ],
                                    "Plans": [
                                      {
                                        "Node Type": "Hash Join",
                                        "Parent Relationship": "Outer",
                                        "Parallel Aware": false,
                                        "Join Type": "Inner",
                                        "Startup Cost": 80499.62,
                                        "Total Cost": 132229.88,
                                        "Plan Rows": 543141,
                                        "Plan Width": 33,
                                        "Actual Startup Time": 727.054,
                                        "Actual Total Time": 1998.61,
                                        "Actual Rows": 486235,
                                        "Actual Loops": 2,
                                        "Inner Unique": true,
                                        "Hash Cond": "(mc.movie_id = t.id)",
                                        "Plans": [
                                          {
                                            "Node Type": "Seq Scan",
                                            "Parent Relationship": "Outer",
                                            "Parallel Aware": false,
                                            "Relation Name": "movie_companies",
                                            "Alias": "mc",
                                            "Startup Cost": 0.0,
                                            "Total Cost": 44881.29,
                                            "Plan Rows": 2609129,
                                            "Plan Width": 12,
                                            "Actual Startup Time": 0.038,
                                            "Actual Total Time": 318.562,
                                            "Actual Rows": 2609129,
                                            "Actual Loops": 2
                                          },
                                          {
                                            "Node Type": "Hash",
                                            "Parent Relationship": "Inner",
                                            "Parallel Aware": false,
                                            "Startup Cost": 73920.96,
                                            "Total Cost": 73920.96,
                                            "Plan Rows": 526293,
                                            "Plan Width": 21,
                                            "Actual Startup Time": 719.517,
                                            "Actual Total Time": 719.518,
                                            "Actual Rows": 529975,
                                            "Actual Loops": 2,
                                            "Hash Buckets": 1048576,
                                            "Original Hash Buckets": 1048576,
                                            "Hash Batches": 1,
                                            "Original Hash Batches": 1,
                                            "Peak Memory Usage": 36460,
                                            "Plans": [
                                              {
                                                "Node Type": "Seq Scan",
                                                "Parent Relationship": "Outer",
                                                "Parallel Aware": false,
                                                "Relation Name": "title",
                                                "Alias": "t",
                                                "Startup Cost": 0.0,
                                                "Total Cost": 73920.96,
                                                "Plan Rows": 526293,
                                                "Plan Width": 21,
                                                "Actual Startup Time": 0.069,
                                                "Actual Total Time": 457.139,
                                                "Actual Rows": 529975,
                                                "Actual Loops": 2,
                                                "Filter": "((production_year >= 2000) AND (production_year <= 2006))",
                                                "Rows Removed by Filter": 1998337
                                              }
                                            ]
                                          }
                                        ]
                                      }
                                    ]
                                  }
                                ]
                              },
                              {
                                "Node Type": "Hash",
                                "Parent Relationship": "Inner",
                                "Parallel Aware": false,
                                "Startup Cost": 2.41,
                                "Total Cost": 2.41,
                                "Plan Rows": 1,
                                "Plan Width": 4,
                                "Actual Startup Time": 0.051,
                                "Actual Total Time": 0.052,
                                "Actual Rows": 1,
                                "Actual Loops": 2,
                                "Hash Buckets": 1024,
                                "Original Hash Buckets": 1024,
                                "Hash Batches": 1,
                                "Original Hash Batches": 1,
                                "Peak Memory Usage": 9,
                                "Plans": [
                                  {
                                    "Node Type": "Seq Scan",
                                    "Parent Relationship": "Outer",
                                    "Parallel Aware": false,
                                    "Relation Name": "info_type",
                                    "Alias": "it2",
                                    "Startup Cost": 0.0,
                                    "Total Cost": 2.41,
                                    "Plan Rows": 1,
                                    "Plan Width": 4,
                                    "Actual Startup Time": 0.04,
                                    "Actual Total Time": 0.044,
                                    "Actual Rows": 1,
                                    "Actual Loops": 2,
                                    "Filter": "((info)::text = 'rating'::text)",
                                    "Rows Removed by Filter": 112
                                  }
                                ]
                              }
                            ]
                          },
                          {
                            "Node Type": "Hash",
                            "Parent Relationship": "Inner",
                            "Parallel Aware": false,
                            "Startup Cost": 1.05,
                            "Total Cost": 1.05,
                            "Plan Rows": 1,
                            "Plan Width": 4,
                            "Actual Startup Time": 0.085,
                            "Actual Total Time": 0.086,
                            "Actual Rows": 1,
                            "Actual Loops": 2,
                            "Hash Buckets": 1024,
                            "Original Hash Buckets": 1024,
                            "Hash Batches": 1,
                            "Original Hash Batches": 1,
                            "Peak Memory Usage": 9,
                            "Plans": [
                              {
                                "Node Type": "Seq Scan",
                                "Parent Relationship": "Outer",
                                "Parallel Aware": false,
                                "Relation Name": "company_type",
                                "Alias": "ct",
                                "Startup Cost": 0.0,
                                "Total Cost": 1.05,
                                "Plan Rows": 1,
                                "Plan Width": 4,
                                "Actual Startup Time": 0.066,
                                "Actual Total Time": 0.069,
                                "Actual Rows": 1,
                                "Actual Loops": 2,
                                "Filter": "((kind)::text = 'production companies'::text)",
                                "Rows Removed by Filter": 3
                              }
                            ]
                          }
                        ]
                      },
                      {
                        "Node Type": "Index Scan",
                        "Parent Relationship": "Inner",
                        "Parallel Aware": false,
                        "Scan Direction": "Forward",
                        "Index Name": "company_name_pkey",
                        "Relation Name": "company_name",
                        "Alias": "cn",
                        "Startup Cost": 0.42,
                        "Total Cost": 0.45,
                        "Plan Rows": 1,
                        "Plan Width": 23,
                        "Actual Startup Time": 0.002,
                        "Actual Total Time": 0.002,
                        "Actual Rows": 0,
                        "Actual Loops": 138639,
                        "Index Cond": "(id = mc.company_id)",
                        "Rows Removed by Index Recheck": 0,
                        "Filter": "((country_code)::text = '[us]'::text)",
                        "Rows Removed by Filter": 1
                      }
                    ]
                  },
                  {
                    "Node Type": "Index Scan",
                    "Parent Relationship": "Inner",
                    "Parallel Aware": false,
                    "Scan Direction": "Forward",
                    "Index Name": "movie_id_movie_info",
                    "Relation Name": "movie_info",
                    "Alias": "mi",
                    "Startup Cost": 0.43,
                    "Total Cost": 1.55,
                    "Plan Rows": 1,
                    "Plan Width": 8,
                    "Actual Startup Time": 0.014,
                    "Actual Total Time": 0.014,
                    "Actual Rows": 0,
                    "Actual Loops": 59342,
                    "Index Cond": "(movie_id = mc.movie_id)",
                    "Rows Removed by Index Recheck": 0,
                    "Filter": "(info = ANY ('{War,Crime}'::text[]))",
                    "Rows Removed by Filter": 32
                  }
                ]
              },
              {
                "Node Type": "Index Scan",
                "Parent Relationship": "Inner",
                "Parallel Aware": false,
                "Scan Direction": "Forward",
                "Index Name": "info_type_pkey",
                "Relation Name": "info_type",
                "Alias": "it1",
                "Startup Cost": 0.14,
                "Total Cost": 0.16,
                "Plan Rows": 1,
                "Plan Width": 4,
                "Actual Startup Time": 0.001,
                "Actual Total Time": 0.001,
                "Actual Rows": 1,
                "Actual Loops": 3308,
                "Index Cond": "(id = mi.info_type_id)",
                "Rows Removed by Index Recheck": 0,
                "Filter": "((info)::text = 'genres'::text)",
                "Rows Removed by Filter": 0
              }
            ]
          }
        ]
      }
    ]
  },
  "Planning Time": 2.253,
  "Triggers": [],
  "Execution Time": 3280.597
}