[
  {
    "Plan": {
      "Node Type": "Aggregate",
      "Strategy": "Plain",
      "Partial Mode": "Finalize",
      "Parallel Aware": false,
      "Startup Cost": 45241.98,
      "Total Cost": 45241.99,
      "Plan Rows": 1,
      "Plan Width": 8,
      "Actual Startup Time": 153.143,
      "Actual Total Time": 163.874,
      "Actual Rows": 1,
      "Actual Loops": 1,
      "Plans": [
        {
          "Node Type": "Gather",
          "Parent Relationship": "Outer",
          "Parallel Aware": false,
          "Startup Cost": 45241.66,
          "Total Cost": 45241.97,
          "Plan Rows": 3,
          "Plan Width": 8,
          "Actual Startup Time": 152.868,
          "Actual Total Time": 163.864,
          "Actual Rows": 4,
          "Actual Loops": 1,
          "Workers Planned": 3,
          "Workers Launched": 3,
          "Single Copy": false,
          "Plans": [
            {
              "Node Type": "Aggregate",
              "Strategy": "Plain",
              "Partial Mode": "Partial",
              "Parent Relationship": "Outer",
              "Parallel Aware": false,
              "Startup Cost": 44241.66,
              "Total Cost": 44241.67,
              "Plan Rows": 1,
              "Plan Width": 8,
              "Actual Startup Time": 145.753,
              "Actual Total Time": 145.756,
              "Actual Rows": 1,
              "Actual Loops": 4,
              "Plans": [
                {
                  "Node Type": "Seq Scan",
                  "Parent Relationship": "Outer",
                  "Parallel Aware": true,
                  "Relation Name": "movie_keyword",
                  "Alias": "mk",
                  "Startup Cost": 0.0,
                  "Total Cost": 42695.65,
                  "Plan Rows": 618404,
                  "Plan Width": 0,
                  "Actual Startup Time": 0.043,
                  "Actual Total Time": 120.941,
                  "Actual Rows": 479952,
                  "Actual Loops": 4,
                  "Filter": "(keyword_id < 3309)",
                  "Rows Removed by Filter": 651031
                }
              ]
            }
          ]
        }
      ]
    },
    "Planning Time": 0.195,
    "Triggers": [],
    "Execution Time": 163.93
  }
]