[
  {
    "Plan": {
      "Node Type": "Aggregate",
      "Strategy": "Plain",
      "Partial Mode": "Finalize",
      "Parallel Aware": false,
      "Startup Cost": 45240.75,
      "Total Cost": 45240.76,
      "Plan Rows": 1,
      "Plan Width": 8,
      "Actual Startup Time": 143.773,
      "Actual Total Time": 152.566,
      "Actual Rows": 1,
      "Actual Loops": 1,
      "Plans": [
        {
          "Node Type": "Gather",
          "Parent Relationship": "Outer",
          "Parallel Aware": false,
          "Startup Cost": 45240.43,
          "Total Cost": 45240.74,
          "Plan Rows": 3,
          "Plan Width": 8,
          "Actual Startup Time": 143.671,
          "Actual Total Time": 152.557,
          "Actual Rows": 4,
          "Actual Loops": 1,
          "Workers Planned": 3,
          "Workers Launched": 3,
          "Single Copy": false,
          "Plans": [
            {
              "Node Type": "Aggregate",
              "Strategy": "Plain",
              "Partial Mode": "Partial",
              "Parent Relationship": "Outer",
              "Parallel Aware": false,
              "Startup Cost": 44240.43,
              "Total Cost": 44240.44,
              "Plan Rows": 1,
              "Plan Width": 8,
              "Actual Startup Time": 138.731,
              "Actual Total Time": 138.733,
              "Actual Rows": 1,
              "Actual Loops": 4,
              "Plans": [
                {
                  "Node Type": "Seq Scan",
                  "Parent Relationship": "Outer",
                  "Parallel Aware": true,
                  "Relation Name": "movie_keyword",
                  "Alias": "mk",
                  "Startup Cost": 0.0,
                  "Total Cost": 42695.65,
                  "Plan Rows": 617911,
                  "Plan Width": 0,
                  "Actual Startup Time": 0.042,
                  "Actual Total Time": 115.035,
                  "Actual Rows": 479952,
                  "Actual Loops": 4,
                  "Filter": "(keyword_id < 3309)",
                  "Rows Removed by Filter": 651031
                }
              ]
            }
          ]
        }
      ]
    },
    "Planning Time": 0.178,
    "Triggers": [],
    "Execution Time": 152.62
  }
]