{
  "Plan": {
    "Node Type": "Aggregate",
    "Strategy": "Plain",
    "Partial Mode": "Finalize",
    "Parallel Aware": false,
    "Startup Cost": 330831.17,
    "Total Cost": 330831.18,
    "Plan Rows": 1,
    "Plan Width": 8,
    "Actual Startup Time": 1317.032,
    "Actual Total Time": 1340.359,
    "Actual Rows": 1,
    "Actual Loops": 1,
    "Plans": [
      {
        "Node Type": "Gather",
        "Parent Relationship": "Outer",
        "Parallel Aware": false,
        "Startup Cost": 330831.06,
        "Total Cost": 330831.17,
        "Plan Rows": 1,
        "Plan Width": 8,
        "Actual Startup Time": 1314.04,
        "Actual Total Time": 1340.348,
        "Actual Rows": 2,
        "Actual Loops": 1,
        "Workers Planned": 1,
        "Workers Launched": 1,
        "Single Copy": false,
        "Plans": [
          {
            "Node Type": "Aggregate",
            "Strategy": "Plain",
            "Partial Mode": "Partial",
            "Parent Relationship": "Outer",
            "Parallel Aware": false,
            "Startup Cost": 329831.06,
            "Total Cost": 329831.07,
            "Plan Rows": 1,
            "Plan Width": 8,
            "Actual Startup Time": 1307.513,
            "Actual Total Time": 1307.523,
            "Actual Rows": 1,
            "Actual Loops": 2,
            "Plans": [
              {
                "Node Type": "Hash Join",
                "Parent Relationship": "Outer",
                "Parallel Aware": true,
                "Join Type": "Inner",
                "Startup Cost": 144752.22,
                "Total Cost": 329548.75,
                "Plan Rows": 112926,
                "Plan Width": 0,
                "Actual Startup Time": 794.303,
                "Actual Total Time": 1264.786,
                "Actual Rows": 823510,
                "Actual Loops": 2,
                "Inner Unique": false,
                "Hash Cond": "(mi.movie_id = t.id)",
                "Plans": [
                  {
                    "Node Type": "Bitmap Heap Scan",
                    "Parent Relationship": "Outer",
                    "Parallel Aware": true,
                    "Relation Name": "movie_info",
                    "Alias": "mi",
                    "Startup Cost": 41958.26,
                    "Total Cost": 220981.46,
                    "Plan Rows": 1362416,
                    "Plan Width": 4,
                    "Actual Startup Time": 82.02,
                    "Actual Total Time": 276.69,
                    "Actual Rows": 1116925,
                    "Actual Loops": 2,
                    "Recheck Cond": "(info_type_id > 16)",
                    "Rows Removed by Index Recheck": 0,
                    "Exact Heap Blocks": 34107,
                    "Lossy Heap Blocks": 0,
                    "Plans": [
                      {
                        "Node Type": "Bitmap Index Scan",
                        "Parent Relationship": "Outer",
                        "Parallel Aware": false,
                        "Index Name": "info_type_id_movie_info",
                        "Startup Cost": 0.0,
                        "Total Cost": 41379.24,
                        "Plan Rows": 2316107,
                        "Plan Width": 0,
                        "Actual Startup Time": 73.926,
                        "Actual Total Time": 73.927,
                        "Actual Rows": 2233850,
                        "Actual Loops": 1,
                        "Index Cond": "(info_type_id > 16)"
                      }
                    ]
                  },
                  {
                    "Node Type": "Hash",
                    "Parent Relationship": "Inner",
                    "Parallel Aware": true,
                    "Startup Cost": 101253.07,
                    "Total Cost": 101253.07,
                    "Plan Rows": 123271,
                    "Plan Width": 8,
                    "Actual Startup Time": 709.004,
                    "Actual Total Time": 709.011,
                    "Actual Rows": 190010,
                    "Actual Loops": 2,
                    "Hash Buckets": 524288,
                    "Original Hash Buckets": 262144,
                    "Hash Batches": 1,
                    "Original Hash Batches": 1,
                    "Peak Memory Usage": 21056,
                    "Plans": [
                      {
                        "Node Type": "Hash Join",
                        "Parent Relationship": "Outer",
                        "Parallel Aware": true,
                        "Join Type": "Inner",
                        "Startup Cost": 39674.75,
                        "Total Cost": 101253.07,
                        "Plan Rows": 123271,
                        "Plan Width": 8,
                        "Actual Startup Time": 209.368,
                        "Actual Total Time": 641.925,
                        "Actual Rows": 190010,
                        "Actual Loops": 2,
                        "Inner Unique": false,
                        "Hash Cond": "(t.id = mc.movie_id)",
                        "Plans": [
                          {
                            "Node Type": "Seq Scan",
                            "Parent Relationship": "Outer",
                            "Parallel Aware": true,
                            "Relation Name": "title",
                            "Alias": "t",
                            "Startup Cost": 0.0,
                            "Total Cost": 54588.39,
                            "Plan Rows": 1002368,
                            "Plan Width": 4,
                            "Actual Startup Time": 0.013,
                            "Actual Total Time": 181.657,
                            "Actual Rows": 850158,
                            "Actual Loops": 2,
                            "Filter": "(production_year > 1992)",
                            "Rows Removed by Filter": 413998
                          },
                          {
                            "Node Type": "Hash",
                            "Parent Relationship": "Inner",
                            "Parallel Aware": true,
                            "Startup Cost": 37388.5,
                            "Total Cost": 37388.5,
                            "Plan Rows": 182900,
                            "Plan Width": 4,
                            "Actual Startup Time": 205.697,
                            "Actual Total Time": 205.699,
                            "Actual Rows": 307224,
                            "Actual Loops": 2,
                            "Hash Buckets": 1048576,
                            "Original Hash Buckets": 524288,
                            "Hash Batches": 1,
                            "Original Hash Batches": 1,
                            "Peak Memory Usage": 36352,
                            "Plans": [
                              {
                                "Node Type": "Bitmap Heap Scan",
                                "Parent Relationship": "Outer",
                                "Parallel Aware": true,
                                "Relation Name": "movie_companies",
                                "Alias": "mc",
                                "Startup Cost": 13195.07,
                                "Total Cost": 37388.5,
                                "Plan Rows": 182900,
                                "Plan Width": 4,
                                "Actual Startup Time": 41.08,
                                "Actual Total Time": 107.505,
                                "Actual Rows": 307224,
                                "Actual Loops": 2,
                                "Recheck Cond": "(company_id > 60875)",
                                "Rows Removed by Index Recheck": 0,
                                "Filter": "(company_type_id > 1)",
                                "Rows Removed by Filter": 5730,
                                "Exact Heap Blocks": 7107,
                                "Lossy Heap Blocks": 0,
                                "Plans": [
                                  {
                                    "Node Type": "Bitmap Index Scan",
                                    "Parent Relationship": "Outer",
                                    "Parallel Aware": false,
                                    "Index Name": "company_id_movie_companies",
                                    "Startup Cost": 0.0,
                                    "Total Cost": 13117.34,
                                    "Plan Rows": 612388,
                                    "Plan Width": 0,
                                    "Actual Startup Time": 35.012,
                                    "Actual Total Time": 35.012,
                                    "Actual Rows": 625908,
                                    "Actual Loops": 1,
                                    "Index Cond": "(company_id > 60875)"
                                  }
                                ]
                              }
                            ]
                          }
                        ]
                      }
                    ]
                  }
                ]
              }
            ]
          }
        ]
      }
    ]
  },
  "Planning Time": 1.023,
  "Triggers": [],
  "Execution Time": 1340.495
}