[
  {
    "Plan": {
      "Node Type": "Aggregate",
      "Strategy": "Plain",
      "Partial Mode": "Finalize",
      "Parallel Aware": false,
      "Startup Cost": 45961.11,
      "Total Cost": 45961.12,
      "Plan Rows": 1,
      "Plan Width": 8,
      "Actual Startup Time": 165.022,
      "Actual Total Time": 174.041,
      "Actual Rows": 1,
      "Actual Loops": 1,
      "Plans": [
        {
          "Node Type": "Gather",
          "Parent Relationship": "Outer",
          "Parallel Aware": false,
          "Startup Cost": 45960.79,
          "Total Cost": 45961.1,
          "Plan Rows": 3,
          "Plan Width": 8,
          "Actual Startup Time": 164.849,
          "Actual Total Time": 174.031,
          "Actual Rows": 4,
          "Actual Loops": 1,
          "Workers Planned": 3,
          "Workers Launched": 3,
          "Single Copy": false,
          "Plans": [
            {
              "Node Type": "Aggregate",
              "Strategy": "Plain",
              "Partial Mode": "Partial",
              "Parent Relationship": "Outer",
              "Parallel Aware": false,
              "Startup Cost": 44960.79,
              "Total Cost": 44960.8,
              "Plan Rows": 1,
              "Plan Width": 8,
              "Actual Startup Time": 157.843,
              "Actual Total Time": 157.845,
              "Actual Rows": 1,
              "Actual Loops": 4,
              "Plans": [
                {
                  "Node Type": "Seq Scan",
                  "Parent Relationship": "Outer",
                  "Parallel Aware": true,
                  "Relation Name": "movie_keyword",
                  "Alias": "mk",
                  "Startup Cost": 0.0,
                  "Total Cost": 42695.65,
                  "Plan Rows": 906055,
                  "Plan Width": 0,
                  "Actual Startup Time": 0.051,
                  "Actual Total Time": 123.759,
                  "Actual Rows": 703913,
                  "Actual Loops": 4,
                  "Filter": "(keyword_id < 8420)",
                  "Rows Removed by Filter": 427070
                }
              ]
            }
          ]
        }
      ]
    },
    "Planning Time": 0.184,
    "Triggers": [],
    "Execution Time": 174.122
  }
]