[
  {
    "Plan": {
      "Node Type": "Aggregate",
      "Strategy": "Plain",
      "Partial Mode": "Finalize",
      "Parallel Aware": false,
      "Startup Cost": 46017.33,
      "Total Cost": 46017.34,
      "Plan Rows": 1,
      "Plan Width": 8,
      "Actual Startup Time": 161.611,
      "Actual Total Time": 170.515,
      "Actual Rows": 1,
      "Actual Loops": 1,
      "Plans": [
        {
          "Node Type": "Gather",
          "Parent Relationship": "Outer",
          "Parallel Aware": false,
          "Startup Cost": 46017.02,
          "Total Cost": 46017.33,
          "Plan Rows": 3,
          "Plan Width": 8,
          "Actual Startup Time": 161.435,
          "Actual Total Time": 170.504,
          "Actual Rows": 4,
          "Actual Loops": 1,
          "Workers Planned": 3,
          "Workers Launched": 3,
          "Single Copy": false,
          "Plans": [
            {
              "Node Type": "Aggregate",
              "Strategy": "Plain",
              "Partial Mode": "Partial",
              "Parent Relationship": "Outer",
              "Parallel Aware": false,
              "Startup Cost": 45017.02,
              "Total Cost": 45017.03,
              "Plan Rows": 1,
              "Plan Width": 8,
              "Actual Startup Time": 156.133,
              "Actual Total Time": 156.134,
              "Actual Rows": 1,
              "Actual Loops": 4,
              "Plans": [
                {
                  "Node Type": "Seq Scan",
                  "Parent Relationship": "Outer",
                  "Parallel Aware": true,
                  "Relation Name": "movie_keyword",
                  "Alias": "mk",
                  "Startup Cost": 0.0,
                  "Total Cost": 42695.65,
                  "Plan Rows": 928545,
                  "Plan Width": 0,
                  "Actual Startup Time": 0.188,
                  "Actual Total Time": 121.791,
                  "Actual Rows": 720758,
                  "Actual Loops": 4,
                  "Filter": "(keyword_id > 2488)",
                  "Rows Removed by Filter": 410225
                }
              ]
            }
          ]
        }
      ]
    },
    "Planning Time": 0.125,
    "Triggers": [],
    "Execution Time": 170.551
  }
]