{
  "Plan": {
    "Node Type": "Aggregate",
    "Strategy": "Plain",
    "Partial Mode": "Finalize",
    "Parallel Aware": false,
    "Startup Cost": 283189.56,
    "Total Cost": 283189.57,
    "Plan Rows": 1,
    "Plan Width": 8,
    "Actual Startup Time": 890.443,
    "Actual Total Time": 913.137,
    "Actual Rows": 1,
    "Actual Loops": 1,
    "Plans": [
      {
        "Node Type": "Gather",
        "Parent Relationship": "Outer",
        "Parallel Aware": false,
        "Startup Cost": 283189.45,
        "Total Cost": 283189.56,
        "Plan Rows": 1,
        "Plan Width": 8,
        "Actual Startup Time": 887.489,
        "Actual Total Time": 913.129,
        "Actual Rows": 2,
        "Actual Loops": 1,
        "Workers Planned": 1,
        "Workers Launched": 1,
        "Single Copy": false,
        "Plans": [
          {
            "Node Type": "Aggregate",
            "Strategy": "Plain",
            "Partial Mode": "Partial",
            "Parent Relationship": "Outer",
            "Parallel Aware": false,
            "Startup Cost": 282189.45,
            "Total Cost": 282189.46,
            "Plan Rows": 1,
            "Plan Width": 8,
            "Actual Startup Time": 879.063,
            "Actual Total Time": 879.067,
            "Actual Rows": 1,
            "Actual Loops": 2,
            "Plans": [
              {
                "Node Type": "Hash Join",
                "Parent Relationship": "Outer",
                "Parallel Aware": true,
                "Join Type": "Inner",
                "Startup Cost": 101142.98,
                "Total Cost": 280449.86,
                "Plan Rows": 695836,
                "Plan Width": 0,
                "Actual Startup Time": 503.333,
                "Actual Total Time": 870.448,
                "Actual Rows": 156606,
                "Actual Loops": 2,
                "Inner Unique": true,
                "Hash Cond": "(mi.movie_id = t.id)",
                "Plans": [
                  {
                    "Node Type": "Bitmap Heap Scan",
                    "Parent Relationship": "Outer",
                    "Parallel Aware": true,
                    "Relation Name": "movie_info",
                    "Alias": "mi",
                    "Startup Cost": 35254.11,
                    "Total Cost": 211556.11,
                    "Plan Rows": 1144719,
                    "Plan Width": 4,
                    "Actual Startup Time": 75.74,
                    "Actual Total Time": 218.22,
                    "Actual Rows": 932816,
                    "Actual Loops": 2,
                    "Recheck Cond": "(info_type_id > 17)",
                    "Rows Removed by Index Recheck": 0,
                    "Exact Heap Blocks": 19207,
                    "Lossy Heap Blocks": 0,
                    "Plans": [
                      {
                        "Node Type": "Bitmap Index Scan",
                        "Parent Relationship": "Outer",
                        "Parallel Aware": false,
                        "Index Name": "info_type_id_movie_info",
                        "Startup Cost": 0.0,
                        "Total Cost": 34767.61,
                        "Plan Rows": 1946023,
                        "Plan Width": 0,
                        "Actual Startup Time": 69.15,
                        "Actual Total Time": 69.151,
                        "Actual Rows": 1865632,
                        "Actual Loops": 1,
                        "Index Cond": "(info_type_id > 17)"
                      }
                    ]
                  },
                  {
                    "Node Type": "Hash",
                    "Parent Relationship": "Inner",
                    "Parallel Aware": true,
                    "Startup Cost": 54588.39,
                    "Total Cost": 54588.39,
                    "Plan Rows": 904038,
                    "Plan Width": 4,
                    "Actual Startup Time": 412.997,
                    "Actual Total Time": 412.998,
                    "Actual Rows": 771632,
                    "Actual Loops": 2,
                    "Hash Buckets": 2097152,
                    "Original Hash Buckets": 2097152,
                    "Hash Batches": 1,
                    "Original Hash Batches": 1,
                    "Peak Memory Usage": 76800,
                    "Plans": [
                      {
                        "Node Type": "Seq Scan",
                        "Parent Relationship": "Outer",
                        "Parallel Aware": true,
                        "Relation Name": "title",
                        "Alias": "t",
                        "Startup Cost": 0.0,
                        "Total Cost": 54588.39,
                        "Plan Rows": 904038,
                        "Plan Width": 4,
                        "Actual Startup Time": 0.043,
                        "Actual Total Time": 182.942,
                        "Actual Rows": 771632,
                        "Actual Loops": 2,
                        "Filter": "(kind_id = 7)",
                        "Rows Removed by Filter": 492524
                      }
                    ]
                  }
                ]
              }
            ]
          }
        ]
      }
    ]
  },
  "Planning Time": 0.595,
  "Triggers": [],
  "Execution Time": 913.227
}