{
  "Plan": {
    "Node Type": "Aggregate",
    "Strategy": "Plain",
    "Partial Mode": "Finalize",
    "Parallel Aware": false,
    "Startup Cost": 144512.27,
    "Total Cost": 144512.28,
    "Plan Rows": 1,
    "Plan Width": 8,
    "Actual Startup Time": 583.153,
    "Actual Total Time": 596.524,
    "Actual Rows": 1,
    "Actual Loops": 1,
    "Plans": [
      {
        "Node Type": "Gather",
        "Parent Relationship": "Outer",
        "Parallel Aware": false,
        "Startup Cost": 144512.16,
        "Total Cost": 144512.27,
        "Plan Rows": 1,
        "Plan Width": 8,
        "Actual Startup Time": 582.776,
        "Actual Total Time": 596.516,
        "Actual Rows": 2,
        "Actual Loops": 1,
        "Workers Planned": 1,
        "Workers Launched": 1,
        "Single Copy": false,
        "Plans": [
          {
            "Node Type": "Aggregate",
            "Strategy": "Plain",
            "Partial Mode": "Partial",
            "Parent Relationship": "Outer",
            "Parallel Aware": false,
            "Startup Cost": 143512.16,
            "Total Cost": 143512.17,
            "Plan Rows": 1,
            "Plan Width": 8,
            "Actual Startup Time": 576.864,
            "Actual Total Time": 576.87,
            "Actual Rows": 1,
            "Actual Loops": 2,
            "Plans": [
              {
                "Node Type": "Hash Join",
                "Parent Relationship": "Outer",
                "Parallel Aware": true,
                "Join Type": "Inner",
                "Startup Cost": 82305.83,
                "Total Cost": 143463.93,
                "Plan Rows": 19292,
                "Plan Width": 0,
                "Actual Startup Time": 427.412,
                "Actual Total Time": 567.739,
                "Actual Rows": 217109,
                "Actual Loops": 2,
                "Inner Unique": false,
                "Hash Cond": "(mk.movie_id = t.id)",
                "Plans": [
                  {
                    "Node Type": "Seq Scan",
                    "Parent Relationship": "Outer",
                    "Parallel Aware": true,
                    "Relation Name": "movie_keyword",
                    "Alias": "mk",
                    "Startup Cost": 0.0,
                    "Total Cost": 51065.35,
                    "Plan Rows": 2661135,
                    "Plan Width": 4,
                    "Actual Startup Time": 0.008,
                    "Actual Total Time": 162.563,
                    "Actual Rows": 2261965,
                    "Actual Loops": 2
                  },
                  {
                    "Node Type": "Hash",
                    "Parent Relationship": "Inner",
                    "Parallel Aware": true,
                    "Startup Cost": 82171.05,
                    "Total Cost": 82171.05,
                    "Plan Rows": 10782,
                    "Plan Width": 8,
                    "Actual Startup Time": 229.159,
                    "Actual Total Time": 229.163,
                    "Actual Rows": 21764,
                    "Actual Loops": 2,
                    "Hash Buckets": 65536,
                    "Original Hash Buckets": 32768,
                    "Hash Batches": 1,
                    "Original Hash Batches": 1,
                    "Peak Memory Usage": 2496,
                    "Plans": [
                      {
                        "Node Type": "Hash Join",
                        "Parent Relationship": "Outer",
                        "Parallel Aware": true,
                        "Join Type": "Inner",
                        "Startup Cost": 21031.98,
                        "Total Cost": 82171.05,
                        "Plan Rows": 10782,
                        "Plan Width": 8,
                        "Actual Startup Time": 132.325,
                        "Actual Total Time": 221.577,
                        "Actual Rows": 21764,
                        "Actual Loops": 2,
                        "Inner Unique": false,
                        "Hash Cond": "(t.id = mc.movie_id)",
                        "Plans": [
                          {
                            "Node Type": "Seq Scan",
                            "Parent Relationship": "Outer",
                            "Parallel Aware": true,
                            "Relation Name": "title",
                            "Alias": "t",
                            "Startup Cost": 0.0,
                            "Total Cost": 58306.47,
                            "Plan Rows": 443069,
                            "Plan Width": 4,
                            "Actual Startup Time": 0.018,
                            "Actual Total Time": 134.924,
                            "Actual Rows": 396972,
                            "Actual Loops": 2,
                            "Filter": "((kind_id < 7) AND (production_year < 2010))",
                            "Rows Removed by Filter": 867184
                          },
                          {
                            "Node Type": "Hash",
                            "Parent Relationship": "Inner",
                            "Parallel Aware": true,
                            "Startup Cost": 20579.61,
                            "Total Cost": 20579.61,
                            "Plan Rows": 36190,
                            "Plan Width": 4,
                            "Actual Startup Time": 32.746,
                            "Actual Total Time": 32.748,
                            "Actual Rows": 29506,
                            "Actual Loops": 2,
                            "Hash Buckets": 65536,
                            "Original Hash Buckets": 65536,
                            "Hash Batches": 1,
                            "Original Hash Batches": 1,
                            "Peak Memory Usage": 2848,
                            "Plans": [
                              {
                                "Node Type": "Bitmap Heap Scan",
                                "Parent Relationship": "Outer",
                                "Parallel Aware": true,
                                "Relation Name": "movie_companies",
                                "Alias": "mc",
                                "Startup Cost": 1337.23,
                                "Total Cost": 20579.61,
                                "Plan Rows": 36190,
                                "Plan Width": 4,
                                "Actual Startup Time": 4.532,
                                "Actual Total Time": 20.697,
                                "Actual Rows": 29506,
                                "Actual Loops": 2,
                                "Recheck Cond": "(company_id > 184550)",
                                "Rows Removed by Index Recheck": 0,
                                "Exact Heap Blocks": 1457,
                                "Lossy Heap Blocks": 0,
                                "Plans": [
                                  {
                                    "Node Type": "Bitmap Index Scan",
                                    "Parent Relationship": "Outer",
                                    "Parallel Aware": false,
                                    "Index Name": "company_id_movie_companies",
                                    "Startup Cost": 0.0,
                                    "Total Cost": 1321.85,
                                    "Plan Rows": 61523,
                                    "Plan Width": 0,
                                    "Actual Startup Time": 7.716,
                                    "Actual Total Time": 7.716,
                                    "Actual Rows": 59012,
                                    "Actual Loops": 1,
                                    "Index Cond": "(company_id > 184550)"
                                  }
                                ]
                              }
                            ]
                          }
                        ]
                      }
                    ]
                  }
                ]
              }
            ]
          }
        ]
      }
    ]
  },
  "Planning Time": 0.907,
  "Triggers": [],
  "Execution Time": 596.64
}