[
  {
    "Plan": {
      "Node Type": "Aggregate",
      "Strategy": "Plain",
      "Partial Mode": "Finalize",
      "Parallel Aware": false,
      "Startup Cost": 46481.34,
      "Total Cost": 46481.35,
      "Plan Rows": 1,
      "Plan Width": 8,
      "Actual Startup Time": 79.83,
      "Actual Total Time": 90.741,
      "Actual Rows": 1,
      "Actual Loops": 1,
      "Plans": [
        {
          "Node Type": "Gather",
          "Parent Relationship": "Outer",
          "Parallel Aware": false,
          "Startup Cost": 46480.92,
          "Total Cost": 46481.33,
          "Plan Rows": 4,
          "Plan Width": 8,
          "Actual Startup Time": 79.636,
          "Actual Total Time": 90.731,
          "Actual Rows": 5,
          "Actual Loops": 1,
          "Workers Planned": 4,
          "Workers Launched": 4,
          "Single Copy": false,
          "Plans": [
            {
              "Node Type": "Aggregate",
              "Strategy": "Plain",
              "Partial Mode": "Partial",
              "Parent Relationship": "Outer",
              "Parallel Aware": false,
              "Startup Cost": 45480.92,
              "Total Cost": 45480.93,
              "Plan Rows": 1,
              "Plan Width": 8,
              "Actual Startup Time": 74.453,
              "Actual Total Time": 74.454,
              "Actual Rows": 1,
              "Actual Loops": 5,
              "Plans": [
                {
                  "Node Type": "Seq Scan",
                  "Parent Relationship": "Outer",
                  "Parallel Aware": true,
                  "Relation Name": "title",
                  "Alias": "t",
                  "Startup Cost": 0.0,
                  "Total Cost": 45479.59,
                  "Plan Rows": 534,
                  "Plan Width": 0,
                  "Actual Startup Time": 2.039,
                  "Actual Total Time": 74.439,
                  "Actual Rows": 27,
                  "Actual Loops": 5,
                  "Filter": "((production_year > 2013) AND (kind_id = 7))",
                  "Rows Removed by Filter": 505635
                }
              ]
            }
          ]
        }
      ]
    },
    "Planning Time": 0.126,
    "Triggers": [],
    "Execution Time": 90.781
  }
]