[
  {
    "Plan": {
      "Node Type": "Aggregate",
      "Strategy": "Plain",
      "Partial Mode": "Finalize",
      "Parallel Aware": false,
      "Startup Cost": 47060.81,
      "Total Cost": 47060.82,
      "Plan Rows": 1,
      "Plan Width": 8,
      "Actual Startup Time": 185.354,
      "Actual Total Time": 195.614,
      "Actual Rows": 1,
      "Actual Loops": 1,
      "Plans": [
        {
          "Node Type": "Gather",
          "Parent Relationship": "Outer",
          "Parallel Aware": false,
          "Startup Cost": 47060.49,
          "Total Cost": 47060.8,
          "Plan Rows": 3,
          "Plan Width": 8,
          "Actual Startup Time": 185.194,
          "Actual Total Time": 195.604,
          "Actual Rows": 4,
          "Actual Loops": 1,
          "Workers Planned": 3,
          "Workers Launched": 3,
          "Single Copy": false,
          "Plans": [
            {
              "Node Type": "Aggregate",
              "Strategy": "Plain",
              "Partial Mode": "Partial",
              "Parent Relationship": "Outer",
              "Parallel Aware": false,
              "Startup Cost": 46060.49,
              "Total Cost": 46060.5,
              "Plan Rows": 1,
              "Plan Width": 8,
              "Actual Startup Time": 181.127,
              "Actual Total Time": 181.128,
              "Actual Rows": 1,
              "Actual Loops": 4,
              "Plans": [
                {
                  "Node Type": "Seq Scan",
                  "Parent Relationship": "Outer",
                  "Parallel Aware": true,
                  "Relation Name": "movie_keyword",
                  "Alias": "mk",
                  "Startup Cost": 0.0,
                  "Total Cost": 42695.65,
                  "Plan Rows": 1345934,
                  "Plan Width": 0,
                  "Actual Startup Time": 0.03,
                  "Actual Total Time": 129.863,
                  "Actual Rows": 1043506,
                  "Actual Loops": 4,
                  "Filter": "(keyword_id < 47570)",
                  "Rows Removed by Filter": 87477
                }
              ]
            }
          ]
        }
      ]
    },
    "Planning Time": 0.189,
    "Triggers": [],
    "Execution Time": 195.666
  }
]