[
  {
    "Plan": {
      "Node Type": "Aggregate",
      "Strategy": "Plain",
      "Partial Mode": "Finalize",
      "Parallel Aware": false,
      "Startup Cost": 353787.65,
      "Total Cost": 353787.66,
      "Plan Rows": 1,
      "Plan Width": 8,
      "Actual Startup Time": 995.117,
      "Actual Total Time": 1043.185,
      "Actual Rows": 1,
      "Actual Loops": 1,
      "Plans": [
        {
          "Node Type": "Gather",
          "Parent Relationship": "Outer",
          "Parallel Aware": false,
          "Startup Cost": 353787.03,
          "Total Cost": 353787.64,
          "Plan Rows": 6,
          "Plan Width": 8,
          "Actual Startup Time": 994.929,
          "Actual Total Time": 1043.164,
          "Actual Rows": 7,
          "Actual Loops": 1,
          "Workers Planned": 6,
          "Workers Launched": 6,
          "Single Copy": false,
          "Plans": [
            {
              "Node Type": "Aggregate",
              "Strategy": "Plain",
              "Partial Mode": "Partial",
              "Parent Relationship": "Outer",
              "Parallel Aware": false,
              "Startup Cost": 352787.03,
              "Total Cost": 352787.04,
              "Plan Rows": 1,
              "Plan Width": 8,
              "Actual Startup Time": 985.783,
              "Actual Total Time": 985.784,
              "Actual Rows": 1,
              "Actual Loops": 7,
              "Plans": [
                {
                  "Node Type": "Seq Scan",
                  "Parent Relationship": "Outer",
                  "Parallel Aware": true,
                  "Relation Name": "cast_info",
                  "Alias": "ci",
                  "Startup Cost": 0.0,
                  "Total Cost": 343316.27,
                  "Plan Rows": 3788303,
                  "Plan Width": 0,
                  "Actual Startup Time": 270.011,
                  "Actual Total Time": 806.372,
                  "Actual Rows": 3315251,
                  "Actual Loops": 7,
                  "Filter": "((person_id > 131110) AND (role_id > 1))",
                  "Rows Removed by Filter": 1862513
                }
              ]
            }
          ]
        }
      ]
    },
    "Planning Time": 0.194,
    "Triggers": [],
    "Execution Time": 1043.255
  }
]