[
  {
    "Plan": {
      "Node Type": "Aggregate",
      "Strategy": "Plain",
      "Partial Mode": "Finalize",
      "Parallel Aware": false,
      "Startup Cost": 348069.13,
      "Total Cost": 348069.14,
      "Plan Rows": 1,
      "Plan Width": 8,
      "Actual Startup Time": 713.371,
      "Actual Total Time": 764.61,
      "Actual Rows": 1,
      "Actual Loops": 1,
      "Plans": [
        {
          "Node Type": "Gather",
          "Parent Relationship": "Outer",
          "Parallel Aware": false,
          "Startup Cost": 348068.51,
          "Total Cost": 348069.11,
          "Plan Rows": 6,
          "Plan Width": 8,
          "Actual Startup Time": 713.154,
          "Actual Total Time": 764.594,
          "Actual Rows": 7,
          "Actual Loops": 1,
          "Workers Planned": 6,
          "Workers Launched": 6,
          "Single Copy": false,
          "Plans": [
            {
              "Node Type": "Aggregate",
              "Strategy": "Plain",
              "Partial Mode": "Partial",
              "Parent Relationship": "Outer",
              "Parallel Aware": false,
              "Startup Cost": 347068.51,
              "Total Cost": 347068.52,
              "Plan Rows": 1,
              "Plan Width": 8,
              "Actual Startup Time": 703.349,
              "Actual Total Time": 703.35,
              "Actual Rows": 1,
              "Actual Loops": 7,
              "Plans": [
                {
                  "Node Type": "Seq Scan",
                  "Parent Relationship": "Outer",
                  "Parallel Aware": true,
                  "Relation Name": "cast_info",
                  "Alias": "ci",
                  "Startup Cost": 0.0,
                  "Total Cost": 343316.27,
                  "Plan Rows": 1500894,
                  "Plan Width": 0,
                  "Actual Startup Time": 248.767,
                  "Actual Total Time": 675.896,
                  "Actual Rows": 555026,
                  "Actual Loops": 7,
                  "Filter": "((person_id < 1380422) AND (role_id > 1))",
                  "Rows Removed by Filter": 4622738
                }
              ]
            }
          ]
        }
      ]
    },
    "Planning Time": 0.1,
    "Triggers": [],
    "Execution Time": 764.651
  }
]