[
  {
    "Plan": {
      "Node Type": "Aggregate",
      "Strategy": "Plain",
      "Partial Mode": "Finalize",
      "Parallel Aware": false,
      "Startup Cost": 103301.15,
      "Total Cost": 103301.16,
      "Plan Rows": 1,
      "Plan Width": 8,
      "Actual Startup Time": 894.6,
      "Actual Total Time": 916.068,
      "Actual Rows": 1,
      "Actual Loops": 1,
      "Plans": [
        {
          "Node Type": "Gather",
          "Parent Relationship": "Outer",
          "Parallel Aware": false,
          "Startup Cost": 103300.93,
          "Total Cost": 103301.14,
          "Plan Rows": 2,
          "Plan Width": 8,
          "Actual Startup Time": 882.985,
          "Actual Total Time": 916.057,
          "Actual Rows": 3,
          "Actual Loops": 1,
          "Workers Planned": 2,
          "Workers Launched": 2,
          "Single Copy": false,
          "Plans": [
            {
              "Node Type": "Aggregate",
              "Strategy": "Plain",
              "Partial Mode": "Partial",
              "Parent Relationship": "Outer",
              "Parallel Aware": false,
              "Startup Cost": 102300.93,
              "Total Cost": 102300.94,
              "Plan Rows": 1,
              "Plan Width": 8,
              "Actual Startup Time": 872.619,
              "Actual Total Time": 872.973,
              "Actual Rows": 1,
              "Actual Loops": 3,
              "Plans": [
                {
                  "Node Type": "Hash Join",
                  "Parent Relationship": "Outer",
                  "Parallel Aware": true,
                  "Join Type": "Inner",
                  "Startup Cost": 84908.47,
                  "Total Cost": 101623.73,
                  "Plan Rows": 270880,
                  "Plan Width": 0,
                  "Actual Startup Time": 706.891,
                  "Actual Total Time": 850.622,
                  "Actual Rows": 546942,
                  "Actual Loops": 3,
                  "Inner Unique": false,
                  "Hash Cond": "(mi_idx.movie_id = t.id)",
                  "Plans": [
                    {
                      "Node Type": "Seq Scan",
                      "Parent Relationship": "Outer",
                      "Parallel Aware": true,
                      "Relation Name": "movie_info_idx",
                      "Alias": "mi_idx",
                      "Startup Cost": 0.0,
                      "Total Cost": 13685.15,
                      "Plan Rows": 575015,
                      "Plan Width": 4,
                      "Actual Startup Time": 0.024,
                      "Actual Total Time": 37.585,
                      "Actual Rows": 460012,
                      "Actual Loops": 3
                    },
                    {
                      "Node Type": "Hash",
                      "Parent Relationship": "Inner",
                      "Parallel Aware": true,
                      "Startup Cost": 80105.66,
                      "Total Cost": 80105.66,
                      "Plan Rows": 384225,
                      "Plan Width": 8,
                      "Actual Startup Time": 696.547,
                      "Actual Total Time": 696.9,
                      "Actual Rows": 329682,
                      "Actual Loops": 3,
                      "Hash Buckets": 2097152,
                      "Original Hash Buckets": 2097152,
                      "Hash Batches": 1,
                      "Original Hash Batches": 1,
                      "Peak Memory Usage": 55104,
                      "Plans": [
                        {
                          "Node Type": "Hash Join",
                          "Parent Relationship": "Outer",
                          "Parallel Aware": true,
                          "Join Type": "Inner",
                          "Startup Cost": 49326.62,
                          "Total Cost": 80105.66,
                          "Plan Rows": 384225,
                          "Plan Width": 8,
                          "Actual Startup Time": 328.849,
                          "Actual Total Time": 594.445,
                          "Actual Rows": 329682,
                          "Actual Loops": 3,
                          "Inner Unique": true,
                          "Hash Cond": "(mc.movie_id = t.id)",
                          "Plans": [
                            {
                              "Node Type": "Seq Scan",
                              "Parent Relationship": "Outer",
                              "Parallel Aware": true,
                              "Relation Name": "movie_companies",
                              "Alias": "mc",
                              "Startup Cost": 0.0,
                              "Total Cost": 29310.68,
                              "Plan Rows": 559373,
                              "Plan Width": 4,
                              "Actual Startup Time": 0.857,
                              "Actual Total Time": 88.962,
                              "Actual Rows": 578167,
                              "Actual Loops": 3,
                              "Filter": "(company_id > 2561)",
                              "Rows Removed by Filter": 291542
                            },
                            {
                              "Node Type": "Hash",
                              "Parent Relationship": "Inner",
                              "Parallel Aware": true,
                              "Startup Cost": 43899.32,
                              "Total Cost": 43899.32,
                              "Plan Rows": 434184,
                              "Plan Width": 4,
                              "Actual Startup Time": 322.886,
                              "Actual Total Time": 322.887,
                              "Actual Rows": 575078,
                              "Actual Loops": 3,
                              "Hash Buckets": 2097152,
                              "Original Hash Buckets": 2097152,
                              "Hash Batches": 1,
                              "Original Hash Batches": 1,
                              "Peak Memory Usage": 83936,
                              "Plans": [
                                {
                                  "Node Type": "Seq Scan",
                                  "Parent Relationship": "Outer",
                                  "Parallel Aware": true,
                                  "Relation Name": "title",
                                  "Alias": "t",
                                  "Startup Cost": 0.0,
                                  "Total Cost": 43899.32,
                                  "Plan Rows": 434184,
                                  "Plan Width": 4,
                                  "Actual Startup Time": 0.049,
                                  "Actual Total Time": 133.414,
                                  "Actual Rows": 575078,
                                  "Actual Loops": 3,
                                  "Filter": "(production_year > 1991)",
                                  "Rows Removed by Filter": 267693
                                }
                              ]
                            }
                          ]
                        }
                      ]
                    }
                  ]
                }
              ]
            }
          ]
        }
      ]
    },
    "Planning Time": 1.367,
    "Triggers": [],
    "Execution Time": 916.146
  }
]