{
  "Plan": {
    "Node Type": "Aggregate",
    "Strategy": "Plain",
    "Partial Mode": "Simple",
    "Parallel Aware": false,
    "Startup Cost": 408376.15,
    "Total Cost": 408376.16,
    "Plan Rows": 1,
    "Plan Width": 64,
    "Actual Startup Time": 1693.155,
    "Actual Total Time": 1737.866,
    "Actual Rows": 1,
    "Actual Loops": 1,
    "Plans": [
      {
        "Node Type": "Gather",
        "Parent Relationship": "Outer",
        "Parallel Aware": false,
        "Startup Cost": 403463.56,
        "Total Cost": 408376.14,
        "Plan Rows": 1,
        "Plan Width": 60,
        "Actual Startup Time": 1669.484,
        "Actual Total Time": 1737.845,
        "Actual Rows": 10,
        "Actual Loops": 1,
        "Workers Planned": 1,
        "Workers Launched": 1,
        "Single Copy": false,
        "Plans": [
          {
            "Node Type": "Hash Join",
            "Parent Relationship": "Outer",
            "Parallel Aware": false,
            "Join Type": "Inner",
            "Startup Cost": 402463.56,
            "Total Cost": 407376.04,
            "Plan Rows": 1,
            "Plan Width": 60,
            "Actual Startup Time": 1668.305,
            "Actual Total Time": 1685.711,
            "Actual Rows": 5,
            "Actual Loops": 2,
            "Inner Unique": true,
            "Hash Cond": "(mi.info_type_id = it1.id)",
            "Plans": [
              {
                "Node Type": "Hash Join",
                "Parent Relationship": "Outer",
                "Parallel Aware": true,
                "Join Type": "Inner",
                "Startup Cost": 402461.13,
                "Total Cost": 407373.62,
                "Plan Rows": 1,
                "Plan Width": 64,
                "Actual Startup Time": 1667.729,
                "Actual Total Time": 1685.097,
                "Actual Rows": 605,
                "Actual Loops": 2,
                "Inner Unique": false,
                "Hash Cond": "(cn.id = mc.company_id)",
                "Plans": [
                  {
                    "Node Type": "Seq Scan",
                    "Parent Relationship": "Outer",
                    "Parallel Aware": true,
                    "Relation Name": "company_name",
                    "Alias": "cn",
                    "Startup Cost": 0.0,
                    "Total Cost": 4722.92,
                    "Plan Rows": 50548,
                    "Plan Width": 4,
                    "Actual Startup Time": 0.066,
                    "Actual Total Time": 19.861,
                    "Actual Rows": 42422,
                    "Actual Loops": 2,
                    "Filter": "((country_code)::text = '[us]'::text)",
                    "Rows Removed by Filter": 75077
                  },
                  {
                    "Node Type": "Hash",
                    "Parent Relationship": "Inner",
                    "Parallel Aware": true,
                    "Startup Cost": 402461.11,
                    "Total Cost": 402461.11,
                    "Plan Rows": 2,
                    "Plan Width": 68,
                    "Actual Startup Time": 1659.765,
                    "Actual Total Time": 1659.779,
                    "Actual Rows": 2480,
                    "Actual Loops": 2,
                    "Hash Buckets": 8192,
                    "Original Hash Buckets": 1024,
                    "Hash Batches": 1,
                    "Original Hash Batches": 1,
                    "Peak Memory Usage": 760,
                    "Plans": [
                      {
                        "Node Type": "Hash Join",
                        "Parent Relationship": "Outer",
                        "Parallel Aware": false,
                        "Join Type": "Inner",
                        "Startup Cost": 362567.82,
                        "Total Cost": 402461.11,
                        "Plan Rows": 2,
                        "Plan Width": 68,
                        "Actual Startup Time": 1403.669,
                        "Actual Total Time": 1533.611,
                        "Actual Rows": 2480,
                        "Actual Loops": 2,
                        "Inner Unique": true,
                        "Hash Cond": "(mc.company_type_id = ct.id)",
                        "Plans": [
                          {
                            "Node Type": "Hash Join",
                            "Parent Relationship": "Outer",
                            "Parallel Aware": true,
                            "Join Type": "Inner",
                            "Startup Cost": 362566.73,
                            "Total Cost": 402460.0,
                            "Plan Rows": 4,
                            "Plan Width": 72,
                            "Actual Startup Time": 1403.581,
                            "Actual Total Time": 1532.602,
                            "Actual Rows": 2480,
                            "Actual Loops": 2,
                            "Inner Unique": false,
                            "Hash Cond": "(mc.movie_id = t.id)",
                            "Plans": [
                              {
                                "Node Type": "Seq Scan",
                                "Parent Relationship": "Outer",
                                "Parallel Aware": true,
                                "Relation Name": "movie_companies",
                                "Alias": "mc",
                                "Startup Cost": 0.0,
                                "Total Cost": 34137.82,
                                "Plan Rows": 1534782,
                                "Plan Width": 12,
                                "Actual Startup Time": 0.013,
                                "Actual Total Time": 87.1,
                                "Actual Rows": 1304564,
                                "Actual Loops": 2
                              },
                              {
                                "Node Type": "Hash",
                                "Parent Relationship": "Inner",
                                "Parallel Aware": true,
                                "Startup Cost": 362566.68,
                                "Total Cost": 362566.68,
                                "Plan Rows": 4,
                                "Plan Width": 76,
                                "Actual Startup Time": 1365.898,
                                "Actual Total Time": 1365.908,
                                "Actual Rows": 110,
                                "Actual Loops": 2,
                                "Hash Buckets": 1024,
                                "Original Hash Buckets": 1024,
                                "Hash Batches": 1,
                                "Original Hash Batches": 1,
                                "Peak Memory Usage": 72,
                                "Plans": [
                                  {
                                    "Node Type": "Hash Join",
                                    "Parent Relationship": "Outer",
                                    "Parallel Aware": true,
                                    "Join Type": "Inner",
                                    "Startup Cost": 80313.68,
                                    "Total Cost": 362566.68,
                                    "Plan Rows": 4,
                                    "Plan Width": 76,
                                    "Actual Startup Time": 328.172,
                                    "Actual Total Time": 1365.816,
                                    "Actual Rows": 110,
                                    "Actual Loops": 2,
                                    "Inner Unique": false,
                                    "Hash Cond": "(mi.movie_id = t.id)",
                                    "Plans": [
                                      {
                                        "Node Type": "Seq Scan",
                                        "Parent Relationship": "Outer",
                                        "Parallel Aware": true,
                                        "Relation Name": "movie_info",
                                        "Alias": "mi",
                                        "Startup Cost": 0.0,
                                        "Total Cost": 249454.8,
                                        "Plan Rows": 8746180,
                                        "Plan Width": 51,
                                        "Actual Startup Time": 0.019,
                                        "Actual Total Time": 620.513,
                                        "Actual Rows": 7417860,
                                        "Actual Loops": 2
                                      },
                                      {
                                        "Node Type": "Hash",
                                        "Parent Relationship": "Inner",
                                        "Parallel Aware": true,
                                        "Startup Cost": 80313.66,
                                        "Total Cost": 80313.66,
                                        "Plan Rows": 1,
                                        "Plan Width": 25,
                                        "Actual Startup Time": 305.124,
                                        "Actual Total Time": 305.132,
                                        "Actual Rows": 1,
                                        "Actual Loops": 2,
                                        "Hash Buckets": 1024,
                                        "Original Hash Buckets": 1024,
                                        "Hash Batches": 1,
                                        "Original Hash Batches": 1,
                                        "Peak Memory Usage": 40,
                                        "Plans": [
                                          {
                                            "Node Type": "Hash Join",
                                            "Parent Relationship": "Outer",
                                            "Parallel Aware": true,
                                            "Join Type": "Inner",
                                            "Startup Cost": 62031.09,
                                            "Total Cost": 80313.66,
                                            "Plan Rows": 1,
                                            "Plan Width": 25,
                                            "Actual Startup Time": 305.048,
                                            "Actual Total Time": 305.062,
                                            "Actual Rows": 1,
                                            "Actual Loops": 2,
                                            "Inner Unique": true,
                                            "Hash Cond": "(mi_idx.movie_id = t.id)",
                                            "Plans": [
                                              {
                                                "Node Type": "Hash Join",
                                                "Parent Relationship": "Outer",
                                                "Parallel Aware": false,
                                                "Join Type": "Inner",
                                                "Startup Cost": 2.43,
                                                "Total Cost": 18266.14,
                                                "Plan Rows": 7184,
                                                "Plan Width": 4,
                                                "Actual Startup Time": 101.936,
                                                "Actual Total Time": 101.941,
                                                "Actual Rows": 5,
                                                "Actual Loops": 2,
                                                "Inner Unique": true,
                                                "Hash Cond": "(mi_idx.info_type_id = it2.id)",
                                                "Plans": [
                                                  {
                                                    "Node Type": "Seq Scan",
                                                    "Parent Relationship": "Outer",
                                                    "Parallel Aware": true,
                                                    "Relation Name": "movie_info_idx",
                                                    "Alias": "mi_idx",
                                                    "Startup Cost": 0.0,
                                                    "Total Cost": 16052.85,
                                                    "Plan Rows": 811785,
                                                    "Plan Width": 8,
                                                    "Actual Startup Time": 0.018,
                                                    "Actual Total Time": 54.051,
                                                    "Actual Rows": 690018,
                                                    "Actual Loops": 2
                                                  },
                                                  {
                                                    "Node Type": "Hash",
                                                    "Parent Relationship": "Inner",
                                                    "Parallel Aware": false,
                                                    "Startup Cost": 2.41,
                                                    "Total Cost": 2.41,
                                                    "Plan Rows": 1,
                                                    "Plan Width": 4,
                                                    "Actual Startup Time": 0.026,
                                                    "Actual Total Time": 0.027,
                                                    "Actual Rows": 1,
                                                    "Actual Loops": 2,
                                                    "Hash Buckets": 1024,
                                                    "Original Hash Buckets": 1024,
                                                    "Hash Batches": 1,
                                                    "Original Hash Batches": 1,
                                                    "Peak Memory Usage": 9,
                                                    "Plans": [
                                                      {
                                                        "Node Type": "Seq Scan",
                                                        "Parent Relationship": "Outer",
                                                        "Parallel Aware": false,
                                                        "Relation Name": "info_type",
                                                        "Alias": "it2",
                                                        "Startup Cost": 0.0,
                                                        "Total Cost": 2.41,
                                                        "Plan Rows": 1,
                                                        "Plan Width": 4,
                                                        "Actual Startup Time": 0.022,
                                                        "Actual Total Time": 0.023,
                                                        "Actual Rows": 1,
                                                        "Actual Loops": 2,
                                                        "Filter": "((info)::text = 'bottom 10 rank'::text)",
                                                        "Rows Removed by Filter": 112
                                                      }
                                                    ]
                                                  }
                                                ]
                                              },
                                              {
                                                "Node Type": "Hash",
                                                "Parent Relationship": "Inner",
                                                "Parallel Aware": true,
                                                "Startup Cost": 62026.77,
                                                "Total Cost": 62026.77,
                                                "Plan Rows": 152,
                                                "Plan Width": 21,
                                                "Actual Startup Time": 203.065,
                                                "Actual Total Time": 203.066,
                                                "Actual Rows": 1268,
                                                "Actual Loops": 2,
                                                "Hash Buckets": 2048,
                                                "Original Hash Buckets": 1024,
                                                "Hash Batches": 1,
                                                "Original Hash Batches": 1,
                                                "Peak Memory Usage": 216,
                                                "Plans": [
                                                  {
                                                    "Node Type": "Seq Scan",
                                                    "Parent Relationship": "Outer",
                                                    "Parallel Aware": true,
                                                    "Relation Name": "title",
                                                    "Alias": "t",
                                                    "Startup Cost": 0.0,
                                                    "Total Cost": 62026.77,
                                                    "Plan Rows": 152,
                                                    "Plan Width": 21,
                                                    "Actual Startup Time": 1.483,
                                                    "Actual Total Time": 197.762,
                                                    "Actual Rows": 1268,
                                                    "Actual Loops": 2,
                                                    "Filter": "((production_year > 2000) AND ((title ~~ 'Birdemic%'::text) OR (title ~~ '%Movie%'::text)))",
                                                    "Rows Removed by Filter": 1262888
                                                  }
                                                ]
                                              }
                                            ]
                                          }
                                        ]
                                      }
                                    ]
                                  }
                                ]
                              }
                            ]
                          },
                          {
                            "Node Type": "Hash",
                            "Parent Relationship": "Inner",
                            "Parallel Aware": false,
                            "Startup Cost": 1.06,
                            "Total Cost": 1.06,
                            "Plan Rows": 2,
                            "Plan Width": 4,
                            "Actual Startup Time": 0.05,
                            "Actual Total Time": 0.051,
                            "Actual Rows": 2,
                            "Actual Loops": 2,
                            "Hash Buckets": 1024,
                            "Original Hash Buckets": 1024,
                            "Hash Batches": 1,
                            "Original Hash Batches": 1,
                            "Peak Memory Usage": 9,
                            "Plans": [
                              {
                                "Node Type": "Seq Scan",
                                "Parent Relationship": "Outer",
                                "Parallel Aware": false,
                                "Relation Name": "company_type",
                                "Alias": "ct",
                                "Startup Cost": 0.0,
                                "Total Cost": 1.06,
                                "Plan Rows": 2,
                                "Plan Width": 4,
                                "Actual Startup Time": 0.038,
                                "Actual Total Time": 0.042,
                                "Actual Rows": 2,
                                "Actual Loops": 2,
                                "Filter": "((kind IS NOT NULL) AND (((kind)::text = 'production companies'::text) OR ((kind)::text = 'distributors'::text)))",
                                "Rows Removed by Filter": 2
                              }
                            ]
                          }
                        ]
                      }
                    ]
                  }
                ]
              },
              {
                "Node Type": "Hash",
                "Parent Relationship": "Inner",
                "Parallel Aware": false,
                "Startup Cost": 2.41,
                "Total Cost": 2.41,
                "Plan Rows": 1,
                "Plan Width": 4,
                "Actual Startup Time": 0.097,
                "Actual Total Time": 0.107,
                "Actual Rows": 1,
                "Actual Loops": 2,
                "Hash Buckets": 1024,
                "Original Hash Buckets": 1024,
                "Hash Batches": 1,
                "Original Hash Batches": 1,
                "Peak Memory Usage": 9,
                "Plans": [
                  {
                    "Node Type": "Seq Scan",
                    "Parent Relationship": "Outer",
                    "Parallel Aware": false,
                    "Relation Name": "info_type",
                    "Alias": "it1",
                    "Startup Cost": 0.0,
                    "Total Cost": 2.41,
                    "Plan Rows": 1,
                    "Plan Width": 4,
                    "Actual Startup Time": 0.07,
                    "Actual Total Time": 0.083,
                    "Actual Rows": 1,
                    "Actual Loops": 2,
                    "Filter": "((info)::text = 'budget'::text)",
                    "Rows Removed by Filter": 112
                  }
                ]
              }
            ]
          }
        ]
      }
    ]
  },
  "Planning Time": 1.664,
  "Triggers": [],
  "Execution Time": 1738.043
}