[
    {
        "Bao": {
            "Bao prediction": "NaN",
            "Bao recommended hint": "(no hint)"
        }
    },
    {
        "Plan": {
            "Node Type": "Aggregate",
            "Strategy": "Plain",
            "Partial Mode": "Finalize",
            "Parallel Aware": false,
            "Startup Cost": 334780.86,
            "Total Cost": 334780.87,
            "Plan Rows": 1,
            "Plan Width": 8,
            "Actual Startup Time": 749.47,
            "Actual Total Time": 778.937,
            "Actual Rows": 1,
            "Actual Loops": 1,
            "Output": [
                "count(*)"
            ],
            "Plans": [
                {
                    "Node Type": "Gather",
                    "Parent Relationship": "Outer",
                    "Parallel Aware": false,
                    "Startup Cost": 334780.24,
                    "Total Cost": 334780.85,
                    "Plan Rows": 6,
                    "Plan Width": 8,
                    "Actual Startup Time": 749.334,
                    "Actual Total Time": 778.927,
                    "Actual Rows": 7,
                    "Actual Loops": 1,
                    "Output": [
                        "(PARTIAL count(*))"
                    ],
                    "Workers Planned": 6,
                    "Workers Launched": 6,
                    "Single Copy": false,
                    "Plans": [
                        {
                            "Node Type": "Aggregate",
                            "Strategy": "Plain",
                            "Partial Mode": "Partial",
                            "Parent Relationship": "Outer",
                            "Parallel Aware": false,
                            "Startup Cost": 333780.24,
                            "Total Cost": 333780.25,
                            "Plan Rows": 1,
                            "Plan Width": 8,
                            "Actual Startup Time": 740.073,
                            "Actual Total Time": 740.074,
                            "Actual Rows": 1,
                            "Actual Loops": 7,
                            "Output": [
                                "PARTIAL count(*)"
                            ],
                            "Workers": [
                                {
                                    "Worker Number": 0,
                                    "Actual Startup Time": 737.298,
                                    "Actual Total Time": 737.299,
                                    "Actual Rows": 1,
                                    "Actual Loops": 1
                                },
                                {
                                    "Worker Number": 1,
                                    "Actual Startup Time": 737.619,
                                    "Actual Total Time": 737.621,
                                    "Actual Rows": 1,
                                    "Actual Loops": 1
                                },
                                {
                                    "Worker Number": 2,
                                    "Actual Startup Time": 741.272,
                                    "Actual Total Time": 741.273,
                                    "Actual Rows": 1,
                                    "Actual Loops": 1
                                },
                                {
                                    "Worker Number": 3,
                                    "Actual Startup Time": 738.281,
                                    "Actual Total Time": 738.282,
                                    "Actual Rows": 1,
                                    "Actual Loops": 1
                                },
                                {
                                    "Worker Number": 4,
                                    "Actual Startup Time": 738.345,
                                    "Actual Total Time": 738.346,
                                    "Actual Rows": 1,
                                    "Actual Loops": 1
                                },
                                {
                                    "Worker Number": 5,
                                    "Actual Startup Time": 739.032,
                                    "Actual Total Time": 739.033,
                                    "Actual Rows": 1,
                                    "Actual Loops": 1
                                }
                            ],
                            "Plans": [
                                {
                                    "Node Type": "Seq Scan",
                                    "Parent Relationship": "Outer",
                                    "Parallel Aware": true,
                                    "Relation Name": "cast_info",
                                    "Schema": "public",
                                    "Alias": "ci",
                                    "Startup Cost": 0.0,
                                    "Total Cost": 328213.62,
                                    "Plan Rows": 2226648,
                                    "Plan Width": 0,
                                    "Actual Startup Time": 277.187,
                                    "Actual Total Time": 634.372,
                                    "Actual Rows": 1924347,
                                    "Actual Loops": 7,
                                    "Output": [
                                        "id",
                                        "person_id",
                                        "movie_id",
                                        "person_role_id",
                                        "note",
                                        "nr_order",
                                        "role_id"
                                    ],
                                    "Filter": "(ci.person_id > 2325291)",
                                    "Rows Removed by Filter": 3253417,
                                    "Workers": [
                                        {
                                            "Worker Number": 0,
                                            "Actual Startup Time": 274.413,
                                            "Actual Total Time": 633.249,
                                            "Actual Rows": 1569627,
                                            "Actual Loops": 1
                                        },
                                        {
                                            "Worker Number": 1,
                                            "Actual Startup Time": 274.738,
                                            "Actual Total Time": 636.027,
                                            "Actual Rows": 1534947,
                                            "Actual Loops": 1
                                        },
                                        {
                                            "Worker Number": 2,
                                            "Actual Startup Time": 278.378,
                                            "Actual Total Time": 637.478,
                                            "Actual Rows": 1572895,
                                            "Actual Loops": 1
                                        },
                                        {
                                            "Worker Number": 3,
                                            "Actual Startup Time": 275.405,
                                            "Actual Total Time": 636.283,
                                            "Actual Rows": 1542991,
                                            "Actual Loops": 1
                                        },
                                        {
                                            "Worker Number": 4,
                                            "Actual Startup Time": 275.46,
                                            "Actual Total Time": 636.116,
                                            "Actual Rows": 1531113,
                                            "Actual Loops": 1
                                        },
                                        {
                                            "Worker Number": 5,
                                            "Actual Startup Time": 276.14,
                                            "Actual Total Time": 633.96,
                                            "Actual Rows": 2541333,
                                            "Actual Loops": 1
                                        }
                                    ]
                                }
                            ]
                        }
                    ]
                }
            ]
        },
        "Planning Time": 215.929,
        "Triggers": [],
        "Execution Time": 779.023
    }
]