[
  {
    "Plan": {
      "Node Type": "Aggregate",
      "Strategy": "Plain",
      "Partial Mode": "Finalize",
      "Parallel Aware": false,
      "Startup Cost": 95073.95,
      "Total Cost": 95073.96,
      "Plan Rows": 1,
      "Plan Width": 8,
      "Actual Startup Time": 718.834,
      "Actual Total Time": 737.549,
      "Actual Rows": 1,
      "Actual Loops": 1,
      "Plans": [
        {
          "Node Type": "Gather",
          "Parent Relationship": "Outer",
          "Parallel Aware": false,
          "Startup Cost": 95073.74,
          "Total Cost": 95073.95,
          "Plan Rows": 2,
          "Plan Width": 8,
          "Actual Startup Time": 713.659,
          "Actual Total Time": 737.542,
          "Actual Rows": 3,
          "Actual Loops": 1,
          "Workers Planned": 2,
          "Workers Launched": 2,
          "Single Copy": false,
          "Plans": [
            {
              "Node Type": "Aggregate",
              "Strategy": "Plain",
              "Partial Mode": "Partial",
              "Parent Relationship": "Outer",
              "Parallel Aware": false,
              "Startup Cost": 94073.74,
              "Total Cost": 94073.75,
              "Plan Rows": 1,
              "Plan Width": 8,
              "Actual Startup Time": 705.006,
              "Actual Total Time": 705.012,
              "Actual Rows": 1,
              "Actual Loops": 3,
              "Plans": [
                {
                  "Node Type": "Hash Join",
                  "Parent Relationship": "Outer",
                  "Parallel Aware": true,
                  "Join Type": "Inner",
                  "Startup Cost": 77966.87,
                  "Total Cost": 93957.85,
                  "Plan Rows": 46355,
                  "Plan Width": 0,
                  "Actual Startup Time": 577.599,
                  "Actual Total Time": 687.389,
                  "Actual Rows": 340253,
                  "Actual Loops": 3,
                  "Inner Unique": false,
                  "Hash Cond": "(mi_idx.movie_id = t.id)",
                  "Plans": [
                    {
                      "Node Type": "Seq Scan",
                      "Parent Relationship": "Outer",
                      "Parallel Aware": true,
                      "Relation Name": "movie_info_idx",
                      "Alias": "mi_idx",
                      "Startup Cost": 0.0,
                      "Total Cost": 13685.15,
                      "Plan Rows": 575015,
                      "Plan Width": 4,
                      "Actual Startup Time": 0.038,
                      "Actual Total Time": 44.437,
                      "Actual Rows": 460012,
                      "Actual Loops": 3
                    },
                    {
                      "Node Type": "Hash",
                      "Parent Relationship": "Inner",
                      "Parallel Aware": true,
                      "Startup Cost": 77145.02,
                      "Total Cost": 77145.02,
                      "Plan Rows": 65748,
                      "Plan Width": 8,
                      "Actual Startup Time": 528.819,
                      "Actual Total Time": 528.823,
                      "Actual Rows": 226767,
                      "Actual Loops": 3,
                      "Hash Buckets": 1048576,
                      "Original Hash Buckets": 262144,
                      "Hash Batches": 1,
                      "Original Hash Batches": 1,
                      "Peak Memory Usage": 40992,
                      "Plans": [
                        {
                          "Node Type": "Hash Join",
                          "Parent Relationship": "Outer",
                          "Parallel Aware": true,
                          "Join Type": "Inner",
                          "Startup Cost": 46504.45,
                          "Total Cost": 77145.02,
                          "Plan Rows": 65748,
                          "Plan Width": 8,
                          "Actual Startup Time": 198.726,
                          "Actual Total Time": 435.133,
                          "Actual Rows": 226767,
                          "Actual Loops": 3,
                          "Inner Unique": true,
                          "Hash Cond": "(mc.movie_id = t.id)",
                          "Plans": [
                            {
                              "Node Type": "Seq Scan",
                              "Parent Relationship": "Outer",
                              "Parallel Aware": true,
                              "Relation Name": "movie_companies",
                              "Alias": "mc",
                              "Startup Cost": 0.0,
                              "Total Cost": 29310.68,
                              "Plan Rows": 506624,
                              "Plan Width": 4,
                              "Actual Startup Time": 4.322,
                              "Actual Total Time": 111.143,
                              "Actual Rows": 524310,
                              "Actual Loops": 3,
                              "Filter": "(company_id > 5867)",
                              "Rows Removed by Filter": 345400
                            },
                            {
                              "Node Type": "Hash",
                              "Parent Relationship": "Inner",
                              "Parallel Aware": true,
                              "Startup Cost": 45479.1,
                              "Total Cost": 45479.1,
                              "Plan Rows": 82028,
                              "Plan Width": 4,
                              "Actual Startup Time": 179.867,
                              "Actual Total Time": 179.868,
                              "Actual Rows": 137174,
                              "Actual Loops": 3,
                              "Hash Buckets": 524288,
                              "Original Hash Buckets": 524288,
                              "Hash Batches": 1,
                              "Original Hash Batches": 1,
                              "Peak Memory Usage": 20256,
                              "Plans": [
                                {
                                  "Node Type": "Seq Scan",
                                  "Parent Relationship": "Outer",
                                  "Parallel Aware": true,
                                  "Relation Name": "title",
                                  "Alias": "t",
                                  "Startup Cost": 0.0,
                                  "Total Cost": 45479.1,
                                  "Plan Rows": 82028,
                                  "Plan Width": 4,
                                  "Actual Startup Time": 69.892,
                                  "Actual Total Time": 132.196,
                                  "Actual Rows": 137174,
                                  "Actual Loops": 3,
                                  "Filter": "((kind_id < 2) AND (production_year < 2004))",
                                  "Rows Removed by Filter": 705597
                                }
                              ]
                            }
                          ]
                        }
                      ]
                    }
                  ]
                }
              ]
            }
          ]
        }
      ]
    },
    "Planning Time": 1.435,
    "Triggers": [],
    "Execution Time": 737.679
  }
]