[
  {
    "Plan": {
      "Node Type": "Aggregate",
      "Strategy": "Plain",
      "Partial Mode": "Finalize",
      "Parallel Aware": false,
      "Startup Cost": 44280.43,
      "Total Cost": 44280.44,
      "Plan Rows": 1,
      "Plan Width": 8,
      "Actual Startup Time": 99.342,
      "Actual Total Time": 114.083,
      "Actual Rows": 1,
      "Actual Loops": 1,
      "Plans": [
        {
          "Node Type": "Gather",
          "Parent Relationship": "Outer",
          "Parallel Aware": false,
          "Startup Cost": 44280.11,
          "Total Cost": 44280.42,
          "Plan Rows": 3,
          "Plan Width": 8,
          "Actual Startup Time": 99.17,
          "Actual Total Time": 114.07,
          "Actual Rows": 4,
          "Actual Loops": 1,
          "Workers Planned": 3,
          "Workers Launched": 3,
          "Single Copy": false,
          "Plans": [
            {
              "Node Type": "Aggregate",
              "Strategy": "Plain",
              "Partial Mode": "Partial",
              "Parent Relationship": "Outer",
              "Parallel Aware": false,
              "Startup Cost": 43280.11,
              "Total Cost": 43280.12,
              "Plan Rows": 1,
              "Plan Width": 8,
              "Actual Startup Time": 95.768,
              "Actual Total Time": 95.769,
              "Actual Rows": 1,
              "Actual Loops": 4,
              "Plans": [
                {
                  "Node Type": "Seq Scan",
                  "Parent Relationship": "Outer",
                  "Parallel Aware": true,
                  "Relation Name": "movie_keyword",
                  "Alias": "mk",
                  "Startup Cost": 0.0,
                  "Total Cost": 42695.65,
                  "Plan Rows": 233784,
                  "Plan Width": 0,
                  "Actual Startup Time": 2.437,
                  "Actual Total Time": 87.945,
                  "Actual Rows": 179657,
                  "Actual Loops": 4,
                  "Filter": "(keyword_id > 26098)",
                  "Rows Removed by Filter": 951325
                }
              ]
            }
          ]
        }
      ]
    },
    "Planning Time": 0.189,
    "Triggers": [],
    "Execution Time": 114.137
  }
]