[
    {
        "Bao": {
            "Bao prediction": "NaN",
            "Bao recommended hint": "(no hint)"
        }
    },
    {
        "Plan": {
            "Node Type": "Aggregate",
            "Strategy": "Plain",
            "Partial Mode": "Finalize",
            "Parallel Aware": false,
            "Startup Cost": 28353.26,
            "Total Cost": 28353.27,
            "Plan Rows": 1,
            "Plan Width": 8,
            "Actual Startup Time": 57.631,
            "Actual Total Time": 61.23,
            "Actual Rows": 1,
            "Actual Loops": 1,
            "Output": [
                "count(*)"
            ],
            "Plans": [
                {
                    "Node Type": "Gather",
                    "Parent Relationship": "Outer",
                    "Parallel Aware": false,
                    "Startup Cost": 28352.94,
                    "Total Cost": 28353.25,
                    "Plan Rows": 3,
                    "Plan Width": 8,
                    "Actual Startup Time": 57.466,
                    "Actual Total Time": 61.224,
                    "Actual Rows": 4,
                    "Actual Loops": 1,
                    "Output": [
                        "(PARTIAL count(*))"
                    ],
                    "Workers Planned": 3,
                    "Workers Launched": 3,
                    "Single Copy": false,
                    "Plans": [
                        {
                            "Node Type": "Aggregate",
                            "Strategy": "Plain",
                            "Partial Mode": "Partial",
                            "Parent Relationship": "Outer",
                            "Parallel Aware": false,
                            "Startup Cost": 27352.94,
                            "Total Cost": 27352.95,
                            "Plan Rows": 1,
                            "Plan Width": 8,
                            "Actual Startup Time": 48.866,
                            "Actual Total Time": 48.867,
                            "Actual Rows": 1,
                            "Actual Loops": 4,
                            "Output": [
                                "PARTIAL count(*)"
                            ],
                            "Workers": [
                                {
                                    "Worker Number": 0,
                                    "Actual Startup Time": 45.786,
                                    "Actual Total Time": 45.788,
                                    "Actual Rows": 1,
                                    "Actual Loops": 1
                                },
                                {
                                    "Worker Number": 1,
                                    "Actual Startup Time": 46.099,
                                    "Actual Total Time": 46.1,
                                    "Actual Rows": 1,
                                    "Actual Loops": 1
                                },
                                {
                                    "Worker Number": 2,
                                    "Actual Startup Time": 46.393,
                                    "Actual Total Time": 46.395,
                                    "Actual Rows": 1,
                                    "Actual Loops": 1
                                }
                            ],
                            "Plans": [
                                {
                                    "Node Type": "Bitmap Heap Scan",
                                    "Parent Relationship": "Outer",
                                    "Parallel Aware": true,
                                    "Relation Name": "movie_companies",
                                    "Schema": "public",
                                    "Alias": "mc",
                                    "Startup Cost": 6885.53,
                                    "Total Cost": 27221.57,
                                    "Plan Rows": 52548,
                                    "Plan Width": 0,
                                    "Actual Startup Time": 9.867,
                                    "Actual Total Time": 43.16,
                                    "Actual Rows": 80359,
                                    "Actual Loops": 4,
                                    "Recheck Cond": "(mc.company_id > 91462)",
                                    "Rows Removed by Index Recheck": 0,
                                    "Filter": "(mc.company_type_id > 1)",
                                    "Rows Removed by Filter": 0,
                                    "Exact Heap Blocks": 2596,
                                    "Lossy Heap Blocks": 0,
                                    "Workers": [
                                        {
                                            "Worker Number": 0,
                                            "Actual Startup Time": 6.986,
                                            "Actual Total Time": 40.591,
                                            "Actual Rows": 51692,
                                            "Actual Loops": 1
                                        },
                                        {
                                            "Worker Number": 1,
                                            "Actual Startup Time": 7.093,
                                            "Actual Total Time": 40.849,
                                            "Actual Rows": 50638,
                                            "Actual Loops": 1
                                        },
                                        {
                                            "Worker Number": 2,
                                            "Actual Startup Time": 7.4,
                                            "Actual Total Time": 41.385,
                                            "Actual Rows": 44633,
                                            "Actual Loops": 1
                                        }
                                    ],
                                    "Plans": [
                                        {
                                            "Node Type": "Bitmap Index Scan",
                                            "Parent Relationship": "Outer",
                                            "Parallel Aware": false,
                                            "Index Name": "company_id_movie_companies",
                                            "Startup Cost": 0.0,
                                            "Total Cost": 6844.8,
                                            "Plan Rows": 319516,
                                            "Plan Width": 0,
                                            "Actual Startup Time": 17.318,
                                            "Actual Total Time": 17.318,
                                            "Actual Rows": 321436,
                                            "Actual Loops": 1,
                                            "Index Cond": "(mc.company_id > 91462)"
                                        }
                                    ]
                                }
                            ]
                        }
                    ]
                }
            ]
        },
        "Planning Time": 185.633,
        "Triggers": [],
        "Execution Time": 61.282
    }
]