[
  {
    "Plan": {
      "Node Type": "Aggregate",
      "Strategy": "Plain",
      "Partial Mode": "Finalize",
      "Parallel Aware": false,
      "Startup Cost": 375521.34,
      "Total Cost": 375521.35,
      "Plan Rows": 1,
      "Plan Width": 8,
      "Actual Startup Time": 417.21,
      "Actual Total Time": 436.952,
      "Actual Rows": 1,
      "Actual Loops": 1,
      "Plans": [
        {
          "Node Type": "Gather",
          "Parent Relationship": "Outer",
          "Parallel Aware": false,
          "Startup Cost": 375520.72,
          "Total Cost": 375521.33,
          "Plan Rows": 6,
          "Plan Width": 8,
          "Actual Startup Time": 409.717,
          "Actual Total Time": 436.943,
          "Actual Rows": 7,
          "Actual Loops": 1,
          "Workers Planned": 6,
          "Workers Launched": 6,
          "Single Copy": false,
          "Plans": [
            {
              "Node Type": "Aggregate",
              "Strategy": "Plain",
              "Partial Mode": "Partial",
              "Parent Relationship": "Outer",
              "Parallel Aware": false,
              "Startup Cost": 374520.72,
              "Total Cost": 374520.73,
              "Plan Rows": 1,
              "Plan Width": 8,
              "Actual Startup Time": 398.474,
              "Actual Total Time": 398.477,
              "Actual Rows": 1,
              "Actual Loops": 7,
              "Plans": [
                {
                  "Node Type": "Hash Join",
                  "Parent Relationship": "Outer",
                  "Parallel Aware": true,
                  "Join Type": "Inner",
                  "Startup Cost": 113614.88,
                  "Total Cost": 374351.58,
                  "Plan Rows": 67656,
                  "Plan Width": 0,
                  "Actual Startup Time": 335.789,
                  "Actual Total Time": 396.797,
                  "Actual Rows": 39155,
                  "Actual Loops": 7,
                  "Inner Unique": true,
                  "Hash Cond": "(ci.movie_id = t.id)",
                  "Plans": [
                    {
                      "Node Type": "Bitmap Heap Scan",
                      "Parent Relationship": "Outer",
                      "Parallel Aware": true,
                      "Relation Name": "cast_info",
                      "Alias": "ci",
                      "Startup Cost": 66617.76,
                      "Total Cost": 326901.55,
                      "Plan Rows": 172532,
                      "Plan Width": 4,
                      "Actual Startup Time": 192.788,
                      "Actual Total Time": 219.198,
                      "Actual Rows": 91046,
                      "Actual Loops": 7,
                      "Recheck Cond": "(person_id < 300818)",
                      "Rows Removed by Index Recheck": 0,
                      "Filter": "(role_id > 3)",
                      "Rows Removed by Filter": 352759,
                      "Exact Heap Blocks": 5623,
                      "Lossy Heap Blocks": 0,
                      "Plans": [
                        {
                          "Node Type": "Bitmap Index Scan",
                          "Parent Relationship": "Outer",
                          "Parallel Aware": false,
                          "Index Name": "person_id_cast_info",
                          "Startup Cost": 0.0,
                          "Total Cost": 66358.96,
                          "Plan Rows": 3038719,
                          "Plan Width": 0,
                          "Actual Startup Time": 110.353,
                          "Actual Total Time": 110.354,
                          "Actual Rows": 3106637,
                          "Actual Loops": 1,
                          "Index Cond": "(person_id < 300818)"
                        }
                      ]
                    },
                    {
                      "Node Type": "Hash",
                      "Parent Relationship": "Inner",
                      "Parallel Aware": true,
                      "Startup Cost": 43898.92,
                      "Total Cost": 43898.92,
                      "Plan Rows": 247857,
                      "Plan Width": 4,
                      "Actual Startup Time": 139.615,
                      "Actual Total Time": 139.616,
                      "Actual Rows": 140721,
                      "Actual Loops": 7,
                      "Hash Buckets": 1048576,
                      "Original Hash Buckets": 1048576,
                      "Hash Batches": 1,
                      "Original Hash Batches": 1,
                      "Peak Memory Usage": 46816,
                      "Plans": [
                        {
                          "Node Type": "Seq Scan",
                          "Parent Relationship": "Outer",
                          "Parallel Aware": true,
                          "Relation Name": "title",
                          "Alias": "t",
                          "Startup Cost": 0.0,
                          "Total Cost": 43898.92,
                          "Plan Rows": 247857,
                          "Plan Width": 4,
                          "Actual Startup Time": 0.045,
                          "Actual Total Time": 77.038,
                          "Actual Rows": 140721,
                          "Actual Loops": 7,
                          "Filter": "(kind_id < 7)",
                          "Rows Removed by Filter": 220466
                        }
                      ]
                    }
                  ]
                }
              ]
            }
          ]
        }
      ]
    },
    "Planning Time": 0.661,
    "Triggers": [],
    "Execution Time": 437.047
  }
]