[
    {
        "Bao": {
            "Bao prediction": "NaN",
            "Bao recommended hint": "(no hint)"
        }
    },
    {
        "Plan": {
            "Node Type": "Aggregate",
            "Strategy": "Plain",
            "Partial Mode": "Finalize",
            "Parallel Aware": false,
            "Startup Cost": 39270.43,
            "Total Cost": 39270.44,
            "Plan Rows": 1,
            "Plan Width": 8,
            "Actual Startup Time": 118.642,
            "Actual Total Time": 125.086,
            "Actual Rows": 1,
            "Actual Loops": 1,
            "Output": [
                "count(*)"
            ],
            "Plans": [
                {
                    "Node Type": "Gather",
                    "Parent Relationship": "Outer",
                    "Parallel Aware": false,
                    "Startup Cost": 39270.11,
                    "Total Cost": 39270.42,
                    "Plan Rows": 3,
                    "Plan Width": 8,
                    "Actual Startup Time": 118.366,
                    "Actual Total Time": 125.078,
                    "Actual Rows": 4,
                    "Actual Loops": 1,
                    "Output": [
                        "(PARTIAL count(*))"
                    ],
                    "Workers Planned": 3,
                    "Workers Launched": 3,
                    "Single Copy": false,
                    "Plans": [
                        {
                            "Node Type": "Aggregate",
                            "Strategy": "Plain",
                            "Partial Mode": "Partial",
                            "Parent Relationship": "Outer",
                            "Parallel Aware": false,
                            "Startup Cost": 38270.11,
                            "Total Cost": 38270.12,
                            "Plan Rows": 1,
                            "Plan Width": 8,
                            "Actual Startup Time": 111.255,
                            "Actual Total Time": 111.256,
                            "Actual Rows": 1,
                            "Actual Loops": 4,
                            "Output": [
                                "PARTIAL count(*)"
                            ],
                            "Workers": [
                                {
                                    "Worker Number": 0,
                                    "Actual Startup Time": 106.605,
                                    "Actual Total Time": 106.606,
                                    "Actual Rows": 1,
                                    "Actual Loops": 1
                                },
                                {
                                    "Worker Number": 1,
                                    "Actual Startup Time": 112.518,
                                    "Actual Total Time": 112.519,
                                    "Actual Rows": 1,
                                    "Actual Loops": 1
                                },
                                {
                                    "Worker Number": 2,
                                    "Actual Startup Time": 107.814,
                                    "Actual Total Time": 107.816,
                                    "Actual Rows": 1,
                                    "Actual Loops": 1
                                }
                            ],
                            "Plans": [
                                {
                                    "Node Type": "Bitmap Heap Scan",
                                    "Parent Relationship": "Outer",
                                    "Parallel Aware": true,
                                    "Relation Name": "movie_keyword",
                                    "Schema": "public",
                                    "Alias": "mk",
                                    "Startup Cost": 11250.19,
                                    "Total Cost": 37842.46,
                                    "Plan Rows": 171062,
                                    "Plan Width": 0,
                                    "Actual Startup Time": 32.441,
                                    "Actual Total Time": 103.825,
                                    "Actual Rows": 129738,
                                    "Actual Loops": 4,
                                    "Recheck Cond": "(mk.keyword_id > 34868)",
                                    "Rows Removed by Index Recheck": 0,
                                    "Exact Heap Blocks": 9985,
                                    "Lossy Heap Blocks": 0,
                                    "Workers": [
                                        {
                                            "Worker Number": 0,
                                            "Actual Startup Time": 27.967,
                                            "Actual Total Time": 100.004,
                                            "Actual Rows": 98140,
                                            "Actual Loops": 1
                                        },
                                        {
                                            "Worker Number": 1,
                                            "Actual Startup Time": 33.595,
                                            "Actual Total Time": 105.202,
                                            "Actual Rows": 93665,
                                            "Actual Loops": 1
                                        },
                                        {
                                            "Worker Number": 2,
                                            "Actual Startup Time": 29.151,
                                            "Actual Total Time": 101.062,
                                            "Actual Rows": 105194,
                                            "Actual Loops": 1
                                        }
                                    ],
                                    "Plans": [
                                        {
                                            "Node Type": "Bitmap Index Scan",
                                            "Parent Relationship": "Outer",
                                            "Parallel Aware": false,
                                            "Index Name": "keyword_id_movie_keyword",
                                            "Startup Cost": 0.0,
                                            "Total Cost": 11117.61,
                                            "Plan Rows": 530291,
                                            "Plan Width": 0,
                                            "Actual Startup Time": 35.668,
                                            "Actual Total Time": 35.669,
                                            "Actual Rows": 518952,
                                            "Actual Loops": 1,
                                            "Index Cond": "(mk.keyword_id > 34868)"
                                        }
                                    ]
                                }
                            ]
                        }
                    ]
                }
            ]
        },
        "Planning Time": 200.271,
        "Triggers": [],
        "Execution Time": 125.144
    }
]