{
  "Plan": {
    "Node Type": "Aggregate",
    "Strategy": "Plain",
    "Partial Mode": "Finalize",
    "Parallel Aware": false,
    "Startup Cost": 350937.32,
    "Total Cost": 350937.33,
    "Plan Rows": 1,
    "Plan Width": 8,
    "Actual Startup Time": 1265.399,
    "Actual Total Time": 1287.333,
    "Actual Rows": 1,
    "Actual Loops": 1,
    "Plans": [
      {
        "Node Type": "Gather",
        "Parent Relationship": "Outer",
        "Parallel Aware": false,
        "Startup Cost": 350937.2,
        "Total Cost": 350937.31,
        "Plan Rows": 1,
        "Plan Width": 8,
        "Actual Startup Time": 1242.845,
        "Actual Total Time": 1287.317,
        "Actual Rows": 2,
        "Actual Loops": 1,
        "Workers Planned": 1,
        "Workers Launched": 1,
        "Single Copy": false,
        "Plans": [
          {
            "Node Type": "Aggregate",
            "Strategy": "Plain",
            "Partial Mode": "Partial",
            "Parent Relationship": "Outer",
            "Parallel Aware": false,
            "Startup Cost": 349937.2,
            "Total Cost": 349937.21,
            "Plan Rows": 1,
            "Plan Width": 8,
            "Actual Startup Time": 1241.802,
            "Actual Total Time": 1241.813,
            "Actual Rows": 1,
            "Actual Loops": 2,
            "Plans": [
              {
                "Node Type": "Merge Join",
                "Parent Relationship": "Outer",
                "Parallel Aware": false,
                "Join Type": "Inner",
                "Startup Cost": 338468.94,
                "Total Cost": 349283.28,
                "Plan Rows": 261571,
                "Plan Width": 0,
                "Actual Startup Time": 1136.135,
                "Actual Total Time": 1237.952,
                "Actual Rows": 96698,
                "Actual Loops": 2,
                "Inner Unique": false,
                "Merge Cond": "(t.id = mc.movie_id)",
                "Plans": [
                  {
                    "Node Type": "Sort",
                    "Parent Relationship": "Outer",
                    "Parallel Aware": false,
                    "Startup Cost": 196096.74,
                    "Total Cost": 197879.8,
                    "Plan Rows": 713224,
                    "Plan Width": 8,
                    "Actual Startup Time": 776.704,
                    "Actual Total Time": 782.025,
                    "Actual Rows": 146677,
                    "Actual Loops": 2,
                    "Sort Key": [
                      "t.id"
                    ],
                    "Sort Method": "quicksort",
                    "Sort Space Used": 13548,
                    "Sort Space Type": "Memory",
                    "Workers": [
                      {
                        "Worker Number": 0,
                        "Sort Method": "quicksort",
                        "Sort Space Used": 12492,
                        "Sort Space Type": "Memory"
                      }
                    ],
                    "Plans": [
                      {
                        "Node Type": "Hash Join",
                        "Parent Relationship": "Outer",
                        "Parallel Aware": true,
                        "Join Type": "Inner",
                        "Startup Cost": 65984.91,
                        "Total Cost": 126757.12,
                        "Plan Rows": 713224,
                        "Plan Width": 8,
                        "Actual Startup Time": 415.65,
                        "Actual Total Time": 749.919,
                        "Actual Rows": 146678,
                        "Actual Loops": 2,
                        "Inner Unique": true,
                        "Hash Cond": "(mk.movie_id = t.id)",
                        "Plans": [
                          {
                            "Node Type": "Seq Scan",
                            "Parent Relationship": "Outer",
                            "Parallel Aware": true,
                            "Relation Name": "movie_keyword",
                            "Alias": "mk",
                            "Startup Cost": 0.0,
                            "Total Cost": 57718.19,
                            "Plan Rows": 1163435,
                            "Plan Width": 4,
                            "Actual Startup Time": 0.013,
                            "Actual Total Time": 190.795,
                            "Actual Rows": 994494,
                            "Actual Loops": 2,
                            "Filter": "(keyword_id < 3518)",
                            "Rows Removed by Filter": 1267472
                          },
                          {
                            "Node Type": "Hash",
                            "Parent Relationship": "Inner",
                            "Parallel Aware": true,
                            "Startup Cost": 54588.39,
                            "Total Cost": 54588.39,
                            "Plan Rows": 911722,
                            "Plan Width": 4,
                            "Actual Startup Time": 401.485,
                            "Actual Total Time": 401.488,
                            "Actual Rows": 777932,
                            "Actual Loops": 2,
                            "Hash Buckets": 2097152,
                            "Original Hash Buckets": 2097152,
                            "Hash Batches": 1,
                            "Original Hash Batches": 1,
                            "Peak Memory Usage": 77280,
                            "Plans": [
                              {
                                "Node Type": "Seq Scan",
                                "Parent Relationship": "Outer",
                                "Parallel Aware": true,
                                "Relation Name": "title",
                                "Alias": "t",
                                "Startup Cost": 0.0,
                                "Total Cost": 54588.39,
                                "Plan Rows": 911722,
                                "Plan Width": 4,
                                "Actual Startup Time": 0.029,
                                "Actual Total Time": 163.816,
                                "Actual Rows": 777932,
                                "Actual Loops": 2,
                                "Filter": "(kind_id > 4)",
                                "Rows Removed by Filter": 486224
                              }
                            ]
                          }
                        ]
                      }
                    ]
                  },
                  {
                    "Node Type": "Sort",
                    "Parent Relationship": "Inner",
                    "Parallel Aware": false,
                    "Startup Cost": 142372.12,
                    "Total Cost": 144690.21,
                    "Plan Rows": 927237,
                    "Plan Width": 4,
                    "Actual Startup Time": 359.413,
                    "Actual Total Time": 395.022,
                    "Actual Rows": 1013890,
                    "Actual Loops": 2,
                    "Sort Key": [
                      "mc.movie_id"
                    ],
                    "Sort Method": "quicksort",
                    "Sort Space Used": 68593,
                    "Sort Space Type": "Memory",
                    "Workers": [
                      {
                        "Worker Number": 0,
                        "Sort Method": "quicksort",
                        "Sort Space Used": 68593,
                        "Sort Space Type": "Memory"
                      }
                    ],
                    "Plans": [
                      {
                        "Node Type": "Bitmap Heap Scan",
                        "Parent Relationship": "Outer",
                        "Parallel Aware": false,
                        "Relation Name": "movie_companies",
                        "Alias": "mc",
                        "Startup Cost": 20090.52,
                        "Total Cost": 50470.98,
                        "Plan Rows": 927237,
                        "Plan Width": 4,
                        "Actual Startup Time": 49.728,
                        "Actual Total Time": 174.718,
                        "Actual Rows": 939016,
                        "Actual Loops": 2,
                        "Recheck Cond": "(company_id > 19076)",
                        "Rows Removed by Index Recheck": 0,
                        "Exact Heap Blocks": 14726,
                        "Lossy Heap Blocks": 0,
                        "Plans": [
                          {
                            "Node Type": "Bitmap Index Scan",
                            "Parent Relationship": "Outer",
                            "Parallel Aware": false,
                            "Index Name": "company_id_movie_companies",
                            "Startup Cost": 0.0,
                            "Total Cost": 19858.71,
                            "Plan Rows": 927237,
                            "Plan Width": 0,
                            "Actual Startup Time": 47.876,
                            "Actual Total Time": 47.876,
                            "Actual Rows": 939016,
                            "Actual Loops": 2,
                            "Index Cond": "(company_id > 19076)"
                          }
                        ]
                      }
                    ]
                  }
                ]
              }
            ]
          }
        ]
      }
    ]
  },
  "Planning Time": 1.084,
  "Triggers": [],
  "Execution Time": 1291.378
}