[
  {
    "Plan": {
      "Node Type": "Aggregate",
      "Strategy": "Plain",
      "Partial Mode": "Finalize",
      "Parallel Aware": false,
      "Startup Cost": 299888.24,
      "Total Cost": 299888.25,
      "Plan Rows": 1,
      "Plan Width": 8,
      "Actual Startup Time": 159.169,
      "Actual Total Time": 168.906,
      "Actual Rows": 1,
      "Actual Loops": 1,
      "Plans": [
        {
          "Node Type": "Gather",
          "Parent Relationship": "Outer",
          "Parallel Aware": false,
          "Startup Cost": 299887.62,
          "Total Cost": 299888.23,
          "Plan Rows": 6,
          "Plan Width": 8,
          "Actual Startup Time": 158.771,
          "Actual Total Time": 168.897,
          "Actual Rows": 7,
          "Actual Loops": 1,
          "Workers Planned": 6,
          "Workers Launched": 6,
          "Single Copy": false,
          "Plans": [
            {
              "Node Type": "Aggregate",
              "Strategy": "Plain",
              "Partial Mode": "Partial",
              "Parent Relationship": "Outer",
              "Parallel Aware": false,
              "Startup Cost": 298887.62,
              "Total Cost": 298887.63,
              "Plan Rows": 1,
              "Plan Width": 8,
              "Actual Startup Time": 151.19,
              "Actual Total Time": 151.192,
              "Actual Rows": 1,
              "Actual Loops": 7,
              "Plans": [
                {
                  "Node Type": "Bitmap Heap Scan",
                  "Parent Relationship": "Outer",
                  "Parallel Aware": true,
                  "Relation Name": "cast_info",
                  "Alias": "ci",
                  "Startup Cost": 41164.13,
                  "Total Cost": 298541.83,
                  "Plan Rows": 138313,
                  "Plan Width": 0,
                  "Actual Startup Time": 121.421,
                  "Actual Total Time": 147.786,
                  "Actual Rows": 78774,
                  "Actual Loops": 7,
                  "Recheck Cond": "(person_id < 190358)",
                  "Rows Removed by Index Recheck": 0,
                  "Filter": "(role_id > 2)",
                  "Rows Removed by Filter": 198492,
                  "Exact Heap Blocks": 5211,
                  "Lossy Heap Blocks": 0,
                  "Plans": [
                    {
                      "Node Type": "Bitmap Index Scan",
                      "Parent Relationship": "Outer",
                      "Parallel Aware": false,
                      "Index Name": "person_id_cast_info",
                      "Startup Cost": 0.0,
                      "Total Cost": 40956.67,
                      "Plan Rows": 1876280,
                      "Plan Width": 0,
                      "Actual Startup Time": 73.165,
                      "Actual Total Time": 73.166,
                      "Actual Rows": 1940867,
                      "Actual Loops": 1,
                      "Index Cond": "(person_id < 190358)"
                    }
                  ]
                }
              ]
            }
          ]
        }
      ]
    },
    "Planning Time": 0.101,
    "Triggers": [],
    "Execution Time": 168.945
  }
]