[
  {
    "Plan": {
      "Node Type": "Aggregate",
      "Strategy": "Plain",
      "Partial Mode": "Simple",
      "Parallel Aware": false,
      "Startup Cost": 178736.72,
      "Total Cost": 178736.73,
      "Plan Rows": 1,
      "Plan Width": 64,
      "Actual Startup Time": 581.477,
      "Actual Total Time": 581.482,
      "Actual Rows": 1,
      "Actual Loops": 1,
      "Plans": [
        {
          "Node Type": "Nested Loop",
          "Parent Relationship": "Outer",
          "Parallel Aware": false,
          "Join Type": "Inner",
          "Startup Cost": 3776.02,
          "Total Cost": 178736.17,
          "Plan Rows": 110,
          "Plan Width": 60,
          "Actual Startup Time": 108.655,
          "Actual Total Time": 581.147,
          "Actual Rows": 2271,
          "Actual Loops": 1,
          "Inner Unique": true,
          "Plans": [
            {
              "Node Type": "Nested Loop",
              "Parent Relationship": "Outer",
              "Parallel Aware": false,
              "Join Type": "Inner",
              "Startup Cost": 3775.6,
              "Total Cost": 178687.91,
              "Plan Rows": 110,
              "Plan Width": 64,
              "Actual Startup Time": 108.626,
              "Actual Total Time": 574.427,
              "Actual Rows": 2271,
              "Actual Loops": 1,
              "Inner Unique": false,
              "Plans": [
                {
                  "Node Type": "Nested Loop",
                  "Parent Relationship": "Outer",
                  "Parallel Aware": false,
                  "Join Type": "Inner",
                  "Startup Cost": 3775.17,
                  "Total Cost": 178682.5,
                  "Plan Rows": 3,
                  "Plan Width": 76,
                  "Actual Startup Time": 108.61,
                  "Actual Total Time": 572.768,
                  "Actual Rows": 284,
                  "Actual Loops": 1,
                  "Inner Unique": true,
                  "Plans": [
                    {
                      "Node Type": "Nested Loop",
                      "Parent Relationship": "Outer",
                      "Parallel Aware": false,
                      "Join Type": "Inner",
                      "Startup Cost": 3775.04,
                      "Total Cost": 178682.06,
                      "Plan Rows": 3,
                      "Plan Width": 80,
                      "Actual Startup Time": 108.594,
                      "Actual Total Time": 572.292,
                      "Actual Rows": 284,
                      "Actual Loops": 1,
                      "Inner Unique": true,
                      "Plans": [
                        {
                          "Node Type": "Nested Loop",
                          "Parent Relationship": "Outer",
                          "Parallel Aware": false,
                          "Join Type": "Inner",
                          "Startup Cost": 3774.62,
                          "Total Cost": 178677.6,
                          "Plan Rows": 10,
                          "Plan Width": 84,
                          "Actual Startup Time": 108.552,
                          "Actual Total Time": 569.41,
                          "Actual Rows": 400,
                          "Actual Loops": 1,
                          "Inner Unique": false,
                          "Plans": [
                            {
                              "Node Type": "Nested Loop",
                              "Parent Relationship": "Outer",
                              "Parallel Aware": false,
                              "Join Type": "Inner",
                              "Startup Cost": 3774.19,
                              "Total Cost": 178676.34,
                              "Plan Rows": 2,
                              "Plan Width": 72,
                              "Actual Startup Time": 108.522,
                              "Actual Total Time": 567.421,
                              "Actual Rows": 120,
                              "Actual Loops": 1,
                              "Inner Unique": false,
                              "Plans": [
                                {
                                  "Node Type": "Nested Loop",
                                  "Parent Relationship": "Outer",
                                  "Parallel Aware": false,
                                  "Join Type": "Inner",
                                  "Startup Cost": 3773.77,
                                  "Total Cost": 178675.3,
                                  "Plan Rows": 2,
                                  "Plan Width": 68,
                                  "Actual Startup Time": 107.192,
                                  "Actual Total Time": 560.075,
                                  "Actual Rows": 1782,
                                  "Actual Loops": 1,
                                  "Inner Unique": true,
                                  "Plans": [
                                    {
                                      "Node Type": "Nested Loop",
                                      "Parent Relationship": "Outer",
                                      "Parallel Aware": false,
                                      "Join Type": "Inner",
                                      "Startup Cost": 3773.34,
                                      "Total Cost": 178650.17,
                                      "Plan Rows": 3,
                                      "Plan Width": 47,
                                      "Actual Startup Time": 107.136,
                                      "Actual Total Time": 533.217,
                                      "Actual Rows": 1783,
                                      "Actual Loops": 1,
                                      "Inner Unique": false,
                                      "Plans": [
                                        {
                                          "Node Type": "Seq Scan",
                                          "Parent Relationship": "Outer",
                                          "Parallel Aware": false,
                                          "Relation Name": "info_type",
                                          "Alias": "it1",
                                          "Startup Cost": 0.0,
                                          "Total Cost": 2.41,
                                          "Plan Rows": 1,
                                          "Plan Width": 4,
                                          "Actual Startup Time": 0.011,
                                          "Actual Total Time": 0.019,
                                          "Actual Rows": 1,
                                          "Actual Loops": 1,
                                          "Filter": "((info)::text = 'release dates'::text)",
                                          "Rows Removed by Filter": 112
                                        },
                                        {
                                          "Node Type": "Bitmap Heap Scan",
                                          "Parent Relationship": "Inner",
                                          "Parallel Aware": false,
                                          "Relation Name": "movie_info",
                                          "Alias": "mi",
                                          "Startup Cost": 3773.34,
                                          "Total Cost": 178647.71,
                                          "Plan Rows": 5,
                                          "Plan Width": 51,
                                          "Actual Startup Time": 107.119,
                                          "Actual Total Time": 532.818,
                                          "Actual Rows": 1783,
                                          "Actual Loops": 1,
                                          "Recheck Cond": "(info_type_id = it1.id)",
                                          "Rows Removed by Index Recheck": 0,
                                          "Filter": "((info IS NOT NULL) AND (note ~~ '%internet%'::text) AND ((info ~~ 'USA:% 199%'::text) OR (info ~~ 'USA:% 200%'::text)))",
                                          "Rows Removed by Filter": 3034936,
                                          "Exact Heap Blocks": 25448,
                                          "Lossy Heap Blocks": 0,
                                          "Plans": [
                                            {
                                              "Node Type": "Bitmap Index Scan",
                                              "Parent Relationship": "Outer",
                                              "Parallel Aware": false,
                                              "Index Name": "info_type_id_movie_info",
                                              "Startup Cost": 0.0,
                                              "Total Cost": 3773.34,
                                              "Plan Rows": 210787,
                                              "Plan Width": 0,
                                              "Actual Startup Time": 103.026,
                                              "Actual Total Time": 103.026,
                                              "Actual Rows": 3036719,
                                              "Actual Loops": 1,
                                              "Index Cond": "(info_type_id = it1.id)"
                                            }
                                          ]
                                        }
                                      ]
                                    },
                                    {
                                      "Node Type": "Index Scan",
                                      "Parent Relationship": "Inner",
                                      "Parallel Aware": false,
                                      "Scan Direction": "Forward",
                                      "Index Name": "title_pkey",
                                      "Relation Name": "title",
                                      "Alias": "t",
                                      "Startup Cost": 0.43,
                                      "Total Cost": 8.38,
                                      "Plan Rows": 1,
                                      "Plan Width": 21,
                                      "Actual Startup Time": 0.014,
                                      "Actual Total Time": 0.014,
                                      "Actual Rows": 1,
                                      "Actual Loops": 1783,
                                      "Index Cond": "(id = mi.movie_id)",
                                      "Rows Removed by Index Recheck": 0,
                                      "Filter": "(production_year > 1990)",
                                      "Rows Removed by Filter": 0
                                    }
                                  ]
                                },
                                {
                                  "Node Type": "Index Only Scan",
                                  "Parent Relationship": "Inner",
                                  "Parallel Aware": false,
                                  "Scan Direction": "Forward",
                                  "Index Name": "movie_id_aka_title",
                                  "Relation Name": "aka_title",
                                  "Alias": "at",
                                  "Startup Cost": 0.42,
                                  "Total Cost": 0.49,
                                  "Plan Rows": 3,
                                  "Plan Width": 4,
                                  "Actual Startup Time": 0.004,
                                  "Actual Total Time": 0.004,
                                  "Actual Rows": 0,
                                  "Actual Loops": 1782,
                                  "Index Cond": "(movie_id = t.id)",
                                  "Rows Removed by Index Recheck": 0,
                                  "Heap Fetches": 120
                                }
                              ]
                            },
                            {
                              "Node Type": "Index Scan",
                              "Parent Relationship": "Inner",
                              "Parallel Aware": false,
                              "Scan Direction": "Forward",
                              "Index Name": "movie_id_movie_companies",
                              "Relation Name": "movie_companies",
                              "Alias": "mc",
                              "Startup Cost": 0.43,
                              "Total Cost": 0.58,
                              "Plan Rows": 5,
                              "Plan Width": 12,
                              "Actual Startup Time": 0.013,
                              "Actual Total Time": 0.015,
                              "Actual Rows": 3,
                              "Actual Loops": 120,
                              "Index Cond": "(movie_id = t.id)",
                              "Rows Removed by Index Recheck": 0
                            }
                          ]
                        },
                        {
                          "Node Type": "Index Scan",
                          "Parent Relationship": "Inner",
                          "Parallel Aware": false,
                          "Scan Direction": "Forward",
                          "Index Name": "company_name_pkey",
                          "Relation Name": "company_name",
                          "Alias": "cn",
                          "Startup Cost": 0.42,
                          "Total Cost": 0.45,
                          "Plan Rows": 1,
                          "Plan Width": 4,
                          "Actual Startup Time": 0.007,
                          "Actual Total Time": 0.007,
                          "Actual Rows": 1,
                          "Actual Loops": 400,
                          "Index Cond": "(id = mc.company_id)",
                          "Rows Removed by Index Recheck": 0,
                          "Filter": "((country_code)::text = '[us]'::text)",
                          "Rows Removed by Filter": 0
                        }
                      ]
                    },
                    {
                      "Node Type": "Index Only Scan",
                      "Parent Relationship": "Inner",
                      "Parallel Aware": false,
                      "Scan Direction": "Forward",
                      "Index Name": "company_type_pkey",
                      "Relation Name": "company_type",
                      "Alias": "ct",
                      "Startup Cost": 0.13,
                      "Total Cost": 0.15,
                      "Plan Rows": 1,
                      "Plan Width": 4,
                      "Actual Startup Time": 0.001,
                      "Actual Total Time": 0.001,
                      "Actual Rows": 1,
                      "Actual Loops": 284,
                      "Index Cond": "(id = mc.company_type_id)",
                      "Rows Removed by Index Recheck": 0,
                      "Heap Fetches": 284
                    }
                  ]
                },
                {
                  "Node Type": "Index Scan",
                  "Parent Relationship": "Inner",
                  "Parallel Aware": false,
                  "Scan Direction": "Forward",
                  "Index Name": "movie_id_movie_keyword",
                  "Relation Name": "movie_keyword",
                  "Alias": "mk",
                  "Startup Cost": 0.43,
                  "Total Cost": 1.34,
                  "Plan Rows": 46,
                  "Plan Width": 8,
                  "Actual Startup Time": 0.004,
                  "Actual Total Time": 0.005,
                  "Actual Rows": 8,
                  "Actual Loops": 284,
                  "Index Cond": "(movie_id = t.id)",
                  "Rows Removed by Index Recheck": 0
                }
              ]
            },
            {
              "Node Type": "Index Only Scan",
              "Parent Relationship": "Inner",
              "Parallel Aware": false,
              "Scan Direction": "Forward",
              "Index Name": "keyword_pkey",
              "Relation Name": "keyword",
              "Alias": "k",
              "Startup Cost": 0.42,
              "Total Cost": 0.44,
              "Plan Rows": 1,
              "Plan Width": 4,
              "Actual Startup Time": 0.003,
              "Actual Total Time": 0.003,
              "Actual Rows": 1,
              "Actual Loops": 2271,
              "Index Cond": "(id = mk.keyword_id)",
              "Rows Removed by Index Recheck": 0,
              "Heap Fetches": 2271
            }
          ]
        }
      ]
    },
    "Planning Time": 28.297,
    "Triggers": [],
    "Execution Time": 582.003
  }
]