[
  {
    "Plan": {
      "Node Type": "Aggregate",
      "Strategy": "Plain",
      "Partial Mode": "Finalize",
      "Parallel Aware": false,
      "Startup Cost": 230338.7,
      "Total Cost": 230338.71,
      "Plan Rows": 1,
      "Plan Width": 8,
      "Actual Startup Time": 1806.244,
      "Actual Total Time": 1839.991,
      "Actual Rows": 1,
      "Actual Loops": 1,
      "Plans": [
        {
          "Node Type": "Gather",
          "Parent Relationship": "Outer",
          "Parallel Aware": false,
          "Startup Cost": 230338.39,
          "Total Cost": 230338.7,
          "Plan Rows": 3,
          "Plan Width": 8,
          "Actual Startup Time": 1797.514,
          "Actual Total Time": 1839.985,
          "Actual Rows": 4,
          "Actual Loops": 1,
          "Workers Planned": 3,
          "Workers Launched": 3,
          "Single Copy": false,
          "Plans": [
            {
              "Node Type": "Aggregate",
              "Strategy": "Plain",
              "Partial Mode": "Partial",
              "Parent Relationship": "Outer",
              "Parallel Aware": false,
              "Startup Cost": 229338.39,
              "Total Cost": 229338.4,
              "Plan Rows": 1,
              "Plan Width": 8,
              "Actual Startup Time": 1787.251,
              "Actual Total Time": 1787.255,
              "Actual Rows": 1,
              "Actual Loops": 4,
              "Plans": [
                {
                  "Node Type": "Nested Loop",
                  "Parent Relationship": "Outer",
                  "Parallel Aware": false,
                  "Join Type": "Inner",
                  "Startup Cost": 55451.09,
                  "Total Cost": 228178.23,
                  "Plan Rows": 464061,
                  "Plan Width": 0,
                  "Actual Startup Time": 308.698,
                  "Actual Total Time": 1627.809,
                  "Actual Rows": 3634029,
                  "Actual Loops": 4,
                  "Inner Unique": false,
                  "Plans": [
                    {
                      "Node Type": "Hash Join",
                      "Parent Relationship": "Outer",
                      "Parallel Aware": true,
                      "Join Type": "Inner",
                      "Startup Cost": 55450.66,
                      "Total Cost": 81107.37,
                      "Plan Rows": 79518,
                      "Plan Width": 8,
                      "Actual Startup Time": 308.626,
                      "Actual Total Time": 362.132,
                      "Actual Rows": 60384,
                      "Actual Loops": 4,
                      "Inner Unique": true,
                      "Hash Cond": "(mk.movie_id = t.id)",
                      "Plans": [
                        {
                          "Node Type": "Bitmap Heap Scan",
                          "Parent Relationship": "Outer",
                          "Parallel Aware": true,
                          "Relation Name": "movie_keyword",
                          "Alias": "mk",
                          "Startup Cost": 5230.85,
                          "Total Cost": 30678.83,
                          "Plan Rows": 79518,
                          "Plan Width": 4,
                          "Actual Startup Time": 15.748,
                          "Actual Total Time": 44.26,
                          "Actual Rows": 60384,
                          "Actual Loops": 4,
                          "Recheck Cond": "(keyword_id > 61638)",
                          "Rows Removed by Index Recheck": 0,
                          "Exact Heap Blocks": 5984,
                          "Lossy Heap Blocks": 0,
                          "Plans": [
                            {
                              "Node Type": "Bitmap Index Scan",
                              "Parent Relationship": "Outer",
                              "Parallel Aware": false,
                              "Index Name": "keyword_id_movie_keyword",
                              "Startup Cost": 0.0,
                              "Total Cost": 5169.23,
                              "Plan Rows": 246506,
                              "Plan Width": 0,
                              "Actual Startup Time": 12.608,
                              "Actual Total Time": 12.609,
                              "Actual Rows": 241537,
                              "Actual Loops": 1,
                              "Index Cond": "(keyword_id > 61638)"
                            }
                          ]
                        },
                        {
                          "Node Type": "Hash",
                          "Parent Relationship": "Inner",
                          "Parallel Aware": true,
                          "Startup Cost": 42318.81,
                          "Total Cost": 42318.81,
                          "Plan Rows": 632080,
                          "Plan Width": 4,
                          "Actual Startup Time": 286.219,
                          "Actual Total Time": 286.22,
                          "Actual Rows": 632078,
                          "Actual Loops": 4,
                          "Hash Buckets": 4194304,
                          "Original Hash Buckets": 4194304,
                          "Hash Batches": 1,
                          "Original Hash Batches": 1,
                          "Peak Memory Usage": 131744,
                          "Plans": [
                            {
                              "Node Type": "Seq Scan",
                              "Parent Relationship": "Outer",
                              "Parallel Aware": true,
                              "Relation Name": "title",
                              "Alias": "t",
                              "Startup Cost": 0.0,
                              "Total Cost": 42318.81,
                              "Plan Rows": 632080,
                              "Plan Width": 4,
                              "Actual Startup Time": 0.018,
                              "Actual Total Time": 82.76,
                              "Actual Rows": 632078,
                              "Actual Loops": 4
                            }
                          ]
                        }
                      ]
                    },
                    {
                      "Node Type": "Index Only Scan",
                      "Parent Relationship": "Inner",
                      "Parallel Aware": false,
                      "Scan Direction": "Forward",
                      "Index Name": "movie_id_movie_info",
                      "Relation Name": "movie_info",
                      "Alias": "mi",
                      "Startup Cost": 0.43,
                      "Total Cost": 1.46,
                      "Plan Rows": 39,
                      "Plan Width": 4,
                      "Actual Startup Time": 0.004,
                      "Actual Total Time": 0.017,
                      "Actual Rows": 60,
                      "Actual Loops": 241537,
                      "Index Cond": "(movie_id = t.id)",
                      "Rows Removed by Index Recheck": 0,
                      "Heap Fetches": 14536115
                    }
                  ]
                }
              ]
            }
          ]
        }
      ]
    },
    "Planning Time": 0.458,
    "Triggers": [],
    "Execution Time": 1840.04
  }
]