[
  {
    "Plan": {
      "Node Type": "Aggregate",
      "Strategy": "Plain",
      "Partial Mode": "Finalize",
      "Parallel Aware": false,
      "Startup Cost": 240577.6,
      "Total Cost": 240577.61,
      "Plan Rows": 1,
      "Plan Width": 8,
      "Actual Startup Time": 2039.521,
      "Actual Total Time": 2082.652,
      "Actual Rows": 1,
      "Actual Loops": 1,
      "Plans": [
        {
          "Node Type": "Gather",
          "Parent Relationship": "Outer",
          "Parallel Aware": false,
          "Startup Cost": 240577.29,
          "Total Cost": 240577.6,
          "Plan Rows": 3,
          "Plan Width": 8,
          "Actual Startup Time": 2031.192,
          "Actual Total Time": 2082.641,
          "Actual Rows": 4,
          "Actual Loops": 1,
          "Workers Planned": 3,
          "Workers Launched": 3,
          "Single Copy": false,
          "Plans": [
            {
              "Node Type": "Aggregate",
              "Strategy": "Plain",
              "Partial Mode": "Partial",
              "Parent Relationship": "Outer",
              "Parallel Aware": false,
              "Startup Cost": 239577.29,
              "Total Cost": 239577.3,
              "Plan Rows": 1,
              "Plan Width": 8,
              "Actual Startup Time": 2012.871,
              "Actual Total Time": 2012.875,
              "Actual Rows": 1,
              "Actual Loops": 4,
              "Plans": [
                {
                  "Node Type": "Nested Loop",
                  "Parent Relationship": "Outer",
                  "Parallel Aware": false,
                  "Join Type": "Inner",
                  "Startup Cost": 55570.49,
                  "Total Cost": 238388.37,
                  "Plan Rows": 475566,
                  "Plan Width": 0,
                  "Actual Startup Time": 395.262,
                  "Actual Total Time": 1844.177,
                  "Actual Rows": 3634029,
                  "Actual Loops": 4,
                  "Inner Unique": false,
                  "Plans": [
                    {
                      "Node Type": "Hash Join",
                      "Parent Relationship": "Outer",
                      "Parallel Aware": true,
                      "Join Type": "Inner",
                      "Startup Cost": 55570.05,
                      "Total Cost": 81254.18,
                      "Plan Rows": 81331,
                      "Plan Width": 8,
                      "Actual Startup Time": 395.175,
                      "Actual Total Time": 460.805,
                      "Actual Rows": 60384,
                      "Actual Loops": 4,
                      "Inner Unique": true,
                      "Hash Cond": "(mk.movie_id = t.id)",
                      "Plans": [
                        {
                          "Node Type": "Bitmap Heap Scan",
                          "Parent Relationship": "Outer",
                          "Parallel Aware": true,
                          "Relation Name": "movie_keyword",
                          "Alias": "mk",
                          "Startup Cost": 5350.41,
                          "Total Cost": 30821.05,
                          "Plan Rows": 81331,
                          "Plan Width": 4,
                          "Actual Startup Time": 17.295,
                          "Actual Total Time": 51.386,
                          "Actual Rows": 60384,
                          "Actual Loops": 4,
                          "Recheck Cond": "(keyword_id > 61638)",
                          "Rows Removed by Index Recheck": 0,
                          "Exact Heap Blocks": 5950,
                          "Lossy Heap Blocks": 0,
                          "Plans": [
                            {
                              "Node Type": "Bitmap Index Scan",
                              "Parent Relationship": "Outer",
                              "Parallel Aware": false,
                              "Index Name": "keyword_id_movie_keyword",
                              "Startup Cost": 0.0,
                              "Total Cost": 5287.38,
                              "Plan Rows": 252126,
                              "Plan Width": 0,
                              "Actual Startup Time": 14.152,
                              "Actual Total Time": 14.152,
                              "Actual Rows": 241537,
                              "Actual Loops": 1,
                              "Index Cond": "(keyword_id > 61638)"
                            }
                          ]
                        },
                        {
                          "Node Type": "Hash",
                          "Parent Relationship": "Inner",
                          "Parallel Aware": true,
                          "Startup Cost": 42318.73,
                          "Total Cost": 42318.73,
                          "Plan Rows": 632073,
                          "Plan Width": 4,
                          "Actual Startup Time": 366.493,
                          "Actual Total Time": 366.494,
                          "Actual Rows": 632078,
                          "Actual Loops": 4,
                          "Hash Buckets": 4194304,
                          "Original Hash Buckets": 4194304,
                          "Hash Batches": 1,
                          "Original Hash Batches": 1,
                          "Peak Memory Usage": 131744,
                          "Plans": [
                            {
                              "Node Type": "Seq Scan",
                              "Parent Relationship": "Outer",
                              "Parallel Aware": true,
                              "Relation Name": "title",
                              "Alias": "t",
                              "Startup Cost": 0.0,
                              "Total Cost": 42318.73,
                              "Plan Rows": 632073,
                              "Plan Width": 4,
                              "Actual Startup Time": 0.04,
                              "Actual Total Time": 101.018,
                              "Actual Rows": 632078,
                              "Actual Loops": 4
                            }
                          ]
                        }
                      ]
                    },
                    {
                      "Node Type": "Index Only Scan",
                      "Parent Relationship": "Inner",
                      "Parallel Aware": false,
                      "Scan Direction": "Forward",
                      "Index Name": "movie_id_movie_info",
                      "Relation Name": "movie_info",
                      "Alias": "mi",
                      "Startup Cost": 0.43,
                      "Total Cost": 1.51,
                      "Plan Rows": 42,
                      "Plan Width": 4,
                      "Actual Startup Time": 0.004,
                      "Actual Total Time": 0.018,
                      "Actual Rows": 60,
                      "Actual Loops": 241537,
                      "Index Cond": "(movie_id = t.id)",
                      "Rows Removed by Index Recheck": 0,
                      "Heap Fetches": 14536115
                    }
                  ]
                }
              ]
            }
          ]
        }
      ]
    },
    "Planning Time": 1.308,
    "Triggers": [],
    "Execution Time": 2082.761
  }
]