{
  "Plan": {
    "Node Type": "Aggregate",
    "Strategy": "Plain",
    "Partial Mode": "Finalize",
    "Parallel Aware": false,
    "Startup Cost": 58758.88,
    "Total Cost": 58758.89,
    "Plan Rows": 1,
    "Plan Width": 64,
    "Actual Startup Time": 322.582,
    "Actual Total Time": 373.329,
    "Actual Rows": 1,
    "Actual Loops": 1,
    "Plans": [
      {
        "Node Type": "Gather",
        "Parent Relationship": "Outer",
        "Parallel Aware": false,
        "Startup Cost": 58758.77,
        "Total Cost": 58758.88,
        "Plan Rows": 1,
        "Plan Width": 64,
        "Actual Startup Time": 322.454,
        "Actual Total Time": 373.319,
        "Actual Rows": 2,
        "Actual Loops": 1,
        "Workers Planned": 1,
        "Workers Launched": 1,
        "Single Copy": false,
        "Plans": [
          {
            "Node Type": "Aggregate",
            "Strategy": "Plain",
            "Partial Mode": "Partial",
            "Parent Relationship": "Outer",
            "Parallel Aware": false,
            "Startup Cost": 57758.77,
            "Total Cost": 57758.78,
            "Plan Rows": 1,
            "Plan Width": 64,
            "Actual Startup Time": 315.026,
            "Actual Total Time": 315.03,
            "Actual Rows": 1,
            "Actual Loops": 2,
            "Plans": [
              {
                "Node Type": "Nested Loop",
                "Parent Relationship": "Outer",
                "Parallel Aware": false,
                "Join Type": "Inner",
                "Startup Cost": 3.15,
                "Total Cost": 57758.74,
                "Plan Rows": 5,
                "Plan Width": 33,
                "Actual Startup Time": 22.479,
                "Actual Total Time": 314.962,
                "Actual Rows": 126,
                "Actual Loops": 2,
                "Inner Unique": true,
                "Plans": [
                  {
                    "Node Type": "Nested Loop",
                    "Parent Relationship": "Outer",
                    "Parallel Aware": false,
                    "Join Type": "Inner",
                    "Startup Cost": 3.02,
                    "Total Cost": 57758.01,
                    "Plan Rows": 5,
                    "Plan Width": 37,
                    "Actual Startup Time": 22.451,
                    "Actual Total Time": 314.704,
                    "Actual Rows": 126,
                    "Actual Loops": 2,
                    "Inner Unique": true,
                    "Plans": [
                      {
                        "Node Type": "Hash Join",
                        "Parent Relationship": "Outer",
                        "Parallel Aware": false,
                        "Join Type": "Inner",
                        "Startup Cost": 2.59,
                        "Total Cost": 57730.95,
                        "Plan Rows": 5,
                        "Plan Width": 25,
                        "Actual Startup Time": 22.41,
                        "Actual Total Time": 313.425,
                        "Actual Rows": 129,
                        "Actual Loops": 2,
                        "Inner Unique": true,
                        "Hash Cond": "(ci.role_id = rt.id)",
                        "Plans": [
                          {
                            "Node Type": "Nested Loop",
                            "Parent Relationship": "Outer",
                            "Parallel Aware": false,
                            "Join Type": "Inner",
                            "Startup Cost": 1.42,
                            "Total Cost": 57729.57,
                            "Plan Rows": 61,
                            "Plan Width": 29,
                            "Actual Startup Time": 22.144,
                            "Actual Total Time": 313.058,
                            "Actual Rows": 176,
                            "Actual Loops": 2,
                            "Inner Unique": false,
                            "Join Filter": "(t.id = ci.movie_id)",
                            "Rows Removed by Join Filter": 0,
                            "Plans": [
                              {
                                "Node Type": "Nested Loop",
                                "Parent Relationship": "Outer",
                                "Parallel Aware": false,
                                "Join Type": "Inner",
                                "Startup Cost": 0.86,
                                "Total Cost": 44888.46,
                                "Plan Rows": 6579,
                                "Plan Width": 29,
                                "Actual Startup Time": 0.34,
                                "Actual Total Time": 57.474,
                                "Actual Rows": 3475,
                                "Actual Loops": 2,
                                "Inner Unique": true,
                                "Plans": [
                                  {
                                    "Node Type": "Nested Loop",
                                    "Parent Relationship": "Outer",
                                    "Parallel Aware": false,
                                    "Join Type": "Inner",
                                    "Startup Cost": 0.43,
                                    "Total Cost": 40400.75,
                                    "Plan Rows": 8647,
                                    "Plan Width": 8,
                                    "Actual Startup Time": 0.226,
                                    "Actual Total Time": 26.849,
                                    "Actual Rows": 4395,
                                    "Actual Loops": 2,
                                    "Inner Unique": false,
                                    "Plans": [
                                      {
                                        "Node Type": "Seq Scan",
                                        "Parent Relationship": "Outer",
                                        "Parallel Aware": true,
                                        "Relation Name": "company_name",
                                        "Alias": "cn",
                                        "Startup Cost": 0.0,
                                        "Total Cost": 4722.92,
                                        "Plan Rows": 779,
                                        "Plan Width": 4,
                                        "Actual Startup Time": 0.11,
                                        "Actual Total Time": 13.01,
                                        "Actual Rows": 680,
                                        "Actual Loops": 2,
                                        "Filter": "((country_code)::text = '[ru]'::text)",
                                        "Rows Removed by Filter": 116818
                                      },
                                      {
                                        "Node Type": "Index Scan",
                                        "Parent Relationship": "Inner",
                                        "Parallel Aware": false,
                                        "Scan Direction": "Forward",
                                        "Index Name": "company_id_movie_companies",
                                        "Relation Name": "movie_companies",
                                        "Alias": "mc",
                                        "Startup Cost": 0.43,
                                        "Total Cost": 44.47,
                                        "Plan Rows": 133,
                                        "Plan Width": 12,
                                        "Actual Startup Time": 0.008,
                                        "Actual Total Time": 0.019,
                                        "Actual Rows": 6,
                                        "Actual Loops": 1361,
                                        "Index Cond": "(company_id = cn.id)",
                                        "Rows Removed by Index Recheck": 0
                                      }
                                    ]
                                  },
                                  {
                                    "Node Type": "Index Scan",
                                    "Parent Relationship": "Inner",
                                    "Parallel Aware": false,
                                    "Scan Direction": "Forward",
                                    "Index Name": "title_pkey",
                                    "Relation Name": "title",
                                    "Alias": "t",
                                    "Startup Cost": 0.43,
                                    "Total Cost": 0.52,
                                    "Plan Rows": 1,
                                    "Plan Width": 21,
                                    "Actual Startup Time": 0.007,
                                    "Actual Total Time": 0.007,
                                    "Actual Rows": 1,
                                    "Actual Loops": 8790,
                                    "Index Cond": "(id = mc.movie_id)",
                                    "Rows Removed by Index Recheck": 0,
                                    "Filter": "(production_year < 2010)",
                                    "Rows Removed by Filter": 0
                                  }
                                ]
                              },
                              {
                                "Node Type": "Index Scan",
                                "Parent Relationship": "Inner",
                                "Parallel Aware": false,
                                "Scan Direction": "Forward",
                                "Index Name": "movie_id_cast_info",
                                "Relation Name": "cast_info",
                                "Alias": "ci",
                                "Startup Cost": 0.56,
                                "Total Cost": 1.94,
                                "Plan Rows": 1,
                                "Plan Width": 12,
                                "Actual Startup Time": 0.069,
                                "Actual Total Time": 0.073,
                                "Actual Rows": 0,
                                "Actual Loops": 6950,
                                "Index Cond": "(movie_id = mc.movie_id)",
                                "Rows Removed by Index Recheck": 0,
                                "Filter": "((note ~~ '%(voice)%'::text) AND (note ~~ '%(uncredited)%'::text))",
                                "Rows Removed by Filter": 46
                              }
                            ]
                          },
                          {
                            "Node Type": "Hash",
                            "Parent Relationship": "Inner",
                            "Parallel Aware": false,
                            "Startup Cost": 1.15,
                            "Total Cost": 1.15,
                            "Plan Rows": 1,
                            "Plan Width": 4,
                            "Actual Startup Time": 0.06,
                            "Actual Total Time": 0.061,
                            "Actual Rows": 1,
                            "Actual Loops": 2,
                            "Hash Buckets": 1024,
                            "Original Hash Buckets": 1024,
                            "Hash Batches": 1,
                            "Original Hash Batches": 1,
                            "Peak Memory Usage": 9,
                            "Plans": [
                              {
                                "Node Type": "Seq Scan",
                                "Parent Relationship": "Outer",
                                "Parallel Aware": false,
                                "Relation Name": "role_type",
                                "Alias": "rt",
                                "Startup Cost": 0.0,
                                "Total Cost": 1.15,
                                "Plan Rows": 1,
                                "Plan Width": 4,
                                "Actual Startup Time": 0.038,
                                "Actual Total Time": 0.043,
                                "Actual Rows": 1,
                                "Actual Loops": 2,
                                "Filter": "((role)::text = 'actor'::text)",
                                "Rows Removed by Filter": 11
                              }
                            ]
                          }
                        ]
                      },
                      {
                        "Node Type": "Index Scan",
                        "Parent Relationship": "Inner",
                        "Parallel Aware": false,
                        "Scan Direction": "Forward",
                        "Index Name": "char_name_pkey",
                        "Relation Name": "char_name",
                        "Alias": "chn",
                        "Startup Cost": 0.43,
                        "Total Cost": 5.41,
                        "Plan Rows": 1,
                        "Plan Width": 20,
                        "Actual Startup Time": 0.009,
                        "Actual Total Time": 0.009,
                        "Actual Rows": 1,
                        "Actual Loops": 258,
                        "Index Cond": "(id = ci.person_role_id)",
                        "Rows Removed by Index Recheck": 0
                      }
                    ]
                  },
                  {
                    "Node Type": "Index Only Scan",
                    "Parent Relationship": "Inner",
                    "Parallel Aware": false,
                    "Scan Direction": "Forward",
                    "Index Name": "company_type_pkey",
                    "Relation Name": "company_type",
                    "Alias": "ct",
                    "Startup Cost": 0.13,
                    "Total Cost": 0.15,
                    "Plan Rows": 1,
                    "Plan Width": 4,
                    "Actual Startup Time": 0.001,
                    "Actual Total Time": 0.001,
                    "Actual Rows": 1,
                    "Actual Loops": 252,
                    "Index Cond": "(id = mc.company_type_id)",
                    "Rows Removed by Index Recheck": 0,
                    "Heap Fetches": 252
                  }
                ]
              }
            ]
          }
        ]
      }
    ]
  },
  "Planning Time": 2.546,
  "Triggers": [],
  "Execution Time": 373.496
}