{
  "Plan": {
    "Node Type": "Aggregate",
    "Strategy": "Plain",
    "Partial Mode": "Finalize",
    "Parallel Aware": false,
    "Startup Cost": 58721.47,
    "Total Cost": 58721.48,
    "Plan Rows": 1,
    "Plan Width": 8,
    "Actual Startup Time": 328.42,
    "Actual Total Time": 388.634,
    "Actual Rows": 1,
    "Actual Loops": 1,
    "Plans": [
      {
        "Node Type": "Gather",
        "Parent Relationship": "Outer",
        "Parallel Aware": false,
        "Startup Cost": 58721.36,
        "Total Cost": 58721.47,
        "Plan Rows": 1,
        "Plan Width": 8,
        "Actual Startup Time": 328.37,
        "Actual Total Time": 388.626,
        "Actual Rows": 2,
        "Actual Loops": 1,
        "Workers Planned": 1,
        "Workers Launched": 1,
        "Single Copy": false,
        "Plans": [
          {
            "Node Type": "Aggregate",
            "Strategy": "Plain",
            "Partial Mode": "Partial",
            "Parent Relationship": "Outer",
            "Parallel Aware": false,
            "Startup Cost": 57721.36,
            "Total Cost": 57721.37,
            "Plan Rows": 1,
            "Plan Width": 8,
            "Actual Startup Time": 322.062,
            "Actual Total Time": 322.064,
            "Actual Rows": 1,
            "Actual Loops": 2,
            "Plans": [
              {
                "Node Type": "Nested Loop",
                "Parent Relationship": "Outer",
                "Parallel Aware": false,
                "Join Type": "Inner",
                "Startup Cost": 171.37,
                "Total Cost": 57588.08,
                "Plan Rows": 53312,
                "Plan Width": 0,
                "Actual Startup Time": 4.287,
                "Actual Total Time": 312.848,
                "Actual Rows": 162314,
                "Actual Loops": 2,
                "Inner Unique": false,
                "Plans": [
                  {
                    "Node Type": "Nested Loop",
                    "Parent Relationship": "Outer",
                    "Parallel Aware": false,
                    "Join Type": "Inner",
                    "Startup Cost": 170.8,
                    "Total Cost": 48852.41,
                    "Plan Rows": 3721,
                    "Plan Width": 8,
                    "Actual Startup Time": 4.079,
                    "Actual Total Time": 35.077,
                    "Actual Rows": 2444,
                    "Actual Loops": 2,
                    "Inner Unique": true,
                    "Plans": [
                      {
                        "Node Type": "Bitmap Heap Scan",
                        "Parent Relationship": "Outer",
                        "Parallel Aware": true,
                        "Relation Name": "movie_keyword",
                        "Alias": "mk",
                        "Startup Cost": 170.37,
                        "Total Cost": 16785.14,
                        "Plan Rows": 4701,
                        "Plan Width": 4,
                        "Actual Startup Time": 3.96,
                        "Actual Total Time": 13.287,
                        "Actual Rows": 3664,
                        "Actual Loops": 2,
                        "Recheck Cond": "(keyword_id = 229)",
                        "Rows Removed by Index Recheck": 0,
                        "Exact Heap Blocks": 4456,
                        "Lossy Heap Blocks": 0,
                        "Plans": [
                          {
                            "Node Type": "Bitmap Index Scan",
                            "Parent Relationship": "Outer",
                            "Parallel Aware": false,
                            "Index Name": "keyword_id_movie_keyword",
                            "Startup Cost": 0.0,
                            "Total Cost": 168.37,
                            "Plan Rows": 7992,
                            "Plan Width": 0,
                            "Actual Startup Time": 4.433,
                            "Actual Total Time": 4.434,
                            "Actual Rows": 7328,
                            "Actual Loops": 1,
                            "Index Cond": "(keyword_id = 229)"
                          }
                        ]
                      },
                      {
                        "Node Type": "Index Scan",
                        "Parent Relationship": "Inner",
                        "Parallel Aware": false,
                        "Scan Direction": "Forward",
                        "Index Name": "title_pkey",
                        "Relation Name": "title",
                        "Alias": "t",
                        "Startup Cost": 0.43,
                        "Total Cost": 6.82,
                        "Plan Rows": 1,
                        "Plan Width": 4,
                        "Actual Startup Time": 0.006,
                        "Actual Total Time": 0.006,
                        "Actual Rows": 1,
                        "Actual Loops": 7328,
                        "Index Cond": "(id = mk.movie_id)",
                        "Rows Removed by Index Recheck": 0,
                        "Filter": "(production_year > 1976)",
                        "Rows Removed by Filter": 0
                      }
                    ]
                  },
                  {
                    "Node Type": "Index Only Scan",
                    "Parent Relationship": "Inner",
                    "Parallel Aware": false,
                    "Scan Direction": "Forward",
                    "Index Name": "movie_id_cast_info",
                    "Relation Name": "cast_info",
                    "Alias": "ci",
                    "Startup Cost": 0.56,
                    "Total Cost": 1.98,
                    "Plan Rows": 37,
                    "Plan Width": 4,
                    "Actual Startup Time": 0.01,
                    "Actual Total Time": 0.108,
                    "Actual Rows": 66,
                    "Actual Loops": 4888,
                    "Index Cond": "(movie_id = t.id)",
                    "Rows Removed by Index Recheck": 0,
                    "Heap Fetches": 324629
                  }
                ]
              }
            ]
          }
        ]
      }
    ]
  },
  "Planning Time": 0.919,
  "Triggers": [],
  "Execution Time": 388.752
}