[
    {
        "Bao": {
            "Bao prediction": "NaN",
            "Bao recommended hint": "(no hint)"
        }
    },
    {
        "Plan": {
            "Node Type": "Aggregate",
            "Strategy": "Plain",
            "Partial Mode": "Finalize",
            "Parallel Aware": false,
            "Startup Cost": 239645.01,
            "Total Cost": 239645.02,
            "Plan Rows": 1,
            "Plan Width": 8,
            "Actual Startup Time": 582.803,
            "Actual Total Time": 600.684,
            "Actual Rows": 1,
            "Actual Loops": 1,
            "Output": [
                "count(*)"
            ],
            "Plans": [
                {
                    "Node Type": "Gather",
                    "Parent Relationship": "Outer",
                    "Parallel Aware": false,
                    "Startup Cost": 239644.49,
                    "Total Cost": 239645.0,
                    "Plan Rows": 5,
                    "Plan Width": 8,
                    "Actual Startup Time": 565.299,
                    "Actual Total Time": 600.673,
                    "Actual Rows": 6,
                    "Actual Loops": 1,
                    "Output": [
                        "(PARTIAL count(*))"
                    ],
                    "Workers Planned": 5,
                    "Workers Launched": 5,
                    "Single Copy": false,
                    "Plans": [
                        {
                            "Node Type": "Aggregate",
                            "Strategy": "Plain",
                            "Partial Mode": "Partial",
                            "Parent Relationship": "Outer",
                            "Parallel Aware": false,
                            "Startup Cost": 238644.49,
                            "Total Cost": 238644.5,
                            "Plan Rows": 1,
                            "Plan Width": 8,
                            "Actual Startup Time": 550.307,
                            "Actual Total Time": 550.311,
                            "Actual Rows": 1,
                            "Actual Loops": 6,
                            "Output": [
                                "PARTIAL count(*)"
                            ],
                            "Workers": [
                                {
                                    "Worker Number": 0,
                                    "Actual Startup Time": 547.835,
                                    "Actual Total Time": 547.838,
                                    "Actual Rows": 1,
                                    "Actual Loops": 1
                                },
                                {
                                    "Worker Number": 1,
                                    "Actual Startup Time": 548.88,
                                    "Actual Total Time": 548.884,
                                    "Actual Rows": 1,
                                    "Actual Loops": 1
                                },
                                {
                                    "Worker Number": 2,
                                    "Actual Startup Time": 545.873,
                                    "Actual Total Time": 545.877,
                                    "Actual Rows": 1,
                                    "Actual Loops": 1
                                },
                                {
                                    "Worker Number": 3,
                                    "Actual Startup Time": 547.241,
                                    "Actual Total Time": 547.245,
                                    "Actual Rows": 1,
                                    "Actual Loops": 1
                                },
                                {
                                    "Worker Number": 4,
                                    "Actual Startup Time": 547.161,
                                    "Actual Total Time": 547.164,
                                    "Actual Rows": 1,
                                    "Actual Loops": 1
                                }
                            ],
                            "Plans": [
                                {
                                    "Node Type": "Hash Join",
                                    "Parent Relationship": "Outer",
                                    "Parallel Aware": true,
                                    "Join Type": "Inner",
                                    "Startup Cost": 72508.82,
                                    "Total Cost": 238121.4,
                                    "Plan Rows": 209236,
                                    "Plan Width": 0,
                                    "Actual Startup Time": 384.326,
                                    "Actual Total Time": 537.601,
                                    "Actual Rows": 177571,
                                    "Actual Loops": 6,
                                    "Inner Unique": true,
                                    "Hash Cond": "(mi.movie_id = t.id)",
                                    "Workers": [
                                        {
                                            "Worker Number": 0,
                                            "Actual Startup Time": 382.622,
                                            "Actual Total Time": 534.682,
                                            "Actual Rows": 161935,
                                            "Actual Loops": 1
                                        },
                                        {
                                            "Worker Number": 1,
                                            "Actual Startup Time": 381.73,
                                            "Actual Total Time": 535.934,
                                            "Actual Rows": 172943,
                                            "Actual Loops": 1
                                        },
                                        {
                                            "Worker Number": 2,
                                            "Actual Startup Time": 380.491,
                                            "Actual Total Time": 533.035,
                                            "Actual Rows": 139272,
                                            "Actual Loops": 1
                                        },
                                        {
                                            "Worker Number": 3,
                                            "Actual Startup Time": 381.8,
                                            "Actual Total Time": 534.433,
                                            "Actual Rows": 155291,
                                            "Actual Loops": 1
                                        },
                                        {
                                            "Worker Number": 4,
                                            "Actual Startup Time": 379.891,
                                            "Actual Total Time": 534.857,
                                            "Actual Rows": 201918,
                                            "Actual Loops": 1
                                        }
                                    ],
                                    "Plans": [
                                        {
                                            "Node Type": "Bitmap Heap Scan",
                                            "Parent Relationship": "Outer",
                                            "Parallel Aware": true,
                                            "Relation Name": "movie_info",
                                            "Schema": "public",
                                            "Alias": "mi",
                                            "Startup Cost": 21701.74,
                                            "Total Cost": 186686.12,
                                            "Plan Rows": 239311,
                                            "Plan Width": 4,
                                            "Actual Startup Time": 96.054,
                                            "Actual Total Time": 168.194,
                                            "Actual Rows": 200785,
                                            "Actual Loops": 6,
                                            "Output": [
                                                "mi.id",
                                                "mi.movie_id",
                                                "mi.info_type_id",
                                                "mi.info",
                                                "mi.note"
                                            ],
                                            "Recheck Cond": "(mi.info_type_id > 18)",
                                            "Rows Removed by Index Recheck": 0,
                                            "Exact Heap Blocks": 8297,
                                            "Lossy Heap Blocks": 0,
                                            "Workers": [
                                                {
                                                    "Worker Number": 0,
                                                    "Actual Startup Time": 96.164,
                                                    "Actual Total Time": 169.911,
                                                    "Actual Rows": 181545,
                                                    "Actual Loops": 1
                                                },
                                                {
                                                    "Worker Number": 1,
                                                    "Actual Startup Time": 95.746,
                                                    "Actual Total Time": 173.916,
                                                    "Actual Rows": 197519,
                                                    "Actual Loops": 1
                                                },
                                                {
                                                    "Worker Number": 2,
                                                    "Actual Startup Time": 95.904,
                                                    "Actual Total Time": 170.219,
                                                    "Actual Rows": 156100,
                                                    "Actual Loops": 1
                                                },
                                                {
                                                    "Worker Number": 3,
                                                    "Actual Startup Time": 95.925,
                                                    "Actual Total Time": 173.039,
                                                    "Actual Rows": 175891,
                                                    "Actual Loops": 1
                                                },
                                                {
                                                    "Worker Number": 4,
                                                    "Actual Startup Time": 96.193,
                                                    "Actual Total Time": 167.501,
                                                    "Actual Rows": 228036,
                                                    "Actual Loops": 1
                                                }
                                            ],
                                            "Plans": [
                                                {
                                                    "Node Type": "Bitmap Index Scan",
                                                    "Parent Relationship": "Outer",
                                                    "Parallel Aware": false,
                                                    "Index Name": "info_type_id_movie_info",
                                                    "Startup Cost": 0.0,
                                                    "Total Cost": 21402.6,
                                                    "Plan Rows": 1196555,
                                                    "Plan Width": 0,
                                                    "Actual Startup Time": 87.091,
                                                    "Actual Total Time": 87.091,
                                                    "Actual Rows": 1204709,
                                                    "Actual Loops": 1,
                                                    "Index Cond": "(mi.info_type_id > 18)",
                                                    "Workers": [
                                                        {
                                                            "Worker Number": 1,
                                                            "Actual Startup Time": 87.091,
                                                            "Actual Total Time": 87.091,
                                                            "Actual Rows": 1204709,
                                                            "Actual Loops": 1
                                                        }
                                                    ]
                                                }
                                            ]
                                        },
                                        {
                                            "Node Type": "Hash",
                                            "Parent Relationship": "Inner",
                                            "Parallel Aware": true,
                                            "Startup Cost": 43899.01,
                                            "Total Cost": 43899.01,
                                            "Plan Rows": 552646,
                                            "Plan Width": 4,
                                            "Actual Startup Time": 278.628,
                                            "Actual Total Time": 278.63,
                                            "Actual Rows": 369136,
                                            "Actual Loops": 6,
                                            "Output": [
                                                "t.id"
                                            ],
                                            "Hash Buckets": 4194304,
                                            "Original Hash Buckets": 4194304,
                                            "Hash Batches": 1,
                                            "Original Hash Batches": 1,
                                            "Peak Memory Usage": 119488,
                                            "Workers": [
                                                {
                                                    "Worker Number": 0,
                                                    "Actual Startup Time": 282.154,
                                                    "Actual Total Time": 282.156,
                                                    "Actual Rows": 330085,
                                                    "Actual Loops": 1
                                                },
                                                {
                                                    "Worker Number": 1,
                                                    "Actual Startup Time": 281.539,
                                                    "Actual Total Time": 281.54,
                                                    "Actual Rows": 324395,
                                                    "Actual Loops": 1
                                                },
                                                {
                                                    "Worker Number": 2,
                                                    "Actual Startup Time": 280.059,
                                                    "Actual Total Time": 280.06,
                                                    "Actual Rows": 311551,
                                                    "Actual Loops": 1
                                                },
                                                {
                                                    "Worker Number": 3,
                                                    "Actual Startup Time": 281.572,
                                                    "Actual Total Time": 281.573,
                                                    "Actual Rows": 324884,
                                                    "Actual Loops": 1
                                                },
                                                {
                                                    "Worker Number": 4,
                                                    "Actual Startup Time": 281.465,
                                                    "Actual Total Time": 281.466,
                                                    "Actual Rows": 416882,
                                                    "Actual Loops": 1
                                                }
                                            ],
                                            "Plans": [
                                                {
                                                    "Node Type": "Seq Scan",
                                                    "Parent Relationship": "Outer",
                                                    "Parallel Aware": true,
                                                    "Relation Name": "title",
                                                    "Schema": "public",
                                                    "Alias": "t",
                                                    "Startup Cost": 0.0,
                                                    "Total Cost": 43899.01,
                                                    "Plan Rows": 552646,
                                                    "Plan Width": 4,
                                                    "Actual Startup Time": 0.045,
                                                    "Actual Total Time": 99.881,
                                                    "Actual Rows": 369136,
                                                    "Actual Loops": 6,
                                                    "Output": [
                                                        "t.id"
                                                    ],
                                                    "Filter": "(t.production_year > 1959)",
                                                    "Rows Removed by Filter": 52249,
                                                    "Workers": [
                                                        {
                                                            "Worker Number": 0,
                                                            "Actual Startup Time": 0.039,
                                                            "Actual Total Time": 104.12,
                                                            "Actual Rows": 330085,
                                                            "Actual Loops": 1
                                                        },
                                                        {
                                                            "Worker Number": 1,
                                                            "Actual Startup Time": 0.039,
                                                            "Actual Total Time": 105.015,
                                                            "Actual Rows": 324395,
                                                            "Actual Loops": 1
                                                        },
                                                        {
                                                            "Worker Number": 2,
                                                            "Actual Startup Time": 0.071,
                                                            "Actual Total Time": 104.9,
                                                            "Actual Rows": 311551,
                                                            "Actual Loops": 1
                                                        },
                                                        {
                                                            "Worker Number": 3,
                                                            "Actual Startup Time": 0.055,
                                                            "Actual Total Time": 104.762,
                                                            "Actual Rows": 324884,
                                                            "Actual Loops": 1
                                                        },
                                                        {
                                                            "Worker Number": 4,
                                                            "Actual Startup Time": 0.05,
                                                            "Actual Total Time": 97.121,
                                                            "Actual Rows": 416882,
                                                            "Actual Loops": 1
                                                        }
                                                    ]
                                                }
                                            ]
                                        }
                                    ]
                                }
                            ]
                        }
                    ]
                }
            ]
        },
        "Planning Time": 188.723,
        "Triggers": [],
        "Execution Time": 600.776
    }
]