[
  {
    "Plan": {
      "Node Type": "Aggregate",
      "Strategy": "Plain",
      "Partial Mode": "Finalize",
      "Parallel Aware": false,
      "Startup Cost": 89754.09,
      "Total Cost": 89754.1,
      "Plan Rows": 1,
      "Plan Width": 8,
      "Actual Startup Time": 290.789,
      "Actual Total Time": 308.718,
      "Actual Rows": 1,
      "Actual Loops": 1,
      "Plans": [
        {
          "Node Type": "Gather",
          "Parent Relationship": "Outer",
          "Parallel Aware": false,
          "Startup Cost": 89753.77,
          "Total Cost": 89754.08,
          "Plan Rows": 3,
          "Plan Width": 8,
          "Actual Startup Time": 288.365,
          "Actual Total Time": 308.708,
          "Actual Rows": 4,
          "Actual Loops": 1,
          "Workers Planned": 3,
          "Workers Launched": 3,
          "Single Copy": false,
          "Plans": [
            {
              "Node Type": "Aggregate",
              "Strategy": "Plain",
              "Partial Mode": "Partial",
              "Parent Relationship": "Outer",
              "Parallel Aware": false,
              "Startup Cost": 88753.77,
              "Total Cost": 88753.78,
              "Plan Rows": 1,
              "Plan Width": 8,
              "Actual Startup Time": 280.062,
              "Actual Total Time": 280.065,
              "Actual Rows": 1,
              "Actual Loops": 4,
              "Plans": [
                {
                  "Node Type": "Hash Join",
                  "Parent Relationship": "Outer",
                  "Parallel Aware": true,
                  "Join Type": "Inner",
                  "Startup Cost": 45101.84,
                  "Total Cost": 88632.67,
                  "Plan Rows": 48441,
                  "Plan Width": 0,
                  "Actual Startup Time": 143.095,
                  "Actual Total Time": 277.267,
                  "Actual Rows": 55598,
                  "Actual Loops": 4,
                  "Inner Unique": true,
                  "Hash Cond": "(mk.movie_id = t.id)",
                  "Plans": [
                    {
                      "Node Type": "Seq Scan",
                      "Parent Relationship": "Outer",
                      "Parallel Aware": true,
                      "Relation Name": "movie_keyword",
                      "Alias": "mk",
                      "Startup Cost": 0.0,
                      "Total Cost": 42695.65,
                      "Plan Rows": 318163,
                      "Plan Width": 4,
                      "Actual Startup Time": 1.479,
                      "Actual Total Time": 99.004,
                      "Actual Rows": 244347,
                      "Actual Loops": 4,
                      "Filter": "(keyword_id > 19107)",
                      "Rows Removed by Filter": 886636
                    },
                    {
                      "Node Type": "Hash",
                      "Parent Relationship": "Inner",
                      "Parallel Aware": true,
                      "Startup Cost": 43898.92,
                      "Total Cost": 43898.92,
                      "Plan Rows": 96234,
                      "Plan Width": 4,
                      "Actual Startup Time": 137.994,
                      "Actual Total Time": 137.995,
                      "Actual Rows": 98968,
                      "Actual Loops": 4,
                      "Hash Buckets": 524288,
                      "Original Hash Buckets": 524288,
                      "Hash Batches": 1,
                      "Original Hash Batches": 1,
                      "Peak Memory Usage": 19648,
                      "Plans": [
                        {
                          "Node Type": "Seq Scan",
                          "Parent Relationship": "Outer",
                          "Parallel Aware": true,
                          "Relation Name": "title",
                          "Alias": "t",
                          "Startup Cost": 0.0,
                          "Total Cost": 43898.92,
                          "Plan Rows": 96234,
                          "Plan Width": 4,
                          "Actual Startup Time": 0.048,
                          "Actual Total Time": 100.927,
                          "Actual Rows": 98968,
                          "Actual Loops": 4,
                          "Filter": "(production_year < 1972)",
                          "Rows Removed by Filter": 533110
                        }
                      ]
                    }
                  ]
                }
              ]
            }
          ]
        }
      ]
    },
    "Planning Time": 0.629,
    "Triggers": [],
    "Execution Time": 308.79
  }
]