[
    {
        "Bao": {
            "Bao prediction": 469.481,
            "Bao recommended hint": "(no hint)"
        }
    },
    {
        "Plan": {
            "Node Type": "Aggregate",
            "Strategy": "Plain",
            "Partial Mode": "Finalize",
            "Parallel Aware": false,
            "Startup Cost": 332214.5,
            "Total Cost": 332214.51,
            "Plan Rows": 1,
            "Plan Width": 8,
            "Actual Startup Time": 806.338,
            "Actual Total Time": 840.261,
            "Actual Rows": 1,
            "Actual Loops": 1,
            "Output": [
                "count(*)"
            ],
            "Plans": [
                {
                    "Node Type": "Gather",
                    "Parent Relationship": "Outer",
                    "Parallel Aware": false,
                    "Startup Cost": 332213.87,
                    "Total Cost": 332214.48,
                    "Plan Rows": 6,
                    "Plan Width": 8,
                    "Actual Startup Time": 806.235,
                    "Actual Total Time": 840.25,
                    "Actual Rows": 7,
                    "Actual Loops": 1,
                    "Output": [
                        "(PARTIAL count(*))"
                    ],
                    "Workers Planned": 6,
                    "Workers Launched": 6,
                    "Single Copy": false,
                    "Plans": [
                        {
                            "Node Type": "Aggregate",
                            "Strategy": "Plain",
                            "Partial Mode": "Partial",
                            "Parent Relationship": "Outer",
                            "Parallel Aware": false,
                            "Startup Cost": 331213.87,
                            "Total Cost": 331213.88,
                            "Plan Rows": 1,
                            "Plan Width": 8,
                            "Actual Startup Time": 796.945,
                            "Actual Total Time": 796.946,
                            "Actual Rows": 1,
                            "Actual Loops": 7,
                            "Output": [
                                "PARTIAL count(*)"
                            ],
                            "Workers": [
                                {
                                    "Worker Number": 0,
                                    "Actual Startup Time": 794.82,
                                    "Actual Total Time": 794.821,
                                    "Actual Rows": 1,
                                    "Actual Loops": 1
                                },
                                {
                                    "Worker Number": 1,
                                    "Actual Startup Time": 794.846,
                                    "Actual Total Time": 794.846,
                                    "Actual Rows": 1,
                                    "Actual Loops": 1
                                },
                                {
                                    "Worker Number": 2,
                                    "Actual Startup Time": 795.603,
                                    "Actual Total Time": 795.604,
                                    "Actual Rows": 1,
                                    "Actual Loops": 1
                                },
                                {
                                    "Worker Number": 3,
                                    "Actual Startup Time": 795.736,
                                    "Actual Total Time": 795.738,
                                    "Actual Rows": 1,
                                    "Actual Loops": 1
                                },
                                {
                                    "Worker Number": 4,
                                    "Actual Startup Time": 795.846,
                                    "Actual Total Time": 795.848,
                                    "Actual Rows": 1,
                                    "Actual Loops": 1
                                },
                                {
                                    "Worker Number": 5,
                                    "Actual Startup Time": 796.316,
                                    "Actual Total Time": 796.317,
                                    "Actual Rows": 1,
                                    "Actual Loops": 1
                                }
                            ],
                            "Plans": [
                                {
                                    "Node Type": "Seq Scan",
                                    "Parent Relationship": "Outer",
                                    "Parallel Aware": true,
                                    "Relation Name": "cast_info",
                                    "Schema": "public",
                                    "Alias": "ci",
                                    "Startup Cost": 0.0,
                                    "Total Cost": 328213.62,
                                    "Plan Rows": 1200102,
                                    "Plan Width": 0,
                                    "Actual Startup Time": 444.458,
                                    "Actual Total Time": 729.489,
                                    "Actual Rows": 1024615,
                                    "Actual Loops": 7,
                                    "Output": [
                                        "id",
                                        "person_id",
                                        "movie_id",
                                        "person_role_id",
                                        "note",
                                        "nr_order",
                                        "role_id"
                                    ],
                                    "Filter": "(ci.person_id > 2950550)",
                                    "Rows Removed by Filter": 4153148,
                                    "Workers": [
                                        {
                                            "Worker Number": 0,
                                            "Actual Startup Time": 442.335,
                                            "Actual Total Time": 729.162,
                                            "Actual Rows": 987831,
                                            "Actual Loops": 1
                                        },
                                        {
                                            "Worker Number": 1,
                                            "Actual Startup Time": 442.335,
                                            "Actual Total Time": 729.378,
                                            "Actual Rows": 980154,
                                            "Actual Loops": 1
                                        },
                                        {
                                            "Worker Number": 2,
                                            "Actual Startup Time": 443.117,
                                            "Actual Total Time": 730.414,
                                            "Actual Rows": 980254,
                                            "Actual Loops": 1
                                        },
                                        {
                                            "Worker Number": 3,
                                            "Actual Startup Time": 443.268,
                                            "Actual Total Time": 730.303,
                                            "Actual Rows": 983167,
                                            "Actual Loops": 1
                                        },
                                        {
                                            "Worker Number": 4,
                                            "Actual Startup Time": 443.375,
                                            "Actual Total Time": 730.663,
                                            "Actual Rows": 979764,
                                            "Actual Loops": 1
                                        },
                                        {
                                            "Worker Number": 5,
                                            "Actual Startup Time": 443.812,
                                            "Actual Total Time": 729.82,
                                            "Actual Rows": 999333,
                                            "Actual Loops": 1
                                        }
                                    ]
                                }
                            ]
                        }
                    ]
                }
            ]
        },
        "Planning Time": 1383.257,
        "Triggers": [],
        "Execution Time": 840.351
    }
]