{
  "Plan": {
    "Node Type": "Aggregate",
    "Strategy": "Plain",
    "Partial Mode": "Finalize",
    "Parallel Aware": false,
    "Startup Cost": 439549.32,
    "Total Cost": 439549.33,
    "Plan Rows": 1,
    "Plan Width": 8,
    "Actual Startup Time": 5417.905,
    "Actual Total Time": 5472.709,
    "Actual Rows": 1,
    "Actual Loops": 1,
    "Plans": [
      {
        "Node Type": "Gather",
        "Parent Relationship": "Outer",
        "Parallel Aware": false,
        "Startup Cost": 439549.21,
        "Total Cost": 439549.32,
        "Plan Rows": 1,
        "Plan Width": 8,
        "Actual Startup Time": 5412.982,
        "Actual Total Time": 5472.702,
        "Actual Rows": 2,
        "Actual Loops": 1,
        "Workers Planned": 1,
        "Workers Launched": 1,
        "Single Copy": false,
        "Plans": [
          {
            "Node Type": "Aggregate",
            "Strategy": "Plain",
            "Partial Mode": "Partial",
            "Parent Relationship": "Outer",
            "Parallel Aware": false,
            "Startup Cost": 438549.21,
            "Total Cost": 438549.22,
            "Plan Rows": 1,
            "Plan Width": 8,
            "Actual Startup Time": 5406.112,
            "Actual Total Time": 5406.118,
            "Actual Rows": 1,
            "Actual Loops": 2,
            "Plans": [
              {
                "Node Type": "Hash Join",
                "Parent Relationship": "Outer",
                "Parallel Aware": true,
                "Join Type": "Inner",
                "Startup Cost": 105295.46,
                "Total Cost": 436426.14,
                "Plan Rows": 849229,
                "Plan Width": 0,
                "Actual Startup Time": 671.66,
                "Actual Total Time": 5267.757,
                "Actual Rows": 3536852,
                "Actual Loops": 2,
                "Inner Unique": false,
                "Hash Cond": "(t.id = mc.movie_id)",
                "Plans": [
                  {
                    "Node Type": "Hash Join",
                    "Parent Relationship": "Outer",
                    "Parallel Aware": true,
                    "Join Type": "Inner",
                    "Startup Cost": 69460.7,
                    "Total Cost": 341244.19,
                    "Plan Rows": 8696274,
                    "Plan Width": 8,
                    "Actual Startup Time": 521.715,
                    "Actual Total Time": 3590.89,
                    "Actual Rows": 7417860,
                    "Actual Loops": 2,
                    "Inner Unique": true,
                    "Hash Cond": "(mi.movie_id = t.id)",
                    "Plans": [
                      {
                        "Node Type": "Seq Scan",
                        "Parent Relationship": "Outer",
                        "Parallel Aware": true,
                        "Relation Name": "movie_info",
                        "Alias": "mi",
                        "Startup Cost": 0.0,
                        "Total Cost": 248955.74,
                        "Plan Rows": 8696274,
                        "Plan Width": 4,
                        "Actual Startup Time": 0.011,
                        "Actual Total Time": 643.544,
                        "Actual Rows": 7417860,
                        "Actual Loops": 2
                      },
                      {
                        "Node Type": "Hash",
                        "Parent Relationship": "Inner",
                        "Parallel Aware": true,
                        "Startup Cost": 50870.31,
                        "Total Cost": 50870.31,
                        "Plan Rows": 1487231,
                        "Plan Width": 4,
                        "Actual Startup Time": 509.359,
                        "Actual Total Time": 509.36,
                        "Actual Rows": 1264156,
                        "Actual Loops": 2,
                        "Hash Buckets": 4194304,
                        "Original Hash Buckets": 4194304,
                        "Hash Batches": 1,
                        "Original Hash Batches": 1,
                        "Peak Memory Usage": 131712,
                        "Plans": [
                          {
                            "Node Type": "Seq Scan",
                            "Parent Relationship": "Outer",
                            "Parallel Aware": true,
                            "Relation Name": "title",
                            "Alias": "t",
                            "Startup Cost": 0.0,
                            "Total Cost": 50870.31,
                            "Plan Rows": 1487231,
                            "Plan Width": 4,
                            "Actual Startup Time": 0.025,
                            "Actual Total Time": 147.196,
                            "Actual Rows": 1264156,
                            "Actual Loops": 2
                          }
                        ]
                      }
                    ]
                  },
                  {
                    "Node Type": "Hash",
                    "Parent Relationship": "Inner",
                    "Parallel Aware": true,
                    "Startup Cost": 34019.32,
                    "Total Cost": 34019.32,
                    "Plan Rows": 145235,
                    "Plan Width": 4,
                    "Actual Startup Time": 145.801,
                    "Actual Total Time": 145.802,
                    "Actual Rows": 181710,
                    "Actual Loops": 2,
                    "Hash Buckets": 524288,
                    "Original Hash Buckets": 262144,
                    "Hash Batches": 1,
                    "Original Hash Batches": 1,
                    "Peak Memory Usage": 20416,
                    "Plans": [
                      {
                        "Node Type": "Bitmap Heap Scan",
                        "Parent Relationship": "Outer",
                        "Parallel Aware": true,
                        "Relation Name": "movie_companies",
                        "Alias": "mc",
                        "Startup Cost": 10803.82,
                        "Total Cost": 34019.32,
                        "Plan Rows": 145235,
                        "Plan Width": 4,
                        "Actual Startup Time": 37.623,
                        "Actual Total Time": 103.49,
                        "Actual Rows": 181710,
                        "Actual Loops": 2,
                        "Recheck Cond": "(company_id < 448)",
                        "Rows Removed by Index Recheck": 0,
                        "Filter": "(company_type_id < 2)",
                        "Rows Removed by Filter": 67710,
                        "Exact Heap Blocks": 11637,
                        "Lossy Heap Blocks": 0,
                        "Plans": [
                          {
                            "Node Type": "Bitmap Index Scan",
                            "Parent Relationship": "Outer",
                            "Parallel Aware": false,
                            "Index Name": "company_id_movie_companies",
                            "Startup Cost": 0.0,
                            "Total Cost": 10742.1,
                            "Plan Rows": 501556,
                            "Plan Width": 0,
                            "Actual Startup Time": 37.504,
                            "Actual Total Time": 37.504,
                            "Actual Rows": 498840,
                            "Actual Loops": 1,
                            "Index Cond": "(company_id < 448)"
                          }
                        ]
                      }
                    ]
                  }
                ]
              }
            ]
          }
        ]
      }
    ]
  },
  "Planning Time": 1.066,
  "Triggers": [],
  "Execution Time": 5472.819
}