[
  {
    "Plan": {
      "Node Type": "Aggregate",
      "Strategy": "Plain",
      "Partial Mode": "Finalize",
      "Parallel Aware": false,
      "Startup Cost": 33304.74,
      "Total Cost": 33304.75,
      "Plan Rows": 1,
      "Plan Width": 8,
      "Actual Startup Time": 101.273,
      "Actual Total Time": 109.669,
      "Actual Rows": 1,
      "Actual Loops": 1,
      "Plans": [
        {
          "Node Type": "Gather",
          "Parent Relationship": "Outer",
          "Parallel Aware": false,
          "Startup Cost": 33304.42,
          "Total Cost": 33304.73,
          "Plan Rows": 3,
          "Plan Width": 8,
          "Actual Startup Time": 101.167,
          "Actual Total Time": 109.661,
          "Actual Rows": 4,
          "Actual Loops": 1,
          "Workers Planned": 3,
          "Workers Launched": 3,
          "Single Copy": false,
          "Plans": [
            {
              "Node Type": "Aggregate",
              "Strategy": "Plain",
              "Partial Mode": "Partial",
              "Parent Relationship": "Outer",
              "Parallel Aware": false,
              "Startup Cost": 32304.42,
              "Total Cost": 32304.43,
              "Plan Rows": 1,
              "Plan Width": 8,
              "Actual Startup Time": 93.913,
              "Actual Total Time": 93.914,
              "Actual Rows": 1,
              "Actual Loops": 4,
              "Plans": [
                {
                  "Node Type": "Seq Scan",
                  "Parent Relationship": "Outer",
                  "Parallel Aware": true,
                  "Relation Name": "movie_companies",
                  "Alias": "mc",
                  "Startup Cost": 0.0,
                  "Total Cost": 31414.82,
                  "Plan Rows": 355840,
                  "Plan Width": 0,
                  "Actual Startup Time": 0.105,
                  "Actual Total Time": 80.723,
                  "Actual Rows": 248605,
                  "Actual Loops": 4,
                  "Filter": "((company_id > 184) AND (company_type_id = 1))",
                  "Rows Removed by Filter": 403678
                }
              ]
            }
          ]
        }
      ]
    },
    "Planning Time": 0.216,
    "Triggers": [],
    "Execution Time": 109.726
  }
]