[
  {
    "Plan": {
      "Node Type": "Aggregate",
      "Strategy": "Plain",
      "Partial Mode": "Simple",
      "Parallel Aware": false,
      "Startup Cost": 5796.17,
      "Total Cost": 5796.18,
      "Plan Rows": 1,
      "Plan Width": 8,
      "Actual Startup Time": 3.874,
      "Actual Total Time": 3.876,
      "Actual Rows": 1,
      "Actual Loops": 1,
      "Plans": [
        {
          "Node Type": "Index Only Scan",
          "Parent Relationship": "Outer",
          "Parallel Aware": false,
          "Scan Direction": "Forward",
          "Index Name": "company_id_movie_companies",
          "Relation Name": "movie_companies",
          "Alias": "mc",
          "Startup Cost": 0.43,
          "Total Cost": 5790.3,
          "Plan Rows": 2348,
          "Plan Width": 0,
          "Actual Startup Time": 0.258,
          "Actual Total Time": 3.555,
          "Actual Rows": 1798,
          "Actual Loops": 1,
          "Index Cond": "(company_id = 1461)",
          "Rows Removed by Index Recheck": 0,
          "Heap Fetches": 1798
        }
      ]
    },
    "Planning Time": 0.149,
    "Triggers": [],
    "Execution Time": 3.922
  }
]