{
  "Plan": {
    "Node Type": "Aggregate",
    "Strategy": "Plain",
    "Partial Mode": "Finalize",
    "Parallel Aware": false,
    "Startup Cost": 469743.47,
    "Total Cost": 469743.48,
    "Plan Rows": 1,
    "Plan Width": 8,
    "Actual Startup Time": 2462.963,
    "Actual Total Time": 2499.192,
    "Actual Rows": 1,
    "Actual Loops": 1,
    "Plans": [
      {
        "Node Type": "Gather",
        "Parent Relationship": "Outer",
        "Parallel Aware": false,
        "Startup Cost": 469743.35,
        "Total Cost": 469743.46,
        "Plan Rows": 1,
        "Plan Width": 8,
        "Actual Startup Time": 2458.885,
        "Actual Total Time": 2499.183,
        "Actual Rows": 2,
        "Actual Loops": 1,
        "Workers Planned": 1,
        "Workers Launched": 1,
        "Single Copy": false,
        "Plans": [
          {
            "Node Type": "Aggregate",
            "Strategy": "Plain",
            "Partial Mode": "Partial",
            "Parent Relationship": "Outer",
            "Parallel Aware": false,
            "Startup Cost": 468743.35,
            "Total Cost": 468743.36,
            "Plan Rows": 1,
            "Plan Width": 8,
            "Actual Startup Time": 2451.388,
            "Actual Total Time": 2451.391,
            "Actual Rows": 1,
            "Actual Loops": 2,
            "Plans": [
              {
                "Node Type": "Hash Join",
                "Parent Relationship": "Outer",
                "Parallel Aware": true,
                "Join Type": "Inner",
                "Startup Cost": 65889.43,
                "Total Cost": 466475.32,
                "Plan Rows": 907213,
                "Plan Width": 0,
                "Actual Startup Time": 370.042,
                "Actual Total Time": 2371.33,
                "Actual Rows": 1888844,
                "Actual Loops": 2,
                "Inner Unique": true,
                "Hash Cond": "(ci.movie_id = t.id)",
                "Plans": [
                  {
                    "Node Type": "Index Scan",
                    "Parent Relationship": "Outer",
                    "Parallel Aware": true,
                    "Scan Direction": "Forward",
                    "Index Name": "role_id_cast_info",
                    "Relation Name": "cast_info",
                    "Alias": "ci",
                    "Startup Cost": 0.56,
                    "Total Cost": 396668.75,
                    "Plan Rows": 1492454,
                    "Plan Width": 4,
                    "Actual Startup Time": 0.075,
                    "Actual Total Time": 851.824,
                    "Actual Rows": 3258833,
                    "Actual Loops": 2,
                    "Index Cond": "(role_id > 3)",
                    "Rows Removed by Index Recheck": 0,
                    "Filter": "(person_id > 2934748)",
                    "Rows Removed by Filter": 2797990
                  },
                  {
                    "Node Type": "Hash",
                    "Parent Relationship": "Inner",
                    "Parallel Aware": true,
                    "Startup Cost": 54588.39,
                    "Total Cost": 54588.39,
                    "Plan Rows": 904038,
                    "Plan Width": 4,
                    "Actual Startup Time": 355.34,
                    "Actual Total Time": 355.341,
                    "Actual Rows": 771632,
                    "Actual Loops": 2,
                    "Hash Buckets": 2097152,
                    "Original Hash Buckets": 2097152,
                    "Hash Batches": 1,
                    "Original Hash Batches": 1,
                    "Peak Memory Usage": 76768,
                    "Plans": [
                      {
                        "Node Type": "Seq Scan",
                        "Parent Relationship": "Outer",
                        "Parallel Aware": true,
                        "Relation Name": "title",
                        "Alias": "t",
                        "Startup Cost": 0.0,
                        "Total Cost": 54588.39,
                        "Plan Rows": 904038,
                        "Plan Width": 4,
                        "Actual Startup Time": 0.027,
                        "Actual Total Time": 155.326,
                        "Actual Rows": 771632,
                        "Actual Loops": 2,
                        "Filter": "(kind_id = 7)",
                        "Rows Removed by Filter": 492524
                      }
                    ]
                  }
                ]
              }
            ]
          }
        ]
      }
    ]
  },
  "Planning Time": 0.722,
  "Triggers": [],
  "Execution Time": 2499.272
}