[
  {
    "Plan": {
      "Node Type": "Aggregate",
      "Strategy": "Plain",
      "Partial Mode": "Finalize",
      "Parallel Aware": false,
      "Startup Cost": 45690.53,
      "Total Cost": 45690.54,
      "Plan Rows": 1,
      "Plan Width": 8,
      "Actual Startup Time": 155.37,
      "Actual Total Time": 165.696,
      "Actual Rows": 1,
      "Actual Loops": 1,
      "Plans": [
        {
          "Node Type": "Gather",
          "Parent Relationship": "Outer",
          "Parallel Aware": false,
          "Startup Cost": 45690.21,
          "Total Cost": 45690.52,
          "Plan Rows": 3,
          "Plan Width": 8,
          "Actual Startup Time": 155.242,
          "Actual Total Time": 165.689,
          "Actual Rows": 4,
          "Actual Loops": 1,
          "Workers Planned": 3,
          "Workers Launched": 3,
          "Single Copy": false,
          "Plans": [
            {
              "Node Type": "Aggregate",
              "Strategy": "Plain",
              "Partial Mode": "Partial",
              "Parent Relationship": "Outer",
              "Parallel Aware": false,
              "Startup Cost": 44690.21,
              "Total Cost": 44690.22,
              "Plan Rows": 1,
              "Plan Width": 8,
              "Actual Startup Time": 146.153,
              "Actual Total Time": 146.154,
              "Actual Rows": 1,
              "Actual Loops": 4,
              "Plans": [
                {
                  "Node Type": "Seq Scan",
                  "Parent Relationship": "Outer",
                  "Parallel Aware": true,
                  "Relation Name": "movie_keyword",
                  "Alias": "mk",
                  "Startup Cost": 0.0,
                  "Total Cost": 42695.65,
                  "Plan Rows": 797822,
                  "Plan Width": 0,
                  "Actual Startup Time": 0.584,
                  "Actual Total Time": 118.192,
                  "Actual Rows": 619304,
                  "Actual Loops": 4,
                  "Filter": "(keyword_id > 3654)",
                  "Rows Removed by Filter": 511679
                }
              ]
            }
          ]
        }
      ]
    },
    "Planning Time": 0.162,
    "Triggers": [],
    "Execution Time": 165.75
  }
]