{
  "Plan": {
    "Node Type": "Aggregate",
    "Strategy": "Plain",
    "Partial Mode": "Finalize",
    "Parallel Aware": false,
    "Startup Cost": 92093.88,
    "Total Cost": 92093.89,
    "Plan Rows": 1,
    "Plan Width": 8,
    "Actual Startup Time": 365.202,
    "Actual Total Time": 378.209,
    "Actual Rows": 1,
    "Actual Loops": 1,
    "Plans": [
      {
        "Node Type": "Gather",
        "Parent Relationship": "Outer",
        "Parallel Aware": false,
        "Startup Cost": 92093.77,
        "Total Cost": 92093.88,
        "Plan Rows": 1,
        "Plan Width": 8,
        "Actual Startup Time": 364.025,
        "Actual Total Time": 378.199,
        "Actual Rows": 2,
        "Actual Loops": 1,
        "Workers Planned": 1,
        "Workers Launched": 1,
        "Single Copy": false,
        "Plans": [
          {
            "Node Type": "Aggregate",
            "Strategy": "Plain",
            "Partial Mode": "Partial",
            "Parent Relationship": "Outer",
            "Parallel Aware": false,
            "Startup Cost": 91093.77,
            "Total Cost": 91093.78,
            "Plan Rows": 1,
            "Plan Width": 8,
            "Actual Startup Time": 357.954,
            "Actual Total Time": 357.959,
            "Actual Rows": 1,
            "Actual Loops": 2,
            "Plans": [
              {
                "Node Type": "Hash Join",
                "Parent Relationship": "Outer",
                "Parallel Aware": true,
                "Join Type": "Inner",
                "Startup Cost": 34301.33,
                "Total Cost": 91023.76,
                "Plan Rows": 28002,
                "Plan Width": 0,
                "Actual Startup Time": 152.122,
                "Actual Total Time": 356.712,
                "Actual Rows": 22354,
                "Actual Loops": 2,
                "Inner Unique": false,
                "Hash Cond": "(t.id = mc.movie_id)",
                "Plans": [
                  {
                    "Node Type": "Seq Scan",
                    "Parent Relationship": "Outer",
                    "Parallel Aware": true,
                    "Relation Name": "title",
                    "Alias": "t",
                    "Startup Cost": 0.0,
                    "Total Cost": 54588.39,
                    "Plan Rows": 315092,
                    "Plan Width": 4,
                    "Actual Startup Time": 0.013,
                    "Actual Total Time": 130.826,
                    "Actual Rows": 266684,
                    "Actual Loops": 2,
                    "Filter": "(production_year > 2009)",
                    "Rows Removed by Filter": 997472
                  },
                  {
                    "Node Type": "Hash",
                    "Parent Relationship": "Inner",
                    "Parallel Aware": true,
                    "Startup Cost": 32649.22,
                    "Total Cost": 32649.22,
                    "Plan Rows": 132169,
                    "Plan Width": 4,
                    "Actual Startup Time": 148.463,
                    "Actual Total Time": 148.465,
                    "Actual Rows": 170490,
                    "Actual Loops": 2,
                    "Hash Buckets": 524288,
                    "Original Hash Buckets": 262144,
                    "Hash Batches": 1,
                    "Original Hash Batches": 1,
                    "Peak Memory Usage": 19520,
                    "Plans": [
                      {
                        "Node Type": "Bitmap Heap Scan",
                        "Parent Relationship": "Outer",
                        "Parallel Aware": true,
                        "Relation Name": "movie_companies",
                        "Alias": "mc",
                        "Startup Cost": 9831.86,
                        "Total Cost": 32649.22,
                        "Plan Rows": 132169,
                        "Plan Width": 4,
                        "Actual Startup Time": 32.737,
                        "Actual Total Time": 99.472,
                        "Actual Rows": 170490,
                        "Actual Loops": 2,
                        "Recheck Cond": "(company_id < 369)",
                        "Rows Removed by Index Recheck": 0,
                        "Filter": "(company_type_id = 1)",
                        "Rows Removed by Filter": 54542,
                        "Exact Heap Blocks": 12062,
                        "Lossy Heap Blocks": 0,
                        "Plans": [
                          {
                            "Node Type": "Bitmap Index Scan",
                            "Parent Relationship": "Outer",
                            "Parallel Aware": false,
                            "Index Name": "company_id_movie_companies",
                            "Startup Cost": 0.0,
                            "Total Cost": 9775.68,
                            "Plan Rows": 456434,
                            "Plan Width": 0,
                            "Actual Startup Time": 31.962,
                            "Actual Total Time": 31.962,
                            "Actual Rows": 450066,
                            "Actual Loops": 1,
                            "Index Cond": "(company_id < 369)"
                          }
                        ]
                      }
                    ]
                  }
                ]
              }
            ]
          }
        ]
      }
    ]
  },
  "Planning Time": 0.537,
  "Triggers": [],
  "Execution Time": 378.305
}