[
  {
    "Plan": {
      "Node Type": "Aggregate",
      "Strategy": "Plain",
      "Partial Mode": "Finalize",
      "Parallel Aware": false,
      "Startup Cost": 26490.25,
      "Total Cost": 26490.26,
      "Plan Rows": 1,
      "Plan Width": 8,
      "Actual Startup Time": 68.915,
      "Actual Total Time": 73.6,
      "Actual Rows": 1,
      "Actual Loops": 1,
      "Plans": [
        {
          "Node Type": "Gather",
          "Parent Relationship": "Outer",
          "Parallel Aware": false,
          "Startup Cost": 26489.83,
          "Total Cost": 26490.24,
          "Plan Rows": 4,
          "Plan Width": 8,
          "Actual Startup Time": 68.716,
          "Actual Total Time": 73.591,
          "Actual Rows": 5,
          "Actual Loops": 1,
          "Workers Planned": 4,
          "Workers Launched": 4,
          "Single Copy": false,
          "Plans": [
            {
              "Node Type": "Aggregate",
              "Strategy": "Plain",
              "Partial Mode": "Partial",
              "Parent Relationship": "Outer",
              "Parallel Aware": false,
              "Startup Cost": 25489.83,
              "Total Cost": 25489.84,
              "Plan Rows": 1,
              "Plan Width": 8,
              "Actual Startup Time": 61.329,
              "Actual Total Time": 61.33,
              "Actual Rows": 1,
              "Actual Loops": 5,
              "Plans": [
                {
                  "Node Type": "Index Scan",
                  "Parent Relationship": "Outer",
                  "Parallel Aware": true,
                  "Scan Direction": "Forward",
                  "Index Name": "role_id_cast_info",
                  "Relation Name": "cast_info",
                  "Alias": "ci",
                  "Startup Cost": 0.56,
                  "Total Cost": 25284.63,
                  "Plan Rows": 82082,
                  "Plan Width": 0,
                  "Actual Startup Time": 0.241,
                  "Actual Total Time": 52.979,
                  "Actual Rows": 129961,
                  "Actual Loops": 5,
                  "Index Cond": "(role_id = 5)",
                  "Rows Removed by Index Recheck": 0,
                  "Filter": "(person_id > 2366401)",
                  "Rows Removed by Filter": 49717
                }
              ]
            }
          ]
        }
      ]
    },
    "Planning Time": 0.186,
    "Triggers": [],
    "Execution Time": 73.662
  }
]