{
    "Plan": {
        "Node Type": "Aggregate",
        "Strategy": "Plain",
        "Partial Mode": "Finalize",
        "Parallel Aware": false,
        "Startup Cost": 282429.55,
        "Total Cost": 282429.56,
        "Plan Rows": 1,
        "Plan Width": 8,
        "Actual Startup Time": 862.88,
        "Actual Total Time": 904.238,
        "Actual Rows": 1,
        "Actual Loops": 1,
        "Output": [
            "count(*)"
        ],
        "Plans": [
            {
                "Node Type": "Gather",
                "Parent Relationship": "Outer",
                "Parallel Aware": false,
                "Startup Cost": 282429.23,
                "Total Cost": 282429.54,
                "Plan Rows": 3,
                "Plan Width": 8,
                "Actual Startup Time": 857.585,
                "Actual Total Time": 904.146,
                "Actual Rows": 4,
                "Actual Loops": 1,
                "Output": [
                    "(PARTIAL count(*))"
                ],
                "Workers Planned": 3,
                "Workers Launched": 3,
                "Single Copy": false,
                "Plans": [
                    {
                        "Node Type": "Aggregate",
                        "Strategy": "Plain",
                        "Partial Mode": "Partial",
                        "Parent Relationship": "Outer",
                        "Parallel Aware": false,
                        "Startup Cost": 281429.23,
                        "Total Cost": 281429.24,
                        "Plan Rows": 1,
                        "Plan Width": 8,
                        "Actual Startup Time": 848.216,
                        "Actual Total Time": 848.543,
                        "Actual Rows": 1,
                        "Actual Loops": 4,
                        "Output": [
                            "PARTIAL count(*)"
                        ],
                        "Workers": [
                            {
                                "Worker Number": 0,
                                "Actual Startup Time": 845.704,
                                "Actual Total Time": 845.709,
                                "Actual Rows": 1,
                                "Actual Loops": 1
                            },
                            {
                                "Worker Number": 1,
                                "Actual Startup Time": 845.17,
                                "Actual Total Time": 845.176,
                                "Actual Rows": 1,
                                "Actual Loops": 1
                            },
                            {
                                "Worker Number": 2,
                                "Actual Startup Time": 845.193,
                                "Actual Total Time": 845.198,
                                "Actual Rows": 1,
                                "Actual Loops": 1
                            }
                        ],
                        "Plans": [
                            {
                                "Node Type": "Hash Join",
                                "Parent Relationship": "Outer",
                                "Parallel Aware": true,
                                "Join Type": "Inner",
                                "Startup Cost": 248580.56,
                                "Total Cost": 281244.93,
                                "Plan Rows": 73721,
                                "Plan Width": 0,
                                "Actual Startup Time": 756.603,
                                "Actual Total Time": 844.179,
                                "Actual Rows": 99353,
                                "Actual Loops": 4,
                                "Inner Unique": false,
                                "Hash Cond": "(mc.movie_id = t.id)",
                                "Workers": [
                                    {
                                        "Worker Number": 0,
                                        "Actual Startup Time": 753.653,
                                        "Actual Total Time": 841.479,
                                        "Actual Rows": 105852,
                                        "Actual Loops": 1
                                    },
                                    {
                                        "Worker Number": 1,
                                        "Actual Startup Time": 753.787,
                                        "Actual Total Time": 840.964,
                                        "Actual Rows": 105544,
                                        "Actual Loops": 1
                                    },
                                    {
                                        "Worker Number": 2,
                                        "Actual Startup Time": 753.72,
                                        "Actual Total Time": 840.568,
                                        "Actual Rows": 73109,
                                        "Actual Loops": 1
                                    }
                                ],
                                "Plans": [
                                    {
                                        "Node Type": "Seq Scan",
                                        "Parent Relationship": "Outer",
                                        "Parallel Aware": true,
                                        "Relation Name": "movie_companies",
                                        "Schema": "public",
                                        "Alias": "mc",
                                        "Startup Cost": 0.0,
                                        "Total Cost": 31414.82,
                                        "Plan Rows": 293895,
                                        "Plan Width": 4,
                                        "Actual Startup Time": 31.96,
                                        "Actual Total Time": 70.421,
                                        "Actual Rows": 274173,
                                        "Actual Loops": 4,
                                        "Output": [
                                            "mc.id",
                                            "mc.movie_id",
                                            "mc.company_id",
                                            "mc.company_type_id",
                                            "mc.note"
                                        ],
                                        "Filter": "((mc.company_id > 1951) AND (mc.company_type_id > 1))",
                                        "Rows Removed by Filter": 378109,
                                        "Workers": [
                                            {
                                                "Worker Number": 0,
                                                "Actual Startup Time": 31.984,
                                                "Actual Total Time": 70.467,
                                                "Actual Rows": 291547,
                                                "Actual Loops": 1
                                            },
                                            {
                                                "Worker Number": 1,
                                                "Actual Startup Time": 31.992,
                                                "Actual Total Time": 70.415,
                                                "Actual Rows": 290425,
                                                "Actual Loops": 1
                                            },
                                            {
                                                "Worker Number": 2,
                                                "Actual Startup Time": 31.898,
                                                "Actual Total Time": 72.621,
                                                "Actual Rows": 199191,
                                                "Actual Loops": 1
                                            }
                                        ]
                                    },
                                    {
                                        "Node Type": "Hash",
                                        "Parent Relationship": "Inner",
                                        "Parallel Aware": true,
                                        "Startup Cost": 246995.05,
                                        "Total Cost": 246995.05,
                                        "Plan Rows": 126841,
                                        "Plan Width": 8,
                                        "Actual Startup Time": 719.681,
                                        "Actual Total Time": 720.007,
                                        "Actual Rows": 52827,
                                        "Actual Loops": 4,
                                        "Output": [
                                            "t.id",
                                            "mi.movie_id"
                                        ],
                                        "Hash Buckets": 1048576,
                                        "Original Hash Buckets": 1048576,
                                        "Hash Batches": 1,
                                        "Original Hash Batches": 1,
                                        "Peak Memory Usage": 16544,
                                        "Workers": [
                                            {
                                                "Worker Number": 0,
                                                "Actual Startup Time": 721.032,
                                                "Actual Total Time": 721.036,
                                                "Actual Rows": 55447,
                                                "Actual Loops": 1
                                            },
                                            {
                                                "Worker Number": 1,
                                                "Actual Startup Time": 721.03,
                                                "Actual Total Time": 721.034,
                                                "Actual Rows": 54973,
                                                "Actual Loops": 1
                                            },
                                            {
                                                "Worker Number": 2,
                                                "Actual Startup Time": 720.92,
                                                "Actual Total Time": 720.924,
                                                "Actual Rows": 39326,
                                                "Actual Loops": 1
                                            }
                                        ],
                                        "Plans": [
                                            {
                                                "Node Type": "Hash Join",
                                                "Parent Relationship": "Outer",
                                                "Parallel Aware": true,
                                                "Join Type": "Inner",
                                                "Startup Cost": 47352.58,
                                                "Total Cost": 246995.05,
                                                "Plan Rows": 126841,
                                                "Plan Width": 8,
                                                "Actual Startup Time": 314.976,
                                                "Actual Total Time": 697.679,
                                                "Actual Rows": 52827,
                                                "Actual Loops": 4,
                                                "Output": [
                                                    "t.id",
                                                    "mi.movie_id"
                                                ],
                                                "Inner Unique": true,
                                                "Hash Cond": "(mi.movie_id = t.id)",
                                                "Workers": [
                                                    {
                                                        "Worker Number": 0,
                                                        "Actual Startup Time": 314.939,
                                                        "Actual Total Time": 697.433,
                                                        "Actual Rows": 55447,
                                                        "Actual Loops": 1
                                                    },
                                                    {
                                                        "Worker Number": 1,
                                                        "Actual Startup Time": 314.921,
                                                        "Actual Total Time": 696.974,
                                                        "Actual Rows": 54973,
                                                        "Actual Loops": 1
                                                    },
                                                    {
                                                        "Worker Number": 2,
                                                        "Actual Startup Time": 314.963,
                                                        "Actual Total Time": 697.6,
                                                        "Actual Rows": 39326,
                                                        "Actual Loops": 1
                                                    }
                                                ],
                                                "Plans": [
                                                    {
                                                        "Node Type": "Seq Scan",
                                                        "Parent Relationship": "Outer",
                                                        "Parallel Aware": true,
                                                        "Relation Name": "movie_info",
                                                        "Schema": "public",
                                                        "Alias": "mi",
                                                        "Startup Cost": 0.0,
                                                        "Total Cost": 198880.74,
                                                        "Plan Rows": 290184,
                                                        "Plan Width": 4,
                                                        "Actual Startup Time": 64.614,
                                                        "Actual Total Time": 383.233,
                                                        "Actual Rows": 350476,
                                                        "Actual Loops": 4,
                                                        "Output": [
                                                            "mi.id",
                                                            "mi.movie_id",
                                                            "mi.info_type_id",
                                                            "mi.info",
                                                            "mi.note"
                                                        ],
                                                        "Filter": "(mi.info_type_id = 7)",
                                                        "Rows Removed by Filter": 3358454,
                                                        "Workers": [
                                                            {
                                                                "Worker Number": 0,
                                                                "Actual Startup Time": 64.591,
                                                                "Actual Total Time": 383.338,
                                                                "Actual Rows": 368267,
                                                                "Actual Loops": 1
                                                            },
                                                            {
                                                                "Worker Number": 1,
                                                                "Actual Startup Time": 64.614,
                                                                "Actual Total Time": 383.1,
                                                                "Actual Rows": 366656,
                                                                "Actual Loops": 1
                                                            },
                                                            {
                                                                "Worker Number": 2,
                                                                "Actual Startup Time": 64.635,
                                                                "Actual Total Time": 386.203,
                                                                "Actual Rows": 259216,
                                                                "Actual Loops": 1
                                                            }
                                                        ]
                                                    },
                                                    {
                                                        "Node Type": "Hash",
                                                        "Parent Relationship": "Inner",
                                                        "Parallel Aware": true,
                                                        "Startup Cost": 43899.01,
                                                        "Total Cost": 43899.01,
                                                        "Plan Rows": 276286,
                                                        "Plan Width": 4,
                                                        "Actual Startup Time": 245.675,
                                                        "Actual Total Time": 245.676,
                                                        "Actual Rows": 276981,
                                                        "Actual Loops": 4,
                                                        "Output": [
                                                            "t.id"
                                                        ],
                                                        "Hash Buckets": 2097152,
                                                        "Original Hash Buckets": 2097152,
                                                        "Hash Batches": 1,
                                                        "Original Hash Batches": 1,
                                                        "Peak Memory Usage": 59808,
                                                        "Workers": [
                                                            {
                                                                "Worker Number": 0,
                                                                "Actual Startup Time": 250.212,
                                                                "Actual Total Time": 250.213,
                                                                "Actual Rows": 270905,
                                                                "Actual Loops": 1
                                                            },
                                                            {
                                                                "Worker Number": 1,
                                                                "Actual Startup Time": 250.222,
                                                                "Actual Total Time": 250.223,
                                                                "Actual Rows": 266477,
                                                                "Actual Loops": 1
                                                            },
                                                            {
                                                                "Worker Number": 2,
                                                                "Actual Startup Time": 250.055,
                                                                "Actual Total Time": 250.056,
                                                                "Actual Rows": 176227,
                                                                "Actual Loops": 1
                                                            }
                                                        ],
                                                        "Plans": [
                                                            {
                                                                "Node Type": "Seq Scan",
                                                                "Parent Relationship": "Outer",
                                                                "Parallel Aware": true,
                                                                "Relation Name": "title",
                                                                "Schema": "public",
                                                                "Alias": "t",
                                                                "Startup Cost": 0.0,
                                                                "Total Cost": 43899.01,
                                                                "Plan Rows": 276286,
                                                                "Plan Width": 4,
                                                                "Actual Startup Time": 0.068,
                                                                "Actual Total Time": 118.299,
                                                                "Actual Rows": 276981,
                                                                "Actual Loops": 4,
                                                                "Output": [
                                                                    "t.id"
                                                                ],
                                                                "Filter": "(t.production_year > 2004)",
                                                                "Rows Removed by Filter": 355097,
                                                                "Workers": [
                                                                    {
                                                                        "Worker Number": 0,
                                                                        "Actual Startup Time": 0.087,
                                                                        "Actual Total Time": 119.162,
                                                                        "Actual Rows": 270905,
                                                                        "Actual Loops": 1
                                                                    },
                                                                    {
                                                                        "Worker Number": 1,
                                                                        "Actual Startup Time": 0.078,
                                                                        "Actual Total Time": 119.445,
                                                                        "Actual Rows": 266477,
                                                                        "Actual Loops": 1
                                                                    },
                                                                    {
                                                                        "Worker Number": 2,
                                                                        "Actual Startup Time": 0.09,
                                                                        "Actual Total Time": 128.654,
                                                                        "Actual Rows": 176227,
                                                                        "Actual Loops": 1
                                                                    }
                                                                ]
                                                            }
                                                        ]
                                                    }
                                                ]
                                            }
                                        ]
                                    }
                                ]
                            }
                        ]
                    }
                ]
            }
        ]
    },
    "Planning Time": 1.681,
    "Triggers": [],
    "Execution Time": 904.329
}