{
  "Plan": {
    "Node Type": "Aggregate",
    "Strategy": "Plain",
    "Partial Mode": "Finalize",
    "Parallel Aware": false,
    "Startup Cost": 88968.88,
    "Total Cost": 88968.89,
    "Plan Rows": 1,
    "Plan Width": 8,
    "Actual Startup Time": 254.97,
    "Actual Total Time": 267.994,
    "Actual Rows": 1,
    "Actual Loops": 1,
    "Plans": [
      {
        "Node Type": "Gather",
        "Parent Relationship": "Outer",
        "Parallel Aware": false,
        "Startup Cost": 88968.77,
        "Total Cost": 88968.88,
        "Plan Rows": 1,
        "Plan Width": 8,
        "Actual Startup Time": 254.461,
        "Actual Total Time": 267.987,
        "Actual Rows": 2,
        "Actual Loops": 1,
        "Workers Planned": 1,
        "Workers Launched": 1,
        "Single Copy": false,
        "Plans": [
          {
            "Node Type": "Aggregate",
            "Strategy": "Plain",
            "Partial Mode": "Partial",
            "Parent Relationship": "Outer",
            "Parallel Aware": false,
            "Startup Cost": 87968.77,
            "Total Cost": 87968.78,
            "Plan Rows": 1,
            "Plan Width": 8,
            "Actual Startup Time": 248.434,
            "Actual Total Time": 248.438,
            "Actual Rows": 1,
            "Actual Loops": 2,
            "Plans": [
              {
                "Node Type": "Nested Loop",
                "Parent Relationship": "Outer",
                "Parallel Aware": false,
                "Join Type": "Inner",
                "Startup Cost": 58411.03,
                "Total Cost": 87962.8,
                "Plan Rows": 2385,
                "Plan Width": 0,
                "Actual Startup Time": 182.16,
                "Actual Total Time": 248.063,
                "Actual Rows": 6590,
                "Actual Loops": 2,
                "Inner Unique": false,
                "Plans": [
                  {
                    "Node Type": "Hash Join",
                    "Parent Relationship": "Outer",
                    "Parallel Aware": true,
                    "Join Type": "Inner",
                    "Startup Cost": 58410.6,
                    "Total Cost": 84020.68,
                    "Plan Rows": 4369,
                    "Plan Width": 8,
                    "Actual Startup Time": 182.01,
                    "Actual Total Time": 232.869,
                    "Actual Rows": 2754,
                    "Actual Loops": 2,
                    "Inner Unique": true,
                    "Hash Cond": "(mk.movie_id = t.id)",
                    "Plans": [
                      {
                        "Node Type": "Bitmap Heap Scan",
                        "Parent Relationship": "Outer",
                        "Parallel Aware": true,
                        "Relation Name": "movie_keyword",
                        "Alias": "mk",
                        "Startup Cost": 2759.46,
                        "Total Cost": 28168.89,
                        "Plan Rows": 76435,
                        "Plan Width": 4,
                        "Actual Startup Time": 12.45,
                        "Actual Total Time": 51.573,
                        "Actual Rows": 63158,
                        "Actual Loops": 2,
                        "Recheck Cond": "(keyword_id > 76962)",
                        "Rows Removed by Index Recheck": 0,
                        "Exact Heap Blocks": 11486,
                        "Lossy Heap Blocks": 0,
                        "Plans": [
                          {
                            "Node Type": "Bitmap Index Scan",
                            "Parent Relationship": "Outer",
                            "Parallel Aware": false,
                            "Index Name": "keyword_id_movie_keyword",
                            "Startup Cost": 0.0,
                            "Total Cost": 2726.97,
                            "Plan Rows": 129939,
                            "Plan Width": 0,
                            "Actual Startup Time": 9.583,
                            "Actual Total Time": 9.584,
                            "Actual Rows": 126316,
                            "Actual Loops": 1,
                            "Index Cond": "(keyword_id > 76962)"
                          }
                        ]
                      },
                      {
                        "Node Type": "Hash",
                        "Parent Relationship": "Inner",
                        "Parallel Aware": true,
                        "Startup Cost": 54588.39,
                        "Total Cost": 54588.39,
                        "Plan Rows": 85020,
                        "Plan Width": 4,
                        "Actual Startup Time": 165.817,
                        "Actual Total Time": 165.818,
                        "Actual Rows": 70852,
                        "Actual Loops": 2,
                        "Hash Buckets": 262144,
                        "Original Hash Buckets": 262144,
                        "Hash Batches": 1,
                        "Original Hash Batches": 1,
                        "Peak Memory Usage": 7616,
                        "Plans": [
                          {
                            "Node Type": "Seq Scan",
                            "Parent Relationship": "Outer",
                            "Parallel Aware": true,
                            "Relation Name": "title",
                            "Alias": "t",
                            "Startup Cost": 0.0,
                            "Total Cost": 54588.39,
                            "Plan Rows": 85020,
                            "Plan Width": 4,
                            "Actual Startup Time": 0.031,
                            "Actual Total Time": 141.572,
                            "Actual Rows": 70852,
                            "Actual Loops": 2,
                            "Filter": "(production_year = 2010)",
                            "Rows Removed by Filter": 1193304
                          }
                        ]
                      }
                    ]
                  },
                  {
                    "Node Type": "Index Only Scan",
                    "Parent Relationship": "Inner",
                    "Parallel Aware": false,
                    "Scan Direction": "Forward",
                    "Index Name": "movie_id_movie_info_idx",
                    "Relation Name": "movie_info_idx",
                    "Alias": "mi_idx",
                    "Startup Cost": 0.43,
                    "Total Cost": 0.87,
                    "Plan Rows": 3,
                    "Plan Width": 4,
                    "Actual Startup Time": 0.005,
                    "Actual Total Time": 0.005,
                    "Actual Rows": 2,
                    "Actual Loops": 5509,
                    "Index Cond": "(movie_id = t.id)",
                    "Rows Removed by Index Recheck": 0,
                    "Heap Fetches": 13180
                  }
                ]
              }
            ]
          }
        ]
      }
    ]
  },
  "Planning Time": 0.93,
  "Triggers": [],
  "Execution Time": 268.095
}