[
  {
    "Plan": {
      "Node Type": "Aggregate",
      "Strategy": "Plain",
      "Partial Mode": "Finalize",
      "Parallel Aware": false,
      "Startup Cost": 330425.62,
      "Total Cost": 330425.63,
      "Plan Rows": 1,
      "Plan Width": 8,
      "Actual Startup Time": 304.626,
      "Actual Total Time": 317.167,
      "Actual Rows": 1,
      "Actual Loops": 1,
      "Plans": [
        {
          "Node Type": "Gather",
          "Parent Relationship": "Outer",
          "Parallel Aware": false,
          "Startup Cost": 330425.0,
          "Total Cost": 330425.61,
          "Plan Rows": 6,
          "Plan Width": 8,
          "Actual Startup Time": 297.543,
          "Actual Total Time": 317.056,
          "Actual Rows": 7,
          "Actual Loops": 1,
          "Workers Planned": 6,
          "Workers Launched": 6,
          "Single Copy": false,
          "Plans": [
            {
              "Node Type": "Aggregate",
              "Strategy": "Plain",
              "Partial Mode": "Partial",
              "Parent Relationship": "Outer",
              "Parallel Aware": false,
              "Startup Cost": 329425.0,
              "Total Cost": 329425.01,
              "Plan Rows": 1,
              "Plan Width": 8,
              "Actual Startup Time": 285.458,
              "Actual Total Time": 285.461,
              "Actual Rows": 1,
              "Actual Loops": 7,
              "Plans": [
                {
                  "Node Type": "Hash Join",
                  "Parent Relationship": "Outer",
                  "Parallel Aware": true,
                  "Join Type": "Inner",
                  "Startup Cost": 73593.98,
                  "Total Cost": 329371.84,
                  "Plan Rows": 21264,
                  "Plan Width": 0,
                  "Actual Startup Time": 182.127,
                  "Actual Total Time": 281.734,
                  "Actual Rows": 75437,
                  "Actual Loops": 7,
                  "Inner Unique": true,
                  "Hash Cond": "(ci.movie_id = t.id)",
                  "Plans": [
                    {
                      "Node Type": "Bitmap Heap Scan",
                      "Parent Relationship": "Outer",
                      "Parallel Aware": true,
                      "Relation Name": "cast_info",
                      "Alias": "ci",
                      "Startup Cost": 25578.81,
                      "Total Cost": 281182.77,
                      "Plan Rows": 66247,
                      "Plan Width": 4,
                      "Actual Startup Time": 36.388,
                      "Actual Total Time": 79.73,
                      "Actual Rows": 162192,
                      "Actual Loops": 7,
                      "Recheck Cond": "(person_id > 3841425)",
                      "Rows Removed by Index Recheck": 0,
                      "Filter": "(role_id > 3)",
                      "Rows Removed by Filter": 0,
                      "Exact Heap Blocks": 3007,
                      "Lossy Heap Blocks": 0,
                      "Plans": [
                        {
                          "Node Type": "Bitmap Index Scan",
                          "Parent Relationship": "Outer",
                          "Parallel Aware": false,
                          "Index Name": "person_id_cast_info",
                          "Startup Cost": 0.0,
                          "Total Cost": 25479.44,
                          "Plan Rows": 1166783,
                          "Plan Width": 0,
                          "Actual Startup Time": 33.849,
                          "Actual Total Time": 33.849,
                          "Actual Rows": 1135344,
                          "Actual Loops": 1,
                          "Index Cond": "(person_id > 3841425)"
                        }
                      ]
                    },
                    {
                      "Node Type": "Hash",
                      "Parent Relationship": "Inner",
                      "Parallel Aware": true,
                      "Startup Cost": 45479.1,
                      "Total Cost": 45479.1,
                      "Plan Rows": 202886,
                      "Plan Width": 4,
                      "Actual Startup Time": 142.721,
                      "Actual Total Time": 142.722,
                      "Actual Rows": 125992,
                      "Actual Loops": 7,
                      "Hash Buckets": 1048576,
                      "Original Hash Buckets": 1048576,
                      "Hash Batches": 1,
                      "Original Hash Batches": 1,
                      "Peak Memory Usage": 42848,
                      "Plans": [
                        {
                          "Node Type": "Seq Scan",
                          "Parent Relationship": "Outer",
                          "Parallel Aware": true,
                          "Relation Name": "title",
                          "Alias": "t",
                          "Startup Cost": 0.0,
                          "Total Cost": 45479.1,
                          "Plan Rows": 202886,
                          "Plan Width": 4,
                          "Actual Startup Time": 0.037,
                          "Actual Total Time": 78.009,
                          "Actual Rows": 125992,
                          "Actual Loops": 7,
                          "Filter": "((production_year > 2001) AND (kind_id = 7))",
                          "Rows Removed by Filter": 235195
                        }
                      ]
                    }
                  ]
                }
              ]
            }
          ]
        }
      ]
    },
    "Planning Time": 0.709,
    "Triggers": [],
    "Execution Time": 317.262
  }
]