[
  {
    "Plan": {
      "Node Type": "Aggregate",
      "Strategy": "Plain",
      "Partial Mode": "Finalize",
      "Parallel Aware": false,
      "Startup Cost": 44492.81,
      "Total Cost": 44492.82,
      "Plan Rows": 1,
      "Plan Width": 8,
      "Actual Startup Time": 149.646,
      "Actual Total Time": 156.767,
      "Actual Rows": 1,
      "Actual Loops": 1,
      "Plans": [
        {
          "Node Type": "Gather",
          "Parent Relationship": "Outer",
          "Parallel Aware": false,
          "Startup Cost": 44492.49,
          "Total Cost": 44492.8,
          "Plan Rows": 3,
          "Plan Width": 8,
          "Actual Startup Time": 149.501,
          "Actual Total Time": 156.756,
          "Actual Rows": 4,
          "Actual Loops": 1,
          "Workers Planned": 3,
          "Workers Launched": 3,
          "Single Copy": false,
          "Plans": [
            {
              "Node Type": "Aggregate",
              "Strategy": "Plain",
              "Partial Mode": "Partial",
              "Parent Relationship": "Outer",
              "Parallel Aware": false,
              "Startup Cost": 43492.49,
              "Total Cost": 43492.5,
              "Plan Rows": 1,
              "Plan Width": 8,
              "Actual Startup Time": 143.536,
              "Actual Total Time": 143.537,
              "Actual Rows": 1,
              "Actual Loops": 4,
              "Plans": [
                {
                  "Node Type": "Seq Scan",
                  "Parent Relationship": "Outer",
                  "Parallel Aware": true,
                  "Relation Name": "movie_keyword",
                  "Alias": "mk",
                  "Startup Cost": 0.0,
                  "Total Cost": 42695.65,
                  "Plan Rows": 318734,
                  "Plan Width": 0,
                  "Actual Startup Time": 3.903,
                  "Actual Total Time": 127.476,
                  "Actual Rows": 244572,
                  "Actual Loops": 4,
                  "Filter": "(keyword_id > 19040)",
                  "Rows Removed by Filter": 886410
                }
              ]
            }
          ]
        }
      ]
    },
    "Planning Time": 0.18,
    "Triggers": [],
    "Execution Time": 156.824
  }
]