[
    {
        "Bao": {
            "Bao prediction": "NaN",
            "Bao recommended hint": "(no hint)"
        }
    },
    {
        "Plan": {
            "Node Type": "Aggregate",
            "Strategy": "Plain",
            "Partial Mode": "Simple",
            "Parallel Aware": false,
            "Startup Cost": 268555.16,
            "Total Cost": 268555.17,
            "Plan Rows": 1,
            "Plan Width": 8,
            "Actual Startup Time": 45.191,
            "Actual Total Time": 45.193,
            "Actual Rows": 1,
            "Actual Loops": 1,
            "Output": [
                "count(*)"
            ],
            "Plans": [
                {
                    "Node Type": "Bitmap Heap Scan",
                    "Parent Relationship": "Outer",
                    "Parallel Aware": false,
                    "Relation Name": "cast_info",
                    "Schema": "public",
                    "Alias": "ci",
                    "Startup Cost": 5293.14,
                    "Total Cost": 268218.89,
                    "Plan Rows": 134509,
                    "Plan Width": 0,
                    "Actual Startup Time": 10.767,
                    "Actual Total Time": 37.448,
                    "Actual Rows": 179620,
                    "Actual Loops": 1,
                    "Recheck Cond": "(ci.person_id < 28241)",
                    "Rows Removed by Index Recheck": 0,
                    "Filter": "(ci.role_id < 3)",
                    "Rows Removed by Filter": 58418,
                    "Exact Heap Blocks": 2539,
                    "Lossy Heap Blocks": 0,
                    "Plans": [
                        {
                            "Node Type": "Bitmap Index Scan",
                            "Parent Relationship": "Outer",
                            "Parallel Aware": false,
                            "Index Name": "person_id_cast_info",
                            "Startup Cost": 0.0,
                            "Total Cost": 5259.51,
                            "Plan Rows": 240926,
                            "Plan Width": 0,
                            "Actual Startup Time": 10.422,
                            "Actual Total Time": 10.423,
                            "Actual Rows": 238038,
                            "Actual Loops": 1,
                            "Index Cond": "(ci.person_id < 28241)"
                        }
                    ]
                }
            ]
        },
        "Planning Time": 184.907,
        "Triggers": [],
        "Execution Time": 45.237
    }
]