[
  {
    "Plan": {
      "Node Type": "Aggregate",
      "Strategy": "Plain",
      "Partial Mode": "Finalize",
      "Parallel Aware": false,
      "Startup Cost": 336855.29,
      "Total Cost": 336855.3,
      "Plan Rows": 1,
      "Plan Width": 8,
      "Actual Startup Time": 415.067,
      "Actual Total Time": 441.653,
      "Actual Rows": 1,
      "Actual Loops": 1,
      "Plans": [
        {
          "Node Type": "Gather",
          "Parent Relationship": "Outer",
          "Parallel Aware": false,
          "Startup Cost": 336854.77,
          "Total Cost": 336855.28,
          "Plan Rows": 5,
          "Plan Width": 8,
          "Actual Startup Time": 414.408,
          "Actual Total Time": 441.641,
          "Actual Rows": 6,
          "Actual Loops": 1,
          "Workers Planned": 5,
          "Workers Launched": 5,
          "Single Copy": false,
          "Plans": [
            {
              "Node Type": "Aggregate",
              "Strategy": "Plain",
              "Partial Mode": "Partial",
              "Parent Relationship": "Outer",
              "Parallel Aware": false,
              "Startup Cost": 335854.77,
              "Total Cost": 335854.78,
              "Plan Rows": 1,
              "Plan Width": 8,
              "Actual Startup Time": 402.931,
              "Actual Total Time": 402.933,
              "Actual Rows": 1,
              "Actual Loops": 6,
              "Plans": [
                {
                  "Node Type": "Nested Loop",
                  "Parent Relationship": "Outer",
                  "Parallel Aware": false,
                  "Join Type": "Inner",
                  "Startup Cost": 6695.47,
                  "Total Cost": 335817.94,
                  "Plan Rows": 14731,
                  "Plan Width": 0,
                  "Actual Startup Time": 6.713,
                  "Actual Total Time": 397.766,
                  "Actual Rows": 66557,
                  "Actual Loops": 6,
                  "Inner Unique": false,
                  "Plans": [
                    {
                      "Node Type": "Nested Loop",
                      "Parent Relationship": "Outer",
                      "Parallel Aware": false,
                      "Join Type": "Inner",
                      "Startup Cost": 6695.04,
                      "Total Cost": 321447.79,
                      "Plan Rows": 26990,
                      "Plan Width": 8,
                      "Actual Startup Time": 6.333,
                      "Actual Total Time": 233.472,
                      "Actual Rows": 46696,
                      "Actual Loops": 6,
                      "Inner Unique": true,
                      "Plans": [
                        {
                          "Node Type": "Bitmap Heap Scan",
                          "Parent Relationship": "Outer",
                          "Parallel Aware": true,
                          "Relation Name": "cast_info",
                          "Alias": "ci",
                          "Startup Cost": 6694.61,
                          "Total Cost": 273368.7,
                          "Plan Rows": 26990,
                          "Plan Width": 4,
                          "Actual Startup Time": 6.064,
                          "Actual Total Time": 21.689,
                          "Actual Rows": 46696,
                          "Actual Loops": 6,
                          "Recheck Cond": "(person_id > 4011774)",
                          "Rows Removed by Index Recheck": 0,
                          "Filter": "(role_id > 2)",
                          "Rows Removed by Filter": 0,
                          "Exact Heap Blocks": 642,
                          "Lossy Heap Blocks": 0,
                          "Plans": [
                            {
                              "Node Type": "Bitmap Index Scan",
                              "Parent Relationship": "Outer",
                              "Parallel Aware": false,
                              "Index Name": "person_id_cast_info",
                              "Startup Cost": 0.0,
                              "Total Cost": 6660.87,
                              "Plan Rows": 305108,
                              "Plan Width": 0,
                              "Actual Startup Time": 16.063,
                              "Actual Total Time": 16.064,
                              "Actual Rows": 280173,
                              "Actual Loops": 1,
                              "Index Cond": "(person_id > 4011774)"
                            }
                          ]
                        },
                        {
                          "Node Type": "Index Only Scan",
                          "Parent Relationship": "Inner",
                          "Parallel Aware": false,
                          "Scan Direction": "Forward",
                          "Index Name": "title_pkey",
                          "Relation Name": "title",
                          "Alias": "t",
                          "Startup Cost": 0.43,
                          "Total Cost": 1.78,
                          "Plan Rows": 1,
                          "Plan Width": 4,
                          "Actual Startup Time": 0.004,
                          "Actual Total Time": 0.004,
                          "Actual Rows": 1,
                          "Actual Loops": 280173,
                          "Index Cond": "(id = ci.movie_id)",
                          "Rows Removed by Index Recheck": 0,
                          "Heap Fetches": 280173
                        }
                      ]
                    },
                    {
                      "Node Type": "Index Only Scan",
                      "Parent Relationship": "Inner",
                      "Parallel Aware": false,
                      "Scan Direction": "Forward",
                      "Index Name": "movie_id_movie_info_idx",
                      "Relation Name": "movie_info_idx",
                      "Alias": "mi_idx",
                      "Startup Cost": 0.43,
                      "Total Cost": 0.5,
                      "Plan Rows": 3,
                      "Plan Width": 4,
                      "Actual Startup Time": 0.003,
                      "Actual Total Time": 0.003,
                      "Actual Rows": 1,
                      "Actual Loops": 280173,
                      "Index Cond": "(movie_id = t.id)",
                      "Rows Removed by Index Recheck": 0,
                      "Heap Fetches": 399344
                    }
                  ]
                }
              ]
            }
          ]
        }
      ]
    },
    "Planning Time": 0.633,
    "Triggers": [],
    "Execution Time": 441.719
  }
]