[
  {
    "Plan": {
      "Node Type": "Aggregate",
      "Strategy": "Plain",
      "Partial Mode": "Finalize",
      "Parallel Aware": false,
      "Startup Cost": 32236.94,
      "Total Cost": 32236.95,
      "Plan Rows": 1,
      "Plan Width": 8,
      "Actual Startup Time": 116.028,
      "Actual Total Time": 124.011,
      "Actual Rows": 1,
      "Actual Loops": 1,
      "Plans": [
        {
          "Node Type": "Gather",
          "Parent Relationship": "Outer",
          "Parallel Aware": false,
          "Startup Cost": 32236.62,
          "Total Cost": 32236.93,
          "Plan Rows": 3,
          "Plan Width": 8,
          "Actual Startup Time": 115.948,
          "Actual Total Time": 124.004,
          "Actual Rows": 4,
          "Actual Loops": 1,
          "Workers Planned": 3,
          "Workers Launched": 3,
          "Single Copy": false,
          "Plans": [
            {
              "Node Type": "Aggregate",
              "Strategy": "Plain",
              "Partial Mode": "Partial",
              "Parent Relationship": "Outer",
              "Parallel Aware": false,
              "Startup Cost": 31236.62,
              "Total Cost": 31236.63,
              "Plan Rows": 1,
              "Plan Width": 8,
              "Actual Startup Time": 110.889,
              "Actual Total Time": 110.89,
              "Actual Rows": 1,
              "Actual Loops": 4,
              "Plans": [
                {
                  "Node Type": "Seq Scan",
                  "Parent Relationship": "Outer",
                  "Parallel Aware": true,
                  "Relation Name": "movie_companies",
                  "Alias": "mc",
                  "Startup Cost": 0.0,
                  "Total Cost": 29310.68,
                  "Plan Rows": 770376,
                  "Plan Width": 0,
                  "Actual Startup Time": 0.051,
                  "Actual Total Time": 82.196,
                  "Actual Rows": 597630,
                  "Actual Loops": 4,
                  "Filter": "(company_id < 108342)",
                  "Rows Removed by Filter": 54653
                }
              ]
            }
          ]
        }
      ]
    },
    "Planning Time": 0.092,
    "Triggers": [],
    "Execution Time": 124.041
  }
]