[
  {
    "Plan": {
      "Node Type": "Aggregate",
      "Strategy": "Plain",
      "Partial Mode": "Finalize",
      "Parallel Aware": false,
      "Startup Cost": 82537.66,
      "Total Cost": 82537.67,
      "Plan Rows": 1,
      "Plan Width": 8,
      "Actual Startup Time": 343.814,
      "Actual Total Time": 364.078,
      "Actual Rows": 1,
      "Actual Loops": 1,
      "Plans": [
        {
          "Node Type": "Gather",
          "Parent Relationship": "Outer",
          "Parallel Aware": false,
          "Startup Cost": 82537.24,
          "Total Cost": 82537.65,
          "Plan Rows": 4,
          "Plan Width": 8,
          "Actual Startup Time": 337.683,
          "Actual Total Time": 364.068,
          "Actual Rows": 5,
          "Actual Loops": 1,
          "Workers Planned": 4,
          "Workers Launched": 4,
          "Single Copy": false,
          "Plans": [
            {
              "Node Type": "Aggregate",
              "Strategy": "Plain",
              "Partial Mode": "Partial",
              "Parent Relationship": "Outer",
              "Parallel Aware": false,
              "Startup Cost": 81537.24,
              "Total Cost": 81537.25,
              "Plan Rows": 1,
              "Plan Width": 8,
              "Actual Startup Time": 328.282,
              "Actual Total Time": 328.286,
              "Actual Rows": 1,
              "Actual Loops": 5,
              "Plans": [
                {
                  "Node Type": "Hash Join",
                  "Parent Relationship": "Outer",
                  "Parallel Aware": true,
                  "Join Type": "Inner",
                  "Startup Cost": 34841.63,
                  "Total Cost": 81006.09,
                  "Plan Rows": 212462,
                  "Plan Width": 0,
                  "Actual Startup Time": 126.922,
                  "Actual Total Time": 321.901,
                  "Actual Rows": 130768,
                  "Actual Loops": 5,
                  "Inner Unique": false,
                  "Hash Cond": "(t.id = mc.movie_id)",
                  "Plans": [
                    {
                      "Node Type": "Seq Scan",
                      "Parent Relationship": "Outer",
                      "Parallel Aware": true,
                      "Relation Name": "title",
                      "Alias": "t",
                      "Startup Cost": 0.0,
                      "Total Cost": 42318.73,
                      "Plan Rows": 632073,
                      "Plan Width": 4,
                      "Actual Startup Time": 0.021,
                      "Actual Total Time": 70.237,
                      "Actual Rows": 505662,
                      "Actual Loops": 5
                    },
                    {
                      "Node Type": "Hash",
                      "Parent Relationship": "Inner",
                      "Parallel Aware": true,
                      "Startup Cost": 31414.82,
                      "Total Cost": 31414.82,
                      "Plan Rows": 274145,
                      "Plan Width": 4,
                      "Actual Startup Time": 122.211,
                      "Actual Total Time": 122.212,
                      "Actual Rows": 130768,
                      "Actual Loops": 5,
                      "Hash Buckets": 1048576,
                      "Original Hash Buckets": 1048576,
                      "Hash Batches": 1,
                      "Original Hash Batches": 1,
                      "Peak Memory Usage": 33856,
                      "Plans": [
                        {
                          "Node Type": "Seq Scan",
                          "Parent Relationship": "Outer",
                          "Parallel Aware": true,
                          "Relation Name": "movie_companies",
                          "Alias": "mc",
                          "Startup Cost": 0.0,
                          "Total Cost": 31414.82,
                          "Plan Rows": 274145,
                          "Plan Width": 4,
                          "Actual Startup Time": 2.182,
                          "Actual Total Time": 76.187,
                          "Actual Rows": 130768,
                          "Actual Loops": 5,
                          "Filter": "((company_id > 2596) AND (company_type_id = 1))",
                          "Rows Removed by Filter": 391058
                        }
                      ]
                    }
                  ]
                }
              ]
            }
          ]
        }
      ]
    },
    "Planning Time": 0.65,
    "Triggers": [],
    "Execution Time": 364.151
  }
]