{
  "Plan": {
    "Node Type": "Aggregate",
    "Strategy": "Plain",
    "Partial Mode": "Finalize",
    "Parallel Aware": false,
    "Startup Cost": 90106.25,
    "Total Cost": 90106.26,
    "Plan Rows": 1,
    "Plan Width": 8,
    "Actual Startup Time": 218.894,
    "Actual Total Time": 236.5,
    "Actual Rows": 1,
    "Actual Loops": 1,
    "Plans": [
      {
        "Node Type": "Gather",
        "Parent Relationship": "Outer",
        "Parallel Aware": false,
        "Startup Cost": 90106.14,
        "Total Cost": 90106.25,
        "Plan Rows": 1,
        "Plan Width": 8,
        "Actual Startup Time": 218.486,
        "Actual Total Time": 236.492,
        "Actual Rows": 2,
        "Actual Loops": 1,
        "Workers Planned": 1,
        "Workers Launched": 1,
        "Single Copy": false,
        "Plans": [
          {
            "Node Type": "Aggregate",
            "Strategy": "Plain",
            "Partial Mode": "Partial",
            "Parent Relationship": "Outer",
            "Parallel Aware": false,
            "Startup Cost": 89106.14,
            "Total Cost": 89106.15,
            "Plan Rows": 1,
            "Plan Width": 8,
            "Actual Startup Time": 211.947,
            "Actual Total Time": 211.951,
            "Actual Rows": 1,
            "Actual Loops": 2,
            "Plans": [
              {
                "Node Type": "Nested Loop",
                "Parent Relationship": "Outer",
                "Parallel Aware": false,
                "Join Type": "Inner",
                "Startup Cost": 60693.59,
                "Total Cost": 89105.19,
                "Plan Rows": 379,
                "Plan Width": 0,
                "Actual Startup Time": 161.72,
                "Actual Total Time": 211.931,
                "Actual Rows": 108,
                "Actual Loops": 2,
                "Inner Unique": false,
                "Join Filter": "(t.id = mi.movie_id)",
                "Rows Removed by Join Filter": 0,
                "Plans": [
                  {
                    "Node Type": "Hash Join",
                    "Parent Relationship": "Outer",
                    "Parallel Aware": true,
                    "Join Type": "Inner",
                    "Startup Cost": 60693.15,
                    "Total Cost": 86106.98,
                    "Plan Rows": 321,
                    "Plan Width": 8,
                    "Actual Startup Time": 161.648,
                    "Actual Total Time": 209.881,
                    "Actual Rows": 83,
                    "Actual Loops": 2,
                    "Inner Unique": true,
                    "Hash Cond": "(mk.movie_id = t.id)",
                    "Plans": [
                      {
                        "Node Type": "Bitmap Heap Scan",
                        "Parent Relationship": "Outer",
                        "Parallel Aware": true,
                        "Relation Name": "movie_keyword",
                        "Alias": "mk",
                        "Startup Cost": 2292.51,
                        "Total Cost": 27539.75,
                        "Plan Rows": 63459,
                        "Plan Width": 4,
                        "Actual Startup Time": 13.045,
                        "Actual Total Time": 54.112,
                        "Actual Rows": 60960,
                        "Actual Loops": 2,
                        "Recheck Cond": "(keyword_id < 117)",
                        "Rows Removed by Index Recheck": 0,
                        "Exact Heap Blocks": 14503,
                        "Lossy Heap Blocks": 0,
                        "Plans": [
                          {
                            "Node Type": "Bitmap Index Scan",
                            "Parent Relationship": "Outer",
                            "Parallel Aware": false,
                            "Index Name": "keyword_id_movie_keyword",
                            "Startup Cost": 0.0,
                            "Total Cost": 2265.54,
                            "Plan Rows": 107881,
                            "Plan Width": 0,
                            "Actual Startup Time": 9.664,
                            "Actual Total Time": 9.665,
                            "Actual Rows": 121921,
                            "Actual Loops": 1,
                            "Index Cond": "(keyword_id < 117)"
                          }
                        ]
                      },
                      {
                        "Node Type": "Hash",
                        "Parent Relationship": "Inner",
                        "Parallel Aware": true,
                        "Startup Cost": 58306.47,
                        "Total Cost": 58306.47,
                        "Plan Rows": 7534,
                        "Plan Width": 4,
                        "Actual Startup Time": 147.053,
                        "Actual Total Time": 147.054,
                        "Actual Rows": 5794,
                        "Actual Loops": 2,
                        "Hash Buckets": 16384,
                        "Original Hash Buckets": 16384,
                        "Hash Batches": 1,
                        "Original Hash Batches": 1,
                        "Peak Memory Usage": 608,
                        "Plans": [
                          {
                            "Node Type": "Seq Scan",
                            "Parent Relationship": "Outer",
                            "Parallel Aware": true,
                            "Relation Name": "title",
                            "Alias": "t",
                            "Startup Cost": 0.0,
                            "Total Cost": 58306.47,
                            "Plan Rows": 7534,
                            "Plan Width": 4,
                            "Actual Startup Time": 0.054,
                            "Actual Total Time": 144.882,
                            "Actual Rows": 5794,
                            "Actual Loops": 2,
                            "Filter": "((kind_id = 7) AND (production_year = 1986))",
                            "Rows Removed by Filter": 1258362
                          }
                        ]
                      }
                    ]
                  },
                  {
                    "Node Type": "Index Scan",
                    "Parent Relationship": "Inner",
                    "Parallel Aware": false,
                    "Scan Direction": "Forward",
                    "Index Name": "movie_id_movie_info",
                    "Relation Name": "movie_info",
                    "Alias": "mi",
                    "Startup Cost": 0.43,
                    "Total Cost": 9.24,
                    "Plan Rows": 8,
                    "Plan Width": 4,
                    "Actual Startup Time": 0.014,
                    "Actual Total Time": 0.024,
                    "Actual Rows": 1,
                    "Actual Loops": 166,
                    "Index Cond": "(movie_id = mk.movie_id)",
                    "Rows Removed by Index Recheck": 0,
                    "Filter": "(info_type_id = 16)",
                    "Rows Removed by Filter": 8
                  }
                ]
              }
            ]
          }
        ]
      }
    ]
  },
  "Planning Time": 1.054,
  "Triggers": [],
  "Execution Time": 236.634
}