[
  {
    "Plan": {
      "Node Type": "Aggregate",
      "Strategy": "Plain",
      "Partial Mode": "Finalize",
      "Parallel Aware": false,
      "Startup Cost": 32252.63,
      "Total Cost": 32252.64,
      "Plan Rows": 1,
      "Plan Width": 8,
      "Actual Startup Time": 127.139,
      "Actual Total Time": 133.007,
      "Actual Rows": 1,
      "Actual Loops": 1,
      "Plans": [
        {
          "Node Type": "Gather",
          "Parent Relationship": "Outer",
          "Parallel Aware": false,
          "Startup Cost": 32252.31,
          "Total Cost": 32252.62,
          "Plan Rows": 3,
          "Plan Width": 8,
          "Actual Startup Time": 127.022,
          "Actual Total Time": 132.998,
          "Actual Rows": 4,
          "Actual Loops": 1,
          "Workers Planned": 3,
          "Workers Launched": 3,
          "Single Copy": false,
          "Plans": [
            {
              "Node Type": "Aggregate",
              "Strategy": "Plain",
              "Partial Mode": "Partial",
              "Parent Relationship": "Outer",
              "Parallel Aware": false,
              "Startup Cost": 31252.31,
              "Total Cost": 31252.32,
              "Plan Rows": 1,
              "Plan Width": 8,
              "Actual Startup Time": 120.708,
              "Actual Total Time": 120.709,
              "Actual Rows": 1,
              "Actual Loops": 4,
              "Plans": [
                {
                  "Node Type": "Seq Scan",
                  "Parent Relationship": "Outer",
                  "Parallel Aware": true,
                  "Relation Name": "movie_companies",
                  "Alias": "mc",
                  "Startup Cost": 0.0,
                  "Total Cost": 29310.68,
                  "Plan Rows": 776651,
                  "Plan Width": 0,
                  "Actual Startup Time": 0.034,
                  "Actual Total Time": 88.22,
                  "Actual Rows": 602754,
                  "Actual Loops": 4,
                  "Filter": "(company_id < 114077)",
                  "Rows Removed by Filter": 49528
                }
              ]
            }
          ]
        }
      ]
    },
    "Planning Time": 0.126,
    "Triggers": [],
    "Execution Time": 133.045
  }
]