[
  {
    "Plan": {
      "Node Type": "Aggregate",
      "Strategy": "Plain",
      "Partial Mode": "Finalize",
      "Parallel Aware": false,
      "Startup Cost": 190554.43,
      "Total Cost": 190554.44,
      "Plan Rows": 1,
      "Plan Width": 8,
      "Actual Startup Time": 1150.148,
      "Actual Total Time": 1199.79,
      "Actual Rows": 1,
      "Actual Loops": 1,
      "Plans": [
        {
          "Node Type": "Gather",
          "Parent Relationship": "Outer",
          "Parallel Aware": false,
          "Startup Cost": 190554.11,
          "Total Cost": 190554.42,
          "Plan Rows": 3,
          "Plan Width": 8,
          "Actual Startup Time": 1128.495,
          "Actual Total Time": 1199.778,
          "Actual Rows": 4,
          "Actual Loops": 1,
          "Workers Planned": 3,
          "Workers Launched": 3,
          "Single Copy": false,
          "Plans": [
            {
              "Node Type": "Aggregate",
              "Strategy": "Plain",
              "Partial Mode": "Partial",
              "Parent Relationship": "Outer",
              "Parallel Aware": false,
              "Startup Cost": 189554.11,
              "Total Cost": 189554.12,
              "Plan Rows": 1,
              "Plan Width": 8,
              "Actual Startup Time": 1115.835,
              "Actual Total Time": 1115.84,
              "Actual Rows": 1,
              "Actual Loops": 4,
              "Plans": [
                {
                  "Node Type": "Nested Loop",
                  "Parent Relationship": "Outer",
                  "Parallel Aware": false,
                  "Join Type": "Inner",
                  "Startup Cost": 54268.19,
                  "Total Cost": 188670.03,
                  "Plan Rows": 353631,
                  "Plan Width": 0,
                  "Actual Startup Time": 411.403,
                  "Actual Total Time": 1069.234,
                  "Actual Rows": 813356,
                  "Actual Loops": 4,
                  "Inner Unique": false,
                  "Plans": [
                    {
                      "Node Type": "Hash Join",
                      "Parent Relationship": "Outer",
                      "Parallel Aware": true,
                      "Join Type": "Inner",
                      "Startup Cost": 54267.75,
                      "Total Cost": 73968.68,
                      "Plan Rows": 60226,
                      "Plan Width": 8,
                      "Actual Startup Time": 411.267,
                      "Actual Total Time": 475.972,
                      "Actual Rows": 45604,
                      "Actual Loops": 4,
                      "Inner Unique": true,
                      "Hash Cond": "(mc.movie_id = t.id)",
                      "Plans": [
                        {
                          "Node Type": "Bitmap Heap Scan",
                          "Parent Relationship": "Outer",
                          "Parallel Aware": true,
                          "Relation Name": "movie_companies",
                          "Alias": "mc",
                          "Startup Cost": 4047.37,
                          "Total Cost": 23590.2,
                          "Plan Rows": 60226,
                          "Plan Width": 4,
                          "Actual Startup Time": 9.453,
                          "Actual Total Time": 34.033,
                          "Actual Rows": 45604,
                          "Actual Loops": 4,
                          "Recheck Cond": "(company_id < 46)",
                          "Rows Removed by Index Recheck": 0,
                          "Exact Heap Blocks": 5371,
                          "Lossy Heap Blocks": 0,
                          "Plans": [
                            {
                              "Node Type": "Bitmap Index Scan",
                              "Parent Relationship": "Outer",
                              "Parallel Aware": false,
                              "Index Name": "company_id_movie_companies",
                              "Startup Cost": 0.0,
                              "Total Cost": 4000.69,
                              "Plan Rows": 186702,
                              "Plan Width": 0,
                              "Actual Startup Time": 7.385,
                              "Actual Total Time": 7.386,
                              "Actual Rows": 182418,
                              "Actual Loops": 1,
                              "Index Cond": "(company_id < 46)"
                            }
                          ]
                        },
                        {
                          "Node Type": "Hash",
                          "Parent Relationship": "Inner",
                          "Parallel Aware": true,
                          "Startup Cost": 42319.06,
                          "Total Cost": 42319.06,
                          "Plan Rows": 632106,
                          "Plan Width": 4,
                          "Actual Startup Time": 392.871,
                          "Actual Total Time": 392.872,
                          "Actual Rows": 632078,
                          "Actual Loops": 4,
                          "Hash Buckets": 4194304,
                          "Original Hash Buckets": 4194304,
                          "Hash Batches": 1,
                          "Original Hash Batches": 1,
                          "Peak Memory Usage": 131744,
                          "Plans": [
                            {
                              "Node Type": "Seq Scan",
                              "Parent Relationship": "Outer",
                              "Parallel Aware": true,
                              "Relation Name": "title",
                              "Alias": "t",
                              "Startup Cost": 0.0,
                              "Total Cost": 42319.06,
                              "Plan Rows": 632106,
                              "Plan Width": 4,
                              "Actual Startup Time": 0.061,
                              "Actual Total Time": 121.59,
                              "Actual Rows": 632078,
                              "Actual Loops": 4
                            }
                          ]
                        }
                      ]
                    },
                    {
                      "Node Type": "Index Only Scan",
                      "Parent Relationship": "Inner",
                      "Parallel Aware": false,
                      "Scan Direction": "Forward",
                      "Index Name": "movie_id_movie_info",
                      "Relation Name": "movie_info",
                      "Alias": "mi",
                      "Startup Cost": 0.43,
                      "Total Cost": 1.49,
                      "Plan Rows": 41,
                      "Plan Width": 4,
                      "Actual Startup Time": 0.004,
                      "Actual Total Time": 0.011,
                      "Actual Rows": 18,
                      "Actual Loops": 182418,
                      "Index Cond": "(movie_id = t.id)",
                      "Rows Removed by Index Recheck": 0,
                      "Heap Fetches": 3253423
                    }
                  ]
                }
              ]
            }
          ]
        }
      ]
    },
    "Planning Time": 0.585,
    "Triggers": [],
    "Execution Time": 1199.855
  }
]