[
  {
    "Plan": {
      "Node Type": "Aggregate",
      "Strategy": "Plain",
      "Partial Mode": "Finalize",
      "Parallel Aware": false,
      "Startup Cost": 339085.0,
      "Total Cost": 339085.01,
      "Plan Rows": 1,
      "Plan Width": 8,
      "Actual Startup Time": 750.625,
      "Actual Total Time": 793.534,
      "Actual Rows": 1,
      "Actual Loops": 1,
      "Plans": [
        {
          "Node Type": "Gather",
          "Parent Relationship": "Outer",
          "Parallel Aware": false,
          "Startup Cost": 339084.37,
          "Total Cost": 339084.98,
          "Plan Rows": 6,
          "Plan Width": 8,
          "Actual Startup Time": 750.449,
          "Actual Total Time": 793.521,
          "Actual Rows": 7,
          "Actual Loops": 1,
          "Workers Planned": 6,
          "Workers Launched": 6,
          "Single Copy": false,
          "Plans": [
            {
              "Node Type": "Aggregate",
              "Strategy": "Plain",
              "Partial Mode": "Partial",
              "Parent Relationship": "Outer",
              "Parallel Aware": false,
              "Startup Cost": 338084.37,
              "Total Cost": 338084.38,
              "Plan Rows": 1,
              "Plan Width": 8,
              "Actual Startup Time": 743.59,
              "Actual Total Time": 743.591,
              "Actual Rows": 1,
              "Actual Loops": 7,
              "Plans": [
                {
                  "Node Type": "Seq Scan",
                  "Parent Relationship": "Outer",
                  "Parallel Aware": true,
                  "Relation Name": "cast_info",
                  "Alias": "ci",
                  "Startup Cost": 0.0,
                  "Total Cost": 328211.39,
                  "Plan Rows": 3949192,
                  "Plan Width": 0,
                  "Actual Startup Time": 0.044,
                  "Actual Total Time": 585.589,
                  "Actual Rows": 3404825,
                  "Actual Loops": 7,
                  "Filter": "(person_id < 2443432)",
                  "Rows Removed by Filter": 1772938
                }
              ]
            }
          ]
        }
      ]
    },
    "Planning Time": 0.206,
    "Triggers": [],
    "Execution Time": 793.602
  }
]