{
  "Plan": {
    "Node Type": "Aggregate",
    "Strategy": "Plain",
    "Partial Mode": "Finalize",
    "Parallel Aware": false,
    "Startup Cost": 99949.07,
    "Total Cost": 99949.08,
    "Plan Rows": 1,
    "Plan Width": 8,
    "Actual Startup Time": 538.964,
    "Actual Total Time": 551.56,
    "Actual Rows": 1,
    "Actual Loops": 1,
    "Plans": [
      {
        "Node Type": "Gather",
        "Parent Relationship": "Outer",
        "Parallel Aware": false,
        "Startup Cost": 99948.96,
        "Total Cost": 99949.07,
        "Plan Rows": 1,
        "Plan Width": 8,
        "Actual Startup Time": 537.852,
        "Actual Total Time": 551.553,
        "Actual Rows": 2,
        "Actual Loops": 1,
        "Workers Planned": 1,
        "Workers Launched": 1,
        "Single Copy": false,
        "Plans": [
          {
            "Node Type": "Aggregate",
            "Strategy": "Plain",
            "Partial Mode": "Partial",
            "Parent Relationship": "Outer",
            "Parallel Aware": false,
            "Startup Cost": 98948.96,
            "Total Cost": 98948.97,
            "Plan Rows": 1,
            "Plan Width": 8,
            "Actual Startup Time": 531.894,
            "Actual Total Time": 531.898,
            "Actual Rows": 1,
            "Actual Loops": 2,
            "Plans": [
              {
                "Node Type": "Hash Join",
                "Parent Relationship": "Outer",
                "Parallel Aware": true,
                "Join Type": "Inner",
                "Startup Cost": 36396.61,
                "Total Cost": 98237.09,
                "Plan Rows": 284746,
                "Plan Width": 0,
                "Actual Startup Time": 135.259,
                "Actual Total Time": 521.599,
                "Actual Rows": 245818,
                "Actual Loops": 2,
                "Inner Unique": false,
                "Hash Cond": "(t.id = mc.movie_id)",
                "Plans": [
                  {
                    "Node Type": "Seq Scan",
                    "Parent Relationship": "Outer",
                    "Parallel Aware": true,
                    "Relation Name": "title",
                    "Alias": "t",
                    "Startup Cost": 0.0,
                    "Total Cost": 50870.31,
                    "Plan Rows": 1487231,
                    "Plan Width": 4,
                    "Actual Startup Time": 0.011,
                    "Actual Total Time": 117.785,
                    "Actual Rows": 1264156,
                    "Actual Loops": 2
                  },
                  {
                    "Node Type": "Hash",
                    "Parent Relationship": "Inner",
                    "Parallel Aware": true,
                    "Startup Cost": 32837.28,
                    "Total Cost": 32837.28,
                    "Plan Rows": 284746,
                    "Plan Width": 4,
                    "Actual Startup Time": 129.607,
                    "Actual Total Time": 129.608,
                    "Actual Rows": 245818,
                    "Actual Loops": 2,
                    "Hash Buckets": 524288,
                    "Original Hash Buckets": 524288,
                    "Hash Batches": 1,
                    "Original Hash Batches": 1,
                    "Peak Memory Usage": 23360,
                    "Plans": [
                      {
                        "Node Type": "Bitmap Heap Scan",
                        "Parent Relationship": "Outer",
                        "Parallel Aware": true,
                        "Relation Name": "movie_companies",
                        "Alias": "mc",
                        "Startup Cost": 10487.96,
                        "Total Cost": 32837.28,
                        "Plan Rows": 284746,
                        "Plan Width": 4,
                        "Actual Startup Time": 34.177,
                        "Actual Total Time": 80.267,
                        "Actual Rows": 245818,
                        "Actual Loops": 2,
                        "Recheck Cond": "(company_id > 74635)",
                        "Rows Removed by Index Recheck": 0,
                        "Exact Heap Blocks": 4507,
                        "Lossy Heap Blocks": 0,
                        "Plans": [
                          {
                            "Node Type": "Bitmap Index Scan",
                            "Parent Relationship": "Outer",
                            "Parallel Aware": false,
                            "Index Name": "company_id_movie_companies",
                            "Startup Cost": 0.0,
                            "Total Cost": 10366.94,
                            "Plan Rows": 484068,
                            "Plan Width": 0,
                            "Actual Startup Time": 33.22,
                            "Actual Total Time": 33.22,
                            "Actual Rows": 491637,
                            "Actual Loops": 1,
                            "Index Cond": "(company_id > 74635)"
                          }
                        ]
                      }
                    ]
                  }
                ]
              }
            ]
          }
        ]
      }
    ]
  },
  "Planning Time": 0.617,
  "Triggers": [],
  "Execution Time": 551.653
}