[
  {
    "Plan": {
      "Node Type": "Aggregate",
      "Strategy": "Plain",
      "Partial Mode": "Finalize",
      "Parallel Aware": false,
      "Startup Cost": 71014.42,
      "Total Cost": 71014.43,
      "Plan Rows": 1,
      "Plan Width": 8,
      "Actual Startup Time": 194.018,
      "Actual Total Time": 203.821,
      "Actual Rows": 1,
      "Actual Loops": 1,
      "Plans": [
        {
          "Node Type": "Gather",
          "Parent Relationship": "Outer",
          "Parallel Aware": false,
          "Startup Cost": 71014.1,
          "Total Cost": 71014.41,
          "Plan Rows": 3,
          "Plan Width": 8,
          "Actual Startup Time": 193.315,
          "Actual Total Time": 203.812,
          "Actual Rows": 4,
          "Actual Loops": 1,
          "Workers Planned": 3,
          "Workers Launched": 3,
          "Single Copy": false,
          "Plans": [
            {
              "Node Type": "Aggregate",
              "Strategy": "Plain",
              "Partial Mode": "Partial",
              "Parent Relationship": "Outer",
              "Parallel Aware": false,
              "Startup Cost": 70014.1,
              "Total Cost": 70014.11,
              "Plan Rows": 1,
              "Plan Width": 8,
              "Actual Startup Time": 184.345,
              "Actual Total Time": 184.349,
              "Actual Rows": 1,
              "Actual Loops": 4,
              "Plans": [
                {
                  "Node Type": "Hash Join",
                  "Parent Relationship": "Outer",
                  "Parallel Aware": true,
                  "Join Type": "Inner",
                  "Startup Cost": 38973.24,
                  "Total Cost": 69937.96,
                  "Plan Rows": 30455,
                  "Plan Width": 0,
                  "Actual Startup Time": 75.02,
                  "Actual Total Time": 182.728,
                  "Actual Rows": 37680,
                  "Actual Loops": 4,
                  "Inner Unique": true,
                  "Hash Cond": "(mc.movie_id = t.id)",
                  "Plans": [
                    {
                      "Node Type": "Seq Scan",
                      "Parent Relationship": "Outer",
                      "Parallel Aware": true,
                      "Relation Name": "movie_companies",
                      "Alias": "mc",
                      "Startup Cost": 0.0,
                      "Total Cost": 29310.68,
                      "Plan Rows": 630111,
                      "Plan Width": 4,
                      "Actual Startup Time": 0.253,
                      "Actual Total Time": 65.933,
                      "Actual Rows": 488707,
                      "Actual Loops": 4,
                      "Filter": "(company_id > 904)",
                      "Rows Removed by Filter": 163575
                    },
                    {
                      "Node Type": "Hash",
                      "Parent Relationship": "Inner",
                      "Parallel Aware": true,
                      "Startup Cost": 38591.37,
                      "Total Cost": 38591.37,
                      "Plan Rows": 30550,
                      "Plan Width": 4,
                      "Actual Startup Time": 59.969,
                      "Actual Total Time": 59.971,
                      "Actual Rows": 29558,
                      "Actual Loops": 4,
                      "Hash Buckets": 131072,
                      "Original Hash Buckets": 131072,
                      "Hash Batches": 1,
                      "Original Hash Batches": 1,
                      "Peak Memory Usage": 5696,
                      "Plans": [
                        {
                          "Node Type": "Bitmap Heap Scan",
                          "Parent Relationship": "Outer",
                          "Parallel Aware": true,
                          "Relation Name": "title",
                          "Alias": "t",
                          "Startup Cost": 2211.49,
                          "Total Cost": 38591.37,
                          "Plan Rows": 30550,
                          "Plan Width": 4,
                          "Actual Startup Time": 14.006,
                          "Actual Total Time": 48.363,
                          "Actual Rows": 29558,
                          "Actual Loops": 4,
                          "Recheck Cond": "(kind_id = 4)",
                          "Rows Removed by Index Recheck": 0,
                          "Exact Heap Blocks": 7435,
                          "Lossy Heap Blocks": 0,
                          "Plans": [
                            {
                              "Node Type": "Bitmap Index Scan",
                              "Parent Relationship": "Outer",
                              "Parallel Aware": false,
                              "Index Name": "kind_id_title",
                              "Startup Cost": 0.0,
                              "Total Cost": 2180.94,
                              "Plan Rows": 122201,
                              "Plan Width": 0,
                              "Actual Startup Time": 14.646,
                              "Actual Total Time": 14.646,
                              "Actual Rows": 118234,
                              "Actual Loops": 1,
                              "Index Cond": "(kind_id = 4)"
                            }
                          ]
                        }
                      ]
                    }
                  ]
                }
              ]
            }
          ]
        }
      ]
    },
    "Planning Time": 0.648,
    "Triggers": [],
    "Execution Time": 203.903
  }
]