[
  {
    "Plan": {
      "Node Type": "Aggregate",
      "Strategy": "Plain",
      "Partial Mode": "Finalize",
      "Parallel Aware": false,
      "Startup Cost": 350121.14,
      "Total Cost": 350121.15,
      "Plan Rows": 1,
      "Plan Width": 8,
      "Actual Startup Time": 784.856,
      "Actual Total Time": 830.426,
      "Actual Rows": 1,
      "Actual Loops": 1,
      "Plans": [
        {
          "Node Type": "Gather",
          "Parent Relationship": "Outer",
          "Parallel Aware": false,
          "Startup Cost": 350120.52,
          "Total Cost": 350121.13,
          "Plan Rows": 6,
          "Plan Width": 8,
          "Actual Startup Time": 784.563,
          "Actual Total Time": 830.41,
          "Actual Rows": 7,
          "Actual Loops": 1,
          "Workers Planned": 6,
          "Workers Launched": 6,
          "Single Copy": false,
          "Plans": [
            {
              "Node Type": "Aggregate",
              "Strategy": "Plain",
              "Partial Mode": "Partial",
              "Parent Relationship": "Outer",
              "Parallel Aware": false,
              "Startup Cost": 349120.52,
              "Total Cost": 349120.53,
              "Plan Rows": 1,
              "Plan Width": 8,
              "Actual Startup Time": 775.305,
              "Actual Total Time": 775.307,
              "Actual Rows": 1,
              "Actual Loops": 7,
              "Plans": [
                {
                  "Node Type": "Seq Scan",
                  "Parent Relationship": "Outer",
                  "Parallel Aware": true,
                  "Relation Name": "cast_info",
                  "Alias": "ci",
                  "Startup Cost": 0.0,
                  "Total Cost": 343316.27,
                  "Plan Rows": 2321699,
                  "Plan Width": 0,
                  "Actual Startup Time": 203.947,
                  "Actual Total Time": 689.452,
                  "Actual Rows": 1685022,
                  "Actual Loops": 7,
                  "Filter": "((person_id > 1525625) AND (role_id < 4))",
                  "Rows Removed by Filter": 3492741
                }
              ]
            }
          ]
        }
      ]
    },
    "Planning Time": 0.194,
    "Triggers": [],
    "Execution Time": 830.486
  }
]