[
    {
        "Bao": {
            "Bao prediction": 397.008,
            "Bao recommended hint": "SET enable_mergejoin TO off; "
        }
    },
    {
        "Plan": {
            "Node Type": "Aggregate",
            "Strategy": "Plain",
            "Partial Mode": "Finalize",
            "Parallel Aware": false,
            "Startup Cost": 72621.45,
            "Total Cost": 72621.46,
            "Plan Rows": 1,
            "Plan Width": 128,
            "Actual Startup Time": 253.354,
            "Actual Total Time": 282.974,
            "Actual Rows": 1,
            "Actual Loops": 1,
            "Output": [
                "min(an.name)",
                "min(chn.name)",
                "min(n.name)",
                "min(t.title)"
            ],
            "Plans": [
                {
                    "Node Type": "Gather",
                    "Parent Relationship": "Outer",
                    "Parallel Aware": false,
                    "Startup Cost": 72621.0,
                    "Total Cost": 72621.41,
                    "Plan Rows": 4,
                    "Plan Width": 128,
                    "Actual Startup Time": 253.146,
                    "Actual Total Time": 282.951,
                    "Actual Rows": 5,
                    "Actual Loops": 1,
                    "Output": [
                        "(PARTIAL min(an.name))",
                        "(PARTIAL min(chn.name))",
                        "(PARTIAL min(n.name))",
                        "(PARTIAL min(t.title))"
                    ],
                    "Workers Planned": 4,
                    "Workers Launched": 4,
                    "Single Copy": false,
                    "Plans": [
                        {
                            "Node Type": "Aggregate",
                            "Strategy": "Plain",
                            "Partial Mode": "Partial",
                            "Parent Relationship": "Outer",
                            "Parallel Aware": false,
                            "Startup Cost": 71621.0,
                            "Total Cost": 71621.01,
                            "Plan Rows": 1,
                            "Plan Width": 128,
                            "Actual Startup Time": 239.934,
                            "Actual Total Time": 239.948,
                            "Actual Rows": 1,
                            "Actual Loops": 5,
                            "Output": [
                                "PARTIAL min(an.name)",
                                "PARTIAL min(chn.name)",
                                "PARTIAL min(n.name)",
                                "PARTIAL min(t.title)"
                            ],
                            "Workers": [
                                {
                                    "Worker Number": 0,
                                    "Actual Startup Time": 236.895,
                                    "Actual Total Time": 236.911,
                                    "Actual Rows": 1,
                                    "Actual Loops": 1
                                },
                                {
                                    "Worker Number": 1,
                                    "Actual Startup Time": 236.921,
                                    "Actual Total Time": 236.942,
                                    "Actual Rows": 1,
                                    "Actual Loops": 1
                                },
                                {
                                    "Worker Number": 2,
                                    "Actual Startup Time": 237.2,
                                    "Actual Total Time": 237.211,
                                    "Actual Rows": 1,
                                    "Actual Loops": 1
                                },
                                {
                                    "Worker Number": 3,
                                    "Actual Startup Time": 237.567,
                                    "Actual Total Time": 237.577,
                                    "Actual Rows": 1,
                                    "Actual Loops": 1
                                }
                            ],
                            "Plans": [
                                {
                                    "Node Type": "Nested Loop",
                                    "Parent Relationship": "Outer",
                                    "Parallel Aware": false,
                                    "Join Type": "Inner",
                                    "Startup Cost": 3.86,
                                    "Total Cost": 71620.96,
                                    "Plan Rows": 4,
                                    "Plan Width": 64,
                                    "Actual Startup Time": 117.41,
                                    "Actual Total Time": 239.717,
                                    "Actual Rows": 522,
                                    "Actual Loops": 5,
                                    "Output": [
                                        "an.name",
                                        "chn.name",
                                        "n.name",
                                        "t.title"
                                    ],
                                    "Inner Unique": true,
                                    "Workers": [
                                        {
                                            "Worker Number": 0,
                                            "Actual Startup Time": 108.968,
                                            "Actual Total Time": 236.702,
                                            "Actual Rows": 430,
                                            "Actual Loops": 1
                                        },
                                        {
                                            "Worker Number": 1,
                                            "Actual Startup Time": 119.043,
                                            "Actual Total Time": 236.727,
                                            "Actual Rows": 383,
                                            "Actual Loops": 1
                                        },
                                        {
                                            "Worker Number": 2,
                                            "Actual Startup Time": 114.705,
                                            "Actual Total Time": 236.999,
                                            "Actual Rows": 712,
                                            "Actual Loops": 1
                                        },
                                        {
                                            "Worker Number": 3,
                                            "Actual Startup Time": 117.925,
                                            "Actual Total Time": 237.385,
                                            "Actual Rows": 406,
                                            "Actual Loops": 1
                                        }
                                    ],
                                    "Plans": [
                                        {
                                            "Node Type": "Nested Loop",
                                            "Parent Relationship": "Outer",
                                            "Parallel Aware": false,
                                            "Join Type": "Inner",
                                            "Startup Cost": 3.43,
                                            "Total Cost": 71618.98,
                                            "Plan Rows": 4,
                                            "Plan Width": 55,
                                            "Actual Startup Time": 117.322,
                                            "Actual Total Time": 237.189,
                                            "Actual Rows": 522,
                                            "Actual Loops": 5,
                                            "Output": [
                                                "an.name",
                                                "ci.movie_id",
                                                "chn.name",
                                                "mc.movie_id",
                                                "n.name"
                                            ],
                                            "Inner Unique": true,
                                            "Workers": [
                                                {
                                                    "Worker Number": 0,
                                                    "Actual Startup Time": 108.878,
                                                    "Actual Total Time": 234.358,
                                                    "Actual Rows": 430,
                                                    "Actual Loops": 1
                                                },
                                                {
                                                    "Worker Number": 1,
                                                    "Actual Startup Time": 118.925,
                                                    "Actual Total Time": 234.519,
                                                    "Actual Rows": 383,
                                                    "Actual Loops": 1
                                                },
                                                {
                                                    "Worker Number": 2,
                                                    "Actual Startup Time": 114.63,
                                                    "Actual Total Time": 234.567,
                                                    "Actual Rows": 712,
                                                    "Actual Loops": 1
                                                },
                                                {
                                                    "Worker Number": 3,
                                                    "Actual Startup Time": 117.835,
                                                    "Actual Total Time": 235.121,
                                                    "Actual Rows": 406,
                                                    "Actual Loops": 1
                                                }
                                            ],
                                            "Plans": [
                                                {
                                                    "Node Type": "Nested Loop",
                                                    "Parent Relationship": "Outer",
                                                    "Parallel Aware": false,
                                                    "Join Type": "Inner",
                                                    "Startup Cost": 3.01,
                                                    "Total Cost": 71614.07,
                                                    "Plan Rows": 11,
                                                    "Plan Width": 59,
                                                    "Actual Startup Time": 117.184,
                                                    "Actual Total Time": 230.846,
                                                    "Actual Rows": 1284,
                                                    "Actual Loops": 5,
                                                    "Output": [
                                                        "an.name",
                                                        "ci.movie_id",
                                                        "chn.name",
                                                        "mc.movie_id",
                                                        "mc.company_id",
                                                        "n.name"
                                                    ],
                                                    "Inner Unique": false,
                                                    "Workers": [
                                                        {
                                                            "Worker Number": 0,
                                                            "Actual Startup Time": 108.746,
                                                            "Actual Total Time": 227.126,
                                                            "Actual Rows": 1295,
                                                            "Actual Loops": 1
                                                        },
                                                        {
                                                            "Worker Number": 1,
                                                            "Actual Startup Time": 118.727,
                                                            "Actual Total Time": 229.798,
                                                            "Actual Rows": 931,
                                                            "Actual Loops": 1
                                                        },
                                                        {
                                                            "Worker Number": 2,
                                                            "Actual Startup Time": 114.548,
                                                            "Actual Total Time": 229.447,
                                                            "Actual Rows": 1451,
                                                            "Actual Loops": 1
                                                        },
                                                        {
                                                            "Worker Number": 3,
                                                            "Actual Startup Time": 117.69,
                                                            "Actual Total Time": 229.099,
                                                            "Actual Rows": 1056,
                                                            "Actual Loops": 1
                                                        }
                                                    ],
                                                    "Plans": [
                                                        {
                                                            "Node Type": "Nested Loop",
                                                            "Parent Relationship": "Outer",
                                                            "Parallel Aware": false,
                                                            "Join Type": "Inner",
                                                            "Startup Cost": 2.58,
                                                            "Total Cost": 71611.68,
                                                            "Plan Rows": 4,
                                                            "Plan Width": 51,
                                                            "Actual Startup Time": 115.929,
                                                            "Actual Total Time": 227.473,
                                                            "Actual Rows": 154,
                                                            "Actual Loops": 5,
                                                            "Output": [
                                                                "an.name",
                                                                "ci.movie_id",
                                                                "chn.name",
                                                                "n.name"
                                                            ],
                                                            "Inner Unique": true,
                                                            "Workers": [
                                                                {
                                                                    "Worker Number": 0,
                                                                    "Actual Startup Time": 108.612,
                                                                    "Actual Total Time": 223.429,
                                                                    "Actual Rows": 140,
                                                                    "Actual Loops": 1
                                                                },
                                                                {
                                                                    "Worker Number": 1,
                                                                    "Actual Startup Time": 118.599,
                                                                    "Actual Total Time": 227.024,
                                                                    "Actual Rows": 114,
                                                                    "Actual Loops": 1
                                                                },
                                                                {
                                                                    "Worker Number": 2,
                                                                    "Actual Startup Time": 108.72,
                                                                    "Actual Total Time": 225.925,
                                                                    "Actual Rows": 212,
                                                                    "Actual Loops": 1
                                                                },
                                                                {
                                                                    "Worker Number": 3,
                                                                    "Actual Startup Time": 117.576,
                                                                    "Actual Total Time": 226.324,
                                                                    "Actual Rows": 141,
                                                                    "Actual Loops": 1
                                                                }
                                                            ],
                                                            "Plans": [
                                                                {
                                                                    "Node Type": "Hash Join",
                                                                    "Parent Relationship": "Outer",
                                                                    "Parallel Aware": false,
                                                                    "Join Type": "Inner",
                                                                    "Startup Cost": 2.15,
                                                                    "Total Cost": 71609.68,
                                                                    "Plan Rows": 4,
                                                                    "Plan Width": 39,
                                                                    "Actual Startup Time": 112.656,
                                                                    "Actual Total Time": 225.169,
                                                                    "Actual Rows": 162,
                                                                    "Actual Loops": 5,
                                                                    "Output": [
                                                                        "an.name",
                                                                        "ci.movie_id",
                                                                        "ci.person_role_id",
                                                                        "n.name"
                                                                    ],
                                                                    "Inner Unique": true,
                                                                    "Hash Cond": "(ci.role_id = rt.id)",
                                                                    "Workers": [
                                                                        {
                                                                            "Worker Number": 0,
                                                                            "Actual Startup Time": 108.474,
                                                                            "Actual Total Time": 220.785,
                                                                            "Actual Rows": 147,
                                                                            "Actual Loops": 1
                                                                        },
                                                                        {
                                                                            "Worker Number": 1,
                                                                            "Actual Startup Time": 102.632,
                                                                            "Actual Total Time": 225.065,
                                                                            "Actual Rows": 117,
                                                                            "Actual Loops": 1
                                                                        },
                                                                        {
                                                                            "Worker Number": 2,
                                                                            "Actual Startup Time": 108.618,
                                                                            "Actual Total Time": 223.486,
                                                                            "Actual Rows": 226,
                                                                            "Actual Loops": 1
                                                                        },
                                                                        {
                                                                            "Worker Number": 3,
                                                                            "Actual Startup Time": 117.472,
                                                                            "Actual Total Time": 224.591,
                                                                            "Actual Rows": 148,
                                                                            "Actual Loops": 1
                                                                        }
                                                                    ],
                                                                    "Plans": [
                                                                        {
                                                                            "Node Type": "Nested Loop",
                                                                            "Parent Relationship": "Outer",
                                                                            "Parallel Aware": false,
                                                                            "Join Type": "Inner",
                                                                            "Startup Cost": 0.99,
                                                                            "Total Cost": 71608.34,
                                                                            "Plan Rows": 51,
                                                                            "Plan Width": 43,
                                                                            "Actual Startup Time": 108.962,
                                                                            "Actual Total Time": 224.846,
                                                                            "Actual Rows": 319,
                                                                            "Actual Loops": 5,
                                                                            "Output": [
                                                                                "an.name",
                                                                                "ci.movie_id",
                                                                                "ci.role_id",
                                                                                "ci.person_role_id",
                                                                                "n.name"
                                                                            ],
                                                                            "Inner Unique": false,
                                                                            "Join Filter": "(n.id = ci.person_id)",
                                                                            "Rows Removed by Join Filter": 0,
                                                                            "Workers": [
                                                                                {
                                                                                    "Worker Number": 0,
                                                                                    "Actual Startup Time": 102.05,
                                                                                    "Actual Total Time": 220.352,
                                                                                    "Actual Rows": 620,
                                                                                    "Actual Loops": 1
                                                                                },
                                                                                {
                                                                                    "Worker Number": 1,
                                                                                    "Actual Startup Time": 102.383,
                                                                                    "Actual Total Time": 224.732,
                                                                                    "Actual Rows": 211,
                                                                                    "Actual Loops": 1
                                                                                },
                                                                                {
                                                                                    "Worker Number": 2,
                                                                                    "Actual Startup Time": 108.431,
                                                                                    "Actual Total Time": 223.223,
                                                                                    "Actual Rows": 288,
                                                                                    "Actual Loops": 1
                                                                                },
                                                                                {
                                                                                    "Worker Number": 3,
                                                                                    "Actual Startup Time": 117.212,
                                                                                    "Actual Total Time": 224.257,
                                                                                    "Actual Rows": 222,
                                                                                    "Actual Loops": 1
                                                                                }
                                                                            ],
                                                                            "Plans": [
                                                                                {
                                                                                    "Node Type": "Nested Loop",
                                                                                    "Parent Relationship": "Outer",
                                                                                    "Parallel Aware": false,
                                                                                    "Join Type": "Inner",
                                                                                    "Startup Cost": 0.42,
                                                                                    "Total Cost": 71538.77,
                                                                                    "Plan Rows": 5,
                                                                                    "Plan Width": 39,
                                                                                    "Actual Startup Time": 102.136,
                                                                                    "Actual Total Time": 218.516,
                                                                                    "Actual Rows": 203,
                                                                                    "Actual Loops": 5,
                                                                                    "Output": [
                                                                                        "an.name",
                                                                                        "an.person_id",
                                                                                        "n.name",
                                                                                        "n.id"
                                                                                    ],
                                                                                    "Inner Unique": false,
                                                                                    "Workers": [
                                                                                        {
                                                                                            "Worker Number": 0,
                                                                                            "Actual Startup Time": 101.841,
                                                                                            "Actual Total Time": 212.874,
                                                                                            "Actual Rows": 229,
                                                                                            "Actual Loops": 1
                                                                                        },
                                                                                        {
                                                                                            "Worker Number": 1,
                                                                                            "Actual Startup Time": 99.076,
                                                                                            "Actual Total Time": 215.951,
                                                                                            "Actual Rows": 141,
                                                                                            "Actual Loops": 1
                                                                                        },
                                                                                        {
                                                                                            "Worker Number": 2,
                                                                                            "Actual Startup Time": 97.883,
                                                                                            "Actual Total Time": 218.19,
                                                                                            "Actual Rows": 272,
                                                                                            "Actual Loops": 1
                                                                                        },
                                                                                        {
                                                                                            "Worker Number": 3,
                                                                                            "Actual Startup Time": 100.143,
                                                                                            "Actual Total Time": 218.631,
                                                                                            "Actual Rows": 203,
                                                                                            "Actual Loops": 1
                                                                                        }
                                                                                    ],
                                                                                    "Plans": [
                                                                                        {
                                                                                            "Node Type": "Seq Scan",
                                                                                            "Parent Relationship": "Outer",
                                                                                            "Parallel Aware": true,
                                                                                            "Relation Name": "name",
                                                                                            "Schema": "public",
                                                                                            "Alias": "n",
                                                                                            "Startup Cost": 0.0,
                                                                                            "Total Cost": 71241.41,
                                                                                            "Plan Rows": 24,
                                                                                            "Plan Width": 19,
                                                                                            "Actual Startup Time": 100.319,
                                                                                            "Actual Total Time": 214.801,
                                                                                            "Actual Rows": 986,
                                                                                            "Actual Loops": 5,
                                                                                            "Output": [
                                                                                                "n.id",
                                                                                                "n.name",
                                                                                                "n.imdb_index",
                                                                                                "n.imdb_id",
                                                                                                "n.gender",
                                                                                                "n.name_pcode_cf",
                                                                                                "n.name_pcode_nf",
                                                                                                "n.surname_pcode",
                                                                                                "n.md5sum"
                                                                                            ],
                                                                                            "Filter": "((n.name ~~ '%Sm%'::text) AND ((n.gender)::text = 'f'::text))",
                                                                                            "Rows Removed by Filter": 832512,
                                                                                            "Workers": [
                                                                                                {
                                                                                                    "Worker Number": 0,
                                                                                                    "Actual Startup Time": 97.521,
                                                                                                    "Actual Total Time": 208.606,
                                                                                                    "Actual Rows": 1213,
                                                                                                    "Actual Loops": 1
                                                                                                },
                                                                                                {
                                                                                                    "Worker Number": 1,
                                                                                                    "Actual Startup Time": 97.504,
                                                                                                    "Actual Total Time": 212.728,
                                                                                                    "Actual Rows": 625,
                                                                                                    "Actual Loops": 1
                                                                                                },
                                                                                                {
                                                                                                    "Worker Number": 2,
                                                                                                    "Actual Startup Time": 97.773,
                                                                                                    "Actual Total Time": 214.77,
                                                                                                    "Actual Rows": 1149,
                                                                                                    "Actual Loops": 1
                                                                                                },
                                                                                                {
                                                                                                    "Worker Number": 3,
                                                                                                    "Actual Startup Time": 97.834,
                                                                                                    "Actual Total Time": 214.358,
                                                                                                    "Actual Rows": 1090,
                                                                                                    "Actual Loops": 1
                                                                                                }
                                                                                            ]
                                                                                        },
                                                                                        {
                                                                                            "Node Type": "Index Scan",
                                                                                            "Parent Relationship": "Inner",
                                                                                            "Parallel Aware": false,
                                                                                            "Scan Direction": "Forward",
                                                                                            "Index Name": "person_id_aka_name",
                                                                                            "Relation Name": "aka_name",
                                                                                            "Schema": "public",
                                                                                            "Alias": "an",
                                                                                            "Startup Cost": 0.42,
                                                                                            "Total Cost": 12.37,
                                                                                            "Plan Rows": 2,
                                                                                            "Plan Width": 20,
                                                                                            "Actual Startup Time": 0.003,
                                                                                            "Actual Total Time": 0.003,
                                                                                            "Actual Rows": 0,
                                                                                            "Actual Loops": 4931,
                                                                                            "Output": [
                                                                                                "an.id",
                                                                                                "an.person_id",
                                                                                                "an.name",
                                                                                                "an.imdb_index",
                                                                                                "an.name_pcode_cf",
                                                                                                "an.name_pcode_nf",
                                                                                                "an.surname_pcode",
                                                                                                "an.md5sum"
                                                                                            ],
                                                                                            "Index Cond": "(an.person_id = n.id)",
                                                                                            "Rows Removed by Index Recheck": 0,
                                                                                            "Workers": [
                                                                                                {
                                                                                                    "Worker Number": 0,
                                                                                                    "Actual Startup Time": 0.003,
                                                                                                    "Actual Total Time": 0.003,
                                                                                                    "Actual Rows": 0,
                                                                                                    "Actual Loops": 1213
                                                                                                },
                                                                                                {
                                                                                                    "Worker Number": 1,
                                                                                                    "Actual Startup Time": 0.005,
                                                                                                    "Actual Total Time": 0.005,
                                                                                                    "Actual Rows": 0,
                                                                                                    "Actual Loops": 625
                                                                                                },
                                                                                                {
                                                                                                    "Worker Number": 2,
                                                                                                    "Actual Startup Time": 0.003,
                                                                                                    "Actual Total Time": 0.003,
                                                                                                    "Actual Rows": 0,
                                                                                                    "Actual Loops": 1149
                                                                                                },
                                                                                                {
                                                                                                    "Worker Number": 3,
                                                                                                    "Actual Startup Time": 0.003,
                                                                                                    "Actual Total Time": 0.004,
                                                                                                    "Actual Rows": 0,
                                                                                                    "Actual Loops": 1090
                                                                                                }
                                                                                            ]
                                                                                        }
                                                                                    ]
                                                                                },
                                                                                {
                                                                                    "Node Type": "Index Scan",
                                                                                    "Parent Relationship": "Inner",
                                                                                    "Parallel Aware": false,
                                                                                    "Scan Direction": "Forward",
                                                                                    "Index Name": "person_id_cast_info",
                                                                                    "Relation Name": "cast_info",
                                                                                    "Schema": "public",
                                                                                    "Alias": "ci",
                                                                                    "Startup Cost": 0.56,
                                                                                    "Total Cost": 13.29,
                                                                                    "Plan Rows": 50,
                                                                                    "Plan Width": 16,
                                                                                    "Actual Startup Time": 0.022,
                                                                                    "Actual Total Time": 0.03,
                                                                                    "Actual Rows": 2,
                                                                                    "Actual Loops": 1017,
                                                                                    "Output": [
                                                                                        "ci.id",
                                                                                        "ci.person_id",
                                                                                        "ci.movie_id",
                                                                                        "ci.person_role_id",
                                                                                        "ci.note",
                                                                                        "ci.nr_order",
                                                                                        "ci.role_id"
                                                                                    ],
                                                                                    "Index Cond": "(ci.person_id = an.person_id)",
                                                                                    "Rows Removed by Index Recheck": 0,
                                                                                    "Filter": "(ci.note = ANY ('{(writer),\"(executive producer)\",(uncredited),(producer)}'::text[]))",
                                                                                    "Rows Removed by Filter": 55,
                                                                                    "Workers": [
                                                                                        {
                                                                                            "Worker Number": 0,
                                                                                            "Actual Startup Time": 0.025,
                                                                                            "Actual Total Time": 0.032,
                                                                                            "Actual Rows": 3,
                                                                                            "Actual Loops": 229
                                                                                        },
                                                                                        {
                                                                                            "Worker Number": 1,
                                                                                            "Actual Startup Time": 0.029,
                                                                                            "Actual Total Time": 0.061,
                                                                                            "Actual Rows": 1,
                                                                                            "Actual Loops": 141
                                                                                        },
                                                                                        {
                                                                                            "Worker Number": 2,
                                                                                            "Actual Startup Time": 0.015,
                                                                                            "Actual Total Time": 0.018,
                                                                                            "Actual Rows": 1,
                                                                                            "Actual Loops": 272
                                                                                        },
                                                                                        {
                                                                                            "Worker Number": 3,
                                                                                            "Actual Startup Time": 0.022,
                                                                                            "Actual Total Time": 0.027,
                                                                                            "Actual Rows": 1,
                                                                                            "Actual Loops": 203
                                                                                        }
                                                                                    ]
                                                                                }
                                                                            ]
                                                                        },
                                                                        {
                                                                            "Node Type": "Hash",
                                                                            "Parent Relationship": "Inner",
                                                                            "Parallel Aware": false,
                                                                            "Startup Cost": 1.15,
                                                                            "Total Cost": 1.15,
                                                                            "Plan Rows": 1,
                                                                            "Plan Width": 4,
                                                                            "Actual Startup Time": 0.06,
                                                                            "Actual Total Time": 0.062,
                                                                            "Actual Rows": 1,
                                                                            "Actual Loops": 5,
                                                                            "Output": [
                                                                                "rt.id"
                                                                            ],
                                                                            "Hash Buckets": 1024,
                                                                            "Original Hash Buckets": 1024,
                                                                            "Hash Batches": 1,
                                                                            "Original Hash Batches": 1,
                                                                            "Peak Memory Usage": 9,
                                                                            "Workers": [
                                                                                {
                                                                                    "Worker Number": 0,
                                                                                    "Actual Startup Time": 0.083,
                                                                                    "Actual Total Time": 0.086,
                                                                                    "Actual Rows": 1,
                                                                                    "Actual Loops": 1
                                                                                },
                                                                                {
                                                                                    "Worker Number": 1,
                                                                                    "Actual Startup Time": 0.064,
                                                                                    "Actual Total Time": 0.066,
                                                                                    "Actual Rows": 1,
                                                                                    "Actual Loops": 1
                                                                                },
                                                                                {
                                                                                    "Worker Number": 2,
                                                                                    "Actual Startup Time": 0.037,
                                                                                    "Actual Total Time": 0.038,
                                                                                    "Actual Rows": 1,
                                                                                    "Actual Loops": 1
                                                                                },
                                                                                {
                                                                                    "Worker Number": 3,
                                                                                    "Actual Startup Time": 0.071,
                                                                                    "Actual Total Time": 0.072,
                                                                                    "Actual Rows": 1,
                                                                                    "Actual Loops": 1
                                                                                }
                                                                            ],
                                                                            "Plans": [
                                                                                {
                                                                                    "Node Type": "Seq Scan",
                                                                                    "Parent Relationship": "Outer",
                                                                                    "Parallel Aware": false,
                                                                                    "Relation Name": "role_type",
                                                                                    "Schema": "public",
                                                                                    "Alias": "rt",
                                                                                    "Startup Cost": 0.0,
                                                                                    "Total Cost": 1.15,
                                                                                    "Plan Rows": 1,
                                                                                    "Plan Width": 4,
                                                                                    "Actual Startup Time": 0.043,
                                                                                    "Actual Total Time": 0.046,
                                                                                    "Actual Rows": 1,
                                                                                    "Actual Loops": 5,
                                                                                    "Output": [
                                                                                        "rt.id"
                                                                                    ],
                                                                                    "Filter": "((rt.role)::text = 'actress'::text)",
                                                                                    "Rows Removed by Filter": 11,
                                                                                    "Workers": [
                                                                                        {
                                                                                            "Worker Number": 0,
                                                                                            "Actual Startup Time": 0.065,
                                                                                            "Actual Total Time": 0.069,
                                                                                            "Actual Rows": 1,
                                                                                            "Actual Loops": 1
                                                                                        },
                                                                                        {
                                                                                            "Worker Number": 1,
                                                                                            "Actual Startup Time": 0.047,
                                                                                            "Actual Total Time": 0.05,
                                                                                            "Actual Rows": 1,
                                                                                            "Actual Loops": 1
                                                                                        },
                                                                                        {
                                                                                            "Worker Number": 2,
                                                                                            "Actual Startup Time": 0.028,
                                                                                            "Actual Total Time": 0.029,
                                                                                            "Actual Rows": 1,
                                                                                            "Actual Loops": 1
                                                                                        },
                                                                                        {
                                                                                            "Worker Number": 3,
                                                                                            "Actual Startup Time": 0.055,
                                                                                            "Actual Total Time": 0.058,
                                                                                            "Actual Rows": 1,
                                                                                            "Actual Loops": 1
                                                                                        }
                                                                                    ]
                                                                                }
                                                                            ]
                                                                        }
                                                                    ]
                                                                },
                                                                {
                                                                    "Node Type": "Index Scan",
                                                                    "Parent Relationship": "Inner",
                                                                    "Parallel Aware": false,
                                                                    "Scan Direction": "Forward",
                                                                    "Index Name": "char_name_pkey",
                                                                    "Relation Name": "char_name",
                                                                    "Schema": "public",
                                                                    "Alias": "chn",
                                                                    "Startup Cost": 0.43,
                                                                    "Total Cost": 0.5,
                                                                    "Plan Rows": 1,
                                                                    "Plan Width": 20,
                                                                    "Actual Startup Time": 0.014,
                                                                    "Actual Total Time": 0.014,
                                                                    "Actual Rows": 1,
                                                                    "Actual Loops": 808,
                                                                    "Output": [
                                                                        "chn.id",
                                                                        "chn.name",
                                                                        "chn.imdb_index",
                                                                        "chn.imdb_id",
                                                                        "chn.name_pcode_nf",
                                                                        "chn.surname_pcode",
                                                                        "chn.md5sum"
                                                                    ],
                                                                    "Index Cond": "(chn.id = ci.person_role_id)",
                                                                    "Rows Removed by Index Recheck": 0,
                                                                    "Workers": [
                                                                        {
                                                                            "Worker Number": 0,
                                                                            "Actual Startup Time": 0.017,
                                                                            "Actual Total Time": 0.017,
                                                                            "Actual Rows": 1,
                                                                            "Actual Loops": 147
                                                                        },
                                                                        {
                                                                            "Worker Number": 1,
                                                                            "Actual Startup Time": 0.016,
                                                                            "Actual Total Time": 0.016,
                                                                            "Actual Rows": 1,
                                                                            "Actual Loops": 117
                                                                        },
                                                                        {
                                                                            "Worker Number": 2,
                                                                            "Actual Startup Time": 0.01,
                                                                            "Actual Total Time": 0.01,
                                                                            "Actual Rows": 1,
                                                                            "Actual Loops": 226
                                                                        },
                                                                        {
                                                                            "Worker Number": 3,
                                                                            "Actual Startup Time": 0.011,
                                                                            "Actual Total Time": 0.011,
                                                                            "Actual Rows": 1,
                                                                            "Actual Loops": 148
                                                                        }
                                                                    ]
                                                                }
                                                            ]
                                                        },
                                                        {
                                                            "Node Type": "Index Scan",
                                                            "Parent Relationship": "Inner",
                                                            "Parallel Aware": false,
                                                            "Scan Direction": "Forward",
                                                            "Index Name": "movie_id_movie_companies",
                                                            "Relation Name": "movie_companies",
                                                            "Schema": "public",
                                                            "Alias": "mc",
                                                            "Startup Cost": 0.43,
                                                            "Total Cost": 0.55,
                                                            "Plan Rows": 5,
                                                            "Plan Width": 8,
                                                            "Actual Startup Time": 0.014,
                                                            "Actual Total Time": 0.02,
                                                            "Actual Rows": 8,
                                                            "Actual Loops": 768,
                                                            "Output": [
                                                                "mc.id",
                                                                "mc.movie_id",
                                                                "mc.company_id",
                                                                "mc.company_type_id",
                                                                "mc.note"
                                                            ],
                                                            "Index Cond": "(mc.movie_id = ci.movie_id)",
                                                            "Rows Removed by Index Recheck": 0,
                                                            "Workers": [
                                                                {
                                                                    "Worker Number": 0,
                                                                    "Actual Startup Time": 0.017,
                                                                    "Actual Total Time": 0.024,
                                                                    "Actual Rows": 9,
                                                                    "Actual Loops": 140
                                                                },
                                                                {
                                                                    "Worker Number": 1,
                                                                    "Actual Startup Time": 0.016,
                                                                    "Actual Total Time": 0.022,
                                                                    "Actual Rows": 8,
                                                                    "Actual Loops": 114
                                                                },
                                                                {
                                                                    "Worker Number": 2,
                                                                    "Actual Startup Time": 0.011,
                                                                    "Actual Total Time": 0.015,
                                                                    "Actual Rows": 7,
                                                                    "Actual Loops": 212
                                                                },
                                                                {
                                                                    "Worker Number": 3,
                                                                    "Actual Startup Time": 0.013,
                                                                    "Actual Total Time": 0.018,
                                                                    "Actual Rows": 7,
                                                                    "Actual Loops": 141
                                                                }
                                                            ]
                                                        }
                                                    ]
                                                },
                                                {
                                                    "Node Type": "Index Scan",
                                                    "Parent Relationship": "Inner",
                                                    "Parallel Aware": false,
                                                    "Scan Direction": "Forward",
                                                    "Index Name": "company_name_pkey",
                                                    "Relation Name": "company_name",
                                                    "Schema": "public",
                                                    "Alias": "cn",
                                                    "Startup Cost": 0.42,
                                                    "Total Cost": 0.45,
                                                    "Plan Rows": 1,
                                                    "Plan Width": 4,
                                                    "Actual Startup Time": 0.005,
                                                    "Actual Total Time": 0.005,
                                                    "Actual Rows": 0,
                                                    "Actual Loops": 6419,
                                                    "Output": [
                                                        "cn.id",
                                                        "cn.name",
                                                        "cn.country_code",
                                                        "cn.imdb_id",
                                                        "cn.name_pcode_nf",
                                                        "cn.name_pcode_sf",
                                                        "cn.md5sum"
                                                    ],
                                                    "Index Cond": "(cn.id = mc.company_id)",
                                                    "Rows Removed by Index Recheck": 0,
                                                    "Filter": "((cn.country_code)::text = '[us]'::text)",
                                                    "Rows Removed by Filter": 1,
                                                    "Workers": [
                                                        {
                                                            "Worker Number": 0,
                                                            "Actual Startup Time": 0.005,
                                                            "Actual Total Time": 0.005,
                                                            "Actual Rows": 0,
                                                            "Actual Loops": 1295
                                                        },
                                                        {
                                                            "Worker Number": 1,
                                                            "Actual Startup Time": 0.005,
                                                            "Actual Total Time": 0.005,
                                                            "Actual Rows": 0,
                                                            "Actual Loops": 931
                                                        },
                                                        {
                                                            "Worker Number": 2,
                                                            "Actual Startup Time": 0.003,
                                                            "Actual Total Time": 0.003,
                                                            "Actual Rows": 0,
                                                            "Actual Loops": 1451
                                                        },
                                                        {
                                                            "Worker Number": 3,
                                                            "Actual Startup Time": 0.005,
                                                            "Actual Total Time": 0.005,
                                                            "Actual Rows": 0,
                                                            "Actual Loops": 1056
                                                        }
                                                    ]
                                                }
                                            ]
                                        },
                                        {
                                            "Node Type": "Index Scan",
                                            "Parent Relationship": "Inner",
                                            "Parallel Aware": false,
                                            "Scan Direction": "Forward",
                                            "Index Name": "title_pkey",
                                            "Relation Name": "title",
                                            "Schema": "public",
                                            "Alias": "t",
                                            "Startup Cost": 0.43,
                                            "Total Cost": 0.5,
                                            "Plan Rows": 1,
                                            "Plan Width": 21,
                                            "Actual Startup Time": 0.004,
                                            "Actual Total Time": 0.004,
                                            "Actual Rows": 1,
                                            "Actual Loops": 2609,
                                            "Output": [
                                                "t.id",
                                                "t.title",
                                                "t.imdb_index",
                                                "t.kind_id",
                                                "t.production_year",
                                                "t.imdb_id",
                                                "t.phonetic_code",
                                                "t.episode_of_id",
                                                "t.season_nr",
                                                "t.episode_nr",
                                                "t.series_years",
                                                "t.md5sum"
                                            ],
                                            "Index Cond": "(t.id = ci.movie_id)",
                                            "Rows Removed by Index Recheck": 0,
                                            "Workers": [
                                                {
                                                    "Worker Number": 0,
                                                    "Actual Startup Time": 0.005,
                                                    "Actual Total Time": 0.005,
                                                    "Actual Rows": 1,
                                                    "Actual Loops": 430
                                                },
                                                {
                                                    "Worker Number": 1,
                                                    "Actual Startup Time": 0.005,
                                                    "Actual Total Time": 0.005,
                                                    "Actual Rows": 1,
                                                    "Actual Loops": 383
                                                },
                                                {
                                                    "Worker Number": 2,
                                                    "Actual Startup Time": 0.003,
                                                    "Actual Total Time": 0.003,
                                                    "Actual Rows": 1,
                                                    "Actual Loops": 712
                                                },
                                                {
                                                    "Worker Number": 3,
                                                    "Actual Startup Time": 0.005,
                                                    "Actual Total Time": 0.005,
                                                    "Actual Rows": 1,
                                                    "Actual Loops": 406
                                                }
                                            ]
                                        }
                                    ]
                                }
                            ]
                        }
                    ]
                }
            ]
        },
        "Planning Time": 538.478,
        "Triggers": [],
        "Execution Time": 283.934
    }
]