{
  "Plan": {
    "Node Type": "Aggregate",
    "Strategy": "Plain",
    "Partial Mode": "Finalize",
    "Parallel Aware": false,
    "Startup Cost": 233698.6,
    "Total Cost": 233698.61,
    "Plan Rows": 1,
    "Plan Width": 8,
    "Actual Startup Time": 331.007,
    "Actual Total Time": 345.674,
    "Actual Rows": 1,
    "Actual Loops": 1,
    "Plans": [
      {
        "Node Type": "Gather",
        "Parent Relationship": "Outer",
        "Parallel Aware": false,
        "Startup Cost": 233698.49,
        "Total Cost": 233698.6,
        "Plan Rows": 1,
        "Plan Width": 8,
        "Actual Startup Time": 330.706,
        "Actual Total Time": 345.669,
        "Actual Rows": 2,
        "Actual Loops": 1,
        "Workers Planned": 1,
        "Workers Launched": 1,
        "Single Copy": false,
        "Plans": [
          {
            "Node Type": "Aggregate",
            "Strategy": "Plain",
            "Partial Mode": "Partial",
            "Parent Relationship": "Outer",
            "Parallel Aware": false,
            "Startup Cost": 232698.49,
            "Total Cost": 232698.5,
            "Plan Rows": 1,
            "Plan Width": 8,
            "Actual Startup Time": 324.792,
            "Actual Total Time": 324.795,
            "Actual Rows": 1,
            "Actual Loops": 2,
            "Plans": [
              {
                "Node Type": "Nested Loop",
                "Parent Relationship": "Outer",
                "Parallel Aware": false,
                "Join Type": "Inner",
                "Startup Cost": 57884.49,
                "Total Cost": 232687.71,
                "Plan Rows": 4310,
                "Plan Width": 0,
                "Actual Startup Time": 160.231,
                "Actual Total Time": 304.53,
                "Actual Rows": 507364,
                "Actual Loops": 2,
                "Inner Unique": false,
                "Join Filter": "(t.id = mk.movie_id)",
                "Rows Removed by Join Filter": 0,
                "Plans": [
                  {
                    "Node Type": "Hash Join",
                    "Parent Relationship": "Outer",
                    "Parallel Aware": true,
                    "Join Type": "Inner",
                    "Startup Cost": 57884.05,
                    "Total Cost": 225550.68,
                    "Plan Rows": 2409,
                    "Plan Width": 8,
                    "Actual Startup Time": 160.149,
                    "Actual Total Time": 173.996,
                    "Actual Rows": 4556,
                    "Actual Loops": 2,
                    "Inner Unique": true,
                    "Hash Cond": "(mi.movie_id = t.id)",
                    "Plans": [
                      {
                        "Node Type": "Bitmap Heap Scan",
                        "Parent Relationship": "Outer",
                        "Parallel Aware": true,
                        "Relation Name": "movie_info",
                        "Alias": "mi",
                        "Startup Cost": 2803.64,
                        "Total Cost": 170231.34,
                        "Plan Rows": 91021,
                        "Plan Width": 4,
                        "Actual Startup Time": 7.157,
                        "Actual Total Time": 19.292,
                        "Actual Rows": 73744,
                        "Actual Loops": 2,
                        "Recheck Cond": "(info_type_id = 107)",
                        "Rows Removed by Index Recheck": 0,
                        "Exact Heap Blocks": 2767,
                        "Lossy Heap Blocks": 0,
                        "Plans": [
                          {
                            "Node Type": "Bitmap Index Scan",
                            "Parent Relationship": "Outer",
                            "Parallel Aware": false,
                            "Index Name": "info_type_id_movie_info",
                            "Startup Cost": 0.0,
                            "Total Cost": 2764.95,
                            "Plan Rows": 154736,
                            "Plan Width": 0,
                            "Actual Startup Time": 6.482,
                            "Actual Total Time": 6.482,
                            "Actual Rows": 147487,
                            "Actual Loops": 1,
                            "Index Cond": "(info_type_id = 107)"
                          }
                        ]
                      },
                      {
                        "Node Type": "Hash",
                        "Parent Relationship": "Inner",
                        "Parallel Aware": true,
                        "Startup Cost": 54588.39,
                        "Total Cost": 54588.39,
                        "Plan Rows": 39362,
                        "Plan Width": 4,
                        "Actual Startup Time": 145.613,
                        "Actual Total Time": 145.614,
                        "Actual Rows": 33888,
                        "Actual Loops": 2,
                        "Hash Buckets": 131072,
                        "Original Hash Buckets": 131072,
                        "Hash Batches": 1,
                        "Original Hash Batches": 1,
                        "Peak Memory Usage": 3712,
                        "Plans": [
                          {
                            "Node Type": "Seq Scan",
                            "Parent Relationship": "Outer",
                            "Parallel Aware": true,
                            "Relation Name": "title",
                            "Alias": "t",
                            "Startup Cost": 0.0,
                            "Total Cost": 54588.39,
                            "Plan Rows": 39362,
                            "Plan Width": 4,
                            "Actual Startup Time": 0.038,
                            "Actual Total Time": 135.261,
                            "Actual Rows": 33888,
                            "Actual Loops": 2,
                            "Filter": "(production_year = 2003)",
                            "Rows Removed by Filter": 1230268
                          }
                        ]
                      }
                    ]
                  },
                  {
                    "Node Type": "Index Only Scan",
                    "Parent Relationship": "Inner",
                    "Parallel Aware": false,
                    "Scan Direction": "Forward",
                    "Index Name": "movie_id_movie_keyword",
                    "Relation Name": "movie_keyword",
                    "Alias": "mk",
                    "Startup Cost": 0.43,
                    "Total Cost": 2.4,
                    "Plan Rows": 45,
                    "Plan Width": 4,
                    "Actual Startup Time": 0.005,
                    "Actual Total Time": 0.02,
                    "Actual Rows": 111,
                    "Actual Loops": 9112,
                    "Index Cond": "(movie_id = mi.movie_id)",
                    "Rows Removed by Index Recheck": 0,
                    "Heap Fetches": 1014729
                  }
                ]
              }
            ]
          }
        ]
      }
    ]
  },
  "Planning Time": 0.932,
  "Triggers": [],
  "Execution Time": 345.773
}