[
  {
    "Plan": {
      "Node Type": "Aggregate",
      "Strategy": "Plain",
      "Partial Mode": "Finalize",
      "Parallel Aware": false,
      "Startup Cost": 350741.59,
      "Total Cost": 350741.6,
      "Plan Rows": 1,
      "Plan Width": 8,
      "Actual Startup Time": 828.996,
      "Actual Total Time": 882.834,
      "Actual Rows": 1,
      "Actual Loops": 1,
      "Plans": [
        {
          "Node Type": "Gather",
          "Parent Relationship": "Outer",
          "Parallel Aware": false,
          "Startup Cost": 350740.97,
          "Total Cost": 350741.58,
          "Plan Rows": 6,
          "Plan Width": 8,
          "Actual Startup Time": 828.79,
          "Actual Total Time": 882.821,
          "Actual Rows": 7,
          "Actual Loops": 1,
          "Workers Planned": 6,
          "Workers Launched": 6,
          "Single Copy": false,
          "Plans": [
            {
              "Node Type": "Aggregate",
              "Strategy": "Plain",
              "Partial Mode": "Partial",
              "Parent Relationship": "Outer",
              "Parallel Aware": false,
              "Startup Cost": 349740.97,
              "Total Cost": 349740.98,
              "Plan Rows": 1,
              "Plan Width": 8,
              "Actual Startup Time": 821.18,
              "Actual Total Time": 821.181,
              "Actual Rows": 1,
              "Actual Loops": 7,
              "Plans": [
                {
                  "Node Type": "Seq Scan",
                  "Parent Relationship": "Outer",
                  "Parallel Aware": true,
                  "Relation Name": "cast_info",
                  "Alias": "ci",
                  "Startup Cost": 0.0,
                  "Total Cost": 343316.27,
                  "Plan Rows": 2569878,
                  "Plan Width": 0,
                  "Actual Startup Time": 246.829,
                  "Actual Total Time": 732.207,
                  "Actual Rows": 1600453,
                  "Actual Loops": 7,
                  "Filter": "((person_id < 2448201) AND (role_id > 1))",
                  "Rows Removed by Filter": 3577310
                }
              ]
            }
          ]
        }
      ]
    },
    "Planning Time": 0.235,
    "Triggers": [],
    "Execution Time": 882.909
  }
]