[
  {
    "Plan": {
      "Node Type": "Aggregate",
      "Strategy": "Plain",
      "Partial Mode": "Finalize",
      "Parallel Aware": false,
      "Startup Cost": 9756.02,
      "Total Cost": 9756.03,
      "Plan Rows": 1,
      "Plan Width": 8,
      "Actual Startup Time": 44.792,
      "Actual Total Time": 47.351,
      "Actual Rows": 1,
      "Actual Loops": 1,
      "Plans": [
        {
          "Node Type": "Gather",
          "Parent Relationship": "Outer",
          "Parallel Aware": false,
          "Startup Cost": 9755.71,
          "Total Cost": 9756.02,
          "Plan Rows": 3,
          "Plan Width": 8,
          "Actual Startup Time": 44.676,
          "Actual Total Time": 47.345,
          "Actual Rows": 4,
          "Actual Loops": 1,
          "Workers Planned": 3,
          "Workers Launched": 3,
          "Single Copy": false,
          "Plans": [
            {
              "Node Type": "Aggregate",
              "Strategy": "Plain",
              "Partial Mode": "Partial",
              "Parent Relationship": "Outer",
              "Parallel Aware": false,
              "Startup Cost": 8755.71,
              "Total Cost": 8755.72,
              "Plan Rows": 1,
              "Plan Width": 8,
              "Actual Startup Time": 35.876,
              "Actual Total Time": 35.877,
              "Actual Rows": 1,
              "Actual Loops": 4,
              "Plans": [
                {
                  "Node Type": "Index Scan",
                  "Parent Relationship": "Outer",
                  "Parallel Aware": true,
                  "Scan Direction": "Forward",
                  "Index Name": "role_id_cast_info",
                  "Relation Name": "cast_info",
                  "Alias": "ci",
                  "Startup Cost": 0.56,
                  "Total Cost": 8600.37,
                  "Plan Rows": 62134,
                  "Plan Width": 0,
                  "Actual Startup Time": 0.214,
                  "Actual Total Time": 29.917,
                  "Actual Rows": 66564,
                  "Actual Loops": 4,
                  "Index Cond": "(role_id > 10)",
                  "Rows Removed by Index Recheck": 0,
                  "Filter": "(person_id > 1266666)",
                  "Rows Removed by Filter": 12466
                }
              ]
            }
          ]
        }
      ]
    },
    "Planning Time": 0.206,
    "Triggers": [],
    "Execution Time": 47.406
  }
]