[
  {
    "Plan": {
      "Node Type": "Aggregate",
      "Strategy": "Plain",
      "Partial Mode": "Finalize",
      "Parallel Aware": false,
      "Startup Cost": 46771.75,
      "Total Cost": 46771.76,
      "Plan Rows": 1,
      "Plan Width": 8,
      "Actual Startup Time": 173.044,
      "Actual Total Time": 181.245,
      "Actual Rows": 1,
      "Actual Loops": 1,
      "Plans": [
        {
          "Node Type": "Gather",
          "Parent Relationship": "Outer",
          "Parallel Aware": false,
          "Startup Cost": 46771.44,
          "Total Cost": 46771.75,
          "Plan Rows": 3,
          "Plan Width": 8,
          "Actual Startup Time": 172.809,
          "Actual Total Time": 181.235,
          "Actual Rows": 4,
          "Actual Loops": 1,
          "Workers Planned": 3,
          "Workers Launched": 3,
          "Single Copy": false,
          "Plans": [
            {
              "Node Type": "Aggregate",
              "Strategy": "Plain",
              "Partial Mode": "Partial",
              "Parent Relationship": "Outer",
              "Parallel Aware": false,
              "Startup Cost": 45771.44,
              "Total Cost": 45771.45,
              "Plan Rows": 1,
              "Plan Width": 8,
              "Actual Startup Time": 164.354,
              "Actual Total Time": 164.355,
              "Actual Rows": 1,
              "Actual Loops": 4,
              "Plans": [
                {
                  "Node Type": "Seq Scan",
                  "Parent Relationship": "Outer",
                  "Parallel Aware": true,
                  "Relation Name": "movie_keyword",
                  "Alias": "mk",
                  "Startup Cost": 0.0,
                  "Total Cost": 42695.65,
                  "Plan Rows": 1230313,
                  "Plan Width": 0,
                  "Actual Startup Time": 0.059,
                  "Actual Total Time": 120.328,
                  "Actual Rows": 954128,
                  "Actual Loops": 4,
                  "Filter": "(keyword_id < 26700)",
                  "Rows Removed by Filter": 176854
                }
              ]
            }
          ]
        }
      ]
    },
    "Planning Time": 0.182,
    "Triggers": [],
    "Execution Time": 181.305
  }
]