[
  {
    "Plan": {
      "Node Type": "Aggregate",
      "Strategy": "Plain",
      "Partial Mode": "Finalize",
      "Parallel Aware": false,
      "Startup Cost": 326806.43,
      "Total Cost": 326806.44,
      "Plan Rows": 1,
      "Plan Width": 8,
      "Actual Startup Time": 272.981,
      "Actual Total Time": 283.765,
      "Actual Rows": 1,
      "Actual Loops": 1,
      "Plans": [
        {
          "Node Type": "Gather",
          "Parent Relationship": "Outer",
          "Parallel Aware": false,
          "Startup Cost": 326805.81,
          "Total Cost": 326806.42,
          "Plan Rows": 6,
          "Plan Width": 8,
          "Actual Startup Time": 272.305,
          "Actual Total Time": 283.756,
          "Actual Rows": 7,
          "Actual Loops": 1,
          "Workers Planned": 6,
          "Workers Launched": 6,
          "Single Copy": false,
          "Plans": [
            {
              "Node Type": "Aggregate",
              "Strategy": "Plain",
              "Partial Mode": "Partial",
              "Parent Relationship": "Outer",
              "Parallel Aware": false,
              "Startup Cost": 325805.81,
              "Total Cost": 325805.82,
              "Plan Rows": 1,
              "Plan Width": 8,
              "Actual Startup Time": 262.606,
              "Actual Total Time": 262.607,
              "Actual Rows": 1,
              "Actual Loops": 7,
              "Plans": [
                {
                  "Node Type": "Bitmap Heap Scan",
                  "Parent Relationship": "Outer",
                  "Parallel Aware": true,
                  "Relation Name": "cast_info",
                  "Alias": "ci",
                  "Startup Cost": 65251.01,
                  "Total Cost": 325378.75,
                  "Plan Rows": 170823,
                  "Plan Width": 0,
                  "Actual Startup Time": 137.298,
                  "Actual Total Time": 247.213,
                  "Actual Rows": 312298,
                  "Actual Loops": 7,
                  "Recheck Cond": "(person_id < 294594)",
                  "Rows Removed by Index Recheck": 0,
                  "Filter": "(role_id < 2)",
                  "Rows Removed by Filter": 121314,
                  "Exact Heap Blocks": 6483,
                  "Lossy Heap Blocks": 0,
                  "Plans": [
                    {
                      "Node Type": "Bitmap Index Scan",
                      "Parent Relationship": "Outer",
                      "Parallel Aware": false,
                      "Index Name": "person_id_cast_info",
                      "Startup Cost": 0.0,
                      "Total Cost": 64994.78,
                      "Plan Rows": 2976295,
                      "Plan Width": 0,
                      "Actual Startup Time": 140.374,
                      "Actual Total Time": 140.375,
                      "Actual Rows": 3035289,
                      "Actual Loops": 1,
                      "Index Cond": "(person_id < 294594)"
                    }
                  ]
                }
              ]
            }
          ]
        }
      ]
    },
    "Planning Time": 0.274,
    "Triggers": [],
    "Execution Time": 283.846
  }
]