{
  "Plan": {
    "Node Type": "Aggregate",
    "Strategy": "Plain",
    "Partial Mode": "Finalize",
    "Parallel Aware": false,
    "Startup Cost": 225154.66,
    "Total Cost": 225154.67,
    "Plan Rows": 1,
    "Plan Width": 8,
    "Actual Startup Time": 2031.699,
    "Actual Total Time": 2098.986,
    "Actual Rows": 1,
    "Actual Loops": 1,
    "Plans": [
      {
        "Node Type": "Gather",
        "Parent Relationship": "Outer",
        "Parallel Aware": false,
        "Startup Cost": 225154.55,
        "Total Cost": 225154.66,
        "Plan Rows": 1,
        "Plan Width": 8,
        "Actual Startup Time": 2028.776,
        "Actual Total Time": 2098.976,
        "Actual Rows": 2,
        "Actual Loops": 1,
        "Workers Planned": 1,
        "Workers Launched": 1,
        "Single Copy": false,
        "Plans": [
          {
            "Node Type": "Aggregate",
            "Strategy": "Plain",
            "Partial Mode": "Partial",
            "Parent Relationship": "Outer",
            "Parallel Aware": false,
            "Startup Cost": 224154.55,
            "Total Cost": 224154.56,
            "Plan Rows": 1,
            "Plan Width": 8,
            "Actual Startup Time": 2022.896,
            "Actual Total Time": 2022.9,
            "Actual Rows": 1,
            "Actual Loops": 2,
            "Plans": [
              {
                "Node Type": "Nested Loop",
                "Parent Relationship": "Outer",
                "Parallel Aware": false,
                "Join Type": "Inner",
                "Startup Cost": 67248.68,
                "Total Cost": 223982.38,
                "Plan Rows": 68866,
                "Plan Width": 0,
                "Actual Startup Time": 328.967,
                "Actual Total Time": 1980.487,
                "Actual Rows": 744364,
                "Actual Loops": 2,
                "Inner Unique": false,
                "Plans": [
                  {
                    "Node Type": "Hash Join",
                    "Parent Relationship": "Outer",
                    "Parallel Aware": true,
                    "Join Type": "Inner",
                    "Startup Cost": 67248.24,
                    "Total Cost": 93954.07,
                    "Plan Rows": 58381,
                    "Plan Width": 8,
                    "Actual Startup Time": 328.84,
                    "Actual Total Time": 458.325,
                    "Actual Rows": 110834,
                    "Actual Loops": 2,
                    "Inner Unique": true,
                    "Hash Cond": "(mk.movie_id = t.id)",
                    "Plans": [
                      {
                        "Node Type": "Bitmap Heap Scan",
                        "Parent Relationship": "Outer",
                        "Parallel Aware": true,
                        "Relation Name": "movie_keyword",
                        "Alias": "mk",
                        "Startup Cost": 5369.94,
                        "Total Cost": 31684.96,
                        "Plan Rows": 148881,
                        "Plan Width": 4,
                        "Actual Startup Time": 25.006,
                        "Actual Total Time": 83.481,
                        "Actual Rows": 130466,
                        "Actual Loops": 2,
                        "Recheck Cond": "(keyword_id < 229)",
                        "Rows Removed by Index Recheck": 0,
                        "Exact Heap Blocks": 10823,
                        "Lossy Heap Blocks": 0,
                        "Plans": [
                          {
                            "Node Type": "Bitmap Index Scan",
                            "Parent Relationship": "Outer",
                            "Parallel Aware": false,
                            "Index Name": "keyword_id_movie_keyword",
                            "Startup Cost": 0.0,
                            "Total Cost": 5306.67,
                            "Plan Rows": 253098,
                            "Plan Width": 0,
                            "Actual Startup Time": 19.171,
                            "Actual Total Time": 19.172,
                            "Actual Rows": 260933,
                            "Actual Loops": 1,
                            "Index Cond": "(keyword_id < 229)"
                          }
                        ]
                      },
                      {
                        "Node Type": "Hash",
                        "Parent Relationship": "Inner",
                        "Parallel Aware": true,
                        "Startup Cost": 54588.39,
                        "Total Cost": 54588.39,
                        "Plan Rows": 583193,
                        "Plan Width": 4,
                        "Actual Startup Time": 294.737,
                        "Actual Total Time": 294.737,
                        "Actual Rows": 492524,
                        "Actual Loops": 2,
                        "Hash Buckets": 1048576,
                        "Original Hash Buckets": 1048576,
                        "Hash Batches": 1,
                        "Original Hash Batches": 1,
                        "Peak Memory Usage": 46752,
                        "Plans": [
                          {
                            "Node Type": "Seq Scan",
                            "Parent Relationship": "Outer",
                            "Parallel Aware": true,
                            "Relation Name": "title",
                            "Alias": "t",
                            "Startup Cost": 0.0,
                            "Total Cost": 54588.39,
                            "Plan Rows": 583193,
                            "Plan Width": 4,
                            "Actual Startup Time": 0.032,
                            "Actual Total Time": 171.504,
                            "Actual Rows": 492524,
                            "Actual Loops": 2,
                            "Filter": "(kind_id < 7)",
                            "Rows Removed by Filter": 771632
                          }
                        ]
                      }
                    ]
                  },
                  {
                    "Node Type": "Index Scan",
                    "Parent Relationship": "Inner",
                    "Parallel Aware": false,
                    "Scan Direction": "Forward",
                    "Index Name": "movie_id_movie_info",
                    "Relation Name": "movie_info",
                    "Alias": "mi",
                    "Startup Cost": 0.43,
                    "Total Cost": 2.15,
                    "Plan Rows": 8,
                    "Plan Width": 4,
                    "Actual Startup Time": 0.006,
                    "Actual Total Time": 0.013,
                    "Actual Rows": 7,
                    "Actual Loops": 221669,
                    "Index Cond": "(movie_id = t.id)",
                    "Rows Removed by Index Recheck": 0,
                    "Filter": "(info_type_id = 16)",
                    "Rows Removed by Filter": 38
                  }
                ]
              }
            ]
          }
        ]
      }
    ]
  },
  "Planning Time": 0.982,
  "Triggers": [],
  "Execution Time": 2099.11
}