[
  {
    "Plan": {
      "Node Type": "Aggregate",
      "Strategy": "Plain",
      "Partial Mode": "Finalize",
      "Parallel Aware": false,
      "Startup Cost": 254216.82,
      "Total Cost": 254216.83,
      "Plan Rows": 1,
      "Plan Width": 8,
      "Actual Startup Time": 929.211,
      "Actual Total Time": 978.934,
      "Actual Rows": 1,
      "Actual Loops": 1,
      "Plans": [
        {
          "Node Type": "Gather",
          "Parent Relationship": "Outer",
          "Parallel Aware": false,
          "Startup Cost": 254216.3,
          "Total Cost": 254216.81,
          "Plan Rows": 5,
          "Plan Width": 8,
          "Actual Startup Time": 921.164,
          "Actual Total Time": 978.914,
          "Actual Rows": 6,
          "Actual Loops": 1,
          "Workers Planned": 5,
          "Workers Launched": 5,
          "Single Copy": false,
          "Plans": [
            {
              "Node Type": "Aggregate",
              "Strategy": "Plain",
              "Partial Mode": "Partial",
              "Parent Relationship": "Outer",
              "Parallel Aware": false,
              "Startup Cost": 253216.3,
              "Total Cost": 253216.31,
              "Plan Rows": 1,
              "Plan Width": 8,
              "Actual Startup Time": 902.806,
              "Actual Total Time": 902.811,
              "Actual Rows": 1,
              "Actual Loops": 6,
              "Plans": [
                {
                  "Node Type": "Hash Join",
                  "Parent Relationship": "Outer",
                  "Parallel Aware": true,
                  "Join Type": "Inner",
                  "Startup Cost": 50606.32,
                  "Total Cost": 251650.91,
                  "Plan Rows": 626155,
                  "Plan Width": 0,
                  "Actual Startup Time": 322.224,
                  "Actual Total Time": 878.565,
                  "Actual Rows": 475824,
                  "Actual Loops": 6,
                  "Inner Unique": true,
                  "Hash Cond": "(mi.movie_id = t.id)",
                  "Plans": [
                    {
                      "Node Type": "Seq Scan",
                      "Parent Relationship": "Outer",
                      "Parallel Aware": true,
                      "Relation Name": "movie_info",
                      "Alias": "mi",
                      "Startup Cost": 0.0,
                      "Total Cost": 199108.24,
                      "Plan Rows": 737655,
                      "Plan Width": 4,
                      "Actual Startup Time": 35.66,
                      "Actual Total Time": 385.269,
                      "Actual Rows": 604163,
                      "Actual Loops": 6,
                      "Filter": "(info_type_id < 4)",
                      "Rows Removed by Filter": 1868457
                    },
                    {
                      "Node Type": "Hash",
                      "Parent Relationship": "Inner",
                      "Parallel Aware": true,
                      "Startup Cost": 43899.32,
                      "Total Cost": 43899.32,
                      "Plan Rows": 536560,
                      "Plan Width": 4,
                      "Actual Startup Time": 278.728,
                      "Actual Total Time": 278.729,
                      "Actual Rows": 355496,
                      "Actual Loops": 6,
                      "Hash Buckets": 4194304,
                      "Original Hash Buckets": 4194304,
                      "Hash Batches": 1,
                      "Original Hash Batches": 1,
                      "Peak Memory Usage": 116320,
                      "Plans": [
                        {
                          "Node Type": "Seq Scan",
                          "Parent Relationship": "Outer",
                          "Parallel Aware": true,
                          "Relation Name": "title",
                          "Alias": "t",
                          "Startup Cost": 0.0,
                          "Total Cost": 43899.32,
                          "Plan Rows": 536560,
                          "Plan Width": 4,
                          "Actual Startup Time": 0.043,
                          "Actual Total Time": 102.534,
                          "Actual Rows": 355496,
                          "Actual Loops": 6,
                          "Filter": "(production_year > 1966)",
                          "Rows Removed by Filter": 65890
                        }
                      ]
                    }
                  ]
                }
              ]
            }
          ]
        }
      ]
    },
    "Planning Time": 0.756,
    "Triggers": [],
    "Execution Time": 979.016
  }
]