[
  {
    "Plan": {
      "Node Type": "Aggregate",
      "Strategy": "Plain",
      "Partial Mode": "Finalize",
      "Parallel Aware": false,
      "Startup Cost": 32684.57,
      "Total Cost": 32684.58,
      "Plan Rows": 1,
      "Plan Width": 8,
      "Actual Startup Time": 90.7,
      "Actual Total Time": 98.658,
      "Actual Rows": 1,
      "Actual Loops": 1,
      "Plans": [
        {
          "Node Type": "Gather",
          "Parent Relationship": "Outer",
          "Parallel Aware": false,
          "Startup Cost": 32684.26,
          "Total Cost": 32684.57,
          "Plan Rows": 3,
          "Plan Width": 8,
          "Actual Startup Time": 90.599,
          "Actual Total Time": 98.652,
          "Actual Rows": 4,
          "Actual Loops": 1,
          "Workers Planned": 3,
          "Workers Launched": 3,
          "Single Copy": false,
          "Plans": [
            {
              "Node Type": "Aggregate",
              "Strategy": "Plain",
              "Partial Mode": "Partial",
              "Parent Relationship": "Outer",
              "Parallel Aware": false,
              "Startup Cost": 31684.26,
              "Total Cost": 31684.27,
              "Plan Rows": 1,
              "Plan Width": 8,
              "Actual Startup Time": 83.131,
              "Actual Total Time": 83.132,
              "Actual Rows": 1,
              "Actual Loops": 4,
              "Plans": [
                {
                  "Node Type": "Seq Scan",
                  "Parent Relationship": "Outer",
                  "Parallel Aware": true,
                  "Relation Name": "movie_companies",
                  "Alias": "mc",
                  "Startup Cost": 0.0,
                  "Total Cost": 31414.82,
                  "Plan Rows": 107775,
                  "Plan Width": 0,
                  "Actual Startup Time": 45.262,
                  "Actual Total Time": 76.775,
                  "Actual Rows": 161268,
                  "Actual Loops": 4,
                  "Filter": "((company_id > 50468) AND (company_type_id > 1))",
                  "Rows Removed by Filter": 491014
                }
              ]
            }
          ]
        }
      ]
    },
    "Planning Time": 0.213,
    "Triggers": [],
    "Execution Time": 98.714
  }
]