[
  {
    "Plan": {
      "Node Type": "Aggregate",
      "Strategy": "Plain",
      "Partial Mode": "Finalize",
      "Parallel Aware": false,
      "Startup Cost": 85539.02,
      "Total Cost": 85539.03,
      "Plan Rows": 1,
      "Plan Width": 8,
      "Actual Startup Time": 410.391,
      "Actual Total Time": 426.169,
      "Actual Rows": 1,
      "Actual Loops": 1,
      "Plans": [
        {
          "Node Type": "Gather",
          "Parent Relationship": "Outer",
          "Parallel Aware": false,
          "Startup Cost": 85538.7,
          "Total Cost": 85539.01,
          "Plan Rows": 3,
          "Plan Width": 8,
          "Actual Startup Time": 405.202,
          "Actual Total Time": 426.156,
          "Actual Rows": 4,
          "Actual Loops": 1,
          "Workers Planned": 3,
          "Workers Launched": 3,
          "Single Copy": false,
          "Plans": [
            {
              "Node Type": "Aggregate",
              "Strategy": "Plain",
              "Partial Mode": "Partial",
              "Parent Relationship": "Outer",
              "Parallel Aware": false,
              "Startup Cost": 84538.7,
              "Total Cost": 84538.71,
              "Plan Rows": 1,
              "Plan Width": 8,
              "Actual Startup Time": 394.961,
              "Actual Total Time": 394.966,
              "Actual Rows": 1,
              "Actual Loops": 4,
              "Plans": [
                {
                  "Node Type": "Hash Join",
                  "Parent Relationship": "Outer",
                  "Parallel Aware": true,
                  "Join Type": "Inner",
                  "Startup Cost": 57686.34,
                  "Total Cost": 84344.97,
                  "Plan Rows": 77493,
                  "Plan Width": 0,
                  "Actual Startup Time": 287.867,
                  "Actual Total Time": 390.209,
                  "Actual Rows": 78466,
                  "Actual Loops": 4,
                  "Inner Unique": true,
                  "Hash Cond": "(mk.movie_id = t.id)",
                  "Plans": [
                    {
                      "Node Type": "Bitmap Heap Scan",
                      "Parent Relationship": "Outer",
                      "Parallel Aware": true,
                      "Relation Name": "movie_keyword",
                      "Alias": "mk",
                      "Startup Cost": 9586.34,
                      "Total Cost": 35862.35,
                      "Plan Rows": 145761,
                      "Plan Width": 4,
                      "Actual Startup Time": 39.06,
                      "Actual Total Time": 96.049,
                      "Actual Rows": 113332,
                      "Actual Loops": 4,
                      "Recheck Cond": "(keyword_id < 348)",
                      "Rows Removed by Index Recheck": 0,
                      "Exact Heap Blocks": 6655,
                      "Lossy Heap Blocks": 0,
                      "Plans": [
                        {
                          "Node Type": "Bitmap Index Scan",
                          "Parent Relationship": "Outer",
                          "Parallel Aware": false,
                          "Index Name": "keyword_id_movie_keyword",
                          "Startup Cost": 0.0,
                          "Total Cost": 9473.38,
                          "Plan Rows": 451859,
                          "Plan Width": 0,
                          "Actual Startup Time": 33.291,
                          "Actual Total Time": 33.292,
                          "Actual Rows": 453330,
                          "Actual Loops": 1,
                          "Index Cond": "(keyword_id < 348)"
                        }
                      ]
                    },
                    {
                      "Node Type": "Hash",
                      "Parent Relationship": "Inner",
                      "Parallel Aware": true,
                      "Startup Cost": 43899.32,
                      "Total Cost": 43899.32,
                      "Plan Rows": 336054,
                      "Plan Width": 4,
                      "Actual Startup Time": 242.317,
                      "Actual Total Time": 242.318,
                      "Actual Rows": 337073,
                      "Actual Loops": 4,
                      "Hash Buckets": 2097152,
                      "Original Hash Buckets": 2097152,
                      "Hash Batches": 1,
                      "Original Hash Batches": 1,
                      "Peak Memory Usage": 69216,
                      "Plans": [
                        {
                          "Node Type": "Seq Scan",
                          "Parent Relationship": "Outer",
                          "Parallel Aware": true,
                          "Relation Name": "title",
                          "Alias": "t",
                          "Startup Cost": 0.0,
                          "Total Cost": 43899.32,
                          "Plan Rows": 336054,
                          "Plan Width": 4,
                          "Actual Startup Time": 0.04,
                          "Actual Total Time": 114.015,
                          "Actual Rows": 337073,
                          "Actual Loops": 4,
                          "Filter": "(production_year < 2005)",
                          "Rows Removed by Filter": 295005
                        }
                      ]
                    }
                  ]
                }
              ]
            }
          ]
        }
      ]
    },
    "Planning Time": 0.385,
    "Triggers": [],
    "Execution Time": 426.248
  }
]