{
  "Plan": {
    "Node Type": "Aggregate",
    "Strategy": "Plain",
    "Partial Mode": "Simple",
    "Parallel Aware": false,
    "Startup Cost": 264929.78,
    "Total Cost": 264929.79,
    "Plan Rows": 1,
    "Plan Width": 96,
    "Actual Startup Time": 1406.752,
    "Actual Total Time": 1414.336,
    "Actual Rows": 1,
    "Actual Loops": 1,
    "Plans": [
      {
        "Node Type": "Merge Join",
        "Parent Relationship": "Outer",
        "Parallel Aware": false,
        "Join Type": "Inner",
        "Startup Cost": 264928.6,
        "Total Cost": 264929.41,
        "Plan Rows": 49,
        "Plan Width": 60,
        "Actual Startup Time": 1391.993,
        "Actual Total Time": 1408.593,
        "Actual Rows": 14899,
        "Actual Loops": 1,
        "Inner Unique": false,
        "Merge Cond": "(ct.id = mc.company_type_id)",
        "Plans": [
          {
            "Node Type": "Sort",
            "Parent Relationship": "Outer",
            "Parallel Aware": false,
            "Startup Cost": 1.07,
            "Total Cost": 1.08,
            "Plan Rows": 3,
            "Plan Width": 4,
            "Actual Startup Time": 0.134,
            "Actual Total Time": 0.139,
            "Actual Rows": 2,
            "Actual Loops": 1,
            "Sort Key": [
              "ct.id"
            ],
            "Sort Method": "quicksort",
            "Sort Space Used": 25,
            "Sort Space Type": "Memory",
            "Plans": [
              {
                "Node Type": "Seq Scan",
                "Parent Relationship": "Outer",
                "Parallel Aware": false,
                "Relation Name": "company_type",
                "Alias": "ct",
                "Startup Cost": 0.0,
                "Total Cost": 1.05,
                "Plan Rows": 3,
                "Plan Width": 4,
                "Actual Startup Time": 0.009,
                "Actual Total Time": 0.012,
                "Actual Rows": 3,
                "Actual Loops": 1,
                "Filter": "((kind IS NOT NULL) AND ((kind)::text <> 'production companies'::text))",
                "Rows Removed by Filter": 1
              }
            ]
          },
          {
            "Node Type": "Sort",
            "Parent Relationship": "Inner",
            "Parallel Aware": false,
            "Startup Cost": 264927.52,
            "Total Cost": 264927.68,
            "Plan Rows": 64,
            "Plan Width": 64,
            "Actual Startup Time": 1391.843,
            "Actual Total Time": 1401.687,
            "Actual Rows": 15493,
            "Actual Loops": 1,
            "Sort Key": [
              "mc.company_type_id"
            ],
            "Sort Method": "quicksort",
            "Sort Space Used": 2427,
            "Sort Space Type": "Memory",
            "Plans": [
              {
                "Node Type": "Gather",
                "Parent Relationship": "Outer",
                "Parallel Aware": false,
                "Startup Cost": 264918.88,
                "Total Cost": 264925.6,
                "Plan Rows": 64,
                "Plan Width": 64,
                "Actual Startup Time": 944.531,
                "Actual Total Time": 1393.971,
                "Actual Rows": 15493,
                "Actual Loops": 1,
                "Workers Planned": 4,
                "Workers Launched": 4,
                "Single Copy": false,
                "Plans": [
                  {
                    "Node Type": "Merge Join",
                    "Parent Relationship": "Outer",
                    "Parallel Aware": false,
                    "Join Type": "Inner",
                    "Startup Cost": 263918.88,
                    "Total Cost": 263919.2,
                    "Plan Rows": 16,
                    "Plan Width": 64,
                    "Actual Startup Time": 1264.143,
                    "Actual Total Time": 1264.841,
                    "Actual Rows": 3099,
                    "Actual Loops": 5,
                    "Inner Unique": true,
                    "Merge Cond": "(ml.link_type_id = lt.id)",
                    "Plans": [
                      {
                        "Node Type": "Sort",
                        "Parent Relationship": "Outer",
                        "Parallel Aware": false,
                        "Startup Cost": 263917.32,
                        "Total Cost": 263917.36,
                        "Plan Rows": 16,
                        "Plan Width": 68,
                        "Actual Startup Time": 1264.057,
                        "Actual Total Time": 1264.261,
                        "Actual Rows": 3099,
                        "Actual Loops": 5,
                        "Sort Key": [
                          "ml.link_type_id"
                        ],
                        "Sort Method": "quicksort",
                        "Sort Space Used": 2059,
                        "Sort Space Type": "Memory",
                        "Workers": [
                          {
                            "Worker Number": 0,
                            "Sort Method": "quicksort",
                            "Sort Space Used": 43,
                            "Sort Space Type": "Memory"
                          },
                          {
                            "Worker Number": 1,
                            "Sort Method": "quicksort",
                            "Sort Space Used": 342,
                            "Sort Space Type": "Memory"
                          },
                          {
                            "Worker Number": 2,
                            "Sort Method": "quicksort",
                            "Sort Space Used": 88,
                            "Sort Space Type": "Memory"
                          },
                          {
                            "Worker Number": 3,
                            "Sort Method": "quicksort",
                            "Sort Space Used": 86,
                            "Sort Space Type": "Memory"
                          }
                        ],
                        "Plans": [
                          {
                            "Node Type": "Merge Join",
                            "Parent Relationship": "Outer",
                            "Parallel Aware": false,
                            "Join Type": "Inner",
                            "Startup Cost": 262866.16,
                            "Total Cost": 263917.0,
                            "Plan Rows": 16,
                            "Plan Width": 68,
                            "Actual Startup Time": 1243.204,
                            "Actual Total Time": 1262.96,
                            "Actual Rows": 3099,
                            "Actual Loops": 5,
                            "Inner Unique": true,
                            "Merge Cond": "(mc.company_id = cn.id)",
                            "Plans": [
                              {
                                "Node Type": "Sort",
                                "Parent Relationship": "Outer",
                                "Parallel Aware": false,
                                "Startup Cost": 238345.57,
                                "Total Cost": 238345.62,
                                "Plan Rows": 18,
                                "Plan Width": 53,
                                "Actual Startup Time": 1089.822,
                                "Actual Total Time": 1090.141,
                                "Actual Rows": 3102,
                                "Actual Loops": 5,
                                "Sort Key": [
                                  "mc.company_id"
                                ],
                                "Sort Method": "quicksort",
                                "Sort Space Used": 1797,
                                "Sort Space Type": "Memory",
                                "Workers": [
                                  {
                                    "Worker Number": 0,
                                    "Sort Method": "quicksort",
                                    "Sort Space Used": 42,
                                    "Sort Space Type": "Memory"
                                  },
                                  {
                                    "Worker Number": 1,
                                    "Sort Method": "quicksort",
                                    "Sort Space Used": 293,
                                    "Sort Space Type": "Memory"
                                  },
                                  {
                                    "Worker Number": 2,
                                    "Sort Method": "quicksort",
                                    "Sort Space Used": 76,
                                    "Sort Space Type": "Memory"
                                  },
                                  {
                                    "Worker Number": 3,
                                    "Sort Method": "quicksort",
                                    "Sort Space Used": 78,
                                    "Sort Space Type": "Memory"
                                  }
                                ],
                                "Plans": [
                                  {
                                    "Node Type": "Merge Join",
                                    "Parent Relationship": "Outer",
                                    "Parallel Aware": false,
                                    "Join Type": "Inner",
                                    "Startup Cost": 238083.45,
                                    "Total Cost": 238345.19,
                                    "Plan Rows": 18,
                                    "Plan Width": 53,
                                    "Actual Startup Time": 1083.692,
                                    "Actual Total Time": 1088.948,
                                    "Actual Rows": 3102,
                                    "Actual Loops": 5,
                                    "Inner Unique": false,
                                    "Merge Cond": "(ml.movie_id = mc.movie_id)",
                                    "Plans": [
                                      {
                                        "Node Type": "Sort",
                                        "Parent Relationship": "Outer",
                                        "Parallel Aware": false,
                                        "Startup Cost": 56911.69,
                                        "Total Cost": 56911.7,
                                        "Plan Rows": 7,
                                        "Plan Width": 33,
                                        "Actual Startup Time": 153.584,
                                        "Actual Total Time": 153.627,
                                        "Actual Rows": 292,
                                        "Actual Loops": 5,
                                        "Sort Key": [
                                          "mk.movie_id"
                                        ],
                                        "Sort Method": "quicksort",
                                        "Sort Space Used": 61,
                                        "Sort Space Type": "Memory",
                                        "Workers": [
                                          {
                                            "Worker Number": 0,
                                            "Sort Method": "quicksort",
                                            "Sort Space Used": 29,
                                            "Sort Space Type": "Memory"
                                          },
                                          {
                                            "Worker Number": 1,
                                            "Sort Method": "quicksort",
                                            "Sort Space Used": 56,
                                            "Sort Space Type": "Memory"
                                          },
                                          {
                                            "Worker Number": 2,
                                            "Sort Method": "quicksort",
                                            "Sort Space Used": 44,
                                            "Sort Space Type": "Memory"
                                          },
                                          {
                                            "Worker Number": 3,
                                            "Sort Method": "quicksort",
                                            "Sort Space Used": 51,
                                            "Sort Space Type": "Memory"
                                          }
                                        ],
                                        "Plans": [
                                          {
                                            "Node Type": "Merge Join",
                                            "Parent Relationship": "Outer",
                                            "Parallel Aware": false,
                                            "Join Type": "Inner",
                                            "Startup Cost": 55339.72,
                                            "Total Cost": 56911.59,
                                            "Plan Rows": 7,
                                            "Plan Width": 33,
                                            "Actual Startup Time": 153.284,
                                            "Actual Total Time": 153.486,
                                            "Actual Rows": 292,
                                            "Actual Loops": 5,
                                            "Inner Unique": true,
                                            "Merge Cond": "(mk.keyword_id = k.id)",
                                            "Plans": [
                                              {
                                                "Node Type": "Sort",
                                                "Parent Relationship": "Outer",
                                                "Parallel Aware": false,
                                                "Startup Cost": 52540.28,
                                                "Total Cost": 53328.96,
                                                "Plan Rows": 315473,
                                                "Plan Width": 37,
                                                "Actual Startup Time": 133.88,
                                                "Actual Total Time": 134.633,
                                                "Actual Rows": 9717,
                                                "Actual Loops": 5,
                                                "Sort Key": [
                                                  "mk.keyword_id"
                                                ],
                                                "Sort Method": "quicksort",
                                                "Sort Space Used": 12335,
                                                "Sort Space Type": "Memory",
                                                "Workers": [
                                                  {
                                                    "Worker Number": 0,
                                                    "Sort Method": "quicksort",
                                                    "Sort Space Used": 6085,
                                                    "Sort Space Type": "Memory"
                                                  },
                                                  {
                                                    "Worker Number": 1,
                                                    "Sort Method": "quicksort",
                                                    "Sort Space Used": 4720,
                                                    "Sort Space Type": "Memory"
                                                  },
                                                  {
                                                    "Worker Number": 2,
                                                    "Sort Method": "quicksort",
                                                    "Sort Space Used": 6050,
                                                    "Sort Space Type": "Memory"
                                                  },
                                                  {
                                                    "Worker Number": 3,
                                                    "Sort Method": "quicksort",
                                                    "Sort Space Used": 4609,
                                                    "Sort Space Type": "Memory"
                                                  }
                                                ],
                                                "Plans": [
                                                  {
                                                    "Node Type": "Merge Join",
                                                    "Parent Relationship": "Outer",
                                                    "Parallel Aware": false,
                                                    "Join Type": "Inner",
                                                    "Startup Cost": 11.85,
                                                    "Total Cost": 23726.3,
                                                    "Plan Rows": 315473,
                                                    "Plan Width": 37,
                                                    "Actual Startup Time": 3.602,
                                                    "Actual Total Time": 113.585,
                                                    "Actual Rows": 57278,
                                                    "Actual Loops": 5,
                                                    "Inner Unique": false,
                                                    "Merge Cond": "(t.id = ml.movie_id)",
                                                    "Plans": [
                                                      {
                                                        "Node Type": "Merge Join",
                                                        "Parent Relationship": "Outer",
                                                        "Parallel Aware": false,
                                                        "Join Type": "Inner",
                                                        "Startup Cost": 11.57,
                                                        "Total Cost": 293022.63,
                                                        "Plan Rows": 1025743,
                                                        "Plan Width": 29,
                                                        "Actual Startup Time": 2.746,
                                                        "Actual Total Time": 82.173,
                                                        "Actual Rows": 19268,
                                                        "Actual Loops": 5,
                                                        "Inner Unique": false,
                                                        "Merge Cond": "(t.id = mk.movie_id)",
                                                        "Plans": [
                                                          {
                                                            "Node Type": "Index Scan",
                                                            "Parent Relationship": "Outer",
                                                            "Parallel Aware": true,
                                                            "Scan Direction": "Forward",
                                                            "Index Name": "title_pkey",
                                                            "Relation Name": "title",
                                                            "Alias": "t",
                                                            "Startup Cost": 0.43,
                                                            "Total Cost": 92975.56,
                                                            "Plan Rows": 573307,
                                                            "Plan Width": 21,
                                                            "Actual Startup Time": 0.231,
                                                            "Actual Total Time": 46.51,
                                                            "Actual Rows": 35670,
                                                            "Actual Loops": 5,
                                                            "Filter": "(production_year > 1950)",
                                                            "Rows Removed by Filter": 1650
                                                          },
                                                          {
                                                            "Node Type": "Index Scan",
                                                            "Parent Relationship": "Inner",
                                                            "Parallel Aware": false,
                                                            "Scan Direction": "Forward",
                                                            "Index Name": "movie_id_movie_keyword",
                                                            "Relation Name": "movie_keyword",
                                                            "Alias": "mk",
                                                            "Startup Cost": 0.43,
                                                            "Total Cost": 177148.48,
                                                            "Plan Rows": 4523930,
                                                            "Plan Width": 8,
                                                            "Actual Startup Time": 0.105,
                                                            "Actual Total Time": 21.961,
                                                            "Actual Rows": 98036,
                                                            "Actual Loops": 5
                                                          }
                                                        ]
                                                      },
                                                      {
                                                        "Node Type": "Index Scan",
                                                        "Parent Relationship": "Inner",
                                                        "Parallel Aware": false,
                                                        "Scan Direction": "Forward",
                                                        "Index Name": "movie_id_movie_link",
                                                        "Relation Name": "movie_link",
                                                        "Alias": "ml",
                                                        "Startup Cost": 0.29,
                                                        "Total Cost": 1111.51,
                                                        "Plan Rows": 29997,
                                                        "Plan Width": 8,
                                                        "Actual Startup Time": 0.128,
                                                        "Actual Total Time": 16.977,
                                                        "Actual Rows": 83959,
                                                        "Actual Loops": 5
                                                      }
                                                    ]
                                                  }
                                                ]
                                              },
                                              {
                                                "Node Type": "Sort",
                                                "Parent Relationship": "Inner",
                                                "Parallel Aware": false,
                                                "Startup Cost": 2793.86,
                                                "Total Cost": 2793.87,
                                                "Plan Rows": 3,
                                                "Plan Width": 4,
                                                "Actual Startup Time": 18.114,
                                                "Actual Total Time": 18.116,
                                                "Actual Rows": 3,
                                                "Actual Loops": 5,
                                                "Sort Key": [
                                                  "k.id"
                                                ],
                                                "Sort Method": "quicksort",
                                                "Sort Space Used": 25,
                                                "Sort Space Type": "Memory",
                                                "Workers": [
                                                  {
                                                    "Worker Number": 0,
                                                    "Sort Method": "quicksort",
                                                    "Sort Space Used": 25,
                                                    "Sort Space Type": "Memory"
                                                  },
                                                  {
                                                    "Worker Number": 1,
                                                    "Sort Method": "quicksort",
                                                    "Sort Space Used": 25,
                                                    "Sort Space Type": "Memory"
                                                  },
                                                  {
                                                    "Worker Number": 2,
                                                    "Sort Method": "quicksort",
                                                    "Sort Space Used": 25,
                                                    "Sort Space Type": "Memory"
                                                  },
                                                  {
                                                    "Worker Number": 3,
                                                    "Sort Method": "quicksort",
                                                    "Sort Space Used": 25,
                                                    "Sort Space Type": "Memory"
                                                  }
                                                ],
                                                "Plans": [
                                                  {
                                                    "Node Type": "Seq Scan",
                                                    "Parent Relationship": "Outer",
                                                    "Parallel Aware": false,
                                                    "Relation Name": "keyword",
                                                    "Alias": "k",
                                                    "Startup Cost": 0.0,
                                                    "Total Cost": 2793.84,
                                                    "Plan Rows": 3,
                                                    "Plan Width": 4,
                                                    "Actual Startup Time": 0.738,
                                                    "Actual Total Time": 18.104,
                                                    "Actual Rows": 3,
                                                    "Actual Loops": 5,
                                                    "Filter": "(keyword = ANY ('{sequel,revenge,based-on-novel}'::text[]))",
                                                    "Rows Removed by Filter": 134167
                                                  }
                                                ]
                                              }
                                            ]
                                          }
                                        ]
                                      },
                                      {
                                        "Node Type": "Sort",
                                        "Parent Relationship": "Inner",
                                        "Parallel Aware": false,
                                        "Startup Cost": 181171.77,
                                        "Total Cost": 184519.93,
                                        "Plan Rows": 1339266,
                                        "Plan Width": 36,
                                        "Actual Startup Time": 929.283,
                                        "Actual Total Time": 931.6,
                                        "Actual Rows": 44725,
                                        "Actual Loops": 5,
                                        "Sort Key": [
                                          "mc.movie_id"
                                        ],
                                        "Sort Method": "quicksort",
                                        "Sort Space Used": 158346,
                                        "Sort Space Type": "Memory",
                                        "Workers": [
                                          {
                                            "Worker Number": 0,
                                            "Sort Method": "quicksort",
                                            "Sort Space Used": 158346,
                                            "Sort Space Type": "Memory"
                                          },
                                          {
                                            "Worker Number": 1,
                                            "Sort Method": "quicksort",
                                            "Sort Space Used": 158346,
                                            "Sort Space Type": "Memory"
                                          },
                                          {
                                            "Worker Number": 2,
                                            "Sort Method": "quicksort",
                                            "Sort Space Used": 158346,
                                            "Sort Space Type": "Memory"
                                          },
                                          {
                                            "Worker Number": 3,
                                            "Sort Method": "quicksort",
                                            "Sort Space Used": 158346,
                                            "Sort Space Type": "Memory"
                                          }
                                        ],
                                        "Plans": [
                                          {
                                            "Node Type": "Seq Scan",
                                            "Parent Relationship": "Outer",
                                            "Parallel Aware": false,
                                            "Relation Name": "movie_companies",
                                            "Alias": "mc",
                                            "Startup Cost": 0.0,
                                            "Total Cost": 44881.29,
                                            "Plan Rows": 1339266,
                                            "Plan Width": 36,
                                            "Actual Startup Time": 0.024,
                                            "Actual Total Time": 377.882,
                                            "Actual Rows": 1337140,
                                            "Actual Loops": 5,
                                            "Filter": "(note IS NOT NULL)",
                                            "Rows Removed by Filter": 1271989
                                          }
                                        ]
                                      }
                                    ]
                                  }
                                ]
                              },
                              {
                                "Node Type": "Sort",
                                "Parent Relationship": "Inner",
                                "Parallel Aware": false,
                                "Startup Cost": 24520.59,
                                "Total Cost": 25046.22,
                                "Plan Rows": 210252,
                                "Plan Width": 23,
                                "Actual Startup Time": 153.355,
                                "Actual Total Time": 163.972,
                                "Actual Rows": 53200,
                                "Actual Loops": 5,
                                "Sort Key": [
                                  "cn.id"
                                ],
                                "Sort Method": "quicksort",
                                "Sort Space Used": 21419,
                                "Sort Space Type": "Memory",
                                "Workers": [
                                  {
                                    "Worker Number": 0,
                                    "Sort Method": "quicksort",
                                    "Sort Space Used": 21419,
                                    "Sort Space Type": "Memory"
                                  },
                                  {
                                    "Worker Number": 1,
                                    "Sort Method": "quicksort",
                                    "Sort Space Used": 21419,
                                    "Sort Space Type": "Memory"
                                  },
                                  {
                                    "Worker Number": 2,
                                    "Sort Method": "quicksort",
                                    "Sort Space Used": 21419,
                                    "Sort Space Type": "Memory"
                                  },
                                  {
                                    "Worker Number": 3,
                                    "Sort Method": "quicksort",
                                    "Sort Space Used": 21419,
                                    "Sort Space Type": "Memory"
                                  }
                                ],
                                "Plans": [
                                  {
                                    "Node Type": "Seq Scan",
                                    "Parent Relationship": "Outer",
                                    "Parallel Aware": false,
                                    "Relation Name": "company_name",
                                    "Alias": "cn",
                                    "Startup Cost": 0.0,
                                    "Total Cost": 5932.46,
                                    "Plan Rows": 210252,
                                    "Plan Width": 23,
                                    "Actual Startup Time": 0.085,
                                    "Actual Total Time": 54.387,
                                    "Actual Rows": 210031,
                                    "Actual Loops": 5,
                                    "Filter": "((country_code)::text <> '[pl]'::text)",
                                    "Rows Removed by Filter": 24966
                                  }
                                ]
                              }
                            ]
                          }
                        ]
                      },
                      {
                        "Node Type": "Sort",
                        "Parent Relationship": "Inner",
                        "Parallel Aware": false,
                        "Startup Cost": 1.56,
                        "Total Cost": 1.6,
                        "Plan Rows": 18,
                        "Plan Width": 4,
                        "Actual Startup Time": 0.079,
                        "Actual Total Time": 0.081,
                        "Actual Rows": 14,
                        "Actual Loops": 5,
                        "Sort Key": [
                          "lt.id"
                        ],
                        "Sort Method": "quicksort",
                        "Sort Space Used": 25,
                        "Sort Space Type": "Memory",
                        "Workers": [
                          {
                            "Worker Number": 0,
                            "Sort Method": "quicksort",
                            "Sort Space Used": 25,
                            "Sort Space Type": "Memory"
                          },
                          {
                            "Worker Number": 1,
                            "Sort Method": "quicksort",
                            "Sort Space Used": 25,
                            "Sort Space Type": "Memory"
                          },
                          {
                            "Worker Number": 2,
                            "Sort Method": "quicksort",
                            "Sort Space Used": 25,
                            "Sort Space Type": "Memory"
                          },
                          {
                            "Worker Number": 3,
                            "Sort Method": "quicksort",
                            "Sort Space Used": 25,
                            "Sort Space Type": "Memory"
                          }
                        ],
                        "Plans": [
                          {
                            "Node Type": "Seq Scan",
                            "Parent Relationship": "Outer",
                            "Parallel Aware": false,
                            "Relation Name": "link_type",
                            "Alias": "lt",
                            "Startup Cost": 0.0,
                            "Total Cost": 1.18,
                            "Plan Rows": 18,
                            "Plan Width": 4,
                            "Actual Startup Time": 0.063,
                            "Actual Total Time": 0.066,
                            "Actual Rows": 18,
                            "Actual Loops": 5
                          }
                        ]
                      }
                    ]
                  }
                ]
              }
            ]
          }
        ]
      }
    ]
  },
  "Planning Time": 5.33,
  "Triggers": [],
  "Execution Time": 1440.709
}