[
  {
    "Plan": {
      "Node Type": "Aggregate",
      "Strategy": "Plain",
      "Partial Mode": "Finalize",
      "Parallel Aware": false,
      "Startup Cost": 376442.82,
      "Total Cost": 376442.83,
      "Plan Rows": 1,
      "Plan Width": 8,
      "Actual Startup Time": 1591.516,
      "Actual Total Time": 1640.827,
      "Actual Rows": 1,
      "Actual Loops": 1,
      "Plans": [
        {
          "Node Type": "Gather",
          "Parent Relationship": "Outer",
          "Parallel Aware": false,
          "Startup Cost": 376442.2,
          "Total Cost": 376442.81,
          "Plan Rows": 6,
          "Plan Width": 8,
          "Actual Startup Time": 1590.287,
          "Actual Total Time": 1640.816,
          "Actual Rows": 7,
          "Actual Loops": 1,
          "Workers Planned": 6,
          "Workers Launched": 6,
          "Single Copy": false,
          "Plans": [
            {
              "Node Type": "Aggregate",
              "Strategy": "Plain",
              "Partial Mode": "Partial",
              "Parent Relationship": "Outer",
              "Parallel Aware": false,
              "Startup Cost": 375442.2,
              "Total Cost": 375442.21,
              "Plan Rows": 1,
              "Plan Width": 8,
              "Actual Startup Time": 1582.24,
              "Actual Total Time": 1582.244,
              "Actual Rows": 1,
              "Actual Loops": 7,
              "Plans": [
                {
                  "Node Type": "Hash Join",
                  "Parent Relationship": "Outer",
                  "Parallel Aware": true,
                  "Join Type": "Inner",
                  "Startup Cost": 45821.64,
                  "Total Cost": 374788.29,
                  "Plan Rows": 261562,
                  "Plan Width": 0,
                  "Actual Startup Time": 95.654,
                  "Actual Total Time": 1559.52,
                  "Actual Rows": 416537,
                  "Actual Loops": 7,
                  "Inner Unique": true,
                  "Hash Cond": "(ci.movie_id = t.id)",
                  "Plans": [
                    {
                      "Node Type": "Seq Scan",
                      "Parent Relationship": "Outer",
                      "Parallel Aware": true,
                      "Relation Name": "cast_info",
                      "Alias": "ci",
                      "Startup Cost": 0.0,
                      "Total Cost": 313106.51,
                      "Plan Rows": 6041951,
                      "Plan Width": 4,
                      "Actual Startup Time": 0.033,
                      "Actual Total Time": 561.626,
                      "Actual Rows": 5177763,
                      "Actual Loops": 7
                    },
                    {
                      "Node Type": "Hash",
                      "Parent Relationship": "Inner",
                      "Parallel Aware": true,
                      "Startup Cost": 45479.59,
                      "Total Cost": 45479.59,
                      "Plan Rows": 27364,
                      "Plan Width": 4,
                      "Actual Startup Time": 94.518,
                      "Actual Total Time": 94.519,
                      "Actual Rows": 35459,
                      "Actual Loops": 7,
                      "Hash Buckets": 262144,
                      "Original Hash Buckets": 131072,
                      "Hash Batches": 1,
                      "Original Hash Batches": 1,
                      "Peak Memory Usage": 12864,
                      "Plans": [
                        {
                          "Node Type": "Seq Scan",
                          "Parent Relationship": "Outer",
                          "Parallel Aware": true,
                          "Relation Name": "title",
                          "Alias": "t",
                          "Startup Cost": 0.0,
                          "Total Cost": 45479.59,
                          "Plan Rows": 27364,
                          "Plan Width": 4,
                          "Actual Startup Time": 45.553,
                          "Actual Total Time": 74.953,
                          "Actual Rows": 35459,
                          "Actual Loops": 7,
                          "Filter": "((production_year < 1975) AND (kind_id = 1))",
                          "Rows Removed by Filter": 325729
                        }
                      ]
                    }
                  ]
                }
              ]
            }
          ]
        }
      ]
    },
    "Planning Time": 0.589,
    "Triggers": [],
    "Execution Time": 1640.912
  }
]