[
  {
    "Plan": {
      "Node Type": "Aggregate",
      "Strategy": "Plain",
      "Partial Mode": "Finalize",
      "Parallel Aware": false,
      "Startup Cost": 114531.06,
      "Total Cost": 114531.07,
      "Plan Rows": 1,
      "Plan Width": 8,
      "Actual Startup Time": 123.536,
      "Actual Total Time": 142.01,
      "Actual Rows": 1,
      "Actual Loops": 1,
      "Plans": [
        {
          "Node Type": "Gather",
          "Parent Relationship": "Outer",
          "Parallel Aware": false,
          "Startup Cost": 114530.64,
          "Total Cost": 114531.05,
          "Plan Rows": 4,
          "Plan Width": 8,
          "Actual Startup Time": 123.416,
          "Actual Total Time": 142.002,
          "Actual Rows": 5,
          "Actual Loops": 1,
          "Workers Planned": 4,
          "Workers Launched": 4,
          "Single Copy": false,
          "Plans": [
            {
              "Node Type": "Aggregate",
              "Strategy": "Plain",
              "Partial Mode": "Partial",
              "Parent Relationship": "Outer",
              "Parallel Aware": false,
              "Startup Cost": 113530.64,
              "Total Cost": 113530.65,
              "Plan Rows": 1,
              "Plan Width": 8,
              "Actual Startup Time": 115.374,
              "Actual Total Time": 115.375,
              "Actual Rows": 1,
              "Actual Loops": 5,
              "Plans": [
                {
                  "Node Type": "Nested Loop",
                  "Parent Relationship": "Outer",
                  "Parallel Aware": false,
                  "Join Type": "Inner",
                  "Startup Cost": 0.43,
                  "Total Cost": 113523.39,
                  "Plan Rows": 2899,
                  "Plan Width": 0,
                  "Actual Startup Time": 5.517,
                  "Actual Total Time": 114.633,
                  "Actual Rows": 8345,
                  "Actual Loops": 5,
                  "Inner Unique": false,
                  "Plans": [
                    {
                      "Node Type": "Seq Scan",
                      "Parent Relationship": "Outer",
                      "Parallel Aware": true,
                      "Relation Name": "title",
                      "Alias": "t",
                      "Startup Cost": 0.0,
                      "Total Cost": 45479.1,
                      "Plan Rows": 496,
                      "Plan Width": 4,
                      "Actual Startup Time": 5.354,
                      "Actual Total Time": 82.668,
                      "Actual Rows": 634,
                      "Actual Loops": 5,
                      "Filter": "((kind_id < 7) AND (production_year = 1953))",
                      "Rows Removed by Filter": 505028
                    },
                    {
                      "Node Type": "Index Only Scan",
                      "Parent Relationship": "Inner",
                      "Parallel Aware": false,
                      "Scan Direction": "Forward",
                      "Index Name": "movie_id_movie_info",
                      "Relation Name": "movie_info",
                      "Alias": "mi",
                      "Startup Cost": 0.43,
                      "Total Cost": 136.77,
                      "Plan Rows": 42,
                      "Plan Width": 4,
                      "Actual Startup Time": 0.017,
                      "Actual Total Time": 0.048,
                      "Actual Rows": 13,
                      "Actual Loops": 3172,
                      "Index Cond": "(movie_id = t.id)",
                      "Rows Removed by Index Recheck": 0,
                      "Heap Fetches": 41726
                    }
                  ]
                }
              ]
            }
          ]
        }
      ]
    },
    "Planning Time": 0.544,
    "Triggers": [],
    "Execution Time": 142.075
  }
]