[
  {
    "Plan": {
      "Node Type": "Aggregate",
      "Strategy": "Plain",
      "Partial Mode": "Finalize",
      "Parallel Aware": false,
      "Startup Cost": 86044.81,
      "Total Cost": 86044.82,
      "Plan Rows": 1,
      "Plan Width": 8,
      "Actual Startup Time": 436.699,
      "Actual Total Time": 459.535,
      "Actual Rows": 1,
      "Actual Loops": 1,
      "Plans": [
        {
          "Node Type": "Gather",
          "Parent Relationship": "Outer",
          "Parallel Aware": false,
          "Startup Cost": 86044.5,
          "Total Cost": 86044.81,
          "Plan Rows": 3,
          "Plan Width": 8,
          "Actual Startup Time": 433.094,
          "Actual Total Time": 459.519,
          "Actual Rows": 4,
          "Actual Loops": 1,
          "Workers Planned": 3,
          "Workers Launched": 3,
          "Single Copy": false,
          "Plans": [
            {
              "Node Type": "Aggregate",
              "Strategy": "Plain",
              "Partial Mode": "Partial",
              "Parent Relationship": "Outer",
              "Parallel Aware": false,
              "Startup Cost": 85044.5,
              "Total Cost": 85044.51,
              "Plan Rows": 1,
              "Plan Width": 8,
              "Actual Startup Time": 426.667,
              "Actual Total Time": 426.672,
              "Actual Rows": 1,
              "Actual Loops": 4,
              "Plans": [
                {
                  "Node Type": "Hash Join",
                  "Parent Relationship": "Outer",
                  "Parallel Aware": true,
                  "Join Type": "Inner",
                  "Startup Cost": 57735.6,
                  "Total Cost": 84935.46,
                  "Plan Rows": 43615,
                  "Plan Width": 0,
                  "Actual Startup Time": 291.719,
                  "Actual Total Time": 423.272,
                  "Actual Rows": 51680,
                  "Actual Loops": 4,
                  "Inner Unique": true,
                  "Hash Cond": "(mk.movie_id = t.id)",
                  "Plans": [
                    {
                      "Node Type": "Bitmap Heap Scan",
                      "Parent Relationship": "Outer",
                      "Parallel Aware": true,
                      "Relation Name": "movie_keyword",
                      "Alias": "mk",
                      "Startup Cost": 11938.03,
                      "Total Cost": 38661.33,
                      "Plan Rows": 181544,
                      "Plan Width": 4,
                      "Actual Startup Time": 65.251,
                      "Actual Total Time": 155.183,
                      "Actual Rows": 140414,
                      "Actual Loops": 4,
                      "Recheck Cond": "(keyword_id > 32708)",
                      "Rows Removed by Index Recheck": 0,
                      "Exact Heap Blocks": 6879,
                      "Lossy Heap Blocks": 0,
                      "Plans": [
                        {
                          "Node Type": "Bitmap Index Scan",
                          "Parent Relationship": "Outer",
                          "Parallel Aware": false,
                          "Index Name": "keyword_id_movie_keyword",
                          "Startup Cost": 0.0,
                          "Total Cost": 11797.34,
                          "Plan Rows": 562787,
                          "Plan Width": 0,
                          "Actual Startup Time": 59.818,
                          "Actual Total Time": 59.818,
                          "Actual Rows": 561658,
                          "Actual Loops": 1,
                          "Index Cond": "(keyword_id > 32708)"
                        }
                      ]
                    },
                    {
                      "Node Type": "Hash",
                      "Parent Relationship": "Inner",
                      "Parallel Aware": true,
                      "Startup Cost": 43899.32,
                      "Total Cost": 43899.32,
                      "Plan Rows": 151860,
                      "Plan Width": 4,
                      "Actual Startup Time": 222.671,
                      "Actual Total Time": 222.673,
                      "Actual Rows": 155713,
                      "Actual Loops": 4,
                      "Hash Buckets": 1048576,
                      "Original Hash Buckets": 1048576,
                      "Hash Batches": 1,
                      "Original Hash Batches": 1,
                      "Peak Memory Usage": 32608,
                      "Plans": [
                        {
                          "Node Type": "Seq Scan",
                          "Parent Relationship": "Outer",
                          "Parallel Aware": true,
                          "Relation Name": "title",
                          "Alias": "t",
                          "Startup Cost": 0.0,
                          "Total Cost": 43899.32,
                          "Plan Rows": 151860,
                          "Plan Width": 4,
                          "Actual Startup Time": 0.027,
                          "Actual Total Time": 145.75,
                          "Actual Rows": 155713,
                          "Actual Loops": 4,
                          "Filter": "(production_year < 1987)",
                          "Rows Removed by Filter": 476365
                        }
                      ]
                    }
                  ]
                }
              ]
            }
          ]
        }
      ]
    },
    "Planning Time": 0.337,
    "Triggers": [],
    "Execution Time": 459.595
  }
]