[
  {
    "Plan": {
      "Node Type": "Aggregate",
      "Strategy": "Plain",
      "Partial Mode": "Finalize",
      "Parallel Aware": false,
      "Startup Cost": 122696.93,
      "Total Cost": 122696.94,
      "Plan Rows": 1,
      "Plan Width": 8,
      "Actual Startup Time": 167.468,
      "Actual Total Time": 178.226,
      "Actual Rows": 1,
      "Actual Loops": 1,
      "Plans": [
        {
          "Node Type": "Gather",
          "Parent Relationship": "Outer",
          "Parallel Aware": false,
          "Startup Cost": 122696.41,
          "Total Cost": 122696.92,
          "Plan Rows": 5,
          "Plan Width": 8,
          "Actual Startup Time": 167.392,
          "Actual Total Time": 178.218,
          "Actual Rows": 6,
          "Actual Loops": 1,
          "Workers Planned": 5,
          "Workers Launched": 5,
          "Single Copy": false,
          "Plans": [
            {
              "Node Type": "Aggregate",
              "Strategy": "Plain",
              "Partial Mode": "Partial",
              "Parent Relationship": "Outer",
              "Parallel Aware": false,
              "Startup Cost": 121696.41,
              "Total Cost": 121696.42,
              "Plan Rows": 1,
              "Plan Width": 8,
              "Actual Startup Time": 161.298,
              "Actual Total Time": 161.299,
              "Actual Rows": 1,
              "Actual Loops": 6,
              "Plans": [
                {
                  "Node Type": "Index Scan",
                  "Parent Relationship": "Outer",
                  "Parallel Aware": true,
                  "Scan Direction": "Forward",
                  "Index Name": "role_id_cast_info",
                  "Relation Name": "cast_info",
                  "Alias": "ci",
                  "Startup Cost": 0.56,
                  "Total Cost": 119623.46,
                  "Plan Rows": 829182,
                  "Plan Width": 0,
                  "Actual Startup Time": 0.078,
                  "Actual Total Time": 141.548,
                  "Actual Rows": 434183,
                  "Actual Loops": 6,
                  "Index Cond": "(role_id = 10)",
                  "Rows Removed by Index Recheck": 0,
                  "Filter": "(person_id < 3688936)",
                  "Rows Removed by Filter": 286320
                }
              ]
            }
          ]
        }
      ]
    },
    "Planning Time": 0.155,
    "Triggers": [],
    "Execution Time": 178.273
  }
]