{
  "Plan": {
    "Node Type": "Aggregate",
    "Strategy": "Plain",
    "Partial Mode": "Finalize",
    "Parallel Aware": false,
    "Startup Cost": 75710.28,
    "Total Cost": 75710.29,
    "Plan Rows": 1,
    "Plan Width": 8,
    "Actual Startup Time": 93.547,
    "Actual Total Time": 108.66,
    "Actual Rows": 1,
    "Actual Loops": 1,
    "Plans": [
      {
        "Node Type": "Gather",
        "Parent Relationship": "Outer",
        "Parallel Aware": false,
        "Startup Cost": 75710.17,
        "Total Cost": 75710.28,
        "Plan Rows": 1,
        "Plan Width": 8,
        "Actual Startup Time": 93.404,
        "Actual Total Time": 108.653,
        "Actual Rows": 2,
        "Actual Loops": 1,
        "Workers Planned": 1,
        "Workers Launched": 1,
        "Single Copy": false,
        "Plans": [
          {
            "Node Type": "Aggregate",
            "Strategy": "Plain",
            "Partial Mode": "Partial",
            "Parent Relationship": "Outer",
            "Parallel Aware": false,
            "Startup Cost": 74710.17,
            "Total Cost": 74710.18,
            "Plan Rows": 1,
            "Plan Width": 8,
            "Actual Startup Time": 86.717,
            "Actual Total Time": 86.719,
            "Actual Rows": 1,
            "Actual Loops": 2,
            "Plans": [
              {
                "Node Type": "Nested Loop",
                "Parent Relationship": "Outer",
                "Parallel Aware": false,
                "Join Type": "Inner",
                "Startup Cost": 239.78,
                "Total Cost": 74614.21,
                "Plan Rows": 38382,
                "Plan Width": 0,
                "Actual Startup Time": 2.798,
                "Actual Total Time": 84.464,
                "Actual Rows": 27318,
                "Actual Loops": 2,
                "Inner Unique": false,
                "Plans": [
                  {
                    "Node Type": "Nested Loop",
                    "Parent Relationship": "Outer",
                    "Parallel Aware": false,
                    "Join Type": "Inner",
                    "Startup Cost": 239.34,
                    "Total Cost": 61932.35,
                    "Plan Rows": 6564,
                    "Plan Width": 8,
                    "Actual Startup Time": 2.67,
                    "Actual Total Time": 33.652,
                    "Actual Rows": 4530,
                    "Actual Loops": 2,
                    "Inner Unique": true,
                    "Plans": [
                      {
                        "Node Type": "Bitmap Heap Scan",
                        "Parent Relationship": "Outer",
                        "Parallel Aware": true,
                        "Relation Name": "movie_keyword",
                        "Alias": "mk",
                        "Startup Cost": 238.91,
                        "Total Cost": 20049.77,
                        "Plan Rows": 6564,
                        "Plan Width": 4,
                        "Actual Startup Time": 2.495,
                        "Actual Total Time": 7.002,
                        "Actual Rows": 4530,
                        "Actual Loops": 2,
                        "Recheck Cond": "(keyword_id = 47)",
                        "Rows Removed by Index Recheck": 0,
                        "Exact Heap Blocks": 1772,
                        "Lossy Heap Blocks": 0,
                        "Plans": [
                          {
                            "Node Type": "Bitmap Index Scan",
                            "Parent Relationship": "Outer",
                            "Parallel Aware": false,
                            "Index Name": "keyword_id_movie_keyword",
                            "Startup Cost": 0.0,
                            "Total Cost": 236.12,
                            "Plan Rows": 11159,
                            "Plan Width": 0,
                            "Actual Startup Time": 3.763,
                            "Actual Total Time": 3.763,
                            "Actual Rows": 9060,
                            "Actual Loops": 1,
                            "Index Cond": "(keyword_id = 47)"
                          }
                        ]
                      },
                      {
                        "Node Type": "Index Only Scan",
                        "Parent Relationship": "Inner",
                        "Parallel Aware": false,
                        "Scan Direction": "Forward",
                        "Index Name": "title_pkey",
                        "Relation Name": "title",
                        "Alias": "t",
                        "Startup Cost": 0.43,
                        "Total Cost": 6.38,
                        "Plan Rows": 1,
                        "Plan Width": 4,
                        "Actual Startup Time": 0.005,
                        "Actual Total Time": 0.005,
                        "Actual Rows": 1,
                        "Actual Loops": 9060,
                        "Index Cond": "(id = mk.movie_id)",
                        "Rows Removed by Index Recheck": 0,
                        "Heap Fetches": 9060
                      }
                    ]
                  },
                  {
                    "Node Type": "Index Only Scan",
                    "Parent Relationship": "Inner",
                    "Parallel Aware": false,
                    "Scan Direction": "Forward",
                    "Index Name": "movie_id_movie_info",
                    "Relation Name": "movie_info",
                    "Alias": "mi",
                    "Startup Cost": 0.43,
                    "Total Cost": 1.51,
                    "Plan Rows": 42,
                    "Plan Width": 4,
                    "Actual Startup Time": 0.004,
                    "Actual Total Time": 0.01,
                    "Actual Rows": 6,
                    "Actual Loops": 9060,
                    "Index Cond": "(movie_id = t.id)",
                    "Rows Removed by Index Recheck": 0,
                    "Heap Fetches": 54637
                  }
                ]
              }
            ]
          }
        ]
      }
    ]
  },
  "Planning Time": 0.964,
  "Triggers": [],
  "Execution Time": 108.756
}