{
  "Plan": {
    "Node Type": "Aggregate",
    "Strategy": "Plain",
    "Partial Mode": "Finalize",
    "Parallel Aware": false,
    "Startup Cost": 616970.57,
    "Total Cost": 616970.58,
    "Plan Rows": 1,
    "Plan Width": 8,
    "Actual Startup Time": 3285.999,
    "Actual Total Time": 3351.375,
    "Actual Rows": 1,
    "Actual Loops": 1,
    "Plans": [
      {
        "Node Type": "Gather",
        "Parent Relationship": "Outer",
        "Parallel Aware": false,
        "Startup Cost": 616970.46,
        "Total Cost": 616970.57,
        "Plan Rows": 1,
        "Plan Width": 8,
        "Actual Startup Time": 3285.234,
        "Actual Total Time": 3351.366,
        "Actual Rows": 2,
        "Actual Loops": 1,
        "Workers Planned": 1,
        "Workers Launched": 1,
        "Single Copy": false,
        "Plans": [
          {
            "Node Type": "Aggregate",
            "Strategy": "Plain",
            "Partial Mode": "Partial",
            "Parent Relationship": "Outer",
            "Parallel Aware": false,
            "Startup Cost": 615970.46,
            "Total Cost": 615970.47,
            "Plan Rows": 1,
            "Plan Width": 8,
            "Actual Startup Time": 3279.274,
            "Actual Total Time": 3279.277,
            "Actual Rows": 1,
            "Actual Loops": 2,
            "Plans": [
              {
                "Node Type": "Hash Join",
                "Parent Relationship": "Outer",
                "Parallel Aware": true,
                "Join Type": "Inner",
                "Startup Cost": 58912.74,
                "Total Cost": 614826.11,
                "Plan Rows": 457741,
                "Plan Width": 0,
                "Actual Startup Time": 180.121,
                "Actual Total Time": 3247.768,
                "Actual Rows": 721630,
                "Actual Loops": 2,
                "Inner Unique": true,
                "Hash Cond": "(ci.movie_id = t.id)",
                "Plans": [
                  {
                    "Node Type": "Seq Scan",
                    "Parent Relationship": "Outer",
                    "Parallel Aware": true,
                    "Relation Name": "cast_info",
                    "Alias": "ci",
                    "Startup Cost": 0.0,
                    "Total Cost": 519069.44,
                    "Plan Rows": 14035755,
                    "Plan Width": 4,
                    "Actual Startup Time": 0.016,
                    "Actual Total Time": 1551.158,
                    "Actual Rows": 11949021,
                    "Actual Loops": 2,
                    "Filter": "(person_id < 2450897)",
                    "Rows Removed by Filter": 6173151
                  },
                  {
                    "Node Type": "Hash",
                    "Parent Relationship": "Inner",
                    "Parallel Aware": true,
                    "Startup Cost": 58306.47,
                    "Total Cost": 58306.47,
                    "Plan Rows": 48502,
                    "Plan Width": 4,
                    "Actual Startup Time": 177.425,
                    "Actual Total Time": 177.426,
                    "Actual Rows": 93731,
                    "Actual Loops": 2,
                    "Hash Buckets": 262144,
                    "Original Hash Buckets": 131072,
                    "Hash Batches": 1,
                    "Original Hash Batches": 1,
                    "Peak Memory Usage": 10432,
                    "Plans": [
                      {
                        "Node Type": "Seq Scan",
                        "Parent Relationship": "Outer",
                        "Parallel Aware": true,
                        "Relation Name": "title",
                        "Alias": "t",
                        "Startup Cost": 0.0,
                        "Total Cost": 58306.47,
                        "Plan Rows": 48502,
                        "Plan Width": 4,
                        "Actual Startup Time": 0.182,
                        "Actual Total Time": 148.113,
                        "Actual Rows": 93731,
                        "Actual Loops": 2,
                        "Filter": "((kind_id < 7) AND (production_year < 1958))",
                        "Rows Removed by Filter": 1170425
                      }
                    ]
                  }
                ]
              }
            ]
          }
        ]
      }
    ]
  },
  "Planning Time": 0.473,
  "Triggers": [],
  "Execution Time": 3351.46
}