[
    {
        "Bao": {
            "Bao prediction": "NaN",
            "Bao recommended hint": "(no hint)"
        }
    },
    {
        "Plan": {
            "Node Type": "Aggregate",
            "Strategy": "Plain",
            "Partial Mode": "Finalize",
            "Parallel Aware": false,
            "Startup Cost": 33820.28,
            "Total Cost": 33820.29,
            "Plan Rows": 1,
            "Plan Width": 8,
            "Actual Startup Time": 99.205,
            "Actual Total Time": 106.036,
            "Actual Rows": 1,
            "Actual Loops": 1,
            "Output": [
                "count(*)"
            ],
            "Plans": [
                {
                    "Node Type": "Gather",
                    "Parent Relationship": "Outer",
                    "Parallel Aware": false,
                    "Startup Cost": 33819.96,
                    "Total Cost": 33820.27,
                    "Plan Rows": 3,
                    "Plan Width": 8,
                    "Actual Startup Time": 98.912,
                    "Actual Total Time": 105.99,
                    "Actual Rows": 4,
                    "Actual Loops": 1,
                    "Output": [
                        "(PARTIAL count(*))"
                    ],
                    "Workers Planned": 3,
                    "Workers Launched": 3,
                    "Single Copy": false,
                    "Plans": [
                        {
                            "Node Type": "Aggregate",
                            "Strategy": "Plain",
                            "Partial Mode": "Partial",
                            "Parent Relationship": "Outer",
                            "Parallel Aware": false,
                            "Startup Cost": 32819.96,
                            "Total Cost": 32819.97,
                            "Plan Rows": 1,
                            "Plan Width": 8,
                            "Actual Startup Time": 90.277,
                            "Actual Total Time": 90.278,
                            "Actual Rows": 1,
                            "Actual Loops": 4,
                            "Output": [
                                "PARTIAL count(*)"
                            ],
                            "Workers": [
                                {
                                    "Worker Number": 0,
                                    "Actual Startup Time": 87.362,
                                    "Actual Total Time": 87.363,
                                    "Actual Rows": 1,
                                    "Actual Loops": 1
                                },
                                {
                                    "Worker Number": 1,
                                    "Actual Startup Time": 87.506,
                                    "Actual Total Time": 87.508,
                                    "Actual Rows": 1,
                                    "Actual Loops": 1
                                },
                                {
                                    "Worker Number": 2,
                                    "Actual Startup Time": 87.592,
                                    "Actual Total Time": 87.593,
                                    "Actual Rows": 1,
                                    "Actual Loops": 1
                                }
                            ],
                            "Plans": [
                                {
                                    "Node Type": "Bitmap Heap Scan",
                                    "Parent Relationship": "Outer",
                                    "Parallel Aware": true,
                                    "Relation Name": "movie_keyword",
                                    "Schema": "public",
                                    "Alias": "mk",
                                    "Startup Cost": 6812.52,
                                    "Total Cost": 32561.06,
                                    "Plan Rows": 103563,
                                    "Plan Width": 0,
                                    "Actual Startup Time": 21.729,
                                    "Actual Total Time": 85.107,
                                    "Actual Rows": 80934,
                                    "Actual Loops": 4,
                                    "Recheck Cond": "(mk.keyword_id < 262)",
                                    "Rows Removed by Index Recheck": 0,
                                    "Exact Heap Blocks": 11874,
                                    "Lossy Heap Blocks": 0,
                                    "Workers": [
                                        {
                                            "Worker Number": 0,
                                            "Actual Startup Time": 18.98,
                                            "Actual Total Time": 82.847,
                                            "Actual Rows": 55093,
                                            "Actual Loops": 1
                                        },
                                        {
                                            "Worker Number": 1,
                                            "Actual Startup Time": 18.975,
                                            "Actual Total Time": 82.951,
                                            "Actual Rows": 56469,
                                            "Actual Loops": 1
                                        },
                                        {
                                            "Worker Number": 2,
                                            "Actual Startup Time": 19.133,
                                            "Actual Total Time": 83.634,
                                            "Actual Rows": 48881,
                                            "Actual Loops": 1
                                        }
                                    ],
                                    "Plans": [
                                        {
                                            "Node Type": "Bitmap Index Scan",
                                            "Parent Relationship": "Outer",
                                            "Parallel Aware": false,
                                            "Index Name": "keyword_id_movie_keyword",
                                            "Startup Cost": 0.0,
                                            "Total Cost": 6732.26,
                                            "Plan Rows": 321044,
                                            "Plan Width": 0,
                                            "Actual Startup Time": 26.335,
                                            "Actual Total Time": 26.336,
                                            "Actual Rows": 323736,
                                            "Actual Loops": 1,
                                            "Index Cond": "(mk.keyword_id < 262)"
                                        }
                                    ]
                                }
                            ]
                        }
                    ]
                }
            ]
        },
        "Planning Time": 184.481,
        "Triggers": [],
        "Execution Time": 106.087
    }
]