[
  {
    "Plan": {
      "Node Type": "Aggregate",
      "Strategy": "Plain",
      "Partial Mode": "Finalize",
      "Parallel Aware": false,
      "Startup Cost": 288768.54,
      "Total Cost": 288768.55,
      "Plan Rows": 1,
      "Plan Width": 8,
      "Actual Startup Time": 953.421,
      "Actual Total Time": 999.517,
      "Actual Rows": 1,
      "Actual Loops": 1,
      "Plans": [
        {
          "Node Type": "Gather",
          "Parent Relationship": "Outer",
          "Parallel Aware": false,
          "Startup Cost": 288768.02,
          "Total Cost": 288768.53,
          "Plan Rows": 5,
          "Plan Width": 8,
          "Actual Startup Time": 945.084,
          "Actual Total Time": 999.506,
          "Actual Rows": 6,
          "Actual Loops": 1,
          "Workers Planned": 5,
          "Workers Launched": 5,
          "Single Copy": false,
          "Plans": [
            {
              "Node Type": "Aggregate",
              "Strategy": "Plain",
              "Partial Mode": "Partial",
              "Parent Relationship": "Outer",
              "Parallel Aware": false,
              "Startup Cost": 287768.02,
              "Total Cost": 287768.03,
              "Plan Rows": 1,
              "Plan Width": 8,
              "Actual Startup Time": 934.831,
              "Actual Total Time": 935.065,
              "Actual Rows": 1,
              "Actual Loops": 6,
              "Plans": [
                {
                  "Node Type": "Hash Join",
                  "Parent Relationship": "Outer",
                  "Parallel Aware": true,
                  "Join Type": "Inner",
                  "Startup Cost": 82909.58,
                  "Total Cost": 286662.84,
                  "Plan Rows": 442072,
                  "Plan Width": 0,
                  "Actual Startup Time": 285.017,
                  "Actual Total Time": 913.51,
                  "Actual Rows": 516786,
                  "Actual Loops": 6,
                  "Inner Unique": false,
                  "Hash Cond": "(mi.movie_id = t.id)",
                  "Plans": [
                    {
                      "Node Type": "Seq Scan",
                      "Parent Relationship": "Outer",
                      "Parallel Aware": true,
                      "Relation Name": "movie_info",
                      "Alias": "mi",
                      "Startup Cost": 0.0,
                      "Total Cost": 191560.33,
                      "Plan Rows": 2956733,
                      "Plan Width": 4,
                      "Actual Startup Time": 0.018,
                      "Actual Total Time": 293.377,
                      "Actual Rows": 2472620,
                      "Actual Loops": 6
                    },
                    {
                      "Node Type": "Hash",
                      "Parent Relationship": "Inner",
                      "Parallel Aware": true,
                      "Startup Cost": 81728.28,
                      "Total Cost": 81728.28,
                      "Plan Rows": 94504,
                      "Plan Width": 8,
                      "Actual Startup Time": 281.833,
                      "Actual Total Time": 282.065,
                      "Actual Rows": 49641,
                      "Actual Loops": 6,
                      "Hash Buckets": 524288,
                      "Original Hash Buckets": 524288,
                      "Hash Batches": 1,
                      "Original Hash Batches": 1,
                      "Peak Memory Usage": 15840,
                      "Plans": [
                        {
                          "Node Type": "Hash Join",
                          "Parent Relationship": "Outer",
                          "Parallel Aware": true,
                          "Join Type": "Inner",
                          "Startup Cost": 34238.08,
                          "Total Cost": 81728.28,
                          "Plan Rows": 94504,
                          "Plan Width": 8,
                          "Actual Startup Time": 130.886,
                          "Actual Total Time": 267.113,
                          "Actual Rows": 49641,
                          "Actual Loops": 6,
                          "Inner Unique": false,
                          "Hash Cond": "(t.id = mc.movie_id)",
                          "Plans": [
                            {
                              "Node Type": "Seq Scan",
                              "Parent Relationship": "Outer",
                              "Parallel Aware": true,
                              "Relation Name": "title",
                              "Alias": "t",
                              "Startup Cost": 0.0,
                              "Total Cost": 45479.1,
                              "Plan Rows": 341250,
                              "Plan Width": 4,
                              "Actual Startup Time": 0.018,
                              "Actual Total Time": 69.052,
                              "Actual Rows": 223281,
                              "Actual Loops": 6,
                              "Filter": "((kind_id > 4) AND (production_year < 2012))",
                              "Rows Removed by Filter": 198104
                            },
                            {
                              "Node Type": "Hash",
                              "Parent Relationship": "Inner",
                              "Parallel Aware": true,
                              "Startup Cost": 31414.82,
                              "Total Cost": 31414.82,
                              "Plan Rows": 225861,
                              "Plan Width": 4,
                              "Actual Startup Time": 128.589,
                              "Actual Total Time": 128.591,
                              "Actual Rows": 160752,
                              "Actual Loops": 6,
                              "Hash Buckets": 1048576,
                              "Original Hash Buckets": 1048576,
                              "Hash Batches": 1,
                              "Original Hash Batches": 1,
                              "Peak Memory Usage": 46048,
                              "Plans": [
                                {
                                  "Node Type": "Seq Scan",
                                  "Parent Relationship": "Outer",
                                  "Parallel Aware": true,
                                  "Relation Name": "movie_companies",
                                  "Alias": "mc",
                                  "Startup Cost": 0.0,
                                  "Total Cost": 31414.82,
                                  "Plan Rows": 225861,
                                  "Plan Width": 4,
                                  "Actual Startup Time": 0.059,
                                  "Actual Total Time": 65.169,
                                  "Actual Rows": 160752,
                                  "Actual Loops": 6,
                                  "Filter": "((company_id < 12502) AND (company_type_id < 2))",
                                  "Rows Removed by Filter": 274102
                                }
                              ]
                            }
                          ]
                        }
                      ]
                    }
                  ]
                }
              ]
            }
          ]
        }
      ]
    },
    "Planning Time": 1.608,
    "Triggers": [],
    "Execution Time": 999.617
  }
]