[
  {
    "Plan": {
      "Node Type": "Aggregate",
      "Strategy": "Plain",
      "Partial Mode": "Finalize",
      "Parallel Aware": false,
      "Startup Cost": 33022.59,
      "Total Cost": 33022.6,
      "Plan Rows": 1,
      "Plan Width": 8,
      "Actual Startup Time": 96.969,
      "Actual Total Time": 104.651,
      "Actual Rows": 1,
      "Actual Loops": 1,
      "Plans": [
        {
          "Node Type": "Gather",
          "Parent Relationship": "Outer",
          "Parallel Aware": false,
          "Startup Cost": 33022.28,
          "Total Cost": 33022.59,
          "Plan Rows": 3,
          "Plan Width": 8,
          "Actual Startup Time": 96.836,
          "Actual Total Time": 104.642,
          "Actual Rows": 4,
          "Actual Loops": 1,
          "Workers Planned": 3,
          "Workers Launched": 3,
          "Single Copy": false,
          "Plans": [
            {
              "Node Type": "Aggregate",
              "Strategy": "Plain",
              "Partial Mode": "Partial",
              "Parent Relationship": "Outer",
              "Parallel Aware": false,
              "Startup Cost": 32022.28,
              "Total Cost": 32022.29,
              "Plan Rows": 1,
              "Plan Width": 8,
              "Actual Startup Time": 90.339,
              "Actual Total Time": 90.34,
              "Actual Rows": 1,
              "Actual Loops": 4,
              "Plans": [
                {
                  "Node Type": "Seq Scan",
                  "Parent Relationship": "Outer",
                  "Parallel Aware": true,
                  "Relation Name": "movie_companies",
                  "Alias": "mc",
                  "Startup Cost": 0.0,
                  "Total Cost": 31414.82,
                  "Plan Rows": 242983,
                  "Plan Width": 0,
                  "Actual Startup Time": 46.728,
                  "Actual Total Time": 80.946,
                  "Actual Rows": 243036,
                  "Actual Loops": 4,
                  "Filter": "((company_id > 8008) AND (company_type_id > 1))",
                  "Rows Removed by Filter": 409247
                }
              ]
            }
          ]
        }
      ]
    },
    "Planning Time": 0.254,
    "Triggers": [],
    "Execution Time": 104.712
  }
]