{
  "Plan": {
    "Node Type": "Aggregate",
    "Strategy": "Plain",
    "Partial Mode": "Finalize",
    "Parallel Aware": false,
    "Startup Cost": 87332.18,
    "Total Cost": 87332.19,
    "Plan Rows": 1,
    "Plan Width": 8,
    "Actual Startup Time": 178.157,
    "Actual Total Time": 195.745,
    "Actual Rows": 1,
    "Actual Loops": 1,
    "Plans": [
      {
        "Node Type": "Gather",
        "Parent Relationship": "Outer",
        "Parallel Aware": false,
        "Startup Cost": 87332.07,
        "Total Cost": 87332.18,
        "Plan Rows": 1,
        "Plan Width": 8,
        "Actual Startup Time": 178.032,
        "Actual Total Time": 195.735,
        "Actual Rows": 2,
        "Actual Loops": 1,
        "Workers Planned": 1,
        "Workers Launched": 1,
        "Single Copy": false,
        "Plans": [
          {
            "Node Type": "Aggregate",
            "Strategy": "Plain",
            "Partial Mode": "Partial",
            "Parent Relationship": "Outer",
            "Parallel Aware": false,
            "Startup Cost": 86332.07,
            "Total Cost": 86332.08,
            "Plan Rows": 1,
            "Plan Width": 8,
            "Actual Startup Time": 172.056,
            "Actual Total Time": 172.057,
            "Actual Rows": 1,
            "Actual Loops": 2,
            "Plans": [
              {
                "Node Type": "Nested Loop",
                "Parent Relationship": "Outer",
                "Parallel Aware": false,
                "Join Type": "Inner",
                "Startup Cost": 0.43,
                "Total Cost": 86318.57,
                "Plan Rows": 5398,
                "Plan Width": 0,
                "Actual Startup Time": 0.493,
                "Actual Total Time": 171.367,
                "Actual Rows": 13706,
                "Actual Loops": 2,
                "Inner Unique": false,
                "Plans": [
                  {
                    "Node Type": "Seq Scan",
                    "Parent Relationship": "Outer",
                    "Parallel Aware": true,
                    "Relation Name": "title",
                    "Alias": "t",
                    "Startup Cost": 0.0,
                    "Total Cost": 58306.47,
                    "Plan Rows": 3130,
                    "Plan Width": 4,
                    "Actual Startup Time": 0.365,
                    "Actual Total Time": 143.738,
                    "Actual Rows": 3165,
                    "Actual Loops": 2,
                    "Filter": "((kind_id < 7) AND (production_year = 1978))",
                    "Rows Removed by Filter": 1260991
                  },
                  {
                    "Node Type": "Index Scan",
                    "Parent Relationship": "Inner",
                    "Parallel Aware": false,
                    "Scan Direction": "Forward",
                    "Index Name": "movie_id_movie_keyword",
                    "Relation Name": "movie_keyword",
                    "Alias": "mk",
                    "Startup Cost": 0.43,
                    "Total Cost": 8.51,
                    "Plan Rows": 44,
                    "Plan Width": 4,
                    "Actual Startup Time": 0.007,
                    "Actual Total Time": 0.008,
                    "Actual Rows": 4,
                    "Actual Loops": 6330,
                    "Index Cond": "(movie_id = t.id)",
                    "Rows Removed by Index Recheck": 0,
                    "Filter": "(keyword_id > 121)",
                    "Rows Removed by Filter": 0
                  }
                ]
              }
            ]
          }
        ]
      }
    ]
  },
  "Planning Time": 0.515,
  "Triggers": [],
  "Execution Time": 195.824
}