[
  {
    "Plan": {
      "Node Type": "Aggregate",
      "Strategy": "Plain",
      "Partial Mode": "Finalize",
      "Parallel Aware": false,
      "Startup Cost": 32385.39,
      "Total Cost": 32385.4,
      "Plan Rows": 1,
      "Plan Width": 8,
      "Actual Startup Time": 123.427,
      "Actual Total Time": 130.477,
      "Actual Rows": 1,
      "Actual Loops": 1,
      "Plans": [
        {
          "Node Type": "Gather",
          "Parent Relationship": "Outer",
          "Parallel Aware": false,
          "Startup Cost": 32385.07,
          "Total Cost": 32385.38,
          "Plan Rows": 3,
          "Plan Width": 8,
          "Actual Startup Time": 123.142,
          "Actual Total Time": 130.466,
          "Actual Rows": 4,
          "Actual Loops": 1,
          "Workers Planned": 3,
          "Workers Launched": 3,
          "Single Copy": false,
          "Plans": [
            {
              "Node Type": "Aggregate",
              "Strategy": "Plain",
              "Partial Mode": "Partial",
              "Parent Relationship": "Outer",
              "Parallel Aware": false,
              "Startup Cost": 31385.07,
              "Total Cost": 31385.08,
              "Plan Rows": 1,
              "Plan Width": 8,
              "Actual Startup Time": 117.469,
              "Actual Total Time": 117.47,
              "Actual Rows": 1,
              "Actual Loops": 4,
              "Plans": [
                {
                  "Node Type": "Seq Scan",
                  "Parent Relationship": "Outer",
                  "Parallel Aware": true,
                  "Relation Name": "movie_companies",
                  "Alias": "mc",
                  "Startup Cost": 0.0,
                  "Total Cost": 29310.68,
                  "Plan Rows": 829757,
                  "Plan Width": 0,
                  "Actual Startup Time": 0.024,
                  "Actual Total Time": 85.777,
                  "Actual Rows": 643176,
                  "Actual Loops": 4,
                  "Filter": "(company_id < 202329)",
                  "Rows Removed by Filter": 9107
                }
              ]
            }
          ]
        }
      ]
    },
    "Planning Time": 0.213,
    "Triggers": [],
    "Execution Time": 130.528
  }
]