[
  {
    "Plan": {
      "Node Type": "Aggregate",
      "Strategy": "Plain",
      "Partial Mode": "Finalize",
      "Parallel Aware": false,
      "Startup Cost": 32685.45,
      "Total Cost": 32685.46,
      "Plan Rows": 1,
      "Plan Width": 8,
      "Actual Startup Time": 72.024,
      "Actual Total Time": 81.057,
      "Actual Rows": 1,
      "Actual Loops": 1,
      "Plans": [
        {
          "Node Type": "Gather",
          "Parent Relationship": "Outer",
          "Parallel Aware": false,
          "Startup Cost": 32685.14,
          "Total Cost": 32685.45,
          "Plan Rows": 3,
          "Plan Width": 8,
          "Actual Startup Time": 71.891,
          "Actual Total Time": 81.046,
          "Actual Rows": 4,
          "Actual Loops": 1,
          "Workers Planned": 3,
          "Workers Launched": 3,
          "Single Copy": false,
          "Plans": [
            {
              "Node Type": "Aggregate",
              "Strategy": "Plain",
              "Partial Mode": "Partial",
              "Parent Relationship": "Outer",
              "Parallel Aware": false,
              "Startup Cost": 31685.14,
              "Total Cost": 31685.15,
              "Plan Rows": 1,
              "Plan Width": 8,
              "Actual Startup Time": 67.681,
              "Actual Total Time": 67.683,
              "Actual Rows": 1,
              "Actual Loops": 4,
              "Plans": [
                {
                  "Node Type": "Seq Scan",
                  "Parent Relationship": "Outer",
                  "Parallel Aware": true,
                  "Relation Name": "movie_companies",
                  "Alias": "mc",
                  "Startup Cost": 0.0,
                  "Total Cost": 31414.82,
                  "Plan Rows": 108127,
                  "Plan Width": 0,
                  "Actual Startup Time": 24.131,
                  "Actual Total Time": 67.317,
                  "Actual Rows": 7114,
                  "Actual Loops": 4,
                  "Filter": "((company_id > 48710) AND (company_type_id = 1))",
                  "Rows Removed by Filter": 645168
                }
              ]
            }
          ]
        }
      ]
    },
    "Planning Time": 0.106,
    "Triggers": [],
    "Execution Time": 81.089
  }
]