{
  "Plan": {
    "Node Type": "Aggregate",
    "Strategy": "Plain",
    "Partial Mode": "Simple",
    "Parallel Aware": false,
    "Startup Cost": 21705.33,
    "Total Cost": 21705.34,
    "Plan Rows": 1,
    "Plan Width": 96,
    "Actual Startup Time": 698.599,
    "Actual Total Time": 765.122,
    "Actual Rows": 1,
    "Actual Loops": 1,
    "Plans": [
      {
        "Node Type": "Gather",
        "Parent Relationship": "Outer",
        "Parallel Aware": false,
        "Startup Cost": 1006.7,
        "Total Cost": 21705.32,
        "Plan Rows": 1,
        "Plan Width": 42,
        "Actual Startup Time": 3.646,
        "Actual Total Time": 764.169,
        "Actual Rows": 4711,
        "Actual Loops": 1,
        "Workers Planned": 1,
        "Workers Launched": 1,
        "Single Copy": false,
        "Plans": [
          {
            "Node Type": "Nested Loop",
            "Parent Relationship": "Outer",
            "Parallel Aware": false,
            "Join Type": "Inner",
            "Startup Cost": 6.7,
            "Total Cost": 20705.22,
            "Plan Rows": 1,
            "Plan Width": 42,
            "Actual Startup Time": 3.819,
            "Actual Total Time": 689.451,
            "Actual Rows": 2356,
            "Actual Loops": 2,
            "Inner Unique": true,
            "Plans": [
              {
                "Node Type": "Nested Loop",
                "Parent Relationship": "Outer",
                "Parallel Aware": false,
                "Join Type": "Inner",
                "Startup Cost": 6.28,
                "Total Cost": 20704.77,
                "Plan Rows": 1,
                "Plan Width": 27,
                "Actual Startup Time": 3.724,
                "Actual Total Time": 659.842,
                "Actual Rows": 7768,
                "Actual Loops": 2,
                "Inner Unique": true,
                "Plans": [
                  {
                    "Node Type": "Nested Loop",
                    "Parent Relationship": "Outer",
                    "Parallel Aware": false,
                    "Join Type": "Inner",
                    "Startup Cost": 6.15,
                    "Total Cost": 20704.6,
                    "Plan Rows": 1,
                    "Plan Width": 31,
                    "Actual Startup Time": 3.65,
                    "Actual Total Time": 640.271,
                    "Actual Rows": 22503,
                    "Actual Loops": 2,
                    "Inner Unique": false,
                    "Plans": [
                      {
                        "Node Type": "Hash Join",
                        "Parent Relationship": "Outer",
                        "Parallel Aware": false,
                        "Join Type": "Inner",
                        "Startup Cost": 5.72,
                        "Total Cost": 20703.93,
                        "Plan Rows": 1,
                        "Plan Width": 35,
                        "Actual Startup Time": 3.548,
                        "Actual Total Time": 604.735,
                        "Actual Rows": 3982,
                        "Actual Loops": 2,
                        "Inner Unique": true,
                        "Hash Cond": "(mi.info_type_id = it1.id)",
                        "Plans": [
                          {
                            "Node Type": "Nested Loop",
                            "Parent Relationship": "Outer",
                            "Parallel Aware": false,
                            "Join Type": "Inner",
                            "Startup Cost": 3.29,
                            "Total Cost": 20701.36,
                            "Plan Rows": 54,
                            "Plan Width": 39,
                            "Actual Startup Time": 3.141,
                            "Actual Total Time": 603.045,
                            "Actual Rows": 3982,
                            "Actual Loops": 2,
                            "Inner Unique": false,
                            "Plans": [
                              {
                                "Node Type": "Nested Loop",
                                "Parent Relationship": "Outer",
                                "Parallel Aware": false,
                                "Join Type": "Inner",
                                "Startup Cost": 2.86,
                                "Total Cost": 19785.96,
                                "Plan Rows": 418,
                                "Plan Width": 31,
                                "Actual Startup Time": 0.274,
                                "Actual Total Time": 267.78,
                                "Actual Rows": 26152,
                                "Actual Loops": 2,
                                "Inner Unique": true,
                                "Plans": [
                                  {
                                    "Node Type": "Hash Join",
                                    "Parent Relationship": "Outer",
                                    "Parallel Aware": false,
                                    "Join Type": "Inner",
                                    "Startup Cost": 2.43,
                                    "Total Cost": 18393.97,
                                    "Plan Rows": 1005,
                                    "Plan Width": 10,
                                    "Actual Startup Time": 0.143,
                                    "Actual Total Time": 79.795,
                                    "Actual Rows": 60786,
                                    "Actual Loops": 2,
                                    "Inner Unique": true,
                                    "Hash Cond": "(mi_idx.info_type_id = it2.id)",
                                    "Plans": [
                                      {
                                        "Node Type": "Seq Scan",
                                        "Parent Relationship": "Outer",
                                        "Parallel Aware": true,
                                        "Relation Name": "movie_info_idx",
                                        "Alias": "mi_idx",
                                        "Startup Cost": 0.0,
                                        "Total Cost": 18082.32,
                                        "Plan Rows": 113541,
                                        "Plan Width": 14,
                                        "Actual Startup Time": 0.054,
                                        "Actual Total Time": 66.971,
                                        "Actual Rows": 96420,
                                        "Actual Loops": 2,
                                        "Filter": "(info > '7.0'::text)",
                                        "Rows Removed by Filter": 593598
                                      },
                                      {
                                        "Node Type": "Hash",
                                        "Parent Relationship": "Inner",
                                        "Parallel Aware": false,
                                        "Startup Cost": 2.41,
                                        "Total Cost": 2.41,
                                        "Plan Rows": 1,
                                        "Plan Width": 4,
                                        "Actual Startup Time": 0.052,
                                        "Actual Total Time": 0.053,
                                        "Actual Rows": 1,
                                        "Actual Loops": 2,
                                        "Hash Buckets": 1024,
                                        "Original Hash Buckets": 1024,
                                        "Hash Batches": 1,
                                        "Original Hash Batches": 1,
                                        "Peak Memory Usage": 9,
                                        "Plans": [
                                          {
                                            "Node Type": "Seq Scan",
                                            "Parent Relationship": "Outer",
                                            "Parallel Aware": false,
                                            "Relation Name": "info_type",
                                            "Alias": "it2",
                                            "Startup Cost": 0.0,
                                            "Total Cost": 2.41,
                                            "Plan Rows": 1,
                                            "Plan Width": 4,
                                            "Actual Startup Time": 0.034,
                                            "Actual Total Time": 0.038,
                                            "Actual Rows": 1,
                                            "Actual Loops": 2,
                                            "Filter": "((info)::text = 'rating'::text)",
                                            "Rows Removed by Filter": 112
                                          }
                                        ]
                                      }
                                    ]
                                  },
                                  {
                                    "Node Type": "Index Scan",
                                    "Parent Relationship": "Inner",
                                    "Parallel Aware": false,
                                    "Scan Direction": "Forward",
                                    "Index Name": "title_pkey",
                                    "Relation Name": "title",
                                    "Alias": "t",
                                    "Startup Cost": 0.43,
                                    "Total Cost": 1.39,
                                    "Plan Rows": 1,
                                    "Plan Width": 21,
                                    "Actual Startup Time": 0.003,
                                    "Actual Total Time": 0.003,
                                    "Actual Rows": 0,
                                    "Actual Loops": 121572,
                                    "Index Cond": "(id = mi_idx.movie_id)",
                                    "Rows Removed by Index Recheck": 0,
                                    "Filter": "((production_year >= 2000) AND (production_year <= 2010))",
                                    "Rows Removed by Filter": 1
                                  }
                                ]
                              },
                              {
                                "Node Type": "Index Scan",
                                "Parent Relationship": "Inner",
                                "Parallel Aware": false,
                                "Scan Direction": "Forward",
                                "Index Name": "movie_id_movie_info",
                                "Relation Name": "movie_info",
                                "Alias": "mi",
                                "Startup Cost": 0.43,
                                "Total Cost": 2.18,
                                "Plan Rows": 1,
                                "Plan Width": 8,
                                "Actual Startup Time": 0.012,
                                "Actual Total Time": 0.013,
                                "Actual Rows": 0,
                                "Actual Loops": 52304,
                                "Index Cond": "(movie_id = t.id)",
                                "Rows Removed by Index Recheck": 0,
                                "Filter": "(info = ANY ('{Drama,Horror,Western,Family}'::text[]))",
                                "Rows Removed by Filter": 16
                              }
                            ]
                          },
                          {
                            "Node Type": "Hash",
                            "Parent Relationship": "Inner",
                            "Parallel Aware": false,
                            "Startup Cost": 2.41,
                            "Total Cost": 2.41,
                            "Plan Rows": 1,
                            "Plan Width": 4,
                            "Actual Startup Time": 0.095,
                            "Actual Total Time": 0.095,
                            "Actual Rows": 1,
                            "Actual Loops": 2,
                            "Hash Buckets": 1024,
                            "Original Hash Buckets": 1024,
                            "Hash Batches": 1,
                            "Original Hash Batches": 1,
                            "Peak Memory Usage": 9,
                            "Plans": [
                              {
                                "Node Type": "Seq Scan",
                                "Parent Relationship": "Outer",
                                "Parallel Aware": false,
                                "Relation Name": "info_type",
                                "Alias": "it1",
                                "Startup Cost": 0.0,
                                "Total Cost": 2.41,
                                "Plan Rows": 1,
                                "Plan Width": 4,
                                "Actual Startup Time": 0.056,
                                "Actual Total Time": 0.078,
                                "Actual Rows": 1,
                                "Actual Loops": 2,
                                "Filter": "((info)::text = 'genres'::text)",
                                "Rows Removed by Filter": 112
                              }
                            ]
                          }
                        ]
                      },
                      {
                        "Node Type": "Index Scan",
                        "Parent Relationship": "Inner",
                        "Parallel Aware": false,
                        "Scan Direction": "Forward",
                        "Index Name": "movie_id_movie_companies",
                        "Relation Name": "movie_companies",
                        "Alias": "mc",
                        "Startup Cost": 0.43,
                        "Total Cost": 0.63,
                        "Plan Rows": 5,
                        "Plan Width": 12,
                        "Actual Startup Time": 0.006,
                        "Actual Total Time": 0.008,
                        "Actual Rows": 6,
                        "Actual Loops": 7964,
                        "Index Cond": "(movie_id = t.id)",
                        "Rows Removed by Index Recheck": 0
                      }
                    ]
                  },
                  {
                    "Node Type": "Index Scan",
                    "Parent Relationship": "Inner",
                    "Parallel Aware": false,
                    "Scan Direction": "Forward",
                    "Index Name": "company_type_pkey",
                    "Relation Name": "company_type",
                    "Alias": "ct",
                    "Startup Cost": 0.13,
                    "Total Cost": 0.15,
                    "Plan Rows": 1,
                    "Plan Width": 4,
                    "Actual Startup Time": 0.001,
                    "Actual Total Time": 0.001,
                    "Actual Rows": 0,
                    "Actual Loops": 45006,
                    "Index Cond": "(id = mc.company_type_id)",
                    "Rows Removed by Index Recheck": 0,
                    "Filter": "((kind)::text = 'production companies'::text)",
                    "Rows Removed by Filter": 1
                  }
                ]
              },
              {
                "Node Type": "Index Scan",
                "Parent Relationship": "Inner",
                "Parallel Aware": false,
                "Scan Direction": "Forward",
                "Index Name": "company_name_pkey",
                "Relation Name": "company_name",
                "Alias": "cn",
                "Startup Cost": 0.42,
                "Total Cost": 0.45,
                "Plan Rows": 1,
                "Plan Width": 23,
                "Actual Startup Time": 0.004,
                "Actual Total Time": 0.004,
                "Actual Rows": 0,
                "Actual Loops": 15537,
                "Index Cond": "(id = mc.company_id)",
                "Rows Removed by Index Recheck": 0,
                "Filter": "((country_code)::text = '[us]'::text)",
                "Rows Removed by Filter": 1
              }
            ]
          }
        ]
      }
    ]
  },
  "Planning Time": 2.316,
  "Triggers": [],
  "Execution Time": 765.307
}