[
  {
    "Plan": {
      "Node Type": "Aggregate",
      "Strategy": "Plain",
      "Partial Mode": "Finalize",
      "Parallel Aware": false,
      "Startup Cost": 343773.28,
      "Total Cost": 343773.29,
      "Plan Rows": 1,
      "Plan Width": 8,
      "Actual Startup Time": 1045.872,
      "Actual Total Time": 1091.019,
      "Actual Rows": 1,
      "Actual Loops": 1,
      "Plans": [
        {
          "Node Type": "Gather",
          "Parent Relationship": "Outer",
          "Parallel Aware": false,
          "Startup Cost": 343772.65,
          "Total Cost": 343773.26,
          "Plan Rows": 6,
          "Plan Width": 8,
          "Actual Startup Time": 1045.686,
          "Actual Total Time": 1091.005,
          "Actual Rows": 7,
          "Actual Loops": 1,
          "Workers Planned": 6,
          "Workers Launched": 6,
          "Single Copy": false,
          "Plans": [
            {
              "Node Type": "Aggregate",
              "Strategy": "Plain",
              "Partial Mode": "Partial",
              "Parent Relationship": "Outer",
              "Parallel Aware": false,
              "Startup Cost": 342772.65,
              "Total Cost": 342772.66,
              "Plan Rows": 1,
              "Plan Width": 8,
              "Actual Startup Time": 1036.631,
              "Actual Total Time": 1036.632,
              "Actual Rows": 1,
              "Actual Loops": 7,
              "Plans": [
                {
                  "Node Type": "Seq Scan",
                  "Parent Relationship": "Outer",
                  "Parallel Aware": true,
                  "Relation Name": "cast_info",
                  "Alias": "ci",
                  "Startup Cost": 0.0,
                  "Total Cost": 328211.39,
                  "Plan Rows": 5824505,
                  "Plan Width": 0,
                  "Actual Startup Time": 30.565,
                  "Actual Total Time": 757.852,
                  "Actual Rows": 4984374,
                  "Actual Loops": 7,
                  "Filter": "(person_id > 135110)",
                  "Rows Removed by Filter": 193389
                }
              ]
            }
          ]
        }
      ]
    },
    "Planning Time": 0.241,
    "Triggers": [],
    "Execution Time": 1091.08
  }
]