{
  "Plan": {
    "Node Type": "Aggregate",
    "Strategy": "Plain",
    "Partial Mode": "Finalize",
    "Parallel Aware": false,
    "Startup Cost": 326932.05,
    "Total Cost": 326932.06,
    "Plan Rows": 1,
    "Plan Width": 8,
    "Actual Startup Time": 1295.774,
    "Actual Total Time": 1339.359,
    "Actual Rows": 1,
    "Actual Loops": 1,
    "Plans": [
      {
        "Node Type": "Gather",
        "Parent Relationship": "Outer",
        "Parallel Aware": false,
        "Startup Cost": 326931.93,
        "Total Cost": 326932.04,
        "Plan Rows": 1,
        "Plan Width": 8,
        "Actual Startup Time": 1295.615,
        "Actual Total Time": 1339.351,
        "Actual Rows": 2,
        "Actual Loops": 1,
        "Workers Planned": 1,
        "Workers Launched": 1,
        "Single Copy": false,
        "Plans": [
          {
            "Node Type": "Aggregate",
            "Strategy": "Plain",
            "Partial Mode": "Partial",
            "Parent Relationship": "Outer",
            "Parallel Aware": false,
            "Startup Cost": 325931.93,
            "Total Cost": 325931.94,
            "Plan Rows": 1,
            "Plan Width": 8,
            "Actual Startup Time": 1289.523,
            "Actual Total Time": 1289.526,
            "Actual Rows": 1,
            "Actual Loops": 2,
            "Plans": [
              {
                "Node Type": "Hash Join",
                "Parent Relationship": "Outer",
                "Parallel Aware": true,
                "Join Type": "Inner",
                "Startup Cost": 53896.17,
                "Total Cost": 325679.66,
                "Plan Rows": 100911,
                "Plan Width": 0,
                "Actual Startup Time": 117.125,
                "Actual Total Time": 1283.81,
                "Actual Rows": 126314,
                "Actual Loops": 2,
                "Inner Unique": true,
                "Hash Cond": "(mi.movie_id = t.id)",
                "Plans": [
                  {
                    "Node Type": "Seq Scan",
                    "Parent Relationship": "Outer",
                    "Parallel Aware": true,
                    "Relation Name": "movie_info",
                    "Alias": "mi",
                    "Startup Cost": 0.0,
                    "Total Cost": 248955.74,
                    "Plan Rows": 8696274,
                    "Plan Width": 4,
                    "Actual Startup Time": 0.011,
                    "Actual Total Time": 603.975,
                    "Actual Rows": 7417860,
                    "Actual Loops": 2
                  },
                  {
                    "Node Type": "Hash",
                    "Parent Relationship": "Inner",
                    "Parallel Aware": true,
                    "Startup Cost": 53680.44,
                    "Total Cost": 53680.44,
                    "Plan Rows": 17258,
                    "Plan Width": 4,
                    "Actual Startup Time": 100.058,
                    "Actual Total Time": 100.059,
                    "Actual Rows": 8058,
                    "Actual Loops": 2,
                    "Hash Buckets": 32768,
                    "Original Hash Buckets": 32768,
                    "Hash Batches": 1,
                    "Original Hash Batches": 1,
                    "Peak Memory Usage": 928,
                    "Plans": [
                      {
                        "Node Type": "Bitmap Heap Scan",
                        "Parent Relationship": "Outer",
                        "Parallel Aware": true,
                        "Relation Name": "title",
                        "Alias": "t",
                        "Startup Cost": 11830.18,
                        "Total Cost": 53680.44,
                        "Plan Rows": 17258,
                        "Plan Width": 4,
                        "Actual Startup Time": 38.898,
                        "Actual Total Time": 97.661,
                        "Actual Rows": 8058,
                        "Actual Loops": 2,
                        "Recheck Cond": "(kind_id < 2)",
                        "Rows Removed by Index Recheck": 0,
                        "Filter": "(production_year = 2006)",
                        "Rows Removed by Filter": 323354,
                        "Exact Heap Blocks": 9470,
                        "Lossy Heap Blocks": 0,
                        "Plans": [
                          {
                            "Node Type": "Bitmap Index Scan",
                            "Parent Relationship": "Outer",
                            "Parallel Aware": false,
                            "Index Name": "kind_id_title",
                            "Startup Cost": 0.0,
                            "Total Cost": 11822.85,
                            "Plan Rows": 663256,
                            "Plan Width": 0,
                            "Actual Startup Time": 41.441,
                            "Actual Total Time": 41.441,
                            "Actual Rows": 662825,
                            "Actual Loops": 1,
                            "Index Cond": "(kind_id < 2)"
                          }
                        ]
                      }
                    ]
                  }
                ]
              }
            ]
          }
        ]
      }
    ]
  },
  "Planning Time": 0.452,
  "Triggers": [],
  "Execution Time": 1339.465
}