[
  {
    "Plan": {
      "Node Type": "Aggregate",
      "Strategy": "Plain",
      "Partial Mode": "Finalize",
      "Parallel Aware": false,
      "Startup Cost": 45910.43,
      "Total Cost": 45910.44,
      "Plan Rows": 1,
      "Plan Width": 8,
      "Actual Startup Time": 165.164,
      "Actual Total Time": 175.924,
      "Actual Rows": 1,
      "Actual Loops": 1,
      "Plans": [
        {
          "Node Type": "Gather",
          "Parent Relationship": "Outer",
          "Parallel Aware": false,
          "Startup Cost": 45910.11,
          "Total Cost": 45910.42,
          "Plan Rows": 3,
          "Plan Width": 8,
          "Actual Startup Time": 165.021,
          "Actual Total Time": 175.915,
          "Actual Rows": 4,
          "Actual Loops": 1,
          "Workers Planned": 3,
          "Workers Launched": 3,
          "Single Copy": false,
          "Plans": [
            {
              "Node Type": "Aggregate",
              "Strategy": "Plain",
              "Partial Mode": "Partial",
              "Parent Relationship": "Outer",
              "Parallel Aware": false,
              "Startup Cost": 44910.11,
              "Total Cost": 44910.12,
              "Plan Rows": 1,
              "Plan Width": 8,
              "Actual Startup Time": 158.449,
              "Actual Total Time": 158.45,
              "Actual Rows": 1,
              "Actual Loops": 4,
              "Plans": [
                {
                  "Node Type": "Seq Scan",
                  "Parent Relationship": "Outer",
                  "Parallel Aware": true,
                  "Relation Name": "movie_keyword",
                  "Alias": "mk",
                  "Startup Cost": 0.0,
                  "Total Cost": 42695.65,
                  "Plan Rows": 885783,
                  "Plan Width": 0,
                  "Actual Startup Time": 0.047,
                  "Actual Total Time": 124.022,
                  "Actual Rows": 690914,
                  "Actual Loops": 4,
                  "Filter": "(keyword_id < 7877)",
                  "Rows Removed by Filter": 440068
                }
              ]
            }
          ]
        }
      ]
    },
    "Planning Time": 0.077,
    "Triggers": [],
    "Execution Time": 175.953
  }
]