[
    {
        "Bao": {
            "Bao prediction": 663.257,
            "Bao recommended hint": "(no hint)"
        }
    },
    {
        "Plan": {
            "Node Type": "Aggregate",
            "Strategy": "Plain",
            "Partial Mode": "Finalize",
            "Parallel Aware": false,
            "Startup Cost": 37451.67,
            "Total Cost": 37451.68,
            "Plan Rows": 1,
            "Plan Width": 8,
            "Actual Startup Time": 124.775,
            "Actual Total Time": 129.982,
            "Actual Rows": 1,
            "Actual Loops": 1,
            "Output": [
                "count(*)"
            ],
            "Plans": [
                {
                    "Node Type": "Gather",
                    "Parent Relationship": "Outer",
                    "Parallel Aware": false,
                    "Startup Cost": 37451.36,
                    "Total Cost": 37451.67,
                    "Plan Rows": 3,
                    "Plan Width": 8,
                    "Actual Startup Time": 124.53,
                    "Actual Total Time": 129.974,
                    "Actual Rows": 4,
                    "Actual Loops": 1,
                    "Output": [
                        "(PARTIAL count(*))"
                    ],
                    "Workers Planned": 3,
                    "Workers Launched": 3,
                    "Single Copy": false,
                    "Plans": [
                        {
                            "Node Type": "Aggregate",
                            "Strategy": "Plain",
                            "Partial Mode": "Partial",
                            "Parent Relationship": "Outer",
                            "Parallel Aware": false,
                            "Startup Cost": 36451.36,
                            "Total Cost": 36451.37,
                            "Plan Rows": 1,
                            "Plan Width": 8,
                            "Actual Startup Time": 116.426,
                            "Actual Total Time": 116.428,
                            "Actual Rows": 1,
                            "Actual Loops": 4,
                            "Output": [
                                "PARTIAL count(*)"
                            ],
                            "Workers": [
                                {
                                    "Worker Number": 0,
                                    "Actual Startup Time": 113.766,
                                    "Actual Total Time": 113.767,
                                    "Actual Rows": 1,
                                    "Actual Loops": 1
                                },
                                {
                                    "Worker Number": 1,
                                    "Actual Startup Time": 113.987,
                                    "Actual Total Time": 113.989,
                                    "Actual Rows": 1,
                                    "Actual Loops": 1
                                },
                                {
                                    "Worker Number": 2,
                                    "Actual Startup Time": 113.991,
                                    "Actual Total Time": 113.993,
                                    "Actual Rows": 1,
                                    "Actual Loops": 1
                                }
                            ],
                            "Plans": [
                                {
                                    "Node Type": "Bitmap Heap Scan",
                                    "Parent Relationship": "Outer",
                                    "Parallel Aware": true,
                                    "Relation Name": "movie_keyword",
                                    "Schema": "public",
                                    "Alias": "mk",
                                    "Startup Cost": 9769.2,
                                    "Total Cost": 36080.0,
                                    "Plan Rows": 148544,
                                    "Plan Width": 0,
                                    "Actual Startup Time": 45.753,
                                    "Actual Total Time": 109.187,
                                    "Actual Rows": 113021,
                                    "Actual Loops": 4,
                                    "Recheck Cond": "(mk.keyword_id > 39174)",
                                    "Rows Removed by Index Recheck": 0,
                                    "Exact Heap Blocks": 10987,
                                    "Lossy Heap Blocks": 0,
                                    "Workers": [
                                        {
                                            "Worker Number": 0,
                                            "Actual Startup Time": 43.191,
                                            "Actual Total Time": 107.184,
                                            "Actual Rows": 71844,
                                            "Actual Loops": 1
                                        },
                                        {
                                            "Worker Number": 1,
                                            "Actual Startup Time": 43.412,
                                            "Actual Total Time": 107.548,
                                            "Actual Rows": 91854,
                                            "Actual Loops": 1
                                        },
                                        {
                                            "Worker Number": 2,
                                            "Actual Startup Time": 43.402,
                                            "Actual Total Time": 107.421,
                                            "Actual Rows": 71682,
                                            "Actual Loops": 1
                                        }
                                    ],
                                    "Plans": [
                                        {
                                            "Node Type": "Bitmap Index Scan",
                                            "Parent Relationship": "Outer",
                                            "Parallel Aware": false,
                                            "Index Name": "keyword_id_movie_keyword",
                                            "Startup Cost": 0.0,
                                            "Total Cost": 9654.08,
                                            "Plan Rows": 460486,
                                            "Plan Width": 0,
                                            "Actual Startup Time": 49.648,
                                            "Actual Total Time": 49.649,
                                            "Actual Rows": 452085,
                                            "Actual Loops": 1,
                                            "Index Cond": "(mk.keyword_id > 39174)"
                                        }
                                    ]
                                }
                            ]
                        }
                    ]
                }
            ]
        },
        "Planning Time": 385.768,
        "Triggers": [],
        "Execution Time": 130.108
    }
]