[
  {
    "Plan": {
      "Node Type": "Aggregate",
      "Strategy": "Plain",
      "Partial Mode": "Finalize",
      "Parallel Aware": false,
      "Startup Cost": 331148.23,
      "Total Cost": 331148.24,
      "Plan Rows": 1,
      "Plan Width": 8,
      "Actual Startup Time": 597.171,
      "Actual Total Time": 640.801,
      "Actual Rows": 1,
      "Actual Loops": 1,
      "Plans": [
        {
          "Node Type": "Gather",
          "Parent Relationship": "Outer",
          "Parallel Aware": false,
          "Startup Cost": 331147.6,
          "Total Cost": 331148.21,
          "Plan Rows": 6,
          "Plan Width": 8,
          "Actual Startup Time": 596.987,
          "Actual Total Time": 640.788,
          "Actual Rows": 7,
          "Actual Loops": 1,
          "Workers Planned": 6,
          "Workers Launched": 6,
          "Single Copy": false,
          "Plans": [
            {
              "Node Type": "Aggregate",
              "Strategy": "Plain",
              "Partial Mode": "Partial",
              "Parent Relationship": "Outer",
              "Parallel Aware": false,
              "Startup Cost": 330147.6,
              "Total Cost": 330147.61,
              "Plan Rows": 1,
              "Plan Width": 8,
              "Actual Startup Time": 588.178,
              "Actual Total Time": 588.179,
              "Actual Rows": 1,
              "Actual Loops": 7,
              "Plans": [
                {
                  "Node Type": "Seq Scan",
                  "Parent Relationship": "Outer",
                  "Parallel Aware": true,
                  "Relation Name": "cast_info",
                  "Alias": "ci",
                  "Startup Cost": 0.0,
                  "Total Cost": 328211.39,
                  "Plan Rows": 774484,
                  "Plan Width": 0,
                  "Actual Startup Time": 0.056,
                  "Actual Total Time": 550.972,
                  "Actual Rows": 687151,
                  "Actual Loops": 7,
                  "Filter": "(person_id < 467440)",
                  "Rows Removed by Filter": 4490613
                }
              ]
            }
          ]
        }
      ]
    },
    "Planning Time": 0.091,
    "Triggers": [],
    "Execution Time": 640.847
  }
]