[
  {
    "Plan": {
      "Node Type": "Aggregate",
      "Strategy": "Plain",
      "Partial Mode": "Finalize",
      "Parallel Aware": false,
      "Startup Cost": 46084.17,
      "Total Cost": 46084.18,
      "Plan Rows": 1,
      "Plan Width": 8,
      "Actual Startup Time": 30.987,
      "Actual Total Time": 36.305,
      "Actual Rows": 1,
      "Actual Loops": 1,
      "Plans": [
        {
          "Node Type": "Gather",
          "Parent Relationship": "Outer",
          "Parallel Aware": false,
          "Startup Cost": 46083.95,
          "Total Cost": 46084.16,
          "Plan Rows": 2,
          "Plan Width": 8,
          "Actual Startup Time": 30.766,
          "Actual Total Time": 36.299,
          "Actual Rows": 3,
          "Actual Loops": 1,
          "Workers Planned": 2,
          "Workers Launched": 2,
          "Single Copy": false,
          "Plans": [
            {
              "Node Type": "Aggregate",
              "Strategy": "Plain",
              "Partial Mode": "Partial",
              "Parent Relationship": "Outer",
              "Parallel Aware": false,
              "Startup Cost": 45083.95,
              "Total Cost": 45083.96,
              "Plan Rows": 1,
              "Plan Width": 8,
              "Actual Startup Time": 27.126,
              "Actual Total Time": 27.127,
              "Actual Rows": 1,
              "Actual Loops": 3,
              "Plans": [
                {
                  "Node Type": "Nested Loop",
                  "Parent Relationship": "Outer",
                  "Parallel Aware": false,
                  "Join Type": "Inner",
                  "Startup Cost": 207.66,
                  "Total Cost": 45083.26,
                  "Plan Rows": 277,
                  "Plan Width": 0,
                  "Actual Startup Time": 4.656,
                  "Actual Total Time": 27.12,
                  "Actual Rows": 5,
                  "Actual Loops": 3,
                  "Inner Unique": true,
                  "Plans": [
                    {
                      "Node Type": "Bitmap Heap Scan",
                      "Parent Relationship": "Outer",
                      "Parallel Aware": true,
                      "Relation Name": "movie_keyword",
                      "Alias": "mk",
                      "Startup Cost": 207.23,
                      "Total Cost": 18617.01,
                      "Plan Rows": 4021,
                      "Plan Width": 4,
                      "Actual Startup Time": 0.677,
                      "Actual Total Time": 4.56,
                      "Actual Rows": 2624,
                      "Actual Loops": 3,
                      "Recheck Cond": "(keyword_id = 3)",
                      "Rows Removed by Index Recheck": 0,
                      "Exact Heap Blocks": 1198,
                      "Lossy Heap Blocks": 0,
                      "Plans": [
                        {
                          "Node Type": "Bitmap Index Scan",
                          "Parent Relationship": "Outer",
                          "Parallel Aware": false,
                          "Index Name": "keyword_id_movie_keyword",
                          "Startup Cost": 0.0,
                          "Total Cost": 204.81,
                          "Plan Rows": 9651,
                          "Plan Width": 0,
                          "Actual Startup Time": 1.446,
                          "Actual Total Time": 1.446,
                          "Actual Rows": 7873,
                          "Actual Loops": 1,
                          "Index Cond": "(keyword_id = 3)"
                        }
                      ]
                    },
                    {
                      "Node Type": "Index Scan",
                      "Parent Relationship": "Inner",
                      "Parallel Aware": false,
                      "Scan Direction": "Forward",
                      "Index Name": "title_pkey",
                      "Relation Name": "title",
                      "Alias": "t",
                      "Startup Cost": 0.43,
                      "Total Cost": 6.58,
                      "Plan Rows": 1,
                      "Plan Width": 4,
                      "Actual Startup Time": 0.008,
                      "Actual Total Time": 0.008,
                      "Actual Rows": 0,
                      "Actual Loops": 7873,
                      "Index Cond": "(id = mk.movie_id)",
                      "Rows Removed by Index Recheck": 0,
                      "Filter": "(production_year < 1954)",
                      "Rows Removed by Filter": 1
                    }
                  ]
                }
              ]
            }
          ]
        }
      ]
    },
    "Planning Time": 0.601,
    "Triggers": [],
    "Execution Time": 36.357
  }
]