[
  {
    "Plan": {
      "Node Type": "Aggregate",
      "Strategy": "Plain",
      "Partial Mode": "Finalize",
      "Parallel Aware": false,
      "Startup Cost": 41020.34,
      "Total Cost": 41020.35,
      "Plan Rows": 1,
      "Plan Width": 8,
      "Actual Startup Time": 48.464,
      "Actual Total Time": 55.062,
      "Actual Rows": 1,
      "Actual Loops": 1,
      "Plans": [
        {
          "Node Type": "Gather",
          "Parent Relationship": "Outer",
          "Parallel Aware": false,
          "Startup Cost": 41020.13,
          "Total Cost": 41020.34,
          "Plan Rows": 2,
          "Plan Width": 8,
          "Actual Startup Time": 48.32,
          "Actual Total Time": 55.056,
          "Actual Rows": 3,
          "Actual Loops": 1,
          "Workers Planned": 2,
          "Workers Launched": 2,
          "Single Copy": false,
          "Plans": [
            {
              "Node Type": "Aggregate",
              "Strategy": "Plain",
              "Partial Mode": "Partial",
              "Parent Relationship": "Outer",
              "Parallel Aware": false,
              "Startup Cost": 40020.13,
              "Total Cost": 40020.14,
              "Plan Rows": 1,
              "Plan Width": 8,
              "Actual Startup Time": 40.183,
              "Actual Total Time": 40.185,
              "Actual Rows": 1,
              "Actual Loops": 3,
              "Plans": [
                {
                  "Node Type": "Nested Loop",
                  "Parent Relationship": "Outer",
                  "Parallel Aware": false,
                  "Join Type": "Inner",
                  "Startup Cost": 175.97,
                  "Total Cost": 40019.52,
                  "Plan Rows": 242,
                  "Plan Width": 0,
                  "Actual Startup Time": 18.121,
                  "Actual Total Time": 40.174,
                  "Actual Rows": 5,
                  "Actual Loops": 3,
                  "Inner Unique": true,
                  "Plans": [
                    {
                      "Node Type": "Bitmap Heap Scan",
                      "Parent Relationship": "Outer",
                      "Parallel Aware": true,
                      "Relation Name": "movie_keyword",
                      "Alias": "mk",
                      "Startup Cost": 175.54,
                      "Total Cost": 16952.14,
                      "Plan Rows": 3393,
                      "Plan Width": 4,
                      "Actual Startup Time": 1.607,
                      "Actual Total Time": 6.83,
                      "Actual Rows": 2624,
                      "Actual Loops": 3,
                      "Recheck Cond": "(keyword_id = 3)",
                      "Rows Removed by Index Recheck": 0,
                      "Exact Heap Blocks": 1216,
                      "Lossy Heap Blocks": 0,
                      "Plans": [
                        {
                          "Node Type": "Bitmap Index Scan",
                          "Parent Relationship": "Outer",
                          "Parallel Aware": false,
                          "Index Name": "keyword_id_movie_keyword",
                          "Startup Cost": 0.0,
                          "Total Cost": 173.5,
                          "Plan Rows": 8143,
                          "Plan Width": 0,
                          "Actual Startup Time": 3.536,
                          "Actual Total Time": 3.537,
                          "Actual Rows": 7873,
                          "Actual Loops": 1,
                          "Index Cond": "(keyword_id = 3)"
                        }
                      ]
                    },
                    {
                      "Node Type": "Index Scan",
                      "Parent Relationship": "Inner",
                      "Parallel Aware": false,
                      "Scan Direction": "Forward",
                      "Index Name": "title_pkey",
                      "Relation Name": "title",
                      "Alias": "t",
                      "Startup Cost": 0.43,
                      "Total Cost": 6.8,
                      "Plan Rows": 1,
                      "Plan Width": 4,
                      "Actual Startup Time": 0.012,
                      "Actual Total Time": 0.012,
                      "Actual Rows": 0,
                      "Actual Loops": 7873,
                      "Index Cond": "(id = mk.movie_id)",
                      "Rows Removed by Index Recheck": 0,
                      "Filter": "(production_year < 1954)",
                      "Rows Removed by Filter": 1
                    }
                  ]
                }
              ]
            }
          ]
        }
      ]
    },
    "Planning Time": 0.6,
    "Triggers": [],
    "Execution Time": 55.148
  }
]