[
  {
    "Plan": {
      "Node Type": "Aggregate",
      "Strategy": "Plain",
      "Partial Mode": "Finalize",
      "Parallel Aware": false,
      "Startup Cost": 237391.89,
      "Total Cost": 237391.9,
      "Plan Rows": 1,
      "Plan Width": 8,
      "Actual Startup Time": 2829.279,
      "Actual Total Time": 2926.699,
      "Actual Rows": 1,
      "Actual Loops": 1,
      "Plans": [
        {
          "Node Type": "Gather",
          "Parent Relationship": "Outer",
          "Parallel Aware": false,
          "Startup Cost": 237391.57,
          "Total Cost": 237391.88,
          "Plan Rows": 3,
          "Plan Width": 8,
          "Actual Startup Time": 2825.695,
          "Actual Total Time": 2926.688,
          "Actual Rows": 4,
          "Actual Loops": 1,
          "Workers Planned": 3,
          "Workers Launched": 3,
          "Single Copy": false,
          "Plans": [
            {
              "Node Type": "Aggregate",
              "Strategy": "Plain",
              "Partial Mode": "Partial",
              "Parent Relationship": "Outer",
              "Parallel Aware": false,
              "Startup Cost": 236391.57,
              "Total Cost": 236391.58,
              "Plan Rows": 1,
              "Plan Width": 8,
              "Actual Startup Time": 2817.149,
              "Actual Total Time": 2817.152,
              "Actual Rows": 1,
              "Actual Loops": 4,
              "Plans": [
                {
                  "Node Type": "Nested Loop",
                  "Parent Relationship": "Outer",
                  "Parallel Aware": false,
                  "Join Type": "Inner",
                  "Startup Cost": 46853.85,
                  "Total Cost": 236264.37,
                  "Plan Rows": 50883,
                  "Plan Width": 0,
                  "Actual Startup Time": 228.515,
                  "Actual Total Time": 2800.063,
                  "Actual Rows": 270810,
                  "Actual Loops": 4,
                  "Inner Unique": false,
                  "Join Filter": "(t.id = ci.movie_id)",
                  "Rows Removed by Join Filter": 0,
                  "Plans": [
                    {
                      "Node Type": "Hash Join",
                      "Parent Relationship": "Outer",
                      "Parallel Aware": true,
                      "Join Type": "Inner",
                      "Startup Cost": 46853.29,
                      "Total Cost": 79018.43,
                      "Plan Rows": 49715,
                      "Plan Width": 8,
                      "Actual Startup Time": 227.106,
                      "Actual Total Time": 390.404,
                      "Actual Rows": 109111,
                      "Actual Loops": 4,
                      "Inner Unique": true,
                      "Hash Cond": "(mc.movie_id = t.id)",
                      "Plans": [
                        {
                          "Node Type": "Seq Scan",
                          "Parent Relationship": "Outer",
                          "Parallel Aware": true,
                          "Relation Name": "movie_companies",
                          "Alias": "mc",
                          "Startup Cost": 0.0,
                          "Total Cost": 31414.82,
                          "Plan Rows": 285837,
                          "Plan Width": 4,
                          "Actual Startup Time": 38.304,
                          "Actual Total Time": 87.38,
                          "Actual Rows": 270897,
                          "Actual Loops": 4,
                          "Filter": "((company_id > 2478) AND (company_type_id = 2))",
                          "Rows Removed by Filter": 381385
                        },
                        {
                          "Node Type": "Hash",
                          "Parent Relationship": "Inner",
                          "Parallel Aware": true,
                          "Startup Cost": 45479.1,
                          "Total Cost": 45479.1,
                          "Plan Rows": 109935,
                          "Plan Width": 4,
                          "Actual Startup Time": 185.346,
                          "Actual Total Time": 185.347,
                          "Actual Rows": 134215,
                          "Actual Loops": 4,
                          "Hash Buckets": 1048576,
                          "Original Hash Buckets": 524288,
                          "Hash Batches": 1,
                          "Original Hash Batches": 1,
                          "Peak Memory Usage": 33312,
                          "Plans": [
                            {
                              "Node Type": "Seq Scan",
                              "Parent Relationship": "Outer",
                              "Parallel Aware": true,
                              "Relation Name": "title",
                              "Alias": "t",
                              "Startup Cost": 0.0,
                              "Total Cost": 45479.1,
                              "Plan Rows": 109935,
                              "Plan Width": 4,
                              "Actual Startup Time": 0.048,
                              "Actual Total Time": 120.173,
                              "Actual Rows": 134215,
                              "Actual Loops": 4,
                              "Filter": "((kind_id < 7) AND (production_year < 2002))",
                              "Rows Removed by Filter": 497863
                            }
                          ]
                        }
                      ]
                    },
                    {
                      "Node Type": "Index Scan",
                      "Parent Relationship": "Inner",
                      "Parallel Aware": false,
                      "Scan Direction": "Forward",
                      "Index Name": "movie_id_cast_info",
                      "Relation Name": "cast_info",
                      "Alias": "ci",
                      "Startup Cost": 0.56,
                      "Total Cost": 3.13,
                      "Plan Rows": 3,
                      "Plan Width": 4,
                      "Actual Startup Time": 0.019,
                      "Actual Total Time": 0.022,
                      "Actual Rows": 2,
                      "Actual Loops": 436444,
                      "Index Cond": "(movie_id = mc.movie_id)",
                      "Rows Removed by Index Recheck": 0,
                      "Filter": "((person_id > 2002187) AND (role_id > 8))",
                      "Rows Removed by Filter": 18
                    }
                  ]
                }
              ]
            }
          ]
        }
      ]
    },
    "Planning Time": 1.494,
    "Triggers": [],
    "Execution Time": 2926.806
  }
]