[
    {
        "Bao": {
            "Bao prediction": 463.258,
            "Bao recommended hint": "(no hint)"
        }
    },
    {
        "Plan": {
            "Node Type": "Aggregate",
            "Strategy": "Plain",
            "Partial Mode": "Finalize",
            "Parallel Aware": false,
            "Startup Cost": 346969.86,
            "Total Cost": 346969.87,
            "Plan Rows": 1,
            "Plan Width": 8,
            "Actual Startup Time": 739.914,
            "Actual Total Time": 770.158,
            "Actual Rows": 1,
            "Actual Loops": 1,
            "Output": [
                "count(*)"
            ],
            "Plans": [
                {
                    "Node Type": "Gather",
                    "Parent Relationship": "Outer",
                    "Parallel Aware": false,
                    "Startup Cost": 346969.24,
                    "Total Cost": 346969.85,
                    "Plan Rows": 6,
                    "Plan Width": 8,
                    "Actual Startup Time": 739.806,
                    "Actual Total Time": 770.149,
                    "Actual Rows": 7,
                    "Actual Loops": 1,
                    "Output": [
                        "(PARTIAL count(*))"
                    ],
                    "Workers Planned": 6,
                    "Workers Launched": 6,
                    "Single Copy": false,
                    "Plans": [
                        {
                            "Node Type": "Aggregate",
                            "Strategy": "Plain",
                            "Partial Mode": "Partial",
                            "Parent Relationship": "Outer",
                            "Parallel Aware": false,
                            "Startup Cost": 345969.24,
                            "Total Cost": 345969.25,
                            "Plan Rows": 1,
                            "Plan Width": 8,
                            "Actual Startup Time": 730.664,
                            "Actual Total Time": 730.665,
                            "Actual Rows": 1,
                            "Actual Loops": 7,
                            "Output": [
                                "PARTIAL count(*)"
                            ],
                            "Workers": [
                                {
                                    "Worker Number": 0,
                                    "Actual Startup Time": 728.543,
                                    "Actual Total Time": 728.544,
                                    "Actual Rows": 1,
                                    "Actual Loops": 1
                                },
                                {
                                    "Worker Number": 1,
                                    "Actual Startup Time": 728.546,
                                    "Actual Total Time": 728.547,
                                    "Actual Rows": 1,
                                    "Actual Loops": 1
                                },
                                {
                                    "Worker Number": 2,
                                    "Actual Startup Time": 729.18,
                                    "Actual Total Time": 729.181,
                                    "Actual Rows": 1,
                                    "Actual Loops": 1
                                },
                                {
                                    "Worker Number": 3,
                                    "Actual Startup Time": 729.164,
                                    "Actual Total Time": 729.166,
                                    "Actual Rows": 1,
                                    "Actual Loops": 1
                                },
                                {
                                    "Worker Number": 4,
                                    "Actual Startup Time": 729.73,
                                    "Actual Total Time": 729.731,
                                    "Actual Rows": 1,
                                    "Actual Loops": 1
                                },
                                {
                                    "Worker Number": 5,
                                    "Actual Startup Time": 730.094,
                                    "Actual Total Time": 730.095,
                                    "Actual Rows": 1,
                                    "Actual Loops": 1
                                }
                            ],
                            "Plans": [
                                {
                                    "Node Type": "Seq Scan",
                                    "Parent Relationship": "Outer",
                                    "Parallel Aware": true,
                                    "Relation Name": "cast_info",
                                    "Schema": "public",
                                    "Alias": "ci",
                                    "Startup Cost": 0.0,
                                    "Total Cost": 343318.94,
                                    "Plan Rows": 1060119,
                                    "Plan Width": 0,
                                    "Actual Startup Time": 371.017,
                                    "Actual Total Time": 720.603,
                                    "Actual Rows": 168766,
                                    "Actual Loops": 7,
                                    "Output": [
                                        "id",
                                        "person_id",
                                        "movie_id",
                                        "person_role_id",
                                        "note",
                                        "nr_order",
                                        "role_id"
                                    ],
                                    "Filter": "((ci.person_id > 2549547) AND (ci.role_id < 3))",
                                    "Rows Removed by Filter": 5008997,
                                    "Workers": [
                                        {
                                            "Worker Number": 0,
                                            "Actual Startup Time": 368.887,
                                            "Actual Total Time": 718.677,
                                            "Actual Rows": 150043,
                                            "Actual Loops": 1
                                        },
                                        {
                                            "Worker Number": 1,
                                            "Actual Startup Time": 368.893,
                                            "Actual Total Time": 718.605,
                                            "Actual Rows": 150783,
                                            "Actual Loops": 1
                                        },
                                        {
                                            "Worker Number": 2,
                                            "Actual Startup Time": 369.543,
                                            "Actual Total Time": 719.213,
                                            "Actual Rows": 151099,
                                            "Actual Loops": 1
                                        },
                                        {
                                            "Worker Number": 3,
                                            "Actual Startup Time": 369.528,
                                            "Actual Total Time": 719.228,
                                            "Actual Rows": 151012,
                                            "Actual Loops": 1
                                        },
                                        {
                                            "Worker Number": 4,
                                            "Actual Startup Time": 370.077,
                                            "Actual Total Time": 719.858,
                                            "Actual Rows": 150062,
                                            "Actual Loops": 1
                                        },
                                        {
                                            "Worker Number": 5,
                                            "Actual Startup Time": 370.443,
                                            "Actual Total Time": 720.107,
                                            "Actual Rows": 246728,
                                            "Actual Loops": 1
                                        }
                                    ]
                                }
                            ]
                        }
                    ]
                }
            ]
        },
        "Planning Time": 282.208,
        "Triggers": [],
        "Execution Time": 770.216
    }
]