{
  "Plan": {
    "Node Type": "Aggregate",
    "Strategy": "Plain",
    "Partial Mode": "Finalize",
    "Parallel Aware": false,
    "Startup Cost": 491283.31,
    "Total Cost": 491283.32,
    "Plan Rows": 1,
    "Plan Width": 8,
    "Actual Startup Time": 2339.203,
    "Actual Total Time": 2373.297,
    "Actual Rows": 1,
    "Actual Loops": 1,
    "Plans": [
      {
        "Node Type": "Gather",
        "Parent Relationship": "Outer",
        "Parallel Aware": false,
        "Startup Cost": 491283.2,
        "Total Cost": 491283.31,
        "Plan Rows": 1,
        "Plan Width": 8,
        "Actual Startup Time": 2330.294,
        "Actual Total Time": 2373.288,
        "Actual Rows": 2,
        "Actual Loops": 1,
        "Workers Planned": 1,
        "Workers Launched": 1,
        "Single Copy": false,
        "Plans": [
          {
            "Node Type": "Aggregate",
            "Strategy": "Plain",
            "Partial Mode": "Partial",
            "Parent Relationship": "Outer",
            "Parallel Aware": false,
            "Startup Cost": 490283.2,
            "Total Cost": 490283.21,
            "Plan Rows": 1,
            "Plan Width": 8,
            "Actual Startup Time": 2324.67,
            "Actual Total Time": 2325.573,
            "Actual Rows": 1,
            "Actual Loops": 2,
            "Plans": [
              {
                "Node Type": "Hash Join",
                "Parent Relationship": "Outer",
                "Parallel Aware": true,
                "Join Type": "Inner",
                "Startup Cost": 467863.34,
                "Total Cost": 489292.19,
                "Plan Rows": 396406,
                "Plan Width": 0,
                "Actual Startup Time": 2019.232,
                "Actual Total Time": 2274.95,
                "Actual Rows": 1258084,
                "Actual Loops": 2,
                "Inner Unique": false,
                "Hash Cond": "(mi_idx.movie_id = t.id)",
                "Plans": [
                  {
                    "Node Type": "Seq Scan",
                    "Parent Relationship": "Outer",
                    "Parallel Aware": true,
                    "Relation Name": "movie_info_idx",
                    "Alias": "mi_idx",
                    "Startup Cost": 0.0,
                    "Total Cost": 16052.85,
                    "Plan Rows": 811785,
                    "Plan Width": 4,
                    "Actual Startup Time": 0.015,
                    "Actual Total Time": 46.72,
                    "Actual Rows": 690018,
                    "Actual Loops": 2
                  },
                  {
                    "Node Type": "Hash",
                    "Parent Relationship": "Inner",
                    "Parallel Aware": true,
                    "Startup Cost": 458785.4,
                    "Total Cost": 458785.4,
                    "Plan Rows": 726235,
                    "Plan Width": 8,
                    "Actual Startup Time": 2008.457,
                    "Actual Total Time": 2009.359,
                    "Actual Rows": 1324500,
                    "Actual Loops": 2,
                    "Hash Buckets": 4194304,
                    "Original Hash Buckets": 2097152,
                    "Hash Batches": 1,
                    "Original Hash Batches": 1,
                    "Peak Memory Usage": 152800,
                    "Plans": [
                      {
                        "Node Type": "Hash Join",
                        "Parent Relationship": "Outer",
                        "Parallel Aware": true,
                        "Join Type": "Inner",
                        "Startup Cost": 163706.67,
                        "Total Cost": 458785.4,
                        "Plan Rows": 726235,
                        "Plan Width": 8,
                        "Actual Startup Time": 511.425,
                        "Actual Total Time": 1599.918,
                        "Actual Rows": 1324500,
                        "Actual Loops": 2,
                        "Inner Unique": true,
                        "Hash Cond": "(ci.movie_id = t.id)",
                        "Plans": [
                          {
                            "Node Type": "Bitmap Heap Scan",
                            "Parent Relationship": "Outer",
                            "Parallel Aware": true,
                            "Relation Name": "cast_info",
                            "Alias": "ci",
                            "Startup Cost": 97721.75,
                            "Total Cost": 389690.76,
                            "Plan Rows": 1184658,
                            "Plan Width": 4,
                            "Actual Startup Time": 151.633,
                            "Actual Total Time": 475.102,
                            "Actual Rows": 2128970,
                            "Actual Loops": 2,
                            "Recheck Cond": "(person_id > 3280518)",
                            "Rows Removed by Index Recheck": 0,
                            "Filter": "(role_id > 2)",
                            "Rows Removed by Filter": 0,
                            "Exact Heap Blocks": 30742,
                            "Lossy Heap Blocks": 0,
                            "Plans": [
                              {
                                "Node Type": "Bitmap Index Scan",
                                "Parent Relationship": "Outer",
                                "Parallel Aware": false,
                                "Index Name": "person_id_cast_info",
                                "Startup Cost": 0.0,
                                "Total Cost": 97218.27,
                                "Plan Rows": 4451961,
                                "Plan Width": 0,
                                "Actual Startup Time": 141.207,
                                "Actual Total Time": 141.208,
                                "Actual Rows": 4257941,
                                "Actual Loops": 1,
                                "Index Cond": "(person_id > 3280518)"
                              }
                            ]
                          },
                          {
                            "Node Type": "Hash",
                            "Parent Relationship": "Inner",
                            "Parallel Aware": true,
                            "Startup Cost": 54588.39,
                            "Total Cost": 54588.39,
                            "Plan Rows": 911722,
                            "Plan Width": 4,
                            "Actual Startup Time": 353.301,
                            "Actual Total Time": 353.302,
                            "Actual Rows": 777932,
                            "Actual Loops": 2,
                            "Hash Buckets": 2097152,
                            "Original Hash Buckets": 2097152,
                            "Hash Batches": 1,
                            "Original Hash Batches": 1,
                            "Peak Memory Usage": 77280,
                            "Plans": [
                              {
                                "Node Type": "Seq Scan",
                                "Parent Relationship": "Outer",
                                "Parallel Aware": true,
                                "Relation Name": "title",
                                "Alias": "t",
                                "Startup Cost": 0.0,
                                "Total Cost": 54588.39,
                                "Plan Rows": 911722,
                                "Plan Width": 4,
                                "Actual Startup Time": 0.028,
                                "Actual Total Time": 154.285,
                                "Actual Rows": 777932,
                                "Actual Loops": 2,
                                "Filter": "(kind_id > 4)",
                                "Rows Removed by Filter": 486224
                              }
                            ]
                          }
                        ]
                      }
                    ]
                  }
                ]
              }
            ]
          }
        ]
      }
    ]
  },
  "Planning Time": 0.515,
  "Triggers": [],
  "Execution Time": 2373.36
}