[
  {
    "Plan": {
      "Node Type": "Aggregate",
      "Strategy": "Plain",
      "Partial Mode": "Finalize",
      "Parallel Aware": false,
      "Startup Cost": 85707.24,
      "Total Cost": 85707.25,
      "Plan Rows": 1,
      "Plan Width": 8,
      "Actual Startup Time": 248.274,
      "Actual Total Time": 260.273,
      "Actual Rows": 1,
      "Actual Loops": 1,
      "Plans": [
        {
          "Node Type": "Gather",
          "Parent Relationship": "Outer",
          "Parallel Aware": false,
          "Startup Cost": 85706.93,
          "Total Cost": 85707.24,
          "Plan Rows": 3,
          "Plan Width": 8,
          "Actual Startup Time": 247.517,
          "Actual Total Time": 260.262,
          "Actual Rows": 4,
          "Actual Loops": 1,
          "Workers Planned": 3,
          "Workers Launched": 3,
          "Single Copy": false,
          "Plans": [
            {
              "Node Type": "Aggregate",
              "Strategy": "Plain",
              "Partial Mode": "Partial",
              "Parent Relationship": "Outer",
              "Parallel Aware": false,
              "Startup Cost": 84706.93,
              "Total Cost": 84706.94,
              "Plan Rows": 1,
              "Plan Width": 8,
              "Actual Startup Time": 238.298,
              "Actual Total Time": 238.302,
              "Actual Rows": 1,
              "Actual Loops": 4,
              "Plans": [
                {
                  "Node Type": "Hash Join",
                  "Parent Relationship": "Outer",
                  "Parallel Aware": true,
                  "Join Type": "Inner",
                  "Startup Cost": 38950.53,
                  "Total Cost": 84603.5,
                  "Plan Rows": 41369,
                  "Plan Width": 0,
                  "Actual Startup Time": 96.662,
                  "Actual Total Time": 235.145,
                  "Actual Rows": 78273,
                  "Actual Loops": 4,
                  "Inner Unique": true,
                  "Hash Cond": "(mk.movie_id = t.id)",
                  "Plans": [
                    {
                      "Node Type": "Seq Scan",
                      "Parent Relationship": "Outer",
                      "Parallel Aware": true,
                      "Relation Name": "movie_keyword",
                      "Alias": "mk",
                      "Startup Cost": 0.0,
                      "Total Cost": 42695.65,
                      "Plan Rows": 1126600,
                      "Plan Width": 4,
                      "Actual Startup Time": 0.071,
                      "Actual Total Time": 107.013,
                      "Actual Rows": 871712,
                      "Actual Loops": 4,
                      "Filter": "(keyword_id > 1025)",
                      "Rows Removed by Filter": 259270
                    },
                    {
                      "Node Type": "Hash",
                      "Parent Relationship": "Inner",
                      "Parallel Aware": true,
                      "Startup Cost": 38660.4,
                      "Total Cost": 38660.4,
                      "Plan Rows": 23210,
                      "Plan Width": 4,
                      "Actual Startup Time": 62.886,
                      "Actual Total Time": 62.888,
                      "Actual Rows": 24210,
                      "Actual Loops": 4,
                      "Hash Buckets": 131072,
                      "Original Hash Buckets": 131072,
                      "Hash Batches": 1,
                      "Original Hash Batches": 1,
                      "Peak Memory Usage": 4896,
                      "Plans": [
                        {
                          "Node Type": "Bitmap Heap Scan",
                          "Parent Relationship": "Outer",
                          "Parallel Aware": true,
                          "Relation Name": "title",
                          "Alias": "t",
                          "Startup Cost": 2204.15,
                          "Total Cost": 38660.4,
                          "Plan Rows": 23210,
                          "Plan Width": 4,
                          "Actual Startup Time": 15.464,
                          "Actual Total Time": 53.036,
                          "Actual Rows": 24210,
                          "Actual Loops": 4,
                          "Recheck Cond": "(kind_id = 4)",
                          "Rows Removed by Index Recheck": 0,
                          "Filter": "(production_year < 2010)",
                          "Rows Removed by Filter": 5349,
                          "Exact Heap Blocks": 7430,
                          "Lossy Heap Blocks": 0,
                          "Plans": [
                            {
                              "Node Type": "Bitmap Index Scan",
                              "Parent Relationship": "Outer",
                              "Parallel Aware": false,
                              "Index Name": "kind_id_title",
                              "Startup Cost": 0.0,
                              "Total Cost": 2180.94,
                              "Plan Rows": 122201,
                              "Plan Width": 0,
                              "Actual Startup Time": 15.979,
                              "Actual Total Time": 15.98,
                              "Actual Rows": 118234,
                              "Actual Loops": 1,
                              "Index Cond": "(kind_id = 4)"
                            }
                          ]
                        }
                      ]
                    }
                  ]
                }
              ]
            }
          ]
        }
      ]
    },
    "Planning Time": 0.669,
    "Triggers": [],
    "Execution Time": 260.366
  }
]