[
  {
    "Plan": {
      "Node Type": "Aggregate",
      "Strategy": "Plain",
      "Partial Mode": "Finalize",
      "Parallel Aware": false,
      "Startup Cost": 58355.54,
      "Total Cost": 58355.55,
      "Plan Rows": 1,
      "Plan Width": 8,
      "Actual Startup Time": 693.647,
      "Actual Total Time": 707.286,
      "Actual Rows": 1,
      "Actual Loops": 1,
      "Plans": [
        {
          "Node Type": "Gather",
          "Parent Relationship": "Outer",
          "Parallel Aware": false,
          "Startup Cost": 58355.12,
          "Total Cost": 58355.53,
          "Plan Rows": 4,
          "Plan Width": 8,
          "Actual Startup Time": 693.337,
          "Actual Total Time": 707.274,
          "Actual Rows": 5,
          "Actual Loops": 1,
          "Workers Planned": 4,
          "Workers Launched": 4,
          "Single Copy": false,
          "Plans": [
            {
              "Node Type": "Aggregate",
              "Strategy": "Plain",
              "Partial Mode": "Partial",
              "Parent Relationship": "Outer",
              "Parallel Aware": false,
              "Startup Cost": 57355.12,
              "Total Cost": 57355.13,
              "Plan Rows": 1,
              "Plan Width": 8,
              "Actual Startup Time": 683.162,
              "Actual Total Time": 683.167,
              "Actual Rows": 1,
              "Actual Loops": 5,
              "Plans": [
                {
                  "Node Type": "Nested Loop",
                  "Parent Relationship": "Outer",
                  "Parallel Aware": false,
                  "Join Type": "Inner",
                  "Startup Cost": 0.86,
                  "Total Cost": 57346.3,
                  "Plan Rows": 3527,
                  "Plan Width": 0,
                  "Actual Startup Time": 39.598,
                  "Actual Total Time": 682.068,
                  "Actual Rows": 4759,
                  "Actual Loops": 5,
                  "Inner Unique": false,
                  "Join Filter": "(t.id = mi.movie_id)",
                  "Rows Removed by Join Filter": 0,
                  "Plans": [
                    {
                      "Node Type": "Nested Loop",
                      "Parent Relationship": "Outer",
                      "Parallel Aware": false,
                      "Join Type": "Inner",
                      "Startup Cost": 0.43,
                      "Total Cost": 55338.0,
                      "Plan Rows": 905,
                      "Plan Width": 8,
                      "Actual Startup Time": 12.789,
                      "Actual Total Time": 435.739,
                      "Actual Rows": 562,
                      "Actual Loops": 5,
                      "Inner Unique": false,
                      "Plans": [
                        {
                          "Node Type": "Seq Scan",
                          "Parent Relationship": "Outer",
                          "Parallel Aware": true,
                          "Relation Name": "title",
                          "Alias": "t",
                          "Startup Cost": 0.0,
                          "Total Cost": 45479.59,
                          "Plan Rows": 1658,
                          "Plan Width": 4,
                          "Actual Startup Time": 0.195,
                          "Actual Total Time": 162.301,
                          "Actual Rows": 1400,
                          "Actual Loops": 5,
                          "Filter": "((kind_id = 7) AND (production_year = 1960))",
                          "Rows Removed by Filter": 504263
                        },
                        {
                          "Node Type": "Index Only Scan",
                          "Parent Relationship": "Inner",
                          "Parallel Aware": false,
                          "Scan Direction": "Forward",
                          "Index Name": "movie_id_movie_info_idx",
                          "Relation Name": "movie_info_idx",
                          "Alias": "mi_idx",
                          "Startup Cost": 0.43,
                          "Total Cost": 5.92,
                          "Plan Rows": 3,
                          "Plan Width": 4,
                          "Actual Startup Time": 0.193,
                          "Actual Total Time": 0.193,
                          "Actual Rows": 0,
                          "Actual Loops": 6999,
                          "Index Cond": "(movie_id = t.id)",
                          "Rows Removed by Index Recheck": 0,
                          "Heap Fetches": 2808
                        }
                      ]
                    },
                    {
                      "Node Type": "Index Scan",
                      "Parent Relationship": "Inner",
                      "Parallel Aware": false,
                      "Scan Direction": "Forward",
                      "Index Name": "movie_id_movie_info",
                      "Relation Name": "movie_info",
                      "Alias": "mi",
                      "Startup Cost": 0.43,
                      "Total Cost": 1.88,
                      "Plan Rows": 27,
                      "Plan Width": 4,
                      "Actual Startup Time": 0.407,
                      "Actual Total Time": 0.434,
                      "Actual Rows": 8,
                      "Actual Loops": 2808,
                      "Index Cond": "(movie_id = mi_idx.movie_id)",
                      "Rows Removed by Index Recheck": 0,
                      "Filter": "(info_type_id > 4)",
                      "Rows Removed by Filter": 3
                    }
                  ]
                }
              ]
            }
          ]
        }
      ]
    },
    "Planning Time": 1.475,
    "Triggers": [],
    "Execution Time": 707.4
  }
]