[
  {
    "Plan": {
      "Node Type": "Aggregate",
      "Strategy": "Plain",
      "Partial Mode": "Finalize",
      "Parallel Aware": false,
      "Startup Cost": 19467.16,
      "Total Cost": 19467.17,
      "Plan Rows": 1,
      "Plan Width": 8,
      "Actual Startup Time": 13.871,
      "Actual Total Time": 16.088,
      "Actual Rows": 1,
      "Actual Loops": 1,
      "Plans": [
        {
          "Node Type": "Gather",
          "Parent Relationship": "Outer",
          "Parallel Aware": false,
          "Startup Cost": 19466.94,
          "Total Cost": 19467.15,
          "Plan Rows": 2,
          "Plan Width": 8,
          "Actual Startup Time": 13.513,
          "Actual Total Time": 16.077,
          "Actual Rows": 3,
          "Actual Loops": 1,
          "Workers Planned": 2,
          "Workers Launched": 2,
          "Single Copy": false,
          "Plans": [
            {
              "Node Type": "Aggregate",
              "Strategy": "Plain",
              "Partial Mode": "Partial",
              "Parent Relationship": "Outer",
              "Parallel Aware": false,
              "Startup Cost": 18466.94,
              "Total Cost": 18466.95,
              "Plan Rows": 1,
              "Plan Width": 8,
              "Actual Startup Time": 5.702,
              "Actual Total Time": 5.705,
              "Actual Rows": 1,
              "Actual Loops": 3,
              "Plans": [
                {
                  "Node Type": "Nested Loop",
                  "Parent Relationship": "Outer",
                  "Parallel Aware": false,
                  "Join Type": "Inner",
                  "Startup Cost": 104.01,
                  "Total Cost": 18464.51,
                  "Plan Rows": 975,
                  "Plan Width": 0,
                  "Actual Startup Time": 5.282,
                  "Actual Total Time": 5.692,
                  "Actual Rows": 15,
                  "Actual Loops": 3,
                  "Inner Unique": true,
                  "Plans": [
                    {
                      "Node Type": "Bitmap Heap Scan",
                      "Parent Relationship": "Outer",
                      "Parallel Aware": true,
                      "Relation Name": "movie_companies",
                      "Alias": "mc",
                      "Startup Cost": 103.58,
                      "Total Cost": 10798.19,
                      "Plan Rows": 975,
                      "Plan Width": 4,
                      "Actual Startup Time": 5.102,
                      "Actual Total Time": 5.221,
                      "Actual Rows": 15,
                      "Actual Loops": 3,
                      "Recheck Cond": "(company_id = 11138)",
                      "Rows Removed by Index Recheck": 0,
                      "Filter": "(company_type_id > 1)",
                      "Rows Removed by Filter": 1379,
                      "Exact Heap Blocks": 2064,
                      "Lossy Heap Blocks": 0,
                      "Plans": [
                        {
                          "Node Type": "Bitmap Index Scan",
                          "Parent Relationship": "Outer",
                          "Parallel Aware": false,
                          "Index Name": "company_id_movie_companies",
                          "Startup Cost": 0.0,
                          "Total Cost": 103.0,
                          "Plan Rows": 4609,
                          "Plan Width": 0,
                          "Actual Startup Time": 3.414,
                          "Actual Total Time": 3.415,
                          "Actual Rows": 4181,
                          "Actual Loops": 1,
                          "Index Cond": "(company_id = 11138)"
                        }
                      ]
                    },
                    {
                      "Node Type": "Index Only Scan",
                      "Parent Relationship": "Inner",
                      "Parallel Aware": false,
                      "Scan Direction": "Forward",
                      "Index Name": "title_pkey",
                      "Relation Name": "title",
                      "Alias": "t",
                      "Startup Cost": 0.43,
                      "Total Cost": 7.86,
                      "Plan Rows": 1,
                      "Plan Width": 4,
                      "Actual Startup Time": 0.03,
                      "Actual Total Time": 0.03,
                      "Actual Rows": 1,
                      "Actual Loops": 45,
                      "Index Cond": "(id = mc.movie_id)",
                      "Rows Removed by Index Recheck": 0,
                      "Heap Fetches": 45
                    }
                  ]
                }
              ]
            }
          ]
        }
      ]
    },
    "Planning Time": 0.708,
    "Triggers": [],
    "Execution Time": 16.189
  }
]