{
  "Plan": {
    "Node Type": "Aggregate",
    "Strategy": "Plain",
    "Partial Mode": "Finalize",
    "Parallel Aware": false,
    "Startup Cost": 116402.11,
    "Total Cost": 116402.12,
    "Plan Rows": 1,
    "Plan Width": 8,
    "Actual Startup Time": 415.914,
    "Actual Total Time": 427.312,
    "Actual Rows": 1,
    "Actual Loops": 1,
    "Plans": [
      {
        "Node Type": "Gather",
        "Parent Relationship": "Outer",
        "Parallel Aware": false,
        "Startup Cost": 116401.99,
        "Total Cost": 116402.1,
        "Plan Rows": 1,
        "Plan Width": 8,
        "Actual Startup Time": 415.147,
        "Actual Total Time": 427.305,
        "Actual Rows": 2,
        "Actual Loops": 1,
        "Workers Planned": 1,
        "Workers Launched": 1,
        "Single Copy": false,
        "Plans": [
          {
            "Node Type": "Aggregate",
            "Strategy": "Plain",
            "Partial Mode": "Partial",
            "Parent Relationship": "Outer",
            "Parallel Aware": false,
            "Startup Cost": 115401.99,
            "Total Cost": 115402.0,
            "Plan Rows": 1,
            "Plan Width": 8,
            "Actual Startup Time": 409.165,
            "Actual Total Time": 409.169,
            "Actual Rows": 1,
            "Actual Loops": 2,
            "Plans": [
              {
                "Node Type": "Hash Join",
                "Parent Relationship": "Outer",
                "Parallel Aware": true,
                "Join Type": "Inner",
                "Startup Cost": 54465.13,
                "Total Cost": 115280.46,
                "Plan Rows": 48614,
                "Plan Width": 0,
                "Actual Startup Time": 178.839,
                "Actual Total Time": 400.475,
                "Actual Rows": 209888,
                "Actual Loops": 2,
                "Inner Unique": true,
                "Hash Cond": "(mk.movie_id = t.id)",
                "Plans": [
                  {
                    "Node Type": "Seq Scan",
                    "Parent Relationship": "Outer",
                    "Parallel Aware": true,
                    "Relation Name": "movie_keyword",
                    "Alias": "mk",
                    "Startup Cost": 0.0,
                    "Total Cost": 57718.19,
                    "Plan Rows": 1179863,
                    "Plan Width": 4,
                    "Actual Startup Time": 0.67,
                    "Actual Total Time": 173.419,
                    "Actual Rows": 1001808,
                    "Actual Loops": 2,
                    "Filter": "(keyword_id > 6243)",
                    "Rows Removed by Filter": 1260157
                  },
                  {
                    "Node Type": "Hash",
                    "Parent Relationship": "Inner",
                    "Parallel Aware": true,
                    "Startup Cost": 53699.15,
                    "Total Cost": 53699.15,
                    "Plan Rows": 61278,
                    "Plan Width": 4,
                    "Actual Startup Time": 128.725,
                    "Actual Total Time": 128.726,
                    "Actual Rows": 119950,
                    "Actual Loops": 2,
                    "Hash Buckets": 262144,
                    "Original Hash Buckets": 131072,
                    "Hash Batches": 1,
                    "Original Hash Batches": 1,
                    "Peak Memory Usage": 12480,
                    "Plans": [
                      {
                        "Node Type": "Bitmap Heap Scan",
                        "Parent Relationship": "Outer",
                        "Parallel Aware": true,
                        "Relation Name": "title",
                        "Alias": "t",
                        "Startup Cost": 11848.89,
                        "Total Cost": 53699.15,
                        "Plan Rows": 61278,
                        "Plan Width": 4,
                        "Actual Startup Time": 36.91,
                        "Actual Total Time": 101.204,
                        "Actual Rows": 119950,
                        "Actual Loops": 2,
                        "Recheck Cond": "(kind_id = 1)",
                        "Rows Removed by Index Recheck": 0,
                        "Filter": "(production_year < 1973)",
                        "Rows Removed by Filter": 211463,
                        "Exact Heap Blocks": 8589,
                        "Lossy Heap Blocks": 0,
                        "Plans": [
                          {
                            "Node Type": "Bitmap Index Scan",
                            "Parent Relationship": "Outer",
                            "Parallel Aware": false,
                            "Index Name": "kind_id_title",
                            "Startup Cost": 0.0,
                            "Total Cost": 11822.85,
                            "Plan Rows": 663256,
                            "Plan Width": 0,
                            "Actual Startup Time": 38.854,
                            "Actual Total Time": 38.854,
                            "Actual Rows": 662825,
                            "Actual Loops": 1,
                            "Index Cond": "(kind_id = 1)"
                          }
                        ]
                      }
                    ]
                  }
                ]
              }
            ]
          }
        ]
      }
    ]
  },
  "Planning Time": 0.444,
  "Triggers": [],
  "Execution Time": 427.391
}