[
  {
    "Plan": {
      "Node Type": "Aggregate",
      "Strategy": "Plain",
      "Partial Mode": "Finalize",
      "Parallel Aware": false,
      "Startup Cost": 348137.01,
      "Total Cost": 348137.02,
      "Plan Rows": 1,
      "Plan Width": 8,
      "Actual Startup Time": 661.542,
      "Actual Total Time": 719.446,
      "Actual Rows": 1,
      "Actual Loops": 1,
      "Plans": [
        {
          "Node Type": "Gather",
          "Parent Relationship": "Outer",
          "Parallel Aware": false,
          "Startup Cost": 348136.38,
          "Total Cost": 348136.99,
          "Plan Rows": 6,
          "Plan Width": 8,
          "Actual Startup Time": 661.395,
          "Actual Total Time": 719.437,
          "Actual Rows": 7,
          "Actual Loops": 1,
          "Workers Planned": 6,
          "Workers Launched": 6,
          "Single Copy": false,
          "Plans": [
            {
              "Node Type": "Aggregate",
              "Strategy": "Plain",
              "Partial Mode": "Partial",
              "Parent Relationship": "Outer",
              "Parallel Aware": false,
              "Startup Cost": 347136.38,
              "Total Cost": 347136.39,
              "Plan Rows": 1,
              "Plan Width": 8,
              "Actual Startup Time": 653.624,
              "Actual Total Time": 653.625,
              "Actual Rows": 1,
              "Actual Loops": 7,
              "Plans": [
                {
                  "Node Type": "Seq Scan",
                  "Parent Relationship": "Outer",
                  "Parallel Aware": true,
                  "Relation Name": "cast_info",
                  "Alias": "ci",
                  "Startup Cost": 0.0,
                  "Total Cost": 343257.03,
                  "Plan Rows": 1551742,
                  "Plan Width": 0,
                  "Actual Startup Time": 273.486,
                  "Actual Total Time": 616.549,
                  "Actual Rows": 846072,
                  "Actual Loops": 7,
                  "Filter": "((person_id > 2257027) AND (role_id < 4))",
                  "Rows Removed by Filter": 4331692
                }
              ]
            }
          ]
        }
      ]
    },
    "Planning Time": 0.269,
    "Triggers": [],
    "Execution Time": 719.523
  }
]