{
  "Plan": {
    "Node Type": "Aggregate",
    "Strategy": "Plain",
    "Partial Mode": "Finalize",
    "Parallel Aware": false,
    "Startup Cost": 916956.49,
    "Total Cost": 916956.5,
    "Plan Rows": 1,
    "Plan Width": 8,
    "Actual Startup Time": 7663.173,
    "Actual Total Time": 7724.429,
    "Actual Rows": 1,
    "Actual Loops": 1,
    "Plans": [
      {
        "Node Type": "Gather",
        "Parent Relationship": "Outer",
        "Parallel Aware": false,
        "Startup Cost": 916956.37,
        "Total Cost": 916956.48,
        "Plan Rows": 1,
        "Plan Width": 8,
        "Actual Startup Time": 7655.869,
        "Actual Total Time": 7724.42,
        "Actual Rows": 2,
        "Actual Loops": 1,
        "Workers Planned": 1,
        "Workers Launched": 1,
        "Single Copy": false,
        "Plans": [
          {
            "Node Type": "Aggregate",
            "Strategy": "Plain",
            "Partial Mode": "Partial",
            "Parent Relationship": "Outer",
            "Parallel Aware": false,
            "Startup Cost": 915956.37,
            "Total Cost": 915956.38,
            "Plan Rows": 1,
            "Plan Width": 8,
            "Actual Startup Time": 7645.586,
            "Actual Total Time": 7646.729,
            "Actual Rows": 1,
            "Actual Loops": 2,
            "Plans": [
              {
                "Node Type": "Hash Join",
                "Parent Relationship": "Outer",
                "Parallel Aware": true,
                "Join Type": "Inner",
                "Startup Cost": 508835.38,
                "Total Cost": 884994.43,
                "Plan Rows": 12384776,
                "Plan Width": 0,
                "Actual Startup Time": 3662.698,
                "Actual Total Time": 7265.363,
                "Actual Rows": 9250028,
                "Actual Loops": 2,
                "Inner Unique": false,
                "Hash Cond": "(mi.movie_id = t.id)",
                "Plans": [
                  {
                    "Node Type": "Seq Scan",
                    "Parent Relationship": "Outer",
                    "Parallel Aware": true,
                    "Relation Name": "movie_info",
                    "Alias": "mi",
                    "Startup Cost": 0.0,
                    "Total Cost": 248955.74,
                    "Plan Rows": 8696274,
                    "Plan Width": 4,
                    "Actual Startup Time": 0.015,
                    "Actual Total Time": 614.724,
                    "Actual Rows": 7417860,
                    "Actual Loops": 2
                  },
                  {
                    "Node Type": "Hash",
                    "Parent Relationship": "Inner",
                    "Parallel Aware": true,
                    "Startup Cost": 482359.93,
                    "Total Cost": 482359.93,
                    "Plan Rows": 2118036,
                    "Plan Width": 8,
                    "Actual Startup Time": 3642.397,
                    "Actual Total Time": 3643.538,
                    "Actual Rows": 1827562,
                    "Actual Loops": 2,
                    "Hash Buckets": 4194304,
                    "Original Hash Buckets": 4194304,
                    "Hash Batches": 1,
                    "Original Hash Batches": 1,
                    "Peak Memory Usage": 175776,
                    "Plans": [
                      {
                        "Node Type": "Hash Join",
                        "Parent Relationship": "Outer",
                        "Parallel Aware": true,
                        "Join Type": "Inner",
                        "Startup Cost": 64389.38,
                        "Total Cost": 482359.93,
                        "Plan Rows": 2118036,
                        "Plan Width": 8,
                        "Actual Startup Time": 272.446,
                        "Actual Total Time": 3050.518,
                        "Actual Rows": 1827562,
                        "Actual Loops": 2,
                        "Inner Unique": true,
                        "Hash Cond": "(ci.movie_id = t.id)",
                        "Plans": [
                          {
                            "Node Type": "Index Scan",
                            "Parent Relationship": "Outer",
                            "Parallel Aware": true,
                            "Scan Direction": "Forward",
                            "Index Name": "role_id_cast_info",
                            "Relation Name": "cast_info",
                            "Alias": "ci",
                            "Startup Cost": 0.56,
                            "Total Cost": 400977.7,
                            "Plan Rows": 6473667,
                            "Plan Width": 4,
                            "Actual Startup Time": 0.045,
                            "Actual Total Time": 1151.359,
                            "Actual Rows": 6335344,
                            "Actual Loops": 2,
                            "Index Cond": "(role_id < 2)",
                            "Rows Removed by Index Recheck": 0,
                            "Filter": "(person_id < 3312416)",
                            "Rows Removed by Filter": 0
                          },
                          {
                            "Node Type": "Hash",
                            "Parent Relationship": "Inner",
                            "Parallel Aware": true,
                            "Startup Cost": 58306.47,
                            "Total Cost": 58306.47,
                            "Plan Rows": 486588,
                            "Plan Width": 4,
                            "Actual Startup Time": 269.439,
                            "Actual Total Time": 269.445,
                            "Actual Rows": 368177,
                            "Actual Loops": 2,
                            "Hash Buckets": 1048576,
                            "Original Hash Buckets": 1048576,
                            "Hash Batches": 1,
                            "Original Hash Batches": 1,
                            "Peak Memory Usage": 37024,
                            "Plans": [
                              {
                                "Node Type": "Seq Scan",
                                "Parent Relationship": "Outer",
                                "Parallel Aware": true,
                                "Relation Name": "title",
                                "Alias": "t",
                                "Startup Cost": 0.0,
                                "Total Cost": 58306.47,
                                "Plan Rows": 486588,
                                "Plan Width": 4,
                                "Actual Startup Time": 0.029,
                                "Actual Total Time": 171.987,
                                "Actual Rows": 368177,
                                "Actual Loops": 2,
                                "Filter": "((kind_id > 3) AND (production_year < 2004))",
                                "Rows Removed by Filter": 895979
                              }
                            ]
                          }
                        ]
                      }
                    ]
                  }
                ]
              }
            ]
          }
        ]
      }
    ]
  },
  "Planning Time": 0.81,
  "Triggers": [],
  "Execution Time": 7724.512
}