[
  {
    "Plan": {
      "Node Type": "Aggregate",
      "Strategy": "Plain",
      "Partial Mode": "Finalize",
      "Parallel Aware": false,
      "Startup Cost": 343839.32,
      "Total Cost": 343839.33,
      "Plan Rows": 1,
      "Plan Width": 8,
      "Actual Startup Time": 908.623,
      "Actual Total Time": 959.019,
      "Actual Rows": 1,
      "Actual Loops": 1,
      "Plans": [
        {
          "Node Type": "Gather",
          "Parent Relationship": "Outer",
          "Parallel Aware": false,
          "Startup Cost": 343838.7,
          "Total Cost": 343839.31,
          "Plan Rows": 6,
          "Plan Width": 8,
          "Actual Startup Time": 908.51,
          "Actual Total Time": 959.006,
          "Actual Rows": 7,
          "Actual Loops": 1,
          "Workers Planned": 6,
          "Workers Launched": 6,
          "Single Copy": false,
          "Plans": [
            {
              "Node Type": "Aggregate",
              "Strategy": "Plain",
              "Partial Mode": "Partial",
              "Parent Relationship": "Outer",
              "Parallel Aware": false,
              "Startup Cost": 342838.7,
              "Total Cost": 342838.71,
              "Plan Rows": 1,
              "Plan Width": 8,
              "Actual Startup Time": 901.023,
              "Actual Total Time": 901.024,
              "Actual Rows": 1,
              "Actual Loops": 7,
              "Plans": [
                {
                  "Node Type": "Seq Scan",
                  "Parent Relationship": "Outer",
                  "Parallel Aware": true,
                  "Relation Name": "cast_info",
                  "Alias": "ci",
                  "Startup Cost": 0.0,
                  "Total Cost": 328211.39,
                  "Plan Rows": 5850922,
                  "Plan Width": 0,
                  "Actual Startup Time": 19.033,
                  "Actual Total Time": 659.004,
                  "Actual Rows": 5008294,
                  "Actual Loops": 7,
                  "Filter": "(person_id > 119892)",
                  "Rows Removed by Filter": 169470
                }
              ]
            }
          ]
        }
      ]
    },
    "Planning Time": 0.121,
    "Triggers": [],
    "Execution Time": 959.064
  }
]