[
    {
        "Bao": {
            "Bao prediction": 442.104,
            "Bao recommended hint": "(no hint)"
        }
    },
    {
        "Plan": {
            "Node Type": "Aggregate",
            "Strategy": "Plain",
            "Partial Mode": "Finalize",
            "Parallel Aware": false,
            "Startup Cost": 32846.37,
            "Total Cost": 32846.38,
            "Plan Rows": 1,
            "Plan Width": 8,
            "Actual Startup Time": 100.338,
            "Actual Total Time": 106.926,
            "Actual Rows": 1,
            "Actual Loops": 1,
            "Output": [
                "count(*)"
            ],
            "Plans": [
                {
                    "Node Type": "Gather",
                    "Parent Relationship": "Outer",
                    "Parallel Aware": false,
                    "Startup Cost": 32846.05,
                    "Total Cost": 32846.36,
                    "Plan Rows": 3,
                    "Plan Width": 8,
                    "Actual Startup Time": 100.243,
                    "Actual Total Time": 106.915,
                    "Actual Rows": 4,
                    "Actual Loops": 1,
                    "Output": [
                        "(PARTIAL count(*))"
                    ],
                    "Workers Planned": 3,
                    "Workers Launched": 3,
                    "Single Copy": false,
                    "Plans": [
                        {
                            "Node Type": "Aggregate",
                            "Strategy": "Plain",
                            "Partial Mode": "Partial",
                            "Parent Relationship": "Outer",
                            "Parallel Aware": false,
                            "Startup Cost": 31846.05,
                            "Total Cost": 31846.06,
                            "Plan Rows": 1,
                            "Plan Width": 8,
                            "Actual Startup Time": 92.521,
                            "Actual Total Time": 92.522,
                            "Actual Rows": 1,
                            "Actual Loops": 4,
                            "Output": [
                                "PARTIAL count(*)"
                            ],
                            "Workers": [
                                {
                                    "Worker Number": 0,
                                    "Actual Startup Time": 89.932,
                                    "Actual Total Time": 89.933,
                                    "Actual Rows": 1,
                                    "Actual Loops": 1
                                },
                                {
                                    "Worker Number": 1,
                                    "Actual Startup Time": 89.984,
                                    "Actual Total Time": 89.985,
                                    "Actual Rows": 1,
                                    "Actual Loops": 1
                                },
                                {
                                    "Worker Number": 2,
                                    "Actual Startup Time": 90.556,
                                    "Actual Total Time": 90.557,
                                    "Actual Rows": 1,
                                    "Actual Loops": 1
                                }
                            ],
                            "Plans": [
                                {
                                    "Node Type": "Seq Scan",
                                    "Parent Relationship": "Outer",
                                    "Parallel Aware": true,
                                    "Relation Name": "movie_companies",
                                    "Schema": "public",
                                    "Alias": "mc",
                                    "Startup Cost": 0.0,
                                    "Total Cost": 31414.82,
                                    "Plan Rows": 172494,
                                    "Plan Width": 0,
                                    "Actual Startup Time": 47.405,
                                    "Actual Total Time": 83.033,
                                    "Actual Rows": 209085,
                                    "Actual Loops": 4,
                                    "Output": [
                                        "id",
                                        "movie_id",
                                        "company_id",
                                        "company_type_id",
                                        "note"
                                    ],
                                    "Filter": "((mc.company_id > 14885) AND (mc.company_type_id = 2))",
                                    "Rows Removed by Filter": 443197,
                                    "Workers": [
                                        {
                                            "Worker Number": 0,
                                            "Actual Startup Time": 44.82,
                                            "Actual Total Time": 80.585,
                                            "Actual Rows": 224596,
                                            "Actual Loops": 1
                                        },
                                        {
                                            "Worker Number": 1,
                                            "Actual Startup Time": 44.86,
                                            "Actual Total Time": 81.03,
                                            "Actual Rows": 218913,
                                            "Actual Loops": 1
                                        },
                                        {
                                            "Worker Number": 2,
                                            "Actual Startup Time": 45.431,
                                            "Actual Total Time": 81.249,
                                            "Actual Rows": 223185,
                                            "Actual Loops": 1
                                        }
                                    ]
                                }
                            ]
                        }
                    ]
                }
            ]
        },
        "Planning Time": 741.463,
        "Triggers": [],
        "Execution Time": 107.031
    }
]