[
  {
    "Plan": {
      "Node Type": "Aggregate",
      "Strategy": "Plain",
      "Partial Mode": "Finalize",
      "Parallel Aware": false,
      "Startup Cost": 44982.33,
      "Total Cost": 44982.34,
      "Plan Rows": 1,
      "Plan Width": 8,
      "Actual Startup Time": 144.683,
      "Actual Total Time": 155.005,
      "Actual Rows": 1,
      "Actual Loops": 1,
      "Plans": [
        {
          "Node Type": "Gather",
          "Parent Relationship": "Outer",
          "Parallel Aware": false,
          "Startup Cost": 44982.01,
          "Total Cost": 44982.32,
          "Plan Rows": 3,
          "Plan Width": 8,
          "Actual Startup Time": 144.566,
          "Actual Total Time": 154.997,
          "Actual Rows": 4,
          "Actual Loops": 1,
          "Workers Planned": 3,
          "Workers Launched": 3,
          "Single Copy": false,
          "Plans": [
            {
              "Node Type": "Aggregate",
              "Strategy": "Plain",
              "Partial Mode": "Partial",
              "Parent Relationship": "Outer",
              "Parallel Aware": false,
              "Startup Cost": 43982.01,
              "Total Cost": 43982.02,
              "Plan Rows": 1,
              "Plan Width": 8,
              "Actual Startup Time": 137.979,
              "Actual Total Time": 137.981,
              "Actual Rows": 1,
              "Actual Loops": 4,
              "Plans": [
                {
                  "Node Type": "Seq Scan",
                  "Parent Relationship": "Outer",
                  "Parallel Aware": true,
                  "Relation Name": "movie_keyword",
                  "Alias": "mk",
                  "Startup Cost": 0.0,
                  "Total Cost": 42695.65,
                  "Plan Rows": 514542,
                  "Plan Width": 0,
                  "Actual Startup Time": 1.448,
                  "Actual Total Time": 117.44,
                  "Actual Rows": 399838,
                  "Actual Loops": 4,
                  "Filter": "(keyword_id > 9585)",
                  "Rows Removed by Filter": 731145
                }
              ]
            }
          ]
        }
      ]
    },
    "Planning Time": 0.182,
    "Triggers": [],
    "Execution Time": 155.063
  }
]