[
  {
    "Plan": {
      "Node Type": "Aggregate",
      "Strategy": "Plain",
      "Partial Mode": "Finalize",
      "Parallel Aware": false,
      "Startup Cost": 99180.22,
      "Total Cost": 99180.23,
      "Plan Rows": 1,
      "Plan Width": 8,
      "Actual Startup Time": 215.821,
      "Actual Total Time": 225.411,
      "Actual Rows": 1,
      "Actual Loops": 1,
      "Plans": [
        {
          "Node Type": "Gather",
          "Parent Relationship": "Outer",
          "Parallel Aware": false,
          "Startup Cost": 99179.91,
          "Total Cost": 99180.22,
          "Plan Rows": 3,
          "Plan Width": 8,
          "Actual Startup Time": 210.924,
          "Actual Total Time": 225.403,
          "Actual Rows": 4,
          "Actual Loops": 1,
          "Workers Planned": 3,
          "Workers Launched": 3,
          "Single Copy": false,
          "Plans": [
            {
              "Node Type": "Aggregate",
              "Strategy": "Plain",
              "Partial Mode": "Partial",
              "Parent Relationship": "Outer",
              "Parallel Aware": false,
              "Startup Cost": 98179.91,
              "Total Cost": 98179.92,
              "Plan Rows": 1,
              "Plan Width": 8,
              "Actual Startup Time": 201.508,
              "Actual Total Time": 201.512,
              "Actual Rows": 1,
              "Actual Loops": 4,
              "Plans": [
                {
                  "Node Type": "Nested Loop",
                  "Parent Relationship": "Outer",
                  "Parallel Aware": false,
                  "Join Type": "Inner",
                  "Startup Cost": 21297.96,
                  "Total Cost": 98169.67,
                  "Plan Rows": 4095,
                  "Plan Width": 0,
                  "Actual Startup Time": 154.263,
                  "Actual Total Time": 200.642,
                  "Actual Rows": 13267,
                  "Actual Loops": 4,
                  "Inner Unique": true,
                  "Join Filter": "(mi.movie_id = t.id)",
                  "Rows Removed by Join Filter": 0,
                  "Plans": [
                    {
                      "Node Type": "Hash Join",
                      "Parent Relationship": "Outer",
                      "Parallel Aware": true,
                      "Join Type": "Inner",
                      "Startup Cost": 21297.53,
                      "Total Cost": 84494.03,
                      "Plan Rows": 23162,
                      "Plan Width": 8,
                      "Actual Startup Time": 154.178,
                      "Actual Total Time": 161.553,
                      "Actual Rows": 13267,
                      "Actual Loops": 4,
                      "Inner Unique": false,
                      "Hash Cond": "(mi.movie_id = mi_idx.movie_id)",
                      "Plans": [
                        {
                          "Node Type": "Bitmap Heap Scan",
                          "Parent Relationship": "Outer",
                          "Parallel Aware": true,
                          "Relation Name": "movie_info",
                          "Alias": "mi",
                          "Startup Cost": 424.69,
                          "Total Cost": 63496.55,
                          "Plan Rows": 7503,
                          "Plan Width": 4,
                          "Actual Startup Time": 1.53,
                          "Actual Total Time": 3.15,
                          "Actual Rows": 4551,
                          "Actual Loops": 4,
                          "Recheck Cond": "(info_type_id = 11)",
                          "Rows Removed by Index Recheck": 0,
                          "Exact Heap Blocks": 247,
                          "Lossy Heap Blocks": 0,
                          "Plans": [
                            {
                              "Node Type": "Bitmap Index Scan",
                              "Parent Relationship": "Outer",
                              "Parallel Aware": false,
                              "Index Name": "info_type_id_movie_info",
                              "Startup Cost": 0.0,
                              "Total Cost": 418.88,
                              "Plan Rows": 23259,
                              "Plan Width": 0,
                              "Actual Startup Time": 1.381,
                              "Actual Total Time": 1.381,
                              "Actual Rows": 18205,
                              "Actual Loops": 1,
                              "Index Cond": "(info_type_id = 11)"
                            }
                          ]
                        },
                        {
                          "Node Type": "Hash",
                          "Parent Relationship": "Inner",
                          "Parallel Aware": true,
                          "Startup Cost": 13685.15,
                          "Total Cost": 13685.15,
                          "Plan Rows": 575015,
                          "Plan Width": 4,
                          "Actual Startup Time": 146.711,
                          "Actual Total Time": 146.712,
                          "Actual Rows": 345009,
                          "Actual Loops": 4,
                          "Hash Buckets": 2097152,
                          "Original Hash Buckets": 2097152,
                          "Hash Batches": 1,
                          "Original Hash Batches": 1,
                          "Peak Memory Usage": 70432,
                          "Plans": [
                            {
                              "Node Type": "Seq Scan",
                              "Parent Relationship": "Outer",
                              "Parallel Aware": true,
                              "Relation Name": "movie_info_idx",
                              "Alias": "mi_idx",
                              "Startup Cost": 0.0,
                              "Total Cost": 13685.15,
                              "Plan Rows": 575015,
                              "Plan Width": 4,
                              "Actual Startup Time": 0.059,
                              "Actual Total Time": 47.467,
                              "Actual Rows": 345009,
                              "Actual Loops": 4
                            }
                          ]
                        }
                      ]
                    },
                    {
                      "Node Type": "Index Only Scan",
                      "Parent Relationship": "Inner",
                      "Parallel Aware": false,
                      "Scan Direction": "Forward",
                      "Index Name": "title_pkey",
                      "Relation Name": "title",
                      "Alias": "t",
                      "Startup Cost": 0.43,
                      "Total Cost": 0.58,
                      "Plan Rows": 1,
                      "Plan Width": 4,
                      "Actual Startup Time": 0.003,
                      "Actual Total Time": 0.003,
                      "Actual Rows": 1,
                      "Actual Loops": 53068,
                      "Index Cond": "(id = mi_idx.movie_id)",
                      "Rows Removed by Index Recheck": 0,
                      "Heap Fetches": 53068
                    }
                  ]
                }
              ]
            }
          ]
        }
      ]
    },
    "Planning Time": 0.631,
    "Triggers": [],
    "Execution Time": 225.467
  }
]