[
  {
    "Plan": {
      "Node Type": "Aggregate",
      "Strategy": "Plain",
      "Partial Mode": "Finalize",
      "Parallel Aware": false,
      "Startup Cost": 231755.53,
      "Total Cost": 231755.54,
      "Plan Rows": 1,
      "Plan Width": 8,
      "Actual Startup Time": 333.034,
      "Actual Total Time": 373.467,
      "Actual Rows": 1,
      "Actual Loops": 1,
      "Plans": [
        {
          "Node Type": "Gather",
          "Parent Relationship": "Outer",
          "Parallel Aware": false,
          "Startup Cost": 231755.11,
          "Total Cost": 231755.52,
          "Plan Rows": 4,
          "Plan Width": 8,
          "Actual Startup Time": 332.905,
          "Actual Total Time": 373.459,
          "Actual Rows": 5,
          "Actual Loops": 1,
          "Workers Planned": 4,
          "Workers Launched": 4,
          "Single Copy": false,
          "Plans": [
            {
              "Node Type": "Aggregate",
              "Strategy": "Plain",
              "Partial Mode": "Partial",
              "Parent Relationship": "Outer",
              "Parallel Aware": false,
              "Startup Cost": 230755.11,
              "Total Cost": 230755.12,
              "Plan Rows": 1,
              "Plan Width": 8,
              "Actual Startup Time": 323.822,
              "Actual Total Time": 323.823,
              "Actual Rows": 1,
              "Actual Loops": 5,
              "Plans": [
                {
                  "Node Type": "Nested Loop",
                  "Parent Relationship": "Outer",
                  "Parallel Aware": false,
                  "Join Type": "Inner",
                  "Startup Cost": 0.43,
                  "Total Cost": 230680.14,
                  "Plan Rows": 29988,
                  "Plan Width": 0,
                  "Actual Startup Time": 58.687,
                  "Actual Total Time": 314.508,
                  "Actual Rows": 178719,
                  "Actual Loops": 5,
                  "Inner Unique": false,
                  "Plans": [
                    {
                      "Node Type": "Seq Scan",
                      "Parent Relationship": "Outer",
                      "Parallel Aware": true,
                      "Relation Name": "title",
                      "Alias": "t",
                      "Startup Cost": 0.0,
                      "Total Cost": 45479.1,
                      "Plan Rows": 5128,
                      "Plan Width": 4,
                      "Actual Startup Time": 58.584,
                      "Actual Total Time": 86.057,
                      "Actual Rows": 16329,
                      "Actual Loops": 5,
                      "Filter": "((production_year < 1919) AND (kind_id = 1))",
                      "Rows Removed by Filter": 489333
                    },
                    {
                      "Node Type": "Index Only Scan",
                      "Parent Relationship": "Inner",
                      "Parallel Aware": false,
                      "Scan Direction": "Forward",
                      "Index Name": "movie_id_movie_info",
                      "Relation Name": "movie_info",
                      "Alias": "mi",
                      "Startup Cost": 0.43,
                      "Total Cost": 35.7,
                      "Plan Rows": 42,
                      "Plan Width": 4,
                      "Actual Startup Time": 0.005,
                      "Actual Total Time": 0.013,
                      "Actual Rows": 11,
                      "Actual Loops": 81645,
                      "Index Cond": "(movie_id = t.id)",
                      "Rows Removed by Index Recheck": 0,
                      "Heap Fetches": 893595
                    }
                  ]
                }
              ]
            }
          ]
        }
      ]
    },
    "Planning Time": 0.599,
    "Triggers": [],
    "Execution Time": 373.548
  }
]