{
  "Plan": {
    "Node Type": "Aggregate",
    "Strategy": "Plain",
    "Partial Mode": "Finalize",
    "Parallel Aware": false,
    "Startup Cost": 60590.68,
    "Total Cost": 60590.69,
    "Plan Rows": 1,
    "Plan Width": 8,
    "Actual Startup Time": 45.396,
    "Actual Total Time": 50.636,
    "Actual Rows": 1,
    "Actual Loops": 1,
    "Plans": [
      {
        "Node Type": "Gather",
        "Parent Relationship": "Outer",
        "Parallel Aware": false,
        "Startup Cost": 60590.57,
        "Total Cost": 60590.68,
        "Plan Rows": 1,
        "Plan Width": 8,
        "Actual Startup Time": 45.174,
        "Actual Total Time": 50.629,
        "Actual Rows": 2,
        "Actual Loops": 1,
        "Workers Planned": 1,
        "Workers Launched": 1,
        "Single Copy": false,
        "Plans": [
          {
            "Node Type": "Aggregate",
            "Strategy": "Plain",
            "Partial Mode": "Partial",
            "Parent Relationship": "Outer",
            "Parallel Aware": false,
            "Startup Cost": 59590.57,
            "Total Cost": 59590.58,
            "Plan Rows": 1,
            "Plan Width": 8,
            "Actual Startup Time": 39.002,
            "Actual Total Time": 39.004,
            "Actual Rows": 1,
            "Actual Loops": 2,
            "Plans": [
              {
                "Node Type": "Nested Loop",
                "Parent Relationship": "Outer",
                "Parallel Aware": false,
                "Join Type": "Inner",
                "Startup Cost": 248.23,
                "Total Cost": 59590.53,
                "Plan Rows": 15,
                "Plan Width": 0,
                "Actual Startup Time": 2.859,
                "Actual Total Time": 38.966,
                "Actual Rows": 90,
                "Actual Loops": 2,
                "Inner Unique": false,
                "Plans": [
                  {
                    "Node Type": "Nested Loop",
                    "Parent Relationship": "Outer",
                    "Parallel Aware": false,
                    "Join Type": "Inner",
                    "Startup Cost": 247.81,
                    "Total Cost": 59403.02,
                    "Plan Rows": 81,
                    "Plan Width": 8,
                    "Actual Startup Time": 2.721,
                    "Actual Total Time": 37.609,
                    "Actual Rows": 179,
                    "Actual Loops": 2,
                    "Inner Unique": true,
                    "Plans": [
                      {
                        "Node Type": "Bitmap Heap Scan",
                        "Parent Relationship": "Outer",
                        "Parallel Aware": true,
                        "Relation Name": "movie_companies",
                        "Alias": "mc",
                        "Startup Cost": 247.38,
                        "Total Cost": 17313.53,
                        "Plan Rows": 6599,
                        "Plan Width": 4,
                        "Actual Startup Time": 1.905,
                        "Actual Total Time": 5.254,
                        "Actual Rows": 5334,
                        "Actual Loops": 2,
                        "Recheck Cond": "(company_id = 11)",
                        "Rows Removed by Index Recheck": 0,
                        "Exact Heap Blocks": 1102,
                        "Lossy Heap Blocks": 0,
                        "Plans": [
                          {
                            "Node Type": "Bitmap Index Scan",
                            "Parent Relationship": "Outer",
                            "Parallel Aware": false,
                            "Index Name": "company_id_movie_companies",
                            "Startup Cost": 0.0,
                            "Total Cost": 244.57,
                            "Plan Rows": 11219,
                            "Plan Width": 0,
                            "Actual Startup Time": 3.036,
                            "Actual Total Time": 3.037,
                            "Actual Rows": 10667,
                            "Actual Loops": 1,
                            "Index Cond": "(company_id = 11)"
                          }
                        ]
                      },
                      {
                        "Node Type": "Index Scan",
                        "Parent Relationship": "Inner",
                        "Parallel Aware": false,
                        "Scan Direction": "Forward",
                        "Index Name": "title_pkey",
                        "Relation Name": "title",
                        "Alias": "t",
                        "Startup Cost": 0.43,
                        "Total Cost": 6.38,
                        "Plan Rows": 1,
                        "Plan Width": 4,
                        "Actual Startup Time": 0.006,
                        "Actual Total Time": 0.006,
                        "Actual Rows": 0,
                        "Actual Loops": 10667,
                        "Index Cond": "(id = mc.movie_id)",
                        "Rows Removed by Index Recheck": 0,
                        "Filter": "((kind_id = 7) AND (production_year = 2000))",
                        "Rows Removed by Filter": 1
                      }
                    ]
                  },
                  {
                    "Node Type": "Index Scan",
                    "Parent Relationship": "Inner",
                    "Parallel Aware": false,
                    "Scan Direction": "Forward",
                    "Index Name": "movie_id_movie_info_idx",
                    "Relation Name": "movie_info_idx",
                    "Alias": "mi_idx",
                    "Startup Cost": 0.43,
                    "Total Cost": 2.3,
                    "Plan Rows": 1,
                    "Plan Width": 4,
                    "Actual Startup Time": 0.006,
                    "Actual Total Time": 0.007,
                    "Actual Rows": 1,
                    "Actual Loops": 358,
                    "Index Cond": "(movie_id = t.id)",
                    "Rows Removed by Index Recheck": 0,
                    "Filter": "(info_type_id = 101)",
                    "Rows Removed by Filter": 1
                  }
                ]
              }
            ]
          }
        ]
      }
    ]
  },
  "Planning Time": 1.001,
  "Triggers": [],
  "Execution Time": 50.782
}