[
  {
    "Plan": {
      "Node Type": "Aggregate",
      "Strategy": "Plain",
      "Partial Mode": "Finalize",
      "Parallel Aware": false,
      "Startup Cost": 80265.19,
      "Total Cost": 80265.2,
      "Plan Rows": 1,
      "Plan Width": 8,
      "Actual Startup Time": 249.115,
      "Actual Total Time": 269.207,
      "Actual Rows": 1,
      "Actual Loops": 1,
      "Plans": [
        {
          "Node Type": "Gather",
          "Parent Relationship": "Outer",
          "Parallel Aware": false,
          "Startup Cost": 80264.77,
          "Total Cost": 80265.18,
          "Plan Rows": 4,
          "Plan Width": 8,
          "Actual Startup Time": 248.008,
          "Actual Total Time": 269.198,
          "Actual Rows": 5,
          "Actual Loops": 1,
          "Workers Planned": 4,
          "Workers Launched": 4,
          "Single Copy": false,
          "Plans": [
            {
              "Node Type": "Aggregate",
              "Strategy": "Plain",
              "Partial Mode": "Partial",
              "Parent Relationship": "Outer",
              "Parallel Aware": false,
              "Startup Cost": 79264.77,
              "Total Cost": 79264.78,
              "Plan Rows": 1,
              "Plan Width": 8,
              "Actual Startup Time": 240.44,
              "Actual Total Time": 240.443,
              "Actual Rows": 1,
              "Actual Loops": 5,
              "Plans": [
                {
                  "Node Type": "Hash Join",
                  "Parent Relationship": "Outer",
                  "Parallel Aware": true,
                  "Join Type": "Inner",
                  "Startup Cost": 33164.53,
                  "Total Cost": 78993.57,
                  "Plan Rows": 108482,
                  "Plan Width": 0,
                  "Actual Startup Time": 177.09,
                  "Actual Total Time": 239.007,
                  "Actual Rows": 23623,
                  "Actual Loops": 5,
                  "Inner Unique": false,
                  "Hash Cond": "(t.id = mc.movie_id)",
                  "Plans": [
                    {
                      "Node Type": "Seq Scan",
                      "Parent Relationship": "Outer",
                      "Parallel Aware": true,
                      "Relation Name": "title",
                      "Alias": "t",
                      "Startup Cost": 0.0,
                      "Total Cost": 42318.73,
                      "Plan Rows": 632073,
                      "Plan Width": 4,
                      "Actual Startup Time": 0.018,
                      "Actual Total Time": 77.095,
                      "Actual Rows": 505662,
                      "Actual Loops": 5
                    },
                    {
                      "Node Type": "Hash",
                      "Parent Relationship": "Inner",
                      "Parallel Aware": true,
                      "Startup Cost": 31414.82,
                      "Total Cost": 31414.82,
                      "Plan Rows": 139977,
                      "Plan Width": 4,
                      "Actual Startup Time": 80.992,
                      "Actual Total Time": 80.993,
                      "Actual Rows": 23623,
                      "Actual Loops": 5,
                      "Hash Buckets": 524288,
                      "Original Hash Buckets": 524288,
                      "Hash Batches": 1,
                      "Original Hash Batches": 1,
                      "Peak Memory Usage": 8800,
                      "Plans": [
                        {
                          "Node Type": "Seq Scan",
                          "Parent Relationship": "Outer",
                          "Parallel Aware": true,
                          "Relation Name": "movie_companies",
                          "Alias": "mc",
                          "Startup Cost": 0.0,
                          "Total Cost": 31414.82,
                          "Plan Rows": 139977,
                          "Plan Width": 4,
                          "Actual Startup Time": 19.48,
                          "Actual Total Time": 70.755,
                          "Actual Rows": 23623,
                          "Actual Loops": 5,
                          "Filter": "((company_id > 21705) AND (company_type_id = 1))",
                          "Rows Removed by Filter": 498203
                        }
                      ]
                    }
                  ]
                }
              ]
            }
          ]
        }
      ]
    },
    "Planning Time": 0.432,
    "Triggers": [],
    "Execution Time": 269.256
  }
]