[
  {
    "Plan": {
      "Node Type": "Aggregate",
      "Strategy": "Plain",
      "Partial Mode": "Finalize",
      "Parallel Aware": false,
      "Startup Cost": 79922.36,
      "Total Cost": 79922.37,
      "Plan Rows": 1,
      "Plan Width": 8,
      "Actual Startup Time": 290.149,
      "Actual Total Time": 305.304,
      "Actual Rows": 1,
      "Actual Loops": 1,
      "Plans": [
        {
          "Node Type": "Gather",
          "Parent Relationship": "Outer",
          "Parallel Aware": false,
          "Startup Cost": 79922.05,
          "Total Cost": 79922.36,
          "Plan Rows": 3,
          "Plan Width": 8,
          "Actual Startup Time": 288.957,
          "Actual Total Time": 305.293,
          "Actual Rows": 4,
          "Actual Loops": 1,
          "Workers Planned": 3,
          "Workers Launched": 3,
          "Single Copy": false,
          "Plans": [
            {
              "Node Type": "Aggregate",
              "Strategy": "Plain",
              "Partial Mode": "Partial",
              "Parent Relationship": "Outer",
              "Parallel Aware": false,
              "Startup Cost": 78922.05,
              "Total Cost": 78922.06,
              "Plan Rows": 1,
              "Plan Width": 8,
              "Actual Startup Time": 280.92,
              "Actual Total Time": 280.924,
              "Actual Rows": 1,
              "Actual Loops": 4,
              "Plans": [
                {
                  "Node Type": "Hash Join",
                  "Parent Relationship": "Outer",
                  "Parallel Aware": true,
                  "Join Type": "Inner",
                  "Startup Cost": 46304.09,
                  "Total Cost": 78813.28,
                  "Plan Rows": 43505,
                  "Plan Width": 0,
                  "Actual Startup Time": 216.36,
                  "Actual Total Time": 278.527,
                  "Actual Rows": 41176,
                  "Actual Loops": 4,
                  "Inner Unique": true,
                  "Hash Cond": "(mc.movie_id = t.id)",
                  "Plans": [
                    {
                      "Node Type": "Seq Scan",
                      "Parent Relationship": "Outer",
                      "Parallel Aware": true,
                      "Relation Name": "movie_companies",
                      "Alias": "mc",
                      "Startup Cost": 0.0,
                      "Total Cost": 31414.82,
                      "Plan Rows": 416907,
                      "Plan Width": 4,
                      "Actual Startup Time": 37.807,
                      "Actual Total Time": 85.769,
                      "Actual Rows": 313697,
                      "Actual Loops": 4,
                      "Filter": "((company_id < 170010) AND (company_type_id = 2))",
                      "Rows Removed by Filter": 338586
                    },
                    {
                      "Node Type": "Hash",
                      "Parent Relationship": "Inner",
                      "Parallel Aware": true,
                      "Startup Cost": 45479.59,
                      "Total Cost": 45479.59,
                      "Plan Rows": 65960,
                      "Plan Width": 4,
                      "Actual Startup Time": 137.27,
                      "Actual Total Time": 137.271,
                      "Actual Rows": 54070,
                      "Actual Loops": 4,
                      "Hash Buckets": 524288,
                      "Original Hash Buckets": 524288,
                      "Hash Batches": 1,
                      "Original Hash Batches": 1,
                      "Peak Memory Usage": 12608,
                      "Plans": [
                        {
                          "Node Type": "Seq Scan",
                          "Parent Relationship": "Outer",
                          "Parallel Aware": true,
                          "Relation Name": "title",
                          "Alias": "t",
                          "Startup Cost": 0.0,
                          "Total Cost": 45479.59,
                          "Plan Rows": 65960,
                          "Plan Width": 4,
                          "Actual Startup Time": 52.195,
                          "Actual Total Time": 115.589,
                          "Actual Rows": 54070,
                          "Actual Loops": 4,
                          "Filter": "((production_year > 2005) AND (kind_id = 1))",
                          "Rows Removed by Filter": 578008
                        }
                      ]
                    }
                  ]
                }
              ]
            }
          ]
        }
      ]
    },
    "Planning Time": 0.299,
    "Triggers": [],
    "Execution Time": 305.347
  }
]