[
  {
    "Plan": {
      "Node Type": "Aggregate",
      "Strategy": "Plain",
      "Partial Mode": "Finalize",
      "Parallel Aware": false,
      "Startup Cost": 149479.84,
      "Total Cost": 149479.85,
      "Plan Rows": 1,
      "Plan Width": 8,
      "Actual Startup Time": 162.131,
      "Actual Total Time": 191.653,
      "Actual Rows": 1,
      "Actual Loops": 1,
      "Plans": [
        {
          "Node Type": "Gather",
          "Parent Relationship": "Outer",
          "Parallel Aware": false,
          "Startup Cost": 149479.42,
          "Total Cost": 149479.83,
          "Plan Rows": 4,
          "Plan Width": 8,
          "Actual Startup Time": 161.947,
          "Actual Total Time": 191.646,
          "Actual Rows": 5,
          "Actual Loops": 1,
          "Workers Planned": 4,
          "Workers Launched": 4,
          "Single Copy": false,
          "Plans": [
            {
              "Node Type": "Aggregate",
              "Strategy": "Plain",
              "Partial Mode": "Partial",
              "Parent Relationship": "Outer",
              "Parallel Aware": false,
              "Startup Cost": 148479.42,
              "Total Cost": 148479.43,
              "Plan Rows": 1,
              "Plan Width": 8,
              "Actual Startup Time": 151.763,
              "Actual Total Time": 151.765,
              "Actual Rows": 1,
              "Actual Loops": 5,
              "Plans": [
                {
                  "Node Type": "Nested Loop",
                  "Parent Relationship": "Outer",
                  "Parallel Aware": false,
                  "Join Type": "Inner",
                  "Startup Cost": 0.56,
                  "Total Cost": 148468.48,
                  "Plan Rows": 4378,
                  "Plan Width": 0,
                  "Actual Startup Time": 2.315,
                  "Actual Total Time": 151.174,
                  "Actual Rows": 6513,
                  "Actual Loops": 5,
                  "Inner Unique": false,
                  "Plans": [
                    {
                      "Node Type": "Seq Scan",
                      "Parent Relationship": "Outer",
                      "Parallel Aware": true,
                      "Relation Name": "title",
                      "Alias": "t",
                      "Startup Cost": 0.0,
                      "Total Cost": 45479.59,
                      "Plan Rows": 872,
                      "Plan Width": 4,
                      "Actual Startup Time": 0.594,
                      "Actual Total Time": 77.635,
                      "Actual Rows": 992,
                      "Actual Loops": 5,
                      "Filter": "((kind_id < 7) AND (production_year = 1964))",
                      "Rows Removed by Filter": 504670
                    },
                    {
                      "Node Type": "Index Scan",
                      "Parent Relationship": "Inner",
                      "Parallel Aware": false,
                      "Scan Direction": "Forward",
                      "Index Name": "movie_id_cast_info",
                      "Relation Name": "cast_info",
                      "Alias": "ci",
                      "Startup Cost": 0.56,
                      "Total Cost": 117.99,
                      "Plan Rows": 12,
                      "Plan Width": 4,
                      "Actual Startup Time": 0.017,
                      "Actual Total Time": 0.073,
                      "Actual Rows": 7,
                      "Actual Loops": 4962,
                      "Index Cond": "(movie_id = t.id)",
                      "Rows Removed by Index Recheck": 0,
                      "Filter": "(role_id < 2)",
                      "Rows Removed by Filter": 8
                    }
                  ]
                }
              ]
            }
          ]
        }
      ]
    },
    "Planning Time": 0.596,
    "Triggers": [],
    "Execution Time": 191.73
  }
]