{
  "Plan": {
    "Node Type": "Aggregate",
    "Strategy": "Plain",
    "Partial Mode": "Finalize",
    "Parallel Aware": false,
    "Startup Cost": 80736.25,
    "Total Cost": 80736.26,
    "Plan Rows": 1,
    "Plan Width": 8,
    "Actual Startup Time": 171.376,
    "Actual Total Time": 185.057,
    "Actual Rows": 1,
    "Actual Loops": 1,
    "Plans": [
      {
        "Node Type": "Gather",
        "Parent Relationship": "Outer",
        "Parallel Aware": false,
        "Startup Cost": 80736.14,
        "Total Cost": 80736.25,
        "Plan Rows": 1,
        "Plan Width": 8,
        "Actual Startup Time": 171.233,
        "Actual Total Time": 185.046,
        "Actual Rows": 2,
        "Actual Loops": 1,
        "Workers Planned": 1,
        "Workers Launched": 1,
        "Single Copy": false,
        "Plans": [
          {
            "Node Type": "Aggregate",
            "Strategy": "Plain",
            "Partial Mode": "Partial",
            "Parent Relationship": "Outer",
            "Parallel Aware": false,
            "Startup Cost": 79736.14,
            "Total Cost": 79736.15,
            "Plan Rows": 1,
            "Plan Width": 8,
            "Actual Startup Time": 164.83,
            "Actual Total Time": 164.834,
            "Actual Rows": 1,
            "Actual Loops": 2,
            "Plans": [
              {
                "Node Type": "Nested Loop",
                "Parent Relationship": "Outer",
                "Parallel Aware": false,
                "Join Type": "Inner",
                "Startup Cost": 59787.16,
                "Total Cost": 79735.77,
                "Plan Rows": 148,
                "Plan Width": 0,
                "Actual Startup Time": 149.274,
                "Actual Total Time": 164.803,
                "Actual Rows": 427,
                "Actual Loops": 2,
                "Inner Unique": false,
                "Join Filter": "(t.id = mk.movie_id)",
                "Rows Removed by Join Filter": 0,
                "Plans": [
                  {
                    "Node Type": "Hash Join",
                    "Parent Relationship": "Outer",
                    "Parallel Aware": true,
                    "Join Type": "Inner",
                    "Startup Cost": 59786.73,
                    "Total Cost": 79197.22,
                    "Plan Rows": 83,
                    "Plan Width": 8,
                    "Actual Startup Time": 149.209,
                    "Actual Total Time": 163.234,
                    "Actual Rows": 456,
                    "Actual Loops": 2,
                    "Inner Unique": true,
                    "Hash Cond": "(mc.movie_id = t.id)",
                    "Plans": [
                      {
                        "Node Type": "Bitmap Heap Scan",
                        "Parent Relationship": "Outer",
                        "Parallel Aware": true,
                        "Relation Name": "movie_companies",
                        "Alias": "mc",
                        "Startup Cost": 1397.99,
                        "Total Cost": 20759.26,
                        "Plan Rows": 18748,
                        "Plan Width": 4,
                        "Actual Startup Time": 4.117,
                        "Actual Total Time": 15.478,
                        "Actual Rows": 29733,
                        "Actual Loops": 2,
                        "Recheck Cond": "(company_id < 7)",
                        "Rows Removed by Index Recheck": 0,
                        "Filter": "(company_type_id = 1)",
                        "Rows Removed by Filter": 3660,
                        "Exact Heap Blocks": 4659,
                        "Lossy Heap Blocks": 0,
                        "Plans": [
                          {
                            "Node Type": "Bitmap Index Scan",
                            "Parent Relationship": "Outer",
                            "Parallel Aware": false,
                            "Index Name": "company_id_movie_companies",
                            "Startup Cost": 0.0,
                            "Total Cost": 1390.02,
                            "Plan Rows": 64745,
                            "Plan Width": 0,
                            "Actual Startup Time": 3.332,
                            "Actual Total Time": 3.332,
                            "Actual Rows": 66787,
                            "Actual Loops": 1,
                            "Index Cond": "(company_id < 7)"
                          }
                        ]
                      },
                      {
                        "Node Type": "Hash",
                        "Parent Relationship": "Inner",
                        "Parallel Aware": true,
                        "Startup Cost": 58306.47,
                        "Total Cost": 58306.47,
                        "Plan Rows": 6582,
                        "Plan Width": 4,
                        "Actual Startup Time": 143.694,
                        "Actual Total Time": 143.695,
                        "Actual Rows": 5071,
                        "Actual Loops": 2,
                        "Hash Buckets": 16384,
                        "Original Hash Buckets": 16384,
                        "Hash Batches": 1,
                        "Original Hash Batches": 1,
                        "Peak Memory Usage": 576,
                        "Plans": [
                          {
                            "Node Type": "Seq Scan",
                            "Parent Relationship": "Outer",
                            "Parallel Aware": true,
                            "Relation Name": "title",
                            "Alias": "t",
                            "Startup Cost": 0.0,
                            "Total Cost": 58306.47,
                            "Plan Rows": 6582,
                            "Plan Width": 4,
                            "Actual Startup Time": 0.082,
                            "Actual Total Time": 141.666,
                            "Actual Rows": 5071,
                            "Actual Loops": 2,
                            "Filter": "((kind_id > 1) AND (production_year = 1973))",
                            "Rows Removed by Filter": 1259085
                          }
                        ]
                      }
                    ]
                  },
                  {
                    "Node Type": "Index Only Scan",
                    "Parent Relationship": "Inner",
                    "Parallel Aware": false,
                    "Scan Direction": "Forward",
                    "Index Name": "movie_id_movie_keyword",
                    "Relation Name": "movie_keyword",
                    "Alias": "mk",
                    "Startup Cost": 0.43,
                    "Total Cost": 5.93,
                    "Plan Rows": 45,
                    "Plan Width": 4,
                    "Actual Startup Time": 0.003,
                    "Actual Total Time": 0.003,
                    "Actual Rows": 1,
                    "Actual Loops": 912,
                    "Index Cond": "(movie_id = mc.movie_id)",
                    "Rows Removed by Index Recheck": 0,
                    "Heap Fetches": 854
                  }
                ]
              }
            ]
          }
        ]
      }
    ]
  },
  "Planning Time": 1.063,
  "Triggers": [],
  "Execution Time": 185.158
}