[
  {
    "Plan": {
      "Node Type": "Aggregate",
      "Strategy": "Plain",
      "Partial Mode": "Finalize",
      "Parallel Aware": false,
      "Startup Cost": 376282.35,
      "Total Cost": 376282.36,
      "Plan Rows": 1,
      "Plan Width": 8,
      "Actual Startup Time": 471.583,
      "Actual Total Time": 488.972,
      "Actual Rows": 1,
      "Actual Loops": 1,
      "Plans": [
        {
          "Node Type": "Gather",
          "Parent Relationship": "Outer",
          "Parallel Aware": false,
          "Startup Cost": 376281.72,
          "Total Cost": 376282.33,
          "Plan Rows": 6,
          "Plan Width": 8,
          "Actual Startup Time": 465.053,
          "Actual Total Time": 488.964,
          "Actual Rows": 7,
          "Actual Loops": 1,
          "Workers Planned": 6,
          "Workers Launched": 6,
          "Single Copy": false,
          "Plans": [
            {
              "Node Type": "Aggregate",
              "Strategy": "Plain",
              "Partial Mode": "Partial",
              "Parent Relationship": "Outer",
              "Parallel Aware": false,
              "Startup Cost": 375281.72,
              "Total Cost": 375281.73,
              "Plan Rows": 1,
              "Plan Width": 8,
              "Actual Startup Time": 452.045,
              "Actual Total Time": 452.048,
              "Actual Rows": 1,
              "Actual Loops": 7,
              "Plans": [
                {
                  "Node Type": "Hash Join",
                  "Parent Relationship": "Outer",
                  "Parallel Aware": true,
                  "Join Type": "Inner",
                  "Startup Cost": 114246.04,
                  "Total Cost": 375132.62,
                  "Plan Rows": 59640,
                  "Plan Width": 0,
                  "Actual Startup Time": 236.276,
                  "Actual Total Time": 446.546,
                  "Actual Rows": 115587,
                  "Actual Loops": 7,
                  "Inner Unique": true,
                  "Hash Cond": "(ci.movie_id = t.id)",
                  "Plans": [
                    {
                      "Node Type": "Bitmap Heap Scan",
                      "Parent Relationship": "Outer",
                      "Parallel Aware": true,
                      "Relation Name": "cast_info",
                      "Alias": "ci",
                      "Startup Cost": 66710.54,
                      "Total Cost": 326995.63,
                      "Plan Rows": 229141,
                      "Plan Width": 4,
                      "Actual Startup Time": 117.102,
                      "Actual Total Time": 227.672,
                      "Actual Rows": 418757,
                      "Actual Loops": 7,
                      "Recheck Cond": "(person_id > 3513672)",
                      "Rows Removed by Index Recheck": 0,
                      "Filter": "(role_id > 2)",
                      "Rows Removed by Filter": 0,
                      "Exact Heap Blocks": 7369,
                      "Lossy Heap Blocks": 0,
                      "Plans": [
                        {
                          "Node Type": "Bitmap Index Scan",
                          "Parent Relationship": "Outer",
                          "Parallel Aware": false,
                          "Index Name": "person_id_cast_info",
                          "Startup Cost": 0.0,
                          "Total Cost": 66366.83,
                          "Plan Rows": 3039235,
                          "Plan Width": 0,
                          "Actual Startup Time": 110.232,
                          "Actual Total Time": 110.233,
                          "Actual Rows": 2931296,
                          "Actual Loops": 1,
                          "Index Cond": "(person_id > 3513672)"
                        }
                      ]
                    },
                    {
                      "Node Type": "Hash",
                      "Parent Relationship": "Inner",
                      "Parallel Aware": true,
                      "Startup Cost": 45479.1,
                      "Total Cost": 45479.1,
                      "Plan Rows": 164512,
                      "Plan Width": 4,
                      "Actual Startup Time": 115.681,
                      "Actual Total Time": 115.682,
                      "Actual Rows": 79366,
                      "Actual Loops": 7,
                      "Hash Buckets": 1048576,
                      "Original Hash Buckets": 1048576,
                      "Hash Batches": 1,
                      "Original Hash Batches": 1,
                      "Peak Memory Usage": 30080,
                      "Plans": [
                        {
                          "Node Type": "Seq Scan",
                          "Parent Relationship": "Outer",
                          "Parallel Aware": true,
                          "Relation Name": "title",
                          "Alias": "t",
                          "Startup Cost": 0.0,
                          "Total Cost": 45479.1,
                          "Plan Rows": 164512,
                          "Plan Width": 4,
                          "Actual Startup Time": 0.051,
                          "Actual Total Time": 77.61,
                          "Actual Rows": 79366,
                          "Actual Loops": 7,
                          "Filter": "((kind_id < 7) AND (production_year > 1993))",
                          "Rows Removed by Filter": 281822
                        }
                      ]
                    }
                  ]
                }
              ]
            }
          ]
        }
      ]
    },
    "Planning Time": 0.684,
    "Triggers": [],
    "Execution Time": 489.073
  }
]