[
  {
    "Plan": {
      "Node Type": "Aggregate",
      "Strategy": "Plain",
      "Partial Mode": "Finalize",
      "Parallel Aware": false,
      "Startup Cost": 59570.92,
      "Total Cost": 59570.93,
      "Plan Rows": 1,
      "Plan Width": 8,
      "Actual Startup Time": 94.332,
      "Actual Total Time": 108.396,
      "Actual Rows": 1,
      "Actual Loops": 1,
      "Plans": [
        {
          "Node Type": "Gather",
          "Parent Relationship": "Outer",
          "Parallel Aware": false,
          "Startup Cost": 59570.5,
          "Total Cost": 59570.91,
          "Plan Rows": 4,
          "Plan Width": 8,
          "Actual Startup Time": 94.077,
          "Actual Total Time": 108.386,
          "Actual Rows": 5,
          "Actual Loops": 1,
          "Workers Planned": 4,
          "Workers Launched": 4,
          "Single Copy": false,
          "Plans": [
            {
              "Node Type": "Aggregate",
              "Strategy": "Plain",
              "Partial Mode": "Partial",
              "Parent Relationship": "Outer",
              "Parallel Aware": false,
              "Startup Cost": 58570.5,
              "Total Cost": 58570.51,
              "Plan Rows": 1,
              "Plan Width": 8,
              "Actual Startup Time": 87.077,
              "Actual Total Time": 87.079,
              "Actual Rows": 1,
              "Actual Loops": 5,
              "Plans": [
                {
                  "Node Type": "Nested Loop",
                  "Parent Relationship": "Outer",
                  "Parallel Aware": false,
                  "Join Type": "Inner",
                  "Startup Cost": 0.43,
                  "Total Cost": 58563.83,
                  "Plan Rows": 2667,
                  "Plan Width": 0,
                  "Actual Startup Time": 2.206,
                  "Actual Total Time": 87.015,
                  "Actual Rows": 749,
                  "Actual Loops": 5,
                  "Inner Unique": false,
                  "Plans": [
                    {
                      "Node Type": "Seq Scan",
                      "Parent Relationship": "Outer",
                      "Parallel Aware": true,
                      "Relation Name": "title",
                      "Alias": "t",
                      "Startup Cost": 0.0,
                      "Total Cost": 45479.59,
                      "Plan Rows": 1490,
                      "Plan Width": 4,
                      "Actual Startup Time": 0.279,
                      "Actual Total Time": 81.481,
                      "Actual Rows": 938,
                      "Actual Loops": 5,
                      "Filter": "((kind_id = 7) AND (production_year = 1955))",
                      "Rows Removed by Filter": 504724
                    },
                    {
                      "Node Type": "Index Only Scan",
                      "Parent Relationship": "Inner",
                      "Parallel Aware": false,
                      "Scan Direction": "Forward",
                      "Index Name": "movie_id_movie_keyword",
                      "Relation Name": "movie_keyword",
                      "Alias": "mk",
                      "Startup Cost": 0.43,
                      "Total Cost": 8.32,
                      "Plan Rows": 46,
                      "Plan Width": 4,
                      "Actual Startup Time": 0.005,
                      "Actual Total Time": 0.005,
                      "Actual Rows": 1,
                      "Actual Loops": 4691,
                      "Index Cond": "(movie_id = t.id)",
                      "Rows Removed by Index Recheck": 0,
                      "Heap Fetches": 3746
                    }
                  ]
                }
              ]
            }
          ]
        }
      ]
    },
    "Planning Time": 0.606,
    "Triggers": [],
    "Execution Time": 108.465
  }
]