{
  "Plan": {
    "Node Type": "Aggregate",
    "Strategy": "Plain",
    "Partial Mode": "Finalize",
    "Parallel Aware": false,
    "Startup Cost": 317192.97,
    "Total Cost": 317192.98,
    "Plan Rows": 1,
    "Plan Width": 128,
    "Actual Startup Time": 3698.123,
    "Actual Total Time": 3746.583,
    "Actual Rows": 1,
    "Actual Loops": 1,
    "Plans": [
      {
        "Node Type": "Gather",
        "Parent Relationship": "Outer",
        "Parallel Aware": false,
        "Startup Cost": 317192.85,
        "Total Cost": 317192.96,
        "Plan Rows": 1,
        "Plan Width": 128,
        "Actual Startup Time": 3585.831,
        "Actual Total Time": 3746.549,
        "Actual Rows": 2,
        "Actual Loops": 1,
        "Workers Planned": 1,
        "Workers Launched": 1,
        "Single Copy": false,
        "Plans": [
          {
            "Node Type": "Aggregate",
            "Strategy": "Plain",
            "Partial Mode": "Partial",
            "Parent Relationship": "Outer",
            "Parallel Aware": false,
            "Startup Cost": 316192.85,
            "Total Cost": 316192.86,
            "Plan Rows": 1,
            "Plan Width": 128,
            "Actual Startup Time": 3630.673,
            "Actual Total Time": 3630.694,
            "Actual Rows": 1,
            "Actual Loops": 2,
            "Plans": [
              {
                "Node Type": "Nested Loop",
                "Parent Relationship": "Outer",
                "Parallel Aware": false,
                "Join Type": "Inner",
                "Startup Cost": 277006.68,
                "Total Cost": 316191.81,
                "Plan Rows": 104,
                "Plan Width": 64,
                "Actual Startup Time": 2432.12,
                "Actual Total Time": 3628.469,
                "Actual Rows": 10646,
                "Actual Loops": 2,
                "Inner Unique": false,
                "Join Filter": "(n.id = an.person_id)",
                "Rows Removed by Join Filter": 0,
                "Plans": [
                  {
                    "Node Type": "Nested Loop",
                    "Parent Relationship": "Outer",
                    "Parallel Aware": false,
                    "Join Type": "Inner",
                    "Startup Cost": 277006.26,
                    "Total Cost": 315950.59,
                    "Plan Rows": 482,
                    "Plan Width": 56,
                    "Actual Startup Time": 2431.941,
                    "Actual Total Time": 3597.2,
                    "Actual Rows": 9662,
                    "Actual Loops": 2,
                    "Inner Unique": true,
                    "Plans": [
                      {
                        "Node Type": "Nested Loop",
                        "Parent Relationship": "Outer",
                        "Parallel Aware": false,
                        "Join Type": "Inner",
                        "Startup Cost": 277005.83,
                        "Total Cost": 315710.61,
                        "Plan Rows": 482,
                        "Plan Width": 44,
                        "Actual Startup Time": 2431.897,
                        "Actual Total Time": 3545.678,
                        "Actual Rows": 10186,
                        "Actual Loops": 2,
                        "Inner Unique": true,
                        "Plans": [
                          {
                            "Node Type": "Merge Join",
                            "Parent Relationship": "Outer",
                            "Parallel Aware": false,
                            "Join Type": "Inner",
                            "Startup Cost": 277005.4,
                            "Total Cost": 279083.93,
                            "Plan Rows": 69488,
                            "Plan Width": 25,
                            "Actual Startup Time": 2431.368,
                            "Actual Total Time": 2643.863,
                            "Actual Rows": 325152,
                            "Actual Loops": 2,
                            "Inner Unique": true,
                            "Merge Cond": "(mc.company_id = cn.id)",
                            "Plans": [
                              {
                                "Node Type": "Sort",
                                "Parent Relationship": "Outer",
                                "Parallel Aware": false,
                                "Startup Cost": 264092.72,
                                "Total Cost": 264571.69,
                                "Plan Rows": 191586,
                                "Plan Width": 29,
                                "Actual Startup Time": 2376.291,
                                "Actual Total Time": 2479.143,
                                "Actual Rows": 730574,
                                "Actual Loops": 2,
                                "Sort Key": [
                                  "mc.company_id"
                                ],
                                "Sort Method": "quicksort",
                                "Sort Space Used": 87307,
                                "Sort Space Type": "Memory",
                                "Workers": [
                                  {
                                    "Worker Number": 0,
                                    "Sort Method": "quicksort",
                                    "Sort Space Used": 80407,
                                    "Sort Space Type": "Memory"
                                  }
                                ],
                                "Plans": [
                                  {
                                    "Node Type": "Hash Join",
                                    "Parent Relationship": "Outer",
                                    "Parallel Aware": true,
                                    "Join Type": "Inner",
                                    "Startup Cost": 202774.74,
                                    "Total Cost": 247283.32,
                                    "Plan Rows": 191586,
                                    "Plan Width": 29,
                                    "Actual Startup Time": 1719.378,
                                    "Actual Total Time": 2175.063,
                                    "Actual Rows": 730574,
                                    "Actual Loops": 2,
                                    "Inner Unique": false,
                                    "Hash Cond": "(mc.movie_id = ci.movie_id)",
                                    "Plans": [
                                      {
                                        "Node Type": "Seq Scan",
                                        "Parent Relationship": "Outer",
                                        "Parallel Aware": true,
                                        "Relation Name": "movie_companies",
                                        "Alias": "mc",
                                        "Startup Cost": 0.0,
                                        "Total Cost": 34137.82,
                                        "Plan Rows": 1534782,
                                        "Plan Width": 8,
                                        "Actual Startup Time": 0.013,
                                        "Actual Total Time": 126.427,
                                        "Actual Rows": 1304564,
                                        "Actual Loops": 2
                                      },
                                      {
                                        "Node Type": "Hash",
                                        "Parent Relationship": "Inner",
                                        "Parallel Aware": true,
                                        "Startup Cost": 200454.19,
                                        "Total Cost": 200454.19,
                                        "Plan Rows": 185644,
                                        "Plan Width": 33,
                                        "Actual Startup Time": 1713.945,
                                        "Actual Total Time": 1713.952,
                                        "Actual Rows": 195247,
                                        "Actual Loops": 2,
                                        "Hash Buckets": 524288,
                                        "Original Hash Buckets": 524288,
                                        "Hash Batches": 1,
                                        "Original Hash Batches": 1,
                                        "Peak Memory Usage": 31776,
                                        "Plans": [
                                          {
                                            "Node Type": "Hash Join",
                                            "Parent Relationship": "Outer",
                                            "Parallel Aware": false,
                                            "Join Type": "Inner",
                                            "Startup Cost": 138433.16,
                                            "Total Cost": 200454.19,
                                            "Plan Rows": 185644,
                                            "Plan Width": 33,
                                            "Actual Startup Time": 1160.662,
                                            "Actual Total Time": 1650.127,
                                            "Actual Rows": 195247,
                                            "Actual Loops": 2,
                                            "Inner Unique": false,
                                            "Hash Cond": "(t.id = ci.movie_id)",
                                            "Plans": [
                                              {
                                                "Node Type": "Seq Scan",
                                                "Parent Relationship": "Outer",
                                                "Parallel Aware": true,
                                                "Relation Name": "title",
                                                "Alias": "t",
                                                "Startup Cost": 0.0,
                                                "Total Cost": 50869.75,
                                                "Plan Rows": 1487175,
                                                "Plan Width": 21,
                                                "Actual Startup Time": 0.027,
                                                "Actual Total Time": 135.571,
                                                "Actual Rows": 1264156,
                                                "Actual Loops": 2
                                              },
                                              {
                                                "Node Type": "Hash",
                                                "Parent Relationship": "Inner",
                                                "Parallel Aware": false,
                                                "Startup Cost": 134488.24,
                                                "Total Cost": 134488.24,
                                                "Plan Rows": 315594,
                                                "Plan Width": 12,
                                                "Actual Startup Time": 1157.111,
                                                "Actual Total Time": 1157.115,
                                                "Actual Rows": 390494,
                                                "Actual Loops": 2,
                                                "Hash Buckets": 524288,
                                                "Original Hash Buckets": 524288,
                                                "Hash Batches": 1,
                                                "Original Hash Batches": 1,
                                                "Peak Memory Usage": 20763,
                                                "Plans": [
                                                  {
                                                    "Node Type": "Nested Loop",
                                                    "Parent Relationship": "Outer",
                                                    "Parallel Aware": false,
                                                    "Join Type": "Inner",
                                                    "Startup Cost": 0.56,
                                                    "Total Cost": 134488.24,
                                                    "Plan Rows": 315594,
                                                    "Plan Width": 12,
                                                    "Actual Startup Time": 0.216,
                                                    "Actual Total Time": 1055.219,
                                                    "Actual Rows": 390494,
                                                    "Actual Loops": 2,
                                                    "Inner Unique": false,
                                                    "Plans": [
                                                      {
                                                        "Node Type": "Seq Scan",
                                                        "Parent Relationship": "Outer",
                                                        "Parallel Aware": false,
                                                        "Relation Name": "role_type",
                                                        "Alias": "rt",
                                                        "Startup Cost": 0.0,
                                                        "Total Cost": 1.15,
                                                        "Plan Rows": 1,
                                                        "Plan Width": 4,
                                                        "Actual Startup Time": 0.043,
                                                        "Actual Total Time": 0.048,
                                                        "Actual Rows": 1,
                                                        "Actual Loops": 2,
                                                        "Filter": "((role)::text = 'actress'::text)",
                                                        "Rows Removed by Filter": 11
                                                      },
                                                      {
                                                        "Node Type": "Index Scan",
                                                        "Parent Relationship": "Inner",
                                                        "Parallel Aware": false,
                                                        "Scan Direction": "Forward",
                                                        "Index Name": "role_id_cast_info",
                                                        "Relation Name": "cast_info",
                                                        "Alias": "ci",
                                                        "Startup Cost": 0.56,
                                                        "Total Cost": 131044.24,
                                                        "Plan Rows": 344285,
                                                        "Plan Width": 16,
                                                        "Actual Startup Time": 0.161,
                                                        "Actual Total Time": 1021.967,
                                                        "Actual Rows": 390494,
                                                        "Actual Loops": 2,
                                                        "Index Cond": "(role_id = rt.id)",
                                                        "Rows Removed by Index Recheck": 0,
                                                        "Filter": "(note = ANY ('{(uncredited),(voice),(producer),\"(executive producer)\"}'::text[]))",
                                                        "Rows Removed by Filter": 7061479
                                                      }
                                                    ]
                                                  }
                                                ]
                                              }
                                            ]
                                          }
                                        ]
                                      }
                                    ]
                                  }
                                ]
                              },
                              {
                                "Node Type": "Sort",
                                "Parent Relationship": "Inner",
                                "Parallel Aware": false,
                                "Startup Cost": 12912.67,
                                "Total Cost": 13125.75,
                                "Plan Rows": 85233,
                                "Plan Width": 4,
                                "Actual Startup Time": 55.062,
                                "Actual Total Time": 68.897,
                                "Actual Rows": 84843,
                                "Actual Loops": 2,
                                "Sort Key": [
                                  "cn.id"
                                ],
                                "Sort Method": "quicksort",
                                "Sort Space Used": 7050,
                                "Sort Space Type": "Memory",
                                "Workers": [
                                  {
                                    "Worker Number": 0,
                                    "Sort Method": "quicksort",
                                    "Sort Space Used": 7050,
                                    "Sort Space Type": "Memory"
                                  }
                                ],
                                "Plans": [
                                  {
                                    "Node Type": "Seq Scan",
                                    "Parent Relationship": "Outer",
                                    "Parallel Aware": false,
                                    "Relation Name": "company_name",
                                    "Alias": "cn",
                                    "Startup Cost": 0.0,
                                    "Total Cost": 5932.46,
                                    "Plan Rows": 85233,
                                    "Plan Width": 4,
                                    "Actual Startup Time": 0.054,
                                    "Actual Total Time": 33.24,
                                    "Actual Rows": 84843,
                                    "Actual Loops": 2,
                                    "Filter": "((country_code)::text = '[us]'::text)",
                                    "Rows Removed by Filter": 150154
                                  }
                                ]
                              }
                            ]
                          },
                          {
                            "Node Type": "Index Scan",
                            "Parent Relationship": "Inner",
                            "Parallel Aware": false,
                            "Scan Direction": "Forward",
                            "Index Name": "name_pkey",
                            "Relation Name": "name",
                            "Alias": "n",
                            "Startup Cost": 0.43,
                            "Total Cost": 0.53,
                            "Plan Rows": 1,
                            "Plan Width": 19,
                            "Actual Startup Time": 0.003,
                            "Actual Total Time": 0.003,
                            "Actual Rows": 0,
                            "Actual Loops": 650303,
                            "Index Cond": "(id = ci.person_id)",
                            "Rows Removed by Index Recheck": 0,
                            "Filter": "((name ~~ '%Jo%'::text) AND ((gender)::text = 'f'::text))",
                            "Rows Removed by Filter": 1
                          }
                        ]
                      },
                      {
                        "Node Type": "Index Scan",
                        "Parent Relationship": "Inner",
                        "Parallel Aware": false,
                        "Scan Direction": "Forward",
                        "Index Name": "char_name_pkey",
                        "Relation Name": "char_name",
                        "Alias": "chn",
                        "Startup Cost": 0.43,
                        "Total Cost": 0.5,
                        "Plan Rows": 1,
                        "Plan Width": 20,
                        "Actual Startup Time": 0.005,
                        "Actual Total Time": 0.005,
                        "Actual Rows": 1,
                        "Actual Loops": 20371,
                        "Index Cond": "(id = ci.person_role_id)",
                        "Rows Removed by Index Recheck": 0
                      }
                    ]
                  },
                  {
                    "Node Type": "Index Scan",
                    "Parent Relationship": "Inner",
                    "Parallel Aware": false,
                    "Scan Direction": "Forward",
                    "Index Name": "person_id_aka_name",
                    "Relation Name": "aka_name",
                    "Alias": "an",
                    "Startup Cost": 0.42,
                    "Total Cost": 0.48,
                    "Plan Rows": 2,
                    "Plan Width": 20,
                    "Actual Startup Time": 0.003,
                    "Actual Total Time": 0.003,
                    "Actual Rows": 1,
                    "Actual Loops": 19323,
                    "Index Cond": "(person_id = ci.person_id)",
                    "Rows Removed by Index Recheck": 0
                  }
                ]
              }
            ]
          }
        ]
      }
    ]
  },
  "Planning Time": 2.307,
  "Triggers": [],
  "Execution Time": 3747.076
}