{
  "Plan": {
    "Node Type": "Aggregate",
    "Strategy": "Plain",
    "Partial Mode": "Simple",
    "Parallel Aware": false,
    "Startup Cost": 466500.51,
    "Total Cost": 466500.52,
    "Plan Rows": 1,
    "Plan Width": 64,
    "Actual Startup Time": 11441.508,
    "Actual Total Time": 11441.515,
    "Actual Rows": 1,
    "Actual Loops": 1,
    "Plans": [
      {
        "Node Type": "Nested Loop",
        "Parent Relationship": "Outer",
        "Parallel Aware": false,
        "Join Type": "Inner",
        "Startup Cost": 178275.21,
        "Total Cost": 466130.33,
        "Plan Rows": 74037,
        "Plan Width": 33,
        "Actual Startup Time": 7097.761,
        "Actual Total Time": 11401.591,
        "Actual Rows": 461406,
        "Actual Loops": 1,
        "Inner Unique": false,
        "Join Filter": "(ci.role_id = rt.id)",
        "Rows Removed by Join Filter": 2735023,
        "Plans": [
          {
            "Node Type": "Seq Scan",
            "Parent Relationship": "Outer",
            "Parallel Aware": false,
            "Relation Name": "role_type",
            "Alias": "rt",
            "Startup Cost": 0.0,
            "Total Cost": 1.15,
            "Plan Rows": 1,
            "Plan Width": 4,
            "Actual Startup Time": 0.023,
            "Actual Total Time": 0.029,
            "Actual Rows": 1,
            "Actual Loops": 1,
            "Filter": "((role)::text = 'actress'::text)",
            "Rows Removed by Filter": 11
          },
          {
            "Node Type": "Merge Join",
            "Parent Relationship": "Inner",
            "Parallel Aware": false,
            "Join Type": "Inner",
            "Startup Cost": 178275.21,
            "Total Cost": 455023.58,
            "Plan Rows": 888448,
            "Plan Width": 37,
            "Actual Startup Time": 7036.783,
            "Actual Total Time": 11215.287,
            "Actual Rows": 3196429,
            "Actual Loops": 1,
            "Inner Unique": true,
            "Merge Cond": "(an1.person_id = n1.id)",
            "Plans": [
              {
                "Node Type": "Merge Join",
                "Parent Relationship": "Outer",
                "Parallel Aware": false,
                "Join Type": "Inner",
                "Startup Cost": 178274.64,
                "Total Cost": 255326.93,
                "Plan Rows": 888448,
                "Plan Width": 45,
                "Actual Startup Time": 7036.653,
                "Actual Total Time": 9112.41,
                "Actual Rows": 3196429,
                "Actual Loops": 1,
                "Inner Unique": false,
                "Merge Cond": "(an1.person_id = ci.person_id)",
                "Plans": [
                  {
                    "Node Type": "Index Scan",
                    "Parent Relationship": "Outer",
                    "Parallel Aware": false,
                    "Scan Direction": "Forward",
                    "Index Name": "person_id_aka_name",
                    "Relation Name": "aka_name",
                    "Alias": "an1",
                    "Startup Cost": 0.42,
                    "Total Cost": 71995.9,
                    "Plan Rows": 901343,
                    "Plan Width": 20,
                    "Actual Startup Time": 0.018,
                    "Actual Total Time": 311.761,
                    "Actual Rows": 772578,
                    "Actual Loops": 1
                  },
                  {
                    "Node Type": "Sort",
                    "Parent Relationship": "Inner",
                    "Parallel Aware": false,
                    "Startup Cost": 178272.32,
                    "Total Cost": 179198.0,
                    "Plan Rows": 370270,
                    "Plan Width": 25,
                    "Actual Startup Time": 7036.584,
                    "Actual Total Time": 7975.107,
                    "Actual Rows": 5066428,
                    "Actual Loops": 1,
                    "Sort Key": [
                      "ci.person_id"
                    ],
                    "Sort Method": "quicksort",
                    "Sort Space Used": 359904,
                    "Sort Space Type": "Memory",
                    "Plans": [
                      {
                        "Node Type": "Nested Loop",
                        "Parent Relationship": "Outer",
                        "Parallel Aware": false,
                        "Join Type": "Inner",
                        "Startup Cost": 1.42,
                        "Total Cost": 144025.65,
                        "Plan Rows": 370270,
                        "Plan Width": 25,
                        "Actual Startup Time": 0.148,
                        "Actual Total Time": 5232.988,
                        "Actual Rows": 3452331,
                        "Actual Loops": 1,
                        "Inner Unique": false,
                        "Plans": [
                          {
                            "Node Type": "Nested Loop",
                            "Parent Relationship": "Outer",
                            "Parallel Aware": false,
                            "Join Type": "Inner",
                            "Startup Cost": 0.86,
                            "Total Cost": 88939.25,
                            "Plan Rows": 25825,
                            "Plan Width": 25,
                            "Actual Startup Time": 0.087,
                            "Actual Total Time": 394.542,
                            "Actual Rows": 56410,
                            "Actual Loops": 1,
                            "Inner Unique": true,
                            "Plans": [
                              {
                                "Node Type": "Nested Loop",
                                "Parent Relationship": "Outer",
                                "Parallel Aware": false,
                                "Join Type": "Inner",
                                "Startup Cost": 0.43,
                                "Total Cost": 75600.89,
                                "Plan Rows": 25825,
                                "Plan Width": 4,
                                "Actual Startup Time": 0.064,
                                "Actual Total Time": 116.819,
                                "Actual Rows": 56410,
                                "Actual Loops": 1,
                                "Inner Unique": false,
                                "Plans": [
                                  {
                                    "Node Type": "Seq Scan",
                                    "Parent Relationship": "Outer",
                                    "Parallel Aware": false,
                                    "Relation Name": "company_name",
                                    "Alias": "cn",
                                    "Startup Cost": 0.0,
                                    "Total Cost": 5932.46,
                                    "Plan Rows": 2326,
                                    "Plan Width": 4,
                                    "Actual Startup Time": 0.033,
                                    "Actual Total Time": 23.992,
                                    "Actual Rows": 2340,
                                    "Actual Loops": 1,
                                    "Filter": "((country_code)::text = '[nl]'::text)",
                                    "Rows Removed by Filter": 232657
                                  },
                                  {
                                    "Node Type": "Index Scan",
                                    "Parent Relationship": "Inner",
                                    "Parallel Aware": false,
                                    "Scan Direction": "Forward",
                                    "Index Name": "company_id_movie_companies",
                                    "Relation Name": "movie_companies",
                                    "Alias": "mc",
                                    "Startup Cost": 0.43,
                                    "Total Cost": 28.63,
                                    "Plan Rows": 132,
                                    "Plan Width": 8,
                                    "Actual Startup Time": 0.008,
                                    "Actual Total Time": 0.036,
                                    "Actual Rows": 24,
                                    "Actual Loops": 2340,
                                    "Index Cond": "(company_id = cn.id)",
                                    "Rows Removed by Index Recheck": 0
                                  }
                                ]
                              },
                              {
                                "Node Type": "Index Scan",
                                "Parent Relationship": "Inner",
                                "Parallel Aware": false,
                                "Scan Direction": "Forward",
                                "Index Name": "title_pkey",
                                "Relation Name": "title",
                                "Alias": "t",
                                "Startup Cost": 0.43,
                                "Total Cost": 0.52,
                                "Plan Rows": 1,
                                "Plan Width": 21,
                                "Actual Startup Time": 0.004,
                                "Actual Total Time": 0.004,
                                "Actual Rows": 1,
                                "Actual Loops": 56410,
                                "Index Cond": "(id = mc.movie_id)",
                                "Rows Removed by Index Recheck": 0
                              }
                            ]
                          },
                          {
                            "Node Type": "Index Scan",
                            "Parent Relationship": "Inner",
                            "Parallel Aware": false,
                            "Scan Direction": "Forward",
                            "Index Name": "movie_id_cast_info",
                            "Relation Name": "cast_info",
                            "Alias": "ci",
                            "Startup Cost": 0.56,
                            "Total Cost": 1.78,
                            "Plan Rows": 35,
                            "Plan Width": 12,
                            "Actual Startup Time": 0.006,
                            "Actual Total Time": 0.078,
                            "Actual Rows": 61,
                            "Actual Loops": 56410,
                            "Index Cond": "(movie_id = t.id)",
                            "Rows Removed by Index Recheck": 0
                          }
                        ]
                      }
                    ]
                  }
                ]
              },
              {
                "Node Type": "Index Only Scan",
                "Parent Relationship": "Inner",
                "Parallel Aware": false,
                "Scan Direction": "Forward",
                "Index Name": "name_pkey",
                "Relation Name": "name",
                "Alias": "n1",
                "Startup Cost": 0.43,
                "Total Cost": 178174.24,
                "Plan Rows": 4167577,
                "Plan Width": 4,
                "Actual Startup Time": 0.043,
                "Actual Total Time": 1556.623,
                "Actual Rows": 4061901,
                "Actual Loops": 1,
                "Heap Fetches": 4061901
              }
            ]
          }
        ]
      }
    ]
  },
  "Planning Time": 2.24,
  "Triggers": [],
  "Execution Time": 11464.589
}