[
  {
    "Plan": {
      "Node Type": "Aggregate",
      "Strategy": "Plain",
      "Partial Mode": "Finalize",
      "Parallel Aware": false,
      "Startup Cost": 32827.96,
      "Total Cost": 32827.97,
      "Plan Rows": 1,
      "Plan Width": 8,
      "Actual Startup Time": 88.684,
      "Actual Total Time": 97.003,
      "Actual Rows": 1,
      "Actual Loops": 1,
      "Plans": [
        {
          "Node Type": "Gather",
          "Parent Relationship": "Outer",
          "Parallel Aware": false,
          "Startup Cost": 32827.64,
          "Total Cost": 32827.95,
          "Plan Rows": 3,
          "Plan Width": 8,
          "Actual Startup Time": 88.552,
          "Actual Total Time": 96.995,
          "Actual Rows": 4,
          "Actual Loops": 1,
          "Workers Planned": 3,
          "Workers Launched": 3,
          "Single Copy": false,
          "Plans": [
            {
              "Node Type": "Aggregate",
              "Strategy": "Plain",
              "Partial Mode": "Partial",
              "Parent Relationship": "Outer",
              "Parallel Aware": false,
              "Startup Cost": 31827.64,
              "Total Cost": 31827.65,
              "Plan Rows": 1,
              "Plan Width": 8,
              "Actual Startup Time": 80.675,
              "Actual Total Time": 80.676,
              "Actual Rows": 1,
              "Actual Loops": 4,
              "Plans": [
                {
                  "Node Type": "Seq Scan",
                  "Parent Relationship": "Outer",
                  "Parallel Aware": true,
                  "Relation Name": "movie_companies",
                  "Alias": "mc",
                  "Startup Cost": 0.0,
                  "Total Cost": 31414.82,
                  "Plan Rows": 165129,
                  "Plan Width": 0,
                  "Actual Startup Time": 24.178,
                  "Actual Total Time": 77.912,
                  "Actual Rows": 53742,
                  "Actual Loops": 4,
                  "Filter": "((company_id > 14972) AND (company_type_id < 2))",
                  "Rows Removed by Filter": 598540
                }
              ]
            }
          ]
        }
      ]
    },
    "Planning Time": 0.241,
    "Triggers": [],
    "Execution Time": 97.066
  }
]