[
  {
    "Plan": {
      "Node Type": "Aggregate",
      "Strategy": "Plain",
      "Partial Mode": "Finalize",
      "Parallel Aware": false,
      "Startup Cost": 92655.63,
      "Total Cost": 92655.64,
      "Plan Rows": 1,
      "Plan Width": 8,
      "Actual Startup Time": 313.331,
      "Actual Total Time": 330.109,
      "Actual Rows": 1,
      "Actual Loops": 1,
      "Plans": [
        {
          "Node Type": "Gather",
          "Parent Relationship": "Outer",
          "Parallel Aware": false,
          "Startup Cost": 92655.32,
          "Total Cost": 92655.63,
          "Plan Rows": 3,
          "Plan Width": 8,
          "Actual Startup Time": 311.666,
          "Actual Total Time": 330.099,
          "Actual Rows": 4,
          "Actual Loops": 1,
          "Workers Planned": 3,
          "Workers Launched": 3,
          "Single Copy": false,
          "Plans": [
            {
              "Node Type": "Aggregate",
              "Strategy": "Plain",
              "Partial Mode": "Partial",
              "Parent Relationship": "Outer",
              "Parallel Aware": false,
              "Startup Cost": 91655.32,
              "Total Cost": 91655.33,
              "Plan Rows": 1,
              "Plan Width": 8,
              "Actual Startup Time": 306.05,
              "Actual Total Time": 306.053,
              "Actual Rows": 1,
              "Actual Loops": 4,
              "Plans": [
                {
                  "Node Type": "Hash Join",
                  "Parent Relationship": "Outer",
                  "Parallel Aware": true,
                  "Join Type": "Inner",
                  "Startup Cost": 46561.77,
                  "Total Cost": 91378.63,
                  "Plan Rows": 110676,
                  "Plan Width": 0,
                  "Actual Startup Time": 154.514,
                  "Actual Total Time": 299.87,
                  "Actual Rows": 136826,
                  "Actual Loops": 4,
                  "Inner Unique": true,
                  "Hash Cond": "(mk.movie_id = t.id)",
                  "Plans": [
                    {
                      "Node Type": "Seq Scan",
                      "Parent Relationship": "Outer",
                      "Parallel Aware": true,
                      "Relation Name": "movie_keyword",
                      "Alias": "mk",
                      "Startup Cost": 0.0,
                      "Total Cost": 42695.65,
                      "Plan Rows": 808076,
                      "Plan Width": 4,
                      "Actual Startup Time": 0.236,
                      "Actual Total Time": 110.56,
                      "Actual Rows": 625704,
                      "Actual Loops": 4,
                      "Filter": "(keyword_id > 3617)",
                      "Rows Removed by Filter": 505279
                    },
                    {
                      "Node Type": "Hash",
                      "Parent Relationship": "Inner",
                      "Parallel Aware": true,
                      "Startup Cost": 45479.59,
                      "Total Cost": 45479.59,
                      "Plan Rows": 86575,
                      "Plan Width": 4,
                      "Actual Startup Time": 121.12,
                      "Actual Total Time": 121.121,
                      "Actual Rows": 66319,
                      "Actual Loops": 4,
                      "Hash Buckets": 524288,
                      "Original Hash Buckets": 524288,
                      "Hash Batches": 1,
                      "Original Hash Batches": 1,
                      "Peak Memory Usage": 14560,
                      "Plans": [
                        {
                          "Node Type": "Seq Scan",
                          "Parent Relationship": "Outer",
                          "Parallel Aware": true,
                          "Relation Name": "title",
                          "Alias": "t",
                          "Startup Cost": 0.0,
                          "Total Cost": 45479.59,
                          "Plan Rows": 86575,
                          "Plan Width": 4,
                          "Actual Startup Time": 41.713,
                          "Actual Total Time": 97.278,
                          "Actual Rows": 66319,
                          "Actual Loops": 4,
                          "Filter": "((production_year > 2001) AND (kind_id = 1))",
                          "Rows Removed by Filter": 565759
                        }
                      ]
                    }
                  ]
                }
              ]
            }
          ]
        }
      ]
    },
    "Planning Time": 0.157,
    "Triggers": [],
    "Execution Time": 330.135
  }
]