[
  {
    "Plan": {
      "Node Type": "Aggregate",
      "Strategy": "Plain",
      "Partial Mode": "Finalize",
      "Parallel Aware": false,
      "Startup Cost": 346112.89,
      "Total Cost": 346112.9,
      "Plan Rows": 1,
      "Plan Width": 8,
      "Actual Startup Time": 456.645,
      "Actual Total Time": 494.107,
      "Actual Rows": 1,
      "Actual Loops": 1,
      "Plans": [
        {
          "Node Type": "Gather",
          "Parent Relationship": "Outer",
          "Parallel Aware": false,
          "Startup Cost": 346112.27,
          "Total Cost": 346112.88,
          "Plan Rows": 6,
          "Plan Width": 8,
          "Actual Startup Time": 456.33,
          "Actual Total Time": 494.092,
          "Actual Rows": 7,
          "Actual Loops": 1,
          "Workers Planned": 6,
          "Workers Launched": 6,
          "Single Copy": false,
          "Plans": [
            {
              "Node Type": "Aggregate",
              "Strategy": "Plain",
              "Partial Mode": "Partial",
              "Parent Relationship": "Outer",
              "Parallel Aware": false,
              "Startup Cost": 345112.27,
              "Total Cost": 345112.28,
              "Plan Rows": 1,
              "Plan Width": 8,
              "Actual Startup Time": 446.333,
              "Actual Total Time": 446.335,
              "Actual Rows": 1,
              "Actual Loops": 7,
              "Plans": [
                {
                  "Node Type": "Index Scan",
                  "Parent Relationship": "Outer",
                  "Parallel Aware": true,
                  "Scan Direction": "Forward",
                  "Index Name": "role_id_cast_info",
                  "Relation Name": "cast_info",
                  "Alias": "ci",
                  "Startup Cost": 0.56,
                  "Total Cost": 341155.22,
                  "Plan Rows": 1582819,
                  "Plan Width": 0,
                  "Actual Startup Time": 212.821,
                  "Actual Total Time": 404.032,
                  "Actual Rows": 866222,
                  "Actual Loops": 7,
                  "Index Cond": "(role_id < 2)",
                  "Rows Removed by Index Recheck": 0,
                  "Filter": "(person_id > 903374)",
                  "Rows Removed by Filter": 943877
                }
              ]
            }
          ]
        }
      ]
    },
    "Planning Time": 0.241,
    "Triggers": [],
    "Execution Time": 494.179
  }
]