[
  {
    "Plan": {
      "Node Type": "Aggregate",
      "Strategy": "Plain",
      "Partial Mode": "Finalize",
      "Parallel Aware": false,
      "Startup Cost": 340137.54,
      "Total Cost": 340137.55,
      "Plan Rows": 1,
      "Plan Width": 8,
      "Actual Startup Time": 417.717,
      "Actual Total Time": 438.994,
      "Actual Rows": 1,
      "Actual Loops": 1,
      "Plans": [
        {
          "Node Type": "Gather",
          "Parent Relationship": "Outer",
          "Parallel Aware": false,
          "Startup Cost": 340136.91,
          "Total Cost": 340137.52,
          "Plan Rows": 6,
          "Plan Width": 8,
          "Actual Startup Time": 417.583,
          "Actual Total Time": 438.982,
          "Actual Rows": 7,
          "Actual Loops": 1,
          "Workers Planned": 6,
          "Workers Launched": 6,
          "Single Copy": false,
          "Plans": [
            {
              "Node Type": "Aggregate",
              "Strategy": "Plain",
              "Partial Mode": "Partial",
              "Parent Relationship": "Outer",
              "Parallel Aware": false,
              "Startup Cost": 339136.91,
              "Total Cost": 339136.92,
              "Plan Rows": 1,
              "Plan Width": 8,
              "Actual Startup Time": 408.288,
              "Actual Total Time": 408.289,
              "Actual Rows": 1,
              "Actual Loops": 7,
              "Plans": [
                {
                  "Node Type": "Index Scan",
                  "Parent Relationship": "Outer",
                  "Parallel Aware": true,
                  "Scan Direction": "Forward",
                  "Index Name": "role_id_cast_info",
                  "Relation Name": "cast_info",
                  "Alias": "ci",
                  "Startup Cost": 0.56,
                  "Total Cost": 335235.55,
                  "Plan Rows": 1560546,
                  "Plan Width": 0,
                  "Actual Startup Time": 195.809,
                  "Actual Total Time": 370.947,
                  "Actual Rows": 866222,
                  "Actual Loops": 7,
                  "Index Cond": "(role_id < 2)",
                  "Rows Removed by Index Recheck": 0,
                  "Filter": "(person_id > 903374)",
                  "Rows Removed by Filter": 943877
                }
              ]
            }
          ]
        }
      ]
    },
    "Planning Time": 0.239,
    "Triggers": [],
    "Execution Time": 439.066
  }
]