[
    {
        "Bao": {
            "Bao prediction": "NaN",
            "Bao recommended hint": "(no hint)"
        }
    },
    {
        "Plan": {
            "Node Type": "Aggregate",
            "Strategy": "Plain",
            "Partial Mode": "Finalize",
            "Parallel Aware": false,
            "Startup Cost": 346845.47,
            "Total Cost": 346845.48,
            "Plan Rows": 1,
            "Plan Width": 8,
            "Actual Startup Time": 569.471,
            "Actual Total Time": 597.556,
            "Actual Rows": 1,
            "Actual Loops": 1,
            "Output": [
                "count(*)"
            ],
            "Plans": [
                {
                    "Node Type": "Gather",
                    "Parent Relationship": "Outer",
                    "Parallel Aware": false,
                    "Startup Cost": 346844.85,
                    "Total Cost": 346845.46,
                    "Plan Rows": 6,
                    "Plan Width": 8,
                    "Actual Startup Time": 569.312,
                    "Actual Total Time": 597.547,
                    "Actual Rows": 7,
                    "Actual Loops": 1,
                    "Output": [
                        "(PARTIAL count(*))"
                    ],
                    "Workers Planned": 6,
                    "Workers Launched": 6,
                    "Single Copy": false,
                    "Plans": [
                        {
                            "Node Type": "Aggregate",
                            "Strategy": "Plain",
                            "Partial Mode": "Partial",
                            "Parent Relationship": "Outer",
                            "Parallel Aware": false,
                            "Startup Cost": 345844.85,
                            "Total Cost": 345844.86,
                            "Plan Rows": 1,
                            "Plan Width": 8,
                            "Actual Startup Time": 559.77,
                            "Actual Total Time": 559.771,
                            "Actual Rows": 1,
                            "Actual Loops": 7,
                            "Output": [
                                "PARTIAL count(*)"
                            ],
                            "Workers": [
                                {
                                    "Worker Number": 0,
                                    "Actual Startup Time": 557.596,
                                    "Actual Total Time": 557.598,
                                    "Actual Rows": 1,
                                    "Actual Loops": 1
                                },
                                {
                                    "Worker Number": 1,
                                    "Actual Startup Time": 558.037,
                                    "Actual Total Time": 558.038,
                                    "Actual Rows": 1,
                                    "Actual Loops": 1
                                },
                                {
                                    "Worker Number": 2,
                                    "Actual Startup Time": 558.356,
                                    "Actual Total Time": 558.357,
                                    "Actual Rows": 1,
                                    "Actual Loops": 1
                                },
                                {
                                    "Worker Number": 3,
                                    "Actual Startup Time": 558.367,
                                    "Actual Total Time": 558.368,
                                    "Actual Rows": 1,
                                    "Actual Loops": 1
                                },
                                {
                                    "Worker Number": 4,
                                    "Actual Startup Time": 558.49,
                                    "Actual Total Time": 558.491,
                                    "Actual Rows": 1,
                                    "Actual Loops": 1
                                },
                                {
                                    "Worker Number": 5,
                                    "Actual Startup Time": 558.56,
                                    "Actual Total Time": 558.561,
                                    "Actual Rows": 1,
                                    "Actual Loops": 1
                                }
                            ],
                            "Plans": [
                                {
                                    "Node Type": "Seq Scan",
                                    "Parent Relationship": "Outer",
                                    "Parallel Aware": true,
                                    "Relation Name": "cast_info",
                                    "Schema": "public",
                                    "Alias": "ci",
                                    "Startup Cost": 0.0,
                                    "Total Cost": 343318.94,
                                    "Plan Rows": 1010362,
                                    "Plan Width": 0,
                                    "Actual Startup Time": 301.488,
                                    "Actual Total Time": 536.624,
                                    "Actual Rows": 543242,
                                    "Actual Loops": 7,
                                    "Output": [
                                        "id",
                                        "person_id",
                                        "movie_id",
                                        "person_role_id",
                                        "note",
                                        "nr_order",
                                        "role_id"
                                    ],
                                    "Filter": "((ci.person_id < 1349806) AND (ci.role_id > 2))",
                                    "Rows Removed by Filter": 4634522,
                                    "Workers": [
                                        {
                                            "Worker Number": 0,
                                            "Actual Startup Time": 299.324,
                                            "Actual Total Time": 534.701,
                                            "Actual Rows": 524325,
                                            "Actual Loops": 1
                                        },
                                        {
                                            "Worker Number": 1,
                                            "Actual Startup Time": 299.761,
                                            "Actual Total Time": 535.151,
                                            "Actual Rows": 530147,
                                            "Actual Loops": 1
                                        },
                                        {
                                            "Worker Number": 2,
                                            "Actual Startup Time": 300.081,
                                            "Actual Total Time": 535.494,
                                            "Actual Rows": 527479,
                                            "Actual Loops": 1
                                        },
                                        {
                                            "Worker Number": 3,
                                            "Actual Startup Time": 300.071,
                                            "Actual Total Time": 535.552,
                                            "Actual Rows": 525306,
                                            "Actual Loops": 1
                                        },
                                        {
                                            "Worker Number": 4,
                                            "Actual Startup Time": 300.211,
                                            "Actual Total Time": 535.827,
                                            "Actual Rows": 522616,
                                            "Actual Loops": 1
                                        },
                                        {
                                            "Worker Number": 5,
                                            "Actual Startup Time": 300.272,
                                            "Actual Total Time": 537.37,
                                            "Actual Rows": 501741,
                                            "Actual Loops": 1
                                        }
                                    ]
                                }
                            ]
                        }
                    ]
                }
            ]
        },
        "Planning Time": 188.798,
        "Triggers": [],
        "Execution Time": 597.601
    }
]