[
  {
    "Plan": {
      "Node Type": "Aggregate",
      "Strategy": "Plain",
      "Partial Mode": "Finalize",
      "Parallel Aware": false,
      "Startup Cost": 299714.73,
      "Total Cost": 299714.74,
      "Plan Rows": 1,
      "Plan Width": 8,
      "Actual Startup Time": 1882.453,
      "Actual Total Time": 1936.585,
      "Actual Rows": 1,
      "Actual Loops": 1,
      "Plans": [
        {
          "Node Type": "Gather",
          "Parent Relationship": "Outer",
          "Parallel Aware": false,
          "Startup Cost": 299714.42,
          "Total Cost": 299714.73,
          "Plan Rows": 3,
          "Plan Width": 8,
          "Actual Startup Time": 1873.741,
          "Actual Total Time": 1936.577,
          "Actual Rows": 4,
          "Actual Loops": 1,
          "Workers Planned": 3,
          "Workers Launched": 3,
          "Single Copy": false,
          "Plans": [
            {
              "Node Type": "Aggregate",
              "Strategy": "Plain",
              "Partial Mode": "Partial",
              "Parent Relationship": "Outer",
              "Parallel Aware": false,
              "Startup Cost": 298714.42,
              "Total Cost": 298714.43,
              "Plan Rows": 1,
              "Plan Width": 8,
              "Actual Startup Time": 1860.294,
              "Actual Total Time": 1860.299,
              "Actual Rows": 1,
              "Actual Loops": 4,
              "Plans": [
                {
                  "Node Type": "Hash Join",
                  "Parent Relationship": "Outer",
                  "Parallel Aware": true,
                  "Join Type": "Inner",
                  "Startup Cost": 251445.99,
                  "Total Cost": 297187.41,
                  "Plan Rows": 610804,
                  "Plan Width": 0,
                  "Actual Startup Time": 813.348,
                  "Actual Total Time": 1543.022,
                  "Actual Rows": 8196418,
                  "Actual Loops": 4,
                  "Inner Unique": false,
                  "Hash Cond": "(mk.movie_id = t.id)",
                  "Plans": [
                    {
                      "Node Type": "Seq Scan",
                      "Parent Relationship": "Outer",
                      "Parallel Aware": true,
                      "Relation Name": "movie_keyword",
                      "Alias": "mk",
                      "Startup Cost": 0.0,
                      "Total Cost": 39047.32,
                      "Plan Rows": 1459332,
                      "Plan Width": 4,
                      "Actual Startup Time": 0.033,
                      "Actual Total Time": 83.5,
                      "Actual Rows": 1130982,
                      "Actual Loops": 4
                    },
                    {
                      "Node Type": "Hash",
                      "Parent Relationship": "Inner",
                      "Parallel Aware": true,
                      "Startup Cost": 248800.45,
                      "Total Cost": 248800.45,
                      "Plan Rows": 211643,
                      "Plan Width": 8,
                      "Actual Startup Time": 805.59,
                      "Actual Total Time": 805.594,
                      "Actual Rows": 296904,
                      "Actual Loops": 4,
                      "Hash Buckets": 2097152,
                      "Original Hash Buckets": 2097152,
                      "Hash Batches": 1,
                      "Original Hash Batches": 1,
                      "Peak Memory Usage": 62912,
                      "Plans": [
                        {
                          "Node Type": "Hash Join",
                          "Parent Relationship": "Outer",
                          "Parallel Aware": true,
                          "Join Type": "Inner",
                          "Startup Cost": 48282.55,
                          "Total Cost": 248800.45,
                          "Plan Rows": 211643,
                          "Plan Width": 8,
                          "Actual Startup Time": 262.232,
                          "Actual Total Time": 719.001,
                          "Actual Rows": 296904,
                          "Actual Loops": 4,
                          "Inner Unique": true,
                          "Hash Cond": "(mi.movie_id = t.id)",
                          "Plans": [
                            {
                              "Node Type": "Seq Scan",
                              "Parent Relationship": "Outer",
                              "Parallel Aware": true,
                              "Relation Name": "movie_info",
                              "Alias": "mi",
                              "Startup Cost": 0.0,
                              "Total Cost": 198952.16,
                              "Plan Rows": 596472,
                              "Plan Width": 4,
                              "Actual Startup Time": 91.322,
                              "Actual Total Time": 377.066,
                              "Actual Rows": 759180,
                              "Actual Loops": 4,
                              "Filter": "(info_type_id = 16)",
                              "Rows Removed by Filter": 2949750
                            },
                            {
                              "Node Type": "Hash",
                              "Parent Relationship": "Inner",
                              "Parallel Aware": true,
                              "Startup Cost": 45479.1,
                              "Total Cost": 45479.1,
                              "Plan Rows": 224276,
                              "Plan Width": 4,
                              "Actual Startup Time": 168.899,
                              "Actual Total Time": 168.9,
                              "Actual Rows": 202524,
                              "Actual Loops": 4,
                              "Hash Buckets": 1048576,
                              "Original Hash Buckets": 1048576,
                              "Hash Batches": 1,
                              "Original Hash Batches": 1,
                              "Peak Memory Usage": 39936,
                              "Plans": [
                                {
                                  "Node Type": "Seq Scan",
                                  "Parent Relationship": "Outer",
                                  "Parallel Aware": true,
                                  "Relation Name": "title",
                                  "Alias": "t",
                                  "Startup Cost": 0.0,
                                  "Total Cost": 45479.1,
                                  "Plan Rows": 224276,
                                  "Plan Width": 4,
                                  "Actual Startup Time": 0.038,
                                  "Actual Total Time": 101.502,
                                  "Actual Rows": 202524,
                                  "Actual Loops": 4,
                                  "Filter": "((kind_id < 7) AND (production_year > 1951))",
                                  "Rows Removed by Filter": 429554
                                }
                              ]
                            }
                          ]
                        }
                      ]
                    }
                  ]
                }
              ]
            }
          ]
        }
      ]
    },
    "Planning Time": 1.398,
    "Triggers": [],
    "Execution Time": 1936.674
  }
]