[
  {
    "Plan": {
      "Node Type": "Aggregate",
      "Strategy": "Plain",
      "Partial Mode": "Finalize",
      "Parallel Aware": false,
      "Startup Cost": 32687.76,
      "Total Cost": 32687.77,
      "Plan Rows": 1,
      "Plan Width": 8,
      "Actual Startup Time": 70.391,
      "Actual Total Time": 78.191,
      "Actual Rows": 1,
      "Actual Loops": 1,
      "Plans": [
        {
          "Node Type": "Gather",
          "Parent Relationship": "Outer",
          "Parallel Aware": false,
          "Startup Cost": 32687.44,
          "Total Cost": 32687.75,
          "Plan Rows": 3,
          "Plan Width": 8,
          "Actual Startup Time": 70.275,
          "Actual Total Time": 78.184,
          "Actual Rows": 4,
          "Actual Loops": 1,
          "Workers Planned": 3,
          "Workers Launched": 3,
          "Single Copy": false,
          "Plans": [
            {
              "Node Type": "Aggregate",
              "Strategy": "Plain",
              "Partial Mode": "Partial",
              "Parent Relationship": "Outer",
              "Parallel Aware": false,
              "Startup Cost": 31687.44,
              "Total Cost": 31687.45,
              "Plan Rows": 1,
              "Plan Width": 8,
              "Actual Startup Time": 65.728,
              "Actual Total Time": 65.729,
              "Actual Rows": 1,
              "Actual Loops": 4,
              "Plans": [
                {
                  "Node Type": "Seq Scan",
                  "Parent Relationship": "Outer",
                  "Parallel Aware": true,
                  "Relation Name": "movie_companies",
                  "Alias": "mc",
                  "Startup Cost": 0.0,
                  "Total Cost": 31414.82,
                  "Plan Rows": 109049,
                  "Plan Width": 0,
                  "Actual Startup Time": 25.216,
                  "Actual Total Time": 65.336,
                  "Actual Rows": 7486,
                  "Actual Loops": 4,
                  "Filter": "((company_id > 47789) AND (company_type_id = 1))",
                  "Rows Removed by Filter": 644797
                }
              ]
            }
          ]
        }
      ]
    },
    "Planning Time": 0.062,
    "Triggers": [],
    "Execution Time": 78.214
  }
]