[
  {
    "Plan": {
      "Node Type": "Aggregate",
      "Strategy": "Plain",
      "Partial Mode": "Finalize",
      "Parallel Aware": false,
      "Startup Cost": 331988.12,
      "Total Cost": 331988.13,
      "Plan Rows": 1,
      "Plan Width": 8,
      "Actual Startup Time": 550.774,
      "Actual Total Time": 612.621,
      "Actual Rows": 1,
      "Actual Loops": 1,
      "Plans": [
        {
          "Node Type": "Gather",
          "Parent Relationship": "Outer",
          "Parallel Aware": false,
          "Startup Cost": 331987.49,
          "Total Cost": 331988.1,
          "Plan Rows": 6,
          "Plan Width": 8,
          "Actual Startup Time": 550.674,
          "Actual Total Time": 612.611,
          "Actual Rows": 7,
          "Actual Loops": 1,
          "Workers Planned": 6,
          "Workers Launched": 6,
          "Single Copy": false,
          "Plans": [
            {
              "Node Type": "Aggregate",
              "Strategy": "Plain",
              "Partial Mode": "Partial",
              "Parent Relationship": "Outer",
              "Parallel Aware": false,
              "Startup Cost": 330987.49,
              "Total Cost": 330987.5,
              "Plan Rows": 1,
              "Plan Width": 8,
              "Actual Startup Time": 544.623,
              "Actual Total Time": 544.624,
              "Actual Rows": 1,
              "Actual Loops": 7,
              "Plans": [
                {
                  "Node Type": "Seq Scan",
                  "Parent Relationship": "Outer",
                  "Parallel Aware": true,
                  "Relation Name": "cast_info",
                  "Alias": "ci",
                  "Startup Cost": 0.0,
                  "Total Cost": 328162.03,
                  "Plan Rows": 1130187,
                  "Plan Width": 0,
                  "Actual Startup Time": 316.477,
                  "Actual Total Time": 507.579,
                  "Actual Rows": 945690,
                  "Actual Loops": 7,
                  "Filter": "(person_id > 2997098)",
                  "Rows Removed by Filter": 4232074
                }
              ]
            }
          ]
        }
      ]
    },
    "Planning Time": 0.203,
    "Triggers": [],
    "Execution Time": 612.693
  }
]