[
  {
    "Plan": {
      "Node Type": "Aggregate",
      "Strategy": "Plain",
      "Partial Mode": "Finalize",
      "Parallel Aware": false,
      "Startup Cost": 46492.72,
      "Total Cost": 46492.73,
      "Plan Rows": 1,
      "Plan Width": 8,
      "Actual Startup Time": 95.648,
      "Actual Total Time": 108.431,
      "Actual Rows": 1,
      "Actual Loops": 1,
      "Plans": [
        {
          "Node Type": "Gather",
          "Parent Relationship": "Outer",
          "Parallel Aware": false,
          "Startup Cost": 46492.3,
          "Total Cost": 46492.71,
          "Plan Rows": 4,
          "Plan Width": 8,
          "Actual Startup Time": 95.5,
          "Actual Total Time": 108.422,
          "Actual Rows": 5,
          "Actual Loops": 1,
          "Workers Planned": 4,
          "Workers Launched": 4,
          "Single Copy": false,
          "Plans": [
            {
              "Node Type": "Aggregate",
              "Strategy": "Plain",
              "Partial Mode": "Partial",
              "Parent Relationship": "Outer",
              "Parallel Aware": false,
              "Startup Cost": 45492.3,
              "Total Cost": 45492.31,
              "Plan Rows": 1,
              "Plan Width": 8,
              "Actual Startup Time": 86.163,
              "Actual Total Time": 86.164,
              "Actual Rows": 1,
              "Actual Loops": 5,
              "Plans": [
                {
                  "Node Type": "Seq Scan",
                  "Parent Relationship": "Outer",
                  "Parallel Aware": true,
                  "Relation Name": "title",
                  "Alias": "t",
                  "Startup Cost": 0.0,
                  "Total Cost": 45479.1,
                  "Plan Rows": 5280,
                  "Plan Width": 0,
                  "Actual Startup Time": 0.259,
                  "Actual Total Time": 85.862,
                  "Actual Rows": 3089,
                  "Actual Loops": 5,
                  "Filter": "((kind_id < 4) AND (production_year = 2002))",
                  "Rows Removed by Filter": 502574
                }
              ]
            }
          ]
        }
      ]
    },
    "Planning Time": 0.25,
    "Triggers": [],
    "Execution Time": 108.511
  }
]