{
  "Plan": {
    "Node Type": "Aggregate",
    "Strategy": "Plain",
    "Partial Mode": "Finalize",
    "Parallel Aware": false,
    "Startup Cost": 440183.34,
    "Total Cost": 440183.35,
    "Plan Rows": 1,
    "Plan Width": 8,
    "Actual Startup Time": 5470.949,
    "Actual Total Time": 5526.164,
    "Actual Rows": 1,
    "Actual Loops": 1,
    "Plans": [
      {
        "Node Type": "Gather",
        "Parent Relationship": "Outer",
        "Parallel Aware": false,
        "Startup Cost": 440183.23,
        "Total Cost": 440183.34,
        "Plan Rows": 1,
        "Plan Width": 8,
        "Actual Startup Time": 5464.199,
        "Actual Total Time": 5526.154,
        "Actual Rows": 2,
        "Actual Loops": 1,
        "Workers Planned": 1,
        "Workers Launched": 1,
        "Single Copy": false,
        "Plans": [
          {
            "Node Type": "Aggregate",
            "Strategy": "Plain",
            "Partial Mode": "Partial",
            "Parent Relationship": "Outer",
            "Parallel Aware": false,
            "Startup Cost": 439183.23,
            "Total Cost": 439183.24,
            "Plan Rows": 1,
            "Plan Width": 8,
            "Actual Startup Time": 5458.348,
            "Actual Total Time": 5458.666,
            "Actual Rows": 1,
            "Actual Loops": 2,
            "Plans": [
              {
                "Node Type": "Hash Join",
                "Parent Relationship": "Outer",
                "Parallel Aware": true,
                "Join Type": "Inner",
                "Startup Cost": 129912.39,
                "Total Cost": 430920.61,
                "Plan Rows": 3305047,
                "Plan Width": 0,
                "Actual Startup Time": 891.208,
                "Actual Total Time": 4436.595,
                "Actual Rows": 25941859,
                "Actual Loops": 2,
                "Inner Unique": false,
                "Hash Cond": "(mi.movie_id = t.id)",
                "Plans": [
                  {
                    "Node Type": "Seq Scan",
                    "Parent Relationship": "Outer",
                    "Parallel Aware": true,
                    "Relation Name": "movie_info",
                    "Alias": "mi",
                    "Startup Cost": 0.0,
                    "Total Cost": 248955.74,
                    "Plan Rows": 8696274,
                    "Plan Width": 4,
                    "Actual Startup Time": 0.016,
                    "Actual Total Time": 629.734,
                    "Actual Rows": 7417860,
                    "Actual Loops": 2
                  },
                  {
                    "Node Type": "Hash",
                    "Parent Relationship": "Inner",
                    "Parallel Aware": true,
                    "Startup Cost": 122847.06,
                    "Total Cost": 122847.06,
                    "Plan Rows": 565227,
                    "Plan Width": 8,
                    "Actual Startup Time": 881.123,
                    "Actual Total Time": 881.439,
                    "Actual Rows": 478582,
                    "Actual Loops": 2,
                    "Hash Buckets": 1048576,
                    "Original Hash Buckets": 1048576,
                    "Hash Batches": 1,
                    "Original Hash Batches": 1,
                    "Peak Memory Usage": 45664,
                    "Plans": [
                      {
                        "Node Type": "Hash Join",
                        "Parent Relationship": "Outer",
                        "Parallel Aware": true,
                        "Join Type": "Inner",
                        "Startup Cost": 89844.0,
                        "Total Cost": 122847.06,
                        "Plan Rows": 565227,
                        "Plan Width": 8,
                        "Actual Startup Time": 580.824,
                        "Actual Total Time": 785.41,
                        "Actual Rows": 478582,
                        "Actual Loops": 2,
                        "Inner Unique": true,
                        "Hash Cond": "(mk.movie_id = t.id)",
                        "Plans": [
                          {
                            "Node Type": "Bitmap Heap Scan",
                            "Parent Relationship": "Outer",
                            "Parallel Aware": true,
                            "Relation Name": "movie_keyword",
                            "Alias": "mk",
                            "Startup Cost": 20383.3,
                            "Total Cost": 51902.64,
                            "Plan Rows": 565227,
                            "Plan Width": 4,
                            "Actual Startup Time": 53.266,
                            "Actual Total Time": 143.713,
                            "Actual Rows": 478582,
                            "Actual Loops": 2,
                            "Recheck Cond": "(keyword_id > 19805)",
                            "Rows Removed by Index Recheck": 0,
                            "Exact Heap Blocks": 12821,
                            "Lossy Heap Blocks": 0,
                            "Plans": [
                              {
                                "Node Type": "Bitmap Index Scan",
                                "Parent Relationship": "Outer",
                                "Parallel Aware": false,
                                "Index Name": "keyword_id_movie_keyword",
                                "Startup Cost": 0.0,
                                "Total Cost": 20143.08,
                                "Plan Rows": 960886,
                                "Plan Width": 0,
                                "Actual Startup Time": 49.697,
                                "Actual Total Time": 49.697,
                                "Actual Rows": 957164,
                                "Actual Loops": 1,
                                "Index Cond": "(keyword_id > 19805)"
                              }
                            ]
                          },
                          {
                            "Node Type": "Hash",
                            "Parent Relationship": "Inner",
                            "Parallel Aware": true,
                            "Startup Cost": 50870.31,
                            "Total Cost": 50870.31,
                            "Plan Rows": 1487231,
                            "Plan Width": 4,
                            "Actual Startup Time": 511.98,
                            "Actual Total Time": 511.981,
                            "Actual Rows": 1264156,
                            "Actual Loops": 2,
                            "Hash Buckets": 4194304,
                            "Original Hash Buckets": 4194304,
                            "Hash Batches": 1,
                            "Original Hash Batches": 1,
                            "Peak Memory Usage": 131712,
                            "Plans": [
                              {
                                "Node Type": "Seq Scan",
                                "Parent Relationship": "Outer",
                                "Parallel Aware": true,
                                "Relation Name": "title",
                                "Alias": "t",
                                "Startup Cost": 0.0,
                                "Total Cost": 50870.31,
                                "Plan Rows": 1487231,
                                "Plan Width": 4,
                                "Actual Startup Time": 0.034,
                                "Actual Total Time": 154.227,
                                "Actual Rows": 1264156,
                                "Actual Loops": 2
                              }
                            ]
                          }
                        ]
                      }
                    ]
                  }
                ]
              }
            ]
          }
        ]
      }
    ]
  },
  "Planning Time": 0.837,
  "Triggers": [],
  "Execution Time": 5526.321
}