[
  {
    "Plan": {
      "Node Type": "Aggregate",
      "Strategy": "Plain",
      "Partial Mode": "Finalize",
      "Parallel Aware": false,
      "Startup Cost": 45687.64,
      "Total Cost": 45687.65,
      "Plan Rows": 1,
      "Plan Width": 8,
      "Actual Startup Time": 151.661,
      "Actual Total Time": 160.859,
      "Actual Rows": 1,
      "Actual Loops": 1,
      "Plans": [
        {
          "Node Type": "Gather",
          "Parent Relationship": "Outer",
          "Parallel Aware": false,
          "Startup Cost": 45687.32,
          "Total Cost": 45687.63,
          "Plan Rows": 3,
          "Plan Width": 8,
          "Actual Startup Time": 151.492,
          "Actual Total Time": 160.85,
          "Actual Rows": 4,
          "Actual Loops": 1,
          "Workers Planned": 3,
          "Workers Launched": 3,
          "Single Copy": false,
          "Plans": [
            {
              "Node Type": "Aggregate",
              "Strategy": "Plain",
              "Partial Mode": "Partial",
              "Parent Relationship": "Outer",
              "Parallel Aware": false,
              "Startup Cost": 44687.32,
              "Total Cost": 44687.33,
              "Plan Rows": 1,
              "Plan Width": 8,
              "Actual Startup Time": 146.169,
              "Actual Total Time": 146.17,
              "Actual Rows": 1,
              "Actual Loops": 4,
              "Plans": [
                {
                  "Node Type": "Seq Scan",
                  "Parent Relationship": "Outer",
                  "Parallel Aware": true,
                  "Relation Name": "movie_keyword",
                  "Alias": "mk",
                  "Startup Cost": 0.0,
                  "Total Cost": 42695.65,
                  "Plan Rows": 796666,
                  "Plan Width": 0,
                  "Actual Startup Time": 0.038,
                  "Actual Total Time": 116.365,
                  "Actual Rows": 621068,
                  "Actual Loops": 4,
                  "Filter": "(keyword_id < 6036)",
                  "Rows Removed by Filter": 509914
                }
              ]
            }
          ]
        }
      ]
    },
    "Planning Time": 0.128,
    "Triggers": [],
    "Execution Time": 160.897
  }
]