[
  {
    "Plan": {
      "Node Type": "Aggregate",
      "Strategy": "Plain",
      "Partial Mode": "Finalize",
      "Parallel Aware": false,
      "Startup Cost": 340046.85,
      "Total Cost": 340046.86,
      "Plan Rows": 1,
      "Plan Width": 8,
      "Actual Startup Time": 767.267,
      "Actual Total Time": 810.186,
      "Actual Rows": 1,
      "Actual Loops": 1,
      "Plans": [
        {
          "Node Type": "Gather",
          "Parent Relationship": "Outer",
          "Parallel Aware": false,
          "Startup Cost": 340046.23,
          "Total Cost": 340046.84,
          "Plan Rows": 6,
          "Plan Width": 8,
          "Actual Startup Time": 767.092,
          "Actual Total Time": 810.173,
          "Actual Rows": 7,
          "Actual Loops": 1,
          "Workers Planned": 6,
          "Workers Launched": 6,
          "Single Copy": false,
          "Plans": [
            {
              "Node Type": "Aggregate",
              "Strategy": "Plain",
              "Partial Mode": "Partial",
              "Parent Relationship": "Outer",
              "Parallel Aware": false,
              "Startup Cost": 339046.23,
              "Total Cost": 339046.24,
              "Plan Rows": 1,
              "Plan Width": 8,
              "Actual Startup Time": 761.86,
              "Actual Total Time": 761.861,
              "Actual Rows": 1,
              "Actual Loops": 7,
              "Plans": [
                {
                  "Node Type": "Seq Scan",
                  "Parent Relationship": "Outer",
                  "Parallel Aware": true,
                  "Relation Name": "cast_info",
                  "Alias": "ci",
                  "Startup Cost": 0.0,
                  "Total Cost": 328211.39,
                  "Plan Rows": 4333934,
                  "Plan Width": 0,
                  "Actual Startup Time": 107.142,
                  "Actual Total Time": 590.017,
                  "Actual Rows": 3711316,
                  "Actual Loops": 7,
                  "Filter": "(person_id > 1009870)",
                  "Rows Removed by Filter": 1466447
                }
              ]
            }
          ]
        }
      ]
    },
    "Planning Time": 0.106,
    "Triggers": [],
    "Execution Time": 810.234
  }
]