[
  {
    "Plan": {
      "Node Type": "Aggregate",
      "Strategy": "Plain",
      "Partial Mode": "Finalize",
      "Parallel Aware": false,
      "Startup Cost": 340001.26,
      "Total Cost": 340001.27,
      "Plan Rows": 1,
      "Plan Width": 8,
      "Actual Startup Time": 747.901,
      "Actual Total Time": 803.044,
      "Actual Rows": 1,
      "Actual Loops": 1,
      "Plans": [
        {
          "Node Type": "Gather",
          "Parent Relationship": "Outer",
          "Parallel Aware": false,
          "Startup Cost": 340000.63,
          "Total Cost": 340001.24,
          "Plan Rows": 6,
          "Plan Width": 8,
          "Actual Startup Time": 747.769,
          "Actual Total Time": 803.034,
          "Actual Rows": 7,
          "Actual Loops": 1,
          "Workers Planned": 6,
          "Workers Launched": 6,
          "Single Copy": false,
          "Plans": [
            {
              "Node Type": "Aggregate",
              "Strategy": "Plain",
              "Partial Mode": "Partial",
              "Parent Relationship": "Outer",
              "Parallel Aware": false,
              "Startup Cost": 339000.63,
              "Total Cost": 339000.64,
              "Plan Rows": 1,
              "Plan Width": 8,
              "Actual Startup Time": 741.167,
              "Actual Total Time": 741.168,
              "Actual Rows": 1,
              "Actual Loops": 7,
              "Plans": [
                {
                  "Node Type": "Seq Scan",
                  "Parent Relationship": "Outer",
                  "Parallel Aware": true,
                  "Relation Name": "cast_info",
                  "Alias": "ci",
                  "Startup Cost": 0.0,
                  "Total Cost": 328162.03,
                  "Plan Rows": 4335442,
                  "Plan Width": 0,
                  "Actual Startup Time": 112.621,
                  "Actual Total Time": 595.35,
                  "Actual Rows": 3711316,
                  "Actual Loops": 7,
                  "Filter": "(person_id > 1009870)",
                  "Rows Removed by Filter": 1466447
                }
              ]
            }
          ]
        }
      ]
    },
    "Planning Time": 0.197,
    "Triggers": [],
    "Execution Time": 803.112
  }
]