[
  {
    "Plan": {
      "Node Type": "Aggregate",
      "Strategy": "Plain",
      "Partial Mode": "Finalize",
      "Parallel Aware": false,
      "Startup Cost": 407711.91,
      "Total Cost": 407711.92,
      "Plan Rows": 1,
      "Plan Width": 8,
      "Actual Startup Time": 1468.134,
      "Actual Total Time": 1520.052,
      "Actual Rows": 1,
      "Actual Loops": 1,
      "Plans": [
        {
          "Node Type": "Gather",
          "Parent Relationship": "Outer",
          "Parallel Aware": false,
          "Startup Cost": 407711.29,
          "Total Cost": 407711.9,
          "Plan Rows": 6,
          "Plan Width": 8,
          "Actual Startup Time": 1449.978,
          "Actual Total Time": 1520.038,
          "Actual Rows": 7,
          "Actual Loops": 1,
          "Workers Planned": 6,
          "Workers Launched": 6,
          "Single Copy": false,
          "Plans": [
            {
              "Node Type": "Aggregate",
              "Strategy": "Plain",
              "Partial Mode": "Partial",
              "Parent Relationship": "Outer",
              "Parallel Aware": false,
              "Startup Cost": 406711.29,
              "Total Cost": 406711.3,
              "Plan Rows": 1,
              "Plan Width": 8,
              "Actual Startup Time": 1439.66,
              "Actual Total Time": 1439.96,
              "Actual Rows": 1,
              "Actual Loops": 7,
              "Plans": [
                {
                  "Node Type": "Hash Join",
                  "Parent Relationship": "Outer",
                  "Parallel Aware": true,
                  "Join Type": "Inner",
                  "Startup Cost": 69074.29,
                  "Total Cost": 405329.55,
                  "Plan Rows": 552693,
                  "Plan Width": 0,
                  "Actual Startup Time": 744.771,
                  "Actual Total Time": 1385.344,
                  "Actual Rows": 1052187,
                  "Actual Loops": 7,
                  "Inner Unique": false,
                  "Hash Cond": "(ci.movie_id = t.id)",
                  "Plans": [
                    {
                      "Node Type": "Seq Scan",
                      "Parent Relationship": "Outer",
                      "Parallel Aware": true,
                      "Relation Name": "cast_info",
                      "Alias": "ci",
                      "Startup Cost": 0.0,
                      "Total Cost": 328211.39,
                      "Plan Rows": 1530930,
                      "Plan Width": 4,
                      "Actual Startup Time": 333.216,
                      "Actual Total Time": 600.045,
                      "Actual Rows": 1295619,
                      "Actual Loops": 7,
                      "Filter": "(person_id > 2790512)",
                      "Rows Removed by Filter": 3882144
                    },
                    {
                      "Node Type": "Hash",
                      "Parent Relationship": "Inner",
                      "Parallel Aware": true,
                      "Startup Cost": 64320.11,
                      "Total Cost": 64320.11,
                      "Plan Rows": 380335,
                      "Plan Width": 8,
                      "Actual Startup Time": 408.336,
                      "Actual Total Time": 408.634,
                      "Actual Rows": 152672,
                      "Actual Loops": 7,
                      "Hash Buckets": 2097152,
                      "Original Hash Buckets": 1048576,
                      "Hash Batches": 1,
                      "Original Hash Batches": 1,
                      "Peak Memory Usage": 66528,
                      "Plans": [
                        {
                          "Node Type": "Hash Join",
                          "Parent Relationship": "Outer",
                          "Parallel Aware": true,
                          "Join Type": "Inner",
                          "Startup Cost": 49125.55,
                          "Total Cost": 64320.11,
                          "Plan Rows": 380335,
                          "Plan Width": 8,
                          "Actual Startup Time": 217.343,
                          "Actual Total Time": 301.671,
                          "Actual Rows": 152672,
                          "Actual Loops": 7,
                          "Inner Unique": true,
                          "Hash Cond": "(mi_idx.movie_id = t.id)",
                          "Plans": [
                            {
                              "Node Type": "Seq Scan",
                              "Parent Relationship": "Outer",
                              "Parallel Aware": true,
                              "Relation Name": "movie_info_idx",
                              "Alias": "mi_idx",
                              "Startup Cost": 0.0,
                              "Total Cost": 13685.15,
                              "Plan Rows": 575015,
                              "Plan Width": 4,
                              "Actual Startup Time": 0.017,
                              "Actual Total Time": 23.61,
                              "Actual Rows": 197148,
                              "Actual Loops": 7
                            },
                            {
                              "Node Type": "Hash",
                              "Parent Relationship": "Inner",
                              "Parallel Aware": true,
                              "Startup Cost": 43899.32,
                              "Total Cost": 43899.32,
                              "Plan Rows": 418098,
                              "Plan Width": 4,
                              "Actual Startup Time": 214.488,
                              "Actual Total Time": 214.489,
                              "Actual Rows": 238756,
                              "Actual Loops": 7,
                              "Hash Buckets": 2097152,
                              "Original Hash Buckets": 2097152,
                              "Hash Batches": 1,
                              "Original Hash Batches": 1,
                              "Peak Memory Usage": 81856,
                              "Plans": [
                                {
                                  "Node Type": "Seq Scan",
                                  "Parent Relationship": "Outer",
                                  "Parallel Aware": true,
                                  "Relation Name": "title",
                                  "Alias": "t",
                                  "Startup Cost": 0.0,
                                  "Total Cost": 43899.32,
                                  "Plan Rows": 418098,
                                  "Plan Width": 4,
                                  "Actual Startup Time": 0.05,
                                  "Actual Total Time": 89.059,
                                  "Actual Rows": 238756,
                                  "Actual Loops": 7,
                                  "Filter": "(production_year < 2008)",
                                  "Rows Removed by Filter": 122431
                                }
                              ]
                            }
                          ]
                        }
                      ]
                    }
                  ]
                }
              ]
            }
          ]
        }
      ]
    },
    "Planning Time": 1.259,
    "Triggers": [],
    "Execution Time": 1520.153
  }
]