[
  {
    "Plan": {
      "Node Type": "Aggregate",
      "Strategy": "Plain",
      "Partial Mode": "Finalize",
      "Parallel Aware": false,
      "Startup Cost": 382654.92,
      "Total Cost": 382654.93,
      "Plan Rows": 1,
      "Plan Width": 8,
      "Actual Startup Time": 1293.912,
      "Actual Total Time": 1350.245,
      "Actual Rows": 1,
      "Actual Loops": 1,
      "Plans": [
        {
          "Node Type": "Gather",
          "Parent Relationship": "Outer",
          "Parallel Aware": false,
          "Startup Cost": 382654.3,
          "Total Cost": 382654.91,
          "Plan Rows": 6,
          "Plan Width": 8,
          "Actual Startup Time": 1267.449,
          "Actual Total Time": 1350.223,
          "Actual Rows": 7,
          "Actual Loops": 1,
          "Workers Planned": 6,
          "Workers Launched": 6,
          "Single Copy": false,
          "Plans": [
            {
              "Node Type": "Aggregate",
              "Strategy": "Plain",
              "Partial Mode": "Partial",
              "Parent Relationship": "Outer",
              "Parallel Aware": false,
              "Startup Cost": 381654.3,
              "Total Cost": 381654.31,
              "Plan Rows": 1,
              "Plan Width": 8,
              "Actual Startup Time": 1246.403,
              "Actual Total Time": 1246.408,
              "Actual Rows": 1,
              "Actual Loops": 7,
              "Plans": [
                {
                  "Node Type": "Hash Join",
                  "Parent Relationship": "Outer",
                  "Parallel Aware": true,
                  "Join Type": "Inner",
                  "Startup Cost": 50220.38,
                  "Total Cost": 380082.33,
                  "Plan Rows": 628785,
                  "Plan Width": 0,
                  "Actual Startup Time": 293.852,
                  "Actual Total Time": 1213.334,
                  "Actual Rows": 560419,
                  "Actual Loops": 7,
                  "Inner Unique": true,
                  "Hash Cond": "(ci.movie_id = t.id)",
                  "Plans": [
                    {
                      "Node Type": "Seq Scan",
                      "Parent Relationship": "Outer",
                      "Parallel Aware": true,
                      "Relation Name": "cast_info",
                      "Alias": "ci",
                      "Startup Cost": 0.0,
                      "Total Cost": 328211.39,
                      "Plan Rows": 628785,
                      "Plan Width": 4,
                      "Actual Startup Time": 0.04,
                      "Actual Total Time": 601.738,
                      "Actual Rows": 560419,
                      "Actual Loops": 7,
                      "Filter": "(person_id < 375652)",
                      "Rows Removed by Filter": 4617344
                    },
                    {
                      "Node Type": "Hash",
                      "Parent Relationship": "Inner",
                      "Parallel Aware": true,
                      "Startup Cost": 42319.06,
                      "Total Cost": 42319.06,
                      "Plan Rows": 632106,
                      "Plan Width": 4,
                      "Actual Startup Time": 286.855,
                      "Actual Total Time": 286.856,
                      "Actual Rows": 361187,
                      "Actual Loops": 7,
                      "Hash Buckets": 4194304,
                      "Original Hash Buckets": 4194304,
                      "Hash Batches": 1,
                      "Original Hash Batches": 1,
                      "Peak Memory Usage": 131808,
                      "Plans": [
                        {
                          "Node Type": "Seq Scan",
                          "Parent Relationship": "Outer",
                          "Parallel Aware": true,
                          "Relation Name": "title",
                          "Alias": "t",
                          "Startup Cost": 0.0,
                          "Total Cost": 42319.06,
                          "Plan Rows": 632106,
                          "Plan Width": 4,
                          "Actual Startup Time": 0.051,
                          "Actual Total Time": 86.604,
                          "Actual Rows": 361187,
                          "Actual Loops": 7
                        }
                      ]
                    }
                  ]
                }
              ]
            }
          ]
        }
      ]
    },
    "Planning Time": 0.506,
    "Triggers": [],
    "Execution Time": 1350.329
  }
]