{
  "Plan": {
    "Node Type": "Aggregate",
    "Strategy": "Plain",
    "Partial Mode": "Finalize",
    "Parallel Aware": false,
    "Startup Cost": 114765.31,
    "Total Cost": 114765.32,
    "Plan Rows": 1,
    "Plan Width": 8,
    "Actual Startup Time": 440.845,
    "Actual Total Time": 453.317,
    "Actual Rows": 1,
    "Actual Loops": 1,
    "Plans": [
      {
        "Node Type": "Gather",
        "Parent Relationship": "Outer",
        "Parallel Aware": false,
        "Startup Cost": 114765.2,
        "Total Cost": 114765.31,
        "Plan Rows": 1,
        "Plan Width": 8,
        "Actual Startup Time": 440.086,
        "Actual Total Time": 453.307,
        "Actual Rows": 2,
        "Actual Loops": 1,
        "Workers Planned": 1,
        "Workers Launched": 1,
        "Single Copy": false,
        "Plans": [
          {
            "Node Type": "Aggregate",
            "Strategy": "Plain",
            "Partial Mode": "Partial",
            "Parent Relationship": "Outer",
            "Parallel Aware": false,
            "Startup Cost": 113765.2,
            "Total Cost": 113765.21,
            "Plan Rows": 1,
            "Plan Width": 8,
            "Actual Startup Time": 436.137,
            "Actual Total Time": 436.141,
            "Actual Rows": 1,
            "Actual Loops": 2,
            "Plans": [
              {
                "Node Type": "Hash Join",
                "Parent Relationship": "Outer",
                "Parallel Aware": false,
                "Join Type": "Inner",
                "Startup Cost": 46047.37,
                "Total Cost": 113765.14,
                "Plan Rows": 21,
                "Plan Width": 0,
                "Actual Startup Time": 169.776,
                "Actual Total Time": 436.124,
                "Actual Rows": 11,
                "Actual Loops": 2,
                "Inner Unique": false,
                "Hash Cond": "(t.id = ci.movie_id)",
                "Plans": [
                  {
                    "Node Type": "Hash Join",
                    "Parent Relationship": "Outer",
                    "Parallel Aware": true,
                    "Join Type": "Inner",
                    "Startup Cost": 44983.11,
                    "Total Cost": 105687.94,
                    "Plan Rows": 143851,
                    "Plan Width": 8,
                    "Actual Startup Time": 157.65,
                    "Actual Total Time": 430.586,
                    "Actual Rows": 87142,
                    "Actual Loops": 2,
                    "Inner Unique": false,
                    "Hash Cond": "(t.id = mc.movie_id)",
                    "Plans": [
                      {
                        "Node Type": "Seq Scan",
                        "Parent Relationship": "Outer",
                        "Parallel Aware": true,
                        "Relation Name": "title",
                        "Alias": "t",
                        "Startup Cost": 0.0,
                        "Total Cost": 54588.39,
                        "Plan Rows": 843241,
                        "Plan Width": 4,
                        "Actual Startup Time": 0.012,
                        "Actual Total Time": 145.709,
                        "Actual Rows": 721649,
                        "Actual Loops": 2,
                        "Filter": "(production_year < 2006)",
                        "Rows Removed by Filter": 542507
                      },
                      {
                        "Node Type": "Hash",
                        "Parent Relationship": "Inner",
                        "Parallel Aware": true,
                        "Startup Cost": 41811.73,
                        "Total Cost": 41811.73,
                        "Plan Rows": 253711,
                        "Plan Width": 4,
                        "Actual Startup Time": 152.615,
                        "Actual Total Time": 152.616,
                        "Actual Rows": 123315,
                        "Actual Loops": 2,
                        "Hash Buckets": 524288,
                        "Original Hash Buckets": 524288,
                        "Hash Batches": 1,
                        "Original Hash Batches": 1,
                        "Peak Memory Usage": 13792,
                        "Plans": [
                          {
                            "Node Type": "Seq Scan",
                            "Parent Relationship": "Outer",
                            "Parallel Aware": true,
                            "Relation Name": "movie_companies",
                            "Alias": "mc",
                            "Startup Cost": 0.0,
                            "Total Cost": 41811.73,
                            "Plan Rows": 253711,
                            "Plan Width": 4,
                            "Actual Startup Time": 66.566,
                            "Actual Total Time": 119.624,
                            "Actual Rows": 123315,
                            "Actual Loops": 2,
                            "Filter": "((company_id < 2267) AND (company_type_id > 1))",
                            "Rows Removed by Filter": 1181250
                          }
                        ]
                      }
                    ]
                  },
                  {
                    "Node Type": "Hash",
                    "Parent Relationship": "Inner",
                    "Parallel Aware": false,
                    "Startup Cost": 1059.67,
                    "Total Cost": 1059.67,
                    "Plan Rows": 367,
                    "Plan Width": 4,
                    "Actual Startup Time": 0.284,
                    "Actual Total Time": 0.285,
                    "Actual Rows": 98,
                    "Actual Loops": 2,
                    "Hash Buckets": 1024,
                    "Original Hash Buckets": 1024,
                    "Hash Batches": 1,
                    "Original Hash Batches": 1,
                    "Peak Memory Usage": 12,
                    "Plans": [
                      {
                        "Node Type": "Index Scan",
                        "Parent Relationship": "Outer",
                        "Parallel Aware": false,
                        "Scan Direction": "Forward",
                        "Index Name": "person_id_cast_info",
                        "Relation Name": "cast_info",
                        "Alias": "ci",
                        "Startup Cost": 0.56,
                        "Total Cost": 1059.67,
                        "Plan Rows": 367,
                        "Plan Width": 4,
                        "Actual Startup Time": 0.145,
                        "Actual Total Time": 0.231,
                        "Actual Rows": 98,
                        "Actual Loops": 2,
                        "Index Cond": "(person_id = 3206822)",
                        "Rows Removed by Index Recheck": 0,
                        "Filter": "(role_id < 5)",
                        "Rows Removed by Filter": 28
                      }
                    ]
                  }
                ]
              }
            ]
          }
        ]
      }
    ]
  },
  "Planning Time": 1.004,
  "Triggers": [],
  "Execution Time": 453.411
}