{
  "Plan": {
    "Node Type": "Aggregate",
    "Strategy": "Plain",
    "Partial Mode": "Finalize",
    "Parallel Aware": false,
    "Startup Cost": 133696.18,
    "Total Cost": 133696.19,
    "Plan Rows": 1,
    "Plan Width": 8,
    "Actual Startup Time": 1624.448,
    "Actual Total Time": 1697.155,
    "Actual Rows": 1,
    "Actual Loops": 1,
    "Plans": [
      {
        "Node Type": "Gather",
        "Parent Relationship": "Outer",
        "Parallel Aware": false,
        "Startup Cost": 133696.06,
        "Total Cost": 133696.17,
        "Plan Rows": 1,
        "Plan Width": 8,
        "Actual Startup Time": 1624.082,
        "Actual Total Time": 1697.148,
        "Actual Rows": 2,
        "Actual Loops": 1,
        "Workers Planned": 1,
        "Workers Launched": 1,
        "Single Copy": false,
        "Plans": [
          {
            "Node Type": "Aggregate",
            "Strategy": "Plain",
            "Partial Mode": "Partial",
            "Parent Relationship": "Outer",
            "Parallel Aware": false,
            "Startup Cost": 132696.06,
            "Total Cost": 132696.07,
            "Plan Rows": 1,
            "Plan Width": 8,
            "Actual Startup Time": 1617.572,
            "Actual Total Time": 1617.577,
            "Actual Rows": 1,
            "Actual Loops": 2,
            "Plans": [
              {
                "Node Type": "Nested Loop",
                "Parent Relationship": "Outer",
                "Parallel Aware": false,
                "Join Type": "Inner",
                "Startup Cost": 21541.4,
                "Total Cost": 132461.01,
                "Plan Rows": 94023,
                "Plan Width": 0,
                "Actual Startup Time": 211.122,
                "Actual Total Time": 1607.386,
                "Actual Rows": 199091,
                "Actual Loops": 2,
                "Inner Unique": false,
                "Plans": [
                  {
                    "Node Type": "Hash Join",
                    "Parent Relationship": "Outer",
                    "Parallel Aware": true,
                    "Join Type": "Inner",
                    "Startup Cost": 21540.83,
                    "Total Cost": 81847.9,
                    "Plan Rows": 24066,
                    "Plan Width": 8,
                    "Actual Startup Time": 210.959,
                    "Actual Total Time": 344.865,
                    "Actual Rows": 38698,
                    "Actual Loops": 2,
                    "Inner Unique": false,
                    "Hash Cond": "(t.id = mc.movie_id)",
                    "Plans": [
                      {
                        "Node Type": "Seq Scan",
                        "Parent Relationship": "Outer",
                        "Parallel Aware": true,
                        "Relation Name": "title",
                        "Alias": "t",
                        "Startup Cost": 0.0,
                        "Total Cost": 50870.31,
                        "Plan Rows": 1487231,
                        "Plan Width": 4,
                        "Actual Startup Time": 0.01,
                        "Actual Total Time": 116.918,
                        "Actual Rows": 1264156,
                        "Actual Loops": 2
                      },
                      {
                        "Node Type": "Hash",
                        "Parent Relationship": "Inner",
                        "Parallel Aware": true,
                        "Startup Cost": 21240.01,
                        "Total Cost": 21240.01,
                        "Plan Rows": 24066,
                        "Plan Width": 4,
                        "Actual Startup Time": 38.653,
                        "Actual Total Time": 38.654,
                        "Actual Rows": 38698,
                        "Actual Loops": 2,
                        "Hash Buckets": 131072,
                        "Original Hash Buckets": 65536,
                        "Hash Batches": 1,
                        "Original Hash Batches": 1,
                        "Peak Memory Usage": 4576,
                        "Plans": [
                          {
                            "Node Type": "Bitmap Heap Scan",
                            "Parent Relationship": "Outer",
                            "Parallel Aware": true,
                            "Relation Name": "movie_companies",
                            "Alias": "mc",
                            "Startup Cost": 1739.01,
                            "Total Cost": 21240.01,
                            "Plan Rows": 24066,
                            "Plan Width": 4,
                            "Actual Startup Time": 5.969,
                            "Actual Total Time": 25.184,
                            "Actual Rows": 38698,
                            "Actual Loops": 2,
                            "Recheck Cond": "(company_id > 171650)",
                            "Rows Removed by Index Recheck": 0,
                            "Filter": "(company_type_id = 2)",
                            "Rows Removed by Filter": 0,
                            "Exact Heap Blocks": 1809,
                            "Lossy Heap Blocks": 0,
                            "Plans": [
                              {
                                "Node Type": "Bitmap Index Scan",
                                "Parent Relationship": "Outer",
                                "Parallel Aware": false,
                                "Index Name": "company_id_movie_companies",
                                "Startup Cost": 0.0,
                                "Total Cost": 1728.78,
                                "Plan Rows": 80580,
                                "Plan Width": 0,
                                "Actual Startup Time": 9.613,
                                "Actual Total Time": 9.613,
                                "Actual Rows": 77396,
                                "Actual Loops": 1,
                                "Index Cond": "(company_id > 171650)"
                              }
                            ]
                          }
                        ]
                      }
                    ]
                  },
                  {
                    "Node Type": "Index Scan",
                    "Parent Relationship": "Inner",
                    "Parallel Aware": false,
                    "Scan Direction": "Forward",
                    "Index Name": "movie_id_cast_info",
                    "Relation Name": "cast_info",
                    "Alias": "ci",
                    "Startup Cost": 0.56,
                    "Total Cost": 2.0,
                    "Plan Rows": 10,
                    "Plan Width": 4,
                    "Actual Startup Time": 0.011,
                    "Actual Total Time": 0.032,
                    "Actual Rows": 5,
                    "Actual Loops": 77396,
                    "Index Cond": "(movie_id = t.id)",
                    "Rows Removed by Index Recheck": 0,
                    "Filter": "((person_id > 751915) AND (role_id < 2))",
                    "Rows Removed by Filter": 21
                  }
                ]
              }
            ]
          }
        ]
      }
    ]
  },
  "Planning Time": 1.135,
  "Triggers": [],
  "Execution Time": 1697.289
}