[
  {
    "Plan": {
      "Node Type": "Aggregate",
      "Strategy": "Plain",
      "Partial Mode": "Finalize",
      "Parallel Aware": false,
      "Startup Cost": 46229.54,
      "Total Cost": 46229.55,
      "Plan Rows": 1,
      "Plan Width": 8,
      "Actual Startup Time": 155.804,
      "Actual Total Time": 166.186,
      "Actual Rows": 1,
      "Actual Loops": 1,
      "Plans": [
        {
          "Node Type": "Gather",
          "Parent Relationship": "Outer",
          "Parallel Aware": false,
          "Startup Cost": 46229.22,
          "Total Cost": 46229.53,
          "Plan Rows": 3,
          "Plan Width": 8,
          "Actual Startup Time": 155.664,
          "Actual Total Time": 166.176,
          "Actual Rows": 4,
          "Actual Loops": 1,
          "Workers Planned": 3,
          "Workers Launched": 3,
          "Single Copy": false,
          "Plans": [
            {
              "Node Type": "Aggregate",
              "Strategy": "Plain",
              "Partial Mode": "Partial",
              "Parent Relationship": "Outer",
              "Parallel Aware": false,
              "Startup Cost": 45229.22,
              "Total Cost": 45229.23,
              "Plan Rows": 1,
              "Plan Width": 8,
              "Actual Startup Time": 148.395,
              "Actual Total Time": 148.396,
              "Actual Rows": 1,
              "Actual Loops": 4,
              "Plans": [
                {
                  "Node Type": "Seq Scan",
                  "Parent Relationship": "Outer",
                  "Parallel Aware": true,
                  "Relation Name": "movie_keyword",
                  "Alias": "mk",
                  "Startup Cost": 0.0,
                  "Total Cost": 42695.65,
                  "Plan Rows": 1013426,
                  "Plan Width": 0,
                  "Actual Startup Time": 0.055,
                  "Actual Total Time": 114.035,
                  "Actual Rows": 785470,
                  "Actual Loops": 4,
                  "Filter": "(keyword_id < 12085)",
                  "Rows Removed by Filter": 345512
                }
              ]
            }
          ]
        }
      ]
    },
    "Planning Time": 0.083,
    "Triggers": [],
    "Execution Time": 166.215
  }
]