[
    {
        "Bao": {
            "Bao prediction": "NaN",
            "Bao recommended hint": "(no hint)"
        }
    },
    {
        "Plan": {
            "Node Type": "Aggregate",
            "Strategy": "Plain",
            "Partial Mode": "Finalize",
            "Parallel Aware": false,
            "Startup Cost": 205548.07,
            "Total Cost": 205548.08,
            "Plan Rows": 1,
            "Plan Width": 8,
            "Actual Startup Time": 319.677,
            "Actual Total Time": 331.795,
            "Actual Rows": 1,
            "Actual Loops": 1,
            "Output": [
                "count(*)"
            ],
            "Plans": [
                {
                    "Node Type": "Gather",
                    "Parent Relationship": "Outer",
                    "Parallel Aware": false,
                    "Startup Cost": 205547.44,
                    "Total Cost": 205548.05,
                    "Plan Rows": 6,
                    "Plan Width": 8,
                    "Actual Startup Time": 319.662,
                    "Actual Total Time": 331.786,
                    "Actual Rows": 7,
                    "Actual Loops": 1,
                    "Output": [
                        "(PARTIAL count(*))"
                    ],
                    "Workers Planned": 6,
                    "Workers Launched": 6,
                    "Single Copy": false,
                    "Plans": [
                        {
                            "Node Type": "Aggregate",
                            "Strategy": "Plain",
                            "Partial Mode": "Partial",
                            "Parent Relationship": "Outer",
                            "Parallel Aware": false,
                            "Startup Cost": 204547.44,
                            "Total Cost": 204547.45,
                            "Plan Rows": 1,
                            "Plan Width": 8,
                            "Actual Startup Time": 308.957,
                            "Actual Total Time": 308.959,
                            "Actual Rows": 1,
                            "Actual Loops": 7,
                            "Output": [
                                "PARTIAL count(*)"
                            ],
                            "Workers": [
                                {
                                    "Worker Number": 0,
                                    "Actual Startup Time": 306.605,
                                    "Actual Total Time": 306.606,
                                    "Actual Rows": 1,
                                    "Actual Loops": 1
                                },
                                {
                                    "Worker Number": 1,
                                    "Actual Startup Time": 306.748,
                                    "Actual Total Time": 306.749,
                                    "Actual Rows": 1,
                                    "Actual Loops": 1
                                },
                                {
                                    "Worker Number": 2,
                                    "Actual Startup Time": 307.189,
                                    "Actual Total Time": 307.19,
                                    "Actual Rows": 1,
                                    "Actual Loops": 1
                                },
                                {
                                    "Worker Number": 3,
                                    "Actual Startup Time": 307.011,
                                    "Actual Total Time": 307.012,
                                    "Actual Rows": 1,
                                    "Actual Loops": 1
                                },
                                {
                                    "Worker Number": 4,
                                    "Actual Startup Time": 307.998,
                                    "Actual Total Time": 307.999,
                                    "Actual Rows": 1,
                                    "Actual Loops": 1
                                },
                                {
                                    "Worker Number": 5,
                                    "Actual Startup Time": 308.129,
                                    "Actual Total Time": 308.13,
                                    "Actual Rows": 1,
                                    "Actual Loops": 1
                                }
                            ],
                            "Plans": [
                                {
                                    "Node Type": "Index Only Scan",
                                    "Parent Relationship": "Outer",
                                    "Parallel Aware": true,
                                    "Scan Direction": "Forward",
                                    "Index Name": "role_id_cast_info",
                                    "Relation Name": "cast_info",
                                    "Schema": "public",
                                    "Alias": "ci",
                                    "Startup Cost": 0.56,
                                    "Total Cost": 201374.32,
                                    "Plan Rows": 1269250,
                                    "Plan Width": 0,
                                    "Actual Startup Time": 0.188,
                                    "Actual Total Time": 254.917,
                                    "Actual Rows": 1101806,
                                    "Actual Loops": 7,
                                    "Output": [
                                        "role_id"
                                    ],
                                    "Index Cond": "(ci.role_id > 6)",
                                    "Rows Removed by Index Recheck": 0,
                                    "Heap Fetches": 7712640,
                                    "Workers": [
                                        {
                                            "Worker Number": 0,
                                            "Actual Startup Time": 0.216,
                                            "Actual Total Time": 253.63,
                                            "Actual Rows": 1142221,
                                            "Actual Loops": 1
                                        },
                                        {
                                            "Worker Number": 1,
                                            "Actual Startup Time": 0.19,
                                            "Actual Total Time": 253.276,
                                            "Actual Rows": 1149738,
                                            "Actual Loops": 1
                                        },
                                        {
                                            "Worker Number": 2,
                                            "Actual Startup Time": 0.199,
                                            "Actual Total Time": 254.033,
                                            "Actual Rows": 1139037,
                                            "Actual Loops": 1
                                        },
                                        {
                                            "Worker Number": 3,
                                            "Actual Startup Time": 0.21,
                                            "Actual Total Time": 253.964,
                                            "Actual Rows": 1139600,
                                            "Actual Loops": 1
                                        },
                                        {
                                            "Worker Number": 4,
                                            "Actual Startup Time": 0.191,
                                            "Actual Total Time": 254.834,
                                            "Actual Rows": 1137262,
                                            "Actual Loops": 1
                                        },
                                        {
                                            "Worker Number": 5,
                                            "Actual Startup Time": 0.236,
                                            "Actual Total Time": 255.097,
                                            "Actual Rows": 1142349,
                                            "Actual Loops": 1
                                        }
                                    ]
                                }
                            ]
                        }
                    ]
                }
            ]
        },
        "Planning Time": 275.585,
        "Triggers": [],
        "Execution Time": 331.882
    }
]