[
  {
    "Plan": {
      "Node Type": "Aggregate",
      "Strategy": "Plain",
      "Partial Mode": "Finalize",
      "Parallel Aware": false,
      "Startup Cost": 471666.62,
      "Total Cost": 471666.63,
      "Plan Rows": 1,
      "Plan Width": 8,
      "Actual Startup Time": 2324.026,
      "Actual Total Time": 2389.087,
      "Actual Rows": 1,
      "Actual Loops": 1,
      "Plans": [
        {
          "Node Type": "Gather",
          "Parent Relationship": "Outer",
          "Parallel Aware": false,
          "Startup Cost": 471666.0,
          "Total Cost": 471666.61,
          "Plan Rows": 6,
          "Plan Width": 8,
          "Actual Startup Time": 2313.366,
          "Actual Total Time": 2389.076,
          "Actual Rows": 7,
          "Actual Loops": 1,
          "Workers Planned": 6,
          "Workers Launched": 6,
          "Single Copy": false,
          "Plans": [
            {
              "Node Type": "Aggregate",
              "Strategy": "Plain",
              "Partial Mode": "Partial",
              "Parent Relationship": "Outer",
              "Parallel Aware": false,
              "Startup Cost": 470666.0,
              "Total Cost": 470666.01,
              "Plan Rows": 1,
              "Plan Width": 8,
              "Actual Startup Time": 2291.807,
              "Actual Total Time": 2292.201,
              "Actual Rows": 1,
              "Actual Loops": 7,
              "Plans": [
                {
                  "Node Type": "Hash Join",
                  "Parent Relationship": "Outer",
                  "Parallel Aware": true,
                  "Join Type": "Inner",
                  "Startup Cost": 104847.56,
                  "Total Cost": 457519.86,
                  "Plan Rows": 5258455,
                  "Plan Width": 0,
                  "Actual Startup Time": 384.627,
                  "Actual Total Time": 2150.629,
                  "Actual Rows": 3006228,
                  "Actual Loops": 7,
                  "Inner Unique": false,
                  "Hash Cond": "(ci.movie_id = t.id)",
                  "Plans": [
                    {
                      "Node Type": "Seq Scan",
                      "Parent Relationship": "Outer",
                      "Parallel Aware": true,
                      "Relation Name": "cast_info",
                      "Alias": "ci",
                      "Startup Cost": 0.0,
                      "Total Cost": 313067.02,
                      "Plan Rows": 6038002,
                      "Plan Width": 4,
                      "Actual Startup Time": 0.02,
                      "Actual Total Time": 578.197,
                      "Actual Rows": 5177763,
                      "Actual Loops": 7
                    },
                    {
                      "Node Type": "Hash",
                      "Parent Relationship": "Inner",
                      "Parallel Aware": true,
                      "Startup Cost": 95969.04,
                      "Total Cost": 95969.04,
                      "Plan Rows": 710282,
                      "Plan Width": 8,
                      "Actual Startup Time": 377.899,
                      "Actual Total Time": 378.292,
                      "Actual Rows": 84212,
                      "Actual Loops": 7,
                      "Hash Buckets": 4194304,
                      "Original Hash Buckets": 4194304,
                      "Hash Batches": 1,
                      "Original Hash Batches": 1,
                      "Peak Memory Usage": 55936,
                      "Plans": [
                        {
                          "Node Type": "Hash Join",
                          "Parent Relationship": "Outer",
                          "Parallel Aware": true,
                          "Join Type": "Inner",
                          "Startup Cost": 50051.92,
                          "Total Cost": 95969.04,
                          "Plan Rows": 710282,
                          "Plan Width": 8,
                          "Actual Startup Time": 188.619,
                          "Actual Total Time": 337.149,
                          "Actual Rows": 84212,
                          "Actual Loops": 7,
                          "Inner Unique": true,
                          "Hash Cond": "(mk.movie_id = t.id)",
                          "Plans": [
                            {
                              "Node Type": "Seq Scan",
                              "Parent Relationship": "Outer",
                              "Parallel Aware": true,
                              "Relation Name": "movie_keyword",
                              "Alias": "mk",
                              "Startup Cost": 0.0,
                              "Total Cost": 42695.65,
                              "Plan Rows": 1227223,
                              "Plan Width": 4,
                              "Actual Startup Time": 0.038,
                              "Actual Total Time": 79.864,
                              "Actual Rows": 544562,
                              "Actual Loops": 7,
                              "Filter": "(keyword_id < 26533)",
                              "Rows Removed by Filter": 101713
                            },
                            {
                              "Node Type": "Hash",
                              "Parent Relationship": "Inner",
                              "Parallel Aware": true,
                              "Startup Cost": 45479.1,
                              "Total Cost": 45479.1,
                              "Plan Rows": 365826,
                              "Plan Width": 4,
                              "Actual Startup Time": 186.826,
                              "Actual Total Time": 186.828,
                              "Actual Rows": 212982,
                              "Actual Loops": 7,
                              "Hash Buckets": 2097152,
                              "Original Hash Buckets": 2097152,
                              "Hash Batches": 1,
                              "Original Hash Batches": 1,
                              "Peak Memory Usage": 74848,
                              "Plans": [
                                {
                                  "Node Type": "Seq Scan",
                                  "Parent Relationship": "Outer",
                                  "Parallel Aware": true,
                                  "Relation Name": "title",
                                  "Alias": "t",
                                  "Startup Cost": 0.0,
                                  "Total Cost": 45479.1,
                                  "Plan Rows": 365826,
                                  "Plan Width": 4,
                                  "Actual Startup Time": 0.047,
                                  "Actual Total Time": 82.699,
                                  "Actual Rows": 212982,
                                  "Actual Loops": 7,
                                  "Filter": "((kind_id > 4) AND (production_year > 1916))",
                                  "Rows Removed by Filter": 148206
                                }
                              ]
                            }
                          ]
                        }
                      ]
                    }
                  ]
                }
              ]
            }
          ]
        }
      ]
    },
    "Planning Time": 1.281,
    "Triggers": [],
    "Execution Time": 2389.196
  }
]