[
    {
        "Bao": {
            "Bao prediction": "NaN",
            "Bao recommended hint": "(no hint)"
        }
    },
    {
        "Plan": {
            "Node Type": "Aggregate",
            "Strategy": "Plain",
            "Partial Mode": "Finalize",
            "Parallel Aware": false,
            "Startup Cost": 356739.91,
            "Total Cost": 356739.92,
            "Plan Rows": 1,
            "Plan Width": 8,
            "Actual Startup Time": 2286.54,
            "Actual Total Time": 2343.587,
            "Actual Rows": 1,
            "Actual Loops": 1,
            "Output": [
                "count(*)"
            ],
            "Plans": [
                {
                    "Node Type": "Gather",
                    "Parent Relationship": "Outer",
                    "Parallel Aware": false,
                    "Startup Cost": 356739.39,
                    "Total Cost": 356739.9,
                    "Plan Rows": 5,
                    "Plan Width": 8,
                    "Actual Startup Time": 2285.766,
                    "Actual Total Time": 2343.578,
                    "Actual Rows": 6,
                    "Actual Loops": 1,
                    "Output": [
                        "(PARTIAL count(*))"
                    ],
                    "Workers Planned": 5,
                    "Workers Launched": 5,
                    "Single Copy": false,
                    "Plans": [
                        {
                            "Node Type": "Aggregate",
                            "Strategy": "Plain",
                            "Partial Mode": "Partial",
                            "Parent Relationship": "Outer",
                            "Parallel Aware": false,
                            "Startup Cost": 355739.39,
                            "Total Cost": 355739.4,
                            "Plan Rows": 1,
                            "Plan Width": 8,
                            "Actual Startup Time": 2275.897,
                            "Actual Total Time": 2275.9,
                            "Actual Rows": 1,
                            "Actual Loops": 6,
                            "Output": [
                                "PARTIAL count(*)"
                            ],
                            "Workers": [
                                {
                                    "Worker Number": 0,
                                    "Actual Startup Time": 2273.647,
                                    "Actual Total Time": 2273.649,
                                    "Actual Rows": 1,
                                    "Actual Loops": 1
                                },
                                {
                                    "Worker Number": 1,
                                    "Actual Startup Time": 2273.551,
                                    "Actual Total Time": 2273.554,
                                    "Actual Rows": 1,
                                    "Actual Loops": 1
                                },
                                {
                                    "Worker Number": 2,
                                    "Actual Startup Time": 2273.965,
                                    "Actual Total Time": 2273.968,
                                    "Actual Rows": 1,
                                    "Actual Loops": 1
                                },
                                {
                                    "Worker Number": 3,
                                    "Actual Startup Time": 2274.207,
                                    "Actual Total Time": 2274.21,
                                    "Actual Rows": 1,
                                    "Actual Loops": 1
                                },
                                {
                                    "Worker Number": 4,
                                    "Actual Startup Time": 2274.593,
                                    "Actual Total Time": 2274.596,
                                    "Actual Rows": 1,
                                    "Actual Loops": 1
                                }
                            ],
                            "Plans": [
                                {
                                    "Node Type": "Nested Loop",
                                    "Parent Relationship": "Outer",
                                    "Parallel Aware": false,
                                    "Join Type": "Inner",
                                    "Startup Cost": 44081.03,
                                    "Total Cost": 355075.43,
                                    "Plan Rows": 265584,
                                    "Plan Width": 0,
                                    "Actual Startup Time": 74.903,
                                    "Actual Total Time": 2257.862,
                                    "Actual Rows": 382327,
                                    "Actual Loops": 6,
                                    "Inner Unique": false,
                                    "Join Filter": "(t.id = ci.movie_id)",
                                    "Rows Removed by Join Filter": 0,
                                    "Workers": [
                                        {
                                            "Worker Number": 0,
                                            "Actual Startup Time": 72.103,
                                            "Actual Total Time": 2256.263,
                                            "Actual Rows": 365089,
                                            "Actual Loops": 1
                                        },
                                        {
                                            "Worker Number": 1,
                                            "Actual Startup Time": 72.632,
                                            "Actual Total Time": 2254.935,
                                            "Actual Rows": 380874,
                                            "Actual Loops": 1
                                        },
                                        {
                                            "Worker Number": 2,
                                            "Actual Startup Time": 72.783,
                                            "Actual Total Time": 2256.537,
                                            "Actual Rows": 365719,
                                            "Actual Loops": 1
                                        },
                                        {
                                            "Worker Number": 3,
                                            "Actual Startup Time": 73.881,
                                            "Actual Total Time": 2256.295,
                                            "Actual Rows": 378878,
                                            "Actual Loops": 1
                                        },
                                        {
                                            "Worker Number": 4,
                                            "Actual Startup Time": 73.798,
                                            "Actual Total Time": 2256.279,
                                            "Actual Rows": 376797,
                                            "Actual Loops": 1
                                        }
                                    ],
                                    "Plans": [
                                        {
                                            "Node Type": "Hash Join",
                                            "Parent Relationship": "Outer",
                                            "Parallel Aware": true,
                                            "Join Type": "Inner",
                                            "Startup Cost": 44080.47,
                                            "Total Cost": 243330.09,
                                            "Plan Rows": 67775,
                                            "Plan Width": 8,
                                            "Actual Startup Time": 74.696,
                                            "Actual Total Time": 590.595,
                                            "Actual Rows": 55010,
                                            "Actual Loops": 6,
                                            "Output": [
                                                "t.id",
                                                "mi.movie_id"
                                            ],
                                            "Inner Unique": true,
                                            "Hash Cond": "(mi.movie_id = t.id)",
                                            "Workers": [
                                                {
                                                    "Worker Number": 0,
                                                    "Actual Startup Time": 71.998,
                                                    "Actual Total Time": 577.15,
                                                    "Actual Rows": 52530,
                                                    "Actual Loops": 1
                                                },
                                                {
                                                    "Worker Number": 1,
                                                    "Actual Startup Time": 72.52,
                                                    "Actual Total Time": 587.439,
                                                    "Actual Rows": 54663,
                                                    "Actual Loops": 1
                                                },
                                                {
                                                    "Worker Number": 2,
                                                    "Actual Startup Time": 72.702,
                                                    "Actual Total Time": 597.939,
                                                    "Actual Rows": 53179,
                                                    "Actual Loops": 1
                                                },
                                                {
                                                    "Worker Number": 3,
                                                    "Actual Startup Time": 73.173,
                                                    "Actual Total Time": 570.527,
                                                    "Actual Rows": 52122,
                                                    "Actual Loops": 1
                                                },
                                                {
                                                    "Worker Number": 4,
                                                    "Actual Startup Time": 73.616,
                                                    "Actual Total Time": 597.618,
                                                    "Actual Rows": 54389,
                                                    "Actual Loops": 1
                                                }
                                            ],
                                            "Plans": [
                                                {
                                                    "Node Type": "Seq Scan",
                                                    "Parent Relationship": "Outer",
                                                    "Parallel Aware": true,
                                                    "Relation Name": "movie_info",
                                                    "Schema": "public",
                                                    "Alias": "mi",
                                                    "Startup Cost": 0.0,
                                                    "Total Cost": 191503.19,
                                                    "Plan Rows": 2951019,
                                                    "Plan Width": 4,
                                                    "Actual Startup Time": 0.02,
                                                    "Actual Total Time": 228.195,
                                                    "Actual Rows": 2472620,
                                                    "Actual Loops": 6,
                                                    "Output": [
                                                        "mi.id",
                                                        "mi.movie_id",
                                                        "mi.info_type_id",
                                                        "mi.info",
                                                        "mi.note"
                                                    ],
                                                    "Workers": [
                                                        {
                                                            "Worker Number": 0,
                                                            "Actual Startup Time": 0.02,
                                                            "Actual Total Time": 230.868,
                                                            "Actual Rows": 2332089,
                                                            "Actual Loops": 1
                                                        },
                                                        {
                                                            "Worker Number": 1,
                                                            "Actual Startup Time": 0.028,
                                                            "Actual Total Time": 227.701,
                                                            "Actual Rows": 2384785,
                                                            "Actual Loops": 1
                                                        },
                                                        {
                                                            "Worker Number": 2,
                                                            "Actual Startup Time": 0.02,
                                                            "Actual Total Time": 242.389,
                                                            "Actual Rows": 2440560,
                                                            "Actual Loops": 1
                                                        },
                                                        {
                                                            "Worker Number": 3,
                                                            "Actual Startup Time": 0.024,
                                                            "Actual Total Time": 227.752,
                                                            "Actual Rows": 2275218,
                                                            "Actual Loops": 1
                                                        },
                                                        {
                                                            "Worker Number": 4,
                                                            "Actual Startup Time": 0.023,
                                                            "Actual Total Time": 232.671,
                                                            "Actual Rows": 2450208,
                                                            "Actual Loops": 1
                                                        }
                                                    ]
                                                },
                                                {
                                                    "Node Type": "Hash",
                                                    "Parent Relationship": "Inner",
                                                    "Parallel Aware": true,
                                                    "Startup Cost": 43899.01,
                                                    "Total Cost": 43899.01,
                                                    "Plan Rows": 14517,
                                                    "Plan Width": 4,
                                                    "Actual Startup Time": 73.632,
                                                    "Actual Total Time": 73.633,
                                                    "Actual Rows": 9765,
                                                    "Actual Loops": 6,
                                                    "Output": [
                                                        "t.id"
                                                    ],
                                                    "Hash Buckets": 65536,
                                                    "Original Hash Buckets": 65536,
                                                    "Hash Batches": 1,
                                                    "Original Hash Batches": 1,
                                                    "Peak Memory Usage": 2880,
                                                    "Workers": [
                                                        {
                                                            "Worker Number": 0,
                                                            "Actual Startup Time": 71.166,
                                                            "Actual Total Time": 71.167,
                                                            "Actual Rows": 6909,
                                                            "Actual Loops": 1
                                                        },
                                                        {
                                                            "Worker Number": 1,
                                                            "Actual Startup Time": 71.228,
                                                            "Actual Total Time": 71.228,
                                                            "Actual Rows": 7253,
                                                            "Actual Loops": 1
                                                        },
                                                        {
                                                            "Worker Number": 2,
                                                            "Actual Startup Time": 71.864,
                                                            "Actual Total Time": 71.865,
                                                            "Actual Rows": 7126,
                                                            "Actual Loops": 1
                                                        },
                                                        {
                                                            "Worker Number": 3,
                                                            "Actual Startup Time": 71.945,
                                                            "Actual Total Time": 71.946,
                                                            "Actual Rows": 7035,
                                                            "Actual Loops": 1
                                                        },
                                                        {
                                                            "Worker Number": 4,
                                                            "Actual Startup Time": 72.371,
                                                            "Actual Total Time": 72.372,
                                                            "Actual Rows": 7496,
                                                            "Actual Loops": 1
                                                        }
                                                    ],
                                                    "Plans": [
                                                        {
                                                            "Node Type": "Seq Scan",
                                                            "Parent Relationship": "Outer",
                                                            "Parallel Aware": true,
                                                            "Relation Name": "title",
                                                            "Schema": "public",
                                                            "Alias": "t",
                                                            "Startup Cost": 0.0,
                                                            "Total Cost": 43899.01,
                                                            "Plan Rows": 14517,
                                                            "Plan Width": 4,
                                                            "Actual Startup Time": 0.053,
                                                            "Actual Total Time": 69.185,
                                                            "Actual Rows": 9765,
                                                            "Actual Loops": 6,
                                                            "Output": [
                                                                "t.id"
                                                            ],
                                                            "Filter": "(t.production_year = 2001)",
                                                            "Rows Removed by Filter": 411620,
                                                            "Workers": [
                                                                {
                                                                    "Worker Number": 0,
                                                                    "Actual Startup Time": 0.049,
                                                                    "Actual Total Time": 66.789,
                                                                    "Actual Rows": 6909,
                                                                    "Actual Loops": 1
                                                                },
                                                                {
                                                                    "Worker Number": 1,
                                                                    "Actual Startup Time": 0.063,
                                                                    "Actual Total Time": 67.3,
                                                                    "Actual Rows": 7253,
                                                                    "Actual Loops": 1
                                                                },
                                                                {
                                                                    "Worker Number": 2,
                                                                    "Actual Startup Time": 0.066,
                                                                    "Actual Total Time": 67.772,
                                                                    "Actual Rows": 7126,
                                                                    "Actual Loops": 1
                                                                },
                                                                {
                                                                    "Worker Number": 3,
                                                                    "Actual Startup Time": 0.061,
                                                                    "Actual Total Time": 67.743,
                                                                    "Actual Rows": 7035,
                                                                    "Actual Loops": 1
                                                                },
                                                                {
                                                                    "Worker Number": 4,
                                                                    "Actual Startup Time": 0.067,
                                                                    "Actual Total Time": 68.342,
                                                                    "Actual Rows": 7496,
                                                                    "Actual Loops": 1
                                                                }
                                                            ]
                                                        }
                                                    ]
                                                }
                                            ]
                                        },
                                        {
                                            "Node Type": "Index Scan",
                                            "Parent Relationship": "Inner",
                                            "Parallel Aware": false,
                                            "Scan Direction": "Forward",
                                            "Index Name": "movie_id_cast_info",
                                            "Relation Name": "cast_info",
                                            "Schema": "public",
                                            "Alias": "ci",
                                            "Startup Cost": 0.56,
                                            "Total Cost": 1.52,
                                            "Plan Rows": 10,
                                            "Plan Width": 4,
                                            "Actual Startup Time": 0.01,
                                            "Actual Total Time": 0.029,
                                            "Actual Rows": 7,
                                            "Actual Loops": 330059,
                                            "Output": [
                                                "ci.id",
                                                "ci.person_id",
                                                "ci.movie_id",
                                                "ci.person_role_id",
                                                "ci.note",
                                                "ci.nr_order",
                                                "ci.role_id"
                                            ],
                                            "Index Cond": "(ci.movie_id = mi.movie_id)",
                                            "Rows Removed by Index Recheck": 0,
                                            "Filter": "((ci.person_id > 812227) AND (ci.role_id = 1))",
                                            "Rows Removed by Filter": 36,
                                            "Workers": [
                                                {
                                                    "Worker Number": 0,
                                                    "Actual Startup Time": 0.011,
                                                    "Actual Total Time": 0.031,
                                                    "Actual Rows": 7,
                                                    "Actual Loops": 52530
                                                },
                                                {
                                                    "Worker Number": 1,
                                                    "Actual Startup Time": 0.01,
                                                    "Actual Total Time": 0.03,
                                                    "Actual Rows": 7,
                                                    "Actual Loops": 54663
                                                },
                                                {
                                                    "Worker Number": 2,
                                                    "Actual Startup Time": 0.011,
                                                    "Actual Total Time": 0.03,
                                                    "Actual Rows": 7,
                                                    "Actual Loops": 53179
                                                },
                                                {
                                                    "Worker Number": 3,
                                                    "Actual Startup Time": 0.011,
                                                    "Actual Total Time": 0.031,
                                                    "Actual Rows": 7,
                                                    "Actual Loops": 52122
                                                },
                                                {
                                                    "Worker Number": 4,
                                                    "Actual Startup Time": 0.01,
                                                    "Actual Total Time": 0.03,
                                                    "Actual Rows": 7,
                                                    "Actual Loops": 54389
                                                }
                                            ]
                                        }
                                    ]
                                }
                            ]
                        }
                    ]
                }
            ]
        },
        "Planning Time": 181.159,
        "Triggers": [],
        "Execution Time": 2343.669
    }
]