[
  {
    "Plan": {
      "Node Type": "Aggregate",
      "Strategy": "Plain",
      "Partial Mode": "Finalize",
      "Parallel Aware": false,
      "Startup Cost": 46575.81,
      "Total Cost": 46575.82,
      "Plan Rows": 1,
      "Plan Width": 8,
      "Actual Startup Time": 103.401,
      "Actual Total Time": 116.746,
      "Actual Rows": 1,
      "Actual Loops": 1,
      "Plans": [
        {
          "Node Type": "Gather",
          "Parent Relationship": "Outer",
          "Parallel Aware": false,
          "Startup Cost": 46575.39,
          "Total Cost": 46575.8,
          "Plan Rows": 4,
          "Plan Width": 8,
          "Actual Startup Time": 103.126,
          "Actual Total Time": 116.737,
          "Actual Rows": 5,
          "Actual Loops": 1,
          "Workers Planned": 4,
          "Workers Launched": 4,
          "Single Copy": false,
          "Plans": [
            {
              "Node Type": "Aggregate",
              "Strategy": "Plain",
              "Partial Mode": "Partial",
              "Parent Relationship": "Outer",
              "Parallel Aware": false,
              "Startup Cost": 45575.39,
              "Total Cost": 45575.4,
              "Plan Rows": 1,
              "Plan Width": 8,
              "Actual Startup Time": 93.376,
              "Actual Total Time": 93.377,
              "Actual Rows": 1,
              "Actual Loops": 5,
              "Plans": [
                {
                  "Node Type": "Seq Scan",
                  "Parent Relationship": "Outer",
                  "Parallel Aware": true,
                  "Relation Name": "title",
                  "Alias": "t",
                  "Startup Cost": 0.0,
                  "Total Cost": 45479.59,
                  "Plan Rows": 38322,
                  "Plan Width": 0,
                  "Actual Startup Time": 0.157,
                  "Actual Total Time": 90.642,
                  "Actual Rows": 52807,
                  "Actual Loops": 5,
                  "Filter": "((kind_id < 7) AND (production_year < 1973))",
                  "Rows Removed by Filter": 452855
                }
              ]
            }
          ]
        }
      ]
    },
    "Planning Time": 0.202,
    "Triggers": [],
    "Execution Time": 116.809
  }
]