[
    {
        "Bao": {
            "Bao prediction": "NaN",
            "Bao recommended hint": "(no hint)"
        }
    },
    {
        "Plan": {
            "Node Type": "Aggregate",
            "Strategy": "Plain",
            "Partial Mode": "Finalize",
            "Parallel Aware": false,
            "Startup Cost": 248289.21,
            "Total Cost": 248289.22,
            "Plan Rows": 1,
            "Plan Width": 8,
            "Actual Startup Time": 486.407,
            "Actual Total Time": 522.852,
            "Actual Rows": 1,
            "Actual Loops": 1,
            "Output": [
                "count(*)"
            ],
            "Plans": [
                {
                    "Node Type": "Gather",
                    "Parent Relationship": "Outer",
                    "Parallel Aware": false,
                    "Startup Cost": 248288.69,
                    "Total Cost": 248289.2,
                    "Plan Rows": 5,
                    "Plan Width": 8,
                    "Actual Startup Time": 483.207,
                    "Actual Total Time": 522.841,
                    "Actual Rows": 6,
                    "Actual Loops": 1,
                    "Output": [
                        "(PARTIAL count(*))"
                    ],
                    "Workers Planned": 5,
                    "Workers Launched": 5,
                    "Single Copy": false,
                    "Plans": [
                        {
                            "Node Type": "Aggregate",
                            "Strategy": "Plain",
                            "Partial Mode": "Partial",
                            "Parent Relationship": "Outer",
                            "Parallel Aware": false,
                            "Startup Cost": 247288.69,
                            "Total Cost": 247288.7,
                            "Plan Rows": 1,
                            "Plan Width": 8,
                            "Actual Startup Time": 473.673,
                            "Actual Total Time": 473.678,
                            "Actual Rows": 1,
                            "Actual Loops": 6,
                            "Output": [
                                "PARTIAL count(*)"
                            ],
                            "Workers": [
                                {
                                    "Worker Number": 0,
                                    "Actual Startup Time": 472.035,
                                    "Actual Total Time": 472.041,
                                    "Actual Rows": 1,
                                    "Actual Loops": 1
                                },
                                {
                                    "Worker Number": 1,
                                    "Actual Startup Time": 471.65,
                                    "Actual Total Time": 471.652,
                                    "Actual Rows": 1,
                                    "Actual Loops": 1
                                },
                                {
                                    "Worker Number": 2,
                                    "Actual Startup Time": 471.376,
                                    "Actual Total Time": 471.378,
                                    "Actual Rows": 1,
                                    "Actual Loops": 1
                                },
                                {
                                    "Worker Number": 3,
                                    "Actual Startup Time": 472.14,
                                    "Actual Total Time": 472.143,
                                    "Actual Rows": 1,
                                    "Actual Loops": 1
                                },
                                {
                                    "Worker Number": 4,
                                    "Actual Startup Time": 472.364,
                                    "Actual Total Time": 472.367,
                                    "Actual Rows": 1,
                                    "Actual Loops": 1
                                }
                            ],
                            "Plans": [
                                {
                                    "Node Type": "Hash Join",
                                    "Parent Relationship": "Outer",
                                    "Parallel Aware": true,
                                    "Join Type": "Inner",
                                    "Startup Cost": 46616.11,
                                    "Total Cost": 247072.73,
                                    "Plan Rows": 86384,
                                    "Plan Width": 0,
                                    "Actual Startup Time": 174.164,
                                    "Actual Total Time": 469.098,
                                    "Actual Rows": 96227,
                                    "Actual Loops": 6,
                                    "Inner Unique": true,
                                    "Hash Cond": "(mi.movie_id = t.id)",
                                    "Workers": [
                                        {
                                            "Worker Number": 0,
                                            "Actual Startup Time": 172.435,
                                            "Actual Total Time": 467.488,
                                            "Actual Rows": 100982,
                                            "Actual Loops": 1
                                        },
                                        {
                                            "Worker Number": 1,
                                            "Actual Startup Time": 172.03,
                                            "Actual Total Time": 467.073,
                                            "Actual Rows": 101164,
                                            "Actual Loops": 1
                                        },
                                        {
                                            "Worker Number": 2,
                                            "Actual Startup Time": 171.904,
                                            "Actual Total Time": 466.927,
                                            "Actual Rows": 97164,
                                            "Actual Loops": 1
                                        },
                                        {
                                            "Worker Number": 3,
                                            "Actual Startup Time": 172.658,
                                            "Actual Total Time": 467.614,
                                            "Actual Rows": 99970,
                                            "Actual Loops": 1
                                        },
                                        {
                                            "Worker Number": 4,
                                            "Actual Startup Time": 173.046,
                                            "Actual Total Time": 467.533,
                                            "Actual Rows": 64736,
                                            "Actual Loops": 1
                                        }
                                    ],
                                    "Plans": [
                                        {
                                            "Node Type": "Seq Scan",
                                            "Parent Relationship": "Outer",
                                            "Parallel Aware": true,
                                            "Relation Name": "movie_info",
                                            "Schema": "public",
                                            "Alias": "mi",
                                            "Startup Cost": 0.0,
                                            "Total Cost": 198880.74,
                                            "Plan Rows": 600336,
                                            "Plan Width": 4,
                                            "Actual Startup Time": 63.959,
                                            "Actual Total Time": 277.017,
                                            "Actual Rows": 506120,
                                            "Actual Loops": 6,
                                            "Output": [
                                                "mi.id",
                                                "mi.movie_id",
                                                "mi.info_type_id",
                                                "mi.info",
                                                "mi.note"
                                            ],
                                            "Filter": "(mi.info_type_id = 16)",
                                            "Rows Removed by Filter": 1966500,
                                            "Workers": [
                                                {
                                                    "Worker Number": 0,
                                                    "Actual Startup Time": 63.977,
                                                    "Actual Total Time": 278.069,
                                                    "Actual Rows": 533162,
                                                    "Actual Loops": 1
                                                },
                                                {
                                                    "Worker Number": 1,
                                                    "Actual Startup Time": 63.965,
                                                    "Actual Total Time": 277.903,
                                                    "Actual Rows": 532718,
                                                    "Actual Loops": 1
                                                },
                                                {
                                                    "Worker Number": 2,
                                                    "Actual Startup Time": 63.97,
                                                    "Actual Total Time": 273.31,
                                                    "Actual Rows": 486445,
                                                    "Actual Loops": 1
                                                },
                                                {
                                                    "Worker Number": 3,
                                                    "Actual Startup Time": 63.973,
                                                    "Actual Total Time": 278.26,
                                                    "Actual Rows": 533065,
                                                    "Actual Loops": 1
                                                },
                                                {
                                                    "Worker Number": 4,
                                                    "Actual Startup Time": 63.932,
                                                    "Actual Total Time": 281.63,
                                                    "Actual Rows": 353852,
                                                    "Actual Loops": 1
                                                }
                                            ]
                                        },
                                        {
                                            "Node Type": "Hash",
                                            "Parent Relationship": "Inner",
                                            "Parallel Aware": true,
                                            "Startup Cost": 45479.21,
                                            "Total Cost": 45479.21,
                                            "Plan Rows": 90952,
                                            "Plan Width": 4,
                                            "Actual Startup Time": 107.344,
                                            "Actual Total Time": 107.345,
                                            "Actual Rows": 78395,
                                            "Actual Loops": 6,
                                            "Output": [
                                                "t.id"
                                            ],
                                            "Hash Buckets": 524288,
                                            "Original Hash Buckets": 524288,
                                            "Hash Batches": 1,
                                            "Original Hash Batches": 1,
                                            "Peak Memory Usage": 22560,
                                            "Workers": [
                                                {
                                                    "Worker Number": 0,
                                                    "Actual Startup Time": 106.749,
                                                    "Actual Total Time": 106.751,
                                                    "Actual Rows": 80861,
                                                    "Actual Loops": 1
                                                },
                                                {
                                                    "Worker Number": 1,
                                                    "Actual Startup Time": 107.323,
                                                    "Actual Total Time": 107.324,
                                                    "Actual Rows": 81080,
                                                    "Actual Loops": 1
                                                },
                                                {
                                                    "Worker Number": 2,
                                                    "Actual Startup Time": 107.034,
                                                    "Actual Total Time": 107.035,
                                                    "Actual Rows": 69285,
                                                    "Actual Loops": 1
                                                },
                                                {
                                                    "Worker Number": 3,
                                                    "Actual Startup Time": 107.81,
                                                    "Actual Total Time": 107.811,
                                                    "Actual Rows": 81330,
                                                    "Actual Loops": 1
                                                },
                                                {
                                                    "Worker Number": 4,
                                                    "Actual Startup Time": 108.047,
                                                    "Actual Total Time": 108.048,
                                                    "Actual Rows": 56384,
                                                    "Actual Loops": 1
                                                }
                                            ],
                                            "Plans": [
                                                {
                                                    "Node Type": "Seq Scan",
                                                    "Parent Relationship": "Outer",
                                                    "Parallel Aware": true,
                                                    "Relation Name": "title",
                                                    "Schema": "public",
                                                    "Alias": "t",
                                                    "Startup Cost": 0.0,
                                                    "Total Cost": 45479.21,
                                                    "Plan Rows": 90952,
                                                    "Plan Width": 4,
                                                    "Actual Startup Time": 0.067,
                                                    "Actual Total Time": 78.371,
                                                    "Actual Rows": 78395,
                                                    "Actual Loops": 6,
                                                    "Output": [
                                                        "t.id"
                                                    ],
                                                    "Filter": "((t.kind_id < 7) AND (t.production_year < 1998))",
                                                    "Rows Removed by Filter": 342990,
                                                    "Workers": [
                                                        {
                                                            "Worker Number": 0,
                                                            "Actual Startup Time": 0.055,
                                                            "Actual Total Time": 78.224,
                                                            "Actual Rows": 80861,
                                                            "Actual Loops": 1
                                                        },
                                                        {
                                                            "Worker Number": 1,
                                                            "Actual Startup Time": 0.052,
                                                            "Actual Total Time": 78.869,
                                                            "Actual Rows": 81080,
                                                            "Actual Loops": 1
                                                        },
                                                        {
                                                            "Worker Number": 2,
                                                            "Actual Startup Time": 0.111,
                                                            "Actual Total Time": 77.082,
                                                            "Actual Rows": 69285,
                                                            "Actual Loops": 1
                                                        },
                                                        {
                                                            "Worker Number": 3,
                                                            "Actual Startup Time": 0.071,
                                                            "Actual Total Time": 78.715,
                                                            "Actual Rows": 81330,
                                                            "Actual Loops": 1
                                                        },
                                                        {
                                                            "Worker Number": 4,
                                                            "Actual Startup Time": 0.071,
                                                            "Actual Total Time": 80.318,
                                                            "Actual Rows": 56384,
                                                            "Actual Loops": 1
                                                        }
                                                    ]
                                                }
                                            ]
                                        }
                                    ]
                                }
                            ]
                        }
                    ]
                }
            ]
        },
        "Planning Time": 205.145,
        "Triggers": [],
        "Execution Time": 523.229
    }
]