[
    {
        "Bao": {
            "Bao prediction": "NaN",
            "Bao recommended hint": "(no hint)"
        }
    },
    {
        "Plan": {
            "Node Type": "Aggregate",
            "Strategy": "Plain",
            "Partial Mode": "Finalize",
            "Parallel Aware": false,
            "Startup Cost": 336533.34,
            "Total Cost": 336533.35,
            "Plan Rows": 1,
            "Plan Width": 8,
            "Actual Startup Time": 749.172,
            "Actual Total Time": 780.053,
            "Actual Rows": 1,
            "Actual Loops": 1,
            "Output": [
                "count(*)"
            ],
            "Plans": [
                {
                    "Node Type": "Gather",
                    "Parent Relationship": "Outer",
                    "Parallel Aware": false,
                    "Startup Cost": 336532.72,
                    "Total Cost": 336533.33,
                    "Plan Rows": 6,
                    "Plan Width": 8,
                    "Actual Startup Time": 749.05,
                    "Actual Total Time": 780.043,
                    "Actual Rows": 7,
                    "Actual Loops": 1,
                    "Output": [
                        "(PARTIAL count(*))"
                    ],
                    "Workers Planned": 6,
                    "Workers Launched": 6,
                    "Single Copy": false,
                    "Plans": [
                        {
                            "Node Type": "Aggregate",
                            "Strategy": "Plain",
                            "Partial Mode": "Partial",
                            "Parent Relationship": "Outer",
                            "Parallel Aware": false,
                            "Startup Cost": 335532.72,
                            "Total Cost": 335532.73,
                            "Plan Rows": 1,
                            "Plan Width": 8,
                            "Actual Startup Time": 739.38,
                            "Actual Total Time": 739.381,
                            "Actual Rows": 1,
                            "Actual Loops": 7,
                            "Output": [
                                "PARTIAL count(*)"
                            ],
                            "Workers": [
                                {
                                    "Worker Number": 0,
                                    "Actual Startup Time": 737.056,
                                    "Actual Total Time": 737.058,
                                    "Actual Rows": 1,
                                    "Actual Loops": 1
                                },
                                {
                                    "Worker Number": 1,
                                    "Actual Startup Time": 737.494,
                                    "Actual Total Time": 737.495,
                                    "Actual Rows": 1,
                                    "Actual Loops": 1
                                },
                                {
                                    "Worker Number": 2,
                                    "Actual Startup Time": 737.679,
                                    "Actual Total Time": 737.68,
                                    "Actual Rows": 1,
                                    "Actual Loops": 1
                                },
                                {
                                    "Worker Number": 3,
                                    "Actual Startup Time": 737.762,
                                    "Actual Total Time": 737.763,
                                    "Actual Rows": 1,
                                    "Actual Loops": 1
                                },
                                {
                                    "Worker Number": 4,
                                    "Actual Startup Time": 738.386,
                                    "Actual Total Time": 738.387,
                                    "Actual Rows": 1,
                                    "Actual Loops": 1
                                },
                                {
                                    "Worker Number": 5,
                                    "Actual Startup Time": 738.646,
                                    "Actual Total Time": 738.647,
                                    "Actual Rows": 1,
                                    "Actual Loops": 1
                                }
                            ],
                            "Plans": [
                                {
                                    "Node Type": "Seq Scan",
                                    "Parent Relationship": "Outer",
                                    "Parallel Aware": true,
                                    "Relation Name": "cast_info",
                                    "Schema": "public",
                                    "Alias": "ci",
                                    "Startup Cost": 0.0,
                                    "Total Cost": 328213.62,
                                    "Plan Rows": 2927640,
                                    "Plan Width": 0,
                                    "Actual Startup Time": 206.6,
                                    "Actual Total Time": 610.7,
                                    "Actual Rows": 2524079,
                                    "Actual Loops": 7,
                                    "Output": [
                                        "id",
                                        "person_id",
                                        "movie_id",
                                        "person_role_id",
                                        "note",
                                        "nr_order",
                                        "role_id"
                                    ],
                                    "Filter": "(ci.person_id > 1848852)",
                                    "Rows Removed by Filter": 2653684,
                                    "Workers": [
                                        {
                                            "Worker Number": 0,
                                            "Actual Startup Time": 204.292,
                                            "Actual Total Time": 609.125,
                                            "Actual Rows": 1932268,
                                            "Actual Loops": 1
                                        },
                                        {
                                            "Worker Number": 1,
                                            "Actual Startup Time": 204.719,
                                            "Actual Total Time": 611.273,
                                            "Actual Rows": 1908517,
                                            "Actual Loops": 1
                                        },
                                        {
                                            "Worker Number": 2,
                                            "Actual Startup Time": 204.88,
                                            "Actual Total Time": 610.202,
                                            "Actual Rows": 1929636,
                                            "Actual Loops": 1
                                        },
                                        {
                                            "Worker Number": 3,
                                            "Actual Startup Time": 204.99,
                                            "Actual Total Time": 610.828,
                                            "Actual Rows": 3121977,
                                            "Actual Loops": 1
                                        },
                                        {
                                            "Worker Number": 4,
                                            "Actual Startup Time": 205.596,
                                            "Actual Total Time": 612.366,
                                            "Actual Rows": 1906519,
                                            "Actual Loops": 1
                                        },
                                        {
                                            "Worker Number": 5,
                                            "Actual Startup Time": 205.86,
                                            "Actual Total Time": 614.573,
                                            "Actual Rows": 3056585,
                                            "Actual Loops": 1
                                        }
                                    ]
                                }
                            ]
                        }
                    ]
                }
            ]
        },
        "Planning Time": 193.448,
        "Triggers": [],
        "Execution Time": 780.114
    }
]