[
  {
    "Plan": {
      "Node Type": "Aggregate",
      "Strategy": "Plain",
      "Partial Mode": "Finalize",
      "Parallel Aware": false,
      "Startup Cost": 33921.7,
      "Total Cost": 33921.71,
      "Plan Rows": 1,
      "Plan Width": 8,
      "Actual Startup Time": 106.793,
      "Actual Total Time": 115.709,
      "Actual Rows": 1,
      "Actual Loops": 1,
      "Plans": [
        {
          "Node Type": "Gather",
          "Parent Relationship": "Outer",
          "Parallel Aware": false,
          "Startup Cost": 33921.39,
          "Total Cost": 33921.7,
          "Plan Rows": 3,
          "Plan Width": 8,
          "Actual Startup Time": 106.517,
          "Actual Total Time": 115.699,
          "Actual Rows": 4,
          "Actual Loops": 1,
          "Workers Planned": 3,
          "Workers Launched": 3,
          "Single Copy": false,
          "Plans": [
            {
              "Node Type": "Aggregate",
              "Strategy": "Plain",
              "Partial Mode": "Partial",
              "Parent Relationship": "Outer",
              "Parallel Aware": false,
              "Startup Cost": 32921.39,
              "Total Cost": 32921.4,
              "Plan Rows": 1,
              "Plan Width": 8,
              "Actual Startup Time": 99.112,
              "Actual Total Time": 99.113,
              "Actual Rows": 1,
              "Actual Loops": 4,
              "Plans": [
                {
                  "Node Type": "Bitmap Heap Scan",
                  "Parent Relationship": "Outer",
                  "Parallel Aware": true,
                  "Relation Name": "movie_keyword",
                  "Alias": "mk",
                  "Startup Cost": 6894.95,
                  "Total Cost": 32659.31,
                  "Plan Rows": 104829,
                  "Plan Width": 0,
                  "Actual Startup Time": 31.414,
                  "Actual Total Time": 93.837,
                  "Actual Rows": 85144,
                  "Actual Loops": 4,
                  "Recheck Cond": "(keyword_id < 283)",
                  "Rows Removed by Index Recheck": 0,
                  "Exact Heap Blocks": 12131,
                  "Lossy Heap Blocks": 0,
                  "Plans": [
                    {
                      "Node Type": "Bitmap Index Scan",
                      "Parent Relationship": "Outer",
                      "Parallel Aware": false,
                      "Index Name": "keyword_id_movie_keyword",
                      "Startup Cost": 0.0,
                      "Total Cost": 6813.71,
                      "Plan Rows": 324970,
                      "Plan Width": 0,
                      "Actual Startup Time": 34.124,
                      "Actual Total Time": 34.124,
                      "Actual Rows": 340576,
                      "Actual Loops": 1,
                      "Index Cond": "(keyword_id < 283)"
                    }
                  ]
                }
              ]
            }
          ]
        }
      ]
    },
    "Planning Time": 0.182,
    "Triggers": [],
    "Execution Time": 115.796
  }
]