[
  {
    "Plan": {
      "Node Type": "Aggregate",
      "Strategy": "Plain",
      "Partial Mode": "Finalize",
      "Parallel Aware": false,
      "Startup Cost": 126558.2,
      "Total Cost": 126558.21,
      "Plan Rows": 1,
      "Plan Width": 8,
      "Actual Startup Time": 451.96,
      "Actual Total Time": 476.903,
      "Actual Rows": 1,
      "Actual Loops": 1,
      "Plans": [
        {
          "Node Type": "Gather",
          "Parent Relationship": "Outer",
          "Parallel Aware": false,
          "Startup Cost": 126557.88,
          "Total Cost": 126558.19,
          "Plan Rows": 3,
          "Plan Width": 8,
          "Actual Startup Time": 448.464,
          "Actual Total Time": 476.893,
          "Actual Rows": 4,
          "Actual Loops": 1,
          "Workers Planned": 3,
          "Workers Launched": 3,
          "Single Copy": false,
          "Plans": [
            {
              "Node Type": "Aggregate",
              "Strategy": "Plain",
              "Partial Mode": "Partial",
              "Parent Relationship": "Outer",
              "Parallel Aware": false,
              "Startup Cost": 125557.88,
              "Total Cost": 125557.89,
              "Plan Rows": 1,
              "Plan Width": 8,
              "Actual Startup Time": 442.234,
              "Actual Total Time": 442.369,
              "Actual Rows": 1,
              "Actual Loops": 4,
              "Plans": [
                {
                  "Node Type": "Hash Join",
                  "Parent Relationship": "Outer",
                  "Parallel Aware": true,
                  "Join Type": "Inner",
                  "Startup Cost": 79709.98,
                  "Total Cost": 125481.68,
                  "Plan Rows": 30482,
                  "Plan Width": 0,
                  "Actual Startup Time": 264.837,
                  "Actual Total Time": 439.129,
                  "Actual Rows": 62512,
                  "Actual Loops": 4,
                  "Inner Unique": false,
                  "Hash Cond": "(mk.movie_id = t.id)",
                  "Plans": [
                    {
                      "Node Type": "Seq Scan",
                      "Parent Relationship": "Outer",
                      "Parallel Aware": true,
                      "Relation Name": "movie_keyword",
                      "Alias": "mk",
                      "Startup Cost": 0.0,
                      "Total Cost": 42695.65,
                      "Plan Rows": 794056,
                      "Plan Width": 4,
                      "Actual Startup Time": 0.396,
                      "Actual Total Time": 120.544,
                      "Actual Rows": 612554,
                      "Actual Loops": 4,
                      "Filter": "(keyword_id > 3666)",
                      "Rows Removed by Filter": 518428
                    },
                    {
                      "Node Type": "Hash",
                      "Parent Relationship": "Inner",
                      "Parallel Aware": true,
                      "Startup Cost": 79318.62,
                      "Total Cost": 79318.62,
                      "Plan Rows": 31309,
                      "Plan Width": 8,
                      "Actual Startup Time": 263.287,
                      "Actual Total Time": 263.42,
                      "Actual Rows": 14256,
                      "Actual Loops": 4,
                      "Hash Buckets": 131072,
                      "Original Hash Buckets": 131072,
                      "Hash Batches": 1,
                      "Original Hash Batches": 1,
                      "Peak Memory Usage": 3296,
                      "Plans": [
                        {
                          "Node Type": "Hash Join",
                          "Parent Relationship": "Outer",
                          "Parallel Aware": true,
                          "Join Type": "Inner",
                          "Startup Cost": 47597.14,
                          "Total Cost": 79318.62,
                          "Plan Rows": 31309,
                          "Plan Width": 8,
                          "Actual Startup Time": 203.68,
                          "Actual Total Time": 258.251,
                          "Actual Rows": 14256,
                          "Actual Loops": 4,
                          "Inner Unique": true,
                          "Hash Cond": "(mc.movie_id = t.id)",
                          "Plans": [
                            {
                              "Node Type": "Seq Scan",
                              "Parent Relationship": "Outer",
                              "Parallel Aware": true,
                              "Relation Name": "movie_companies",
                              "Alias": "mc",
                              "Startup Cost": 0.0,
                              "Total Cost": 31414.82,
                              "Plan Rows": 116826,
                              "Plan Width": 4,
                              "Actual Startup Time": 35.095,
                              "Actual Total Time": 68.952,
                              "Actual Rows": 51665,
                              "Actual Loops": 4,
                              "Filter": "((company_id < 1322) AND (company_type_id = 2))",
                              "Rows Removed by Filter": 600617
                            },
                            {
                              "Node Type": "Hash",
                              "Parent Relationship": "Inner",
                              "Parallel Aware": true,
                              "Startup Cost": 45479.59,
                              "Total Cost": 45479.59,
                              "Plan Rows": 169404,
                              "Plan Width": 4,
                              "Actual Startup Time": 166.273,
                              "Actual Total Time": 166.275,
                              "Actual Rows": 144071,
                              "Actual Loops": 4,
                              "Hash Buckets": 1048576,
                              "Original Hash Buckets": 1048576,
                              "Hash Batches": 1,
                              "Original Hash Batches": 1,
                              "Peak Memory Usage": 30816,
                              "Plans": [
                                {
                                  "Node Type": "Seq Scan",
                                  "Parent Relationship": "Outer",
                                  "Parallel Aware": true,
                                  "Relation Name": "title",
                                  "Alias": "t",
                                  "Startup Cost": 0.0,
                                  "Total Cost": 45479.59,
                                  "Plan Rows": 169404,
                                  "Plan Width": 4,
                                  "Actual Startup Time": 0.035,
                                  "Actual Total Time": 107.984,
                                  "Actual Rows": 144071,
                                  "Actual Loops": 4,
                                  "Filter": "((kind_id < 7) AND (production_year > 1991))",
                                  "Rows Removed by Filter": 488007
                                }
                              ]
                            }
                          ]
                        }
                      ]
                    }
                  ]
                }
              ]
            }
          ]
        }
      ]
    },
    "Planning Time": 0.84,
    "Triggers": [],
    "Execution Time": 476.955
  }
]