[
  {
    "Plan": {
      "Node Type": "Aggregate",
      "Strategy": "Plain",
      "Partial Mode": "Finalize",
      "Parallel Aware": false,
      "Startup Cost": 125046.41,
      "Total Cost": 125046.42,
      "Plan Rows": 1,
      "Plan Width": 8,
      "Actual Startup Time": 265.099,
      "Actual Total Time": 286.684,
      "Actual Rows": 1,
      "Actual Loops": 1,
      "Plans": [
        {
          "Node Type": "Gather",
          "Parent Relationship": "Outer",
          "Parallel Aware": false,
          "Startup Cost": 125045.99,
          "Total Cost": 125046.4,
          "Plan Rows": 4,
          "Plan Width": 8,
          "Actual Startup Time": 263.677,
          "Actual Total Time": 286.675,
          "Actual Rows": 5,
          "Actual Loops": 1,
          "Workers Planned": 4,
          "Workers Launched": 4,
          "Single Copy": false,
          "Plans": [
            {
              "Node Type": "Aggregate",
              "Strategy": "Plain",
              "Partial Mode": "Partial",
              "Parent Relationship": "Outer",
              "Parallel Aware": false,
              "Startup Cost": 124045.99,
              "Total Cost": 124046.0,
              "Plan Rows": 1,
              "Plan Width": 8,
              "Actual Startup Time": 253.042,
              "Actual Total Time": 253.045,
              "Actual Rows": 1,
              "Actual Loops": 5,
              "Plans": [
                {
                  "Node Type": "Nested Loop",
                  "Parent Relationship": "Outer",
                  "Parallel Aware": false,
                  "Join Type": "Inner",
                  "Startup Cost": 32866.13,
                  "Total Cost": 123987.38,
                  "Plan Rows": 23445,
                  "Plan Width": 0,
                  "Actual Startup Time": 82.076,
                  "Actual Total Time": 250.768,
                  "Actual Rows": 50009,
                  "Actual Loops": 5,
                  "Inner Unique": false,
                  "Plans": [
                    {
                      "Node Type": "Hash Join",
                      "Parent Relationship": "Outer",
                      "Parallel Aware": true,
                      "Join Type": "Inner",
                      "Startup Cost": 32865.69,
                      "Total Cost": 79271.19,
                      "Plan Rows": 24151,
                      "Plan Width": 8,
                      "Actual Startup Time": 81.823,
                      "Actual Total Time": 180.347,
                      "Actual Rows": 11405,
                      "Actual Loops": 5,
                      "Inner Unique": false,
                      "Hash Cond": "(t.id = mc.movie_id)",
                      "Plans": [
                        {
                          "Node Type": "Seq Scan",
                          "Parent Relationship": "Outer",
                          "Parallel Aware": true,
                          "Relation Name": "title",
                          "Alias": "t",
                          "Startup Cost": 0.0,
                          "Total Cost": 45479.1,
                          "Plan Rows": 169698,
                          "Plan Width": 4,
                          "Actual Startup Time": 0.012,
                          "Actual Total Time": 69.821,
                          "Actual Rows": 115257,
                          "Actual Loops": 5,
                          "Filter": "((kind_id < 7) AND (production_year > 1991))",
                          "Rows Removed by Filter": 390405
                        },
                        {
                          "Node Type": "Hash",
                          "Parent Relationship": "Inner",
                          "Parallel Aware": true,
                          "Startup Cost": 31414.82,
                          "Total Cost": 31414.82,
                          "Plan Rows": 116070,
                          "Plan Width": 4,
                          "Actual Startup Time": 79.037,
                          "Actual Total Time": 79.038,
                          "Actual Rows": 41332,
                          "Actual Loops": 5,
                          "Hash Buckets": 524288,
                          "Original Hash Buckets": 524288,
                          "Hash Batches": 1,
                          "Original Hash Batches": 1,
                          "Peak Memory Usage": 12256,
                          "Plans": [
                            {
                              "Node Type": "Seq Scan",
                              "Parent Relationship": "Outer",
                              "Parallel Aware": true,
                              "Relation Name": "movie_companies",
                              "Alias": "mc",
                              "Startup Cost": 0.0,
                              "Total Cost": 31414.82,
                              "Plan Rows": 116070,
                              "Plan Width": 4,
                              "Actual Startup Time": 40.901,
                              "Actual Total Time": 65.29,
                              "Actual Rows": 41332,
                              "Actual Loops": 5,
                              "Filter": "((company_id < 1322) AND (company_type_id = 2))",
                              "Rows Removed by Filter": 480494
                            }
                          ]
                        }
                      ]
                    },
                    {
                      "Node Type": "Index Scan",
                      "Parent Relationship": "Inner",
                      "Parallel Aware": false,
                      "Scan Direction": "Forward",
                      "Index Name": "movie_id_movie_keyword",
                      "Relation Name": "movie_keyword",
                      "Alias": "mk",
                      "Startup Cost": 0.43,
                      "Total Cost": 1.6,
                      "Plan Rows": 25,
                      "Plan Width": 4,
                      "Actual Startup Time": 0.005,
                      "Actual Total Time": 0.006,
                      "Actual Rows": 4,
                      "Actual Loops": 57026,
                      "Index Cond": "(movie_id = t.id)",
                      "Rows Removed by Index Recheck": 0,
                      "Filter": "(keyword_id > 3666)",
                      "Rows Removed by Filter": 4
                    }
                  ]
                }
              ]
            }
          ]
        }
      ]
    },
    "Planning Time": 1.401,
    "Triggers": [],
    "Execution Time": 286.77
  }
]