[
  {
    "Plan": {
      "Node Type": "Aggregate",
      "Strategy": "Plain",
      "Partial Mode": "Finalize",
      "Parallel Aware": false,
      "Startup Cost": 81478.11,
      "Total Cost": 81478.12,
      "Plan Rows": 1,
      "Plan Width": 8,
      "Actual Startup Time": 498.514,
      "Actual Total Time": 512.331,
      "Actual Rows": 1,
      "Actual Loops": 1,
      "Plans": [
        {
          "Node Type": "Gather",
          "Parent Relationship": "Outer",
          "Parallel Aware": false,
          "Startup Cost": 81477.79,
          "Total Cost": 81478.1,
          "Plan Rows": 3,
          "Plan Width": 8,
          "Actual Startup Time": 490.648,
          "Actual Total Time": 512.32,
          "Actual Rows": 4,
          "Actual Loops": 1,
          "Workers Planned": 3,
          "Workers Launched": 3,
          "Single Copy": false,
          "Plans": [
            {
              "Node Type": "Aggregate",
              "Strategy": "Plain",
              "Partial Mode": "Partial",
              "Parent Relationship": "Outer",
              "Parallel Aware": false,
              "Startup Cost": 80477.79,
              "Total Cost": 80477.8,
              "Plan Rows": 1,
              "Plan Width": 8,
              "Actual Startup Time": 478.208,
              "Actual Total Time": 478.211,
              "Actual Rows": 1,
              "Actual Loops": 4,
              "Plans": [
                {
                  "Node Type": "Hash Join",
                  "Parent Relationship": "Outer",
                  "Parallel Aware": true,
                  "Join Type": "Inner",
                  "Startup Cost": 49887.8,
                  "Total Cost": 79303.69,
                  "Plan Rows": 469642,
                  "Plan Width": 0,
                  "Actual Startup Time": 249.841,
                  "Actual Total Time": 470.97,
                  "Actual Rows": 176088,
                  "Actual Loops": 4,
                  "Inner Unique": true,
                  "Hash Cond": "(mc.movie_id = t.id)",
                  "Plans": [
                    {
                      "Node Type": "Seq Scan",
                      "Parent Relationship": "Outer",
                      "Parallel Aware": true,
                      "Relation Name": "movie_companies",
                      "Alias": "mc",
                      "Startup Cost": 0.0,
                      "Total Cost": 27206.55,
                      "Plan Rows": 841655,
                      "Plan Width": 4,
                      "Actual Startup Time": 0.019,
                      "Actual Total Time": 56.498,
                      "Actual Rows": 652282,
                      "Actual Loops": 4
                    },
                    {
                      "Node Type": "Hash",
                      "Parent Relationship": "Inner",
                      "Parallel Aware": true,
                      "Startup Cost": 45479.1,
                      "Total Cost": 45479.1,
                      "Plan Rows": 352696,
                      "Plan Width": 4,
                      "Actual Startup Time": 241.905,
                      "Actual Total Time": 241.906,
                      "Actual Rows": 369603,
                      "Actual Loops": 4,
                      "Hash Buckets": 2097152,
                      "Original Hash Buckets": 2097152,
                      "Hash Batches": 1,
                      "Original Hash Batches": 1,
                      "Peak Memory Usage": 74272,
                      "Plans": [
                        {
                          "Node Type": "Seq Scan",
                          "Parent Relationship": "Outer",
                          "Parallel Aware": true,
                          "Relation Name": "title",
                          "Alias": "t",
                          "Startup Cost": 0.0,
                          "Total Cost": 45479.1,
                          "Plan Rows": 352696,
                          "Plan Width": 4,
                          "Actual Startup Time": 0.035,
                          "Actual Total Time": 106.373,
                          "Actual Rows": 369603,
                          "Actual Loops": 4,
                          "Filter": "((production_year > 1938) AND (kind_id = 7))",
                          "Rows Removed by Filter": 262475
                        }
                      ]
                    }
                  ]
                }
              ]
            }
          ]
        }
      ]
    },
    "Planning Time": 0.516,
    "Triggers": [],
    "Execution Time": 512.391
  }
]