{
  "Plan": {
    "Node Type": "Aggregate",
    "Strategy": "Plain",
    "Partial Mode": "Finalize",
    "Parallel Aware": false,
    "Startup Cost": 707636.23,
    "Total Cost": 707636.24,
    "Plan Rows": 1,
    "Plan Width": 8,
    "Actual Startup Time": 10322.451,
    "Actual Total Time": 10391.738,
    "Actual Rows": 1,
    "Actual Loops": 1,
    "Plans": [
      {
        "Node Type": "Gather",
        "Parent Relationship": "Outer",
        "Parallel Aware": false,
        "Startup Cost": 707636.12,
        "Total Cost": 707636.23,
        "Plan Rows": 1,
        "Plan Width": 8,
        "Actual Startup Time": 10316.892,
        "Actual Total Time": 10391.726,
        "Actual Rows": 2,
        "Actual Loops": 1,
        "Workers Planned": 1,
        "Workers Launched": 1,
        "Single Copy": false,
        "Plans": [
          {
            "Node Type": "Aggregate",
            "Strategy": "Plain",
            "Partial Mode": "Partial",
            "Parent Relationship": "Outer",
            "Parallel Aware": false,
            "Startup Cost": 706636.12,
            "Total Cost": 706636.13,
            "Plan Rows": 1,
            "Plan Width": 8,
            "Actual Startup Time": 10311.421,
            "Actual Total Time": 10311.433,
            "Actual Rows": 1,
            "Actual Loops": 2,
            "Plans": [
              {
                "Node Type": "Hash Join",
                "Parent Relationship": "Outer",
                "Parallel Aware": true,
                "Join Type": "Inner",
                "Startup Cost": 93098.72,
                "Total Cost": 696268.49,
                "Plan Rows": 4147053,
                "Plan Width": 0,
                "Actual Startup Time": 497.69,
                "Actual Total Time": 10122.925,
                "Actual Rows": 4636435,
                "Actual Loops": 2,
                "Inner Unique": false,
                "Hash Cond": "(t.id = mi_idx.movie_id)",
                "Plans": [
                  {
                    "Node Type": "Hash Join",
                    "Parent Relationship": "Outer",
                    "Parallel Aware": true,
                    "Join Type": "Inner",
                    "Startup Cost": 68258.63,
                    "Total Cost": 589991.98,
                    "Plan Rows": 11408394,
                    "Plan Width": 8,
                    "Actual Startup Time": 318.073,
                    "Actual Total Time": 7266.94,
                    "Actual Rows": 9442308,
                    "Actual Loops": 2,
                    "Inner Unique": true,
                    "Hash Cond": "(ci.movie_id = t.id)",
                    "Plans": [
                      {
                        "Node Type": "Seq Scan",
                        "Parent Relationship": "Outer",
                        "Parallel Aware": true,
                        "Relation Name": "cast_info",
                        "Alias": "ci",
                        "Startup Cost": 0.0,
                        "Total Cost": 465792.95,
                        "Plan Rows": 21310595,
                        "Plan Width": 4,
                        "Actual Startup Time": 0.013,
                        "Actual Total Time": 1343.746,
                        "Actual Rows": 18122172,
                        "Actual Loops": 2
                      },
                      {
                        "Node Type": "Hash",
                        "Parent Relationship": "Inner",
                        "Parallel Aware": true,
                        "Startup Cost": 58306.47,
                        "Total Cost": 58306.47,
                        "Plan Rows": 796173,
                        "Plan Width": 4,
                        "Actual Startup Time": 311.974,
                        "Actual Total Time": 311.974,
                        "Actual Rows": 663890,
                        "Actual Loops": 2,
                        "Hash Buckets": 2097152,
                        "Original Hash Buckets": 2097152,
                        "Hash Batches": 1,
                        "Original Hash Batches": 1,
                        "Peak Memory Usage": 68352,
                        "Plans": [
                          {
                            "Node Type": "Seq Scan",
                            "Parent Relationship": "Outer",
                            "Parallel Aware": true,
                            "Relation Name": "title",
                            "Alias": "t",
                            "Startup Cost": 0.0,
                            "Total Cost": 58306.47,
                            "Plan Rows": 796173,
                            "Plan Width": 4,
                            "Actual Startup Time": 0.016,
                            "Actual Total Time": 155.071,
                            "Actual Rows": 663890,
                            "Actual Loops": 2,
                            "Filter": "((production_year < 2012) AND (kind_id = 7))",
                            "Rows Removed by Filter": 600266
                          }
                        ]
                      }
                    ]
                  },
                  {
                    "Node Type": "Hash",
                    "Parent Relationship": "Inner",
                    "Parallel Aware": true,
                    "Startup Cost": 18082.32,
                    "Total Cost": 18082.32,
                    "Plan Rows": 540622,
                    "Plan Width": 4,
                    "Actual Startup Time": 170.311,
                    "Actual Total Time": 170.312,
                    "Actual Rows": 459925,
                    "Actual Loops": 2,
                    "Hash Buckets": 1048576,
                    "Original Hash Buckets": 1048576,
                    "Hash Batches": 1,
                    "Original Hash Batches": 1,
                    "Peak Memory Usage": 44192,
                    "Plans": [
                      {
                        "Node Type": "Seq Scan",
                        "Parent Relationship": "Outer",
                        "Parallel Aware": true,
                        "Relation Name": "movie_info_idx",
                        "Alias": "mi_idx",
                        "Startup Cost": 0.0,
                        "Total Cost": 18082.32,
                        "Plan Rows": 540622,
                        "Plan Width": 4,
                        "Actual Startup Time": 0.059,
                        "Actual Total Time": 77.208,
                        "Actual Rows": 459925,
                        "Actual Loops": 2,
                        "Filter": "(info_type_id < 101)",
                        "Rows Removed by Filter": 230092
                      }
                    ]
                  }
                ]
              }
            ]
          }
        ]
      }
    ]
  },
  "Planning Time": 0.911,
  "Triggers": [],
  "Execution Time": 10391.836
}