[
  {
    "Plan": {
      "Node Type": "Aggregate",
      "Strategy": "Plain",
      "Partial Mode": "Simple",
      "Parallel Aware": false,
      "Startup Cost": 3226.4,
      "Total Cost": 3226.41,
      "Plan Rows": 1,
      "Plan Width": 8,
      "Actual Startup Time": 52.629,
      "Actual Total Time": 52.631,
      "Actual Rows": 1,
      "Actual Loops": 1,
      "Plans": [
        {
          "Node Type": "Nested Loop",
          "Parent Relationship": "Outer",
          "Parallel Aware": false,
          "Join Type": "Inner",
          "Startup Cost": 7.23,
          "Total Cost": 3225.25,
          "Plan Rows": 460,
          "Plan Width": 0,
          "Actual Startup Time": 1.357,
          "Actual Total Time": 49.872,
          "Actual Rows": 40404,
          "Actual Loops": 1,
          "Inner Unique": false,
          "Plans": [
            {
              "Node Type": "Nested Loop",
              "Parent Relationship": "Outer",
              "Parallel Aware": false,
              "Join Type": "Inner",
              "Startup Cost": 6.79,
              "Total Cost": 3018.6,
              "Plan Rows": 78,
              "Plan Width": 8,
              "Actual Startup Time": 1.34,
              "Actual Total Time": 17.73,
              "Actual Rows": 823,
              "Actual Loops": 1,
              "Inner Unique": true,
              "Plans": [
                {
                  "Node Type": "Bitmap Heap Scan",
                  "Parent Relationship": "Outer",
                  "Parallel Aware": false,
                  "Relation Name": "movie_keyword",
                  "Alias": "mk",
                  "Startup Cost": 6.36,
                  "Total Cost": 926.55,
                  "Plan Rows": 249,
                  "Plan Width": 4,
                  "Actual Startup Time": 1.297,
                  "Actual Total Time": 5.257,
                  "Actual Rows": 2506,
                  "Actual Loops": 1,
                  "Recheck Cond": "(keyword_id = 2853)",
                  "Rows Removed by Index Recheck": 0,
                  "Exact Heap Blocks": 2033,
                  "Lossy Heap Blocks": 0,
                  "Plans": [
                    {
                      "Node Type": "Bitmap Index Scan",
                      "Parent Relationship": "Outer",
                      "Parallel Aware": false,
                      "Index Name": "keyword_id_movie_keyword",
                      "Startup Cost": 0.0,
                      "Total Cost": 6.3,
                      "Plan Rows": 249,
                      "Plan Width": 0,
                      "Actual Startup Time": 0.815,
                      "Actual Total Time": 0.815,
                      "Actual Rows": 2506,
                      "Actual Loops": 1,
                      "Index Cond": "(keyword_id = 2853)"
                    }
                  ]
                },
                {
                  "Node Type": "Index Scan",
                  "Parent Relationship": "Inner",
                  "Parallel Aware": false,
                  "Scan Direction": "Forward",
                  "Index Name": "title_pkey",
                  "Relation Name": "title",
                  "Alias": "t",
                  "Startup Cost": 0.43,
                  "Total Cost": 8.4,
                  "Plan Rows": 1,
                  "Plan Width": 4,
                  "Actual Startup Time": 0.005,
                  "Actual Total Time": 0.005,
                  "Actual Rows": 0,
                  "Actual Loops": 2506,
                  "Index Cond": "(id = mk.movie_id)",
                  "Rows Removed by Index Recheck": 0,
                  "Filter": "(production_year < 1995)",
                  "Rows Removed by Filter": 1
                }
              ]
            },
            {
              "Node Type": "Index Only Scan",
              "Parent Relationship": "Inner",
              "Parallel Aware": false,
              "Scan Direction": "Forward",
              "Index Name": "movie_id_movie_info",
              "Relation Name": "movie_info",
              "Alias": "mi",
              "Startup Cost": 0.43,
              "Total Cost": 2.24,
              "Plan Rows": 41,
              "Plan Width": 4,
              "Actual Startup Time": 0.008,
              "Actual Total Time": 0.034,
              "Actual Rows": 49,
              "Actual Loops": 823,
              "Index Cond": "(movie_id = t.id)",
              "Rows Removed by Index Recheck": 0,
              "Heap Fetches": 40404
            }
          ]
        }
      ]
    },
    "Planning Time": 0.932,
    "Triggers": [],
    "Execution Time": 52.687
  }
]