{
  "Plan": {
    "Node Type": "Aggregate",
    "Strategy": "Plain",
    "Partial Mode": "Finalize",
    "Parallel Aware": false,
    "Startup Cost": 600033.7,
    "Total Cost": 600033.71,
    "Plan Rows": 1,
    "Plan Width": 8,
    "Actual Startup Time": 5888.812,
    "Actual Total Time": 5957.393,
    "Actual Rows": 1,
    "Actual Loops": 1,
    "Plans": [
      {
        "Node Type": "Gather",
        "Parent Relationship": "Outer",
        "Parallel Aware": false,
        "Startup Cost": 600033.59,
        "Total Cost": 600033.7,
        "Plan Rows": 1,
        "Plan Width": 8,
        "Actual Startup Time": 5887.503,
        "Actual Total Time": 5957.381,
        "Actual Rows": 2,
        "Actual Loops": 1,
        "Workers Planned": 1,
        "Workers Launched": 1,
        "Single Copy": false,
        "Plans": [
          {
            "Node Type": "Aggregate",
            "Strategy": "Plain",
            "Partial Mode": "Partial",
            "Parent Relationship": "Outer",
            "Parallel Aware": false,
            "Startup Cost": 599033.59,
            "Total Cost": 599033.6,
            "Plan Rows": 1,
            "Plan Width": 8,
            "Actual Startup Time": 5881.737,
            "Actual Total Time": 5881.74,
            "Actual Rows": 1,
            "Actual Loops": 2,
            "Plans": [
              {
                "Node Type": "Hash Join",
                "Parent Relationship": "Outer",
                "Parallel Aware": true,
                "Join Type": "Inner",
                "Startup Cost": 63219.74,
                "Total Cost": 584953.1,
                "Plan Rows": 5632198,
                "Plan Width": 0,
                "Actual Startup Time": 241.31,
                "Actual Total Time": 5679.702,
                "Actual Rows": 4666346,
                "Actual Loops": 2,
                "Inner Unique": true,
                "Hash Cond": "(ci.movie_id = t.id)",
                "Plans": [
                  {
                    "Node Type": "Seq Scan",
                    "Parent Relationship": "Outer",
                    "Parallel Aware": true,
                    "Relation Name": "cast_info",
                    "Alias": "ci",
                    "Startup Cost": 0.0,
                    "Total Cost": 465792.95,
                    "Plan Rows": 21310595,
                    "Plan Width": 4,
                    "Actual Startup Time": 0.014,
                    "Actual Total Time": 1434.023,
                    "Actual Rows": 18122172,
                    "Actual Loops": 2
                  },
                  {
                    "Node Type": "Hash",
                    "Parent Relationship": "Inner",
                    "Parallel Aware": true,
                    "Startup Cost": 58306.47,
                    "Total Cost": 58306.47,
                    "Plan Rows": 393062,
                    "Plan Width": 4,
                    "Actual Startup Time": 232.007,
                    "Actual Total Time": 232.008,
                    "Actual Rows": 283044,
                    "Actual Loops": 2,
                    "Hash Buckets": 1048576,
                    "Original Hash Buckets": 1048576,
                    "Hash Batches": 1,
                    "Original Hash Batches": 1,
                    "Peak Memory Usage": 30368,
                    "Plans": [
                      {
                        "Node Type": "Seq Scan",
                        "Parent Relationship": "Outer",
                        "Parallel Aware": true,
                        "Relation Name": "title",
                        "Alias": "t",
                        "Startup Cost": 0.0,
                        "Total Cost": 58306.47,
                        "Plan Rows": 393062,
                        "Plan Width": 4,
                        "Actual Startup Time": 0.036,
                        "Actual Total Time": 155.178,
                        "Actual Rows": 283044,
                        "Actual Loops": 2,
                        "Filter": "((kind_id < 7) AND (production_year > 1992))",
                        "Rows Removed by Filter": 981112
                      }
                    ]
                  }
                ]
              }
            ]
          }
        ]
      }
    ]
  },
  "Planning Time": 0.637,
  "Triggers": [],
  "Execution Time": 5957.477
}