[
  {
    "Plan": {
      "Node Type": "Aggregate",
      "Strategy": "Plain",
      "Partial Mode": "Finalize",
      "Parallel Aware": false,
      "Startup Cost": 224626.75,
      "Total Cost": 224626.76,
      "Plan Rows": 1,
      "Plan Width": 8,
      "Actual Startup Time": 3380.164,
      "Actual Total Time": 3441.404,
      "Actual Rows": 1,
      "Actual Loops": 1,
      "Plans": [
        {
          "Node Type": "Gather",
          "Parent Relationship": "Outer",
          "Parallel Aware": false,
          "Startup Cost": 224626.44,
          "Total Cost": 224626.75,
          "Plan Rows": 3,
          "Plan Width": 8,
          "Actual Startup Time": 3337.869,
          "Actual Total Time": 3441.391,
          "Actual Rows": 4,
          "Actual Loops": 1,
          "Workers Planned": 3,
          "Workers Launched": 3,
          "Single Copy": false,
          "Plans": [
            {
              "Node Type": "Aggregate",
              "Strategy": "Plain",
              "Partial Mode": "Partial",
              "Parent Relationship": "Outer",
              "Parallel Aware": false,
              "Startup Cost": 223626.44,
              "Total Cost": 223626.45,
              "Plan Rows": 1,
              "Plan Width": 8,
              "Actual Startup Time": 3324.008,
              "Actual Total Time": 3325.939,
              "Actual Rows": 1,
              "Actual Loops": 4,
              "Plans": [
                {
                  "Node Type": "Hash Join",
                  "Parent Relationship": "Outer",
                  "Parallel Aware": true,
                  "Join Type": "Inner",
                  "Startup Cost": 174108.6,
                  "Total Cost": 220849.76,
                  "Plan Rows": 1110671,
                  "Plan Width": 0,
                  "Actual Startup Time": 1629.846,
                  "Actual Total Time": 2788.594,
                  "Actual Rows": 11267354,
                  "Actual Loops": 4,
                  "Inner Unique": false,
                  "Hash Cond": "(mk.movie_id = t.id)",
                  "Plans": [
                    {
                      "Node Type": "Seq Scan",
                      "Parent Relationship": "Outer",
                      "Parallel Aware": true,
                      "Relation Name": "movie_keyword",
                      "Alias": "mk",
                      "Startup Cost": 0.0,
                      "Total Cost": 39047.32,
                      "Plan Rows": 1459332,
                      "Plan Width": 4,
                      "Actual Startup Time": 0.049,
                      "Actual Total Time": 95.623,
                      "Actual Rows": 1130982,
                      "Actual Loops": 4
                    },
                    {
                      "Node Type": "Hash",
                      "Parent Relationship": "Inner",
                      "Parallel Aware": true,
                      "Startup Cost": 169297.76,
                      "Total Cost": 169297.76,
                      "Plan Rows": 384867,
                      "Plan Width": 8,
                      "Actual Startup Time": 1621.407,
                      "Actual Total Time": 1623.336,
                      "Actual Rows": 883894,
                      "Actual Loops": 4,
                      "Hash Buckets": 4194304,
                      "Original Hash Buckets": 2097152,
                      "Hash Batches": 1,
                      "Original Hash Batches": 1,
                      "Peak Memory Usage": 187520,
                      "Plans": [
                        {
                          "Node Type": "Hash Join",
                          "Parent Relationship": "Outer",
                          "Parallel Aware": true,
                          "Join Type": "Inner",
                          "Startup Cost": 50220.95,
                          "Total Cost": 169297.76,
                          "Plan Rows": 384867,
                          "Plan Width": 8,
                          "Actual Startup Time": 405.889,
                          "Actual Total Time": 1165.25,
                          "Actual Rows": 883894,
                          "Actual Loops": 4,
                          "Inner Unique": true,
                          "Hash Cond": "(ci.movie_id = t.id)",
                          "Plans": [
                            {
                              "Node Type": "Index Scan",
                              "Parent Relationship": "Outer",
                              "Parallel Aware": true,
                              "Scan Direction": "Forward",
                              "Index Name": "role_id_cast_info",
                              "Relation Name": "cast_info",
                              "Alias": "ci",
                              "Startup Cost": 0.56,
                              "Total Cost": 118067.1,
                              "Plan Rows": 384867,
                              "Plan Width": 4,
                              "Actual Startup Time": 0.205,
                              "Actual Total Time": 287.59,
                              "Actual Rows": 883894,
                              "Actual Loops": 4,
                              "Index Cond": "(role_id = 10)",
                              "Rows Removed by Index Recheck": 0,
                              "Filter": "(person_id > 2051593)",
                              "Rows Removed by Filter": 196861
                            },
                            {
                              "Node Type": "Hash",
                              "Parent Relationship": "Inner",
                              "Parallel Aware": true,
                              "Startup Cost": 42319.06,
                              "Total Cost": 42319.06,
                              "Plan Rows": 632106,
                              "Plan Width": 4,
                              "Actual Startup Time": 395.951,
                              "Actual Total Time": 395.953,
                              "Actual Rows": 632078,
                              "Actual Loops": 4,
                              "Hash Buckets": 4194304,
                              "Original Hash Buckets": 4194304,
                              "Hash Batches": 1,
                              "Original Hash Batches": 1,
                              "Peak Memory Usage": 131744,
                              "Plans": [
                                {
                                  "Node Type": "Seq Scan",
                                  "Parent Relationship": "Outer",
                                  "Parallel Aware": true,
                                  "Relation Name": "title",
                                  "Alias": "t",
                                  "Startup Cost": 0.0,
                                  "Total Cost": 42319.06,
                                  "Plan Rows": 632106,
                                  "Plan Width": 4,
                                  "Actual Startup Time": 0.061,
                                  "Actual Total Time": 113.11,
                                  "Actual Rows": 632078,
                                  "Actual Loops": 4
                                }
                              ]
                            }
                          ]
                        }
                      ]
                    }
                  ]
                }
              ]
            }
          ]
        }
      ]
    },
    "Planning Time": 1.304,
    "Triggers": [],
    "Execution Time": 3441.502
  }
]