{
  "Plan": {
    "Node Type": "Aggregate",
    "Strategy": "Plain",
    "Partial Mode": "Finalize",
    "Parallel Aware": false,
    "Startup Cost": 121908.07,
    "Total Cost": 121908.08,
    "Plan Rows": 1,
    "Plan Width": 8,
    "Actual Startup Time": 531.208,
    "Actual Total Time": 548.177,
    "Actual Rows": 1,
    "Actual Loops": 1,
    "Plans": [
      {
        "Node Type": "Gather",
        "Parent Relationship": "Outer",
        "Parallel Aware": false,
        "Startup Cost": 121907.96,
        "Total Cost": 121908.07,
        "Plan Rows": 1,
        "Plan Width": 8,
        "Actual Startup Time": 530.408,
        "Actual Total Time": 548.171,
        "Actual Rows": 2,
        "Actual Loops": 1,
        "Workers Planned": 1,
        "Workers Launched": 1,
        "Single Copy": false,
        "Plans": [
          {
            "Node Type": "Aggregate",
            "Strategy": "Plain",
            "Partial Mode": "Partial",
            "Parent Relationship": "Outer",
            "Parallel Aware": false,
            "Startup Cost": 120907.96,
            "Total Cost": 120907.97,
            "Plan Rows": 1,
            "Plan Width": 8,
            "Actual Startup Time": 524.644,
            "Actual Total Time": 524.648,
            "Actual Rows": 1,
            "Actual Loops": 2,
            "Plans": [
              {
                "Node Type": "Hash Join",
                "Parent Relationship": "Outer",
                "Parallel Aware": true,
                "Join Type": "Inner",
                "Startup Cost": 61657.79,
                "Total Cost": 119708.64,
                "Plan Rows": 479728,
                "Plan Width": 0,
                "Actual Startup Time": 189.118,
                "Actual Total Time": 519.312,
                "Actual Rows": 135569,
                "Actual Loops": 2,
                "Inner Unique": true,
                "Hash Cond": "(mk.movie_id = t.id)",
                "Plans": [
                  {
                    "Node Type": "Seq Scan",
                    "Parent Relationship": "Outer",
                    "Parallel Aware": true,
                    "Relation Name": "movie_keyword",
                    "Alias": "mk",
                    "Startup Cost": 0.0,
                    "Total Cost": 51065.35,
                    "Plan Rows": 2661135,
                    "Plan Width": 4,
                    "Actual Startup Time": 0.013,
                    "Actual Total Time": 148.814,
                    "Actual Rows": 2261965,
                    "Actual Loops": 2
                  },
                  {
                    "Node Type": "Hash",
                    "Parent Relationship": "Inner",
                    "Parallel Aware": true,
                    "Startup Cost": 58306.47,
                    "Total Cost": 58306.47,
                    "Plan Rows": 268106,
                    "Plan Width": 4,
                    "Actual Startup Time": 183.185,
                    "Actual Total Time": 183.186,
                    "Actual Rows": 160884,
                    "Actual Loops": 2,
                    "Hash Buckets": 524288,
                    "Original Hash Buckets": 524288,
                    "Hash Batches": 1,
                    "Original Hash Batches": 1,
                    "Peak Memory Usage": 16736,
                    "Plans": [
                      {
                        "Node Type": "Seq Scan",
                        "Parent Relationship": "Outer",
                        "Parallel Aware": true,
                        "Relation Name": "title",
                        "Alias": "t",
                        "Startup Cost": 0.0,
                        "Total Cost": 58306.47,
                        "Plan Rows": 268106,
                        "Plan Width": 4,
                        "Actual Startup Time": 0.03,
                        "Actual Total Time": 144.41,
                        "Actual Rows": 160884,
                        "Actual Loops": 2,
                        "Filter": "((kind_id > 1) AND (production_year < 1987))",
                        "Rows Removed by Filter": 1103272
                      }
                    ]
                  }
                ]
              }
            ]
          }
        ]
      }
    ]
  },
  "Planning Time": 0.535,
  "Triggers": [],
  "Execution Time": 548.24
}