[
  {
    "Plan": {
      "Node Type": "Aggregate",
      "Strategy": "Plain",
      "Partial Mode": "Finalize",
      "Parallel Aware": false,
      "Startup Cost": 79439.49,
      "Total Cost": 79439.5,
      "Plan Rows": 1,
      "Plan Width": 8,
      "Actual Startup Time": 256.206,
      "Actual Total Time": 270.263,
      "Actual Rows": 1,
      "Actual Loops": 1,
      "Plans": [
        {
          "Node Type": "Gather",
          "Parent Relationship": "Outer",
          "Parallel Aware": false,
          "Startup Cost": 79439.07,
          "Total Cost": 79439.48,
          "Plan Rows": 4,
          "Plan Width": 8,
          "Actual Startup Time": 254.116,
          "Actual Total Time": 270.248,
          "Actual Rows": 5,
          "Actual Loops": 1,
          "Workers Planned": 4,
          "Workers Launched": 4,
          "Single Copy": false,
          "Plans": [
            {
              "Node Type": "Aggregate",
              "Strategy": "Plain",
              "Partial Mode": "Partial",
              "Parent Relationship": "Outer",
              "Parallel Aware": false,
              "Startup Cost": 78439.07,
              "Total Cost": 78439.08,
              "Plan Rows": 1,
              "Plan Width": 8,
              "Actual Startup Time": 244.925,
              "Actual Total Time": 245.067,
              "Actual Rows": 1,
              "Actual Loops": 5,
              "Plans": [
                {
                  "Node Type": "Hash Join",
                  "Parent Relationship": "Outer",
                  "Parallel Aware": true,
                  "Join Type": "Inner",
                  "Startup Cost": 32405.33,
                  "Total Cost": 78345.75,
                  "Plan Rows": 37330,
                  "Plan Width": 0,
                  "Actual Startup Time": 103.964,
                  "Actual Total Time": 244.027,
                  "Actual Rows": 20204,
                  "Actual Loops": 5,
                  "Inner Unique": false,
                  "Hash Cond": "(t.id = mc.movie_id)",
                  "Plans": [
                    {
                      "Node Type": "Seq Scan",
                      "Parent Relationship": "Outer",
                      "Parallel Aware": true,
                      "Relation Name": "title",
                      "Alias": "t",
                      "Startup Cost": 0.0,
                      "Total Cost": 43898.92,
                      "Plan Rows": 384216,
                      "Plan Width": 4,
                      "Actual Startup Time": 0.011,
                      "Actual Total Time": 70.05,
                      "Actual Rows": 308653,
                      "Actual Loops": 5,
                      "Filter": "(kind_id = 7)",
                      "Rows Removed by Filter": 197010
                    },
                    {
                      "Node Type": "Hash",
                      "Parent Relationship": "Inner",
                      "Parallel Aware": true,
                      "Startup Cost": 31414.82,
                      "Total Cost": 31414.82,
                      "Plan Rows": 79241,
                      "Plan Width": 4,
                      "Actual Startup Time": 101.362,
                      "Actual Total Time": 101.363,
                      "Actual Rows": 98303,
                      "Actual Loops": 5,
                      "Hash Buckets": 524288,
                      "Original Hash Buckets": 262144,
                      "Hash Batches": 1,
                      "Original Hash Batches": 1,
                      "Peak Memory Usage": 25472,
                      "Plans": [
                        {
                          "Node Type": "Seq Scan",
                          "Parent Relationship": "Outer",
                          "Parallel Aware": true,
                          "Relation Name": "movie_companies",
                          "Alias": "mc",
                          "Startup Cost": 0.0,
                          "Total Cost": 31414.82,
                          "Plan Rows": 79241,
                          "Plan Width": 4,
                          "Actual Startup Time": 41.416,
                          "Actual Total Time": 67.828,
                          "Actual Rows": 98303,
                          "Actual Loops": 5,
                          "Filter": "((company_id > 74648) AND (company_type_id > 1))",
                          "Rows Removed by Filter": 423522
                        }
                      ]
                    }
                  ]
                }
              ]
            }
          ]
        }
      ]
    },
    "Planning Time": 0.718,
    "Triggers": [],
    "Execution Time": 270.335
  }
]