[
  {
    "Plan": {
      "Node Type": "Aggregate",
      "Strategy": "Plain",
      "Partial Mode": "Finalize",
      "Parallel Aware": false,
      "Startup Cost": 33053.36,
      "Total Cost": 33053.37,
      "Plan Rows": 1,
      "Plan Width": 8,
      "Actual Startup Time": 109.582,
      "Actual Total Time": 117.355,
      "Actual Rows": 1,
      "Actual Loops": 1,
      "Plans": [
        {
          "Node Type": "Gather",
          "Parent Relationship": "Outer",
          "Parallel Aware": false,
          "Startup Cost": 33053.04,
          "Total Cost": 33053.35,
          "Plan Rows": 3,
          "Plan Width": 8,
          "Actual Startup Time": 109.441,
          "Actual Total Time": 117.346,
          "Actual Rows": 4,
          "Actual Loops": 1,
          "Workers Planned": 3,
          "Workers Launched": 3,
          "Single Copy": false,
          "Plans": [
            {
              "Node Type": "Aggregate",
              "Strategy": "Plain",
              "Partial Mode": "Partial",
              "Parent Relationship": "Outer",
              "Parallel Aware": false,
              "Startup Cost": 32053.04,
              "Total Cost": 32053.05,
              "Plan Rows": 1,
              "Plan Width": 8,
              "Actual Startup Time": 101.112,
              "Actual Total Time": 101.113,
              "Actual Rows": 1,
              "Actual Loops": 4,
              "Plans": [
                {
                  "Node Type": "Seq Scan",
                  "Parent Relationship": "Outer",
                  "Parallel Aware": true,
                  "Relation Name": "movie_companies",
                  "Alias": "mc",
                  "Startup Cost": 0.0,
                  "Total Cost": 31414.82,
                  "Plan Rows": 255289,
                  "Plan Width": 0,
                  "Actual Startup Time": 51.68,
                  "Actual Total Time": 89.788,
                  "Actual Rows": 252986,
                  "Actual Loops": 4,
                  "Filter": "((company_id > 6150) AND (company_type_id = 2))",
                  "Rows Removed by Filter": 399297
                }
              ]
            }
          ]
        }
      ]
    },
    "Planning Time": 0.198,
    "Triggers": [],
    "Execution Time": 117.408
  }
]