[
    {
        "Bao": {
            "Bao prediction": 1092.324,
            "Bao recommended hint": "SET enable_nestloop TO off; "
        }
    },
    {
        "Plan": {
            "Node Type": "Aggregate",
            "Strategy": "Plain",
            "Partial Mode": "Finalize",
            "Parallel Aware": false,
            "Startup Cost": 115528.27,
            "Total Cost": 115528.28,
            "Plan Rows": 1,
            "Plan Width": 8,
            "Actual Startup Time": 625.18,
            "Actual Total Time": 639.594,
            "Actual Rows": 1,
            "Actual Loops": 1,
            "Output": [
                "count(*)"
            ],
            "Plans": [
                {
                    "Node Type": "Gather",
                    "Parent Relationship": "Outer",
                    "Parallel Aware": false,
                    "Startup Cost": 115527.95,
                    "Total Cost": 115528.26,
                    "Plan Rows": 3,
                    "Plan Width": 8,
                    "Actual Startup Time": 622.843,
                    "Actual Total Time": 639.582,
                    "Actual Rows": 4,
                    "Actual Loops": 1,
                    "Output": [
                        "(PARTIAL count(*))"
                    ],
                    "Workers Planned": 3,
                    "Workers Launched": 3,
                    "Single Copy": false,
                    "Plans": [
                        {
                            "Node Type": "Aggregate",
                            "Strategy": "Plain",
                            "Partial Mode": "Partial",
                            "Parent Relationship": "Outer",
                            "Parallel Aware": false,
                            "Startup Cost": 114527.95,
                            "Total Cost": 114527.96,
                            "Plan Rows": 1,
                            "Plan Width": 8,
                            "Actual Startup Time": 614.179,
                            "Actual Total Time": 614.339,
                            "Actual Rows": 1,
                            "Actual Loops": 4,
                            "Output": [
                                "PARTIAL count(*)"
                            ],
                            "Workers": [
                                {
                                    "Worker Number": 0,
                                    "Actual Startup Time": 611.606,
                                    "Actual Total Time": 611.612,
                                    "Actual Rows": 1,
                                    "Actual Loops": 1
                                },
                                {
                                    "Worker Number": 1,
                                    "Actual Startup Time": 611.378,
                                    "Actual Total Time": 611.383,
                                    "Actual Rows": 1,
                                    "Actual Loops": 1
                                },
                                {
                                    "Worker Number": 2,
                                    "Actual Startup Time": 611.646,
                                    "Actual Total Time": 611.651,
                                    "Actual Rows": 1,
                                    "Actual Loops": 1
                                }
                            ],
                            "Plans": [
                                {
                                    "Node Type": "Hash Join",
                                    "Parent Relationship": "Outer",
                                    "Parallel Aware": true,
                                    "Join Type": "Inner",
                                    "Startup Cost": 69752.06,
                                    "Total Cost": 114399.91,
                                    "Plan Rows": 51215,
                                    "Plan Width": 0,
                                    "Actual Startup Time": 317.446,
                                    "Actual Total Time": 596.491,
                                    "Actual Rows": 273507,
                                    "Actual Loops": 4,
                                    "Inner Unique": false,
                                    "Hash Cond": "(mk.movie_id = t.id)",
                                    "Workers": [
                                        {
                                            "Worker Number": 0,
                                            "Actual Startup Time": 314.751,
                                            "Actual Total Time": 593.862,
                                            "Actual Rows": 271439,
                                            "Actual Loops": 1
                                        },
                                        {
                                            "Worker Number": 1,
                                            "Actual Startup Time": 314.714,
                                            "Actual Total Time": 594.245,
                                            "Actual Rows": 260992,
                                            "Actual Loops": 1
                                        },
                                        {
                                            "Worker Number": 2,
                                            "Actual Startup Time": 314.951,
                                            "Actual Total Time": 594.723,
                                            "Actual Rows": 259503,
                                            "Actual Loops": 1
                                        }
                                    ],
                                    "Plans": [
                                        {
                                            "Node Type": "Seq Scan",
                                            "Parent Relationship": "Outer",
                                            "Parallel Aware": true,
                                            "Relation Name": "movie_keyword",
                                            "Schema": "public",
                                            "Alias": "mk",
                                            "Startup Cost": 0.0,
                                            "Total Cost": 39047.32,
                                            "Plan Rows": 1459332,
                                            "Plan Width": 4,
                                            "Actual Startup Time": 0.019,
                                            "Actual Total Time": 121.178,
                                            "Actual Rows": 1130982,
                                            "Actual Loops": 4,
                                            "Output": [
                                                "mk.id",
                                                "mk.movie_id",
                                                "mk.keyword_id"
                                            ],
                                            "Workers": [
                                                {
                                                    "Worker Number": 0,
                                                    "Actual Startup Time": 0.02,
                                                    "Actual Total Time": 124.107,
                                                    "Actual Rows": 1105930,
                                                    "Actual Loops": 1
                                                },
                                                {
                                                    "Worker Number": 1,
                                                    "Actual Startup Time": 0.022,
                                                    "Actual Total Time": 125.08,
                                                    "Actual Rows": 1114565,
                                                    "Actual Loops": 1
                                                },
                                                {
                                                    "Worker Number": 2,
                                                    "Actual Startup Time": 0.02,
                                                    "Actual Total Time": 123.408,
                                                    "Actual Rows": 1100750,
                                                    "Actual Loops": 1
                                                }
                                            ]
                                        },
                                        {
                                            "Node Type": "Hash",
                                            "Parent Relationship": "Inner",
                                            "Parallel Aware": true,
                                            "Startup Cost": 69474.77,
                                            "Total Cost": 69474.77,
                                            "Plan Rows": 22183,
                                            "Plan Width": 8,
                                            "Actual Startup Time": 315.692,
                                            "Actual Total Time": 315.85,
                                            "Actual Rows": 35808,
                                            "Actual Loops": 4,
                                            "Output": [
                                                "t.id",
                                                "mc.movie_id"
                                            ],
                                            "Hash Buckets": 262144,
                                            "Original Hash Buckets": 131072,
                                            "Hash Batches": 1,
                                            "Original Hash Batches": 1,
                                            "Peak Memory Usage": 8736,
                                            "Workers": [
                                                {
                                                    "Worker Number": 0,
                                                    "Actual Startup Time": 313.977,
                                                    "Actual Total Time": 313.981,
                                                    "Actual Rows": 34834,
                                                    "Actual Loops": 1
                                                },
                                                {
                                                    "Worker Number": 1,
                                                    "Actual Startup Time": 314.181,
                                                    "Actual Total Time": 314.185,
                                                    "Actual Rows": 34899,
                                                    "Actual Loops": 1
                                                },
                                                {
                                                    "Worker Number": 2,
                                                    "Actual Startup Time": 314.454,
                                                    "Actual Total Time": 314.457,
                                                    "Actual Rows": 32374,
                                                    "Actual Loops": 1
                                                }
                                            ],
                                            "Plans": [
                                                {
                                                    "Node Type": "Hash Join",
                                                    "Parent Relationship": "Outer",
                                                    "Parallel Aware": true,
                                                    "Join Type": "Inner",
                                                    "Startup Cost": 23924.0,
                                                    "Total Cost": 69474.77,
                                                    "Plan Rows": 22183,
                                                    "Plan Width": 8,
                                                    "Actual Startup Time": 82.307,
                                                    "Actual Total Time": 294.366,
                                                    "Actual Rows": 35808,
                                                    "Actual Loops": 4,
                                                    "Output": [
                                                        "t.id",
                                                        "mc.movie_id"
                                                    ],
                                                    "Inner Unique": false,
                                                    "Hash Cond": "(t.id = mc.movie_id)",
                                                    "Workers": [
                                                        {
                                                            "Worker Number": 0,
                                                            "Actual Startup Time": 80.658,
                                                            "Actual Total Time": 295.125,
                                                            "Actual Rows": 34834,
                                                            "Actual Loops": 1
                                                        },
                                                        {
                                                            "Worker Number": 1,
                                                            "Actual Startup Time": 80.78,
                                                            "Actual Total Time": 291.238,
                                                            "Actual Rows": 34899,
                                                            "Actual Loops": 1
                                                        },
                                                        {
                                                            "Worker Number": 2,
                                                            "Actual Startup Time": 81.052,
                                                            "Actual Total Time": 289.135,
                                                            "Actual Rows": 32374,
                                                            "Actual Loops": 1
                                                        }
                                                    ],
                                                    "Plans": [
                                                        {
                                                            "Node Type": "Seq Scan",
                                                            "Parent Relationship": "Outer",
                                                            "Parallel Aware": true,
                                                            "Relation Name": "title",
                                                            "Schema": "public",
                                                            "Alias": "t",
                                                            "Startup Cost": 0.0,
                                                            "Total Cost": 42318.81,
                                                            "Plan Rows": 632080,
                                                            "Plan Width": 4,
                                                            "Actual Startup Time": 0.008,
                                                            "Actual Total Time": 91.679,
                                                            "Actual Rows": 632078,
                                                            "Actual Loops": 4,
                                                            "Output": [
                                                                "t.id",
                                                                "t.title",
                                                                "t.imdb_index",
                                                                "t.kind_id",
                                                                "t.production_year",
                                                                "t.imdb_id",
                                                                "t.phonetic_code",
                                                                "t.episode_of_id",
                                                                "t.season_nr",
                                                                "t.episode_nr",
                                                                "t.series_years",
                                                                "t.md5sum"
                                                            ],
                                                            "Workers": [
                                                                {
                                                                    "Worker Number": 0,
                                                                    "Actual Startup Time": 0.011,
                                                                    "Actual Total Time": 96.241,
                                                                    "Actual Rows": 614005,
                                                                    "Actual Loops": 1
                                                                },
                                                                {
                                                                    "Worker Number": 1,
                                                                    "Actual Startup Time": 0.007,
                                                                    "Actual Total Time": 95.147,
                                                                    "Actual Rows": 604739,
                                                                    "Actual Loops": 1
                                                                },
                                                                {
                                                                    "Worker Number": 2,
                                                                    "Actual Startup Time": 0.008,
                                                                    "Actual Total Time": 90.039,
                                                                    "Actual Rows": 565100,
                                                                    "Actual Loops": 1
                                                                }
                                                            ]
                                                        },
                                                        {
                                                            "Node Type": "Hash",
                                                            "Parent Relationship": "Inner",
                                                            "Parallel Aware": true,
                                                            "Startup Cost": 23566.22,
                                                            "Total Cost": 23566.22,
                                                            "Plan Rows": 28623,
                                                            "Plan Width": 4,
                                                            "Actual Startup Time": 81.667,
                                                            "Actual Total Time": 81.668,
                                                            "Actual Rows": 35808,
                                                            "Actual Loops": 4,
                                                            "Output": [
                                                                "mc.movie_id"
                                                            ],
                                                            "Hash Buckets": 262144,
                                                            "Original Hash Buckets": 131072,
                                                            "Hash Batches": 1,
                                                            "Original Hash Batches": 1,
                                                            "Peak Memory Usage": 8736,
                                                            "Workers": [
                                                                {
                                                                    "Worker Number": 0,
                                                                    "Actual Startup Time": 80.592,
                                                                    "Actual Total Time": 80.593,
                                                                    "Actual Rows": 26368,
                                                                    "Actual Loops": 1
                                                                },
                                                                {
                                                                    "Worker Number": 1,
                                                                    "Actual Startup Time": 80.669,
                                                                    "Actual Total Time": 80.671,
                                                                    "Actual Rows": 26443,
                                                                    "Actual Loops": 1
                                                                },
                                                                {
                                                                    "Worker Number": 2,
                                                                    "Actual Startup Time": 80.94,
                                                                    "Actual Total Time": 80.941,
                                                                    "Actual Rows": 22818,
                                                                    "Actual Loops": 1
                                                                }
                                                            ],
                                                            "Plans": [
                                                                {
                                                                    "Node Type": "Bitmap Heap Scan",
                                                                    "Parent Relationship": "Outer",
                                                                    "Parallel Aware": true,
                                                                    "Relation Name": "movie_companies",
                                                                    "Schema": "public",
                                                                    "Alias": "mc",
                                                                    "Startup Cost": 3900.29,
                                                                    "Total Cost": 23566.22,
                                                                    "Plan Rows": 28623,
                                                                    "Plan Width": 4,
                                                                    "Actual Startup Time": 24.017,
                                                                    "Actual Total Time": 62.248,
                                                                    "Actual Rows": 35808,
                                                                    "Actual Loops": 4,
                                                                    "Output": [
                                                                        "mc.movie_id"
                                                                    ],
                                                                    "Recheck Cond": "(mc.company_id < 44)",
                                                                    "Rows Removed by Index Recheck": 0,
                                                                    "Filter": "(mc.company_type_id < 2)",
                                                                    "Rows Removed by Filter": 9663,
                                                                    "Exact Heap Blocks": 6997,
                                                                    "Lossy Heap Blocks": 0,
                                                                    "Workers": [
                                                                        {
                                                                            "Worker Number": 0,
                                                                            "Actual Startup Time": 23.096,
                                                                            "Actual Total Time": 62.984,
                                                                            "Actual Rows": 26368,
                                                                            "Actual Loops": 1
                                                                        },
                                                                        {
                                                                            "Worker Number": 1,
                                                                            "Actual Startup Time": 23.011,
                                                                            "Actual Total Time": 62.732,
                                                                            "Actual Rows": 26443,
                                                                            "Actual Loops": 1
                                                                        },
                                                                        {
                                                                            "Worker Number": 2,
                                                                            "Actual Startup Time": 23.371,
                                                                            "Actual Total Time": 62.117,
                                                                            "Actual Rows": 22818,
                                                                            "Actual Loops": 1
                                                                        }
                                                                    ],
                                                                    "Plans": [
                                                                        {
                                                                            "Node Type": "Bitmap Index Scan",
                                                                            "Parent Relationship": "Outer",
                                                                            "Parallel Aware": false,
                                                                            "Index Name": "company_id_movie_companies",
                                                                            "Startup Cost": 0.0,
                                                                            "Total Cost": 3878.11,
                                                                            "Plan Rows": 181024,
                                                                            "Plan Width": 0,
                                                                            "Actual Startup Time": 23.055,
                                                                            "Actual Total Time": 23.055,
                                                                            "Actual Rows": 181885,
                                                                            "Actual Loops": 1,
                                                                            "Index Cond": "(mc.company_id < 44)"
                                                                        }
                                                                    ]
                                                                }
                                                            ]
                                                        }
                                                    ]
                                                }
                                            ]
                                        }
                                    ]
                                }
                            ]
                        }
                    ]
                }
            ]
        },
        "Planning Time": 4010.83,
        "Triggers": [],
        "Execution Time": 639.737
    }
]