[
  {
    "Plan": {
      "Node Type": "Aggregate",
      "Strategy": "Plain",
      "Partial Mode": "Finalize",
      "Parallel Aware": false,
      "Startup Cost": 49528.84,
      "Total Cost": 49528.85,
      "Plan Rows": 1,
      "Plan Width": 8,
      "Actual Startup Time": 61.721,
      "Actual Total Time": 69.745,
      "Actual Rows": 1,
      "Actual Loops": 1,
      "Plans": [
        {
          "Node Type": "Gather",
          "Parent Relationship": "Outer",
          "Parallel Aware": false,
          "Startup Cost": 49528.52,
          "Total Cost": 49528.83,
          "Plan Rows": 3,
          "Plan Width": 8,
          "Actual Startup Time": 61.508,
          "Actual Total Time": 69.739,
          "Actual Rows": 4,
          "Actual Loops": 1,
          "Workers Planned": 3,
          "Workers Launched": 3,
          "Single Copy": false,
          "Plans": [
            {
              "Node Type": "Aggregate",
              "Strategy": "Plain",
              "Partial Mode": "Partial",
              "Parent Relationship": "Outer",
              "Parallel Aware": false,
              "Startup Cost": 48528.52,
              "Total Cost": 48528.53,
              "Plan Rows": 1,
              "Plan Width": 8,
              "Actual Startup Time": 52.918,
              "Actual Total Time": 52.919,
              "Actual Rows": 1,
              "Actual Loops": 4,
              "Plans": [
                {
                  "Node Type": "Nested Loop",
                  "Parent Relationship": "Outer",
                  "Parallel Aware": false,
                  "Join Type": "Inner",
                  "Startup Cost": 290.05,
                  "Total Cost": 48523.67,
                  "Plan Rows": 1940,
                  "Plan Width": 0,
                  "Actual Startup Time": 6.613,
                  "Actual Total Time": 52.666,
                  "Actual Rows": 1362,
                  "Actual Loops": 4,
                  "Inner Unique": true,
                  "Plans": [
                    {
                      "Node Type": "Bitmap Heap Scan",
                      "Parent Relationship": "Outer",
                      "Parallel Aware": true,
                      "Relation Name": "movie_keyword",
                      "Alias": "mk",
                      "Startup Cost": 289.62,
                      "Total Cost": 21832.65,
                      "Plan Rows": 4378,
                      "Plan Width": 4,
                      "Actual Startup Time": 6.44,
                      "Actual Total Time": 19.12,
                      "Actual Rows": 3161,
                      "Actual Loops": 4,
                      "Recheck Cond": "(keyword_id = 245)",
                      "Rows Removed by Index Recheck": 0,
                      "Exact Heap Blocks": 5584,
                      "Lossy Heap Blocks": 0,
                      "Plans": [
                        {
                          "Node Type": "Bitmap Index Scan",
                          "Parent Relationship": "Outer",
                          "Parallel Aware": false,
                          "Index Name": "keyword_id_movie_keyword",
                          "Startup Cost": 0.0,
                          "Total Cost": 286.22,
                          "Plan Rows": 13572,
                          "Plan Width": 0,
                          "Actual Startup Time": 9.135,
                          "Actual Total Time": 9.135,
                          "Actual Rows": 12645,
                          "Actual Loops": 1,
                          "Index Cond": "(keyword_id = 245)"
                        }
                      ]
                    },
                    {
                      "Node Type": "Index Scan",
                      "Parent Relationship": "Inner",
                      "Parallel Aware": false,
                      "Scan Direction": "Forward",
                      "Index Name": "title_pkey",
                      "Relation Name": "title",
                      "Alias": "t",
                      "Startup Cost": 0.43,
                      "Total Cost": 6.1,
                      "Plan Rows": 1,
                      "Plan Width": 4,
                      "Actual Startup Time": 0.01,
                      "Actual Total Time": 0.01,
                      "Actual Rows": 0,
                      "Actual Loops": 12645,
                      "Index Cond": "(id = mk.movie_id)",
                      "Rows Removed by Index Recheck": 0,
                      "Filter": "(production_year > 2004)",
                      "Rows Removed by Filter": 1
                    }
                  ]
                }
              ]
            }
          ]
        }
      ]
    },
    "Planning Time": 0.618,
    "Triggers": [],
    "Execution Time": 69.835
  }
]