{
  "Plan": {
    "Node Type": "Aggregate",
    "Strategy": "Plain",
    "Partial Mode": "Finalize",
    "Parallel Aware": false,
    "Startup Cost": 83881.48,
    "Total Cost": 83881.49,
    "Plan Rows": 1,
    "Plan Width": 8,
    "Actual Startup Time": 180.604,
    "Actual Total Time": 191.426,
    "Actual Rows": 1,
    "Actual Loops": 1,
    "Plans": [
      {
        "Node Type": "Gather",
        "Parent Relationship": "Outer",
        "Parallel Aware": false,
        "Startup Cost": 83881.37,
        "Total Cost": 83881.48,
        "Plan Rows": 1,
        "Plan Width": 8,
        "Actual Startup Time": 179.624,
        "Actual Total Time": 191.419,
        "Actual Rows": 2,
        "Actual Loops": 1,
        "Workers Planned": 1,
        "Workers Launched": 1,
        "Single Copy": false,
        "Plans": [
          {
            "Node Type": "Aggregate",
            "Strategy": "Plain",
            "Partial Mode": "Partial",
            "Parent Relationship": "Outer",
            "Parallel Aware": false,
            "Startup Cost": 82881.37,
            "Total Cost": 82881.38,
            "Plan Rows": 1,
            "Plan Width": 8,
            "Actual Startup Time": 176.701,
            "Actual Total Time": 176.705,
            "Actual Rows": 1,
            "Actual Loops": 2,
            "Plans": [
              {
                "Node Type": "Hash Join",
                "Parent Relationship": "Outer",
                "Parallel Aware": true,
                "Join Type": "Inner",
                "Startup Cost": 57893.46,
                "Total Cost": 82868.04,
                "Plan Rows": 5333,
                "Plan Width": 0,
                "Actual Startup Time": 152.53,
                "Actual Total Time": 176.449,
                "Actual Rows": 4136,
                "Actual Loops": 2,
                "Inner Unique": true,
                "Hash Cond": "(mk.movie_id = t.id)",
                "Plans": [
                  {
                    "Node Type": "Bitmap Heap Scan",
                    "Parent Relationship": "Outer",
                    "Parallel Aware": true,
                    "Relation Name": "movie_keyword",
                    "Alias": "mk",
                    "Startup Cost": 1241.89,
                    "Total Cost": 26126.12,
                    "Plan Rows": 34418,
                    "Plan Width": 4,
                    "Actual Startup Time": 7.77,
                    "Actual Total Time": 33.125,
                    "Actual Rows": 28802,
                    "Actual Loops": 2,
                    "Recheck Cond": "(keyword_id < 56)",
                    "Rows Removed by Index Recheck": 0,
                    "Exact Heap Blocks": 12320,
                    "Lossy Heap Blocks": 0,
                    "Plans": [
                      {
                        "Node Type": "Bitmap Index Scan",
                        "Parent Relationship": "Outer",
                        "Parallel Aware": false,
                        "Index Name": "keyword_id_movie_keyword",
                        "Startup Cost": 0.0,
                        "Total Cost": 1227.26,
                        "Plan Rows": 58511,
                        "Plan Width": 0,
                        "Actual Startup Time": 5.24,
                        "Actual Total Time": 5.24,
                        "Actual Rows": 57603,
                        "Actual Loops": 1,
                        "Index Cond": "(keyword_id < 56)"
                      }
                    ]
                  },
                  {
                    "Node Type": "Hash",
                    "Parent Relationship": "Inner",
                    "Parallel Aware": true,
                    "Startup Cost": 53771.05,
                    "Total Cost": 53771.05,
                    "Plan Rows": 230442,
                    "Plan Width": 4,
                    "Actual Startup Time": 129.817,
                    "Actual Total Time": 129.819,
                    "Actual Rows": 144846,
                    "Actual Loops": 2,
                    "Hash Buckets": 524288,
                    "Original Hash Buckets": 524288,
                    "Hash Batches": 1,
                    "Original Hash Batches": 1,
                    "Peak Memory Usage": 15456,
                    "Plans": [
                      {
                        "Node Type": "Bitmap Heap Scan",
                        "Parent Relationship": "Outer",
                        "Parallel Aware": true,
                        "Relation Name": "title",
                        "Alias": "t",
                        "Startup Cost": 11920.79,
                        "Total Cost": 53771.05,
                        "Plan Rows": 230442,
                        "Plan Width": 4,
                        "Actual Startup Time": 32.7,
                        "Actual Total Time": 95.449,
                        "Actual Rows": 144846,
                        "Actual Loops": 2,
                        "Recheck Cond": "(kind_id = 1)",
                        "Rows Removed by Index Recheck": 0,
                        "Filter": "(production_year > 1998)",
                        "Rows Removed by Filter": 186566,
                        "Exact Heap Blocks": 8219,
                        "Lossy Heap Blocks": 0,
                        "Plans": [
                          {
                            "Node Type": "Bitmap Index Scan",
                            "Parent Relationship": "Outer",
                            "Parallel Aware": false,
                            "Index Name": "kind_id_title",
                            "Startup Cost": 0.0,
                            "Total Cost": 11822.85,
                            "Plan Rows": 663256,
                            "Plan Width": 0,
                            "Actual Startup Time": 30.735,
                            "Actual Total Time": 30.736,
                            "Actual Rows": 662825,
                            "Actual Loops": 1,
                            "Index Cond": "(kind_id = 1)"
                          }
                        ]
                      }
                    ]
                  }
                ]
              }
            ]
          }
        ]
      }
    ]
  },
  "Planning Time": 0.324,
  "Triggers": [],
  "Execution Time": 191.495
}