[
  {
    "Plan": {
      "Node Type": "Aggregate",
      "Strategy": "Plain",
      "Partial Mode": "Finalize",
      "Parallel Aware": false,
      "Startup Cost": 146383.09,
      "Total Cost": 146383.1,
      "Plan Rows": 1,
      "Plan Width": 8,
      "Actual Startup Time": 1862.433,
      "Actual Total Time": 1911.396,
      "Actual Rows": 1,
      "Actual Loops": 1,
      "Plans": [
        {
          "Node Type": "Gather",
          "Parent Relationship": "Outer",
          "Parallel Aware": false,
          "Startup Cost": 146382.77,
          "Total Cost": 146383.08,
          "Plan Rows": 3,
          "Plan Width": 8,
          "Actual Startup Time": 1861.154,
          "Actual Total Time": 1911.389,
          "Actual Rows": 4,
          "Actual Loops": 1,
          "Workers Planned": 3,
          "Workers Launched": 3,
          "Single Copy": false,
          "Plans": [
            {
              "Node Type": "Aggregate",
              "Strategy": "Plain",
              "Partial Mode": "Partial",
              "Parent Relationship": "Outer",
              "Parallel Aware": false,
              "Startup Cost": 145382.77,
              "Total Cost": 145382.78,
              "Plan Rows": 1,
              "Plan Width": 8,
              "Actual Startup Time": 1853.825,
              "Actual Total Time": 1853.829,
              "Actual Rows": 1,
              "Actual Loops": 4,
              "Plans": [
                {
                  "Node Type": "Nested Loop",
                  "Parent Relationship": "Outer",
                  "Parallel Aware": false,
                  "Join Type": "Inner",
                  "Startup Cost": 45675.46,
                  "Total Cost": 145195.4,
                  "Plan Rows": 74948,
                  "Plan Width": 0,
                  "Actual Startup Time": 123.394,
                  "Actual Total Time": 1788.271,
                  "Actual Rows": 1151018,
                  "Actual Loops": 4,
                  "Inner Unique": false,
                  "Join Filter": "(t.id = mi.movie_id)",
                  "Rows Removed by Join Filter": 0,
                  "Plans": [
                    {
                      "Node Type": "Hash Join",
                      "Parent Relationship": "Outer",
                      "Parallel Aware": true,
                      "Join Type": "Inner",
                      "Startup Cost": 45675.02,
                      "Total Cost": 91737.67,
                      "Plan Rows": 31726,
                      "Plan Width": 8,
                      "Actual Startup Time": 123.294,
                      "Actual Total Time": 354.863,
                      "Actual Rows": 122895,
                      "Actual Loops": 4,
                      "Inner Unique": true,
                      "Hash Cond": "(mk.movie_id = t.id)",
                      "Plans": [
                        {
                          "Node Type": "Seq Scan",
                          "Parent Relationship": "Outer",
                          "Parallel Aware": true,
                          "Relation Name": "movie_keyword",
                          "Alias": "mk",
                          "Startup Cost": 0.0,
                          "Total Cost": 42695.65,
                          "Plan Rows": 1282658,
                          "Plan Width": 4,
                          "Actual Startup Time": 0.042,
                          "Actual Total Time": 126.539,
                          "Actual Rows": 994106,
                          "Actual Loops": 4,
                          "Filter": "(keyword_id > 393)",
                          "Rows Removed by Filter": 136876
                        },
                        {
                          "Node Type": "Hash",
                          "Parent Relationship": "Inner",
                          "Parallel Aware": true,
                          "Startup Cost": 45479.59,
                          "Total Cost": 45479.59,
                          "Plan Rows": 15635,
                          "Plan Width": 4,
                          "Actual Startup Time": 121.844,
                          "Actual Total Time": 121.845,
                          "Actual Rows": 41920,
                          "Actual Loops": 4,
                          "Hash Buckets": 262144,
                          "Original Hash Buckets": 65536,
                          "Hash Batches": 1,
                          "Original Hash Batches": 1,
                          "Peak Memory Usage": 10208,
                          "Plans": [
                            {
                              "Node Type": "Seq Scan",
                              "Parent Relationship": "Outer",
                              "Parallel Aware": true,
                              "Relation Name": "title",
                              "Alias": "t",
                              "Startup Cost": 0.0,
                              "Total Cost": 45479.59,
                              "Plan Rows": 15635,
                              "Plan Width": 4,
                              "Actual Startup Time": 0.492,
                              "Actual Total Time": 101.293,
                              "Actual Rows": 41920,
                              "Actual Loops": 4,
                              "Filter": "((kind_id < 7) AND (production_year < 1952))",
                              "Rows Removed by Filter": 590158
                            }
                          ]
                        }
                      ]
                    },
                    {
                      "Node Type": "Index Scan",
                      "Parent Relationship": "Inner",
                      "Parallel Aware": false,
                      "Scan Direction": "Forward",
                      "Index Name": "movie_id_movie_info",
                      "Relation Name": "movie_info",
                      "Alias": "mi",
                      "Startup Cost": 0.43,
                      "Total Cost": 1.47,
                      "Plan Rows": 17,
                      "Plan Width": 4,
                      "Actual Startup Time": 0.003,
                      "Actual Total Time": 0.011,
                      "Actual Rows": 9,
                      "Actual Loops": 491581,
                      "Index Cond": "(movie_id = mk.movie_id)",
                      "Rows Removed by Index Recheck": 0,
                      "Filter": "(info_type_id < 7)",
                      "Rows Removed by Filter": 24
                    }
                  ]
                }
              ]
            }
          ]
        }
      ]
    },
    "Planning Time": 0.862,
    "Triggers": [],
    "Execution Time": 1911.473
  }
]