[
  {
    "Plan": {
      "Node Type": "Aggregate",
      "Strategy": "Plain",
      "Partial Mode": "Finalize",
      "Parallel Aware": false,
      "Startup Cost": 150327.83,
      "Total Cost": 150327.84,
      "Plan Rows": 1,
      "Plan Width": 8,
      "Actual Startup Time": 2134.305,
      "Actual Total Time": 2186.909,
      "Actual Rows": 1,
      "Actual Loops": 1,
      "Plans": [
        {
          "Node Type": "Gather",
          "Parent Relationship": "Outer",
          "Parallel Aware": false,
          "Startup Cost": 150327.51,
          "Total Cost": 150327.82,
          "Plan Rows": 3,
          "Plan Width": 8,
          "Actual Startup Time": 2133.975,
          "Actual Total Time": 2186.9,
          "Actual Rows": 4,
          "Actual Loops": 1,
          "Workers Planned": 3,
          "Workers Launched": 3,
          "Single Copy": false,
          "Plans": [
            {
              "Node Type": "Aggregate",
              "Strategy": "Plain",
              "Partial Mode": "Partial",
              "Parent Relationship": "Outer",
              "Parallel Aware": false,
              "Startup Cost": 149327.51,
              "Total Cost": 149327.52,
              "Plan Rows": 1,
              "Plan Width": 8,
              "Actual Startup Time": 2124.432,
              "Actual Total Time": 2124.435,
              "Actual Rows": 1,
              "Actual Loops": 4,
              "Plans": [
                {
                  "Node Type": "Nested Loop",
                  "Parent Relationship": "Outer",
                  "Parallel Aware": false,
                  "Join Type": "Inner",
                  "Startup Cost": 45686.3,
                  "Total Cost": 149133.59,
                  "Plan Rows": 77568,
                  "Plan Width": 0,
                  "Actual Startup Time": 136.856,
                  "Actual Total Time": 2053.212,
                  "Actual Rows": 1151018,
                  "Actual Loops": 4,
                  "Inner Unique": false,
                  "Join Filter": "(t.id = mi.movie_id)",
                  "Rows Removed by Join Filter": 0,
                  "Plans": [
                    {
                      "Node Type": "Hash Join",
                      "Parent Relationship": "Outer",
                      "Parallel Aware": true,
                      "Join Type": "Inner",
                      "Startup Cost": 45685.86,
                      "Total Cost": 91758.28,
                      "Plan Rows": 33664,
                      "Plan Width": 8,
                      "Actual Startup Time": 136.759,
                      "Actual Total Time": 402.34,
                      "Actual Rows": 122895,
                      "Actual Loops": 4,
                      "Inner Unique": true,
                      "Hash Cond": "(mk.movie_id = t.id)",
                      "Plans": [
                        {
                          "Node Type": "Seq Scan",
                          "Parent Relationship": "Outer",
                          "Parallel Aware": true,
                          "Relation Name": "movie_keyword",
                          "Alias": "mk",
                          "Startup Cost": 0.0,
                          "Total Cost": 42695.65,
                          "Plan Rows": 1286384,
                          "Plan Width": 4,
                          "Actual Startup Time": 0.047,
                          "Actual Total Time": 145.803,
                          "Actual Rows": 994106,
                          "Actual Loops": 4,
                          "Filter": "(keyword_id > 393)",
                          "Rows Removed by Filter": 136876
                        },
                        {
                          "Node Type": "Hash",
                          "Parent Relationship": "Inner",
                          "Parallel Aware": true,
                          "Startup Cost": 45479.1,
                          "Total Cost": 45479.1,
                          "Plan Rows": 16541,
                          "Plan Width": 4,
                          "Actual Startup Time": 134.691,
                          "Actual Total Time": 134.692,
                          "Actual Rows": 41920,
                          "Actual Loops": 4,
                          "Hash Buckets": 262144,
                          "Original Hash Buckets": 131072,
                          "Hash Batches": 1,
                          "Original Hash Batches": 1,
                          "Peak Memory Usage": 9696,
                          "Plans": [
                            {
                              "Node Type": "Seq Scan",
                              "Parent Relationship": "Outer",
                              "Parallel Aware": true,
                              "Relation Name": "title",
                              "Alias": "t",
                              "Startup Cost": 0.0,
                              "Total Cost": 45479.1,
                              "Plan Rows": 16541,
                              "Plan Width": 4,
                              "Actual Startup Time": 0.737,
                              "Actual Total Time": 114.997,
                              "Actual Rows": 41920,
                              "Actual Loops": 4,
                              "Filter": "((kind_id < 7) AND (production_year < 1952))",
                              "Rows Removed by Filter": 590158
                            }
                          ]
                        }
                      ]
                    },
                    {
                      "Node Type": "Index Scan",
                      "Parent Relationship": "Inner",
                      "Parallel Aware": false,
                      "Scan Direction": "Forward",
                      "Index Name": "movie_id_movie_info",
                      "Relation Name": "movie_info",
                      "Alias": "mi",
                      "Startup Cost": 0.43,
                      "Total Cost": 1.49,
                      "Plan Rows": 17,
                      "Plan Width": 4,
                      "Actual Startup Time": 0.003,
                      "Actual Total Time": 0.012,
                      "Actual Rows": 9,
                      "Actual Loops": 491581,
                      "Index Cond": "(movie_id = mk.movie_id)",
                      "Rows Removed by Index Recheck": 0,
                      "Filter": "(info_type_id < 7)",
                      "Rows Removed by Filter": 24
                    }
                  ]
                }
              ]
            }
          ]
        }
      ]
    },
    "Planning Time": 1.467,
    "Triggers": [],
    "Execution Time": 2187.019
  }
]