[
  {
    "Plan": {
      "Node Type": "Aggregate",
      "Strategy": "Plain",
      "Partial Mode": "Finalize",
      "Parallel Aware": false,
      "Startup Cost": 45567.54,
      "Total Cost": 45567.55,
      "Plan Rows": 1,
      "Plan Width": 8,
      "Actual Startup Time": 111.988,
      "Actual Total Time": 124.255,
      "Actual Rows": 1,
      "Actual Loops": 1,
      "Plans": [
        {
          "Node Type": "Gather",
          "Parent Relationship": "Outer",
          "Parallel Aware": false,
          "Startup Cost": 45567.12,
          "Total Cost": 45567.53,
          "Plan Rows": 4,
          "Plan Width": 8,
          "Actual Startup Time": 111.841,
          "Actual Total Time": 124.246,
          "Actual Rows": 5,
          "Actual Loops": 1,
          "Workers Planned": 4,
          "Workers Launched": 4,
          "Single Copy": false,
          "Plans": [
            {
              "Node Type": "Aggregate",
              "Strategy": "Plain",
              "Partial Mode": "Partial",
              "Parent Relationship": "Outer",
              "Parallel Aware": false,
              "Startup Cost": 44567.12,
              "Total Cost": 44567.13,
              "Plan Rows": 1,
              "Plan Width": 8,
              "Actual Startup Time": 103.405,
              "Actual Total Time": 103.407,
              "Actual Rows": 1,
              "Actual Loops": 5,
              "Plans": [
                {
                  "Node Type": "Seq Scan",
                  "Parent Relationship": "Outer",
                  "Parallel Aware": true,
                  "Relation Name": "title",
                  "Alias": "t",
                  "Startup Cost": 0.0,
                  "Total Cost": 43898.92,
                  "Plan Rows": 267282,
                  "Plan Width": 0,
                  "Actual Startup Time": 0.04,
                  "Actual Total Time": 92.208,
                  "Actual Rows": 214953,
                  "Actual Loops": 5,
                  "Filter": "(production_year < 2001)",
                  "Rows Removed by Filter": 290709
                }
              ]
            }
          ]
        }
      ]
    },
    "Planning Time": 0.164,
    "Triggers": [],
    "Execution Time": 124.317
  }
]