[
  {
    "Plan": {
      "Node Type": "Aggregate",
      "Strategy": "Plain",
      "Partial Mode": "Finalize",
      "Parallel Aware": false,
      "Startup Cost": 755179.42,
      "Total Cost": 755179.43,
      "Plan Rows": 1,
      "Plan Width": 64,
      "Actual Startup Time": 3784.433,
      "Actual Total Time": 3978.832,
      "Actual Rows": 1,
      "Actual Loops": 1,
      "Plans": [
        {
          "Node Type": "Gather",
          "Parent Relationship": "Outer",
          "Parallel Aware": false,
          "Startup Cost": 755179.31,
          "Total Cost": 755179.42,
          "Plan Rows": 1,
          "Plan Width": 64,
          "Actual Startup Time": 3784.253,
          "Actual Total Time": 3978.821,
          "Actual Rows": 2,
          "Actual Loops": 1,
          "Workers Planned": 1,
          "Workers Launched": 1,
          "Single Copy": false,
          "Plans": [
            {
              "Node Type": "Aggregate",
              "Strategy": "Plain",
              "Partial Mode": "Partial",
              "Parent Relationship": "Outer",
              "Parallel Aware": false,
              "Startup Cost": 754179.31,
              "Total Cost": 754179.32,
              "Plan Rows": 1,
              "Plan Width": 64,
              "Actual Startup Time": 3777.232,
              "Actual Total Time": 3777.257,
              "Actual Rows": 1,
              "Actual Loops": 2,
              "Plans": [
                {
                  "Node Type": "Hash Join",
                  "Parent Relationship": "Outer",
                  "Parallel Aware": true,
                  "Join Type": "Inner",
                  "Startup Cost": 749268.36,
                  "Total Cost": 754179.3,
                  "Plan Rows": 1,
                  "Plan Width": 32,
                  "Actual Startup Time": 3770.363,
                  "Actual Total Time": 3777.246,
                  "Actual Rows": 8,
                  "Actual Loops": 2,
                  "Inner Unique": false,
                  "Hash Cond": "(cn.id = mc.company_id)",
                  "Plans": [
                    {
                      "Node Type": "Seq Scan",
                      "Parent Relationship": "Outer",
                      "Parallel Aware": true,
                      "Relation Name": "company_name",
                      "Alias": "cn",
                      "Startup Cost": 0.0,
                      "Total Cost": 4722.92,
                      "Plan Rows": 50137,
                      "Plan Width": 4,
                      "Actual Startup Time": 0.012,
                      "Actual Total Time": 13.598,
                      "Actual Rows": 42422,
                      "Actual Loops": 2,
                      "Filter": "((country_code)::text = '[us]'::text)",
                      "Rows Removed by Filter": 75077
                    },
                    {
                      "Node Type": "Hash",
                      "Parent Relationship": "Inner",
                      "Parallel Aware": true,
                      "Startup Cost": 749268.35,
                      "Total Cost": 749268.35,
                      "Plan Rows": 1,
                      "Plan Width": 36,
                      "Actual Startup Time": 3760.672,
                      "Actual Total Time": 3760.695,
                      "Actual Rows": 8,
                      "Actual Loops": 2,
                      "Hash Buckets": 1024,
                      "Original Hash Buckets": 1024,
                      "Hash Batches": 1,
                      "Original Hash Batches": 1,
                      "Peak Memory Usage": 40,
                      "Plans": [
                        {
                          "Node Type": "Hash Join",
                          "Parent Relationship": "Outer",
                          "Parallel Aware": true,
                          "Join Type": "Inner",
                          "Startup Cost": 715630.38,
                          "Total Cost": 749268.35,
                          "Plan Rows": 1,
                          "Plan Width": 36,
                          "Actual Startup Time": 3666.606,
                          "Actual Total Time": 3760.628,
                          "Actual Rows": 8,
                          "Actual Loops": 2,
                          "Inner Unique": false,
                          "Hash Cond": "(mc.movie_id = t.id)",
                          "Plans": [
                            {
                              "Node Type": "Seq Scan",
                              "Parent Relationship": "Outer",
                              "Parallel Aware": true,
                              "Relation Name": "movie_companies",
                              "Alias": "mc",
                              "Startup Cost": 0.0,
                              "Total Cost": 33518.95,
                              "Plan Rows": 31735,
                              "Plan Width": 8,
                              "Actual Startup Time": 0.017,
                              "Actual Total Time": 183.882,
                              "Actual Rows": 99260,
                              "Actual Loops": 2,
                              "Filter": "((note ~~ '%(200%)%'::text) AND ((note ~~ '%(USA)%'::text) OR (note ~~ '%(worldwide)%'::text)))",
                              "Rows Removed by Filter": 1205305
                            },
                            {
                              "Node Type": "Hash",
                              "Parent Relationship": "Inner",
                              "Parallel Aware": true,
                              "Startup Cost": 715630.36,
                              "Total Cost": 715630.36,
                              "Plan Rows": 1,
                              "Plan Width": 44,
                              "Actual Startup Time": 3570.396,
                              "Actual Total Time": 3570.414,
                              "Actual Rows": 8,
                              "Actual Loops": 2,
                              "Hash Buckets": 1024,
                              "Original Hash Buckets": 1024,
                              "Hash Batches": 1,
                              "Original Hash Batches": 1,
                              "Peak Memory Usage": 40,
                              "Plans": [
                                {
                                  "Node Type": "Hash Join",
                                  "Parent Relationship": "Outer",
                                  "Parallel Aware": true,
                                  "Join Type": "Inner",
                                  "Startup Cost": 668359.1,
                                  "Total Cost": 715630.36,
                                  "Plan Rows": 1,
                                  "Plan Width": 44,
                                  "Actual Startup Time": 3450.084,
                                  "Actual Total Time": 3570.394,
                                  "Actual Rows": 8,
                                  "Actual Loops": 2,
                                  "Inner Unique": false,
                                  "Hash Cond": "(chn.id = ci.person_role_id)",
                                  "Plans": [
                                    {
                                      "Node Type": "Seq Scan",
                                      "Parent Relationship": "Outer",
                                      "Parallel Aware": true,
                                      "Relation Name": "char_name",
                                      "Alias": "chn",
                                      "Startup Cost": 0.0,
                                      "Total Cost": 44325.46,
                                      "Plan Rows": 785546,
                                      "Plan Width": 4,
                                      "Actual Startup Time": 0.007,
                                      "Actual Total Time": 176.891,
                                      "Actual Rows": 1570170,
                                      "Actual Loops": 2
                                    },
                                    {
                                      "Node Type": "Hash",
                                      "Parent Relationship": "Inner",
                                      "Parallel Aware": true,
                                      "Startup Cost": 668359.09,
                                      "Total Cost": 668359.09,
                                      "Plan Rows": 1,
                                      "Plan Width": 48,
                                      "Actual Startup Time": 3294.771,
                                      "Actual Total Time": 3294.787,
                                      "Actual Rows": 8,
                                      "Actual Loops": 2,
                                      "Hash Buckets": 1024,
                                      "Original Hash Buckets": 1024,
                                      "Hash Batches": 1,
                                      "Original Hash Batches": 1,
                                      "Peak Memory Usage": 40,
                                      "Plans": [
                                        {
                                          "Node Type": "Hash Join",
                                          "Parent Relationship": "Outer",
                                          "Parallel Aware": true,
                                          "Join Type": "Inner",
                                          "Startup Cost": 653292.26,
                                          "Total Cost": 668359.09,
                                          "Plan Rows": 1,
                                          "Plan Width": 48,
                                          "Actual Startup Time": 3257.251,
                                          "Actual Total Time": 3294.75,
                                          "Actual Rows": 8,
                                          "Actual Loops": 2,
                                          "Inner Unique": false,
                                          "Hash Cond": "(n.id = ci.person_id)",
                                          "Plans": [
                                            {
                                              "Node Type": "Hash Join",
                                              "Parent Relationship": "Outer",
                                              "Parallel Aware": true,
                                              "Join Type": "Inner",
                                              "Startup Cost": 71240.4,
                                              "Total Cost": 86307.19,
                                              "Plan Rows": 7,
                                              "Plan Width": 23,
                                              "Actual Startup Time": 362.102,
                                              "Actual Total Time": 401.567,
                                              "Actual Rows": 15,
                                              "Actual Loops": 2,
                                              "Inner Unique": true,
                                              "Hash Cond": "(an.person_id = n.id)",
                                              "Plans": [
                                                {
                                                  "Node Type": "Seq Scan",
                                                  "Parent Relationship": "Outer",
                                                  "Parallel Aware": true,
                                                  "Relation Name": "aka_name",
                                                  "Alias": "an",
                                                  "Startup Cost": 0.0,
                                                  "Total Cost": 14303.56,
                                                  "Plan Rows": 290756,
                                                  "Plan Width": 4,
                                                  "Actual Startup Time": 0.026,
                                                  "Actual Total Time": 56.261,
                                                  "Actual Rows": 450672,
                                                  "Actual Loops": 2
                                                },
                                                {
                                                  "Node Type": "Hash",
                                                  "Parent Relationship": "Inner",
                                                  "Parallel Aware": true,
                                                  "Startup Cost": 71240.1,
                                                  "Total Cost": 71240.1,
                                                  "Plan Rows": 24,
                                                  "Plan Width": 19,
                                                  "Actual Startup Time": 315.449,
                                                  "Actual Total Time": 315.45,
                                                  "Actual Rows": 32,
                                                  "Actual Loops": 2,
                                                  "Hash Buckets": 1024,
                                                  "Original Hash Buckets": 1024,
                                                  "Hash Batches": 1,
                                                  "Original Hash Batches": 1,
                                                  "Peak Memory Usage": 72,
                                                  "Plans": [
                                                    {
                                                      "Node Type": "Seq Scan",
                                                      "Parent Relationship": "Outer",
                                                      "Parallel Aware": true,
                                                      "Relation Name": "name",
                                                      "Alias": "n",
                                                      "Startup Cost": 0.0,
                                                      "Total Cost": 71240.1,
                                                      "Plan Rows": 24,
                                                      "Plan Width": 19,
                                                      "Actual Startup Time": 136.463,
                                                      "Actual Total Time": 315.406,
                                                      "Actual Rows": 32,
                                                      "Actual Loops": 2,
                                                      "Filter": "((name ~~ '%Cartwright,%'::text) AND ((gender)::text = 'f'::text))",
                                                      "Rows Removed by Filter": 2083714
                                                    }
                                                  ]
                                                }
                                              ]
                                            },
                                            {
                                              "Node Type": "Hash",
                                              "Parent Relationship": "Inner",
                                              "Parallel Aware": true,
                                              "Startup Cost": 582051.84,
                                              "Total Cost": 582051.84,
                                              "Plan Rows": 1,
                                              "Plan Width": 37,
                                              "Actual Startup Time": 2893.118,
                                              "Actual Total Time": 2893.128,
                                              "Actual Rows": 6,
                                              "Actual Loops": 2,
                                              "Hash Buckets": 1024,
                                              "Original Hash Buckets": 1024,
                                              "Hash Batches": 1,
                                              "Original Hash Batches": 1,
                                              "Peak Memory Usage": 40,
                                              "Plans": [
                                                {
                                                  "Node Type": "Hash Join",
                                                  "Parent Relationship": "Outer",
                                                  "Parallel Aware": true,
                                                  "Join Type": "Inner",
                                                  "Startup Cost": 375541.21,
                                                  "Total Cost": 582051.84,
                                                  "Plan Rows": 1,
                                                  "Plan Width": 37,
                                                  "Actual Startup Time": 2500.084,
                                                  "Actual Total Time": 2893.077,
                                                  "Actual Rows": 6,
                                                  "Actual Loops": 2,
                                                  "Inner Unique": false,
                                                  "Hash Cond": "(mi.movie_id = t.id)",
                                                  "Plans": [
                                                    {
                                                      "Node Type": "Hash Join",
                                                      "Parent Relationship": "Outer",
                                                      "Parallel Aware": false,
                                                      "Join Type": "Inner",
                                                      "Startup Cost": 2.43,
                                                      "Total Cost": 206513.03,
                                                      "Plan Rows": 3,
                                                      "Plan Width": 4,
                                                      "Actual Startup Time": 298.769,
                                                      "Actual Total Time": 1088.26,
                                                      "Actual Rows": 34739,
                                                      "Actual Loops": 2,
                                                      "Inner Unique": true,
                                                      "Hash Cond": "(mi.info_type_id = it.id)",
                                                      "Plans": [
                                                        {
                                                          "Node Type": "Seq Scan",
                                                          "Parent Relationship": "Outer",
                                                          "Parallel Aware": true,
                                                          "Relation Name": "movie_info",
                                                          "Alias": "mi",
                                                          "Startup Cost": 0.0,
                                                          "Total Cost": 206509.76,
                                                          "Plan Rows": 309,
                                                          "Plan Width": 8,
                                                          "Actual Startup Time": 298.674,
                                                          "Actual Total Time": 1082.654,
                                                          "Actual Rows": 34739,
                                                          "Actual Loops": 2,
                                                          "Filter": "((info IS NOT NULL) AND ((info ~~ 'Japan:%2007%'::text) OR (info ~~ 'USA:%2008%'::text)))",
                                                          "Rows Removed by Filter": 7383121
                                                        },
                                                        {
                                                          "Node Type": "Hash",
                                                          "Parent Relationship": "Inner",
                                                          "Parallel Aware": false,
                                                          "Startup Cost": 2.41,
                                                          "Total Cost": 2.41,
                                                          "Plan Rows": 1,
                                                          "Plan Width": 4,
                                                          "Actual Startup Time": 0.049,
                                                          "Actual Total Time": 0.05,
                                                          "Actual Rows": 1,
                                                          "Actual Loops": 2,
                                                          "Hash Buckets": 1024,
                                                          "Original Hash Buckets": 1024,
                                                          "Hash Batches": 1,
                                                          "Original Hash Batches": 1,
                                                          "Peak Memory Usage": 9,
                                                          "Plans": [
                                                            {
                                                              "Node Type": "Seq Scan",
                                                              "Parent Relationship": "Outer",
                                                              "Parallel Aware": false,
                                                              "Relation Name": "info_type",
                                                              "Alias": "it",
                                                              "Startup Cost": 0.0,
                                                              "Total Cost": 2.41,
                                                              "Plan Rows": 1,
                                                              "Plan Width": 4,
                                                              "Actual Startup Time": 0.038,
                                                              "Actual Total Time": 0.043,
                                                              "Actual Rows": 1,
                                                              "Actual Loops": 2,
                                                              "Filter": "((info)::text = 'release dates'::text)",
                                                              "Rows Removed by Filter": 112
                                                            }
                                                          ]
                                                        }
                                                      ]
                                                    },
                                                    {
                                                      "Node Type": "Hash",
                                                      "Parent Relationship": "Inner",
                                                      "Parallel Aware": true,
                                                      "Startup Cost": 375538.78,
                                                      "Total Cost": 375538.78,
                                                      "Plan Rows": 1,
                                                      "Plan Width": 33,
                                                      "Actual Startup Time": 1802.108,
                                                      "Actual Total Time": 1802.114,
                                                      "Actual Rows": 7,
                                                      "Actual Loops": 2,
                                                      "Hash Buckets": 1024,
                                                      "Original Hash Buckets": 1024,
                                                      "Hash Batches": 1,
                                                      "Original Hash Batches": 1,
                                                      "Peak Memory Usage": 72,
                                                      "Plans": [
                                                        {
                                                          "Node Type": "Hash Join",
                                                          "Parent Relationship": "Outer",
                                                          "Parallel Aware": false,
                                                          "Join Type": "Inner",
                                                          "Startup Cost": 47060.42,
                                                          "Total Cost": 375538.78,
                                                          "Plan Rows": 1,
                                                          "Plan Width": 33,
                                                          "Actual Startup Time": 806.465,
                                                          "Actual Total Time": 1802.034,
                                                          "Actual Rows": 7,
                                                          "Actual Loops": 2,
                                                          "Inner Unique": true,
                                                          "Hash Cond": "(ci.role_id = rt.id)",
                                                          "Plans": [
                                                            {
                                                              "Node Type": "Hash Join",
                                                              "Parent Relationship": "Outer",
                                                              "Parallel Aware": true,
                                                              "Join Type": "Inner",
                                                              "Startup Cost": 47059.26,
                                                              "Total Cost": 375537.6,
                                                              "Plan Rows": 6,
                                                              "Plan Width": 37,
                                                              "Actual Startup Time": 419.199,
                                                              "Actual Total Time": 1801.907,
                                                              "Actual Rows": 14,
                                                              "Actual Loops": 2,
                                                              "Inner Unique": true,
                                                              "Hash Cond": "(ci.movie_id = t.id)",
                                                              "Plans": [
                                                                {
                                                                  "Node Type": "Seq Scan",
                                                                  "Parent Relationship": "Outer",
                                                                  "Parallel Aware": true,
                                                                  "Relation Name": "cast_info",
                                                                  "Alias": "ci",
                                                                  "Startup Cost": 0.0,
                                                                  "Total Cost": 328163.97,
                                                                  "Plan Rows": 119757,
                                                                  "Plan Width": 16,
                                                                  "Actual Startup Time": 0.025,
                                                                  "Actual Total Time": 1537.737,
                                                                  "Actual Rows": 356914,
                                                                  "Actual Loops": 2,
                                                                  "Filter": "(note = '(voice)'::text)",
                                                                  "Rows Removed by Filter": 17765258
                                                                },
                                                                {
                                                                  "Node Type": "Hash",
                                                                  "Parent Relationship": "Inner",
                                                                  "Parallel Aware": true,
                                                                  "Startup Cost": 47058.86,
                                                                  "Total Cost": 47058.86,
                                                                  "Plan Rows": 32,
                                                                  "Plan Width": 21,
                                                                  "Actual Startup Time": 239.661,
                                                                  "Actual Total Time": 239.662,
                                                                  "Actual Rows": 46,
                                                                  "Actual Loops": 2,
                                                                  "Hash Buckets": 1024,
                                                                  "Original Hash Buckets": 1024,
                                                                  "Hash Batches": 1,
                                                                  "Original Hash Batches": 1,
                                                                  "Peak Memory Usage": 72,
                                                                  "Plans": [
                                                                    {
                                                                      "Node Type": "Seq Scan",
                                                                      "Parent Relationship": "Outer",
                                                                      "Parallel Aware": true,
                                                                      "Relation Name": "title",
                                                                      "Alias": "t",
                                                                      "Startup Cost": 0.0,
                                                                      "Total Cost": 47058.86,
                                                                      "Plan Rows": 32,
                                                                      "Plan Width": 21,
                                                                      "Actual Startup Time": 24.058,
                                                                      "Actual Total Time": 239.574,
                                                                      "Actual Rows": 46,
                                                                      "Actual Loops": 2,
                                                                      "Filter": "((title ~~ '%Gives%'::text) AND (production_year >= 1996) AND (production_year <= 2011))",
                                                                      "Rows Removed by Filter": 1264110
                                                                    }
                                                                  ]
                                                                }
                                                              ]
                                                            },
                                                            {
                                                              "Node Type": "Hash",
                                                              "Parent Relationship": "Inner",
                                                              "Parallel Aware": false,
                                                              "Startup Cost": 1.15,
                                                              "Total Cost": 1.15,
                                                              "Plan Rows": 1,
                                                              "Plan Width": 4,
                                                              "Actual Startup Time": 0.073,
                                                              "Actual Total Time": 0.074,
                                                              "Actual Rows": 1,
                                                              "Actual Loops": 2,
                                                              "Hash Buckets": 1024,
                                                              "Original Hash Buckets": 1024,
                                                              "Hash Batches": 1,
                                                              "Original Hash Batches": 1,
                                                              "Peak Memory Usage": 9,
                                                              "Plans": [
                                                                {
                                                                  "Node Type": "Seq Scan",
                                                                  "Parent Relationship": "Outer",
                                                                  "Parallel Aware": false,
                                                                  "Relation Name": "role_type",
                                                                  "Alias": "rt",
                                                                  "Startup Cost": 0.0,
                                                                  "Total Cost": 1.15,
                                                                  "Plan Rows": 1,
                                                                  "Plan Width": 4,
                                                                  "Actual Startup Time": 0.048,
                                                                  "Actual Total Time": 0.052,
                                                                  "Actual Rows": 1,
                                                                  "Actual Loops": 2,
                                                                  "Filter": "((role)::text = 'actress'::text)",
                                                                  "Rows Removed by Filter": 11
                                                                }
                                                              ]
                                                            }
                                                          ]
                                                        }
                                                      ]
                                                    }
                                                  ]
                                                }
                                              ]
                                            }
                                          ]
                                        }
                                      ]
                                    }
                                  ]
                                }
                              ]
                            }
                          ]
                        }
                      ]
                    }
                  ]
                }
              ]
            }
          ]
        }
      ]
    },
    "Planning Time": 25.487,
    "Triggers": [],
    "Execution Time": 3979.237
  }
]