[
  {
    "Plan": {
      "Node Type": "Aggregate",
      "Strategy": "Plain",
      "Partial Mode": "Finalize",
      "Parallel Aware": false,
      "Startup Cost": 32006.19,
      "Total Cost": 32006.2,
      "Plan Rows": 1,
      "Plan Width": 8,
      "Actual Startup Time": 140.359,
      "Actual Total Time": 147.24,
      "Actual Rows": 1,
      "Actual Loops": 1,
      "Plans": [
        {
          "Node Type": "Gather",
          "Parent Relationship": "Outer",
          "Parallel Aware": false,
          "Startup Cost": 32005.87,
          "Total Cost": 32006.18,
          "Plan Rows": 3,
          "Plan Width": 8,
          "Actual Startup Time": 140.232,
          "Actual Total Time": 147.231,
          "Actual Rows": 4,
          "Actual Loops": 1,
          "Workers Planned": 3,
          "Workers Launched": 3,
          "Single Copy": false,
          "Plans": [
            {
              "Node Type": "Aggregate",
              "Strategy": "Plain",
              "Partial Mode": "Partial",
              "Parent Relationship": "Outer",
              "Parallel Aware": false,
              "Startup Cost": 31005.87,
              "Total Cost": 31005.88,
              "Plan Rows": 1,
              "Plan Width": 8,
              "Actual Startup Time": 133.304,
              "Actual Total Time": 133.306,
              "Actual Rows": 1,
              "Actual Loops": 4,
              "Plans": [
                {
                  "Node Type": "Seq Scan",
                  "Parent Relationship": "Outer",
                  "Parallel Aware": true,
                  "Relation Name": "movie_companies",
                  "Alias": "mc",
                  "Startup Cost": 0.0,
                  "Total Cost": 29310.68,
                  "Plan Rows": 678075,
                  "Plan Width": 0,
                  "Actual Startup Time": 0.029,
                  "Actual Total Time": 99.892,
                  "Actual Rows": 526222,
                  "Actual Loops": 4,
                  "Filter": "(company_id < 74024)",
                  "Rows Removed by Filter": 126060
                }
              ]
            }
          ]
        }
      ]
    },
    "Planning Time": 0.169,
    "Triggers": [],
    "Execution Time": 147.298
  }
]