[
    {
        "Bao": {
            "Bao prediction": "NaN",
            "Bao recommended hint": "(no hint)"
        }
    },
    {
        "Plan": {
            "Node Type": "Aggregate",
            "Strategy": "Plain",
            "Partial Mode": "Finalize",
            "Parallel Aware": false,
            "Startup Cost": 203634.44,
            "Total Cost": 203634.45,
            "Plan Rows": 1,
            "Plan Width": 8,
            "Actual Startup Time": 400.662,
            "Actual Total Time": 420.053,
            "Actual Rows": 1,
            "Actual Loops": 1,
            "Output": [
                "count(*)"
            ],
            "Plans": [
                {
                    "Node Type": "Gather",
                    "Parent Relationship": "Outer",
                    "Parallel Aware": false,
                    "Startup Cost": 203633.92,
                    "Total Cost": 203634.43,
                    "Plan Rows": 5,
                    "Plan Width": 8,
                    "Actual Startup Time": 400.513,
                    "Actual Total Time": 420.044,
                    "Actual Rows": 6,
                    "Actual Loops": 1,
                    "Output": [
                        "(PARTIAL count(*))"
                    ],
                    "Workers Planned": 5,
                    "Workers Launched": 5,
                    "Single Copy": false,
                    "Plans": [
                        {
                            "Node Type": "Aggregate",
                            "Strategy": "Plain",
                            "Partial Mode": "Partial",
                            "Parent Relationship": "Outer",
                            "Parallel Aware": false,
                            "Startup Cost": 202633.92,
                            "Total Cost": 202633.93,
                            "Plan Rows": 1,
                            "Plan Width": 8,
                            "Actual Startup Time": 391.235,
                            "Actual Total Time": 391.237,
                            "Actual Rows": 1,
                            "Actual Loops": 6,
                            "Output": [
                                "PARTIAL count(*)"
                            ],
                            "Workers": [
                                {
                                    "Worker Number": 0,
                                    "Actual Startup Time": 388.761,
                                    "Actual Total Time": 388.762,
                                    "Actual Rows": 1,
                                    "Actual Loops": 1
                                },
                                {
                                    "Worker Number": 1,
                                    "Actual Startup Time": 388.978,
                                    "Actual Total Time": 388.979,
                                    "Actual Rows": 1,
                                    "Actual Loops": 1
                                },
                                {
                                    "Worker Number": 2,
                                    "Actual Startup Time": 389.489,
                                    "Actual Total Time": 389.49,
                                    "Actual Rows": 1,
                                    "Actual Loops": 1
                                },
                                {
                                    "Worker Number": 3,
                                    "Actual Startup Time": 389.968,
                                    "Actual Total Time": 389.969,
                                    "Actual Rows": 1,
                                    "Actual Loops": 1
                                },
                                {
                                    "Worker Number": 4,
                                    "Actual Startup Time": 390.116,
                                    "Actual Total Time": 390.117,
                                    "Actual Rows": 1,
                                    "Actual Loops": 1
                                }
                            ],
                            "Plans": [
                                {
                                    "Node Type": "Seq Scan",
                                    "Parent Relationship": "Outer",
                                    "Parallel Aware": true,
                                    "Relation Name": "movie_info",
                                    "Schema": "public",
                                    "Alias": "mi",
                                    "Startup Cost": 0.0,
                                    "Total Cost": 198880.74,
                                    "Plan Rows": 1501273,
                                    "Plan Width": 0,
                                    "Actual Startup Time": 26.665,
                                    "Actual Total Time": 329.684,
                                    "Actual Rows": 1258142,
                                    "Actual Loops": 6,
                                    "Output": [
                                        "id",
                                        "movie_id",
                                        "info_type_id",
                                        "info",
                                        "note"
                                    ],
                                    "Filter": "(mi.info_type_id > 7)",
                                    "Rows Removed by Filter": 1214478,
                                    "Workers": [
                                        {
                                            "Worker Number": 0,
                                            "Actual Startup Time": 24.183,
                                            "Actual Total Time": 329.053,
                                            "Actual Rows": 880376,
                                            "Actual Loops": 1
                                        },
                                        {
                                            "Worker Number": 1,
                                            "Actual Startup Time": 24.404,
                                            "Actual Total Time": 331.337,
                                            "Actual Rows": 849969,
                                            "Actual Loops": 1
                                        },
                                        {
                                            "Worker Number": 2,
                                            "Actual Startup Time": 24.935,
                                            "Actual Total Time": 330.234,
                                            "Actual Rows": 1352413,
                                            "Actual Loops": 1
                                        },
                                        {
                                            "Worker Number": 3,
                                            "Actual Startup Time": 25.398,
                                            "Actual Total Time": 330.92,
                                            "Actual Rows": 1345384,
                                            "Actual Loops": 1
                                        },
                                        {
                                            "Worker Number": 4,
                                            "Actual Startup Time": 25.548,
                                            "Actual Total Time": 331.006,
                                            "Actual Rows": 1348858,
                                            "Actual Loops": 1
                                        }
                                    ]
                                }
                            ]
                        }
                    ]
                }
            ]
        },
        "Planning Time": 181.388,
        "Triggers": [],
        "Execution Time": 420.132
    }
]