[
  {
    "Plan": {
      "Node Type": "Aggregate",
      "Strategy": "Plain",
      "Partial Mode": "Finalize",
      "Parallel Aware": false,
      "Startup Cost": 47037.76,
      "Total Cost": 47037.77,
      "Plan Rows": 1,
      "Plan Width": 8,
      "Actual Startup Time": 107.906,
      "Actual Total Time": 120.355,
      "Actual Rows": 1,
      "Actual Loops": 1,
      "Plans": [
        {
          "Node Type": "Gather",
          "Parent Relationship": "Outer",
          "Parallel Aware": false,
          "Startup Cost": 47037.34,
          "Total Cost": 47037.75,
          "Plan Rows": 4,
          "Plan Width": 8,
          "Actual Startup Time": 107.738,
          "Actual Total Time": 120.341,
          "Actual Rows": 5,
          "Actual Loops": 1,
          "Workers Planned": 4,
          "Workers Launched": 4,
          "Single Copy": false,
          "Plans": [
            {
              "Node Type": "Aggregate",
              "Strategy": "Plain",
              "Partial Mode": "Partial",
              "Parent Relationship": "Outer",
              "Parallel Aware": false,
              "Startup Cost": 46037.34,
              "Total Cost": 46037.35,
              "Plan Rows": 1,
              "Plan Width": 8,
              "Actual Startup Time": 101.394,
              "Actual Total Time": 101.395,
              "Actual Rows": 1,
              "Actual Loops": 5,
              "Plans": [
                {
                  "Node Type": "Seq Scan",
                  "Parent Relationship": "Outer",
                  "Parallel Aware": true,
                  "Relation Name": "title",
                  "Alias": "t",
                  "Startup Cost": 0.0,
                  "Total Cost": 45479.59,
                  "Plan Rows": 223100,
                  "Plan Width": 0,
                  "Actual Startup Time": 0.04,
                  "Actual Total Time": 92.979,
                  "Actual Rows": 161411,
                  "Actual Loops": 5,
                  "Filter": "((kind_id < 7) AND (production_year > 1952))",
                  "Rows Removed by Filter": 344251
                }
              ]
            }
          ]
        }
      ]
    },
    "Planning Time": 0.148,
    "Triggers": [],
    "Execution Time": 120.415
  }
]