[
  {
    "Plan": {
      "Node Type": "Aggregate",
      "Strategy": "Plain",
      "Partial Mode": "Finalize",
      "Parallel Aware": false,
      "Startup Cost": 27039.33,
      "Total Cost": 27039.34,
      "Plan Rows": 1,
      "Plan Width": 96,
      "Actual Startup Time": 4609.703,
      "Actual Total Time": 4945.645,
      "Actual Rows": 1,
      "Actual Loops": 1,
      "Plans": [
        {
          "Node Type": "Gather",
          "Parent Relationship": "Outer",
          "Parallel Aware": false,
          "Startup Cost": 27039.1,
          "Total Cost": 27039.31,
          "Plan Rows": 2,
          "Plan Width": 96,
          "Actual Startup Time": 4609.202,
          "Actual Total Time": 4945.633,
          "Actual Rows": 3,
          "Actual Loops": 1,
          "Workers Planned": 2,
          "Workers Launched": 2,
          "Single Copy": false,
          "Plans": [
            {
              "Node Type": "Aggregate",
              "Strategy": "Plain",
              "Partial Mode": "Partial",
              "Parent Relationship": "Outer",
              "Parallel Aware": false,
              "Startup Cost": 26039.1,
              "Total Cost": 26039.11,
              "Plan Rows": 1,
              "Plan Width": 96,
              "Actual Startup Time": 4599.956,
              "Actual Total Time": 4599.962,
              "Actual Rows": 1,
              "Actual Loops": 3,
              "Plans": [
                {
                  "Node Type": "Nested Loop",
                  "Parent Relationship": "Outer",
                  "Parallel Aware": false,
                  "Join Type": "Inner",
                  "Startup Cost": 6.71,
                  "Total Cost": 26038.94,
                  "Plan Rows": 22,
                  "Plan Width": 65,
                  "Actual Startup Time": 12.478,
                  "Actual Total Time": 4592.653,
                  "Actual Rows": 30694,
                  "Actual Loops": 3,
                  "Inner Unique": true,
                  "Plans": [
                    {
                      "Node Type": "Nested Loop",
                      "Parent Relationship": "Outer",
                      "Parallel Aware": false,
                      "Join Type": "Inner",
                      "Startup Cost": 6.28,
                      "Total Cost": 25990.54,
                      "Plan Rows": 94,
                      "Plan Width": 69,
                      "Actual Startup Time": 5.389,
                      "Actual Total Time": 3818.549,
                      "Actual Rows": 191854,
                      "Actual Loops": 3,
                      "Inner Unique": false,
                      "Plans": [
                        {
                          "Node Type": "Nested Loop",
                          "Parent Relationship": "Outer",
                          "Parallel Aware": false,
                          "Join Type": "Inner",
                          "Startup Cost": 5.72,
                          "Total Cost": 25945.62,
                          "Plan Rows": 22,
                          "Plan Width": 77,
                          "Actual Startup Time": 3.085,
                          "Actual Total Time": 1916.181,
                          "Actual Rows": 38207,
                          "Actual Loops": 3,
                          "Inner Unique": true,
                          "Join Filter": "(mi.movie_id = t.id)",
                          "Rows Removed by Join Filter": 0,
                          "Plans": [
                            {
                              "Node Type": "Hash Join",
                              "Parent Relationship": "Outer",
                              "Parallel Aware": false,
                              "Join Type": "Inner",
                              "Startup Cost": 5.29,
                              "Total Cost": 25932.63,
                              "Plan Rows": 22,
                              "Plan Width": 56,
                              "Actual Startup Time": 2.91,
                              "Actual Total Time": 1764.767,
                              "Actual Rows": 38207,
                              "Actual Loops": 3,
                              "Inner Unique": true,
                              "Hash Cond": "(mi.info_type_id = it1.id)",
                              "Plans": [
                                {
                                  "Node Type": "Nested Loop",
                                  "Parent Relationship": "Outer",
                                  "Parallel Aware": false,
                                  "Join Type": "Inner",
                                  "Startup Cost": 2.86,
                                  "Total Cost": 25923.31,
                                  "Plan Rows": 2535,
                                  "Plan Width": 60,
                                  "Actual Startup Time": 2.563,
                                  "Actual Total Time": 1751.755,
                                  "Actual Rows": 38992,
                                  "Actual Loops": 3,
                                  "Inner Unique": false,
                                  "Plans": [
                                    {
                                      "Node Type": "Hash Join",
                                      "Parent Relationship": "Outer",
                                      "Parallel Aware": false,
                                      "Join Type": "Inner",
                                      "Startup Cost": 2.43,
                                      "Total Cost": 15253.6,
                                      "Plan Rows": 5089,
                                      "Plan Width": 9,
                                      "Actual Startup Time": 0.139,
                                      "Actual Total Time": 133.204,
                                      "Actual Rows": 153308,
                                      "Actual Loops": 3,
                                      "Inner Unique": true,
                                      "Hash Cond": "(mi_idx.info_type_id = it2.id)",
                                      "Plans": [
                                        {
                                          "Node Type": "Seq Scan",
                                          "Parent Relationship": "Outer",
                                          "Parallel Aware": true,
                                          "Relation Name": "movie_info_idx",
                                          "Alias": "mi_idx",
                                          "Startup Cost": 0.0,
                                          "Total Cost": 13685.15,
                                          "Plan Rows": 575015,
                                          "Plan Width": 13,
                                          "Actual Startup Time": 0.046,
                                          "Actual Total Time": 53.212,
                                          "Actual Rows": 460012,
                                          "Actual Loops": 3
                                        },
                                        {
                                          "Node Type": "Hash",
                                          "Parent Relationship": "Inner",
                                          "Parallel Aware": false,
                                          "Startup Cost": 2.41,
                                          "Total Cost": 2.41,
                                          "Plan Rows": 1,
                                          "Plan Width": 4,
                                          "Actual Startup Time": 0.044,
                                          "Actual Total Time": 0.045,
                                          "Actual Rows": 1,
                                          "Actual Loops": 3,
                                          "Hash Buckets": 1024,
                                          "Original Hash Buckets": 1024,
                                          "Hash Batches": 1,
                                          "Original Hash Batches": 1,
                                          "Peak Memory Usage": 9,
                                          "Plans": [
                                            {
                                              "Node Type": "Seq Scan",
                                              "Parent Relationship": "Outer",
                                              "Parallel Aware": false,
                                              "Relation Name": "info_type",
                                              "Alias": "it2",
                                              "Startup Cost": 0.0,
                                              "Total Cost": 2.41,
                                              "Plan Rows": 1,
                                              "Plan Width": 4,
                                              "Actual Startup Time": 0.026,
                                              "Actual Total Time": 0.031,
                                              "Actual Rows": 1,
                                              "Actual Loops": 3,
                                              "Filter": "((info)::text = 'votes'::text)",
                                              "Rows Removed by Filter": 112
                                            }
                                          ]
                                        }
                                      ]
                                    },
                                    {
                                      "Node Type": "Index Scan",
                                      "Parent Relationship": "Inner",
                                      "Parallel Aware": false,
                                      "Scan Direction": "Forward",
                                      "Index Name": "movie_id_movie_info",
                                      "Relation Name": "movie_info",
                                      "Alias": "mi",
                                      "Startup Cost": 0.43,
                                      "Total Cost": 2.09,
                                      "Plan Rows": 1,
                                      "Plan Width": 51,
                                      "Actual Startup Time": 0.01,
                                      "Actual Total Time": 0.01,
                                      "Actual Rows": 0,
                                      "Actual Loops": 459925,
                                      "Index Cond": "(movie_id = mi_idx.movie_id)",
                                      "Rows Removed by Index Recheck": 0,
                                      "Filter": "(info = ANY ('{Sci-Fi,Action,Thriller,Horror,Family,Crime}'::text[]))",
                                      "Rows Removed by Filter": 15
                                    }
                                  ]
                                },
                                {
                                  "Node Type": "Hash",
                                  "Parent Relationship": "Inner",
                                  "Parallel Aware": false,
                                  "Startup Cost": 2.41,
                                  "Total Cost": 2.41,
                                  "Plan Rows": 1,
                                  "Plan Width": 4,
                                  "Actual Startup Time": 0.089,
                                  "Actual Total Time": 0.089,
                                  "Actual Rows": 1,
                                  "Actual Loops": 3,
                                  "Hash Buckets": 1024,
                                  "Original Hash Buckets": 1024,
                                  "Hash Batches": 1,
                                  "Original Hash Batches": 1,
                                  "Peak Memory Usage": 9,
                                  "Plans": [
                                    {
                                      "Node Type": "Seq Scan",
                                      "Parent Relationship": "Outer",
                                      "Parallel Aware": false,
                                      "Relation Name": "info_type",
                                      "Alias": "it1",
                                      "Startup Cost": 0.0,
                                      "Total Cost": 2.41,
                                      "Plan Rows": 1,
                                      "Plan Width": 4,
                                      "Actual Startup Time": 0.049,
                                      "Actual Total Time": 0.067,
                                      "Actual Rows": 1,
                                      "Actual Loops": 3,
                                      "Filter": "((info)::text = 'genres'::text)",
                                      "Rows Removed by Filter": 112
                                    }
                                  ]
                                }
                              ]
                            },
                            {
                              "Node Type": "Index Scan",
                              "Parent Relationship": "Inner",
                              "Parallel Aware": false,
                              "Scan Direction": "Forward",
                              "Index Name": "title_pkey",
                              "Relation Name": "title",
                              "Alias": "t",
                              "Startup Cost": 0.43,
                              "Total Cost": 0.58,
                              "Plan Rows": 1,
                              "Plan Width": 21,
                              "Actual Startup Time": 0.003,
                              "Actual Total Time": 0.003,
                              "Actual Rows": 1,
                              "Actual Loops": 114621,
                              "Index Cond": "(id = mi_idx.movie_id)",
                              "Rows Removed by Index Recheck": 0
                            }
                          ]
                        },
                        {
                          "Node Type": "Index Scan",
                          "Parent Relationship": "Inner",
                          "Parallel Aware": false,
                          "Scan Direction": "Forward",
                          "Index Name": "movie_id_cast_info",
                          "Relation Name": "cast_info",
                          "Alias": "ci",
                          "Startup Cost": 0.56,
                          "Total Cost": 2.0,
                          "Plan Rows": 4,
                          "Plan Width": 8,
                          "Actual Startup Time": 0.022,
                          "Actual Total Time": 0.049,
                          "Actual Rows": 5,
                          "Actual Loops": 114621,
                          "Index Cond": "(movie_id = t.id)",
                          "Rows Removed by Index Recheck": 0,
                          "Filter": "(note = ANY ('{(producer),(writer),(uncredited),(voice),\"(executive producer)\"}'::text[]))",
                          "Rows Removed by Filter": 32
                        }
                      ]
                    },
                    {
                      "Node Type": "Index Scan",
                      "Parent Relationship": "Inner",
                      "Parallel Aware": false,
                      "Scan Direction": "Forward",
                      "Index Name": "name_pkey",
                      "Relation Name": "name",
                      "Alias": "n",
                      "Startup Cost": 0.43,
                      "Total Cost": 0.51,
                      "Plan Rows": 1,
                      "Plan Width": 4,
                      "Actual Startup Time": 0.004,
                      "Actual Total Time": 0.004,
                      "Actual Rows": 0,
                      "Actual Loops": 575562,
                      "Index Cond": "(id = ci.person_id)",
                      "Rows Removed by Index Recheck": 0,
                      "Filter": "((gender)::text = 'f'::text)",
                      "Rows Removed by Filter": 1
                    }
                  ]
                }
              ]
            }
          ]
        }
      ]
    },
    "Planning Time": 13.825,
    "Triggers": [],
    "Execution Time": 4946.258
  }
]