[
  {
    "Plan": {
      "Node Type": "Aggregate",
      "Strategy": "Plain",
      "Partial Mode": "Finalize",
      "Parallel Aware": false,
      "Startup Cost": 79108.45,
      "Total Cost": 79108.46,
      "Plan Rows": 1,
      "Plan Width": 8,
      "Actual Startup Time": 111.582,
      "Actual Total Time": 120.017,
      "Actual Rows": 1,
      "Actual Loops": 1,
      "Plans": [
        {
          "Node Type": "Gather",
          "Parent Relationship": "Outer",
          "Parallel Aware": false,
          "Startup Cost": 79107.93,
          "Total Cost": 79108.44,
          "Plan Rows": 5,
          "Plan Width": 8,
          "Actual Startup Time": 111.446,
          "Actual Total Time": 120.005,
          "Actual Rows": 6,
          "Actual Loops": 1,
          "Workers Planned": 5,
          "Workers Launched": 5,
          "Single Copy": false,
          "Plans": [
            {
              "Node Type": "Aggregate",
              "Strategy": "Plain",
              "Partial Mode": "Partial",
              "Parent Relationship": "Outer",
              "Parallel Aware": false,
              "Startup Cost": 78107.93,
              "Total Cost": 78107.94,
              "Plan Rows": 1,
              "Plan Width": 8,
              "Actual Startup Time": 103.533,
              "Actual Total Time": 103.534,
              "Actual Rows": 1,
              "Actual Loops": 6,
              "Plans": [
                {
                  "Node Type": "Index Scan",
                  "Parent Relationship": "Outer",
                  "Parallel Aware": true,
                  "Scan Direction": "Forward",
                  "Index Name": "role_id_cast_info",
                  "Relation Name": "cast_info",
                  "Alias": "ci",
                  "Startup Cost": 0.56,
                  "Total Cost": 77740.85,
                  "Plan Rows": 146831,
                  "Plan Width": 0,
                  "Actual Startup Time": 0.23,
                  "Actual Total Time": 97.21,
                  "Actual Rows": 110836,
                  "Actual Loops": 6,
                  "Index Cond": "(role_id = 4)",
                  "Rows Removed by Index Recheck": 0,
                  "Filter": "(person_id < 929327)",
                  "Rows Removed by Filter": 343988
                }
              ]
            }
          ]
        }
      ]
    },
    "Planning Time": 0.134,
    "Triggers": [],
    "Execution Time": 120.057
  }
]