[
  {
    "Plan": {
      "Node Type": "Aggregate",
      "Strategy": "Plain",
      "Partial Mode": "Finalize",
      "Parallel Aware": false,
      "Startup Cost": 22051.13,
      "Total Cost": 22051.14,
      "Plan Rows": 1,
      "Plan Width": 8,
      "Actual Startup Time": 45.153,
      "Actual Total Time": 51.073,
      "Actual Rows": 1,
      "Actual Loops": 1,
      "Plans": [
        {
          "Node Type": "Gather",
          "Parent Relationship": "Outer",
          "Parallel Aware": false,
          "Startup Cost": 22051.02,
          "Total Cost": 22051.13,
          "Plan Rows": 1,
          "Plan Width": 8,
          "Actual Startup Time": 44.903,
          "Actual Total Time": 51.064,
          "Actual Rows": 2,
          "Actual Loops": 1,
          "Workers Planned": 1,
          "Workers Launched": 1,
          "Single Copy": false,
          "Plans": [
            {
              "Node Type": "Aggregate",
              "Strategy": "Plain",
              "Partial Mode": "Partial",
              "Parent Relationship": "Outer",
              "Parallel Aware": false,
              "Startup Cost": 21051.02,
              "Total Cost": 21051.03,
              "Plan Rows": 1,
              "Plan Width": 8,
              "Actual Startup Time": 38.404,
              "Actual Total Time": 38.406,
              "Actual Rows": 1,
              "Actual Loops": 2,
              "Plans": [
                {
                  "Node Type": "Nested Loop",
                  "Parent Relationship": "Outer",
                  "Parallel Aware": false,
                  "Join Type": "Inner",
                  "Startup Cost": 62.86,
                  "Total Cost": 21049.05,
                  "Plan Rows": 786,
                  "Plan Width": 0,
                  "Actual Startup Time": 2.028,
                  "Actual Total Time": 37.62,
                  "Actual Rows": 4845,
                  "Actual Loops": 2,
                  "Inner Unique": false,
                  "Plans": [
                    {
                      "Node Type": "Nested Loop",
                      "Parent Relationship": "Outer",
                      "Parallel Aware": false,
                      "Join Type": "Inner",
                      "Startup Cost": 62.43,
                      "Total Cost": 20277.42,
                      "Plan Rows": 1441,
                      "Plan Width": 8,
                      "Actual Startup Time": 1.903,
                      "Actual Total Time": 23.279,
                      "Actual Rows": 1802,
                      "Actual Loops": 2,
                      "Inner Unique": true,
                      "Plans": [
                        {
                          "Node Type": "Bitmap Heap Scan",
                          "Parent Relationship": "Outer",
                          "Parallel Aware": true,
                          "Relation Name": "movie_companies",
                          "Alias": "mc",
                          "Startup Cost": 62.0,
                          "Total Cost": 7562.37,
                          "Plan Rows": 1637,
                          "Plan Width": 4,
                          "Actual Startup Time": 1.737,
                          "Actual Total Time": 6.091,
                          "Actual Rows": 1945,
                          "Actual Loops": 2,
                          "Recheck Cond": "(company_id = 240)",
                          "Rows Removed by Index Recheck": 0,
                          "Exact Heap Blocks": 1422,
                          "Lossy Heap Blocks": 0,
                          "Plans": [
                            {
                              "Node Type": "Bitmap Index Scan",
                              "Parent Relationship": "Outer",
                              "Parallel Aware": false,
                              "Index Name": "company_id_movie_companies",
                              "Startup Cost": 0.0,
                              "Total Cost": 61.3,
                              "Plan Rows": 2783,
                              "Plan Width": 0,
                              "Actual Startup Time": 2.572,
                              "Actual Total Time": 2.573,
                              "Actual Rows": 3890,
                              "Actual Loops": 1,
                              "Index Cond": "(company_id = 240)"
                            }
                          ]
                        },
                        {
                          "Node Type": "Index Scan",
                          "Parent Relationship": "Inner",
                          "Parallel Aware": false,
                          "Scan Direction": "Forward",
                          "Index Name": "title_pkey",
                          "Relation Name": "title",
                          "Alias": "t",
                          "Startup Cost": 0.43,
                          "Total Cost": 7.77,
                          "Plan Rows": 1,
                          "Plan Width": 4,
                          "Actual Startup Time": 0.008,
                          "Actual Total Time": 0.008,
                          "Actual Rows": 1,
                          "Actual Loops": 3890,
                          "Index Cond": "(id = mc.movie_id)",
                          "Rows Removed by Index Recheck": 0,
                          "Filter": "(production_year < 2012)",
                          "Rows Removed by Filter": 0
                        }
                      ]
                    },
                    {
                      "Node Type": "Index Only Scan",
                      "Parent Relationship": "Inner",
                      "Parallel Aware": false,
                      "Scan Direction": "Forward",
                      "Index Name": "movie_id_movie_info_idx",
                      "Relation Name": "movie_info_idx",
                      "Alias": "mi_idx",
                      "Startup Cost": 0.43,
                      "Total Cost": 0.51,
                      "Plan Rows": 3,
                      "Plan Width": 4,
                      "Actual Startup Time": 0.006,
                      "Actual Total Time": 0.007,
                      "Actual Rows": 3,
                      "Actual Loops": 3605,
                      "Index Cond": "(movie_id = t.id)",
                      "Rows Removed by Index Recheck": 0,
                      "Heap Fetches": 9690
                    }
                  ]
                }
              ]
            }
          ]
        }
      ]
    },
    "Planning Time": 1.46,
    "Triggers": [],
    "Execution Time": 51.185
  }
]