[
  {
    "Plan": {
      "Node Type": "Aggregate",
      "Strategy": "Plain",
      "Partial Mode": "Simple",
      "Parallel Aware": false,
      "Startup Cost": 26893.1,
      "Total Cost": 26893.11,
      "Plan Rows": 1,
      "Plan Width": 8,
      "Actual Startup Time": 60.599,
      "Actual Total Time": 60.6,
      "Actual Rows": 1,
      "Actual Loops": 1,
      "Plans": [
        {
          "Node Type": "Bitmap Heap Scan",
          "Parent Relationship": "Outer",
          "Parallel Aware": false,
          "Relation Name": "movie_keyword",
          "Alias": "mk",
          "Startup Cost": 1429.87,
          "Total Cost": 26724.89,
          "Plan Rows": 67282,
          "Plan Width": 0,
          "Actual Startup Time": 20.831,
          "Actual Total Time": 56.999,
          "Actual Rows": 67545,
          "Actual Loops": 1,
          "Recheck Cond": "(keyword_id < 57)",
          "Rows Removed by Index Recheck": 0,
          "Exact Heap Blocks": 18767,
          "Lossy Heap Blocks": 0,
          "Plans": [
            {
              "Node Type": "Bitmap Index Scan",
              "Parent Relationship": "Outer",
              "Parallel Aware": false,
              "Index Name": "keyword_id_movie_keyword",
              "Startup Cost": 0.0,
              "Total Cost": 1413.05,
              "Plan Rows": 67282,
              "Plan Width": 0,
              "Actual Startup Time": 14.151,
              "Actual Total Time": 14.151,
              "Actual Rows": 67545,
              "Actual Loops": 1,
              "Index Cond": "(keyword_id < 57)"
            }
          ]
        }
      ]
    },
    "Planning Time": 0.238,
    "Triggers": [],
    "Execution Time": 60.653
  }
]