[
  {
    "Plan": {
      "Node Type": "Aggregate",
      "Strategy": "Plain",
      "Partial Mode": "Finalize",
      "Parallel Aware": false,
      "Startup Cost": 127142.24,
      "Total Cost": 127142.25,
      "Plan Rows": 1,
      "Plan Width": 8,
      "Actual Startup Time": 383.843,
      "Actual Total Time": 396.354,
      "Actual Rows": 1,
      "Actual Loops": 1,
      "Plans": [
        {
          "Node Type": "Gather",
          "Parent Relationship": "Outer",
          "Parallel Aware": false,
          "Startup Cost": 127141.92,
          "Total Cost": 127142.23,
          "Plan Rows": 3,
          "Plan Width": 8,
          "Actual Startup Time": 380.53,
          "Actual Total Time": 396.343,
          "Actual Rows": 4,
          "Actual Loops": 1,
          "Workers Planned": 3,
          "Workers Launched": 3,
          "Single Copy": false,
          "Plans": [
            {
              "Node Type": "Aggregate",
              "Strategy": "Plain",
              "Partial Mode": "Partial",
              "Parent Relationship": "Outer",
              "Parallel Aware": false,
              "Startup Cost": 126141.92,
              "Total Cost": 126141.93,
              "Plan Rows": 1,
              "Plan Width": 8,
              "Actual Startup Time": 375.997,
              "Actual Total Time": 376.001,
              "Actual Rows": 1,
              "Actual Loops": 4,
              "Plans": [
                {
                  "Node Type": "Hash Join",
                  "Parent Relationship": "Outer",
                  "Parallel Aware": true,
                  "Join Type": "Inner",
                  "Startup Cost": 77704.85,
                  "Total Cost": 126012.32,
                  "Plan Rows": 51842,
                  "Plan Width": 0,
                  "Actual Startup Time": 236.122,
                  "Actual Total Time": 373.94,
                  "Actual Rows": 43185,
                  "Actual Loops": 4,
                  "Inner Unique": false,
                  "Hash Cond": "(mk.movie_id = t.id)",
                  "Plans": [
                    {
                      "Node Type": "Seq Scan",
                      "Parent Relationship": "Outer",
                      "Parallel Aware": true,
                      "Relation Name": "movie_keyword",
                      "Alias": "mk",
                      "Startup Cost": 0.0,
                      "Total Cost": 42695.65,
                      "Plan Rows": 1451889,
                      "Plan Width": 4,
                      "Actual Startup Time": 0.017,
                      "Actual Total Time": 110.896,
                      "Actual Rows": 1125421,
                      "Actual Loops": 4,
                      "Filter": "(keyword_id > 3)",
                      "Rows Removed by Filter": 5562
                    },
                    {
                      "Node Type": "Hash",
                      "Parent Relationship": "Inner",
                      "Parallel Aware": true,
                      "Startup Cost": 77340.83,
                      "Total Cost": 77340.83,
                      "Plan Rows": 29122,
                      "Plan Width": 8,
                      "Actual Startup Time": 191.238,
                      "Actual Total Time": 191.241,
                      "Actual Rows": 4797,
                      "Actual Loops": 4,
                      "Hash Buckets": 131072,
                      "Original Hash Buckets": 131072,
                      "Hash Batches": 1,
                      "Original Hash Batches": 1,
                      "Peak Memory Usage": 1856,
                      "Plans": [
                        {
                          "Node Type": "Hash Join",
                          "Parent Relationship": "Outer",
                          "Parallel Aware": true,
                          "Join Type": "Inner",
                          "Startup Cost": 45563.04,
                          "Total Cost": 77340.83,
                          "Plan Rows": 29122,
                          "Plan Width": 8,
                          "Actual Startup Time": 135.81,
                          "Actual Total Time": 189.037,
                          "Actual Rows": 4797,
                          "Actual Loops": 4,
                          "Inner Unique": true,
                          "Hash Cond": "(mc.movie_id = t.id)",
                          "Plans": [
                            {
                              "Node Type": "Seq Scan",
                              "Parent Relationship": "Outer",
                              "Parallel Aware": true,
                              "Relation Name": "movie_companies",
                              "Alias": "mc",
                              "Startup Cost": 0.0,
                              "Total Cost": 31414.82,
                              "Plan Rows": 138272,
                              "Plan Width": 4,
                              "Actual Startup Time": 9.741,
                              "Actual Total Time": 54.694,
                              "Actual Rows": 27082,
                              "Actual Loops": 4,
                              "Filter": "((company_id > 23039) AND (company_type_id < 2))",
                              "Rows Removed by Filter": 625200
                            },
                            {
                              "Node Type": "Hash",
                              "Parent Relationship": "Inner",
                              "Parallel Aware": true,
                              "Startup Cost": 43899.01,
                              "Total Cost": 43899.01,
                              "Plan Rows": 133123,
                              "Plan Width": 4,
                              "Actual Startup Time": 123.991,
                              "Actual Total Time": 123.992,
                              "Actual Rows": 133342,
                              "Actual Loops": 4,
                              "Hash Buckets": 1048576,
                              "Original Hash Buckets": 1048576,
                              "Hash Batches": 1,
                              "Original Hash Batches": 1,
                              "Peak Memory Usage": 29120,
                              "Plans": [
                                {
                                  "Node Type": "Seq Scan",
                                  "Parent Relationship": "Outer",
                                  "Parallel Aware": true,
                                  "Relation Name": "title",
                                  "Alias": "t",
                                  "Startup Cost": 0.0,
                                  "Total Cost": 43899.01,
                                  "Plan Rows": 133123,
                                  "Plan Width": 4,
                                  "Actual Startup Time": 0.017,
                                  "Actual Total Time": 81.59,
                                  "Actual Rows": 133342,
                                  "Actual Loops": 4,
                                  "Filter": "(production_year > 2009)",
                                  "Rows Removed by Filter": 498736
                                }
                              ]
                            }
                          ]
                        }
                      ]
                    }
                  ]
                }
              ]
            }
          ]
        }
      ]
    },
    "Planning Time": 0.65,
    "Triggers": [],
    "Execution Time": 396.396
  }
]