{
  "Plan": {
    "Node Type": "Aggregate",
    "Strategy": "Plain",
    "Partial Mode": "Finalize",
    "Parallel Aware": false,
    "Startup Cost": 394398.16,
    "Total Cost": 394398.17,
    "Plan Rows": 1,
    "Plan Width": 8,
    "Actual Startup Time": 1088.63,
    "Actual Total Time": 1103.268,
    "Actual Rows": 1,
    "Actual Loops": 1,
    "Plans": [
      {
        "Node Type": "Gather",
        "Parent Relationship": "Outer",
        "Parallel Aware": false,
        "Startup Cost": 394398.05,
        "Total Cost": 394398.16,
        "Plan Rows": 1,
        "Plan Width": 8,
        "Actual Startup Time": 1085.077,
        "Actual Total Time": 1103.256,
        "Actual Rows": 2,
        "Actual Loops": 1,
        "Workers Planned": 1,
        "Workers Launched": 1,
        "Single Copy": false,
        "Plans": [
          {
            "Node Type": "Aggregate",
            "Strategy": "Plain",
            "Partial Mode": "Partial",
            "Parent Relationship": "Outer",
            "Parallel Aware": false,
            "Startup Cost": 393398.05,
            "Total Cost": 393398.06,
            "Plan Rows": 1,
            "Plan Width": 8,
            "Actual Startup Time": 1079.347,
            "Actual Total Time": 1079.357,
            "Actual Rows": 1,
            "Actual Loops": 2,
            "Plans": [
              {
                "Node Type": "Hash Join",
                "Parent Relationship": "Outer",
                "Parallel Aware": true,
                "Join Type": "Inner",
                "Startup Cost": 123808.6,
                "Total Cost": 393191.85,
                "Plan Rows": 82480,
                "Plan Width": 0,
                "Actual Startup Time": 973.637,
                "Actual Total Time": 1072.375,
                "Actual Rows": 165479,
                "Actual Loops": 2,
                "Inner Unique": false,
                "Hash Cond": "(ci.movie_id = t.id)",
                "Plans": [
                  {
                    "Node Type": "Bitmap Heap Scan",
                    "Parent Relationship": "Outer",
                    "Parallel Aware": true,
                    "Relation Name": "cast_info",
                    "Alias": "ci",
                    "Startup Cost": 8097.0,
                    "Total Cost": 276186.6,
                    "Plan Rows": 215593,
                    "Plan Width": 4,
                    "Actual Startup Time": 12.43,
                    "Actual Total Time": 35.268,
                    "Actual Rows": 179735,
                    "Actual Loops": 2,
                    "Recheck Cond": "(person_id > 3995810)",
                    "Rows Removed by Index Recheck": 0,
                    "Exact Heap Blocks": 2480,
                    "Lossy Heap Blocks": 0,
                    "Plans": [
                      {
                        "Node Type": "Bitmap Index Scan",
                        "Parent Relationship": "Outer",
                        "Parallel Aware": false,
                        "Index Name": "person_id_cast_info",
                        "Startup Cost": 0.0,
                        "Total Cost": 8005.37,
                        "Plan Rows": 366508,
                        "Plan Width": 0,
                        "Actual Startup Time": 11.819,
                        "Actual Total Time": 11.82,
                        "Actual Rows": 359470,
                        "Actual Loops": 1,
                        "Index Cond": "(person_id > 3995810)"
                      }
                    ]
                  },
                  {
                    "Node Type": "Hash",
                    "Parent Relationship": "Inner",
                    "Parallel Aware": true,
                    "Startup Cost": 108599.4,
                    "Total Cost": 108599.4,
                    "Plan Rows": 568976,
                    "Plan Width": 8,
                    "Actual Startup Time": 952.618,
                    "Actual Total Time": 952.625,
                    "Actual Rows": 490646,
                    "Actual Loops": 2,
                    "Hash Buckets": 1048576,
                    "Original Hash Buckets": 1048576,
                    "Hash Batches": 1,
                    "Original Hash Batches": 1,
                    "Peak Memory Usage": 46624,
                    "Plans": [
                      {
                        "Node Type": "Hash Join",
                        "Parent Relationship": "Outer",
                        "Parallel Aware": true,
                        "Join Type": "Inner",
                        "Startup Cost": 45086.97,
                        "Total Cost": 108599.4,
                        "Plan Rows": 568976,
                        "Plan Width": 8,
                        "Actual Startup Time": 259.936,
                        "Actual Total Time": 814.965,
                        "Actual Rows": 490646,
                        "Actual Loops": 2,
                        "Inner Unique": false,
                        "Hash Cond": "(t.id = mc.movie_id)",
                        "Plans": [
                          {
                            "Node Type": "Seq Scan",
                            "Parent Relationship": "Outer",
                            "Parallel Aware": true,
                            "Relation Name": "title",
                            "Alias": "t",
                            "Startup Cost": 0.0,
                            "Total Cost": 50870.31,
                            "Plan Rows": 1487231,
                            "Plan Width": 4,
                            "Actual Startup Time": 0.013,
                            "Actual Total Time": 130.875,
                            "Actual Rows": 1264156,
                            "Actual Loops": 2
                          },
                          {
                            "Node Type": "Hash",
                            "Parent Relationship": "Inner",
                            "Parallel Aware": true,
                            "Startup Cost": 37974.77,
                            "Total Cost": 37974.77,
                            "Plan Rows": 568976,
                            "Plan Width": 4,
                            "Actual Startup Time": 254.957,
                            "Actual Total Time": 254.959,
                            "Actual Rows": 490646,
                            "Actual Loops": 2,
                            "Hash Buckets": 1048576,
                            "Original Hash Buckets": 1048576,
                            "Hash Batches": 1,
                            "Original Hash Batches": 1,
                            "Peak Memory Usage": 46624,
                            "Plans": [
                              {
                                "Node Type": "Seq Scan",
                                "Parent Relationship": "Outer",
                                "Parallel Aware": true,
                                "Relation Name": "movie_companies",
                                "Alias": "mc",
                                "Startup Cost": 0.0,
                                "Total Cost": 37974.77,
                                "Plan Rows": 568976,
                                "Plan Width": 4,
                                "Actual Startup Time": 25.866,
                                "Actual Total Time": 132.213,
                                "Actual Rows": 490646,
                                "Actual Loops": 2,
                                "Filter": "(company_id > 17385)",
                                "Rows Removed by Filter": 813918
                              }
                            ]
                          }
                        ]
                      }
                    ]
                  }
                ]
              }
            ]
          }
        ]
      }
    ]
  },
  "Planning Time": 1.045,
  "Triggers": [],
  "Execution Time": 1103.379
}