{
  "Plan": {
    "Node Type": "Aggregate",
    "Strategy": "Plain",
    "Partial Mode": "Finalize",
    "Parallel Aware": false,
    "Startup Cost": 364565.62,
    "Total Cost": 364565.63,
    "Plan Rows": 1,
    "Plan Width": 8,
    "Actual Startup Time": 217.315,
    "Actual Total Time": 245.927,
    "Actual Rows": 1,
    "Actual Loops": 1,
    "Plans": [
      {
        "Node Type": "Gather",
        "Parent Relationship": "Outer",
        "Parallel Aware": false,
        "Startup Cost": 364565.51,
        "Total Cost": 364565.62,
        "Plan Rows": 1,
        "Plan Width": 8,
        "Actual Startup Time": 217.074,
        "Actual Total Time": 245.921,
        "Actual Rows": 2,
        "Actual Loops": 1,
        "Workers Planned": 1,
        "Workers Launched": 1,
        "Single Copy": false,
        "Plans": [
          {
            "Node Type": "Aggregate",
            "Strategy": "Plain",
            "Partial Mode": "Partial",
            "Parent Relationship": "Outer",
            "Parallel Aware": false,
            "Startup Cost": 363565.51,
            "Total Cost": 363565.52,
            "Plan Rows": 1,
            "Plan Width": 8,
            "Actual Startup Time": 211.238,
            "Actual Total Time": 211.239,
            "Actual Rows": 1,
            "Actual Loops": 2,
            "Plans": [
              {
                "Node Type": "Nested Loop",
                "Parent Relationship": "Outer",
                "Parallel Aware": false,
                "Join Type": "Inner",
                "Startup Cost": 0.56,
                "Total Cost": 363544.67,
                "Plan Rows": 8334,
                "Plan Width": 0,
                "Actual Startup Time": 3.011,
                "Actual Total Time": 210.934,
                "Actual Rows": 3893,
                "Actual Loops": 2,
                "Inner Unique": false,
                "Plans": [
                  {
                    "Node Type": "Seq Scan",
                    "Parent Relationship": "Outer",
                    "Parallel Aware": true,
                    "Relation Name": "title",
                    "Alias": "t",
                    "Startup Cost": 0.0,
                    "Total Cost": 58306.47,
                    "Plan Rows": 2605,
                    "Plan Width": 4,
                    "Actual Startup Time": 2.681,
                    "Actual Total Time": 128.472,
                    "Actual Rows": 2061,
                    "Actual Loops": 2,
                    "Filter": "((kind_id < 7) AND (production_year = 1960))",
                    "Rows Removed by Filter": 1262095
                  },
                  {
                    "Node Type": "Index Scan",
                    "Parent Relationship": "Inner",
                    "Parallel Aware": false,
                    "Scan Direction": "Forward",
                    "Index Name": "movie_id_cast_info",
                    "Relation Name": "cast_info",
                    "Alias": "ci",
                    "Startup Cost": 0.56,
                    "Total Cost": 117.09,
                    "Plan Rows": 8,
                    "Plan Width": 4,
                    "Actual Startup Time": 0.022,
                    "Actual Total Time": 0.039,
                    "Actual Rows": 2,
                    "Actual Loops": 4122,
                    "Index Cond": "(movie_id = t.id)",
                    "Rows Removed by Index Recheck": 0,
                    "Filter": "((person_id > 1256868) AND (role_id = 1))",
                    "Rows Removed by Filter": 13
                  }
                ]
              }
            ]
          }
        ]
      }
    ]
  },
  "Planning Time": 0.518,
  "Triggers": [],
  "Execution Time": 246.006
}