{
    "Plan": {
        "Node Type": "Aggregate",
        "Strategy": "Plain",
        "Partial Mode": "Finalize",
        "Parallel Aware": false,
        "Startup Cost": 315410.76,
        "Total Cost": 315410.77,
        "Plan Rows": 1,
        "Plan Width": 8,
        "Actual Startup Time": 217.354,
        "Actual Total Time": 267.783,
        "Actual Rows": 1,
        "Actual Loops": 1,
        "Output": [
            "count(*)"
        ],
        "Plans": [
            {
                "Node Type": "Gather",
                "Parent Relationship": "Outer",
                "Parallel Aware": false,
                "Startup Cost": 315410.34,
                "Total Cost": 315410.75,
                "Plan Rows": 4,
                "Plan Width": 8,
                "Actual Startup Time": 217.245,
                "Actual Total Time": 267.775,
                "Actual Rows": 5,
                "Actual Loops": 1,
                "Output": [
                    "(PARTIAL count(*))"
                ],
                "Workers Planned": 4,
                "Workers Launched": 4,
                "Single Copy": false,
                "Plans": [
                    {
                        "Node Type": "Aggregate",
                        "Strategy": "Plain",
                        "Partial Mode": "Partial",
                        "Parent Relationship": "Outer",
                        "Parallel Aware": false,
                        "Startup Cost": 314410.34,
                        "Total Cost": 314410.35,
                        "Plan Rows": 1,
                        "Plan Width": 8,
                        "Actual Startup Time": 207.231,
                        "Actual Total Time": 207.232,
                        "Actual Rows": 1,
                        "Actual Loops": 5,
                        "Output": [
                            "PARTIAL count(*)"
                        ],
                        "Workers": [
                            {
                                "Worker Number": 0,
                                "Actual Startup Time": 204.446,
                                "Actual Total Time": 204.448,
                                "Actual Rows": 1,
                                "Actual Loops": 1
                            },
                            {
                                "Worker Number": 1,
                                "Actual Startup Time": 204.729,
                                "Actual Total Time": 204.731,
                                "Actual Rows": 1,
                                "Actual Loops": 1
                            },
                            {
                                "Worker Number": 2,
                                "Actual Startup Time": 205.205,
                                "Actual Total Time": 205.206,
                                "Actual Rows": 1,
                                "Actual Loops": 1
                            },
                            {
                                "Worker Number": 3,
                                "Actual Startup Time": 205.318,
                                "Actual Total Time": 205.319,
                                "Actual Rows": 1,
                                "Actual Loops": 1
                            }
                        ],
                        "Plans": [
                            {
                                "Node Type": "Nested Loop",
                                "Parent Relationship": "Outer",
                                "Parallel Aware": false,
                                "Join Type": "Inner",
                                "Startup Cost": 0.56,
                                "Total Cost": 314393.03,
                                "Plan Rows": 6924,
                                "Plan Width": 0,
                                "Actual Startup Time": 1.453,
                                "Actual Total Time": 206.584,
                                "Actual Rows": 6188,
                                "Actual Loops": 5,
                                "Inner Unique": false,
                                "Workers": [
                                    {
                                        "Worker Number": 0,
                                        "Actual Startup Time": 1.296,
                                        "Actual Total Time": 203.858,
                                        "Actual Rows": 4480,
                                        "Actual Loops": 1
                                    },
                                    {
                                        "Worker Number": 1,
                                        "Actual Startup Time": 1.443,
                                        "Actual Total Time": 204.129,
                                        "Actual Rows": 4641,
                                        "Actual Loops": 1
                                    },
                                    {
                                        "Worker Number": 2,
                                        "Actual Startup Time": 3.605,
                                        "Actual Total Time": 204.571,
                                        "Actual Rows": 4767,
                                        "Actual Loops": 1
                                    },
                                    {
                                        "Worker Number": 3,
                                        "Actual Startup Time": 0.65,
                                        "Actual Total Time": 204.731,
                                        "Actual Rows": 4420,
                                        "Actual Loops": 1
                                    }
                                ],
                                "Plans": [
                                    {
                                        "Node Type": "Seq Scan",
                                        "Parent Relationship": "Outer",
                                        "Parallel Aware": true,
                                        "Relation Name": "title",
                                        "Schema": "public",
                                        "Alias": "t",
                                        "Startup Cost": 0.0,
                                        "Total Cost": 43899.01,
                                        "Plan Rows": 3371,
                                        "Plan Width": 4,
                                        "Actual Startup Time": 0.121,
                                        "Actual Total Time": 66.639,
                                        "Actual Rows": 2747,
                                        "Actual Loops": 5,
                                        "Output": [
                                            "t.id",
                                            "t.title",
                                            "t.imdb_index",
                                            "t.kind_id",
                                            "t.production_year",
                                            "t.imdb_id",
                                            "t.phonetic_code",
                                            "t.episode_of_id",
                                            "t.season_nr",
                                            "t.episode_nr",
                                            "t.series_years",
                                            "t.md5sum"
                                        ],
                                        "Filter": "(t.production_year = 1974)",
                                        "Rows Removed by Filter": 502915,
                                        "Workers": [
                                            {
                                                "Worker Number": 0,
                                                "Actual Startup Time": 0.142,
                                                "Actual Total Time": 57.148,
                                                "Actual Rows": 1956,
                                                "Actual Loops": 1
                                            },
                                            {
                                                "Worker Number": 1,
                                                "Actual Startup Time": 0.07,
                                                "Actual Total Time": 56.752,
                                                "Actual Rows": 2071,
                                                "Actual Loops": 1
                                            },
                                            {
                                                "Worker Number": 2,
                                                "Actual Startup Time": 0.159,
                                                "Actual Total Time": 56.758,
                                                "Actual Rows": 2068,
                                                "Actual Loops": 1
                                            },
                                            {
                                                "Worker Number": 3,
                                                "Actual Startup Time": 0.068,
                                                "Actual Total Time": 59.012,
                                                "Actual Rows": 2036,
                                                "Actual Loops": 1
                                            }
                                        ]
                                    },
                                    {
                                        "Node Type": "Index Scan",
                                        "Parent Relationship": "Inner",
                                        "Parallel Aware": false,
                                        "Scan Direction": "Forward",
                                        "Index Name": "movie_id_cast_info",
                                        "Relation Name": "cast_info",
                                        "Schema": "public",
                                        "Alias": "ci",
                                        "Startup Cost": 0.56,
                                        "Total Cost": 80.18,
                                        "Plan Rows": 6,
                                        "Plan Width": 4,
                                        "Actual Startup Time": 0.041,
                                        "Actual Total Time": 0.05,
                                        "Actual Rows": 2,
                                        "Actual Loops": 13736,
                                        "Output": [
                                            "ci.id",
                                            "ci.person_id",
                                            "ci.movie_id",
                                            "ci.person_role_id",
                                            "ci.note",
                                            "ci.nr_order",
                                            "ci.role_id"
                                        ],
                                        "Index Cond": "(ci.movie_id = t.id)",
                                        "Rows Removed by Index Recheck": 0,
                                        "Filter": "((ci.person_id > 2879940) AND (ci.role_id > 1))",
                                        "Rows Removed by Filter": 11,
                                        "Workers": [
                                            {
                                                "Worker Number": 0,
                                                "Actual Startup Time": 0.061,
                                                "Actual Total Time": 0.074,
                                                "Actual Rows": 2,
                                                "Actual Loops": 1956
                                            },
                                            {
                                                "Worker Number": 1,
                                                "Actual Startup Time": 0.058,
                                                "Actual Total Time": 0.07,
                                                "Actual Rows": 2,
                                                "Actual Loops": 2071
                                            },
                                            {
                                                "Worker Number": 2,
                                                "Actual Startup Time": 0.058,
                                                "Actual Total Time": 0.071,
                                                "Actual Rows": 2,
                                                "Actual Loops": 2068
                                            },
                                            {
                                                "Worker Number": 3,
                                                "Actual Startup Time": 0.058,
                                                "Actual Total Time": 0.071,
                                                "Actual Rows": 2,
                                                "Actual Loops": 2036
                                            }
                                        ]
                                    }
                                ]
                            }
                        ]
                    }
                ]
            }
        ]
    },
    "Planning Time": 0.73,
    "Triggers": [],
    "Execution Time": 267.888
}