[
  {
    "Plan": {
      "Node Type": "Aggregate",
      "Strategy": "Plain",
      "Partial Mode": "Finalize",
      "Parallel Aware": false,
      "Startup Cost": 37852.43,
      "Total Cost": 37852.44,
      "Plan Rows": 1,
      "Plan Width": 8,
      "Actual Startup Time": 119.078,
      "Actual Total Time": 127.419,
      "Actual Rows": 1,
      "Actual Loops": 1,
      "Plans": [
        {
          "Node Type": "Gather",
          "Parent Relationship": "Outer",
          "Parallel Aware": false,
          "Startup Cost": 37852.11,
          "Total Cost": 37852.42,
          "Plan Rows": 3,
          "Plan Width": 8,
          "Actual Startup Time": 118.634,
          "Actual Total Time": 127.408,
          "Actual Rows": 4,
          "Actual Loops": 1,
          "Workers Planned": 3,
          "Workers Launched": 3,
          "Single Copy": false,
          "Plans": [
            {
              "Node Type": "Aggregate",
              "Strategy": "Plain",
              "Partial Mode": "Partial",
              "Parent Relationship": "Outer",
              "Parallel Aware": false,
              "Startup Cost": 36852.11,
              "Total Cost": 36852.12,
              "Plan Rows": 1,
              "Plan Width": 8,
              "Actual Startup Time": 112.48,
              "Actual Total Time": 112.482,
              "Actual Rows": 1,
              "Actual Loops": 4,
              "Plans": [
                {
                  "Node Type": "Bitmap Heap Scan",
                  "Parent Relationship": "Outer",
                  "Parallel Aware": true,
                  "Relation Name": "movie_keyword",
                  "Alias": "mk",
                  "Startup Cost": 10095.87,
                  "Total Cost": 36468.41,
                  "Plan Rows": 153483,
                  "Plan Width": 0,
                  "Actual Startup Time": 35.364,
                  "Actual Total Time": 105.397,
                  "Actual Rows": 117765,
                  "Actual Loops": 4,
                  "Recheck Cond": "(keyword_id > 37767)",
                  "Rows Removed by Index Recheck": 0,
                  "Exact Heap Blocks": 11494,
                  "Lossy Heap Blocks": 0,
                  "Plans": [
                    {
                      "Node Type": "Bitmap Index Scan",
                      "Parent Relationship": "Outer",
                      "Parallel Aware": false,
                      "Index Name": "keyword_id_movie_keyword",
                      "Startup Cost": 0.0,
                      "Total Cost": 9976.92,
                      "Plan Rows": 475798,
                      "Plan Width": 0,
                      "Actual Startup Time": 37.559,
                      "Actual Total Time": 37.56,
                      "Actual Rows": 471060,
                      "Actual Loops": 1,
                      "Index Cond": "(keyword_id > 37767)"
                    }
                  ]
                }
              ]
            }
          ]
        }
      ]
    },
    "Planning Time": 0.121,
    "Triggers": [],
    "Execution Time": 127.47
  }
]