[
  {
    "Plan": {
      "Node Type": "Aggregate",
      "Strategy": "Plain",
      "Partial Mode": "Finalize",
      "Parallel Aware": false,
      "Startup Cost": 38084.6,
      "Total Cost": 38084.61,
      "Plan Rows": 1,
      "Plan Width": 8,
      "Actual Startup Time": 122.886,
      "Actual Total Time": 130.915,
      "Actual Rows": 1,
      "Actual Loops": 1,
      "Plans": [
        {
          "Node Type": "Gather",
          "Parent Relationship": "Outer",
          "Parallel Aware": false,
          "Startup Cost": 38084.28,
          "Total Cost": 38084.59,
          "Plan Rows": 3,
          "Plan Width": 8,
          "Actual Startup Time": 122.651,
          "Actual Total Time": 130.907,
          "Actual Rows": 4,
          "Actual Loops": 1,
          "Workers Planned": 3,
          "Workers Launched": 3,
          "Single Copy": false,
          "Plans": [
            {
              "Node Type": "Aggregate",
              "Strategy": "Plain",
              "Partial Mode": "Partial",
              "Parent Relationship": "Outer",
              "Parallel Aware": false,
              "Startup Cost": 37084.28,
              "Total Cost": 37084.29,
              "Plan Rows": 1,
              "Plan Width": 8,
              "Actual Startup Time": 118.007,
              "Actual Total Time": 118.009,
              "Actual Rows": 1,
              "Actual Loops": 4,
              "Plans": [
                {
                  "Node Type": "Bitmap Heap Scan",
                  "Parent Relationship": "Outer",
                  "Parallel Aware": true,
                  "Relation Name": "movie_keyword",
                  "Alias": "mk",
                  "Startup Cost": 10284.92,
                  "Total Cost": 36693.39,
                  "Plan Rows": 156357,
                  "Plan Width": 0,
                  "Actual Startup Time": 44.67,
                  "Actual Total Time": 111.369,
                  "Actual Rows": 117765,
                  "Actual Loops": 4,
                  "Recheck Cond": "(keyword_id > 37767)",
                  "Rows Removed by Index Recheck": 0,
                  "Exact Heap Blocks": 10686,
                  "Lossy Heap Blocks": 0,
                  "Plans": [
                    {
                      "Node Type": "Bitmap Index Scan",
                      "Parent Relationship": "Outer",
                      "Parallel Aware": false,
                      "Index Name": "keyword_id_movie_keyword",
                      "Startup Cost": 0.0,
                      "Total Cost": 10163.74,
                      "Plan Rows": 484708,
                      "Plan Width": 0,
                      "Actual Startup Time": 45.31,
                      "Actual Total Time": 45.31,
                      "Actual Rows": 471060,
                      "Actual Loops": 1,
                      "Index Cond": "(keyword_id > 37767)"
                    }
                  ]
                }
              ]
            }
          ]
        }
      ]
    },
    "Planning Time": 0.131,
    "Triggers": [],
    "Execution Time": 130.97
  }
]