[
  {
    "Plan": {
      "Node Type": "Aggregate",
      "Strategy": "Plain",
      "Partial Mode": "Simple",
      "Parallel Aware": false,
      "Startup Cost": 3337.12,
      "Total Cost": 3337.13,
      "Plan Rows": 1,
      "Plan Width": 8,
      "Actual Startup Time": 12.755,
      "Actual Total Time": 12.758,
      "Actual Rows": 1,
      "Actual Loops": 1,
      "Plans": [
        {
          "Node Type": "Nested Loop",
          "Parent Relationship": "Outer",
          "Parallel Aware": false,
          "Join Type": "Inner",
          "Startup Cost": 7.35,
          "Total Cost": 3334.53,
          "Plan Rows": 1037,
          "Plan Width": 0,
          "Actual Startup Time": 0.84,
          "Actual Total Time": 12.511,
          "Actual Rows": 1260,
          "Actual Loops": 1,
          "Inner Unique": false,
          "Plans": [
            {
              "Node Type": "Nested Loop",
              "Parent Relationship": "Outer",
              "Parallel Aware": false,
              "Join Type": "Inner",
              "Startup Cost": 6.78,
              "Total Cost": 3007.2,
              "Plan Rows": 115,
              "Plan Width": 8,
              "Actual Startup Time": 0.788,
              "Actual Total Time": 5.526,
              "Actual Rows": 48,
              "Actual Loops": 1,
              "Inner Unique": true,
              "Plans": [
                {
                  "Node Type": "Bitmap Heap Scan",
                  "Parent Relationship": "Outer",
                  "Parallel Aware": false,
                  "Relation Name": "movie_keyword",
                  "Alias": "mk",
                  "Startup Cost": 6.35,
                  "Total Cost": 922.98,
                  "Plan Rows": 248,
                  "Plan Width": 4,
                  "Actual Startup Time": 0.757,
                  "Actual Total Time": 1.864,
                  "Actual Rows": 385,
                  "Actual Loops": 1,
                  "Recheck Cond": "(keyword_id = 9037)",
                  "Rows Removed by Index Recheck": 0,
                  "Exact Heap Blocks": 379,
                  "Lossy Heap Blocks": 0,
                  "Plans": [
                    {
                      "Node Type": "Bitmap Index Scan",
                      "Parent Relationship": "Outer",
                      "Parallel Aware": false,
                      "Index Name": "keyword_id_movie_keyword",
                      "Startup Cost": 0.0,
                      "Total Cost": 6.29,
                      "Plan Rows": 248,
                      "Plan Width": 0,
                      "Actual Startup Time": 0.623,
                      "Actual Total Time": 0.623,
                      "Actual Rows": 385,
                      "Actual Loops": 1,
                      "Index Cond": "(keyword_id = 9037)"
                    }
                  ]
                },
                {
                  "Node Type": "Index Scan",
                  "Parent Relationship": "Inner",
                  "Parallel Aware": false,
                  "Scan Direction": "Forward",
                  "Index Name": "title_pkey",
                  "Relation Name": "title",
                  "Alias": "t",
                  "Startup Cost": 0.43,
                  "Total Cost": 8.4,
                  "Plan Rows": 1,
                  "Plan Width": 4,
                  "Actual Startup Time": 0.009,
                  "Actual Total Time": 0.009,
                  "Actual Rows": 0,
                  "Actual Loops": 385,
                  "Index Cond": "(id = mk.movie_id)",
                  "Rows Removed by Index Recheck": 0,
                  "Filter": "((production_year < 2010) AND (kind_id = 7))",
                  "Rows Removed by Filter": 1
                }
              ]
            },
            {
              "Node Type": "Index Scan",
              "Parent Relationship": "Inner",
              "Parallel Aware": false,
              "Scan Direction": "Forward",
              "Index Name": "movie_id_cast_info",
              "Relation Name": "cast_info",
              "Alias": "ci",
              "Startup Cost": 0.56,
              "Total Cost": 2.62,
              "Plan Rows": 23,
              "Plan Width": 4,
              "Actual Startup Time": 0.019,
              "Actual Total Time": 0.137,
              "Actual Rows": 26,
              "Actual Loops": 48,
              "Index Cond": "(movie_id = t.id)",
              "Rows Removed by Index Recheck": 0,
              "Filter": "(person_id < 2341689)",
              "Rows Removed by Filter": 16
            }
          ]
        }
      ]
    },
    "Planning Time": 1.255,
    "Triggers": [],
    "Execution Time": 12.848
  }
]