[
  {
    "Plan": {
      "Node Type": "Aggregate",
      "Strategy": "Plain",
      "Partial Mode": "Finalize",
      "Parallel Aware": false,
      "Startup Cost": 31616.88,
      "Total Cost": 31616.89,
      "Plan Rows": 1,
      "Plan Width": 8,
      "Actual Startup Time": 94.479,
      "Actual Total Time": 102.234,
      "Actual Rows": 1,
      "Actual Loops": 1,
      "Plans": [
        {
          "Node Type": "Gather",
          "Parent Relationship": "Outer",
          "Parallel Aware": false,
          "Startup Cost": 31616.56,
          "Total Cost": 31616.87,
          "Plan Rows": 3,
          "Plan Width": 8,
          "Actual Startup Time": 94.326,
          "Actual Total Time": 102.228,
          "Actual Rows": 4,
          "Actual Loops": 1,
          "Workers Planned": 3,
          "Workers Launched": 3,
          "Single Copy": false,
          "Plans": [
            {
              "Node Type": "Aggregate",
              "Strategy": "Plain",
              "Partial Mode": "Partial",
              "Parent Relationship": "Outer",
              "Parallel Aware": false,
              "Startup Cost": 30616.56,
              "Total Cost": 30616.57,
              "Plan Rows": 1,
              "Plan Width": 8,
              "Actual Startup Time": 89.633,
              "Actual Total Time": 89.634,
              "Actual Rows": 1,
              "Actual Loops": 4,
              "Plans": [
                {
                  "Node Type": "Seq Scan",
                  "Parent Relationship": "Outer",
                  "Parallel Aware": true,
                  "Relation Name": "movie_companies",
                  "Alias": "mc",
                  "Startup Cost": 0.0,
                  "Total Cost": 29310.68,
                  "Plan Rows": 522353,
                  "Plan Width": 0,
                  "Actual Startup Time": 2.266,
                  "Actual Total Time": 72.355,
                  "Actual Rows": 403667,
                  "Actual Loops": 4,
                  "Filter": "(company_id > 4619)",
                  "Rows Removed by Filter": 248615
                }
              ]
            }
          ]
        }
      ]
    },
    "Planning Time": 0.061,
    "Triggers": [],
    "Execution Time": 102.259
  }
]