[
  {
    "Plan": {
      "Node Type": "Aggregate",
      "Strategy": "Plain",
      "Partial Mode": "Finalize",
      "Parallel Aware": false,
      "Startup Cost": 435498.59,
      "Total Cost": 435498.6,
      "Plan Rows": 1,
      "Plan Width": 8,
      "Actual Startup Time": 1986.522,
      "Actual Total Time": 2032.359,
      "Actual Rows": 1,
      "Actual Loops": 1,
      "Plans": [
        {
          "Node Type": "Gather",
          "Parent Relationship": "Outer",
          "Parallel Aware": false,
          "Startup Cost": 435497.96,
          "Total Cost": 435498.57,
          "Plan Rows": 6,
          "Plan Width": 8,
          "Actual Startup Time": 1951.722,
          "Actual Total Time": 2032.349,
          "Actual Rows": 7,
          "Actual Loops": 1,
          "Workers Planned": 6,
          "Workers Launched": 6,
          "Single Copy": false,
          "Plans": [
            {
              "Node Type": "Aggregate",
              "Strategy": "Plain",
              "Partial Mode": "Partial",
              "Parent Relationship": "Outer",
              "Parallel Aware": false,
              "Startup Cost": 434497.96,
              "Total Cost": 434497.97,
              "Plan Rows": 1,
              "Plan Width": 8,
              "Actual Startup Time": 1943.326,
              "Actual Total Time": 1944.01,
              "Actual Rows": 1,
              "Actual Loops": 7,
              "Plans": [
                {
                  "Node Type": "Hash Join",
                  "Parent Relationship": "Outer",
                  "Parallel Aware": true,
                  "Join Type": "Inner",
                  "Startup Cost": 88390.92,
                  "Total Cost": 430411.46,
                  "Plan Rows": 1634601,
                  "Plan Width": 0,
                  "Actual Startup Time": 687.061,
                  "Actual Total Time": 1801.318,
                  "Actual Rows": 3362849,
                  "Actual Loops": 7,
                  "Inner Unique": false,
                  "Hash Cond": "(ci.movie_id = t.id)",
                  "Plans": [
                    {
                      "Node Type": "Seq Scan",
                      "Parent Relationship": "Outer",
                      "Parallel Aware": true,
                      "Relation Name": "cast_info",
                      "Alias": "ci",
                      "Startup Cost": 0.0,
                      "Total Cost": 328213.62,
                      "Plan Rows": 2275739,
                      "Plan Width": 4,
                      "Actual Startup Time": 220.153,
                      "Actual Total Time": 514.171,
                      "Actual Rows": 1965619,
                      "Actual Loops": 7,
                      "Filter": "(person_id > 2293359)",
                      "Rows Removed by Filter": 3212144
                    },
                    {
                      "Node Type": "Hash",
                      "Parent Relationship": "Inner",
                      "Parallel Aware": true,
                      "Startup Cost": 81068.25,
                      "Total Cost": 81068.25,
                      "Plan Rows": 585814,
                      "Plan Width": 8,
                      "Actual Startup Time": 463.879,
                      "Actual Total Time": 464.562,
                      "Actual Rows": 258976,
                      "Actual Loops": 7,
                      "Hash Buckets": 2097152,
                      "Original Hash Buckets": 2097152,
                      "Hash Batches": 1,
                      "Original Hash Batches": 1,
                      "Peak Memory Usage": 87360,
                      "Plans": [
                        {
                          "Node Type": "Hash Join",
                          "Parent Relationship": "Outer",
                          "Parallel Aware": true,
                          "Join Type": "Inner",
                          "Startup Cost": 50219.81,
                          "Total Cost": 81068.25,
                          "Plan Rows": 585814,
                          "Plan Width": 8,
                          "Actual Startup Time": 232.966,
                          "Actual Total Time": 372.514,
                          "Actual Rows": 258976,
                          "Actual Loops": 7,
                          "Inner Unique": true,
                          "Hash Cond": "(mc.movie_id = t.id)",
                          "Plans": [
                            {
                              "Node Type": "Seq Scan",
                              "Parent Relationship": "Outer",
                              "Parallel Aware": true,
                              "Relation Name": "movie_companies",
                              "Alias": "mc",
                              "Startup Cost": 0.0,
                              "Total Cost": 29310.68,
                              "Plan Rows": 585814,
                              "Plan Width": 4,
                              "Actual Startup Time": 0.025,
                              "Actual Total Time": 45.844,
                              "Actual Rows": 258976,
                              "Actual Loops": 7,
                              "Filter": "(company_id < 30933)",
                              "Rows Removed by Filter": 113757
                            },
                            {
                              "Node Type": "Hash",
                              "Parent Relationship": "Inner",
                              "Parallel Aware": true,
                              "Startup Cost": 42318.81,
                              "Total Cost": 42318.81,
                              "Plan Rows": 632080,
                              "Plan Width": 4,
                              "Actual Startup Time": 229.28,
                              "Actual Total Time": 229.282,
                              "Actual Rows": 361187,
                              "Actual Loops": 7,
                              "Hash Buckets": 4194304,
                              "Original Hash Buckets": 4194304,
                              "Hash Batches": 1,
                              "Original Hash Batches": 1,
                              "Peak Memory Usage": 131776,
                              "Plans": [
                                {
                                  "Node Type": "Seq Scan",
                                  "Parent Relationship": "Outer",
                                  "Parallel Aware": true,
                                  "Relation Name": "title",
                                  "Alias": "t",
                                  "Startup Cost": 0.0,
                                  "Total Cost": 42318.81,
                                  "Plan Rows": 632080,
                                  "Plan Width": 4,
                                  "Actual Startup Time": 0.044,
                                  "Actual Total Time": 63.598,
                                  "Actual Rows": 361187,
                                  "Actual Loops": 7
                                }
                              ]
                            }
                          ]
                        }
                      ]
                    }
                  ]
                }
              ]
            }
          ]
        }
      ]
    },
    "Planning Time": 0.483,
    "Triggers": [],
    "Execution Time": 2032.398
  }
]