{
  "Plan": {
    "Node Type": "Aggregate",
    "Strategy": "Plain",
    "Partial Mode": "Finalize",
    "Parallel Aware": false,
    "Startup Cost": 95201.46,
    "Total Cost": 95201.47,
    "Plan Rows": 1,
    "Plan Width": 8,
    "Actual Startup Time": 269.785,
    "Actual Total Time": 286.285,
    "Actual Rows": 1,
    "Actual Loops": 1,
    "Plans": [
      {
        "Node Type": "Gather",
        "Parent Relationship": "Outer",
        "Parallel Aware": false,
        "Startup Cost": 95201.35,
        "Total Cost": 95201.46,
        "Plan Rows": 1,
        "Plan Width": 8,
        "Actual Startup Time": 269.487,
        "Actual Total Time": 286.279,
        "Actual Rows": 2,
        "Actual Loops": 1,
        "Workers Planned": 1,
        "Workers Launched": 1,
        "Single Copy": false,
        "Plans": [
          {
            "Node Type": "Aggregate",
            "Strategy": "Plain",
            "Partial Mode": "Partial",
            "Parent Relationship": "Outer",
            "Parallel Aware": false,
            "Startup Cost": 94201.35,
            "Total Cost": 94201.36,
            "Plan Rows": 1,
            "Plan Width": 8,
            "Actual Startup Time": 263.576,
            "Actual Total Time": 263.58,
            "Actual Rows": 1,
            "Actual Loops": 2,
            "Plans": [
              {
                "Node Type": "Hash Join",
                "Parent Relationship": "Outer",
                "Parallel Aware": true,
                "Join Type": "Inner",
                "Startup Cost": 65404.81,
                "Total Cost": 94181.89,
                "Plan Rows": 7784,
                "Plan Width": 0,
                "Actual Startup Time": 175.973,
                "Actual Total Time": 263.355,
                "Actual Rows": 2966,
                "Actual Loops": 2,
                "Inner Unique": true,
                "Hash Cond": "(mk.movie_id = t.id)",
                "Plans": [
                  {
                    "Node Type": "Bitmap Heap Scan",
                    "Parent Relationship": "Outer",
                    "Parallel Aware": true,
                    "Relation Name": "movie_keyword",
                    "Alias": "mk",
                    "Startup Cost": 10310.16,
                    "Total Cost": 38336.95,
                    "Plan Rows": 285824,
                    "Plan Width": 4,
                    "Actual Startup Time": 28.615,
                    "Actual Total Time": 91.44,
                    "Actual Rows": 236458,
                    "Actual Loops": 2,
                    "Recheck Cond": "(keyword_id > 37697)",
                    "Rows Removed by Index Recheck": 0,
                    "Exact Heap Blocks": 14072,
                    "Lossy Heap Blocks": 0,
                    "Plans": [
                      {
                        "Node Type": "Bitmap Index Scan",
                        "Parent Relationship": "Outer",
                        "Parallel Aware": false,
                        "Index Name": "keyword_id_movie_keyword",
                        "Startup Cost": 0.0,
                        "Total Cost": 10188.68,
                        "Plan Rows": 485900,
                        "Plan Width": 0,
                        "Actual Startup Time": 25.221,
                        "Actual Total Time": 25.222,
                        "Actual Rows": 472915,
                        "Actual Loops": 1,
                        "Index Cond": "(keyword_id > 37697)"
                      }
                    ]
                  },
                  {
                    "Node Type": "Hash",
                    "Parent Relationship": "Inner",
                    "Parallel Aware": true,
                    "Startup Cost": 54588.39,
                    "Total Cost": 54588.39,
                    "Plan Rows": 40501,
                    "Plan Width": 4,
                    "Actual Startup Time": 144.641,
                    "Actual Total Time": 144.641,
                    "Actual Rows": 33671,
                    "Actual Loops": 2,
                    "Hash Buckets": 131072,
                    "Original Hash Buckets": 131072,
                    "Hash Batches": 1,
                    "Original Hash Batches": 1,
                    "Peak Memory Usage": 3680,
                    "Plans": [
                      {
                        "Node Type": "Seq Scan",
                        "Parent Relationship": "Outer",
                        "Parallel Aware": true,
                        "Relation Name": "title",
                        "Alias": "t",
                        "Startup Cost": 0.0,
                        "Total Cost": 54588.39,
                        "Plan Rows": 40501,
                        "Plan Width": 4,
                        "Actual Startup Time": 0.069,
                        "Actual Total Time": 134.184,
                        "Actual Rows": 33671,
                        "Actual Loops": 2,
                        "Filter": "(production_year > 2012)",
                        "Rows Removed by Filter": 1230485
                      }
                    ]
                  }
                ]
              }
            ]
          }
        ]
      }
    ]
  },
  "Planning Time": 0.412,
  "Triggers": [],
  "Execution Time": 286.376
}