[
  {
    "Plan": {
      "Node Type": "Aggregate",
      "Strategy": "Plain",
      "Partial Mode": "Finalize",
      "Parallel Aware": false,
      "Startup Cost": 23577.95,
      "Total Cost": 23577.96,
      "Plan Rows": 1,
      "Plan Width": 8,
      "Actual Startup Time": 50.654,
      "Actual Total Time": 54.723,
      "Actual Rows": 1,
      "Actual Loops": 1,
      "Plans": [
        {
          "Node Type": "Gather",
          "Parent Relationship": "Outer",
          "Parallel Aware": false,
          "Startup Cost": 23577.63,
          "Total Cost": 23577.94,
          "Plan Rows": 3,
          "Plan Width": 8,
          "Actual Startup Time": 50.464,
          "Actual Total Time": 54.716,
          "Actual Rows": 4,
          "Actual Loops": 1,
          "Workers Planned": 3,
          "Workers Launched": 3,
          "Single Copy": false,
          "Plans": [
            {
              "Node Type": "Aggregate",
              "Strategy": "Plain",
              "Partial Mode": "Partial",
              "Parent Relationship": "Outer",
              "Parallel Aware": false,
              "Startup Cost": 22577.63,
              "Total Cost": 22577.64,
              "Plan Rows": 1,
              "Plan Width": 8,
              "Actual Startup Time": 44.586,
              "Actual Total Time": 44.587,
              "Actual Rows": 1,
              "Actual Loops": 4,
              "Plans": [
                {
                  "Node Type": "Bitmap Heap Scan",
                  "Parent Relationship": "Outer",
                  "Parallel Aware": true,
                  "Relation Name": "movie_companies",
                  "Alias": "mc",
                  "Startup Cost": 3046.09,
                  "Total Cost": 22519.78,
                  "Plan Rows": 23142,
                  "Plan Width": 0,
                  "Actual Startup Time": 15.911,
                  "Actual Total Time": 41.372,
                  "Actual Rows": 34518,
                  "Actual Loops": 4,
                  "Recheck Cond": "(company_id > 137227)",
                  "Rows Removed by Index Recheck": 0,
                  "Filter": "(company_type_id > 1)",
                  "Rows Removed by Filter": 0,
                  "Exact Heap Blocks": 1960,
                  "Lossy Heap Blocks": 0,
                  "Plans": [
                    {
                      "Node Type": "Bitmap Index Scan",
                      "Parent Relationship": "Outer",
                      "Parallel Aware": false,
                      "Index Name": "company_id_movie_companies",
                      "Startup Cost": 0.0,
                      "Total Cost": 3028.15,
                      "Plan Rows": 141296,
                      "Plan Width": 0,
                      "Actual Startup Time": 19.685,
                      "Actual Total Time": 19.686,
                      "Actual Rows": 138070,
                      "Actual Loops": 1,
                      "Index Cond": "(company_id > 137227)"
                    }
                  ]
                }
              ]
            }
          ]
        }
      ]
    },
    "Planning Time": 0.217,
    "Triggers": [],
    "Execution Time": 54.795
  }
]