[
  {
    "Plan": {
      "Node Type": "Aggregate",
      "Strategy": "Plain",
      "Partial Mode": "Finalize",
      "Parallel Aware": false,
      "Startup Cost": 75238.04,
      "Total Cost": 75238.05,
      "Plan Rows": 1,
      "Plan Width": 8,
      "Actual Startup Time": 148.23,
      "Actual Total Time": 166.651,
      "Actual Rows": 1,
      "Actual Loops": 1,
      "Plans": [
        {
          "Node Type": "Gather",
          "Parent Relationship": "Outer",
          "Parallel Aware": false,
          "Startup Cost": 75237.72,
          "Total Cost": 75238.03,
          "Plan Rows": 3,
          "Plan Width": 8,
          "Actual Startup Time": 147.623,
          "Actual Total Time": 166.644,
          "Actual Rows": 4,
          "Actual Loops": 1,
          "Workers Planned": 3,
          "Workers Launched": 3,
          "Single Copy": false,
          "Plans": [
            {
              "Node Type": "Aggregate",
              "Strategy": "Plain",
              "Partial Mode": "Partial",
              "Parent Relationship": "Outer",
              "Parallel Aware": false,
              "Startup Cost": 74237.72,
              "Total Cost": 74237.73,
              "Plan Rows": 1,
              "Plan Width": 8,
              "Actual Startup Time": 143.382,
              "Actual Total Time": 143.385,
              "Actual Rows": 1,
              "Actual Loops": 4,
              "Plans": [
                {
                  "Node Type": "Nested Loop",
                  "Parent Relationship": "Outer",
                  "Parallel Aware": false,
                  "Join Type": "Inner",
                  "Startup Cost": 50113.61,
                  "Total Cost": 74230.37,
                  "Plan Rows": 2940,
                  "Plan Width": 0,
                  "Actual Startup Time": 112.908,
                  "Actual Total Time": 142.448,
                  "Actual Rows": 19982,
                  "Actual Loops": 4,
                  "Inner Unique": false,
                  "Join Filter": "(t.id = mi.movie_id)",
                  "Rows Removed by Join Filter": 0,
                  "Plans": [
                    {
                      "Node Type": "Hash Join",
                      "Parent Relationship": "Outer",
                      "Parallel Aware": true,
                      "Join Type": "Inner",
                      "Startup Cost": 50113.18,
                      "Total Cost": 69926.25,
                      "Plan Rows": 754,
                      "Plan Width": 8,
                      "Actual Startup Time": 112.791,
                      "Actual Total Time": 128.278,
                      "Actual Rows": 141,
                      "Actual Loops": 4,
                      "Inner Unique": true,
                      "Hash Cond": "(mc.movie_id = t.id)",
                      "Plans": [
                        {
                          "Node Type": "Bitmap Heap Scan",
                          "Parent Relationship": "Outer",
                          "Parallel Aware": true,
                          "Relation Name": "movie_companies",
                          "Alias": "mc",
                          "Startup Cost": 4545.5,
                          "Total Cost": 24181.02,
                          "Plan Rows": 67641,
                          "Plan Width": 4,
                          "Actual Startup Time": 11.752,
                          "Actual Total Time": 33.568,
                          "Actual Rows": 50823,
                          "Actual Loops": 4,
                          "Recheck Cond": "(company_id < 67)",
                          "Rows Removed by Index Recheck": 0,
                          "Exact Heap Blocks": 6210,
                          "Lossy Heap Blocks": 0,
                          "Plans": [
                            {
                              "Node Type": "Bitmap Index Scan",
                              "Parent Relationship": "Outer",
                              "Parallel Aware": false,
                              "Index Name": "company_id_movie_companies",
                              "Startup Cost": 0.0,
                              "Total Cost": 4493.08,
                              "Plan Rows": 209687,
                              "Plan Width": 0,
                              "Actual Startup Time": 9.493,
                              "Actual Total Time": 9.494,
                              "Actual Rows": 203291,
                              "Actual Loops": 1,
                              "Index Cond": "(company_id < 67)"
                            }
                          ]
                        },
                        {
                          "Node Type": "Hash",
                          "Parent Relationship": "Inner",
                          "Parallel Aware": true,
                          "Startup Cost": 45479.59,
                          "Total Cost": 45479.59,
                          "Plan Rows": 7047,
                          "Plan Width": 4,
                          "Actual Startup Time": 87.462,
                          "Actual Total Time": 87.463,
                          "Actual Rows": 4029,
                          "Actual Loops": 4,
                          "Hash Buckets": 32768,
                          "Original Hash Buckets": 32768,
                          "Hash Batches": 1,
                          "Original Hash Batches": 1,
                          "Peak Memory Usage": 960,
                          "Plans": [
                            {
                              "Node Type": "Seq Scan",
                              "Parent Relationship": "Outer",
                              "Parallel Aware": true,
                              "Relation Name": "title",
                              "Alias": "t",
                              "Startup Cost": 0.0,
                              "Total Cost": 45479.59,
                              "Plan Rows": 7047,
                              "Plan Width": 4,
                              "Actual Startup Time": 51.203,
                              "Actual Total Time": 85.875,
                              "Actual Rows": 4029,
                              "Actual Loops": 4,
                              "Filter": "((kind_id = 1) AND (production_year = 2006))",
                              "Rows Removed by Filter": 628049
                            }
                          ]
                        }
                      ]
                    },
                    {
                      "Node Type": "Index Scan",
                      "Parent Relationship": "Inner",
                      "Parallel Aware": false,
                      "Scan Direction": "Forward",
                      "Index Name": "movie_id_movie_info",
                      "Relation Name": "movie_info",
                      "Alias": "mi",
                      "Startup Cost": 0.43,
                      "Total Cost": 5.37,
                      "Plan Rows": 27,
                      "Plan Width": 4,
                      "Actual Startup Time": 0.021,
                      "Actual Total Time": 0.089,
                      "Actual Rows": 142,
                      "Actual Loops": 564,
                      "Index Cond": "(movie_id = mc.movie_id)",
                      "Rows Removed by Index Recheck": 0,
                      "Filter": "(info_type_id > 4)",
                      "Rows Removed by Filter": 6
                    }
                  ]
                }
              ]
            }
          ]
        }
      ]
    },
    "Planning Time": 1.594,
    "Triggers": [],
    "Execution Time": 166.761
  }
]