[
  {
    "Plan": {
      "Node Type": "Aggregate",
      "Strategy": "Plain",
      "Partial Mode": "Finalize",
      "Parallel Aware": false,
      "Startup Cost": 74851.26,
      "Total Cost": 74851.27,
      "Plan Rows": 1,
      "Plan Width": 8,
      "Actual Startup Time": 121.909,
      "Actual Total Time": 138.185,
      "Actual Rows": 1,
      "Actual Loops": 1,
      "Plans": [
        {
          "Node Type": "Gather",
          "Parent Relationship": "Outer",
          "Parallel Aware": false,
          "Startup Cost": 74850.84,
          "Total Cost": 74851.25,
          "Plan Rows": 4,
          "Plan Width": 8,
          "Actual Startup Time": 121.559,
          "Actual Total Time": 138.175,
          "Actual Rows": 5,
          "Actual Loops": 1,
          "Workers Planned": 4,
          "Workers Launched": 4,
          "Single Copy": false,
          "Plans": [
            {
              "Node Type": "Aggregate",
              "Strategy": "Plain",
              "Partial Mode": "Partial",
              "Parent Relationship": "Outer",
              "Parallel Aware": false,
              "Startup Cost": 73850.84,
              "Total Cost": 73850.85,
              "Plan Rows": 1,
              "Plan Width": 8,
              "Actual Startup Time": 111.258,
              "Actual Total Time": 111.26,
              "Actual Rows": 1,
              "Actual Loops": 5,
              "Plans": [
                {
                  "Node Type": "Nested Loop",
                  "Parent Relationship": "Outer",
                  "Parallel Aware": false,
                  "Join Type": "Inner",
                  "Startup Cost": 0.43,
                  "Total Cost": 73845.43,
                  "Plan Rows": 2164,
                  "Plan Width": 0,
                  "Actual Startup Time": 0.784,
                  "Actual Total Time": 110.994,
                  "Actual Rows": 2390,
                  "Actual Loops": 5,
                  "Inner Unique": false,
                  "Plans": [
                    {
                      "Node Type": "Seq Scan",
                      "Parent Relationship": "Outer",
                      "Parallel Aware": true,
                      "Relation Name": "title",
                      "Alias": "t",
                      "Startup Cost": 0.0,
                      "Total Cost": 45479.59,
                      "Plan Rows": 4104,
                      "Plan Width": 4,
                      "Actual Startup Time": 0.554,
                      "Actual Total Time": 86.031,
                      "Actual Rows": 2087,
                      "Actual Loops": 5,
                      "Filter": "((kind_id < 3) AND (production_year = 2000))",
                      "Rows Removed by Filter": 503575
                    },
                    {
                      "Node Type": "Index Scan",
                      "Parent Relationship": "Inner",
                      "Parallel Aware": false,
                      "Scan Direction": "Forward",
                      "Index Name": "movie_id_movie_companies",
                      "Relation Name": "movie_companies",
                      "Alias": "mc",
                      "Startup Cost": 0.43,
                      "Total Cost": 6.88,
                      "Plan Rows": 3,
                      "Plan Width": 4,
                      "Actual Startup Time": 0.011,
                      "Actual Total Time": 0.011,
                      "Actual Rows": 1,
                      "Actual Loops": 10437,
                      "Index Cond": "(movie_id = t.id)",
                      "Rows Removed by Index Recheck": 0,
                      "Filter": "(company_type_id = 2)",
                      "Rows Removed by Filter": 1
                    }
                  ]
                }
              ]
            }
          ]
        }
      ]
    },
    "Planning Time": 0.666,
    "Triggers": [],
    "Execution Time": 138.286
  }
]