[
  {
    "Plan": {
      "Node Type": "Aggregate",
      "Strategy": "Plain",
      "Partial Mode": "Finalize",
      "Parallel Aware": false,
      "Startup Cost": 74170.97,
      "Total Cost": 74170.98,
      "Plan Rows": 1,
      "Plan Width": 8,
      "Actual Startup Time": 126.503,
      "Actual Total Time": 142.982,
      "Actual Rows": 1,
      "Actual Loops": 1,
      "Plans": [
        {
          "Node Type": "Gather",
          "Parent Relationship": "Outer",
          "Parallel Aware": false,
          "Startup Cost": 74170.55,
          "Total Cost": 74170.96,
          "Plan Rows": 4,
          "Plan Width": 8,
          "Actual Startup Time": 126.384,
          "Actual Total Time": 142.973,
          "Actual Rows": 5,
          "Actual Loops": 1,
          "Workers Planned": 4,
          "Workers Launched": 4,
          "Single Copy": false,
          "Plans": [
            {
              "Node Type": "Aggregate",
              "Strategy": "Plain",
              "Partial Mode": "Partial",
              "Parent Relationship": "Outer",
              "Parallel Aware": false,
              "Startup Cost": 73170.55,
              "Total Cost": 73170.56,
              "Plan Rows": 1,
              "Plan Width": 8,
              "Actual Startup Time": 116.495,
              "Actual Total Time": 116.496,
              "Actual Rows": 1,
              "Actual Loops": 5,
              "Plans": [
                {
                  "Node Type": "Nested Loop",
                  "Parent Relationship": "Outer",
                  "Parallel Aware": false,
                  "Join Type": "Inner",
                  "Startup Cost": 0.43,
                  "Total Cost": 73165.54,
                  "Plan Rows": 2005,
                  "Plan Width": 0,
                  "Actual Startup Time": 0.746,
                  "Actual Total Time": 116.19,
                  "Actual Rows": 2390,
                  "Actual Loops": 5,
                  "Inner Unique": false,
                  "Plans": [
                    {
                      "Node Type": "Seq Scan",
                      "Parent Relationship": "Outer",
                      "Parallel Aware": true,
                      "Relation Name": "title",
                      "Alias": "t",
                      "Startup Cost": 0.0,
                      "Total Cost": 45479.1,
                      "Plan Rows": 3826,
                      "Plan Width": 4,
                      "Actual Startup Time": 0.43,
                      "Actual Total Time": 89.175,
                      "Actual Rows": 2087,
                      "Actual Loops": 5,
                      "Filter": "((kind_id < 3) AND (production_year = 2000))",
                      "Rows Removed by Filter": 503575
                    },
                    {
                      "Node Type": "Index Scan",
                      "Parent Relationship": "Inner",
                      "Parallel Aware": false,
                      "Scan Direction": "Forward",
                      "Index Name": "movie_id_movie_companies",
                      "Relation Name": "movie_companies",
                      "Alias": "mc",
                      "Startup Cost": 0.43,
                      "Total Cost": 7.21,
                      "Plan Rows": 3,
                      "Plan Width": 4,
                      "Actual Startup Time": 0.012,
                      "Actual Total Time": 0.012,
                      "Actual Rows": 1,
                      "Actual Loops": 10437,
                      "Index Cond": "(movie_id = t.id)",
                      "Rows Removed by Index Recheck": 0,
                      "Filter": "(company_type_id = 2)",
                      "Rows Removed by Filter": 1
                    }
                  ]
                }
              ]
            }
          ]
        }
      ]
    },
    "Planning Time": 0.641,
    "Triggers": [],
    "Execution Time": 143.049
  }
]