{
  "Plan": {
    "Node Type": "Aggregate",
    "Strategy": "Plain",
    "Partial Mode": "Finalize",
    "Parallel Aware": false,
    "Startup Cost": 345040.6,
    "Total Cost": 345040.61,
    "Plan Rows": 1,
    "Plan Width": 8,
    "Actual Startup Time": 2364.162,
    "Actual Total Time": 2401.618,
    "Actual Rows": 1,
    "Actual Loops": 1,
    "Plans": [
      {
        "Node Type": "Gather",
        "Parent Relationship": "Outer",
        "Parallel Aware": false,
        "Startup Cost": 345040.49,
        "Total Cost": 345040.6,
        "Plan Rows": 1,
        "Plan Width": 8,
        "Actual Startup Time": 2362.657,
        "Actual Total Time": 2401.611,
        "Actual Rows": 2,
        "Actual Loops": 1,
        "Workers Planned": 1,
        "Workers Launched": 1,
        "Single Copy": false,
        "Plans": [
          {
            "Node Type": "Aggregate",
            "Strategy": "Plain",
            "Partial Mode": "Partial",
            "Parent Relationship": "Outer",
            "Parallel Aware": false,
            "Startup Cost": 344040.49,
            "Total Cost": 344040.5,
            "Plan Rows": 1,
            "Plan Width": 8,
            "Actual Startup Time": 2357.267,
            "Actual Total Time": 2357.271,
            "Actual Rows": 1,
            "Actual Loops": 2,
            "Plans": [
              {
                "Node Type": "Hash Join",
                "Parent Relationship": "Outer",
                "Parallel Aware": true,
                "Join Type": "Inner",
                "Startup Cost": 64736.89,
                "Total Cost": 336520.38,
                "Plan Rows": 3008042,
                "Plan Width": 0,
                "Actual Startup Time": 267.227,
                "Actual Total Time": 2316.396,
                "Actual Rows": 1036326,
                "Actual Loops": 2,
                "Inner Unique": true,
                "Hash Cond": "(mi.movie_id = t.id)",
                "Plans": [
                  {
                    "Node Type": "Seq Scan",
                    "Parent Relationship": "Outer",
                    "Parallel Aware": true,
                    "Relation Name": "movie_info",
                    "Alias": "mi",
                    "Startup Cost": 0.0,
                    "Total Cost": 248955.74,
                    "Plan Rows": 8696274,
                    "Plan Width": 4,
                    "Actual Startup Time": 0.011,
                    "Actual Total Time": 587.639,
                    "Actual Rows": 7417860,
                    "Actual Loops": 2
                  },
                  {
                    "Node Type": "Hash",
                    "Parent Relationship": "Inner",
                    "Parallel Aware": true,
                    "Startup Cost": 58306.47,
                    "Total Cost": 58306.47,
                    "Plan Rows": 514434,
                    "Plan Width": 4,
                    "Actual Startup Time": 259.523,
                    "Actual Total Time": 259.524,
                    "Actual Rows": 478650,
                    "Actual Loops": 2,
                    "Hash Buckets": 1048576,
                    "Original Hash Buckets": 1048576,
                    "Hash Batches": 1,
                    "Original Hash Batches": 1,
                    "Peak Memory Usage": 45664,
                    "Plans": [
                      {
                        "Node Type": "Seq Scan",
                        "Parent Relationship": "Outer",
                        "Parallel Aware": true,
                        "Relation Name": "title",
                        "Alias": "t",
                        "Startup Cost": 0.0,
                        "Total Cost": 58306.47,
                        "Plan Rows": 514434,
                        "Plan Width": 4,
                        "Actual Startup Time": 0.024,
                        "Actual Total Time": 153.113,
                        "Actual Rows": 478650,
                        "Actual Loops": 2,
                        "Filter": "((production_year > 1999) AND (kind_id = 7))",
                        "Rows Removed by Filter": 785506
                      }
                    ]
                  }
                ]
              }
            ]
          }
        ]
      }
    ]
  },
  "Planning Time": 0.396,
  "Triggers": [],
  "Execution Time": 2401.67
}