[
    {
        "Bao": {
            "Bao prediction": 512.963,
            "Bao recommended hint": "(no hint)"
        }
    },
    {
        "Plan": {
            "Node Type": "Aggregate",
            "Strategy": "Plain",
            "Partial Mode": "Finalize",
            "Parallel Aware": false,
            "Startup Cost": 339965.08,
            "Total Cost": 339965.09,
            "Plan Rows": 1,
            "Plan Width": 8,
            "Actual Startup Time": 970.746,
            "Actual Total Time": 1004.224,
            "Actual Rows": 1,
            "Actual Loops": 1,
            "Output": [
                "count(*)"
            ],
            "Plans": [
                {
                    "Node Type": "Gather",
                    "Parent Relationship": "Outer",
                    "Parallel Aware": false,
                    "Startup Cost": 339964.45,
                    "Total Cost": 339965.06,
                    "Plan Rows": 6,
                    "Plan Width": 8,
                    "Actual Startup Time": 970.521,
                    "Actual Total Time": 1004.117,
                    "Actual Rows": 7,
                    "Actual Loops": 1,
                    "Output": [
                        "(PARTIAL count(*))"
                    ],
                    "Workers Planned": 6,
                    "Workers Launched": 6,
                    "Single Copy": false,
                    "Plans": [
                        {
                            "Node Type": "Aggregate",
                            "Strategy": "Plain",
                            "Partial Mode": "Partial",
                            "Parent Relationship": "Outer",
                            "Parallel Aware": false,
                            "Startup Cost": 338964.45,
                            "Total Cost": 338964.46,
                            "Plan Rows": 1,
                            "Plan Width": 8,
                            "Actual Startup Time": 961.336,
                            "Actual Total Time": 961.337,
                            "Actual Rows": 1,
                            "Actual Loops": 7,
                            "Output": [
                                "PARTIAL count(*)"
                            ],
                            "Workers": [
                                {
                                    "Worker Number": 0,
                                    "Actual Startup Time": 959.254,
                                    "Actual Total Time": 959.256,
                                    "Actual Rows": 1,
                                    "Actual Loops": 1
                                },
                                {
                                    "Worker Number": 1,
                                    "Actual Startup Time": 959.521,
                                    "Actual Total Time": 959.523,
                                    "Actual Rows": 1,
                                    "Actual Loops": 1
                                },
                                {
                                    "Worker Number": 2,
                                    "Actual Startup Time": 959.761,
                                    "Actual Total Time": 959.762,
                                    "Actual Rows": 1,
                                    "Actual Loops": 1
                                },
                                {
                                    "Worker Number": 3,
                                    "Actual Startup Time": 960.114,
                                    "Actual Total Time": 960.115,
                                    "Actual Rows": 1,
                                    "Actual Loops": 1
                                },
                                {
                                    "Worker Number": 4,
                                    "Actual Startup Time": 960.113,
                                    "Actual Total Time": 960.115,
                                    "Actual Rows": 1,
                                    "Actual Loops": 1
                                },
                                {
                                    "Worker Number": 5,
                                    "Actual Startup Time": 960.871,
                                    "Actual Total Time": 960.872,
                                    "Actual Rows": 1,
                                    "Actual Loops": 1
                                }
                            ],
                            "Plans": [
                                {
                                    "Node Type": "Seq Scan",
                                    "Parent Relationship": "Outer",
                                    "Parallel Aware": true,
                                    "Relation Name": "cast_info",
                                    "Schema": "public",
                                    "Alias": "ci",
                                    "Startup Cost": 0.0,
                                    "Total Cost": 328213.62,
                                    "Plan Rows": 4300335,
                                    "Plan Width": 0,
                                    "Actual Startup Time": 138.946,
                                    "Actual Total Time": 743.641,
                                    "Actual Rows": 3685280,
                                    "Actual Loops": 7,
                                    "Output": [
                                        "id",
                                        "person_id",
                                        "movie_id",
                                        "person_role_id",
                                        "note",
                                        "nr_order",
                                        "role_id"
                                    ],
                                    "Filter": "(ci.person_id > 1025783)",
                                    "Rows Removed by Filter": 1492484,
                                    "Workers": [
                                        {
                                            "Worker Number": 0,
                                            "Actual Startup Time": 136.853,
                                            "Actual Total Time": 747.802,
                                            "Actual Rows": 3215848,
                                            "Actual Loops": 1
                                        },
                                        {
                                            "Worker Number": 1,
                                            "Actual Startup Time": 137.141,
                                            "Actual Total Time": 745.277,
                                            "Actual Rows": 3260711,
                                            "Actual Loops": 1
                                        },
                                        {
                                            "Worker Number": 2,
                                            "Actual Startup Time": 137.361,
                                            "Actual Total Time": 748.331,
                                            "Actual Rows": 3214978,
                                            "Actual Loops": 1
                                        },
                                        {
                                            "Worker Number": 3,
                                            "Actual Startup Time": 137.732,
                                            "Actual Total Time": 745.42,
                                            "Actual Rows": 3261244,
                                            "Actual Loops": 1
                                        },
                                        {
                                            "Worker Number": 4,
                                            "Actual Startup Time": 137.724,
                                            "Actual Total Time": 745.822,
                                            "Actual Rows": 3255203,
                                            "Actual Loops": 1
                                        },
                                        {
                                            "Worker Number": 5,
                                            "Actual Startup Time": 138.482,
                                            "Actual Total Time": 746.038,
                                            "Actual Rows": 3271417,
                                            "Actual Loops": 1
                                        }
                                    ]
                                }
                            ]
                        }
                    ]
                }
            ]
        },
        "Planning Time": 869.607,
        "Triggers": [],
        "Execution Time": 1004.317
    }
]