[
    {
        "Bao": {
            "Bao prediction": "NaN",
            "Bao recommended hint": "(no hint)"
        }
    },
    {
        "Plan": {
            "Node Type": "Aggregate",
            "Strategy": "Plain",
            "Partial Mode": "Finalize",
            "Parallel Aware": false,
            "Startup Cost": 32054.99,
            "Total Cost": 32055.0,
            "Plan Rows": 1,
            "Plan Width": 8,
            "Actual Startup Time": 93.493,
            "Actual Total Time": 97.981,
            "Actual Rows": 1,
            "Actual Loops": 1,
            "Output": [
                "count(*)"
            ],
            "Plans": [
                {
                    "Node Type": "Gather",
                    "Parent Relationship": "Outer",
                    "Parallel Aware": false,
                    "Startup Cost": 32054.68,
                    "Total Cost": 32054.99,
                    "Plan Rows": 3,
                    "Plan Width": 8,
                    "Actual Startup Time": 93.278,
                    "Actual Total Time": 97.973,
                    "Actual Rows": 4,
                    "Actual Loops": 1,
                    "Output": [
                        "(PARTIAL count(*))"
                    ],
                    "Workers Planned": 3,
                    "Workers Launched": 3,
                    "Single Copy": false,
                    "Plans": [
                        {
                            "Node Type": "Aggregate",
                            "Strategy": "Plain",
                            "Partial Mode": "Partial",
                            "Parent Relationship": "Outer",
                            "Parallel Aware": false,
                            "Startup Cost": 31054.68,
                            "Total Cost": 31054.69,
                            "Plan Rows": 1,
                            "Plan Width": 8,
                            "Actual Startup Time": 84.61,
                            "Actual Total Time": 84.611,
                            "Actual Rows": 1,
                            "Actual Loops": 4,
                            "Output": [
                                "PARTIAL count(*)"
                            ],
                            "Workers": [
                                {
                                    "Worker Number": 0,
                                    "Actual Startup Time": 81.662,
                                    "Actual Total Time": 81.664,
                                    "Actual Rows": 1,
                                    "Actual Loops": 1
                                },
                                {
                                    "Worker Number": 1,
                                    "Actual Startup Time": 81.773,
                                    "Actual Total Time": 81.775,
                                    "Actual Rows": 1,
                                    "Actual Loops": 1
                                },
                                {
                                    "Worker Number": 2,
                                    "Actual Startup Time": 82.134,
                                    "Actual Total Time": 82.136,
                                    "Actual Rows": 1,
                                    "Actual Loops": 1
                                }
                            ],
                            "Plans": [
                                {
                                    "Node Type": "Bitmap Heap Scan",
                                    "Parent Relationship": "Outer",
                                    "Parallel Aware": true,
                                    "Relation Name": "movie_companies",
                                    "Schema": "public",
                                    "Alias": "mc",
                                    "Startup Cost": 9867.52,
                                    "Total Cost": 30873.63,
                                    "Plan Rows": 72417,
                                    "Plan Width": 0,
                                    "Actual Startup Time": 26.172,
                                    "Actual Total Time": 78.522,
                                    "Actual Rows": 85245,
                                    "Actual Loops": 4,
                                    "Recheck Cond": "(mc.company_id < 369)",
                                    "Rows Removed by Index Recheck": 0,
                                    "Filter": "(mc.company_type_id < 2)",
                                    "Rows Removed by Filter": 27271,
                                    "Exact Heap Blocks": 8501,
                                    "Lossy Heap Blocks": 0,
                                    "Workers": [
                                        {
                                            "Worker Number": 0,
                                            "Actual Startup Time": 23.521,
                                            "Actual Total Time": 76.145,
                                            "Actual Rows": 50890,
                                            "Actual Loops": 1
                                        },
                                        {
                                            "Worker Number": 1,
                                            "Actual Startup Time": 23.368,
                                            "Actual Total Time": 76.384,
                                            "Actual Rows": 45340,
                                            "Actual Loops": 1
                                        },
                                        {
                                            "Worker Number": 2,
                                            "Actual Startup Time": 23.705,
                                            "Actual Total Time": 76.528,
                                            "Actual Rows": 51736,
                                            "Actual Loops": 1
                                        }
                                    ],
                                    "Plans": [
                                        {
                                            "Node Type": "Bitmap Index Scan",
                                            "Parent Relationship": "Outer",
                                            "Parallel Aware": false,
                                            "Index Name": "company_id_movie_companies",
                                            "Startup Cost": 0.0,
                                            "Total Cost": 9811.4,
                                            "Plan Rows": 457996,
                                            "Plan Width": 0,
                                            "Actual Startup Time": 31.085,
                                            "Actual Total Time": 31.086,
                                            "Actual Rows": 450066,
                                            "Actual Loops": 1,
                                            "Index Cond": "(mc.company_id < 369)"
                                        }
                                    ]
                                }
                            ]
                        }
                    ]
                }
            ]
        },
        "Planning Time": 227.663,
        "Triggers": [],
        "Execution Time": 98.06
    }
]