{
  "Plan": {
    "Node Type": "Aggregate",
    "Strategy": "Plain",
    "Partial Mode": "Finalize",
    "Parallel Aware": false,
    "Startup Cost": 581474.64,
    "Total Cost": 581474.65,
    "Plan Rows": 1,
    "Plan Width": 8,
    "Actual Startup Time": 3552.373,
    "Actual Total Time": 3620.723,
    "Actual Rows": 1,
    "Actual Loops": 1,
    "Plans": [
      {
        "Node Type": "Gather",
        "Parent Relationship": "Outer",
        "Parallel Aware": false,
        "Startup Cost": 581474.53,
        "Total Cost": 581474.64,
        "Plan Rows": 1,
        "Plan Width": 8,
        "Actual Startup Time": 3552.188,
        "Actual Total Time": 3620.711,
        "Actual Rows": 2,
        "Actual Loops": 1,
        "Workers Planned": 1,
        "Workers Launched": 1,
        "Single Copy": false,
        "Plans": [
          {
            "Node Type": "Aggregate",
            "Strategy": "Plain",
            "Partial Mode": "Partial",
            "Parent Relationship": "Outer",
            "Parallel Aware": false,
            "Startup Cost": 580474.53,
            "Total Cost": 580474.54,
            "Plan Rows": 1,
            "Plan Width": 8,
            "Actual Startup Time": 3546.668,
            "Actual Total Time": 3546.672,
            "Actual Rows": 1,
            "Actual Loops": 2,
            "Plans": [
              {
                "Node Type": "Hash Join",
                "Parent Relationship": "Outer",
                "Parallel Aware": true,
                "Join Type": "Inner",
                "Startup Cost": 58418.92,
                "Total Cost": 580152.27,
                "Plan Rows": 128902,
                "Plan Width": 0,
                "Actual Startup Time": 159.987,
                "Actual Total Time": 3539.418,
                "Actual Rows": 122328,
                "Actual Loops": 2,
                "Inner Unique": true,
                "Hash Cond": "(ci.movie_id = t.id)",
                "Plans": [
                  {
                    "Node Type": "Seq Scan",
                    "Parent Relationship": "Outer",
                    "Parallel Aware": true,
                    "Relation Name": "cast_info",
                    "Alias": "ci",
                    "Startup Cost": 0.0,
                    "Total Cost": 465792.95,
                    "Plan Rows": 21310595,
                    "Plan Width": 4,
                    "Actual Startup Time": 0.016,
                    "Actual Total Time": 1490.504,
                    "Actual Rows": 18122172,
                    "Actual Loops": 2
                  },
                  {
                    "Node Type": "Hash",
                    "Parent Relationship": "Inner",
                    "Parallel Aware": true,
                    "Startup Cost": 58306.47,
                    "Total Cost": 58306.47,
                    "Plan Rows": 8996,
                    "Plan Width": 4,
                    "Actual Startup Time": 158.56,
                    "Actual Total Time": 158.561,
                    "Actual Rows": 8186,
                    "Actual Loops": 2,
                    "Hash Buckets": 16384,
                    "Original Hash Buckets": 16384,
                    "Hash Batches": 1,
                    "Original Hash Batches": 1,
                    "Peak Memory Usage": 800,
                    "Plans": [
                      {
                        "Node Type": "Seq Scan",
                        "Parent Relationship": "Outer",
                        "Parallel Aware": true,
                        "Relation Name": "title",
                        "Alias": "t",
                        "Startup Cost": 0.0,
                        "Total Cost": 58306.47,
                        "Plan Rows": 8996,
                        "Plan Width": 4,
                        "Actual Startup Time": 0.065,
                        "Actual Total Time": 155.349,
                        "Actual Rows": 8186,
                        "Actual Loops": 2,
                        "Filter": "((kind_id > 1) AND (production_year = 1989))",
                        "Rows Removed by Filter": 1255970
                      }
                    ]
                  }
                ]
              }
            ]
          }
        ]
      }
    ]
  },
  "Planning Time": 0.491,
  "Triggers": [],
  "Execution Time": 3620.809
}