[
  {
    "Plan": {
      "Node Type": "Aggregate",
      "Strategy": "Plain",
      "Partial Mode": "Finalize",
      "Parallel Aware": false,
      "Startup Cost": 260906.18,
      "Total Cost": 260906.19,
      "Plan Rows": 1,
      "Plan Width": 8,
      "Actual Startup Time": 221.118,
      "Actual Total Time": 264.21,
      "Actual Rows": 1,
      "Actual Loops": 1,
      "Plans": [
        {
          "Node Type": "Gather",
          "Parent Relationship": "Outer",
          "Parallel Aware": false,
          "Startup Cost": 260905.76,
          "Total Cost": 260906.17,
          "Plan Rows": 4,
          "Plan Width": 8,
          "Actual Startup Time": 220.901,
          "Actual Total Time": 264.197,
          "Actual Rows": 5,
          "Actual Loops": 1,
          "Workers Planned": 4,
          "Workers Launched": 4,
          "Single Copy": false,
          "Plans": [
            {
              "Node Type": "Aggregate",
              "Strategy": "Plain",
              "Partial Mode": "Partial",
              "Parent Relationship": "Outer",
              "Parallel Aware": false,
              "Startup Cost": 259905.76,
              "Total Cost": 259905.77,
              "Plan Rows": 1,
              "Plan Width": 8,
              "Actual Startup Time": 213.036,
              "Actual Total Time": 213.038,
              "Actual Rows": 1,
              "Actual Loops": 5,
              "Plans": [
                {
                  "Node Type": "Nested Loop",
                  "Parent Relationship": "Outer",
                  "Parallel Aware": false,
                  "Join Type": "Inner",
                  "Startup Cost": 0.56,
                  "Total Cost": 259834.75,
                  "Plan Rows": 28403,
                  "Plan Width": 0,
                  "Actual Startup Time": 1.379,
                  "Actual Total Time": 210.604,
                  "Actual Rows": 27969,
                  "Actual Loops": 5,
                  "Inner Unique": false,
                  "Plans": [
                    {
                      "Node Type": "Seq Scan",
                      "Parent Relationship": "Outer",
                      "Parallel Aware": true,
                      "Relation Name": "title",
                      "Alias": "t",
                      "Startup Cost": 0.0,
                      "Total Cost": 45479.59,
                      "Plan Rows": 2392,
                      "Plan Width": 4,
                      "Actual Startup Time": 1.117,
                      "Actual Total Time": 68.575,
                      "Actual Rows": 2106,
                      "Actual Loops": 5,
                      "Filter": "((kind_id < 7) AND (production_year = 1993))",
                      "Rows Removed by Filter": 503557
                    },
                    {
                      "Node Type": "Index Scan",
                      "Parent Relationship": "Inner",
                      "Parallel Aware": false,
                      "Scan Direction": "Forward",
                      "Index Name": "movie_id_cast_info",
                      "Relation Name": "cast_info",
                      "Alias": "ci",
                      "Startup Cost": 0.56,
                      "Total Cost": 89.32,
                      "Plan Rows": 29,
                      "Plan Width": 4,
                      "Actual Startup Time": 0.019,
                      "Actual Total Time": 0.066,
                      "Actual Rows": 13,
                      "Actual Loops": 10528,
                      "Index Cond": "(movie_id = t.id)",
                      "Rows Removed by Index Recheck": 0,
                      "Filter": "(person_id > 616342)",
                      "Rows Removed by Filter": 3
                    }
                  ]
                }
              ]
            }
          ]
        }
      ]
    },
    "Planning Time": 0.222,
    "Triggers": [],
    "Execution Time": 264.261
  }
]