[
  {
    "Plan": {
      "Node Type": "Aggregate",
      "Strategy": "Plain",
      "Partial Mode": "Finalize",
      "Parallel Aware": false,
      "Startup Cost": 275739.85,
      "Total Cost": 275739.86,
      "Plan Rows": 1,
      "Plan Width": 8,
      "Actual Startup Time": 222.621,
      "Actual Total Time": 267.933,
      "Actual Rows": 1,
      "Actual Loops": 1,
      "Plans": [
        {
          "Node Type": "Gather",
          "Parent Relationship": "Outer",
          "Parallel Aware": false,
          "Startup Cost": 275739.43,
          "Total Cost": 275739.84,
          "Plan Rows": 4,
          "Plan Width": 8,
          "Actual Startup Time": 222.478,
          "Actual Total Time": 267.925,
          "Actual Rows": 5,
          "Actual Loops": 1,
          "Workers Planned": 4,
          "Workers Launched": 4,
          "Single Copy": false,
          "Plans": [
            {
              "Node Type": "Aggregate",
              "Strategy": "Plain",
              "Partial Mode": "Partial",
              "Parent Relationship": "Outer",
              "Parallel Aware": false,
              "Startup Cost": 274739.43,
              "Total Cost": 274739.44,
              "Plan Rows": 1,
              "Plan Width": 8,
              "Actual Startup Time": 216.07,
              "Actual Total Time": 216.071,
              "Actual Rows": 1,
              "Actual Loops": 5,
              "Plans": [
                {
                  "Node Type": "Nested Loop",
                  "Parent Relationship": "Outer",
                  "Parallel Aware": false,
                  "Join Type": "Inner",
                  "Startup Cost": 0.56,
                  "Total Cost": 274664.1,
                  "Plan Rows": 30132,
                  "Plan Width": 0,
                  "Actual Startup Time": 1.128,
                  "Actual Total Time": 213.673,
                  "Actual Rows": 27969,
                  "Actual Loops": 5,
                  "Inner Unique": false,
                  "Plans": [
                    {
                      "Node Type": "Seq Scan",
                      "Parent Relationship": "Outer",
                      "Parallel Aware": true,
                      "Relation Name": "title",
                      "Alias": "t",
                      "Startup Cost": 0.0,
                      "Total Cost": 45479.1,
                      "Plan Rows": 2536,
                      "Plan Width": 4,
                      "Actual Startup Time": 0.749,
                      "Actual Total Time": 67.943,
                      "Actual Rows": 2106,
                      "Actual Loops": 5,
                      "Filter": "((kind_id < 7) AND (production_year = 1993))",
                      "Rows Removed by Filter": 503557
                    },
                    {
                      "Node Type": "Index Scan",
                      "Parent Relationship": "Inner",
                      "Parallel Aware": false,
                      "Scan Direction": "Forward",
                      "Index Name": "movie_id_cast_info",
                      "Relation Name": "cast_info",
                      "Alias": "ci",
                      "Startup Cost": 0.56,
                      "Total Cost": 90.07,
                      "Plan Rows": 30,
                      "Plan Width": 4,
                      "Actual Startup Time": 0.022,
                      "Actual Total Time": 0.068,
                      "Actual Rows": 13,
                      "Actual Loops": 10528,
                      "Index Cond": "(movie_id = t.id)",
                      "Rows Removed by Index Recheck": 0,
                      "Filter": "(person_id > 616342)",
                      "Rows Removed by Filter": 3
                    }
                  ]
                }
              ]
            }
          ]
        }
      ]
    },
    "Planning Time": 0.437,
    "Triggers": [],
    "Execution Time": 268.005
  }
]