[
  {
    "Plan": {
      "Node Type": "Aggregate",
      "Strategy": "Plain",
      "Partial Mode": "Finalize",
      "Parallel Aware": false,
      "Startup Cost": 28314.55,
      "Total Cost": 28314.56,
      "Plan Rows": 1,
      "Plan Width": 8,
      "Actual Startup Time": 59.147,
      "Actual Total Time": 62.713,
      "Actual Rows": 1,
      "Actual Loops": 1,
      "Plans": [
        {
          "Node Type": "Gather",
          "Parent Relationship": "Outer",
          "Parallel Aware": false,
          "Startup Cost": 28314.23,
          "Total Cost": 28314.54,
          "Plan Rows": 3,
          "Plan Width": 8,
          "Actual Startup Time": 59.02,
          "Actual Total Time": 62.707,
          "Actual Rows": 4,
          "Actual Loops": 1,
          "Workers Planned": 3,
          "Workers Launched": 3,
          "Single Copy": false,
          "Plans": [
            {
              "Node Type": "Aggregate",
              "Strategy": "Plain",
              "Partial Mode": "Partial",
              "Parent Relationship": "Outer",
              "Parallel Aware": false,
              "Startup Cost": 27314.23,
              "Total Cost": 27314.24,
              "Plan Rows": 1,
              "Plan Width": 8,
              "Actual Startup Time": 53.438,
              "Actual Total Time": 53.44,
              "Actual Rows": 1,
              "Actual Loops": 4,
              "Plans": [
                {
                  "Node Type": "Bitmap Heap Scan",
                  "Parent Relationship": "Outer",
                  "Parallel Aware": true,
                  "Relation Name": "movie_companies",
                  "Alias": "mc",
                  "Startup Cost": 6854.3,
                  "Total Cost": 27183.16,
                  "Plan Rows": 52431,
                  "Plan Width": 0,
                  "Actual Startup Time": 17.103,
                  "Actual Total Time": 48.285,
                  "Actual Rows": 79180,
                  "Actual Loops": 4,
                  "Recheck Cond": "(company_id > 91833)",
                  "Rows Removed by Index Recheck": 0,
                  "Filter": "(company_type_id = 2)",
                  "Rows Removed by Filter": 0,
                  "Exact Heap Blocks": 2463,
                  "Lossy Heap Blocks": 0,
                  "Plans": [
                    {
                      "Node Type": "Bitmap Index Scan",
                      "Parent Relationship": "Outer",
                      "Parallel Aware": false,
                      "Index Name": "company_id_movie_companies",
                      "Startup Cost": 0.0,
                      "Total Cost": 6813.66,
                      "Plan Rows": 318031,
                      "Plan Width": 0,
                      "Actual Startup Time": 21.192,
                      "Actual Total Time": 21.192,
                      "Actual Rows": 316720,
                      "Actual Loops": 1,
                      "Index Cond": "(company_id > 91833)"
                    }
                  ]
                }
              ]
            }
          ]
        }
      ]
    },
    "Planning Time": 0.185,
    "Triggers": [],
    "Execution Time": 62.778
  }
]