{
  "Plan": {
    "Node Type": "Aggregate",
    "Strategy": "Plain",
    "Partial Mode": "Finalize",
    "Parallel Aware": false,
    "Startup Cost": 127215.89,
    "Total Cost": 127215.9,
    "Plan Rows": 1,
    "Plan Width": 8,
    "Actual Startup Time": 542.119,
    "Actual Total Time": 559.29,
    "Actual Rows": 1,
    "Actual Loops": 1,
    "Plans": [
      {
        "Node Type": "Gather",
        "Parent Relationship": "Outer",
        "Parallel Aware": false,
        "Startup Cost": 127215.78,
        "Total Cost": 127215.89,
        "Plan Rows": 1,
        "Plan Width": 8,
        "Actual Startup Time": 540.233,
        "Actual Total Time": 559.281,
        "Actual Rows": 2,
        "Actual Loops": 1,
        "Workers Planned": 1,
        "Workers Launched": 1,
        "Single Copy": false,
        "Plans": [
          {
            "Node Type": "Aggregate",
            "Strategy": "Plain",
            "Partial Mode": "Partial",
            "Parent Relationship": "Outer",
            "Parallel Aware": false,
            "Startup Cost": 126215.78,
            "Total Cost": 126215.79,
            "Plan Rows": 1,
            "Plan Width": 8,
            "Actual Startup Time": 534.32,
            "Actual Total Time": 534.324,
            "Actual Rows": 1,
            "Actual Loops": 2,
            "Plans": [
              {
                "Node Type": "Hash Join",
                "Parent Relationship": "Outer",
                "Parallel Aware": true,
                "Join Type": "Inner",
                "Startup Cost": 65769.41,
                "Total Cost": 125461.22,
                "Plan Rows": 301825,
                "Plan Width": 0,
                "Actual Startup Time": 279.642,
                "Actual Total Time": 532.282,
                "Actual Rows": 51378,
                "Actual Loops": 2,
                "Inner Unique": true,
                "Hash Cond": "(mk.movie_id = t.id)",
                "Plans": [
                  {
                    "Node Type": "Seq Scan",
                    "Parent Relationship": "Outer",
                    "Parallel Aware": true,
                    "Relation Name": "movie_keyword",
                    "Alias": "mk",
                    "Startup Cost": 0.0,
                    "Total Cost": 57718.19,
                    "Plan Rows": 751856,
                    "Plan Width": 4,
                    "Actual Startup Time": 0.015,
                    "Actual Total Time": 159.23,
                    "Actual Rows": 643152,
                    "Actual Loops": 2,
                    "Filter": "(keyword_id < 1662)",
                    "Rows Removed by Filter": 1618812
                  },
                  {
                    "Node Type": "Hash",
                    "Parent Relationship": "Inner",
                    "Parallel Aware": true,
                    "Startup Cost": 58306.47,
                    "Total Cost": 58306.47,
                    "Plan Rows": 597035,
                    "Plan Width": 4,
                    "Actual Startup Time": 270.338,
                    "Actual Total Time": 270.339,
                    "Actual Rows": 480056,
                    "Actual Loops": 2,
                    "Hash Buckets": 1048576,
                    "Original Hash Buckets": 1048576,
                    "Hash Batches": 1,
                    "Original Hash Batches": 1,
                    "Peak Memory Usage": 45792,
                    "Plans": [
                      {
                        "Node Type": "Seq Scan",
                        "Parent Relationship": "Outer",
                        "Parallel Aware": true,
                        "Relation Name": "title",
                        "Alias": "t",
                        "Startup Cost": 0.0,
                        "Total Cost": 58306.47,
                        "Plan Rows": 597035,
                        "Plan Width": 4,
                        "Actual Startup Time": 0.037,
                        "Actual Total Time": 160.38,
                        "Actual Rows": 480056,
                        "Actual Loops": 2,
                        "Filter": "((production_year < 2008) AND (kind_id = 7))",
                        "Rows Removed by Filter": 784100
                      }
                    ]
                  }
                ]
              }
            ]
          }
        ]
      }
    ]
  },
  "Planning Time": 0.694,
  "Triggers": [],
  "Execution Time": 559.411
}