[
  {
    "Plan": {
      "Node Type": "Aggregate",
      "Strategy": "Plain",
      "Partial Mode": "Finalize",
      "Parallel Aware": false,
      "Startup Cost": 371555.71,
      "Total Cost": 371555.72,
      "Plan Rows": 1,
      "Plan Width": 8,
      "Actual Startup Time": 616.978,
      "Actual Total Time": 701.974,
      "Actual Rows": 1,
      "Actual Loops": 1,
      "Plans": [
        {
          "Node Type": "Gather",
          "Parent Relationship": "Outer",
          "Parallel Aware": false,
          "Startup Cost": 371555.29,
          "Total Cost": 371555.7,
          "Plan Rows": 4,
          "Plan Width": 8,
          "Actual Startup Time": 616.954,
          "Actual Total Time": 701.962,
          "Actual Rows": 5,
          "Actual Loops": 1,
          "Workers Planned": 4,
          "Workers Launched": 4,
          "Single Copy": false,
          "Plans": [
            {
              "Node Type": "Aggregate",
              "Strategy": "Plain",
              "Partial Mode": "Partial",
              "Parent Relationship": "Outer",
              "Parallel Aware": false,
              "Startup Cost": 370555.29,
              "Total Cost": 370555.3,
              "Plan Rows": 1,
              "Plan Width": 8,
              "Actual Startup Time": 609.015,
              "Actual Total Time": 609.017,
              "Actual Rows": 1,
              "Actual Loops": 5,
              "Plans": [
                {
                  "Node Type": "Nested Loop",
                  "Parent Relationship": "Outer",
                  "Parallel Aware": false,
                  "Join Type": "Inner",
                  "Startup Cost": 0.56,
                  "Total Cost": 370234.82,
                  "Plan Rows": 128188,
                  "Plan Width": 0,
                  "Actual Startup Time": 42.636,
                  "Actual Total Time": 601.056,
                  "Actual Rows": 110885,
                  "Actual Loops": 5,
                  "Inner Unique": false,
                  "Plans": [
                    {
                      "Node Type": "Seq Scan",
                      "Parent Relationship": "Outer",
                      "Parallel Aware": true,
                      "Relation Name": "title",
                      "Alias": "t",
                      "Startup Cost": 0.0,
                      "Total Cost": 45479.59,
                      "Plan Rows": 14970,
                      "Plan Width": 4,
                      "Actual Startup Time": 42.462,
                      "Actual Total Time": 85.184,
                      "Actual Rows": 12316,
                      "Actual Loops": 5,
                      "Filter": "((production_year > 2011) AND (kind_id = 1))",
                      "Rows Removed by Filter": 493346
                    },
                    {
                      "Node Type": "Index Scan",
                      "Parent Relationship": "Inner",
                      "Parallel Aware": false,
                      "Scan Direction": "Forward",
                      "Index Name": "movie_id_cast_info",
                      "Relation Name": "cast_info",
                      "Alias": "ci",
                      "Startup Cost": 0.56,
                      "Total Cost": 21.48,
                      "Plan Rows": 21,
                      "Plan Width": 4,
                      "Actual Startup Time": 0.013,
                      "Actual Total Time": 0.041,
                      "Actual Rows": 9,
                      "Actual Loops": 61581,
                      "Index Cond": "(movie_id = t.id)",
                      "Rows Removed by Index Recheck": 0,
                      "Filter": "((person_id > 687403) AND (role_id < 5))",
                      "Rows Removed by Filter": 8
                    }
                  ]
                }
              ]
            }
          ]
        }
      ]
    },
    "Planning Time": 0.666,
    "Triggers": [],
    "Execution Time": 702.068
  }
]