{
  "Plan": {
    "Node Type": "Aggregate",
    "Strategy": "Plain",
    "Partial Mode": "Finalize",
    "Parallel Aware": false,
    "Startup Cost": 95754.65,
    "Total Cost": 95754.66,
    "Plan Rows": 1,
    "Plan Width": 8,
    "Actual Startup Time": 302.272,
    "Actual Total Time": 318.014,
    "Actual Rows": 1,
    "Actual Loops": 1,
    "Plans": [
      {
        "Node Type": "Gather",
        "Parent Relationship": "Outer",
        "Parallel Aware": false,
        "Startup Cost": 95754.54,
        "Total Cost": 95754.65,
        "Plan Rows": 1,
        "Plan Width": 8,
        "Actual Startup Time": 302.141,
        "Actual Total Time": 317.997,
        "Actual Rows": 2,
        "Actual Loops": 1,
        "Workers Planned": 1,
        "Workers Launched": 1,
        "Single Copy": false,
        "Plans": [
          {
            "Node Type": "Aggregate",
            "Strategy": "Plain",
            "Partial Mode": "Partial",
            "Parent Relationship": "Outer",
            "Parallel Aware": false,
            "Startup Cost": 94754.54,
            "Total Cost": 94754.55,
            "Plan Rows": 1,
            "Plan Width": 8,
            "Actual Startup Time": 296.433,
            "Actual Total Time": 296.436,
            "Actual Rows": 1,
            "Actual Loops": 2,
            "Plans": [
              {
                "Node Type": "Hash Join",
                "Parent Relationship": "Outer",
                "Parallel Aware": true,
                "Join Type": "Inner",
                "Startup Cost": 54720.38,
                "Total Cost": 94740.71,
                "Plan Rows": 5533,
                "Plan Width": 0,
                "Actual Startup Time": 188.385,
                "Actual Total Time": 296.158,
                "Actual Rows": 5037,
                "Actual Loops": 2,
                "Inner Unique": true,
                "Hash Cond": "(mc.movie_id = t.id)",
                "Plans": [
                  {
                    "Node Type": "Seq Scan",
                    "Parent Relationship": "Outer",
                    "Parallel Aware": true,
                    "Relation Name": "movie_companies",
                    "Alias": "mc",
                    "Startup Cost": 0.0,
                    "Total Cost": 37974.77,
                    "Plan Rows": 779260,
                    "Plan Width": 4,
                    "Actual Startup Time": 46.765,
                    "Actual Total Time": 109.775,
                    "Actual Rows": 667442,
                    "Actual Loops": 2,
                    "Filter": "(company_type_id > 1)",
                    "Rows Removed by Filter": 637123
                  },
                  {
                    "Node Type": "Hash",
                    "Parent Relationship": "Inner",
                    "Parallel Aware": true,
                    "Startup Cost": 54588.39,
                    "Total Cost": 54588.39,
                    "Plan Rows": 10559,
                    "Plan Width": 4,
                    "Actual Startup Time": 140.213,
                    "Actual Total Time": 140.214,
                    "Actual Rows": 8286,
                    "Actual Loops": 2,
                    "Hash Buckets": 32768,
                    "Original Hash Buckets": 32768,
                    "Hash Batches": 1,
                    "Original Hash Batches": 1,
                    "Peak Memory Usage": 928,
                    "Plans": [
                      {
                        "Node Type": "Seq Scan",
                        "Parent Relationship": "Outer",
                        "Parallel Aware": true,
                        "Relation Name": "title",
                        "Alias": "t",
                        "Startup Cost": 0.0,
                        "Total Cost": 54588.39,
                        "Plan Rows": 10559,
                        "Plan Width": 4,
                        "Actual Startup Time": 0.103,
                        "Actual Total Time": 137.061,
                        "Actual Rows": 8286,
                        "Actual Loops": 2,
                        "Filter": "(production_year = 1984)",
                        "Rows Removed by Filter": 1255870
                      }
                    ]
                  }
                ]
              }
            ]
          }
        ]
      }
    ]
  },
  "Planning Time": 0.479,
  "Triggers": [],
  "Execution Time": 318.086
}