[
  {
    "Plan": {
      "Node Type": "Aggregate",
      "Strategy": "Plain",
      "Partial Mode": "Finalize",
      "Parallel Aware": false,
      "Startup Cost": 54888.03,
      "Total Cost": 54888.04,
      "Plan Rows": 1,
      "Plan Width": 8,
      "Actual Startup Time": 113.158,
      "Actual Total Time": 120.377,
      "Actual Rows": 1,
      "Actual Loops": 1,
      "Plans": [
        {
          "Node Type": "Gather",
          "Parent Relationship": "Outer",
          "Parallel Aware": false,
          "Startup Cost": 54887.81,
          "Total Cost": 54888.02,
          "Plan Rows": 2,
          "Plan Width": 8,
          "Actual Startup Time": 112.903,
          "Actual Total Time": 120.369,
          "Actual Rows": 3,
          "Actual Loops": 1,
          "Workers Planned": 2,
          "Workers Launched": 2,
          "Single Copy": false,
          "Plans": [
            {
              "Node Type": "Aggregate",
              "Strategy": "Plain",
              "Partial Mode": "Partial",
              "Parent Relationship": "Outer",
              "Parallel Aware": false,
              "Startup Cost": 53887.81,
              "Total Cost": 53887.82,
              "Plan Rows": 1,
              "Plan Width": 8,
              "Actual Startup Time": 104.705,
              "Actual Total Time": 104.708,
              "Actual Rows": 1,
              "Actual Loops": 3,
              "Plans": [
                {
                  "Node Type": "Hash Join",
                  "Parent Relationship": "Outer",
                  "Parallel Aware": true,
                  "Join Type": "Inner",
                  "Startup Cost": 38264.55,
                  "Total Cost": 53884.48,
                  "Plan Rows": 1333,
                  "Plan Width": 0,
                  "Actual Startup Time": 74.459,
                  "Actual Total Time": 104.61,
                  "Actual Rows": 1296,
                  "Actual Loops": 3,
                  "Inner Unique": true,
                  "Hash Cond": "(mi_idx.movie_id = t.id)",
                  "Plans": [
                    {
                      "Node Type": "Seq Scan",
                      "Parent Relationship": "Outer",
                      "Parallel Aware": true,
                      "Relation Name": "movie_info_idx",
                      "Alias": "mi_idx",
                      "Startup Cost": 0.0,
                      "Total Cost": 15122.68,
                      "Plan Rows": 189429,
                      "Plan Width": 4,
                      "Actual Startup Time": 0.025,
                      "Actual Total Time": 36.939,
                      "Actual Rows": 153308,
                      "Actual Loops": 3,
                      "Filter": "(info_type_id < 100)",
                      "Rows Removed by Filter": 306703
                    },
                    {
                      "Node Type": "Hash",
                      "Parent Relationship": "Inner",
                      "Parallel Aware": true,
                      "Startup Cost": 38208.93,
                      "Total Cost": 38208.93,
                      "Plan Rows": 4449,
                      "Plan Width": 4,
                      "Actual Startup Time": 52.53,
                      "Actual Total Time": 52.532,
                      "Actual Rows": 5867,
                      "Actual Loops": 3,
                      "Hash Buckets": 32768,
                      "Original Hash Buckets": 32768,
                      "Hash Batches": 1,
                      "Original Hash Batches": 1,
                      "Peak Memory Usage": 960,
                      "Plans": [
                        {
                          "Node Type": "Bitmap Heap Scan",
                          "Parent Relationship": "Outer",
                          "Parallel Aware": true,
                          "Relation Name": "title",
                          "Alias": "t",
                          "Startup Cost": 1827.58,
                          "Total Cost": 38208.93,
                          "Plan Rows": 4449,
                          "Plan Width": 4,
                          "Actual Startup Time": 13.301,
                          "Actual Total Time": 49.956,
                          "Actual Rows": 5867,
                          "Actual Loops": 3,
                          "Recheck Cond": "(kind_id = 3)",
                          "Rows Removed by Index Recheck": 0,
                          "Filter": "(production_year < 1976)",
                          "Rows Removed by Filter": 27645,
                          "Exact Heap Blocks": 9332,
                          "Lossy Heap Blocks": 0,
                          "Plans": [
                            {
                              "Node Type": "Bitmap Index Scan",
                              "Parent Relationship": "Outer",
                              "Parallel Aware": false,
                              "Index Name": "kind_id_title",
                              "Startup Cost": 0.0,
                              "Total Cost": 1823.13,
                              "Plan Rows": 102227,
                              "Plan Width": 0,
                              "Actual Startup Time": 15.241,
                              "Actual Total Time": 15.241,
                              "Actual Rows": 100537,
                              "Actual Loops": 1,
                              "Index Cond": "(kind_id = 3)"
                            }
                          ]
                        }
                      ]
                    }
                  ]
                }
              ]
            }
          ]
        }
      ]
    },
    "Planning Time": 0.638,
    "Triggers": [],
    "Execution Time": 120.509
  }
]