[
  {
    "Plan": {
      "Node Type": "Aggregate",
      "Strategy": "Plain",
      "Partial Mode": "Finalize",
      "Parallel Aware": false,
      "Startup Cost": 317347.8,
      "Total Cost": 317347.81,
      "Plan Rows": 1,
      "Plan Width": 8,
      "Actual Startup Time": 254.849,
      "Actual Total Time": 271.343,
      "Actual Rows": 1,
      "Actual Loops": 1,
      "Plans": [
        {
          "Node Type": "Gather",
          "Parent Relationship": "Outer",
          "Parallel Aware": false,
          "Startup Cost": 317347.18,
          "Total Cost": 317347.79,
          "Plan Rows": 6,
          "Plan Width": 8,
          "Actual Startup Time": 249.128,
          "Actual Total Time": 271.327,
          "Actual Rows": 7,
          "Actual Loops": 1,
          "Workers Planned": 6,
          "Workers Launched": 6,
          "Single Copy": false,
          "Plans": [
            {
              "Node Type": "Aggregate",
              "Strategy": "Plain",
              "Partial Mode": "Partial",
              "Parent Relationship": "Outer",
              "Parallel Aware": false,
              "Startup Cost": 316347.18,
              "Total Cost": 316347.19,
              "Plan Rows": 1,
              "Plan Width": 8,
              "Actual Startup Time": 237.835,
              "Actual Total Time": 237.84,
              "Actual Rows": 1,
              "Actual Loops": 7,
              "Plans": [
                {
                  "Node Type": "Hash Join",
                  "Parent Relationship": "Outer",
                  "Parallel Aware": true,
                  "Join Type": "Inner",
                  "Startup Cost": 61902.68,
                  "Total Cost": 316311.43,
                  "Plan Rows": 14299,
                  "Plan Width": 0,
                  "Actual Startup Time": 178.11,
                  "Actual Total Time": 236.73,
                  "Actual Rows": 18345,
                  "Actual Loops": 7,
                  "Inner Unique": true,
                  "Hash Cond": "(ci.movie_id = t.id)",
                  "Plans": [
                    {
                      "Node Type": "Bitmap Heap Scan",
                      "Parent Relationship": "Outer",
                      "Parallel Aware": true,
                      "Relation Name": "cast_info",
                      "Alias": "ci",
                      "Startup Cost": 14025.42,
                      "Total Cost": 268310.48,
                      "Plan Rows": 47121,
                      "Plan Width": 4,
                      "Actual Startup Time": 22.485,
                      "Actual Total Time": 50.724,
                      "Actual Rows": 83498,
                      "Actual Loops": 7,
                      "Recheck Cond": "(person_id > 3949040)",
                      "Rows Removed by Index Recheck": 0,
                      "Filter": "(role_id > 2)",
                      "Rows Removed by Filter": 0,
                      "Exact Heap Blocks": 1444,
                      "Lossy Heap Blocks": 0,
                      "Plans": [
                        {
                          "Node Type": "Bitmap Index Scan",
                          "Parent Relationship": "Outer",
                          "Parallel Aware": false,
                          "Index Name": "person_id_cast_info",
                          "Startup Cost": 0.0,
                          "Total Cost": 13954.74,
                          "Plan Rows": 639223,
                          "Plan Width": 0,
                          "Actual Startup Time": 21.212,
                          "Actual Total Time": 21.213,
                          "Actual Rows": 584489,
                          "Actual Loops": 1,
                          "Index Cond": "(person_id > 3949040)"
                        }
                      ]
                    },
                    {
                      "Node Type": "Hash",
                      "Parent Relationship": "Inner",
                      "Parallel Aware": true,
                      "Startup Cost": 45479.59,
                      "Total Cost": 45479.59,
                      "Plan Rows": 191814,
                      "Plan Width": 4,
                      "Actual Startup Time": 152.016,
                      "Actual Total Time": 152.017,
                      "Actual Rows": 97469,
                      "Actual Loops": 7,
                      "Hash Buckets": 1048576,
                      "Original Hash Buckets": 1048576,
                      "Hash Batches": 1,
                      "Original Hash Batches": 1,
                      "Peak Memory Usage": 34976,
                      "Plans": [
                        {
                          "Node Type": "Seq Scan",
                          "Parent Relationship": "Outer",
                          "Parallel Aware": true,
                          "Relation Name": "title",
                          "Alias": "t",
                          "Startup Cost": 0.0,
                          "Total Cost": 45479.59,
                          "Plan Rows": 191814,
                          "Plan Width": 4,
                          "Actual Startup Time": 0.044,
                          "Actual Total Time": 90.436,
                          "Actual Rows": 97469,
                          "Actual Loops": 7,
                          "Filter": "((production_year < 2004) AND (kind_id = 7))",
                          "Rows Removed by Filter": 263719
                        }
                      ]
                    }
                  ]
                }
              ]
            }
          ]
        }
      ]
    },
    "Planning Time": 0.734,
    "Triggers": [],
    "Execution Time": 271.444
  }
]