{
  "Plan": {
    "Node Type": "Aggregate",
    "Strategy": "Plain",
    "Partial Mode": "Finalize",
    "Parallel Aware": false,
    "Startup Cost": 1157550.22,
    "Total Cost": 1157550.23,
    "Plan Rows": 1,
    "Plan Width": 8,
    "Actual Startup Time": 4214.615,
    "Actual Total Time": 4264.294,
    "Actual Rows": 1,
    "Actual Loops": 1,
    "Plans": [
      {
        "Node Type": "Gather",
        "Parent Relationship": "Outer",
        "Parallel Aware": false,
        "Startup Cost": 1157550.11,
        "Total Cost": 1157550.22,
        "Plan Rows": 1,
        "Plan Width": 8,
        "Actual Startup Time": 4214.604,
        "Actual Total Time": 4264.286,
        "Actual Rows": 2,
        "Actual Loops": 1,
        "Workers Planned": 1,
        "Workers Launched": 1,
        "Single Copy": false,
        "Plans": [
          {
            "Node Type": "Aggregate",
            "Strategy": "Plain",
            "Partial Mode": "Partial",
            "Parent Relationship": "Outer",
            "Parallel Aware": false,
            "Startup Cost": 1156550.11,
            "Total Cost": 1156550.12,
            "Plan Rows": 1,
            "Plan Width": 8,
            "Actual Startup Time": 4193.699,
            "Actual Total Time": 4193.707,
            "Actual Rows": 1,
            "Actual Loops": 2,
            "Plans": [
              {
                "Node Type": "Merge Join",
                "Parent Relationship": "Outer",
                "Parallel Aware": false,
                "Join Type": "Inner",
                "Startup Cost": 1070166.72,
                "Total Cost": 1146883.25,
                "Plan Rows": 3866744,
                "Plan Width": 0,
                "Actual Startup Time": 3480.964,
                "Actual Total Time": 4099.436,
                "Actual Rows": 2356180,
                "Actual Loops": 2,
                "Inner Unique": false,
                "Merge Cond": "(t.id = mc.movie_id)",
                "Plans": [
                  {
                    "Node Type": "Sort",
                    "Parent Relationship": "Outer",
                    "Parallel Aware": false,
                    "Startup Cost": 747215.34,
                    "Total Cost": 756582.7,
                    "Plan Rows": 3746944,
                    "Plan Width": 8,
                    "Actual Startup Time": 2731.41,
                    "Actual Total Time": 2786.499,
                    "Actual Rows": 1540794,
                    "Actual Loops": 2,
                    "Sort Key": [
                      "t.id"
                    ],
                    "Sort Method": "quicksort",
                    "Sort Space Used": 122207,
                    "Sort Space Type": "Memory",
                    "Workers": [
                      {
                        "Worker Number": 0,
                        "Sort Method": "quicksort",
                        "Sort Space Used": 120547,
                        "Sort Space Type": "Memory"
                      }
                    ],
                    "Plans": [
                      {
                        "Node Type": "Hash Join",
                        "Parent Relationship": "Outer",
                        "Parallel Aware": true,
                        "Join Type": "Inner",
                        "Startup Cost": 66316.47,
                        "Total Cost": 338099.96,
                        "Plan Rows": 3746944,
                        "Plan Width": 8,
                        "Actual Startup Time": 313.037,
                        "Actual Total Time": 2394.194,
                        "Actual Rows": 1540794,
                        "Actual Loops": 2,
                        "Inner Unique": true,
                        "Hash Cond": "(mi.movie_id = t.id)",
                        "Plans": [
                          {
                            "Node Type": "Seq Scan",
                            "Parent Relationship": "Outer",
                            "Parallel Aware": true,
                            "Relation Name": "movie_info",
                            "Alias": "mi",
                            "Startup Cost": 0.0,
                            "Total Cost": 248955.74,
                            "Plan Rows": 8696274,
                            "Plan Width": 4,
                            "Actual Startup Time": 0.01,
                            "Actual Total Time": 614.314,
                            "Actual Rows": 7417860,
                            "Actual Loops": 2
                          },
                          {
                            "Node Type": "Hash",
                            "Parent Relationship": "Inner",
                            "Parallel Aware": true,
                            "Startup Cost": 58306.47,
                            "Total Cost": 58306.47,
                            "Plan Rows": 640800,
                            "Plan Width": 4,
                            "Actual Startup Time": 298.203,
                            "Actual Total Time": 298.205,
                            "Actual Rows": 522111,
                            "Actual Loops": 2,
                            "Hash Buckets": 2097152,
                            "Original Hash Buckets": 2097152,
                            "Hash Batches": 1,
                            "Original Hash Batches": 1,
                            "Peak Memory Usage": 57280,
                            "Plans": [
                              {
                                "Node Type": "Seq Scan",
                                "Parent Relationship": "Outer",
                                "Parallel Aware": true,
                                "Relation Name": "title",
                                "Alias": "t",
                                "Startup Cost": 0.0,
                                "Total Cost": 58306.47,
                                "Plan Rows": 640800,
                                "Plan Width": 4,
                                "Actual Startup Time": 0.028,
                                "Actual Total Time": 160.687,
                                "Actual Rows": 522111,
                                "Actual Loops": 2,
                                "Filter": "((production_year < 2009) AND (kind_id = 7))",
                                "Rows Removed by Filter": 742045
                              }
                            ]
                          }
                        ]
                      }
                    ]
                  },
                  {
                    "Node Type": "Sort",
                    "Parent Relationship": "Inner",
                    "Parallel Aware": false,
                    "Startup Cost": 322951.0,
                    "Total Cost": 329473.82,
                    "Plan Rows": 2609129,
                    "Plan Width": 4,
                    "Actual Startup Time": 749.521,
                    "Actual Total Time": 904.498,
                    "Actual Rows": 4497449,
                    "Actual Loops": 2,
                    "Sort Key": [
                      "mc.movie_id"
                    ],
                    "Sort Method": "quicksort",
                    "Sort Space Used": 220607,
                    "Sort Space Type": "Memory",
                    "Workers": [
                      {
                        "Worker Number": 0,
                        "Sort Method": "quicksort",
                        "Sort Space Used": 220607,
                        "Sort Space Type": "Memory"
                      }
                    ],
                    "Plans": [
                      {
                        "Node Type": "Seq Scan",
                        "Parent Relationship": "Outer",
                        "Parallel Aware": false,
                        "Relation Name": "movie_companies",
                        "Alias": "mc",
                        "Startup Cost": 0.0,
                        "Total Cost": 44881.29,
                        "Plan Rows": 2609129,
                        "Plan Width": 4,
                        "Actual Startup Time": 0.039,
                        "Actual Total Time": 231.409,
                        "Actual Rows": 2609129,
                        "Actual Loops": 2
                      }
                    ]
                  }
                ]
              }
            ]
          }
        ]
      }
    ]
  },
  "Planning Time": 1.03,
  "Triggers": [],
  "Execution Time": 4292.334
}