[
  {
    "Plan": {
      "Node Type": "Aggregate",
      "Strategy": "Plain",
      "Partial Mode": "Finalize",
      "Parallel Aware": false,
      "Startup Cost": 67898.93,
      "Total Cost": 67898.94,
      "Plan Rows": 1,
      "Plan Width": 8,
      "Actual Startup Time": 142.95,
      "Actual Total Time": 157.53,
      "Actual Rows": 1,
      "Actual Loops": 1,
      "Plans": [
        {
          "Node Type": "Gather",
          "Parent Relationship": "Outer",
          "Parallel Aware": false,
          "Startup Cost": 67898.51,
          "Total Cost": 67898.92,
          "Plan Rows": 4,
          "Plan Width": 8,
          "Actual Startup Time": 141.811,
          "Actual Total Time": 157.523,
          "Actual Rows": 5,
          "Actual Loops": 1,
          "Workers Planned": 4,
          "Workers Launched": 4,
          "Single Copy": false,
          "Plans": [
            {
              "Node Type": "Aggregate",
              "Strategy": "Plain",
              "Partial Mode": "Partial",
              "Parent Relationship": "Outer",
              "Parallel Aware": false,
              "Startup Cost": 66898.51,
              "Total Cost": 66898.52,
              "Plan Rows": 1,
              "Plan Width": 8,
              "Actual Startup Time": 136.6,
              "Actual Total Time": 136.604,
              "Actual Rows": 1,
              "Actual Loops": 5,
              "Plans": [
                {
                  "Node Type": "Hash Join",
                  "Parent Relationship": "Outer",
                  "Parallel Aware": true,
                  "Join Type": "Inner",
                  "Startup Cost": 44290.74,
                  "Total Cost": 66888.86,
                  "Plan Rows": 3862,
                  "Plan Width": 0,
                  "Actual Startup Time": 86.822,
                  "Actual Total Time": 136.295,
                  "Actual Rows": 5379,
                  "Actual Loops": 5,
                  "Inner Unique": true,
                  "Hash Cond": "(ci.movie_id = t.id)",
                  "Plans": [
                    {
                      "Node Type": "Index Scan",
                      "Parent Relationship": "Outer",
                      "Parallel Aware": true,
                      "Scan Direction": "Forward",
                      "Index Name": "role_id_cast_info",
                      "Relation Name": "cast_info",
                      "Alias": "ci",
                      "Startup Cost": 0.56,
                      "Total Cost": 22393.76,
                      "Plan Rows": 78069,
                      "Plan Width": 4,
                      "Actual Startup Time": 0.155,
                      "Actual Total Time": 31.827,
                      "Actual Rows": 93644,
                      "Actual Loops": 5,
                      "Index Cond": "(role_id = 6)",
                      "Rows Removed by Index Recheck": 0,
                      "Filter": "(person_id > 2287881)",
                      "Rows Removed by Filter": 61091
                    },
                    {
                      "Node Type": "Hash",
                      "Parent Relationship": "Inner",
                      "Parallel Aware": true,
                      "Startup Cost": 43899.32,
                      "Total Cost": 43899.32,
                      "Plan Rows": 31268,
                      "Plan Width": 4,
                      "Actual Startup Time": 86.058,
                      "Actual Total Time": 86.059,
                      "Actual Rows": 24572,
                      "Actual Loops": 5,
                      "Hash Buckets": 131072,
                      "Original Hash Buckets": 131072,
                      "Hash Batches": 1,
                      "Original Hash Batches": 1,
                      "Peak Memory Usage": 5920,
                      "Plans": [
                        {
                          "Node Type": "Seq Scan",
                          "Parent Relationship": "Outer",
                          "Parallel Aware": true,
                          "Relation Name": "title",
                          "Alias": "t",
                          "Startup Cost": 0.0,
                          "Total Cost": 43899.32,
                          "Plan Rows": 31268,
                          "Plan Width": 4,
                          "Actual Startup Time": 0.033,
                          "Actual Total Time": 76.678,
                          "Actual Rows": 24572,
                          "Actual Loops": 5,
                          "Filter": "(production_year = 2008)",
                          "Rows Removed by Filter": 481090
                        }
                      ]
                    }
                  ]
                }
              ]
            }
          ]
        }
      ]
    },
    "Planning Time": 0.227,
    "Triggers": [],
    "Execution Time": 157.575
  }
]