[
  {
    "Plan": {
      "Node Type": "Aggregate",
      "Strategy": "Plain",
      "Partial Mode": "Finalize",
      "Parallel Aware": false,
      "Startup Cost": 348282.05,
      "Total Cost": 348282.06,
      "Plan Rows": 1,
      "Plan Width": 8,
      "Actual Startup Time": 666.962,
      "Actual Total Time": 716.733,
      "Actual Rows": 1,
      "Actual Loops": 1,
      "Plans": [
        {
          "Node Type": "Gather",
          "Parent Relationship": "Outer",
          "Parallel Aware": false,
          "Startup Cost": 348281.42,
          "Total Cost": 348282.03,
          "Plan Rows": 6,
          "Plan Width": 8,
          "Actual Startup Time": 666.664,
          "Actual Total Time": 716.716,
          "Actual Rows": 7,
          "Actual Loops": 1,
          "Workers Planned": 6,
          "Workers Launched": 6,
          "Single Copy": false,
          "Plans": [
            {
              "Node Type": "Aggregate",
              "Strategy": "Plain",
              "Partial Mode": "Partial",
              "Parent Relationship": "Outer",
              "Parallel Aware": false,
              "Startup Cost": 347281.42,
              "Total Cost": 347281.43,
              "Plan Rows": 1,
              "Plan Width": 8,
              "Actual Startup Time": 659.467,
              "Actual Total Time": 659.469,
              "Actual Rows": 1,
              "Actual Loops": 7,
              "Plans": [
                {
                  "Node Type": "Seq Scan",
                  "Parent Relationship": "Outer",
                  "Parallel Aware": true,
                  "Relation Name": "cast_info",
                  "Alias": "ci",
                  "Startup Cost": 0.0,
                  "Total Cost": 343316.27,
                  "Plan Rows": 1586060,
                  "Plan Width": 0,
                  "Actual Startup Time": 239.33,
                  "Actual Total Time": 620.089,
                  "Actual Rows": 838415,
                  "Actual Loops": 7,
                  "Filter": "((person_id > 1939240) AND (role_id < 3))",
                  "Rows Removed by Filter": 4339349
                }
              ]
            }
          ]
        }
      ]
    },
    "Planning Time": 0.135,
    "Triggers": [],
    "Execution Time": 716.777
  }
]