[
    {
        "Bao": {
            "Bao prediction": "NaN",
            "Bao recommended hint": "(no hint)"
        }
    },
    {
        "Plan": {
            "Node Type": "Aggregate",
            "Strategy": "Plain",
            "Partial Mode": "Finalize",
            "Parallel Aware": false,
            "Startup Cost": 77128.13,
            "Total Cost": 77128.14,
            "Plan Rows": 1,
            "Plan Width": 8,
            "Actual Startup Time": 166.398,
            "Actual Total Time": 180.407,
            "Actual Rows": 1,
            "Actual Loops": 1,
            "Output": [
                "count(*)"
            ],
            "Plans": [
                {
                    "Node Type": "Gather",
                    "Parent Relationship": "Outer",
                    "Parallel Aware": false,
                    "Startup Cost": 77127.71,
                    "Total Cost": 77128.12,
                    "Plan Rows": 4,
                    "Plan Width": 8,
                    "Actual Startup Time": 165.418,
                    "Actual Total Time": 180.398,
                    "Actual Rows": 5,
                    "Actual Loops": 1,
                    "Output": [
                        "(PARTIAL count(*))"
                    ],
                    "Workers Planned": 4,
                    "Workers Launched": 4,
                    "Single Copy": false,
                    "Plans": [
                        {
                            "Node Type": "Aggregate",
                            "Strategy": "Plain",
                            "Partial Mode": "Partial",
                            "Parent Relationship": "Outer",
                            "Parallel Aware": false,
                            "Startup Cost": 76127.71,
                            "Total Cost": 76127.72,
                            "Plan Rows": 1,
                            "Plan Width": 8,
                            "Actual Startup Time": 155.005,
                            "Actual Total Time": 155.043,
                            "Actual Rows": 1,
                            "Actual Loops": 5,
                            "Output": [
                                "PARTIAL count(*)"
                            ],
                            "Workers": [
                                {
                                    "Worker Number": 0,
                                    "Actual Startup Time": 152.573,
                                    "Actual Total Time": 152.576,
                                    "Actual Rows": 1,
                                    "Actual Loops": 1
                                },
                                {
                                    "Worker Number": 1,
                                    "Actual Startup Time": 152.434,
                                    "Actual Total Time": 152.437,
                                    "Actual Rows": 1,
                                    "Actual Loops": 1
                                },
                                {
                                    "Worker Number": 2,
                                    "Actual Startup Time": 152.646,
                                    "Actual Total Time": 152.649,
                                    "Actual Rows": 1,
                                    "Actual Loops": 1
                                },
                                {
                                    "Worker Number": 3,
                                    "Actual Startup Time": 152.64,
                                    "Actual Total Time": 152.642,
                                    "Actual Rows": 1,
                                    "Actual Loops": 1
                                }
                            ],
                            "Plans": [
                                {
                                    "Node Type": "Nested Loop",
                                    "Parent Relationship": "Outer",
                                    "Parallel Aware": false,
                                    "Join Type": "Inner",
                                    "Startup Cost": 22474.08,
                                    "Total Cost": 76101.34,
                                    "Plan Rows": 10550,
                                    "Plan Width": 0,
                                    "Actual Startup Time": 50.727,
                                    "Actual Total Time": 153.694,
                                    "Actual Rows": 17083,
                                    "Actual Loops": 5,
                                    "Inner Unique": false,
                                    "Workers": [
                                        {
                                            "Worker Number": 0,
                                            "Actual Startup Time": 48.208,
                                            "Actual Total Time": 151.223,
                                            "Actual Rows": 14494,
                                            "Actual Loops": 1
                                        },
                                        {
                                            "Worker Number": 1,
                                            "Actual Startup Time": 48.264,
                                            "Actual Total Time": 150.92,
                                            "Actual Rows": 14831,
                                            "Actual Loops": 1
                                        },
                                        {
                                            "Worker Number": 2,
                                            "Actual Startup Time": 48.32,
                                            "Actual Total Time": 151.278,
                                            "Actual Rows": 14259,
                                            "Actual Loops": 1
                                        },
                                        {
                                            "Worker Number": 3,
                                            "Actual Startup Time": 48.354,
                                            "Actual Total Time": 151.317,
                                            "Actual Rows": 14179,
                                            "Actual Loops": 1
                                        }
                                    ],
                                    "Plans": [
                                        {
                                            "Node Type": "Hash Join",
                                            "Parent Relationship": "Outer",
                                            "Parallel Aware": true,
                                            "Join Type": "Inner",
                                            "Startup Cost": 22473.51,
                                            "Total Cost": 66521.0,
                                            "Plan Rows": 736,
                                            "Plan Width": 8,
                                            "Actual Startup Time": 50.637,
                                            "Actual Total Time": 112.554,
                                            "Actual Rows": 440,
                                            "Actual Loops": 5,
                                            "Output": [
                                                "t.id",
                                                "mc.movie_id"
                                            ],
                                            "Inner Unique": false,
                                            "Hash Cond": "(t.id = mc.movie_id)",
                                            "Workers": [
                                                {
                                                    "Worker Number": 0,
                                                    "Actual Startup Time": 48.115,
                                                    "Actual Total Time": 107.117,
                                                    "Actual Rows": 381,
                                                    "Actual Loops": 1
                                                },
                                                {
                                                    "Worker Number": 1,
                                                    "Actual Startup Time": 48.148,
                                                    "Actual Total Time": 103.311,
                                                    "Actual Rows": 379,
                                                    "Actual Loops": 1
                                                },
                                                {
                                                    "Worker Number": 2,
                                                    "Actual Startup Time": 48.203,
                                                    "Actual Total Time": 106.823,
                                                    "Actual Rows": 382,
                                                    "Actual Loops": 1
                                                },
                                                {
                                                    "Worker Number": 3,
                                                    "Actual Startup Time": 48.256,
                                                    "Actual Total Time": 108.84,
                                                    "Actual Rows": 355,
                                                    "Actual Loops": 1
                                                }
                                            ],
                                            "Plans": [
                                                {
                                                    "Node Type": "Seq Scan",
                                                    "Parent Relationship": "Outer",
                                                    "Parallel Aware": true,
                                                    "Relation Name": "title",
                                                    "Schema": "public",
                                                    "Alias": "t",
                                                    "Startup Cost": 0.0,
                                                    "Total Cost": 43899.01,
                                                    "Plan Rows": 29223,
                                                    "Plan Width": 4,
                                                    "Actual Startup Time": 0.018,
                                                    "Actual Total Time": 54.144,
                                                    "Actual Rows": 23913,
                                                    "Actual Loops": 5,
                                                    "Output": [
                                                        "t.id",
                                                        "t.title",
                                                        "t.imdb_index",
                                                        "t.kind_id",
                                                        "t.production_year",
                                                        "t.imdb_id",
                                                        "t.phonetic_code",
                                                        "t.episode_of_id",
                                                        "t.season_nr",
                                                        "t.episode_nr",
                                                        "t.series_years",
                                                        "t.md5sum"
                                                    ],
                                                    "Filter": "(t.production_year = 2007)",
                                                    "Rows Removed by Filter": 481749,
                                                    "Workers": [
                                                        {
                                                            "Worker Number": 0,
                                                            "Actual Startup Time": 0.028,
                                                            "Actual Total Time": 52.065,
                                                            "Actual Rows": 20266,
                                                            "Actual Loops": 1
                                                        },
                                                        {
                                                            "Worker Number": 1,
                                                            "Actual Startup Time": 0.023,
                                                            "Actual Total Time": 48.629,
                                                            "Actual Rows": 18991,
                                                            "Actual Loops": 1
                                                        },
                                                        {
                                                            "Worker Number": 2,
                                                            "Actual Startup Time": 0.012,
                                                            "Actual Total Time": 51.5,
                                                            "Actual Rows": 20517,
                                                            "Actual Loops": 1
                                                        },
                                                        {
                                                            "Worker Number": 3,
                                                            "Actual Startup Time": 0.019,
                                                            "Actual Total Time": 53.4,
                                                            "Actual Rows": 21555,
                                                            "Actual Loops": 1
                                                        }
                                                    ]
                                                },
                                                {
                                                    "Node Type": "Hash",
                                                    "Parent Relationship": "Inner",
                                                    "Parallel Aware": true,
                                                    "Startup Cost": 22216.82,
                                                    "Total Cost": 22216.82,
                                                    "Plan Rows": 20535,
                                                    "Plan Width": 4,
                                                    "Actual Startup Time": 49.975,
                                                    "Actual Total Time": 49.977,
                                                    "Actual Rows": 22253,
                                                    "Actual Loops": 5,
                                                    "Output": [
                                                        "mc.movie_id"
                                                    ],
                                                    "Hash Buckets": 131072,
                                                    "Original Hash Buckets": 65536,
                                                    "Hash Batches": 1,
                                                    "Original Hash Batches": 1,
                                                    "Peak Memory Usage": 5952,
                                                    "Workers": [
                                                        {
                                                            "Worker Number": 0,
                                                            "Actual Startup Time": 47.603,
                                                            "Actual Total Time": 47.604,
                                                            "Actual Rows": 16199,
                                                            "Actual Loops": 1
                                                        },
                                                        {
                                                            "Worker Number": 1,
                                                            "Actual Startup Time": 47.551,
                                                            "Actual Total Time": 47.552,
                                                            "Actual Rows": 15153,
                                                            "Actual Loops": 1
                                                        },
                                                        {
                                                            "Worker Number": 2,
                                                            "Actual Startup Time": 47.73,
                                                            "Actual Total Time": 47.731,
                                                            "Actual Rows": 16271,
                                                            "Actual Loops": 1
                                                        },
                                                        {
                                                            "Worker Number": 3,
                                                            "Actual Startup Time": 47.754,
                                                            "Actual Total Time": 47.755,
                                                            "Actual Rows": 16012,
                                                            "Actual Loops": 1
                                                        }
                                                    ],
                                                    "Plans": [
                                                        {
                                                            "Node Type": "Bitmap Heap Scan",
                                                            "Parent Relationship": "Outer",
                                                            "Parallel Aware": true,
                                                            "Relation Name": "movie_companies",
                                                            "Schema": "public",
                                                            "Alias": "mc",
                                                            "Startup Cost": 2798.4,
                                                            "Total Cost": 22216.82,
                                                            "Plan Rows": 20535,
                                                            "Plan Width": 4,
                                                            "Actual Startup Time": 8.523,
                                                            "Actual Total Time": 36.23,
                                                            "Actual Rows": 22253,
                                                            "Actual Loops": 5,
                                                            "Output": [
                                                                "mc.movie_id"
                                                            ],
                                                            "Recheck Cond": "(mc.company_id < 27)",
                                                            "Rows Removed by Index Recheck": 0,
                                                            "Filter": "(mc.company_type_id = 1)",
                                                            "Rows Removed by Filter": 4708,
                                                            "Exact Heap Blocks": 5314,
                                                            "Lossy Heap Blocks": 0,
                                                            "Workers": [
                                                                {
                                                                    "Worker Number": 0,
                                                                    "Actual Startup Time": 6.151,
                                                                    "Actual Total Time": 34.732,
                                                                    "Actual Rows": 16199,
                                                                    "Actual Loops": 1
                                                                },
                                                                {
                                                                    "Worker Number": 1,
                                                                    "Actual Startup Time": 6.242,
                                                                    "Actual Total Time": 35.14,
                                                                    "Actual Rows": 15153,
                                                                    "Actual Loops": 1
                                                                },
                                                                {
                                                                    "Worker Number": 2,
                                                                    "Actual Startup Time": 6.337,
                                                                    "Actual Total Time": 34.814,
                                                                    "Actual Rows": 16271,
                                                                    "Actual Loops": 1
                                                                },
                                                                {
                                                                    "Worker Number": 3,
                                                                    "Actual Startup Time": 6.262,
                                                                    "Actual Total Time": 34.757,
                                                                    "Actual Rows": 16012,
                                                                    "Actual Loops": 1
                                                                }
                                                            ],
                                                            "Plans": [
                                                                {
                                                                    "Node Type": "Bitmap Index Scan",
                                                                    "Parent Relationship": "Outer",
                                                                    "Parallel Aware": false,
                                                                    "Index Name": "company_id_movie_companies",
                                                                    "Startup Cost": 0.0,
                                                                    "Total Cost": 2782.48,
                                                                    "Plan Rows": 129874,
                                                                    "Plan Width": 0,
                                                                    "Actual Startup Time": 14.325,
                                                                    "Actual Total Time": 14.325,
                                                                    "Actual Rows": 134807,
                                                                    "Actual Loops": 1,
                                                                    "Index Cond": "(mc.company_id < 27)"
                                                                }
                                                            ]
                                                        }
                                                    ]
                                                }
                                            ]
                                        },
                                        {
                                            "Node Type": "Index Only Scan",
                                            "Parent Relationship": "Inner",
                                            "Parallel Aware": false,
                                            "Scan Direction": "Forward",
                                            "Index Name": "movie_id_cast_info",
                                            "Relation Name": "cast_info",
                                            "Schema": "public",
                                            "Alias": "ci",
                                            "Startup Cost": 0.56,
                                            "Total Cost": 12.64,
                                            "Plan Rows": 38,
                                            "Plan Width": 4,
                                            "Actual Startup Time": 0.014,
                                            "Actual Total Time": 0.09,
                                            "Actual Rows": 39,
                                            "Actual Loops": 2199,
                                            "Output": [
                                                "ci.movie_id"
                                            ],
                                            "Index Cond": "(ci.movie_id = t.id)",
                                            "Rows Removed by Index Recheck": 0,
                                            "Heap Fetches": 85416,
                                            "Workers": [
                                                {
                                                    "Worker Number": 0,
                                                    "Actual Startup Time": 0.018,
                                                    "Actual Total Time": 0.111,
                                                    "Actual Rows": 38,
                                                    "Actual Loops": 381
                                                },
                                                {
                                                    "Worker Number": 1,
                                                    "Actual Startup Time": 0.018,
                                                    "Actual Total Time": 0.121,
                                                    "Actual Rows": 39,
                                                    "Actual Loops": 379
                                                },
                                                {
                                                    "Worker Number": 2,
                                                    "Actual Startup Time": 0.017,
                                                    "Actual Total Time": 0.112,
                                                    "Actual Rows": 37,
                                                    "Actual Loops": 382
                                                },
                                                {
                                                    "Worker Number": 3,
                                                    "Actual Startup Time": 0.018,
                                                    "Actual Total Time": 0.115,
                                                    "Actual Rows": 40,
                                                    "Actual Loops": 355
                                                }
                                            ]
                                        }
                                    ]
                                }
                            ]
                        }
                    ]
                }
            ]
        },
        "Planning Time": 216.528,
        "Triggers": [],
        "Execution Time": 180.548
    }
]