{
    "Plan": {
        "Node Type": "Aggregate",
        "Strategy": "Plain",
        "Partial Mode": "Finalize",
        "Parallel Aware": false,
        "Startup Cost": 101910.51,
        "Total Cost": 101910.52,
        "Plan Rows": 1,
        "Plan Width": 8,
        "Actual Startup Time": 492.159,
        "Actual Total Time": 514.689,
        "Actual Rows": 1,
        "Actual Loops": 1,
        "Output": [
            "count(*)"
        ],
        "Plans": [
            {
                "Node Type": "Gather",
                "Parent Relationship": "Outer",
                "Parallel Aware": false,
                "Startup Cost": 101910.3,
                "Total Cost": 101910.51,
                "Plan Rows": 2,
                "Plan Width": 8,
                "Actual Startup Time": 490.07,
                "Actual Total Time": 514.678,
                "Actual Rows": 3,
                "Actual Loops": 1,
                "Output": [
                    "(PARTIAL count(*))"
                ],
                "Workers Planned": 2,
                "Workers Launched": 2,
                "Single Copy": false,
                "Plans": [
                    {
                        "Node Type": "Aggregate",
                        "Strategy": "Plain",
                        "Partial Mode": "Partial",
                        "Parent Relationship": "Outer",
                        "Parallel Aware": false,
                        "Startup Cost": 100910.3,
                        "Total Cost": 100910.31,
                        "Plan Rows": 1,
                        "Plan Width": 8,
                        "Actual Startup Time": 481.59,
                        "Actual Total Time": 481.596,
                        "Actual Rows": 1,
                        "Actual Loops": 3,
                        "Output": [
                            "PARTIAL count(*)"
                        ],
                        "Workers": [
                            {
                                "Worker Number": 0,
                                "Actual Startup Time": 477.713,
                                "Actual Total Time": 477.717,
                                "Actual Rows": 1,
                                "Actual Loops": 1
                            },
                            {
                                "Worker Number": 1,
                                "Actual Startup Time": 477.882,
                                "Actual Total Time": 477.887,
                                "Actual Rows": 1,
                                "Actual Loops": 1
                            }
                        ],
                        "Plans": [
                            {
                                "Node Type": "Hash Join",
                                "Parent Relationship": "Outer",
                                "Parallel Aware": true,
                                "Join Type": "Inner",
                                "Startup Cost": 87049.94,
                                "Total Cost": 100790.82,
                                "Plan Rows": 47789,
                                "Plan Width": 0,
                                "Actual Startup Time": 353.698,
                                "Actual Total Time": 480.245,
                                "Actual Rows": 16129,
                                "Actual Loops": 3,
                                "Inner Unique": true,
                                "Hash Cond": "(mi_idx.movie_id = t.id)",
                                "Workers": [
                                    {
                                        "Worker Number": 0,
                                        "Actual Startup Time": 350.568,
                                        "Actual Total Time": 476.313,
                                        "Actual Rows": 14877,
                                        "Actual Loops": 1
                                    },
                                    {
                                        "Worker Number": 1,
                                        "Actual Startup Time": 349.584,
                                        "Actual Total Time": 476.689,
                                        "Actual Rows": 17521,
                                        "Actual Loops": 1
                                    }
                                ],
                                "Plans": [
                                    {
                                        "Node Type": "Bitmap Heap Scan",
                                        "Parent Relationship": "Outer",
                                        "Parallel Aware": true,
                                        "Relation Name": "movie_info_idx",
                                        "Schema": "public",
                                        "Alias": "mi_idx",
                                        "Startup Cost": 16660.23,
                                        "Total Cost": 29393.49,
                                        "Plan Rows": 383860,
                                        "Plan Width": 4,
                                        "Actual Startup Time": 50.775,
                                        "Actual Total Time": 115.602,
                                        "Actual Rows": 306703,
                                        "Actual Loops": 3,
                                        "Output": [
                                            "mi_idx.id",
                                            "mi_idx.movie_id",
                                            "mi_idx.info_type_id",
                                            "mi_idx.info",
                                            "mi_idx.note"
                                        ],
                                        "Recheck Cond": "(mi_idx.info_type_id > 99)",
                                        "Rows Removed by Index Recheck": 0,
                                        "Exact Heap Blocks": 2615,
                                        "Lossy Heap Blocks": 0,
                                        "Workers": [
                                            {
                                                "Worker Number": 0,
                                                "Actual Startup Time": 50.822,
                                                "Actual Total Time": 115.464,
                                                "Actual Rows": 303168,
                                                "Actual Loops": 1
                                            },
                                            {
                                                "Worker Number": 1,
                                                "Actual Startup Time": 50.634,
                                                "Actual Total Time": 115.557,
                                                "Actual Rows": 313763,
                                                "Actual Loops": 1
                                            }
                                        ],
                                        "Plans": [
                                            {
                                                "Node Type": "Bitmap Index Scan",
                                                "Parent Relationship": "Outer",
                                                "Parallel Aware": false,
                                                "Index Name": "info_type_id_movie_info_idx",
                                                "Startup Cost": 0.0,
                                                "Total Cost": 16429.92,
                                                "Plan Rows": 921265,
                                                "Plan Width": 0,
                                                "Actual Startup Time": 48.866,
                                                "Actual Total Time": 48.867,
                                                "Actual Rows": 920110,
                                                "Actual Loops": 1,
                                                "Index Cond": "(mi_idx.info_type_id > 99)",
                                                "Workers": [
                                                    {
                                                        "Worker Number": 1,
                                                        "Actual Startup Time": 48.866,
                                                        "Actual Total Time": 48.867,
                                                        "Actual Rows": 920110,
                                                        "Actual Loops": 1
                                                    }
                                                ]
                                            }
                                        ]
                                    },
                                    {
                                        "Node Type": "Hash",
                                        "Parent Relationship": "Inner",
                                        "Parallel Aware": true,
                                        "Startup Cost": 69406.07,
                                        "Total Cost": 69406.07,
                                        "Plan Rows": 78691,
                                        "Plan Width": 4,
                                        "Actual Startup Time": 298.809,
                                        "Actual Total Time": 298.81,
                                        "Actual Rows": 67549,
                                        "Actual Loops": 3,
                                        "Output": [
                                            "t.id"
                                        ],
                                        "Hash Buckets": 524288,
                                        "Original Hash Buckets": 524288,
                                        "Hash Batches": 1,
                                        "Original Hash Batches": 1,
                                        "Peak Memory Usage": 12064,
                                        "Workers": [
                                            {
                                                "Worker Number": 0,
                                                "Actual Startup Time": 297.928,
                                                "Actual Total Time": 297.929,
                                                "Actual Rows": 66867,
                                                "Actual Loops": 1
                                            },
                                            {
                                                "Worker Number": 1,
                                                "Actual Startup Time": 298.268,
                                                "Actual Total Time": 298.269,
                                                "Actual Rows": 61787,
                                                "Actual Loops": 1
                                            }
                                        ],
                                        "Plans": [
                                            {
                                                "Node Type": "Bitmap Heap Scan",
                                                "Parent Relationship": "Outer",
                                                "Parallel Aware": true,
                                                "Relation Name": "title",
                                                "Schema": "public",
                                                "Alias": "t",
                                                "Startup Cost": 27614.42,
                                                "Total Cost": 69406.07,
                                                "Plan Rows": 78691,
                                                "Plan Width": 4,
                                                "Actual Startup Time": 95.11,
                                                "Actual Total Time": 267.784,
                                                "Actual Rows": 67549,
                                                "Actual Loops": 3,
                                                "Output": [
                                                    "t.id"
                                                ],
                                                "Recheck Cond": "(t.kind_id > 4)",
                                                "Rows Removed by Index Recheck": 0,
                                                "Filter": "(t.production_year < 1980)",
                                                "Rows Removed by Filter": 451072,
                                                "Exact Heap Blocks": 11862,
                                                "Lossy Heap Blocks": 0,
                                                "Workers": [
                                                    {
                                                        "Worker Number": 0,
                                                        "Actual Startup Time": 94.391,
                                                        "Actual Total Time": 266.85,
                                                        "Actual Rows": 66867,
                                                        "Actual Loops": 1
                                                    },
                                                    {
                                                        "Worker Number": 1,
                                                        "Actual Startup Time": 94.565,
                                                        "Actual Total Time": 267.395,
                                                        "Actual Rows": 61787,
                                                        "Actual Loops": 1
                                                    }
                                                ],
                                                "Plans": [
                                                    {
                                                        "Node Type": "Bitmap Index Scan",
                                                        "Parent Relationship": "Outer",
                                                        "Parallel Aware": false,
                                                        "Index Name": "kind_id_title",
                                                        "Startup Cost": 0.0,
                                                        "Total Cost": 27535.73,
                                                        "Plan Rows": 1544973,
                                                        "Plan Width": 0,
                                                        "Actual Startup Time": 88.153,
                                                        "Actual Total Time": 88.153,
                                                        "Actual Rows": 1555864,
                                                        "Actual Loops": 1,
                                                        "Index Cond": "(t.kind_id > 4)"
                                                    }
                                                ]
                                            }
                                        ]
                                    }
                                ]
                            }
                        ]
                    }
                ]
            }
        ]
    },
    "Planning Time": 2.869,
    "Triggers": [],
    "Execution Time": 515.129
}