[
  {
    "Plan": {
      "Node Type": "Aggregate",
      "Strategy": "Plain",
      "Partial Mode": "Finalize",
      "Parallel Aware": false,
      "Startup Cost": 45709.46,
      "Total Cost": 45709.47,
      "Plan Rows": 1,
      "Plan Width": 8,
      "Actual Startup Time": 136.416,
      "Actual Total Time": 145.492,
      "Actual Rows": 1,
      "Actual Loops": 1,
      "Plans": [
        {
          "Node Type": "Gather",
          "Parent Relationship": "Outer",
          "Parallel Aware": false,
          "Startup Cost": 45709.14,
          "Total Cost": 45709.45,
          "Plan Rows": 3,
          "Plan Width": 8,
          "Actual Startup Time": 136.285,
          "Actual Total Time": 145.483,
          "Actual Rows": 4,
          "Actual Loops": 1,
          "Workers Planned": 3,
          "Workers Launched": 3,
          "Single Copy": false,
          "Plans": [
            {
              "Node Type": "Aggregate",
              "Strategy": "Plain",
              "Partial Mode": "Partial",
              "Parent Relationship": "Outer",
              "Parallel Aware": false,
              "Startup Cost": 44709.14,
              "Total Cost": 44709.15,
              "Plan Rows": 1,
              "Plan Width": 8,
              "Actual Startup Time": 131.383,
              "Actual Total Time": 131.385,
              "Actual Rows": 1,
              "Actual Loops": 4,
              "Plans": [
                {
                  "Node Type": "Seq Scan",
                  "Parent Relationship": "Outer",
                  "Parallel Aware": true,
                  "Relation Name": "movie_keyword",
                  "Alias": "mk",
                  "Startup Cost": 0.0,
                  "Total Cost": 42695.65,
                  "Plan Rows": 805395,
                  "Plan Width": 0,
                  "Actual Startup Time": 0.036,
                  "Actual Total Time": 105.443,
                  "Actual Rows": 627389,
                  "Actual Loops": 4,
                  "Filter": "(keyword_id < 6184)",
                  "Rows Removed by Filter": 503594
                }
              ]
            }
          ]
        }
      ]
    },
    "Planning Time": 0.182,
    "Triggers": [],
    "Execution Time": 145.543
  }
]