{
  "Plan": {
    "Node Type": "Aggregate",
    "Strategy": "Plain",
    "Partial Mode": "Finalize",
    "Parallel Aware": false,
    "Startup Cost": 87156.25,
    "Total Cost": 87156.26,
    "Plan Rows": 1,
    "Plan Width": 8,
    "Actual Startup Time": 317.116,
    "Actual Total Time": 325.903,
    "Actual Rows": 1,
    "Actual Loops": 1,
    "Plans": [
      {
        "Node Type": "Gather",
        "Parent Relationship": "Outer",
        "Parallel Aware": false,
        "Startup Cost": 87156.13,
        "Total Cost": 87156.24,
        "Plan Rows": 1,
        "Plan Width": 8,
        "Actual Startup Time": 316.962,
        "Actual Total Time": 325.895,
        "Actual Rows": 2,
        "Actual Loops": 1,
        "Workers Planned": 1,
        "Workers Launched": 1,
        "Single Copy": false,
        "Plans": [
          {
            "Node Type": "Aggregate",
            "Strategy": "Plain",
            "Partial Mode": "Partial",
            "Parent Relationship": "Outer",
            "Parallel Aware": false,
            "Startup Cost": 86156.13,
            "Total Cost": 86156.14,
            "Plan Rows": 1,
            "Plan Width": 8,
            "Actual Startup Time": 312.823,
            "Actual Total Time": 312.828,
            "Actual Rows": 1,
            "Actual Loops": 2,
            "Plans": [
              {
                "Node Type": "Hash Join",
                "Parent Relationship": "Outer",
                "Parallel Aware": true,
                "Join Type": "Inner",
                "Startup Cost": 25086.6,
                "Total Cost": 86148.7,
                "Plan Rows": 2975,
                "Plan Width": 0,
                "Actual Startup Time": 25.38,
                "Actual Total Time": 312.529,
                "Actual Rows": 6158,
                "Actual Loops": 2,
                "Inner Unique": false,
                "Hash Cond": "(mk.movie_id = t.id)",
                "Plans": [
                  {
                    "Node Type": "Seq Scan",
                    "Parent Relationship": "Outer",
                    "Parallel Aware": true,
                    "Relation Name": "movie_keyword",
                    "Alias": "mk",
                    "Startup Cost": 0.0,
                    "Total Cost": 51065.35,
                    "Plan Rows": 2661135,
                    "Plan Width": 4,
                    "Actual Startup Time": 0.008,
                    "Actual Total Time": 145.657,
                    "Actual Rows": 2261965,
                    "Actual Loops": 2
                  },
                  {
                    "Node Type": "Hash",
                    "Parent Relationship": "Inner",
                    "Parallel Aware": true,
                    "Startup Cost": 25065.82,
                    "Total Cost": 25065.82,
                    "Plan Rows": 1662,
                    "Plan Width": 8,
                    "Actual Startup Time": 24.451,
                    "Actual Total Time": 24.454,
                    "Actual Rows": 1212,
                    "Actual Loops": 2,
                    "Hash Buckets": 4096,
                    "Original Hash Buckets": 4096,
                    "Hash Batches": 1,
                    "Original Hash Batches": 1,
                    "Peak Memory Usage": 160,
                    "Plans": [
                      {
                        "Node Type": "Nested Loop",
                        "Parent Relationship": "Outer",
                        "Parallel Aware": false,
                        "Join Type": "Inner",
                        "Startup Cost": 123.31,
                        "Total Cost": 25065.82,
                        "Plan Rows": 1662,
                        "Plan Width": 8,
                        "Actual Startup Time": 5.057,
                        "Actual Total Time": 23.667,
                        "Actual Rows": 1212,
                        "Actual Loops": 2,
                        "Inner Unique": true,
                        "Plans": [
                          {
                            "Node Type": "Bitmap Heap Scan",
                            "Parent Relationship": "Outer",
                            "Parallel Aware": true,
                            "Relation Name": "movie_companies",
                            "Alias": "mc",
                            "Startup Cost": 122.88,
                            "Total Cost": 12176.42,
                            "Plan Rows": 1662,
                            "Plan Width": 4,
                            "Actual Startup Time": 4.916,
                            "Actual Total Time": 8.25,
                            "Actual Rows": 1212,
                            "Actual Loops": 2,
                            "Recheck Cond": "(company_id = 73)",
                            "Rows Removed by Index Recheck": 0,
                            "Filter": "(company_type_id = 2)",
                            "Rows Removed by Filter": 1627,
                            "Exact Heap Blocks": 2259,
                            "Lossy Heap Blocks": 0,
                            "Plans": [
                              {
                                "Node Type": "Bitmap Index Scan",
                                "Parent Relationship": "Outer",
                                "Parallel Aware": false,
                                "Index Name": "company_id_movie_companies",
                                "Startup Cost": 0.0,
                                "Total Cost": 122.18,
                                "Plan Rows": 5566,
                                "Plan Width": 0,
                                "Actual Startup Time": 1.908,
                                "Actual Total Time": 1.908,
                                "Actual Rows": 5677,
                                "Actual Loops": 1,
                                "Index Cond": "(company_id = 73)"
                              }
                            ]
                          },
                          {
                            "Node Type": "Index Only Scan",
                            "Parent Relationship": "Inner",
                            "Parallel Aware": false,
                            "Scan Direction": "Forward",
                            "Index Name": "title_pkey",
                            "Relation Name": "title",
                            "Alias": "t",
                            "Startup Cost": 0.43,
                            "Total Cost": 7.76,
                            "Plan Rows": 1,
                            "Plan Width": 4,
                            "Actual Startup Time": 0.012,
                            "Actual Total Time": 0.012,
                            "Actual Rows": 1,
                            "Actual Loops": 2423,
                            "Index Cond": "(id = mc.movie_id)",
                            "Rows Removed by Index Recheck": 0,
                            "Heap Fetches": 2423
                          }
                        ]
                      }
                    ]
                  }
                ]
              }
            ]
          }
        ]
      }
    ]
  },
  "Planning Time": 1.094,
  "Triggers": [],
  "Execution Time": 326.004
}