[
  {
    "Plan": {
      "Node Type": "Aggregate",
      "Strategy": "Plain",
      "Partial Mode": "Finalize",
      "Parallel Aware": false,
      "Startup Cost": 379590.45,
      "Total Cost": 379590.46,
      "Plan Rows": 1,
      "Plan Width": 8,
      "Actual Startup Time": 909.761,
      "Actual Total Time": 971.161,
      "Actual Rows": 1,
      "Actual Loops": 1,
      "Plans": [
        {
          "Node Type": "Gather",
          "Parent Relationship": "Outer",
          "Parallel Aware": false,
          "Startup Cost": 379589.83,
          "Total Cost": 379590.44,
          "Plan Rows": 6,
          "Plan Width": 8,
          "Actual Startup Time": 898.047,
          "Actual Total Time": 971.149,
          "Actual Rows": 7,
          "Actual Loops": 1,
          "Workers Planned": 6,
          "Workers Launched": 6,
          "Single Copy": false,
          "Plans": [
            {
              "Node Type": "Aggregate",
              "Strategy": "Plain",
              "Partial Mode": "Partial",
              "Parent Relationship": "Outer",
              "Parallel Aware": false,
              "Startup Cost": 378589.83,
              "Total Cost": 378589.84,
              "Plan Rows": 1,
              "Plan Width": 8,
              "Actual Startup Time": 883.584,
              "Actual Total Time": 883.587,
              "Actual Rows": 1,
              "Actual Loops": 7,
              "Plans": [
                {
                  "Node Type": "Hash Join",
                  "Parent Relationship": "Outer",
                  "Parallel Aware": true,
                  "Join Type": "Inner",
                  "Startup Cost": 48234.38,
                  "Total Cost": 377836.98,
                  "Plan Rows": 301138,
                  "Plan Width": 0,
                  "Actual Startup Time": 595.042,
                  "Actual Total Time": 868.301,
                  "Actual Rows": 316825,
                  "Actual Loops": 7,
                  "Inner Unique": true,
                  "Hash Cond": "(ci.movie_id = t.id)",
                  "Plans": [
                    {
                      "Node Type": "Seq Scan",
                      "Parent Relationship": "Outer",
                      "Parallel Aware": true,
                      "Relation Name": "cast_info",
                      "Alias": "ci",
                      "Startup Cost": 0.0,
                      "Total Cost": 328162.03,
                      "Plan Rows": 548793,
                      "Plan Width": 4,
                      "Actual Startup Time": 414.832,
                      "Actual Total Time": 520.622,
                      "Actual Rows": 452842,
                      "Actual Loops": 7,
                      "Filter": "(person_id > 3477958)",
                      "Rows Removed by Filter": 4724922
                    },
                    {
                      "Node Type": "Hash",
                      "Parent Relationship": "Inner",
                      "Parallel Aware": true,
                      "Startup Cost": 43898.92,
                      "Total Cost": 43898.92,
                      "Plan Rows": 346837,
                      "Plan Width": 4,
                      "Actual Startup Time": 175.476,
                      "Actual Total Time": 175.477,
                      "Actual Rows": 197350,
                      "Actual Loops": 7,
                      "Hash Buckets": 2097152,
                      "Original Hash Buckets": 2097152,
                      "Hash Batches": 1,
                      "Original Hash Batches": 1,
                      "Peak Memory Usage": 70528,
                      "Plans": [
                        {
                          "Node Type": "Seq Scan",
                          "Parent Relationship": "Outer",
                          "Parallel Aware": true,
                          "Relation Name": "title",
                          "Alias": "t",
                          "Startup Cost": 0.0,
                          "Total Cost": 43898.92,
                          "Plan Rows": 346837,
                          "Plan Width": 4,
                          "Actual Startup Time": 0.039,
                          "Actual Total Time": 81.238,
                          "Actual Rows": 197350,
                          "Actual Loops": 7,
                          "Filter": "(production_year > 2000)",
                          "Rows Removed by Filter": 163837
                        }
                      ]
                    }
                  ]
                }
              ]
            }
          ]
        }
      ]
    },
    "Planning Time": 0.611,
    "Triggers": [],
    "Execution Time": 971.248
  }
]