[
    {
        "Bao": {
            "Bao prediction": "NaN",
            "Bao recommended hint": "(no hint)"
        }
    },
    {
        "Plan": {
            "Node Type": "Aggregate",
            "Strategy": "Plain",
            "Partial Mode": "Finalize",
            "Parallel Aware": false,
            "Startup Cost": 32722.4,
            "Total Cost": 32722.41,
            "Plan Rows": 1,
            "Plan Width": 8,
            "Actual Startup Time": 73.951,
            "Actual Total Time": 77.883,
            "Actual Rows": 1,
            "Actual Loops": 1,
            "Output": [
                "count(*)"
            ],
            "Plans": [
                {
                    "Node Type": "Gather",
                    "Parent Relationship": "Outer",
                    "Parallel Aware": false,
                    "Startup Cost": 32722.08,
                    "Total Cost": 32722.39,
                    "Plan Rows": 3,
                    "Plan Width": 8,
                    "Actual Startup Time": 73.868,
                    "Actual Total Time": 77.877,
                    "Actual Rows": 4,
                    "Actual Loops": 1,
                    "Output": [
                        "(PARTIAL count(*))"
                    ],
                    "Workers Planned": 3,
                    "Workers Launched": 3,
                    "Single Copy": false,
                    "Plans": [
                        {
                            "Node Type": "Aggregate",
                            "Strategy": "Plain",
                            "Partial Mode": "Partial",
                            "Parent Relationship": "Outer",
                            "Parallel Aware": false,
                            "Startup Cost": 31722.08,
                            "Total Cost": 31722.09,
                            "Plan Rows": 1,
                            "Plan Width": 8,
                            "Actual Startup Time": 65.842,
                            "Actual Total Time": 65.843,
                            "Actual Rows": 1,
                            "Actual Loops": 4,
                            "Output": [
                                "PARTIAL count(*)"
                            ],
                            "Workers": [
                                {
                                    "Worker Number": 0,
                                    "Actual Startup Time": 63.167,
                                    "Actual Total Time": 63.168,
                                    "Actual Rows": 1,
                                    "Actual Loops": 1
                                },
                                {
                                    "Worker Number": 1,
                                    "Actual Startup Time": 63.317,
                                    "Actual Total Time": 63.318,
                                    "Actual Rows": 1,
                                    "Actual Loops": 1
                                },
                                {
                                    "Worker Number": 2,
                                    "Actual Startup Time": 63.269,
                                    "Actual Total Time": 63.269,
                                    "Actual Rows": 1,
                                    "Actual Loops": 1
                                }
                            ],
                            "Plans": [
                                {
                                    "Node Type": "Seq Scan",
                                    "Parent Relationship": "Outer",
                                    "Parallel Aware": true,
                                    "Relation Name": "movie_companies",
                                    "Schema": "public",
                                    "Alias": "mc",
                                    "Startup Cost": 0.0,
                                    "Total Cost": 31414.82,
                                    "Plan Rows": 122905,
                                    "Plan Width": 0,
                                    "Actual Startup Time": 19.606,
                                    "Actual Total Time": 64.849,
                                    "Actual Rows": 15955,
                                    "Actual Loops": 4,
                                    "Output": [
                                        "id",
                                        "movie_id",
                                        "company_id",
                                        "company_type_id",
                                        "note"
                                    ],
                                    "Filter": "((mc.company_id > 32794) AND (mc.company_type_id < 2))",
                                    "Rows Removed by Filter": 636327,
                                    "Workers": [
                                        {
                                            "Worker Number": 0,
                                            "Actual Startup Time": 16.949,
                                            "Actual Total Time": 62.221,
                                            "Actual Rows": 12483,
                                            "Actual Loops": 1
                                        },
                                        {
                                            "Worker Number": 1,
                                            "Actual Startup Time": 17.071,
                                            "Actual Total Time": 62.351,
                                            "Actual Rows": 12926,
                                            "Actual Loops": 1
                                        },
                                        {
                                            "Worker Number": 2,
                                            "Actual Startup Time": 17.045,
                                            "Actual Total Time": 62.32,
                                            "Actual Rows": 12843,
                                            "Actual Loops": 1
                                        }
                                    ]
                                }
                            ]
                        }
                    ]
                }
            ]
        },
        "Planning Time": 186.545,
        "Triggers": [],
        "Execution Time": 77.924
    }
]