{
  "Plan": {
    "Node Type": "Aggregate",
    "Strategy": "Plain",
    "Partial Mode": "Finalize",
    "Parallel Aware": false,
    "Startup Cost": 797965.2,
    "Total Cost": 797965.21,
    "Plan Rows": 1,
    "Plan Width": 8,
    "Actual Startup Time": 3527.666,
    "Actual Total Time": 3601.507,
    "Actual Rows": 1,
    "Actual Loops": 1,
    "Plans": [
      {
        "Node Type": "Gather",
        "Parent Relationship": "Outer",
        "Parallel Aware": false,
        "Startup Cost": 797965.09,
        "Total Cost": 797965.2,
        "Plan Rows": 1,
        "Plan Width": 8,
        "Actual Startup Time": 3522.975,
        "Actual Total Time": 3601.493,
        "Actual Rows": 2,
        "Actual Loops": 1,
        "Workers Planned": 1,
        "Workers Launched": 1,
        "Single Copy": false,
        "Plans": [
          {
            "Node Type": "Aggregate",
            "Strategy": "Plain",
            "Partial Mode": "Partial",
            "Parent Relationship": "Outer",
            "Parallel Aware": false,
            "Startup Cost": 796965.09,
            "Total Cost": 796965.1,
            "Plan Rows": 1,
            "Plan Width": 8,
            "Actual Startup Time": 3515.378,
            "Actual Total Time": 3515.966,
            "Actual Rows": 1,
            "Actual Loops": 2,
            "Plans": [
              {
                "Node Type": "Hash Join",
                "Parent Relationship": "Outer",
                "Parallel Aware": true,
                "Join Type": "Inner",
                "Startup Cost": 136470.14,
                "Total Cost": 780979.42,
                "Plan Rows": 6394269,
                "Plan Width": 0,
                "Actual Startup Time": 1073.023,
                "Actual Total Time": 3401.038,
                "Actual Rows": 2996232,
                "Actual Loops": 2,
                "Inner Unique": false,
                "Hash Cond": "(ci.movie_id = t.id)",
                "Plans": [
                  {
                    "Node Type": "Seq Scan",
                    "Parent Relationship": "Outer",
                    "Parallel Aware": true,
                    "Relation Name": "cast_info",
                    "Alias": "ci",
                    "Startup Cost": 0.0,
                    "Total Cost": 572345.93,
                    "Plan Rows": 9213331,
                    "Plan Width": 4,
                    "Actual Startup Time": 341.357,
                    "Actual Total Time": 1637.689,
                    "Actual Rows": 7092160,
                    "Actual Loops": 2,
                    "Filter": "((person_id > 1227884) AND (role_id < 4))",
                    "Rows Removed by Filter": 11030012
                  },
                  {
                    "Node Type": "Hash",
                    "Parent Relationship": "Inner",
                    "Parallel Aware": true,
                    "Startup Cost": 123567.96,
                    "Total Cost": 123567.96,
                    "Plan Rows": 1032174,
                    "Plan Width": 8,
                    "Actual Startup Time": 715.782,
                    "Actual Total Time": 716.368,
                    "Actual Rows": 218030,
                    "Actual Loops": 2,
                    "Hash Buckets": 2097152,
                    "Original Hash Buckets": 2097152,
                    "Hash Batches": 1,
                    "Original Hash Batches": 1,
                    "Peak Memory Usage": 33472,
                    "Plans": [
                      {
                        "Node Type": "Hash Join",
                        "Parent Relationship": "Outer",
                        "Parallel Aware": true,
                        "Join Type": "Inner",
                        "Startup Cost": 65517.12,
                        "Total Cost": 123567.96,
                        "Plan Rows": 1032174,
                        "Plan Width": 8,
                        "Actual Startup Time": 310.124,
                        "Actual Total Time": 671.945,
                        "Actual Rows": 218030,
                        "Actual Loops": 2,
                        "Inner Unique": true,
                        "Hash Cond": "(mk.movie_id = t.id)",
                        "Plans": [
                          {
                            "Node Type": "Seq Scan",
                            "Parent Relationship": "Outer",
                            "Parallel Aware": true,
                            "Relation Name": "movie_keyword",
                            "Alias": "mk",
                            "Startup Cost": 0.0,
                            "Total Cost": 51065.35,
                            "Plan Rows": 2661135,
                            "Plan Width": 4,
                            "Actual Startup Time": 0.013,
                            "Actual Total Time": 150.445,
                            "Actual Rows": 2261965,
                            "Actual Loops": 2
                          },
                          {
                            "Node Type": "Hash",
                            "Parent Relationship": "Inner",
                            "Parallel Aware": true,
                            "Startup Cost": 58306.47,
                            "Total Cost": 58306.47,
                            "Plan Rows": 576852,
                            "Plan Width": 4,
                            "Actual Startup Time": 306.121,
                            "Actual Total Time": 306.122,
                            "Actual Rows": 537246,
                            "Actual Loops": 2,
                            "Hash Buckets": 2097152,
                            "Original Hash Buckets": 1048576,
                            "Hash Batches": 1,
                            "Original Hash Batches": 1,
                            "Peak Memory Usage": 66624,
                            "Plans": [
                              {
                                "Node Type": "Seq Scan",
                                "Parent Relationship": "Outer",
                                "Parallel Aware": true,
                                "Relation Name": "title",
                                "Alias": "t",
                                "Startup Cost": 0.0,
                                "Total Cost": 58306.47,
                                "Plan Rows": 576852,
                                "Plan Width": 4,
                                "Actual Startup Time": 0.029,
                                "Actual Total Time": 159.605,
                                "Actual Rows": 537246,
                                "Actual Loops": 2,
                                "Filter": "((production_year > 1995) AND (kind_id = 7))",
                                "Rows Removed by Filter": 726910
                              }
                            ]
                          }
                        ]
                      }
                    ]
                  }
                ]
              }
            ]
          }
        ]
      }
    ]
  },
  "Planning Time": 0.96,
  "Triggers": [],
  "Execution Time": 3601.604
}