[
  {
    "Plan": {
      "Node Type": "Aggregate",
      "Strategy": "Plain",
      "Partial Mode": "Finalize",
      "Parallel Aware": false,
      "Startup Cost": 77258.79,
      "Total Cost": 77258.8,
      "Plan Rows": 1,
      "Plan Width": 8,
      "Actual Startup Time": 213.434,
      "Actual Total Time": 229.073,
      "Actual Rows": 1,
      "Actual Loops": 1,
      "Plans": [
        {
          "Node Type": "Gather",
          "Parent Relationship": "Outer",
          "Parallel Aware": false,
          "Startup Cost": 77258.47,
          "Total Cost": 77258.78,
          "Plan Rows": 3,
          "Plan Width": 8,
          "Actual Startup Time": 211.168,
          "Actual Total Time": 229.064,
          "Actual Rows": 4,
          "Actual Loops": 1,
          "Workers Planned": 3,
          "Workers Launched": 3,
          "Single Copy": false,
          "Plans": [
            {
              "Node Type": "Aggregate",
              "Strategy": "Plain",
              "Partial Mode": "Partial",
              "Parent Relationship": "Outer",
              "Parallel Aware": false,
              "Startup Cost": 76258.47,
              "Total Cost": 76258.48,
              "Plan Rows": 1,
              "Plan Width": 8,
              "Actual Startup Time": 204.511,
              "Actual Total Time": 204.514,
              "Actual Rows": 1,
              "Actual Loops": 4,
              "Plans": [
                {
                  "Node Type": "Hash Join",
                  "Parent Relationship": "Outer",
                  "Parallel Aware": true,
                  "Join Type": "Inner",
                  "Startup Cost": 50873.47,
                  "Total Cost": 76230.76,
                  "Plan Rows": 11085,
                  "Plan Width": 0,
                  "Actual Startup Time": 154.692,
                  "Actual Total Time": 202.797,
                  "Actual Rows": 32666,
                  "Actual Loops": 4,
                  "Inner Unique": true,
                  "Hash Cond": "(mk.movie_id = t.id)",
                  "Plans": [
                    {
                      "Node Type": "Bitmap Heap Scan",
                      "Parent Relationship": "Outer",
                      "Parallel Aware": true,
                      "Relation Name": "movie_keyword",
                      "Alias": "mk",
                      "Startup Cost": 3927.24,
                      "Total Cost": 29127.76,
                      "Plan Rows": 59722,
                      "Plan Width": 4,
                      "Actual Startup Time": 14.125,
                      "Actual Total Time": 48.401,
                      "Actual Rows": 47590,
                      "Actual Loops": 4,
                      "Recheck Cond": "(keyword_id > 70879)",
                      "Rows Removed by Index Recheck": 0,
                      "Exact Heap Blocks": 7499,
                      "Lossy Heap Blocks": 0,
                      "Plans": [
                        {
                          "Node Type": "Bitmap Index Scan",
                          "Parent Relationship": "Outer",
                          "Parallel Aware": false,
                          "Index Name": "keyword_id_movie_keyword",
                          "Startup Cost": 0.0,
                          "Total Cost": 3880.96,
                          "Plan Rows": 185137,
                          "Plan Width": 0,
                          "Actual Startup Time": 11.159,
                          "Actual Total Time": 11.16,
                          "Actual Rows": 190358,
                          "Actual Loops": 1,
                          "Index Cond": "(keyword_id > 70879)"
                        }
                      ]
                    },
                    {
                      "Node Type": "Hash",
                      "Parent Relationship": "Inner",
                      "Parallel Aware": true,
                      "Startup Cost": 45479.59,
                      "Total Cost": 45479.59,
                      "Plan Rows": 117331,
                      "Plan Width": 4,
                      "Actual Startup Time": 137.098,
                      "Actual Total Time": 137.099,
                      "Actual Rows": 124006,
                      "Actual Loops": 4,
                      "Hash Buckets": 524288,
                      "Original Hash Buckets": 524288,
                      "Hash Batches": 1,
                      "Original Hash Batches": 1,
                      "Peak Memory Usage": 23584,
                      "Plans": [
                        {
                          "Node Type": "Seq Scan",
                          "Parent Relationship": "Outer",
                          "Parallel Aware": true,
                          "Relation Name": "title",
                          "Alias": "t",
                          "Startup Cost": 0.0,
                          "Total Cost": 45479.59,
                          "Plan Rows": 117331,
                          "Plan Width": 4,
                          "Actual Startup Time": 58.81,
                          "Actual Total Time": 100.653,
                          "Actual Rows": 124006,
                          "Actual Loops": 4,
                          "Filter": "((production_year < 2009) AND (kind_id = 1))",
                          "Rows Removed by Filter": 508072
                        }
                      ]
                    }
                  ]
                }
              ]
            }
          ]
        }
      ]
    },
    "Planning Time": 0.39,
    "Triggers": [],
    "Execution Time": 229.134
  }
]