{
    "Plan": {
        "Node Type": "Aggregate",
        "Strategy": "Plain",
        "Partial Mode": "Finalize",
        "Parallel Aware": false,
        "Startup Cost": 93117.82,
        "Total Cost": 93117.83,
        "Plan Rows": 1,
        "Plan Width": 8,
        "Actual Startup Time": 349.365,
        "Actual Total Time": 370.244,
        "Actual Rows": 1,
        "Actual Loops": 1,
        "Output": [
            "count(*)"
        ],
        "Plans": [
            {
                "Node Type": "Gather",
                "Parent Relationship": "Outer",
                "Parallel Aware": false,
                "Startup Cost": 93117.51,
                "Total Cost": 93117.82,
                "Plan Rows": 3,
                "Plan Width": 8,
                "Actual Startup Time": 348.639,
                "Actual Total Time": 370.231,
                "Actual Rows": 4,
                "Actual Loops": 1,
                "Output": [
                    "(PARTIAL count(*))"
                ],
                "Workers Planned": 3,
                "Workers Launched": 3,
                "Single Copy": false,
                "Plans": [
                    {
                        "Node Type": "Aggregate",
                        "Strategy": "Plain",
                        "Partial Mode": "Partial",
                        "Parent Relationship": "Outer",
                        "Parallel Aware": false,
                        "Startup Cost": 92117.51,
                        "Total Cost": 92117.52,
                        "Plan Rows": 1,
                        "Plan Width": 8,
                        "Actual Startup Time": 341.53,
                        "Actual Total Time": 341.534,
                        "Actual Rows": 1,
                        "Actual Loops": 4,
                        "Output": [
                            "PARTIAL count(*)"
                        ],
                        "Workers": [
                            {
                                "Worker Number": 0,
                                "Actual Startup Time": 337.137,
                                "Actual Total Time": 337.141,
                                "Actual Rows": 1,
                                "Actual Loops": 1
                            },
                            {
                                "Worker Number": 1,
                                "Actual Startup Time": 337.583,
                                "Actual Total Time": 337.585,
                                "Actual Rows": 1,
                                "Actual Loops": 1
                            },
                            {
                                "Worker Number": 2,
                                "Actual Startup Time": 343.451,
                                "Actual Total Time": 343.453,
                                "Actual Rows": 1,
                                "Actual Loops": 1
                            }
                        ],
                        "Plans": [
                            {
                                "Node Type": "Hash Join",
                                "Parent Relationship": "Outer",
                                "Parallel Aware": true,
                                "Join Type": "Inner",
                                "Startup Cost": 46228.36,
                                "Total Cost": 91853.01,
                                "Plan Rows": 105798,
                                "Plan Width": 0,
                                "Actual Startup Time": 163.84,
                                "Actual Total Time": 335.984,
                                "Actual Rows": 115346,
                                "Actual Loops": 4,
                                "Inner Unique": true,
                                "Hash Cond": "(mk.movie_id = t.id)",
                                "Workers": [
                                    {
                                        "Worker Number": 0,
                                        "Actual Startup Time": 159.475,
                                        "Actual Total Time": 331.933,
                                        "Actual Rows": 121236,
                                        "Actual Loops": 1
                                    },
                                    {
                                        "Worker Number": 1,
                                        "Actual Startup Time": 159.92,
                                        "Actual Total Time": 332.31,
                                        "Actual Rows": 122271,
                                        "Actual Loops": 1
                                    },
                                    {
                                        "Worker Number": 2,
                                        "Actual Startup Time": 165.676,
                                        "Actual Total Time": 338.181,
                                        "Actual Rows": 123108,
                                        "Actual Loops": 1
                                    }
                                ],
                                "Plans": [
                                    {
                                        "Node Type": "Seq Scan",
                                        "Parent Relationship": "Outer",
                                        "Parallel Aware": true,
                                        "Relation Name": "movie_keyword",
                                        "Schema": "public",
                                        "Alias": "mk",
                                        "Startup Cost": 0.0,
                                        "Total Cost": 42695.65,
                                        "Plan Rows": 1115810,
                                        "Plan Width": 4,
                                        "Actual Startup Time": 0.053,
                                        "Actual Total Time": 132.566,
                                        "Actual Rows": 862630,
                                        "Actual Loops": 4,
                                        "Output": [
                                            "mk.id",
                                            "mk.movie_id",
                                            "mk.keyword_id"
                                        ],
                                        "Filter": "(mk.keyword_id > 1077)",
                                        "Rows Removed by Filter": 268352,
                                        "Workers": [
                                            {
                                                "Worker Number": 0,
                                                "Actual Startup Time": 0.056,
                                                "Actual Total Time": 135.732,
                                                "Actual Rows": 913758,
                                                "Actual Loops": 1
                                            },
                                            {
                                                "Worker Number": 1,
                                                "Actual Startup Time": 0.026,
                                                "Actual Total Time": 135.639,
                                                "Actual Rows": 912924,
                                                "Actual Loops": 1
                                            },
                                            {
                                                "Worker Number": 2,
                                                "Actual Startup Time": 0.054,
                                                "Actual Total Time": 135.577,
                                                "Actual Rows": 909417,
                                                "Actual Loops": 1
                                            }
                                        ]
                                    },
                                    {
                                        "Node Type": "Hash",
                                        "Parent Relationship": "Inner",
                                        "Parallel Aware": true,
                                        "Startup Cost": 45479.21,
                                        "Total Cost": 45479.21,
                                        "Plan Rows": 59932,
                                        "Plan Width": 4,
                                        "Actual Startup Time": 122.855,
                                        "Actual Total Time": 122.856,
                                        "Actual Rows": 50041,
                                        "Actual Loops": 4,
                                        "Output": [
                                            "t.id"
                                        ],
                                        "Hash Buckets": 262144,
                                        "Original Hash Buckets": 262144,
                                        "Hash Batches": 1,
                                        "Original Hash Batches": 1,
                                        "Peak Memory Usage": 9952,
                                        "Workers": [
                                            {
                                                "Worker Number": 0,
                                                "Actual Startup Time": 120.052,
                                                "Actual Total Time": 120.053,
                                                "Actual Rows": 51220,
                                                "Actual Loops": 1
                                            },
                                            {
                                                "Worker Number": 1,
                                                "Actual Startup Time": 120.409,
                                                "Actual Total Time": 120.41,
                                                "Actual Rows": 51756,
                                                "Actual Loops": 1
                                            },
                                            {
                                                "Worker Number": 2,
                                                "Actual Startup Time": 126.65,
                                                "Actual Total Time": 126.651,
                                                "Actual Rows": 52791,
                                                "Actual Loops": 1
                                            }
                                        ],
                                        "Plans": [
                                            {
                                                "Node Type": "Seq Scan",
                                                "Parent Relationship": "Outer",
                                                "Parallel Aware": true,
                                                "Relation Name": "title",
                                                "Schema": "public",
                                                "Alias": "t",
                                                "Startup Cost": 0.0,
                                                "Total Cost": 45479.21,
                                                "Plan Rows": 59932,
                                                "Plan Width": 4,
                                                "Actual Startup Time": 52.584,
                                                "Actual Total Time": 109.187,
                                                "Actual Rows": 50041,
                                                "Actual Loops": 4,
                                                "Output": [
                                                    "t.id"
                                                ],
                                                "Filter": "((t.production_year > 2006) AND (t.kind_id = 1))",
                                                "Rows Removed by Filter": 582037,
                                                "Workers": [
                                                    {
                                                        "Worker Number": 0,
                                                        "Actual Startup Time": 65.576,
                                                        "Actual Total Time": 107.108,
                                                        "Actual Rows": 51220,
                                                        "Actual Loops": 1
                                                    },
                                                    {
                                                        "Worker Number": 1,
                                                        "Actual Startup Time": 65.886,
                                                        "Actual Total Time": 107.749,
                                                        "Actual Rows": 51756,
                                                        "Actual Loops": 1
                                                    },
                                                    {
                                                        "Worker Number": 2,
                                                        "Actual Startup Time": 9.28,
                                                        "Actual Total Time": 111.675,
                                                        "Actual Rows": 52791,
                                                        "Actual Loops": 1
                                                    }
                                                ]
                                            }
                                        ]
                                    }
                                ]
                            }
                        ]
                    }
                ]
            }
        ]
    },
    "Planning Time": 0.797,
    "Triggers": [],
    "Execution Time": 370.326
}