[
  {
    "Plan": {
      "Node Type": "Aggregate",
      "Strategy": "Plain",
      "Partial Mode": "Finalize",
      "Parallel Aware": false,
      "Startup Cost": 89746.44,
      "Total Cost": 89746.45,
      "Plan Rows": 1,
      "Plan Width": 8,
      "Actual Startup Time": 321.21,
      "Actual Total Time": 337.149,
      "Actual Rows": 1,
      "Actual Loops": 1,
      "Plans": [
        {
          "Node Type": "Gather",
          "Parent Relationship": "Outer",
          "Parallel Aware": false,
          "Startup Cost": 89746.12,
          "Total Cost": 89746.43,
          "Plan Rows": 3,
          "Plan Width": 8,
          "Actual Startup Time": 320.235,
          "Actual Total Time": 337.141,
          "Actual Rows": 4,
          "Actual Loops": 1,
          "Workers Planned": 3,
          "Workers Launched": 3,
          "Single Copy": false,
          "Plans": [
            {
              "Node Type": "Aggregate",
              "Strategy": "Plain",
              "Partial Mode": "Partial",
              "Parent Relationship": "Outer",
              "Parallel Aware": false,
              "Startup Cost": 88746.12,
              "Total Cost": 88746.13,
              "Plan Rows": 1,
              "Plan Width": 8,
              "Actual Startup Time": 312.621,
              "Actual Total Time": 312.7,
              "Actual Rows": 1,
              "Actual Loops": 4,
              "Plans": [
                {
                  "Node Type": "Hash Join",
                  "Parent Relationship": "Outer",
                  "Parallel Aware": true,
                  "Join Type": "Inner",
                  "Startup Cost": 45745.17,
                  "Total Cost": 88623.25,
                  "Plan Rows": 49146,
                  "Plan Width": 0,
                  "Actual Startup Time": 148.812,
                  "Actual Total Time": 304.489,
                  "Actual Rows": 200959,
                  "Actual Loops": 4,
                  "Inner Unique": true,
                  "Hash Cond": "(mk.movie_id = t.id)",
                  "Plans": [
                    {
                      "Node Type": "Seq Scan",
                      "Parent Relationship": "Outer",
                      "Parallel Aware": true,
                      "Relation Name": "movie_keyword",
                      "Alias": "mk",
                      "Startup Cost": 0.0,
                      "Total Cost": 39047.32,
                      "Plan Rows": 1459332,
                      "Plan Width": 4,
                      "Actual Startup Time": 0.024,
                      "Actual Total Time": 85.901,
                      "Actual Rows": 1130982,
                      "Actual Loops": 4
                    },
                    {
                      "Node Type": "Hash",
                      "Parent Relationship": "Inner",
                      "Parallel Aware": true,
                      "Startup Cost": 45479.1,
                      "Total Cost": 45479.1,
                      "Plan Rows": 21286,
                      "Plan Width": 4,
                      "Actual Startup Time": 111.944,
                      "Actual Total Time": 111.945,
                      "Actual Rows": 54399,
                      "Actual Loops": 4,
                      "Hash Buckets": 262144,
                      "Original Hash Buckets": 131072,
                      "Hash Batches": 1,
                      "Original Hash Batches": 1,
                      "Peak Memory Usage": 11648,
                      "Plans": [
                        {
                          "Node Type": "Seq Scan",
                          "Parent Relationship": "Outer",
                          "Parallel Aware": true,
                          "Relation Name": "title",
                          "Alias": "t",
                          "Startup Cost": 0.0,
                          "Total Cost": 45479.1,
                          "Plan Rows": 21286,
                          "Plan Width": 4,
                          "Actual Startup Time": 55.622,
                          "Actual Total Time": 91.968,
                          "Actual Rows": 54399,
                          "Actual Loops": 4,
                          "Filter": "((kind_id < 2) AND (production_year < 1968))",
                          "Rows Removed by Filter": 577679
                        }
                      ]
                    }
                  ]
                }
              ]
            }
          ]
        }
      ]
    },
    "Planning Time": 0.587,
    "Triggers": [],
    "Execution Time": 337.217
  }
]