[
  {
    "Plan": {
      "Node Type": "Aggregate",
      "Strategy": "Plain",
      "Partial Mode": "Finalize",
      "Parallel Aware": false,
      "Startup Cost": 334651.45,
      "Total Cost": 334651.46,
      "Plan Rows": 1,
      "Plan Width": 8,
      "Actual Startup Time": 636.284,
      "Actual Total Time": 664.615,
      "Actual Rows": 1,
      "Actual Loops": 1,
      "Plans": [
        {
          "Node Type": "Gather",
          "Parent Relationship": "Outer",
          "Parallel Aware": false,
          "Startup Cost": 334650.83,
          "Total Cost": 334651.44,
          "Plan Rows": 6,
          "Plan Width": 8,
          "Actual Startup Time": 636.204,
          "Actual Total Time": 664.607,
          "Actual Rows": 7,
          "Actual Loops": 1,
          "Workers Planned": 6,
          "Workers Launched": 6,
          "Single Copy": false,
          "Plans": [
            {
              "Node Type": "Aggregate",
              "Strategy": "Plain",
              "Partial Mode": "Partial",
              "Parent Relationship": "Outer",
              "Parallel Aware": false,
              "Startup Cost": 333650.83,
              "Total Cost": 333650.84,
              "Plan Rows": 1,
              "Plan Width": 8,
              "Actual Startup Time": 630.052,
              "Actual Total Time": 630.053,
              "Actual Rows": 1,
              "Actual Loops": 7,
              "Plans": [
                {
                  "Node Type": "Seq Scan",
                  "Parent Relationship": "Outer",
                  "Parallel Aware": true,
                  "Relation Name": "cast_info",
                  "Alias": "ci",
                  "Startup Cost": 0.0,
                  "Total Cost": 328213.62,
                  "Plan Rows": 2174885,
                  "Plan Width": 0,
                  "Actual Startup Time": 240.371,
                  "Actual Total Time": 542.657,
                  "Actual Rows": 1882294,
                  "Actual Loops": 7,
                  "Filter": "(person_id > 2358184)",
                  "Rows Removed by Filter": 3295470
                }
              ]
            }
          ]
        }
      ]
    },
    "Planning Time": 0.066,
    "Triggers": [],
    "Execution Time": 664.646
  }
]