[
    {
        "Bao": {
            "Bao prediction": 1346.011,
            "Bao recommended hint": "(no hint)"
        }
    },
    {
        "Plan": {
            "Node Type": "Aggregate",
            "Strategy": "Plain",
            "Partial Mode": "Finalize",
            "Parallel Aware": false,
            "Startup Cost": 133480.67,
            "Total Cost": 133480.68,
            "Plan Rows": 1,
            "Plan Width": 8,
            "Actual Startup Time": 1618.765,
            "Actual Total Time": 1661.19,
            "Actual Rows": 1,
            "Actual Loops": 1,
            "Output": [
                "count(*)"
            ],
            "Plans": [
                {
                    "Node Type": "Gather",
                    "Parent Relationship": "Outer",
                    "Parallel Aware": false,
                    "Startup Cost": 133480.35,
                    "Total Cost": 133480.66,
                    "Plan Rows": 3,
                    "Plan Width": 8,
                    "Actual Startup Time": 1595.386,
                    "Actual Total Time": 1661.153,
                    "Actual Rows": 4,
                    "Actual Loops": 1,
                    "Output": [
                        "(PARTIAL count(*))"
                    ],
                    "Workers Planned": 3,
                    "Workers Launched": 3,
                    "Single Copy": false,
                    "Plans": [
                        {
                            "Node Type": "Aggregate",
                            "Strategy": "Plain",
                            "Partial Mode": "Partial",
                            "Parent Relationship": "Outer",
                            "Parallel Aware": false,
                            "Startup Cost": 132480.35,
                            "Total Cost": 132480.36,
                            "Plan Rows": 1,
                            "Plan Width": 8,
                            "Actual Startup Time": 1584.246,
                            "Actual Total Time": 1585.19,
                            "Actual Rows": 1,
                            "Actual Loops": 4,
                            "Output": [
                                "PARTIAL count(*)"
                            ],
                            "Workers": [
                                {
                                    "Worker Number": 0,
                                    "Actual Startup Time": 1579.923,
                                    "Actual Total Time": 1579.93,
                                    "Actual Rows": 1,
                                    "Actual Loops": 1
                                },
                                {
                                    "Worker Number": 1,
                                    "Actual Startup Time": 1580.102,
                                    "Actual Total Time": 1580.108,
                                    "Actual Rows": 1,
                                    "Actual Loops": 1
                                },
                                {
                                    "Worker Number": 2,
                                    "Actual Startup Time": 1582.355,
                                    "Actual Total Time": 1582.362,
                                    "Actual Rows": 1,
                                    "Actual Loops": 1
                                }
                            ],
                            "Plans": [
                                {
                                    "Node Type": "Hash Join",
                                    "Parent Relationship": "Outer",
                                    "Parallel Aware": true,
                                    "Join Type": "Inner",
                                    "Startup Cost": 99532.54,
                                    "Total Cost": 131351.66,
                                    "Plan Rows": 451476,
                                    "Plan Width": 0,
                                    "Actual Startup Time": 892.198,
                                    "Actual Total Time": 1422.97,
                                    "Actual Rows": 2401810,
                                    "Actual Loops": 4,
                                    "Inner Unique": false,
                                    "Hash Cond": "(mc.movie_id = t.id)",
                                    "Workers": [
                                        {
                                            "Worker Number": 0,
                                            "Actual Startup Time": 888.323,
                                            "Actual Total Time": 1418.458,
                                            "Actual Rows": 2436737,
                                            "Actual Loops": 1
                                        },
                                        {
                                            "Worker Number": 1,
                                            "Actual Startup Time": 888.582,
                                            "Actual Total Time": 1417.712,
                                            "Actual Rows": 2475937,
                                            "Actual Loops": 1
                                        },
                                        {
                                            "Worker Number": 2,
                                            "Actual Startup Time": 888.649,
                                            "Actual Total Time": 1419.674,
                                            "Actual Rows": 2472379,
                                            "Actual Loops": 1
                                        }
                                    ],
                                    "Plans": [
                                        {
                                            "Node Type": "Seq Scan",
                                            "Parent Relationship": "Outer",
                                            "Parallel Aware": true,
                                            "Relation Name": "movie_companies",
                                            "Schema": "public",
                                            "Alias": "mc",
                                            "Startup Cost": 0.0,
                                            "Total Cost": 27206.55,
                                            "Plan Rows": 841655,
                                            "Plan Width": 4,
                                            "Actual Startup Time": 0.04,
                                            "Actual Total Time": 82.476,
                                            "Actual Rows": 652282,
                                            "Actual Loops": 4,
                                            "Output": [
                                                "mc.id",
                                                "mc.movie_id",
                                                "mc.company_id",
                                                "mc.company_type_id",
                                                "mc.note"
                                            ],
                                            "Workers": [
                                                {
                                                    "Worker Number": 0,
                                                    "Actual Startup Time": 0.052,
                                                    "Actual Total Time": 85.025,
                                                    "Actual Rows": 656215,
                                                    "Actual Loops": 1
                                                },
                                                {
                                                    "Worker Number": 1,
                                                    "Actual Startup Time": 0.043,
                                                    "Actual Total Time": 83.941,
                                                    "Actual Rows": 665683,
                                                    "Actual Loops": 1
                                                },
                                                {
                                                    "Worker Number": 2,
                                                    "Actual Startup Time": 0.047,
                                                    "Actual Total Time": 84.544,
                                                    "Actual Rows": 657965,
                                                    "Actual Loops": 1
                                                }
                                            ]
                                        },
                                        {
                                            "Node Type": "Hash",
                                            "Parent Relationship": "Inner",
                                            "Parallel Aware": true,
                                            "Startup Cost": 94063.88,
                                            "Total Cost": 94063.88,
                                            "Plan Rows": 437493,
                                            "Plan Width": 8,
                                            "Actual Startup Time": 884.163,
                                            "Actual Total Time": 885.104,
                                            "Actual Rows": 340472,
                                            "Actual Loops": 4,
                                            "Output": [
                                                "t.id",
                                                "mk.movie_id"
                                            ],
                                            "Hash Buckets": 2097152,
                                            "Original Hash Buckets": 2097152,
                                            "Hash Batches": 1,
                                            "Original Hash Batches": 1,
                                            "Peak Memory Usage": 69760,
                                            "Workers": [
                                                {
                                                    "Worker Number": 0,
                                                    "Actual Startup Time": 887.587,
                                                    "Actual Total Time": 887.592,
                                                    "Actual Rows": 336381,
                                                    "Actual Loops": 1
                                                },
                                                {
                                                    "Worker Number": 1,
                                                    "Actual Startup Time": 887.58,
                                                    "Actual Total Time": 887.584,
                                                    "Actual Rows": 337029,
                                                    "Actual Loops": 1
                                                },
                                                {
                                                    "Worker Number": 2,
                                                    "Actual Startup Time": 887.67,
                                                    "Actual Total Time": 887.675,
                                                    "Actual Rows": 343108,
                                                    "Actual Loops": 1
                                                }
                                            ],
                                            "Plans": [
                                                {
                                                    "Node Type": "Hash Join",
                                                    "Parent Relationship": "Outer",
                                                    "Parallel Aware": true,
                                                    "Join Type": "Inner",
                                                    "Startup Cost": 50219.81,
                                                    "Total Cost": 94063.88,
                                                    "Plan Rows": 437493,
                                                    "Plan Width": 8,
                                                    "Actual Startup Time": 441.094,
                                                    "Actual Total Time": 743.006,
                                                    "Actual Rows": 340472,
                                                    "Actual Loops": 4,
                                                    "Output": [
                                                        "t.id",
                                                        "mk.movie_id"
                                                    ],
                                                    "Inner Unique": true,
                                                    "Hash Cond": "(mk.movie_id = t.id)",
                                                    "Workers": [
                                                        {
                                                            "Worker Number": 0,
                                                            "Actual Startup Time": 440.976,
                                                            "Actual Total Time": 742.112,
                                                            "Actual Rows": 336381,
                                                            "Actual Loops": 1
                                                        },
                                                        {
                                                            "Worker Number": 1,
                                                            "Actual Startup Time": 441.22,
                                                            "Actual Total Time": 742.377,
                                                            "Actual Rows": 337029,
                                                            "Actual Loops": 1
                                                        },
                                                        {
                                                            "Worker Number": 2,
                                                            "Actual Startup Time": 441.0,
                                                            "Actual Total Time": 741.972,
                                                            "Actual Rows": 343108,
                                                            "Actual Loops": 1
                                                        }
                                                    ],
                                                    "Plans": [
                                                        {
                                                            "Node Type": "Seq Scan",
                                                            "Parent Relationship": "Outer",
                                                            "Parallel Aware": true,
                                                            "Relation Name": "movie_keyword",
                                                            "Schema": "public",
                                                            "Alias": "mk",
                                                            "Startup Cost": 0.0,
                                                            "Total Cost": 42695.65,
                                                            "Plan Rows": 437493,
                                                            "Plan Width": 4,
                                                            "Actual Startup Time": 0.027,
                                                            "Actual Total Time": 159.434,
                                                            "Actual Rows": 340472,
                                                            "Actual Loops": 4,
                                                            "Output": [
                                                                "mk.id",
                                                                "mk.movie_id",
                                                                "mk.keyword_id"
                                                            ],
                                                            "Filter": "(mk.keyword_id < 1775)",
                                                            "Rows Removed by Filter": 790511,
                                                            "Workers": [
                                                                {
                                                                    "Worker Number": 0,
                                                                    "Actual Startup Time": 0.03,
                                                                    "Actual Total Time": 161.312,
                                                                    "Actual Rows": 336381,
                                                                    "Actual Loops": 1
                                                                },
                                                                {
                                                                    "Worker Number": 1,
                                                                    "Actual Startup Time": 0.034,
                                                                    "Actual Total Time": 160.351,
                                                                    "Actual Rows": 337029,
                                                                    "Actual Loops": 1
                                                                },
                                                                {
                                                                    "Worker Number": 2,
                                                                    "Actual Startup Time": 0.028,
                                                                    "Actual Total Time": 160.967,
                                                                    "Actual Rows": 343108,
                                                                    "Actual Loops": 1
                                                                }
                                                            ]
                                                        },
                                                        {
                                                            "Node Type": "Hash",
                                                            "Parent Relationship": "Inner",
                                                            "Parallel Aware": true,
                                                            "Startup Cost": 42318.81,
                                                            "Total Cost": 42318.81,
                                                            "Plan Rows": 632080,
                                                            "Plan Width": 4,
                                                            "Actual Startup Time": 432.656,
                                                            "Actual Total Time": 432.658,
                                                            "Actual Rows": 632078,
                                                            "Actual Loops": 4,
                                                            "Output": [
                                                                "t.id"
                                                            ],
                                                            "Hash Buckets": 4194304,
                                                            "Original Hash Buckets": 4194304,
                                                            "Hash Batches": 1,
                                                            "Original Hash Batches": 1,
                                                            "Peak Memory Usage": 131744,
                                                            "Workers": [
                                                                {
                                                                    "Worker Number": 0,
                                                                    "Actual Startup Time": 440.859,
                                                                    "Actual Total Time": 440.861,
                                                                    "Actual Rows": 609122,
                                                                    "Actual Loops": 1
                                                                },
                                                                {
                                                                    "Worker Number": 1,
                                                                    "Actual Startup Time": 440.916,
                                                                    "Actual Total Time": 440.918,
                                                                    "Actual Rows": 575061,
                                                                    "Actual Loops": 1
                                                                },
                                                                {
                                                                    "Worker Number": 2,
                                                                    "Actual Startup Time": 440.72,
                                                                    "Actual Total Time": 440.722,
                                                                    "Actual Rows": 616750,
                                                                    "Actual Loops": 1
                                                                }
                                                            ],
                                                            "Plans": [
                                                                {
                                                                    "Node Type": "Seq Scan",
                                                                    "Parent Relationship": "Outer",
                                                                    "Parallel Aware": true,
                                                                    "Relation Name": "title",
                                                                    "Schema": "public",
                                                                    "Alias": "t",
                                                                    "Startup Cost": 0.0,
                                                                    "Total Cost": 42318.81,
                                                                    "Plan Rows": 632080,
                                                                    "Plan Width": 4,
                                                                    "Actual Startup Time": 0.048,
                                                                    "Actual Total Time": 128.272,
                                                                    "Actual Rows": 632078,
                                                                    "Actual Loops": 4,
                                                                    "Output": [
                                                                        "t.id"
                                                                    ],
                                                                    "Workers": [
                                                                        {
                                                                            "Worker Number": 0,
                                                                            "Actual Startup Time": 0.066,
                                                                            "Actual Total Time": 134.867,
                                                                            "Actual Rows": 609122,
                                                                            "Actual Loops": 1
                                                                        },
                                                                        {
                                                                            "Worker Number": 1,
                                                                            "Actual Startup Time": 0.049,
                                                                            "Actual Total Time": 128.233,
                                                                            "Actual Rows": 575061,
                                                                            "Actual Loops": 1
                                                                        },
                                                                        {
                                                                            "Worker Number": 2,
                                                                            "Actual Startup Time": 0.063,
                                                                            "Actual Total Time": 135.293,
                                                                            "Actual Rows": 616750,
                                                                            "Actual Loops": 1
                                                                        }
                                                                    ]
                                                                }
                                                            ]
                                                        }
                                                    ]
                                                }
                                            ]
                                        }
                                    ]
                                }
                            ]
                        }
                    ]
                }
            ]
        },
        "Planning Time": 1351.211,
        "Triggers": [],
        "Execution Time": 1661.387
    }
]