{
  "Plan": {
    "Node Type": "Aggregate",
    "Strategy": "Plain",
    "Partial Mode": "Finalize",
    "Parallel Aware": false,
    "Startup Cost": 90681.12,
    "Total Cost": 90681.13,
    "Plan Rows": 1,
    "Plan Width": 8,
    "Actual Startup Time": 241.731,
    "Actual Total Time": 257.452,
    "Actual Rows": 1,
    "Actual Loops": 1,
    "Plans": [
      {
        "Node Type": "Gather",
        "Parent Relationship": "Outer",
        "Parallel Aware": false,
        "Startup Cost": 90681.0,
        "Total Cost": 90681.11,
        "Plan Rows": 1,
        "Plan Width": 8,
        "Actual Startup Time": 241.309,
        "Actual Total Time": 257.444,
        "Actual Rows": 2,
        "Actual Loops": 1,
        "Workers Planned": 1,
        "Workers Launched": 1,
        "Single Copy": false,
        "Plans": [
          {
            "Node Type": "Aggregate",
            "Strategy": "Plain",
            "Partial Mode": "Partial",
            "Parent Relationship": "Outer",
            "Parallel Aware": false,
            "Startup Cost": 89681.0,
            "Total Cost": 89681.01,
            "Plan Rows": 1,
            "Plan Width": 8,
            "Actual Startup Time": 234.637,
            "Actual Total Time": 234.64,
            "Actual Rows": 1,
            "Actual Loops": 2,
            "Plans": [
              {
                "Node Type": "Hash Join",
                "Parent Relationship": "Outer",
                "Parallel Aware": true,
                "Join Type": "Inner",
                "Startup Cost": 63361.92,
                "Total Cost": 89670.59,
                "Plan Rows": 4165,
                "Plan Width": 0,
                "Actual Startup Time": 177.762,
                "Actual Total Time": 234.552,
                "Actual Rows": 962,
                "Actual Loops": 2,
                "Inner Unique": true,
                "Hash Cond": "(mk.movie_id = t.id)",
                "Plans": [
                  {
                    "Node Type": "Bitmap Heap Scan",
                    "Parent Relationship": "Outer",
                    "Parallel Aware": true,
                    "Relation Name": "movie_keyword",
                    "Alias": "mk",
                    "Startup Cost": 4423.99,
                    "Total Cost": 30410.78,
                    "Plan Rows": 122623,
                    "Plan Width": 4,
                    "Actual Startup Time": 15.389,
                    "Actual Total Time": 57.279,
                    "Actual Rows": 101744,
                    "Actual Loops": 2,
                    "Recheck Cond": "(keyword_id > 67934)",
                    "Rows Removed by Index Recheck": 0,
                    "Exact Heap Blocks": 12687,
                    "Lossy Heap Blocks": 0,
                    "Plans": [
                      {
                        "Node Type": "Bitmap Index Scan",
                        "Parent Relationship": "Outer",
                        "Parallel Aware": false,
                        "Index Name": "keyword_id_movie_keyword",
                        "Startup Cost": 0.0,
                        "Total Cost": 4371.88,
                        "Plan Rows": 208459,
                        "Plan Width": 0,
                        "Actual Startup Time": 12.29,
                        "Actual Total Time": 12.291,
                        "Actual Rows": 203488,
                        "Actual Loops": 1,
                        "Index Cond": "(keyword_id > 67934)"
                      }
                    ]
                  },
                  {
                    "Node Type": "Hash",
                    "Parent Relationship": "Inner",
                    "Parallel Aware": true,
                    "Startup Cost": 58306.47,
                    "Total Cost": 58306.47,
                    "Plan Rows": 50517,
                    "Plan Width": 4,
                    "Actual Startup Time": 159.212,
                    "Actual Total Time": 159.213,
                    "Actual Rows": 48361,
                    "Actual Loops": 2,
                    "Hash Buckets": 131072,
                    "Original Hash Buckets": 131072,
                    "Hash Batches": 1,
                    "Original Hash Batches": 1,
                    "Peak Memory Usage": 4832,
                    "Plans": [
                      {
                        "Node Type": "Seq Scan",
                        "Parent Relationship": "Outer",
                        "Parallel Aware": true,
                        "Relation Name": "title",
                        "Alias": "t",
                        "Startup Cost": 0.0,
                        "Total Cost": 58306.47,
                        "Plan Rows": 50517,
                        "Plan Width": 4,
                        "Actual Startup Time": 0.045,
                        "Actual Total Time": 145.921,
                        "Actual Rows": 48361,
                        "Actual Loops": 2,
                        "Filter": "((kind_id > 2) AND (production_year = 2008))",
                        "Rows Removed by Filter": 1215795
                      }
                    ]
                  }
                ]
              }
            ]
          }
        ]
      }
    ]
  },
  "Planning Time": 0.543,
  "Triggers": [],
  "Execution Time": 257.559
}