{
  "Plan": {
    "Node Type": "Aggregate",
    "Strategy": "Plain",
    "Partial Mode": "Finalize",
    "Parallel Aware": false,
    "Startup Cost": 3440656.63,
    "Total Cost": 3440656.64,
    "Plan Rows": 1,
    "Plan Width": 8,
    "Actual Startup Time": 18670.28,
    "Actual Total Time": 18789.247,
    "Actual Rows": 1,
    "Actual Loops": 1,
    "Plans": [
      {
        "Node Type": "Gather",
        "Parent Relationship": "Outer",
        "Parallel Aware": false,
        "Startup Cost": 3440656.52,
        "Total Cost": 3440656.63,
        "Plan Rows": 1,
        "Plan Width": 8,
        "Actual Startup Time": 18635.742,
        "Actual Total Time": 18789.236,
        "Actual Rows": 2,
        "Actual Loops": 1,
        "Workers Planned": 1,
        "Workers Launched": 1,
        "Single Copy": false,
        "Plans": [
          {
            "Node Type": "Aggregate",
            "Strategy": "Plain",
            "Partial Mode": "Partial",
            "Parent Relationship": "Outer",
            "Parallel Aware": false,
            "Startup Cost": 3439656.52,
            "Total Cost": 3439656.53,
            "Plan Rows": 1,
            "Plan Width": 8,
            "Actual Startup Time": 18629.637,
            "Actual Total Time": 18629.645,
            "Actual Rows": 1,
            "Actual Loops": 2,
            "Plans": [
              {
                "Node Type": "Merge Join",
                "Parent Relationship": "Outer",
                "Parallel Aware": false,
                "Join Type": "Inner",
                "Startup Cost": 1709378.58,
                "Total Cost": 3362795.45,
                "Plan Rows": 30744427,
                "Plan Width": 0,
                "Actual Startup Time": 3838.066,
                "Actual Total Time": 17263.122,
                "Actual Rows": 35458472,
                "Actual Loops": 2,
                "Inner Unique": false,
                "Merge Cond": "(t.id = mi.movie_id)",
                "Plans": [
                  {
                    "Node Type": "Merge Join",
                    "Parent Relationship": "Outer",
                    "Parallel Aware": false,
                    "Join Type": "Inner",
                    "Startup Cost": 1709375.86,
                    "Total Cost": 1809472.37,
                    "Plan Rows": 5257892,
                    "Plan Width": 8,
                    "Actual Startup Time": 3837.993,
                    "Actual Total Time": 5899.393,
                    "Actual Rows": 4250040,
                    "Actual Loops": 2,
                    "Inner Unique": true,
                    "Merge Cond": "(ci.movie_id = t.id)",
                    "Plans": [
                      {
                        "Node Type": "Sort",
                        "Parent Relationship": "Outer",
                        "Parallel Aware": false,
                        "Startup Cost": 1465402.39,
                        "Total Cost": 1484905.47,
                        "Plan Rows": 7801231,
                        "Plan Width": 4,
                        "Actual Startup Time": 3129.638,
                        "Actual Total Time": 4072.961,
                        "Actual Rows": 5719294,
                        "Actual Loops": 2,
                        "Sort Key": [
                          "ci.movie_id"
                        ],
                        "Sort Method": "quicksort",
                        "Sort Space Used": 471128,
                        "Sort Space Type": "Memory",
                        "Workers": [
                          {
                            "Worker Number": 0,
                            "Sort Method": "quicksort",
                            "Sort Space Used": 458273,
                            "Sort Space Type": "Memory"
                          }
                        ],
                        "Plans": [
                          {
                            "Node Type": "Seq Scan",
                            "Parent Relationship": "Outer",
                            "Parallel Aware": true,
                            "Relation Name": "cast_info",
                            "Alias": "ci",
                            "Startup Cost": 0.0,
                            "Total Cost": 572345.93,
                            "Plan Rows": 7801231,
                            "Plan Width": 4,
                            "Actual Startup Time": 628.697,
                            "Actual Total Time": 1690.294,
                            "Actual Rows": 5719294,
                            "Actual Loops": 2,
                            "Filter": "((person_id > 2125307) AND (role_id < 10))",
                            "Rows Removed by Filter": 12402878
                          }
                        ]
                      },
                      {
                        "Node Type": "Sort",
                        "Parent Relationship": "Inner",
                        "Parallel Aware": false,
                        "Startup Cost": 243972.64,
                        "Total Cost": 248232.7,
                        "Plan Rows": 1704025,
                        "Plan Width": 4,
                        "Actual Startup Time": 708.341,
                        "Actual Total Time": 1012.217,
                        "Actual Rows": 1699815,
                        "Actual Loops": 2,
                        "Sort Key": [
                          "t.id"
                        ],
                        "Sort Method": "quicksort",
                        "Sort Space Used": 128855,
                        "Sort Space Type": "Memory",
                        "Workers": [
                          {
                            "Worker Number": 0,
                            "Sort Method": "quicksort",
                            "Sort Space Used": 128855,
                            "Sort Space Type": "Memory"
                          }
                        ],
                        "Plans": [
                          {
                            "Node Type": "Seq Scan",
                            "Parent Relationship": "Outer",
                            "Parallel Aware": false,
                            "Relation Name": "title",
                            "Alias": "t",
                            "Startup Cost": 0.0,
                            "Total Cost": 67601.66,
                            "Plan Rows": 1704025,
                            "Plan Width": 4,
                            "Actual Startup Time": 0.048,
                            "Actual Total Time": 290.75,
                            "Actual Rows": 1700316,
                            "Actual Loops": 2,
                            "Filter": "(production_year > 1992)",
                            "Rows Removed by Filter": 827996
                          }
                        ]
                      }
                    ]
                  },
                  {
                    "Node Type": "Materialize",
                    "Parent Relationship": "Inner",
                    "Parallel Aware": false,
                    "Startup Cost": 0.43,
                    "Total Cost": 1116056.49,
                    "Plan Rows": 14783665,
                    "Plan Width": 4,
                    "Actual Startup Time": 0.053,
                    "Actual Total Time": 7376.782,
                    "Actual Rows": 42949931,
                    "Actual Loops": 2,
                    "Plans": [
                      {
                        "Node Type": "Index Only Scan",
                        "Parent Relationship": "Outer",
                        "Parallel Aware": false,
                        "Scan Direction": "Forward",
                        "Index Name": "movie_id_movie_info",
                        "Relation Name": "movie_info",
                        "Alias": "mi",
                        "Startup Cost": 0.43,
                        "Total Cost": 1079097.33,
                        "Plan Rows": 14783665,
                        "Plan Width": 4,
                        "Actual Startup Time": 0.05,
                        "Actual Total Time": 4530.229,
                        "Actual Rows": 14835022,
                        "Actual Loops": 2,
                        "Heap Fetches": 29670045
                      }
                    ]
                  }
                ]
              }
            ]
          }
        ]
      }
    ]
  },
  "Planning Time": 1.105,
  "Triggers": [],
  "Execution Time": 18838.914
}