[
  {
    "Plan": {
      "Node Type": "Aggregate",
      "Strategy": "Plain",
      "Partial Mode": "Finalize",
      "Parallel Aware": false,
      "Startup Cost": 46503.24,
      "Total Cost": 46503.25,
      "Plan Rows": 1,
      "Plan Width": 8,
      "Actual Startup Time": 87.305,
      "Actual Total Time": 98.891,
      "Actual Rows": 1,
      "Actual Loops": 1,
      "Plans": [
        {
          "Node Type": "Gather",
          "Parent Relationship": "Outer",
          "Parallel Aware": false,
          "Startup Cost": 46502.82,
          "Total Cost": 46503.23,
          "Plan Rows": 4,
          "Plan Width": 8,
          "Actual Startup Time": 87.019,
          "Actual Total Time": 98.882,
          "Actual Rows": 5,
          "Actual Loops": 1,
          "Workers Planned": 4,
          "Workers Launched": 4,
          "Single Copy": false,
          "Plans": [
            {
              "Node Type": "Aggregate",
              "Strategy": "Plain",
              "Partial Mode": "Partial",
              "Parent Relationship": "Outer",
              "Parallel Aware": false,
              "Startup Cost": 45502.82,
              "Total Cost": 45502.83,
              "Plan Rows": 1,
              "Plan Width": 8,
              "Actual Startup Time": 81.431,
              "Actual Total Time": 81.432,
              "Actual Rows": 1,
              "Actual Loops": 5,
              "Plans": [
                {
                  "Node Type": "Seq Scan",
                  "Parent Relationship": "Outer",
                  "Parallel Aware": true,
                  "Relation Name": "title",
                  "Alias": "t",
                  "Startup Cost": 0.0,
                  "Total Cost": 45479.59,
                  "Plan Rows": 9292,
                  "Plan Width": 0,
                  "Actual Startup Time": 49.455,
                  "Actual Total Time": 80.986,
                  "Actual Rows": 6638,
                  "Actual Loops": 5,
                  "Filter": "((kind_id < 2) AND (production_year = 2010))",
                  "Rows Removed by Filter": 499024
                }
              ]
            }
          ]
        }
      ]
    },
    "Planning Time": 0.238,
    "Triggers": [],
    "Execution Time": 98.951
  }
]