{
  "Plan": {
    "Node Type": "Aggregate",
    "Strategy": "Plain",
    "Partial Mode": "Finalize",
    "Parallel Aware": false,
    "Startup Cost": 98951.25,
    "Total Cost": 98951.26,
    "Plan Rows": 1,
    "Plan Width": 8,
    "Actual Startup Time": 330.589,
    "Actual Total Time": 347.367,
    "Actual Rows": 1,
    "Actual Loops": 1,
    "Plans": [
      {
        "Node Type": "Gather",
        "Parent Relationship": "Outer",
        "Parallel Aware": false,
        "Startup Cost": 98951.13,
        "Total Cost": 98951.24,
        "Plan Rows": 1,
        "Plan Width": 8,
        "Actual Startup Time": 330.031,
        "Actual Total Time": 347.357,
        "Actual Rows": 2,
        "Actual Loops": 1,
        "Workers Planned": 1,
        "Workers Launched": 1,
        "Single Copy": false,
        "Plans": [
          {
            "Node Type": "Aggregate",
            "Strategy": "Plain",
            "Partial Mode": "Partial",
            "Parent Relationship": "Outer",
            "Parallel Aware": false,
            "Startup Cost": 97951.13,
            "Total Cost": 97951.14,
            "Plan Rows": 1,
            "Plan Width": 8,
            "Actual Startup Time": 323.654,
            "Actual Total Time": 323.658,
            "Actual Rows": 1,
            "Actual Loops": 2,
            "Plans": [
              {
                "Node Type": "Hash Join",
                "Parent Relationship": "Outer",
                "Parallel Aware": true,
                "Join Type": "Inner",
                "Startup Cost": 69455.76,
                "Total Cost": 97892.65,
                "Plan Rows": 23393,
                "Plan Width": 0,
                "Actual Startup Time": 219.694,
                "Actual Total Time": 323.427,
                "Actual Rows": 3470,
                "Actual Loops": 2,
                "Inner Unique": true,
                "Hash Cond": "(mk.movie_id = t.id)",
                "Plans": [
                  {
                    "Node Type": "Bitmap Heap Scan",
                    "Parent Relationship": "Outer",
                    "Parallel Aware": true,
                    "Relation Name": "movie_keyword",
                    "Alias": "mk",
                    "Startup Cost": 9497.83,
                    "Total Cost": 37243.48,
                    "Plan Rows": 263332,
                    "Plan Width": 4,
                    "Actual Startup Time": 29.252,
                    "Actual Total Time": 102.552,
                    "Actual Rows": 218445,
                    "Actual Loops": 2,
                    "Recheck Cond": "(keyword_id > 40230)",
                    "Rows Removed by Index Recheck": 0,
                    "Exact Heap Blocks": 12872,
                    "Lossy Heap Blocks": 0,
                    "Plans": [
                      {
                        "Node Type": "Bitmap Index Scan",
                        "Parent Relationship": "Outer",
                        "Parallel Aware": false,
                        "Index Name": "keyword_id_movie_keyword",
                        "Startup Cost": 0.0,
                        "Total Cost": 9385.91,
                        "Plan Rows": 447664,
                        "Plan Width": 0,
                        "Actual Startup Time": 25.441,
                        "Actual Total Time": 25.441,
                        "Actual Rows": 436890,
                        "Actual Loops": 1,
                        "Index Cond": "(keyword_id > 40230)"
                      }
                    ]
                  },
                  {
                    "Node Type": "Hash",
                    "Parent Relationship": "Inner",
                    "Parallel Aware": true,
                    "Startup Cost": 58306.47,
                    "Total Cost": 58306.47,
                    "Plan Rows": 132117,
                    "Plan Width": 4,
                    "Actual Startup Time": 186.475,
                    "Actual Total Time": 186.476,
                    "Actual Rows": 64778,
                    "Actual Loops": 2,
                    "Hash Buckets": 262144,
                    "Original Hash Buckets": 262144,
                    "Hash Batches": 1,
                    "Original Hash Batches": 1,
                    "Peak Memory Usage": 7136,
                    "Plans": [
                      {
                        "Node Type": "Seq Scan",
                        "Parent Relationship": "Outer",
                        "Parallel Aware": true,
                        "Relation Name": "title",
                        "Alias": "t",
                        "Startup Cost": 0.0,
                        "Total Cost": 58306.47,
                        "Plan Rows": 132117,
                        "Plan Width": 4,
                        "Actual Startup Time": 0.045,
                        "Actual Total Time": 161.525,
                        "Actual Rows": 64778,
                        "Actual Loops": 2,
                        "Filter": "((production_year < 1971) AND (kind_id = 7))",
                        "Rows Removed by Filter": 1199378
                      }
                    ]
                  }
                ]
              }
            ]
          }
        ]
      }
    ]
  },
  "Planning Time": 0.508,
  "Triggers": [],
  "Execution Time": 347.487
}