[
  {
    "Plan": {
      "Node Type": "Aggregate",
      "Strategy": "Plain",
      "Partial Mode": "Finalize",
      "Parallel Aware": false,
      "Startup Cost": 55706.31,
      "Total Cost": 55706.32,
      "Plan Rows": 1,
      "Plan Width": 8,
      "Actual Startup Time": 97.802,
      "Actual Total Time": 110.805,
      "Actual Rows": 1,
      "Actual Loops": 1,
      "Plans": [
        {
          "Node Type": "Gather",
          "Parent Relationship": "Outer",
          "Parallel Aware": false,
          "Startup Cost": 55705.89,
          "Total Cost": 55706.3,
          "Plan Rows": 4,
          "Plan Width": 8,
          "Actual Startup Time": 97.597,
          "Actual Total Time": 110.795,
          "Actual Rows": 5,
          "Actual Loops": 1,
          "Workers Planned": 4,
          "Workers Launched": 4,
          "Single Copy": false,
          "Plans": [
            {
              "Node Type": "Aggregate",
              "Strategy": "Plain",
              "Partial Mode": "Partial",
              "Parent Relationship": "Outer",
              "Parallel Aware": false,
              "Startup Cost": 54705.89,
              "Total Cost": 54705.9,
              "Plan Rows": 1,
              "Plan Width": 8,
              "Actual Startup Time": 90.811,
              "Actual Total Time": 90.814,
              "Actual Rows": 1,
              "Actual Loops": 5,
              "Plans": [
                {
                  "Node Type": "Nested Loop",
                  "Parent Relationship": "Outer",
                  "Parallel Aware": false,
                  "Join Type": "Inner",
                  "Startup Cost": 0.43,
                  "Total Cost": 54701.34,
                  "Plan Rows": 1821,
                  "Plan Width": 0,
                  "Actual Startup Time": 52.659,
                  "Actual Total Time": 90.552,
                  "Actual Rows": 4617,
                  "Actual Loops": 5,
                  "Inner Unique": false,
                  "Plans": [
                    {
                      "Node Type": "Seq Scan",
                      "Parent Relationship": "Outer",
                      "Parallel Aware": true,
                      "Relation Name": "title",
                      "Alias": "t",
                      "Startup Cost": 0.0,
                      "Total Cost": 45479.59,
                      "Plan Rows": 1018,
                      "Plan Width": 4,
                      "Actual Startup Time": 52.405,
                      "Actual Total Time": 78.919,
                      "Actual Rows": 921,
                      "Actual Loops": 5,
                      "Filter": "((kind_id = 1) AND (production_year = 1970))",
                      "Rows Removed by Filter": 504741
                    },
                    {
                      "Node Type": "Index Only Scan",
                      "Parent Relationship": "Inner",
                      "Parallel Aware": false,
                      "Scan Direction": "Forward",
                      "Index Name": "movie_id_movie_keyword",
                      "Relation Name": "movie_keyword",
                      "Alias": "mk",
                      "Startup Cost": 0.43,
                      "Total Cost": 8.6,
                      "Plan Rows": 46,
                      "Plan Width": 4,
                      "Actual Startup Time": 0.011,
                      "Actual Total Time": 0.012,
                      "Actual Rows": 5,
                      "Actual Loops": 4606,
                      "Index Cond": "(movie_id = t.id)",
                      "Rows Removed by Index Recheck": 0,
                      "Heap Fetches": 23084
                    }
                  ]
                }
              ]
            }
          ]
        }
      ]
    },
    "Planning Time": 0.24,
    "Triggers": [],
    "Execution Time": 110.842
  }
]