[
  {
    "Plan": {
      "Node Type": "Aggregate",
      "Strategy": "Plain",
      "Partial Mode": "Finalize",
      "Parallel Aware": false,
      "Startup Cost": 625646.94,
      "Total Cost": 625646.95,
      "Plan Rows": 1,
      "Plan Width": 8,
      "Actual Startup Time": 3025.205,
      "Actual Total Time": 3080.577,
      "Actual Rows": 1,
      "Actual Loops": 1,
      "Plans": [
        {
          "Node Type": "Gather",
          "Parent Relationship": "Outer",
          "Parallel Aware": false,
          "Startup Cost": 625646.42,
          "Total Cost": 625646.93,
          "Plan Rows": 5,
          "Plan Width": 8,
          "Actual Startup Time": 3009.097,
          "Actual Total Time": 3080.545,
          "Actual Rows": 6,
          "Actual Loops": 1,
          "Workers Planned": 5,
          "Workers Launched": 5,
          "Single Copy": false,
          "Plans": [
            {
              "Node Type": "Aggregate",
              "Strategy": "Plain",
              "Partial Mode": "Partial",
              "Parent Relationship": "Outer",
              "Parallel Aware": false,
              "Startup Cost": 624646.42,
              "Total Cost": 624646.43,
              "Plan Rows": 1,
              "Plan Width": 8,
              "Actual Startup Time": 2978.302,
              "Actual Total Time": 2978.996,
              "Actual Rows": 1,
              "Actual Loops": 6,
              "Plans": [
                {
                  "Node Type": "Hash Join",
                  "Parent Relationship": "Outer",
                  "Parallel Aware": true,
                  "Join Type": "Inner",
                  "Startup Cost": 398917.07,
                  "Total Cost": 610797.66,
                  "Plan Rows": 5539504,
                  "Plan Width": 0,
                  "Actual Startup Time": 1520.538,
                  "Actual Total Time": 2848.633,
                  "Actual Rows": 3031256,
                  "Actual Loops": 6,
                  "Inner Unique": false,
                  "Hash Cond": "(mi.movie_id = t.id)",
                  "Plans": [
                    {
                      "Node Type": "Seq Scan",
                      "Parent Relationship": "Outer",
                      "Parallel Aware": true,
                      "Relation Name": "movie_info",
                      "Alias": "mi",
                      "Startup Cost": 0.0,
                      "Total Cost": 191560.33,
                      "Plan Rows": 2956733,
                      "Plan Width": 4,
                      "Actual Startup Time": 0.033,
                      "Actual Total Time": 311.777,
                      "Actual Rows": 2472620,
                      "Actual Loops": 6
                    },
                    {
                      "Node Type": "Hash",
                      "Parent Relationship": "Inner",
                      "Parallel Aware": true,
                      "Startup Cost": 389048.71,
                      "Total Cost": 389048.71,
                      "Plan Rows": 789469,
                      "Plan Width": 8,
                      "Actual Startup Time": 1509.157,
                      "Actual Total Time": 1509.849,
                      "Actual Rows": 693924,
                      "Actual Loops": 6,
                      "Hash Buckets": 8388608,
                      "Original Hash Buckets": 8388608,
                      "Hash Batches": 1,
                      "Original Hash Batches": 1,
                      "Peak Memory Usage": 228544,
                      "Plans": [
                        {
                          "Node Type": "Hash Join",
                          "Parent Relationship": "Outer",
                          "Parallel Aware": true,
                          "Join Type": "Inner",
                          "Startup Cost": 48651.41,
                          "Total Cost": 389048.71,
                          "Plan Rows": 789469,
                          "Plan Width": 8,
                          "Actual Startup Time": 196.144,
                          "Actual Total Time": 1204.278,
                          "Actual Rows": 693924,
                          "Actual Loops": 6,
                          "Inner Unique": true,
                          "Hash Cond": "(ci.movie_id = t.id)",
                          "Plans": [
                            {
                              "Node Type": "Index Scan",
                              "Parent Relationship": "Outer",
                              "Parallel Aware": true,
                              "Scan Direction": "Forward",
                              "Index Name": "role_id_cast_info",
                              "Relation Name": "cast_info",
                              "Alias": "ci",
                              "Startup Cost": 0.56,
                              "Total Cost": 335235.55,
                              "Plan Rows": 1966590,
                              "Plan Width": 4,
                              "Actual Startup Time": 42.595,
                              "Actual Total Time": 447.333,
                              "Actual Rows": 1874832,
                              "Actual Loops": 6,
                              "Index Cond": "(role_id < 2)",
                              "Rows Removed by Index Recheck": 0,
                              "Filter": "(person_id > 194152)",
                              "Rows Removed by Filter": 236950
                            },
                            {
                              "Node Type": "Hash",
                              "Parent Relationship": "Inner",
                              "Parallel Aware": true,
                              "Startup Cost": 45479.1,
                              "Total Cost": 45479.1,
                              "Plan Rows": 253740,
                              "Plan Width": 4,
                              "Actual Startup Time": 152.307,
                              "Actual Total Time": 152.309,
                              "Actual Rows": 160019,
                              "Actual Loops": 6,
                              "Hash Buckets": 1048576,
                              "Original Hash Buckets": 1048576,
                              "Hash Batches": 1,
                              "Original Hash Batches": 1,
                              "Peak Memory Usage": 45856,
                              "Plans": [
                                {
                                  "Node Type": "Seq Scan",
                                  "Parent Relationship": "Outer",
                                  "Parallel Aware": true,
                                  "Relation Name": "title",
                                  "Alias": "t",
                                  "Startup Cost": 0.0,
                                  "Total Cost": 45479.1,
                                  "Plan Rows": 253740,
                                  "Plan Width": 4,
                                  "Actual Startup Time": 0.042,
                                  "Actual Total Time": 84.494,
                                  "Actual Rows": 160019,
                                  "Actual Loops": 6,
                                  "Filter": "((production_year < 2008) AND (kind_id = 7))",
                                  "Rows Removed by Filter": 261366
                                }
                              ]
                            }
                          ]
                        }
                      ]
                    }
                  ]
                }
              ]
            }
          ]
        }
      ]
    },
    "Planning Time": 1.379,
    "Triggers": [],
    "Execution Time": 3080.68
  }
]