[
  {
    "Plan": {
      "Node Type": "Aggregate",
      "Strategy": "Plain",
      "Partial Mode": "Finalize",
      "Parallel Aware": false,
      "Startup Cost": 145849.74,
      "Total Cost": 145849.75,
      "Plan Rows": 1,
      "Plan Width": 8,
      "Actual Startup Time": 504.415,
      "Actual Total Time": 542.878,
      "Actual Rows": 1,
      "Actual Loops": 1,
      "Plans": [
        {
          "Node Type": "Gather",
          "Parent Relationship": "Outer",
          "Parallel Aware": false,
          "Startup Cost": 145849.43,
          "Total Cost": 145849.74,
          "Plan Rows": 3,
          "Plan Width": 8,
          "Actual Startup Time": 503.456,
          "Actual Total Time": 542.869,
          "Actual Rows": 4,
          "Actual Loops": 1,
          "Workers Planned": 3,
          "Workers Launched": 3,
          "Single Copy": false,
          "Plans": [
            {
              "Node Type": "Aggregate",
              "Strategy": "Plain",
              "Partial Mode": "Partial",
              "Parent Relationship": "Outer",
              "Parallel Aware": false,
              "Startup Cost": 144849.43,
              "Total Cost": 144849.44,
              "Plan Rows": 1,
              "Plan Width": 8,
              "Actual Startup Time": 494.003,
              "Actual Total Time": 494.006,
              "Actual Rows": 1,
              "Actual Loops": 4,
              "Plans": [
                {
                  "Node Type": "Nested Loop",
                  "Parent Relationship": "Outer",
                  "Parallel Aware": false,
                  "Join Type": "Inner",
                  "Startup Cost": 44403.16,
                  "Total Cost": 144403.99,
                  "Plan Rows": 178175,
                  "Plan Width": 0,
                  "Actual Startup Time": 111.293,
                  "Actual Total Time": 475.786,
                  "Actual Rows": 404216,
                  "Actual Loops": 4,
                  "Inner Unique": false,
                  "Join Filter": "(t.id = mi.movie_id)",
                  "Rows Removed by Join Filter": 0,
                  "Plans": [
                    {
                      "Node Type": "Hash Join",
                      "Parent Relationship": "Outer",
                      "Parallel Aware": true,
                      "Join Type": "Inner",
                      "Startup Cost": 44402.73,
                      "Total Cost": 74967.78,
                      "Plan Rows": 30471,
                      "Plan Width": 8,
                      "Actual Startup Time": 111.215,
                      "Actual Total Time": 226.979,
                      "Actual Rows": 16818,
                      "Actual Loops": 4,
                      "Inner Unique": true,
                      "Hash Cond": "(mc.movie_id = t.id)",
                      "Plans": [
                        {
                          "Node Type": "Seq Scan",
                          "Parent Relationship": "Outer",
                          "Parallel Aware": true,
                          "Relation Name": "movie_companies",
                          "Alias": "mc",
                          "Startup Cost": 0.0,
                          "Total Cost": 29310.68,
                          "Plan Rows": 477856,
                          "Plan Width": 4,
                          "Actual Startup Time": 0.019,
                          "Actual Total Time": 64.134,
                          "Actual Rows": 368950,
                          "Actual Loops": 4,
                          "Filter": "(company_id < 13515)",
                          "Rows Removed by Filter": 283332
                        },
                        {
                          "Node Type": "Hash",
                          "Parent Relationship": "Inner",
                          "Parallel Aware": true,
                          "Startup Cost": 43898.92,
                          "Total Cost": 43898.92,
                          "Plan Rows": 40305,
                          "Plan Width": 4,
                          "Actual Startup Time": 108.826,
                          "Actual Total Time": 108.827,
                          "Actual Rows": 40004,
                          "Actual Loops": 4,
                          "Hash Buckets": 262144,
                          "Original Hash Buckets": 262144,
                          "Hash Batches": 1,
                          "Original Hash Batches": 1,
                          "Peak Memory Usage": 8384,
                          "Plans": [
                            {
                              "Node Type": "Seq Scan",
                              "Parent Relationship": "Outer",
                              "Parallel Aware": true,
                              "Relation Name": "title",
                              "Alias": "t",
                              "Startup Cost": 0.0,
                              "Total Cost": 43898.92,
                              "Plan Rows": 40305,
                              "Plan Width": 4,
                              "Actual Startup Time": 0.042,
                              "Actual Total Time": 93.747,
                              "Actual Rows": 40004,
                              "Actual Loops": 4,
                              "Filter": "(production_year = 2011)",
                              "Rows Removed by Filter": 592074
                            }
                          ]
                        }
                      ]
                    },
                    {
                      "Node Type": "Index Only Scan",
                      "Parent Relationship": "Inner",
                      "Parallel Aware": false,
                      "Scan Direction": "Forward",
                      "Index Name": "movie_id_movie_info",
                      "Relation Name": "movie_info",
                      "Alias": "mi",
                      "Startup Cost": 0.43,
                      "Total Cost": 1.75,
                      "Plan Rows": 42,
                      "Plan Width": 4,
                      "Actual Startup Time": 0.004,
                      "Actual Total Time": 0.013,
                      "Actual Rows": 24,
                      "Actual Loops": 67272,
                      "Index Cond": "(movie_id = mc.movie_id)",
                      "Rows Removed by Index Recheck": 0,
                      "Heap Fetches": 1616866
                    }
                  ]
                }
              ]
            }
          ]
        }
      ]
    },
    "Planning Time": 1.413,
    "Triggers": [],
    "Execution Time": 542.968
  }
]