[
  {
    "Plan": {
      "Node Type": "Aggregate",
      "Strategy": "Plain",
      "Partial Mode": "Finalize",
      "Parallel Aware": false,
      "Startup Cost": 32081.16,
      "Total Cost": 32081.17,
      "Plan Rows": 1,
      "Plan Width": 8,
      "Actual Startup Time": 116.008,
      "Actual Total Time": 123.176,
      "Actual Rows": 1,
      "Actual Loops": 1,
      "Plans": [
        {
          "Node Type": "Gather",
          "Parent Relationship": "Outer",
          "Parallel Aware": false,
          "Startup Cost": 32080.84,
          "Total Cost": 32081.15,
          "Plan Rows": 3,
          "Plan Width": 8,
          "Actual Startup Time": 115.899,
          "Actual Total Time": 123.168,
          "Actual Rows": 4,
          "Actual Loops": 1,
          "Workers Planned": 3,
          "Workers Launched": 3,
          "Single Copy": false,
          "Plans": [
            {
              "Node Type": "Aggregate",
              "Strategy": "Plain",
              "Partial Mode": "Partial",
              "Parent Relationship": "Outer",
              "Parallel Aware": false,
              "Startup Cost": 31080.84,
              "Total Cost": 31080.85,
              "Plan Rows": 1,
              "Plan Width": 8,
              "Actual Startup Time": 108.678,
              "Actual Total Time": 108.679,
              "Actual Rows": 1,
              "Actual Loops": 4,
              "Plans": [
                {
                  "Node Type": "Seq Scan",
                  "Parent Relationship": "Outer",
                  "Parallel Aware": true,
                  "Relation Name": "movie_companies",
                  "Alias": "mc",
                  "Startup Cost": 0.0,
                  "Total Cost": 29310.68,
                  "Plan Rows": 708063,
                  "Plan Width": 0,
                  "Actual Startup Time": 0.128,
                  "Actual Total Time": 83.054,
                  "Actual Rows": 549694,
                  "Actual Loops": 4,
                  "Filter": "(company_id > 264)",
                  "Rows Removed by Filter": 102588
                }
              ]
            }
          ]
        }
      ]
    },
    "Planning Time": 0.197,
    "Triggers": [],
    "Execution Time": 123.231
  }
]