[
  {
    "Plan": {
      "Node Type": "Aggregate",
      "Strategy": "Plain",
      "Partial Mode": "Finalize",
      "Parallel Aware": false,
      "Startup Cost": 43868.66,
      "Total Cost": 43868.67,
      "Plan Rows": 1,
      "Plan Width": 8,
      "Actual Startup Time": 155.297,
      "Actual Total Time": 164.974,
      "Actual Rows": 1,
      "Actual Loops": 1,
      "Plans": [
        {
          "Node Type": "Gather",
          "Parent Relationship": "Outer",
          "Parallel Aware": false,
          "Startup Cost": 43868.35,
          "Total Cost": 43868.66,
          "Plan Rows": 3,
          "Plan Width": 8,
          "Actual Startup Time": 155.006,
          "Actual Total Time": 164.965,
          "Actual Rows": 4,
          "Actual Loops": 1,
          "Workers Planned": 3,
          "Workers Launched": 3,
          "Single Copy": false,
          "Plans": [
            {
              "Node Type": "Aggregate",
              "Strategy": "Plain",
              "Partial Mode": "Partial",
              "Parent Relationship": "Outer",
              "Parallel Aware": false,
              "Startup Cost": 42868.35,
              "Total Cost": 42868.36,
              "Plan Rows": 1,
              "Plan Width": 8,
              "Actual Startup Time": 145.975,
              "Actual Total Time": 145.977,
              "Actual Rows": 1,
              "Actual Loops": 4,
              "Plans": [
                {
                  "Node Type": "Bitmap Heap Scan",
                  "Parent Relationship": "Outer",
                  "Parallel Aware": true,
                  "Relation Name": "movie_keyword",
                  "Alias": "mk",
                  "Startup Cost": 14994.26,
                  "Total Cost": 42298.33,
                  "Plan Rows": 228005,
                  "Plan Width": 0,
                  "Actual Startup Time": 56.81,
                  "Actual Total Time": 136.128,
                  "Actual Rows": 175955,
                  "Actual Loops": 4,
                  "Recheck Cond": "(keyword_id > 26816)",
                  "Rows Removed by Index Recheck": 0,
                  "Exact Heap Blocks": 10278,
                  "Lossy Heap Blocks": 0,
                  "Plans": [
                    {
                      "Node Type": "Bitmap Index Scan",
                      "Parent Relationship": "Outer",
                      "Parallel Aware": false,
                      "Index Name": "keyword_id_movie_keyword",
                      "Startup Cost": 0.0,
                      "Total Cost": 14817.56,
                      "Plan Rows": 706817,
                      "Plan Width": 0,
                      "Actual Startup Time": 61.571,
                      "Actual Total Time": 61.571,
                      "Actual Rows": 703820,
                      "Actual Loops": 1,
                      "Index Cond": "(keyword_id > 26816)"
                    }
                  ]
                }
              ]
            }
          ]
        }
      ]
    },
    "Planning Time": 0.194,
    "Triggers": [],
    "Execution Time": 165.055
  }
]