[
  {
    "Plan": {
      "Node Type": "Aggregate",
      "Strategy": "Plain",
      "Partial Mode": "Finalize",
      "Parallel Aware": false,
      "Startup Cost": 44009.86,
      "Total Cost": 44009.87,
      "Plan Rows": 1,
      "Plan Width": 8,
      "Actual Startup Time": 155.303,
      "Actual Total Time": 163.769,
      "Actual Rows": 1,
      "Actual Loops": 1,
      "Plans": [
        {
          "Node Type": "Gather",
          "Parent Relationship": "Outer",
          "Parallel Aware": false,
          "Startup Cost": 44009.55,
          "Total Cost": 44009.86,
          "Plan Rows": 3,
          "Plan Width": 8,
          "Actual Startup Time": 155.014,
          "Actual Total Time": 163.759,
          "Actual Rows": 4,
          "Actual Loops": 1,
          "Workers Planned": 3,
          "Workers Launched": 3,
          "Single Copy": false,
          "Plans": [
            {
              "Node Type": "Aggregate",
              "Strategy": "Plain",
              "Partial Mode": "Partial",
              "Parent Relationship": "Outer",
              "Parallel Aware": false,
              "Startup Cost": 43009.55,
              "Total Cost": 43009.56,
              "Plan Rows": 1,
              "Plan Width": 8,
              "Actual Startup Time": 148.766,
              "Actual Total Time": 148.768,
              "Actual Rows": 1,
              "Actual Loops": 4,
              "Plans": [
                {
                  "Node Type": "Bitmap Heap Scan",
                  "Parent Relationship": "Outer",
                  "Parallel Aware": true,
                  "Relation Name": "movie_keyword",
                  "Alias": "mk",
                  "Startup Cost": 15108.87,
                  "Total Cost": 42435.1,
                  "Plan Rows": 229779,
                  "Plan Width": 0,
                  "Actual Startup Time": 61.103,
                  "Actual Total Time": 138.93,
                  "Actual Rows": 175955,
                  "Actual Loops": 4,
                  "Recheck Cond": "(keyword_id > 26816)",
                  "Rows Removed by Index Recheck": 0,
                  "Exact Heap Blocks": 9725,
                  "Lossy Heap Blocks": 0,
                  "Plans": [
                    {
                      "Node Type": "Bitmap Index Scan",
                      "Parent Relationship": "Outer",
                      "Parallel Aware": false,
                      "Index Name": "keyword_id_movie_keyword",
                      "Startup Cost": 0.0,
                      "Total Cost": 14930.79,
                      "Plan Rows": 712314,
                      "Plan Width": 0,
                      "Actual Startup Time": 63.022,
                      "Actual Total Time": 63.022,
                      "Actual Rows": 703820,
                      "Actual Loops": 1,
                      "Index Cond": "(keyword_id > 26816)"
                    }
                  ]
                }
              ]
            }
          ]
        }
      ]
    },
    "Planning Time": 0.181,
    "Triggers": [],
    "Execution Time": 163.846
  }
]