[
  {
    "Plan": {
      "Node Type": "Aggregate",
      "Strategy": "Plain",
      "Partial Mode": "Finalize",
      "Parallel Aware": false,
      "Startup Cost": 46765.39,
      "Total Cost": 46765.4,
      "Plan Rows": 1,
      "Plan Width": 8,
      "Actual Startup Time": 102.543,
      "Actual Total Time": 114.054,
      "Actual Rows": 1,
      "Actual Loops": 1,
      "Plans": [
        {
          "Node Type": "Gather",
          "Parent Relationship": "Outer",
          "Parallel Aware": false,
          "Startup Cost": 46764.97,
          "Total Cost": 46765.38,
          "Plan Rows": 4,
          "Plan Width": 8,
          "Actual Startup Time": 102.387,
          "Actual Total Time": 114.044,
          "Actual Rows": 5,
          "Actual Loops": 1,
          "Workers Planned": 4,
          "Workers Launched": 4,
          "Single Copy": false,
          "Plans": [
            {
              "Node Type": "Aggregate",
              "Strategy": "Plain",
              "Partial Mode": "Partial",
              "Parent Relationship": "Outer",
              "Parallel Aware": false,
              "Startup Cost": 45764.97,
              "Total Cost": 45764.98,
              "Plan Rows": 1,
              "Plan Width": 8,
              "Actual Startup Time": 93.95,
              "Actual Total Time": 93.952,
              "Actual Rows": 1,
              "Actual Loops": 5,
              "Plans": [
                {
                  "Node Type": "Seq Scan",
                  "Parent Relationship": "Outer",
                  "Parallel Aware": true,
                  "Relation Name": "title",
                  "Alias": "t",
                  "Startup Cost": 0.0,
                  "Total Cost": 45479.1,
                  "Plan Rows": 114348,
                  "Plan Width": 0,
                  "Actual Startup Time": 0.038,
                  "Actual Total Time": 89.562,
                  "Actual Rows": 68842,
                  "Actual Loops": 5,
                  "Filter": "((production_year < 1993) AND (kind_id = 7))",
                  "Rows Removed by Filter": 436820
                }
              ]
            }
          ]
        }
      ]
    },
    "Planning Time": 0.172,
    "Triggers": [],
    "Execution Time": 114.107
  }
]