{
  "Plan": {
    "Node Type": "Aggregate",
    "Strategy": "Plain",
    "Partial Mode": "Simple",
    "Parallel Aware": false,
    "Startup Cost": 749347.37,
    "Total Cost": 749347.38,
    "Plan Rows": 1,
    "Plan Width": 96,
    "Actual Startup Time": 3012.003,
    "Actual Total Time": 3079.787,
    "Actual Rows": 1,
    "Actual Loops": 1,
    "Plans": [
      {
        "Node Type": "Gather",
        "Parent Relationship": "Outer",
        "Parallel Aware": false,
        "Startup Cost": 663090.86,
        "Total Cost": 749347.37,
        "Plan Rows": 1,
        "Plan Width": 48,
        "Actual Startup Time": 3011.868,
        "Actual Total Time": 3079.77,
        "Actual Rows": 6,
        "Actual Loops": 1,
        "Workers Planned": 1,
        "Workers Launched": 1,
        "Single Copy": false,
        "Plans": [
          {
            "Node Type": "Hash Join",
            "Parent Relationship": "Outer",
            "Parallel Aware": true,
            "Join Type": "Inner",
            "Startup Cost": 662090.86,
            "Total Cost": 748347.27,
            "Plan Rows": 1,
            "Plan Width": 48,
            "Actual Startup Time": 2899.607,
            "Actual Total Time": 3005.564,
            "Actual Rows": 3,
            "Actual Loops": 2,
            "Inner Unique": false,
            "Hash Cond": "(n.id = ci.person_id)",
            "Plans": [
              {
                "Node Type": "Seq Scan",
                "Parent Relationship": "Outer",
                "Parallel Aware": true,
                "Relation Name": "name",
                "Alias": "n",
                "Startup Cost": 0.0,
                "Total Cost": 86255.48,
                "Plan Rows": 245,
                "Plan Width": 19,
                "Actual Startup Time": 24.682,
                "Actual Total Time": 236.577,
                "Actual Rows": 1,
                "Actual Loops": 2,
                "Filter": "(name ~~ '%Downey%Robert%'::text)",
                "Rows Removed by Filter": 2083744
              },
              {
                "Node Type": "Hash",
                "Parent Relationship": "Inner",
                "Parallel Aware": true,
                "Startup Cost": 662090.34,
                "Total Cost": 662090.34,
                "Plan Rows": 42,
                "Plan Width": 37,
                "Actual Startup Time": 2767.751,
                "Actual Total Time": 2767.761,
                "Actual Rows": 612,
                "Actual Loops": 2,
                "Hash Buckets": 1024,
                "Original Hash Buckets": 1024,
                "Hash Batches": 1,
                "Original Hash Batches": 1,
                "Peak Memory Usage": 136,
                "Plans": [
                  {
                    "Node Type": "Hash Join",
                    "Parent Relationship": "Outer",
                    "Parallel Aware": true,
                    "Join Type": "Inner",
                    "Startup Cost": 116141.27,
                    "Total Cost": 662090.34,
                    "Plan Rows": 42,
                    "Plan Width": 37,
                    "Actual Startup Time": 450.759,
                    "Actual Total Time": 2767.136,
                    "Actual Rows": 612,
                    "Actual Loops": 2,
                    "Inner Unique": false,
                    "Hash Cond": "(ci.movie_id = t.id)",
                    "Plans": [
                      {
                        "Node Type": "Seq Scan",
                        "Parent Relationship": "Outer",
                        "Parallel Aware": true,
                        "Relation Name": "cast_info",
                        "Alias": "ci",
                        "Startup Cost": 0.0,
                        "Total Cost": 465968.32,
                        "Plan Rows": 21328132,
                        "Plan Width": 8,
                        "Actual Startup Time": 0.014,
                        "Actual Total Time": 1220.949,
                        "Actual Rows": 18122172,
                        "Actual Loops": 2
                      },
                      {
                        "Node Type": "Hash",
                        "Parent Relationship": "Inner",
                        "Parallel Aware": true,
                        "Startup Cost": 116141.24,
                        "Total Cost": 116141.24,
                        "Plan Rows": 3,
                        "Plan Width": 41,
                        "Actual Startup Time": 436.458,
                        "Actual Total Time": 436.465,
                        "Actual Rows": 6,
                        "Actual Loops": 2,
                        "Hash Buckets": 1024,
                        "Original Hash Buckets": 1024,
                        "Hash Batches": 1,
                        "Original Hash Batches": 1,
                        "Peak Memory Usage": 72,
                        "Plans": [
                          {
                            "Node Type": "Hash Join",
                            "Parent Relationship": "Outer",
                            "Parallel Aware": true,
                            "Join Type": "Inner",
                            "Startup Cost": 60677.44,
                            "Total Cost": 116141.24,
                            "Plan Rows": 3,
                            "Plan Width": 41,
                            "Actual Startup Time": 354.82,
                            "Actual Total Time": 436.414,
                            "Actual Rows": 6,
                            "Actual Loops": 2,
                            "Inner Unique": false,
                            "Hash Cond": "(t.id = mk.movie_id)",
                            "Plans": [
                              {
                                "Node Type": "Seq Scan",
                                "Parent Relationship": "Outer",
                                "Parallel Aware": true,
                                "Relation Name": "title",
                                "Alias": "t",
                                "Startup Cost": 0.0,
                                "Total Cost": 54589.98,
                                "Plan Rows": 233012,
                                "Plan Width": 21,
                                "Actual Startup Time": 0.009,
                                "Actual Total Time": 116.23,
                                "Actual Rows": 195833,
                                "Actual Loops": 2,
                                "Filter": "(production_year > 2010)",
                                "Rows Removed by Filter": 1068323
                              },
                              {
                                "Node Type": "Hash",
                                "Parent Relationship": "Inner",
                                "Parallel Aware": true,
                                "Startup Cost": 60677.19,
                                "Total Cost": 60677.19,
                                "Plan Rows": 20,
                                "Plan Width": 20,
                                "Actual Startup Time": 309.048,
                                "Actual Total Time": 309.051,
                                "Actual Rows": 7,
                                "Actual Loops": 2,
                                "Hash Buckets": 1024,
                                "Original Hash Buckets": 1024,
                                "Hash Batches": 1,
                                "Original Hash Batches": 1,
                                "Peak Memory Usage": 72,
                                "Plans": [
                                  {
                                    "Node Type": "Hash Join",
                                    "Parent Relationship": "Outer",
                                    "Parallel Aware": false,
                                    "Join Type": "Inner",
                                    "Startup Cost": 2626.14,
                                    "Total Cost": 60677.19,
                                    "Plan Rows": 20,
                                    "Plan Width": 20,
                                    "Actual Startup Time": 60.015,
                                    "Actual Total Time": 309.012,
                                    "Actual Rows": 7,
                                    "Actual Loops": 2,
                                    "Inner Unique": true,
                                    "Hash Cond": "(mk.keyword_id = k.id)",
                                    "Plans": [
                                      {
                                        "Node Type": "Seq Scan",
                                        "Parent Relationship": "Outer",
                                        "Parallel Aware": true,
                                        "Relation Name": "movie_keyword",
                                        "Alias": "mk",
                                        "Startup Cost": 0.0,
                                        "Total Cost": 51065.35,
                                        "Plan Rows": 2661135,
                                        "Plan Width": 8,
                                        "Actual Startup Time": 0.031,
                                        "Actual Total Time": 147.657,
                                        "Actual Rows": 2261965,
                                        "Actual Loops": 2
                                      },
                                      {
                                        "Node Type": "Hash",
                                        "Parent Relationship": "Inner",
                                        "Parallel Aware": false,
                                        "Startup Cost": 2626.12,
                                        "Total Cost": 2626.12,
                                        "Plan Rows": 1,
                                        "Plan Width": 20,
                                        "Actual Startup Time": 25.667,
                                        "Actual Total Time": 25.668,
                                        "Actual Rows": 1,
                                        "Actual Loops": 2,
                                        "Hash Buckets": 1024,
                                        "Original Hash Buckets": 1024,
                                        "Hash Batches": 1,
                                        "Original Hash Batches": 1,
                                        "Peak Memory Usage": 9,
                                        "Plans": [
                                          {
                                            "Node Type": "Seq Scan",
                                            "Parent Relationship": "Outer",
                                            "Parallel Aware": false,
                                            "Relation Name": "keyword",
                                            "Alias": "k",
                                            "Startup Cost": 0.0,
                                            "Total Cost": 2626.12,
                                            "Plan Rows": 1,
                                            "Plan Width": 20,
                                            "Actual Startup Time": 0.989,
                                            "Actual Total Time": 25.644,
                                            "Actual Rows": 1,
                                            "Actual Loops": 2,
                                            "Filter": "(keyword = 'marvel-cinematic-universe'::text)",
                                            "Rows Removed by Filter": 134169
                                          }
                                        ]
                                      }
                                    ]
                                  }
                                ]
                              }
                            ]
                          }
                        ]
                      }
                    ]
                  }
                ]
              }
            ]
          }
        ]
      }
    ]
  },
  "Planning Time": 1.041,
  "Triggers": [],
  "Execution Time": 3079.916
}