{
  "Plan": {
    "Node Type": "Aggregate",
    "Strategy": "Plain",
    "Partial Mode": "Finalize",
    "Parallel Aware": false,
    "Startup Cost": 114279.5,
    "Total Cost": 114279.51,
    "Plan Rows": 1,
    "Plan Width": 8,
    "Actual Startup Time": 730.05,
    "Actual Total Time": 747.835,
    "Actual Rows": 1,
    "Actual Loops": 1,
    "Plans": [
      {
        "Node Type": "Gather",
        "Parent Relationship": "Outer",
        "Parallel Aware": false,
        "Startup Cost": 114279.39,
        "Total Cost": 114279.5,
        "Plan Rows": 1,
        "Plan Width": 8,
        "Actual Startup Time": 726.608,
        "Actual Total Time": 747.829,
        "Actual Rows": 2,
        "Actual Loops": 1,
        "Workers Planned": 1,
        "Workers Launched": 1,
        "Single Copy": false,
        "Plans": [
          {
            "Node Type": "Aggregate",
            "Strategy": "Plain",
            "Partial Mode": "Partial",
            "Parent Relationship": "Outer",
            "Parallel Aware": false,
            "Startup Cost": 113279.39,
            "Total Cost": 113279.4,
            "Plan Rows": 1,
            "Plan Width": 8,
            "Actual Startup Time": 713.312,
            "Actual Total Time": 713.316,
            "Actual Rows": 1,
            "Actual Loops": 2,
            "Plans": [
              {
                "Node Type": "Hash Join",
                "Parent Relationship": "Outer",
                "Parallel Aware": true,
                "Join Type": "Inner",
                "Startup Cost": 82468.8,
                "Total Cost": 112377.74,
                "Plan Rows": 360658,
                "Plan Width": 0,
                "Actual Startup Time": 555.874,
                "Actual Total Time": 699.751,
                "Actual Rows": 301564,
                "Actual Loops": 2,
                "Inner Unique": true,
                "Hash Cond": "(mk.movie_id = t.id)",
                "Plans": [
                  {
                    "Node Type": "Bitmap Heap Scan",
                    "Parent Relationship": "Outer",
                    "Parallel Aware": true,
                    "Relation Name": "movie_keyword",
                    "Alias": "mk",
                    "Startup Cost": 13008.1,
                    "Total Cost": 41970.32,
                    "Plan Rows": 360658,
                    "Plan Width": 4,
                    "Actual Startup Time": 33.875,
                    "Actual Total Time": 102.67,
                    "Actual Rows": 301564,
                    "Actual Loops": 2,
                    "Recheck Cond": "(keyword_id > 30576)",
                    "Rows Removed by Index Recheck": 0,
                    "Exact Heap Blocks": 13205,
                    "Lossy Heap Blocks": 0,
                    "Plans": [
                      {
                        "Node Type": "Bitmap Index Scan",
                        "Parent Relationship": "Outer",
                        "Parallel Aware": false,
                        "Index Name": "keyword_id_movie_keyword",
                        "Startup Cost": 0.0,
                        "Total Cost": 12854.82,
                        "Plan Rows": 613118,
                        "Plan Width": 0,
                        "Actual Startup Time": 30.474,
                        "Actual Total Time": 30.474,
                        "Actual Rows": 603127,
                        "Actual Loops": 1,
                        "Index Cond": "(keyword_id > 30576)"
                      }
                    ]
                  },
                  {
                    "Node Type": "Hash",
                    "Parent Relationship": "Inner",
                    "Parallel Aware": true,
                    "Startup Cost": 50870.31,
                    "Total Cost": 50870.31,
                    "Plan Rows": 1487231,
                    "Plan Width": 4,
                    "Actual Startup Time": 499.983,
                    "Actual Total Time": 499.983,
                    "Actual Rows": 1264156,
                    "Actual Loops": 2,
                    "Hash Buckets": 4194304,
                    "Original Hash Buckets": 4194304,
                    "Hash Batches": 1,
                    "Original Hash Batches": 1,
                    "Peak Memory Usage": 131712,
                    "Plans": [
                      {
                        "Node Type": "Seq Scan",
                        "Parent Relationship": "Outer",
                        "Parallel Aware": true,
                        "Relation Name": "title",
                        "Alias": "t",
                        "Startup Cost": 0.0,
                        "Total Cost": 50870.31,
                        "Plan Rows": 1487231,
                        "Plan Width": 4,
                        "Actual Startup Time": 0.025,
                        "Actual Total Time": 145.602,
                        "Actual Rows": 1264156,
                        "Actual Loops": 2
                      }
                    ]
                  }
                ]
              }
            ]
          }
        ]
      }
    ]
  },
  "Planning Time": 0.648,
  "Triggers": [],
  "Execution Time": 747.923
}