[
  {
    "Plan": {
      "Node Type": "Aggregate",
      "Strategy": "Plain",
      "Partial Mode": "Finalize",
      "Parallel Aware": false,
      "Startup Cost": 332766.32,
      "Total Cost": 332766.33,
      "Plan Rows": 1,
      "Plan Width": 8,
      "Actual Startup Time": 393.793,
      "Actual Total Time": 420.831,
      "Actual Rows": 1,
      "Actual Loops": 1,
      "Plans": [
        {
          "Node Type": "Gather",
          "Parent Relationship": "Outer",
          "Parallel Aware": false,
          "Startup Cost": 332765.8,
          "Total Cost": 332766.31,
          "Plan Rows": 5,
          "Plan Width": 8,
          "Actual Startup Time": 393.782,
          "Actual Total Time": 420.824,
          "Actual Rows": 6,
          "Actual Loops": 1,
          "Workers Planned": 5,
          "Workers Launched": 5,
          "Single Copy": false,
          "Plans": [
            {
              "Node Type": "Aggregate",
              "Strategy": "Plain",
              "Partial Mode": "Partial",
              "Parent Relationship": "Outer",
              "Parallel Aware": false,
              "Startup Cost": 331765.8,
              "Total Cost": 331765.81,
              "Plan Rows": 1,
              "Plan Width": 8,
              "Actual Startup Time": 382.313,
              "Actual Total Time": 382.315,
              "Actual Rows": 1,
              "Actual Loops": 6,
              "Plans": [
                {
                  "Node Type": "Nested Loop",
                  "Parent Relationship": "Outer",
                  "Parallel Aware": false,
                  "Join Type": "Inner",
                  "Startup Cost": 6111.4,
                  "Total Cost": 331731.45,
                  "Plan Rows": 13739,
                  "Plan Width": 0,
                  "Actual Startup Time": 19.823,
                  "Actual Total Time": 378.003,
                  "Actual Rows": 66557,
                  "Actual Loops": 6,
                  "Inner Unique": false,
                  "Plans": [
                    {
                      "Node Type": "Nested Loop",
                      "Parent Relationship": "Outer",
                      "Parallel Aware": false,
                      "Join Type": "Inner",
                      "Startup Cost": 6110.97,
                      "Total Cost": 318330.29,
                      "Plan Rows": 25170,
                      "Plan Width": 8,
                      "Actual Startup Time": 19.455,
                      "Actual Total Time": 230.466,
                      "Actual Rows": 46696,
                      "Actual Loops": 6,
                      "Inner Unique": true,
                      "Plans": [
                        {
                          "Node Type": "Bitmap Heap Scan",
                          "Parent Relationship": "Outer",
                          "Parallel Aware": true,
                          "Relation Name": "cast_info",
                          "Alias": "ci",
                          "Startup Cost": 6110.54,
                          "Total Cost": 271065.62,
                          "Plan Rows": 25170,
                          "Plan Width": 4,
                          "Actual Startup Time": 19.227,
                          "Actual Total Time": 29.794,
                          "Actual Rows": 46696,
                          "Actual Loops": 6,
                          "Recheck Cond": "(person_id > 4011774)",
                          "Rows Removed by Index Recheck": 0,
                          "Filter": "(role_id > 2)",
                          "Rows Removed by Filter": 0,
                          "Exact Heap Blocks": 804,
                          "Lossy Heap Blocks": 0,
                          "Plans": [
                            {
                              "Node Type": "Bitmap Index Scan",
                              "Parent Relationship": "Outer",
                              "Parallel Aware": false,
                              "Index Name": "person_id_cast_info",
                              "Startup Cost": 0.0,
                              "Total Cost": 6079.08,
                              "Plan Rows": 278202,
                              "Plan Width": 0,
                              "Actual Startup Time": 28.25,
                              "Actual Total Time": 28.25,
                              "Actual Rows": 280173,
                              "Actual Loops": 1,
                              "Index Cond": "(person_id > 4011774)"
                            }
                          ]
                        },
                        {
                          "Node Type": "Index Only Scan",
                          "Parent Relationship": "Inner",
                          "Parallel Aware": false,
                          "Scan Direction": "Forward",
                          "Index Name": "title_pkey",
                          "Relation Name": "title",
                          "Alias": "t",
                          "Startup Cost": 0.43,
                          "Total Cost": 1.88,
                          "Plan Rows": 1,
                          "Plan Width": 4,
                          "Actual Startup Time": 0.004,
                          "Actual Total Time": 0.004,
                          "Actual Rows": 1,
                          "Actual Loops": 280173,
                          "Index Cond": "(id = ci.movie_id)",
                          "Rows Removed by Index Recheck": 0,
                          "Heap Fetches": 280173
                        }
                      ]
                    },
                    {
                      "Node Type": "Index Only Scan",
                      "Parent Relationship": "Inner",
                      "Parallel Aware": false,
                      "Scan Direction": "Forward",
                      "Index Name": "movie_id_movie_info_idx",
                      "Relation Name": "movie_info_idx",
                      "Alias": "mi_idx",
                      "Startup Cost": 0.43,
                      "Total Cost": 0.5,
                      "Plan Rows": 3,
                      "Plan Width": 4,
                      "Actual Startup Time": 0.003,
                      "Actual Total Time": 0.003,
                      "Actual Rows": 1,
                      "Actual Loops": 280173,
                      "Index Cond": "(movie_id = t.id)",
                      "Rows Removed by Index Recheck": 0,
                      "Heap Fetches": 399344
                    }
                  ]
                }
              ]
            }
          ]
        }
      ]
    },
    "Planning Time": 1.41,
    "Triggers": [],
    "Execution Time": 420.942
  }
]