{
  "Plan": {
    "Node Type": "Aggregate",
    "Strategy": "Plain",
    "Partial Mode": "Finalize",
    "Parallel Aware": false,
    "Startup Cost": 684539.18,
    "Total Cost": 684539.19,
    "Plan Rows": 1,
    "Plan Width": 96,
    "Actual Startup Time": 3447.957,
    "Actual Total Time": 3533.132,
    "Actual Rows": 1,
    "Actual Loops": 1,
    "Plans": [
      {
        "Node Type": "Gather",
        "Parent Relationship": "Outer",
        "Parallel Aware": false,
        "Startup Cost": 684539.06,
        "Total Cost": 684539.17,
        "Plan Rows": 1,
        "Plan Width": 96,
        "Actual Startup Time": 3447.449,
        "Actual Total Time": 3533.119,
        "Actual Rows": 2,
        "Actual Loops": 1,
        "Workers Planned": 1,
        "Workers Launched": 1,
        "Single Copy": false,
        "Plans": [
          {
            "Node Type": "Aggregate",
            "Strategy": "Plain",
            "Partial Mode": "Partial",
            "Parent Relationship": "Outer",
            "Parallel Aware": false,
            "Startup Cost": 683539.06,
            "Total Cost": 683539.07,
            "Plan Rows": 1,
            "Plan Width": 96,
            "Actual Startup Time": 3440.905,
            "Actual Total Time": 3440.913,
            "Actual Rows": 1,
            "Actual Loops": 2,
            "Plans": [
              {
                "Node Type": "Nested Loop",
                "Parent Relationship": "Outer",
                "Parallel Aware": false,
                "Join Type": "Inner",
                "Startup Cost": 614627.88,
                "Total Cost": 683538.82,
                "Plan Rows": 32,
                "Plan Width": 48,
                "Actual Startup Time": 3045.058,
                "Actual Total Time": 3440.702,
                "Actual Rows": 694,
                "Actual Loops": 2,
                "Inner Unique": true,
                "Plans": [
                  {
                    "Node Type": "Hash Join",
                    "Parent Relationship": "Outer",
                    "Parallel Aware": false,
                    "Join Type": "Inner",
                    "Startup Cost": 614627.45,
                    "Total Cost": 683513.8,
                    "Plan Rows": 55,
                    "Plan Width": 39,
                    "Actual Startup Time": 3044.998,
                    "Actual Total Time": 3433.229,
                    "Actual Rows": 1134,
                    "Actual Loops": 2,
                    "Inner Unique": true,
                    "Hash Cond": "(mk.keyword_id = k.id)",
                    "Plans": [
                      {
                        "Node Type": "Hash Join",
                        "Parent Relationship": "Outer",
                        "Parallel Aware": true,
                        "Join Type": "Inner",
                        "Startup Cost": 610994.95,
                        "Total Cost": 677461.63,
                        "Plan Rows": 921751,
                        "Plan Width": 27,
                        "Actual Startup Time": 3001.603,
                        "Actual Total Time": 3375.982,
                        "Actual Rows": 305082,
                        "Actual Loops": 2,
                        "Inner Unique": false,
                        "Hash Cond": "(mk.movie_id = ci.movie_id)",
                        "Plans": [
                          {
                            "Node Type": "Seq Scan",
                            "Parent Relationship": "Outer",
                            "Parallel Aware": true,
                            "Relation Name": "movie_keyword",
                            "Alias": "mk",
                            "Startup Cost": 0.0,
                            "Total Cost": 51065.35,
                            "Plan Rows": 2661135,
                            "Plan Width": 8,
                            "Actual Startup Time": 0.014,
                            "Actual Total Time": 167.832,
                            "Actual Rows": 2261965,
                            "Actual Loops": 2
                          },
                          {
                            "Node Type": "Hash",
                            "Parent Relationship": "Inner",
                            "Parallel Aware": true,
                            "Startup Cost": 608304.16,
                            "Total Cost": 608304.16,
                            "Plan Rows": 215263,
                            "Plan Width": 19,
                            "Actual Startup Time": 2999.809,
                            "Actual Total Time": 2999.814,
                            "Actual Rows": 40538,
                            "Actual Loops": 2,
                            "Hash Buckets": 524288,
                            "Original Hash Buckets": 524288,
                            "Hash Batches": 1,
                            "Original Hash Batches": 1,
                            "Peak Memory Usage": 8480,
                            "Plans": [
                              {
                                "Node Type": "Hash Join",
                                "Parent Relationship": "Outer",
                                "Parallel Aware": true,
                                "Join Type": "Inner",
                                "Startup Cost": 86563.89,
                                "Total Cost": 608304.16,
                                "Plan Rows": 215263,
                                "Plan Width": 19,
                                "Actual Startup Time": 275.433,
                                "Actual Total Time": 2982.92,
                                "Actual Rows": 40538,
                                "Actual Loops": 2,
                                "Inner Unique": true,
                                "Hash Cond": "(ci.person_id = n.id)",
                                "Plans": [
                                  {
                                    "Node Type": "Seq Scan",
                                    "Parent Relationship": "Outer",
                                    "Parallel Aware": true,
                                    "Relation Name": "cast_info",
                                    "Alias": "ci",
                                    "Startup Cost": 0.0,
                                    "Total Cost": 465798.46,
                                    "Plan Rows": 21311146,
                                    "Plan Width": 8,
                                    "Actual Startup Time": 0.02,
                                    "Actual Total Time": 1518.124,
                                    "Actual Rows": 18122172,
                                    "Actual Loops": 2
                                  },
                                  {
                                    "Node Type": "Hash",
                                    "Parent Relationship": "Inner",
                                    "Parallel Aware": true,
                                    "Startup Cost": 86254.38,
                                    "Total Cost": 86254.38,
                                    "Plan Rows": 24761,
                                    "Plan Width": 19,
                                    "Actual Startup Time": 272.754,
                                    "Actual Total Time": 272.755,
                                    "Actual Rows": 5191,
                                    "Actual Loops": 2,
                                    "Hash Buckets": 65536,
                                    "Original Hash Buckets": 65536,
                                    "Hash Batches": 1,
                                    "Original Hash Batches": 1,
                                    "Peak Memory Usage": 1088,
                                    "Plans": [
                                      {
                                        "Node Type": "Seq Scan",
                                        "Parent Relationship": "Outer",
                                        "Parallel Aware": true,
                                        "Relation Name": "name",
                                        "Alias": "n",
                                        "Startup Cost": 0.0,
                                        "Total Cost": 86254.38,
                                        "Plan Rows": 24761,
                                        "Plan Width": 19,
                                        "Actual Startup Time": 3.666,
                                        "Actual Total Time": 270.586,
                                        "Actual Rows": 5191,
                                        "Actual Loops": 2,
                                        "Filter": "(name ~~ '%Brown,%'::text)",
                                        "Rows Removed by Filter": 2078554
                                      }
                                    ]
                                  }
                                ]
                              }
                            ]
                          }
                        ]
                      },
                      {
                        "Node Type": "Hash",
                        "Parent Relationship": "Inner",
                        "Parallel Aware": false,
                        "Startup Cost": 3632.4,
                        "Total Cost": 3632.4,
                        "Plan Rows": 8,
                        "Plan Width": 20,
                        "Actual Startup Time": 40.683,
                        "Actual Total Time": 40.683,
                        "Actual Rows": 7,
                        "Actual Loops": 2,
                        "Hash Buckets": 1024,
                        "Original Hash Buckets": 1024,
                        "Hash Batches": 1,
                        "Original Hash Batches": 1,
                        "Peak Memory Usage": 9,
                        "Plans": [
                          {
                            "Node Type": "Seq Scan",
                            "Parent Relationship": "Outer",
                            "Parallel Aware": false,
                            "Relation Name": "keyword",
                            "Alias": "k",
                            "Startup Cost": 0.0,
                            "Total Cost": 3632.4,
                            "Plan Rows": 8,
                            "Plan Width": 20,
                            "Actual Startup Time": 0.357,
                            "Actual Total Time": 40.652,
                            "Actual Rows": 7,
                            "Actual Loops": 2,
                            "Filter": "(keyword = ANY ('{fight,tv-special,superhero,web,second-part,hand-to-hand-combat,based-on-comic,based-on-comic}'::text[]))",
                            "Rows Removed by Filter": 134163
                          }
                        ]
                      }
                    ]
                  },
                  {
                    "Node Type": "Index Scan",
                    "Parent Relationship": "Inner",
                    "Parallel Aware": false,
                    "Scan Direction": "Forward",
                    "Index Name": "title_pkey",
                    "Relation Name": "title",
                    "Alias": "t",
                    "Startup Cost": 0.43,
                    "Total Cost": 0.45,
                    "Plan Rows": 1,
                    "Plan Width": 21,
                    "Actual Startup Time": 0.006,
                    "Actual Total Time": 0.006,
                    "Actual Rows": 1,
                    "Actual Loops": 2269,
                    "Index Cond": "(id = ci.movie_id)",
                    "Rows Removed by Index Recheck": 0,
                    "Filter": "(production_year > 1998)",
                    "Rows Removed by Filter": 0
                  }
                ]
              }
            ]
          }
        ]
      }
    ]
  },
  "Planning Time": 1.753,
  "Triggers": [],
  "Execution Time": 3533.293
}