[
  {
    "Plan": {
      "Node Type": "Aggregate",
      "Strategy": "Plain",
      "Partial Mode": "Finalize",
      "Parallel Aware": false,
      "Startup Cost": 45878.17,
      "Total Cost": 45878.18,
      "Plan Rows": 1,
      "Plan Width": 8,
      "Actual Startup Time": 180.858,
      "Actual Total Time": 192.609,
      "Actual Rows": 1,
      "Actual Loops": 1,
      "Plans": [
        {
          "Node Type": "Gather",
          "Parent Relationship": "Outer",
          "Parallel Aware": false,
          "Startup Cost": 45877.85,
          "Total Cost": 45878.16,
          "Plan Rows": 3,
          "Plan Width": 8,
          "Actual Startup Time": 180.618,
          "Actual Total Time": 192.601,
          "Actual Rows": 4,
          "Actual Loops": 1,
          "Workers Planned": 3,
          "Workers Launched": 3,
          "Single Copy": false,
          "Plans": [
            {
              "Node Type": "Aggregate",
              "Strategy": "Plain",
              "Partial Mode": "Partial",
              "Parent Relationship": "Outer",
              "Parallel Aware": false,
              "Startup Cost": 44877.85,
              "Total Cost": 44877.86,
              "Plan Rows": 1,
              "Plan Width": 8,
              "Actual Startup Time": 174.941,
              "Actual Total Time": 174.942,
              "Actual Rows": 1,
              "Actual Loops": 4,
              "Plans": [
                {
                  "Node Type": "Seq Scan",
                  "Parent Relationship": "Outer",
                  "Parallel Aware": true,
                  "Relation Name": "movie_keyword",
                  "Alias": "mk",
                  "Startup Cost": 0.0,
                  "Total Cost": 42695.65,
                  "Plan Rows": 872879,
                  "Plan Width": 0,
                  "Actual Startup Time": 0.044,
                  "Actual Total Time": 137.632,
                  "Actual Rows": 673398,
                  "Actual Loops": 4,
                  "Filter": "(keyword_id < 7632)",
                  "Rows Removed by Filter": 457584
                }
              ]
            }
          ]
        }
      ]
    },
    "Planning Time": 0.141,
    "Triggers": [],
    "Execution Time": 192.652
  }
]