{
  "Plan": {
    "Node Type": "Aggregate",
    "Strategy": "Plain",
    "Partial Mode": "Finalize",
    "Parallel Aware": false,
    "Startup Cost": 162152.09,
    "Total Cost": 162152.1,
    "Plan Rows": 1,
    "Plan Width": 8,
    "Actual Startup Time": 499.357,
    "Actual Total Time": 524.883,
    "Actual Rows": 1,
    "Actual Loops": 1,
    "Plans": [
      {
        "Node Type": "Gather",
        "Parent Relationship": "Outer",
        "Parallel Aware": false,
        "Startup Cost": 162151.98,
        "Total Cost": 162152.09,
        "Plan Rows": 1,
        "Plan Width": 8,
        "Actual Startup Time": 498.933,
        "Actual Total Time": 524.874,
        "Actual Rows": 2,
        "Actual Loops": 1,
        "Workers Planned": 1,
        "Workers Launched": 1,
        "Single Copy": false,
        "Plans": [
          {
            "Node Type": "Aggregate",
            "Strategy": "Plain",
            "Partial Mode": "Partial",
            "Parent Relationship": "Outer",
            "Parallel Aware": false,
            "Startup Cost": 161151.98,
            "Total Cost": 161151.99,
            "Plan Rows": 1,
            "Plan Width": 8,
            "Actual Startup Time": 493.01,
            "Actual Total Time": 493.014,
            "Actual Rows": 1,
            "Actual Loops": 2,
            "Plans": [
              {
                "Node Type": "Nested Loop",
                "Parent Relationship": "Outer",
                "Parallel Aware": false,
                "Join Type": "Inner",
                "Startup Cost": 58688.48,
                "Total Cost": 160691.47,
                "Plan Rows": 184204,
                "Plan Width": 0,
                "Actual Startup Time": 165.055,
                "Actual Total Time": 488.746,
                "Actual Rows": 75920,
                "Actual Loops": 2,
                "Inner Unique": false,
                "Join Filter": "(t.id = mi.movie_id)",
                "Rows Removed by Join Filter": 0,
                "Plans": [
                  {
                    "Node Type": "Hash Join",
                    "Parent Relationship": "Outer",
                    "Parallel Aware": true,
                    "Join Type": "Inner",
                    "Startup Cost": 58688.04,
                    "Total Cost": 96854.67,
                    "Plan Rows": 31502,
                    "Plan Width": 8,
                    "Actual Startup Time": 164.975,
                    "Actual Total Time": 422.248,
                    "Actual Rows": 8300,
                    "Actual Loops": 2,
                    "Inner Unique": true,
                    "Hash Cond": "(mc.movie_id = t.id)",
                    "Plans": [
                      {
                        "Node Type": "Seq Scan",
                        "Parent Relationship": "Outer",
                        "Parallel Aware": true,
                        "Relation Name": "movie_companies",
                        "Alias": "mc",
                        "Startup Cost": 0.0,
                        "Total Cost": 34137.82,
                        "Plan Rows": 1534782,
                        "Plan Width": 4,
                        "Actual Startup Time": 0.015,
                        "Actual Total Time": 109.316,
                        "Actual Rows": 1304564,
                        "Actual Loops": 2
                      },
                      {
                        "Node Type": "Hash",
                        "Parent Relationship": "Inner",
                        "Parallel Aware": true,
                        "Startup Cost": 58306.47,
                        "Total Cost": 58306.47,
                        "Plan Rows": 30526,
                        "Plan Width": 4,
                        "Actual Startup Time": 163.514,
                        "Actual Total Time": 163.514,
                        "Actual Rows": 28240,
                        "Actual Loops": 2,
                        "Hash Buckets": 65536,
                        "Original Hash Buckets": 65536,
                        "Hash Batches": 1,
                        "Original Hash Batches": 1,
                        "Peak Memory Usage": 2752,
                        "Plans": [
                          {
                            "Node Type": "Seq Scan",
                            "Parent Relationship": "Outer",
                            "Parallel Aware": true,
                            "Relation Name": "title",
                            "Alias": "t",
                            "Startup Cost": 0.0,
                            "Total Cost": 58306.47,
                            "Plan Rows": 30526,
                            "Plan Width": 4,
                            "Actual Startup Time": 0.038,
                            "Actual Total Time": 154.78,
                            "Actual Rows": 28240,
                            "Actual Loops": 2,
                            "Filter": "((kind_id = 7) AND (production_year = 2004))",
                            "Rows Removed by Filter": 1235916
                          }
                        ]
                      }
                    ]
                  },
                  {
                    "Node Type": "Index Only Scan",
                    "Parent Relationship": "Inner",
                    "Parallel Aware": false,
                    "Scan Direction": "Forward",
                    "Index Name": "movie_id_movie_info",
                    "Relation Name": "movie_info",
                    "Alias": "mi",
                    "Startup Cost": 0.43,
                    "Total Cost": 1.5,
                    "Plan Rows": 42,
                    "Plan Width": 4,
                    "Actual Startup Time": 0.003,
                    "Actual Total Time": 0.007,
                    "Actual Rows": 9,
                    "Actual Loops": 16601,
                    "Index Cond": "(movie_id = mc.movie_id)",
                    "Rows Removed by Index Recheck": 0,
                    "Heap Fetches": 151841
                  }
                ]
              }
            ]
          }
        ]
      }
    ]
  },
  "Planning Time": 0.934,
  "Triggers": [],
  "Execution Time": 524.995
}