[
  {
    "Plan": {
      "Node Type": "Aggregate",
      "Strategy": "Plain",
      "Partial Mode": "Finalize",
      "Parallel Aware": false,
      "Startup Cost": 31942.82,
      "Total Cost": 31942.83,
      "Plan Rows": 1,
      "Plan Width": 8,
      "Actual Startup Time": 63.389,
      "Actual Total Time": 66.914,
      "Actual Rows": 1,
      "Actual Loops": 1,
      "Plans": [
        {
          "Node Type": "Gather",
          "Parent Relationship": "Outer",
          "Parallel Aware": false,
          "Startup Cost": 31942.5,
          "Total Cost": 31942.81,
          "Plan Rows": 3,
          "Plan Width": 8,
          "Actual Startup Time": 63.277,
          "Actual Total Time": 66.908,
          "Actual Rows": 4,
          "Actual Loops": 1,
          "Workers Planned": 3,
          "Workers Launched": 3,
          "Single Copy": false,
          "Plans": [
            {
              "Node Type": "Aggregate",
              "Strategy": "Plain",
              "Partial Mode": "Partial",
              "Parent Relationship": "Outer",
              "Parallel Aware": false,
              "Startup Cost": 30942.5,
              "Total Cost": 30942.51,
              "Plan Rows": 1,
              "Plan Width": 8,
              "Actual Startup Time": 60.62,
              "Actual Total Time": 60.621,
              "Actual Rows": 1,
              "Actual Loops": 4,
              "Plans": [
                {
                  "Node Type": "Bitmap Heap Scan",
                  "Parent Relationship": "Outer",
                  "Parallel Aware": true,
                  "Relation Name": "movie_companies",
                  "Alias": "mc",
                  "Startup Cost": 9771.6,
                  "Total Cost": 30756.04,
                  "Plan Rows": 74586,
                  "Plan Width": 0,
                  "Actual Startup Time": 21.51,
                  "Actual Total Time": 54.59,
                  "Actual Rows": 114103,
                  "Actual Loops": 4,
                  "Recheck Cond": "(company_id > 76833)",
                  "Rows Removed by Index Recheck": 0,
                  "Filter": "(company_type_id = 2)",
                  "Rows Removed by Filter": 0,
                  "Exact Heap Blocks": 2983,
                  "Lossy Heap Blocks": 0,
                  "Plans": [
                    {
                      "Node Type": "Bitmap Index Scan",
                      "Parent Relationship": "Outer",
                      "Parallel Aware": false,
                      "Index Name": "company_id_movie_companies",
                      "Startup Cost": 0.0,
                      "Total Cost": 9713.8,
                      "Plan Rows": 453516,
                      "Plan Width": 0,
                      "Actual Startup Time": 22.878,
                      "Actual Total Time": 22.878,
                      "Actual Rows": 456412,
                      "Actual Loops": 1,
                      "Index Cond": "(company_id > 76833)"
                    }
                  ]
                }
              ]
            }
          ]
        }
      ]
    },
    "Planning Time": 0.053,
    "Triggers": [],
    "Execution Time": 66.938
  }
]