[
  {
    "Plan": {
      "Node Type": "Aggregate",
      "Strategy": "Plain",
      "Partial Mode": "Finalize",
      "Parallel Aware": false,
      "Startup Cost": 31825.5,
      "Total Cost": 31825.51,
      "Plan Rows": 1,
      "Plan Width": 8,
      "Actual Startup Time": 101.668,
      "Actual Total Time": 106.07,
      "Actual Rows": 1,
      "Actual Loops": 1,
      "Plans": [
        {
          "Node Type": "Gather",
          "Parent Relationship": "Outer",
          "Parallel Aware": false,
          "Startup Cost": 31825.18,
          "Total Cost": 31825.49,
          "Plan Rows": 3,
          "Plan Width": 8,
          "Actual Startup Time": 101.509,
          "Actual Total Time": 106.062,
          "Actual Rows": 4,
          "Actual Loops": 1,
          "Workers Planned": 3,
          "Workers Launched": 3,
          "Single Copy": false,
          "Plans": [
            {
              "Node Type": "Aggregate",
              "Strategy": "Plain",
              "Partial Mode": "Partial",
              "Parent Relationship": "Outer",
              "Parallel Aware": false,
              "Startup Cost": 30825.18,
              "Total Cost": 30825.19,
              "Plan Rows": 1,
              "Plan Width": 8,
              "Actual Startup Time": 92.176,
              "Actual Total Time": 92.177,
              "Actual Rows": 1,
              "Actual Loops": 4,
              "Plans": [
                {
                  "Node Type": "Bitmap Heap Scan",
                  "Parent Relationship": "Outer",
                  "Parallel Aware": true,
                  "Relation Name": "movie_companies",
                  "Alias": "mc",
                  "Startup Cost": 9678.01,
                  "Total Cost": 30641.27,
                  "Plan Rows": 73563,
                  "Plan Width": 0,
                  "Actual Startup Time": 42.555,
                  "Actual Total Time": 85.267,
                  "Actual Rows": 114103,
                  "Actual Loops": 4,
                  "Recheck Cond": "(company_id > 76833)",
                  "Rows Removed by Index Recheck": 0,
                  "Filter": "(company_type_id = 2)",
                  "Rows Removed by Filter": 0,
                  "Exact Heap Blocks": 3610,
                  "Lossy Heap Blocks": 0,
                  "Plans": [
                    {
                      "Node Type": "Bitmap Index Scan",
                      "Parent Relationship": "Outer",
                      "Parallel Aware": false,
                      "Index Name": "company_id_movie_companies",
                      "Startup Cost": 0.0,
                      "Total Cost": 9621.0,
                      "Plan Rows": 449142,
                      "Plan Width": 0,
                      "Actual Startup Time": 50.039,
                      "Actual Total Time": 50.04,
                      "Actual Rows": 456412,
                      "Actual Loops": 1,
                      "Index Cond": "(company_id > 76833)"
                    }
                  ]
                }
              ]
            }
          ]
        }
      ]
    },
    "Planning Time": 0.225,
    "Triggers": [],
    "Execution Time": 106.159
  }
]