[
  {
    "Plan": {
      "Node Type": "Aggregate",
      "Strategy": "Plain",
      "Partial Mode": "Finalize",
      "Parallel Aware": false,
      "Startup Cost": 78493.85,
      "Total Cost": 78493.86,
      "Plan Rows": 1,
      "Plan Width": 8,
      "Actual Startup Time": 249.413,
      "Actual Total Time": 264.971,
      "Actual Rows": 1,
      "Actual Loops": 1,
      "Plans": [
        {
          "Node Type": "Gather",
          "Parent Relationship": "Outer",
          "Parallel Aware": false,
          "Startup Cost": 78493.54,
          "Total Cost": 78493.85,
          "Plan Rows": 3,
          "Plan Width": 8,
          "Actual Startup Time": 246.802,
          "Actual Total Time": 264.961,
          "Actual Rows": 4,
          "Actual Loops": 1,
          "Workers Planned": 3,
          "Workers Launched": 3,
          "Single Copy": false,
          "Plans": [
            {
              "Node Type": "Aggregate",
              "Strategy": "Plain",
              "Partial Mode": "Partial",
              "Parent Relationship": "Outer",
              "Parallel Aware": false,
              "Startup Cost": 77493.54,
              "Total Cost": 77493.55,
              "Plan Rows": 1,
              "Plan Width": 8,
              "Actual Startup Time": 241.711,
              "Actual Total Time": 241.714,
              "Actual Rows": 1,
              "Actual Loops": 4,
              "Plans": [
                {
                  "Node Type": "Hash Join",
                  "Parent Relationship": "Outer",
                  "Parallel Aware": true,
                  "Join Type": "Inner",
                  "Startup Cost": 45532.52,
                  "Total Cost": 77403.7,
                  "Plan Rows": 35935,
                  "Plan Width": 0,
                  "Actual Startup Time": 173.288,
                  "Actual Total Time": 240.667,
                  "Actual Rows": 24329,
                  "Actual Loops": 4,
                  "Inner Unique": true,
                  "Hash Cond": "(mc.movie_id = t.id)",
                  "Plans": [
                    {
                      "Node Type": "Seq Scan",
                      "Parent Relationship": "Outer",
                      "Parallel Aware": true,
                      "Relation Name": "movie_companies",
                      "Alias": "mc",
                      "Startup Cost": 0.0,
                      "Total Cost": 31414.82,
                      "Plan Rows": 173851,
                      "Plan Width": 4,
                      "Actual Startup Time": 9.861,
                      "Actual Total Time": 60.031,
                      "Actual Rows": 61481,
                      "Actual Loops": 4,
                      "Filter": "((company_id > 14120) AND (company_type_id < 2))",
                      "Rows Removed by Filter": 590802
                    },
                    {
                      "Node Type": "Hash",
                      "Parent Relationship": "Inner",
                      "Parallel Aware": true,
                      "Startup Cost": 43899.32,
                      "Total Cost": 43899.32,
                      "Plan Rows": 130656,
                      "Plan Width": 4,
                      "Actual Startup Time": 160.259,
                      "Actual Total Time": 160.26,
                      "Actual Rows": 134548,
                      "Actual Loops": 4,
                      "Hash Buckets": 1048576,
                      "Original Hash Buckets": 524288,
                      "Hash Batches": 1,
                      "Original Hash Batches": 1,
                      "Peak Memory Usage": 33440,
                      "Plans": [
                        {
                          "Node Type": "Seq Scan",
                          "Parent Relationship": "Outer",
                          "Parallel Aware": true,
                          "Relation Name": "title",
                          "Alias": "t",
                          "Startup Cost": 0.0,
                          "Total Cost": 43899.32,
                          "Plan Rows": 130656,
                          "Plan Width": 4,
                          "Actual Startup Time": 0.044,
                          "Actual Total Time": 95.23,
                          "Actual Rows": 134548,
                          "Actual Loops": 4,
                          "Filter": "(production_year < 1982)",
                          "Rows Removed by Filter": 497530
                        }
                      ]
                    }
                  ]
                }
              ]
            }
          ]
        }
      ]
    },
    "Planning Time": 0.633,
    "Triggers": [],
    "Execution Time": 265.038
  }
]