[
  {
    "Plan": {
      "Node Type": "Aggregate",
      "Strategy": "Plain",
      "Partial Mode": "Finalize",
      "Parallel Aware": false,
      "Startup Cost": 78502.69,
      "Total Cost": 78502.7,
      "Plan Rows": 1,
      "Plan Width": 8,
      "Actual Startup Time": 262.845,
      "Actual Total Time": 280.171,
      "Actual Rows": 1,
      "Actual Loops": 1,
      "Plans": [
        {
          "Node Type": "Gather",
          "Parent Relationship": "Outer",
          "Parallel Aware": false,
          "Startup Cost": 78502.37,
          "Total Cost": 78502.68,
          "Plan Rows": 3,
          "Plan Width": 8,
          "Actual Startup Time": 261.0,
          "Actual Total Time": 280.162,
          "Actual Rows": 4,
          "Actual Loops": 1,
          "Workers Planned": 3,
          "Workers Launched": 3,
          "Single Copy": false,
          "Plans": [
            {
              "Node Type": "Aggregate",
              "Strategy": "Plain",
              "Partial Mode": "Partial",
              "Parent Relationship": "Outer",
              "Parallel Aware": false,
              "Startup Cost": 77502.37,
              "Total Cost": 77502.38,
              "Plan Rows": 1,
              "Plan Width": 8,
              "Actual Startup Time": 252.221,
              "Actual Total Time": 252.224,
              "Actual Rows": 1,
              "Actual Loops": 4,
              "Plans": [
                {
                  "Node Type": "Hash Join",
                  "Parent Relationship": "Outer",
                  "Parallel Aware": true,
                  "Join Type": "Inner",
                  "Startup Cost": 45543.32,
                  "Total Cost": 77412.34,
                  "Plan Rows": 36012,
                  "Plan Width": 0,
                  "Actual Startup Time": 178.803,
                  "Actual Total Time": 251.019,
                  "Actual Rows": 24329,
                  "Actual Loops": 4,
                  "Inner Unique": true,
                  "Hash Cond": "(mc.movie_id = t.id)",
                  "Plans": [
                    {
                      "Node Type": "Seq Scan",
                      "Parent Relationship": "Outer",
                      "Parallel Aware": true,
                      "Relation Name": "movie_companies",
                      "Alias": "mc",
                      "Startup Cost": 0.0,
                      "Total Cost": 31414.82,
                      "Plan Rows": 173031,
                      "Plan Width": 4,
                      "Actual Startup Time": 10.82,
                      "Actual Total Time": 64.832,
                      "Actual Rows": 61481,
                      "Actual Loops": 4,
                      "Filter": "((company_id > 14120) AND (company_type_id < 2))",
                      "Rows Removed by Filter": 590802
                    },
                    {
                      "Node Type": "Hash",
                      "Parent Relationship": "Inner",
                      "Parallel Aware": true,
                      "Startup Cost": 43898.92,
                      "Total Cost": 43898.92,
                      "Plan Rows": 131552,
                      "Plan Width": 4,
                      "Actual Startup Time": 162.71,
                      "Actual Total Time": 162.711,
                      "Actual Rows": 134548,
                      "Actual Loops": 4,
                      "Hash Buckets": 1048576,
                      "Original Hash Buckets": 1048576,
                      "Hash Batches": 1,
                      "Original Hash Batches": 1,
                      "Peak Memory Usage": 29312,
                      "Plans": [
                        {
                          "Node Type": "Seq Scan",
                          "Parent Relationship": "Outer",
                          "Parallel Aware": true,
                          "Relation Name": "title",
                          "Alias": "t",
                          "Startup Cost": 0.0,
                          "Total Cost": 43898.92,
                          "Plan Rows": 131552,
                          "Plan Width": 4,
                          "Actual Startup Time": 0.045,
                          "Actual Total Time": 105.787,
                          "Actual Rows": 134548,
                          "Actual Loops": 4,
                          "Filter": "(production_year < 1982)",
                          "Rows Removed by Filter": 497530
                        }
                      ]
                    }
                  ]
                }
              ]
            }
          ]
        }
      ]
    },
    "Planning Time": 0.595,
    "Triggers": [],
    "Execution Time": 280.286
  }
]