[
    {
        "Bao": {
            "Bao prediction": "NaN",
            "Bao recommended hint": "(no hint)"
        }
    },
    {
        "Plan": {
            "Node Type": "Aggregate",
            "Strategy": "Plain",
            "Partial Mode": "Finalize",
            "Parallel Aware": false,
            "Startup Cost": 269105.35,
            "Total Cost": 269105.36,
            "Plan Rows": 1,
            "Plan Width": 8,
            "Actual Startup Time": 63.342,
            "Actual Total Time": 66.879,
            "Actual Rows": 1,
            "Actual Loops": 1,
            "Output": [
                "count(*)"
            ],
            "Plans": [
                {
                    "Node Type": "Gather",
                    "Parent Relationship": "Outer",
                    "Parallel Aware": false,
                    "Startup Cost": 269104.72,
                    "Total Cost": 269105.33,
                    "Plan Rows": 6,
                    "Plan Width": 8,
                    "Actual Startup Time": 63.003,
                    "Actual Total Time": 66.871,
                    "Actual Rows": 7,
                    "Actual Loops": 1,
                    "Output": [
                        "(PARTIAL count(*))"
                    ],
                    "Workers Planned": 6,
                    "Workers Launched": 6,
                    "Single Copy": false,
                    "Plans": [
                        {
                            "Node Type": "Aggregate",
                            "Strategy": "Plain",
                            "Partial Mode": "Partial",
                            "Parent Relationship": "Outer",
                            "Parallel Aware": false,
                            "Startup Cost": 268104.72,
                            "Total Cost": 268104.73,
                            "Plan Rows": 1,
                            "Plan Width": 8,
                            "Actual Startup Time": 52.353,
                            "Actual Total Time": 52.354,
                            "Actual Rows": 1,
                            "Actual Loops": 7,
                            "Output": [
                                "PARTIAL count(*)"
                            ],
                            "Workers": [
                                {
                                    "Worker Number": 0,
                                    "Actual Startup Time": 49.992,
                                    "Actual Total Time": 49.993,
                                    "Actual Rows": 1,
                                    "Actual Loops": 1
                                },
                                {
                                    "Worker Number": 1,
                                    "Actual Startup Time": 50.06,
                                    "Actual Total Time": 50.061,
                                    "Actual Rows": 1,
                                    "Actual Loops": 1
                                },
                                {
                                    "Worker Number": 2,
                                    "Actual Startup Time": 50.748,
                                    "Actual Total Time": 50.749,
                                    "Actual Rows": 1,
                                    "Actual Loops": 1
                                },
                                {
                                    "Worker Number": 3,
                                    "Actual Startup Time": 51.169,
                                    "Actual Total Time": 51.17,
                                    "Actual Rows": 1,
                                    "Actual Loops": 1
                                },
                                {
                                    "Worker Number": 4,
                                    "Actual Startup Time": 51.193,
                                    "Actual Total Time": 51.194,
                                    "Actual Rows": 1,
                                    "Actual Loops": 1
                                },
                                {
                                    "Worker Number": 5,
                                    "Actual Startup Time": 51.171,
                                    "Actual Total Time": 51.173,
                                    "Actual Rows": 1,
                                    "Actual Loops": 1
                                }
                            ],
                            "Plans": [
                                {
                                    "Node Type": "Bitmap Heap Scan",
                                    "Parent Relationship": "Outer",
                                    "Parallel Aware": true,
                                    "Relation Name": "cast_info",
                                    "Schema": "public",
                                    "Alias": "ci",
                                    "Startup Cost": 13737.3,
                                    "Total Cost": 267989.5,
                                    "Plan Rows": 46090,
                                    "Plan Width": 0,
                                    "Actual Startup Time": 39.113,
                                    "Actual Total Time": 50.673,
                                    "Actual Rows": 23617,
                                    "Actual Loops": 7,
                                    "Recheck Cond": "(ci.person_id < 68865)",
                                    "Rows Removed by Index Recheck": 0,
                                    "Filter": "(ci.role_id > 2)",
                                    "Rows Removed by Filter": 68375,
                                    "Exact Heap Blocks": 2692,
                                    "Lossy Heap Blocks": 0,
                                    "Workers": [
                                        {
                                            "Worker Number": 0,
                                            "Actual Startup Time": 36.767,
                                            "Actual Total Time": 48.443,
                                            "Actual Rows": 18604,
                                            "Actual Loops": 1
                                        },
                                        {
                                            "Worker Number": 1,
                                            "Actual Startup Time": 36.885,
                                            "Actual Total Time": 48.445,
                                            "Actual Rows": 18659,
                                            "Actual Loops": 1
                                        },
                                        {
                                            "Worker Number": 2,
                                            "Actual Startup Time": 37.497,
                                            "Actual Total Time": 49.079,
                                            "Actual Rows": 18960,
                                            "Actual Loops": 1
                                        },
                                        {
                                            "Worker Number": 3,
                                            "Actual Startup Time": 37.919,
                                            "Actual Total Time": 49.52,
                                            "Actual Rows": 18383,
                                            "Actual Loops": 1
                                        },
                                        {
                                            "Worker Number": 4,
                                            "Actual Startup Time": 37.926,
                                            "Actual Total Time": 49.574,
                                            "Actual Rows": 19061,
                                            "Actual Loops": 1
                                        },
                                        {
                                            "Worker Number": 5,
                                            "Actual Startup Time": 37.939,
                                            "Actual Total Time": 49.562,
                                            "Actual Rows": 18229,
                                            "Actual Loops": 1
                                        }
                                    ],
                                    "Plans": [
                                        {
                                            "Node Type": "Bitmap Index Scan",
                                            "Parent Relationship": "Outer",
                                            "Parallel Aware": false,
                                            "Index Name": "person_id_cast_info",
                                            "Startup Cost": 0.0,
                                            "Total Cost": 13668.16,
                                            "Plan Rows": 626080,
                                            "Plan Width": 0,
                                            "Actual Startup Time": 24.887,
                                            "Actual Total Time": 24.887,
                                            "Actual Rows": 643943,
                                            "Actual Loops": 1,
                                            "Index Cond": "(ci.person_id < 68865)"
                                        }
                                    ]
                                }
                            ]
                        }
                    ]
                }
            ]
        },
        "Planning Time": 175.943,
        "Triggers": [],
        "Execution Time": 66.989
    }
]