[
  {
    "Plan": {
      "Node Type": "Aggregate",
      "Strategy": "Plain",
      "Partial Mode": "Finalize",
      "Parallel Aware": false,
      "Startup Cost": 340929.26,
      "Total Cost": 340929.27,
      "Plan Rows": 1,
      "Plan Width": 8,
      "Actual Startup Time": 832.636,
      "Actual Total Time": 884.115,
      "Actual Rows": 1,
      "Actual Loops": 1,
      "Plans": [
        {
          "Node Type": "Gather",
          "Parent Relationship": "Outer",
          "Parallel Aware": false,
          "Startup Cost": 340928.64,
          "Total Cost": 340929.25,
          "Plan Rows": 6,
          "Plan Width": 8,
          "Actual Startup Time": 832.418,
          "Actual Total Time": 884.103,
          "Actual Rows": 7,
          "Actual Loops": 1,
          "Workers Planned": 6,
          "Workers Launched": 6,
          "Single Copy": false,
          "Plans": [
            {
              "Node Type": "Aggregate",
              "Strategy": "Plain",
              "Partial Mode": "Partial",
              "Parent Relationship": "Outer",
              "Parallel Aware": false,
              "Startup Cost": 339928.64,
              "Total Cost": 339928.65,
              "Plan Rows": 1,
              "Plan Width": 8,
              "Actual Startup Time": 824.38,
              "Actual Total Time": 824.381,
              "Actual Rows": 1,
              "Actual Loops": 7,
              "Plans": [
                {
                  "Node Type": "Seq Scan",
                  "Parent Relationship": "Outer",
                  "Parallel Aware": true,
                  "Relation Name": "cast_info",
                  "Alias": "ci",
                  "Startup Cost": 0.0,
                  "Total Cost": 328211.39,
                  "Plan Rows": 4686899,
                  "Plan Width": 0,
                  "Actual Startup Time": 98.161,
                  "Actual Total Time": 632.119,
                  "Actual Rows": 3999392,
                  "Actual Loops": 7,
                  "Filter": "(person_id > 806522)",
                  "Rows Removed by Filter": 1178371
                }
              ]
            }
          ]
        }
      ]
    },
    "Planning Time": 0.204,
    "Triggers": [],
    "Execution Time": 884.187
  }
]