[
  {
    "Plan": {
      "Node Type": "Aggregate",
      "Strategy": "Plain",
      "Partial Mode": "Finalize",
      "Parallel Aware": false,
      "Startup Cost": 340885.68,
      "Total Cost": 340885.69,
      "Plan Rows": 1,
      "Plan Width": 8,
      "Actual Startup Time": 855.464,
      "Actual Total Time": 918.314,
      "Actual Rows": 1,
      "Actual Loops": 1,
      "Plans": [
        {
          "Node Type": "Gather",
          "Parent Relationship": "Outer",
          "Parallel Aware": false,
          "Startup Cost": 340885.06,
          "Total Cost": 340885.67,
          "Plan Rows": 6,
          "Plan Width": 8,
          "Actual Startup Time": 855.349,
          "Actual Total Time": 918.303,
          "Actual Rows": 7,
          "Actual Loops": 1,
          "Workers Planned": 6,
          "Workers Launched": 6,
          "Single Copy": false,
          "Plans": [
            {
              "Node Type": "Aggregate",
              "Strategy": "Plain",
              "Partial Mode": "Partial",
              "Parent Relationship": "Outer",
              "Parallel Aware": false,
              "Startup Cost": 339885.06,
              "Total Cost": 339885.07,
              "Plan Rows": 1,
              "Plan Width": 8,
              "Actual Startup Time": 846.55,
              "Actual Total Time": 846.552,
              "Actual Rows": 1,
              "Actual Loops": 7,
              "Plans": [
                {
                  "Node Type": "Seq Scan",
                  "Parent Relationship": "Outer",
                  "Parallel Aware": true,
                  "Relation Name": "cast_info",
                  "Alias": "ci",
                  "Startup Cost": 0.0,
                  "Total Cost": 328162.03,
                  "Plan Rows": 4689212,
                  "Plan Width": 0,
                  "Actual Startup Time": 99.482,
                  "Actual Total Time": 664.311,
                  "Actual Rows": 3999392,
                  "Actual Loops": 7,
                  "Filter": "(person_id > 806522)",
                  "Rows Removed by Filter": 1178371
                }
              ]
            }
          ]
        }
      ]
    },
    "Planning Time": 0.159,
    "Triggers": [],
    "Execution Time": 918.373
  }
]