[
  {
    "Plan": {
      "Node Type": "Aggregate",
      "Strategy": "Plain",
      "Partial Mode": "Finalize",
      "Parallel Aware": false,
      "Startup Cost": 31779.08,
      "Total Cost": 31779.09,
      "Plan Rows": 1,
      "Plan Width": 8,
      "Actual Startup Time": 112.623,
      "Actual Total Time": 120.576,
      "Actual Rows": 1,
      "Actual Loops": 1,
      "Plans": [
        {
          "Node Type": "Gather",
          "Parent Relationship": "Outer",
          "Parallel Aware": false,
          "Startup Cost": 31778.76,
          "Total Cost": 31779.07,
          "Plan Rows": 3,
          "Plan Width": 8,
          "Actual Startup Time": 112.514,
          "Actual Total Time": 120.567,
          "Actual Rows": 4,
          "Actual Loops": 1,
          "Workers Planned": 3,
          "Workers Launched": 3,
          "Single Copy": false,
          "Plans": [
            {
              "Node Type": "Aggregate",
              "Strategy": "Plain",
              "Partial Mode": "Partial",
              "Parent Relationship": "Outer",
              "Parallel Aware": false,
              "Startup Cost": 30778.76,
              "Total Cost": 30778.77,
              "Plan Rows": 1,
              "Plan Width": 8,
              "Actual Startup Time": 107.583,
              "Actual Total Time": 107.584,
              "Actual Rows": 1,
              "Actual Loops": 4,
              "Plans": [
                {
                  "Node Type": "Seq Scan",
                  "Parent Relationship": "Outer",
                  "Parallel Aware": true,
                  "Relation Name": "movie_companies",
                  "Alias": "mc",
                  "Startup Cost": 0.0,
                  "Total Cost": 29310.68,
                  "Plan Rows": 587232,
                  "Plan Width": 0,
                  "Actual Startup Time": 0.508,
                  "Actual Total Time": 84.112,
                  "Actual Rows": 455884,
                  "Actual Loops": 4,
                  "Filter": "(company_id > 1705)",
                  "Rows Removed by Filter": 196398
                }
              ]
            }
          ]
        }
      ]
    },
    "Planning Time": 0.189,
    "Triggers": [],
    "Execution Time": 120.637
  }
]