[
  {
    "Plan": {
      "Node Type": "Aggregate",
      "Strategy": "Plain",
      "Partial Mode": "Finalize",
      "Parallel Aware": false,
      "Startup Cost": 31774.02,
      "Total Cost": 31774.03,
      "Plan Rows": 1,
      "Plan Width": 8,
      "Actual Startup Time": 105.178,
      "Actual Total Time": 112.627,
      "Actual Rows": 1,
      "Actual Loops": 1,
      "Plans": [
        {
          "Node Type": "Gather",
          "Parent Relationship": "Outer",
          "Parallel Aware": false,
          "Startup Cost": 31773.7,
          "Total Cost": 31774.01,
          "Plan Rows": 3,
          "Plan Width": 8,
          "Actual Startup Time": 105.049,
          "Actual Total Time": 112.619,
          "Actual Rows": 4,
          "Actual Loops": 1,
          "Workers Planned": 3,
          "Workers Launched": 3,
          "Single Copy": false,
          "Plans": [
            {
              "Node Type": "Aggregate",
              "Strategy": "Plain",
              "Partial Mode": "Partial",
              "Parent Relationship": "Outer",
              "Parallel Aware": false,
              "Startup Cost": 30773.7,
              "Total Cost": 30773.71,
              "Plan Rows": 1,
              "Plan Width": 8,
              "Actual Startup Time": 98.642,
              "Actual Total Time": 98.643,
              "Actual Rows": 1,
              "Actual Loops": 4,
              "Plans": [
                {
                  "Node Type": "Seq Scan",
                  "Parent Relationship": "Outer",
                  "Parallel Aware": true,
                  "Relation Name": "movie_companies",
                  "Alias": "mc",
                  "Startup Cost": 0.0,
                  "Total Cost": 29310.68,
                  "Plan Rows": 585208,
                  "Plan Width": 0,
                  "Actual Startup Time": 1.099,
                  "Actual Total Time": 79.251,
                  "Actual Rows": 455884,
                  "Actual Loops": 4,
                  "Filter": "(company_id > 1705)",
                  "Rows Removed by Filter": 196398
                }
              ]
            }
          ]
        }
      ]
    },
    "Planning Time": 0.213,
    "Triggers": [],
    "Execution Time": 112.683
  }
]