[
  {
    "Plan": {
      "Node Type": "Aggregate",
      "Strategy": "Plain",
      "Partial Mode": "Finalize",
      "Parallel Aware": false,
      "Startup Cost": 369207.53,
      "Total Cost": 369207.54,
      "Plan Rows": 1,
      "Plan Width": 8,
      "Actual Startup Time": 567.833,
      "Actual Total Time": 602.686,
      "Actual Rows": 1,
      "Actual Loops": 1,
      "Plans": [
        {
          "Node Type": "Gather",
          "Parent Relationship": "Outer",
          "Parallel Aware": false,
          "Startup Cost": 369207.01,
          "Total Cost": 369207.52,
          "Plan Rows": 5,
          "Plan Width": 8,
          "Actual Startup Time": 558.218,
          "Actual Total Time": 602.669,
          "Actual Rows": 6,
          "Actual Loops": 1,
          "Workers Planned": 5,
          "Workers Launched": 5,
          "Single Copy": false,
          "Plans": [
            {
              "Node Type": "Aggregate",
              "Strategy": "Plain",
              "Partial Mode": "Partial",
              "Parent Relationship": "Outer",
              "Parallel Aware": false,
              "Startup Cost": 368207.01,
              "Total Cost": 368207.02,
              "Plan Rows": 1,
              "Plan Width": 8,
              "Actual Startup Time": 549.265,
              "Actual Total Time": 549.275,
              "Actual Rows": 1,
              "Actual Loops": 6,
              "Plans": [
                {
                  "Node Type": "Nested Loop",
                  "Parent Relationship": "Outer",
                  "Parallel Aware": false,
                  "Join Type": "Inner",
                  "Startup Cost": 48437.19,
                  "Total Cost": 367014.82,
                  "Plan Rows": 476873,
                  "Plan Width": 0,
                  "Actual Startup Time": 168.25,
                  "Actual Total Time": 539.134,
                  "Actual Rows": 156831,
                  "Actual Loops": 6,
                  "Inner Unique": false,
                  "Join Filter": "(t.id = mi.movie_id)",
                  "Rows Removed by Join Filter": 0,
                  "Plans": [
                    {
                      "Node Type": "Hash Join",
                      "Parent Relationship": "Outer",
                      "Parallel Aware": true,
                      "Join Type": "Inner",
                      "Startup Cost": 48436.75,
                      "Total Cost": 167073.03,
                      "Plan Rows": 81216,
                      "Plan Width": 8,
                      "Actual Startup Time": 168.119,
                      "Actual Total Time": 352.449,
                      "Actual Rows": 19457,
                      "Actual Loops": 6,
                      "Inner Unique": true,
                      "Hash Cond": "(ci.movie_id = t.id)",
                      "Plans": [
                        {
                          "Node Type": "Index Scan",
                          "Parent Relationship": "Outer",
                          "Parallel Aware": true,
                          "Scan Direction": "Forward",
                          "Index Name": "role_id_cast_info",
                          "Relation Name": "cast_info",
                          "Alias": "ci",
                          "Startup Cost": 0.56,
                          "Total Cost": 118067.1,
                          "Plan Rows": 217044,
                          "Plan Width": 4,
                          "Actual Startup Time": 0.345,
                          "Actual Total Time": 152.28,
                          "Actual Rows": 59354,
                          "Actual Loops": 6,
                          "Index Cond": "(role_id = 10)",
                          "Rows Removed by Index Recheck": 0,
                          "Filter": "(person_id < 897084)",
                          "Rows Removed by Filter": 661149
                        },
                        {
                          "Node Type": "Hash",
                          "Parent Relationship": "Inner",
                          "Parallel Aware": true,
                          "Startup Cost": 45479.59,
                          "Total Cost": 45479.59,
                          "Plan Rows": 236528,
                          "Plan Width": 4,
                          "Actual Startup Time": 164.605,
                          "Actual Total Time": 164.608,
                          "Actual Rows": 146006,
                          "Actual Loops": 6,
                          "Hash Buckets": 1048576,
                          "Original Hash Buckets": 1048576,
                          "Hash Batches": 1,
                          "Original Hash Batches": 1,
                          "Peak Memory Usage": 42528,
                          "Plans": [
                            {
                              "Node Type": "Seq Scan",
                              "Parent Relationship": "Outer",
                              "Parallel Aware": true,
                              "Relation Name": "title",
                              "Alias": "t",
                              "Startup Cost": 0.0,
                              "Total Cost": 45479.59,
                              "Plan Rows": 236528,
                              "Plan Width": 4,
                              "Actual Startup Time": 0.028,
                              "Actual Total Time": 100.256,
                              "Actual Rows": 146006,
                              "Actual Loops": 6,
                              "Filter": "((production_year < 2007) AND (kind_id = 7))",
                              "Rows Removed by Filter": 275379
                            }
                          ]
                        }
                      ]
                    },
                    {
                      "Node Type": "Index Only Scan",
                      "Parent Relationship": "Inner",
                      "Parallel Aware": false,
                      "Scan Direction": "Forward",
                      "Index Name": "movie_id_movie_info",
                      "Relation Name": "movie_info",
                      "Alias": "mi",
                      "Startup Cost": 0.43,
                      "Total Cost": 1.95,
                      "Plan Rows": 41,
                      "Plan Width": 4,
                      "Actual Startup Time": 0.004,
                      "Actual Total Time": 0.008,
                      "Actual Rows": 8,
                      "Actual Loops": 116740,
                      "Index Cond": "(movie_id = ci.movie_id)",
                      "Rows Removed by Index Recheck": 0,
                      "Heap Fetches": 940985
                    }
                  ]
                }
              ]
            }
          ]
        }
      ]
    },
    "Planning Time": 0.538,
    "Triggers": [],
    "Execution Time": 602.748
  }
]