[
  {
    "Plan": {
      "Node Type": "Aggregate",
      "Strategy": "Plain",
      "Partial Mode": "Finalize",
      "Parallel Aware": false,
      "Startup Cost": 238106.04,
      "Total Cost": 238106.05,
      "Plan Rows": 1,
      "Plan Width": 8,
      "Actual Startup Time": 207.151,
      "Actual Total Time": 220.748,
      "Actual Rows": 1,
      "Actual Loops": 1,
      "Plans": [
        {
          "Node Type": "Gather",
          "Parent Relationship": "Outer",
          "Parallel Aware": false,
          "Startup Cost": 238105.52,
          "Total Cost": 238106.03,
          "Plan Rows": 5,
          "Plan Width": 8,
          "Actual Startup Time": 206.547,
          "Actual Total Time": 220.73,
          "Actual Rows": 6,
          "Actual Loops": 1,
          "Workers Planned": 5,
          "Workers Launched": 5,
          "Single Copy": false,
          "Plans": [
            {
              "Node Type": "Aggregate",
              "Strategy": "Plain",
              "Partial Mode": "Partial",
              "Parent Relationship": "Outer",
              "Parallel Aware": false,
              "Startup Cost": 237105.52,
              "Total Cost": 237105.53,
              "Plan Rows": 1,
              "Plan Width": 8,
              "Actual Startup Time": 199.426,
              "Actual Total Time": 199.43,
              "Actual Rows": 1,
              "Actual Loops": 6,
              "Plans": [
                {
                  "Node Type": "Hash Join",
                  "Parent Relationship": "Outer",
                  "Parallel Aware": true,
                  "Join Type": "Inner",
                  "Startup Cost": 70878.14,
                  "Total Cost": 237086.64,
                  "Plan Rows": 7551,
                  "Plan Width": 0,
                  "Actual Startup Time": 123.124,
                  "Actual Total Time": 199.021,
                  "Actual Rows": 5048,
                  "Actual Loops": 6,
                  "Inner Unique": true,
                  "Hash Cond": "(mi.movie_id = t.id)",
                  "Plans": [
                    {
                      "Node Type": "Bitmap Heap Scan",
                      "Parent Relationship": "Outer",
                      "Parallel Aware": true,
                      "Relation Name": "movie_info",
                      "Alias": "mi",
                      "Startup Cost": 25184.48,
                      "Total Cost": 190661.36,
                      "Plan Rows": 278711,
                      "Plan Width": 4,
                      "Actual Startup Time": 44.932,
                      "Actual Total Time": 89.302,
                      "Actual Rows": 233650,
                      "Actual Loops": 6,
                      "Recheck Cond": "(info_type_id = 7)",
                      "Rows Removed by Index Recheck": 0,
                      "Exact Heap Blocks": 2622,
                      "Lossy Heap Blocks": 0,
                      "Plans": [
                        {
                          "Node Type": "Bitmap Index Scan",
                          "Parent Relationship": "Outer",
                          "Parallel Aware": false,
                          "Index Name": "info_type_id_movie_info",
                          "Startup Cost": 0.0,
                          "Total Cost": 24836.09,
                          "Plan Rows": 1393554,
                          "Plan Width": 0,
                          "Actual Startup Time": 43.213,
                          "Actual Total Time": 43.214,
                          "Actual Rows": 1401902,
                          "Actual Loops": 1,
                          "Index Cond": "(info_type_id = 7)"
                        }
                      ]
                    },
                    {
                      "Node Type": "Hash",
                      "Parent Relationship": "Inner",
                      "Parallel Aware": true,
                      "Startup Cost": 45479.59,
                      "Total Cost": 45479.59,
                      "Plan Rows": 17126,
                      "Plan Width": 4,
                      "Actual Startup Time": 76.96,
                      "Actual Total Time": 76.961,
                      "Actual Rows": 11572,
                      "Actual Loops": 6,
                      "Hash Buckets": 131072,
                      "Original Hash Buckets": 131072,
                      "Hash Batches": 1,
                      "Original Hash Batches": 1,
                      "Peak Memory Usage": 3840,
                      "Plans": [
                        {
                          "Node Type": "Seq Scan",
                          "Parent Relationship": "Outer",
                          "Parallel Aware": true,
                          "Relation Name": "title",
                          "Alias": "t",
                          "Startup Cost": 0.0,
                          "Total Cost": 45479.59,
                          "Plan Rows": 17126,
                          "Plan Width": 4,
                          "Actual Startup Time": 0.182,
                          "Actual Total Time": 71.546,
                          "Actual Rows": 11572,
                          "Actual Loops": 6,
                          "Filter": "((kind_id < 3) AND (production_year > 2011))",
                          "Rows Removed by Filter": 409814
                        }
                      ]
                    }
                  ]
                }
              ]
            }
          ]
        }
      ]
    },
    "Planning Time": 0.284,
    "Triggers": [],
    "Execution Time": 220.808
  }
]