[
  {
    "Plan": {
      "Node Type": "Aggregate",
      "Strategy": "Plain",
      "Partial Mode": "Finalize",
      "Parallel Aware": false,
      "Startup Cost": 345883.28,
      "Total Cost": 345883.29,
      "Plan Rows": 1,
      "Plan Width": 8,
      "Actual Startup Time": 763.164,
      "Actual Total Time": 823.866,
      "Actual Rows": 1,
      "Actual Loops": 1,
      "Plans": [
        {
          "Node Type": "Gather",
          "Parent Relationship": "Outer",
          "Parallel Aware": false,
          "Startup Cost": 345882.66,
          "Total Cost": 345883.27,
          "Plan Rows": 6,
          "Plan Width": 8,
          "Actual Startup Time": 763.023,
          "Actual Total Time": 823.855,
          "Actual Rows": 7,
          "Actual Loops": 1,
          "Workers Planned": 6,
          "Workers Launched": 6,
          "Single Copy": false,
          "Plans": [
            {
              "Node Type": "Aggregate",
              "Strategy": "Plain",
              "Partial Mode": "Partial",
              "Parent Relationship": "Outer",
              "Parallel Aware": false,
              "Startup Cost": 344882.66,
              "Total Cost": 344882.67,
              "Plan Rows": 1,
              "Plan Width": 8,
              "Actual Startup Time": 752.548,
              "Actual Total Time": 752.549,
              "Actual Rows": 1,
              "Actual Loops": 7,
              "Plans": [
                {
                  "Node Type": "Seq Scan",
                  "Parent Relationship": "Outer",
                  "Parallel Aware": true,
                  "Relation Name": "cast_info",
                  "Alias": "ci",
                  "Startup Cost": 0.0,
                  "Total Cost": 343257.03,
                  "Plan Rows": 650252,
                  "Plan Width": 0,
                  "Actual Startup Time": 0.054,
                  "Actual Total Time": 712.551,
                  "Actual Rows": 694742,
                  "Actual Loops": 7,
                  "Filter": "((person_id < 587912) AND (role_id < 4))",
                  "Rows Removed by Filter": 4483021
                }
              ]
            }
          ]
        }
      ]
    },
    "Planning Time": 0.225,
    "Triggers": [],
    "Execution Time": 823.939
  }
]