[
  {
    "Plan": {
      "Node Type": "Aggregate",
      "Strategy": "Plain",
      "Partial Mode": "Finalize",
      "Parallel Aware": false,
      "Startup Cost": 31142.51,
      "Total Cost": 31142.52,
      "Plan Rows": 1,
      "Plan Width": 8,
      "Actual Startup Time": 113.465,
      "Actual Total Time": 123.975,
      "Actual Rows": 1,
      "Actual Loops": 1,
      "Plans": [
        {
          "Node Type": "Gather",
          "Parent Relationship": "Outer",
          "Parallel Aware": false,
          "Startup Cost": 31142.2,
          "Total Cost": 31142.51,
          "Plan Rows": 3,
          "Plan Width": 8,
          "Actual Startup Time": 113.325,
          "Actual Total Time": 123.961,
          "Actual Rows": 4,
          "Actual Loops": 1,
          "Workers Planned": 3,
          "Workers Launched": 3,
          "Single Copy": false,
          "Plans": [
            {
              "Node Type": "Aggregate",
              "Strategy": "Plain",
              "Partial Mode": "Partial",
              "Parent Relationship": "Outer",
              "Parallel Aware": false,
              "Startup Cost": 30142.2,
              "Total Cost": 30142.21,
              "Plan Rows": 1,
              "Plan Width": 8,
              "Actual Startup Time": 108.056,
              "Actual Total Time": 108.058,
              "Actual Rows": 1,
              "Actual Loops": 4,
              "Plans": [
                {
                  "Node Type": "Seq Scan",
                  "Parent Relationship": "Outer",
                  "Parallel Aware": true,
                  "Relation Name": "movie_companies",
                  "Alias": "mc",
                  "Startup Cost": 0.0,
                  "Total Cost": 29310.68,
                  "Plan Rows": 332606,
                  "Plan Width": 0,
                  "Actual Startup Time": 0.024,
                  "Actual Total Time": 91.252,
                  "Actual Rows": 258464,
                  "Actual Loops": 4,
                  "Filter": "(company_id < 5808)",
                  "Rows Removed by Filter": 393819
                }
              ]
            }
          ]
        }
      ]
    },
    "Planning Time": 0.113,
    "Triggers": [],
    "Execution Time": 124.01
  }
]