[
  {
    "Plan": {
      "Node Type": "Aggregate",
      "Strategy": "Plain",
      "Partial Mode": "Finalize",
      "Parallel Aware": false,
      "Startup Cost": 712504.4,
      "Total Cost": 712504.41,
      "Plan Rows": 1,
      "Plan Width": 8,
      "Actual Startup Time": 6644.768,
      "Actual Total Time": 6788.589,
      "Actual Rows": 1,
      "Actual Loops": 1,
      "Plans": [
        {
          "Node Type": "Gather",
          "Parent Relationship": "Outer",
          "Parallel Aware": false,
          "Startup Cost": 712503.78,
          "Total Cost": 712504.39,
          "Plan Rows": 6,
          "Plan Width": 8,
          "Actual Startup Time": 6595.239,
          "Actual Total Time": 6788.561,
          "Actual Rows": 7,
          "Actual Loops": 1,
          "Workers Planned": 6,
          "Workers Launched": 6,
          "Single Copy": false,
          "Plans": [
            {
              "Node Type": "Aggregate",
              "Strategy": "Plain",
              "Partial Mode": "Partial",
              "Parent Relationship": "Outer",
              "Parallel Aware": false,
              "Startup Cost": 711503.78,
              "Total Cost": 711503.79,
              "Plan Rows": 1,
              "Plan Width": 8,
              "Actual Startup Time": 6519.591,
              "Actual Total Time": 6520.692,
              "Actual Rows": 1,
              "Actual Loops": 7,
              "Plans": [
                {
                  "Node Type": "Hash Join",
                  "Parent Relationship": "Outer",
                  "Parallel Aware": true,
                  "Join Type": "Inner",
                  "Startup Cost": 270831.33,
                  "Total Cost": 657417.01,
                  "Plan Rows": 21634708,
                  "Plan Width": 0,
                  "Actual Startup Time": 1682.313,
                  "Actual Total Time": 5955.264,
                  "Actual Rows": 12917019,
                  "Actual Loops": 7,
                  "Inner Unique": false,
                  "Hash Cond": "(ci.movie_id = t.id)",
                  "Plans": [
                    {
                      "Node Type": "Seq Scan",
                      "Parent Relationship": "Outer",
                      "Parallel Aware": true,
                      "Relation Name": "cast_info",
                      "Alias": "ci",
                      "Startup Cost": 0.0,
                      "Total Cost": 313106.51,
                      "Plan Rows": 6041951,
                      "Plan Width": 4,
                      "Actual Startup Time": 0.022,
                      "Actual Total Time": 670.645,
                      "Actual Rows": 5177763,
                      "Actual Loops": 7
                    },
                    {
                      "Node Type": "Hash",
                      "Parent Relationship": "Inner",
                      "Parallel Aware": true,
                      "Startup Cost": 248197.21,
                      "Total Cost": 248197.21,
                      "Plan Rows": 1810729,
                      "Plan Width": 8,
                      "Actual Startup Time": 1659.184,
                      "Actual Total Time": 1660.283,
                      "Actual Rows": 566191,
                      "Actual Loops": 7,
                      "Hash Buckets": 16777216,
                      "Original Hash Buckets": 16777216,
                      "Hash Batches": 1,
                      "Original Hash Batches": 1,
                      "Peak Memory Usage": 286240,
                      "Plans": [
                        {
                          "Node Type": "Hash Join",
                          "Parent Relationship": "Outer",
                          "Parallel Aware": true,
                          "Join Type": "Inner",
                          "Startup Cost": 48717.81,
                          "Total Cost": 248197.21,
                          "Plan Rows": 1810729,
                          "Plan Width": 8,
                          "Actual Startup Time": 248.932,
                          "Actual Total Time": 1226.042,
                          "Actual Rows": 566191,
                          "Actual Loops": 7,
                          "Inner Unique": true,
                          "Hash Cond": "(mi.movie_id = t.id)",
                          "Plans": [
                            {
                              "Node Type": "Seq Scan",
                              "Parent Relationship": "Outer",
                              "Parallel Aware": true,
                              "Relation Name": "movie_info",
                              "Alias": "mi",
                              "Startup Cost": 0.0,
                              "Total Cost": 191685.19,
                              "Plan Rows": 2969219,
                              "Plan Width": 4,
                              "Actual Startup Time": 0.03,
                              "Actual Total Time": 330.133,
                              "Actual Rows": 2119389,
                              "Actual Loops": 7
                            },
                            {
                              "Node Type": "Hash",
                              "Parent Relationship": "Inner",
                              "Parallel Aware": true,
                              "Startup Cost": 43899.32,
                              "Total Cost": 43899.32,
                              "Plan Rows": 385479,
                              "Plan Width": 4,
                              "Actual Startup Time": 246.629,
                              "Actual Total Time": 246.631,
                              "Actual Rows": 220466,
                              "Actual Loops": 7,
                              "Hash Buckets": 2097152,
                              "Original Hash Buckets": 2097152,
                              "Hash Batches": 1,
                              "Original Hash Batches": 1,
                              "Peak Memory Usage": 76832,
                              "Plans": [
                                {
                                  "Node Type": "Seq Scan",
                                  "Parent Relationship": "Outer",
                                  "Parallel Aware": true,
                                  "Relation Name": "title",
                                  "Alias": "t",
                                  "Startup Cost": 0.0,
                                  "Total Cost": 43899.32,
                                  "Plan Rows": 385479,
                                  "Plan Width": 4,
                                  "Actual Startup Time": 0.067,
                                  "Actual Total Time": 93.833,
                                  "Actual Rows": 220466,
                                  "Actual Loops": 7,
                                  "Filter": "(kind_id > 6)",
                                  "Rows Removed by Filter": 140721
                                }
                              ]
                            }
                          ]
                        }
                      ]
                    }
                  ]
                }
              ]
            }
          ]
        }
      ]
    },
    "Planning Time": 1.341,
    "Triggers": [],
    "Execution Time": 6788.715
  }
]