[
  {
    "Plan": {
      "Node Type": "Aggregate",
      "Strategy": "Plain",
      "Partial Mode": "Finalize",
      "Parallel Aware": false,
      "Startup Cost": 343286.06,
      "Total Cost": 343286.07,
      "Plan Rows": 1,
      "Plan Width": 8,
      "Actual Startup Time": 941.526,
      "Actual Total Time": 992.431,
      "Actual Rows": 1,
      "Actual Loops": 1,
      "Plans": [
        {
          "Node Type": "Gather",
          "Parent Relationship": "Outer",
          "Parallel Aware": false,
          "Startup Cost": 343285.43,
          "Total Cost": 343286.04,
          "Plan Rows": 6,
          "Plan Width": 8,
          "Actual Startup Time": 941.057,
          "Actual Total Time": 992.409,
          "Actual Rows": 7,
          "Actual Loops": 1,
          "Workers Planned": 6,
          "Workers Launched": 6,
          "Single Copy": false,
          "Plans": [
            {
              "Node Type": "Aggregate",
              "Strategy": "Plain",
              "Partial Mode": "Partial",
              "Parent Relationship": "Outer",
              "Parallel Aware": false,
              "Startup Cost": 342285.43,
              "Total Cost": 342285.44,
              "Plan Rows": 1,
              "Plan Width": 8,
              "Actual Startup Time": 932.981,
              "Actual Total Time": 932.982,
              "Actual Rows": 1,
              "Actual Loops": 7,
              "Plans": [
                {
                  "Node Type": "Seq Scan",
                  "Parent Relationship": "Outer",
                  "Parallel Aware": true,
                  "Relation Name": "cast_info",
                  "Alias": "ci",
                  "Startup Cost": 0.0,
                  "Total Cost": 328211.39,
                  "Plan Rows": 5629616,
                  "Plan Width": 0,
                  "Actual Startup Time": 0.047,
                  "Actual Total Time": 687.143,
                  "Actual Rows": 4834435,
                  "Actual Loops": 7,
                  "Filter": "(person_id < 3593101)",
                  "Rows Removed by Filter": 343328
                }
              ]
            }
          ]
        }
      ]
    },
    "Planning Time": 0.093,
    "Triggers": [],
    "Execution Time": 992.474
  }
]