[
  {
    "Plan": {
      "Node Type": "Aggregate",
      "Strategy": "Plain",
      "Partial Mode": "Finalize",
      "Parallel Aware": false,
      "Startup Cost": 137714.42,
      "Total Cost": 137714.43,
      "Plan Rows": 1,
      "Plan Width": 8,
      "Actual Startup Time": 1630.146,
      "Actual Total Time": 1651.104,
      "Actual Rows": 1,
      "Actual Loops": 1,
      "Plans": [
        {
          "Node Type": "Gather",
          "Parent Relationship": "Outer",
          "Parallel Aware": false,
          "Startup Cost": 137714.1,
          "Total Cost": 137714.41,
          "Plan Rows": 3,
          "Plan Width": 8,
          "Actual Startup Time": 1622.704,
          "Actual Total Time": 1651.09,
          "Actual Rows": 4,
          "Actual Loops": 1,
          "Workers Planned": 3,
          "Workers Launched": 3,
          "Single Copy": false,
          "Plans": [
            {
              "Node Type": "Aggregate",
              "Strategy": "Plain",
              "Partial Mode": "Partial",
              "Parent Relationship": "Outer",
              "Parallel Aware": false,
              "Startup Cost": 136714.1,
              "Total Cost": 136714.11,
              "Plan Rows": 1,
              "Plan Width": 8,
              "Actual Startup Time": 1609.694,
              "Actual Total Time": 1610.672,
              "Actual Rows": 1,
              "Actual Loops": 4,
              "Plans": [
                {
                  "Node Type": "Hash Join",
                  "Parent Relationship": "Outer",
                  "Parallel Aware": true,
                  "Join Type": "Inner",
                  "Startup Cost": 85591.15,
                  "Total Cost": 135174.19,
                  "Plan Rows": 615965,
                  "Plan Width": 0,
                  "Actual Startup Time": 632.114,
                  "Actual Total Time": 1336.414,
                  "Actual Rows": 6415202,
                  "Actual Loops": 4,
                  "Inner Unique": false,
                  "Hash Cond": "(mk.movie_id = t.id)",
                  "Plans": [
                    {
                      "Node Type": "Seq Scan",
                      "Parent Relationship": "Outer",
                      "Parallel Aware": true,
                      "Relation Name": "movie_keyword",
                      "Alias": "mk",
                      "Startup Cost": 0.0,
                      "Total Cost": 42695.65,
                      "Plan Rows": 1425995,
                      "Plan Width": 4,
                      "Actual Startup Time": 0.033,
                      "Actual Total Time": 120.844,
                      "Actual Rows": 1105571,
                      "Actual Loops": 4,
                      "Filter": "(keyword_id < 81900)",
                      "Rows Removed by Filter": 25412
                    },
                    {
                      "Node Type": "Hash",
                      "Parent Relationship": "Inner",
                      "Parallel Aware": true,
                      "Startup Cost": 82178.31,
                      "Total Cost": 82178.31,
                      "Plan Rows": 273027,
                      "Plan Width": 8,
                      "Actual Startup Time": 624.041,
                      "Actual Total Time": 625.017,
                      "Actual Rows": 318562,
                      "Actual Loops": 4,
                      "Hash Buckets": 2097152,
                      "Original Hash Buckets": 2097152,
                      "Hash Batches": 1,
                      "Original Hash Batches": 1,
                      "Peak Memory Usage": 66304,
                      "Plans": [
                        {
                          "Node Type": "Hash Join",
                          "Parent Relationship": "Outer",
                          "Parallel Aware": true,
                          "Join Type": "Inner",
                          "Startup Cost": 35818.48,
                          "Total Cost": 82178.31,
                          "Plan Rows": 273027,
                          "Plan Width": 8,
                          "Actual Startup Time": 207.646,
                          "Actual Total Time": 519.311,
                          "Actual Rows": 318562,
                          "Actual Loops": 4,
                          "Inner Unique": false,
                          "Hash Cond": "(t.id = mc.movie_id)",
                          "Plans": [
                            {
                              "Node Type": "Seq Scan",
                              "Parent Relationship": "Outer",
                              "Parallel Aware": true,
                              "Relation Name": "title",
                              "Alias": "t",
                              "Startup Cost": 0.0,
                              "Total Cost": 42318.73,
                              "Plan Rows": 632073,
                              "Plan Width": 4,
                              "Actual Startup Time": 0.017,
                              "Actual Total Time": 79.73,
                              "Actual Rows": 632078,
                              "Actual Loops": 4
                            },
                            {
                              "Node Type": "Hash",
                              "Parent Relationship": "Inner",
                              "Parallel Aware": true,
                              "Startup Cost": 31414.82,
                              "Total Cost": 31414.82,
                              "Plan Rows": 352293,
                              "Plan Width": 4,
                              "Actual Startup Time": 203.081,
                              "Actual Total Time": 203.082,
                              "Actual Rows": 318562,
                              "Actual Loops": 4,
                              "Hash Buckets": 2097152,
                              "Original Hash Buckets": 2097152,
                              "Hash Batches": 1,
                              "Original Hash Batches": 1,
                              "Peak Memory Usage": 66304,
                              "Plans": [
                                {
                                  "Node Type": "Seq Scan",
                                  "Parent Relationship": "Outer",
                                  "Parallel Aware": true,
                                  "Relation Name": "movie_companies",
                                  "Alias": "mc",
                                  "Startup Cost": 0.0,
                                  "Total Cost": 31414.82,
                                  "Plan Rows": 352293,
                                  "Plan Width": 4,
                                  "Actual Startup Time": 0.059,
                                  "Actual Total Time": 91.653,
                                  "Actual Rows": 318562,
                                  "Actual Loops": 4,
                                  "Filter": "((company_id < 82608) AND (company_type_id < 2))",
                                  "Rows Removed by Filter": 333721
                                }
                              ]
                            }
                          ]
                        }
                      ]
                    }
                  ]
                }
              ]
            }
          ]
        }
      ]
    },
    "Planning Time": 1.428,
    "Triggers": [],
    "Execution Time": 1651.19
  }
]