[
  {
    "Plan": {
      "Node Type": "Aggregate",
      "Strategy": "Plain",
      "Partial Mode": "Finalize",
      "Parallel Aware": false,
      "Startup Cost": 46464.56,
      "Total Cost": 46464.57,
      "Plan Rows": 1,
      "Plan Width": 8,
      "Actual Startup Time": 184.829,
      "Actual Total Time": 193.282,
      "Actual Rows": 1,
      "Actual Loops": 1,
      "Plans": [
        {
          "Node Type": "Gather",
          "Parent Relationship": "Outer",
          "Parallel Aware": false,
          "Startup Cost": 46464.24,
          "Total Cost": 46464.55,
          "Plan Rows": 3,
          "Plan Width": 8,
          "Actual Startup Time": 184.696,
          "Actual Total Time": 193.272,
          "Actual Rows": 4,
          "Actual Loops": 1,
          "Workers Planned": 3,
          "Workers Launched": 3,
          "Single Copy": false,
          "Plans": [
            {
              "Node Type": "Aggregate",
              "Strategy": "Plain",
              "Partial Mode": "Partial",
              "Parent Relationship": "Outer",
              "Parallel Aware": false,
              "Startup Cost": 45464.24,
              "Total Cost": 45464.25,
              "Plan Rows": 1,
              "Plan Width": 8,
              "Actual Startup Time": 178.955,
              "Actual Total Time": 178.956,
              "Actual Rows": 1,
              "Actual Loops": 4,
              "Plans": [
                {
                  "Node Type": "Seq Scan",
                  "Parent Relationship": "Outer",
                  "Parallel Aware": true,
                  "Relation Name": "movie_keyword",
                  "Alias": "mk",
                  "Startup Cost": 0.0,
                  "Total Cost": 42695.65,
                  "Plan Rows": 1107435,
                  "Plan Width": 0,
                  "Actual Startup Time": 0.145,
                  "Actual Total Time": 134.241,
                  "Actual Rows": 856862,
                  "Actual Loops": 4,
                  "Filter": "(keyword_id > 1120)",
                  "Rows Removed by Filter": 274120
                }
              ]
            }
          ]
        }
      ]
    },
    "Planning Time": 0.27,
    "Triggers": [],
    "Execution Time": 193.342
  }
]