[
  {
    "Plan": {
      "Node Type": "Aggregate",
      "Strategy": "Plain",
      "Partial Mode": "Finalize",
      "Parallel Aware": false,
      "Startup Cost": 376283.18,
      "Total Cost": 376283.19,
      "Plan Rows": 1,
      "Plan Width": 8,
      "Actual Startup Time": 1142.986,
      "Actual Total Time": 1206.252,
      "Actual Rows": 1,
      "Actual Loops": 1,
      "Plans": [
        {
          "Node Type": "Gather",
          "Parent Relationship": "Outer",
          "Parallel Aware": false,
          "Startup Cost": 376282.55,
          "Total Cost": 376283.16,
          "Plan Rows": 6,
          "Plan Width": 8,
          "Actual Startup Time": 1142.418,
          "Actual Total Time": 1206.233,
          "Actual Rows": 7,
          "Actual Loops": 1,
          "Workers Planned": 6,
          "Workers Launched": 6,
          "Single Copy": false,
          "Plans": [
            {
              "Node Type": "Aggregate",
              "Strategy": "Plain",
              "Partial Mode": "Partial",
              "Parent Relationship": "Outer",
              "Parallel Aware": false,
              "Startup Cost": 375282.55,
              "Total Cost": 375282.56,
              "Plan Rows": 1,
              "Plan Width": 8,
              "Actual Startup Time": 1135.055,
              "Actual Total Time": 1135.06,
              "Actual Rows": 1,
              "Actual Loops": 7,
              "Plans": [
                {
                  "Node Type": "Hash Join",
                  "Parent Relationship": "Outer",
                  "Parallel Aware": true,
                  "Join Type": "Inner",
                  "Startup Cost": 45766.81,
                  "Total Cost": 374733.47,
                  "Plan Rows": 219634,
                  "Plan Width": 0,
                  "Actual Startup Time": 71.99,
                  "Actual Total Time": 1134.89,
                  "Actual Rows": 1462,
                  "Actual Loops": 7,
                  "Inner Unique": true,
                  "Hash Cond": "(ci.movie_id = t.id)",
                  "Plans": [
                    {
                      "Node Type": "Seq Scan",
                      "Parent Relationship": "Outer",
                      "Parallel Aware": true,
                      "Relation Name": "cast_info",
                      "Alias": "ci",
                      "Startup Cost": 0.0,
                      "Total Cost": 313106.51,
                      "Plan Rows": 6041951,
                      "Plan Width": 4,
                      "Actual Startup Time": 0.037,
                      "Actual Total Time": 564.481,
                      "Actual Rows": 5177763,
                      "Actual Loops": 7
                    },
                    {
                      "Node Type": "Hash",
                      "Parent Relationship": "Inner",
                      "Parallel Aware": true,
                      "Startup Cost": 45479.59,
                      "Total Cost": 45479.59,
                      "Plan Rows": 22978,
                      "Plan Width": 4,
                      "Actual Startup Time": 66.879,
                      "Actual Total Time": 66.88,
                      "Actual Rows": 282,
                      "Actual Loops": 7,
                      "Hash Buckets": 131072,
                      "Original Hash Buckets": 131072,
                      "Hash Batches": 1,
                      "Original Hash Batches": 1,
                      "Peak Memory Usage": 1248,
                      "Plans": [
                        {
                          "Node Type": "Seq Scan",
                          "Parent Relationship": "Outer",
                          "Parallel Aware": true,
                          "Relation Name": "title",
                          "Alias": "t",
                          "Startup Cost": 0.0,
                          "Total Cost": 45479.59,
                          "Plan Rows": 22978,
                          "Plan Width": 4,
                          "Actual Startup Time": 0.507,
                          "Actual Total Time": 66.444,
                          "Actual Rows": 282,
                          "Actual Loops": 7,
                          "Filter": "((production_year < 1950) AND (kind_id = 7))",
                          "Rows Removed by Filter": 360906
                        }
                      ]
                    }
                  ]
                }
              ]
            }
          ]
        }
      ]
    },
    "Planning Time": 0.236,
    "Triggers": [],
    "Execution Time": 1206.303
  }
]