[
  {
    "Plan": {
      "Node Type": "Aggregate",
      "Strategy": "Plain",
      "Partial Mode": "Finalize",
      "Parallel Aware": false,
      "Startup Cost": 76544.95,
      "Total Cost": 76544.96,
      "Plan Rows": 1,
      "Plan Width": 8,
      "Actual Startup Time": 233.802,
      "Actual Total Time": 246.382,
      "Actual Rows": 1,
      "Actual Loops": 1,
      "Plans": [
        {
          "Node Type": "Gather",
          "Parent Relationship": "Outer",
          "Parallel Aware": false,
          "Startup Cost": 76544.64,
          "Total Cost": 76544.95,
          "Plan Rows": 3,
          "Plan Width": 8,
          "Actual Startup Time": 233.463,
          "Actual Total Time": 246.373,
          "Actual Rows": 4,
          "Actual Loops": 1,
          "Workers Planned": 3,
          "Workers Launched": 3,
          "Single Copy": false,
          "Plans": [
            {
              "Node Type": "Aggregate",
              "Strategy": "Plain",
              "Partial Mode": "Partial",
              "Parent Relationship": "Outer",
              "Parallel Aware": false,
              "Startup Cost": 75544.64,
              "Total Cost": 75544.65,
              "Plan Rows": 1,
              "Plan Width": 8,
              "Actual Startup Time": 226.46,
              "Actual Total Time": 226.463,
              "Actual Rows": 1,
              "Actual Loops": 4,
              "Plans": [
                {
                  "Node Type": "Hash Join",
                  "Parent Relationship": "Outer",
                  "Parallel Aware": true,
                  "Join Type": "Inner",
                  "Startup Cost": 44117.66,
                  "Total Cost": 75490.37,
                  "Plan Rows": 21707,
                  "Plan Width": 0,
                  "Actual Startup Time": 97.627,
                  "Actual Total Time": 225.603,
                  "Actual Rows": 15222,
                  "Actual Loops": 4,
                  "Inner Unique": true,
                  "Hash Cond": "(mc.movie_id = t.id)",
                  "Plans": [
                    {
                      "Node Type": "Seq Scan",
                      "Parent Relationship": "Outer",
                      "Parallel Aware": true,
                      "Relation Name": "movie_companies",
                      "Alias": "mc",
                      "Startup Cost": 0.0,
                      "Total Cost": 29310.68,
                      "Plan Rows": 785534,
                      "Plan Width": 4,
                      "Actual Startup Time": 0.02,
                      "Actual Total Time": 72.304,
                      "Actual Rows": 609807,
                      "Actual Loops": 4,
                      "Filter": "(company_id < 123898)",
                      "Rows Removed by Filter": 42476
                    },
                    {
                      "Node Type": "Hash",
                      "Parent Relationship": "Inner",
                      "Parallel Aware": true,
                      "Startup Cost": 43899.32,
                      "Total Cost": 43899.32,
                      "Plan Rows": 17467,
                      "Plan Width": 4,
                      "Actual Startup Time": 95.807,
                      "Actual Total Time": 95.808,
                      "Actual Rows": 16944,
                      "Actual Loops": 4,
                      "Hash Buckets": 131072,
                      "Original Hash Buckets": 131072,
                      "Hash Batches": 1,
                      "Original Hash Batches": 1,
                      "Peak Memory Usage": 3776,
                      "Plans": [
                        {
                          "Node Type": "Seq Scan",
                          "Parent Relationship": "Outer",
                          "Parallel Aware": true,
                          "Relation Name": "title",
                          "Alias": "t",
                          "Startup Cost": 0.0,
                          "Total Cost": 43899.32,
                          "Plan Rows": 17467,
                          "Plan Width": 4,
                          "Actual Startup Time": 0.051,
                          "Actual Total Time": 88.579,
                          "Actual Rows": 16944,
                          "Actual Loops": 4,
                          "Filter": "(production_year = 2003)",
                          "Rows Removed by Filter": 615134
                        }
                      ]
                    }
                  ]
                }
              ]
            }
          ]
        }
      ]
    },
    "Planning Time": 0.654,
    "Triggers": [],
    "Execution Time": 246.451
  }
]