[
  {
    "Plan": {
      "Node Type": "Aggregate",
      "Strategy": "Plain",
      "Partial Mode": "Finalize",
      "Parallel Aware": false,
      "Startup Cost": 340827.15,
      "Total Cost": 340827.16,
      "Plan Rows": 1,
      "Plan Width": 8,
      "Actual Startup Time": 862.123,
      "Actual Total Time": 920.192,
      "Actual Rows": 1,
      "Actual Loops": 1,
      "Plans": [
        {
          "Node Type": "Gather",
          "Parent Relationship": "Outer",
          "Parallel Aware": false,
          "Startup Cost": 340826.53,
          "Total Cost": 340827.14,
          "Plan Rows": 6,
          "Plan Width": 8,
          "Actual Startup Time": 861.888,
          "Actual Total Time": 920.181,
          "Actual Rows": 7,
          "Actual Loops": 1,
          "Workers Planned": 6,
          "Workers Launched": 6,
          "Single Copy": false,
          "Plans": [
            {
              "Node Type": "Aggregate",
              "Strategy": "Plain",
              "Partial Mode": "Partial",
              "Parent Relationship": "Outer",
              "Parallel Aware": false,
              "Startup Cost": 339826.53,
              "Total Cost": 339826.54,
              "Plan Rows": 1,
              "Plan Width": 8,
              "Actual Startup Time": 853.451,
              "Actual Total Time": 853.452,
              "Actual Rows": 1,
              "Actual Loops": 7,
              "Plans": [
                {
                  "Node Type": "Seq Scan",
                  "Parent Relationship": "Outer",
                  "Parallel Aware": true,
                  "Relation Name": "cast_info",
                  "Alias": "ci",
                  "Startup Cost": 0.0,
                  "Total Cost": 328162.03,
                  "Plan Rows": 4665800,
                  "Plan Width": 0,
                  "Actual Startup Time": 0.046,
                  "Actual Total Time": 663.521,
                  "Actual Rows": 4014852,
                  "Actual Loops": 7,
                  "Filter": "(person_id < 2866979)",
                  "Rows Removed by Filter": 1162911
                }
              ]
            }
          ]
        }
      ]
    },
    "Planning Time": 0.192,
    "Triggers": [],
    "Execution Time": 920.264
  }
]