{
  "Plan": {
    "Node Type": "Aggregate",
    "Strategy": "Plain",
    "Partial Mode": "Finalize",
    "Parallel Aware": false,
    "Startup Cost": 186434.79,
    "Total Cost": 186434.8,
    "Plan Rows": 1,
    "Plan Width": 8,
    "Actual Startup Time": 2191.414,
    "Actual Total Time": 2262.097,
    "Actual Rows": 1,
    "Actual Loops": 1,
    "Plans": [
      {
        "Node Type": "Gather",
        "Parent Relationship": "Outer",
        "Parallel Aware": false,
        "Startup Cost": 186434.68,
        "Total Cost": 186434.79,
        "Plan Rows": 1,
        "Plan Width": 8,
        "Actual Startup Time": 2190.264,
        "Actual Total Time": 2262.088,
        "Actual Rows": 2,
        "Actual Loops": 1,
        "Workers Planned": 1,
        "Workers Launched": 1,
        "Single Copy": false,
        "Plans": [
          {
            "Node Type": "Aggregate",
            "Strategy": "Plain",
            "Partial Mode": "Partial",
            "Parent Relationship": "Outer",
            "Parallel Aware": false,
            "Startup Cost": 185434.68,
            "Total Cost": 185434.69,
            "Plan Rows": 1,
            "Plan Width": 8,
            "Actual Startup Time": 2184.184,
            "Actual Total Time": 2184.189,
            "Actual Rows": 1,
            "Actual Loops": 2,
            "Plans": [
              {
                "Node Type": "Nested Loop",
                "Parent Relationship": "Outer",
                "Parallel Aware": false,
                "Join Type": "Inner",
                "Startup Cost": 57282.92,
                "Total Cost": 185024.87,
                "Plan Rows": 163922,
                "Plan Width": 0,
                "Actual Startup Time": 198.9,
                "Actual Total Time": 2167.312,
                "Actual Rows": 326252,
                "Actual Loops": 2,
                "Inner Unique": false,
                "Join Filter": "(t.id = ci.movie_id)",
                "Rows Removed by Join Filter": 0,
                "Plans": [
                  {
                    "Node Type": "Hash Join",
                    "Parent Relationship": "Outer",
                    "Parallel Aware": true,
                    "Join Type": "Inner",
                    "Startup Cost": 57282.36,
                    "Total Cost": 76783.81,
                    "Plan Rows": 33553,
                    "Plan Width": 8,
                    "Actual Startup Time": 198.842,
                    "Actual Total Time": 360.663,
                    "Actual Rows": 80847,
                    "Actual Loops": 2,
                    "Inner Unique": true,
                    "Hash Cond": "(mi_idx.movie_id = t.id)",
                    "Plans": [
                      {
                        "Node Type": "Seq Scan",
                        "Parent Relationship": "Outer",
                        "Parallel Aware": true,
                        "Relation Name": "movie_info_idx",
                        "Alias": "mi_idx",
                        "Startup Cost": 0.0,
                        "Total Cost": 18082.32,
                        "Plan Rows": 540622,
                        "Plan Width": 4,
                        "Actual Startup Time": 0.023,
                        "Actual Total Time": 61.843,
                        "Actual Rows": 459925,
                        "Actual Loops": 2,
                        "Filter": "(info_type_id < 101)",
                        "Rows Removed by Filter": 230092
                      },
                      {
                        "Node Type": "Hash",
                        "Parent Relationship": "Inner",
                        "Parallel Aware": true,
                        "Startup Cost": 56128.57,
                        "Total Cost": 56128.57,
                        "Plan Rows": 92303,
                        "Plan Width": 4,
                        "Actual Startup Time": 195.356,
                        "Actual Total Time": 195.357,
                        "Actual Rows": 147121,
                        "Actual Loops": 2,
                        "Hash Buckets": 524288,
                        "Original Hash Buckets": 262144,
                        "Hash Batches": 1,
                        "Original Hash Batches": 1,
                        "Peak Memory Usage": 17696,
                        "Plans": [
                          {
                            "Node Type": "Bitmap Heap Scan",
                            "Parent Relationship": "Outer",
                            "Parallel Aware": true,
                            "Relation Name": "title",
                            "Alias": "t",
                            "Startup Cost": 13478.19,
                            "Total Cost": 56128.57,
                            "Plan Rows": 92303,
                            "Plan Width": 4,
                            "Actual Startup Time": 48.554,
                            "Actual Total Time": 152.539,
                            "Actual Rows": 147121,
                            "Actual Loops": 2,
                            "Recheck Cond": "(kind_id < 3)",
                            "Rows Removed by Index Recheck": 0,
                            "Filter": "(production_year < 1982)",
                            "Rows Removed by Filter": 229718,
                            "Exact Heap Blocks": 26347,
                            "Lossy Heap Blocks": 0,
                            "Plans": [
                              {
                                "Node Type": "Bitmap Index Scan",
                                "Parent Relationship": "Outer",
                                "Parallel Aware": false,
                                "Index Name": "kind_id_title",
                                "Startup Cost": 0.0,
                                "Total Cost": 13438.96,
                                "Plan Rows": 753937,
                                "Plan Width": 0,
                                "Actual Startup Time": 45.386,
                                "Actual Total Time": 45.386,
                                "Actual Rows": 753677,
                                "Actual Loops": 1,
                                "Index Cond": "(kind_id < 3)"
                              }
                            ]
                          }
                        ]
                      }
                    ]
                  },
                  {
                    "Node Type": "Index Scan",
                    "Parent Relationship": "Inner",
                    "Parallel Aware": false,
                    "Scan Direction": "Forward",
                    "Index Name": "movie_id_cast_info",
                    "Relation Name": "cast_info",
                    "Alias": "ci",
                    "Startup Cost": 0.56,
                    "Total Cost": 3.06,
                    "Plan Rows": 13,
                    "Plan Width": 4,
                    "Actual Startup Time": 0.014,
                    "Actual Total Time": 0.022,
                    "Actual Rows": 4,
                    "Actual Loops": 161694,
                    "Index Cond": "(movie_id = mi_idx.movie_id)",
                    "Rows Removed by Index Recheck": 0,
                    "Filter": "((person_id < 1885070) AND (role_id > 1))",
                    "Rows Removed by Filter": 21
                  }
                ]
              }
            ]
          }
        ]
      }
    ]
  },
  "Planning Time": 0.995,
  "Triggers": [],
  "Execution Time": 2262.239
}