[
  {
    "Plan": {
      "Node Type": "Aggregate",
      "Strategy": "Plain",
      "Partial Mode": "Finalize",
      "Parallel Aware": false,
      "Startup Cost": 638171.18,
      "Total Cost": 638171.19,
      "Plan Rows": 1,
      "Plan Width": 8,
      "Actual Startup Time": 5621.286,
      "Actual Total Time": 5720.98,
      "Actual Rows": 1,
      "Actual Loops": 1,
      "Plans": [
        {
          "Node Type": "Gather",
          "Parent Relationship": "Outer",
          "Parallel Aware": false,
          "Startup Cost": 638170.55,
          "Total Cost": 638171.16,
          "Plan Rows": 6,
          "Plan Width": 8,
          "Actual Startup Time": 5553.139,
          "Actual Total Time": 5720.968,
          "Actual Rows": 7,
          "Actual Loops": 1,
          "Workers Planned": 6,
          "Workers Launched": 6,
          "Single Copy": false,
          "Plans": [
            {
              "Node Type": "Aggregate",
              "Strategy": "Plain",
              "Partial Mode": "Partial",
              "Parent Relationship": "Outer",
              "Parallel Aware": false,
              "Startup Cost": 637170.55,
              "Total Cost": 637170.56,
              "Plan Rows": 1,
              "Plan Width": 8,
              "Actual Startup Time": 5516.551,
              "Actual Total Time": 5516.558,
              "Actual Rows": 1,
              "Actual Loops": 7,
              "Plans": [
                {
                  "Node Type": "Hash Join",
                  "Parent Relationship": "Outer",
                  "Parallel Aware": true,
                  "Join Type": "Inner",
                  "Startup Cost": 268194.46,
                  "Total Cost": 620186.47,
                  "Plan Rows": 6793632,
                  "Plan Width": 0,
                  "Actual Startup Time": 1527.451,
                  "Actual Total Time": 4746.294,
                  "Actual Rows": 19983948,
                  "Actual Loops": 7,
                  "Inner Unique": false,
                  "Hash Cond": "(ci.movie_id = t.id)",
                  "Plans": [
                    {
                      "Node Type": "Seq Scan",
                      "Parent Relationship": "Outer",
                      "Parallel Aware": true,
                      "Relation Name": "cast_info",
                      "Alias": "ci",
                      "Startup Cost": 0.0,
                      "Total Cost": 328162.03,
                      "Plan Rows": 2731391,
                      "Plan Width": 4,
                      "Actual Startup Time": 302.232,
                      "Actual Total Time": 610.983,
                      "Actual Rows": 2303098,
                      "Actual Loops": 7,
                      "Filter": "(role_id > 2)",
                      "Rows Removed by Filter": 2874666
                    },
                    {
                      "Node Type": "Hash",
                      "Parent Relationship": "Inner",
                      "Parallel Aware": true,
                      "Startup Cost": 252473.26,
                      "Total Cost": 252473.26,
                      "Plan Rows": 1257696,
                      "Plan Width": 8,
                      "Actual Startup Time": 1215.259,
                      "Actual Total Time": 1215.264,
                      "Actual Rows": 889071,
                      "Actual Loops": 7,
                      "Hash Buckets": 8388608,
                      "Original Hash Buckets": 8388608,
                      "Hash Batches": 1,
                      "Original Hash Batches": 1,
                      "Peak Memory Usage": 309120,
                      "Plans": [
                        {
                          "Node Type": "Hash Join",
                          "Parent Relationship": "Outer",
                          "Parallel Aware": true,
                          "Join Type": "Inner",
                          "Startup Cost": 50219.64,
                          "Total Cost": 252473.26,
                          "Plan Rows": 1257696,
                          "Plan Width": 8,
                          "Actual Startup Time": 264.768,
                          "Actual Total Time": 855.992,
                          "Actual Rows": 889071,
                          "Actual Loops": 7,
                          "Inner Unique": true,
                          "Hash Cond": "(mi.movie_id = t.id)",
                          "Plans": [
                            {
                              "Node Type": "Seq Scan",
                              "Parent Relationship": "Outer",
                              "Parallel Aware": true,
                              "Relation Name": "movie_info",
                              "Alias": "mi",
                              "Startup Cost": 0.0,
                              "Total Cost": 198952.16,
                              "Plan Rows": 1257696,
                              "Plan Width": 4,
                              "Actual Startup Time": 18.175,
                              "Actual Total Time": 295.77,
                              "Actual Rows": 889071,
                              "Actual Loops": 7,
                              "Filter": "(info_type_id > 8)",
                              "Rows Removed by Filter": 1230318
                            },
                            {
                              "Node Type": "Hash",
                              "Parent Relationship": "Inner",
                              "Parallel Aware": true,
                              "Startup Cost": 42318.73,
                              "Total Cost": 42318.73,
                              "Plan Rows": 632073,
                              "Plan Width": 4,
                              "Actual Startup Time": 243.075,
                              "Actual Total Time": 243.076,
                              "Actual Rows": 361187,
                              "Actual Loops": 7,
                              "Hash Buckets": 4194304,
                              "Original Hash Buckets": 4194304,
                              "Hash Batches": 1,
                              "Original Hash Batches": 1,
                              "Peak Memory Usage": 131808,
                              "Plans": [
                                {
                                  "Node Type": "Seq Scan",
                                  "Parent Relationship": "Outer",
                                  "Parallel Aware": true,
                                  "Relation Name": "title",
                                  "Alias": "t",
                                  "Startup Cost": 0.0,
                                  "Total Cost": 42318.73,
                                  "Plan Rows": 632073,
                                  "Plan Width": 4,
                                  "Actual Startup Time": 0.045,
                                  "Actual Total Time": 69.488,
                                  "Actual Rows": 361187,
                                  "Actual Loops": 7
                                }
                              ]
                            }
                          ]
                        }
                      ]
                    }
                  ]
                }
              ]
            }
          ]
        }
      ]
    },
    "Planning Time": 1.302,
    "Triggers": [],
    "Execution Time": 5721.073
  }
]