[
  {
    "Plan": {
      "Node Type": "Aggregate",
      "Strategy": "Plain",
      "Partial Mode": "Simple",
      "Parallel Aware": false,
      "Startup Cost": 987.32,
      "Total Cost": 987.33,
      "Plan Rows": 1,
      "Plan Width": 8,
      "Actual Startup Time": 13.881,
      "Actual Total Time": 13.883,
      "Actual Rows": 1,
      "Actual Loops": 1,
      "Plans": [
        {
          "Node Type": "Index Scan",
          "Parent Relationship": "Outer",
          "Parallel Aware": false,
          "Scan Direction": "Forward",
          "Index Name": "person_id_cast_info",
          "Relation Name": "cast_info",
          "Alias": "ci",
          "Startup Cost": 0.56,
          "Total Cost": 987.07,
          "Plan Rows": 103,
          "Plan Width": 0,
          "Actual Startup Time": 13.871,
          "Actual Total Time": 13.874,
          "Actual Rows": 1,
          "Actual Loops": 1,
          "Index Cond": "(person_id = 2392047)",
          "Rows Removed by Index Recheck": 0,
          "Filter": "(role_id > 6)",
          "Rows Removed by Filter": 267
        }
      ]
    },
    "Planning Time": 0.183,
    "Triggers": [],
    "Execution Time": 13.929
  }
]