[
  {
    "Plan": {
      "Node Type": "Aggregate",
      "Strategy": "Plain",
      "Partial Mode": "Finalize",
      "Parallel Aware": false,
      "Startup Cost": 128811.36,
      "Total Cost": 128811.37,
      "Plan Rows": 1,
      "Plan Width": 8,
      "Actual Startup Time": 101.58,
      "Actual Total Time": 119.59,
      "Actual Rows": 1,
      "Actual Loops": 1,
      "Plans": [
        {
          "Node Type": "Gather",
          "Parent Relationship": "Outer",
          "Parallel Aware": false,
          "Startup Cost": 128810.94,
          "Total Cost": 128811.35,
          "Plan Rows": 4,
          "Plan Width": 8,
          "Actual Startup Time": 101.313,
          "Actual Total Time": 119.578,
          "Actual Rows": 5,
          "Actual Loops": 1,
          "Workers Planned": 4,
          "Workers Launched": 4,
          "Single Copy": false,
          "Plans": [
            {
              "Node Type": "Aggregate",
              "Strategy": "Plain",
              "Partial Mode": "Partial",
              "Parent Relationship": "Outer",
              "Parallel Aware": false,
              "Startup Cost": 127810.94,
              "Total Cost": 127810.95,
              "Plan Rows": 1,
              "Plan Width": 8,
              "Actual Startup Time": 95.717,
              "Actual Total Time": 95.72,
              "Actual Rows": 1,
              "Actual Loops": 5,
              "Plans": [
                {
                  "Node Type": "Nested Loop",
                  "Parent Relationship": "Outer",
                  "Parallel Aware": false,
                  "Join Type": "Inner",
                  "Startup Cost": 2169.03,
                  "Total Cost": 127810.7,
                  "Plan Rows": 98,
                  "Plan Width": 0,
                  "Actual Startup Time": 81.157,
                  "Actual Total Time": 95.714,
                  "Actual Rows": 0,
                  "Actual Loops": 5,
                  "Inner Unique": false,
                  "Join Filter": "(t.id = mi.movie_id)",
                  "Rows Removed by Join Filter": 0,
                  "Plans": [
                    {
                      "Node Type": "Nested Loop",
                      "Parent Relationship": "Outer",
                      "Parallel Aware": false,
                      "Join Type": "Inner",
                      "Startup Cost": 2168.59,
                      "Total Cost": 127313.31,
                      "Plan Rows": 190,
                      "Plan Width": 8,
                      "Actual Startup Time": 81.149,
                      "Actual Total Time": 95.705,
                      "Actual Rows": 0,
                      "Actual Loops": 5,
                      "Inner Unique": false,
                      "Plans": [
                        {
                          "Node Type": "Bitmap Heap Scan",
                          "Parent Relationship": "Outer",
                          "Parallel Aware": true,
                          "Relation Name": "title",
                          "Alias": "t",
                          "Startup Cost": 2168.03,
                          "Total Cost": 38621.46,
                          "Plan Rows": 728,
                          "Plan Width": 4,
                          "Actual Startup Time": 21.329,
                          "Actual Total Time": 36.925,
                          "Actual Rows": 947,
                          "Actual Loops": 5,
                          "Recheck Cond": "(kind_id = 4)",
                          "Rows Removed by Index Recheck": 0,
                          "Filter": "(production_year = 2002)",
                          "Rows Removed by Filter": 22699,
                          "Exact Heap Blocks": 7376,
                          "Lossy Heap Blocks": 0,
                          "Plans": [
                            {
                              "Node Type": "Bitmap Index Scan",
                              "Parent Relationship": "Outer",
                              "Parallel Aware": false,
                              "Index Name": "kind_id_title",
                              "Startup Cost": 0.0,
                              "Total Cost": 2167.3,
                              "Plan Rows": 121449,
                              "Plan Width": 0,
                              "Actual Startup Time": 20.875,
                              "Actual Total Time": 20.876,
                              "Actual Rows": 118234,
                              "Actual Loops": 1,
                              "Index Cond": "(kind_id = 4)"
                            }
                          ]
                        },
                        {
                          "Node Type": "Index Scan",
                          "Parent Relationship": "Inner",
                          "Parallel Aware": false,
                          "Scan Direction": "Forward",
                          "Index Name": "movie_id_cast_info",
                          "Relation Name": "cast_info",
                          "Alias": "ci",
                          "Startup Cost": 0.56,
                          "Total Cost": 121.82,
                          "Plan Rows": 1,
                          "Plan Width": 4,
                          "Actual Startup Time": 0.062,
                          "Actual Total Time": 0.062,
                          "Actual Rows": 0,
                          "Actual Loops": 4737,
                          "Index Cond": "(movie_id = t.id)",
                          "Rows Removed by Index Recheck": 0,
                          "Filter": "((person_id < 316948) AND (role_id = 2))",
                          "Rows Removed by Filter": 13
                        }
                      ]
                    },
                    {
                      "Node Type": "Index Scan",
                      "Parent Relationship": "Inner",
                      "Parallel Aware": false,
                      "Scan Direction": "Forward",
                      "Index Name": "movie_id_movie_info",
                      "Relation Name": "movie_info",
                      "Alias": "mi",
                      "Startup Cost": 0.43,
                      "Total Cost": 2.57,
                      "Plan Rows": 4,
                      "Plan Width": 4,
                      "Actual Startup Time": 0.031,
                      "Actual Total Time": 0.037,
                      "Actual Rows": 1,
                      "Actual Loops": 1,
                      "Index Cond": "(movie_id = ci.movie_id)",
                      "Rows Removed by Index Recheck": 0,
                      "Filter": "(info_type_id = 2)",
                      "Rows Removed by Filter": 8
                    }
                  ]
                }
              ]
            }
          ]
        }
      ]
    },
    "Planning Time": 1.425,
    "Triggers": [],
    "Execution Time": 119.711
  }
]