[
    {
        "Bao": {
            "Bao prediction": "NaN",
            "Bao recommended hint": "(no hint)"
        }
    },
    {
        "Plan": {
            "Node Type": "Aggregate",
            "Strategy": "Plain",
            "Partial Mode": "Finalize",
            "Parallel Aware": false,
            "Startup Cost": 31132.51,
            "Total Cost": 31132.52,
            "Plan Rows": 1,
            "Plan Width": 8,
            "Actual Startup Time": 80.353,
            "Actual Total Time": 84.952,
            "Actual Rows": 1,
            "Actual Loops": 1,
            "Output": [
                "count(*)"
            ],
            "Plans": [
                {
                    "Node Type": "Gather",
                    "Parent Relationship": "Outer",
                    "Parallel Aware": false,
                    "Startup Cost": 31132.19,
                    "Total Cost": 31132.5,
                    "Plan Rows": 3,
                    "Plan Width": 8,
                    "Actual Startup Time": 80.117,
                    "Actual Total Time": 84.944,
                    "Actual Rows": 4,
                    "Actual Loops": 1,
                    "Output": [
                        "(PARTIAL count(*))"
                    ],
                    "Workers Planned": 3,
                    "Workers Launched": 3,
                    "Single Copy": false,
                    "Plans": [
                        {
                            "Node Type": "Aggregate",
                            "Strategy": "Plain",
                            "Partial Mode": "Partial",
                            "Parent Relationship": "Outer",
                            "Parallel Aware": false,
                            "Startup Cost": 30132.19,
                            "Total Cost": 30132.2,
                            "Plan Rows": 1,
                            "Plan Width": 8,
                            "Actual Startup Time": 71.262,
                            "Actual Total Time": 71.263,
                            "Actual Rows": 1,
                            "Actual Loops": 4,
                            "Output": [
                                "PARTIAL count(*)"
                            ],
                            "Workers": [
                                {
                                    "Worker Number": 0,
                                    "Actual Startup Time": 68.069,
                                    "Actual Total Time": 68.071,
                                    "Actual Rows": 1,
                                    "Actual Loops": 1
                                },
                                {
                                    "Worker Number": 1,
                                    "Actual Startup Time": 67.979,
                                    "Actual Total Time": 67.98,
                                    "Actual Rows": 1,
                                    "Actual Loops": 1
                                },
                                {
                                    "Worker Number": 2,
                                    "Actual Startup Time": 69.234,
                                    "Actual Total Time": 69.235,
                                    "Actual Rows": 1,
                                    "Actual Loops": 1
                                }
                            ],
                            "Plans": [
                                {
                                    "Node Type": "Bitmap Heap Scan",
                                    "Parent Relationship": "Outer",
                                    "Parallel Aware": true,
                                    "Relation Name": "movie_companies",
                                    "Schema": "public",
                                    "Alias": "mc",
                                    "Startup Cost": 9125.18,
                                    "Total Cost": 29964.75,
                                    "Plan Rows": 66975,
                                    "Plan Width": 0,
                                    "Actual Startup Time": 14.002,
                                    "Actual Total Time": 65.405,
                                    "Actual Rows": 80802,
                                    "Actual Loops": 4,
                                    "Recheck Cond": "(mc.company_id < 302)",
                                    "Rows Removed by Index Recheck": 0,
                                    "Filter": "(mc.company_type_id = 1)",
                                    "Rows Removed by Filter": 24707,
                                    "Exact Heap Blocks": 9063,
                                    "Lossy Heap Blocks": 0,
                                    "Workers": [
                                        {
                                            "Worker Number": 0,
                                            "Actual Startup Time": 10.798,
                                            "Actual Total Time": 62.66,
                                            "Actual Rows": 48425,
                                            "Actual Loops": 1
                                        },
                                        {
                                            "Worker Number": 1,
                                            "Actual Startup Time": 10.763,
                                            "Actual Total Time": 62.782,
                                            "Actual Rows": 42547,
                                            "Actual Loops": 1
                                        },
                                        {
                                            "Worker Number": 2,
                                            "Actual Startup Time": 12.133,
                                            "Actual Total Time": 64.116,
                                            "Actual Rows": 39420,
                                            "Actual Loops": 1
                                        }
                                    ],
                                    "Plans": [
                                        {
                                            "Node Type": "Bitmap Index Scan",
                                            "Parent Relationship": "Outer",
                                            "Parallel Aware": false,
                                            "Index Name": "company_id_movie_companies",
                                            "Startup Cost": 0.0,
                                            "Total Cost": 9073.27,
                                            "Plan Rows": 423579,
                                            "Plan Width": 0,
                                            "Actual Startup Time": 19.48,
                                            "Actual Total Time": 19.48,
                                            "Actual Rows": 422035,
                                            "Actual Loops": 1,
                                            "Index Cond": "(mc.company_id < 302)"
                                        }
                                    ]
                                }
                            ]
                        }
                    ]
                }
            ]
        },
        "Planning Time": 200.882,
        "Triggers": [],
        "Execution Time": 85.052
    }
]