{
  "Plan": {
    "Node Type": "Aggregate",
    "Strategy": "Plain",
    "Partial Mode": "Finalize",
    "Parallel Aware": false,
    "Startup Cost": 454567.94,
    "Total Cost": 454567.95,
    "Plan Rows": 1,
    "Plan Width": 8,
    "Actual Startup Time": 2152.016,
    "Actual Total Time": 2177.693,
    "Actual Rows": 1,
    "Actual Loops": 1,
    "Plans": [
      {
        "Node Type": "Gather",
        "Parent Relationship": "Outer",
        "Parallel Aware": false,
        "Startup Cost": 454567.83,
        "Total Cost": 454567.94,
        "Plan Rows": 1,
        "Plan Width": 8,
        "Actual Startup Time": 2146.165,
        "Actual Total Time": 2177.685,
        "Actual Rows": 2,
        "Actual Loops": 1,
        "Workers Planned": 1,
        "Workers Launched": 1,
        "Single Copy": false,
        "Plans": [
          {
            "Node Type": "Aggregate",
            "Strategy": "Plain",
            "Partial Mode": "Partial",
            "Parent Relationship": "Outer",
            "Parallel Aware": false,
            "Startup Cost": 453567.83,
            "Total Cost": 453567.84,
            "Plan Rows": 1,
            "Plan Width": 8,
            "Actual Startup Time": 2139.715,
            "Actual Total Time": 2139.722,
            "Actual Rows": 1,
            "Actual Loops": 2,
            "Plans": [
              {
                "Node Type": "Hash Join",
                "Parent Relationship": "Outer",
                "Parallel Aware": true,
                "Join Type": "Inner",
                "Startup Cost": 389747.59,
                "Total Cost": 452740.01,
                "Plan Rows": 331129,
                "Plan Width": 0,
                "Actual Startup Time": 1053.128,
                "Actual Total Time": 1905.065,
                "Actual Rows": 4730757,
                "Actual Loops": 2,
                "Inner Unique": false,
                "Hash Cond": "(mk.movie_id = t.id)",
                "Plans": [
                  {
                    "Node Type": "Seq Scan",
                    "Parent Relationship": "Outer",
                    "Parallel Aware": true,
                    "Relation Name": "movie_keyword",
                    "Alias": "mk",
                    "Startup Cost": 0.0,
                    "Total Cost": 51065.35,
                    "Plan Rows": 2661135,
                    "Plan Width": 4,
                    "Actual Startup Time": 0.014,
                    "Actual Total Time": 185.481,
                    "Actual Rows": 2261965,
                    "Actual Loops": 2
                  },
                  {
                    "Node Type": "Hash",
                    "Parent Relationship": "Inner",
                    "Parallel Aware": true,
                    "Startup Cost": 387434.36,
                    "Total Cost": 387434.36,
                    "Plan Rows": 185058,
                    "Plan Width": 8,
                    "Actual Startup Time": 1048.081,
                    "Actual Total Time": 1048.086,
                    "Actual Rows": 357008,
                    "Actual Loops": 2,
                    "Hash Buckets": 1048576,
                    "Original Hash Buckets": 524288,
                    "Hash Batches": 1,
                    "Original Hash Batches": 1,
                    "Peak Memory Usage": 40256,
                    "Plans": [
                      {
                        "Node Type": "Hash Join",
                        "Parent Relationship": "Outer",
                        "Parallel Aware": true,
                        "Join Type": "Inner",
                        "Startup Cost": 112952.28,
                        "Total Cost": 387434.36,
                        "Plan Rows": 185058,
                        "Plan Width": 8,
                        "Actual Startup Time": 408.832,
                        "Actual Total Time": 913.525,
                        "Actual Rows": 357008,
                        "Actual Loops": 2,
                        "Inner Unique": true,
                        "Hash Cond": "(ci.movie_id = t.id)",
                        "Plans": [
                          {
                            "Node Type": "Bitmap Heap Scan",
                            "Parent Relationship": "Outer",
                            "Parallel Aware": true,
                            "Relation Name": "cast_info",
                            "Alias": "ci",
                            "Startup Cost": 51073.97,
                            "Total Cost": 324317.26,
                            "Plan Rows": 471926,
                            "Plan Width": 4,
                            "Actual Startup Time": 76.08,
                            "Actual Total Time": 267.702,
                            "Actual Rows": 837860,
                            "Actual Loops": 2,
                            "Recheck Cond": "(person_id < 228014)",
                            "Rows Removed by Index Recheck": 0,
                            "Filter": "(role_id < 2)",
                            "Rows Removed by Filter": 333527,
                            "Exact Heap Blocks": 16611,
                            "Lossy Heap Blocks": 0,
                            "Plans": [
                              {
                                "Node Type": "Bitmap Index Scan",
                                "Parent Relationship": "Outer",
                                "Parallel Aware": false,
                                "Index Name": "person_id_cast_info",
                                "Startup Cost": 0.0,
                                "Total Cost": 50873.4,
                                "Plan Rows": 2329712,
                                "Plan Width": 0,
                                "Actual Startup Time": 72.326,
                                "Actual Total Time": 72.327,
                                "Actual Rows": 2342775,
                                "Actual Loops": 1,
                                "Index Cond": "(person_id < 228014)"
                              }
                            ]
                          },
                          {
                            "Node Type": "Hash",
                            "Parent Relationship": "Inner",
                            "Parallel Aware": true,
                            "Startup Cost": 54588.39,
                            "Total Cost": 54588.39,
                            "Plan Rows": 583193,
                            "Plan Width": 4,
                            "Actual Startup Time": 327.155,
                            "Actual Total Time": 327.156,
                            "Actual Rows": 492524,
                            "Actual Loops": 2,
                            "Hash Buckets": 1048576,
                            "Original Hash Buckets": 1048576,
                            "Hash Batches": 1,
                            "Original Hash Batches": 1,
                            "Peak Memory Usage": 46752,
                            "Plans": [
                              {
                                "Node Type": "Seq Scan",
                                "Parent Relationship": "Outer",
                                "Parallel Aware": true,
                                "Relation Name": "title",
                                "Alias": "t",
                                "Startup Cost": 0.0,
                                "Total Cost": 54588.39,
                                "Plan Rows": 583193,
                                "Plan Width": 4,
                                "Actual Startup Time": 0.041,
                                "Actual Total Time": 171.402,
                                "Actual Rows": 492524,
                                "Actual Loops": 2,
                                "Filter": "(kind_id < 7)",
                                "Rows Removed by Filter": 771632
                              }
                            ]
                          }
                        ]
                      }
                    ]
                  }
                ]
              }
            ]
          }
        ]
      }
    ]
  },
  "Planning Time": 0.647,
  "Triggers": [],
  "Execution Time": 2177.766
}