[
  {
    "Plan": {
      "Node Type": "Aggregate",
      "Strategy": "Plain",
      "Partial Mode": "Finalize",
      "Parallel Aware": false,
      "Startup Cost": 354493.13,
      "Total Cost": 354493.14,
      "Plan Rows": 1,
      "Plan Width": 8,
      "Actual Startup Time": 868.365,
      "Actual Total Time": 938.544,
      "Actual Rows": 1,
      "Actual Loops": 1,
      "Plans": [
        {
          "Node Type": "Gather",
          "Parent Relationship": "Outer",
          "Parallel Aware": false,
          "Startup Cost": 354492.71,
          "Total Cost": 354493.12,
          "Plan Rows": 4,
          "Plan Width": 8,
          "Actual Startup Time": 868.197,
          "Actual Total Time": 938.533,
          "Actual Rows": 5,
          "Actual Loops": 1,
          "Workers Planned": 4,
          "Workers Launched": 4,
          "Single Copy": false,
          "Plans": [
            {
              "Node Type": "Aggregate",
              "Strategy": "Plain",
              "Partial Mode": "Partial",
              "Parent Relationship": "Outer",
              "Parallel Aware": false,
              "Startup Cost": 353492.71,
              "Total Cost": 353492.72,
              "Plan Rows": 1,
              "Plan Width": 8,
              "Actual Startup Time": 858.224,
              "Actual Total Time": 858.225,
              "Actual Rows": 1,
              "Actual Loops": 5,
              "Plans": [
                {
                  "Node Type": "Nested Loop",
                  "Parent Relationship": "Outer",
                  "Parallel Aware": false,
                  "Join Type": "Inner",
                  "Startup Cost": 0.56,
                  "Total Cost": 353266.14,
                  "Plan Rows": 90628,
                  "Plan Width": 0,
                  "Actual Startup Time": 0.471,
                  "Actual Total Time": 849.397,
                  "Actual Rows": 77620,
                  "Actual Loops": 5,
                  "Inner Unique": false,
                  "Plans": [
                    {
                      "Node Type": "Seq Scan",
                      "Parent Relationship": "Outer",
                      "Parallel Aware": true,
                      "Relation Name": "title",
                      "Alias": "t",
                      "Startup Cost": 0.0,
                      "Total Cost": 45479.59,
                      "Plan Rows": 11334,
                      "Plan Width": 4,
                      "Actual Startup Time": 0.041,
                      "Actual Total Time": 90.243,
                      "Actual Rows": 9970,
                      "Actual Loops": 5,
                      "Filter": "((kind_id > 1) AND (production_year = 2001))",
                      "Rows Removed by Filter": 495692
                    },
                    {
                      "Node Type": "Index Scan",
                      "Parent Relationship": "Inner",
                      "Parallel Aware": false,
                      "Scan Direction": "Forward",
                      "Index Name": "movie_id_cast_info",
                      "Relation Name": "cast_info",
                      "Alias": "ci",
                      "Startup Cost": 0.56,
                      "Total Cost": 26.97,
                      "Plan Rows": 19,
                      "Plan Width": 4,
                      "Actual Startup Time": 0.043,
                      "Actual Total Time": 0.074,
                      "Actual Rows": 8,
                      "Actual Loops": 49850,
                      "Index Cond": "(movie_id = t.id)",
                      "Rows Removed by Index Recheck": 0,
                      "Filter": "(role_id < 3)",
                      "Rows Removed by Filter": 6
                    }
                  ]
                }
              ]
            }
          ]
        }
      ]
    },
    "Planning Time": 0.641,
    "Triggers": [],
    "Execution Time": 938.644
  }
]