[
  {
    "Plan": {
      "Node Type": "Aggregate",
      "Strategy": "Plain",
      "Partial Mode": "Finalize",
      "Parallel Aware": false,
      "Startup Cost": 272427.32,
      "Total Cost": 272427.33,
      "Plan Rows": 1,
      "Plan Width": 8,
      "Actual Startup Time": 53.991,
      "Actual Total Time": 57.643,
      "Actual Rows": 1,
      "Actual Loops": 1,
      "Plans": [
        {
          "Node Type": "Gather",
          "Parent Relationship": "Outer",
          "Parallel Aware": false,
          "Startup Cost": 272426.8,
          "Total Cost": 272427.31,
          "Plan Rows": 5,
          "Plan Width": 8,
          "Actual Startup Time": 53.738,
          "Actual Total Time": 57.636,
          "Actual Rows": 6,
          "Actual Loops": 1,
          "Workers Planned": 5,
          "Workers Launched": 5,
          "Single Copy": false,
          "Plans": [
            {
              "Node Type": "Aggregate",
              "Strategy": "Plain",
              "Partial Mode": "Partial",
              "Parent Relationship": "Outer",
              "Parallel Aware": false,
              "Startup Cost": 271426.8,
              "Total Cost": 271426.81,
              "Plan Rows": 1,
              "Plan Width": 8,
              "Actual Startup Time": 45.727,
              "Actual Total Time": 45.728,
              "Actual Rows": 1,
              "Actual Loops": 6,
              "Plans": [
                {
                  "Node Type": "Bitmap Heap Scan",
                  "Parent Relationship": "Outer",
                  "Parallel Aware": true,
                  "Relation Name": "cast_info",
                  "Alias": "ci",
                  "Startup Cost": 6174.71,
                  "Total Cost": 271334.83,
                  "Plan Rows": 36788,
                  "Plan Width": 0,
                  "Actual Startup Time": 16.857,
                  "Actual Total Time": 41.384,
                  "Actual Rows": 47165,
                  "Actual Loops": 6,
                  "Recheck Cond": "(person_id > 4011350)",
                  "Rows Removed by Index Recheck": 0,
                  "Filter": "(role_id > 1)",
                  "Rows Removed by Filter": 0,
                  "Exact Heap Blocks": 1695,
                  "Lossy Heap Blocks": 0,
                  "Plans": [
                    {
                      "Node Type": "Bitmap Index Scan",
                      "Parent Relationship": "Outer",
                      "Parallel Aware": false,
                      "Index Name": "person_id_cast_info",
                      "Startup Cost": 0.0,
                      "Total Cost": 6128.72,
                      "Plan Rows": 280554,
                      "Plan Width": 0,
                      "Actual Startup Time": 23.351,
                      "Actual Total Time": 23.351,
                      "Actual Rows": 282992,
                      "Actual Loops": 1,
                      "Index Cond": "(person_id > 4011350)"
                    }
                  ]
                }
              ]
            }
          ]
        }
      ]
    },
    "Planning Time": 0.316,
    "Triggers": [],
    "Execution Time": 57.723
  }
]