[
  {
    "Plan": {
      "Node Type": "Aggregate",
      "Strategy": "Plain",
      "Partial Mode": "Finalize",
      "Parallel Aware": false,
      "Startup Cost": 60106.51,
      "Total Cost": 60106.52,
      "Plan Rows": 1,
      "Plan Width": 8,
      "Actual Startup Time": 101.955,
      "Actual Total Time": 114.502,
      "Actual Rows": 1,
      "Actual Loops": 1,
      "Plans": [
        {
          "Node Type": "Gather",
          "Parent Relationship": "Outer",
          "Parallel Aware": false,
          "Startup Cost": 60106.09,
          "Total Cost": 60106.5,
          "Plan Rows": 4,
          "Plan Width": 8,
          "Actual Startup Time": 101.771,
          "Actual Total Time": 114.49,
          "Actual Rows": 5,
          "Actual Loops": 1,
          "Workers Planned": 4,
          "Workers Launched": 4,
          "Single Copy": false,
          "Plans": [
            {
              "Node Type": "Aggregate",
              "Strategy": "Plain",
              "Partial Mode": "Partial",
              "Parent Relationship": "Outer",
              "Parallel Aware": false,
              "Startup Cost": 59106.09,
              "Total Cost": 59106.1,
              "Plan Rows": 1,
              "Plan Width": 8,
              "Actual Startup Time": 92.214,
              "Actual Total Time": 92.216,
              "Actual Rows": 1,
              "Actual Loops": 5,
              "Plans": [
                {
                  "Node Type": "Nested Loop",
                  "Parent Relationship": "Outer",
                  "Parallel Aware": false,
                  "Join Type": "Inner",
                  "Startup Cost": 0.43,
                  "Total Cost": 59104.2,
                  "Plan Rows": 753,
                  "Plan Width": 0,
                  "Actual Startup Time": 56.74,
                  "Actual Total Time": 92.068,
                  "Actual Rows": 1673,
                  "Actual Loops": 5,
                  "Inner Unique": false,
                  "Plans": [
                    {
                      "Node Type": "Seq Scan",
                      "Parent Relationship": "Outer",
                      "Parallel Aware": true,
                      "Relation Name": "title",
                      "Alias": "t",
                      "Startup Cost": 0.0,
                      "Total Cost": 45479.59,
                      "Plan Rows": 880,
                      "Plan Width": 4,
                      "Actual Startup Time": 56.663,
                      "Actual Total Time": 82.065,
                      "Actual Rows": 828,
                      "Actual Loops": 5,
                      "Filter": "((kind_id = 1) AND (production_year = 1973))",
                      "Rows Removed by Filter": 504834
                    },
                    {
                      "Node Type": "Index Scan",
                      "Parent Relationship": "Inner",
                      "Parallel Aware": false,
                      "Scan Direction": "Forward",
                      "Index Name": "movie_id_movie_companies",
                      "Relation Name": "movie_companies",
                      "Alias": "mc",
                      "Startup Cost": 0.43,
                      "Total Cost": 15.44,
                      "Plan Rows": 4,
                      "Plan Width": 4,
                      "Actual Startup Time": 0.01,
                      "Actual Total Time": 0.011,
                      "Actual Rows": 2,
                      "Actual Loops": 4142,
                      "Index Cond": "(movie_id = t.id)",
                      "Rows Removed by Index Recheck": 0,
                      "Filter": "(company_id > 323)",
                      "Rows Removed by Filter": 0
                    }
                  ]
                }
              ]
            }
          ]
        }
      ]
    },
    "Planning Time": 0.168,
    "Triggers": [],
    "Execution Time": 114.53
  }
]