[
  {
    "Plan": {
      "Node Type": "Aggregate",
      "Strategy": "Plain",
      "Partial Mode": "Finalize",
      "Parallel Aware": false,
      "Startup Cost": 352849.14,
      "Total Cost": 352849.15,
      "Plan Rows": 1,
      "Plan Width": 8,
      "Actual Startup Time": 1372.872,
      "Actual Total Time": 1460.987,
      "Actual Rows": 1,
      "Actual Loops": 1,
      "Plans": [
        {
          "Node Type": "Gather",
          "Parent Relationship": "Outer",
          "Parallel Aware": false,
          "Startup Cost": 352848.83,
          "Total Cost": 352849.14,
          "Plan Rows": 3,
          "Plan Width": 8,
          "Actual Startup Time": 1369.526,
          "Actual Total Time": 1460.972,
          "Actual Rows": 4,
          "Actual Loops": 1,
          "Workers Planned": 3,
          "Workers Launched": 3,
          "Single Copy": false,
          "Plans": [
            {
              "Node Type": "Aggregate",
              "Strategy": "Plain",
              "Partial Mode": "Partial",
              "Parent Relationship": "Outer",
              "Parallel Aware": false,
              "Startup Cost": 351848.83,
              "Total Cost": 351848.84,
              "Plan Rows": 1,
              "Plan Width": 8,
              "Actual Startup Time": 1362.259,
              "Actual Total Time": 1362.264,
              "Actual Rows": 1,
              "Actual Loops": 4,
              "Plans": [
                {
                  "Node Type": "Nested Loop",
                  "Parent Relationship": "Outer",
                  "Parallel Aware": false,
                  "Join Type": "Inner",
                  "Startup Cost": 47208.6,
                  "Total Cost": 350782.12,
                  "Plan Rows": 426681,
                  "Plan Width": 0,
                  "Actual Startup Time": 154.55,
                  "Actual Total Time": 1349.0,
                  "Actual Rows": 242996,
                  "Actual Loops": 4,
                  "Inner Unique": false,
                  "Join Filter": "(t.id = ci.movie_id)",
                  "Rows Removed by Join Filter": 0,
                  "Plans": [
                    {
                      "Node Type": "Hash Join",
                      "Parent Relationship": "Outer",
                      "Parallel Aware": true,
                      "Join Type": "Inner",
                      "Startup Cost": 47208.04,
                      "Total Cost": 77869.15,
                      "Plan Rows": 112538,
                      "Plan Width": 8,
                      "Actual Startup Time": 154.054,
                      "Actual Total Time": 319.473,
                      "Actual Rows": 60965,
                      "Actual Loops": 4,
                      "Inner Unique": true,
                      "Hash Cond": "(mc.movie_id = t.id)",
                      "Plans": [
                        {
                          "Node Type": "Seq Scan",
                          "Parent Relationship": "Outer",
                          "Parallel Aware": true,
                          "Relation Name": "movie_companies",
                          "Alias": "mc",
                          "Startup Cost": 0.0,
                          "Total Cost": 29310.68,
                          "Plan Rows": 514451,
                          "Plan Width": 4,
                          "Actual Startup Time": 0.012,
                          "Actual Total Time": 67.873,
                          "Actual Rows": 400066,
                          "Actual Loops": 4,
                          "Filter": "(company_id < 16396)",
                          "Rows Removed by Filter": 252216
                        },
                        {
                          "Node Type": "Hash",
                          "Parent Relationship": "Inner",
                          "Parallel Aware": true,
                          "Startup Cost": 45479.59,
                          "Total Cost": 45479.59,
                          "Plan Rows": 138276,
                          "Plan Width": 4,
                          "Actual Startup Time": 149.041,
                          "Actual Total Time": 149.043,
                          "Actual Rows": 113558,
                          "Actual Loops": 4,
                          "Hash Buckets": 1048576,
                          "Original Hash Buckets": 1048576,
                          "Hash Batches": 1,
                          "Original Hash Batches": 1,
                          "Peak Memory Usage": 26016,
                          "Plans": [
                            {
                              "Node Type": "Seq Scan",
                              "Parent Relationship": "Outer",
                              "Parallel Aware": true,
                              "Relation Name": "title",
                              "Alias": "t",
                              "Startup Cost": 0.0,
                              "Total Cost": 45479.59,
                              "Plan Rows": 138276,
                              "Plan Width": 4,
                              "Actual Startup Time": 0.05,
                              "Actual Total Time": 98.958,
                              "Actual Rows": 113558,
                              "Actual Loops": 4,
                              "Filter": "((production_year < 1998) AND (kind_id = 7))",
                              "Rows Removed by Filter": 518520
                            }
                          ]
                        }
                      ]
                    },
                    {
                      "Node Type": "Index Scan",
                      "Parent Relationship": "Inner",
                      "Parallel Aware": false,
                      "Scan Direction": "Forward",
                      "Index Name": "movie_id_cast_info",
                      "Relation Name": "cast_info",
                      "Alias": "ci",
                      "Startup Cost": 0.56,
                      "Total Cost": 2.31,
                      "Plan Rows": 9,
                      "Plan Width": 4,
                      "Actual Startup Time": 0.012,
                      "Actual Total Time": 0.016,
                      "Actual Rows": 4,
                      "Actual Loops": 243861,
                      "Index Cond": "(movie_id = mc.movie_id)",
                      "Rows Removed by Index Recheck": 0,
                      "Filter": "((person_id < 2231813) AND (role_id > 2))",
                      "Rows Removed by Filter": 16
                    }
                  ]
                }
              ]
            }
          ]
        }
      ]
    },
    "Planning Time": 1.249,
    "Triggers": [],
    "Execution Time": 1461.192
  }
]