[
    {
        "Bao": {
            "Bao prediction": "NaN",
            "Bao recommended hint": "(no hint)"
        }
    },
    {
        "Plan": {
            "Node Type": "Aggregate",
            "Strategy": "Plain",
            "Partial Mode": "Finalize",
            "Parallel Aware": false,
            "Startup Cost": 233258.46,
            "Total Cost": 233258.47,
            "Plan Rows": 1,
            "Plan Width": 8,
            "Actual Startup Time": 1308.859,
            "Actual Total Time": 1368.656,
            "Actual Rows": 1,
            "Actual Loops": 1,
            "Output": [
                "count(*)"
            ],
            "Plans": [
                {
                    "Node Type": "Gather",
                    "Parent Relationship": "Outer",
                    "Parallel Aware": false,
                    "Startup Cost": 233258.04,
                    "Total Cost": 233258.45,
                    "Plan Rows": 4,
                    "Plan Width": 8,
                    "Actual Startup Time": 1306.688,
                    "Actual Total Time": 1368.647,
                    "Actual Rows": 5,
                    "Actual Loops": 1,
                    "Output": [
                        "(PARTIAL count(*))"
                    ],
                    "Workers Planned": 4,
                    "Workers Launched": 4,
                    "Single Copy": false,
                    "Plans": [
                        {
                            "Node Type": "Aggregate",
                            "Strategy": "Plain",
                            "Partial Mode": "Partial",
                            "Parent Relationship": "Outer",
                            "Parallel Aware": false,
                            "Startup Cost": 232258.04,
                            "Total Cost": 232258.05,
                            "Plan Rows": 1,
                            "Plan Width": 8,
                            "Actual Startup Time": 1278.828,
                            "Actual Total Time": 1278.831,
                            "Actual Rows": 1,
                            "Actual Loops": 5,
                            "Output": [
                                "PARTIAL count(*)"
                            ],
                            "Workers": [
                                {
                                    "Worker Number": 0,
                                    "Actual Startup Time": 1254.337,
                                    "Actual Total Time": 1254.34,
                                    "Actual Rows": 1,
                                    "Actual Loops": 1
                                },
                                {
                                    "Worker Number": 1,
                                    "Actual Startup Time": 1285.457,
                                    "Actual Total Time": 1285.461,
                                    "Actual Rows": 1,
                                    "Actual Loops": 1
                                },
                                {
                                    "Worker Number": 2,
                                    "Actual Startup Time": 1294.148,
                                    "Actual Total Time": 1294.152,
                                    "Actual Rows": 1,
                                    "Actual Loops": 1
                                },
                                {
                                    "Worker Number": 3,
                                    "Actual Startup Time": 1253.822,
                                    "Actual Total Time": 1253.824,
                                    "Actual Rows": 1,
                                    "Actual Loops": 1
                                }
                            ],
                            "Plans": [
                                {
                                    "Node Type": "Nested Loop",
                                    "Parent Relationship": "Outer",
                                    "Parallel Aware": false,
                                    "Join Type": "Inner",
                                    "Startup Cost": 121236.49,
                                    "Total Cost": 231930.93,
                                    "Plan Rows": 130842,
                                    "Plan Width": 0,
                                    "Actual Startup Time": 324.603,
                                    "Actual Total Time": 1261.619,
                                    "Actual Rows": 280634,
                                    "Actual Loops": 5,
                                    "Inner Unique": false,
                                    "Workers": [
                                        {
                                            "Worker Number": 0,
                                            "Actual Startup Time": 284.852,
                                            "Actual Total Time": 1238.079,
                                            "Actual Rows": 298668,
                                            "Actual Loops": 1
                                        },
                                        {
                                            "Worker Number": 1,
                                            "Actual Startup Time": 379.151,
                                            "Actual Total Time": 1267.806,
                                            "Actual Rows": 192165,
                                            "Actual Loops": 1
                                        },
                                        {
                                            "Worker Number": 2,
                                            "Actual Startup Time": 379.159,
                                            "Actual Total Time": 1276.569,
                                            "Actual Rows": 191476,
                                            "Actual Loops": 1
                                        },
                                        {
                                            "Worker Number": 3,
                                            "Actual Startup Time": 285.366,
                                            "Actual Total Time": 1238.043,
                                            "Actual Rows": 292386,
                                            "Actual Loops": 1
                                        }
                                    ],
                                    "Plans": [
                                        {
                                            "Node Type": "Merge Join",
                                            "Parent Relationship": "Outer",
                                            "Parallel Aware": false,
                                            "Join Type": "Inner",
                                            "Startup Cost": 121235.93,
                                            "Total Cost": 124502.4,
                                            "Plan Rows": 25919,
                                            "Plan Width": 8,
                                            "Actual Startup Time": 324.5,
                                            "Actual Total Time": 415.828,
                                            "Actual Rows": 24211,
                                            "Actual Loops": 5,
                                            "Output": [
                                                "t.id",
                                                "mi_idx.movie_id"
                                            ],
                                            "Inner Unique": false,
                                            "Merge Cond": "(t.id = mi_idx.movie_id)",
                                            "Workers": [
                                                {
                                                    "Worker Number": 0,
                                                    "Actual Startup Time": 284.779,
                                                    "Actual Total Time": 366.323,
                                                    "Actual Rows": 25396,
                                                    "Actual Loops": 1
                                                },
                                                {
                                                    "Worker Number": 1,
                                                    "Actual Startup Time": 379.057,
                                                    "Actual Total Time": 477.999,
                                                    "Actual Rows": 16418,
                                                    "Actual Loops": 1
                                                },
                                                {
                                                    "Worker Number": 2,
                                                    "Actual Startup Time": 379.056,
                                                    "Actual Total Time": 479.565,
                                                    "Actual Rows": 16452,
                                                    "Actual Loops": 1
                                                },
                                                {
                                                    "Worker Number": 3,
                                                    "Actual Startup Time": 285.173,
                                                    "Actual Total Time": 366.293,
                                                    "Actual Rows": 24977,
                                                    "Actual Loops": 1
                                                }
                                            ],
                                            "Plans": [
                                                {
                                                    "Node Type": "Sort",
                                                    "Parent Relationship": "Outer",
                                                    "Parallel Aware": false,
                                                    "Startup Cost": 56129.0,
                                                    "Total Cost": 56486.1,
                                                    "Plan Rows": 142840,
                                                    "Plan Width": 4,
                                                    "Actual Startup Time": 116.355,
                                                    "Actual Total Time": 136.955,
                                                    "Actual Rows": 113597,
                                                    "Actual Loops": 5,
                                                    "Output": [
                                                        "t.id"
                                                    ],
                                                    "Sort Key": [
                                                        "t.id"
                                                    ],
                                                    "Sort Method": "quicksort",
                                                    "Sort Space Used": 14846,
                                                    "Sort Space Type": "Memory",
                                                    "Workers": [
                                                        {
                                                            "Worker Number": 0,
                                                            "Actual Startup Time": 112.329,
                                                            "Actual Total Time": 132.515,
                                                            "Actual Rows": 115229,
                                                            "Actual Loops": 1
                                                        },
                                                        {
                                                            "Worker Number": 1,
                                                            "Actual Startup Time": 112.353,
                                                            "Actual Total Time": 128.015,
                                                            "Actual Rows": 76005,
                                                            "Actual Loops": 1
                                                        },
                                                        {
                                                            "Worker Number": 2,
                                                            "Actual Startup Time": 112.381,
                                                            "Actual Total Time": 129.52,
                                                            "Actual Rows": 75976,
                                                            "Actual Loops": 1
                                                        },
                                                        {
                                                            "Worker Number": 3,
                                                            "Actual Startup Time": 112.761,
                                                            "Actual Total Time": 132.704,
                                                            "Actual Rows": 115293,
                                                            "Actual Loops": 1
                                                        }
                                                    ],
                                                    "Plans": [
                                                        {
                                                            "Node Type": "Seq Scan",
                                                            "Parent Relationship": "Outer",
                                                            "Parallel Aware": true,
                                                            "Relation Name": "title",
                                                            "Schema": "public",
                                                            "Alias": "t",
                                                            "Startup Cost": 0.0,
                                                            "Total Cost": 43899.01,
                                                            "Plan Rows": 142840,
                                                            "Plan Width": 4,
                                                            "Actual Startup Time": 0.051,
                                                            "Actual Total Time": 84.506,
                                                            "Actual Rows": 113690,
                                                            "Actual Loops": 5,
                                                            "Output": [
                                                                "t.id"
                                                            ],
                                                            "Filter": "(t.production_year < 1984)",
                                                            "Rows Removed by Filter": 391973,
                                                            "Workers": [
                                                                {
                                                                    "Worker Number": 0,
                                                                    "Actual Startup Time": 0.063,
                                                                    "Actual Total Time": 83.779,
                                                                    "Actual Rows": 115335,
                                                                    "Actual Loops": 1
                                                                },
                                                                {
                                                                    "Worker Number": 1,
                                                                    "Actual Startup Time": 0.068,
                                                                    "Actual Total Time": 84.061,
                                                                    "Actual Rows": 76063,
                                                                    "Actual Loops": 1
                                                                },
                                                                {
                                                                    "Worker Number": 2,
                                                                    "Actual Startup Time": 0.064,
                                                                    "Actual Total Time": 84.107,
                                                                    "Actual Rows": 76034,
                                                                    "Actual Loops": 1
                                                                },
                                                                {
                                                                    "Worker Number": 3,
                                                                    "Actual Startup Time": 0.049,
                                                                    "Actual Total Time": 84.269,
                                                                    "Actual Rows": 115390,
                                                                    "Actual Loops": 1
                                                                }
                                                            ]
                                                        }
                                                    ]
                                                },
                                                {
                                                    "Node Type": "Sort",
                                                    "Parent Relationship": "Inner",
                                                    "Parallel Aware": false,
                                                    "Startup Cost": 65106.9,
                                                    "Total Cost": 66253.83,
                                                    "Plan Rows": 458770,
                                                    "Plan Width": 4,
                                                    "Actual Startup Time": 208.107,
                                                    "Actual Total Time": 232.018,
                                                    "Actual Rows": 459925,
                                                    "Actual Loops": 5,
                                                    "Output": [
                                                        "mi_idx.movie_id"
                                                    ],
                                                    "Sort Key": [
                                                        "mi_idx.movie_id"
                                                    ],
                                                    "Sort Method": "quicksort",
                                                    "Sort Space Used": 33847,
                                                    "Sort Space Type": "Memory",
                                                    "Workers": [
                                                        {
                                                            "Worker Number": 0,
                                                            "Actual Startup Time": 172.383,
                                                            "Actual Total Time": 193.1,
                                                            "Actual Rows": 459925,
                                                            "Actual Loops": 1
                                                        },
                                                        {
                                                            "Worker Number": 1,
                                                            "Actual Startup Time": 266.658,
                                                            "Actual Total Time": 295.5,
                                                            "Actual Rows": 459925,
                                                            "Actual Loops": 1
                                                        },
                                                        {
                                                            "Worker Number": 2,
                                                            "Actual Startup Time": 266.628,
                                                            "Actual Total Time": 295.465,
                                                            "Actual Rows": 459925,
                                                            "Actual Loops": 1
                                                        },
                                                        {
                                                            "Worker Number": 3,
                                                            "Actual Startup Time": 172.399,
                                                            "Actual Total Time": 193.109,
                                                            "Actual Rows": 459925,
                                                            "Actual Loops": 1
                                                        }
                                                    ],
                                                    "Plans": [
                                                        {
                                                            "Node Type": "Bitmap Heap Scan",
                                                            "Parent Relationship": "Outer",
                                                            "Parallel Aware": false,
                                                            "Relation Name": "movie_info_idx",
                                                            "Schema": "public",
                                                            "Alias": "mi_idx",
                                                            "Startup Cost": 8295.89,
                                                            "Total Cost": 21965.52,
                                                            "Plan Rows": 458770,
                                                            "Plan Width": 4,
                                                            "Actual Startup Time": 26.519,
                                                            "Actual Total Time": 98.194,
                                                            "Actual Rows": 459925,
                                                            "Actual Loops": 5,
                                                            "Output": [
                                                                "mi_idx.movie_id"
                                                            ],
                                                            "Recheck Cond": "(mi_idx.info_type_id = 99)",
                                                            "Rows Removed by Index Recheck": 0,
                                                            "Exact Heap Blocks": 7934,
                                                            "Lossy Heap Blocks": 0,
                                                            "Workers": [
                                                                {
                                                                    "Worker Number": 0,
                                                                    "Actual Startup Time": 24.546,
                                                                    "Actual Total Time": 83.039,
                                                                    "Actual Rows": 459925,
                                                                    "Actual Loops": 1
                                                                },
                                                                {
                                                                    "Worker Number": 1,
                                                                    "Actual Startup Time": 33.583,
                                                                    "Actual Total Time": 127.098,
                                                                    "Actual Rows": 459925,
                                                                    "Actual Loops": 1
                                                                },
                                                                {
                                                                    "Worker Number": 2,
                                                                    "Actual Startup Time": 33.566,
                                                                    "Actual Total Time": 127.386,
                                                                    "Actual Rows": 459925,
                                                                    "Actual Loops": 1
                                                                },
                                                                {
                                                                    "Worker Number": 3,
                                                                    "Actual Startup Time": 24.546,
                                                                    "Actual Total Time": 83.356,
                                                                    "Actual Rows": 459925,
                                                                    "Actual Loops": 1
                                                                }
                                                            ],
                                                            "Plans": [
                                                                {
                                                                    "Node Type": "Bitmap Index Scan",
                                                                    "Parent Relationship": "Outer",
                                                                    "Parallel Aware": false,
                                                                    "Index Name": "info_type_id_movie_info_idx",
                                                                    "Startup Cost": 0.0,
                                                                    "Total Cost": 8181.2,
                                                                    "Plan Rows": 458770,
                                                                    "Plan Width": 0,
                                                                    "Actual Startup Time": 25.344,
                                                                    "Actual Total Time": 25.345,
                                                                    "Actual Rows": 459925,
                                                                    "Actual Loops": 5,
                                                                    "Index Cond": "(mi_idx.info_type_id = 99)",
                                                                    "Workers": [
                                                                        {
                                                                            "Worker Number": 0,
                                                                            "Actual Startup Time": 23.585,
                                                                            "Actual Total Time": 23.585,
                                                                            "Actual Rows": 459925,
                                                                            "Actual Loops": 1
                                                                        },
                                                                        {
                                                                            "Worker Number": 1,
                                                                            "Actual Startup Time": 32.066,
                                                                            "Actual Total Time": 32.066,
                                                                            "Actual Rows": 459925,
                                                                            "Actual Loops": 1
                                                                        },
                                                                        {
                                                                            "Worker Number": 2,
                                                                            "Actual Startup Time": 32.048,
                                                                            "Actual Total Time": 32.049,
                                                                            "Actual Rows": 459925,
                                                                            "Actual Loops": 1
                                                                        },
                                                                        {
                                                                            "Worker Number": 3,
                                                                            "Actual Startup Time": 23.584,
                                                                            "Actual Total Time": 23.584,
                                                                            "Actual Rows": 459925,
                                                                            "Actual Loops": 1
                                                                        }
                                                                    ]
                                                                }
                                                            ]
                                                        }
                                                    ]
                                                }
                                            ]
                                        },
                                        {
                                            "Node Type": "Index Scan",
                                            "Parent Relationship": "Inner",
                                            "Parallel Aware": false,
                                            "Scan Direction": "Forward",
                                            "Index Name": "movie_id_cast_info",
                                            "Relation Name": "cast_info",
                                            "Schema": "public",
                                            "Alias": "ci",
                                            "Startup Cost": 0.56,
                                            "Total Cost": 4.0,
                                            "Plan Rows": 14,
                                            "Plan Width": 4,
                                            "Actual Startup Time": 0.008,
                                            "Actual Total Time": 0.034,
                                            "Actual Rows": 12,
                                            "Actual Loops": 121055,
                                            "Output": [
                                                "ci.id",
                                                "ci.person_id",
                                                "ci.movie_id",
                                                "ci.person_role_id",
                                                "ci.note",
                                                "ci.nr_order",
                                                "ci.role_id"
                                            ],
                                            "Index Cond": "(ci.movie_id = t.id)",
                                            "Rows Removed by Index Recheck": 0,
                                            "Filter": "(ci.role_id < 2)",
                                            "Rows Removed by Filter": 13,
                                            "Workers": [
                                                {
                                                    "Worker Number": 0,
                                                    "Actual Startup Time": 0.009,
                                                    "Actual Total Time": 0.033,
                                                    "Actual Rows": 12,
                                                    "Actual Loops": 25396
                                                },
                                                {
                                                    "Worker Number": 1,
                                                    "Actual Startup Time": 0.012,
                                                    "Actual Total Time": 0.046,
                                                    "Actual Rows": 12,
                                                    "Actual Loops": 16418
                                                },
                                                {
                                                    "Worker Number": 2,
                                                    "Actual Startup Time": 0.012,
                                                    "Actual Total Time": 0.047,
                                                    "Actual Rows": 12,
                                                    "Actual Loops": 16452
                                                },
                                                {
                                                    "Worker Number": 3,
                                                    "Actual Startup Time": 0.009,
                                                    "Actual Total Time": 0.034,
                                                    "Actual Rows": 12,
                                                    "Actual Loops": 24977
                                                }
                                            ]
                                        }
                                    ]
                                }
                            ]
                        }
                    ]
                }
            ]
        },
        "Planning Time": 177.019,
        "Triggers": [],
        "Execution Time": 1377.507
    }
]