{
  "Plan": {
    "Node Type": "Aggregate",
    "Strategy": "Plain",
    "Partial Mode": "Finalize",
    "Parallel Aware": false,
    "Startup Cost": 117219.5,
    "Total Cost": 117219.51,
    "Plan Rows": 1,
    "Plan Width": 8,
    "Actual Startup Time": 938.163,
    "Actual Total Time": 955.89,
    "Actual Rows": 1,
    "Actual Loops": 1,
    "Plans": [
      {
        "Node Type": "Gather",
        "Parent Relationship": "Outer",
        "Parallel Aware": false,
        "Startup Cost": 117219.39,
        "Total Cost": 117219.5,
        "Plan Rows": 1,
        "Plan Width": 8,
        "Actual Startup Time": 933.804,
        "Actual Total Time": 955.881,
        "Actual Rows": 2,
        "Actual Loops": 1,
        "Workers Planned": 1,
        "Workers Launched": 1,
        "Single Copy": false,
        "Plans": [
          {
            "Node Type": "Aggregate",
            "Strategy": "Plain",
            "Partial Mode": "Partial",
            "Parent Relationship": "Outer",
            "Parallel Aware": false,
            "Startup Cost": 116219.39,
            "Total Cost": 116219.4,
            "Plan Rows": 1,
            "Plan Width": 8,
            "Actual Startup Time": 921.056,
            "Actual Total Time": 921.06,
            "Actual Rows": 1,
            "Actual Loops": 2,
            "Plans": [
              {
                "Node Type": "Hash Join",
                "Parent Relationship": "Outer",
                "Parallel Aware": true,
                "Join Type": "Inner",
                "Startup Cost": 71161.2,
                "Total Cost": 114728.7,
                "Plan Rows": 596276,
                "Plan Width": 0,
                "Actual Startup Time": 626.364,
                "Actual Total Time": 900.115,
                "Actual Rows": 522474,
                "Actual Loops": 2,
                "Inner Unique": true,
                "Hash Cond": "(mc.movie_id = t.id)",
                "Plans": [
                  {
                    "Node Type": "Seq Scan",
                    "Parent Relationship": "Outer",
                    "Parallel Aware": true,
                    "Relation Name": "movie_companies",
                    "Alias": "mc",
                    "Startup Cost": 0.0,
                    "Total Cost": 41811.73,
                    "Plan Rows": 668866,
                    "Plan Width": 4,
                    "Actual Startup Time": 53.792,
                    "Actual Total Time": 124.477,
                    "Actual Rows": 625487,
                    "Actual Loops": 2,
                    "Filter": "((company_id > 189) AND (company_type_id > 1))",
                    "Rows Removed by Filter": 679078
                  },
                  {
                    "Node Type": "Hash",
                    "Parent Relationship": "Inner",
                    "Parallel Aware": true,
                    "Startup Cost": 54588.39,
                    "Total Cost": 54588.39,
                    "Plan Rows": 1325825,
                    "Plan Width": 4,
                    "Actual Startup Time": 550.15,
                    "Actual Total Time": 550.151,
                    "Actual Rows": 1122297,
                    "Actual Loops": 2,
                    "Hash Buckets": 4194304,
                    "Original Hash Buckets": 4194304,
                    "Hash Batches": 1,
                    "Original Hash Batches": 1,
                    "Peak Memory Usage": 120608,
                    "Plans": [
                      {
                        "Node Type": "Seq Scan",
                        "Parent Relationship": "Outer",
                        "Parallel Aware": true,
                        "Relation Name": "title",
                        "Alias": "t",
                        "Startup Cost": 0.0,
                        "Total Cost": 54588.39,
                        "Plan Rows": 1325825,
                        "Plan Width": 4,
                        "Actual Startup Time": 0.036,
                        "Actual Total Time": 187.762,
                        "Actual Rows": 1122297,
                        "Actual Loops": 2,
                        "Filter": "(production_year > 1956)",
                        "Rows Removed by Filter": 141859
                      }
                    ]
                  }
                ]
              }
            ]
          }
        ]
      }
    ]
  },
  "Planning Time": 0.73,
  "Triggers": [],
  "Execution Time": 955.964
}