{
    "Plan": {
        "Node Type": "Aggregate",
        "Strategy": "Plain",
        "Partial Mode": "Simple",
        "Parallel Aware": false,
        "Startup Cost": 148197.05,
        "Total Cost": 148197.06,
        "Plan Rows": 1,
        "Plan Width": 64,
        "Actual Startup Time": 1463.516,
        "Actual Total Time": 1463.526,
        "Actual Rows": 1,
        "Actual Loops": 1,
        "Plans": [
            {
                "Node Type": "Nested Loop",
                "Parent Relationship": "Outer",
                "Parallel Aware": false,
                "Join Type": "Inner",
                "Startup Cost": 2.7,
                "Total Cost": 148197.04,
                "Plan Rows": 1,
                "Plan Width": 33,
                "Actual Startup Time": 866.105,
                "Actual Total Time": 1463.485,
                "Actual Rows": 62,
                "Actual Loops": 1,
                "Inner Unique": false,
                "Join Filter": "(n1.id = an1.person_id)",
                "Rows Removed by Join Filter": 0,
                "Plans": [
                    {
                        "Node Type": "Nested Loop",
                        "Parent Relationship": "Outer",
                        "Parallel Aware": false,
                        "Join Type": "Inner",
                        "Startup Cost": 2.27,
                        "Total Cost": 148195.89,
                        "Plan Rows": 1,
                        "Plan Width": 25,
                        "Actual Startup Time": 866.081,
                        "Actual Total Time": 1463.308,
                        "Actual Rows": 38,
                        "Actual Loops": 1,
                        "Inner Unique": true,
                        "Plans": [
                            {
                                "Node Type": "Nested Loop",
                                "Parent Relationship": "Outer",
                                "Parallel Aware": false,
                                "Join Type": "Inner",
                                "Startup Cost": 1.85,
                                "Total Cost": 148194.77,
                                "Plan Rows": 1,
                                "Plan Width": 29,
                                "Actual Startup Time": 866.05,
                                "Actual Total Time": 1463.047,
                                "Actual Rows": 39,
                                "Actual Loops": 1,
                                "Inner Unique": false,
                                "Join Filter": "(ci.movie_id = mc.movie_id)",
                                "Rows Removed by Join Filter": 0,
                                "Plans": [
                                    {
                                        "Node Type": "Nested Loop",
                                        "Parent Relationship": "Outer",
                                        "Parallel Aware": false,
                                        "Join Type": "Inner",
                                        "Startup Cost": 1.42,
                                        "Total Cost": 148153.64,
                                        "Plan Rows": 69,
                                        "Plan Width": 33,
                                        "Actual Startup Time": 620.489,
                                        "Actual Total Time": 1461.56,
                                        "Actual Rows": 394,
                                        "Actual Loops": 1,
                                        "Inner Unique": true,
                                        "Plans": [
                                            {
                                                "Node Type": "Nested Loop",
                                                "Parent Relationship": "Outer",
                                                "Parallel Aware": false,
                                                "Join Type": "Inner",
                                                "Startup Cost": 0.99,
                                                "Total Cost": 147980.62,
                                                "Plan Rows": 69,
                                                "Plan Width": 12,
                                                "Actual Startup Time": 620.456,
                                                "Actual Total Time": 1459.444,
                                                "Actual Rows": 394,
                                                "Actual Loops": 1,
                                                "Inner Unique": true,
                                                "Plans": [
                                                    {
                                                        "Node Type": "Nested Loop",
                                                        "Parent Relationship": "Outer",
                                                        "Parallel Aware": false,
                                                        "Join Type": "Inner",
                                                        "Startup Cost": 0.56,
                                                        "Total Cost": 125143.29,
                                                        "Plan Rows": 6947,
                                                        "Plan Width": 8,
                                                        "Actual Startup Time": 2.4,
                                                        "Actual Total Time": 1373.828,
                                                        "Actual Rows": 34848,
                                                        "Actual Loops": 1,
                                                        "Inner Unique": false,
                                                        "Plans": [
                                                            {
                                                                "Node Type": "Seq Scan",
                                                                "Parent Relationship": "Outer",
                                                                "Parallel Aware": false,
                                                                "Relation Name": "role_type",
                                                                "Alias": "rt",
                                                                "Startup Cost": 0.0,
                                                                "Total Cost": 1.15,
                                                                "Plan Rows": 1,
                                                                "Plan Width": 4,
                                                                "Actual Startup Time": 0.025,
                                                                "Actual Total Time": 0.033,
                                                                "Actual Rows": 1,
                                                                "Actual Loops": 1,
                                                                "Filter": "((role)::text = 'actress'::text)",
                                                                "Rows Removed by Filter": 11
                                                            },
                                                            {
                                                                "Node Type": "Index Scan",
                                                                "Parent Relationship": "Inner",
                                                                "Parallel Aware": false,
                                                                "Scan Direction": "Forward",
                                                                "Index Name": "role_id_cast_info",
                                                                "Relation Name": "cast_info",
                                                                "Alias": "ci",
                                                                "Startup Cost": 0.56,
                                                                "Total Cost": 125066.37,
                                                                "Plan Rows": 7578,
                                                                "Plan Width": 12,
                                                                "Actual Startup Time": 2.367,
                                                                "Actual Total Time": 1369.321,
                                                                "Actual Rows": 34848,
                                                                "Actual Loops": 1,
                                                                "Index Cond": "(role_id = rt.id)",
                                                                "Rows Removed by Index Recheck": 0,
                                                                "Filter": "(note = '(voice: English version)'::text)",
                                                                "Rows Removed by Filter": 7417125
                                                            }
                                                        ]
                                                    },
                                                    {
                                                        "Node Type": "Index Scan",
                                                        "Parent Relationship": "Inner",
                                                        "Parallel Aware": false,
                                                        "Scan Direction": "Forward",
                                                        "Index Name": "name_pkey",
                                                        "Relation Name": "name",
                                                        "Alias": "n1",
                                                        "Startup Cost": 0.43,
                                                        "Total Cost": 3.29,
                                                        "Plan Rows": 1,
                                                        "Plan Width": 4,
                                                        "Actual Startup Time": 0.002,
                                                        "Actual Total Time": 0.002,
                                                        "Actual Rows": 0,
                                                        "Actual Loops": 34848,
                                                        "Index Cond": "(id = ci.person_id)",
                                                        "Rows Removed by Index Recheck": 0,
                                                        "Filter": "((name ~~ '%Yo%'::text) AND (name !~~ '%Yu%'::text))",
                                                        "Rows Removed by Filter": 1
                                                    }
                                                ]
                                            },
                                            {
                                                "Node Type": "Index Scan",
                                                "Parent Relationship": "Inner",
                                                "Parallel Aware": false,
                                                "Scan Direction": "Forward",
                                                "Index Name": "title_pkey",
                                                "Relation Name": "title",
                                                "Alias": "t",
                                                "Startup Cost": 0.43,
                                                "Total Cost": 2.51,
                                                "Plan Rows": 1,
                                                "Plan Width": 21,
                                                "Actual Startup Time": 0.005,
                                                "Actual Total Time": 0.005,
                                                "Actual Rows": 1,
                                                "Actual Loops": 394,
                                                "Index Cond": "(id = ci.movie_id)",
                                                "Rows Removed by Index Recheck": 0
                                            }
                                        ]
                                    },
                                    {
                                        "Node Type": "Index Scan",
                                        "Parent Relationship": "Inner",
                                        "Parallel Aware": false,
                                        "Scan Direction": "Forward",
                                        "Index Name": "movie_id_movie_companies",
                                        "Relation Name": "movie_companies",
                                        "Alias": "mc",
                                        "Startup Cost": 0.43,
                                        "Total Cost": 0.58,
                                        "Plan Rows": 1,
                                        "Plan Width": 8,
                                        "Actual Startup Time": 0.003,
                                        "Actual Total Time": 0.003,
                                        "Actual Rows": 0,
                                        "Actual Loops": 394,
                                        "Index Cond": "(movie_id = t.id)",
                                        "Rows Removed by Index Recheck": 0,
                                        "Filter": "((note ~~ '%(Japan)%'::text) AND (note !~~ '%(USA)%'::text))",
                                        "Rows Removed by Filter": 1
                                    }
                                ]
                            },
                            {
                                "Node Type": "Index Scan",
                                "Parent Relationship": "Inner",
                                "Parallel Aware": false,
                                "Scan Direction": "Forward",
                                "Index Name": "company_name_pkey",
                                "Relation Name": "company_name",
                                "Alias": "cn",
                                "Startup Cost": 0.42,
                                "Total Cost": 1.12,
                                "Plan Rows": 1,
                                "Plan Width": 4,
                                "Actual Startup Time": 0.006,
                                "Actual Total Time": 0.006,
                                "Actual Rows": 1,
                                "Actual Loops": 39,
                                "Index Cond": "(id = mc.company_id)",
                                "Rows Removed by Index Recheck": 0,
                                "Filter": "((country_code)::text = '[jp]'::text)",
                                "Rows Removed by Filter": 0
                            }
                        ]
                    },
                    {
                        "Node Type": "Index Scan",
                        "Parent Relationship": "Inner",
                        "Parallel Aware": false,
                        "Scan Direction": "Forward",
                        "Index Name": "person_id_aka_name",
                        "Relation Name": "aka_name",
                        "Alias": "an1",
                        "Startup Cost": 0.42,
                        "Total Cost": 1.13,
                        "Plan Rows": 2,
                        "Plan Width": 20,
                        "Actual Startup Time": 0.003,
                        "Actual Total Time": 0.004,
                        "Actual Rows": 2,
                        "Actual Loops": 38,
                        "Index Cond": "(person_id = ci.person_id)",
                        "Rows Removed by Index Recheck": 0
                    }
                ]
            }
        ]
    },
    "Planning Time": 2.633,
    "Triggers": [],
    "Execution Time": 1463.676
}