[
  {
    "Plan": {
      "Node Type": "Aggregate",
      "Strategy": "Plain",
      "Partial Mode": "Finalize",
      "Parallel Aware": false,
      "Startup Cost": 335330.08,
      "Total Cost": 335330.09,
      "Plan Rows": 1,
      "Plan Width": 8,
      "Actual Startup Time": 691.376,
      "Actual Total Time": 736.072,
      "Actual Rows": 1,
      "Actual Loops": 1,
      "Plans": [
        {
          "Node Type": "Gather",
          "Parent Relationship": "Outer",
          "Parallel Aware": false,
          "Startup Cost": 335329.45,
          "Total Cost": 335330.06,
          "Plan Rows": 6,
          "Plan Width": 8,
          "Actual Startup Time": 691.217,
          "Actual Total Time": 736.056,
          "Actual Rows": 7,
          "Actual Loops": 1,
          "Workers Planned": 6,
          "Workers Launched": 6,
          "Single Copy": false,
          "Plans": [
            {
              "Node Type": "Aggregate",
              "Strategy": "Plain",
              "Partial Mode": "Partial",
              "Parent Relationship": "Outer",
              "Parallel Aware": false,
              "Startup Cost": 334329.45,
              "Total Cost": 334329.46,
              "Plan Rows": 1,
              "Plan Width": 8,
              "Actual Startup Time": 684.272,
              "Actual Total Time": 684.274,
              "Actual Rows": 1,
              "Actual Loops": 7,
              "Plans": [
                {
                  "Node Type": "Seq Scan",
                  "Parent Relationship": "Outer",
                  "Parallel Aware": true,
                  "Relation Name": "cast_info",
                  "Alias": "ci",
                  "Startup Cost": 0.0,
                  "Total Cost": 328211.39,
                  "Plan Rows": 2447225,
                  "Plan Width": 0,
                  "Actual Startup Time": 239.488,
                  "Actual Total Time": 580.487,
                  "Actual Rows": 2060546,
                  "Actual Loops": 7,
                  "Filter": "(person_id > 2218341)",
                  "Rows Removed by Filter": 3117217
                }
              ]
            }
          ]
        }
      ]
    },
    "Planning Time": 0.098,
    "Triggers": [],
    "Execution Time": 736.118
  }
]