[
  {
    "Plan": {
      "Node Type": "Aggregate",
      "Strategy": "Plain",
      "Partial Mode": "Finalize",
      "Parallel Aware": false,
      "Startup Cost": 32942.55,
      "Total Cost": 32942.56,
      "Plan Rows": 1,
      "Plan Width": 8,
      "Actual Startup Time": 91.725,
      "Actual Total Time": 99.644,
      "Actual Rows": 1,
      "Actual Loops": 1,
      "Plans": [
        {
          "Node Type": "Gather",
          "Parent Relationship": "Outer",
          "Parallel Aware": false,
          "Startup Cost": 32942.23,
          "Total Cost": 32942.54,
          "Plan Rows": 3,
          "Plan Width": 8,
          "Actual Startup Time": 91.629,
          "Actual Total Time": 99.637,
          "Actual Rows": 4,
          "Actual Loops": 1,
          "Workers Planned": 3,
          "Workers Launched": 3,
          "Single Copy": false,
          "Plans": [
            {
              "Node Type": "Aggregate",
              "Strategy": "Plain",
              "Partial Mode": "Partial",
              "Parent Relationship": "Outer",
              "Parallel Aware": false,
              "Startup Cost": 31942.23,
              "Total Cost": 31942.24,
              "Plan Rows": 1,
              "Plan Width": 8,
              "Actual Startup Time": 85.997,
              "Actual Total Time": 85.998,
              "Actual Rows": 1,
              "Actual Loops": 4,
              "Plans": [
                {
                  "Node Type": "Seq Scan",
                  "Parent Relationship": "Outer",
                  "Parallel Aware": true,
                  "Relation Name": "movie_companies",
                  "Alias": "mc",
                  "Startup Cost": 0.0,
                  "Total Cost": 31414.82,
                  "Plan Rows": 210966,
                  "Plan Width": 0,
                  "Actual Startup Time": 43.884,
                  "Actual Total Time": 77.188,
                  "Actual Rows": 226428,
                  "Actual Loops": 4,
                  "Filter": "((company_id > 11367) AND (company_type_id = 2))",
                  "Rows Removed by Filter": 425854
                }
              ]
            }
          ]
        }
      ]
    },
    "Planning Time": 0.168,
    "Triggers": [],
    "Execution Time": 99.685
  }
]