[
    {
        "Bao": {
            "Bao prediction": "NaN",
            "Bao recommended hint": "(no hint)"
        }
    },
    {
        "Plan": {
            "Node Type": "Aggregate",
            "Strategy": "Plain",
            "Partial Mode": "Finalize",
            "Parallel Aware": false,
            "Startup Cost": 375405.0,
            "Total Cost": 375405.01,
            "Plan Rows": 1,
            "Plan Width": 8,
            "Actual Startup Time": 2221.08,
            "Actual Total Time": 2274.021,
            "Actual Rows": 1,
            "Actual Loops": 1,
            "Output": [
                "count(*)"
            ],
            "Plans": [
                {
                    "Node Type": "Gather",
                    "Parent Relationship": "Outer",
                    "Parallel Aware": false,
                    "Startup Cost": 375404.48,
                    "Total Cost": 375404.99,
                    "Plan Rows": 5,
                    "Plan Width": 8,
                    "Actual Startup Time": 2218.147,
                    "Actual Total Time": 2274.013,
                    "Actual Rows": 6,
                    "Actual Loops": 1,
                    "Output": [
                        "(PARTIAL count(*))"
                    ],
                    "Workers Planned": 5,
                    "Workers Launched": 5,
                    "Single Copy": false,
                    "Plans": [
                        {
                            "Node Type": "Aggregate",
                            "Strategy": "Plain",
                            "Partial Mode": "Partial",
                            "Parent Relationship": "Outer",
                            "Parallel Aware": false,
                            "Startup Cost": 374404.48,
                            "Total Cost": 374404.49,
                            "Plan Rows": 1,
                            "Plan Width": 8,
                            "Actual Startup Time": 2206.409,
                            "Actual Total Time": 2206.413,
                            "Actual Rows": 1,
                            "Actual Loops": 6,
                            "Output": [
                                "PARTIAL count(*)"
                            ],
                            "Workers": [
                                {
                                    "Worker Number": 0,
                                    "Actual Startup Time": 2203.803,
                                    "Actual Total Time": 2203.806,
                                    "Actual Rows": 1,
                                    "Actual Loops": 1
                                },
                                {
                                    "Worker Number": 1,
                                    "Actual Startup Time": 2203.397,
                                    "Actual Total Time": 2203.401,
                                    "Actual Rows": 1,
                                    "Actual Loops": 1
                                },
                                {
                                    "Worker Number": 2,
                                    "Actual Startup Time": 2204.356,
                                    "Actual Total Time": 2204.359,
                                    "Actual Rows": 1,
                                    "Actual Loops": 1
                                },
                                {
                                    "Worker Number": 3,
                                    "Actual Startup Time": 2204.116,
                                    "Actual Total Time": 2204.119,
                                    "Actual Rows": 1,
                                    "Actual Loops": 1
                                },
                                {
                                    "Worker Number": 4,
                                    "Actual Startup Time": 2205.01,
                                    "Actual Total Time": 2205.014,
                                    "Actual Rows": 1,
                                    "Actual Loops": 1
                                }
                            ],
                            "Plans": [
                                {
                                    "Node Type": "Nested Loop",
                                    "Parent Relationship": "Outer",
                                    "Parallel Aware": false,
                                    "Join Type": "Inner",
                                    "Startup Cost": 59583.25,
                                    "Total Cost": 372978.48,
                                    "Plan Rows": 570399,
                                    "Plan Width": 0,
                                    "Actual Startup Time": 169.988,
                                    "Actual Total Time": 2126.85,
                                    "Actual Rows": 1566202,
                                    "Actual Loops": 6,
                                    "Inner Unique": false,
                                    "Join Filter": "(t.id = ci.movie_id)",
                                    "Rows Removed by Join Filter": 0,
                                    "Workers": [
                                        {
                                            "Worker Number": 0,
                                            "Actual Startup Time": 170.287,
                                            "Actual Total Time": 2112.367,
                                            "Actual Rows": 1263137,
                                            "Actual Loops": 1
                                        },
                                        {
                                            "Worker Number": 1,
                                            "Actual Startup Time": 170.854,
                                            "Actual Total Time": 2130.921,
                                            "Actual Rows": 1645469,
                                            "Actual Loops": 1
                                        },
                                        {
                                            "Worker Number": 2,
                                            "Actual Startup Time": 171.005,
                                            "Actual Total Time": 2130.909,
                                            "Actual Rows": 1666338,
                                            "Actual Loops": 1
                                        },
                                        {
                                            "Worker Number": 3,
                                            "Actual Startup Time": 153.445,
                                            "Actual Total Time": 2128.372,
                                            "Actual Rows": 1693094,
                                            "Actual Loops": 1
                                        },
                                        {
                                            "Worker Number": 4,
                                            "Actual Startup Time": 171.695,
                                            "Actual Total Time": 2114.14,
                                            "Actual Rows": 1254296,
                                            "Actual Loops": 1
                                        }
                                    ],
                                    "Plans": [
                                        {
                                            "Node Type": "Hash Join",
                                            "Parent Relationship": "Outer",
                                            "Parallel Aware": true,
                                            "Join Type": "Inner",
                                            "Startup Cost": 59582.69,
                                            "Total Cost": 223841.61,
                                            "Plan Rows": 39780,
                                            "Plan Width": 8,
                                            "Actual Startup Time": 169.877,
                                            "Actual Total Time": 245.228,
                                            "Actual Rows": 73840,
                                            "Actual Loops": 6,
                                            "Output": [
                                                "t.id",
                                                "mi.movie_id"
                                            ],
                                            "Inner Unique": true,
                                            "Hash Cond": "(mi.movie_id = t.id)",
                                            "Workers": [
                                                {
                                                    "Worker Number": 0,
                                                    "Actual Startup Time": 170.153,
                                                    "Actual Total Time": 242.225,
                                                    "Actual Rows": 59975,
                                                    "Actual Loops": 1
                                                },
                                                {
                                                    "Worker Number": 1,
                                                    "Actual Startup Time": 170.747,
                                                    "Actual Total Time": 241.868,
                                                    "Actual Rows": 77097,
                                                    "Actual Loops": 1
                                                },
                                                {
                                                    "Worker Number": 2,
                                                    "Actual Startup Time": 170.905,
                                                    "Actual Total Time": 243.882,
                                                    "Actual Rows": 78771,
                                                    "Actual Loops": 1
                                                },
                                                {
                                                    "Worker Number": 3,
                                                    "Actual Startup Time": 153.284,
                                                    "Actual Total Time": 243.353,
                                                    "Actual Rows": 79395,
                                                    "Actual Loops": 1
                                                },
                                                {
                                                    "Worker Number": 4,
                                                    "Actual Startup Time": 171.571,
                                                    "Actual Total Time": 242.176,
                                                    "Actual Rows": 59530,
                                                    "Actual Loops": 1
                                                }
                                            ],
                                            "Plans": [
                                                {
                                                    "Node Type": "Bitmap Heap Scan",
                                                    "Parent Relationship": "Outer",
                                                    "Parallel Aware": true,
                                                    "Relation Name": "movie_info",
                                                    "Schema": "public",
                                                    "Alias": "mi",
                                                    "Startup Cost": 13585.7,
                                                    "Total Cost": 177451.37,
                                                    "Plan Rows": 149813,
                                                    "Plan Width": 4,
                                                    "Actual Startup Time": 35.066,
                                                    "Actual Total Time": 54.972,
                                                    "Actual Rows": 133690,
                                                    "Actual Loops": 6,
                                                    "Output": [
                                                        "mi.id",
                                                        "mi.movie_id",
                                                        "mi.info_type_id",
                                                        "mi.info",
                                                        "mi.note"
                                                    ],
                                                    "Recheck Cond": "(mi.info_type_id = 1)",
                                                    "Rows Removed by Index Recheck": 0,
                                                    "Exact Heap Blocks": 934,
                                                    "Lossy Heap Blocks": 0,
                                                    "Workers": [
                                                        {
                                                            "Worker Number": 0,
                                                            "Actual Startup Time": 35.135,
                                                            "Actual Total Time": 56.933,
                                                            "Actual Rows": 108275,
                                                            "Actual Loops": 1
                                                        },
                                                        {
                                                            "Worker Number": 1,
                                                            "Actual Startup Time": 34.965,
                                                            "Actual Total Time": 54.647,
                                                            "Actual Rows": 135829,
                                                            "Actual Loops": 1
                                                        },
                                                        {
                                                            "Worker Number": 2,
                                                            "Actual Startup Time": 34.945,
                                                            "Actual Total Time": 53.644,
                                                            "Actual Rows": 160870,
                                                            "Actual Loops": 1
                                                        },
                                                        {
                                                            "Worker Number": 3,
                                                            "Actual Startup Time": 35.13,
                                                            "Actual Total Time": 54.79,
                                                            "Actual Rows": 131978,
                                                            "Actual Loops": 1
                                                        },
                                                        {
                                                            "Worker Number": 4,
                                                            "Actual Startup Time": 35.126,
                                                            "Actual Total Time": 56.702,
                                                            "Actual Rows": 110932,
                                                            "Actual Loops": 1
                                                        }
                                                    ],
                                                    "Plans": [
                                                        {
                                                            "Node Type": "Bitmap Index Scan",
                                                            "Parent Relationship": "Outer",
                                                            "Parallel Aware": false,
                                                            "Index Name": "info_type_id_movie_info",
                                                            "Startup Cost": 0.0,
                                                            "Total Cost": 13398.44,
                                                            "Plan Rows": 749067,
                                                            "Plan Width": 0,
                                                            "Actual Startup Time": 34.251,
                                                            "Actual Total Time": 34.252,
                                                            "Actual Rows": 802140,
                                                            "Actual Loops": 1,
                                                            "Index Cond": "(mi.info_type_id = 1)",
                                                            "Workers": [
                                                                {
                                                                    "Worker Number": 2,
                                                                    "Actual Startup Time": 34.251,
                                                                    "Actual Total Time": 34.252,
                                                                    "Actual Rows": 802140,
                                                                    "Actual Loops": 1
                                                                }
                                                            ]
                                                        }
                                                    ]
                                                },
                                                {
                                                    "Node Type": "Hash",
                                                    "Parent Relationship": "Inner",
                                                    "Parallel Aware": true,
                                                    "Startup Cost": 43899.01,
                                                    "Total Cost": 43899.01,
                                                    "Plan Rows": 167838,
                                                    "Plan Width": 4,
                                                    "Actual Startup Time": 113.451,
                                                    "Actual Total Time": 113.451,
                                                    "Actual Rows": 110471,
                                                    "Actual Loops": 6,
                                                    "Output": [
                                                        "t.id"
                                                    ],
                                                    "Hash Buckets": 1048576,
                                                    "Original Hash Buckets": 1048576,
                                                    "Hash Batches": 1,
                                                    "Original Hash Batches": 1,
                                                    "Peak Memory Usage": 34240,
                                                    "Workers": [
                                                        {
                                                            "Worker Number": 0,
                                                            "Actual Startup Time": 112.452,
                                                            "Actual Total Time": 112.453,
                                                            "Actual Rows": 78349,
                                                            "Actual Loops": 1
                                                        },
                                                        {
                                                            "Worker Number": 1,
                                                            "Actual Startup Time": 113.029,
                                                            "Actual Total Time": 113.029,
                                                            "Actual Rows": 121170,
                                                            "Actual Loops": 1
                                                        },
                                                        {
                                                            "Worker Number": 2,
                                                            "Actual Startup Time": 113.188,
                                                            "Actual Total Time": 113.189,
                                                            "Actual Rows": 124120,
                                                            "Actual Loops": 1
                                                        },
                                                        {
                                                            "Worker Number": 3,
                                                            "Actual Startup Time": 113.383,
                                                            "Actual Total Time": 113.384,
                                                            "Actual Rows": 110667,
                                                            "Actual Loops": 1
                                                        },
                                                        {
                                                            "Worker Number": 4,
                                                            "Actual Startup Time": 113.906,
                                                            "Actual Total Time": 113.908,
                                                            "Actual Rows": 84492,
                                                            "Actual Loops": 1
                                                        }
                                                    ],
                                                    "Plans": [
                                                        {
                                                            "Node Type": "Seq Scan",
                                                            "Parent Relationship": "Outer",
                                                            "Parallel Aware": true,
                                                            "Relation Name": "title",
                                                            "Schema": "public",
                                                            "Alias": "t",
                                                            "Startup Cost": 0.0,
                                                            "Total Cost": 43899.01,
                                                            "Plan Rows": 167838,
                                                            "Plan Width": 4,
                                                            "Actual Startup Time": 36.84,
                                                            "Actual Total Time": 74.682,
                                                            "Actual Rows": 110471,
                                                            "Actual Loops": 6,
                                                            "Output": [
                                                                "t.id"
                                                            ],
                                                            "Filter": "(t.kind_id = 1)",
                                                            "Rows Removed by Filter": 310914,
                                                            "Workers": [
                                                                {
                                                                    "Worker Number": 0,
                                                                    "Actual Startup Time": 42.393,
                                                                    "Actual Total Time": 74.314,
                                                                    "Actual Rows": 78349,
                                                                    "Actual Loops": 1
                                                                },
                                                                {
                                                                    "Worker Number": 1,
                                                                    "Actual Startup Time": 43.225,
                                                                    "Actual Total Time": 74.922,
                                                                    "Actual Rows": 121170,
                                                                    "Actual Loops": 1
                                                                },
                                                                {
                                                                    "Worker Number": 2,
                                                                    "Actual Startup Time": 43.104,
                                                                    "Actual Total Time": 75.064,
                                                                    "Actual Rows": 124120,
                                                                    "Actual Loops": 1
                                                                },
                                                                {
                                                                    "Worker Number": 3,
                                                                    "Actual Startup Time": 3.926,
                                                                    "Actual Total Time": 73.364,
                                                                    "Actual Rows": 110667,
                                                                    "Actual Loops": 1
                                                                },
                                                                {
                                                                    "Worker Number": 4,
                                                                    "Actual Startup Time": 43.754,
                                                                    "Actual Total Time": 77.393,
                                                                    "Actual Rows": 84492,
                                                                    "Actual Loops": 1
                                                                }
                                                            ]
                                                        }
                                                    ]
                                                }
                                            ]
                                        },
                                        {
                                            "Node Type": "Index Only Scan",
                                            "Parent Relationship": "Inner",
                                            "Parallel Aware": false,
                                            "Scan Direction": "Forward",
                                            "Index Name": "movie_id_cast_info",
                                            "Relation Name": "cast_info",
                                            "Schema": "public",
                                            "Alias": "ci",
                                            "Startup Cost": 0.56,
                                            "Total Cost": 3.27,
                                            "Plan Rows": 38,
                                            "Plan Width": 4,
                                            "Actual Startup Time": 0.004,
                                            "Actual Total Time": 0.023,
                                            "Actual Rows": 21,
                                            "Actual Loops": 443040,
                                            "Output": [
                                                "ci.movie_id"
                                            ],
                                            "Index Cond": "(ci.movie_id = mi.movie_id)",
                                            "Rows Removed by Index Recheck": 0,
                                            "Heap Fetches": 9397210,
                                            "Workers": [
                                                {
                                                    "Worker Number": 0,
                                                    "Actual Startup Time": 0.006,
                                                    "Actual Total Time": 0.028,
                                                    "Actual Rows": 21,
                                                    "Actual Loops": 59975
                                                },
                                                {
                                                    "Worker Number": 1,
                                                    "Actual Startup Time": 0.004,
                                                    "Actual Total Time": 0.023,
                                                    "Actual Rows": 21,
                                                    "Actual Loops": 77097
                                                },
                                                {
                                                    "Worker Number": 2,
                                                    "Actual Startup Time": 0.004,
                                                    "Actual Total Time": 0.022,
                                                    "Actual Rows": 21,
                                                    "Actual Loops": 78771
                                                },
                                                {
                                                    "Worker Number": 3,
                                                    "Actual Startup Time": 0.004,
                                                    "Actual Total Time": 0.022,
                                                    "Actual Rows": 21,
                                                    "Actual Loops": 79395
                                                },
                                                {
                                                    "Worker Number": 4,
                                                    "Actual Startup Time": 0.006,
                                                    "Actual Total Time": 0.028,
                                                    "Actual Rows": 21,
                                                    "Actual Loops": 59530
                                                }
                                            ]
                                        }
                                    ]
                                }
                            ]
                        }
                    ]
                }
            ]
        },
        "Planning Time": 184.963,
        "Triggers": [],
        "Execution Time": 2274.106
    }
]