{
    "Plan": {
        "Node Type": "Aggregate",
        "Strategy": "Plain",
        "Partial Mode": "Finalize",
        "Parallel Aware": false,
        "Startup Cost": 78320.87,
        "Total Cost": 78320.88,
        "Plan Rows": 1,
        "Plan Width": 8,
        "Actual Startup Time": 198.004,
        "Actual Total Time": 213.88,
        "Actual Rows": 1,
        "Actual Loops": 1,
        "Output": [
            "count(*)"
        ],
        "Plans": [
            {
                "Node Type": "Gather",
                "Parent Relationship": "Outer",
                "Parallel Aware": false,
                "Startup Cost": 78320.55,
                "Total Cost": 78320.86,
                "Plan Rows": 3,
                "Plan Width": 8,
                "Actual Startup Time": 197.74,
                "Actual Total Time": 213.872,
                "Actual Rows": 4,
                "Actual Loops": 1,
                "Output": [
                    "(PARTIAL count(*))"
                ],
                "Workers Planned": 3,
                "Workers Launched": 3,
                "Single Copy": false,
                "Plans": [
                    {
                        "Node Type": "Aggregate",
                        "Strategy": "Plain",
                        "Partial Mode": "Partial",
                        "Parent Relationship": "Outer",
                        "Parallel Aware": false,
                        "Startup Cost": 77320.55,
                        "Total Cost": 77320.56,
                        "Plan Rows": 1,
                        "Plan Width": 8,
                        "Actual Startup Time": 188.556,
                        "Actual Total Time": 188.56,
                        "Actual Rows": 1,
                        "Actual Loops": 4,
                        "Output": [
                            "PARTIAL count(*)"
                        ],
                        "Workers": [
                            {
                                "Worker Number": 0,
                                "Actual Startup Time": 185.53,
                                "Actual Total Time": 185.533,
                                "Actual Rows": 1,
                                "Actual Loops": 1
                            },
                            {
                                "Worker Number": 1,
                                "Actual Startup Time": 185.794,
                                "Actual Total Time": 185.798,
                                "Actual Rows": 1,
                                "Actual Loops": 1
                            },
                            {
                                "Worker Number": 2,
                                "Actual Startup Time": 185.876,
                                "Actual Total Time": 185.879,
                                "Actual Rows": 1,
                                "Actual Loops": 1
                            }
                        ],
                        "Plans": [
                            {
                                "Node Type": "Hash Join",
                                "Parent Relationship": "Outer",
                                "Parallel Aware": true,
                                "Join Type": "Inner",
                                "Startup Cost": 45579.06,
                                "Total Cost": 77316.67,
                                "Plan Rows": 1554,
                                "Plan Width": 0,
                                "Actual Startup Time": 135.128,
                                "Actual Total Time": 188.298,
                                "Actual Rows": 4026,
                                "Actual Loops": 4,
                                "Inner Unique": true,
                                "Hash Cond": "(mc.movie_id = t.id)",
                                "Workers": [
                                    {
                                        "Worker Number": 0,
                                        "Actual Startup Time": 132.165,
                                        "Actual Total Time": 185.233,
                                        "Actual Rows": 2728,
                                        "Actual Loops": 1
                                    },
                                    {
                                        "Worker Number": 1,
                                        "Actual Startup Time": 132.308,
                                        "Actual Total Time": 185.526,
                                        "Actual Rows": 4400,
                                        "Actual Loops": 1
                                    },
                                    {
                                        "Worker Number": 2,
                                        "Actual Startup Time": 132.48,
                                        "Actual Total Time": 185.625,
                                        "Actual Rows": 4093,
                                        "Actual Loops": 1
                                    }
                                ],
                                "Plans": [
                                    {
                                        "Node Type": "Seq Scan",
                                        "Parent Relationship": "Outer",
                                        "Parallel Aware": true,
                                        "Relation Name": "movie_companies",
                                        "Schema": "public",
                                        "Alias": "mc",
                                        "Startup Cost": 0.0,
                                        "Total Cost": 31414.82,
                                        "Plan Rows": 122968,
                                        "Plan Width": 4,
                                        "Actual Startup Time": 30.214,
                                        "Actual Total Time": 65.817,
                                        "Actual Rows": 174424,
                                        "Actual Loops": 4,
                                        "Output": [
                                            "mc.id",
                                            "mc.movie_id",
                                            "mc.company_id",
                                            "mc.company_type_id",
                                            "mc.note"
                                        ],
                                        "Filter": "((mc.company_id > 37174) AND (mc.company_type_id > 1))",
                                        "Rows Removed by Filter": 477858,
                                        "Workers": [
                                            {
                                                "Worker Number": 0,
                                                "Actual Startup Time": 30.193,
                                                "Actual Total Time": 65.664,
                                                "Actual Rows": 117182,
                                                "Actual Loops": 1
                                            },
                                            {
                                                "Worker Number": 1,
                                                "Actual Startup Time": 30.163,
                                                "Actual Total Time": 65.572,
                                                "Actual Rows": 184799,
                                                "Actual Loops": 1
                                            },
                                            {
                                                "Worker Number": 2,
                                                "Actual Startup Time": 30.23,
                                                "Actual Total Time": 66.017,
                                                "Actual Rows": 184702,
                                                "Actual Loops": 1
                                            }
                                        ]
                                    },
                                    {
                                        "Node Type": "Hash",
                                        "Parent Relationship": "Inner",
                                        "Parallel Aware": true,
                                        "Startup Cost": 45479.21,
                                        "Total Cost": 45479.21,
                                        "Plan Rows": 7988,
                                        "Plan Width": 4,
                                        "Actual Startup Time": 103.245,
                                        "Actual Total Time": 103.246,
                                        "Actual Rows": 5744,
                                        "Actual Loops": 4,
                                        "Output": [
                                            "t.id"
                                        ],
                                        "Hash Buckets": 32768,
                                        "Original Hash Buckets": 32768,
                                        "Hash Batches": 1,
                                        "Original Hash Batches": 1,
                                        "Peak Memory Usage": 1216,
                                        "Workers": [
                                            {
                                                "Worker Number": 0,
                                                "Actual Startup Time": 101.108,
                                                "Actual Total Time": 101.109,
                                                "Actual Rows": 4015,
                                                "Actual Loops": 1
                                            },
                                            {
                                                "Worker Number": 1,
                                                "Actual Startup Time": 101.383,
                                                "Actual Total Time": 101.384,
                                                "Actual Rows": 5779,
                                                "Actual Loops": 1
                                            },
                                            {
                                                "Worker Number": 2,
                                                "Actual Startup Time": 101.469,
                                                "Actual Total Time": 101.471,
                                                "Actual Rows": 5713,
                                                "Actual Loops": 1
                                            }
                                        ],
                                        "Plans": [
                                            {
                                                "Node Type": "Seq Scan",
                                                "Parent Relationship": "Outer",
                                                "Parallel Aware": true,
                                                "Relation Name": "title",
                                                "Schema": "public",
                                                "Alias": "t",
                                                "Startup Cost": 0.0,
                                                "Total Cost": 45479.21,
                                                "Plan Rows": 7988,
                                                "Plan Width": 4,
                                                "Actual Startup Time": 0.254,
                                                "Actual Total Time": 100.502,
                                                "Actual Rows": 5744,
                                                "Actual Loops": 4,
                                                "Output": [
                                                    "t.id"
                                                ],
                                                "Filter": "((t.kind_id < 4) AND (t.production_year = 2005))",
                                                "Rows Removed by Filter": 626334,
                                                "Workers": [
                                                    {
                                                        "Worker Number": 0,
                                                        "Actual Startup Time": 0.428,
                                                        "Actual Total Time": 98.325,
                                                        "Actual Rows": 4015,
                                                        "Actual Loops": 1
                                                    },
                                                    {
                                                        "Worker Number": 1,
                                                        "Actual Startup Time": 0.238,
                                                        "Actual Total Time": 98.23,
                                                        "Actual Rows": 5779,
                                                        "Actual Loops": 1
                                                    },
                                                    {
                                                        "Worker Number": 2,
                                                        "Actual Startup Time": 0.3,
                                                        "Actual Total Time": 98.847,
                                                        "Actual Rows": 5713,
                                                        "Actual Loops": 1
                                                    }
                                                ]
                                            }
                                        ]
                                    }
                                ]
                            }
                        ]
                    }
                ]
            }
        ]
    },
    "Planning Time": 0.773,
    "Triggers": [],
    "Execution Time": 213.96
}