[
  {
    "Plan": {
      "Node Type": "Aggregate",
      "Strategy": "Plain",
      "Partial Mode": "Simple",
      "Parallel Aware": false,
      "Startup Cost": 7464.23,
      "Total Cost": 7464.24,
      "Plan Rows": 1,
      "Plan Width": 8,
      "Actual Startup Time": 1.143,
      "Actual Total Time": 1.144,
      "Actual Rows": 1,
      "Actual Loops": 1,
      "Plans": [
        {
          "Node Type": "Index Only Scan",
          "Parent Relationship": "Outer",
          "Parallel Aware": false,
          "Scan Direction": "Forward",
          "Index Name": "company_id_movie_companies",
          "Relation Name": "movie_companies",
          "Alias": "mc",
          "Startup Cost": 0.43,
          "Total Cost": 7456.62,
          "Plan Rows": 3044,
          "Plan Width": 0,
          "Actual Startup Time": 0.051,
          "Actual Total Time": 0.923,
          "Actual Rows": 2035,
          "Actual Loops": 1,
          "Index Cond": "(company_id = 9749)",
          "Rows Removed by Index Recheck": 0,
          "Heap Fetches": 2035
        }
      ]
    },
    "Planning Time": 0.111,
    "Triggers": [],
    "Execution Time": 1.171
  }
]