[
  {
    "Plan": {
      "Node Type": "Aggregate",
      "Strategy": "Plain",
      "Partial Mode": "Finalize",
      "Parallel Aware": false,
      "Startup Cost": 383349.81,
      "Total Cost": 383349.82,
      "Plan Rows": 1,
      "Plan Width": 8,
      "Actual Startup Time": 1540.163,
      "Actual Total Time": 1579.727,
      "Actual Rows": 1,
      "Actual Loops": 1,
      "Plans": [
        {
          "Node Type": "Gather",
          "Parent Relationship": "Outer",
          "Parallel Aware": false,
          "Startup Cost": 383349.18,
          "Total Cost": 383349.79,
          "Plan Rows": 6,
          "Plan Width": 8,
          "Actual Startup Time": 1520.056,
          "Actual Total Time": 1579.713,
          "Actual Rows": 7,
          "Actual Loops": 1,
          "Workers Planned": 6,
          "Workers Launched": 6,
          "Single Copy": false,
          "Plans": [
            {
              "Node Type": "Aggregate",
              "Strategy": "Plain",
              "Partial Mode": "Partial",
              "Parent Relationship": "Outer",
              "Parallel Aware": false,
              "Startup Cost": 382349.18,
              "Total Cost": 382349.19,
              "Plan Rows": 1,
              "Plan Width": 8,
              "Actual Startup Time": 1504.579,
              "Actual Total Time": 1504.583,
              "Actual Rows": 1,
              "Actual Loops": 7,
              "Plans": [
                {
                  "Node Type": "Hash Join",
                  "Parent Relationship": "Outer",
                  "Parallel Aware": true,
                  "Join Type": "Inner",
                  "Startup Cost": 50220.95,
                  "Total Cost": 378946.4,
                  "Plan Rows": 1361113,
                  "Plan Width": 0,
                  "Actual Startup Time": 284.941,
                  "Actual Total Time": 1428.825,
                  "Actual Rows": 1387866,
                  "Actual Loops": 7,
                  "Inner Unique": true,
                  "Hash Cond": "(ci.movie_id = t.id)",
                  "Plans": [
                    {
                      "Node Type": "Index Scan",
                      "Parent Relationship": "Outer",
                      "Parallel Aware": true,
                      "Scan Direction": "Forward",
                      "Index Name": "role_id_cast_info",
                      "Relation Name": "cast_info",
                      "Alias": "ci",
                      "Startup Cost": 0.56,
                      "Total Cost": 325153.08,
                      "Plan Rows": 1361113,
                      "Plan Width": 4,
                      "Actual Startup Time": 0.33,
                      "Actual Total Time": 438.751,
                      "Actual Rows": 1387866,
                      "Actual Loops": 7,
                      "Index Cond": "(role_id > 3)",
                      "Rows Removed by Index Recheck": 0,
                      "Filter": "(person_id > 1171182)",
                      "Rows Removed by Filter": 342655
                    },
                    {
                      "Node Type": "Hash",
                      "Parent Relationship": "Inner",
                      "Parallel Aware": true,
                      "Startup Cost": 42319.06,
                      "Total Cost": 42319.06,
                      "Plan Rows": 632106,
                      "Plan Width": 4,
                      "Actual Startup Time": 278.742,
                      "Actual Total Time": 278.744,
                      "Actual Rows": 361187,
                      "Actual Loops": 7,
                      "Hash Buckets": 4194304,
                      "Original Hash Buckets": 4194304,
                      "Hash Batches": 1,
                      "Original Hash Batches": 1,
                      "Peak Memory Usage": 131808,
                      "Plans": [
                        {
                          "Node Type": "Seq Scan",
                          "Parent Relationship": "Outer",
                          "Parallel Aware": true,
                          "Relation Name": "title",
                          "Alias": "t",
                          "Startup Cost": 0.0,
                          "Total Cost": 42319.06,
                          "Plan Rows": 632106,
                          "Plan Width": 4,
                          "Actual Startup Time": 0.055,
                          "Actual Total Time": 82.179,
                          "Actual Rows": 361187,
                          "Actual Loops": 7
                        }
                      ]
                    }
                  ]
                }
              ]
            }
          ]
        }
      ]
    },
    "Planning Time": 0.313,
    "Triggers": [],
    "Execution Time": 1579.788
  }
]