[
  {
    "Plan": {
      "Node Type": "Aggregate",
      "Strategy": "Plain",
      "Partial Mode": "Finalize",
      "Parallel Aware": false,
      "Startup Cost": 78844.55,
      "Total Cost": 78844.56,
      "Plan Rows": 1,
      "Plan Width": 8,
      "Actual Startup Time": 207.938,
      "Actual Total Time": 224.32,
      "Actual Rows": 1,
      "Actual Loops": 1,
      "Plans": [
        {
          "Node Type": "Gather",
          "Parent Relationship": "Outer",
          "Parallel Aware": false,
          "Startup Cost": 78844.23,
          "Total Cost": 78844.54,
          "Plan Rows": 3,
          "Plan Width": 8,
          "Actual Startup Time": 207.566,
          "Actual Total Time": 224.31,
          "Actual Rows": 4,
          "Actual Loops": 1,
          "Workers Planned": 3,
          "Workers Launched": 3,
          "Single Copy": false,
          "Plans": [
            {
              "Node Type": "Aggregate",
              "Strategy": "Plain",
              "Partial Mode": "Partial",
              "Parent Relationship": "Outer",
              "Parallel Aware": false,
              "Startup Cost": 77844.23,
              "Total Cost": 77844.24,
              "Plan Rows": 1,
              "Plan Width": 8,
              "Actual Startup Time": 200.705,
              "Actual Total Time": 200.709,
              "Actual Rows": 1,
              "Actual Loops": 4,
              "Plans": [
                {
                  "Node Type": "Hash Join",
                  "Parent Relationship": "Outer",
                  "Parallel Aware": true,
                  "Join Type": "Inner",
                  "Startup Cost": 45834.99,
                  "Total Cost": 77819.78,
                  "Plan Rows": 9780,
                  "Plan Width": 0,
                  "Actual Startup Time": 105.381,
                  "Actual Total Time": 200.56,
                  "Actual Rows": 2494,
                  "Actual Loops": 4,
                  "Inner Unique": true,
                  "Hash Cond": "(mc.movie_id = t.id)",
                  "Plans": [
                    {
                      "Node Type": "Seq Scan",
                      "Parent Relationship": "Outer",
                      "Parallel Aware": true,
                      "Relation Name": "movie_companies",
                      "Alias": "mc",
                      "Startup Cost": 0.0,
                      "Total Cost": 31414.82,
                      "Plan Rows": 217133,
                      "Plan Width": 4,
                      "Actual Startup Time": 0.024,
                      "Actual Total Time": 75.161,
                      "Actual Rows": 230304,
                      "Actual Loops": 4,
                      "Filter": "((company_id < 11717) AND (company_type_id = 1))",
                      "Rows Removed by Filter": 421978
                    },
                    {
                      "Node Type": "Hash",
                      "Parent Relationship": "Inner",
                      "Parallel Aware": true,
                      "Startup Cost": 45479.1,
                      "Total Cost": 45479.1,
                      "Plan Rows": 28471,
                      "Plan Width": 4,
                      "Actual Startup Time": 102.507,
                      "Actual Total Time": 102.508,
                      "Actual Rows": 4479,
                      "Actual Loops": 4,
                      "Hash Buckets": 131072,
                      "Original Hash Buckets": 131072,
                      "Hash Batches": 1,
                      "Original Hash Batches": 1,
                      "Peak Memory Usage": 1760,
                      "Plans": [
                        {
                          "Node Type": "Seq Scan",
                          "Parent Relationship": "Outer",
                          "Parallel Aware": true,
                          "Relation Name": "title",
                          "Alias": "t",
                          "Startup Cost": 0.0,
                          "Total Cost": 45479.1,
                          "Plan Rows": 28471,
                          "Plan Width": 4,
                          "Actual Startup Time": 0.086,
                          "Actual Total Time": 99.769,
                          "Actual Rows": 4479,
                          "Actual Loops": 4,
                          "Filter": "((production_year < 1955) AND (kind_id = 7))",
                          "Rows Removed by Filter": 627599
                        }
                      ]
                    }
                  ]
                }
              ]
            }
          ]
        }
      ]
    },
    "Planning Time": 0.592,
    "Triggers": [],
    "Execution Time": 224.382
  }
]