[
    {
        "Bao": {
            "Bao prediction": "NaN",
            "Bao recommended hint": "(no hint)"
        }
    },
    {
        "Plan": {
            "Node Type": "Aggregate",
            "Strategy": "Plain",
            "Partial Mode": "Finalize",
            "Parallel Aware": false,
            "Startup Cost": 242727.98,
            "Total Cost": 242727.99,
            "Plan Rows": 1,
            "Plan Width": 8,
            "Actual Startup Time": 215.043,
            "Actual Total Time": 240.374,
            "Actual Rows": 1,
            "Actual Loops": 1,
            "Output": [
                "count(*)"
            ],
            "Plans": [
                {
                    "Node Type": "Gather",
                    "Parent Relationship": "Outer",
                    "Parallel Aware": false,
                    "Startup Cost": 242727.56,
                    "Total Cost": 242727.97,
                    "Plan Rows": 4,
                    "Plan Width": 8,
                    "Actual Startup Time": 214.764,
                    "Actual Total Time": 240.359,
                    "Actual Rows": 5,
                    "Actual Loops": 1,
                    "Output": [
                        "(PARTIAL count(*))"
                    ],
                    "Workers Planned": 4,
                    "Workers Launched": 4,
                    "Single Copy": false,
                    "Plans": [
                        {
                            "Node Type": "Aggregate",
                            "Strategy": "Plain",
                            "Partial Mode": "Partial",
                            "Parent Relationship": "Outer",
                            "Parallel Aware": false,
                            "Startup Cost": 241727.56,
                            "Total Cost": 241727.57,
                            "Plan Rows": 1,
                            "Plan Width": 8,
                            "Actual Startup Time": 204.006,
                            "Actual Total Time": 204.01,
                            "Actual Rows": 1,
                            "Actual Loops": 5,
                            "Output": [
                                "PARTIAL count(*)"
                            ],
                            "Workers": [
                                {
                                    "Worker Number": 0,
                                    "Actual Startup Time": 200.941,
                                    "Actual Total Time": 200.945,
                                    "Actual Rows": 1,
                                    "Actual Loops": 1
                                },
                                {
                                    "Worker Number": 1,
                                    "Actual Startup Time": 201.816,
                                    "Actual Total Time": 201.82,
                                    "Actual Rows": 1,
                                    "Actual Loops": 1
                                },
                                {
                                    "Worker Number": 2,
                                    "Actual Startup Time": 201.956,
                                    "Actual Total Time": 201.96,
                                    "Actual Rows": 1,
                                    "Actual Loops": 1
                                },
                                {
                                    "Worker Number": 3,
                                    "Actual Startup Time": 201.347,
                                    "Actual Total Time": 201.35,
                                    "Actual Rows": 1,
                                    "Actual Loops": 1
                                }
                            ],
                            "Plans": [
                                {
                                    "Node Type": "Nested Loop",
                                    "Parent Relationship": "Outer",
                                    "Parallel Aware": false,
                                    "Join Type": "Inner",
                                    "Startup Cost": 0.43,
                                    "Total Cost": 241612.76,
                                    "Plan Rows": 45920,
                                    "Plan Width": 0,
                                    "Actual Startup Time": 0.302,
                                    "Actual Total Time": 201.9,
                                    "Actual Rows": 18491,
                                    "Actual Loops": 5,
                                    "Inner Unique": false,
                                    "Workers": [
                                        {
                                            "Worker Number": 0,
                                            "Actual Startup Time": 0.344,
                                            "Actual Total Time": 198.981,
                                            "Actual Rows": 14651,
                                            "Actual Loops": 1
                                        },
                                        {
                                            "Worker Number": 1,
                                            "Actual Startup Time": 0.313,
                                            "Actual Total Time": 199.698,
                                            "Actual Rows": 15991,
                                            "Actual Loops": 1
                                        },
                                        {
                                            "Worker Number": 2,
                                            "Actual Startup Time": 0.282,
                                            "Actual Total Time": 199.851,
                                            "Actual Rows": 15368,
                                            "Actual Loops": 1
                                        },
                                        {
                                            "Worker Number": 3,
                                            "Actual Startup Time": 0.505,
                                            "Actual Total Time": 199.416,
                                            "Actual Rows": 13629,
                                            "Actual Loops": 1
                                        }
                                    ],
                                    "Plans": [
                                        {
                                            "Node Type": "Seq Scan",
                                            "Parent Relationship": "Outer",
                                            "Parallel Aware": true,
                                            "Relation Name": "title",
                                            "Schema": "public",
                                            "Alias": "t",
                                            "Startup Cost": 0.0,
                                            "Total Cost": 45479.21,
                                            "Plan Rows": 7868,
                                            "Plan Width": 4,
                                            "Actual Startup Time": 0.063,
                                            "Actual Total Time": 108.337,
                                            "Actual Rows": 7131,
                                            "Actual Loops": 5,
                                            "Output": [
                                                "t.id",
                                                "t.title",
                                                "t.imdb_index",
                                                "t.kind_id",
                                                "t.production_year",
                                                "t.imdb_id",
                                                "t.phonetic_code",
                                                "t.episode_of_id",
                                                "t.season_nr",
                                                "t.episode_nr",
                                                "t.series_years",
                                                "t.md5sum"
                                            ],
                                            "Filter": "((t.kind_id = 7) AND (t.production_year = 2000))",
                                            "Rows Removed by Filter": 498531,
                                            "Workers": [
                                                {
                                                    "Worker Number": 0,
                                                    "Actual Startup Time": 0.067,
                                                    "Actual Total Time": 103.711,
                                                    "Actual Rows": 5605,
                                                    "Actual Loops": 1
                                                },
                                                {
                                                    "Worker Number": 1,
                                                    "Actual Startup Time": 0.066,
                                                    "Actual Total Time": 104.776,
                                                    "Actual Rows": 6063,
                                                    "Actual Loops": 1
                                                },
                                                {
                                                    "Worker Number": 2,
                                                    "Actual Startup Time": 0.054,
                                                    "Actual Total Time": 104.114,
                                                    "Actual Rows": 6030,
                                                    "Actual Loops": 1
                                                },
                                                {
                                                    "Worker Number": 3,
                                                    "Actual Startup Time": 0.093,
                                                    "Actual Total Time": 102.537,
                                                    "Actual Rows": 5270,
                                                    "Actual Loops": 1
                                                }
                                            ]
                                        },
                                        {
                                            "Node Type": "Index Only Scan",
                                            "Parent Relationship": "Inner",
                                            "Parallel Aware": false,
                                            "Scan Direction": "Forward",
                                            "Index Name": "movie_id_movie_info",
                                            "Relation Name": "movie_info",
                                            "Schema": "public",
                                            "Alias": "mi",
                                            "Startup Cost": 0.43,
                                            "Total Cost": 24.54,
                                            "Plan Rows": 39,
                                            "Plan Width": 4,
                                            "Actual Startup Time": 0.009,
                                            "Actual Total Time": 0.012,
                                            "Actual Rows": 3,
                                            "Actual Loops": 35656,
                                            "Output": [
                                                "mi.movie_id"
                                            ],
                                            "Index Cond": "(mi.movie_id = t.id)",
                                            "Rows Removed by Index Recheck": 0,
                                            "Heap Fetches": 92454,
                                            "Workers": [
                                                {
                                                    "Worker Number": 0,
                                                    "Actual Startup Time": 0.011,
                                                    "Actual Total Time": 0.016,
                                                    "Actual Rows": 3,
                                                    "Actual Loops": 5605
                                                },
                                                {
                                                    "Worker Number": 1,
                                                    "Actual Startup Time": 0.01,
                                                    "Actual Total Time": 0.015,
                                                    "Actual Rows": 3,
                                                    "Actual Loops": 6063
                                                },
                                                {
                                                    "Worker Number": 2,
                                                    "Actual Startup Time": 0.011,
                                                    "Actual Total Time": 0.015,
                                                    "Actual Rows": 3,
                                                    "Actual Loops": 6030
                                                },
                                                {
                                                    "Worker Number": 3,
                                                    "Actual Startup Time": 0.012,
                                                    "Actual Total Time": 0.017,
                                                    "Actual Rows": 3,
                                                    "Actual Loops": 5270
                                                }
                                            ]
                                        }
                                    ]
                                }
                            ]
                        }
                    ]
                }
            ]
        },
        "Planning Time": 319.603,
        "Triggers": [],
        "Execution Time": 240.504
    }
]