{
    "Plan": {
        "Node Type": "Aggregate",
        "Strategy": "Plain",
        "Partial Mode": "Finalize",
        "Parallel Aware": false,
        "Startup Cost": 298888.79,
        "Total Cost": 298888.8,
        "Plan Rows": 1,
        "Plan Width": 8,
        "Actual Startup Time": 2339.405,
        "Actual Total Time": 2386.228,
        "Actual Rows": 1,
        "Actual Loops": 1,
        "Output": [
            "count(*)"
        ],
        "Plans": [
            {
                "Node Type": "Gather",
                "Parent Relationship": "Outer",
                "Parallel Aware": false,
                "Startup Cost": 298888.27,
                "Total Cost": 298888.78,
                "Plan Rows": 5,
                "Plan Width": 8,
                "Actual Startup Time": 2330.72,
                "Actual Total Time": 2386.216,
                "Actual Rows": 6,
                "Actual Loops": 1,
                "Output": [
                    "(PARTIAL count(*))"
                ],
                "Workers Planned": 5,
                "Workers Launched": 5,
                "Single Copy": false,
                "Plans": [
                    {
                        "Node Type": "Aggregate",
                        "Strategy": "Plain",
                        "Partial Mode": "Partial",
                        "Parent Relationship": "Outer",
                        "Parallel Aware": false,
                        "Startup Cost": 297888.27,
                        "Total Cost": 297888.28,
                        "Plan Rows": 1,
                        "Plan Width": 8,
                        "Actual Startup Time": 2320.124,
                        "Actual Total Time": 2320.355,
                        "Actual Rows": 1,
                        "Actual Loops": 6,
                        "Output": [
                            "PARTIAL count(*)"
                        ],
                        "Workers": [
                            {
                                "Worker Number": 0,
                                "Actual Startup Time": 2318.908,
                                "Actual Total Time": 2318.914,
                                "Actual Rows": 1,
                                "Actual Loops": 1
                            },
                            {
                                "Worker Number": 1,
                                "Actual Startup Time": 2320.115,
                                "Actual Total Time": 2320.121,
                                "Actual Rows": 1,
                                "Actual Loops": 1
                            },
                            {
                                "Worker Number": 2,
                                "Actual Startup Time": 2318.655,
                                "Actual Total Time": 2318.659,
                                "Actual Rows": 1,
                                "Actual Loops": 1
                            },
                            {
                                "Worker Number": 3,
                                "Actual Startup Time": 2317.803,
                                "Actual Total Time": 2317.809,
                                "Actual Rows": 1,
                                "Actual Loops": 1
                            },
                            {
                                "Worker Number": 4,
                                "Actual Startup Time": 2317.751,
                                "Actual Total Time": 2317.756,
                                "Actual Rows": 1,
                                "Actual Loops": 1
                            }
                        ],
                        "Plans": [
                            {
                                "Node Type": "Hash Join",
                                "Parent Relationship": "Outer",
                                "Parallel Aware": true,
                                "Join Type": "Inner",
                                "Startup Cost": 92839.47,
                                "Total Cost": 296805.77,
                                "Plan Rows": 433002,
                                "Plan Width": 0,
                                "Actual Startup Time": 336.485,
                                "Actual Total Time": 1848.624,
                                "Actual Rows": 10173902,
                                "Actual Loops": 6,
                                "Inner Unique": false,
                                "Hash Cond": "(mi.movie_id = t.id)",
                                "Workers": [
                                    {
                                        "Worker Number": 0,
                                        "Actual Startup Time": 335.53,
                                        "Actual Total Time": 1842.547,
                                        "Actual Rows": 8451068,
                                        "Actual Loops": 1
                                    },
                                    {
                                        "Worker Number": 1,
                                        "Actual Startup Time": 335.209,
                                        "Actual Total Time": 1847.834,
                                        "Actual Rows": 8247656,
                                        "Actual Loops": 1
                                    },
                                    {
                                        "Worker Number": 2,
                                        "Actual Startup Time": 335.261,
                                        "Actual Total Time": 1855.544,
                                        "Actual Rows": 12239131,
                                        "Actual Loops": 1
                                    },
                                    {
                                        "Worker Number": 3,
                                        "Actual Startup Time": 334.406,
                                        "Actual Total Time": 1858.544,
                                        "Actual Rows": 11953862,
                                        "Actual Loops": 1
                                    },
                                    {
                                        "Worker Number": 4,
                                        "Actual Startup Time": 334.374,
                                        "Actual Total Time": 1844.936,
                                        "Actual Rows": 7716814,
                                        "Actual Loops": 1
                                    }
                                ],
                                "Plans": [
                                    {
                                        "Node Type": "Seq Scan",
                                        "Parent Relationship": "Outer",
                                        "Parallel Aware": true,
                                        "Relation Name": "movie_info",
                                        "Schema": "public",
                                        "Alias": "mi",
                                        "Startup Cost": 0.0,
                                        "Total Cost": 191503.19,
                                        "Plan Rows": 2951019,
                                        "Plan Width": 4,
                                        "Actual Startup Time": 0.037,
                                        "Actual Total Time": 310.354,
                                        "Actual Rows": 2472620,
                                        "Actual Loops": 6,
                                        "Output": [
                                            "mi.id",
                                            "mi.movie_id",
                                            "mi.info_type_id",
                                            "mi.info",
                                            "mi.note"
                                        ],
                                        "Workers": [
                                            {
                                                "Worker Number": 0,
                                                "Actual Startup Time": 0.047,
                                                "Actual Total Time": 325.701,
                                                "Actual Rows": 2077946,
                                                "Actual Loops": 1
                                            },
                                            {
                                                "Worker Number": 1,
                                                "Actual Startup Time": 0.043,
                                                "Actual Total Time": 319.828,
                                                "Actual Rows": 2146706,
                                                "Actual Loops": 1
                                            },
                                            {
                                                "Worker Number": 2,
                                                "Actual Startup Time": 0.037,
                                                "Actual Total Time": 314.381,
                                                "Actual Rows": 2823662,
                                                "Actual Loops": 1
                                            },
                                            {
                                                "Worker Number": 3,
                                                "Actual Startup Time": 0.041,
                                                "Actual Total Time": 325.511,
                                                "Actual Rows": 2742428,
                                                "Actual Loops": 1
                                            },
                                            {
                                                "Worker Number": 4,
                                                "Actual Startup Time": 0.041,
                                                "Actual Total Time": 330.652,
                                                "Actual Rows": 1870976,
                                                "Actual Loops": 1
                                            }
                                        ]
                                    },
                                    {
                                        "Node Type": "Hash",
                                        "Parent Relationship": "Inner",
                                        "Parallel Aware": true,
                                        "Startup Cost": 91343.59,
                                        "Total Cost": 91343.59,
                                        "Plan Rows": 119671,
                                        "Plan Width": 8,
                                        "Actual Startup Time": 321.248,
                                        "Actual Total Time": 321.477,
                                        "Actual Rows": 129980,
                                        "Actual Loops": 6,
                                        "Output": [
                                            "t.id",
                                            "mk.movie_id"
                                        ],
                                        "Hash Buckets": 1048576,
                                        "Original Hash Buckets": 524288,
                                        "Hash Batches": 1,
                                        "Original Hash Batches": 1,
                                        "Peak Memory Usage": 42912,
                                        "Workers": [
                                            {
                                                "Worker Number": 0,
                                                "Actual Startup Time": 321.873,
                                                "Actual Total Time": 321.877,
                                                "Actual Rows": 100712,
                                                "Actual Loops": 1
                                            },
                                            {
                                                "Worker Number": 1,
                                                "Actual Startup Time": 321.388,
                                                "Actual Total Time": 321.392,
                                                "Actual Rows": 103245,
                                                "Actual Loops": 1
                                            },
                                            {
                                                "Worker Number": 2,
                                                "Actual Startup Time": 321.569,
                                                "Actual Total Time": 321.573,
                                                "Actual Rows": 149835,
                                                "Actual Loops": 1
                                            },
                                            {
                                                "Worker Number": 3,
                                                "Actual Startup Time": 320.741,
                                                "Actual Total Time": 320.745,
                                                "Actual Rows": 143927,
                                                "Actual Loops": 1
                                            },
                                            {
                                                "Worker Number": 4,
                                                "Actual Startup Time": 320.735,
                                                "Actual Total Time": 320.738,
                                                "Actual Rows": 102576,
                                                "Actual Loops": 1
                                            }
                                        ],
                                        "Plans": [
                                            {
                                                "Node Type": "Hash Join",
                                                "Parent Relationship": "Outer",
                                                "Parallel Aware": true,
                                                "Join Type": "Inner",
                                                "Startup Cost": 47231.51,
                                                "Total Cost": 91343.59,
                                                "Plan Rows": 119671,
                                                "Plan Width": 8,
                                                "Actual Startup Time": 155.662,
                                                "Actual Total Time": 275.508,
                                                "Actual Rows": 129980,
                                                "Actual Loops": 6,
                                                "Output": [
                                                    "t.id",
                                                    "mk.movie_id"
                                                ],
                                                "Inner Unique": true,
                                                "Hash Cond": "(mk.movie_id = t.id)",
                                                "Workers": [
                                                    {
                                                        "Worker Number": 0,
                                                        "Actual Startup Time": 155.718,
                                                        "Actual Total Time": 275.11,
                                                        "Actual Rows": 100712,
                                                        "Actual Loops": 1
                                                    },
                                                    {
                                                        "Worker Number": 1,
                                                        "Actual Startup Time": 155.695,
                                                        "Actual Total Time": 276.475,
                                                        "Actual Rows": 103245,
                                                        "Actual Loops": 1
                                                    },
                                                    {
                                                        "Worker Number": 2,
                                                        "Actual Startup Time": 155.711,
                                                        "Actual Total Time": 276.041,
                                                        "Actual Rows": 149835,
                                                        "Actual Loops": 1
                                                    },
                                                    {
                                                        "Worker Number": 3,
                                                        "Actual Startup Time": 155.466,
                                                        "Actual Total Time": 275.511,
                                                        "Actual Rows": 143927,
                                                        "Actual Loops": 1
                                                    },
                                                    {
                                                        "Worker Number": 4,
                                                        "Actual Startup Time": 155.441,
                                                        "Actual Total Time": 275.939,
                                                        "Actual Rows": 102576,
                                                        "Actual Loops": 1
                                                    }
                                                ],
                                                "Plans": [
                                                    {
                                                        "Node Type": "Seq Scan",
                                                        "Parent Relationship": "Outer",
                                                        "Parallel Aware": true,
                                                        "Relation Name": "movie_keyword",
                                                        "Schema": "public",
                                                        "Alias": "mk",
                                                        "Startup Cost": 0.0,
                                                        "Total Cost": 42695.65,
                                                        "Plan Rows": 539591,
                                                        "Plan Width": 4,
                                                        "Actual Startup Time": 0.021,
                                                        "Actual Total Time": 94.374,
                                                        "Actual Rows": 279186,
                                                        "Actual Loops": 6,
                                                        "Output": [
                                                            "mk.id",
                                                            "mk.movie_id",
                                                            "mk.keyword_id"
                                                        ],
                                                        "Filter": "(mk.keyword_id < 2567)",
                                                        "Rows Removed by Filter": 474802,
                                                        "Workers": [
                                                            {
                                                                "Worker Number": 0,
                                                                "Actual Startup Time": 0.029,
                                                                "Actual Total Time": 96.592,
                                                                "Actual Rows": 206573,
                                                                "Actual Loops": 1
                                                            },
                                                            {
                                                                "Worker Number": 1,
                                                                "Actual Startup Time": 0.029,
                                                                "Actual Total Time": 96.878,
                                                                "Actual Rows": 221318,
                                                                "Actual Loops": 1
                                                            },
                                                            {
                                                                "Worker Number": 2,
                                                                "Actual Startup Time": 0.026,
                                                                "Actual Total Time": 95.9,
                                                                "Actual Rows": 322391,
                                                                "Actual Loops": 1
                                                            },
                                                            {
                                                                "Worker Number": 3,
                                                                "Actual Startup Time": 0.016,
                                                                "Actual Total Time": 95.777,
                                                                "Actual Rows": 309000,
                                                                "Actual Loops": 1
                                                            },
                                                            {
                                                                "Worker Number": 4,
                                                                "Actual Startup Time": 0.02,
                                                                "Actual Total Time": 97.101,
                                                                "Actual Rows": 217501,
                                                                "Actual Loops": 1
                                                            }
                                                        ]
                                                    },
                                                    {
                                                        "Node Type": "Hash",
                                                        "Parent Relationship": "Inner",
                                                        "Parallel Aware": true,
                                                        "Startup Cost": 45479.21,
                                                        "Total Cost": 45479.21,
                                                        "Plan Rows": 140184,
                                                        "Plan Width": 4,
                                                        "Actual Startup Time": 127.249,
                                                        "Actual Total Time": 127.25,
                                                        "Actual Rows": 73119,
                                                        "Actual Loops": 6,
                                                        "Output": [
                                                            "t.id"
                                                        ],
                                                        "Hash Buckets": 1048576,
                                                        "Original Hash Buckets": 1048576,
                                                        "Hash Batches": 1,
                                                        "Original Hash Batches": 1,
                                                        "Peak Memory Usage": 25504,
                                                        "Workers": [
                                                            {
                                                                "Worker Number": 0,
                                                                "Actual Startup Time": 129.295,
                                                                "Actual Total Time": 129.296,
                                                                "Actual Rows": 45840,
                                                                "Actual Loops": 1
                                                            },
                                                            {
                                                                "Worker Number": 1,
                                                                "Actual Startup Time": 129.262,
                                                                "Actual Total Time": 129.263,
                                                                "Actual Rows": 62172,
                                                                "Actual Loops": 1
                                                            },
                                                            {
                                                                "Worker Number": 2,
                                                                "Actual Startup Time": 129.309,
                                                                "Actual Total Time": 129.311,
                                                                "Actual Rows": 88382,
                                                                "Actual Loops": 1
                                                            },
                                                            {
                                                                "Worker Number": 3,
                                                                "Actual Startup Time": 129.155,
                                                                "Actual Total Time": 129.156,
                                                                "Actual Rows": 78270,
                                                                "Actual Loops": 1
                                                            },
                                                            {
                                                                "Worker Number": 4,
                                                                "Actual Startup Time": 129.026,
                                                                "Actual Total Time": 129.028,
                                                                "Actual Rows": 59961,
                                                                "Actual Loops": 1
                                                            }
                                                        ],
                                                        "Plans": [
                                                            {
                                                                "Node Type": "Seq Scan",
                                                                "Parent Relationship": "Outer",
                                                                "Parallel Aware": true,
                                                                "Relation Name": "title",
                                                                "Schema": "public",
                                                                "Alias": "t",
                                                                "Startup Cost": 0.0,
                                                                "Total Cost": 45479.21,
                                                                "Plan Rows": 140184,
                                                                "Plan Width": 4,
                                                                "Actual Startup Time": 45.168,
                                                                "Actual Total Time": 88.778,
                                                                "Actual Rows": 73119,
                                                                "Actual Loops": 6,
                                                                "Output": [
                                                                    "t.id"
                                                                ],
                                                                "Filter": "((t.production_year > 1967) AND (t.kind_id = 1))",
                                                                "Rows Removed by Filter": 348266,
                                                                "Workers": [
                                                                    {
                                                                        "Worker Number": 0,
                                                                        "Actual Startup Time": 52.873,
                                                                        "Actual Total Time": 90.678,
                                                                        "Actual Rows": 45840,
                                                                        "Actual Loops": 1
                                                                    },
                                                                    {
                                                                        "Worker Number": 1,
                                                                        "Actual Startup Time": 53.054,
                                                                        "Actual Total Time": 90.017,
                                                                        "Actual Rows": 62172,
                                                                        "Actual Loops": 1
                                                                    },
                                                                    {
                                                                        "Worker Number": 2,
                                                                        "Actual Startup Time": 52.938,
                                                                        "Actual Total Time": 88.574,
                                                                        "Actual Rows": 88382,
                                                                        "Actual Loops": 1
                                                                    },
                                                                    {
                                                                        "Worker Number": 3,
                                                                        "Actual Startup Time": 52.749,
                                                                        "Actual Total Time": 88.264,
                                                                        "Actual Rows": 78270,
                                                                        "Actual Loops": 1
                                                                    },
                                                                    {
                                                                        "Worker Number": 4,
                                                                        "Actual Startup Time": 52.896,
                                                                        "Actual Total Time": 89.85,
                                                                        "Actual Rows": 59961,
                                                                        "Actual Loops": 1
                                                                    }
                                                                ]
                                                            }
                                                        ]
                                                    }
                                                ]
                                            }
                                        ]
                                    }
                                ]
                            }
                        ]
                    }
                ]
            }
        ]
    },
    "Planning Time": 1.589,
    "Triggers": [],
    "Execution Time": 2386.33
}