[
  {
    "Plan": {
      "Node Type": "Aggregate",
      "Strategy": "Plain",
      "Partial Mode": "Finalize",
      "Parallel Aware": false,
      "Startup Cost": 66091.4,
      "Total Cost": 66091.41,
      "Plan Rows": 1,
      "Plan Width": 8,
      "Actual Startup Time": 428.078,
      "Actual Total Time": 440.699,
      "Actual Rows": 1,
      "Actual Loops": 1,
      "Plans": [
        {
          "Node Type": "Gather",
          "Parent Relationship": "Outer",
          "Parallel Aware": false,
          "Startup Cost": 66091.19,
          "Total Cost": 66091.4,
          "Plan Rows": 2,
          "Plan Width": 8,
          "Actual Startup Time": 422.916,
          "Actual Total Time": 440.687,
          "Actual Rows": 3,
          "Actual Loops": 1,
          "Workers Planned": 2,
          "Workers Launched": 2,
          "Single Copy": false,
          "Plans": [
            {
              "Node Type": "Aggregate",
              "Strategy": "Plain",
              "Partial Mode": "Partial",
              "Parent Relationship": "Outer",
              "Parallel Aware": false,
              "Startup Cost": 65091.19,
              "Total Cost": 65091.2,
              "Plan Rows": 1,
              "Plan Width": 8,
              "Actual Startup Time": 417.108,
              "Actual Total Time": 417.113,
              "Actual Rows": 1,
              "Actual Loops": 3,
              "Plans": [
                {
                  "Node Type": "Hash Join",
                  "Parent Relationship": "Outer",
                  "Parallel Aware": true,
                  "Join Type": "Inner",
                  "Startup Cost": 48407.65,
                  "Total Cost": 64541.64,
                  "Plan Rows": 219821,
                  "Plan Width": 0,
                  "Actual Startup Time": 289.795,
                  "Actual Total Time": 410.745,
                  "Actual Rows": 155245,
                  "Actual Loops": 3,
                  "Inner Unique": true,
                  "Hash Cond": "(mi_idx.movie_id = t.id)",
                  "Plans": [
                    {
                      "Node Type": "Seq Scan",
                      "Parent Relationship": "Outer",
                      "Parallel Aware": true,
                      "Relation Name": "movie_info_idx",
                      "Alias": "mi_idx",
                      "Startup Cost": 0.0,
                      "Total Cost": 15122.68,
                      "Plan Rows": 385260,
                      "Plan Width": 4,
                      "Actual Startup Time": 0.015,
                      "Actual Total Time": 46.955,
                      "Actual Rows": 306703,
                      "Actual Loops": 3,
                      "Filter": "(info_type_id > 99)",
                      "Rows Removed by Filter": 153308
                    },
                    {
                      "Node Type": "Hash",
                      "Parent Relationship": "Inner",
                      "Parallel Aware": true,
                      "Startup Cost": 43899.32,
                      "Total Cost": 43899.32,
                      "Plan Rows": 360666,
                      "Plan Width": 4,
                      "Actual Startup Time": 284.091,
                      "Actual Total Time": 284.092,
                      "Actual Rows": 478155,
                      "Actual Loops": 3,
                      "Hash Buckets": 2097152,
                      "Original Hash Buckets": 2097152,
                      "Hash Batches": 1,
                      "Original Hash Batches": 1,
                      "Peak Memory Usage": 72544,
                      "Plans": [
                        {
                          "Node Type": "Seq Scan",
                          "Parent Relationship": "Outer",
                          "Parallel Aware": true,
                          "Relation Name": "title",
                          "Alias": "t",
                          "Startup Cost": 0.0,
                          "Total Cost": 43899.32,
                          "Plan Rows": 360666,
                          "Plan Width": 4,
                          "Actual Startup Time": 0.029,
                          "Actual Total Time": 126.334,
                          "Actual Rows": 478155,
                          "Actual Loops": 3,
                          "Filter": "(production_year > 1999)",
                          "Rows Removed by Filter": 364615
                        }
                      ]
                    }
                  ]
                }
              ]
            }
          ]
        }
      ]
    },
    "Planning Time": 0.471,
    "Triggers": [],
    "Execution Time": 440.742
  }
]