[
  {
    "Plan": {
      "Node Type": "Aggregate",
      "Strategy": "Plain",
      "Partial Mode": "Finalize",
      "Parallel Aware": false,
      "Startup Cost": 43715.25,
      "Total Cost": 43715.26,
      "Plan Rows": 1,
      "Plan Width": 8,
      "Actual Startup Time": 160.061,
      "Actual Total Time": 168.516,
      "Actual Rows": 1,
      "Actual Loops": 1,
      "Plans": [
        {
          "Node Type": "Gather",
          "Parent Relationship": "Outer",
          "Parallel Aware": false,
          "Startup Cost": 43714.93,
          "Total Cost": 43715.24,
          "Plan Rows": 3,
          "Plan Width": 8,
          "Actual Startup Time": 159.83,
          "Actual Total Time": 168.507,
          "Actual Rows": 4,
          "Actual Loops": 1,
          "Workers Planned": 3,
          "Workers Launched": 3,
          "Single Copy": false,
          "Plans": [
            {
              "Node Type": "Aggregate",
              "Strategy": "Plain",
              "Partial Mode": "Partial",
              "Parent Relationship": "Outer",
              "Parallel Aware": false,
              "Startup Cost": 42714.93,
              "Total Cost": 42714.94,
              "Plan Rows": 1,
              "Plan Width": 8,
              "Actual Startup Time": 150.719,
              "Actual Total Time": 150.721,
              "Actual Rows": 1,
              "Actual Loops": 4,
              "Plans": [
                {
                  "Node Type": "Bitmap Heap Scan",
                  "Parent Relationship": "Outer",
                  "Parallel Aware": true,
                  "Relation Name": "movie_keyword",
                  "Alias": "mk",
                  "Startup Cost": 14869.07,
                  "Total Cost": 42149.62,
                  "Plan Rows": 226124,
                  "Plan Width": 0,
                  "Actual Startup Time": 66.185,
                  "Actual Total Time": 141.781,
                  "Actual Rows": 172692,
                  "Actual Loops": 4,
                  "Recheck Cond": "(keyword_id > 27274)",
                  "Rows Removed by Index Recheck": 0,
                  "Exact Heap Blocks": 9657,
                  "Lossy Heap Blocks": 0,
                  "Plans": [
                    {
                      "Node Type": "Bitmap Index Scan",
                      "Parent Relationship": "Outer",
                      "Parallel Aware": false,
                      "Index Name": "keyword_id_movie_keyword",
                      "Startup Cost": 0.0,
                      "Total Cost": 14693.82,
                      "Plan Rows": 700985,
                      "Plan Width": 0,
                      "Actual Startup Time": 70.83,
                      "Actual Total Time": 70.831,
                      "Actual Rows": 690768,
                      "Actual Loops": 1,
                      "Index Cond": "(keyword_id > 27274)"
                    }
                  ]
                }
              ]
            }
          ]
        }
      ]
    },
    "Planning Time": 0.172,
    "Triggers": [],
    "Execution Time": 168.59
  }
]