{
  "Plan": {
    "Node Type": "Aggregate",
    "Strategy": "Plain",
    "Partial Mode": "Finalize",
    "Parallel Aware": false,
    "Startup Cost": 338267.05,
    "Total Cost": 338267.06,
    "Plan Rows": 1,
    "Plan Width": 8,
    "Actual Startup Time": 1077.792,
    "Actual Total Time": 1126.883,
    "Actual Rows": 1,
    "Actual Loops": 1,
    "Plans": [
      {
        "Node Type": "Gather",
        "Parent Relationship": "Outer",
        "Parallel Aware": false,
        "Startup Cost": 338266.94,
        "Total Cost": 338267.05,
        "Plan Rows": 1,
        "Plan Width": 8,
        "Actual Startup Time": 1077.614,
        "Actual Total Time": 1126.865,
        "Actual Rows": 2,
        "Actual Loops": 1,
        "Workers Planned": 1,
        "Workers Launched": 1,
        "Single Copy": false,
        "Plans": [
          {
            "Node Type": "Aggregate",
            "Strategy": "Plain",
            "Partial Mode": "Partial",
            "Parent Relationship": "Outer",
            "Parallel Aware": false,
            "Startup Cost": 337266.94,
            "Total Cost": 337266.95,
            "Plan Rows": 1,
            "Plan Width": 8,
            "Actual Startup Time": 1072.026,
            "Actual Total Time": 1072.029,
            "Actual Rows": 1,
            "Actual Loops": 2,
            "Plans": [
              {
                "Node Type": "Hash Join",
                "Parent Relationship": "Outer",
                "Parallel Aware": true,
                "Join Type": "Inner",
                "Startup Cost": 54730.29,
                "Total Cost": 337181.48,
                "Plan Rows": 34182,
                "Plan Width": 0,
                "Actual Startup Time": 171.16,
                "Actual Total Time": 1070.343,
                "Actual Rows": 33165,
                "Actual Loops": 2,
                "Inner Unique": true,
                "Hash Cond": "(mi.movie_id = t.id)",
                "Plans": [
                  {
                    "Node Type": "Seq Scan",
                    "Parent Relationship": "Outer",
                    "Parallel Aware": true,
                    "Relation Name": "movie_info",
                    "Alias": "mi",
                    "Startup Cost": 0.0,
                    "Total Cost": 270696.42,
                    "Plan Rows": 4478001,
                    "Plan Width": 4,
                    "Actual Startup Time": 33.707,
                    "Actual Total Time": 667.592,
                    "Actual Rows": 3774428,
                    "Actual Loops": 2,
                    "Filter": "(info_type_id > 7)",
                    "Rows Removed by Filter": 3643432
                  },
                  {
                    "Node Type": "Hash",
                    "Parent Relationship": "Inner",
                    "Parallel Aware": true,
                    "Startup Cost": 54588.39,
                    "Total Cost": 54588.39,
                    "Plan Rows": 11352,
                    "Plan Width": 4,
                    "Actual Startup Time": 135.869,
                    "Actual Total Time": 135.87,
                    "Actual Rows": 9196,
                    "Actual Loops": 2,
                    "Hash Buckets": 32768,
                    "Original Hash Buckets": 32768,
                    "Hash Batches": 1,
                    "Original Hash Batches": 1,
                    "Peak Memory Usage": 1024,
                    "Plans": [
                      {
                        "Node Type": "Seq Scan",
                        "Parent Relationship": "Outer",
                        "Parallel Aware": true,
                        "Relation Name": "title",
                        "Alias": "t",
                        "Startup Cost": 0.0,
                        "Total Cost": 54588.39,
                        "Plan Rows": 11352,
                        "Plan Width": 4,
                        "Actual Startup Time": 0.143,
                        "Actual Total Time": 132.402,
                        "Actual Rows": 9196,
                        "Actual Loops": 2,
                        "Filter": "(production_year = 1985)",
                        "Rows Removed by Filter": 1254960
                      }
                    ]
                  }
                ]
              }
            ]
          }
        ]
      }
    ]
  },
  "Planning Time": 0.434,
  "Triggers": [],
  "Execution Time": 1126.963
}