[
  {
    "Plan": {
      "Node Type": "Aggregate",
      "Strategy": "Plain",
      "Partial Mode": "Finalize",
      "Parallel Aware": false,
      "Startup Cost": 346871.23,
      "Total Cost": 346871.24,
      "Plan Rows": 1,
      "Plan Width": 8,
      "Actual Startup Time": 613.565,
      "Actual Total Time": 673.93,
      "Actual Rows": 1,
      "Actual Loops": 1,
      "Plans": [
        {
          "Node Type": "Gather",
          "Parent Relationship": "Outer",
          "Parallel Aware": false,
          "Startup Cost": 346870.6,
          "Total Cost": 346871.21,
          "Plan Rows": 6,
          "Plan Width": 8,
          "Actual Startup Time": 613.421,
          "Actual Total Time": 673.921,
          "Actual Rows": 7,
          "Actual Loops": 1,
          "Workers Planned": 6,
          "Workers Launched": 6,
          "Single Copy": false,
          "Plans": [
            {
              "Node Type": "Aggregate",
              "Strategy": "Plain",
              "Partial Mode": "Partial",
              "Parent Relationship": "Outer",
              "Parallel Aware": false,
              "Startup Cost": 345870.6,
              "Total Cost": 345870.61,
              "Plan Rows": 1,
              "Plan Width": 8,
              "Actual Startup Time": 603.942,
              "Actual Total Time": 603.943,
              "Actual Rows": 1,
              "Actual Loops": 7,
              "Plans": [
                {
                  "Node Type": "Seq Scan",
                  "Parent Relationship": "Outer",
                  "Parallel Aware": true,
                  "Relation Name": "cast_info",
                  "Alias": "ci",
                  "Startup Cost": 0.0,
                  "Total Cost": 343257.03,
                  "Plan Rows": 1045429,
                  "Plan Width": 0,
                  "Actual Startup Time": 362.567,
                  "Actual Total Time": 580.713,
                  "Actual Rows": 577075,
                  "Actual Loops": 7,
                  "Filter": "((person_id > 2958916) AND (role_id < 10))",
                  "Rows Removed by Filter": 4600688
                }
              ]
            }
          ]
        }
      ]
    },
    "Planning Time": 0.231,
    "Triggers": [],
    "Execution Time": 674.002
  }
]