{
  "Plan": {
    "Node Type": "Aggregate",
    "Strategy": "Plain",
    "Partial Mode": "Finalize",
    "Parallel Aware": false,
    "Startup Cost": 536957.49,
    "Total Cost": 536957.5,
    "Plan Rows": 1,
    "Plan Width": 8,
    "Actual Startup Time": 2495.816,
    "Actual Total Time": 2523.193,
    "Actual Rows": 1,
    "Actual Loops": 1,
    "Plans": [
      {
        "Node Type": "Gather",
        "Parent Relationship": "Outer",
        "Parallel Aware": false,
        "Startup Cost": 536957.38,
        "Total Cost": 536957.49,
        "Plan Rows": 1,
        "Plan Width": 8,
        "Actual Startup Time": 2477.717,
        "Actual Total Time": 2523.183,
        "Actual Rows": 2,
        "Actual Loops": 1,
        "Workers Planned": 1,
        "Workers Launched": 1,
        "Single Copy": false,
        "Plans": [
          {
            "Node Type": "Aggregate",
            "Strategy": "Plain",
            "Partial Mode": "Partial",
            "Parent Relationship": "Outer",
            "Parallel Aware": false,
            "Startup Cost": 535957.38,
            "Total Cost": 535957.39,
            "Plan Rows": 1,
            "Plan Width": 8,
            "Actual Startup Time": 2475.278,
            "Actual Total Time": 2475.284,
            "Actual Rows": 1,
            "Actual Loops": 2,
            "Plans": [
              {
                "Node Type": "Merge Join",
                "Parent Relationship": "Outer",
                "Parallel Aware": false,
                "Join Type": "Inner",
                "Startup Cost": 519542.48,
                "Total Cost": 535323.71,
                "Plan Rows": 253468,
                "Plan Width": 0,
                "Actual Startup Time": 1999.576,
                "Actual Total Time": 2442.166,
                "Actual Rows": 859288,
                "Actual Loops": 2,
                "Inner Unique": false,
                "Merge Cond": "(ci.movie_id = t.id)",
                "Plans": [
                  {
                    "Node Type": "Sort",
                    "Parent Relationship": "Outer",
                    "Parallel Aware": false,
                    "Startup Cost": 376232.2,
                    "Total Cost": 382183.18,
                    "Plan Rows": 2380394,
                    "Plan Width": 4,
                    "Actual Startup Time": 1002.288,
                    "Actual Total Time": 1188.585,
                    "Actual Rows": 2003762,
                    "Actual Loops": 2,
                    "Sort Key": [
                      "ci.movie_id"
                    ],
                    "Sort Method": "quicksort",
                    "Sort Space Used": 216198,
                    "Sort Space Type": "Memory",
                    "Workers": [
                      {
                        "Worker Number": 0,
                        "Sort Method": "quicksort",
                        "Sort Space Used": 119136,
                        "Sort Space Type": "Memory"
                      }
                    ],
                    "Plans": [
                      {
                        "Node Type": "Index Scan",
                        "Parent Relationship": "Outer",
                        "Parallel Aware": true,
                        "Scan Direction": "Forward",
                        "Index Name": "role_id_cast_info",
                        "Relation Name": "cast_info",
                        "Alias": "ci",
                        "Startup Cost": 0.56,
                        "Total Cost": 124115.52,
                        "Plan Rows": 2380394,
                        "Plan Width": 4,
                        "Actual Startup Time": 0.114,
                        "Actual Total Time": 422.688,
                        "Actual Rows": 2004018,
                        "Actual Loops": 2,
                        "Index Cond": "(role_id = 3)",
                        "Rows Removed by Index Recheck": 0
                      }
                    ]
                  },
                  {
                    "Node Type": "Sort",
                    "Parent Relationship": "Inner",
                    "Parallel Aware": false,
                    "Startup Cost": 143310.03,
                    "Total Cost": 143983.07,
                    "Plan Rows": 269216,
                    "Plan Width": 8,
                    "Actual Startup Time": 988.849,
                    "Actual Total Time": 1031.523,
                    "Actual Rows": 1098802,
                    "Actual Loops": 2,
                    "Sort Key": [
                      "t.id"
                    ],
                    "Sort Method": "quicksort",
                    "Sort Space Used": 51645,
                    "Sort Space Type": "Memory",
                    "Workers": [
                      {
                        "Worker Number": 0,
                        "Sort Method": "quicksort",
                        "Sort Space Used": 51645,
                        "Sort Space Type": "Memory"
                      }
                    ],
                    "Plans": [
                      {
                        "Node Type": "Hash Join",
                        "Parent Relationship": "Outer",
                        "Parallel Aware": false,
                        "Join Type": "Inner",
                        "Startup Cost": 68474.3,
                        "Total Cost": 119028.89,
                        "Plan Rows": 269216,
                        "Plan Width": 8,
                        "Actual Startup Time": 413.131,
                        "Actual Total Time": 854.214,
                        "Actual Rows": 577457,
                        "Actual Loops": 2,
                        "Inner Unique": true,
                        "Hash Cond": "(mc.movie_id = t.id)",
                        "Plans": [
                          {
                            "Node Type": "Index Scan",
                            "Parent Relationship": "Outer",
                            "Parallel Aware": false,
                            "Scan Direction": "Forward",
                            "Index Name": "company_type_id_movie_companies",
                            "Relation Name": "movie_companies",
                            "Alias": "mc",
                            "Startup Cost": 0.43,
                            "Total Cost": 48185.17,
                            "Plan Rows": 902802,
                            "Plan Width": 4,
                            "Actual Startup Time": 2.725,
                            "Actual Total Time": 225.867,
                            "Actual Rows": 736339,
                            "Actual Loops": 2,
                            "Index Cond": "(company_type_id < 2)",
                            "Rows Removed by Index Recheck": 0,
                            "Filter": "(company_id > 1603)",
                            "Rows Removed by Filter": 537907
                          },
                          {
                            "Node Type": "Hash",
                            "Parent Relationship": "Inner",
                            "Parallel Aware": false,
                            "Startup Cost": 59049.65,
                            "Total Cost": 59049.65,
                            "Plan Rows": 753937,
                            "Plan Width": 4,
                            "Actual Startup Time": 405.756,
                            "Actual Total Time": 405.758,
                            "Actual Rows": 753677,
                            "Actual Loops": 2,
                            "Hash Buckets": 1048576,
                            "Original Hash Buckets": 1048576,
                            "Hash Batches": 1,
                            "Original Hash Batches": 1,
                            "Peak Memory Usage": 34689,
                            "Plans": [
                              {
                                "Node Type": "Bitmap Heap Scan",
                                "Parent Relationship": "Outer",
                                "Parallel Aware": false,
                                "Relation Name": "title",
                                "Alias": "t",
                                "Startup Cost": 13627.44,
                                "Total Cost": 59049.65,
                                "Plan Rows": 753937,
                                "Plan Width": 4,
                                "Actual Startup Time": 39.836,
                                "Actual Total Time": 214.106,
                                "Actual Rows": 753677,
                                "Actual Loops": 2,
                                "Recheck Cond": "(kind_id < 3)",
                                "Rows Removed by Index Recheck": 0,
                                "Exact Heap Blocks": 35470,
                                "Lossy Heap Blocks": 0,
                                "Plans": [
                                  {
                                    "Node Type": "Bitmap Index Scan",
                                    "Parent Relationship": "Outer",
                                    "Parallel Aware": false,
                                    "Index Name": "kind_id_title",
                                    "Startup Cost": 0.0,
                                    "Total Cost": 13438.96,
                                    "Plan Rows": 753937,
                                    "Plan Width": 0,
                                    "Actual Startup Time": 33.517,
                                    "Actual Total Time": 33.517,
                                    "Actual Rows": 753677,
                                    "Actual Loops": 2,
                                    "Index Cond": "(kind_id < 3)"
                                  }
                                ]
                              }
                            ]
                          }
                        ]
                      }
                    ]
                  }
                ]
              }
            ]
          }
        ]
      }
    ]
  },
  "Planning Time": 1.128,
  "Triggers": [],
  "Execution Time": 2547.429
}