[
    {
        "Bao": {
            "Bao prediction": "NaN",
            "Bao recommended hint": "(no hint)"
        }
    },
    {
        "Plan": {
            "Node Type": "Aggregate",
            "Strategy": "Plain",
            "Partial Mode": "Finalize",
            "Parallel Aware": false,
            "Startup Cost": 275699.97,
            "Total Cost": 275699.98,
            "Plan Rows": 1,
            "Plan Width": 8,
            "Actual Startup Time": 42.115,
            "Actual Total Time": 45.404,
            "Actual Rows": 1,
            "Actual Loops": 1,
            "Output": [
                "count(*)"
            ],
            "Plans": [
                {
                    "Node Type": "Gather",
                    "Parent Relationship": "Outer",
                    "Parallel Aware": false,
                    "Startup Cost": 275699.45,
                    "Total Cost": 275699.96,
                    "Plan Rows": 5,
                    "Plan Width": 8,
                    "Actual Startup Time": 41.884,
                    "Actual Total Time": 45.397,
                    "Actual Rows": 6,
                    "Actual Loops": 1,
                    "Output": [
                        "(PARTIAL count(*))"
                    ],
                    "Workers Planned": 5,
                    "Workers Launched": 5,
                    "Single Copy": false,
                    "Plans": [
                        {
                            "Node Type": "Aggregate",
                            "Strategy": "Plain",
                            "Partial Mode": "Partial",
                            "Parent Relationship": "Outer",
                            "Parallel Aware": false,
                            "Startup Cost": 274699.45,
                            "Total Cost": 274699.46,
                            "Plan Rows": 1,
                            "Plan Width": 8,
                            "Actual Startup Time": 32.263,
                            "Actual Total Time": 32.264,
                            "Actual Rows": 1,
                            "Actual Loops": 6,
                            "Output": [
                                "PARTIAL count(*)"
                            ],
                            "Workers": [
                                {
                                    "Worker Number": 0,
                                    "Actual Startup Time": 29.694,
                                    "Actual Total Time": 29.695,
                                    "Actual Rows": 1,
                                    "Actual Loops": 1
                                },
                                {
                                    "Worker Number": 1,
                                    "Actual Startup Time": 30.178,
                                    "Actual Total Time": 30.179,
                                    "Actual Rows": 1,
                                    "Actual Loops": 1
                                },
                                {
                                    "Worker Number": 2,
                                    "Actual Startup Time": 30.396,
                                    "Actual Total Time": 30.397,
                                    "Actual Rows": 1,
                                    "Actual Loops": 1
                                },
                                {
                                    "Worker Number": 3,
                                    "Actual Startup Time": 30.68,
                                    "Actual Total Time": 30.682,
                                    "Actual Rows": 1,
                                    "Actual Loops": 1
                                },
                                {
                                    "Worker Number": 4,
                                    "Actual Startup Time": 31.059,
                                    "Actual Total Time": 31.06,
                                    "Actual Rows": 1,
                                    "Actual Loops": 1
                                }
                            ],
                            "Plans": [
                                {
                                    "Node Type": "Bitmap Heap Scan",
                                    "Parent Relationship": "Outer",
                                    "Parallel Aware": true,
                                    "Relation Name": "cast_info",
                                    "Schema": "public",
                                    "Alias": "ci",
                                    "Startup Cost": 7575.83,
                                    "Total Cost": 274527.88,
                                    "Plan Rows": 68626,
                                    "Plan Width": 0,
                                    "Actual Startup Time": 3.808,
                                    "Actual Total Time": 27.255,
                                    "Actual Rows": 61297,
                                    "Actual Loops": 6,
                                    "Recheck Cond": "(ci.person_id > 3994301)",
                                    "Rows Removed by Index Recheck": 0,
                                    "Exact Heap Blocks": 2227,
                                    "Lossy Heap Blocks": 0,
                                    "Workers": [
                                        {
                                            "Worker Number": 0,
                                            "Actual Startup Time": 1.311,
                                            "Actual Total Time": 25.233,
                                            "Actual Rows": 42819,
                                            "Actual Loops": 1
                                        },
                                        {
                                            "Worker Number": 1,
                                            "Actual Startup Time": 1.839,
                                            "Actual Total Time": 25.621,
                                            "Actual Rows": 40719,
                                            "Actual Loops": 1
                                        },
                                        {
                                            "Worker Number": 2,
                                            "Actual Startup Time": 2.103,
                                            "Actual Total Time": 25.742,
                                            "Actual Rows": 39959,
                                            "Actual Loops": 1
                                        },
                                        {
                                            "Worker Number": 3,
                                            "Actual Startup Time": 2.221,
                                            "Actual Total Time": 26.119,
                                            "Actual Rows": 39260,
                                            "Actual Loops": 1
                                        },
                                        {
                                            "Worker Number": 4,
                                            "Actual Startup Time": 2.567,
                                            "Actual Total Time": 26.397,
                                            "Actual Rows": 39914,
                                            "Actual Loops": 1
                                        }
                                    ],
                                    "Plans": [
                                        {
                                            "Node Type": "Bitmap Index Scan",
                                            "Parent Relationship": "Outer",
                                            "Parallel Aware": false,
                                            "Index Name": "person_id_cast_info",
                                            "Startup Cost": 0.0,
                                            "Total Cost": 7490.05,
                                            "Plan Rows": 343131,
                                            "Plan Width": 0,
                                            "Actual Startup Time": 12.027,
                                            "Actual Total Time": 12.028,
                                            "Actual Rows": 367783,
                                            "Actual Loops": 1,
                                            "Index Cond": "(ci.person_id > 3994301)"
                                        }
                                    ]
                                }
                            ]
                        }
                    ]
                }
            ]
        },
        "Planning Time": 188.296,
        "Triggers": [],
        "Execution Time": 45.454
    }
]