[
  {
    "Plan": {
      "Node Type": "Aggregate",
      "Strategy": "Plain",
      "Partial Mode": "Finalize",
      "Parallel Aware": false,
      "Startup Cost": 157174.72,
      "Total Cost": 157174.73,
      "Plan Rows": 1,
      "Plan Width": 8,
      "Actual Startup Time": 203.382,
      "Actual Total Time": 224.303,
      "Actual Rows": 1,
      "Actual Loops": 1,
      "Plans": [
        {
          "Node Type": "Gather",
          "Parent Relationship": "Outer",
          "Parallel Aware": false,
          "Startup Cost": 157174.2,
          "Total Cost": 157174.71,
          "Plan Rows": 5,
          "Plan Width": 8,
          "Actual Startup Time": 203.246,
          "Actual Total Time": 224.291,
          "Actual Rows": 6,
          "Actual Loops": 1,
          "Workers Planned": 5,
          "Workers Launched": 5,
          "Single Copy": false,
          "Plans": [
            {
              "Node Type": "Aggregate",
              "Strategy": "Plain",
              "Partial Mode": "Partial",
              "Parent Relationship": "Outer",
              "Parallel Aware": false,
              "Startup Cost": 156174.2,
              "Total Cost": 156174.21,
              "Plan Rows": 1,
              "Plan Width": 8,
              "Actual Startup Time": 198.085,
              "Actual Total Time": 198.086,
              "Actual Rows": 1,
              "Actual Loops": 6,
              "Plans": [
                {
                  "Node Type": "Index Scan",
                  "Parent Relationship": "Outer",
                  "Parallel Aware": true,
                  "Scan Direction": "Forward",
                  "Index Name": "role_id_cast_info",
                  "Relation Name": "cast_info",
                  "Alias": "ci",
                  "Startup Cost": 0.56,
                  "Total Cost": 155872.35,
                  "Plan Rows": 120741,
                  "Plan Width": 0,
                  "Actual Startup Time": 0.101,
                  "Actual Total Time": 196.033,
                  "Actual Rows": 36920,
                  "Actual Loops": 6,
                  "Index Cond": "(role_id > 8)",
                  "Rows Removed by Index Recheck": 0,
                  "Filter": "(person_id < 381793)",
                  "Rows Removed by Filter": 918530
                }
              ]
            }
          ]
        }
      ]
    },
    "Planning Time": 0.137,
    "Triggers": [],
    "Execution Time": 224.34
  }
]