{
  "Plan": {
    "Node Type": "Aggregate",
    "Strategy": "Plain",
    "Partial Mode": "Finalize",
    "Parallel Aware": false,
    "Startup Cost": 38688.14,
    "Total Cost": 38688.15,
    "Plan Rows": 1,
    "Plan Width": 8,
    "Actual Startup Time": 51.324,
    "Actual Total Time": 59.604,
    "Actual Rows": 1,
    "Actual Loops": 1,
    "Plans": [
      {
        "Node Type": "Gather",
        "Parent Relationship": "Outer",
        "Parallel Aware": false,
        "Startup Cost": 38688.02,
        "Total Cost": 38688.13,
        "Plan Rows": 1,
        "Plan Width": 8,
        "Actual Startup Time": 51.225,
        "Actual Total Time": 59.598,
        "Actual Rows": 2,
        "Actual Loops": 1,
        "Workers Planned": 1,
        "Workers Launched": 1,
        "Single Copy": false,
        "Plans": [
          {
            "Node Type": "Aggregate",
            "Strategy": "Plain",
            "Partial Mode": "Partial",
            "Parent Relationship": "Outer",
            "Parallel Aware": false,
            "Startup Cost": 37688.02,
            "Total Cost": 37688.03,
            "Plan Rows": 1,
            "Plan Width": 8,
            "Actual Startup Time": 45.066,
            "Actual Total Time": 45.067,
            "Actual Rows": 1,
            "Actual Loops": 2,
            "Plans": [
              {
                "Node Type": "Nested Loop",
                "Parent Relationship": "Outer",
                "Parallel Aware": false,
                "Join Type": "Inner",
                "Startup Cost": 119.5,
                "Total Cost": 37687.2,
                "Plan Rows": 329,
                "Plan Width": 0,
                "Actual Startup Time": 6.988,
                "Actual Total Time": 44.986,
                "Actual Rows": 457,
                "Actual Loops": 2,
                "Inner Unique": false,
                "Plans": [
                  {
                    "Node Type": "Nested Loop",
                    "Parent Relationship": "Outer",
                    "Parallel Aware": false,
                    "Join Type": "Inner",
                    "Startup Cost": 118.94,
                    "Total Cost": 36297.33,
                    "Plan Rows": 23,
                    "Plan Width": 8,
                    "Actual Startup Time": 6.801,
                    "Actual Total Time": 40.883,
                    "Actual Rows": 12,
                    "Actual Loops": 2,
                    "Inner Unique": true,
                    "Plans": [
                      {
                        "Node Type": "Bitmap Heap Scan",
                        "Parent Relationship": "Outer",
                        "Parallel Aware": true,
                        "Relation Name": "movie_keyword",
                        "Alias": "mk",
                        "Startup Cost": 118.51,
                        "Total Cost": 13152.38,
                        "Plan Rows": 3194,
                        "Plan Width": 4,
                        "Actual Startup Time": 3.849,
                        "Actual Total Time": 16.439,
                        "Actual Rows": 3143,
                        "Actual Loops": 2,
                        "Recheck Cond": "(keyword_id = 2276)",
                        "Rows Removed by Index Recheck": 0,
                        "Exact Heap Blocks": 4452,
                        "Lossy Heap Blocks": 0,
                        "Plans": [
                          {
                            "Node Type": "Bitmap Index Scan",
                            "Parent Relationship": "Outer",
                            "Parallel Aware": false,
                            "Index Name": "keyword_id_movie_keyword",
                            "Startup Cost": 0.0,
                            "Total Cost": 117.15,
                            "Plan Rows": 5429,
                            "Plan Width": 0,
                            "Actual Startup Time": 4.765,
                            "Actual Total Time": 4.765,
                            "Actual Rows": 6286,
                            "Actual Loops": 1,
                            "Index Cond": "(keyword_id = 2276)"
                          }
                        ]
                      },
                      {
                        "Node Type": "Index Scan",
                        "Parent Relationship": "Inner",
                        "Parallel Aware": false,
                        "Scan Direction": "Forward",
                        "Index Name": "title_pkey",
                        "Relation Name": "title",
                        "Alias": "t",
                        "Startup Cost": 0.43,
                        "Total Cost": 7.25,
                        "Plan Rows": 1,
                        "Plan Width": 4,
                        "Actual Startup Time": 0.007,
                        "Actual Total Time": 0.007,
                        "Actual Rows": 0,
                        "Actual Loops": 6286,
                        "Index Cond": "(id = mk.movie_id)",
                        "Rows Removed by Index Recheck": 0,
                        "Filter": "((kind_id > 1) AND (production_year = 1991))",
                        "Rows Removed by Filter": 1
                      }
                    ]
                  },
                  {
                    "Node Type": "Index Only Scan",
                    "Parent Relationship": "Inner",
                    "Parallel Aware": false,
                    "Scan Direction": "Forward",
                    "Index Name": "movie_id_cast_info",
                    "Relation Name": "cast_info",
                    "Alias": "ci",
                    "Startup Cost": 0.56,
                    "Total Cost": 60.06,
                    "Plan Rows": 37,
                    "Plan Width": 4,
                    "Actual Startup Time": 0.043,
                    "Actual Total Time": 0.32,
                    "Actual Rows": 37,
                    "Actual Loops": 25,
                    "Index Cond": "(movie_id = t.id)",
                    "Rows Removed by Index Recheck": 0,
                    "Heap Fetches": 914
                  }
                ]
              }
            ]
          }
        ]
      }
    ]
  },
  "Planning Time": 1.073,
  "Triggers": [],
  "Execution Time": 59.699
}