[
  {
    "Plan": {
      "Node Type": "Aggregate",
      "Strategy": "Plain",
      "Partial Mode": "Finalize",
      "Parallel Aware": false,
      "Startup Cost": 73452.24,
      "Total Cost": 73452.25,
      "Plan Rows": 1,
      "Plan Width": 8,
      "Actual Startup Time": 475.155,
      "Actual Total Time": 495.245,
      "Actual Rows": 1,
      "Actual Loops": 1,
      "Plans": [
        {
          "Node Type": "Gather",
          "Parent Relationship": "Outer",
          "Parallel Aware": false,
          "Startup Cost": 73451.92,
          "Total Cost": 73452.23,
          "Plan Rows": 3,
          "Plan Width": 8,
          "Actual Startup Time": 462.939,
          "Actual Total Time": 495.234,
          "Actual Rows": 4,
          "Actual Loops": 1,
          "Workers Planned": 3,
          "Workers Launched": 3,
          "Single Copy": false,
          "Plans": [
            {
              "Node Type": "Aggregate",
              "Strategy": "Plain",
              "Partial Mode": "Partial",
              "Parent Relationship": "Outer",
              "Parallel Aware": false,
              "Startup Cost": 72451.92,
              "Total Cost": 72451.93,
              "Plan Rows": 1,
              "Plan Width": 8,
              "Actual Startup Time": 451.712,
              "Actual Total Time": 451.716,
              "Actual Rows": 1,
              "Actual Loops": 4,
              "Plans": [
                {
                  "Node Type": "Hash Join",
                  "Parent Relationship": "Outer",
                  "Parallel Aware": true,
                  "Join Type": "Inner",
                  "Startup Cost": 52944.13,
                  "Total Cost": 72399.87,
                  "Plan Rows": 20820,
                  "Plan Width": 0,
                  "Actual Startup Time": 420.342,
                  "Actual Total Time": 449.831,
                  "Actual Rows": 30906,
                  "Actual Loops": 4,
                  "Inner Unique": true,
                  "Hash Cond": "(mc.movie_id = t.id)",
                  "Plans": [
                    {
                      "Node Type": "Bitmap Heap Scan",
                      "Parent Relationship": "Outer",
                      "Parallel Aware": true,
                      "Relation Name": "movie_companies",
                      "Alias": "mc",
                      "Startup Cost": 2723.75,
                      "Total Cost": 22124.83,
                      "Plan Rows": 20820,
                      "Plan Width": 4,
                      "Actual Startup Time": 6.225,
                      "Actual Total Time": 19.057,
                      "Actual Rows": 30906,
                      "Actual Loops": 4,
                      "Recheck Cond": "(company_id > 144475)",
                      "Rows Removed by Index Recheck": 0,
                      "Filter": "(company_type_id = 2)",
                      "Rows Removed by Filter": 0,
                      "Exact Heap Blocks": 916,
                      "Lossy Heap Blocks": 0,
                      "Plans": [
                        {
                          "Node Type": "Bitmap Index Scan",
                          "Parent Relationship": "Outer",
                          "Parallel Aware": false,
                          "Index Name": "company_id_movie_companies",
                          "Startup Cost": 0.0,
                          "Total Cost": 2707.61,
                          "Plan Rows": 126291,
                          "Plan Width": 0,
                          "Actual Startup Time": 5.578,
                          "Actual Total Time": 5.579,
                          "Actual Rows": 123625,
                          "Actual Loops": 1,
                          "Index Cond": "(company_id > 144475)"
                        }
                      ]
                    },
                    {
                      "Node Type": "Hash",
                      "Parent Relationship": "Inner",
                      "Parallel Aware": true,
                      "Startup Cost": 42319.06,
                      "Total Cost": 42319.06,
                      "Plan Rows": 632106,
                      "Plan Width": 4,
                      "Actual Startup Time": 404.588,
                      "Actual Total Time": 404.589,
                      "Actual Rows": 632078,
                      "Actual Loops": 4,
                      "Hash Buckets": 4194304,
                      "Original Hash Buckets": 4194304,
                      "Hash Batches": 1,
                      "Original Hash Batches": 1,
                      "Peak Memory Usage": 131776,
                      "Plans": [
                        {
                          "Node Type": "Seq Scan",
                          "Parent Relationship": "Outer",
                          "Parallel Aware": true,
                          "Relation Name": "title",
                          "Alias": "t",
                          "Startup Cost": 0.0,
                          "Total Cost": 42319.06,
                          "Plan Rows": 632106,
                          "Plan Width": 4,
                          "Actual Startup Time": 0.051,
                          "Actual Total Time": 123.671,
                          "Actual Rows": 632078,
                          "Actual Loops": 4
                        }
                      ]
                    }
                  ]
                }
              ]
            }
          ]
        }
      ]
    },
    "Planning Time": 0.695,
    "Triggers": [],
    "Execution Time": 495.337
  }
]