[
  {
    "Plan": {
      "Node Type": "Aggregate",
      "Strategy": "Plain",
      "Partial Mode": "Simple",
      "Parallel Aware": false,
      "Startup Cost": 39195.49,
      "Total Cost": 39195.5,
      "Plan Rows": 1,
      "Plan Width": 8,
      "Actual Startup Time": 57.104,
      "Actual Total Time": 57.105,
      "Actual Rows": 1,
      "Actual Loops": 1,
      "Plans": [
        {
          "Node Type": "Bitmap Heap Scan",
          "Parent Relationship": "Outer",
          "Parallel Aware": false,
          "Relation Name": "title",
          "Alias": "t",
          "Startup Cost": 1674.94,
          "Total Cost": 39068.57,
          "Plan Rows": 50769,
          "Plan Width": 0,
          "Actual Startup Time": 10.822,
          "Actual Total Time": 53.599,
          "Actual Rows": 49193,
          "Actual Loops": 1,
          "Recheck Cond": "(kind_id = 2)",
          "Rows Removed by Index Recheck": 0,
          "Filter": "(production_year > 2000)",
          "Rows Removed by Filter": 41659,
          "Exact Heap Blocks": 23872,
          "Lossy Heap Blocks": 0,
          "Plans": [
            {
              "Node Type": "Bitmap Index Scan",
              "Parent Relationship": "Outer",
              "Parallel Aware": false,
              "Index Name": "kind_id_title",
              "Startup Cost": 0.0,
              "Total Cost": 1662.25,
              "Plan Rows": 93042,
              "Plan Width": 0,
              "Actual Startup Time": 6.209,
              "Actual Total Time": 6.21,
              "Actual Rows": 90852,
              "Actual Loops": 1,
              "Index Cond": "(kind_id = 2)"
            }
          ]
        }
      ]
    },
    "Planning Time": 0.077,
    "Triggers": [],
    "Execution Time": 57.135
  }
]