[
  {
    "Plan": {
      "Node Type": "Aggregate",
      "Strategy": "Plain",
      "Partial Mode": "Finalize",
      "Parallel Aware": false,
      "Startup Cost": 341442.8,
      "Total Cost": 341442.81,
      "Plan Rows": 1,
      "Plan Width": 8,
      "Actual Startup Time": 957.155,
      "Actual Total Time": 1022.446,
      "Actual Rows": 1,
      "Actual Loops": 1,
      "Plans": [
        {
          "Node Type": "Gather",
          "Parent Relationship": "Outer",
          "Parallel Aware": false,
          "Startup Cost": 341442.17,
          "Total Cost": 341442.78,
          "Plan Rows": 6,
          "Plan Width": 8,
          "Actual Startup Time": 957.055,
          "Actual Total Time": 1022.435,
          "Actual Rows": 7,
          "Actual Loops": 1,
          "Workers Planned": 6,
          "Workers Launched": 6,
          "Single Copy": false,
          "Plans": [
            {
              "Node Type": "Aggregate",
              "Strategy": "Plain",
              "Partial Mode": "Partial",
              "Parent Relationship": "Outer",
              "Parallel Aware": false,
              "Startup Cost": 340442.17,
              "Total Cost": 340442.18,
              "Plan Rows": 1,
              "Plan Width": 8,
              "Actual Startup Time": 947.164,
              "Actual Total Time": 947.165,
              "Actual Rows": 1,
              "Actual Loops": 7,
              "Plans": [
                {
                  "Node Type": "Seq Scan",
                  "Parent Relationship": "Outer",
                  "Parallel Aware": true,
                  "Relation Name": "cast_info",
                  "Alias": "ci",
                  "Startup Cost": 0.0,
                  "Total Cost": 328162.03,
                  "Plan Rows": 4912058,
                  "Plan Width": 0,
                  "Actual Startup Time": 92.268,
                  "Actual Total Time": 731.542,
                  "Actual Rows": 4186125,
                  "Actual Loops": 7,
                  "Filter": "(person_id > 671262)",
                  "Rows Removed by Filter": 991639
                }
              ]
            }
          ]
        }
      ]
    },
    "Planning Time": 0.179,
    "Triggers": [],
    "Execution Time": 1022.511
  }
]