[
  {
    "Plan": {
      "Node Type": "Aggregate",
      "Strategy": "Plain",
      "Partial Mode": "Finalize",
      "Parallel Aware": false,
      "Startup Cost": 32409.74,
      "Total Cost": 32409.75,
      "Plan Rows": 1,
      "Plan Width": 8,
      "Actual Startup Time": 117.24,
      "Actual Total Time": 125.483,
      "Actual Rows": 1,
      "Actual Loops": 1,
      "Plans": [
        {
          "Node Type": "Gather",
          "Parent Relationship": "Outer",
          "Parallel Aware": false,
          "Startup Cost": 32409.43,
          "Total Cost": 32409.74,
          "Plan Rows": 3,
          "Plan Width": 8,
          "Actual Startup Time": 117.076,
          "Actual Total Time": 125.474,
          "Actual Rows": 4,
          "Actual Loops": 1,
          "Workers Planned": 3,
          "Workers Launched": 3,
          "Single Copy": false,
          "Plans": [
            {
              "Node Type": "Aggregate",
              "Strategy": "Plain",
              "Partial Mode": "Partial",
              "Parent Relationship": "Outer",
              "Parallel Aware": false,
              "Startup Cost": 31409.43,
              "Total Cost": 31409.44,
              "Plan Rows": 1,
              "Plan Width": 8,
              "Actual Startup Time": 113.118,
              "Actual Total Time": 113.119,
              "Actual Rows": 1,
              "Actual Loops": 4,
              "Plans": [
                {
                  "Node Type": "Seq Scan",
                  "Parent Relationship": "Outer",
                  "Parallel Aware": true,
                  "Relation Name": "movie_companies",
                  "Alias": "mc",
                  "Startup Cost": 0.0,
                  "Total Cost": 29310.68,
                  "Plan Rows": 839498,
                  "Plan Width": 0,
                  "Actual Startup Time": 0.031,
                  "Actual Total Time": 83.013,
                  "Actual Rows": 650768,
                  "Actual Loops": 4,
                  "Filter": "(company_id < 229140)",
                  "Rows Removed by Filter": 1514
                }
              ]
            }
          ]
        }
      ]
    },
    "Planning Time": 0.253,
    "Triggers": [],
    "Execution Time": 125.531
  }
]