[
  {
    "Plan": {
      "Node Type": "Aggregate",
      "Strategy": "Plain",
      "Partial Mode": "Finalize",
      "Parallel Aware": false,
      "Startup Cost": 33084.44,
      "Total Cost": 33084.45,
      "Plan Rows": 1,
      "Plan Width": 8,
      "Actual Startup Time": 101.279,
      "Actual Total Time": 109.97,
      "Actual Rows": 1,
      "Actual Loops": 1,
      "Plans": [
        {
          "Node Type": "Gather",
          "Parent Relationship": "Outer",
          "Parallel Aware": false,
          "Startup Cost": 33084.12,
          "Total Cost": 33084.43,
          "Plan Rows": 3,
          "Plan Width": 8,
          "Actual Startup Time": 101.163,
          "Actual Total Time": 109.962,
          "Actual Rows": 4,
          "Actual Loops": 1,
          "Workers Planned": 3,
          "Workers Launched": 3,
          "Single Copy": false,
          "Plans": [
            {
              "Node Type": "Aggregate",
              "Strategy": "Plain",
              "Partial Mode": "Partial",
              "Parent Relationship": "Outer",
              "Parallel Aware": false,
              "Startup Cost": 32084.12,
              "Total Cost": 32084.13,
              "Plan Rows": 1,
              "Plan Width": 8,
              "Actual Startup Time": 93.674,
              "Actual Total Time": 93.675,
              "Actual Rows": 1,
              "Actual Loops": 4,
              "Plans": [
                {
                  "Node Type": "Seq Scan",
                  "Parent Relationship": "Outer",
                  "Parallel Aware": true,
                  "Relation Name": "movie_companies",
                  "Alias": "mc",
                  "Startup Cost": 0.0,
                  "Total Cost": 31414.82,
                  "Plan Rows": 267721,
                  "Plan Width": 0,
                  "Actual Startup Time": 50.945,
                  "Actual Total Time": 87.212,
                  "Actual Rows": 130361,
                  "Actual Loops": 4,
                  "Filter": "((company_id < 17137) AND (company_type_id > 1))",
                  "Rows Removed by Filter": 521922
                }
              ]
            }
          ]
        }
      ]
    },
    "Planning Time": 0.178,
    "Triggers": [],
    "Execution Time": 110.09
  }
]