[
  {
    "Plan": {
      "Node Type": "Aggregate",
      "Strategy": "Plain",
      "Partial Mode": "Finalize",
      "Parallel Aware": false,
      "Startup Cost": 622346.24,
      "Total Cost": 622346.25,
      "Plan Rows": 1,
      "Plan Width": 8,
      "Actual Startup Time": 2828.575,
      "Actual Total Time": 2915.119,
      "Actual Rows": 1,
      "Actual Loops": 1,
      "Plans": [
        {
          "Node Type": "Gather",
          "Parent Relationship": "Outer",
          "Parallel Aware": false,
          "Startup Cost": 622345.62,
          "Total Cost": 622346.23,
          "Plan Rows": 6,
          "Plan Width": 8,
          "Actual Startup Time": 2800.275,
          "Actual Total Time": 2915.104,
          "Actual Rows": 7,
          "Actual Loops": 1,
          "Workers Planned": 6,
          "Workers Launched": 6,
          "Single Copy": false,
          "Plans": [
            {
              "Node Type": "Aggregate",
              "Strategy": "Plain",
              "Partial Mode": "Partial",
              "Parent Relationship": "Outer",
              "Parallel Aware": false,
              "Startup Cost": 621345.62,
              "Total Cost": 621345.63,
              "Plan Rows": 1,
              "Plan Width": 8,
              "Actual Startup Time": 2777.887,
              "Actual Total Time": 2778.503,
              "Actual Rows": 1,
              "Actual Loops": 7,
              "Plans": [
                {
                  "Node Type": "Hash Join",
                  "Parent Relationship": "Outer",
                  "Parallel Aware": true,
                  "Join Type": "Inner",
                  "Startup Cost": 258193.45,
                  "Total Cost": 614868.54,
                  "Plan Rows": 2590830,
                  "Plan Width": 0,
                  "Actual Startup Time": 1171.81,
                  "Actual Total Time": 2570.888,
                  "Actual Rows": 5172696,
                  "Actual Loops": 7,
                  "Inner Unique": false,
                  "Hash Cond": "(ci.movie_id = t.id)",
                  "Plans": [
                    {
                      "Node Type": "Seq Scan",
                      "Parent Relationship": "Outer",
                      "Parallel Aware": true,
                      "Relation Name": "cast_info",
                      "Alias": "ci",
                      "Startup Cost": 0.0,
                      "Total Cost": 343257.03,
                      "Plan Rows": 2196375,
                      "Plan Width": 4,
                      "Actual Startup Time": 308.876,
                      "Actual Total Time": 615.219,
                      "Actual Rows": 2012833,
                      "Actual Loops": 7,
                      "Filter": "((person_id > 703782) AND (role_id > 2))",
                      "Rows Removed by Filter": 3164930
                    },
                    {
                      "Node Type": "Hash",
                      "Parent Relationship": "Inner",
                      "Parallel Aware": true,
                      "Startup Cost": 250737.55,
                      "Total Cost": 250737.55,
                      "Plan Rows": 596472,
                      "Plan Width": 8,
                      "Actual Startup Time": 855.99,
                      "Actual Total Time": 856.604,
                      "Actual Rows": 433817,
                      "Actual Loops": 7,
                      "Hash Buckets": 4194304,
                      "Original Hash Buckets": 4194304,
                      "Hash Batches": 1,
                      "Original Hash Batches": 1,
                      "Peak Memory Usage": 151680,
                      "Plans": [
                        {
                          "Node Type": "Hash Join",
                          "Parent Relationship": "Outer",
                          "Parallel Aware": true,
                          "Join Type": "Inner",
                          "Startup Cost": 50219.64,
                          "Total Cost": 250737.55,
                          "Plan Rows": 596472,
                          "Plan Width": 8,
                          "Actual Startup Time": 310.108,
                          "Actual Total Time": 680.618,
                          "Actual Rows": 433817,
                          "Actual Loops": 7,
                          "Inner Unique": true,
                          "Hash Cond": "(mi.movie_id = t.id)",
                          "Plans": [
                            {
                              "Node Type": "Seq Scan",
                              "Parent Relationship": "Outer",
                              "Parallel Aware": true,
                              "Relation Name": "movie_info",
                              "Alias": "mi",
                              "Startup Cost": 0.0,
                              "Total Cost": 198952.16,
                              "Plan Rows": 596472,
                              "Plan Width": 4,
                              "Actual Startup Time": 60.162,
                              "Actual Total Time": 263.039,
                              "Actual Rows": 433817,
                              "Actual Loops": 7,
                              "Filter": "(info_type_id = 16)",
                              "Rows Removed by Filter": 1685572
                            },
                            {
                              "Node Type": "Hash",
                              "Parent Relationship": "Inner",
                              "Parallel Aware": true,
                              "Startup Cost": 42318.73,
                              "Total Cost": 42318.73,
                              "Plan Rows": 632073,
                              "Plan Width": 4,
                              "Actual Startup Time": 246.137,
                              "Actual Total Time": 246.138,
                              "Actual Rows": 361187,
                              "Actual Loops": 7,
                              "Hash Buckets": 4194304,
                              "Original Hash Buckets": 4194304,
                              "Hash Batches": 1,
                              "Original Hash Batches": 1,
                              "Peak Memory Usage": 131808,
                              "Plans": [
                                {
                                  "Node Type": "Seq Scan",
                                  "Parent Relationship": "Outer",
                                  "Parallel Aware": true,
                                  "Relation Name": "title",
                                  "Alias": "t",
                                  "Startup Cost": 0.0,
                                  "Total Cost": 42318.73,
                                  "Plan Rows": 632073,
                                  "Plan Width": 4,
                                  "Actual Startup Time": 0.052,
                                  "Actual Total Time": 69.096,
                                  "Actual Rows": 361187,
                                  "Actual Loops": 7
                                }
                              ]
                            }
                          ]
                        }
                      ]
                    }
                  ]
                }
              ]
            }
          ]
        }
      ]
    },
    "Planning Time": 1.422,
    "Triggers": [],
    "Execution Time": 2915.257
  }
]