[
  {
    "Plan": {
      "Node Type": "Aggregate",
      "Strategy": "Plain",
      "Partial Mode": "Finalize",
      "Parallel Aware": false,
      "Startup Cost": 46503.43,
      "Total Cost": 46503.44,
      "Plan Rows": 1,
      "Plan Width": 8,
      "Actual Startup Time": 178.935,
      "Actual Total Time": 189.558,
      "Actual Rows": 1,
      "Actual Loops": 1,
      "Plans": [
        {
          "Node Type": "Gather",
          "Parent Relationship": "Outer",
          "Parallel Aware": false,
          "Startup Cost": 46503.12,
          "Total Cost": 46503.43,
          "Plan Rows": 3,
          "Plan Width": 8,
          "Actual Startup Time": 178.818,
          "Actual Total Time": 189.549,
          "Actual Rows": 4,
          "Actual Loops": 1,
          "Workers Planned": 3,
          "Workers Launched": 3,
          "Single Copy": false,
          "Plans": [
            {
              "Node Type": "Aggregate",
              "Strategy": "Plain",
              "Partial Mode": "Partial",
              "Parent Relationship": "Outer",
              "Parallel Aware": false,
              "Startup Cost": 45503.12,
              "Total Cost": 45503.13,
              "Plan Rows": 1,
              "Plan Width": 8,
              "Actual Startup Time": 171.995,
              "Actual Total Time": 171.996,
              "Actual Rows": 1,
              "Actual Loops": 4,
              "Plans": [
                {
                  "Node Type": "Seq Scan",
                  "Parent Relationship": "Outer",
                  "Parallel Aware": true,
                  "Relation Name": "movie_keyword",
                  "Alias": "mk",
                  "Startup Cost": 0.0,
                  "Total Cost": 42695.65,
                  "Plan Rows": 1122985,
                  "Plan Width": 0,
                  "Actual Startup Time": 0.054,
                  "Actual Total Time": 129.049,
                  "Actual Rows": 869641,
                  "Actual Loops": 4,
                  "Filter": "(keyword_id < 16976)",
                  "Rows Removed by Filter": 261342
                }
              ]
            }
          ]
        }
      ]
    },
    "Planning Time": 0.179,
    "Triggers": [],
    "Execution Time": 189.612
  }
]