{
  "Plan": {
    "Node Type": "Aggregate",
    "Strategy": "Plain",
    "Partial Mode": "Finalize",
    "Parallel Aware": false,
    "Startup Cost": 173759.51,
    "Total Cost": 173759.52,
    "Plan Rows": 1,
    "Plan Width": 8,
    "Actual Startup Time": 1206.27,
    "Actual Total Time": 1235.193,
    "Actual Rows": 1,
    "Actual Loops": 1,
    "Plans": [
      {
        "Node Type": "Gather",
        "Parent Relationship": "Outer",
        "Parallel Aware": false,
        "Startup Cost": 173759.39,
        "Total Cost": 173759.5,
        "Plan Rows": 1,
        "Plan Width": 8,
        "Actual Startup Time": 1200.331,
        "Actual Total Time": 1235.183,
        "Actual Rows": 2,
        "Actual Loops": 1,
        "Workers Planned": 1,
        "Workers Launched": 1,
        "Single Copy": false,
        "Plans": [
          {
            "Node Type": "Aggregate",
            "Strategy": "Plain",
            "Partial Mode": "Partial",
            "Parent Relationship": "Outer",
            "Parallel Aware": false,
            "Startup Cost": 172759.39,
            "Total Cost": 172759.4,
            "Plan Rows": 1,
            "Plan Width": 8,
            "Actual Startup Time": 1194.062,
            "Actual Total Time": 1194.356,
            "Actual Rows": 1,
            "Actual Loops": 2,
            "Plans": [
              {
                "Node Type": "Hash Join",
                "Parent Relationship": "Outer",
                "Parallel Aware": true,
                "Join Type": "Inner",
                "Startup Cost": 127988.31,
                "Total Cost": 172366.0,
                "Plan Rows": 157359,
                "Plan Width": 0,
                "Actual Startup Time": 1050.521,
                "Actual Total Time": 1184.685,
                "Actual Rows": 245572,
                "Actual Loops": 2,
                "Inner Unique": false,
                "Hash Cond": "(mc.movie_id = t.id)",
                "Plans": [
                  {
                    "Node Type": "Seq Scan",
                    "Parent Relationship": "Outer",
                    "Parallel Aware": true,
                    "Relation Name": "movie_companies",
                    "Alias": "mc",
                    "Startup Cost": 0.0,
                    "Total Cost": 41811.73,
                    "Plan Rows": 437416,
                    "Plan Width": 4,
                    "Actual Startup Time": 52.712,
                    "Actual Total Time": 110.183,
                    "Actual Rows": 234182,
                    "Actual Loops": 2,
                    "Filter": "((company_id < 13180) AND (company_type_id > 1))",
                    "Rows Removed by Filter": 1070382
                  },
                  {
                    "Node Type": "Hash",
                    "Parent Relationship": "Inner",
                    "Parallel Aware": true,
                    "Startup Cost": 121300.45,
                    "Total Cost": 121300.45,
                    "Plan Rows": 535029,
                    "Plan Width": 8,
                    "Actual Startup Time": 988.381,
                    "Actual Total Time": 988.673,
                    "Actual Rows": 460166,
                    "Actual Loops": 2,
                    "Hash Buckets": 1048576,
                    "Original Hash Buckets": 1048576,
                    "Hash Batches": 1,
                    "Original Hash Batches": 1,
                    "Peak Memory Usage": 44224,
                    "Plans": [
                      {
                        "Node Type": "Hash Join",
                        "Parent Relationship": "Outer",
                        "Parallel Aware": true,
                        "Join Type": "Inner",
                        "Startup Cost": 88754.14,
                        "Total Cost": 121300.45,
                        "Plan Rows": 535029,
                        "Plan Width": 8,
                        "Actual Startup Time": 634.825,
                        "Actual Total Time": 879.456,
                        "Actual Rows": 460166,
                        "Actual Loops": 2,
                        "Inner Unique": true,
                        "Hash Cond": "(mk.movie_id = t.id)",
                        "Plans": [
                          {
                            "Node Type": "Bitmap Heap Scan",
                            "Parent Relationship": "Outer",
                            "Parallel Aware": true,
                            "Relation Name": "movie_keyword",
                            "Alias": "mk",
                            "Startup Cost": 19293.44,
                            "Total Cost": 50435.3,
                            "Plan Rows": 535029,
                            "Plan Width": 4,
                            "Actual Startup Time": 48.226,
                            "Actual Total Time": 151.219,
                            "Actual Rows": 460166,
                            "Actual Loops": 2,
                            "Recheck Cond": "(keyword_id < 870)",
                            "Rows Removed by Index Recheck": 0,
                            "Exact Heap Blocks": 12956,
                            "Lossy Heap Blocks": 0,
                            "Plans": [
                              {
                                "Node Type": "Bitmap Index Scan",
                                "Parent Relationship": "Outer",
                                "Parallel Aware": false,
                                "Index Name": "keyword_id_movie_keyword",
                                "Startup Cost": 0.0,
                                "Total Cost": 19066.05,
                                "Plan Rows": 909549,
                                "Plan Width": 0,
                                "Actual Startup Time": 44.631,
                                "Actual Total Time": 44.631,
                                "Actual Rows": 920332,
                                "Actual Loops": 1,
                                "Index Cond": "(keyword_id < 870)"
                              }
                            ]
                          },
                          {
                            "Node Type": "Hash",
                            "Parent Relationship": "Inner",
                            "Parallel Aware": true,
                            "Startup Cost": 50870.31,
                            "Total Cost": 50870.31,
                            "Plan Rows": 1487231,
                            "Plan Width": 4,
                            "Actual Startup Time": 570.645,
                            "Actual Total Time": 570.646,
                            "Actual Rows": 1264156,
                            "Actual Loops": 2,
                            "Hash Buckets": 4194304,
                            "Original Hash Buckets": 4194304,
                            "Hash Batches": 1,
                            "Original Hash Batches": 1,
                            "Peak Memory Usage": 131712,
                            "Plans": [
                              {
                                "Node Type": "Seq Scan",
                                "Parent Relationship": "Outer",
                                "Parallel Aware": true,
                                "Relation Name": "title",
                                "Alias": "t",
                                "Startup Cost": 0.0,
                                "Total Cost": 50870.31,
                                "Plan Rows": 1487231,
                                "Plan Width": 4,
                                "Actual Startup Time": 0.033,
                                "Actual Total Time": 159.585,
                                "Actual Rows": 1264156,
                                "Actual Loops": 2
                              }
                            ]
                          }
                        ]
                      }
                    ]
                  }
                ]
              }
            ]
          }
        ]
      }
    ]
  },
  "Planning Time": 0.907,
  "Triggers": [],
  "Execution Time": 1235.298
}