[
  {
    "Plan": {
      "Node Type": "Aggregate",
      "Strategy": "Plain",
      "Partial Mode": "Finalize",
      "Parallel Aware": false,
      "Startup Cost": 345876.43,
      "Total Cost": 345876.44,
      "Plan Rows": 1,
      "Plan Width": 8,
      "Actual Startup Time": 640.742,
      "Actual Total Time": 689.754,
      "Actual Rows": 1,
      "Actual Loops": 1,
      "Plans": [
        {
          "Node Type": "Gather",
          "Parent Relationship": "Outer",
          "Parallel Aware": false,
          "Startup Cost": 345875.8,
          "Total Cost": 345876.41,
          "Plan Rows": 6,
          "Plan Width": 8,
          "Actual Startup Time": 640.514,
          "Actual Total Time": 689.744,
          "Actual Rows": 7,
          "Actual Loops": 1,
          "Workers Planned": 6,
          "Workers Launched": 6,
          "Single Copy": false,
          "Plans": [
            {
              "Node Type": "Aggregate",
              "Strategy": "Plain",
              "Partial Mode": "Partial",
              "Parent Relationship": "Outer",
              "Parallel Aware": false,
              "Startup Cost": 344875.8,
              "Total Cost": 344875.82,
              "Plan Rows": 1,
              "Plan Width": 8,
              "Actual Startup Time": 634.88,
              "Actual Total Time": 634.881,
              "Actual Rows": 1,
              "Actual Loops": 7,
              "Plans": [
                {
                  "Node Type": "Seq Scan",
                  "Parent Relationship": "Outer",
                  "Parallel Aware": true,
                  "Relation Name": "cast_info",
                  "Alias": "ci",
                  "Startup Cost": 0.0,
                  "Total Cost": 343316.27,
                  "Plan Rows": 623814,
                  "Plan Width": 0,
                  "Actual Startup Time": 232.982,
                  "Actual Total Time": 622.292,
                  "Actual Rows": 235605,
                  "Actual Loops": 7,
                  "Filter": "((person_id < 576357) AND (role_id > 1))",
                  "Rows Removed by Filter": 4942158
                }
              ]
            }
          ]
        }
      ]
    },
    "Planning Time": 0.208,
    "Triggers": [],
    "Execution Time": 689.817
  }
]