[
    {
        "Bao": {
            "Bao prediction": "NaN",
            "Bao recommended hint": "(no hint)"
        }
    },
    {
        "Plan": {
            "Node Type": "Aggregate",
            "Strategy": "Plain",
            "Partial Mode": "Finalize",
            "Parallel Aware": false,
            "Startup Cost": 609171.62,
            "Total Cost": 609171.63,
            "Plan Rows": 1,
            "Plan Width": 8,
            "Actual Startup Time": 3436.786,
            "Actual Total Time": 3484.307,
            "Actual Rows": 1,
            "Actual Loops": 1,
            "Output": [
                "count(*)"
            ],
            "Plans": [
                {
                    "Node Type": "Gather",
                    "Parent Relationship": "Outer",
                    "Parallel Aware": false,
                    "Startup Cost": 609171.09,
                    "Total Cost": 609171.6,
                    "Plan Rows": 5,
                    "Plan Width": 8,
                    "Actual Startup Time": 3429.604,
                    "Actual Total Time": 3484.297,
                    "Actual Rows": 6,
                    "Actual Loops": 1,
                    "Output": [
                        "(PARTIAL count(*))"
                    ],
                    "Workers Planned": 5,
                    "Workers Launched": 5,
                    "Single Copy": false,
                    "Plans": [
                        {
                            "Node Type": "Aggregate",
                            "Strategy": "Plain",
                            "Partial Mode": "Partial",
                            "Parent Relationship": "Outer",
                            "Parallel Aware": false,
                            "Startup Cost": 608171.09,
                            "Total Cost": 608171.1,
                            "Plan Rows": 1,
                            "Plan Width": 8,
                            "Actual Startup Time": 3418.995,
                            "Actual Total Time": 3419.0,
                            "Actual Rows": 1,
                            "Actual Loops": 6,
                            "Output": [
                                "PARTIAL count(*)"
                            ],
                            "Workers": [
                                {
                                    "Worker Number": 0,
                                    "Actual Startup Time": 3416.65,
                                    "Actual Total Time": 3416.654,
                                    "Actual Rows": 1,
                                    "Actual Loops": 1
                                },
                                {
                                    "Worker Number": 1,
                                    "Actual Startup Time": 3416.707,
                                    "Actual Total Time": 3416.712,
                                    "Actual Rows": 1,
                                    "Actual Loops": 1
                                },
                                {
                                    "Worker Number": 2,
                                    "Actual Startup Time": 3416.985,
                                    "Actual Total Time": 3416.99,
                                    "Actual Rows": 1,
                                    "Actual Loops": 1
                                },
                                {
                                    "Worker Number": 3,
                                    "Actual Startup Time": 3416.954,
                                    "Actual Total Time": 3416.959,
                                    "Actual Rows": 1,
                                    "Actual Loops": 1
                                },
                                {
                                    "Worker Number": 4,
                                    "Actual Startup Time": 3417.443,
                                    "Actual Total Time": 3417.447,
                                    "Actual Rows": 1,
                                    "Actual Loops": 1
                                }
                            ],
                            "Plans": [
                                {
                                    "Node Type": "Hash Join",
                                    "Parent Relationship": "Outer",
                                    "Parallel Aware": true,
                                    "Join Type": "Inner",
                                    "Startup Cost": 398037.71,
                                    "Total Cost": 603632.77,
                                    "Plan Rows": 1815328,
                                    "Plan Width": 0,
                                    "Actual Startup Time": 1337.27,
                                    "Actual Total Time": 3049.13,
                                    "Actual Rows": 7962346,
                                    "Actual Loops": 6,
                                    "Inner Unique": false,
                                    "Hash Cond": "(mi.movie_id = t.id)",
                                    "Workers": [
                                        {
                                            "Worker Number": 0,
                                            "Actual Startup Time": 1335.064,
                                            "Actual Total Time": 3028.087,
                                            "Actual Rows": 6202535,
                                            "Actual Loops": 1
                                        },
                                        {
                                            "Worker Number": 1,
                                            "Actual Startup Time": 1335.137,
                                            "Actual Total Time": 3026.092,
                                            "Actual Rows": 6107872,
                                            "Actual Loops": 1
                                        },
                                        {
                                            "Worker Number": 2,
                                            "Actual Startup Time": 1335.461,
                                            "Actual Total Time": 3049.894,
                                            "Actual Rows": 8505516,
                                            "Actual Loops": 1
                                        },
                                        {
                                            "Worker Number": 3,
                                            "Actual Startup Time": 1335.457,
                                            "Actual Total Time": 3060.938,
                                            "Actual Rows": 8786253,
                                            "Actual Loops": 1
                                        },
                                        {
                                            "Worker Number": 4,
                                            "Actual Startup Time": 1335.87,
                                            "Actual Total Time": 3064.886,
                                            "Actual Rows": 8881905,
                                            "Actual Loops": 1
                                        }
                                    ],
                                    "Plans": [
                                        {
                                            "Node Type": "Seq Scan",
                                            "Parent Relationship": "Outer",
                                            "Parallel Aware": true,
                                            "Relation Name": "movie_info",
                                            "Schema": "public",
                                            "Alias": "mi",
                                            "Startup Cost": 0.0,
                                            "Total Cost": 191503.19,
                                            "Plan Rows": 2951019,
                                            "Plan Width": 4,
                                            "Actual Startup Time": 0.043,
                                            "Actual Total Time": 290.753,
                                            "Actual Rows": 2472620,
                                            "Actual Loops": 6,
                                            "Output": [
                                                "mi.id",
                                                "mi.movie_id",
                                                "mi.info_type_id",
                                                "mi.info",
                                                "mi.note"
                                            ],
                                            "Workers": [
                                                {
                                                    "Worker Number": 0,
                                                    "Actual Startup Time": 0.033,
                                                    "Actual Total Time": 306.425,
                                                    "Actual Rows": 2003501,
                                                    "Actual Loops": 1
                                                },
                                                {
                                                    "Worker Number": 1,
                                                    "Actual Startup Time": 0.035,
                                                    "Actual Total Time": 307.342,
                                                    "Actual Rows": 1948996,
                                                    "Actual Loops": 1
                                                },
                                                {
                                                    "Worker Number": 2,
                                                    "Actual Startup Time": 0.069,
                                                    "Actual Total Time": 310.167,
                                                    "Actual Rows": 2443564,
                                                    "Actual Loops": 1
                                                },
                                                {
                                                    "Worker Number": 3,
                                                    "Actual Startup Time": 0.029,
                                                    "Actual Total Time": 284.02,
                                                    "Actual Rows": 2721824,
                                                    "Actual Loops": 1
                                                },
                                                {
                                                    "Worker Number": 4,
                                                    "Actual Startup Time": 0.073,
                                                    "Actual Total Time": 299.996,
                                                    "Actual Rows": 2759014,
                                                    "Actual Loops": 1
                                                }
                                            ]
                                        },
                                        {
                                            "Node Type": "Hash",
                                            "Parent Relationship": "Inner",
                                            "Parallel Aware": true,
                                            "Startup Cost": 394797.49,
                                            "Total Cost": 394797.49,
                                            "Plan Rows": 259218,
                                            "Plan Width": 8,
                                            "Actual Startup Time": 1314.269,
                                            "Actual Total Time": 1314.273,
                                            "Actual Rows": 260068,
                                            "Actual Loops": 6,
                                            "Output": [
                                                "t.id",
                                                "ci.movie_id"
                                            ],
                                            "Hash Buckets": 2097152,
                                            "Original Hash Buckets": 2097152,
                                            "Hash Batches": 1,
                                            "Original Hash Batches": 1,
                                            "Peak Memory Usage": 77536,
                                            "Workers": [
                                                {
                                                    "Worker Number": 0,
                                                    "Actual Startup Time": 1314.688,
                                                    "Actual Total Time": 1314.691,
                                                    "Actual Rows": 208451,
                                                    "Actual Loops": 1
                                                },
                                                {
                                                    "Worker Number": 1,
                                                    "Actual Startup Time": 1314.703,
                                                    "Actual Total Time": 1314.707,
                                                    "Actual Rows": 205452,
                                                    "Actual Loops": 1
                                                },
                                                {
                                                    "Worker Number": 2,
                                                    "Actual Startup Time": 1315.136,
                                                    "Actual Total Time": 1315.138,
                                                    "Actual Rows": 205756,
                                                    "Actual Loops": 1
                                                },
                                                {
                                                    "Worker Number": 3,
                                                    "Actual Startup Time": 1315.088,
                                                    "Actual Total Time": 1315.092,
                                                    "Actual Rows": 300527,
                                                    "Actual Loops": 1
                                                },
                                                {
                                                    "Worker Number": 4,
                                                    "Actual Startup Time": 1315.584,
                                                    "Actual Total Time": 1315.587,
                                                    "Actual Rows": 305159,
                                                    "Actual Loops": 1
                                                }
                                            ],
                                            "Plans": [
                                                {
                                                    "Node Type": "Hash Join",
                                                    "Parent Relationship": "Outer",
                                                    "Parallel Aware": true,
                                                    "Join Type": "Inner",
                                                    "Startup Cost": 46575.77,
                                                    "Total Cost": 394797.49,
                                                    "Plan Rows": 259218,
                                                    "Plan Width": 8,
                                                    "Actual Startup Time": 105.84,
                                                    "Actual Total Time": 1209.269,
                                                    "Actual Rows": 260068,
                                                    "Actual Loops": 6,
                                                    "Output": [
                                                        "t.id",
                                                        "ci.movie_id"
                                                    ],
                                                    "Inner Unique": true,
                                                    "Hash Cond": "(ci.movie_id = t.id)",
                                                    "Workers": [
                                                        {
                                                            "Worker Number": 0,
                                                            "Actual Startup Time": 105.857,
                                                            "Actual Total Time": 1215.106,
                                                            "Actual Rows": 208451,
                                                            "Actual Loops": 1
                                                        },
                                                        {
                                                            "Worker Number": 1,
                                                            "Actual Startup Time": 105.785,
                                                            "Actual Total Time": 1214.397,
                                                            "Actual Rows": 205452,
                                                            "Actual Loops": 1
                                                        },
                                                        {
                                                            "Worker Number": 2,
                                                            "Actual Startup Time": 105.747,
                                                            "Actual Total Time": 1216.802,
                                                            "Actual Rows": 205756,
                                                            "Actual Loops": 1
                                                        },
                                                        {
                                                            "Worker Number": 3,
                                                            "Actual Startup Time": 105.91,
                                                            "Actual Total Time": 1202.227,
                                                            "Actual Rows": 300527,
                                                            "Actual Loops": 1
                                                        },
                                                        {
                                                            "Worker Number": 4,
                                                            "Actual Startup Time": 105.901,
                                                            "Actual Total Time": 1205.276,
                                                            "Actual Rows": 305159,
                                                            "Actual Loops": 1
                                                        }
                                                    ],
                                                    "Plans": [
                                                        {
                                                            "Node Type": "Seq Scan",
                                                            "Parent Relationship": "Outer",
                                                            "Parallel Aware": true,
                                                            "Relation Name": "cast_info",
                                                            "Schema": "public",
                                                            "Alias": "ci",
                                                            "Startup Cost": 0.0,
                                                            "Total Cost": 343318.94,
                                                            "Plan Rows": 1867721,
                                                            "Plan Width": 4,
                                                            "Actual Startup Time": 0.025,
                                                            "Actual Total Time": 750.898,
                                                            "Actual Rows": 2222757,
                                                            "Actual Loops": 6,
                                                            "Output": [
                                                                "ci.id",
                                                                "ci.person_id",
                                                                "ci.movie_id",
                                                                "ci.person_role_id",
                                                                "ci.note",
                                                                "ci.nr_order",
                                                                "ci.role_id"
                                                            ],
                                                            "Filter": "((ci.person_id < 1653523) AND (ci.role_id < 4))",
                                                            "Rows Removed by Filter": 3817967,
                                                            "Workers": [
                                                                {
                                                                    "Worker Number": 0,
                                                                    "Actual Startup Time": 0.032,
                                                                    "Actual Total Time": 762.543,
                                                                    "Actual Rows": 1751691,
                                                                    "Actual Loops": 1
                                                                },
                                                                {
                                                                    "Worker Number": 1,
                                                                    "Actual Startup Time": 0.029,
                                                                    "Actual Total Time": 761.253,
                                                                    "Actual Rows": 1741662,
                                                                    "Actual Loops": 1
                                                                },
                                                                {
                                                                    "Worker Number": 2,
                                                                    "Actual Startup Time": 0.028,
                                                                    "Actual Total Time": 768.914,
                                                                    "Actual Rows": 1760840,
                                                                    "Actual Loops": 1
                                                                },
                                                                {
                                                                    "Worker Number": 3,
                                                                    "Actual Startup Time": 0.028,
                                                                    "Actual Total Time": 737.523,
                                                                    "Actual Rows": 2578354,
                                                                    "Actual Loops": 1
                                                                },
                                                                {
                                                                    "Worker Number": 4,
                                                                    "Actual Startup Time": 0.027,
                                                                    "Actual Total Time": 746.996,
                                                                    "Actual Rows": 2616480,
                                                                    "Actual Loops": 1
                                                                }
                                                            ]
                                                        },
                                                        {
                                                            "Node Type": "Hash",
                                                            "Parent Relationship": "Inner",
                                                            "Parallel Aware": true,
                                                            "Startup Cost": 45479.21,
                                                            "Total Cost": 45479.21,
                                                            "Plan Rows": 87725,
                                                            "Plan Width": 4,
                                                            "Actual Startup Time": 105.111,
                                                            "Actual Total Time": 105.112,
                                                            "Actual Rows": 44212,
                                                            "Actual Loops": 6,
                                                            "Output": [
                                                                "t.id"
                                                            ],
                                                            "Hash Buckets": 524288,
                                                            "Original Hash Buckets": 524288,
                                                            "Hash Batches": 1,
                                                            "Original Hash Batches": 1,
                                                            "Peak Memory Usage": 14592,
                                                            "Workers": [
                                                                {
                                                                    "Worker Number": 0,
                                                                    "Actual Startup Time": 105.541,
                                                                    "Actual Total Time": 105.542,
                                                                    "Actual Rows": 33759,
                                                                    "Actual Loops": 1
                                                                },
                                                                {
                                                                    "Worker Number": 1,
                                                                    "Actual Startup Time": 105.59,
                                                                    "Actual Total Time": 105.591,
                                                                    "Actual Rows": 33992,
                                                                    "Actual Loops": 1
                                                                },
                                                                {
                                                                    "Worker Number": 2,
                                                                    "Actual Startup Time": 105.563,
                                                                    "Actual Total Time": 105.564,
                                                                    "Actual Rows": 33863,
                                                                    "Actual Loops": 1
                                                                },
                                                                {
                                                                    "Worker Number": 3,
                                                                    "Actual Startup Time": 105.556,
                                                                    "Actual Total Time": 105.557,
                                                                    "Actual Rows": 50106,
                                                                    "Actual Loops": 1
                                                                },
                                                                {
                                                                    "Worker Number": 4,
                                                                    "Actual Startup Time": 105.622,
                                                                    "Actual Total Time": 105.623,
                                                                    "Actual Rows": 49293,
                                                                    "Actual Loops": 1
                                                                }
                                                            ],
                                                            "Plans": [
                                                                {
                                                                    "Node Type": "Seq Scan",
                                                                    "Parent Relationship": "Outer",
                                                                    "Parallel Aware": true,
                                                                    "Relation Name": "title",
                                                                    "Schema": "public",
                                                                    "Alias": "t",
                                                                    "Startup Cost": 0.0,
                                                                    "Total Cost": 45479.21,
                                                                    "Plan Rows": 87725,
                                                                    "Plan Width": 4,
                                                                    "Actual Startup Time": 44.672,
                                                                    "Actual Total Time": 85.066,
                                                                    "Actual Rows": 44212,
                                                                    "Actual Loops": 6,
                                                                    "Output": [
                                                                        "t.id"
                                                                    ],
                                                                    "Filter": "((t.production_year > 2001) AND (t.kind_id = 1))",
                                                                    "Rows Removed by Filter": 377173,
                                                                    "Workers": [
                                                                        {
                                                                            "Worker Number": 0,
                                                                            "Actual Startup Time": 52.51,
                                                                            "Actual Total Time": 86.008,
                                                                            "Actual Rows": 33759,
                                                                            "Actual Loops": 1
                                                                        },
                                                                        {
                                                                            "Worker Number": 1,
                                                                            "Actual Startup Time": 52.96,
                                                                            "Actual Total Time": 85.966,
                                                                            "Actual Rows": 33992,
                                                                            "Actual Loops": 1
                                                                        },
                                                                        {
                                                                            "Worker Number": 2,
                                                                            "Actual Startup Time": 52.753,
                                                                            "Actual Total Time": 86.545,
                                                                            "Actual Rows": 33863,
                                                                            "Actual Loops": 1
                                                                        },
                                                                        {
                                                                            "Worker Number": 3,
                                                                            "Actual Startup Time": 52.389,
                                                                            "Actual Total Time": 84.304,
                                                                            "Actual Rows": 50106,
                                                                            "Actual Loops": 1
                                                                        },
                                                                        {
                                                                            "Worker Number": 4,
                                                                            "Actual Startup Time": 52.796,
                                                                            "Actual Total Time": 84.802,
                                                                            "Actual Rows": 49293,
                                                                            "Actual Loops": 1
                                                                        }
                                                                    ]
                                                                }
                                                            ]
                                                        }
                                                    ]
                                                }
                                            ]
                                        }
                                    ]
                                }
                            ]
                        }
                    ]
                }
            ]
        },
        "Planning Time": 180.492,
        "Triggers": [],
        "Execution Time": 3484.392
    }
]