[
  {
    "Plan": {
      "Node Type": "Aggregate",
      "Strategy": "Plain",
      "Partial Mode": "Finalize",
      "Parallel Aware": false,
      "Startup Cost": 270038.12,
      "Total Cost": 270038.13,
      "Plan Rows": 1,
      "Plan Width": 8,
      "Actual Startup Time": 571.153,
      "Actual Total Time": 605.234,
      "Actual Rows": 1,
      "Actual Loops": 1,
      "Plans": [
        {
          "Node Type": "Gather",
          "Parent Relationship": "Outer",
          "Parallel Aware": false,
          "Startup Cost": 270037.49,
          "Total Cost": 270038.1,
          "Plan Rows": 6,
          "Plan Width": 8,
          "Actual Startup Time": 565.533,
          "Actual Total Time": 605.219,
          "Actual Rows": 7,
          "Actual Loops": 1,
          "Workers Planned": 6,
          "Workers Launched": 6,
          "Single Copy": false,
          "Plans": [
            {
              "Node Type": "Aggregate",
              "Strategy": "Plain",
              "Partial Mode": "Partial",
              "Parent Relationship": "Outer",
              "Parallel Aware": false,
              "Startup Cost": 269037.49,
              "Total Cost": 269037.5,
              "Plan Rows": 1,
              "Plan Width": 8,
              "Actual Startup Time": 554.561,
              "Actual Total Time": 554.689,
              "Actual Rows": 1,
              "Actual Loops": 7,
              "Plans": [
                {
                  "Node Type": "Hash Join",
                  "Parent Relationship": "Outer",
                  "Parallel Aware": true,
                  "Join Type": "Inner",
                  "Startup Cost": 65149.62,
                  "Total Cost": 268862.73,
                  "Plan Rows": 69907,
                  "Plan Width": 0,
                  "Actual Startup Time": 410.437,
                  "Actual Total Time": 550.404,
                  "Actual Rows": 92832,
                  "Actual Loops": 7,
                  "Inner Unique": false,
                  "Hash Cond": "(ci.movie_id = t.id)",
                  "Plans": [
                    {
                      "Node Type": "Index Scan",
                      "Parent Relationship": "Outer",
                      "Parallel Aware": true,
                      "Scan Direction": "Forward",
                      "Index Name": "role_id_cast_info",
                      "Relation Name": "cast_info",
                      "Alias": "ci",
                      "Startup Cost": 0.56,
                      "Total Cost": 201884.69,
                      "Plan Rows": 441124,
                      "Plan Width": 4,
                      "Actual Startup Time": 160.329,
                      "Actual Total Time": 227.467,
                      "Actual Rows": 308080,
                      "Actual Loops": 7,
                      "Index Cond": "(role_id = 2)",
                      "Rows Removed by Index Recheck": 0,
                      "Filter": "(person_id > 2420653)",
                      "Rows Removed by Filter": 756487
                    },
                    {
                      "Node Type": "Hash",
                      "Parent Relationship": "Inner",
                      "Parallel Aware": true,
                      "Startup Cost": 63896.9,
                      "Total Cost": 63896.9,
                      "Plan Rows": 100172,
                      "Plan Width": 8,
                      "Actual Startup Time": 248.33,
                      "Actual Total Time": 248.456,
                      "Actual Rows": 62387,
                      "Actual Loops": 7,
                      "Hash Buckets": 524288,
                      "Original Hash Buckets": 524288,
                      "Hash Batches": 1,
                      "Original Hash Batches": 1,
                      "Peak Memory Usage": 21312,
                      "Plans": [
                        {
                          "Node Type": "Hash Join",
                          "Parent Relationship": "Outer",
                          "Parallel Aware": true,
                          "Join Type": "Inner",
                          "Startup Cost": 17494.62,
                          "Total Cost": 63896.9,
                          "Plan Rows": 100172,
                          "Plan Width": 8,
                          "Actual Startup Time": 65.136,
                          "Actual Total Time": 220.43,
                          "Actual Rows": 62387,
                          "Actual Loops": 7,
                          "Inner Unique": false,
                          "Hash Cond": "(t.id = mi_idx.movie_id)",
                          "Plans": [
                            {
                              "Node Type": "Seq Scan",
                              "Parent Relationship": "Outer",
                              "Parallel Aware": true,
                              "Relation Name": "title",
                              "Alias": "t",
                              "Startup Cost": 0.0,
                              "Total Cost": 43899.32,
                              "Plan Rows": 556152,
                              "Plan Width": 4,
                              "Actual Startup Time": 0.024,
                              "Actual Total Time": 74.18,
                              "Actual Rows": 317796,
                              "Actual Loops": 7,
                              "Filter": "(production_year < 2012)",
                              "Rows Removed by Filter": 43392
                            },
                            {
                              "Node Type": "Hash",
                              "Parent Relationship": "Inner",
                              "Parallel Aware": true,
                              "Startup Cost": 15122.68,
                              "Total Cost": 15122.68,
                              "Plan Rows": 189755,
                              "Plan Width": 4,
                              "Actual Startup Time": 64.351,
                              "Actual Total Time": 64.353,
                              "Actual Rows": 65704,
                              "Actual Loops": 7,
                              "Hash Buckets": 524288,
                              "Original Hash Buckets": 524288,
                              "Hash Batches": 1,
                              "Original Hash Batches": 1,
                              "Peak Memory Usage": 22176,
                              "Plans": [
                                {
                                  "Node Type": "Seq Scan",
                                  "Parent Relationship": "Outer",
                                  "Parallel Aware": true,
                                  "Relation Name": "movie_info_idx",
                                  "Alias": "mi_idx",
                                  "Startup Cost": 0.0,
                                  "Total Cost": 15122.68,
                                  "Plan Rows": 189755,
                                  "Plan Width": 4,
                                  "Actual Startup Time": 0.056,
                                  "Actual Total Time": 32.772,
                                  "Actual Rows": 65704,
                                  "Actual Loops": 7,
                                  "Filter": "(info_type_id = 99)",
                                  "Rows Removed by Filter": 131444
                                }
                              ]
                            }
                          ]
                        }
                      ]
                    }
                  ]
                }
              ]
            }
          ]
        }
      ]
    },
    "Planning Time": 0.549,
    "Triggers": [],
    "Execution Time": 605.29
  }
]