{
  "Plan": {
    "Node Type": "Aggregate",
    "Strategy": "Plain",
    "Partial Mode": "Simple",
    "Parallel Aware": false,
    "Startup Cost": 41462.65,
    "Total Cost": 41462.66,
    "Plan Rows": 1,
    "Plan Width": 8,
    "Actual Startup Time": 67.532,
    "Actual Total Time": 67.535,
    "Actual Rows": 1,
    "Actual Loops": 1,
    "Plans": [
      {
        "Node Type": "Hash Join",
        "Parent Relationship": "Outer",
        "Parallel Aware": false,
        "Join Type": "Inner",
        "Startup Cost": 40402.93,
        "Total Cost": 41462.63,
        "Plan Rows": 9,
        "Plan Width": 0,
        "Actual Startup Time": 67.406,
        "Actual Total Time": 67.528,
        "Actual Rows": 24,
        "Actual Loops": 1,
        "Inner Unique": true,
        "Hash Cond": "(ci.movie_id = t.id)",
        "Plans": [
          {
            "Node Type": "Index Scan",
            "Parent Relationship": "Outer",
            "Parallel Aware": false,
            "Scan Direction": "Forward",
            "Index Name": "person_id_cast_info",
            "Relation Name": "cast_info",
            "Alias": "ci",
            "Startup Cost": 0.56,
            "Total Cost": 1059.67,
            "Plan Rows": 225,
            "Plan Width": 4,
            "Actual Startup Time": 0.191,
            "Actual Total Time": 0.254,
            "Actual Rows": 369,
            "Actual Loops": 1,
            "Index Cond": "(person_id = 882457)",
            "Rows Removed by Index Recheck": 0,
            "Filter": "(role_id > 2)",
            "Rows Removed by Filter": 1
          },
          {
            "Node Type": "Hash",
            "Parent Relationship": "Inner",
            "Parallel Aware": false,
            "Startup Cost": 39124.53,
            "Total Cost": 39124.53,
            "Plan Rows": 102227,
            "Plan Width": 4,
            "Actual Startup Time": 67.01,
            "Actual Total Time": 67.01,
            "Actual Rows": 100537,
            "Actual Loops": 1,
            "Hash Buckets": 131072,
            "Original Hash Buckets": 131072,
            "Hash Batches": 1,
            "Original Hash Batches": 1,
            "Peak Memory Usage": 4559,
            "Plans": [
              {
                "Node Type": "Bitmap Heap Scan",
                "Parent Relationship": "Outer",
                "Parallel Aware": false,
                "Relation Name": "title",
                "Alias": "t",
                "Startup Cost": 1848.69,
                "Total Cost": 39124.53,
                "Plan Rows": 102227,
                "Plan Width": 4,
                "Actual Startup Time": 17.725,
                "Actual Total Time": 52.781,
                "Actual Rows": 100537,
                "Actual Loops": 1,
                "Recheck Cond": "(kind_id = 3)",
                "Rows Removed by Index Recheck": 0,
                "Exact Heap Blocks": 12707,
                "Lossy Heap Blocks": 0,
                "Plans": [
                  {
                    "Node Type": "Bitmap Index Scan",
                    "Parent Relationship": "Outer",
                    "Parallel Aware": false,
                    "Index Name": "kind_id_title",
                    "Startup Cost": 0.0,
                    "Total Cost": 1823.13,
                    "Plan Rows": 102227,
                    "Plan Width": 0,
                    "Actual Startup Time": 13.315,
                    "Actual Total Time": 13.316,
                    "Actual Rows": 100537,
                    "Actual Loops": 1,
                    "Index Cond": "(kind_id = 3)"
                  }
                ]
              }
            ]
          }
        ]
      }
    ]
  },
  "Planning Time": 0.69,
  "Triggers": [],
  "Execution Time": 67.628
}