[
    {
        "Bao": {
            "Bao prediction": 479.153,
            "Bao recommended hint": "(no hint)"
        }
    },
    {
        "Plan": {
            "Node Type": "Aggregate",
            "Strategy": "Plain",
            "Partial Mode": "Finalize",
            "Parallel Aware": false,
            "Startup Cost": 348182.49,
            "Total Cost": 348182.5,
            "Plan Rows": 1,
            "Plan Width": 8,
            "Actual Startup Time": 977.301,
            "Actual Total Time": 1011.956,
            "Actual Rows": 1,
            "Actual Loops": 1,
            "Output": [
                "count(*)"
            ],
            "Plans": [
                {
                    "Node Type": "Gather",
                    "Parent Relationship": "Outer",
                    "Parallel Aware": false,
                    "Startup Cost": 348181.86,
                    "Total Cost": 348182.47,
                    "Plan Rows": 6,
                    "Plan Width": 8,
                    "Actual Startup Time": 977.216,
                    "Actual Total Time": 1011.948,
                    "Actual Rows": 7,
                    "Actual Loops": 1,
                    "Output": [
                        "(PARTIAL count(*))"
                    ],
                    "Workers Planned": 6,
                    "Workers Launched": 6,
                    "Single Copy": false,
                    "Plans": [
                        {
                            "Node Type": "Aggregate",
                            "Strategy": "Plain",
                            "Partial Mode": "Partial",
                            "Parent Relationship": "Outer",
                            "Parallel Aware": false,
                            "Startup Cost": 347181.86,
                            "Total Cost": 347181.88,
                            "Plan Rows": 1,
                            "Plan Width": 8,
                            "Actual Startup Time": 967.616,
                            "Actual Total Time": 967.617,
                            "Actual Rows": 1,
                            "Actual Loops": 7,
                            "Output": [
                                "PARTIAL count(*)"
                            ],
                            "Workers": [
                                {
                                    "Worker Number": 0,
                                    "Actual Startup Time": 965.656,
                                    "Actual Total Time": 965.657,
                                    "Actual Rows": 1,
                                    "Actual Loops": 1
                                },
                                {
                                    "Worker Number": 1,
                                    "Actual Startup Time": 965.769,
                                    "Actual Total Time": 965.77,
                                    "Actual Rows": 1,
                                    "Actual Loops": 1
                                },
                                {
                                    "Worker Number": 2,
                                    "Actual Startup Time": 966.255,
                                    "Actual Total Time": 966.256,
                                    "Actual Rows": 1,
                                    "Actual Loops": 1
                                },
                                {
                                    "Worker Number": 3,
                                    "Actual Startup Time": 966.258,
                                    "Actual Total Time": 966.259,
                                    "Actual Rows": 1,
                                    "Actual Loops": 1
                                },
                                {
                                    "Worker Number": 4,
                                    "Actual Startup Time": 966.511,
                                    "Actual Total Time": 966.513,
                                    "Actual Rows": 1,
                                    "Actual Loops": 1
                                },
                                {
                                    "Worker Number": 5,
                                    "Actual Startup Time": 966.522,
                                    "Actual Total Time": 966.523,
                                    "Actual Rows": 1,
                                    "Actual Loops": 1
                                }
                            ],
                            "Plans": [
                                {
                                    "Node Type": "Seq Scan",
                                    "Parent Relationship": "Outer",
                                    "Parallel Aware": true,
                                    "Relation Name": "cast_info",
                                    "Schema": "public",
                                    "Alias": "ci",
                                    "Startup Cost": 0.0,
                                    "Total Cost": 343318.94,
                                    "Plan Rows": 1545170,
                                    "Plan Width": 0,
                                    "Actual Startup Time": 443.864,
                                    "Actual Total Time": 854.752,
                                    "Actual Rows": 1694538,
                                    "Actual Loops": 7,
                                    "Output": [
                                        "id",
                                        "person_id",
                                        "movie_id",
                                        "person_role_id",
                                        "note",
                                        "nr_order",
                                        "role_id"
                                    ],
                                    "Filter": "((ci.person_id > 1499598) AND (ci.role_id > 2))",
                                    "Rows Removed by Filter": 3483226,
                                    "Workers": [
                                        {
                                            "Worker Number": 0,
                                            "Actual Startup Time": 441.894,
                                            "Actual Total Time": 856.183,
                                            "Actual Rows": 1648181,
                                            "Actual Loops": 1
                                        },
                                        {
                                            "Worker Number": 1,
                                            "Actual Startup Time": 442.022,
                                            "Actual Total Time": 855.998,
                                            "Actual Rows": 1651334,
                                            "Actual Loops": 1
                                        },
                                        {
                                            "Worker Number": 2,
                                            "Actual Startup Time": 442.504,
                                            "Actual Total Time": 856.57,
                                            "Actual Rows": 1651202,
                                            "Actual Loops": 1
                                        },
                                        {
                                            "Worker Number": 3,
                                            "Actual Startup Time": 442.514,
                                            "Actual Total Time": 856.637,
                                            "Actual Rows": 1650227,
                                            "Actual Loops": 1
                                        },
                                        {
                                            "Worker Number": 4,
                                            "Actual Startup Time": 442.758,
                                            "Actual Total Time": 856.246,
                                            "Actual Rows": 1659743,
                                            "Actual Loops": 1
                                        },
                                        {
                                            "Worker Number": 5,
                                            "Actual Startup Time": 442.785,
                                            "Actual Total Time": 856.754,
                                            "Actual Rows": 1636859,
                                            "Actual Loops": 1
                                        }
                                    ]
                                }
                            ]
                        }
                    ]
                }
            ]
        },
        "Planning Time": 1480.356,
        "Triggers": [],
        "Execution Time": 1012.038
    }
]