[
  {
    "Plan": {
      "Node Type": "Aggregate",
      "Strategy": "Plain",
      "Partial Mode": "Finalize",
      "Parallel Aware": false,
      "Startup Cost": 480946.95,
      "Total Cost": 480946.96,
      "Plan Rows": 1,
      "Plan Width": 8,
      "Actual Startup Time": 4584.802,
      "Actual Total Time": 4643.709,
      "Actual Rows": 1,
      "Actual Loops": 1,
      "Plans": [
        {
          "Node Type": "Gather",
          "Parent Relationship": "Outer",
          "Parallel Aware": false,
          "Startup Cost": 480946.32,
          "Total Cost": 480946.93,
          "Plan Rows": 6,
          "Plan Width": 8,
          "Actual Startup Time": 4549.177,
          "Actual Total Time": 4643.696,
          "Actual Rows": 7,
          "Actual Loops": 1,
          "Workers Planned": 6,
          "Workers Launched": 6,
          "Single Copy": false,
          "Plans": [
            {
              "Node Type": "Aggregate",
              "Strategy": "Plain",
              "Partial Mode": "Partial",
              "Parent Relationship": "Outer",
              "Parallel Aware": false,
              "Startup Cost": 479946.32,
              "Total Cost": 479946.33,
              "Plan Rows": 1,
              "Plan Width": 8,
              "Actual Startup Time": 4529.104,
              "Actual Total Time": 4529.538,
              "Actual Rows": 1,
              "Actual Loops": 7,
              "Plans": [
                {
                  "Node Type": "Hash Join",
                  "Parent Relationship": "Outer",
                  "Parallel Aware": true,
                  "Join Type": "Inner",
                  "Startup Cost": 106553.77,
                  "Total Cost": 463493.17,
                  "Plan Rows": 6581260,
                  "Plan Width": 0,
                  "Actual Startup Time": 498.282,
                  "Actual Total Time": 3739.507,
                  "Actual Rows": 19216774,
                  "Actual Loops": 7,
                  "Inner Unique": false,
                  "Hash Cond": "(ci.movie_id = t.id)",
                  "Plans": [
                    {
                      "Node Type": "Seq Scan",
                      "Parent Relationship": "Outer",
                      "Parallel Aware": true,
                      "Relation Name": "cast_info",
                      "Alias": "ci",
                      "Startup Cost": 0.0,
                      "Total Cost": 313067.02,
                      "Plan Rows": 6038002,
                      "Plan Width": 4,
                      "Actual Startup Time": 0.02,
                      "Actual Total Time": 521.677,
                      "Actual Rows": 5177763,
                      "Actual Loops": 7
                    },
                    {
                      "Node Type": "Hash",
                      "Parent Relationship": "Inner",
                      "Parallel Aware": true,
                      "Startup Cost": 95441.78,
                      "Total Cost": 95441.78,
                      "Plan Rows": 888959,
                      "Plan Width": 8,
                      "Actual Startup Time": 491.675,
                      "Actual Total Time": 492.108,
                      "Actual Rows": 346471,
                      "Actual Loops": 7,
                      "Hash Buckets": 4194304,
                      "Original Hash Buckets": 4194304,
                      "Hash Batches": 1,
                      "Original Hash Batches": 1,
                      "Peak Memory Usage": 127776,
                      "Plans": [
                        {
                          "Node Type": "Hash Join",
                          "Parent Relationship": "Outer",
                          "Parallel Aware": true,
                          "Join Type": "Inner",
                          "Startup Cost": 49386.14,
                          "Total Cost": 95441.78,
                          "Plan Rows": 888959,
                          "Plan Width": 8,
                          "Actual Startup Time": 197.004,
                          "Actual Total Time": 375.368,
                          "Actual Rows": 346471,
                          "Actual Loops": 7,
                          "Inner Unique": true,
                          "Hash Cond": "(mk.movie_id = t.id)",
                          "Plans": [
                            {
                              "Node Type": "Seq Scan",
                              "Parent Relationship": "Outer",
                              "Parallel Aware": true,
                              "Relation Name": "movie_keyword",
                              "Alias": "mk",
                              "Startup Cost": 0.0,
                              "Total Cost": 42695.65,
                              "Plan Rows": 1279990,
                              "Plan Width": 4,
                              "Actual Startup Time": 0.035,
                              "Actual Total Time": 81.86,
                              "Actual Rows": 568624,
                              "Actual Loops": 7,
                              "Filter": "(keyword_id < 33798)",
                              "Rows Removed by Filter": 77652
                            },
                            {
                              "Node Type": "Hash",
                              "Parent Relationship": "Inner",
                              "Parallel Aware": true,
                              "Startup Cost": 43898.92,
                              "Total Cost": 43898.92,
                              "Plan Rows": 438978,
                              "Plan Width": 4,
                              "Actual Startup Time": 195.146,
                              "Actual Total Time": 195.147,
                              "Actual Rows": 249862,
                              "Actual Loops": 7,
                              "Hash Buckets": 2097152,
                              "Original Hash Buckets": 2097152,
                              "Hash Batches": 1,
                              "Original Hash Batches": 1,
                              "Peak Memory Usage": 84864,
                              "Plans": [
                                {
                                  "Node Type": "Seq Scan",
                                  "Parent Relationship": "Outer",
                                  "Parallel Aware": true,
                                  "Relation Name": "title",
                                  "Alias": "t",
                                  "Startup Cost": 0.0,
                                  "Total Cost": 43898.92,
                                  "Plan Rows": 438978,
                                  "Plan Width": 4,
                                  "Actual Startup Time": 0.04,
                                  "Actual Total Time": 82.083,
                                  "Actual Rows": 249862,
                                  "Actual Loops": 7,
                                  "Filter": "(production_year > 1990)",
                                  "Rows Removed by Filter": 111326
                                }
                              ]
                            }
                          ]
                        }
                      ]
                    }
                  ]
                }
              ]
            }
          ]
        }
      ]
    },
    "Planning Time": 1.255,
    "Triggers": [],
    "Execution Time": 4643.802
  }
]