[
  {
    "Plan": {
      "Node Type": "Aggregate",
      "Strategy": "Plain",
      "Partial Mode": "Finalize",
      "Parallel Aware": false,
      "Startup Cost": 287772.94,
      "Total Cost": 287772.95,
      "Plan Rows": 1,
      "Plan Width": 8,
      "Actual Startup Time": 132.06,
      "Actual Total Time": 140.57,
      "Actual Rows": 1,
      "Actual Loops": 1,
      "Plans": [
        {
          "Node Type": "Gather",
          "Parent Relationship": "Outer",
          "Parallel Aware": false,
          "Startup Cost": 287772.31,
          "Total Cost": 287772.92,
          "Plan Rows": 6,
          "Plan Width": 8,
          "Actual Startup Time": 131.306,
          "Actual Total Time": 140.557,
          "Actual Rows": 7,
          "Actual Loops": 1,
          "Workers Planned": 6,
          "Workers Launched": 6,
          "Single Copy": false,
          "Plans": [
            {
              "Node Type": "Aggregate",
              "Strategy": "Plain",
              "Partial Mode": "Partial",
              "Parent Relationship": "Outer",
              "Parallel Aware": false,
              "Startup Cost": 286772.31,
              "Total Cost": 286772.32,
              "Plan Rows": 1,
              "Plan Width": 8,
              "Actual Startup Time": 122.435,
              "Actual Total Time": 122.438,
              "Actual Rows": 1,
              "Actual Loops": 7,
              "Plans": [
                {
                  "Node Type": "Bitmap Heap Scan",
                  "Parent Relationship": "Outer",
                  "Parallel Aware": true,
                  "Relation Name": "cast_info",
                  "Alias": "ci",
                  "Startup Cost": 30413.58,
                  "Total Cost": 286569.73,
                  "Plan Rows": 81032,
                  "Plan Width": 0,
                  "Actual Startup Time": 41.769,
                  "Actual Total Time": 112.488,
                  "Actual Rows": 146341,
                  "Actual Loops": 7,
                  "Recheck Cond": "(person_id < 143124)",
                  "Rows Removed by Index Recheck": 0,
                  "Filter": "(role_id < 2)",
                  "Rows Removed by Filter": 57255,
                  "Exact Heap Blocks": 4219,
                  "Lossy Heap Blocks": 0,
                  "Plans": [
                    {
                      "Node Type": "Bitmap Index Scan",
                      "Parent Relationship": "Outer",
                      "Parallel Aware": false,
                      "Index Name": "person_id_cast_info",
                      "Startup Cost": 0.0,
                      "Total Cost": 30292.03,
                      "Plan Rows": 1387662,
                      "Plan Width": 0,
                      "Actual Startup Time": 47.717,
                      "Actual Total Time": 47.718,
                      "Actual Rows": 1425172,
                      "Actual Loops": 1,
                      "Index Cond": "(person_id < 143124)"
                    }
                  ]
                }
              ]
            }
          ]
        }
      ]
    },
    "Planning Time": 0.115,
    "Triggers": [],
    "Execution Time": 140.608
  }
]