[
  {
    "Plan": {
      "Node Type": "Aggregate",
      "Strategy": "Plain",
      "Partial Mode": "Finalize",
      "Parallel Aware": false,
      "Startup Cost": 515341.76,
      "Total Cost": 515341.77,
      "Plan Rows": 1,
      "Plan Width": 8,
      "Actual Startup Time": 6044.512,
      "Actual Total Time": 6115.648,
      "Actual Rows": 1,
      "Actual Loops": 1,
      "Plans": [
        {
          "Node Type": "Gather",
          "Parent Relationship": "Outer",
          "Parallel Aware": false,
          "Startup Cost": 515341.14,
          "Total Cost": 515341.75,
          "Plan Rows": 6,
          "Plan Width": 8,
          "Actual Startup Time": 5990.78,
          "Actual Total Time": 6115.627,
          "Actual Rows": 7,
          "Actual Loops": 1,
          "Workers Planned": 6,
          "Workers Launched": 6,
          "Single Copy": false,
          "Plans": [
            {
              "Node Type": "Aggregate",
              "Strategy": "Plain",
              "Partial Mode": "Partial",
              "Parent Relationship": "Outer",
              "Parallel Aware": false,
              "Startup Cost": 514341.14,
              "Total Cost": 514341.15,
              "Plan Rows": 1,
              "Plan Width": 8,
              "Actual Startup Time": 5955.243,
              "Actual Total Time": 5956.748,
              "Actual Rows": 1,
              "Actual Loops": 7,
              "Plans": [
                {
                  "Node Type": "Hash Join",
                  "Parent Relationship": "Outer",
                  "Parallel Aware": true,
                  "Join Type": "Inner",
                  "Startup Cost": 114203.24,
                  "Total Cost": 491576.67,
                  "Plan Rows": 9105787,
                  "Plan Width": 0,
                  "Actual Startup Time": 860.948,
                  "Actual Total Time": 4822.071,
                  "Actual Rows": 25861504,
                  "Actual Loops": 7,
                  "Inner Unique": false,
                  "Hash Cond": "(ci.movie_id = t.id)",
                  "Plans": [
                    {
                      "Node Type": "Seq Scan",
                      "Parent Relationship": "Outer",
                      "Parallel Aware": true,
                      "Relation Name": "cast_info",
                      "Alias": "ci",
                      "Startup Cost": 0.0,
                      "Total Cost": 328211.39,
                      "Plan Rows": 5276942,
                      "Plan Width": 4,
                      "Actual Startup Time": 59.063,
                      "Actual Total Time": 679.355,
                      "Actual Rows": 4498694,
                      "Actual Loops": 7,
                      "Filter": "(person_id > 461148)",
                      "Rows Removed by Filter": 679069
                    },
                    {
                      "Node Type": "Hash",
                      "Parent Relationship": "Inner",
                      "Parallel Aware": true,
                      "Startup Cost": 96610.52,
                      "Total Cost": 96610.52,
                      "Plan Rows": 1407418,
                      "Plan Width": 8,
                      "Actual Startup Time": 790.676,
                      "Actual Total Time": 792.151,
                      "Actual Rows": 622881,
                      "Actual Loops": 7,
                      "Hash Buckets": 8388608,
                      "Original Hash Buckets": 8388608,
                      "Hash Batches": 1,
                      "Original Hash Batches": 1,
                      "Peak Memory Usage": 236256,
                      "Plans": [
                        {
                          "Node Type": "Hash Join",
                          "Parent Relationship": "Outer",
                          "Parallel Aware": true,
                          "Join Type": "Inner",
                          "Startup Cost": 50220.38,
                          "Total Cost": 96610.52,
                          "Plan Rows": 1407418,
                          "Plan Width": 8,
                          "Actual Startup Time": 299.72,
                          "Actual Total Time": 540.077,
                          "Actual Rows": 622881,
                          "Actual Loops": 7,
                          "Inner Unique": true,
                          "Hash Cond": "(mk.movie_id = t.id)",
                          "Plans": [
                            {
                              "Node Type": "Seq Scan",
                              "Parent Relationship": "Outer",
                              "Parallel Aware": true,
                              "Relation Name": "movie_keyword",
                              "Alias": "mk",
                              "Startup Cost": 0.0,
                              "Total Cost": 42695.65,
                              "Plan Rows": 1407418,
                              "Plan Width": 4,
                              "Actual Startup Time": 0.048,
                              "Actual Total Time": 97.088,
                              "Actual Rows": 622881,
                              "Actual Loops": 7,
                              "Filter": "(keyword_id > 117)",
                              "Rows Removed by Filter": 23394
                            },
                            {
                              "Node Type": "Hash",
                              "Parent Relationship": "Inner",
                              "Parallel Aware": true,
                              "Startup Cost": 42319.06,
                              "Total Cost": 42319.06,
                              "Plan Rows": 632106,
                              "Plan Width": 4,
                              "Actual Startup Time": 295.317,
                              "Actual Total Time": 295.32,
                              "Actual Rows": 361187,
                              "Actual Loops": 7,
                              "Hash Buckets": 4194304,
                              "Original Hash Buckets": 4194304,
                              "Hash Batches": 1,
                              "Original Hash Batches": 1,
                              "Peak Memory Usage": 131776,
                              "Plans": [
                                {
                                  "Node Type": "Seq Scan",
                                  "Parent Relationship": "Outer",
                                  "Parallel Aware": true,
                                  "Relation Name": "title",
                                  "Alias": "t",
                                  "Startup Cost": 0.0,
                                  "Total Cost": 42319.06,
                                  "Plan Rows": 632106,
                                  "Plan Width": 4,
                                  "Actual Startup Time": 0.065,
                                  "Actual Total Time": 84.715,
                                  "Actual Rows": 361187,
                                  "Actual Loops": 7
                                }
                              ]
                            }
                          ]
                        }
                      ]
                    }
                  ]
                }
              ]
            }
          ]
        }
      ]
    },
    "Planning Time": 1.21,
    "Triggers": [],
    "Execution Time": 6115.739
  }
]