[
  {
    "Plan": {
      "Node Type": "Aggregate",
      "Strategy": "Plain",
      "Partial Mode": "Finalize",
      "Parallel Aware": false,
      "Startup Cost": 25457.26,
      "Total Cost": 25457.27,
      "Plan Rows": 1,
      "Plan Width": 8,
      "Actual Startup Time": 69.711,
      "Actual Total Time": 72.031,
      "Actual Rows": 1,
      "Actual Loops": 1,
      "Plans": [
        {
          "Node Type": "Gather",
          "Parent Relationship": "Outer",
          "Parallel Aware": false,
          "Startup Cost": 25456.95,
          "Total Cost": 25457.26,
          "Plan Rows": 3,
          "Plan Width": 8,
          "Actual Startup Time": 69.585,
          "Actual Total Time": 72.022,
          "Actual Rows": 4,
          "Actual Loops": 1,
          "Workers Planned": 3,
          "Workers Launched": 3,
          "Single Copy": false,
          "Plans": [
            {
              "Node Type": "Aggregate",
              "Strategy": "Plain",
              "Partial Mode": "Partial",
              "Parent Relationship": "Outer",
              "Parallel Aware": false,
              "Startup Cost": 24456.95,
              "Total Cost": 24456.96,
              "Plan Rows": 1,
              "Plan Width": 8,
              "Actual Startup Time": 61.139,
              "Actual Total Time": 61.14,
              "Actual Rows": 1,
              "Actual Loops": 4,
              "Plans": [
                {
                  "Node Type": "Bitmap Heap Scan",
                  "Parent Relationship": "Outer",
                  "Parallel Aware": true,
                  "Relation Name": "movie_companies",
                  "Alias": "mc",
                  "Startup Cost": 4557.19,
                  "Total Cost": 24370.36,
                  "Plan Rows": 34633,
                  "Plan Width": 0,
                  "Actual Startup Time": 24.451,
                  "Actual Total Time": 56.585,
                  "Actual Rows": 51679,
                  "Actual Loops": 4,
                  "Recheck Cond": "(company_id > 111507)",
                  "Rows Removed by Index Recheck": 0,
                  "Filter": "(company_type_id = 2)",
                  "Rows Removed by Filter": 0,
                  "Exact Heap Blocks": 2166,
                  "Lossy Heap Blocks": 0,
                  "Plans": [
                    {
                      "Node Type": "Bitmap Index Scan",
                      "Parent Relationship": "Outer",
                      "Parallel Aware": false,
                      "Index Name": "company_id_movie_companies",
                      "Startup Cost": 0.0,
                      "Total Cost": 4530.35,
                      "Plan Rows": 211456,
                      "Plan Width": 0,
                      "Actual Startup Time": 30.602,
                      "Actual Total Time": 30.603,
                      "Actual Rows": 206715,
                      "Actual Loops": 1,
                      "Index Cond": "(company_id > 111507)"
                    }
                  ]
                }
              ]
            }
          ]
        }
      ]
    },
    "Planning Time": 0.248,
    "Triggers": [],
    "Execution Time": 72.12
  }
]