[
  {
    "Plan": {
      "Node Type": "Aggregate",
      "Strategy": "Plain",
      "Partial Mode": "Finalize",
      "Parallel Aware": false,
      "Startup Cost": 107493.61,
      "Total Cost": 107493.62,
      "Plan Rows": 1,
      "Plan Width": 8,
      "Actual Startup Time": 568.716,
      "Actual Total Time": 585.719,
      "Actual Rows": 1,
      "Actual Loops": 1,
      "Plans": [
        {
          "Node Type": "Gather",
          "Parent Relationship": "Outer",
          "Parallel Aware": false,
          "Startup Cost": 107493.39,
          "Total Cost": 107493.6,
          "Plan Rows": 2,
          "Plan Width": 8,
          "Actual Startup Time": 562.536,
          "Actual Total Time": 585.71,
          "Actual Rows": 3,
          "Actual Loops": 1,
          "Workers Planned": 2,
          "Workers Launched": 2,
          "Single Copy": false,
          "Plans": [
            {
              "Node Type": "Aggregate",
              "Strategy": "Plain",
              "Partial Mode": "Partial",
              "Parent Relationship": "Outer",
              "Parallel Aware": false,
              "Startup Cost": 106493.39,
              "Total Cost": 106493.4,
              "Plan Rows": 1,
              "Plan Width": 8,
              "Actual Startup Time": 552.407,
              "Actual Total Time": 552.753,
              "Actual Rows": 1,
              "Actual Loops": 3,
              "Plans": [
                {
                  "Node Type": "Hash Join",
                  "Parent Relationship": "Outer",
                  "Parallel Aware": true,
                  "Join Type": "Inner",
                  "Startup Cost": 90350.09,
                  "Total Cost": 106361.6,
                  "Plan Rows": 52717,
                  "Plan Width": 0,
                  "Actual Startup Time": 447.507,
                  "Actual Total Time": 533.44,
                  "Actual Rows": 507386,
                  "Actual Loops": 3,
                  "Inner Unique": false,
                  "Hash Cond": "(mi_idx.movie_id = t.id)",
                  "Plans": [
                    {
                      "Node Type": "Seq Scan",
                      "Parent Relationship": "Outer",
                      "Parallel Aware": true,
                      "Relation Name": "movie_info_idx",
                      "Alias": "mi_idx",
                      "Startup Cost": 0.0,
                      "Total Cost": 13685.15,
                      "Plan Rows": 575015,
                      "Plan Width": 4,
                      "Actual Startup Time": 0.026,
                      "Actual Total Time": 34.494,
                      "Actual Rows": 460012,
                      "Actual Loops": 3
                    },
                    {
                      "Node Type": "Hash",
                      "Parent Relationship": "Inner",
                      "Parallel Aware": true,
                      "Startup Cost": 89415.44,
                      "Total Cost": 89415.44,
                      "Plan Rows": 74772,
                      "Plan Width": 8,
                      "Actual Startup Time": 412.628,
                      "Actual Total Time": 412.973,
                      "Actual Rows": 194952,
                      "Actual Loops": 3,
                      "Hash Buckets": 1048576,
                      "Original Hash Buckets": 262144,
                      "Hash Batches": 1,
                      "Original Hash Batches": 1,
                      "Peak Memory Usage": 37280,
                      "Plans": [
                        {
                          "Node Type": "Hash Join",
                          "Parent Relationship": "Outer",
                          "Parallel Aware": true,
                          "Join Type": "Inner",
                          "Startup Cost": 45971.59,
                          "Total Cost": 89415.44,
                          "Plan Rows": 74772,
                          "Plan Width": 8,
                          "Actual Startup Time": 211.606,
                          "Actual Total Time": 354.37,
                          "Actual Rows": 194952,
                          "Actual Loops": 3,
                          "Inner Unique": true,
                          "Hash Cond": "(mk.movie_id = t.id)",
                          "Plans": [
                            {
                              "Node Type": "Seq Scan",
                              "Parent Relationship": "Outer",
                              "Parallel Aware": true,
                              "Relation Name": "movie_keyword",
                              "Alias": "mk",
                              "Startup Cost": 0.0,
                              "Total Cost": 42695.65,
                              "Plan Rows": 285027,
                              "Plan Width": 4,
                              "Actual Startup Time": 1.94,
                              "Actual Total Time": 114.599,
                              "Actual Rows": 293802,
                              "Actual Loops": 3,
                              "Filter": "(keyword_id > 20934)",
                              "Rows Removed by Filter": 1214175
                            },
                            {
                              "Node Type": "Hash",
                              "Parent Relationship": "Inner",
                              "Parallel Aware": true,
                              "Startup Cost": 43898.92,
                              "Total Cost": 43898.92,
                              "Plan Rows": 165814,
                              "Plan Width": 4,
                              "Actual Startup Time": 177.821,
                              "Actual Total Time": 177.822,
                              "Actual Rows": 220942,
                              "Actual Loops": 3,
                              "Hash Buckets": 1048576,
                              "Original Hash Buckets": 1048576,
                              "Hash Batches": 1,
                              "Original Hash Batches": 1,
                              "Peak Memory Usage": 34176,
                              "Plans": [
                                {
                                  "Node Type": "Seq Scan",
                                  "Parent Relationship": "Outer",
                                  "Parallel Aware": true,
                                  "Relation Name": "title",
                                  "Alias": "t",
                                  "Startup Cost": 0.0,
                                  "Total Cost": 43898.92,
                                  "Plan Rows": 165814,
                                  "Plan Width": 4,
                                  "Actual Startup Time": 44.255,
                                  "Actual Total Time": 111.652,
                                  "Actual Rows": 220942,
                                  "Actual Loops": 3,
                                  "Filter": "(kind_id = 1)",
                                  "Rows Removed by Filter": 621829
                                }
                              ]
                            }
                          ]
                        }
                      ]
                    }
                  ]
                }
              ]
            }
          ]
        }
      ]
    },
    "Planning Time": 1.33,
    "Triggers": [],
    "Execution Time": 585.8
  }
]