{
  "Plan": {
    "Node Type": "Aggregate",
    "Strategy": "Plain",
    "Partial Mode": "Finalize",
    "Parallel Aware": false,
    "Startup Cost": 1024373.08,
    "Total Cost": 1024373.09,
    "Plan Rows": 1,
    "Plan Width": 8,
    "Actual Startup Time": 17053.397,
    "Actual Total Time": 17268.868,
    "Actual Rows": 1,
    "Actual Loops": 1,
    "Plans": [
      {
        "Node Type": "Gather",
        "Parent Relationship": "Outer",
        "Parallel Aware": false,
        "Startup Cost": 1024372.96,
        "Total Cost": 1024373.07,
        "Plan Rows": 1,
        "Plan Width": 8,
        "Actual Startup Time": 17012.14,
        "Actual Total Time": 17268.856,
        "Actual Rows": 2,
        "Actual Loops": 1,
        "Workers Planned": 1,
        "Workers Launched": 1,
        "Single Copy": false,
        "Plans": [
          {
            "Node Type": "Aggregate",
            "Strategy": "Plain",
            "Partial Mode": "Partial",
            "Parent Relationship": "Outer",
            "Parallel Aware": false,
            "Startup Cost": 1023372.96,
            "Total Cost": 1023372.97,
            "Plan Rows": 1,
            "Plan Width": 8,
            "Actual Startup Time": 16977.473,
            "Actual Total Time": 16980.592,
            "Actual Rows": 1,
            "Actual Loops": 2,
            "Plans": [
              {
                "Node Type": "Hash Join",
                "Parent Relationship": "Outer",
                "Parallel Aware": true,
                "Join Type": "Inner",
                "Startup Cost": 774092.4,
                "Total Cost": 978022.85,
                "Plan Rows": 18140047,
                "Plan Width": 0,
                "Actual Startup Time": 14419.644,
                "Actual Total Time": 16344.026,
                "Actual Rows": 16241240,
                "Actual Loops": 2,
                "Inner Unique": false,
                "Hash Cond": "(mk.movie_id = t.id)",
                "Plans": [
                  {
                    "Node Type": "Seq Scan",
                    "Parent Relationship": "Outer",
                    "Parallel Aware": true,
                    "Relation Name": "movie_keyword",
                    "Alias": "mk",
                    "Startup Cost": 0.0,
                    "Total Cost": 57718.19,
                    "Plan Rows": 1859111,
                    "Plan Width": 4,
                    "Actual Startup Time": 0.02,
                    "Actual Total Time": 205.521,
                    "Actual Rows": 1577586,
                    "Actual Loops": 2,
                    "Filter": "(keyword_id < 12200)",
                    "Rows Removed by Filter": 684380
                  },
                  {
                    "Node Type": "Hash",
                    "Parent Relationship": "Inner",
                    "Parallel Aware": true,
                    "Startup Cost": 592698.97,
                    "Total Cost": 592698.97,
                    "Plan Rows": 14511474,
                    "Plan Width": 8,
                    "Actual Startup Time": 14323.67,
                    "Actual Total Time": 14326.787,
                    "Actual Rows": 12739408,
                    "Actual Loops": 2,
                    "Hash Buckets": 33554432,
                    "Original Hash Buckets": 33554432,
                    "Hash Batches": 1,
                    "Original Hash Batches": 1,
                    "Peak Memory Usage": 1258912,
                    "Plans": [
                      {
                        "Node Type": "Hash Join",
                        "Parent Relationship": "Outer",
                        "Parallel Aware": true,
                        "Join Type": "Inner",
                        "Startup Cost": 70965.62,
                        "Total Cost": 592698.97,
                        "Plan Rows": 14511474,
                        "Plan Width": 8,
                        "Actual Startup Time": 502.564,
                        "Actual Total Time": 9469.619,
                        "Actual Rows": 12739408,
                        "Actual Loops": 2,
                        "Inner Unique": true,
                        "Hash Cond": "(ci.movie_id = t.id)",
                        "Plans": [
                          {
                            "Node Type": "Seq Scan",
                            "Parent Relationship": "Outer",
                            "Parallel Aware": true,
                            "Relation Name": "cast_info",
                            "Alias": "ci",
                            "Startup Cost": 0.0,
                            "Total Cost": 465792.95,
                            "Plan Rows": 21310595,
                            "Plan Width": 4,
                            "Actual Startup Time": 0.024,
                            "Actual Total Time": 1549.614,
                            "Actual Rows": 18122172,
                            "Actual Loops": 2
                          },
                          {
                            "Node Type": "Hash",
                            "Parent Relationship": "Inner",
                            "Parallel Aware": true,
                            "Startup Cost": 58306.47,
                            "Total Cost": 58306.47,
                            "Plan Rows": 1012732,
                            "Plan Width": 4,
                            "Actual Startup Time": 496.876,
                            "Actual Total Time": 496.877,
                            "Actual Rows": 899948,
                            "Actual Loops": 2,
                            "Hash Buckets": 2097152,
                            "Original Hash Buckets": 2097152,
                            "Hash Batches": 1,
                            "Original Hash Batches": 1,
                            "Peak Memory Usage": 86848,
                            "Plans": [
                              {
                                "Node Type": "Seq Scan",
                                "Parent Relationship": "Outer",
                                "Parallel Aware": true,
                                "Relation Name": "title",
                                "Alias": "t",
                                "Startup Cost": 0.0,
                                "Total Cost": 58306.47,
                                "Plan Rows": 1012732,
                                "Plan Width": 4,
                                "Actual Startup Time": 0.06,
                                "Actual Total Time": 214.419,
                                "Actual Rows": 899948,
                                "Actual Loops": 2,
                                "Filter": "((kind_id > 1) AND (production_year > 1933))",
                                "Rows Removed by Filter": 364208
                              }
                            ]
                          }
                        ]
                      }
                    ]
                  }
                ]
              }
            ]
          }
        ]
      }
    ]
  },
  "Planning Time": 0.915,
  "Triggers": [],
  "Execution Time": 17268.957
}