[
  {
    "Plan": {
      "Node Type": "Aggregate",
      "Strategy": "Plain",
      "Partial Mode": "Finalize",
      "Parallel Aware": false,
      "Startup Cost": 338107.37,
      "Total Cost": 338107.38,
      "Plan Rows": 1,
      "Plan Width": 8,
      "Actual Startup Time": 528.469,
      "Actual Total Time": 552.2,
      "Actual Rows": 1,
      "Actual Loops": 1,
      "Plans": [
        {
          "Node Type": "Gather",
          "Parent Relationship": "Outer",
          "Parallel Aware": false,
          "Startup Cost": 338106.74,
          "Total Cost": 338107.35,
          "Plan Rows": 6,
          "Plan Width": 8,
          "Actual Startup Time": 505.44,
          "Actual Total Time": 552.19,
          "Actual Rows": 7,
          "Actual Loops": 1,
          "Workers Planned": 6,
          "Workers Launched": 6,
          "Single Copy": false,
          "Plans": [
            {
              "Node Type": "Aggregate",
              "Strategy": "Plain",
              "Partial Mode": "Partial",
              "Parent Relationship": "Outer",
              "Parallel Aware": false,
              "Startup Cost": 337106.74,
              "Total Cost": 337106.75,
              "Plan Rows": 1,
              "Plan Width": 8,
              "Actual Startup Time": 491.104,
              "Actual Total Time": 491.109,
              "Actual Rows": 1,
              "Actual Loops": 7,
              "Plans": [
                {
                  "Node Type": "Hash Join",
                  "Parent Relationship": "Outer",
                  "Parallel Aware": true,
                  "Join Type": "Inner",
                  "Startup Cost": 80403.91,
                  "Total Cost": 336537.12,
                  "Plan Rows": 227849,
                  "Plan Width": 0,
                  "Actual Startup Time": 317.551,
                  "Actual Total Time": 479.43,
                  "Actual Rows": 200824,
                  "Actual Loops": 7,
                  "Inner Unique": true,
                  "Hash Cond": "(ci.movie_id = t.id)",
                  "Plans": [
                    {
                      "Node Type": "Bitmap Heap Scan",
                      "Parent Relationship": "Outer",
                      "Parallel Aware": true,
                      "Relation Name": "cast_info",
                      "Alias": "ci",
                      "Startup Cost": 30183.53,
                      "Total Cost": 285718.64,
                      "Plan Rows": 227849,
                      "Plan Width": 4,
                      "Actual Startup Time": 51.405,
                      "Actual Total Time": 96.852,
                      "Actual Rows": 200824,
                      "Actual Loops": 7,
                      "Recheck Cond": "(person_id < 141149)",
                      "Rows Removed by Index Recheck": 0,
                      "Exact Heap Blocks": 2887,
                      "Lossy Heap Blocks": 0,
                      "Plans": [
                        {
                          "Node Type": "Bitmap Index Scan",
                          "Parent Relationship": "Outer",
                          "Parallel Aware": false,
                          "Index Name": "person_id_cast_info",
                          "Startup Cost": 0.0,
                          "Total Cost": 29841.76,
                          "Plan Rows": 1367092,
                          "Plan Width": 0,
                          "Actual Startup Time": 49.055,
                          "Actual Total Time": 49.064,
                          "Actual Rows": 1405769,
                          "Actual Loops": 1,
                          "Index Cond": "(person_id < 141149)"
                        }
                      ]
                    },
                    {
                      "Node Type": "Hash",
                      "Parent Relationship": "Inner",
                      "Parallel Aware": true,
                      "Startup Cost": 42319.06,
                      "Total Cost": 42319.06,
                      "Plan Rows": 632106,
                      "Plan Width": 4,
                      "Actual Startup Time": 261.417,
                      "Actual Total Time": 261.418,
                      "Actual Rows": 361187,
                      "Actual Loops": 7,
                      "Hash Buckets": 4194304,
                      "Original Hash Buckets": 4194304,
                      "Hash Batches": 1,
                      "Original Hash Batches": 1,
                      "Peak Memory Usage": 131744,
                      "Plans": [
                        {
                          "Node Type": "Seq Scan",
                          "Parent Relationship": "Outer",
                          "Parallel Aware": true,
                          "Relation Name": "title",
                          "Alias": "t",
                          "Startup Cost": 0.0,
                          "Total Cost": 42319.06,
                          "Plan Rows": 632106,
                          "Plan Width": 4,
                          "Actual Startup Time": 0.046,
                          "Actual Total Time": 79.497,
                          "Actual Rows": 361187,
                          "Actual Loops": 7
                        }
                      ]
                    }
                  ]
                }
              ]
            }
          ]
        }
      ]
    },
    "Planning Time": 0.508,
    "Triggers": [],
    "Execution Time": 552.25
  }
]