[
  {
    "Plan": {
      "Node Type": "Aggregate",
      "Strategy": "Plain",
      "Partial Mode": "Finalize",
      "Parallel Aware": false,
      "Startup Cost": 338130.95,
      "Total Cost": 338130.96,
      "Plan Rows": 1,
      "Plan Width": 8,
      "Actual Startup Time": 482.678,
      "Actual Total Time": 498.267,
      "Actual Rows": 1,
      "Actual Loops": 1,
      "Plans": [
        {
          "Node Type": "Gather",
          "Parent Relationship": "Outer",
          "Parallel Aware": false,
          "Startup Cost": 338130.32,
          "Total Cost": 338130.93,
          "Plan Rows": 6,
          "Plan Width": 8,
          "Actual Startup Time": 475.38,
          "Actual Total Time": 498.26,
          "Actual Rows": 7,
          "Actual Loops": 1,
          "Workers Planned": 6,
          "Workers Launched": 6,
          "Single Copy": false,
          "Plans": [
            {
              "Node Type": "Aggregate",
              "Strategy": "Plain",
              "Partial Mode": "Partial",
              "Parent Relationship": "Outer",
              "Parallel Aware": false,
              "Startup Cost": 337130.32,
              "Total Cost": 337130.33,
              "Plan Rows": 1,
              "Plan Width": 8,
              "Actual Startup Time": 458.863,
              "Actual Total Time": 458.866,
              "Actual Rows": 1,
              "Actual Loops": 7,
              "Plans": [
                {
                  "Node Type": "Hash Join",
                  "Parent Relationship": "Outer",
                  "Parallel Aware": true,
                  "Join Type": "Inner",
                  "Startup Cost": 80426.3,
                  "Total Cost": 336560.53,
                  "Plan Rows": 227916,
                  "Plan Width": 0,
                  "Actual Startup Time": 298.006,
                  "Actual Total Time": 449.11,
                  "Actual Rows": 200824,
                  "Actual Loops": 7,
                  "Inner Unique": true,
                  "Hash Cond": "(ci.movie_id = t.id)",
                  "Plans": [
                    {
                      "Node Type": "Bitmap Heap Scan",
                      "Parent Relationship": "Outer",
                      "Parallel Aware": true,
                      "Relation Name": "cast_info",
                      "Alias": "ci",
                      "Startup Cost": 30206.66,
                      "Total Cost": 285742.61,
                      "Plan Rows": 227916,
                      "Plan Width": 4,
                      "Actual Startup Time": 52.738,
                      "Actual Total Time": 89.116,
                      "Actual Rows": 200824,
                      "Actual Loops": 7,
                      "Recheck Cond": "(person_id < 141149)",
                      "Rows Removed by Index Recheck": 0,
                      "Exact Heap Blocks": 2510,
                      "Lossy Heap Blocks": 0,
                      "Plans": [
                        {
                          "Node Type": "Bitmap Index Scan",
                          "Parent Relationship": "Outer",
                          "Parallel Aware": false,
                          "Index Name": "person_id_cast_info",
                          "Startup Cost": 0.0,
                          "Total Cost": 29864.78,
                          "Plan Rows": 1367496,
                          "Plan Width": 0,
                          "Actual Startup Time": 50.296,
                          "Actual Total Time": 50.296,
                          "Actual Rows": 1405769,
                          "Actual Loops": 1,
                          "Index Cond": "(person_id < 141149)"
                        }
                      ]
                    },
                    {
                      "Node Type": "Hash",
                      "Parent Relationship": "Inner",
                      "Parallel Aware": true,
                      "Startup Cost": 42318.73,
                      "Total Cost": 42318.73,
                      "Plan Rows": 632073,
                      "Plan Width": 4,
                      "Actual Startup Time": 240.339,
                      "Actual Total Time": 240.339,
                      "Actual Rows": 361187,
                      "Actual Loops": 7,
                      "Hash Buckets": 4194304,
                      "Original Hash Buckets": 4194304,
                      "Hash Batches": 1,
                      "Original Hash Batches": 1,
                      "Peak Memory Usage": 131776,
                      "Plans": [
                        {
                          "Node Type": "Seq Scan",
                          "Parent Relationship": "Outer",
                          "Parallel Aware": true,
                          "Relation Name": "title",
                          "Alias": "t",
                          "Startup Cost": 0.0,
                          "Total Cost": 42318.73,
                          "Plan Rows": 632073,
                          "Plan Width": 4,
                          "Actual Startup Time": 0.038,
                          "Actual Total Time": 71.172,
                          "Actual Rows": 361187,
                          "Actual Loops": 7
                        }
                      ]
                    }
                  ]
                }
              ]
            }
          ]
        }
      ]
    },
    "Planning Time": 0.314,
    "Triggers": [],
    "Execution Time": 498.32
  }
]