[
  {
    "Plan": {
      "Node Type": "Aggregate",
      "Strategy": "Plain",
      "Partial Mode": "Finalize",
      "Parallel Aware": false,
      "Startup Cost": 266154.54,
      "Total Cost": 266154.55,
      "Plan Rows": 1,
      "Plan Width": 8,
      "Actual Startup Time": 2849.438,
      "Actual Total Time": 2897.692,
      "Actual Rows": 1,
      "Actual Loops": 1,
      "Plans": [
        {
          "Node Type": "Gather",
          "Parent Relationship": "Outer",
          "Parallel Aware": false,
          "Startup Cost": 266154.22,
          "Total Cost": 266154.53,
          "Plan Rows": 3,
          "Plan Width": 8,
          "Actual Startup Time": 2847.39,
          "Actual Total Time": 2897.681,
          "Actual Rows": 4,
          "Actual Loops": 1,
          "Workers Planned": 3,
          "Workers Launched": 3,
          "Single Copy": false,
          "Plans": [
            {
              "Node Type": "Aggregate",
              "Strategy": "Plain",
              "Partial Mode": "Partial",
              "Parent Relationship": "Outer",
              "Parallel Aware": false,
              "Startup Cost": 265154.22,
              "Total Cost": 265154.23,
              "Plan Rows": 1,
              "Plan Width": 8,
              "Actual Startup Time": 2840.765,
              "Actual Total Time": 2840.768,
              "Actual Rows": 1,
              "Actual Loops": 4,
              "Plans": [
                {
                  "Node Type": "Nested Loop",
                  "Parent Relationship": "Outer",
                  "Parallel Aware": false,
                  "Join Type": "Inner",
                  "Startup Cost": 62167.72,
                  "Total Cost": 264219.86,
                  "Plan Rows": 373744,
                  "Plan Width": 0,
                  "Actual Startup Time": 221.869,
                  "Actual Total Time": 2548.538,
                  "Actual Rows": 6481652,
                  "Actual Loops": 4,
                  "Inner Unique": false,
                  "Plans": [
                    {
                      "Node Type": "Hash Join",
                      "Parent Relationship": "Outer",
                      "Parallel Aware": true,
                      "Join Type": "Inner",
                      "Startup Cost": 62167.28,
                      "Total Cost": 89930.63,
                      "Plan Rows": 63652,
                      "Plan Width": 8,
                      "Actual Startup Time": 221.691,
                      "Actual Total Time": 322.871,
                      "Actual Rows": 88551,
                      "Actual Loops": 4,
                      "Inner Unique": true,
                      "Hash Cond": "(mk.movie_id = t.id)",
                      "Plans": [
                        {
                          "Node Type": "Bitmap Heap Scan",
                          "Parent Relationship": "Outer",
                          "Parallel Aware": true,
                          "Relation Name": "movie_keyword",
                          "Alias": "mk",
                          "Startup Cost": 14389.09,
                          "Total Cost": 41578.09,
                          "Plan Rows": 218800,
                          "Plan Width": 4,
                          "Actual Startup Time": 49.416,
                          "Actual Total Time": 101.966,
                          "Actual Rows": 169194,
                          "Actual Loops": 4,
                          "Recheck Cond": "(keyword_id > 27677)",
                          "Rows Removed by Index Recheck": 0,
                          "Exact Heap Blocks": 6435,
                          "Lossy Heap Blocks": 0,
                          "Plans": [
                            {
                              "Node Type": "Bitmap Index Scan",
                              "Parent Relationship": "Outer",
                              "Parallel Aware": false,
                              "Index Name": "keyword_id_movie_keyword",
                              "Startup Cost": 0.0,
                              "Total Cost": 14219.52,
                              "Plan Rows": 678279,
                              "Plan Width": 0,
                              "Actual Startup Time": 45.881,
                              "Actual Total Time": 45.882,
                              "Actual Rows": 676774,
                              "Actual Loops": 1,
                              "Index Cond": "(keyword_id > 27677)"
                            }
                          ]
                        },
                        {
                          "Node Type": "Hash",
                          "Parent Relationship": "Inner",
                          "Parallel Aware": true,
                          "Startup Cost": 45479.59,
                          "Total Cost": 45479.59,
                          "Plan Rows": 183888,
                          "Plan Width": 4,
                          "Actual Startup Time": 168.619,
                          "Actual Total Time": 168.619,
                          "Actual Rows": 158978,
                          "Actual Loops": 4,
                          "Hash Buckets": 1048576,
                          "Original Hash Buckets": 1048576,
                          "Hash Batches": 1,
                          "Original Hash Batches": 1,
                          "Peak Memory Usage": 33120,
                          "Plans": [
                            {
                              "Node Type": "Seq Scan",
                              "Parent Relationship": "Outer",
                              "Parallel Aware": true,
                              "Relation Name": "title",
                              "Alias": "t",
                              "Startup Cost": 0.0,
                              "Total Cost": 45479.59,
                              "Plan Rows": 183888,
                              "Plan Width": 4,
                              "Actual Startup Time": 0.036,
                              "Actual Total Time": 107.815,
                              "Actual Rows": 158978,
                              "Actual Loops": 4,
                              "Filter": "((kind_id < 7) AND (production_year > 1984))",
                              "Rows Removed by Filter": 473100
                            }
                          ]
                        }
                      ]
                    },
                    {
                      "Node Type": "Index Only Scan",
                      "Parent Relationship": "Inner",
                      "Parallel Aware": false,
                      "Scan Direction": "Forward",
                      "Index Name": "movie_id_movie_info",
                      "Relation Name": "movie_info",
                      "Alias": "mi",
                      "Startup Cost": 0.43,
                      "Total Cost": 2.33,
                      "Plan Rows": 41,
                      "Plan Width": 4,
                      "Actual Startup Time": 0.004,
                      "Actual Total Time": 0.02,
                      "Actual Rows": 73,
                      "Actual Loops": 354204,
                      "Index Cond": "(movie_id = t.id)",
                      "Rows Removed by Index Recheck": 0,
                      "Heap Fetches": 25926607
                    }
                  ]
                }
              ]
            }
          ]
        }
      ]
    },
    "Planning Time": 0.677,
    "Triggers": [],
    "Execution Time": 2897.774
  }
]