[
  {
    "Plan": {
      "Node Type": "Aggregate",
      "Strategy": "Plain",
      "Partial Mode": "Finalize",
      "Parallel Aware": false,
      "Startup Cost": 76793.54,
      "Total Cost": 76793.55,
      "Plan Rows": 1,
      "Plan Width": 8,
      "Actual Startup Time": 229.806,
      "Actual Total Time": 247.69,
      "Actual Rows": 1,
      "Actual Loops": 1,
      "Plans": [
        {
          "Node Type": "Gather",
          "Parent Relationship": "Outer",
          "Parallel Aware": false,
          "Startup Cost": 76793.12,
          "Total Cost": 76793.53,
          "Plan Rows": 4,
          "Plan Width": 8,
          "Actual Startup Time": 229.1,
          "Actual Total Time": 247.681,
          "Actual Rows": 5,
          "Actual Loops": 1,
          "Workers Planned": 4,
          "Workers Launched": 4,
          "Single Copy": false,
          "Plans": [
            {
              "Node Type": "Aggregate",
              "Strategy": "Plain",
              "Partial Mode": "Partial",
              "Parent Relationship": "Outer",
              "Parallel Aware": false,
              "Startup Cost": 75793.12,
              "Total Cost": 75793.13,
              "Plan Rows": 1,
              "Plan Width": 8,
              "Actual Startup Time": 218.332,
              "Actual Total Time": 218.335,
              "Actual Rows": 1,
              "Actual Loops": 5,
              "Plans": [
                {
                  "Node Type": "Hash Join",
                  "Parent Relationship": "Outer",
                  "Parallel Aware": true,
                  "Join Type": "Inner",
                  "Startup Cost": 30026.75,
                  "Total Cost": 75667.69,
                  "Plan Rows": 50171,
                  "Plan Width": 0,
                  "Actual Startup Time": 90.839,
                  "Actual Total Time": 217.267,
                  "Actual Rows": 18565,
                  "Actual Loops": 5,
                  "Inner Unique": false,
                  "Hash Cond": "(t.id = mc.movie_id)",
                  "Plans": [
                    {
                      "Node Type": "Seq Scan",
                      "Parent Relationship": "Outer",
                      "Parallel Aware": true,
                      "Relation Name": "title",
                      "Alias": "t",
                      "Startup Cost": 0.0,
                      "Total Cost": 42318.73,
                      "Plan Rows": 632073,
                      "Plan Width": 4,
                      "Actual Startup Time": 0.01,
                      "Actual Total Time": 64.871,
                      "Actual Rows": 505662,
                      "Actual Loops": 5
                    },
                    {
                      "Node Type": "Hash",
                      "Parent Relationship": "Inner",
                      "Parallel Aware": true,
                      "Startup Cost": 29217.54,
                      "Total Cost": 29217.54,
                      "Plan Rows": 64737,
                      "Plan Width": 4,
                      "Actual Startup Time": 88.737,
                      "Actual Total Time": 88.739,
                      "Actual Rows": 18565,
                      "Actual Loops": 5,
                      "Hash Buckets": 262144,
                      "Original Hash Buckets": 262144,
                      "Hash Batches": 1,
                      "Original Hash Batches": 1,
                      "Peak Memory Usage": 5728,
                      "Plans": [
                        {
                          "Node Type": "Bitmap Heap Scan",
                          "Parent Relationship": "Outer",
                          "Parallel Aware": true,
                          "Relation Name": "movie_companies",
                          "Alias": "mc",
                          "Startup Cost": 8515.01,
                          "Total Cost": 29217.54,
                          "Plan Rows": 64737,
                          "Plan Width": 4,
                          "Actual Startup Time": 69.486,
                          "Actual Total Time": 82.468,
                          "Actual Rows": 18565,
                          "Actual Loops": 5,
                          "Recheck Cond": "(company_id < 235)",
                          "Rows Removed by Index Recheck": 0,
                          "Filter": "(company_type_id > 1)",
                          "Rows Removed by Filter": 59635,
                          "Exact Heap Blocks": 8440,
                          "Lossy Heap Blocks": 0,
                          "Plans": [
                            {
                              "Node Type": "Bitmap Index Scan",
                              "Parent Relationship": "Outer",
                              "Parallel Aware": false,
                              "Index Name": "company_id_movie_companies",
                              "Startup Cost": 0.0,
                              "Total Cost": 8464.84,
                              "Plan Rows": 395255,
                              "Plan Width": 0,
                              "Actual Startup Time": 30.652,
                              "Actual Total Time": 30.653,
                              "Actual Rows": 390999,
                              "Actual Loops": 1,
                              "Index Cond": "(company_id < 235)"
                            }
                          ]
                        }
                      ]
                    }
                  ]
                }
              ]
            }
          ]
        }
      ]
    },
    "Planning Time": 0.682,
    "Triggers": [],
    "Execution Time": 247.794
  }
]