[
  {
    "Plan": {
      "Node Type": "Aggregate",
      "Strategy": "Plain",
      "Partial Mode": "Finalize",
      "Parallel Aware": false,
      "Startup Cost": 394219.73,
      "Total Cost": 394219.74,
      "Plan Rows": 1,
      "Plan Width": 8,
      "Actual Startup Time": 892.408,
      "Actual Total Time": 913.619,
      "Actual Rows": 1,
      "Actual Loops": 1,
      "Plans": [
        {
          "Node Type": "Gather",
          "Parent Relationship": "Outer",
          "Parallel Aware": false,
          "Startup Cost": 394219.42,
          "Total Cost": 394219.73,
          "Plan Rows": 3,
          "Plan Width": 8,
          "Actual Startup Time": 885.994,
          "Actual Total Time": 913.608,
          "Actual Rows": 4,
          "Actual Loops": 1,
          "Workers Planned": 3,
          "Workers Launched": 3,
          "Single Copy": false,
          "Plans": [
            {
              "Node Type": "Aggregate",
              "Strategy": "Plain",
              "Partial Mode": "Partial",
              "Parent Relationship": "Outer",
              "Parallel Aware": false,
              "Startup Cost": 393219.42,
              "Total Cost": 393219.43,
              "Plan Rows": 1,
              "Plan Width": 8,
              "Actual Startup Time": 876.706,
              "Actual Total Time": 877.113,
              "Actual Rows": 1,
              "Actual Loops": 4,
              "Plans": [
                {
                  "Node Type": "Hash Join",
                  "Parent Relationship": "Outer",
                  "Parallel Aware": true,
                  "Join Type": "Inner",
                  "Startup Cost": 360806.54,
                  "Total Cost": 392982.37,
                  "Plan Rows": 94819,
                  "Plan Width": 0,
                  "Actual Startup Time": 617.379,
                  "Actual Total Time": 849.411,
                  "Actual Rows": 700957,
                  "Actual Loops": 4,
                  "Inner Unique": false,
                  "Hash Cond": "(mc.movie_id = t.id)",
                  "Plans": [
                    {
                      "Node Type": "Seq Scan",
                      "Parent Relationship": "Outer",
                      "Parallel Aware": true,
                      "Relation Name": "movie_companies",
                      "Alias": "mc",
                      "Startup Cost": 0.0,
                      "Total Cost": 29310.68,
                      "Plan Rows": 721899,
                      "Plan Width": 4,
                      "Actual Startup Time": 0.118,
                      "Actual Total Time": 70.44,
                      "Actual Rows": 560413,
                      "Actual Loops": 4,
                      "Filter": "(company_id > 195)",
                      "Rows Removed by Filter": 91870
                    },
                    {
                      "Node Type": "Hash",
                      "Parent Relationship": "Inner",
                      "Parallel Aware": true,
                      "Startup Cost": 360114.7,
                      "Total Cost": 360114.7,
                      "Plan Rows": 55347,
                      "Plan Width": 8,
                      "Actual Startup Time": 614.02,
                      "Actual Total Time": 614.426,
                      "Actual Rows": 188812,
                      "Actual Loops": 4,
                      "Hash Buckets": 1048576,
                      "Original Hash Buckets": 524288,
                      "Hash Batches": 1,
                      "Original Hash Batches": 1,
                      "Peak Memory Usage": 41920,
                      "Plans": [
                        {
                          "Node Type": "Hash Join",
                          "Parent Relationship": "Outer",
                          "Parallel Aware": true,
                          "Join Type": "Inner",
                          "Startup Cost": 100909.25,
                          "Total Cost": 360114.7,
                          "Plan Rows": 55347,
                          "Plan Width": 8,
                          "Actual Startup Time": 288.313,
                          "Actual Total Time": 546.112,
                          "Actual Rows": 188812,
                          "Actual Loops": 4,
                          "Inner Unique": true,
                          "Hash Cond": "(ci.movie_id = t.id)",
                          "Plans": [
                            {
                              "Node Type": "Bitmap Heap Scan",
                              "Parent Relationship": "Outer",
                              "Parallel Aware": true,
                              "Relation Name": "cast_info",
                              "Alias": "ci",
                              "Startup Cost": 53912.12,
                              "Total Cost": 312747.07,
                              "Plan Rows": 141143,
                              "Plan Width": 4,
                              "Actual Startup Time": 100.676,
                              "Actual Total Time": 208.063,
                              "Actual Rows": 446194,
                              "Actual Loops": 4,
                              "Recheck Cond": "(person_id < 241483)",
                              "Rows Removed by Index Recheck": 0,
                              "Filter": "(role_id = 1)",
                              "Rows Removed by Filter": 176338,
                              "Exact Heap Blocks": 8126,
                              "Lossy Heap Blocks": 0,
                              "Plans": [
                                {
                                  "Node Type": "Bitmap Index Scan",
                                  "Parent Relationship": "Outer",
                                  "Parallel Aware": false,
                                  "Index Name": "person_id_cast_info",
                                  "Startup Cost": 0.0,
                                  "Total Cost": 53700.41,
                                  "Plan Rows": 2459179,
                                  "Plan Width": 0,
                                  "Actual Startup Time": 96.574,
                                  "Actual Total Time": 96.574,
                                  "Actual Rows": 2490130,
                                  "Actual Loops": 1,
                                  "Index Cond": "(person_id < 241483)"
                                }
                              ]
                            },
                            {
                              "Node Type": "Hash",
                              "Parent Relationship": "Inner",
                              "Parallel Aware": true,
                              "Startup Cost": 43898.92,
                              "Total Cost": 43898.92,
                              "Plan Rows": 247857,
                              "Plan Width": 4,
                              "Actual Startup Time": 184.432,
                              "Actual Total Time": 184.433,
                              "Actual Rows": 246262,
                              "Actual Loops": 4,
                              "Hash Buckets": 1048576,
                              "Original Hash Buckets": 1048576,
                              "Hash Batches": 1,
                              "Original Hash Batches": 1,
                              "Peak Memory Usage": 46816,
                              "Plans": [
                                {
                                  "Node Type": "Seq Scan",
                                  "Parent Relationship": "Outer",
                                  "Parallel Aware": true,
                                  "Relation Name": "title",
                                  "Alias": "t",
                                  "Startup Cost": 0.0,
                                  "Total Cost": 43898.92,
                                  "Plan Rows": 247857,
                                  "Plan Width": 4,
                                  "Actual Startup Time": 0.046,
                                  "Actual Total Time": 102.751,
                                  "Actual Rows": 246262,
                                  "Actual Loops": 4,
                                  "Filter": "(kind_id < 7)",
                                  "Rows Removed by Filter": 385816
                                }
                              ]
                            }
                          ]
                        }
                      ]
                    }
                  ]
                }
              ]
            }
          ]
        }
      ]
    },
    "Planning Time": 1.501,
    "Triggers": [],
    "Execution Time": 913.727
  }
]