{
    "Plan": {
        "Node Type": "Aggregate",
        "Strategy": "Plain",
        "Partial Mode": "Finalize",
        "Parallel Aware": false,
        "Startup Cost": 33185.53,
        "Total Cost": 33185.54,
        "Plan Rows": 1,
        "Plan Width": 8,
        "Actual Startup Time": 134.494,
        "Actual Total Time": 146.985,
        "Actual Rows": 1,
        "Actual Loops": 1,
        "Output": [
            "count(*)"
        ],
        "Plans": [
            {
                "Node Type": "Gather",
                "Parent Relationship": "Outer",
                "Parallel Aware": false,
                "Startup Cost": 33185.21,
                "Total Cost": 33185.52,
                "Plan Rows": 3,
                "Plan Width": 8,
                "Actual Startup Time": 134.132,
                "Actual Total Time": 146.976,
                "Actual Rows": 4,
                "Actual Loops": 1,
                "Output": [
                    "(PARTIAL count(*))"
                ],
                "Workers Planned": 3,
                "Workers Launched": 3,
                "Single Copy": false,
                "Plans": [
                    {
                        "Node Type": "Aggregate",
                        "Strategy": "Plain",
                        "Partial Mode": "Partial",
                        "Parent Relationship": "Outer",
                        "Parallel Aware": false,
                        "Startup Cost": 32185.21,
                        "Total Cost": 32185.22,
                        "Plan Rows": 1,
                        "Plan Width": 8,
                        "Actual Startup Time": 128.26,
                        "Actual Total Time": 128.262,
                        "Actual Rows": 1,
                        "Actual Loops": 4,
                        "Output": [
                            "PARTIAL count(*)"
                        ],
                        "Workers": [
                            {
                                "Worker Number": 0,
                                "Actual Startup Time": 124.277,
                                "Actual Total Time": 124.279,
                                "Actual Rows": 1,
                                "Actual Loops": 1
                            },
                            {
                                "Worker Number": 1,
                                "Actual Startup Time": 126.16,
                                "Actual Total Time": 126.162,
                                "Actual Rows": 1,
                                "Actual Loops": 1
                            },
                            {
                                "Worker Number": 2,
                                "Actual Startup Time": 129.083,
                                "Actual Total Time": 129.085,
                                "Actual Rows": 1,
                                "Actual Loops": 1
                            }
                        ],
                        "Plans": [
                            {
                                "Node Type": "Bitmap Heap Scan",
                                "Parent Relationship": "Outer",
                                "Parallel Aware": true,
                                "Relation Name": "movie_keyword",
                                "Schema": "public",
                                "Alias": "mk",
                                "Startup Cost": 6295.68,
                                "Total Cost": 31945.96,
                                "Plan Rows": 95702,
                                "Plan Width": 0,
                                "Actual Startup Time": 34.844,
                                "Actual Total Time": 121.536,
                                "Actual Rows": 74461,
                                "Actual Loops": 4,
                                "Recheck Cond": "(mk.keyword_id < 245)",
                                "Rows Removed by Index Recheck": 0,
                                "Exact Heap Blocks": 7633,
                                "Lossy Heap Blocks": 0,
                                "Workers": [
                                    {
                                        "Worker Number": 0,
                                        "Actual Startup Time": 31.057,
                                        "Actual Total Time": 118.427,
                                        "Actual Rows": 61075,
                                        "Actual Loops": 1
                                    },
                                    {
                                        "Worker Number": 1,
                                        "Actual Startup Time": 32.791,
                                        "Actual Total Time": 119.632,
                                        "Actual Rows": 69112,
                                        "Actual Loops": 1
                                    },
                                    {
                                        "Worker Number": 2,
                                        "Actual Startup Time": 35.672,
                                        "Actual Total Time": 122.412,
                                        "Actual Rows": 69335,
                                        "Actual Loops": 1
                                    }
                                ],
                                "Plans": [
                                    {
                                        "Node Type": "Bitmap Index Scan",
                                        "Parent Relationship": "Outer",
                                        "Parallel Aware": false,
                                        "Index Name": "keyword_id_movie_keyword",
                                        "Startup Cost": 0.0,
                                        "Total Cost": 6221.51,
                                        "Plan Rows": 296677,
                                        "Plan Width": 0,
                                        "Actual Startup Time": 34.185,
                                        "Actual Total Time": 34.185,
                                        "Actual Rows": 297845,
                                        "Actual Loops": 1,
                                        "Index Cond": "(mk.keyword_id < 245)"
                                    }
                                ]
                            }
                        ]
                    }
                ]
            }
        ]
    },
    "Planning Time": 1.15,
    "Triggers": [],
    "Execution Time": 147.174
}